<?xml version="1.0" encoding="UTF-8"?>
<testsuites name="QA_Smoke_Test" time="6084.541" tests="39" failures="0" errors="0">
   <testsuite name="QA_Smoke_Test" tests="39" failures="0" errors="0" time="6084.541" skipped="0" timestamp="2024-05-15 23:30:21" hostname="imtiaz - DESKTOP-B2QI6NS.govolution.com" id="Test Suites/QA/VLink/QA_Smoke_Test">
      <properties>
         <property name="deviceName" value=""/>
         <property name="devicePlatform" value=""/>
         <property name="logFolder" value="E:\\Cloned-Project-Katalon\\VPS-Katalon\\Reports\\20240515_233015\\QA\\VLink\\QA_Smoke_Test\\20240515_233015"/>
         <property name="logFiles" value="E:\\Cloned-Project-Katalon\\VPS-Katalon\\Reports\\20240515_233015\\QA\\VLink\\QA_Smoke_Test\\20240515_233015\\execution0.log, E:\\Cloned-Project-Katalon\\VPS-Katalon\\Reports\\20240515_233015\\QA\\VLink\\QA_Smoke_Test\\20240515_233015\\execution1.log"/>
         <property name="attachments" value=""/>
         <property name="hostName" value="imtiaz - DESKTOP-B2QI6NS.govolution.com"/>
         <property name="os" value="Windows 10 64bit"/>
         <property name="katalonVersion" value="8.6.9.208"/>
         <property name="browser" value="Chrome 124.0.0.0"/>
         <property name="hostAddress" value="172.31.253.185"/>
         <property name="sessionId" value="b3bc8b5261b7333448ec2d90d4ba08e7"/>
         <property name="seleniumVersion" value="3.141.59"/>
         <property name="proxyInformation" value="ProxyInformation { proxyOption=NO_PROXY, proxyServerType=HTTP, username=, password=********, proxyServerAddress=, proxyServerPort=0, executionList=&quot;&quot;, isApplyToDesiredCapabilities=true }"/>
         <property name="platform" value="Windows 10"/>
      </properties>
      <testcase name="Test Cases/RecAndPlayBk/VLink/AuthOnly" time="104.919" classname="Test Cases/RecAndPlayBk/VLink/AuthOnly" status="PASSED">
         <system-out><![CDATA[2024-05-15 23:30:21 - [TEST_CASE][PASSED] - Test Cases/RecAndPlayBk/VLink/AuthOnly: Test Cases/RecAndPlayBk/VLink/AuthOnly

2024-05-15 23:30:22 - [TEST_STEP][PASSED] - executionProfile = getExecutionProfile(): null

2024-05-15 23:30:22 - [TEST_STEP][PASSED] - out.println("executionProfile : " + executionProfile): null

2024-05-15 23:30:22 - [TEST_STEP][PASSED] - appName = <not implemented yet for class: org.codehaus.groovy.ast.expr.EmptyExpression>: null

2024-05-15 23:30:22 - [TEST_STEP][PASSED] - appID = <not implemented yet for class: org.codehaus.groovy.ast.expr.EmptyExpression>: null

2024-05-15 23:30:22 - [TEST_STEP][PASSED] - username = <not implemented yet for class: org.codehaus.groovy.ast.expr.EmptyExpression>: null

2024-05-15 23:30:22 - [TEST_STEP][PASSED] - password = <not implemented yet for class: org.codehaus.groovy.ast.expr.EmptyExpression>: null

2024-05-15 23:30:22 - [TEST_STEP][PASSED] - cardNameV = <not implemented yet for class: org.codehaus.groovy.ast.expr.EmptyExpression>: null

2024-05-15 23:30:22 - [TEST_STEP][PASSED] - al1V = <not implemented yet for class: org.codehaus.groovy.ast.expr.EmptyExpression>: null

2024-05-15 23:30:22 - [TEST_STEP][PASSED] - al2V = <not implemented yet for class: org.codehaus.groovy.ast.expr.EmptyExpression>: null

2024-05-15 23:30:22 - [TEST_STEP][PASSED] - zipV = <not implemented yet for class: org.codehaus.groovy.ast.expr.EmptyExpression>: null

2024-05-15 23:30:22 - [TEST_STEP][PASSED] - cardTypeV = <not implemented yet for class: org.codehaus.groovy.ast.expr.EmptyExpression>: null

2024-05-15 23:30:22 - [TEST_STEP][PASSED] - last4V = <not implemented yet for class: org.codehaus.groovy.ast.expr.EmptyExpression>: null

2024-05-15 23:30:22 - [TEST_STEP][PASSED] - resText = "Fail": null

2024-05-15 23:30:22 - [TEST_STEP][PASSED] - resColumn = "Result": null

2024-05-15 23:30:22 - [TEST_STEP][PASSED] - datCloumn = "Date": null

2024-05-15 23:30:22 - [TEST_STEP][PASSED] - fileLoc = "KatalonData/VLinkSmokeData.xlsx": null

2024-05-15 23:30:22 - [TEST_STEP][PASSED] - numOfRows = <not implemented yet for class: org.codehaus.groovy.ast.expr.EmptyExpression>: null

2024-05-15 23:30:22 - [TEST_STEP][PASSED] - dataFile = <not implemented yet for class: org.codehaus.groovy.ast.expr.EmptyExpression>: null

2024-05-15 23:30:22 - [TEST_STEP][PASSED] - nameSheet = <not implemented yet for class: org.codehaus.groovy.ast.expr.EmptyExpression>: null

2024-05-15 23:30:22 - [TEST_STEP][PASSED] - nameSheet = "Auth": null

2024-05-15 23:30:22 - [TEST_STEP][PASSED] - numOfRows = findTestData("QA/VLinkTestData/VLinkSmokeData").getRowNumbers(): null

2024-05-15 23:30:23 - [TEST_STEP][PASSED] - println("Number of Records: " + numOfRows): null

2024-05-15 23:30:23 - [TEST_STEP][PASSED] - dataFile = "QA/VLinkTestData/VLinkSmokeData": null

2024-05-15 23:30:23 - [TEST_STEP][PASSED] - for ([row = 1, row <= numOfRows, (row++)]): null

2024-05-15 23:30:23 - [TEST_STEP][PASSED] - ExecuteTC = findTestData(dataFile).getValue("Execute", row): null

2024-05-15 23:30:23 - [TEST_STEP][PASSED] - out.println("Value of Execute is : " + ExecuteTC): null

2024-05-15 23:30:23 - [TEST_STEP][PASSED] - switch (executionProfile): null

2024-05-15 23:30:23 - [TEST_STEP][PASSED] - case "QA2Profile":: null

2024-05-15 23:30:23 - [TEST_STEP][PASSED] - appID = findTestData(dataFile).getValue("AppIDQA", row): null

2024-05-15 23:30:24 - [TEST_STEP][PASSED] - username = findTestData(dataFile).getValue("UsernameQA", row): null

2024-05-15 23:30:24 - [TEST_STEP][PASSED] - password = findTestData(dataFile).getValue("PasswordQA", row): null

2024-05-15 23:30:24 - [TEST_STEP][PASSED] - break: null

2024-05-15 23:30:24 - [TEST_STEP][PASSED] - if (ExecuteTC.equalsIgnoreCase("Y")): null

2024-05-15 23:30:24 - [TEST_STEP][PASSED] - out.println("Begin Record Number: " + row): null

2024-05-15 23:30:24 - [TEST_STEP][PASSED] - today = new java.util.Date(): null

2024-05-15 23:30:24 - [TEST_STEP][PASSED] - println(today): null

2024-05-15 23:30:24 - [TEST_STEP][PASSED] - datText = today: null

2024-05-15 23:30:24 - [TEST_STEP][PASSED] - category = findTestData(dataFile).getValue("Category", row): null

2024-05-15 23:30:24 - [TEST_STEP][PASSED] - amount = findTestData(dataFile).getValue("Amount", row): null

2024-05-15 23:30:24 - [TEST_STEP][PASSED] - cardNumber = findTestData(dataFile).getValue("CardNumber", row): null

2024-05-15 23:30:25 - [TEST_STEP][PASSED] - exM = findTestData(dataFile).getValue("ExM", row): null

2024-05-15 23:30:25 - [TEST_STEP][PASSED] - exY = findTestData(dataFile).getValue("ExY", row): null

2024-05-15 23:30:25 - [TEST_STEP][PASSED] - openBrowser(VLinkURL + "auth.html"): Browser is opened with url: 'https://dev-algorithm.govolution.com/vlinktest/QA2/version_2_0/auth.html'

2024-05-15 23:30:26 - [MESSAGE][INFO] - Starting 'Chrome' driver

2024-05-15 23:30:26 - [MESSAGE][INFO] - User set preference: ['acceptInsecureCerts', 'true']

2024-05-15 23:30:26 - [MESSAGE][INFO] - Action delay is set to 0 milliseconds

2024-05-15 23:30:30 - [MESSAGE][PASSED] - Browser is opened with url: 'https://dev-algorithm.govolution.com/vlinktest/QA2/version_2_0/auth.html'

2024-05-15 23:30:30 - [TEST_STEP][PASSED] - maximizeWindow(): Current window maximized

2024-05-15 23:30:30 - [MESSAGE][PASSED] - Current window maximized

2024-05-15 23:30:30 - [TEST_STEP][PASSED] - maximizeWindow(): Current window maximized

2024-05-15 23:30:30 - [MESSAGE][PASSED] - Current window maximized

2024-05-15 23:30:30 - [TEST_STEP][PASSED] - genRemID = RandomStringUtils.random(12, true, true): null

2024-05-15 23:30:30 - [TEST_STEP][PASSED] - setText(findTestObject("Object Repository/VLink/Page_CCSale/txt_RemID"), genRemID): Text '2Fql5T1Tupih' is set on object 'Object Repository/VLink/Page_CCSale/txt_RemID'

2024-05-15 23:30:31 - [MESSAGE][PASSED] - Text '2Fql5T1Tupih' is set on object 'Object Repository/VLink/Page_CCSale/txt_RemID'

2024-05-15 23:30:31 - [TEST_STEP][PASSED] - setText(findTestObject("Object Repository/RecAndPlayBk/Page-Vlink-AuthOnly/input_Remittance Id_remittance_id"), genRemID): Text '2Fql5T1Tupih' is set on object 'Object Repository/RecAndPlayBk/Page-Vlink-AuthOnly/input_Remittance Id_remittance_id'

2024-05-15 23:30:32 - [MESSAGE][PASSED] - Text '2Fql5T1Tupih' is set on object 'Object Repository/RecAndPlayBk/Page-Vlink-AuthOnly/input_Remittance Id_remittance_id'

2024-05-15 23:30:32 - [TEST_STEP][PASSED] - setText(findTestObject("Object Repository/RecAndPlayBk/Page-Vlink-AuthOnly/input_Application Id_application_id"), appID): Text '234' is set on object 'Object Repository/RecAndPlayBk/Page-Vlink-AuthOnly/input_Application Id_application_id'

2024-05-15 23:30:33 - [MESSAGE][PASSED] - Text '234' is set on object 'Object Repository/RecAndPlayBk/Page-Vlink-AuthOnly/input_Application Id_application_id'

2024-05-15 23:30:33 - [TEST_STEP][PASSED] - setText(findTestObject("Object Repository/RecAndPlayBk/Page-Vlink-AuthOnly/input_Username_username"), username): Text 'username' is set on object 'Object Repository/RecAndPlayBk/Page-Vlink-AuthOnly/input_Username_username'

2024-05-15 23:30:33 - [MESSAGE][PASSED] - Text 'username' is set on object 'Object Repository/RecAndPlayBk/Page-Vlink-AuthOnly/input_Username_username'

2024-05-15 23:30:33 - [TEST_STEP][PASSED] - setText(findTestObject("Object Repository/RecAndPlayBk/Page-Vlink-AuthOnly/input_Password_password"), password): Text 'password' is set on object 'Object Repository/RecAndPlayBk/Page-Vlink-AuthOnly/input_Password_password'

2024-05-15 23:30:34 - [MESSAGE][PASSED] - Text 'password' is set on object 'Object Repository/RecAndPlayBk/Page-Vlink-AuthOnly/input_Password_password'

2024-05-15 23:30:34 - [TEST_STEP][PASSED] - setText(findTestObject("Object Repository/RecAndPlayBk/Page-Vlink-AuthOnly/input_Category_category"), category): Text 'ECOM' is set on object 'Object Repository/RecAndPlayBk/Page-Vlink-AuthOnly/input_Category_category'

2024-05-15 23:30:35 - [MESSAGE][PASSED] - Text 'ECOM' is set on object 'Object Repository/RecAndPlayBk/Page-Vlink-AuthOnly/input_Category_category'

2024-05-15 23:30:35 - [TEST_STEP][PASSED] - setText(findTestObject("Object Repository/RecAndPlayBk/Page-Vlink-AuthOnly/input_Amount_amount"), amount): Text '10.5' is set on object 'Object Repository/RecAndPlayBk/Page-Vlink-AuthOnly/input_Amount_amount'

2024-05-15 23:30:35 - [MESSAGE][PASSED] - Text '10.5' is set on object 'Object Repository/RecAndPlayBk/Page-Vlink-AuthOnly/input_Amount_amount'

2024-05-15 23:30:35 - [TEST_STEP][PASSED] - doubleClick(findTestObject("Object Repository/RecAndPlayBk/Page-Vlink-AuthOnly/input_Card number_card_number")): Object: 'Object Repository/RecAndPlayBk/Page-Vlink-AuthOnly/input_Card number_card_number' is double clicked on

2024-05-15 23:30:36 - [MESSAGE][PASSED] - Object: 'Object Repository/RecAndPlayBk/Page-Vlink-AuthOnly/input_Card number_card_number' is double clicked on

2024-05-15 23:30:36 - [TEST_STEP][PASSED] - setText(findTestObject("Object Repository/RecAndPlayBk/Page-Vlink-AuthOnly/input_Card number_card_number"), cardNumber): Text '4111111111111111' is set on object 'Object Repository/RecAndPlayBk/Page-Vlink-AuthOnly/input_Card number_card_number'

2024-05-15 23:30:36 - [MESSAGE][PASSED] - Text '4111111111111111' is set on object 'Object Repository/RecAndPlayBk/Page-Vlink-AuthOnly/input_Card number_card_number'

2024-05-15 23:30:36 - [TEST_STEP][PASSED] - setText(findTestObject("Object Repository/RecAndPlayBk/Page-Vlink-AuthOnly/input_Card ex month_card_exmo"), exM): Text '12' is set on object 'Object Repository/RecAndPlayBk/Page-Vlink-AuthOnly/input_Card ex month_card_exmo'

2024-05-15 23:30:37 - [MESSAGE][PASSED] - Text '12' is set on object 'Object Repository/RecAndPlayBk/Page-Vlink-AuthOnly/input_Card ex month_card_exmo'

2024-05-15 23:30:37 - [TEST_STEP][PASSED] - setText(findTestObject("Object Repository/RecAndPlayBk/Page-Vlink-AuthOnly/input_Card ex year_card_exyr"), exY): Text '2029' is set on object 'Object Repository/RecAndPlayBk/Page-Vlink-AuthOnly/input_Card ex year_card_exyr'

2024-05-15 23:30:38 - [MESSAGE][PASSED] - Text '2029' is set on object 'Object Repository/RecAndPlayBk/Page-Vlink-AuthOnly/input_Card ex year_card_exyr'

2024-05-15 23:30:38 - [TEST_STEP][PASSED] - click(findTestObject("Object Repository/RecAndPlayBk/Page-Vlink-AuthOnly/input_Track Data_track_data")): Object: 'Object Repository/RecAndPlayBk/Page-Vlink-AuthOnly/input_Track Data_track_data' is clicked on

2024-05-15 23:30:38 - [MESSAGE][PASSED] - Object: 'Object Repository/RecAndPlayBk/Page-Vlink-AuthOnly/input_Track Data_track_data' is clicked on

2024-05-15 23:30:38 - [TEST_STEP][PASSED] - click(findTestObject("Object Repository/RecAndPlayBk/Page-Vlink-AuthOnly/input_CVV state_cvv_state")): Object: 'Object Repository/RecAndPlayBk/Page-Vlink-AuthOnly/input_CVV state_cvv_state' is clicked on

2024-05-15 23:30:39 - [MESSAGE][PASSED] - Object: 'Object Repository/RecAndPlayBk/Page-Vlink-AuthOnly/input_CVV state_cvv_state' is clicked on

2024-05-15 23:30:39 - [TEST_STEP][PASSED] - setText(findTestObject("Object Repository/RecAndPlayBk/Page-Vlink-AuthOnly/input_Track Data_track_data"), ""): Text '' is set on object 'Object Repository/RecAndPlayBk/Page-Vlink-AuthOnly/input_Track Data_track_data'

2024-05-15 23:30:39 - [MESSAGE][PASSED] - Text '' is set on object 'Object Repository/RecAndPlayBk/Page-Vlink-AuthOnly/input_Track Data_track_data'

2024-05-15 23:30:39 - [TEST_STEP][PASSED] - setText(findTestObject("Object Repository/RecAndPlayBk/Page-Vlink-AuthOnly/input_concat(Cardholder, , s email)_email"), ""): Text '' is set on object 'Object Repository/RecAndPlayBk/Page-Vlink-AuthOnly/input_concat(Cardholder, , s email)_email'

2024-05-15 23:30:40 - [MESSAGE][PASSED] - Text '' is set on object 'Object Repository/RecAndPlayBk/Page-Vlink-AuthOnly/input_concat(Cardholder, , s email)_email'

2024-05-15 23:30:40 - [TEST_STEP][PASSED] - click(findTestObject("Object Repository/RecAndPlayBk/Page-Vlink-AuthOnly/input_user_defined10_user_defined10")): Object: 'Object Repository/RecAndPlayBk/Page-Vlink-AuthOnly/input_user_defined10_user_defined10' is clicked on

2024-05-15 23:30:40 - [MESSAGE][PASSED] - Object: 'Object Repository/RecAndPlayBk/Page-Vlink-AuthOnly/input_user_defined10_user_defined10' is clicked on

2024-05-15 23:30:40 - [TEST_STEP][PASSED] - if (executionProfile.equalsIgnoreCase("QAProfile")): null

2024-05-15 23:30:40 - [TEST_STEP][PASSED] - click(findTestObject("Object Repository/RecAndPlayBk/Page-Vlink-AuthOnly/input")): Object: 'Object Repository/RecAndPlayBk/Page-Vlink-AuthOnly/input' is clicked on

2024-05-15 23:30:42 - [MESSAGE][PASSED] - Object: 'Object Repository/RecAndPlayBk/Page-Vlink-AuthOnly/input' is clicked on

2024-05-15 23:30:42 - [TEST_STEP][PASSED] - if (verifyTextPresent("Transaction approved, no errors", true)): null

2024-05-15 23:30:42 - [MESSAGE][PASSED] - Text 'Transaction approved, no errors' is present on page  using regular expression

2024-05-15 23:30:42 - [TEST_STEP][PASSED] - println("Transaction Approved, no errors text is present on the Confirmation page"): null

2024-05-15 23:30:42 - [TEST_STEP][PASSED] - out.println("Pass Record Number: " + row): null

2024-05-15 23:30:42 - [TEST_STEP][PASSED] - resText = "Pass": null

2024-05-15 23:30:42 - [TEST_STEP][PASSED] - pages.WriteExcel.demoKey(resText, datText, resColumn, datCloumn, fileLoc, nameSheet, row): pages.WriteExcel.demoKey is PASSED

2024-05-15 23:30:43 - [MESSAGE][PASSED] - pages.WriteExcel.demoKey is PASSED

2024-05-15 23:30:43 - [TEST_STEP][PASSED] - ExecuteTC = findTestData(dataFile).getValue("Execute", row): null

2024-05-15 23:30:43 - [TEST_STEP][PASSED] - out.println("Value of Execute is : " + ExecuteTC): null

2024-05-15 23:30:43 - [TEST_STEP][PASSED] - switch (executionProfile): null

2024-05-15 23:30:43 - [TEST_STEP][PASSED] - case "QA2Profile":: null

2024-05-15 23:30:43 - [TEST_STEP][PASSED] - appID = findTestData(dataFile).getValue("AppIDQA", row): null

2024-05-15 23:30:43 - [TEST_STEP][PASSED] - username = findTestData(dataFile).getValue("UsernameQA", row): null

2024-05-15 23:30:43 - [TEST_STEP][PASSED] - password = findTestData(dataFile).getValue("PasswordQA", row): null

2024-05-15 23:30:44 - [TEST_STEP][PASSED] - break: null

2024-05-15 23:30:44 - [TEST_STEP][PASSED] - if (ExecuteTC.equalsIgnoreCase("Y")): null

2024-05-15 23:30:44 - [TEST_STEP][PASSED] - out.println("Begin Record Number: " + row): null

2024-05-15 23:30:44 - [TEST_STEP][PASSED] - today = new java.util.Date(): null

2024-05-15 23:30:44 - [TEST_STEP][PASSED] - println(today): null

2024-05-15 23:30:44 - [TEST_STEP][PASSED] - datText = today: null

2024-05-15 23:30:44 - [TEST_STEP][PASSED] - category = findTestData(dataFile).getValue("Category", row): null

2024-05-15 23:30:44 - [TEST_STEP][PASSED] - amount = findTestData(dataFile).getValue("Amount", row): null

2024-05-15 23:30:44 - [TEST_STEP][PASSED] - cardNumber = findTestData(dataFile).getValue("CardNumber", row): null

2024-05-15 23:30:44 - [TEST_STEP][PASSED] - exM = findTestData(dataFile).getValue("ExM", row): null

2024-05-15 23:30:44 - [TEST_STEP][PASSED] - exY = findTestData(dataFile).getValue("ExY", row): null

2024-05-15 23:30:44 - [TEST_STEP][PASSED] - openBrowser(VLinkURL + "auth.html"): Browser is opened with url: 'https://dev-algorithm.govolution.com/vlinktest/QA2/version_2_0/auth.html'

2024-05-15 23:30:44 - [MESSAGE][WARNING] - A browser is already opened. Closing browser and opening a new one

2024-05-15 23:30:46 - [MESSAGE][INFO] - Starting 'Chrome' driver

2024-05-15 23:30:46 - [MESSAGE][INFO] - User set preference: ['acceptInsecureCerts', 'true']

2024-05-15 23:30:46 - [MESSAGE][INFO] - Action delay is set to 0 milliseconds

2024-05-15 23:30:48 - [MESSAGE][PASSED] - Browser is opened with url: 'https://dev-algorithm.govolution.com/vlinktest/QA2/version_2_0/auth.html'

2024-05-15 23:30:48 - [TEST_STEP][PASSED] - maximizeWindow(): Current window maximized

2024-05-15 23:30:48 - [MESSAGE][PASSED] - Current window maximized

2024-05-15 23:30:48 - [TEST_STEP][PASSED] - maximizeWindow(): Current window maximized

2024-05-15 23:30:48 - [MESSAGE][PASSED] - Current window maximized

2024-05-15 23:30:48 - [TEST_STEP][PASSED] - genRemID = RandomStringUtils.random(12, true, true): null

2024-05-15 23:30:48 - [TEST_STEP][PASSED] - setText(findTestObject("Object Repository/VLink/Page_CCSale/txt_RemID"), genRemID): Text 'VLaKQEaOijUL' is set on object 'Object Repository/VLink/Page_CCSale/txt_RemID'

2024-05-15 23:30:49 - [MESSAGE][PASSED] - Text 'VLaKQEaOijUL' is set on object 'Object Repository/VLink/Page_CCSale/txt_RemID'

2024-05-15 23:30:49 - [TEST_STEP][PASSED] - setText(findTestObject("Object Repository/RecAndPlayBk/Page-Vlink-AuthOnly/input_Remittance Id_remittance_id"), genRemID): Text 'VLaKQEaOijUL' is set on object 'Object Repository/RecAndPlayBk/Page-Vlink-AuthOnly/input_Remittance Id_remittance_id'

2024-05-15 23:30:50 - [MESSAGE][PASSED] - Text 'VLaKQEaOijUL' is set on object 'Object Repository/RecAndPlayBk/Page-Vlink-AuthOnly/input_Remittance Id_remittance_id'

2024-05-15 23:30:50 - [TEST_STEP][PASSED] - setText(findTestObject("Object Repository/RecAndPlayBk/Page-Vlink-AuthOnly/input_Application Id_application_id"), appID): Text '234' is set on object 'Object Repository/RecAndPlayBk/Page-Vlink-AuthOnly/input_Application Id_application_id'

2024-05-15 23:30:51 - [MESSAGE][PASSED] - Text '234' is set on object 'Object Repository/RecAndPlayBk/Page-Vlink-AuthOnly/input_Application Id_application_id'

2024-05-15 23:30:51 - [TEST_STEP][PASSED] - setText(findTestObject("Object Repository/RecAndPlayBk/Page-Vlink-AuthOnly/input_Username_username"), username): Text 'username' is set on object 'Object Repository/RecAndPlayBk/Page-Vlink-AuthOnly/input_Username_username'

2024-05-15 23:30:51 - [MESSAGE][PASSED] - Text 'username' is set on object 'Object Repository/RecAndPlayBk/Page-Vlink-AuthOnly/input_Username_username'

2024-05-15 23:30:51 - [TEST_STEP][PASSED] - setText(findTestObject("Object Repository/RecAndPlayBk/Page-Vlink-AuthOnly/input_Password_password"), password): Text 'password' is set on object 'Object Repository/RecAndPlayBk/Page-Vlink-AuthOnly/input_Password_password'

2024-05-15 23:30:52 - [MESSAGE][PASSED] - Text 'password' is set on object 'Object Repository/RecAndPlayBk/Page-Vlink-AuthOnly/input_Password_password'

2024-05-15 23:30:52 - [TEST_STEP][PASSED] - setText(findTestObject("Object Repository/RecAndPlayBk/Page-Vlink-AuthOnly/input_Category_category"), category): Text 'MOTO' is set on object 'Object Repository/RecAndPlayBk/Page-Vlink-AuthOnly/input_Category_category'

2024-05-15 23:30:53 - [MESSAGE][PASSED] - Text 'MOTO' is set on object 'Object Repository/RecAndPlayBk/Page-Vlink-AuthOnly/input_Category_category'

2024-05-15 23:30:53 - [TEST_STEP][PASSED] - setText(findTestObject("Object Repository/RecAndPlayBk/Page-Vlink-AuthOnly/input_Amount_amount"), amount): Text '10.5' is set on object 'Object Repository/RecAndPlayBk/Page-Vlink-AuthOnly/input_Amount_amount'

2024-05-15 23:30:53 - [MESSAGE][PASSED] - Text '10.5' is set on object 'Object Repository/RecAndPlayBk/Page-Vlink-AuthOnly/input_Amount_amount'

2024-05-15 23:30:53 - [TEST_STEP][PASSED] - doubleClick(findTestObject("Object Repository/RecAndPlayBk/Page-Vlink-AuthOnly/input_Card number_card_number")): Object: 'Object Repository/RecAndPlayBk/Page-Vlink-AuthOnly/input_Card number_card_number' is double clicked on

2024-05-15 23:30:54 - [MESSAGE][PASSED] - Object: 'Object Repository/RecAndPlayBk/Page-Vlink-AuthOnly/input_Card number_card_number' is double clicked on

2024-05-15 23:30:54 - [TEST_STEP][PASSED] - setText(findTestObject("Object Repository/RecAndPlayBk/Page-Vlink-AuthOnly/input_Card number_card_number"), cardNumber): Text '5424000000000015' is set on object 'Object Repository/RecAndPlayBk/Page-Vlink-AuthOnly/input_Card number_card_number'

2024-05-15 23:30:54 - [MESSAGE][PASSED] - Text '5424000000000015' is set on object 'Object Repository/RecAndPlayBk/Page-Vlink-AuthOnly/input_Card number_card_number'

2024-05-15 23:30:54 - [TEST_STEP][PASSED] - setText(findTestObject("Object Repository/RecAndPlayBk/Page-Vlink-AuthOnly/input_Card ex month_card_exmo"), exM): Text '12' is set on object 'Object Repository/RecAndPlayBk/Page-Vlink-AuthOnly/input_Card ex month_card_exmo'

2024-05-15 23:30:55 - [MESSAGE][PASSED] - Text '12' is set on object 'Object Repository/RecAndPlayBk/Page-Vlink-AuthOnly/input_Card ex month_card_exmo'

2024-05-15 23:30:55 - [TEST_STEP][PASSED] - setText(findTestObject("Object Repository/RecAndPlayBk/Page-Vlink-AuthOnly/input_Card ex year_card_exyr"), exY): Text '2029' is set on object 'Object Repository/RecAndPlayBk/Page-Vlink-AuthOnly/input_Card ex year_card_exyr'

2024-05-15 23:30:56 - [MESSAGE][PASSED] - Text '2029' is set on object 'Object Repository/RecAndPlayBk/Page-Vlink-AuthOnly/input_Card ex year_card_exyr'

2024-05-15 23:30:56 - [TEST_STEP][PASSED] - click(findTestObject("Object Repository/RecAndPlayBk/Page-Vlink-AuthOnly/input_Track Data_track_data")): Object: 'Object Repository/RecAndPlayBk/Page-Vlink-AuthOnly/input_Track Data_track_data' is clicked on

2024-05-15 23:30:56 - [MESSAGE][PASSED] - Object: 'Object Repository/RecAndPlayBk/Page-Vlink-AuthOnly/input_Track Data_track_data' is clicked on

2024-05-15 23:30:56 - [TEST_STEP][PASSED] - click(findTestObject("Object Repository/RecAndPlayBk/Page-Vlink-AuthOnly/input_CVV state_cvv_state")): Object: 'Object Repository/RecAndPlayBk/Page-Vlink-AuthOnly/input_CVV state_cvv_state' is clicked on

2024-05-15 23:30:57 - [MESSAGE][PASSED] - Object: 'Object Repository/RecAndPlayBk/Page-Vlink-AuthOnly/input_CVV state_cvv_state' is clicked on

2024-05-15 23:30:57 - [TEST_STEP][PASSED] - setText(findTestObject("Object Repository/RecAndPlayBk/Page-Vlink-AuthOnly/input_Track Data_track_data"), ""): Text '' is set on object 'Object Repository/RecAndPlayBk/Page-Vlink-AuthOnly/input_Track Data_track_data'

2024-05-15 23:30:57 - [MESSAGE][PASSED] - Text '' is set on object 'Object Repository/RecAndPlayBk/Page-Vlink-AuthOnly/input_Track Data_track_data'

2024-05-15 23:30:57 - [TEST_STEP][PASSED] - setText(findTestObject("Object Repository/RecAndPlayBk/Page-Vlink-AuthOnly/input_concat(Cardholder, , s email)_email"), ""): Text '' is set on object 'Object Repository/RecAndPlayBk/Page-Vlink-AuthOnly/input_concat(Cardholder, , s email)_email'

2024-05-15 23:30:58 - [MESSAGE][PASSED] - Text '' is set on object 'Object Repository/RecAndPlayBk/Page-Vlink-AuthOnly/input_concat(Cardholder, , s email)_email'

2024-05-15 23:30:58 - [TEST_STEP][PASSED] - click(findTestObject("Object Repository/RecAndPlayBk/Page-Vlink-AuthOnly/input_user_defined10_user_defined10")): Object: 'Object Repository/RecAndPlayBk/Page-Vlink-AuthOnly/input_user_defined10_user_defined10' is clicked on

2024-05-15 23:30:58 - [MESSAGE][PASSED] - Object: 'Object Repository/RecAndPlayBk/Page-Vlink-AuthOnly/input_user_defined10_user_defined10' is clicked on

2024-05-15 23:30:58 - [TEST_STEP][PASSED] - if (executionProfile.equalsIgnoreCase("QAProfile")): null

2024-05-15 23:30:58 - [TEST_STEP][PASSED] - click(findTestObject("Object Repository/RecAndPlayBk/Page-Vlink-AuthOnly/input")): Object: 'Object Repository/RecAndPlayBk/Page-Vlink-AuthOnly/input' is clicked on

2024-05-15 23:31:00 - [MESSAGE][PASSED] - Object: 'Object Repository/RecAndPlayBk/Page-Vlink-AuthOnly/input' is clicked on

2024-05-15 23:31:00 - [TEST_STEP][PASSED] - if (verifyTextPresent("Transaction approved, no errors", true)): null

2024-05-15 23:31:00 - [MESSAGE][PASSED] - Text 'Transaction approved, no errors' is present on page  using regular expression

2024-05-15 23:31:00 - [TEST_STEP][PASSED] - println("Transaction Approved, no errors text is present on the Confirmation page"): null

2024-05-15 23:31:00 - [TEST_STEP][PASSED] - out.println("Pass Record Number: " + row): null

2024-05-15 23:31:00 - [TEST_STEP][PASSED] - resText = "Pass": null

2024-05-15 23:31:00 - [TEST_STEP][PASSED] - pages.WriteExcel.demoKey(resText, datText, resColumn, datCloumn, fileLoc, nameSheet, row): pages.WriteExcel.demoKey is PASSED

2024-05-15 23:31:00 - [MESSAGE][PASSED] - pages.WriteExcel.demoKey is PASSED

2024-05-15 23:31:00 - [TEST_STEP][PASSED] - ExecuteTC = findTestData(dataFile).getValue("Execute", row): null

2024-05-15 23:31:00 - [TEST_STEP][PASSED] - out.println("Value of Execute is : " + ExecuteTC): null

2024-05-15 23:31:00 - [TEST_STEP][PASSED] - switch (executionProfile): null

2024-05-15 23:31:00 - [TEST_STEP][PASSED] - case "QA2Profile":: null

2024-05-15 23:31:00 - [TEST_STEP][PASSED] - appID = findTestData(dataFile).getValue("AppIDQA", row): null

2024-05-15 23:31:00 - [TEST_STEP][PASSED] - username = findTestData(dataFile).getValue("UsernameQA", row): null

2024-05-15 23:31:00 - [TEST_STEP][PASSED] - password = findTestData(dataFile).getValue("PasswordQA", row): null

2024-05-15 23:31:01 - [TEST_STEP][PASSED] - break: null

2024-05-15 23:31:01 - [TEST_STEP][PASSED] - if (ExecuteTC.equalsIgnoreCase("Y")): null

2024-05-15 23:31:01 - [TEST_STEP][PASSED] - out.println("Begin Record Number: " + row): null

2024-05-15 23:31:01 - [TEST_STEP][PASSED] - today = new java.util.Date(): null

2024-05-15 23:31:01 - [TEST_STEP][PASSED] - println(today): null

2024-05-15 23:31:01 - [TEST_STEP][PASSED] - datText = today: null

2024-05-15 23:31:01 - [TEST_STEP][PASSED] - category = findTestData(dataFile).getValue("Category", row): null

2024-05-15 23:31:01 - [TEST_STEP][PASSED] - amount = findTestData(dataFile).getValue("Amount", row): null

2024-05-15 23:31:01 - [TEST_STEP][PASSED] - cardNumber = findTestData(dataFile).getValue("CardNumber", row): null

2024-05-15 23:31:01 - [TEST_STEP][PASSED] - exM = findTestData(dataFile).getValue("ExM", row): null

2024-05-15 23:31:01 - [TEST_STEP][PASSED] - exY = findTestData(dataFile).getValue("ExY", row): null

2024-05-15 23:31:01 - [TEST_STEP][PASSED] - openBrowser(VLinkURL + "auth.html"): Browser is opened with url: 'https://dev-algorithm.govolution.com/vlinktest/QA2/version_2_0/auth.html'

2024-05-15 23:31:01 - [MESSAGE][WARNING] - A browser is already opened. Closing browser and opening a new one

2024-05-15 23:31:02 - [MESSAGE][INFO] - Starting 'Chrome' driver

2024-05-15 23:31:02 - [MESSAGE][INFO] - User set preference: ['acceptInsecureCerts', 'true']

2024-05-15 23:31:02 - [MESSAGE][INFO] - Action delay is set to 0 milliseconds

2024-05-15 23:31:04 - [MESSAGE][PASSED] - Browser is opened with url: 'https://dev-algorithm.govolution.com/vlinktest/QA2/version_2_0/auth.html'

2024-05-15 23:31:04 - [TEST_STEP][PASSED] - maximizeWindow(): Current window maximized

2024-05-15 23:31:05 - [MESSAGE][PASSED] - Current window maximized

2024-05-15 23:31:05 - [TEST_STEP][PASSED] - maximizeWindow(): Current window maximized

2024-05-15 23:31:05 - [MESSAGE][PASSED] - Current window maximized

2024-05-15 23:31:05 - [TEST_STEP][PASSED] - genRemID = RandomStringUtils.random(12, true, true): null

2024-05-15 23:31:05 - [TEST_STEP][PASSED] - setText(findTestObject("Object Repository/VLink/Page_CCSale/txt_RemID"), genRemID): Text 'r50JK7QCYVQR' is set on object 'Object Repository/VLink/Page_CCSale/txt_RemID'

2024-05-15 23:31:06 - [MESSAGE][PASSED] - Text 'r50JK7QCYVQR' is set on object 'Object Repository/VLink/Page_CCSale/txt_RemID'

2024-05-15 23:31:06 - [TEST_STEP][PASSED] - setText(findTestObject("Object Repository/RecAndPlayBk/Page-Vlink-AuthOnly/input_Remittance Id_remittance_id"), genRemID): Text 'r50JK7QCYVQR' is set on object 'Object Repository/RecAndPlayBk/Page-Vlink-AuthOnly/input_Remittance Id_remittance_id'

2024-05-15 23:31:06 - [MESSAGE][PASSED] - Text 'r50JK7QCYVQR' is set on object 'Object Repository/RecAndPlayBk/Page-Vlink-AuthOnly/input_Remittance Id_remittance_id'

2024-05-15 23:31:06 - [TEST_STEP][PASSED] - setText(findTestObject("Object Repository/RecAndPlayBk/Page-Vlink-AuthOnly/input_Application Id_application_id"), appID): Text '234' is set on object 'Object Repository/RecAndPlayBk/Page-Vlink-AuthOnly/input_Application Id_application_id'

2024-05-15 23:31:07 - [MESSAGE][PASSED] - Text '234' is set on object 'Object Repository/RecAndPlayBk/Page-Vlink-AuthOnly/input_Application Id_application_id'

2024-05-15 23:31:07 - [TEST_STEP][PASSED] - setText(findTestObject("Object Repository/RecAndPlayBk/Page-Vlink-AuthOnly/input_Username_username"), username): Text 'username' is set on object 'Object Repository/RecAndPlayBk/Page-Vlink-AuthOnly/input_Username_username'

2024-05-15 23:31:08 - [MESSAGE][PASSED] - Text 'username' is set on object 'Object Repository/RecAndPlayBk/Page-Vlink-AuthOnly/input_Username_username'

2024-05-15 23:31:08 - [TEST_STEP][PASSED] - setText(findTestObject("Object Repository/RecAndPlayBk/Page-Vlink-AuthOnly/input_Password_password"), password): Text 'password' is set on object 'Object Repository/RecAndPlayBk/Page-Vlink-AuthOnly/input_Password_password'

2024-05-15 23:31:08 - [MESSAGE][PASSED] - Text 'password' is set on object 'Object Repository/RecAndPlayBk/Page-Vlink-AuthOnly/input_Password_password'

2024-05-15 23:31:08 - [TEST_STEP][PASSED] - setText(findTestObject("Object Repository/RecAndPlayBk/Page-Vlink-AuthOnly/input_Category_category"), category): Text 'RETL' is set on object 'Object Repository/RecAndPlayBk/Page-Vlink-AuthOnly/input_Category_category'

2024-05-15 23:31:09 - [MESSAGE][PASSED] - Text 'RETL' is set on object 'Object Repository/RecAndPlayBk/Page-Vlink-AuthOnly/input_Category_category'

2024-05-15 23:31:09 - [TEST_STEP][PASSED] - setText(findTestObject("Object Repository/RecAndPlayBk/Page-Vlink-AuthOnly/input_Amount_amount"), amount): Text '10.5' is set on object 'Object Repository/RecAndPlayBk/Page-Vlink-AuthOnly/input_Amount_amount'

2024-05-15 23:31:10 - [MESSAGE][PASSED] - Text '10.5' is set on object 'Object Repository/RecAndPlayBk/Page-Vlink-AuthOnly/input_Amount_amount'

2024-05-15 23:31:10 - [TEST_STEP][PASSED] - doubleClick(findTestObject("Object Repository/RecAndPlayBk/Page-Vlink-AuthOnly/input_Card number_card_number")): Object: 'Object Repository/RecAndPlayBk/Page-Vlink-AuthOnly/input_Card number_card_number' is double clicked on

2024-05-15 23:31:10 - [MESSAGE][PASSED] - Object: 'Object Repository/RecAndPlayBk/Page-Vlink-AuthOnly/input_Card number_card_number' is double clicked on

2024-05-15 23:31:10 - [TEST_STEP][PASSED] - setText(findTestObject("Object Repository/RecAndPlayBk/Page-Vlink-AuthOnly/input_Card number_card_number"), cardNumber): Text '370000000000002' is set on object 'Object Repository/RecAndPlayBk/Page-Vlink-AuthOnly/input_Card number_card_number'

2024-05-15 23:31:11 - [MESSAGE][PASSED] - Text '370000000000002' is set on object 'Object Repository/RecAndPlayBk/Page-Vlink-AuthOnly/input_Card number_card_number'

2024-05-15 23:31:11 - [TEST_STEP][PASSED] - setText(findTestObject("Object Repository/RecAndPlayBk/Page-Vlink-AuthOnly/input_Card ex month_card_exmo"), exM): Text '12' is set on object 'Object Repository/RecAndPlayBk/Page-Vlink-AuthOnly/input_Card ex month_card_exmo'

2024-05-15 23:31:11 - [MESSAGE][PASSED] - Text '12' is set on object 'Object Repository/RecAndPlayBk/Page-Vlink-AuthOnly/input_Card ex month_card_exmo'

2024-05-15 23:31:11 - [TEST_STEP][PASSED] - setText(findTestObject("Object Repository/RecAndPlayBk/Page-Vlink-AuthOnly/input_Card ex year_card_exyr"), exY): Text '2029' is set on object 'Object Repository/RecAndPlayBk/Page-Vlink-AuthOnly/input_Card ex year_card_exyr'

2024-05-15 23:31:12 - [MESSAGE][PASSED] - Text '2029' is set on object 'Object Repository/RecAndPlayBk/Page-Vlink-AuthOnly/input_Card ex year_card_exyr'

2024-05-15 23:31:12 - [TEST_STEP][PASSED] - click(findTestObject("Object Repository/RecAndPlayBk/Page-Vlink-AuthOnly/input_Track Data_track_data")): Object: 'Object Repository/RecAndPlayBk/Page-Vlink-AuthOnly/input_Track Data_track_data' is clicked on

2024-05-15 23:31:12 - [MESSAGE][PASSED] - Object: 'Object Repository/RecAndPlayBk/Page-Vlink-AuthOnly/input_Track Data_track_data' is clicked on

2024-05-15 23:31:12 - [TEST_STEP][PASSED] - click(findTestObject("Object Repository/RecAndPlayBk/Page-Vlink-AuthOnly/input_CVV state_cvv_state")): Object: 'Object Repository/RecAndPlayBk/Page-Vlink-AuthOnly/input_CVV state_cvv_state' is clicked on

2024-05-15 23:31:13 - [MESSAGE][PASSED] - Object: 'Object Repository/RecAndPlayBk/Page-Vlink-AuthOnly/input_CVV state_cvv_state' is clicked on

2024-05-15 23:31:13 - [TEST_STEP][PASSED] - setText(findTestObject("Object Repository/RecAndPlayBk/Page-Vlink-AuthOnly/input_Track Data_track_data"), ""): Text '' is set on object 'Object Repository/RecAndPlayBk/Page-Vlink-AuthOnly/input_Track Data_track_data'

2024-05-15 23:31:13 - [MESSAGE][PASSED] - Text '' is set on object 'Object Repository/RecAndPlayBk/Page-Vlink-AuthOnly/input_Track Data_track_data'

2024-05-15 23:31:13 - [TEST_STEP][PASSED] - setText(findTestObject("Object Repository/RecAndPlayBk/Page-Vlink-AuthOnly/input_concat(Cardholder, , s email)_email"), ""): Text '' is set on object 'Object Repository/RecAndPlayBk/Page-Vlink-AuthOnly/input_concat(Cardholder, , s email)_email'

2024-05-15 23:31:14 - [MESSAGE][PASSED] - Text '' is set on object 'Object Repository/RecAndPlayBk/Page-Vlink-AuthOnly/input_concat(Cardholder, , s email)_email'

2024-05-15 23:31:14 - [TEST_STEP][PASSED] - click(findTestObject("Object Repository/RecAndPlayBk/Page-Vlink-AuthOnly/input_user_defined10_user_defined10")): Object: 'Object Repository/RecAndPlayBk/Page-Vlink-AuthOnly/input_user_defined10_user_defined10' is clicked on

2024-05-15 23:31:15 - [MESSAGE][PASSED] - Object: 'Object Repository/RecAndPlayBk/Page-Vlink-AuthOnly/input_user_defined10_user_defined10' is clicked on

2024-05-15 23:31:15 - [TEST_STEP][PASSED] - if (executionProfile.equalsIgnoreCase("QAProfile")): null

2024-05-15 23:31:15 - [TEST_STEP][PASSED] - click(findTestObject("Object Repository/RecAndPlayBk/Page-Vlink-AuthOnly/input")): Object: 'Object Repository/RecAndPlayBk/Page-Vlink-AuthOnly/input' is clicked on

2024-05-15 23:31:16 - [MESSAGE][PASSED] - Object: 'Object Repository/RecAndPlayBk/Page-Vlink-AuthOnly/input' is clicked on

2024-05-15 23:31:16 - [TEST_STEP][PASSED] - if (verifyTextPresent("Transaction approved, no errors", true)): null

2024-05-15 23:31:16 - [MESSAGE][PASSED] - Text 'Transaction approved, no errors' is present on page  using regular expression

2024-05-15 23:31:16 - [TEST_STEP][PASSED] - println("Transaction Approved, no errors text is present on the Confirmation page"): null

2024-05-15 23:31:16 - [TEST_STEP][PASSED] - out.println("Pass Record Number: " + row): null

2024-05-15 23:31:16 - [TEST_STEP][PASSED] - resText = "Pass": null

2024-05-15 23:31:16 - [TEST_STEP][PASSED] - pages.WriteExcel.demoKey(resText, datText, resColumn, datCloumn, fileLoc, nameSheet, row): pages.WriteExcel.demoKey is PASSED

2024-05-15 23:31:16 - [MESSAGE][PASSED] - pages.WriteExcel.demoKey is PASSED

2024-05-15 23:31:16 - [TEST_STEP][PASSED] - ExecuteTC = findTestData(dataFile).getValue("Execute", row): null

2024-05-15 23:31:16 - [TEST_STEP][PASSED] - out.println("Value of Execute is : " + ExecuteTC): null

2024-05-15 23:31:16 - [TEST_STEP][PASSED] - switch (executionProfile): null

2024-05-15 23:31:16 - [TEST_STEP][PASSED] - case "QA2Profile":: null

2024-05-15 23:31:16 - [TEST_STEP][PASSED] - appID = findTestData(dataFile).getValue("AppIDQA", row): null

2024-05-15 23:31:16 - [TEST_STEP][PASSED] - username = findTestData(dataFile).getValue("UsernameQA", row): null

2024-05-15 23:31:16 - [TEST_STEP][PASSED] - password = findTestData(dataFile).getValue("PasswordQA", row): null

2024-05-15 23:31:17 - [TEST_STEP][PASSED] - break: null

2024-05-15 23:31:17 - [TEST_STEP][PASSED] - if (ExecuteTC.equalsIgnoreCase("Y")): null

2024-05-15 23:31:17 - [TEST_STEP][PASSED] - out.println("Begin Record Number: " + row): null

2024-05-15 23:31:17 - [TEST_STEP][PASSED] - today = new java.util.Date(): null

2024-05-15 23:31:17 - [TEST_STEP][PASSED] - println(today): null

2024-05-15 23:31:17 - [TEST_STEP][PASSED] - datText = today: null

2024-05-15 23:31:17 - [TEST_STEP][PASSED] - category = findTestData(dataFile).getValue("Category", row): null

2024-05-15 23:31:17 - [TEST_STEP][PASSED] - amount = findTestData(dataFile).getValue("Amount", row): null

2024-05-15 23:31:17 - [TEST_STEP][PASSED] - cardNumber = findTestData(dataFile).getValue("CardNumber", row): null

2024-05-15 23:31:17 - [TEST_STEP][PASSED] - exM = findTestData(dataFile).getValue("ExM", row): null

2024-05-15 23:31:17 - [TEST_STEP][PASSED] - exY = findTestData(dataFile).getValue("ExY", row): null

2024-05-15 23:31:17 - [TEST_STEP][PASSED] - openBrowser(VLinkURL + "auth.html"): Browser is opened with url: 'https://dev-algorithm.govolution.com/vlinktest/QA2/version_2_0/auth.html'

2024-05-15 23:31:17 - [MESSAGE][WARNING] - A browser is already opened. Closing browser and opening a new one

2024-05-15 23:31:19 - [MESSAGE][INFO] - Starting 'Chrome' driver

2024-05-15 23:31:19 - [MESSAGE][INFO] - User set preference: ['acceptInsecureCerts', 'true']

2024-05-15 23:31:19 - [MESSAGE][INFO] - Action delay is set to 0 milliseconds

2024-05-15 23:31:21 - [MESSAGE][PASSED] - Browser is opened with url: 'https://dev-algorithm.govolution.com/vlinktest/QA2/version_2_0/auth.html'

2024-05-15 23:31:21 - [TEST_STEP][PASSED] - maximizeWindow(): Current window maximized

2024-05-15 23:31:22 - [MESSAGE][PASSED] - Current window maximized

2024-05-15 23:31:22 - [TEST_STEP][PASSED] - maximizeWindow(): Current window maximized

2024-05-15 23:31:22 - [MESSAGE][PASSED] - Current window maximized

2024-05-15 23:31:22 - [TEST_STEP][PASSED] - genRemID = RandomStringUtils.random(12, true, true): null

2024-05-15 23:31:22 - [TEST_STEP][PASSED] - setText(findTestObject("Object Repository/VLink/Page_CCSale/txt_RemID"), genRemID): Text 'adGM9ix8utpf' is set on object 'Object Repository/VLink/Page_CCSale/txt_RemID'

2024-05-15 23:31:22 - [MESSAGE][PASSED] - Text 'adGM9ix8utpf' is set on object 'Object Repository/VLink/Page_CCSale/txt_RemID'

2024-05-15 23:31:22 - [TEST_STEP][PASSED] - setText(findTestObject("Object Repository/RecAndPlayBk/Page-Vlink-AuthOnly/input_Remittance Id_remittance_id"), genRemID): Text 'adGM9ix8utpf' is set on object 'Object Repository/RecAndPlayBk/Page-Vlink-AuthOnly/input_Remittance Id_remittance_id'

2024-05-15 23:31:23 - [MESSAGE][PASSED] - Text 'adGM9ix8utpf' is set on object 'Object Repository/RecAndPlayBk/Page-Vlink-AuthOnly/input_Remittance Id_remittance_id'

2024-05-15 23:31:23 - [TEST_STEP][PASSED] - setText(findTestObject("Object Repository/RecAndPlayBk/Page-Vlink-AuthOnly/input_Application Id_application_id"), appID): Text '87' is set on object 'Object Repository/RecAndPlayBk/Page-Vlink-AuthOnly/input_Application Id_application_id'

2024-05-15 23:31:24 - [MESSAGE][PASSED] - Text '87' is set on object 'Object Repository/RecAndPlayBk/Page-Vlink-AuthOnly/input_Application Id_application_id'

2024-05-15 23:31:24 - [TEST_STEP][PASSED] - setText(findTestObject("Object Repository/RecAndPlayBk/Page-Vlink-AuthOnly/input_Username_username"), username): Text 'username' is set on object 'Object Repository/RecAndPlayBk/Page-Vlink-AuthOnly/input_Username_username'

2024-05-15 23:31:24 - [MESSAGE][PASSED] - Text 'username' is set on object 'Object Repository/RecAndPlayBk/Page-Vlink-AuthOnly/input_Username_username'

2024-05-15 23:31:24 - [TEST_STEP][PASSED] - setText(findTestObject("Object Repository/RecAndPlayBk/Page-Vlink-AuthOnly/input_Password_password"), password): Text 'password' is set on object 'Object Repository/RecAndPlayBk/Page-Vlink-AuthOnly/input_Password_password'

2024-05-15 23:31:25 - [MESSAGE][PASSED] - Text 'password' is set on object 'Object Repository/RecAndPlayBk/Page-Vlink-AuthOnly/input_Password_password'

2024-05-15 23:31:25 - [TEST_STEP][PASSED] - setText(findTestObject("Object Repository/RecAndPlayBk/Page-Vlink-AuthOnly/input_Category_category"), category): Text 'ECOM' is set on object 'Object Repository/RecAndPlayBk/Page-Vlink-AuthOnly/input_Category_category'

2024-05-15 23:31:26 - [MESSAGE][PASSED] - Text 'ECOM' is set on object 'Object Repository/RecAndPlayBk/Page-Vlink-AuthOnly/input_Category_category'

2024-05-15 23:31:26 - [TEST_STEP][PASSED] - setText(findTestObject("Object Repository/RecAndPlayBk/Page-Vlink-AuthOnly/input_Amount_amount"), amount): Text '10.5' is set on object 'Object Repository/RecAndPlayBk/Page-Vlink-AuthOnly/input_Amount_amount'

2024-05-15 23:31:26 - [MESSAGE][PASSED] - Text '10.5' is set on object 'Object Repository/RecAndPlayBk/Page-Vlink-AuthOnly/input_Amount_amount'

2024-05-15 23:31:26 - [TEST_STEP][PASSED] - doubleClick(findTestObject("Object Repository/RecAndPlayBk/Page-Vlink-AuthOnly/input_Card number_card_number")): Object: 'Object Repository/RecAndPlayBk/Page-Vlink-AuthOnly/input_Card number_card_number' is double clicked on

2024-05-15 23:31:27 - [MESSAGE][PASSED] - Object: 'Object Repository/RecAndPlayBk/Page-Vlink-AuthOnly/input_Card number_card_number' is double clicked on

2024-05-15 23:31:27 - [TEST_STEP][PASSED] - setText(findTestObject("Object Repository/RecAndPlayBk/Page-Vlink-AuthOnly/input_Card number_card_number"), cardNumber): Text '4012000098765439' is set on object 'Object Repository/RecAndPlayBk/Page-Vlink-AuthOnly/input_Card number_card_number'

2024-05-15 23:31:27 - [MESSAGE][PASSED] - Text '4012000098765439' is set on object 'Object Repository/RecAndPlayBk/Page-Vlink-AuthOnly/input_Card number_card_number'

2024-05-15 23:31:27 - [TEST_STEP][PASSED] - setText(findTestObject("Object Repository/RecAndPlayBk/Page-Vlink-AuthOnly/input_Card ex month_card_exmo"), exM): Text '12' is set on object 'Object Repository/RecAndPlayBk/Page-Vlink-AuthOnly/input_Card ex month_card_exmo'

2024-05-15 23:31:28 - [MESSAGE][PASSED] - Text '12' is set on object 'Object Repository/RecAndPlayBk/Page-Vlink-AuthOnly/input_Card ex month_card_exmo'

2024-05-15 23:31:28 - [TEST_STEP][PASSED] - setText(findTestObject("Object Repository/RecAndPlayBk/Page-Vlink-AuthOnly/input_Card ex year_card_exyr"), exY): Text '2029' is set on object 'Object Repository/RecAndPlayBk/Page-Vlink-AuthOnly/input_Card ex year_card_exyr'

2024-05-15 23:31:29 - [MESSAGE][PASSED] - Text '2029' is set on object 'Object Repository/RecAndPlayBk/Page-Vlink-AuthOnly/input_Card ex year_card_exyr'

2024-05-15 23:31:29 - [TEST_STEP][PASSED] - click(findTestObject("Object Repository/RecAndPlayBk/Page-Vlink-AuthOnly/input_Track Data_track_data")): Object: 'Object Repository/RecAndPlayBk/Page-Vlink-AuthOnly/input_Track Data_track_data' is clicked on

2024-05-15 23:31:29 - [MESSAGE][PASSED] - Object: 'Object Repository/RecAndPlayBk/Page-Vlink-AuthOnly/input_Track Data_track_data' is clicked on

2024-05-15 23:31:29 - [TEST_STEP][PASSED] - click(findTestObject("Object Repository/RecAndPlayBk/Page-Vlink-AuthOnly/input_CVV state_cvv_state")): Object: 'Object Repository/RecAndPlayBk/Page-Vlink-AuthOnly/input_CVV state_cvv_state' is clicked on

2024-05-15 23:31:29 - [MESSAGE][PASSED] - Object: 'Object Repository/RecAndPlayBk/Page-Vlink-AuthOnly/input_CVV state_cvv_state' is clicked on

2024-05-15 23:31:29 - [TEST_STEP][PASSED] - setText(findTestObject("Object Repository/RecAndPlayBk/Page-Vlink-AuthOnly/input_Track Data_track_data"), ""): Text '' is set on object 'Object Repository/RecAndPlayBk/Page-Vlink-AuthOnly/input_Track Data_track_data'

2024-05-15 23:31:30 - [MESSAGE][PASSED] - Text '' is set on object 'Object Repository/RecAndPlayBk/Page-Vlink-AuthOnly/input_Track Data_track_data'

2024-05-15 23:31:30 - [TEST_STEP][PASSED] - setText(findTestObject("Object Repository/RecAndPlayBk/Page-Vlink-AuthOnly/input_concat(Cardholder, , s email)_email"), ""): Text '' is set on object 'Object Repository/RecAndPlayBk/Page-Vlink-AuthOnly/input_concat(Cardholder, , s email)_email'

2024-05-15 23:31:31 - [MESSAGE][PASSED] - Text '' is set on object 'Object Repository/RecAndPlayBk/Page-Vlink-AuthOnly/input_concat(Cardholder, , s email)_email'

2024-05-15 23:31:31 - [TEST_STEP][PASSED] - click(findTestObject("Object Repository/RecAndPlayBk/Page-Vlink-AuthOnly/input_user_defined10_user_defined10")): Object: 'Object Repository/RecAndPlayBk/Page-Vlink-AuthOnly/input_user_defined10_user_defined10' is clicked on

2024-05-15 23:31:31 - [MESSAGE][PASSED] - Object: 'Object Repository/RecAndPlayBk/Page-Vlink-AuthOnly/input_user_defined10_user_defined10' is clicked on

2024-05-15 23:31:31 - [TEST_STEP][PASSED] - if (executionProfile.equalsIgnoreCase("QAProfile")): null

2024-05-15 23:31:31 - [TEST_STEP][PASSED] - click(findTestObject("Object Repository/RecAndPlayBk/Page-Vlink-AuthOnly/input")): Object: 'Object Repository/RecAndPlayBk/Page-Vlink-AuthOnly/input' is clicked on

2024-05-15 23:31:50 - [MESSAGE][PASSED] - Object: 'Object Repository/RecAndPlayBk/Page-Vlink-AuthOnly/input' is clicked on

2024-05-15 23:31:50 - [TEST_STEP][PASSED] - if (verifyTextPresent("Transaction approved, no errors", true)): null

2024-05-15 23:31:50 - [MESSAGE][PASSED] - Text 'Transaction approved, no errors' is present on page  using regular expression

2024-05-15 23:31:50 - [TEST_STEP][PASSED] - println("Transaction Approved, no errors text is present on the Confirmation page"): null

2024-05-15 23:31:50 - [TEST_STEP][PASSED] - out.println("Pass Record Number: " + row): null

2024-05-15 23:31:50 - [TEST_STEP][PASSED] - resText = "Pass": null

2024-05-15 23:31:50 - [TEST_STEP][PASSED] - pages.WriteExcel.demoKey(resText, datText, resColumn, datCloumn, fileLoc, nameSheet, row): pages.WriteExcel.demoKey is PASSED

2024-05-15 23:31:50 - [MESSAGE][PASSED] - pages.WriteExcel.demoKey is PASSED

2024-05-15 23:31:50 - [TEST_STEP][PASSED] - ExecuteTC = findTestData(dataFile).getValue("Execute", row): null

2024-05-15 23:31:50 - [TEST_STEP][PASSED] - out.println("Value of Execute is : " + ExecuteTC): null

2024-05-15 23:31:50 - [TEST_STEP][PASSED] - switch (executionProfile): null

2024-05-15 23:31:50 - [TEST_STEP][PASSED] - case "QA2Profile":: null

2024-05-15 23:31:50 - [TEST_STEP][PASSED] - appID = findTestData(dataFile).getValue("AppIDQA", row): null

2024-05-15 23:31:50 - [TEST_STEP][PASSED] - username = findTestData(dataFile).getValue("UsernameQA", row): null

2024-05-15 23:31:50 - [TEST_STEP][PASSED] - password = findTestData(dataFile).getValue("PasswordQA", row): null

2024-05-15 23:31:50 - [TEST_STEP][PASSED] - break: null

2024-05-15 23:31:50 - [TEST_STEP][PASSED] - if (ExecuteTC.equalsIgnoreCase("Y")): null

2024-05-15 23:31:50 - [TEST_STEP][PASSED] - out.println("Begin Record Number: " + row): null

2024-05-15 23:31:50 - [TEST_STEP][PASSED] - today = new java.util.Date(): null

2024-05-15 23:31:50 - [TEST_STEP][PASSED] - println(today): null

2024-05-15 23:31:50 - [TEST_STEP][PASSED] - datText = today: null

2024-05-15 23:31:50 - [TEST_STEP][PASSED] - category = findTestData(dataFile).getValue("Category", row): null

2024-05-15 23:31:50 - [TEST_STEP][PASSED] - amount = findTestData(dataFile).getValue("Amount", row): null

2024-05-15 23:31:51 - [TEST_STEP][PASSED] - cardNumber = findTestData(dataFile).getValue("CardNumber", row): null

2024-05-15 23:31:51 - [TEST_STEP][PASSED] - exM = findTestData(dataFile).getValue("ExM", row): null

2024-05-15 23:31:51 - [TEST_STEP][PASSED] - exY = findTestData(dataFile).getValue("ExY", row): null

2024-05-15 23:31:51 - [TEST_STEP][PASSED] - openBrowser(VLinkURL + "auth.html"): Browser is opened with url: 'https://dev-algorithm.govolution.com/vlinktest/QA2/version_2_0/auth.html'

2024-05-15 23:31:51 - [MESSAGE][WARNING] - A browser is already opened. Closing browser and opening a new one

2024-05-15 23:31:52 - [MESSAGE][INFO] - Starting 'Chrome' driver

2024-05-15 23:31:52 - [MESSAGE][INFO] - User set preference: ['acceptInsecureCerts', 'true']

2024-05-15 23:31:52 - [MESSAGE][INFO] - Action delay is set to 0 milliseconds

2024-05-15 23:31:55 - [MESSAGE][PASSED] - Browser is opened with url: 'https://dev-algorithm.govolution.com/vlinktest/QA2/version_2_0/auth.html'

2024-05-15 23:31:55 - [TEST_STEP][PASSED] - maximizeWindow(): Current window maximized

2024-05-15 23:31:55 - [MESSAGE][PASSED] - Current window maximized

2024-05-15 23:31:55 - [TEST_STEP][PASSED] - maximizeWindow(): Current window maximized

2024-05-15 23:31:55 - [MESSAGE][PASSED] - Current window maximized

2024-05-15 23:31:55 - [TEST_STEP][PASSED] - genRemID = RandomStringUtils.random(12, true, true): null

2024-05-15 23:31:55 - [TEST_STEP][PASSED] - setText(findTestObject("Object Repository/VLink/Page_CCSale/txt_RemID"), genRemID): Text 'Fzzjj5SY4TVW' is set on object 'Object Repository/VLink/Page_CCSale/txt_RemID'

2024-05-15 23:31:56 - [MESSAGE][PASSED] - Text 'Fzzjj5SY4TVW' is set on object 'Object Repository/VLink/Page_CCSale/txt_RemID'

2024-05-15 23:31:56 - [TEST_STEP][PASSED] - setText(findTestObject("Object Repository/RecAndPlayBk/Page-Vlink-AuthOnly/input_Remittance Id_remittance_id"), genRemID): Text 'Fzzjj5SY4TVW' is set on object 'Object Repository/RecAndPlayBk/Page-Vlink-AuthOnly/input_Remittance Id_remittance_id'

2024-05-15 23:31:56 - [MESSAGE][PASSED] - Text 'Fzzjj5SY4TVW' is set on object 'Object Repository/RecAndPlayBk/Page-Vlink-AuthOnly/input_Remittance Id_remittance_id'

2024-05-15 23:31:56 - [TEST_STEP][PASSED] - setText(findTestObject("Object Repository/RecAndPlayBk/Page-Vlink-AuthOnly/input_Application Id_application_id"), appID): Text '581' is set on object 'Object Repository/RecAndPlayBk/Page-Vlink-AuthOnly/input_Application Id_application_id'

2024-05-15 23:31:57 - [MESSAGE][PASSED] - Text '581' is set on object 'Object Repository/RecAndPlayBk/Page-Vlink-AuthOnly/input_Application Id_application_id'

2024-05-15 23:31:57 - [TEST_STEP][PASSED] - setText(findTestObject("Object Repository/RecAndPlayBk/Page-Vlink-AuthOnly/input_Username_username"), username): Text 'usr581' is set on object 'Object Repository/RecAndPlayBk/Page-Vlink-AuthOnly/input_Username_username'

2024-05-15 23:31:58 - [MESSAGE][PASSED] - Text 'usr581' is set on object 'Object Repository/RecAndPlayBk/Page-Vlink-AuthOnly/input_Username_username'

2024-05-15 23:31:58 - [TEST_STEP][PASSED] - setText(findTestObject("Object Repository/RecAndPlayBk/Page-Vlink-AuthOnly/input_Password_password"), password): Text 'pwd581' is set on object 'Object Repository/RecAndPlayBk/Page-Vlink-AuthOnly/input_Password_password'

2024-05-15 23:31:58 - [MESSAGE][PASSED] - Text 'pwd581' is set on object 'Object Repository/RecAndPlayBk/Page-Vlink-AuthOnly/input_Password_password'

2024-05-15 23:31:58 - [TEST_STEP][PASSED] - setText(findTestObject("Object Repository/RecAndPlayBk/Page-Vlink-AuthOnly/input_Category_category"), category): Text 'ECOM' is set on object 'Object Repository/RecAndPlayBk/Page-Vlink-AuthOnly/input_Category_category'

2024-05-15 23:31:59 - [MESSAGE][PASSED] - Text 'ECOM' is set on object 'Object Repository/RecAndPlayBk/Page-Vlink-AuthOnly/input_Category_category'

2024-05-15 23:31:59 - [TEST_STEP][PASSED] - setText(findTestObject("Object Repository/RecAndPlayBk/Page-Vlink-AuthOnly/input_Amount_amount"), amount): Text '10.5' is set on object 'Object Repository/RecAndPlayBk/Page-Vlink-AuthOnly/input_Amount_amount'

2024-05-15 23:32:00 - [MESSAGE][PASSED] - Text '10.5' is set on object 'Object Repository/RecAndPlayBk/Page-Vlink-AuthOnly/input_Amount_amount'

2024-05-15 23:32:00 - [TEST_STEP][PASSED] - doubleClick(findTestObject("Object Repository/RecAndPlayBk/Page-Vlink-AuthOnly/input_Card number_card_number")): Object: 'Object Repository/RecAndPlayBk/Page-Vlink-AuthOnly/input_Card number_card_number' is double clicked on

2024-05-15 23:32:00 - [MESSAGE][PASSED] - Object: 'Object Repository/RecAndPlayBk/Page-Vlink-AuthOnly/input_Card number_card_number' is double clicked on

2024-05-15 23:32:00 - [TEST_STEP][PASSED] - setText(findTestObject("Object Repository/RecAndPlayBk/Page-Vlink-AuthOnly/input_Card number_card_number"), cardNumber): Text '5146312200000035' is set on object 'Object Repository/RecAndPlayBk/Page-Vlink-AuthOnly/input_Card number_card_number'

2024-05-15 23:32:01 - [MESSAGE][PASSED] - Text '5146312200000035' is set on object 'Object Repository/RecAndPlayBk/Page-Vlink-AuthOnly/input_Card number_card_number'

2024-05-15 23:32:01 - [TEST_STEP][PASSED] - setText(findTestObject("Object Repository/RecAndPlayBk/Page-Vlink-AuthOnly/input_Card ex month_card_exmo"), exM): Text '12' is set on object 'Object Repository/RecAndPlayBk/Page-Vlink-AuthOnly/input_Card ex month_card_exmo'

2024-05-15 23:32:01 - [MESSAGE][PASSED] - Text '12' is set on object 'Object Repository/RecAndPlayBk/Page-Vlink-AuthOnly/input_Card ex month_card_exmo'

2024-05-15 23:32:01 - [TEST_STEP][PASSED] - setText(findTestObject("Object Repository/RecAndPlayBk/Page-Vlink-AuthOnly/input_Card ex year_card_exyr"), exY): Text '2029' is set on object 'Object Repository/RecAndPlayBk/Page-Vlink-AuthOnly/input_Card ex year_card_exyr'

2024-05-15 23:32:02 - [MESSAGE][PASSED] - Text '2029' is set on object 'Object Repository/RecAndPlayBk/Page-Vlink-AuthOnly/input_Card ex year_card_exyr'

2024-05-15 23:32:02 - [TEST_STEP][PASSED] - click(findTestObject("Object Repository/RecAndPlayBk/Page-Vlink-AuthOnly/input_Track Data_track_data")): Object: 'Object Repository/RecAndPlayBk/Page-Vlink-AuthOnly/input_Track Data_track_data' is clicked on

2024-05-15 23:32:02 - [MESSAGE][PASSED] - Object: 'Object Repository/RecAndPlayBk/Page-Vlink-AuthOnly/input_Track Data_track_data' is clicked on

2024-05-15 23:32:02 - [TEST_STEP][PASSED] - click(findTestObject("Object Repository/RecAndPlayBk/Page-Vlink-AuthOnly/input_CVV state_cvv_state")): Object: 'Object Repository/RecAndPlayBk/Page-Vlink-AuthOnly/input_CVV state_cvv_state' is clicked on

2024-05-15 23:32:03 - [MESSAGE][PASSED] - Object: 'Object Repository/RecAndPlayBk/Page-Vlink-AuthOnly/input_CVV state_cvv_state' is clicked on

2024-05-15 23:32:03 - [TEST_STEP][PASSED] - setText(findTestObject("Object Repository/RecAndPlayBk/Page-Vlink-AuthOnly/input_Track Data_track_data"), ""): Text '' is set on object 'Object Repository/RecAndPlayBk/Page-Vlink-AuthOnly/input_Track Data_track_data'

2024-05-15 23:32:03 - [MESSAGE][PASSED] - Text '' is set on object 'Object Repository/RecAndPlayBk/Page-Vlink-AuthOnly/input_Track Data_track_data'

2024-05-15 23:32:03 - [TEST_STEP][PASSED] - setText(findTestObject("Object Repository/RecAndPlayBk/Page-Vlink-AuthOnly/input_concat(Cardholder, , s email)_email"), ""): Text '' is set on object 'Object Repository/RecAndPlayBk/Page-Vlink-AuthOnly/input_concat(Cardholder, , s email)_email'

2024-05-15 23:32:04 - [MESSAGE][PASSED] - Text '' is set on object 'Object Repository/RecAndPlayBk/Page-Vlink-AuthOnly/input_concat(Cardholder, , s email)_email'

2024-05-15 23:32:04 - [TEST_STEP][PASSED] - click(findTestObject("Object Repository/RecAndPlayBk/Page-Vlink-AuthOnly/input_user_defined10_user_defined10")): Object: 'Object Repository/RecAndPlayBk/Page-Vlink-AuthOnly/input_user_defined10_user_defined10' is clicked on

2024-05-15 23:32:04 - [MESSAGE][PASSED] - Object: 'Object Repository/RecAndPlayBk/Page-Vlink-AuthOnly/input_user_defined10_user_defined10' is clicked on

2024-05-15 23:32:04 - [TEST_STEP][PASSED] - if (executionProfile.equalsIgnoreCase("QAProfile")): null

2024-05-15 23:32:04 - [TEST_STEP][PASSED] - click(findTestObject("Object Repository/RecAndPlayBk/Page-Vlink-AuthOnly/input")): Object: 'Object Repository/RecAndPlayBk/Page-Vlink-AuthOnly/input' is clicked on

2024-05-15 23:32:06 - [MESSAGE][PASSED] - Object: 'Object Repository/RecAndPlayBk/Page-Vlink-AuthOnly/input' is clicked on

2024-05-15 23:32:06 - [TEST_STEP][PASSED] - if (verifyTextPresent("Transaction approved, no errors", true)): null

2024-05-15 23:32:06 - [MESSAGE][PASSED] - Text 'Transaction approved, no errors' is present on page  using regular expression

2024-05-15 23:32:06 - [TEST_STEP][PASSED] - println("Transaction Approved, no errors text is present on the Confirmation page"): null

2024-05-15 23:32:06 - [TEST_STEP][PASSED] - out.println("Pass Record Number: " + row): null

2024-05-15 23:32:06 - [TEST_STEP][PASSED] - resText = "Pass": null

2024-05-15 23:32:06 - [TEST_STEP][PASSED] - pages.WriteExcel.demoKey(resText, datText, resColumn, datCloumn, fileLoc, nameSheet, row): pages.WriteExcel.demoKey is PASSED

2024-05-15 23:32:06 - [MESSAGE][PASSED] - pages.WriteExcel.demoKey is PASSED]]></system-out>
         <system-err><![CDATA[]]></system-err>
      </testcase>
      <testcase name="Test Cases/RecAndPlayBk/VLink/Auth-Capture" time="122.874" classname="Test Cases/RecAndPlayBk/VLink/Auth-Capture" status="PASSED">
         <system-out><![CDATA[2024-05-15 23:32:06 - [TEST_CASE][PASSED] - Test Cases/RecAndPlayBk/VLink/Auth-Capture: Test Cases/RecAndPlayBk/VLink/Auth-Capture

2024-05-15 23:32:07 - [TEST_STEP][PASSED] - executionProfile = getExecutionProfile(): null

2024-05-15 23:32:07 - [TEST_STEP][PASSED] - out.println("executionProfile : " + executionProfile): null

2024-05-15 23:32:07 - [TEST_STEP][PASSED] - appName = <not implemented yet for class: org.codehaus.groovy.ast.expr.EmptyExpression>: null

2024-05-15 23:32:07 - [TEST_STEP][PASSED] - appID = <not implemented yet for class: org.codehaus.groovy.ast.expr.EmptyExpression>: null

2024-05-15 23:32:07 - [TEST_STEP][PASSED] - username = <not implemented yet for class: org.codehaus.groovy.ast.expr.EmptyExpression>: null

2024-05-15 23:32:07 - [TEST_STEP][PASSED] - password = <not implemented yet for class: org.codehaus.groovy.ast.expr.EmptyExpression>: null

2024-05-15 23:32:07 - [TEST_STEP][PASSED] - cardNameV = <not implemented yet for class: org.codehaus.groovy.ast.expr.EmptyExpression>: null

2024-05-15 23:32:07 - [TEST_STEP][PASSED] - al1V = <not implemented yet for class: org.codehaus.groovy.ast.expr.EmptyExpression>: null

2024-05-15 23:32:07 - [TEST_STEP][PASSED] - al2V = <not implemented yet for class: org.codehaus.groovy.ast.expr.EmptyExpression>: null

2024-05-15 23:32:07 - [TEST_STEP][PASSED] - zipV = <not implemented yet for class: org.codehaus.groovy.ast.expr.EmptyExpression>: null

2024-05-15 23:32:07 - [TEST_STEP][PASSED] - cardTypeV = <not implemented yet for class: org.codehaus.groovy.ast.expr.EmptyExpression>: null

2024-05-15 23:32:07 - [TEST_STEP][PASSED] - last4V = <not implemented yet for class: org.codehaus.groovy.ast.expr.EmptyExpression>: null

2024-05-15 23:32:07 - [TEST_STEP][PASSED] - resText = "Fail": null

2024-05-15 23:32:07 - [TEST_STEP][PASSED] - resColumn = "Result": null

2024-05-15 23:32:07 - [TEST_STEP][PASSED] - datCloumn = "Date": null

2024-05-15 23:32:07 - [TEST_STEP][PASSED] - fileLoc = "KatalonData/VLinkSmokeData.xlsx": null

2024-05-15 23:32:07 - [TEST_STEP][PASSED] - numOfRows = <not implemented yet for class: org.codehaus.groovy.ast.expr.EmptyExpression>: null

2024-05-15 23:32:07 - [TEST_STEP][PASSED] - dataFile = <not implemented yet for class: org.codehaus.groovy.ast.expr.EmptyExpression>: null

2024-05-15 23:32:07 - [TEST_STEP][PASSED] - nameSheet = <not implemented yet for class: org.codehaus.groovy.ast.expr.EmptyExpression>: null

2024-05-15 23:32:07 - [TEST_STEP][PASSED] - nameSheet = "AuthCapture": null

2024-05-15 23:32:07 - [TEST_STEP][PASSED] - numOfRows = findTestData("QA/VLinkTestData/VLinkAuthCaptureData").getRowNumbers(): null

2024-05-15 23:32:07 - [TEST_STEP][PASSED] - println("Number of Records: " + numOfRows): null

2024-05-15 23:32:07 - [TEST_STEP][PASSED] - dataFile = "QA/VLinkTestData/VLinkAuthCaptureData": null

2024-05-15 23:32:07 - [TEST_STEP][PASSED] - for ([row = 1, row <= numOfRows, (row++)]): null

2024-05-15 23:32:07 - [TEST_STEP][PASSED] - ExecuteTC = findTestData(dataFile).getValue("Execute", row): null

2024-05-15 23:32:07 - [TEST_STEP][PASSED] - out.println("Value of Execute is : " + ExecuteTC): null

2024-05-15 23:32:07 - [TEST_STEP][PASSED] - switch (executionProfile): null

2024-05-15 23:32:07 - [TEST_STEP][PASSED] - case "QA2Profile":: null

2024-05-15 23:32:07 - [TEST_STEP][PASSED] - appID = findTestData(dataFile).getValue("AppIDQA", row): null

2024-05-15 23:32:07 - [TEST_STEP][PASSED] - username = findTestData(dataFile).getValue("UsernameQA", row): null

2024-05-15 23:32:07 - [TEST_STEP][PASSED] - password = findTestData(dataFile).getValue("PasswordQA", row): null

2024-05-15 23:32:07 - [TEST_STEP][PASSED] - break: null

2024-05-15 23:32:07 - [TEST_STEP][PASSED] - if (ExecuteTC.equalsIgnoreCase("Y")): null

2024-05-15 23:32:07 - [TEST_STEP][PASSED] - out.println("Begin Record Number: " + row): null

2024-05-15 23:32:07 - [TEST_STEP][PASSED] - today = new java.util.Date(): null

2024-05-15 23:32:07 - [TEST_STEP][PASSED] - println(today): null

2024-05-15 23:32:07 - [TEST_STEP][PASSED] - datText = today: null

2024-05-15 23:32:07 - [TEST_STEP][PASSED] - category = findTestData(dataFile).getValue("Category", row): null

2024-05-15 23:32:07 - [TEST_STEP][PASSED] - amount = findTestData(dataFile).getValue("Amount", row): null

2024-05-15 23:32:08 - [TEST_STEP][PASSED] - cardNumber = findTestData(dataFile).getValue("CardNumber", row): null

2024-05-15 23:32:08 - [TEST_STEP][PASSED] - exM = findTestData(dataFile).getValue("ExM", row): null

2024-05-15 23:32:08 - [TEST_STEP][PASSED] - exY = findTestData(dataFile).getValue("ExY", row): null

2024-05-15 23:32:08 - [TEST_STEP][PASSED] - openBrowser(VLinkURL + "auth.html"): Browser is opened with url: 'https://dev-algorithm.govolution.com/vlinktest/QA2/version_2_0/auth.html'

2024-05-15 23:32:08 - [MESSAGE][WARNING] - A browser is already opened. Closing browser and opening a new one

2024-05-15 23:32:09 - [MESSAGE][INFO] - Starting 'Chrome' driver

2024-05-15 23:32:09 - [MESSAGE][INFO] - User set preference: ['acceptInsecureCerts', 'true']

2024-05-15 23:32:09 - [MESSAGE][INFO] - Action delay is set to 0 milliseconds

2024-05-15 23:32:11 - [MESSAGE][PASSED] - Browser is opened with url: 'https://dev-algorithm.govolution.com/vlinktest/QA2/version_2_0/auth.html'

2024-05-15 23:32:11 - [TEST_STEP][PASSED] - maximizeWindow(): Current window maximized

2024-05-15 23:32:11 - [MESSAGE][PASSED] - Current window maximized

2024-05-15 23:32:11 - [TEST_STEP][PASSED] - genRemID = RandomStringUtils.random(12, true, true): null

2024-05-15 23:32:11 - [TEST_STEP][PASSED] - setText(findTestObject("Object Repository/RecAndPlayBk/Page-Vlink-AuthOnly/input_Remittance Id_remittance_id"), genRemID): Text 'FDjSKOjJQOd8' is set on object 'Object Repository/RecAndPlayBk/Page-Vlink-AuthOnly/input_Remittance Id_remittance_id'

2024-05-15 23:32:12 - [MESSAGE][PASSED] - Text 'FDjSKOjJQOd8' is set on object 'Object Repository/RecAndPlayBk/Page-Vlink-AuthOnly/input_Remittance Id_remittance_id'

2024-05-15 23:32:12 - [TEST_STEP][PASSED] - setText(findTestObject("Object Repository/RecAndPlayBk/Page-Vlink-AuthOnly/input_Application Id_application_id"), appID): Text '234' is set on object 'Object Repository/RecAndPlayBk/Page-Vlink-AuthOnly/input_Application Id_application_id'

2024-05-15 23:32:13 - [MESSAGE][PASSED] - Text '234' is set on object 'Object Repository/RecAndPlayBk/Page-Vlink-AuthOnly/input_Application Id_application_id'

2024-05-15 23:32:13 - [TEST_STEP][PASSED] - setText(findTestObject("Object Repository/RecAndPlayBk/Page-Vlink-AuthOnly/input_Username_username"), username): Text 'username' is set on object 'Object Repository/RecAndPlayBk/Page-Vlink-AuthOnly/input_Username_username'

2024-05-15 23:32:13 - [MESSAGE][PASSED] - Text 'username' is set on object 'Object Repository/RecAndPlayBk/Page-Vlink-AuthOnly/input_Username_username'

2024-05-15 23:32:13 - [TEST_STEP][PASSED] - setText(findTestObject("Object Repository/RecAndPlayBk/Page-Vlink-AuthOnly/input_Password_password"), password): Text 'password' is set on object 'Object Repository/RecAndPlayBk/Page-Vlink-AuthOnly/input_Password_password'

2024-05-15 23:32:14 - [MESSAGE][PASSED] - Text 'password' is set on object 'Object Repository/RecAndPlayBk/Page-Vlink-AuthOnly/input_Password_password'

2024-05-15 23:32:14 - [TEST_STEP][PASSED] - setText(findTestObject("Object Repository/RecAndPlayBk/Page-Vlink-AuthOnly/input_Category_category"), category): Text 'ECOM' is set on object 'Object Repository/RecAndPlayBk/Page-Vlink-AuthOnly/input_Category_category'

2024-05-15 23:32:15 - [MESSAGE][PASSED] - Text 'ECOM' is set on object 'Object Repository/RecAndPlayBk/Page-Vlink-AuthOnly/input_Category_category'

2024-05-15 23:32:15 - [TEST_STEP][PASSED] - setText(findTestObject("Object Repository/RecAndPlayBk/Page-Vlink-AuthOnly/input_Amount_amount"), amount): Text '10.5' is set on object 'Object Repository/RecAndPlayBk/Page-Vlink-AuthOnly/input_Amount_amount'

2024-05-15 23:32:15 - [MESSAGE][PASSED] - Text '10.5' is set on object 'Object Repository/RecAndPlayBk/Page-Vlink-AuthOnly/input_Amount_amount'

2024-05-15 23:32:15 - [TEST_STEP][PASSED] - doubleClick(findTestObject("Object Repository/RecAndPlayBk/Page-Vlink-AuthOnly/input_Card number_card_number")): Object: 'Object Repository/RecAndPlayBk/Page-Vlink-AuthOnly/input_Card number_card_number' is double clicked on

2024-05-15 23:32:16 - [MESSAGE][PASSED] - Object: 'Object Repository/RecAndPlayBk/Page-Vlink-AuthOnly/input_Card number_card_number' is double clicked on

2024-05-15 23:32:16 - [TEST_STEP][PASSED] - setText(findTestObject("Object Repository/RecAndPlayBk/Page-Vlink-AuthOnly/input_Card number_card_number"), cardNumber): Text '4111111111111111' is set on object 'Object Repository/RecAndPlayBk/Page-Vlink-AuthOnly/input_Card number_card_number'

2024-05-15 23:32:16 - [MESSAGE][PASSED] - Text '4111111111111111' is set on object 'Object Repository/RecAndPlayBk/Page-Vlink-AuthOnly/input_Card number_card_number'

2024-05-15 23:32:16 - [TEST_STEP][PASSED] - setText(findTestObject("Object Repository/RecAndPlayBk/Page-Vlink-AuthOnly/input_Card ex month_card_exmo"), exM): Text '12' is set on object 'Object Repository/RecAndPlayBk/Page-Vlink-AuthOnly/input_Card ex month_card_exmo'

2024-05-15 23:32:17 - [MESSAGE][PASSED] - Text '12' is set on object 'Object Repository/RecAndPlayBk/Page-Vlink-AuthOnly/input_Card ex month_card_exmo'

2024-05-15 23:32:17 - [TEST_STEP][PASSED] - setText(findTestObject("Object Repository/RecAndPlayBk/Page-Vlink-AuthOnly/input_Card ex year_card_exyr"), exY): Text '2029' is set on object 'Object Repository/RecAndPlayBk/Page-Vlink-AuthOnly/input_Card ex year_card_exyr'

2024-05-15 23:32:18 - [MESSAGE][PASSED] - Text '2029' is set on object 'Object Repository/RecAndPlayBk/Page-Vlink-AuthOnly/input_Card ex year_card_exyr'

2024-05-15 23:32:18 - [TEST_STEP][PASSED] - click(findTestObject("Object Repository/RecAndPlayBk/Page-Vlink-AuthOnly/input_Track Data_track_data")): Object: 'Object Repository/RecAndPlayBk/Page-Vlink-AuthOnly/input_Track Data_track_data' is clicked on

2024-05-15 23:32:18 - [MESSAGE][PASSED] - Object: 'Object Repository/RecAndPlayBk/Page-Vlink-AuthOnly/input_Track Data_track_data' is clicked on

2024-05-15 23:32:18 - [TEST_STEP][PASSED] - click(findTestObject("Object Repository/RecAndPlayBk/Page-Vlink-AuthOnly/input_CVV state_cvv_state")): Object: 'Object Repository/RecAndPlayBk/Page-Vlink-AuthOnly/input_CVV state_cvv_state' is clicked on

2024-05-15 23:32:18 - [MESSAGE][PASSED] - Object: 'Object Repository/RecAndPlayBk/Page-Vlink-AuthOnly/input_CVV state_cvv_state' is clicked on

2024-05-15 23:32:18 - [TEST_STEP][PASSED] - setText(findTestObject("Object Repository/RecAndPlayBk/Page-Vlink-AuthOnly/input_Track Data_track_data"), ""): Text '' is set on object 'Object Repository/RecAndPlayBk/Page-Vlink-AuthOnly/input_Track Data_track_data'

2024-05-15 23:32:19 - [MESSAGE][PASSED] - Text '' is set on object 'Object Repository/RecAndPlayBk/Page-Vlink-AuthOnly/input_Track Data_track_data'

2024-05-15 23:32:19 - [TEST_STEP][PASSED] - setText(findTestObject("Object Repository/RecAndPlayBk/Page-Vlink-AuthOnly/input_concat(Cardholder, , s email)_email"), ""): Text '' is set on object 'Object Repository/RecAndPlayBk/Page-Vlink-AuthOnly/input_concat(Cardholder, , s email)_email'

2024-05-15 23:32:20 - [MESSAGE][PASSED] - Text '' is set on object 'Object Repository/RecAndPlayBk/Page-Vlink-AuthOnly/input_concat(Cardholder, , s email)_email'

2024-05-15 23:32:20 - [TEST_STEP][PASSED] - click(findTestObject("Object Repository/RecAndPlayBk/Page-Vlink-AuthOnly/input_user_defined10_user_defined10")): Object: 'Object Repository/RecAndPlayBk/Page-Vlink-AuthOnly/input_user_defined10_user_defined10' is clicked on

2024-05-15 23:32:20 - [MESSAGE][PASSED] - Object: 'Object Repository/RecAndPlayBk/Page-Vlink-AuthOnly/input_user_defined10_user_defined10' is clicked on

2024-05-15 23:32:20 - [TEST_STEP][PASSED] - if (executionProfile.equalsIgnoreCase("QAProfile")): null

2024-05-15 23:32:20 - [TEST_STEP][PASSED] - click(findTestObject("Object Repository/RecAndPlayBk/Page-Vlink-AuthOnly/input")): Object: 'Object Repository/RecAndPlayBk/Page-Vlink-AuthOnly/input' is clicked on

2024-05-15 23:32:21 - [MESSAGE][PASSED] - Object: 'Object Repository/RecAndPlayBk/Page-Vlink-AuthOnly/input' is clicked on

2024-05-15 23:32:21 - [TEST_STEP][PASSED] - if (verifyTextPresent("Transaction approved, no errors", true)): null

2024-05-15 23:32:22 - [MESSAGE][PASSED] - Text 'Transaction approved, no errors' is present on page  using regular expression

2024-05-15 23:32:22 - [TEST_STEP][PASSED] - out.println("Auth was successful, Capture now"): null

2024-05-15 23:32:22 - [TEST_STEP][PASSED] - sdfo = getText(findTestObject("Object Repository/Page_VLinkReceipt/pre_STX")): Text of object 'Object Repository/Page_VLinkReceipt/pre_STX' is: '<STX>FDjSKOjJQOd8                  12151581            0  Transaction approved, no errors                   0                                                                                  Y 256236708<ETX>'

2024-05-15 23:32:22 - [MESSAGE][PASSED] - Text of object 'Object Repository/Page_VLinkReceipt/pre_STX' is: '<STX>FDjSKOjJQOd8                  12151581            0  Transaction approved, no errors                   0                                                                                  Y 256236708<ETX>'

2024-05-15 23:32:22 - [TEST_STEP][PASSED] - out.println("sdfo: " + sdfo): null

2024-05-15 23:32:22 - [TEST_STEP][PASSED] - remID = substring(5, 35).trim(): null

2024-05-15 23:32:22 - [TEST_STEP][PASSED] - out.println("remID: " + remID): null

2024-05-15 23:32:22 - [TEST_STEP][PASSED] - traxID = substring(35, 55).trim(): null

2024-05-15 23:32:22 - [TEST_STEP][PASSED] - out.println("traxID: " + traxID): null

2024-05-15 23:32:22 - [TEST_STEP][PASSED] - VLinkSaleRemID = remID: null

2024-05-15 23:32:22 - [TEST_STEP][PASSED] - VLinkSaleTranxID = traxID: null

2024-05-15 23:32:22 - [TEST_STEP][PASSED] - openBrowser(VLinkURL + "capture.html"): Browser is opened with url: 'https://dev-algorithm.govolution.com/vlinktest/QA2/version_2_0/capture.html'

2024-05-15 23:32:22 - [MESSAGE][WARNING] - A browser is already opened. Closing browser and opening a new one

2024-05-15 23:32:23 - [MESSAGE][INFO] - Starting 'Chrome' driver

2024-05-15 23:32:23 - [MESSAGE][INFO] - User set preference: ['acceptInsecureCerts', 'true']

2024-05-15 23:32:23 - [MESSAGE][INFO] - Action delay is set to 0 milliseconds

2024-05-15 23:32:25 - [MESSAGE][PASSED] - Browser is opened with url: 'https://dev-algorithm.govolution.com/vlinktest/QA2/version_2_0/capture.html'

2024-05-15 23:32:25 - [TEST_STEP][PASSED] - maximizeWindow(): Current window maximized

2024-05-15 23:32:26 - [MESSAGE][PASSED] - Current window maximized

2024-05-15 23:32:26 - [TEST_STEP][PASSED] - setText(findTestObject("Object Repository/RecAndPlayBk/Page-VLink-Capture/input_Remittance Id_remittance_id"), VLinkSaleRemID): Text 'FDjSKOjJQOd8' is set on object 'Object Repository/RecAndPlayBk/Page-VLink-Capture/input_Remittance Id_remittance_id'

2024-05-15 23:32:26 - [MESSAGE][PASSED] - Text 'FDjSKOjJQOd8' is set on object 'Object Repository/RecAndPlayBk/Page-VLink-Capture/input_Remittance Id_remittance_id'

2024-05-15 23:32:26 - [TEST_STEP][PASSED] - setText(findTestObject("Object Repository/RecAndPlayBk/Page-VLink-Capture/input_Application Id_application_id"), appID): Text '234' is set on object 'Object Repository/RecAndPlayBk/Page-VLink-Capture/input_Application Id_application_id'

2024-05-15 23:32:27 - [MESSAGE][PASSED] - Text '234' is set on object 'Object Repository/RecAndPlayBk/Page-VLink-Capture/input_Application Id_application_id'

2024-05-15 23:32:27 - [TEST_STEP][PASSED] - setText(findTestObject("Object Repository/RecAndPlayBk/Page-VLink-Capture/input_Username_username"), username): Text 'username' is set on object 'Object Repository/RecAndPlayBk/Page-VLink-Capture/input_Username_username'

2024-05-15 23:32:28 - [MESSAGE][PASSED] - Text 'username' is set on object 'Object Repository/RecAndPlayBk/Page-VLink-Capture/input_Username_username'

2024-05-15 23:32:28 - [TEST_STEP][PASSED] - setText(findTestObject("Object Repository/RecAndPlayBk/Page-VLink-Capture/input_Password_password"), password): Text 'password' is set on object 'Object Repository/RecAndPlayBk/Page-VLink-Capture/input_Password_password'

2024-05-15 23:32:28 - [MESSAGE][PASSED] - Text 'password' is set on object 'Object Repository/RecAndPlayBk/Page-VLink-Capture/input_Password_password'

2024-05-15 23:32:28 - [TEST_STEP][PASSED] - setText(findTestObject("Object Repository/RecAndPlayBk/Page-VLink-Capture/input_Transaction ID_transaction_id"), VLinkSaleTranxID): Text '12151581' is set on object 'Object Repository/RecAndPlayBk/Page-VLink-Capture/input_Transaction ID_transaction_id'

2024-05-15 23:32:29 - [MESSAGE][PASSED] - Text '12151581' is set on object 'Object Repository/RecAndPlayBk/Page-VLink-Capture/input_Transaction ID_transaction_id'

2024-05-15 23:32:29 - [TEST_STEP][PASSED] - setText(findTestObject("Object Repository/RecAndPlayBk/Page-VLink-Capture/input_Amount_amount"), amount): Text '10.5' is set on object 'Object Repository/RecAndPlayBk/Page-VLink-Capture/input_Amount_amount'

2024-05-15 23:32:30 - [MESSAGE][PASSED] - Text '10.5' is set on object 'Object Repository/RecAndPlayBk/Page-VLink-Capture/input_Amount_amount'

2024-05-15 23:32:30 - [TEST_STEP][PASSED] - click(findTestObject("Object Repository/RecAndPlayBk/Page-VLink-Capture/input")): Object: 'Object Repository/RecAndPlayBk/Page-VLink-Capture/input' is clicked on

2024-05-15 23:32:31 - [MESSAGE][PASSED] - Object: 'Object Repository/RecAndPlayBk/Page-VLink-Capture/input' is clicked on

2024-05-15 23:32:31 - [TEST_STEP][PASSED] - if (verifyTextPresent("Transaction approved, no errors", true)): null

2024-05-15 23:32:31 - [MESSAGE][PASSED] - Text 'Transaction approved, no errors' is present on page  using regular expression

2024-05-15 23:32:31 - [TEST_STEP][PASSED] - println("Transaction Approved, no errors text is present on the Confirmation page"): null

2024-05-15 23:32:31 - [TEST_STEP][PASSED] - out.println("Pass Record Number: " + row): null

2024-05-15 23:32:31 - [TEST_STEP][PASSED] - resText = "Pass": null

2024-05-15 23:32:31 - [TEST_STEP][PASSED] - pages.WriteExcel.demoKey(resText, datText, resColumn, datCloumn, fileLoc, nameSheet, row): pages.WriteExcel.demoKey is PASSED

2024-05-15 23:32:31 - [MESSAGE][PASSED] - pages.WriteExcel.demoKey is PASSED

2024-05-15 23:32:31 - [TEST_STEP][PASSED] - ExecuteTC = findTestData(dataFile).getValue("Execute", row): null

2024-05-15 23:32:31 - [TEST_STEP][PASSED] - out.println("Value of Execute is : " + ExecuteTC): null

2024-05-15 23:32:31 - [TEST_STEP][PASSED] - switch (executionProfile): null

2024-05-15 23:32:31 - [TEST_STEP][PASSED] - case "QA2Profile":: null

2024-05-15 23:32:31 - [TEST_STEP][PASSED] - appID = findTestData(dataFile).getValue("AppIDQA", row): null

2024-05-15 23:32:31 - [TEST_STEP][PASSED] - username = findTestData(dataFile).getValue("UsernameQA", row): null

2024-05-15 23:32:32 - [TEST_STEP][PASSED] - password = findTestData(dataFile).getValue("PasswordQA", row): null

2024-05-15 23:32:32 - [TEST_STEP][PASSED] - break: null

2024-05-15 23:32:32 - [TEST_STEP][PASSED] - if (ExecuteTC.equalsIgnoreCase("Y")): null

2024-05-15 23:32:32 - [TEST_STEP][PASSED] - out.println("Begin Record Number: " + row): null

2024-05-15 23:32:32 - [TEST_STEP][PASSED] - today = new java.util.Date(): null

2024-05-15 23:32:32 - [TEST_STEP][PASSED] - println(today): null

2024-05-15 23:32:32 - [TEST_STEP][PASSED] - datText = today: null

2024-05-15 23:32:32 - [TEST_STEP][PASSED] - category = findTestData(dataFile).getValue("Category", row): null

2024-05-15 23:32:32 - [TEST_STEP][PASSED] - amount = findTestData(dataFile).getValue("Amount", row): null

2024-05-15 23:32:32 - [TEST_STEP][PASSED] - cardNumber = findTestData(dataFile).getValue("CardNumber", row): null

2024-05-15 23:32:32 - [TEST_STEP][PASSED] - exM = findTestData(dataFile).getValue("ExM", row): null

2024-05-15 23:32:32 - [TEST_STEP][PASSED] - exY = findTestData(dataFile).getValue("ExY", row): null

2024-05-15 23:32:32 - [TEST_STEP][PASSED] - openBrowser(VLinkURL + "auth.html"): Browser is opened with url: 'https://dev-algorithm.govolution.com/vlinktest/QA2/version_2_0/auth.html'

2024-05-15 23:32:32 - [MESSAGE][WARNING] - A browser is already opened. Closing browser and opening a new one

2024-05-15 23:32:33 - [MESSAGE][INFO] - Starting 'Chrome' driver

2024-05-15 23:32:33 - [MESSAGE][INFO] - User set preference: ['acceptInsecureCerts', 'true']

2024-05-15 23:32:33 - [MESSAGE][INFO] - Action delay is set to 0 milliseconds

2024-05-15 23:32:36 - [MESSAGE][PASSED] - Browser is opened with url: 'https://dev-algorithm.govolution.com/vlinktest/QA2/version_2_0/auth.html'

2024-05-15 23:32:36 - [TEST_STEP][PASSED] - maximizeWindow(): Current window maximized

2024-05-15 23:32:36 - [MESSAGE][PASSED] - Current window maximized

2024-05-15 23:32:36 - [TEST_STEP][PASSED] - genRemID = RandomStringUtils.random(12, true, true): null

2024-05-15 23:32:36 - [TEST_STEP][PASSED] - setText(findTestObject("Object Repository/RecAndPlayBk/Page-Vlink-AuthOnly/input_Remittance Id_remittance_id"), genRemID): Text 'xwweRTytvDza' is set on object 'Object Repository/RecAndPlayBk/Page-Vlink-AuthOnly/input_Remittance Id_remittance_id'

2024-05-15 23:32:37 - [MESSAGE][PASSED] - Text 'xwweRTytvDza' is set on object 'Object Repository/RecAndPlayBk/Page-Vlink-AuthOnly/input_Remittance Id_remittance_id'

2024-05-15 23:32:37 - [TEST_STEP][PASSED] - setText(findTestObject("Object Repository/RecAndPlayBk/Page-Vlink-AuthOnly/input_Application Id_application_id"), appID): Text '234' is set on object 'Object Repository/RecAndPlayBk/Page-Vlink-AuthOnly/input_Application Id_application_id'

2024-05-15 23:32:37 - [MESSAGE][PASSED] - Text '234' is set on object 'Object Repository/RecAndPlayBk/Page-Vlink-AuthOnly/input_Application Id_application_id'

2024-05-15 23:32:37 - [TEST_STEP][PASSED] - setText(findTestObject("Object Repository/RecAndPlayBk/Page-Vlink-AuthOnly/input_Username_username"), username): Text 'username' is set on object 'Object Repository/RecAndPlayBk/Page-Vlink-AuthOnly/input_Username_username'

2024-05-15 23:32:38 - [MESSAGE][PASSED] - Text 'username' is set on object 'Object Repository/RecAndPlayBk/Page-Vlink-AuthOnly/input_Username_username'

2024-05-15 23:32:38 - [TEST_STEP][PASSED] - setText(findTestObject("Object Repository/RecAndPlayBk/Page-Vlink-AuthOnly/input_Password_password"), password): Text 'password' is set on object 'Object Repository/RecAndPlayBk/Page-Vlink-AuthOnly/input_Password_password'

2024-05-15 23:32:39 - [MESSAGE][PASSED] - Text 'password' is set on object 'Object Repository/RecAndPlayBk/Page-Vlink-AuthOnly/input_Password_password'

2024-05-15 23:32:39 - [TEST_STEP][PASSED] - setText(findTestObject("Object Repository/RecAndPlayBk/Page-Vlink-AuthOnly/input_Category_category"), category): Text 'MOTO' is set on object 'Object Repository/RecAndPlayBk/Page-Vlink-AuthOnly/input_Category_category'

2024-05-15 23:32:39 - [MESSAGE][PASSED] - Text 'MOTO' is set on object 'Object Repository/RecAndPlayBk/Page-Vlink-AuthOnly/input_Category_category'

2024-05-15 23:32:39 - [TEST_STEP][PASSED] - setText(findTestObject("Object Repository/RecAndPlayBk/Page-Vlink-AuthOnly/input_Amount_amount"), amount): Text '10.5' is set on object 'Object Repository/RecAndPlayBk/Page-Vlink-AuthOnly/input_Amount_amount'

2024-05-15 23:32:40 - [MESSAGE][PASSED] - Text '10.5' is set on object 'Object Repository/RecAndPlayBk/Page-Vlink-AuthOnly/input_Amount_amount'

2024-05-15 23:32:40 - [TEST_STEP][PASSED] - doubleClick(findTestObject("Object Repository/RecAndPlayBk/Page-Vlink-AuthOnly/input_Card number_card_number")): Object: 'Object Repository/RecAndPlayBk/Page-Vlink-AuthOnly/input_Card number_card_number' is double clicked on

2024-05-15 23:32:40 - [MESSAGE][PASSED] - Object: 'Object Repository/RecAndPlayBk/Page-Vlink-AuthOnly/input_Card number_card_number' is double clicked on

2024-05-15 23:32:40 - [TEST_STEP][PASSED] - setText(findTestObject("Object Repository/RecAndPlayBk/Page-Vlink-AuthOnly/input_Card number_card_number"), cardNumber): Text '5424000000000015' is set on object 'Object Repository/RecAndPlayBk/Page-Vlink-AuthOnly/input_Card number_card_number'

2024-05-15 23:32:41 - [MESSAGE][PASSED] - Text '5424000000000015' is set on object 'Object Repository/RecAndPlayBk/Page-Vlink-AuthOnly/input_Card number_card_number'

2024-05-15 23:32:41 - [TEST_STEP][PASSED] - setText(findTestObject("Object Repository/RecAndPlayBk/Page-Vlink-AuthOnly/input_Card ex month_card_exmo"), exM): Text '12' is set on object 'Object Repository/RecAndPlayBk/Page-Vlink-AuthOnly/input_Card ex month_card_exmo'

2024-05-15 23:32:42 - [MESSAGE][PASSED] - Text '12' is set on object 'Object Repository/RecAndPlayBk/Page-Vlink-AuthOnly/input_Card ex month_card_exmo'

2024-05-15 23:32:42 - [TEST_STEP][PASSED] - setText(findTestObject("Object Repository/RecAndPlayBk/Page-Vlink-AuthOnly/input_Card ex year_card_exyr"), exY): Text '2029' is set on object 'Object Repository/RecAndPlayBk/Page-Vlink-AuthOnly/input_Card ex year_card_exyr'

2024-05-15 23:32:42 - [MESSAGE][PASSED] - Text '2029' is set on object 'Object Repository/RecAndPlayBk/Page-Vlink-AuthOnly/input_Card ex year_card_exyr'

2024-05-15 23:32:42 - [TEST_STEP][PASSED] - click(findTestObject("Object Repository/RecAndPlayBk/Page-Vlink-AuthOnly/input_Track Data_track_data")): Object: 'Object Repository/RecAndPlayBk/Page-Vlink-AuthOnly/input_Track Data_track_data' is clicked on

2024-05-15 23:32:43 - [MESSAGE][PASSED] - Object: 'Object Repository/RecAndPlayBk/Page-Vlink-AuthOnly/input_Track Data_track_data' is clicked on

2024-05-15 23:32:43 - [TEST_STEP][PASSED] - click(findTestObject("Object Repository/RecAndPlayBk/Page-Vlink-AuthOnly/input_CVV state_cvv_state")): Object: 'Object Repository/RecAndPlayBk/Page-Vlink-AuthOnly/input_CVV state_cvv_state' is clicked on

2024-05-15 23:32:43 - [MESSAGE][PASSED] - Object: 'Object Repository/RecAndPlayBk/Page-Vlink-AuthOnly/input_CVV state_cvv_state' is clicked on

2024-05-15 23:32:43 - [TEST_STEP][PASSED] - setText(findTestObject("Object Repository/RecAndPlayBk/Page-Vlink-AuthOnly/input_Track Data_track_data"), ""): Text '' is set on object 'Object Repository/RecAndPlayBk/Page-Vlink-AuthOnly/input_Track Data_track_data'

2024-05-15 23:32:44 - [MESSAGE][PASSED] - Text '' is set on object 'Object Repository/RecAndPlayBk/Page-Vlink-AuthOnly/input_Track Data_track_data'

2024-05-15 23:32:44 - [TEST_STEP][PASSED] - setText(findTestObject("Object Repository/RecAndPlayBk/Page-Vlink-AuthOnly/input_concat(Cardholder, , s email)_email"), ""): Text '' is set on object 'Object Repository/RecAndPlayBk/Page-Vlink-AuthOnly/input_concat(Cardholder, , s email)_email'

2024-05-15 23:32:44 - [MESSAGE][PASSED] - Text '' is set on object 'Object Repository/RecAndPlayBk/Page-Vlink-AuthOnly/input_concat(Cardholder, , s email)_email'

2024-05-15 23:32:44 - [TEST_STEP][PASSED] - click(findTestObject("Object Repository/RecAndPlayBk/Page-Vlink-AuthOnly/input_user_defined10_user_defined10")): Object: 'Object Repository/RecAndPlayBk/Page-Vlink-AuthOnly/input_user_defined10_user_defined10' is clicked on

2024-05-15 23:32:45 - [MESSAGE][PASSED] - Object: 'Object Repository/RecAndPlayBk/Page-Vlink-AuthOnly/input_user_defined10_user_defined10' is clicked on

2024-05-15 23:32:45 - [TEST_STEP][PASSED] - if (executionProfile.equalsIgnoreCase("QAProfile")): null

2024-05-15 23:32:45 - [TEST_STEP][PASSED] - click(findTestObject("Object Repository/RecAndPlayBk/Page-Vlink-AuthOnly/input")): Object: 'Object Repository/RecAndPlayBk/Page-Vlink-AuthOnly/input' is clicked on

2024-05-15 23:32:46 - [MESSAGE][PASSED] - Object: 'Object Repository/RecAndPlayBk/Page-Vlink-AuthOnly/input' is clicked on

2024-05-15 23:32:46 - [TEST_STEP][PASSED] - if (verifyTextPresent("Transaction approved, no errors", true)): null

2024-05-15 23:32:46 - [MESSAGE][PASSED] - Text 'Transaction approved, no errors' is present on page  using regular expression

2024-05-15 23:32:46 - [TEST_STEP][PASSED] - out.println("Auth was successful, Capture now"): null

2024-05-15 23:32:46 - [TEST_STEP][PASSED] - sdfo = getText(findTestObject("Object Repository/Page_VLinkReceipt/pre_STX")): Text of object 'Object Repository/Page_VLinkReceipt/pre_STX' is: '<STX>xwweRTytvDza                  12151583            0  Transaction approved, no errors                   0                                                                                  Y 043860462<ETX>'

2024-05-15 23:32:46 - [MESSAGE][PASSED] - Text of object 'Object Repository/Page_VLinkReceipt/pre_STX' is: '<STX>xwweRTytvDza                  12151583            0  Transaction approved, no errors                   0                                                                                  Y 043860462<ETX>'

2024-05-15 23:32:46 - [TEST_STEP][PASSED] - out.println("sdfo: " + sdfo): null

2024-05-15 23:32:46 - [TEST_STEP][PASSED] - remID = substring(5, 35).trim(): null

2024-05-15 23:32:46 - [TEST_STEP][PASSED] - out.println("remID: " + remID): null

2024-05-15 23:32:46 - [TEST_STEP][PASSED] - traxID = substring(35, 55).trim(): null

2024-05-15 23:32:46 - [TEST_STEP][PASSED] - out.println("traxID: " + traxID): null

2024-05-15 23:32:46 - [TEST_STEP][PASSED] - VLinkSaleRemID = remID: null

2024-05-15 23:32:46 - [TEST_STEP][PASSED] - VLinkSaleTranxID = traxID: null

2024-05-15 23:32:46 - [TEST_STEP][PASSED] - openBrowser(VLinkURL + "capture.html"): Browser is opened with url: 'https://dev-algorithm.govolution.com/vlinktest/QA2/version_2_0/capture.html'

2024-05-15 23:32:46 - [MESSAGE][WARNING] - A browser is already opened. Closing browser and opening a new one

2024-05-15 23:32:48 - [MESSAGE][INFO] - Starting 'Chrome' driver

2024-05-15 23:32:48 - [MESSAGE][INFO] - User set preference: ['acceptInsecureCerts', 'true']

2024-05-15 23:32:48 - [MESSAGE][INFO] - Action delay is set to 0 milliseconds

2024-05-15 23:32:50 - [MESSAGE][PASSED] - Browser is opened with url: 'https://dev-algorithm.govolution.com/vlinktest/QA2/version_2_0/capture.html'

2024-05-15 23:32:50 - [TEST_STEP][PASSED] - maximizeWindow(): Current window maximized

2024-05-15 23:32:50 - [MESSAGE][PASSED] - Current window maximized

2024-05-15 23:32:50 - [TEST_STEP][PASSED] - setText(findTestObject("Object Repository/RecAndPlayBk/Page-VLink-Capture/input_Remittance Id_remittance_id"), VLinkSaleRemID): Text 'xwweRTytvDza' is set on object 'Object Repository/RecAndPlayBk/Page-VLink-Capture/input_Remittance Id_remittance_id'

2024-05-15 23:32:51 - [MESSAGE][PASSED] - Text 'xwweRTytvDza' is set on object 'Object Repository/RecAndPlayBk/Page-VLink-Capture/input_Remittance Id_remittance_id'

2024-05-15 23:32:51 - [TEST_STEP][PASSED] - setText(findTestObject("Object Repository/RecAndPlayBk/Page-VLink-Capture/input_Application Id_application_id"), appID): Text '234' is set on object 'Object Repository/RecAndPlayBk/Page-VLink-Capture/input_Application Id_application_id'

2024-05-15 23:32:51 - [MESSAGE][PASSED] - Text '234' is set on object 'Object Repository/RecAndPlayBk/Page-VLink-Capture/input_Application Id_application_id'

2024-05-15 23:32:51 - [TEST_STEP][PASSED] - setText(findTestObject("Object Repository/RecAndPlayBk/Page-VLink-Capture/input_Username_username"), username): Text 'username' is set on object 'Object Repository/RecAndPlayBk/Page-VLink-Capture/input_Username_username'

2024-05-15 23:32:52 - [MESSAGE][PASSED] - Text 'username' is set on object 'Object Repository/RecAndPlayBk/Page-VLink-Capture/input_Username_username'

2024-05-15 23:32:52 - [TEST_STEP][PASSED] - setText(findTestObject("Object Repository/RecAndPlayBk/Page-VLink-Capture/input_Password_password"), password): Text 'password' is set on object 'Object Repository/RecAndPlayBk/Page-VLink-Capture/input_Password_password'

2024-05-15 23:32:53 - [MESSAGE][PASSED] - Text 'password' is set on object 'Object Repository/RecAndPlayBk/Page-VLink-Capture/input_Password_password'

2024-05-15 23:32:53 - [TEST_STEP][PASSED] - setText(findTestObject("Object Repository/RecAndPlayBk/Page-VLink-Capture/input_Transaction ID_transaction_id"), VLinkSaleTranxID): Text '12151583' is set on object 'Object Repository/RecAndPlayBk/Page-VLink-Capture/input_Transaction ID_transaction_id'

2024-05-15 23:32:53 - [MESSAGE][PASSED] - Text '12151583' is set on object 'Object Repository/RecAndPlayBk/Page-VLink-Capture/input_Transaction ID_transaction_id'

2024-05-15 23:32:53 - [TEST_STEP][PASSED] - setText(findTestObject("Object Repository/RecAndPlayBk/Page-VLink-Capture/input_Amount_amount"), amount): Text '10.5' is set on object 'Object Repository/RecAndPlayBk/Page-VLink-Capture/input_Amount_amount'

2024-05-15 23:32:54 - [MESSAGE][PASSED] - Text '10.5' is set on object 'Object Repository/RecAndPlayBk/Page-VLink-Capture/input_Amount_amount'

2024-05-15 23:32:54 - [TEST_STEP][PASSED] - click(findTestObject("Object Repository/RecAndPlayBk/Page-VLink-Capture/input")): Object: 'Object Repository/RecAndPlayBk/Page-VLink-Capture/input' is clicked on

2024-05-15 23:32:55 - [MESSAGE][PASSED] - Object: 'Object Repository/RecAndPlayBk/Page-VLink-Capture/input' is clicked on

2024-05-15 23:32:55 - [TEST_STEP][PASSED] - if (verifyTextPresent("Transaction approved, no errors", true)): null

2024-05-15 23:32:55 - [MESSAGE][PASSED] - Text 'Transaction approved, no errors' is present on page  using regular expression

2024-05-15 23:32:55 - [TEST_STEP][PASSED] - println("Transaction Approved, no errors text is present on the Confirmation page"): null

2024-05-15 23:32:55 - [TEST_STEP][PASSED] - out.println("Pass Record Number: " + row): null

2024-05-15 23:32:55 - [TEST_STEP][PASSED] - resText = "Pass": null

2024-05-15 23:32:55 - [TEST_STEP][PASSED] - pages.WriteExcel.demoKey(resText, datText, resColumn, datCloumn, fileLoc, nameSheet, row): pages.WriteExcel.demoKey is PASSED

2024-05-15 23:32:56 - [MESSAGE][PASSED] - pages.WriteExcel.demoKey is PASSED

2024-05-15 23:32:56 - [TEST_STEP][PASSED] - ExecuteTC = findTestData(dataFile).getValue("Execute", row): null

2024-05-15 23:32:56 - [TEST_STEP][PASSED] - out.println("Value of Execute is : " + ExecuteTC): null

2024-05-15 23:32:56 - [TEST_STEP][PASSED] - switch (executionProfile): null

2024-05-15 23:32:56 - [TEST_STEP][PASSED] - case "QA2Profile":: null

2024-05-15 23:32:56 - [TEST_STEP][PASSED] - appID = findTestData(dataFile).getValue("AppIDQA", row): null

2024-05-15 23:32:56 - [TEST_STEP][PASSED] - username = findTestData(dataFile).getValue("UsernameQA", row): null

2024-05-15 23:32:56 - [TEST_STEP][PASSED] - password = findTestData(dataFile).getValue("PasswordQA", row): null

2024-05-15 23:32:56 - [TEST_STEP][PASSED] - break: null

2024-05-15 23:32:56 - [TEST_STEP][PASSED] - if (ExecuteTC.equalsIgnoreCase("Y")): null

2024-05-15 23:32:56 - [TEST_STEP][PASSED] - out.println("Begin Record Number: " + row): null

2024-05-15 23:32:56 - [TEST_STEP][PASSED] - today = new java.util.Date(): null

2024-05-15 23:32:56 - [TEST_STEP][PASSED] - println(today): null

2024-05-15 23:32:56 - [TEST_STEP][PASSED] - datText = today: null

2024-05-15 23:32:56 - [TEST_STEP][PASSED] - category = findTestData(dataFile).getValue("Category", row): null

2024-05-15 23:32:56 - [TEST_STEP][PASSED] - amount = findTestData(dataFile).getValue("Amount", row): null

2024-05-15 23:32:56 - [TEST_STEP][PASSED] - cardNumber = findTestData(dataFile).getValue("CardNumber", row): null

2024-05-15 23:32:56 - [TEST_STEP][PASSED] - exM = findTestData(dataFile).getValue("ExM", row): null

2024-05-15 23:32:56 - [TEST_STEP][PASSED] - exY = findTestData(dataFile).getValue("ExY", row): null

2024-05-15 23:32:56 - [TEST_STEP][PASSED] - openBrowser(VLinkURL + "auth.html"): Browser is opened with url: 'https://dev-algorithm.govolution.com/vlinktest/QA2/version_2_0/auth.html'

2024-05-15 23:32:56 - [MESSAGE][WARNING] - A browser is already opened. Closing browser and opening a new one

2024-05-15 23:32:58 - [MESSAGE][INFO] - Starting 'Chrome' driver

2024-05-15 23:32:58 - [MESSAGE][INFO] - User set preference: ['acceptInsecureCerts', 'true']

2024-05-15 23:32:58 - [MESSAGE][INFO] - Action delay is set to 0 milliseconds

2024-05-15 23:33:00 - [MESSAGE][PASSED] - Browser is opened with url: 'https://dev-algorithm.govolution.com/vlinktest/QA2/version_2_0/auth.html'

2024-05-15 23:33:00 - [TEST_STEP][PASSED] - maximizeWindow(): Current window maximized

2024-05-15 23:33:00 - [MESSAGE][PASSED] - Current window maximized

2024-05-15 23:33:00 - [TEST_STEP][PASSED] - genRemID = RandomStringUtils.random(12, true, true): null

2024-05-15 23:33:00 - [TEST_STEP][PASSED] - setText(findTestObject("Object Repository/RecAndPlayBk/Page-Vlink-AuthOnly/input_Remittance Id_remittance_id"), genRemID): Text 'UirQwAKH43rq' is set on object 'Object Repository/RecAndPlayBk/Page-Vlink-AuthOnly/input_Remittance Id_remittance_id'

2024-05-15 23:33:01 - [MESSAGE][PASSED] - Text 'UirQwAKH43rq' is set on object 'Object Repository/RecAndPlayBk/Page-Vlink-AuthOnly/input_Remittance Id_remittance_id'

2024-05-15 23:33:01 - [TEST_STEP][PASSED] - setText(findTestObject("Object Repository/RecAndPlayBk/Page-Vlink-AuthOnly/input_Application Id_application_id"), appID): Text '234' is set on object 'Object Repository/RecAndPlayBk/Page-Vlink-AuthOnly/input_Application Id_application_id'

2024-05-15 23:33:01 - [MESSAGE][PASSED] - Text '234' is set on object 'Object Repository/RecAndPlayBk/Page-Vlink-AuthOnly/input_Application Id_application_id'

2024-05-15 23:33:01 - [TEST_STEP][PASSED] - setText(findTestObject("Object Repository/RecAndPlayBk/Page-Vlink-AuthOnly/input_Username_username"), username): Text 'username' is set on object 'Object Repository/RecAndPlayBk/Page-Vlink-AuthOnly/input_Username_username'

2024-05-15 23:33:02 - [MESSAGE][PASSED] - Text 'username' is set on object 'Object Repository/RecAndPlayBk/Page-Vlink-AuthOnly/input_Username_username'

2024-05-15 23:33:02 - [TEST_STEP][PASSED] - setText(findTestObject("Object Repository/RecAndPlayBk/Page-Vlink-AuthOnly/input_Password_password"), password): Text 'password' is set on object 'Object Repository/RecAndPlayBk/Page-Vlink-AuthOnly/input_Password_password'

2024-05-15 23:33:03 - [MESSAGE][PASSED] - Text 'password' is set on object 'Object Repository/RecAndPlayBk/Page-Vlink-AuthOnly/input_Password_password'

2024-05-15 23:33:03 - [TEST_STEP][PASSED] - setText(findTestObject("Object Repository/RecAndPlayBk/Page-Vlink-AuthOnly/input_Category_category"), category): Text 'RETL' is set on object 'Object Repository/RecAndPlayBk/Page-Vlink-AuthOnly/input_Category_category'

2024-05-15 23:33:03 - [MESSAGE][PASSED] - Text 'RETL' is set on object 'Object Repository/RecAndPlayBk/Page-Vlink-AuthOnly/input_Category_category'

2024-05-15 23:33:03 - [TEST_STEP][PASSED] - setText(findTestObject("Object Repository/RecAndPlayBk/Page-Vlink-AuthOnly/input_Amount_amount"), amount): Text '10.5' is set on object 'Object Repository/RecAndPlayBk/Page-Vlink-AuthOnly/input_Amount_amount'

2024-05-15 23:33:04 - [MESSAGE][PASSED] - Text '10.5' is set on object 'Object Repository/RecAndPlayBk/Page-Vlink-AuthOnly/input_Amount_amount'

2024-05-15 23:33:04 - [TEST_STEP][PASSED] - doubleClick(findTestObject("Object Repository/RecAndPlayBk/Page-Vlink-AuthOnly/input_Card number_card_number")): Object: 'Object Repository/RecAndPlayBk/Page-Vlink-AuthOnly/input_Card number_card_number' is double clicked on

2024-05-15 23:33:04 - [MESSAGE][PASSED] - Object: 'Object Repository/RecAndPlayBk/Page-Vlink-AuthOnly/input_Card number_card_number' is double clicked on

2024-05-15 23:33:04 - [TEST_STEP][PASSED] - setText(findTestObject("Object Repository/RecAndPlayBk/Page-Vlink-AuthOnly/input_Card number_card_number"), cardNumber): Text '370000000000002' is set on object 'Object Repository/RecAndPlayBk/Page-Vlink-AuthOnly/input_Card number_card_number'

2024-05-15 23:33:05 - [MESSAGE][PASSED] - Text '370000000000002' is set on object 'Object Repository/RecAndPlayBk/Page-Vlink-AuthOnly/input_Card number_card_number'

2024-05-15 23:33:05 - [TEST_STEP][PASSED] - setText(findTestObject("Object Repository/RecAndPlayBk/Page-Vlink-AuthOnly/input_Card ex month_card_exmo"), exM): Text '12' is set on object 'Object Repository/RecAndPlayBk/Page-Vlink-AuthOnly/input_Card ex month_card_exmo'

2024-05-15 23:33:05 - [MESSAGE][PASSED] - Text '12' is set on object 'Object Repository/RecAndPlayBk/Page-Vlink-AuthOnly/input_Card ex month_card_exmo'

2024-05-15 23:33:05 - [TEST_STEP][PASSED] - setText(findTestObject("Object Repository/RecAndPlayBk/Page-Vlink-AuthOnly/input_Card ex year_card_exyr"), exY): Text '2029' is set on object 'Object Repository/RecAndPlayBk/Page-Vlink-AuthOnly/input_Card ex year_card_exyr'

2024-05-15 23:33:06 - [MESSAGE][PASSED] - Text '2029' is set on object 'Object Repository/RecAndPlayBk/Page-Vlink-AuthOnly/input_Card ex year_card_exyr'

2024-05-15 23:33:06 - [TEST_STEP][PASSED] - click(findTestObject("Object Repository/RecAndPlayBk/Page-Vlink-AuthOnly/input_Track Data_track_data")): Object: 'Object Repository/RecAndPlayBk/Page-Vlink-AuthOnly/input_Track Data_track_data' is clicked on

2024-05-15 23:33:06 - [MESSAGE][PASSED] - Object: 'Object Repository/RecAndPlayBk/Page-Vlink-AuthOnly/input_Track Data_track_data' is clicked on

2024-05-15 23:33:06 - [TEST_STEP][PASSED] - click(findTestObject("Object Repository/RecAndPlayBk/Page-Vlink-AuthOnly/input_CVV state_cvv_state")): Object: 'Object Repository/RecAndPlayBk/Page-Vlink-AuthOnly/input_CVV state_cvv_state' is clicked on

2024-05-15 23:33:07 - [MESSAGE][PASSED] - Object: 'Object Repository/RecAndPlayBk/Page-Vlink-AuthOnly/input_CVV state_cvv_state' is clicked on

2024-05-15 23:33:07 - [TEST_STEP][PASSED] - setText(findTestObject("Object Repository/RecAndPlayBk/Page-Vlink-AuthOnly/input_Track Data_track_data"), ""): Text '' is set on object 'Object Repository/RecAndPlayBk/Page-Vlink-AuthOnly/input_Track Data_track_data'

2024-05-15 23:33:07 - [MESSAGE][PASSED] - Text '' is set on object 'Object Repository/RecAndPlayBk/Page-Vlink-AuthOnly/input_Track Data_track_data'

2024-05-15 23:33:07 - [TEST_STEP][PASSED] - setText(findTestObject("Object Repository/RecAndPlayBk/Page-Vlink-AuthOnly/input_concat(Cardholder, , s email)_email"), ""): Text '' is set on object 'Object Repository/RecAndPlayBk/Page-Vlink-AuthOnly/input_concat(Cardholder, , s email)_email'

2024-05-15 23:33:08 - [MESSAGE][PASSED] - Text '' is set on object 'Object Repository/RecAndPlayBk/Page-Vlink-AuthOnly/input_concat(Cardholder, , s email)_email'

2024-05-15 23:33:08 - [TEST_STEP][PASSED] - click(findTestObject("Object Repository/RecAndPlayBk/Page-Vlink-AuthOnly/input_user_defined10_user_defined10")): Object: 'Object Repository/RecAndPlayBk/Page-Vlink-AuthOnly/input_user_defined10_user_defined10' is clicked on

2024-05-15 23:33:08 - [MESSAGE][PASSED] - Object: 'Object Repository/RecAndPlayBk/Page-Vlink-AuthOnly/input_user_defined10_user_defined10' is clicked on

2024-05-15 23:33:08 - [TEST_STEP][PASSED] - if (executionProfile.equalsIgnoreCase("QAProfile")): null

2024-05-15 23:33:08 - [TEST_STEP][PASSED] - click(findTestObject("Object Repository/RecAndPlayBk/Page-Vlink-AuthOnly/input")): Object: 'Object Repository/RecAndPlayBk/Page-Vlink-AuthOnly/input' is clicked on

2024-05-15 23:33:09 - [MESSAGE][PASSED] - Object: 'Object Repository/RecAndPlayBk/Page-Vlink-AuthOnly/input' is clicked on

2024-05-15 23:33:09 - [TEST_STEP][PASSED] - if (verifyTextPresent("Transaction approved, no errors", true)): null

2024-05-15 23:33:10 - [MESSAGE][PASSED] - Text 'Transaction approved, no errors' is present on page  using regular expression

2024-05-15 23:33:10 - [TEST_STEP][PASSED] - out.println("Auth was successful, Capture now"): null

2024-05-15 23:33:10 - [TEST_STEP][PASSED] - sdfo = getText(findTestObject("Object Repository/Page_VLinkReceipt/pre_STX")): Text of object 'Object Repository/Page_VLinkReceipt/pre_STX' is: '<STX>UirQwAKH43rq                  12151585            0  Transaction approved, no errors                   0                                                                                  Y 794014086<ETX>'

2024-05-15 23:33:10 - [MESSAGE][PASSED] - Text of object 'Object Repository/Page_VLinkReceipt/pre_STX' is: '<STX>UirQwAKH43rq                  12151585            0  Transaction approved, no errors                   0                                                                                  Y 794014086<ETX>'

2024-05-15 23:33:10 - [TEST_STEP][PASSED] - out.println("sdfo: " + sdfo): null

2024-05-15 23:33:10 - [TEST_STEP][PASSED] - remID = substring(5, 35).trim(): null

2024-05-15 23:33:10 - [TEST_STEP][PASSED] - out.println("remID: " + remID): null

2024-05-15 23:33:10 - [TEST_STEP][PASSED] - traxID = substring(35, 55).trim(): null

2024-05-15 23:33:10 - [TEST_STEP][PASSED] - out.println("traxID: " + traxID): null

2024-05-15 23:33:10 - [TEST_STEP][PASSED] - VLinkSaleRemID = remID: null

2024-05-15 23:33:10 - [TEST_STEP][PASSED] - VLinkSaleTranxID = traxID: null

2024-05-15 23:33:10 - [TEST_STEP][PASSED] - openBrowser(VLinkURL + "capture.html"): Browser is opened with url: 'https://dev-algorithm.govolution.com/vlinktest/QA2/version_2_0/capture.html'

2024-05-15 23:33:10 - [MESSAGE][WARNING] - A browser is already opened. Closing browser and opening a new one

2024-05-15 23:33:11 - [MESSAGE][INFO] - Starting 'Chrome' driver

2024-05-15 23:33:11 - [MESSAGE][INFO] - User set preference: ['acceptInsecureCerts', 'true']

2024-05-15 23:33:11 - [MESSAGE][INFO] - Action delay is set to 0 milliseconds

2024-05-15 23:33:13 - [MESSAGE][PASSED] - Browser is opened with url: 'https://dev-algorithm.govolution.com/vlinktest/QA2/version_2_0/capture.html'

2024-05-15 23:33:13 - [TEST_STEP][PASSED] - maximizeWindow(): Current window maximized

2024-05-15 23:33:14 - [MESSAGE][PASSED] - Current window maximized

2024-05-15 23:33:14 - [TEST_STEP][PASSED] - setText(findTestObject("Object Repository/RecAndPlayBk/Page-VLink-Capture/input_Remittance Id_remittance_id"), VLinkSaleRemID): Text 'UirQwAKH43rq' is set on object 'Object Repository/RecAndPlayBk/Page-VLink-Capture/input_Remittance Id_remittance_id'

2024-05-15 23:33:15 - [MESSAGE][PASSED] - Text 'UirQwAKH43rq' is set on object 'Object Repository/RecAndPlayBk/Page-VLink-Capture/input_Remittance Id_remittance_id'

2024-05-15 23:33:15 - [TEST_STEP][PASSED] - setText(findTestObject("Object Repository/RecAndPlayBk/Page-VLink-Capture/input_Application Id_application_id"), appID): Text '234' is set on object 'Object Repository/RecAndPlayBk/Page-VLink-Capture/input_Application Id_application_id'

2024-05-15 23:33:15 - [MESSAGE][PASSED] - Text '234' is set on object 'Object Repository/RecAndPlayBk/Page-VLink-Capture/input_Application Id_application_id'

2024-05-15 23:33:15 - [TEST_STEP][PASSED] - setText(findTestObject("Object Repository/RecAndPlayBk/Page-VLink-Capture/input_Username_username"), username): Text 'username' is set on object 'Object Repository/RecAndPlayBk/Page-VLink-Capture/input_Username_username'

2024-05-15 23:33:16 - [MESSAGE][PASSED] - Text 'username' is set on object 'Object Repository/RecAndPlayBk/Page-VLink-Capture/input_Username_username'

2024-05-15 23:33:16 - [TEST_STEP][PASSED] - setText(findTestObject("Object Repository/RecAndPlayBk/Page-VLink-Capture/input_Password_password"), password): Text 'password' is set on object 'Object Repository/RecAndPlayBk/Page-VLink-Capture/input_Password_password'

2024-05-15 23:33:16 - [MESSAGE][PASSED] - Text 'password' is set on object 'Object Repository/RecAndPlayBk/Page-VLink-Capture/input_Password_password'

2024-05-15 23:33:16 - [TEST_STEP][PASSED] - setText(findTestObject("Object Repository/RecAndPlayBk/Page-VLink-Capture/input_Transaction ID_transaction_id"), VLinkSaleTranxID): Text '12151585' is set on object 'Object Repository/RecAndPlayBk/Page-VLink-Capture/input_Transaction ID_transaction_id'

2024-05-15 23:33:17 - [MESSAGE][PASSED] - Text '12151585' is set on object 'Object Repository/RecAndPlayBk/Page-VLink-Capture/input_Transaction ID_transaction_id'

2024-05-15 23:33:17 - [TEST_STEP][PASSED] - setText(findTestObject("Object Repository/RecAndPlayBk/Page-VLink-Capture/input_Amount_amount"), amount): Text '10.5' is set on object 'Object Repository/RecAndPlayBk/Page-VLink-Capture/input_Amount_amount'

2024-05-15 23:33:18 - [MESSAGE][PASSED] - Text '10.5' is set on object 'Object Repository/RecAndPlayBk/Page-VLink-Capture/input_Amount_amount'

2024-05-15 23:33:18 - [TEST_STEP][PASSED] - click(findTestObject("Object Repository/RecAndPlayBk/Page-VLink-Capture/input")): Object: 'Object Repository/RecAndPlayBk/Page-VLink-Capture/input' is clicked on

2024-05-15 23:33:19 - [MESSAGE][PASSED] - Object: 'Object Repository/RecAndPlayBk/Page-VLink-Capture/input' is clicked on

2024-05-15 23:33:19 - [TEST_STEP][PASSED] - if (verifyTextPresent("Transaction approved, no errors", true)): null

2024-05-15 23:33:19 - [MESSAGE][PASSED] - Text 'Transaction approved, no errors' is present on page  using regular expression

2024-05-15 23:33:19 - [TEST_STEP][PASSED] - println("Transaction Approved, no errors text is present on the Confirmation page"): null

2024-05-15 23:33:19 - [TEST_STEP][PASSED] - out.println("Pass Record Number: " + row): null

2024-05-15 23:33:19 - [TEST_STEP][PASSED] - resText = "Pass": null

2024-05-15 23:33:19 - [TEST_STEP][PASSED] - pages.WriteExcel.demoKey(resText, datText, resColumn, datCloumn, fileLoc, nameSheet, row): pages.WriteExcel.demoKey is PASSED

2024-05-15 23:33:19 - [MESSAGE][PASSED] - pages.WriteExcel.demoKey is PASSED

2024-05-15 23:33:19 - [TEST_STEP][PASSED] - ExecuteTC = findTestData(dataFile).getValue("Execute", row): null

2024-05-15 23:33:19 - [TEST_STEP][PASSED] - out.println("Value of Execute is : " + ExecuteTC): null

2024-05-15 23:33:19 - [TEST_STEP][PASSED] - switch (executionProfile): null

2024-05-15 23:33:19 - [TEST_STEP][PASSED] - case "QA2Profile":: null

2024-05-15 23:33:19 - [TEST_STEP][PASSED] - appID = findTestData(dataFile).getValue("AppIDQA", row): null

2024-05-15 23:33:19 - [TEST_STEP][PASSED] - username = findTestData(dataFile).getValue("UsernameQA", row): null

2024-05-15 23:33:20 - [TEST_STEP][PASSED] - password = findTestData(dataFile).getValue("PasswordQA", row): null

2024-05-15 23:33:20 - [TEST_STEP][PASSED] - break: null

2024-05-15 23:33:20 - [TEST_STEP][PASSED] - if (ExecuteTC.equalsIgnoreCase("Y")): null

2024-05-15 23:33:20 - [TEST_STEP][PASSED] - out.println("Begin Record Number: " + row): null

2024-05-15 23:33:20 - [TEST_STEP][PASSED] - today = new java.util.Date(): null

2024-05-15 23:33:20 - [TEST_STEP][PASSED] - println(today): null

2024-05-15 23:33:20 - [TEST_STEP][PASSED] - datText = today: null

2024-05-15 23:33:20 - [TEST_STEP][PASSED] - category = findTestData(dataFile).getValue("Category", row): null

2024-05-15 23:33:20 - [TEST_STEP][PASSED] - amount = findTestData(dataFile).getValue("Amount", row): null

2024-05-15 23:33:20 - [TEST_STEP][PASSED] - cardNumber = findTestData(dataFile).getValue("CardNumber", row): null

2024-05-15 23:33:20 - [TEST_STEP][PASSED] - exM = findTestData(dataFile).getValue("ExM", row): null

2024-05-15 23:33:20 - [TEST_STEP][PASSED] - exY = findTestData(dataFile).getValue("ExY", row): null

2024-05-15 23:33:20 - [TEST_STEP][PASSED] - openBrowser(VLinkURL + "auth.html"): Browser is opened with url: 'https://dev-algorithm.govolution.com/vlinktest/QA2/version_2_0/auth.html'

2024-05-15 23:33:20 - [MESSAGE][WARNING] - A browser is already opened. Closing browser and opening a new one

2024-05-15 23:33:21 - [MESSAGE][INFO] - Starting 'Chrome' driver

2024-05-15 23:33:21 - [MESSAGE][INFO] - User set preference: ['acceptInsecureCerts', 'true']

2024-05-15 23:33:21 - [MESSAGE][INFO] - Action delay is set to 0 milliseconds

2024-05-15 23:33:23 - [MESSAGE][PASSED] - Browser is opened with url: 'https://dev-algorithm.govolution.com/vlinktest/QA2/version_2_0/auth.html'

2024-05-15 23:33:23 - [TEST_STEP][PASSED] - maximizeWindow(): Current window maximized

2024-05-15 23:33:24 - [MESSAGE][PASSED] - Current window maximized

2024-05-15 23:33:24 - [TEST_STEP][PASSED] - genRemID = RandomStringUtils.random(12, true, true): null

2024-05-15 23:33:24 - [TEST_STEP][PASSED] - setText(findTestObject("Object Repository/RecAndPlayBk/Page-Vlink-AuthOnly/input_Remittance Id_remittance_id"), genRemID): Text 'dgf89fxJJknJ' is set on object 'Object Repository/RecAndPlayBk/Page-Vlink-AuthOnly/input_Remittance Id_remittance_id'

2024-05-15 23:33:25 - [MESSAGE][PASSED] - Text 'dgf89fxJJknJ' is set on object 'Object Repository/RecAndPlayBk/Page-Vlink-AuthOnly/input_Remittance Id_remittance_id'

2024-05-15 23:33:25 - [TEST_STEP][PASSED] - setText(findTestObject("Object Repository/RecAndPlayBk/Page-Vlink-AuthOnly/input_Application Id_application_id"), appID): Text '87' is set on object 'Object Repository/RecAndPlayBk/Page-Vlink-AuthOnly/input_Application Id_application_id'

2024-05-15 23:33:25 - [MESSAGE][PASSED] - Text '87' is set on object 'Object Repository/RecAndPlayBk/Page-Vlink-AuthOnly/input_Application Id_application_id'

2024-05-15 23:33:25 - [TEST_STEP][PASSED] - setText(findTestObject("Object Repository/RecAndPlayBk/Page-Vlink-AuthOnly/input_Username_username"), username): Text 'username' is set on object 'Object Repository/RecAndPlayBk/Page-Vlink-AuthOnly/input_Username_username'

2024-05-15 23:33:26 - [MESSAGE][PASSED] - Text 'username' is set on object 'Object Repository/RecAndPlayBk/Page-Vlink-AuthOnly/input_Username_username'

2024-05-15 23:33:26 - [TEST_STEP][PASSED] - setText(findTestObject("Object Repository/RecAndPlayBk/Page-Vlink-AuthOnly/input_Password_password"), password): Text 'password' is set on object 'Object Repository/RecAndPlayBk/Page-Vlink-AuthOnly/input_Password_password'

2024-05-15 23:33:27 - [MESSAGE][PASSED] - Text 'password' is set on object 'Object Repository/RecAndPlayBk/Page-Vlink-AuthOnly/input_Password_password'

2024-05-15 23:33:27 - [TEST_STEP][PASSED] - setText(findTestObject("Object Repository/RecAndPlayBk/Page-Vlink-AuthOnly/input_Category_category"), category): Text 'ECOM' is set on object 'Object Repository/RecAndPlayBk/Page-Vlink-AuthOnly/input_Category_category'

2024-05-15 23:33:27 - [MESSAGE][PASSED] - Text 'ECOM' is set on object 'Object Repository/RecAndPlayBk/Page-Vlink-AuthOnly/input_Category_category'

2024-05-15 23:33:27 - [TEST_STEP][PASSED] - setText(findTestObject("Object Repository/RecAndPlayBk/Page-Vlink-AuthOnly/input_Amount_amount"), amount): Text '10.5' is set on object 'Object Repository/RecAndPlayBk/Page-Vlink-AuthOnly/input_Amount_amount'

2024-05-15 23:33:28 - [MESSAGE][PASSED] - Text '10.5' is set on object 'Object Repository/RecAndPlayBk/Page-Vlink-AuthOnly/input_Amount_amount'

2024-05-15 23:33:28 - [TEST_STEP][PASSED] - doubleClick(findTestObject("Object Repository/RecAndPlayBk/Page-Vlink-AuthOnly/input_Card number_card_number")): Object: 'Object Repository/RecAndPlayBk/Page-Vlink-AuthOnly/input_Card number_card_number' is double clicked on

2024-05-15 23:33:28 - [MESSAGE][PASSED] - Object: 'Object Repository/RecAndPlayBk/Page-Vlink-AuthOnly/input_Card number_card_number' is double clicked on

2024-05-15 23:33:28 - [TEST_STEP][PASSED] - setText(findTestObject("Object Repository/RecAndPlayBk/Page-Vlink-AuthOnly/input_Card number_card_number"), cardNumber): Text '4012000098765439' is set on object 'Object Repository/RecAndPlayBk/Page-Vlink-AuthOnly/input_Card number_card_number'

2024-05-15 23:33:29 - [MESSAGE][PASSED] - Text '4012000098765439' is set on object 'Object Repository/RecAndPlayBk/Page-Vlink-AuthOnly/input_Card number_card_number'

2024-05-15 23:33:29 - [TEST_STEP][PASSED] - setText(findTestObject("Object Repository/RecAndPlayBk/Page-Vlink-AuthOnly/input_Card ex month_card_exmo"), exM): Text '12' is set on object 'Object Repository/RecAndPlayBk/Page-Vlink-AuthOnly/input_Card ex month_card_exmo'

2024-05-15 23:33:30 - [MESSAGE][PASSED] - Text '12' is set on object 'Object Repository/RecAndPlayBk/Page-Vlink-AuthOnly/input_Card ex month_card_exmo'

2024-05-15 23:33:30 - [TEST_STEP][PASSED] - setText(findTestObject("Object Repository/RecAndPlayBk/Page-Vlink-AuthOnly/input_Card ex year_card_exyr"), exY): Text '2029' is set on object 'Object Repository/RecAndPlayBk/Page-Vlink-AuthOnly/input_Card ex year_card_exyr'

2024-05-15 23:33:30 - [MESSAGE][PASSED] - Text '2029' is set on object 'Object Repository/RecAndPlayBk/Page-Vlink-AuthOnly/input_Card ex year_card_exyr'

2024-05-15 23:33:30 - [TEST_STEP][PASSED] - click(findTestObject("Object Repository/RecAndPlayBk/Page-Vlink-AuthOnly/input_Track Data_track_data")): Object: 'Object Repository/RecAndPlayBk/Page-Vlink-AuthOnly/input_Track Data_track_data' is clicked on

2024-05-15 23:33:31 - [MESSAGE][PASSED] - Object: 'Object Repository/RecAndPlayBk/Page-Vlink-AuthOnly/input_Track Data_track_data' is clicked on

2024-05-15 23:33:31 - [TEST_STEP][PASSED] - click(findTestObject("Object Repository/RecAndPlayBk/Page-Vlink-AuthOnly/input_CVV state_cvv_state")): Object: 'Object Repository/RecAndPlayBk/Page-Vlink-AuthOnly/input_CVV state_cvv_state' is clicked on

2024-05-15 23:33:31 - [MESSAGE][PASSED] - Object: 'Object Repository/RecAndPlayBk/Page-Vlink-AuthOnly/input_CVV state_cvv_state' is clicked on

2024-05-15 23:33:31 - [TEST_STEP][PASSED] - setText(findTestObject("Object Repository/RecAndPlayBk/Page-Vlink-AuthOnly/input_Track Data_track_data"), ""): Text '' is set on object 'Object Repository/RecAndPlayBk/Page-Vlink-AuthOnly/input_Track Data_track_data'

2024-05-15 23:33:32 - [MESSAGE][PASSED] - Text '' is set on object 'Object Repository/RecAndPlayBk/Page-Vlink-AuthOnly/input_Track Data_track_data'

2024-05-15 23:33:32 - [TEST_STEP][PASSED] - setText(findTestObject("Object Repository/RecAndPlayBk/Page-Vlink-AuthOnly/input_concat(Cardholder, , s email)_email"), ""): Text '' is set on object 'Object Repository/RecAndPlayBk/Page-Vlink-AuthOnly/input_concat(Cardholder, , s email)_email'

2024-05-15 23:33:32 - [MESSAGE][PASSED] - Text '' is set on object 'Object Repository/RecAndPlayBk/Page-Vlink-AuthOnly/input_concat(Cardholder, , s email)_email'

2024-05-15 23:33:32 - [TEST_STEP][PASSED] - click(findTestObject("Object Repository/RecAndPlayBk/Page-Vlink-AuthOnly/input_user_defined10_user_defined10")): Object: 'Object Repository/RecAndPlayBk/Page-Vlink-AuthOnly/input_user_defined10_user_defined10' is clicked on

2024-05-15 23:33:33 - [MESSAGE][PASSED] - Object: 'Object Repository/RecAndPlayBk/Page-Vlink-AuthOnly/input_user_defined10_user_defined10' is clicked on

2024-05-15 23:33:33 - [TEST_STEP][PASSED] - if (executionProfile.equalsIgnoreCase("QAProfile")): null

2024-05-15 23:33:33 - [TEST_STEP][PASSED] - click(findTestObject("Object Repository/RecAndPlayBk/Page-Vlink-AuthOnly/input")): Object: 'Object Repository/RecAndPlayBk/Page-Vlink-AuthOnly/input' is clicked on

2024-05-15 23:33:35 - [MESSAGE][PASSED] - Object: 'Object Repository/RecAndPlayBk/Page-Vlink-AuthOnly/input' is clicked on

2024-05-15 23:33:35 - [TEST_STEP][PASSED] - if (verifyTextPresent("Transaction approved, no errors", true)): null

2024-05-15 23:33:35 - [MESSAGE][PASSED] - Text 'Transaction approved, no errors' is present on page  using regular expression

2024-05-15 23:33:35 - [TEST_STEP][PASSED] - out.println("Auth was successful, Capture now"): null

2024-05-15 23:33:35 - [TEST_STEP][PASSED] - sdfo = getText(findTestObject("Object Repository/Page_VLinkReceipt/pre_STX")): Text of object 'Object Repository/Page_VLinkReceipt/pre_STX' is: '<STX>dgf89fxJJknJ                  12151587            0  Transaction approved, no errors                   0                                                                                  N TAS333   <ETX>'

2024-05-15 23:33:35 - [MESSAGE][PASSED] - Text of object 'Object Repository/Page_VLinkReceipt/pre_STX' is: '<STX>dgf89fxJJknJ                  12151587            0  Transaction approved, no errors                   0                                                                                  N TAS333   <ETX>'

2024-05-15 23:33:35 - [TEST_STEP][PASSED] - out.println("sdfo: " + sdfo): null

2024-05-15 23:33:35 - [TEST_STEP][PASSED] - remID = substring(5, 35).trim(): null

2024-05-15 23:33:35 - [TEST_STEP][PASSED] - out.println("remID: " + remID): null

2024-05-15 23:33:35 - [TEST_STEP][PASSED] - traxID = substring(35, 55).trim(): null

2024-05-15 23:33:35 - [TEST_STEP][PASSED] - out.println("traxID: " + traxID): null

2024-05-15 23:33:35 - [TEST_STEP][PASSED] - VLinkSaleRemID = remID: null

2024-05-15 23:33:35 - [TEST_STEP][PASSED] - VLinkSaleTranxID = traxID: null

2024-05-15 23:33:35 - [TEST_STEP][PASSED] - openBrowser(VLinkURL + "capture.html"): Browser is opened with url: 'https://dev-algorithm.govolution.com/vlinktest/QA2/version_2_0/capture.html'

2024-05-15 23:33:35 - [MESSAGE][WARNING] - A browser is already opened. Closing browser and opening a new one

2024-05-15 23:33:37 - [MESSAGE][INFO] - Starting 'Chrome' driver

2024-05-15 23:33:37 - [MESSAGE][INFO] - User set preference: ['acceptInsecureCerts', 'true']

2024-05-15 23:33:37 - [MESSAGE][INFO] - Action delay is set to 0 milliseconds

2024-05-15 23:33:39 - [MESSAGE][PASSED] - Browser is opened with url: 'https://dev-algorithm.govolution.com/vlinktest/QA2/version_2_0/capture.html'

2024-05-15 23:33:39 - [TEST_STEP][PASSED] - maximizeWindow(): Current window maximized

2024-05-15 23:33:39 - [MESSAGE][PASSED] - Current window maximized

2024-05-15 23:33:39 - [TEST_STEP][PASSED] - setText(findTestObject("Object Repository/RecAndPlayBk/Page-VLink-Capture/input_Remittance Id_remittance_id"), VLinkSaleRemID): Text 'dgf89fxJJknJ' is set on object 'Object Repository/RecAndPlayBk/Page-VLink-Capture/input_Remittance Id_remittance_id'

2024-05-15 23:33:40 - [MESSAGE][PASSED] - Text 'dgf89fxJJknJ' is set on object 'Object Repository/RecAndPlayBk/Page-VLink-Capture/input_Remittance Id_remittance_id'

2024-05-15 23:33:40 - [TEST_STEP][PASSED] - setText(findTestObject("Object Repository/RecAndPlayBk/Page-VLink-Capture/input_Application Id_application_id"), appID): Text '87' is set on object 'Object Repository/RecAndPlayBk/Page-VLink-Capture/input_Application Id_application_id'

2024-05-15 23:33:40 - [MESSAGE][PASSED] - Text '87' is set on object 'Object Repository/RecAndPlayBk/Page-VLink-Capture/input_Application Id_application_id'

2024-05-15 23:33:40 - [TEST_STEP][PASSED] - setText(findTestObject("Object Repository/RecAndPlayBk/Page-VLink-Capture/input_Username_username"), username): Text 'username' is set on object 'Object Repository/RecAndPlayBk/Page-VLink-Capture/input_Username_username'

2024-05-15 23:33:41 - [MESSAGE][PASSED] - Text 'username' is set on object 'Object Repository/RecAndPlayBk/Page-VLink-Capture/input_Username_username'

2024-05-15 23:33:41 - [TEST_STEP][PASSED] - setText(findTestObject("Object Repository/RecAndPlayBk/Page-VLink-Capture/input_Password_password"), password): Text 'password' is set on object 'Object Repository/RecAndPlayBk/Page-VLink-Capture/input_Password_password'

2024-05-15 23:33:42 - [MESSAGE][PASSED] - Text 'password' is set on object 'Object Repository/RecAndPlayBk/Page-VLink-Capture/input_Password_password'

2024-05-15 23:33:42 - [TEST_STEP][PASSED] - setText(findTestObject("Object Repository/RecAndPlayBk/Page-VLink-Capture/input_Transaction ID_transaction_id"), VLinkSaleTranxID): Text '12151587' is set on object 'Object Repository/RecAndPlayBk/Page-VLink-Capture/input_Transaction ID_transaction_id'

2024-05-15 23:33:42 - [MESSAGE][PASSED] - Text '12151587' is set on object 'Object Repository/RecAndPlayBk/Page-VLink-Capture/input_Transaction ID_transaction_id'

2024-05-15 23:33:42 - [TEST_STEP][PASSED] - setText(findTestObject("Object Repository/RecAndPlayBk/Page-VLink-Capture/input_Amount_amount"), amount): Text '10.5' is set on object 'Object Repository/RecAndPlayBk/Page-VLink-Capture/input_Amount_amount'

2024-05-15 23:33:43 - [MESSAGE][PASSED] - Text '10.5' is set on object 'Object Repository/RecAndPlayBk/Page-VLink-Capture/input_Amount_amount'

2024-05-15 23:33:43 - [TEST_STEP][PASSED] - click(findTestObject("Object Repository/RecAndPlayBk/Page-VLink-Capture/input")): Object: 'Object Repository/RecAndPlayBk/Page-VLink-Capture/input' is clicked on

2024-05-15 23:33:44 - [MESSAGE][PASSED] - Object: 'Object Repository/RecAndPlayBk/Page-VLink-Capture/input' is clicked on

2024-05-15 23:33:44 - [TEST_STEP][PASSED] - if (verifyTextPresent("Transaction approved, no errors", true)): null

2024-05-15 23:33:45 - [MESSAGE][PASSED] - Text 'Transaction approved, no errors' is present on page  using regular expression

2024-05-15 23:33:45 - [TEST_STEP][PASSED] - println("Transaction Approved, no errors text is present on the Confirmation page"): null

2024-05-15 23:33:45 - [TEST_STEP][PASSED] - out.println("Pass Record Number: " + row): null

2024-05-15 23:33:45 - [TEST_STEP][PASSED] - resText = "Pass": null

2024-05-15 23:33:45 - [TEST_STEP][PASSED] - pages.WriteExcel.demoKey(resText, datText, resColumn, datCloumn, fileLoc, nameSheet, row): pages.WriteExcel.demoKey is PASSED

2024-05-15 23:33:45 - [MESSAGE][PASSED] - pages.WriteExcel.demoKey is PASSED

2024-05-15 23:33:45 - [TEST_STEP][PASSED] - ExecuteTC = findTestData(dataFile).getValue("Execute", row): null

2024-05-15 23:33:45 - [TEST_STEP][PASSED] - out.println("Value of Execute is : " + ExecuteTC): null

2024-05-15 23:33:45 - [TEST_STEP][PASSED] - switch (executionProfile): null

2024-05-15 23:33:45 - [TEST_STEP][PASSED] - case "QA2Profile":: null

2024-05-15 23:33:45 - [TEST_STEP][PASSED] - appID = findTestData(dataFile).getValue("AppIDQA", row): null

2024-05-15 23:33:45 - [TEST_STEP][PASSED] - username = findTestData(dataFile).getValue("UsernameQA", row): null

2024-05-15 23:33:45 - [TEST_STEP][PASSED] - password = findTestData(dataFile).getValue("PasswordQA", row): null

2024-05-15 23:33:45 - [TEST_STEP][PASSED] - break: null

2024-05-15 23:33:45 - [TEST_STEP][PASSED] - if (ExecuteTC.equalsIgnoreCase("Y")): null

2024-05-15 23:33:45 - [TEST_STEP][PASSED] - out.println("Begin Record Number: " + row): null

2024-05-15 23:33:45 - [TEST_STEP][PASSED] - today = new java.util.Date(): null

2024-05-15 23:33:45 - [TEST_STEP][PASSED] - println(today): null

2024-05-15 23:33:45 - [TEST_STEP][PASSED] - datText = today: null

2024-05-15 23:33:45 - [TEST_STEP][PASSED] - category = findTestData(dataFile).getValue("Category", row): null

2024-05-15 23:33:45 - [TEST_STEP][PASSED] - amount = findTestData(dataFile).getValue("Amount", row): null

2024-05-15 23:33:45 - [TEST_STEP][PASSED] - cardNumber = findTestData(dataFile).getValue("CardNumber", row): null

2024-05-15 23:33:45 - [TEST_STEP][PASSED] - exM = findTestData(dataFile).getValue("ExM", row): null

2024-05-15 23:33:45 - [TEST_STEP][PASSED] - exY = findTestData(dataFile).getValue("ExY", row): null

2024-05-15 23:33:46 - [TEST_STEP][PASSED] - openBrowser(VLinkURL + "auth.html"): Browser is opened with url: 'https://dev-algorithm.govolution.com/vlinktest/QA2/version_2_0/auth.html'

2024-05-15 23:33:46 - [MESSAGE][WARNING] - A browser is already opened. Closing browser and opening a new one

2024-05-15 23:33:47 - [MESSAGE][INFO] - Starting 'Chrome' driver

2024-05-15 23:33:47 - [MESSAGE][INFO] - User set preference: ['acceptInsecureCerts', 'true']

2024-05-15 23:33:47 - [MESSAGE][INFO] - Action delay is set to 0 milliseconds

2024-05-15 23:33:49 - [MESSAGE][PASSED] - Browser is opened with url: 'https://dev-algorithm.govolution.com/vlinktest/QA2/version_2_0/auth.html'

2024-05-15 23:33:49 - [TEST_STEP][PASSED] - maximizeWindow(): Current window maximized

2024-05-15 23:33:49 - [MESSAGE][PASSED] - Current window maximized

2024-05-15 23:33:49 - [TEST_STEP][PASSED] - genRemID = RandomStringUtils.random(12, true, true): null

2024-05-15 23:33:49 - [TEST_STEP][PASSED] - setText(findTestObject("Object Repository/RecAndPlayBk/Page-Vlink-AuthOnly/input_Remittance Id_remittance_id"), genRemID): Text 'CVCAN6blnh2t' is set on object 'Object Repository/RecAndPlayBk/Page-Vlink-AuthOnly/input_Remittance Id_remittance_id'

2024-05-15 23:33:50 - [MESSAGE][PASSED] - Text 'CVCAN6blnh2t' is set on object 'Object Repository/RecAndPlayBk/Page-Vlink-AuthOnly/input_Remittance Id_remittance_id'

2024-05-15 23:33:50 - [TEST_STEP][PASSED] - setText(findTestObject("Object Repository/RecAndPlayBk/Page-Vlink-AuthOnly/input_Application Id_application_id"), appID): Text '581' is set on object 'Object Repository/RecAndPlayBk/Page-Vlink-AuthOnly/input_Application Id_application_id'

2024-05-15 23:33:51 - [MESSAGE][PASSED] - Text '581' is set on object 'Object Repository/RecAndPlayBk/Page-Vlink-AuthOnly/input_Application Id_application_id'

2024-05-15 23:33:51 - [TEST_STEP][PASSED] - setText(findTestObject("Object Repository/RecAndPlayBk/Page-Vlink-AuthOnly/input_Username_username"), username): Text 'usr581' is set on object 'Object Repository/RecAndPlayBk/Page-Vlink-AuthOnly/input_Username_username'

2024-05-15 23:33:51 - [MESSAGE][PASSED] - Text 'usr581' is set on object 'Object Repository/RecAndPlayBk/Page-Vlink-AuthOnly/input_Username_username'

2024-05-15 23:33:51 - [TEST_STEP][PASSED] - setText(findTestObject("Object Repository/RecAndPlayBk/Page-Vlink-AuthOnly/input_Password_password"), password): Text 'pwd581' is set on object 'Object Repository/RecAndPlayBk/Page-Vlink-AuthOnly/input_Password_password'

2024-05-15 23:33:52 - [MESSAGE][PASSED] - Text 'pwd581' is set on object 'Object Repository/RecAndPlayBk/Page-Vlink-AuthOnly/input_Password_password'

2024-05-15 23:33:52 - [TEST_STEP][PASSED] - setText(findTestObject("Object Repository/RecAndPlayBk/Page-Vlink-AuthOnly/input_Category_category"), category): Text 'ECOM' is set on object 'Object Repository/RecAndPlayBk/Page-Vlink-AuthOnly/input_Category_category'

2024-05-15 23:33:53 - [MESSAGE][PASSED] - Text 'ECOM' is set on object 'Object Repository/RecAndPlayBk/Page-Vlink-AuthOnly/input_Category_category'

2024-05-15 23:33:53 - [TEST_STEP][PASSED] - setText(findTestObject("Object Repository/RecAndPlayBk/Page-Vlink-AuthOnly/input_Amount_amount"), amount): Text '10.5' is set on object 'Object Repository/RecAndPlayBk/Page-Vlink-AuthOnly/input_Amount_amount'

2024-05-15 23:33:53 - [MESSAGE][PASSED] - Text '10.5' is set on object 'Object Repository/RecAndPlayBk/Page-Vlink-AuthOnly/input_Amount_amount'

2024-05-15 23:33:53 - [TEST_STEP][PASSED] - doubleClick(findTestObject("Object Repository/RecAndPlayBk/Page-Vlink-AuthOnly/input_Card number_card_number")): Object: 'Object Repository/RecAndPlayBk/Page-Vlink-AuthOnly/input_Card number_card_number' is double clicked on

2024-05-15 23:33:54 - [MESSAGE][PASSED] - Object: 'Object Repository/RecAndPlayBk/Page-Vlink-AuthOnly/input_Card number_card_number' is double clicked on

2024-05-15 23:33:54 - [TEST_STEP][PASSED] - setText(findTestObject("Object Repository/RecAndPlayBk/Page-Vlink-AuthOnly/input_Card number_card_number"), cardNumber): Text '5146312200000035' is set on object 'Object Repository/RecAndPlayBk/Page-Vlink-AuthOnly/input_Card number_card_number'

2024-05-15 23:33:54 - [MESSAGE][PASSED] - Text '5146312200000035' is set on object 'Object Repository/RecAndPlayBk/Page-Vlink-AuthOnly/input_Card number_card_number'

2024-05-15 23:33:54 - [TEST_STEP][PASSED] - setText(findTestObject("Object Repository/RecAndPlayBk/Page-Vlink-AuthOnly/input_Card ex month_card_exmo"), exM): Text '12' is set on object 'Object Repository/RecAndPlayBk/Page-Vlink-AuthOnly/input_Card ex month_card_exmo'

2024-05-15 23:33:55 - [MESSAGE][PASSED] - Text '12' is set on object 'Object Repository/RecAndPlayBk/Page-Vlink-AuthOnly/input_Card ex month_card_exmo'

2024-05-15 23:33:55 - [TEST_STEP][PASSED] - setText(findTestObject("Object Repository/RecAndPlayBk/Page-Vlink-AuthOnly/input_Card ex year_card_exyr"), exY): Text '2029' is set on object 'Object Repository/RecAndPlayBk/Page-Vlink-AuthOnly/input_Card ex year_card_exyr'

2024-05-15 23:33:56 - [MESSAGE][PASSED] - Text '2029' is set on object 'Object Repository/RecAndPlayBk/Page-Vlink-AuthOnly/input_Card ex year_card_exyr'

2024-05-15 23:33:56 - [TEST_STEP][PASSED] - click(findTestObject("Object Repository/RecAndPlayBk/Page-Vlink-AuthOnly/input_Track Data_track_data")): Object: 'Object Repository/RecAndPlayBk/Page-Vlink-AuthOnly/input_Track Data_track_data' is clicked on

2024-05-15 23:33:56 - [MESSAGE][PASSED] - Object: 'Object Repository/RecAndPlayBk/Page-Vlink-AuthOnly/input_Track Data_track_data' is clicked on

2024-05-15 23:33:56 - [TEST_STEP][PASSED] - click(findTestObject("Object Repository/RecAndPlayBk/Page-Vlink-AuthOnly/input_CVV state_cvv_state")): Object: 'Object Repository/RecAndPlayBk/Page-Vlink-AuthOnly/input_CVV state_cvv_state' is clicked on

2024-05-15 23:33:56 - [MESSAGE][PASSED] - Object: 'Object Repository/RecAndPlayBk/Page-Vlink-AuthOnly/input_CVV state_cvv_state' is clicked on

2024-05-15 23:33:56 - [TEST_STEP][PASSED] - setText(findTestObject("Object Repository/RecAndPlayBk/Page-Vlink-AuthOnly/input_Track Data_track_data"), ""): Text '' is set on object 'Object Repository/RecAndPlayBk/Page-Vlink-AuthOnly/input_Track Data_track_data'

2024-05-15 23:33:57 - [MESSAGE][PASSED] - Text '' is set on object 'Object Repository/RecAndPlayBk/Page-Vlink-AuthOnly/input_Track Data_track_data'

2024-05-15 23:33:57 - [TEST_STEP][PASSED] - setText(findTestObject("Object Repository/RecAndPlayBk/Page-Vlink-AuthOnly/input_concat(Cardholder, , s email)_email"), ""): Text '' is set on object 'Object Repository/RecAndPlayBk/Page-Vlink-AuthOnly/input_concat(Cardholder, , s email)_email'

2024-05-15 23:33:57 - [MESSAGE][PASSED] - Text '' is set on object 'Object Repository/RecAndPlayBk/Page-Vlink-AuthOnly/input_concat(Cardholder, , s email)_email'

2024-05-15 23:33:57 - [TEST_STEP][PASSED] - click(findTestObject("Object Repository/RecAndPlayBk/Page-Vlink-AuthOnly/input_user_defined10_user_defined10")): Object: 'Object Repository/RecAndPlayBk/Page-Vlink-AuthOnly/input_user_defined10_user_defined10' is clicked on

2024-05-15 23:33:58 - [MESSAGE][PASSED] - Object: 'Object Repository/RecAndPlayBk/Page-Vlink-AuthOnly/input_user_defined10_user_defined10' is clicked on

2024-05-15 23:33:58 - [TEST_STEP][PASSED] - if (executionProfile.equalsIgnoreCase("QAProfile")): null

2024-05-15 23:33:58 - [TEST_STEP][PASSED] - click(findTestObject("Object Repository/RecAndPlayBk/Page-Vlink-AuthOnly/input")): Object: 'Object Repository/RecAndPlayBk/Page-Vlink-AuthOnly/input' is clicked on

2024-05-15 23:33:59 - [MESSAGE][PASSED] - Object: 'Object Repository/RecAndPlayBk/Page-Vlink-AuthOnly/input' is clicked on

2024-05-15 23:33:59 - [TEST_STEP][PASSED] - if (verifyTextPresent("Transaction approved, no errors", true)): null

2024-05-15 23:34:00 - [MESSAGE][PASSED] - Text 'Transaction approved, no errors' is present on page  using regular expression

2024-05-15 23:34:00 - [TEST_STEP][PASSED] - out.println("Auth was successful, Capture now"): null

2024-05-15 23:34:00 - [TEST_STEP][PASSED] - sdfo = getText(findTestObject("Object Repository/Page_VLinkReceipt/pre_STX")): Text of object 'Object Repository/Page_VLinkReceipt/pre_STX' is: '<STX>CVCAN6blnh2t                  12151589            0  Transaction approved, no errors                   0                                                                                    015839   <ETX>'

2024-05-15 23:34:00 - [MESSAGE][PASSED] - Text of object 'Object Repository/Page_VLinkReceipt/pre_STX' is: '<STX>CVCAN6blnh2t                  12151589            0  Transaction approved, no errors                   0                                                                                    015839   <ETX>'

2024-05-15 23:34:00 - [TEST_STEP][PASSED] - out.println("sdfo: " + sdfo): null

2024-05-15 23:34:00 - [TEST_STEP][PASSED] - remID = substring(5, 35).trim(): null

2024-05-15 23:34:00 - [TEST_STEP][PASSED] - out.println("remID: " + remID): null

2024-05-15 23:34:00 - [TEST_STEP][PASSED] - traxID = substring(35, 55).trim(): null

2024-05-15 23:34:00 - [TEST_STEP][PASSED] - out.println("traxID: " + traxID): null

2024-05-15 23:34:00 - [TEST_STEP][PASSED] - VLinkSaleRemID = remID: null

2024-05-15 23:34:00 - [TEST_STEP][PASSED] - VLinkSaleTranxID = traxID: null

2024-05-15 23:34:00 - [TEST_STEP][PASSED] - openBrowser(VLinkURL + "capture.html"): Browser is opened with url: 'https://dev-algorithm.govolution.com/vlinktest/QA2/version_2_0/capture.html'

2024-05-15 23:34:00 - [MESSAGE][WARNING] - A browser is already opened. Closing browser and opening a new one

2024-05-15 23:34:01 - [MESSAGE][INFO] - Starting 'Chrome' driver

2024-05-15 23:34:01 - [MESSAGE][INFO] - User set preference: ['acceptInsecureCerts', 'true']

2024-05-15 23:34:01 - [MESSAGE][INFO] - Action delay is set to 0 milliseconds

2024-05-15 23:34:03 - [MESSAGE][PASSED] - Browser is opened with url: 'https://dev-algorithm.govolution.com/vlinktest/QA2/version_2_0/capture.html'

2024-05-15 23:34:03 - [TEST_STEP][PASSED] - maximizeWindow(): Current window maximized

2024-05-15 23:34:03 - [MESSAGE][PASSED] - Current window maximized

2024-05-15 23:34:03 - [TEST_STEP][PASSED] - setText(findTestObject("Object Repository/RecAndPlayBk/Page-VLink-Capture/input_Remittance Id_remittance_id"), VLinkSaleRemID): Text 'CVCAN6blnh2t' is set on object 'Object Repository/RecAndPlayBk/Page-VLink-Capture/input_Remittance Id_remittance_id'

2024-05-15 23:34:04 - [MESSAGE][PASSED] - Text 'CVCAN6blnh2t' is set on object 'Object Repository/RecAndPlayBk/Page-VLink-Capture/input_Remittance Id_remittance_id'

2024-05-15 23:34:04 - [TEST_STEP][PASSED] - setText(findTestObject("Object Repository/RecAndPlayBk/Page-VLink-Capture/input_Application Id_application_id"), appID): Text '581' is set on object 'Object Repository/RecAndPlayBk/Page-VLink-Capture/input_Application Id_application_id'

2024-05-15 23:34:05 - [MESSAGE][PASSED] - Text '581' is set on object 'Object Repository/RecAndPlayBk/Page-VLink-Capture/input_Application Id_application_id'

2024-05-15 23:34:05 - [TEST_STEP][PASSED] - setText(findTestObject("Object Repository/RecAndPlayBk/Page-VLink-Capture/input_Username_username"), username): Text 'usr581' is set on object 'Object Repository/RecAndPlayBk/Page-VLink-Capture/input_Username_username'

2024-05-15 23:34:05 - [MESSAGE][PASSED] - Text 'usr581' is set on object 'Object Repository/RecAndPlayBk/Page-VLink-Capture/input_Username_username'

2024-05-15 23:34:05 - [TEST_STEP][PASSED] - setText(findTestObject("Object Repository/RecAndPlayBk/Page-VLink-Capture/input_Password_password"), password): Text 'pwd581' is set on object 'Object Repository/RecAndPlayBk/Page-VLink-Capture/input_Password_password'

2024-05-15 23:34:06 - [MESSAGE][PASSED] - Text 'pwd581' is set on object 'Object Repository/RecAndPlayBk/Page-VLink-Capture/input_Password_password'

2024-05-15 23:34:06 - [TEST_STEP][PASSED] - setText(findTestObject("Object Repository/RecAndPlayBk/Page-VLink-Capture/input_Transaction ID_transaction_id"), VLinkSaleTranxID): Text '12151589' is set on object 'Object Repository/RecAndPlayBk/Page-VLink-Capture/input_Transaction ID_transaction_id'

2024-05-15 23:34:07 - [MESSAGE][PASSED] - Text '12151589' is set on object 'Object Repository/RecAndPlayBk/Page-VLink-Capture/input_Transaction ID_transaction_id'

2024-05-15 23:34:07 - [TEST_STEP][PASSED] - setText(findTestObject("Object Repository/RecAndPlayBk/Page-VLink-Capture/input_Amount_amount"), amount): Text '10.5' is set on object 'Object Repository/RecAndPlayBk/Page-VLink-Capture/input_Amount_amount'

2024-05-15 23:34:07 - [MESSAGE][PASSED] - Text '10.5' is set on object 'Object Repository/RecAndPlayBk/Page-VLink-Capture/input_Amount_amount'

2024-05-15 23:34:07 - [TEST_STEP][PASSED] - click(findTestObject("Object Repository/RecAndPlayBk/Page-VLink-Capture/input")): Object: 'Object Repository/RecAndPlayBk/Page-VLink-Capture/input' is clicked on

2024-05-15 23:34:09 - [MESSAGE][PASSED] - Object: 'Object Repository/RecAndPlayBk/Page-VLink-Capture/input' is clicked on

2024-05-15 23:34:09 - [TEST_STEP][PASSED] - if (verifyTextPresent("Transaction approved, no errors", true)): null

2024-05-15 23:34:09 - [MESSAGE][PASSED] - Text 'Transaction approved, no errors' is present on page  using regular expression

2024-05-15 23:34:09 - [TEST_STEP][PASSED] - println("Transaction Approved, no errors text is present on the Confirmation page"): null

2024-05-15 23:34:09 - [TEST_STEP][PASSED] - out.println("Pass Record Number: " + row): null

2024-05-15 23:34:09 - [TEST_STEP][PASSED] - resText = "Pass": null

2024-05-15 23:34:09 - [TEST_STEP][PASSED] - pages.WriteExcel.demoKey(resText, datText, resColumn, datCloumn, fileLoc, nameSheet, row): pages.WriteExcel.demoKey is PASSED

2024-05-15 23:34:09 - [MESSAGE][PASSED] - pages.WriteExcel.demoKey is PASSED]]></system-out>
         <system-err><![CDATA[]]></system-err>
      </testcase>
      <testcase name="Test Cases/VLink/Imported-SelIDE/VLinkXMLTests/AuthCaptureRemIDPipe" time="14.548" classname="Test Cases/VLink/Imported-SelIDE/VLinkXMLTests/AuthCaptureRemIDPipe" status="PASSED">
         <system-out><![CDATA[2024-05-15 23:34:09 - [TEST_CASE][PASSED] - Test Cases/VLink/Imported-SelIDE/VLinkXMLTests/AuthCaptureRemIDPipe: Test Cases/VLink/Imported-SelIDE/VLinkXMLTests/AuthCaptureRemIDPipe

2024-05-15 23:34:10 - [TEST_STEP][PASSED] - softAssertion = new org.testng.asserts.SoftAssert(): null

2024-05-15 23:34:10 - [TEST_STEP][PASSED] - openBrowser("https://www.google.com/"): Browser is opened with url: 'https://www.google.com/'

2024-05-15 23:34:10 - [MESSAGE][WARNING] - A browser is already opened. Closing browser and opening a new one

2024-05-15 23:34:11 - [MESSAGE][INFO] - Starting 'Chrome' driver

2024-05-15 23:34:11 - [MESSAGE][INFO] - User set preference: ['acceptInsecureCerts', 'true']

2024-05-15 23:34:11 - [MESSAGE][INFO] - Action delay is set to 0 milliseconds

2024-05-15 23:34:15 - [MESSAGE][PASSED] - Browser is opened with url: 'https://www.google.com/'

2024-05-15 23:34:15 - [TEST_STEP][PASSED] - driver = getWebDriver(): null

2024-05-15 23:34:15 - [TEST_STEP][PASSED] - baseUrl = "https://www.google.com/": null

2024-05-15 23:34:15 - [TEST_STEP][PASSED] - selenium = new com.thoughtworks.selenium.webdriven.WebDriverBackedSelenium(driver, baseUrl): null

2024-05-15 23:34:15 - [TEST_STEP][PASSED] - ran1 = random() * 99999)").toInteger(): null

2024-05-15 23:34:15 - [TEST_STEP][PASSED] - println(ran1): null

2024-05-15 23:34:15 - [TEST_STEP][PASSED] - ran2 = random() * 999)").toInteger(): null

2024-05-15 23:34:15 - [TEST_STEP][PASSED] - println(ran2): null

2024-05-15 23:34:15 - [TEST_STEP][PASSED] - ran3 = random() * 9999)").toInteger(): null

2024-05-15 23:34:15 - [TEST_STEP][PASSED] - println(ran3): null

2024-05-15 23:34:15 - [TEST_STEP][PASSED] - println(ran1 + "|" + ran2 + "|" + ran3): null

2024-05-15 23:34:15 - [TEST_STEP][PASSED] - selenium.open("https://dev-algorithm.govolution.com/vlinktest/QA/version_2_0/auth.html"): null

2024-05-15 23:34:15 - [TEST_STEP][PASSED] - selenium.type("name=transaction_type", "100"): null

2024-05-15 23:34:15 - [TEST_STEP][PASSED] - selenium.type("name=message_version", 0C".toString()): null

2024-05-15 23:34:15 - [TEST_STEP][PASSED] - selenium.type("name=remittance_id", ran1 + "|" + ran2 + "|" + ran3.toString()): null

2024-05-15 23:34:15 - [TEST_STEP][PASSED] - selenium.type("name=application_id", "234"): null

2024-05-15 23:34:15 - [TEST_STEP][PASSED] - selenium.type("name=username", "username"): null

2024-05-15 23:34:16 - [TEST_STEP][PASSED] - selenium.type("name=password", "password"): null

2024-05-15 23:34:16 - [TEST_STEP][PASSED] - selenium.type("name=response_format", "fixed_width"): null

2024-05-15 23:34:16 - [TEST_STEP][PASSED] - selenium.type("name=category", "ECOM"): null

2024-05-15 23:34:16 - [TEST_STEP][PASSED] - selenium.type("name=transaction_id", ""): null

2024-05-15 23:34:16 - [TEST_STEP][PASSED] - selenium.type("name=approval_code", ""): null

2024-05-15 23:34:16 - [TEST_STEP][PASSED] - selenium.type("name=card_name", "Michael Slater".toString()): null

2024-05-15 23:34:16 - [TEST_STEP][PASSED] - selenium.type("name=card_address", "2000 14th street".toString()): null

2024-05-15 23:34:16 - [TEST_STEP][PASSED] - selenium.type("name=card_address2", ""): null

2024-05-15 23:34:16 - [TEST_STEP][PASSED] - selenium.type("name=card_city", "Arlington"): null

2024-05-15 23:34:16 - [TEST_STEP][PASSED] - selenium.type("name=card_state", "VA"): null

2024-05-15 23:34:16 - [TEST_STEP][PASSED] - selenium.type("name=card_zip", "22201"): null

2024-05-15 23:34:16 - [TEST_STEP][PASSED] - selenium.type("name=country_id", ""): null

2024-05-15 23:34:16 - [TEST_STEP][PASSED] - selenium.type("name=amount", 50".toString()): null

2024-05-15 23:34:16 - [TEST_STEP][PASSED] - selenium.type("name=card_number", "4111111111111111"): null

2024-05-15 23:34:16 - [TEST_STEP][PASSED] - selenium.type("name=card_exmo", "06"): null

2024-05-15 23:34:16 - [TEST_STEP][PASSED] - selenium.type("name=card_exyr", "2025"): null

2024-05-15 23:34:16 - [TEST_STEP][PASSED] - selenium.type("name=cvv_data", ""): null

2024-05-15 23:34:16 - [TEST_STEP][PASSED] - selenium.type("name=cvv_state", ""): null

2024-05-15 23:34:16 - [TEST_STEP][PASSED] - selenium.type("name=track_data", ""): null

2024-05-15 23:34:17 - [TEST_STEP][PASSED] - selenium.type("name=track_1_data", ""): null

2024-05-15 23:34:17 - [TEST_STEP][PASSED] - selenium.type("name=track_2_data", ""): null

2024-05-15 23:34:17 - [TEST_STEP][PASSED] - selenium.type("name=entry_mode", ""): null

2024-05-15 23:34:17 - [TEST_STEP][PASSED] - selenium.type("name=email", ""): null

2024-05-15 23:34:17 - [TEST_STEP][PASSED] - selenium.type("name=order_number", ""): null

2024-05-15 23:34:17 - [TEST_STEP][PASSED] - selenium.type("name=tax_amount", ""): null

2024-05-15 23:34:17 - [TEST_STEP][PASSED] - selenium.type("name=charge_description", ""): null

2024-05-15 23:34:17 - [TEST_STEP][PASSED] - selenium.type("name=client_account_number", ""): null

2024-05-15 23:34:17 - [TEST_STEP][PASSED] - selenium.type("name=bill_payment_indicator", ""): null

2024-05-15 23:34:17 - [TEST_STEP][PASSED] - selenium.type("name=user_defined1", ""): null

2024-05-15 23:34:17 - [TEST_STEP][PASSED] - selenium.type("name=user_defined2", ""): null

2024-05-15 23:34:17 - [TEST_STEP][PASSED] - selenium.type("name=user_defined3", ""): null

2024-05-15 23:34:17 - [TEST_STEP][PASSED] - selenium.type("name=user_defined4", ""): null

2024-05-15 23:34:17 - [TEST_STEP][PASSED] - selenium.type("name=user_defined5", ""): null

2024-05-15 23:34:17 - [TEST_STEP][PASSED] - selenium.type("name=user_defined6", ""): null

2024-05-15 23:34:17 - [TEST_STEP][PASSED] - selenium.type("name=user_defined7", ""): null

2024-05-15 23:34:17 - [TEST_STEP][PASSED] - selenium.type("name=user_defined8", ""): null

2024-05-15 23:34:17 - [TEST_STEP][PASSED] - selenium.type("name=user_defined9", ""): null

2024-05-15 23:34:17 - [TEST_STEP][PASSED] - selenium.type("name=user_defined10", ""): null

2024-05-15 23:34:18 - [TEST_STEP][PASSED] - selenium.type("name=card_on_file_indicator", ""): null

2024-05-15 23:34:18 - [TEST_STEP][PASSED] - selenium.type("name=stored_credential_indicator", ""): null

2024-05-15 23:34:18 - [TEST_STEP][PASSED] - selenium.type("name=cof_scheduled_indicator", ""): null

2024-05-15 23:34:18 - [TEST_STEP][PASSED] - selenium.type("name=cof_transaction_init_indicator", ""): null

2024-05-15 23:34:18 - [TEST_STEP][PASSED] - selenium.click("css=input[type="submit"]"): null

2024-05-15 23:34:19 - [TEST_STEP][PASSED] - selenium.waitForPageToLoad("30000"): null

2024-05-15 23:34:19 - [TEST_STEP][PASSED] - verifyTextPresent("Transaction approved, no errors", true): Text 'Transaction approved, no errors' is present on page  using regular expression

2024-05-15 23:34:20 - [MESSAGE][PASSED] - Text 'Transaction approved, no errors' is present on page  using regular expression

2024-05-15 23:34:20 - [TEST_STEP][PASSED] - resText = selenium.getText("css=pre"): null

2024-05-15 23:34:20 - [TEST_STEP][PASSED] - println(resText): null

2024-05-15 23:34:20 - [TEST_STEP][PASSED] - tranID = substring(35, 44).trim(): null

2024-05-15 23:34:20 - [TEST_STEP][PASSED] - println(tranID): null

2024-05-15 23:34:20 - [TEST_STEP][PASSED] - selenium.open("https://dev-algorithm.govolution.com/vlinktest/QA/version_2_0/capture.html"): null

2024-05-15 23:34:20 - [TEST_STEP][PASSED] - selenium.type("name=transaction_type", "102"): null

2024-05-15 23:34:20 - [TEST_STEP][PASSED] - selenium.type("name=message_version", 0C".toString()): null

2024-05-15 23:34:21 - [TEST_STEP][PASSED] - selenium.type("name=remittance_id", ran1 + "|" + ran2 + "|" + ran3.toString()): null

2024-05-15 23:34:21 - [TEST_STEP][PASSED] - selenium.type("name=application_id", "234"): null

2024-05-15 23:34:21 - [TEST_STEP][PASSED] - selenium.type("name=username", "username"): null

2024-05-15 23:34:21 - [TEST_STEP][PASSED] - selenium.type("name=password", "password"): null

2024-05-15 23:34:21 - [TEST_STEP][PASSED] - selenium.type("name=response_format", "fixed_width"): null

2024-05-15 23:34:21 - [TEST_STEP][PASSED] - selenium.type("name=transaction_id", tranID): null

2024-05-15 23:34:21 - [TEST_STEP][PASSED] - selenium.type("name=amount", 50".toString()): null

2024-05-15 23:34:21 - [TEST_STEP][PASSED] - selenium.type("name=order_number", ""): null

2024-05-15 23:34:21 - [TEST_STEP][PASSED] - selenium.type("name=tax_amount", ""): null

2024-05-15 23:34:21 - [TEST_STEP][PASSED] - selenium.type("name=charge_description", ""): null

2024-05-15 23:34:21 - [TEST_STEP][PASSED] - selenium.type("name=client_account_number", ""): null

2024-05-15 23:34:21 - [TEST_STEP][PASSED] - selenium.type("name=bill_payment_indicator", ""): null

2024-05-15 23:34:21 - [TEST_STEP][PASSED] - selenium.type("name=user_defined1", ""): null

2024-05-15 23:34:21 - [TEST_STEP][PASSED] - selenium.type("name=user_defined2", ""): null

2024-05-15 23:34:21 - [TEST_STEP][PASSED] - selenium.type("name=user_defined3", ""): null

2024-05-15 23:34:21 - [TEST_STEP][PASSED] - selenium.type("name=user_defined4", ""): null

2024-05-15 23:34:21 - [TEST_STEP][PASSED] - selenium.type("name=user_defined5", ""): null

2024-05-15 23:34:21 - [TEST_STEP][PASSED] - selenium.type("name=user_defined6", ""): null

2024-05-15 23:34:22 - [TEST_STEP][PASSED] - selenium.type("name=user_defined7", ""): null

2024-05-15 23:34:22 - [TEST_STEP][PASSED] - selenium.type("name=user_defined8", ""): null

2024-05-15 23:34:22 - [TEST_STEP][PASSED] - selenium.type("name=user_defined9", ""): null

2024-05-15 23:34:22 - [TEST_STEP][PASSED] - selenium.type("name=user_defined10", ""): null

2024-05-15 23:34:22 - [TEST_STEP][PASSED] - selenium.click("css=input[type="submit"]"): null

2024-05-15 23:34:23 - [TEST_STEP][PASSED] - selenium.waitForPageToLoad("30000"): null

2024-05-15 23:34:23 - [TEST_STEP][PASSED] - verifyTextPresent("Transaction approved, no errors", true): Text 'Transaction approved, no errors' is present on page  using regular expression

2024-05-15 23:34:23 - [MESSAGE][PASSED] - Text 'Transaction approved, no errors' is present on page  using regular expression

2024-05-15 23:34:23 - [TEST_STEP][PASSED] - resTextCap = selenium.getText("css=pre"): null

2024-05-15 23:34:24 - [TEST_STEP][PASSED] - println(resTextCap): null

2024-05-15 23:34:24 - [TEST_STEP][PASSED] - tranIDCap = selenium.getEval(" var ran1 = "" + ran1 + "";var ran2 = "" + ran2 + "";var ran3 = "" + ran3 + "";var resText = "" + resText + "";var tranID = "" + tranID + "";var resTextCap = "" + resTextCap + "";var storedVars = { 'ran1': ran1,'ran2': ran2,'ran3': ran3,'resText': resText,'tranID': tranID,'resTextCap': resTextCap }; " + "storedVars['resTextCap'].substring(19,28).trim()"): null

2024-05-15 23:34:24 - [TEST_STEP][PASSED] - println(tranIDCap): null]]></system-out>
         <system-err><![CDATA[]]></system-err>
      </testcase>
      <testcase name="Test Cases/VLink/Imported-SelIDE/VLinkXMLTests/EncryptedRemIDPipe" time="10.657" classname="Test Cases/VLink/Imported-SelIDE/VLinkXMLTests/EncryptedRemIDPipe" status="PASSED">
         <system-out><![CDATA[2024-05-15 23:34:24 - [TEST_CASE][PASSED] - Test Cases/VLink/Imported-SelIDE/VLinkXMLTests/EncryptedRemIDPipe: Test Cases/VLink/Imported-SelIDE/VLinkXMLTests/EncryptedRemIDPipe

2024-05-15 23:34:24 - [TEST_STEP][PASSED] - softAssertion = new org.testng.asserts.SoftAssert(): null

2024-05-15 23:34:24 - [TEST_STEP][PASSED] - openBrowser("https://www.google.com/"): Browser is opened with url: 'https://www.google.com/'

2024-05-15 23:34:24 - [MESSAGE][WARNING] - A browser is already opened. Closing browser and opening a new one

2024-05-15 23:34:26 - [MESSAGE][INFO] - Starting 'Chrome' driver

2024-05-15 23:34:26 - [MESSAGE][INFO] - User set preference: ['acceptInsecureCerts', 'true']

2024-05-15 23:34:26 - [MESSAGE][INFO] - Action delay is set to 0 milliseconds

2024-05-15 23:34:29 - [MESSAGE][PASSED] - Browser is opened with url: 'https://www.google.com/'

2024-05-15 23:34:29 - [TEST_STEP][PASSED] - driver = getWebDriver(): null

2024-05-15 23:34:29 - [TEST_STEP][PASSED] - baseUrl = "https://www.google.com/": null

2024-05-15 23:34:29 - [TEST_STEP][PASSED] - selenium = new com.thoughtworks.selenium.webdriven.WebDriverBackedSelenium(driver, baseUrl): null

2024-05-15 23:34:29 - [TEST_STEP][PASSED] - ran1 = random() * 99999)").toInteger(): null

2024-05-15 23:34:29 - [TEST_STEP][PASSED] - println(ran1): null

2024-05-15 23:34:29 - [TEST_STEP][PASSED] - ran2 = random() * 999)").toInteger(): null

2024-05-15 23:34:29 - [TEST_STEP][PASSED] - println(ran2): null

2024-05-15 23:34:29 - [TEST_STEP][PASSED] - ran3 = random() * 9999)").toInteger(): null

2024-05-15 23:34:29 - [TEST_STEP][PASSED] - println(ran3): null

2024-05-15 23:34:29 - [TEST_STEP][PASSED] - println(ran1 + "|" + ran2 + "|" + ran3): null

2024-05-15 23:34:29 - [TEST_STEP][PASSED] - selenium.open("https://dev-algorithm.govolution.com/vlinktest/QA/version_2_0/vlinkEncryptedSwipe.html"): null

2024-05-15 23:34:29 - [TEST_STEP][PASSED] - selenium.type("name=transaction_type", "104"): null

2024-05-15 23:34:30 - [TEST_STEP][PASSED] - selenium.type("name=message_version", 0C".toString()): null

2024-05-15 23:34:30 - [TEST_STEP][PASSED] - selenium.type("name=remittance_id", ran1 + "|" + ran2 + "|" + ran3.toString()): null

2024-05-15 23:34:30 - [TEST_STEP][PASSED] - selenium.type("name=application_id", "234"): null

2024-05-15 23:34:30 - [TEST_STEP][PASSED] - selenium.type("name=username", "username"): null

2024-05-15 23:34:30 - [TEST_STEP][PASSED] - selenium.type("name=password", "password"): null

2024-05-15 23:34:30 - [TEST_STEP][PASSED] - selenium.type("name=response_format", "fixed_width"): null

2024-05-15 23:34:30 - [TEST_STEP][PASSED] - selenium.type("name=category", "RETL"): null

2024-05-15 23:34:30 - [TEST_STEP][PASSED] - selenium.type("name=transaction_id", ""): null

2024-05-15 23:34:30 - [TEST_STEP][PASSED] - selenium.type("name=approval_code", ""): null

2024-05-15 23:34:30 - [TEST_STEP][PASSED] - selenium.type("name=card_name", ""): null

2024-05-15 23:34:30 - [TEST_STEP][PASSED] - selenium.type("name=card_address", "2311 york road".toString()): null

2024-05-15 23:34:30 - [TEST_STEP][PASSED] - selenium.type("name=card_address2", ""): null

2024-05-15 23:34:30 - [TEST_STEP][PASSED] - selenium.type("name=card_city", "Arlington"): null

2024-05-15 23:34:30 - [TEST_STEP][PASSED] - selenium.type("name=card_state", "VA"): null

2024-05-15 23:34:30 - [TEST_STEP][PASSED] - selenium.type("name=card_zip", "22201"): null

2024-05-15 23:34:30 - [TEST_STEP][PASSED] - selenium.type("name=country_id", ""): null

2024-05-15 23:34:31 - [TEST_STEP][PASSED] - selenium.type("name=amount", 00".toString()): null

2024-05-15 23:34:31 - [TEST_STEP][PASSED] - selenium.type("name=card_number", ""): null

2024-05-15 23:34:31 - [TEST_STEP][PASSED] - selenium.type("name=card_exmo", ""): null

2024-05-15 23:34:31 - [TEST_STEP][PASSED] - selenium.type("name=card_exyr", ""): null

2024-05-15 23:34:31 - [TEST_STEP][PASSED] - selenium.type("name=cvv_data", ""): null

2024-05-15 23:34:31 - [TEST_STEP][PASSED] - selenium.type("name=cvv_state", ""): null

2024-05-15 23:34:31 - [TEST_STEP][PASSED] - selenium.type("name=track_data", ""): null

2024-05-15 23:34:31 - [TEST_STEP][PASSED] - selenium.type("name=track_1_data", ""): null

2024-05-15 23:34:31 - [TEST_STEP][PASSED] - selenium.type("name=track_2_data", ""): null

2024-05-15 23:34:31 - [TEST_STEP][PASSED] - selenium.type("name=entry_mode", "track"): null

2024-05-15 23:34:31 - [TEST_STEP][PASSED] - selenium.type("name=email", ""): null

2024-05-15 23:34:31 - [TEST_STEP][PASSED] - selenium.type("name=order_number", ""): null

2024-05-15 23:34:31 - [TEST_STEP][PASSED] - selenium.type("name=tax_amount", ""): null

2024-05-15 23:34:31 - [TEST_STEP][PASSED] - selenium.type("name=charge_description", ""): null

2024-05-15 23:34:31 - [TEST_STEP][PASSED] - selenium.type("name=client_account_number", ""): null

2024-05-15 23:34:31 - [TEST_STEP][PASSED] - selenium.type("name=bill_payment_indicator", ""): null

2024-05-15 23:34:31 - [TEST_STEP][PASSED] - selenium.type("name=user_defined1", ""): null

2024-05-15 23:34:31 - [TEST_STEP][PASSED] - selenium.type("name=user_defined2", ""): null

2024-05-15 23:34:31 - [TEST_STEP][PASSED] - selenium.type("name=user_defined3", ""): null

2024-05-15 23:34:32 - [TEST_STEP][PASSED] - selenium.type("name=user_defined4", ""): null

2024-05-15 23:34:32 - [TEST_STEP][PASSED] - selenium.type("name=user_defined5", ""): null

2024-05-15 23:34:32 - [TEST_STEP][PASSED] - selenium.type("name=user_defined6", ""): null

2024-05-15 23:34:32 - [TEST_STEP][PASSED] - selenium.type("name=user_defined7", ""): null

2024-05-15 23:34:32 - [TEST_STEP][PASSED] - selenium.type("name=user_defined8", ""): null

2024-05-15 23:34:32 - [TEST_STEP][PASSED] - selenium.type("name=user_defined9", ""): null

2024-05-15 23:34:32 - [TEST_STEP][PASSED] - selenium.type("name=user_defined10", ""): null

2024-05-15 23:34:32 - [TEST_STEP][PASSED] - selenium.type("name=encrypted_track_1_data", "8CC5F2E7D8E5F1B8B3D7E884E119C94C968815CAD2DFD5FC9E6C5A470F98215174A2FC6703FF121CABA8263000A6E77B2C64A319A559F013554E12A5FA8122E7DC5F398937E52B55425F08DCB1C73C9CE2DB0C5F4E322B5B9C7A39E8C6765E96"): null

2024-05-15 23:34:32 - [TEST_STEP][PASSED] - selenium.type("name=encrypted_track_2_data", ""): null

2024-05-15 23:34:32 - [TEST_STEP][PASSED] - selenium.type("name=slot_number", "11"): null

2024-05-15 23:34:32 - [TEST_STEP][PASSED] - selenium.type("name=ksn", "FFFF862134D00140005A"): null

2024-05-15 23:34:32 - [TEST_STEP][PASSED] - selenium.click("css=input[type="submit"]"): null

2024-05-15 23:34:33 - [TEST_STEP][PASSED] - selenium.waitForPageToLoad("30000"): null

2024-05-15 23:34:34 - [TEST_STEP][PASSED] - verifyTextPresent("Transaction approved, no errors", true): Text 'Transaction approved, no errors' is present on page  using regular expression

2024-05-15 23:34:34 - [MESSAGE][PASSED] - Text 'Transaction approved, no errors' is present on page  using regular expression

2024-05-15 23:34:34 - [TEST_STEP][PASSED] - resText = selenium.getText("css=pre"): null

2024-05-15 23:34:34 - [TEST_STEP][PASSED] - println(resText): null

2024-05-15 23:34:34 - [TEST_STEP][PASSED] - tranID = selenium.getEval(" var ran1 = "" + ran1 + "";var ran2 = "" + ran2 + "";var ran3 = "" + ran3 + "";var resText = "" + resText + "";var storedVars = { 'ran1': ran1,'ran2': ran2,'ran3': ran3,'resText': resText }; " + "storedVars['resText'].substring(19,28).trim()"): null

2024-05-15 23:34:34 - [TEST_STEP][PASSED] - println(tranID): null]]></system-out>
         <system-err><![CDATA[]]></system-err>
      </testcase>
      <testcase name="Test Cases/VLink/Imported-SelIDE/VLinkXMLTests/IncorrectPassword" time="9.805" classname="Test Cases/VLink/Imported-SelIDE/VLinkXMLTests/IncorrectPassword" status="PASSED">
         <system-out><![CDATA[2024-05-15 23:34:34 - [TEST_CASE][PASSED] - Test Cases/VLink/Imported-SelIDE/VLinkXMLTests/IncorrectPassword: Test Cases/VLink/Imported-SelIDE/VLinkXMLTests/IncorrectPassword

2024-05-15 23:34:35 - [TEST_STEP][PASSED] - softAssertion = new org.testng.asserts.SoftAssert(): null

2024-05-15 23:34:35 - [TEST_STEP][PASSED] - openBrowser("https://www.google.com/"): Browser is opened with url: 'https://www.google.com/'

2024-05-15 23:34:35 - [MESSAGE][WARNING] - A browser is already opened. Closing browser and opening a new one

2024-05-15 23:34:36 - [MESSAGE][INFO] - Starting 'Chrome' driver

2024-05-15 23:34:36 - [MESSAGE][INFO] - User set preference: ['acceptInsecureCerts', 'true']

2024-05-15 23:34:36 - [MESSAGE][INFO] - Action delay is set to 0 milliseconds

2024-05-15 23:34:39 - [MESSAGE][PASSED] - Browser is opened with url: 'https://www.google.com/'

2024-05-15 23:34:39 - [TEST_STEP][PASSED] - driver = getWebDriver(): null

2024-05-15 23:34:39 - [TEST_STEP][PASSED] - baseUrl = "https://www.google.com/": null

2024-05-15 23:34:39 - [TEST_STEP][PASSED] - selenium = new com.thoughtworks.selenium.webdriven.WebDriverBackedSelenium(driver, baseUrl): null

2024-05-15 23:34:39 - [TEST_STEP][PASSED] - selenium.open("https://dev-algorithm.govolution.com/vlinktest/QA/version_2_0/authcap.html"): null

2024-05-15 23:34:40 - [TEST_STEP][PASSED] - selenium.type("name=transaction_type", "104"): null

2024-05-15 23:34:40 - [TEST_STEP][PASSED] - selenium.type("name=message_version", 0C".toString()): null

2024-05-15 23:34:40 - [TEST_STEP][PASSED] - genRemID = RandomStringUtils.random(12, true, true): null

2024-05-15 23:34:40 - [TEST_STEP][PASSED] - setText(findTestObject("Object Repository/RecAndPlayBk/Page-Vlink-AuthOnly/input_Remittance Id_remittance_id"), genRemID): Text 'LAWiPmOmUrFZ' is set on object 'Object Repository/RecAndPlayBk/Page-Vlink-AuthOnly/input_Remittance Id_remittance_id'

2024-05-15 23:34:41 - [MESSAGE][PASSED] - Text 'LAWiPmOmUrFZ' is set on object 'Object Repository/RecAndPlayBk/Page-Vlink-AuthOnly/input_Remittance Id_remittance_id'

2024-05-15 23:34:41 - [TEST_STEP][PASSED] - selenium.type("name=application_id", "180"): null

2024-05-15 23:34:41 - [TEST_STEP][PASSED] - selenium.type("name=username", "junit"): null

2024-05-15 23:34:41 - [TEST_STEP][PASSED] - selenium.type("name=password", "hello"): null

2024-05-15 23:34:41 - [TEST_STEP][PASSED] - selenium.type("name=response_format", "fixed_width"): null

2024-05-15 23:34:41 - [TEST_STEP][PASSED] - selenium.type("name=category", "ECOM"): null

2024-05-15 23:34:41 - [TEST_STEP][PASSED] - selenium.type("name=transaction_id", ""): null

2024-05-15 23:34:41 - [TEST_STEP][PASSED] - selenium.type("name=approval_code", ""): null

2024-05-15 23:34:41 - [TEST_STEP][PASSED] - selenium.type("name=card_name", "John Smith".toString()): null

2024-05-15 23:34:41 - [TEST_STEP][PASSED] - selenium.type("name=card_address", "2311 york road".toString()): null

2024-05-15 23:34:41 - [TEST_STEP][PASSED] - selenium.type("name=card_address2", ""): null

2024-05-15 23:34:41 - [TEST_STEP][PASSED] - selenium.type("name=card_city", "Arlington"): null

2024-05-15 23:34:41 - [TEST_STEP][PASSED] - selenium.type("name=card_state", "VA"): null

2024-05-15 23:34:41 - [TEST_STEP][PASSED] - selenium.type("name=card_zip", "22201"): null

2024-05-15 23:34:41 - [TEST_STEP][PASSED] - selenium.type("name=country_id", ""): null

2024-05-15 23:34:41 - [TEST_STEP][PASSED] - selenium.type("name=amount", 00".toString()): null

2024-05-15 23:34:41 - [TEST_STEP][PASSED] - selenium.type("name=card_number", "4111111111111111"): null

2024-05-15 23:34:42 - [TEST_STEP][PASSED] - selenium.type("name=card_exmo", "12"): null

2024-05-15 23:34:42 - [TEST_STEP][PASSED] - selenium.type("name=card_exyr", "2020"): null

2024-05-15 23:34:42 - [TEST_STEP][PASSED] - selenium.type("name=cvv_data", ""): null

2024-05-15 23:34:42 - [TEST_STEP][PASSED] - selenium.type("name=cvv_state", ""): null

2024-05-15 23:34:42 - [TEST_STEP][PASSED] - selenium.type("name=track_data", ""): null

2024-05-15 23:34:42 - [TEST_STEP][PASSED] - selenium.type("name=track_1_data", ""): null

2024-05-15 23:34:42 - [TEST_STEP][PASSED] - selenium.type("name=track_2_data", ""): null

2024-05-15 23:34:42 - [TEST_STEP][PASSED] - selenium.type("name=entry_mode", "manual"): null

2024-05-15 23:34:42 - [TEST_STEP][PASSED] - selenium.type("name=email", ""): null

2024-05-15 23:34:42 - [TEST_STEP][PASSED] - selenium.type("name=order_number", ""): null

2024-05-15 23:34:42 - [TEST_STEP][PASSED] - selenium.type("name=tax_amount", ""): null

2024-05-15 23:34:42 - [TEST_STEP][PASSED] - selenium.type("name=charge_description", ""): null

2024-05-15 23:34:42 - [TEST_STEP][PASSED] - selenium.type("name=client_account_number", ""): null

2024-05-15 23:34:42 - [TEST_STEP][PASSED] - selenium.type("name=bill_payment_indicator", ""): null

2024-05-15 23:34:42 - [TEST_STEP][PASSED] - selenium.type("name=user_defined1", ""): null

2024-05-15 23:34:42 - [TEST_STEP][PASSED] - selenium.type("name=user_defined2", ""): null

2024-05-15 23:34:42 - [TEST_STEP][PASSED] - selenium.type("name=user_defined3", ""): null

2024-05-15 23:34:42 - [TEST_STEP][PASSED] - selenium.type("name=user_defined4", ""): null

2024-05-15 23:34:43 - [TEST_STEP][PASSED] - selenium.type("name=user_defined5", ""): null

2024-05-15 23:34:43 - [TEST_STEP][PASSED] - selenium.type("name=user_defined6", ""): null

2024-05-15 23:34:43 - [TEST_STEP][PASSED] - selenium.type("name=user_defined7", ""): null

2024-05-15 23:34:43 - [TEST_STEP][PASSED] - selenium.type("name=user_defined8", ""): null

2024-05-15 23:34:43 - [TEST_STEP][PASSED] - selenium.type("name=user_defined9", ""): null

2024-05-15 23:34:43 - [TEST_STEP][PASSED] - selenium.type("name=user_defined10", ""): null

2024-05-15 23:34:43 - [TEST_STEP][PASSED] - selenium.click("css=input[type="submit"]"): null

2024-05-15 23:34:43 - [TEST_STEP][PASSED] - selenium.waitForPageToLoad("30000"): null

2024-05-15 23:34:44 - [TEST_STEP][PASSED] - selenium.selectWindow("null"): null

2024-05-15 23:34:44 - [TEST_STEP][PASSED] - verifyTextPresent("Signon authentication error.", true): Text 'Signon authentication error.' is present on page  using regular expression

2024-05-15 23:34:44 - [MESSAGE][PASSED] - Text 'Signon authentication error.' is present on page  using regular expression]]></system-out>
         <system-err><![CDATA[]]></system-err>
      </testcase>
      <testcase name="Test Cases/VLink/Imported-SelIDE/VLinkXMLTests/IncorrectUsername" time="9.634" classname="Test Cases/VLink/Imported-SelIDE/VLinkXMLTests/IncorrectUsername" status="PASSED">
         <system-out><![CDATA[2024-05-15 23:34:44 - [TEST_CASE][PASSED] - Test Cases/VLink/Imported-SelIDE/VLinkXMLTests/IncorrectUsername: Test Cases/VLink/Imported-SelIDE/VLinkXMLTests/IncorrectUsername

2024-05-15 23:34:45 - [TEST_STEP][PASSED] - softAssertion = new org.testng.asserts.SoftAssert(): null

2024-05-15 23:34:45 - [TEST_STEP][PASSED] - openBrowser("https://www.google.com/"): Browser is opened with url: 'https://www.google.com/'

2024-05-15 23:34:45 - [MESSAGE][WARNING] - A browser is already opened. Closing browser and opening a new one

2024-05-15 23:34:46 - [MESSAGE][INFO] - Starting 'Chrome' driver

2024-05-15 23:34:46 - [MESSAGE][INFO] - User set preference: ['acceptInsecureCerts', 'true']

2024-05-15 23:34:46 - [MESSAGE][INFO] - Action delay is set to 0 milliseconds

2024-05-15 23:34:49 - [MESSAGE][PASSED] - Browser is opened with url: 'https://www.google.com/'

2024-05-15 23:34:49 - [TEST_STEP][PASSED] - driver = getWebDriver(): null

2024-05-15 23:34:49 - [TEST_STEP][PASSED] - baseUrl = "https://www.google.com/": null

2024-05-15 23:34:49 - [TEST_STEP][PASSED] - selenium = new com.thoughtworks.selenium.webdriven.WebDriverBackedSelenium(driver, baseUrl): null

2024-05-15 23:34:49 - [TEST_STEP][PASSED] - selenium.open("https://dev-algorithm.govolution.com/vlinktest/QA/version_2_0/authcap.html"): null

2024-05-15 23:34:49 - [TEST_STEP][PASSED] - selenium.type("name=transaction_type", "104"): null

2024-05-15 23:34:49 - [TEST_STEP][PASSED] - selenium.type("name=message_version", 0C".toString()): null

2024-05-15 23:34:50 - [TEST_STEP][PASSED] - genRemID = RandomStringUtils.random(12, true, true): null

2024-05-15 23:34:50 - [TEST_STEP][PASSED] - setText(findTestObject("Object Repository/RecAndPlayBk/Page-Vlink-AuthOnly/input_Remittance Id_remittance_id"), genRemID): Text 'B2B0HswZyEr2' is set on object 'Object Repository/RecAndPlayBk/Page-Vlink-AuthOnly/input_Remittance Id_remittance_id'

2024-05-15 23:34:50 - [MESSAGE][PASSED] - Text 'B2B0HswZyEr2' is set on object 'Object Repository/RecAndPlayBk/Page-Vlink-AuthOnly/input_Remittance Id_remittance_id'

2024-05-15 23:34:50 - [TEST_STEP][PASSED] - selenium.type("name=application_id", "180"): null

2024-05-15 23:34:50 - [TEST_STEP][PASSED] - selenium.type("name=username", "hello"): null

2024-05-15 23:34:50 - [TEST_STEP][PASSED] - selenium.type("name=password", "testing"): null

2024-05-15 23:34:50 - [TEST_STEP][PASSED] - selenium.type("name=response_format", "fixed_width"): null

2024-05-15 23:34:50 - [TEST_STEP][PASSED] - selenium.type("name=category", "ECOM"): null

2024-05-15 23:34:51 - [TEST_STEP][PASSED] - selenium.type("name=transaction_id", ""): null

2024-05-15 23:34:51 - [TEST_STEP][PASSED] - selenium.type("name=approval_code", ""): null

2024-05-15 23:34:51 - [TEST_STEP][PASSED] - selenium.type("name=card_name", "John Smith".toString()): null

2024-05-15 23:34:51 - [TEST_STEP][PASSED] - selenium.type("name=card_address", "2311 york road".toString()): null

2024-05-15 23:34:51 - [TEST_STEP][PASSED] - selenium.type("name=card_address2", ""): null

2024-05-15 23:34:51 - [TEST_STEP][PASSED] - selenium.type("name=card_city", "Arlington"): null

2024-05-15 23:34:51 - [TEST_STEP][PASSED] - selenium.type("name=card_state", "VA"): null

2024-05-15 23:34:51 - [TEST_STEP][PASSED] - selenium.type("name=card_zip", "22201"): null

2024-05-15 23:34:51 - [TEST_STEP][PASSED] - selenium.type("name=country_id", ""): null

2024-05-15 23:34:51 - [TEST_STEP][PASSED] - selenium.type("name=amount", 00".toString()): null

2024-05-15 23:34:51 - [TEST_STEP][PASSED] - selenium.type("name=card_number", "4111111111111111"): null

2024-05-15 23:34:51 - [TEST_STEP][PASSED] - selenium.type("name=card_exmo", "12"): null

2024-05-15 23:34:51 - [TEST_STEP][PASSED] - selenium.type("name=card_exyr", "2020"): null

2024-05-15 23:34:51 - [TEST_STEP][PASSED] - selenium.type("name=cvv_data", ""): null

2024-05-15 23:34:51 - [TEST_STEP][PASSED] - selenium.type("name=cvv_state", ""): null

2024-05-15 23:34:51 - [TEST_STEP][PASSED] - selenium.type("name=track_data", ""): null

2024-05-15 23:34:51 - [TEST_STEP][PASSED] - selenium.type("name=track_1_data", ""): null

2024-05-15 23:34:51 - [TEST_STEP][PASSED] - selenium.type("name=track_2_data", ""): null

2024-05-15 23:34:52 - [TEST_STEP][PASSED] - selenium.type("name=entry_mode", "manual"): null

2024-05-15 23:34:52 - [TEST_STEP][PASSED] - selenium.type("name=email", ""): null

2024-05-15 23:34:52 - [TEST_STEP][PASSED] - selenium.type("name=order_number", ""): null

2024-05-15 23:34:52 - [TEST_STEP][PASSED] - selenium.type("name=tax_amount", ""): null

2024-05-15 23:34:52 - [TEST_STEP][PASSED] - selenium.type("name=charge_description", ""): null

2024-05-15 23:34:52 - [TEST_STEP][PASSED] - selenium.type("name=client_account_number", ""): null

2024-05-15 23:34:52 - [TEST_STEP][PASSED] - selenium.type("name=bill_payment_indicator", ""): null

2024-05-15 23:34:52 - [TEST_STEP][PASSED] - selenium.type("name=user_defined1", ""): null

2024-05-15 23:34:52 - [TEST_STEP][PASSED] - selenium.type("name=user_defined2", ""): null

2024-05-15 23:34:52 - [TEST_STEP][PASSED] - selenium.type("name=user_defined3", ""): null

2024-05-15 23:34:52 - [TEST_STEP][PASSED] - selenium.type("name=user_defined4", ""): null

2024-05-15 23:34:52 - [TEST_STEP][PASSED] - selenium.type("name=user_defined5", ""): null

2024-05-15 23:34:52 - [TEST_STEP][PASSED] - selenium.type("name=user_defined6", ""): null

2024-05-15 23:34:52 - [TEST_STEP][PASSED] - selenium.type("name=user_defined7", ""): null

2024-05-15 23:34:52 - [TEST_STEP][PASSED] - selenium.type("name=user_defined8", ""): null

2024-05-15 23:34:52 - [TEST_STEP][PASSED] - selenium.type("name=user_defined9", ""): null

2024-05-15 23:34:52 - [TEST_STEP][PASSED] - selenium.type("name=user_defined10", ""): null

2024-05-15 23:34:52 - [TEST_STEP][PASSED] - selenium.click("css=input[type="submit"]"): null

2024-05-15 23:34:53 - [TEST_STEP][PASSED] - selenium.waitForPageToLoad("30000"): null

2024-05-15 23:34:54 - [TEST_STEP][PASSED] - selenium.selectWindow("null"): null

2024-05-15 23:34:54 - [TEST_STEP][PASSED] - verifyTextPresent("Signon authentication error.", true): Text 'Signon authentication error.' is present on page  using regular expression

2024-05-15 23:34:54 - [MESSAGE][PASSED] - Text 'Signon authentication error.' is present on page  using regular expression]]></system-out>
         <system-err><![CDATA[]]></system-err>
      </testcase>
      <testcase name="Test Cases/VLink/Imported-SelIDE/VLinkXMLTests/IncorrectUsernameAndPassword" time="9.219" classname="Test Cases/VLink/Imported-SelIDE/VLinkXMLTests/IncorrectUsernameAndPassword" status="PASSED">
         <system-out><![CDATA[2024-05-15 23:34:54 - [TEST_CASE][PASSED] - Test Cases/VLink/Imported-SelIDE/VLinkXMLTests/IncorrectUsernameAndPassword: Test Cases/VLink/Imported-SelIDE/VLinkXMLTests/IncorrectUsernameAndPassword

2024-05-15 23:34:54 - [TEST_STEP][PASSED] - softAssertion = new org.testng.asserts.SoftAssert(): null

2024-05-15 23:34:54 - [TEST_STEP][PASSED] - openBrowser("https://www.google.com/"): Browser is opened with url: 'https://www.google.com/'

2024-05-15 23:34:54 - [MESSAGE][WARNING] - A browser is already opened. Closing browser and opening a new one

2024-05-15 23:34:55 - [MESSAGE][INFO] - Starting 'Chrome' driver

2024-05-15 23:34:55 - [MESSAGE][INFO] - User set preference: ['acceptInsecureCerts', 'true']

2024-05-15 23:34:55 - [MESSAGE][INFO] - Action delay is set to 0 milliseconds

2024-05-15 23:34:58 - [MESSAGE][PASSED] - Browser is opened with url: 'https://www.google.com/'

2024-05-15 23:34:58 - [TEST_STEP][PASSED] - driver = getWebDriver(): null

2024-05-15 23:34:58 - [TEST_STEP][PASSED] - baseUrl = "https://www.google.com/": null

2024-05-15 23:34:58 - [TEST_STEP][PASSED] - selenium = new com.thoughtworks.selenium.webdriven.WebDriverBackedSelenium(driver, baseUrl): null

2024-05-15 23:34:58 - [TEST_STEP][PASSED] - selenium.open("https://dev-algorithm.govolution.com/vlinktest/QA/version_2_0/authcap.html"): null

2024-05-15 23:34:59 - [TEST_STEP][PASSED] - selenium.type("name=transaction_type", "104"): null

2024-05-15 23:34:59 - [TEST_STEP][PASSED] - selenium.type("name=message_version", 0C".toString()): null

2024-05-15 23:34:59 - [TEST_STEP][PASSED] - genRemID = RandomStringUtils.random(12, true, true): null

2024-05-15 23:34:59 - [TEST_STEP][PASSED] - setText(findTestObject("Object Repository/RecAndPlayBk/Page-Vlink-AuthOnly/input_Remittance Id_remittance_id"), genRemID): Text 'H5Ogy6ls9BgN' is set on object 'Object Repository/RecAndPlayBk/Page-Vlink-AuthOnly/input_Remittance Id_remittance_id'

2024-05-15 23:35:00 - [MESSAGE][PASSED] - Text 'H5Ogy6ls9BgN' is set on object 'Object Repository/RecAndPlayBk/Page-Vlink-AuthOnly/input_Remittance Id_remittance_id'

2024-05-15 23:35:00 - [TEST_STEP][PASSED] - selenium.type("name=application_id", "180"): null

2024-05-15 23:35:00 - [TEST_STEP][PASSED] - selenium.type("name=username", "hello"): null

2024-05-15 23:35:00 - [TEST_STEP][PASSED] - selenium.type("name=password", "world"): null

2024-05-15 23:35:00 - [TEST_STEP][PASSED] - selenium.type("name=response_format", "fixed_width"): null

2024-05-15 23:35:00 - [TEST_STEP][PASSED] - selenium.type("name=category", "ECOM"): null

2024-05-15 23:35:00 - [TEST_STEP][PASSED] - selenium.type("name=transaction_id", ""): null

2024-05-15 23:35:00 - [TEST_STEP][PASSED] - selenium.type("name=approval_code", ""): null

2024-05-15 23:35:00 - [TEST_STEP][PASSED] - selenium.type("name=card_name", "John Smith".toString()): null

2024-05-15 23:35:00 - [TEST_STEP][PASSED] - selenium.type("name=card_address", "2311 york road".toString()): null

2024-05-15 23:35:00 - [TEST_STEP][PASSED] - selenium.type("name=card_address2", ""): null

2024-05-15 23:35:00 - [TEST_STEP][PASSED] - selenium.type("name=card_city", "Arlington"): null

2024-05-15 23:35:00 - [TEST_STEP][PASSED] - selenium.type("name=card_state", "VA"): null

2024-05-15 23:35:00 - [TEST_STEP][PASSED] - selenium.type("name=card_zip", "22201"): null

2024-05-15 23:35:00 - [TEST_STEP][PASSED] - selenium.type("name=country_id", ""): null

2024-05-15 23:35:00 - [TEST_STEP][PASSED] - selenium.type("name=amount", 00".toString()): null

2024-05-15 23:35:00 - [TEST_STEP][PASSED] - selenium.type("name=card_number", "4111111111111111"): null

2024-05-15 23:35:00 - [TEST_STEP][PASSED] - selenium.type("name=card_exmo", "12"): null

2024-05-15 23:35:00 - [TEST_STEP][PASSED] - selenium.type("name=card_exyr", "2020"): null

2024-05-15 23:35:01 - [TEST_STEP][PASSED] - selenium.type("name=cvv_data", ""): null

2024-05-15 23:35:01 - [TEST_STEP][PASSED] - selenium.type("name=cvv_state", ""): null

2024-05-15 23:35:01 - [TEST_STEP][PASSED] - selenium.type("name=track_data", ""): null

2024-05-15 23:35:01 - [TEST_STEP][PASSED] - selenium.type("name=track_1_data", ""): null

2024-05-15 23:35:01 - [TEST_STEP][PASSED] - selenium.type("name=track_2_data", ""): null

2024-05-15 23:35:01 - [TEST_STEP][PASSED] - selenium.type("name=entry_mode", "manual"): null

2024-05-15 23:35:01 - [TEST_STEP][PASSED] - selenium.type("name=email", ""): null

2024-05-15 23:35:01 - [TEST_STEP][PASSED] - selenium.type("name=order_number", ""): null

2024-05-15 23:35:01 - [TEST_STEP][PASSED] - selenium.type("name=tax_amount", ""): null

2024-05-15 23:35:01 - [TEST_STEP][PASSED] - selenium.type("name=charge_description", ""): null

2024-05-15 23:35:01 - [TEST_STEP][PASSED] - selenium.type("name=client_account_number", ""): null

2024-05-15 23:35:01 - [TEST_STEP][PASSED] - selenium.type("name=bill_payment_indicator", ""): null

2024-05-15 23:35:01 - [TEST_STEP][PASSED] - selenium.type("name=user_defined1", ""): null

2024-05-15 23:35:01 - [TEST_STEP][PASSED] - selenium.type("name=user_defined2", ""): null

2024-05-15 23:35:01 - [TEST_STEP][PASSED] - selenium.type("name=user_defined3", ""): null

2024-05-15 23:35:01 - [TEST_STEP][PASSED] - selenium.type("name=user_defined4", ""): null

2024-05-15 23:35:01 - [TEST_STEP][PASSED] - selenium.type("name=user_defined5", ""): null

2024-05-15 23:35:01 - [TEST_STEP][PASSED] - selenium.type("name=user_defined6", ""): null

2024-05-15 23:35:01 - [TEST_STEP][PASSED] - selenium.type("name=user_defined7", ""): null

2024-05-15 23:35:02 - [TEST_STEP][PASSED] - selenium.type("name=user_defined8", ""): null

2024-05-15 23:35:02 - [TEST_STEP][PASSED] - selenium.type("name=user_defined9", ""): null

2024-05-15 23:35:02 - [TEST_STEP][PASSED] - selenium.type("name=user_defined10", ""): null

2024-05-15 23:35:02 - [TEST_STEP][PASSED] - selenium.click("css=input[type="submit"]"): null

2024-05-15 23:35:02 - [TEST_STEP][PASSED] - selenium.waitForPageToLoad("30000"): null

2024-05-15 23:35:03 - [TEST_STEP][PASSED] - selenium.selectWindow("null"): null

2024-05-15 23:35:03 - [TEST_STEP][PASSED] - verifyTextPresent("Signon authentication error", true): Text 'Signon authentication error' is present on page  using regular expression

2024-05-15 23:35:03 - [MESSAGE][PASSED] - Text 'Signon authentication error' is present on page  using regular expression]]></system-out>
         <system-err><![CDATA[]]></system-err>
      </testcase>
      <testcase name="Test Cases/VLink/Imported-SelIDE/VLinkXMLTests/MissingUsernameAndPassword" time="9.819" classname="Test Cases/VLink/Imported-SelIDE/VLinkXMLTests/MissingUsernameAndPassword" status="PASSED">
         <system-out><![CDATA[2024-05-15 23:35:03 - [TEST_CASE][PASSED] - Test Cases/VLink/Imported-SelIDE/VLinkXMLTests/MissingUsernameAndPassword: Test Cases/VLink/Imported-SelIDE/VLinkXMLTests/MissingUsernameAndPassword

2024-05-15 23:35:04 - [TEST_STEP][PASSED] - softAssertion = new org.testng.asserts.SoftAssert(): null

2024-05-15 23:35:04 - [TEST_STEP][PASSED] - openBrowser("https://www.google.com/"): Browser is opened with url: 'https://www.google.com/'

2024-05-15 23:35:04 - [MESSAGE][WARNING] - A browser is already opened. Closing browser and opening a new one

2024-05-15 23:35:05 - [MESSAGE][INFO] - Starting 'Chrome' driver

2024-05-15 23:35:05 - [MESSAGE][INFO] - User set preference: ['acceptInsecureCerts', 'true']

2024-05-15 23:35:05 - [MESSAGE][INFO] - Action delay is set to 0 milliseconds

2024-05-15 23:35:08 - [MESSAGE][PASSED] - Browser is opened with url: 'https://www.google.com/'

2024-05-15 23:35:08 - [TEST_STEP][PASSED] - driver = getWebDriver(): null

2024-05-15 23:35:08 - [TEST_STEP][PASSED] - baseUrl = "https://www.google.com/": null

2024-05-15 23:35:08 - [TEST_STEP][PASSED] - selenium = new com.thoughtworks.selenium.webdriven.WebDriverBackedSelenium(driver, baseUrl): null

2024-05-15 23:35:08 - [TEST_STEP][PASSED] - selenium.open("https://dev-algorithm.govolution.com/vlinktest/QA/version_2_0/authcap.html"): null

2024-05-15 23:35:08 - [TEST_STEP][PASSED] - selenium.type("name=transaction_type", "104"): null

2024-05-15 23:35:08 - [TEST_STEP][PASSED] - selenium.type("name=message_version", 0C".toString()): null

2024-05-15 23:35:09 - [TEST_STEP][PASSED] - genRemID = RandomStringUtils.random(12, true, true): null

2024-05-15 23:35:09 - [TEST_STEP][PASSED] - setText(findTestObject("Object Repository/RecAndPlayBk/Page-Vlink-AuthOnly/input_Remittance Id_remittance_id"), genRemID): Text 'jC0sOXGfnO2x' is set on object 'Object Repository/RecAndPlayBk/Page-Vlink-AuthOnly/input_Remittance Id_remittance_id'

2024-05-15 23:35:09 - [MESSAGE][PASSED] - Text 'jC0sOXGfnO2x' is set on object 'Object Repository/RecAndPlayBk/Page-Vlink-AuthOnly/input_Remittance Id_remittance_id'

2024-05-15 23:35:09 - [TEST_STEP][PASSED] - selenium.type("name=application_id", "180"): null

2024-05-15 23:35:09 - [TEST_STEP][PASSED] - selenium.type("name=username", ""): null

2024-05-15 23:35:09 - [TEST_STEP][PASSED] - selenium.type("name=password", ""): null

2024-05-15 23:35:10 - [TEST_STEP][PASSED] - selenium.type("name=response_format", "fixed_width"): null

2024-05-15 23:35:10 - [TEST_STEP][PASSED] - selenium.type("name=category", "ECOM"): null

2024-05-15 23:35:10 - [TEST_STEP][PASSED] - selenium.type("name=transaction_id", ""): null

2024-05-15 23:35:10 - [TEST_STEP][PASSED] - selenium.type("name=approval_code", ""): null

2024-05-15 23:35:10 - [TEST_STEP][PASSED] - selenium.type("name=card_name", "John Smith".toString()): null

2024-05-15 23:35:10 - [TEST_STEP][PASSED] - selenium.type("name=card_address", "2311 york road".toString()): null

2024-05-15 23:35:10 - [TEST_STEP][PASSED] - selenium.type("name=card_address2", ""): null

2024-05-15 23:35:10 - [TEST_STEP][PASSED] - selenium.type("name=card_city", "Arlington"): null

2024-05-15 23:35:10 - [TEST_STEP][PASSED] - selenium.type("name=card_state", "VA"): null

2024-05-15 23:35:10 - [TEST_STEP][PASSED] - selenium.type("name=card_zip", "22201"): null

2024-05-15 23:35:10 - [TEST_STEP][PASSED] - selenium.type("name=country_id", ""): null

2024-05-15 23:35:10 - [TEST_STEP][PASSED] - selenium.type("name=amount", 00".toString()): null

2024-05-15 23:35:10 - [TEST_STEP][PASSED] - selenium.type("name=card_number", "4111111111111111"): null

2024-05-15 23:35:10 - [TEST_STEP][PASSED] - selenium.type("name=card_exmo", "12"): null

2024-05-15 23:35:10 - [TEST_STEP][PASSED] - selenium.type("name=card_exyr", "2020"): null

2024-05-15 23:35:10 - [TEST_STEP][PASSED] - selenium.type("name=cvv_data", ""): null

2024-05-15 23:35:10 - [TEST_STEP][PASSED] - selenium.type("name=cvv_state", ""): null

2024-05-15 23:35:10 - [TEST_STEP][PASSED] - selenium.type("name=track_data", ""): null

2024-05-15 23:35:10 - [TEST_STEP][PASSED] - selenium.type("name=track_1_data", ""): null

2024-05-15 23:35:11 - [TEST_STEP][PASSED] - selenium.type("name=track_2_data", ""): null

2024-05-15 23:35:11 - [TEST_STEP][PASSED] - selenium.type("name=entry_mode", "manual"): null

2024-05-15 23:35:11 - [TEST_STEP][PASSED] - selenium.type("name=email", ""): null

2024-05-15 23:35:11 - [TEST_STEP][PASSED] - selenium.type("name=order_number", ""): null

2024-05-15 23:35:11 - [TEST_STEP][PASSED] - selenium.type("name=tax_amount", ""): null

2024-05-15 23:35:11 - [TEST_STEP][PASSED] - selenium.type("name=charge_description", ""): null

2024-05-15 23:35:11 - [TEST_STEP][PASSED] - selenium.type("name=client_account_number", ""): null

2024-05-15 23:35:11 - [TEST_STEP][PASSED] - selenium.type("name=bill_payment_indicator", ""): null

2024-05-15 23:35:11 - [TEST_STEP][PASSED] - selenium.type("name=user_defined1", ""): null

2024-05-15 23:35:11 - [TEST_STEP][PASSED] - selenium.type("name=user_defined2", ""): null

2024-05-15 23:35:11 - [TEST_STEP][PASSED] - selenium.type("name=user_defined3", ""): null

2024-05-15 23:35:11 - [TEST_STEP][PASSED] - selenium.type("name=user_defined4", ""): null

2024-05-15 23:35:11 - [TEST_STEP][PASSED] - selenium.type("name=user_defined5", ""): null

2024-05-15 23:35:11 - [TEST_STEP][PASSED] - selenium.type("name=user_defined6", ""): null

2024-05-15 23:35:11 - [TEST_STEP][PASSED] - selenium.type("name=user_defined7", ""): null

2024-05-15 23:35:11 - [TEST_STEP][PASSED] - selenium.type("name=user_defined8", ""): null

2024-05-15 23:35:11 - [TEST_STEP][PASSED] - selenium.type("name=user_defined9", ""): null

2024-05-15 23:35:11 - [TEST_STEP][PASSED] - selenium.type("name=user_defined10", ""): null

2024-05-15 23:35:12 - [TEST_STEP][PASSED] - selenium.click("css=input[type="submit"]"): null

2024-05-15 23:35:12 - [TEST_STEP][PASSED] - selenium.waitForPageToLoad("30000"): null

2024-05-15 23:35:13 - [TEST_STEP][PASSED] - selenium.selectWindow("null"): null

2024-05-15 23:35:13 - [TEST_STEP][PASSED] - verifyTextPresent("Signon authentication error", true): Text 'Signon authentication error' is present on page  using regular expression

2024-05-15 23:35:13 - [MESSAGE][PASSED] - Text 'Signon authentication error' is present on page  using regular expression]]></system-out>
         <system-err><![CDATA[]]></system-err>
      </testcase>
      <testcase name="Test Cases/VLink/Imported-SelIDE/VLinkXMLTests/SaleCreditRemIDPipe" time="13.305" classname="Test Cases/VLink/Imported-SelIDE/VLinkXMLTests/SaleCreditRemIDPipe" status="PASSED">
         <system-out><![CDATA[2024-05-15 23:35:13 - [TEST_CASE][PASSED] - Test Cases/VLink/Imported-SelIDE/VLinkXMLTests/SaleCreditRemIDPipe: Test Cases/VLink/Imported-SelIDE/VLinkXMLTests/SaleCreditRemIDPipe

2024-05-15 23:35:13 - [TEST_STEP][PASSED] - softAssertion = new org.testng.asserts.SoftAssert(): null

2024-05-15 23:35:13 - [TEST_STEP][PASSED] - openBrowser("https://www.google.com/"): Browser is opened with url: 'https://www.google.com/'

2024-05-15 23:35:13 - [MESSAGE][WARNING] - A browser is already opened. Closing browser and opening a new one

2024-05-15 23:35:15 - [MESSAGE][INFO] - Starting 'Chrome' driver

2024-05-15 23:35:15 - [MESSAGE][INFO] - User set preference: ['acceptInsecureCerts', 'true']

2024-05-15 23:35:15 - [MESSAGE][INFO] - Action delay is set to 0 milliseconds

2024-05-15 23:35:18 - [MESSAGE][PASSED] - Browser is opened with url: 'https://www.google.com/'

2024-05-15 23:35:18 - [TEST_STEP][PASSED] - driver = getWebDriver(): null

2024-05-15 23:35:18 - [TEST_STEP][PASSED] - baseUrl = "https://www.google.com/": null

2024-05-15 23:35:18 - [TEST_STEP][PASSED] - selenium = new com.thoughtworks.selenium.webdriven.WebDriverBackedSelenium(driver, baseUrl): null

2024-05-15 23:35:18 - [TEST_STEP][PASSED] - ran1 = random() * 99999)").toInteger(): null

2024-05-15 23:35:18 - [TEST_STEP][PASSED] - println(ran1): null

2024-05-15 23:35:18 - [TEST_STEP][PASSED] - ran2 = random() * 999)").toInteger(): null

2024-05-15 23:35:18 - [TEST_STEP][PASSED] - println(ran2): null

2024-05-15 23:35:18 - [TEST_STEP][PASSED] - ran3 = random() * 9999)").toInteger(): null

2024-05-15 23:35:18 - [TEST_STEP][PASSED] - println(ran3): null

2024-05-15 23:35:18 - [TEST_STEP][PASSED] - println(ran1 + "|" + ran2 + "|" + ran3): null

2024-05-15 23:35:18 - [TEST_STEP][PASSED] - selenium.open("https://dev-algorithm.govolution.com/vlinktest/QA/version_2_0/authcap.html"): null

2024-05-15 23:35:18 - [TEST_STEP][PASSED] - selenium.type("name=transaction_type", "104"): null

2024-05-15 23:35:18 - [TEST_STEP][PASSED] - selenium.type("name=message_version", 0C".toString()): null

2024-05-15 23:35:18 - [TEST_STEP][PASSED] - selenium.type("name=remittance_id", ran1 + "|" + ran2 + "|" + ran3.toString()): null

2024-05-15 23:35:18 - [TEST_STEP][PASSED] - selenium.type("name=application_id", "234"): null

2024-05-15 23:35:18 - [TEST_STEP][PASSED] - selenium.type("name=username", "username"): null

2024-05-15 23:35:19 - [TEST_STEP][PASSED] - selenium.type("name=password", "password"): null

2024-05-15 23:35:19 - [TEST_STEP][PASSED] - selenium.type("name=response_format", "fixed_width"): null

2024-05-15 23:35:19 - [TEST_STEP][PASSED] - selenium.type("name=category", "ECOM"): null

2024-05-15 23:35:19 - [TEST_STEP][PASSED] - selenium.type("name=transaction_id", ""): null

2024-05-15 23:35:19 - [TEST_STEP][PASSED] - selenium.type("name=approval_code", ""): null

2024-05-15 23:35:19 - [TEST_STEP][PASSED] - selenium.type("name=card_name", "Jim Corbett".toString()): null

2024-05-15 23:35:19 - [TEST_STEP][PASSED] - selenium.type("name=card_address", "2311 york road".toString()): null

2024-05-15 23:35:19 - [TEST_STEP][PASSED] - selenium.type("name=card_address2", ""): null

2024-05-15 23:35:19 - [TEST_STEP][PASSED] - selenium.type("name=card_city", "Arlington"): null

2024-05-15 23:35:19 - [TEST_STEP][PASSED] - selenium.type("name=card_state", "VA"): null

2024-05-15 23:35:19 - [TEST_STEP][PASSED] - selenium.type("name=card_zip", "22201"): null

2024-05-15 23:35:19 - [TEST_STEP][PASSED] - selenium.type("name=country_id", ""): null

2024-05-15 23:35:19 - [TEST_STEP][PASSED] - selenium.type("name=amount", 50".toString()): null

2024-05-15 23:35:19 - [TEST_STEP][PASSED] - selenium.type("name=card_number", "4111111111111111"): null

2024-05-15 23:35:19 - [TEST_STEP][PASSED] - selenium.type("name=card_exmo", "12"): null

2024-05-15 23:35:19 - [TEST_STEP][PASSED] - selenium.type("name=card_exyr", "2025"): null

2024-05-15 23:35:19 - [TEST_STEP][PASSED] - selenium.type("name=cvv_data", ""): null

2024-05-15 23:35:19 - [TEST_STEP][PASSED] - selenium.type("name=cvv_state", ""): null

2024-05-15 23:35:19 - [TEST_STEP][PASSED] - selenium.type("name=track_data", ""): null

2024-05-15 23:35:20 - [TEST_STEP][PASSED] - selenium.type("name=track_1_data", ""): null

2024-05-15 23:35:20 - [TEST_STEP][PASSED] - selenium.type("name=track_2_data", ""): null

2024-05-15 23:35:20 - [TEST_STEP][PASSED] - selenium.type("name=entry_mode", "manual"): null

2024-05-15 23:35:20 - [TEST_STEP][PASSED] - selenium.type("name=email", ""): null

2024-05-15 23:35:20 - [TEST_STEP][PASSED] - selenium.type("name=order_number", ""): null

2024-05-15 23:35:20 - [TEST_STEP][PASSED] - selenium.type("name=tax_amount", ""): null

2024-05-15 23:35:20 - [TEST_STEP][PASSED] - selenium.type("name=charge_description", ""): null

2024-05-15 23:35:20 - [TEST_STEP][PASSED] - selenium.type("name=client_account_number", ""): null

2024-05-15 23:35:20 - [TEST_STEP][PASSED] - selenium.type("name=bill_payment_indicator", ""): null

2024-05-15 23:35:20 - [TEST_STEP][PASSED] - selenium.type("name=user_defined1", ""): null

2024-05-15 23:35:20 - [TEST_STEP][PASSED] - selenium.type("name=user_defined2", ""): null

2024-05-15 23:35:20 - [TEST_STEP][PASSED] - selenium.type("name=user_defined3", ""): null

2024-05-15 23:35:20 - [TEST_STEP][PASSED] - selenium.type("name=user_defined4", ""): null

2024-05-15 23:35:20 - [TEST_STEP][PASSED] - selenium.type("name=user_defined5", ""): null

2024-05-15 23:35:20 - [TEST_STEP][PASSED] - selenium.type("name=user_defined6", ""): null

2024-05-15 23:35:20 - [TEST_STEP][PASSED] - selenium.type("name=user_defined7", ""): null

2024-05-15 23:35:20 - [TEST_STEP][PASSED] - selenium.type("name=user_defined8", ""): null

2024-05-15 23:35:20 - [TEST_STEP][PASSED] - selenium.type("name=user_defined9", ""): null

2024-05-15 23:35:21 - [TEST_STEP][PASSED] - selenium.type("name=user_defined10", ""): null

2024-05-15 23:35:21 - [TEST_STEP][PASSED] - selenium.click("css=input[type="submit"]"): null

2024-05-15 23:35:22 - [TEST_STEP][PASSED] - selenium.waitForPageToLoad("30000"): null

2024-05-15 23:35:22 - [TEST_STEP][PASSED] - verifyTextPresent("Transaction approved, no errors", true): Text 'Transaction approved, no errors' is present on page  using regular expression

2024-05-15 23:35:22 - [MESSAGE][PASSED] - Text 'Transaction approved, no errors' is present on page  using regular expression

2024-05-15 23:35:22 - [TEST_STEP][PASSED] - resText = selenium.getText("css=pre"): null

2024-05-15 23:35:23 - [TEST_STEP][PASSED] - println(resText): null

2024-05-15 23:35:23 - [TEST_STEP][PASSED] - tranID = substring(35, 44).trim(): null

2024-05-15 23:35:23 - [TEST_STEP][PASSED] - println(tranID): null

2024-05-15 23:35:23 - [TEST_STEP][PASSED] - selenium.open("https://dev-algorithm.govolution.com/vlinktest/QA/version_2_0/CC_credit.html"): null

2024-05-15 23:35:23 - [TEST_STEP][PASSED] - selenium.type("name=transaction_type", "103"): null

2024-05-15 23:35:23 - [TEST_STEP][PASSED] - selenium.type("name=message_version", 0C".toString()): null

2024-05-15 23:35:23 - [TEST_STEP][PASSED] - selenium.type("name=remittance_id", ran1 + "|" + ran2 + "|" + ran3.toString()): null

2024-05-15 23:35:23 - [TEST_STEP][PASSED] - selenium.type("name=application_id", "234"): null

2024-05-15 23:35:23 - [TEST_STEP][PASSED] - selenium.type("name=username", "username"): null

2024-05-15 23:35:23 - [TEST_STEP][PASSED] - selenium.type("name=password", "password"): null

2024-05-15 23:35:23 - [TEST_STEP][PASSED] - selenium.type("name=transaction_id", tranID): null

2024-05-15 23:35:23 - [TEST_STEP][PASSED] - selenium.type("name=response_format", "fixed_width"): null

2024-05-15 23:35:23 - [TEST_STEP][PASSED] - selenium.type("name=amount", 50".toString()): null

2024-05-15 23:35:24 - [TEST_STEP][PASSED] - selenium.type("name=order_number", ""): null

2024-05-15 23:35:24 - [TEST_STEP][PASSED] - selenium.type("name=tax_amount", ""): null

2024-05-15 23:35:24 - [TEST_STEP][PASSED] - selenium.type("name=charge_description", ""): null

2024-05-15 23:35:24 - [TEST_STEP][PASSED] - selenium.type("name=card_number", ""): null

2024-05-15 23:35:24 - [TEST_STEP][PASSED] - selenium.type("name=card_exmo", ""): null

2024-05-15 23:35:24 - [TEST_STEP][PASSED] - selenium.type("name=card_exyr", ""): null

2024-05-15 23:35:24 - [TEST_STEP][PASSED] - selenium.type("name=track_data", ""): null

2024-05-15 23:35:24 - [TEST_STEP][PASSED] - selenium.type("name=track_1_data", ""): null

2024-05-15 23:35:24 - [TEST_STEP][PASSED] - selenium.type("name=track_2_data", ""): null

2024-05-15 23:35:24 - [TEST_STEP][PASSED] - selenium.type("name=category", ""): null

2024-05-15 23:35:24 - [TEST_STEP][PASSED] - selenium.type("name=client_account_number", ""): null

2024-05-15 23:35:24 - [TEST_STEP][PASSED] - selenium.click("css=input[type="submit"]"): null

2024-05-15 23:35:25 - [TEST_STEP][PASSED] - selenium.waitForPageToLoad("30000"): null

2024-05-15 23:35:26 - [TEST_STEP][PASSED] - verifyTextPresent("Transaction approved, no errors", true): Text 'Transaction approved, no errors' is present on page  using regular expression

2024-05-15 23:35:26 - [MESSAGE][PASSED] - Text 'Transaction approved, no errors' is present on page  using regular expression

2024-05-15 23:35:26 - [TEST_STEP][PASSED] - resTextVoid = selenium.getText("css=pre"): null

2024-05-15 23:35:26 - [TEST_STEP][PASSED] - println(resTextVoid): null

2024-05-15 23:35:26 - [TEST_STEP][PASSED] - tranIDVoid = selenium.getEval(" var ran1 = "" + ran1 + "";var ran2 = "" + ran2 + "";var ran3 = "" + ran3 + "";var resText = "" + resText + "";var tranID = "" + tranID + "";var resTextVoid = "" + resTextVoid + "";var storedVars = { 'ran1': ran1,'ran2': ran2,'ran3': ran3,'resText': resText,'tranID': tranID,'resTextVoid': resTextVoid }; " + "storedVars['resTextVoid'].substring(19,28).trim()"): null

2024-05-15 23:35:26 - [TEST_STEP][PASSED] - println(tranIDVoid): null]]></system-out>
         <system-err><![CDATA[]]></system-err>
      </testcase>
      <testcase name="Test Cases/VLink/Imported-SelIDE/VLinkXMLTests/UnencryptedRemIDPipe" time="10.195" classname="Test Cases/VLink/Imported-SelIDE/VLinkXMLTests/UnencryptedRemIDPipe" status="PASSED">
         <system-out><![CDATA[2024-05-15 23:35:26 - [TEST_CASE][PASSED] - Test Cases/VLink/Imported-SelIDE/VLinkXMLTests/UnencryptedRemIDPipe: Test Cases/VLink/Imported-SelIDE/VLinkXMLTests/UnencryptedRemIDPipe

2024-05-15 23:35:27 - [TEST_STEP][PASSED] - softAssertion = new org.testng.asserts.SoftAssert(): null

2024-05-15 23:35:27 - [TEST_STEP][PASSED] - openBrowser("https://www.google.com/"): Browser is opened with url: 'https://www.google.com/'

2024-05-15 23:35:27 - [MESSAGE][WARNING] - A browser is already opened. Closing browser and opening a new one

2024-05-15 23:35:28 - [MESSAGE][INFO] - Starting 'Chrome' driver

2024-05-15 23:35:28 - [MESSAGE][INFO] - User set preference: ['acceptInsecureCerts', 'true']

2024-05-15 23:35:28 - [MESSAGE][INFO] - Action delay is set to 0 milliseconds

2024-05-15 23:35:31 - [MESSAGE][PASSED] - Browser is opened with url: 'https://www.google.com/'

2024-05-15 23:35:31 - [TEST_STEP][PASSED] - driver = getWebDriver(): null

2024-05-15 23:35:31 - [TEST_STEP][PASSED] - baseUrl = "https://www.google.com/": null

2024-05-15 23:35:31 - [TEST_STEP][PASSED] - selenium = new com.thoughtworks.selenium.webdriven.WebDriverBackedSelenium(driver, baseUrl): null

2024-05-15 23:35:31 - [TEST_STEP][PASSED] - ran1 = random() * 99999)").toInteger(): null

2024-05-15 23:35:31 - [TEST_STEP][PASSED] - println(ran1): null

2024-05-15 23:35:31 - [TEST_STEP][PASSED] - ran2 = random() * 999)").toInteger(): null

2024-05-15 23:35:31 - [TEST_STEP][PASSED] - println(ran2): null

2024-05-15 23:35:31 - [TEST_STEP][PASSED] - ran3 = random() * 9999)").toInteger(): null

2024-05-15 23:35:31 - [TEST_STEP][PASSED] - println(ran3): null

2024-05-15 23:35:31 - [TEST_STEP][PASSED] - println(ran1 + "|" + ran2 + "|" + ran3): null

2024-05-15 23:35:31 - [TEST_STEP][PASSED] - selenium.open("https://dev-algorithm.govolution.com/vlinktest/QA/version_2_0/authcap.html"): null

2024-05-15 23:35:32 - [TEST_STEP][PASSED] - selenium.type("name=transaction_type", "104"): null

2024-05-15 23:35:32 - [TEST_STEP][PASSED] - selenium.type("name=message_version", 0C".toString()): null

2024-05-15 23:35:32 - [TEST_STEP][PASSED] - selenium.type("name=remittance_id", ran1 + "|" + ran2 + "|" + ran3.toString()): null

2024-05-15 23:35:32 - [TEST_STEP][PASSED] - selenium.type("name=application_id", "234"): null

2024-05-15 23:35:32 - [TEST_STEP][PASSED] - selenium.type("name=username", "username"): null

2024-05-15 23:35:32 - [TEST_STEP][PASSED] - selenium.type("name=password", "password"): null

2024-05-15 23:35:32 - [TEST_STEP][PASSED] - selenium.type("name=response_format", "fixed_width"): null

2024-05-15 23:35:32 - [TEST_STEP][PASSED] - selenium.type("name=category", "RETL"): null

2024-05-15 23:35:32 - [TEST_STEP][PASSED] - selenium.type("name=transaction_id", ""): null

2024-05-15 23:35:32 - [TEST_STEP][PASSED] - selenium.type("name=approval_code", ""): null

2024-05-15 23:35:33 - [TEST_STEP][PASSED] - selenium.type("name=card_name", "Jon Latham".toString()): null

2024-05-15 23:35:33 - [TEST_STEP][PASSED] - selenium.type("name=card_address", "2311 york road".toString()): null

2024-05-15 23:35:33 - [TEST_STEP][PASSED] - selenium.type("name=card_address2", ""): null

2024-05-15 23:35:33 - [TEST_STEP][PASSED] - selenium.type("name=card_city", "Arlington"): null

2024-05-15 23:35:33 - [TEST_STEP][PASSED] - selenium.type("name=card_state", "VA"): null

2024-05-15 23:35:33 - [TEST_STEP][PASSED] - selenium.type("name=card_zip", "22201"): null

2024-05-15 23:35:33 - [TEST_STEP][PASSED] - selenium.type("name=country_id", ""): null

2024-05-15 23:35:33 - [TEST_STEP][PASSED] - selenium.type("name=amount", 00".toString()): null

2024-05-15 23:35:33 - [TEST_STEP][PASSED] - selenium.type("name=card_number", ""): null

2024-05-15 23:35:33 - [TEST_STEP][PASSED] - selenium.type("name=card_exmo", ""): null

2024-05-15 23:35:33 - [TEST_STEP][PASSED] - selenium.type("name=card_exyr", ""): null

2024-05-15 23:35:33 - [TEST_STEP][PASSED] - selenium.type("name=cvv_data", ""): null

2024-05-15 23:35:33 - [TEST_STEP][PASSED] - selenium.type("name=cvv_state", ""): null

2024-05-15 23:35:33 - [TEST_STEP][PASSED] - selenium.type("name=track_data", "%B4012000033330026^FDMS TEST CARD&nbsp;&nbsp;&nbsp;/VISA^251210054321000000000000000&nbsp;&nbsp;150&nbsp;&nbsp;A?;4012000033330026=25121011000012345678?".toString()): null

2024-05-15 23:35:33 - [TEST_STEP][PASSED] - selenium.type("name=track_1_data", ""): null

2024-05-15 23:35:33 - [TEST_STEP][PASSED] - selenium.type("name=track_2_data", ""): null

2024-05-15 23:35:33 - [TEST_STEP][PASSED] - selenium.type("name=entry_mode", "track"): null

2024-05-15 23:35:33 - [TEST_STEP][PASSED] - selenium.type("name=email", ""): null

2024-05-15 23:35:33 - [TEST_STEP][PASSED] - selenium.type("name=order_number", ""): null

2024-05-15 23:35:34 - [TEST_STEP][PASSED] - selenium.type("name=tax_amount", ""): null

2024-05-15 23:35:34 - [TEST_STEP][PASSED] - selenium.type("name=charge_description", ""): null

2024-05-15 23:35:34 - [TEST_STEP][PASSED] - selenium.type("name=client_account_number", ""): null

2024-05-15 23:35:34 - [TEST_STEP][PASSED] - selenium.type("name=bill_payment_indicator", ""): null

2024-05-15 23:35:34 - [TEST_STEP][PASSED] - selenium.type("name=user_defined1", ""): null

2024-05-15 23:35:34 - [TEST_STEP][PASSED] - selenium.type("name=user_defined2", ""): null

2024-05-15 23:35:34 - [TEST_STEP][PASSED] - selenium.type("name=user_defined3", ""): null

2024-05-15 23:35:34 - [TEST_STEP][PASSED] - selenium.type("name=user_defined4", ""): null

2024-05-15 23:35:34 - [TEST_STEP][PASSED] - selenium.type("name=user_defined5", ""): null

2024-05-15 23:35:34 - [TEST_STEP][PASSED] - selenium.type("name=user_defined6", ""): null

2024-05-15 23:35:34 - [TEST_STEP][PASSED] - selenium.type("name=user_defined7", ""): null

2024-05-15 23:35:34 - [TEST_STEP][PASSED] - selenium.type("name=user_defined8", ""): null

2024-05-15 23:35:34 - [TEST_STEP][PASSED] - selenium.type("name=user_defined9", ""): null

2024-05-15 23:35:34 - [TEST_STEP][PASSED] - selenium.type("name=user_defined10", ""): null

2024-05-15 23:35:34 - [TEST_STEP][PASSED] - selenium.click("css=input[type="submit"]"): null

2024-05-15 23:35:35 - [TEST_STEP][PASSED] - selenium.waitForPageToLoad("30000"): null

2024-05-15 23:35:36 - [TEST_STEP][PASSED] - softAssertion.assertEquals(selenium.isTextPresent("Transaction approved, no errors"), true): null

2024-05-15 23:35:36 - [TEST_STEP][PASSED] - verifyTextPresent("Transaction approved, no errors", true): Text 'Transaction approved, no errors' is present on page  using regular expression

2024-05-15 23:35:36 - [MESSAGE][PASSED] - Text 'Transaction approved, no errors' is present on page  using regular expression

2024-05-15 23:35:36 - [TEST_STEP][PASSED] - resText = selenium.getText("css=pre"): null

2024-05-15 23:35:36 - [TEST_STEP][PASSED] - println(resText): null

2024-05-15 23:35:36 - [TEST_STEP][PASSED] - tranID = selenium.getEval(" var ran1 = "" + ran1 + "";var ran2 = "" + ran2 + "";var ran3 = "" + ran3 + "";var resText = "" + resText + "";var storedVars = { 'ran1': ran1,'ran2': ran2,'ran3': ran3,'resText': resText }; " + "storedVars['resText'].substring(19,28).trim()"): null

2024-05-15 23:35:36 - [TEST_STEP][PASSED] - println(tranID): null]]></system-out>
         <system-err><![CDATA[]]></system-err>
      </testcase>
      <testcase name="Test Cases/VLink/Imported-SelIDE/VLinkXMLTests/SaleVoidRemIDPipe" time="12.758" classname="Test Cases/VLink/Imported-SelIDE/VLinkXMLTests/SaleVoidRemIDPipe" status="PASSED">
         <system-out><![CDATA[2024-05-15 23:35:36 - [TEST_CASE][PASSED] - Test Cases/VLink/Imported-SelIDE/VLinkXMLTests/SaleVoidRemIDPipe: Test Cases/VLink/Imported-SelIDE/VLinkXMLTests/SaleVoidRemIDPipe

2024-05-15 23:35:37 - [TEST_STEP][PASSED] - softAssertion = new org.testng.asserts.SoftAssert(): null

2024-05-15 23:35:37 - [TEST_STEP][PASSED] - openBrowser("https://www.google.com/"): Browser is opened with url: 'https://www.google.com/'

2024-05-15 23:35:37 - [MESSAGE][WARNING] - A browser is already opened. Closing browser and opening a new one

2024-05-15 23:35:38 - [MESSAGE][INFO] - Starting 'Chrome' driver

2024-05-15 23:35:38 - [MESSAGE][INFO] - User set preference: ['acceptInsecureCerts', 'true']

2024-05-15 23:35:38 - [MESSAGE][INFO] - Action delay is set to 0 milliseconds

2024-05-15 23:35:41 - [MESSAGE][PASSED] - Browser is opened with url: 'https://www.google.com/'

2024-05-15 23:35:41 - [TEST_STEP][PASSED] - driver = getWebDriver(): null

2024-05-15 23:35:41 - [TEST_STEP][PASSED] - baseUrl = "https://www.google.com/": null

2024-05-15 23:35:41 - [TEST_STEP][PASSED] - selenium = new com.thoughtworks.selenium.webdriven.WebDriverBackedSelenium(driver, baseUrl): null

2024-05-15 23:35:41 - [TEST_STEP][PASSED] - ran1 = random() * 99999)").toInteger(): null

2024-05-15 23:35:41 - [TEST_STEP][PASSED] - println(ran1): null

2024-05-15 23:35:41 - [TEST_STEP][PASSED] - ran2 = random() * 999)").toInteger(): null

2024-05-15 23:35:41 - [TEST_STEP][PASSED] - println(ran2): null

2024-05-15 23:35:41 - [TEST_STEP][PASSED] - ran3 = random() * 9999)").toInteger(): null

2024-05-15 23:35:41 - [TEST_STEP][PASSED] - println(ran3): null

2024-05-15 23:35:41 - [TEST_STEP][PASSED] - println(ran1 + "|" + ran2 + "|" + ran3): null

2024-05-15 23:35:41 - [TEST_STEP][PASSED] - selenium.open("https://dev-algorithm.govolution.com/vlinktest/QA/version_2_0/authcap.html"): null

2024-05-15 23:35:41 - [TEST_STEP][PASSED] - selenium.type("name=transaction_type", "104"): null

2024-05-15 23:35:42 - [TEST_STEP][PASSED] - selenium.type("name=message_version", 0C".toString()): null

2024-05-15 23:35:42 - [TEST_STEP][PASSED] - selenium.type("name=remittance_id", ran1 + "|" + ran2 + "|" + ran3.toString()): null

2024-05-15 23:35:42 - [TEST_STEP][PASSED] - selenium.type("name=application_id", "234"): null

2024-05-15 23:35:42 - [TEST_STEP][PASSED] - selenium.type("name=username", "username"): null

2024-05-15 23:35:42 - [TEST_STEP][PASSED] - selenium.type("name=password", "password"): null

2024-05-15 23:35:42 - [TEST_STEP][PASSED] - selenium.type("name=response_format", "fixed_width"): null

2024-05-15 23:35:42 - [TEST_STEP][PASSED] - selenium.type("name=category", "ECOM"): null

2024-05-15 23:35:42 - [TEST_STEP][PASSED] - selenium.type("name=transaction_id", ""): null

2024-05-15 23:35:42 - [TEST_STEP][PASSED] - selenium.type("name=approval_code", ""): null

2024-05-15 23:35:42 - [TEST_STEP][PASSED] - selenium.type("name=card_name", "Jim Corbett".toString()): null

2024-05-15 23:35:42 - [TEST_STEP][PASSED] - selenium.type("name=card_address", "2311 york road".toString()): null

2024-05-15 23:35:42 - [TEST_STEP][PASSED] - selenium.type("name=card_address2", ""): null

2024-05-15 23:35:42 - [TEST_STEP][PASSED] - selenium.type("name=card_city", "Arlington"): null

2024-05-15 23:35:42 - [TEST_STEP][PASSED] - selenium.type("name=card_state", "VA"): null

2024-05-15 23:35:42 - [TEST_STEP][PASSED] - selenium.type("name=card_zip", "22201"): null

2024-05-15 23:35:42 - [TEST_STEP][PASSED] - selenium.type("name=country_id", ""): null

2024-05-15 23:35:43 - [TEST_STEP][PASSED] - selenium.type("name=amount", 50".toString()): null

2024-05-15 23:35:43 - [TEST_STEP][PASSED] - selenium.type("name=card_number", "4111111111111111"): null

2024-05-15 23:35:43 - [TEST_STEP][PASSED] - selenium.type("name=card_exmo", "12"): null

2024-05-15 23:35:43 - [TEST_STEP][PASSED] - selenium.type("name=card_exyr", "2025"): null

2024-05-15 23:35:43 - [TEST_STEP][PASSED] - selenium.type("name=cvv_data", ""): null

2024-05-15 23:35:43 - [TEST_STEP][PASSED] - selenium.type("name=cvv_state", ""): null

2024-05-15 23:35:43 - [TEST_STEP][PASSED] - selenium.type("name=track_data", ""): null

2024-05-15 23:35:43 - [TEST_STEP][PASSED] - selenium.type("name=track_1_data", ""): null

2024-05-15 23:35:43 - [TEST_STEP][PASSED] - selenium.type("name=track_2_data", ""): null

2024-05-15 23:35:43 - [TEST_STEP][PASSED] - selenium.type("name=entry_mode", "manual"): null

2024-05-15 23:35:43 - [TEST_STEP][PASSED] - selenium.type("name=email", ""): null

2024-05-15 23:35:43 - [TEST_STEP][PASSED] - selenium.type("name=order_number", ""): null

2024-05-15 23:35:43 - [TEST_STEP][PASSED] - selenium.type("name=tax_amount", ""): null

2024-05-15 23:35:43 - [TEST_STEP][PASSED] - selenium.type("name=charge_description", ""): null

2024-05-15 23:35:43 - [TEST_STEP][PASSED] - selenium.type("name=client_account_number", ""): null

2024-05-15 23:35:43 - [TEST_STEP][PASSED] - selenium.type("name=bill_payment_indicator", ""): null

2024-05-15 23:35:43 - [TEST_STEP][PASSED] - selenium.type("name=user_defined1", ""): null

2024-05-15 23:35:43 - [TEST_STEP][PASSED] - selenium.type("name=user_defined2", ""): null

2024-05-15 23:35:43 - [TEST_STEP][PASSED] - selenium.type("name=user_defined3", ""): null

2024-05-15 23:35:44 - [TEST_STEP][PASSED] - selenium.type("name=user_defined4", ""): null

2024-05-15 23:35:44 - [TEST_STEP][PASSED] - selenium.type("name=user_defined5", ""): null

2024-05-15 23:35:44 - [TEST_STEP][PASSED] - selenium.type("name=user_defined6", ""): null

2024-05-15 23:35:44 - [TEST_STEP][PASSED] - selenium.type("name=user_defined7", ""): null

2024-05-15 23:35:44 - [TEST_STEP][PASSED] - selenium.type("name=user_defined8", ""): null

2024-05-15 23:35:44 - [TEST_STEP][PASSED] - selenium.type("name=user_defined9", ""): null

2024-05-15 23:35:44 - [TEST_STEP][PASSED] - selenium.type("name=user_defined10", ""): null

2024-05-15 23:35:44 - [TEST_STEP][PASSED] - selenium.click("css=input[type="submit"]"): null

2024-05-15 23:35:45 - [TEST_STEP][PASSED] - selenium.waitForPageToLoad("30000"): null

2024-05-15 23:35:45 - [TEST_STEP][PASSED] - verifyTextPresent("Transaction approved, no errors", true): Text 'Transaction approved, no errors' is present on page  using regular expression

2024-05-15 23:35:46 - [MESSAGE][PASSED] - Text 'Transaction approved, no errors' is present on page  using regular expression

2024-05-15 23:35:46 - [TEST_STEP][PASSED] - resText = selenium.getText("css=pre"): null

2024-05-15 23:35:46 - [TEST_STEP][PASSED] - println(resText): null

2024-05-15 23:35:46 - [TEST_STEP][PASSED] - tranID = substring(35, 44).trim(): null

2024-05-15 23:35:46 - [TEST_STEP][PASSED] - println(tranID): null

2024-05-15 23:35:46 - [TEST_STEP][PASSED] - selenium.open("https://dev-algorithm.govolution.com/vlinktest/QA/version_2_0/CC_void.html"): null

2024-05-15 23:35:46 - [TEST_STEP][PASSED] - selenium.type("name=transaction_type", "106"): null

2024-05-15 23:35:46 - [TEST_STEP][PASSED] - selenium.type("name=message_version", 0C".toString()): null

2024-05-15 23:35:46 - [TEST_STEP][PASSED] - selenium.type("name=remittance_id", ran1 + "|" + ran2 + "|" + ran3.toString()): null

2024-05-15 23:35:46 - [TEST_STEP][PASSED] - selenium.type("name=application_id", "234"): null

2024-05-15 23:35:47 - [TEST_STEP][PASSED] - selenium.type("name=username", "username"): null

2024-05-15 23:35:47 - [TEST_STEP][PASSED] - selenium.type("name=password", "password"): null

2024-05-15 23:35:47 - [TEST_STEP][PASSED] - selenium.type("name=response_format", "fixed_width"): null

2024-05-15 23:35:47 - [TEST_STEP][PASSED] - selenium.type("name=transaction_id", tranID): null

2024-05-15 23:35:47 - [TEST_STEP][PASSED] - selenium.type("name=original_transaction_type", "104"): null

2024-05-15 23:35:47 - [TEST_STEP][PASSED] - selenium.type("name=track_data", ""): null

2024-05-15 23:35:47 - [TEST_STEP][PASSED] - selenium.type("name=track_1_data", ""): null

2024-05-15 23:35:47 - [TEST_STEP][PASSED] - selenium.type("name=track_2_data", ""): null

2024-05-15 23:35:47 - [TEST_STEP][PASSED] - selenium.type("name=tax_amount", ""): null

2024-05-15 23:35:47 - [TEST_STEP][PASSED] - selenium.type("name=client_account_number", ""): null

2024-05-15 23:35:47 - [TEST_STEP][PASSED] - selenium.click("css=input[type="submit"]"): null

2024-05-15 23:35:48 - [TEST_STEP][PASSED] - selenium.waitForPageToLoad("30000"): null

2024-05-15 23:35:49 - [TEST_STEP][PASSED] - verifyTextPresent("Transaction approved, no errors", true): Text 'Transaction approved, no errors' is present on page  using regular expression

2024-05-15 23:35:49 - [MESSAGE][PASSED] - Text 'Transaction approved, no errors' is present on page  using regular expression

2024-05-15 23:35:49 - [TEST_STEP][PASSED] - resTextVoid = selenium.getText("css=pre"): null

2024-05-15 23:35:49 - [TEST_STEP][PASSED] - println(resTextVoid): null

2024-05-15 23:35:49 - [TEST_STEP][PASSED] - tranIDVoid = selenium.getEval(" var ran1 = "" + ran1 + "";var ran2 = "" + ran2 + "";var ran3 = "" + ran3 + "";var resText = "" + resText + "";var tranID = "" + tranID + "";var resTextVoid = "" + resTextVoid + "";var storedVars = { 'ran1': ran1,'ran2': ran2,'ran3': ran3,'resText': resText,'tranID': tranID,'resTextVoid': resTextVoid }; " + "storedVars['resTextVoid'].substring(19,28).trim()"): null

2024-05-15 23:35:49 - [TEST_STEP][PASSED] - println(tranIDVoid): null]]></system-out>
         <system-err><![CDATA[]]></system-err>
      </testcase>
      <testcase name="Test Cases/RecAndPlayBk/VLink/Sale" time="93.845" classname="Test Cases/RecAndPlayBk/VLink/Sale" status="PASSED">
         <system-out><![CDATA[2024-05-15 23:35:49 - [TEST_CASE][PASSED] - Test Cases/RecAndPlayBk/VLink/Sale: Test Cases/RecAndPlayBk/VLink/Sale

2024-05-15 23:35:50 - [TEST_STEP][PASSED] - executionProfile = getExecutionProfile(): null

2024-05-15 23:35:50 - [TEST_STEP][PASSED] - out.println("executionProfile : " + executionProfile): null

2024-05-15 23:35:50 - [TEST_STEP][PASSED] - appName = <not implemented yet for class: org.codehaus.groovy.ast.expr.EmptyExpression>: null

2024-05-15 23:35:50 - [TEST_STEP][PASSED] - appID = <not implemented yet for class: org.codehaus.groovy.ast.expr.EmptyExpression>: null

2024-05-15 23:35:50 - [TEST_STEP][PASSED] - username = <not implemented yet for class: org.codehaus.groovy.ast.expr.EmptyExpression>: null

2024-05-15 23:35:50 - [TEST_STEP][PASSED] - password = <not implemented yet for class: org.codehaus.groovy.ast.expr.EmptyExpression>: null

2024-05-15 23:35:50 - [TEST_STEP][PASSED] - cardNameV = <not implemented yet for class: org.codehaus.groovy.ast.expr.EmptyExpression>: null

2024-05-15 23:35:50 - [TEST_STEP][PASSED] - al1V = <not implemented yet for class: org.codehaus.groovy.ast.expr.EmptyExpression>: null

2024-05-15 23:35:50 - [TEST_STEP][PASSED] - al2V = <not implemented yet for class: org.codehaus.groovy.ast.expr.EmptyExpression>: null

2024-05-15 23:35:50 - [TEST_STEP][PASSED] - zipV = <not implemented yet for class: org.codehaus.groovy.ast.expr.EmptyExpression>: null

2024-05-15 23:35:50 - [TEST_STEP][PASSED] - cardTypeV = <not implemented yet for class: org.codehaus.groovy.ast.expr.EmptyExpression>: null

2024-05-15 23:35:50 - [TEST_STEP][PASSED] - last4V = <not implemented yet for class: org.codehaus.groovy.ast.expr.EmptyExpression>: null

2024-05-15 23:35:50 - [TEST_STEP][PASSED] - resText = "Fail": null

2024-05-15 23:35:50 - [TEST_STEP][PASSED] - resColumn = "Result": null

2024-05-15 23:35:50 - [TEST_STEP][PASSED] - datCloumn = "Date": null

2024-05-15 23:35:50 - [TEST_STEP][PASSED] - fileLoc = "KatalonData/VLinkSmokeData.xlsx": null

2024-05-15 23:35:50 - [TEST_STEP][PASSED] - numOfRows = <not implemented yet for class: org.codehaus.groovy.ast.expr.EmptyExpression>: null

2024-05-15 23:35:50 - [TEST_STEP][PASSED] - dataFile = <not implemented yet for class: org.codehaus.groovy.ast.expr.EmptyExpression>: null

2024-05-15 23:35:50 - [TEST_STEP][PASSED] - nameSheet = <not implemented yet for class: org.codehaus.groovy.ast.expr.EmptyExpression>: null

2024-05-15 23:35:50 - [TEST_STEP][PASSED] - nameSheet = "Sale": null

2024-05-15 23:35:50 - [TEST_STEP][PASSED] - numOfRows = findTestData("QA/VLinkTestData/VLinkSaleData").getRowNumbers(): null

2024-05-15 23:35:50 - [TEST_STEP][PASSED] - println("Number of Records: " + numOfRows): null

2024-05-15 23:35:50 - [TEST_STEP][PASSED] - dataFile = "QA/VLinkTestData/VLinkSaleData": null

2024-05-15 23:35:50 - [TEST_STEP][PASSED] - for ([row = 1, row <= numOfRows, (row++)]): null

2024-05-15 23:35:50 - [TEST_STEP][PASSED] - ExecuteTC = findTestData(dataFile).getValue("Execute", row): null

2024-05-15 23:35:50 - [TEST_STEP][PASSED] - out.println("Value of Execute is : " + ExecuteTC): null

2024-05-15 23:35:50 - [TEST_STEP][PASSED] - switch (executionProfile): null

2024-05-15 23:35:50 - [TEST_STEP][PASSED] - case "QA2Profile":: null

2024-05-15 23:35:50 - [TEST_STEP][PASSED] - appID = findTestData(dataFile).getValue("AppIDQA", row): null

2024-05-15 23:35:50 - [TEST_STEP][PASSED] - username = findTestData(dataFile).getValue("UsernameQA", row): null

2024-05-15 23:35:50 - [TEST_STEP][PASSED] - password = findTestData(dataFile).getValue("PasswordQA", row): null

2024-05-15 23:35:51 - [TEST_STEP][PASSED] - break: null

2024-05-15 23:35:51 - [TEST_STEP][PASSED] - if (ExecuteTC.equalsIgnoreCase("Y")): null

2024-05-15 23:35:51 - [TEST_STEP][PASSED] - out.println("Begin Record Number: " + row): null

2024-05-15 23:35:51 - [TEST_STEP][PASSED] - today = new java.util.Date(): null

2024-05-15 23:35:51 - [TEST_STEP][PASSED] - println(today): null

2024-05-15 23:35:51 - [TEST_STEP][PASSED] - datText = today: null

2024-05-15 23:35:51 - [TEST_STEP][PASSED] - category = findTestData(dataFile).getValue("Category", row): null

2024-05-15 23:35:51 - [TEST_STEP][PASSED] - amount = findTestData(dataFile).getValue("Amount", row): null

2024-05-15 23:35:51 - [TEST_STEP][PASSED] - cardNumber = findTestData(dataFile).getValue("CardNumber", row): null

2024-05-15 23:35:51 - [TEST_STEP][PASSED] - exM = findTestData(dataFile).getValue("ExM", row): null

2024-05-15 23:35:51 - [TEST_STEP][PASSED] - exY = findTestData(dataFile).getValue("ExY", row): null

2024-05-15 23:35:51 - [TEST_STEP][PASSED] - openBrowser(VLinkURL + "authcap.html"): Browser is opened with url: 'https://dev-algorithm.govolution.com/vlinktest/QA2/version_2_0/authcap.html'

2024-05-15 23:35:51 - [MESSAGE][WARNING] - A browser is already opened. Closing browser and opening a new one

2024-05-15 23:35:52 - [MESSAGE][INFO] - Starting 'Chrome' driver

2024-05-15 23:35:52 - [MESSAGE][INFO] - User set preference: ['acceptInsecureCerts', 'true']

2024-05-15 23:35:52 - [MESSAGE][INFO] - Action delay is set to 0 milliseconds

2024-05-15 23:35:54 - [MESSAGE][PASSED] - Browser is opened with url: 'https://dev-algorithm.govolution.com/vlinktest/QA2/version_2_0/authcap.html'

2024-05-15 23:35:54 - [TEST_STEP][PASSED] - maximizeWindow(): Current window maximized

2024-05-15 23:35:55 - [MESSAGE][PASSED] - Current window maximized

2024-05-15 23:35:55 - [TEST_STEP][PASSED] - maximizeWindow(): Current window maximized

2024-05-15 23:35:55 - [MESSAGE][PASSED] - Current window maximized

2024-05-15 23:35:55 - [TEST_STEP][PASSED] - genRemID = RandomStringUtils.random(12, true, true): null

2024-05-15 23:35:55 - [TEST_STEP][PASSED] - setText(findTestObject("Object Repository/RecAndPlayBk/Page-Vlink-Sale/input_Remittance Id_remittance_id"), genRemID): Text 'JNulI25GBUZC' is set on object 'Object Repository/RecAndPlayBk/Page-Vlink-Sale/input_Remittance Id_remittance_id'

2024-05-15 23:35:56 - [MESSAGE][PASSED] - Text 'JNulI25GBUZC' is set on object 'Object Repository/RecAndPlayBk/Page-Vlink-Sale/input_Remittance Id_remittance_id'

2024-05-15 23:35:56 - [TEST_STEP][PASSED] - setText(findTestObject("Object Repository/RecAndPlayBk/Page-Vlink-Sale/input_Application Id_application_id"), appID): Text '234' is set on object 'Object Repository/RecAndPlayBk/Page-Vlink-Sale/input_Application Id_application_id'

2024-05-15 23:35:56 - [MESSAGE][PASSED] - Text '234' is set on object 'Object Repository/RecAndPlayBk/Page-Vlink-Sale/input_Application Id_application_id'

2024-05-15 23:35:56 - [TEST_STEP][PASSED] - setText(findTestObject("Object Repository/RecAndPlayBk/Page-Vlink-Sale/input_Username_username"), username): Text 'username' is set on object 'Object Repository/RecAndPlayBk/Page-Vlink-Sale/input_Username_username'

2024-05-15 23:35:57 - [MESSAGE][PASSED] - Text 'username' is set on object 'Object Repository/RecAndPlayBk/Page-Vlink-Sale/input_Username_username'

2024-05-15 23:35:57 - [TEST_STEP][PASSED] - setText(findTestObject("Object Repository/RecAndPlayBk/Page-Vlink-Sale/input_Password_password"), password): Text 'password' is set on object 'Object Repository/RecAndPlayBk/Page-Vlink-Sale/input_Password_password'

2024-05-15 23:35:58 - [MESSAGE][PASSED] - Text 'password' is set on object 'Object Repository/RecAndPlayBk/Page-Vlink-Sale/input_Password_password'

2024-05-15 23:35:58 - [TEST_STEP][PASSED] - setText(findTestObject("Object Repository/RecAndPlayBk/Page-Vlink-Sale/input_Category_category"), category): Text 'ECOM' is set on object 'Object Repository/RecAndPlayBk/Page-Vlink-Sale/input_Category_category'

2024-05-15 23:35:58 - [MESSAGE][PASSED] - Text 'ECOM' is set on object 'Object Repository/RecAndPlayBk/Page-Vlink-Sale/input_Category_category'

2024-05-15 23:35:58 - [TEST_STEP][PASSED] - setText(findTestObject("Object Repository/RecAndPlayBk/Page-Vlink-Sale/input_Amount_amount"), amount): Text '10.5' is set on object 'Object Repository/RecAndPlayBk/Page-Vlink-Sale/input_Amount_amount'

2024-05-15 23:35:59 - [MESSAGE][PASSED] - Text '10.5' is set on object 'Object Repository/RecAndPlayBk/Page-Vlink-Sale/input_Amount_amount'

2024-05-15 23:35:59 - [TEST_STEP][PASSED] - doubleClick(findTestObject("Object Repository/RecAndPlayBk/Page-Vlink-Sale/input_Card number_card_number")): Object: 'Object Repository/RecAndPlayBk/Page-Vlink-Sale/input_Card number_card_number' is double clicked on

2024-05-15 23:35:59 - [MESSAGE][PASSED] - Object: 'Object Repository/RecAndPlayBk/Page-Vlink-Sale/input_Card number_card_number' is double clicked on

2024-05-15 23:35:59 - [TEST_STEP][PASSED] - setText(findTestObject("Object Repository/RecAndPlayBk/Page-Vlink-Sale/input_Card number_card_number"), cardNumber): Text '4111111111111111' is set on object 'Object Repository/RecAndPlayBk/Page-Vlink-Sale/input_Card number_card_number'

2024-05-15 23:36:00 - [MESSAGE][PASSED] - Text '4111111111111111' is set on object 'Object Repository/RecAndPlayBk/Page-Vlink-Sale/input_Card number_card_number'

2024-05-15 23:36:00 - [TEST_STEP][PASSED] - setText(findTestObject("Object Repository/RecAndPlayBk/Page-Vlink-Sale/input_Card ex month_card_exmo"), exM): Text '12' is set on object 'Object Repository/RecAndPlayBk/Page-Vlink-Sale/input_Card ex month_card_exmo'

2024-05-15 23:36:01 - [MESSAGE][PASSED] - Text '12' is set on object 'Object Repository/RecAndPlayBk/Page-Vlink-Sale/input_Card ex month_card_exmo'

2024-05-15 23:36:01 - [TEST_STEP][PASSED] - setText(findTestObject("Object Repository/RecAndPlayBk/Page-Vlink-Sale/input_Card ex year_card_exyr"), exY): Text '2029' is set on object 'Object Repository/RecAndPlayBk/Page-Vlink-Sale/input_Card ex year_card_exyr'

2024-05-15 23:36:01 - [MESSAGE][PASSED] - Text '2029' is set on object 'Object Repository/RecAndPlayBk/Page-Vlink-Sale/input_Card ex year_card_exyr'

2024-05-15 23:36:01 - [TEST_STEP][PASSED] - click(findTestObject("Object Repository/RecAndPlayBk/Page-Vlink-Sale/input_Track Data_track_data")): Object: 'Object Repository/RecAndPlayBk/Page-Vlink-Sale/input_Track Data_track_data' is clicked on

2024-05-15 23:36:02 - [MESSAGE][PASSED] - Object: 'Object Repository/RecAndPlayBk/Page-Vlink-Sale/input_Track Data_track_data' is clicked on

2024-05-15 23:36:02 - [TEST_STEP][PASSED] - click(findTestObject("Object Repository/RecAndPlayBk/Page-Vlink-Sale/input_CVV state_cvv_state")): Object: 'Object Repository/RecAndPlayBk/Page-Vlink-Sale/input_CVV state_cvv_state' is clicked on

2024-05-15 23:36:02 - [MESSAGE][PASSED] - Object: 'Object Repository/RecAndPlayBk/Page-Vlink-Sale/input_CVV state_cvv_state' is clicked on

2024-05-15 23:36:02 - [TEST_STEP][PASSED] - setText(findTestObject("Object Repository/RecAndPlayBk/Page-Vlink-Sale/input_Track Data_track_data"), ""): Text '' is set on object 'Object Repository/RecAndPlayBk/Page-Vlink-Sale/input_Track Data_track_data'

2024-05-15 23:36:03 - [MESSAGE][PASSED] - Text '' is set on object 'Object Repository/RecAndPlayBk/Page-Vlink-Sale/input_Track Data_track_data'

2024-05-15 23:36:03 - [TEST_STEP][PASSED] - setText(findTestObject("Object Repository/RecAndPlayBk/Page-Vlink-Sale/input_concat(Cardholder, , s email)_email"), ""): Text '' is set on object 'Object Repository/RecAndPlayBk/Page-Vlink-Sale/input_concat(Cardholder, , s email)_email'

2024-05-15 23:36:03 - [MESSAGE][PASSED] - Text '' is set on object 'Object Repository/RecAndPlayBk/Page-Vlink-Sale/input_concat(Cardholder, , s email)_email'

2024-05-15 23:36:03 - [TEST_STEP][PASSED] - click(findTestObject("Object Repository/RecAndPlayBk/Page-Vlink-Sale/input_user_defined10_user_defined10")): Object: 'Object Repository/RecAndPlayBk/Page-Vlink-Sale/input_user_defined10_user_defined10' is clicked on

2024-05-15 23:36:04 - [MESSAGE][PASSED] - Object: 'Object Repository/RecAndPlayBk/Page-Vlink-Sale/input_user_defined10_user_defined10' is clicked on

2024-05-15 23:36:04 - [TEST_STEP][PASSED] - if (executionProfile.equalsIgnoreCase("QAProfile") || executionProfile.equalsIgnoreCase("DemoProfile")): null

2024-05-15 23:36:04 - [TEST_STEP][PASSED] - click(findTestObject("Object Repository/RecAndPlayBk/Page-Vlink-Sale/input")): Object: 'Object Repository/RecAndPlayBk/Page-Vlink-Sale/input' is clicked on

2024-05-15 23:36:05 - [MESSAGE][PASSED] - Object: 'Object Repository/RecAndPlayBk/Page-Vlink-Sale/input' is clicked on

2024-05-15 23:36:05 - [TEST_STEP][PASSED] - if (verifyTextPresent("Transaction approved, no errors", true)): null

2024-05-15 23:36:05 - [MESSAGE][PASSED] - Text 'Transaction approved, no errors' is present on page  using regular expression

2024-05-15 23:36:05 - [TEST_STEP][PASSED] - println("Transaction Approved, no errors text is present on the Confirmation page"): null

2024-05-15 23:36:05 - [TEST_STEP][PASSED] - out.println("Pass Record Number: " + row): null

2024-05-15 23:36:05 - [TEST_STEP][PASSED] - resText = "Pass": null

2024-05-15 23:36:05 - [TEST_STEP][PASSED] - pages.WriteExcel.demoKey(resText, datText, resColumn, datCloumn, fileLoc, nameSheet, row): pages.WriteExcel.demoKey is PASSED

2024-05-15 23:36:05 - [MESSAGE][PASSED] - pages.WriteExcel.demoKey is PASSED

2024-05-15 23:36:05 - [TEST_STEP][PASSED] - ExecuteTC = findTestData(dataFile).getValue("Execute", row): null

2024-05-15 23:36:05 - [TEST_STEP][PASSED] - out.println("Value of Execute is : " + ExecuteTC): null

2024-05-15 23:36:05 - [TEST_STEP][PASSED] - switch (executionProfile): null

2024-05-15 23:36:05 - [TEST_STEP][PASSED] - case "QA2Profile":: null

2024-05-15 23:36:05 - [TEST_STEP][PASSED] - appID = findTestData(dataFile).getValue("AppIDQA", row): null

2024-05-15 23:36:06 - [TEST_STEP][PASSED] - username = findTestData(dataFile).getValue("UsernameQA", row): null

2024-05-15 23:36:06 - [TEST_STEP][PASSED] - password = findTestData(dataFile).getValue("PasswordQA", row): null

2024-05-15 23:36:06 - [TEST_STEP][PASSED] - break: null

2024-05-15 23:36:06 - [TEST_STEP][PASSED] - if (ExecuteTC.equalsIgnoreCase("Y")): null

2024-05-15 23:36:06 - [TEST_STEP][PASSED] - out.println("Begin Record Number: " + row): null

2024-05-15 23:36:06 - [TEST_STEP][PASSED] - today = new java.util.Date(): null

2024-05-15 23:36:06 - [TEST_STEP][PASSED] - println(today): null

2024-05-15 23:36:06 - [TEST_STEP][PASSED] - datText = today: null

2024-05-15 23:36:06 - [TEST_STEP][PASSED] - category = findTestData(dataFile).getValue("Category", row): null

2024-05-15 23:36:06 - [TEST_STEP][PASSED] - amount = findTestData(dataFile).getValue("Amount", row): null

2024-05-15 23:36:06 - [TEST_STEP][PASSED] - cardNumber = findTestData(dataFile).getValue("CardNumber", row): null

2024-05-15 23:36:06 - [TEST_STEP][PASSED] - exM = findTestData(dataFile).getValue("ExM", row): null

2024-05-15 23:36:06 - [TEST_STEP][PASSED] - exY = findTestData(dataFile).getValue("ExY", row): null

2024-05-15 23:36:06 - [TEST_STEP][PASSED] - openBrowser(VLinkURL + "authcap.html"): Browser is opened with url: 'https://dev-algorithm.govolution.com/vlinktest/QA2/version_2_0/authcap.html'

2024-05-15 23:36:06 - [MESSAGE][WARNING] - A browser is already opened. Closing browser and opening a new one

2024-05-15 23:36:08 - [MESSAGE][INFO] - Starting 'Chrome' driver

2024-05-15 23:36:08 - [MESSAGE][INFO] - User set preference: ['acceptInsecureCerts', 'true']

2024-05-15 23:36:08 - [MESSAGE][INFO] - Action delay is set to 0 milliseconds

2024-05-15 23:36:10 - [MESSAGE][PASSED] - Browser is opened with url: 'https://dev-algorithm.govolution.com/vlinktest/QA2/version_2_0/authcap.html'

2024-05-15 23:36:10 - [TEST_STEP][PASSED] - maximizeWindow(): Current window maximized

2024-05-15 23:36:10 - [MESSAGE][PASSED] - Current window maximized

2024-05-15 23:36:10 - [TEST_STEP][PASSED] - maximizeWindow(): Current window maximized

2024-05-15 23:36:10 - [MESSAGE][PASSED] - Current window maximized

2024-05-15 23:36:10 - [TEST_STEP][PASSED] - genRemID = RandomStringUtils.random(12, true, true): null

2024-05-15 23:36:10 - [TEST_STEP][PASSED] - setText(findTestObject("Object Repository/RecAndPlayBk/Page-Vlink-Sale/input_Remittance Id_remittance_id"), genRemID): Text 'gmYapuMzEU6k' is set on object 'Object Repository/RecAndPlayBk/Page-Vlink-Sale/input_Remittance Id_remittance_id'

2024-05-15 23:36:11 - [MESSAGE][PASSED] - Text 'gmYapuMzEU6k' is set on object 'Object Repository/RecAndPlayBk/Page-Vlink-Sale/input_Remittance Id_remittance_id'

2024-05-15 23:36:11 - [TEST_STEP][PASSED] - setText(findTestObject("Object Repository/RecAndPlayBk/Page-Vlink-Sale/input_Application Id_application_id"), appID): Text '234' is set on object 'Object Repository/RecAndPlayBk/Page-Vlink-Sale/input_Application Id_application_id'

2024-05-15 23:36:11 - [MESSAGE][PASSED] - Text '234' is set on object 'Object Repository/RecAndPlayBk/Page-Vlink-Sale/input_Application Id_application_id'

2024-05-15 23:36:11 - [TEST_STEP][PASSED] - setText(findTestObject("Object Repository/RecAndPlayBk/Page-Vlink-Sale/input_Username_username"), username): Text 'username' is set on object 'Object Repository/RecAndPlayBk/Page-Vlink-Sale/input_Username_username'

2024-05-15 23:36:12 - [MESSAGE][PASSED] - Text 'username' is set on object 'Object Repository/RecAndPlayBk/Page-Vlink-Sale/input_Username_username'

2024-05-15 23:36:12 - [TEST_STEP][PASSED] - setText(findTestObject("Object Repository/RecAndPlayBk/Page-Vlink-Sale/input_Password_password"), password): Text 'password' is set on object 'Object Repository/RecAndPlayBk/Page-Vlink-Sale/input_Password_password'

2024-05-15 23:36:13 - [MESSAGE][PASSED] - Text 'password' is set on object 'Object Repository/RecAndPlayBk/Page-Vlink-Sale/input_Password_password'

2024-05-15 23:36:13 - [TEST_STEP][PASSED] - setText(findTestObject("Object Repository/RecAndPlayBk/Page-Vlink-Sale/input_Category_category"), category): Text 'MOTO' is set on object 'Object Repository/RecAndPlayBk/Page-Vlink-Sale/input_Category_category'

2024-05-15 23:36:13 - [MESSAGE][PASSED] - Text 'MOTO' is set on object 'Object Repository/RecAndPlayBk/Page-Vlink-Sale/input_Category_category'

2024-05-15 23:36:13 - [TEST_STEP][PASSED] - setText(findTestObject("Object Repository/RecAndPlayBk/Page-Vlink-Sale/input_Amount_amount"), amount): Text '10.5' is set on object 'Object Repository/RecAndPlayBk/Page-Vlink-Sale/input_Amount_amount'

2024-05-15 23:36:14 - [MESSAGE][PASSED] - Text '10.5' is set on object 'Object Repository/RecAndPlayBk/Page-Vlink-Sale/input_Amount_amount'

2024-05-15 23:36:14 - [TEST_STEP][PASSED] - doubleClick(findTestObject("Object Repository/RecAndPlayBk/Page-Vlink-Sale/input_Card number_card_number")): Object: 'Object Repository/RecAndPlayBk/Page-Vlink-Sale/input_Card number_card_number' is double clicked on

2024-05-15 23:36:14 - [MESSAGE][PASSED] - Object: 'Object Repository/RecAndPlayBk/Page-Vlink-Sale/input_Card number_card_number' is double clicked on

2024-05-15 23:36:14 - [TEST_STEP][PASSED] - setText(findTestObject("Object Repository/RecAndPlayBk/Page-Vlink-Sale/input_Card number_card_number"), cardNumber): Text '5424000000000015' is set on object 'Object Repository/RecAndPlayBk/Page-Vlink-Sale/input_Card number_card_number'

2024-05-15 23:36:15 - [MESSAGE][PASSED] - Text '5424000000000015' is set on object 'Object Repository/RecAndPlayBk/Page-Vlink-Sale/input_Card number_card_number'

2024-05-15 23:36:15 - [TEST_STEP][PASSED] - setText(findTestObject("Object Repository/RecAndPlayBk/Page-Vlink-Sale/input_Card ex month_card_exmo"), exM): Text '12' is set on object 'Object Repository/RecAndPlayBk/Page-Vlink-Sale/input_Card ex month_card_exmo'

2024-05-15 23:36:16 - [MESSAGE][PASSED] - Text '12' is set on object 'Object Repository/RecAndPlayBk/Page-Vlink-Sale/input_Card ex month_card_exmo'

2024-05-15 23:36:16 - [TEST_STEP][PASSED] - setText(findTestObject("Object Repository/RecAndPlayBk/Page-Vlink-Sale/input_Card ex year_card_exyr"), exY): Text '2029' is set on object 'Object Repository/RecAndPlayBk/Page-Vlink-Sale/input_Card ex year_card_exyr'

2024-05-15 23:36:16 - [MESSAGE][PASSED] - Text '2029' is set on object 'Object Repository/RecAndPlayBk/Page-Vlink-Sale/input_Card ex year_card_exyr'

2024-05-15 23:36:16 - [TEST_STEP][PASSED] - click(findTestObject("Object Repository/RecAndPlayBk/Page-Vlink-Sale/input_Track Data_track_data")): Object: 'Object Repository/RecAndPlayBk/Page-Vlink-Sale/input_Track Data_track_data' is clicked on

2024-05-15 23:36:17 - [MESSAGE][PASSED] - Object: 'Object Repository/RecAndPlayBk/Page-Vlink-Sale/input_Track Data_track_data' is clicked on

2024-05-15 23:36:17 - [TEST_STEP][PASSED] - click(findTestObject("Object Repository/RecAndPlayBk/Page-Vlink-Sale/input_CVV state_cvv_state")): Object: 'Object Repository/RecAndPlayBk/Page-Vlink-Sale/input_CVV state_cvv_state' is clicked on

2024-05-15 23:36:17 - [MESSAGE][PASSED] - Object: 'Object Repository/RecAndPlayBk/Page-Vlink-Sale/input_CVV state_cvv_state' is clicked on

2024-05-15 23:36:17 - [TEST_STEP][PASSED] - setText(findTestObject("Object Repository/RecAndPlayBk/Page-Vlink-Sale/input_Track Data_track_data"), ""): Text '' is set on object 'Object Repository/RecAndPlayBk/Page-Vlink-Sale/input_Track Data_track_data'

2024-05-15 23:36:18 - [MESSAGE][PASSED] - Text '' is set on object 'Object Repository/RecAndPlayBk/Page-Vlink-Sale/input_Track Data_track_data'

2024-05-15 23:36:18 - [TEST_STEP][PASSED] - setText(findTestObject("Object Repository/RecAndPlayBk/Page-Vlink-Sale/input_concat(Cardholder, , s email)_email"), ""): Text '' is set on object 'Object Repository/RecAndPlayBk/Page-Vlink-Sale/input_concat(Cardholder, , s email)_email'

2024-05-15 23:36:18 - [MESSAGE][PASSED] - Text '' is set on object 'Object Repository/RecAndPlayBk/Page-Vlink-Sale/input_concat(Cardholder, , s email)_email'

2024-05-15 23:36:18 - [TEST_STEP][PASSED] - click(findTestObject("Object Repository/RecAndPlayBk/Page-Vlink-Sale/input_user_defined10_user_defined10")): Object: 'Object Repository/RecAndPlayBk/Page-Vlink-Sale/input_user_defined10_user_defined10' is clicked on

2024-05-15 23:36:19 - [MESSAGE][PASSED] - Object: 'Object Repository/RecAndPlayBk/Page-Vlink-Sale/input_user_defined10_user_defined10' is clicked on

2024-05-15 23:36:19 - [TEST_STEP][PASSED] - if (executionProfile.equalsIgnoreCase("QAProfile") || executionProfile.equalsIgnoreCase("DemoProfile")): null

2024-05-15 23:36:19 - [TEST_STEP][PASSED] - click(findTestObject("Object Repository/RecAndPlayBk/Page-Vlink-Sale/input")): Object: 'Object Repository/RecAndPlayBk/Page-Vlink-Sale/input' is clicked on

2024-05-15 23:36:20 - [MESSAGE][PASSED] - Object: 'Object Repository/RecAndPlayBk/Page-Vlink-Sale/input' is clicked on

2024-05-15 23:36:20 - [TEST_STEP][PASSED] - if (verifyTextPresent("Transaction approved, no errors", true)): null

2024-05-15 23:36:20 - [MESSAGE][PASSED] - Text 'Transaction approved, no errors' is present on page  using regular expression

2024-05-15 23:36:20 - [TEST_STEP][PASSED] - println("Transaction Approved, no errors text is present on the Confirmation page"): null

2024-05-15 23:36:20 - [TEST_STEP][PASSED] - out.println("Pass Record Number: " + row): null

2024-05-15 23:36:20 - [TEST_STEP][PASSED] - resText = "Pass": null

2024-05-15 23:36:20 - [TEST_STEP][PASSED] - pages.WriteExcel.demoKey(resText, datText, resColumn, datCloumn, fileLoc, nameSheet, row): pages.WriteExcel.demoKey is PASSED

2024-05-15 23:36:20 - [MESSAGE][PASSED] - pages.WriteExcel.demoKey is PASSED

2024-05-15 23:36:20 - [TEST_STEP][PASSED] - ExecuteTC = findTestData(dataFile).getValue("Execute", row): null

2024-05-15 23:36:20 - [TEST_STEP][PASSED] - out.println("Value of Execute is : " + ExecuteTC): null

2024-05-15 23:36:20 - [TEST_STEP][PASSED] - switch (executionProfile): null

2024-05-15 23:36:20 - [TEST_STEP][PASSED] - case "QA2Profile":: null

2024-05-15 23:36:20 - [TEST_STEP][PASSED] - appID = findTestData(dataFile).getValue("AppIDQA", row): null

2024-05-15 23:36:20 - [TEST_STEP][PASSED] - username = findTestData(dataFile).getValue("UsernameQA", row): null

2024-05-15 23:36:21 - [TEST_STEP][PASSED] - password = findTestData(dataFile).getValue("PasswordQA", row): null

2024-05-15 23:36:21 - [TEST_STEP][PASSED] - break: null

2024-05-15 23:36:21 - [TEST_STEP][PASSED] - if (ExecuteTC.equalsIgnoreCase("Y")): null

2024-05-15 23:36:21 - [TEST_STEP][PASSED] - out.println("Begin Record Number: " + row): null

2024-05-15 23:36:21 - [TEST_STEP][PASSED] - today = new java.util.Date(): null

2024-05-15 23:36:21 - [TEST_STEP][PASSED] - println(today): null

2024-05-15 23:36:21 - [TEST_STEP][PASSED] - datText = today: null

2024-05-15 23:36:21 - [TEST_STEP][PASSED] - category = findTestData(dataFile).getValue("Category", row): null

2024-05-15 23:36:21 - [TEST_STEP][PASSED] - amount = findTestData(dataFile).getValue("Amount", row): null

2024-05-15 23:36:21 - [TEST_STEP][PASSED] - cardNumber = findTestData(dataFile).getValue("CardNumber", row): null

2024-05-15 23:36:21 - [TEST_STEP][PASSED] - exM = findTestData(dataFile).getValue("ExM", row): null

2024-05-15 23:36:21 - [TEST_STEP][PASSED] - exY = findTestData(dataFile).getValue("ExY", row): null

2024-05-15 23:36:21 - [TEST_STEP][PASSED] - openBrowser(VLinkURL + "authcap.html"): Browser is opened with url: 'https://dev-algorithm.govolution.com/vlinktest/QA2/version_2_0/authcap.html'

2024-05-15 23:36:21 - [MESSAGE][WARNING] - A browser is already opened. Closing browser and opening a new one

2024-05-15 23:36:23 - [MESSAGE][INFO] - Starting 'Chrome' driver

2024-05-15 23:36:23 - [MESSAGE][INFO] - User set preference: ['acceptInsecureCerts', 'true']

2024-05-15 23:36:23 - [MESSAGE][INFO] - Action delay is set to 0 milliseconds

2024-05-15 23:36:25 - [MESSAGE][PASSED] - Browser is opened with url: 'https://dev-algorithm.govolution.com/vlinktest/QA2/version_2_0/authcap.html'

2024-05-15 23:36:25 - [TEST_STEP][PASSED] - maximizeWindow(): Current window maximized

2024-05-15 23:36:25 - [MESSAGE][PASSED] - Current window maximized

2024-05-15 23:36:25 - [TEST_STEP][PASSED] - maximizeWindow(): Current window maximized

2024-05-15 23:36:25 - [MESSAGE][PASSED] - Current window maximized

2024-05-15 23:36:25 - [TEST_STEP][PASSED] - genRemID = RandomStringUtils.random(12, true, true): null

2024-05-15 23:36:25 - [TEST_STEP][PASSED] - setText(findTestObject("Object Repository/RecAndPlayBk/Page-Vlink-Sale/input_Remittance Id_remittance_id"), genRemID): Text 'UNL7uUDiLcn7' is set on object 'Object Repository/RecAndPlayBk/Page-Vlink-Sale/input_Remittance Id_remittance_id'

2024-05-15 23:36:26 - [MESSAGE][PASSED] - Text 'UNL7uUDiLcn7' is set on object 'Object Repository/RecAndPlayBk/Page-Vlink-Sale/input_Remittance Id_remittance_id'

2024-05-15 23:36:26 - [TEST_STEP][PASSED] - setText(findTestObject("Object Repository/RecAndPlayBk/Page-Vlink-Sale/input_Application Id_application_id"), appID): Text '234' is set on object 'Object Repository/RecAndPlayBk/Page-Vlink-Sale/input_Application Id_application_id'

2024-05-15 23:36:27 - [MESSAGE][PASSED] - Text '234' is set on object 'Object Repository/RecAndPlayBk/Page-Vlink-Sale/input_Application Id_application_id'

2024-05-15 23:36:27 - [TEST_STEP][PASSED] - setText(findTestObject("Object Repository/RecAndPlayBk/Page-Vlink-Sale/input_Username_username"), username): Text 'username' is set on object 'Object Repository/RecAndPlayBk/Page-Vlink-Sale/input_Username_username'

2024-05-15 23:36:27 - [MESSAGE][PASSED] - Text 'username' is set on object 'Object Repository/RecAndPlayBk/Page-Vlink-Sale/input_Username_username'

2024-05-15 23:36:27 - [TEST_STEP][PASSED] - setText(findTestObject("Object Repository/RecAndPlayBk/Page-Vlink-Sale/input_Password_password"), password): Text 'password' is set on object 'Object Repository/RecAndPlayBk/Page-Vlink-Sale/input_Password_password'

2024-05-15 23:36:28 - [MESSAGE][PASSED] - Text 'password' is set on object 'Object Repository/RecAndPlayBk/Page-Vlink-Sale/input_Password_password'

2024-05-15 23:36:28 - [TEST_STEP][PASSED] - setText(findTestObject("Object Repository/RecAndPlayBk/Page-Vlink-Sale/input_Category_category"), category): Text 'RETL' is set on object 'Object Repository/RecAndPlayBk/Page-Vlink-Sale/input_Category_category'

2024-05-15 23:36:29 - [MESSAGE][PASSED] - Text 'RETL' is set on object 'Object Repository/RecAndPlayBk/Page-Vlink-Sale/input_Category_category'

2024-05-15 23:36:29 - [TEST_STEP][PASSED] - setText(findTestObject("Object Repository/RecAndPlayBk/Page-Vlink-Sale/input_Amount_amount"), amount): Text '10.5' is set on object 'Object Repository/RecAndPlayBk/Page-Vlink-Sale/input_Amount_amount'

2024-05-15 23:36:29 - [MESSAGE][PASSED] - Text '10.5' is set on object 'Object Repository/RecAndPlayBk/Page-Vlink-Sale/input_Amount_amount'

2024-05-15 23:36:29 - [TEST_STEP][PASSED] - doubleClick(findTestObject("Object Repository/RecAndPlayBk/Page-Vlink-Sale/input_Card number_card_number")): Object: 'Object Repository/RecAndPlayBk/Page-Vlink-Sale/input_Card number_card_number' is double clicked on

2024-05-15 23:36:30 - [MESSAGE][PASSED] - Object: 'Object Repository/RecAndPlayBk/Page-Vlink-Sale/input_Card number_card_number' is double clicked on

2024-05-15 23:36:30 - [TEST_STEP][PASSED] - setText(findTestObject("Object Repository/RecAndPlayBk/Page-Vlink-Sale/input_Card number_card_number"), cardNumber): Text '370000000000002' is set on object 'Object Repository/RecAndPlayBk/Page-Vlink-Sale/input_Card number_card_number'

2024-05-15 23:36:30 - [MESSAGE][PASSED] - Text '370000000000002' is set on object 'Object Repository/RecAndPlayBk/Page-Vlink-Sale/input_Card number_card_number'

2024-05-15 23:36:30 - [TEST_STEP][PASSED] - setText(findTestObject("Object Repository/RecAndPlayBk/Page-Vlink-Sale/input_Card ex month_card_exmo"), exM): Text '12' is set on object 'Object Repository/RecAndPlayBk/Page-Vlink-Sale/input_Card ex month_card_exmo'

2024-05-15 23:36:31 - [MESSAGE][PASSED] - Text '12' is set on object 'Object Repository/RecAndPlayBk/Page-Vlink-Sale/input_Card ex month_card_exmo'

2024-05-15 23:36:31 - [TEST_STEP][PASSED] - setText(findTestObject("Object Repository/RecAndPlayBk/Page-Vlink-Sale/input_Card ex year_card_exyr"), exY): Text '2029' is set on object 'Object Repository/RecAndPlayBk/Page-Vlink-Sale/input_Card ex year_card_exyr'

2024-05-15 23:36:32 - [MESSAGE][PASSED] - Text '2029' is set on object 'Object Repository/RecAndPlayBk/Page-Vlink-Sale/input_Card ex year_card_exyr'

2024-05-15 23:36:32 - [TEST_STEP][PASSED] - click(findTestObject("Object Repository/RecAndPlayBk/Page-Vlink-Sale/input_Track Data_track_data")): Object: 'Object Repository/RecAndPlayBk/Page-Vlink-Sale/input_Track Data_track_data' is clicked on

2024-05-15 23:36:32 - [MESSAGE][PASSED] - Object: 'Object Repository/RecAndPlayBk/Page-Vlink-Sale/input_Track Data_track_data' is clicked on

2024-05-15 23:36:32 - [TEST_STEP][PASSED] - click(findTestObject("Object Repository/RecAndPlayBk/Page-Vlink-Sale/input_CVV state_cvv_state")): Object: 'Object Repository/RecAndPlayBk/Page-Vlink-Sale/input_CVV state_cvv_state' is clicked on

2024-05-15 23:36:32 - [MESSAGE][PASSED] - Object: 'Object Repository/RecAndPlayBk/Page-Vlink-Sale/input_CVV state_cvv_state' is clicked on

2024-05-15 23:36:32 - [TEST_STEP][PASSED] - setText(findTestObject("Object Repository/RecAndPlayBk/Page-Vlink-Sale/input_Track Data_track_data"), ""): Text '' is set on object 'Object Repository/RecAndPlayBk/Page-Vlink-Sale/input_Track Data_track_data'

2024-05-15 23:36:33 - [MESSAGE][PASSED] - Text '' is set on object 'Object Repository/RecAndPlayBk/Page-Vlink-Sale/input_Track Data_track_data'

2024-05-15 23:36:33 - [TEST_STEP][PASSED] - setText(findTestObject("Object Repository/RecAndPlayBk/Page-Vlink-Sale/input_concat(Cardholder, , s email)_email"), ""): Text '' is set on object 'Object Repository/RecAndPlayBk/Page-Vlink-Sale/input_concat(Cardholder, , s email)_email'

2024-05-15 23:36:34 - [MESSAGE][PASSED] - Text '' is set on object 'Object Repository/RecAndPlayBk/Page-Vlink-Sale/input_concat(Cardholder, , s email)_email'

2024-05-15 23:36:34 - [TEST_STEP][PASSED] - click(findTestObject("Object Repository/RecAndPlayBk/Page-Vlink-Sale/input_user_defined10_user_defined10")): Object: 'Object Repository/RecAndPlayBk/Page-Vlink-Sale/input_user_defined10_user_defined10' is clicked on

2024-05-15 23:36:34 - [MESSAGE][PASSED] - Object: 'Object Repository/RecAndPlayBk/Page-Vlink-Sale/input_user_defined10_user_defined10' is clicked on

2024-05-15 23:36:34 - [TEST_STEP][PASSED] - if (executionProfile.equalsIgnoreCase("QAProfile") || executionProfile.equalsIgnoreCase("DemoProfile")): null

2024-05-15 23:36:34 - [TEST_STEP][PASSED] - click(findTestObject("Object Repository/RecAndPlayBk/Page-Vlink-Sale/input")): Object: 'Object Repository/RecAndPlayBk/Page-Vlink-Sale/input' is clicked on

2024-05-15 23:36:35 - [MESSAGE][PASSED] - Object: 'Object Repository/RecAndPlayBk/Page-Vlink-Sale/input' is clicked on

2024-05-15 23:36:35 - [TEST_STEP][PASSED] - if (verifyTextPresent("Transaction approved, no errors", true)): null

2024-05-15 23:36:35 - [MESSAGE][PASSED] - Text 'Transaction approved, no errors' is present on page  using regular expression

2024-05-15 23:36:35 - [TEST_STEP][PASSED] - println("Transaction Approved, no errors text is present on the Confirmation page"): null

2024-05-15 23:36:35 - [TEST_STEP][PASSED] - out.println("Pass Record Number: " + row): null

2024-05-15 23:36:35 - [TEST_STEP][PASSED] - resText = "Pass": null

2024-05-15 23:36:35 - [TEST_STEP][PASSED] - pages.WriteExcel.demoKey(resText, datText, resColumn, datCloumn, fileLoc, nameSheet, row): pages.WriteExcel.demoKey is PASSED

2024-05-15 23:36:36 - [MESSAGE][PASSED] - pages.WriteExcel.demoKey is PASSED

2024-05-15 23:36:36 - [TEST_STEP][PASSED] - ExecuteTC = findTestData(dataFile).getValue("Execute", row): null

2024-05-15 23:36:36 - [TEST_STEP][PASSED] - out.println("Value of Execute is : " + ExecuteTC): null

2024-05-15 23:36:36 - [TEST_STEP][PASSED] - switch (executionProfile): null

2024-05-15 23:36:36 - [TEST_STEP][PASSED] - case "QA2Profile":: null

2024-05-15 23:36:36 - [TEST_STEP][PASSED] - appID = findTestData(dataFile).getValue("AppIDQA", row): null

2024-05-15 23:36:36 - [TEST_STEP][PASSED] - username = findTestData(dataFile).getValue("UsernameQA", row): null

2024-05-15 23:36:36 - [TEST_STEP][PASSED] - password = findTestData(dataFile).getValue("PasswordQA", row): null

2024-05-15 23:36:36 - [TEST_STEP][PASSED] - break: null

2024-05-15 23:36:36 - [TEST_STEP][PASSED] - if (ExecuteTC.equalsIgnoreCase("Y")): null

2024-05-15 23:36:36 - [TEST_STEP][PASSED] - out.println("Begin Record Number: " + row): null

2024-05-15 23:36:36 - [TEST_STEP][PASSED] - today = new java.util.Date(): null

2024-05-15 23:36:36 - [TEST_STEP][PASSED] - println(today): null

2024-05-15 23:36:36 - [TEST_STEP][PASSED] - datText = today: null

2024-05-15 23:36:36 - [TEST_STEP][PASSED] - category = findTestData(dataFile).getValue("Category", row): null

2024-05-15 23:36:36 - [TEST_STEP][PASSED] - amount = findTestData(dataFile).getValue("Amount", row): null

2024-05-15 23:36:36 - [TEST_STEP][PASSED] - cardNumber = findTestData(dataFile).getValue("CardNumber", row): null

2024-05-15 23:36:36 - [TEST_STEP][PASSED] - exM = findTestData(dataFile).getValue("ExM", row): null

2024-05-15 23:36:36 - [TEST_STEP][PASSED] - exY = findTestData(dataFile).getValue("ExY", row): null

2024-05-15 23:36:36 - [TEST_STEP][PASSED] - openBrowser(VLinkURL + "authcap.html"): Browser is opened with url: 'https://dev-algorithm.govolution.com/vlinktest/QA2/version_2_0/authcap.html'

2024-05-15 23:36:36 - [MESSAGE][WARNING] - A browser is already opened. Closing browser and opening a new one

2024-05-15 23:36:38 - [MESSAGE][INFO] - Starting 'Chrome' driver

2024-05-15 23:36:38 - [MESSAGE][INFO] - User set preference: ['acceptInsecureCerts', 'true']

2024-05-15 23:36:38 - [MESSAGE][INFO] - Action delay is set to 0 milliseconds

2024-05-15 23:36:40 - [MESSAGE][PASSED] - Browser is opened with url: 'https://dev-algorithm.govolution.com/vlinktest/QA2/version_2_0/authcap.html'

2024-05-15 23:36:40 - [TEST_STEP][PASSED] - maximizeWindow(): Current window maximized

2024-05-15 23:36:40 - [MESSAGE][PASSED] - Current window maximized

2024-05-15 23:36:40 - [TEST_STEP][PASSED] - maximizeWindow(): Current window maximized

2024-05-15 23:36:40 - [MESSAGE][PASSED] - Current window maximized

2024-05-15 23:36:40 - [TEST_STEP][PASSED] - genRemID = RandomStringUtils.random(12, true, true): null

2024-05-15 23:36:40 - [TEST_STEP][PASSED] - setText(findTestObject("Object Repository/RecAndPlayBk/Page-Vlink-Sale/input_Remittance Id_remittance_id"), genRemID): Text 'YTccUHH1CZ0A' is set on object 'Object Repository/RecAndPlayBk/Page-Vlink-Sale/input_Remittance Id_remittance_id'

2024-05-15 23:36:41 - [MESSAGE][PASSED] - Text 'YTccUHH1CZ0A' is set on object 'Object Repository/RecAndPlayBk/Page-Vlink-Sale/input_Remittance Id_remittance_id'

2024-05-15 23:36:41 - [TEST_STEP][PASSED] - setText(findTestObject("Object Repository/RecAndPlayBk/Page-Vlink-Sale/input_Application Id_application_id"), appID): Text '87' is set on object 'Object Repository/RecAndPlayBk/Page-Vlink-Sale/input_Application Id_application_id'

2024-05-15 23:36:42 - [MESSAGE][PASSED] - Text '87' is set on object 'Object Repository/RecAndPlayBk/Page-Vlink-Sale/input_Application Id_application_id'

2024-05-15 23:36:42 - [TEST_STEP][PASSED] - setText(findTestObject("Object Repository/RecAndPlayBk/Page-Vlink-Sale/input_Username_username"), username): Text 'username' is set on object 'Object Repository/RecAndPlayBk/Page-Vlink-Sale/input_Username_username'

2024-05-15 23:36:42 - [MESSAGE][PASSED] - Text 'username' is set on object 'Object Repository/RecAndPlayBk/Page-Vlink-Sale/input_Username_username'

2024-05-15 23:36:42 - [TEST_STEP][PASSED] - setText(findTestObject("Object Repository/RecAndPlayBk/Page-Vlink-Sale/input_Password_password"), password): Text 'password' is set on object 'Object Repository/RecAndPlayBk/Page-Vlink-Sale/input_Password_password'

2024-05-15 23:36:43 - [MESSAGE][PASSED] - Text 'password' is set on object 'Object Repository/RecAndPlayBk/Page-Vlink-Sale/input_Password_password'

2024-05-15 23:36:43 - [TEST_STEP][PASSED] - setText(findTestObject("Object Repository/RecAndPlayBk/Page-Vlink-Sale/input_Category_category"), category): Text 'ECOM' is set on object 'Object Repository/RecAndPlayBk/Page-Vlink-Sale/input_Category_category'

2024-05-15 23:36:44 - [MESSAGE][PASSED] - Text 'ECOM' is set on object 'Object Repository/RecAndPlayBk/Page-Vlink-Sale/input_Category_category'

2024-05-15 23:36:44 - [TEST_STEP][PASSED] - setText(findTestObject("Object Repository/RecAndPlayBk/Page-Vlink-Sale/input_Amount_amount"), amount): Text '10.5' is set on object 'Object Repository/RecAndPlayBk/Page-Vlink-Sale/input_Amount_amount'

2024-05-15 23:36:44 - [MESSAGE][PASSED] - Text '10.5' is set on object 'Object Repository/RecAndPlayBk/Page-Vlink-Sale/input_Amount_amount'

2024-05-15 23:36:44 - [TEST_STEP][PASSED] - doubleClick(findTestObject("Object Repository/RecAndPlayBk/Page-Vlink-Sale/input_Card number_card_number")): Object: 'Object Repository/RecAndPlayBk/Page-Vlink-Sale/input_Card number_card_number' is double clicked on

2024-05-15 23:36:45 - [MESSAGE][PASSED] - Object: 'Object Repository/RecAndPlayBk/Page-Vlink-Sale/input_Card number_card_number' is double clicked on

2024-05-15 23:36:45 - [TEST_STEP][PASSED] - setText(findTestObject("Object Repository/RecAndPlayBk/Page-Vlink-Sale/input_Card number_card_number"), cardNumber): Text '4012000098765439' is set on object 'Object Repository/RecAndPlayBk/Page-Vlink-Sale/input_Card number_card_number'

2024-05-15 23:36:45 - [MESSAGE][PASSED] - Text '4012000098765439' is set on object 'Object Repository/RecAndPlayBk/Page-Vlink-Sale/input_Card number_card_number'

2024-05-15 23:36:45 - [TEST_STEP][PASSED] - setText(findTestObject("Object Repository/RecAndPlayBk/Page-Vlink-Sale/input_Card ex month_card_exmo"), exM): Text '12' is set on object 'Object Repository/RecAndPlayBk/Page-Vlink-Sale/input_Card ex month_card_exmo'

2024-05-15 23:36:46 - [MESSAGE][PASSED] - Text '12' is set on object 'Object Repository/RecAndPlayBk/Page-Vlink-Sale/input_Card ex month_card_exmo'

2024-05-15 23:36:46 - [TEST_STEP][PASSED] - setText(findTestObject("Object Repository/RecAndPlayBk/Page-Vlink-Sale/input_Card ex year_card_exyr"), exY): Text '2029' is set on object 'Object Repository/RecAndPlayBk/Page-Vlink-Sale/input_Card ex year_card_exyr'

2024-05-15 23:36:46 - [MESSAGE][PASSED] - Text '2029' is set on object 'Object Repository/RecAndPlayBk/Page-Vlink-Sale/input_Card ex year_card_exyr'

2024-05-15 23:36:46 - [TEST_STEP][PASSED] - click(findTestObject("Object Repository/RecAndPlayBk/Page-Vlink-Sale/input_Track Data_track_data")): Object: 'Object Repository/RecAndPlayBk/Page-Vlink-Sale/input_Track Data_track_data' is clicked on

2024-05-15 23:36:47 - [MESSAGE][PASSED] - Object: 'Object Repository/RecAndPlayBk/Page-Vlink-Sale/input_Track Data_track_data' is clicked on

2024-05-15 23:36:47 - [TEST_STEP][PASSED] - click(findTestObject("Object Repository/RecAndPlayBk/Page-Vlink-Sale/input_CVV state_cvv_state")): Object: 'Object Repository/RecAndPlayBk/Page-Vlink-Sale/input_CVV state_cvv_state' is clicked on

2024-05-15 23:36:47 - [MESSAGE][PASSED] - Object: 'Object Repository/RecAndPlayBk/Page-Vlink-Sale/input_CVV state_cvv_state' is clicked on

2024-05-15 23:36:47 - [TEST_STEP][PASSED] - setText(findTestObject("Object Repository/RecAndPlayBk/Page-Vlink-Sale/input_Track Data_track_data"), ""): Text '' is set on object 'Object Repository/RecAndPlayBk/Page-Vlink-Sale/input_Track Data_track_data'

2024-05-15 23:36:48 - [MESSAGE][PASSED] - Text '' is set on object 'Object Repository/RecAndPlayBk/Page-Vlink-Sale/input_Track Data_track_data'

2024-05-15 23:36:48 - [TEST_STEP][PASSED] - setText(findTestObject("Object Repository/RecAndPlayBk/Page-Vlink-Sale/input_concat(Cardholder, , s email)_email"), ""): Text '' is set on object 'Object Repository/RecAndPlayBk/Page-Vlink-Sale/input_concat(Cardholder, , s email)_email'

2024-05-15 23:36:48 - [MESSAGE][PASSED] - Text '' is set on object 'Object Repository/RecAndPlayBk/Page-Vlink-Sale/input_concat(Cardholder, , s email)_email'

2024-05-15 23:36:48 - [TEST_STEP][PASSED] - click(findTestObject("Object Repository/RecAndPlayBk/Page-Vlink-Sale/input_user_defined10_user_defined10")): Object: 'Object Repository/RecAndPlayBk/Page-Vlink-Sale/input_user_defined10_user_defined10' is clicked on

2024-05-15 23:36:49 - [MESSAGE][PASSED] - Object: 'Object Repository/RecAndPlayBk/Page-Vlink-Sale/input_user_defined10_user_defined10' is clicked on

2024-05-15 23:36:49 - [TEST_STEP][PASSED] - if (executionProfile.equalsIgnoreCase("QAProfile") || executionProfile.equalsIgnoreCase("DemoProfile")): null

2024-05-15 23:36:49 - [TEST_STEP][PASSED] - click(findTestObject("Object Repository/RecAndPlayBk/Page-Vlink-Sale/input")): Object: 'Object Repository/RecAndPlayBk/Page-Vlink-Sale/input' is clicked on

2024-05-15 23:36:50 - [MESSAGE][PASSED] - Object: 'Object Repository/RecAndPlayBk/Page-Vlink-Sale/input' is clicked on

2024-05-15 23:36:50 - [TEST_STEP][PASSED] - if (verifyTextPresent("Transaction approved, no errors", true)): null

2024-05-15 23:36:51 - [MESSAGE][PASSED] - Text 'Transaction approved, no errors' is present on page  using regular expression

2024-05-15 23:36:51 - [TEST_STEP][PASSED] - println("Transaction Approved, no errors text is present on the Confirmation page"): null

2024-05-15 23:36:51 - [TEST_STEP][PASSED] - out.println("Pass Record Number: " + row): null

2024-05-15 23:36:51 - [TEST_STEP][PASSED] - resText = "Pass": null

2024-05-15 23:36:51 - [TEST_STEP][PASSED] - pages.WriteExcel.demoKey(resText, datText, resColumn, datCloumn, fileLoc, nameSheet, row): pages.WriteExcel.demoKey is PASSED

2024-05-15 23:36:51 - [MESSAGE][PASSED] - pages.WriteExcel.demoKey is PASSED

2024-05-15 23:36:51 - [TEST_STEP][PASSED] - ExecuteTC = findTestData(dataFile).getValue("Execute", row): null

2024-05-15 23:36:51 - [TEST_STEP][PASSED] - out.println("Value of Execute is : " + ExecuteTC): null

2024-05-15 23:36:51 - [TEST_STEP][PASSED] - switch (executionProfile): null

2024-05-15 23:36:51 - [TEST_STEP][PASSED] - case "QA2Profile":: null

2024-05-15 23:36:51 - [TEST_STEP][PASSED] - appID = findTestData(dataFile).getValue("AppIDQA", row): null

2024-05-15 23:36:51 - [TEST_STEP][PASSED] - username = findTestData(dataFile).getValue("UsernameQA", row): null

2024-05-15 23:36:51 - [TEST_STEP][PASSED] - password = findTestData(dataFile).getValue("PasswordQA", row): null

2024-05-15 23:36:51 - [TEST_STEP][PASSED] - break: null

2024-05-15 23:36:51 - [TEST_STEP][PASSED] - if (ExecuteTC.equalsIgnoreCase("Y")): null

2024-05-15 23:36:51 - [TEST_STEP][PASSED] - out.println("Begin Record Number: " + row): null

2024-05-15 23:36:51 - [TEST_STEP][PASSED] - today = new java.util.Date(): null

2024-05-15 23:36:51 - [TEST_STEP][PASSED] - println(today): null

2024-05-15 23:36:51 - [TEST_STEP][PASSED] - datText = today: null

2024-05-15 23:36:51 - [TEST_STEP][PASSED] - category = findTestData(dataFile).getValue("Category", row): null

2024-05-15 23:36:52 - [TEST_STEP][PASSED] - amount = findTestData(dataFile).getValue("Amount", row): null

2024-05-15 23:36:52 - [TEST_STEP][PASSED] - cardNumber = findTestData(dataFile).getValue("CardNumber", row): null

2024-05-15 23:36:52 - [TEST_STEP][PASSED] - exM = findTestData(dataFile).getValue("ExM", row): null

2024-05-15 23:36:52 - [TEST_STEP][PASSED] - exY = findTestData(dataFile).getValue("ExY", row): null

2024-05-15 23:36:52 - [TEST_STEP][PASSED] - openBrowser(VLinkURL + "authcap.html"): Browser is opened with url: 'https://dev-algorithm.govolution.com/vlinktest/QA2/version_2_0/authcap.html'

2024-05-15 23:36:52 - [MESSAGE][WARNING] - A browser is already opened. Closing browser and opening a new one

2024-05-15 23:36:53 - [MESSAGE][INFO] - Starting 'Chrome' driver

2024-05-15 23:36:53 - [MESSAGE][INFO] - User set preference: ['acceptInsecureCerts', 'true']

2024-05-15 23:36:53 - [MESSAGE][INFO] - Action delay is set to 0 milliseconds

2024-05-15 23:36:55 - [MESSAGE][PASSED] - Browser is opened with url: 'https://dev-algorithm.govolution.com/vlinktest/QA2/version_2_0/authcap.html'

2024-05-15 23:36:55 - [TEST_STEP][PASSED] - maximizeWindow(): Current window maximized

2024-05-15 23:36:56 - [MESSAGE][PASSED] - Current window maximized

2024-05-15 23:36:56 - [TEST_STEP][PASSED] - maximizeWindow(): Current window maximized

2024-05-15 23:36:56 - [MESSAGE][PASSED] - Current window maximized

2024-05-15 23:36:56 - [TEST_STEP][PASSED] - genRemID = RandomStringUtils.random(12, true, true): null

2024-05-15 23:36:56 - [TEST_STEP][PASSED] - setText(findTestObject("Object Repository/RecAndPlayBk/Page-Vlink-Sale/input_Remittance Id_remittance_id"), genRemID): Text 'OV7DiTcb3hbQ' is set on object 'Object Repository/RecAndPlayBk/Page-Vlink-Sale/input_Remittance Id_remittance_id'

2024-05-15 23:36:56 - [MESSAGE][PASSED] - Text 'OV7DiTcb3hbQ' is set on object 'Object Repository/RecAndPlayBk/Page-Vlink-Sale/input_Remittance Id_remittance_id'

2024-05-15 23:36:56 - [TEST_STEP][PASSED] - setText(findTestObject("Object Repository/RecAndPlayBk/Page-Vlink-Sale/input_Application Id_application_id"), appID): Text '581' is set on object 'Object Repository/RecAndPlayBk/Page-Vlink-Sale/input_Application Id_application_id'

2024-05-15 23:36:57 - [MESSAGE][PASSED] - Text '581' is set on object 'Object Repository/RecAndPlayBk/Page-Vlink-Sale/input_Application Id_application_id'

2024-05-15 23:36:57 - [TEST_STEP][PASSED] - setText(findTestObject("Object Repository/RecAndPlayBk/Page-Vlink-Sale/input_Username_username"), username): Text 'usr581' is set on object 'Object Repository/RecAndPlayBk/Page-Vlink-Sale/input_Username_username'

2024-05-15 23:36:58 - [MESSAGE][PASSED] - Text 'usr581' is set on object 'Object Repository/RecAndPlayBk/Page-Vlink-Sale/input_Username_username'

2024-05-15 23:36:58 - [TEST_STEP][PASSED] - setText(findTestObject("Object Repository/RecAndPlayBk/Page-Vlink-Sale/input_Password_password"), password): Text 'pwd581' is set on object 'Object Repository/RecAndPlayBk/Page-Vlink-Sale/input_Password_password'

2024-05-15 23:36:58 - [MESSAGE][PASSED] - Text 'pwd581' is set on object 'Object Repository/RecAndPlayBk/Page-Vlink-Sale/input_Password_password'

2024-05-15 23:36:58 - [TEST_STEP][PASSED] - setText(findTestObject("Object Repository/RecAndPlayBk/Page-Vlink-Sale/input_Category_category"), category): Text 'ECOM' is set on object 'Object Repository/RecAndPlayBk/Page-Vlink-Sale/input_Category_category'

2024-05-15 23:36:59 - [MESSAGE][PASSED] - Text 'ECOM' is set on object 'Object Repository/RecAndPlayBk/Page-Vlink-Sale/input_Category_category'

2024-05-15 23:36:59 - [TEST_STEP][PASSED] - setText(findTestObject("Object Repository/RecAndPlayBk/Page-Vlink-Sale/input_Amount_amount"), amount): Text '10.5' is set on object 'Object Repository/RecAndPlayBk/Page-Vlink-Sale/input_Amount_amount'

2024-05-15 23:37:00 - [MESSAGE][PASSED] - Text '10.5' is set on object 'Object Repository/RecAndPlayBk/Page-Vlink-Sale/input_Amount_amount'

2024-05-15 23:37:00 - [TEST_STEP][PASSED] - doubleClick(findTestObject("Object Repository/RecAndPlayBk/Page-Vlink-Sale/input_Card number_card_number")): Object: 'Object Repository/RecAndPlayBk/Page-Vlink-Sale/input_Card number_card_number' is double clicked on

2024-05-15 23:37:00 - [MESSAGE][PASSED] - Object: 'Object Repository/RecAndPlayBk/Page-Vlink-Sale/input_Card number_card_number' is double clicked on

2024-05-15 23:37:00 - [TEST_STEP][PASSED] - setText(findTestObject("Object Repository/RecAndPlayBk/Page-Vlink-Sale/input_Card number_card_number"), cardNumber): Text '5146312200000035' is set on object 'Object Repository/RecAndPlayBk/Page-Vlink-Sale/input_Card number_card_number'

2024-05-15 23:37:01 - [MESSAGE][PASSED] - Text '5146312200000035' is set on object 'Object Repository/RecAndPlayBk/Page-Vlink-Sale/input_Card number_card_number'

2024-05-15 23:37:01 - [TEST_STEP][PASSED] - setText(findTestObject("Object Repository/RecAndPlayBk/Page-Vlink-Sale/input_Card ex month_card_exmo"), exM): Text '12' is set on object 'Object Repository/RecAndPlayBk/Page-Vlink-Sale/input_Card ex month_card_exmo'

2024-05-15 23:37:01 - [MESSAGE][PASSED] - Text '12' is set on object 'Object Repository/RecAndPlayBk/Page-Vlink-Sale/input_Card ex month_card_exmo'

2024-05-15 23:37:01 - [TEST_STEP][PASSED] - setText(findTestObject("Object Repository/RecAndPlayBk/Page-Vlink-Sale/input_Card ex year_card_exyr"), exY): Text '2029' is set on object 'Object Repository/RecAndPlayBk/Page-Vlink-Sale/input_Card ex year_card_exyr'

2024-05-15 23:37:02 - [MESSAGE][PASSED] - Text '2029' is set on object 'Object Repository/RecAndPlayBk/Page-Vlink-Sale/input_Card ex year_card_exyr'

2024-05-15 23:37:02 - [TEST_STEP][PASSED] - click(findTestObject("Object Repository/RecAndPlayBk/Page-Vlink-Sale/input_Track Data_track_data")): Object: 'Object Repository/RecAndPlayBk/Page-Vlink-Sale/input_Track Data_track_data' is clicked on

2024-05-15 23:37:02 - [MESSAGE][PASSED] - Object: 'Object Repository/RecAndPlayBk/Page-Vlink-Sale/input_Track Data_track_data' is clicked on

2024-05-15 23:37:02 - [TEST_STEP][PASSED] - click(findTestObject("Object Repository/RecAndPlayBk/Page-Vlink-Sale/input_CVV state_cvv_state")): Object: 'Object Repository/RecAndPlayBk/Page-Vlink-Sale/input_CVV state_cvv_state' is clicked on

2024-05-15 23:37:03 - [MESSAGE][PASSED] - Object: 'Object Repository/RecAndPlayBk/Page-Vlink-Sale/input_CVV state_cvv_state' is clicked on

2024-05-15 23:37:03 - [TEST_STEP][PASSED] - setText(findTestObject("Object Repository/RecAndPlayBk/Page-Vlink-Sale/input_Track Data_track_data"), ""): Text '' is set on object 'Object Repository/RecAndPlayBk/Page-Vlink-Sale/input_Track Data_track_data'

2024-05-15 23:37:03 - [MESSAGE][PASSED] - Text '' is set on object 'Object Repository/RecAndPlayBk/Page-Vlink-Sale/input_Track Data_track_data'

2024-05-15 23:37:03 - [TEST_STEP][PASSED] - setText(findTestObject("Object Repository/RecAndPlayBk/Page-Vlink-Sale/input_concat(Cardholder, , s email)_email"), ""): Text '' is set on object 'Object Repository/RecAndPlayBk/Page-Vlink-Sale/input_concat(Cardholder, , s email)_email'

2024-05-15 23:37:04 - [MESSAGE][PASSED] - Text '' is set on object 'Object Repository/RecAndPlayBk/Page-Vlink-Sale/input_concat(Cardholder, , s email)_email'

2024-05-15 23:37:04 - [TEST_STEP][PASSED] - click(findTestObject("Object Repository/RecAndPlayBk/Page-Vlink-Sale/input_user_defined10_user_defined10")): Object: 'Object Repository/RecAndPlayBk/Page-Vlink-Sale/input_user_defined10_user_defined10' is clicked on

2024-05-15 23:37:04 - [MESSAGE][PASSED] - Object: 'Object Repository/RecAndPlayBk/Page-Vlink-Sale/input_user_defined10_user_defined10' is clicked on

2024-05-15 23:37:04 - [TEST_STEP][PASSED] - if (executionProfile.equalsIgnoreCase("QAProfile") || executionProfile.equalsIgnoreCase("DemoProfile")): null

2024-05-15 23:37:04 - [TEST_STEP][PASSED] - click(findTestObject("Object Repository/RecAndPlayBk/Page-Vlink-Sale/input")): Object: 'Object Repository/RecAndPlayBk/Page-Vlink-Sale/input' is clicked on

2024-05-15 23:37:06 - [MESSAGE][PASSED] - Object: 'Object Repository/RecAndPlayBk/Page-Vlink-Sale/input' is clicked on

2024-05-15 23:37:06 - [TEST_STEP][PASSED] - if (verifyTextPresent("Transaction approved, no errors", true)): null

2024-05-15 23:37:06 - [MESSAGE][PASSED] - Text 'Transaction approved, no errors' is present on page  using regular expression

2024-05-15 23:37:06 - [TEST_STEP][PASSED] - println("Transaction Approved, no errors text is present on the Confirmation page"): null

2024-05-15 23:37:06 - [TEST_STEP][PASSED] - out.println("Pass Record Number: " + row): null

2024-05-15 23:37:06 - [TEST_STEP][PASSED] - resText = "Pass": null

2024-05-15 23:37:06 - [TEST_STEP][PASSED] - pages.WriteExcel.demoKey(resText, datText, resColumn, datCloumn, fileLoc, nameSheet, row): pages.WriteExcel.demoKey is PASSED

2024-05-15 23:37:06 - [MESSAGE][PASSED] - pages.WriteExcel.demoKey is PASSED

2024-05-15 23:37:06 - [TEST_STEP][PASSED] - ExecuteTC = findTestData(dataFile).getValue("Execute", row): null

2024-05-15 23:37:07 - [TEST_STEP][PASSED] - out.println("Value of Execute is : " + ExecuteTC): null

2024-05-15 23:37:07 - [TEST_STEP][PASSED] - switch (executionProfile): null

2024-05-15 23:37:07 - [TEST_STEP][PASSED] - case "QA2Profile":: null

2024-05-15 23:37:07 - [TEST_STEP][PASSED] - appID = findTestData(dataFile).getValue("AppIDQA", row): null

2024-05-15 23:37:07 - [TEST_STEP][PASSED] - username = findTestData(dataFile).getValue("UsernameQA", row): null

2024-05-15 23:37:07 - [TEST_STEP][PASSED] - password = findTestData(dataFile).getValue("PasswordQA", row): null

2024-05-15 23:37:07 - [TEST_STEP][PASSED] - break: null

2024-05-15 23:37:07 - [TEST_STEP][PASSED] - if (ExecuteTC.equalsIgnoreCase("Y")): null

2024-05-15 23:37:07 - [TEST_STEP][PASSED] - out.println("Begin Record Number: " + row): null

2024-05-15 23:37:07 - [TEST_STEP][PASSED] - today = new java.util.Date(): null

2024-05-15 23:37:07 - [TEST_STEP][PASSED] - println(today): null

2024-05-15 23:37:07 - [TEST_STEP][PASSED] - datText = today: null

2024-05-15 23:37:07 - [TEST_STEP][PASSED] - category = findTestData(dataFile).getValue("Category", row): null

2024-05-15 23:37:07 - [TEST_STEP][PASSED] - amount = findTestData(dataFile).getValue("Amount", row): null

2024-05-15 23:37:07 - [TEST_STEP][PASSED] - cardNumber = findTestData(dataFile).getValue("CardNumber", row): null

2024-05-15 23:37:07 - [TEST_STEP][PASSED] - exM = findTestData(dataFile).getValue("ExM", row): null

2024-05-15 23:37:08 - [TEST_STEP][PASSED] - exY = findTestData(dataFile).getValue("ExY", row): null

2024-05-15 23:37:08 - [TEST_STEP][PASSED] - openBrowser(VLinkURL + "authcap.html"): Browser is opened with url: 'https://dev-algorithm.govolution.com/vlinktest/QA2/version_2_0/authcap.html'

2024-05-15 23:37:08 - [MESSAGE][WARNING] - A browser is already opened. Closing browser and opening a new one

2024-05-15 23:37:09 - [MESSAGE][INFO] - Starting 'Chrome' driver

2024-05-15 23:37:09 - [MESSAGE][INFO] - User set preference: ['acceptInsecureCerts', 'true']

2024-05-15 23:37:09 - [MESSAGE][INFO] - Action delay is set to 0 milliseconds

2024-05-15 23:37:11 - [MESSAGE][PASSED] - Browser is opened with url: 'https://dev-algorithm.govolution.com/vlinktest/QA2/version_2_0/authcap.html'

2024-05-15 23:37:11 - [TEST_STEP][PASSED] - maximizeWindow(): Current window maximized

2024-05-15 23:37:12 - [MESSAGE][PASSED] - Current window maximized

2024-05-15 23:37:12 - [TEST_STEP][PASSED] - maximizeWindow(): Current window maximized

2024-05-15 23:37:12 - [MESSAGE][PASSED] - Current window maximized

2024-05-15 23:37:12 - [TEST_STEP][PASSED] - genRemID = RandomStringUtils.random(12, true, true): null

2024-05-15 23:37:12 - [TEST_STEP][PASSED] - setText(findTestObject("Object Repository/RecAndPlayBk/Page-Vlink-Sale/input_Remittance Id_remittance_id"), genRemID): Text '7mDSx7UwwXk2' is set on object 'Object Repository/RecAndPlayBk/Page-Vlink-Sale/input_Remittance Id_remittance_id'

2024-05-15 23:37:13 - [MESSAGE][PASSED] - Text '7mDSx7UwwXk2' is set on object 'Object Repository/RecAndPlayBk/Page-Vlink-Sale/input_Remittance Id_remittance_id'

2024-05-15 23:37:13 - [TEST_STEP][PASSED] - setText(findTestObject("Object Repository/RecAndPlayBk/Page-Vlink-Sale/input_Application Id_application_id"), appID): Text '591' is set on object 'Object Repository/RecAndPlayBk/Page-Vlink-Sale/input_Application Id_application_id'

2024-05-15 23:37:13 - [MESSAGE][PASSED] - Text '591' is set on object 'Object Repository/RecAndPlayBk/Page-Vlink-Sale/input_Application Id_application_id'

2024-05-15 23:37:13 - [TEST_STEP][PASSED] - setText(findTestObject("Object Repository/RecAndPlayBk/Page-Vlink-Sale/input_Username_username"), username): Text 'user591' is set on object 'Object Repository/RecAndPlayBk/Page-Vlink-Sale/input_Username_username'

2024-05-15 23:37:14 - [MESSAGE][PASSED] - Text 'user591' is set on object 'Object Repository/RecAndPlayBk/Page-Vlink-Sale/input_Username_username'

2024-05-15 23:37:14 - [TEST_STEP][PASSED] - setText(findTestObject("Object Repository/RecAndPlayBk/Page-Vlink-Sale/input_Password_password"), password): Text 'pwd591' is set on object 'Object Repository/RecAndPlayBk/Page-Vlink-Sale/input_Password_password'

2024-05-15 23:37:15 - [MESSAGE][PASSED] - Text 'pwd591' is set on object 'Object Repository/RecAndPlayBk/Page-Vlink-Sale/input_Password_password'

2024-05-15 23:37:15 - [TEST_STEP][PASSED] - setText(findTestObject("Object Repository/RecAndPlayBk/Page-Vlink-Sale/input_Category_category"), category): Text 'ECOM' is set on object 'Object Repository/RecAndPlayBk/Page-Vlink-Sale/input_Category_category'

2024-05-15 23:37:15 - [MESSAGE][PASSED] - Text 'ECOM' is set on object 'Object Repository/RecAndPlayBk/Page-Vlink-Sale/input_Category_category'

2024-05-15 23:37:15 - [TEST_STEP][PASSED] - setText(findTestObject("Object Repository/RecAndPlayBk/Page-Vlink-Sale/input_Amount_amount"), amount): Text '10.5' is set on object 'Object Repository/RecAndPlayBk/Page-Vlink-Sale/input_Amount_amount'

2024-05-15 23:37:16 - [MESSAGE][PASSED] - Text '10.5' is set on object 'Object Repository/RecAndPlayBk/Page-Vlink-Sale/input_Amount_amount'

2024-05-15 23:37:16 - [TEST_STEP][PASSED] - doubleClick(findTestObject("Object Repository/RecAndPlayBk/Page-Vlink-Sale/input_Card number_card_number")): Object: 'Object Repository/RecAndPlayBk/Page-Vlink-Sale/input_Card number_card_number' is double clicked on

2024-05-15 23:37:16 - [MESSAGE][PASSED] - Object: 'Object Repository/RecAndPlayBk/Page-Vlink-Sale/input_Card number_card_number' is double clicked on

2024-05-15 23:37:16 - [TEST_STEP][PASSED] - setText(findTestObject("Object Repository/RecAndPlayBk/Page-Vlink-Sale/input_Card number_card_number"), cardNumber): Text '4761739001010135' is set on object 'Object Repository/RecAndPlayBk/Page-Vlink-Sale/input_Card number_card_number'

2024-05-15 23:37:17 - [MESSAGE][PASSED] - Text '4761739001010135' is set on object 'Object Repository/RecAndPlayBk/Page-Vlink-Sale/input_Card number_card_number'

2024-05-15 23:37:17 - [TEST_STEP][PASSED] - setText(findTestObject("Object Repository/RecAndPlayBk/Page-Vlink-Sale/input_Card ex month_card_exmo"), exM): Text '12' is set on object 'Object Repository/RecAndPlayBk/Page-Vlink-Sale/input_Card ex month_card_exmo'

2024-05-15 23:37:17 - [MESSAGE][PASSED] - Text '12' is set on object 'Object Repository/RecAndPlayBk/Page-Vlink-Sale/input_Card ex month_card_exmo'

2024-05-15 23:37:17 - [TEST_STEP][PASSED] - setText(findTestObject("Object Repository/RecAndPlayBk/Page-Vlink-Sale/input_Card ex year_card_exyr"), exY): Text '2029' is set on object 'Object Repository/RecAndPlayBk/Page-Vlink-Sale/input_Card ex year_card_exyr'

2024-05-15 23:37:18 - [MESSAGE][PASSED] - Text '2029' is set on object 'Object Repository/RecAndPlayBk/Page-Vlink-Sale/input_Card ex year_card_exyr'

2024-05-15 23:37:18 - [TEST_STEP][PASSED] - click(findTestObject("Object Repository/RecAndPlayBk/Page-Vlink-Sale/input_Track Data_track_data")): Object: 'Object Repository/RecAndPlayBk/Page-Vlink-Sale/input_Track Data_track_data' is clicked on

2024-05-15 23:37:18 - [MESSAGE][PASSED] - Object: 'Object Repository/RecAndPlayBk/Page-Vlink-Sale/input_Track Data_track_data' is clicked on

2024-05-15 23:37:18 - [TEST_STEP][PASSED] - click(findTestObject("Object Repository/RecAndPlayBk/Page-Vlink-Sale/input_CVV state_cvv_state")): Object: 'Object Repository/RecAndPlayBk/Page-Vlink-Sale/input_CVV state_cvv_state' is clicked on

2024-05-15 23:37:19 - [MESSAGE][PASSED] - Object: 'Object Repository/RecAndPlayBk/Page-Vlink-Sale/input_CVV state_cvv_state' is clicked on

2024-05-15 23:37:19 - [TEST_STEP][PASSED] - setText(findTestObject("Object Repository/RecAndPlayBk/Page-Vlink-Sale/input_Track Data_track_data"), ""): Text '' is set on object 'Object Repository/RecAndPlayBk/Page-Vlink-Sale/input_Track Data_track_data'

2024-05-15 23:37:19 - [MESSAGE][PASSED] - Text '' is set on object 'Object Repository/RecAndPlayBk/Page-Vlink-Sale/input_Track Data_track_data'

2024-05-15 23:37:19 - [TEST_STEP][PASSED] - setText(findTestObject("Object Repository/RecAndPlayBk/Page-Vlink-Sale/input_concat(Cardholder, , s email)_email"), ""): Text '' is set on object 'Object Repository/RecAndPlayBk/Page-Vlink-Sale/input_concat(Cardholder, , s email)_email'

2024-05-15 23:37:20 - [MESSAGE][PASSED] - Text '' is set on object 'Object Repository/RecAndPlayBk/Page-Vlink-Sale/input_concat(Cardholder, , s email)_email'

2024-05-15 23:37:20 - [TEST_STEP][PASSED] - click(findTestObject("Object Repository/RecAndPlayBk/Page-Vlink-Sale/input_user_defined10_user_defined10")): Object: 'Object Repository/RecAndPlayBk/Page-Vlink-Sale/input_user_defined10_user_defined10' is clicked on

2024-05-15 23:37:20 - [MESSAGE][PASSED] - Object: 'Object Repository/RecAndPlayBk/Page-Vlink-Sale/input_user_defined10_user_defined10' is clicked on

2024-05-15 23:37:20 - [TEST_STEP][PASSED] - if (executionProfile.equalsIgnoreCase("QAProfile") || executionProfile.equalsIgnoreCase("DemoProfile")): null

2024-05-15 23:37:20 - [TEST_STEP][PASSED] - click(findTestObject("Object Repository/RecAndPlayBk/Page-Vlink-Sale/input")): Object: 'Object Repository/RecAndPlayBk/Page-Vlink-Sale/input' is clicked on

2024-05-15 23:37:23 - [MESSAGE][PASSED] - Object: 'Object Repository/RecAndPlayBk/Page-Vlink-Sale/input' is clicked on

2024-05-15 23:37:23 - [TEST_STEP][PASSED] - if (verifyTextPresent("Transaction approved, no errors", true)): null

2024-05-15 23:37:23 - [MESSAGE][PASSED] - Text 'Transaction approved, no errors' is present on page  using regular expression

2024-05-15 23:37:23 - [TEST_STEP][PASSED] - println("Transaction Approved, no errors text is present on the Confirmation page"): null

2024-05-15 23:37:23 - [TEST_STEP][PASSED] - out.println("Pass Record Number: " + row): null

2024-05-15 23:37:23 - [TEST_STEP][PASSED] - resText = "Pass": null

2024-05-15 23:37:23 - [TEST_STEP][PASSED] - pages.WriteExcel.demoKey(resText, datText, resColumn, datCloumn, fileLoc, nameSheet, row): pages.WriteExcel.demoKey is PASSED

2024-05-15 23:37:23 - [MESSAGE][PASSED] - pages.WriteExcel.demoKey is PASSED]]></system-out>
         <system-err><![CDATA[]]></system-err>
      </testcase>
      <testcase name="Test Cases/RecAndPlayBk/VLink/Sale-Void" time="125.935" classname="Test Cases/RecAndPlayBk/VLink/Sale-Void" status="PASSED">
         <system-out><![CDATA[2024-05-15 23:37:23 - [TEST_CASE][PASSED] - Test Cases/RecAndPlayBk/VLink/Sale-Void: Test Cases/RecAndPlayBk/VLink/Sale-Void

2024-05-15 23:37:24 - [TEST_STEP][PASSED] - executionProfile = getExecutionProfile(): null

2024-05-15 23:37:24 - [TEST_STEP][PASSED] - out.println("executionProfile : " + executionProfile): null

2024-05-15 23:37:24 - [TEST_STEP][PASSED] - appName = <not implemented yet for class: org.codehaus.groovy.ast.expr.EmptyExpression>: null

2024-05-15 23:37:24 - [TEST_STEP][PASSED] - appID = <not implemented yet for class: org.codehaus.groovy.ast.expr.EmptyExpression>: null

2024-05-15 23:37:24 - [TEST_STEP][PASSED] - username = <not implemented yet for class: org.codehaus.groovy.ast.expr.EmptyExpression>: null

2024-05-15 23:37:24 - [TEST_STEP][PASSED] - password = <not implemented yet for class: org.codehaus.groovy.ast.expr.EmptyExpression>: null

2024-05-15 23:37:24 - [TEST_STEP][PASSED] - cardNameV = <not implemented yet for class: org.codehaus.groovy.ast.expr.EmptyExpression>: null

2024-05-15 23:37:24 - [TEST_STEP][PASSED] - al1V = <not implemented yet for class: org.codehaus.groovy.ast.expr.EmptyExpression>: null

2024-05-15 23:37:24 - [TEST_STEP][PASSED] - al2V = <not implemented yet for class: org.codehaus.groovy.ast.expr.EmptyExpression>: null

2024-05-15 23:37:24 - [TEST_STEP][PASSED] - zipV = <not implemented yet for class: org.codehaus.groovy.ast.expr.EmptyExpression>: null

2024-05-15 23:37:24 - [TEST_STEP][PASSED] - cardTypeV = <not implemented yet for class: org.codehaus.groovy.ast.expr.EmptyExpression>: null

2024-05-15 23:37:24 - [TEST_STEP][PASSED] - last4V = <not implemented yet for class: org.codehaus.groovy.ast.expr.EmptyExpression>: null

2024-05-15 23:37:24 - [TEST_STEP][PASSED] - resText = "Fail": null

2024-05-15 23:37:24 - [TEST_STEP][PASSED] - resColumn = "Result": null

2024-05-15 23:37:24 - [TEST_STEP][PASSED] - datCloumn = "Date": null

2024-05-15 23:37:24 - [TEST_STEP][PASSED] - fileLoc = "KatalonData/VLinkSmokeData.xlsx": null

2024-05-15 23:37:24 - [TEST_STEP][PASSED] - numOfRows = <not implemented yet for class: org.codehaus.groovy.ast.expr.EmptyExpression>: null

2024-05-15 23:37:24 - [TEST_STEP][PASSED] - dataFile = <not implemented yet for class: org.codehaus.groovy.ast.expr.EmptyExpression>: null

2024-05-15 23:37:24 - [TEST_STEP][PASSED] - nameSheet = <not implemented yet for class: org.codehaus.groovy.ast.expr.EmptyExpression>: null

2024-05-15 23:37:24 - [TEST_STEP][PASSED] - nameSheet = "Sale-Void": null

2024-05-15 23:37:24 - [TEST_STEP][PASSED] - numOfRows = findTestData("QA/VLinkTestData/VLinkSaleVoidData").getRowNumbers(): null

2024-05-15 23:37:24 - [TEST_STEP][PASSED] - println("Number of Records: " + numOfRows): null

2024-05-15 23:37:24 - [TEST_STEP][PASSED] - dataFile = "QA/VLinkTestData/VLinkSaleVoidData": null

2024-05-15 23:37:24 - [TEST_STEP][PASSED] - for ([row = 1, row <= numOfRows, (row++)]): null

2024-05-15 23:37:24 - [TEST_STEP][PASSED] - ExecuteTC = findTestData(dataFile).getValue("Execute", row): null

2024-05-15 23:37:24 - [TEST_STEP][PASSED] - out.println("Value of Execute is : " + ExecuteTC): null

2024-05-15 23:37:24 - [TEST_STEP][PASSED] - switch (executionProfile): null

2024-05-15 23:37:24 - [TEST_STEP][PASSED] - case "QA2Profile":: null

2024-05-15 23:37:24 - [TEST_STEP][PASSED] - appID = findTestData(dataFile).getValue("AppIDQA", row): null

2024-05-15 23:37:24 - [TEST_STEP][PASSED] - username = findTestData(dataFile).getValue("UsernameQA", row): null

2024-05-15 23:37:24 - [TEST_STEP][PASSED] - password = findTestData(dataFile).getValue("PasswordQA", row): null

2024-05-15 23:37:24 - [TEST_STEP][PASSED] - break: null

2024-05-15 23:37:24 - [TEST_STEP][PASSED] - if (ExecuteTC.equalsIgnoreCase("Y")): null

2024-05-15 23:37:24 - [TEST_STEP][PASSED] - out.println("Begin Record Number: " + row): null

2024-05-15 23:37:24 - [TEST_STEP][PASSED] - today = new java.util.Date(): null

2024-05-15 23:37:24 - [TEST_STEP][PASSED] - println(today): null

2024-05-15 23:37:24 - [TEST_STEP][PASSED] - datText = today: null

2024-05-15 23:37:24 - [TEST_STEP][PASSED] - category = findTestData(dataFile).getValue("Category", row): null

2024-05-15 23:37:24 - [TEST_STEP][PASSED] - amount = findTestData(dataFile).getValue("Amount", row): null

2024-05-15 23:37:24 - [TEST_STEP][PASSED] - cardNumber = findTestData(dataFile).getValue("CardNumber", row): null

2024-05-15 23:37:25 - [TEST_STEP][PASSED] - exM = findTestData(dataFile).getValue("ExM", row): null

2024-05-15 23:37:25 - [TEST_STEP][PASSED] - exY = findTestData(dataFile).getValue("ExY", row): null

2024-05-15 23:37:25 - [TEST_STEP][PASSED] - openBrowser(VLinkURL + "authcap.html"): Browser is opened with url: 'https://dev-algorithm.govolution.com/vlinktest/QA2/version_2_0/authcap.html'

2024-05-15 23:37:25 - [MESSAGE][WARNING] - A browser is already opened. Closing browser and opening a new one

2024-05-15 23:37:26 - [MESSAGE][INFO] - Starting 'Chrome' driver

2024-05-15 23:37:26 - [MESSAGE][INFO] - User set preference: ['acceptInsecureCerts', 'true']

2024-05-15 23:37:26 - [MESSAGE][INFO] - Action delay is set to 0 milliseconds

2024-05-15 23:37:28 - [MESSAGE][PASSED] - Browser is opened with url: 'https://dev-algorithm.govolution.com/vlinktest/QA2/version_2_0/authcap.html'

2024-05-15 23:37:28 - [TEST_STEP][PASSED] - maximizeWindow(): Current window maximized

2024-05-15 23:37:29 - [MESSAGE][PASSED] - Current window maximized

2024-05-15 23:37:29 - [TEST_STEP][PASSED] - maximizeWindow(): Current window maximized

2024-05-15 23:37:29 - [MESSAGE][PASSED] - Current window maximized

2024-05-15 23:37:29 - [TEST_STEP][PASSED] - genRemID = RandomStringUtils.random(12, true, true): null

2024-05-15 23:37:29 - [TEST_STEP][PASSED] - setText(findTestObject("Object Repository/RecAndPlayBk/Page-Vlink-Sale/input_Remittance Id_remittance_id"), genRemID): Text 'uDIGPTR7wX4g' is set on object 'Object Repository/RecAndPlayBk/Page-Vlink-Sale/input_Remittance Id_remittance_id'

2024-05-15 23:37:29 - [MESSAGE][PASSED] - Text 'uDIGPTR7wX4g' is set on object 'Object Repository/RecAndPlayBk/Page-Vlink-Sale/input_Remittance Id_remittance_id'

2024-05-15 23:37:29 - [TEST_STEP][PASSED] - setText(findTestObject("Object Repository/RecAndPlayBk/Page-Vlink-Sale/input_Application Id_application_id"), appID): Text '234' is set on object 'Object Repository/RecAndPlayBk/Page-Vlink-Sale/input_Application Id_application_id'

2024-05-15 23:37:30 - [MESSAGE][PASSED] - Text '234' is set on object 'Object Repository/RecAndPlayBk/Page-Vlink-Sale/input_Application Id_application_id'

2024-05-15 23:37:30 - [TEST_STEP][PASSED] - setText(findTestObject("Object Repository/RecAndPlayBk/Page-Vlink-Sale/input_Username_username"), username): Text 'username' is set on object 'Object Repository/RecAndPlayBk/Page-Vlink-Sale/input_Username_username'

2024-05-15 23:37:31 - [MESSAGE][PASSED] - Text 'username' is set on object 'Object Repository/RecAndPlayBk/Page-Vlink-Sale/input_Username_username'

2024-05-15 23:37:31 - [TEST_STEP][PASSED] - setText(findTestObject("Object Repository/RecAndPlayBk/Page-Vlink-Sale/input_Password_password"), password): Text 'password' is set on object 'Object Repository/RecAndPlayBk/Page-Vlink-Sale/input_Password_password'

2024-05-15 23:37:31 - [MESSAGE][PASSED] - Text 'password' is set on object 'Object Repository/RecAndPlayBk/Page-Vlink-Sale/input_Password_password'

2024-05-15 23:37:31 - [TEST_STEP][PASSED] - setText(findTestObject("Object Repository/RecAndPlayBk/Page-Vlink-Sale/input_Category_category"), category): Text 'ECOM' is set on object 'Object Repository/RecAndPlayBk/Page-Vlink-Sale/input_Category_category'

2024-05-15 23:37:32 - [MESSAGE][PASSED] - Text 'ECOM' is set on object 'Object Repository/RecAndPlayBk/Page-Vlink-Sale/input_Category_category'

2024-05-15 23:37:32 - [TEST_STEP][PASSED] - setText(findTestObject("Object Repository/RecAndPlayBk/Page-Vlink-Sale/input_Amount_amount"), amount): Text '10.5' is set on object 'Object Repository/RecAndPlayBk/Page-Vlink-Sale/input_Amount_amount'

2024-05-15 23:37:32 - [MESSAGE][PASSED] - Text '10.5' is set on object 'Object Repository/RecAndPlayBk/Page-Vlink-Sale/input_Amount_amount'

2024-05-15 23:37:32 - [TEST_STEP][PASSED] - doubleClick(findTestObject("Object Repository/RecAndPlayBk/Page-Vlink-Sale/input_Card number_card_number")): Object: 'Object Repository/RecAndPlayBk/Page-Vlink-Sale/input_Card number_card_number' is double clicked on

2024-05-15 23:37:33 - [MESSAGE][PASSED] - Object: 'Object Repository/RecAndPlayBk/Page-Vlink-Sale/input_Card number_card_number' is double clicked on

2024-05-15 23:37:33 - [TEST_STEP][PASSED] - setText(findTestObject("Object Repository/RecAndPlayBk/Page-Vlink-Sale/input_Card number_card_number"), cardNumber): Text '4111111111111111' is set on object 'Object Repository/RecAndPlayBk/Page-Vlink-Sale/input_Card number_card_number'

2024-05-15 23:37:34 - [MESSAGE][PASSED] - Text '4111111111111111' is set on object 'Object Repository/RecAndPlayBk/Page-Vlink-Sale/input_Card number_card_number'

2024-05-15 23:37:34 - [TEST_STEP][PASSED] - setText(findTestObject("Object Repository/RecAndPlayBk/Page-Vlink-Sale/input_Card ex month_card_exmo"), exM): Text '12' is set on object 'Object Repository/RecAndPlayBk/Page-Vlink-Sale/input_Card ex month_card_exmo'

2024-05-15 23:37:34 - [MESSAGE][PASSED] - Text '12' is set on object 'Object Repository/RecAndPlayBk/Page-Vlink-Sale/input_Card ex month_card_exmo'

2024-05-15 23:37:34 - [TEST_STEP][PASSED] - setText(findTestObject("Object Repository/RecAndPlayBk/Page-Vlink-Sale/input_Card ex year_card_exyr"), exY): Text '2029' is set on object 'Object Repository/RecAndPlayBk/Page-Vlink-Sale/input_Card ex year_card_exyr'

2024-05-15 23:37:35 - [MESSAGE][PASSED] - Text '2029' is set on object 'Object Repository/RecAndPlayBk/Page-Vlink-Sale/input_Card ex year_card_exyr'

2024-05-15 23:37:35 - [TEST_STEP][PASSED] - click(findTestObject("Object Repository/RecAndPlayBk/Page-Vlink-Sale/input_Track Data_track_data")): Object: 'Object Repository/RecAndPlayBk/Page-Vlink-Sale/input_Track Data_track_data' is clicked on

2024-05-15 23:37:35 - [MESSAGE][PASSED] - Object: 'Object Repository/RecAndPlayBk/Page-Vlink-Sale/input_Track Data_track_data' is clicked on

2024-05-15 23:37:35 - [TEST_STEP][PASSED] - click(findTestObject("Object Repository/RecAndPlayBk/Page-Vlink-Sale/input_CVV state_cvv_state")): Object: 'Object Repository/RecAndPlayBk/Page-Vlink-Sale/input_CVV state_cvv_state' is clicked on

2024-05-15 23:37:36 - [MESSAGE][PASSED] - Object: 'Object Repository/RecAndPlayBk/Page-Vlink-Sale/input_CVV state_cvv_state' is clicked on

2024-05-15 23:37:36 - [TEST_STEP][PASSED] - setText(findTestObject("Object Repository/RecAndPlayBk/Page-Vlink-Sale/input_Track Data_track_data"), ""): Text '' is set on object 'Object Repository/RecAndPlayBk/Page-Vlink-Sale/input_Track Data_track_data'

2024-05-15 23:37:36 - [MESSAGE][PASSED] - Text '' is set on object 'Object Repository/RecAndPlayBk/Page-Vlink-Sale/input_Track Data_track_data'

2024-05-15 23:37:36 - [TEST_STEP][PASSED] - setText(findTestObject("Object Repository/RecAndPlayBk/Page-Vlink-Sale/input_concat(Cardholder, , s email)_email"), ""): Text '' is set on object 'Object Repository/RecAndPlayBk/Page-Vlink-Sale/input_concat(Cardholder, , s email)_email'

2024-05-15 23:37:37 - [MESSAGE][PASSED] - Text '' is set on object 'Object Repository/RecAndPlayBk/Page-Vlink-Sale/input_concat(Cardholder, , s email)_email'

2024-05-15 23:37:37 - [TEST_STEP][PASSED] - click(findTestObject("Object Repository/RecAndPlayBk/Page-Vlink-Sale/input_user_defined10_user_defined10")): Object: 'Object Repository/RecAndPlayBk/Page-Vlink-Sale/input_user_defined10_user_defined10' is clicked on

2024-05-15 23:37:37 - [MESSAGE][PASSED] - Object: 'Object Repository/RecAndPlayBk/Page-Vlink-Sale/input_user_defined10_user_defined10' is clicked on

2024-05-15 23:37:37 - [TEST_STEP][PASSED] - if (executionProfile.equalsIgnoreCase("QAProfile") || executionProfile.equalsIgnoreCase("DemoProfile")): null

2024-05-15 23:37:37 - [TEST_STEP][PASSED] - click(findTestObject("Object Repository/RecAndPlayBk/Page-Vlink-Sale/input")): Object: 'Object Repository/RecAndPlayBk/Page-Vlink-Sale/input' is clicked on

2024-05-15 23:37:38 - [MESSAGE][PASSED] - Object: 'Object Repository/RecAndPlayBk/Page-Vlink-Sale/input' is clicked on

2024-05-15 23:37:38 - [TEST_STEP][PASSED] - if (verifyTextPresent("Transaction approved, no errors", true)): null

2024-05-15 23:37:39 - [MESSAGE][PASSED] - Text 'Transaction approved, no errors' is present on page  using regular expression

2024-05-15 23:37:39 - [TEST_STEP][PASSED] - println("Transaction Approved, no errors text is present on the Confirmation page"): null

2024-05-15 23:37:39 - [TEST_STEP][PASSED] - sdfo = getText(findTestObject("Object Repository/Page_VLinkReceipt/pre_STX")): Text of object 'Object Repository/Page_VLinkReceipt/pre_STX' is: '<STX>uDIGPTR7wX4g                  12151606            0  Transaction approved, no errors                   0                                                                                  Y 440511943<ETX>'

2024-05-15 23:37:39 - [MESSAGE][PASSED] - Text of object 'Object Repository/Page_VLinkReceipt/pre_STX' is: '<STX>uDIGPTR7wX4g                  12151606            0  Transaction approved, no errors                   0                                                                                  Y 440511943<ETX>'

2024-05-15 23:37:39 - [TEST_STEP][PASSED] - out.println("sdfo: " + sdfo): null

2024-05-15 23:37:39 - [TEST_STEP][PASSED] - remID = substring(5, 35).trim(): null

2024-05-15 23:37:39 - [TEST_STEP][PASSED] - out.println("remID: " + remID): null

2024-05-15 23:37:39 - [TEST_STEP][PASSED] - traxID = substring(35, 55).trim(): null

2024-05-15 23:37:39 - [TEST_STEP][PASSED] - out.println("traxID: " + traxID): null

2024-05-15 23:37:39 - [TEST_STEP][PASSED] - VLinkSaleRemID = remID: null

2024-05-15 23:37:39 - [TEST_STEP][PASSED] - VLinkSaleTranxID = traxID: null

2024-05-15 23:37:39 - [TEST_STEP][PASSED] - openBrowser(VLinkURL + "CC_void.html"): Browser is opened with url: 'https://dev-algorithm.govolution.com/vlinktest/QA2/version_2_0/CC_void.html'

2024-05-15 23:37:39 - [MESSAGE][WARNING] - A browser is already opened. Closing browser and opening a new one

2024-05-15 23:37:41 - [MESSAGE][INFO] - Starting 'Chrome' driver

2024-05-15 23:37:41 - [MESSAGE][INFO] - User set preference: ['acceptInsecureCerts', 'true']

2024-05-15 23:37:41 - [MESSAGE][INFO] - Action delay is set to 0 milliseconds

2024-05-15 23:37:43 - [MESSAGE][PASSED] - Browser is opened with url: 'https://dev-algorithm.govolution.com/vlinktest/QA2/version_2_0/CC_void.html'

2024-05-15 23:37:43 - [TEST_STEP][PASSED] - maximizeWindow(): Current window maximized

2024-05-15 23:37:43 - [MESSAGE][PASSED] - Current window maximized

2024-05-15 23:37:43 - [TEST_STEP][PASSED] - setText(findTestObject("Object Repository/RecAndPlayBk/Page-Vlink-CC-Void/txt_RemID"), VLinkSaleRemID): Text 'uDIGPTR7wX4g' is set on object 'Object Repository/RecAndPlayBk/Page-Vlink-CC-Void/txt_RemID'

2024-05-15 23:37:44 - [MESSAGE][PASSED] - Text 'uDIGPTR7wX4g' is set on object 'Object Repository/RecAndPlayBk/Page-Vlink-CC-Void/txt_RemID'

2024-05-15 23:37:44 - [TEST_STEP][PASSED] - setText(findTestObject("Object Repository/RecAndPlayBk/Page-Vlink-CC-Void/txt_ApplicationID"), appID): Text '234' is set on object 'Object Repository/RecAndPlayBk/Page-Vlink-CC-Void/txt_ApplicationID'

2024-05-15 23:37:44 - [MESSAGE][PASSED] - Text '234' is set on object 'Object Repository/RecAndPlayBk/Page-Vlink-CC-Void/txt_ApplicationID'

2024-05-15 23:37:44 - [TEST_STEP][PASSED] - setText(findTestObject("Object Repository/RecAndPlayBk/Page-Vlink-CC-Void/txt_Username"), username): Text 'username' is set on object 'Object Repository/RecAndPlayBk/Page-Vlink-CC-Void/txt_Username'

2024-05-15 23:37:45 - [MESSAGE][PASSED] - Text 'username' is set on object 'Object Repository/RecAndPlayBk/Page-Vlink-CC-Void/txt_Username'

2024-05-15 23:37:45 - [TEST_STEP][PASSED] - setText(findTestObject("Object Repository/RecAndPlayBk/Page-Vlink-CC-Void/txt_Password"), password): Text 'password' is set on object 'Object Repository/RecAndPlayBk/Page-Vlink-CC-Void/txt_Password'

2024-05-15 23:37:45 - [MESSAGE][PASSED] - Text 'password' is set on object 'Object Repository/RecAndPlayBk/Page-Vlink-CC-Void/txt_Password'

2024-05-15 23:37:45 - [TEST_STEP][PASSED] - setText(findTestObject("Object Repository/RecAndPlayBk/Page-Vlink-CC-Void/txt_TransactionID"), VLinkSaleTranxID): Text '12151606' is set on object 'Object Repository/RecAndPlayBk/Page-Vlink-CC-Void/txt_TransactionID'

2024-05-15 23:37:46 - [MESSAGE][PASSED] - Text '12151606' is set on object 'Object Repository/RecAndPlayBk/Page-Vlink-CC-Void/txt_TransactionID'

2024-05-15 23:37:46 - [TEST_STEP][PASSED] - setText(findTestObject("Object Repository/RecAndPlayBk/Page-Vlink-CC-Void/txt_OriginalTransactionType"), "104"): Text '104' is set on object 'Object Repository/RecAndPlayBk/Page-Vlink-CC-Void/txt_OriginalTransactionType'

2024-05-15 23:37:47 - [MESSAGE][PASSED] - Text '104' is set on object 'Object Repository/RecAndPlayBk/Page-Vlink-CC-Void/txt_OriginalTransactionType'

2024-05-15 23:37:47 - [TEST_STEP][PASSED] - setText(findTestObject("Object Repository/RecAndPlayBk/Page-Vlink-CC-Void/txt_TrackData"), ""): Text '' is set on object 'Object Repository/RecAndPlayBk/Page-Vlink-CC-Void/txt_TrackData'

2024-05-15 23:37:47 - [MESSAGE][PASSED] - Text '' is set on object 'Object Repository/RecAndPlayBk/Page-Vlink-CC-Void/txt_TrackData'

2024-05-15 23:37:47 - [TEST_STEP][PASSED] - click(findTestObject("Object Repository/RecAndPlayBk/Page-Vlink-CC-Void/btn_ProcessVLinkTransaction")): Object: 'Object Repository/RecAndPlayBk/Page-Vlink-CC-Void/btn_ProcessVLinkTransaction' is clicked on

2024-05-15 23:37:49 - [MESSAGE][PASSED] - Object: 'Object Repository/RecAndPlayBk/Page-Vlink-CC-Void/btn_ProcessVLinkTransaction' is clicked on

2024-05-15 23:37:49 - [TEST_STEP][PASSED] - if (verifyTextPresent("Transaction approved, no errors", true)): null

2024-05-15 23:37:49 - [MESSAGE][PASSED] - Text 'Transaction approved, no errors' is present on page  using regular expression

2024-05-15 23:37:49 - [TEST_STEP][PASSED] - println("Transaction Approved, no errors text is present on the Confirmation page"): null

2024-05-15 23:37:49 - [TEST_STEP][PASSED] - out.println("Pass Record Number: " + row): null

2024-05-15 23:37:49 - [TEST_STEP][PASSED] - resText = "Pass": null

2024-05-15 23:37:49 - [TEST_STEP][PASSED] - pages.WriteExcel.demoKey(resText, datText, resColumn, datCloumn, fileLoc, nameSheet, row): pages.WriteExcel.demoKey is PASSED

2024-05-15 23:37:49 - [MESSAGE][PASSED] - pages.WriteExcel.demoKey is PASSED

2024-05-15 23:37:49 - [TEST_STEP][PASSED] - ExecuteTC = findTestData(dataFile).getValue("Execute", row): null

2024-05-15 23:37:49 - [TEST_STEP][PASSED] - out.println("Value of Execute is : " + ExecuteTC): null

2024-05-15 23:37:49 - [TEST_STEP][PASSED] - switch (executionProfile): null

2024-05-15 23:37:49 - [TEST_STEP][PASSED] - case "QA2Profile":: null

2024-05-15 23:37:49 - [TEST_STEP][PASSED] - appID = findTestData(dataFile).getValue("AppIDQA", row): null

2024-05-15 23:37:49 - [TEST_STEP][PASSED] - username = findTestData(dataFile).getValue("UsernameQA", row): null

2024-05-15 23:37:49 - [TEST_STEP][PASSED] - password = findTestData(dataFile).getValue("PasswordQA", row): null

2024-05-15 23:37:49 - [TEST_STEP][PASSED] - break: null

2024-05-15 23:37:49 - [TEST_STEP][PASSED] - if (ExecuteTC.equalsIgnoreCase("Y")): null

2024-05-15 23:37:49 - [TEST_STEP][PASSED] - out.println("Begin Record Number: " + row): null

2024-05-15 23:37:49 - [TEST_STEP][PASSED] - today = new java.util.Date(): null

2024-05-15 23:37:49 - [TEST_STEP][PASSED] - println(today): null

2024-05-15 23:37:49 - [TEST_STEP][PASSED] - datText = today: null

2024-05-15 23:37:49 - [TEST_STEP][PASSED] - category = findTestData(dataFile).getValue("Category", row): null

2024-05-15 23:37:49 - [TEST_STEP][PASSED] - amount = findTestData(dataFile).getValue("Amount", row): null

2024-05-15 23:37:50 - [TEST_STEP][PASSED] - cardNumber = findTestData(dataFile).getValue("CardNumber", row): null

2024-05-15 23:37:50 - [TEST_STEP][PASSED] - exM = findTestData(dataFile).getValue("ExM", row): null

2024-05-15 23:37:50 - [TEST_STEP][PASSED] - exY = findTestData(dataFile).getValue("ExY", row): null

2024-05-15 23:37:50 - [TEST_STEP][PASSED] - openBrowser(VLinkURL + "authcap.html"): Browser is opened with url: 'https://dev-algorithm.govolution.com/vlinktest/QA2/version_2_0/authcap.html'

2024-05-15 23:37:50 - [MESSAGE][WARNING] - A browser is already opened. Closing browser and opening a new one

2024-05-15 23:37:51 - [MESSAGE][INFO] - Starting 'Chrome' driver

2024-05-15 23:37:51 - [MESSAGE][INFO] - User set preference: ['acceptInsecureCerts', 'true']

2024-05-15 23:37:51 - [MESSAGE][INFO] - Action delay is set to 0 milliseconds

2024-05-15 23:37:53 - [MESSAGE][PASSED] - Browser is opened with url: 'https://dev-algorithm.govolution.com/vlinktest/QA2/version_2_0/authcap.html'

2024-05-15 23:37:53 - [TEST_STEP][PASSED] - maximizeWindow(): Current window maximized

2024-05-15 23:37:53 - [MESSAGE][PASSED] - Current window maximized

2024-05-15 23:37:53 - [TEST_STEP][PASSED] - maximizeWindow(): Current window maximized

2024-05-15 23:37:53 - [MESSAGE][PASSED] - Current window maximized

2024-05-15 23:37:53 - [TEST_STEP][PASSED] - genRemID = RandomStringUtils.random(12, true, true): null

2024-05-15 23:37:53 - [TEST_STEP][PASSED] - setText(findTestObject("Object Repository/RecAndPlayBk/Page-Vlink-Sale/input_Remittance Id_remittance_id"), genRemID): Text 'x6ra1Uqvb4KY' is set on object 'Object Repository/RecAndPlayBk/Page-Vlink-Sale/input_Remittance Id_remittance_id'

2024-05-15 23:37:54 - [MESSAGE][PASSED] - Text 'x6ra1Uqvb4KY' is set on object 'Object Repository/RecAndPlayBk/Page-Vlink-Sale/input_Remittance Id_remittance_id'

2024-05-15 23:37:54 - [TEST_STEP][PASSED] - setText(findTestObject("Object Repository/RecAndPlayBk/Page-Vlink-Sale/input_Application Id_application_id"), appID): Text '234' is set on object 'Object Repository/RecAndPlayBk/Page-Vlink-Sale/input_Application Id_application_id'

2024-05-15 23:37:55 - [MESSAGE][PASSED] - Text '234' is set on object 'Object Repository/RecAndPlayBk/Page-Vlink-Sale/input_Application Id_application_id'

2024-05-15 23:37:55 - [TEST_STEP][PASSED] - setText(findTestObject("Object Repository/RecAndPlayBk/Page-Vlink-Sale/input_Username_username"), username): Text 'username' is set on object 'Object Repository/RecAndPlayBk/Page-Vlink-Sale/input_Username_username'

2024-05-15 23:37:55 - [MESSAGE][PASSED] - Text 'username' is set on object 'Object Repository/RecAndPlayBk/Page-Vlink-Sale/input_Username_username'

2024-05-15 23:37:55 - [TEST_STEP][PASSED] - setText(findTestObject("Object Repository/RecAndPlayBk/Page-Vlink-Sale/input_Password_password"), password): Text 'password' is set on object 'Object Repository/RecAndPlayBk/Page-Vlink-Sale/input_Password_password'

2024-05-15 23:37:56 - [MESSAGE][PASSED] - Text 'password' is set on object 'Object Repository/RecAndPlayBk/Page-Vlink-Sale/input_Password_password'

2024-05-15 23:37:56 - [TEST_STEP][PASSED] - setText(findTestObject("Object Repository/RecAndPlayBk/Page-Vlink-Sale/input_Category_category"), category): Text 'MOTO' is set on object 'Object Repository/RecAndPlayBk/Page-Vlink-Sale/input_Category_category'

2024-05-15 23:37:57 - [MESSAGE][PASSED] - Text 'MOTO' is set on object 'Object Repository/RecAndPlayBk/Page-Vlink-Sale/input_Category_category'

2024-05-15 23:37:57 - [TEST_STEP][PASSED] - setText(findTestObject("Object Repository/RecAndPlayBk/Page-Vlink-Sale/input_Amount_amount"), amount): Text '10.5' is set on object 'Object Repository/RecAndPlayBk/Page-Vlink-Sale/input_Amount_amount'

2024-05-15 23:37:57 - [MESSAGE][PASSED] - Text '10.5' is set on object 'Object Repository/RecAndPlayBk/Page-Vlink-Sale/input_Amount_amount'

2024-05-15 23:37:57 - [TEST_STEP][PASSED] - doubleClick(findTestObject("Object Repository/RecAndPlayBk/Page-Vlink-Sale/input_Card number_card_number")): Object: 'Object Repository/RecAndPlayBk/Page-Vlink-Sale/input_Card number_card_number' is double clicked on

2024-05-15 23:37:58 - [MESSAGE][PASSED] - Object: 'Object Repository/RecAndPlayBk/Page-Vlink-Sale/input_Card number_card_number' is double clicked on

2024-05-15 23:37:58 - [TEST_STEP][PASSED] - setText(findTestObject("Object Repository/RecAndPlayBk/Page-Vlink-Sale/input_Card number_card_number"), cardNumber): Text '5424000000000015' is set on object 'Object Repository/RecAndPlayBk/Page-Vlink-Sale/input_Card number_card_number'

2024-05-15 23:37:58 - [MESSAGE][PASSED] - Text '5424000000000015' is set on object 'Object Repository/RecAndPlayBk/Page-Vlink-Sale/input_Card number_card_number'

2024-05-15 23:37:58 - [TEST_STEP][PASSED] - setText(findTestObject("Object Repository/RecAndPlayBk/Page-Vlink-Sale/input_Card ex month_card_exmo"), exM): Text '12' is set on object 'Object Repository/RecAndPlayBk/Page-Vlink-Sale/input_Card ex month_card_exmo'

2024-05-15 23:37:59 - [MESSAGE][PASSED] - Text '12' is set on object 'Object Repository/RecAndPlayBk/Page-Vlink-Sale/input_Card ex month_card_exmo'

2024-05-15 23:37:59 - [TEST_STEP][PASSED] - setText(findTestObject("Object Repository/RecAndPlayBk/Page-Vlink-Sale/input_Card ex year_card_exyr"), exY): Text '2029' is set on object 'Object Repository/RecAndPlayBk/Page-Vlink-Sale/input_Card ex year_card_exyr'

2024-05-15 23:38:00 - [MESSAGE][PASSED] - Text '2029' is set on object 'Object Repository/RecAndPlayBk/Page-Vlink-Sale/input_Card ex year_card_exyr'

2024-05-15 23:38:00 - [TEST_STEP][PASSED] - click(findTestObject("Object Repository/RecAndPlayBk/Page-Vlink-Sale/input_Track Data_track_data")): Object: 'Object Repository/RecAndPlayBk/Page-Vlink-Sale/input_Track Data_track_data' is clicked on

2024-05-15 23:38:00 - [MESSAGE][PASSED] - Object: 'Object Repository/RecAndPlayBk/Page-Vlink-Sale/input_Track Data_track_data' is clicked on

2024-05-15 23:38:00 - [TEST_STEP][PASSED] - click(findTestObject("Object Repository/RecAndPlayBk/Page-Vlink-Sale/input_CVV state_cvv_state")): Object: 'Object Repository/RecAndPlayBk/Page-Vlink-Sale/input_CVV state_cvv_state' is clicked on

2024-05-15 23:38:00 - [MESSAGE][PASSED] - Object: 'Object Repository/RecAndPlayBk/Page-Vlink-Sale/input_CVV state_cvv_state' is clicked on

2024-05-15 23:38:00 - [TEST_STEP][PASSED] - setText(findTestObject("Object Repository/RecAndPlayBk/Page-Vlink-Sale/input_Track Data_track_data"), ""): Text '' is set on object 'Object Repository/RecAndPlayBk/Page-Vlink-Sale/input_Track Data_track_data'

2024-05-15 23:38:01 - [MESSAGE][PASSED] - Text '' is set on object 'Object Repository/RecAndPlayBk/Page-Vlink-Sale/input_Track Data_track_data'

2024-05-15 23:38:01 - [TEST_STEP][PASSED] - setText(findTestObject("Object Repository/RecAndPlayBk/Page-Vlink-Sale/input_concat(Cardholder, , s email)_email"), ""): Text '' is set on object 'Object Repository/RecAndPlayBk/Page-Vlink-Sale/input_concat(Cardholder, , s email)_email'

2024-05-15 23:38:02 - [MESSAGE][PASSED] - Text '' is set on object 'Object Repository/RecAndPlayBk/Page-Vlink-Sale/input_concat(Cardholder, , s email)_email'

2024-05-15 23:38:02 - [TEST_STEP][PASSED] - click(findTestObject("Object Repository/RecAndPlayBk/Page-Vlink-Sale/input_user_defined10_user_defined10")): Object: 'Object Repository/RecAndPlayBk/Page-Vlink-Sale/input_user_defined10_user_defined10' is clicked on

2024-05-15 23:38:02 - [MESSAGE][PASSED] - Object: 'Object Repository/RecAndPlayBk/Page-Vlink-Sale/input_user_defined10_user_defined10' is clicked on

2024-05-15 23:38:02 - [TEST_STEP][PASSED] - if (executionProfile.equalsIgnoreCase("QAProfile") || executionProfile.equalsIgnoreCase("DemoProfile")): null

2024-05-15 23:38:02 - [TEST_STEP][PASSED] - click(findTestObject("Object Repository/RecAndPlayBk/Page-Vlink-Sale/input")): Object: 'Object Repository/RecAndPlayBk/Page-Vlink-Sale/input' is clicked on

2024-05-15 23:38:03 - [MESSAGE][PASSED] - Object: 'Object Repository/RecAndPlayBk/Page-Vlink-Sale/input' is clicked on

2024-05-15 23:38:03 - [TEST_STEP][PASSED] - if (verifyTextPresent("Transaction approved, no errors", true)): null

2024-05-15 23:38:03 - [MESSAGE][PASSED] - Text 'Transaction approved, no errors' is present on page  using regular expression

2024-05-15 23:38:03 - [TEST_STEP][PASSED] - println("Transaction Approved, no errors text is present on the Confirmation page"): null

2024-05-15 23:38:03 - [TEST_STEP][PASSED] - sdfo = getText(findTestObject("Object Repository/Page_VLinkReceipt/pre_STX")): Text of object 'Object Repository/Page_VLinkReceipt/pre_STX' is: '<STX>x6ra1Uqvb4KY                  12151608            0  Transaction approved, no errors                   0                                                                                  Y 590762072<ETX>'

2024-05-15 23:38:04 - [MESSAGE][PASSED] - Text of object 'Object Repository/Page_VLinkReceipt/pre_STX' is: '<STX>x6ra1Uqvb4KY                  12151608            0  Transaction approved, no errors                   0                                                                                  Y 590762072<ETX>'

2024-05-15 23:38:04 - [TEST_STEP][PASSED] - out.println("sdfo: " + sdfo): null

2024-05-15 23:38:04 - [TEST_STEP][PASSED] - remID = substring(5, 35).trim(): null

2024-05-15 23:38:04 - [TEST_STEP][PASSED] - out.println("remID: " + remID): null

2024-05-15 23:38:04 - [TEST_STEP][PASSED] - traxID = substring(35, 55).trim(): null

2024-05-15 23:38:04 - [TEST_STEP][PASSED] - out.println("traxID: " + traxID): null

2024-05-15 23:38:04 - [TEST_STEP][PASSED] - VLinkSaleRemID = remID: null

2024-05-15 23:38:04 - [TEST_STEP][PASSED] - VLinkSaleTranxID = traxID: null

2024-05-15 23:38:04 - [TEST_STEP][PASSED] - openBrowser(VLinkURL + "CC_void.html"): Browser is opened with url: 'https://dev-algorithm.govolution.com/vlinktest/QA2/version_2_0/CC_void.html'

2024-05-15 23:38:04 - [MESSAGE][WARNING] - A browser is already opened. Closing browser and opening a new one

2024-05-15 23:38:05 - [MESSAGE][INFO] - Starting 'Chrome' driver

2024-05-15 23:38:05 - [MESSAGE][INFO] - User set preference: ['acceptInsecureCerts', 'true']

2024-05-15 23:38:05 - [MESSAGE][INFO] - Action delay is set to 0 milliseconds

2024-05-15 23:38:07 - [MESSAGE][PASSED] - Browser is opened with url: 'https://dev-algorithm.govolution.com/vlinktest/QA2/version_2_0/CC_void.html'

2024-05-15 23:38:07 - [TEST_STEP][PASSED] - maximizeWindow(): Current window maximized

2024-05-15 23:38:07 - [MESSAGE][PASSED] - Current window maximized

2024-05-15 23:38:08 - [TEST_STEP][PASSED] - setText(findTestObject("Object Repository/RecAndPlayBk/Page-Vlink-CC-Void/txt_RemID"), VLinkSaleRemID): Text 'x6ra1Uqvb4KY' is set on object 'Object Repository/RecAndPlayBk/Page-Vlink-CC-Void/txt_RemID'

2024-05-15 23:38:08 - [MESSAGE][PASSED] - Text 'x6ra1Uqvb4KY' is set on object 'Object Repository/RecAndPlayBk/Page-Vlink-CC-Void/txt_RemID'

2024-05-15 23:38:08 - [TEST_STEP][PASSED] - setText(findTestObject("Object Repository/RecAndPlayBk/Page-Vlink-CC-Void/txt_ApplicationID"), appID): Text '234' is set on object 'Object Repository/RecAndPlayBk/Page-Vlink-CC-Void/txt_ApplicationID'

2024-05-15 23:38:09 - [MESSAGE][PASSED] - Text '234' is set on object 'Object Repository/RecAndPlayBk/Page-Vlink-CC-Void/txt_ApplicationID'

2024-05-15 23:38:09 - [TEST_STEP][PASSED] - setText(findTestObject("Object Repository/RecAndPlayBk/Page-Vlink-CC-Void/txt_Username"), username): Text 'username' is set on object 'Object Repository/RecAndPlayBk/Page-Vlink-CC-Void/txt_Username'

2024-05-15 23:38:09 - [MESSAGE][PASSED] - Text 'username' is set on object 'Object Repository/RecAndPlayBk/Page-Vlink-CC-Void/txt_Username'

2024-05-15 23:38:09 - [TEST_STEP][PASSED] - setText(findTestObject("Object Repository/RecAndPlayBk/Page-Vlink-CC-Void/txt_Password"), password): Text 'password' is set on object 'Object Repository/RecAndPlayBk/Page-Vlink-CC-Void/txt_Password'

2024-05-15 23:38:10 - [MESSAGE][PASSED] - Text 'password' is set on object 'Object Repository/RecAndPlayBk/Page-Vlink-CC-Void/txt_Password'

2024-05-15 23:38:10 - [TEST_STEP][PASSED] - setText(findTestObject("Object Repository/RecAndPlayBk/Page-Vlink-CC-Void/txt_TransactionID"), VLinkSaleTranxID): Text '12151608' is set on object 'Object Repository/RecAndPlayBk/Page-Vlink-CC-Void/txt_TransactionID'

2024-05-15 23:38:11 - [MESSAGE][PASSED] - Text '12151608' is set on object 'Object Repository/RecAndPlayBk/Page-Vlink-CC-Void/txt_TransactionID'

2024-05-15 23:38:11 - [TEST_STEP][PASSED] - setText(findTestObject("Object Repository/RecAndPlayBk/Page-Vlink-CC-Void/txt_OriginalTransactionType"), "104"): Text '104' is set on object 'Object Repository/RecAndPlayBk/Page-Vlink-CC-Void/txt_OriginalTransactionType'

2024-05-15 23:38:11 - [MESSAGE][PASSED] - Text '104' is set on object 'Object Repository/RecAndPlayBk/Page-Vlink-CC-Void/txt_OriginalTransactionType'

2024-05-15 23:38:11 - [TEST_STEP][PASSED] - setText(findTestObject("Object Repository/RecAndPlayBk/Page-Vlink-CC-Void/txt_TrackData"), ""): Text '' is set on object 'Object Repository/RecAndPlayBk/Page-Vlink-CC-Void/txt_TrackData'

2024-05-15 23:38:12 - [MESSAGE][PASSED] - Text '' is set on object 'Object Repository/RecAndPlayBk/Page-Vlink-CC-Void/txt_TrackData'

2024-05-15 23:38:12 - [TEST_STEP][PASSED] - click(findTestObject("Object Repository/RecAndPlayBk/Page-Vlink-CC-Void/btn_ProcessVLinkTransaction")): Object: 'Object Repository/RecAndPlayBk/Page-Vlink-CC-Void/btn_ProcessVLinkTransaction' is clicked on

2024-05-15 23:38:13 - [MESSAGE][PASSED] - Object: 'Object Repository/RecAndPlayBk/Page-Vlink-CC-Void/btn_ProcessVLinkTransaction' is clicked on

2024-05-15 23:38:13 - [TEST_STEP][PASSED] - if (verifyTextPresent("Transaction approved, no errors", true)): null

2024-05-15 23:38:13 - [MESSAGE][PASSED] - Text 'Transaction approved, no errors' is present on page  using regular expression

2024-05-15 23:38:13 - [TEST_STEP][PASSED] - println("Transaction Approved, no errors text is present on the Confirmation page"): null

2024-05-15 23:38:13 - [TEST_STEP][PASSED] - out.println("Pass Record Number: " + row): null

2024-05-15 23:38:13 - [TEST_STEP][PASSED] - resText = "Pass": null

2024-05-15 23:38:13 - [TEST_STEP][PASSED] - pages.WriteExcel.demoKey(resText, datText, resColumn, datCloumn, fileLoc, nameSheet, row): pages.WriteExcel.demoKey is PASSED

2024-05-15 23:38:14 - [MESSAGE][PASSED] - pages.WriteExcel.demoKey is PASSED

2024-05-15 23:38:14 - [TEST_STEP][PASSED] - ExecuteTC = findTestData(dataFile).getValue("Execute", row): null

2024-05-15 23:38:14 - [TEST_STEP][PASSED] - out.println("Value of Execute is : " + ExecuteTC): null

2024-05-15 23:38:14 - [TEST_STEP][PASSED] - switch (executionProfile): null

2024-05-15 23:38:14 - [TEST_STEP][PASSED] - case "QA2Profile":: null

2024-05-15 23:38:14 - [TEST_STEP][PASSED] - appID = findTestData(dataFile).getValue("AppIDQA", row): null

2024-05-15 23:38:14 - [TEST_STEP][PASSED] - username = findTestData(dataFile).getValue("UsernameQA", row): null

2024-05-15 23:38:14 - [TEST_STEP][PASSED] - password = findTestData(dataFile).getValue("PasswordQA", row): null

2024-05-15 23:38:14 - [TEST_STEP][PASSED] - break: null

2024-05-15 23:38:14 - [TEST_STEP][PASSED] - if (ExecuteTC.equalsIgnoreCase("Y")): null

2024-05-15 23:38:14 - [TEST_STEP][PASSED] - out.println("Begin Record Number: " + row): null

2024-05-15 23:38:14 - [TEST_STEP][PASSED] - today = new java.util.Date(): null

2024-05-15 23:38:14 - [TEST_STEP][PASSED] - println(today): null

2024-05-15 23:38:14 - [TEST_STEP][PASSED] - datText = today: null

2024-05-15 23:38:14 - [TEST_STEP][PASSED] - category = findTestData(dataFile).getValue("Category", row): null

2024-05-15 23:38:14 - [TEST_STEP][PASSED] - amount = findTestData(dataFile).getValue("Amount", row): null

2024-05-15 23:38:14 - [TEST_STEP][PASSED] - cardNumber = findTestData(dataFile).getValue("CardNumber", row): null

2024-05-15 23:38:14 - [TEST_STEP][PASSED] - exM = findTestData(dataFile).getValue("ExM", row): null

2024-05-15 23:38:14 - [TEST_STEP][PASSED] - exY = findTestData(dataFile).getValue("ExY", row): null

2024-05-15 23:38:14 - [TEST_STEP][PASSED] - openBrowser(VLinkURL + "authcap.html"): Browser is opened with url: 'https://dev-algorithm.govolution.com/vlinktest/QA2/version_2_0/authcap.html'

2024-05-15 23:38:14 - [MESSAGE][WARNING] - A browser is already opened. Closing browser and opening a new one

2024-05-15 23:38:16 - [MESSAGE][INFO] - Starting 'Chrome' driver

2024-05-15 23:38:16 - [MESSAGE][INFO] - User set preference: ['acceptInsecureCerts', 'true']

2024-05-15 23:38:16 - [MESSAGE][INFO] - Action delay is set to 0 milliseconds

2024-05-15 23:38:18 - [MESSAGE][PASSED] - Browser is opened with url: 'https://dev-algorithm.govolution.com/vlinktest/QA2/version_2_0/authcap.html'

2024-05-15 23:38:18 - [TEST_STEP][PASSED] - maximizeWindow(): Current window maximized

2024-05-15 23:38:18 - [MESSAGE][PASSED] - Current window maximized

2024-05-15 23:38:18 - [TEST_STEP][PASSED] - maximizeWindow(): Current window maximized

2024-05-15 23:38:18 - [MESSAGE][PASSED] - Current window maximized

2024-05-15 23:38:18 - [TEST_STEP][PASSED] - genRemID = RandomStringUtils.random(12, true, true): null

2024-05-15 23:38:18 - [TEST_STEP][PASSED] - setText(findTestObject("Object Repository/RecAndPlayBk/Page-Vlink-Sale/input_Remittance Id_remittance_id"), genRemID): Text 'ufZ0hsgojVZc' is set on object 'Object Repository/RecAndPlayBk/Page-Vlink-Sale/input_Remittance Id_remittance_id'

2024-05-15 23:38:19 - [MESSAGE][PASSED] - Text 'ufZ0hsgojVZc' is set on object 'Object Repository/RecAndPlayBk/Page-Vlink-Sale/input_Remittance Id_remittance_id'

2024-05-15 23:38:19 - [TEST_STEP][PASSED] - setText(findTestObject("Object Repository/RecAndPlayBk/Page-Vlink-Sale/input_Application Id_application_id"), appID): Text '234' is set on object 'Object Repository/RecAndPlayBk/Page-Vlink-Sale/input_Application Id_application_id'

2024-05-15 23:38:20 - [MESSAGE][PASSED] - Text '234' is set on object 'Object Repository/RecAndPlayBk/Page-Vlink-Sale/input_Application Id_application_id'

2024-05-15 23:38:20 - [TEST_STEP][PASSED] - setText(findTestObject("Object Repository/RecAndPlayBk/Page-Vlink-Sale/input_Username_username"), username): Text 'username' is set on object 'Object Repository/RecAndPlayBk/Page-Vlink-Sale/input_Username_username'

2024-05-15 23:38:20 - [MESSAGE][PASSED] - Text 'username' is set on object 'Object Repository/RecAndPlayBk/Page-Vlink-Sale/input_Username_username'

2024-05-15 23:38:20 - [TEST_STEP][PASSED] - setText(findTestObject("Object Repository/RecAndPlayBk/Page-Vlink-Sale/input_Password_password"), password): Text 'password' is set on object 'Object Repository/RecAndPlayBk/Page-Vlink-Sale/input_Password_password'

2024-05-15 23:38:21 - [MESSAGE][PASSED] - Text 'password' is set on object 'Object Repository/RecAndPlayBk/Page-Vlink-Sale/input_Password_password'

2024-05-15 23:38:21 - [TEST_STEP][PASSED] - setText(findTestObject("Object Repository/RecAndPlayBk/Page-Vlink-Sale/input_Category_category"), category): Text 'RETL' is set on object 'Object Repository/RecAndPlayBk/Page-Vlink-Sale/input_Category_category'

2024-05-15 23:38:22 - [MESSAGE][PASSED] - Text 'RETL' is set on object 'Object Repository/RecAndPlayBk/Page-Vlink-Sale/input_Category_category'

2024-05-15 23:38:22 - [TEST_STEP][PASSED] - setText(findTestObject("Object Repository/RecAndPlayBk/Page-Vlink-Sale/input_Amount_amount"), amount): Text '10.5' is set on object 'Object Repository/RecAndPlayBk/Page-Vlink-Sale/input_Amount_amount'

2024-05-15 23:38:22 - [MESSAGE][PASSED] - Text '10.5' is set on object 'Object Repository/RecAndPlayBk/Page-Vlink-Sale/input_Amount_amount'

2024-05-15 23:38:22 - [TEST_STEP][PASSED] - doubleClick(findTestObject("Object Repository/RecAndPlayBk/Page-Vlink-Sale/input_Card number_card_number")): Object: 'Object Repository/RecAndPlayBk/Page-Vlink-Sale/input_Card number_card_number' is double clicked on

2024-05-15 23:38:23 - [MESSAGE][PASSED] - Object: 'Object Repository/RecAndPlayBk/Page-Vlink-Sale/input_Card number_card_number' is double clicked on

2024-05-15 23:38:23 - [TEST_STEP][PASSED] - setText(findTestObject("Object Repository/RecAndPlayBk/Page-Vlink-Sale/input_Card number_card_number"), cardNumber): Text '370000000000002' is set on object 'Object Repository/RecAndPlayBk/Page-Vlink-Sale/input_Card number_card_number'

2024-05-15 23:38:23 - [MESSAGE][PASSED] - Text '370000000000002' is set on object 'Object Repository/RecAndPlayBk/Page-Vlink-Sale/input_Card number_card_number'

2024-05-15 23:38:23 - [TEST_STEP][PASSED] - setText(findTestObject("Object Repository/RecAndPlayBk/Page-Vlink-Sale/input_Card ex month_card_exmo"), exM): Text '12' is set on object 'Object Repository/RecAndPlayBk/Page-Vlink-Sale/input_Card ex month_card_exmo'

2024-05-15 23:38:24 - [MESSAGE][PASSED] - Text '12' is set on object 'Object Repository/RecAndPlayBk/Page-Vlink-Sale/input_Card ex month_card_exmo'

2024-05-15 23:38:24 - [TEST_STEP][PASSED] - setText(findTestObject("Object Repository/RecAndPlayBk/Page-Vlink-Sale/input_Card ex year_card_exyr"), exY): Text '2029' is set on object 'Object Repository/RecAndPlayBk/Page-Vlink-Sale/input_Card ex year_card_exyr'

2024-05-15 23:38:25 - [MESSAGE][PASSED] - Text '2029' is set on object 'Object Repository/RecAndPlayBk/Page-Vlink-Sale/input_Card ex year_card_exyr'

2024-05-15 23:38:25 - [TEST_STEP][PASSED] - click(findTestObject("Object Repository/RecAndPlayBk/Page-Vlink-Sale/input_Track Data_track_data")): Object: 'Object Repository/RecAndPlayBk/Page-Vlink-Sale/input_Track Data_track_data' is clicked on

2024-05-15 23:38:25 - [MESSAGE][PASSED] - Object: 'Object Repository/RecAndPlayBk/Page-Vlink-Sale/input_Track Data_track_data' is clicked on

2024-05-15 23:38:25 - [TEST_STEP][PASSED] - click(findTestObject("Object Repository/RecAndPlayBk/Page-Vlink-Sale/input_CVV state_cvv_state")): Object: 'Object Repository/RecAndPlayBk/Page-Vlink-Sale/input_CVV state_cvv_state' is clicked on

2024-05-15 23:38:25 - [MESSAGE][PASSED] - Object: 'Object Repository/RecAndPlayBk/Page-Vlink-Sale/input_CVV state_cvv_state' is clicked on

2024-05-15 23:38:25 - [TEST_STEP][PASSED] - setText(findTestObject("Object Repository/RecAndPlayBk/Page-Vlink-Sale/input_Track Data_track_data"), ""): Text '' is set on object 'Object Repository/RecAndPlayBk/Page-Vlink-Sale/input_Track Data_track_data'

2024-05-15 23:38:26 - [MESSAGE][PASSED] - Text '' is set on object 'Object Repository/RecAndPlayBk/Page-Vlink-Sale/input_Track Data_track_data'

2024-05-15 23:38:26 - [TEST_STEP][PASSED] - setText(findTestObject("Object Repository/RecAndPlayBk/Page-Vlink-Sale/input_concat(Cardholder, , s email)_email"), ""): Text '' is set on object 'Object Repository/RecAndPlayBk/Page-Vlink-Sale/input_concat(Cardholder, , s email)_email'

2024-05-15 23:38:27 - [MESSAGE][PASSED] - Text '' is set on object 'Object Repository/RecAndPlayBk/Page-Vlink-Sale/input_concat(Cardholder, , s email)_email'

2024-05-15 23:38:27 - [TEST_STEP][PASSED] - click(findTestObject("Object Repository/RecAndPlayBk/Page-Vlink-Sale/input_user_defined10_user_defined10")): Object: 'Object Repository/RecAndPlayBk/Page-Vlink-Sale/input_user_defined10_user_defined10' is clicked on

2024-05-15 23:38:27 - [MESSAGE][PASSED] - Object: 'Object Repository/RecAndPlayBk/Page-Vlink-Sale/input_user_defined10_user_defined10' is clicked on

2024-05-15 23:38:27 - [TEST_STEP][PASSED] - if (executionProfile.equalsIgnoreCase("QAProfile") || executionProfile.equalsIgnoreCase("DemoProfile")): null

2024-05-15 23:38:27 - [TEST_STEP][PASSED] - click(findTestObject("Object Repository/RecAndPlayBk/Page-Vlink-Sale/input")): Object: 'Object Repository/RecAndPlayBk/Page-Vlink-Sale/input' is clicked on

2024-05-15 23:38:28 - [MESSAGE][PASSED] - Object: 'Object Repository/RecAndPlayBk/Page-Vlink-Sale/input' is clicked on

2024-05-15 23:38:28 - [TEST_STEP][PASSED] - if (verifyTextPresent("Transaction approved, no errors", true)): null

2024-05-15 23:38:28 - [MESSAGE][PASSED] - Text 'Transaction approved, no errors' is present on page  using regular expression

2024-05-15 23:38:28 - [TEST_STEP][PASSED] - println("Transaction Approved, no errors text is present on the Confirmation page"): null

2024-05-15 23:38:28 - [TEST_STEP][PASSED] - sdfo = getText(findTestObject("Object Repository/Page_VLinkReceipt/pre_STX")): Text of object 'Object Repository/Page_VLinkReceipt/pre_STX' is: '<STX>ufZ0hsgojVZc                  12151610            0  Transaction approved, no errors                   0                                                                                  Y 484720468<ETX>'

2024-05-15 23:38:29 - [MESSAGE][PASSED] - Text of object 'Object Repository/Page_VLinkReceipt/pre_STX' is: '<STX>ufZ0hsgojVZc                  12151610            0  Transaction approved, no errors                   0                                                                                  Y 484720468<ETX>'

2024-05-15 23:38:29 - [TEST_STEP][PASSED] - out.println("sdfo: " + sdfo): null

2024-05-15 23:38:29 - [TEST_STEP][PASSED] - remID = substring(5, 35).trim(): null

2024-05-15 23:38:29 - [TEST_STEP][PASSED] - out.println("remID: " + remID): null

2024-05-15 23:38:29 - [TEST_STEP][PASSED] - traxID = substring(35, 55).trim(): null

2024-05-15 23:38:29 - [TEST_STEP][PASSED] - out.println("traxID: " + traxID): null

2024-05-15 23:38:29 - [TEST_STEP][PASSED] - VLinkSaleRemID = remID: null

2024-05-15 23:38:29 - [TEST_STEP][PASSED] - VLinkSaleTranxID = traxID: null

2024-05-15 23:38:29 - [TEST_STEP][PASSED] - openBrowser(VLinkURL + "CC_void.html"): Browser is opened with url: 'https://dev-algorithm.govolution.com/vlinktest/QA2/version_2_0/CC_void.html'

2024-05-15 23:38:29 - [MESSAGE][WARNING] - A browser is already opened. Closing browser and opening a new one

2024-05-15 23:38:30 - [MESSAGE][INFO] - Starting 'Chrome' driver

2024-05-15 23:38:30 - [MESSAGE][INFO] - User set preference: ['acceptInsecureCerts', 'true']

2024-05-15 23:38:30 - [MESSAGE][INFO] - Action delay is set to 0 milliseconds

2024-05-15 23:38:32 - [MESSAGE][PASSED] - Browser is opened with url: 'https://dev-algorithm.govolution.com/vlinktest/QA2/version_2_0/CC_void.html'

2024-05-15 23:38:32 - [TEST_STEP][PASSED] - maximizeWindow(): Current window maximized

2024-05-15 23:38:32 - [MESSAGE][PASSED] - Current window maximized

2024-05-15 23:38:32 - [TEST_STEP][PASSED] - setText(findTestObject("Object Repository/RecAndPlayBk/Page-Vlink-CC-Void/txt_RemID"), VLinkSaleRemID): Text 'ufZ0hsgojVZc' is set on object 'Object Repository/RecAndPlayBk/Page-Vlink-CC-Void/txt_RemID'

2024-05-15 23:38:33 - [MESSAGE][PASSED] - Text 'ufZ0hsgojVZc' is set on object 'Object Repository/RecAndPlayBk/Page-Vlink-CC-Void/txt_RemID'

2024-05-15 23:38:33 - [TEST_STEP][PASSED] - setText(findTestObject("Object Repository/RecAndPlayBk/Page-Vlink-CC-Void/txt_ApplicationID"), appID): Text '234' is set on object 'Object Repository/RecAndPlayBk/Page-Vlink-CC-Void/txt_ApplicationID'

2024-05-15 23:38:33 - [MESSAGE][PASSED] - Text '234' is set on object 'Object Repository/RecAndPlayBk/Page-Vlink-CC-Void/txt_ApplicationID'

2024-05-15 23:38:33 - [TEST_STEP][PASSED] - setText(findTestObject("Object Repository/RecAndPlayBk/Page-Vlink-CC-Void/txt_Username"), username): Text 'username' is set on object 'Object Repository/RecAndPlayBk/Page-Vlink-CC-Void/txt_Username'

2024-05-15 23:38:34 - [MESSAGE][PASSED] - Text 'username' is set on object 'Object Repository/RecAndPlayBk/Page-Vlink-CC-Void/txt_Username'

2024-05-15 23:38:34 - [TEST_STEP][PASSED] - setText(findTestObject("Object Repository/RecAndPlayBk/Page-Vlink-CC-Void/txt_Password"), password): Text 'password' is set on object 'Object Repository/RecAndPlayBk/Page-Vlink-CC-Void/txt_Password'

2024-05-15 23:38:35 - [MESSAGE][PASSED] - Text 'password' is set on object 'Object Repository/RecAndPlayBk/Page-Vlink-CC-Void/txt_Password'

2024-05-15 23:38:35 - [TEST_STEP][PASSED] - setText(findTestObject("Object Repository/RecAndPlayBk/Page-Vlink-CC-Void/txt_TransactionID"), VLinkSaleTranxID): Text '12151610' is set on object 'Object Repository/RecAndPlayBk/Page-Vlink-CC-Void/txt_TransactionID'

2024-05-15 23:38:35 - [MESSAGE][PASSED] - Text '12151610' is set on object 'Object Repository/RecAndPlayBk/Page-Vlink-CC-Void/txt_TransactionID'

2024-05-15 23:38:35 - [TEST_STEP][PASSED] - setText(findTestObject("Object Repository/RecAndPlayBk/Page-Vlink-CC-Void/txt_OriginalTransactionType"), "104"): Text '104' is set on object 'Object Repository/RecAndPlayBk/Page-Vlink-CC-Void/txt_OriginalTransactionType'

2024-05-15 23:38:36 - [MESSAGE][PASSED] - Text '104' is set on object 'Object Repository/RecAndPlayBk/Page-Vlink-CC-Void/txt_OriginalTransactionType'

2024-05-15 23:38:36 - [TEST_STEP][PASSED] - setText(findTestObject("Object Repository/RecAndPlayBk/Page-Vlink-CC-Void/txt_TrackData"), ""): Text '' is set on object 'Object Repository/RecAndPlayBk/Page-Vlink-CC-Void/txt_TrackData'

2024-05-15 23:38:37 - [MESSAGE][PASSED] - Text '' is set on object 'Object Repository/RecAndPlayBk/Page-Vlink-CC-Void/txt_TrackData'

2024-05-15 23:38:37 - [TEST_STEP][PASSED] - click(findTestObject("Object Repository/RecAndPlayBk/Page-Vlink-CC-Void/btn_ProcessVLinkTransaction")): Object: 'Object Repository/RecAndPlayBk/Page-Vlink-CC-Void/btn_ProcessVLinkTransaction' is clicked on

2024-05-15 23:38:38 - [MESSAGE][PASSED] - Object: 'Object Repository/RecAndPlayBk/Page-Vlink-CC-Void/btn_ProcessVLinkTransaction' is clicked on

2024-05-15 23:38:38 - [TEST_STEP][PASSED] - if (verifyTextPresent("Transaction approved, no errors", true)): null

2024-05-15 23:38:38 - [MESSAGE][PASSED] - Text 'Transaction approved, no errors' is present on page  using regular expression

2024-05-15 23:38:38 - [TEST_STEP][PASSED] - println("Transaction Approved, no errors text is present on the Confirmation page"): null

2024-05-15 23:38:38 - [TEST_STEP][PASSED] - out.println("Pass Record Number: " + row): null

2024-05-15 23:38:38 - [TEST_STEP][PASSED] - resText = "Pass": null

2024-05-15 23:38:38 - [TEST_STEP][PASSED] - pages.WriteExcel.demoKey(resText, datText, resColumn, datCloumn, fileLoc, nameSheet, row): pages.WriteExcel.demoKey is PASSED

2024-05-15 23:38:38 - [MESSAGE][PASSED] - pages.WriteExcel.demoKey is PASSED

2024-05-15 23:38:38 - [TEST_STEP][PASSED] - ExecuteTC = findTestData(dataFile).getValue("Execute", row): null

2024-05-15 23:38:38 - [TEST_STEP][PASSED] - out.println("Value of Execute is : " + ExecuteTC): null

2024-05-15 23:38:38 - [TEST_STEP][PASSED] - switch (executionProfile): null

2024-05-15 23:38:38 - [TEST_STEP][PASSED] - case "QA2Profile":: null

2024-05-15 23:38:38 - [TEST_STEP][PASSED] - appID = findTestData(dataFile).getValue("AppIDQA", row): null

2024-05-15 23:38:38 - [TEST_STEP][PASSED] - username = findTestData(dataFile).getValue("UsernameQA", row): null

2024-05-15 23:38:38 - [TEST_STEP][PASSED] - password = findTestData(dataFile).getValue("PasswordQA", row): null

2024-05-15 23:38:38 - [TEST_STEP][PASSED] - break: null

2024-05-15 23:38:38 - [TEST_STEP][PASSED] - if (ExecuteTC.equalsIgnoreCase("Y")): null

2024-05-15 23:38:38 - [TEST_STEP][PASSED] - out.println("Begin Record Number: " + row): null

2024-05-15 23:38:38 - [TEST_STEP][PASSED] - today = new java.util.Date(): null

2024-05-15 23:38:38 - [TEST_STEP][PASSED] - println(today): null

2024-05-15 23:38:38 - [TEST_STEP][PASSED] - datText = today: null

2024-05-15 23:38:38 - [TEST_STEP][PASSED] - category = findTestData(dataFile).getValue("Category", row): null

2024-05-15 23:38:39 - [TEST_STEP][PASSED] - amount = findTestData(dataFile).getValue("Amount", row): null

2024-05-15 23:38:39 - [TEST_STEP][PASSED] - cardNumber = findTestData(dataFile).getValue("CardNumber", row): null

2024-05-15 23:38:39 - [TEST_STEP][PASSED] - exM = findTestData(dataFile).getValue("ExM", row): null

2024-05-15 23:38:39 - [TEST_STEP][PASSED] - exY = findTestData(dataFile).getValue("ExY", row): null

2024-05-15 23:38:39 - [TEST_STEP][PASSED] - openBrowser(VLinkURL + "authcap.html"): Browser is opened with url: 'https://dev-algorithm.govolution.com/vlinktest/QA2/version_2_0/authcap.html'

2024-05-15 23:38:39 - [MESSAGE][WARNING] - A browser is already opened. Closing browser and opening a new one

2024-05-15 23:38:40 - [MESSAGE][INFO] - Starting 'Chrome' driver

2024-05-15 23:38:40 - [MESSAGE][INFO] - User set preference: ['acceptInsecureCerts', 'true']

2024-05-15 23:38:40 - [MESSAGE][INFO] - Action delay is set to 0 milliseconds

2024-05-15 23:38:42 - [MESSAGE][PASSED] - Browser is opened with url: 'https://dev-algorithm.govolution.com/vlinktest/QA2/version_2_0/authcap.html'

2024-05-15 23:38:42 - [TEST_STEP][PASSED] - maximizeWindow(): Current window maximized

2024-05-15 23:38:43 - [MESSAGE][PASSED] - Current window maximized

2024-05-15 23:38:43 - [TEST_STEP][PASSED] - maximizeWindow(): Current window maximized

2024-05-15 23:38:43 - [MESSAGE][PASSED] - Current window maximized

2024-05-15 23:38:43 - [TEST_STEP][PASSED] - genRemID = RandomStringUtils.random(12, true, true): null

2024-05-15 23:38:43 - [TEST_STEP][PASSED] - setText(findTestObject("Object Repository/RecAndPlayBk/Page-Vlink-Sale/input_Remittance Id_remittance_id"), genRemID): Text '0mbJlY6DexDS' is set on object 'Object Repository/RecAndPlayBk/Page-Vlink-Sale/input_Remittance Id_remittance_id'

2024-05-15 23:38:43 - [MESSAGE][PASSED] - Text '0mbJlY6DexDS' is set on object 'Object Repository/RecAndPlayBk/Page-Vlink-Sale/input_Remittance Id_remittance_id'

2024-05-15 23:38:43 - [TEST_STEP][PASSED] - setText(findTestObject("Object Repository/RecAndPlayBk/Page-Vlink-Sale/input_Application Id_application_id"), appID): Text '87' is set on object 'Object Repository/RecAndPlayBk/Page-Vlink-Sale/input_Application Id_application_id'

2024-05-15 23:38:44 - [MESSAGE][PASSED] - Text '87' is set on object 'Object Repository/RecAndPlayBk/Page-Vlink-Sale/input_Application Id_application_id'

2024-05-15 23:38:44 - [TEST_STEP][PASSED] - setText(findTestObject("Object Repository/RecAndPlayBk/Page-Vlink-Sale/input_Username_username"), username): Text 'username' is set on object 'Object Repository/RecAndPlayBk/Page-Vlink-Sale/input_Username_username'

2024-05-15 23:38:45 - [MESSAGE][PASSED] - Text 'username' is set on object 'Object Repository/RecAndPlayBk/Page-Vlink-Sale/input_Username_username'

2024-05-15 23:38:45 - [TEST_STEP][PASSED] - setText(findTestObject("Object Repository/RecAndPlayBk/Page-Vlink-Sale/input_Password_password"), password): Text 'password' is set on object 'Object Repository/RecAndPlayBk/Page-Vlink-Sale/input_Password_password'

2024-05-15 23:38:45 - [MESSAGE][PASSED] - Text 'password' is set on object 'Object Repository/RecAndPlayBk/Page-Vlink-Sale/input_Password_password'

2024-05-15 23:38:45 - [TEST_STEP][PASSED] - setText(findTestObject("Object Repository/RecAndPlayBk/Page-Vlink-Sale/input_Category_category"), category): Text 'ECOM' is set on object 'Object Repository/RecAndPlayBk/Page-Vlink-Sale/input_Category_category'

2024-05-15 23:38:46 - [MESSAGE][PASSED] - Text 'ECOM' is set on object 'Object Repository/RecAndPlayBk/Page-Vlink-Sale/input_Category_category'

2024-05-15 23:38:46 - [TEST_STEP][PASSED] - setText(findTestObject("Object Repository/RecAndPlayBk/Page-Vlink-Sale/input_Amount_amount"), amount): Text '10.5' is set on object 'Object Repository/RecAndPlayBk/Page-Vlink-Sale/input_Amount_amount'

2024-05-15 23:38:47 - [MESSAGE][PASSED] - Text '10.5' is set on object 'Object Repository/RecAndPlayBk/Page-Vlink-Sale/input_Amount_amount'

2024-05-15 23:38:47 - [TEST_STEP][PASSED] - doubleClick(findTestObject("Object Repository/RecAndPlayBk/Page-Vlink-Sale/input_Card number_card_number")): Object: 'Object Repository/RecAndPlayBk/Page-Vlink-Sale/input_Card number_card_number' is double clicked on

2024-05-15 23:38:47 - [MESSAGE][PASSED] - Object: 'Object Repository/RecAndPlayBk/Page-Vlink-Sale/input_Card number_card_number' is double clicked on

2024-05-15 23:38:47 - [TEST_STEP][PASSED] - setText(findTestObject("Object Repository/RecAndPlayBk/Page-Vlink-Sale/input_Card number_card_number"), cardNumber): Text '4012000098765439' is set on object 'Object Repository/RecAndPlayBk/Page-Vlink-Sale/input_Card number_card_number'

2024-05-15 23:38:48 - [MESSAGE][PASSED] - Text '4012000098765439' is set on object 'Object Repository/RecAndPlayBk/Page-Vlink-Sale/input_Card number_card_number'

2024-05-15 23:38:48 - [TEST_STEP][PASSED] - setText(findTestObject("Object Repository/RecAndPlayBk/Page-Vlink-Sale/input_Card ex month_card_exmo"), exM): Text '12' is set on object 'Object Repository/RecAndPlayBk/Page-Vlink-Sale/input_Card ex month_card_exmo'

2024-05-15 23:38:48 - [MESSAGE][PASSED] - Text '12' is set on object 'Object Repository/RecAndPlayBk/Page-Vlink-Sale/input_Card ex month_card_exmo'

2024-05-15 23:38:48 - [TEST_STEP][PASSED] - setText(findTestObject("Object Repository/RecAndPlayBk/Page-Vlink-Sale/input_Card ex year_card_exyr"), exY): Text '2029' is set on object 'Object Repository/RecAndPlayBk/Page-Vlink-Sale/input_Card ex year_card_exyr'

2024-05-15 23:38:49 - [MESSAGE][PASSED] - Text '2029' is set on object 'Object Repository/RecAndPlayBk/Page-Vlink-Sale/input_Card ex year_card_exyr'

2024-05-15 23:38:49 - [TEST_STEP][PASSED] - click(findTestObject("Object Repository/RecAndPlayBk/Page-Vlink-Sale/input_Track Data_track_data")): Object: 'Object Repository/RecAndPlayBk/Page-Vlink-Sale/input_Track Data_track_data' is clicked on

2024-05-15 23:38:49 - [MESSAGE][PASSED] - Object: 'Object Repository/RecAndPlayBk/Page-Vlink-Sale/input_Track Data_track_data' is clicked on

2024-05-15 23:38:49 - [TEST_STEP][PASSED] - click(findTestObject("Object Repository/RecAndPlayBk/Page-Vlink-Sale/input_CVV state_cvv_state")): Object: 'Object Repository/RecAndPlayBk/Page-Vlink-Sale/input_CVV state_cvv_state' is clicked on

2024-05-15 23:38:50 - [MESSAGE][PASSED] - Object: 'Object Repository/RecAndPlayBk/Page-Vlink-Sale/input_CVV state_cvv_state' is clicked on

2024-05-15 23:38:50 - [TEST_STEP][PASSED] - setText(findTestObject("Object Repository/RecAndPlayBk/Page-Vlink-Sale/input_Track Data_track_data"), ""): Text '' is set on object 'Object Repository/RecAndPlayBk/Page-Vlink-Sale/input_Track Data_track_data'

2024-05-15 23:38:50 - [MESSAGE][PASSED] - Text '' is set on object 'Object Repository/RecAndPlayBk/Page-Vlink-Sale/input_Track Data_track_data'

2024-05-15 23:38:50 - [TEST_STEP][PASSED] - setText(findTestObject("Object Repository/RecAndPlayBk/Page-Vlink-Sale/input_concat(Cardholder, , s email)_email"), ""): Text '' is set on object 'Object Repository/RecAndPlayBk/Page-Vlink-Sale/input_concat(Cardholder, , s email)_email'

2024-05-15 23:38:51 - [MESSAGE][PASSED] - Text '' is set on object 'Object Repository/RecAndPlayBk/Page-Vlink-Sale/input_concat(Cardholder, , s email)_email'

2024-05-15 23:38:51 - [TEST_STEP][PASSED] - click(findTestObject("Object Repository/RecAndPlayBk/Page-Vlink-Sale/input_user_defined10_user_defined10")): Object: 'Object Repository/RecAndPlayBk/Page-Vlink-Sale/input_user_defined10_user_defined10' is clicked on

2024-05-15 23:38:51 - [MESSAGE][PASSED] - Object: 'Object Repository/RecAndPlayBk/Page-Vlink-Sale/input_user_defined10_user_defined10' is clicked on

2024-05-15 23:38:51 - [TEST_STEP][PASSED] - if (executionProfile.equalsIgnoreCase("QAProfile") || executionProfile.equalsIgnoreCase("DemoProfile")): null

2024-05-15 23:38:51 - [TEST_STEP][PASSED] - click(findTestObject("Object Repository/RecAndPlayBk/Page-Vlink-Sale/input")): Object: 'Object Repository/RecAndPlayBk/Page-Vlink-Sale/input' is clicked on

2024-05-15 23:38:53 - [MESSAGE][PASSED] - Object: 'Object Repository/RecAndPlayBk/Page-Vlink-Sale/input' is clicked on

2024-05-15 23:38:53 - [TEST_STEP][PASSED] - if (verifyTextPresent("Transaction approved, no errors", true)): null

2024-05-15 23:38:53 - [MESSAGE][PASSED] - Text 'Transaction approved, no errors' is present on page  using regular expression

2024-05-15 23:38:53 - [TEST_STEP][PASSED] - println("Transaction Approved, no errors text is present on the Confirmation page"): null

2024-05-15 23:38:53 - [TEST_STEP][PASSED] - sdfo = getText(findTestObject("Object Repository/Page_VLinkReceipt/pre_STX")): Text of object 'Object Repository/Page_VLinkReceipt/pre_STX' is: '<STX>0mbJlY6DexDS                  12151612            0  Transaction approved, no errors                   0                                                                                  N TAS405   <ETX>'

2024-05-15 23:38:54 - [MESSAGE][PASSED] - Text of object 'Object Repository/Page_VLinkReceipt/pre_STX' is: '<STX>0mbJlY6DexDS                  12151612            0  Transaction approved, no errors                   0                                                                                  N TAS405   <ETX>'

2024-05-15 23:38:54 - [TEST_STEP][PASSED] - out.println("sdfo: " + sdfo): null

2024-05-15 23:38:54 - [TEST_STEP][PASSED] - remID = substring(5, 35).trim(): null

2024-05-15 23:38:54 - [TEST_STEP][PASSED] - out.println("remID: " + remID): null

2024-05-15 23:38:54 - [TEST_STEP][PASSED] - traxID = substring(35, 55).trim(): null

2024-05-15 23:38:54 - [TEST_STEP][PASSED] - out.println("traxID: " + traxID): null

2024-05-15 23:38:54 - [TEST_STEP][PASSED] - VLinkSaleRemID = remID: null

2024-05-15 23:38:54 - [TEST_STEP][PASSED] - VLinkSaleTranxID = traxID: null

2024-05-15 23:38:54 - [TEST_STEP][PASSED] - openBrowser(VLinkURL + "CC_void.html"): Browser is opened with url: 'https://dev-algorithm.govolution.com/vlinktest/QA2/version_2_0/CC_void.html'

2024-05-15 23:38:54 - [MESSAGE][WARNING] - A browser is already opened. Closing browser and opening a new one

2024-05-15 23:38:55 - [MESSAGE][INFO] - Starting 'Chrome' driver

2024-05-15 23:38:55 - [MESSAGE][INFO] - User set preference: ['acceptInsecureCerts', 'true']

2024-05-15 23:38:55 - [MESSAGE][INFO] - Action delay is set to 0 milliseconds

2024-05-15 23:38:57 - [MESSAGE][PASSED] - Browser is opened with url: 'https://dev-algorithm.govolution.com/vlinktest/QA2/version_2_0/CC_void.html'

2024-05-15 23:38:57 - [TEST_STEP][PASSED] - maximizeWindow(): Current window maximized

2024-05-15 23:38:57 - [MESSAGE][PASSED] - Current window maximized

2024-05-15 23:38:57 - [TEST_STEP][PASSED] - setText(findTestObject("Object Repository/RecAndPlayBk/Page-Vlink-CC-Void/txt_RemID"), VLinkSaleRemID): Text '0mbJlY6DexDS' is set on object 'Object Repository/RecAndPlayBk/Page-Vlink-CC-Void/txt_RemID'

2024-05-15 23:38:58 - [MESSAGE][PASSED] - Text '0mbJlY6DexDS' is set on object 'Object Repository/RecAndPlayBk/Page-Vlink-CC-Void/txt_RemID'

2024-05-15 23:38:58 - [TEST_STEP][PASSED] - setText(findTestObject("Object Repository/RecAndPlayBk/Page-Vlink-CC-Void/txt_ApplicationID"), appID): Text '87' is set on object 'Object Repository/RecAndPlayBk/Page-Vlink-CC-Void/txt_ApplicationID'

2024-05-15 23:38:59 - [MESSAGE][PASSED] - Text '87' is set on object 'Object Repository/RecAndPlayBk/Page-Vlink-CC-Void/txt_ApplicationID'

2024-05-15 23:38:59 - [TEST_STEP][PASSED] - setText(findTestObject("Object Repository/RecAndPlayBk/Page-Vlink-CC-Void/txt_Username"), username): Text 'username' is set on object 'Object Repository/RecAndPlayBk/Page-Vlink-CC-Void/txt_Username'

2024-05-15 23:38:59 - [MESSAGE][PASSED] - Text 'username' is set on object 'Object Repository/RecAndPlayBk/Page-Vlink-CC-Void/txt_Username'

2024-05-15 23:38:59 - [TEST_STEP][PASSED] - setText(findTestObject("Object Repository/RecAndPlayBk/Page-Vlink-CC-Void/txt_Password"), password): Text 'password' is set on object 'Object Repository/RecAndPlayBk/Page-Vlink-CC-Void/txt_Password'

2024-05-15 23:39:00 - [MESSAGE][PASSED] - Text 'password' is set on object 'Object Repository/RecAndPlayBk/Page-Vlink-CC-Void/txt_Password'

2024-05-15 23:39:00 - [TEST_STEP][PASSED] - setText(findTestObject("Object Repository/RecAndPlayBk/Page-Vlink-CC-Void/txt_TransactionID"), VLinkSaleTranxID): Text '12151612' is set on object 'Object Repository/RecAndPlayBk/Page-Vlink-CC-Void/txt_TransactionID'

2024-05-15 23:39:00 - [MESSAGE][PASSED] - Text '12151612' is set on object 'Object Repository/RecAndPlayBk/Page-Vlink-CC-Void/txt_TransactionID'

2024-05-15 23:39:00 - [TEST_STEP][PASSED] - setText(findTestObject("Object Repository/RecAndPlayBk/Page-Vlink-CC-Void/txt_OriginalTransactionType"), "104"): Text '104' is set on object 'Object Repository/RecAndPlayBk/Page-Vlink-CC-Void/txt_OriginalTransactionType'

2024-05-15 23:39:01 - [MESSAGE][PASSED] - Text '104' is set on object 'Object Repository/RecAndPlayBk/Page-Vlink-CC-Void/txt_OriginalTransactionType'

2024-05-15 23:39:01 - [TEST_STEP][PASSED] - setText(findTestObject("Object Repository/RecAndPlayBk/Page-Vlink-CC-Void/txt_TrackData"), ""): Text '' is set on object 'Object Repository/RecAndPlayBk/Page-Vlink-CC-Void/txt_TrackData'

2024-05-15 23:39:02 - [MESSAGE][PASSED] - Text '' is set on object 'Object Repository/RecAndPlayBk/Page-Vlink-CC-Void/txt_TrackData'

2024-05-15 23:39:02 - [TEST_STEP][PASSED] - click(findTestObject("Object Repository/RecAndPlayBk/Page-Vlink-CC-Void/btn_ProcessVLinkTransaction")): Object: 'Object Repository/RecAndPlayBk/Page-Vlink-CC-Void/btn_ProcessVLinkTransaction' is clicked on

2024-05-15 23:39:04 - [MESSAGE][PASSED] - Object: 'Object Repository/RecAndPlayBk/Page-Vlink-CC-Void/btn_ProcessVLinkTransaction' is clicked on

2024-05-15 23:39:04 - [TEST_STEP][PASSED] - if (verifyTextPresent("Transaction approved, no errors", true)): null

2024-05-15 23:39:04 - [MESSAGE][PASSED] - Text 'Transaction approved, no errors' is present on page  using regular expression

2024-05-15 23:39:04 - [TEST_STEP][PASSED] - println("Transaction Approved, no errors text is present on the Confirmation page"): null

2024-05-15 23:39:04 - [TEST_STEP][PASSED] - out.println("Pass Record Number: " + row): null

2024-05-15 23:39:04 - [TEST_STEP][PASSED] - resText = "Pass": null

2024-05-15 23:39:04 - [TEST_STEP][PASSED] - pages.WriteExcel.demoKey(resText, datText, resColumn, datCloumn, fileLoc, nameSheet, row): pages.WriteExcel.demoKey is PASSED

2024-05-15 23:39:04 - [MESSAGE][PASSED] - pages.WriteExcel.demoKey is PASSED

2024-05-15 23:39:04 - [TEST_STEP][PASSED] - ExecuteTC = findTestData(dataFile).getValue("Execute", row): null

2024-05-15 23:39:04 - [TEST_STEP][PASSED] - out.println("Value of Execute is : " + ExecuteTC): null

2024-05-15 23:39:04 - [TEST_STEP][PASSED] - switch (executionProfile): null

2024-05-15 23:39:04 - [TEST_STEP][PASSED] - case "QA2Profile":: null

2024-05-15 23:39:04 - [TEST_STEP][PASSED] - appID = findTestData(dataFile).getValue("AppIDQA", row): null

2024-05-15 23:39:04 - [TEST_STEP][PASSED] - username = findTestData(dataFile).getValue("UsernameQA", row): null

2024-05-15 23:39:05 - [TEST_STEP][PASSED] - password = findTestData(dataFile).getValue("PasswordQA", row): null

2024-05-15 23:39:05 - [TEST_STEP][PASSED] - break: null

2024-05-15 23:39:05 - [TEST_STEP][PASSED] - if (ExecuteTC.equalsIgnoreCase("Y")): null

2024-05-15 23:39:05 - [TEST_STEP][PASSED] - out.println("Begin Record Number: " + row): null

2024-05-15 23:39:05 - [TEST_STEP][PASSED] - today = new java.util.Date(): null

2024-05-15 23:39:05 - [TEST_STEP][PASSED] - println(today): null

2024-05-15 23:39:05 - [TEST_STEP][PASSED] - datText = today: null

2024-05-15 23:39:05 - [TEST_STEP][PASSED] - category = findTestData(dataFile).getValue("Category", row): null

2024-05-15 23:39:05 - [TEST_STEP][PASSED] - amount = findTestData(dataFile).getValue("Amount", row): null

2024-05-15 23:39:05 - [TEST_STEP][PASSED] - cardNumber = findTestData(dataFile).getValue("CardNumber", row): null

2024-05-15 23:39:05 - [TEST_STEP][PASSED] - exM = findTestData(dataFile).getValue("ExM", row): null

2024-05-15 23:39:05 - [TEST_STEP][PASSED] - exY = findTestData(dataFile).getValue("ExY", row): null

2024-05-15 23:39:05 - [TEST_STEP][PASSED] - openBrowser(VLinkURL + "authcap.html"): Browser is opened with url: 'https://dev-algorithm.govolution.com/vlinktest/QA2/version_2_0/authcap.html'

2024-05-15 23:39:05 - [MESSAGE][WARNING] - A browser is already opened. Closing browser and opening a new one

2024-05-15 23:39:06 - [MESSAGE][INFO] - Starting 'Chrome' driver

2024-05-15 23:39:06 - [MESSAGE][INFO] - User set preference: ['acceptInsecureCerts', 'true']

2024-05-15 23:39:06 - [MESSAGE][INFO] - Action delay is set to 0 milliseconds

2024-05-15 23:39:08 - [MESSAGE][PASSED] - Browser is opened with url: 'https://dev-algorithm.govolution.com/vlinktest/QA2/version_2_0/authcap.html'

2024-05-15 23:39:08 - [TEST_STEP][PASSED] - maximizeWindow(): Current window maximized

2024-05-15 23:39:09 - [MESSAGE][PASSED] - Current window maximized

2024-05-15 23:39:09 - [TEST_STEP][PASSED] - maximizeWindow(): Current window maximized

2024-05-15 23:39:09 - [MESSAGE][PASSED] - Current window maximized

2024-05-15 23:39:09 - [TEST_STEP][PASSED] - genRemID = RandomStringUtils.random(12, true, true): null

2024-05-15 23:39:09 - [TEST_STEP][PASSED] - setText(findTestObject("Object Repository/RecAndPlayBk/Page-Vlink-Sale/input_Remittance Id_remittance_id"), genRemID): Text 'cgPF1H3jS1xm' is set on object 'Object Repository/RecAndPlayBk/Page-Vlink-Sale/input_Remittance Id_remittance_id'

2024-05-15 23:39:09 - [MESSAGE][PASSED] - Text 'cgPF1H3jS1xm' is set on object 'Object Repository/RecAndPlayBk/Page-Vlink-Sale/input_Remittance Id_remittance_id'

2024-05-15 23:39:09 - [TEST_STEP][PASSED] - setText(findTestObject("Object Repository/RecAndPlayBk/Page-Vlink-Sale/input_Application Id_application_id"), appID): Text '581' is set on object 'Object Repository/RecAndPlayBk/Page-Vlink-Sale/input_Application Id_application_id'

2024-05-15 23:39:10 - [MESSAGE][PASSED] - Text '581' is set on object 'Object Repository/RecAndPlayBk/Page-Vlink-Sale/input_Application Id_application_id'

2024-05-15 23:39:10 - [TEST_STEP][PASSED] - setText(findTestObject("Object Repository/RecAndPlayBk/Page-Vlink-Sale/input_Username_username"), username): Text 'usr581' is set on object 'Object Repository/RecAndPlayBk/Page-Vlink-Sale/input_Username_username'

2024-05-15 23:39:11 - [MESSAGE][PASSED] - Text 'usr581' is set on object 'Object Repository/RecAndPlayBk/Page-Vlink-Sale/input_Username_username'

2024-05-15 23:39:11 - [TEST_STEP][PASSED] - setText(findTestObject("Object Repository/RecAndPlayBk/Page-Vlink-Sale/input_Password_password"), password): Text 'pwd581' is set on object 'Object Repository/RecAndPlayBk/Page-Vlink-Sale/input_Password_password'

2024-05-15 23:39:11 - [MESSAGE][PASSED] - Text 'pwd581' is set on object 'Object Repository/RecAndPlayBk/Page-Vlink-Sale/input_Password_password'

2024-05-15 23:39:11 - [TEST_STEP][PASSED] - setText(findTestObject("Object Repository/RecAndPlayBk/Page-Vlink-Sale/input_Category_category"), category): Text 'ECOM' is set on object 'Object Repository/RecAndPlayBk/Page-Vlink-Sale/input_Category_category'

2024-05-15 23:39:12 - [MESSAGE][PASSED] - Text 'ECOM' is set on object 'Object Repository/RecAndPlayBk/Page-Vlink-Sale/input_Category_category'

2024-05-15 23:39:12 - [TEST_STEP][PASSED] - setText(findTestObject("Object Repository/RecAndPlayBk/Page-Vlink-Sale/input_Amount_amount"), amount): Text '10.5' is set on object 'Object Repository/RecAndPlayBk/Page-Vlink-Sale/input_Amount_amount'

2024-05-15 23:39:13 - [MESSAGE][PASSED] - Text '10.5' is set on object 'Object Repository/RecAndPlayBk/Page-Vlink-Sale/input_Amount_amount'

2024-05-15 23:39:13 - [TEST_STEP][PASSED] - doubleClick(findTestObject("Object Repository/RecAndPlayBk/Page-Vlink-Sale/input_Card number_card_number")): Object: 'Object Repository/RecAndPlayBk/Page-Vlink-Sale/input_Card number_card_number' is double clicked on

2024-05-15 23:39:13 - [MESSAGE][PASSED] - Object: 'Object Repository/RecAndPlayBk/Page-Vlink-Sale/input_Card number_card_number' is double clicked on

2024-05-15 23:39:13 - [TEST_STEP][PASSED] - setText(findTestObject("Object Repository/RecAndPlayBk/Page-Vlink-Sale/input_Card number_card_number"), cardNumber): Text '4761739001010135' is set on object 'Object Repository/RecAndPlayBk/Page-Vlink-Sale/input_Card number_card_number'

2024-05-15 23:39:14 - [MESSAGE][PASSED] - Text '4761739001010135' is set on object 'Object Repository/RecAndPlayBk/Page-Vlink-Sale/input_Card number_card_number'

2024-05-15 23:39:14 - [TEST_STEP][PASSED] - setText(findTestObject("Object Repository/RecAndPlayBk/Page-Vlink-Sale/input_Card ex month_card_exmo"), exM): Text '12' is set on object 'Object Repository/RecAndPlayBk/Page-Vlink-Sale/input_Card ex month_card_exmo'

2024-05-15 23:39:14 - [MESSAGE][PASSED] - Text '12' is set on object 'Object Repository/RecAndPlayBk/Page-Vlink-Sale/input_Card ex month_card_exmo'

2024-05-15 23:39:14 - [TEST_STEP][PASSED] - setText(findTestObject("Object Repository/RecAndPlayBk/Page-Vlink-Sale/input_Card ex year_card_exyr"), exY): Text '2029' is set on object 'Object Repository/RecAndPlayBk/Page-Vlink-Sale/input_Card ex year_card_exyr'

2024-05-15 23:39:15 - [MESSAGE][PASSED] - Text '2029' is set on object 'Object Repository/RecAndPlayBk/Page-Vlink-Sale/input_Card ex year_card_exyr'

2024-05-15 23:39:15 - [TEST_STEP][PASSED] - click(findTestObject("Object Repository/RecAndPlayBk/Page-Vlink-Sale/input_Track Data_track_data")): Object: 'Object Repository/RecAndPlayBk/Page-Vlink-Sale/input_Track Data_track_data' is clicked on

2024-05-15 23:39:15 - [MESSAGE][PASSED] - Object: 'Object Repository/RecAndPlayBk/Page-Vlink-Sale/input_Track Data_track_data' is clicked on

2024-05-15 23:39:15 - [TEST_STEP][PASSED] - click(findTestObject("Object Repository/RecAndPlayBk/Page-Vlink-Sale/input_CVV state_cvv_state")): Object: 'Object Repository/RecAndPlayBk/Page-Vlink-Sale/input_CVV state_cvv_state' is clicked on

2024-05-15 23:39:16 - [MESSAGE][PASSED] - Object: 'Object Repository/RecAndPlayBk/Page-Vlink-Sale/input_CVV state_cvv_state' is clicked on

2024-05-15 23:39:16 - [TEST_STEP][PASSED] - setText(findTestObject("Object Repository/RecAndPlayBk/Page-Vlink-Sale/input_Track Data_track_data"), ""): Text '' is set on object 'Object Repository/RecAndPlayBk/Page-Vlink-Sale/input_Track Data_track_data'

2024-05-15 23:39:16 - [MESSAGE][PASSED] - Text '' is set on object 'Object Repository/RecAndPlayBk/Page-Vlink-Sale/input_Track Data_track_data'

2024-05-15 23:39:16 - [TEST_STEP][PASSED] - setText(findTestObject("Object Repository/RecAndPlayBk/Page-Vlink-Sale/input_concat(Cardholder, , s email)_email"), ""): Text '' is set on object 'Object Repository/RecAndPlayBk/Page-Vlink-Sale/input_concat(Cardholder, , s email)_email'

2024-05-15 23:39:17 - [MESSAGE][PASSED] - Text '' is set on object 'Object Repository/RecAndPlayBk/Page-Vlink-Sale/input_concat(Cardholder, , s email)_email'

2024-05-15 23:39:17 - [TEST_STEP][PASSED] - click(findTestObject("Object Repository/RecAndPlayBk/Page-Vlink-Sale/input_user_defined10_user_defined10")): Object: 'Object Repository/RecAndPlayBk/Page-Vlink-Sale/input_user_defined10_user_defined10' is clicked on

2024-05-15 23:39:17 - [MESSAGE][PASSED] - Object: 'Object Repository/RecAndPlayBk/Page-Vlink-Sale/input_user_defined10_user_defined10' is clicked on

2024-05-15 23:39:17 - [TEST_STEP][PASSED] - if (executionProfile.equalsIgnoreCase("QAProfile") || executionProfile.equalsIgnoreCase("DemoProfile")): null

2024-05-15 23:39:17 - [TEST_STEP][PASSED] - click(findTestObject("Object Repository/RecAndPlayBk/Page-Vlink-Sale/input")): Object: 'Object Repository/RecAndPlayBk/Page-Vlink-Sale/input' is clicked on

2024-05-15 23:39:18 - [MESSAGE][PASSED] - Object: 'Object Repository/RecAndPlayBk/Page-Vlink-Sale/input' is clicked on

2024-05-15 23:39:18 - [TEST_STEP][PASSED] - if (verifyTextPresent("Transaction approved, no errors", true)): null

2024-05-15 23:39:19 - [MESSAGE][PASSED] - Text 'Transaction approved, no errors' is present on page  using regular expression

2024-05-15 23:39:19 - [TEST_STEP][PASSED] - println("Transaction Approved, no errors text is present on the Confirmation page"): null

2024-05-15 23:39:19 - [TEST_STEP][PASSED] - sdfo = getText(findTestObject("Object Repository/Page_VLinkReceipt/pre_STX")): Text of object 'Object Repository/Page_VLinkReceipt/pre_STX' is: '<STX>cgPF1H3jS1xm                  12151614            0  Transaction approved, no errors                   0                                                                                  YP015842   <ETX>'

2024-05-15 23:39:19 - [MESSAGE][PASSED] - Text of object 'Object Repository/Page_VLinkReceipt/pre_STX' is: '<STX>cgPF1H3jS1xm                  12151614            0  Transaction approved, no errors                   0                                                                                  YP015842   <ETX>'

2024-05-15 23:39:19 - [TEST_STEP][PASSED] - out.println("sdfo: " + sdfo): null

2024-05-15 23:39:19 - [TEST_STEP][PASSED] - remID = substring(5, 35).trim(): null

2024-05-15 23:39:19 - [TEST_STEP][PASSED] - out.println("remID: " + remID): null

2024-05-15 23:39:19 - [TEST_STEP][PASSED] - traxID = substring(35, 55).trim(): null

2024-05-15 23:39:19 - [TEST_STEP][PASSED] - out.println("traxID: " + traxID): null

2024-05-15 23:39:19 - [TEST_STEP][PASSED] - VLinkSaleRemID = remID: null

2024-05-15 23:39:19 - [TEST_STEP][PASSED] - VLinkSaleTranxID = traxID: null

2024-05-15 23:39:19 - [TEST_STEP][PASSED] - openBrowser(VLinkURL + "CC_void.html"): Browser is opened with url: 'https://dev-algorithm.govolution.com/vlinktest/QA2/version_2_0/CC_void.html'

2024-05-15 23:39:19 - [MESSAGE][WARNING] - A browser is already opened. Closing browser and opening a new one

2024-05-15 23:39:21 - [MESSAGE][INFO] - Starting 'Chrome' driver

2024-05-15 23:39:21 - [MESSAGE][INFO] - User set preference: ['acceptInsecureCerts', 'true']

2024-05-15 23:39:21 - [MESSAGE][INFO] - Action delay is set to 0 milliseconds

2024-05-15 23:39:23 - [MESSAGE][PASSED] - Browser is opened with url: 'https://dev-algorithm.govolution.com/vlinktest/QA2/version_2_0/CC_void.html'

2024-05-15 23:39:23 - [TEST_STEP][PASSED] - maximizeWindow(): Current window maximized

2024-05-15 23:39:23 - [MESSAGE][PASSED] - Current window maximized

2024-05-15 23:39:23 - [TEST_STEP][PASSED] - setText(findTestObject("Object Repository/RecAndPlayBk/Page-Vlink-CC-Void/txt_RemID"), VLinkSaleRemID): Text 'cgPF1H3jS1xm' is set on object 'Object Repository/RecAndPlayBk/Page-Vlink-CC-Void/txt_RemID'

2024-05-15 23:39:23 - [MESSAGE][PASSED] - Text 'cgPF1H3jS1xm' is set on object 'Object Repository/RecAndPlayBk/Page-Vlink-CC-Void/txt_RemID'

2024-05-15 23:39:23 - [TEST_STEP][PASSED] - setText(findTestObject("Object Repository/RecAndPlayBk/Page-Vlink-CC-Void/txt_ApplicationID"), appID): Text '581' is set on object 'Object Repository/RecAndPlayBk/Page-Vlink-CC-Void/txt_ApplicationID'

2024-05-15 23:39:24 - [MESSAGE][PASSED] - Text '581' is set on object 'Object Repository/RecAndPlayBk/Page-Vlink-CC-Void/txt_ApplicationID'

2024-05-15 23:39:24 - [TEST_STEP][PASSED] - setText(findTestObject("Object Repository/RecAndPlayBk/Page-Vlink-CC-Void/txt_Username"), username): Text 'usr581' is set on object 'Object Repository/RecAndPlayBk/Page-Vlink-CC-Void/txt_Username'

2024-05-15 23:39:25 - [MESSAGE][PASSED] - Text 'usr581' is set on object 'Object Repository/RecAndPlayBk/Page-Vlink-CC-Void/txt_Username'

2024-05-15 23:39:25 - [TEST_STEP][PASSED] - setText(findTestObject("Object Repository/RecAndPlayBk/Page-Vlink-CC-Void/txt_Password"), password): Text 'pwd581' is set on object 'Object Repository/RecAndPlayBk/Page-Vlink-CC-Void/txt_Password'

2024-05-15 23:39:25 - [MESSAGE][PASSED] - Text 'pwd581' is set on object 'Object Repository/RecAndPlayBk/Page-Vlink-CC-Void/txt_Password'

2024-05-15 23:39:25 - [TEST_STEP][PASSED] - setText(findTestObject("Object Repository/RecAndPlayBk/Page-Vlink-CC-Void/txt_TransactionID"), VLinkSaleTranxID): Text '12151614' is set on object 'Object Repository/RecAndPlayBk/Page-Vlink-CC-Void/txt_TransactionID'

2024-05-15 23:39:26 - [MESSAGE][PASSED] - Text '12151614' is set on object 'Object Repository/RecAndPlayBk/Page-Vlink-CC-Void/txt_TransactionID'

2024-05-15 23:39:26 - [TEST_STEP][PASSED] - setText(findTestObject("Object Repository/RecAndPlayBk/Page-Vlink-CC-Void/txt_OriginalTransactionType"), "104"): Text '104' is set on object 'Object Repository/RecAndPlayBk/Page-Vlink-CC-Void/txt_OriginalTransactionType'

2024-05-15 23:39:27 - [MESSAGE][PASSED] - Text '104' is set on object 'Object Repository/RecAndPlayBk/Page-Vlink-CC-Void/txt_OriginalTransactionType'

2024-05-15 23:39:27 - [TEST_STEP][PASSED] - setText(findTestObject("Object Repository/RecAndPlayBk/Page-Vlink-CC-Void/txt_TrackData"), ""): Text '' is set on object 'Object Repository/RecAndPlayBk/Page-Vlink-CC-Void/txt_TrackData'

2024-05-15 23:39:27 - [MESSAGE][PASSED] - Text '' is set on object 'Object Repository/RecAndPlayBk/Page-Vlink-CC-Void/txt_TrackData'

2024-05-15 23:39:27 - [TEST_STEP][PASSED] - click(findTestObject("Object Repository/RecAndPlayBk/Page-Vlink-CC-Void/btn_ProcessVLinkTransaction")): Object: 'Object Repository/RecAndPlayBk/Page-Vlink-CC-Void/btn_ProcessVLinkTransaction' is clicked on

2024-05-15 23:39:29 - [MESSAGE][PASSED] - Object: 'Object Repository/RecAndPlayBk/Page-Vlink-CC-Void/btn_ProcessVLinkTransaction' is clicked on

2024-05-15 23:39:29 - [TEST_STEP][PASSED] - if (verifyTextPresent("Transaction approved, no errors", true)): null

2024-05-15 23:39:29 - [MESSAGE][PASSED] - Text 'Transaction approved, no errors' is present on page  using regular expression

2024-05-15 23:39:29 - [TEST_STEP][PASSED] - println("Transaction Approved, no errors text is present on the Confirmation page"): null

2024-05-15 23:39:29 - [TEST_STEP][PASSED] - out.println("Pass Record Number: " + row): null

2024-05-15 23:39:29 - [TEST_STEP][PASSED] - resText = "Pass": null

2024-05-15 23:39:29 - [TEST_STEP][PASSED] - pages.WriteExcel.demoKey(resText, datText, resColumn, datCloumn, fileLoc, nameSheet, row): pages.WriteExcel.demoKey is PASSED

2024-05-15 23:39:29 - [MESSAGE][PASSED] - pages.WriteExcel.demoKey is PASSED]]></system-out>
         <system-err><![CDATA[]]></system-err>
      </testcase>
      <testcase name="Test Cases/RecAndPlayBk/VLink/Sale-Credit" time="140.492" classname="Test Cases/RecAndPlayBk/VLink/Sale-Credit" status="PASSED">
         <system-out><![CDATA[2024-05-15 23:39:29 - [TEST_CASE][PASSED] - Test Cases/RecAndPlayBk/VLink/Sale-Credit: Test Cases/RecAndPlayBk/VLink/Sale-Credit

2024-05-15 23:39:30 - [TEST_STEP][PASSED] - executionProfile = getExecutionProfile(): null

2024-05-15 23:39:30 - [TEST_STEP][PASSED] - out.println("executionProfile : " + executionProfile): null

2024-05-15 23:39:30 - [TEST_STEP][PASSED] - appName = <not implemented yet for class: org.codehaus.groovy.ast.expr.EmptyExpression>: null

2024-05-15 23:39:30 - [TEST_STEP][PASSED] - appID = <not implemented yet for class: org.codehaus.groovy.ast.expr.EmptyExpression>: null

2024-05-15 23:39:30 - [TEST_STEP][PASSED] - username = <not implemented yet for class: org.codehaus.groovy.ast.expr.EmptyExpression>: null

2024-05-15 23:39:30 - [TEST_STEP][PASSED] - password = <not implemented yet for class: org.codehaus.groovy.ast.expr.EmptyExpression>: null

2024-05-15 23:39:30 - [TEST_STEP][PASSED] - cardNameV = <not implemented yet for class: org.codehaus.groovy.ast.expr.EmptyExpression>: null

2024-05-15 23:39:30 - [TEST_STEP][PASSED] - al1V = <not implemented yet for class: org.codehaus.groovy.ast.expr.EmptyExpression>: null

2024-05-15 23:39:30 - [TEST_STEP][PASSED] - al2V = <not implemented yet for class: org.codehaus.groovy.ast.expr.EmptyExpression>: null

2024-05-15 23:39:30 - [TEST_STEP][PASSED] - zipV = <not implemented yet for class: org.codehaus.groovy.ast.expr.EmptyExpression>: null

2024-05-15 23:39:30 - [TEST_STEP][PASSED] - cardTypeV = <not implemented yet for class: org.codehaus.groovy.ast.expr.EmptyExpression>: null

2024-05-15 23:39:30 - [TEST_STEP][PASSED] - last4V = <not implemented yet for class: org.codehaus.groovy.ast.expr.EmptyExpression>: null

2024-05-15 23:39:30 - [TEST_STEP][PASSED] - resText = "Fail": null

2024-05-15 23:39:30 - [TEST_STEP][PASSED] - resColumn = "Result": null

2024-05-15 23:39:30 - [TEST_STEP][PASSED] - datCloumn = "Date": null

2024-05-15 23:39:30 - [TEST_STEP][PASSED] - fileLoc = "KatalonData/VLinkSmokeData.xlsx": null

2024-05-15 23:39:30 - [TEST_STEP][PASSED] - numOfRows = <not implemented yet for class: org.codehaus.groovy.ast.expr.EmptyExpression>: null

2024-05-15 23:39:30 - [TEST_STEP][PASSED] - dataFile = <not implemented yet for class: org.codehaus.groovy.ast.expr.EmptyExpression>: null

2024-05-15 23:39:30 - [TEST_STEP][PASSED] - nameSheet = <not implemented yet for class: org.codehaus.groovy.ast.expr.EmptyExpression>: null

2024-05-15 23:39:30 - [TEST_STEP][PASSED] - nameSheet = "Sale-Credit": null

2024-05-15 23:39:30 - [TEST_STEP][PASSED] - numOfRows = findTestData("QA/VLinkTestData/VLinkSaleCreditData").getRowNumbers(): null

2024-05-15 23:39:30 - [TEST_STEP][PASSED] - println("Number of Records: " + numOfRows): null

2024-05-15 23:39:30 - [TEST_STEP][PASSED] - dataFile = "QA/VLinkTestData/VLinkSaleCreditData": null

2024-05-15 23:39:30 - [TEST_STEP][PASSED] - for ([row = 1, row <= numOfRows, (row++)]): null

2024-05-15 23:39:30 - [TEST_STEP][PASSED] - ExecuteTC = findTestData(dataFile).getValue("Execute", row): null

2024-05-15 23:39:30 - [TEST_STEP][PASSED] - out.println("Value of Execute is : " + ExecuteTC): null

2024-05-15 23:39:30 - [TEST_STEP][PASSED] - switch (executionProfile): null

2024-05-15 23:39:30 - [TEST_STEP][PASSED] - case "QA2Profile":: null

2024-05-15 23:39:30 - [TEST_STEP][PASSED] - appID = findTestData(dataFile).getValue("AppIDQA", row): null

2024-05-15 23:39:30 - [TEST_STEP][PASSED] - username = findTestData(dataFile).getValue("UsernameQA", row): null

2024-05-15 23:39:30 - [TEST_STEP][PASSED] - password = findTestData(dataFile).getValue("PasswordQA", row): null

2024-05-15 23:39:30 - [TEST_STEP][PASSED] - break: null

2024-05-15 23:39:30 - [TEST_STEP][PASSED] - if (ExecuteTC.equalsIgnoreCase("Y")): null

2024-05-15 23:39:30 - [TEST_STEP][PASSED] - out.println("Begin Record Number: " + row): null

2024-05-15 23:39:30 - [TEST_STEP][PASSED] - today = new java.util.Date(): null

2024-05-15 23:39:30 - [TEST_STEP][PASSED] - println(today): null

2024-05-15 23:39:30 - [TEST_STEP][PASSED] - datText = today: null

2024-05-15 23:39:30 - [TEST_STEP][PASSED] - category = findTestData(dataFile).getValue("Category", row): null

2024-05-15 23:39:30 - [TEST_STEP][PASSED] - amount = findTestData(dataFile).getValue("Amount", row): null

2024-05-15 23:39:30 - [TEST_STEP][PASSED] - cardNumber = findTestData(dataFile).getValue("CardNumber", row): null

2024-05-15 23:39:31 - [TEST_STEP][PASSED] - exM = findTestData(dataFile).getValue("ExM", row): null

2024-05-15 23:39:31 - [TEST_STEP][PASSED] - exY = findTestData(dataFile).getValue("ExY", row): null

2024-05-15 23:39:31 - [TEST_STEP][PASSED] - openBrowser(VLinkURL + "authcap.html"): Browser is opened with url: 'https://dev-algorithm.govolution.com/vlinktest/QA2/version_2_0/authcap.html'

2024-05-15 23:39:31 - [MESSAGE][WARNING] - A browser is already opened. Closing browser and opening a new one

2024-05-15 23:39:32 - [MESSAGE][INFO] - Starting 'Chrome' driver

2024-05-15 23:39:32 - [MESSAGE][INFO] - User set preference: ['acceptInsecureCerts', 'true']

2024-05-15 23:39:32 - [MESSAGE][INFO] - Action delay is set to 0 milliseconds

2024-05-15 23:39:34 - [MESSAGE][PASSED] - Browser is opened with url: 'https://dev-algorithm.govolution.com/vlinktest/QA2/version_2_0/authcap.html'

2024-05-15 23:39:34 - [TEST_STEP][PASSED] - maximizeWindow(): Current window maximized

2024-05-15 23:39:34 - [MESSAGE][PASSED] - Current window maximized

2024-05-15 23:39:34 - [TEST_STEP][PASSED] - maximizeWindow(): Current window maximized

2024-05-15 23:39:34 - [MESSAGE][PASSED] - Current window maximized

2024-05-15 23:39:34 - [TEST_STEP][PASSED] - genRemID = RandomStringUtils.random(12, true, true): null

2024-05-15 23:39:34 - [TEST_STEP][PASSED] - setText(findTestObject("Object Repository/RecAndPlayBk/Page-Vlink-Sale/input_Remittance Id_remittance_id"), genRemID): Text 'DRLN5DDecQHw' is set on object 'Object Repository/RecAndPlayBk/Page-Vlink-Sale/input_Remittance Id_remittance_id'

2024-05-15 23:39:35 - [MESSAGE][PASSED] - Text 'DRLN5DDecQHw' is set on object 'Object Repository/RecAndPlayBk/Page-Vlink-Sale/input_Remittance Id_remittance_id'

2024-05-15 23:39:35 - [TEST_STEP][PASSED] - setText(findTestObject("Object Repository/RecAndPlayBk/Page-Vlink-Sale/input_Application Id_application_id"), appID): Text '234' is set on object 'Object Repository/RecAndPlayBk/Page-Vlink-Sale/input_Application Id_application_id'

2024-05-15 23:39:35 - [MESSAGE][PASSED] - Text '234' is set on object 'Object Repository/RecAndPlayBk/Page-Vlink-Sale/input_Application Id_application_id'

2024-05-15 23:39:35 - [TEST_STEP][PASSED] - setText(findTestObject("Object Repository/RecAndPlayBk/Page-Vlink-Sale/input_Username_username"), username): Text 'username' is set on object 'Object Repository/RecAndPlayBk/Page-Vlink-Sale/input_Username_username'

2024-05-15 23:39:36 - [MESSAGE][PASSED] - Text 'username' is set on object 'Object Repository/RecAndPlayBk/Page-Vlink-Sale/input_Username_username'

2024-05-15 23:39:36 - [TEST_STEP][PASSED] - setText(findTestObject("Object Repository/RecAndPlayBk/Page-Vlink-Sale/input_Password_password"), password): Text 'password' is set on object 'Object Repository/RecAndPlayBk/Page-Vlink-Sale/input_Password_password'

2024-05-15 23:39:37 - [MESSAGE][PASSED] - Text 'password' is set on object 'Object Repository/RecAndPlayBk/Page-Vlink-Sale/input_Password_password'

2024-05-15 23:39:37 - [TEST_STEP][PASSED] - setText(findTestObject("Object Repository/RecAndPlayBk/Page-Vlink-Sale/input_Category_category"), category): Text 'ECOM' is set on object 'Object Repository/RecAndPlayBk/Page-Vlink-Sale/input_Category_category'

2024-05-15 23:39:37 - [MESSAGE][PASSED] - Text 'ECOM' is set on object 'Object Repository/RecAndPlayBk/Page-Vlink-Sale/input_Category_category'

2024-05-15 23:39:37 - [TEST_STEP][PASSED] - setText(findTestObject("Object Repository/RecAndPlayBk/Page-Vlink-Sale/input_Amount_amount"), amount): Text '10.5' is set on object 'Object Repository/RecAndPlayBk/Page-Vlink-Sale/input_Amount_amount'

2024-05-15 23:39:38 - [MESSAGE][PASSED] - Text '10.5' is set on object 'Object Repository/RecAndPlayBk/Page-Vlink-Sale/input_Amount_amount'

2024-05-15 23:39:38 - [TEST_STEP][PASSED] - doubleClick(findTestObject("Object Repository/RecAndPlayBk/Page-Vlink-Sale/input_Card number_card_number")): Object: 'Object Repository/RecAndPlayBk/Page-Vlink-Sale/input_Card number_card_number' is double clicked on

2024-05-15 23:39:38 - [MESSAGE][PASSED] - Object: 'Object Repository/RecAndPlayBk/Page-Vlink-Sale/input_Card number_card_number' is double clicked on

2024-05-15 23:39:38 - [TEST_STEP][PASSED] - setText(findTestObject("Object Repository/RecAndPlayBk/Page-Vlink-Sale/input_Card number_card_number"), cardNumber): Text '4111111111111111' is set on object 'Object Repository/RecAndPlayBk/Page-Vlink-Sale/input_Card number_card_number'

2024-05-15 23:39:39 - [MESSAGE][PASSED] - Text '4111111111111111' is set on object 'Object Repository/RecAndPlayBk/Page-Vlink-Sale/input_Card number_card_number'

2024-05-15 23:39:39 - [TEST_STEP][PASSED] - setText(findTestObject("Object Repository/RecAndPlayBk/Page-Vlink-Sale/input_Card ex month_card_exmo"), exM): Text '12' is set on object 'Object Repository/RecAndPlayBk/Page-Vlink-Sale/input_Card ex month_card_exmo'

2024-05-15 23:39:40 - [MESSAGE][PASSED] - Text '12' is set on object 'Object Repository/RecAndPlayBk/Page-Vlink-Sale/input_Card ex month_card_exmo'

2024-05-15 23:39:40 - [TEST_STEP][PASSED] - setText(findTestObject("Object Repository/RecAndPlayBk/Page-Vlink-Sale/input_Card ex year_card_exyr"), exY): Text '2029' is set on object 'Object Repository/RecAndPlayBk/Page-Vlink-Sale/input_Card ex year_card_exyr'

2024-05-15 23:39:40 - [MESSAGE][PASSED] - Text '2029' is set on object 'Object Repository/RecAndPlayBk/Page-Vlink-Sale/input_Card ex year_card_exyr'

2024-05-15 23:39:40 - [TEST_STEP][PASSED] - click(findTestObject("Object Repository/RecAndPlayBk/Page-Vlink-Sale/input_Track Data_track_data")): Object: 'Object Repository/RecAndPlayBk/Page-Vlink-Sale/input_Track Data_track_data' is clicked on

2024-05-15 23:39:41 - [MESSAGE][PASSED] - Object: 'Object Repository/RecAndPlayBk/Page-Vlink-Sale/input_Track Data_track_data' is clicked on

2024-05-15 23:39:41 - [TEST_STEP][PASSED] - click(findTestObject("Object Repository/RecAndPlayBk/Page-Vlink-Sale/input_CVV state_cvv_state")): Object: 'Object Repository/RecAndPlayBk/Page-Vlink-Sale/input_CVV state_cvv_state' is clicked on

2024-05-15 23:39:41 - [MESSAGE][PASSED] - Object: 'Object Repository/RecAndPlayBk/Page-Vlink-Sale/input_CVV state_cvv_state' is clicked on

2024-05-15 23:39:41 - [TEST_STEP][PASSED] - setText(findTestObject("Object Repository/RecAndPlayBk/Page-Vlink-Sale/input_Track Data_track_data"), ""): Text '' is set on object 'Object Repository/RecAndPlayBk/Page-Vlink-Sale/input_Track Data_track_data'

2024-05-15 23:39:42 - [MESSAGE][PASSED] - Text '' is set on object 'Object Repository/RecAndPlayBk/Page-Vlink-Sale/input_Track Data_track_data'

2024-05-15 23:39:42 - [TEST_STEP][PASSED] - setText(findTestObject("Object Repository/RecAndPlayBk/Page-Vlink-Sale/input_concat(Cardholder, , s email)_email"), ""): Text '' is set on object 'Object Repository/RecAndPlayBk/Page-Vlink-Sale/input_concat(Cardholder, , s email)_email'

2024-05-15 23:39:42 - [MESSAGE][PASSED] - Text '' is set on object 'Object Repository/RecAndPlayBk/Page-Vlink-Sale/input_concat(Cardholder, , s email)_email'

2024-05-15 23:39:42 - [TEST_STEP][PASSED] - click(findTestObject("Object Repository/RecAndPlayBk/Page-Vlink-Sale/input_user_defined10_user_defined10")): Object: 'Object Repository/RecAndPlayBk/Page-Vlink-Sale/input_user_defined10_user_defined10' is clicked on

2024-05-15 23:39:43 - [MESSAGE][PASSED] - Object: 'Object Repository/RecAndPlayBk/Page-Vlink-Sale/input_user_defined10_user_defined10' is clicked on

2024-05-15 23:39:43 - [TEST_STEP][PASSED] - if (executionProfile.equalsIgnoreCase("QAProfile") || executionProfile.equalsIgnoreCase("DemoProfile")): null

2024-05-15 23:39:43 - [TEST_STEP][PASSED] - click(findTestObject("Object Repository/RecAndPlayBk/Page-Vlink-Sale/input")): Object: 'Object Repository/RecAndPlayBk/Page-Vlink-Sale/input' is clicked on

2024-05-15 23:39:44 - [MESSAGE][PASSED] - Object: 'Object Repository/RecAndPlayBk/Page-Vlink-Sale/input' is clicked on

2024-05-15 23:39:44 - [TEST_STEP][PASSED] - if (verifyTextPresent("Transaction approved, no errors", true)): null

2024-05-15 23:39:44 - [MESSAGE][PASSED] - Text 'Transaction approved, no errors' is present on page  using regular expression

2024-05-15 23:39:44 - [TEST_STEP][PASSED] - println("Transaction Approved, no errors text is present on the Confirmation page"): null

2024-05-15 23:39:44 - [TEST_STEP][PASSED] - sdfo = getText(findTestObject("Object Repository/Page_VLinkReceipt/pre_STX")): Text of object 'Object Repository/Page_VLinkReceipt/pre_STX' is: '<STX>DRLN5DDecQHw                  12151616            0  Transaction approved, no errors                   0                                                                                  Y 324439532<ETX>'

2024-05-15 23:39:44 - [MESSAGE][PASSED] - Text of object 'Object Repository/Page_VLinkReceipt/pre_STX' is: '<STX>DRLN5DDecQHw                  12151616            0  Transaction approved, no errors                   0                                                                                  Y 324439532<ETX>'

2024-05-15 23:39:44 - [TEST_STEP][PASSED] - out.println("sdfo: " + sdfo): null

2024-05-15 23:39:44 - [TEST_STEP][PASSED] - remID = substring(5, 35).trim(): null

2024-05-15 23:39:44 - [TEST_STEP][PASSED] - out.println("remID: " + remID): null

2024-05-15 23:39:44 - [TEST_STEP][PASSED] - traxID = substring(35, 55).trim(): null

2024-05-15 23:39:44 - [TEST_STEP][PASSED] - out.println("traxID: " + traxID): null

2024-05-15 23:39:44 - [TEST_STEP][PASSED] - VLinkSaleRemID = remID: null

2024-05-15 23:39:44 - [TEST_STEP][PASSED] - VLinkSaleTranxID = traxID: null

2024-05-15 23:39:44 - [TEST_STEP][PASSED] - openBrowser(VLinkURL + "CC_credit.html"): Browser is opened with url: 'https://dev-algorithm.govolution.com/vlinktest/QA2/version_2_0/CC_credit.html'

2024-05-15 23:39:44 - [MESSAGE][WARNING] - A browser is already opened. Closing browser and opening a new one

2024-05-15 23:39:45 - [MESSAGE][INFO] - Starting 'Chrome' driver

2024-05-15 23:39:45 - [MESSAGE][INFO] - User set preference: ['acceptInsecureCerts', 'true']

2024-05-15 23:39:45 - [MESSAGE][INFO] - Action delay is set to 0 milliseconds

2024-05-15 23:39:47 - [MESSAGE][PASSED] - Browser is opened with url: 'https://dev-algorithm.govolution.com/vlinktest/QA2/version_2_0/CC_credit.html'

2024-05-15 23:39:47 - [TEST_STEP][PASSED] - maximizeWindow(): Current window maximized

2024-05-15 23:39:48 - [MESSAGE][PASSED] - Current window maximized

2024-05-15 23:39:48 - [TEST_STEP][PASSED] - setText(findTestObject("Object Repository/RecAndPlayBk/Page-Vlink-CC-Credit/input_Remittance Id"), VLinkSaleRemID): Text 'DRLN5DDecQHw' is set on object 'Object Repository/RecAndPlayBk/Page-Vlink-CC-Credit/input_Remittance Id'

2024-05-15 23:39:48 - [MESSAGE][PASSED] - Text 'DRLN5DDecQHw' is set on object 'Object Repository/RecAndPlayBk/Page-Vlink-CC-Credit/input_Remittance Id'

2024-05-15 23:39:48 - [TEST_STEP][PASSED] - setText(findTestObject("Object Repository/RecAndPlayBk/Page-Vlink-CC-Credit/input_Application Id"), appID): Text '234' is set on object 'Object Repository/RecAndPlayBk/Page-Vlink-CC-Credit/input_Application Id'

2024-05-15 23:39:49 - [MESSAGE][PASSED] - Text '234' is set on object 'Object Repository/RecAndPlayBk/Page-Vlink-CC-Credit/input_Application Id'

2024-05-15 23:39:49 - [TEST_STEP][PASSED] - setText(findTestObject("Object Repository/RecAndPlayBk/Page-Vlink-CC-Credit/input_Username"), username): Text 'username' is set on object 'Object Repository/RecAndPlayBk/Page-Vlink-CC-Credit/input_Username'

2024-05-15 23:39:50 - [MESSAGE][PASSED] - Text 'username' is set on object 'Object Repository/RecAndPlayBk/Page-Vlink-CC-Credit/input_Username'

2024-05-15 23:39:50 - [TEST_STEP][PASSED] - setText(findTestObject("Object Repository/RecAndPlayBk/Page-Vlink-CC-Credit/input_Password"), password): Text 'password' is set on object 'Object Repository/RecAndPlayBk/Page-Vlink-CC-Credit/input_Password'

2024-05-15 23:39:50 - [MESSAGE][PASSED] - Text 'password' is set on object 'Object Repository/RecAndPlayBk/Page-Vlink-CC-Credit/input_Password'

2024-05-15 23:39:50 - [TEST_STEP][PASSED] - setText(findTestObject("Object Repository/RecAndPlayBk/Page-Vlink-CC-Credit/input_Transaction ID"), VLinkSaleTranxID): Text '12151616' is set on object 'Object Repository/RecAndPlayBk/Page-Vlink-CC-Credit/input_Transaction ID'

2024-05-15 23:39:51 - [MESSAGE][PASSED] - Text '12151616' is set on object 'Object Repository/RecAndPlayBk/Page-Vlink-CC-Credit/input_Transaction ID'

2024-05-15 23:39:51 - [TEST_STEP][PASSED] - setText(findTestObject("Object Repository/RecAndPlayBk/Page-Vlink-CC-Credit/input_Amount"), amount): Text '10.5' is set on object 'Object Repository/RecAndPlayBk/Page-Vlink-CC-Credit/input_Amount'

2024-05-15 23:39:52 - [MESSAGE][PASSED] - Text '10.5' is set on object 'Object Repository/RecAndPlayBk/Page-Vlink-CC-Credit/input_Amount'

2024-05-15 23:39:52 - [TEST_STEP][PASSED] - setText(findTestObject("Object Repository/RecAndPlayBk/Page-Vlink-CC-Credit/input_Card number"), ""): Text '' is set on object 'Object Repository/RecAndPlayBk/Page-Vlink-CC-Credit/input_Card number'

2024-05-15 23:39:52 - [MESSAGE][PASSED] - Text '' is set on object 'Object Repository/RecAndPlayBk/Page-Vlink-CC-Credit/input_Card number'

2024-05-15 23:39:52 - [TEST_STEP][PASSED] - setText(findTestObject("Object Repository/RecAndPlayBk/Page-Vlink-CC-Credit/input_Card ex month"), ""): Text '' is set on object 'Object Repository/RecAndPlayBk/Page-Vlink-CC-Credit/input_Card ex month'

2024-05-15 23:39:53 - [MESSAGE][PASSED] - Text '' is set on object 'Object Repository/RecAndPlayBk/Page-Vlink-CC-Credit/input_Card ex month'

2024-05-15 23:39:53 - [TEST_STEP][PASSED] - setText(findTestObject("Object Repository/RecAndPlayBk/Page-Vlink-CC-Credit/input_Card ex year"), ""): Text '' is set on object 'Object Repository/RecAndPlayBk/Page-Vlink-CC-Credit/input_Card ex year'

2024-05-15 23:39:53 - [MESSAGE][PASSED] - Text '' is set on object 'Object Repository/RecAndPlayBk/Page-Vlink-CC-Credit/input_Card ex year'

2024-05-15 23:39:53 - [TEST_STEP][PASSED] - setText(findTestObject("Object Repository/RecAndPlayBk/Page-Vlink-CC-Credit/input_Track Data"), ""): Text '' is set on object 'Object Repository/RecAndPlayBk/Page-Vlink-CC-Credit/input_Track Data'

2024-05-15 23:39:54 - [MESSAGE][PASSED] - Text '' is set on object 'Object Repository/RecAndPlayBk/Page-Vlink-CC-Credit/input_Track Data'

2024-05-15 23:39:54 - [TEST_STEP][PASSED] - setText(findTestObject("Object Repository/RecAndPlayBk/Page-Vlink-CC-Credit/input_Category Code"), category): Text 'ECOM' is set on object 'Object Repository/RecAndPlayBk/Page-Vlink-CC-Credit/input_Category Code'

2024-05-15 23:39:55 - [MESSAGE][PASSED] - Text 'ECOM' is set on object 'Object Repository/RecAndPlayBk/Page-Vlink-CC-Credit/input_Category Code'

2024-05-15 23:39:55 - [TEST_STEP][PASSED] - click(findTestObject("Object Repository/RecAndPlayBk/Page-Vlink-CC-Credit/input")): Object: 'Object Repository/RecAndPlayBk/Page-Vlink-CC-Credit/input' is clicked on

2024-05-15 23:39:56 - [MESSAGE][PASSED] - Object: 'Object Repository/RecAndPlayBk/Page-Vlink-CC-Credit/input' is clicked on

2024-05-15 23:39:56 - [TEST_STEP][PASSED] - if (verifyTextPresent("Transaction approved, no errors", true)): null

2024-05-15 23:39:56 - [MESSAGE][PASSED] - Text 'Transaction approved, no errors' is present on page  using regular expression

2024-05-15 23:39:56 - [TEST_STEP][PASSED] - println("Transaction Approved, no errors text is present on the Confirmation page"): null

2024-05-15 23:39:56 - [TEST_STEP][PASSED] - out.println("Pass Record Number: " + row): null

2024-05-15 23:39:56 - [TEST_STEP][PASSED] - resText = "Pass": null

2024-05-15 23:39:56 - [TEST_STEP][PASSED] - pages.WriteExcel.demoKey(resText, datText, resColumn, datCloumn, fileLoc, nameSheet, row): pages.WriteExcel.demoKey is PASSED

2024-05-15 23:39:56 - [MESSAGE][PASSED] - pages.WriteExcel.demoKey is PASSED

2024-05-15 23:39:56 - [TEST_STEP][PASSED] - ExecuteTC = findTestData(dataFile).getValue("Execute", row): null

2024-05-15 23:39:56 - [TEST_STEP][PASSED] - out.println("Value of Execute is : " + ExecuteTC): null

2024-05-15 23:39:56 - [TEST_STEP][PASSED] - switch (executionProfile): null

2024-05-15 23:39:56 - [TEST_STEP][PASSED] - case "QA2Profile":: null

2024-05-15 23:39:56 - [TEST_STEP][PASSED] - appID = findTestData(dataFile).getValue("AppIDQA", row): null

2024-05-15 23:39:57 - [TEST_STEP][PASSED] - username = findTestData(dataFile).getValue("UsernameQA", row): null

2024-05-15 23:39:57 - [TEST_STEP][PASSED] - password = findTestData(dataFile).getValue("PasswordQA", row): null

2024-05-15 23:39:57 - [TEST_STEP][PASSED] - break: null

2024-05-15 23:39:57 - [TEST_STEP][PASSED] - if (ExecuteTC.equalsIgnoreCase("Y")): null

2024-05-15 23:39:57 - [TEST_STEP][PASSED] - out.println("Begin Record Number: " + row): null

2024-05-15 23:39:57 - [TEST_STEP][PASSED] - today = new java.util.Date(): null

2024-05-15 23:39:57 - [TEST_STEP][PASSED] - println(today): null

2024-05-15 23:39:57 - [TEST_STEP][PASSED] - datText = today: null

2024-05-15 23:39:57 - [TEST_STEP][PASSED] - category = findTestData(dataFile).getValue("Category", row): null

2024-05-15 23:39:57 - [TEST_STEP][PASSED] - amount = findTestData(dataFile).getValue("Amount", row): null

2024-05-15 23:39:57 - [TEST_STEP][PASSED] - cardNumber = findTestData(dataFile).getValue("CardNumber", row): null

2024-05-15 23:39:57 - [TEST_STEP][PASSED] - exM = findTestData(dataFile).getValue("ExM", row): null

2024-05-15 23:39:57 - [TEST_STEP][PASSED] - exY = findTestData(dataFile).getValue("ExY", row): null

2024-05-15 23:39:57 - [TEST_STEP][PASSED] - openBrowser(VLinkURL + "authcap.html"): Browser is opened with url: 'https://dev-algorithm.govolution.com/vlinktest/QA2/version_2_0/authcap.html'

2024-05-15 23:39:57 - [MESSAGE][WARNING] - A browser is already opened. Closing browser and opening a new one

2024-05-15 23:39:59 - [MESSAGE][INFO] - Starting 'Chrome' driver

2024-05-15 23:39:59 - [MESSAGE][INFO] - User set preference: ['acceptInsecureCerts', 'true']

2024-05-15 23:39:59 - [MESSAGE][INFO] - Action delay is set to 0 milliseconds

2024-05-15 23:40:01 - [MESSAGE][PASSED] - Browser is opened with url: 'https://dev-algorithm.govolution.com/vlinktest/QA2/version_2_0/authcap.html'

2024-05-15 23:40:01 - [TEST_STEP][PASSED] - maximizeWindow(): Current window maximized

2024-05-15 23:40:01 - [MESSAGE][PASSED] - Current window maximized

2024-05-15 23:40:01 - [TEST_STEP][PASSED] - maximizeWindow(): Current window maximized

2024-05-15 23:40:01 - [MESSAGE][PASSED] - Current window maximized

2024-05-15 23:40:01 - [TEST_STEP][PASSED] - genRemID = RandomStringUtils.random(12, true, true): null

2024-05-15 23:40:01 - [TEST_STEP][PASSED] - setText(findTestObject("Object Repository/RecAndPlayBk/Page-Vlink-Sale/input_Remittance Id_remittance_id"), genRemID): Text 'BRGeVcDLW9oM' is set on object 'Object Repository/RecAndPlayBk/Page-Vlink-Sale/input_Remittance Id_remittance_id'

2024-05-15 23:40:02 - [MESSAGE][PASSED] - Text 'BRGeVcDLW9oM' is set on object 'Object Repository/RecAndPlayBk/Page-Vlink-Sale/input_Remittance Id_remittance_id'

2024-05-15 23:40:02 - [TEST_STEP][PASSED] - setText(findTestObject("Object Repository/RecAndPlayBk/Page-Vlink-Sale/input_Application Id_application_id"), appID): Text '234' is set on object 'Object Repository/RecAndPlayBk/Page-Vlink-Sale/input_Application Id_application_id'

2024-05-15 23:40:03 - [MESSAGE][PASSED] - Text '234' is set on object 'Object Repository/RecAndPlayBk/Page-Vlink-Sale/input_Application Id_application_id'

2024-05-15 23:40:03 - [TEST_STEP][PASSED] - setText(findTestObject("Object Repository/RecAndPlayBk/Page-Vlink-Sale/input_Username_username"), username): Text 'username' is set on object 'Object Repository/RecAndPlayBk/Page-Vlink-Sale/input_Username_username'

2024-05-15 23:40:03 - [MESSAGE][PASSED] - Text 'username' is set on object 'Object Repository/RecAndPlayBk/Page-Vlink-Sale/input_Username_username'

2024-05-15 23:40:03 - [TEST_STEP][PASSED] - setText(findTestObject("Object Repository/RecAndPlayBk/Page-Vlink-Sale/input_Password_password"), password): Text 'password' is set on object 'Object Repository/RecAndPlayBk/Page-Vlink-Sale/input_Password_password'

2024-05-15 23:40:04 - [MESSAGE][PASSED] - Text 'password' is set on object 'Object Repository/RecAndPlayBk/Page-Vlink-Sale/input_Password_password'

2024-05-15 23:40:04 - [TEST_STEP][PASSED] - setText(findTestObject("Object Repository/RecAndPlayBk/Page-Vlink-Sale/input_Category_category"), category): Text 'MOTO' is set on object 'Object Repository/RecAndPlayBk/Page-Vlink-Sale/input_Category_category'

2024-05-15 23:40:05 - [MESSAGE][PASSED] - Text 'MOTO' is set on object 'Object Repository/RecAndPlayBk/Page-Vlink-Sale/input_Category_category'

2024-05-15 23:40:05 - [TEST_STEP][PASSED] - setText(findTestObject("Object Repository/RecAndPlayBk/Page-Vlink-Sale/input_Amount_amount"), amount): Text '10.5' is set on object 'Object Repository/RecAndPlayBk/Page-Vlink-Sale/input_Amount_amount'

2024-05-15 23:40:05 - [MESSAGE][PASSED] - Text '10.5' is set on object 'Object Repository/RecAndPlayBk/Page-Vlink-Sale/input_Amount_amount'

2024-05-15 23:40:05 - [TEST_STEP][PASSED] - doubleClick(findTestObject("Object Repository/RecAndPlayBk/Page-Vlink-Sale/input_Card number_card_number")): Object: 'Object Repository/RecAndPlayBk/Page-Vlink-Sale/input_Card number_card_number' is double clicked on

2024-05-15 23:40:06 - [MESSAGE][PASSED] - Object: 'Object Repository/RecAndPlayBk/Page-Vlink-Sale/input_Card number_card_number' is double clicked on

2024-05-15 23:40:06 - [TEST_STEP][PASSED] - setText(findTestObject("Object Repository/RecAndPlayBk/Page-Vlink-Sale/input_Card number_card_number"), cardNumber): Text '5424000000000015' is set on object 'Object Repository/RecAndPlayBk/Page-Vlink-Sale/input_Card number_card_number'

2024-05-15 23:40:06 - [MESSAGE][PASSED] - Text '5424000000000015' is set on object 'Object Repository/RecAndPlayBk/Page-Vlink-Sale/input_Card number_card_number'

2024-05-15 23:40:06 - [TEST_STEP][PASSED] - setText(findTestObject("Object Repository/RecAndPlayBk/Page-Vlink-Sale/input_Card ex month_card_exmo"), exM): Text '12' is set on object 'Object Repository/RecAndPlayBk/Page-Vlink-Sale/input_Card ex month_card_exmo'

2024-05-15 23:40:07 - [MESSAGE][PASSED] - Text '12' is set on object 'Object Repository/RecAndPlayBk/Page-Vlink-Sale/input_Card ex month_card_exmo'

2024-05-15 23:40:07 - [TEST_STEP][PASSED] - setText(findTestObject("Object Repository/RecAndPlayBk/Page-Vlink-Sale/input_Card ex year_card_exyr"), exY): Text '2029' is set on object 'Object Repository/RecAndPlayBk/Page-Vlink-Sale/input_Card ex year_card_exyr'

2024-05-15 23:40:08 - [MESSAGE][PASSED] - Text '2029' is set on object 'Object Repository/RecAndPlayBk/Page-Vlink-Sale/input_Card ex year_card_exyr'

2024-05-15 23:40:08 - [TEST_STEP][PASSED] - click(findTestObject("Object Repository/RecAndPlayBk/Page-Vlink-Sale/input_Track Data_track_data")): Object: 'Object Repository/RecAndPlayBk/Page-Vlink-Sale/input_Track Data_track_data' is clicked on

2024-05-15 23:40:08 - [MESSAGE][PASSED] - Object: 'Object Repository/RecAndPlayBk/Page-Vlink-Sale/input_Track Data_track_data' is clicked on

2024-05-15 23:40:08 - [TEST_STEP][PASSED] - click(findTestObject("Object Repository/RecAndPlayBk/Page-Vlink-Sale/input_CVV state_cvv_state")): Object: 'Object Repository/RecAndPlayBk/Page-Vlink-Sale/input_CVV state_cvv_state' is clicked on

2024-05-15 23:40:08 - [MESSAGE][PASSED] - Object: 'Object Repository/RecAndPlayBk/Page-Vlink-Sale/input_CVV state_cvv_state' is clicked on

2024-05-15 23:40:08 - [TEST_STEP][PASSED] - setText(findTestObject("Object Repository/RecAndPlayBk/Page-Vlink-Sale/input_Track Data_track_data"), ""): Text '' is set on object 'Object Repository/RecAndPlayBk/Page-Vlink-Sale/input_Track Data_track_data'

2024-05-15 23:40:09 - [MESSAGE][PASSED] - Text '' is set on object 'Object Repository/RecAndPlayBk/Page-Vlink-Sale/input_Track Data_track_data'

2024-05-15 23:40:09 - [TEST_STEP][PASSED] - setText(findTestObject("Object Repository/RecAndPlayBk/Page-Vlink-Sale/input_concat(Cardholder, , s email)_email"), ""): Text '' is set on object 'Object Repository/RecAndPlayBk/Page-Vlink-Sale/input_concat(Cardholder, , s email)_email'

2024-05-15 23:40:10 - [MESSAGE][PASSED] - Text '' is set on object 'Object Repository/RecAndPlayBk/Page-Vlink-Sale/input_concat(Cardholder, , s email)_email'

2024-05-15 23:40:10 - [TEST_STEP][PASSED] - click(findTestObject("Object Repository/RecAndPlayBk/Page-Vlink-Sale/input_user_defined10_user_defined10")): Object: 'Object Repository/RecAndPlayBk/Page-Vlink-Sale/input_user_defined10_user_defined10' is clicked on

2024-05-15 23:40:10 - [MESSAGE][PASSED] - Object: 'Object Repository/RecAndPlayBk/Page-Vlink-Sale/input_user_defined10_user_defined10' is clicked on

2024-05-15 23:40:10 - [TEST_STEP][PASSED] - if (executionProfile.equalsIgnoreCase("QAProfile") || executionProfile.equalsIgnoreCase("DemoProfile")): null

2024-05-15 23:40:10 - [TEST_STEP][PASSED] - click(findTestObject("Object Repository/RecAndPlayBk/Page-Vlink-Sale/input")): Object: 'Object Repository/RecAndPlayBk/Page-Vlink-Sale/input' is clicked on

2024-05-15 23:40:11 - [MESSAGE][PASSED] - Object: 'Object Repository/RecAndPlayBk/Page-Vlink-Sale/input' is clicked on

2024-05-15 23:40:11 - [TEST_STEP][PASSED] - if (verifyTextPresent("Transaction approved, no errors", true)): null

2024-05-15 23:40:11 - [MESSAGE][PASSED] - Text 'Transaction approved, no errors' is present on page  using regular expression

2024-05-15 23:40:11 - [TEST_STEP][PASSED] - println("Transaction Approved, no errors text is present on the Confirmation page"): null

2024-05-15 23:40:11 - [TEST_STEP][PASSED] - sdfo = getText(findTestObject("Object Repository/Page_VLinkReceipt/pre_STX")): Text of object 'Object Repository/Page_VLinkReceipt/pre_STX' is: '<STX>BRGeVcDLW9oM                  12151618            0  Transaction approved, no errors                   0                                                                                  Y 441925106<ETX>'

2024-05-15 23:40:12 - [MESSAGE][PASSED] - Text of object 'Object Repository/Page_VLinkReceipt/pre_STX' is: '<STX>BRGeVcDLW9oM                  12151618            0  Transaction approved, no errors                   0                                                                                  Y 441925106<ETX>'

2024-05-15 23:40:12 - [TEST_STEP][PASSED] - out.println("sdfo: " + sdfo): null

2024-05-15 23:40:12 - [TEST_STEP][PASSED] - remID = substring(5, 35).trim(): null

2024-05-15 23:40:12 - [TEST_STEP][PASSED] - out.println("remID: " + remID): null

2024-05-15 23:40:12 - [TEST_STEP][PASSED] - traxID = substring(35, 55).trim(): null

2024-05-15 23:40:12 - [TEST_STEP][PASSED] - out.println("traxID: " + traxID): null

2024-05-15 23:40:12 - [TEST_STEP][PASSED] - VLinkSaleRemID = remID: null

2024-05-15 23:40:12 - [TEST_STEP][PASSED] - VLinkSaleTranxID = traxID: null

2024-05-15 23:40:12 - [TEST_STEP][PASSED] - openBrowser(VLinkURL + "CC_credit.html"): Browser is opened with url: 'https://dev-algorithm.govolution.com/vlinktest/QA2/version_2_0/CC_credit.html'

2024-05-15 23:40:12 - [MESSAGE][WARNING] - A browser is already opened. Closing browser and opening a new one

2024-05-15 23:40:13 - [MESSAGE][INFO] - Starting 'Chrome' driver

2024-05-15 23:40:13 - [MESSAGE][INFO] - User set preference: ['acceptInsecureCerts', 'true']

2024-05-15 23:40:13 - [MESSAGE][INFO] - Action delay is set to 0 milliseconds

2024-05-15 23:40:15 - [MESSAGE][PASSED] - Browser is opened with url: 'https://dev-algorithm.govolution.com/vlinktest/QA2/version_2_0/CC_credit.html'

2024-05-15 23:40:15 - [TEST_STEP][PASSED] - maximizeWindow(): Current window maximized

2024-05-15 23:40:15 - [MESSAGE][PASSED] - Current window maximized

2024-05-15 23:40:15 - [TEST_STEP][PASSED] - setText(findTestObject("Object Repository/RecAndPlayBk/Page-Vlink-CC-Credit/input_Remittance Id"), VLinkSaleRemID): Text 'BRGeVcDLW9oM' is set on object 'Object Repository/RecAndPlayBk/Page-Vlink-CC-Credit/input_Remittance Id'

2024-05-15 23:40:16 - [MESSAGE][PASSED] - Text 'BRGeVcDLW9oM' is set on object 'Object Repository/RecAndPlayBk/Page-Vlink-CC-Credit/input_Remittance Id'

2024-05-15 23:40:16 - [TEST_STEP][PASSED] - setText(findTestObject("Object Repository/RecAndPlayBk/Page-Vlink-CC-Credit/input_Application Id"), appID): Text '234' is set on object 'Object Repository/RecAndPlayBk/Page-Vlink-CC-Credit/input_Application Id'

2024-05-15 23:40:17 - [MESSAGE][PASSED] - Text '234' is set on object 'Object Repository/RecAndPlayBk/Page-Vlink-CC-Credit/input_Application Id'

2024-05-15 23:40:17 - [TEST_STEP][PASSED] - setText(findTestObject("Object Repository/RecAndPlayBk/Page-Vlink-CC-Credit/input_Username"), username): Text 'username' is set on object 'Object Repository/RecAndPlayBk/Page-Vlink-CC-Credit/input_Username'

2024-05-15 23:40:17 - [MESSAGE][PASSED] - Text 'username' is set on object 'Object Repository/RecAndPlayBk/Page-Vlink-CC-Credit/input_Username'

2024-05-15 23:40:17 - [TEST_STEP][PASSED] - setText(findTestObject("Object Repository/RecAndPlayBk/Page-Vlink-CC-Credit/input_Password"), password): Text 'password' is set on object 'Object Repository/RecAndPlayBk/Page-Vlink-CC-Credit/input_Password'

2024-05-15 23:40:18 - [MESSAGE][PASSED] - Text 'password' is set on object 'Object Repository/RecAndPlayBk/Page-Vlink-CC-Credit/input_Password'

2024-05-15 23:40:18 - [TEST_STEP][PASSED] - setText(findTestObject("Object Repository/RecAndPlayBk/Page-Vlink-CC-Credit/input_Transaction ID"), VLinkSaleTranxID): Text '12151618' is set on object 'Object Repository/RecAndPlayBk/Page-Vlink-CC-Credit/input_Transaction ID'

2024-05-15 23:40:18 - [MESSAGE][PASSED] - Text '12151618' is set on object 'Object Repository/RecAndPlayBk/Page-Vlink-CC-Credit/input_Transaction ID'

2024-05-15 23:40:18 - [TEST_STEP][PASSED] - setText(findTestObject("Object Repository/RecAndPlayBk/Page-Vlink-CC-Credit/input_Amount"), amount): Text '10.5' is set on object 'Object Repository/RecAndPlayBk/Page-Vlink-CC-Credit/input_Amount'

2024-05-15 23:40:19 - [MESSAGE][PASSED] - Text '10.5' is set on object 'Object Repository/RecAndPlayBk/Page-Vlink-CC-Credit/input_Amount'

2024-05-15 23:40:19 - [TEST_STEP][PASSED] - setText(findTestObject("Object Repository/RecAndPlayBk/Page-Vlink-CC-Credit/input_Card number"), ""): Text '' is set on object 'Object Repository/RecAndPlayBk/Page-Vlink-CC-Credit/input_Card number'

2024-05-15 23:40:20 - [MESSAGE][PASSED] - Text '' is set on object 'Object Repository/RecAndPlayBk/Page-Vlink-CC-Credit/input_Card number'

2024-05-15 23:40:20 - [TEST_STEP][PASSED] - setText(findTestObject("Object Repository/RecAndPlayBk/Page-Vlink-CC-Credit/input_Card ex month"), ""): Text '' is set on object 'Object Repository/RecAndPlayBk/Page-Vlink-CC-Credit/input_Card ex month'

2024-05-15 23:40:20 - [MESSAGE][PASSED] - Text '' is set on object 'Object Repository/RecAndPlayBk/Page-Vlink-CC-Credit/input_Card ex month'

2024-05-15 23:40:20 - [TEST_STEP][PASSED] - setText(findTestObject("Object Repository/RecAndPlayBk/Page-Vlink-CC-Credit/input_Card ex year"), ""): Text '' is set on object 'Object Repository/RecAndPlayBk/Page-Vlink-CC-Credit/input_Card ex year'

2024-05-15 23:40:21 - [MESSAGE][PASSED] - Text '' is set on object 'Object Repository/RecAndPlayBk/Page-Vlink-CC-Credit/input_Card ex year'

2024-05-15 23:40:21 - [TEST_STEP][PASSED] - setText(findTestObject("Object Repository/RecAndPlayBk/Page-Vlink-CC-Credit/input_Track Data"), ""): Text '' is set on object 'Object Repository/RecAndPlayBk/Page-Vlink-CC-Credit/input_Track Data'

2024-05-15 23:40:22 - [MESSAGE][PASSED] - Text '' is set on object 'Object Repository/RecAndPlayBk/Page-Vlink-CC-Credit/input_Track Data'

2024-05-15 23:40:22 - [TEST_STEP][PASSED] - setText(findTestObject("Object Repository/RecAndPlayBk/Page-Vlink-CC-Credit/input_Category Code"), category): Text 'MOTO' is set on object 'Object Repository/RecAndPlayBk/Page-Vlink-CC-Credit/input_Category Code'

2024-05-15 23:40:22 - [MESSAGE][PASSED] - Text 'MOTO' is set on object 'Object Repository/RecAndPlayBk/Page-Vlink-CC-Credit/input_Category Code'

2024-05-15 23:40:22 - [TEST_STEP][PASSED] - click(findTestObject("Object Repository/RecAndPlayBk/Page-Vlink-CC-Credit/input")): Object: 'Object Repository/RecAndPlayBk/Page-Vlink-CC-Credit/input' is clicked on

2024-05-15 23:40:23 - [MESSAGE][PASSED] - Object: 'Object Repository/RecAndPlayBk/Page-Vlink-CC-Credit/input' is clicked on

2024-05-15 23:40:23 - [TEST_STEP][PASSED] - if (verifyTextPresent("Transaction approved, no errors", true)): null

2024-05-15 23:40:24 - [MESSAGE][PASSED] - Text 'Transaction approved, no errors' is present on page  using regular expression

2024-05-15 23:40:24 - [TEST_STEP][PASSED] - println("Transaction Approved, no errors text is present on the Confirmation page"): null

2024-05-15 23:40:24 - [TEST_STEP][PASSED] - out.println("Pass Record Number: " + row): null

2024-05-15 23:40:24 - [TEST_STEP][PASSED] - resText = "Pass": null

2024-05-15 23:40:24 - [TEST_STEP][PASSED] - pages.WriteExcel.demoKey(resText, datText, resColumn, datCloumn, fileLoc, nameSheet, row): pages.WriteExcel.demoKey is PASSED

2024-05-15 23:40:24 - [MESSAGE][PASSED] - pages.WriteExcel.demoKey is PASSED

2024-05-15 23:40:24 - [TEST_STEP][PASSED] - ExecuteTC = findTestData(dataFile).getValue("Execute", row): null

2024-05-15 23:40:24 - [TEST_STEP][PASSED] - out.println("Value of Execute is : " + ExecuteTC): null

2024-05-15 23:40:24 - [TEST_STEP][PASSED] - switch (executionProfile): null

2024-05-15 23:40:24 - [TEST_STEP][PASSED] - case "QA2Profile":: null

2024-05-15 23:40:24 - [TEST_STEP][PASSED] - appID = findTestData(dataFile).getValue("AppIDQA", row): null

2024-05-15 23:40:24 - [TEST_STEP][PASSED] - username = findTestData(dataFile).getValue("UsernameQA", row): null

2024-05-15 23:40:24 - [TEST_STEP][PASSED] - password = findTestData(dataFile).getValue("PasswordQA", row): null

2024-05-15 23:40:24 - [TEST_STEP][PASSED] - break: null

2024-05-15 23:40:24 - [TEST_STEP][PASSED] - if (ExecuteTC.equalsIgnoreCase("Y")): null

2024-05-15 23:40:24 - [TEST_STEP][PASSED] - out.println("Begin Record Number: " + row): null

2024-05-15 23:40:24 - [TEST_STEP][PASSED] - today = new java.util.Date(): null

2024-05-15 23:40:24 - [TEST_STEP][PASSED] - println(today): null

2024-05-15 23:40:24 - [TEST_STEP][PASSED] - datText = today: null

2024-05-15 23:40:24 - [TEST_STEP][PASSED] - category = findTestData(dataFile).getValue("Category", row): null

2024-05-15 23:40:24 - [TEST_STEP][PASSED] - amount = findTestData(dataFile).getValue("Amount", row): null

2024-05-15 23:40:24 - [TEST_STEP][PASSED] - cardNumber = findTestData(dataFile).getValue("CardNumber", row): null

2024-05-15 23:40:24 - [TEST_STEP][PASSED] - exM = findTestData(dataFile).getValue("ExM", row): null

2024-05-15 23:40:25 - [TEST_STEP][PASSED] - exY = findTestData(dataFile).getValue("ExY", row): null

2024-05-15 23:40:25 - [TEST_STEP][PASSED] - openBrowser(VLinkURL + "authcap.html"): Browser is opened with url: 'https://dev-algorithm.govolution.com/vlinktest/QA2/version_2_0/authcap.html'

2024-05-15 23:40:25 - [MESSAGE][WARNING] - A browser is already opened. Closing browser and opening a new one

2024-05-15 23:40:26 - [MESSAGE][INFO] - Starting 'Chrome' driver

2024-05-15 23:40:26 - [MESSAGE][INFO] - User set preference: ['acceptInsecureCerts', 'true']

2024-05-15 23:40:26 - [MESSAGE][INFO] - Action delay is set to 0 milliseconds

2024-05-15 23:40:28 - [MESSAGE][PASSED] - Browser is opened with url: 'https://dev-algorithm.govolution.com/vlinktest/QA2/version_2_0/authcap.html'

2024-05-15 23:40:28 - [TEST_STEP][PASSED] - maximizeWindow(): Current window maximized

2024-05-15 23:40:29 - [MESSAGE][PASSED] - Current window maximized

2024-05-15 23:40:29 - [TEST_STEP][PASSED] - maximizeWindow(): Current window maximized

2024-05-15 23:40:29 - [MESSAGE][PASSED] - Current window maximized

2024-05-15 23:40:29 - [TEST_STEP][PASSED] - genRemID = RandomStringUtils.random(12, true, true): null

2024-05-15 23:40:29 - [TEST_STEP][PASSED] - setText(findTestObject("Object Repository/RecAndPlayBk/Page-Vlink-Sale/input_Remittance Id_remittance_id"), genRemID): Text 'HFuBR28v7hxO' is set on object 'Object Repository/RecAndPlayBk/Page-Vlink-Sale/input_Remittance Id_remittance_id'

2024-05-15 23:40:29 - [MESSAGE][PASSED] - Text 'HFuBR28v7hxO' is set on object 'Object Repository/RecAndPlayBk/Page-Vlink-Sale/input_Remittance Id_remittance_id'

2024-05-15 23:40:29 - [TEST_STEP][PASSED] - setText(findTestObject("Object Repository/RecAndPlayBk/Page-Vlink-Sale/input_Application Id_application_id"), appID): Text '234' is set on object 'Object Repository/RecAndPlayBk/Page-Vlink-Sale/input_Application Id_application_id'

2024-05-15 23:40:30 - [MESSAGE][PASSED] - Text '234' is set on object 'Object Repository/RecAndPlayBk/Page-Vlink-Sale/input_Application Id_application_id'

2024-05-15 23:40:30 - [TEST_STEP][PASSED] - setText(findTestObject("Object Repository/RecAndPlayBk/Page-Vlink-Sale/input_Username_username"), username): Text 'username' is set on object 'Object Repository/RecAndPlayBk/Page-Vlink-Sale/input_Username_username'

2024-05-15 23:40:31 - [MESSAGE][PASSED] - Text 'username' is set on object 'Object Repository/RecAndPlayBk/Page-Vlink-Sale/input_Username_username'

2024-05-15 23:40:31 - [TEST_STEP][PASSED] - setText(findTestObject("Object Repository/RecAndPlayBk/Page-Vlink-Sale/input_Password_password"), password): Text 'password' is set on object 'Object Repository/RecAndPlayBk/Page-Vlink-Sale/input_Password_password'

2024-05-15 23:40:31 - [MESSAGE][PASSED] - Text 'password' is set on object 'Object Repository/RecAndPlayBk/Page-Vlink-Sale/input_Password_password'

2024-05-15 23:40:31 - [TEST_STEP][PASSED] - setText(findTestObject("Object Repository/RecAndPlayBk/Page-Vlink-Sale/input_Category_category"), category): Text 'RETL' is set on object 'Object Repository/RecAndPlayBk/Page-Vlink-Sale/input_Category_category'

2024-05-15 23:40:32 - [MESSAGE][PASSED] - Text 'RETL' is set on object 'Object Repository/RecAndPlayBk/Page-Vlink-Sale/input_Category_category'

2024-05-15 23:40:32 - [TEST_STEP][PASSED] - setText(findTestObject("Object Repository/RecAndPlayBk/Page-Vlink-Sale/input_Amount_amount"), amount): Text '10.5' is set on object 'Object Repository/RecAndPlayBk/Page-Vlink-Sale/input_Amount_amount'

2024-05-15 23:40:33 - [MESSAGE][PASSED] - Text '10.5' is set on object 'Object Repository/RecAndPlayBk/Page-Vlink-Sale/input_Amount_amount'

2024-05-15 23:40:33 - [TEST_STEP][PASSED] - doubleClick(findTestObject("Object Repository/RecAndPlayBk/Page-Vlink-Sale/input_Card number_card_number")): Object: 'Object Repository/RecAndPlayBk/Page-Vlink-Sale/input_Card number_card_number' is double clicked on

2024-05-15 23:40:33 - [MESSAGE][PASSED] - Object: 'Object Repository/RecAndPlayBk/Page-Vlink-Sale/input_Card number_card_number' is double clicked on

2024-05-15 23:40:33 - [TEST_STEP][PASSED] - setText(findTestObject("Object Repository/RecAndPlayBk/Page-Vlink-Sale/input_Card number_card_number"), cardNumber): Text '370000000000002' is set on object 'Object Repository/RecAndPlayBk/Page-Vlink-Sale/input_Card number_card_number'

2024-05-15 23:40:34 - [MESSAGE][PASSED] - Text '370000000000002' is set on object 'Object Repository/RecAndPlayBk/Page-Vlink-Sale/input_Card number_card_number'

2024-05-15 23:40:34 - [TEST_STEP][PASSED] - setText(findTestObject("Object Repository/RecAndPlayBk/Page-Vlink-Sale/input_Card ex month_card_exmo"), exM): Text '12' is set on object 'Object Repository/RecAndPlayBk/Page-Vlink-Sale/input_Card ex month_card_exmo'

2024-05-15 23:40:34 - [MESSAGE][PASSED] - Text '12' is set on object 'Object Repository/RecAndPlayBk/Page-Vlink-Sale/input_Card ex month_card_exmo'

2024-05-15 23:40:34 - [TEST_STEP][PASSED] - setText(findTestObject("Object Repository/RecAndPlayBk/Page-Vlink-Sale/input_Card ex year_card_exyr"), exY): Text '2029' is set on object 'Object Repository/RecAndPlayBk/Page-Vlink-Sale/input_Card ex year_card_exyr'

2024-05-15 23:40:35 - [MESSAGE][PASSED] - Text '2029' is set on object 'Object Repository/RecAndPlayBk/Page-Vlink-Sale/input_Card ex year_card_exyr'

2024-05-15 23:40:35 - [TEST_STEP][PASSED] - click(findTestObject("Object Repository/RecAndPlayBk/Page-Vlink-Sale/input_Track Data_track_data")): Object: 'Object Repository/RecAndPlayBk/Page-Vlink-Sale/input_Track Data_track_data' is clicked on

2024-05-15 23:40:35 - [MESSAGE][PASSED] - Object: 'Object Repository/RecAndPlayBk/Page-Vlink-Sale/input_Track Data_track_data' is clicked on

2024-05-15 23:40:35 - [TEST_STEP][PASSED] - click(findTestObject("Object Repository/RecAndPlayBk/Page-Vlink-Sale/input_CVV state_cvv_state")): Object: 'Object Repository/RecAndPlayBk/Page-Vlink-Sale/input_CVV state_cvv_state' is clicked on

2024-05-15 23:40:36 - [MESSAGE][PASSED] - Object: 'Object Repository/RecAndPlayBk/Page-Vlink-Sale/input_CVV state_cvv_state' is clicked on

2024-05-15 23:40:36 - [TEST_STEP][PASSED] - setText(findTestObject("Object Repository/RecAndPlayBk/Page-Vlink-Sale/input_Track Data_track_data"), ""): Text '' is set on object 'Object Repository/RecAndPlayBk/Page-Vlink-Sale/input_Track Data_track_data'

2024-05-15 23:40:36 - [MESSAGE][PASSED] - Text '' is set on object 'Object Repository/RecAndPlayBk/Page-Vlink-Sale/input_Track Data_track_data'

2024-05-15 23:40:36 - [TEST_STEP][PASSED] - setText(findTestObject("Object Repository/RecAndPlayBk/Page-Vlink-Sale/input_concat(Cardholder, , s email)_email"), ""): Text '' is set on object 'Object Repository/RecAndPlayBk/Page-Vlink-Sale/input_concat(Cardholder, , s email)_email'

2024-05-15 23:40:37 - [MESSAGE][PASSED] - Text '' is set on object 'Object Repository/RecAndPlayBk/Page-Vlink-Sale/input_concat(Cardholder, , s email)_email'

2024-05-15 23:40:37 - [TEST_STEP][PASSED] - click(findTestObject("Object Repository/RecAndPlayBk/Page-Vlink-Sale/input_user_defined10_user_defined10")): Object: 'Object Repository/RecAndPlayBk/Page-Vlink-Sale/input_user_defined10_user_defined10' is clicked on

2024-05-15 23:40:37 - [MESSAGE][PASSED] - Object: 'Object Repository/RecAndPlayBk/Page-Vlink-Sale/input_user_defined10_user_defined10' is clicked on

2024-05-15 23:40:37 - [TEST_STEP][PASSED] - if (executionProfile.equalsIgnoreCase("QAProfile") || executionProfile.equalsIgnoreCase("DemoProfile")): null

2024-05-15 23:40:37 - [TEST_STEP][PASSED] - click(findTestObject("Object Repository/RecAndPlayBk/Page-Vlink-Sale/input")): Object: 'Object Repository/RecAndPlayBk/Page-Vlink-Sale/input' is clicked on

2024-05-15 23:40:38 - [MESSAGE][PASSED] - Object: 'Object Repository/RecAndPlayBk/Page-Vlink-Sale/input' is clicked on

2024-05-15 23:40:38 - [TEST_STEP][PASSED] - if (verifyTextPresent("Transaction approved, no errors", true)): null

2024-05-15 23:40:39 - [MESSAGE][PASSED] - Text 'Transaction approved, no errors' is present on page  using regular expression

2024-05-15 23:40:39 - [TEST_STEP][PASSED] - println("Transaction Approved, no errors text is present on the Confirmation page"): null

2024-05-15 23:40:39 - [TEST_STEP][PASSED] - sdfo = getText(findTestObject("Object Repository/Page_VLinkReceipt/pre_STX")): Text of object 'Object Repository/Page_VLinkReceipt/pre_STX' is: '<STX>HFuBR28v7hxO                  12151620            0  Transaction approved, no errors                   0                                                                                  Y 928613164<ETX>'

2024-05-15 23:40:39 - [MESSAGE][PASSED] - Text of object 'Object Repository/Page_VLinkReceipt/pre_STX' is: '<STX>HFuBR28v7hxO                  12151620            0  Transaction approved, no errors                   0                                                                                  Y 928613164<ETX>'

2024-05-15 23:40:39 - [TEST_STEP][PASSED] - out.println("sdfo: " + sdfo): null

2024-05-15 23:40:39 - [TEST_STEP][PASSED] - remID = substring(5, 35).trim(): null

2024-05-15 23:40:39 - [TEST_STEP][PASSED] - out.println("remID: " + remID): null

2024-05-15 23:40:39 - [TEST_STEP][PASSED] - traxID = substring(35, 55).trim(): null

2024-05-15 23:40:39 - [TEST_STEP][PASSED] - out.println("traxID: " + traxID): null

2024-05-15 23:40:39 - [TEST_STEP][PASSED] - VLinkSaleRemID = remID: null

2024-05-15 23:40:39 - [TEST_STEP][PASSED] - VLinkSaleTranxID = traxID: null

2024-05-15 23:40:39 - [TEST_STEP][PASSED] - openBrowser(VLinkURL + "CC_credit.html"): Browser is opened with url: 'https://dev-algorithm.govolution.com/vlinktest/QA2/version_2_0/CC_credit.html'

2024-05-15 23:40:39 - [MESSAGE][WARNING] - A browser is already opened. Closing browser and opening a new one

2024-05-15 23:40:41 - [MESSAGE][INFO] - Starting 'Chrome' driver

2024-05-15 23:40:41 - [MESSAGE][INFO] - User set preference: ['acceptInsecureCerts', 'true']

2024-05-15 23:40:41 - [MESSAGE][INFO] - Action delay is set to 0 milliseconds

2024-05-15 23:40:43 - [MESSAGE][PASSED] - Browser is opened with url: 'https://dev-algorithm.govolution.com/vlinktest/QA2/version_2_0/CC_credit.html'

2024-05-15 23:40:43 - [TEST_STEP][PASSED] - maximizeWindow(): Current window maximized

2024-05-15 23:40:43 - [MESSAGE][PASSED] - Current window maximized

2024-05-15 23:40:43 - [TEST_STEP][PASSED] - setText(findTestObject("Object Repository/RecAndPlayBk/Page-Vlink-CC-Credit/input_Remittance Id"), VLinkSaleRemID): Text 'HFuBR28v7hxO' is set on object 'Object Repository/RecAndPlayBk/Page-Vlink-CC-Credit/input_Remittance Id'

2024-05-15 23:40:44 - [MESSAGE][PASSED] - Text 'HFuBR28v7hxO' is set on object 'Object Repository/RecAndPlayBk/Page-Vlink-CC-Credit/input_Remittance Id'

2024-05-15 23:40:44 - [TEST_STEP][PASSED] - setText(findTestObject("Object Repository/RecAndPlayBk/Page-Vlink-CC-Credit/input_Application Id"), appID): Text '234' is set on object 'Object Repository/RecAndPlayBk/Page-Vlink-CC-Credit/input_Application Id'

2024-05-15 23:40:44 - [MESSAGE][PASSED] - Text '234' is set on object 'Object Repository/RecAndPlayBk/Page-Vlink-CC-Credit/input_Application Id'

2024-05-15 23:40:44 - [TEST_STEP][PASSED] - setText(findTestObject("Object Repository/RecAndPlayBk/Page-Vlink-CC-Credit/input_Username"), username): Text 'username' is set on object 'Object Repository/RecAndPlayBk/Page-Vlink-CC-Credit/input_Username'

2024-05-15 23:40:45 - [MESSAGE][PASSED] - Text 'username' is set on object 'Object Repository/RecAndPlayBk/Page-Vlink-CC-Credit/input_Username'

2024-05-15 23:40:45 - [TEST_STEP][PASSED] - setText(findTestObject("Object Repository/RecAndPlayBk/Page-Vlink-CC-Credit/input_Password"), password): Text 'password' is set on object 'Object Repository/RecAndPlayBk/Page-Vlink-CC-Credit/input_Password'

2024-05-15 23:40:46 - [MESSAGE][PASSED] - Text 'password' is set on object 'Object Repository/RecAndPlayBk/Page-Vlink-CC-Credit/input_Password'

2024-05-15 23:40:46 - [TEST_STEP][PASSED] - setText(findTestObject("Object Repository/RecAndPlayBk/Page-Vlink-CC-Credit/input_Transaction ID"), VLinkSaleTranxID): Text '12151620' is set on object 'Object Repository/RecAndPlayBk/Page-Vlink-CC-Credit/input_Transaction ID'

2024-05-15 23:40:46 - [MESSAGE][PASSED] - Text '12151620' is set on object 'Object Repository/RecAndPlayBk/Page-Vlink-CC-Credit/input_Transaction ID'

2024-05-15 23:40:46 - [TEST_STEP][PASSED] - setText(findTestObject("Object Repository/RecAndPlayBk/Page-Vlink-CC-Credit/input_Amount"), amount): Text '10.5' is set on object 'Object Repository/RecAndPlayBk/Page-Vlink-CC-Credit/input_Amount'

2024-05-15 23:40:47 - [MESSAGE][PASSED] - Text '10.5' is set on object 'Object Repository/RecAndPlayBk/Page-Vlink-CC-Credit/input_Amount'

2024-05-15 23:40:47 - [TEST_STEP][PASSED] - setText(findTestObject("Object Repository/RecAndPlayBk/Page-Vlink-CC-Credit/input_Card number"), ""): Text '' is set on object 'Object Repository/RecAndPlayBk/Page-Vlink-CC-Credit/input_Card number'

2024-05-15 23:40:47 - [MESSAGE][PASSED] - Text '' is set on object 'Object Repository/RecAndPlayBk/Page-Vlink-CC-Credit/input_Card number'

2024-05-15 23:40:47 - [TEST_STEP][PASSED] - setText(findTestObject("Object Repository/RecAndPlayBk/Page-Vlink-CC-Credit/input_Card ex month"), ""): Text '' is set on object 'Object Repository/RecAndPlayBk/Page-Vlink-CC-Credit/input_Card ex month'

2024-05-15 23:40:48 - [MESSAGE][PASSED] - Text '' is set on object 'Object Repository/RecAndPlayBk/Page-Vlink-CC-Credit/input_Card ex month'

2024-05-15 23:40:48 - [TEST_STEP][PASSED] - setText(findTestObject("Object Repository/RecAndPlayBk/Page-Vlink-CC-Credit/input_Card ex year"), ""): Text '' is set on object 'Object Repository/RecAndPlayBk/Page-Vlink-CC-Credit/input_Card ex year'

2024-05-15 23:40:49 - [MESSAGE][PASSED] - Text '' is set on object 'Object Repository/RecAndPlayBk/Page-Vlink-CC-Credit/input_Card ex year'

2024-05-15 23:40:49 - [TEST_STEP][PASSED] - setText(findTestObject("Object Repository/RecAndPlayBk/Page-Vlink-CC-Credit/input_Track Data"), ""): Text '' is set on object 'Object Repository/RecAndPlayBk/Page-Vlink-CC-Credit/input_Track Data'

2024-05-15 23:40:49 - [MESSAGE][PASSED] - Text '' is set on object 'Object Repository/RecAndPlayBk/Page-Vlink-CC-Credit/input_Track Data'

2024-05-15 23:40:49 - [TEST_STEP][PASSED] - setText(findTestObject("Object Repository/RecAndPlayBk/Page-Vlink-CC-Credit/input_Category Code"), category): Text 'RETL' is set on object 'Object Repository/RecAndPlayBk/Page-Vlink-CC-Credit/input_Category Code'

2024-05-15 23:40:50 - [MESSAGE][PASSED] - Text 'RETL' is set on object 'Object Repository/RecAndPlayBk/Page-Vlink-CC-Credit/input_Category Code'

2024-05-15 23:40:50 - [TEST_STEP][PASSED] - click(findTestObject("Object Repository/RecAndPlayBk/Page-Vlink-CC-Credit/input")): Object: 'Object Repository/RecAndPlayBk/Page-Vlink-CC-Credit/input' is clicked on

2024-05-15 23:40:51 - [MESSAGE][PASSED] - Object: 'Object Repository/RecAndPlayBk/Page-Vlink-CC-Credit/input' is clicked on

2024-05-15 23:40:51 - [TEST_STEP][PASSED] - if (verifyTextPresent("Transaction approved, no errors", true)): null

2024-05-15 23:40:51 - [MESSAGE][PASSED] - Text 'Transaction approved, no errors' is present on page  using regular expression

2024-05-15 23:40:51 - [TEST_STEP][PASSED] - println("Transaction Approved, no errors text is present on the Confirmation page"): null

2024-05-15 23:40:51 - [TEST_STEP][PASSED] - out.println("Pass Record Number: " + row): null

2024-05-15 23:40:51 - [TEST_STEP][PASSED] - resText = "Pass": null

2024-05-15 23:40:51 - [TEST_STEP][PASSED] - pages.WriteExcel.demoKey(resText, datText, resColumn, datCloumn, fileLoc, nameSheet, row): pages.WriteExcel.demoKey is PASSED

2024-05-15 23:40:52 - [MESSAGE][PASSED] - pages.WriteExcel.demoKey is PASSED

2024-05-15 23:40:52 - [TEST_STEP][PASSED] - ExecuteTC = findTestData(dataFile).getValue("Execute", row): null

2024-05-15 23:40:52 - [TEST_STEP][PASSED] - out.println("Value of Execute is : " + ExecuteTC): null

2024-05-15 23:40:52 - [TEST_STEP][PASSED] - switch (executionProfile): null

2024-05-15 23:40:52 - [TEST_STEP][PASSED] - case "QA2Profile":: null

2024-05-15 23:40:52 - [TEST_STEP][PASSED] - appID = findTestData(dataFile).getValue("AppIDQA", row): null

2024-05-15 23:40:52 - [TEST_STEP][PASSED] - username = findTestData(dataFile).getValue("UsernameQA", row): null

2024-05-15 23:40:52 - [TEST_STEP][PASSED] - password = findTestData(dataFile).getValue("PasswordQA", row): null

2024-05-15 23:40:52 - [TEST_STEP][PASSED] - break: null

2024-05-15 23:40:52 - [TEST_STEP][PASSED] - if (ExecuteTC.equalsIgnoreCase("Y")): null

2024-05-15 23:40:52 - [TEST_STEP][PASSED] - out.println("Begin Record Number: " + row): null

2024-05-15 23:40:52 - [TEST_STEP][PASSED] - today = new java.util.Date(): null

2024-05-15 23:40:52 - [TEST_STEP][PASSED] - println(today): null

2024-05-15 23:40:52 - [TEST_STEP][PASSED] - datText = today: null

2024-05-15 23:40:52 - [TEST_STEP][PASSED] - category = findTestData(dataFile).getValue("Category", row): null

2024-05-15 23:40:52 - [TEST_STEP][PASSED] - amount = findTestData(dataFile).getValue("Amount", row): null

2024-05-15 23:40:52 - [TEST_STEP][PASSED] - cardNumber = findTestData(dataFile).getValue("CardNumber", row): null

2024-05-15 23:40:52 - [TEST_STEP][PASSED] - exM = findTestData(dataFile).getValue("ExM", row): null

2024-05-15 23:40:52 - [TEST_STEP][PASSED] - exY = findTestData(dataFile).getValue("ExY", row): null

2024-05-15 23:40:53 - [TEST_STEP][PASSED] - openBrowser(VLinkURL + "authcap.html"): Browser is opened with url: 'https://dev-algorithm.govolution.com/vlinktest/QA2/version_2_0/authcap.html'

2024-05-15 23:40:53 - [MESSAGE][WARNING] - A browser is already opened. Closing browser and opening a new one

2024-05-15 23:40:54 - [MESSAGE][INFO] - Starting 'Chrome' driver

2024-05-15 23:40:54 - [MESSAGE][INFO] - User set preference: ['acceptInsecureCerts', 'true']

2024-05-15 23:40:54 - [MESSAGE][INFO] - Action delay is set to 0 milliseconds

2024-05-15 23:40:56 - [MESSAGE][PASSED] - Browser is opened with url: 'https://dev-algorithm.govolution.com/vlinktest/QA2/version_2_0/authcap.html'

2024-05-15 23:40:56 - [TEST_STEP][PASSED] - maximizeWindow(): Current window maximized

2024-05-15 23:40:57 - [MESSAGE][PASSED] - Current window maximized

2024-05-15 23:40:57 - [TEST_STEP][PASSED] - maximizeWindow(): Current window maximized

2024-05-15 23:40:57 - [MESSAGE][PASSED] - Current window maximized

2024-05-15 23:40:57 - [TEST_STEP][PASSED] - genRemID = RandomStringUtils.random(12, true, true): null

2024-05-15 23:40:57 - [TEST_STEP][PASSED] - setText(findTestObject("Object Repository/RecAndPlayBk/Page-Vlink-Sale/input_Remittance Id_remittance_id"), genRemID): Text 'oWgadLiLy3RI' is set on object 'Object Repository/RecAndPlayBk/Page-Vlink-Sale/input_Remittance Id_remittance_id'

2024-05-15 23:40:57 - [MESSAGE][PASSED] - Text 'oWgadLiLy3RI' is set on object 'Object Repository/RecAndPlayBk/Page-Vlink-Sale/input_Remittance Id_remittance_id'

2024-05-15 23:40:57 - [TEST_STEP][PASSED] - setText(findTestObject("Object Repository/RecAndPlayBk/Page-Vlink-Sale/input_Application Id_application_id"), appID): Text '87' is set on object 'Object Repository/RecAndPlayBk/Page-Vlink-Sale/input_Application Id_application_id'

2024-05-15 23:40:58 - [MESSAGE][PASSED] - Text '87' is set on object 'Object Repository/RecAndPlayBk/Page-Vlink-Sale/input_Application Id_application_id'

2024-05-15 23:40:58 - [TEST_STEP][PASSED] - setText(findTestObject("Object Repository/RecAndPlayBk/Page-Vlink-Sale/input_Username_username"), username): Text 'username' is set on object 'Object Repository/RecAndPlayBk/Page-Vlink-Sale/input_Username_username'

2024-05-15 23:40:59 - [MESSAGE][PASSED] - Text 'username' is set on object 'Object Repository/RecAndPlayBk/Page-Vlink-Sale/input_Username_username'

2024-05-15 23:40:59 - [TEST_STEP][PASSED] - setText(findTestObject("Object Repository/RecAndPlayBk/Page-Vlink-Sale/input_Password_password"), password): Text 'password' is set on object 'Object Repository/RecAndPlayBk/Page-Vlink-Sale/input_Password_password'

2024-05-15 23:40:59 - [MESSAGE][PASSED] - Text 'password' is set on object 'Object Repository/RecAndPlayBk/Page-Vlink-Sale/input_Password_password'

2024-05-15 23:40:59 - [TEST_STEP][PASSED] - setText(findTestObject("Object Repository/RecAndPlayBk/Page-Vlink-Sale/input_Category_category"), category): Text 'ECOM' is set on object 'Object Repository/RecAndPlayBk/Page-Vlink-Sale/input_Category_category'

2024-05-15 23:41:00 - [MESSAGE][PASSED] - Text 'ECOM' is set on object 'Object Repository/RecAndPlayBk/Page-Vlink-Sale/input_Category_category'

2024-05-15 23:41:00 - [TEST_STEP][PASSED] - setText(findTestObject("Object Repository/RecAndPlayBk/Page-Vlink-Sale/input_Amount_amount"), amount): Text '10.5' is set on object 'Object Repository/RecAndPlayBk/Page-Vlink-Sale/input_Amount_amount'

2024-05-15 23:41:01 - [MESSAGE][PASSED] - Text '10.5' is set on object 'Object Repository/RecAndPlayBk/Page-Vlink-Sale/input_Amount_amount'

2024-05-15 23:41:01 - [TEST_STEP][PASSED] - doubleClick(findTestObject("Object Repository/RecAndPlayBk/Page-Vlink-Sale/input_Card number_card_number")): Object: 'Object Repository/RecAndPlayBk/Page-Vlink-Sale/input_Card number_card_number' is double clicked on

2024-05-15 23:41:01 - [MESSAGE][PASSED] - Object: 'Object Repository/RecAndPlayBk/Page-Vlink-Sale/input_Card number_card_number' is double clicked on

2024-05-15 23:41:01 - [TEST_STEP][PASSED] - setText(findTestObject("Object Repository/RecAndPlayBk/Page-Vlink-Sale/input_Card number_card_number"), cardNumber): Text '4012000098765439' is set on object 'Object Repository/RecAndPlayBk/Page-Vlink-Sale/input_Card number_card_number'

2024-05-15 23:41:02 - [MESSAGE][PASSED] - Text '4012000098765439' is set on object 'Object Repository/RecAndPlayBk/Page-Vlink-Sale/input_Card number_card_number'

2024-05-15 23:41:02 - [TEST_STEP][PASSED] - setText(findTestObject("Object Repository/RecAndPlayBk/Page-Vlink-Sale/input_Card ex month_card_exmo"), exM): Text '12' is set on object 'Object Repository/RecAndPlayBk/Page-Vlink-Sale/input_Card ex month_card_exmo'

2024-05-15 23:41:02 - [MESSAGE][PASSED] - Text '12' is set on object 'Object Repository/RecAndPlayBk/Page-Vlink-Sale/input_Card ex month_card_exmo'

2024-05-15 23:41:02 - [TEST_STEP][PASSED] - setText(findTestObject("Object Repository/RecAndPlayBk/Page-Vlink-Sale/input_Card ex year_card_exyr"), exY): Text '2029' is set on object 'Object Repository/RecAndPlayBk/Page-Vlink-Sale/input_Card ex year_card_exyr'

2024-05-15 23:41:03 - [MESSAGE][PASSED] - Text '2029' is set on object 'Object Repository/RecAndPlayBk/Page-Vlink-Sale/input_Card ex year_card_exyr'

2024-05-15 23:41:03 - [TEST_STEP][PASSED] - click(findTestObject("Object Repository/RecAndPlayBk/Page-Vlink-Sale/input_Track Data_track_data")): Object: 'Object Repository/RecAndPlayBk/Page-Vlink-Sale/input_Track Data_track_data' is clicked on

2024-05-15 23:41:03 - [MESSAGE][PASSED] - Object: 'Object Repository/RecAndPlayBk/Page-Vlink-Sale/input_Track Data_track_data' is clicked on

2024-05-15 23:41:03 - [TEST_STEP][PASSED] - click(findTestObject("Object Repository/RecAndPlayBk/Page-Vlink-Sale/input_CVV state_cvv_state")): Object: 'Object Repository/RecAndPlayBk/Page-Vlink-Sale/input_CVV state_cvv_state' is clicked on

2024-05-15 23:41:04 - [MESSAGE][PASSED] - Object: 'Object Repository/RecAndPlayBk/Page-Vlink-Sale/input_CVV state_cvv_state' is clicked on

2024-05-15 23:41:04 - [TEST_STEP][PASSED] - setText(findTestObject("Object Repository/RecAndPlayBk/Page-Vlink-Sale/input_Track Data_track_data"), ""): Text '' is set on object 'Object Repository/RecAndPlayBk/Page-Vlink-Sale/input_Track Data_track_data'

2024-05-15 23:41:04 - [MESSAGE][PASSED] - Text '' is set on object 'Object Repository/RecAndPlayBk/Page-Vlink-Sale/input_Track Data_track_data'

2024-05-15 23:41:04 - [TEST_STEP][PASSED] - setText(findTestObject("Object Repository/RecAndPlayBk/Page-Vlink-Sale/input_concat(Cardholder, , s email)_email"), ""): Text '' is set on object 'Object Repository/RecAndPlayBk/Page-Vlink-Sale/input_concat(Cardholder, , s email)_email'

2024-05-15 23:41:05 - [MESSAGE][PASSED] - Text '' is set on object 'Object Repository/RecAndPlayBk/Page-Vlink-Sale/input_concat(Cardholder, , s email)_email'

2024-05-15 23:41:05 - [TEST_STEP][PASSED] - click(findTestObject("Object Repository/RecAndPlayBk/Page-Vlink-Sale/input_user_defined10_user_defined10")): Object: 'Object Repository/RecAndPlayBk/Page-Vlink-Sale/input_user_defined10_user_defined10' is clicked on

2024-05-15 23:41:05 - [MESSAGE][PASSED] - Object: 'Object Repository/RecAndPlayBk/Page-Vlink-Sale/input_user_defined10_user_defined10' is clicked on

2024-05-15 23:41:05 - [TEST_STEP][PASSED] - if (executionProfile.equalsIgnoreCase("QAProfile") || executionProfile.equalsIgnoreCase("DemoProfile")): null

2024-05-15 23:41:05 - [TEST_STEP][PASSED] - click(findTestObject("Object Repository/RecAndPlayBk/Page-Vlink-Sale/input")): Object: 'Object Repository/RecAndPlayBk/Page-Vlink-Sale/input' is clicked on

2024-05-15 23:41:07 - [MESSAGE][PASSED] - Object: 'Object Repository/RecAndPlayBk/Page-Vlink-Sale/input' is clicked on

2024-05-15 23:41:07 - [TEST_STEP][PASSED] - if (verifyTextPresent("Transaction approved, no errors", true)): null

2024-05-15 23:41:07 - [MESSAGE][PASSED] - Text 'Transaction approved, no errors' is present on page  using regular expression

2024-05-15 23:41:07 - [TEST_STEP][PASSED] - println("Transaction Approved, no errors text is present on the Confirmation page"): null

2024-05-15 23:41:07 - [TEST_STEP][PASSED] - sdfo = getText(findTestObject("Object Repository/Page_VLinkReceipt/pre_STX")): Text of object 'Object Repository/Page_VLinkReceipt/pre_STX' is: '<STX>oWgadLiLy3RI                  12151622            0  Transaction approved, no errors                   0                                                                                  N TAS415   <ETX>'

2024-05-15 23:41:08 - [MESSAGE][PASSED] - Text of object 'Object Repository/Page_VLinkReceipt/pre_STX' is: '<STX>oWgadLiLy3RI                  12151622            0  Transaction approved, no errors                   0                                                                                  N TAS415   <ETX>'

2024-05-15 23:41:08 - [TEST_STEP][PASSED] - out.println("sdfo: " + sdfo): null

2024-05-15 23:41:08 - [TEST_STEP][PASSED] - remID = substring(5, 35).trim(): null

2024-05-15 23:41:08 - [TEST_STEP][PASSED] - out.println("remID: " + remID): null

2024-05-15 23:41:08 - [TEST_STEP][PASSED] - traxID = substring(35, 55).trim(): null

2024-05-15 23:41:08 - [TEST_STEP][PASSED] - out.println("traxID: " + traxID): null

2024-05-15 23:41:08 - [TEST_STEP][PASSED] - VLinkSaleRemID = remID: null

2024-05-15 23:41:08 - [TEST_STEP][PASSED] - VLinkSaleTranxID = traxID: null

2024-05-15 23:41:08 - [TEST_STEP][PASSED] - openBrowser(VLinkURL + "CC_credit.html"): Browser is opened with url: 'https://dev-algorithm.govolution.com/vlinktest/QA2/version_2_0/CC_credit.html'

2024-05-15 23:41:08 - [MESSAGE][WARNING] - A browser is already opened. Closing browser and opening a new one

2024-05-15 23:41:09 - [MESSAGE][INFO] - Starting 'Chrome' driver

2024-05-15 23:41:09 - [MESSAGE][INFO] - User set preference: ['acceptInsecureCerts', 'true']

2024-05-15 23:41:09 - [MESSAGE][INFO] - Action delay is set to 0 milliseconds

2024-05-15 23:41:11 - [MESSAGE][PASSED] - Browser is opened with url: 'https://dev-algorithm.govolution.com/vlinktest/QA2/version_2_0/CC_credit.html'

2024-05-15 23:41:11 - [TEST_STEP][PASSED] - maximizeWindow(): Current window maximized

2024-05-15 23:41:11 - [MESSAGE][PASSED] - Current window maximized

2024-05-15 23:41:11 - [TEST_STEP][PASSED] - setText(findTestObject("Object Repository/RecAndPlayBk/Page-Vlink-CC-Credit/input_Remittance Id"), VLinkSaleRemID): Text 'oWgadLiLy3RI' is set on object 'Object Repository/RecAndPlayBk/Page-Vlink-CC-Credit/input_Remittance Id'

2024-05-15 23:41:12 - [MESSAGE][PASSED] - Text 'oWgadLiLy3RI' is set on object 'Object Repository/RecAndPlayBk/Page-Vlink-CC-Credit/input_Remittance Id'

2024-05-15 23:41:12 - [TEST_STEP][PASSED] - setText(findTestObject("Object Repository/RecAndPlayBk/Page-Vlink-CC-Credit/input_Application Id"), appID): Text '87' is set on object 'Object Repository/RecAndPlayBk/Page-Vlink-CC-Credit/input_Application Id'

2024-05-15 23:41:13 - [MESSAGE][PASSED] - Text '87' is set on object 'Object Repository/RecAndPlayBk/Page-Vlink-CC-Credit/input_Application Id'

2024-05-15 23:41:13 - [TEST_STEP][PASSED] - setText(findTestObject("Object Repository/RecAndPlayBk/Page-Vlink-CC-Credit/input_Username"), username): Text 'username' is set on object 'Object Repository/RecAndPlayBk/Page-Vlink-CC-Credit/input_Username'

2024-05-15 23:41:14 - [MESSAGE][PASSED] - Text 'username' is set on object 'Object Repository/RecAndPlayBk/Page-Vlink-CC-Credit/input_Username'

2024-05-15 23:41:14 - [TEST_STEP][PASSED] - setText(findTestObject("Object Repository/RecAndPlayBk/Page-Vlink-CC-Credit/input_Password"), password): Text 'password' is set on object 'Object Repository/RecAndPlayBk/Page-Vlink-CC-Credit/input_Password'

2024-05-15 23:41:14 - [MESSAGE][PASSED] - Text 'password' is set on object 'Object Repository/RecAndPlayBk/Page-Vlink-CC-Credit/input_Password'

2024-05-15 23:41:14 - [TEST_STEP][PASSED] - setText(findTestObject("Object Repository/RecAndPlayBk/Page-Vlink-CC-Credit/input_Transaction ID"), VLinkSaleTranxID): Text '12151622' is set on object 'Object Repository/RecAndPlayBk/Page-Vlink-CC-Credit/input_Transaction ID'

2024-05-15 23:41:15 - [MESSAGE][PASSED] - Text '12151622' is set on object 'Object Repository/RecAndPlayBk/Page-Vlink-CC-Credit/input_Transaction ID'

2024-05-15 23:41:15 - [TEST_STEP][PASSED] - setText(findTestObject("Object Repository/RecAndPlayBk/Page-Vlink-CC-Credit/input_Amount"), amount): Text '10.5' is set on object 'Object Repository/RecAndPlayBk/Page-Vlink-CC-Credit/input_Amount'

2024-05-15 23:41:15 - [MESSAGE][PASSED] - Text '10.5' is set on object 'Object Repository/RecAndPlayBk/Page-Vlink-CC-Credit/input_Amount'

2024-05-15 23:41:15 - [TEST_STEP][PASSED] - setText(findTestObject("Object Repository/RecAndPlayBk/Page-Vlink-CC-Credit/input_Card number"), ""): Text '' is set on object 'Object Repository/RecAndPlayBk/Page-Vlink-CC-Credit/input_Card number'

2024-05-15 23:41:16 - [MESSAGE][PASSED] - Text '' is set on object 'Object Repository/RecAndPlayBk/Page-Vlink-CC-Credit/input_Card number'

2024-05-15 23:41:16 - [TEST_STEP][PASSED] - setText(findTestObject("Object Repository/RecAndPlayBk/Page-Vlink-CC-Credit/input_Card ex month"), ""): Text '' is set on object 'Object Repository/RecAndPlayBk/Page-Vlink-CC-Credit/input_Card ex month'

2024-05-15 23:41:17 - [MESSAGE][PASSED] - Text '' is set on object 'Object Repository/RecAndPlayBk/Page-Vlink-CC-Credit/input_Card ex month'

2024-05-15 23:41:17 - [TEST_STEP][PASSED] - setText(findTestObject("Object Repository/RecAndPlayBk/Page-Vlink-CC-Credit/input_Card ex year"), ""): Text '' is set on object 'Object Repository/RecAndPlayBk/Page-Vlink-CC-Credit/input_Card ex year'

2024-05-15 23:41:17 - [MESSAGE][PASSED] - Text '' is set on object 'Object Repository/RecAndPlayBk/Page-Vlink-CC-Credit/input_Card ex year'

2024-05-15 23:41:17 - [TEST_STEP][PASSED] - setText(findTestObject("Object Repository/RecAndPlayBk/Page-Vlink-CC-Credit/input_Track Data"), ""): Text '' is set on object 'Object Repository/RecAndPlayBk/Page-Vlink-CC-Credit/input_Track Data'

2024-05-15 23:41:18 - [MESSAGE][PASSED] - Text '' is set on object 'Object Repository/RecAndPlayBk/Page-Vlink-CC-Credit/input_Track Data'

2024-05-15 23:41:18 - [TEST_STEP][PASSED] - setText(findTestObject("Object Repository/RecAndPlayBk/Page-Vlink-CC-Credit/input_Category Code"), category): Text 'ECOM' is set on object 'Object Repository/RecAndPlayBk/Page-Vlink-CC-Credit/input_Category Code'

2024-05-15 23:41:19 - [MESSAGE][PASSED] - Text 'ECOM' is set on object 'Object Repository/RecAndPlayBk/Page-Vlink-CC-Credit/input_Category Code'

2024-05-15 23:41:19 - [TEST_STEP][PASSED] - click(findTestObject("Object Repository/RecAndPlayBk/Page-Vlink-CC-Credit/input")): Object: 'Object Repository/RecAndPlayBk/Page-Vlink-CC-Credit/input' is clicked on

2024-05-15 23:41:21 - [MESSAGE][PASSED] - Object: 'Object Repository/RecAndPlayBk/Page-Vlink-CC-Credit/input' is clicked on

2024-05-15 23:41:21 - [TEST_STEP][PASSED] - if (verifyTextPresent("Transaction approved, no errors", true)): null

2024-05-15 23:41:22 - [MESSAGE][PASSED] - Text 'Transaction approved, no errors' is present on page  using regular expression

2024-05-15 23:41:22 - [TEST_STEP][PASSED] - println("Transaction Approved, no errors text is present on the Confirmation page"): null

2024-05-15 23:41:22 - [TEST_STEP][PASSED] - out.println("Pass Record Number: " + row): null

2024-05-15 23:41:22 - [TEST_STEP][PASSED] - resText = "Pass": null

2024-05-15 23:41:22 - [TEST_STEP][PASSED] - pages.WriteExcel.demoKey(resText, datText, resColumn, datCloumn, fileLoc, nameSheet, row): pages.WriteExcel.demoKey is PASSED

2024-05-15 23:41:22 - [MESSAGE][PASSED] - pages.WriteExcel.demoKey is PASSED

2024-05-15 23:41:22 - [TEST_STEP][PASSED] - ExecuteTC = findTestData(dataFile).getValue("Execute", row): null

2024-05-15 23:41:22 - [TEST_STEP][PASSED] - out.println("Value of Execute is : " + ExecuteTC): null

2024-05-15 23:41:22 - [TEST_STEP][PASSED] - switch (executionProfile): null

2024-05-15 23:41:22 - [TEST_STEP][PASSED] - case "QA2Profile":: null

2024-05-15 23:41:22 - [TEST_STEP][PASSED] - appID = findTestData(dataFile).getValue("AppIDQA", row): null

2024-05-15 23:41:22 - [TEST_STEP][PASSED] - username = findTestData(dataFile).getValue("UsernameQA", row): null

2024-05-15 23:41:22 - [TEST_STEP][PASSED] - password = findTestData(dataFile).getValue("PasswordQA", row): null

2024-05-15 23:41:22 - [TEST_STEP][PASSED] - break: null

2024-05-15 23:41:22 - [TEST_STEP][PASSED] - if (ExecuteTC.equalsIgnoreCase("Y")): null

2024-05-15 23:41:22 - [TEST_STEP][PASSED] - out.println("Begin Record Number: " + row): null

2024-05-15 23:41:22 - [TEST_STEP][PASSED] - today = new java.util.Date(): null

2024-05-15 23:41:22 - [TEST_STEP][PASSED] - println(today): null

2024-05-15 23:41:22 - [TEST_STEP][PASSED] - datText = today: null

2024-05-15 23:41:22 - [TEST_STEP][PASSED] - category = findTestData(dataFile).getValue("Category", row): null

2024-05-15 23:41:22 - [TEST_STEP][PASSED] - amount = findTestData(dataFile).getValue("Amount", row): null

2024-05-15 23:41:23 - [TEST_STEP][PASSED] - cardNumber = findTestData(dataFile).getValue("CardNumber", row): null

2024-05-15 23:41:23 - [TEST_STEP][PASSED] - exM = findTestData(dataFile).getValue("ExM", row): null

2024-05-15 23:41:23 - [TEST_STEP][PASSED] - exY = findTestData(dataFile).getValue("ExY", row): null

2024-05-15 23:41:23 - [TEST_STEP][PASSED] - openBrowser(VLinkURL + "authcap.html"): Browser is opened with url: 'https://dev-algorithm.govolution.com/vlinktest/QA2/version_2_0/authcap.html'

2024-05-15 23:41:23 - [MESSAGE][WARNING] - A browser is already opened. Closing browser and opening a new one

2024-05-15 23:41:24 - [MESSAGE][INFO] - Starting 'Chrome' driver

2024-05-15 23:41:24 - [MESSAGE][INFO] - User set preference: ['acceptInsecureCerts', 'true']

2024-05-15 23:41:24 - [MESSAGE][INFO] - Action delay is set to 0 milliseconds

2024-05-15 23:41:26 - [MESSAGE][PASSED] - Browser is opened with url: 'https://dev-algorithm.govolution.com/vlinktest/QA2/version_2_0/authcap.html'

2024-05-15 23:41:26 - [TEST_STEP][PASSED] - maximizeWindow(): Current window maximized

2024-05-15 23:41:27 - [MESSAGE][PASSED] - Current window maximized

2024-05-15 23:41:27 - [TEST_STEP][PASSED] - maximizeWindow(): Current window maximized

2024-05-15 23:41:27 - [MESSAGE][PASSED] - Current window maximized

2024-05-15 23:41:27 - [TEST_STEP][PASSED] - genRemID = RandomStringUtils.random(12, true, true): null

2024-05-15 23:41:27 - [TEST_STEP][PASSED] - setText(findTestObject("Object Repository/RecAndPlayBk/Page-Vlink-Sale/input_Remittance Id_remittance_id"), genRemID): Text 'xoKkIWXt1fv3' is set on object 'Object Repository/RecAndPlayBk/Page-Vlink-Sale/input_Remittance Id_remittance_id'

2024-05-15 23:41:27 - [MESSAGE][PASSED] - Text 'xoKkIWXt1fv3' is set on object 'Object Repository/RecAndPlayBk/Page-Vlink-Sale/input_Remittance Id_remittance_id'

2024-05-15 23:41:27 - [TEST_STEP][PASSED] - setText(findTestObject("Object Repository/RecAndPlayBk/Page-Vlink-Sale/input_Application Id_application_id"), appID): Text '581' is set on object 'Object Repository/RecAndPlayBk/Page-Vlink-Sale/input_Application Id_application_id'

2024-05-15 23:41:28 - [MESSAGE][PASSED] - Text '581' is set on object 'Object Repository/RecAndPlayBk/Page-Vlink-Sale/input_Application Id_application_id'

2024-05-15 23:41:28 - [TEST_STEP][PASSED] - setText(findTestObject("Object Repository/RecAndPlayBk/Page-Vlink-Sale/input_Username_username"), username): Text 'usr581' is set on object 'Object Repository/RecAndPlayBk/Page-Vlink-Sale/input_Username_username'

2024-05-15 23:41:29 - [MESSAGE][PASSED] - Text 'usr581' is set on object 'Object Repository/RecAndPlayBk/Page-Vlink-Sale/input_Username_username'

2024-05-15 23:41:29 - [TEST_STEP][PASSED] - setText(findTestObject("Object Repository/RecAndPlayBk/Page-Vlink-Sale/input_Password_password"), password): Text 'pwd581' is set on object 'Object Repository/RecAndPlayBk/Page-Vlink-Sale/input_Password_password'

2024-05-15 23:41:29 - [MESSAGE][PASSED] - Text 'pwd581' is set on object 'Object Repository/RecAndPlayBk/Page-Vlink-Sale/input_Password_password'

2024-05-15 23:41:29 - [TEST_STEP][PASSED] - setText(findTestObject("Object Repository/RecAndPlayBk/Page-Vlink-Sale/input_Category_category"), category): Text 'ECOM' is set on object 'Object Repository/RecAndPlayBk/Page-Vlink-Sale/input_Category_category'

2024-05-15 23:41:30 - [MESSAGE][PASSED] - Text 'ECOM' is set on object 'Object Repository/RecAndPlayBk/Page-Vlink-Sale/input_Category_category'

2024-05-15 23:41:30 - [TEST_STEP][PASSED] - setText(findTestObject("Object Repository/RecAndPlayBk/Page-Vlink-Sale/input_Amount_amount"), amount): Text '10.5' is set on object 'Object Repository/RecAndPlayBk/Page-Vlink-Sale/input_Amount_amount'

2024-05-15 23:41:30 - [MESSAGE][PASSED] - Text '10.5' is set on object 'Object Repository/RecAndPlayBk/Page-Vlink-Sale/input_Amount_amount'

2024-05-15 23:41:30 - [TEST_STEP][PASSED] - doubleClick(findTestObject("Object Repository/RecAndPlayBk/Page-Vlink-Sale/input_Card number_card_number")): Object: 'Object Repository/RecAndPlayBk/Page-Vlink-Sale/input_Card number_card_number' is double clicked on

2024-05-15 23:41:31 - [MESSAGE][PASSED] - Object: 'Object Repository/RecAndPlayBk/Page-Vlink-Sale/input_Card number_card_number' is double clicked on

2024-05-15 23:41:31 - [TEST_STEP][PASSED] - setText(findTestObject("Object Repository/RecAndPlayBk/Page-Vlink-Sale/input_Card number_card_number"), cardNumber): Text '5146312200000035' is set on object 'Object Repository/RecAndPlayBk/Page-Vlink-Sale/input_Card number_card_number'

2024-05-15 23:41:32 - [MESSAGE][PASSED] - Text '5146312200000035' is set on object 'Object Repository/RecAndPlayBk/Page-Vlink-Sale/input_Card number_card_number'

2024-05-15 23:41:32 - [TEST_STEP][PASSED] - setText(findTestObject("Object Repository/RecAndPlayBk/Page-Vlink-Sale/input_Card ex month_card_exmo"), exM): Text '12' is set on object 'Object Repository/RecAndPlayBk/Page-Vlink-Sale/input_Card ex month_card_exmo'

2024-05-15 23:41:32 - [MESSAGE][PASSED] - Text '12' is set on object 'Object Repository/RecAndPlayBk/Page-Vlink-Sale/input_Card ex month_card_exmo'

2024-05-15 23:41:32 - [TEST_STEP][PASSED] - setText(findTestObject("Object Repository/RecAndPlayBk/Page-Vlink-Sale/input_Card ex year_card_exyr"), exY): Text '2029' is set on object 'Object Repository/RecAndPlayBk/Page-Vlink-Sale/input_Card ex year_card_exyr'

2024-05-15 23:41:33 - [MESSAGE][PASSED] - Text '2029' is set on object 'Object Repository/RecAndPlayBk/Page-Vlink-Sale/input_Card ex year_card_exyr'

2024-05-15 23:41:33 - [TEST_STEP][PASSED] - click(findTestObject("Object Repository/RecAndPlayBk/Page-Vlink-Sale/input_Track Data_track_data")): Object: 'Object Repository/RecAndPlayBk/Page-Vlink-Sale/input_Track Data_track_data' is clicked on

2024-05-15 23:41:33 - [MESSAGE][PASSED] - Object: 'Object Repository/RecAndPlayBk/Page-Vlink-Sale/input_Track Data_track_data' is clicked on

2024-05-15 23:41:33 - [TEST_STEP][PASSED] - click(findTestObject("Object Repository/RecAndPlayBk/Page-Vlink-Sale/input_CVV state_cvv_state")): Object: 'Object Repository/RecAndPlayBk/Page-Vlink-Sale/input_CVV state_cvv_state' is clicked on

2024-05-15 23:41:34 - [MESSAGE][PASSED] - Object: 'Object Repository/RecAndPlayBk/Page-Vlink-Sale/input_CVV state_cvv_state' is clicked on

2024-05-15 23:41:34 - [TEST_STEP][PASSED] - setText(findTestObject("Object Repository/RecAndPlayBk/Page-Vlink-Sale/input_Track Data_track_data"), ""): Text '' is set on object 'Object Repository/RecAndPlayBk/Page-Vlink-Sale/input_Track Data_track_data'

2024-05-15 23:41:34 - [MESSAGE][PASSED] - Text '' is set on object 'Object Repository/RecAndPlayBk/Page-Vlink-Sale/input_Track Data_track_data'

2024-05-15 23:41:34 - [TEST_STEP][PASSED] - setText(findTestObject("Object Repository/RecAndPlayBk/Page-Vlink-Sale/input_concat(Cardholder, , s email)_email"), ""): Text '' is set on object 'Object Repository/RecAndPlayBk/Page-Vlink-Sale/input_concat(Cardholder, , s email)_email'

2024-05-15 23:41:35 - [MESSAGE][PASSED] - Text '' is set on object 'Object Repository/RecAndPlayBk/Page-Vlink-Sale/input_concat(Cardholder, , s email)_email'

2024-05-15 23:41:35 - [TEST_STEP][PASSED] - click(findTestObject("Object Repository/RecAndPlayBk/Page-Vlink-Sale/input_user_defined10_user_defined10")): Object: 'Object Repository/RecAndPlayBk/Page-Vlink-Sale/input_user_defined10_user_defined10' is clicked on

2024-05-15 23:41:35 - [MESSAGE][PASSED] - Object: 'Object Repository/RecAndPlayBk/Page-Vlink-Sale/input_user_defined10_user_defined10' is clicked on

2024-05-15 23:41:35 - [TEST_STEP][PASSED] - if (executionProfile.equalsIgnoreCase("QAProfile") || executionProfile.equalsIgnoreCase("DemoProfile")): null

2024-05-15 23:41:35 - [TEST_STEP][PASSED] - click(findTestObject("Object Repository/RecAndPlayBk/Page-Vlink-Sale/input")): Object: 'Object Repository/RecAndPlayBk/Page-Vlink-Sale/input' is clicked on

2024-05-15 23:41:36 - [MESSAGE][PASSED] - Object: 'Object Repository/RecAndPlayBk/Page-Vlink-Sale/input' is clicked on

2024-05-15 23:41:36 - [TEST_STEP][PASSED] - if (verifyTextPresent("Transaction approved, no errors", true)): null

2024-05-15 23:41:37 - [MESSAGE][PASSED] - Text 'Transaction approved, no errors' is present on page  using regular expression

2024-05-15 23:41:37 - [TEST_STEP][PASSED] - println("Transaction Approved, no errors text is present on the Confirmation page"): null

2024-05-15 23:41:37 - [TEST_STEP][PASSED] - sdfo = getText(findTestObject("Object Repository/Page_VLinkReceipt/pre_STX")): Text of object 'Object Repository/Page_VLinkReceipt/pre_STX' is: '<STX>xoKkIWXt1fv3                  12151624            0  Transaction approved, no errors                   0                                                                                  YP015844   <ETX>'

2024-05-15 23:41:37 - [MESSAGE][PASSED] - Text of object 'Object Repository/Page_VLinkReceipt/pre_STX' is: '<STX>xoKkIWXt1fv3                  12151624            0  Transaction approved, no errors                   0                                                                                  YP015844   <ETX>'

2024-05-15 23:41:37 - [TEST_STEP][PASSED] - out.println("sdfo: " + sdfo): null

2024-05-15 23:41:37 - [TEST_STEP][PASSED] - remID = substring(5, 35).trim(): null

2024-05-15 23:41:37 - [TEST_STEP][PASSED] - out.println("remID: " + remID): null

2024-05-15 23:41:37 - [TEST_STEP][PASSED] - traxID = substring(35, 55).trim(): null

2024-05-15 23:41:37 - [TEST_STEP][PASSED] - out.println("traxID: " + traxID): null

2024-05-15 23:41:37 - [TEST_STEP][PASSED] - VLinkSaleRemID = remID: null

2024-05-15 23:41:37 - [TEST_STEP][PASSED] - VLinkSaleTranxID = traxID: null

2024-05-15 23:41:37 - [TEST_STEP][PASSED] - openBrowser(VLinkURL + "CC_credit.html"): Browser is opened with url: 'https://dev-algorithm.govolution.com/vlinktest/QA2/version_2_0/CC_credit.html'

2024-05-15 23:41:37 - [MESSAGE][WARNING] - A browser is already opened. Closing browser and opening a new one

2024-05-15 23:41:38 - [MESSAGE][INFO] - Starting 'Chrome' driver

2024-05-15 23:41:38 - [MESSAGE][INFO] - User set preference: ['acceptInsecureCerts', 'true']

2024-05-15 23:41:38 - [MESSAGE][INFO] - Action delay is set to 0 milliseconds

2024-05-15 23:41:40 - [MESSAGE][PASSED] - Browser is opened with url: 'https://dev-algorithm.govolution.com/vlinktest/QA2/version_2_0/CC_credit.html'

2024-05-15 23:41:40 - [TEST_STEP][PASSED] - maximizeWindow(): Current window maximized

2024-05-15 23:41:41 - [MESSAGE][PASSED] - Current window maximized

2024-05-15 23:41:41 - [TEST_STEP][PASSED] - setText(findTestObject("Object Repository/RecAndPlayBk/Page-Vlink-CC-Credit/input_Remittance Id"), VLinkSaleRemID): Text 'xoKkIWXt1fv3' is set on object 'Object Repository/RecAndPlayBk/Page-Vlink-CC-Credit/input_Remittance Id'

2024-05-15 23:41:42 - [MESSAGE][PASSED] - Text 'xoKkIWXt1fv3' is set on object 'Object Repository/RecAndPlayBk/Page-Vlink-CC-Credit/input_Remittance Id'

2024-05-15 23:41:42 - [TEST_STEP][PASSED] - setText(findTestObject("Object Repository/RecAndPlayBk/Page-Vlink-CC-Credit/input_Application Id"), appID): Text '581' is set on object 'Object Repository/RecAndPlayBk/Page-Vlink-CC-Credit/input_Application Id'

2024-05-15 23:41:42 - [MESSAGE][PASSED] - Text '581' is set on object 'Object Repository/RecAndPlayBk/Page-Vlink-CC-Credit/input_Application Id'

2024-05-15 23:41:42 - [TEST_STEP][PASSED] - setText(findTestObject("Object Repository/RecAndPlayBk/Page-Vlink-CC-Credit/input_Username"), username): Text 'usr581' is set on object 'Object Repository/RecAndPlayBk/Page-Vlink-CC-Credit/input_Username'

2024-05-15 23:41:43 - [MESSAGE][PASSED] - Text 'usr581' is set on object 'Object Repository/RecAndPlayBk/Page-Vlink-CC-Credit/input_Username'

2024-05-15 23:41:43 - [TEST_STEP][PASSED] - setText(findTestObject("Object Repository/RecAndPlayBk/Page-Vlink-CC-Credit/input_Password"), password): Text 'pwd581' is set on object 'Object Repository/RecAndPlayBk/Page-Vlink-CC-Credit/input_Password'

2024-05-15 23:41:43 - [MESSAGE][PASSED] - Text 'pwd581' is set on object 'Object Repository/RecAndPlayBk/Page-Vlink-CC-Credit/input_Password'

2024-05-15 23:41:43 - [TEST_STEP][PASSED] - setText(findTestObject("Object Repository/RecAndPlayBk/Page-Vlink-CC-Credit/input_Transaction ID"), VLinkSaleTranxID): Text '12151624' is set on object 'Object Repository/RecAndPlayBk/Page-Vlink-CC-Credit/input_Transaction ID'

2024-05-15 23:41:44 - [MESSAGE][PASSED] - Text '12151624' is set on object 'Object Repository/RecAndPlayBk/Page-Vlink-CC-Credit/input_Transaction ID'

2024-05-15 23:41:44 - [TEST_STEP][PASSED] - setText(findTestObject("Object Repository/RecAndPlayBk/Page-Vlink-CC-Credit/input_Amount"), amount): Text '10.5' is set on object 'Object Repository/RecAndPlayBk/Page-Vlink-CC-Credit/input_Amount'

2024-05-15 23:41:45 - [MESSAGE][PASSED] - Text '10.5' is set on object 'Object Repository/RecAndPlayBk/Page-Vlink-CC-Credit/input_Amount'

2024-05-15 23:41:45 - [TEST_STEP][PASSED] - setText(findTestObject("Object Repository/RecAndPlayBk/Page-Vlink-CC-Credit/input_Card number"), ""): Text '' is set on object 'Object Repository/RecAndPlayBk/Page-Vlink-CC-Credit/input_Card number'

2024-05-15 23:41:45 - [MESSAGE][PASSED] - Text '' is set on object 'Object Repository/RecAndPlayBk/Page-Vlink-CC-Credit/input_Card number'

2024-05-15 23:41:45 - [TEST_STEP][PASSED] - setText(findTestObject("Object Repository/RecAndPlayBk/Page-Vlink-CC-Credit/input_Card ex month"), ""): Text '' is set on object 'Object Repository/RecAndPlayBk/Page-Vlink-CC-Credit/input_Card ex month'

2024-05-15 23:41:46 - [MESSAGE][PASSED] - Text '' is set on object 'Object Repository/RecAndPlayBk/Page-Vlink-CC-Credit/input_Card ex month'

2024-05-15 23:41:46 - [TEST_STEP][PASSED] - setText(findTestObject("Object Repository/RecAndPlayBk/Page-Vlink-CC-Credit/input_Card ex year"), ""): Text '' is set on object 'Object Repository/RecAndPlayBk/Page-Vlink-CC-Credit/input_Card ex year'

2024-05-15 23:41:47 - [MESSAGE][PASSED] - Text '' is set on object 'Object Repository/RecAndPlayBk/Page-Vlink-CC-Credit/input_Card ex year'

2024-05-15 23:41:47 - [TEST_STEP][PASSED] - setText(findTestObject("Object Repository/RecAndPlayBk/Page-Vlink-CC-Credit/input_Track Data"), ""): Text '' is set on object 'Object Repository/RecAndPlayBk/Page-Vlink-CC-Credit/input_Track Data'

2024-05-15 23:41:47 - [MESSAGE][PASSED] - Text '' is set on object 'Object Repository/RecAndPlayBk/Page-Vlink-CC-Credit/input_Track Data'

2024-05-15 23:41:47 - [TEST_STEP][PASSED] - setText(findTestObject("Object Repository/RecAndPlayBk/Page-Vlink-CC-Credit/input_Category Code"), category): Text 'ECOM' is set on object 'Object Repository/RecAndPlayBk/Page-Vlink-CC-Credit/input_Category Code'

2024-05-15 23:41:48 - [MESSAGE][PASSED] - Text 'ECOM' is set on object 'Object Repository/RecAndPlayBk/Page-Vlink-CC-Credit/input_Category Code'

2024-05-15 23:41:48 - [TEST_STEP][PASSED] - click(findTestObject("Object Repository/RecAndPlayBk/Page-Vlink-CC-Credit/input")): Object: 'Object Repository/RecAndPlayBk/Page-Vlink-CC-Credit/input' is clicked on

2024-05-15 23:41:49 - [MESSAGE][PASSED] - Object: 'Object Repository/RecAndPlayBk/Page-Vlink-CC-Credit/input' is clicked on

2024-05-15 23:41:49 - [TEST_STEP][PASSED] - if (verifyTextPresent("Transaction approved, no errors", true)): null

2024-05-15 23:41:49 - [MESSAGE][PASSED] - Text 'Transaction approved, no errors' is present on page  using regular expression

2024-05-15 23:41:49 - [TEST_STEP][PASSED] - println("Transaction Approved, no errors text is present on the Confirmation page"): null

2024-05-15 23:41:49 - [TEST_STEP][PASSED] - out.println("Pass Record Number: " + row): null

2024-05-15 23:41:49 - [TEST_STEP][PASSED] - resText = "Pass": null

2024-05-15 23:41:49 - [TEST_STEP][PASSED] - pages.WriteExcel.demoKey(resText, datText, resColumn, datCloumn, fileLoc, nameSheet, row): pages.WriteExcel.demoKey is PASSED

2024-05-15 23:41:50 - [MESSAGE][PASSED] - pages.WriteExcel.demoKey is PASSED]]></system-out>
         <system-err><![CDATA[]]></system-err>
      </testcase>
      <testcase name="Test Cases/RecAndPlayBk/VLink/Sale-Unencrypted" time="45.943" classname="Test Cases/RecAndPlayBk/VLink/Sale-Unencrypted" status="PASSED">
         <system-out><![CDATA[2024-05-15 23:41:50 - [TEST_CASE][PASSED] - Test Cases/RecAndPlayBk/VLink/Sale-Unencrypted: Test Cases/RecAndPlayBk/VLink/Sale-Unencrypted

2024-05-15 23:41:50 - [TEST_STEP][PASSED] - executionProfile = getExecutionProfile(): null

2024-05-15 23:41:50 - [TEST_STEP][PASSED] - out.println("executionProfile : " + executionProfile): null

2024-05-15 23:41:50 - [TEST_STEP][PASSED] - appName = <not implemented yet for class: org.codehaus.groovy.ast.expr.EmptyExpression>: null

2024-05-15 23:41:50 - [TEST_STEP][PASSED] - appID = <not implemented yet for class: org.codehaus.groovy.ast.expr.EmptyExpression>: null

2024-05-15 23:41:50 - [TEST_STEP][PASSED] - username = <not implemented yet for class: org.codehaus.groovy.ast.expr.EmptyExpression>: null

2024-05-15 23:41:50 - [TEST_STEP][PASSED] - password = <not implemented yet for class: org.codehaus.groovy.ast.expr.EmptyExpression>: null

2024-05-15 23:41:50 - [TEST_STEP][PASSED] - cardNameV = <not implemented yet for class: org.codehaus.groovy.ast.expr.EmptyExpression>: null

2024-05-15 23:41:50 - [TEST_STEP][PASSED] - al1V = <not implemented yet for class: org.codehaus.groovy.ast.expr.EmptyExpression>: null

2024-05-15 23:41:50 - [TEST_STEP][PASSED] - al2V = <not implemented yet for class: org.codehaus.groovy.ast.expr.EmptyExpression>: null

2024-05-15 23:41:50 - [TEST_STEP][PASSED] - zipV = <not implemented yet for class: org.codehaus.groovy.ast.expr.EmptyExpression>: null

2024-05-15 23:41:50 - [TEST_STEP][PASSED] - cardTypeV = <not implemented yet for class: org.codehaus.groovy.ast.expr.EmptyExpression>: null

2024-05-15 23:41:50 - [TEST_STEP][PASSED] - last4V = <not implemented yet for class: org.codehaus.groovy.ast.expr.EmptyExpression>: null

2024-05-15 23:41:50 - [TEST_STEP][PASSED] - trackData = <not implemented yet for class: org.codehaus.groovy.ast.expr.EmptyExpression>: null

2024-05-15 23:41:50 - [TEST_STEP][PASSED] - resText = "Fail": null

2024-05-15 23:41:50 - [TEST_STEP][PASSED] - resColumn = "Result": null

2024-05-15 23:41:50 - [TEST_STEP][PASSED] - datCloumn = "Date": null

2024-05-15 23:41:50 - [TEST_STEP][PASSED] - fileLoc = "KatalonData/VLinkSmokeData.xlsx": null

2024-05-15 23:41:50 - [TEST_STEP][PASSED] - numOfRows = <not implemented yet for class: org.codehaus.groovy.ast.expr.EmptyExpression>: null

2024-05-15 23:41:50 - [TEST_STEP][PASSED] - dataFile = <not implemented yet for class: org.codehaus.groovy.ast.expr.EmptyExpression>: null

2024-05-15 23:41:50 - [TEST_STEP][PASSED] - nameSheet = <not implemented yet for class: org.codehaus.groovy.ast.expr.EmptyExpression>: null

2024-05-15 23:41:50 - [TEST_STEP][PASSED] - nameSheet = "Sale-Unencrypted": null

2024-05-15 23:41:50 - [TEST_STEP][PASSED] - numOfRows = findTestData("QA/VLinkTestData/VLinkSaleUnencryptedData").getRowNumbers(): null

2024-05-15 23:41:51 - [TEST_STEP][PASSED] - println("Number of Records: " + numOfRows): null

2024-05-15 23:41:51 - [TEST_STEP][PASSED] - dataFile = "QA/VLinkTestData/VLinkSaleUnencryptedData": null

2024-05-15 23:41:51 - [TEST_STEP][PASSED] - for ([row = 1, row <= numOfRows, (row++)]): null

2024-05-15 23:41:51 - [TEST_STEP][PASSED] - ExecuteTC = findTestData(dataFile).getValue("Execute", row): null

2024-05-15 23:41:51 - [TEST_STEP][PASSED] - out.println("Value of Execute is : " + ExecuteTC): null

2024-05-15 23:41:51 - [TEST_STEP][PASSED] - switch (executionProfile): null

2024-05-15 23:41:51 - [TEST_STEP][PASSED] - case "QA2Profile":: null

2024-05-15 23:41:51 - [TEST_STEP][PASSED] - appID = findTestData(dataFile).getValue("AppIDQA", row): null

2024-05-15 23:41:51 - [TEST_STEP][PASSED] - username = findTestData(dataFile).getValue("UsernameQA", row): null

2024-05-15 23:41:51 - [TEST_STEP][PASSED] - password = findTestData(dataFile).getValue("PasswordQA", row): null

2024-05-15 23:41:51 - [TEST_STEP][PASSED] - break: null

2024-05-15 23:41:51 - [TEST_STEP][PASSED] - if (ExecuteTC.equalsIgnoreCase("Y")): null

2024-05-15 23:41:51 - [TEST_STEP][PASSED] - out.println("Begin Record Number: " + row): null

2024-05-15 23:41:51 - [TEST_STEP][PASSED] - today = new java.util.Date(): null

2024-05-15 23:41:51 - [TEST_STEP][PASSED] - println(today): null

2024-05-15 23:41:51 - [TEST_STEP][PASSED] - datText = today: null

2024-05-15 23:41:51 - [TEST_STEP][PASSED] - category = findTestData(dataFile).getValue("Category", row): null

2024-05-15 23:41:51 - [TEST_STEP][PASSED] - amount = findTestData(dataFile).getValue("Amount", row): null

2024-05-15 23:41:51 - [TEST_STEP][PASSED] - trackData = findTestData(dataFile).getValue("TrackData", row): null

2024-05-15 23:41:52 - [TEST_STEP][PASSED] - openBrowser(VLinkURL + "authcap.html"): Browser is opened with url: 'https://dev-algorithm.govolution.com/vlinktest/QA2/version_2_0/authcap.html'

2024-05-15 23:41:52 - [MESSAGE][WARNING] - A browser is already opened. Closing browser and opening a new one

2024-05-15 23:41:53 - [MESSAGE][INFO] - Starting 'Chrome' driver

2024-05-15 23:41:53 - [MESSAGE][INFO] - User set preference: ['acceptInsecureCerts', 'true']

2024-05-15 23:41:53 - [MESSAGE][INFO] - Action delay is set to 0 milliseconds

2024-05-15 23:41:55 - [MESSAGE][PASSED] - Browser is opened with url: 'https://dev-algorithm.govolution.com/vlinktest/QA2/version_2_0/authcap.html'

2024-05-15 23:41:55 - [TEST_STEP][PASSED] - maximizeWindow(): Current window maximized

2024-05-15 23:41:55 - [MESSAGE][PASSED] - Current window maximized

2024-05-15 23:41:55 - [TEST_STEP][PASSED] - maximizeWindow(): Current window maximized

2024-05-15 23:41:55 - [MESSAGE][PASSED] - Current window maximized

2024-05-15 23:41:55 - [TEST_STEP][PASSED] - genRemID = RandomStringUtils.random(12, true, true): null

2024-05-15 23:41:55 - [TEST_STEP][PASSED] - setText(findTestObject("Object Repository/RecAndPlayBk/Page-Vlink-Sale/input_Remittance Id_remittance_id"), genRemID): Text 'lD9B7RLAY2KI' is set on object 'Object Repository/RecAndPlayBk/Page-Vlink-Sale/input_Remittance Id_remittance_id'

2024-05-15 23:41:56 - [MESSAGE][PASSED] - Text 'lD9B7RLAY2KI' is set on object 'Object Repository/RecAndPlayBk/Page-Vlink-Sale/input_Remittance Id_remittance_id'

2024-05-15 23:41:56 - [TEST_STEP][PASSED] - setText(findTestObject("Object Repository/RecAndPlayBk/Page-Vlink-Sale/input_Application Id_application_id"), appID): Text '234' is set on object 'Object Repository/RecAndPlayBk/Page-Vlink-Sale/input_Application Id_application_id'

2024-05-15 23:41:57 - [MESSAGE][PASSED] - Text '234' is set on object 'Object Repository/RecAndPlayBk/Page-Vlink-Sale/input_Application Id_application_id'

2024-05-15 23:41:57 - [TEST_STEP][PASSED] - setText(findTestObject("Object Repository/RecAndPlayBk/Page-Vlink-Sale/input_Username_username"), username): Text 'username' is set on object 'Object Repository/RecAndPlayBk/Page-Vlink-Sale/input_Username_username'

2024-05-15 23:41:57 - [MESSAGE][PASSED] - Text 'username' is set on object 'Object Repository/RecAndPlayBk/Page-Vlink-Sale/input_Username_username'

2024-05-15 23:41:57 - [TEST_STEP][PASSED] - setText(findTestObject("Object Repository/RecAndPlayBk/Page-Vlink-Sale/input_Password_password"), password): Text 'password' is set on object 'Object Repository/RecAndPlayBk/Page-Vlink-Sale/input_Password_password'

2024-05-15 23:41:58 - [MESSAGE][PASSED] - Text 'password' is set on object 'Object Repository/RecAndPlayBk/Page-Vlink-Sale/input_Password_password'

2024-05-15 23:41:58 - [TEST_STEP][PASSED] - setText(findTestObject("Object Repository/RecAndPlayBk/Page-Vlink-Sale/input_Category_category"), category): Text 'RETL' is set on object 'Object Repository/RecAndPlayBk/Page-Vlink-Sale/input_Category_category'

2024-05-15 23:41:59 - [MESSAGE][PASSED] - Text 'RETL' is set on object 'Object Repository/RecAndPlayBk/Page-Vlink-Sale/input_Category_category'

2024-05-15 23:41:59 - [TEST_STEP][PASSED] - setText(findTestObject("Object Repository/RecAndPlayBk/Page-Vlink-Sale/input_Amount_amount"), amount): Text '10.5' is set on object 'Object Repository/RecAndPlayBk/Page-Vlink-Sale/input_Amount_amount'

2024-05-15 23:41:59 - [MESSAGE][PASSED] - Text '10.5' is set on object 'Object Repository/RecAndPlayBk/Page-Vlink-Sale/input_Amount_amount'

2024-05-15 23:41:59 - [TEST_STEP][PASSED] - setText(findTestObject("Object Repository/RecAndPlayBk/Page-Vlink-Sale/input_Card number_card_number"), ""): Text '' is set on object 'Object Repository/RecAndPlayBk/Page-Vlink-Sale/input_Card number_card_number'

2024-05-15 23:42:00 - [MESSAGE][PASSED] - Text '' is set on object 'Object Repository/RecAndPlayBk/Page-Vlink-Sale/input_Card number_card_number'

2024-05-15 23:42:00 - [TEST_STEP][PASSED] - setText(findTestObject("Object Repository/RecAndPlayBk/Page-Vlink-Sale/input_Card ex month_card_exmo"), ""): Text '' is set on object 'Object Repository/RecAndPlayBk/Page-Vlink-Sale/input_Card ex month_card_exmo'

2024-05-15 23:42:01 - [MESSAGE][PASSED] - Text '' is set on object 'Object Repository/RecAndPlayBk/Page-Vlink-Sale/input_Card ex month_card_exmo'

2024-05-15 23:42:01 - [TEST_STEP][PASSED] - setText(findTestObject("Object Repository/RecAndPlayBk/Page-Vlink-Sale/input_Card ex year_card_exyr"), ""): Text '' is set on object 'Object Repository/RecAndPlayBk/Page-Vlink-Sale/input_Card ex year_card_exyr'

2024-05-15 23:42:01 - [MESSAGE][PASSED] - Text '' is set on object 'Object Repository/RecAndPlayBk/Page-Vlink-Sale/input_Card ex year_card_exyr'

2024-05-15 23:42:01 - [TEST_STEP][PASSED] - setText(findTestObject("Object Repository/RecAndPlayBk/Page-Vlink-Sale/input_Track Data_track_data"), trackData): Text '%B5567080011582687^AHMED/IMTIAZ              ^2603201090300000000000528000015?;5567080011582687=26032010903052800015?' is set on object 'Object Repository/RecAndPlayBk/Page-Vlink-Sale/input_Track Data_track_data'

2024-05-15 23:42:02 - [MESSAGE][PASSED] - Text '%B5567080011582687^AHMED/IMTIAZ              ^2603201090300000000000528000015?;5567080011582687=26032010903052800015?' is set on object 'Object Repository/RecAndPlayBk/Page-Vlink-Sale/input_Track Data_track_data'

2024-05-15 23:42:02 - [TEST_STEP][PASSED] - setText(findTestObject("Object Repository/RecAndPlayBk/Page-Vlink-Sale/txt_POSEntryMode"), "track"): Text 'track' is set on object 'Object Repository/RecAndPlayBk/Page-Vlink-Sale/txt_POSEntryMode'

2024-05-15 23:42:03 - [MESSAGE][PASSED] - Text 'track' is set on object 'Object Repository/RecAndPlayBk/Page-Vlink-Sale/txt_POSEntryMode'

2024-05-15 23:42:03 - [TEST_STEP][PASSED] - setText(findTestObject("Object Repository/RecAndPlayBk/Page-Vlink-Sale/input_concat(Cardholder, , s email)_email"), ""): Text '' is set on object 'Object Repository/RecAndPlayBk/Page-Vlink-Sale/input_concat(Cardholder, , s email)_email'

2024-05-15 23:42:03 - [MESSAGE][PASSED] - Text '' is set on object 'Object Repository/RecAndPlayBk/Page-Vlink-Sale/input_concat(Cardholder, , s email)_email'

2024-05-15 23:42:03 - [TEST_STEP][PASSED] - click(findTestObject("Object Repository/RecAndPlayBk/Page-Vlink-Sale/input_user_defined10_user_defined10")): Object: 'Object Repository/RecAndPlayBk/Page-Vlink-Sale/input_user_defined10_user_defined10' is clicked on

2024-05-15 23:42:04 - [MESSAGE][PASSED] - Object: 'Object Repository/RecAndPlayBk/Page-Vlink-Sale/input_user_defined10_user_defined10' is clicked on

2024-05-15 23:42:04 - [TEST_STEP][PASSED] - if (executionProfile.equalsIgnoreCase("QAProfile") || executionProfile.equalsIgnoreCase("DemoProfile")): null

2024-05-15 23:42:04 - [TEST_STEP][PASSED] - click(findTestObject("Object Repository/RecAndPlayBk/Page-Vlink-Sale/input")): Object: 'Object Repository/RecAndPlayBk/Page-Vlink-Sale/input' is clicked on

2024-05-15 23:42:05 - [MESSAGE][PASSED] - Object: 'Object Repository/RecAndPlayBk/Page-Vlink-Sale/input' is clicked on

2024-05-15 23:42:05 - [TEST_STEP][PASSED] - if (verifyTextPresent("Transaction approved, no errors", true)): null

2024-05-15 23:42:05 - [MESSAGE][PASSED] - Text 'Transaction approved, no errors' is present on page  using regular expression

2024-05-15 23:42:05 - [TEST_STEP][PASSED] - println("Transaction Approved, no errors text is present on the Confirmation page"): null

2024-05-15 23:42:05 - [TEST_STEP][PASSED] - out.println("Pass Record Number: " + row): null

2024-05-15 23:42:05 - [TEST_STEP][PASSED] - resText = "Pass": null

2024-05-15 23:42:05 - [TEST_STEP][PASSED] - pages.WriteExcel.demoKey(resText, datText, resColumn, datCloumn, fileLoc, nameSheet, row): pages.WriteExcel.demoKey is PASSED

2024-05-15 23:42:05 - [MESSAGE][PASSED] - pages.WriteExcel.demoKey is PASSED

2024-05-15 23:42:05 - [TEST_STEP][PASSED] - ExecuteTC = findTestData(dataFile).getValue("Execute", row): null

2024-05-15 23:42:06 - [TEST_STEP][PASSED] - out.println("Value of Execute is : " + ExecuteTC): null

2024-05-15 23:42:06 - [TEST_STEP][PASSED] - switch (executionProfile): null

2024-05-15 23:42:06 - [TEST_STEP][PASSED] - case "QA2Profile":: null

2024-05-15 23:42:06 - [TEST_STEP][PASSED] - appID = findTestData(dataFile).getValue("AppIDQA", row): null

2024-05-15 23:42:06 - [TEST_STEP][PASSED] - username = findTestData(dataFile).getValue("UsernameQA", row): null

2024-05-15 23:42:06 - [TEST_STEP][PASSED] - password = findTestData(dataFile).getValue("PasswordQA", row): null

2024-05-15 23:42:06 - [TEST_STEP][PASSED] - break: null

2024-05-15 23:42:06 - [TEST_STEP][PASSED] - if (ExecuteTC.equalsIgnoreCase("Y")): null

2024-05-15 23:42:06 - [TEST_STEP][PASSED] - out.println("Begin Record Number: " + row): null

2024-05-15 23:42:06 - [TEST_STEP][PASSED] - today = new java.util.Date(): null

2024-05-15 23:42:06 - [TEST_STEP][PASSED] - println(today): null

2024-05-15 23:42:06 - [TEST_STEP][PASSED] - datText = today: null

2024-05-15 23:42:06 - [TEST_STEP][PASSED] - category = findTestData(dataFile).getValue("Category", row): null

2024-05-15 23:42:06 - [TEST_STEP][PASSED] - amount = findTestData(dataFile).getValue("Amount", row): null

2024-05-15 23:42:06 - [TEST_STEP][PASSED] - trackData = findTestData(dataFile).getValue("TrackData", row): null

2024-05-15 23:42:06 - [TEST_STEP][PASSED] - openBrowser(VLinkURL + "authcap.html"): Browser is opened with url: 'https://dev-algorithm.govolution.com/vlinktest/QA2/version_2_0/authcap.html'

2024-05-15 23:42:06 - [MESSAGE][WARNING] - A browser is already opened. Closing browser and opening a new one

2024-05-15 23:42:08 - [MESSAGE][INFO] - Starting 'Chrome' driver

2024-05-15 23:42:08 - [MESSAGE][INFO] - User set preference: ['acceptInsecureCerts', 'true']

2024-05-15 23:42:08 - [MESSAGE][INFO] - Action delay is set to 0 milliseconds

2024-05-15 23:42:10 - [MESSAGE][PASSED] - Browser is opened with url: 'https://dev-algorithm.govolution.com/vlinktest/QA2/version_2_0/authcap.html'

2024-05-15 23:42:10 - [TEST_STEP][PASSED] - maximizeWindow(): Current window maximized

2024-05-15 23:42:10 - [MESSAGE][PASSED] - Current window maximized

2024-05-15 23:42:10 - [TEST_STEP][PASSED] - maximizeWindow(): Current window maximized

2024-05-15 23:42:10 - [MESSAGE][PASSED] - Current window maximized

2024-05-15 23:42:10 - [TEST_STEP][PASSED] - genRemID = RandomStringUtils.random(12, true, true): null

2024-05-15 23:42:10 - [TEST_STEP][PASSED] - setText(findTestObject("Object Repository/RecAndPlayBk/Page-Vlink-Sale/input_Remittance Id_remittance_id"), genRemID): Text 'mPgCacv4uGFF' is set on object 'Object Repository/RecAndPlayBk/Page-Vlink-Sale/input_Remittance Id_remittance_id'

2024-05-15 23:42:11 - [MESSAGE][PASSED] - Text 'mPgCacv4uGFF' is set on object 'Object Repository/RecAndPlayBk/Page-Vlink-Sale/input_Remittance Id_remittance_id'

2024-05-15 23:42:11 - [TEST_STEP][PASSED] - setText(findTestObject("Object Repository/RecAndPlayBk/Page-Vlink-Sale/input_Application Id_application_id"), appID): Text '87' is set on object 'Object Repository/RecAndPlayBk/Page-Vlink-Sale/input_Application Id_application_id'

2024-05-15 23:42:11 - [MESSAGE][PASSED] - Text '87' is set on object 'Object Repository/RecAndPlayBk/Page-Vlink-Sale/input_Application Id_application_id'

2024-05-15 23:42:11 - [TEST_STEP][PASSED] - setText(findTestObject("Object Repository/RecAndPlayBk/Page-Vlink-Sale/input_Username_username"), username): Text 'username' is set on object 'Object Repository/RecAndPlayBk/Page-Vlink-Sale/input_Username_username'

2024-05-15 23:42:12 - [MESSAGE][PASSED] - Text 'username' is set on object 'Object Repository/RecAndPlayBk/Page-Vlink-Sale/input_Username_username'

2024-05-15 23:42:12 - [TEST_STEP][PASSED] - setText(findTestObject("Object Repository/RecAndPlayBk/Page-Vlink-Sale/input_Password_password"), password): Text 'password' is set on object 'Object Repository/RecAndPlayBk/Page-Vlink-Sale/input_Password_password'

2024-05-15 23:42:13 - [MESSAGE][PASSED] - Text 'password' is set on object 'Object Repository/RecAndPlayBk/Page-Vlink-Sale/input_Password_password'

2024-05-15 23:42:13 - [TEST_STEP][PASSED] - setText(findTestObject("Object Repository/RecAndPlayBk/Page-Vlink-Sale/input_Category_category"), category): Text 'RETL' is set on object 'Object Repository/RecAndPlayBk/Page-Vlink-Sale/input_Category_category'

2024-05-15 23:42:13 - [MESSAGE][PASSED] - Text 'RETL' is set on object 'Object Repository/RecAndPlayBk/Page-Vlink-Sale/input_Category_category'

2024-05-15 23:42:13 - [TEST_STEP][PASSED] - setText(findTestObject("Object Repository/RecAndPlayBk/Page-Vlink-Sale/input_Amount_amount"), amount): Text '10.5' is set on object 'Object Repository/RecAndPlayBk/Page-Vlink-Sale/input_Amount_amount'

2024-05-15 23:42:14 - [MESSAGE][PASSED] - Text '10.5' is set on object 'Object Repository/RecAndPlayBk/Page-Vlink-Sale/input_Amount_amount'

2024-05-15 23:42:14 - [TEST_STEP][PASSED] - setText(findTestObject("Object Repository/RecAndPlayBk/Page-Vlink-Sale/input_Card number_card_number"), ""): Text '' is set on object 'Object Repository/RecAndPlayBk/Page-Vlink-Sale/input_Card number_card_number'

2024-05-15 23:42:15 - [MESSAGE][PASSED] - Text '' is set on object 'Object Repository/RecAndPlayBk/Page-Vlink-Sale/input_Card number_card_number'

2024-05-15 23:42:15 - [TEST_STEP][PASSED] - setText(findTestObject("Object Repository/RecAndPlayBk/Page-Vlink-Sale/input_Card ex month_card_exmo"), ""): Text '' is set on object 'Object Repository/RecAndPlayBk/Page-Vlink-Sale/input_Card ex month_card_exmo'

2024-05-15 23:42:15 - [MESSAGE][PASSED] - Text '' is set on object 'Object Repository/RecAndPlayBk/Page-Vlink-Sale/input_Card ex month_card_exmo'

2024-05-15 23:42:15 - [TEST_STEP][PASSED] - setText(findTestObject("Object Repository/RecAndPlayBk/Page-Vlink-Sale/input_Card ex year_card_exyr"), ""): Text '' is set on object 'Object Repository/RecAndPlayBk/Page-Vlink-Sale/input_Card ex year_card_exyr'

2024-05-15 23:42:16 - [MESSAGE][PASSED] - Text '' is set on object 'Object Repository/RecAndPlayBk/Page-Vlink-Sale/input_Card ex year_card_exyr'

2024-05-15 23:42:16 - [TEST_STEP][PASSED] - setText(findTestObject("Object Repository/RecAndPlayBk/Page-Vlink-Sale/input_Track Data_track_data"), trackData): Text '%B5567080011582687^AHMED/IMTIAZ              ^2603201090300000000000528000015?;5567080011582687=26032010903052800015?' is set on object 'Object Repository/RecAndPlayBk/Page-Vlink-Sale/input_Track Data_track_data'

2024-05-15 23:42:17 - [MESSAGE][PASSED] - Text '%B5567080011582687^AHMED/IMTIAZ              ^2603201090300000000000528000015?;5567080011582687=26032010903052800015?' is set on object 'Object Repository/RecAndPlayBk/Page-Vlink-Sale/input_Track Data_track_data'

2024-05-15 23:42:17 - [TEST_STEP][PASSED] - setText(findTestObject("Object Repository/RecAndPlayBk/Page-Vlink-Sale/txt_POSEntryMode"), "track"): Text 'track' is set on object 'Object Repository/RecAndPlayBk/Page-Vlink-Sale/txt_POSEntryMode'

2024-05-15 23:42:17 - [MESSAGE][PASSED] - Text 'track' is set on object 'Object Repository/RecAndPlayBk/Page-Vlink-Sale/txt_POSEntryMode'

2024-05-15 23:42:17 - [TEST_STEP][PASSED] - setText(findTestObject("Object Repository/RecAndPlayBk/Page-Vlink-Sale/input_concat(Cardholder, , s email)_email"), ""): Text '' is set on object 'Object Repository/RecAndPlayBk/Page-Vlink-Sale/input_concat(Cardholder, , s email)_email'

2024-05-15 23:42:18 - [MESSAGE][PASSED] - Text '' is set on object 'Object Repository/RecAndPlayBk/Page-Vlink-Sale/input_concat(Cardholder, , s email)_email'

2024-05-15 23:42:18 - [TEST_STEP][PASSED] - click(findTestObject("Object Repository/RecAndPlayBk/Page-Vlink-Sale/input_user_defined10_user_defined10")): Object: 'Object Repository/RecAndPlayBk/Page-Vlink-Sale/input_user_defined10_user_defined10' is clicked on

2024-05-15 23:42:18 - [MESSAGE][PASSED] - Object: 'Object Repository/RecAndPlayBk/Page-Vlink-Sale/input_user_defined10_user_defined10' is clicked on

2024-05-15 23:42:18 - [TEST_STEP][PASSED] - if (executionProfile.equalsIgnoreCase("QAProfile") || executionProfile.equalsIgnoreCase("DemoProfile")): null

2024-05-15 23:42:18 - [TEST_STEP][PASSED] - click(findTestObject("Object Repository/RecAndPlayBk/Page-Vlink-Sale/input")): Object: 'Object Repository/RecAndPlayBk/Page-Vlink-Sale/input' is clicked on

2024-05-15 23:42:20 - [MESSAGE][PASSED] - Object: 'Object Repository/RecAndPlayBk/Page-Vlink-Sale/input' is clicked on

2024-05-15 23:42:20 - [TEST_STEP][PASSED] - if (verifyTextPresent("Transaction approved, no errors", true)): null

2024-05-15 23:42:21 - [MESSAGE][PASSED] - Text 'Transaction approved, no errors' is present on page  using regular expression

2024-05-15 23:42:21 - [TEST_STEP][PASSED] - println("Transaction Approved, no errors text is present on the Confirmation page"): null

2024-05-15 23:42:21 - [TEST_STEP][PASSED] - out.println("Pass Record Number: " + row): null

2024-05-15 23:42:21 - [TEST_STEP][PASSED] - resText = "Pass": null

2024-05-15 23:42:21 - [TEST_STEP][PASSED] - pages.WriteExcel.demoKey(resText, datText, resColumn, datCloumn, fileLoc, nameSheet, row): pages.WriteExcel.demoKey is PASSED

2024-05-15 23:42:21 - [MESSAGE][PASSED] - pages.WriteExcel.demoKey is PASSED

2024-05-15 23:42:21 - [TEST_STEP][PASSED] - ExecuteTC = findTestData(dataFile).getValue("Execute", row): null

2024-05-15 23:42:21 - [TEST_STEP][PASSED] - out.println("Value of Execute is : " + ExecuteTC): null

2024-05-15 23:42:21 - [TEST_STEP][PASSED] - switch (executionProfile): null

2024-05-15 23:42:21 - [TEST_STEP][PASSED] - case "QA2Profile":: null

2024-05-15 23:42:21 - [TEST_STEP][PASSED] - appID = findTestData(dataFile).getValue("AppIDQA", row): null

2024-05-15 23:42:21 - [TEST_STEP][PASSED] - username = findTestData(dataFile).getValue("UsernameQA", row): null

2024-05-15 23:42:21 - [TEST_STEP][PASSED] - password = findTestData(dataFile).getValue("PasswordQA", row): null

2024-05-15 23:42:21 - [TEST_STEP][PASSED] - break: null

2024-05-15 23:42:21 - [TEST_STEP][PASSED] - if (ExecuteTC.equalsIgnoreCase("Y")): null

2024-05-15 23:42:21 - [TEST_STEP][PASSED] - out.println("Begin Record Number: " + row): null

2024-05-15 23:42:21 - [TEST_STEP][PASSED] - today = new java.util.Date(): null

2024-05-15 23:42:21 - [TEST_STEP][PASSED] - println(today): null

2024-05-15 23:42:21 - [TEST_STEP][PASSED] - datText = today: null

2024-05-15 23:42:21 - [TEST_STEP][PASSED] - category = findTestData(dataFile).getValue("Category", row): null

2024-05-15 23:42:21 - [TEST_STEP][PASSED] - amount = findTestData(dataFile).getValue("Amount", row): null

2024-05-15 23:42:21 - [TEST_STEP][PASSED] - trackData = findTestData(dataFile).getValue("TrackData", row): null

2024-05-15 23:42:21 - [TEST_STEP][PASSED] - openBrowser(VLinkURL + "authcap.html"): Browser is opened with url: 'https://dev-algorithm.govolution.com/vlinktest/QA2/version_2_0/authcap.html'

2024-05-15 23:42:21 - [MESSAGE][WARNING] - A browser is already opened. Closing browser and opening a new one

2024-05-15 23:42:23 - [MESSAGE][INFO] - Starting 'Chrome' driver

2024-05-15 23:42:23 - [MESSAGE][INFO] - User set preference: ['acceptInsecureCerts', 'true']

2024-05-15 23:42:23 - [MESSAGE][INFO] - Action delay is set to 0 milliseconds

2024-05-15 23:42:25 - [MESSAGE][PASSED] - Browser is opened with url: 'https://dev-algorithm.govolution.com/vlinktest/QA2/version_2_0/authcap.html'

2024-05-15 23:42:25 - [TEST_STEP][PASSED] - maximizeWindow(): Current window maximized

2024-05-15 23:42:25 - [MESSAGE][PASSED] - Current window maximized

2024-05-15 23:42:25 - [TEST_STEP][PASSED] - maximizeWindow(): Current window maximized

2024-05-15 23:42:25 - [MESSAGE][PASSED] - Current window maximized

2024-05-15 23:42:25 - [TEST_STEP][PASSED] - genRemID = RandomStringUtils.random(12, true, true): null

2024-05-15 23:42:25 - [TEST_STEP][PASSED] - setText(findTestObject("Object Repository/RecAndPlayBk/Page-Vlink-Sale/input_Remittance Id_remittance_id"), genRemID): Text 'I4aIfg2mZO5w' is set on object 'Object Repository/RecAndPlayBk/Page-Vlink-Sale/input_Remittance Id_remittance_id'

2024-05-15 23:42:26 - [MESSAGE][PASSED] - Text 'I4aIfg2mZO5w' is set on object 'Object Repository/RecAndPlayBk/Page-Vlink-Sale/input_Remittance Id_remittance_id'

2024-05-15 23:42:26 - [TEST_STEP][PASSED] - setText(findTestObject("Object Repository/RecAndPlayBk/Page-Vlink-Sale/input_Application Id_application_id"), appID): Text '581' is set on object 'Object Repository/RecAndPlayBk/Page-Vlink-Sale/input_Application Id_application_id'

2024-05-15 23:42:27 - [MESSAGE][PASSED] - Text '581' is set on object 'Object Repository/RecAndPlayBk/Page-Vlink-Sale/input_Application Id_application_id'

2024-05-15 23:42:27 - [TEST_STEP][PASSED] - setText(findTestObject("Object Repository/RecAndPlayBk/Page-Vlink-Sale/input_Username_username"), username): Text 'usr581' is set on object 'Object Repository/RecAndPlayBk/Page-Vlink-Sale/input_Username_username'

2024-05-15 23:42:27 - [MESSAGE][PASSED] - Text 'usr581' is set on object 'Object Repository/RecAndPlayBk/Page-Vlink-Sale/input_Username_username'

2024-05-15 23:42:27 - [TEST_STEP][PASSED] - setText(findTestObject("Object Repository/RecAndPlayBk/Page-Vlink-Sale/input_Password_password"), password): Text 'pwd581' is set on object 'Object Repository/RecAndPlayBk/Page-Vlink-Sale/input_Password_password'

2024-05-15 23:42:28 - [MESSAGE][PASSED] - Text 'pwd581' is set on object 'Object Repository/RecAndPlayBk/Page-Vlink-Sale/input_Password_password'

2024-05-15 23:42:28 - [TEST_STEP][PASSED] - setText(findTestObject("Object Repository/RecAndPlayBk/Page-Vlink-Sale/input_Category_category"), category): Text 'RETL' is set on object 'Object Repository/RecAndPlayBk/Page-Vlink-Sale/input_Category_category'

2024-05-15 23:42:29 - [MESSAGE][PASSED] - Text 'RETL' is set on object 'Object Repository/RecAndPlayBk/Page-Vlink-Sale/input_Category_category'

2024-05-15 23:42:29 - [TEST_STEP][PASSED] - setText(findTestObject("Object Repository/RecAndPlayBk/Page-Vlink-Sale/input_Amount_amount"), amount): Text '10.5' is set on object 'Object Repository/RecAndPlayBk/Page-Vlink-Sale/input_Amount_amount'

2024-05-15 23:42:29 - [MESSAGE][PASSED] - Text '10.5' is set on object 'Object Repository/RecAndPlayBk/Page-Vlink-Sale/input_Amount_amount'

2024-05-15 23:42:29 - [TEST_STEP][PASSED] - setText(findTestObject("Object Repository/RecAndPlayBk/Page-Vlink-Sale/input_Card number_card_number"), ""): Text '' is set on object 'Object Repository/RecAndPlayBk/Page-Vlink-Sale/input_Card number_card_number'

2024-05-15 23:42:30 - [MESSAGE][PASSED] - Text '' is set on object 'Object Repository/RecAndPlayBk/Page-Vlink-Sale/input_Card number_card_number'

2024-05-15 23:42:30 - [TEST_STEP][PASSED] - setText(findTestObject("Object Repository/RecAndPlayBk/Page-Vlink-Sale/input_Card ex month_card_exmo"), ""): Text '' is set on object 'Object Repository/RecAndPlayBk/Page-Vlink-Sale/input_Card ex month_card_exmo'

2024-05-15 23:42:30 - [MESSAGE][PASSED] - Text '' is set on object 'Object Repository/RecAndPlayBk/Page-Vlink-Sale/input_Card ex month_card_exmo'

2024-05-15 23:42:30 - [TEST_STEP][PASSED] - setText(findTestObject("Object Repository/RecAndPlayBk/Page-Vlink-Sale/input_Card ex year_card_exyr"), ""): Text '' is set on object 'Object Repository/RecAndPlayBk/Page-Vlink-Sale/input_Card ex year_card_exyr'

2024-05-15 23:42:31 - [MESSAGE][PASSED] - Text '' is set on object 'Object Repository/RecAndPlayBk/Page-Vlink-Sale/input_Card ex year_card_exyr'

2024-05-15 23:42:31 - [TEST_STEP][PASSED] - setText(findTestObject("Object Repository/RecAndPlayBk/Page-Vlink-Sale/input_Track Data_track_data"), trackData): Text '%B5567080011582687^AHMED/IMTIAZ              ^2603201090300000000000528000015?;5567080011582687=26032010903052800015?' is set on object 'Object Repository/RecAndPlayBk/Page-Vlink-Sale/input_Track Data_track_data'

2024-05-15 23:42:32 - [MESSAGE][PASSED] - Text '%B5567080011582687^AHMED/IMTIAZ              ^2603201090300000000000528000015?;5567080011582687=26032010903052800015?' is set on object 'Object Repository/RecAndPlayBk/Page-Vlink-Sale/input_Track Data_track_data'

2024-05-15 23:42:32 - [TEST_STEP][PASSED] - setText(findTestObject("Object Repository/RecAndPlayBk/Page-Vlink-Sale/txt_POSEntryMode"), "track"): Text 'track' is set on object 'Object Repository/RecAndPlayBk/Page-Vlink-Sale/txt_POSEntryMode'

2024-05-15 23:42:32 - [MESSAGE][PASSED] - Text 'track' is set on object 'Object Repository/RecAndPlayBk/Page-Vlink-Sale/txt_POSEntryMode'

2024-05-15 23:42:32 - [TEST_STEP][PASSED] - setText(findTestObject("Object Repository/RecAndPlayBk/Page-Vlink-Sale/input_concat(Cardholder, , s email)_email"), ""): Text '' is set on object 'Object Repository/RecAndPlayBk/Page-Vlink-Sale/input_concat(Cardholder, , s email)_email'

2024-05-15 23:42:33 - [MESSAGE][PASSED] - Text '' is set on object 'Object Repository/RecAndPlayBk/Page-Vlink-Sale/input_concat(Cardholder, , s email)_email'

2024-05-15 23:42:33 - [TEST_STEP][PASSED] - click(findTestObject("Object Repository/RecAndPlayBk/Page-Vlink-Sale/input_user_defined10_user_defined10")): Object: 'Object Repository/RecAndPlayBk/Page-Vlink-Sale/input_user_defined10_user_defined10' is clicked on

2024-05-15 23:42:33 - [MESSAGE][PASSED] - Object: 'Object Repository/RecAndPlayBk/Page-Vlink-Sale/input_user_defined10_user_defined10' is clicked on

2024-05-15 23:42:33 - [TEST_STEP][PASSED] - if (executionProfile.equalsIgnoreCase("QAProfile") || executionProfile.equalsIgnoreCase("DemoProfile")): null

2024-05-15 23:42:33 - [TEST_STEP][PASSED] - click(findTestObject("Object Repository/RecAndPlayBk/Page-Vlink-Sale/input")): Object: 'Object Repository/RecAndPlayBk/Page-Vlink-Sale/input' is clicked on

2024-05-15 23:42:35 - [MESSAGE][PASSED] - Object: 'Object Repository/RecAndPlayBk/Page-Vlink-Sale/input' is clicked on

2024-05-15 23:42:35 - [TEST_STEP][PASSED] - if (verifyTextPresent("Transaction approved, no errors", true)): null

2024-05-15 23:42:35 - [MESSAGE][PASSED] - Text 'Transaction approved, no errors' is present on page  using regular expression

2024-05-15 23:42:35 - [TEST_STEP][PASSED] - println("Transaction Approved, no errors text is present on the Confirmation page"): null

2024-05-15 23:42:35 - [TEST_STEP][PASSED] - out.println("Pass Record Number: " + row): null

2024-05-15 23:42:35 - [TEST_STEP][PASSED] - resText = "Pass": null

2024-05-15 23:42:35 - [TEST_STEP][PASSED] - pages.WriteExcel.demoKey(resText, datText, resColumn, datCloumn, fileLoc, nameSheet, row): pages.WriteExcel.demoKey is PASSED

2024-05-15 23:42:35 - [MESSAGE][PASSED] - pages.WriteExcel.demoKey is PASSED]]></system-out>
         <system-err><![CDATA[]]></system-err>
      </testcase>
      <testcase name="Test Cases/RecAndPlayBk/VLink/Sale-ZeroDollar-Error" time="68.542" classname="Test Cases/RecAndPlayBk/VLink/Sale-ZeroDollar-Error" status="PASSED">
         <system-out><![CDATA[2024-05-15 23:42:36 - [TEST_CASE][PASSED] - Test Cases/RecAndPlayBk/VLink/Sale-ZeroDollar-Error: Test Cases/RecAndPlayBk/VLink/Sale-ZeroDollar-Error

2024-05-15 23:42:36 - [TEST_STEP][PASSED] - executionProfile = getExecutionProfile(): null

2024-05-15 23:42:36 - [TEST_STEP][PASSED] - out.println("executionProfile : " + executionProfile): null

2024-05-15 23:42:36 - [TEST_STEP][PASSED] - appName = <not implemented yet for class: org.codehaus.groovy.ast.expr.EmptyExpression>: null

2024-05-15 23:42:36 - [TEST_STEP][PASSED] - appID = <not implemented yet for class: org.codehaus.groovy.ast.expr.EmptyExpression>: null

2024-05-15 23:42:36 - [TEST_STEP][PASSED] - username = <not implemented yet for class: org.codehaus.groovy.ast.expr.EmptyExpression>: null

2024-05-15 23:42:36 - [TEST_STEP][PASSED] - password = <not implemented yet for class: org.codehaus.groovy.ast.expr.EmptyExpression>: null

2024-05-15 23:42:36 - [TEST_STEP][PASSED] - cardNameV = <not implemented yet for class: org.codehaus.groovy.ast.expr.EmptyExpression>: null

2024-05-15 23:42:36 - [TEST_STEP][PASSED] - al1V = <not implemented yet for class: org.codehaus.groovy.ast.expr.EmptyExpression>: null

2024-05-15 23:42:36 - [TEST_STEP][PASSED] - al2V = <not implemented yet for class: org.codehaus.groovy.ast.expr.EmptyExpression>: null

2024-05-15 23:42:36 - [TEST_STEP][PASSED] - zipV = <not implemented yet for class: org.codehaus.groovy.ast.expr.EmptyExpression>: null

2024-05-15 23:42:36 - [TEST_STEP][PASSED] - cardTypeV = <not implemented yet for class: org.codehaus.groovy.ast.expr.EmptyExpression>: null

2024-05-15 23:42:36 - [TEST_STEP][PASSED] - last4V = <not implemented yet for class: org.codehaus.groovy.ast.expr.EmptyExpression>: null

2024-05-15 23:42:36 - [TEST_STEP][PASSED] - resText = "Fail": null

2024-05-15 23:42:36 - [TEST_STEP][PASSED] - resColumn = "Result": null

2024-05-15 23:42:36 - [TEST_STEP][PASSED] - datCloumn = "Date": null

2024-05-15 23:42:36 - [TEST_STEP][PASSED] - fileLoc = "KatalonData/VLinkSmokeData.xlsx": null

2024-05-15 23:42:36 - [TEST_STEP][PASSED] - numOfRows = <not implemented yet for class: org.codehaus.groovy.ast.expr.EmptyExpression>: null

2024-05-15 23:42:36 - [TEST_STEP][PASSED] - dataFile = <not implemented yet for class: org.codehaus.groovy.ast.expr.EmptyExpression>: null

2024-05-15 23:42:36 - [TEST_STEP][PASSED] - nameSheet = <not implemented yet for class: org.codehaus.groovy.ast.expr.EmptyExpression>: null

2024-05-15 23:42:36 - [TEST_STEP][PASSED] - nameSheet = "Sale-ZeroDollar": null

2024-05-15 23:42:36 - [TEST_STEP][PASSED] - numOfRows = findTestData("QA/VLinkTestData/VLinkSaleZeroDollar").getRowNumbers(): null

2024-05-15 23:42:36 - [TEST_STEP][PASSED] - println("Number of Records: " + numOfRows): null

2024-05-15 23:42:36 - [TEST_STEP][PASSED] - dataFile = "QA/VLinkTestData/VLinkSaleZeroDollar": null

2024-05-15 23:42:36 - [TEST_STEP][PASSED] - for ([row = 1, row <= numOfRows, (row++)]): null

2024-05-15 23:42:36 - [TEST_STEP][PASSED] - ExecuteTC = findTestData(dataFile).getValue("Execute", row): null

2024-05-15 23:42:36 - [TEST_STEP][PASSED] - out.println("Value of Execute is : " + ExecuteTC): null

2024-05-15 23:42:36 - [TEST_STEP][PASSED] - switch (executionProfile): null

2024-05-15 23:42:36 - [TEST_STEP][PASSED] - case "QA2Profile":: null

2024-05-15 23:42:36 - [TEST_STEP][PASSED] - appID = findTestData(dataFile).getValue("AppIDQA", row): null

2024-05-15 23:42:37 - [TEST_STEP][PASSED] - username = findTestData(dataFile).getValue("UsernameQA", row): null

2024-05-15 23:42:37 - [TEST_STEP][PASSED] - password = findTestData(dataFile).getValue("PasswordQA", row): null

2024-05-15 23:42:37 - [TEST_STEP][PASSED] - break: null

2024-05-15 23:42:37 - [TEST_STEP][PASSED] - if (ExecuteTC.equalsIgnoreCase("Y")): null

2024-05-15 23:42:37 - [TEST_STEP][PASSED] - out.println("Begin Record Number: " + row): null

2024-05-15 23:42:37 - [TEST_STEP][PASSED] - today = new java.util.Date(): null

2024-05-15 23:42:37 - [TEST_STEP][PASSED] - println(today): null

2024-05-15 23:42:37 - [TEST_STEP][PASSED] - datText = today: null

2024-05-15 23:42:37 - [TEST_STEP][PASSED] - category = findTestData(dataFile).getValue("Category", row): null

2024-05-15 23:42:37 - [TEST_STEP][PASSED] - amount = findTestData(dataFile).getValue("Amount", row): null

2024-05-15 23:42:37 - [TEST_STEP][PASSED] - cardNumber = findTestData(dataFile).getValue("CardNumber", row): null

2024-05-15 23:42:37 - [TEST_STEP][PASSED] - exM = findTestData(dataFile).getValue("ExM", row): null

2024-05-15 23:42:37 - [TEST_STEP][PASSED] - exY = findTestData(dataFile).getValue("ExY", row): null

2024-05-15 23:42:37 - [TEST_STEP][PASSED] - openBrowser(VLinkURL + "authcap.html"): Browser is opened with url: 'https://dev-algorithm.govolution.com/vlinktest/QA2/version_2_0/authcap.html'

2024-05-15 23:42:37 - [MESSAGE][WARNING] - A browser is already opened. Closing browser and opening a new one

2024-05-15 23:42:39 - [MESSAGE][INFO] - Starting 'Chrome' driver

2024-05-15 23:42:39 - [MESSAGE][INFO] - User set preference: ['acceptInsecureCerts', 'true']

2024-05-15 23:42:39 - [MESSAGE][INFO] - Action delay is set to 0 milliseconds

2024-05-15 23:42:41 - [MESSAGE][PASSED] - Browser is opened with url: 'https://dev-algorithm.govolution.com/vlinktest/QA2/version_2_0/authcap.html'

2024-05-15 23:42:41 - [TEST_STEP][PASSED] - maximizeWindow(): Current window maximized

2024-05-15 23:42:41 - [MESSAGE][PASSED] - Current window maximized

2024-05-15 23:42:41 - [TEST_STEP][PASSED] - maximizeWindow(): Current window maximized

2024-05-15 23:42:41 - [MESSAGE][PASSED] - Current window maximized

2024-05-15 23:42:41 - [TEST_STEP][PASSED] - genRemID = RandomStringUtils.random(12, true, true): null

2024-05-15 23:42:41 - [TEST_STEP][PASSED] - setText(findTestObject("Object Repository/RecAndPlayBk/Page-Vlink-Sale/input_Remittance Id_remittance_id"), genRemID): Text 'Orcpm7x4RQLq' is set on object 'Object Repository/RecAndPlayBk/Page-Vlink-Sale/input_Remittance Id_remittance_id'

2024-05-15 23:42:42 - [MESSAGE][PASSED] - Text 'Orcpm7x4RQLq' is set on object 'Object Repository/RecAndPlayBk/Page-Vlink-Sale/input_Remittance Id_remittance_id'

2024-05-15 23:42:42 - [TEST_STEP][PASSED] - setText(findTestObject("Object Repository/RecAndPlayBk/Page-Vlink-Sale/input_Application Id_application_id"), appID): Text '234' is set on object 'Object Repository/RecAndPlayBk/Page-Vlink-Sale/input_Application Id_application_id'

2024-05-15 23:42:43 - [MESSAGE][PASSED] - Text '234' is set on object 'Object Repository/RecAndPlayBk/Page-Vlink-Sale/input_Application Id_application_id'

2024-05-15 23:42:43 - [TEST_STEP][PASSED] - setText(findTestObject("Object Repository/RecAndPlayBk/Page-Vlink-Sale/input_Username_username"), username): Text 'username' is set on object 'Object Repository/RecAndPlayBk/Page-Vlink-Sale/input_Username_username'

2024-05-15 23:42:43 - [MESSAGE][PASSED] - Text 'username' is set on object 'Object Repository/RecAndPlayBk/Page-Vlink-Sale/input_Username_username'

2024-05-15 23:42:43 - [TEST_STEP][PASSED] - setText(findTestObject("Object Repository/RecAndPlayBk/Page-Vlink-Sale/input_Password_password"), password): Text 'password' is set on object 'Object Repository/RecAndPlayBk/Page-Vlink-Sale/input_Password_password'

2024-05-15 23:42:44 - [MESSAGE][PASSED] - Text 'password' is set on object 'Object Repository/RecAndPlayBk/Page-Vlink-Sale/input_Password_password'

2024-05-15 23:42:44 - [TEST_STEP][PASSED] - setText(findTestObject("Object Repository/RecAndPlayBk/Page-Vlink-Sale/input_Category_category"), category): Text 'ECOM' is set on object 'Object Repository/RecAndPlayBk/Page-Vlink-Sale/input_Category_category'

2024-05-15 23:42:45 - [MESSAGE][PASSED] - Text 'ECOM' is set on object 'Object Repository/RecAndPlayBk/Page-Vlink-Sale/input_Category_category'

2024-05-15 23:42:45 - [TEST_STEP][PASSED] - setText(findTestObject("Object Repository/RecAndPlayBk/Page-Vlink-Sale/input_Amount_amount"), amount): Text '0' is set on object 'Object Repository/RecAndPlayBk/Page-Vlink-Sale/input_Amount_amount'

2024-05-15 23:42:45 - [MESSAGE][PASSED] - Text '0' is set on object 'Object Repository/RecAndPlayBk/Page-Vlink-Sale/input_Amount_amount'

2024-05-15 23:42:45 - [TEST_STEP][PASSED] - setText(findTestObject("Object Repository/RecAndPlayBk/Page-Vlink-Sale/input_Card number_card_number"), cardNumber): Text '4111111111111111' is set on object 'Object Repository/RecAndPlayBk/Page-Vlink-Sale/input_Card number_card_number'

2024-05-15 23:42:46 - [MESSAGE][PASSED] - Text '4111111111111111' is set on object 'Object Repository/RecAndPlayBk/Page-Vlink-Sale/input_Card number_card_number'

2024-05-15 23:42:46 - [TEST_STEP][PASSED] - setText(findTestObject("Object Repository/RecAndPlayBk/Page-Vlink-Sale/input_Card ex month_card_exmo"), exM): Text '12' is set on object 'Object Repository/RecAndPlayBk/Page-Vlink-Sale/input_Card ex month_card_exmo'

2024-05-15 23:42:46 - [MESSAGE][PASSED] - Text '12' is set on object 'Object Repository/RecAndPlayBk/Page-Vlink-Sale/input_Card ex month_card_exmo'

2024-05-15 23:42:46 - [TEST_STEP][PASSED] - setText(findTestObject("Object Repository/RecAndPlayBk/Page-Vlink-Sale/input_Card ex year_card_exyr"), exY): Text '2029' is set on object 'Object Repository/RecAndPlayBk/Page-Vlink-Sale/input_Card ex year_card_exyr'

2024-05-15 23:42:47 - [MESSAGE][PASSED] - Text '2029' is set on object 'Object Repository/RecAndPlayBk/Page-Vlink-Sale/input_Card ex year_card_exyr'

2024-05-15 23:42:47 - [TEST_STEP][PASSED] - setText(findTestObject("Object Repository/RecAndPlayBk/Page-Vlink-Sale/input_Track Data_track_data"), ""): Text '' is set on object 'Object Repository/RecAndPlayBk/Page-Vlink-Sale/input_Track Data_track_data'

2024-05-15 23:42:48 - [MESSAGE][PASSED] - Text '' is set on object 'Object Repository/RecAndPlayBk/Page-Vlink-Sale/input_Track Data_track_data'

2024-05-15 23:42:48 - [TEST_STEP][PASSED] - setText(findTestObject("Object Repository/RecAndPlayBk/Page-Vlink-Sale/input_concat(Cardholder, , s email)_email"), ""): Text '' is set on object 'Object Repository/RecAndPlayBk/Page-Vlink-Sale/input_concat(Cardholder, , s email)_email'

2024-05-15 23:42:48 - [MESSAGE][PASSED] - Text '' is set on object 'Object Repository/RecAndPlayBk/Page-Vlink-Sale/input_concat(Cardholder, , s email)_email'

2024-05-15 23:42:48 - [TEST_STEP][PASSED] - click(findTestObject("Object Repository/RecAndPlayBk/Page-Vlink-Sale/input_user_defined10_user_defined10")): Object: 'Object Repository/RecAndPlayBk/Page-Vlink-Sale/input_user_defined10_user_defined10' is clicked on

2024-05-15 23:42:49 - [MESSAGE][PASSED] - Object: 'Object Repository/RecAndPlayBk/Page-Vlink-Sale/input_user_defined10_user_defined10' is clicked on

2024-05-15 23:42:49 - [TEST_STEP][PASSED] - if (executionProfile.equalsIgnoreCase("QAProfile") || executionProfile.equalsIgnoreCase("DemoProfile")): null

2024-05-15 23:42:49 - [TEST_STEP][PASSED] - click(findTestObject("Object Repository/RecAndPlayBk/Page-Vlink-Sale/input")): Object: 'Object Repository/RecAndPlayBk/Page-Vlink-Sale/input' is clicked on

2024-05-15 23:42:49 - [MESSAGE][PASSED] - Object: 'Object Repository/RecAndPlayBk/Page-Vlink-Sale/input' is clicked on

2024-05-15 23:42:49 - [TEST_STEP][PASSED] - if (verifyTextPresent("invalid: amount", true)): null

2024-05-15 23:42:50 - [MESSAGE][PASSED] - Text 'invalid: amount' is present on page  using regular expression

2024-05-15 23:42:50 - [TEST_STEP][PASSED] - println("Parameter value(s) invalid: amount text is present on the Confirmation page"): null

2024-05-15 23:42:50 - [TEST_STEP][PASSED] - out.println("Pass Record Number: " + row): null

2024-05-15 23:42:50 - [TEST_STEP][PASSED] - resText = "Pass": null

2024-05-15 23:42:50 - [TEST_STEP][PASSED] - pages.WriteExcel.demoKey(resText, datText, resColumn, datCloumn, fileLoc, nameSheet, row): pages.WriteExcel.demoKey is PASSED

2024-05-15 23:42:50 - [MESSAGE][PASSED] - pages.WriteExcel.demoKey is PASSED

2024-05-15 23:42:50 - [TEST_STEP][PASSED] - ExecuteTC = findTestData(dataFile).getValue("Execute", row): null

2024-05-15 23:42:50 - [TEST_STEP][PASSED] - out.println("Value of Execute is : " + ExecuteTC): null

2024-05-15 23:42:50 - [TEST_STEP][PASSED] - switch (executionProfile): null

2024-05-15 23:42:50 - [TEST_STEP][PASSED] - case "QA2Profile":: null

2024-05-15 23:42:50 - [TEST_STEP][PASSED] - appID = findTestData(dataFile).getValue("AppIDQA", row): null

2024-05-15 23:42:50 - [TEST_STEP][PASSED] - username = findTestData(dataFile).getValue("UsernameQA", row): null

2024-05-15 23:42:50 - [TEST_STEP][PASSED] - password = findTestData(dataFile).getValue("PasswordQA", row): null

2024-05-15 23:42:50 - [TEST_STEP][PASSED] - break: null

2024-05-15 23:42:50 - [TEST_STEP][PASSED] - if (ExecuteTC.equalsIgnoreCase("Y")): null

2024-05-15 23:42:50 - [TEST_STEP][PASSED] - out.println("Begin Record Number: " + row): null

2024-05-15 23:42:50 - [TEST_STEP][PASSED] - today = new java.util.Date(): null

2024-05-15 23:42:50 - [TEST_STEP][PASSED] - println(today): null

2024-05-15 23:42:50 - [TEST_STEP][PASSED] - datText = today: null

2024-05-15 23:42:50 - [TEST_STEP][PASSED] - category = findTestData(dataFile).getValue("Category", row): null

2024-05-15 23:42:50 - [TEST_STEP][PASSED] - amount = findTestData(dataFile).getValue("Amount", row): null

2024-05-15 23:42:51 - [TEST_STEP][PASSED] - cardNumber = findTestData(dataFile).getValue("CardNumber", row): null

2024-05-15 23:42:51 - [TEST_STEP][PASSED] - exM = findTestData(dataFile).getValue("ExM", row): null

2024-05-15 23:42:51 - [TEST_STEP][PASSED] - exY = findTestData(dataFile).getValue("ExY", row): null

2024-05-15 23:42:51 - [TEST_STEP][PASSED] - openBrowser(VLinkURL + "authcap.html"): Browser is opened with url: 'https://dev-algorithm.govolution.com/vlinktest/QA2/version_2_0/authcap.html'

2024-05-15 23:42:51 - [MESSAGE][WARNING] - A browser is already opened. Closing browser and opening a new one

2024-05-15 23:42:52 - [MESSAGE][INFO] - Starting 'Chrome' driver

2024-05-15 23:42:52 - [MESSAGE][INFO] - User set preference: ['acceptInsecureCerts', 'true']

2024-05-15 23:42:52 - [MESSAGE][INFO] - Action delay is set to 0 milliseconds

2024-05-15 23:42:55 - [MESSAGE][PASSED] - Browser is opened with url: 'https://dev-algorithm.govolution.com/vlinktest/QA2/version_2_0/authcap.html'

2024-05-15 23:42:55 - [TEST_STEP][PASSED] - maximizeWindow(): Current window maximized

2024-05-15 23:42:55 - [MESSAGE][PASSED] - Current window maximized

2024-05-15 23:42:55 - [TEST_STEP][PASSED] - maximizeWindow(): Current window maximized

2024-05-15 23:42:55 - [MESSAGE][PASSED] - Current window maximized

2024-05-15 23:42:55 - [TEST_STEP][PASSED] - genRemID = RandomStringUtils.random(12, true, true): null

2024-05-15 23:42:55 - [TEST_STEP][PASSED] - setText(findTestObject("Object Repository/RecAndPlayBk/Page-Vlink-Sale/input_Remittance Id_remittance_id"), genRemID): Text 'rcQrxgO1slHW' is set on object 'Object Repository/RecAndPlayBk/Page-Vlink-Sale/input_Remittance Id_remittance_id'

2024-05-15 23:42:56 - [MESSAGE][PASSED] - Text 'rcQrxgO1slHW' is set on object 'Object Repository/RecAndPlayBk/Page-Vlink-Sale/input_Remittance Id_remittance_id'

2024-05-15 23:42:56 - [TEST_STEP][PASSED] - setText(findTestObject("Object Repository/RecAndPlayBk/Page-Vlink-Sale/input_Application Id_application_id"), appID): Text '234' is set on object 'Object Repository/RecAndPlayBk/Page-Vlink-Sale/input_Application Id_application_id'

2024-05-15 23:42:56 - [MESSAGE][PASSED] - Text '234' is set on object 'Object Repository/RecAndPlayBk/Page-Vlink-Sale/input_Application Id_application_id'

2024-05-15 23:42:56 - [TEST_STEP][PASSED] - setText(findTestObject("Object Repository/RecAndPlayBk/Page-Vlink-Sale/input_Username_username"), username): Text 'username' is set on object 'Object Repository/RecAndPlayBk/Page-Vlink-Sale/input_Username_username'

2024-05-15 23:42:57 - [MESSAGE][PASSED] - Text 'username' is set on object 'Object Repository/RecAndPlayBk/Page-Vlink-Sale/input_Username_username'

2024-05-15 23:42:57 - [TEST_STEP][PASSED] - setText(findTestObject("Object Repository/RecAndPlayBk/Page-Vlink-Sale/input_Password_password"), password): Text 'password' is set on object 'Object Repository/RecAndPlayBk/Page-Vlink-Sale/input_Password_password'

2024-05-15 23:42:58 - [MESSAGE][PASSED] - Text 'password' is set on object 'Object Repository/RecAndPlayBk/Page-Vlink-Sale/input_Password_password'

2024-05-15 23:42:58 - [TEST_STEP][PASSED] - setText(findTestObject("Object Repository/RecAndPlayBk/Page-Vlink-Sale/input_Category_category"), category): Text 'MOTO' is set on object 'Object Repository/RecAndPlayBk/Page-Vlink-Sale/input_Category_category'

2024-05-15 23:42:58 - [MESSAGE][PASSED] - Text 'MOTO' is set on object 'Object Repository/RecAndPlayBk/Page-Vlink-Sale/input_Category_category'

2024-05-15 23:42:58 - [TEST_STEP][PASSED] - setText(findTestObject("Object Repository/RecAndPlayBk/Page-Vlink-Sale/input_Amount_amount"), amount): Text '0' is set on object 'Object Repository/RecAndPlayBk/Page-Vlink-Sale/input_Amount_amount'

2024-05-15 23:42:59 - [MESSAGE][PASSED] - Text '0' is set on object 'Object Repository/RecAndPlayBk/Page-Vlink-Sale/input_Amount_amount'

2024-05-15 23:42:59 - [TEST_STEP][PASSED] - setText(findTestObject("Object Repository/RecAndPlayBk/Page-Vlink-Sale/input_Card number_card_number"), cardNumber): Text '5424000000000015' is set on object 'Object Repository/RecAndPlayBk/Page-Vlink-Sale/input_Card number_card_number'

2024-05-15 23:43:00 - [MESSAGE][PASSED] - Text '5424000000000015' is set on object 'Object Repository/RecAndPlayBk/Page-Vlink-Sale/input_Card number_card_number'

2024-05-15 23:43:00 - [TEST_STEP][PASSED] - setText(findTestObject("Object Repository/RecAndPlayBk/Page-Vlink-Sale/input_Card ex month_card_exmo"), exM): Text '12' is set on object 'Object Repository/RecAndPlayBk/Page-Vlink-Sale/input_Card ex month_card_exmo'

2024-05-15 23:43:00 - [MESSAGE][PASSED] - Text '12' is set on object 'Object Repository/RecAndPlayBk/Page-Vlink-Sale/input_Card ex month_card_exmo'

2024-05-15 23:43:00 - [TEST_STEP][PASSED] - setText(findTestObject("Object Repository/RecAndPlayBk/Page-Vlink-Sale/input_Card ex year_card_exyr"), exY): Text '2029' is set on object 'Object Repository/RecAndPlayBk/Page-Vlink-Sale/input_Card ex year_card_exyr'

2024-05-15 23:43:01 - [MESSAGE][PASSED] - Text '2029' is set on object 'Object Repository/RecAndPlayBk/Page-Vlink-Sale/input_Card ex year_card_exyr'

2024-05-15 23:43:01 - [TEST_STEP][PASSED] - setText(findTestObject("Object Repository/RecAndPlayBk/Page-Vlink-Sale/input_Track Data_track_data"), ""): Text '' is set on object 'Object Repository/RecAndPlayBk/Page-Vlink-Sale/input_Track Data_track_data'

2024-05-15 23:43:02 - [MESSAGE][PASSED] - Text '' is set on object 'Object Repository/RecAndPlayBk/Page-Vlink-Sale/input_Track Data_track_data'

2024-05-15 23:43:02 - [TEST_STEP][PASSED] - setText(findTestObject("Object Repository/RecAndPlayBk/Page-Vlink-Sale/input_concat(Cardholder, , s email)_email"), ""): Text '' is set on object 'Object Repository/RecAndPlayBk/Page-Vlink-Sale/input_concat(Cardholder, , s email)_email'

2024-05-15 23:43:02 - [MESSAGE][PASSED] - Text '' is set on object 'Object Repository/RecAndPlayBk/Page-Vlink-Sale/input_concat(Cardholder, , s email)_email'

2024-05-15 23:43:02 - [TEST_STEP][PASSED] - click(findTestObject("Object Repository/RecAndPlayBk/Page-Vlink-Sale/input_user_defined10_user_defined10")): Object: 'Object Repository/RecAndPlayBk/Page-Vlink-Sale/input_user_defined10_user_defined10' is clicked on

2024-05-15 23:43:02 - [MESSAGE][PASSED] - Object: 'Object Repository/RecAndPlayBk/Page-Vlink-Sale/input_user_defined10_user_defined10' is clicked on

2024-05-15 23:43:02 - [TEST_STEP][PASSED] - if (executionProfile.equalsIgnoreCase("QAProfile") || executionProfile.equalsIgnoreCase("DemoProfile")): null

2024-05-15 23:43:02 - [TEST_STEP][PASSED] - click(findTestObject("Object Repository/RecAndPlayBk/Page-Vlink-Sale/input")): Object: 'Object Repository/RecAndPlayBk/Page-Vlink-Sale/input' is clicked on

2024-05-15 23:43:03 - [MESSAGE][PASSED] - Object: 'Object Repository/RecAndPlayBk/Page-Vlink-Sale/input' is clicked on

2024-05-15 23:43:03 - [TEST_STEP][PASSED] - if (verifyTextPresent("invalid: amount", true)): null

2024-05-15 23:43:03 - [MESSAGE][PASSED] - Text 'invalid: amount' is present on page  using regular expression

2024-05-15 23:43:03 - [TEST_STEP][PASSED] - println("Parameter value(s) invalid: amount text is present on the Confirmation page"): null

2024-05-15 23:43:03 - [TEST_STEP][PASSED] - out.println("Pass Record Number: " + row): null

2024-05-15 23:43:03 - [TEST_STEP][PASSED] - resText = "Pass": null

2024-05-15 23:43:03 - [TEST_STEP][PASSED] - pages.WriteExcel.demoKey(resText, datText, resColumn, datCloumn, fileLoc, nameSheet, row): pages.WriteExcel.demoKey is PASSED

2024-05-15 23:43:04 - [MESSAGE][PASSED] - pages.WriteExcel.demoKey is PASSED

2024-05-15 23:43:04 - [TEST_STEP][PASSED] - ExecuteTC = findTestData(dataFile).getValue("Execute", row): null

2024-05-15 23:43:04 - [TEST_STEP][PASSED] - out.println("Value of Execute is : " + ExecuteTC): null

2024-05-15 23:43:04 - [TEST_STEP][PASSED] - switch (executionProfile): null

2024-05-15 23:43:04 - [TEST_STEP][PASSED] - case "QA2Profile":: null

2024-05-15 23:43:04 - [TEST_STEP][PASSED] - appID = findTestData(dataFile).getValue("AppIDQA", row): null

2024-05-15 23:43:04 - [TEST_STEP][PASSED] - username = findTestData(dataFile).getValue("UsernameQA", row): null

2024-05-15 23:43:04 - [TEST_STEP][PASSED] - password = findTestData(dataFile).getValue("PasswordQA", row): null

2024-05-15 23:43:04 - [TEST_STEP][PASSED] - break: null

2024-05-15 23:43:04 - [TEST_STEP][PASSED] - if (ExecuteTC.equalsIgnoreCase("Y")): null

2024-05-15 23:43:04 - [TEST_STEP][PASSED] - out.println("Begin Record Number: " + row): null

2024-05-15 23:43:04 - [TEST_STEP][PASSED] - today = new java.util.Date(): null

2024-05-15 23:43:04 - [TEST_STEP][PASSED] - println(today): null

2024-05-15 23:43:04 - [TEST_STEP][PASSED] - datText = today: null

2024-05-15 23:43:04 - [TEST_STEP][PASSED] - category = findTestData(dataFile).getValue("Category", row): null

2024-05-15 23:43:04 - [TEST_STEP][PASSED] - amount = findTestData(dataFile).getValue("Amount", row): null

2024-05-15 23:43:04 - [TEST_STEP][PASSED] - cardNumber = findTestData(dataFile).getValue("CardNumber", row): null

2024-05-15 23:43:04 - [TEST_STEP][PASSED] - exM = findTestData(dataFile).getValue("ExM", row): null

2024-05-15 23:43:05 - [TEST_STEP][PASSED] - exY = findTestData(dataFile).getValue("ExY", row): null

2024-05-15 23:43:05 - [TEST_STEP][PASSED] - openBrowser(VLinkURL + "authcap.html"): Browser is opened with url: 'https://dev-algorithm.govolution.com/vlinktest/QA2/version_2_0/authcap.html'

2024-05-15 23:43:05 - [MESSAGE][WARNING] - A browser is already opened. Closing browser and opening a new one

2024-05-15 23:43:06 - [MESSAGE][INFO] - Starting 'Chrome' driver

2024-05-15 23:43:06 - [MESSAGE][INFO] - User set preference: ['acceptInsecureCerts', 'true']

2024-05-15 23:43:06 - [MESSAGE][INFO] - Action delay is set to 0 milliseconds

2024-05-15 23:43:08 - [MESSAGE][PASSED] - Browser is opened with url: 'https://dev-algorithm.govolution.com/vlinktest/QA2/version_2_0/authcap.html'

2024-05-15 23:43:08 - [TEST_STEP][PASSED] - maximizeWindow(): Current window maximized

2024-05-15 23:43:09 - [MESSAGE][PASSED] - Current window maximized

2024-05-15 23:43:09 - [TEST_STEP][PASSED] - maximizeWindow(): Current window maximized

2024-05-15 23:43:09 - [MESSAGE][PASSED] - Current window maximized

2024-05-15 23:43:09 - [TEST_STEP][PASSED] - genRemID = RandomStringUtils.random(12, true, true): null

2024-05-15 23:43:09 - [TEST_STEP][PASSED] - setText(findTestObject("Object Repository/RecAndPlayBk/Page-Vlink-Sale/input_Remittance Id_remittance_id"), genRemID): Text 'EZK19TbgxqM5' is set on object 'Object Repository/RecAndPlayBk/Page-Vlink-Sale/input_Remittance Id_remittance_id'

2024-05-15 23:43:09 - [MESSAGE][PASSED] - Text 'EZK19TbgxqM5' is set on object 'Object Repository/RecAndPlayBk/Page-Vlink-Sale/input_Remittance Id_remittance_id'

2024-05-15 23:43:09 - [TEST_STEP][PASSED] - setText(findTestObject("Object Repository/RecAndPlayBk/Page-Vlink-Sale/input_Application Id_application_id"), appID): Text '234' is set on object 'Object Repository/RecAndPlayBk/Page-Vlink-Sale/input_Application Id_application_id'

2024-05-15 23:43:10 - [MESSAGE][PASSED] - Text '234' is set on object 'Object Repository/RecAndPlayBk/Page-Vlink-Sale/input_Application Id_application_id'

2024-05-15 23:43:10 - [TEST_STEP][PASSED] - setText(findTestObject("Object Repository/RecAndPlayBk/Page-Vlink-Sale/input_Username_username"), username): Text 'username' is set on object 'Object Repository/RecAndPlayBk/Page-Vlink-Sale/input_Username_username'

2024-05-15 23:43:11 - [MESSAGE][PASSED] - Text 'username' is set on object 'Object Repository/RecAndPlayBk/Page-Vlink-Sale/input_Username_username'

2024-05-15 23:43:11 - [TEST_STEP][PASSED] - setText(findTestObject("Object Repository/RecAndPlayBk/Page-Vlink-Sale/input_Password_password"), password): Text 'password' is set on object 'Object Repository/RecAndPlayBk/Page-Vlink-Sale/input_Password_password'

2024-05-15 23:43:11 - [MESSAGE][PASSED] - Text 'password' is set on object 'Object Repository/RecAndPlayBk/Page-Vlink-Sale/input_Password_password'

2024-05-15 23:43:11 - [TEST_STEP][PASSED] - setText(findTestObject("Object Repository/RecAndPlayBk/Page-Vlink-Sale/input_Category_category"), category): Text 'RETL' is set on object 'Object Repository/RecAndPlayBk/Page-Vlink-Sale/input_Category_category'

2024-05-15 23:43:12 - [MESSAGE][PASSED] - Text 'RETL' is set on object 'Object Repository/RecAndPlayBk/Page-Vlink-Sale/input_Category_category'

2024-05-15 23:43:12 - [TEST_STEP][PASSED] - setText(findTestObject("Object Repository/RecAndPlayBk/Page-Vlink-Sale/input_Amount_amount"), amount): Text '0' is set on object 'Object Repository/RecAndPlayBk/Page-Vlink-Sale/input_Amount_amount'

2024-05-15 23:43:13 - [MESSAGE][PASSED] - Text '0' is set on object 'Object Repository/RecAndPlayBk/Page-Vlink-Sale/input_Amount_amount'

2024-05-15 23:43:13 - [TEST_STEP][PASSED] - setText(findTestObject("Object Repository/RecAndPlayBk/Page-Vlink-Sale/input_Card number_card_number"), cardNumber): Text '370000000000002' is set on object 'Object Repository/RecAndPlayBk/Page-Vlink-Sale/input_Card number_card_number'

2024-05-15 23:43:13 - [MESSAGE][PASSED] - Text '370000000000002' is set on object 'Object Repository/RecAndPlayBk/Page-Vlink-Sale/input_Card number_card_number'

2024-05-15 23:43:13 - [TEST_STEP][PASSED] - setText(findTestObject("Object Repository/RecAndPlayBk/Page-Vlink-Sale/input_Card ex month_card_exmo"), exM): Text '12' is set on object 'Object Repository/RecAndPlayBk/Page-Vlink-Sale/input_Card ex month_card_exmo'

2024-05-15 23:43:14 - [MESSAGE][PASSED] - Text '12' is set on object 'Object Repository/RecAndPlayBk/Page-Vlink-Sale/input_Card ex month_card_exmo'

2024-05-15 23:43:14 - [TEST_STEP][PASSED] - setText(findTestObject("Object Repository/RecAndPlayBk/Page-Vlink-Sale/input_Card ex year_card_exyr"), exY): Text '2029' is set on object 'Object Repository/RecAndPlayBk/Page-Vlink-Sale/input_Card ex year_card_exyr'

2024-05-15 23:43:15 - [MESSAGE][PASSED] - Text '2029' is set on object 'Object Repository/RecAndPlayBk/Page-Vlink-Sale/input_Card ex year_card_exyr'

2024-05-15 23:43:15 - [TEST_STEP][PASSED] - setText(findTestObject("Object Repository/RecAndPlayBk/Page-Vlink-Sale/input_Track Data_track_data"), ""): Text '' is set on object 'Object Repository/RecAndPlayBk/Page-Vlink-Sale/input_Track Data_track_data'

2024-05-15 23:43:15 - [MESSAGE][PASSED] - Text '' is set on object 'Object Repository/RecAndPlayBk/Page-Vlink-Sale/input_Track Data_track_data'

2024-05-15 23:43:15 - [TEST_STEP][PASSED] - setText(findTestObject("Object Repository/RecAndPlayBk/Page-Vlink-Sale/input_concat(Cardholder, , s email)_email"), ""): Text '' is set on object 'Object Repository/RecAndPlayBk/Page-Vlink-Sale/input_concat(Cardholder, , s email)_email'

2024-05-15 23:43:16 - [MESSAGE][PASSED] - Text '' is set on object 'Object Repository/RecAndPlayBk/Page-Vlink-Sale/input_concat(Cardholder, , s email)_email'

2024-05-15 23:43:16 - [TEST_STEP][PASSED] - click(findTestObject("Object Repository/RecAndPlayBk/Page-Vlink-Sale/input_user_defined10_user_defined10")): Object: 'Object Repository/RecAndPlayBk/Page-Vlink-Sale/input_user_defined10_user_defined10' is clicked on

2024-05-15 23:43:16 - [MESSAGE][PASSED] - Object: 'Object Repository/RecAndPlayBk/Page-Vlink-Sale/input_user_defined10_user_defined10' is clicked on

2024-05-15 23:43:16 - [TEST_STEP][PASSED] - if (executionProfile.equalsIgnoreCase("QAProfile") || executionProfile.equalsIgnoreCase("DemoProfile")): null

2024-05-15 23:43:16 - [TEST_STEP][PASSED] - click(findTestObject("Object Repository/RecAndPlayBk/Page-Vlink-Sale/input")): Object: 'Object Repository/RecAndPlayBk/Page-Vlink-Sale/input' is clicked on

2024-05-15 23:43:17 - [MESSAGE][PASSED] - Object: 'Object Repository/RecAndPlayBk/Page-Vlink-Sale/input' is clicked on

2024-05-15 23:43:17 - [TEST_STEP][PASSED] - if (verifyTextPresent("invalid: amount", true)): null

2024-05-15 23:43:17 - [MESSAGE][PASSED] - Text 'invalid: amount' is present on page  using regular expression

2024-05-15 23:43:17 - [TEST_STEP][PASSED] - println("Parameter value(s) invalid: amount text is present on the Confirmation page"): null

2024-05-15 23:43:17 - [TEST_STEP][PASSED] - out.println("Pass Record Number: " + row): null

2024-05-15 23:43:17 - [TEST_STEP][PASSED] - resText = "Pass": null

2024-05-15 23:43:17 - [TEST_STEP][PASSED] - pages.WriteExcel.demoKey(resText, datText, resColumn, datCloumn, fileLoc, nameSheet, row): pages.WriteExcel.demoKey is PASSED

2024-05-15 23:43:17 - [MESSAGE][PASSED] - pages.WriteExcel.demoKey is PASSED

2024-05-15 23:43:17 - [TEST_STEP][PASSED] - ExecuteTC = findTestData(dataFile).getValue("Execute", row): null

2024-05-15 23:43:17 - [TEST_STEP][PASSED] - out.println("Value of Execute is : " + ExecuteTC): null

2024-05-15 23:43:17 - [TEST_STEP][PASSED] - switch (executionProfile): null

2024-05-15 23:43:17 - [TEST_STEP][PASSED] - case "QA2Profile":: null

2024-05-15 23:43:17 - [TEST_STEP][PASSED] - appID = findTestData(dataFile).getValue("AppIDQA", row): null

2024-05-15 23:43:17 - [TEST_STEP][PASSED] - username = findTestData(dataFile).getValue("UsernameQA", row): null

2024-05-15 23:43:18 - [TEST_STEP][PASSED] - password = findTestData(dataFile).getValue("PasswordQA", row): null

2024-05-15 23:43:18 - [TEST_STEP][PASSED] - break: null

2024-05-15 23:43:18 - [TEST_STEP][PASSED] - if (ExecuteTC.equalsIgnoreCase("Y")): null

2024-05-15 23:43:18 - [TEST_STEP][PASSED] - out.println("Begin Record Number: " + row): null

2024-05-15 23:43:18 - [TEST_STEP][PASSED] - today = new java.util.Date(): null

2024-05-15 23:43:18 - [TEST_STEP][PASSED] - println(today): null

2024-05-15 23:43:18 - [TEST_STEP][PASSED] - datText = today: null

2024-05-15 23:43:18 - [TEST_STEP][PASSED] - category = findTestData(dataFile).getValue("Category", row): null

2024-05-15 23:43:18 - [TEST_STEP][PASSED] - amount = findTestData(dataFile).getValue("Amount", row): null

2024-05-15 23:43:18 - [TEST_STEP][PASSED] - cardNumber = findTestData(dataFile).getValue("CardNumber", row): null

2024-05-15 23:43:18 - [TEST_STEP][PASSED] - exM = findTestData(dataFile).getValue("ExM", row): null

2024-05-15 23:43:18 - [TEST_STEP][PASSED] - exY = findTestData(dataFile).getValue("ExY", row): null

2024-05-15 23:43:18 - [TEST_STEP][PASSED] - openBrowser(VLinkURL + "authcap.html"): Browser is opened with url: 'https://dev-algorithm.govolution.com/vlinktest/QA2/version_2_0/authcap.html'

2024-05-15 23:43:18 - [MESSAGE][WARNING] - A browser is already opened. Closing browser and opening a new one

2024-05-15 23:43:20 - [MESSAGE][INFO] - Starting 'Chrome' driver

2024-05-15 23:43:20 - [MESSAGE][INFO] - User set preference: ['acceptInsecureCerts', 'true']

2024-05-15 23:43:20 - [MESSAGE][INFO] - Action delay is set to 0 milliseconds

2024-05-15 23:43:22 - [MESSAGE][PASSED] - Browser is opened with url: 'https://dev-algorithm.govolution.com/vlinktest/QA2/version_2_0/authcap.html'

2024-05-15 23:43:22 - [TEST_STEP][PASSED] - maximizeWindow(): Current window maximized

2024-05-15 23:43:22 - [MESSAGE][PASSED] - Current window maximized

2024-05-15 23:43:22 - [TEST_STEP][PASSED] - maximizeWindow(): Current window maximized

2024-05-15 23:43:22 - [MESSAGE][PASSED] - Current window maximized

2024-05-15 23:43:22 - [TEST_STEP][PASSED] - genRemID = RandomStringUtils.random(12, true, true): null

2024-05-15 23:43:22 - [TEST_STEP][PASSED] - setText(findTestObject("Object Repository/RecAndPlayBk/Page-Vlink-Sale/input_Remittance Id_remittance_id"), genRemID): Text 'fyOqW88p8erK' is set on object 'Object Repository/RecAndPlayBk/Page-Vlink-Sale/input_Remittance Id_remittance_id'

2024-05-15 23:43:23 - [MESSAGE][PASSED] - Text 'fyOqW88p8erK' is set on object 'Object Repository/RecAndPlayBk/Page-Vlink-Sale/input_Remittance Id_remittance_id'

2024-05-15 23:43:23 - [TEST_STEP][PASSED] - setText(findTestObject("Object Repository/RecAndPlayBk/Page-Vlink-Sale/input_Application Id_application_id"), appID): Text '87' is set on object 'Object Repository/RecAndPlayBk/Page-Vlink-Sale/input_Application Id_application_id'

2024-05-15 23:43:24 - [MESSAGE][PASSED] - Text '87' is set on object 'Object Repository/RecAndPlayBk/Page-Vlink-Sale/input_Application Id_application_id'

2024-05-15 23:43:24 - [TEST_STEP][PASSED] - setText(findTestObject("Object Repository/RecAndPlayBk/Page-Vlink-Sale/input_Username_username"), username): Text 'username' is set on object 'Object Repository/RecAndPlayBk/Page-Vlink-Sale/input_Username_username'

2024-05-15 23:43:24 - [MESSAGE][PASSED] - Text 'username' is set on object 'Object Repository/RecAndPlayBk/Page-Vlink-Sale/input_Username_username'

2024-05-15 23:43:24 - [TEST_STEP][PASSED] - setText(findTestObject("Object Repository/RecAndPlayBk/Page-Vlink-Sale/input_Password_password"), password): Text 'password' is set on object 'Object Repository/RecAndPlayBk/Page-Vlink-Sale/input_Password_password'

2024-05-15 23:43:25 - [MESSAGE][PASSED] - Text 'password' is set on object 'Object Repository/RecAndPlayBk/Page-Vlink-Sale/input_Password_password'

2024-05-15 23:43:25 - [TEST_STEP][PASSED] - setText(findTestObject("Object Repository/RecAndPlayBk/Page-Vlink-Sale/input_Category_category"), category): Text 'ECOM' is set on object 'Object Repository/RecAndPlayBk/Page-Vlink-Sale/input_Category_category'

2024-05-15 23:43:26 - [MESSAGE][PASSED] - Text 'ECOM' is set on object 'Object Repository/RecAndPlayBk/Page-Vlink-Sale/input_Category_category'

2024-05-15 23:43:26 - [TEST_STEP][PASSED] - setText(findTestObject("Object Repository/RecAndPlayBk/Page-Vlink-Sale/input_Amount_amount"), amount): Text '0' is set on object 'Object Repository/RecAndPlayBk/Page-Vlink-Sale/input_Amount_amount'

2024-05-15 23:43:26 - [MESSAGE][PASSED] - Text '0' is set on object 'Object Repository/RecAndPlayBk/Page-Vlink-Sale/input_Amount_amount'

2024-05-15 23:43:26 - [TEST_STEP][PASSED] - setText(findTestObject("Object Repository/RecAndPlayBk/Page-Vlink-Sale/input_Card number_card_number"), cardNumber): Text '4012000098765439' is set on object 'Object Repository/RecAndPlayBk/Page-Vlink-Sale/input_Card number_card_number'

2024-05-15 23:43:27 - [MESSAGE][PASSED] - Text '4012000098765439' is set on object 'Object Repository/RecAndPlayBk/Page-Vlink-Sale/input_Card number_card_number'

2024-05-15 23:43:27 - [TEST_STEP][PASSED] - setText(findTestObject("Object Repository/RecAndPlayBk/Page-Vlink-Sale/input_Card ex month_card_exmo"), exM): Text '12' is set on object 'Object Repository/RecAndPlayBk/Page-Vlink-Sale/input_Card ex month_card_exmo'

2024-05-15 23:43:27 - [MESSAGE][PASSED] - Text '12' is set on object 'Object Repository/RecAndPlayBk/Page-Vlink-Sale/input_Card ex month_card_exmo'

2024-05-15 23:43:27 - [TEST_STEP][PASSED] - setText(findTestObject("Object Repository/RecAndPlayBk/Page-Vlink-Sale/input_Card ex year_card_exyr"), exY): Text '2029' is set on object 'Object Repository/RecAndPlayBk/Page-Vlink-Sale/input_Card ex year_card_exyr'

2024-05-15 23:43:28 - [MESSAGE][PASSED] - Text '2029' is set on object 'Object Repository/RecAndPlayBk/Page-Vlink-Sale/input_Card ex year_card_exyr'

2024-05-15 23:43:28 - [TEST_STEP][PASSED] - setText(findTestObject("Object Repository/RecAndPlayBk/Page-Vlink-Sale/input_Track Data_track_data"), ""): Text '' is set on object 'Object Repository/RecAndPlayBk/Page-Vlink-Sale/input_Track Data_track_data'

2024-05-15 23:43:29 - [MESSAGE][PASSED] - Text '' is set on object 'Object Repository/RecAndPlayBk/Page-Vlink-Sale/input_Track Data_track_data'

2024-05-15 23:43:29 - [TEST_STEP][PASSED] - setText(findTestObject("Object Repository/RecAndPlayBk/Page-Vlink-Sale/input_concat(Cardholder, , s email)_email"), ""): Text '' is set on object 'Object Repository/RecAndPlayBk/Page-Vlink-Sale/input_concat(Cardholder, , s email)_email'

2024-05-15 23:43:29 - [MESSAGE][PASSED] - Text '' is set on object 'Object Repository/RecAndPlayBk/Page-Vlink-Sale/input_concat(Cardholder, , s email)_email'

2024-05-15 23:43:29 - [TEST_STEP][PASSED] - click(findTestObject("Object Repository/RecAndPlayBk/Page-Vlink-Sale/input_user_defined10_user_defined10")): Object: 'Object Repository/RecAndPlayBk/Page-Vlink-Sale/input_user_defined10_user_defined10' is clicked on

2024-05-15 23:43:30 - [MESSAGE][PASSED] - Object: 'Object Repository/RecAndPlayBk/Page-Vlink-Sale/input_user_defined10_user_defined10' is clicked on

2024-05-15 23:43:30 - [TEST_STEP][PASSED] - if (executionProfile.equalsIgnoreCase("QAProfile") || executionProfile.equalsIgnoreCase("DemoProfile")): null

2024-05-15 23:43:30 - [TEST_STEP][PASSED] - click(findTestObject("Object Repository/RecAndPlayBk/Page-Vlink-Sale/input")): Object: 'Object Repository/RecAndPlayBk/Page-Vlink-Sale/input' is clicked on

2024-05-15 23:43:30 - [MESSAGE][PASSED] - Object: 'Object Repository/RecAndPlayBk/Page-Vlink-Sale/input' is clicked on

2024-05-15 23:43:30 - [TEST_STEP][PASSED] - if (verifyTextPresent("invalid: amount", true)): null

2024-05-15 23:43:31 - [MESSAGE][PASSED] - Text 'invalid: amount' is present on page  using regular expression

2024-05-15 23:43:31 - [TEST_STEP][PASSED] - println("Parameter value(s) invalid: amount text is present on the Confirmation page"): null

2024-05-15 23:43:31 - [TEST_STEP][PASSED] - out.println("Pass Record Number: " + row): null

2024-05-15 23:43:31 - [TEST_STEP][PASSED] - resText = "Pass": null

2024-05-15 23:43:31 - [TEST_STEP][PASSED] - pages.WriteExcel.demoKey(resText, datText, resColumn, datCloumn, fileLoc, nameSheet, row): pages.WriteExcel.demoKey is PASSED

2024-05-15 23:43:31 - [MESSAGE][PASSED] - pages.WriteExcel.demoKey is PASSED

2024-05-15 23:43:31 - [TEST_STEP][PASSED] - ExecuteTC = findTestData(dataFile).getValue("Execute", row): null

2024-05-15 23:43:31 - [TEST_STEP][PASSED] - out.println("Value of Execute is : " + ExecuteTC): null

2024-05-15 23:43:31 - [TEST_STEP][PASSED] - switch (executionProfile): null

2024-05-15 23:43:31 - [TEST_STEP][PASSED] - case "QA2Profile":: null

2024-05-15 23:43:31 - [TEST_STEP][PASSED] - appID = findTestData(dataFile).getValue("AppIDQA", row): null

2024-05-15 23:43:31 - [TEST_STEP][PASSED] - username = findTestData(dataFile).getValue("UsernameQA", row): null

2024-05-15 23:43:31 - [TEST_STEP][PASSED] - password = findTestData(dataFile).getValue("PasswordQA", row): null

2024-05-15 23:43:31 - [TEST_STEP][PASSED] - break: null

2024-05-15 23:43:31 - [TEST_STEP][PASSED] - if (ExecuteTC.equalsIgnoreCase("Y")): null

2024-05-15 23:43:31 - [TEST_STEP][PASSED] - out.println("Begin Record Number: " + row): null

2024-05-15 23:43:31 - [TEST_STEP][PASSED] - today = new java.util.Date(): null

2024-05-15 23:43:31 - [TEST_STEP][PASSED] - println(today): null

2024-05-15 23:43:31 - [TEST_STEP][PASSED] - datText = today: null

2024-05-15 23:43:31 - [TEST_STEP][PASSED] - category = findTestData(dataFile).getValue("Category", row): null

2024-05-15 23:43:31 - [TEST_STEP][PASSED] - amount = findTestData(dataFile).getValue("Amount", row): null

2024-05-15 23:43:32 - [TEST_STEP][PASSED] - cardNumber = findTestData(dataFile).getValue("CardNumber", row): null

2024-05-15 23:43:32 - [TEST_STEP][PASSED] - exM = findTestData(dataFile).getValue("ExM", row): null

2024-05-15 23:43:32 - [TEST_STEP][PASSED] - exY = findTestData(dataFile).getValue("ExY", row): null

2024-05-15 23:43:32 - [TEST_STEP][PASSED] - openBrowser(VLinkURL + "authcap.html"): Browser is opened with url: 'https://dev-algorithm.govolution.com/vlinktest/QA2/version_2_0/authcap.html'

2024-05-15 23:43:32 - [MESSAGE][WARNING] - A browser is already opened. Closing browser and opening a new one

2024-05-15 23:43:33 - [MESSAGE][INFO] - Starting 'Chrome' driver

2024-05-15 23:43:33 - [MESSAGE][INFO] - User set preference: ['acceptInsecureCerts', 'true']

2024-05-15 23:43:33 - [MESSAGE][INFO] - Action delay is set to 0 milliseconds

2024-05-15 23:43:35 - [MESSAGE][PASSED] - Browser is opened with url: 'https://dev-algorithm.govolution.com/vlinktest/QA2/version_2_0/authcap.html'

2024-05-15 23:43:35 - [TEST_STEP][PASSED] - maximizeWindow(): Current window maximized

2024-05-15 23:43:36 - [MESSAGE][PASSED] - Current window maximized

2024-05-15 23:43:36 - [TEST_STEP][PASSED] - maximizeWindow(): Current window maximized

2024-05-15 23:43:36 - [MESSAGE][PASSED] - Current window maximized

2024-05-15 23:43:36 - [TEST_STEP][PASSED] - genRemID = RandomStringUtils.random(12, true, true): null

2024-05-15 23:43:36 - [TEST_STEP][PASSED] - setText(findTestObject("Object Repository/RecAndPlayBk/Page-Vlink-Sale/input_Remittance Id_remittance_id"), genRemID): Text 'Ewq7odtT6WH1' is set on object 'Object Repository/RecAndPlayBk/Page-Vlink-Sale/input_Remittance Id_remittance_id'

2024-05-15 23:43:36 - [MESSAGE][PASSED] - Text 'Ewq7odtT6WH1' is set on object 'Object Repository/RecAndPlayBk/Page-Vlink-Sale/input_Remittance Id_remittance_id'

2024-05-15 23:43:36 - [TEST_STEP][PASSED] - setText(findTestObject("Object Repository/RecAndPlayBk/Page-Vlink-Sale/input_Application Id_application_id"), appID): Text '581' is set on object 'Object Repository/RecAndPlayBk/Page-Vlink-Sale/input_Application Id_application_id'

2024-05-15 23:43:37 - [MESSAGE][PASSED] - Text '581' is set on object 'Object Repository/RecAndPlayBk/Page-Vlink-Sale/input_Application Id_application_id'

2024-05-15 23:43:37 - [TEST_STEP][PASSED] - setText(findTestObject("Object Repository/RecAndPlayBk/Page-Vlink-Sale/input_Username_username"), username): Text 'usr581' is set on object 'Object Repository/RecAndPlayBk/Page-Vlink-Sale/input_Username_username'

2024-05-15 23:43:38 - [MESSAGE][PASSED] - Text 'usr581' is set on object 'Object Repository/RecAndPlayBk/Page-Vlink-Sale/input_Username_username'

2024-05-15 23:43:38 - [TEST_STEP][PASSED] - setText(findTestObject("Object Repository/RecAndPlayBk/Page-Vlink-Sale/input_Password_password"), password): Text 'pwd581' is set on object 'Object Repository/RecAndPlayBk/Page-Vlink-Sale/input_Password_password'

2024-05-15 23:43:38 - [MESSAGE][PASSED] - Text 'pwd581' is set on object 'Object Repository/RecAndPlayBk/Page-Vlink-Sale/input_Password_password'

2024-05-15 23:43:38 - [TEST_STEP][PASSED] - setText(findTestObject("Object Repository/RecAndPlayBk/Page-Vlink-Sale/input_Category_category"), category): Text 'ECOM' is set on object 'Object Repository/RecAndPlayBk/Page-Vlink-Sale/input_Category_category'

2024-05-15 23:43:39 - [MESSAGE][PASSED] - Text 'ECOM' is set on object 'Object Repository/RecAndPlayBk/Page-Vlink-Sale/input_Category_category'

2024-05-15 23:43:39 - [TEST_STEP][PASSED] - setText(findTestObject("Object Repository/RecAndPlayBk/Page-Vlink-Sale/input_Amount_amount"), amount): Text '0' is set on object 'Object Repository/RecAndPlayBk/Page-Vlink-Sale/input_Amount_amount'

2024-05-15 23:43:39 - [MESSAGE][PASSED] - Text '0' is set on object 'Object Repository/RecAndPlayBk/Page-Vlink-Sale/input_Amount_amount'

2024-05-15 23:43:39 - [TEST_STEP][PASSED] - setText(findTestObject("Object Repository/RecAndPlayBk/Page-Vlink-Sale/input_Card number_card_number"), cardNumber): Text '5146312200000035' is set on object 'Object Repository/RecAndPlayBk/Page-Vlink-Sale/input_Card number_card_number'

2024-05-15 23:43:40 - [MESSAGE][PASSED] - Text '5146312200000035' is set on object 'Object Repository/RecAndPlayBk/Page-Vlink-Sale/input_Card number_card_number'

2024-05-15 23:43:40 - [TEST_STEP][PASSED] - setText(findTestObject("Object Repository/RecAndPlayBk/Page-Vlink-Sale/input_Card ex month_card_exmo"), exM): Text '12' is set on object 'Object Repository/RecAndPlayBk/Page-Vlink-Sale/input_Card ex month_card_exmo'

2024-05-15 23:43:41 - [MESSAGE][PASSED] - Text '12' is set on object 'Object Repository/RecAndPlayBk/Page-Vlink-Sale/input_Card ex month_card_exmo'

2024-05-15 23:43:41 - [TEST_STEP][PASSED] - setText(findTestObject("Object Repository/RecAndPlayBk/Page-Vlink-Sale/input_Card ex year_card_exyr"), exY): Text '2029' is set on object 'Object Repository/RecAndPlayBk/Page-Vlink-Sale/input_Card ex year_card_exyr'

2024-05-15 23:43:41 - [MESSAGE][PASSED] - Text '2029' is set on object 'Object Repository/RecAndPlayBk/Page-Vlink-Sale/input_Card ex year_card_exyr'

2024-05-15 23:43:41 - [TEST_STEP][PASSED] - setText(findTestObject("Object Repository/RecAndPlayBk/Page-Vlink-Sale/input_Track Data_track_data"), ""): Text '' is set on object 'Object Repository/RecAndPlayBk/Page-Vlink-Sale/input_Track Data_track_data'

2024-05-15 23:43:42 - [MESSAGE][PASSED] - Text '' is set on object 'Object Repository/RecAndPlayBk/Page-Vlink-Sale/input_Track Data_track_data'

2024-05-15 23:43:42 - [TEST_STEP][PASSED] - setText(findTestObject("Object Repository/RecAndPlayBk/Page-Vlink-Sale/input_concat(Cardholder, , s email)_email"), ""): Text '' is set on object 'Object Repository/RecAndPlayBk/Page-Vlink-Sale/input_concat(Cardholder, , s email)_email'

2024-05-15 23:43:43 - [MESSAGE][PASSED] - Text '' is set on object 'Object Repository/RecAndPlayBk/Page-Vlink-Sale/input_concat(Cardholder, , s email)_email'

2024-05-15 23:43:43 - [TEST_STEP][PASSED] - click(findTestObject("Object Repository/RecAndPlayBk/Page-Vlink-Sale/input_user_defined10_user_defined10")): Object: 'Object Repository/RecAndPlayBk/Page-Vlink-Sale/input_user_defined10_user_defined10' is clicked on

2024-05-15 23:43:43 - [MESSAGE][PASSED] - Object: 'Object Repository/RecAndPlayBk/Page-Vlink-Sale/input_user_defined10_user_defined10' is clicked on

2024-05-15 23:43:43 - [TEST_STEP][PASSED] - if (executionProfile.equalsIgnoreCase("QAProfile") || executionProfile.equalsIgnoreCase("DemoProfile")): null

2024-05-15 23:43:43 - [TEST_STEP][PASSED] - click(findTestObject("Object Repository/RecAndPlayBk/Page-Vlink-Sale/input")): Object: 'Object Repository/RecAndPlayBk/Page-Vlink-Sale/input' is clicked on

2024-05-15 23:43:44 - [MESSAGE][PASSED] - Object: 'Object Repository/RecAndPlayBk/Page-Vlink-Sale/input' is clicked on

2024-05-15 23:43:44 - [TEST_STEP][PASSED] - if (verifyTextPresent("invalid: amount", true)): null

2024-05-15 23:43:44 - [MESSAGE][PASSED] - Text 'invalid: amount' is present on page  using regular expression

2024-05-15 23:43:44 - [TEST_STEP][PASSED] - println("Parameter value(s) invalid: amount text is present on the Confirmation page"): null

2024-05-15 23:43:44 - [TEST_STEP][PASSED] - out.println("Pass Record Number: " + row): null

2024-05-15 23:43:44 - [TEST_STEP][PASSED] - resText = "Pass": null

2024-05-15 23:43:44 - [TEST_STEP][PASSED] - pages.WriteExcel.demoKey(resText, datText, resColumn, datCloumn, fileLoc, nameSheet, row): pages.WriteExcel.demoKey is PASSED

2024-05-15 23:43:44 - [MESSAGE][PASSED] - pages.WriteExcel.demoKey is PASSED]]></system-out>
         <system-err><![CDATA[]]></system-err>
      </testcase>
      <testcase name="Test Cases/RecAndPlayBk/VLink/Sale-Void-NoTranxID" time="138.158" classname="Test Cases/RecAndPlayBk/VLink/Sale-Void-NoTranxID" status="PASSED">
         <system-out><![CDATA[2024-05-15 23:43:44 - [TEST_CASE][PASSED] - Test Cases/RecAndPlayBk/VLink/Sale-Void-NoTranxID: Test Cases/RecAndPlayBk/VLink/Sale-Void-NoTranxID

2024-05-15 23:43:45 - [TEST_STEP][PASSED] - executionProfile = getExecutionProfile(): null

2024-05-15 23:43:45 - [TEST_STEP][PASSED] - out.println("executionProfile : " + executionProfile): null

2024-05-15 23:43:45 - [TEST_STEP][PASSED] - appName = <not implemented yet for class: org.codehaus.groovy.ast.expr.EmptyExpression>: null

2024-05-15 23:43:45 - [TEST_STEP][PASSED] - appID = <not implemented yet for class: org.codehaus.groovy.ast.expr.EmptyExpression>: null

2024-05-15 23:43:45 - [TEST_STEP][PASSED] - username = <not implemented yet for class: org.codehaus.groovy.ast.expr.EmptyExpression>: null

2024-05-15 23:43:45 - [TEST_STEP][PASSED] - password = <not implemented yet for class: org.codehaus.groovy.ast.expr.EmptyExpression>: null

2024-05-15 23:43:45 - [TEST_STEP][PASSED] - cardNameV = <not implemented yet for class: org.codehaus.groovy.ast.expr.EmptyExpression>: null

2024-05-15 23:43:45 - [TEST_STEP][PASSED] - al1V = <not implemented yet for class: org.codehaus.groovy.ast.expr.EmptyExpression>: null

2024-05-15 23:43:45 - [TEST_STEP][PASSED] - al2V = <not implemented yet for class: org.codehaus.groovy.ast.expr.EmptyExpression>: null

2024-05-15 23:43:45 - [TEST_STEP][PASSED] - zipV = <not implemented yet for class: org.codehaus.groovy.ast.expr.EmptyExpression>: null

2024-05-15 23:43:45 - [TEST_STEP][PASSED] - cardTypeV = <not implemented yet for class: org.codehaus.groovy.ast.expr.EmptyExpression>: null

2024-05-15 23:43:45 - [TEST_STEP][PASSED] - last4V = <not implemented yet for class: org.codehaus.groovy.ast.expr.EmptyExpression>: null

2024-05-15 23:43:45 - [TEST_STEP][PASSED] - resText = "Fail": null

2024-05-15 23:43:45 - [TEST_STEP][PASSED] - resColumn = "Result": null

2024-05-15 23:43:45 - [TEST_STEP][PASSED] - datCloumn = "Date": null

2024-05-15 23:43:45 - [TEST_STEP][PASSED] - fileLoc = "KatalonData/VLinkSmokeData.xlsx": null

2024-05-15 23:43:45 - [TEST_STEP][PASSED] - numOfRows = <not implemented yet for class: org.codehaus.groovy.ast.expr.EmptyExpression>: null

2024-05-15 23:43:45 - [TEST_STEP][PASSED] - dataFile = <not implemented yet for class: org.codehaus.groovy.ast.expr.EmptyExpression>: null

2024-05-15 23:43:45 - [TEST_STEP][PASSED] - nameSheet = <not implemented yet for class: org.codehaus.groovy.ast.expr.EmptyExpression>: null

2024-05-15 23:43:45 - [TEST_STEP][PASSED] - nameSheet = "Sale-Void-NoTranxID": null

2024-05-15 23:43:45 - [TEST_STEP][PASSED] - numOfRows = findTestData("QA/VLinkTestData/VLinkSaleVoidNoTranxID").getRowNumbers(): null

2024-05-15 23:43:45 - [TEST_STEP][PASSED] - println("Number of Records: " + numOfRows): null

2024-05-15 23:43:45 - [TEST_STEP][PASSED] - dataFile = "QA/VLinkTestData/VLinkSaleVoidNoTranxID": null

2024-05-15 23:43:45 - [TEST_STEP][PASSED] - for ([row = 1, row <= numOfRows, (row++)]): null

2024-05-15 23:43:45 - [TEST_STEP][PASSED] - ExecuteTC = findTestData(dataFile).getValue("Execute", row): null

2024-05-15 23:43:45 - [TEST_STEP][PASSED] - out.println("Value of Execute is : " + ExecuteTC): null

2024-05-15 23:43:45 - [TEST_STEP][PASSED] - switch (executionProfile): null

2024-05-15 23:43:45 - [TEST_STEP][PASSED] - case "QA2Profile":: null

2024-05-15 23:43:45 - [TEST_STEP][PASSED] - appID = findTestData(dataFile).getValue("AppIDQA", row): null

2024-05-15 23:43:45 - [TEST_STEP][PASSED] - username = findTestData(dataFile).getValue("UsernameQA", row): null

2024-05-15 23:43:45 - [TEST_STEP][PASSED] - password = findTestData(dataFile).getValue("PasswordQA", row): null

2024-05-15 23:43:45 - [TEST_STEP][PASSED] - break: null

2024-05-15 23:43:45 - [TEST_STEP][PASSED] - if (ExecuteTC.equalsIgnoreCase("Y")): null

2024-05-15 23:43:45 - [TEST_STEP][PASSED] - out.println("Begin Record Number: " + row): null

2024-05-15 23:43:45 - [TEST_STEP][PASSED] - today = new java.util.Date(): null

2024-05-15 23:43:45 - [TEST_STEP][PASSED] - println(today): null

2024-05-15 23:43:45 - [TEST_STEP][PASSED] - datText = today: null

2024-05-15 23:43:45 - [TEST_STEP][PASSED] - category = findTestData(dataFile).getValue("Category", row): null

2024-05-15 23:43:46 - [TEST_STEP][PASSED] - amount = findTestData(dataFile).getValue("Amount", row): null

2024-05-15 23:43:46 - [TEST_STEP][PASSED] - cardNumber = findTestData(dataFile).getValue("CardNumber", row): null

2024-05-15 23:43:46 - [TEST_STEP][PASSED] - exM = findTestData(dataFile).getValue("ExM", row): null

2024-05-15 23:43:46 - [TEST_STEP][PASSED] - exY = findTestData(dataFile).getValue("ExY", row): null

2024-05-15 23:43:46 - [TEST_STEP][PASSED] - openBrowser(VLinkURL + "authcap.html"): Browser is opened with url: 'https://dev-algorithm.govolution.com/vlinktest/QA2/version_2_0/authcap.html'

2024-05-15 23:43:46 - [MESSAGE][WARNING] - A browser is already opened. Closing browser and opening a new one

2024-05-15 23:43:48 - [MESSAGE][INFO] - Starting 'Chrome' driver

2024-05-15 23:43:48 - [MESSAGE][INFO] - User set preference: ['acceptInsecureCerts', 'true']

2024-05-15 23:43:48 - [MESSAGE][INFO] - Action delay is set to 0 milliseconds

2024-05-15 23:43:50 - [MESSAGE][PASSED] - Browser is opened with url: 'https://dev-algorithm.govolution.com/vlinktest/QA2/version_2_0/authcap.html'

2024-05-15 23:43:50 - [TEST_STEP][PASSED] - maximizeWindow(): Current window maximized

2024-05-15 23:43:50 - [MESSAGE][PASSED] - Current window maximized

2024-05-15 23:43:50 - [TEST_STEP][PASSED] - maximizeWindow(): Current window maximized

2024-05-15 23:43:50 - [MESSAGE][PASSED] - Current window maximized

2024-05-15 23:43:50 - [TEST_STEP][PASSED] - genRemID = RandomStringUtils.random(12, true, true): null

2024-05-15 23:43:50 - [TEST_STEP][PASSED] - setText(findTestObject("Object Repository/RecAndPlayBk/Page-Vlink-Sale/input_Remittance Id_remittance_id"), genRemID): Text 'PvzCFm9BxW9O' is set on object 'Object Repository/RecAndPlayBk/Page-Vlink-Sale/input_Remittance Id_remittance_id'

2024-05-15 23:43:51 - [MESSAGE][PASSED] - Text 'PvzCFm9BxW9O' is set on object 'Object Repository/RecAndPlayBk/Page-Vlink-Sale/input_Remittance Id_remittance_id'

2024-05-15 23:43:51 - [TEST_STEP][PASSED] - setText(findTestObject("Object Repository/RecAndPlayBk/Page-Vlink-Sale/input_Application Id_application_id"), appID): Text '234' is set on object 'Object Repository/RecAndPlayBk/Page-Vlink-Sale/input_Application Id_application_id'

2024-05-15 23:43:51 - [MESSAGE][PASSED] - Text '234' is set on object 'Object Repository/RecAndPlayBk/Page-Vlink-Sale/input_Application Id_application_id'

2024-05-15 23:43:51 - [TEST_STEP][PASSED] - setText(findTestObject("Object Repository/RecAndPlayBk/Page-Vlink-Sale/input_Username_username"), username): Text 'username' is set on object 'Object Repository/RecAndPlayBk/Page-Vlink-Sale/input_Username_username'

2024-05-15 23:43:52 - [MESSAGE][PASSED] - Text 'username' is set on object 'Object Repository/RecAndPlayBk/Page-Vlink-Sale/input_Username_username'

2024-05-15 23:43:52 - [TEST_STEP][PASSED] - setText(findTestObject("Object Repository/RecAndPlayBk/Page-Vlink-Sale/input_Password_password"), password): Text 'password' is set on object 'Object Repository/RecAndPlayBk/Page-Vlink-Sale/input_Password_password'

2024-05-15 23:43:53 - [MESSAGE][PASSED] - Text 'password' is set on object 'Object Repository/RecAndPlayBk/Page-Vlink-Sale/input_Password_password'

2024-05-15 23:43:53 - [TEST_STEP][PASSED] - setText(findTestObject("Object Repository/RecAndPlayBk/Page-Vlink-Sale/input_Category_category"), category): Text 'ECOM' is set on object 'Object Repository/RecAndPlayBk/Page-Vlink-Sale/input_Category_category'

2024-05-15 23:43:53 - [MESSAGE][PASSED] - Text 'ECOM' is set on object 'Object Repository/RecAndPlayBk/Page-Vlink-Sale/input_Category_category'

2024-05-15 23:43:53 - [TEST_STEP][PASSED] - setText(findTestObject("Object Repository/RecAndPlayBk/Page-Vlink-Sale/input_Amount_amount"), amount): Text '10.5' is set on object 'Object Repository/RecAndPlayBk/Page-Vlink-Sale/input_Amount_amount'

2024-05-15 23:43:54 - [MESSAGE][PASSED] - Text '10.5' is set on object 'Object Repository/RecAndPlayBk/Page-Vlink-Sale/input_Amount_amount'

2024-05-15 23:43:54 - [TEST_STEP][PASSED] - doubleClick(findTestObject("Object Repository/RecAndPlayBk/Page-Vlink-Sale/input_Card number_card_number")): Object: 'Object Repository/RecAndPlayBk/Page-Vlink-Sale/input_Card number_card_number' is double clicked on

2024-05-15 23:43:54 - [MESSAGE][PASSED] - Object: 'Object Repository/RecAndPlayBk/Page-Vlink-Sale/input_Card number_card_number' is double clicked on

2024-05-15 23:43:54 - [TEST_STEP][PASSED] - setText(findTestObject("Object Repository/RecAndPlayBk/Page-Vlink-Sale/input_Card number_card_number"), cardNumber): Text '4111111111111111' is set on object 'Object Repository/RecAndPlayBk/Page-Vlink-Sale/input_Card number_card_number'

2024-05-15 23:43:55 - [MESSAGE][PASSED] - Text '4111111111111111' is set on object 'Object Repository/RecAndPlayBk/Page-Vlink-Sale/input_Card number_card_number'

2024-05-15 23:43:55 - [TEST_STEP][PASSED] - setText(findTestObject("Object Repository/RecAndPlayBk/Page-Vlink-Sale/input_Card ex month_card_exmo"), exM): Text '12' is set on object 'Object Repository/RecAndPlayBk/Page-Vlink-Sale/input_Card ex month_card_exmo'

2024-05-15 23:43:56 - [MESSAGE][PASSED] - Text '12' is set on object 'Object Repository/RecAndPlayBk/Page-Vlink-Sale/input_Card ex month_card_exmo'

2024-05-15 23:43:56 - [TEST_STEP][PASSED] - setText(findTestObject("Object Repository/RecAndPlayBk/Page-Vlink-Sale/input_Card ex year_card_exyr"), exY): Text '2029' is set on object 'Object Repository/RecAndPlayBk/Page-Vlink-Sale/input_Card ex year_card_exyr'

2024-05-15 23:43:56 - [MESSAGE][PASSED] - Text '2029' is set on object 'Object Repository/RecAndPlayBk/Page-Vlink-Sale/input_Card ex year_card_exyr'

2024-05-15 23:43:56 - [TEST_STEP][PASSED] - click(findTestObject("Object Repository/RecAndPlayBk/Page-Vlink-Sale/input_Track Data_track_data")): Object: 'Object Repository/RecAndPlayBk/Page-Vlink-Sale/input_Track Data_track_data' is clicked on

2024-05-15 23:43:57 - [MESSAGE][PASSED] - Object: 'Object Repository/RecAndPlayBk/Page-Vlink-Sale/input_Track Data_track_data' is clicked on

2024-05-15 23:43:57 - [TEST_STEP][PASSED] - click(findTestObject("Object Repository/RecAndPlayBk/Page-Vlink-Sale/input_CVV state_cvv_state")): Object: 'Object Repository/RecAndPlayBk/Page-Vlink-Sale/input_CVV state_cvv_state' is clicked on

2024-05-15 23:43:57 - [MESSAGE][PASSED] - Object: 'Object Repository/RecAndPlayBk/Page-Vlink-Sale/input_CVV state_cvv_state' is clicked on

2024-05-15 23:43:57 - [TEST_STEP][PASSED] - setText(findTestObject("Object Repository/RecAndPlayBk/Page-Vlink-Sale/input_Track Data_track_data"), ""): Text '' is set on object 'Object Repository/RecAndPlayBk/Page-Vlink-Sale/input_Track Data_track_data'

2024-05-15 23:43:58 - [MESSAGE][PASSED] - Text '' is set on object 'Object Repository/RecAndPlayBk/Page-Vlink-Sale/input_Track Data_track_data'

2024-05-15 23:43:58 - [TEST_STEP][PASSED] - setText(findTestObject("Object Repository/RecAndPlayBk/Page-Vlink-Sale/input_concat(Cardholder, , s email)_email"), ""): Text '' is set on object 'Object Repository/RecAndPlayBk/Page-Vlink-Sale/input_concat(Cardholder, , s email)_email'

2024-05-15 23:43:58 - [MESSAGE][PASSED] - Text '' is set on object 'Object Repository/RecAndPlayBk/Page-Vlink-Sale/input_concat(Cardholder, , s email)_email'

2024-05-15 23:43:58 - [TEST_STEP][PASSED] - click(findTestObject("Object Repository/RecAndPlayBk/Page-Vlink-Sale/input_user_defined10_user_defined10")): Object: 'Object Repository/RecAndPlayBk/Page-Vlink-Sale/input_user_defined10_user_defined10' is clicked on

2024-05-15 23:43:59 - [MESSAGE][PASSED] - Object: 'Object Repository/RecAndPlayBk/Page-Vlink-Sale/input_user_defined10_user_defined10' is clicked on

2024-05-15 23:43:59 - [TEST_STEP][PASSED] - if (executionProfile.equalsIgnoreCase("QAProfile") || executionProfile.equalsIgnoreCase("DemoProfile")): null

2024-05-15 23:43:59 - [TEST_STEP][PASSED] - click(findTestObject("Object Repository/RecAndPlayBk/Page-Vlink-Sale/input")): Object: 'Object Repository/RecAndPlayBk/Page-Vlink-Sale/input' is clicked on

2024-05-15 23:44:00 - [MESSAGE][PASSED] - Object: 'Object Repository/RecAndPlayBk/Page-Vlink-Sale/input' is clicked on

2024-05-15 23:44:00 - [TEST_STEP][PASSED] - if (verifyTextPresent("Transaction approved, no errors", true)): null

2024-05-15 23:44:00 - [MESSAGE][PASSED] - Text 'Transaction approved, no errors' is present on page  using regular expression

2024-05-15 23:44:00 - [TEST_STEP][PASSED] - println("Transaction Approved, no errors text is present on the Confirmation page"): null

2024-05-15 23:44:00 - [TEST_STEP][PASSED] - sdfo = getText(findTestObject("Object Repository/Page_VLinkReceipt/pre_STX")): Text of object 'Object Repository/Page_VLinkReceipt/pre_STX' is: '<STX>PvzCFm9BxW9O                  12151629            0  Transaction approved, no errors                   0                                                                                  Y 382464800<ETX>'

2024-05-15 23:44:00 - [MESSAGE][PASSED] - Text of object 'Object Repository/Page_VLinkReceipt/pre_STX' is: '<STX>PvzCFm9BxW9O                  12151629            0  Transaction approved, no errors                   0                                                                                  Y 382464800<ETX>'

2024-05-15 23:44:00 - [TEST_STEP][PASSED] - out.println("sdfo: " + sdfo): null

2024-05-15 23:44:00 - [TEST_STEP][PASSED] - remID = substring(5, 35).trim(): null

2024-05-15 23:44:00 - [TEST_STEP][PASSED] - out.println("remID: " + remID): null

2024-05-15 23:44:00 - [TEST_STEP][PASSED] - traxID = substring(35, 55).trim(): null

2024-05-15 23:44:00 - [TEST_STEP][PASSED] - out.println("traxID: " + traxID): null

2024-05-15 23:44:00 - [TEST_STEP][PASSED] - VLinkSaleRemID = remID: null

2024-05-15 23:44:00 - [TEST_STEP][PASSED] - VLinkSaleTranxID = traxID: null

2024-05-15 23:44:00 - [TEST_STEP][PASSED] - openBrowser(VLinkURL + "CC_void.html"): Browser is opened with url: 'https://dev-algorithm.govolution.com/vlinktest/QA2/version_2_0/CC_void.html'

2024-05-15 23:44:00 - [MESSAGE][WARNING] - A browser is already opened. Closing browser and opening a new one

2024-05-15 23:44:02 - [MESSAGE][INFO] - Starting 'Chrome' driver

2024-05-15 23:44:02 - [MESSAGE][INFO] - User set preference: ['acceptInsecureCerts', 'true']

2024-05-15 23:44:02 - [MESSAGE][INFO] - Action delay is set to 0 milliseconds

2024-05-15 23:44:04 - [MESSAGE][PASSED] - Browser is opened with url: 'https://dev-algorithm.govolution.com/vlinktest/QA2/version_2_0/CC_void.html'

2024-05-15 23:44:04 - [TEST_STEP][PASSED] - maximizeWindow(): Current window maximized

2024-05-15 23:44:04 - [MESSAGE][PASSED] - Current window maximized

2024-05-15 23:44:04 - [TEST_STEP][PASSED] - setText(findTestObject("Object Repository/RecAndPlayBk/Page-Vlink-CC-Void/txt_RemID"), VLinkSaleRemID): Text 'PvzCFm9BxW9O' is set on object 'Object Repository/RecAndPlayBk/Page-Vlink-CC-Void/txt_RemID'

2024-05-15 23:44:05 - [MESSAGE][PASSED] - Text 'PvzCFm9BxW9O' is set on object 'Object Repository/RecAndPlayBk/Page-Vlink-CC-Void/txt_RemID'

2024-05-15 23:44:05 - [TEST_STEP][PASSED] - setText(findTestObject("Object Repository/RecAndPlayBk/Page-Vlink-CC-Void/txt_ApplicationID"), appID): Text '234' is set on object 'Object Repository/RecAndPlayBk/Page-Vlink-CC-Void/txt_ApplicationID'

2024-05-15 23:44:05 - [MESSAGE][PASSED] - Text '234' is set on object 'Object Repository/RecAndPlayBk/Page-Vlink-CC-Void/txt_ApplicationID'

2024-05-15 23:44:05 - [TEST_STEP][PASSED] - setText(findTestObject("Object Repository/RecAndPlayBk/Page-Vlink-CC-Void/txt_Username"), username): Text 'username' is set on object 'Object Repository/RecAndPlayBk/Page-Vlink-CC-Void/txt_Username'

2024-05-15 23:44:06 - [MESSAGE][PASSED] - Text 'username' is set on object 'Object Repository/RecAndPlayBk/Page-Vlink-CC-Void/txt_Username'

2024-05-15 23:44:06 - [TEST_STEP][PASSED] - setText(findTestObject("Object Repository/RecAndPlayBk/Page-Vlink-CC-Void/txt_Password"), password): Text 'password' is set on object 'Object Repository/RecAndPlayBk/Page-Vlink-CC-Void/txt_Password'

2024-05-15 23:44:06 - [MESSAGE][PASSED] - Text 'password' is set on object 'Object Repository/RecAndPlayBk/Page-Vlink-CC-Void/txt_Password'

2024-05-15 23:44:06 - [TEST_STEP][PASSED] - setText(findTestObject("Object Repository/RecAndPlayBk/Page-Vlink-CC-Void/txt_TransactionID"), "-1"): Text '-1' is set on object 'Object Repository/RecAndPlayBk/Page-Vlink-CC-Void/txt_TransactionID'

2024-05-15 23:44:07 - [MESSAGE][PASSED] - Text '-1' is set on object 'Object Repository/RecAndPlayBk/Page-Vlink-CC-Void/txt_TransactionID'

2024-05-15 23:44:07 - [TEST_STEP][PASSED] - setText(findTestObject("Object Repository/RecAndPlayBk/Page-Vlink-CC-Void/txt_OriginalTransactionType"), "104"): Text '104' is set on object 'Object Repository/RecAndPlayBk/Page-Vlink-CC-Void/txt_OriginalTransactionType'

2024-05-15 23:44:08 - [MESSAGE][PASSED] - Text '104' is set on object 'Object Repository/RecAndPlayBk/Page-Vlink-CC-Void/txt_OriginalTransactionType'

2024-05-15 23:44:08 - [TEST_STEP][PASSED] - setText(findTestObject("Object Repository/RecAndPlayBk/Page-Vlink-CC-Void/txt_TrackData"), ""): Text '' is set on object 'Object Repository/RecAndPlayBk/Page-Vlink-CC-Void/txt_TrackData'

2024-05-15 23:44:08 - [MESSAGE][PASSED] - Text '' is set on object 'Object Repository/RecAndPlayBk/Page-Vlink-CC-Void/txt_TrackData'

2024-05-15 23:44:08 - [TEST_STEP][PASSED] - click(findTestObject("Object Repository/RecAndPlayBk/Page-Vlink-CC-Void/btn_ProcessVLinkTransaction")): Object: 'Object Repository/RecAndPlayBk/Page-Vlink-CC-Void/btn_ProcessVLinkTransaction' is clicked on

2024-05-15 23:44:09 - [MESSAGE][PASSED] - Object: 'Object Repository/RecAndPlayBk/Page-Vlink-CC-Void/btn_ProcessVLinkTransaction' is clicked on

2024-05-15 23:44:09 - [TEST_STEP][PASSED] - if (verifyTextPresent("Transaction approved, no errors", true)): null

2024-05-15 23:44:10 - [MESSAGE][PASSED] - Text 'Transaction approved, no errors' is present on page  using regular expression

2024-05-15 23:44:10 - [TEST_STEP][PASSED] - println("Transaction Approved, no errors text is present on the Confirmation page"): null

2024-05-15 23:44:10 - [TEST_STEP][PASSED] - out.println("Pass Record Number: " + row): null

2024-05-15 23:44:10 - [TEST_STEP][PASSED] - resText = "Pass": null

2024-05-15 23:44:10 - [TEST_STEP][PASSED] - pages.WriteExcel.demoKey(resText, datText, resColumn, datCloumn, fileLoc, nameSheet, row): pages.WriteExcel.demoKey is PASSED

2024-05-15 23:44:10 - [MESSAGE][PASSED] - pages.WriteExcel.demoKey is PASSED

2024-05-15 23:44:10 - [TEST_STEP][PASSED] - ExecuteTC = findTestData(dataFile).getValue("Execute", row): null

2024-05-15 23:44:10 - [TEST_STEP][PASSED] - out.println("Value of Execute is : " + ExecuteTC): null

2024-05-15 23:44:10 - [TEST_STEP][PASSED] - switch (executionProfile): null

2024-05-15 23:44:10 - [TEST_STEP][PASSED] - case "QA2Profile":: null

2024-05-15 23:44:10 - [TEST_STEP][PASSED] - appID = findTestData(dataFile).getValue("AppIDQA", row): null

2024-05-15 23:44:10 - [TEST_STEP][PASSED] - username = findTestData(dataFile).getValue("UsernameQA", row): null

2024-05-15 23:44:10 - [TEST_STEP][PASSED] - password = findTestData(dataFile).getValue("PasswordQA", row): null

2024-05-15 23:44:10 - [TEST_STEP][PASSED] - break: null

2024-05-15 23:44:10 - [TEST_STEP][PASSED] - if (ExecuteTC.equalsIgnoreCase("Y")): null

2024-05-15 23:44:10 - [TEST_STEP][PASSED] - out.println("Begin Record Number: " + row): null

2024-05-15 23:44:10 - [TEST_STEP][PASSED] - today = new java.util.Date(): null

2024-05-15 23:44:10 - [TEST_STEP][PASSED] - println(today): null

2024-05-15 23:44:10 - [TEST_STEP][PASSED] - datText = today: null

2024-05-15 23:44:10 - [TEST_STEP][PASSED] - category = findTestData(dataFile).getValue("Category", row): null

2024-05-15 23:44:10 - [TEST_STEP][PASSED] - amount = findTestData(dataFile).getValue("Amount", row): null

2024-05-15 23:44:10 - [TEST_STEP][PASSED] - cardNumber = findTestData(dataFile).getValue("CardNumber", row): null

2024-05-15 23:44:11 - [TEST_STEP][PASSED] - exM = findTestData(dataFile).getValue("ExM", row): null

2024-05-15 23:44:11 - [TEST_STEP][PASSED] - exY = findTestData(dataFile).getValue("ExY", row): null

2024-05-15 23:44:11 - [TEST_STEP][PASSED] - openBrowser(VLinkURL + "authcap.html"): Browser is opened with url: 'https://dev-algorithm.govolution.com/vlinktest/QA2/version_2_0/authcap.html'

2024-05-15 23:44:11 - [MESSAGE][WARNING] - A browser is already opened. Closing browser and opening a new one

2024-05-15 23:44:12 - [MESSAGE][INFO] - Starting 'Chrome' driver

2024-05-15 23:44:12 - [MESSAGE][INFO] - User set preference: ['acceptInsecureCerts', 'true']

2024-05-15 23:44:12 - [MESSAGE][INFO] - Action delay is set to 0 milliseconds

2024-05-15 23:44:14 - [MESSAGE][PASSED] - Browser is opened with url: 'https://dev-algorithm.govolution.com/vlinktest/QA2/version_2_0/authcap.html'

2024-05-15 23:44:14 - [TEST_STEP][PASSED] - maximizeWindow(): Current window maximized

2024-05-15 23:44:14 - [MESSAGE][PASSED] - Current window maximized

2024-05-15 23:44:14 - [TEST_STEP][PASSED] - maximizeWindow(): Current window maximized

2024-05-15 23:44:14 - [MESSAGE][PASSED] - Current window maximized

2024-05-15 23:44:14 - [TEST_STEP][PASSED] - genRemID = RandomStringUtils.random(12, true, true): null

2024-05-15 23:44:14 - [TEST_STEP][PASSED] - setText(findTestObject("Object Repository/RecAndPlayBk/Page-Vlink-Sale/input_Remittance Id_remittance_id"), genRemID): Text 'VHKTawNSa8JA' is set on object 'Object Repository/RecAndPlayBk/Page-Vlink-Sale/input_Remittance Id_remittance_id'

2024-05-15 23:44:15 - [MESSAGE][PASSED] - Text 'VHKTawNSa8JA' is set on object 'Object Repository/RecAndPlayBk/Page-Vlink-Sale/input_Remittance Id_remittance_id'

2024-05-15 23:44:15 - [TEST_STEP][PASSED] - setText(findTestObject("Object Repository/RecAndPlayBk/Page-Vlink-Sale/input_Application Id_application_id"), appID): Text '234' is set on object 'Object Repository/RecAndPlayBk/Page-Vlink-Sale/input_Application Id_application_id'

2024-05-15 23:44:16 - [MESSAGE][PASSED] - Text '234' is set on object 'Object Repository/RecAndPlayBk/Page-Vlink-Sale/input_Application Id_application_id'

2024-05-15 23:44:16 - [TEST_STEP][PASSED] - setText(findTestObject("Object Repository/RecAndPlayBk/Page-Vlink-Sale/input_Username_username"), username): Text 'username' is set on object 'Object Repository/RecAndPlayBk/Page-Vlink-Sale/input_Username_username'

2024-05-15 23:44:16 - [MESSAGE][PASSED] - Text 'username' is set on object 'Object Repository/RecAndPlayBk/Page-Vlink-Sale/input_Username_username'

2024-05-15 23:44:16 - [TEST_STEP][PASSED] - setText(findTestObject("Object Repository/RecAndPlayBk/Page-Vlink-Sale/input_Password_password"), password): Text 'password' is set on object 'Object Repository/RecAndPlayBk/Page-Vlink-Sale/input_Password_password'

2024-05-15 23:44:17 - [MESSAGE][PASSED] - Text 'password' is set on object 'Object Repository/RecAndPlayBk/Page-Vlink-Sale/input_Password_password'

2024-05-15 23:44:17 - [TEST_STEP][PASSED] - setText(findTestObject("Object Repository/RecAndPlayBk/Page-Vlink-Sale/input_Category_category"), category): Text 'MOTO' is set on object 'Object Repository/RecAndPlayBk/Page-Vlink-Sale/input_Category_category'

2024-05-15 23:44:18 - [MESSAGE][PASSED] - Text 'MOTO' is set on object 'Object Repository/RecAndPlayBk/Page-Vlink-Sale/input_Category_category'

2024-05-15 23:44:18 - [TEST_STEP][PASSED] - setText(findTestObject("Object Repository/RecAndPlayBk/Page-Vlink-Sale/input_Amount_amount"), amount): Text '10.5' is set on object 'Object Repository/RecAndPlayBk/Page-Vlink-Sale/input_Amount_amount'

2024-05-15 23:44:18 - [MESSAGE][PASSED] - Text '10.5' is set on object 'Object Repository/RecAndPlayBk/Page-Vlink-Sale/input_Amount_amount'

2024-05-15 23:44:18 - [TEST_STEP][PASSED] - doubleClick(findTestObject("Object Repository/RecAndPlayBk/Page-Vlink-Sale/input_Card number_card_number")): Object: 'Object Repository/RecAndPlayBk/Page-Vlink-Sale/input_Card number_card_number' is double clicked on

2024-05-15 23:44:19 - [MESSAGE][PASSED] - Object: 'Object Repository/RecAndPlayBk/Page-Vlink-Sale/input_Card number_card_number' is double clicked on

2024-05-15 23:44:19 - [TEST_STEP][PASSED] - setText(findTestObject("Object Repository/RecAndPlayBk/Page-Vlink-Sale/input_Card number_card_number"), cardNumber): Text '5424000000000015' is set on object 'Object Repository/RecAndPlayBk/Page-Vlink-Sale/input_Card number_card_number'

2024-05-15 23:44:19 - [MESSAGE][PASSED] - Text '5424000000000015' is set on object 'Object Repository/RecAndPlayBk/Page-Vlink-Sale/input_Card number_card_number'

2024-05-15 23:44:19 - [TEST_STEP][PASSED] - setText(findTestObject("Object Repository/RecAndPlayBk/Page-Vlink-Sale/input_Card ex month_card_exmo"), exM): Text '12' is set on object 'Object Repository/RecAndPlayBk/Page-Vlink-Sale/input_Card ex month_card_exmo'

2024-05-15 23:44:20 - [MESSAGE][PASSED] - Text '12' is set on object 'Object Repository/RecAndPlayBk/Page-Vlink-Sale/input_Card ex month_card_exmo'

2024-05-15 23:44:20 - [TEST_STEP][PASSED] - setText(findTestObject("Object Repository/RecAndPlayBk/Page-Vlink-Sale/input_Card ex year_card_exyr"), exY): Text '2029' is set on object 'Object Repository/RecAndPlayBk/Page-Vlink-Sale/input_Card ex year_card_exyr'

2024-05-15 23:44:21 - [MESSAGE][PASSED] - Text '2029' is set on object 'Object Repository/RecAndPlayBk/Page-Vlink-Sale/input_Card ex year_card_exyr'

2024-05-15 23:44:21 - [TEST_STEP][PASSED] - click(findTestObject("Object Repository/RecAndPlayBk/Page-Vlink-Sale/input_Track Data_track_data")): Object: 'Object Repository/RecAndPlayBk/Page-Vlink-Sale/input_Track Data_track_data' is clicked on

2024-05-15 23:44:21 - [MESSAGE][PASSED] - Object: 'Object Repository/RecAndPlayBk/Page-Vlink-Sale/input_Track Data_track_data' is clicked on

2024-05-15 23:44:21 - [TEST_STEP][PASSED] - click(findTestObject("Object Repository/RecAndPlayBk/Page-Vlink-Sale/input_CVV state_cvv_state")): Object: 'Object Repository/RecAndPlayBk/Page-Vlink-Sale/input_CVV state_cvv_state' is clicked on

2024-05-15 23:44:21 - [MESSAGE][PASSED] - Object: 'Object Repository/RecAndPlayBk/Page-Vlink-Sale/input_CVV state_cvv_state' is clicked on

2024-05-15 23:44:21 - [TEST_STEP][PASSED] - setText(findTestObject("Object Repository/RecAndPlayBk/Page-Vlink-Sale/input_Track Data_track_data"), ""): Text '' is set on object 'Object Repository/RecAndPlayBk/Page-Vlink-Sale/input_Track Data_track_data'

2024-05-15 23:44:22 - [MESSAGE][PASSED] - Text '' is set on object 'Object Repository/RecAndPlayBk/Page-Vlink-Sale/input_Track Data_track_data'

2024-05-15 23:44:22 - [TEST_STEP][PASSED] - setText(findTestObject("Object Repository/RecAndPlayBk/Page-Vlink-Sale/input_concat(Cardholder, , s email)_email"), ""): Text '' is set on object 'Object Repository/RecAndPlayBk/Page-Vlink-Sale/input_concat(Cardholder, , s email)_email'

2024-05-15 23:44:23 - [MESSAGE][PASSED] - Text '' is set on object 'Object Repository/RecAndPlayBk/Page-Vlink-Sale/input_concat(Cardholder, , s email)_email'

2024-05-15 23:44:23 - [TEST_STEP][PASSED] - click(findTestObject("Object Repository/RecAndPlayBk/Page-Vlink-Sale/input_user_defined10_user_defined10")): Object: 'Object Repository/RecAndPlayBk/Page-Vlink-Sale/input_user_defined10_user_defined10' is clicked on

2024-05-15 23:44:23 - [MESSAGE][PASSED] - Object: 'Object Repository/RecAndPlayBk/Page-Vlink-Sale/input_user_defined10_user_defined10' is clicked on

2024-05-15 23:44:23 - [TEST_STEP][PASSED] - if (executionProfile.equalsIgnoreCase("QAProfile") || executionProfile.equalsIgnoreCase("DemoProfile")): null

2024-05-15 23:44:23 - [TEST_STEP][PASSED] - click(findTestObject("Object Repository/RecAndPlayBk/Page-Vlink-Sale/input")): Object: 'Object Repository/RecAndPlayBk/Page-Vlink-Sale/input' is clicked on

2024-05-15 23:44:24 - [MESSAGE][PASSED] - Object: 'Object Repository/RecAndPlayBk/Page-Vlink-Sale/input' is clicked on

2024-05-15 23:44:24 - [TEST_STEP][PASSED] - if (verifyTextPresent("Transaction approved, no errors", true)): null

2024-05-15 23:44:24 - [MESSAGE][PASSED] - Text 'Transaction approved, no errors' is present on page  using regular expression

2024-05-15 23:44:24 - [TEST_STEP][PASSED] - println("Transaction Approved, no errors text is present on the Confirmation page"): null

2024-05-15 23:44:24 - [TEST_STEP][PASSED] - sdfo = getText(findTestObject("Object Repository/Page_VLinkReceipt/pre_STX")): Text of object 'Object Repository/Page_VLinkReceipt/pre_STX' is: '<STX>VHKTawNSa8JA                  12151631            0  Transaction approved, no errors                   0                                                                                  Y 293245609<ETX>'

2024-05-15 23:44:25 - [MESSAGE][PASSED] - Text of object 'Object Repository/Page_VLinkReceipt/pre_STX' is: '<STX>VHKTawNSa8JA                  12151631            0  Transaction approved, no errors                   0                                                                                  Y 293245609<ETX>'

2024-05-15 23:44:25 - [TEST_STEP][PASSED] - out.println("sdfo: " + sdfo): null

2024-05-15 23:44:25 - [TEST_STEP][PASSED] - remID = substring(5, 35).trim(): null

2024-05-15 23:44:25 - [TEST_STEP][PASSED] - out.println("remID: " + remID): null

2024-05-15 23:44:25 - [TEST_STEP][PASSED] - traxID = substring(35, 55).trim(): null

2024-05-15 23:44:25 - [TEST_STEP][PASSED] - out.println("traxID: " + traxID): null

2024-05-15 23:44:25 - [TEST_STEP][PASSED] - VLinkSaleRemID = remID: null

2024-05-15 23:44:25 - [TEST_STEP][PASSED] - VLinkSaleTranxID = traxID: null

2024-05-15 23:44:25 - [TEST_STEP][PASSED] - openBrowser(VLinkURL + "CC_void.html"): Browser is opened with url: 'https://dev-algorithm.govolution.com/vlinktest/QA2/version_2_0/CC_void.html'

2024-05-15 23:44:25 - [MESSAGE][WARNING] - A browser is already opened. Closing browser and opening a new one

2024-05-15 23:44:26 - [MESSAGE][INFO] - Starting 'Chrome' driver

2024-05-15 23:44:26 - [MESSAGE][INFO] - User set preference: ['acceptInsecureCerts', 'true']

2024-05-15 23:44:26 - [MESSAGE][INFO] - Action delay is set to 0 milliseconds

2024-05-15 23:44:28 - [MESSAGE][PASSED] - Browser is opened with url: 'https://dev-algorithm.govolution.com/vlinktest/QA2/version_2_0/CC_void.html'

2024-05-15 23:44:28 - [TEST_STEP][PASSED] - maximizeWindow(): Current window maximized

2024-05-15 23:44:29 - [MESSAGE][PASSED] - Current window maximized

2024-05-15 23:44:29 - [TEST_STEP][PASSED] - setText(findTestObject("Object Repository/RecAndPlayBk/Page-Vlink-CC-Void/txt_RemID"), VLinkSaleRemID): Text 'VHKTawNSa8JA' is set on object 'Object Repository/RecAndPlayBk/Page-Vlink-CC-Void/txt_RemID'

2024-05-15 23:44:29 - [MESSAGE][PASSED] - Text 'VHKTawNSa8JA' is set on object 'Object Repository/RecAndPlayBk/Page-Vlink-CC-Void/txt_RemID'

2024-05-15 23:44:29 - [TEST_STEP][PASSED] - setText(findTestObject("Object Repository/RecAndPlayBk/Page-Vlink-CC-Void/txt_ApplicationID"), appID): Text '234' is set on object 'Object Repository/RecAndPlayBk/Page-Vlink-CC-Void/txt_ApplicationID'

2024-05-15 23:44:30 - [MESSAGE][PASSED] - Text '234' is set on object 'Object Repository/RecAndPlayBk/Page-Vlink-CC-Void/txt_ApplicationID'

2024-05-15 23:44:30 - [TEST_STEP][PASSED] - setText(findTestObject("Object Repository/RecAndPlayBk/Page-Vlink-CC-Void/txt_Username"), username): Text 'username' is set on object 'Object Repository/RecAndPlayBk/Page-Vlink-CC-Void/txt_Username'

2024-05-15 23:44:31 - [MESSAGE][PASSED] - Text 'username' is set on object 'Object Repository/RecAndPlayBk/Page-Vlink-CC-Void/txt_Username'

2024-05-15 23:44:31 - [TEST_STEP][PASSED] - setText(findTestObject("Object Repository/RecAndPlayBk/Page-Vlink-CC-Void/txt_Password"), password): Text 'password' is set on object 'Object Repository/RecAndPlayBk/Page-Vlink-CC-Void/txt_Password'

2024-05-15 23:44:31 - [MESSAGE][PASSED] - Text 'password' is set on object 'Object Repository/RecAndPlayBk/Page-Vlink-CC-Void/txt_Password'

2024-05-15 23:44:31 - [TEST_STEP][PASSED] - setText(findTestObject("Object Repository/RecAndPlayBk/Page-Vlink-CC-Void/txt_TransactionID"), "-1"): Text '-1' is set on object 'Object Repository/RecAndPlayBk/Page-Vlink-CC-Void/txt_TransactionID'

2024-05-15 23:44:32 - [MESSAGE][PASSED] - Text '-1' is set on object 'Object Repository/RecAndPlayBk/Page-Vlink-CC-Void/txt_TransactionID'

2024-05-15 23:44:32 - [TEST_STEP][PASSED] - setText(findTestObject("Object Repository/RecAndPlayBk/Page-Vlink-CC-Void/txt_OriginalTransactionType"), "104"): Text '104' is set on object 'Object Repository/RecAndPlayBk/Page-Vlink-CC-Void/txt_OriginalTransactionType'

2024-05-15 23:44:33 - [MESSAGE][PASSED] - Text '104' is set on object 'Object Repository/RecAndPlayBk/Page-Vlink-CC-Void/txt_OriginalTransactionType'

2024-05-15 23:44:33 - [TEST_STEP][PASSED] - setText(findTestObject("Object Repository/RecAndPlayBk/Page-Vlink-CC-Void/txt_TrackData"), ""): Text '' is set on object 'Object Repository/RecAndPlayBk/Page-Vlink-CC-Void/txt_TrackData'

2024-05-15 23:44:33 - [MESSAGE][PASSED] - Text '' is set on object 'Object Repository/RecAndPlayBk/Page-Vlink-CC-Void/txt_TrackData'

2024-05-15 23:44:33 - [TEST_STEP][PASSED] - click(findTestObject("Object Repository/RecAndPlayBk/Page-Vlink-CC-Void/btn_ProcessVLinkTransaction")): Object: 'Object Repository/RecAndPlayBk/Page-Vlink-CC-Void/btn_ProcessVLinkTransaction' is clicked on

2024-05-15 23:44:35 - [MESSAGE][PASSED] - Object: 'Object Repository/RecAndPlayBk/Page-Vlink-CC-Void/btn_ProcessVLinkTransaction' is clicked on

2024-05-15 23:44:35 - [TEST_STEP][PASSED] - if (verifyTextPresent("Transaction approved, no errors", true)): null

2024-05-15 23:44:35 - [MESSAGE][PASSED] - Text 'Transaction approved, no errors' is present on page  using regular expression

2024-05-15 23:44:35 - [TEST_STEP][PASSED] - println("Transaction Approved, no errors text is present on the Confirmation page"): null

2024-05-15 23:44:35 - [TEST_STEP][PASSED] - out.println("Pass Record Number: " + row): null

2024-05-15 23:44:35 - [TEST_STEP][PASSED] - resText = "Pass": null

2024-05-15 23:44:35 - [TEST_STEP][PASSED] - pages.WriteExcel.demoKey(resText, datText, resColumn, datCloumn, fileLoc, nameSheet, row): pages.WriteExcel.demoKey is PASSED

2024-05-15 23:44:36 - [MESSAGE][PASSED] - pages.WriteExcel.demoKey is PASSED

2024-05-15 23:44:36 - [TEST_STEP][PASSED] - ExecuteTC = findTestData(dataFile).getValue("Execute", row): null

2024-05-15 23:44:36 - [TEST_STEP][PASSED] - out.println("Value of Execute is : " + ExecuteTC): null

2024-05-15 23:44:36 - [TEST_STEP][PASSED] - switch (executionProfile): null

2024-05-15 23:44:36 - [TEST_STEP][PASSED] - case "QA2Profile":: null

2024-05-15 23:44:36 - [TEST_STEP][PASSED] - appID = findTestData(dataFile).getValue("AppIDQA", row): null

2024-05-15 23:44:36 - [TEST_STEP][PASSED] - username = findTestData(dataFile).getValue("UsernameQA", row): null

2024-05-15 23:44:36 - [TEST_STEP][PASSED] - password = findTestData(dataFile).getValue("PasswordQA", row): null

2024-05-15 23:44:36 - [TEST_STEP][PASSED] - break: null

2024-05-15 23:44:36 - [TEST_STEP][PASSED] - if (ExecuteTC.equalsIgnoreCase("Y")): null

2024-05-15 23:44:36 - [TEST_STEP][PASSED] - out.println("Begin Record Number: " + row): null

2024-05-15 23:44:36 - [TEST_STEP][PASSED] - today = new java.util.Date(): null

2024-05-15 23:44:36 - [TEST_STEP][PASSED] - println(today): null

2024-05-15 23:44:36 - [TEST_STEP][PASSED] - datText = today: null

2024-05-15 23:44:36 - [TEST_STEP][PASSED] - category = findTestData(dataFile).getValue("Category", row): null

2024-05-15 23:44:36 - [TEST_STEP][PASSED] - amount = findTestData(dataFile).getValue("Amount", row): null

2024-05-15 23:44:36 - [TEST_STEP][PASSED] - cardNumber = findTestData(dataFile).getValue("CardNumber", row): null

2024-05-15 23:44:36 - [TEST_STEP][PASSED] - exM = findTestData(dataFile).getValue("ExM", row): null

2024-05-15 23:44:36 - [TEST_STEP][PASSED] - exY = findTestData(dataFile).getValue("ExY", row): null

2024-05-15 23:44:36 - [TEST_STEP][PASSED] - openBrowser(VLinkURL + "authcap.html"): Browser is opened with url: 'https://dev-algorithm.govolution.com/vlinktest/QA2/version_2_0/authcap.html'

2024-05-15 23:44:36 - [MESSAGE][WARNING] - A browser is already opened. Closing browser and opening a new one

2024-05-15 23:44:38 - [MESSAGE][INFO] - Starting 'Chrome' driver

2024-05-15 23:44:38 - [MESSAGE][INFO] - User set preference: ['acceptInsecureCerts', 'true']

2024-05-15 23:44:38 - [MESSAGE][INFO] - Action delay is set to 0 milliseconds

2024-05-15 23:44:39 - [MESSAGE][PASSED] - Browser is opened with url: 'https://dev-algorithm.govolution.com/vlinktest/QA2/version_2_0/authcap.html'

2024-05-15 23:44:39 - [TEST_STEP][PASSED] - maximizeWindow(): Current window maximized

2024-05-15 23:44:40 - [MESSAGE][PASSED] - Current window maximized

2024-05-15 23:44:40 - [TEST_STEP][PASSED] - maximizeWindow(): Current window maximized

2024-05-15 23:44:40 - [MESSAGE][PASSED] - Current window maximized

2024-05-15 23:44:40 - [TEST_STEP][PASSED] - genRemID = RandomStringUtils.random(12, true, true): null

2024-05-15 23:44:40 - [TEST_STEP][PASSED] - setText(findTestObject("Object Repository/RecAndPlayBk/Page-Vlink-Sale/input_Remittance Id_remittance_id"), genRemID): Text 'Rfv6X8LBAy2r' is set on object 'Object Repository/RecAndPlayBk/Page-Vlink-Sale/input_Remittance Id_remittance_id'

2024-05-15 23:44:41 - [MESSAGE][PASSED] - Text 'Rfv6X8LBAy2r' is set on object 'Object Repository/RecAndPlayBk/Page-Vlink-Sale/input_Remittance Id_remittance_id'

2024-05-15 23:44:41 - [TEST_STEP][PASSED] - setText(findTestObject("Object Repository/RecAndPlayBk/Page-Vlink-Sale/input_Application Id_application_id"), appID): Text '234' is set on object 'Object Repository/RecAndPlayBk/Page-Vlink-Sale/input_Application Id_application_id'

2024-05-15 23:44:41 - [MESSAGE][PASSED] - Text '234' is set on object 'Object Repository/RecAndPlayBk/Page-Vlink-Sale/input_Application Id_application_id'

2024-05-15 23:44:41 - [TEST_STEP][PASSED] - setText(findTestObject("Object Repository/RecAndPlayBk/Page-Vlink-Sale/input_Username_username"), username): Text 'username' is set on object 'Object Repository/RecAndPlayBk/Page-Vlink-Sale/input_Username_username'

2024-05-15 23:44:42 - [MESSAGE][PASSED] - Text 'username' is set on object 'Object Repository/RecAndPlayBk/Page-Vlink-Sale/input_Username_username'

2024-05-15 23:44:42 - [TEST_STEP][PASSED] - setText(findTestObject("Object Repository/RecAndPlayBk/Page-Vlink-Sale/input_Password_password"), password): Text 'password' is set on object 'Object Repository/RecAndPlayBk/Page-Vlink-Sale/input_Password_password'

2024-05-15 23:44:43 - [MESSAGE][PASSED] - Text 'password' is set on object 'Object Repository/RecAndPlayBk/Page-Vlink-Sale/input_Password_password'

2024-05-15 23:44:43 - [TEST_STEP][PASSED] - setText(findTestObject("Object Repository/RecAndPlayBk/Page-Vlink-Sale/input_Category_category"), category): Text 'RETL' is set on object 'Object Repository/RecAndPlayBk/Page-Vlink-Sale/input_Category_category'

2024-05-15 23:44:43 - [MESSAGE][PASSED] - Text 'RETL' is set on object 'Object Repository/RecAndPlayBk/Page-Vlink-Sale/input_Category_category'

2024-05-15 23:44:43 - [TEST_STEP][PASSED] - setText(findTestObject("Object Repository/RecAndPlayBk/Page-Vlink-Sale/input_Amount_amount"), amount): Text '10.5' is set on object 'Object Repository/RecAndPlayBk/Page-Vlink-Sale/input_Amount_amount'

2024-05-15 23:44:44 - [MESSAGE][PASSED] - Text '10.5' is set on object 'Object Repository/RecAndPlayBk/Page-Vlink-Sale/input_Amount_amount'

2024-05-15 23:44:44 - [TEST_STEP][PASSED] - doubleClick(findTestObject("Object Repository/RecAndPlayBk/Page-Vlink-Sale/input_Card number_card_number")): Object: 'Object Repository/RecAndPlayBk/Page-Vlink-Sale/input_Card number_card_number' is double clicked on

2024-05-15 23:44:44 - [MESSAGE][PASSED] - Object: 'Object Repository/RecAndPlayBk/Page-Vlink-Sale/input_Card number_card_number' is double clicked on

2024-05-15 23:44:44 - [TEST_STEP][PASSED] - setText(findTestObject("Object Repository/RecAndPlayBk/Page-Vlink-Sale/input_Card number_card_number"), cardNumber): Text '370000000000002' is set on object 'Object Repository/RecAndPlayBk/Page-Vlink-Sale/input_Card number_card_number'

2024-05-15 23:44:45 - [MESSAGE][PASSED] - Text '370000000000002' is set on object 'Object Repository/RecAndPlayBk/Page-Vlink-Sale/input_Card number_card_number'

2024-05-15 23:44:45 - [TEST_STEP][PASSED] - setText(findTestObject("Object Repository/RecAndPlayBk/Page-Vlink-Sale/input_Card ex month_card_exmo"), exM): Text '12' is set on object 'Object Repository/RecAndPlayBk/Page-Vlink-Sale/input_Card ex month_card_exmo'

2024-05-15 23:44:45 - [MESSAGE][PASSED] - Text '12' is set on object 'Object Repository/RecAndPlayBk/Page-Vlink-Sale/input_Card ex month_card_exmo'

2024-05-15 23:44:45 - [TEST_STEP][PASSED] - setText(findTestObject("Object Repository/RecAndPlayBk/Page-Vlink-Sale/input_Card ex year_card_exyr"), exY): Text '2029' is set on object 'Object Repository/RecAndPlayBk/Page-Vlink-Sale/input_Card ex year_card_exyr'

2024-05-15 23:44:46 - [MESSAGE][PASSED] - Text '2029' is set on object 'Object Repository/RecAndPlayBk/Page-Vlink-Sale/input_Card ex year_card_exyr'

2024-05-15 23:44:46 - [TEST_STEP][PASSED] - click(findTestObject("Object Repository/RecAndPlayBk/Page-Vlink-Sale/input_Track Data_track_data")): Object: 'Object Repository/RecAndPlayBk/Page-Vlink-Sale/input_Track Data_track_data' is clicked on

2024-05-15 23:44:46 - [MESSAGE][PASSED] - Object: 'Object Repository/RecAndPlayBk/Page-Vlink-Sale/input_Track Data_track_data' is clicked on

2024-05-15 23:44:46 - [TEST_STEP][PASSED] - click(findTestObject("Object Repository/RecAndPlayBk/Page-Vlink-Sale/input_CVV state_cvv_state")): Object: 'Object Repository/RecAndPlayBk/Page-Vlink-Sale/input_CVV state_cvv_state' is clicked on

2024-05-15 23:44:47 - [MESSAGE][PASSED] - Object: 'Object Repository/RecAndPlayBk/Page-Vlink-Sale/input_CVV state_cvv_state' is clicked on

2024-05-15 23:44:47 - [TEST_STEP][PASSED] - setText(findTestObject("Object Repository/RecAndPlayBk/Page-Vlink-Sale/input_Track Data_track_data"), ""): Text '' is set on object 'Object Repository/RecAndPlayBk/Page-Vlink-Sale/input_Track Data_track_data'

2024-05-15 23:44:47 - [MESSAGE][PASSED] - Text '' is set on object 'Object Repository/RecAndPlayBk/Page-Vlink-Sale/input_Track Data_track_data'

2024-05-15 23:44:47 - [TEST_STEP][PASSED] - setText(findTestObject("Object Repository/RecAndPlayBk/Page-Vlink-Sale/input_concat(Cardholder, , s email)_email"), ""): Text '' is set on object 'Object Repository/RecAndPlayBk/Page-Vlink-Sale/input_concat(Cardholder, , s email)_email'

2024-05-15 23:44:48 - [MESSAGE][PASSED] - Text '' is set on object 'Object Repository/RecAndPlayBk/Page-Vlink-Sale/input_concat(Cardholder, , s email)_email'

2024-05-15 23:44:48 - [TEST_STEP][PASSED] - click(findTestObject("Object Repository/RecAndPlayBk/Page-Vlink-Sale/input_user_defined10_user_defined10")): Object: 'Object Repository/RecAndPlayBk/Page-Vlink-Sale/input_user_defined10_user_defined10' is clicked on

2024-05-15 23:44:48 - [MESSAGE][PASSED] - Object: 'Object Repository/RecAndPlayBk/Page-Vlink-Sale/input_user_defined10_user_defined10' is clicked on

2024-05-15 23:44:48 - [TEST_STEP][PASSED] - if (executionProfile.equalsIgnoreCase("QAProfile") || executionProfile.equalsIgnoreCase("DemoProfile")): null

2024-05-15 23:44:48 - [TEST_STEP][PASSED] - click(findTestObject("Object Repository/RecAndPlayBk/Page-Vlink-Sale/input")): Object: 'Object Repository/RecAndPlayBk/Page-Vlink-Sale/input' is clicked on

2024-05-15 23:44:50 - [MESSAGE][PASSED] - Object: 'Object Repository/RecAndPlayBk/Page-Vlink-Sale/input' is clicked on

2024-05-15 23:44:50 - [TEST_STEP][PASSED] - if (verifyTextPresent("Transaction approved, no errors", true)): null

2024-05-15 23:44:50 - [MESSAGE][PASSED] - Text 'Transaction approved, no errors' is present on page  using regular expression

2024-05-15 23:44:50 - [TEST_STEP][PASSED] - println("Transaction Approved, no errors text is present on the Confirmation page"): null

2024-05-15 23:44:50 - [TEST_STEP][PASSED] - sdfo = getText(findTestObject("Object Repository/Page_VLinkReceipt/pre_STX")): Text of object 'Object Repository/Page_VLinkReceipt/pre_STX' is: '<STX>Rfv6X8LBAy2r                  12151633            0  Transaction approved, no errors                   0                                                                                  Y 703641728<ETX>'

2024-05-15 23:44:50 - [MESSAGE][PASSED] - Text of object 'Object Repository/Page_VLinkReceipt/pre_STX' is: '<STX>Rfv6X8LBAy2r                  12151633            0  Transaction approved, no errors                   0                                                                                  Y 703641728<ETX>'

2024-05-15 23:44:50 - [TEST_STEP][PASSED] - out.println("sdfo: " + sdfo): null

2024-05-15 23:44:50 - [TEST_STEP][PASSED] - remID = substring(5, 35).trim(): null

2024-05-15 23:44:50 - [TEST_STEP][PASSED] - out.println("remID: " + remID): null

2024-05-15 23:44:50 - [TEST_STEP][PASSED] - traxID = substring(35, 55).trim(): null

2024-05-15 23:44:50 - [TEST_STEP][PASSED] - out.println("traxID: " + traxID): null

2024-05-15 23:44:50 - [TEST_STEP][PASSED] - VLinkSaleRemID = remID: null

2024-05-15 23:44:50 - [TEST_STEP][PASSED] - VLinkSaleTranxID = traxID: null

2024-05-15 23:44:50 - [TEST_STEP][PASSED] - openBrowser(VLinkURL + "CC_void.html"): Browser is opened with url: 'https://dev-algorithm.govolution.com/vlinktest/QA2/version_2_0/CC_void.html'

2024-05-15 23:44:50 - [MESSAGE][WARNING] - A browser is already opened. Closing browser and opening a new one

2024-05-15 23:44:52 - [MESSAGE][INFO] - Starting 'Chrome' driver

2024-05-15 23:44:52 - [MESSAGE][INFO] - User set preference: ['acceptInsecureCerts', 'true']

2024-05-15 23:44:52 - [MESSAGE][INFO] - Action delay is set to 0 milliseconds

2024-05-15 23:44:54 - [MESSAGE][PASSED] - Browser is opened with url: 'https://dev-algorithm.govolution.com/vlinktest/QA2/version_2_0/CC_void.html'

2024-05-15 23:44:54 - [TEST_STEP][PASSED] - maximizeWindow(): Current window maximized

2024-05-15 23:44:54 - [MESSAGE][PASSED] - Current window maximized

2024-05-15 23:44:54 - [TEST_STEP][PASSED] - setText(findTestObject("Object Repository/RecAndPlayBk/Page-Vlink-CC-Void/txt_RemID"), VLinkSaleRemID): Text 'Rfv6X8LBAy2r' is set on object 'Object Repository/RecAndPlayBk/Page-Vlink-CC-Void/txt_RemID'

2024-05-15 23:44:55 - [MESSAGE][PASSED] - Text 'Rfv6X8LBAy2r' is set on object 'Object Repository/RecAndPlayBk/Page-Vlink-CC-Void/txt_RemID'

2024-05-15 23:44:55 - [TEST_STEP][PASSED] - setText(findTestObject("Object Repository/RecAndPlayBk/Page-Vlink-CC-Void/txt_ApplicationID"), appID): Text '234' is set on object 'Object Repository/RecAndPlayBk/Page-Vlink-CC-Void/txt_ApplicationID'

2024-05-15 23:44:55 - [MESSAGE][PASSED] - Text '234' is set on object 'Object Repository/RecAndPlayBk/Page-Vlink-CC-Void/txt_ApplicationID'

2024-05-15 23:44:55 - [TEST_STEP][PASSED] - setText(findTestObject("Object Repository/RecAndPlayBk/Page-Vlink-CC-Void/txt_Username"), username): Text 'username' is set on object 'Object Repository/RecAndPlayBk/Page-Vlink-CC-Void/txt_Username'

2024-05-15 23:44:56 - [MESSAGE][PASSED] - Text 'username' is set on object 'Object Repository/RecAndPlayBk/Page-Vlink-CC-Void/txt_Username'

2024-05-15 23:44:56 - [TEST_STEP][PASSED] - setText(findTestObject("Object Repository/RecAndPlayBk/Page-Vlink-CC-Void/txt_Password"), password): Text 'password' is set on object 'Object Repository/RecAndPlayBk/Page-Vlink-CC-Void/txt_Password'

2024-05-15 23:44:56 - [MESSAGE][PASSED] - Text 'password' is set on object 'Object Repository/RecAndPlayBk/Page-Vlink-CC-Void/txt_Password'

2024-05-15 23:44:56 - [TEST_STEP][PASSED] - setText(findTestObject("Object Repository/RecAndPlayBk/Page-Vlink-CC-Void/txt_TransactionID"), "-1"): Text '-1' is set on object 'Object Repository/RecAndPlayBk/Page-Vlink-CC-Void/txt_TransactionID'

2024-05-15 23:44:57 - [MESSAGE][PASSED] - Text '-1' is set on object 'Object Repository/RecAndPlayBk/Page-Vlink-CC-Void/txt_TransactionID'

2024-05-15 23:44:57 - [TEST_STEP][PASSED] - setText(findTestObject("Object Repository/RecAndPlayBk/Page-Vlink-CC-Void/txt_OriginalTransactionType"), "104"): Text '104' is set on object 'Object Repository/RecAndPlayBk/Page-Vlink-CC-Void/txt_OriginalTransactionType'

2024-05-15 23:44:58 - [MESSAGE][PASSED] - Text '104' is set on object 'Object Repository/RecAndPlayBk/Page-Vlink-CC-Void/txt_OriginalTransactionType'

2024-05-15 23:44:58 - [TEST_STEP][PASSED] - setText(findTestObject("Object Repository/RecAndPlayBk/Page-Vlink-CC-Void/txt_TrackData"), ""): Text '' is set on object 'Object Repository/RecAndPlayBk/Page-Vlink-CC-Void/txt_TrackData'

2024-05-15 23:44:58 - [MESSAGE][PASSED] - Text '' is set on object 'Object Repository/RecAndPlayBk/Page-Vlink-CC-Void/txt_TrackData'

2024-05-15 23:44:58 - [TEST_STEP][PASSED] - click(findTestObject("Object Repository/RecAndPlayBk/Page-Vlink-CC-Void/btn_ProcessVLinkTransaction")): Object: 'Object Repository/RecAndPlayBk/Page-Vlink-CC-Void/btn_ProcessVLinkTransaction' is clicked on

2024-05-15 23:44:59 - [MESSAGE][PASSED] - Object: 'Object Repository/RecAndPlayBk/Page-Vlink-CC-Void/btn_ProcessVLinkTransaction' is clicked on

2024-05-15 23:44:59 - [TEST_STEP][PASSED] - if (verifyTextPresent("Transaction approved, no errors", true)): null

2024-05-15 23:45:00 - [MESSAGE][PASSED] - Text 'Transaction approved, no errors' is present on page  using regular expression

2024-05-15 23:45:00 - [TEST_STEP][PASSED] - println("Transaction Approved, no errors text is present on the Confirmation page"): null

2024-05-15 23:45:00 - [TEST_STEP][PASSED] - out.println("Pass Record Number: " + row): null

2024-05-15 23:45:00 - [TEST_STEP][PASSED] - resText = "Pass": null

2024-05-15 23:45:00 - [TEST_STEP][PASSED] - pages.WriteExcel.demoKey(resText, datText, resColumn, datCloumn, fileLoc, nameSheet, row): pages.WriteExcel.demoKey is PASSED

2024-05-15 23:45:00 - [MESSAGE][PASSED] - pages.WriteExcel.demoKey is PASSED

2024-05-15 23:45:00 - [TEST_STEP][PASSED] - ExecuteTC = findTestData(dataFile).getValue("Execute", row): null

2024-05-15 23:45:00 - [TEST_STEP][PASSED] - out.println("Value of Execute is : " + ExecuteTC): null

2024-05-15 23:45:00 - [TEST_STEP][PASSED] - switch (executionProfile): null

2024-05-15 23:45:00 - [TEST_STEP][PASSED] - case "QA2Profile":: null

2024-05-15 23:45:00 - [TEST_STEP][PASSED] - appID = findTestData(dataFile).getValue("AppIDQA", row): null

2024-05-15 23:45:00 - [TEST_STEP][PASSED] - username = findTestData(dataFile).getValue("UsernameQA", row): null

2024-05-15 23:45:00 - [TEST_STEP][PASSED] - password = findTestData(dataFile).getValue("PasswordQA", row): null

2024-05-15 23:45:00 - [TEST_STEP][PASSED] - break: null

2024-05-15 23:45:00 - [TEST_STEP][PASSED] - if (ExecuteTC.equalsIgnoreCase("Y")): null

2024-05-15 23:45:00 - [TEST_STEP][PASSED] - out.println("Begin Record Number: " + row): null

2024-05-15 23:45:00 - [TEST_STEP][PASSED] - today = new java.util.Date(): null

2024-05-15 23:45:00 - [TEST_STEP][PASSED] - println(today): null

2024-05-15 23:45:00 - [TEST_STEP][PASSED] - datText = today: null

2024-05-15 23:45:00 - [TEST_STEP][PASSED] - category = findTestData(dataFile).getValue("Category", row): null

2024-05-15 23:45:00 - [TEST_STEP][PASSED] - amount = findTestData(dataFile).getValue("Amount", row): null

2024-05-15 23:45:00 - [TEST_STEP][PASSED] - cardNumber = findTestData(dataFile).getValue("CardNumber", row): null

2024-05-15 23:45:01 - [TEST_STEP][PASSED] - exM = findTestData(dataFile).getValue("ExM", row): null

2024-05-15 23:45:01 - [TEST_STEP][PASSED] - exY = findTestData(dataFile).getValue("ExY", row): null

2024-05-15 23:45:01 - [TEST_STEP][PASSED] - openBrowser(VLinkURL + "authcap.html"): Browser is opened with url: 'https://dev-algorithm.govolution.com/vlinktest/QA2/version_2_0/authcap.html'

2024-05-15 23:45:01 - [MESSAGE][WARNING] - A browser is already opened. Closing browser and opening a new one

2024-05-15 23:45:02 - [MESSAGE][INFO] - Starting 'Chrome' driver

2024-05-15 23:45:02 - [MESSAGE][INFO] - User set preference: ['acceptInsecureCerts', 'true']

2024-05-15 23:45:02 - [MESSAGE][INFO] - Action delay is set to 0 milliseconds

2024-05-15 23:45:04 - [MESSAGE][PASSED] - Browser is opened with url: 'https://dev-algorithm.govolution.com/vlinktest/QA2/version_2_0/authcap.html'

2024-05-15 23:45:04 - [TEST_STEP][PASSED] - maximizeWindow(): Current window maximized

2024-05-15 23:45:04 - [MESSAGE][PASSED] - Current window maximized

2024-05-15 23:45:04 - [TEST_STEP][PASSED] - maximizeWindow(): Current window maximized

2024-05-15 23:45:04 - [MESSAGE][PASSED] - Current window maximized

2024-05-15 23:45:04 - [TEST_STEP][PASSED] - genRemID = RandomStringUtils.random(12, true, true): null

2024-05-15 23:45:04 - [TEST_STEP][PASSED] - setText(findTestObject("Object Repository/RecAndPlayBk/Page-Vlink-Sale/input_Remittance Id_remittance_id"), genRemID): Text 'oKOyO0X3XfXa' is set on object 'Object Repository/RecAndPlayBk/Page-Vlink-Sale/input_Remittance Id_remittance_id'

2024-05-15 23:45:05 - [MESSAGE][PASSED] - Text 'oKOyO0X3XfXa' is set on object 'Object Repository/RecAndPlayBk/Page-Vlink-Sale/input_Remittance Id_remittance_id'

2024-05-15 23:45:05 - [TEST_STEP][PASSED] - setText(findTestObject("Object Repository/RecAndPlayBk/Page-Vlink-Sale/input_Application Id_application_id"), appID): Text '87' is set on object 'Object Repository/RecAndPlayBk/Page-Vlink-Sale/input_Application Id_application_id'

2024-05-15 23:45:06 - [MESSAGE][PASSED] - Text '87' is set on object 'Object Repository/RecAndPlayBk/Page-Vlink-Sale/input_Application Id_application_id'

2024-05-15 23:45:06 - [TEST_STEP][PASSED] - setText(findTestObject("Object Repository/RecAndPlayBk/Page-Vlink-Sale/input_Username_username"), username): Text 'username' is set on object 'Object Repository/RecAndPlayBk/Page-Vlink-Sale/input_Username_username'

2024-05-15 23:45:06 - [MESSAGE][PASSED] - Text 'username' is set on object 'Object Repository/RecAndPlayBk/Page-Vlink-Sale/input_Username_username'

2024-05-15 23:45:06 - [TEST_STEP][PASSED] - setText(findTestObject("Object Repository/RecAndPlayBk/Page-Vlink-Sale/input_Password_password"), password): Text 'password' is set on object 'Object Repository/RecAndPlayBk/Page-Vlink-Sale/input_Password_password'

2024-05-15 23:45:07 - [MESSAGE][PASSED] - Text 'password' is set on object 'Object Repository/RecAndPlayBk/Page-Vlink-Sale/input_Password_password'

2024-05-15 23:45:07 - [TEST_STEP][PASSED] - setText(findTestObject("Object Repository/RecAndPlayBk/Page-Vlink-Sale/input_Category_category"), category): Text 'ECOM' is set on object 'Object Repository/RecAndPlayBk/Page-Vlink-Sale/input_Category_category'

2024-05-15 23:45:08 - [MESSAGE][PASSED] - Text 'ECOM' is set on object 'Object Repository/RecAndPlayBk/Page-Vlink-Sale/input_Category_category'

2024-05-15 23:45:08 - [TEST_STEP][PASSED] - setText(findTestObject("Object Repository/RecAndPlayBk/Page-Vlink-Sale/input_Amount_amount"), amount): Text '10.5' is set on object 'Object Repository/RecAndPlayBk/Page-Vlink-Sale/input_Amount_amount'

2024-05-15 23:45:08 - [MESSAGE][PASSED] - Text '10.5' is set on object 'Object Repository/RecAndPlayBk/Page-Vlink-Sale/input_Amount_amount'

2024-05-15 23:45:08 - [TEST_STEP][PASSED] - doubleClick(findTestObject("Object Repository/RecAndPlayBk/Page-Vlink-Sale/input_Card number_card_number")): Object: 'Object Repository/RecAndPlayBk/Page-Vlink-Sale/input_Card number_card_number' is double clicked on

2024-05-15 23:45:09 - [MESSAGE][PASSED] - Object: 'Object Repository/RecAndPlayBk/Page-Vlink-Sale/input_Card number_card_number' is double clicked on

2024-05-15 23:45:09 - [TEST_STEP][PASSED] - setText(findTestObject("Object Repository/RecAndPlayBk/Page-Vlink-Sale/input_Card number_card_number"), cardNumber): Text '4012000098765439' is set on object 'Object Repository/RecAndPlayBk/Page-Vlink-Sale/input_Card number_card_number'

2024-05-15 23:45:09 - [MESSAGE][PASSED] - Text '4012000098765439' is set on object 'Object Repository/RecAndPlayBk/Page-Vlink-Sale/input_Card number_card_number'

2024-05-15 23:45:09 - [TEST_STEP][PASSED] - setText(findTestObject("Object Repository/RecAndPlayBk/Page-Vlink-Sale/input_Card ex month_card_exmo"), exM): Text '12' is set on object 'Object Repository/RecAndPlayBk/Page-Vlink-Sale/input_Card ex month_card_exmo'

2024-05-15 23:45:10 - [MESSAGE][PASSED] - Text '12' is set on object 'Object Repository/RecAndPlayBk/Page-Vlink-Sale/input_Card ex month_card_exmo'

2024-05-15 23:45:10 - [TEST_STEP][PASSED] - setText(findTestObject("Object Repository/RecAndPlayBk/Page-Vlink-Sale/input_Card ex year_card_exyr"), exY): Text '2029' is set on object 'Object Repository/RecAndPlayBk/Page-Vlink-Sale/input_Card ex year_card_exyr'

2024-05-15 23:45:11 - [MESSAGE][PASSED] - Text '2029' is set on object 'Object Repository/RecAndPlayBk/Page-Vlink-Sale/input_Card ex year_card_exyr'

2024-05-15 23:45:11 - [TEST_STEP][PASSED] - click(findTestObject("Object Repository/RecAndPlayBk/Page-Vlink-Sale/input_Track Data_track_data")): Object: 'Object Repository/RecAndPlayBk/Page-Vlink-Sale/input_Track Data_track_data' is clicked on

2024-05-15 23:45:11 - [MESSAGE][PASSED] - Object: 'Object Repository/RecAndPlayBk/Page-Vlink-Sale/input_Track Data_track_data' is clicked on

2024-05-15 23:45:11 - [TEST_STEP][PASSED] - click(findTestObject("Object Repository/RecAndPlayBk/Page-Vlink-Sale/input_CVV state_cvv_state")): Object: 'Object Repository/RecAndPlayBk/Page-Vlink-Sale/input_CVV state_cvv_state' is clicked on

2024-05-15 23:45:11 - [MESSAGE][PASSED] - Object: 'Object Repository/RecAndPlayBk/Page-Vlink-Sale/input_CVV state_cvv_state' is clicked on

2024-05-15 23:45:11 - [TEST_STEP][PASSED] - setText(findTestObject("Object Repository/RecAndPlayBk/Page-Vlink-Sale/input_Track Data_track_data"), ""): Text '' is set on object 'Object Repository/RecAndPlayBk/Page-Vlink-Sale/input_Track Data_track_data'

2024-05-15 23:45:12 - [MESSAGE][PASSED] - Text '' is set on object 'Object Repository/RecAndPlayBk/Page-Vlink-Sale/input_Track Data_track_data'

2024-05-15 23:45:12 - [TEST_STEP][PASSED] - setText(findTestObject("Object Repository/RecAndPlayBk/Page-Vlink-Sale/input_concat(Cardholder, , s email)_email"), ""): Text '' is set on object 'Object Repository/RecAndPlayBk/Page-Vlink-Sale/input_concat(Cardholder, , s email)_email'

2024-05-15 23:45:13 - [MESSAGE][PASSED] - Text '' is set on object 'Object Repository/RecAndPlayBk/Page-Vlink-Sale/input_concat(Cardholder, , s email)_email'

2024-05-15 23:45:13 - [TEST_STEP][PASSED] - click(findTestObject("Object Repository/RecAndPlayBk/Page-Vlink-Sale/input_user_defined10_user_defined10")): Object: 'Object Repository/RecAndPlayBk/Page-Vlink-Sale/input_user_defined10_user_defined10' is clicked on

2024-05-15 23:45:13 - [MESSAGE][PASSED] - Object: 'Object Repository/RecAndPlayBk/Page-Vlink-Sale/input_user_defined10_user_defined10' is clicked on

2024-05-15 23:45:13 - [TEST_STEP][PASSED] - if (executionProfile.equalsIgnoreCase("QAProfile") || executionProfile.equalsIgnoreCase("DemoProfile")): null

2024-05-15 23:45:13 - [TEST_STEP][PASSED] - click(findTestObject("Object Repository/RecAndPlayBk/Page-Vlink-Sale/input")): Object: 'Object Repository/RecAndPlayBk/Page-Vlink-Sale/input' is clicked on

2024-05-15 23:45:26 - [MESSAGE][PASSED] - Object: 'Object Repository/RecAndPlayBk/Page-Vlink-Sale/input' is clicked on

2024-05-15 23:45:26 - [TEST_STEP][PASSED] - if (verifyTextPresent("Transaction approved, no errors", true)): null

2024-05-15 23:45:26 - [MESSAGE][PASSED] - Text 'Transaction approved, no errors' is present on page  using regular expression

2024-05-15 23:45:26 - [TEST_STEP][PASSED] - println("Transaction Approved, no errors text is present on the Confirmation page"): null

2024-05-15 23:45:26 - [TEST_STEP][PASSED] - sdfo = getText(findTestObject("Object Repository/Page_VLinkReceipt/pre_STX")): Text of object 'Object Repository/Page_VLinkReceipt/pre_STX' is: '<STX>oKOyO0X3XfXa                  12151635            0  Transaction approved, no errors                   0                                                                                  N TAS437   <ETX>'

2024-05-15 23:45:26 - [MESSAGE][PASSED] - Text of object 'Object Repository/Page_VLinkReceipt/pre_STX' is: '<STX>oKOyO0X3XfXa                  12151635            0  Transaction approved, no errors                   0                                                                                  N TAS437   <ETX>'

2024-05-15 23:45:26 - [TEST_STEP][PASSED] - out.println("sdfo: " + sdfo): null

2024-05-15 23:45:26 - [TEST_STEP][PASSED] - remID = substring(5, 35).trim(): null

2024-05-15 23:45:26 - [TEST_STEP][PASSED] - out.println("remID: " + remID): null

2024-05-15 23:45:26 - [TEST_STEP][PASSED] - traxID = substring(35, 55).trim(): null

2024-05-15 23:45:26 - [TEST_STEP][PASSED] - out.println("traxID: " + traxID): null

2024-05-15 23:45:26 - [TEST_STEP][PASSED] - VLinkSaleRemID = remID: null

2024-05-15 23:45:26 - [TEST_STEP][PASSED] - VLinkSaleTranxID = traxID: null

2024-05-15 23:45:26 - [TEST_STEP][PASSED] - openBrowser(VLinkURL + "CC_void.html"): Browser is opened with url: 'https://dev-algorithm.govolution.com/vlinktest/QA2/version_2_0/CC_void.html'

2024-05-15 23:45:26 - [MESSAGE][WARNING] - A browser is already opened. Closing browser and opening a new one

2024-05-15 23:45:28 - [MESSAGE][INFO] - Starting 'Chrome' driver

2024-05-15 23:45:28 - [MESSAGE][INFO] - User set preference: ['acceptInsecureCerts', 'true']

2024-05-15 23:45:28 - [MESSAGE][INFO] - Action delay is set to 0 milliseconds

2024-05-15 23:45:29 - [MESSAGE][PASSED] - Browser is opened with url: 'https://dev-algorithm.govolution.com/vlinktest/QA2/version_2_0/CC_void.html'

2024-05-15 23:45:29 - [TEST_STEP][PASSED] - maximizeWindow(): Current window maximized

2024-05-15 23:45:30 - [MESSAGE][PASSED] - Current window maximized

2024-05-15 23:45:30 - [TEST_STEP][PASSED] - setText(findTestObject("Object Repository/RecAndPlayBk/Page-Vlink-CC-Void/txt_RemID"), VLinkSaleRemID): Text 'oKOyO0X3XfXa' is set on object 'Object Repository/RecAndPlayBk/Page-Vlink-CC-Void/txt_RemID'

2024-05-15 23:45:31 - [MESSAGE][PASSED] - Text 'oKOyO0X3XfXa' is set on object 'Object Repository/RecAndPlayBk/Page-Vlink-CC-Void/txt_RemID'

2024-05-15 23:45:31 - [TEST_STEP][PASSED] - setText(findTestObject("Object Repository/RecAndPlayBk/Page-Vlink-CC-Void/txt_ApplicationID"), appID): Text '87' is set on object 'Object Repository/RecAndPlayBk/Page-Vlink-CC-Void/txt_ApplicationID'

2024-05-15 23:45:31 - [MESSAGE][PASSED] - Text '87' is set on object 'Object Repository/RecAndPlayBk/Page-Vlink-CC-Void/txt_ApplicationID'

2024-05-15 23:45:31 - [TEST_STEP][PASSED] - setText(findTestObject("Object Repository/RecAndPlayBk/Page-Vlink-CC-Void/txt_Username"), username): Text 'username' is set on object 'Object Repository/RecAndPlayBk/Page-Vlink-CC-Void/txt_Username'

2024-05-15 23:45:32 - [MESSAGE][PASSED] - Text 'username' is set on object 'Object Repository/RecAndPlayBk/Page-Vlink-CC-Void/txt_Username'

2024-05-15 23:45:32 - [TEST_STEP][PASSED] - setText(findTestObject("Object Repository/RecAndPlayBk/Page-Vlink-CC-Void/txt_Password"), password): Text 'password' is set on object 'Object Repository/RecAndPlayBk/Page-Vlink-CC-Void/txt_Password'

2024-05-15 23:45:32 - [MESSAGE][PASSED] - Text 'password' is set on object 'Object Repository/RecAndPlayBk/Page-Vlink-CC-Void/txt_Password'

2024-05-15 23:45:32 - [TEST_STEP][PASSED] - setText(findTestObject("Object Repository/RecAndPlayBk/Page-Vlink-CC-Void/txt_TransactionID"), "-1"): Text '-1' is set on object 'Object Repository/RecAndPlayBk/Page-Vlink-CC-Void/txt_TransactionID'

2024-05-15 23:45:33 - [MESSAGE][PASSED] - Text '-1' is set on object 'Object Repository/RecAndPlayBk/Page-Vlink-CC-Void/txt_TransactionID'

2024-05-15 23:45:33 - [TEST_STEP][PASSED] - setText(findTestObject("Object Repository/RecAndPlayBk/Page-Vlink-CC-Void/txt_OriginalTransactionType"), "104"): Text '104' is set on object 'Object Repository/RecAndPlayBk/Page-Vlink-CC-Void/txt_OriginalTransactionType'

2024-05-15 23:45:34 - [MESSAGE][PASSED] - Text '104' is set on object 'Object Repository/RecAndPlayBk/Page-Vlink-CC-Void/txt_OriginalTransactionType'

2024-05-15 23:45:34 - [TEST_STEP][PASSED] - setText(findTestObject("Object Repository/RecAndPlayBk/Page-Vlink-CC-Void/txt_TrackData"), ""): Text '' is set on object 'Object Repository/RecAndPlayBk/Page-Vlink-CC-Void/txt_TrackData'

2024-05-15 23:45:34 - [MESSAGE][PASSED] - Text '' is set on object 'Object Repository/RecAndPlayBk/Page-Vlink-CC-Void/txt_TrackData'

2024-05-15 23:45:34 - [TEST_STEP][PASSED] - click(findTestObject("Object Repository/RecAndPlayBk/Page-Vlink-CC-Void/btn_ProcessVLinkTransaction")): Object: 'Object Repository/RecAndPlayBk/Page-Vlink-CC-Void/btn_ProcessVLinkTransaction' is clicked on

2024-05-15 23:45:37 - [MESSAGE][PASSED] - Object: 'Object Repository/RecAndPlayBk/Page-Vlink-CC-Void/btn_ProcessVLinkTransaction' is clicked on

2024-05-15 23:45:37 - [TEST_STEP][PASSED] - if (verifyTextPresent("Transaction approved, no errors", true)): null

2024-05-15 23:45:37 - [MESSAGE][PASSED] - Text 'Transaction approved, no errors' is present on page  using regular expression

2024-05-15 23:45:37 - [TEST_STEP][PASSED] - println("Transaction Approved, no errors text is present on the Confirmation page"): null

2024-05-15 23:45:37 - [TEST_STEP][PASSED] - out.println("Pass Record Number: " + row): null

2024-05-15 23:45:37 - [TEST_STEP][PASSED] - resText = "Pass": null

2024-05-15 23:45:37 - [TEST_STEP][PASSED] - pages.WriteExcel.demoKey(resText, datText, resColumn, datCloumn, fileLoc, nameSheet, row): pages.WriteExcel.demoKey is PASSED

2024-05-15 23:45:38 - [MESSAGE][PASSED] - pages.WriteExcel.demoKey is PASSED

2024-05-15 23:45:38 - [TEST_STEP][PASSED] - ExecuteTC = findTestData(dataFile).getValue("Execute", row): null

2024-05-15 23:45:38 - [TEST_STEP][PASSED] - out.println("Value of Execute is : " + ExecuteTC): null

2024-05-15 23:45:38 - [TEST_STEP][PASSED] - switch (executionProfile): null

2024-05-15 23:45:38 - [TEST_STEP][PASSED] - case "QA2Profile":: null

2024-05-15 23:45:38 - [TEST_STEP][PASSED] - appID = findTestData(dataFile).getValue("AppIDQA", row): null

2024-05-15 23:45:38 - [TEST_STEP][PASSED] - username = findTestData(dataFile).getValue("UsernameQA", row): null

2024-05-15 23:45:38 - [TEST_STEP][PASSED] - password = findTestData(dataFile).getValue("PasswordQA", row): null

2024-05-15 23:45:38 - [TEST_STEP][PASSED] - break: null

2024-05-15 23:45:38 - [TEST_STEP][PASSED] - if (ExecuteTC.equalsIgnoreCase("Y")): null

2024-05-15 23:45:38 - [TEST_STEP][PASSED] - out.println("Begin Record Number: " + row): null

2024-05-15 23:45:38 - [TEST_STEP][PASSED] - today = new java.util.Date(): null

2024-05-15 23:45:38 - [TEST_STEP][PASSED] - println(today): null

2024-05-15 23:45:38 - [TEST_STEP][PASSED] - datText = today: null

2024-05-15 23:45:38 - [TEST_STEP][PASSED] - category = findTestData(dataFile).getValue("Category", row): null

2024-05-15 23:45:38 - [TEST_STEP][PASSED] - amount = findTestData(dataFile).getValue("Amount", row): null

2024-05-15 23:45:38 - [TEST_STEP][PASSED] - cardNumber = findTestData(dataFile).getValue("CardNumber", row): null

2024-05-15 23:45:38 - [TEST_STEP][PASSED] - exM = findTestData(dataFile).getValue("ExM", row): null

2024-05-15 23:45:38 - [TEST_STEP][PASSED] - exY = findTestData(dataFile).getValue("ExY", row): null

2024-05-15 23:45:38 - [TEST_STEP][PASSED] - openBrowser(VLinkURL + "authcap.html"): Browser is opened with url: 'https://dev-algorithm.govolution.com/vlinktest/QA2/version_2_0/authcap.html'

2024-05-15 23:45:38 - [MESSAGE][WARNING] - A browser is already opened. Closing browser and opening a new one

2024-05-15 23:45:39 - [MESSAGE][INFO] - Starting 'Chrome' driver

2024-05-15 23:45:39 - [MESSAGE][INFO] - User set preference: ['acceptInsecureCerts', 'true']

2024-05-15 23:45:39 - [MESSAGE][INFO] - Action delay is set to 0 milliseconds

2024-05-15 23:45:42 - [MESSAGE][PASSED] - Browser is opened with url: 'https://dev-algorithm.govolution.com/vlinktest/QA2/version_2_0/authcap.html'

2024-05-15 23:45:42 - [TEST_STEP][PASSED] - maximizeWindow(): Current window maximized

2024-05-15 23:45:42 - [MESSAGE][PASSED] - Current window maximized

2024-05-15 23:45:42 - [TEST_STEP][PASSED] - maximizeWindow(): Current window maximized

2024-05-15 23:45:42 - [MESSAGE][PASSED] - Current window maximized

2024-05-15 23:45:42 - [TEST_STEP][PASSED] - genRemID = RandomStringUtils.random(12, true, true): null

2024-05-15 23:45:42 - [TEST_STEP][PASSED] - setText(findTestObject("Object Repository/RecAndPlayBk/Page-Vlink-Sale/input_Remittance Id_remittance_id"), genRemID): Text 'D2309XWU9sYC' is set on object 'Object Repository/RecAndPlayBk/Page-Vlink-Sale/input_Remittance Id_remittance_id'

2024-05-15 23:45:43 - [MESSAGE][PASSED] - Text 'D2309XWU9sYC' is set on object 'Object Repository/RecAndPlayBk/Page-Vlink-Sale/input_Remittance Id_remittance_id'

2024-05-15 23:45:43 - [TEST_STEP][PASSED] - setText(findTestObject("Object Repository/RecAndPlayBk/Page-Vlink-Sale/input_Application Id_application_id"), appID): Text '581' is set on object 'Object Repository/RecAndPlayBk/Page-Vlink-Sale/input_Application Id_application_id'

2024-05-15 23:45:43 - [MESSAGE][PASSED] - Text '581' is set on object 'Object Repository/RecAndPlayBk/Page-Vlink-Sale/input_Application Id_application_id'

2024-05-15 23:45:43 - [TEST_STEP][PASSED] - setText(findTestObject("Object Repository/RecAndPlayBk/Page-Vlink-Sale/input_Username_username"), username): Text 'usr581' is set on object 'Object Repository/RecAndPlayBk/Page-Vlink-Sale/input_Username_username'

2024-05-15 23:45:44 - [MESSAGE][PASSED] - Text 'usr581' is set on object 'Object Repository/RecAndPlayBk/Page-Vlink-Sale/input_Username_username'

2024-05-15 23:45:44 - [TEST_STEP][PASSED] - setText(findTestObject("Object Repository/RecAndPlayBk/Page-Vlink-Sale/input_Password_password"), password): Text 'pwd581' is set on object 'Object Repository/RecAndPlayBk/Page-Vlink-Sale/input_Password_password'

2024-05-15 23:45:44 - [MESSAGE][PASSED] - Text 'pwd581' is set on object 'Object Repository/RecAndPlayBk/Page-Vlink-Sale/input_Password_password'

2024-05-15 23:45:44 - [TEST_STEP][PASSED] - setText(findTestObject("Object Repository/RecAndPlayBk/Page-Vlink-Sale/input_Category_category"), category): Text 'ECOM' is set on object 'Object Repository/RecAndPlayBk/Page-Vlink-Sale/input_Category_category'

2024-05-15 23:45:45 - [MESSAGE][PASSED] - Text 'ECOM' is set on object 'Object Repository/RecAndPlayBk/Page-Vlink-Sale/input_Category_category'

2024-05-15 23:45:45 - [TEST_STEP][PASSED] - setText(findTestObject("Object Repository/RecAndPlayBk/Page-Vlink-Sale/input_Amount_amount"), amount): Text '10.5' is set on object 'Object Repository/RecAndPlayBk/Page-Vlink-Sale/input_Amount_amount'

2024-05-15 23:45:46 - [MESSAGE][PASSED] - Text '10.5' is set on object 'Object Repository/RecAndPlayBk/Page-Vlink-Sale/input_Amount_amount'

2024-05-15 23:45:46 - [TEST_STEP][PASSED] - doubleClick(findTestObject("Object Repository/RecAndPlayBk/Page-Vlink-Sale/input_Card number_card_number")): Object: 'Object Repository/RecAndPlayBk/Page-Vlink-Sale/input_Card number_card_number' is double clicked on

2024-05-15 23:45:46 - [MESSAGE][PASSED] - Object: 'Object Repository/RecAndPlayBk/Page-Vlink-Sale/input_Card number_card_number' is double clicked on

2024-05-15 23:45:46 - [TEST_STEP][PASSED] - setText(findTestObject("Object Repository/RecAndPlayBk/Page-Vlink-Sale/input_Card number_card_number"), cardNumber): Text '5146312200000035' is set on object 'Object Repository/RecAndPlayBk/Page-Vlink-Sale/input_Card number_card_number'

2024-05-15 23:45:47 - [MESSAGE][PASSED] - Text '5146312200000035' is set on object 'Object Repository/RecAndPlayBk/Page-Vlink-Sale/input_Card number_card_number'

2024-05-15 23:45:47 - [TEST_STEP][PASSED] - setText(findTestObject("Object Repository/RecAndPlayBk/Page-Vlink-Sale/input_Card ex month_card_exmo"), exM): Text '12' is set on object 'Object Repository/RecAndPlayBk/Page-Vlink-Sale/input_Card ex month_card_exmo'

2024-05-15 23:45:47 - [MESSAGE][PASSED] - Text '12' is set on object 'Object Repository/RecAndPlayBk/Page-Vlink-Sale/input_Card ex month_card_exmo'

2024-05-15 23:45:47 - [TEST_STEP][PASSED] - setText(findTestObject("Object Repository/RecAndPlayBk/Page-Vlink-Sale/input_Card ex year_card_exyr"), exY): Text '2029' is set on object 'Object Repository/RecAndPlayBk/Page-Vlink-Sale/input_Card ex year_card_exyr'

2024-05-15 23:45:48 - [MESSAGE][PASSED] - Text '2029' is set on object 'Object Repository/RecAndPlayBk/Page-Vlink-Sale/input_Card ex year_card_exyr'

2024-05-15 23:45:48 - [TEST_STEP][PASSED] - click(findTestObject("Object Repository/RecAndPlayBk/Page-Vlink-Sale/input_Track Data_track_data")): Object: 'Object Repository/RecAndPlayBk/Page-Vlink-Sale/input_Track Data_track_data' is clicked on

2024-05-15 23:45:48 - [MESSAGE][PASSED] - Object: 'Object Repository/RecAndPlayBk/Page-Vlink-Sale/input_Track Data_track_data' is clicked on

2024-05-15 23:45:48 - [TEST_STEP][PASSED] - click(findTestObject("Object Repository/RecAndPlayBk/Page-Vlink-Sale/input_CVV state_cvv_state")): Object: 'Object Repository/RecAndPlayBk/Page-Vlink-Sale/input_CVV state_cvv_state' is clicked on

2024-05-15 23:45:49 - [MESSAGE][PASSED] - Object: 'Object Repository/RecAndPlayBk/Page-Vlink-Sale/input_CVV state_cvv_state' is clicked on

2024-05-15 23:45:49 - [TEST_STEP][PASSED] - setText(findTestObject("Object Repository/RecAndPlayBk/Page-Vlink-Sale/input_Track Data_track_data"), ""): Text '' is set on object 'Object Repository/RecAndPlayBk/Page-Vlink-Sale/input_Track Data_track_data'

2024-05-15 23:45:49 - [MESSAGE][PASSED] - Text '' is set on object 'Object Repository/RecAndPlayBk/Page-Vlink-Sale/input_Track Data_track_data'

2024-05-15 23:45:49 - [TEST_STEP][PASSED] - setText(findTestObject("Object Repository/RecAndPlayBk/Page-Vlink-Sale/input_concat(Cardholder, , s email)_email"), ""): Text '' is set on object 'Object Repository/RecAndPlayBk/Page-Vlink-Sale/input_concat(Cardholder, , s email)_email'

2024-05-15 23:45:50 - [MESSAGE][PASSED] - Text '' is set on object 'Object Repository/RecAndPlayBk/Page-Vlink-Sale/input_concat(Cardholder, , s email)_email'

2024-05-15 23:45:50 - [TEST_STEP][PASSED] - click(findTestObject("Object Repository/RecAndPlayBk/Page-Vlink-Sale/input_user_defined10_user_defined10")): Object: 'Object Repository/RecAndPlayBk/Page-Vlink-Sale/input_user_defined10_user_defined10' is clicked on

2024-05-15 23:45:50 - [MESSAGE][PASSED] - Object: 'Object Repository/RecAndPlayBk/Page-Vlink-Sale/input_user_defined10_user_defined10' is clicked on

2024-05-15 23:45:50 - [TEST_STEP][PASSED] - if (executionProfile.equalsIgnoreCase("QAProfile") || executionProfile.equalsIgnoreCase("DemoProfile")): null

2024-05-15 23:45:50 - [TEST_STEP][PASSED] - click(findTestObject("Object Repository/RecAndPlayBk/Page-Vlink-Sale/input")): Object: 'Object Repository/RecAndPlayBk/Page-Vlink-Sale/input' is clicked on

2024-05-15 23:45:52 - [MESSAGE][PASSED] - Object: 'Object Repository/RecAndPlayBk/Page-Vlink-Sale/input' is clicked on

2024-05-15 23:45:52 - [TEST_STEP][PASSED] - if (verifyTextPresent("Transaction approved, no errors", true)): null

2024-05-15 23:45:52 - [MESSAGE][PASSED] - Text 'Transaction approved, no errors' is present on page  using regular expression

2024-05-15 23:45:52 - [TEST_STEP][PASSED] - println("Transaction Approved, no errors text is present on the Confirmation page"): null

2024-05-15 23:45:52 - [TEST_STEP][PASSED] - sdfo = getText(findTestObject("Object Repository/Page_VLinkReceipt/pre_STX")): Text of object 'Object Repository/Page_VLinkReceipt/pre_STX' is: '<STX>D2309XWU9sYC                  12151637            0  Transaction approved, no errors                   0                                                                                  YP015847   <ETX>'

2024-05-15 23:45:52 - [MESSAGE][PASSED] - Text of object 'Object Repository/Page_VLinkReceipt/pre_STX' is: '<STX>D2309XWU9sYC                  12151637            0  Transaction approved, no errors                   0                                                                                  YP015847   <ETX>'

2024-05-15 23:45:52 - [TEST_STEP][PASSED] - out.println("sdfo: " + sdfo): null

2024-05-15 23:45:52 - [TEST_STEP][PASSED] - remID = substring(5, 35).trim(): null

2024-05-15 23:45:52 - [TEST_STEP][PASSED] - out.println("remID: " + remID): null

2024-05-15 23:45:52 - [TEST_STEP][PASSED] - traxID = substring(35, 55).trim(): null

2024-05-15 23:45:52 - [TEST_STEP][PASSED] - out.println("traxID: " + traxID): null

2024-05-15 23:45:52 - [TEST_STEP][PASSED] - VLinkSaleRemID = remID: null

2024-05-15 23:45:52 - [TEST_STEP][PASSED] - VLinkSaleTranxID = traxID: null

2024-05-15 23:45:52 - [TEST_STEP][PASSED] - openBrowser(VLinkURL + "CC_void.html"): Browser is opened with url: 'https://dev-algorithm.govolution.com/vlinktest/QA2/version_2_0/CC_void.html'

2024-05-15 23:45:52 - [MESSAGE][WARNING] - A browser is already opened. Closing browser and opening a new one

2024-05-15 23:45:54 - [MESSAGE][INFO] - Starting 'Chrome' driver

2024-05-15 23:45:54 - [MESSAGE][INFO] - User set preference: ['acceptInsecureCerts', 'true']

2024-05-15 23:45:54 - [MESSAGE][INFO] - Action delay is set to 0 milliseconds

2024-05-15 23:45:56 - [MESSAGE][PASSED] - Browser is opened with url: 'https://dev-algorithm.govolution.com/vlinktest/QA2/version_2_0/CC_void.html'

2024-05-15 23:45:56 - [TEST_STEP][PASSED] - maximizeWindow(): Current window maximized

2024-05-15 23:45:56 - [MESSAGE][PASSED] - Current window maximized

2024-05-15 23:45:56 - [TEST_STEP][PASSED] - setText(findTestObject("Object Repository/RecAndPlayBk/Page-Vlink-CC-Void/txt_RemID"), VLinkSaleRemID): Text 'D2309XWU9sYC' is set on object 'Object Repository/RecAndPlayBk/Page-Vlink-CC-Void/txt_RemID'

2024-05-15 23:45:57 - [MESSAGE][PASSED] - Text 'D2309XWU9sYC' is set on object 'Object Repository/RecAndPlayBk/Page-Vlink-CC-Void/txt_RemID'

2024-05-15 23:45:57 - [TEST_STEP][PASSED] - setText(findTestObject("Object Repository/RecAndPlayBk/Page-Vlink-CC-Void/txt_ApplicationID"), appID): Text '581' is set on object 'Object Repository/RecAndPlayBk/Page-Vlink-CC-Void/txt_ApplicationID'

2024-05-15 23:45:57 - [MESSAGE][PASSED] - Text '581' is set on object 'Object Repository/RecAndPlayBk/Page-Vlink-CC-Void/txt_ApplicationID'

2024-05-15 23:45:57 - [TEST_STEP][PASSED] - setText(findTestObject("Object Repository/RecAndPlayBk/Page-Vlink-CC-Void/txt_Username"), username): Text 'usr581' is set on object 'Object Repository/RecAndPlayBk/Page-Vlink-CC-Void/txt_Username'

2024-05-15 23:45:58 - [MESSAGE][PASSED] - Text 'usr581' is set on object 'Object Repository/RecAndPlayBk/Page-Vlink-CC-Void/txt_Username'

2024-05-15 23:45:58 - [TEST_STEP][PASSED] - setText(findTestObject("Object Repository/RecAndPlayBk/Page-Vlink-CC-Void/txt_Password"), password): Text 'pwd581' is set on object 'Object Repository/RecAndPlayBk/Page-Vlink-CC-Void/txt_Password'

2024-05-15 23:45:59 - [MESSAGE][PASSED] - Text 'pwd581' is set on object 'Object Repository/RecAndPlayBk/Page-Vlink-CC-Void/txt_Password'

2024-05-15 23:45:59 - [TEST_STEP][PASSED] - setText(findTestObject("Object Repository/RecAndPlayBk/Page-Vlink-CC-Void/txt_TransactionID"), "-1"): Text '-1' is set on object 'Object Repository/RecAndPlayBk/Page-Vlink-CC-Void/txt_TransactionID'

2024-05-15 23:45:59 - [MESSAGE][PASSED] - Text '-1' is set on object 'Object Repository/RecAndPlayBk/Page-Vlink-CC-Void/txt_TransactionID'

2024-05-15 23:45:59 - [TEST_STEP][PASSED] - setText(findTestObject("Object Repository/RecAndPlayBk/Page-Vlink-CC-Void/txt_OriginalTransactionType"), "104"): Text '104' is set on object 'Object Repository/RecAndPlayBk/Page-Vlink-CC-Void/txt_OriginalTransactionType'

2024-05-15 23:46:00 - [MESSAGE][PASSED] - Text '104' is set on object 'Object Repository/RecAndPlayBk/Page-Vlink-CC-Void/txt_OriginalTransactionType'

2024-05-15 23:46:00 - [TEST_STEP][PASSED] - setText(findTestObject("Object Repository/RecAndPlayBk/Page-Vlink-CC-Void/txt_TrackData"), ""): Text '' is set on object 'Object Repository/RecAndPlayBk/Page-Vlink-CC-Void/txt_TrackData'

2024-05-15 23:46:01 - [MESSAGE][PASSED] - Text '' is set on object 'Object Repository/RecAndPlayBk/Page-Vlink-CC-Void/txt_TrackData'

2024-05-15 23:46:01 - [TEST_STEP][PASSED] - click(findTestObject("Object Repository/RecAndPlayBk/Page-Vlink-CC-Void/btn_ProcessVLinkTransaction")): Object: 'Object Repository/RecAndPlayBk/Page-Vlink-CC-Void/btn_ProcessVLinkTransaction' is clicked on

2024-05-15 23:46:02 - [MESSAGE][PASSED] - Object: 'Object Repository/RecAndPlayBk/Page-Vlink-CC-Void/btn_ProcessVLinkTransaction' is clicked on

2024-05-15 23:46:02 - [TEST_STEP][PASSED] - if (verifyTextPresent("Transaction approved, no errors", true)): null

2024-05-15 23:46:02 - [MESSAGE][PASSED] - Text 'Transaction approved, no errors' is present on page  using regular expression

2024-05-15 23:46:02 - [TEST_STEP][PASSED] - println("Transaction Approved, no errors text is present on the Confirmation page"): null

2024-05-15 23:46:02 - [TEST_STEP][PASSED] - out.println("Pass Record Number: " + row): null

2024-05-15 23:46:02 - [TEST_STEP][PASSED] - resText = "Pass": null

2024-05-15 23:46:02 - [TEST_STEP][PASSED] - pages.WriteExcel.demoKey(resText, datText, resColumn, datCloumn, fileLoc, nameSheet, row): pages.WriteExcel.demoKey is PASSED

2024-05-15 23:46:02 - [MESSAGE][PASSED] - pages.WriteExcel.demoKey is PASSED]]></system-out>
         <system-err><![CDATA[]]></system-err>
      </testcase>
      <testcase name="Test Cases/RecAndPlayBk/VLink/Sale-Credit-Void" time="214.934" classname="Test Cases/RecAndPlayBk/VLink/Sale-Credit-Void" status="PASSED">
         <system-out><![CDATA[2024-05-15 23:46:02 - [TEST_CASE][PASSED] - Test Cases/RecAndPlayBk/VLink/Sale-Credit-Void: Test Cases/RecAndPlayBk/VLink/Sale-Credit-Void

2024-05-15 23:46:03 - [TEST_STEP][PASSED] - executionProfile = getExecutionProfile(): null

2024-05-15 23:46:03 - [TEST_STEP][PASSED] - out.println("executionProfile : " + executionProfile): null

2024-05-15 23:46:03 - [TEST_STEP][PASSED] - appName = <not implemented yet for class: org.codehaus.groovy.ast.expr.EmptyExpression>: null

2024-05-15 23:46:03 - [TEST_STEP][PASSED] - appID = <not implemented yet for class: org.codehaus.groovy.ast.expr.EmptyExpression>: null

2024-05-15 23:46:03 - [TEST_STEP][PASSED] - username = <not implemented yet for class: org.codehaus.groovy.ast.expr.EmptyExpression>: null

2024-05-15 23:46:03 - [TEST_STEP][PASSED] - password = <not implemented yet for class: org.codehaus.groovy.ast.expr.EmptyExpression>: null

2024-05-15 23:46:03 - [TEST_STEP][PASSED] - cardNameV = <not implemented yet for class: org.codehaus.groovy.ast.expr.EmptyExpression>: null

2024-05-15 23:46:03 - [TEST_STEP][PASSED] - al1V = <not implemented yet for class: org.codehaus.groovy.ast.expr.EmptyExpression>: null

2024-05-15 23:46:03 - [TEST_STEP][PASSED] - al2V = <not implemented yet for class: org.codehaus.groovy.ast.expr.EmptyExpression>: null

2024-05-15 23:46:03 - [TEST_STEP][PASSED] - zipV = <not implemented yet for class: org.codehaus.groovy.ast.expr.EmptyExpression>: null

2024-05-15 23:46:03 - [TEST_STEP][PASSED] - cardTypeV = <not implemented yet for class: org.codehaus.groovy.ast.expr.EmptyExpression>: null

2024-05-15 23:46:03 - [TEST_STEP][PASSED] - last4V = <not implemented yet for class: org.codehaus.groovy.ast.expr.EmptyExpression>: null

2024-05-15 23:46:03 - [TEST_STEP][PASSED] - resText = "Fail": null

2024-05-15 23:46:03 - [TEST_STEP][PASSED] - resColumn = "Result": null

2024-05-15 23:46:03 - [TEST_STEP][PASSED] - datCloumn = "Date": null

2024-05-15 23:46:03 - [TEST_STEP][PASSED] - fileLoc = "KatalonData/VLinkSmokeData.xlsx": null

2024-05-15 23:46:03 - [TEST_STEP][PASSED] - numOfRows = <not implemented yet for class: org.codehaus.groovy.ast.expr.EmptyExpression>: null

2024-05-15 23:46:03 - [TEST_STEP][PASSED] - dataFile = <not implemented yet for class: org.codehaus.groovy.ast.expr.EmptyExpression>: null

2024-05-15 23:46:03 - [TEST_STEP][PASSED] - nameSheet = <not implemented yet for class: org.codehaus.groovy.ast.expr.EmptyExpression>: null

2024-05-15 23:46:03 - [TEST_STEP][PASSED] - nameSheet = "Sale-Credit-Void": null

2024-05-15 23:46:03 - [TEST_STEP][PASSED] - numOfRows = findTestData("QA/VLinkTestData/VLinkSaleCreditVoidData").getRowNumbers(): null

2024-05-15 23:46:03 - [TEST_STEP][PASSED] - println("Number of Records: " + numOfRows): null

2024-05-15 23:46:03 - [TEST_STEP][PASSED] - dataFile = "QA/VLinkTestData/VLinkSaleCreditVoidData": null

2024-05-15 23:46:03 - [TEST_STEP][PASSED] - for ([row = 1, row <= numOfRows, (row++)]): null

2024-05-15 23:46:03 - [TEST_STEP][PASSED] - ExecuteTC = findTestData(dataFile).getValue("Execute", row): null

2024-05-15 23:46:03 - [TEST_STEP][PASSED] - out.println("Value of Execute is : " + ExecuteTC): null

2024-05-15 23:46:03 - [TEST_STEP][PASSED] - switch (executionProfile): null

2024-05-15 23:46:03 - [TEST_STEP][PASSED] - case "QA2Profile":: null

2024-05-15 23:46:03 - [TEST_STEP][PASSED] - appID = findTestData(dataFile).getValue("AppIDQA", row): null

2024-05-15 23:46:03 - [TEST_STEP][PASSED] - username = findTestData(dataFile).getValue("UsernameQA", row): null

2024-05-15 23:46:03 - [TEST_STEP][PASSED] - password = findTestData(dataFile).getValue("PasswordQA", row): null

2024-05-15 23:46:03 - [TEST_STEP][PASSED] - break: null

2024-05-15 23:46:03 - [TEST_STEP][PASSED] - if (ExecuteTC.equalsIgnoreCase("Y")): null

2024-05-15 23:46:03 - [TEST_STEP][PASSED] - out.println("Begin Record Number: " + row): null

2024-05-15 23:46:03 - [TEST_STEP][PASSED] - today = new java.util.Date(): null

2024-05-15 23:46:03 - [TEST_STEP][PASSED] - println(today): null

2024-05-15 23:46:03 - [TEST_STEP][PASSED] - datText = today: null

2024-05-15 23:46:03 - [TEST_STEP][PASSED] - category = findTestData(dataFile).getValue("Category", row): null

2024-05-15 23:46:03 - [TEST_STEP][PASSED] - amount = findTestData(dataFile).getValue("Amount", row): null

2024-05-15 23:46:04 - [TEST_STEP][PASSED] - cardNumber = findTestData(dataFile).getValue("CardNumber", row): null

2024-05-15 23:46:04 - [TEST_STEP][PASSED] - exM = findTestData(dataFile).getValue("ExM", row): null

2024-05-15 23:46:04 - [TEST_STEP][PASSED] - exY = findTestData(dataFile).getValue("ExY", row): null

2024-05-15 23:46:04 - [TEST_STEP][PASSED] - openBrowser(VLinkURL + "authcap.html"): Browser is opened with url: 'https://dev-algorithm.govolution.com/vlinktest/QA2/version_2_0/authcap.html'

2024-05-15 23:46:04 - [MESSAGE][WARNING] - A browser is already opened. Closing browser and opening a new one

2024-05-15 23:46:05 - [MESSAGE][INFO] - Starting 'Chrome' driver

2024-05-15 23:46:05 - [MESSAGE][INFO] - User set preference: ['acceptInsecureCerts', 'true']

2024-05-15 23:46:05 - [MESSAGE][INFO] - Action delay is set to 0 milliseconds

2024-05-15 23:46:07 - [MESSAGE][PASSED] - Browser is opened with url: 'https://dev-algorithm.govolution.com/vlinktest/QA2/version_2_0/authcap.html'

2024-05-15 23:46:07 - [TEST_STEP][PASSED] - maximizeWindow(): Current window maximized

2024-05-15 23:46:07 - [MESSAGE][PASSED] - Current window maximized

2024-05-15 23:46:07 - [TEST_STEP][PASSED] - maximizeWindow(): Current window maximized

2024-05-15 23:46:07 - [MESSAGE][PASSED] - Current window maximized

2024-05-15 23:46:07 - [TEST_STEP][PASSED] - genRemID = RandomStringUtils.random(12, true, true): null

2024-05-15 23:46:07 - [TEST_STEP][PASSED] - setText(findTestObject("Object Repository/RecAndPlayBk/Page-Vlink-Sale/input_Remittance Id_remittance_id"), genRemID): Text 'zIuDMBPkvBr8' is set on object 'Object Repository/RecAndPlayBk/Page-Vlink-Sale/input_Remittance Id_remittance_id'

2024-05-15 23:46:08 - [MESSAGE][PASSED] - Text 'zIuDMBPkvBr8' is set on object 'Object Repository/RecAndPlayBk/Page-Vlink-Sale/input_Remittance Id_remittance_id'

2024-05-15 23:46:08 - [TEST_STEP][PASSED] - setText(findTestObject("Object Repository/RecAndPlayBk/Page-Vlink-Sale/input_Application Id_application_id"), appID): Text '234' is set on object 'Object Repository/RecAndPlayBk/Page-Vlink-Sale/input_Application Id_application_id'

2024-05-15 23:46:09 - [MESSAGE][PASSED] - Text '234' is set on object 'Object Repository/RecAndPlayBk/Page-Vlink-Sale/input_Application Id_application_id'

2024-05-15 23:46:09 - [TEST_STEP][PASSED] - setText(findTestObject("Object Repository/RecAndPlayBk/Page-Vlink-Sale/input_Username_username"), username): Text 'username' is set on object 'Object Repository/RecAndPlayBk/Page-Vlink-Sale/input_Username_username'

2024-05-15 23:46:09 - [MESSAGE][PASSED] - Text 'username' is set on object 'Object Repository/RecAndPlayBk/Page-Vlink-Sale/input_Username_username'

2024-05-15 23:46:09 - [TEST_STEP][PASSED] - setText(findTestObject("Object Repository/RecAndPlayBk/Page-Vlink-Sale/input_Password_password"), password): Text 'password' is set on object 'Object Repository/RecAndPlayBk/Page-Vlink-Sale/input_Password_password'

2024-05-15 23:46:10 - [MESSAGE][PASSED] - Text 'password' is set on object 'Object Repository/RecAndPlayBk/Page-Vlink-Sale/input_Password_password'

2024-05-15 23:46:10 - [TEST_STEP][PASSED] - setText(findTestObject("Object Repository/RecAndPlayBk/Page-Vlink-Sale/input_Category_category"), category): Text 'ECOM' is set on object 'Object Repository/RecAndPlayBk/Page-Vlink-Sale/input_Category_category'

2024-05-15 23:46:11 - [MESSAGE][PASSED] - Text 'ECOM' is set on object 'Object Repository/RecAndPlayBk/Page-Vlink-Sale/input_Category_category'

2024-05-15 23:46:11 - [TEST_STEP][PASSED] - setText(findTestObject("Object Repository/RecAndPlayBk/Page-Vlink-Sale/input_Amount_amount"), amount): Text '10.5' is set on object 'Object Repository/RecAndPlayBk/Page-Vlink-Sale/input_Amount_amount'

2024-05-15 23:46:11 - [MESSAGE][PASSED] - Text '10.5' is set on object 'Object Repository/RecAndPlayBk/Page-Vlink-Sale/input_Amount_amount'

2024-05-15 23:46:11 - [TEST_STEP][PASSED] - doubleClick(findTestObject("Object Repository/RecAndPlayBk/Page-Vlink-Sale/input_Card number_card_number")): Object: 'Object Repository/RecAndPlayBk/Page-Vlink-Sale/input_Card number_card_number' is double clicked on

2024-05-15 23:46:12 - [MESSAGE][PASSED] - Object: 'Object Repository/RecAndPlayBk/Page-Vlink-Sale/input_Card number_card_number' is double clicked on

2024-05-15 23:46:12 - [TEST_STEP][PASSED] - setText(findTestObject("Object Repository/RecAndPlayBk/Page-Vlink-Sale/input_Card number_card_number"), cardNumber): Text '4111111111111111' is set on object 'Object Repository/RecAndPlayBk/Page-Vlink-Sale/input_Card number_card_number'

2024-05-15 23:46:12 - [MESSAGE][PASSED] - Text '4111111111111111' is set on object 'Object Repository/RecAndPlayBk/Page-Vlink-Sale/input_Card number_card_number'

2024-05-15 23:46:12 - [TEST_STEP][PASSED] - setText(findTestObject("Object Repository/RecAndPlayBk/Page-Vlink-Sale/input_Card ex month_card_exmo"), exM): Text '12' is set on object 'Object Repository/RecAndPlayBk/Page-Vlink-Sale/input_Card ex month_card_exmo'

2024-05-15 23:46:13 - [MESSAGE][PASSED] - Text '12' is set on object 'Object Repository/RecAndPlayBk/Page-Vlink-Sale/input_Card ex month_card_exmo'

2024-05-15 23:46:13 - [TEST_STEP][PASSED] - setText(findTestObject("Object Repository/RecAndPlayBk/Page-Vlink-Sale/input_Card ex year_card_exyr"), exY): Text '2029' is set on object 'Object Repository/RecAndPlayBk/Page-Vlink-Sale/input_Card ex year_card_exyr'

2024-05-15 23:46:14 - [MESSAGE][PASSED] - Text '2029' is set on object 'Object Repository/RecAndPlayBk/Page-Vlink-Sale/input_Card ex year_card_exyr'

2024-05-15 23:46:14 - [TEST_STEP][PASSED] - click(findTestObject("Object Repository/RecAndPlayBk/Page-Vlink-Sale/input_Track Data_track_data")): Object: 'Object Repository/RecAndPlayBk/Page-Vlink-Sale/input_Track Data_track_data' is clicked on

2024-05-15 23:46:14 - [MESSAGE][PASSED] - Object: 'Object Repository/RecAndPlayBk/Page-Vlink-Sale/input_Track Data_track_data' is clicked on

2024-05-15 23:46:14 - [TEST_STEP][PASSED] - click(findTestObject("Object Repository/RecAndPlayBk/Page-Vlink-Sale/input_CVV state_cvv_state")): Object: 'Object Repository/RecAndPlayBk/Page-Vlink-Sale/input_CVV state_cvv_state' is clicked on

2024-05-15 23:46:14 - [MESSAGE][PASSED] - Object: 'Object Repository/RecAndPlayBk/Page-Vlink-Sale/input_CVV state_cvv_state' is clicked on

2024-05-15 23:46:14 - [TEST_STEP][PASSED] - setText(findTestObject("Object Repository/RecAndPlayBk/Page-Vlink-Sale/input_Track Data_track_data"), ""): Text '' is set on object 'Object Repository/RecAndPlayBk/Page-Vlink-Sale/input_Track Data_track_data'

2024-05-15 23:46:15 - [MESSAGE][PASSED] - Text '' is set on object 'Object Repository/RecAndPlayBk/Page-Vlink-Sale/input_Track Data_track_data'

2024-05-15 23:46:15 - [TEST_STEP][PASSED] - setText(findTestObject("Object Repository/RecAndPlayBk/Page-Vlink-Sale/input_concat(Cardholder, , s email)_email"), ""): Text '' is set on object 'Object Repository/RecAndPlayBk/Page-Vlink-Sale/input_concat(Cardholder, , s email)_email'

2024-05-15 23:46:16 - [MESSAGE][PASSED] - Text '' is set on object 'Object Repository/RecAndPlayBk/Page-Vlink-Sale/input_concat(Cardholder, , s email)_email'

2024-05-15 23:46:16 - [TEST_STEP][PASSED] - click(findTestObject("Object Repository/RecAndPlayBk/Page-Vlink-Sale/input_user_defined10_user_defined10")): Object: 'Object Repository/RecAndPlayBk/Page-Vlink-Sale/input_user_defined10_user_defined10' is clicked on

2024-05-15 23:46:16 - [MESSAGE][PASSED] - Object: 'Object Repository/RecAndPlayBk/Page-Vlink-Sale/input_user_defined10_user_defined10' is clicked on

2024-05-15 23:46:16 - [TEST_STEP][PASSED] - if (executionProfile.equalsIgnoreCase("QAProfile") || executionProfile.equalsIgnoreCase("DemoProfile")): null

2024-05-15 23:46:16 - [TEST_STEP][PASSED] - click(findTestObject("Object Repository/RecAndPlayBk/Page-Vlink-Sale/input")): Object: 'Object Repository/RecAndPlayBk/Page-Vlink-Sale/input' is clicked on

2024-05-15 23:46:17 - [MESSAGE][PASSED] - Object: 'Object Repository/RecAndPlayBk/Page-Vlink-Sale/input' is clicked on

2024-05-15 23:46:17 - [TEST_STEP][PASSED] - if (verifyTextPresent("Transaction approved, no errors", true)): null

2024-05-15 23:46:18 - [MESSAGE][PASSED] - Text 'Transaction approved, no errors' is present on page  using regular expression

2024-05-15 23:46:18 - [TEST_STEP][PASSED] - println("Transaction Approved, no errors text is present on the Confirmation page"): null

2024-05-15 23:46:18 - [TEST_STEP][PASSED] - sdfo = getText(findTestObject("Object Repository/Page_VLinkReceipt/pre_STX")): Text of object 'Object Repository/Page_VLinkReceipt/pre_STX' is: '<STX>zIuDMBPkvBr8                  12151639            0  Transaction approved, no errors                   0                                                                                  Y 484305307<ETX>'

2024-05-15 23:46:18 - [MESSAGE][PASSED] - Text of object 'Object Repository/Page_VLinkReceipt/pre_STX' is: '<STX>zIuDMBPkvBr8                  12151639            0  Transaction approved, no errors                   0                                                                                  Y 484305307<ETX>'

2024-05-15 23:46:18 - [TEST_STEP][PASSED] - out.println("sdfo: " + sdfo): null

2024-05-15 23:46:18 - [TEST_STEP][PASSED] - remID = substring(5, 35).trim(): null

2024-05-15 23:46:18 - [TEST_STEP][PASSED] - out.println("remID: " + remID): null

2024-05-15 23:46:18 - [TEST_STEP][PASSED] - traxID = substring(35, 55).trim(): null

2024-05-15 23:46:18 - [TEST_STEP][PASSED] - out.println("traxID: " + traxID): null

2024-05-15 23:46:18 - [TEST_STEP][PASSED] - VLinkSaleRemID = remID: null

2024-05-15 23:46:18 - [TEST_STEP][PASSED] - VLinkSaleTranxID = traxID: null

2024-05-15 23:46:18 - [TEST_STEP][PASSED] - openBrowser(VLinkURL + "CC_credit.html"): Browser is opened with url: 'https://dev-algorithm.govolution.com/vlinktest/QA2/version_2_0/CC_credit.html'

2024-05-15 23:46:18 - [MESSAGE][WARNING] - A browser is already opened. Closing browser and opening a new one

2024-05-15 23:46:19 - [MESSAGE][INFO] - Starting 'Chrome' driver

2024-05-15 23:46:19 - [MESSAGE][INFO] - User set preference: ['acceptInsecureCerts', 'true']

2024-05-15 23:46:19 - [MESSAGE][INFO] - Action delay is set to 0 milliseconds

2024-05-15 23:46:21 - [MESSAGE][PASSED] - Browser is opened with url: 'https://dev-algorithm.govolution.com/vlinktest/QA2/version_2_0/CC_credit.html'

2024-05-15 23:46:21 - [TEST_STEP][PASSED] - maximizeWindow(): Current window maximized

2024-05-15 23:46:22 - [MESSAGE][PASSED] - Current window maximized

2024-05-15 23:46:22 - [TEST_STEP][PASSED] - setText(findTestObject("Object Repository/RecAndPlayBk/Page-Vlink-CC-Credit/input_Remittance Id"), VLinkSaleRemID): Text 'zIuDMBPkvBr8' is set on object 'Object Repository/RecAndPlayBk/Page-Vlink-CC-Credit/input_Remittance Id'

2024-05-15 23:46:22 - [MESSAGE][PASSED] - Text 'zIuDMBPkvBr8' is set on object 'Object Repository/RecAndPlayBk/Page-Vlink-CC-Credit/input_Remittance Id'

2024-05-15 23:46:22 - [TEST_STEP][PASSED] - setText(findTestObject("Object Repository/RecAndPlayBk/Page-Vlink-CC-Credit/input_Application Id"), appID): Text '234' is set on object 'Object Repository/RecAndPlayBk/Page-Vlink-CC-Credit/input_Application Id'

2024-05-15 23:46:23 - [MESSAGE][PASSED] - Text '234' is set on object 'Object Repository/RecAndPlayBk/Page-Vlink-CC-Credit/input_Application Id'

2024-05-15 23:46:23 - [TEST_STEP][PASSED] - setText(findTestObject("Object Repository/RecAndPlayBk/Page-Vlink-CC-Credit/input_Username"), username): Text 'username' is set on object 'Object Repository/RecAndPlayBk/Page-Vlink-CC-Credit/input_Username'

2024-05-15 23:46:24 - [MESSAGE][PASSED] - Text 'username' is set on object 'Object Repository/RecAndPlayBk/Page-Vlink-CC-Credit/input_Username'

2024-05-15 23:46:24 - [TEST_STEP][PASSED] - setText(findTestObject("Object Repository/RecAndPlayBk/Page-Vlink-CC-Credit/input_Password"), password): Text 'password' is set on object 'Object Repository/RecAndPlayBk/Page-Vlink-CC-Credit/input_Password'

2024-05-15 23:46:24 - [MESSAGE][PASSED] - Text 'password' is set on object 'Object Repository/RecAndPlayBk/Page-Vlink-CC-Credit/input_Password'

2024-05-15 23:46:24 - [TEST_STEP][PASSED] - setText(findTestObject("Object Repository/RecAndPlayBk/Page-Vlink-CC-Credit/input_Transaction ID"), VLinkSaleTranxID): Text '12151639' is set on object 'Object Repository/RecAndPlayBk/Page-Vlink-CC-Credit/input_Transaction ID'

2024-05-15 23:46:25 - [MESSAGE][PASSED] - Text '12151639' is set on object 'Object Repository/RecAndPlayBk/Page-Vlink-CC-Credit/input_Transaction ID'

2024-05-15 23:46:25 - [TEST_STEP][PASSED] - setText(findTestObject("Object Repository/RecAndPlayBk/Page-Vlink-CC-Credit/input_Amount"), amount): Text '10.5' is set on object 'Object Repository/RecAndPlayBk/Page-Vlink-CC-Credit/input_Amount'

2024-05-15 23:46:26 - [MESSAGE][PASSED] - Text '10.5' is set on object 'Object Repository/RecAndPlayBk/Page-Vlink-CC-Credit/input_Amount'

2024-05-15 23:46:26 - [TEST_STEP][PASSED] - setText(findTestObject("Object Repository/RecAndPlayBk/Page-Vlink-CC-Credit/input_Card number"), ""): Text '' is set on object 'Object Repository/RecAndPlayBk/Page-Vlink-CC-Credit/input_Card number'

2024-05-15 23:46:26 - [MESSAGE][PASSED] - Text '' is set on object 'Object Repository/RecAndPlayBk/Page-Vlink-CC-Credit/input_Card number'

2024-05-15 23:46:26 - [TEST_STEP][PASSED] - setText(findTestObject("Object Repository/RecAndPlayBk/Page-Vlink-CC-Credit/input_Card ex month"), ""): Text '' is set on object 'Object Repository/RecAndPlayBk/Page-Vlink-CC-Credit/input_Card ex month'

2024-05-15 23:46:27 - [MESSAGE][PASSED] - Text '' is set on object 'Object Repository/RecAndPlayBk/Page-Vlink-CC-Credit/input_Card ex month'

2024-05-15 23:46:27 - [TEST_STEP][PASSED] - setText(findTestObject("Object Repository/RecAndPlayBk/Page-Vlink-CC-Credit/input_Card ex year"), ""): Text '' is set on object 'Object Repository/RecAndPlayBk/Page-Vlink-CC-Credit/input_Card ex year'

2024-05-15 23:46:27 - [MESSAGE][PASSED] - Text '' is set on object 'Object Repository/RecAndPlayBk/Page-Vlink-CC-Credit/input_Card ex year'

2024-05-15 23:46:27 - [TEST_STEP][PASSED] - setText(findTestObject("Object Repository/RecAndPlayBk/Page-Vlink-CC-Credit/input_Track Data"), ""): Text '' is set on object 'Object Repository/RecAndPlayBk/Page-Vlink-CC-Credit/input_Track Data'

2024-05-15 23:46:28 - [MESSAGE][PASSED] - Text '' is set on object 'Object Repository/RecAndPlayBk/Page-Vlink-CC-Credit/input_Track Data'

2024-05-15 23:46:28 - [TEST_STEP][PASSED] - setText(findTestObject("Object Repository/RecAndPlayBk/Page-Vlink-CC-Credit/input_Category Code"), category): Text 'ECOM' is set on object 'Object Repository/RecAndPlayBk/Page-Vlink-CC-Credit/input_Category Code'

2024-05-15 23:46:29 - [MESSAGE][PASSED] - Text 'ECOM' is set on object 'Object Repository/RecAndPlayBk/Page-Vlink-CC-Credit/input_Category Code'

2024-05-15 23:46:29 - [TEST_STEP][PASSED] - click(findTestObject("Object Repository/RecAndPlayBk/Page-Vlink-CC-Credit/input")): Object: 'Object Repository/RecAndPlayBk/Page-Vlink-CC-Credit/input' is clicked on

2024-05-15 23:46:30 - [MESSAGE][PASSED] - Object: 'Object Repository/RecAndPlayBk/Page-Vlink-CC-Credit/input' is clicked on

2024-05-15 23:46:30 - [TEST_STEP][PASSED] - if (verifyTextPresent("Transaction approved, no errors", true)): null

2024-05-15 23:46:30 - [MESSAGE][PASSED] - Text 'Transaction approved, no errors' is present on page  using regular expression

2024-05-15 23:46:30 - [TEST_STEP][PASSED] - sdfo = getText(findTestObject("Object Repository/Page_VLinkReceipt/pre_STX")): Text of object 'Object Repository/Page_VLinkReceipt/pre_STX' is: '<STX>zIuDMBPkvBr8                  12151640            0  Transaction approved, no errors                   0                                                                                             <ETX>'

2024-05-15 23:46:30 - [MESSAGE][PASSED] - Text of object 'Object Repository/Page_VLinkReceipt/pre_STX' is: '<STX>zIuDMBPkvBr8                  12151640            0  Transaction approved, no errors                   0                                                                                             <ETX>'

2024-05-15 23:46:30 - [TEST_STEP][PASSED] - out.println("sdfo: " + sdfo): null

2024-05-15 23:46:30 - [TEST_STEP][PASSED] - remID = substring(5, 35).trim(): null

2024-05-15 23:46:30 - [TEST_STEP][PASSED] - out.println("remID: " + remID): null

2024-05-15 23:46:30 - [TEST_STEP][PASSED] - traxID = substring(35, 55).trim(): null

2024-05-15 23:46:30 - [TEST_STEP][PASSED] - out.println("traxID: " + traxID): null

2024-05-15 23:46:30 - [TEST_STEP][PASSED] - VLinkSaleRemID = remID: null

2024-05-15 23:46:30 - [TEST_STEP][PASSED] - VLinkSaleTranxID = traxID: null

2024-05-15 23:46:30 - [TEST_STEP][PASSED] - openBrowser(VLinkURL + "CC_void.html"): Browser is opened with url: 'https://dev-algorithm.govolution.com/vlinktest/QA2/version_2_0/CC_void.html'

2024-05-15 23:46:30 - [MESSAGE][WARNING] - A browser is already opened. Closing browser and opening a new one

2024-05-15 23:46:32 - [MESSAGE][INFO] - Starting 'Chrome' driver

2024-05-15 23:46:32 - [MESSAGE][INFO] - User set preference: ['acceptInsecureCerts', 'true']

2024-05-15 23:46:32 - [MESSAGE][INFO] - Action delay is set to 0 milliseconds

2024-05-15 23:46:34 - [MESSAGE][PASSED] - Browser is opened with url: 'https://dev-algorithm.govolution.com/vlinktest/QA2/version_2_0/CC_void.html'

2024-05-15 23:46:34 - [TEST_STEP][PASSED] - maximizeWindow(): Current window maximized

2024-05-15 23:46:34 - [MESSAGE][PASSED] - Current window maximized

2024-05-15 23:46:34 - [TEST_STEP][PASSED] - setText(findTestObject("Object Repository/RecAndPlayBk/Page-Vlink-CC-Void/txt_RemID"), VLinkSaleRemID): Text 'zIuDMBPkvBr8' is set on object 'Object Repository/RecAndPlayBk/Page-Vlink-CC-Void/txt_RemID'

2024-05-15 23:46:35 - [MESSAGE][PASSED] - Text 'zIuDMBPkvBr8' is set on object 'Object Repository/RecAndPlayBk/Page-Vlink-CC-Void/txt_RemID'

2024-05-15 23:46:35 - [TEST_STEP][PASSED] - setText(findTestObject("Object Repository/RecAndPlayBk/Page-Vlink-CC-Void/txt_ApplicationID"), appID): Text '234' is set on object 'Object Repository/RecAndPlayBk/Page-Vlink-CC-Void/txt_ApplicationID'

2024-05-15 23:46:35 - [MESSAGE][PASSED] - Text '234' is set on object 'Object Repository/RecAndPlayBk/Page-Vlink-CC-Void/txt_ApplicationID'

2024-05-15 23:46:35 - [TEST_STEP][PASSED] - setText(findTestObject("Object Repository/RecAndPlayBk/Page-Vlink-CC-Void/txt_Username"), username): Text 'username' is set on object 'Object Repository/RecAndPlayBk/Page-Vlink-CC-Void/txt_Username'

2024-05-15 23:46:36 - [MESSAGE][PASSED] - Text 'username' is set on object 'Object Repository/RecAndPlayBk/Page-Vlink-CC-Void/txt_Username'

2024-05-15 23:46:36 - [TEST_STEP][PASSED] - setText(findTestObject("Object Repository/RecAndPlayBk/Page-Vlink-CC-Void/txt_Password"), password): Text 'password' is set on object 'Object Repository/RecAndPlayBk/Page-Vlink-CC-Void/txt_Password'

2024-05-15 23:46:37 - [MESSAGE][PASSED] - Text 'password' is set on object 'Object Repository/RecAndPlayBk/Page-Vlink-CC-Void/txt_Password'

2024-05-15 23:46:37 - [TEST_STEP][PASSED] - setText(findTestObject("Object Repository/RecAndPlayBk/Page-Vlink-CC-Void/txt_TransactionID"), VLinkSaleTranxID): Text '12151640' is set on object 'Object Repository/RecAndPlayBk/Page-Vlink-CC-Void/txt_TransactionID'

2024-05-15 23:46:37 - [MESSAGE][PASSED] - Text '12151640' is set on object 'Object Repository/RecAndPlayBk/Page-Vlink-CC-Void/txt_TransactionID'

2024-05-15 23:46:37 - [TEST_STEP][PASSED] - setText(findTestObject("Object Repository/RecAndPlayBk/Page-Vlink-CC-Void/txt_OriginalTransactionType"), "104"): Text '104' is set on object 'Object Repository/RecAndPlayBk/Page-Vlink-CC-Void/txt_OriginalTransactionType'

2024-05-15 23:46:38 - [MESSAGE][PASSED] - Text '104' is set on object 'Object Repository/RecAndPlayBk/Page-Vlink-CC-Void/txt_OriginalTransactionType'

2024-05-15 23:46:38 - [TEST_STEP][PASSED] - setText(findTestObject("Object Repository/RecAndPlayBk/Page-Vlink-CC-Void/txt_TrackData"), ""): Text '' is set on object 'Object Repository/RecAndPlayBk/Page-Vlink-CC-Void/txt_TrackData'

2024-05-15 23:46:38 - [MESSAGE][PASSED] - Text '' is set on object 'Object Repository/RecAndPlayBk/Page-Vlink-CC-Void/txt_TrackData'

2024-05-15 23:46:38 - [TEST_STEP][PASSED] - click(findTestObject("Object Repository/RecAndPlayBk/Page-Vlink-CC-Void/btn_ProcessVLinkTransaction")): Object: 'Object Repository/RecAndPlayBk/Page-Vlink-CC-Void/btn_ProcessVLinkTransaction' is clicked on

2024-05-15 23:46:40 - [MESSAGE][PASSED] - Object: 'Object Repository/RecAndPlayBk/Page-Vlink-CC-Void/btn_ProcessVLinkTransaction' is clicked on

2024-05-15 23:46:40 - [TEST_STEP][PASSED] - if (verifyTextPresent("Transaction approved, no errors", true)): null

2024-05-15 23:46:40 - [MESSAGE][PASSED] - Text 'Transaction approved, no errors' is present on page  using regular expression

2024-05-15 23:46:40 - [TEST_STEP][PASSED] - println("Transaction Approved, no errors text is present on the Confirmation page"): null

2024-05-15 23:46:40 - [TEST_STEP][PASSED] - out.println("Pass Record Number: " + row): null

2024-05-15 23:46:40 - [TEST_STEP][PASSED] - resText = "Pass": null

2024-05-15 23:46:40 - [TEST_STEP][PASSED] - pages.WriteExcel.demoKey(resText, datText, resColumn, datCloumn, fileLoc, nameSheet, row): pages.WriteExcel.demoKey is PASSED

2024-05-15 23:46:40 - [MESSAGE][PASSED] - pages.WriteExcel.demoKey is PASSED

2024-05-15 23:46:40 - [TEST_STEP][PASSED] - ExecuteTC = findTestData(dataFile).getValue("Execute", row): null

2024-05-15 23:46:40 - [TEST_STEP][PASSED] - out.println("Value of Execute is : " + ExecuteTC): null

2024-05-15 23:46:40 - [TEST_STEP][PASSED] - switch (executionProfile): null

2024-05-15 23:46:40 - [TEST_STEP][PASSED] - case "QA2Profile":: null

2024-05-15 23:46:40 - [TEST_STEP][PASSED] - appID = findTestData(dataFile).getValue("AppIDQA", row): null

2024-05-15 23:46:40 - [TEST_STEP][PASSED] - username = findTestData(dataFile).getValue("UsernameQA", row): null

2024-05-15 23:46:40 - [TEST_STEP][PASSED] - password = findTestData(dataFile).getValue("PasswordQA", row): null

2024-05-15 23:46:40 - [TEST_STEP][PASSED] - break: null

2024-05-15 23:46:40 - [TEST_STEP][PASSED] - if (ExecuteTC.equalsIgnoreCase("Y")): null

2024-05-15 23:46:40 - [TEST_STEP][PASSED] - out.println("Begin Record Number: " + row): null

2024-05-15 23:46:40 - [TEST_STEP][PASSED] - today = new java.util.Date(): null

2024-05-15 23:46:40 - [TEST_STEP][PASSED] - println(today): null

2024-05-15 23:46:40 - [TEST_STEP][PASSED] - datText = today: null

2024-05-15 23:46:40 - [TEST_STEP][PASSED] - category = findTestData(dataFile).getValue("Category", row): null

2024-05-15 23:46:40 - [TEST_STEP][PASSED] - amount = findTestData(dataFile).getValue("Amount", row): null

2024-05-15 23:46:41 - [TEST_STEP][PASSED] - cardNumber = findTestData(dataFile).getValue("CardNumber", row): null

2024-05-15 23:46:41 - [TEST_STEP][PASSED] - exM = findTestData(dataFile).getValue("ExM", row): null

2024-05-15 23:46:41 - [TEST_STEP][PASSED] - exY = findTestData(dataFile).getValue("ExY", row): null

2024-05-15 23:46:41 - [TEST_STEP][PASSED] - openBrowser(VLinkURL + "authcap.html"): Browser is opened with url: 'https://dev-algorithm.govolution.com/vlinktest/QA2/version_2_0/authcap.html'

2024-05-15 23:46:41 - [MESSAGE][WARNING] - A browser is already opened. Closing browser and opening a new one

2024-05-15 23:46:42 - [MESSAGE][INFO] - Starting 'Chrome' driver

2024-05-15 23:46:42 - [MESSAGE][INFO] - User set preference: ['acceptInsecureCerts', 'true']

2024-05-15 23:46:42 - [MESSAGE][INFO] - Action delay is set to 0 milliseconds

2024-05-15 23:46:44 - [MESSAGE][PASSED] - Browser is opened with url: 'https://dev-algorithm.govolution.com/vlinktest/QA2/version_2_0/authcap.html'

2024-05-15 23:46:44 - [TEST_STEP][PASSED] - maximizeWindow(): Current window maximized

2024-05-15 23:46:44 - [MESSAGE][PASSED] - Current window maximized

2024-05-15 23:46:44 - [TEST_STEP][PASSED] - maximizeWindow(): Current window maximized

2024-05-15 23:46:44 - [MESSAGE][PASSED] - Current window maximized

2024-05-15 23:46:44 - [TEST_STEP][PASSED] - genRemID = RandomStringUtils.random(12, true, true): null

2024-05-15 23:46:44 - [TEST_STEP][PASSED] - setText(findTestObject("Object Repository/RecAndPlayBk/Page-Vlink-Sale/input_Remittance Id_remittance_id"), genRemID): Text 'Pubub1C9ddZ1' is set on object 'Object Repository/RecAndPlayBk/Page-Vlink-Sale/input_Remittance Id_remittance_id'

2024-05-15 23:46:45 - [MESSAGE][PASSED] - Text 'Pubub1C9ddZ1' is set on object 'Object Repository/RecAndPlayBk/Page-Vlink-Sale/input_Remittance Id_remittance_id'

2024-05-15 23:46:45 - [TEST_STEP][PASSED] - setText(findTestObject("Object Repository/RecAndPlayBk/Page-Vlink-Sale/input_Application Id_application_id"), appID): Text '234' is set on object 'Object Repository/RecAndPlayBk/Page-Vlink-Sale/input_Application Id_application_id'

2024-05-15 23:46:46 - [MESSAGE][PASSED] - Text '234' is set on object 'Object Repository/RecAndPlayBk/Page-Vlink-Sale/input_Application Id_application_id'

2024-05-15 23:46:46 - [TEST_STEP][PASSED] - setText(findTestObject("Object Repository/RecAndPlayBk/Page-Vlink-Sale/input_Username_username"), username): Text 'username' is set on object 'Object Repository/RecAndPlayBk/Page-Vlink-Sale/input_Username_username'

2024-05-15 23:46:46 - [MESSAGE][PASSED] - Text 'username' is set on object 'Object Repository/RecAndPlayBk/Page-Vlink-Sale/input_Username_username'

2024-05-15 23:46:46 - [TEST_STEP][PASSED] - setText(findTestObject("Object Repository/RecAndPlayBk/Page-Vlink-Sale/input_Password_password"), password): Text 'password' is set on object 'Object Repository/RecAndPlayBk/Page-Vlink-Sale/input_Password_password'

2024-05-15 23:46:47 - [MESSAGE][PASSED] - Text 'password' is set on object 'Object Repository/RecAndPlayBk/Page-Vlink-Sale/input_Password_password'

2024-05-15 23:46:47 - [TEST_STEP][PASSED] - setText(findTestObject("Object Repository/RecAndPlayBk/Page-Vlink-Sale/input_Category_category"), category): Text 'MOTO' is set on object 'Object Repository/RecAndPlayBk/Page-Vlink-Sale/input_Category_category'

2024-05-15 23:46:48 - [MESSAGE][PASSED] - Text 'MOTO' is set on object 'Object Repository/RecAndPlayBk/Page-Vlink-Sale/input_Category_category'

2024-05-15 23:46:48 - [TEST_STEP][PASSED] - setText(findTestObject("Object Repository/RecAndPlayBk/Page-Vlink-Sale/input_Amount_amount"), amount): Text '10.5' is set on object 'Object Repository/RecAndPlayBk/Page-Vlink-Sale/input_Amount_amount'

2024-05-15 23:46:48 - [MESSAGE][PASSED] - Text '10.5' is set on object 'Object Repository/RecAndPlayBk/Page-Vlink-Sale/input_Amount_amount'

2024-05-15 23:46:48 - [TEST_STEP][PASSED] - doubleClick(findTestObject("Object Repository/RecAndPlayBk/Page-Vlink-Sale/input_Card number_card_number")): Object: 'Object Repository/RecAndPlayBk/Page-Vlink-Sale/input_Card number_card_number' is double clicked on

2024-05-15 23:46:49 - [MESSAGE][PASSED] - Object: 'Object Repository/RecAndPlayBk/Page-Vlink-Sale/input_Card number_card_number' is double clicked on

2024-05-15 23:46:49 - [TEST_STEP][PASSED] - setText(findTestObject("Object Repository/RecAndPlayBk/Page-Vlink-Sale/input_Card number_card_number"), cardNumber): Text '5424000000000015' is set on object 'Object Repository/RecAndPlayBk/Page-Vlink-Sale/input_Card number_card_number'

2024-05-15 23:46:49 - [MESSAGE][PASSED] - Text '5424000000000015' is set on object 'Object Repository/RecAndPlayBk/Page-Vlink-Sale/input_Card number_card_number'

2024-05-15 23:46:49 - [TEST_STEP][PASSED] - setText(findTestObject("Object Repository/RecAndPlayBk/Page-Vlink-Sale/input_Card ex month_card_exmo"), exM): Text '12' is set on object 'Object Repository/RecAndPlayBk/Page-Vlink-Sale/input_Card ex month_card_exmo'

2024-05-15 23:46:50 - [MESSAGE][PASSED] - Text '12' is set on object 'Object Repository/RecAndPlayBk/Page-Vlink-Sale/input_Card ex month_card_exmo'

2024-05-15 23:46:50 - [TEST_STEP][PASSED] - setText(findTestObject("Object Repository/RecAndPlayBk/Page-Vlink-Sale/input_Card ex year_card_exyr"), exY): Text '2029' is set on object 'Object Repository/RecAndPlayBk/Page-Vlink-Sale/input_Card ex year_card_exyr'

2024-05-15 23:46:51 - [MESSAGE][PASSED] - Text '2029' is set on object 'Object Repository/RecAndPlayBk/Page-Vlink-Sale/input_Card ex year_card_exyr'

2024-05-15 23:46:51 - [TEST_STEP][PASSED] - click(findTestObject("Object Repository/RecAndPlayBk/Page-Vlink-Sale/input_Track Data_track_data")): Object: 'Object Repository/RecAndPlayBk/Page-Vlink-Sale/input_Track Data_track_data' is clicked on

2024-05-15 23:46:51 - [MESSAGE][PASSED] - Object: 'Object Repository/RecAndPlayBk/Page-Vlink-Sale/input_Track Data_track_data' is clicked on

2024-05-15 23:46:51 - [TEST_STEP][PASSED] - click(findTestObject("Object Repository/RecAndPlayBk/Page-Vlink-Sale/input_CVV state_cvv_state")): Object: 'Object Repository/RecAndPlayBk/Page-Vlink-Sale/input_CVV state_cvv_state' is clicked on

2024-05-15 23:46:51 - [MESSAGE][PASSED] - Object: 'Object Repository/RecAndPlayBk/Page-Vlink-Sale/input_CVV state_cvv_state' is clicked on

2024-05-15 23:46:51 - [TEST_STEP][PASSED] - setText(findTestObject("Object Repository/RecAndPlayBk/Page-Vlink-Sale/input_Track Data_track_data"), ""): Text '' is set on object 'Object Repository/RecAndPlayBk/Page-Vlink-Sale/input_Track Data_track_data'

2024-05-15 23:46:52 - [MESSAGE][PASSED] - Text '' is set on object 'Object Repository/RecAndPlayBk/Page-Vlink-Sale/input_Track Data_track_data'

2024-05-15 23:46:52 - [TEST_STEP][PASSED] - setText(findTestObject("Object Repository/RecAndPlayBk/Page-Vlink-Sale/input_concat(Cardholder, , s email)_email"), ""): Text '' is set on object 'Object Repository/RecAndPlayBk/Page-Vlink-Sale/input_concat(Cardholder, , s email)_email'

2024-05-15 23:46:53 - [MESSAGE][PASSED] - Text '' is set on object 'Object Repository/RecAndPlayBk/Page-Vlink-Sale/input_concat(Cardholder, , s email)_email'

2024-05-15 23:46:53 - [TEST_STEP][PASSED] - click(findTestObject("Object Repository/RecAndPlayBk/Page-Vlink-Sale/input_user_defined10_user_defined10")): Object: 'Object Repository/RecAndPlayBk/Page-Vlink-Sale/input_user_defined10_user_defined10' is clicked on

2024-05-15 23:46:53 - [MESSAGE][PASSED] - Object: 'Object Repository/RecAndPlayBk/Page-Vlink-Sale/input_user_defined10_user_defined10' is clicked on

2024-05-15 23:46:53 - [TEST_STEP][PASSED] - if (executionProfile.equalsIgnoreCase("QAProfile") || executionProfile.equalsIgnoreCase("DemoProfile")): null

2024-05-15 23:46:53 - [TEST_STEP][PASSED] - click(findTestObject("Object Repository/RecAndPlayBk/Page-Vlink-Sale/input")): Object: 'Object Repository/RecAndPlayBk/Page-Vlink-Sale/input' is clicked on

2024-05-15 23:46:54 - [MESSAGE][PASSED] - Object: 'Object Repository/RecAndPlayBk/Page-Vlink-Sale/input' is clicked on

2024-05-15 23:46:54 - [TEST_STEP][PASSED] - if (verifyTextPresent("Transaction approved, no errors", true)): null

2024-05-15 23:46:54 - [MESSAGE][PASSED] - Text 'Transaction approved, no errors' is present on page  using regular expression

2024-05-15 23:46:54 - [TEST_STEP][PASSED] - println("Transaction Approved, no errors text is present on the Confirmation page"): null

2024-05-15 23:46:54 - [TEST_STEP][PASSED] - sdfo = getText(findTestObject("Object Repository/Page_VLinkReceipt/pre_STX")): Text of object 'Object Repository/Page_VLinkReceipt/pre_STX' is: '<STX>Pubub1C9ddZ1                  12151642            0  Transaction approved, no errors                   0                                                                                  Y 765573224<ETX>'

2024-05-15 23:46:55 - [MESSAGE][PASSED] - Text of object 'Object Repository/Page_VLinkReceipt/pre_STX' is: '<STX>Pubub1C9ddZ1                  12151642            0  Transaction approved, no errors                   0                                                                                  Y 765573224<ETX>'

2024-05-15 23:46:55 - [TEST_STEP][PASSED] - out.println("sdfo: " + sdfo): null

2024-05-15 23:46:55 - [TEST_STEP][PASSED] - remID = substring(5, 35).trim(): null

2024-05-15 23:46:55 - [TEST_STEP][PASSED] - out.println("remID: " + remID): null

2024-05-15 23:46:55 - [TEST_STEP][PASSED] - traxID = substring(35, 55).trim(): null

2024-05-15 23:46:55 - [TEST_STEP][PASSED] - out.println("traxID: " + traxID): null

2024-05-15 23:46:55 - [TEST_STEP][PASSED] - VLinkSaleRemID = remID: null

2024-05-15 23:46:55 - [TEST_STEP][PASSED] - VLinkSaleTranxID = traxID: null

2024-05-15 23:46:55 - [TEST_STEP][PASSED] - openBrowser(VLinkURL + "CC_credit.html"): Browser is opened with url: 'https://dev-algorithm.govolution.com/vlinktest/QA2/version_2_0/CC_credit.html'

2024-05-15 23:46:55 - [MESSAGE][WARNING] - A browser is already opened. Closing browser and opening a new one

2024-05-15 23:46:56 - [MESSAGE][INFO] - Starting 'Chrome' driver

2024-05-15 23:46:56 - [MESSAGE][INFO] - User set preference: ['acceptInsecureCerts', 'true']

2024-05-15 23:46:56 - [MESSAGE][INFO] - Action delay is set to 0 milliseconds

2024-05-15 23:46:58 - [MESSAGE][PASSED] - Browser is opened with url: 'https://dev-algorithm.govolution.com/vlinktest/QA2/version_2_0/CC_credit.html'

2024-05-15 23:46:58 - [TEST_STEP][PASSED] - maximizeWindow(): Current window maximized

2024-05-15 23:46:58 - [MESSAGE][PASSED] - Current window maximized

2024-05-15 23:46:58 - [TEST_STEP][PASSED] - setText(findTestObject("Object Repository/RecAndPlayBk/Page-Vlink-CC-Credit/input_Remittance Id"), VLinkSaleRemID): Text 'Pubub1C9ddZ1' is set on object 'Object Repository/RecAndPlayBk/Page-Vlink-CC-Credit/input_Remittance Id'

2024-05-15 23:46:59 - [MESSAGE][PASSED] - Text 'Pubub1C9ddZ1' is set on object 'Object Repository/RecAndPlayBk/Page-Vlink-CC-Credit/input_Remittance Id'

2024-05-15 23:46:59 - [TEST_STEP][PASSED] - setText(findTestObject("Object Repository/RecAndPlayBk/Page-Vlink-CC-Credit/input_Application Id"), appID): Text '234' is set on object 'Object Repository/RecAndPlayBk/Page-Vlink-CC-Credit/input_Application Id'

2024-05-15 23:47:00 - [MESSAGE][PASSED] - Text '234' is set on object 'Object Repository/RecAndPlayBk/Page-Vlink-CC-Credit/input_Application Id'

2024-05-15 23:47:00 - [TEST_STEP][PASSED] - setText(findTestObject("Object Repository/RecAndPlayBk/Page-Vlink-CC-Credit/input_Username"), username): Text 'username' is set on object 'Object Repository/RecAndPlayBk/Page-Vlink-CC-Credit/input_Username'

2024-05-15 23:47:01 - [MESSAGE][PASSED] - Text 'username' is set on object 'Object Repository/RecAndPlayBk/Page-Vlink-CC-Credit/input_Username'

2024-05-15 23:47:01 - [TEST_STEP][PASSED] - setText(findTestObject("Object Repository/RecAndPlayBk/Page-Vlink-CC-Credit/input_Password"), password): Text 'password' is set on object 'Object Repository/RecAndPlayBk/Page-Vlink-CC-Credit/input_Password'

2024-05-15 23:47:01 - [MESSAGE][PASSED] - Text 'password' is set on object 'Object Repository/RecAndPlayBk/Page-Vlink-CC-Credit/input_Password'

2024-05-15 23:47:01 - [TEST_STEP][PASSED] - setText(findTestObject("Object Repository/RecAndPlayBk/Page-Vlink-CC-Credit/input_Transaction ID"), VLinkSaleTranxID): Text '12151642' is set on object 'Object Repository/RecAndPlayBk/Page-Vlink-CC-Credit/input_Transaction ID'

2024-05-15 23:47:02 - [MESSAGE][PASSED] - Text '12151642' is set on object 'Object Repository/RecAndPlayBk/Page-Vlink-CC-Credit/input_Transaction ID'

2024-05-15 23:47:02 - [TEST_STEP][PASSED] - setText(findTestObject("Object Repository/RecAndPlayBk/Page-Vlink-CC-Credit/input_Amount"), amount): Text '10.5' is set on object 'Object Repository/RecAndPlayBk/Page-Vlink-CC-Credit/input_Amount'

2024-05-15 23:47:02 - [MESSAGE][PASSED] - Text '10.5' is set on object 'Object Repository/RecAndPlayBk/Page-Vlink-CC-Credit/input_Amount'

2024-05-15 23:47:02 - [TEST_STEP][PASSED] - setText(findTestObject("Object Repository/RecAndPlayBk/Page-Vlink-CC-Credit/input_Card number"), ""): Text '' is set on object 'Object Repository/RecAndPlayBk/Page-Vlink-CC-Credit/input_Card number'

2024-05-15 23:47:03 - [MESSAGE][PASSED] - Text '' is set on object 'Object Repository/RecAndPlayBk/Page-Vlink-CC-Credit/input_Card number'

2024-05-15 23:47:03 - [TEST_STEP][PASSED] - setText(findTestObject("Object Repository/RecAndPlayBk/Page-Vlink-CC-Credit/input_Card ex month"), ""): Text '' is set on object 'Object Repository/RecAndPlayBk/Page-Vlink-CC-Credit/input_Card ex month'

2024-05-15 23:47:04 - [MESSAGE][PASSED] - Text '' is set on object 'Object Repository/RecAndPlayBk/Page-Vlink-CC-Credit/input_Card ex month'

2024-05-15 23:47:04 - [TEST_STEP][PASSED] - setText(findTestObject("Object Repository/RecAndPlayBk/Page-Vlink-CC-Credit/input_Card ex year"), ""): Text '' is set on object 'Object Repository/RecAndPlayBk/Page-Vlink-CC-Credit/input_Card ex year'

2024-05-15 23:47:04 - [MESSAGE][PASSED] - Text '' is set on object 'Object Repository/RecAndPlayBk/Page-Vlink-CC-Credit/input_Card ex year'

2024-05-15 23:47:04 - [TEST_STEP][PASSED] - setText(findTestObject("Object Repository/RecAndPlayBk/Page-Vlink-CC-Credit/input_Track Data"), ""): Text '' is set on object 'Object Repository/RecAndPlayBk/Page-Vlink-CC-Credit/input_Track Data'

2024-05-15 23:47:05 - [MESSAGE][PASSED] - Text '' is set on object 'Object Repository/RecAndPlayBk/Page-Vlink-CC-Credit/input_Track Data'

2024-05-15 23:47:05 - [TEST_STEP][PASSED] - setText(findTestObject("Object Repository/RecAndPlayBk/Page-Vlink-CC-Credit/input_Category Code"), category): Text 'MOTO' is set on object 'Object Repository/RecAndPlayBk/Page-Vlink-CC-Credit/input_Category Code'

2024-05-15 23:47:06 - [MESSAGE][PASSED] - Text 'MOTO' is set on object 'Object Repository/RecAndPlayBk/Page-Vlink-CC-Credit/input_Category Code'

2024-05-15 23:47:06 - [TEST_STEP][PASSED] - click(findTestObject("Object Repository/RecAndPlayBk/Page-Vlink-CC-Credit/input")): Object: 'Object Repository/RecAndPlayBk/Page-Vlink-CC-Credit/input' is clicked on

2024-05-15 23:47:07 - [MESSAGE][PASSED] - Object: 'Object Repository/RecAndPlayBk/Page-Vlink-CC-Credit/input' is clicked on

2024-05-15 23:47:07 - [TEST_STEP][PASSED] - if (verifyTextPresent("Transaction approved, no errors", true)): null

2024-05-15 23:47:07 - [MESSAGE][PASSED] - Text 'Transaction approved, no errors' is present on page  using regular expression

2024-05-15 23:47:07 - [TEST_STEP][PASSED] - sdfo = getText(findTestObject("Object Repository/Page_VLinkReceipt/pre_STX")): Text of object 'Object Repository/Page_VLinkReceipt/pre_STX' is: '<STX>Pubub1C9ddZ1                  12151643            0  Transaction approved, no errors                   0                                                                                             <ETX>'

2024-05-15 23:47:07 - [MESSAGE][PASSED] - Text of object 'Object Repository/Page_VLinkReceipt/pre_STX' is: '<STX>Pubub1C9ddZ1                  12151643            0  Transaction approved, no errors                   0                                                                                             <ETX>'

2024-05-15 23:47:07 - [TEST_STEP][PASSED] - out.println("sdfo: " + sdfo): null

2024-05-15 23:47:07 - [TEST_STEP][PASSED] - remID = substring(5, 35).trim(): null

2024-05-15 23:47:07 - [TEST_STEP][PASSED] - out.println("remID: " + remID): null

2024-05-15 23:47:07 - [TEST_STEP][PASSED] - traxID = substring(35, 55).trim(): null

2024-05-15 23:47:07 - [TEST_STEP][PASSED] - out.println("traxID: " + traxID): null

2024-05-15 23:47:07 - [TEST_STEP][PASSED] - VLinkSaleRemID = remID: null

2024-05-15 23:47:07 - [TEST_STEP][PASSED] - VLinkSaleTranxID = traxID: null

2024-05-15 23:47:07 - [TEST_STEP][PASSED] - openBrowser(VLinkURL + "CC_void.html"): Browser is opened with url: 'https://dev-algorithm.govolution.com/vlinktest/QA2/version_2_0/CC_void.html'

2024-05-15 23:47:07 - [MESSAGE][WARNING] - A browser is already opened. Closing browser and opening a new one

2024-05-15 23:47:09 - [MESSAGE][INFO] - Starting 'Chrome' driver

2024-05-15 23:47:09 - [MESSAGE][INFO] - User set preference: ['acceptInsecureCerts', 'true']

2024-05-15 23:47:09 - [MESSAGE][INFO] - Action delay is set to 0 milliseconds

2024-05-15 23:47:11 - [MESSAGE][PASSED] - Browser is opened with url: 'https://dev-algorithm.govolution.com/vlinktest/QA2/version_2_0/CC_void.html'

2024-05-15 23:47:11 - [TEST_STEP][PASSED] - maximizeWindow(): Current window maximized

2024-05-15 23:47:11 - [MESSAGE][PASSED] - Current window maximized

2024-05-15 23:47:11 - [TEST_STEP][PASSED] - setText(findTestObject("Object Repository/RecAndPlayBk/Page-Vlink-CC-Void/txt_RemID"), VLinkSaleRemID): Text 'Pubub1C9ddZ1' is set on object 'Object Repository/RecAndPlayBk/Page-Vlink-CC-Void/txt_RemID'

2024-05-15 23:47:12 - [MESSAGE][PASSED] - Text 'Pubub1C9ddZ1' is set on object 'Object Repository/RecAndPlayBk/Page-Vlink-CC-Void/txt_RemID'

2024-05-15 23:47:12 - [TEST_STEP][PASSED] - setText(findTestObject("Object Repository/RecAndPlayBk/Page-Vlink-CC-Void/txt_ApplicationID"), appID): Text '234' is set on object 'Object Repository/RecAndPlayBk/Page-Vlink-CC-Void/txt_ApplicationID'

2024-05-15 23:47:13 - [MESSAGE][PASSED] - Text '234' is set on object 'Object Repository/RecAndPlayBk/Page-Vlink-CC-Void/txt_ApplicationID'

2024-05-15 23:47:13 - [TEST_STEP][PASSED] - setText(findTestObject("Object Repository/RecAndPlayBk/Page-Vlink-CC-Void/txt_Username"), username): Text 'username' is set on object 'Object Repository/RecAndPlayBk/Page-Vlink-CC-Void/txt_Username'

2024-05-15 23:47:13 - [MESSAGE][PASSED] - Text 'username' is set on object 'Object Repository/RecAndPlayBk/Page-Vlink-CC-Void/txt_Username'

2024-05-15 23:47:13 - [TEST_STEP][PASSED] - setText(findTestObject("Object Repository/RecAndPlayBk/Page-Vlink-CC-Void/txt_Password"), password): Text 'password' is set on object 'Object Repository/RecAndPlayBk/Page-Vlink-CC-Void/txt_Password'

2024-05-15 23:47:14 - [MESSAGE][PASSED] - Text 'password' is set on object 'Object Repository/RecAndPlayBk/Page-Vlink-CC-Void/txt_Password'

2024-05-15 23:47:14 - [TEST_STEP][PASSED] - setText(findTestObject("Object Repository/RecAndPlayBk/Page-Vlink-CC-Void/txt_TransactionID"), VLinkSaleTranxID): Text '12151643' is set on object 'Object Repository/RecAndPlayBk/Page-Vlink-CC-Void/txt_TransactionID'

2024-05-15 23:47:15 - [MESSAGE][PASSED] - Text '12151643' is set on object 'Object Repository/RecAndPlayBk/Page-Vlink-CC-Void/txt_TransactionID'

2024-05-15 23:47:15 - [TEST_STEP][PASSED] - setText(findTestObject("Object Repository/RecAndPlayBk/Page-Vlink-CC-Void/txt_OriginalTransactionType"), "104"): Text '104' is set on object 'Object Repository/RecAndPlayBk/Page-Vlink-CC-Void/txt_OriginalTransactionType'

2024-05-15 23:47:15 - [MESSAGE][PASSED] - Text '104' is set on object 'Object Repository/RecAndPlayBk/Page-Vlink-CC-Void/txt_OriginalTransactionType'

2024-05-15 23:47:15 - [TEST_STEP][PASSED] - setText(findTestObject("Object Repository/RecAndPlayBk/Page-Vlink-CC-Void/txt_TrackData"), ""): Text '' is set on object 'Object Repository/RecAndPlayBk/Page-Vlink-CC-Void/txt_TrackData'

2024-05-15 23:47:16 - [MESSAGE][PASSED] - Text '' is set on object 'Object Repository/RecAndPlayBk/Page-Vlink-CC-Void/txt_TrackData'

2024-05-15 23:47:16 - [TEST_STEP][PASSED] - click(findTestObject("Object Repository/RecAndPlayBk/Page-Vlink-CC-Void/btn_ProcessVLinkTransaction")): Object: 'Object Repository/RecAndPlayBk/Page-Vlink-CC-Void/btn_ProcessVLinkTransaction' is clicked on

2024-05-15 23:47:17 - [MESSAGE][PASSED] - Object: 'Object Repository/RecAndPlayBk/Page-Vlink-CC-Void/btn_ProcessVLinkTransaction' is clicked on

2024-05-15 23:47:17 - [TEST_STEP][PASSED] - if (verifyTextPresent("Transaction approved, no errors", true)): null

2024-05-15 23:47:17 - [MESSAGE][PASSED] - Text 'Transaction approved, no errors' is present on page  using regular expression

2024-05-15 23:47:17 - [TEST_STEP][PASSED] - println("Transaction Approved, no errors text is present on the Confirmation page"): null

2024-05-15 23:47:17 - [TEST_STEP][PASSED] - out.println("Pass Record Number: " + row): null

2024-05-15 23:47:17 - [TEST_STEP][PASSED] - resText = "Pass": null

2024-05-15 23:47:17 - [TEST_STEP][PASSED] - pages.WriteExcel.demoKey(resText, datText, resColumn, datCloumn, fileLoc, nameSheet, row): pages.WriteExcel.demoKey is PASSED

2024-05-15 23:47:18 - [MESSAGE][PASSED] - pages.WriteExcel.demoKey is PASSED

2024-05-15 23:47:18 - [TEST_STEP][PASSED] - ExecuteTC = findTestData(dataFile).getValue("Execute", row): null

2024-05-15 23:47:18 - [TEST_STEP][PASSED] - out.println("Value of Execute is : " + ExecuteTC): null

2024-05-15 23:47:18 - [TEST_STEP][PASSED] - switch (executionProfile): null

2024-05-15 23:47:18 - [TEST_STEP][PASSED] - case "QA2Profile":: null

2024-05-15 23:47:18 - [TEST_STEP][PASSED] - appID = findTestData(dataFile).getValue("AppIDQA", row): null

2024-05-15 23:47:18 - [TEST_STEP][PASSED] - username = findTestData(dataFile).getValue("UsernameQA", row): null

2024-05-15 23:47:18 - [TEST_STEP][PASSED] - password = findTestData(dataFile).getValue("PasswordQA", row): null

2024-05-15 23:47:18 - [TEST_STEP][PASSED] - break: null

2024-05-15 23:47:18 - [TEST_STEP][PASSED] - if (ExecuteTC.equalsIgnoreCase("Y")): null

2024-05-15 23:47:18 - [TEST_STEP][PASSED] - out.println("Begin Record Number: " + row): null

2024-05-15 23:47:18 - [TEST_STEP][PASSED] - today = new java.util.Date(): null

2024-05-15 23:47:18 - [TEST_STEP][PASSED] - println(today): null

2024-05-15 23:47:18 - [TEST_STEP][PASSED] - datText = today: null

2024-05-15 23:47:18 - [TEST_STEP][PASSED] - category = findTestData(dataFile).getValue("Category", row): null

2024-05-15 23:47:18 - [TEST_STEP][PASSED] - amount = findTestData(dataFile).getValue("Amount", row): null

2024-05-15 23:47:18 - [TEST_STEP][PASSED] - cardNumber = findTestData(dataFile).getValue("CardNumber", row): null

2024-05-15 23:47:18 - [TEST_STEP][PASSED] - exM = findTestData(dataFile).getValue("ExM", row): null

2024-05-15 23:47:18 - [TEST_STEP][PASSED] - exY = findTestData(dataFile).getValue("ExY", row): null

2024-05-15 23:47:19 - [TEST_STEP][PASSED] - openBrowser(VLinkURL + "authcap.html"): Browser is opened with url: 'https://dev-algorithm.govolution.com/vlinktest/QA2/version_2_0/authcap.html'

2024-05-15 23:47:19 - [MESSAGE][WARNING] - A browser is already opened. Closing browser and opening a new one

2024-05-15 23:47:20 - [MESSAGE][INFO] - Starting 'Chrome' driver

2024-05-15 23:47:20 - [MESSAGE][INFO] - User set preference: ['acceptInsecureCerts', 'true']

2024-05-15 23:47:20 - [MESSAGE][INFO] - Action delay is set to 0 milliseconds

2024-05-15 23:47:22 - [MESSAGE][PASSED] - Browser is opened with url: 'https://dev-algorithm.govolution.com/vlinktest/QA2/version_2_0/authcap.html'

2024-05-15 23:47:22 - [TEST_STEP][PASSED] - maximizeWindow(): Current window maximized

2024-05-15 23:47:22 - [MESSAGE][PASSED] - Current window maximized

2024-05-15 23:47:22 - [TEST_STEP][PASSED] - maximizeWindow(): Current window maximized

2024-05-15 23:47:22 - [MESSAGE][PASSED] - Current window maximized

2024-05-15 23:47:22 - [TEST_STEP][PASSED] - genRemID = RandomStringUtils.random(12, true, true): null

2024-05-15 23:47:22 - [TEST_STEP][PASSED] - setText(findTestObject("Object Repository/RecAndPlayBk/Page-Vlink-Sale/input_Remittance Id_remittance_id"), genRemID): Text 'x1wlUyK1yHnI' is set on object 'Object Repository/RecAndPlayBk/Page-Vlink-Sale/input_Remittance Id_remittance_id'

2024-05-15 23:47:23 - [MESSAGE][PASSED] - Text 'x1wlUyK1yHnI' is set on object 'Object Repository/RecAndPlayBk/Page-Vlink-Sale/input_Remittance Id_remittance_id'

2024-05-15 23:47:23 - [TEST_STEP][PASSED] - setText(findTestObject("Object Repository/RecAndPlayBk/Page-Vlink-Sale/input_Application Id_application_id"), appID): Text '234' is set on object 'Object Repository/RecAndPlayBk/Page-Vlink-Sale/input_Application Id_application_id'

2024-05-15 23:47:24 - [MESSAGE][PASSED] - Text '234' is set on object 'Object Repository/RecAndPlayBk/Page-Vlink-Sale/input_Application Id_application_id'

2024-05-15 23:47:24 - [TEST_STEP][PASSED] - setText(findTestObject("Object Repository/RecAndPlayBk/Page-Vlink-Sale/input_Username_username"), username): Text 'username' is set on object 'Object Repository/RecAndPlayBk/Page-Vlink-Sale/input_Username_username'

2024-05-15 23:47:24 - [MESSAGE][PASSED] - Text 'username' is set on object 'Object Repository/RecAndPlayBk/Page-Vlink-Sale/input_Username_username'

2024-05-15 23:47:24 - [TEST_STEP][PASSED] - setText(findTestObject("Object Repository/RecAndPlayBk/Page-Vlink-Sale/input_Password_password"), password): Text 'password' is set on object 'Object Repository/RecAndPlayBk/Page-Vlink-Sale/input_Password_password'

2024-05-15 23:47:25 - [MESSAGE][PASSED] - Text 'password' is set on object 'Object Repository/RecAndPlayBk/Page-Vlink-Sale/input_Password_password'

2024-05-15 23:47:25 - [TEST_STEP][PASSED] - setText(findTestObject("Object Repository/RecAndPlayBk/Page-Vlink-Sale/input_Category_category"), category): Text 'RETL' is set on object 'Object Repository/RecAndPlayBk/Page-Vlink-Sale/input_Category_category'

2024-05-15 23:47:25 - [MESSAGE][PASSED] - Text 'RETL' is set on object 'Object Repository/RecAndPlayBk/Page-Vlink-Sale/input_Category_category'

2024-05-15 23:47:25 - [TEST_STEP][PASSED] - setText(findTestObject("Object Repository/RecAndPlayBk/Page-Vlink-Sale/input_Amount_amount"), amount): Text '10.5' is set on object 'Object Repository/RecAndPlayBk/Page-Vlink-Sale/input_Amount_amount'

2024-05-15 23:47:26 - [MESSAGE][PASSED] - Text '10.5' is set on object 'Object Repository/RecAndPlayBk/Page-Vlink-Sale/input_Amount_amount'

2024-05-15 23:47:26 - [TEST_STEP][PASSED] - doubleClick(findTestObject("Object Repository/RecAndPlayBk/Page-Vlink-Sale/input_Card number_card_number")): Object: 'Object Repository/RecAndPlayBk/Page-Vlink-Sale/input_Card number_card_number' is double clicked on

2024-05-15 23:47:27 - [MESSAGE][PASSED] - Object: 'Object Repository/RecAndPlayBk/Page-Vlink-Sale/input_Card number_card_number' is double clicked on

2024-05-15 23:47:27 - [TEST_STEP][PASSED] - setText(findTestObject("Object Repository/RecAndPlayBk/Page-Vlink-Sale/input_Card number_card_number"), cardNumber): Text '370000000000002' is set on object 'Object Repository/RecAndPlayBk/Page-Vlink-Sale/input_Card number_card_number'

2024-05-15 23:47:27 - [MESSAGE][PASSED] - Text '370000000000002' is set on object 'Object Repository/RecAndPlayBk/Page-Vlink-Sale/input_Card number_card_number'

2024-05-15 23:47:27 - [TEST_STEP][PASSED] - setText(findTestObject("Object Repository/RecAndPlayBk/Page-Vlink-Sale/input_Card ex month_card_exmo"), exM): Text '12' is set on object 'Object Repository/RecAndPlayBk/Page-Vlink-Sale/input_Card ex month_card_exmo'

2024-05-15 23:47:28 - [MESSAGE][PASSED] - Text '12' is set on object 'Object Repository/RecAndPlayBk/Page-Vlink-Sale/input_Card ex month_card_exmo'

2024-05-15 23:47:28 - [TEST_STEP][PASSED] - setText(findTestObject("Object Repository/RecAndPlayBk/Page-Vlink-Sale/input_Card ex year_card_exyr"), exY): Text '2029' is set on object 'Object Repository/RecAndPlayBk/Page-Vlink-Sale/input_Card ex year_card_exyr'

2024-05-15 23:47:28 - [MESSAGE][PASSED] - Text '2029' is set on object 'Object Repository/RecAndPlayBk/Page-Vlink-Sale/input_Card ex year_card_exyr'

2024-05-15 23:47:28 - [TEST_STEP][PASSED] - click(findTestObject("Object Repository/RecAndPlayBk/Page-Vlink-Sale/input_Track Data_track_data")): Object: 'Object Repository/RecAndPlayBk/Page-Vlink-Sale/input_Track Data_track_data' is clicked on

2024-05-15 23:47:29 - [MESSAGE][PASSED] - Object: 'Object Repository/RecAndPlayBk/Page-Vlink-Sale/input_Track Data_track_data' is clicked on

2024-05-15 23:47:29 - [TEST_STEP][PASSED] - click(findTestObject("Object Repository/RecAndPlayBk/Page-Vlink-Sale/input_CVV state_cvv_state")): Object: 'Object Repository/RecAndPlayBk/Page-Vlink-Sale/input_CVV state_cvv_state' is clicked on

2024-05-15 23:47:29 - [MESSAGE][PASSED] - Object: 'Object Repository/RecAndPlayBk/Page-Vlink-Sale/input_CVV state_cvv_state' is clicked on

2024-05-15 23:47:29 - [TEST_STEP][PASSED] - setText(findTestObject("Object Repository/RecAndPlayBk/Page-Vlink-Sale/input_Track Data_track_data"), ""): Text '' is set on object 'Object Repository/RecAndPlayBk/Page-Vlink-Sale/input_Track Data_track_data'

2024-05-15 23:47:30 - [MESSAGE][PASSED] - Text '' is set on object 'Object Repository/RecAndPlayBk/Page-Vlink-Sale/input_Track Data_track_data'

2024-05-15 23:47:30 - [TEST_STEP][PASSED] - setText(findTestObject("Object Repository/RecAndPlayBk/Page-Vlink-Sale/input_concat(Cardholder, , s email)_email"), ""): Text '' is set on object 'Object Repository/RecAndPlayBk/Page-Vlink-Sale/input_concat(Cardholder, , s email)_email'

2024-05-15 23:47:30 - [MESSAGE][PASSED] - Text '' is set on object 'Object Repository/RecAndPlayBk/Page-Vlink-Sale/input_concat(Cardholder, , s email)_email'

2024-05-15 23:47:30 - [TEST_STEP][PASSED] - click(findTestObject("Object Repository/RecAndPlayBk/Page-Vlink-Sale/input_user_defined10_user_defined10")): Object: 'Object Repository/RecAndPlayBk/Page-Vlink-Sale/input_user_defined10_user_defined10' is clicked on

2024-05-15 23:47:31 - [MESSAGE][PASSED] - Object: 'Object Repository/RecAndPlayBk/Page-Vlink-Sale/input_user_defined10_user_defined10' is clicked on

2024-05-15 23:47:31 - [TEST_STEP][PASSED] - if (executionProfile.equalsIgnoreCase("QAProfile") || executionProfile.equalsIgnoreCase("DemoProfile")): null

2024-05-15 23:47:31 - [TEST_STEP][PASSED] - click(findTestObject("Object Repository/RecAndPlayBk/Page-Vlink-Sale/input")): Object: 'Object Repository/RecAndPlayBk/Page-Vlink-Sale/input' is clicked on

2024-05-15 23:47:32 - [MESSAGE][PASSED] - Object: 'Object Repository/RecAndPlayBk/Page-Vlink-Sale/input' is clicked on

2024-05-15 23:47:32 - [TEST_STEP][PASSED] - if (verifyTextPresent("Transaction approved, no errors", true)): null

2024-05-15 23:47:32 - [MESSAGE][PASSED] - Text 'Transaction approved, no errors' is present on page  using regular expression

2024-05-15 23:47:32 - [TEST_STEP][PASSED] - println("Transaction Approved, no errors text is present on the Confirmation page"): null

2024-05-15 23:47:32 - [TEST_STEP][PASSED] - sdfo = getText(findTestObject("Object Repository/Page_VLinkReceipt/pre_STX")): Text of object 'Object Repository/Page_VLinkReceipt/pre_STX' is: '<STX>x1wlUyK1yHnI                  12151645            0  Transaction approved, no errors                   0                                                                                  Y 335951575<ETX>'

2024-05-15 23:47:33 - [MESSAGE][PASSED] - Text of object 'Object Repository/Page_VLinkReceipt/pre_STX' is: '<STX>x1wlUyK1yHnI                  12151645            0  Transaction approved, no errors                   0                                                                                  Y 335951575<ETX>'

2024-05-15 23:47:33 - [TEST_STEP][PASSED] - out.println("sdfo: " + sdfo): null

2024-05-15 23:47:33 - [TEST_STEP][PASSED] - remID = substring(5, 35).trim(): null

2024-05-15 23:47:33 - [TEST_STEP][PASSED] - out.println("remID: " + remID): null

2024-05-15 23:47:33 - [TEST_STEP][PASSED] - traxID = substring(35, 55).trim(): null

2024-05-15 23:47:33 - [TEST_STEP][PASSED] - out.println("traxID: " + traxID): null

2024-05-15 23:47:33 - [TEST_STEP][PASSED] - VLinkSaleRemID = remID: null

2024-05-15 23:47:33 - [TEST_STEP][PASSED] - VLinkSaleTranxID = traxID: null

2024-05-15 23:47:33 - [TEST_STEP][PASSED] - openBrowser(VLinkURL + "CC_credit.html"): Browser is opened with url: 'https://dev-algorithm.govolution.com/vlinktest/QA2/version_2_0/CC_credit.html'

2024-05-15 23:47:33 - [MESSAGE][WARNING] - A browser is already opened. Closing browser and opening a new one

2024-05-15 23:47:34 - [MESSAGE][INFO] - Starting 'Chrome' driver

2024-05-15 23:47:34 - [MESSAGE][INFO] - User set preference: ['acceptInsecureCerts', 'true']

2024-05-15 23:47:34 - [MESSAGE][INFO] - Action delay is set to 0 milliseconds

2024-05-15 23:47:36 - [MESSAGE][PASSED] - Browser is opened with url: 'https://dev-algorithm.govolution.com/vlinktest/QA2/version_2_0/CC_credit.html'

2024-05-15 23:47:36 - [TEST_STEP][PASSED] - maximizeWindow(): Current window maximized

2024-05-15 23:47:37 - [MESSAGE][PASSED] - Current window maximized

2024-05-15 23:47:37 - [TEST_STEP][PASSED] - setText(findTestObject("Object Repository/RecAndPlayBk/Page-Vlink-CC-Credit/input_Remittance Id"), VLinkSaleRemID): Text 'x1wlUyK1yHnI' is set on object 'Object Repository/RecAndPlayBk/Page-Vlink-CC-Credit/input_Remittance Id'

2024-05-15 23:47:38 - [MESSAGE][PASSED] - Text 'x1wlUyK1yHnI' is set on object 'Object Repository/RecAndPlayBk/Page-Vlink-CC-Credit/input_Remittance Id'

2024-05-15 23:47:38 - [TEST_STEP][PASSED] - setText(findTestObject("Object Repository/RecAndPlayBk/Page-Vlink-CC-Credit/input_Application Id"), appID): Text '234' is set on object 'Object Repository/RecAndPlayBk/Page-Vlink-CC-Credit/input_Application Id'

2024-05-15 23:47:38 - [MESSAGE][PASSED] - Text '234' is set on object 'Object Repository/RecAndPlayBk/Page-Vlink-CC-Credit/input_Application Id'

2024-05-15 23:47:38 - [TEST_STEP][PASSED] - setText(findTestObject("Object Repository/RecAndPlayBk/Page-Vlink-CC-Credit/input_Username"), username): Text 'username' is set on object 'Object Repository/RecAndPlayBk/Page-Vlink-CC-Credit/input_Username'

2024-05-15 23:47:39 - [MESSAGE][PASSED] - Text 'username' is set on object 'Object Repository/RecAndPlayBk/Page-Vlink-CC-Credit/input_Username'

2024-05-15 23:47:39 - [TEST_STEP][PASSED] - setText(findTestObject("Object Repository/RecAndPlayBk/Page-Vlink-CC-Credit/input_Password"), password): Text 'password' is set on object 'Object Repository/RecAndPlayBk/Page-Vlink-CC-Credit/input_Password'

2024-05-15 23:47:40 - [MESSAGE][PASSED] - Text 'password' is set on object 'Object Repository/RecAndPlayBk/Page-Vlink-CC-Credit/input_Password'

2024-05-15 23:47:40 - [TEST_STEP][PASSED] - setText(findTestObject("Object Repository/RecAndPlayBk/Page-Vlink-CC-Credit/input_Transaction ID"), VLinkSaleTranxID): Text '12151645' is set on object 'Object Repository/RecAndPlayBk/Page-Vlink-CC-Credit/input_Transaction ID'

2024-05-15 23:47:40 - [MESSAGE][PASSED] - Text '12151645' is set on object 'Object Repository/RecAndPlayBk/Page-Vlink-CC-Credit/input_Transaction ID'

2024-05-15 23:47:40 - [TEST_STEP][PASSED] - setText(findTestObject("Object Repository/RecAndPlayBk/Page-Vlink-CC-Credit/input_Amount"), amount): Text '10.5' is set on object 'Object Repository/RecAndPlayBk/Page-Vlink-CC-Credit/input_Amount'

2024-05-15 23:47:41 - [MESSAGE][PASSED] - Text '10.5' is set on object 'Object Repository/RecAndPlayBk/Page-Vlink-CC-Credit/input_Amount'

2024-05-15 23:47:41 - [TEST_STEP][PASSED] - setText(findTestObject("Object Repository/RecAndPlayBk/Page-Vlink-CC-Credit/input_Card number"), ""): Text '' is set on object 'Object Repository/RecAndPlayBk/Page-Vlink-CC-Credit/input_Card number'

2024-05-15 23:47:41 - [MESSAGE][PASSED] - Text '' is set on object 'Object Repository/RecAndPlayBk/Page-Vlink-CC-Credit/input_Card number'

2024-05-15 23:47:41 - [TEST_STEP][PASSED] - setText(findTestObject("Object Repository/RecAndPlayBk/Page-Vlink-CC-Credit/input_Card ex month"), ""): Text '' is set on object 'Object Repository/RecAndPlayBk/Page-Vlink-CC-Credit/input_Card ex month'

2024-05-15 23:47:42 - [MESSAGE][PASSED] - Text '' is set on object 'Object Repository/RecAndPlayBk/Page-Vlink-CC-Credit/input_Card ex month'

2024-05-15 23:47:42 - [TEST_STEP][PASSED] - setText(findTestObject("Object Repository/RecAndPlayBk/Page-Vlink-CC-Credit/input_Card ex year"), ""): Text '' is set on object 'Object Repository/RecAndPlayBk/Page-Vlink-CC-Credit/input_Card ex year'

2024-05-15 23:47:43 - [MESSAGE][PASSED] - Text '' is set on object 'Object Repository/RecAndPlayBk/Page-Vlink-CC-Credit/input_Card ex year'

2024-05-15 23:47:43 - [TEST_STEP][PASSED] - setText(findTestObject("Object Repository/RecAndPlayBk/Page-Vlink-CC-Credit/input_Track Data"), ""): Text '' is set on object 'Object Repository/RecAndPlayBk/Page-Vlink-CC-Credit/input_Track Data'

2024-05-15 23:47:43 - [MESSAGE][PASSED] - Text '' is set on object 'Object Repository/RecAndPlayBk/Page-Vlink-CC-Credit/input_Track Data'

2024-05-15 23:47:43 - [TEST_STEP][PASSED] - setText(findTestObject("Object Repository/RecAndPlayBk/Page-Vlink-CC-Credit/input_Category Code"), category): Text 'RETL' is set on object 'Object Repository/RecAndPlayBk/Page-Vlink-CC-Credit/input_Category Code'

2024-05-15 23:47:44 - [MESSAGE][PASSED] - Text 'RETL' is set on object 'Object Repository/RecAndPlayBk/Page-Vlink-CC-Credit/input_Category Code'

2024-05-15 23:47:44 - [TEST_STEP][PASSED] - click(findTestObject("Object Repository/RecAndPlayBk/Page-Vlink-CC-Credit/input")): Object: 'Object Repository/RecAndPlayBk/Page-Vlink-CC-Credit/input' is clicked on

2024-05-15 23:47:45 - [MESSAGE][PASSED] - Object: 'Object Repository/RecAndPlayBk/Page-Vlink-CC-Credit/input' is clicked on

2024-05-15 23:47:45 - [TEST_STEP][PASSED] - if (verifyTextPresent("Transaction approved, no errors", true)): null

2024-05-15 23:47:45 - [MESSAGE][PASSED] - Text 'Transaction approved, no errors' is present on page  using regular expression

2024-05-15 23:47:45 - [TEST_STEP][PASSED] - sdfo = getText(findTestObject("Object Repository/Page_VLinkReceipt/pre_STX")): Text of object 'Object Repository/Page_VLinkReceipt/pre_STX' is: '<STX>x1wlUyK1yHnI                  12151646            0  Transaction approved, no errors                   0                                                                                             <ETX>'

2024-05-15 23:47:46 - [MESSAGE][PASSED] - Text of object 'Object Repository/Page_VLinkReceipt/pre_STX' is: '<STX>x1wlUyK1yHnI                  12151646            0  Transaction approved, no errors                   0                                                                                             <ETX>'

2024-05-15 23:47:46 - [TEST_STEP][PASSED] - out.println("sdfo: " + sdfo): null

2024-05-15 23:47:46 - [TEST_STEP][PASSED] - remID = substring(5, 35).trim(): null

2024-05-15 23:47:46 - [TEST_STEP][PASSED] - out.println("remID: " + remID): null

2024-05-15 23:47:46 - [TEST_STEP][PASSED] - traxID = substring(35, 55).trim(): null

2024-05-15 23:47:46 - [TEST_STEP][PASSED] - out.println("traxID: " + traxID): null

2024-05-15 23:47:46 - [TEST_STEP][PASSED] - VLinkSaleRemID = remID: null

2024-05-15 23:47:46 - [TEST_STEP][PASSED] - VLinkSaleTranxID = traxID: null

2024-05-15 23:47:46 - [TEST_STEP][PASSED] - openBrowser(VLinkURL + "CC_void.html"): Browser is opened with url: 'https://dev-algorithm.govolution.com/vlinktest/QA2/version_2_0/CC_void.html'

2024-05-15 23:47:46 - [MESSAGE][WARNING] - A browser is already opened. Closing browser and opening a new one

2024-05-15 23:47:47 - [MESSAGE][INFO] - Starting 'Chrome' driver

2024-05-15 23:47:47 - [MESSAGE][INFO] - User set preference: ['acceptInsecureCerts', 'true']

2024-05-15 23:47:47 - [MESSAGE][INFO] - Action delay is set to 0 milliseconds

2024-05-15 23:47:49 - [MESSAGE][PASSED] - Browser is opened with url: 'https://dev-algorithm.govolution.com/vlinktest/QA2/version_2_0/CC_void.html'

2024-05-15 23:47:49 - [TEST_STEP][PASSED] - maximizeWindow(): Current window maximized

2024-05-15 23:47:49 - [MESSAGE][PASSED] - Current window maximized

2024-05-15 23:47:49 - [TEST_STEP][PASSED] - setText(findTestObject("Object Repository/RecAndPlayBk/Page-Vlink-CC-Void/txt_RemID"), VLinkSaleRemID): Text 'x1wlUyK1yHnI' is set on object 'Object Repository/RecAndPlayBk/Page-Vlink-CC-Void/txt_RemID'

2024-05-15 23:47:50 - [MESSAGE][PASSED] - Text 'x1wlUyK1yHnI' is set on object 'Object Repository/RecAndPlayBk/Page-Vlink-CC-Void/txt_RemID'

2024-05-15 23:47:50 - [TEST_STEP][PASSED] - setText(findTestObject("Object Repository/RecAndPlayBk/Page-Vlink-CC-Void/txt_ApplicationID"), appID): Text '234' is set on object 'Object Repository/RecAndPlayBk/Page-Vlink-CC-Void/txt_ApplicationID'

2024-05-15 23:47:51 - [MESSAGE][PASSED] - Text '234' is set on object 'Object Repository/RecAndPlayBk/Page-Vlink-CC-Void/txt_ApplicationID'

2024-05-15 23:47:51 - [TEST_STEP][PASSED] - setText(findTestObject("Object Repository/RecAndPlayBk/Page-Vlink-CC-Void/txt_Username"), username): Text 'username' is set on object 'Object Repository/RecAndPlayBk/Page-Vlink-CC-Void/txt_Username'

2024-05-15 23:47:51 - [MESSAGE][PASSED] - Text 'username' is set on object 'Object Repository/RecAndPlayBk/Page-Vlink-CC-Void/txt_Username'

2024-05-15 23:47:51 - [TEST_STEP][PASSED] - setText(findTestObject("Object Repository/RecAndPlayBk/Page-Vlink-CC-Void/txt_Password"), password): Text 'password' is set on object 'Object Repository/RecAndPlayBk/Page-Vlink-CC-Void/txt_Password'

2024-05-15 23:47:52 - [MESSAGE][PASSED] - Text 'password' is set on object 'Object Repository/RecAndPlayBk/Page-Vlink-CC-Void/txt_Password'

2024-05-15 23:47:52 - [TEST_STEP][PASSED] - setText(findTestObject("Object Repository/RecAndPlayBk/Page-Vlink-CC-Void/txt_TransactionID"), VLinkSaleTranxID): Text '12151646' is set on object 'Object Repository/RecAndPlayBk/Page-Vlink-CC-Void/txt_TransactionID'

2024-05-15 23:47:53 - [MESSAGE][PASSED] - Text '12151646' is set on object 'Object Repository/RecAndPlayBk/Page-Vlink-CC-Void/txt_TransactionID'

2024-05-15 23:47:53 - [TEST_STEP][PASSED] - setText(findTestObject("Object Repository/RecAndPlayBk/Page-Vlink-CC-Void/txt_OriginalTransactionType"), "104"): Text '104' is set on object 'Object Repository/RecAndPlayBk/Page-Vlink-CC-Void/txt_OriginalTransactionType'

2024-05-15 23:47:53 - [MESSAGE][PASSED] - Text '104' is set on object 'Object Repository/RecAndPlayBk/Page-Vlink-CC-Void/txt_OriginalTransactionType'

2024-05-15 23:47:53 - [TEST_STEP][PASSED] - setText(findTestObject("Object Repository/RecAndPlayBk/Page-Vlink-CC-Void/txt_TrackData"), ""): Text '' is set on object 'Object Repository/RecAndPlayBk/Page-Vlink-CC-Void/txt_TrackData'

2024-05-15 23:47:54 - [MESSAGE][PASSED] - Text '' is set on object 'Object Repository/RecAndPlayBk/Page-Vlink-CC-Void/txt_TrackData'

2024-05-15 23:47:54 - [TEST_STEP][PASSED] - click(findTestObject("Object Repository/RecAndPlayBk/Page-Vlink-CC-Void/btn_ProcessVLinkTransaction")): Object: 'Object Repository/RecAndPlayBk/Page-Vlink-CC-Void/btn_ProcessVLinkTransaction' is clicked on

2024-05-15 23:47:55 - [MESSAGE][PASSED] - Object: 'Object Repository/RecAndPlayBk/Page-Vlink-CC-Void/btn_ProcessVLinkTransaction' is clicked on

2024-05-15 23:47:55 - [TEST_STEP][PASSED] - if (verifyTextPresent("Transaction approved, no errors", true)): null

2024-05-15 23:47:55 - [MESSAGE][PASSED] - Text 'Transaction approved, no errors' is present on page  using regular expression

2024-05-15 23:47:55 - [TEST_STEP][PASSED] - println("Transaction Approved, no errors text is present on the Confirmation page"): null

2024-05-15 23:47:55 - [TEST_STEP][PASSED] - out.println("Pass Record Number: " + row): null

2024-05-15 23:47:55 - [TEST_STEP][PASSED] - resText = "Pass": null

2024-05-15 23:47:55 - [TEST_STEP][PASSED] - pages.WriteExcel.demoKey(resText, datText, resColumn, datCloumn, fileLoc, nameSheet, row): pages.WriteExcel.demoKey is PASSED

2024-05-15 23:47:55 - [MESSAGE][PASSED] - pages.WriteExcel.demoKey is PASSED

2024-05-15 23:47:55 - [TEST_STEP][PASSED] - ExecuteTC = findTestData(dataFile).getValue("Execute", row): null

2024-05-15 23:47:55 - [TEST_STEP][PASSED] - out.println("Value of Execute is : " + ExecuteTC): null

2024-05-15 23:47:55 - [TEST_STEP][PASSED] - switch (executionProfile): null

2024-05-15 23:47:55 - [TEST_STEP][PASSED] - case "QA2Profile":: null

2024-05-15 23:47:55 - [TEST_STEP][PASSED] - appID = findTestData(dataFile).getValue("AppIDQA", row): null

2024-05-15 23:47:56 - [TEST_STEP][PASSED] - username = findTestData(dataFile).getValue("UsernameQA", row): null

2024-05-15 23:47:56 - [TEST_STEP][PASSED] - password = findTestData(dataFile).getValue("PasswordQA", row): null

2024-05-15 23:47:56 - [TEST_STEP][PASSED] - break: null

2024-05-15 23:47:56 - [TEST_STEP][PASSED] - if (ExecuteTC.equalsIgnoreCase("Y")): null

2024-05-15 23:47:56 - [TEST_STEP][PASSED] - out.println("Begin Record Number: " + row): null

2024-05-15 23:47:56 - [TEST_STEP][PASSED] - today = new java.util.Date(): null

2024-05-15 23:47:56 - [TEST_STEP][PASSED] - println(today): null

2024-05-15 23:47:56 - [TEST_STEP][PASSED] - datText = today: null

2024-05-15 23:47:56 - [TEST_STEP][PASSED] - category = findTestData(dataFile).getValue("Category", row): null

2024-05-15 23:47:56 - [TEST_STEP][PASSED] - amount = findTestData(dataFile).getValue("Amount", row): null

2024-05-15 23:47:56 - [TEST_STEP][PASSED] - cardNumber = findTestData(dataFile).getValue("CardNumber", row): null

2024-05-15 23:47:56 - [TEST_STEP][PASSED] - exM = findTestData(dataFile).getValue("ExM", row): null

2024-05-15 23:47:56 - [TEST_STEP][PASSED] - exY = findTestData(dataFile).getValue("ExY", row): null

2024-05-15 23:47:56 - [TEST_STEP][PASSED] - openBrowser(VLinkURL + "authcap.html"): Browser is opened with url: 'https://dev-algorithm.govolution.com/vlinktest/QA2/version_2_0/authcap.html'

2024-05-15 23:47:56 - [MESSAGE][WARNING] - A browser is already opened. Closing browser and opening a new one

2024-05-15 23:47:57 - [MESSAGE][INFO] - Starting 'Chrome' driver

2024-05-15 23:47:57 - [MESSAGE][INFO] - User set preference: ['acceptInsecureCerts', 'true']

2024-05-15 23:47:57 - [MESSAGE][INFO] - Action delay is set to 0 milliseconds

2024-05-15 23:48:00 - [MESSAGE][PASSED] - Browser is opened with url: 'https://dev-algorithm.govolution.com/vlinktest/QA2/version_2_0/authcap.html'

2024-05-15 23:48:00 - [TEST_STEP][PASSED] - maximizeWindow(): Current window maximized

2024-05-15 23:48:00 - [MESSAGE][PASSED] - Current window maximized

2024-05-15 23:48:00 - [TEST_STEP][PASSED] - maximizeWindow(): Current window maximized

2024-05-15 23:48:00 - [MESSAGE][PASSED] - Current window maximized

2024-05-15 23:48:00 - [TEST_STEP][PASSED] - genRemID = RandomStringUtils.random(12, true, true): null

2024-05-15 23:48:00 - [TEST_STEP][PASSED] - setText(findTestObject("Object Repository/RecAndPlayBk/Page-Vlink-Sale/input_Remittance Id_remittance_id"), genRemID): Text 'oNSL6qoZhwOm' is set on object 'Object Repository/RecAndPlayBk/Page-Vlink-Sale/input_Remittance Id_remittance_id'

2024-05-15 23:48:01 - [MESSAGE][PASSED] - Text 'oNSL6qoZhwOm' is set on object 'Object Repository/RecAndPlayBk/Page-Vlink-Sale/input_Remittance Id_remittance_id'

2024-05-15 23:48:01 - [TEST_STEP][PASSED] - setText(findTestObject("Object Repository/RecAndPlayBk/Page-Vlink-Sale/input_Application Id_application_id"), appID): Text '87' is set on object 'Object Repository/RecAndPlayBk/Page-Vlink-Sale/input_Application Id_application_id'

2024-05-15 23:48:02 - [MESSAGE][PASSED] - Text '87' is set on object 'Object Repository/RecAndPlayBk/Page-Vlink-Sale/input_Application Id_application_id'

2024-05-15 23:48:02 - [TEST_STEP][PASSED] - setText(findTestObject("Object Repository/RecAndPlayBk/Page-Vlink-Sale/input_Username_username"), username): Text 'username' is set on object 'Object Repository/RecAndPlayBk/Page-Vlink-Sale/input_Username_username'

2024-05-15 23:48:02 - [MESSAGE][PASSED] - Text 'username' is set on object 'Object Repository/RecAndPlayBk/Page-Vlink-Sale/input_Username_username'

2024-05-15 23:48:02 - [TEST_STEP][PASSED] - setText(findTestObject("Object Repository/RecAndPlayBk/Page-Vlink-Sale/input_Password_password"), password): Text 'password' is set on object 'Object Repository/RecAndPlayBk/Page-Vlink-Sale/input_Password_password'

2024-05-15 23:48:03 - [MESSAGE][PASSED] - Text 'password' is set on object 'Object Repository/RecAndPlayBk/Page-Vlink-Sale/input_Password_password'

2024-05-15 23:48:03 - [TEST_STEP][PASSED] - setText(findTestObject("Object Repository/RecAndPlayBk/Page-Vlink-Sale/input_Category_category"), category): Text 'ECOM' is set on object 'Object Repository/RecAndPlayBk/Page-Vlink-Sale/input_Category_category'

2024-05-15 23:48:03 - [MESSAGE][PASSED] - Text 'ECOM' is set on object 'Object Repository/RecAndPlayBk/Page-Vlink-Sale/input_Category_category'

2024-05-15 23:48:03 - [TEST_STEP][PASSED] - setText(findTestObject("Object Repository/RecAndPlayBk/Page-Vlink-Sale/input_Amount_amount"), amount): Text '10.5' is set on object 'Object Repository/RecAndPlayBk/Page-Vlink-Sale/input_Amount_amount'

2024-05-15 23:48:04 - [MESSAGE][PASSED] - Text '10.5' is set on object 'Object Repository/RecAndPlayBk/Page-Vlink-Sale/input_Amount_amount'

2024-05-15 23:48:04 - [TEST_STEP][PASSED] - doubleClick(findTestObject("Object Repository/RecAndPlayBk/Page-Vlink-Sale/input_Card number_card_number")): Object: 'Object Repository/RecAndPlayBk/Page-Vlink-Sale/input_Card number_card_number' is double clicked on

2024-05-15 23:48:04 - [MESSAGE][PASSED] - Object: 'Object Repository/RecAndPlayBk/Page-Vlink-Sale/input_Card number_card_number' is double clicked on

2024-05-15 23:48:04 - [TEST_STEP][PASSED] - setText(findTestObject("Object Repository/RecAndPlayBk/Page-Vlink-Sale/input_Card number_card_number"), cardNumber): Text '4012000098765439' is set on object 'Object Repository/RecAndPlayBk/Page-Vlink-Sale/input_Card number_card_number'

2024-05-15 23:48:05 - [MESSAGE][PASSED] - Text '4012000098765439' is set on object 'Object Repository/RecAndPlayBk/Page-Vlink-Sale/input_Card number_card_number'

2024-05-15 23:48:05 - [TEST_STEP][PASSED] - setText(findTestObject("Object Repository/RecAndPlayBk/Page-Vlink-Sale/input_Card ex month_card_exmo"), exM): Text '12' is set on object 'Object Repository/RecAndPlayBk/Page-Vlink-Sale/input_Card ex month_card_exmo'

2024-05-15 23:48:06 - [MESSAGE][PASSED] - Text '12' is set on object 'Object Repository/RecAndPlayBk/Page-Vlink-Sale/input_Card ex month_card_exmo'

2024-05-15 23:48:06 - [TEST_STEP][PASSED] - setText(findTestObject("Object Repository/RecAndPlayBk/Page-Vlink-Sale/input_Card ex year_card_exyr"), exY): Text '2029' is set on object 'Object Repository/RecAndPlayBk/Page-Vlink-Sale/input_Card ex year_card_exyr'

2024-05-15 23:48:06 - [MESSAGE][PASSED] - Text '2029' is set on object 'Object Repository/RecAndPlayBk/Page-Vlink-Sale/input_Card ex year_card_exyr'

2024-05-15 23:48:06 - [TEST_STEP][PASSED] - click(findTestObject("Object Repository/RecAndPlayBk/Page-Vlink-Sale/input_Track Data_track_data")): Object: 'Object Repository/RecAndPlayBk/Page-Vlink-Sale/input_Track Data_track_data' is clicked on

2024-05-15 23:48:07 - [MESSAGE][PASSED] - Object: 'Object Repository/RecAndPlayBk/Page-Vlink-Sale/input_Track Data_track_data' is clicked on

2024-05-15 23:48:07 - [TEST_STEP][PASSED] - click(findTestObject("Object Repository/RecAndPlayBk/Page-Vlink-Sale/input_CVV state_cvv_state")): Object: 'Object Repository/RecAndPlayBk/Page-Vlink-Sale/input_CVV state_cvv_state' is clicked on

2024-05-15 23:48:07 - [MESSAGE][PASSED] - Object: 'Object Repository/RecAndPlayBk/Page-Vlink-Sale/input_CVV state_cvv_state' is clicked on

2024-05-15 23:48:07 - [TEST_STEP][PASSED] - setText(findTestObject("Object Repository/RecAndPlayBk/Page-Vlink-Sale/input_Track Data_track_data"), ""): Text '' is set on object 'Object Repository/RecAndPlayBk/Page-Vlink-Sale/input_Track Data_track_data'

2024-05-15 23:48:08 - [MESSAGE][PASSED] - Text '' is set on object 'Object Repository/RecAndPlayBk/Page-Vlink-Sale/input_Track Data_track_data'

2024-05-15 23:48:08 - [TEST_STEP][PASSED] - setText(findTestObject("Object Repository/RecAndPlayBk/Page-Vlink-Sale/input_concat(Cardholder, , s email)_email"), ""): Text '' is set on object 'Object Repository/RecAndPlayBk/Page-Vlink-Sale/input_concat(Cardholder, , s email)_email'

2024-05-15 23:48:08 - [MESSAGE][PASSED] - Text '' is set on object 'Object Repository/RecAndPlayBk/Page-Vlink-Sale/input_concat(Cardholder, , s email)_email'

2024-05-15 23:48:08 - [TEST_STEP][PASSED] - click(findTestObject("Object Repository/RecAndPlayBk/Page-Vlink-Sale/input_user_defined10_user_defined10")): Object: 'Object Repository/RecAndPlayBk/Page-Vlink-Sale/input_user_defined10_user_defined10' is clicked on

2024-05-15 23:48:09 - [MESSAGE][PASSED] - Object: 'Object Repository/RecAndPlayBk/Page-Vlink-Sale/input_user_defined10_user_defined10' is clicked on

2024-05-15 23:48:09 - [TEST_STEP][PASSED] - if (executionProfile.equalsIgnoreCase("QAProfile") || executionProfile.equalsIgnoreCase("DemoProfile")): null

2024-05-15 23:48:09 - [TEST_STEP][PASSED] - click(findTestObject("Object Repository/RecAndPlayBk/Page-Vlink-Sale/input")): Object: 'Object Repository/RecAndPlayBk/Page-Vlink-Sale/input' is clicked on

2024-05-15 23:48:22 - [MESSAGE][PASSED] - Object: 'Object Repository/RecAndPlayBk/Page-Vlink-Sale/input' is clicked on

2024-05-15 23:48:22 - [TEST_STEP][PASSED] - if (verifyTextPresent("Transaction approved, no errors", true)): null

2024-05-15 23:48:22 - [MESSAGE][PASSED] - Text 'Transaction approved, no errors' is present on page  using regular expression

2024-05-15 23:48:22 - [TEST_STEP][PASSED] - println("Transaction Approved, no errors text is present on the Confirmation page"): null

2024-05-15 23:48:22 - [TEST_STEP][PASSED] - sdfo = getText(findTestObject("Object Repository/Page_VLinkReceipt/pre_STX")): Text of object 'Object Repository/Page_VLinkReceipt/pre_STX' is: '<STX>oNSL6qoZhwOm                  12151648            0  Transaction approved, no errors                   0                                                                                  N TAS447   <ETX>'

2024-05-15 23:48:23 - [MESSAGE][PASSED] - Text of object 'Object Repository/Page_VLinkReceipt/pre_STX' is: '<STX>oNSL6qoZhwOm                  12151648            0  Transaction approved, no errors                   0                                                                                  N TAS447   <ETX>'

2024-05-15 23:48:23 - [TEST_STEP][PASSED] - out.println("sdfo: " + sdfo): null

2024-05-15 23:48:23 - [TEST_STEP][PASSED] - remID = substring(5, 35).trim(): null

2024-05-15 23:48:23 - [TEST_STEP][PASSED] - out.println("remID: " + remID): null

2024-05-15 23:48:23 - [TEST_STEP][PASSED] - traxID = substring(35, 55).trim(): null

2024-05-15 23:48:23 - [TEST_STEP][PASSED] - out.println("traxID: " + traxID): null

2024-05-15 23:48:23 - [TEST_STEP][PASSED] - VLinkSaleRemID = remID: null

2024-05-15 23:48:23 - [TEST_STEP][PASSED] - VLinkSaleTranxID = traxID: null

2024-05-15 23:48:23 - [TEST_STEP][PASSED] - openBrowser(VLinkURL + "CC_credit.html"): Browser is opened with url: 'https://dev-algorithm.govolution.com/vlinktest/QA2/version_2_0/CC_credit.html'

2024-05-15 23:48:23 - [MESSAGE][WARNING] - A browser is already opened. Closing browser and opening a new one

2024-05-15 23:48:24 - [MESSAGE][INFO] - Starting 'Chrome' driver

2024-05-15 23:48:24 - [MESSAGE][INFO] - User set preference: ['acceptInsecureCerts', 'true']

2024-05-15 23:48:24 - [MESSAGE][INFO] - Action delay is set to 0 milliseconds

2024-05-15 23:48:26 - [MESSAGE][PASSED] - Browser is opened with url: 'https://dev-algorithm.govolution.com/vlinktest/QA2/version_2_0/CC_credit.html'

2024-05-15 23:48:26 - [TEST_STEP][PASSED] - maximizeWindow(): Current window maximized

2024-05-15 23:48:26 - [MESSAGE][PASSED] - Current window maximized

2024-05-15 23:48:26 - [TEST_STEP][PASSED] - setText(findTestObject("Object Repository/RecAndPlayBk/Page-Vlink-CC-Credit/input_Remittance Id"), VLinkSaleRemID): Text 'oNSL6qoZhwOm' is set on object 'Object Repository/RecAndPlayBk/Page-Vlink-CC-Credit/input_Remittance Id'

2024-05-15 23:48:27 - [MESSAGE][PASSED] - Text 'oNSL6qoZhwOm' is set on object 'Object Repository/RecAndPlayBk/Page-Vlink-CC-Credit/input_Remittance Id'

2024-05-15 23:48:27 - [TEST_STEP][PASSED] - setText(findTestObject("Object Repository/RecAndPlayBk/Page-Vlink-CC-Credit/input_Application Id"), appID): Text '87' is set on object 'Object Repository/RecAndPlayBk/Page-Vlink-CC-Credit/input_Application Id'

2024-05-15 23:48:27 - [MESSAGE][PASSED] - Text '87' is set on object 'Object Repository/RecAndPlayBk/Page-Vlink-CC-Credit/input_Application Id'

2024-05-15 23:48:27 - [TEST_STEP][PASSED] - setText(findTestObject("Object Repository/RecAndPlayBk/Page-Vlink-CC-Credit/input_Username"), username): Text 'username' is set on object 'Object Repository/RecAndPlayBk/Page-Vlink-CC-Credit/input_Username'

2024-05-15 23:48:28 - [MESSAGE][PASSED] - Text 'username' is set on object 'Object Repository/RecAndPlayBk/Page-Vlink-CC-Credit/input_Username'

2024-05-15 23:48:28 - [TEST_STEP][PASSED] - setText(findTestObject("Object Repository/RecAndPlayBk/Page-Vlink-CC-Credit/input_Password"), password): Text 'password' is set on object 'Object Repository/RecAndPlayBk/Page-Vlink-CC-Credit/input_Password'

2024-05-15 23:48:29 - [MESSAGE][PASSED] - Text 'password' is set on object 'Object Repository/RecAndPlayBk/Page-Vlink-CC-Credit/input_Password'

2024-05-15 23:48:29 - [TEST_STEP][PASSED] - setText(findTestObject("Object Repository/RecAndPlayBk/Page-Vlink-CC-Credit/input_Transaction ID"), VLinkSaleTranxID): Text '12151648' is set on object 'Object Repository/RecAndPlayBk/Page-Vlink-CC-Credit/input_Transaction ID'

2024-05-15 23:48:29 - [MESSAGE][PASSED] - Text '12151648' is set on object 'Object Repository/RecAndPlayBk/Page-Vlink-CC-Credit/input_Transaction ID'

2024-05-15 23:48:29 - [TEST_STEP][PASSED] - setText(findTestObject("Object Repository/RecAndPlayBk/Page-Vlink-CC-Credit/input_Amount"), amount): Text '10.5' is set on object 'Object Repository/RecAndPlayBk/Page-Vlink-CC-Credit/input_Amount'

2024-05-15 23:48:30 - [MESSAGE][PASSED] - Text '10.5' is set on object 'Object Repository/RecAndPlayBk/Page-Vlink-CC-Credit/input_Amount'

2024-05-15 23:48:30 - [TEST_STEP][PASSED] - setText(findTestObject("Object Repository/RecAndPlayBk/Page-Vlink-CC-Credit/input_Card number"), ""): Text '' is set on object 'Object Repository/RecAndPlayBk/Page-Vlink-CC-Credit/input_Card number'

2024-05-15 23:48:31 - [MESSAGE][PASSED] - Text '' is set on object 'Object Repository/RecAndPlayBk/Page-Vlink-CC-Credit/input_Card number'

2024-05-15 23:48:31 - [TEST_STEP][PASSED] - setText(findTestObject("Object Repository/RecAndPlayBk/Page-Vlink-CC-Credit/input_Card ex month"), ""): Text '' is set on object 'Object Repository/RecAndPlayBk/Page-Vlink-CC-Credit/input_Card ex month'

2024-05-15 23:48:31 - [MESSAGE][PASSED] - Text '' is set on object 'Object Repository/RecAndPlayBk/Page-Vlink-CC-Credit/input_Card ex month'

2024-05-15 23:48:31 - [TEST_STEP][PASSED] - setText(findTestObject("Object Repository/RecAndPlayBk/Page-Vlink-CC-Credit/input_Card ex year"), ""): Text '' is set on object 'Object Repository/RecAndPlayBk/Page-Vlink-CC-Credit/input_Card ex year'

2024-05-15 23:48:32 - [MESSAGE][PASSED] - Text '' is set on object 'Object Repository/RecAndPlayBk/Page-Vlink-CC-Credit/input_Card ex year'

2024-05-15 23:48:32 - [TEST_STEP][PASSED] - setText(findTestObject("Object Repository/RecAndPlayBk/Page-Vlink-CC-Credit/input_Track Data"), ""): Text '' is set on object 'Object Repository/RecAndPlayBk/Page-Vlink-CC-Credit/input_Track Data'

2024-05-15 23:48:33 - [MESSAGE][PASSED] - Text '' is set on object 'Object Repository/RecAndPlayBk/Page-Vlink-CC-Credit/input_Track Data'

2024-05-15 23:48:33 - [TEST_STEP][PASSED] - setText(findTestObject("Object Repository/RecAndPlayBk/Page-Vlink-CC-Credit/input_Category Code"), category): Text 'ECOM' is set on object 'Object Repository/RecAndPlayBk/Page-Vlink-CC-Credit/input_Category Code'

2024-05-15 23:48:33 - [MESSAGE][PASSED] - Text 'ECOM' is set on object 'Object Repository/RecAndPlayBk/Page-Vlink-CC-Credit/input_Category Code'

2024-05-15 23:48:33 - [TEST_STEP][PASSED] - click(findTestObject("Object Repository/RecAndPlayBk/Page-Vlink-CC-Credit/input")): Object: 'Object Repository/RecAndPlayBk/Page-Vlink-CC-Credit/input' is clicked on

2024-05-15 23:48:36 - [MESSAGE][PASSED] - Object: 'Object Repository/RecAndPlayBk/Page-Vlink-CC-Credit/input' is clicked on

2024-05-15 23:48:36 - [TEST_STEP][PASSED] - if (verifyTextPresent("Transaction approved, no errors", true)): null

2024-05-15 23:48:36 - [MESSAGE][PASSED] - Text 'Transaction approved, no errors' is present on page  using regular expression

2024-05-15 23:48:36 - [TEST_STEP][PASSED] - sdfo = getText(findTestObject("Object Repository/Page_VLinkReceipt/pre_STX")): Text of object 'Object Repository/Page_VLinkReceipt/pre_STX' is: '<STX>oNSL6qoZhwOm                  12151649            0  Transaction approved, no errors                   0                                                                                  N TAS449   <ETX>'

2024-05-15 23:48:36 - [MESSAGE][PASSED] - Text of object 'Object Repository/Page_VLinkReceipt/pre_STX' is: '<STX>oNSL6qoZhwOm                  12151649            0  Transaction approved, no errors                   0                                                                                  N TAS449   <ETX>'

2024-05-15 23:48:36 - [TEST_STEP][PASSED] - out.println("sdfo: " + sdfo): null

2024-05-15 23:48:36 - [TEST_STEP][PASSED] - remID = substring(5, 35).trim(): null

2024-05-15 23:48:36 - [TEST_STEP][PASSED] - out.println("remID: " + remID): null

2024-05-15 23:48:36 - [TEST_STEP][PASSED] - traxID = substring(35, 55).trim(): null

2024-05-15 23:48:36 - [TEST_STEP][PASSED] - out.println("traxID: " + traxID): null

2024-05-15 23:48:36 - [TEST_STEP][PASSED] - VLinkSaleRemID = remID: null

2024-05-15 23:48:36 - [TEST_STEP][PASSED] - VLinkSaleTranxID = traxID: null

2024-05-15 23:48:36 - [TEST_STEP][PASSED] - openBrowser(VLinkURL + "CC_void.html"): Browser is opened with url: 'https://dev-algorithm.govolution.com/vlinktest/QA2/version_2_0/CC_void.html'

2024-05-15 23:48:36 - [MESSAGE][WARNING] - A browser is already opened. Closing browser and opening a new one

2024-05-15 23:48:38 - [MESSAGE][INFO] - Starting 'Chrome' driver

2024-05-15 23:48:38 - [MESSAGE][INFO] - User set preference: ['acceptInsecureCerts', 'true']

2024-05-15 23:48:38 - [MESSAGE][INFO] - Action delay is set to 0 milliseconds

2024-05-15 23:48:40 - [MESSAGE][PASSED] - Browser is opened with url: 'https://dev-algorithm.govolution.com/vlinktest/QA2/version_2_0/CC_void.html'

2024-05-15 23:48:40 - [TEST_STEP][PASSED] - maximizeWindow(): Current window maximized

2024-05-15 23:48:41 - [MESSAGE][PASSED] - Current window maximized

2024-05-15 23:48:41 - [TEST_STEP][PASSED] - setText(findTestObject("Object Repository/RecAndPlayBk/Page-Vlink-CC-Void/txt_RemID"), VLinkSaleRemID): Text 'oNSL6qoZhwOm' is set on object 'Object Repository/RecAndPlayBk/Page-Vlink-CC-Void/txt_RemID'

2024-05-15 23:48:41 - [MESSAGE][PASSED] - Text 'oNSL6qoZhwOm' is set on object 'Object Repository/RecAndPlayBk/Page-Vlink-CC-Void/txt_RemID'

2024-05-15 23:48:41 - [TEST_STEP][PASSED] - setText(findTestObject("Object Repository/RecAndPlayBk/Page-Vlink-CC-Void/txt_ApplicationID"), appID): Text '87' is set on object 'Object Repository/RecAndPlayBk/Page-Vlink-CC-Void/txt_ApplicationID'

2024-05-15 23:48:42 - [MESSAGE][PASSED] - Text '87' is set on object 'Object Repository/RecAndPlayBk/Page-Vlink-CC-Void/txt_ApplicationID'

2024-05-15 23:48:42 - [TEST_STEP][PASSED] - setText(findTestObject("Object Repository/RecAndPlayBk/Page-Vlink-CC-Void/txt_Username"), username): Text 'username' is set on object 'Object Repository/RecAndPlayBk/Page-Vlink-CC-Void/txt_Username'

2024-05-15 23:48:43 - [MESSAGE][PASSED] - Text 'username' is set on object 'Object Repository/RecAndPlayBk/Page-Vlink-CC-Void/txt_Username'

2024-05-15 23:48:43 - [TEST_STEP][PASSED] - setText(findTestObject("Object Repository/RecAndPlayBk/Page-Vlink-CC-Void/txt_Password"), password): Text 'password' is set on object 'Object Repository/RecAndPlayBk/Page-Vlink-CC-Void/txt_Password'

2024-05-15 23:48:43 - [MESSAGE][PASSED] - Text 'password' is set on object 'Object Repository/RecAndPlayBk/Page-Vlink-CC-Void/txt_Password'

2024-05-15 23:48:43 - [TEST_STEP][PASSED] - setText(findTestObject("Object Repository/RecAndPlayBk/Page-Vlink-CC-Void/txt_TransactionID"), VLinkSaleTranxID): Text '12151649' is set on object 'Object Repository/RecAndPlayBk/Page-Vlink-CC-Void/txt_TransactionID'

2024-05-15 23:48:44 - [MESSAGE][PASSED] - Text '12151649' is set on object 'Object Repository/RecAndPlayBk/Page-Vlink-CC-Void/txt_TransactionID'

2024-05-15 23:48:44 - [TEST_STEP][PASSED] - setText(findTestObject("Object Repository/RecAndPlayBk/Page-Vlink-CC-Void/txt_OriginalTransactionType"), "104"): Text '104' is set on object 'Object Repository/RecAndPlayBk/Page-Vlink-CC-Void/txt_OriginalTransactionType'

2024-05-15 23:48:44 - [MESSAGE][PASSED] - Text '104' is set on object 'Object Repository/RecAndPlayBk/Page-Vlink-CC-Void/txt_OriginalTransactionType'

2024-05-15 23:48:44 - [TEST_STEP][PASSED] - setText(findTestObject("Object Repository/RecAndPlayBk/Page-Vlink-CC-Void/txt_TrackData"), ""): Text '' is set on object 'Object Repository/RecAndPlayBk/Page-Vlink-CC-Void/txt_TrackData'

2024-05-15 23:48:45 - [MESSAGE][PASSED] - Text '' is set on object 'Object Repository/RecAndPlayBk/Page-Vlink-CC-Void/txt_TrackData'

2024-05-15 23:48:45 - [TEST_STEP][PASSED] - click(findTestObject("Object Repository/RecAndPlayBk/Page-Vlink-CC-Void/btn_ProcessVLinkTransaction")): Object: 'Object Repository/RecAndPlayBk/Page-Vlink-CC-Void/btn_ProcessVLinkTransaction' is clicked on

2024-05-15 23:48:47 - [MESSAGE][PASSED] - Object: 'Object Repository/RecAndPlayBk/Page-Vlink-CC-Void/btn_ProcessVLinkTransaction' is clicked on

2024-05-15 23:48:47 - [TEST_STEP][PASSED] - if (verifyTextPresent("Transaction approved, no errors", true)): null

2024-05-15 23:48:47 - [MESSAGE][PASSED] - Text 'Transaction approved, no errors' is present on page  using regular expression

2024-05-15 23:48:47 - [TEST_STEP][PASSED] - println("Transaction Approved, no errors text is present on the Confirmation page"): null

2024-05-15 23:48:47 - [TEST_STEP][PASSED] - out.println("Pass Record Number: " + row): null

2024-05-15 23:48:47 - [TEST_STEP][PASSED] - resText = "Pass": null

2024-05-15 23:48:47 - [TEST_STEP][PASSED] - pages.WriteExcel.demoKey(resText, datText, resColumn, datCloumn, fileLoc, nameSheet, row): pages.WriteExcel.demoKey is PASSED

2024-05-15 23:48:47 - [MESSAGE][PASSED] - pages.WriteExcel.demoKey is PASSED

2024-05-15 23:48:47 - [TEST_STEP][PASSED] - ExecuteTC = findTestData(dataFile).getValue("Execute", row): null

2024-05-15 23:48:47 - [TEST_STEP][PASSED] - out.println("Value of Execute is : " + ExecuteTC): null

2024-05-15 23:48:47 - [TEST_STEP][PASSED] - switch (executionProfile): null

2024-05-15 23:48:47 - [TEST_STEP][PASSED] - case "QA2Profile":: null

2024-05-15 23:48:47 - [TEST_STEP][PASSED] - appID = findTestData(dataFile).getValue("AppIDQA", row): null

2024-05-15 23:48:48 - [TEST_STEP][PASSED] - username = findTestData(dataFile).getValue("UsernameQA", row): null

2024-05-15 23:48:48 - [TEST_STEP][PASSED] - password = findTestData(dataFile).getValue("PasswordQA", row): null

2024-05-15 23:48:48 - [TEST_STEP][PASSED] - break: null

2024-05-15 23:48:48 - [TEST_STEP][PASSED] - if (ExecuteTC.equalsIgnoreCase("Y")): null

2024-05-15 23:48:48 - [TEST_STEP][PASSED] - out.println("Begin Record Number: " + row): null

2024-05-15 23:48:48 - [TEST_STEP][PASSED] - today = new java.util.Date(): null

2024-05-15 23:48:48 - [TEST_STEP][PASSED] - println(today): null

2024-05-15 23:48:48 - [TEST_STEP][PASSED] - datText = today: null

2024-05-15 23:48:48 - [TEST_STEP][PASSED] - category = findTestData(dataFile).getValue("Category", row): null

2024-05-15 23:48:48 - [TEST_STEP][PASSED] - amount = findTestData(dataFile).getValue("Amount", row): null

2024-05-15 23:48:48 - [TEST_STEP][PASSED] - cardNumber = findTestData(dataFile).getValue("CardNumber", row): null

2024-05-15 23:48:48 - [TEST_STEP][PASSED] - exM = findTestData(dataFile).getValue("ExM", row): null

2024-05-15 23:48:48 - [TEST_STEP][PASSED] - exY = findTestData(dataFile).getValue("ExY", row): null

2024-05-15 23:48:48 - [TEST_STEP][PASSED] - openBrowser(VLinkURL + "authcap.html"): Browser is opened with url: 'https://dev-algorithm.govolution.com/vlinktest/QA2/version_2_0/authcap.html'

2024-05-15 23:48:48 - [MESSAGE][WARNING] - A browser is already opened. Closing browser and opening a new one

2024-05-15 23:48:49 - [MESSAGE][INFO] - Starting 'Chrome' driver

2024-05-15 23:48:49 - [MESSAGE][INFO] - User set preference: ['acceptInsecureCerts', 'true']

2024-05-15 23:48:49 - [MESSAGE][INFO] - Action delay is set to 0 milliseconds

2024-05-15 23:48:52 - [MESSAGE][PASSED] - Browser is opened with url: 'https://dev-algorithm.govolution.com/vlinktest/QA2/version_2_0/authcap.html'

2024-05-15 23:48:52 - [TEST_STEP][PASSED] - maximizeWindow(): Current window maximized

2024-05-15 23:48:52 - [MESSAGE][PASSED] - Current window maximized

2024-05-15 23:48:52 - [TEST_STEP][PASSED] - maximizeWindow(): Current window maximized

2024-05-15 23:48:52 - [MESSAGE][PASSED] - Current window maximized

2024-05-15 23:48:52 - [TEST_STEP][PASSED] - genRemID = RandomStringUtils.random(12, true, true): null

2024-05-15 23:48:52 - [TEST_STEP][PASSED] - setText(findTestObject("Object Repository/RecAndPlayBk/Page-Vlink-Sale/input_Remittance Id_remittance_id"), genRemID): Text '0g0UrY83oyJ2' is set on object 'Object Repository/RecAndPlayBk/Page-Vlink-Sale/input_Remittance Id_remittance_id'

2024-05-15 23:48:53 - [MESSAGE][PASSED] - Text '0g0UrY83oyJ2' is set on object 'Object Repository/RecAndPlayBk/Page-Vlink-Sale/input_Remittance Id_remittance_id'

2024-05-15 23:48:53 - [TEST_STEP][PASSED] - setText(findTestObject("Object Repository/RecAndPlayBk/Page-Vlink-Sale/input_Application Id_application_id"), appID): Text '581' is set on object 'Object Repository/RecAndPlayBk/Page-Vlink-Sale/input_Application Id_application_id'

2024-05-15 23:48:53 - [MESSAGE][PASSED] - Text '581' is set on object 'Object Repository/RecAndPlayBk/Page-Vlink-Sale/input_Application Id_application_id'

2024-05-15 23:48:53 - [TEST_STEP][PASSED] - setText(findTestObject("Object Repository/RecAndPlayBk/Page-Vlink-Sale/input_Username_username"), username): Text 'usr581' is set on object 'Object Repository/RecAndPlayBk/Page-Vlink-Sale/input_Username_username'

2024-05-15 23:48:54 - [MESSAGE][PASSED] - Text 'usr581' is set on object 'Object Repository/RecAndPlayBk/Page-Vlink-Sale/input_Username_username'

2024-05-15 23:48:54 - [TEST_STEP][PASSED] - setText(findTestObject("Object Repository/RecAndPlayBk/Page-Vlink-Sale/input_Password_password"), password): Text 'pwd581' is set on object 'Object Repository/RecAndPlayBk/Page-Vlink-Sale/input_Password_password'

2024-05-15 23:48:55 - [MESSAGE][PASSED] - Text 'pwd581' is set on object 'Object Repository/RecAndPlayBk/Page-Vlink-Sale/input_Password_password'

2024-05-15 23:48:55 - [TEST_STEP][PASSED] - setText(findTestObject("Object Repository/RecAndPlayBk/Page-Vlink-Sale/input_Category_category"), category): Text 'ECOM' is set on object 'Object Repository/RecAndPlayBk/Page-Vlink-Sale/input_Category_category'

2024-05-15 23:48:55 - [MESSAGE][PASSED] - Text 'ECOM' is set on object 'Object Repository/RecAndPlayBk/Page-Vlink-Sale/input_Category_category'

2024-05-15 23:48:55 - [TEST_STEP][PASSED] - setText(findTestObject("Object Repository/RecAndPlayBk/Page-Vlink-Sale/input_Amount_amount"), amount): Text '10.5' is set on object 'Object Repository/RecAndPlayBk/Page-Vlink-Sale/input_Amount_amount'

2024-05-15 23:48:56 - [MESSAGE][PASSED] - Text '10.5' is set on object 'Object Repository/RecAndPlayBk/Page-Vlink-Sale/input_Amount_amount'

2024-05-15 23:48:56 - [TEST_STEP][PASSED] - doubleClick(findTestObject("Object Repository/RecAndPlayBk/Page-Vlink-Sale/input_Card number_card_number")): Object: 'Object Repository/RecAndPlayBk/Page-Vlink-Sale/input_Card number_card_number' is double clicked on

2024-05-15 23:48:56 - [MESSAGE][PASSED] - Object: 'Object Repository/RecAndPlayBk/Page-Vlink-Sale/input_Card number_card_number' is double clicked on

2024-05-15 23:48:56 - [TEST_STEP][PASSED] - setText(findTestObject("Object Repository/RecAndPlayBk/Page-Vlink-Sale/input_Card number_card_number"), cardNumber): Text '5146312200000035' is set on object 'Object Repository/RecAndPlayBk/Page-Vlink-Sale/input_Card number_card_number'

2024-05-15 23:48:57 - [MESSAGE][PASSED] - Text '5146312200000035' is set on object 'Object Repository/RecAndPlayBk/Page-Vlink-Sale/input_Card number_card_number'

2024-05-15 23:48:57 - [TEST_STEP][PASSED] - setText(findTestObject("Object Repository/RecAndPlayBk/Page-Vlink-Sale/input_Card ex month_card_exmo"), exM): Text '12' is set on object 'Object Repository/RecAndPlayBk/Page-Vlink-Sale/input_Card ex month_card_exmo'

2024-05-15 23:48:57 - [MESSAGE][PASSED] - Text '12' is set on object 'Object Repository/RecAndPlayBk/Page-Vlink-Sale/input_Card ex month_card_exmo'

2024-05-15 23:48:57 - [TEST_STEP][PASSED] - setText(findTestObject("Object Repository/RecAndPlayBk/Page-Vlink-Sale/input_Card ex year_card_exyr"), exY): Text '2029' is set on object 'Object Repository/RecAndPlayBk/Page-Vlink-Sale/input_Card ex year_card_exyr'

2024-05-15 23:48:58 - [MESSAGE][PASSED] - Text '2029' is set on object 'Object Repository/RecAndPlayBk/Page-Vlink-Sale/input_Card ex year_card_exyr'

2024-05-15 23:48:58 - [TEST_STEP][PASSED] - click(findTestObject("Object Repository/RecAndPlayBk/Page-Vlink-Sale/input_Track Data_track_data")): Object: 'Object Repository/RecAndPlayBk/Page-Vlink-Sale/input_Track Data_track_data' is clicked on

2024-05-15 23:48:58 - [MESSAGE][PASSED] - Object: 'Object Repository/RecAndPlayBk/Page-Vlink-Sale/input_Track Data_track_data' is clicked on

2024-05-15 23:48:58 - [TEST_STEP][PASSED] - click(findTestObject("Object Repository/RecAndPlayBk/Page-Vlink-Sale/input_CVV state_cvv_state")): Object: 'Object Repository/RecAndPlayBk/Page-Vlink-Sale/input_CVV state_cvv_state' is clicked on

2024-05-15 23:48:59 - [MESSAGE][PASSED] - Object: 'Object Repository/RecAndPlayBk/Page-Vlink-Sale/input_CVV state_cvv_state' is clicked on

2024-05-15 23:48:59 - [TEST_STEP][PASSED] - setText(findTestObject("Object Repository/RecAndPlayBk/Page-Vlink-Sale/input_Track Data_track_data"), ""): Text '' is set on object 'Object Repository/RecAndPlayBk/Page-Vlink-Sale/input_Track Data_track_data'

2024-05-15 23:48:59 - [MESSAGE][PASSED] - Text '' is set on object 'Object Repository/RecAndPlayBk/Page-Vlink-Sale/input_Track Data_track_data'

2024-05-15 23:48:59 - [TEST_STEP][PASSED] - setText(findTestObject("Object Repository/RecAndPlayBk/Page-Vlink-Sale/input_concat(Cardholder, , s email)_email"), ""): Text '' is set on object 'Object Repository/RecAndPlayBk/Page-Vlink-Sale/input_concat(Cardholder, , s email)_email'

2024-05-15 23:49:00 - [MESSAGE][PASSED] - Text '' is set on object 'Object Repository/RecAndPlayBk/Page-Vlink-Sale/input_concat(Cardholder, , s email)_email'

2024-05-15 23:49:00 - [TEST_STEP][PASSED] - click(findTestObject("Object Repository/RecAndPlayBk/Page-Vlink-Sale/input_user_defined10_user_defined10")): Object: 'Object Repository/RecAndPlayBk/Page-Vlink-Sale/input_user_defined10_user_defined10' is clicked on

2024-05-15 23:49:00 - [MESSAGE][PASSED] - Object: 'Object Repository/RecAndPlayBk/Page-Vlink-Sale/input_user_defined10_user_defined10' is clicked on

2024-05-15 23:49:00 - [TEST_STEP][PASSED] - if (executionProfile.equalsIgnoreCase("QAProfile") || executionProfile.equalsIgnoreCase("DemoProfile")): null

2024-05-15 23:49:00 - [TEST_STEP][PASSED] - click(findTestObject("Object Repository/RecAndPlayBk/Page-Vlink-Sale/input")): Object: 'Object Repository/RecAndPlayBk/Page-Vlink-Sale/input' is clicked on

2024-05-15 23:49:02 - [MESSAGE][PASSED] - Object: 'Object Repository/RecAndPlayBk/Page-Vlink-Sale/input' is clicked on

2024-05-15 23:49:02 - [TEST_STEP][PASSED] - if (verifyTextPresent("Transaction approved, no errors", true)): null

2024-05-15 23:49:02 - [MESSAGE][PASSED] - Text 'Transaction approved, no errors' is present on page  using regular expression

2024-05-15 23:49:02 - [TEST_STEP][PASSED] - println("Transaction Approved, no errors text is present on the Confirmation page"): null

2024-05-15 23:49:02 - [TEST_STEP][PASSED] - sdfo = getText(findTestObject("Object Repository/Page_VLinkReceipt/pre_STX")): Text of object 'Object Repository/Page_VLinkReceipt/pre_STX' is: '<STX>0g0UrY83oyJ2                  12151651            0  Transaction approved, no errors                   0                                                                                  YP015849   <ETX>'

2024-05-15 23:49:02 - [MESSAGE][PASSED] - Text of object 'Object Repository/Page_VLinkReceipt/pre_STX' is: '<STX>0g0UrY83oyJ2                  12151651            0  Transaction approved, no errors                   0                                                                                  YP015849   <ETX>'

2024-05-15 23:49:02 - [TEST_STEP][PASSED] - out.println("sdfo: " + sdfo): null

2024-05-15 23:49:02 - [TEST_STEP][PASSED] - remID = substring(5, 35).trim(): null

2024-05-15 23:49:02 - [TEST_STEP][PASSED] - out.println("remID: " + remID): null

2024-05-15 23:49:02 - [TEST_STEP][PASSED] - traxID = substring(35, 55).trim(): null

2024-05-15 23:49:02 - [TEST_STEP][PASSED] - out.println("traxID: " + traxID): null

2024-05-15 23:49:02 - [TEST_STEP][PASSED] - VLinkSaleRemID = remID: null

2024-05-15 23:49:02 - [TEST_STEP][PASSED] - VLinkSaleTranxID = traxID: null

2024-05-15 23:49:02 - [TEST_STEP][PASSED] - openBrowser(VLinkURL + "CC_credit.html"): Browser is opened with url: 'https://dev-algorithm.govolution.com/vlinktest/QA2/version_2_0/CC_credit.html'

2024-05-15 23:49:02 - [MESSAGE][WARNING] - A browser is already opened. Closing browser and opening a new one

2024-05-15 23:49:04 - [MESSAGE][INFO] - Starting 'Chrome' driver

2024-05-15 23:49:04 - [MESSAGE][INFO] - User set preference: ['acceptInsecureCerts', 'true']

2024-05-15 23:49:04 - [MESSAGE][INFO] - Action delay is set to 0 milliseconds

2024-05-15 23:49:06 - [MESSAGE][PASSED] - Browser is opened with url: 'https://dev-algorithm.govolution.com/vlinktest/QA2/version_2_0/CC_credit.html'

2024-05-15 23:49:06 - [TEST_STEP][PASSED] - maximizeWindow(): Current window maximized

2024-05-15 23:49:06 - [MESSAGE][PASSED] - Current window maximized

2024-05-15 23:49:06 - [TEST_STEP][PASSED] - setText(findTestObject("Object Repository/RecAndPlayBk/Page-Vlink-CC-Credit/input_Remittance Id"), VLinkSaleRemID): Text '0g0UrY83oyJ2' is set on object 'Object Repository/RecAndPlayBk/Page-Vlink-CC-Credit/input_Remittance Id'

2024-05-15 23:49:07 - [MESSAGE][PASSED] - Text '0g0UrY83oyJ2' is set on object 'Object Repository/RecAndPlayBk/Page-Vlink-CC-Credit/input_Remittance Id'

2024-05-15 23:49:07 - [TEST_STEP][PASSED] - setText(findTestObject("Object Repository/RecAndPlayBk/Page-Vlink-CC-Credit/input_Application Id"), appID): Text '581' is set on object 'Object Repository/RecAndPlayBk/Page-Vlink-CC-Credit/input_Application Id'

2024-05-15 23:49:07 - [MESSAGE][PASSED] - Text '581' is set on object 'Object Repository/RecAndPlayBk/Page-Vlink-CC-Credit/input_Application Id'

2024-05-15 23:49:07 - [TEST_STEP][PASSED] - setText(findTestObject("Object Repository/RecAndPlayBk/Page-Vlink-CC-Credit/input_Username"), username): Text 'usr581' is set on object 'Object Repository/RecAndPlayBk/Page-Vlink-CC-Credit/input_Username'

2024-05-15 23:49:08 - [MESSAGE][PASSED] - Text 'usr581' is set on object 'Object Repository/RecAndPlayBk/Page-Vlink-CC-Credit/input_Username'

2024-05-15 23:49:08 - [TEST_STEP][PASSED] - setText(findTestObject("Object Repository/RecAndPlayBk/Page-Vlink-CC-Credit/input_Password"), password): Text 'pwd581' is set on object 'Object Repository/RecAndPlayBk/Page-Vlink-CC-Credit/input_Password'

2024-05-15 23:49:09 - [MESSAGE][PASSED] - Text 'pwd581' is set on object 'Object Repository/RecAndPlayBk/Page-Vlink-CC-Credit/input_Password'

2024-05-15 23:49:09 - [TEST_STEP][PASSED] - setText(findTestObject("Object Repository/RecAndPlayBk/Page-Vlink-CC-Credit/input_Transaction ID"), VLinkSaleTranxID): Text '12151651' is set on object 'Object Repository/RecAndPlayBk/Page-Vlink-CC-Credit/input_Transaction ID'

2024-05-15 23:49:09 - [MESSAGE][PASSED] - Text '12151651' is set on object 'Object Repository/RecAndPlayBk/Page-Vlink-CC-Credit/input_Transaction ID'

2024-05-15 23:49:09 - [TEST_STEP][PASSED] - setText(findTestObject("Object Repository/RecAndPlayBk/Page-Vlink-CC-Credit/input_Amount"), amount): Text '10.5' is set on object 'Object Repository/RecAndPlayBk/Page-Vlink-CC-Credit/input_Amount'

2024-05-15 23:49:10 - [MESSAGE][PASSED] - Text '10.5' is set on object 'Object Repository/RecAndPlayBk/Page-Vlink-CC-Credit/input_Amount'

2024-05-15 23:49:10 - [TEST_STEP][PASSED] - setText(findTestObject("Object Repository/RecAndPlayBk/Page-Vlink-CC-Credit/input_Card number"), ""): Text '' is set on object 'Object Repository/RecAndPlayBk/Page-Vlink-CC-Credit/input_Card number'

2024-05-15 23:49:11 - [MESSAGE][PASSED] - Text '' is set on object 'Object Repository/RecAndPlayBk/Page-Vlink-CC-Credit/input_Card number'

2024-05-15 23:49:11 - [TEST_STEP][PASSED] - setText(findTestObject("Object Repository/RecAndPlayBk/Page-Vlink-CC-Credit/input_Card ex month"), ""): Text '' is set on object 'Object Repository/RecAndPlayBk/Page-Vlink-CC-Credit/input_Card ex month'

2024-05-15 23:49:11 - [MESSAGE][PASSED] - Text '' is set on object 'Object Repository/RecAndPlayBk/Page-Vlink-CC-Credit/input_Card ex month'

2024-05-15 23:49:11 - [TEST_STEP][PASSED] - setText(findTestObject("Object Repository/RecAndPlayBk/Page-Vlink-CC-Credit/input_Card ex year"), ""): Text '' is set on object 'Object Repository/RecAndPlayBk/Page-Vlink-CC-Credit/input_Card ex year'

2024-05-15 23:49:12 - [MESSAGE][PASSED] - Text '' is set on object 'Object Repository/RecAndPlayBk/Page-Vlink-CC-Credit/input_Card ex year'

2024-05-15 23:49:12 - [TEST_STEP][PASSED] - setText(findTestObject("Object Repository/RecAndPlayBk/Page-Vlink-CC-Credit/input_Track Data"), ""): Text '' is set on object 'Object Repository/RecAndPlayBk/Page-Vlink-CC-Credit/input_Track Data'

2024-05-15 23:49:12 - [MESSAGE][PASSED] - Text '' is set on object 'Object Repository/RecAndPlayBk/Page-Vlink-CC-Credit/input_Track Data'

2024-05-15 23:49:12 - [TEST_STEP][PASSED] - setText(findTestObject("Object Repository/RecAndPlayBk/Page-Vlink-CC-Credit/input_Category Code"), category): Text 'ECOM' is set on object 'Object Repository/RecAndPlayBk/Page-Vlink-CC-Credit/input_Category Code'

2024-05-15 23:49:13 - [MESSAGE][PASSED] - Text 'ECOM' is set on object 'Object Repository/RecAndPlayBk/Page-Vlink-CC-Credit/input_Category Code'

2024-05-15 23:49:13 - [TEST_STEP][PASSED] - click(findTestObject("Object Repository/RecAndPlayBk/Page-Vlink-CC-Credit/input")): Object: 'Object Repository/RecAndPlayBk/Page-Vlink-CC-Credit/input' is clicked on

2024-05-15 23:49:27 - [MESSAGE][PASSED] - Object: 'Object Repository/RecAndPlayBk/Page-Vlink-CC-Credit/input' is clicked on

2024-05-15 23:49:27 - [TEST_STEP][PASSED] - if (verifyTextPresent("Transaction approved, no errors", true)): null

2024-05-15 23:49:27 - [MESSAGE][PASSED] - Text 'Transaction approved, no errors' is present on page  using regular expression

2024-05-15 23:49:27 - [TEST_STEP][PASSED] - sdfo = getText(findTestObject("Object Repository/Page_VLinkReceipt/pre_STX")): Text of object 'Object Repository/Page_VLinkReceipt/pre_STX' is: '<STX>0g0UrY83oyJ2                  12151652            0  Transaction approved, no errors                   0                                                                                    015850   <ETX>'

2024-05-15 23:49:27 - [MESSAGE][PASSED] - Text of object 'Object Repository/Page_VLinkReceipt/pre_STX' is: '<STX>0g0UrY83oyJ2                  12151652            0  Transaction approved, no errors                   0                                                                                    015850   <ETX>'

2024-05-15 23:49:27 - [TEST_STEP][PASSED] - out.println("sdfo: " + sdfo): null

2024-05-15 23:49:27 - [TEST_STEP][PASSED] - remID = substring(5, 35).trim(): null

2024-05-15 23:49:27 - [TEST_STEP][PASSED] - out.println("remID: " + remID): null

2024-05-15 23:49:27 - [TEST_STEP][PASSED] - traxID = substring(35, 55).trim(): null

2024-05-15 23:49:27 - [TEST_STEP][PASSED] - out.println("traxID: " + traxID): null

2024-05-15 23:49:27 - [TEST_STEP][PASSED] - VLinkSaleRemID = remID: null

2024-05-15 23:49:27 - [TEST_STEP][PASSED] - VLinkSaleTranxID = traxID: null

2024-05-15 23:49:27 - [TEST_STEP][PASSED] - openBrowser(VLinkURL + "CC_void.html"): Browser is opened with url: 'https://dev-algorithm.govolution.com/vlinktest/QA2/version_2_0/CC_void.html'

2024-05-15 23:49:27 - [MESSAGE][WARNING] - A browser is already opened. Closing browser and opening a new one

2024-05-15 23:49:29 - [MESSAGE][INFO] - Starting 'Chrome' driver

2024-05-15 23:49:29 - [MESSAGE][INFO] - User set preference: ['acceptInsecureCerts', 'true']

2024-05-15 23:49:29 - [MESSAGE][INFO] - Action delay is set to 0 milliseconds

2024-05-15 23:49:31 - [MESSAGE][PASSED] - Browser is opened with url: 'https://dev-algorithm.govolution.com/vlinktest/QA2/version_2_0/CC_void.html'

2024-05-15 23:49:31 - [TEST_STEP][PASSED] - maximizeWindow(): Current window maximized

2024-05-15 23:49:31 - [MESSAGE][PASSED] - Current window maximized

2024-05-15 23:49:31 - [TEST_STEP][PASSED] - setText(findTestObject("Object Repository/RecAndPlayBk/Page-Vlink-CC-Void/txt_RemID"), VLinkSaleRemID): Text '0g0UrY83oyJ2' is set on object 'Object Repository/RecAndPlayBk/Page-Vlink-CC-Void/txt_RemID'

2024-05-15 23:49:32 - [MESSAGE][PASSED] - Text '0g0UrY83oyJ2' is set on object 'Object Repository/RecAndPlayBk/Page-Vlink-CC-Void/txt_RemID'

2024-05-15 23:49:32 - [TEST_STEP][PASSED] - setText(findTestObject("Object Repository/RecAndPlayBk/Page-Vlink-CC-Void/txt_ApplicationID"), appID): Text '581' is set on object 'Object Repository/RecAndPlayBk/Page-Vlink-CC-Void/txt_ApplicationID'

2024-05-15 23:49:32 - [MESSAGE][PASSED] - Text '581' is set on object 'Object Repository/RecAndPlayBk/Page-Vlink-CC-Void/txt_ApplicationID'

2024-05-15 23:49:32 - [TEST_STEP][PASSED] - setText(findTestObject("Object Repository/RecAndPlayBk/Page-Vlink-CC-Void/txt_Username"), username): Text 'usr581' is set on object 'Object Repository/RecAndPlayBk/Page-Vlink-CC-Void/txt_Username'

2024-05-15 23:49:33 - [MESSAGE][PASSED] - Text 'usr581' is set on object 'Object Repository/RecAndPlayBk/Page-Vlink-CC-Void/txt_Username'

2024-05-15 23:49:33 - [TEST_STEP][PASSED] - setText(findTestObject("Object Repository/RecAndPlayBk/Page-Vlink-CC-Void/txt_Password"), password): Text 'pwd581' is set on object 'Object Repository/RecAndPlayBk/Page-Vlink-CC-Void/txt_Password'

2024-05-15 23:49:34 - [MESSAGE][PASSED] - Text 'pwd581' is set on object 'Object Repository/RecAndPlayBk/Page-Vlink-CC-Void/txt_Password'

2024-05-15 23:49:34 - [TEST_STEP][PASSED] - setText(findTestObject("Object Repository/RecAndPlayBk/Page-Vlink-CC-Void/txt_TransactionID"), VLinkSaleTranxID): Text '12151652' is set on object 'Object Repository/RecAndPlayBk/Page-Vlink-CC-Void/txt_TransactionID'

2024-05-15 23:49:34 - [MESSAGE][PASSED] - Text '12151652' is set on object 'Object Repository/RecAndPlayBk/Page-Vlink-CC-Void/txt_TransactionID'

2024-05-15 23:49:34 - [TEST_STEP][PASSED] - setText(findTestObject("Object Repository/RecAndPlayBk/Page-Vlink-CC-Void/txt_OriginalTransactionType"), "104"): Text '104' is set on object 'Object Repository/RecAndPlayBk/Page-Vlink-CC-Void/txt_OriginalTransactionType'

2024-05-15 23:49:35 - [MESSAGE][PASSED] - Text '104' is set on object 'Object Repository/RecAndPlayBk/Page-Vlink-CC-Void/txt_OriginalTransactionType'

2024-05-15 23:49:35 - [TEST_STEP][PASSED] - setText(findTestObject("Object Repository/RecAndPlayBk/Page-Vlink-CC-Void/txt_TrackData"), ""): Text '' is set on object 'Object Repository/RecAndPlayBk/Page-Vlink-CC-Void/txt_TrackData'

2024-05-15 23:49:35 - [MESSAGE][PASSED] - Text '' is set on object 'Object Repository/RecAndPlayBk/Page-Vlink-CC-Void/txt_TrackData'

2024-05-15 23:49:35 - [TEST_STEP][PASSED] - click(findTestObject("Object Repository/RecAndPlayBk/Page-Vlink-CC-Void/btn_ProcessVLinkTransaction")): Object: 'Object Repository/RecAndPlayBk/Page-Vlink-CC-Void/btn_ProcessVLinkTransaction' is clicked on

2024-05-15 23:49:37 - [MESSAGE][PASSED] - Object: 'Object Repository/RecAndPlayBk/Page-Vlink-CC-Void/btn_ProcessVLinkTransaction' is clicked on

2024-05-15 23:49:37 - [TEST_STEP][PASSED] - if (verifyTextPresent("Transaction approved, no errors", true)): null

2024-05-15 23:49:37 - [MESSAGE][PASSED] - Text 'Transaction approved, no errors' is present on page  using regular expression

2024-05-15 23:49:37 - [TEST_STEP][PASSED] - println("Transaction Approved, no errors text is present on the Confirmation page"): null

2024-05-15 23:49:37 - [TEST_STEP][PASSED] - out.println("Pass Record Number: " + row): null

2024-05-15 23:49:37 - [TEST_STEP][PASSED] - resText = "Pass": null

2024-05-15 23:49:37 - [TEST_STEP][PASSED] - pages.WriteExcel.demoKey(resText, datText, resColumn, datCloumn, fileLoc, nameSheet, row): pages.WriteExcel.demoKey is PASSED

2024-05-15 23:49:37 - [MESSAGE][PASSED] - pages.WriteExcel.demoKey is PASSED]]></system-out>
         <system-err><![CDATA[]]></system-err>
      </testcase>
      <testcase name="Test Cases/RecAndPlayBk/VLink/Auth-Cap-Void" time="172.546" classname="Test Cases/RecAndPlayBk/VLink/Auth-Cap-Void" status="PASSED">
         <system-out><![CDATA[2024-05-15 23:49:37 - [TEST_CASE][PASSED] - Test Cases/RecAndPlayBk/VLink/Auth-Cap-Void: Test Cases/RecAndPlayBk/VLink/Auth-Cap-Void

2024-05-15 23:49:38 - [TEST_STEP][PASSED] - executionProfile = getExecutionProfile(): null

2024-05-15 23:49:38 - [TEST_STEP][PASSED] - out.println("executionProfile : " + executionProfile): null

2024-05-15 23:49:38 - [TEST_STEP][PASSED] - appName = <not implemented yet for class: org.codehaus.groovy.ast.expr.EmptyExpression>: null

2024-05-15 23:49:38 - [TEST_STEP][PASSED] - appID = <not implemented yet for class: org.codehaus.groovy.ast.expr.EmptyExpression>: null

2024-05-15 23:49:38 - [TEST_STEP][PASSED] - username = <not implemented yet for class: org.codehaus.groovy.ast.expr.EmptyExpression>: null

2024-05-15 23:49:38 - [TEST_STEP][PASSED] - password = <not implemented yet for class: org.codehaus.groovy.ast.expr.EmptyExpression>: null

2024-05-15 23:49:38 - [TEST_STEP][PASSED] - cardNameV = <not implemented yet for class: org.codehaus.groovy.ast.expr.EmptyExpression>: null

2024-05-15 23:49:38 - [TEST_STEP][PASSED] - al1V = <not implemented yet for class: org.codehaus.groovy.ast.expr.EmptyExpression>: null

2024-05-15 23:49:38 - [TEST_STEP][PASSED] - al2V = <not implemented yet for class: org.codehaus.groovy.ast.expr.EmptyExpression>: null

2024-05-15 23:49:38 - [TEST_STEP][PASSED] - zipV = <not implemented yet for class: org.codehaus.groovy.ast.expr.EmptyExpression>: null

2024-05-15 23:49:38 - [TEST_STEP][PASSED] - cardTypeV = <not implemented yet for class: org.codehaus.groovy.ast.expr.EmptyExpression>: null

2024-05-15 23:49:38 - [TEST_STEP][PASSED] - last4V = <not implemented yet for class: org.codehaus.groovy.ast.expr.EmptyExpression>: null

2024-05-15 23:49:38 - [TEST_STEP][PASSED] - resText = "Fail": null

2024-05-15 23:49:38 - [TEST_STEP][PASSED] - resColumn = "Result": null

2024-05-15 23:49:38 - [TEST_STEP][PASSED] - datCloumn = "Date": null

2024-05-15 23:49:38 - [TEST_STEP][PASSED] - fileLoc = "KatalonData/VLinkSmokeData.xlsx": null

2024-05-15 23:49:38 - [TEST_STEP][PASSED] - numOfRows = <not implemented yet for class: org.codehaus.groovy.ast.expr.EmptyExpression>: null

2024-05-15 23:49:38 - [TEST_STEP][PASSED] - dataFile = <not implemented yet for class: org.codehaus.groovy.ast.expr.EmptyExpression>: null

2024-05-15 23:49:38 - [TEST_STEP][PASSED] - nameSheet = <not implemented yet for class: org.codehaus.groovy.ast.expr.EmptyExpression>: null

2024-05-15 23:49:38 - [TEST_STEP][PASSED] - nameSheet = "Auth-Cap-Void": null

2024-05-15 23:49:38 - [TEST_STEP][PASSED] - numOfRows = findTestData("QA/VLinkTestData/VLinkAuthCapVoidData").getRowNumbers(): null

2024-05-15 23:49:38 - [TEST_STEP][PASSED] - println("Number of Records: " + numOfRows): null

2024-05-15 23:49:38 - [TEST_STEP][PASSED] - dataFile = "QA/VLinkTestData/VLinkAuthCapVoidData": null

2024-05-15 23:49:38 - [TEST_STEP][PASSED] - for ([row = 1, row <= numOfRows, (row++)]): null

2024-05-15 23:49:38 - [TEST_STEP][PASSED] - ExecuteTC = findTestData(dataFile).getValue("Execute", row): null

2024-05-15 23:49:38 - [TEST_STEP][PASSED] - out.println("Value of Execute is : " + ExecuteTC): null

2024-05-15 23:49:38 - [TEST_STEP][PASSED] - switch (executionProfile): null

2024-05-15 23:49:38 - [TEST_STEP][PASSED] - case "QA2Profile":: null

2024-05-15 23:49:38 - [TEST_STEP][PASSED] - appID = findTestData(dataFile).getValue("AppIDQA", row): null

2024-05-15 23:49:38 - [TEST_STEP][PASSED] - username = findTestData(dataFile).getValue("UsernameQA", row): null

2024-05-15 23:49:38 - [TEST_STEP][PASSED] - password = findTestData(dataFile).getValue("PasswordQA", row): null

2024-05-15 23:49:38 - [TEST_STEP][PASSED] - break: null

2024-05-15 23:49:38 - [TEST_STEP][PASSED] - if (ExecuteTC.equalsIgnoreCase("Y")): null

2024-05-15 23:49:38 - [TEST_STEP][PASSED] - out.println("Begin Record Number: " + row): null

2024-05-15 23:49:38 - [TEST_STEP][PASSED] - today = new java.util.Date(): null

2024-05-15 23:49:38 - [TEST_STEP][PASSED] - println(today): null

2024-05-15 23:49:38 - [TEST_STEP][PASSED] - datText = today: null

2024-05-15 23:49:38 - [TEST_STEP][PASSED] - category = findTestData(dataFile).getValue("Category", row): null

2024-05-15 23:49:38 - [TEST_STEP][PASSED] - amount = findTestData(dataFile).getValue("Amount", row): null

2024-05-15 23:49:38 - [TEST_STEP][PASSED] - cardNumber = findTestData(dataFile).getValue("CardNumber", row): null

2024-05-15 23:49:39 - [TEST_STEP][PASSED] - exM = findTestData(dataFile).getValue("ExM", row): null

2024-05-15 23:49:39 - [TEST_STEP][PASSED] - exY = findTestData(dataFile).getValue("ExY", row): null

2024-05-15 23:49:39 - [TEST_STEP][PASSED] - openBrowser(VLinkURL + "auth.html"): Browser is opened with url: 'https://dev-algorithm.govolution.com/vlinktest/QA2/version_2_0/auth.html'

2024-05-15 23:49:39 - [MESSAGE][WARNING] - A browser is already opened. Closing browser and opening a new one

2024-05-15 23:49:40 - [MESSAGE][INFO] - Starting 'Chrome' driver

2024-05-15 23:49:40 - [MESSAGE][INFO] - User set preference: ['acceptInsecureCerts', 'true']

2024-05-15 23:49:40 - [MESSAGE][INFO] - Action delay is set to 0 milliseconds

2024-05-15 23:49:42 - [MESSAGE][PASSED] - Browser is opened with url: 'https://dev-algorithm.govolution.com/vlinktest/QA2/version_2_0/auth.html'

2024-05-15 23:49:42 - [TEST_STEP][PASSED] - maximizeWindow(): Current window maximized

2024-05-15 23:49:42 - [MESSAGE][PASSED] - Current window maximized

2024-05-15 23:49:42 - [TEST_STEP][PASSED] - genRemID = RandomStringUtils.random(12, true, true): null

2024-05-15 23:49:42 - [TEST_STEP][PASSED] - setText(findTestObject("Object Repository/RecAndPlayBk/Page-Vlink-AuthOnly/input_Remittance Id_remittance_id"), genRemID): Text 'hqUFFWGrvrXc' is set on object 'Object Repository/RecAndPlayBk/Page-Vlink-AuthOnly/input_Remittance Id_remittance_id'

2024-05-15 23:49:43 - [MESSAGE][PASSED] - Text 'hqUFFWGrvrXc' is set on object 'Object Repository/RecAndPlayBk/Page-Vlink-AuthOnly/input_Remittance Id_remittance_id'

2024-05-15 23:49:43 - [TEST_STEP][PASSED] - setText(findTestObject("Object Repository/RecAndPlayBk/Page-Vlink-AuthOnly/input_Application Id_application_id"), appID): Text '234' is set on object 'Object Repository/RecAndPlayBk/Page-Vlink-AuthOnly/input_Application Id_application_id'

2024-05-15 23:49:44 - [MESSAGE][PASSED] - Text '234' is set on object 'Object Repository/RecAndPlayBk/Page-Vlink-AuthOnly/input_Application Id_application_id'

2024-05-15 23:49:44 - [TEST_STEP][PASSED] - setText(findTestObject("Object Repository/RecAndPlayBk/Page-Vlink-AuthOnly/input_Username_username"), username): Text 'username' is set on object 'Object Repository/RecAndPlayBk/Page-Vlink-AuthOnly/input_Username_username'

2024-05-15 23:49:44 - [MESSAGE][PASSED] - Text 'username' is set on object 'Object Repository/RecAndPlayBk/Page-Vlink-AuthOnly/input_Username_username'

2024-05-15 23:49:44 - [TEST_STEP][PASSED] - setText(findTestObject("Object Repository/RecAndPlayBk/Page-Vlink-AuthOnly/input_Password_password"), password): Text 'password' is set on object 'Object Repository/RecAndPlayBk/Page-Vlink-AuthOnly/input_Password_password'

2024-05-15 23:49:45 - [MESSAGE][PASSED] - Text 'password' is set on object 'Object Repository/RecAndPlayBk/Page-Vlink-AuthOnly/input_Password_password'

2024-05-15 23:49:45 - [TEST_STEP][PASSED] - setText(findTestObject("Object Repository/RecAndPlayBk/Page-Vlink-AuthOnly/input_Category_category"), category): Text 'ECOM' is set on object 'Object Repository/RecAndPlayBk/Page-Vlink-AuthOnly/input_Category_category'

2024-05-15 23:49:46 - [MESSAGE][PASSED] - Text 'ECOM' is set on object 'Object Repository/RecAndPlayBk/Page-Vlink-AuthOnly/input_Category_category'

2024-05-15 23:49:46 - [TEST_STEP][PASSED] - setText(findTestObject("Object Repository/RecAndPlayBk/Page-Vlink-AuthOnly/input_Amount_amount"), amount): Text '10.5' is set on object 'Object Repository/RecAndPlayBk/Page-Vlink-AuthOnly/input_Amount_amount'

2024-05-15 23:49:46 - [MESSAGE][PASSED] - Text '10.5' is set on object 'Object Repository/RecAndPlayBk/Page-Vlink-AuthOnly/input_Amount_amount'

2024-05-15 23:49:46 - [TEST_STEP][PASSED] - doubleClick(findTestObject("Object Repository/RecAndPlayBk/Page-Vlink-AuthOnly/input_Card number_card_number")): Object: 'Object Repository/RecAndPlayBk/Page-Vlink-AuthOnly/input_Card number_card_number' is double clicked on

2024-05-15 23:49:47 - [MESSAGE][PASSED] - Object: 'Object Repository/RecAndPlayBk/Page-Vlink-AuthOnly/input_Card number_card_number' is double clicked on

2024-05-15 23:49:47 - [TEST_STEP][PASSED] - setText(findTestObject("Object Repository/RecAndPlayBk/Page-Vlink-AuthOnly/input_Card number_card_number"), cardNumber): Text '4111111111111111' is set on object 'Object Repository/RecAndPlayBk/Page-Vlink-AuthOnly/input_Card number_card_number'

2024-05-15 23:49:47 - [MESSAGE][PASSED] - Text '4111111111111111' is set on object 'Object Repository/RecAndPlayBk/Page-Vlink-AuthOnly/input_Card number_card_number'

2024-05-15 23:49:47 - [TEST_STEP][PASSED] - setText(findTestObject("Object Repository/RecAndPlayBk/Page-Vlink-AuthOnly/input_Card ex month_card_exmo"), exM): Text '12' is set on object 'Object Repository/RecAndPlayBk/Page-Vlink-AuthOnly/input_Card ex month_card_exmo'

2024-05-15 23:49:48 - [MESSAGE][PASSED] - Text '12' is set on object 'Object Repository/RecAndPlayBk/Page-Vlink-AuthOnly/input_Card ex month_card_exmo'

2024-05-15 23:49:48 - [TEST_STEP][PASSED] - setText(findTestObject("Object Repository/RecAndPlayBk/Page-Vlink-AuthOnly/input_Card ex year_card_exyr"), exY): Text '2029' is set on object 'Object Repository/RecAndPlayBk/Page-Vlink-AuthOnly/input_Card ex year_card_exyr'

2024-05-15 23:49:49 - [MESSAGE][PASSED] - Text '2029' is set on object 'Object Repository/RecAndPlayBk/Page-Vlink-AuthOnly/input_Card ex year_card_exyr'

2024-05-15 23:49:49 - [TEST_STEP][PASSED] - click(findTestObject("Object Repository/RecAndPlayBk/Page-Vlink-AuthOnly/input_Track Data_track_data")): Object: 'Object Repository/RecAndPlayBk/Page-Vlink-AuthOnly/input_Track Data_track_data' is clicked on

2024-05-15 23:49:49 - [MESSAGE][PASSED] - Object: 'Object Repository/RecAndPlayBk/Page-Vlink-AuthOnly/input_Track Data_track_data' is clicked on

2024-05-15 23:49:49 - [TEST_STEP][PASSED] - click(findTestObject("Object Repository/RecAndPlayBk/Page-Vlink-AuthOnly/input_CVV state_cvv_state")): Object: 'Object Repository/RecAndPlayBk/Page-Vlink-AuthOnly/input_CVV state_cvv_state' is clicked on

2024-05-15 23:49:49 - [MESSAGE][PASSED] - Object: 'Object Repository/RecAndPlayBk/Page-Vlink-AuthOnly/input_CVV state_cvv_state' is clicked on

2024-05-15 23:49:49 - [TEST_STEP][PASSED] - setText(findTestObject("Object Repository/RecAndPlayBk/Page-Vlink-AuthOnly/input_Track Data_track_data"), ""): Text '' is set on object 'Object Repository/RecAndPlayBk/Page-Vlink-AuthOnly/input_Track Data_track_data'

2024-05-15 23:49:50 - [MESSAGE][PASSED] - Text '' is set on object 'Object Repository/RecAndPlayBk/Page-Vlink-AuthOnly/input_Track Data_track_data'

2024-05-15 23:49:50 - [TEST_STEP][PASSED] - setText(findTestObject("Object Repository/RecAndPlayBk/Page-Vlink-AuthOnly/input_concat(Cardholder, , s email)_email"), ""): Text '' is set on object 'Object Repository/RecAndPlayBk/Page-Vlink-AuthOnly/input_concat(Cardholder, , s email)_email'

2024-05-15 23:49:51 - [MESSAGE][PASSED] - Text '' is set on object 'Object Repository/RecAndPlayBk/Page-Vlink-AuthOnly/input_concat(Cardholder, , s email)_email'

2024-05-15 23:49:51 - [TEST_STEP][PASSED] - click(findTestObject("Object Repository/RecAndPlayBk/Page-Vlink-AuthOnly/input_user_defined10_user_defined10")): Object: 'Object Repository/RecAndPlayBk/Page-Vlink-AuthOnly/input_user_defined10_user_defined10' is clicked on

2024-05-15 23:49:51 - [MESSAGE][PASSED] - Object: 'Object Repository/RecAndPlayBk/Page-Vlink-AuthOnly/input_user_defined10_user_defined10' is clicked on

2024-05-15 23:49:51 - [TEST_STEP][PASSED] - if (executionProfile.equalsIgnoreCase("QAProfile")): null

2024-05-15 23:49:51 - [TEST_STEP][PASSED] - click(findTestObject("Object Repository/RecAndPlayBk/Page-Vlink-AuthOnly/input")): Object: 'Object Repository/RecAndPlayBk/Page-Vlink-AuthOnly/input' is clicked on

2024-05-15 23:49:52 - [MESSAGE][PASSED] - Object: 'Object Repository/RecAndPlayBk/Page-Vlink-AuthOnly/input' is clicked on

2024-05-15 23:49:52 - [TEST_STEP][PASSED] - if (verifyTextPresent("Transaction approved, no errors", true)): null

2024-05-15 23:49:52 - [MESSAGE][PASSED] - Text 'Transaction approved, no errors' is present on page  using regular expression

2024-05-15 23:49:52 - [TEST_STEP][PASSED] - out.println("Auth was successful, Capture now"): null

2024-05-15 23:49:52 - [TEST_STEP][PASSED] - sdfo = getText(findTestObject("Object Repository/Page_VLinkReceipt/pre_STX")): Text of object 'Object Repository/Page_VLinkReceipt/pre_STX' is: '<STX>hqUFFWGrvrXc                  12151654            0  Transaction approved, no errors                   0                                                                                  Y 730840718<ETX>'

2024-05-15 23:49:53 - [MESSAGE][PASSED] - Text of object 'Object Repository/Page_VLinkReceipt/pre_STX' is: '<STX>hqUFFWGrvrXc                  12151654            0  Transaction approved, no errors                   0                                                                                  Y 730840718<ETX>'

2024-05-15 23:49:53 - [TEST_STEP][PASSED] - out.println("sdfo: " + sdfo): null

2024-05-15 23:49:53 - [TEST_STEP][PASSED] - remID = substring(5, 35).trim(): null

2024-05-15 23:49:53 - [TEST_STEP][PASSED] - out.println("remID: " + remID): null

2024-05-15 23:49:53 - [TEST_STEP][PASSED] - traxID = substring(35, 55).trim(): null

2024-05-15 23:49:53 - [TEST_STEP][PASSED] - out.println("traxID: " + traxID): null

2024-05-15 23:49:53 - [TEST_STEP][PASSED] - VLinkSaleRemID = remID: null

2024-05-15 23:49:53 - [TEST_STEP][PASSED] - VLinkSaleTranxID = traxID: null

2024-05-15 23:49:53 - [TEST_STEP][PASSED] - openBrowser(VLinkURL + "capture.html"): Browser is opened with url: 'https://dev-algorithm.govolution.com/vlinktest/QA2/version_2_0/capture.html'

2024-05-15 23:49:53 - [MESSAGE][WARNING] - A browser is already opened. Closing browser and opening a new one

2024-05-15 23:49:54 - [MESSAGE][INFO] - Starting 'Chrome' driver

2024-05-15 23:49:54 - [MESSAGE][INFO] - User set preference: ['acceptInsecureCerts', 'true']

2024-05-15 23:49:54 - [MESSAGE][INFO] - Action delay is set to 0 milliseconds

2024-05-15 23:49:56 - [MESSAGE][PASSED] - Browser is opened with url: 'https://dev-algorithm.govolution.com/vlinktest/QA2/version_2_0/capture.html'

2024-05-15 23:49:56 - [TEST_STEP][PASSED] - maximizeWindow(): Current window maximized

2024-05-15 23:49:57 - [MESSAGE][PASSED] - Current window maximized

2024-05-15 23:49:57 - [TEST_STEP][PASSED] - setText(findTestObject("Object Repository/RecAndPlayBk/Page-VLink-Capture/input_Remittance Id_remittance_id"), VLinkSaleRemID): Text 'hqUFFWGrvrXc' is set on object 'Object Repository/RecAndPlayBk/Page-VLink-Capture/input_Remittance Id_remittance_id'

2024-05-15 23:49:57 - [MESSAGE][PASSED] - Text 'hqUFFWGrvrXc' is set on object 'Object Repository/RecAndPlayBk/Page-VLink-Capture/input_Remittance Id_remittance_id'

2024-05-15 23:49:57 - [TEST_STEP][PASSED] - setText(findTestObject("Object Repository/RecAndPlayBk/Page-VLink-Capture/input_Application Id_application_id"), appID): Text '234' is set on object 'Object Repository/RecAndPlayBk/Page-VLink-Capture/input_Application Id_application_id'

2024-05-15 23:49:58 - [MESSAGE][PASSED] - Text '234' is set on object 'Object Repository/RecAndPlayBk/Page-VLink-Capture/input_Application Id_application_id'

2024-05-15 23:49:58 - [TEST_STEP][PASSED] - setText(findTestObject("Object Repository/RecAndPlayBk/Page-VLink-Capture/input_Username_username"), username): Text 'username' is set on object 'Object Repository/RecAndPlayBk/Page-VLink-Capture/input_Username_username'

2024-05-15 23:49:59 - [MESSAGE][PASSED] - Text 'username' is set on object 'Object Repository/RecAndPlayBk/Page-VLink-Capture/input_Username_username'

2024-05-15 23:49:59 - [TEST_STEP][PASSED] - setText(findTestObject("Object Repository/RecAndPlayBk/Page-VLink-Capture/input_Password_password"), password): Text 'password' is set on object 'Object Repository/RecAndPlayBk/Page-VLink-Capture/input_Password_password'

2024-05-15 23:49:59 - [MESSAGE][PASSED] - Text 'password' is set on object 'Object Repository/RecAndPlayBk/Page-VLink-Capture/input_Password_password'

2024-05-15 23:49:59 - [TEST_STEP][PASSED] - setText(findTestObject("Object Repository/RecAndPlayBk/Page-VLink-Capture/input_Transaction ID_transaction_id"), VLinkSaleTranxID): Text '12151654' is set on object 'Object Repository/RecAndPlayBk/Page-VLink-Capture/input_Transaction ID_transaction_id'

2024-05-15 23:50:00 - [MESSAGE][PASSED] - Text '12151654' is set on object 'Object Repository/RecAndPlayBk/Page-VLink-Capture/input_Transaction ID_transaction_id'

2024-05-15 23:50:00 - [TEST_STEP][PASSED] - setText(findTestObject("Object Repository/RecAndPlayBk/Page-VLink-Capture/input_Amount_amount"), amount): Text '10.5' is set on object 'Object Repository/RecAndPlayBk/Page-VLink-Capture/input_Amount_amount'

2024-05-15 23:50:01 - [MESSAGE][PASSED] - Text '10.5' is set on object 'Object Repository/RecAndPlayBk/Page-VLink-Capture/input_Amount_amount'

2024-05-15 23:50:01 - [TEST_STEP][PASSED] - click(findTestObject("Object Repository/RecAndPlayBk/Page-VLink-Capture/input")): Object: 'Object Repository/RecAndPlayBk/Page-VLink-Capture/input' is clicked on

2024-05-15 23:50:02 - [MESSAGE][PASSED] - Object: 'Object Repository/RecAndPlayBk/Page-VLink-Capture/input' is clicked on

2024-05-15 23:50:02 - [TEST_STEP][PASSED] - if (verifyTextPresent("Transaction approved, no errors", true)): null

2024-05-15 23:50:02 - [MESSAGE][PASSED] - Text 'Transaction approved, no errors' is present on page  using regular expression

2024-05-15 23:50:02 - [TEST_STEP][PASSED] - sdfo = getText(findTestObject("Object Repository/Page_VLinkReceipt/pre_STX")): Text of object 'Object Repository/Page_VLinkReceipt/pre_STX' is: '<STX>hqUFFWGrvrXc                  12151655            0  Transaction approved, no errors                   0                                                                                  Y 730840718<ETX>'

2024-05-15 23:50:02 - [MESSAGE][PASSED] - Text of object 'Object Repository/Page_VLinkReceipt/pre_STX' is: '<STX>hqUFFWGrvrXc                  12151655            0  Transaction approved, no errors                   0                                                                                  Y 730840718<ETX>'

2024-05-15 23:50:02 - [TEST_STEP][PASSED] - out.println("sdfo: " + sdfo): null

2024-05-15 23:50:02 - [TEST_STEP][PASSED] - remID = substring(5, 35).trim(): null

2024-05-15 23:50:02 - [TEST_STEP][PASSED] - out.println("remID: " + remID): null

2024-05-15 23:50:02 - [TEST_STEP][PASSED] - traxID = substring(35, 55).trim(): null

2024-05-15 23:50:02 - [TEST_STEP][PASSED] - out.println("traxID: " + traxID): null

2024-05-15 23:50:02 - [TEST_STEP][PASSED] - VLinkSaleRemID = remID: null

2024-05-15 23:50:02 - [TEST_STEP][PASSED] - VLinkSaleTranxID = traxID: null

2024-05-15 23:50:02 - [TEST_STEP][PASSED] - openBrowser(VLinkURL + "CC_void.html"): Browser is opened with url: 'https://dev-algorithm.govolution.com/vlinktest/QA2/version_2_0/CC_void.html'

2024-05-15 23:50:02 - [MESSAGE][WARNING] - A browser is already opened. Closing browser and opening a new one

2024-05-15 23:50:03 - [MESSAGE][INFO] - Starting 'Chrome' driver

2024-05-15 23:50:03 - [MESSAGE][INFO] - User set preference: ['acceptInsecureCerts', 'true']

2024-05-15 23:50:03 - [MESSAGE][INFO] - Action delay is set to 0 milliseconds

2024-05-15 23:50:05 - [MESSAGE][PASSED] - Browser is opened with url: 'https://dev-algorithm.govolution.com/vlinktest/QA2/version_2_0/CC_void.html'

2024-05-15 23:50:05 - [TEST_STEP][PASSED] - maximizeWindow(): Current window maximized

2024-05-15 23:50:06 - [MESSAGE][PASSED] - Current window maximized

2024-05-15 23:50:06 - [TEST_STEP][PASSED] - setText(findTestObject("Object Repository/RecAndPlayBk/Page-Vlink-CC-Void/txt_RemID"), VLinkSaleRemID): Text 'hqUFFWGrvrXc' is set on object 'Object Repository/RecAndPlayBk/Page-Vlink-CC-Void/txt_RemID'

2024-05-15 23:50:07 - [MESSAGE][PASSED] - Text 'hqUFFWGrvrXc' is set on object 'Object Repository/RecAndPlayBk/Page-Vlink-CC-Void/txt_RemID'

2024-05-15 23:50:07 - [TEST_STEP][PASSED] - setText(findTestObject("Object Repository/RecAndPlayBk/Page-Vlink-CC-Void/txt_ApplicationID"), appID): Text '234' is set on object 'Object Repository/RecAndPlayBk/Page-Vlink-CC-Void/txt_ApplicationID'

2024-05-15 23:50:07 - [MESSAGE][PASSED] - Text '234' is set on object 'Object Repository/RecAndPlayBk/Page-Vlink-CC-Void/txt_ApplicationID'

2024-05-15 23:50:07 - [TEST_STEP][PASSED] - setText(findTestObject("Object Repository/RecAndPlayBk/Page-Vlink-CC-Void/txt_Username"), username): Text 'username' is set on object 'Object Repository/RecAndPlayBk/Page-Vlink-CC-Void/txt_Username'

2024-05-15 23:50:08 - [MESSAGE][PASSED] - Text 'username' is set on object 'Object Repository/RecAndPlayBk/Page-Vlink-CC-Void/txt_Username'

2024-05-15 23:50:08 - [TEST_STEP][PASSED] - setText(findTestObject("Object Repository/RecAndPlayBk/Page-Vlink-CC-Void/txt_Password"), password): Text 'password' is set on object 'Object Repository/RecAndPlayBk/Page-Vlink-CC-Void/txt_Password'

2024-05-15 23:50:08 - [MESSAGE][PASSED] - Text 'password' is set on object 'Object Repository/RecAndPlayBk/Page-Vlink-CC-Void/txt_Password'

2024-05-15 23:50:09 - [TEST_STEP][PASSED] - setText(findTestObject("Object Repository/RecAndPlayBk/Page-Vlink-CC-Void/txt_TransactionID"), VLinkSaleTranxID): Text '12151655' is set on object 'Object Repository/RecAndPlayBk/Page-Vlink-CC-Void/txt_TransactionID'

2024-05-15 23:50:09 - [MESSAGE][PASSED] - Text '12151655' is set on object 'Object Repository/RecAndPlayBk/Page-Vlink-CC-Void/txt_TransactionID'

2024-05-15 23:50:09 - [TEST_STEP][PASSED] - setText(findTestObject("Object Repository/RecAndPlayBk/Page-Vlink-CC-Void/txt_OriginalTransactionType"), "102"): Text '102' is set on object 'Object Repository/RecAndPlayBk/Page-Vlink-CC-Void/txt_OriginalTransactionType'

2024-05-15 23:50:10 - [MESSAGE][PASSED] - Text '102' is set on object 'Object Repository/RecAndPlayBk/Page-Vlink-CC-Void/txt_OriginalTransactionType'

2024-05-15 23:50:10 - [TEST_STEP][PASSED] - setText(findTestObject("Object Repository/RecAndPlayBk/Page-Vlink-CC-Void/txt_TrackData"), ""): Text '' is set on object 'Object Repository/RecAndPlayBk/Page-Vlink-CC-Void/txt_TrackData'

2024-05-15 23:50:10 - [MESSAGE][PASSED] - Text '' is set on object 'Object Repository/RecAndPlayBk/Page-Vlink-CC-Void/txt_TrackData'

2024-05-15 23:50:10 - [TEST_STEP][PASSED] - click(findTestObject("Object Repository/RecAndPlayBk/Page-Vlink-CC-Void/btn_ProcessVLinkTransaction")): Object: 'Object Repository/RecAndPlayBk/Page-Vlink-CC-Void/btn_ProcessVLinkTransaction' is clicked on

2024-05-15 23:50:12 - [MESSAGE][PASSED] - Object: 'Object Repository/RecAndPlayBk/Page-Vlink-CC-Void/btn_ProcessVLinkTransaction' is clicked on

2024-05-15 23:50:12 - [TEST_STEP][PASSED] - if (verifyTextPresent("Transaction approved, no errors", true)): null

2024-05-15 23:50:12 - [MESSAGE][PASSED] - Text 'Transaction approved, no errors' is present on page  using regular expression

2024-05-15 23:50:12 - [TEST_STEP][PASSED] - println("Transaction Approved, no errors text is present on the Confirmation page"): null

2024-05-15 23:50:12 - [TEST_STEP][PASSED] - out.println("Pass Record Number: " + row): null

2024-05-15 23:50:12 - [TEST_STEP][PASSED] - resText = "Pass": null

2024-05-15 23:50:12 - [TEST_STEP][PASSED] - pages.WriteExcel.demoKey(resText, datText, resColumn, datCloumn, fileLoc, nameSheet, row): pages.WriteExcel.demoKey is PASSED

2024-05-15 23:50:12 - [MESSAGE][PASSED] - pages.WriteExcel.demoKey is PASSED

2024-05-15 23:50:12 - [TEST_STEP][PASSED] - ExecuteTC = findTestData(dataFile).getValue("Execute", row): null

2024-05-15 23:50:12 - [TEST_STEP][PASSED] - out.println("Value of Execute is : " + ExecuteTC): null

2024-05-15 23:50:12 - [TEST_STEP][PASSED] - switch (executionProfile): null

2024-05-15 23:50:12 - [TEST_STEP][PASSED] - case "QA2Profile":: null

2024-05-15 23:50:12 - [TEST_STEP][PASSED] - appID = findTestData(dataFile).getValue("AppIDQA", row): null

2024-05-15 23:50:12 - [TEST_STEP][PASSED] - username = findTestData(dataFile).getValue("UsernameQA", row): null

2024-05-15 23:50:12 - [TEST_STEP][PASSED] - password = findTestData(dataFile).getValue("PasswordQA", row): null

2024-05-15 23:50:12 - [TEST_STEP][PASSED] - break: null

2024-05-15 23:50:12 - [TEST_STEP][PASSED] - if (ExecuteTC.equalsIgnoreCase("Y")): null

2024-05-15 23:50:12 - [TEST_STEP][PASSED] - out.println("Begin Record Number: " + row): null

2024-05-15 23:50:12 - [TEST_STEP][PASSED] - today = new java.util.Date(): null

2024-05-15 23:50:12 - [TEST_STEP][PASSED] - println(today): null

2024-05-15 23:50:12 - [TEST_STEP][PASSED] - datText = today: null

2024-05-15 23:50:12 - [TEST_STEP][PASSED] - category = findTestData(dataFile).getValue("Category", row): null

2024-05-15 23:50:13 - [TEST_STEP][PASSED] - amount = findTestData(dataFile).getValue("Amount", row): null

2024-05-15 23:50:13 - [TEST_STEP][PASSED] - cardNumber = findTestData(dataFile).getValue("CardNumber", row): null

2024-05-15 23:50:13 - [TEST_STEP][PASSED] - exM = findTestData(dataFile).getValue("ExM", row): null

2024-05-15 23:50:13 - [TEST_STEP][PASSED] - exY = findTestData(dataFile).getValue("ExY", row): null

2024-05-15 23:50:13 - [TEST_STEP][PASSED] - openBrowser(VLinkURL + "auth.html"): Browser is opened with url: 'https://dev-algorithm.govolution.com/vlinktest/QA2/version_2_0/auth.html'

2024-05-15 23:50:13 - [MESSAGE][WARNING] - A browser is already opened. Closing browser and opening a new one

2024-05-15 23:50:14 - [MESSAGE][INFO] - Starting 'Chrome' driver

2024-05-15 23:50:14 - [MESSAGE][INFO] - User set preference: ['acceptInsecureCerts', 'true']

2024-05-15 23:50:14 - [MESSAGE][INFO] - Action delay is set to 0 milliseconds

2024-05-15 23:50:16 - [MESSAGE][PASSED] - Browser is opened with url: 'https://dev-algorithm.govolution.com/vlinktest/QA2/version_2_0/auth.html'

2024-05-15 23:50:16 - [TEST_STEP][PASSED] - maximizeWindow(): Current window maximized

2024-05-15 23:50:17 - [MESSAGE][PASSED] - Current window maximized

2024-05-15 23:50:17 - [TEST_STEP][PASSED] - genRemID = RandomStringUtils.random(12, true, true): null

2024-05-15 23:50:17 - [TEST_STEP][PASSED] - setText(findTestObject("Object Repository/RecAndPlayBk/Page-Vlink-AuthOnly/input_Remittance Id_remittance_id"), genRemID): Text '4k8JIdkhzIAA' is set on object 'Object Repository/RecAndPlayBk/Page-Vlink-AuthOnly/input_Remittance Id_remittance_id'

2024-05-15 23:50:17 - [MESSAGE][PASSED] - Text '4k8JIdkhzIAA' is set on object 'Object Repository/RecAndPlayBk/Page-Vlink-AuthOnly/input_Remittance Id_remittance_id'

2024-05-15 23:50:17 - [TEST_STEP][PASSED] - setText(findTestObject("Object Repository/RecAndPlayBk/Page-Vlink-AuthOnly/input_Application Id_application_id"), appID): Text '234' is set on object 'Object Repository/RecAndPlayBk/Page-Vlink-AuthOnly/input_Application Id_application_id'

2024-05-15 23:50:18 - [MESSAGE][PASSED] - Text '234' is set on object 'Object Repository/RecAndPlayBk/Page-Vlink-AuthOnly/input_Application Id_application_id'

2024-05-15 23:50:18 - [TEST_STEP][PASSED] - setText(findTestObject("Object Repository/RecAndPlayBk/Page-Vlink-AuthOnly/input_Username_username"), username): Text 'username' is set on object 'Object Repository/RecAndPlayBk/Page-Vlink-AuthOnly/input_Username_username'

2024-05-15 23:50:19 - [MESSAGE][PASSED] - Text 'username' is set on object 'Object Repository/RecAndPlayBk/Page-Vlink-AuthOnly/input_Username_username'

2024-05-15 23:50:19 - [TEST_STEP][PASSED] - setText(findTestObject("Object Repository/RecAndPlayBk/Page-Vlink-AuthOnly/input_Password_password"), password): Text 'password' is set on object 'Object Repository/RecAndPlayBk/Page-Vlink-AuthOnly/input_Password_password'

2024-05-15 23:50:19 - [MESSAGE][PASSED] - Text 'password' is set on object 'Object Repository/RecAndPlayBk/Page-Vlink-AuthOnly/input_Password_password'

2024-05-15 23:50:19 - [TEST_STEP][PASSED] - setText(findTestObject("Object Repository/RecAndPlayBk/Page-Vlink-AuthOnly/input_Category_category"), category): Text 'MOTO' is set on object 'Object Repository/RecAndPlayBk/Page-Vlink-AuthOnly/input_Category_category'

2024-05-15 23:50:20 - [MESSAGE][PASSED] - Text 'MOTO' is set on object 'Object Repository/RecAndPlayBk/Page-Vlink-AuthOnly/input_Category_category'

2024-05-15 23:50:20 - [TEST_STEP][PASSED] - setText(findTestObject("Object Repository/RecAndPlayBk/Page-Vlink-AuthOnly/input_Amount_amount"), amount): Text '10.5' is set on object 'Object Repository/RecAndPlayBk/Page-Vlink-AuthOnly/input_Amount_amount'

2024-05-15 23:50:20 - [MESSAGE][PASSED] - Text '10.5' is set on object 'Object Repository/RecAndPlayBk/Page-Vlink-AuthOnly/input_Amount_amount'

2024-05-15 23:50:20 - [TEST_STEP][PASSED] - doubleClick(findTestObject("Object Repository/RecAndPlayBk/Page-Vlink-AuthOnly/input_Card number_card_number")): Object: 'Object Repository/RecAndPlayBk/Page-Vlink-AuthOnly/input_Card number_card_number' is double clicked on

2024-05-15 23:50:21 - [MESSAGE][PASSED] - Object: 'Object Repository/RecAndPlayBk/Page-Vlink-AuthOnly/input_Card number_card_number' is double clicked on

2024-05-15 23:50:21 - [TEST_STEP][PASSED] - setText(findTestObject("Object Repository/RecAndPlayBk/Page-Vlink-AuthOnly/input_Card number_card_number"), cardNumber): Text '5424000000000015' is set on object 'Object Repository/RecAndPlayBk/Page-Vlink-AuthOnly/input_Card number_card_number'

2024-05-15 23:50:22 - [MESSAGE][PASSED] - Text '5424000000000015' is set on object 'Object Repository/RecAndPlayBk/Page-Vlink-AuthOnly/input_Card number_card_number'

2024-05-15 23:50:22 - [TEST_STEP][PASSED] - setText(findTestObject("Object Repository/RecAndPlayBk/Page-Vlink-AuthOnly/input_Card ex month_card_exmo"), exM): Text '12' is set on object 'Object Repository/RecAndPlayBk/Page-Vlink-AuthOnly/input_Card ex month_card_exmo'

2024-05-15 23:50:22 - [MESSAGE][PASSED] - Text '12' is set on object 'Object Repository/RecAndPlayBk/Page-Vlink-AuthOnly/input_Card ex month_card_exmo'

2024-05-15 23:50:22 - [TEST_STEP][PASSED] - setText(findTestObject("Object Repository/RecAndPlayBk/Page-Vlink-AuthOnly/input_Card ex year_card_exyr"), exY): Text '2029' is set on object 'Object Repository/RecAndPlayBk/Page-Vlink-AuthOnly/input_Card ex year_card_exyr'

2024-05-15 23:50:23 - [MESSAGE][PASSED] - Text '2029' is set on object 'Object Repository/RecAndPlayBk/Page-Vlink-AuthOnly/input_Card ex year_card_exyr'

2024-05-15 23:50:23 - [TEST_STEP][PASSED] - click(findTestObject("Object Repository/RecAndPlayBk/Page-Vlink-AuthOnly/input_Track Data_track_data")): Object: 'Object Repository/RecAndPlayBk/Page-Vlink-AuthOnly/input_Track Data_track_data' is clicked on

2024-05-15 23:50:23 - [MESSAGE][PASSED] - Object: 'Object Repository/RecAndPlayBk/Page-Vlink-AuthOnly/input_Track Data_track_data' is clicked on

2024-05-15 23:50:23 - [TEST_STEP][PASSED] - click(findTestObject("Object Repository/RecAndPlayBk/Page-Vlink-AuthOnly/input_CVV state_cvv_state")): Object: 'Object Repository/RecAndPlayBk/Page-Vlink-AuthOnly/input_CVV state_cvv_state' is clicked on

2024-05-15 23:50:24 - [MESSAGE][PASSED] - Object: 'Object Repository/RecAndPlayBk/Page-Vlink-AuthOnly/input_CVV state_cvv_state' is clicked on

2024-05-15 23:50:24 - [TEST_STEP][PASSED] - setText(findTestObject("Object Repository/RecAndPlayBk/Page-Vlink-AuthOnly/input_Track Data_track_data"), ""): Text '' is set on object 'Object Repository/RecAndPlayBk/Page-Vlink-AuthOnly/input_Track Data_track_data'

2024-05-15 23:50:24 - [MESSAGE][PASSED] - Text '' is set on object 'Object Repository/RecAndPlayBk/Page-Vlink-AuthOnly/input_Track Data_track_data'

2024-05-15 23:50:24 - [TEST_STEP][PASSED] - setText(findTestObject("Object Repository/RecAndPlayBk/Page-Vlink-AuthOnly/input_concat(Cardholder, , s email)_email"), ""): Text '' is set on object 'Object Repository/RecAndPlayBk/Page-Vlink-AuthOnly/input_concat(Cardholder, , s email)_email'

2024-05-15 23:50:25 - [MESSAGE][PASSED] - Text '' is set on object 'Object Repository/RecAndPlayBk/Page-Vlink-AuthOnly/input_concat(Cardholder, , s email)_email'

2024-05-15 23:50:25 - [TEST_STEP][PASSED] - click(findTestObject("Object Repository/RecAndPlayBk/Page-Vlink-AuthOnly/input_user_defined10_user_defined10")): Object: 'Object Repository/RecAndPlayBk/Page-Vlink-AuthOnly/input_user_defined10_user_defined10' is clicked on

2024-05-15 23:50:25 - [MESSAGE][PASSED] - Object: 'Object Repository/RecAndPlayBk/Page-Vlink-AuthOnly/input_user_defined10_user_defined10' is clicked on

2024-05-15 23:50:25 - [TEST_STEP][PASSED] - if (executionProfile.equalsIgnoreCase("QAProfile")): null

2024-05-15 23:50:25 - [TEST_STEP][PASSED] - click(findTestObject("Object Repository/RecAndPlayBk/Page-Vlink-AuthOnly/input")): Object: 'Object Repository/RecAndPlayBk/Page-Vlink-AuthOnly/input' is clicked on

2024-05-15 23:50:26 - [MESSAGE][PASSED] - Object: 'Object Repository/RecAndPlayBk/Page-Vlink-AuthOnly/input' is clicked on

2024-05-15 23:50:26 - [TEST_STEP][PASSED] - if (verifyTextPresent("Transaction approved, no errors", true)): null

2024-05-15 23:50:27 - [MESSAGE][PASSED] - Text 'Transaction approved, no errors' is present on page  using regular expression

2024-05-15 23:50:27 - [TEST_STEP][PASSED] - out.println("Auth was successful, Capture now"): null

2024-05-15 23:50:27 - [TEST_STEP][PASSED] - sdfo = getText(findTestObject("Object Repository/Page_VLinkReceipt/pre_STX")): Text of object 'Object Repository/Page_VLinkReceipt/pre_STX' is: '<STX>4k8JIdkhzIAA                  12151657            0  Transaction approved, no errors                   0                                                                                  Y 141918005<ETX>'

2024-05-15 23:50:27 - [MESSAGE][PASSED] - Text of object 'Object Repository/Page_VLinkReceipt/pre_STX' is: '<STX>4k8JIdkhzIAA                  12151657            0  Transaction approved, no errors                   0                                                                                  Y 141918005<ETX>'

2024-05-15 23:50:27 - [TEST_STEP][PASSED] - out.println("sdfo: " + sdfo): null

2024-05-15 23:50:27 - [TEST_STEP][PASSED] - remID = substring(5, 35).trim(): null

2024-05-15 23:50:27 - [TEST_STEP][PASSED] - out.println("remID: " + remID): null

2024-05-15 23:50:27 - [TEST_STEP][PASSED] - traxID = substring(35, 55).trim(): null

2024-05-15 23:50:27 - [TEST_STEP][PASSED] - out.println("traxID: " + traxID): null

2024-05-15 23:50:27 - [TEST_STEP][PASSED] - VLinkSaleRemID = remID: null

2024-05-15 23:50:27 - [TEST_STEP][PASSED] - VLinkSaleTranxID = traxID: null

2024-05-15 23:50:27 - [TEST_STEP][PASSED] - openBrowser(VLinkURL + "capture.html"): Browser is opened with url: 'https://dev-algorithm.govolution.com/vlinktest/QA2/version_2_0/capture.html'

2024-05-15 23:50:27 - [MESSAGE][WARNING] - A browser is already opened. Closing browser and opening a new one

2024-05-15 23:50:28 - [MESSAGE][INFO] - Starting 'Chrome' driver

2024-05-15 23:50:28 - [MESSAGE][INFO] - User set preference: ['acceptInsecureCerts', 'true']

2024-05-15 23:50:28 - [MESSAGE][INFO] - Action delay is set to 0 milliseconds

2024-05-15 23:50:30 - [MESSAGE][PASSED] - Browser is opened with url: 'https://dev-algorithm.govolution.com/vlinktest/QA2/version_2_0/capture.html'

2024-05-15 23:50:30 - [TEST_STEP][PASSED] - maximizeWindow(): Current window maximized

2024-05-15 23:50:31 - [MESSAGE][PASSED] - Current window maximized

2024-05-15 23:50:31 - [TEST_STEP][PASSED] - setText(findTestObject("Object Repository/RecAndPlayBk/Page-VLink-Capture/input_Remittance Id_remittance_id"), VLinkSaleRemID): Text '4k8JIdkhzIAA' is set on object 'Object Repository/RecAndPlayBk/Page-VLink-Capture/input_Remittance Id_remittance_id'

2024-05-15 23:50:31 - [MESSAGE][PASSED] - Text '4k8JIdkhzIAA' is set on object 'Object Repository/RecAndPlayBk/Page-VLink-Capture/input_Remittance Id_remittance_id'

2024-05-15 23:50:31 - [TEST_STEP][PASSED] - setText(findTestObject("Object Repository/RecAndPlayBk/Page-VLink-Capture/input_Application Id_application_id"), appID): Text '234' is set on object 'Object Repository/RecAndPlayBk/Page-VLink-Capture/input_Application Id_application_id'

2024-05-15 23:50:32 - [MESSAGE][PASSED] - Text '234' is set on object 'Object Repository/RecAndPlayBk/Page-VLink-Capture/input_Application Id_application_id'

2024-05-15 23:50:32 - [TEST_STEP][PASSED] - setText(findTestObject("Object Repository/RecAndPlayBk/Page-VLink-Capture/input_Username_username"), username): Text 'username' is set on object 'Object Repository/RecAndPlayBk/Page-VLink-Capture/input_Username_username'

2024-05-15 23:50:33 - [MESSAGE][PASSED] - Text 'username' is set on object 'Object Repository/RecAndPlayBk/Page-VLink-Capture/input_Username_username'

2024-05-15 23:50:33 - [TEST_STEP][PASSED] - setText(findTestObject("Object Repository/RecAndPlayBk/Page-VLink-Capture/input_Password_password"), password): Text 'password' is set on object 'Object Repository/RecAndPlayBk/Page-VLink-Capture/input_Password_password'

2024-05-15 23:50:33 - [MESSAGE][PASSED] - Text 'password' is set on object 'Object Repository/RecAndPlayBk/Page-VLink-Capture/input_Password_password'

2024-05-15 23:50:33 - [TEST_STEP][PASSED] - setText(findTestObject("Object Repository/RecAndPlayBk/Page-VLink-Capture/input_Transaction ID_transaction_id"), VLinkSaleTranxID): Text '12151657' is set on object 'Object Repository/RecAndPlayBk/Page-VLink-Capture/input_Transaction ID_transaction_id'

2024-05-15 23:50:34 - [MESSAGE][PASSED] - Text '12151657' is set on object 'Object Repository/RecAndPlayBk/Page-VLink-Capture/input_Transaction ID_transaction_id'

2024-05-15 23:50:34 - [TEST_STEP][PASSED] - setText(findTestObject("Object Repository/RecAndPlayBk/Page-VLink-Capture/input_Amount_amount"), amount): Text '10.5' is set on object 'Object Repository/RecAndPlayBk/Page-VLink-Capture/input_Amount_amount'

2024-05-15 23:50:35 - [MESSAGE][PASSED] - Text '10.5' is set on object 'Object Repository/RecAndPlayBk/Page-VLink-Capture/input_Amount_amount'

2024-05-15 23:50:35 - [TEST_STEP][PASSED] - click(findTestObject("Object Repository/RecAndPlayBk/Page-VLink-Capture/input")): Object: 'Object Repository/RecAndPlayBk/Page-VLink-Capture/input' is clicked on

2024-05-15 23:50:36 - [MESSAGE][PASSED] - Object: 'Object Repository/RecAndPlayBk/Page-VLink-Capture/input' is clicked on

2024-05-15 23:50:36 - [TEST_STEP][PASSED] - if (verifyTextPresent("Transaction approved, no errors", true)): null

2024-05-15 23:50:36 - [MESSAGE][PASSED] - Text 'Transaction approved, no errors' is present on page  using regular expression

2024-05-15 23:50:36 - [TEST_STEP][PASSED] - sdfo = getText(findTestObject("Object Repository/Page_VLinkReceipt/pre_STX")): Text of object 'Object Repository/Page_VLinkReceipt/pre_STX' is: '<STX>4k8JIdkhzIAA                  12151658            0  Transaction approved, no errors                   0                                                                                  Y 141918005<ETX>'

2024-05-15 23:50:36 - [MESSAGE][PASSED] - Text of object 'Object Repository/Page_VLinkReceipt/pre_STX' is: '<STX>4k8JIdkhzIAA                  12151658            0  Transaction approved, no errors                   0                                                                                  Y 141918005<ETX>'

2024-05-15 23:50:36 - [TEST_STEP][PASSED] - out.println("sdfo: " + sdfo): null

2024-05-15 23:50:36 - [TEST_STEP][PASSED] - remID = substring(5, 35).trim(): null

2024-05-15 23:50:36 - [TEST_STEP][PASSED] - out.println("remID: " + remID): null

2024-05-15 23:50:36 - [TEST_STEP][PASSED] - traxID = substring(35, 55).trim(): null

2024-05-15 23:50:36 - [TEST_STEP][PASSED] - out.println("traxID: " + traxID): null

2024-05-15 23:50:36 - [TEST_STEP][PASSED] - VLinkSaleRemID = remID: null

2024-05-15 23:50:36 - [TEST_STEP][PASSED] - VLinkSaleTranxID = traxID: null

2024-05-15 23:50:36 - [TEST_STEP][PASSED] - openBrowser(VLinkURL + "CC_void.html"): Browser is opened with url: 'https://dev-algorithm.govolution.com/vlinktest/QA2/version_2_0/CC_void.html'

2024-05-15 23:50:36 - [MESSAGE][WARNING] - A browser is already opened. Closing browser and opening a new one

2024-05-15 23:50:38 - [MESSAGE][INFO] - Starting 'Chrome' driver

2024-05-15 23:50:38 - [MESSAGE][INFO] - User set preference: ['acceptInsecureCerts', 'true']

2024-05-15 23:50:38 - [MESSAGE][INFO] - Action delay is set to 0 milliseconds

2024-05-15 23:50:40 - [MESSAGE][PASSED] - Browser is opened with url: 'https://dev-algorithm.govolution.com/vlinktest/QA2/version_2_0/CC_void.html'

2024-05-15 23:50:40 - [TEST_STEP][PASSED] - maximizeWindow(): Current window maximized

2024-05-15 23:50:40 - [MESSAGE][PASSED] - Current window maximized

2024-05-15 23:50:40 - [TEST_STEP][PASSED] - setText(findTestObject("Object Repository/RecAndPlayBk/Page-Vlink-CC-Void/txt_RemID"), VLinkSaleRemID): Text '4k8JIdkhzIAA' is set on object 'Object Repository/RecAndPlayBk/Page-Vlink-CC-Void/txt_RemID'

2024-05-15 23:50:41 - [MESSAGE][PASSED] - Text '4k8JIdkhzIAA' is set on object 'Object Repository/RecAndPlayBk/Page-Vlink-CC-Void/txt_RemID'

2024-05-15 23:50:41 - [TEST_STEP][PASSED] - setText(findTestObject("Object Repository/RecAndPlayBk/Page-Vlink-CC-Void/txt_ApplicationID"), appID): Text '234' is set on object 'Object Repository/RecAndPlayBk/Page-Vlink-CC-Void/txt_ApplicationID'

2024-05-15 23:50:41 - [MESSAGE][PASSED] - Text '234' is set on object 'Object Repository/RecAndPlayBk/Page-Vlink-CC-Void/txt_ApplicationID'

2024-05-15 23:50:41 - [TEST_STEP][PASSED] - setText(findTestObject("Object Repository/RecAndPlayBk/Page-Vlink-CC-Void/txt_Username"), username): Text 'username' is set on object 'Object Repository/RecAndPlayBk/Page-Vlink-CC-Void/txt_Username'

2024-05-15 23:50:42 - [MESSAGE][PASSED] - Text 'username' is set on object 'Object Repository/RecAndPlayBk/Page-Vlink-CC-Void/txt_Username'

2024-05-15 23:50:42 - [TEST_STEP][PASSED] - setText(findTestObject("Object Repository/RecAndPlayBk/Page-Vlink-CC-Void/txt_Password"), password): Text 'password' is set on object 'Object Repository/RecAndPlayBk/Page-Vlink-CC-Void/txt_Password'

2024-05-15 23:50:43 - [MESSAGE][PASSED] - Text 'password' is set on object 'Object Repository/RecAndPlayBk/Page-Vlink-CC-Void/txt_Password'

2024-05-15 23:50:43 - [TEST_STEP][PASSED] - setText(findTestObject("Object Repository/RecAndPlayBk/Page-Vlink-CC-Void/txt_TransactionID"), VLinkSaleTranxID): Text '12151658' is set on object 'Object Repository/RecAndPlayBk/Page-Vlink-CC-Void/txt_TransactionID'

2024-05-15 23:50:43 - [MESSAGE][PASSED] - Text '12151658' is set on object 'Object Repository/RecAndPlayBk/Page-Vlink-CC-Void/txt_TransactionID'

2024-05-15 23:50:43 - [TEST_STEP][PASSED] - setText(findTestObject("Object Repository/RecAndPlayBk/Page-Vlink-CC-Void/txt_OriginalTransactionType"), "102"): Text '102' is set on object 'Object Repository/RecAndPlayBk/Page-Vlink-CC-Void/txt_OriginalTransactionType'

2024-05-15 23:50:44 - [MESSAGE][PASSED] - Text '102' is set on object 'Object Repository/RecAndPlayBk/Page-Vlink-CC-Void/txt_OriginalTransactionType'

2024-05-15 23:50:44 - [TEST_STEP][PASSED] - setText(findTestObject("Object Repository/RecAndPlayBk/Page-Vlink-CC-Void/txt_TrackData"), ""): Text '' is set on object 'Object Repository/RecAndPlayBk/Page-Vlink-CC-Void/txt_TrackData'

2024-05-15 23:50:45 - [MESSAGE][PASSED] - Text '' is set on object 'Object Repository/RecAndPlayBk/Page-Vlink-CC-Void/txt_TrackData'

2024-05-15 23:50:45 - [TEST_STEP][PASSED] - click(findTestObject("Object Repository/RecAndPlayBk/Page-Vlink-CC-Void/btn_ProcessVLinkTransaction")): Object: 'Object Repository/RecAndPlayBk/Page-Vlink-CC-Void/btn_ProcessVLinkTransaction' is clicked on

2024-05-15 23:50:46 - [MESSAGE][PASSED] - Object: 'Object Repository/RecAndPlayBk/Page-Vlink-CC-Void/btn_ProcessVLinkTransaction' is clicked on

2024-05-15 23:50:46 - [TEST_STEP][PASSED] - if (verifyTextPresent("Transaction approved, no errors", true)): null

2024-05-15 23:50:46 - [MESSAGE][PASSED] - Text 'Transaction approved, no errors' is present on page  using regular expression

2024-05-15 23:50:46 - [TEST_STEP][PASSED] - println("Transaction Approved, no errors text is present on the Confirmation page"): null

2024-05-15 23:50:46 - [TEST_STEP][PASSED] - out.println("Pass Record Number: " + row): null

2024-05-15 23:50:46 - [TEST_STEP][PASSED] - resText = "Pass": null

2024-05-15 23:50:46 - [TEST_STEP][PASSED] - pages.WriteExcel.demoKey(resText, datText, resColumn, datCloumn, fileLoc, nameSheet, row): pages.WriteExcel.demoKey is PASSED

2024-05-15 23:50:46 - [MESSAGE][PASSED] - pages.WriteExcel.demoKey is PASSED

2024-05-15 23:50:46 - [TEST_STEP][PASSED] - ExecuteTC = findTestData(dataFile).getValue("Execute", row): null

2024-05-15 23:50:46 - [TEST_STEP][PASSED] - out.println("Value of Execute is : " + ExecuteTC): null

2024-05-15 23:50:46 - [TEST_STEP][PASSED] - switch (executionProfile): null

2024-05-15 23:50:46 - [TEST_STEP][PASSED] - case "QA2Profile":: null

2024-05-15 23:50:46 - [TEST_STEP][PASSED] - appID = findTestData(dataFile).getValue("AppIDQA", row): null

2024-05-15 23:50:46 - [TEST_STEP][PASSED] - username = findTestData(dataFile).getValue("UsernameQA", row): null

2024-05-15 23:50:46 - [TEST_STEP][PASSED] - password = findTestData(dataFile).getValue("PasswordQA", row): null

2024-05-15 23:50:46 - [TEST_STEP][PASSED] - break: null

2024-05-15 23:50:46 - [TEST_STEP][PASSED] - if (ExecuteTC.equalsIgnoreCase("Y")): null

2024-05-15 23:50:46 - [TEST_STEP][PASSED] - out.println("Begin Record Number: " + row): null

2024-05-15 23:50:46 - [TEST_STEP][PASSED] - today = new java.util.Date(): null

2024-05-15 23:50:46 - [TEST_STEP][PASSED] - println(today): null

2024-05-15 23:50:46 - [TEST_STEP][PASSED] - datText = today: null

2024-05-15 23:50:46 - [TEST_STEP][PASSED] - category = findTestData(dataFile).getValue("Category", row): null

2024-05-15 23:50:47 - [TEST_STEP][PASSED] - amount = findTestData(dataFile).getValue("Amount", row): null

2024-05-15 23:50:47 - [TEST_STEP][PASSED] - cardNumber = findTestData(dataFile).getValue("CardNumber", row): null

2024-05-15 23:50:47 - [TEST_STEP][PASSED] - exM = findTestData(dataFile).getValue("ExM", row): null

2024-05-15 23:50:47 - [TEST_STEP][PASSED] - exY = findTestData(dataFile).getValue("ExY", row): null

2024-05-15 23:50:47 - [TEST_STEP][PASSED] - openBrowser(VLinkURL + "auth.html"): Browser is opened with url: 'https://dev-algorithm.govolution.com/vlinktest/QA2/version_2_0/auth.html'

2024-05-15 23:50:47 - [MESSAGE][WARNING] - A browser is already opened. Closing browser and opening a new one

2024-05-15 23:50:48 - [MESSAGE][INFO] - Starting 'Chrome' driver

2024-05-15 23:50:48 - [MESSAGE][INFO] - User set preference: ['acceptInsecureCerts', 'true']

2024-05-15 23:50:48 - [MESSAGE][INFO] - Action delay is set to 0 milliseconds

2024-05-15 23:50:50 - [MESSAGE][PASSED] - Browser is opened with url: 'https://dev-algorithm.govolution.com/vlinktest/QA2/version_2_0/auth.html'

2024-05-15 23:50:50 - [TEST_STEP][PASSED] - maximizeWindow(): Current window maximized

2024-05-15 23:50:50 - [MESSAGE][PASSED] - Current window maximized

2024-05-15 23:50:50 - [TEST_STEP][PASSED] - genRemID = RandomStringUtils.random(12, true, true): null

2024-05-15 23:50:50 - [TEST_STEP][PASSED] - setText(findTestObject("Object Repository/RecAndPlayBk/Page-Vlink-AuthOnly/input_Remittance Id_remittance_id"), genRemID): Text 'X1Zjbl6oFxw2' is set on object 'Object Repository/RecAndPlayBk/Page-Vlink-AuthOnly/input_Remittance Id_remittance_id'

2024-05-15 23:50:51 - [MESSAGE][PASSED] - Text 'X1Zjbl6oFxw2' is set on object 'Object Repository/RecAndPlayBk/Page-Vlink-AuthOnly/input_Remittance Id_remittance_id'

2024-05-15 23:50:51 - [TEST_STEP][PASSED] - setText(findTestObject("Object Repository/RecAndPlayBk/Page-Vlink-AuthOnly/input_Application Id_application_id"), appID): Text '234' is set on object 'Object Repository/RecAndPlayBk/Page-Vlink-AuthOnly/input_Application Id_application_id'

2024-05-15 23:50:52 - [MESSAGE][PASSED] - Text '234' is set on object 'Object Repository/RecAndPlayBk/Page-Vlink-AuthOnly/input_Application Id_application_id'

2024-05-15 23:50:52 - [TEST_STEP][PASSED] - setText(findTestObject("Object Repository/RecAndPlayBk/Page-Vlink-AuthOnly/input_Username_username"), username): Text 'username' is set on object 'Object Repository/RecAndPlayBk/Page-Vlink-AuthOnly/input_Username_username'

2024-05-15 23:50:53 - [MESSAGE][PASSED] - Text 'username' is set on object 'Object Repository/RecAndPlayBk/Page-Vlink-AuthOnly/input_Username_username'

2024-05-15 23:50:53 - [TEST_STEP][PASSED] - setText(findTestObject("Object Repository/RecAndPlayBk/Page-Vlink-AuthOnly/input_Password_password"), password): Text 'password' is set on object 'Object Repository/RecAndPlayBk/Page-Vlink-AuthOnly/input_Password_password'

2024-05-15 23:50:53 - [MESSAGE][PASSED] - Text 'password' is set on object 'Object Repository/RecAndPlayBk/Page-Vlink-AuthOnly/input_Password_password'

2024-05-15 23:50:53 - [TEST_STEP][PASSED] - setText(findTestObject("Object Repository/RecAndPlayBk/Page-Vlink-AuthOnly/input_Category_category"), category): Text 'RETL' is set on object 'Object Repository/RecAndPlayBk/Page-Vlink-AuthOnly/input_Category_category'

2024-05-15 23:50:54 - [MESSAGE][PASSED] - Text 'RETL' is set on object 'Object Repository/RecAndPlayBk/Page-Vlink-AuthOnly/input_Category_category'

2024-05-15 23:50:54 - [TEST_STEP][PASSED] - setText(findTestObject("Object Repository/RecAndPlayBk/Page-Vlink-AuthOnly/input_Amount_amount"), amount): Text '10.5' is set on object 'Object Repository/RecAndPlayBk/Page-Vlink-AuthOnly/input_Amount_amount'

2024-05-15 23:50:54 - [MESSAGE][PASSED] - Text '10.5' is set on object 'Object Repository/RecAndPlayBk/Page-Vlink-AuthOnly/input_Amount_amount'

2024-05-15 23:50:54 - [TEST_STEP][PASSED] - doubleClick(findTestObject("Object Repository/RecAndPlayBk/Page-Vlink-AuthOnly/input_Card number_card_number")): Object: 'Object Repository/RecAndPlayBk/Page-Vlink-AuthOnly/input_Card number_card_number' is double clicked on

2024-05-15 23:50:55 - [MESSAGE][PASSED] - Object: 'Object Repository/RecAndPlayBk/Page-Vlink-AuthOnly/input_Card number_card_number' is double clicked on

2024-05-15 23:50:55 - [TEST_STEP][PASSED] - setText(findTestObject("Object Repository/RecAndPlayBk/Page-Vlink-AuthOnly/input_Card number_card_number"), cardNumber): Text '370000000000002' is set on object 'Object Repository/RecAndPlayBk/Page-Vlink-AuthOnly/input_Card number_card_number'

2024-05-15 23:50:56 - [MESSAGE][PASSED] - Text '370000000000002' is set on object 'Object Repository/RecAndPlayBk/Page-Vlink-AuthOnly/input_Card number_card_number'

2024-05-15 23:50:56 - [TEST_STEP][PASSED] - setText(findTestObject("Object Repository/RecAndPlayBk/Page-Vlink-AuthOnly/input_Card ex month_card_exmo"), exM): Text '12' is set on object 'Object Repository/RecAndPlayBk/Page-Vlink-AuthOnly/input_Card ex month_card_exmo'

2024-05-15 23:50:56 - [MESSAGE][PASSED] - Text '12' is set on object 'Object Repository/RecAndPlayBk/Page-Vlink-AuthOnly/input_Card ex month_card_exmo'

2024-05-15 23:50:56 - [TEST_STEP][PASSED] - setText(findTestObject("Object Repository/RecAndPlayBk/Page-Vlink-AuthOnly/input_Card ex year_card_exyr"), exY): Text '2029' is set on object 'Object Repository/RecAndPlayBk/Page-Vlink-AuthOnly/input_Card ex year_card_exyr'

2024-05-15 23:50:57 - [MESSAGE][PASSED] - Text '2029' is set on object 'Object Repository/RecAndPlayBk/Page-Vlink-AuthOnly/input_Card ex year_card_exyr'

2024-05-15 23:50:57 - [TEST_STEP][PASSED] - click(findTestObject("Object Repository/RecAndPlayBk/Page-Vlink-AuthOnly/input_Track Data_track_data")): Object: 'Object Repository/RecAndPlayBk/Page-Vlink-AuthOnly/input_Track Data_track_data' is clicked on

2024-05-15 23:50:57 - [MESSAGE][PASSED] - Object: 'Object Repository/RecAndPlayBk/Page-Vlink-AuthOnly/input_Track Data_track_data' is clicked on

2024-05-15 23:50:57 - [TEST_STEP][PASSED] - click(findTestObject("Object Repository/RecAndPlayBk/Page-Vlink-AuthOnly/input_CVV state_cvv_state")): Object: 'Object Repository/RecAndPlayBk/Page-Vlink-AuthOnly/input_CVV state_cvv_state' is clicked on

2024-05-15 23:50:58 - [MESSAGE][PASSED] - Object: 'Object Repository/RecAndPlayBk/Page-Vlink-AuthOnly/input_CVV state_cvv_state' is clicked on

2024-05-15 23:50:58 - [TEST_STEP][PASSED] - setText(findTestObject("Object Repository/RecAndPlayBk/Page-Vlink-AuthOnly/input_Track Data_track_data"), ""): Text '' is set on object 'Object Repository/RecAndPlayBk/Page-Vlink-AuthOnly/input_Track Data_track_data'

2024-05-15 23:50:58 - [MESSAGE][PASSED] - Text '' is set on object 'Object Repository/RecAndPlayBk/Page-Vlink-AuthOnly/input_Track Data_track_data'

2024-05-15 23:50:58 - [TEST_STEP][PASSED] - setText(findTestObject("Object Repository/RecAndPlayBk/Page-Vlink-AuthOnly/input_concat(Cardholder, , s email)_email"), ""): Text '' is set on object 'Object Repository/RecAndPlayBk/Page-Vlink-AuthOnly/input_concat(Cardholder, , s email)_email'

2024-05-15 23:50:59 - [MESSAGE][PASSED] - Text '' is set on object 'Object Repository/RecAndPlayBk/Page-Vlink-AuthOnly/input_concat(Cardholder, , s email)_email'

2024-05-15 23:50:59 - [TEST_STEP][PASSED] - click(findTestObject("Object Repository/RecAndPlayBk/Page-Vlink-AuthOnly/input_user_defined10_user_defined10")): Object: 'Object Repository/RecAndPlayBk/Page-Vlink-AuthOnly/input_user_defined10_user_defined10' is clicked on

2024-05-15 23:50:59 - [MESSAGE][PASSED] - Object: 'Object Repository/RecAndPlayBk/Page-Vlink-AuthOnly/input_user_defined10_user_defined10' is clicked on

2024-05-15 23:50:59 - [TEST_STEP][PASSED] - if (executionProfile.equalsIgnoreCase("QAProfile")): null

2024-05-15 23:50:59 - [TEST_STEP][PASSED] - click(findTestObject("Object Repository/RecAndPlayBk/Page-Vlink-AuthOnly/input")): Object: 'Object Repository/RecAndPlayBk/Page-Vlink-AuthOnly/input' is clicked on

2024-05-15 23:51:00 - [MESSAGE][PASSED] - Object: 'Object Repository/RecAndPlayBk/Page-Vlink-AuthOnly/input' is clicked on

2024-05-15 23:51:00 - [TEST_STEP][PASSED] - if (verifyTextPresent("Transaction approved, no errors", true)): null

2024-05-15 23:51:01 - [MESSAGE][PASSED] - Text 'Transaction approved, no errors' is present on page  using regular expression

2024-05-15 23:51:01 - [TEST_STEP][PASSED] - out.println("Auth was successful, Capture now"): null

2024-05-15 23:51:01 - [TEST_STEP][PASSED] - sdfo = getText(findTestObject("Object Repository/Page_VLinkReceipt/pre_STX")): Text of object 'Object Repository/Page_VLinkReceipt/pre_STX' is: '<STX>X1Zjbl6oFxw2                  12151660            0  Transaction approved, no errors                   0                                                                                  Y 029154596<ETX>'

2024-05-15 23:51:01 - [MESSAGE][PASSED] - Text of object 'Object Repository/Page_VLinkReceipt/pre_STX' is: '<STX>X1Zjbl6oFxw2                  12151660            0  Transaction approved, no errors                   0                                                                                  Y 029154596<ETX>'

2024-05-15 23:51:01 - [TEST_STEP][PASSED] - out.println("sdfo: " + sdfo): null

2024-05-15 23:51:01 - [TEST_STEP][PASSED] - remID = substring(5, 35).trim(): null

2024-05-15 23:51:01 - [TEST_STEP][PASSED] - out.println("remID: " + remID): null

2024-05-15 23:51:01 - [TEST_STEP][PASSED] - traxID = substring(35, 55).trim(): null

2024-05-15 23:51:01 - [TEST_STEP][PASSED] - out.println("traxID: " + traxID): null

2024-05-15 23:51:01 - [TEST_STEP][PASSED] - VLinkSaleRemID = remID: null

2024-05-15 23:51:01 - [TEST_STEP][PASSED] - VLinkSaleTranxID = traxID: null

2024-05-15 23:51:01 - [TEST_STEP][PASSED] - openBrowser(VLinkURL + "capture.html"): Browser is opened with url: 'https://dev-algorithm.govolution.com/vlinktest/QA2/version_2_0/capture.html'

2024-05-15 23:51:01 - [MESSAGE][WARNING] - A browser is already opened. Closing browser and opening a new one

2024-05-15 23:51:02 - [MESSAGE][INFO] - Starting 'Chrome' driver

2024-05-15 23:51:02 - [MESSAGE][INFO] - User set preference: ['acceptInsecureCerts', 'true']

2024-05-15 23:51:02 - [MESSAGE][INFO] - Action delay is set to 0 milliseconds

2024-05-15 23:51:05 - [MESSAGE][PASSED] - Browser is opened with url: 'https://dev-algorithm.govolution.com/vlinktest/QA2/version_2_0/capture.html'

2024-05-15 23:51:05 - [TEST_STEP][PASSED] - maximizeWindow(): Current window maximized

2024-05-15 23:51:05 - [MESSAGE][PASSED] - Current window maximized

2024-05-15 23:51:05 - [TEST_STEP][PASSED] - setText(findTestObject("Object Repository/RecAndPlayBk/Page-VLink-Capture/input_Remittance Id_remittance_id"), VLinkSaleRemID): Text 'X1Zjbl6oFxw2' is set on object 'Object Repository/RecAndPlayBk/Page-VLink-Capture/input_Remittance Id_remittance_id'

2024-05-15 23:51:06 - [MESSAGE][PASSED] - Text 'X1Zjbl6oFxw2' is set on object 'Object Repository/RecAndPlayBk/Page-VLink-Capture/input_Remittance Id_remittance_id'

2024-05-15 23:51:06 - [TEST_STEP][PASSED] - setText(findTestObject("Object Repository/RecAndPlayBk/Page-VLink-Capture/input_Application Id_application_id"), appID): Text '234' is set on object 'Object Repository/RecAndPlayBk/Page-VLink-Capture/input_Application Id_application_id'

2024-05-15 23:51:06 - [MESSAGE][PASSED] - Text '234' is set on object 'Object Repository/RecAndPlayBk/Page-VLink-Capture/input_Application Id_application_id'

2024-05-15 23:51:06 - [TEST_STEP][PASSED] - setText(findTestObject("Object Repository/RecAndPlayBk/Page-VLink-Capture/input_Username_username"), username): Text 'username' is set on object 'Object Repository/RecAndPlayBk/Page-VLink-Capture/input_Username_username'

2024-05-15 23:51:07 - [MESSAGE][PASSED] - Text 'username' is set on object 'Object Repository/RecAndPlayBk/Page-VLink-Capture/input_Username_username'

2024-05-15 23:51:07 - [TEST_STEP][PASSED] - setText(findTestObject("Object Repository/RecAndPlayBk/Page-VLink-Capture/input_Password_password"), password): Text 'password' is set on object 'Object Repository/RecAndPlayBk/Page-VLink-Capture/input_Password_password'

2024-05-15 23:51:07 - [MESSAGE][PASSED] - Text 'password' is set on object 'Object Repository/RecAndPlayBk/Page-VLink-Capture/input_Password_password'

2024-05-15 23:51:07 - [TEST_STEP][PASSED] - setText(findTestObject("Object Repository/RecAndPlayBk/Page-VLink-Capture/input_Transaction ID_transaction_id"), VLinkSaleTranxID): Text '12151660' is set on object 'Object Repository/RecAndPlayBk/Page-VLink-Capture/input_Transaction ID_transaction_id'

2024-05-15 23:51:08 - [MESSAGE][PASSED] - Text '12151660' is set on object 'Object Repository/RecAndPlayBk/Page-VLink-Capture/input_Transaction ID_transaction_id'

2024-05-15 23:51:08 - [TEST_STEP][PASSED] - setText(findTestObject("Object Repository/RecAndPlayBk/Page-VLink-Capture/input_Amount_amount"), amount): Text '10.5' is set on object 'Object Repository/RecAndPlayBk/Page-VLink-Capture/input_Amount_amount'

2024-05-15 23:51:09 - [MESSAGE][PASSED] - Text '10.5' is set on object 'Object Repository/RecAndPlayBk/Page-VLink-Capture/input_Amount_amount'

2024-05-15 23:51:09 - [TEST_STEP][PASSED] - click(findTestObject("Object Repository/RecAndPlayBk/Page-VLink-Capture/input")): Object: 'Object Repository/RecAndPlayBk/Page-VLink-Capture/input' is clicked on

2024-05-15 23:51:10 - [MESSAGE][PASSED] - Object: 'Object Repository/RecAndPlayBk/Page-VLink-Capture/input' is clicked on

2024-05-15 23:51:10 - [TEST_STEP][PASSED] - if (verifyTextPresent("Transaction approved, no errors", true)): null

2024-05-15 23:51:10 - [MESSAGE][PASSED] - Text 'Transaction approved, no errors' is present on page  using regular expression

2024-05-15 23:51:10 - [TEST_STEP][PASSED] - sdfo = getText(findTestObject("Object Repository/Page_VLinkReceipt/pre_STX")): Text of object 'Object Repository/Page_VLinkReceipt/pre_STX' is: '<STX>X1Zjbl6oFxw2                  12151661            0  Transaction approved, no errors                   0                                                                                  Y 029154596<ETX>'

2024-05-15 23:51:11 - [MESSAGE][PASSED] - Text of object 'Object Repository/Page_VLinkReceipt/pre_STX' is: '<STX>X1Zjbl6oFxw2                  12151661            0  Transaction approved, no errors                   0                                                                                  Y 029154596<ETX>'

2024-05-15 23:51:11 - [TEST_STEP][PASSED] - out.println("sdfo: " + sdfo): null

2024-05-15 23:51:11 - [TEST_STEP][PASSED] - remID = substring(5, 35).trim(): null

2024-05-15 23:51:11 - [TEST_STEP][PASSED] - out.println("remID: " + remID): null

2024-05-15 23:51:11 - [TEST_STEP][PASSED] - traxID = substring(35, 55).trim(): null

2024-05-15 23:51:11 - [TEST_STEP][PASSED] - out.println("traxID: " + traxID): null

2024-05-15 23:51:11 - [TEST_STEP][PASSED] - VLinkSaleRemID = remID: null

2024-05-15 23:51:11 - [TEST_STEP][PASSED] - VLinkSaleTranxID = traxID: null

2024-05-15 23:51:11 - [TEST_STEP][PASSED] - openBrowser(VLinkURL + "CC_void.html"): Browser is opened with url: 'https://dev-algorithm.govolution.com/vlinktest/QA2/version_2_0/CC_void.html'

2024-05-15 23:51:11 - [MESSAGE][WARNING] - A browser is already opened. Closing browser and opening a new one

2024-05-15 23:51:12 - [MESSAGE][INFO] - Starting 'Chrome' driver

2024-05-15 23:51:12 - [MESSAGE][INFO] - User set preference: ['acceptInsecureCerts', 'true']

2024-05-15 23:51:12 - [MESSAGE][INFO] - Action delay is set to 0 milliseconds

2024-05-15 23:51:14 - [MESSAGE][PASSED] - Browser is opened with url: 'https://dev-algorithm.govolution.com/vlinktest/QA2/version_2_0/CC_void.html'

2024-05-15 23:51:14 - [TEST_STEP][PASSED] - maximizeWindow(): Current window maximized

2024-05-15 23:51:14 - [MESSAGE][PASSED] - Current window maximized

2024-05-15 23:51:14 - [TEST_STEP][PASSED] - setText(findTestObject("Object Repository/RecAndPlayBk/Page-Vlink-CC-Void/txt_RemID"), VLinkSaleRemID): Text 'X1Zjbl6oFxw2' is set on object 'Object Repository/RecAndPlayBk/Page-Vlink-CC-Void/txt_RemID'

2024-05-15 23:51:15 - [MESSAGE][PASSED] - Text 'X1Zjbl6oFxw2' is set on object 'Object Repository/RecAndPlayBk/Page-Vlink-CC-Void/txt_RemID'

2024-05-15 23:51:15 - [TEST_STEP][PASSED] - setText(findTestObject("Object Repository/RecAndPlayBk/Page-Vlink-CC-Void/txt_ApplicationID"), appID): Text '234' is set on object 'Object Repository/RecAndPlayBk/Page-Vlink-CC-Void/txt_ApplicationID'

2024-05-15 23:51:16 - [MESSAGE][PASSED] - Text '234' is set on object 'Object Repository/RecAndPlayBk/Page-Vlink-CC-Void/txt_ApplicationID'

2024-05-15 23:51:16 - [TEST_STEP][PASSED] - setText(findTestObject("Object Repository/RecAndPlayBk/Page-Vlink-CC-Void/txt_Username"), username): Text 'username' is set on object 'Object Repository/RecAndPlayBk/Page-Vlink-CC-Void/txt_Username'

2024-05-15 23:51:16 - [MESSAGE][PASSED] - Text 'username' is set on object 'Object Repository/RecAndPlayBk/Page-Vlink-CC-Void/txt_Username'

2024-05-15 23:51:16 - [TEST_STEP][PASSED] - setText(findTestObject("Object Repository/RecAndPlayBk/Page-Vlink-CC-Void/txt_Password"), password): Text 'password' is set on object 'Object Repository/RecAndPlayBk/Page-Vlink-CC-Void/txt_Password'

2024-05-15 23:51:17 - [MESSAGE][PASSED] - Text 'password' is set on object 'Object Repository/RecAndPlayBk/Page-Vlink-CC-Void/txt_Password'

2024-05-15 23:51:17 - [TEST_STEP][PASSED] - setText(findTestObject("Object Repository/RecAndPlayBk/Page-Vlink-CC-Void/txt_TransactionID"), VLinkSaleTranxID): Text '12151661' is set on object 'Object Repository/RecAndPlayBk/Page-Vlink-CC-Void/txt_TransactionID'

2024-05-15 23:51:18 - [MESSAGE][PASSED] - Text '12151661' is set on object 'Object Repository/RecAndPlayBk/Page-Vlink-CC-Void/txt_TransactionID'

2024-05-15 23:51:18 - [TEST_STEP][PASSED] - setText(findTestObject("Object Repository/RecAndPlayBk/Page-Vlink-CC-Void/txt_OriginalTransactionType"), "102"): Text '102' is set on object 'Object Repository/RecAndPlayBk/Page-Vlink-CC-Void/txt_OriginalTransactionType'

2024-05-15 23:51:18 - [MESSAGE][PASSED] - Text '102' is set on object 'Object Repository/RecAndPlayBk/Page-Vlink-CC-Void/txt_OriginalTransactionType'

2024-05-15 23:51:18 - [TEST_STEP][PASSED] - setText(findTestObject("Object Repository/RecAndPlayBk/Page-Vlink-CC-Void/txt_TrackData"), ""): Text '' is set on object 'Object Repository/RecAndPlayBk/Page-Vlink-CC-Void/txt_TrackData'

2024-05-15 23:51:19 - [MESSAGE][PASSED] - Text '' is set on object 'Object Repository/RecAndPlayBk/Page-Vlink-CC-Void/txt_TrackData'

2024-05-15 23:51:19 - [TEST_STEP][PASSED] - click(findTestObject("Object Repository/RecAndPlayBk/Page-Vlink-CC-Void/btn_ProcessVLinkTransaction")): Object: 'Object Repository/RecAndPlayBk/Page-Vlink-CC-Void/btn_ProcessVLinkTransaction' is clicked on

2024-05-15 23:51:20 - [MESSAGE][PASSED] - Object: 'Object Repository/RecAndPlayBk/Page-Vlink-CC-Void/btn_ProcessVLinkTransaction' is clicked on

2024-05-15 23:51:20 - [TEST_STEP][PASSED] - if (verifyTextPresent("Transaction approved, no errors", true)): null

2024-05-15 23:51:20 - [MESSAGE][PASSED] - Text 'Transaction approved, no errors' is present on page  using regular expression

2024-05-15 23:51:20 - [TEST_STEP][PASSED] - println("Transaction Approved, no errors text is present on the Confirmation page"): null

2024-05-15 23:51:20 - [TEST_STEP][PASSED] - out.println("Pass Record Number: " + row): null

2024-05-15 23:51:20 - [TEST_STEP][PASSED] - resText = "Pass": null

2024-05-15 23:51:20 - [TEST_STEP][PASSED] - pages.WriteExcel.demoKey(resText, datText, resColumn, datCloumn, fileLoc, nameSheet, row): pages.WriteExcel.demoKey is PASSED

2024-05-15 23:51:20 - [MESSAGE][PASSED] - pages.WriteExcel.demoKey is PASSED

2024-05-15 23:51:20 - [TEST_STEP][PASSED] - ExecuteTC = findTestData(dataFile).getValue("Execute", row): null

2024-05-15 23:51:21 - [TEST_STEP][PASSED] - out.println("Value of Execute is : " + ExecuteTC): null

2024-05-15 23:51:21 - [TEST_STEP][PASSED] - switch (executionProfile): null

2024-05-15 23:51:21 - [TEST_STEP][PASSED] - case "QA2Profile":: null

2024-05-15 23:51:21 - [TEST_STEP][PASSED] - appID = findTestData(dataFile).getValue("AppIDQA", row): null

2024-05-15 23:51:21 - [TEST_STEP][PASSED] - username = findTestData(dataFile).getValue("UsernameQA", row): null

2024-05-15 23:51:21 - [TEST_STEP][PASSED] - password = findTestData(dataFile).getValue("PasswordQA", row): null

2024-05-15 23:51:21 - [TEST_STEP][PASSED] - break: null

2024-05-15 23:51:21 - [TEST_STEP][PASSED] - if (ExecuteTC.equalsIgnoreCase("Y")): null

2024-05-15 23:51:21 - [TEST_STEP][PASSED] - out.println("Begin Record Number: " + row): null

2024-05-15 23:51:21 - [TEST_STEP][PASSED] - today = new java.util.Date(): null

2024-05-15 23:51:21 - [TEST_STEP][PASSED] - println(today): null

2024-05-15 23:51:21 - [TEST_STEP][PASSED] - datText = today: null

2024-05-15 23:51:21 - [TEST_STEP][PASSED] - category = findTestData(dataFile).getValue("Category", row): null

2024-05-15 23:51:21 - [TEST_STEP][PASSED] - amount = findTestData(dataFile).getValue("Amount", row): null

2024-05-15 23:51:21 - [TEST_STEP][PASSED] - cardNumber = findTestData(dataFile).getValue("CardNumber", row): null

2024-05-15 23:51:21 - [TEST_STEP][PASSED] - exM = findTestData(dataFile).getValue("ExM", row): null

2024-05-15 23:51:21 - [TEST_STEP][PASSED] - exY = findTestData(dataFile).getValue("ExY", row): null

2024-05-15 23:51:21 - [TEST_STEP][PASSED] - openBrowser(VLinkURL + "auth.html"): Browser is opened with url: 'https://dev-algorithm.govolution.com/vlinktest/QA2/version_2_0/auth.html'

2024-05-15 23:51:21 - [MESSAGE][WARNING] - A browser is already opened. Closing browser and opening a new one

2024-05-15 23:51:22 - [MESSAGE][INFO] - Starting 'Chrome' driver

2024-05-15 23:51:22 - [MESSAGE][INFO] - User set preference: ['acceptInsecureCerts', 'true']

2024-05-15 23:51:22 - [MESSAGE][INFO] - Action delay is set to 0 milliseconds

2024-05-15 23:51:25 - [MESSAGE][PASSED] - Browser is opened with url: 'https://dev-algorithm.govolution.com/vlinktest/QA2/version_2_0/auth.html'

2024-05-15 23:51:25 - [TEST_STEP][PASSED] - maximizeWindow(): Current window maximized

2024-05-15 23:51:25 - [MESSAGE][PASSED] - Current window maximized

2024-05-15 23:51:25 - [TEST_STEP][PASSED] - genRemID = RandomStringUtils.random(12, true, true): null

2024-05-15 23:51:25 - [TEST_STEP][PASSED] - setText(findTestObject("Object Repository/RecAndPlayBk/Page-Vlink-AuthOnly/input_Remittance Id_remittance_id"), genRemID): Text 'NDudsBqY9uyO' is set on object 'Object Repository/RecAndPlayBk/Page-Vlink-AuthOnly/input_Remittance Id_remittance_id'

2024-05-15 23:51:26 - [MESSAGE][PASSED] - Text 'NDudsBqY9uyO' is set on object 'Object Repository/RecAndPlayBk/Page-Vlink-AuthOnly/input_Remittance Id_remittance_id'

2024-05-15 23:51:26 - [TEST_STEP][PASSED] - setText(findTestObject("Object Repository/RecAndPlayBk/Page-Vlink-AuthOnly/input_Application Id_application_id"), appID): Text '87' is set on object 'Object Repository/RecAndPlayBk/Page-Vlink-AuthOnly/input_Application Id_application_id'

2024-05-15 23:51:26 - [MESSAGE][PASSED] - Text '87' is set on object 'Object Repository/RecAndPlayBk/Page-Vlink-AuthOnly/input_Application Id_application_id'

2024-05-15 23:51:26 - [TEST_STEP][PASSED] - setText(findTestObject("Object Repository/RecAndPlayBk/Page-Vlink-AuthOnly/input_Username_username"), username): Text 'username' is set on object 'Object Repository/RecAndPlayBk/Page-Vlink-AuthOnly/input_Username_username'

2024-05-15 23:51:27 - [MESSAGE][PASSED] - Text 'username' is set on object 'Object Repository/RecAndPlayBk/Page-Vlink-AuthOnly/input_Username_username'

2024-05-15 23:51:27 - [TEST_STEP][PASSED] - setText(findTestObject("Object Repository/RecAndPlayBk/Page-Vlink-AuthOnly/input_Password_password"), password): Text 'password' is set on object 'Object Repository/RecAndPlayBk/Page-Vlink-AuthOnly/input_Password_password'

2024-05-15 23:51:28 - [MESSAGE][PASSED] - Text 'password' is set on object 'Object Repository/RecAndPlayBk/Page-Vlink-AuthOnly/input_Password_password'

2024-05-15 23:51:28 - [TEST_STEP][PASSED] - setText(findTestObject("Object Repository/RecAndPlayBk/Page-Vlink-AuthOnly/input_Category_category"), category): Text 'ECOM' is set on object 'Object Repository/RecAndPlayBk/Page-Vlink-AuthOnly/input_Category_category'

2024-05-15 23:51:28 - [MESSAGE][PASSED] - Text 'ECOM' is set on object 'Object Repository/RecAndPlayBk/Page-Vlink-AuthOnly/input_Category_category'

2024-05-15 23:51:28 - [TEST_STEP][PASSED] - setText(findTestObject("Object Repository/RecAndPlayBk/Page-Vlink-AuthOnly/input_Amount_amount"), amount): Text '10.5' is set on object 'Object Repository/RecAndPlayBk/Page-Vlink-AuthOnly/input_Amount_amount'

2024-05-15 23:51:29 - [MESSAGE][PASSED] - Text '10.5' is set on object 'Object Repository/RecAndPlayBk/Page-Vlink-AuthOnly/input_Amount_amount'

2024-05-15 23:51:29 - [TEST_STEP][PASSED] - doubleClick(findTestObject("Object Repository/RecAndPlayBk/Page-Vlink-AuthOnly/input_Card number_card_number")): Object: 'Object Repository/RecAndPlayBk/Page-Vlink-AuthOnly/input_Card number_card_number' is double clicked on

2024-05-15 23:51:29 - [MESSAGE][PASSED] - Object: 'Object Repository/RecAndPlayBk/Page-Vlink-AuthOnly/input_Card number_card_number' is double clicked on

2024-05-15 23:51:29 - [TEST_STEP][PASSED] - setText(findTestObject("Object Repository/RecAndPlayBk/Page-Vlink-AuthOnly/input_Card number_card_number"), cardNumber): Text '4012000098765439' is set on object 'Object Repository/RecAndPlayBk/Page-Vlink-AuthOnly/input_Card number_card_number'

2024-05-15 23:51:30 - [MESSAGE][PASSED] - Text '4012000098765439' is set on object 'Object Repository/RecAndPlayBk/Page-Vlink-AuthOnly/input_Card number_card_number'

2024-05-15 23:51:30 - [TEST_STEP][PASSED] - setText(findTestObject("Object Repository/RecAndPlayBk/Page-Vlink-AuthOnly/input_Card ex month_card_exmo"), exM): Text '12' is set on object 'Object Repository/RecAndPlayBk/Page-Vlink-AuthOnly/input_Card ex month_card_exmo'

2024-05-15 23:51:31 - [MESSAGE][PASSED] - Text '12' is set on object 'Object Repository/RecAndPlayBk/Page-Vlink-AuthOnly/input_Card ex month_card_exmo'

2024-05-15 23:51:31 - [TEST_STEP][PASSED] - setText(findTestObject("Object Repository/RecAndPlayBk/Page-Vlink-AuthOnly/input_Card ex year_card_exyr"), exY): Text '2029' is set on object 'Object Repository/RecAndPlayBk/Page-Vlink-AuthOnly/input_Card ex year_card_exyr'

2024-05-15 23:51:31 - [MESSAGE][PASSED] - Text '2029' is set on object 'Object Repository/RecAndPlayBk/Page-Vlink-AuthOnly/input_Card ex year_card_exyr'

2024-05-15 23:51:31 - [TEST_STEP][PASSED] - click(findTestObject("Object Repository/RecAndPlayBk/Page-Vlink-AuthOnly/input_Track Data_track_data")): Object: 'Object Repository/RecAndPlayBk/Page-Vlink-AuthOnly/input_Track Data_track_data' is clicked on

2024-05-15 23:51:32 - [MESSAGE][PASSED] - Object: 'Object Repository/RecAndPlayBk/Page-Vlink-AuthOnly/input_Track Data_track_data' is clicked on

2024-05-15 23:51:32 - [TEST_STEP][PASSED] - click(findTestObject("Object Repository/RecAndPlayBk/Page-Vlink-AuthOnly/input_CVV state_cvv_state")): Object: 'Object Repository/RecAndPlayBk/Page-Vlink-AuthOnly/input_CVV state_cvv_state' is clicked on

2024-05-15 23:51:32 - [MESSAGE][PASSED] - Object: 'Object Repository/RecAndPlayBk/Page-Vlink-AuthOnly/input_CVV state_cvv_state' is clicked on

2024-05-15 23:51:32 - [TEST_STEP][PASSED] - setText(findTestObject("Object Repository/RecAndPlayBk/Page-Vlink-AuthOnly/input_Track Data_track_data"), ""): Text '' is set on object 'Object Repository/RecAndPlayBk/Page-Vlink-AuthOnly/input_Track Data_track_data'

2024-05-15 23:51:33 - [MESSAGE][PASSED] - Text '' is set on object 'Object Repository/RecAndPlayBk/Page-Vlink-AuthOnly/input_Track Data_track_data'

2024-05-15 23:51:33 - [TEST_STEP][PASSED] - setText(findTestObject("Object Repository/RecAndPlayBk/Page-Vlink-AuthOnly/input_concat(Cardholder, , s email)_email"), ""): Text '' is set on object 'Object Repository/RecAndPlayBk/Page-Vlink-AuthOnly/input_concat(Cardholder, , s email)_email'

2024-05-15 23:51:33 - [MESSAGE][PASSED] - Text '' is set on object 'Object Repository/RecAndPlayBk/Page-Vlink-AuthOnly/input_concat(Cardholder, , s email)_email'

2024-05-15 23:51:33 - [TEST_STEP][PASSED] - click(findTestObject("Object Repository/RecAndPlayBk/Page-Vlink-AuthOnly/input_user_defined10_user_defined10")): Object: 'Object Repository/RecAndPlayBk/Page-Vlink-AuthOnly/input_user_defined10_user_defined10' is clicked on

2024-05-15 23:51:34 - [MESSAGE][PASSED] - Object: 'Object Repository/RecAndPlayBk/Page-Vlink-AuthOnly/input_user_defined10_user_defined10' is clicked on

2024-05-15 23:51:34 - [TEST_STEP][PASSED] - if (executionProfile.equalsIgnoreCase("QAProfile")): null

2024-05-15 23:51:34 - [TEST_STEP][PASSED] - click(findTestObject("Object Repository/RecAndPlayBk/Page-Vlink-AuthOnly/input")): Object: 'Object Repository/RecAndPlayBk/Page-Vlink-AuthOnly/input' is clicked on

2024-05-15 23:51:35 - [MESSAGE][PASSED] - Object: 'Object Repository/RecAndPlayBk/Page-Vlink-AuthOnly/input' is clicked on

2024-05-15 23:51:35 - [TEST_STEP][PASSED] - if (verifyTextPresent("Transaction approved, no errors", true)): null

2024-05-15 23:51:36 - [MESSAGE][PASSED] - Text 'Transaction approved, no errors' is present on page  using regular expression

2024-05-15 23:51:36 - [TEST_STEP][PASSED] - out.println("Auth was successful, Capture now"): null

2024-05-15 23:51:36 - [TEST_STEP][PASSED] - sdfo = getText(findTestObject("Object Repository/Page_VLinkReceipt/pre_STX")): Text of object 'Object Repository/Page_VLinkReceipt/pre_STX' is: '<STX>NDudsBqY9uyO                  12151663            0  Transaction approved, no errors                   0                                                                                  N TAS482   <ETX>'

2024-05-15 23:51:36 - [MESSAGE][PASSED] - Text of object 'Object Repository/Page_VLinkReceipt/pre_STX' is: '<STX>NDudsBqY9uyO                  12151663            0  Transaction approved, no errors                   0                                                                                  N TAS482   <ETX>'

2024-05-15 23:51:36 - [TEST_STEP][PASSED] - out.println("sdfo: " + sdfo): null

2024-05-15 23:51:36 - [TEST_STEP][PASSED] - remID = substring(5, 35).trim(): null

2024-05-15 23:51:36 - [TEST_STEP][PASSED] - out.println("remID: " + remID): null

2024-05-15 23:51:36 - [TEST_STEP][PASSED] - traxID = substring(35, 55).trim(): null

2024-05-15 23:51:36 - [TEST_STEP][PASSED] - out.println("traxID: " + traxID): null

2024-05-15 23:51:36 - [TEST_STEP][PASSED] - VLinkSaleRemID = remID: null

2024-05-15 23:51:36 - [TEST_STEP][PASSED] - VLinkSaleTranxID = traxID: null

2024-05-15 23:51:36 - [TEST_STEP][PASSED] - openBrowser(VLinkURL + "capture.html"): Browser is opened with url: 'https://dev-algorithm.govolution.com/vlinktest/QA2/version_2_0/capture.html'

2024-05-15 23:51:36 - [MESSAGE][WARNING] - A browser is already opened. Closing browser and opening a new one

2024-05-15 23:51:37 - [MESSAGE][INFO] - Starting 'Chrome' driver

2024-05-15 23:51:37 - [MESSAGE][INFO] - User set preference: ['acceptInsecureCerts', 'true']

2024-05-15 23:51:37 - [MESSAGE][INFO] - Action delay is set to 0 milliseconds

2024-05-15 23:51:39 - [MESSAGE][PASSED] - Browser is opened with url: 'https://dev-algorithm.govolution.com/vlinktest/QA2/version_2_0/capture.html'

2024-05-15 23:51:39 - [TEST_STEP][PASSED] - maximizeWindow(): Current window maximized

2024-05-15 23:51:39 - [MESSAGE][PASSED] - Current window maximized

2024-05-15 23:51:39 - [TEST_STEP][PASSED] - setText(findTestObject("Object Repository/RecAndPlayBk/Page-VLink-Capture/input_Remittance Id_remittance_id"), VLinkSaleRemID): Text 'NDudsBqY9uyO' is set on object 'Object Repository/RecAndPlayBk/Page-VLink-Capture/input_Remittance Id_remittance_id'

2024-05-15 23:51:40 - [MESSAGE][PASSED] - Text 'NDudsBqY9uyO' is set on object 'Object Repository/RecAndPlayBk/Page-VLink-Capture/input_Remittance Id_remittance_id'

2024-05-15 23:51:40 - [TEST_STEP][PASSED] - setText(findTestObject("Object Repository/RecAndPlayBk/Page-VLink-Capture/input_Application Id_application_id"), appID): Text '87' is set on object 'Object Repository/RecAndPlayBk/Page-VLink-Capture/input_Application Id_application_id'

2024-05-15 23:51:41 - [MESSAGE][PASSED] - Text '87' is set on object 'Object Repository/RecAndPlayBk/Page-VLink-Capture/input_Application Id_application_id'

2024-05-15 23:51:41 - [TEST_STEP][PASSED] - setText(findTestObject("Object Repository/RecAndPlayBk/Page-VLink-Capture/input_Username_username"), username): Text 'username' is set on object 'Object Repository/RecAndPlayBk/Page-VLink-Capture/input_Username_username'

2024-05-15 23:51:41 - [MESSAGE][PASSED] - Text 'username' is set on object 'Object Repository/RecAndPlayBk/Page-VLink-Capture/input_Username_username'

2024-05-15 23:51:41 - [TEST_STEP][PASSED] - setText(findTestObject("Object Repository/RecAndPlayBk/Page-VLink-Capture/input_Password_password"), password): Text 'password' is set on object 'Object Repository/RecAndPlayBk/Page-VLink-Capture/input_Password_password'

2024-05-15 23:51:42 - [MESSAGE][PASSED] - Text 'password' is set on object 'Object Repository/RecAndPlayBk/Page-VLink-Capture/input_Password_password'

2024-05-15 23:51:42 - [TEST_STEP][PASSED] - setText(findTestObject("Object Repository/RecAndPlayBk/Page-VLink-Capture/input_Transaction ID_transaction_id"), VLinkSaleTranxID): Text '12151663' is set on object 'Object Repository/RecAndPlayBk/Page-VLink-Capture/input_Transaction ID_transaction_id'

2024-05-15 23:51:43 - [MESSAGE][PASSED] - Text '12151663' is set on object 'Object Repository/RecAndPlayBk/Page-VLink-Capture/input_Transaction ID_transaction_id'

2024-05-15 23:51:43 - [TEST_STEP][PASSED] - setText(findTestObject("Object Repository/RecAndPlayBk/Page-VLink-Capture/input_Amount_amount"), amount): Text '10.5' is set on object 'Object Repository/RecAndPlayBk/Page-VLink-Capture/input_Amount_amount'

2024-05-15 23:51:43 - [MESSAGE][PASSED] - Text '10.5' is set on object 'Object Repository/RecAndPlayBk/Page-VLink-Capture/input_Amount_amount'

2024-05-15 23:51:43 - [TEST_STEP][PASSED] - click(findTestObject("Object Repository/RecAndPlayBk/Page-VLink-Capture/input")): Object: 'Object Repository/RecAndPlayBk/Page-VLink-Capture/input' is clicked on

2024-05-15 23:51:45 - [MESSAGE][PASSED] - Object: 'Object Repository/RecAndPlayBk/Page-VLink-Capture/input' is clicked on

2024-05-15 23:51:45 - [TEST_STEP][PASSED] - if (verifyTextPresent("Transaction approved, no errors", true)): null

2024-05-15 23:51:45 - [MESSAGE][PASSED] - Text 'Transaction approved, no errors' is present on page  using regular expression

2024-05-15 23:51:45 - [TEST_STEP][PASSED] - sdfo = getText(findTestObject("Object Repository/Page_VLinkReceipt/pre_STX")): Text of object 'Object Repository/Page_VLinkReceipt/pre_STX' is: '<STX>NDudsBqY9uyO                  12151664            0  Transaction approved, no errors                   0                                                                                  N TAS482   <ETX>'

2024-05-15 23:51:45 - [MESSAGE][PASSED] - Text of object 'Object Repository/Page_VLinkReceipt/pre_STX' is: '<STX>NDudsBqY9uyO                  12151664            0  Transaction approved, no errors                   0                                                                                  N TAS482   <ETX>'

2024-05-15 23:51:45 - [TEST_STEP][PASSED] - out.println("sdfo: " + sdfo): null

2024-05-15 23:51:45 - [TEST_STEP][PASSED] - remID = substring(5, 35).trim(): null

2024-05-15 23:51:45 - [TEST_STEP][PASSED] - out.println("remID: " + remID): null

2024-05-15 23:51:45 - [TEST_STEP][PASSED] - traxID = substring(35, 55).trim(): null

2024-05-15 23:51:45 - [TEST_STEP][PASSED] - out.println("traxID: " + traxID): null

2024-05-15 23:51:45 - [TEST_STEP][PASSED] - VLinkSaleRemID = remID: null

2024-05-15 23:51:45 - [TEST_STEP][PASSED] - VLinkSaleTranxID = traxID: null

2024-05-15 23:51:45 - [TEST_STEP][PASSED] - openBrowser(VLinkURL + "CC_void.html"): Browser is opened with url: 'https://dev-algorithm.govolution.com/vlinktest/QA2/version_2_0/CC_void.html'

2024-05-15 23:51:45 - [MESSAGE][WARNING] - A browser is already opened. Closing browser and opening a new one

2024-05-15 23:51:47 - [MESSAGE][INFO] - Starting 'Chrome' driver

2024-05-15 23:51:47 - [MESSAGE][INFO] - User set preference: ['acceptInsecureCerts', 'true']

2024-05-15 23:51:47 - [MESSAGE][INFO] - Action delay is set to 0 milliseconds

2024-05-15 23:51:48 - [MESSAGE][PASSED] - Browser is opened with url: 'https://dev-algorithm.govolution.com/vlinktest/QA2/version_2_0/CC_void.html'

2024-05-15 23:51:48 - [TEST_STEP][PASSED] - maximizeWindow(): Current window maximized

2024-05-15 23:51:49 - [MESSAGE][PASSED] - Current window maximized

2024-05-15 23:51:49 - [TEST_STEP][PASSED] - setText(findTestObject("Object Repository/RecAndPlayBk/Page-Vlink-CC-Void/txt_RemID"), VLinkSaleRemID): Text 'NDudsBqY9uyO' is set on object 'Object Repository/RecAndPlayBk/Page-Vlink-CC-Void/txt_RemID'

2024-05-15 23:51:49 - [MESSAGE][PASSED] - Text 'NDudsBqY9uyO' is set on object 'Object Repository/RecAndPlayBk/Page-Vlink-CC-Void/txt_RemID'

2024-05-15 23:51:49 - [TEST_STEP][PASSED] - setText(findTestObject("Object Repository/RecAndPlayBk/Page-Vlink-CC-Void/txt_ApplicationID"), appID): Text '87' is set on object 'Object Repository/RecAndPlayBk/Page-Vlink-CC-Void/txt_ApplicationID'

2024-05-15 23:51:50 - [MESSAGE][PASSED] - Text '87' is set on object 'Object Repository/RecAndPlayBk/Page-Vlink-CC-Void/txt_ApplicationID'

2024-05-15 23:51:50 - [TEST_STEP][PASSED] - setText(findTestObject("Object Repository/RecAndPlayBk/Page-Vlink-CC-Void/txt_Username"), username): Text 'username' is set on object 'Object Repository/RecAndPlayBk/Page-Vlink-CC-Void/txt_Username'

2024-05-15 23:51:51 - [MESSAGE][PASSED] - Text 'username' is set on object 'Object Repository/RecAndPlayBk/Page-Vlink-CC-Void/txt_Username'

2024-05-15 23:51:51 - [TEST_STEP][PASSED] - setText(findTestObject("Object Repository/RecAndPlayBk/Page-Vlink-CC-Void/txt_Password"), password): Text 'password' is set on object 'Object Repository/RecAndPlayBk/Page-Vlink-CC-Void/txt_Password'

2024-05-15 23:51:51 - [MESSAGE][PASSED] - Text 'password' is set on object 'Object Repository/RecAndPlayBk/Page-Vlink-CC-Void/txt_Password'

2024-05-15 23:51:51 - [TEST_STEP][PASSED] - setText(findTestObject("Object Repository/RecAndPlayBk/Page-Vlink-CC-Void/txt_TransactionID"), VLinkSaleTranxID): Text '12151664' is set on object 'Object Repository/RecAndPlayBk/Page-Vlink-CC-Void/txt_TransactionID'

2024-05-15 23:51:52 - [MESSAGE][PASSED] - Text '12151664' is set on object 'Object Repository/RecAndPlayBk/Page-Vlink-CC-Void/txt_TransactionID'

2024-05-15 23:51:52 - [TEST_STEP][PASSED] - setText(findTestObject("Object Repository/RecAndPlayBk/Page-Vlink-CC-Void/txt_OriginalTransactionType"), "102"): Text '102' is set on object 'Object Repository/RecAndPlayBk/Page-Vlink-CC-Void/txt_OriginalTransactionType'

2024-05-15 23:51:53 - [MESSAGE][PASSED] - Text '102' is set on object 'Object Repository/RecAndPlayBk/Page-Vlink-CC-Void/txt_OriginalTransactionType'

2024-05-15 23:51:53 - [TEST_STEP][PASSED] - setText(findTestObject("Object Repository/RecAndPlayBk/Page-Vlink-CC-Void/txt_TrackData"), ""): Text '' is set on object 'Object Repository/RecAndPlayBk/Page-Vlink-CC-Void/txt_TrackData'

2024-05-15 23:51:53 - [MESSAGE][PASSED] - Text '' is set on object 'Object Repository/RecAndPlayBk/Page-Vlink-CC-Void/txt_TrackData'

2024-05-15 23:51:53 - [TEST_STEP][PASSED] - click(findTestObject("Object Repository/RecAndPlayBk/Page-Vlink-CC-Void/btn_ProcessVLinkTransaction")): Object: 'Object Repository/RecAndPlayBk/Page-Vlink-CC-Void/btn_ProcessVLinkTransaction' is clicked on

2024-05-15 23:51:55 - [MESSAGE][PASSED] - Object: 'Object Repository/RecAndPlayBk/Page-Vlink-CC-Void/btn_ProcessVLinkTransaction' is clicked on

2024-05-15 23:51:55 - [TEST_STEP][PASSED] - if (verifyTextPresent("Transaction approved, no errors", true)): null

2024-05-15 23:51:55 - [MESSAGE][PASSED] - Text 'Transaction approved, no errors' is present on page  using regular expression

2024-05-15 23:51:55 - [TEST_STEP][PASSED] - println("Transaction Approved, no errors text is present on the Confirmation page"): null

2024-05-15 23:51:55 - [TEST_STEP][PASSED] - out.println("Pass Record Number: " + row): null

2024-05-15 23:51:55 - [TEST_STEP][PASSED] - resText = "Pass": null

2024-05-15 23:51:55 - [TEST_STEP][PASSED] - pages.WriteExcel.demoKey(resText, datText, resColumn, datCloumn, fileLoc, nameSheet, row): pages.WriteExcel.demoKey is PASSED

2024-05-15 23:51:55 - [MESSAGE][PASSED] - pages.WriteExcel.demoKey is PASSED

2024-05-15 23:51:55 - [TEST_STEP][PASSED] - ExecuteTC = findTestData(dataFile).getValue("Execute", row): null

2024-05-15 23:51:55 - [TEST_STEP][PASSED] - out.println("Value of Execute is : " + ExecuteTC): null

2024-05-15 23:51:55 - [TEST_STEP][PASSED] - switch (executionProfile): null

2024-05-15 23:51:55 - [TEST_STEP][PASSED] - case "QA2Profile":: null

2024-05-15 23:51:55 - [TEST_STEP][PASSED] - appID = findTestData(dataFile).getValue("AppIDQA", row): null

2024-05-15 23:51:55 - [TEST_STEP][PASSED] - username = findTestData(dataFile).getValue("UsernameQA", row): null

2024-05-15 23:51:55 - [TEST_STEP][PASSED] - password = findTestData(dataFile).getValue("PasswordQA", row): null

2024-05-15 23:51:55 - [TEST_STEP][PASSED] - break: null

2024-05-15 23:51:55 - [TEST_STEP][PASSED] - if (ExecuteTC.equalsIgnoreCase("Y")): null

2024-05-15 23:51:55 - [TEST_STEP][PASSED] - out.println("Begin Record Number: " + row): null

2024-05-15 23:51:55 - [TEST_STEP][PASSED] - today = new java.util.Date(): null

2024-05-15 23:51:55 - [TEST_STEP][PASSED] - println(today): null

2024-05-15 23:51:55 - [TEST_STEP][PASSED] - datText = today: null

2024-05-15 23:51:55 - [TEST_STEP][PASSED] - category = findTestData(dataFile).getValue("Category", row): null

2024-05-15 23:51:55 - [TEST_STEP][PASSED] - amount = findTestData(dataFile).getValue("Amount", row): null

2024-05-15 23:51:56 - [TEST_STEP][PASSED] - cardNumber = findTestData(dataFile).getValue("CardNumber", row): null

2024-05-15 23:51:56 - [TEST_STEP][PASSED] - exM = findTestData(dataFile).getValue("ExM", row): null

2024-05-15 23:51:56 - [TEST_STEP][PASSED] - exY = findTestData(dataFile).getValue("ExY", row): null

2024-05-15 23:51:56 - [TEST_STEP][PASSED] - openBrowser(VLinkURL + "auth.html"): Browser is opened with url: 'https://dev-algorithm.govolution.com/vlinktest/QA2/version_2_0/auth.html'

2024-05-15 23:51:56 - [MESSAGE][WARNING] - A browser is already opened. Closing browser and opening a new one

2024-05-15 23:51:57 - [MESSAGE][INFO] - Starting 'Chrome' driver

2024-05-15 23:51:57 - [MESSAGE][INFO] - User set preference: ['acceptInsecureCerts', 'true']

2024-05-15 23:51:57 - [MESSAGE][INFO] - Action delay is set to 0 milliseconds

2024-05-15 23:52:00 - [MESSAGE][PASSED] - Browser is opened with url: 'https://dev-algorithm.govolution.com/vlinktest/QA2/version_2_0/auth.html'

2024-05-15 23:52:00 - [TEST_STEP][PASSED] - maximizeWindow(): Current window maximized

2024-05-15 23:52:00 - [MESSAGE][PASSED] - Current window maximized

2024-05-15 23:52:00 - [TEST_STEP][PASSED] - genRemID = RandomStringUtils.random(12, true, true): null

2024-05-15 23:52:00 - [TEST_STEP][PASSED] - setText(findTestObject("Object Repository/RecAndPlayBk/Page-Vlink-AuthOnly/input_Remittance Id_remittance_id"), genRemID): Text 'LURw48ie8818' is set on object 'Object Repository/RecAndPlayBk/Page-Vlink-AuthOnly/input_Remittance Id_remittance_id'

2024-05-15 23:52:01 - [MESSAGE][PASSED] - Text 'LURw48ie8818' is set on object 'Object Repository/RecAndPlayBk/Page-Vlink-AuthOnly/input_Remittance Id_remittance_id'

2024-05-15 23:52:01 - [TEST_STEP][PASSED] - setText(findTestObject("Object Repository/RecAndPlayBk/Page-Vlink-AuthOnly/input_Application Id_application_id"), appID): Text '581' is set on object 'Object Repository/RecAndPlayBk/Page-Vlink-AuthOnly/input_Application Id_application_id'

2024-05-15 23:52:01 - [MESSAGE][PASSED] - Text '581' is set on object 'Object Repository/RecAndPlayBk/Page-Vlink-AuthOnly/input_Application Id_application_id'

2024-05-15 23:52:01 - [TEST_STEP][PASSED] - setText(findTestObject("Object Repository/RecAndPlayBk/Page-Vlink-AuthOnly/input_Username_username"), username): Text 'usr581' is set on object 'Object Repository/RecAndPlayBk/Page-Vlink-AuthOnly/input_Username_username'

2024-05-15 23:52:02 - [MESSAGE][PASSED] - Text 'usr581' is set on object 'Object Repository/RecAndPlayBk/Page-Vlink-AuthOnly/input_Username_username'

2024-05-15 23:52:02 - [TEST_STEP][PASSED] - setText(findTestObject("Object Repository/RecAndPlayBk/Page-Vlink-AuthOnly/input_Password_password"), password): Text 'pwd581' is set on object 'Object Repository/RecAndPlayBk/Page-Vlink-AuthOnly/input_Password_password'

2024-05-15 23:52:03 - [MESSAGE][PASSED] - Text 'pwd581' is set on object 'Object Repository/RecAndPlayBk/Page-Vlink-AuthOnly/input_Password_password'

2024-05-15 23:52:03 - [TEST_STEP][PASSED] - setText(findTestObject("Object Repository/RecAndPlayBk/Page-Vlink-AuthOnly/input_Category_category"), category): Text 'ECOM' is set on object 'Object Repository/RecAndPlayBk/Page-Vlink-AuthOnly/input_Category_category'

2024-05-15 23:52:03 - [MESSAGE][PASSED] - Text 'ECOM' is set on object 'Object Repository/RecAndPlayBk/Page-Vlink-AuthOnly/input_Category_category'

2024-05-15 23:52:03 - [TEST_STEP][PASSED] - setText(findTestObject("Object Repository/RecAndPlayBk/Page-Vlink-AuthOnly/input_Amount_amount"), amount): Text '10.5' is set on object 'Object Repository/RecAndPlayBk/Page-Vlink-AuthOnly/input_Amount_amount'

2024-05-15 23:52:04 - [MESSAGE][PASSED] - Text '10.5' is set on object 'Object Repository/RecAndPlayBk/Page-Vlink-AuthOnly/input_Amount_amount'

2024-05-15 23:52:04 - [TEST_STEP][PASSED] - doubleClick(findTestObject("Object Repository/RecAndPlayBk/Page-Vlink-AuthOnly/input_Card number_card_number")): Object: 'Object Repository/RecAndPlayBk/Page-Vlink-AuthOnly/input_Card number_card_number' is double clicked on

2024-05-15 23:52:04 - [MESSAGE][PASSED] - Object: 'Object Repository/RecAndPlayBk/Page-Vlink-AuthOnly/input_Card number_card_number' is double clicked on

2024-05-15 23:52:04 - [TEST_STEP][PASSED] - setText(findTestObject("Object Repository/RecAndPlayBk/Page-Vlink-AuthOnly/input_Card number_card_number"), cardNumber): Text '5146312200000035' is set on object 'Object Repository/RecAndPlayBk/Page-Vlink-AuthOnly/input_Card number_card_number'

2024-05-15 23:52:05 - [MESSAGE][PASSED] - Text '5146312200000035' is set on object 'Object Repository/RecAndPlayBk/Page-Vlink-AuthOnly/input_Card number_card_number'

2024-05-15 23:52:05 - [TEST_STEP][PASSED] - setText(findTestObject("Object Repository/RecAndPlayBk/Page-Vlink-AuthOnly/input_Card ex month_card_exmo"), exM): Text '12' is set on object 'Object Repository/RecAndPlayBk/Page-Vlink-AuthOnly/input_Card ex month_card_exmo'

2024-05-15 23:52:06 - [MESSAGE][PASSED] - Text '12' is set on object 'Object Repository/RecAndPlayBk/Page-Vlink-AuthOnly/input_Card ex month_card_exmo'

2024-05-15 23:52:06 - [TEST_STEP][PASSED] - setText(findTestObject("Object Repository/RecAndPlayBk/Page-Vlink-AuthOnly/input_Card ex year_card_exyr"), exY): Text '2029' is set on object 'Object Repository/RecAndPlayBk/Page-Vlink-AuthOnly/input_Card ex year_card_exyr'

2024-05-15 23:52:06 - [MESSAGE][PASSED] - Text '2029' is set on object 'Object Repository/RecAndPlayBk/Page-Vlink-AuthOnly/input_Card ex year_card_exyr'

2024-05-15 23:52:06 - [TEST_STEP][PASSED] - click(findTestObject("Object Repository/RecAndPlayBk/Page-Vlink-AuthOnly/input_Track Data_track_data")): Object: 'Object Repository/RecAndPlayBk/Page-Vlink-AuthOnly/input_Track Data_track_data' is clicked on

2024-05-15 23:52:07 - [MESSAGE][PASSED] - Object: 'Object Repository/RecAndPlayBk/Page-Vlink-AuthOnly/input_Track Data_track_data' is clicked on

2024-05-15 23:52:07 - [TEST_STEP][PASSED] - click(findTestObject("Object Repository/RecAndPlayBk/Page-Vlink-AuthOnly/input_CVV state_cvv_state")): Object: 'Object Repository/RecAndPlayBk/Page-Vlink-AuthOnly/input_CVV state_cvv_state' is clicked on

2024-05-15 23:52:07 - [MESSAGE][PASSED] - Object: 'Object Repository/RecAndPlayBk/Page-Vlink-AuthOnly/input_CVV state_cvv_state' is clicked on

2024-05-15 23:52:07 - [TEST_STEP][PASSED] - setText(findTestObject("Object Repository/RecAndPlayBk/Page-Vlink-AuthOnly/input_Track Data_track_data"), ""): Text '' is set on object 'Object Repository/RecAndPlayBk/Page-Vlink-AuthOnly/input_Track Data_track_data'

2024-05-15 23:52:08 - [MESSAGE][PASSED] - Text '' is set on object 'Object Repository/RecAndPlayBk/Page-Vlink-AuthOnly/input_Track Data_track_data'

2024-05-15 23:52:08 - [TEST_STEP][PASSED] - setText(findTestObject("Object Repository/RecAndPlayBk/Page-Vlink-AuthOnly/input_concat(Cardholder, , s email)_email"), ""): Text '' is set on object 'Object Repository/RecAndPlayBk/Page-Vlink-AuthOnly/input_concat(Cardholder, , s email)_email'

2024-05-15 23:52:08 - [MESSAGE][PASSED] - Text '' is set on object 'Object Repository/RecAndPlayBk/Page-Vlink-AuthOnly/input_concat(Cardholder, , s email)_email'

2024-05-15 23:52:08 - [TEST_STEP][PASSED] - click(findTestObject("Object Repository/RecAndPlayBk/Page-Vlink-AuthOnly/input_user_defined10_user_defined10")): Object: 'Object Repository/RecAndPlayBk/Page-Vlink-AuthOnly/input_user_defined10_user_defined10' is clicked on

2024-05-15 23:52:09 - [MESSAGE][PASSED] - Object: 'Object Repository/RecAndPlayBk/Page-Vlink-AuthOnly/input_user_defined10_user_defined10' is clicked on

2024-05-15 23:52:09 - [TEST_STEP][PASSED] - if (executionProfile.equalsIgnoreCase("QAProfile")): null

2024-05-15 23:52:09 - [TEST_STEP][PASSED] - click(findTestObject("Object Repository/RecAndPlayBk/Page-Vlink-AuthOnly/input")): Object: 'Object Repository/RecAndPlayBk/Page-Vlink-AuthOnly/input' is clicked on

2024-05-15 23:52:10 - [MESSAGE][PASSED] - Object: 'Object Repository/RecAndPlayBk/Page-Vlink-AuthOnly/input' is clicked on

2024-05-15 23:52:10 - [TEST_STEP][PASSED] - if (verifyTextPresent("Transaction approved, no errors", true)): null

2024-05-15 23:52:10 - [MESSAGE][PASSED] - Text 'Transaction approved, no errors' is present on page  using regular expression

2024-05-15 23:52:10 - [TEST_STEP][PASSED] - out.println("Auth was successful, Capture now"): null

2024-05-15 23:52:10 - [TEST_STEP][PASSED] - sdfo = getText(findTestObject("Object Repository/Page_VLinkReceipt/pre_STX")): Text of object 'Object Repository/Page_VLinkReceipt/pre_STX' is: '<STX>LURw48ie8818                  12151666            0  Transaction approved, no errors                   0                                                                                    015852   <ETX>'

2024-05-15 23:52:11 - [MESSAGE][PASSED] - Text of object 'Object Repository/Page_VLinkReceipt/pre_STX' is: '<STX>LURw48ie8818                  12151666            0  Transaction approved, no errors                   0                                                                                    015852   <ETX>'

2024-05-15 23:52:11 - [TEST_STEP][PASSED] - out.println("sdfo: " + sdfo): null

2024-05-15 23:52:11 - [TEST_STEP][PASSED] - remID = substring(5, 35).trim(): null

2024-05-15 23:52:11 - [TEST_STEP][PASSED] - out.println("remID: " + remID): null

2024-05-15 23:52:11 - [TEST_STEP][PASSED] - traxID = substring(35, 55).trim(): null

2024-05-15 23:52:11 - [TEST_STEP][PASSED] - out.println("traxID: " + traxID): null

2024-05-15 23:52:11 - [TEST_STEP][PASSED] - VLinkSaleRemID = remID: null

2024-05-15 23:52:11 - [TEST_STEP][PASSED] - VLinkSaleTranxID = traxID: null

2024-05-15 23:52:11 - [TEST_STEP][PASSED] - openBrowser(VLinkURL + "capture.html"): Browser is opened with url: 'https://dev-algorithm.govolution.com/vlinktest/QA2/version_2_0/capture.html'

2024-05-15 23:52:11 - [MESSAGE][WARNING] - A browser is already opened. Closing browser and opening a new one

2024-05-15 23:52:12 - [MESSAGE][INFO] - Starting 'Chrome' driver

2024-05-15 23:52:12 - [MESSAGE][INFO] - User set preference: ['acceptInsecureCerts', 'true']

2024-05-15 23:52:12 - [MESSAGE][INFO] - Action delay is set to 0 milliseconds

2024-05-15 23:52:14 - [MESSAGE][PASSED] - Browser is opened with url: 'https://dev-algorithm.govolution.com/vlinktest/QA2/version_2_0/capture.html'

2024-05-15 23:52:14 - [TEST_STEP][PASSED] - maximizeWindow(): Current window maximized

2024-05-15 23:52:14 - [MESSAGE][PASSED] - Current window maximized

2024-05-15 23:52:14 - [TEST_STEP][PASSED] - setText(findTestObject("Object Repository/RecAndPlayBk/Page-VLink-Capture/input_Remittance Id_remittance_id"), VLinkSaleRemID): Text 'LURw48ie8818' is set on object 'Object Repository/RecAndPlayBk/Page-VLink-Capture/input_Remittance Id_remittance_id'

2024-05-15 23:52:15 - [MESSAGE][PASSED] - Text 'LURw48ie8818' is set on object 'Object Repository/RecAndPlayBk/Page-VLink-Capture/input_Remittance Id_remittance_id'

2024-05-15 23:52:15 - [TEST_STEP][PASSED] - setText(findTestObject("Object Repository/RecAndPlayBk/Page-VLink-Capture/input_Application Id_application_id"), appID): Text '581' is set on object 'Object Repository/RecAndPlayBk/Page-VLink-Capture/input_Application Id_application_id'

2024-05-15 23:52:16 - [MESSAGE][PASSED] - Text '581' is set on object 'Object Repository/RecAndPlayBk/Page-VLink-Capture/input_Application Id_application_id'

2024-05-15 23:52:16 - [TEST_STEP][PASSED] - setText(findTestObject("Object Repository/RecAndPlayBk/Page-VLink-Capture/input_Username_username"), username): Text 'usr581' is set on object 'Object Repository/RecAndPlayBk/Page-VLink-Capture/input_Username_username'

2024-05-15 23:52:16 - [MESSAGE][PASSED] - Text 'usr581' is set on object 'Object Repository/RecAndPlayBk/Page-VLink-Capture/input_Username_username'

2024-05-15 23:52:16 - [TEST_STEP][PASSED] - setText(findTestObject("Object Repository/RecAndPlayBk/Page-VLink-Capture/input_Password_password"), password): Text 'pwd581' is set on object 'Object Repository/RecAndPlayBk/Page-VLink-Capture/input_Password_password'

2024-05-15 23:52:17 - [MESSAGE][PASSED] - Text 'pwd581' is set on object 'Object Repository/RecAndPlayBk/Page-VLink-Capture/input_Password_password'

2024-05-15 23:52:17 - [TEST_STEP][PASSED] - setText(findTestObject("Object Repository/RecAndPlayBk/Page-VLink-Capture/input_Transaction ID_transaction_id"), VLinkSaleTranxID): Text '12151666' is set on object 'Object Repository/RecAndPlayBk/Page-VLink-Capture/input_Transaction ID_transaction_id'

2024-05-15 23:52:18 - [MESSAGE][PASSED] - Text '12151666' is set on object 'Object Repository/RecAndPlayBk/Page-VLink-Capture/input_Transaction ID_transaction_id'

2024-05-15 23:52:18 - [TEST_STEP][PASSED] - setText(findTestObject("Object Repository/RecAndPlayBk/Page-VLink-Capture/input_Amount_amount"), amount): Text '10.5' is set on object 'Object Repository/RecAndPlayBk/Page-VLink-Capture/input_Amount_amount'

2024-05-15 23:52:18 - [MESSAGE][PASSED] - Text '10.5' is set on object 'Object Repository/RecAndPlayBk/Page-VLink-Capture/input_Amount_amount'

2024-05-15 23:52:18 - [TEST_STEP][PASSED] - click(findTestObject("Object Repository/RecAndPlayBk/Page-VLink-Capture/input")): Object: 'Object Repository/RecAndPlayBk/Page-VLink-Capture/input' is clicked on

2024-05-15 23:52:19 - [MESSAGE][PASSED] - Object: 'Object Repository/RecAndPlayBk/Page-VLink-Capture/input' is clicked on

2024-05-15 23:52:19 - [TEST_STEP][PASSED] - if (verifyTextPresent("Transaction approved, no errors", true)): null

2024-05-15 23:52:20 - [MESSAGE][PASSED] - Text 'Transaction approved, no errors' is present on page  using regular expression

2024-05-15 23:52:20 - [TEST_STEP][PASSED] - sdfo = getText(findTestObject("Object Repository/Page_VLinkReceipt/pre_STX")): Text of object 'Object Repository/Page_VLinkReceipt/pre_STX' is: '<STX>LURw48ie8818                  12151667            0  Transaction approved, no errors                   0                                                                                    015853   <ETX>'

2024-05-15 23:52:20 - [MESSAGE][PASSED] - Text of object 'Object Repository/Page_VLinkReceipt/pre_STX' is: '<STX>LURw48ie8818                  12151667            0  Transaction approved, no errors                   0                                                                                    015853   <ETX>'

2024-05-15 23:52:20 - [TEST_STEP][PASSED] - out.println("sdfo: " + sdfo): null

2024-05-15 23:52:20 - [TEST_STEP][PASSED] - remID = substring(5, 35).trim(): null

2024-05-15 23:52:20 - [TEST_STEP][PASSED] - out.println("remID: " + remID): null

2024-05-15 23:52:20 - [TEST_STEP][PASSED] - traxID = substring(35, 55).trim(): null

2024-05-15 23:52:20 - [TEST_STEP][PASSED] - out.println("traxID: " + traxID): null

2024-05-15 23:52:20 - [TEST_STEP][PASSED] - VLinkSaleRemID = remID: null

2024-05-15 23:52:20 - [TEST_STEP][PASSED] - VLinkSaleTranxID = traxID: null

2024-05-15 23:52:20 - [TEST_STEP][PASSED] - openBrowser(VLinkURL + "CC_void.html"): Browser is opened with url: 'https://dev-algorithm.govolution.com/vlinktest/QA2/version_2_0/CC_void.html'

2024-05-15 23:52:20 - [MESSAGE][WARNING] - A browser is already opened. Closing browser and opening a new one

2024-05-15 23:52:21 - [MESSAGE][INFO] - Starting 'Chrome' driver

2024-05-15 23:52:21 - [MESSAGE][INFO] - User set preference: ['acceptInsecureCerts', 'true']

2024-05-15 23:52:21 - [MESSAGE][INFO] - Action delay is set to 0 milliseconds

2024-05-15 23:52:23 - [MESSAGE][PASSED] - Browser is opened with url: 'https://dev-algorithm.govolution.com/vlinktest/QA2/version_2_0/CC_void.html'

2024-05-15 23:52:23 - [TEST_STEP][PASSED] - maximizeWindow(): Current window maximized

2024-05-15 23:52:23 - [MESSAGE][PASSED] - Current window maximized

2024-05-15 23:52:23 - [TEST_STEP][PASSED] - setText(findTestObject("Object Repository/RecAndPlayBk/Page-Vlink-CC-Void/txt_RemID"), VLinkSaleRemID): Text 'LURw48ie8818' is set on object 'Object Repository/RecAndPlayBk/Page-Vlink-CC-Void/txt_RemID'

2024-05-15 23:52:24 - [MESSAGE][PASSED] - Text 'LURw48ie8818' is set on object 'Object Repository/RecAndPlayBk/Page-Vlink-CC-Void/txt_RemID'

2024-05-15 23:52:24 - [TEST_STEP][PASSED] - setText(findTestObject("Object Repository/RecAndPlayBk/Page-Vlink-CC-Void/txt_ApplicationID"), appID): Text '581' is set on object 'Object Repository/RecAndPlayBk/Page-Vlink-CC-Void/txt_ApplicationID'

2024-05-15 23:52:25 - [MESSAGE][PASSED] - Text '581' is set on object 'Object Repository/RecAndPlayBk/Page-Vlink-CC-Void/txt_ApplicationID'

2024-05-15 23:52:25 - [TEST_STEP][PASSED] - setText(findTestObject("Object Repository/RecAndPlayBk/Page-Vlink-CC-Void/txt_Username"), username): Text 'usr581' is set on object 'Object Repository/RecAndPlayBk/Page-Vlink-CC-Void/txt_Username'

2024-05-15 23:52:26 - [MESSAGE][PASSED] - Text 'usr581' is set on object 'Object Repository/RecAndPlayBk/Page-Vlink-CC-Void/txt_Username'

2024-05-15 23:52:26 - [TEST_STEP][PASSED] - setText(findTestObject("Object Repository/RecAndPlayBk/Page-Vlink-CC-Void/txt_Password"), password): Text 'pwd581' is set on object 'Object Repository/RecAndPlayBk/Page-Vlink-CC-Void/txt_Password'

2024-05-15 23:52:26 - [MESSAGE][PASSED] - Text 'pwd581' is set on object 'Object Repository/RecAndPlayBk/Page-Vlink-CC-Void/txt_Password'

2024-05-15 23:52:26 - [TEST_STEP][PASSED] - setText(findTestObject("Object Repository/RecAndPlayBk/Page-Vlink-CC-Void/txt_TransactionID"), VLinkSaleTranxID): Text '12151667' is set on object 'Object Repository/RecAndPlayBk/Page-Vlink-CC-Void/txt_TransactionID'

2024-05-15 23:52:27 - [MESSAGE][PASSED] - Text '12151667' is set on object 'Object Repository/RecAndPlayBk/Page-Vlink-CC-Void/txt_TransactionID'

2024-05-15 23:52:27 - [TEST_STEP][PASSED] - setText(findTestObject("Object Repository/RecAndPlayBk/Page-Vlink-CC-Void/txt_OriginalTransactionType"), "102"): Text '102' is set on object 'Object Repository/RecAndPlayBk/Page-Vlink-CC-Void/txt_OriginalTransactionType'

2024-05-15 23:52:27 - [MESSAGE][PASSED] - Text '102' is set on object 'Object Repository/RecAndPlayBk/Page-Vlink-CC-Void/txt_OriginalTransactionType'

2024-05-15 23:52:27 - [TEST_STEP][PASSED] - setText(findTestObject("Object Repository/RecAndPlayBk/Page-Vlink-CC-Void/txt_TrackData"), ""): Text '' is set on object 'Object Repository/RecAndPlayBk/Page-Vlink-CC-Void/txt_TrackData'

2024-05-15 23:52:28 - [MESSAGE][PASSED] - Text '' is set on object 'Object Repository/RecAndPlayBk/Page-Vlink-CC-Void/txt_TrackData'

2024-05-15 23:52:28 - [TEST_STEP][PASSED] - click(findTestObject("Object Repository/RecAndPlayBk/Page-Vlink-CC-Void/btn_ProcessVLinkTransaction")): Object: 'Object Repository/RecAndPlayBk/Page-Vlink-CC-Void/btn_ProcessVLinkTransaction' is clicked on

2024-05-15 23:52:29 - [MESSAGE][PASSED] - Object: 'Object Repository/RecAndPlayBk/Page-Vlink-CC-Void/btn_ProcessVLinkTransaction' is clicked on

2024-05-15 23:52:29 - [TEST_STEP][PASSED] - if (verifyTextPresent("Transaction approved, no errors", true)): null

2024-05-15 23:52:30 - [MESSAGE][PASSED] - Text 'Transaction approved, no errors' is present on page  using regular expression

2024-05-15 23:52:30 - [TEST_STEP][PASSED] - println("Transaction Approved, no errors text is present on the Confirmation page"): null

2024-05-15 23:52:30 - [TEST_STEP][PASSED] - out.println("Pass Record Number: " + row): null

2024-05-15 23:52:30 - [TEST_STEP][PASSED] - resText = "Pass": null

2024-05-15 23:52:30 - [TEST_STEP][PASSED] - pages.WriteExcel.demoKey(resText, datText, resColumn, datCloumn, fileLoc, nameSheet, row): pages.WriteExcel.demoKey is PASSED

2024-05-15 23:52:30 - [MESSAGE][PASSED] - pages.WriteExcel.demoKey is PASSED]]></system-out>
         <system-err><![CDATA[]]></system-err>
      </testcase>
      <testcase name="Test Cases/RecAndPlayBk/VLink/Auth-Cap-Credit" time="187.45" classname="Test Cases/RecAndPlayBk/VLink/Auth-Cap-Credit" status="PASSED">
         <system-out><![CDATA[2024-05-15 23:52:30 - [TEST_CASE][PASSED] - Test Cases/RecAndPlayBk/VLink/Auth-Cap-Credit: Test Cases/RecAndPlayBk/VLink/Auth-Cap-Credit

2024-05-15 23:52:30 - [TEST_STEP][PASSED] - executionProfile = getExecutionProfile(): null

2024-05-15 23:52:30 - [TEST_STEP][PASSED] - out.println("executionProfile : " + executionProfile): null

2024-05-15 23:52:30 - [TEST_STEP][PASSED] - appName = <not implemented yet for class: org.codehaus.groovy.ast.expr.EmptyExpression>: null

2024-05-15 23:52:30 - [TEST_STEP][PASSED] - appID = <not implemented yet for class: org.codehaus.groovy.ast.expr.EmptyExpression>: null

2024-05-15 23:52:30 - [TEST_STEP][PASSED] - username = <not implemented yet for class: org.codehaus.groovy.ast.expr.EmptyExpression>: null

2024-05-15 23:52:30 - [TEST_STEP][PASSED] - password = <not implemented yet for class: org.codehaus.groovy.ast.expr.EmptyExpression>: null

2024-05-15 23:52:30 - [TEST_STEP][PASSED] - cardNameV = <not implemented yet for class: org.codehaus.groovy.ast.expr.EmptyExpression>: null

2024-05-15 23:52:30 - [TEST_STEP][PASSED] - al1V = <not implemented yet for class: org.codehaus.groovy.ast.expr.EmptyExpression>: null

2024-05-15 23:52:30 - [TEST_STEP][PASSED] - al2V = <not implemented yet for class: org.codehaus.groovy.ast.expr.EmptyExpression>: null

2024-05-15 23:52:30 - [TEST_STEP][PASSED] - zipV = <not implemented yet for class: org.codehaus.groovy.ast.expr.EmptyExpression>: null

2024-05-15 23:52:30 - [TEST_STEP][PASSED] - cardTypeV = <not implemented yet for class: org.codehaus.groovy.ast.expr.EmptyExpression>: null

2024-05-15 23:52:30 - [TEST_STEP][PASSED] - last4V = <not implemented yet for class: org.codehaus.groovy.ast.expr.EmptyExpression>: null

2024-05-15 23:52:30 - [TEST_STEP][PASSED] - resText = "Fail": null

2024-05-15 23:52:30 - [TEST_STEP][PASSED] - resColumn = "Result": null

2024-05-15 23:52:30 - [TEST_STEP][PASSED] - datCloumn = "Date": null

2024-05-15 23:52:30 - [TEST_STEP][PASSED] - fileLoc = "KatalonData/VLinkSmokeData.xlsx": null

2024-05-15 23:52:30 - [TEST_STEP][PASSED] - numOfRows = <not implemented yet for class: org.codehaus.groovy.ast.expr.EmptyExpression>: null

2024-05-15 23:52:30 - [TEST_STEP][PASSED] - dataFile = <not implemented yet for class: org.codehaus.groovy.ast.expr.EmptyExpression>: null

2024-05-15 23:52:30 - [TEST_STEP][PASSED] - nameSheet = <not implemented yet for class: org.codehaus.groovy.ast.expr.EmptyExpression>: null

2024-05-15 23:52:30 - [TEST_STEP][PASSED] - nameSheet = "Auth-Cap-Credit": null

2024-05-15 23:52:30 - [TEST_STEP][PASSED] - numOfRows = findTestData("QA/VLinkTestData/VLinkAuthCapCreditData").getRowNumbers(): null

2024-05-15 23:52:31 - [TEST_STEP][PASSED] - println("Number of Records: " + numOfRows): null

2024-05-15 23:52:31 - [TEST_STEP][PASSED] - dataFile = "QA/VLinkTestData/VLinkAuthCapCreditData": null

2024-05-15 23:52:31 - [TEST_STEP][PASSED] - for ([row = 1, row <= numOfRows, (row++)]): null

2024-05-15 23:52:31 - [TEST_STEP][PASSED] - ExecuteTC = findTestData(dataFile).getValue("Execute", row): null

2024-05-15 23:52:31 - [TEST_STEP][PASSED] - out.println("Value of Execute is : " + ExecuteTC): null

2024-05-15 23:52:31 - [TEST_STEP][PASSED] - switch (executionProfile): null

2024-05-15 23:52:31 - [TEST_STEP][PASSED] - case "QA2Profile":: null

2024-05-15 23:52:31 - [TEST_STEP][PASSED] - appID = findTestData(dataFile).getValue("AppIDQA", row): null

2024-05-15 23:52:31 - [TEST_STEP][PASSED] - username = findTestData(dataFile).getValue("UsernameQA", row): null

2024-05-15 23:52:31 - [TEST_STEP][PASSED] - password = findTestData(dataFile).getValue("PasswordQA", row): null

2024-05-15 23:52:31 - [TEST_STEP][PASSED] - break: null

2024-05-15 23:52:31 - [TEST_STEP][PASSED] - if (ExecuteTC.equalsIgnoreCase("Y")): null

2024-05-15 23:52:31 - [TEST_STEP][PASSED] - out.println("Begin Record Number: " + row): null

2024-05-15 23:52:31 - [TEST_STEP][PASSED] - today = new java.util.Date(): null

2024-05-15 23:52:31 - [TEST_STEP][PASSED] - println(today): null

2024-05-15 23:52:31 - [TEST_STEP][PASSED] - datText = today: null

2024-05-15 23:52:31 - [TEST_STEP][PASSED] - category = findTestData(dataFile).getValue("Category", row): null

2024-05-15 23:52:31 - [TEST_STEP][PASSED] - amount = findTestData(dataFile).getValue("Amount", row): null

2024-05-15 23:52:31 - [TEST_STEP][PASSED] - cardNumber = findTestData(dataFile).getValue("CardNumber", row): null

2024-05-15 23:52:31 - [TEST_STEP][PASSED] - exM = findTestData(dataFile).getValue("ExM", row): null

2024-05-15 23:52:31 - [TEST_STEP][PASSED] - exY = findTestData(dataFile).getValue("ExY", row): null

2024-05-15 23:52:31 - [TEST_STEP][PASSED] - openBrowser(VLinkURL + "auth.html"): Browser is opened with url: 'https://dev-algorithm.govolution.com/vlinktest/QA2/version_2_0/auth.html'

2024-05-15 23:52:31 - [MESSAGE][WARNING] - A browser is already opened. Closing browser and opening a new one

2024-05-15 23:52:33 - [MESSAGE][INFO] - Starting 'Chrome' driver

2024-05-15 23:52:33 - [MESSAGE][INFO] - User set preference: ['acceptInsecureCerts', 'true']

2024-05-15 23:52:33 - [MESSAGE][INFO] - Action delay is set to 0 milliseconds

2024-05-15 23:52:35 - [MESSAGE][PASSED] - Browser is opened with url: 'https://dev-algorithm.govolution.com/vlinktest/QA2/version_2_0/auth.html'

2024-05-15 23:52:35 - [TEST_STEP][PASSED] - maximizeWindow(): Current window maximized

2024-05-15 23:52:35 - [MESSAGE][PASSED] - Current window maximized

2024-05-15 23:52:35 - [TEST_STEP][PASSED] - genRemID = RandomStringUtils.random(12, true, true): null

2024-05-15 23:52:35 - [TEST_STEP][PASSED] - setText(findTestObject("Object Repository/RecAndPlayBk/Page-Vlink-AuthOnly/input_Remittance Id_remittance_id"), genRemID): Text '6Xs8xQ4eHiZ8' is set on object 'Object Repository/RecAndPlayBk/Page-Vlink-AuthOnly/input_Remittance Id_remittance_id'

2024-05-15 23:52:36 - [MESSAGE][PASSED] - Text '6Xs8xQ4eHiZ8' is set on object 'Object Repository/RecAndPlayBk/Page-Vlink-AuthOnly/input_Remittance Id_remittance_id'

2024-05-15 23:52:36 - [TEST_STEP][PASSED] - setText(findTestObject("Object Repository/RecAndPlayBk/Page-Vlink-AuthOnly/input_Application Id_application_id"), appID): Text '234' is set on object 'Object Repository/RecAndPlayBk/Page-Vlink-AuthOnly/input_Application Id_application_id'

2024-05-15 23:52:36 - [MESSAGE][PASSED] - Text '234' is set on object 'Object Repository/RecAndPlayBk/Page-Vlink-AuthOnly/input_Application Id_application_id'

2024-05-15 23:52:36 - [TEST_STEP][PASSED] - setText(findTestObject("Object Repository/RecAndPlayBk/Page-Vlink-AuthOnly/input_Username_username"), username): Text 'username' is set on object 'Object Repository/RecAndPlayBk/Page-Vlink-AuthOnly/input_Username_username'

2024-05-15 23:52:37 - [MESSAGE][PASSED] - Text 'username' is set on object 'Object Repository/RecAndPlayBk/Page-Vlink-AuthOnly/input_Username_username'

2024-05-15 23:52:37 - [TEST_STEP][PASSED] - setText(findTestObject("Object Repository/RecAndPlayBk/Page-Vlink-AuthOnly/input_Password_password"), password): Text 'password' is set on object 'Object Repository/RecAndPlayBk/Page-Vlink-AuthOnly/input_Password_password'

2024-05-15 23:52:38 - [MESSAGE][PASSED] - Text 'password' is set on object 'Object Repository/RecAndPlayBk/Page-Vlink-AuthOnly/input_Password_password'

2024-05-15 23:52:38 - [TEST_STEP][PASSED] - setText(findTestObject("Object Repository/RecAndPlayBk/Page-Vlink-AuthOnly/input_Category_category"), category): Text 'ECOM' is set on object 'Object Repository/RecAndPlayBk/Page-Vlink-AuthOnly/input_Category_category'

2024-05-15 23:52:38 - [MESSAGE][PASSED] - Text 'ECOM' is set on object 'Object Repository/RecAndPlayBk/Page-Vlink-AuthOnly/input_Category_category'

2024-05-15 23:52:38 - [TEST_STEP][PASSED] - setText(findTestObject("Object Repository/RecAndPlayBk/Page-Vlink-AuthOnly/input_Amount_amount"), amount): Text '10.5' is set on object 'Object Repository/RecAndPlayBk/Page-Vlink-AuthOnly/input_Amount_amount'

2024-05-15 23:52:39 - [MESSAGE][PASSED] - Text '10.5' is set on object 'Object Repository/RecAndPlayBk/Page-Vlink-AuthOnly/input_Amount_amount'

2024-05-15 23:52:39 - [TEST_STEP][PASSED] - doubleClick(findTestObject("Object Repository/RecAndPlayBk/Page-Vlink-AuthOnly/input_Card number_card_number")): Object: 'Object Repository/RecAndPlayBk/Page-Vlink-AuthOnly/input_Card number_card_number' is double clicked on

2024-05-15 23:52:39 - [MESSAGE][PASSED] - Object: 'Object Repository/RecAndPlayBk/Page-Vlink-AuthOnly/input_Card number_card_number' is double clicked on

2024-05-15 23:52:39 - [TEST_STEP][PASSED] - setText(findTestObject("Object Repository/RecAndPlayBk/Page-Vlink-AuthOnly/input_Card number_card_number"), cardNumber): Text '4111111111111111' is set on object 'Object Repository/RecAndPlayBk/Page-Vlink-AuthOnly/input_Card number_card_number'

2024-05-15 23:52:40 - [MESSAGE][PASSED] - Text '4111111111111111' is set on object 'Object Repository/RecAndPlayBk/Page-Vlink-AuthOnly/input_Card number_card_number'

2024-05-15 23:52:40 - [TEST_STEP][PASSED] - setText(findTestObject("Object Repository/RecAndPlayBk/Page-Vlink-AuthOnly/input_Card ex month_card_exmo"), exM): Text '12' is set on object 'Object Repository/RecAndPlayBk/Page-Vlink-AuthOnly/input_Card ex month_card_exmo'

2024-05-15 23:52:41 - [MESSAGE][PASSED] - Text '12' is set on object 'Object Repository/RecAndPlayBk/Page-Vlink-AuthOnly/input_Card ex month_card_exmo'

2024-05-15 23:52:41 - [TEST_STEP][PASSED] - setText(findTestObject("Object Repository/RecAndPlayBk/Page-Vlink-AuthOnly/input_Card ex year_card_exyr"), exY): Text '2029' is set on object 'Object Repository/RecAndPlayBk/Page-Vlink-AuthOnly/input_Card ex year_card_exyr'

2024-05-15 23:52:41 - [MESSAGE][PASSED] - Text '2029' is set on object 'Object Repository/RecAndPlayBk/Page-Vlink-AuthOnly/input_Card ex year_card_exyr'

2024-05-15 23:52:41 - [TEST_STEP][PASSED] - click(findTestObject("Object Repository/RecAndPlayBk/Page-Vlink-AuthOnly/input_Track Data_track_data")): Object: 'Object Repository/RecAndPlayBk/Page-Vlink-AuthOnly/input_Track Data_track_data' is clicked on

2024-05-15 23:52:42 - [MESSAGE][PASSED] - Object: 'Object Repository/RecAndPlayBk/Page-Vlink-AuthOnly/input_Track Data_track_data' is clicked on

2024-05-15 23:52:42 - [TEST_STEP][PASSED] - click(findTestObject("Object Repository/RecAndPlayBk/Page-Vlink-AuthOnly/input_CVV state_cvv_state")): Object: 'Object Repository/RecAndPlayBk/Page-Vlink-AuthOnly/input_CVV state_cvv_state' is clicked on

2024-05-15 23:52:42 - [MESSAGE][PASSED] - Object: 'Object Repository/RecAndPlayBk/Page-Vlink-AuthOnly/input_CVV state_cvv_state' is clicked on

2024-05-15 23:52:42 - [TEST_STEP][PASSED] - setText(findTestObject("Object Repository/RecAndPlayBk/Page-Vlink-AuthOnly/input_Track Data_track_data"), ""): Text '' is set on object 'Object Repository/RecAndPlayBk/Page-Vlink-AuthOnly/input_Track Data_track_data'

2024-05-15 23:52:43 - [MESSAGE][PASSED] - Text '' is set on object 'Object Repository/RecAndPlayBk/Page-Vlink-AuthOnly/input_Track Data_track_data'

2024-05-15 23:52:43 - [TEST_STEP][PASSED] - setText(findTestObject("Object Repository/RecAndPlayBk/Page-Vlink-AuthOnly/input_concat(Cardholder, , s email)_email"), ""): Text '' is set on object 'Object Repository/RecAndPlayBk/Page-Vlink-AuthOnly/input_concat(Cardholder, , s email)_email'

2024-05-15 23:52:43 - [MESSAGE][PASSED] - Text '' is set on object 'Object Repository/RecAndPlayBk/Page-Vlink-AuthOnly/input_concat(Cardholder, , s email)_email'

2024-05-15 23:52:43 - [TEST_STEP][PASSED] - click(findTestObject("Object Repository/RecAndPlayBk/Page-Vlink-AuthOnly/input_user_defined10_user_defined10")): Object: 'Object Repository/RecAndPlayBk/Page-Vlink-AuthOnly/input_user_defined10_user_defined10' is clicked on

2024-05-15 23:52:44 - [MESSAGE][PASSED] - Object: 'Object Repository/RecAndPlayBk/Page-Vlink-AuthOnly/input_user_defined10_user_defined10' is clicked on

2024-05-15 23:52:44 - [TEST_STEP][PASSED] - if (executionProfile.equalsIgnoreCase("QAProfile")): null

2024-05-15 23:52:44 - [TEST_STEP][PASSED] - click(findTestObject("Object Repository/RecAndPlayBk/Page-Vlink-AuthOnly/input")): Object: 'Object Repository/RecAndPlayBk/Page-Vlink-AuthOnly/input' is clicked on

2024-05-15 23:52:45 - [MESSAGE][PASSED] - Object: 'Object Repository/RecAndPlayBk/Page-Vlink-AuthOnly/input' is clicked on

2024-05-15 23:52:45 - [TEST_STEP][PASSED] - if (verifyTextPresent("Transaction approved, no errors", true)): null

2024-05-15 23:52:45 - [MESSAGE][PASSED] - Text 'Transaction approved, no errors' is present on page  using regular expression

2024-05-15 23:52:45 - [TEST_STEP][PASSED] - out.println("Auth was successful, Capture now"): null

2024-05-15 23:52:45 - [TEST_STEP][PASSED] - sdfo = getText(findTestObject("Object Repository/Page_VLinkReceipt/pre_STX")): Text of object 'Object Repository/Page_VLinkReceipt/pre_STX' is: '<STX>6Xs8xQ4eHiZ8                  12151669            0  Transaction approved, no errors                   0                                                                                  Y 925650966<ETX>'

2024-05-15 23:52:45 - [MESSAGE][PASSED] - Text of object 'Object Repository/Page_VLinkReceipt/pre_STX' is: '<STX>6Xs8xQ4eHiZ8                  12151669            0  Transaction approved, no errors                   0                                                                                  Y 925650966<ETX>'

2024-05-15 23:52:45 - [TEST_STEP][PASSED] - out.println("sdfo: " + sdfo): null

2024-05-15 23:52:45 - [TEST_STEP][PASSED] - remID = substring(5, 35).trim(): null

2024-05-15 23:52:45 - [TEST_STEP][PASSED] - out.println("remID: " + remID): null

2024-05-15 23:52:45 - [TEST_STEP][PASSED] - traxID = substring(35, 55).trim(): null

2024-05-15 23:52:45 - [TEST_STEP][PASSED] - out.println("traxID: " + traxID): null

2024-05-15 23:52:45 - [TEST_STEP][PASSED] - VLinkSaleRemID = remID: null

2024-05-15 23:52:45 - [TEST_STEP][PASSED] - VLinkSaleTranxID = traxID: null

2024-05-15 23:52:45 - [TEST_STEP][PASSED] - openBrowser(VLinkURL + "capture.html"): Browser is opened with url: 'https://dev-algorithm.govolution.com/vlinktest/QA2/version_2_0/capture.html'

2024-05-15 23:52:45 - [MESSAGE][WARNING] - A browser is already opened. Closing browser and opening a new one

2024-05-15 23:52:47 - [MESSAGE][INFO] - Starting 'Chrome' driver

2024-05-15 23:52:47 - [MESSAGE][INFO] - User set preference: ['acceptInsecureCerts', 'true']

2024-05-15 23:52:47 - [MESSAGE][INFO] - Action delay is set to 0 milliseconds

2024-05-15 23:52:49 - [MESSAGE][PASSED] - Browser is opened with url: 'https://dev-algorithm.govolution.com/vlinktest/QA2/version_2_0/capture.html'

2024-05-15 23:52:49 - [TEST_STEP][PASSED] - maximizeWindow(): Current window maximized

2024-05-15 23:52:49 - [MESSAGE][PASSED] - Current window maximized

2024-05-15 23:52:49 - [TEST_STEP][PASSED] - setText(findTestObject("Object Repository/RecAndPlayBk/Page-VLink-Capture/input_Remittance Id_remittance_id"), VLinkSaleRemID): Text '6Xs8xQ4eHiZ8' is set on object 'Object Repository/RecAndPlayBk/Page-VLink-Capture/input_Remittance Id_remittance_id'

2024-05-15 23:52:50 - [MESSAGE][PASSED] - Text '6Xs8xQ4eHiZ8' is set on object 'Object Repository/RecAndPlayBk/Page-VLink-Capture/input_Remittance Id_remittance_id'

2024-05-15 23:52:50 - [TEST_STEP][PASSED] - setText(findTestObject("Object Repository/RecAndPlayBk/Page-VLink-Capture/input_Application Id_application_id"), appID): Text '234' is set on object 'Object Repository/RecAndPlayBk/Page-VLink-Capture/input_Application Id_application_id'

2024-05-15 23:52:50 - [MESSAGE][PASSED] - Text '234' is set on object 'Object Repository/RecAndPlayBk/Page-VLink-Capture/input_Application Id_application_id'

2024-05-15 23:52:50 - [TEST_STEP][PASSED] - setText(findTestObject("Object Repository/RecAndPlayBk/Page-VLink-Capture/input_Username_username"), username): Text 'username' is set on object 'Object Repository/RecAndPlayBk/Page-VLink-Capture/input_Username_username'

2024-05-15 23:52:51 - [MESSAGE][PASSED] - Text 'username' is set on object 'Object Repository/RecAndPlayBk/Page-VLink-Capture/input_Username_username'

2024-05-15 23:52:51 - [TEST_STEP][PASSED] - setText(findTestObject("Object Repository/RecAndPlayBk/Page-VLink-Capture/input_Password_password"), password): Text 'password' is set on object 'Object Repository/RecAndPlayBk/Page-VLink-Capture/input_Password_password'

2024-05-15 23:52:52 - [MESSAGE][PASSED] - Text 'password' is set on object 'Object Repository/RecAndPlayBk/Page-VLink-Capture/input_Password_password'

2024-05-15 23:52:52 - [TEST_STEP][PASSED] - setText(findTestObject("Object Repository/RecAndPlayBk/Page-VLink-Capture/input_Transaction ID_transaction_id"), VLinkSaleTranxID): Text '12151669' is set on object 'Object Repository/RecAndPlayBk/Page-VLink-Capture/input_Transaction ID_transaction_id'

2024-05-15 23:52:52 - [MESSAGE][PASSED] - Text '12151669' is set on object 'Object Repository/RecAndPlayBk/Page-VLink-Capture/input_Transaction ID_transaction_id'

2024-05-15 23:52:52 - [TEST_STEP][PASSED] - setText(findTestObject("Object Repository/RecAndPlayBk/Page-VLink-Capture/input_Amount_amount"), amount): Text '10.5' is set on object 'Object Repository/RecAndPlayBk/Page-VLink-Capture/input_Amount_amount'

2024-05-15 23:52:53 - [MESSAGE][PASSED] - Text '10.5' is set on object 'Object Repository/RecAndPlayBk/Page-VLink-Capture/input_Amount_amount'

2024-05-15 23:52:53 - [TEST_STEP][PASSED] - click(findTestObject("Object Repository/RecAndPlayBk/Page-VLink-Capture/input")): Object: 'Object Repository/RecAndPlayBk/Page-VLink-Capture/input' is clicked on

2024-05-15 23:52:54 - [MESSAGE][PASSED] - Object: 'Object Repository/RecAndPlayBk/Page-VLink-Capture/input' is clicked on

2024-05-15 23:52:54 - [TEST_STEP][PASSED] - if (verifyTextPresent("Transaction approved, no errors", true)): null

2024-05-15 23:52:55 - [MESSAGE][PASSED] - Text 'Transaction approved, no errors' is present on page  using regular expression

2024-05-15 23:52:55 - [TEST_STEP][PASSED] - sdfo = getText(findTestObject("Object Repository/Page_VLinkReceipt/pre_STX")): Text of object 'Object Repository/Page_VLinkReceipt/pre_STX' is: '<STX>6Xs8xQ4eHiZ8                  12151670            0  Transaction approved, no errors                   0                                                                                  Y 925650966<ETX>'

2024-05-15 23:52:55 - [MESSAGE][PASSED] - Text of object 'Object Repository/Page_VLinkReceipt/pre_STX' is: '<STX>6Xs8xQ4eHiZ8                  12151670            0  Transaction approved, no errors                   0                                                                                  Y 925650966<ETX>'

2024-05-15 23:52:55 - [TEST_STEP][PASSED] - out.println("sdfo: " + sdfo): null

2024-05-15 23:52:55 - [TEST_STEP][PASSED] - remID = substring(5, 35).trim(): null

2024-05-15 23:52:55 - [TEST_STEP][PASSED] - out.println("remID: " + remID): null

2024-05-15 23:52:55 - [TEST_STEP][PASSED] - traxID = substring(35, 55).trim(): null

2024-05-15 23:52:55 - [TEST_STEP][PASSED] - out.println("traxID: " + traxID): null

2024-05-15 23:52:55 - [TEST_STEP][PASSED] - VLinkSaleRemID = remID: null

2024-05-15 23:52:55 - [TEST_STEP][PASSED] - VLinkSaleTranxID = traxID: null

2024-05-15 23:52:55 - [TEST_STEP][PASSED] - openBrowser(VLinkURL + "CC_credit.html"): Browser is opened with url: 'https://dev-algorithm.govolution.com/vlinktest/QA2/version_2_0/CC_credit.html'

2024-05-15 23:52:55 - [MESSAGE][WARNING] - A browser is already opened. Closing browser and opening a new one

2024-05-15 23:52:56 - [MESSAGE][INFO] - Starting 'Chrome' driver

2024-05-15 23:52:56 - [MESSAGE][INFO] - User set preference: ['acceptInsecureCerts', 'true']

2024-05-15 23:52:56 - [MESSAGE][INFO] - Action delay is set to 0 milliseconds

2024-05-15 23:52:58 - [MESSAGE][PASSED] - Browser is opened with url: 'https://dev-algorithm.govolution.com/vlinktest/QA2/version_2_0/CC_credit.html'

2024-05-15 23:52:58 - [TEST_STEP][PASSED] - maximizeWindow(): Current window maximized

2024-05-15 23:52:58 - [MESSAGE][PASSED] - Current window maximized

2024-05-15 23:52:58 - [TEST_STEP][PASSED] - setText(findTestObject("Object Repository/RecAndPlayBk/Page-Vlink-CC-Credit/input_Remittance Id"), VLinkSaleRemID): Text '6Xs8xQ4eHiZ8' is set on object 'Object Repository/RecAndPlayBk/Page-Vlink-CC-Credit/input_Remittance Id'

2024-05-15 23:52:59 - [MESSAGE][PASSED] - Text '6Xs8xQ4eHiZ8' is set on object 'Object Repository/RecAndPlayBk/Page-Vlink-CC-Credit/input_Remittance Id'

2024-05-15 23:52:59 - [TEST_STEP][PASSED] - setText(findTestObject("Object Repository/RecAndPlayBk/Page-Vlink-CC-Credit/input_Application Id"), appID): Text '234' is set on object 'Object Repository/RecAndPlayBk/Page-Vlink-CC-Credit/input_Application Id'

2024-05-15 23:52:59 - [MESSAGE][PASSED] - Text '234' is set on object 'Object Repository/RecAndPlayBk/Page-Vlink-CC-Credit/input_Application Id'

2024-05-15 23:52:59 - [TEST_STEP][PASSED] - setText(findTestObject("Object Repository/RecAndPlayBk/Page-Vlink-CC-Credit/input_Username"), username): Text 'username' is set on object 'Object Repository/RecAndPlayBk/Page-Vlink-CC-Credit/input_Username'

2024-05-15 23:53:00 - [MESSAGE][PASSED] - Text 'username' is set on object 'Object Repository/RecAndPlayBk/Page-Vlink-CC-Credit/input_Username'

2024-05-15 23:53:00 - [TEST_STEP][PASSED] - setText(findTestObject("Object Repository/RecAndPlayBk/Page-Vlink-CC-Credit/input_Password"), password): Text 'password' is set on object 'Object Repository/RecAndPlayBk/Page-Vlink-CC-Credit/input_Password'

2024-05-15 23:53:01 - [MESSAGE][PASSED] - Text 'password' is set on object 'Object Repository/RecAndPlayBk/Page-Vlink-CC-Credit/input_Password'

2024-05-15 23:53:01 - [TEST_STEP][PASSED] - setText(findTestObject("Object Repository/RecAndPlayBk/Page-Vlink-CC-Credit/input_Transaction ID"), VLinkSaleTranxID): Text '12151670' is set on object 'Object Repository/RecAndPlayBk/Page-Vlink-CC-Credit/input_Transaction ID'

2024-05-15 23:53:01 - [MESSAGE][PASSED] - Text '12151670' is set on object 'Object Repository/RecAndPlayBk/Page-Vlink-CC-Credit/input_Transaction ID'

2024-05-15 23:53:01 - [TEST_STEP][PASSED] - setText(findTestObject("Object Repository/RecAndPlayBk/Page-Vlink-CC-Credit/input_Amount"), amount): Text '10.5' is set on object 'Object Repository/RecAndPlayBk/Page-Vlink-CC-Credit/input_Amount'

2024-05-15 23:53:02 - [MESSAGE][PASSED] - Text '10.5' is set on object 'Object Repository/RecAndPlayBk/Page-Vlink-CC-Credit/input_Amount'

2024-05-15 23:53:02 - [TEST_STEP][PASSED] - setText(findTestObject("Object Repository/RecAndPlayBk/Page-Vlink-CC-Credit/input_Card number"), ""): Text '' is set on object 'Object Repository/RecAndPlayBk/Page-Vlink-CC-Credit/input_Card number'

2024-05-15 23:53:03 - [MESSAGE][PASSED] - Text '' is set on object 'Object Repository/RecAndPlayBk/Page-Vlink-CC-Credit/input_Card number'

2024-05-15 23:53:03 - [TEST_STEP][PASSED] - setText(findTestObject("Object Repository/RecAndPlayBk/Page-Vlink-CC-Credit/input_Card ex month"), ""): Text '' is set on object 'Object Repository/RecAndPlayBk/Page-Vlink-CC-Credit/input_Card ex month'

2024-05-15 23:53:03 - [MESSAGE][PASSED] - Text '' is set on object 'Object Repository/RecAndPlayBk/Page-Vlink-CC-Credit/input_Card ex month'

2024-05-15 23:53:03 - [TEST_STEP][PASSED] - setText(findTestObject("Object Repository/RecAndPlayBk/Page-Vlink-CC-Credit/input_Card ex year"), ""): Text '' is set on object 'Object Repository/RecAndPlayBk/Page-Vlink-CC-Credit/input_Card ex year'

2024-05-15 23:53:04 - [MESSAGE][PASSED] - Text '' is set on object 'Object Repository/RecAndPlayBk/Page-Vlink-CC-Credit/input_Card ex year'

2024-05-15 23:53:04 - [TEST_STEP][PASSED] - setText(findTestObject("Object Repository/RecAndPlayBk/Page-Vlink-CC-Credit/input_Track Data"), ""): Text '' is set on object 'Object Repository/RecAndPlayBk/Page-Vlink-CC-Credit/input_Track Data'

2024-05-15 23:53:05 - [MESSAGE][PASSED] - Text '' is set on object 'Object Repository/RecAndPlayBk/Page-Vlink-CC-Credit/input_Track Data'

2024-05-15 23:53:05 - [TEST_STEP][PASSED] - setText(findTestObject("Object Repository/RecAndPlayBk/Page-Vlink-CC-Credit/input_Category Code"), category): Text 'ECOM' is set on object 'Object Repository/RecAndPlayBk/Page-Vlink-CC-Credit/input_Category Code'

2024-05-15 23:53:05 - [MESSAGE][PASSED] - Text 'ECOM' is set on object 'Object Repository/RecAndPlayBk/Page-Vlink-CC-Credit/input_Category Code'

2024-05-15 23:53:05 - [TEST_STEP][PASSED] - click(findTestObject("Object Repository/RecAndPlayBk/Page-Vlink-CC-Credit/input")): Object: 'Object Repository/RecAndPlayBk/Page-Vlink-CC-Credit/input' is clicked on

2024-05-15 23:53:06 - [MESSAGE][PASSED] - Object: 'Object Repository/RecAndPlayBk/Page-Vlink-CC-Credit/input' is clicked on

2024-05-15 23:53:06 - [TEST_STEP][PASSED] - if (verifyTextPresent("Transaction approved, no errors", true)): null

2024-05-15 23:53:07 - [MESSAGE][PASSED] - Text 'Transaction approved, no errors' is present on page  using regular expression

2024-05-15 23:53:07 - [TEST_STEP][PASSED] - println("Transaction Approved, no errors text is present on the Confirmation page"): null

2024-05-15 23:53:07 - [TEST_STEP][PASSED] - out.println("Pass Record Number: " + row): null

2024-05-15 23:53:07 - [TEST_STEP][PASSED] - resText = "Pass": null

2024-05-15 23:53:07 - [TEST_STEP][PASSED] - pages.WriteExcel.demoKey(resText, datText, resColumn, datCloumn, fileLoc, nameSheet, row): pages.WriteExcel.demoKey is PASSED

2024-05-15 23:53:07 - [MESSAGE][PASSED] - pages.WriteExcel.demoKey is PASSED

2024-05-15 23:53:07 - [TEST_STEP][PASSED] - ExecuteTC = findTestData(dataFile).getValue("Execute", row): null

2024-05-15 23:53:07 - [TEST_STEP][PASSED] - out.println("Value of Execute is : " + ExecuteTC): null

2024-05-15 23:53:07 - [TEST_STEP][PASSED] - switch (executionProfile): null

2024-05-15 23:53:07 - [TEST_STEP][PASSED] - case "QA2Profile":: null

2024-05-15 23:53:07 - [TEST_STEP][PASSED] - appID = findTestData(dataFile).getValue("AppIDQA", row): null

2024-05-15 23:53:07 - [TEST_STEP][PASSED] - username = findTestData(dataFile).getValue("UsernameQA", row): null

2024-05-15 23:53:07 - [TEST_STEP][PASSED] - password = findTestData(dataFile).getValue("PasswordQA", row): null

2024-05-15 23:53:07 - [TEST_STEP][PASSED] - break: null

2024-05-15 23:53:07 - [TEST_STEP][PASSED] - if (ExecuteTC.equalsIgnoreCase("Y")): null

2024-05-15 23:53:07 - [TEST_STEP][PASSED] - out.println("Begin Record Number: " + row): null

2024-05-15 23:53:07 - [TEST_STEP][PASSED] - today = new java.util.Date(): null

2024-05-15 23:53:07 - [TEST_STEP][PASSED] - println(today): null

2024-05-15 23:53:07 - [TEST_STEP][PASSED] - datText = today: null

2024-05-15 23:53:07 - [TEST_STEP][PASSED] - category = findTestData(dataFile).getValue("Category", row): null

2024-05-15 23:53:07 - [TEST_STEP][PASSED] - amount = findTestData(dataFile).getValue("Amount", row): null

2024-05-15 23:53:07 - [TEST_STEP][PASSED] - cardNumber = findTestData(dataFile).getValue("CardNumber", row): null

2024-05-15 23:53:07 - [TEST_STEP][PASSED] - exM = findTestData(dataFile).getValue("ExM", row): null

2024-05-15 23:53:08 - [TEST_STEP][PASSED] - exY = findTestData(dataFile).getValue("ExY", row): null

2024-05-15 23:53:08 - [TEST_STEP][PASSED] - openBrowser(VLinkURL + "auth.html"): Browser is opened with url: 'https://dev-algorithm.govolution.com/vlinktest/QA2/version_2_0/auth.html'

2024-05-15 23:53:08 - [MESSAGE][WARNING] - A browser is already opened. Closing browser and opening a new one

2024-05-15 23:53:09 - [MESSAGE][INFO] - Starting 'Chrome' driver

2024-05-15 23:53:09 - [MESSAGE][INFO] - User set preference: ['acceptInsecureCerts', 'true']

2024-05-15 23:53:09 - [MESSAGE][INFO] - Action delay is set to 0 milliseconds

2024-05-15 23:53:11 - [MESSAGE][PASSED] - Browser is opened with url: 'https://dev-algorithm.govolution.com/vlinktest/QA2/version_2_0/auth.html'

2024-05-15 23:53:11 - [TEST_STEP][PASSED] - maximizeWindow(): Current window maximized

2024-05-15 23:53:12 - [MESSAGE][PASSED] - Current window maximized

2024-05-15 23:53:12 - [TEST_STEP][PASSED] - genRemID = RandomStringUtils.random(12, true, true): null

2024-05-15 23:53:12 - [TEST_STEP][PASSED] - setText(findTestObject("Object Repository/RecAndPlayBk/Page-Vlink-AuthOnly/input_Remittance Id_remittance_id"), genRemID): Text 'IhaTIOqBTu9u' is set on object 'Object Repository/RecAndPlayBk/Page-Vlink-AuthOnly/input_Remittance Id_remittance_id'

2024-05-15 23:53:12 - [MESSAGE][PASSED] - Text 'IhaTIOqBTu9u' is set on object 'Object Repository/RecAndPlayBk/Page-Vlink-AuthOnly/input_Remittance Id_remittance_id'

2024-05-15 23:53:12 - [TEST_STEP][PASSED] - setText(findTestObject("Object Repository/RecAndPlayBk/Page-Vlink-AuthOnly/input_Application Id_application_id"), appID): Text '234' is set on object 'Object Repository/RecAndPlayBk/Page-Vlink-AuthOnly/input_Application Id_application_id'

2024-05-15 23:53:13 - [MESSAGE][PASSED] - Text '234' is set on object 'Object Repository/RecAndPlayBk/Page-Vlink-AuthOnly/input_Application Id_application_id'

2024-05-15 23:53:13 - [TEST_STEP][PASSED] - setText(findTestObject("Object Repository/RecAndPlayBk/Page-Vlink-AuthOnly/input_Username_username"), username): Text 'username' is set on object 'Object Repository/RecAndPlayBk/Page-Vlink-AuthOnly/input_Username_username'

2024-05-15 23:53:14 - [MESSAGE][PASSED] - Text 'username' is set on object 'Object Repository/RecAndPlayBk/Page-Vlink-AuthOnly/input_Username_username'

2024-05-15 23:53:14 - [TEST_STEP][PASSED] - setText(findTestObject("Object Repository/RecAndPlayBk/Page-Vlink-AuthOnly/input_Password_password"), password): Text 'password' is set on object 'Object Repository/RecAndPlayBk/Page-Vlink-AuthOnly/input_Password_password'

2024-05-15 23:53:14 - [MESSAGE][PASSED] - Text 'password' is set on object 'Object Repository/RecAndPlayBk/Page-Vlink-AuthOnly/input_Password_password'

2024-05-15 23:53:14 - [TEST_STEP][PASSED] - setText(findTestObject("Object Repository/RecAndPlayBk/Page-Vlink-AuthOnly/input_Category_category"), category): Text 'MOTO' is set on object 'Object Repository/RecAndPlayBk/Page-Vlink-AuthOnly/input_Category_category'

2024-05-15 23:53:15 - [MESSAGE][PASSED] - Text 'MOTO' is set on object 'Object Repository/RecAndPlayBk/Page-Vlink-AuthOnly/input_Category_category'

2024-05-15 23:53:15 - [TEST_STEP][PASSED] - setText(findTestObject("Object Repository/RecAndPlayBk/Page-Vlink-AuthOnly/input_Amount_amount"), amount): Text '10.5' is set on object 'Object Repository/RecAndPlayBk/Page-Vlink-AuthOnly/input_Amount_amount'

2024-05-15 23:53:16 - [MESSAGE][PASSED] - Text '10.5' is set on object 'Object Repository/RecAndPlayBk/Page-Vlink-AuthOnly/input_Amount_amount'

2024-05-15 23:53:16 - [TEST_STEP][PASSED] - doubleClick(findTestObject("Object Repository/RecAndPlayBk/Page-Vlink-AuthOnly/input_Card number_card_number")): Object: 'Object Repository/RecAndPlayBk/Page-Vlink-AuthOnly/input_Card number_card_number' is double clicked on

2024-05-15 23:53:16 - [MESSAGE][PASSED] - Object: 'Object Repository/RecAndPlayBk/Page-Vlink-AuthOnly/input_Card number_card_number' is double clicked on

2024-05-15 23:53:16 - [TEST_STEP][PASSED] - setText(findTestObject("Object Repository/RecAndPlayBk/Page-Vlink-AuthOnly/input_Card number_card_number"), cardNumber): Text '5424000000000015' is set on object 'Object Repository/RecAndPlayBk/Page-Vlink-AuthOnly/input_Card number_card_number'

2024-05-15 23:53:17 - [MESSAGE][PASSED] - Text '5424000000000015' is set on object 'Object Repository/RecAndPlayBk/Page-Vlink-AuthOnly/input_Card number_card_number'

2024-05-15 23:53:17 - [TEST_STEP][PASSED] - setText(findTestObject("Object Repository/RecAndPlayBk/Page-Vlink-AuthOnly/input_Card ex month_card_exmo"), exM): Text '12' is set on object 'Object Repository/RecAndPlayBk/Page-Vlink-AuthOnly/input_Card ex month_card_exmo'

2024-05-15 23:53:17 - [MESSAGE][PASSED] - Text '12' is set on object 'Object Repository/RecAndPlayBk/Page-Vlink-AuthOnly/input_Card ex month_card_exmo'

2024-05-15 23:53:17 - [TEST_STEP][PASSED] - setText(findTestObject("Object Repository/RecAndPlayBk/Page-Vlink-AuthOnly/input_Card ex year_card_exyr"), exY): Text '2029' is set on object 'Object Repository/RecAndPlayBk/Page-Vlink-AuthOnly/input_Card ex year_card_exyr'

2024-05-15 23:53:18 - [MESSAGE][PASSED] - Text '2029' is set on object 'Object Repository/RecAndPlayBk/Page-Vlink-AuthOnly/input_Card ex year_card_exyr'

2024-05-15 23:53:18 - [TEST_STEP][PASSED] - click(findTestObject("Object Repository/RecAndPlayBk/Page-Vlink-AuthOnly/input_Track Data_track_data")): Object: 'Object Repository/RecAndPlayBk/Page-Vlink-AuthOnly/input_Track Data_track_data' is clicked on

2024-05-15 23:53:18 - [MESSAGE][PASSED] - Object: 'Object Repository/RecAndPlayBk/Page-Vlink-AuthOnly/input_Track Data_track_data' is clicked on

2024-05-15 23:53:18 - [TEST_STEP][PASSED] - click(findTestObject("Object Repository/RecAndPlayBk/Page-Vlink-AuthOnly/input_CVV state_cvv_state")): Object: 'Object Repository/RecAndPlayBk/Page-Vlink-AuthOnly/input_CVV state_cvv_state' is clicked on

2024-05-15 23:53:19 - [MESSAGE][PASSED] - Object: 'Object Repository/RecAndPlayBk/Page-Vlink-AuthOnly/input_CVV state_cvv_state' is clicked on

2024-05-15 23:53:19 - [TEST_STEP][PASSED] - setText(findTestObject("Object Repository/RecAndPlayBk/Page-Vlink-AuthOnly/input_Track Data_track_data"), ""): Text '' is set on object 'Object Repository/RecAndPlayBk/Page-Vlink-AuthOnly/input_Track Data_track_data'

2024-05-15 23:53:19 - [MESSAGE][PASSED] - Text '' is set on object 'Object Repository/RecAndPlayBk/Page-Vlink-AuthOnly/input_Track Data_track_data'

2024-05-15 23:53:19 - [TEST_STEP][PASSED] - setText(findTestObject("Object Repository/RecAndPlayBk/Page-Vlink-AuthOnly/input_concat(Cardholder, , s email)_email"), ""): Text '' is set on object 'Object Repository/RecAndPlayBk/Page-Vlink-AuthOnly/input_concat(Cardholder, , s email)_email'

2024-05-15 23:53:20 - [MESSAGE][PASSED] - Text '' is set on object 'Object Repository/RecAndPlayBk/Page-Vlink-AuthOnly/input_concat(Cardholder, , s email)_email'

2024-05-15 23:53:20 - [TEST_STEP][PASSED] - click(findTestObject("Object Repository/RecAndPlayBk/Page-Vlink-AuthOnly/input_user_defined10_user_defined10")): Object: 'Object Repository/RecAndPlayBk/Page-Vlink-AuthOnly/input_user_defined10_user_defined10' is clicked on

2024-05-15 23:53:20 - [MESSAGE][PASSED] - Object: 'Object Repository/RecAndPlayBk/Page-Vlink-AuthOnly/input_user_defined10_user_defined10' is clicked on

2024-05-15 23:53:20 - [TEST_STEP][PASSED] - if (executionProfile.equalsIgnoreCase("QAProfile")): null

2024-05-15 23:53:20 - [TEST_STEP][PASSED] - click(findTestObject("Object Repository/RecAndPlayBk/Page-Vlink-AuthOnly/input")): Object: 'Object Repository/RecAndPlayBk/Page-Vlink-AuthOnly/input' is clicked on

2024-05-15 23:53:21 - [MESSAGE][PASSED] - Object: 'Object Repository/RecAndPlayBk/Page-Vlink-AuthOnly/input' is clicked on

2024-05-15 23:53:21 - [TEST_STEP][PASSED] - if (verifyTextPresent("Transaction approved, no errors", true)): null

2024-05-15 23:53:22 - [MESSAGE][PASSED] - Text 'Transaction approved, no errors' is present on page  using regular expression

2024-05-15 23:53:22 - [TEST_STEP][PASSED] - out.println("Auth was successful, Capture now"): null

2024-05-15 23:53:22 - [TEST_STEP][PASSED] - sdfo = getText(findTestObject("Object Repository/Page_VLinkReceipt/pre_STX")): Text of object 'Object Repository/Page_VLinkReceipt/pre_STX' is: '<STX>IhaTIOqBTu9u                  12151672            0  Transaction approved, no errors                   0                                                                                  Y 677290116<ETX>'

2024-05-15 23:53:22 - [MESSAGE][PASSED] - Text of object 'Object Repository/Page_VLinkReceipt/pre_STX' is: '<STX>IhaTIOqBTu9u                  12151672            0  Transaction approved, no errors                   0                                                                                  Y 677290116<ETX>'

2024-05-15 23:53:22 - [TEST_STEP][PASSED] - out.println("sdfo: " + sdfo): null

2024-05-15 23:53:22 - [TEST_STEP][PASSED] - remID = substring(5, 35).trim(): null

2024-05-15 23:53:22 - [TEST_STEP][PASSED] - out.println("remID: " + remID): null

2024-05-15 23:53:22 - [TEST_STEP][PASSED] - traxID = substring(35, 55).trim(): null

2024-05-15 23:53:22 - [TEST_STEP][PASSED] - out.println("traxID: " + traxID): null

2024-05-15 23:53:22 - [TEST_STEP][PASSED] - VLinkSaleRemID = remID: null

2024-05-15 23:53:22 - [TEST_STEP][PASSED] - VLinkSaleTranxID = traxID: null

2024-05-15 23:53:22 - [TEST_STEP][PASSED] - openBrowser(VLinkURL + "capture.html"): Browser is opened with url: 'https://dev-algorithm.govolution.com/vlinktest/QA2/version_2_0/capture.html'

2024-05-15 23:53:22 - [MESSAGE][WARNING] - A browser is already opened. Closing browser and opening a new one

2024-05-15 23:53:24 - [MESSAGE][INFO] - Starting 'Chrome' driver

2024-05-15 23:53:24 - [MESSAGE][INFO] - User set preference: ['acceptInsecureCerts', 'true']

2024-05-15 23:53:24 - [MESSAGE][INFO] - Action delay is set to 0 milliseconds

2024-05-15 23:53:26 - [MESSAGE][PASSED] - Browser is opened with url: 'https://dev-algorithm.govolution.com/vlinktest/QA2/version_2_0/capture.html'

2024-05-15 23:53:26 - [TEST_STEP][PASSED] - maximizeWindow(): Current window maximized

2024-05-15 23:53:26 - [MESSAGE][PASSED] - Current window maximized

2024-05-15 23:53:26 - [TEST_STEP][PASSED] - setText(findTestObject("Object Repository/RecAndPlayBk/Page-VLink-Capture/input_Remittance Id_remittance_id"), VLinkSaleRemID): Text 'IhaTIOqBTu9u' is set on object 'Object Repository/RecAndPlayBk/Page-VLink-Capture/input_Remittance Id_remittance_id'

2024-05-15 23:53:27 - [MESSAGE][PASSED] - Text 'IhaTIOqBTu9u' is set on object 'Object Repository/RecAndPlayBk/Page-VLink-Capture/input_Remittance Id_remittance_id'

2024-05-15 23:53:27 - [TEST_STEP][PASSED] - setText(findTestObject("Object Repository/RecAndPlayBk/Page-VLink-Capture/input_Application Id_application_id"), appID): Text '234' is set on object 'Object Repository/RecAndPlayBk/Page-VLink-Capture/input_Application Id_application_id'

2024-05-15 23:53:27 - [MESSAGE][PASSED] - Text '234' is set on object 'Object Repository/RecAndPlayBk/Page-VLink-Capture/input_Application Id_application_id'

2024-05-15 23:53:27 - [TEST_STEP][PASSED] - setText(findTestObject("Object Repository/RecAndPlayBk/Page-VLink-Capture/input_Username_username"), username): Text 'username' is set on object 'Object Repository/RecAndPlayBk/Page-VLink-Capture/input_Username_username'

2024-05-15 23:53:28 - [MESSAGE][PASSED] - Text 'username' is set on object 'Object Repository/RecAndPlayBk/Page-VLink-Capture/input_Username_username'

2024-05-15 23:53:28 - [TEST_STEP][PASSED] - setText(findTestObject("Object Repository/RecAndPlayBk/Page-VLink-Capture/input_Password_password"), password): Text 'password' is set on object 'Object Repository/RecAndPlayBk/Page-VLink-Capture/input_Password_password'

2024-05-15 23:53:29 - [MESSAGE][PASSED] - Text 'password' is set on object 'Object Repository/RecAndPlayBk/Page-VLink-Capture/input_Password_password'

2024-05-15 23:53:29 - [TEST_STEP][PASSED] - setText(findTestObject("Object Repository/RecAndPlayBk/Page-VLink-Capture/input_Transaction ID_transaction_id"), VLinkSaleTranxID): Text '12151672' is set on object 'Object Repository/RecAndPlayBk/Page-VLink-Capture/input_Transaction ID_transaction_id'

2024-05-15 23:53:29 - [MESSAGE][PASSED] - Text '12151672' is set on object 'Object Repository/RecAndPlayBk/Page-VLink-Capture/input_Transaction ID_transaction_id'

2024-05-15 23:53:29 - [TEST_STEP][PASSED] - setText(findTestObject("Object Repository/RecAndPlayBk/Page-VLink-Capture/input_Amount_amount"), amount): Text '10.5' is set on object 'Object Repository/RecAndPlayBk/Page-VLink-Capture/input_Amount_amount'

2024-05-15 23:53:30 - [MESSAGE][PASSED] - Text '10.5' is set on object 'Object Repository/RecAndPlayBk/Page-VLink-Capture/input_Amount_amount'

2024-05-15 23:53:30 - [TEST_STEP][PASSED] - click(findTestObject("Object Repository/RecAndPlayBk/Page-VLink-Capture/input")): Object: 'Object Repository/RecAndPlayBk/Page-VLink-Capture/input' is clicked on

2024-05-15 23:53:31 - [MESSAGE][PASSED] - Object: 'Object Repository/RecAndPlayBk/Page-VLink-Capture/input' is clicked on

2024-05-15 23:53:31 - [TEST_STEP][PASSED] - if (verifyTextPresent("Transaction approved, no errors", true)): null

2024-05-15 23:53:31 - [MESSAGE][PASSED] - Text 'Transaction approved, no errors' is present on page  using regular expression

2024-05-15 23:53:31 - [TEST_STEP][PASSED] - sdfo = getText(findTestObject("Object Repository/Page_VLinkReceipt/pre_STX")): Text of object 'Object Repository/Page_VLinkReceipt/pre_STX' is: '<STX>IhaTIOqBTu9u                  12151673            0  Transaction approved, no errors                   0                                                                                  Y 677290116<ETX>'

2024-05-15 23:53:32 - [MESSAGE][PASSED] - Text of object 'Object Repository/Page_VLinkReceipt/pre_STX' is: '<STX>IhaTIOqBTu9u                  12151673            0  Transaction approved, no errors                   0                                                                                  Y 677290116<ETX>'

2024-05-15 23:53:32 - [TEST_STEP][PASSED] - out.println("sdfo: " + sdfo): null

2024-05-15 23:53:32 - [TEST_STEP][PASSED] - remID = substring(5, 35).trim(): null

2024-05-15 23:53:32 - [TEST_STEP][PASSED] - out.println("remID: " + remID): null

2024-05-15 23:53:32 - [TEST_STEP][PASSED] - traxID = substring(35, 55).trim(): null

2024-05-15 23:53:32 - [TEST_STEP][PASSED] - out.println("traxID: " + traxID): null

2024-05-15 23:53:32 - [TEST_STEP][PASSED] - VLinkSaleRemID = remID: null

2024-05-15 23:53:32 - [TEST_STEP][PASSED] - VLinkSaleTranxID = traxID: null

2024-05-15 23:53:32 - [TEST_STEP][PASSED] - openBrowser(VLinkURL + "CC_credit.html"): Browser is opened with url: 'https://dev-algorithm.govolution.com/vlinktest/QA2/version_2_0/CC_credit.html'

2024-05-15 23:53:32 - [MESSAGE][WARNING] - A browser is already opened. Closing browser and opening a new one

2024-05-15 23:53:33 - [MESSAGE][INFO] - Starting 'Chrome' driver

2024-05-15 23:53:33 - [MESSAGE][INFO] - User set preference: ['acceptInsecureCerts', 'true']

2024-05-15 23:53:33 - [MESSAGE][INFO] - Action delay is set to 0 milliseconds

2024-05-15 23:53:35 - [MESSAGE][PASSED] - Browser is opened with url: 'https://dev-algorithm.govolution.com/vlinktest/QA2/version_2_0/CC_credit.html'

2024-05-15 23:53:35 - [TEST_STEP][PASSED] - maximizeWindow(): Current window maximized

2024-05-15 23:53:35 - [MESSAGE][PASSED] - Current window maximized

2024-05-15 23:53:35 - [TEST_STEP][PASSED] - setText(findTestObject("Object Repository/RecAndPlayBk/Page-Vlink-CC-Credit/input_Remittance Id"), VLinkSaleRemID): Text 'IhaTIOqBTu9u' is set on object 'Object Repository/RecAndPlayBk/Page-Vlink-CC-Credit/input_Remittance Id'

2024-05-15 23:53:36 - [MESSAGE][PASSED] - Text 'IhaTIOqBTu9u' is set on object 'Object Repository/RecAndPlayBk/Page-Vlink-CC-Credit/input_Remittance Id'

2024-05-15 23:53:36 - [TEST_STEP][PASSED] - setText(findTestObject("Object Repository/RecAndPlayBk/Page-Vlink-CC-Credit/input_Application Id"), appID): Text '234' is set on object 'Object Repository/RecAndPlayBk/Page-Vlink-CC-Credit/input_Application Id'

2024-05-15 23:53:36 - [MESSAGE][PASSED] - Text '234' is set on object 'Object Repository/RecAndPlayBk/Page-Vlink-CC-Credit/input_Application Id'

2024-05-15 23:53:36 - [TEST_STEP][PASSED] - setText(findTestObject("Object Repository/RecAndPlayBk/Page-Vlink-CC-Credit/input_Username"), username): Text 'username' is set on object 'Object Repository/RecAndPlayBk/Page-Vlink-CC-Credit/input_Username'

2024-05-15 23:53:37 - [MESSAGE][PASSED] - Text 'username' is set on object 'Object Repository/RecAndPlayBk/Page-Vlink-CC-Credit/input_Username'

2024-05-15 23:53:37 - [TEST_STEP][PASSED] - setText(findTestObject("Object Repository/RecAndPlayBk/Page-Vlink-CC-Credit/input_Password"), password): Text 'password' is set on object 'Object Repository/RecAndPlayBk/Page-Vlink-CC-Credit/input_Password'

2024-05-15 23:53:38 - [MESSAGE][PASSED] - Text 'password' is set on object 'Object Repository/RecAndPlayBk/Page-Vlink-CC-Credit/input_Password'

2024-05-15 23:53:38 - [TEST_STEP][PASSED] - setText(findTestObject("Object Repository/RecAndPlayBk/Page-Vlink-CC-Credit/input_Transaction ID"), VLinkSaleTranxID): Text '12151673' is set on object 'Object Repository/RecAndPlayBk/Page-Vlink-CC-Credit/input_Transaction ID'

2024-05-15 23:53:38 - [MESSAGE][PASSED] - Text '12151673' is set on object 'Object Repository/RecAndPlayBk/Page-Vlink-CC-Credit/input_Transaction ID'

2024-05-15 23:53:38 - [TEST_STEP][PASSED] - setText(findTestObject("Object Repository/RecAndPlayBk/Page-Vlink-CC-Credit/input_Amount"), amount): Text '10.5' is set on object 'Object Repository/RecAndPlayBk/Page-Vlink-CC-Credit/input_Amount'

2024-05-15 23:53:39 - [MESSAGE][PASSED] - Text '10.5' is set on object 'Object Repository/RecAndPlayBk/Page-Vlink-CC-Credit/input_Amount'

2024-05-15 23:53:39 - [TEST_STEP][PASSED] - setText(findTestObject("Object Repository/RecAndPlayBk/Page-Vlink-CC-Credit/input_Card number"), ""): Text '' is set on object 'Object Repository/RecAndPlayBk/Page-Vlink-CC-Credit/input_Card number'

2024-05-15 23:53:39 - [MESSAGE][PASSED] - Text '' is set on object 'Object Repository/RecAndPlayBk/Page-Vlink-CC-Credit/input_Card number'

2024-05-15 23:53:39 - [TEST_STEP][PASSED] - setText(findTestObject("Object Repository/RecAndPlayBk/Page-Vlink-CC-Credit/input_Card ex month"), ""): Text '' is set on object 'Object Repository/RecAndPlayBk/Page-Vlink-CC-Credit/input_Card ex month'

2024-05-15 23:53:40 - [MESSAGE][PASSED] - Text '' is set on object 'Object Repository/RecAndPlayBk/Page-Vlink-CC-Credit/input_Card ex month'

2024-05-15 23:53:40 - [TEST_STEP][PASSED] - setText(findTestObject("Object Repository/RecAndPlayBk/Page-Vlink-CC-Credit/input_Card ex year"), ""): Text '' is set on object 'Object Repository/RecAndPlayBk/Page-Vlink-CC-Credit/input_Card ex year'

2024-05-15 23:53:41 - [MESSAGE][PASSED] - Text '' is set on object 'Object Repository/RecAndPlayBk/Page-Vlink-CC-Credit/input_Card ex year'

2024-05-15 23:53:41 - [TEST_STEP][PASSED] - setText(findTestObject("Object Repository/RecAndPlayBk/Page-Vlink-CC-Credit/input_Track Data"), ""): Text '' is set on object 'Object Repository/RecAndPlayBk/Page-Vlink-CC-Credit/input_Track Data'

2024-05-15 23:53:41 - [MESSAGE][PASSED] - Text '' is set on object 'Object Repository/RecAndPlayBk/Page-Vlink-CC-Credit/input_Track Data'

2024-05-15 23:53:41 - [TEST_STEP][PASSED] - setText(findTestObject("Object Repository/RecAndPlayBk/Page-Vlink-CC-Credit/input_Category Code"), category): Text 'MOTO' is set on object 'Object Repository/RecAndPlayBk/Page-Vlink-CC-Credit/input_Category Code'

2024-05-15 23:53:42 - [MESSAGE][PASSED] - Text 'MOTO' is set on object 'Object Repository/RecAndPlayBk/Page-Vlink-CC-Credit/input_Category Code'

2024-05-15 23:53:42 - [TEST_STEP][PASSED] - click(findTestObject("Object Repository/RecAndPlayBk/Page-Vlink-CC-Credit/input")): Object: 'Object Repository/RecAndPlayBk/Page-Vlink-CC-Credit/input' is clicked on

2024-05-15 23:53:43 - [MESSAGE][PASSED] - Object: 'Object Repository/RecAndPlayBk/Page-Vlink-CC-Credit/input' is clicked on

2024-05-15 23:53:43 - [TEST_STEP][PASSED] - if (verifyTextPresent("Transaction approved, no errors", true)): null

2024-05-15 23:53:43 - [MESSAGE][PASSED] - Text 'Transaction approved, no errors' is present on page  using regular expression

2024-05-15 23:53:43 - [TEST_STEP][PASSED] - println("Transaction Approved, no errors text is present on the Confirmation page"): null

2024-05-15 23:53:43 - [TEST_STEP][PASSED] - out.println("Pass Record Number: " + row): null

2024-05-15 23:53:43 - [TEST_STEP][PASSED] - resText = "Pass": null

2024-05-15 23:53:43 - [TEST_STEP][PASSED] - pages.WriteExcel.demoKey(resText, datText, resColumn, datCloumn, fileLoc, nameSheet, row): pages.WriteExcel.demoKey is PASSED

2024-05-15 23:53:43 - [MESSAGE][PASSED] - pages.WriteExcel.demoKey is PASSED

2024-05-15 23:53:43 - [TEST_STEP][PASSED] - ExecuteTC = findTestData(dataFile).getValue("Execute", row): null

2024-05-15 23:53:44 - [TEST_STEP][PASSED] - out.println("Value of Execute is : " + ExecuteTC): null

2024-05-15 23:53:44 - [TEST_STEP][PASSED] - switch (executionProfile): null

2024-05-15 23:53:44 - [TEST_STEP][PASSED] - case "QA2Profile":: null

2024-05-15 23:53:44 - [TEST_STEP][PASSED] - appID = findTestData(dataFile).getValue("AppIDQA", row): null

2024-05-15 23:53:44 - [TEST_STEP][PASSED] - username = findTestData(dataFile).getValue("UsernameQA", row): null

2024-05-15 23:53:44 - [TEST_STEP][PASSED] - password = findTestData(dataFile).getValue("PasswordQA", row): null

2024-05-15 23:53:44 - [TEST_STEP][PASSED] - break: null

2024-05-15 23:53:44 - [TEST_STEP][PASSED] - if (ExecuteTC.equalsIgnoreCase("Y")): null

2024-05-15 23:53:44 - [TEST_STEP][PASSED] - out.println("Begin Record Number: " + row): null

2024-05-15 23:53:44 - [TEST_STEP][PASSED] - today = new java.util.Date(): null

2024-05-15 23:53:44 - [TEST_STEP][PASSED] - println(today): null

2024-05-15 23:53:44 - [TEST_STEP][PASSED] - datText = today: null

2024-05-15 23:53:44 - [TEST_STEP][PASSED] - category = findTestData(dataFile).getValue("Category", row): null

2024-05-15 23:53:44 - [TEST_STEP][PASSED] - amount = findTestData(dataFile).getValue("Amount", row): null

2024-05-15 23:53:44 - [TEST_STEP][PASSED] - cardNumber = findTestData(dataFile).getValue("CardNumber", row): null

2024-05-15 23:53:44 - [TEST_STEP][PASSED] - exM = findTestData(dataFile).getValue("ExM", row): null

2024-05-15 23:53:44 - [TEST_STEP][PASSED] - exY = findTestData(dataFile).getValue("ExY", row): null

2024-05-15 23:53:45 - [TEST_STEP][PASSED] - openBrowser(VLinkURL + "auth.html"): Browser is opened with url: 'https://dev-algorithm.govolution.com/vlinktest/QA2/version_2_0/auth.html'

2024-05-15 23:53:45 - [MESSAGE][WARNING] - A browser is already opened. Closing browser and opening a new one

2024-05-15 23:53:46 - [MESSAGE][INFO] - Starting 'Chrome' driver

2024-05-15 23:53:46 - [MESSAGE][INFO] - User set preference: ['acceptInsecureCerts', 'true']

2024-05-15 23:53:46 - [MESSAGE][INFO] - Action delay is set to 0 milliseconds

2024-05-15 23:53:48 - [MESSAGE][PASSED] - Browser is opened with url: 'https://dev-algorithm.govolution.com/vlinktest/QA2/version_2_0/auth.html'

2024-05-15 23:53:48 - [TEST_STEP][PASSED] - maximizeWindow(): Current window maximized

2024-05-15 23:53:49 - [MESSAGE][PASSED] - Current window maximized

2024-05-15 23:53:49 - [TEST_STEP][PASSED] - genRemID = RandomStringUtils.random(12, true, true): null

2024-05-15 23:53:49 - [TEST_STEP][PASSED] - setText(findTestObject("Object Repository/RecAndPlayBk/Page-Vlink-AuthOnly/input_Remittance Id_remittance_id"), genRemID): Text 'MgYn7KkTcIcA' is set on object 'Object Repository/RecAndPlayBk/Page-Vlink-AuthOnly/input_Remittance Id_remittance_id'

2024-05-15 23:53:49 - [MESSAGE][PASSED] - Text 'MgYn7KkTcIcA' is set on object 'Object Repository/RecAndPlayBk/Page-Vlink-AuthOnly/input_Remittance Id_remittance_id'

2024-05-15 23:53:49 - [TEST_STEP][PASSED] - setText(findTestObject("Object Repository/RecAndPlayBk/Page-Vlink-AuthOnly/input_Application Id_application_id"), appID): Text '234' is set on object 'Object Repository/RecAndPlayBk/Page-Vlink-AuthOnly/input_Application Id_application_id'

2024-05-15 23:53:50 - [MESSAGE][PASSED] - Text '234' is set on object 'Object Repository/RecAndPlayBk/Page-Vlink-AuthOnly/input_Application Id_application_id'

2024-05-15 23:53:50 - [TEST_STEP][PASSED] - setText(findTestObject("Object Repository/RecAndPlayBk/Page-Vlink-AuthOnly/input_Username_username"), username): Text 'username' is set on object 'Object Repository/RecAndPlayBk/Page-Vlink-AuthOnly/input_Username_username'

2024-05-15 23:53:51 - [MESSAGE][PASSED] - Text 'username' is set on object 'Object Repository/RecAndPlayBk/Page-Vlink-AuthOnly/input_Username_username'

2024-05-15 23:53:51 - [TEST_STEP][PASSED] - setText(findTestObject("Object Repository/RecAndPlayBk/Page-Vlink-AuthOnly/input_Password_password"), password): Text 'password' is set on object 'Object Repository/RecAndPlayBk/Page-Vlink-AuthOnly/input_Password_password'

2024-05-15 23:53:51 - [MESSAGE][PASSED] - Text 'password' is set on object 'Object Repository/RecAndPlayBk/Page-Vlink-AuthOnly/input_Password_password'

2024-05-15 23:53:51 - [TEST_STEP][PASSED] - setText(findTestObject("Object Repository/RecAndPlayBk/Page-Vlink-AuthOnly/input_Category_category"), category): Text 'RETL' is set on object 'Object Repository/RecAndPlayBk/Page-Vlink-AuthOnly/input_Category_category'

2024-05-15 23:53:52 - [MESSAGE][PASSED] - Text 'RETL' is set on object 'Object Repository/RecAndPlayBk/Page-Vlink-AuthOnly/input_Category_category'

2024-05-15 23:53:52 - [TEST_STEP][PASSED] - setText(findTestObject("Object Repository/RecAndPlayBk/Page-Vlink-AuthOnly/input_Amount_amount"), amount): Text '10.5' is set on object 'Object Repository/RecAndPlayBk/Page-Vlink-AuthOnly/input_Amount_amount'

2024-05-15 23:53:53 - [MESSAGE][PASSED] - Text '10.5' is set on object 'Object Repository/RecAndPlayBk/Page-Vlink-AuthOnly/input_Amount_amount'

2024-05-15 23:53:53 - [TEST_STEP][PASSED] - doubleClick(findTestObject("Object Repository/RecAndPlayBk/Page-Vlink-AuthOnly/input_Card number_card_number")): Object: 'Object Repository/RecAndPlayBk/Page-Vlink-AuthOnly/input_Card number_card_number' is double clicked on

2024-05-15 23:53:53 - [MESSAGE][PASSED] - Object: 'Object Repository/RecAndPlayBk/Page-Vlink-AuthOnly/input_Card number_card_number' is double clicked on

2024-05-15 23:53:53 - [TEST_STEP][PASSED] - setText(findTestObject("Object Repository/RecAndPlayBk/Page-Vlink-AuthOnly/input_Card number_card_number"), cardNumber): Text '370000000000002' is set on object 'Object Repository/RecAndPlayBk/Page-Vlink-AuthOnly/input_Card number_card_number'

2024-05-15 23:53:54 - [MESSAGE][PASSED] - Text '370000000000002' is set on object 'Object Repository/RecAndPlayBk/Page-Vlink-AuthOnly/input_Card number_card_number'

2024-05-15 23:53:54 - [TEST_STEP][PASSED] - setText(findTestObject("Object Repository/RecAndPlayBk/Page-Vlink-AuthOnly/input_Card ex month_card_exmo"), exM): Text '12' is set on object 'Object Repository/RecAndPlayBk/Page-Vlink-AuthOnly/input_Card ex month_card_exmo'

2024-05-15 23:53:54 - [MESSAGE][PASSED] - Text '12' is set on object 'Object Repository/RecAndPlayBk/Page-Vlink-AuthOnly/input_Card ex month_card_exmo'

2024-05-15 23:53:54 - [TEST_STEP][PASSED] - setText(findTestObject("Object Repository/RecAndPlayBk/Page-Vlink-AuthOnly/input_Card ex year_card_exyr"), exY): Text '2029' is set on object 'Object Repository/RecAndPlayBk/Page-Vlink-AuthOnly/input_Card ex year_card_exyr'

2024-05-15 23:53:55 - [MESSAGE][PASSED] - Text '2029' is set on object 'Object Repository/RecAndPlayBk/Page-Vlink-AuthOnly/input_Card ex year_card_exyr'

2024-05-15 23:53:55 - [TEST_STEP][PASSED] - click(findTestObject("Object Repository/RecAndPlayBk/Page-Vlink-AuthOnly/input_Track Data_track_data")): Object: 'Object Repository/RecAndPlayBk/Page-Vlink-AuthOnly/input_Track Data_track_data' is clicked on

2024-05-15 23:53:55 - [MESSAGE][PASSED] - Object: 'Object Repository/RecAndPlayBk/Page-Vlink-AuthOnly/input_Track Data_track_data' is clicked on

2024-05-15 23:53:55 - [TEST_STEP][PASSED] - click(findTestObject("Object Repository/RecAndPlayBk/Page-Vlink-AuthOnly/input_CVV state_cvv_state")): Object: 'Object Repository/RecAndPlayBk/Page-Vlink-AuthOnly/input_CVV state_cvv_state' is clicked on

2024-05-15 23:53:56 - [MESSAGE][PASSED] - Object: 'Object Repository/RecAndPlayBk/Page-Vlink-AuthOnly/input_CVV state_cvv_state' is clicked on

2024-05-15 23:53:56 - [TEST_STEP][PASSED] - setText(findTestObject("Object Repository/RecAndPlayBk/Page-Vlink-AuthOnly/input_Track Data_track_data"), ""): Text '' is set on object 'Object Repository/RecAndPlayBk/Page-Vlink-AuthOnly/input_Track Data_track_data'

2024-05-15 23:53:56 - [MESSAGE][PASSED] - Text '' is set on object 'Object Repository/RecAndPlayBk/Page-Vlink-AuthOnly/input_Track Data_track_data'

2024-05-15 23:53:56 - [TEST_STEP][PASSED] - setText(findTestObject("Object Repository/RecAndPlayBk/Page-Vlink-AuthOnly/input_concat(Cardholder, , s email)_email"), ""): Text '' is set on object 'Object Repository/RecAndPlayBk/Page-Vlink-AuthOnly/input_concat(Cardholder, , s email)_email'

2024-05-15 23:53:57 - [MESSAGE][PASSED] - Text '' is set on object 'Object Repository/RecAndPlayBk/Page-Vlink-AuthOnly/input_concat(Cardholder, , s email)_email'

2024-05-15 23:53:57 - [TEST_STEP][PASSED] - click(findTestObject("Object Repository/RecAndPlayBk/Page-Vlink-AuthOnly/input_user_defined10_user_defined10")): Object: 'Object Repository/RecAndPlayBk/Page-Vlink-AuthOnly/input_user_defined10_user_defined10' is clicked on

2024-05-15 23:53:57 - [MESSAGE][PASSED] - Object: 'Object Repository/RecAndPlayBk/Page-Vlink-AuthOnly/input_user_defined10_user_defined10' is clicked on

2024-05-15 23:53:57 - [TEST_STEP][PASSED] - if (executionProfile.equalsIgnoreCase("QAProfile")): null

2024-05-15 23:53:57 - [TEST_STEP][PASSED] - click(findTestObject("Object Repository/RecAndPlayBk/Page-Vlink-AuthOnly/input")): Object: 'Object Repository/RecAndPlayBk/Page-Vlink-AuthOnly/input' is clicked on

2024-05-15 23:53:59 - [MESSAGE][PASSED] - Object: 'Object Repository/RecAndPlayBk/Page-Vlink-AuthOnly/input' is clicked on

2024-05-15 23:53:59 - [TEST_STEP][PASSED] - if (verifyTextPresent("Transaction approved, no errors", true)): null

2024-05-15 23:53:59 - [MESSAGE][PASSED] - Text 'Transaction approved, no errors' is present on page  using regular expression

2024-05-15 23:53:59 - [TEST_STEP][PASSED] - out.println("Auth was successful, Capture now"): null

2024-05-15 23:53:59 - [TEST_STEP][PASSED] - sdfo = getText(findTestObject("Object Repository/Page_VLinkReceipt/pre_STX")): Text of object 'Object Repository/Page_VLinkReceipt/pre_STX' is: '<STX>MgYn7KkTcIcA                  12151675            0  Transaction approved, no errors                   0                                                                                  Y 785602576<ETX>'

2024-05-15 23:53:59 - [MESSAGE][PASSED] - Text of object 'Object Repository/Page_VLinkReceipt/pre_STX' is: '<STX>MgYn7KkTcIcA                  12151675            0  Transaction approved, no errors                   0                                                                                  Y 785602576<ETX>'

2024-05-15 23:53:59 - [TEST_STEP][PASSED] - out.println("sdfo: " + sdfo): null

2024-05-15 23:53:59 - [TEST_STEP][PASSED] - remID = substring(5, 35).trim(): null

2024-05-15 23:53:59 - [TEST_STEP][PASSED] - out.println("remID: " + remID): null

2024-05-15 23:53:59 - [TEST_STEP][PASSED] - traxID = substring(35, 55).trim(): null

2024-05-15 23:53:59 - [TEST_STEP][PASSED] - out.println("traxID: " + traxID): null

2024-05-15 23:53:59 - [TEST_STEP][PASSED] - VLinkSaleRemID = remID: null

2024-05-15 23:53:59 - [TEST_STEP][PASSED] - VLinkSaleTranxID = traxID: null

2024-05-15 23:53:59 - [TEST_STEP][PASSED] - openBrowser(VLinkURL + "capture.html"): Browser is opened with url: 'https://dev-algorithm.govolution.com/vlinktest/QA2/version_2_0/capture.html'

2024-05-15 23:53:59 - [MESSAGE][WARNING] - A browser is already opened. Closing browser and opening a new one

2024-05-15 23:54:01 - [MESSAGE][INFO] - Starting 'Chrome' driver

2024-05-15 23:54:01 - [MESSAGE][INFO] - User set preference: ['acceptInsecureCerts', 'true']

2024-05-15 23:54:01 - [MESSAGE][INFO] - Action delay is set to 0 milliseconds

2024-05-15 23:54:03 - [MESSAGE][PASSED] - Browser is opened with url: 'https://dev-algorithm.govolution.com/vlinktest/QA2/version_2_0/capture.html'

2024-05-15 23:54:03 - [TEST_STEP][PASSED] - maximizeWindow(): Current window maximized

2024-05-15 23:54:03 - [MESSAGE][PASSED] - Current window maximized

2024-05-15 23:54:03 - [TEST_STEP][PASSED] - setText(findTestObject("Object Repository/RecAndPlayBk/Page-VLink-Capture/input_Remittance Id_remittance_id"), VLinkSaleRemID): Text 'MgYn7KkTcIcA' is set on object 'Object Repository/RecAndPlayBk/Page-VLink-Capture/input_Remittance Id_remittance_id'

2024-05-15 23:54:04 - [MESSAGE][PASSED] - Text 'MgYn7KkTcIcA' is set on object 'Object Repository/RecAndPlayBk/Page-VLink-Capture/input_Remittance Id_remittance_id'

2024-05-15 23:54:04 - [TEST_STEP][PASSED] - setText(findTestObject("Object Repository/RecAndPlayBk/Page-VLink-Capture/input_Application Id_application_id"), appID): Text '234' is set on object 'Object Repository/RecAndPlayBk/Page-VLink-Capture/input_Application Id_application_id'

2024-05-15 23:54:04 - [MESSAGE][PASSED] - Text '234' is set on object 'Object Repository/RecAndPlayBk/Page-VLink-Capture/input_Application Id_application_id'

2024-05-15 23:54:04 - [TEST_STEP][PASSED] - setText(findTestObject("Object Repository/RecAndPlayBk/Page-VLink-Capture/input_Username_username"), username): Text 'username' is set on object 'Object Repository/RecAndPlayBk/Page-VLink-Capture/input_Username_username'

2024-05-15 23:54:05 - [MESSAGE][PASSED] - Text 'username' is set on object 'Object Repository/RecAndPlayBk/Page-VLink-Capture/input_Username_username'

2024-05-15 23:54:05 - [TEST_STEP][PASSED] - setText(findTestObject("Object Repository/RecAndPlayBk/Page-VLink-Capture/input_Password_password"), password): Text 'password' is set on object 'Object Repository/RecAndPlayBk/Page-VLink-Capture/input_Password_password'

2024-05-15 23:54:06 - [MESSAGE][PASSED] - Text 'password' is set on object 'Object Repository/RecAndPlayBk/Page-VLink-Capture/input_Password_password'

2024-05-15 23:54:06 - [TEST_STEP][PASSED] - setText(findTestObject("Object Repository/RecAndPlayBk/Page-VLink-Capture/input_Transaction ID_transaction_id"), VLinkSaleTranxID): Text '12151675' is set on object 'Object Repository/RecAndPlayBk/Page-VLink-Capture/input_Transaction ID_transaction_id'

2024-05-15 23:54:06 - [MESSAGE][PASSED] - Text '12151675' is set on object 'Object Repository/RecAndPlayBk/Page-VLink-Capture/input_Transaction ID_transaction_id'

2024-05-15 23:54:06 - [TEST_STEP][PASSED] - setText(findTestObject("Object Repository/RecAndPlayBk/Page-VLink-Capture/input_Amount_amount"), amount): Text '10.5' is set on object 'Object Repository/RecAndPlayBk/Page-VLink-Capture/input_Amount_amount'

2024-05-15 23:54:07 - [MESSAGE][PASSED] - Text '10.5' is set on object 'Object Repository/RecAndPlayBk/Page-VLink-Capture/input_Amount_amount'

2024-05-15 23:54:07 - [TEST_STEP][PASSED] - click(findTestObject("Object Repository/RecAndPlayBk/Page-VLink-Capture/input")): Object: 'Object Repository/RecAndPlayBk/Page-VLink-Capture/input' is clicked on

2024-05-15 23:54:08 - [MESSAGE][PASSED] - Object: 'Object Repository/RecAndPlayBk/Page-VLink-Capture/input' is clicked on

2024-05-15 23:54:08 - [TEST_STEP][PASSED] - if (verifyTextPresent("Transaction approved, no errors", true)): null

2024-05-15 23:54:08 - [MESSAGE][PASSED] - Text 'Transaction approved, no errors' is present on page  using regular expression

2024-05-15 23:54:08 - [TEST_STEP][PASSED] - sdfo = getText(findTestObject("Object Repository/Page_VLinkReceipt/pre_STX")): Text of object 'Object Repository/Page_VLinkReceipt/pre_STX' is: '<STX>MgYn7KkTcIcA                  12151676            0  Transaction approved, no errors                   0                                                                                  Y 785602576<ETX>'

2024-05-15 23:54:09 - [MESSAGE][PASSED] - Text of object 'Object Repository/Page_VLinkReceipt/pre_STX' is: '<STX>MgYn7KkTcIcA                  12151676            0  Transaction approved, no errors                   0                                                                                  Y 785602576<ETX>'

2024-05-15 23:54:09 - [TEST_STEP][PASSED] - out.println("sdfo: " + sdfo): null

2024-05-15 23:54:09 - [TEST_STEP][PASSED] - remID = substring(5, 35).trim(): null

2024-05-15 23:54:09 - [TEST_STEP][PASSED] - out.println("remID: " + remID): null

2024-05-15 23:54:09 - [TEST_STEP][PASSED] - traxID = substring(35, 55).trim(): null

2024-05-15 23:54:09 - [TEST_STEP][PASSED] - out.println("traxID: " + traxID): null

2024-05-15 23:54:09 - [TEST_STEP][PASSED] - VLinkSaleRemID = remID: null

2024-05-15 23:54:09 - [TEST_STEP][PASSED] - VLinkSaleTranxID = traxID: null

2024-05-15 23:54:09 - [TEST_STEP][PASSED] - openBrowser(VLinkURL + "CC_credit.html"): Browser is opened with url: 'https://dev-algorithm.govolution.com/vlinktest/QA2/version_2_0/CC_credit.html'

2024-05-15 23:54:09 - [MESSAGE][WARNING] - A browser is already opened. Closing browser and opening a new one

2024-05-15 23:54:10 - [MESSAGE][INFO] - Starting 'Chrome' driver

2024-05-15 23:54:10 - [MESSAGE][INFO] - User set preference: ['acceptInsecureCerts', 'true']

2024-05-15 23:54:10 - [MESSAGE][INFO] - Action delay is set to 0 milliseconds

2024-05-15 23:54:12 - [MESSAGE][PASSED] - Browser is opened with url: 'https://dev-algorithm.govolution.com/vlinktest/QA2/version_2_0/CC_credit.html'

2024-05-15 23:54:12 - [TEST_STEP][PASSED] - maximizeWindow(): Current window maximized

2024-05-15 23:54:12 - [MESSAGE][PASSED] - Current window maximized

2024-05-15 23:54:12 - [TEST_STEP][PASSED] - setText(findTestObject("Object Repository/RecAndPlayBk/Page-Vlink-CC-Credit/input_Remittance Id"), VLinkSaleRemID): Text 'MgYn7KkTcIcA' is set on object 'Object Repository/RecAndPlayBk/Page-Vlink-CC-Credit/input_Remittance Id'

2024-05-15 23:54:13 - [MESSAGE][PASSED] - Text 'MgYn7KkTcIcA' is set on object 'Object Repository/RecAndPlayBk/Page-Vlink-CC-Credit/input_Remittance Id'

2024-05-15 23:54:13 - [TEST_STEP][PASSED] - setText(findTestObject("Object Repository/RecAndPlayBk/Page-Vlink-CC-Credit/input_Application Id"), appID): Text '234' is set on object 'Object Repository/RecAndPlayBk/Page-Vlink-CC-Credit/input_Application Id'

2024-05-15 23:54:13 - [MESSAGE][PASSED] - Text '234' is set on object 'Object Repository/RecAndPlayBk/Page-Vlink-CC-Credit/input_Application Id'

2024-05-15 23:54:13 - [TEST_STEP][PASSED] - setText(findTestObject("Object Repository/RecAndPlayBk/Page-Vlink-CC-Credit/input_Username"), username): Text 'username' is set on object 'Object Repository/RecAndPlayBk/Page-Vlink-CC-Credit/input_Username'

2024-05-15 23:54:14 - [MESSAGE][PASSED] - Text 'username' is set on object 'Object Repository/RecAndPlayBk/Page-Vlink-CC-Credit/input_Username'

2024-05-15 23:54:14 - [TEST_STEP][PASSED] - setText(findTestObject("Object Repository/RecAndPlayBk/Page-Vlink-CC-Credit/input_Password"), password): Text 'password' is set on object 'Object Repository/RecAndPlayBk/Page-Vlink-CC-Credit/input_Password'

2024-05-15 23:54:15 - [MESSAGE][PASSED] - Text 'password' is set on object 'Object Repository/RecAndPlayBk/Page-Vlink-CC-Credit/input_Password'

2024-05-15 23:54:15 - [TEST_STEP][PASSED] - setText(findTestObject("Object Repository/RecAndPlayBk/Page-Vlink-CC-Credit/input_Transaction ID"), VLinkSaleTranxID): Text '12151676' is set on object 'Object Repository/RecAndPlayBk/Page-Vlink-CC-Credit/input_Transaction ID'

2024-05-15 23:54:15 - [MESSAGE][PASSED] - Text '12151676' is set on object 'Object Repository/RecAndPlayBk/Page-Vlink-CC-Credit/input_Transaction ID'

2024-05-15 23:54:15 - [TEST_STEP][PASSED] - setText(findTestObject("Object Repository/RecAndPlayBk/Page-Vlink-CC-Credit/input_Amount"), amount): Text '10.5' is set on object 'Object Repository/RecAndPlayBk/Page-Vlink-CC-Credit/input_Amount'

2024-05-15 23:54:16 - [MESSAGE][PASSED] - Text '10.5' is set on object 'Object Repository/RecAndPlayBk/Page-Vlink-CC-Credit/input_Amount'

2024-05-15 23:54:16 - [TEST_STEP][PASSED] - setText(findTestObject("Object Repository/RecAndPlayBk/Page-Vlink-CC-Credit/input_Card number"), ""): Text '' is set on object 'Object Repository/RecAndPlayBk/Page-Vlink-CC-Credit/input_Card number'

2024-05-15 23:54:17 - [MESSAGE][PASSED] - Text '' is set on object 'Object Repository/RecAndPlayBk/Page-Vlink-CC-Credit/input_Card number'

2024-05-15 23:54:17 - [TEST_STEP][PASSED] - setText(findTestObject("Object Repository/RecAndPlayBk/Page-Vlink-CC-Credit/input_Card ex month"), ""): Text '' is set on object 'Object Repository/RecAndPlayBk/Page-Vlink-CC-Credit/input_Card ex month'

2024-05-15 23:54:17 - [MESSAGE][PASSED] - Text '' is set on object 'Object Repository/RecAndPlayBk/Page-Vlink-CC-Credit/input_Card ex month'

2024-05-15 23:54:17 - [TEST_STEP][PASSED] - setText(findTestObject("Object Repository/RecAndPlayBk/Page-Vlink-CC-Credit/input_Card ex year"), ""): Text '' is set on object 'Object Repository/RecAndPlayBk/Page-Vlink-CC-Credit/input_Card ex year'

2024-05-15 23:54:18 - [MESSAGE][PASSED] - Text '' is set on object 'Object Repository/RecAndPlayBk/Page-Vlink-CC-Credit/input_Card ex year'

2024-05-15 23:54:18 - [TEST_STEP][PASSED] - setText(findTestObject("Object Repository/RecAndPlayBk/Page-Vlink-CC-Credit/input_Track Data"), ""): Text '' is set on object 'Object Repository/RecAndPlayBk/Page-Vlink-CC-Credit/input_Track Data'

2024-05-15 23:54:18 - [MESSAGE][PASSED] - Text '' is set on object 'Object Repository/RecAndPlayBk/Page-Vlink-CC-Credit/input_Track Data'

2024-05-15 23:54:18 - [TEST_STEP][PASSED] - setText(findTestObject("Object Repository/RecAndPlayBk/Page-Vlink-CC-Credit/input_Category Code"), category): Text 'RETL' is set on object 'Object Repository/RecAndPlayBk/Page-Vlink-CC-Credit/input_Category Code'

2024-05-15 23:54:19 - [MESSAGE][PASSED] - Text 'RETL' is set on object 'Object Repository/RecAndPlayBk/Page-Vlink-CC-Credit/input_Category Code'

2024-05-15 23:54:19 - [TEST_STEP][PASSED] - click(findTestObject("Object Repository/RecAndPlayBk/Page-Vlink-CC-Credit/input")): Object: 'Object Repository/RecAndPlayBk/Page-Vlink-CC-Credit/input' is clicked on

2024-05-15 23:54:20 - [MESSAGE][PASSED] - Object: 'Object Repository/RecAndPlayBk/Page-Vlink-CC-Credit/input' is clicked on

2024-05-15 23:54:20 - [TEST_STEP][PASSED] - if (verifyTextPresent("Transaction approved, no errors", true)): null

2024-05-15 23:54:20 - [MESSAGE][PASSED] - Text 'Transaction approved, no errors' is present on page  using regular expression

2024-05-15 23:54:20 - [TEST_STEP][PASSED] - println("Transaction Approved, no errors text is present on the Confirmation page"): null

2024-05-15 23:54:21 - [TEST_STEP][PASSED] - out.println("Pass Record Number: " + row): null

2024-05-15 23:54:21 - [TEST_STEP][PASSED] - resText = "Pass": null

2024-05-15 23:54:21 - [TEST_STEP][PASSED] - pages.WriteExcel.demoKey(resText, datText, resColumn, datCloumn, fileLoc, nameSheet, row): pages.WriteExcel.demoKey is PASSED

2024-05-15 23:54:21 - [MESSAGE][PASSED] - pages.WriteExcel.demoKey is PASSED

2024-05-15 23:54:21 - [TEST_STEP][PASSED] - ExecuteTC = findTestData(dataFile).getValue("Execute", row): null

2024-05-15 23:54:21 - [TEST_STEP][PASSED] - out.println("Value of Execute is : " + ExecuteTC): null

2024-05-15 23:54:21 - [TEST_STEP][PASSED] - switch (executionProfile): null

2024-05-15 23:54:21 - [TEST_STEP][PASSED] - case "QA2Profile":: null

2024-05-15 23:54:21 - [TEST_STEP][PASSED] - appID = findTestData(dataFile).getValue("AppIDQA", row): null

2024-05-15 23:54:21 - [TEST_STEP][PASSED] - username = findTestData(dataFile).getValue("UsernameQA", row): null

2024-05-15 23:54:21 - [TEST_STEP][PASSED] - password = findTestData(dataFile).getValue("PasswordQA", row): null

2024-05-15 23:54:21 - [TEST_STEP][PASSED] - break: null

2024-05-15 23:54:21 - [TEST_STEP][PASSED] - if (ExecuteTC.equalsIgnoreCase("Y")): null

2024-05-15 23:54:21 - [TEST_STEP][PASSED] - out.println("Begin Record Number: " + row): null

2024-05-15 23:54:21 - [TEST_STEP][PASSED] - today = new java.util.Date(): null

2024-05-15 23:54:21 - [TEST_STEP][PASSED] - println(today): null

2024-05-15 23:54:21 - [TEST_STEP][PASSED] - datText = today: null

2024-05-15 23:54:21 - [TEST_STEP][PASSED] - category = findTestData(dataFile).getValue("Category", row): null

2024-05-15 23:54:21 - [TEST_STEP][PASSED] - amount = findTestData(dataFile).getValue("Amount", row): null

2024-05-15 23:54:21 - [TEST_STEP][PASSED] - cardNumber = findTestData(dataFile).getValue("CardNumber", row): null

2024-05-15 23:54:21 - [TEST_STEP][PASSED] - exM = findTestData(dataFile).getValue("ExM", row): null

2024-05-15 23:54:22 - [TEST_STEP][PASSED] - exY = findTestData(dataFile).getValue("ExY", row): null

2024-05-15 23:54:22 - [TEST_STEP][PASSED] - openBrowser(VLinkURL + "auth.html"): Browser is opened with url: 'https://dev-algorithm.govolution.com/vlinktest/QA2/version_2_0/auth.html'

2024-05-15 23:54:22 - [MESSAGE][WARNING] - A browser is already opened. Closing browser and opening a new one

2024-05-15 23:54:23 - [MESSAGE][INFO] - Starting 'Chrome' driver

2024-05-15 23:54:23 - [MESSAGE][INFO] - User set preference: ['acceptInsecureCerts', 'true']

2024-05-15 23:54:23 - [MESSAGE][INFO] - Action delay is set to 0 milliseconds

2024-05-15 23:54:25 - [MESSAGE][PASSED] - Browser is opened with url: 'https://dev-algorithm.govolution.com/vlinktest/QA2/version_2_0/auth.html'

2024-05-15 23:54:25 - [TEST_STEP][PASSED] - maximizeWindow(): Current window maximized

2024-05-15 23:54:26 - [MESSAGE][PASSED] - Current window maximized

2024-05-15 23:54:26 - [TEST_STEP][PASSED] - genRemID = RandomStringUtils.random(12, true, true): null

2024-05-15 23:54:26 - [TEST_STEP][PASSED] - setText(findTestObject("Object Repository/RecAndPlayBk/Page-Vlink-AuthOnly/input_Remittance Id_remittance_id"), genRemID): Text 'PoCcUxMuqTD7' is set on object 'Object Repository/RecAndPlayBk/Page-Vlink-AuthOnly/input_Remittance Id_remittance_id'

2024-05-15 23:54:26 - [MESSAGE][PASSED] - Text 'PoCcUxMuqTD7' is set on object 'Object Repository/RecAndPlayBk/Page-Vlink-AuthOnly/input_Remittance Id_remittance_id'

2024-05-15 23:54:26 - [TEST_STEP][PASSED] - setText(findTestObject("Object Repository/RecAndPlayBk/Page-Vlink-AuthOnly/input_Application Id_application_id"), appID): Text '87' is set on object 'Object Repository/RecAndPlayBk/Page-Vlink-AuthOnly/input_Application Id_application_id'

2024-05-15 23:54:27 - [MESSAGE][PASSED] - Text '87' is set on object 'Object Repository/RecAndPlayBk/Page-Vlink-AuthOnly/input_Application Id_application_id'

2024-05-15 23:54:27 - [TEST_STEP][PASSED] - setText(findTestObject("Object Repository/RecAndPlayBk/Page-Vlink-AuthOnly/input_Username_username"), username): Text 'username' is set on object 'Object Repository/RecAndPlayBk/Page-Vlink-AuthOnly/input_Username_username'

2024-05-15 23:54:28 - [MESSAGE][PASSED] - Text 'username' is set on object 'Object Repository/RecAndPlayBk/Page-Vlink-AuthOnly/input_Username_username'

2024-05-15 23:54:28 - [TEST_STEP][PASSED] - setText(findTestObject("Object Repository/RecAndPlayBk/Page-Vlink-AuthOnly/input_Password_password"), password): Text 'password' is set on object 'Object Repository/RecAndPlayBk/Page-Vlink-AuthOnly/input_Password_password'

2024-05-15 23:54:28 - [MESSAGE][PASSED] - Text 'password' is set on object 'Object Repository/RecAndPlayBk/Page-Vlink-AuthOnly/input_Password_password'

2024-05-15 23:54:28 - [TEST_STEP][PASSED] - setText(findTestObject("Object Repository/RecAndPlayBk/Page-Vlink-AuthOnly/input_Category_category"), category): Text 'ECOM' is set on object 'Object Repository/RecAndPlayBk/Page-Vlink-AuthOnly/input_Category_category'

2024-05-15 23:54:29 - [MESSAGE][PASSED] - Text 'ECOM' is set on object 'Object Repository/RecAndPlayBk/Page-Vlink-AuthOnly/input_Category_category'

2024-05-15 23:54:29 - [TEST_STEP][PASSED] - setText(findTestObject("Object Repository/RecAndPlayBk/Page-Vlink-AuthOnly/input_Amount_amount"), amount): Text '10.5' is set on object 'Object Repository/RecAndPlayBk/Page-Vlink-AuthOnly/input_Amount_amount'

2024-05-15 23:54:30 - [MESSAGE][PASSED] - Text '10.5' is set on object 'Object Repository/RecAndPlayBk/Page-Vlink-AuthOnly/input_Amount_amount'

2024-05-15 23:54:30 - [TEST_STEP][PASSED] - doubleClick(findTestObject("Object Repository/RecAndPlayBk/Page-Vlink-AuthOnly/input_Card number_card_number")): Object: 'Object Repository/RecAndPlayBk/Page-Vlink-AuthOnly/input_Card number_card_number' is double clicked on

2024-05-15 23:54:30 - [MESSAGE][PASSED] - Object: 'Object Repository/RecAndPlayBk/Page-Vlink-AuthOnly/input_Card number_card_number' is double clicked on

2024-05-15 23:54:30 - [TEST_STEP][PASSED] - setText(findTestObject("Object Repository/RecAndPlayBk/Page-Vlink-AuthOnly/input_Card number_card_number"), cardNumber): Text '4012000098765439' is set on object 'Object Repository/RecAndPlayBk/Page-Vlink-AuthOnly/input_Card number_card_number'

2024-05-15 23:54:31 - [MESSAGE][PASSED] - Text '4012000098765439' is set on object 'Object Repository/RecAndPlayBk/Page-Vlink-AuthOnly/input_Card number_card_number'

2024-05-15 23:54:31 - [TEST_STEP][PASSED] - setText(findTestObject("Object Repository/RecAndPlayBk/Page-Vlink-AuthOnly/input_Card ex month_card_exmo"), exM): Text '12' is set on object 'Object Repository/RecAndPlayBk/Page-Vlink-AuthOnly/input_Card ex month_card_exmo'

2024-05-15 23:54:31 - [MESSAGE][PASSED] - Text '12' is set on object 'Object Repository/RecAndPlayBk/Page-Vlink-AuthOnly/input_Card ex month_card_exmo'

2024-05-15 23:54:31 - [TEST_STEP][PASSED] - setText(findTestObject("Object Repository/RecAndPlayBk/Page-Vlink-AuthOnly/input_Card ex year_card_exyr"), exY): Text '2029' is set on object 'Object Repository/RecAndPlayBk/Page-Vlink-AuthOnly/input_Card ex year_card_exyr'

2024-05-15 23:54:32 - [MESSAGE][PASSED] - Text '2029' is set on object 'Object Repository/RecAndPlayBk/Page-Vlink-AuthOnly/input_Card ex year_card_exyr'

2024-05-15 23:54:32 - [TEST_STEP][PASSED] - click(findTestObject("Object Repository/RecAndPlayBk/Page-Vlink-AuthOnly/input_Track Data_track_data")): Object: 'Object Repository/RecAndPlayBk/Page-Vlink-AuthOnly/input_Track Data_track_data' is clicked on

2024-05-15 23:54:32 - [MESSAGE][PASSED] - Object: 'Object Repository/RecAndPlayBk/Page-Vlink-AuthOnly/input_Track Data_track_data' is clicked on

2024-05-15 23:54:32 - [TEST_STEP][PASSED] - click(findTestObject("Object Repository/RecAndPlayBk/Page-Vlink-AuthOnly/input_CVV state_cvv_state")): Object: 'Object Repository/RecAndPlayBk/Page-Vlink-AuthOnly/input_CVV state_cvv_state' is clicked on

2024-05-15 23:54:33 - [MESSAGE][PASSED] - Object: 'Object Repository/RecAndPlayBk/Page-Vlink-AuthOnly/input_CVV state_cvv_state' is clicked on

2024-05-15 23:54:33 - [TEST_STEP][PASSED] - setText(findTestObject("Object Repository/RecAndPlayBk/Page-Vlink-AuthOnly/input_Track Data_track_data"), ""): Text '' is set on object 'Object Repository/RecAndPlayBk/Page-Vlink-AuthOnly/input_Track Data_track_data'

2024-05-15 23:54:33 - [MESSAGE][PASSED] - Text '' is set on object 'Object Repository/RecAndPlayBk/Page-Vlink-AuthOnly/input_Track Data_track_data'

2024-05-15 23:54:33 - [TEST_STEP][PASSED] - setText(findTestObject("Object Repository/RecAndPlayBk/Page-Vlink-AuthOnly/input_concat(Cardholder, , s email)_email"), ""): Text '' is set on object 'Object Repository/RecAndPlayBk/Page-Vlink-AuthOnly/input_concat(Cardholder, , s email)_email'

2024-05-15 23:54:34 - [MESSAGE][PASSED] - Text '' is set on object 'Object Repository/RecAndPlayBk/Page-Vlink-AuthOnly/input_concat(Cardholder, , s email)_email'

2024-05-15 23:54:34 - [TEST_STEP][PASSED] - click(findTestObject("Object Repository/RecAndPlayBk/Page-Vlink-AuthOnly/input_user_defined10_user_defined10")): Object: 'Object Repository/RecAndPlayBk/Page-Vlink-AuthOnly/input_user_defined10_user_defined10' is clicked on

2024-05-15 23:54:34 - [MESSAGE][PASSED] - Object: 'Object Repository/RecAndPlayBk/Page-Vlink-AuthOnly/input_user_defined10_user_defined10' is clicked on

2024-05-15 23:54:34 - [TEST_STEP][PASSED] - if (executionProfile.equalsIgnoreCase("QAProfile")): null

2024-05-15 23:54:34 - [TEST_STEP][PASSED] - click(findTestObject("Object Repository/RecAndPlayBk/Page-Vlink-AuthOnly/input")): Object: 'Object Repository/RecAndPlayBk/Page-Vlink-AuthOnly/input' is clicked on

2024-05-15 23:54:36 - [MESSAGE][PASSED] - Object: 'Object Repository/RecAndPlayBk/Page-Vlink-AuthOnly/input' is clicked on

2024-05-15 23:54:36 - [TEST_STEP][PASSED] - if (verifyTextPresent("Transaction approved, no errors", true)): null

2024-05-15 23:54:36 - [MESSAGE][PASSED] - Text 'Transaction approved, no errors' is present on page  using regular expression

2024-05-15 23:54:36 - [TEST_STEP][PASSED] - out.println("Auth was successful, Capture now"): null

2024-05-15 23:54:36 - [TEST_STEP][PASSED] - sdfo = getText(findTestObject("Object Repository/Page_VLinkReceipt/pre_STX")): Text of object 'Object Repository/Page_VLinkReceipt/pre_STX' is: '<STX>PoCcUxMuqTD7                  12151678            0  Transaction approved, no errors                   0                                                                                  N TAS495   <ETX>'

2024-05-15 23:54:37 - [MESSAGE][PASSED] - Text of object 'Object Repository/Page_VLinkReceipt/pre_STX' is: '<STX>PoCcUxMuqTD7                  12151678            0  Transaction approved, no errors                   0                                                                                  N TAS495   <ETX>'

2024-05-15 23:54:37 - [TEST_STEP][PASSED] - out.println("sdfo: " + sdfo): null

2024-05-15 23:54:37 - [TEST_STEP][PASSED] - remID = substring(5, 35).trim(): null

2024-05-15 23:54:37 - [TEST_STEP][PASSED] - out.println("remID: " + remID): null

2024-05-15 23:54:37 - [TEST_STEP][PASSED] - traxID = substring(35, 55).trim(): null

2024-05-15 23:54:37 - [TEST_STEP][PASSED] - out.println("traxID: " + traxID): null

2024-05-15 23:54:37 - [TEST_STEP][PASSED] - VLinkSaleRemID = remID: null

2024-05-15 23:54:37 - [TEST_STEP][PASSED] - VLinkSaleTranxID = traxID: null

2024-05-15 23:54:37 - [TEST_STEP][PASSED] - openBrowser(VLinkURL + "capture.html"): Browser is opened with url: 'https://dev-algorithm.govolution.com/vlinktest/QA2/version_2_0/capture.html'

2024-05-15 23:54:37 - [MESSAGE][WARNING] - A browser is already opened. Closing browser and opening a new one

2024-05-15 23:54:38 - [MESSAGE][INFO] - Starting 'Chrome' driver

2024-05-15 23:54:38 - [MESSAGE][INFO] - User set preference: ['acceptInsecureCerts', 'true']

2024-05-15 23:54:38 - [MESSAGE][INFO] - Action delay is set to 0 milliseconds

2024-05-15 23:54:40 - [MESSAGE][PASSED] - Browser is opened with url: 'https://dev-algorithm.govolution.com/vlinktest/QA2/version_2_0/capture.html'

2024-05-15 23:54:40 - [TEST_STEP][PASSED] - maximizeWindow(): Current window maximized

2024-05-15 23:54:40 - [MESSAGE][PASSED] - Current window maximized

2024-05-15 23:54:40 - [TEST_STEP][PASSED] - setText(findTestObject("Object Repository/RecAndPlayBk/Page-VLink-Capture/input_Remittance Id_remittance_id"), VLinkSaleRemID): Text 'PoCcUxMuqTD7' is set on object 'Object Repository/RecAndPlayBk/Page-VLink-Capture/input_Remittance Id_remittance_id'

2024-05-15 23:54:41 - [MESSAGE][PASSED] - Text 'PoCcUxMuqTD7' is set on object 'Object Repository/RecAndPlayBk/Page-VLink-Capture/input_Remittance Id_remittance_id'

2024-05-15 23:54:41 - [TEST_STEP][PASSED] - setText(findTestObject("Object Repository/RecAndPlayBk/Page-VLink-Capture/input_Application Id_application_id"), appID): Text '87' is set on object 'Object Repository/RecAndPlayBk/Page-VLink-Capture/input_Application Id_application_id'

2024-05-15 23:54:41 - [MESSAGE][PASSED] - Text '87' is set on object 'Object Repository/RecAndPlayBk/Page-VLink-Capture/input_Application Id_application_id'

2024-05-15 23:54:41 - [TEST_STEP][PASSED] - setText(findTestObject("Object Repository/RecAndPlayBk/Page-VLink-Capture/input_Username_username"), username): Text 'username' is set on object 'Object Repository/RecAndPlayBk/Page-VLink-Capture/input_Username_username'

2024-05-15 23:54:42 - [MESSAGE][PASSED] - Text 'username' is set on object 'Object Repository/RecAndPlayBk/Page-VLink-Capture/input_Username_username'

2024-05-15 23:54:42 - [TEST_STEP][PASSED] - setText(findTestObject("Object Repository/RecAndPlayBk/Page-VLink-Capture/input_Password_password"), password): Text 'password' is set on object 'Object Repository/RecAndPlayBk/Page-VLink-Capture/input_Password_password'

2024-05-15 23:54:43 - [MESSAGE][PASSED] - Text 'password' is set on object 'Object Repository/RecAndPlayBk/Page-VLink-Capture/input_Password_password'

2024-05-15 23:54:43 - [TEST_STEP][PASSED] - setText(findTestObject("Object Repository/RecAndPlayBk/Page-VLink-Capture/input_Transaction ID_transaction_id"), VLinkSaleTranxID): Text '12151678' is set on object 'Object Repository/RecAndPlayBk/Page-VLink-Capture/input_Transaction ID_transaction_id'

2024-05-15 23:54:43 - [MESSAGE][PASSED] - Text '12151678' is set on object 'Object Repository/RecAndPlayBk/Page-VLink-Capture/input_Transaction ID_transaction_id'

2024-05-15 23:54:43 - [TEST_STEP][PASSED] - setText(findTestObject("Object Repository/RecAndPlayBk/Page-VLink-Capture/input_Amount_amount"), amount): Text '10.5' is set on object 'Object Repository/RecAndPlayBk/Page-VLink-Capture/input_Amount_amount'

2024-05-15 23:54:44 - [MESSAGE][PASSED] - Text '10.5' is set on object 'Object Repository/RecAndPlayBk/Page-VLink-Capture/input_Amount_amount'

2024-05-15 23:54:44 - [TEST_STEP][PASSED] - click(findTestObject("Object Repository/RecAndPlayBk/Page-VLink-Capture/input")): Object: 'Object Repository/RecAndPlayBk/Page-VLink-Capture/input' is clicked on

2024-05-15 23:54:46 - [MESSAGE][PASSED] - Object: 'Object Repository/RecAndPlayBk/Page-VLink-Capture/input' is clicked on

2024-05-15 23:54:46 - [TEST_STEP][PASSED] - if (verifyTextPresent("Transaction approved, no errors", true)): null

2024-05-15 23:54:46 - [MESSAGE][PASSED] - Text 'Transaction approved, no errors' is present on page  using regular expression

2024-05-15 23:54:46 - [TEST_STEP][PASSED] - sdfo = getText(findTestObject("Object Repository/Page_VLinkReceipt/pre_STX")): Text of object 'Object Repository/Page_VLinkReceipt/pre_STX' is: '<STX>PoCcUxMuqTD7                  12151679            0  Transaction approved, no errors                   0                                                                                  N TAS495   <ETX>'

2024-05-15 23:54:46 - [MESSAGE][PASSED] - Text of object 'Object Repository/Page_VLinkReceipt/pre_STX' is: '<STX>PoCcUxMuqTD7                  12151679            0  Transaction approved, no errors                   0                                                                                  N TAS495   <ETX>'

2024-05-15 23:54:46 - [TEST_STEP][PASSED] - out.println("sdfo: " + sdfo): null

2024-05-15 23:54:46 - [TEST_STEP][PASSED] - remID = substring(5, 35).trim(): null

2024-05-15 23:54:46 - [TEST_STEP][PASSED] - out.println("remID: " + remID): null

2024-05-15 23:54:46 - [TEST_STEP][PASSED] - traxID = substring(35, 55).trim(): null

2024-05-15 23:54:46 - [TEST_STEP][PASSED] - out.println("traxID: " + traxID): null

2024-05-15 23:54:46 - [TEST_STEP][PASSED] - VLinkSaleRemID = remID: null

2024-05-15 23:54:46 - [TEST_STEP][PASSED] - VLinkSaleTranxID = traxID: null

2024-05-15 23:54:46 - [TEST_STEP][PASSED] - openBrowser(VLinkURL + "CC_credit.html"): Browser is opened with url: 'https://dev-algorithm.govolution.com/vlinktest/QA2/version_2_0/CC_credit.html'

2024-05-15 23:54:46 - [MESSAGE][WARNING] - A browser is already opened. Closing browser and opening a new one

2024-05-15 23:54:47 - [MESSAGE][INFO] - Starting 'Chrome' driver

2024-05-15 23:54:47 - [MESSAGE][INFO] - User set preference: ['acceptInsecureCerts', 'true']

2024-05-15 23:54:47 - [MESSAGE][INFO] - Action delay is set to 0 milliseconds

2024-05-15 23:54:49 - [MESSAGE][PASSED] - Browser is opened with url: 'https://dev-algorithm.govolution.com/vlinktest/QA2/version_2_0/CC_credit.html'

2024-05-15 23:54:49 - [TEST_STEP][PASSED] - maximizeWindow(): Current window maximized

2024-05-15 23:54:50 - [MESSAGE][PASSED] - Current window maximized

2024-05-15 23:54:50 - [TEST_STEP][PASSED] - setText(findTestObject("Object Repository/RecAndPlayBk/Page-Vlink-CC-Credit/input_Remittance Id"), VLinkSaleRemID): Text 'PoCcUxMuqTD7' is set on object 'Object Repository/RecAndPlayBk/Page-Vlink-CC-Credit/input_Remittance Id'

2024-05-15 23:54:50 - [MESSAGE][PASSED] - Text 'PoCcUxMuqTD7' is set on object 'Object Repository/RecAndPlayBk/Page-Vlink-CC-Credit/input_Remittance Id'

2024-05-15 23:54:50 - [TEST_STEP][PASSED] - setText(findTestObject("Object Repository/RecAndPlayBk/Page-Vlink-CC-Credit/input_Application Id"), appID): Text '87' is set on object 'Object Repository/RecAndPlayBk/Page-Vlink-CC-Credit/input_Application Id'

2024-05-15 23:54:51 - [MESSAGE][PASSED] - Text '87' is set on object 'Object Repository/RecAndPlayBk/Page-Vlink-CC-Credit/input_Application Id'

2024-05-15 23:54:51 - [TEST_STEP][PASSED] - setText(findTestObject("Object Repository/RecAndPlayBk/Page-Vlink-CC-Credit/input_Username"), username): Text 'username' is set on object 'Object Repository/RecAndPlayBk/Page-Vlink-CC-Credit/input_Username'

2024-05-15 23:54:52 - [MESSAGE][PASSED] - Text 'username' is set on object 'Object Repository/RecAndPlayBk/Page-Vlink-CC-Credit/input_Username'

2024-05-15 23:54:52 - [TEST_STEP][PASSED] - setText(findTestObject("Object Repository/RecAndPlayBk/Page-Vlink-CC-Credit/input_Password"), password): Text 'password' is set on object 'Object Repository/RecAndPlayBk/Page-Vlink-CC-Credit/input_Password'

2024-05-15 23:54:52 - [MESSAGE][PASSED] - Text 'password' is set on object 'Object Repository/RecAndPlayBk/Page-Vlink-CC-Credit/input_Password'

2024-05-15 23:54:52 - [TEST_STEP][PASSED] - setText(findTestObject("Object Repository/RecAndPlayBk/Page-Vlink-CC-Credit/input_Transaction ID"), VLinkSaleTranxID): Text '12151679' is set on object 'Object Repository/RecAndPlayBk/Page-Vlink-CC-Credit/input_Transaction ID'

2024-05-15 23:54:53 - [MESSAGE][PASSED] - Text '12151679' is set on object 'Object Repository/RecAndPlayBk/Page-Vlink-CC-Credit/input_Transaction ID'

2024-05-15 23:54:53 - [TEST_STEP][PASSED] - setText(findTestObject("Object Repository/RecAndPlayBk/Page-Vlink-CC-Credit/input_Amount"), amount): Text '10.5' is set on object 'Object Repository/RecAndPlayBk/Page-Vlink-CC-Credit/input_Amount'

2024-05-15 23:54:53 - [MESSAGE][PASSED] - Text '10.5' is set on object 'Object Repository/RecAndPlayBk/Page-Vlink-CC-Credit/input_Amount'

2024-05-15 23:54:53 - [TEST_STEP][PASSED] - setText(findTestObject("Object Repository/RecAndPlayBk/Page-Vlink-CC-Credit/input_Card number"), ""): Text '' is set on object 'Object Repository/RecAndPlayBk/Page-Vlink-CC-Credit/input_Card number'

2024-05-15 23:54:54 - [MESSAGE][PASSED] - Text '' is set on object 'Object Repository/RecAndPlayBk/Page-Vlink-CC-Credit/input_Card number'

2024-05-15 23:54:54 - [TEST_STEP][PASSED] - setText(findTestObject("Object Repository/RecAndPlayBk/Page-Vlink-CC-Credit/input_Card ex month"), ""): Text '' is set on object 'Object Repository/RecAndPlayBk/Page-Vlink-CC-Credit/input_Card ex month'

2024-05-15 23:54:55 - [MESSAGE][PASSED] - Text '' is set on object 'Object Repository/RecAndPlayBk/Page-Vlink-CC-Credit/input_Card ex month'

2024-05-15 23:54:55 - [TEST_STEP][PASSED] - setText(findTestObject("Object Repository/RecAndPlayBk/Page-Vlink-CC-Credit/input_Card ex year"), ""): Text '' is set on object 'Object Repository/RecAndPlayBk/Page-Vlink-CC-Credit/input_Card ex year'

2024-05-15 23:54:55 - [MESSAGE][PASSED] - Text '' is set on object 'Object Repository/RecAndPlayBk/Page-Vlink-CC-Credit/input_Card ex year'

2024-05-15 23:54:55 - [TEST_STEP][PASSED] - setText(findTestObject("Object Repository/RecAndPlayBk/Page-Vlink-CC-Credit/input_Track Data"), ""): Text '' is set on object 'Object Repository/RecAndPlayBk/Page-Vlink-CC-Credit/input_Track Data'

2024-05-15 23:54:56 - [MESSAGE][PASSED] - Text '' is set on object 'Object Repository/RecAndPlayBk/Page-Vlink-CC-Credit/input_Track Data'

2024-05-15 23:54:56 - [TEST_STEP][PASSED] - setText(findTestObject("Object Repository/RecAndPlayBk/Page-Vlink-CC-Credit/input_Category Code"), category): Text 'ECOM' is set on object 'Object Repository/RecAndPlayBk/Page-Vlink-CC-Credit/input_Category Code'

2024-05-15 23:54:57 - [MESSAGE][PASSED] - Text 'ECOM' is set on object 'Object Repository/RecAndPlayBk/Page-Vlink-CC-Credit/input_Category Code'

2024-05-15 23:54:57 - [TEST_STEP][PASSED] - click(findTestObject("Object Repository/RecAndPlayBk/Page-Vlink-CC-Credit/input")): Object: 'Object Repository/RecAndPlayBk/Page-Vlink-CC-Credit/input' is clicked on

2024-05-15 23:54:58 - [MESSAGE][PASSED] - Object: 'Object Repository/RecAndPlayBk/Page-Vlink-CC-Credit/input' is clicked on

2024-05-15 23:54:58 - [TEST_STEP][PASSED] - if (verifyTextPresent("Transaction approved, no errors", true)): null

2024-05-15 23:54:59 - [MESSAGE][PASSED] - Text 'Transaction approved, no errors' is present on page  using regular expression

2024-05-15 23:54:59 - [TEST_STEP][PASSED] - println("Transaction Approved, no errors text is present on the Confirmation page"): null

2024-05-15 23:54:59 - [TEST_STEP][PASSED] - out.println("Pass Record Number: " + row): null

2024-05-15 23:54:59 - [TEST_STEP][PASSED] - resText = "Pass": null

2024-05-15 23:54:59 - [TEST_STEP][PASSED] - pages.WriteExcel.demoKey(resText, datText, resColumn, datCloumn, fileLoc, nameSheet, row): pages.WriteExcel.demoKey is PASSED

2024-05-15 23:54:59 - [MESSAGE][PASSED] - pages.WriteExcel.demoKey is PASSED

2024-05-15 23:54:59 - [TEST_STEP][PASSED] - ExecuteTC = findTestData(dataFile).getValue("Execute", row): null

2024-05-15 23:54:59 - [TEST_STEP][PASSED] - out.println("Value of Execute is : " + ExecuteTC): null

2024-05-15 23:54:59 - [TEST_STEP][PASSED] - switch (executionProfile): null

2024-05-15 23:54:59 - [TEST_STEP][PASSED] - case "QA2Profile":: null

2024-05-15 23:54:59 - [TEST_STEP][PASSED] - appID = findTestData(dataFile).getValue("AppIDQA", row): null

2024-05-15 23:54:59 - [TEST_STEP][PASSED] - username = findTestData(dataFile).getValue("UsernameQA", row): null

2024-05-15 23:54:59 - [TEST_STEP][PASSED] - password = findTestData(dataFile).getValue("PasswordQA", row): null

2024-05-15 23:54:59 - [TEST_STEP][PASSED] - break: null

2024-05-15 23:54:59 - [TEST_STEP][PASSED] - if (ExecuteTC.equalsIgnoreCase("Y")): null

2024-05-15 23:54:59 - [TEST_STEP][PASSED] - out.println("Begin Record Number: " + row): null

2024-05-15 23:54:59 - [TEST_STEP][PASSED] - today = new java.util.Date(): null

2024-05-15 23:54:59 - [TEST_STEP][PASSED] - println(today): null

2024-05-15 23:54:59 - [TEST_STEP][PASSED] - datText = today: null

2024-05-15 23:54:59 - [TEST_STEP][PASSED] - category = findTestData(dataFile).getValue("Category", row): null

2024-05-15 23:54:59 - [TEST_STEP][PASSED] - amount = findTestData(dataFile).getValue("Amount", row): null

2024-05-15 23:55:00 - [TEST_STEP][PASSED] - cardNumber = findTestData(dataFile).getValue("CardNumber", row): null

2024-05-15 23:55:00 - [TEST_STEP][PASSED] - exM = findTestData(dataFile).getValue("ExM", row): null

2024-05-15 23:55:00 - [TEST_STEP][PASSED] - exY = findTestData(dataFile).getValue("ExY", row): null

2024-05-15 23:55:00 - [TEST_STEP][PASSED] - openBrowser(VLinkURL + "auth.html"): Browser is opened with url: 'https://dev-algorithm.govolution.com/vlinktest/QA2/version_2_0/auth.html'

2024-05-15 23:55:00 - [MESSAGE][WARNING] - A browser is already opened. Closing browser and opening a new one

2024-05-15 23:55:02 - [MESSAGE][INFO] - Starting 'Chrome' driver

2024-05-15 23:55:02 - [MESSAGE][INFO] - User set preference: ['acceptInsecureCerts', 'true']

2024-05-15 23:55:02 - [MESSAGE][INFO] - Action delay is set to 0 milliseconds

2024-05-15 23:55:04 - [MESSAGE][PASSED] - Browser is opened with url: 'https://dev-algorithm.govolution.com/vlinktest/QA2/version_2_0/auth.html'

2024-05-15 23:55:04 - [TEST_STEP][PASSED] - maximizeWindow(): Current window maximized

2024-05-15 23:55:04 - [MESSAGE][PASSED] - Current window maximized

2024-05-15 23:55:04 - [TEST_STEP][PASSED] - genRemID = RandomStringUtils.random(12, true, true): null

2024-05-15 23:55:04 - [TEST_STEP][PASSED] - setText(findTestObject("Object Repository/RecAndPlayBk/Page-Vlink-AuthOnly/input_Remittance Id_remittance_id"), genRemID): Text 'UFcZ9kPSI4P5' is set on object 'Object Repository/RecAndPlayBk/Page-Vlink-AuthOnly/input_Remittance Id_remittance_id'

2024-05-15 23:55:05 - [MESSAGE][PASSED] - Text 'UFcZ9kPSI4P5' is set on object 'Object Repository/RecAndPlayBk/Page-Vlink-AuthOnly/input_Remittance Id_remittance_id'

2024-05-15 23:55:05 - [TEST_STEP][PASSED] - setText(findTestObject("Object Repository/RecAndPlayBk/Page-Vlink-AuthOnly/input_Application Id_application_id"), appID): Text '581' is set on object 'Object Repository/RecAndPlayBk/Page-Vlink-AuthOnly/input_Application Id_application_id'

2024-05-15 23:55:06 - [MESSAGE][PASSED] - Text '581' is set on object 'Object Repository/RecAndPlayBk/Page-Vlink-AuthOnly/input_Application Id_application_id'

2024-05-15 23:55:06 - [TEST_STEP][PASSED] - setText(findTestObject("Object Repository/RecAndPlayBk/Page-Vlink-AuthOnly/input_Username_username"), username): Text 'usr581' is set on object 'Object Repository/RecAndPlayBk/Page-Vlink-AuthOnly/input_Username_username'

2024-05-15 23:55:06 - [MESSAGE][PASSED] - Text 'usr581' is set on object 'Object Repository/RecAndPlayBk/Page-Vlink-AuthOnly/input_Username_username'

2024-05-15 23:55:06 - [TEST_STEP][PASSED] - setText(findTestObject("Object Repository/RecAndPlayBk/Page-Vlink-AuthOnly/input_Password_password"), password): Text 'pwd581' is set on object 'Object Repository/RecAndPlayBk/Page-Vlink-AuthOnly/input_Password_password'

2024-05-15 23:55:07 - [MESSAGE][PASSED] - Text 'pwd581' is set on object 'Object Repository/RecAndPlayBk/Page-Vlink-AuthOnly/input_Password_password'

2024-05-15 23:55:07 - [TEST_STEP][PASSED] - setText(findTestObject("Object Repository/RecAndPlayBk/Page-Vlink-AuthOnly/input_Category_category"), category): Text 'ECOM' is set on object 'Object Repository/RecAndPlayBk/Page-Vlink-AuthOnly/input_Category_category'

2024-05-15 23:55:08 - [MESSAGE][PASSED] - Text 'ECOM' is set on object 'Object Repository/RecAndPlayBk/Page-Vlink-AuthOnly/input_Category_category'

2024-05-15 23:55:08 - [TEST_STEP][PASSED] - setText(findTestObject("Object Repository/RecAndPlayBk/Page-Vlink-AuthOnly/input_Amount_amount"), amount): Text '10.5' is set on object 'Object Repository/RecAndPlayBk/Page-Vlink-AuthOnly/input_Amount_amount'

2024-05-15 23:55:08 - [MESSAGE][PASSED] - Text '10.5' is set on object 'Object Repository/RecAndPlayBk/Page-Vlink-AuthOnly/input_Amount_amount'

2024-05-15 23:55:08 - [TEST_STEP][PASSED] - doubleClick(findTestObject("Object Repository/RecAndPlayBk/Page-Vlink-AuthOnly/input_Card number_card_number")): Object: 'Object Repository/RecAndPlayBk/Page-Vlink-AuthOnly/input_Card number_card_number' is double clicked on

2024-05-15 23:55:09 - [MESSAGE][PASSED] - Object: 'Object Repository/RecAndPlayBk/Page-Vlink-AuthOnly/input_Card number_card_number' is double clicked on

2024-05-15 23:55:09 - [TEST_STEP][PASSED] - setText(findTestObject("Object Repository/RecAndPlayBk/Page-Vlink-AuthOnly/input_Card number_card_number"), cardNumber): Text '5146312200000035' is set on object 'Object Repository/RecAndPlayBk/Page-Vlink-AuthOnly/input_Card number_card_number'

2024-05-15 23:55:09 - [MESSAGE][PASSED] - Text '5146312200000035' is set on object 'Object Repository/RecAndPlayBk/Page-Vlink-AuthOnly/input_Card number_card_number'

2024-05-15 23:55:09 - [TEST_STEP][PASSED] - setText(findTestObject("Object Repository/RecAndPlayBk/Page-Vlink-AuthOnly/input_Card ex month_card_exmo"), exM): Text '12' is set on object 'Object Repository/RecAndPlayBk/Page-Vlink-AuthOnly/input_Card ex month_card_exmo'

2024-05-15 23:55:10 - [MESSAGE][PASSED] - Text '12' is set on object 'Object Repository/RecAndPlayBk/Page-Vlink-AuthOnly/input_Card ex month_card_exmo'

2024-05-15 23:55:10 - [TEST_STEP][PASSED] - setText(findTestObject("Object Repository/RecAndPlayBk/Page-Vlink-AuthOnly/input_Card ex year_card_exyr"), exY): Text '2029' is set on object 'Object Repository/RecAndPlayBk/Page-Vlink-AuthOnly/input_Card ex year_card_exyr'

2024-05-15 23:55:11 - [MESSAGE][PASSED] - Text '2029' is set on object 'Object Repository/RecAndPlayBk/Page-Vlink-AuthOnly/input_Card ex year_card_exyr'

2024-05-15 23:55:11 - [TEST_STEP][PASSED] - click(findTestObject("Object Repository/RecAndPlayBk/Page-Vlink-AuthOnly/input_Track Data_track_data")): Object: 'Object Repository/RecAndPlayBk/Page-Vlink-AuthOnly/input_Track Data_track_data' is clicked on

2024-05-15 23:55:11 - [MESSAGE][PASSED] - Object: 'Object Repository/RecAndPlayBk/Page-Vlink-AuthOnly/input_Track Data_track_data' is clicked on

2024-05-15 23:55:11 - [TEST_STEP][PASSED] - click(findTestObject("Object Repository/RecAndPlayBk/Page-Vlink-AuthOnly/input_CVV state_cvv_state")): Object: 'Object Repository/RecAndPlayBk/Page-Vlink-AuthOnly/input_CVV state_cvv_state' is clicked on

2024-05-15 23:55:11 - [MESSAGE][PASSED] - Object: 'Object Repository/RecAndPlayBk/Page-Vlink-AuthOnly/input_CVV state_cvv_state' is clicked on

2024-05-15 23:55:11 - [TEST_STEP][PASSED] - setText(findTestObject("Object Repository/RecAndPlayBk/Page-Vlink-AuthOnly/input_Track Data_track_data"), ""): Text '' is set on object 'Object Repository/RecAndPlayBk/Page-Vlink-AuthOnly/input_Track Data_track_data'

2024-05-15 23:55:12 - [MESSAGE][PASSED] - Text '' is set on object 'Object Repository/RecAndPlayBk/Page-Vlink-AuthOnly/input_Track Data_track_data'

2024-05-15 23:55:12 - [TEST_STEP][PASSED] - setText(findTestObject("Object Repository/RecAndPlayBk/Page-Vlink-AuthOnly/input_concat(Cardholder, , s email)_email"), ""): Text '' is set on object 'Object Repository/RecAndPlayBk/Page-Vlink-AuthOnly/input_concat(Cardholder, , s email)_email'

2024-05-15 23:55:13 - [MESSAGE][PASSED] - Text '' is set on object 'Object Repository/RecAndPlayBk/Page-Vlink-AuthOnly/input_concat(Cardholder, , s email)_email'

2024-05-15 23:55:13 - [TEST_STEP][PASSED] - click(findTestObject("Object Repository/RecAndPlayBk/Page-Vlink-AuthOnly/input_user_defined10_user_defined10")): Object: 'Object Repository/RecAndPlayBk/Page-Vlink-AuthOnly/input_user_defined10_user_defined10' is clicked on

2024-05-15 23:55:13 - [MESSAGE][PASSED] - Object: 'Object Repository/RecAndPlayBk/Page-Vlink-AuthOnly/input_user_defined10_user_defined10' is clicked on

2024-05-15 23:55:13 - [TEST_STEP][PASSED] - if (executionProfile.equalsIgnoreCase("QAProfile")): null

2024-05-15 23:55:13 - [TEST_STEP][PASSED] - click(findTestObject("Object Repository/RecAndPlayBk/Page-Vlink-AuthOnly/input")): Object: 'Object Repository/RecAndPlayBk/Page-Vlink-AuthOnly/input' is clicked on

2024-05-15 23:55:14 - [MESSAGE][PASSED] - Object: 'Object Repository/RecAndPlayBk/Page-Vlink-AuthOnly/input' is clicked on

2024-05-15 23:55:14 - [TEST_STEP][PASSED] - if (verifyTextPresent("Transaction approved, no errors", true)): null

2024-05-15 23:55:15 - [MESSAGE][PASSED] - Text 'Transaction approved, no errors' is present on page  using regular expression

2024-05-15 23:55:15 - [TEST_STEP][PASSED] - out.println("Auth was successful, Capture now"): null

2024-05-15 23:55:15 - [TEST_STEP][PASSED] - sdfo = getText(findTestObject("Object Repository/Page_VLinkReceipt/pre_STX")): Text of object 'Object Repository/Page_VLinkReceipt/pre_STX' is: '<STX>UFcZ9kPSI4P5                  12151681            0  Transaction approved, no errors                   0                                                                                    015855   <ETX>'

2024-05-15 23:55:15 - [MESSAGE][PASSED] - Text of object 'Object Repository/Page_VLinkReceipt/pre_STX' is: '<STX>UFcZ9kPSI4P5                  12151681            0  Transaction approved, no errors                   0                                                                                    015855   <ETX>'

2024-05-15 23:55:15 - [TEST_STEP][PASSED] - out.println("sdfo: " + sdfo): null

2024-05-15 23:55:15 - [TEST_STEP][PASSED] - remID = substring(5, 35).trim(): null

2024-05-15 23:55:15 - [TEST_STEP][PASSED] - out.println("remID: " + remID): null

2024-05-15 23:55:15 - [TEST_STEP][PASSED] - traxID = substring(35, 55).trim(): null

2024-05-15 23:55:15 - [TEST_STEP][PASSED] - out.println("traxID: " + traxID): null

2024-05-15 23:55:15 - [TEST_STEP][PASSED] - VLinkSaleRemID = remID: null

2024-05-15 23:55:15 - [TEST_STEP][PASSED] - VLinkSaleTranxID = traxID: null

2024-05-15 23:55:15 - [TEST_STEP][PASSED] - openBrowser(VLinkURL + "capture.html"): Browser is opened with url: 'https://dev-algorithm.govolution.com/vlinktest/QA2/version_2_0/capture.html'

2024-05-15 23:55:15 - [MESSAGE][WARNING] - A browser is already opened. Closing browser and opening a new one

2024-05-15 23:55:16 - [MESSAGE][INFO] - Starting 'Chrome' driver

2024-05-15 23:55:16 - [MESSAGE][INFO] - User set preference: ['acceptInsecureCerts', 'true']

2024-05-15 23:55:16 - [MESSAGE][INFO] - Action delay is set to 0 milliseconds

2024-05-15 23:55:18 - [MESSAGE][PASSED] - Browser is opened with url: 'https://dev-algorithm.govolution.com/vlinktest/QA2/version_2_0/capture.html'

2024-05-15 23:55:18 - [TEST_STEP][PASSED] - maximizeWindow(): Current window maximized

2024-05-15 23:55:19 - [MESSAGE][PASSED] - Current window maximized

2024-05-15 23:55:19 - [TEST_STEP][PASSED] - setText(findTestObject("Object Repository/RecAndPlayBk/Page-VLink-Capture/input_Remittance Id_remittance_id"), VLinkSaleRemID): Text 'UFcZ9kPSI4P5' is set on object 'Object Repository/RecAndPlayBk/Page-VLink-Capture/input_Remittance Id_remittance_id'

2024-05-15 23:55:19 - [MESSAGE][PASSED] - Text 'UFcZ9kPSI4P5' is set on object 'Object Repository/RecAndPlayBk/Page-VLink-Capture/input_Remittance Id_remittance_id'

2024-05-15 23:55:19 - [TEST_STEP][PASSED] - setText(findTestObject("Object Repository/RecAndPlayBk/Page-VLink-Capture/input_Application Id_application_id"), appID): Text '581' is set on object 'Object Repository/RecAndPlayBk/Page-VLink-Capture/input_Application Id_application_id'

2024-05-15 23:55:20 - [MESSAGE][PASSED] - Text '581' is set on object 'Object Repository/RecAndPlayBk/Page-VLink-Capture/input_Application Id_application_id'

2024-05-15 23:55:20 - [TEST_STEP][PASSED] - setText(findTestObject("Object Repository/RecAndPlayBk/Page-VLink-Capture/input_Username_username"), username): Text 'usr581' is set on object 'Object Repository/RecAndPlayBk/Page-VLink-Capture/input_Username_username'

2024-05-15 23:55:21 - [MESSAGE][PASSED] - Text 'usr581' is set on object 'Object Repository/RecAndPlayBk/Page-VLink-Capture/input_Username_username'

2024-05-15 23:55:21 - [TEST_STEP][PASSED] - setText(findTestObject("Object Repository/RecAndPlayBk/Page-VLink-Capture/input_Password_password"), password): Text 'pwd581' is set on object 'Object Repository/RecAndPlayBk/Page-VLink-Capture/input_Password_password'

2024-05-15 23:55:22 - [MESSAGE][PASSED] - Text 'pwd581' is set on object 'Object Repository/RecAndPlayBk/Page-VLink-Capture/input_Password_password'

2024-05-15 23:55:22 - [TEST_STEP][PASSED] - setText(findTestObject("Object Repository/RecAndPlayBk/Page-VLink-Capture/input_Transaction ID_transaction_id"), VLinkSaleTranxID): Text '12151681' is set on object 'Object Repository/RecAndPlayBk/Page-VLink-Capture/input_Transaction ID_transaction_id'

2024-05-15 23:55:22 - [MESSAGE][PASSED] - Text '12151681' is set on object 'Object Repository/RecAndPlayBk/Page-VLink-Capture/input_Transaction ID_transaction_id'

2024-05-15 23:55:22 - [TEST_STEP][PASSED] - setText(findTestObject("Object Repository/RecAndPlayBk/Page-VLink-Capture/input_Amount_amount"), amount): Text '10.5' is set on object 'Object Repository/RecAndPlayBk/Page-VLink-Capture/input_Amount_amount'

2024-05-15 23:55:23 - [MESSAGE][PASSED] - Text '10.5' is set on object 'Object Repository/RecAndPlayBk/Page-VLink-Capture/input_Amount_amount'

2024-05-15 23:55:23 - [TEST_STEP][PASSED] - click(findTestObject("Object Repository/RecAndPlayBk/Page-VLink-Capture/input")): Object: 'Object Repository/RecAndPlayBk/Page-VLink-Capture/input' is clicked on

2024-05-15 23:55:24 - [MESSAGE][PASSED] - Object: 'Object Repository/RecAndPlayBk/Page-VLink-Capture/input' is clicked on

2024-05-15 23:55:24 - [TEST_STEP][PASSED] - if (verifyTextPresent("Transaction approved, no errors", true)): null

2024-05-15 23:55:25 - [MESSAGE][PASSED] - Text 'Transaction approved, no errors' is present on page  using regular expression

2024-05-15 23:55:25 - [TEST_STEP][PASSED] - sdfo = getText(findTestObject("Object Repository/Page_VLinkReceipt/pre_STX")): Text of object 'Object Repository/Page_VLinkReceipt/pre_STX' is: '<STX>UFcZ9kPSI4P5                  12151682            0  Transaction approved, no errors                   0                                                                                    015856   <ETX>'

2024-05-15 23:55:25 - [MESSAGE][PASSED] - Text of object 'Object Repository/Page_VLinkReceipt/pre_STX' is: '<STX>UFcZ9kPSI4P5                  12151682            0  Transaction approved, no errors                   0                                                                                    015856   <ETX>'

2024-05-15 23:55:25 - [TEST_STEP][PASSED] - out.println("sdfo: " + sdfo): null

2024-05-15 23:55:25 - [TEST_STEP][PASSED] - remID = substring(5, 35).trim(): null

2024-05-15 23:55:25 - [TEST_STEP][PASSED] - out.println("remID: " + remID): null

2024-05-15 23:55:25 - [TEST_STEP][PASSED] - traxID = substring(35, 55).trim(): null

2024-05-15 23:55:25 - [TEST_STEP][PASSED] - out.println("traxID: " + traxID): null

2024-05-15 23:55:25 - [TEST_STEP][PASSED] - VLinkSaleRemID = remID: null

2024-05-15 23:55:25 - [TEST_STEP][PASSED] - VLinkSaleTranxID = traxID: null

2024-05-15 23:55:25 - [TEST_STEP][PASSED] - openBrowser(VLinkURL + "CC_credit.html"): Browser is opened with url: 'https://dev-algorithm.govolution.com/vlinktest/QA2/version_2_0/CC_credit.html'

2024-05-15 23:55:25 - [MESSAGE][WARNING] - A browser is already opened. Closing browser and opening a new one

2024-05-15 23:55:26 - [MESSAGE][INFO] - Starting 'Chrome' driver

2024-05-15 23:55:26 - [MESSAGE][INFO] - User set preference: ['acceptInsecureCerts', 'true']

2024-05-15 23:55:26 - [MESSAGE][INFO] - Action delay is set to 0 milliseconds

2024-05-15 23:55:28 - [MESSAGE][PASSED] - Browser is opened with url: 'https://dev-algorithm.govolution.com/vlinktest/QA2/version_2_0/CC_credit.html'

2024-05-15 23:55:28 - [TEST_STEP][PASSED] - maximizeWindow(): Current window maximized

2024-05-15 23:55:28 - [MESSAGE][PASSED] - Current window maximized

2024-05-15 23:55:28 - [TEST_STEP][PASSED] - setText(findTestObject("Object Repository/RecAndPlayBk/Page-Vlink-CC-Credit/input_Remittance Id"), VLinkSaleRemID): Text 'UFcZ9kPSI4P5' is set on object 'Object Repository/RecAndPlayBk/Page-Vlink-CC-Credit/input_Remittance Id'

2024-05-15 23:55:29 - [MESSAGE][PASSED] - Text 'UFcZ9kPSI4P5' is set on object 'Object Repository/RecAndPlayBk/Page-Vlink-CC-Credit/input_Remittance Id'

2024-05-15 23:55:29 - [TEST_STEP][PASSED] - setText(findTestObject("Object Repository/RecAndPlayBk/Page-Vlink-CC-Credit/input_Application Id"), appID): Text '581' is set on object 'Object Repository/RecAndPlayBk/Page-Vlink-CC-Credit/input_Application Id'

2024-05-15 23:55:30 - [MESSAGE][PASSED] - Text '581' is set on object 'Object Repository/RecAndPlayBk/Page-Vlink-CC-Credit/input_Application Id'

2024-05-15 23:55:30 - [TEST_STEP][PASSED] - setText(findTestObject("Object Repository/RecAndPlayBk/Page-Vlink-CC-Credit/input_Username"), username): Text 'usr581' is set on object 'Object Repository/RecAndPlayBk/Page-Vlink-CC-Credit/input_Username'

2024-05-15 23:55:30 - [MESSAGE][PASSED] - Text 'usr581' is set on object 'Object Repository/RecAndPlayBk/Page-Vlink-CC-Credit/input_Username'

2024-05-15 23:55:30 - [TEST_STEP][PASSED] - setText(findTestObject("Object Repository/RecAndPlayBk/Page-Vlink-CC-Credit/input_Password"), password): Text 'pwd581' is set on object 'Object Repository/RecAndPlayBk/Page-Vlink-CC-Credit/input_Password'

2024-05-15 23:55:31 - [MESSAGE][PASSED] - Text 'pwd581' is set on object 'Object Repository/RecAndPlayBk/Page-Vlink-CC-Credit/input_Password'

2024-05-15 23:55:31 - [TEST_STEP][PASSED] - setText(findTestObject("Object Repository/RecAndPlayBk/Page-Vlink-CC-Credit/input_Transaction ID"), VLinkSaleTranxID): Text '12151682' is set on object 'Object Repository/RecAndPlayBk/Page-Vlink-CC-Credit/input_Transaction ID'

2024-05-15 23:55:32 - [MESSAGE][PASSED] - Text '12151682' is set on object 'Object Repository/RecAndPlayBk/Page-Vlink-CC-Credit/input_Transaction ID'

2024-05-15 23:55:32 - [TEST_STEP][PASSED] - setText(findTestObject("Object Repository/RecAndPlayBk/Page-Vlink-CC-Credit/input_Amount"), amount): Text '10.5' is set on object 'Object Repository/RecAndPlayBk/Page-Vlink-CC-Credit/input_Amount'

2024-05-15 23:55:32 - [MESSAGE][PASSED] - Text '10.5' is set on object 'Object Repository/RecAndPlayBk/Page-Vlink-CC-Credit/input_Amount'

2024-05-15 23:55:32 - [TEST_STEP][PASSED] - setText(findTestObject("Object Repository/RecAndPlayBk/Page-Vlink-CC-Credit/input_Card number"), ""): Text '' is set on object 'Object Repository/RecAndPlayBk/Page-Vlink-CC-Credit/input_Card number'

2024-05-15 23:55:33 - [MESSAGE][PASSED] - Text '' is set on object 'Object Repository/RecAndPlayBk/Page-Vlink-CC-Credit/input_Card number'

2024-05-15 23:55:33 - [TEST_STEP][PASSED] - setText(findTestObject("Object Repository/RecAndPlayBk/Page-Vlink-CC-Credit/input_Card ex month"), ""): Text '' is set on object 'Object Repository/RecAndPlayBk/Page-Vlink-CC-Credit/input_Card ex month'

2024-05-15 23:55:34 - [MESSAGE][PASSED] - Text '' is set on object 'Object Repository/RecAndPlayBk/Page-Vlink-CC-Credit/input_Card ex month'

2024-05-15 23:55:34 - [TEST_STEP][PASSED] - setText(findTestObject("Object Repository/RecAndPlayBk/Page-Vlink-CC-Credit/input_Card ex year"), ""): Text '' is set on object 'Object Repository/RecAndPlayBk/Page-Vlink-CC-Credit/input_Card ex year'

2024-05-15 23:55:34 - [MESSAGE][PASSED] - Text '' is set on object 'Object Repository/RecAndPlayBk/Page-Vlink-CC-Credit/input_Card ex year'

2024-05-15 23:55:34 - [TEST_STEP][PASSED] - setText(findTestObject("Object Repository/RecAndPlayBk/Page-Vlink-CC-Credit/input_Track Data"), ""): Text '' is set on object 'Object Repository/RecAndPlayBk/Page-Vlink-CC-Credit/input_Track Data'

2024-05-15 23:55:35 - [MESSAGE][PASSED] - Text '' is set on object 'Object Repository/RecAndPlayBk/Page-Vlink-CC-Credit/input_Track Data'

2024-05-15 23:55:35 - [TEST_STEP][PASSED] - setText(findTestObject("Object Repository/RecAndPlayBk/Page-Vlink-CC-Credit/input_Category Code"), category): Text 'ECOM' is set on object 'Object Repository/RecAndPlayBk/Page-Vlink-CC-Credit/input_Category Code'

2024-05-15 23:55:35 - [MESSAGE][PASSED] - Text 'ECOM' is set on object 'Object Repository/RecAndPlayBk/Page-Vlink-CC-Credit/input_Category Code'

2024-05-15 23:55:35 - [TEST_STEP][PASSED] - click(findTestObject("Object Repository/RecAndPlayBk/Page-Vlink-CC-Credit/input")): Object: 'Object Repository/RecAndPlayBk/Page-Vlink-CC-Credit/input' is clicked on

2024-05-15 23:55:37 - [MESSAGE][PASSED] - Object: 'Object Repository/RecAndPlayBk/Page-Vlink-CC-Credit/input' is clicked on

2024-05-15 23:55:37 - [TEST_STEP][PASSED] - if (verifyTextPresent("Transaction approved, no errors", true)): null

2024-05-15 23:55:37 - [MESSAGE][PASSED] - Text 'Transaction approved, no errors' is present on page  using regular expression

2024-05-15 23:55:37 - [TEST_STEP][PASSED] - println("Transaction Approved, no errors text is present on the Confirmation page"): null

2024-05-15 23:55:37 - [TEST_STEP][PASSED] - out.println("Pass Record Number: " + row): null

2024-05-15 23:55:37 - [TEST_STEP][PASSED] - resText = "Pass": null

2024-05-15 23:55:37 - [TEST_STEP][PASSED] - pages.WriteExcel.demoKey(resText, datText, resColumn, datCloumn, fileLoc, nameSheet, row): pages.WriteExcel.demoKey is PASSED

2024-05-15 23:55:37 - [MESSAGE][PASSED] - pages.WriteExcel.demoKey is PASSED]]></system-out>
         <system-err><![CDATA[]]></system-err>
      </testcase>
      <testcase name="Test Cases/RecAndPlayBk/VLink/Sale-Encrypted" time="44.48" classname="Test Cases/RecAndPlayBk/VLink/Sale-Encrypted" status="PASSED">
         <system-out><![CDATA[2024-05-15 23:55:37 - [TEST_CASE][PASSED] - Test Cases/RecAndPlayBk/VLink/Sale-Encrypted: Test Cases/RecAndPlayBk/VLink/Sale-Encrypted

2024-05-15 23:55:38 - [TEST_STEP][PASSED] - executionProfile = getExecutionProfile(): null

2024-05-15 23:55:38 - [TEST_STEP][PASSED] - out.println("executionProfile : " + executionProfile): null

2024-05-15 23:55:38 - [TEST_STEP][PASSED] - appName = <not implemented yet for class: org.codehaus.groovy.ast.expr.EmptyExpression>: null

2024-05-15 23:55:38 - [TEST_STEP][PASSED] - appID = <not implemented yet for class: org.codehaus.groovy.ast.expr.EmptyExpression>: null

2024-05-15 23:55:38 - [TEST_STEP][PASSED] - username = <not implemented yet for class: org.codehaus.groovy.ast.expr.EmptyExpression>: null

2024-05-15 23:55:38 - [TEST_STEP][PASSED] - password = <not implemented yet for class: org.codehaus.groovy.ast.expr.EmptyExpression>: null

2024-05-15 23:55:38 - [TEST_STEP][PASSED] - cardNameV = <not implemented yet for class: org.codehaus.groovy.ast.expr.EmptyExpression>: null

2024-05-15 23:55:38 - [TEST_STEP][PASSED] - al1V = <not implemented yet for class: org.codehaus.groovy.ast.expr.EmptyExpression>: null

2024-05-15 23:55:38 - [TEST_STEP][PASSED] - al2V = <not implemented yet for class: org.codehaus.groovy.ast.expr.EmptyExpression>: null

2024-05-15 23:55:38 - [TEST_STEP][PASSED] - zipV = <not implemented yet for class: org.codehaus.groovy.ast.expr.EmptyExpression>: null

2024-05-15 23:55:38 - [TEST_STEP][PASSED] - cardTypeV = <not implemented yet for class: org.codehaus.groovy.ast.expr.EmptyExpression>: null

2024-05-15 23:55:38 - [TEST_STEP][PASSED] - last4V = <not implemented yet for class: org.codehaus.groovy.ast.expr.EmptyExpression>: null

2024-05-15 23:55:38 - [TEST_STEP][PASSED] - trackData = <not implemented yet for class: org.codehaus.groovy.ast.expr.EmptyExpression>: null

2024-05-15 23:55:38 - [TEST_STEP][PASSED] - slot = <not implemented yet for class: org.codehaus.groovy.ast.expr.EmptyExpression>: null

2024-05-15 23:55:38 - [TEST_STEP][PASSED] - ksn = <not implemented yet for class: org.codehaus.groovy.ast.expr.EmptyExpression>: null

2024-05-15 23:55:38 - [TEST_STEP][PASSED] - resText = "Fail": null

2024-05-15 23:55:38 - [TEST_STEP][PASSED] - resColumn = "Result": null

2024-05-15 23:55:38 - [TEST_STEP][PASSED] - datCloumn = "Date": null

2024-05-15 23:55:38 - [TEST_STEP][PASSED] - fileLoc = "KatalonData/VLinkSmokeData.xlsx": null

2024-05-15 23:55:38 - [TEST_STEP][PASSED] - numOfRows = <not implemented yet for class: org.codehaus.groovy.ast.expr.EmptyExpression>: null

2024-05-15 23:55:38 - [TEST_STEP][PASSED] - dataFile = <not implemented yet for class: org.codehaus.groovy.ast.expr.EmptyExpression>: null

2024-05-15 23:55:38 - [TEST_STEP][PASSED] - nameSheet = <not implemented yet for class: org.codehaus.groovy.ast.expr.EmptyExpression>: null

2024-05-15 23:55:38 - [TEST_STEP][PASSED] - nameSheet = "Sale-Encrypted": null

2024-05-15 23:55:38 - [TEST_STEP][PASSED] - numOfRows = findTestData("QA/VLinkTestData/VLinkSaleEncryptedData").getRowNumbers(): null

2024-05-15 23:55:38 - [TEST_STEP][PASSED] - println("Number of Records: " + numOfRows): null

2024-05-15 23:55:38 - [TEST_STEP][PASSED] - dataFile = "QA/VLinkTestData/VLinkSaleEncryptedData": null

2024-05-15 23:55:38 - [TEST_STEP][PASSED] - for ([row = 1, row <= numOfRows, (row++)]): null

2024-05-15 23:55:38 - [TEST_STEP][PASSED] - ExecuteTC = findTestData(dataFile).getValue("Execute", row): null

2024-05-15 23:55:38 - [TEST_STEP][PASSED] - out.println("Value of Execute is : " + ExecuteTC): null

2024-05-15 23:55:38 - [TEST_STEP][PASSED] - switch (executionProfile): null

2024-05-15 23:55:38 - [TEST_STEP][PASSED] - case "QA2Profile":: null

2024-05-15 23:55:38 - [TEST_STEP][PASSED] - appID = findTestData(dataFile).getValue("AppIDQA", row): null

2024-05-15 23:55:38 - [TEST_STEP][PASSED] - username = findTestData(dataFile).getValue("UsernameQA", row): null

2024-05-15 23:55:38 - [TEST_STEP][PASSED] - password = findTestData(dataFile).getValue("PasswordQA", row): null

2024-05-15 23:55:39 - [TEST_STEP][PASSED] - break: null

2024-05-15 23:55:39 - [TEST_STEP][PASSED] - if (ExecuteTC.equalsIgnoreCase("Y")): null

2024-05-15 23:55:39 - [TEST_STEP][PASSED] - out.println("Begin Record Number: " + row): null

2024-05-15 23:55:39 - [TEST_STEP][PASSED] - today = new java.util.Date(): null

2024-05-15 23:55:39 - [TEST_STEP][PASSED] - println(today): null

2024-05-15 23:55:39 - [TEST_STEP][PASSED] - datText = today: null

2024-05-15 23:55:39 - [TEST_STEP][PASSED] - category = findTestData(dataFile).getValue("Category", row): null

2024-05-15 23:55:39 - [TEST_STEP][PASSED] - amount = findTestData(dataFile).getValue("Amount", row): null

2024-05-15 23:55:39 - [TEST_STEP][PASSED] - trackData = findTestData(dataFile).getValue("TrackData", row): null

2024-05-15 23:55:39 - [TEST_STEP][PASSED] - slot = findTestData(dataFile).getValue("SlotNumber", row): null

2024-05-15 23:55:39 - [TEST_STEP][PASSED] - ksn = findTestData(dataFile).getValue("KSN", row): null

2024-05-15 23:55:39 - [TEST_STEP][PASSED] - openBrowser(VLinkURL + "vlinkEncryptedSwipe.html"): Browser is opened with url: 'https://dev-algorithm.govolution.com/vlinktest/QA2/version_2_0/vlinkEncryptedSwipe.html'

2024-05-15 23:55:39 - [MESSAGE][WARNING] - A browser is already opened. Closing browser and opening a new one

2024-05-15 23:55:41 - [MESSAGE][INFO] - Starting 'Chrome' driver

2024-05-15 23:55:41 - [MESSAGE][INFO] - User set preference: ['acceptInsecureCerts', 'true']

2024-05-15 23:55:41 - [MESSAGE][INFO] - Action delay is set to 0 milliseconds

2024-05-15 23:55:43 - [MESSAGE][PASSED] - Browser is opened with url: 'https://dev-algorithm.govolution.com/vlinktest/QA2/version_2_0/vlinkEncryptedSwipe.html'

2024-05-15 23:55:43 - [TEST_STEP][PASSED] - maximizeWindow(): Current window maximized

2024-05-15 23:55:43 - [MESSAGE][PASSED] - Current window maximized

2024-05-15 23:55:43 - [TEST_STEP][PASSED] - setText(findTestObject("Object Repository/RecAndPlayBk/Page-Vlink-Encrypted/txt_TransactionType"), "104"): Text '104' is set on object 'Object Repository/RecAndPlayBk/Page-Vlink-Encrypted/txt_TransactionType'

2024-05-15 23:55:44 - [MESSAGE][PASSED] - Text '104' is set on object 'Object Repository/RecAndPlayBk/Page-Vlink-Encrypted/txt_TransactionType'

2024-05-15 23:55:44 - [TEST_STEP][PASSED] - click(findTestObject("Object Repository/RecAndPlayBk/Page-Vlink-Encrypted/btn_GenerateRemID")): Object: 'Object Repository/RecAndPlayBk/Page-Vlink-Encrypted/btn_GenerateRemID' is clicked on

2024-05-15 23:55:44 - [MESSAGE][PASSED] - Object: 'Object Repository/RecAndPlayBk/Page-Vlink-Encrypted/btn_GenerateRemID' is clicked on

2024-05-15 23:55:44 - [TEST_STEP][PASSED] - setText(findTestObject("Object Repository/RecAndPlayBk/Page-Vlink-Encrypted/txt_AppID"), appID): Text '234' is set on object 'Object Repository/RecAndPlayBk/Page-Vlink-Encrypted/txt_AppID'

2024-05-15 23:55:45 - [MESSAGE][PASSED] - Text '234' is set on object 'Object Repository/RecAndPlayBk/Page-Vlink-Encrypted/txt_AppID'

2024-05-15 23:55:45 - [TEST_STEP][PASSED] - setText(findTestObject("Object Repository/RecAndPlayBk/Page-Vlink-Encrypted/txt_Username"), username): Text 'username' is set on object 'Object Repository/RecAndPlayBk/Page-Vlink-Encrypted/txt_Username'

2024-05-15 23:55:46 - [MESSAGE][PASSED] - Text 'username' is set on object 'Object Repository/RecAndPlayBk/Page-Vlink-Encrypted/txt_Username'

2024-05-15 23:55:46 - [TEST_STEP][PASSED] - setText(findTestObject("Object Repository/RecAndPlayBk/Page-Vlink-Encrypted/txt_Password"), password): Text 'password' is set on object 'Object Repository/RecAndPlayBk/Page-Vlink-Encrypted/txt_Password'

2024-05-15 23:55:46 - [MESSAGE][PASSED] - Text 'password' is set on object 'Object Repository/RecAndPlayBk/Page-Vlink-Encrypted/txt_Password'

2024-05-15 23:55:46 - [TEST_STEP][PASSED] - setText(findTestObject("Object Repository/RecAndPlayBk/Page-Vlink-Encrypted/txt_Category"), category): Text 'RETL' is set on object 'Object Repository/RecAndPlayBk/Page-Vlink-Encrypted/txt_Category'

2024-05-15 23:55:47 - [MESSAGE][PASSED] - Text 'RETL' is set on object 'Object Repository/RecAndPlayBk/Page-Vlink-Encrypted/txt_Category'

2024-05-15 23:55:47 - [TEST_STEP][PASSED] - setText(findTestObject("Object Repository/RecAndPlayBk/Page-Vlink-Encrypted/txt_Amount"), amount): Text '10.5' is set on object 'Object Repository/RecAndPlayBk/Page-Vlink-Encrypted/txt_Amount'

2024-05-15 23:55:48 - [MESSAGE][PASSED] - Text '10.5' is set on object 'Object Repository/RecAndPlayBk/Page-Vlink-Encrypted/txt_Amount'

2024-05-15 23:55:48 - [TEST_STEP][PASSED] - setText(findTestObject("Object Repository/RecAndPlayBk/Page-Vlink-Encrypted/txt_Email"), ""): Text '' is set on object 'Object Repository/RecAndPlayBk/Page-Vlink-Encrypted/txt_Email'

2024-05-15 23:55:48 - [MESSAGE][PASSED] - Text '' is set on object 'Object Repository/RecAndPlayBk/Page-Vlink-Encrypted/txt_Email'

2024-05-15 23:55:48 - [TEST_STEP][PASSED] - setText(findTestObject("Object Repository/RecAndPlayBk/Page-Vlink-Encrypted/txt_EncTrack1Data"), trackData): Text '8BF482856A5A01C17C69392DCE283CDC0D64733AEBE806151EA697F4091A17B82A0D851B67CF345D' is set on object 'Object Repository/RecAndPlayBk/Page-Vlink-Encrypted/txt_EncTrack1Data'

2024-05-15 23:55:49 - [MESSAGE][PASSED] - Text '8BF482856A5A01C17C69392DCE283CDC0D64733AEBE806151EA697F4091A17B82A0D851B67CF345D' is set on object 'Object Repository/RecAndPlayBk/Page-Vlink-Encrypted/txt_EncTrack1Data'

2024-05-15 23:55:49 - [TEST_STEP][PASSED] - setText(findTestObject("Object Repository/RecAndPlayBk/Page-Vlink-Encrypted/txt_SlotNumber"), slot): Text '1' is set on object 'Object Repository/RecAndPlayBk/Page-Vlink-Encrypted/txt_SlotNumber'

2024-05-15 23:55:50 - [MESSAGE][PASSED] - Text '1' is set on object 'Object Repository/RecAndPlayBk/Page-Vlink-Encrypted/txt_SlotNumber'

2024-05-15 23:55:50 - [TEST_STEP][PASSED] - setText(findTestObject("Object Repository/RecAndPlayBk/Page-Vlink-Encrypted/txt_KSN"), ksn): Text 'FFFF7381390003600107' is set on object 'Object Repository/RecAndPlayBk/Page-Vlink-Encrypted/txt_KSN'

2024-05-15 23:55:50 - [MESSAGE][PASSED] - Text 'FFFF7381390003600107' is set on object 'Object Repository/RecAndPlayBk/Page-Vlink-Encrypted/txt_KSN'

2024-05-15 23:55:50 - [TEST_STEP][PASSED] - click(findTestObject("Object Repository/RecAndPlayBk/Page-Vlink-Encrypted/btn_ProcessVLinkTran")): Object: 'Object Repository/RecAndPlayBk/Page-Vlink-Encrypted/btn_ProcessVLinkTran' is clicked on

2024-05-15 23:55:51 - [MESSAGE][PASSED] - Object: 'Object Repository/RecAndPlayBk/Page-Vlink-Encrypted/btn_ProcessVLinkTran' is clicked on

2024-05-15 23:55:51 - [TEST_STEP][PASSED] - if (verifyTextPresent("Transaction approved, no errors", true)): null

2024-05-15 23:55:52 - [MESSAGE][PASSED] - Text 'Transaction approved, no errors' is present on page  using regular expression

2024-05-15 23:55:52 - [TEST_STEP][PASSED] - println("Transaction Approved, no errors text is present on the Confirmation page"): null

2024-05-15 23:55:52 - [TEST_STEP][PASSED] - out.println("Pass Record Number: " + row): null

2024-05-15 23:55:52 - [TEST_STEP][PASSED] - resText = "Pass": null

2024-05-15 23:55:52 - [TEST_STEP][PASSED] - pages.WriteExcel.demoKey(resText, datText, resColumn, datCloumn, fileLoc, nameSheet, row): pages.WriteExcel.demoKey is PASSED

2024-05-15 23:55:52 - [MESSAGE][PASSED] - pages.WriteExcel.demoKey is PASSED

2024-05-15 23:55:52 - [TEST_STEP][PASSED] - ExecuteTC = findTestData(dataFile).getValue("Execute", row): null

2024-05-15 23:55:52 - [TEST_STEP][PASSED] - out.println("Value of Execute is : " + ExecuteTC): null

2024-05-15 23:55:52 - [TEST_STEP][PASSED] - switch (executionProfile): null

2024-05-15 23:55:52 - [TEST_STEP][PASSED] - case "QA2Profile":: null

2024-05-15 23:55:52 - [TEST_STEP][PASSED] - appID = findTestData(dataFile).getValue("AppIDQA", row): null

2024-05-15 23:55:52 - [TEST_STEP][PASSED] - username = findTestData(dataFile).getValue("UsernameQA", row): null

2024-05-15 23:55:52 - [TEST_STEP][PASSED] - password = findTestData(dataFile).getValue("PasswordQA", row): null

2024-05-15 23:55:52 - [TEST_STEP][PASSED] - break: null

2024-05-15 23:55:52 - [TEST_STEP][PASSED] - if (ExecuteTC.equalsIgnoreCase("Y")): null

2024-05-15 23:55:52 - [TEST_STEP][PASSED] - out.println("Begin Record Number: " + row): null

2024-05-15 23:55:52 - [TEST_STEP][PASSED] - today = new java.util.Date(): null

2024-05-15 23:55:52 - [TEST_STEP][PASSED] - println(today): null

2024-05-15 23:55:52 - [TEST_STEP][PASSED] - datText = today: null

2024-05-15 23:55:52 - [TEST_STEP][PASSED] - category = findTestData(dataFile).getValue("Category", row): null

2024-05-15 23:55:53 - [TEST_STEP][PASSED] - amount = findTestData(dataFile).getValue("Amount", row): null

2024-05-15 23:55:53 - [TEST_STEP][PASSED] - trackData = findTestData(dataFile).getValue("TrackData", row): null

2024-05-15 23:55:53 - [TEST_STEP][PASSED] - slot = findTestData(dataFile).getValue("SlotNumber", row): null

2024-05-15 23:55:53 - [TEST_STEP][PASSED] - ksn = findTestData(dataFile).getValue("KSN", row): null

2024-05-15 23:55:53 - [TEST_STEP][PASSED] - openBrowser(VLinkURL + "vlinkEncryptedSwipe.html"): Browser is opened with url: 'https://dev-algorithm.govolution.com/vlinktest/QA2/version_2_0/vlinkEncryptedSwipe.html'

2024-05-15 23:55:53 - [MESSAGE][WARNING] - A browser is already opened. Closing browser and opening a new one

2024-05-15 23:55:55 - [MESSAGE][INFO] - Starting 'Chrome' driver

2024-05-15 23:55:55 - [MESSAGE][INFO] - User set preference: ['acceptInsecureCerts', 'true']

2024-05-15 23:55:55 - [MESSAGE][INFO] - Action delay is set to 0 milliseconds

2024-05-15 23:55:57 - [MESSAGE][PASSED] - Browser is opened with url: 'https://dev-algorithm.govolution.com/vlinktest/QA2/version_2_0/vlinkEncryptedSwipe.html'

2024-05-15 23:55:57 - [TEST_STEP][PASSED] - maximizeWindow(): Current window maximized

2024-05-15 23:55:57 - [MESSAGE][PASSED] - Current window maximized

2024-05-15 23:55:57 - [TEST_STEP][PASSED] - setText(findTestObject("Object Repository/RecAndPlayBk/Page-Vlink-Encrypted/txt_TransactionType"), "104"): Text '104' is set on object 'Object Repository/RecAndPlayBk/Page-Vlink-Encrypted/txt_TransactionType'

2024-05-15 23:55:58 - [MESSAGE][PASSED] - Text '104' is set on object 'Object Repository/RecAndPlayBk/Page-Vlink-Encrypted/txt_TransactionType'

2024-05-15 23:55:58 - [TEST_STEP][PASSED] - click(findTestObject("Object Repository/RecAndPlayBk/Page-Vlink-Encrypted/btn_GenerateRemID")): Object: 'Object Repository/RecAndPlayBk/Page-Vlink-Encrypted/btn_GenerateRemID' is clicked on

2024-05-15 23:55:58 - [MESSAGE][PASSED] - Object: 'Object Repository/RecAndPlayBk/Page-Vlink-Encrypted/btn_GenerateRemID' is clicked on

2024-05-15 23:55:58 - [TEST_STEP][PASSED] - setText(findTestObject("Object Repository/RecAndPlayBk/Page-Vlink-Encrypted/txt_AppID"), appID): Text '87' is set on object 'Object Repository/RecAndPlayBk/Page-Vlink-Encrypted/txt_AppID'

2024-05-15 23:55:59 - [MESSAGE][PASSED] - Text '87' is set on object 'Object Repository/RecAndPlayBk/Page-Vlink-Encrypted/txt_AppID'

2024-05-15 23:55:59 - [TEST_STEP][PASSED] - setText(findTestObject("Object Repository/RecAndPlayBk/Page-Vlink-Encrypted/txt_Username"), username): Text 'username' is set on object 'Object Repository/RecAndPlayBk/Page-Vlink-Encrypted/txt_Username'

2024-05-15 23:56:00 - [MESSAGE][PASSED] - Text 'username' is set on object 'Object Repository/RecAndPlayBk/Page-Vlink-Encrypted/txt_Username'

2024-05-15 23:56:00 - [TEST_STEP][PASSED] - setText(findTestObject("Object Repository/RecAndPlayBk/Page-Vlink-Encrypted/txt_Password"), password): Text 'password' is set on object 'Object Repository/RecAndPlayBk/Page-Vlink-Encrypted/txt_Password'

2024-05-15 23:56:00 - [MESSAGE][PASSED] - Text 'password' is set on object 'Object Repository/RecAndPlayBk/Page-Vlink-Encrypted/txt_Password'

2024-05-15 23:56:00 - [TEST_STEP][PASSED] - setText(findTestObject("Object Repository/RecAndPlayBk/Page-Vlink-Encrypted/txt_Category"), category): Text 'RETL' is set on object 'Object Repository/RecAndPlayBk/Page-Vlink-Encrypted/txt_Category'

2024-05-15 23:56:01 - [MESSAGE][PASSED] - Text 'RETL' is set on object 'Object Repository/RecAndPlayBk/Page-Vlink-Encrypted/txt_Category'

2024-05-15 23:56:01 - [TEST_STEP][PASSED] - setText(findTestObject("Object Repository/RecAndPlayBk/Page-Vlink-Encrypted/txt_Amount"), amount): Text '10.5' is set on object 'Object Repository/RecAndPlayBk/Page-Vlink-Encrypted/txt_Amount'

2024-05-15 23:56:02 - [MESSAGE][PASSED] - Text '10.5' is set on object 'Object Repository/RecAndPlayBk/Page-Vlink-Encrypted/txt_Amount'

2024-05-15 23:56:02 - [TEST_STEP][PASSED] - setText(findTestObject("Object Repository/RecAndPlayBk/Page-Vlink-Encrypted/txt_Email"), ""): Text '' is set on object 'Object Repository/RecAndPlayBk/Page-Vlink-Encrypted/txt_Email'

2024-05-15 23:56:02 - [MESSAGE][PASSED] - Text '' is set on object 'Object Repository/RecAndPlayBk/Page-Vlink-Encrypted/txt_Email'

2024-05-15 23:56:02 - [TEST_STEP][PASSED] - setText(findTestObject("Object Repository/RecAndPlayBk/Page-Vlink-Encrypted/txt_EncTrack1Data"), trackData): Text '8BF482856A5A01C17C69392DCE283CDC0D64733AEBE806151EA697F4091A17B82A0D851B67CF345D' is set on object 'Object Repository/RecAndPlayBk/Page-Vlink-Encrypted/txt_EncTrack1Data'

2024-05-15 23:56:03 - [MESSAGE][PASSED] - Text '8BF482856A5A01C17C69392DCE283CDC0D64733AEBE806151EA697F4091A17B82A0D851B67CF345D' is set on object 'Object Repository/RecAndPlayBk/Page-Vlink-Encrypted/txt_EncTrack1Data'

2024-05-15 23:56:03 - [TEST_STEP][PASSED] - setText(findTestObject("Object Repository/RecAndPlayBk/Page-Vlink-Encrypted/txt_SlotNumber"), slot): Text '1' is set on object 'Object Repository/RecAndPlayBk/Page-Vlink-Encrypted/txt_SlotNumber'

2024-05-15 23:56:04 - [MESSAGE][PASSED] - Text '1' is set on object 'Object Repository/RecAndPlayBk/Page-Vlink-Encrypted/txt_SlotNumber'

2024-05-15 23:56:04 - [TEST_STEP][PASSED] - setText(findTestObject("Object Repository/RecAndPlayBk/Page-Vlink-Encrypted/txt_KSN"), ksn): Text 'FFFF7381390003600107' is set on object 'Object Repository/RecAndPlayBk/Page-Vlink-Encrypted/txt_KSN'

2024-05-15 23:56:04 - [MESSAGE][PASSED] - Text 'FFFF7381390003600107' is set on object 'Object Repository/RecAndPlayBk/Page-Vlink-Encrypted/txt_KSN'

2024-05-15 23:56:04 - [TEST_STEP][PASSED] - click(findTestObject("Object Repository/RecAndPlayBk/Page-Vlink-Encrypted/btn_ProcessVLinkTran")): Object: 'Object Repository/RecAndPlayBk/Page-Vlink-Encrypted/btn_ProcessVLinkTran' is clicked on

2024-05-15 23:56:08 - [MESSAGE][PASSED] - Object: 'Object Repository/RecAndPlayBk/Page-Vlink-Encrypted/btn_ProcessVLinkTran' is clicked on

2024-05-15 23:56:08 - [TEST_STEP][PASSED] - if (verifyTextPresent("Transaction approved, no errors", true)): null

2024-05-15 23:56:08 - [MESSAGE][PASSED] - Text 'Transaction approved, no errors' is present on page  using regular expression

2024-05-15 23:56:08 - [TEST_STEP][PASSED] - println("Transaction Approved, no errors text is present on the Confirmation page"): null

2024-05-15 23:56:08 - [TEST_STEP][PASSED] - out.println("Pass Record Number: " + row): null

2024-05-15 23:56:08 - [TEST_STEP][PASSED] - resText = "Pass": null

2024-05-15 23:56:08 - [TEST_STEP][PASSED] - pages.WriteExcel.demoKey(resText, datText, resColumn, datCloumn, fileLoc, nameSheet, row): pages.WriteExcel.demoKey is PASSED

2024-05-15 23:56:08 - [MESSAGE][PASSED] - pages.WriteExcel.demoKey is PASSED

2024-05-15 23:56:08 - [TEST_STEP][PASSED] - ExecuteTC = findTestData(dataFile).getValue("Execute", row): null

2024-05-15 23:56:08 - [TEST_STEP][PASSED] - out.println("Value of Execute is : " + ExecuteTC): null

2024-05-15 23:56:08 - [TEST_STEP][PASSED] - switch (executionProfile): null

2024-05-15 23:56:08 - [TEST_STEP][PASSED] - case "QA2Profile":: null

2024-05-15 23:56:08 - [TEST_STEP][PASSED] - appID = findTestData(dataFile).getValue("AppIDQA", row): null

2024-05-15 23:56:08 - [TEST_STEP][PASSED] - username = findTestData(dataFile).getValue("UsernameQA", row): null

2024-05-15 23:56:09 - [TEST_STEP][PASSED] - password = findTestData(dataFile).getValue("PasswordQA", row): null

2024-05-15 23:56:09 - [TEST_STEP][PASSED] - break: null

2024-05-15 23:56:09 - [TEST_STEP][PASSED] - if (ExecuteTC.equalsIgnoreCase("Y")): null

2024-05-15 23:56:09 - [TEST_STEP][PASSED] - out.println("Begin Record Number: " + row): null

2024-05-15 23:56:09 - [TEST_STEP][PASSED] - today = new java.util.Date(): null

2024-05-15 23:56:09 - [TEST_STEP][PASSED] - println(today): null

2024-05-15 23:56:09 - [TEST_STEP][PASSED] - datText = today: null

2024-05-15 23:56:09 - [TEST_STEP][PASSED] - category = findTestData(dataFile).getValue("Category", row): null

2024-05-15 23:56:09 - [TEST_STEP][PASSED] - amount = findTestData(dataFile).getValue("Amount", row): null

2024-05-15 23:56:09 - [TEST_STEP][PASSED] - trackData = findTestData(dataFile).getValue("TrackData", row): null

2024-05-15 23:56:09 - [TEST_STEP][PASSED] - slot = findTestData(dataFile).getValue("SlotNumber", row): null

2024-05-15 23:56:09 - [TEST_STEP][PASSED] - ksn = findTestData(dataFile).getValue("KSN", row): null

2024-05-15 23:56:09 - [TEST_STEP][PASSED] - openBrowser(VLinkURL + "vlinkEncryptedSwipe.html"): Browser is opened with url: 'https://dev-algorithm.govolution.com/vlinktest/QA2/version_2_0/vlinkEncryptedSwipe.html'

2024-05-15 23:56:09 - [MESSAGE][WARNING] - A browser is already opened. Closing browser and opening a new one

2024-05-15 23:56:10 - [MESSAGE][INFO] - Starting 'Chrome' driver

2024-05-15 23:56:10 - [MESSAGE][INFO] - User set preference: ['acceptInsecureCerts', 'true']

2024-05-15 23:56:10 - [MESSAGE][INFO] - Action delay is set to 0 milliseconds

2024-05-15 23:56:12 - [MESSAGE][PASSED] - Browser is opened with url: 'https://dev-algorithm.govolution.com/vlinktest/QA2/version_2_0/vlinkEncryptedSwipe.html'

2024-05-15 23:56:12 - [TEST_STEP][PASSED] - maximizeWindow(): Current window maximized

2024-05-15 23:56:13 - [MESSAGE][PASSED] - Current window maximized

2024-05-15 23:56:13 - [TEST_STEP][PASSED] - setText(findTestObject("Object Repository/RecAndPlayBk/Page-Vlink-Encrypted/txt_TransactionType"), "104"): Text '104' is set on object 'Object Repository/RecAndPlayBk/Page-Vlink-Encrypted/txt_TransactionType'

2024-05-15 23:56:14 - [MESSAGE][PASSED] - Text '104' is set on object 'Object Repository/RecAndPlayBk/Page-Vlink-Encrypted/txt_TransactionType'

2024-05-15 23:56:14 - [TEST_STEP][PASSED] - click(findTestObject("Object Repository/RecAndPlayBk/Page-Vlink-Encrypted/btn_GenerateRemID")): Object: 'Object Repository/RecAndPlayBk/Page-Vlink-Encrypted/btn_GenerateRemID' is clicked on

2024-05-15 23:56:14 - [MESSAGE][PASSED] - Object: 'Object Repository/RecAndPlayBk/Page-Vlink-Encrypted/btn_GenerateRemID' is clicked on

2024-05-15 23:56:14 - [TEST_STEP][PASSED] - setText(findTestObject("Object Repository/RecAndPlayBk/Page-Vlink-Encrypted/txt_AppID"), appID): Text '581' is set on object 'Object Repository/RecAndPlayBk/Page-Vlink-Encrypted/txt_AppID'

2024-05-15 23:56:15 - [MESSAGE][PASSED] - Text '581' is set on object 'Object Repository/RecAndPlayBk/Page-Vlink-Encrypted/txt_AppID'

2024-05-15 23:56:15 - [TEST_STEP][PASSED] - setText(findTestObject("Object Repository/RecAndPlayBk/Page-Vlink-Encrypted/txt_Username"), username): Text 'usr581' is set on object 'Object Repository/RecAndPlayBk/Page-Vlink-Encrypted/txt_Username'

2024-05-15 23:56:15 - [MESSAGE][PASSED] - Text 'usr581' is set on object 'Object Repository/RecAndPlayBk/Page-Vlink-Encrypted/txt_Username'

2024-05-15 23:56:15 - [TEST_STEP][PASSED] - setText(findTestObject("Object Repository/RecAndPlayBk/Page-Vlink-Encrypted/txt_Password"), password): Text 'pwd581' is set on object 'Object Repository/RecAndPlayBk/Page-Vlink-Encrypted/txt_Password'

2024-05-15 23:56:16 - [MESSAGE][PASSED] - Text 'pwd581' is set on object 'Object Repository/RecAndPlayBk/Page-Vlink-Encrypted/txt_Password'

2024-05-15 23:56:16 - [TEST_STEP][PASSED] - setText(findTestObject("Object Repository/RecAndPlayBk/Page-Vlink-Encrypted/txt_Category"), category): Text 'RETL' is set on object 'Object Repository/RecAndPlayBk/Page-Vlink-Encrypted/txt_Category'

2024-05-15 23:56:17 - [MESSAGE][PASSED] - Text 'RETL' is set on object 'Object Repository/RecAndPlayBk/Page-Vlink-Encrypted/txt_Category'

2024-05-15 23:56:17 - [TEST_STEP][PASSED] - setText(findTestObject("Object Repository/RecAndPlayBk/Page-Vlink-Encrypted/txt_Amount"), amount): Text '10.5' is set on object 'Object Repository/RecAndPlayBk/Page-Vlink-Encrypted/txt_Amount'

2024-05-15 23:56:17 - [MESSAGE][PASSED] - Text '10.5' is set on object 'Object Repository/RecAndPlayBk/Page-Vlink-Encrypted/txt_Amount'

2024-05-15 23:56:17 - [TEST_STEP][PASSED] - setText(findTestObject("Object Repository/RecAndPlayBk/Page-Vlink-Encrypted/txt_Email"), ""): Text '' is set on object 'Object Repository/RecAndPlayBk/Page-Vlink-Encrypted/txt_Email'

2024-05-15 23:56:18 - [MESSAGE][PASSED] - Text '' is set on object 'Object Repository/RecAndPlayBk/Page-Vlink-Encrypted/txt_Email'

2024-05-15 23:56:18 - [TEST_STEP][PASSED] - setText(findTestObject("Object Repository/RecAndPlayBk/Page-Vlink-Encrypted/txt_EncTrack1Data"), trackData): Text '8BF482856A5A01C17C69392DCE283CDC0D64733AEBE806151EA697F4091A17B82A0D851B67CF345D' is set on object 'Object Repository/RecAndPlayBk/Page-Vlink-Encrypted/txt_EncTrack1Data'

2024-05-15 23:56:19 - [MESSAGE][PASSED] - Text '8BF482856A5A01C17C69392DCE283CDC0D64733AEBE806151EA697F4091A17B82A0D851B67CF345D' is set on object 'Object Repository/RecAndPlayBk/Page-Vlink-Encrypted/txt_EncTrack1Data'

2024-05-15 23:56:19 - [TEST_STEP][PASSED] - setText(findTestObject("Object Repository/RecAndPlayBk/Page-Vlink-Encrypted/txt_SlotNumber"), slot): Text '1' is set on object 'Object Repository/RecAndPlayBk/Page-Vlink-Encrypted/txt_SlotNumber'

2024-05-15 23:56:19 - [MESSAGE][PASSED] - Text '1' is set on object 'Object Repository/RecAndPlayBk/Page-Vlink-Encrypted/txt_SlotNumber'

2024-05-15 23:56:19 - [TEST_STEP][PASSED] - setText(findTestObject("Object Repository/RecAndPlayBk/Page-Vlink-Encrypted/txt_KSN"), ksn): Text 'FFFF7381390003600107' is set on object 'Object Repository/RecAndPlayBk/Page-Vlink-Encrypted/txt_KSN'

2024-05-15 23:56:20 - [MESSAGE][PASSED] - Text 'FFFF7381390003600107' is set on object 'Object Repository/RecAndPlayBk/Page-Vlink-Encrypted/txt_KSN'

2024-05-15 23:56:20 - [TEST_STEP][PASSED] - click(findTestObject("Object Repository/RecAndPlayBk/Page-Vlink-Encrypted/btn_ProcessVLinkTran")): Object: 'Object Repository/RecAndPlayBk/Page-Vlink-Encrypted/btn_ProcessVLinkTran' is clicked on

2024-05-15 23:56:21 - [MESSAGE][PASSED] - Object: 'Object Repository/RecAndPlayBk/Page-Vlink-Encrypted/btn_ProcessVLinkTran' is clicked on

2024-05-15 23:56:21 - [TEST_STEP][PASSED] - if (verifyTextPresent("Transaction approved, no errors", true)): null

2024-05-15 23:56:22 - [MESSAGE][PASSED] - Text 'Transaction approved, no errors' is present on page  using regular expression

2024-05-15 23:56:22 - [TEST_STEP][PASSED] - println("Transaction Approved, no errors text is present on the Confirmation page"): null

2024-05-15 23:56:22 - [TEST_STEP][PASSED] - out.println("Pass Record Number: " + row): null

2024-05-15 23:56:22 - [TEST_STEP][PASSED] - resText = "Pass": null

2024-05-15 23:56:22 - [TEST_STEP][PASSED] - pages.WriteExcel.demoKey(resText, datText, resColumn, datCloumn, fileLoc, nameSheet, row): pages.WriteExcel.demoKey is PASSED

2024-05-15 23:56:22 - [MESSAGE][PASSED] - pages.WriteExcel.demoKey is PASSED]]></system-out>
         <system-err><![CDATA[]]></system-err>
      </testcase>
      <testcase name="Test Cases/RecAndPlayBk/VLink/Sale-MRF" time="1364.181" classname="Test Cases/RecAndPlayBk/VLink/Sale-MRF" status="PASSED">
         <system-out><![CDATA[2024-05-15 23:56:22 - [TEST_CASE][PASSED] - Test Cases/RecAndPlayBk/VLink/Sale-MRF: Test Cases/RecAndPlayBk/VLink/Sale-MRF

2024-05-15 23:56:23 - [TEST_STEP][PASSED] - resText = "Fail": null

2024-05-15 23:56:23 - [TEST_STEP][PASSED] - resColumn = "Result": null

2024-05-15 23:56:23 - [TEST_STEP][PASSED] - datCloumn = "Date": null

2024-05-15 23:56:23 - [TEST_STEP][PASSED] - fileLoc = "KatalonData/VLinkSmokeData.xlsx": null

2024-05-15 23:56:23 - [TEST_STEP][PASSED] - nameSheet = "Sale-MRF": null

2024-05-15 23:56:23 - [TEST_STEP][PASSED] - executionProfile = getExecutionProfile(): null

2024-05-15 23:56:23 - [TEST_STEP][PASSED] - out.println("executionProfile : " + executionProfile): null

2024-05-15 23:56:23 - [TEST_STEP][PASSED] - numOfRows = findTestData("QA/VLinkTestData/VLinkSaleMRFData").getRowNumbers(): null

2024-05-15 23:56:23 - [TEST_STEP][PASSED] - println("Number of Records: " + numOfRows): null

2024-05-15 23:56:23 - [TEST_STEP][PASSED] - dataFile = "QA/VLinkTestData/VLinkSaleMRFData": null

2024-05-15 23:56:23 - [TEST_STEP][PASSED] - for ([row = 1, row <= numOfRows, (row++)]): null

2024-05-15 23:56:23 - [TEST_STEP][PASSED] - ExecuteTC = findTestData(dataFile).getValue("Execute", row): null

2024-05-15 23:56:23 - [TEST_STEP][PASSED] - out.println("Value of Execute is : " + ExecuteTC): null

2024-05-15 23:56:23 - [TEST_STEP][PASSED] - errorMsg = findTestData(dataFile).getValue("ErrorMsg", row): null

2024-05-15 23:56:23 - [TEST_STEP][PASSED] - if (ExecuteTC.equalsIgnoreCase("Y")): Browser is closed

2024-05-15 23:56:23 - [TEST_STEP][PASSED] - out.println("Begin Record Number: " + row): null

2024-05-15 23:56:23 - [TEST_STEP][PASSED] - today = new java.util.Date(): null

2024-05-15 23:56:23 - [TEST_STEP][PASSED] - println(today): null

2024-05-15 23:56:23 - [TEST_STEP][PASSED] - datText = today: null

2024-05-15 23:56:23 - [TEST_STEP][PASSED] - openBrowser(VLinkURL + "authcap.html"): Browser is opened with url: 'https://dev-algorithm.govolution.com/vlinktest/QA2/version_2_0/authcap.html'

2024-05-15 23:56:23 - [MESSAGE][WARNING] - A browser is already opened. Closing browser and opening a new one

2024-05-15 23:56:25 - [MESSAGE][INFO] - Starting 'Chrome' driver

2024-05-15 23:56:25 - [MESSAGE][INFO] - User set preference: ['acceptInsecureCerts', 'true']

2024-05-15 23:56:25 - [MESSAGE][INFO] - Action delay is set to 0 milliseconds

2024-05-15 23:56:27 - [MESSAGE][PASSED] - Browser is opened with url: 'https://dev-algorithm.govolution.com/vlinktest/QA2/version_2_0/authcap.html'

2024-05-15 23:56:27 - [TEST_STEP][PASSED] - maximizeWindow(): Current window maximized

2024-05-15 23:56:27 - [MESSAGE][PASSED] - Current window maximized

2024-05-15 23:56:27 - [TEST_STEP][PASSED] - vlinkPages.saleCCPage.setDataSCC(row, dataFile): vlinkPages.saleCCPage.setDataSCC is PASSED

2024-05-15 23:56:31 - [MESSAGE][PASSED] - Object 'Object Repository/VLink/Page_CCSale/txt_CardNumber' is present

2024-05-15 23:56:32 - [MESSAGE][PASSED] - Text '' is set on object 'Object Repository/VLink/Page_CCSale/txt_TransactionType'

2024-05-15 23:56:33 - [MESSAGE][PASSED] - Text '2.0C' is set on object 'Object Repository/VLink/Page_CCSale/txt_MessageVersion'

2024-05-15 23:56:33 - [MESSAGE][PASSED] - Text 'dxd1vmbdgV0y' is set on object 'Object Repository/VLink/Page_CCSale/txt_RemID'

2024-05-15 23:56:34 - [MESSAGE][PASSED] - Text '234' is set on object 'Object Repository/VLink/Page_CCSale/txt_ApplicationId'

2024-05-15 23:56:35 - [MESSAGE][PASSED] - Text 'username' is set on object 'Object Repository/VLink/Page_CCSale/txt_Username'

2024-05-15 23:56:35 - [MESSAGE][PASSED] - Text 'password' is set on object 'Object Repository/VLink/Page_CCSale/txt_Password'

2024-05-15 23:56:36 - [MESSAGE][PASSED] - Text 'fixed_width' is set on object 'Object Repository/VLink/Page_CCSale/txt_ResponseFormat'

2024-05-15 23:56:37 - [MESSAGE][PASSED] - Text 'ECOM' is set on object 'Object Repository/VLink/Page_CCSale/txt_Category'

2024-05-15 23:56:37 - [MESSAGE][PASSED] - Text '' is set on object 'Object Repository/VLink/Page_CCSale/txt_TransactionID'

2024-05-15 23:56:38 - [MESSAGE][PASSED] - Text '' is set on object 'Object Repository/VLink/Page_CCSale/txt_ApprovalCode'

2024-05-15 23:56:39 - [MESSAGE][PASSED] - Text 'Kris Roshan' is set on object 'Object Repository/VLink/Page_CCSale/txt_CardName'

2024-05-15 23:56:39 - [MESSAGE][PASSED] - Text '258 Elm Road' is set on object 'Object Repository/VLink/Page_CCSale/txt_AL1'

2024-05-15 23:56:40 - [MESSAGE][PASSED] - Text 'Suite 56' is set on object 'Object Repository/VLink/Page_CCSale/txt_AL2'

2024-05-15 23:56:41 - [MESSAGE][PASSED] - Text 'Arlington' is set on object 'Object Repository/VLink/Page_CCSale/txt_CardCity'

2024-05-15 23:56:41 - [MESSAGE][PASSED] - Text 'VA' is set on object 'Object Repository/VLink/Page_CCSale/txt_CardState'

2024-05-15 23:56:42 - [MESSAGE][PASSED] - Text '22201' is set on object 'Object Repository/VLink/Page_CCSale/txt_CardZIP'

2024-05-15 23:56:43 - [MESSAGE][PASSED] - Text '840' is set on object 'Object Repository/VLink/Page_CCSale/txt_CountryID'

2024-05-15 23:56:43 - [MESSAGE][PASSED] - Text '1.50' is set on object 'Object Repository/VLink/Page_CCSale/txt_Amount'

2024-05-15 23:56:44 - [MESSAGE][PASSED] - Text '4111111111111111' is set on object 'Object Repository/VLink/Page_CCSale/txt_CardNumber'

2024-05-15 23:56:45 - [MESSAGE][PASSED] - Text '12' is set on object 'Object Repository/VLink/Page_CCSale/txt_ExpMonth'

2024-05-15 23:56:45 - [MESSAGE][PASSED] - Text '2025' is set on object 'Object Repository/VLink/Page_CCSale/txt_ExpYear'

2024-05-15 23:56:46 - [MESSAGE][PASSED] - Text '' is set on object 'Object Repository/VLink/Page_CCSale/txt_CVV'

2024-05-15 23:56:46 - [MESSAGE][PASSED] - Text '' is set on object 'Object Repository/VLink/Page_CCSale/txt_CVVstate'

2024-05-15 23:56:47 - [MESSAGE][PASSED] - Text '' is set on object 'Object Repository/VLink/Page_CCSale/txt_TrackData'

2024-05-15 23:56:48 - [MESSAGE][PASSED] - Text '' is set on object 'Object Repository/VLink/Page_CCSale/txt_Track1Data'

2024-05-15 23:56:48 - [MESSAGE][PASSED] - Text '' is set on object 'Object Repository/VLink/Page_CCSale/txt_Track2Data'

2024-05-15 23:56:49 - [MESSAGE][PASSED] - Text 'manual' is set on object 'Object Repository/VLink/Page_CCSale/txt_POSEntryMode'

2024-05-15 23:56:50 - [MESSAGE][PASSED] - Text 'iahmed@govolution.com' is set on object 'Object Repository/VLink/Page_CCSale/txt_Email'

2024-05-15 23:56:50 - [MESSAGE][PASSED] - Text '2569362' is set on object 'Object Repository/VLink/Page_CCSale/txt_OrderNumber'

2024-05-15 23:56:51 - [MESSAGE][PASSED] - Text '1.15' is set on object 'Object Repository/VLink/Page_CCSale/txt_TaxAmount'

2024-05-15 23:56:51 - [MESSAGE][PASSED] - Text 'Charge Description' is set on object 'Object Repository/VLink/Page_CCSale/txt_ChargeDescription'

2024-05-15 23:56:52 - [MESSAGE][PASSED] - Text '147357' is set on object 'Object Repository/VLink/Page_CCSale/txt_CAN'

2024-05-15 23:56:53 - [MESSAGE][PASSED] - Text '1' is set on object 'Object Repository/VLink/Page_CCSale/txt_BillPaymentIndicator'

2024-05-15 23:56:53 - [MESSAGE][PASSED] - Text 'UDF Data 1' is set on object 'Object Repository/VLink/Page_CCSale/txt_UDF1'

2024-05-15 23:56:54 - [MESSAGE][PASSED] - Text 'UDF Data 2' is set on object 'Object Repository/VLink/Page_CCSale/txt_UDF2'

2024-05-15 23:56:55 - [MESSAGE][PASSED] - Text 'UDF Data 3' is set on object 'Object Repository/VLink/Page_CCSale/txt_UDF3'

2024-05-15 23:56:55 - [MESSAGE][PASSED] - Text 'UDF Data 4' is set on object 'Object Repository/VLink/Page_CCSale/txt_UDF4'

2024-05-15 23:56:56 - [MESSAGE][PASSED] - Text 'UDF Data 5' is set on object 'Object Repository/VLink/Page_CCSale/txt_UDF5'

2024-05-15 23:56:57 - [MESSAGE][PASSED] - Text 'UDF Data 6' is set on object 'Object Repository/VLink/Page_CCSale/txt_UDF6'

2024-05-15 23:56:57 - [MESSAGE][PASSED] - Text 'UDF Data 7' is set on object 'Object Repository/VLink/Page_CCSale/txt_UDF7'

2024-05-15 23:56:58 - [MESSAGE][PASSED] - Text 'UDF Data 8' is set on object 'Object Repository/VLink/Page_CCSale/txt_UDF8'

2024-05-15 23:56:58 - [MESSAGE][PASSED] - Text 'UDF Data 9' is set on object 'Object Repository/VLink/Page_CCSale/txt_UDF9'

2024-05-15 23:56:59 - [MESSAGE][PASSED] - Text 'UDF Data 10' is set on object 'Object Repository/VLink/Page_CCSale/txt_UDF10'

2024-05-15 23:57:00 - [MESSAGE][PASSED] - Object: 'Object Repository/VLink/Page_CCSale/btn_ProcessVLinkTransaction' is clicked on

2024-05-15 23:57:05 - [MESSAGE][PASSED] - vlinkPages.saleCCPage.setDataSCC is PASSED

2024-05-15 23:57:05 - [TEST_STEP][PASSED] - if (verifyTextPresent(errorMsg, true)): null

2024-05-15 23:57:05 - [MESSAGE][PASSED] - Text 'Missing parameter: transaction_type' is present on page  using regular expression

2024-05-15 23:57:05 - [TEST_STEP][PASSED] - println("Error Message is present on the Confirmation page"): null

2024-05-15 23:57:05 - [TEST_STEP][PASSED] - out.println("Pass Record Number: " + row): null

2024-05-15 23:57:05 - [TEST_STEP][PASSED] - resText = "Pass": null

2024-05-15 23:57:05 - [TEST_STEP][PASSED] - pages.WriteExcel.demoKey(resText, datText, resColumn, datCloumn, fileLoc, nameSheet, row): pages.WriteExcel.demoKey is PASSED

2024-05-15 23:57:05 - [MESSAGE][PASSED] - pages.WriteExcel.demoKey is PASSED

2024-05-15 23:57:05 - [TEST_STEP][PASSED] - sdfo = getText(findTestObject("Object Repository/Page_VLinkReceipt/pre_STX")): Text of object 'Object Repository/Page_VLinkReceipt/pre_STX' is: '<STX>dxd1vmbdgV0y                                      2  Transaction failed                                20 Missing parameter: transaction_type                                                        <ETX>'

2024-05-15 23:57:05 - [MESSAGE][PASSED] - Text of object 'Object Repository/Page_VLinkReceipt/pre_STX' is: '<STX>dxd1vmbdgV0y                                      2  Transaction failed                                20 Missing parameter: transaction_type                                                        <ETX>'

2024-05-15 23:57:05 - [TEST_STEP][PASSED] - out.println("sdfo: " + sdfo): null

2024-05-15 23:57:05 - [TEST_STEP][PASSED] - remID = substring(5, 35).trim(): null

2024-05-15 23:57:05 - [TEST_STEP][PASSED] - out.println("Remittance ID: " + remID): null

2024-05-15 23:57:06 - [TEST_STEP][PASSED] - traxID = substring(35, 55).trim(): null

2024-05-15 23:57:06 - [TEST_STEP][PASSED] - out.println("Transaction ID: " + traxID): null

2024-05-15 23:57:06 - [TEST_STEP][PASSED] - out.println("End Record Number: " + row): null

2024-05-15 23:57:06 - [TEST_STEP][PASSED] - closeBrowser(): Browser is closed

2024-05-15 23:57:07 - [MESSAGE][PASSED] - Browser is closed

2024-05-15 23:57:07 - [TEST_STEP][PASSED] - ExecuteTC = findTestData(dataFile).getValue("Execute", row): null

2024-05-15 23:57:07 - [TEST_STEP][PASSED] - out.println("Value of Execute is : " + ExecuteTC): null

2024-05-15 23:57:07 - [TEST_STEP][PASSED] - errorMsg = findTestData(dataFile).getValue("ErrorMsg", row): null

2024-05-15 23:57:07 - [TEST_STEP][PASSED] - if (ExecuteTC.equalsIgnoreCase("Y")): Browser is closed

2024-05-15 23:57:07 - [TEST_STEP][PASSED] - out.println("Begin Record Number: " + row): null

2024-05-15 23:57:07 - [TEST_STEP][PASSED] - today = new java.util.Date(): null

2024-05-15 23:57:07 - [TEST_STEP][PASSED] - println(today): null

2024-05-15 23:57:07 - [TEST_STEP][PASSED] - datText = today: null

2024-05-15 23:57:07 - [TEST_STEP][PASSED] - openBrowser(VLinkURL + "authcap.html"): Browser is opened with url: 'https://dev-algorithm.govolution.com/vlinktest/QA2/version_2_0/authcap.html'

2024-05-15 23:57:07 - [MESSAGE][INFO] - Starting 'Chrome' driver

2024-05-15 23:57:07 - [MESSAGE][INFO] - User set preference: ['acceptInsecureCerts', 'true']

2024-05-15 23:57:07 - [MESSAGE][INFO] - Action delay is set to 0 milliseconds

2024-05-15 23:57:09 - [MESSAGE][PASSED] - Browser is opened with url: 'https://dev-algorithm.govolution.com/vlinktest/QA2/version_2_0/authcap.html'

2024-05-15 23:57:09 - [TEST_STEP][PASSED] - maximizeWindow(): Current window maximized

2024-05-15 23:57:10 - [MESSAGE][PASSED] - Current window maximized

2024-05-15 23:57:10 - [TEST_STEP][PASSED] - vlinkPages.saleCCPage.setDataSCC(row, dataFile): vlinkPages.saleCCPage.setDataSCC is PASSED

2024-05-15 23:57:14 - [MESSAGE][PASSED] - Object 'Object Repository/VLink/Page_CCSale/txt_CardNumber' is present

2024-05-15 23:57:15 - [MESSAGE][PASSED] - Text '' is set on object 'Object Repository/VLink/Page_CCSale/txt_TransactionType'

2024-05-15 23:57:15 - [MESSAGE][PASSED] - Text '2.0C' is set on object 'Object Repository/VLink/Page_CCSale/txt_MessageVersion'

2024-05-15 23:57:16 - [MESSAGE][PASSED] - Text 'p062l9cp4yFF' is set on object 'Object Repository/VLink/Page_CCSale/txt_RemID'

2024-05-15 23:57:17 - [MESSAGE][PASSED] - Text '234' is set on object 'Object Repository/VLink/Page_CCSale/txt_ApplicationId'

2024-05-15 23:57:17 - [MESSAGE][PASSED] - Text 'username' is set on object 'Object Repository/VLink/Page_CCSale/txt_Username'

2024-05-15 23:57:18 - [MESSAGE][PASSED] - Text 'password' is set on object 'Object Repository/VLink/Page_CCSale/txt_Password'

2024-05-15 23:57:19 - [MESSAGE][PASSED] - Text 'fixed_width' is set on object 'Object Repository/VLink/Page_CCSale/txt_ResponseFormat'

2024-05-15 23:57:19 - [MESSAGE][PASSED] - Text 'MOTO' is set on object 'Object Repository/VLink/Page_CCSale/txt_Category'

2024-05-15 23:57:20 - [MESSAGE][PASSED] - Text '' is set on object 'Object Repository/VLink/Page_CCSale/txt_TransactionID'

2024-05-15 23:57:21 - [MESSAGE][PASSED] - Text '' is set on object 'Object Repository/VLink/Page_CCSale/txt_ApprovalCode'

2024-05-15 23:57:21 - [MESSAGE][PASSED] - Text 'Kris Roshan' is set on object 'Object Repository/VLink/Page_CCSale/txt_CardName'

2024-05-15 23:57:22 - [MESSAGE][PASSED] - Text '258 Elm Road' is set on object 'Object Repository/VLink/Page_CCSale/txt_AL1'

2024-05-15 23:57:23 - [MESSAGE][PASSED] - Text 'Suite 56' is set on object 'Object Repository/VLink/Page_CCSale/txt_AL2'

2024-05-15 23:57:23 - [MESSAGE][PASSED] - Text 'Arlington' is set on object 'Object Repository/VLink/Page_CCSale/txt_CardCity'

2024-05-15 23:57:24 - [MESSAGE][PASSED] - Text 'VA' is set on object 'Object Repository/VLink/Page_CCSale/txt_CardState'

2024-05-15 23:57:25 - [MESSAGE][PASSED] - Text '22201' is set on object 'Object Repository/VLink/Page_CCSale/txt_CardZIP'

2024-05-15 23:57:25 - [MESSAGE][PASSED] - Text '840' is set on object 'Object Repository/VLink/Page_CCSale/txt_CountryID'

2024-05-15 23:57:26 - [MESSAGE][PASSED] - Text '1.50' is set on object 'Object Repository/VLink/Page_CCSale/txt_Amount'

2024-05-15 23:57:27 - [MESSAGE][PASSED] - Text '4111111111111111' is set on object 'Object Repository/VLink/Page_CCSale/txt_CardNumber'

2024-05-15 23:57:27 - [MESSAGE][PASSED] - Text '12' is set on object 'Object Repository/VLink/Page_CCSale/txt_ExpMonth'

2024-05-15 23:57:28 - [MESSAGE][PASSED] - Text '2025' is set on object 'Object Repository/VLink/Page_CCSale/txt_ExpYear'

2024-05-15 23:57:28 - [MESSAGE][PASSED] - Text '' is set on object 'Object Repository/VLink/Page_CCSale/txt_CVV'

2024-05-15 23:57:29 - [MESSAGE][PASSED] - Text '' is set on object 'Object Repository/VLink/Page_CCSale/txt_CVVstate'

2024-05-15 23:57:30 - [MESSAGE][PASSED] - Text '' is set on object 'Object Repository/VLink/Page_CCSale/txt_TrackData'

2024-05-15 23:57:30 - [MESSAGE][PASSED] - Text '' is set on object 'Object Repository/VLink/Page_CCSale/txt_Track1Data'

2024-05-15 23:57:31 - [MESSAGE][PASSED] - Text '' is set on object 'Object Repository/VLink/Page_CCSale/txt_Track2Data'

2024-05-15 23:57:32 - [MESSAGE][PASSED] - Text 'manual' is set on object 'Object Repository/VLink/Page_CCSale/txt_POSEntryMode'

2024-05-15 23:57:32 - [MESSAGE][PASSED] - Text 'iahmed@govolution.com' is set on object 'Object Repository/VLink/Page_CCSale/txt_Email'

2024-05-15 23:57:33 - [MESSAGE][PASSED] - Text '2569362' is set on object 'Object Repository/VLink/Page_CCSale/txt_OrderNumber'

2024-05-15 23:57:33 - [MESSAGE][PASSED] - Text '1.15' is set on object 'Object Repository/VLink/Page_CCSale/txt_TaxAmount'

2024-05-15 23:57:34 - [MESSAGE][PASSED] - Text 'Charge Description' is set on object 'Object Repository/VLink/Page_CCSale/txt_ChargeDescription'

2024-05-15 23:57:35 - [MESSAGE][PASSED] - Text '147357' is set on object 'Object Repository/VLink/Page_CCSale/txt_CAN'

2024-05-15 23:57:35 - [MESSAGE][PASSED] - Text '1' is set on object 'Object Repository/VLink/Page_CCSale/txt_BillPaymentIndicator'

2024-05-15 23:57:36 - [MESSAGE][PASSED] - Text 'UDF Data 1' is set on object 'Object Repository/VLink/Page_CCSale/txt_UDF1'

2024-05-15 23:57:37 - [MESSAGE][PASSED] - Text 'UDF Data 2' is set on object 'Object Repository/VLink/Page_CCSale/txt_UDF2'

2024-05-15 23:57:37 - [MESSAGE][PASSED] - Text 'UDF Data 3' is set on object 'Object Repository/VLink/Page_CCSale/txt_UDF3'

2024-05-15 23:57:38 - [MESSAGE][PASSED] - Text 'UDF Data 4' is set on object 'Object Repository/VLink/Page_CCSale/txt_UDF4'

2024-05-15 23:57:38 - [MESSAGE][PASSED] - Text 'UDF Data 5' is set on object 'Object Repository/VLink/Page_CCSale/txt_UDF5'

2024-05-15 23:57:39 - [MESSAGE][PASSED] - Text 'UDF Data 6' is set on object 'Object Repository/VLink/Page_CCSale/txt_UDF6'

2024-05-15 23:57:40 - [MESSAGE][PASSED] - Text 'UDF Data 7' is set on object 'Object Repository/VLink/Page_CCSale/txt_UDF7'

2024-05-15 23:57:40 - [MESSAGE][PASSED] - Text 'UDF Data 8' is set on object 'Object Repository/VLink/Page_CCSale/txt_UDF8'

2024-05-15 23:57:41 - [MESSAGE][PASSED] - Text 'UDF Data 9' is set on object 'Object Repository/VLink/Page_CCSale/txt_UDF9'

2024-05-15 23:57:42 - [MESSAGE][PASSED] - Text 'UDF Data 10' is set on object 'Object Repository/VLink/Page_CCSale/txt_UDF10'

2024-05-15 23:57:42 - [MESSAGE][PASSED] - Object: 'Object Repository/VLink/Page_CCSale/btn_ProcessVLinkTransaction' is clicked on

2024-05-15 23:57:47 - [MESSAGE][PASSED] - vlinkPages.saleCCPage.setDataSCC is PASSED

2024-05-15 23:57:47 - [TEST_STEP][PASSED] - if (verifyTextPresent(errorMsg, true)): null

2024-05-15 23:57:48 - [MESSAGE][PASSED] - Text 'Missing parameter: transaction_type' is present on page  using regular expression

2024-05-15 23:57:48 - [TEST_STEP][PASSED] - println("Error Message is present on the Confirmation page"): null

2024-05-15 23:57:48 - [TEST_STEP][PASSED] - out.println("Pass Record Number: " + row): null

2024-05-15 23:57:48 - [TEST_STEP][PASSED] - resText = "Pass": null

2024-05-15 23:57:48 - [TEST_STEP][PASSED] - pages.WriteExcel.demoKey(resText, datText, resColumn, datCloumn, fileLoc, nameSheet, row): pages.WriteExcel.demoKey is PASSED

2024-05-15 23:57:48 - [MESSAGE][PASSED] - pages.WriteExcel.demoKey is PASSED

2024-05-15 23:57:48 - [TEST_STEP][PASSED] - sdfo = getText(findTestObject("Object Repository/Page_VLinkReceipt/pre_STX")): Text of object 'Object Repository/Page_VLinkReceipt/pre_STX' is: '<STX>p062l9cp4yFF                                      2  Transaction failed                                20 Missing parameter: transaction_type                                                        <ETX>'

2024-05-15 23:57:48 - [MESSAGE][PASSED] - Text of object 'Object Repository/Page_VLinkReceipt/pre_STX' is: '<STX>p062l9cp4yFF                                      2  Transaction failed                                20 Missing parameter: transaction_type                                                        <ETX>'

2024-05-15 23:57:48 - [TEST_STEP][PASSED] - out.println("sdfo: " + sdfo): null

2024-05-15 23:57:48 - [TEST_STEP][PASSED] - remID = substring(5, 35).trim(): null

2024-05-15 23:57:48 - [TEST_STEP][PASSED] - out.println("Remittance ID: " + remID): null

2024-05-15 23:57:48 - [TEST_STEP][PASSED] - traxID = substring(35, 55).trim(): null

2024-05-15 23:57:48 - [TEST_STEP][PASSED] - out.println("Transaction ID: " + traxID): null

2024-05-15 23:57:48 - [TEST_STEP][PASSED] - out.println("End Record Number: " + row): null

2024-05-15 23:57:48 - [TEST_STEP][PASSED] - closeBrowser(): Browser is closed

2024-05-15 23:57:49 - [MESSAGE][PASSED] - Browser is closed

2024-05-15 23:57:49 - [TEST_STEP][PASSED] - ExecuteTC = findTestData(dataFile).getValue("Execute", row): null

2024-05-15 23:57:50 - [TEST_STEP][PASSED] - out.println("Value of Execute is : " + ExecuteTC): null

2024-05-15 23:57:50 - [TEST_STEP][PASSED] - errorMsg = findTestData(dataFile).getValue("ErrorMsg", row): null

2024-05-15 23:57:50 - [TEST_STEP][PASSED] - if (ExecuteTC.equalsIgnoreCase("Y")): Browser is closed

2024-05-15 23:57:50 - [TEST_STEP][PASSED] - out.println("Begin Record Number: " + row): null

2024-05-15 23:57:50 - [TEST_STEP][PASSED] - today = new java.util.Date(): null

2024-05-15 23:57:50 - [TEST_STEP][PASSED] - println(today): null

2024-05-15 23:57:50 - [TEST_STEP][PASSED] - datText = today: null

2024-05-15 23:57:50 - [TEST_STEP][PASSED] - openBrowser(VLinkURL + "authcap.html"): Browser is opened with url: 'https://dev-algorithm.govolution.com/vlinktest/QA2/version_2_0/authcap.html'

2024-05-15 23:57:50 - [MESSAGE][INFO] - Starting 'Chrome' driver

2024-05-15 23:57:50 - [MESSAGE][INFO] - User set preference: ['acceptInsecureCerts', 'true']

2024-05-15 23:57:50 - [MESSAGE][INFO] - Action delay is set to 0 milliseconds

2024-05-15 23:57:52 - [MESSAGE][PASSED] - Browser is opened with url: 'https://dev-algorithm.govolution.com/vlinktest/QA2/version_2_0/authcap.html'

2024-05-15 23:57:52 - [TEST_STEP][PASSED] - maximizeWindow(): Current window maximized

2024-05-15 23:57:52 - [MESSAGE][PASSED] - Current window maximized

2024-05-15 23:57:52 - [TEST_STEP][PASSED] - vlinkPages.saleCCPage.setDataSCC(row, dataFile): vlinkPages.saleCCPage.setDataSCC is PASSED

2024-05-15 23:57:56 - [MESSAGE][PASSED] - Object 'Object Repository/VLink/Page_CCSale/txt_CardNumber' is present

2024-05-15 23:57:57 - [MESSAGE][PASSED] - Text '' is set on object 'Object Repository/VLink/Page_CCSale/txt_TransactionType'

2024-05-15 23:57:58 - [MESSAGE][PASSED] - Text '2.0C' is set on object 'Object Repository/VLink/Page_CCSale/txt_MessageVersion'

2024-05-15 23:57:58 - [MESSAGE][PASSED] - Text 'tkVRhIjvp7Tb' is set on object 'Object Repository/VLink/Page_CCSale/txt_RemID'

2024-05-15 23:57:59 - [MESSAGE][PASSED] - Text '234' is set on object 'Object Repository/VLink/Page_CCSale/txt_ApplicationId'

2024-05-15 23:58:00 - [MESSAGE][PASSED] - Text 'username' is set on object 'Object Repository/VLink/Page_CCSale/txt_Username'

2024-05-15 23:58:00 - [MESSAGE][PASSED] - Text 'password' is set on object 'Object Repository/VLink/Page_CCSale/txt_Password'

2024-05-15 23:58:01 - [MESSAGE][PASSED] - Text 'fixed_width' is set on object 'Object Repository/VLink/Page_CCSale/txt_ResponseFormat'

2024-05-15 23:58:02 - [MESSAGE][PASSED] - Text 'RETL' is set on object 'Object Repository/VLink/Page_CCSale/txt_Category'

2024-05-15 23:58:02 - [MESSAGE][PASSED] - Text '' is set on object 'Object Repository/VLink/Page_CCSale/txt_TransactionID'

2024-05-15 23:58:03 - [MESSAGE][PASSED] - Text '' is set on object 'Object Repository/VLink/Page_CCSale/txt_ApprovalCode'

2024-05-15 23:58:04 - [MESSAGE][PASSED] - Text 'Kris Roshan' is set on object 'Object Repository/VLink/Page_CCSale/txt_CardName'

2024-05-15 23:58:04 - [MESSAGE][PASSED] - Text '258 Elm Road' is set on object 'Object Repository/VLink/Page_CCSale/txt_AL1'

2024-05-15 23:58:05 - [MESSAGE][PASSED] - Text 'Suite 56' is set on object 'Object Repository/VLink/Page_CCSale/txt_AL2'

2024-05-15 23:58:05 - [MESSAGE][PASSED] - Text 'Arlington' is set on object 'Object Repository/VLink/Page_CCSale/txt_CardCity'

2024-05-15 23:58:06 - [MESSAGE][PASSED] - Text 'VA' is set on object 'Object Repository/VLink/Page_CCSale/txt_CardState'

2024-05-15 23:58:07 - [MESSAGE][PASSED] - Text '22201' is set on object 'Object Repository/VLink/Page_CCSale/txt_CardZIP'

2024-05-15 23:58:07 - [MESSAGE][PASSED] - Text '840' is set on object 'Object Repository/VLink/Page_CCSale/txt_CountryID'

2024-05-15 23:58:08 - [MESSAGE][PASSED] - Text '1.50' is set on object 'Object Repository/VLink/Page_CCSale/txt_Amount'

2024-05-15 23:58:09 - [MESSAGE][PASSED] - Text '4111111111111111' is set on object 'Object Repository/VLink/Page_CCSale/txt_CardNumber'

2024-05-15 23:58:09 - [MESSAGE][PASSED] - Text '12' is set on object 'Object Repository/VLink/Page_CCSale/txt_ExpMonth'

2024-05-15 23:58:10 - [MESSAGE][PASSED] - Text '2025' is set on object 'Object Repository/VLink/Page_CCSale/txt_ExpYear'

2024-05-15 23:58:11 - [MESSAGE][PASSED] - Text '' is set on object 'Object Repository/VLink/Page_CCSale/txt_CVV'

2024-05-15 23:58:11 - [MESSAGE][PASSED] - Text '' is set on object 'Object Repository/VLink/Page_CCSale/txt_CVVstate'

2024-05-15 23:58:12 - [MESSAGE][PASSED] - Text '' is set on object 'Object Repository/VLink/Page_CCSale/txt_TrackData'

2024-05-15 23:58:12 - [MESSAGE][PASSED] - Text '' is set on object 'Object Repository/VLink/Page_CCSale/txt_Track1Data'

2024-05-15 23:58:13 - [MESSAGE][PASSED] - Text '' is set on object 'Object Repository/VLink/Page_CCSale/txt_Track2Data'

2024-05-15 23:58:14 - [MESSAGE][PASSED] - Text 'manual' is set on object 'Object Repository/VLink/Page_CCSale/txt_POSEntryMode'

2024-05-15 23:58:14 - [MESSAGE][PASSED] - Text 'iahmed@govolution.com' is set on object 'Object Repository/VLink/Page_CCSale/txt_Email'

2024-05-15 23:58:15 - [MESSAGE][PASSED] - Text '2569362' is set on object 'Object Repository/VLink/Page_CCSale/txt_OrderNumber'

2024-05-15 23:58:15 - [MESSAGE][PASSED] - Text '1.15' is set on object 'Object Repository/VLink/Page_CCSale/txt_TaxAmount'

2024-05-15 23:58:16 - [MESSAGE][PASSED] - Text 'Charge Description' is set on object 'Object Repository/VLink/Page_CCSale/txt_ChargeDescription'

2024-05-15 23:58:17 - [MESSAGE][PASSED] - Text '147357' is set on object 'Object Repository/VLink/Page_CCSale/txt_CAN'

2024-05-15 23:58:17 - [MESSAGE][PASSED] - Text '1' is set on object 'Object Repository/VLink/Page_CCSale/txt_BillPaymentIndicator'

2024-05-15 23:58:18 - [MESSAGE][PASSED] - Text 'UDF Data 1' is set on object 'Object Repository/VLink/Page_CCSale/txt_UDF1'

2024-05-15 23:58:19 - [MESSAGE][PASSED] - Text 'UDF Data 2' is set on object 'Object Repository/VLink/Page_CCSale/txt_UDF2'

2024-05-15 23:58:19 - [MESSAGE][PASSED] - Text 'UDF Data 3' is set on object 'Object Repository/VLink/Page_CCSale/txt_UDF3'

2024-05-15 23:58:20 - [MESSAGE][PASSED] - Text 'UDF Data 4' is set on object 'Object Repository/VLink/Page_CCSale/txt_UDF4'

2024-05-15 23:58:21 - [MESSAGE][PASSED] - Text 'UDF Data 5' is set on object 'Object Repository/VLink/Page_CCSale/txt_UDF5'

2024-05-15 23:58:21 - [MESSAGE][PASSED] - Text 'UDF Data 6' is set on object 'Object Repository/VLink/Page_CCSale/txt_UDF6'

2024-05-15 23:58:22 - [MESSAGE][PASSED] - Text 'UDF Data 7' is set on object 'Object Repository/VLink/Page_CCSale/txt_UDF7'

2024-05-15 23:58:22 - [MESSAGE][PASSED] - Text 'UDF Data 8' is set on object 'Object Repository/VLink/Page_CCSale/txt_UDF8'

2024-05-15 23:58:23 - [MESSAGE][PASSED] - Text 'UDF Data 9' is set on object 'Object Repository/VLink/Page_CCSale/txt_UDF9'

2024-05-15 23:58:24 - [MESSAGE][PASSED] - Text 'UDF Data 10' is set on object 'Object Repository/VLink/Page_CCSale/txt_UDF10'

2024-05-15 23:58:24 - [MESSAGE][PASSED] - Object: 'Object Repository/VLink/Page_CCSale/btn_ProcessVLinkTransaction' is clicked on

2024-05-15 23:58:29 - [MESSAGE][PASSED] - vlinkPages.saleCCPage.setDataSCC is PASSED

2024-05-15 23:58:29 - [TEST_STEP][PASSED] - if (verifyTextPresent(errorMsg, true)): null

2024-05-15 23:58:30 - [MESSAGE][PASSED] - Text 'Missing parameter: transaction_type' is present on page  using regular expression

2024-05-15 23:58:30 - [TEST_STEP][PASSED] - println("Error Message is present on the Confirmation page"): null

2024-05-15 23:58:30 - [TEST_STEP][PASSED] - out.println("Pass Record Number: " + row): null

2024-05-15 23:58:30 - [TEST_STEP][PASSED] - resText = "Pass": null

2024-05-15 23:58:30 - [TEST_STEP][PASSED] - pages.WriteExcel.demoKey(resText, datText, resColumn, datCloumn, fileLoc, nameSheet, row): pages.WriteExcel.demoKey is PASSED

2024-05-15 23:58:30 - [MESSAGE][PASSED] - pages.WriteExcel.demoKey is PASSED

2024-05-15 23:58:30 - [TEST_STEP][PASSED] - sdfo = getText(findTestObject("Object Repository/Page_VLinkReceipt/pre_STX")): Text of object 'Object Repository/Page_VLinkReceipt/pre_STX' is: '<STX>tkVRhIjvp7Tb                                      2  Transaction failed                                20 Missing parameter: transaction_type                                                        <ETX>'

2024-05-15 23:58:30 - [MESSAGE][PASSED] - Text of object 'Object Repository/Page_VLinkReceipt/pre_STX' is: '<STX>tkVRhIjvp7Tb                                      2  Transaction failed                                20 Missing parameter: transaction_type                                                        <ETX>'

2024-05-15 23:58:30 - [TEST_STEP][PASSED] - out.println("sdfo: " + sdfo): null

2024-05-15 23:58:30 - [TEST_STEP][PASSED] - remID = substring(5, 35).trim(): null

2024-05-15 23:58:30 - [TEST_STEP][PASSED] - out.println("Remittance ID: " + remID): null

2024-05-15 23:58:30 - [TEST_STEP][PASSED] - traxID = substring(35, 55).trim(): null

2024-05-15 23:58:30 - [TEST_STEP][PASSED] - out.println("Transaction ID: " + traxID): null

2024-05-15 23:58:30 - [TEST_STEP][PASSED] - out.println("End Record Number: " + row): null

2024-05-15 23:58:30 - [TEST_STEP][PASSED] - closeBrowser(): Browser is closed

2024-05-15 23:58:31 - [MESSAGE][PASSED] - Browser is closed

2024-05-15 23:58:31 - [TEST_STEP][PASSED] - ExecuteTC = findTestData(dataFile).getValue("Execute", row): null

2024-05-15 23:58:32 - [TEST_STEP][PASSED] - out.println("Value of Execute is : " + ExecuteTC): null

2024-05-15 23:58:32 - [TEST_STEP][PASSED] - errorMsg = findTestData(dataFile).getValue("ErrorMsg", row): null

2024-05-15 23:58:32 - [TEST_STEP][PASSED] - if (ExecuteTC.equalsIgnoreCase("Y")): Browser is closed

2024-05-15 23:58:32 - [TEST_STEP][PASSED] - out.println("Begin Record Number: " + row): null

2024-05-15 23:58:32 - [TEST_STEP][PASSED] - today = new java.util.Date(): null

2024-05-15 23:58:32 - [TEST_STEP][PASSED] - println(today): null

2024-05-15 23:58:32 - [TEST_STEP][PASSED] - datText = today: null

2024-05-15 23:58:32 - [TEST_STEP][PASSED] - openBrowser(VLinkURL + "authcap.html"): Browser is opened with url: 'https://dev-algorithm.govolution.com/vlinktest/QA2/version_2_0/authcap.html'

2024-05-15 23:58:32 - [MESSAGE][INFO] - Starting 'Chrome' driver

2024-05-15 23:58:32 - [MESSAGE][INFO] - User set preference: ['acceptInsecureCerts', 'true']

2024-05-15 23:58:32 - [MESSAGE][INFO] - Action delay is set to 0 milliseconds

2024-05-15 23:58:34 - [MESSAGE][PASSED] - Browser is opened with url: 'https://dev-algorithm.govolution.com/vlinktest/QA2/version_2_0/authcap.html'

2024-05-15 23:58:34 - [TEST_STEP][PASSED] - maximizeWindow(): Current window maximized

2024-05-15 23:58:34 - [MESSAGE][PASSED] - Current window maximized

2024-05-15 23:58:34 - [TEST_STEP][PASSED] - vlinkPages.saleCCPage.setDataSCC(row, dataFile): vlinkPages.saleCCPage.setDataSCC is PASSED

2024-05-15 23:58:38 - [MESSAGE][PASSED] - Object 'Object Repository/VLink/Page_CCSale/txt_CardNumber' is present

2024-05-15 23:58:39 - [MESSAGE][PASSED] - Text '104' is set on object 'Object Repository/VLink/Page_CCSale/txt_TransactionType'

2024-05-15 23:58:40 - [MESSAGE][PASSED] - Text '' is set on object 'Object Repository/VLink/Page_CCSale/txt_MessageVersion'

2024-05-15 23:58:40 - [MESSAGE][PASSED] - Text 'HqyAiA9Xh118' is set on object 'Object Repository/VLink/Page_CCSale/txt_RemID'

2024-05-15 23:58:41 - [MESSAGE][PASSED] - Text '234' is set on object 'Object Repository/VLink/Page_CCSale/txt_ApplicationId'

2024-05-15 23:58:42 - [MESSAGE][PASSED] - Text 'username' is set on object 'Object Repository/VLink/Page_CCSale/txt_Username'

2024-05-15 23:58:42 - [MESSAGE][PASSED] - Text 'password' is set on object 'Object Repository/VLink/Page_CCSale/txt_Password'

2024-05-15 23:58:43 - [MESSAGE][PASSED] - Text 'fixed_width' is set on object 'Object Repository/VLink/Page_CCSale/txt_ResponseFormat'

2024-05-15 23:58:44 - [MESSAGE][PASSED] - Text 'ECOM' is set on object 'Object Repository/VLink/Page_CCSale/txt_Category'

2024-05-15 23:58:44 - [MESSAGE][PASSED] - Text '' is set on object 'Object Repository/VLink/Page_CCSale/txt_TransactionID'

2024-05-15 23:58:45 - [MESSAGE][PASSED] - Text '' is set on object 'Object Repository/VLink/Page_CCSale/txt_ApprovalCode'

2024-05-15 23:58:46 - [MESSAGE][PASSED] - Text 'Kris Roshan' is set on object 'Object Repository/VLink/Page_CCSale/txt_CardName'

2024-05-15 23:58:46 - [MESSAGE][PASSED] - Text '258 Elm Road' is set on object 'Object Repository/VLink/Page_CCSale/txt_AL1'

2024-05-15 23:58:47 - [MESSAGE][PASSED] - Text 'Suite 56' is set on object 'Object Repository/VLink/Page_CCSale/txt_AL2'

2024-05-15 23:58:48 - [MESSAGE][PASSED] - Text 'Arlington' is set on object 'Object Repository/VLink/Page_CCSale/txt_CardCity'

2024-05-15 23:58:48 - [MESSAGE][PASSED] - Text 'VA' is set on object 'Object Repository/VLink/Page_CCSale/txt_CardState'

2024-05-15 23:58:49 - [MESSAGE][PASSED] - Text '22201' is set on object 'Object Repository/VLink/Page_CCSale/txt_CardZIP'

2024-05-15 23:58:49 - [MESSAGE][PASSED] - Text '840' is set on object 'Object Repository/VLink/Page_CCSale/txt_CountryID'

2024-05-15 23:58:50 - [MESSAGE][PASSED] - Text '1.50' is set on object 'Object Repository/VLink/Page_CCSale/txt_Amount'

2024-05-15 23:58:51 - [MESSAGE][PASSED] - Text '4111111111111111' is set on object 'Object Repository/VLink/Page_CCSale/txt_CardNumber'

2024-05-15 23:58:51 - [MESSAGE][PASSED] - Text '12' is set on object 'Object Repository/VLink/Page_CCSale/txt_ExpMonth'

2024-05-15 23:58:52 - [MESSAGE][PASSED] - Text '2025' is set on object 'Object Repository/VLink/Page_CCSale/txt_ExpYear'

2024-05-15 23:58:53 - [MESSAGE][PASSED] - Text '' is set on object 'Object Repository/VLink/Page_CCSale/txt_CVV'

2024-05-15 23:58:53 - [MESSAGE][PASSED] - Text '' is set on object 'Object Repository/VLink/Page_CCSale/txt_CVVstate'

2024-05-15 23:58:54 - [MESSAGE][PASSED] - Text '' is set on object 'Object Repository/VLink/Page_CCSale/txt_TrackData'

2024-05-15 23:58:54 - [MESSAGE][PASSED] - Text '' is set on object 'Object Repository/VLink/Page_CCSale/txt_Track1Data'

2024-05-15 23:58:55 - [MESSAGE][PASSED] - Text '' is set on object 'Object Repository/VLink/Page_CCSale/txt_Track2Data'

2024-05-15 23:58:56 - [MESSAGE][PASSED] - Text 'manual' is set on object 'Object Repository/VLink/Page_CCSale/txt_POSEntryMode'

2024-05-15 23:58:56 - [MESSAGE][PASSED] - Text 'iahmed@govolution.com' is set on object 'Object Repository/VLink/Page_CCSale/txt_Email'

2024-05-15 23:58:57 - [MESSAGE][PASSED] - Text '2569362' is set on object 'Object Repository/VLink/Page_CCSale/txt_OrderNumber'

2024-05-15 23:58:58 - [MESSAGE][PASSED] - Text '1.15' is set on object 'Object Repository/VLink/Page_CCSale/txt_TaxAmount'

2024-05-15 23:58:58 - [MESSAGE][PASSED] - Text 'Charge Description' is set on object 'Object Repository/VLink/Page_CCSale/txt_ChargeDescription'

2024-05-15 23:58:59 - [MESSAGE][PASSED] - Text '147357' is set on object 'Object Repository/VLink/Page_CCSale/txt_CAN'

2024-05-15 23:58:59 - [MESSAGE][PASSED] - Text '1' is set on object 'Object Repository/VLink/Page_CCSale/txt_BillPaymentIndicator'

2024-05-15 23:59:00 - [MESSAGE][PASSED] - Text 'UDF Data 1' is set on object 'Object Repository/VLink/Page_CCSale/txt_UDF1'

2024-05-15 23:59:01 - [MESSAGE][PASSED] - Text 'UDF Data 2' is set on object 'Object Repository/VLink/Page_CCSale/txt_UDF2'

2024-05-15 23:59:01 - [MESSAGE][PASSED] - Text 'UDF Data 3' is set on object 'Object Repository/VLink/Page_CCSale/txt_UDF3'

2024-05-15 23:59:02 - [MESSAGE][PASSED] - Text 'UDF Data 4' is set on object 'Object Repository/VLink/Page_CCSale/txt_UDF4'

2024-05-15 23:59:03 - [MESSAGE][PASSED] - Text 'UDF Data 5' is set on object 'Object Repository/VLink/Page_CCSale/txt_UDF5'

2024-05-15 23:59:03 - [MESSAGE][PASSED] - Text 'UDF Data 6' is set on object 'Object Repository/VLink/Page_CCSale/txt_UDF6'

2024-05-15 23:59:04 - [MESSAGE][PASSED] - Text 'UDF Data 7' is set on object 'Object Repository/VLink/Page_CCSale/txt_UDF7'

2024-05-15 23:59:05 - [MESSAGE][PASSED] - Text 'UDF Data 8' is set on object 'Object Repository/VLink/Page_CCSale/txt_UDF8'

2024-05-15 23:59:05 - [MESSAGE][PASSED] - Text 'UDF Data 9' is set on object 'Object Repository/VLink/Page_CCSale/txt_UDF9'

2024-05-15 23:59:06 - [MESSAGE][PASSED] - Text 'UDF Data 10' is set on object 'Object Repository/VLink/Page_CCSale/txt_UDF10'

2024-05-15 23:59:07 - [MESSAGE][PASSED] - Object: 'Object Repository/VLink/Page_CCSale/btn_ProcessVLinkTransaction' is clicked on

2024-05-15 23:59:12 - [MESSAGE][PASSED] - vlinkPages.saleCCPage.setDataSCC is PASSED

2024-05-15 23:59:12 - [TEST_STEP][PASSED] - if (verifyTextPresent(errorMsg, true)): null

2024-05-15 23:59:12 - [MESSAGE][PASSED] - Text 'Missing parameter: message_version' is present on page  using regular expression

2024-05-15 23:59:12 - [TEST_STEP][PASSED] - println("Error Message is present on the Confirmation page"): null

2024-05-15 23:59:12 - [TEST_STEP][PASSED] - out.println("Pass Record Number: " + row): null

2024-05-15 23:59:12 - [TEST_STEP][PASSED] - resText = "Pass": null

2024-05-15 23:59:12 - [TEST_STEP][PASSED] - pages.WriteExcel.demoKey(resText, datText, resColumn, datCloumn, fileLoc, nameSheet, row): pages.WriteExcel.demoKey is PASSED

2024-05-15 23:59:12 - [MESSAGE][PASSED] - pages.WriteExcel.demoKey is PASSED

2024-05-15 23:59:12 - [TEST_STEP][PASSED] - sdfo = getText(findTestObject("Object Repository/Page_VLinkReceipt/pre_STX")): Text of object 'Object Repository/Page_VLinkReceipt/pre_STX' is: '<STX>HqyAiA9Xh118                                      2  Transaction failed                                20 Missing parameter: message_version                                                      <ETX>'

2024-05-15 23:59:12 - [MESSAGE][PASSED] - Text of object 'Object Repository/Page_VLinkReceipt/pre_STX' is: '<STX>HqyAiA9Xh118                                      2  Transaction failed                                20 Missing parameter: message_version                                                      <ETX>'

2024-05-15 23:59:12 - [TEST_STEP][PASSED] - out.println("sdfo: " + sdfo): null

2024-05-15 23:59:12 - [TEST_STEP][PASSED] - remID = substring(5, 35).trim(): null

2024-05-15 23:59:12 - [TEST_STEP][PASSED] - out.println("Remittance ID: " + remID): null

2024-05-15 23:59:12 - [TEST_STEP][PASSED] - traxID = substring(35, 55).trim(): null

2024-05-15 23:59:12 - [TEST_STEP][PASSED] - out.println("Transaction ID: " + traxID): null

2024-05-15 23:59:12 - [TEST_STEP][PASSED] - out.println("End Record Number: " + row): null

2024-05-15 23:59:12 - [TEST_STEP][PASSED] - closeBrowser(): Browser is closed

2024-05-15 23:59:14 - [MESSAGE][PASSED] - Browser is closed

2024-05-15 23:59:14 - [TEST_STEP][PASSED] - ExecuteTC = findTestData(dataFile).getValue("Execute", row): null

2024-05-15 23:59:14 - [TEST_STEP][PASSED] - out.println("Value of Execute is : " + ExecuteTC): null

2024-05-15 23:59:14 - [TEST_STEP][PASSED] - errorMsg = findTestData(dataFile).getValue("ErrorMsg", row): null

2024-05-15 23:59:14 - [TEST_STEP][PASSED] - if (ExecuteTC.equalsIgnoreCase("Y")): Browser is closed

2024-05-15 23:59:14 - [TEST_STEP][PASSED] - out.println("Begin Record Number: " + row): null

2024-05-15 23:59:14 - [TEST_STEP][PASSED] - today = new java.util.Date(): null

2024-05-15 23:59:14 - [TEST_STEP][PASSED] - println(today): null

2024-05-15 23:59:14 - [TEST_STEP][PASSED] - datText = today: null

2024-05-15 23:59:14 - [TEST_STEP][PASSED] - openBrowser(VLinkURL + "authcap.html"): Browser is opened with url: 'https://dev-algorithm.govolution.com/vlinktest/QA2/version_2_0/authcap.html'

2024-05-15 23:59:14 - [MESSAGE][INFO] - Starting 'Chrome' driver

2024-05-15 23:59:14 - [MESSAGE][INFO] - User set preference: ['acceptInsecureCerts', 'true']

2024-05-15 23:59:14 - [MESSAGE][INFO] - Action delay is set to 0 milliseconds

2024-05-15 23:59:16 - [MESSAGE][PASSED] - Browser is opened with url: 'https://dev-algorithm.govolution.com/vlinktest/QA2/version_2_0/authcap.html'

2024-05-15 23:59:16 - [TEST_STEP][PASSED] - maximizeWindow(): Current window maximized

2024-05-15 23:59:16 - [MESSAGE][PASSED] - Current window maximized

2024-05-15 23:59:16 - [TEST_STEP][PASSED] - vlinkPages.saleCCPage.setDataSCC(row, dataFile): vlinkPages.saleCCPage.setDataSCC is PASSED

2024-05-15 23:59:21 - [MESSAGE][PASSED] - Object 'Object Repository/VLink/Page_CCSale/txt_CardNumber' is present

2024-05-15 23:59:21 - [MESSAGE][PASSED] - Text '104' is set on object 'Object Repository/VLink/Page_CCSale/txt_TransactionType'

2024-05-15 23:59:22 - [MESSAGE][PASSED] - Text '' is set on object 'Object Repository/VLink/Page_CCSale/txt_MessageVersion'

2024-05-15 23:59:23 - [MESSAGE][PASSED] - Text 'RdaMLNnbTZps' is set on object 'Object Repository/VLink/Page_CCSale/txt_RemID'

2024-05-15 23:59:23 - [MESSAGE][PASSED] - Text '234' is set on object 'Object Repository/VLink/Page_CCSale/txt_ApplicationId'

2024-05-15 23:59:24 - [MESSAGE][PASSED] - Text 'username' is set on object 'Object Repository/VLink/Page_CCSale/txt_Username'

2024-05-15 23:59:25 - [MESSAGE][PASSED] - Text 'password' is set on object 'Object Repository/VLink/Page_CCSale/txt_Password'

2024-05-15 23:59:26 - [MESSAGE][PASSED] - Text 'fixed_width' is set on object 'Object Repository/VLink/Page_CCSale/txt_ResponseFormat'

2024-05-15 23:59:27 - [MESSAGE][PASSED] - Text 'MOTO' is set on object 'Object Repository/VLink/Page_CCSale/txt_Category'

2024-05-15 23:59:27 - [MESSAGE][PASSED] - Text '' is set on object 'Object Repository/VLink/Page_CCSale/txt_TransactionID'

2024-05-15 23:59:28 - [MESSAGE][PASSED] - Text '' is set on object 'Object Repository/VLink/Page_CCSale/txt_ApprovalCode'

2024-05-15 23:59:29 - [MESSAGE][PASSED] - Text 'Kris Roshan' is set on object 'Object Repository/VLink/Page_CCSale/txt_CardName'

2024-05-15 23:59:29 - [MESSAGE][PASSED] - Text '258 Elm Road' is set on object 'Object Repository/VLink/Page_CCSale/txt_AL1'

2024-05-15 23:59:30 - [MESSAGE][PASSED] - Text 'Suite 56' is set on object 'Object Repository/VLink/Page_CCSale/txt_AL2'

2024-05-15 23:59:30 - [MESSAGE][PASSED] - Text 'Arlington' is set on object 'Object Repository/VLink/Page_CCSale/txt_CardCity'

2024-05-15 23:59:31 - [MESSAGE][PASSED] - Text 'VA' is set on object 'Object Repository/VLink/Page_CCSale/txt_CardState'

2024-05-15 23:59:32 - [MESSAGE][PASSED] - Text '22201' is set on object 'Object Repository/VLink/Page_CCSale/txt_CardZIP'

2024-05-15 23:59:32 - [MESSAGE][PASSED] - Text '840' is set on object 'Object Repository/VLink/Page_CCSale/txt_CountryID'

2024-05-15 23:59:33 - [MESSAGE][PASSED] - Text '1.50' is set on object 'Object Repository/VLink/Page_CCSale/txt_Amount'

2024-05-15 23:59:34 - [MESSAGE][PASSED] - Text '4111111111111111' is set on object 'Object Repository/VLink/Page_CCSale/txt_CardNumber'

2024-05-15 23:59:34 - [MESSAGE][PASSED] - Text '12' is set on object 'Object Repository/VLink/Page_CCSale/txt_ExpMonth'

2024-05-15 23:59:35 - [MESSAGE][PASSED] - Text '2025' is set on object 'Object Repository/VLink/Page_CCSale/txt_ExpYear'

2024-05-15 23:59:36 - [MESSAGE][PASSED] - Text '' is set on object 'Object Repository/VLink/Page_CCSale/txt_CVV'

2024-05-15 23:59:36 - [MESSAGE][PASSED] - Text '' is set on object 'Object Repository/VLink/Page_CCSale/txt_CVVstate'

2024-05-15 23:59:37 - [MESSAGE][PASSED] - Text '' is set on object 'Object Repository/VLink/Page_CCSale/txt_TrackData'

2024-05-15 23:59:37 - [MESSAGE][PASSED] - Text '' is set on object 'Object Repository/VLink/Page_CCSale/txt_Track1Data'

2024-05-15 23:59:38 - [MESSAGE][PASSED] - Text '' is set on object 'Object Repository/VLink/Page_CCSale/txt_Track2Data'

2024-05-15 23:59:39 - [MESSAGE][PASSED] - Text 'manual' is set on object 'Object Repository/VLink/Page_CCSale/txt_POSEntryMode'

2024-05-15 23:59:39 - [MESSAGE][PASSED] - Text 'iahmed@govolution.com' is set on object 'Object Repository/VLink/Page_CCSale/txt_Email'

2024-05-15 23:59:40 - [MESSAGE][PASSED] - Text '2569362' is set on object 'Object Repository/VLink/Page_CCSale/txt_OrderNumber'

2024-05-15 23:59:41 - [MESSAGE][PASSED] - Text '1.15' is set on object 'Object Repository/VLink/Page_CCSale/txt_TaxAmount'

2024-05-15 23:59:41 - [MESSAGE][PASSED] - Text 'Charge Description' is set on object 'Object Repository/VLink/Page_CCSale/txt_ChargeDescription'

2024-05-15 23:59:42 - [MESSAGE][PASSED] - Text '147357' is set on object 'Object Repository/VLink/Page_CCSale/txt_CAN'

2024-05-15 23:59:42 - [MESSAGE][PASSED] - Text '1' is set on object 'Object Repository/VLink/Page_CCSale/txt_BillPaymentIndicator'

2024-05-15 23:59:43 - [MESSAGE][PASSED] - Text 'UDF Data 1' is set on object 'Object Repository/VLink/Page_CCSale/txt_UDF1'

2024-05-15 23:59:44 - [MESSAGE][PASSED] - Text 'UDF Data 2' is set on object 'Object Repository/VLink/Page_CCSale/txt_UDF2'

2024-05-15 23:59:44 - [MESSAGE][PASSED] - Text 'UDF Data 3' is set on object 'Object Repository/VLink/Page_CCSale/txt_UDF3'

2024-05-15 23:59:45 - [MESSAGE][PASSED] - Text 'UDF Data 4' is set on object 'Object Repository/VLink/Page_CCSale/txt_UDF4'

2024-05-15 23:59:46 - [MESSAGE][PASSED] - Text 'UDF Data 5' is set on object 'Object Repository/VLink/Page_CCSale/txt_UDF5'

2024-05-15 23:59:46 - [MESSAGE][PASSED] - Text 'UDF Data 6' is set on object 'Object Repository/VLink/Page_CCSale/txt_UDF6'

2024-05-15 23:59:47 - [MESSAGE][PASSED] - Text 'UDF Data 7' is set on object 'Object Repository/VLink/Page_CCSale/txt_UDF7'

2024-05-15 23:59:47 - [MESSAGE][PASSED] - Text 'UDF Data 8' is set on object 'Object Repository/VLink/Page_CCSale/txt_UDF8'

2024-05-15 23:59:48 - [MESSAGE][PASSED] - Text 'UDF Data 9' is set on object 'Object Repository/VLink/Page_CCSale/txt_UDF9'

2024-05-15 23:59:49 - [MESSAGE][PASSED] - Text 'UDF Data 10' is set on object 'Object Repository/VLink/Page_CCSale/txt_UDF10'

2024-05-15 23:59:49 - [MESSAGE][PASSED] - Object: 'Object Repository/VLink/Page_CCSale/btn_ProcessVLinkTransaction' is clicked on

2024-05-15 23:59:54 - [MESSAGE][PASSED] - vlinkPages.saleCCPage.setDataSCC is PASSED

2024-05-15 23:59:54 - [TEST_STEP][PASSED] - if (verifyTextPresent(errorMsg, true)): null

2024-05-15 23:59:55 - [MESSAGE][PASSED] - Text 'Missing parameter: message_version' is present on page  using regular expression

2024-05-15 23:59:55 - [TEST_STEP][PASSED] - println("Error Message is present on the Confirmation page"): null

2024-05-15 23:59:55 - [TEST_STEP][PASSED] - out.println("Pass Record Number: " + row): null

2024-05-15 23:59:55 - [TEST_STEP][PASSED] - resText = "Pass": null

2024-05-15 23:59:55 - [TEST_STEP][PASSED] - pages.WriteExcel.demoKey(resText, datText, resColumn, datCloumn, fileLoc, nameSheet, row): pages.WriteExcel.demoKey is PASSED

2024-05-15 23:59:55 - [MESSAGE][PASSED] - pages.WriteExcel.demoKey is PASSED

2024-05-15 23:59:55 - [TEST_STEP][PASSED] - sdfo = getText(findTestObject("Object Repository/Page_VLinkReceipt/pre_STX")): Text of object 'Object Repository/Page_VLinkReceipt/pre_STX' is: '<STX>RdaMLNnbTZps                                      2  Transaction failed                                20 Missing parameter: message_version                                                      <ETX>'

2024-05-15 23:59:55 - [MESSAGE][PASSED] - Text of object 'Object Repository/Page_VLinkReceipt/pre_STX' is: '<STX>RdaMLNnbTZps                                      2  Transaction failed                                20 Missing parameter: message_version                                                      <ETX>'

2024-05-15 23:59:55 - [TEST_STEP][PASSED] - out.println("sdfo: " + sdfo): null

2024-05-15 23:59:55 - [TEST_STEP][PASSED] - remID = substring(5, 35).trim(): null

2024-05-15 23:59:55 - [TEST_STEP][PASSED] - out.println("Remittance ID: " + remID): null

2024-05-15 23:59:55 - [TEST_STEP][PASSED] - traxID = substring(35, 55).trim(): null

2024-05-15 23:59:55 - [TEST_STEP][PASSED] - out.println("Transaction ID: " + traxID): null

2024-05-15 23:59:55 - [TEST_STEP][PASSED] - out.println("End Record Number: " + row): null

2024-05-15 23:59:55 - [TEST_STEP][PASSED] - closeBrowser(): Browser is closed

2024-05-15 23:59:56 - [MESSAGE][PASSED] - Browser is closed

2024-05-15 23:59:56 - [TEST_STEP][PASSED] - ExecuteTC = findTestData(dataFile).getValue("Execute", row): null

2024-05-15 23:59:57 - [TEST_STEP][PASSED] - out.println("Value of Execute is : " + ExecuteTC): null

2024-05-15 23:59:57 - [TEST_STEP][PASSED] - errorMsg = findTestData(dataFile).getValue("ErrorMsg", row): null

2024-05-15 23:59:57 - [TEST_STEP][PASSED] - if (ExecuteTC.equalsIgnoreCase("Y")): Browser is closed

2024-05-15 23:59:57 - [TEST_STEP][PASSED] - out.println("Begin Record Number: " + row): null

2024-05-15 23:59:57 - [TEST_STEP][PASSED] - today = new java.util.Date(): null

2024-05-15 23:59:57 - [TEST_STEP][PASSED] - println(today): null

2024-05-15 23:59:57 - [TEST_STEP][PASSED] - datText = today: null

2024-05-15 23:59:57 - [TEST_STEP][PASSED] - openBrowser(VLinkURL + "authcap.html"): Browser is opened with url: 'https://dev-algorithm.govolution.com/vlinktest/QA2/version_2_0/authcap.html'

2024-05-15 23:59:57 - [MESSAGE][INFO] - Starting 'Chrome' driver

2024-05-15 23:59:57 - [MESSAGE][INFO] - User set preference: ['acceptInsecureCerts', 'true']

2024-05-15 23:59:57 - [MESSAGE][INFO] - Action delay is set to 0 milliseconds

2024-05-15 23:59:59 - [MESSAGE][PASSED] - Browser is opened with url: 'https://dev-algorithm.govolution.com/vlinktest/QA2/version_2_0/authcap.html'

2024-05-15 23:59:59 - [TEST_STEP][PASSED] - maximizeWindow(): Current window maximized

2024-05-15 23:59:59 - [MESSAGE][PASSED] - Current window maximized

2024-05-15 23:59:59 - [TEST_STEP][PASSED] - vlinkPages.saleCCPage.setDataSCC(row, dataFile): vlinkPages.saleCCPage.setDataSCC is PASSED

2024-05-16 00:00:03 - [MESSAGE][PASSED] - Object 'Object Repository/VLink/Page_CCSale/txt_CardNumber' is present

2024-05-16 00:00:04 - [MESSAGE][PASSED] - Text '104' is set on object 'Object Repository/VLink/Page_CCSale/txt_TransactionType'

2024-05-16 00:00:05 - [MESSAGE][PASSED] - Text '' is set on object 'Object Repository/VLink/Page_CCSale/txt_MessageVersion'

2024-05-16 00:00:05 - [MESSAGE][PASSED] - Text '6HS1Wax3uL7L' is set on object 'Object Repository/VLink/Page_CCSale/txt_RemID'

2024-05-16 00:00:06 - [MESSAGE][PASSED] - Text '234' is set on object 'Object Repository/VLink/Page_CCSale/txt_ApplicationId'

2024-05-16 00:00:07 - [MESSAGE][PASSED] - Text 'username' is set on object 'Object Repository/VLink/Page_CCSale/txt_Username'

2024-05-16 00:00:07 - [MESSAGE][PASSED] - Text 'password' is set on object 'Object Repository/VLink/Page_CCSale/txt_Password'

2024-05-16 00:00:08 - [MESSAGE][PASSED] - Text 'fixed_width' is set on object 'Object Repository/VLink/Page_CCSale/txt_ResponseFormat'

2024-05-16 00:00:09 - [MESSAGE][PASSED] - Text 'RETL' is set on object 'Object Repository/VLink/Page_CCSale/txt_Category'

2024-05-16 00:00:09 - [MESSAGE][PASSED] - Text '' is set on object 'Object Repository/VLink/Page_CCSale/txt_TransactionID'

2024-05-16 00:00:10 - [MESSAGE][PASSED] - Text '' is set on object 'Object Repository/VLink/Page_CCSale/txt_ApprovalCode'

2024-05-16 00:00:11 - [MESSAGE][PASSED] - Text 'Kris Roshan' is set on object 'Object Repository/VLink/Page_CCSale/txt_CardName'

2024-05-16 00:00:11 - [MESSAGE][PASSED] - Text '258 Elm Road' is set on object 'Object Repository/VLink/Page_CCSale/txt_AL1'

2024-05-16 00:00:12 - [MESSAGE][PASSED] - Text 'Suite 56' is set on object 'Object Repository/VLink/Page_CCSale/txt_AL2'

2024-05-16 00:00:13 - [MESSAGE][PASSED] - Text 'Arlington' is set on object 'Object Repository/VLink/Page_CCSale/txt_CardCity'

2024-05-16 00:00:13 - [MESSAGE][PASSED] - Text 'VA' is set on object 'Object Repository/VLink/Page_CCSale/txt_CardState'

2024-05-16 00:00:14 - [MESSAGE][PASSED] - Text '22201' is set on object 'Object Repository/VLink/Page_CCSale/txt_CardZIP'

2024-05-16 00:00:15 - [MESSAGE][PASSED] - Text '840' is set on object 'Object Repository/VLink/Page_CCSale/txt_CountryID'

2024-05-16 00:00:15 - [MESSAGE][PASSED] - Text '1.50' is set on object 'Object Repository/VLink/Page_CCSale/txt_Amount'

2024-05-16 00:00:16 - [MESSAGE][PASSED] - Text '4111111111111111' is set on object 'Object Repository/VLink/Page_CCSale/txt_CardNumber'

2024-05-16 00:00:17 - [MESSAGE][PASSED] - Text '12' is set on object 'Object Repository/VLink/Page_CCSale/txt_ExpMonth'

2024-05-16 00:00:17 - [MESSAGE][PASSED] - Text '2025' is set on object 'Object Repository/VLink/Page_CCSale/txt_ExpYear'

2024-05-16 00:00:18 - [MESSAGE][PASSED] - Text '' is set on object 'Object Repository/VLink/Page_CCSale/txt_CVV'

2024-05-16 00:00:18 - [MESSAGE][PASSED] - Text '' is set on object 'Object Repository/VLink/Page_CCSale/txt_CVVstate'

2024-05-16 00:00:19 - [MESSAGE][PASSED] - Text '' is set on object 'Object Repository/VLink/Page_CCSale/txt_TrackData'

2024-05-16 00:00:20 - [MESSAGE][PASSED] - Text '' is set on object 'Object Repository/VLink/Page_CCSale/txt_Track1Data'

2024-05-16 00:00:20 - [MESSAGE][PASSED] - Text '' is set on object 'Object Repository/VLink/Page_CCSale/txt_Track2Data'

2024-05-16 00:00:21 - [MESSAGE][PASSED] - Text 'manual' is set on object 'Object Repository/VLink/Page_CCSale/txt_POSEntryMode'

2024-05-16 00:00:21 - [MESSAGE][PASSED] - Text 'iahmed@govolution.com' is set on object 'Object Repository/VLink/Page_CCSale/txt_Email'

2024-05-16 00:00:22 - [MESSAGE][PASSED] - Text '2569362' is set on object 'Object Repository/VLink/Page_CCSale/txt_OrderNumber'

2024-05-16 00:00:23 - [MESSAGE][PASSED] - Text '1.15' is set on object 'Object Repository/VLink/Page_CCSale/txt_TaxAmount'

2024-05-16 00:00:23 - [MESSAGE][PASSED] - Text 'Charge Description' is set on object 'Object Repository/VLink/Page_CCSale/txt_ChargeDescription'

2024-05-16 00:00:24 - [MESSAGE][PASSED] - Text '147357' is set on object 'Object Repository/VLink/Page_CCSale/txt_CAN'

2024-05-16 00:00:25 - [MESSAGE][PASSED] - Text '1' is set on object 'Object Repository/VLink/Page_CCSale/txt_BillPaymentIndicator'

2024-05-16 00:00:25 - [MESSAGE][PASSED] - Text 'UDF Data 1' is set on object 'Object Repository/VLink/Page_CCSale/txt_UDF1'

2024-05-16 00:00:26 - [MESSAGE][PASSED] - Text 'UDF Data 2' is set on object 'Object Repository/VLink/Page_CCSale/txt_UDF2'

2024-05-16 00:00:27 - [MESSAGE][PASSED] - Text 'UDF Data 3' is set on object 'Object Repository/VLink/Page_CCSale/txt_UDF3'

2024-05-16 00:00:27 - [MESSAGE][PASSED] - Text 'UDF Data 4' is set on object 'Object Repository/VLink/Page_CCSale/txt_UDF4'

2024-05-16 00:00:28 - [MESSAGE][PASSED] - Text 'UDF Data 5' is set on object 'Object Repository/VLink/Page_CCSale/txt_UDF5'

2024-05-16 00:00:28 - [MESSAGE][PASSED] - Text 'UDF Data 6' is set on object 'Object Repository/VLink/Page_CCSale/txt_UDF6'

2024-05-16 00:00:29 - [MESSAGE][PASSED] - Text 'UDF Data 7' is set on object 'Object Repository/VLink/Page_CCSale/txt_UDF7'

2024-05-16 00:00:30 - [MESSAGE][PASSED] - Text 'UDF Data 8' is set on object 'Object Repository/VLink/Page_CCSale/txt_UDF8'

2024-05-16 00:00:30 - [MESSAGE][PASSED] - Text 'UDF Data 9' is set on object 'Object Repository/VLink/Page_CCSale/txt_UDF9'

2024-05-16 00:00:31 - [MESSAGE][PASSED] - Text 'UDF Data 10' is set on object 'Object Repository/VLink/Page_CCSale/txt_UDF10'

2024-05-16 00:00:32 - [MESSAGE][PASSED] - Object: 'Object Repository/VLink/Page_CCSale/btn_ProcessVLinkTransaction' is clicked on

2024-05-16 00:00:37 - [MESSAGE][PASSED] - vlinkPages.saleCCPage.setDataSCC is PASSED

2024-05-16 00:00:37 - [TEST_STEP][PASSED] - if (verifyTextPresent(errorMsg, true)): null

2024-05-16 00:00:37 - [MESSAGE][PASSED] - Text 'Missing parameter: message_version' is present on page  using regular expression

2024-05-16 00:00:37 - [TEST_STEP][PASSED] - println("Error Message is present on the Confirmation page"): null

2024-05-16 00:00:37 - [TEST_STEP][PASSED] - out.println("Pass Record Number: " + row): null

2024-05-16 00:00:37 - [TEST_STEP][PASSED] - resText = "Pass": null

2024-05-16 00:00:37 - [TEST_STEP][PASSED] - pages.WriteExcel.demoKey(resText, datText, resColumn, datCloumn, fileLoc, nameSheet, row): pages.WriteExcel.demoKey is PASSED

2024-05-16 00:00:37 - [MESSAGE][PASSED] - pages.WriteExcel.demoKey is PASSED

2024-05-16 00:00:37 - [TEST_STEP][PASSED] - sdfo = getText(findTestObject("Object Repository/Page_VLinkReceipt/pre_STX")): Text of object 'Object Repository/Page_VLinkReceipt/pre_STX' is: '<STX>6HS1Wax3uL7L                                      2  Transaction failed                                20 Missing parameter: message_version                                                      <ETX>'

2024-05-16 00:00:37 - [MESSAGE][PASSED] - Text of object 'Object Repository/Page_VLinkReceipt/pre_STX' is: '<STX>6HS1Wax3uL7L                                      2  Transaction failed                                20 Missing parameter: message_version                                                      <ETX>'

2024-05-16 00:00:37 - [TEST_STEP][PASSED] - out.println("sdfo: " + sdfo): null

2024-05-16 00:00:37 - [TEST_STEP][PASSED] - remID = substring(5, 35).trim(): null

2024-05-16 00:00:37 - [TEST_STEP][PASSED] - out.println("Remittance ID: " + remID): null

2024-05-16 00:00:37 - [TEST_STEP][PASSED] - traxID = substring(35, 55).trim(): null

2024-05-16 00:00:37 - [TEST_STEP][PASSED] - out.println("Transaction ID: " + traxID): null

2024-05-16 00:00:37 - [TEST_STEP][PASSED] - out.println("End Record Number: " + row): null

2024-05-16 00:00:37 - [TEST_STEP][PASSED] - closeBrowser(): Browser is closed

2024-05-16 00:00:39 - [MESSAGE][PASSED] - Browser is closed

2024-05-16 00:00:39 - [TEST_STEP][PASSED] - ExecuteTC = findTestData(dataFile).getValue("Execute", row): null

2024-05-16 00:00:39 - [TEST_STEP][PASSED] - out.println("Value of Execute is : " + ExecuteTC): null

2024-05-16 00:00:39 - [TEST_STEP][PASSED] - errorMsg = findTestData(dataFile).getValue("ErrorMsg", row): null

2024-05-16 00:00:39 - [TEST_STEP][PASSED] - if (ExecuteTC.equalsIgnoreCase("Y")): Browser is closed

2024-05-16 00:00:39 - [TEST_STEP][PASSED] - out.println("Begin Record Number: " + row): null

2024-05-16 00:00:39 - [TEST_STEP][PASSED] - today = new java.util.Date(): null

2024-05-16 00:00:39 - [TEST_STEP][PASSED] - println(today): null

2024-05-16 00:00:39 - [TEST_STEP][PASSED] - datText = today: null

2024-05-16 00:00:39 - [TEST_STEP][PASSED] - openBrowser(VLinkURL + "authcap.html"): Browser is opened with url: 'https://dev-algorithm.govolution.com/vlinktest/QA2/version_2_0/authcap.html'

2024-05-16 00:00:39 - [MESSAGE][INFO] - Starting 'Chrome' driver

2024-05-16 00:00:39 - [MESSAGE][INFO] - User set preference: ['acceptInsecureCerts', 'true']

2024-05-16 00:00:39 - [MESSAGE][INFO] - Action delay is set to 0 milliseconds

2024-05-16 00:00:41 - [MESSAGE][PASSED] - Browser is opened with url: 'https://dev-algorithm.govolution.com/vlinktest/QA2/version_2_0/authcap.html'

2024-05-16 00:00:41 - [TEST_STEP][PASSED] - maximizeWindow(): Current window maximized

2024-05-16 00:00:41 - [MESSAGE][PASSED] - Current window maximized

2024-05-16 00:00:41 - [TEST_STEP][PASSED] - vlinkPages.saleCCPage.setDataSCC(row, dataFile): vlinkPages.saleCCPage.setDataSCC is PASSED

2024-05-16 00:00:46 - [MESSAGE][PASSED] - Object 'Object Repository/VLink/Page_CCSale/txt_CardNumber' is present

2024-05-16 00:00:46 - [MESSAGE][PASSED] - Text '104' is set on object 'Object Repository/VLink/Page_CCSale/txt_TransactionType'

2024-05-16 00:00:47 - [MESSAGE][PASSED] - Text '2.0C' is set on object 'Object Repository/VLink/Page_CCSale/txt_MessageVersion'

2024-05-16 00:00:48 - [MESSAGE][PASSED] - Text '8GWRDEawb57K' is set on object 'Object Repository/VLink/Page_CCSale/txt_RemID'

2024-05-16 00:00:48 - [MESSAGE][PASSED] - Text '' is set on object 'Object Repository/VLink/Page_CCSale/txt_ApplicationId'

2024-05-16 00:00:49 - [MESSAGE][PASSED] - Text 'username' is set on object 'Object Repository/VLink/Page_CCSale/txt_Username'

2024-05-16 00:00:50 - [MESSAGE][PASSED] - Text 'password' is set on object 'Object Repository/VLink/Page_CCSale/txt_Password'

2024-05-16 00:00:50 - [MESSAGE][PASSED] - Text 'fixed_width' is set on object 'Object Repository/VLink/Page_CCSale/txt_ResponseFormat'

2024-05-16 00:00:51 - [MESSAGE][PASSED] - Text 'ECOM' is set on object 'Object Repository/VLink/Page_CCSale/txt_Category'

2024-05-16 00:00:52 - [MESSAGE][PASSED] - Text '' is set on object 'Object Repository/VLink/Page_CCSale/txt_TransactionID'

2024-05-16 00:00:52 - [MESSAGE][PASSED] - Text '' is set on object 'Object Repository/VLink/Page_CCSale/txt_ApprovalCode'

2024-05-16 00:00:53 - [MESSAGE][PASSED] - Text 'Kris Roshan' is set on object 'Object Repository/VLink/Page_CCSale/txt_CardName'

2024-05-16 00:00:54 - [MESSAGE][PASSED] - Text '258 Elm Road' is set on object 'Object Repository/VLink/Page_CCSale/txt_AL1'

2024-05-16 00:00:54 - [MESSAGE][PASSED] - Text 'Suite 56' is set on object 'Object Repository/VLink/Page_CCSale/txt_AL2'

2024-05-16 00:00:55 - [MESSAGE][PASSED] - Text 'Arlington' is set on object 'Object Repository/VLink/Page_CCSale/txt_CardCity'

2024-05-16 00:00:56 - [MESSAGE][PASSED] - Text 'VA' is set on object 'Object Repository/VLink/Page_CCSale/txt_CardState'

2024-05-16 00:00:56 - [MESSAGE][PASSED] - Text '22201' is set on object 'Object Repository/VLink/Page_CCSale/txt_CardZIP'

2024-05-16 00:00:57 - [MESSAGE][PASSED] - Text '840' is set on object 'Object Repository/VLink/Page_CCSale/txt_CountryID'

2024-05-16 00:00:58 - [MESSAGE][PASSED] - Text '1.50' is set on object 'Object Repository/VLink/Page_CCSale/txt_Amount'

2024-05-16 00:00:58 - [MESSAGE][PASSED] - Text '4111111111111111' is set on object 'Object Repository/VLink/Page_CCSale/txt_CardNumber'

2024-05-16 00:00:59 - [MESSAGE][PASSED] - Text '12' is set on object 'Object Repository/VLink/Page_CCSale/txt_ExpMonth'

2024-05-16 00:00:59 - [MESSAGE][PASSED] - Text '2025' is set on object 'Object Repository/VLink/Page_CCSale/txt_ExpYear'

2024-05-16 00:01:00 - [MESSAGE][PASSED] - Text '' is set on object 'Object Repository/VLink/Page_CCSale/txt_CVV'

2024-05-16 00:01:01 - [MESSAGE][PASSED] - Text '' is set on object 'Object Repository/VLink/Page_CCSale/txt_CVVstate'

2024-05-16 00:01:01 - [MESSAGE][PASSED] - Text '' is set on object 'Object Repository/VLink/Page_CCSale/txt_TrackData'

2024-05-16 00:01:02 - [MESSAGE][PASSED] - Text '' is set on object 'Object Repository/VLink/Page_CCSale/txt_Track1Data'

2024-05-16 00:01:03 - [MESSAGE][PASSED] - Text '' is set on object 'Object Repository/VLink/Page_CCSale/txt_Track2Data'

2024-05-16 00:01:03 - [MESSAGE][PASSED] - Text 'manual' is set on object 'Object Repository/VLink/Page_CCSale/txt_POSEntryMode'

2024-05-16 00:01:04 - [MESSAGE][PASSED] - Text 'iahmed@govolution.com' is set on object 'Object Repository/VLink/Page_CCSale/txt_Email'

2024-05-16 00:01:04 - [MESSAGE][PASSED] - Text '2569362' is set on object 'Object Repository/VLink/Page_CCSale/txt_OrderNumber'

2024-05-16 00:01:05 - [MESSAGE][PASSED] - Text '1.15' is set on object 'Object Repository/VLink/Page_CCSale/txt_TaxAmount'

2024-05-16 00:01:06 - [MESSAGE][PASSED] - Text 'Charge Description' is set on object 'Object Repository/VLink/Page_CCSale/txt_ChargeDescription'

2024-05-16 00:01:06 - [MESSAGE][PASSED] - Text '147357' is set on object 'Object Repository/VLink/Page_CCSale/txt_CAN'

2024-05-16 00:01:07 - [MESSAGE][PASSED] - Text '1' is set on object 'Object Repository/VLink/Page_CCSale/txt_BillPaymentIndicator'

2024-05-16 00:01:08 - [MESSAGE][PASSED] - Text 'UDF Data 1' is set on object 'Object Repository/VLink/Page_CCSale/txt_UDF1'

2024-05-16 00:01:08 - [MESSAGE][PASSED] - Text 'UDF Data 2' is set on object 'Object Repository/VLink/Page_CCSale/txt_UDF2'

2024-05-16 00:01:09 - [MESSAGE][PASSED] - Text 'UDF Data 3' is set on object 'Object Repository/VLink/Page_CCSale/txt_UDF3'

2024-05-16 00:01:10 - [MESSAGE][PASSED] - Text 'UDF Data 4' is set on object 'Object Repository/VLink/Page_CCSale/txt_UDF4'

2024-05-16 00:01:10 - [MESSAGE][PASSED] - Text 'UDF Data 5' is set on object 'Object Repository/VLink/Page_CCSale/txt_UDF5'

2024-05-16 00:01:11 - [MESSAGE][PASSED] - Text 'UDF Data 6' is set on object 'Object Repository/VLink/Page_CCSale/txt_UDF6'

2024-05-16 00:01:11 - [MESSAGE][PASSED] - Text 'UDF Data 7' is set on object 'Object Repository/VLink/Page_CCSale/txt_UDF7'

2024-05-16 00:01:12 - [MESSAGE][PASSED] - Text 'UDF Data 8' is set on object 'Object Repository/VLink/Page_CCSale/txt_UDF8'

2024-05-16 00:01:13 - [MESSAGE][PASSED] - Text 'UDF Data 9' is set on object 'Object Repository/VLink/Page_CCSale/txt_UDF9'

2024-05-16 00:01:13 - [MESSAGE][PASSED] - Text 'UDF Data 10' is set on object 'Object Repository/VLink/Page_CCSale/txt_UDF10'

2024-05-16 00:01:14 - [MESSAGE][PASSED] - Object: 'Object Repository/VLink/Page_CCSale/btn_ProcessVLinkTransaction' is clicked on

2024-05-16 00:01:19 - [MESSAGE][PASSED] - vlinkPages.saleCCPage.setDataSCC is PASSED

2024-05-16 00:01:19 - [TEST_STEP][PASSED] - if (verifyTextPresent(errorMsg, true)): null

2024-05-16 00:01:19 - [MESSAGE][PASSED] - Text 'Missing parameter: application_id' is present on page  using regular expression

2024-05-16 00:01:19 - [TEST_STEP][PASSED] - println("Error Message is present on the Confirmation page"): null

2024-05-16 00:01:19 - [TEST_STEP][PASSED] - out.println("Pass Record Number: " + row): null

2024-05-16 00:01:19 - [TEST_STEP][PASSED] - resText = "Pass": null

2024-05-16 00:01:19 - [TEST_STEP][PASSED] - pages.WriteExcel.demoKey(resText, datText, resColumn, datCloumn, fileLoc, nameSheet, row): pages.WriteExcel.demoKey is PASSED

2024-05-16 00:01:19 - [MESSAGE][PASSED] - pages.WriteExcel.demoKey is PASSED

2024-05-16 00:01:19 - [TEST_STEP][PASSED] - sdfo = getText(findTestObject("Object Repository/Page_VLinkReceipt/pre_STX")): Text of object 'Object Repository/Page_VLinkReceipt/pre_STX' is: '<STX>8GWRDEawb57K                                      2  Transaction failed                                20 Missing parameter: application_id                                                       <ETX>'

2024-05-16 00:01:20 - [MESSAGE][PASSED] - Text of object 'Object Repository/Page_VLinkReceipt/pre_STX' is: '<STX>8GWRDEawb57K                                      2  Transaction failed                                20 Missing parameter: application_id                                                       <ETX>'

2024-05-16 00:01:20 - [TEST_STEP][PASSED] - out.println("sdfo: " + sdfo): null

2024-05-16 00:01:20 - [TEST_STEP][PASSED] - remID = substring(5, 35).trim(): null

2024-05-16 00:01:20 - [TEST_STEP][PASSED] - out.println("Remittance ID: " + remID): null

2024-05-16 00:01:20 - [TEST_STEP][PASSED] - traxID = substring(35, 55).trim(): null

2024-05-16 00:01:20 - [TEST_STEP][PASSED] - out.println("Transaction ID: " + traxID): null

2024-05-16 00:01:20 - [TEST_STEP][PASSED] - out.println("End Record Number: " + row): null

2024-05-16 00:01:20 - [TEST_STEP][PASSED] - closeBrowser(): Browser is closed

2024-05-16 00:01:21 - [MESSAGE][PASSED] - Browser is closed

2024-05-16 00:01:21 - [TEST_STEP][PASSED] - ExecuteTC = findTestData(dataFile).getValue("Execute", row): null

2024-05-16 00:01:21 - [TEST_STEP][PASSED] - out.println("Value of Execute is : " + ExecuteTC): null

2024-05-16 00:01:21 - [TEST_STEP][PASSED] - errorMsg = findTestData(dataFile).getValue("ErrorMsg", row): null

2024-05-16 00:01:21 - [TEST_STEP][PASSED] - if (ExecuteTC.equalsIgnoreCase("Y")): Browser is closed

2024-05-16 00:01:21 - [TEST_STEP][PASSED] - out.println("Begin Record Number: " + row): null

2024-05-16 00:01:21 - [TEST_STEP][PASSED] - today = new java.util.Date(): null

2024-05-16 00:01:21 - [TEST_STEP][PASSED] - println(today): null

2024-05-16 00:01:21 - [TEST_STEP][PASSED] - datText = today: null

2024-05-16 00:01:21 - [TEST_STEP][PASSED] - openBrowser(VLinkURL + "authcap.html"): Browser is opened with url: 'https://dev-algorithm.govolution.com/vlinktest/QA2/version_2_0/authcap.html'

2024-05-16 00:01:21 - [MESSAGE][INFO] - Starting 'Chrome' driver

2024-05-16 00:01:21 - [MESSAGE][INFO] - User set preference: ['acceptInsecureCerts', 'true']

2024-05-16 00:01:21 - [MESSAGE][INFO] - Action delay is set to 0 milliseconds

2024-05-16 00:01:23 - [MESSAGE][PASSED] - Browser is opened with url: 'https://dev-algorithm.govolution.com/vlinktest/QA2/version_2_0/authcap.html'

2024-05-16 00:01:23 - [TEST_STEP][PASSED] - maximizeWindow(): Current window maximized

2024-05-16 00:01:24 - [MESSAGE][PASSED] - Current window maximized

2024-05-16 00:01:24 - [TEST_STEP][PASSED] - vlinkPages.saleCCPage.setDataSCC(row, dataFile): vlinkPages.saleCCPage.setDataSCC is PASSED

2024-05-16 00:01:28 - [MESSAGE][PASSED] - Object 'Object Repository/VLink/Page_CCSale/txt_CardNumber' is present

2024-05-16 00:01:29 - [MESSAGE][PASSED] - Text '104' is set on object 'Object Repository/VLink/Page_CCSale/txt_TransactionType'

2024-05-16 00:01:29 - [MESSAGE][PASSED] - Text '2.0C' is set on object 'Object Repository/VLink/Page_CCSale/txt_MessageVersion'

2024-05-16 00:01:30 - [MESSAGE][PASSED] - Text 'NC5ClfJFmYmB' is set on object 'Object Repository/VLink/Page_CCSale/txt_RemID'

2024-05-16 00:01:31 - [MESSAGE][PASSED] - Text '' is set on object 'Object Repository/VLink/Page_CCSale/txt_ApplicationId'

2024-05-16 00:01:31 - [MESSAGE][PASSED] - Text 'username' is set on object 'Object Repository/VLink/Page_CCSale/txt_Username'

2024-05-16 00:01:32 - [MESSAGE][PASSED] - Text 'password' is set on object 'Object Repository/VLink/Page_CCSale/txt_Password'

2024-05-16 00:01:33 - [MESSAGE][PASSED] - Text 'fixed_width' is set on object 'Object Repository/VLink/Page_CCSale/txt_ResponseFormat'

2024-05-16 00:01:33 - [MESSAGE][PASSED] - Text 'MOTO' is set on object 'Object Repository/VLink/Page_CCSale/txt_Category'

2024-05-16 00:01:34 - [MESSAGE][PASSED] - Text '' is set on object 'Object Repository/VLink/Page_CCSale/txt_TransactionID'

2024-05-16 00:01:35 - [MESSAGE][PASSED] - Text '' is set on object 'Object Repository/VLink/Page_CCSale/txt_ApprovalCode'

2024-05-16 00:01:35 - [MESSAGE][PASSED] - Text 'Kris Roshan' is set on object 'Object Repository/VLink/Page_CCSale/txt_CardName'

2024-05-16 00:01:36 - [MESSAGE][PASSED] - Text '258 Elm Road' is set on object 'Object Repository/VLink/Page_CCSale/txt_AL1'

2024-05-16 00:01:37 - [MESSAGE][PASSED] - Text 'Suite 56' is set on object 'Object Repository/VLink/Page_CCSale/txt_AL2'

2024-05-16 00:01:37 - [MESSAGE][PASSED] - Text 'Arlington' is set on object 'Object Repository/VLink/Page_CCSale/txt_CardCity'

2024-05-16 00:01:38 - [MESSAGE][PASSED] - Text 'VA' is set on object 'Object Repository/VLink/Page_CCSale/txt_CardState'

2024-05-16 00:01:39 - [MESSAGE][PASSED] - Text '22201' is set on object 'Object Repository/VLink/Page_CCSale/txt_CardZIP'

2024-05-16 00:01:39 - [MESSAGE][PASSED] - Text '840' is set on object 'Object Repository/VLink/Page_CCSale/txt_CountryID'

2024-05-16 00:01:40 - [MESSAGE][PASSED] - Text '1.50' is set on object 'Object Repository/VLink/Page_CCSale/txt_Amount'

2024-05-16 00:01:41 - [MESSAGE][PASSED] - Text '4111111111111111' is set on object 'Object Repository/VLink/Page_CCSale/txt_CardNumber'

2024-05-16 00:01:41 - [MESSAGE][PASSED] - Text '12' is set on object 'Object Repository/VLink/Page_CCSale/txt_ExpMonth'

2024-05-16 00:01:42 - [MESSAGE][PASSED] - Text '2025' is set on object 'Object Repository/VLink/Page_CCSale/txt_ExpYear'

2024-05-16 00:01:42 - [MESSAGE][PASSED] - Text '' is set on object 'Object Repository/VLink/Page_CCSale/txt_CVV'

2024-05-16 00:01:43 - [MESSAGE][PASSED] - Text '' is set on object 'Object Repository/VLink/Page_CCSale/txt_CVVstate'

2024-05-16 00:01:44 - [MESSAGE][PASSED] - Text '' is set on object 'Object Repository/VLink/Page_CCSale/txt_TrackData'

2024-05-16 00:01:44 - [MESSAGE][PASSED] - Text '' is set on object 'Object Repository/VLink/Page_CCSale/txt_Track1Data'

2024-05-16 00:01:45 - [MESSAGE][PASSED] - Text '' is set on object 'Object Repository/VLink/Page_CCSale/txt_Track2Data'

2024-05-16 00:01:46 - [MESSAGE][PASSED] - Text 'manual' is set on object 'Object Repository/VLink/Page_CCSale/txt_POSEntryMode'

2024-05-16 00:01:46 - [MESSAGE][PASSED] - Text 'iahmed@govolution.com' is set on object 'Object Repository/VLink/Page_CCSale/txt_Email'

2024-05-16 00:01:47 - [MESSAGE][PASSED] - Text '2569362' is set on object 'Object Repository/VLink/Page_CCSale/txt_OrderNumber'

2024-05-16 00:01:47 - [MESSAGE][PASSED] - Text '1.15' is set on object 'Object Repository/VLink/Page_CCSale/txt_TaxAmount'

2024-05-16 00:01:48 - [MESSAGE][PASSED] - Text 'Charge Description' is set on object 'Object Repository/VLink/Page_CCSale/txt_ChargeDescription'

2024-05-16 00:01:49 - [MESSAGE][PASSED] - Text '147357' is set on object 'Object Repository/VLink/Page_CCSale/txt_CAN'

2024-05-16 00:01:49 - [MESSAGE][PASSED] - Text '1' is set on object 'Object Repository/VLink/Page_CCSale/txt_BillPaymentIndicator'

2024-05-16 00:01:50 - [MESSAGE][PASSED] - Text 'UDF Data 1' is set on object 'Object Repository/VLink/Page_CCSale/txt_UDF1'

2024-05-16 00:01:51 - [MESSAGE][PASSED] - Text 'UDF Data 2' is set on object 'Object Repository/VLink/Page_CCSale/txt_UDF2'

2024-05-16 00:01:51 - [MESSAGE][PASSED] - Text 'UDF Data 3' is set on object 'Object Repository/VLink/Page_CCSale/txt_UDF3'

2024-05-16 00:01:52 - [MESSAGE][PASSED] - Text 'UDF Data 4' is set on object 'Object Repository/VLink/Page_CCSale/txt_UDF4'

2024-05-16 00:01:52 - [MESSAGE][PASSED] - Text 'UDF Data 5' is set on object 'Object Repository/VLink/Page_CCSale/txt_UDF5'

2024-05-16 00:01:53 - [MESSAGE][PASSED] - Text 'UDF Data 6' is set on object 'Object Repository/VLink/Page_CCSale/txt_UDF6'

2024-05-16 00:01:54 - [MESSAGE][PASSED] - Text 'UDF Data 7' is set on object 'Object Repository/VLink/Page_CCSale/txt_UDF7'

2024-05-16 00:01:54 - [MESSAGE][PASSED] - Text 'UDF Data 8' is set on object 'Object Repository/VLink/Page_CCSale/txt_UDF8'

2024-05-16 00:01:55 - [MESSAGE][PASSED] - Text 'UDF Data 9' is set on object 'Object Repository/VLink/Page_CCSale/txt_UDF9'

2024-05-16 00:01:56 - [MESSAGE][PASSED] - Text 'UDF Data 10' is set on object 'Object Repository/VLink/Page_CCSale/txt_UDF10'

2024-05-16 00:01:56 - [MESSAGE][PASSED] - Object: 'Object Repository/VLink/Page_CCSale/btn_ProcessVLinkTransaction' is clicked on

2024-05-16 00:02:01 - [MESSAGE][PASSED] - vlinkPages.saleCCPage.setDataSCC is PASSED

2024-05-16 00:02:01 - [TEST_STEP][PASSED] - if (verifyTextPresent(errorMsg, true)): null

2024-05-16 00:02:02 - [MESSAGE][PASSED] - Text 'Missing parameter: application_id' is present on page  using regular expression

2024-05-16 00:02:02 - [TEST_STEP][PASSED] - println("Error Message is present on the Confirmation page"): null

2024-05-16 00:02:02 - [TEST_STEP][PASSED] - out.println("Pass Record Number: " + row): null

2024-05-16 00:02:02 - [TEST_STEP][PASSED] - resText = "Pass": null

2024-05-16 00:02:02 - [TEST_STEP][PASSED] - pages.WriteExcel.demoKey(resText, datText, resColumn, datCloumn, fileLoc, nameSheet, row): pages.WriteExcel.demoKey is PASSED

2024-05-16 00:02:02 - [MESSAGE][PASSED] - pages.WriteExcel.demoKey is PASSED

2024-05-16 00:02:02 - [TEST_STEP][PASSED] - sdfo = getText(findTestObject("Object Repository/Page_VLinkReceipt/pre_STX")): Text of object 'Object Repository/Page_VLinkReceipt/pre_STX' is: '<STX>NC5ClfJFmYmB                                      2  Transaction failed                                20 Missing parameter: application_id                                                       <ETX>'

2024-05-16 00:02:02 - [MESSAGE][PASSED] - Text of object 'Object Repository/Page_VLinkReceipt/pre_STX' is: '<STX>NC5ClfJFmYmB                                      2  Transaction failed                                20 Missing parameter: application_id                                                       <ETX>'

2024-05-16 00:02:02 - [TEST_STEP][PASSED] - out.println("sdfo: " + sdfo): null

2024-05-16 00:02:02 - [TEST_STEP][PASSED] - remID = substring(5, 35).trim(): null

2024-05-16 00:02:02 - [TEST_STEP][PASSED] - out.println("Remittance ID: " + remID): null

2024-05-16 00:02:02 - [TEST_STEP][PASSED] - traxID = substring(35, 55).trim(): null

2024-05-16 00:02:02 - [TEST_STEP][PASSED] - out.println("Transaction ID: " + traxID): null

2024-05-16 00:02:02 - [TEST_STEP][PASSED] - out.println("End Record Number: " + row): null

2024-05-16 00:02:02 - [TEST_STEP][PASSED] - closeBrowser(): Browser is closed

2024-05-16 00:02:03 - [MESSAGE][PASSED] - Browser is closed

2024-05-16 00:02:03 - [TEST_STEP][PASSED] - ExecuteTC = findTestData(dataFile).getValue("Execute", row): null

2024-05-16 00:02:03 - [TEST_STEP][PASSED] - out.println("Value of Execute is : " + ExecuteTC): null

2024-05-16 00:02:03 - [TEST_STEP][PASSED] - errorMsg = findTestData(dataFile).getValue("ErrorMsg", row): null

2024-05-16 00:02:04 - [TEST_STEP][PASSED] - if (ExecuteTC.equalsIgnoreCase("Y")): Browser is closed

2024-05-16 00:02:04 - [TEST_STEP][PASSED] - out.println("Begin Record Number: " + row): null

2024-05-16 00:02:04 - [TEST_STEP][PASSED] - today = new java.util.Date(): null

2024-05-16 00:02:04 - [TEST_STEP][PASSED] - println(today): null

2024-05-16 00:02:04 - [TEST_STEP][PASSED] - datText = today: null

2024-05-16 00:02:04 - [TEST_STEP][PASSED] - openBrowser(VLinkURL + "authcap.html"): Browser is opened with url: 'https://dev-algorithm.govolution.com/vlinktest/QA2/version_2_0/authcap.html'

2024-05-16 00:02:04 - [MESSAGE][INFO] - Starting 'Chrome' driver

2024-05-16 00:02:04 - [MESSAGE][INFO] - User set preference: ['acceptInsecureCerts', 'true']

2024-05-16 00:02:04 - [MESSAGE][INFO] - Action delay is set to 0 milliseconds

2024-05-16 00:02:06 - [MESSAGE][PASSED] - Browser is opened with url: 'https://dev-algorithm.govolution.com/vlinktest/QA2/version_2_0/authcap.html'

2024-05-16 00:02:06 - [TEST_STEP][PASSED] - maximizeWindow(): Current window maximized

2024-05-16 00:02:06 - [MESSAGE][PASSED] - Current window maximized

2024-05-16 00:02:06 - [TEST_STEP][PASSED] - vlinkPages.saleCCPage.setDataSCC(row, dataFile): vlinkPages.saleCCPage.setDataSCC is PASSED

2024-05-16 00:02:10 - [MESSAGE][PASSED] - Object 'Object Repository/VLink/Page_CCSale/txt_CardNumber' is present

2024-05-16 00:02:11 - [MESSAGE][PASSED] - Text '104' is set on object 'Object Repository/VLink/Page_CCSale/txt_TransactionType'

2024-05-16 00:02:12 - [MESSAGE][PASSED] - Text '2.0C' is set on object 'Object Repository/VLink/Page_CCSale/txt_MessageVersion'

2024-05-16 00:02:12 - [MESSAGE][PASSED] - Text '03whkrBUDrtO' is set on object 'Object Repository/VLink/Page_CCSale/txt_RemID'

2024-05-16 00:02:13 - [MESSAGE][PASSED] - Text '' is set on object 'Object Repository/VLink/Page_CCSale/txt_ApplicationId'

2024-05-16 00:02:14 - [MESSAGE][PASSED] - Text 'username' is set on object 'Object Repository/VLink/Page_CCSale/txt_Username'

2024-05-16 00:02:14 - [MESSAGE][PASSED] - Text 'password' is set on object 'Object Repository/VLink/Page_CCSale/txt_Password'

2024-05-16 00:02:15 - [MESSAGE][PASSED] - Text 'fixed_width' is set on object 'Object Repository/VLink/Page_CCSale/txt_ResponseFormat'

2024-05-16 00:02:16 - [MESSAGE][PASSED] - Text 'RETL' is set on object 'Object Repository/VLink/Page_CCSale/txt_Category'

2024-05-16 00:02:17 - [MESSAGE][PASSED] - Text '' is set on object 'Object Repository/VLink/Page_CCSale/txt_TransactionID'

2024-05-16 00:02:17 - [MESSAGE][PASSED] - Text '' is set on object 'Object Repository/VLink/Page_CCSale/txt_ApprovalCode'

2024-05-16 00:02:18 - [MESSAGE][PASSED] - Text 'Kris Roshan' is set on object 'Object Repository/VLink/Page_CCSale/txt_CardName'

2024-05-16 00:02:18 - [MESSAGE][PASSED] - Text '258 Elm Road' is set on object 'Object Repository/VLink/Page_CCSale/txt_AL1'

2024-05-16 00:02:19 - [MESSAGE][PASSED] - Text 'Suite 56' is set on object 'Object Repository/VLink/Page_CCSale/txt_AL2'

2024-05-16 00:02:20 - [MESSAGE][PASSED] - Text 'Arlington' is set on object 'Object Repository/VLink/Page_CCSale/txt_CardCity'

2024-05-16 00:02:20 - [MESSAGE][PASSED] - Text 'VA' is set on object 'Object Repository/VLink/Page_CCSale/txt_CardState'

2024-05-16 00:02:21 - [MESSAGE][PASSED] - Text '22201' is set on object 'Object Repository/VLink/Page_CCSale/txt_CardZIP'

2024-05-16 00:02:22 - [MESSAGE][PASSED] - Text '840' is set on object 'Object Repository/VLink/Page_CCSale/txt_CountryID'

2024-05-16 00:02:22 - [MESSAGE][PASSED] - Text '1.50' is set on object 'Object Repository/VLink/Page_CCSale/txt_Amount'

2024-05-16 00:02:23 - [MESSAGE][PASSED] - Text '4111111111111111' is set on object 'Object Repository/VLink/Page_CCSale/txt_CardNumber'

2024-05-16 00:02:24 - [MESSAGE][PASSED] - Text '12' is set on object 'Object Repository/VLink/Page_CCSale/txt_ExpMonth'

2024-05-16 00:02:24 - [MESSAGE][PASSED] - Text '2025' is set on object 'Object Repository/VLink/Page_CCSale/txt_ExpYear'

2024-05-16 00:02:25 - [MESSAGE][PASSED] - Text '' is set on object 'Object Repository/VLink/Page_CCSale/txt_CVV'

2024-05-16 00:02:25 - [MESSAGE][PASSED] - Text '' is set on object 'Object Repository/VLink/Page_CCSale/txt_CVVstate'

2024-05-16 00:02:26 - [MESSAGE][PASSED] - Text '' is set on object 'Object Repository/VLink/Page_CCSale/txt_TrackData'

2024-05-16 00:02:27 - [MESSAGE][PASSED] - Text '' is set on object 'Object Repository/VLink/Page_CCSale/txt_Track1Data'

2024-05-16 00:02:27 - [MESSAGE][PASSED] - Text '' is set on object 'Object Repository/VLink/Page_CCSale/txt_Track2Data'

2024-05-16 00:02:28 - [MESSAGE][PASSED] - Text 'manual' is set on object 'Object Repository/VLink/Page_CCSale/txt_POSEntryMode'

2024-05-16 00:02:29 - [MESSAGE][PASSED] - Text 'iahmed@govolution.com' is set on object 'Object Repository/VLink/Page_CCSale/txt_Email'

2024-05-16 00:02:29 - [MESSAGE][PASSED] - Text '2569362' is set on object 'Object Repository/VLink/Page_CCSale/txt_OrderNumber'

2024-05-16 00:02:30 - [MESSAGE][PASSED] - Text '1.15' is set on object 'Object Repository/VLink/Page_CCSale/txt_TaxAmount'

2024-05-16 00:02:30 - [MESSAGE][PASSED] - Text 'Charge Description' is set on object 'Object Repository/VLink/Page_CCSale/txt_ChargeDescription'

2024-05-16 00:02:31 - [MESSAGE][PASSED] - Text '147357' is set on object 'Object Repository/VLink/Page_CCSale/txt_CAN'

2024-05-16 00:02:32 - [MESSAGE][PASSED] - Text '1' is set on object 'Object Repository/VLink/Page_CCSale/txt_BillPaymentIndicator'

2024-05-16 00:02:32 - [MESSAGE][PASSED] - Text 'UDF Data 1' is set on object 'Object Repository/VLink/Page_CCSale/txt_UDF1'

2024-05-16 00:02:33 - [MESSAGE][PASSED] - Text 'UDF Data 2' is set on object 'Object Repository/VLink/Page_CCSale/txt_UDF2'

2024-05-16 00:02:34 - [MESSAGE][PASSED] - Text 'UDF Data 3' is set on object 'Object Repository/VLink/Page_CCSale/txt_UDF3'

2024-05-16 00:02:34 - [MESSAGE][PASSED] - Text 'UDF Data 4' is set on object 'Object Repository/VLink/Page_CCSale/txt_UDF4'

2024-05-16 00:02:35 - [MESSAGE][PASSED] - Text 'UDF Data 5' is set on object 'Object Repository/VLink/Page_CCSale/txt_UDF5'

2024-05-16 00:02:36 - [MESSAGE][PASSED] - Text 'UDF Data 6' is set on object 'Object Repository/VLink/Page_CCSale/txt_UDF6'

2024-05-16 00:02:36 - [MESSAGE][PASSED] - Text 'UDF Data 7' is set on object 'Object Repository/VLink/Page_CCSale/txt_UDF7'

2024-05-16 00:02:37 - [MESSAGE][PASSED] - Text 'UDF Data 8' is set on object 'Object Repository/VLink/Page_CCSale/txt_UDF8'

2024-05-16 00:02:37 - [MESSAGE][PASSED] - Text 'UDF Data 9' is set on object 'Object Repository/VLink/Page_CCSale/txt_UDF9'

2024-05-16 00:02:38 - [MESSAGE][PASSED] - Text 'UDF Data 10' is set on object 'Object Repository/VLink/Page_CCSale/txt_UDF10'

2024-05-16 00:02:39 - [MESSAGE][PASSED] - Object: 'Object Repository/VLink/Page_CCSale/btn_ProcessVLinkTransaction' is clicked on

2024-05-16 00:02:44 - [MESSAGE][PASSED] - vlinkPages.saleCCPage.setDataSCC is PASSED

2024-05-16 00:02:44 - [TEST_STEP][PASSED] - if (verifyTextPresent(errorMsg, true)): null

2024-05-16 00:02:44 - [MESSAGE][PASSED] - Text 'Missing parameter: application_id' is present on page  using regular expression

2024-05-16 00:02:44 - [TEST_STEP][PASSED] - println("Error Message is present on the Confirmation page"): null

2024-05-16 00:02:44 - [TEST_STEP][PASSED] - out.println("Pass Record Number: " + row): null

2024-05-16 00:02:44 - [TEST_STEP][PASSED] - resText = "Pass": null

2024-05-16 00:02:44 - [TEST_STEP][PASSED] - pages.WriteExcel.demoKey(resText, datText, resColumn, datCloumn, fileLoc, nameSheet, row): pages.WriteExcel.demoKey is PASSED

2024-05-16 00:02:44 - [MESSAGE][PASSED] - pages.WriteExcel.demoKey is PASSED

2024-05-16 00:02:44 - [TEST_STEP][PASSED] - sdfo = getText(findTestObject("Object Repository/Page_VLinkReceipt/pre_STX")): Text of object 'Object Repository/Page_VLinkReceipt/pre_STX' is: '<STX>03whkrBUDrtO                                      2  Transaction failed                                20 Missing parameter: application_id                                                       <ETX>'

2024-05-16 00:02:44 - [MESSAGE][PASSED] - Text of object 'Object Repository/Page_VLinkReceipt/pre_STX' is: '<STX>03whkrBUDrtO                                      2  Transaction failed                                20 Missing parameter: application_id                                                       <ETX>'

2024-05-16 00:02:44 - [TEST_STEP][PASSED] - out.println("sdfo: " + sdfo): null

2024-05-16 00:02:44 - [TEST_STEP][PASSED] - remID = substring(5, 35).trim(): null

2024-05-16 00:02:44 - [TEST_STEP][PASSED] - out.println("Remittance ID: " + remID): null

2024-05-16 00:02:44 - [TEST_STEP][PASSED] - traxID = substring(35, 55).trim(): null

2024-05-16 00:02:44 - [TEST_STEP][PASSED] - out.println("Transaction ID: " + traxID): null

2024-05-16 00:02:44 - [TEST_STEP][PASSED] - out.println("End Record Number: " + row): null

2024-05-16 00:02:44 - [TEST_STEP][PASSED] - closeBrowser(): Browser is closed

2024-05-16 00:02:46 - [MESSAGE][PASSED] - Browser is closed

2024-05-16 00:02:46 - [TEST_STEP][PASSED] - ExecuteTC = findTestData(dataFile).getValue("Execute", row): null

2024-05-16 00:02:46 - [TEST_STEP][PASSED] - out.println("Value of Execute is : " + ExecuteTC): null

2024-05-16 00:02:46 - [TEST_STEP][PASSED] - errorMsg = findTestData(dataFile).getValue("ErrorMsg", row): null

2024-05-16 00:02:46 - [TEST_STEP][PASSED] - if (ExecuteTC.equalsIgnoreCase("Y")): Browser is closed

2024-05-16 00:02:46 - [TEST_STEP][PASSED] - out.println("Begin Record Number: " + row): null

2024-05-16 00:02:46 - [TEST_STEP][PASSED] - today = new java.util.Date(): null

2024-05-16 00:02:46 - [TEST_STEP][PASSED] - println(today): null

2024-05-16 00:02:46 - [TEST_STEP][PASSED] - datText = today: null

2024-05-16 00:02:46 - [TEST_STEP][PASSED] - openBrowser(VLinkURL + "authcap.html"): Browser is opened with url: 'https://dev-algorithm.govolution.com/vlinktest/QA2/version_2_0/authcap.html'

2024-05-16 00:02:46 - [MESSAGE][INFO] - Starting 'Chrome' driver

2024-05-16 00:02:46 - [MESSAGE][INFO] - User set preference: ['acceptInsecureCerts', 'true']

2024-05-16 00:02:46 - [MESSAGE][INFO] - Action delay is set to 0 milliseconds

2024-05-16 00:02:48 - [MESSAGE][PASSED] - Browser is opened with url: 'https://dev-algorithm.govolution.com/vlinktest/QA2/version_2_0/authcap.html'

2024-05-16 00:02:48 - [TEST_STEP][PASSED] - maximizeWindow(): Current window maximized

2024-05-16 00:02:49 - [MESSAGE][PASSED] - Current window maximized

2024-05-16 00:02:49 - [TEST_STEP][PASSED] - vlinkPages.saleCCPage.setDataSCC(row, dataFile): vlinkPages.saleCCPage.setDataSCC is PASSED

2024-05-16 00:02:53 - [MESSAGE][PASSED] - Object 'Object Repository/VLink/Page_CCSale/txt_CardNumber' is present

2024-05-16 00:02:53 - [MESSAGE][PASSED] - Text '104' is set on object 'Object Repository/VLink/Page_CCSale/txt_TransactionType'

2024-05-16 00:02:54 - [MESSAGE][PASSED] - Text '2.0C' is set on object 'Object Repository/VLink/Page_CCSale/txt_MessageVersion'

2024-05-16 00:02:55 - [MESSAGE][PASSED] - Text 'hcyFOJgj4Zkd' is set on object 'Object Repository/VLink/Page_CCSale/txt_RemID'

2024-05-16 00:02:55 - [MESSAGE][PASSED] - Text '234' is set on object 'Object Repository/VLink/Page_CCSale/txt_ApplicationId'

2024-05-16 00:02:56 - [MESSAGE][PASSED] - Text 'username' is set on object 'Object Repository/VLink/Page_CCSale/txt_Username'

2024-05-16 00:02:57 - [MESSAGE][PASSED] - Text 'password' is set on object 'Object Repository/VLink/Page_CCSale/txt_Password'

2024-05-16 00:02:57 - [MESSAGE][PASSED] - Text '' is set on object 'Object Repository/VLink/Page_CCSale/txt_ResponseFormat'

2024-05-16 00:02:58 - [MESSAGE][PASSED] - Text 'ECOM' is set on object 'Object Repository/VLink/Page_CCSale/txt_Category'

2024-05-16 00:02:59 - [MESSAGE][PASSED] - Text '' is set on object 'Object Repository/VLink/Page_CCSale/txt_TransactionID'

2024-05-16 00:02:59 - [MESSAGE][PASSED] - Text '' is set on object 'Object Repository/VLink/Page_CCSale/txt_ApprovalCode'

2024-05-16 00:03:00 - [MESSAGE][PASSED] - Text 'Kris Roshan' is set on object 'Object Repository/VLink/Page_CCSale/txt_CardName'

2024-05-16 00:03:01 - [MESSAGE][PASSED] - Text '258 Elm Road' is set on object 'Object Repository/VLink/Page_CCSale/txt_AL1'

2024-05-16 00:03:01 - [MESSAGE][PASSED] - Text 'Suite 56' is set on object 'Object Repository/VLink/Page_CCSale/txt_AL2'

2024-05-16 00:03:02 - [MESSAGE][PASSED] - Text 'Arlington' is set on object 'Object Repository/VLink/Page_CCSale/txt_CardCity'

2024-05-16 00:03:03 - [MESSAGE][PASSED] - Text 'VA' is set on object 'Object Repository/VLink/Page_CCSale/txt_CardState'

2024-05-16 00:03:03 - [MESSAGE][PASSED] - Text '22201' is set on object 'Object Repository/VLink/Page_CCSale/txt_CardZIP'

2024-05-16 00:03:04 - [MESSAGE][PASSED] - Text '840' is set on object 'Object Repository/VLink/Page_CCSale/txt_CountryID'

2024-05-16 00:03:05 - [MESSAGE][PASSED] - Text '1.50' is set on object 'Object Repository/VLink/Page_CCSale/txt_Amount'

2024-05-16 00:03:05 - [MESSAGE][PASSED] - Text '4111111111111111' is set on object 'Object Repository/VLink/Page_CCSale/txt_CardNumber'

2024-05-16 00:03:06 - [MESSAGE][PASSED] - Text '12' is set on object 'Object Repository/VLink/Page_CCSale/txt_ExpMonth'

2024-05-16 00:03:06 - [MESSAGE][PASSED] - Text '2025' is set on object 'Object Repository/VLink/Page_CCSale/txt_ExpYear'

2024-05-16 00:03:07 - [MESSAGE][PASSED] - Text '' is set on object 'Object Repository/VLink/Page_CCSale/txt_CVV'

2024-05-16 00:03:08 - [MESSAGE][PASSED] - Text '' is set on object 'Object Repository/VLink/Page_CCSale/txt_CVVstate'

2024-05-16 00:03:08 - [MESSAGE][PASSED] - Text '' is set on object 'Object Repository/VLink/Page_CCSale/txt_TrackData'

2024-05-16 00:03:09 - [MESSAGE][PASSED] - Text '' is set on object 'Object Repository/VLink/Page_CCSale/txt_Track1Data'

2024-05-16 00:03:10 - [MESSAGE][PASSED] - Text '' is set on object 'Object Repository/VLink/Page_CCSale/txt_Track2Data'

2024-05-16 00:03:10 - [MESSAGE][PASSED] - Text 'manual' is set on object 'Object Repository/VLink/Page_CCSale/txt_POSEntryMode'

2024-05-16 00:03:11 - [MESSAGE][PASSED] - Text 'iahmed@govolution.com' is set on object 'Object Repository/VLink/Page_CCSale/txt_Email'

2024-05-16 00:03:11 - [MESSAGE][PASSED] - Text '2569362' is set on object 'Object Repository/VLink/Page_CCSale/txt_OrderNumber'

2024-05-16 00:03:12 - [MESSAGE][PASSED] - Text '1.15' is set on object 'Object Repository/VLink/Page_CCSale/txt_TaxAmount'

2024-05-16 00:03:13 - [MESSAGE][PASSED] - Text 'Charge Description' is set on object 'Object Repository/VLink/Page_CCSale/txt_ChargeDescription'

2024-05-16 00:03:13 - [MESSAGE][PASSED] - Text '147357' is set on object 'Object Repository/VLink/Page_CCSale/txt_CAN'

2024-05-16 00:03:14 - [MESSAGE][PASSED] - Text '1' is set on object 'Object Repository/VLink/Page_CCSale/txt_BillPaymentIndicator'

2024-05-16 00:03:15 - [MESSAGE][PASSED] - Text 'UDF Data 1' is set on object 'Object Repository/VLink/Page_CCSale/txt_UDF1'

2024-05-16 00:03:15 - [MESSAGE][PASSED] - Text 'UDF Data 2' is set on object 'Object Repository/VLink/Page_CCSale/txt_UDF2'

2024-05-16 00:03:16 - [MESSAGE][PASSED] - Text 'UDF Data 3' is set on object 'Object Repository/VLink/Page_CCSale/txt_UDF3'

2024-05-16 00:03:16 - [MESSAGE][PASSED] - Text 'UDF Data 4' is set on object 'Object Repository/VLink/Page_CCSale/txt_UDF4'

2024-05-16 00:03:17 - [MESSAGE][PASSED] - Text 'UDF Data 5' is set on object 'Object Repository/VLink/Page_CCSale/txt_UDF5'

2024-05-16 00:03:18 - [MESSAGE][PASSED] - Text 'UDF Data 6' is set on object 'Object Repository/VLink/Page_CCSale/txt_UDF6'

2024-05-16 00:03:18 - [MESSAGE][PASSED] - Text 'UDF Data 7' is set on object 'Object Repository/VLink/Page_CCSale/txt_UDF7'

2024-05-16 00:03:19 - [MESSAGE][PASSED] - Text 'UDF Data 8' is set on object 'Object Repository/VLink/Page_CCSale/txt_UDF8'

2024-05-16 00:03:20 - [MESSAGE][PASSED] - Text 'UDF Data 9' is set on object 'Object Repository/VLink/Page_CCSale/txt_UDF9'

2024-05-16 00:03:20 - [MESSAGE][PASSED] - Text 'UDF Data 10' is set on object 'Object Repository/VLink/Page_CCSale/txt_UDF10'

2024-05-16 00:03:21 - [MESSAGE][PASSED] - Object: 'Object Repository/VLink/Page_CCSale/btn_ProcessVLinkTransaction' is clicked on

2024-05-16 00:03:26 - [MESSAGE][PASSED] - vlinkPages.saleCCPage.setDataSCC is PASSED

2024-05-16 00:03:26 - [TEST_STEP][PASSED] - if (verifyTextPresent(errorMsg, true)): null

2024-05-16 00:03:26 - [MESSAGE][PASSED] - Text 'response_format' is present on page  using regular expression

2024-05-16 00:03:26 - [TEST_STEP][PASSED] - println("Error Message is present on the Confirmation page"): null

2024-05-16 00:03:26 - [TEST_STEP][PASSED] - out.println("Pass Record Number: " + row): null

2024-05-16 00:03:26 - [TEST_STEP][PASSED] - resText = "Pass": null

2024-05-16 00:03:26 - [TEST_STEP][PASSED] - pages.WriteExcel.demoKey(resText, datText, resColumn, datCloumn, fileLoc, nameSheet, row): pages.WriteExcel.demoKey is PASSED

2024-05-16 00:03:26 - [MESSAGE][PASSED] - pages.WriteExcel.demoKey is PASSED

2024-05-16 00:03:26 - [TEST_STEP][PASSED] - sdfo = getText(findTestObject("Object Repository/Page_VLinkReceipt/pre_STX")): Text of object 'Object Repository/Page_VLinkReceipt/pre_STX' is: '<STX>hcyFOJgj4Zkd                                      2  Transaction failed                                20 Missing Parameter(s): response_format                                                      <ETX>'

2024-05-16 00:03:27 - [MESSAGE][PASSED] - Text of object 'Object Repository/Page_VLinkReceipt/pre_STX' is: '<STX>hcyFOJgj4Zkd                                      2  Transaction failed                                20 Missing Parameter(s): response_format                                                      <ETX>'

2024-05-16 00:03:27 - [TEST_STEP][PASSED] - out.println("sdfo: " + sdfo): null

2024-05-16 00:03:27 - [TEST_STEP][PASSED] - remID = substring(5, 35).trim(): null

2024-05-16 00:03:27 - [TEST_STEP][PASSED] - out.println("Remittance ID: " + remID): null

2024-05-16 00:03:27 - [TEST_STEP][PASSED] - traxID = substring(35, 55).trim(): null

2024-05-16 00:03:27 - [TEST_STEP][PASSED] - out.println("Transaction ID: " + traxID): null

2024-05-16 00:03:27 - [TEST_STEP][PASSED] - out.println("End Record Number: " + row): null

2024-05-16 00:03:27 - [TEST_STEP][PASSED] - closeBrowser(): Browser is closed

2024-05-16 00:03:28 - [MESSAGE][PASSED] - Browser is closed

2024-05-16 00:03:28 - [TEST_STEP][PASSED] - ExecuteTC = findTestData(dataFile).getValue("Execute", row): null

2024-05-16 00:03:28 - [TEST_STEP][PASSED] - out.println("Value of Execute is : " + ExecuteTC): null

2024-05-16 00:03:28 - [TEST_STEP][PASSED] - errorMsg = findTestData(dataFile).getValue("ErrorMsg", row): null

2024-05-16 00:03:28 - [TEST_STEP][PASSED] - if (ExecuteTC.equalsIgnoreCase("Y")): Browser is closed

2024-05-16 00:03:28 - [TEST_STEP][PASSED] - out.println("Begin Record Number: " + row): null

2024-05-16 00:03:28 - [TEST_STEP][PASSED] - today = new java.util.Date(): null

2024-05-16 00:03:28 - [TEST_STEP][PASSED] - println(today): null

2024-05-16 00:03:28 - [TEST_STEP][PASSED] - datText = today: null

2024-05-16 00:03:28 - [TEST_STEP][PASSED] - openBrowser(VLinkURL + "authcap.html"): Browser is opened with url: 'https://dev-algorithm.govolution.com/vlinktest/QA2/version_2_0/authcap.html'

2024-05-16 00:03:28 - [MESSAGE][INFO] - Starting 'Chrome' driver

2024-05-16 00:03:28 - [MESSAGE][INFO] - User set preference: ['acceptInsecureCerts', 'true']

2024-05-16 00:03:28 - [MESSAGE][INFO] - Action delay is set to 0 milliseconds

2024-05-16 00:03:31 - [MESSAGE][PASSED] - Browser is opened with url: 'https://dev-algorithm.govolution.com/vlinktest/QA2/version_2_0/authcap.html'

2024-05-16 00:03:31 - [TEST_STEP][PASSED] - maximizeWindow(): Current window maximized

2024-05-16 00:03:31 - [MESSAGE][PASSED] - Current window maximized

2024-05-16 00:03:31 - [TEST_STEP][PASSED] - vlinkPages.saleCCPage.setDataSCC(row, dataFile): vlinkPages.saleCCPage.setDataSCC is PASSED

2024-05-16 00:03:35 - [MESSAGE][PASSED] - Object 'Object Repository/VLink/Page_CCSale/txt_CardNumber' is present

2024-05-16 00:03:36 - [MESSAGE][PASSED] - Text '104' is set on object 'Object Repository/VLink/Page_CCSale/txt_TransactionType'

2024-05-16 00:03:37 - [MESSAGE][PASSED] - Text '2.0C' is set on object 'Object Repository/VLink/Page_CCSale/txt_MessageVersion'

2024-05-16 00:03:37 - [MESSAGE][PASSED] - Text 'cSHBPaiOPKgH' is set on object 'Object Repository/VLink/Page_CCSale/txt_RemID'

2024-05-16 00:03:38 - [MESSAGE][PASSED] - Text '234' is set on object 'Object Repository/VLink/Page_CCSale/txt_ApplicationId'

2024-05-16 00:03:39 - [MESSAGE][PASSED] - Text 'username' is set on object 'Object Repository/VLink/Page_CCSale/txt_Username'

2024-05-16 00:03:39 - [MESSAGE][PASSED] - Text 'password' is set on object 'Object Repository/VLink/Page_CCSale/txt_Password'

2024-05-16 00:03:40 - [MESSAGE][PASSED] - Text '' is set on object 'Object Repository/VLink/Page_CCSale/txt_ResponseFormat'

2024-05-16 00:03:41 - [MESSAGE][PASSED] - Text 'MOTO' is set on object 'Object Repository/VLink/Page_CCSale/txt_Category'

2024-05-16 00:03:41 - [MESSAGE][PASSED] - Text '' is set on object 'Object Repository/VLink/Page_CCSale/txt_TransactionID'

2024-05-16 00:03:42 - [MESSAGE][PASSED] - Text '' is set on object 'Object Repository/VLink/Page_CCSale/txt_ApprovalCode'

2024-05-16 00:03:43 - [MESSAGE][PASSED] - Text 'Kris Roshan' is set on object 'Object Repository/VLink/Page_CCSale/txt_CardName'

2024-05-16 00:03:43 - [MESSAGE][PASSED] - Text '258 Elm Road' is set on object 'Object Repository/VLink/Page_CCSale/txt_AL1'

2024-05-16 00:03:44 - [MESSAGE][PASSED] - Text 'Suite 56' is set on object 'Object Repository/VLink/Page_CCSale/txt_AL2'

2024-05-16 00:03:45 - [MESSAGE][PASSED] - Text 'Arlington' is set on object 'Object Repository/VLink/Page_CCSale/txt_CardCity'

2024-05-16 00:03:45 - [MESSAGE][PASSED] - Text 'VA' is set on object 'Object Repository/VLink/Page_CCSale/txt_CardState'

2024-05-16 00:03:46 - [MESSAGE][PASSED] - Text '22201' is set on object 'Object Repository/VLink/Page_CCSale/txt_CardZIP'

2024-05-16 00:03:46 - [MESSAGE][PASSED] - Text '840' is set on object 'Object Repository/VLink/Page_CCSale/txt_CountryID'

2024-05-16 00:03:47 - [MESSAGE][PASSED] - Text '1.50' is set on object 'Object Repository/VLink/Page_CCSale/txt_Amount'

2024-05-16 00:03:48 - [MESSAGE][PASSED] - Text '4111111111111111' is set on object 'Object Repository/VLink/Page_CCSale/txt_CardNumber'

2024-05-16 00:03:48 - [MESSAGE][PASSED] - Text '12' is set on object 'Object Repository/VLink/Page_CCSale/txt_ExpMonth'

2024-05-16 00:03:49 - [MESSAGE][PASSED] - Text '2025' is set on object 'Object Repository/VLink/Page_CCSale/txt_ExpYear'

2024-05-16 00:03:50 - [MESSAGE][PASSED] - Text '' is set on object 'Object Repository/VLink/Page_CCSale/txt_CVV'

2024-05-16 00:03:50 - [MESSAGE][PASSED] - Text '' is set on object 'Object Repository/VLink/Page_CCSale/txt_CVVstate'

2024-05-16 00:03:51 - [MESSAGE][PASSED] - Text '' is set on object 'Object Repository/VLink/Page_CCSale/txt_TrackData'

2024-05-16 00:03:51 - [MESSAGE][PASSED] - Text '' is set on object 'Object Repository/VLink/Page_CCSale/txt_Track1Data'

2024-05-16 00:03:52 - [MESSAGE][PASSED] - Text '' is set on object 'Object Repository/VLink/Page_CCSale/txt_Track2Data'

2024-05-16 00:03:53 - [MESSAGE][PASSED] - Text 'manual' is set on object 'Object Repository/VLink/Page_CCSale/txt_POSEntryMode'

2024-05-16 00:03:53 - [MESSAGE][PASSED] - Text 'iahmed@govolution.com' is set on object 'Object Repository/VLink/Page_CCSale/txt_Email'

2024-05-16 00:03:54 - [MESSAGE][PASSED] - Text '2569362' is set on object 'Object Repository/VLink/Page_CCSale/txt_OrderNumber'

2024-05-16 00:03:55 - [MESSAGE][PASSED] - Text '1.15' is set on object 'Object Repository/VLink/Page_CCSale/txt_TaxAmount'

2024-05-16 00:03:55 - [MESSAGE][PASSED] - Text 'Charge Description' is set on object 'Object Repository/VLink/Page_CCSale/txt_ChargeDescription'

2024-05-16 00:03:56 - [MESSAGE][PASSED] - Text '147357' is set on object 'Object Repository/VLink/Page_CCSale/txt_CAN'

2024-05-16 00:03:56 - [MESSAGE][PASSED] - Text '1' is set on object 'Object Repository/VLink/Page_CCSale/txt_BillPaymentIndicator'

2024-05-16 00:03:57 - [MESSAGE][PASSED] - Text 'UDF Data 1' is set on object 'Object Repository/VLink/Page_CCSale/txt_UDF1'

2024-05-16 00:03:58 - [MESSAGE][PASSED] - Text 'UDF Data 2' is set on object 'Object Repository/VLink/Page_CCSale/txt_UDF2'

2024-05-16 00:03:58 - [MESSAGE][PASSED] - Text 'UDF Data 3' is set on object 'Object Repository/VLink/Page_CCSale/txt_UDF3'

2024-05-16 00:03:59 - [MESSAGE][PASSED] - Text 'UDF Data 4' is set on object 'Object Repository/VLink/Page_CCSale/txt_UDF4'

2024-05-16 00:04:00 - [MESSAGE][PASSED] - Text 'UDF Data 5' is set on object 'Object Repository/VLink/Page_CCSale/txt_UDF5'

2024-05-16 00:04:00 - [MESSAGE][PASSED] - Text 'UDF Data 6' is set on object 'Object Repository/VLink/Page_CCSale/txt_UDF6'

2024-05-16 00:04:01 - [MESSAGE][PASSED] - Text 'UDF Data 7' is set on object 'Object Repository/VLink/Page_CCSale/txt_UDF7'

2024-05-16 00:04:02 - [MESSAGE][PASSED] - Text 'UDF Data 8' is set on object 'Object Repository/VLink/Page_CCSale/txt_UDF8'

2024-05-16 00:04:02 - [MESSAGE][PASSED] - Text 'UDF Data 9' is set on object 'Object Repository/VLink/Page_CCSale/txt_UDF9'

2024-05-16 00:04:03 - [MESSAGE][PASSED] - Text 'UDF Data 10' is set on object 'Object Repository/VLink/Page_CCSale/txt_UDF10'

2024-05-16 00:04:04 - [MESSAGE][PASSED] - Object: 'Object Repository/VLink/Page_CCSale/btn_ProcessVLinkTransaction' is clicked on

2024-05-16 00:04:09 - [MESSAGE][PASSED] - vlinkPages.saleCCPage.setDataSCC is PASSED

2024-05-16 00:04:09 - [TEST_STEP][PASSED] - if (verifyTextPresent(errorMsg, true)): null

2024-05-16 00:04:09 - [MESSAGE][PASSED] - Text 'response_format' is present on page  using regular expression

2024-05-16 00:04:09 - [TEST_STEP][PASSED] - println("Error Message is present on the Confirmation page"): null

2024-05-16 00:04:09 - [TEST_STEP][PASSED] - out.println("Pass Record Number: " + row): null

2024-05-16 00:04:09 - [TEST_STEP][PASSED] - resText = "Pass": null

2024-05-16 00:04:09 - [TEST_STEP][PASSED] - pages.WriteExcel.demoKey(resText, datText, resColumn, datCloumn, fileLoc, nameSheet, row): pages.WriteExcel.demoKey is PASSED

2024-05-16 00:04:09 - [MESSAGE][PASSED] - pages.WriteExcel.demoKey is PASSED

2024-05-16 00:04:09 - [TEST_STEP][PASSED] - sdfo = getText(findTestObject("Object Repository/Page_VLinkReceipt/pre_STX")): Text of object 'Object Repository/Page_VLinkReceipt/pre_STX' is: '<STX>cSHBPaiOPKgH                                      2  Transaction failed                                20 Missing Parameter(s): response_format                                                      <ETX>'

2024-05-16 00:04:09 - [MESSAGE][PASSED] - Text of object 'Object Repository/Page_VLinkReceipt/pre_STX' is: '<STX>cSHBPaiOPKgH                                      2  Transaction failed                                20 Missing Parameter(s): response_format                                                      <ETX>'

2024-05-16 00:04:09 - [TEST_STEP][PASSED] - out.println("sdfo: " + sdfo): null

2024-05-16 00:04:09 - [TEST_STEP][PASSED] - remID = substring(5, 35).trim(): null

2024-05-16 00:04:09 - [TEST_STEP][PASSED] - out.println("Remittance ID: " + remID): null

2024-05-16 00:04:09 - [TEST_STEP][PASSED] - traxID = substring(35, 55).trim(): null

2024-05-16 00:04:09 - [TEST_STEP][PASSED] - out.println("Transaction ID: " + traxID): null

2024-05-16 00:04:09 - [TEST_STEP][PASSED] - out.println("End Record Number: " + row): null

2024-05-16 00:04:09 - [TEST_STEP][PASSED] - closeBrowser(): Browser is closed

2024-05-16 00:04:11 - [MESSAGE][PASSED] - Browser is closed

2024-05-16 00:04:11 - [TEST_STEP][PASSED] - ExecuteTC = findTestData(dataFile).getValue("Execute", row): null

2024-05-16 00:04:11 - [TEST_STEP][PASSED] - out.println("Value of Execute is : " + ExecuteTC): null

2024-05-16 00:04:11 - [TEST_STEP][PASSED] - errorMsg = findTestData(dataFile).getValue("ErrorMsg", row): null

2024-05-16 00:04:11 - [TEST_STEP][PASSED] - if (ExecuteTC.equalsIgnoreCase("Y")): Browser is closed

2024-05-16 00:04:11 - [TEST_STEP][PASSED] - out.println("Begin Record Number: " + row): null

2024-05-16 00:04:11 - [TEST_STEP][PASSED] - today = new java.util.Date(): null

2024-05-16 00:04:11 - [TEST_STEP][PASSED] - println(today): null

2024-05-16 00:04:11 - [TEST_STEP][PASSED] - datText = today: null

2024-05-16 00:04:11 - [TEST_STEP][PASSED] - openBrowser(VLinkURL + "authcap.html"): Browser is opened with url: 'https://dev-algorithm.govolution.com/vlinktest/QA2/version_2_0/authcap.html'

2024-05-16 00:04:11 - [MESSAGE][INFO] - Starting 'Chrome' driver

2024-05-16 00:04:11 - [MESSAGE][INFO] - User set preference: ['acceptInsecureCerts', 'true']

2024-05-16 00:04:11 - [MESSAGE][INFO] - Action delay is set to 0 milliseconds

2024-05-16 00:04:13 - [MESSAGE][PASSED] - Browser is opened with url: 'https://dev-algorithm.govolution.com/vlinktest/QA2/version_2_0/authcap.html'

2024-05-16 00:04:13 - [TEST_STEP][PASSED] - maximizeWindow(): Current window maximized

2024-05-16 00:04:13 - [MESSAGE][PASSED] - Current window maximized

2024-05-16 00:04:13 - [TEST_STEP][PASSED] - vlinkPages.saleCCPage.setDataSCC(row, dataFile): vlinkPages.saleCCPage.setDataSCC is PASSED

2024-05-16 00:04:18 - [MESSAGE][PASSED] - Object 'Object Repository/VLink/Page_CCSale/txt_CardNumber' is present

2024-05-16 00:04:18 - [MESSAGE][PASSED] - Text '104' is set on object 'Object Repository/VLink/Page_CCSale/txt_TransactionType'

2024-05-16 00:04:19 - [MESSAGE][PASSED] - Text '2.0C' is set on object 'Object Repository/VLink/Page_CCSale/txt_MessageVersion'

2024-05-16 00:04:19 - [MESSAGE][PASSED] - Text 'WdIi7EaXt2Q0' is set on object 'Object Repository/VLink/Page_CCSale/txt_RemID'

2024-05-16 00:04:20 - [MESSAGE][PASSED] - Text '234' is set on object 'Object Repository/VLink/Page_CCSale/txt_ApplicationId'

2024-05-16 00:04:21 - [MESSAGE][PASSED] - Text 'username' is set on object 'Object Repository/VLink/Page_CCSale/txt_Username'

2024-05-16 00:04:21 - [MESSAGE][PASSED] - Text 'password' is set on object 'Object Repository/VLink/Page_CCSale/txt_Password'

2024-05-16 00:04:22 - [MESSAGE][PASSED] - Text '' is set on object 'Object Repository/VLink/Page_CCSale/txt_ResponseFormat'

2024-05-16 00:04:23 - [MESSAGE][PASSED] - Text 'RETL' is set on object 'Object Repository/VLink/Page_CCSale/txt_Category'

2024-05-16 00:04:24 - [MESSAGE][PASSED] - Text '' is set on object 'Object Repository/VLink/Page_CCSale/txt_TransactionID'

2024-05-16 00:04:24 - [MESSAGE][PASSED] - Text '' is set on object 'Object Repository/VLink/Page_CCSale/txt_ApprovalCode'

2024-05-16 00:04:25 - [MESSAGE][PASSED] - Text 'Kris Roshan' is set on object 'Object Repository/VLink/Page_CCSale/txt_CardName'

2024-05-16 00:04:26 - [MESSAGE][PASSED] - Text '258 Elm Road' is set on object 'Object Repository/VLink/Page_CCSale/txt_AL1'

2024-05-16 00:04:26 - [MESSAGE][PASSED] - Text 'Suite 56' is set on object 'Object Repository/VLink/Page_CCSale/txt_AL2'

2024-05-16 00:04:27 - [MESSAGE][PASSED] - Text 'Arlington' is set on object 'Object Repository/VLink/Page_CCSale/txt_CardCity'

2024-05-16 00:04:27 - [MESSAGE][PASSED] - Text 'VA' is set on object 'Object Repository/VLink/Page_CCSale/txt_CardState'

2024-05-16 00:04:28 - [MESSAGE][PASSED] - Text '22201' is set on object 'Object Repository/VLink/Page_CCSale/txt_CardZIP'

2024-05-16 00:04:29 - [MESSAGE][PASSED] - Text '840' is set on object 'Object Repository/VLink/Page_CCSale/txt_CountryID'

2024-05-16 00:04:29 - [MESSAGE][PASSED] - Text '1.50' is set on object 'Object Repository/VLink/Page_CCSale/txt_Amount'

2024-05-16 00:04:30 - [MESSAGE][PASSED] - Text '4111111111111111' is set on object 'Object Repository/VLink/Page_CCSale/txt_CardNumber'

2024-05-16 00:04:31 - [MESSAGE][PASSED] - Text '12' is set on object 'Object Repository/VLink/Page_CCSale/txt_ExpMonth'

2024-05-16 00:04:31 - [MESSAGE][PASSED] - Text '2025' is set on object 'Object Repository/VLink/Page_CCSale/txt_ExpYear'

2024-05-16 00:04:32 - [MESSAGE][PASSED] - Text '' is set on object 'Object Repository/VLink/Page_CCSale/txt_CVV'

2024-05-16 00:04:33 - [MESSAGE][PASSED] - Text '' is set on object 'Object Repository/VLink/Page_CCSale/txt_CVVstate'

2024-05-16 00:04:33 - [MESSAGE][PASSED] - Text '' is set on object 'Object Repository/VLink/Page_CCSale/txt_TrackData'

2024-05-16 00:04:34 - [MESSAGE][PASSED] - Text '' is set on object 'Object Repository/VLink/Page_CCSale/txt_Track1Data'

2024-05-16 00:04:34 - [MESSAGE][PASSED] - Text '' is set on object 'Object Repository/VLink/Page_CCSale/txt_Track2Data'

2024-05-16 00:04:35 - [MESSAGE][PASSED] - Text 'manual' is set on object 'Object Repository/VLink/Page_CCSale/txt_POSEntryMode'

2024-05-16 00:04:36 - [MESSAGE][PASSED] - Text 'iahmed@govolution.com' is set on object 'Object Repository/VLink/Page_CCSale/txt_Email'

2024-05-16 00:04:36 - [MESSAGE][PASSED] - Text '2569362' is set on object 'Object Repository/VLink/Page_CCSale/txt_OrderNumber'

2024-05-16 00:04:37 - [MESSAGE][PASSED] - Text '1.15' is set on object 'Object Repository/VLink/Page_CCSale/txt_TaxAmount'

2024-05-16 00:04:38 - [MESSAGE][PASSED] - Text 'Charge Description' is set on object 'Object Repository/VLink/Page_CCSale/txt_ChargeDescription'

2024-05-16 00:04:38 - [MESSAGE][PASSED] - Text '147357' is set on object 'Object Repository/VLink/Page_CCSale/txt_CAN'

2024-05-16 00:04:39 - [MESSAGE][PASSED] - Text '1' is set on object 'Object Repository/VLink/Page_CCSale/txt_BillPaymentIndicator'

2024-05-16 00:04:39 - [MESSAGE][PASSED] - Text 'UDF Data 1' is set on object 'Object Repository/VLink/Page_CCSale/txt_UDF1'

2024-05-16 00:04:40 - [MESSAGE][PASSED] - Text 'UDF Data 2' is set on object 'Object Repository/VLink/Page_CCSale/txt_UDF2'

2024-05-16 00:04:41 - [MESSAGE][PASSED] - Text 'UDF Data 3' is set on object 'Object Repository/VLink/Page_CCSale/txt_UDF3'

2024-05-16 00:04:41 - [MESSAGE][PASSED] - Text 'UDF Data 4' is set on object 'Object Repository/VLink/Page_CCSale/txt_UDF4'

2024-05-16 00:04:42 - [MESSAGE][PASSED] - Text 'UDF Data 5' is set on object 'Object Repository/VLink/Page_CCSale/txt_UDF5'

2024-05-16 00:04:43 - [MESSAGE][PASSED] - Text 'UDF Data 6' is set on object 'Object Repository/VLink/Page_CCSale/txt_UDF6'

2024-05-16 00:04:43 - [MESSAGE][PASSED] - Text 'UDF Data 7' is set on object 'Object Repository/VLink/Page_CCSale/txt_UDF7'

2024-05-16 00:04:44 - [MESSAGE][PASSED] - Text 'UDF Data 8' is set on object 'Object Repository/VLink/Page_CCSale/txt_UDF8'

2024-05-16 00:04:44 - [MESSAGE][PASSED] - Text 'UDF Data 9' is set on object 'Object Repository/VLink/Page_CCSale/txt_UDF9'

2024-05-16 00:04:45 - [MESSAGE][PASSED] - Text 'UDF Data 10' is set on object 'Object Repository/VLink/Page_CCSale/txt_UDF10'

2024-05-16 00:04:46 - [MESSAGE][PASSED] - Object: 'Object Repository/VLink/Page_CCSale/btn_ProcessVLinkTransaction' is clicked on

2024-05-16 00:04:51 - [MESSAGE][PASSED] - vlinkPages.saleCCPage.setDataSCC is PASSED

2024-05-16 00:04:51 - [TEST_STEP][PASSED] - if (verifyTextPresent(errorMsg, true)): null

2024-05-16 00:04:51 - [MESSAGE][PASSED] - Text 'response_format' is present on page  using regular expression

2024-05-16 00:04:51 - [TEST_STEP][PASSED] - println("Error Message is present on the Confirmation page"): null

2024-05-16 00:04:51 - [TEST_STEP][PASSED] - out.println("Pass Record Number: " + row): null

2024-05-16 00:04:51 - [TEST_STEP][PASSED] - resText = "Pass": null

2024-05-16 00:04:51 - [TEST_STEP][PASSED] - pages.WriteExcel.demoKey(resText, datText, resColumn, datCloumn, fileLoc, nameSheet, row): pages.WriteExcel.demoKey is PASSED

2024-05-16 00:04:51 - [MESSAGE][PASSED] - pages.WriteExcel.demoKey is PASSED

2024-05-16 00:04:51 - [TEST_STEP][PASSED] - sdfo = getText(findTestObject("Object Repository/Page_VLinkReceipt/pre_STX")): Text of object 'Object Repository/Page_VLinkReceipt/pre_STX' is: '<STX>WdIi7EaXt2Q0                                      2  Transaction failed                                20 Missing Parameter(s): response_format                                                      <ETX>'

2024-05-16 00:04:52 - [MESSAGE][PASSED] - Text of object 'Object Repository/Page_VLinkReceipt/pre_STX' is: '<STX>WdIi7EaXt2Q0                                      2  Transaction failed                                20 Missing Parameter(s): response_format                                                      <ETX>'

2024-05-16 00:04:52 - [TEST_STEP][PASSED] - out.println("sdfo: " + sdfo): null

2024-05-16 00:04:52 - [TEST_STEP][PASSED] - remID = substring(5, 35).trim(): null

2024-05-16 00:04:52 - [TEST_STEP][PASSED] - out.println("Remittance ID: " + remID): null

2024-05-16 00:04:52 - [TEST_STEP][PASSED] - traxID = substring(35, 55).trim(): null

2024-05-16 00:04:52 - [TEST_STEP][PASSED] - out.println("Transaction ID: " + traxID): null

2024-05-16 00:04:52 - [TEST_STEP][PASSED] - out.println("End Record Number: " + row): null

2024-05-16 00:04:52 - [TEST_STEP][PASSED] - closeBrowser(): Browser is closed

2024-05-16 00:04:53 - [MESSAGE][PASSED] - Browser is closed

2024-05-16 00:04:53 - [TEST_STEP][PASSED] - ExecuteTC = findTestData(dataFile).getValue("Execute", row): null

2024-05-16 00:04:53 - [TEST_STEP][PASSED] - out.println("Value of Execute is : " + ExecuteTC): null

2024-05-16 00:04:53 - [TEST_STEP][PASSED] - errorMsg = findTestData(dataFile).getValue("ErrorMsg", row): null

2024-05-16 00:04:53 - [TEST_STEP][PASSED] - if (ExecuteTC.equalsIgnoreCase("Y")): Browser is closed

2024-05-16 00:04:53 - [TEST_STEP][PASSED] - out.println("Begin Record Number: " + row): null

2024-05-16 00:04:53 - [TEST_STEP][PASSED] - today = new java.util.Date(): null

2024-05-16 00:04:53 - [TEST_STEP][PASSED] - println(today): null

2024-05-16 00:04:53 - [TEST_STEP][PASSED] - datText = today: null

2024-05-16 00:04:53 - [TEST_STEP][PASSED] - openBrowser(VLinkURL + "authcap.html"): Browser is opened with url: 'https://dev-algorithm.govolution.com/vlinktest/QA2/version_2_0/authcap.html'

2024-05-16 00:04:53 - [MESSAGE][INFO] - Starting 'Chrome' driver

2024-05-16 00:04:53 - [MESSAGE][INFO] - User set preference: ['acceptInsecureCerts', 'true']

2024-05-16 00:04:53 - [MESSAGE][INFO] - Action delay is set to 0 milliseconds

2024-05-16 00:04:55 - [MESSAGE][PASSED] - Browser is opened with url: 'https://dev-algorithm.govolution.com/vlinktest/QA2/version_2_0/authcap.html'

2024-05-16 00:04:55 - [TEST_STEP][PASSED] - maximizeWindow(): Current window maximized

2024-05-16 00:04:56 - [MESSAGE][PASSED] - Current window maximized

2024-05-16 00:04:56 - [TEST_STEP][PASSED] - vlinkPages.saleCCPage.setDataSCC(row, dataFile): vlinkPages.saleCCPage.setDataSCC is PASSED

2024-05-16 00:05:00 - [MESSAGE][PASSED] - Object 'Object Repository/VLink/Page_CCSale/txt_CardNumber' is present

2024-05-16 00:05:00 - [MESSAGE][PASSED] - Text '104' is set on object 'Object Repository/VLink/Page_CCSale/txt_TransactionType'

2024-05-16 00:05:01 - [MESSAGE][PASSED] - Text '2.0C' is set on object 'Object Repository/VLink/Page_CCSale/txt_MessageVersion'

2024-05-16 00:05:02 - [MESSAGE][PASSED] - Text 'j0VRwuLIolE7' is set on object 'Object Repository/VLink/Page_CCSale/txt_RemID'

2024-05-16 00:05:02 - [MESSAGE][PASSED] - Text '234' is set on object 'Object Repository/VLink/Page_CCSale/txt_ApplicationId'

2024-05-16 00:05:03 - [MESSAGE][PASSED] - Text 'username' is set on object 'Object Repository/VLink/Page_CCSale/txt_Username'

2024-05-16 00:05:04 - [MESSAGE][PASSED] - Text 'password' is set on object 'Object Repository/VLink/Page_CCSale/txt_Password'

2024-05-16 00:05:04 - [MESSAGE][PASSED] - Text 'fixed_width' is set on object 'Object Repository/VLink/Page_CCSale/txt_ResponseFormat'

2024-05-16 00:05:05 - [MESSAGE][PASSED] - Text '' is set on object 'Object Repository/VLink/Page_CCSale/txt_Category'

2024-05-16 00:05:06 - [MESSAGE][PASSED] - Text '' is set on object 'Object Repository/VLink/Page_CCSale/txt_TransactionID'

2024-05-16 00:05:06 - [MESSAGE][PASSED] - Text '' is set on object 'Object Repository/VLink/Page_CCSale/txt_ApprovalCode'

2024-05-16 00:05:07 - [MESSAGE][PASSED] - Text 'Kris Roshan' is set on object 'Object Repository/VLink/Page_CCSale/txt_CardName'

2024-05-16 00:05:08 - [MESSAGE][PASSED] - Text '258 Elm Road' is set on object 'Object Repository/VLink/Page_CCSale/txt_AL1'

2024-05-16 00:05:08 - [MESSAGE][PASSED] - Text 'Suite 56' is set on object 'Object Repository/VLink/Page_CCSale/txt_AL2'

2024-05-16 00:05:09 - [MESSAGE][PASSED] - Text 'Arlington' is set on object 'Object Repository/VLink/Page_CCSale/txt_CardCity'

2024-05-16 00:05:10 - [MESSAGE][PASSED] - Text 'VA' is set on object 'Object Repository/VLink/Page_CCSale/txt_CardState'

2024-05-16 00:05:10 - [MESSAGE][PASSED] - Text '22201' is set on object 'Object Repository/VLink/Page_CCSale/txt_CardZIP'

2024-05-16 00:05:11 - [MESSAGE][PASSED] - Text '840' is set on object 'Object Repository/VLink/Page_CCSale/txt_CountryID'

2024-05-16 00:05:12 - [MESSAGE][PASSED] - Text '1.50' is set on object 'Object Repository/VLink/Page_CCSale/txt_Amount'

2024-05-16 00:05:12 - [MESSAGE][PASSED] - Text '4111111111111111' is set on object 'Object Repository/VLink/Page_CCSale/txt_CardNumber'

2024-05-16 00:05:13 - [MESSAGE][PASSED] - Text '12' is set on object 'Object Repository/VLink/Page_CCSale/txt_ExpMonth'

2024-05-16 00:05:13 - [MESSAGE][PASSED] - Text '2025' is set on object 'Object Repository/VLink/Page_CCSale/txt_ExpYear'

2024-05-16 00:05:14 - [MESSAGE][PASSED] - Text '' is set on object 'Object Repository/VLink/Page_CCSale/txt_CVV'

2024-05-16 00:05:15 - [MESSAGE][PASSED] - Text '' is set on object 'Object Repository/VLink/Page_CCSale/txt_CVVstate'

2024-05-16 00:05:15 - [MESSAGE][PASSED] - Text '' is set on object 'Object Repository/VLink/Page_CCSale/txt_TrackData'

2024-05-16 00:05:16 - [MESSAGE][PASSED] - Text '' is set on object 'Object Repository/VLink/Page_CCSale/txt_Track1Data'

2024-05-16 00:05:17 - [MESSAGE][PASSED] - Text '' is set on object 'Object Repository/VLink/Page_CCSale/txt_Track2Data'

2024-05-16 00:05:17 - [MESSAGE][PASSED] - Text 'manual' is set on object 'Object Repository/VLink/Page_CCSale/txt_POSEntryMode'

2024-05-16 00:05:18 - [MESSAGE][PASSED] - Text 'iahmed@govolution.com' is set on object 'Object Repository/VLink/Page_CCSale/txt_Email'

2024-05-16 00:05:18 - [MESSAGE][PASSED] - Text '2569362' is set on object 'Object Repository/VLink/Page_CCSale/txt_OrderNumber'

2024-05-16 00:05:19 - [MESSAGE][PASSED] - Text '1.15' is set on object 'Object Repository/VLink/Page_CCSale/txt_TaxAmount'

2024-05-16 00:05:20 - [MESSAGE][PASSED] - Text 'Charge Description' is set on object 'Object Repository/VLink/Page_CCSale/txt_ChargeDescription'

2024-05-16 00:05:20 - [MESSAGE][PASSED] - Text '147357' is set on object 'Object Repository/VLink/Page_CCSale/txt_CAN'

2024-05-16 00:05:21 - [MESSAGE][PASSED] - Text '1' is set on object 'Object Repository/VLink/Page_CCSale/txt_BillPaymentIndicator'

2024-05-16 00:05:22 - [MESSAGE][PASSED] - Text 'UDF Data 1' is set on object 'Object Repository/VLink/Page_CCSale/txt_UDF1'

2024-05-16 00:05:22 - [MESSAGE][PASSED] - Text 'UDF Data 2' is set on object 'Object Repository/VLink/Page_CCSale/txt_UDF2'

2024-05-16 00:05:23 - [MESSAGE][PASSED] - Text 'UDF Data 3' is set on object 'Object Repository/VLink/Page_CCSale/txt_UDF3'

2024-05-16 00:05:24 - [MESSAGE][PASSED] - Text 'UDF Data 4' is set on object 'Object Repository/VLink/Page_CCSale/txt_UDF4'

2024-05-16 00:05:24 - [MESSAGE][PASSED] - Text 'UDF Data 5' is set on object 'Object Repository/VLink/Page_CCSale/txt_UDF5'

2024-05-16 00:05:25 - [MESSAGE][PASSED] - Text 'UDF Data 6' is set on object 'Object Repository/VLink/Page_CCSale/txt_UDF6'

2024-05-16 00:05:25 - [MESSAGE][PASSED] - Text 'UDF Data 7' is set on object 'Object Repository/VLink/Page_CCSale/txt_UDF7'

2024-05-16 00:05:26 - [MESSAGE][PASSED] - Text 'UDF Data 8' is set on object 'Object Repository/VLink/Page_CCSale/txt_UDF8'

2024-05-16 00:05:27 - [MESSAGE][PASSED] - Text 'UDF Data 9' is set on object 'Object Repository/VLink/Page_CCSale/txt_UDF9'

2024-05-16 00:05:27 - [MESSAGE][PASSED] - Text 'UDF Data 10' is set on object 'Object Repository/VLink/Page_CCSale/txt_UDF10'

2024-05-16 00:05:28 - [MESSAGE][PASSED] - Object: 'Object Repository/VLink/Page_CCSale/btn_ProcessVLinkTransaction' is clicked on

2024-05-16 00:05:33 - [MESSAGE][PASSED] - vlinkPages.saleCCPage.setDataSCC is PASSED

2024-05-16 00:05:33 - [TEST_STEP][PASSED] - if (verifyTextPresent(errorMsg, true)): null

2024-05-16 00:05:33 - [MESSAGE][PASSED] - Text 'Missing parameter: category' is present on page  using regular expression

2024-05-16 00:05:33 - [TEST_STEP][PASSED] - println("Error Message is present on the Confirmation page"): null

2024-05-16 00:05:33 - [TEST_STEP][PASSED] - out.println("Pass Record Number: " + row): null

2024-05-16 00:05:33 - [TEST_STEP][PASSED] - resText = "Pass": null

2024-05-16 00:05:33 - [TEST_STEP][PASSED] - pages.WriteExcel.demoKey(resText, datText, resColumn, datCloumn, fileLoc, nameSheet, row): pages.WriteExcel.demoKey is PASSED

2024-05-16 00:05:33 - [MESSAGE][PASSED] - pages.WriteExcel.demoKey is PASSED

2024-05-16 00:05:33 - [TEST_STEP][PASSED] - sdfo = getText(findTestObject("Object Repository/Page_VLinkReceipt/pre_STX")): Text of object 'Object Repository/Page_VLinkReceipt/pre_STX' is: '<STX>j0VRwuLIolE7                                      2  Transaction failed                                20 Missing parameter: category                                                                <ETX>'

2024-05-16 00:05:34 - [MESSAGE][PASSED] - Text of object 'Object Repository/Page_VLinkReceipt/pre_STX' is: '<STX>j0VRwuLIolE7                                      2  Transaction failed                                20 Missing parameter: category                                                                <ETX>'

2024-05-16 00:05:34 - [TEST_STEP][PASSED] - out.println("sdfo: " + sdfo): null

2024-05-16 00:05:34 - [TEST_STEP][PASSED] - remID = substring(5, 35).trim(): null

2024-05-16 00:05:34 - [TEST_STEP][PASSED] - out.println("Remittance ID: " + remID): null

2024-05-16 00:05:34 - [TEST_STEP][PASSED] - traxID = substring(35, 55).trim(): null

2024-05-16 00:05:34 - [TEST_STEP][PASSED] - out.println("Transaction ID: " + traxID): null

2024-05-16 00:05:34 - [TEST_STEP][PASSED] - out.println("End Record Number: " + row): null

2024-05-16 00:05:34 - [TEST_STEP][PASSED] - closeBrowser(): Browser is closed

2024-05-16 00:05:35 - [MESSAGE][PASSED] - Browser is closed

2024-05-16 00:05:35 - [TEST_STEP][PASSED] - ExecuteTC = findTestData(dataFile).getValue("Execute", row): null

2024-05-16 00:05:35 - [TEST_STEP][PASSED] - out.println("Value of Execute is : " + ExecuteTC): null

2024-05-16 00:05:35 - [TEST_STEP][PASSED] - errorMsg = findTestData(dataFile).getValue("ErrorMsg", row): null

2024-05-16 00:05:35 - [TEST_STEP][PASSED] - if (ExecuteTC.equalsIgnoreCase("Y")): Browser is closed

2024-05-16 00:05:35 - [TEST_STEP][PASSED] - out.println("Begin Record Number: " + row): null

2024-05-16 00:05:35 - [TEST_STEP][PASSED] - today = new java.util.Date(): null

2024-05-16 00:05:35 - [TEST_STEP][PASSED] - println(today): null

2024-05-16 00:05:35 - [TEST_STEP][PASSED] - datText = today: null

2024-05-16 00:05:35 - [TEST_STEP][PASSED] - openBrowser(VLinkURL + "authcap.html"): Browser is opened with url: 'https://dev-algorithm.govolution.com/vlinktest/QA2/version_2_0/authcap.html'

2024-05-16 00:05:35 - [MESSAGE][INFO] - Starting 'Chrome' driver

2024-05-16 00:05:35 - [MESSAGE][INFO] - User set preference: ['acceptInsecureCerts', 'true']

2024-05-16 00:05:35 - [MESSAGE][INFO] - Action delay is set to 0 milliseconds

2024-05-16 00:05:37 - [MESSAGE][PASSED] - Browser is opened with url: 'https://dev-algorithm.govolution.com/vlinktest/QA2/version_2_0/authcap.html'

2024-05-16 00:05:37 - [TEST_STEP][PASSED] - maximizeWindow(): Current window maximized

2024-05-16 00:05:38 - [MESSAGE][PASSED] - Current window maximized

2024-05-16 00:05:38 - [TEST_STEP][PASSED] - vlinkPages.saleCCPage.setDataSCC(row, dataFile): vlinkPages.saleCCPage.setDataSCC is PASSED

2024-05-16 00:05:42 - [MESSAGE][PASSED] - Object 'Object Repository/VLink/Page_CCSale/txt_CardNumber' is present

2024-05-16 00:05:43 - [MESSAGE][PASSED] - Text '104' is set on object 'Object Repository/VLink/Page_CCSale/txt_TransactionType'

2024-05-16 00:05:43 - [MESSAGE][PASSED] - Text '2.0C' is set on object 'Object Repository/VLink/Page_CCSale/txt_MessageVersion'

2024-05-16 00:05:44 - [MESSAGE][PASSED] - Text 'P7mMLAi2hNgp' is set on object 'Object Repository/VLink/Page_CCSale/txt_RemID'

2024-05-16 00:05:45 - [MESSAGE][PASSED] - Text '234' is set on object 'Object Repository/VLink/Page_CCSale/txt_ApplicationId'

2024-05-16 00:05:45 - [MESSAGE][PASSED] - Text 'username' is set on object 'Object Repository/VLink/Page_CCSale/txt_Username'

2024-05-16 00:05:46 - [MESSAGE][PASSED] - Text 'password' is set on object 'Object Repository/VLink/Page_CCSale/txt_Password'

2024-05-16 00:05:47 - [MESSAGE][PASSED] - Text 'fixed_width' is set on object 'Object Repository/VLink/Page_CCSale/txt_ResponseFormat'

2024-05-16 00:05:47 - [MESSAGE][PASSED] - Text 'ECOM' is set on object 'Object Repository/VLink/Page_CCSale/txt_Category'

2024-05-16 00:05:48 - [MESSAGE][PASSED] - Text '' is set on object 'Object Repository/VLink/Page_CCSale/txt_TransactionID'

2024-05-16 00:05:49 - [MESSAGE][PASSED] - Text '' is set on object 'Object Repository/VLink/Page_CCSale/txt_ApprovalCode'

2024-05-16 00:05:49 - [MESSAGE][PASSED] - Text '' is set on object 'Object Repository/VLink/Page_CCSale/txt_CardName'

2024-05-16 00:05:50 - [MESSAGE][PASSED] - Text '258 Elm Road' is set on object 'Object Repository/VLink/Page_CCSale/txt_AL1'

2024-05-16 00:05:51 - [MESSAGE][PASSED] - Text 'Suite 56' is set on object 'Object Repository/VLink/Page_CCSale/txt_AL2'

2024-05-16 00:05:51 - [MESSAGE][PASSED] - Text 'Arlington' is set on object 'Object Repository/VLink/Page_CCSale/txt_CardCity'

2024-05-16 00:05:52 - [MESSAGE][PASSED] - Text 'VA' is set on object 'Object Repository/VLink/Page_CCSale/txt_CardState'

2024-05-16 00:05:53 - [MESSAGE][PASSED] - Text '22201' is set on object 'Object Repository/VLink/Page_CCSale/txt_CardZIP'

2024-05-16 00:05:53 - [MESSAGE][PASSED] - Text '840' is set on object 'Object Repository/VLink/Page_CCSale/txt_CountryID'

2024-05-16 00:05:54 - [MESSAGE][PASSED] - Text '1.50' is set on object 'Object Repository/VLink/Page_CCSale/txt_Amount'

2024-05-16 00:05:55 - [MESSAGE][PASSED] - Text '4111111111111111' is set on object 'Object Repository/VLink/Page_CCSale/txt_CardNumber'

2024-05-16 00:05:55 - [MESSAGE][PASSED] - Text '12' is set on object 'Object Repository/VLink/Page_CCSale/txt_ExpMonth'

2024-05-16 00:05:56 - [MESSAGE][PASSED] - Text '2025' is set on object 'Object Repository/VLink/Page_CCSale/txt_ExpYear'

2024-05-16 00:05:57 - [MESSAGE][PASSED] - Text '' is set on object 'Object Repository/VLink/Page_CCSale/txt_CVV'

2024-05-16 00:05:57 - [MESSAGE][PASSED] - Text '' is set on object 'Object Repository/VLink/Page_CCSale/txt_CVVstate'

2024-05-16 00:05:58 - [MESSAGE][PASSED] - Text '' is set on object 'Object Repository/VLink/Page_CCSale/txt_TrackData'

2024-05-16 00:05:58 - [MESSAGE][PASSED] - Text '' is set on object 'Object Repository/VLink/Page_CCSale/txt_Track1Data'

2024-05-16 00:05:59 - [MESSAGE][PASSED] - Text '' is set on object 'Object Repository/VLink/Page_CCSale/txt_Track2Data'

2024-05-16 00:06:00 - [MESSAGE][PASSED] - Text 'manual' is set on object 'Object Repository/VLink/Page_CCSale/txt_POSEntryMode'

2024-05-16 00:06:00 - [MESSAGE][PASSED] - Text 'iahmed@govolution.com' is set on object 'Object Repository/VLink/Page_CCSale/txt_Email'

2024-05-16 00:06:01 - [MESSAGE][PASSED] - Text '2569362' is set on object 'Object Repository/VLink/Page_CCSale/txt_OrderNumber'

2024-05-16 00:06:02 - [MESSAGE][PASSED] - Text '1.15' is set on object 'Object Repository/VLink/Page_CCSale/txt_TaxAmount'

2024-05-16 00:06:02 - [MESSAGE][PASSED] - Text 'Charge Description' is set on object 'Object Repository/VLink/Page_CCSale/txt_ChargeDescription'

2024-05-16 00:06:03 - [MESSAGE][PASSED] - Text '147357' is set on object 'Object Repository/VLink/Page_CCSale/txt_CAN'

2024-05-16 00:06:04 - [MESSAGE][PASSED] - Text '1' is set on object 'Object Repository/VLink/Page_CCSale/txt_BillPaymentIndicator'

2024-05-16 00:06:04 - [MESSAGE][PASSED] - Text 'UDF Data 1' is set on object 'Object Repository/VLink/Page_CCSale/txt_UDF1'

2024-05-16 00:06:05 - [MESSAGE][PASSED] - Text 'UDF Data 2' is set on object 'Object Repository/VLink/Page_CCSale/txt_UDF2'

2024-05-16 00:06:05 - [MESSAGE][PASSED] - Text 'UDF Data 3' is set on object 'Object Repository/VLink/Page_CCSale/txt_UDF3'

2024-05-16 00:06:06 - [MESSAGE][PASSED] - Text 'UDF Data 4' is set on object 'Object Repository/VLink/Page_CCSale/txt_UDF4'

2024-05-16 00:06:07 - [MESSAGE][PASSED] - Text 'UDF Data 5' is set on object 'Object Repository/VLink/Page_CCSale/txt_UDF5'

2024-05-16 00:06:07 - [MESSAGE][PASSED] - Text 'UDF Data 6' is set on object 'Object Repository/VLink/Page_CCSale/txt_UDF6'

2024-05-16 00:06:08 - [MESSAGE][PASSED] - Text 'UDF Data 7' is set on object 'Object Repository/VLink/Page_CCSale/txt_UDF7'

2024-05-16 00:06:09 - [MESSAGE][PASSED] - Text 'UDF Data 8' is set on object 'Object Repository/VLink/Page_CCSale/txt_UDF8'

2024-05-16 00:06:09 - [MESSAGE][PASSED] - Text 'UDF Data 9' is set on object 'Object Repository/VLink/Page_CCSale/txt_UDF9'

2024-05-16 00:06:10 - [MESSAGE][PASSED] - Text 'UDF Data 10' is set on object 'Object Repository/VLink/Page_CCSale/txt_UDF10'

2024-05-16 00:06:11 - [MESSAGE][PASSED] - Object: 'Object Repository/VLink/Page_CCSale/btn_ProcessVLinkTransaction' is clicked on

2024-05-16 00:06:16 - [MESSAGE][PASSED] - vlinkPages.saleCCPage.setDataSCC is PASSED

2024-05-16 00:06:16 - [TEST_STEP][PASSED] - if (verifyTextPresent(errorMsg, true)): null

2024-05-16 00:06:16 - [MESSAGE][PASSED] - Text 'card_name' is present on page  using regular expression

2024-05-16 00:06:16 - [TEST_STEP][PASSED] - println("Error Message is present on the Confirmation page"): null

2024-05-16 00:06:16 - [TEST_STEP][PASSED] - out.println("Pass Record Number: " + row): null

2024-05-16 00:06:16 - [TEST_STEP][PASSED] - resText = "Pass": null

2024-05-16 00:06:16 - [TEST_STEP][PASSED] - pages.WriteExcel.demoKey(resText, datText, resColumn, datCloumn, fileLoc, nameSheet, row): pages.WriteExcel.demoKey is PASSED

2024-05-16 00:06:16 - [MESSAGE][PASSED] - pages.WriteExcel.demoKey is PASSED

2024-05-16 00:06:16 - [TEST_STEP][PASSED] - sdfo = getText(findTestObject("Object Repository/Page_VLinkReceipt/pre_STX")): Text of object 'Object Repository/Page_VLinkReceipt/pre_STX' is: '<STX>P7mMLAi2hNgp                                      2  Transaction failed                                20 Missing Parameter(s): card_name                                                            <ETX>'

2024-05-16 00:06:16 - [MESSAGE][PASSED] - Text of object 'Object Repository/Page_VLinkReceipt/pre_STX' is: '<STX>P7mMLAi2hNgp                                      2  Transaction failed                                20 Missing Parameter(s): card_name                                                            <ETX>'

2024-05-16 00:06:16 - [TEST_STEP][PASSED] - out.println("sdfo: " + sdfo): null

2024-05-16 00:06:16 - [TEST_STEP][PASSED] - remID = substring(5, 35).trim(): null

2024-05-16 00:06:16 - [TEST_STEP][PASSED] - out.println("Remittance ID: " + remID): null

2024-05-16 00:06:16 - [TEST_STEP][PASSED] - traxID = substring(35, 55).trim(): null

2024-05-16 00:06:16 - [TEST_STEP][PASSED] - out.println("Transaction ID: " + traxID): null

2024-05-16 00:06:16 - [TEST_STEP][PASSED] - out.println("End Record Number: " + row): null

2024-05-16 00:06:16 - [TEST_STEP][PASSED] - closeBrowser(): Browser is closed

2024-05-16 00:06:18 - [MESSAGE][PASSED] - Browser is closed

2024-05-16 00:06:18 - [TEST_STEP][PASSED] - ExecuteTC = findTestData(dataFile).getValue("Execute", row): null

2024-05-16 00:06:18 - [TEST_STEP][PASSED] - out.println("Value of Execute is : " + ExecuteTC): null

2024-05-16 00:06:18 - [TEST_STEP][PASSED] - errorMsg = findTestData(dataFile).getValue("ErrorMsg", row): null

2024-05-16 00:06:18 - [TEST_STEP][PASSED] - if (ExecuteTC.equalsIgnoreCase("Y")): Browser is closed

2024-05-16 00:06:18 - [TEST_STEP][PASSED] - out.println("Begin Record Number: " + row): null

2024-05-16 00:06:18 - [TEST_STEP][PASSED] - today = new java.util.Date(): null

2024-05-16 00:06:18 - [TEST_STEP][PASSED] - println(today): null

2024-05-16 00:06:18 - [TEST_STEP][PASSED] - datText = today: null

2024-05-16 00:06:18 - [TEST_STEP][PASSED] - openBrowser(VLinkURL + "authcap.html"): Browser is opened with url: 'https://dev-algorithm.govolution.com/vlinktest/QA2/version_2_0/authcap.html'

2024-05-16 00:06:18 - [MESSAGE][INFO] - Starting 'Chrome' driver

2024-05-16 00:06:18 - [MESSAGE][INFO] - User set preference: ['acceptInsecureCerts', 'true']

2024-05-16 00:06:18 - [MESSAGE][INFO] - Action delay is set to 0 milliseconds

2024-05-16 00:06:20 - [MESSAGE][PASSED] - Browser is opened with url: 'https://dev-algorithm.govolution.com/vlinktest/QA2/version_2_0/authcap.html'

2024-05-16 00:06:20 - [TEST_STEP][PASSED] - maximizeWindow(): Current window maximized

2024-05-16 00:06:20 - [MESSAGE][PASSED] - Current window maximized

2024-05-16 00:06:20 - [TEST_STEP][PASSED] - vlinkPages.saleCCPage.setDataSCC(row, dataFile): vlinkPages.saleCCPage.setDataSCC is PASSED

2024-05-16 00:06:25 - [MESSAGE][PASSED] - Object 'Object Repository/VLink/Page_CCSale/txt_CardNumber' is present

2024-05-16 00:06:26 - [MESSAGE][PASSED] - Text '104' is set on object 'Object Repository/VLink/Page_CCSale/txt_TransactionType'

2024-05-16 00:06:26 - [MESSAGE][PASSED] - Text '2.0C' is set on object 'Object Repository/VLink/Page_CCSale/txt_MessageVersion'

2024-05-16 00:06:27 - [MESSAGE][PASSED] - Text 'y3uFchfKcdWu' is set on object 'Object Repository/VLink/Page_CCSale/txt_RemID'

2024-05-16 00:06:28 - [MESSAGE][PASSED] - Text '234' is set on object 'Object Repository/VLink/Page_CCSale/txt_ApplicationId'

2024-05-16 00:06:28 - [MESSAGE][PASSED] - Text 'username' is set on object 'Object Repository/VLink/Page_CCSale/txt_Username'

2024-05-16 00:06:29 - [MESSAGE][PASSED] - Text 'password' is set on object 'Object Repository/VLink/Page_CCSale/txt_Password'

2024-05-16 00:06:30 - [MESSAGE][PASSED] - Text 'fixed_width' is set on object 'Object Repository/VLink/Page_CCSale/txt_ResponseFormat'

2024-05-16 00:06:30 - [MESSAGE][PASSED] - Text 'MOTO' is set on object 'Object Repository/VLink/Page_CCSale/txt_Category'

2024-05-16 00:06:31 - [MESSAGE][PASSED] - Text '' is set on object 'Object Repository/VLink/Page_CCSale/txt_TransactionID'

2024-05-16 00:06:32 - [MESSAGE][PASSED] - Text '' is set on object 'Object Repository/VLink/Page_CCSale/txt_ApprovalCode'

2024-05-16 00:06:32 - [MESSAGE][PASSED] - Text '' is set on object 'Object Repository/VLink/Page_CCSale/txt_CardName'

2024-05-16 00:06:33 - [MESSAGE][PASSED] - Text '258 Elm Road' is set on object 'Object Repository/VLink/Page_CCSale/txt_AL1'

2024-05-16 00:06:34 - [MESSAGE][PASSED] - Text 'Suite 56' is set on object 'Object Repository/VLink/Page_CCSale/txt_AL2'

2024-05-16 00:06:34 - [MESSAGE][PASSED] - Text 'Arlington' is set on object 'Object Repository/VLink/Page_CCSale/txt_CardCity'

2024-05-16 00:06:35 - [MESSAGE][PASSED] - Text 'VA' is set on object 'Object Repository/VLink/Page_CCSale/txt_CardState'

2024-05-16 00:06:35 - [MESSAGE][PASSED] - Text '22201' is set on object 'Object Repository/VLink/Page_CCSale/txt_CardZIP'

2024-05-16 00:06:36 - [MESSAGE][PASSED] - Text '840' is set on object 'Object Repository/VLink/Page_CCSale/txt_CountryID'

2024-05-16 00:06:37 - [MESSAGE][PASSED] - Text '1.50' is set on object 'Object Repository/VLink/Page_CCSale/txt_Amount'

2024-05-16 00:06:37 - [MESSAGE][PASSED] - Text '4111111111111111' is set on object 'Object Repository/VLink/Page_CCSale/txt_CardNumber'

2024-05-16 00:06:38 - [MESSAGE][PASSED] - Text '12' is set on object 'Object Repository/VLink/Page_CCSale/txt_ExpMonth'

2024-05-16 00:06:39 - [MESSAGE][PASSED] - Text '2025' is set on object 'Object Repository/VLink/Page_CCSale/txt_ExpYear'

2024-05-16 00:06:39 - [MESSAGE][PASSED] - Text '' is set on object 'Object Repository/VLink/Page_CCSale/txt_CVV'

2024-05-16 00:06:40 - [MESSAGE][PASSED] - Text '' is set on object 'Object Repository/VLink/Page_CCSale/txt_CVVstate'

2024-05-16 00:06:41 - [MESSAGE][PASSED] - Text '' is set on object 'Object Repository/VLink/Page_CCSale/txt_TrackData'

2024-05-16 00:06:41 - [MESSAGE][PASSED] - Text '' is set on object 'Object Repository/VLink/Page_CCSale/txt_Track1Data'

2024-05-16 00:06:42 - [MESSAGE][PASSED] - Text '' is set on object 'Object Repository/VLink/Page_CCSale/txt_Track2Data'

2024-05-16 00:06:42 - [MESSAGE][PASSED] - Text 'manual' is set on object 'Object Repository/VLink/Page_CCSale/txt_POSEntryMode'

2024-05-16 00:06:43 - [MESSAGE][PASSED] - Text 'iahmed@govolution.com' is set on object 'Object Repository/VLink/Page_CCSale/txt_Email'

2024-05-16 00:06:44 - [MESSAGE][PASSED] - Text '2569362' is set on object 'Object Repository/VLink/Page_CCSale/txt_OrderNumber'

2024-05-16 00:06:44 - [MESSAGE][PASSED] - Text '1.15' is set on object 'Object Repository/VLink/Page_CCSale/txt_TaxAmount'

2024-05-16 00:06:45 - [MESSAGE][PASSED] - Text 'Charge Description' is set on object 'Object Repository/VLink/Page_CCSale/txt_ChargeDescription'

2024-05-16 00:06:46 - [MESSAGE][PASSED] - Text '147357' is set on object 'Object Repository/VLink/Page_CCSale/txt_CAN'

2024-05-16 00:06:46 - [MESSAGE][PASSED] - Text '1' is set on object 'Object Repository/VLink/Page_CCSale/txt_BillPaymentIndicator'

2024-05-16 00:06:47 - [MESSAGE][PASSED] - Text 'UDF Data 1' is set on object 'Object Repository/VLink/Page_CCSale/txt_UDF1'

2024-05-16 00:06:47 - [MESSAGE][PASSED] - Text 'UDF Data 2' is set on object 'Object Repository/VLink/Page_CCSale/txt_UDF2'

2024-05-16 00:06:48 - [MESSAGE][PASSED] - Text 'UDF Data 3' is set on object 'Object Repository/VLink/Page_CCSale/txt_UDF3'

2024-05-16 00:06:49 - [MESSAGE][PASSED] - Text 'UDF Data 4' is set on object 'Object Repository/VLink/Page_CCSale/txt_UDF4'

2024-05-16 00:06:49 - [MESSAGE][PASSED] - Text 'UDF Data 5' is set on object 'Object Repository/VLink/Page_CCSale/txt_UDF5'

2024-05-16 00:06:50 - [MESSAGE][PASSED] - Text 'UDF Data 6' is set on object 'Object Repository/VLink/Page_CCSale/txt_UDF6'

2024-05-16 00:06:51 - [MESSAGE][PASSED] - Text 'UDF Data 7' is set on object 'Object Repository/VLink/Page_CCSale/txt_UDF7'

2024-05-16 00:06:51 - [MESSAGE][PASSED] - Text 'UDF Data 8' is set on object 'Object Repository/VLink/Page_CCSale/txt_UDF8'

2024-05-16 00:06:52 - [MESSAGE][PASSED] - Text 'UDF Data 9' is set on object 'Object Repository/VLink/Page_CCSale/txt_UDF9'

2024-05-16 00:06:53 - [MESSAGE][PASSED] - Text 'UDF Data 10' is set on object 'Object Repository/VLink/Page_CCSale/txt_UDF10'

2024-05-16 00:06:53 - [MESSAGE][PASSED] - Object: 'Object Repository/VLink/Page_CCSale/btn_ProcessVLinkTransaction' is clicked on

2024-05-16 00:06:58 - [MESSAGE][PASSED] - vlinkPages.saleCCPage.setDataSCC is PASSED

2024-05-16 00:06:58 - [TEST_STEP][PASSED] - if (verifyTextPresent(errorMsg, true)): null

2024-05-16 00:06:59 - [MESSAGE][PASSED] - Text 'card_name' is present on page  using regular expression

2024-05-16 00:06:59 - [TEST_STEP][PASSED] - println("Error Message is present on the Confirmation page"): null

2024-05-16 00:06:59 - [TEST_STEP][PASSED] - out.println("Pass Record Number: " + row): null

2024-05-16 00:06:59 - [TEST_STEP][PASSED] - resText = "Pass": null

2024-05-16 00:06:59 - [TEST_STEP][PASSED] - pages.WriteExcel.demoKey(resText, datText, resColumn, datCloumn, fileLoc, nameSheet, row): pages.WriteExcel.demoKey is PASSED

2024-05-16 00:06:59 - [MESSAGE][PASSED] - pages.WriteExcel.demoKey is PASSED

2024-05-16 00:06:59 - [TEST_STEP][PASSED] - sdfo = getText(findTestObject("Object Repository/Page_VLinkReceipt/pre_STX")): Text of object 'Object Repository/Page_VLinkReceipt/pre_STX' is: '<STX>y3uFchfKcdWu                                      2  Transaction failed                                20 Missing Parameter(s): card_name                                                            <ETX>'

2024-05-16 00:06:59 - [MESSAGE][PASSED] - Text of object 'Object Repository/Page_VLinkReceipt/pre_STX' is: '<STX>y3uFchfKcdWu                                      2  Transaction failed                                20 Missing Parameter(s): card_name                                                            <ETX>'

2024-05-16 00:06:59 - [TEST_STEP][PASSED] - out.println("sdfo: " + sdfo): null

2024-05-16 00:06:59 - [TEST_STEP][PASSED] - remID = substring(5, 35).trim(): null

2024-05-16 00:06:59 - [TEST_STEP][PASSED] - out.println("Remittance ID: " + remID): null

2024-05-16 00:06:59 - [TEST_STEP][PASSED] - traxID = substring(35, 55).trim(): null

2024-05-16 00:06:59 - [TEST_STEP][PASSED] - out.println("Transaction ID: " + traxID): null

2024-05-16 00:06:59 - [TEST_STEP][PASSED] - out.println("End Record Number: " + row): null

2024-05-16 00:06:59 - [TEST_STEP][PASSED] - closeBrowser(): Browser is closed

2024-05-16 00:07:00 - [MESSAGE][PASSED] - Browser is closed

2024-05-16 00:07:00 - [TEST_STEP][PASSED] - ExecuteTC = findTestData(dataFile).getValue("Execute", row): null

2024-05-16 00:07:01 - [TEST_STEP][PASSED] - out.println("Value of Execute is : " + ExecuteTC): null

2024-05-16 00:07:01 - [TEST_STEP][PASSED] - errorMsg = findTestData(dataFile).getValue("ErrorMsg", row): null

2024-05-16 00:07:01 - [TEST_STEP][PASSED] - if (ExecuteTC.equalsIgnoreCase("Y")): Browser is closed

2024-05-16 00:07:01 - [TEST_STEP][PASSED] - out.println("Begin Record Number: " + row): null

2024-05-16 00:07:01 - [TEST_STEP][PASSED] - today = new java.util.Date(): null

2024-05-16 00:07:01 - [TEST_STEP][PASSED] - println(today): null

2024-05-16 00:07:01 - [TEST_STEP][PASSED] - datText = today: null

2024-05-16 00:07:01 - [TEST_STEP][PASSED] - openBrowser(VLinkURL + "authcap.html"): Browser is opened with url: 'https://dev-algorithm.govolution.com/vlinktest/QA2/version_2_0/authcap.html'

2024-05-16 00:07:01 - [MESSAGE][INFO] - Starting 'Chrome' driver

2024-05-16 00:07:01 - [MESSAGE][INFO] - User set preference: ['acceptInsecureCerts', 'true']

2024-05-16 00:07:01 - [MESSAGE][INFO] - Action delay is set to 0 milliseconds

2024-05-16 00:07:03 - [MESSAGE][PASSED] - Browser is opened with url: 'https://dev-algorithm.govolution.com/vlinktest/QA2/version_2_0/authcap.html'

2024-05-16 00:07:03 - [TEST_STEP][PASSED] - maximizeWindow(): Current window maximized

2024-05-16 00:07:03 - [MESSAGE][PASSED] - Current window maximized

2024-05-16 00:07:03 - [TEST_STEP][PASSED] - vlinkPages.saleCCPage.setDataSCC(row, dataFile): vlinkPages.saleCCPage.setDataSCC is PASSED

2024-05-16 00:07:08 - [MESSAGE][PASSED] - Object 'Object Repository/VLink/Page_CCSale/txt_CardNumber' is present

2024-05-16 00:07:09 - [MESSAGE][PASSED] - Text '104' is set on object 'Object Repository/VLink/Page_CCSale/txt_TransactionType'

2024-05-16 00:07:09 - [MESSAGE][PASSED] - Text '2.0C' is set on object 'Object Repository/VLink/Page_CCSale/txt_MessageVersion'

2024-05-16 00:07:10 - [MESSAGE][PASSED] - Text 'e3MEi9GdwC4v' is set on object 'Object Repository/VLink/Page_CCSale/txt_RemID'

2024-05-16 00:07:11 - [MESSAGE][PASSED] - Text '234' is set on object 'Object Repository/VLink/Page_CCSale/txt_ApplicationId'

2024-05-16 00:07:11 - [MESSAGE][PASSED] - Text 'username' is set on object 'Object Repository/VLink/Page_CCSale/txt_Username'

2024-05-16 00:07:12 - [MESSAGE][PASSED] - Text 'password' is set on object 'Object Repository/VLink/Page_CCSale/txt_Password'

2024-05-16 00:07:13 - [MESSAGE][PASSED] - Text 'fixed_width' is set on object 'Object Repository/VLink/Page_CCSale/txt_ResponseFormat'

2024-05-16 00:07:13 - [MESSAGE][PASSED] - Text 'RETL' is set on object 'Object Repository/VLink/Page_CCSale/txt_Category'

2024-05-16 00:07:14 - [MESSAGE][PASSED] - Text '' is set on object 'Object Repository/VLink/Page_CCSale/txt_TransactionID'

2024-05-16 00:07:15 - [MESSAGE][PASSED] - Text '' is set on object 'Object Repository/VLink/Page_CCSale/txt_ApprovalCode'

2024-05-16 00:07:15 - [MESSAGE][PASSED] - Text '' is set on object 'Object Repository/VLink/Page_CCSale/txt_CardName'

2024-05-16 00:07:16 - [MESSAGE][PASSED] - Text '258 Elm Road' is set on object 'Object Repository/VLink/Page_CCSale/txt_AL1'

2024-05-16 00:07:17 - [MESSAGE][PASSED] - Text 'Suite 56' is set on object 'Object Repository/VLink/Page_CCSale/txt_AL2'

2024-05-16 00:07:17 - [MESSAGE][PASSED] - Text 'Arlington' is set on object 'Object Repository/VLink/Page_CCSale/txt_CardCity'

2024-05-16 00:07:18 - [MESSAGE][PASSED] - Text 'VA' is set on object 'Object Repository/VLink/Page_CCSale/txt_CardState'

2024-05-16 00:07:19 - [MESSAGE][PASSED] - Text '22201' is set on object 'Object Repository/VLink/Page_CCSale/txt_CardZIP'

2024-05-16 00:07:19 - [MESSAGE][PASSED] - Text '840' is set on object 'Object Repository/VLink/Page_CCSale/txt_CountryID'

2024-05-16 00:07:20 - [MESSAGE][PASSED] - Text '1.50' is set on object 'Object Repository/VLink/Page_CCSale/txt_Amount'

2024-05-16 00:07:21 - [MESSAGE][PASSED] - Text '4111111111111111' is set on object 'Object Repository/VLink/Page_CCSale/txt_CardNumber'

2024-05-16 00:07:21 - [MESSAGE][PASSED] - Text '12' is set on object 'Object Repository/VLink/Page_CCSale/txt_ExpMonth'

2024-05-16 00:07:22 - [MESSAGE][PASSED] - Text '2025' is set on object 'Object Repository/VLink/Page_CCSale/txt_ExpYear'

2024-05-16 00:07:22 - [MESSAGE][PASSED] - Text '' is set on object 'Object Repository/VLink/Page_CCSale/txt_CVV'

2024-05-16 00:07:23 - [MESSAGE][PASSED] - Text '' is set on object 'Object Repository/VLink/Page_CCSale/txt_CVVstate'

2024-05-16 00:07:24 - [MESSAGE][PASSED] - Text '' is set on object 'Object Repository/VLink/Page_CCSale/txt_TrackData'

2024-05-16 00:07:24 - [MESSAGE][PASSED] - Text '' is set on object 'Object Repository/VLink/Page_CCSale/txt_Track1Data'

2024-05-16 00:07:25 - [MESSAGE][PASSED] - Text '' is set on object 'Object Repository/VLink/Page_CCSale/txt_Track2Data'

2024-05-16 00:07:26 - [MESSAGE][PASSED] - Text 'manual' is set on object 'Object Repository/VLink/Page_CCSale/txt_POSEntryMode'

2024-05-16 00:07:26 - [MESSAGE][PASSED] - Text 'iahmed@govolution.com' is set on object 'Object Repository/VLink/Page_CCSale/txt_Email'

2024-05-16 00:07:27 - [MESSAGE][PASSED] - Text '2569362' is set on object 'Object Repository/VLink/Page_CCSale/txt_OrderNumber'

2024-05-16 00:07:27 - [MESSAGE][PASSED] - Text '1.15' is set on object 'Object Repository/VLink/Page_CCSale/txt_TaxAmount'

2024-05-16 00:07:28 - [MESSAGE][PASSED] - Text 'Charge Description' is set on object 'Object Repository/VLink/Page_CCSale/txt_ChargeDescription'

2024-05-16 00:07:29 - [MESSAGE][PASSED] - Text '147357' is set on object 'Object Repository/VLink/Page_CCSale/txt_CAN'

2024-05-16 00:07:29 - [MESSAGE][PASSED] - Text '1' is set on object 'Object Repository/VLink/Page_CCSale/txt_BillPaymentIndicator'

2024-05-16 00:07:30 - [MESSAGE][PASSED] - Text 'UDF Data 1' is set on object 'Object Repository/VLink/Page_CCSale/txt_UDF1'

2024-05-16 00:07:31 - [MESSAGE][PASSED] - Text 'UDF Data 2' is set on object 'Object Repository/VLink/Page_CCSale/txt_UDF2'

2024-05-16 00:07:31 - [MESSAGE][PASSED] - Text 'UDF Data 3' is set on object 'Object Repository/VLink/Page_CCSale/txt_UDF3'

2024-05-16 00:07:32 - [MESSAGE][PASSED] - Text 'UDF Data 4' is set on object 'Object Repository/VLink/Page_CCSale/txt_UDF4'

2024-05-16 00:07:33 - [MESSAGE][PASSED] - Text 'UDF Data 5' is set on object 'Object Repository/VLink/Page_CCSale/txt_UDF5'

2024-05-16 00:07:33 - [MESSAGE][PASSED] - Text 'UDF Data 6' is set on object 'Object Repository/VLink/Page_CCSale/txt_UDF6'

2024-05-16 00:07:34 - [MESSAGE][PASSED] - Text 'UDF Data 7' is set on object 'Object Repository/VLink/Page_CCSale/txt_UDF7'

2024-05-16 00:07:34 - [MESSAGE][PASSED] - Text 'UDF Data 8' is set on object 'Object Repository/VLink/Page_CCSale/txt_UDF8'

2024-05-16 00:07:35 - [MESSAGE][PASSED] - Text 'UDF Data 9' is set on object 'Object Repository/VLink/Page_CCSale/txt_UDF9'

2024-05-16 00:07:36 - [MESSAGE][PASSED] - Text 'UDF Data 10' is set on object 'Object Repository/VLink/Page_CCSale/txt_UDF10'

2024-05-16 00:07:36 - [MESSAGE][PASSED] - Object: 'Object Repository/VLink/Page_CCSale/btn_ProcessVLinkTransaction' is clicked on

2024-05-16 00:07:41 - [MESSAGE][PASSED] - vlinkPages.saleCCPage.setDataSCC is PASSED

2024-05-16 00:07:41 - [TEST_STEP][PASSED] - if (verifyTextPresent(errorMsg, true)): null

2024-05-16 00:07:42 - [MESSAGE][PASSED] - Text 'card_name' is present on page  using regular expression

2024-05-16 00:07:42 - [TEST_STEP][PASSED] - println("Error Message is present on the Confirmation page"): null

2024-05-16 00:07:42 - [TEST_STEP][PASSED] - out.println("Pass Record Number: " + row): null

2024-05-16 00:07:42 - [TEST_STEP][PASSED] - resText = "Pass": null

2024-05-16 00:07:42 - [TEST_STEP][PASSED] - pages.WriteExcel.demoKey(resText, datText, resColumn, datCloumn, fileLoc, nameSheet, row): pages.WriteExcel.demoKey is PASSED

2024-05-16 00:07:42 - [MESSAGE][PASSED] - pages.WriteExcel.demoKey is PASSED

2024-05-16 00:07:42 - [TEST_STEP][PASSED] - sdfo = getText(findTestObject("Object Repository/Page_VLinkReceipt/pre_STX")): Text of object 'Object Repository/Page_VLinkReceipt/pre_STX' is: '<STX>e3MEi9GdwC4v                                      2  Transaction failed                                20 Missing Parameter(s): card_name                                                            <ETX>'

2024-05-16 00:07:42 - [MESSAGE][PASSED] - Text of object 'Object Repository/Page_VLinkReceipt/pre_STX' is: '<STX>e3MEi9GdwC4v                                      2  Transaction failed                                20 Missing Parameter(s): card_name                                                            <ETX>'

2024-05-16 00:07:42 - [TEST_STEP][PASSED] - out.println("sdfo: " + sdfo): null

2024-05-16 00:07:42 - [TEST_STEP][PASSED] - remID = substring(5, 35).trim(): null

2024-05-16 00:07:42 - [TEST_STEP][PASSED] - out.println("Remittance ID: " + remID): null

2024-05-16 00:07:42 - [TEST_STEP][PASSED] - traxID = substring(35, 55).trim(): null

2024-05-16 00:07:42 - [TEST_STEP][PASSED] - out.println("Transaction ID: " + traxID): null

2024-05-16 00:07:42 - [TEST_STEP][PASSED] - out.println("End Record Number: " + row): null

2024-05-16 00:07:42 - [TEST_STEP][PASSED] - closeBrowser(): Browser is closed

2024-05-16 00:07:44 - [MESSAGE][PASSED] - Browser is closed

2024-05-16 00:07:44 - [TEST_STEP][PASSED] - ExecuteTC = findTestData(dataFile).getValue("Execute", row): null

2024-05-16 00:07:44 - [TEST_STEP][PASSED] - out.println("Value of Execute is : " + ExecuteTC): null

2024-05-16 00:07:44 - [TEST_STEP][PASSED] - errorMsg = findTestData(dataFile).getValue("ErrorMsg", row): null

2024-05-16 00:07:44 - [TEST_STEP][PASSED] - if (ExecuteTC.equalsIgnoreCase("Y")): Browser is closed

2024-05-16 00:07:44 - [TEST_STEP][PASSED] - out.println("Begin Record Number: " + row): null

2024-05-16 00:07:44 - [TEST_STEP][PASSED] - today = new java.util.Date(): null

2024-05-16 00:07:44 - [TEST_STEP][PASSED] - println(today): null

2024-05-16 00:07:44 - [TEST_STEP][PASSED] - datText = today: null

2024-05-16 00:07:44 - [TEST_STEP][PASSED] - openBrowser(VLinkURL + "authcap.html"): Browser is opened with url: 'https://dev-algorithm.govolution.com/vlinktest/QA2/version_2_0/authcap.html'

2024-05-16 00:07:44 - [MESSAGE][INFO] - Starting 'Chrome' driver

2024-05-16 00:07:44 - [MESSAGE][INFO] - User set preference: ['acceptInsecureCerts', 'true']

2024-05-16 00:07:44 - [MESSAGE][INFO] - Action delay is set to 0 milliseconds

2024-05-16 00:07:46 - [MESSAGE][PASSED] - Browser is opened with url: 'https://dev-algorithm.govolution.com/vlinktest/QA2/version_2_0/authcap.html'

2024-05-16 00:07:46 - [TEST_STEP][PASSED] - maximizeWindow(): Current window maximized

2024-05-16 00:07:46 - [MESSAGE][PASSED] - Current window maximized

2024-05-16 00:07:46 - [TEST_STEP][PASSED] - vlinkPages.saleCCPage.setDataSCC(row, dataFile): vlinkPages.saleCCPage.setDataSCC is PASSED

2024-05-16 00:07:51 - [MESSAGE][PASSED] - Object 'Object Repository/VLink/Page_CCSale/txt_CardNumber' is present

2024-05-16 00:07:52 - [MESSAGE][PASSED] - Text '104' is set on object 'Object Repository/VLink/Page_CCSale/txt_TransactionType'

2024-05-16 00:07:52 - [MESSAGE][PASSED] - Text '2.0C' is set on object 'Object Repository/VLink/Page_CCSale/txt_MessageVersion'

2024-05-16 00:07:53 - [MESSAGE][PASSED] - Text 'dsoaUZKISd9u' is set on object 'Object Repository/VLink/Page_CCSale/txt_RemID'

2024-05-16 00:07:54 - [MESSAGE][PASSED] - Text '234' is set on object 'Object Repository/VLink/Page_CCSale/txt_ApplicationId'

2024-05-16 00:07:54 - [MESSAGE][PASSED] - Text 'username' is set on object 'Object Repository/VLink/Page_CCSale/txt_Username'

2024-05-16 00:07:55 - [MESSAGE][PASSED] - Text 'password' is set on object 'Object Repository/VLink/Page_CCSale/txt_Password'

2024-05-16 00:07:56 - [MESSAGE][PASSED] - Text 'fixed_width' is set on object 'Object Repository/VLink/Page_CCSale/txt_ResponseFormat'

2024-05-16 00:07:56 - [MESSAGE][PASSED] - Text 'ECOM' is set on object 'Object Repository/VLink/Page_CCSale/txt_Category'

2024-05-16 00:07:57 - [MESSAGE][PASSED] - Text '' is set on object 'Object Repository/VLink/Page_CCSale/txt_TransactionID'

2024-05-16 00:07:58 - [MESSAGE][PASSED] - Text '' is set on object 'Object Repository/VLink/Page_CCSale/txt_ApprovalCode'

2024-05-16 00:07:58 - [MESSAGE][PASSED] - Text 'Kris Roshan' is set on object 'Object Repository/VLink/Page_CCSale/txt_CardName'

2024-05-16 00:07:59 - [MESSAGE][PASSED] - Text '' is set on object 'Object Repository/VLink/Page_CCSale/txt_AL1'

2024-05-16 00:08:00 - [MESSAGE][PASSED] - Text 'Suite 56' is set on object 'Object Repository/VLink/Page_CCSale/txt_AL2'

2024-05-16 00:08:00 - [MESSAGE][PASSED] - Text 'Arlington' is set on object 'Object Repository/VLink/Page_CCSale/txt_CardCity'

2024-05-16 00:08:01 - [MESSAGE][PASSED] - Text 'VA' is set on object 'Object Repository/VLink/Page_CCSale/txt_CardState'

2024-05-16 00:08:02 - [MESSAGE][PASSED] - Text '22201' is set on object 'Object Repository/VLink/Page_CCSale/txt_CardZIP'

2024-05-16 00:08:02 - [MESSAGE][PASSED] - Text '840' is set on object 'Object Repository/VLink/Page_CCSale/txt_CountryID'

2024-05-16 00:08:03 - [MESSAGE][PASSED] - Text '1.50' is set on object 'Object Repository/VLink/Page_CCSale/txt_Amount'

2024-05-16 00:08:03 - [MESSAGE][PASSED] - Text '4111111111111111' is set on object 'Object Repository/VLink/Page_CCSale/txt_CardNumber'

2024-05-16 00:08:04 - [MESSAGE][PASSED] - Text '12' is set on object 'Object Repository/VLink/Page_CCSale/txt_ExpMonth'

2024-05-16 00:08:05 - [MESSAGE][PASSED] - Text '2025' is set on object 'Object Repository/VLink/Page_CCSale/txt_ExpYear'

2024-05-16 00:08:05 - [MESSAGE][PASSED] - Text '' is set on object 'Object Repository/VLink/Page_CCSale/txt_CVV'

2024-05-16 00:08:06 - [MESSAGE][PASSED] - Text '' is set on object 'Object Repository/VLink/Page_CCSale/txt_CVVstate'

2024-05-16 00:08:07 - [MESSAGE][PASSED] - Text '' is set on object 'Object Repository/VLink/Page_CCSale/txt_TrackData'

2024-05-16 00:08:07 - [MESSAGE][PASSED] - Text '' is set on object 'Object Repository/VLink/Page_CCSale/txt_Track1Data'

2024-05-16 00:08:08 - [MESSAGE][PASSED] - Text '' is set on object 'Object Repository/VLink/Page_CCSale/txt_Track2Data'

2024-05-16 00:08:08 - [MESSAGE][PASSED] - Text 'manual' is set on object 'Object Repository/VLink/Page_CCSale/txt_POSEntryMode'

2024-05-16 00:08:09 - [MESSAGE][PASSED] - Text 'iahmed@govolution.com' is set on object 'Object Repository/VLink/Page_CCSale/txt_Email'

2024-05-16 00:08:10 - [MESSAGE][PASSED] - Text '2569362' is set on object 'Object Repository/VLink/Page_CCSale/txt_OrderNumber'

2024-05-16 00:08:10 - [MESSAGE][PASSED] - Text '1.15' is set on object 'Object Repository/VLink/Page_CCSale/txt_TaxAmount'

2024-05-16 00:08:11 - [MESSAGE][PASSED] - Text 'Charge Description' is set on object 'Object Repository/VLink/Page_CCSale/txt_ChargeDescription'

2024-05-16 00:08:12 - [MESSAGE][PASSED] - Text '147357' is set on object 'Object Repository/VLink/Page_CCSale/txt_CAN'

2024-05-16 00:08:12 - [MESSAGE][PASSED] - Text '1' is set on object 'Object Repository/VLink/Page_CCSale/txt_BillPaymentIndicator'

2024-05-16 00:08:13 - [MESSAGE][PASSED] - Text 'UDF Data 1' is set on object 'Object Repository/VLink/Page_CCSale/txt_UDF1'

2024-05-16 00:08:14 - [MESSAGE][PASSED] - Text 'UDF Data 2' is set on object 'Object Repository/VLink/Page_CCSale/txt_UDF2'

2024-05-16 00:08:14 - [MESSAGE][PASSED] - Text 'UDF Data 3' is set on object 'Object Repository/VLink/Page_CCSale/txt_UDF3'

2024-05-16 00:08:15 - [MESSAGE][PASSED] - Text 'UDF Data 4' is set on object 'Object Repository/VLink/Page_CCSale/txt_UDF4'

2024-05-16 00:08:15 - [MESSAGE][PASSED] - Text 'UDF Data 5' is set on object 'Object Repository/VLink/Page_CCSale/txt_UDF5'

2024-05-16 00:08:16 - [MESSAGE][PASSED] - Text 'UDF Data 6' is set on object 'Object Repository/VLink/Page_CCSale/txt_UDF6'

2024-05-16 00:08:17 - [MESSAGE][PASSED] - Text 'UDF Data 7' is set on object 'Object Repository/VLink/Page_CCSale/txt_UDF7'

2024-05-16 00:08:17 - [MESSAGE][PASSED] - Text 'UDF Data 8' is set on object 'Object Repository/VLink/Page_CCSale/txt_UDF8'

2024-05-16 00:08:18 - [MESSAGE][PASSED] - Text 'UDF Data 9' is set on object 'Object Repository/VLink/Page_CCSale/txt_UDF9'

2024-05-16 00:08:19 - [MESSAGE][PASSED] - Text 'UDF Data 10' is set on object 'Object Repository/VLink/Page_CCSale/txt_UDF10'

2024-05-16 00:08:19 - [MESSAGE][PASSED] - Object: 'Object Repository/VLink/Page_CCSale/btn_ProcessVLinkTransaction' is clicked on

2024-05-16 00:08:24 - [MESSAGE][PASSED] - vlinkPages.saleCCPage.setDataSCC is PASSED

2024-05-16 00:08:24 - [TEST_STEP][PASSED] - if (verifyTextPresent(errorMsg, true)): null

2024-05-16 00:08:25 - [MESSAGE][PASSED] - Text 'card_address' is present on page  using regular expression

2024-05-16 00:08:25 - [TEST_STEP][PASSED] - println("Error Message is present on the Confirmation page"): null

2024-05-16 00:08:25 - [TEST_STEP][PASSED] - out.println("Pass Record Number: " + row): null

2024-05-16 00:08:25 - [TEST_STEP][PASSED] - resText = "Pass": null

2024-05-16 00:08:25 - [TEST_STEP][PASSED] - pages.WriteExcel.demoKey(resText, datText, resColumn, datCloumn, fileLoc, nameSheet, row): pages.WriteExcel.demoKey is PASSED

2024-05-16 00:08:25 - [MESSAGE][PASSED] - pages.WriteExcel.demoKey is PASSED

2024-05-16 00:08:25 - [TEST_STEP][PASSED] - sdfo = getText(findTestObject("Object Repository/Page_VLinkReceipt/pre_STX")): Text of object 'Object Repository/Page_VLinkReceipt/pre_STX' is: '<STX>dsoaUZKISd9u                                      2  Transaction failed                                20 Missing Parameter(s): card_address                                                         <ETX>'

2024-05-16 00:08:25 - [MESSAGE][PASSED] - Text of object 'Object Repository/Page_VLinkReceipt/pre_STX' is: '<STX>dsoaUZKISd9u                                      2  Transaction failed                                20 Missing Parameter(s): card_address                                                         <ETX>'

2024-05-16 00:08:25 - [TEST_STEP][PASSED] - out.println("sdfo: " + sdfo): null

2024-05-16 00:08:25 - [TEST_STEP][PASSED] - remID = substring(5, 35).trim(): null

2024-05-16 00:08:25 - [TEST_STEP][PASSED] - out.println("Remittance ID: " + remID): null

2024-05-16 00:08:25 - [TEST_STEP][PASSED] - traxID = substring(35, 55).trim(): null

2024-05-16 00:08:25 - [TEST_STEP][PASSED] - out.println("Transaction ID: " + traxID): null

2024-05-16 00:08:25 - [TEST_STEP][PASSED] - out.println("End Record Number: " + row): null

2024-05-16 00:08:25 - [TEST_STEP][PASSED] - closeBrowser(): Browser is closed

2024-05-16 00:08:26 - [MESSAGE][PASSED] - Browser is closed

2024-05-16 00:08:26 - [TEST_STEP][PASSED] - ExecuteTC = findTestData(dataFile).getValue("Execute", row): null

2024-05-16 00:08:26 - [TEST_STEP][PASSED] - out.println("Value of Execute is : " + ExecuteTC): null

2024-05-16 00:08:26 - [TEST_STEP][PASSED] - errorMsg = findTestData(dataFile).getValue("ErrorMsg", row): null

2024-05-16 00:08:27 - [TEST_STEP][PASSED] - if (ExecuteTC.equalsIgnoreCase("Y")): Browser is closed

2024-05-16 00:08:27 - [TEST_STEP][PASSED] - out.println("Begin Record Number: " + row): null

2024-05-16 00:08:27 - [TEST_STEP][PASSED] - today = new java.util.Date(): null

2024-05-16 00:08:27 - [TEST_STEP][PASSED] - println(today): null

2024-05-16 00:08:27 - [TEST_STEP][PASSED] - datText = today: null

2024-05-16 00:08:27 - [TEST_STEP][PASSED] - openBrowser(VLinkURL + "authcap.html"): Browser is opened with url: 'https://dev-algorithm.govolution.com/vlinktest/QA2/version_2_0/authcap.html'

2024-05-16 00:08:27 - [MESSAGE][INFO] - Starting 'Chrome' driver

2024-05-16 00:08:27 - [MESSAGE][INFO] - User set preference: ['acceptInsecureCerts', 'true']

2024-05-16 00:08:27 - [MESSAGE][INFO] - Action delay is set to 0 milliseconds

2024-05-16 00:08:29 - [MESSAGE][PASSED] - Browser is opened with url: 'https://dev-algorithm.govolution.com/vlinktest/QA2/version_2_0/authcap.html'

2024-05-16 00:08:29 - [TEST_STEP][PASSED] - maximizeWindow(): Current window maximized

2024-05-16 00:08:29 - [MESSAGE][PASSED] - Current window maximized

2024-05-16 00:08:29 - [TEST_STEP][PASSED] - vlinkPages.saleCCPage.setDataSCC(row, dataFile): vlinkPages.saleCCPage.setDataSCC is PASSED

2024-05-16 00:08:33 - [MESSAGE][PASSED] - Object 'Object Repository/VLink/Page_CCSale/txt_CardNumber' is present

2024-05-16 00:08:34 - [MESSAGE][PASSED] - Text '104' is set on object 'Object Repository/VLink/Page_CCSale/txt_TransactionType'

2024-05-16 00:08:35 - [MESSAGE][PASSED] - Text '2.0C' is set on object 'Object Repository/VLink/Page_CCSale/txt_MessageVersion'

2024-05-16 00:08:35 - [MESSAGE][PASSED] - Text '15CssTyAg1kK' is set on object 'Object Repository/VLink/Page_CCSale/txt_RemID'

2024-05-16 00:08:36 - [MESSAGE][PASSED] - Text '234' is set on object 'Object Repository/VLink/Page_CCSale/txt_ApplicationId'

2024-05-16 00:08:37 - [MESSAGE][PASSED] - Text 'username' is set on object 'Object Repository/VLink/Page_CCSale/txt_Username'

2024-05-16 00:08:37 - [MESSAGE][PASSED] - Text 'password' is set on object 'Object Repository/VLink/Page_CCSale/txt_Password'

2024-05-16 00:08:38 - [MESSAGE][PASSED] - Text 'fixed_width' is set on object 'Object Repository/VLink/Page_CCSale/txt_ResponseFormat'

2024-05-16 00:08:39 - [MESSAGE][PASSED] - Text 'MOTO' is set on object 'Object Repository/VLink/Page_CCSale/txt_Category'

2024-05-16 00:08:40 - [MESSAGE][PASSED] - Text '' is set on object 'Object Repository/VLink/Page_CCSale/txt_TransactionID'

2024-05-16 00:08:40 - [MESSAGE][PASSED] - Text '' is set on object 'Object Repository/VLink/Page_CCSale/txt_ApprovalCode'

2024-05-16 00:08:41 - [MESSAGE][PASSED] - Text 'Kris Roshan' is set on object 'Object Repository/VLink/Page_CCSale/txt_CardName'

2024-05-16 00:08:41 - [MESSAGE][PASSED] - Text '' is set on object 'Object Repository/VLink/Page_CCSale/txt_AL1'

2024-05-16 00:08:42 - [MESSAGE][PASSED] - Text 'Suite 56' is set on object 'Object Repository/VLink/Page_CCSale/txt_AL2'

2024-05-16 00:08:43 - [MESSAGE][PASSED] - Text 'Arlington' is set on object 'Object Repository/VLink/Page_CCSale/txt_CardCity'

2024-05-16 00:08:43 - [MESSAGE][PASSED] - Text 'VA' is set on object 'Object Repository/VLink/Page_CCSale/txt_CardState'

2024-05-16 00:08:44 - [MESSAGE][PASSED] - Text '22201' is set on object 'Object Repository/VLink/Page_CCSale/txt_CardZIP'

2024-05-16 00:08:45 - [MESSAGE][PASSED] - Text '840' is set on object 'Object Repository/VLink/Page_CCSale/txt_CountryID'

2024-05-16 00:08:45 - [MESSAGE][PASSED] - Text '1.50' is set on object 'Object Repository/VLink/Page_CCSale/txt_Amount'

2024-05-16 00:08:46 - [MESSAGE][PASSED] - Text '4111111111111111' is set on object 'Object Repository/VLink/Page_CCSale/txt_CardNumber'

2024-05-16 00:08:47 - [MESSAGE][PASSED] - Text '12' is set on object 'Object Repository/VLink/Page_CCSale/txt_ExpMonth'

2024-05-16 00:08:47 - [MESSAGE][PASSED] - Text '2025' is set on object 'Object Repository/VLink/Page_CCSale/txt_ExpYear'

2024-05-16 00:08:48 - [MESSAGE][PASSED] - Text '' is set on object 'Object Repository/VLink/Page_CCSale/txt_CVV'

2024-05-16 00:08:48 - [MESSAGE][PASSED] - Text '' is set on object 'Object Repository/VLink/Page_CCSale/txt_CVVstate'

2024-05-16 00:08:49 - [MESSAGE][PASSED] - Text '' is set on object 'Object Repository/VLink/Page_CCSale/txt_TrackData'

2024-05-16 00:08:50 - [MESSAGE][PASSED] - Text '' is set on object 'Object Repository/VLink/Page_CCSale/txt_Track1Data'

2024-05-16 00:08:50 - [MESSAGE][PASSED] - Text '' is set on object 'Object Repository/VLink/Page_CCSale/txt_Track2Data'

2024-05-16 00:08:51 - [MESSAGE][PASSED] - Text 'manual' is set on object 'Object Repository/VLink/Page_CCSale/txt_POSEntryMode'

2024-05-16 00:08:52 - [MESSAGE][PASSED] - Text 'iahmed@govolution.com' is set on object 'Object Repository/VLink/Page_CCSale/txt_Email'

2024-05-16 00:08:52 - [MESSAGE][PASSED] - Text '2569362' is set on object 'Object Repository/VLink/Page_CCSale/txt_OrderNumber'

2024-05-16 00:08:53 - [MESSAGE][PASSED] - Text '1.15' is set on object 'Object Repository/VLink/Page_CCSale/txt_TaxAmount'

2024-05-16 00:08:53 - [MESSAGE][PASSED] - Text 'Charge Description' is set on object 'Object Repository/VLink/Page_CCSale/txt_ChargeDescription'

2024-05-16 00:08:54 - [MESSAGE][PASSED] - Text '147357' is set on object 'Object Repository/VLink/Page_CCSale/txt_CAN'

2024-05-16 00:08:55 - [MESSAGE][PASSED] - Text '1' is set on object 'Object Repository/VLink/Page_CCSale/txt_BillPaymentIndicator'

2024-05-16 00:08:55 - [MESSAGE][PASSED] - Text 'UDF Data 1' is set on object 'Object Repository/VLink/Page_CCSale/txt_UDF1'

2024-05-16 00:08:56 - [MESSAGE][PASSED] - Text 'UDF Data 2' is set on object 'Object Repository/VLink/Page_CCSale/txt_UDF2'

2024-05-16 00:08:57 - [MESSAGE][PASSED] - Text 'UDF Data 3' is set on object 'Object Repository/VLink/Page_CCSale/txt_UDF3'

2024-05-16 00:08:57 - [MESSAGE][PASSED] - Text 'UDF Data 4' is set on object 'Object Repository/VLink/Page_CCSale/txt_UDF4'

2024-05-16 00:08:58 - [MESSAGE][PASSED] - Text 'UDF Data 5' is set on object 'Object Repository/VLink/Page_CCSale/txt_UDF5'

2024-05-16 00:08:59 - [MESSAGE][PASSED] - Text 'UDF Data 6' is set on object 'Object Repository/VLink/Page_CCSale/txt_UDF6'

2024-05-16 00:08:59 - [MESSAGE][PASSED] - Text 'UDF Data 7' is set on object 'Object Repository/VLink/Page_CCSale/txt_UDF7'

2024-05-16 00:09:00 - [MESSAGE][PASSED] - Text 'UDF Data 8' is set on object 'Object Repository/VLink/Page_CCSale/txt_UDF8'

2024-05-16 00:09:00 - [MESSAGE][PASSED] - Text 'UDF Data 9' is set on object 'Object Repository/VLink/Page_CCSale/txt_UDF9'

2024-05-16 00:09:01 - [MESSAGE][PASSED] - Text 'UDF Data 10' is set on object 'Object Repository/VLink/Page_CCSale/txt_UDF10'

2024-05-16 00:09:02 - [MESSAGE][PASSED] - Object: 'Object Repository/VLink/Page_CCSale/btn_ProcessVLinkTransaction' is clicked on

2024-05-16 00:09:07 - [MESSAGE][PASSED] - vlinkPages.saleCCPage.setDataSCC is PASSED

2024-05-16 00:09:07 - [TEST_STEP][PASSED] - if (verifyTextPresent(errorMsg, true)): null

2024-05-16 00:09:07 - [MESSAGE][PASSED] - Text 'card_address' is present on page  using regular expression

2024-05-16 00:09:07 - [TEST_STEP][PASSED] - println("Error Message is present on the Confirmation page"): null

2024-05-16 00:09:07 - [TEST_STEP][PASSED] - out.println("Pass Record Number: " + row): null

2024-05-16 00:09:07 - [TEST_STEP][PASSED] - resText = "Pass": null

2024-05-16 00:09:07 - [TEST_STEP][PASSED] - pages.WriteExcel.demoKey(resText, datText, resColumn, datCloumn, fileLoc, nameSheet, row): pages.WriteExcel.demoKey is PASSED

2024-05-16 00:09:07 - [MESSAGE][PASSED] - pages.WriteExcel.demoKey is PASSED

2024-05-16 00:09:07 - [TEST_STEP][PASSED] - sdfo = getText(findTestObject("Object Repository/Page_VLinkReceipt/pre_STX")): Text of object 'Object Repository/Page_VLinkReceipt/pre_STX' is: '<STX>15CssTyAg1kK                                      2  Transaction failed                                20 Missing Parameter(s): card_address                                                         <ETX>'

2024-05-16 00:09:08 - [MESSAGE][PASSED] - Text of object 'Object Repository/Page_VLinkReceipt/pre_STX' is: '<STX>15CssTyAg1kK                                      2  Transaction failed                                20 Missing Parameter(s): card_address                                                         <ETX>'

2024-05-16 00:09:08 - [TEST_STEP][PASSED] - out.println("sdfo: " + sdfo): null

2024-05-16 00:09:08 - [TEST_STEP][PASSED] - remID = substring(5, 35).trim(): null

2024-05-16 00:09:08 - [TEST_STEP][PASSED] - out.println("Remittance ID: " + remID): null

2024-05-16 00:09:08 - [TEST_STEP][PASSED] - traxID = substring(35, 55).trim(): null

2024-05-16 00:09:08 - [TEST_STEP][PASSED] - out.println("Transaction ID: " + traxID): null

2024-05-16 00:09:08 - [TEST_STEP][PASSED] - out.println("End Record Number: " + row): null

2024-05-16 00:09:08 - [TEST_STEP][PASSED] - closeBrowser(): Browser is closed

2024-05-16 00:09:09 - [MESSAGE][PASSED] - Browser is closed

2024-05-16 00:09:09 - [TEST_STEP][PASSED] - ExecuteTC = findTestData(dataFile).getValue("Execute", row): null

2024-05-16 00:09:09 - [TEST_STEP][PASSED] - out.println("Value of Execute is : " + ExecuteTC): null

2024-05-16 00:09:09 - [TEST_STEP][PASSED] - errorMsg = findTestData(dataFile).getValue("ErrorMsg", row): null

2024-05-16 00:09:09 - [TEST_STEP][PASSED] - if (ExecuteTC.equalsIgnoreCase("Y")): Browser is closed

2024-05-16 00:09:09 - [TEST_STEP][PASSED] - out.println("Begin Record Number: " + row): null

2024-05-16 00:09:09 - [TEST_STEP][PASSED] - today = new java.util.Date(): null

2024-05-16 00:09:09 - [TEST_STEP][PASSED] - println(today): null

2024-05-16 00:09:09 - [TEST_STEP][PASSED] - datText = today: null

2024-05-16 00:09:09 - [TEST_STEP][PASSED] - openBrowser(VLinkURL + "authcap.html"): Browser is opened with url: 'https://dev-algorithm.govolution.com/vlinktest/QA2/version_2_0/authcap.html'

2024-05-16 00:09:09 - [MESSAGE][INFO] - Starting 'Chrome' driver

2024-05-16 00:09:09 - [MESSAGE][INFO] - User set preference: ['acceptInsecureCerts', 'true']

2024-05-16 00:09:09 - [MESSAGE][INFO] - Action delay is set to 0 milliseconds

2024-05-16 00:09:12 - [MESSAGE][PASSED] - Browser is opened with url: 'https://dev-algorithm.govolution.com/vlinktest/QA2/version_2_0/authcap.html'

2024-05-16 00:09:12 - [TEST_STEP][PASSED] - maximizeWindow(): Current window maximized

2024-05-16 00:09:12 - [MESSAGE][PASSED] - Current window maximized

2024-05-16 00:09:12 - [TEST_STEP][PASSED] - vlinkPages.saleCCPage.setDataSCC(row, dataFile): vlinkPages.saleCCPage.setDataSCC is PASSED

2024-05-16 00:09:16 - [MESSAGE][PASSED] - Object 'Object Repository/VLink/Page_CCSale/txt_CardNumber' is present

2024-05-16 00:09:17 - [MESSAGE][PASSED] - Text '104' is set on object 'Object Repository/VLink/Page_CCSale/txt_TransactionType'

2024-05-16 00:09:18 - [MESSAGE][PASSED] - Text '2.0C' is set on object 'Object Repository/VLink/Page_CCSale/txt_MessageVersion'

2024-05-16 00:09:18 - [MESSAGE][PASSED] - Text 'tZyu1dhxQapy' is set on object 'Object Repository/VLink/Page_CCSale/txt_RemID'

2024-05-16 00:09:19 - [MESSAGE][PASSED] - Text '234' is set on object 'Object Repository/VLink/Page_CCSale/txt_ApplicationId'

2024-05-16 00:09:20 - [MESSAGE][PASSED] - Text 'username' is set on object 'Object Repository/VLink/Page_CCSale/txt_Username'

2024-05-16 00:09:20 - [MESSAGE][PASSED] - Text 'password' is set on object 'Object Repository/VLink/Page_CCSale/txt_Password'

2024-05-16 00:09:21 - [MESSAGE][PASSED] - Text 'fixed_width' is set on object 'Object Repository/VLink/Page_CCSale/txt_ResponseFormat'

2024-05-16 00:09:22 - [MESSAGE][PASSED] - Text 'ECOM' is set on object 'Object Repository/VLink/Page_CCSale/txt_Category'

2024-05-16 00:09:22 - [MESSAGE][PASSED] - Text '' is set on object 'Object Repository/VLink/Page_CCSale/txt_TransactionID'

2024-05-16 00:09:23 - [MESSAGE][PASSED] - Text '' is set on object 'Object Repository/VLink/Page_CCSale/txt_ApprovalCode'

2024-05-16 00:09:24 - [MESSAGE][PASSED] - Text 'Kris Roshan' is set on object 'Object Repository/VLink/Page_CCSale/txt_CardName'

2024-05-16 00:09:24 - [MESSAGE][PASSED] - Text '258 Elm Road' is set on object 'Object Repository/VLink/Page_CCSale/txt_AL1'

2024-05-16 00:09:25 - [MESSAGE][PASSED] - Text 'Suite 56' is set on object 'Object Repository/VLink/Page_CCSale/txt_AL2'

2024-05-16 00:09:26 - [MESSAGE][PASSED] - Text 'Arlington' is set on object 'Object Repository/VLink/Page_CCSale/txt_CardCity'

2024-05-16 00:09:26 - [MESSAGE][PASSED] - Text 'VA' is set on object 'Object Repository/VLink/Page_CCSale/txt_CardState'

2024-05-16 00:09:27 - [MESSAGE][PASSED] - Text '' is set on object 'Object Repository/VLink/Page_CCSale/txt_CardZIP'

2024-05-16 00:09:28 - [MESSAGE][PASSED] - Text '840' is set on object 'Object Repository/VLink/Page_CCSale/txt_CountryID'

2024-05-16 00:09:28 - [MESSAGE][PASSED] - Text '1.50' is set on object 'Object Repository/VLink/Page_CCSale/txt_Amount'

2024-05-16 00:09:29 - [MESSAGE][PASSED] - Text '4111111111111111' is set on object 'Object Repository/VLink/Page_CCSale/txt_CardNumber'

2024-05-16 00:09:30 - [MESSAGE][PASSED] - Text '12' is set on object 'Object Repository/VLink/Page_CCSale/txt_ExpMonth'

2024-05-16 00:09:30 - [MESSAGE][PASSED] - Text '2025' is set on object 'Object Repository/VLink/Page_CCSale/txt_ExpYear'

2024-05-16 00:09:31 - [MESSAGE][PASSED] - Text '' is set on object 'Object Repository/VLink/Page_CCSale/txt_CVV'

2024-05-16 00:09:32 - [MESSAGE][PASSED] - Text '' is set on object 'Object Repository/VLink/Page_CCSale/txt_CVVstate'

2024-05-16 00:09:32 - [MESSAGE][PASSED] - Text '' is set on object 'Object Repository/VLink/Page_CCSale/txt_TrackData'

2024-05-16 00:09:33 - [MESSAGE][PASSED] - Text '' is set on object 'Object Repository/VLink/Page_CCSale/txt_Track1Data'

2024-05-16 00:09:33 - [MESSAGE][PASSED] - Text '' is set on object 'Object Repository/VLink/Page_CCSale/txt_Track2Data'

2024-05-16 00:09:34 - [MESSAGE][PASSED] - Text 'manual' is set on object 'Object Repository/VLink/Page_CCSale/txt_POSEntryMode'

2024-05-16 00:09:35 - [MESSAGE][PASSED] - Text 'iahmed@govolution.com' is set on object 'Object Repository/VLink/Page_CCSale/txt_Email'

2024-05-16 00:09:35 - [MESSAGE][PASSED] - Text '2569362' is set on object 'Object Repository/VLink/Page_CCSale/txt_OrderNumber'

2024-05-16 00:09:36 - [MESSAGE][PASSED] - Text '1.15' is set on object 'Object Repository/VLink/Page_CCSale/txt_TaxAmount'

2024-05-16 00:09:37 - [MESSAGE][PASSED] - Text 'Charge Description' is set on object 'Object Repository/VLink/Page_CCSale/txt_ChargeDescription'

2024-05-16 00:09:37 - [MESSAGE][PASSED] - Text '147357' is set on object 'Object Repository/VLink/Page_CCSale/txt_CAN'

2024-05-16 00:09:38 - [MESSAGE][PASSED] - Text '1' is set on object 'Object Repository/VLink/Page_CCSale/txt_BillPaymentIndicator'

2024-05-16 00:09:38 - [MESSAGE][PASSED] - Text 'UDF Data 1' is set on object 'Object Repository/VLink/Page_CCSale/txt_UDF1'

2024-05-16 00:09:39 - [MESSAGE][PASSED] - Text 'UDF Data 2' is set on object 'Object Repository/VLink/Page_CCSale/txt_UDF2'

2024-05-16 00:09:40 - [MESSAGE][PASSED] - Text 'UDF Data 3' is set on object 'Object Repository/VLink/Page_CCSale/txt_UDF3'

2024-05-16 00:09:40 - [MESSAGE][PASSED] - Text 'UDF Data 4' is set on object 'Object Repository/VLink/Page_CCSale/txt_UDF4'

2024-05-16 00:09:41 - [MESSAGE][PASSED] - Text 'UDF Data 5' is set on object 'Object Repository/VLink/Page_CCSale/txt_UDF5'

2024-05-16 00:09:42 - [MESSAGE][PASSED] - Text 'UDF Data 6' is set on object 'Object Repository/VLink/Page_CCSale/txt_UDF6'

2024-05-16 00:09:42 - [MESSAGE][PASSED] - Text 'UDF Data 7' is set on object 'Object Repository/VLink/Page_CCSale/txt_UDF7'

2024-05-16 00:09:43 - [MESSAGE][PASSED] - Text 'UDF Data 8' is set on object 'Object Repository/VLink/Page_CCSale/txt_UDF8'

2024-05-16 00:09:43 - [MESSAGE][PASSED] - Text 'UDF Data 9' is set on object 'Object Repository/VLink/Page_CCSale/txt_UDF9'

2024-05-16 00:09:44 - [MESSAGE][PASSED] - Text 'UDF Data 10' is set on object 'Object Repository/VLink/Page_CCSale/txt_UDF10'

2024-05-16 00:09:45 - [MESSAGE][PASSED] - Object: 'Object Repository/VLink/Page_CCSale/btn_ProcessVLinkTransaction' is clicked on

2024-05-16 00:09:50 - [MESSAGE][PASSED] - vlinkPages.saleCCPage.setDataSCC is PASSED

2024-05-16 00:09:50 - [TEST_STEP][PASSED] - if (verifyTextPresent(errorMsg, true)): null

2024-05-16 00:09:50 - [MESSAGE][PASSED] - Text 'card_zip' is present on page  using regular expression

2024-05-16 00:09:50 - [TEST_STEP][PASSED] - println("Error Message is present on the Confirmation page"): null

2024-05-16 00:09:50 - [TEST_STEP][PASSED] - out.println("Pass Record Number: " + row): null

2024-05-16 00:09:50 - [TEST_STEP][PASSED] - resText = "Pass": null

2024-05-16 00:09:50 - [TEST_STEP][PASSED] - pages.WriteExcel.demoKey(resText, datText, resColumn, datCloumn, fileLoc, nameSheet, row): pages.WriteExcel.demoKey is PASSED

2024-05-16 00:09:50 - [MESSAGE][PASSED] - pages.WriteExcel.demoKey is PASSED

2024-05-16 00:09:50 - [TEST_STEP][PASSED] - sdfo = getText(findTestObject("Object Repository/Page_VLinkReceipt/pre_STX")): Text of object 'Object Repository/Page_VLinkReceipt/pre_STX' is: '<STX>tZyu1dhxQapy                                      2  Transaction failed                                20 Missing Parameter(s): card_zip                                                             <ETX>'

2024-05-16 00:09:51 - [MESSAGE][PASSED] - Text of object 'Object Repository/Page_VLinkReceipt/pre_STX' is: '<STX>tZyu1dhxQapy                                      2  Transaction failed                                20 Missing Parameter(s): card_zip                                                             <ETX>'

2024-05-16 00:09:51 - [TEST_STEP][PASSED] - out.println("sdfo: " + sdfo): null

2024-05-16 00:09:51 - [TEST_STEP][PASSED] - remID = substring(5, 35).trim(): null

2024-05-16 00:09:51 - [TEST_STEP][PASSED] - out.println("Remittance ID: " + remID): null

2024-05-16 00:09:51 - [TEST_STEP][PASSED] - traxID = substring(35, 55).trim(): null

2024-05-16 00:09:51 - [TEST_STEP][PASSED] - out.println("Transaction ID: " + traxID): null

2024-05-16 00:09:51 - [TEST_STEP][PASSED] - out.println("End Record Number: " + row): null

2024-05-16 00:09:51 - [TEST_STEP][PASSED] - closeBrowser(): Browser is closed

2024-05-16 00:09:52 - [MESSAGE][PASSED] - Browser is closed

2024-05-16 00:09:52 - [TEST_STEP][PASSED] - ExecuteTC = findTestData(dataFile).getValue("Execute", row): null

2024-05-16 00:09:52 - [TEST_STEP][PASSED] - out.println("Value of Execute is : " + ExecuteTC): null

2024-05-16 00:09:52 - [TEST_STEP][PASSED] - errorMsg = findTestData(dataFile).getValue("ErrorMsg", row): null

2024-05-16 00:09:52 - [TEST_STEP][PASSED] - if (ExecuteTC.equalsIgnoreCase("Y")): Browser is closed

2024-05-16 00:09:52 - [TEST_STEP][PASSED] - out.println("Begin Record Number: " + row): null

2024-05-16 00:09:52 - [TEST_STEP][PASSED] - today = new java.util.Date(): null

2024-05-16 00:09:52 - [TEST_STEP][PASSED] - println(today): null

2024-05-16 00:09:52 - [TEST_STEP][PASSED] - datText = today: null

2024-05-16 00:09:52 - [TEST_STEP][PASSED] - openBrowser(VLinkURL + "authcap.html"): Browser is opened with url: 'https://dev-algorithm.govolution.com/vlinktest/QA2/version_2_0/authcap.html'

2024-05-16 00:09:52 - [MESSAGE][INFO] - Starting 'Chrome' driver

2024-05-16 00:09:52 - [MESSAGE][INFO] - User set preference: ['acceptInsecureCerts', 'true']

2024-05-16 00:09:52 - [MESSAGE][INFO] - Action delay is set to 0 milliseconds

2024-05-16 00:09:54 - [MESSAGE][PASSED] - Browser is opened with url: 'https://dev-algorithm.govolution.com/vlinktest/QA2/version_2_0/authcap.html'

2024-05-16 00:09:54 - [TEST_STEP][PASSED] - maximizeWindow(): Current window maximized

2024-05-16 00:09:55 - [MESSAGE][PASSED] - Current window maximized

2024-05-16 00:09:55 - [TEST_STEP][PASSED] - vlinkPages.saleCCPage.setDataSCC(row, dataFile): vlinkPages.saleCCPage.setDataSCC is PASSED

2024-05-16 00:09:59 - [MESSAGE][PASSED] - Object 'Object Repository/VLink/Page_CCSale/txt_CardNumber' is present

2024-05-16 00:10:00 - [MESSAGE][PASSED] - Text '104' is set on object 'Object Repository/VLink/Page_CCSale/txt_TransactionType'

2024-05-16 00:10:00 - [MESSAGE][PASSED] - Text '2.0C' is set on object 'Object Repository/VLink/Page_CCSale/txt_MessageVersion'

2024-05-16 00:10:01 - [MESSAGE][PASSED] - Text '52Q0gmnZnlXR' is set on object 'Object Repository/VLink/Page_CCSale/txt_RemID'

2024-05-16 00:10:02 - [MESSAGE][PASSED] - Text '234' is set on object 'Object Repository/VLink/Page_CCSale/txt_ApplicationId'

2024-05-16 00:10:02 - [MESSAGE][PASSED] - Text 'username' is set on object 'Object Repository/VLink/Page_CCSale/txt_Username'

2024-05-16 00:10:03 - [MESSAGE][PASSED] - Text 'password' is set on object 'Object Repository/VLink/Page_CCSale/txt_Password'

2024-05-16 00:10:04 - [MESSAGE][PASSED] - Text 'fixed_width' is set on object 'Object Repository/VLink/Page_CCSale/txt_ResponseFormat'

2024-05-16 00:10:04 - [MESSAGE][PASSED] - Text 'MOTO' is set on object 'Object Repository/VLink/Page_CCSale/txt_Category'

2024-05-16 00:10:05 - [MESSAGE][PASSED] - Text '' is set on object 'Object Repository/VLink/Page_CCSale/txt_TransactionID'

2024-05-16 00:10:06 - [MESSAGE][PASSED] - Text '' is set on object 'Object Repository/VLink/Page_CCSale/txt_ApprovalCode'

2024-05-16 00:10:06 - [MESSAGE][PASSED] - Text 'Kris Roshan' is set on object 'Object Repository/VLink/Page_CCSale/txt_CardName'

2024-05-16 00:10:07 - [MESSAGE][PASSED] - Text '258 Elm Road' is set on object 'Object Repository/VLink/Page_CCSale/txt_AL1'

2024-05-16 00:10:07 - [MESSAGE][PASSED] - Text 'Suite 56' is set on object 'Object Repository/VLink/Page_CCSale/txt_AL2'

2024-05-16 00:10:08 - [MESSAGE][PASSED] - Text 'Arlington' is set on object 'Object Repository/VLink/Page_CCSale/txt_CardCity'

2024-05-16 00:10:09 - [MESSAGE][PASSED] - Text 'VA' is set on object 'Object Repository/VLink/Page_CCSale/txt_CardState'

2024-05-16 00:10:09 - [MESSAGE][PASSED] - Text '' is set on object 'Object Repository/VLink/Page_CCSale/txt_CardZIP'

2024-05-16 00:10:10 - [MESSAGE][PASSED] - Text '840' is set on object 'Object Repository/VLink/Page_CCSale/txt_CountryID'

2024-05-16 00:10:11 - [MESSAGE][PASSED] - Text '1.50' is set on object 'Object Repository/VLink/Page_CCSale/txt_Amount'

2024-05-16 00:10:11 - [MESSAGE][PASSED] - Text '4111111111111111' is set on object 'Object Repository/VLink/Page_CCSale/txt_CardNumber'

2024-05-16 00:10:12 - [MESSAGE][PASSED] - Text '12' is set on object 'Object Repository/VLink/Page_CCSale/txt_ExpMonth'

2024-05-16 00:10:13 - [MESSAGE][PASSED] - Text '2025' is set on object 'Object Repository/VLink/Page_CCSale/txt_ExpYear'

2024-05-16 00:10:13 - [MESSAGE][PASSED] - Text '' is set on object 'Object Repository/VLink/Page_CCSale/txt_CVV'

2024-05-16 00:10:14 - [MESSAGE][PASSED] - Text '' is set on object 'Object Repository/VLink/Page_CCSale/txt_CVVstate'

2024-05-16 00:10:14 - [MESSAGE][PASSED] - Text '' is set on object 'Object Repository/VLink/Page_CCSale/txt_TrackData'

2024-05-16 00:10:15 - [MESSAGE][PASSED] - Text '' is set on object 'Object Repository/VLink/Page_CCSale/txt_Track1Data'

2024-05-16 00:10:16 - [MESSAGE][PASSED] - Text '' is set on object 'Object Repository/VLink/Page_CCSale/txt_Track2Data'

2024-05-16 00:10:16 - [MESSAGE][PASSED] - Text 'manual' is set on object 'Object Repository/VLink/Page_CCSale/txt_POSEntryMode'

2024-05-16 00:10:17 - [MESSAGE][PASSED] - Text 'iahmed@govolution.com' is set on object 'Object Repository/VLink/Page_CCSale/txt_Email'

2024-05-16 00:10:18 - [MESSAGE][PASSED] - Text '2569362' is set on object 'Object Repository/VLink/Page_CCSale/txt_OrderNumber'

2024-05-16 00:10:18 - [MESSAGE][PASSED] - Text '1.15' is set on object 'Object Repository/VLink/Page_CCSale/txt_TaxAmount'

2024-05-16 00:10:19 - [MESSAGE][PASSED] - Text 'Charge Description' is set on object 'Object Repository/VLink/Page_CCSale/txt_ChargeDescription'

2024-05-16 00:10:20 - [MESSAGE][PASSED] - Text '147357' is set on object 'Object Repository/VLink/Page_CCSale/txt_CAN'

2024-05-16 00:10:20 - [MESSAGE][PASSED] - Text '1' is set on object 'Object Repository/VLink/Page_CCSale/txt_BillPaymentIndicator'

2024-05-16 00:10:21 - [MESSAGE][PASSED] - Text 'UDF Data 1' is set on object 'Object Repository/VLink/Page_CCSale/txt_UDF1'

2024-05-16 00:10:21 - [MESSAGE][PASSED] - Text 'UDF Data 2' is set on object 'Object Repository/VLink/Page_CCSale/txt_UDF2'

2024-05-16 00:10:22 - [MESSAGE][PASSED] - Text 'UDF Data 3' is set on object 'Object Repository/VLink/Page_CCSale/txt_UDF3'

2024-05-16 00:10:23 - [MESSAGE][PASSED] - Text 'UDF Data 4' is set on object 'Object Repository/VLink/Page_CCSale/txt_UDF4'

2024-05-16 00:10:23 - [MESSAGE][PASSED] - Text 'UDF Data 5' is set on object 'Object Repository/VLink/Page_CCSale/txt_UDF5'

2024-05-16 00:10:24 - [MESSAGE][PASSED] - Text 'UDF Data 6' is set on object 'Object Repository/VLink/Page_CCSale/txt_UDF6'

2024-05-16 00:10:25 - [MESSAGE][PASSED] - Text 'UDF Data 7' is set on object 'Object Repository/VLink/Page_CCSale/txt_UDF7'

2024-05-16 00:10:25 - [MESSAGE][PASSED] - Text 'UDF Data 8' is set on object 'Object Repository/VLink/Page_CCSale/txt_UDF8'

2024-05-16 00:10:26 - [MESSAGE][PASSED] - Text 'UDF Data 9' is set on object 'Object Repository/VLink/Page_CCSale/txt_UDF9'

2024-05-16 00:10:26 - [MESSAGE][PASSED] - Text 'UDF Data 10' is set on object 'Object Repository/VLink/Page_CCSale/txt_UDF10'

2024-05-16 00:10:27 - [MESSAGE][PASSED] - Object: 'Object Repository/VLink/Page_CCSale/btn_ProcessVLinkTransaction' is clicked on

2024-05-16 00:10:32 - [MESSAGE][PASSED] - vlinkPages.saleCCPage.setDataSCC is PASSED

2024-05-16 00:10:32 - [TEST_STEP][PASSED] - if (verifyTextPresent(errorMsg, true)): null

2024-05-16 00:10:32 - [MESSAGE][PASSED] - Text 'card_zip' is present on page  using regular expression

2024-05-16 00:10:32 - [TEST_STEP][PASSED] - println("Error Message is present on the Confirmation page"): null

2024-05-16 00:10:32 - [TEST_STEP][PASSED] - out.println("Pass Record Number: " + row): null

2024-05-16 00:10:32 - [TEST_STEP][PASSED] - resText = "Pass": null

2024-05-16 00:10:32 - [TEST_STEP][PASSED] - pages.WriteExcel.demoKey(resText, datText, resColumn, datCloumn, fileLoc, nameSheet, row): pages.WriteExcel.demoKey is PASSED

2024-05-16 00:10:33 - [MESSAGE][PASSED] - pages.WriteExcel.demoKey is PASSED

2024-05-16 00:10:33 - [TEST_STEP][PASSED] - sdfo = getText(findTestObject("Object Repository/Page_VLinkReceipt/pre_STX")): Text of object 'Object Repository/Page_VLinkReceipt/pre_STX' is: '<STX>52Q0gmnZnlXR                                      2  Transaction failed                                20 Missing Parameter(s): card_zip                                                             <ETX>'

2024-05-16 00:10:33 - [MESSAGE][PASSED] - Text of object 'Object Repository/Page_VLinkReceipt/pre_STX' is: '<STX>52Q0gmnZnlXR                                      2  Transaction failed                                20 Missing Parameter(s): card_zip                                                             <ETX>'

2024-05-16 00:10:33 - [TEST_STEP][PASSED] - out.println("sdfo: " + sdfo): null

2024-05-16 00:10:33 - [TEST_STEP][PASSED] - remID = substring(5, 35).trim(): null

2024-05-16 00:10:33 - [TEST_STEP][PASSED] - out.println("Remittance ID: " + remID): null

2024-05-16 00:10:33 - [TEST_STEP][PASSED] - traxID = substring(35, 55).trim(): null

2024-05-16 00:10:33 - [TEST_STEP][PASSED] - out.println("Transaction ID: " + traxID): null

2024-05-16 00:10:33 - [TEST_STEP][PASSED] - out.println("End Record Number: " + row): null

2024-05-16 00:10:33 - [TEST_STEP][PASSED] - closeBrowser(): Browser is closed

2024-05-16 00:10:34 - [MESSAGE][PASSED] - Browser is closed

2024-05-16 00:10:34 - [TEST_STEP][PASSED] - ExecuteTC = findTestData(dataFile).getValue("Execute", row): null

2024-05-16 00:10:34 - [TEST_STEP][PASSED] - out.println("Value of Execute is : " + ExecuteTC): null

2024-05-16 00:10:34 - [TEST_STEP][PASSED] - errorMsg = findTestData(dataFile).getValue("ErrorMsg", row): null

2024-05-16 00:10:34 - [TEST_STEP][PASSED] - if (ExecuteTC.equalsIgnoreCase("Y")): Browser is closed

2024-05-16 00:10:34 - [TEST_STEP][PASSED] - out.println("Begin Record Number: " + row): null

2024-05-16 00:10:34 - [TEST_STEP][PASSED] - today = new java.util.Date(): null

2024-05-16 00:10:34 - [TEST_STEP][PASSED] - println(today): null

2024-05-16 00:10:34 - [TEST_STEP][PASSED] - datText = today: null

2024-05-16 00:10:34 - [TEST_STEP][PASSED] - openBrowser(VLinkURL + "authcap.html"): Browser is opened with url: 'https://dev-algorithm.govolution.com/vlinktest/QA2/version_2_0/authcap.html'

2024-05-16 00:10:34 - [MESSAGE][INFO] - Starting 'Chrome' driver

2024-05-16 00:10:34 - [MESSAGE][INFO] - User set preference: ['acceptInsecureCerts', 'true']

2024-05-16 00:10:34 - [MESSAGE][INFO] - Action delay is set to 0 milliseconds

2024-05-16 00:10:37 - [MESSAGE][PASSED] - Browser is opened with url: 'https://dev-algorithm.govolution.com/vlinktest/QA2/version_2_0/authcap.html'

2024-05-16 00:10:37 - [TEST_STEP][PASSED] - maximizeWindow(): Current window maximized

2024-05-16 00:10:37 - [MESSAGE][PASSED] - Current window maximized

2024-05-16 00:10:37 - [TEST_STEP][PASSED] - vlinkPages.saleCCPage.setDataSCC(row, dataFile): vlinkPages.saleCCPage.setDataSCC is PASSED

2024-05-16 00:10:41 - [MESSAGE][PASSED] - Object 'Object Repository/VLink/Page_CCSale/txt_CardNumber' is present

2024-05-16 00:10:42 - [MESSAGE][PASSED] - Text '104' is set on object 'Object Repository/VLink/Page_CCSale/txt_TransactionType'

2024-05-16 00:10:43 - [MESSAGE][PASSED] - Text '2.0C' is set on object 'Object Repository/VLink/Page_CCSale/txt_MessageVersion'

2024-05-16 00:10:43 - [MESSAGE][PASSED] - Text 'pC9r36tXBlBt' is set on object 'Object Repository/VLink/Page_CCSale/txt_RemID'

2024-05-16 00:10:44 - [MESSAGE][PASSED] - Text '234' is set on object 'Object Repository/VLink/Page_CCSale/txt_ApplicationId'

2024-05-16 00:10:45 - [MESSAGE][PASSED] - Text 'username' is set on object 'Object Repository/VLink/Page_CCSale/txt_Username'

2024-05-16 00:10:45 - [MESSAGE][PASSED] - Text 'password' is set on object 'Object Repository/VLink/Page_CCSale/txt_Password'

2024-05-16 00:10:46 - [MESSAGE][PASSED] - Text 'fixed_width' is set on object 'Object Repository/VLink/Page_CCSale/txt_ResponseFormat'

2024-05-16 00:10:47 - [MESSAGE][PASSED] - Text 'ECOM' is set on object 'Object Repository/VLink/Page_CCSale/txt_Category'

2024-05-16 00:10:47 - [MESSAGE][PASSED] - Text '' is set on object 'Object Repository/VLink/Page_CCSale/txt_TransactionID'

2024-05-16 00:10:48 - [MESSAGE][PASSED] - Text '' is set on object 'Object Repository/VLink/Page_CCSale/txt_ApprovalCode'

2024-05-16 00:10:49 - [MESSAGE][PASSED] - Text 'Kris Roshan' is set on object 'Object Repository/VLink/Page_CCSale/txt_CardName'

2024-05-16 00:10:49 - [MESSAGE][PASSED] - Text '258 Elm Road' is set on object 'Object Repository/VLink/Page_CCSale/txt_AL1'

2024-05-16 00:10:50 - [MESSAGE][PASSED] - Text 'Suite 56' is set on object 'Object Repository/VLink/Page_CCSale/txt_AL2'

2024-05-16 00:10:51 - [MESSAGE][PASSED] - Text 'Arlington' is set on object 'Object Repository/VLink/Page_CCSale/txt_CardCity'

2024-05-16 00:10:51 - [MESSAGE][PASSED] - Text 'VA' is set on object 'Object Repository/VLink/Page_CCSale/txt_CardState'

2024-05-16 00:10:52 - [MESSAGE][PASSED] - Text '22201' is set on object 'Object Repository/VLink/Page_CCSale/txt_CardZIP'

2024-05-16 00:10:53 - [MESSAGE][PASSED] - Text '840' is set on object 'Object Repository/VLink/Page_CCSale/txt_CountryID'

2024-05-16 00:10:53 - [MESSAGE][PASSED] - Text '' is set on object 'Object Repository/VLink/Page_CCSale/txt_Amount'

2024-05-16 00:10:54 - [MESSAGE][PASSED] - Text '4111111111111111' is set on object 'Object Repository/VLink/Page_CCSale/txt_CardNumber'

2024-05-16 00:10:55 - [MESSAGE][PASSED] - Text '12' is set on object 'Object Repository/VLink/Page_CCSale/txt_ExpMonth'

2024-05-16 00:10:55 - [MESSAGE][PASSED] - Text '2025' is set on object 'Object Repository/VLink/Page_CCSale/txt_ExpYear'

2024-05-16 00:10:56 - [MESSAGE][PASSED] - Text '' is set on object 'Object Repository/VLink/Page_CCSale/txt_CVV'

2024-05-16 00:10:56 - [MESSAGE][PASSED] - Text '' is set on object 'Object Repository/VLink/Page_CCSale/txt_CVVstate'

2024-05-16 00:10:57 - [MESSAGE][PASSED] - Text '' is set on object 'Object Repository/VLink/Page_CCSale/txt_TrackData'

2024-05-16 00:10:58 - [MESSAGE][PASSED] - Text '' is set on object 'Object Repository/VLink/Page_CCSale/txt_Track1Data'

2024-05-16 00:10:58 - [MESSAGE][PASSED] - Text '' is set on object 'Object Repository/VLink/Page_CCSale/txt_Track2Data'

2024-05-16 00:10:59 - [MESSAGE][PASSED] - Text 'manual' is set on object 'Object Repository/VLink/Page_CCSale/txt_POSEntryMode'

2024-05-16 00:11:00 - [MESSAGE][PASSED] - Text 'iahmed@govolution.com' is set on object 'Object Repository/VLink/Page_CCSale/txt_Email'

2024-05-16 00:11:00 - [MESSAGE][PASSED] - Text '2569362' is set on object 'Object Repository/VLink/Page_CCSale/txt_OrderNumber'

2024-05-16 00:11:01 - [MESSAGE][PASSED] - Text '1.15' is set on object 'Object Repository/VLink/Page_CCSale/txt_TaxAmount'

2024-05-16 00:11:01 - [MESSAGE][PASSED] - Text 'Charge Description' is set on object 'Object Repository/VLink/Page_CCSale/txt_ChargeDescription'

2024-05-16 00:11:02 - [MESSAGE][PASSED] - Text '147357' is set on object 'Object Repository/VLink/Page_CCSale/txt_CAN'

2024-05-16 00:11:03 - [MESSAGE][PASSED] - Text '1' is set on object 'Object Repository/VLink/Page_CCSale/txt_BillPaymentIndicator'

2024-05-16 00:11:03 - [MESSAGE][PASSED] - Text 'UDF Data 1' is set on object 'Object Repository/VLink/Page_CCSale/txt_UDF1'

2024-05-16 00:11:04 - [MESSAGE][PASSED] - Text 'UDF Data 2' is set on object 'Object Repository/VLink/Page_CCSale/txt_UDF2'

2024-05-16 00:11:05 - [MESSAGE][PASSED] - Text 'UDF Data 3' is set on object 'Object Repository/VLink/Page_CCSale/txt_UDF3'

2024-05-16 00:11:05 - [MESSAGE][PASSED] - Text 'UDF Data 4' is set on object 'Object Repository/VLink/Page_CCSale/txt_UDF4'

2024-05-16 00:11:06 - [MESSAGE][PASSED] - Text 'UDF Data 5' is set on object 'Object Repository/VLink/Page_CCSale/txt_UDF5'

2024-05-16 00:11:06 - [MESSAGE][PASSED] - Text 'UDF Data 6' is set on object 'Object Repository/VLink/Page_CCSale/txt_UDF6'

2024-05-16 00:11:07 - [MESSAGE][PASSED] - Text 'UDF Data 7' is set on object 'Object Repository/VLink/Page_CCSale/txt_UDF7'

2024-05-16 00:11:08 - [MESSAGE][PASSED] - Text 'UDF Data 8' is set on object 'Object Repository/VLink/Page_CCSale/txt_UDF8'

2024-05-16 00:11:08 - [MESSAGE][PASSED] - Text 'UDF Data 9' is set on object 'Object Repository/VLink/Page_CCSale/txt_UDF9'

2024-05-16 00:11:09 - [MESSAGE][PASSED] - Text 'UDF Data 10' is set on object 'Object Repository/VLink/Page_CCSale/txt_UDF10'

2024-05-16 00:11:10 - [MESSAGE][PASSED] - Object: 'Object Repository/VLink/Page_CCSale/btn_ProcessVLinkTransaction' is clicked on

2024-05-16 00:11:15 - [MESSAGE][PASSED] - vlinkPages.saleCCPage.setDataSCC is PASSED

2024-05-16 00:11:15 - [TEST_STEP][PASSED] - if (verifyTextPresent(errorMsg, true)): null

2024-05-16 00:11:15 - [MESSAGE][PASSED] - Text 'amount' is present on page  using regular expression

2024-05-16 00:11:15 - [TEST_STEP][PASSED] - println("Error Message is present on the Confirmation page"): null

2024-05-16 00:11:15 - [TEST_STEP][PASSED] - out.println("Pass Record Number: " + row): null

2024-05-16 00:11:15 - [TEST_STEP][PASSED] - resText = "Pass": null

2024-05-16 00:11:15 - [TEST_STEP][PASSED] - pages.WriteExcel.demoKey(resText, datText, resColumn, datCloumn, fileLoc, nameSheet, row): pages.WriteExcel.demoKey is PASSED

2024-05-16 00:11:15 - [MESSAGE][PASSED] - pages.WriteExcel.demoKey is PASSED

2024-05-16 00:11:15 - [TEST_STEP][PASSED] - sdfo = getText(findTestObject("Object Repository/Page_VLinkReceipt/pre_STX")): Text of object 'Object Repository/Page_VLinkReceipt/pre_STX' is: '<STX>pC9r36tXBlBt                                      2  Transaction failed                                20 Missing Parameter(s): amount                                                               <ETX>'

2024-05-16 00:11:15 - [MESSAGE][PASSED] - Text of object 'Object Repository/Page_VLinkReceipt/pre_STX' is: '<STX>pC9r36tXBlBt                                      2  Transaction failed                                20 Missing Parameter(s): amount                                                               <ETX>'

2024-05-16 00:11:15 - [TEST_STEP][PASSED] - out.println("sdfo: " + sdfo): null

2024-05-16 00:11:15 - [TEST_STEP][PASSED] - remID = substring(5, 35).trim(): null

2024-05-16 00:11:15 - [TEST_STEP][PASSED] - out.println("Remittance ID: " + remID): null

2024-05-16 00:11:15 - [TEST_STEP][PASSED] - traxID = substring(35, 55).trim(): null

2024-05-16 00:11:15 - [TEST_STEP][PASSED] - out.println("Transaction ID: " + traxID): null

2024-05-16 00:11:15 - [TEST_STEP][PASSED] - out.println("End Record Number: " + row): null

2024-05-16 00:11:15 - [TEST_STEP][PASSED] - closeBrowser(): Browser is closed

2024-05-16 00:11:17 - [MESSAGE][PASSED] - Browser is closed

2024-05-16 00:11:17 - [TEST_STEP][PASSED] - ExecuteTC = findTestData(dataFile).getValue("Execute", row): null

2024-05-16 00:11:17 - [TEST_STEP][PASSED] - out.println("Value of Execute is : " + ExecuteTC): null

2024-05-16 00:11:17 - [TEST_STEP][PASSED] - errorMsg = findTestData(dataFile).getValue("ErrorMsg", row): null

2024-05-16 00:11:17 - [TEST_STEP][PASSED] - if (ExecuteTC.equalsIgnoreCase("Y")): Browser is closed

2024-05-16 00:11:17 - [TEST_STEP][PASSED] - out.println("Begin Record Number: " + row): null

2024-05-16 00:11:17 - [TEST_STEP][PASSED] - today = new java.util.Date(): null

2024-05-16 00:11:17 - [TEST_STEP][PASSED] - println(today): null

2024-05-16 00:11:17 - [TEST_STEP][PASSED] - datText = today: null

2024-05-16 00:11:17 - [TEST_STEP][PASSED] - openBrowser(VLinkURL + "authcap.html"): Browser is opened with url: 'https://dev-algorithm.govolution.com/vlinktest/QA2/version_2_0/authcap.html'

2024-05-16 00:11:17 - [MESSAGE][INFO] - Starting 'Chrome' driver

2024-05-16 00:11:17 - [MESSAGE][INFO] - User set preference: ['acceptInsecureCerts', 'true']

2024-05-16 00:11:17 - [MESSAGE][INFO] - Action delay is set to 0 milliseconds

2024-05-16 00:11:19 - [MESSAGE][PASSED] - Browser is opened with url: 'https://dev-algorithm.govolution.com/vlinktest/QA2/version_2_0/authcap.html'

2024-05-16 00:11:19 - [TEST_STEP][PASSED] - maximizeWindow(): Current window maximized

2024-05-16 00:11:19 - [MESSAGE][PASSED] - Current window maximized

2024-05-16 00:11:19 - [TEST_STEP][PASSED] - vlinkPages.saleCCPage.setDataSCC(row, dataFile): vlinkPages.saleCCPage.setDataSCC is PASSED

2024-05-16 00:11:24 - [MESSAGE][PASSED] - Object 'Object Repository/VLink/Page_CCSale/txt_CardNumber' is present

2024-05-16 00:11:24 - [MESSAGE][PASSED] - Text '104' is set on object 'Object Repository/VLink/Page_CCSale/txt_TransactionType'

2024-05-16 00:11:25 - [MESSAGE][PASSED] - Text '2.0C' is set on object 'Object Repository/VLink/Page_CCSale/txt_MessageVersion'

2024-05-16 00:11:26 - [MESSAGE][PASSED] - Text 'vyWIV2w5Gozo' is set on object 'Object Repository/VLink/Page_CCSale/txt_RemID'

2024-05-16 00:11:26 - [MESSAGE][PASSED] - Text '234' is set on object 'Object Repository/VLink/Page_CCSale/txt_ApplicationId'

2024-05-16 00:11:27 - [MESSAGE][PASSED] - Text 'username' is set on object 'Object Repository/VLink/Page_CCSale/txt_Username'

2024-05-16 00:11:28 - [MESSAGE][PASSED] - Text 'password' is set on object 'Object Repository/VLink/Page_CCSale/txt_Password'

2024-05-16 00:11:28 - [MESSAGE][PASSED] - Text 'fixed_width' is set on object 'Object Repository/VLink/Page_CCSale/txt_ResponseFormat'

2024-05-16 00:11:29 - [MESSAGE][PASSED] - Text 'MOTO' is set on object 'Object Repository/VLink/Page_CCSale/txt_Category'

2024-05-16 00:11:30 - [MESSAGE][PASSED] - Text '' is set on object 'Object Repository/VLink/Page_CCSale/txt_TransactionID'

2024-05-16 00:11:30 - [MESSAGE][PASSED] - Text '' is set on object 'Object Repository/VLink/Page_CCSale/txt_ApprovalCode'

2024-05-16 00:11:31 - [MESSAGE][PASSED] - Text 'Kris Roshan' is set on object 'Object Repository/VLink/Page_CCSale/txt_CardName'

2024-05-16 00:11:32 - [MESSAGE][PASSED] - Text '258 Elm Road' is set on object 'Object Repository/VLink/Page_CCSale/txt_AL1'

2024-05-16 00:11:32 - [MESSAGE][PASSED] - Text 'Suite 56' is set on object 'Object Repository/VLink/Page_CCSale/txt_AL2'

2024-05-16 00:11:33 - [MESSAGE][PASSED] - Text 'Arlington' is set on object 'Object Repository/VLink/Page_CCSale/txt_CardCity'

2024-05-16 00:11:34 - [MESSAGE][PASSED] - Text 'VA' is set on object 'Object Repository/VLink/Page_CCSale/txt_CardState'

2024-05-16 00:11:34 - [MESSAGE][PASSED] - Text '22201' is set on object 'Object Repository/VLink/Page_CCSale/txt_CardZIP'

2024-05-16 00:11:35 - [MESSAGE][PASSED] - Text '840' is set on object 'Object Repository/VLink/Page_CCSale/txt_CountryID'

2024-05-16 00:11:36 - [MESSAGE][PASSED] - Text '' is set on object 'Object Repository/VLink/Page_CCSale/txt_Amount'

2024-05-16 00:11:36 - [MESSAGE][PASSED] - Text '4111111111111111' is set on object 'Object Repository/VLink/Page_CCSale/txt_CardNumber'

2024-05-16 00:11:37 - [MESSAGE][PASSED] - Text '12' is set on object 'Object Repository/VLink/Page_CCSale/txt_ExpMonth'

2024-05-16 00:11:38 - [MESSAGE][PASSED] - Text '2025' is set on object 'Object Repository/VLink/Page_CCSale/txt_ExpYear'

2024-05-16 00:11:38 - [MESSAGE][PASSED] - Text '' is set on object 'Object Repository/VLink/Page_CCSale/txt_CVV'

2024-05-16 00:11:39 - [MESSAGE][PASSED] - Text '' is set on object 'Object Repository/VLink/Page_CCSale/txt_CVVstate'

2024-05-16 00:11:39 - [MESSAGE][PASSED] - Text '' is set on object 'Object Repository/VLink/Page_CCSale/txt_TrackData'

2024-05-16 00:11:40 - [MESSAGE][PASSED] - Text '' is set on object 'Object Repository/VLink/Page_CCSale/txt_Track1Data'

2024-05-16 00:11:41 - [MESSAGE][PASSED] - Text '' is set on object 'Object Repository/VLink/Page_CCSale/txt_Track2Data'

2024-05-16 00:11:41 - [MESSAGE][PASSED] - Text 'manual' is set on object 'Object Repository/VLink/Page_CCSale/txt_POSEntryMode'

2024-05-16 00:11:42 - [MESSAGE][PASSED] - Text 'iahmed@govolution.com' is set on object 'Object Repository/VLink/Page_CCSale/txt_Email'

2024-05-16 00:11:43 - [MESSAGE][PASSED] - Text '2569362' is set on object 'Object Repository/VLink/Page_CCSale/txt_OrderNumber'

2024-05-16 00:11:43 - [MESSAGE][PASSED] - Text '1.15' is set on object 'Object Repository/VLink/Page_CCSale/txt_TaxAmount'

2024-05-16 00:11:44 - [MESSAGE][PASSED] - Text 'Charge Description' is set on object 'Object Repository/VLink/Page_CCSale/txt_ChargeDescription'

2024-05-16 00:11:44 - [MESSAGE][PASSED] - Text '147357' is set on object 'Object Repository/VLink/Page_CCSale/txt_CAN'

2024-05-16 00:11:45 - [MESSAGE][PASSED] - Text '1' is set on object 'Object Repository/VLink/Page_CCSale/txt_BillPaymentIndicator'

2024-05-16 00:11:46 - [MESSAGE][PASSED] - Text 'UDF Data 1' is set on object 'Object Repository/VLink/Page_CCSale/txt_UDF1'

2024-05-16 00:11:46 - [MESSAGE][PASSED] - Text 'UDF Data 2' is set on object 'Object Repository/VLink/Page_CCSale/txt_UDF2'

2024-05-16 00:11:47 - [MESSAGE][PASSED] - Text 'UDF Data 3' is set on object 'Object Repository/VLink/Page_CCSale/txt_UDF3'

2024-05-16 00:11:48 - [MESSAGE][PASSED] - Text 'UDF Data 4' is set on object 'Object Repository/VLink/Page_CCSale/txt_UDF4'

2024-05-16 00:11:48 - [MESSAGE][PASSED] - Text 'UDF Data 5' is set on object 'Object Repository/VLink/Page_CCSale/txt_UDF5'

2024-05-16 00:11:49 - [MESSAGE][PASSED] - Text 'UDF Data 6' is set on object 'Object Repository/VLink/Page_CCSale/txt_UDF6'

2024-05-16 00:11:49 - [MESSAGE][PASSED] - Text 'UDF Data 7' is set on object 'Object Repository/VLink/Page_CCSale/txt_UDF7'

2024-05-16 00:11:50 - [MESSAGE][PASSED] - Text 'UDF Data 8' is set on object 'Object Repository/VLink/Page_CCSale/txt_UDF8'

2024-05-16 00:11:51 - [MESSAGE][PASSED] - Text 'UDF Data 9' is set on object 'Object Repository/VLink/Page_CCSale/txt_UDF9'

2024-05-16 00:11:51 - [MESSAGE][PASSED] - Text 'UDF Data 10' is set on object 'Object Repository/VLink/Page_CCSale/txt_UDF10'

2024-05-16 00:11:52 - [MESSAGE][PASSED] - Object: 'Object Repository/VLink/Page_CCSale/btn_ProcessVLinkTransaction' is clicked on

2024-05-16 00:11:57 - [MESSAGE][PASSED] - vlinkPages.saleCCPage.setDataSCC is PASSED

2024-05-16 00:11:57 - [TEST_STEP][PASSED] - if (verifyTextPresent(errorMsg, true)): null

2024-05-16 00:11:57 - [MESSAGE][PASSED] - Text 'amount' is present on page  using regular expression

2024-05-16 00:11:57 - [TEST_STEP][PASSED] - println("Error Message is present on the Confirmation page"): null

2024-05-16 00:11:57 - [TEST_STEP][PASSED] - out.println("Pass Record Number: " + row): null

2024-05-16 00:11:57 - [TEST_STEP][PASSED] - resText = "Pass": null

2024-05-16 00:11:57 - [TEST_STEP][PASSED] - pages.WriteExcel.demoKey(resText, datText, resColumn, datCloumn, fileLoc, nameSheet, row): pages.WriteExcel.demoKey is PASSED

2024-05-16 00:11:58 - [MESSAGE][PASSED] - pages.WriteExcel.demoKey is PASSED

2024-05-16 00:11:58 - [TEST_STEP][PASSED] - sdfo = getText(findTestObject("Object Repository/Page_VLinkReceipt/pre_STX")): Text of object 'Object Repository/Page_VLinkReceipt/pre_STX' is: '<STX>vyWIV2w5Gozo                                      2  Transaction failed                                20 Missing Parameter(s): amount                                                               <ETX>'

2024-05-16 00:11:58 - [MESSAGE][PASSED] - Text of object 'Object Repository/Page_VLinkReceipt/pre_STX' is: '<STX>vyWIV2w5Gozo                                      2  Transaction failed                                20 Missing Parameter(s): amount                                                               <ETX>'

2024-05-16 00:11:58 - [TEST_STEP][PASSED] - out.println("sdfo: " + sdfo): null

2024-05-16 00:11:58 - [TEST_STEP][PASSED] - remID = substring(5, 35).trim(): null

2024-05-16 00:11:58 - [TEST_STEP][PASSED] - out.println("Remittance ID: " + remID): null

2024-05-16 00:11:58 - [TEST_STEP][PASSED] - traxID = substring(35, 55).trim(): null

2024-05-16 00:11:58 - [TEST_STEP][PASSED] - out.println("Transaction ID: " + traxID): null

2024-05-16 00:11:58 - [TEST_STEP][PASSED] - out.println("End Record Number: " + row): null

2024-05-16 00:11:58 - [TEST_STEP][PASSED] - closeBrowser(): Browser is closed

2024-05-16 00:11:59 - [MESSAGE][PASSED] - Browser is closed

2024-05-16 00:11:59 - [TEST_STEP][PASSED] - ExecuteTC = findTestData(dataFile).getValue("Execute", row): null

2024-05-16 00:11:59 - [TEST_STEP][PASSED] - out.println("Value of Execute is : " + ExecuteTC): null

2024-05-16 00:11:59 - [TEST_STEP][PASSED] - errorMsg = findTestData(dataFile).getValue("ErrorMsg", row): null

2024-05-16 00:11:59 - [TEST_STEP][PASSED] - if (ExecuteTC.equalsIgnoreCase("Y")): Browser is closed

2024-05-16 00:11:59 - [TEST_STEP][PASSED] - out.println("Begin Record Number: " + row): null

2024-05-16 00:11:59 - [TEST_STEP][PASSED] - today = new java.util.Date(): null

2024-05-16 00:11:59 - [TEST_STEP][PASSED] - println(today): null

2024-05-16 00:11:59 - [TEST_STEP][PASSED] - datText = today: null

2024-05-16 00:11:59 - [TEST_STEP][PASSED] - openBrowser(VLinkURL + "authcap.html"): Browser is opened with url: 'https://dev-algorithm.govolution.com/vlinktest/QA2/version_2_0/authcap.html'

2024-05-16 00:11:59 - [MESSAGE][INFO] - Starting 'Chrome' driver

2024-05-16 00:11:59 - [MESSAGE][INFO] - User set preference: ['acceptInsecureCerts', 'true']

2024-05-16 00:11:59 - [MESSAGE][INFO] - Action delay is set to 0 milliseconds

2024-05-16 00:12:02 - [MESSAGE][PASSED] - Browser is opened with url: 'https://dev-algorithm.govolution.com/vlinktest/QA2/version_2_0/authcap.html'

2024-05-16 00:12:02 - [TEST_STEP][PASSED] - maximizeWindow(): Current window maximized

2024-05-16 00:12:02 - [MESSAGE][PASSED] - Current window maximized

2024-05-16 00:12:02 - [TEST_STEP][PASSED] - vlinkPages.saleCCPage.setDataSCC(row, dataFile): vlinkPages.saleCCPage.setDataSCC is PASSED

2024-05-16 00:12:06 - [MESSAGE][PASSED] - Object 'Object Repository/VLink/Page_CCSale/txt_CardNumber' is present

2024-05-16 00:12:07 - [MESSAGE][PASSED] - Text '104' is set on object 'Object Repository/VLink/Page_CCSale/txt_TransactionType'

2024-05-16 00:12:08 - [MESSAGE][PASSED] - Text '2.0C' is set on object 'Object Repository/VLink/Page_CCSale/txt_MessageVersion'

2024-05-16 00:12:08 - [MESSAGE][PASSED] - Text 'ecO6FJuVt7fm' is set on object 'Object Repository/VLink/Page_CCSale/txt_RemID'

2024-05-16 00:12:09 - [MESSAGE][PASSED] - Text '234' is set on object 'Object Repository/VLink/Page_CCSale/txt_ApplicationId'

2024-05-16 00:12:10 - [MESSAGE][PASSED] - Text 'username' is set on object 'Object Repository/VLink/Page_CCSale/txt_Username'

2024-05-16 00:12:10 - [MESSAGE][PASSED] - Text 'password' is set on object 'Object Repository/VLink/Page_CCSale/txt_Password'

2024-05-16 00:12:11 - [MESSAGE][PASSED] - Text 'fixed_width' is set on object 'Object Repository/VLink/Page_CCSale/txt_ResponseFormat'

2024-05-16 00:12:12 - [MESSAGE][PASSED] - Text 'RETL' is set on object 'Object Repository/VLink/Page_CCSale/txt_Category'

2024-05-16 00:12:13 - [MESSAGE][PASSED] - Text '' is set on object 'Object Repository/VLink/Page_CCSale/txt_TransactionID'

2024-05-16 00:12:13 - [MESSAGE][PASSED] - Text '' is set on object 'Object Repository/VLink/Page_CCSale/txt_ApprovalCode'

2024-05-16 00:12:14 - [MESSAGE][PASSED] - Text 'Kris Roshan' is set on object 'Object Repository/VLink/Page_CCSale/txt_CardName'

2024-05-16 00:12:14 - [MESSAGE][PASSED] - Text '258 Elm Road' is set on object 'Object Repository/VLink/Page_CCSale/txt_AL1'

2024-05-16 00:12:15 - [MESSAGE][PASSED] - Text 'Suite 56' is set on object 'Object Repository/VLink/Page_CCSale/txt_AL2'

2024-05-16 00:12:16 - [MESSAGE][PASSED] - Text 'Arlington' is set on object 'Object Repository/VLink/Page_CCSale/txt_CardCity'

2024-05-16 00:12:16 - [MESSAGE][PASSED] - Text 'VA' is set on object 'Object Repository/VLink/Page_CCSale/txt_CardState'

2024-05-16 00:12:17 - [MESSAGE][PASSED] - Text '22201' is set on object 'Object Repository/VLink/Page_CCSale/txt_CardZIP'

2024-05-16 00:12:18 - [MESSAGE][PASSED] - Text '840' is set on object 'Object Repository/VLink/Page_CCSale/txt_CountryID'

2024-05-16 00:12:18 - [MESSAGE][PASSED] - Text '' is set on object 'Object Repository/VLink/Page_CCSale/txt_Amount'

2024-05-16 00:12:19 - [MESSAGE][PASSED] - Text '4111111111111111' is set on object 'Object Repository/VLink/Page_CCSale/txt_CardNumber'

2024-05-16 00:12:20 - [MESSAGE][PASSED] - Text '12' is set on object 'Object Repository/VLink/Page_CCSale/txt_ExpMonth'

2024-05-16 00:12:20 - [MESSAGE][PASSED] - Text '2025' is set on object 'Object Repository/VLink/Page_CCSale/txt_ExpYear'

2024-05-16 00:12:21 - [MESSAGE][PASSED] - Text '' is set on object 'Object Repository/VLink/Page_CCSale/txt_CVV'

2024-05-16 00:12:21 - [MESSAGE][PASSED] - Text '' is set on object 'Object Repository/VLink/Page_CCSale/txt_CVVstate'

2024-05-16 00:12:22 - [MESSAGE][PASSED] - Text '' is set on object 'Object Repository/VLink/Page_CCSale/txt_TrackData'

2024-05-16 00:12:23 - [MESSAGE][PASSED] - Text '' is set on object 'Object Repository/VLink/Page_CCSale/txt_Track1Data'

2024-05-16 00:12:23 - [MESSAGE][PASSED] - Text '' is set on object 'Object Repository/VLink/Page_CCSale/txt_Track2Data'

2024-05-16 00:12:24 - [MESSAGE][PASSED] - Text 'manual' is set on object 'Object Repository/VLink/Page_CCSale/txt_POSEntryMode'

2024-05-16 00:12:25 - [MESSAGE][PASSED] - Text 'iahmed@govolution.com' is set on object 'Object Repository/VLink/Page_CCSale/txt_Email'

2024-05-16 00:12:25 - [MESSAGE][PASSED] - Text '2569362' is set on object 'Object Repository/VLink/Page_CCSale/txt_OrderNumber'

2024-05-16 00:12:26 - [MESSAGE][PASSED] - Text '1.15' is set on object 'Object Repository/VLink/Page_CCSale/txt_TaxAmount'

2024-05-16 00:12:26 - [MESSAGE][PASSED] - Text 'Charge Description' is set on object 'Object Repository/VLink/Page_CCSale/txt_ChargeDescription'

2024-05-16 00:12:27 - [MESSAGE][PASSED] - Text '147357' is set on object 'Object Repository/VLink/Page_CCSale/txt_CAN'

2024-05-16 00:12:28 - [MESSAGE][PASSED] - Text '1' is set on object 'Object Repository/VLink/Page_CCSale/txt_BillPaymentIndicator'

2024-05-16 00:12:28 - [MESSAGE][PASSED] - Text 'UDF Data 1' is set on object 'Object Repository/VLink/Page_CCSale/txt_UDF1'

2024-05-16 00:12:29 - [MESSAGE][PASSED] - Text 'UDF Data 2' is set on object 'Object Repository/VLink/Page_CCSale/txt_UDF2'

2024-05-16 00:12:30 - [MESSAGE][PASSED] - Text 'UDF Data 3' is set on object 'Object Repository/VLink/Page_CCSale/txt_UDF3'

2024-05-16 00:12:30 - [MESSAGE][PASSED] - Text 'UDF Data 4' is set on object 'Object Repository/VLink/Page_CCSale/txt_UDF4'

2024-05-16 00:12:31 - [MESSAGE][PASSED] - Text 'UDF Data 5' is set on object 'Object Repository/VLink/Page_CCSale/txt_UDF5'

2024-05-16 00:12:32 - [MESSAGE][PASSED] - Text 'UDF Data 6' is set on object 'Object Repository/VLink/Page_CCSale/txt_UDF6'

2024-05-16 00:12:32 - [MESSAGE][PASSED] - Text 'UDF Data 7' is set on object 'Object Repository/VLink/Page_CCSale/txt_UDF7'

2024-05-16 00:12:33 - [MESSAGE][PASSED] - Text 'UDF Data 8' is set on object 'Object Repository/VLink/Page_CCSale/txt_UDF8'

2024-05-16 00:12:33 - [MESSAGE][PASSED] - Text 'UDF Data 9' is set on object 'Object Repository/VLink/Page_CCSale/txt_UDF9'

2024-05-16 00:12:34 - [MESSAGE][PASSED] - Text 'UDF Data 10' is set on object 'Object Repository/VLink/Page_CCSale/txt_UDF10'

2024-05-16 00:12:35 - [MESSAGE][PASSED] - Object: 'Object Repository/VLink/Page_CCSale/btn_ProcessVLinkTransaction' is clicked on

2024-05-16 00:12:40 - [MESSAGE][PASSED] - vlinkPages.saleCCPage.setDataSCC is PASSED

2024-05-16 00:12:40 - [TEST_STEP][PASSED] - if (verifyTextPresent(errorMsg, true)): null

2024-05-16 00:12:40 - [MESSAGE][PASSED] - Text 'amount' is present on page  using regular expression

2024-05-16 00:12:40 - [TEST_STEP][PASSED] - println("Error Message is present on the Confirmation page"): null

2024-05-16 00:12:40 - [TEST_STEP][PASSED] - out.println("Pass Record Number: " + row): null

2024-05-16 00:12:40 - [TEST_STEP][PASSED] - resText = "Pass": null

2024-05-16 00:12:40 - [TEST_STEP][PASSED] - pages.WriteExcel.demoKey(resText, datText, resColumn, datCloumn, fileLoc, nameSheet, row): pages.WriteExcel.demoKey is PASSED

2024-05-16 00:12:40 - [MESSAGE][PASSED] - pages.WriteExcel.demoKey is PASSED

2024-05-16 00:12:40 - [TEST_STEP][PASSED] - sdfo = getText(findTestObject("Object Repository/Page_VLinkReceipt/pre_STX")): Text of object 'Object Repository/Page_VLinkReceipt/pre_STX' is: '<STX>ecO6FJuVt7fm                                      2  Transaction failed                                20 Missing Parameter(s): amount                                                               <ETX>'

2024-05-16 00:12:41 - [MESSAGE][PASSED] - Text of object 'Object Repository/Page_VLinkReceipt/pre_STX' is: '<STX>ecO6FJuVt7fm                                      2  Transaction failed                                20 Missing Parameter(s): amount                                                               <ETX>'

2024-05-16 00:12:41 - [TEST_STEP][PASSED] - out.println("sdfo: " + sdfo): null

2024-05-16 00:12:41 - [TEST_STEP][PASSED] - remID = substring(5, 35).trim(): null

2024-05-16 00:12:41 - [TEST_STEP][PASSED] - out.println("Remittance ID: " + remID): null

2024-05-16 00:12:41 - [TEST_STEP][PASSED] - traxID = substring(35, 55).trim(): null

2024-05-16 00:12:41 - [TEST_STEP][PASSED] - out.println("Transaction ID: " + traxID): null

2024-05-16 00:12:41 - [TEST_STEP][PASSED] - out.println("End Record Number: " + row): null

2024-05-16 00:12:41 - [TEST_STEP][PASSED] - closeBrowser(): Browser is closed

2024-05-16 00:12:42 - [MESSAGE][PASSED] - Browser is closed

2024-05-16 00:12:42 - [TEST_STEP][PASSED] - ExecuteTC = findTestData(dataFile).getValue("Execute", row): null

2024-05-16 00:12:42 - [TEST_STEP][PASSED] - out.println("Value of Execute is : " + ExecuteTC): null

2024-05-16 00:12:42 - [TEST_STEP][PASSED] - errorMsg = findTestData(dataFile).getValue("ErrorMsg", row): null

2024-05-16 00:12:42 - [TEST_STEP][PASSED] - if (ExecuteTC.equalsIgnoreCase("Y")): Browser is closed

2024-05-16 00:12:42 - [TEST_STEP][PASSED] - out.println("Begin Record Number: " + row): null

2024-05-16 00:12:42 - [TEST_STEP][PASSED] - today = new java.util.Date(): null

2024-05-16 00:12:42 - [TEST_STEP][PASSED] - println(today): null

2024-05-16 00:12:42 - [TEST_STEP][PASSED] - datText = today: null

2024-05-16 00:12:42 - [TEST_STEP][PASSED] - openBrowser(VLinkURL + "authcap.html"): Browser is opened with url: 'https://dev-algorithm.govolution.com/vlinktest/QA2/version_2_0/authcap.html'

2024-05-16 00:12:42 - [MESSAGE][INFO] - Starting 'Chrome' driver

2024-05-16 00:12:42 - [MESSAGE][INFO] - User set preference: ['acceptInsecureCerts', 'true']

2024-05-16 00:12:42 - [MESSAGE][INFO] - Action delay is set to 0 milliseconds

2024-05-16 00:12:44 - [MESSAGE][PASSED] - Browser is opened with url: 'https://dev-algorithm.govolution.com/vlinktest/QA2/version_2_0/authcap.html'

2024-05-16 00:12:44 - [TEST_STEP][PASSED] - maximizeWindow(): Current window maximized

2024-05-16 00:12:44 - [MESSAGE][PASSED] - Current window maximized

2024-05-16 00:12:44 - [TEST_STEP][PASSED] - vlinkPages.saleCCPage.setDataSCC(row, dataFile): vlinkPages.saleCCPage.setDataSCC is PASSED

2024-05-16 00:12:49 - [MESSAGE][PASSED] - Object 'Object Repository/VLink/Page_CCSale/txt_CardNumber' is present

2024-05-16 00:12:50 - [MESSAGE][PASSED] - Text '104' is set on object 'Object Repository/VLink/Page_CCSale/txt_TransactionType'

2024-05-16 00:12:50 - [MESSAGE][PASSED] - Text '2.0C' is set on object 'Object Repository/VLink/Page_CCSale/txt_MessageVersion'

2024-05-16 00:12:51 - [MESSAGE][PASSED] - Text 'XeDpWIlALKEW' is set on object 'Object Repository/VLink/Page_CCSale/txt_RemID'

2024-05-16 00:12:52 - [MESSAGE][PASSED] - Text '234' is set on object 'Object Repository/VLink/Page_CCSale/txt_ApplicationId'

2024-05-16 00:12:52 - [MESSAGE][PASSED] - Text 'username' is set on object 'Object Repository/VLink/Page_CCSale/txt_Username'

2024-05-16 00:12:53 - [MESSAGE][PASSED] - Text 'password' is set on object 'Object Repository/VLink/Page_CCSale/txt_Password'

2024-05-16 00:12:54 - [MESSAGE][PASSED] - Text 'fixed_width' is set on object 'Object Repository/VLink/Page_CCSale/txt_ResponseFormat'

2024-05-16 00:12:54 - [MESSAGE][PASSED] - Text 'ECOM' is set on object 'Object Repository/VLink/Page_CCSale/txt_Category'

2024-05-16 00:12:55 - [MESSAGE][PASSED] - Text '' is set on object 'Object Repository/VLink/Page_CCSale/txt_TransactionID'

2024-05-16 00:12:56 - [MESSAGE][PASSED] - Text '' is set on object 'Object Repository/VLink/Page_CCSale/txt_ApprovalCode'

2024-05-16 00:12:56 - [MESSAGE][PASSED] - Text 'Kris Roshan' is set on object 'Object Repository/VLink/Page_CCSale/txt_CardName'

2024-05-16 00:12:57 - [MESSAGE][PASSED] - Text '258 Elm Road' is set on object 'Object Repository/VLink/Page_CCSale/txt_AL1'

2024-05-16 00:12:58 - [MESSAGE][PASSED] - Text 'Suite 56' is set on object 'Object Repository/VLink/Page_CCSale/txt_AL2'

2024-05-16 00:12:58 - [MESSAGE][PASSED] - Text 'Arlington' is set on object 'Object Repository/VLink/Page_CCSale/txt_CardCity'

2024-05-16 00:12:59 - [MESSAGE][PASSED] - Text 'VA' is set on object 'Object Repository/VLink/Page_CCSale/txt_CardState'

2024-05-16 00:13:00 - [MESSAGE][PASSED] - Text '22201' is set on object 'Object Repository/VLink/Page_CCSale/txt_CardZIP'

2024-05-16 00:13:00 - [MESSAGE][PASSED] - Text '840' is set on object 'Object Repository/VLink/Page_CCSale/txt_CountryID'

2024-05-16 00:13:01 - [MESSAGE][PASSED] - Text '1.50' is set on object 'Object Repository/VLink/Page_CCSale/txt_Amount'

2024-05-16 00:13:01 - [MESSAGE][PASSED] - Text '' is set on object 'Object Repository/VLink/Page_CCSale/txt_CardNumber'

2024-05-16 00:13:02 - [MESSAGE][PASSED] - Text '12' is set on object 'Object Repository/VLink/Page_CCSale/txt_ExpMonth'

2024-05-16 00:13:03 - [MESSAGE][PASSED] - Text '2025' is set on object 'Object Repository/VLink/Page_CCSale/txt_ExpYear'

2024-05-16 00:13:03 - [MESSAGE][PASSED] - Text '' is set on object 'Object Repository/VLink/Page_CCSale/txt_CVV'

2024-05-16 00:13:04 - [MESSAGE][PASSED] - Text '' is set on object 'Object Repository/VLink/Page_CCSale/txt_CVVstate'

2024-05-16 00:13:05 - [MESSAGE][PASSED] - Text '' is set on object 'Object Repository/VLink/Page_CCSale/txt_TrackData'

2024-05-16 00:13:05 - [MESSAGE][PASSED] - Text '' is set on object 'Object Repository/VLink/Page_CCSale/txt_Track1Data'

2024-05-16 00:13:06 - [MESSAGE][PASSED] - Text '' is set on object 'Object Repository/VLink/Page_CCSale/txt_Track2Data'

2024-05-16 00:13:06 - [MESSAGE][PASSED] - Text 'manual' is set on object 'Object Repository/VLink/Page_CCSale/txt_POSEntryMode'

2024-05-16 00:13:07 - [MESSAGE][PASSED] - Text 'iahmed@govolution.com' is set on object 'Object Repository/VLink/Page_CCSale/txt_Email'

2024-05-16 00:13:08 - [MESSAGE][PASSED] - Text '2569362' is set on object 'Object Repository/VLink/Page_CCSale/txt_OrderNumber'

2024-05-16 00:13:08 - [MESSAGE][PASSED] - Text '1.15' is set on object 'Object Repository/VLink/Page_CCSale/txt_TaxAmount'

2024-05-16 00:13:09 - [MESSAGE][PASSED] - Text 'Charge Description' is set on object 'Object Repository/VLink/Page_CCSale/txt_ChargeDescription'

2024-05-16 00:13:10 - [MESSAGE][PASSED] - Text '147357' is set on object 'Object Repository/VLink/Page_CCSale/txt_CAN'

2024-05-16 00:13:10 - [MESSAGE][PASSED] - Text '1' is set on object 'Object Repository/VLink/Page_CCSale/txt_BillPaymentIndicator'

2024-05-16 00:13:11 - [MESSAGE][PASSED] - Text 'UDF Data 1' is set on object 'Object Repository/VLink/Page_CCSale/txt_UDF1'

2024-05-16 00:13:11 - [MESSAGE][PASSED] - Text 'UDF Data 2' is set on object 'Object Repository/VLink/Page_CCSale/txt_UDF2'

2024-05-16 00:13:12 - [MESSAGE][PASSED] - Text 'UDF Data 3' is set on object 'Object Repository/VLink/Page_CCSale/txt_UDF3'

2024-05-16 00:13:13 - [MESSAGE][PASSED] - Text 'UDF Data 4' is set on object 'Object Repository/VLink/Page_CCSale/txt_UDF4'

2024-05-16 00:13:13 - [MESSAGE][PASSED] - Text 'UDF Data 5' is set on object 'Object Repository/VLink/Page_CCSale/txt_UDF5'

2024-05-16 00:13:14 - [MESSAGE][PASSED] - Text 'UDF Data 6' is set on object 'Object Repository/VLink/Page_CCSale/txt_UDF6'

2024-05-16 00:13:15 - [MESSAGE][PASSED] - Text 'UDF Data 7' is set on object 'Object Repository/VLink/Page_CCSale/txt_UDF7'

2024-05-16 00:13:15 - [MESSAGE][PASSED] - Text 'UDF Data 8' is set on object 'Object Repository/VLink/Page_CCSale/txt_UDF8'

2024-05-16 00:13:16 - [MESSAGE][PASSED] - Text 'UDF Data 9' is set on object 'Object Repository/VLink/Page_CCSale/txt_UDF9'

2024-05-16 00:13:17 - [MESSAGE][PASSED] - Text 'UDF Data 10' is set on object 'Object Repository/VLink/Page_CCSale/txt_UDF10'

2024-05-16 00:13:17 - [MESSAGE][PASSED] - Object: 'Object Repository/VLink/Page_CCSale/btn_ProcessVLinkTransaction' is clicked on

2024-05-16 00:13:22 - [MESSAGE][PASSED] - vlinkPages.saleCCPage.setDataSCC is PASSED

2024-05-16 00:13:22 - [TEST_STEP][PASSED] - if (verifyTextPresent(errorMsg, true)): null

2024-05-16 00:13:22 - [MESSAGE][PASSED] - Text 'card_number' is present on page  using regular expression

2024-05-16 00:13:22 - [TEST_STEP][PASSED] - println("Error Message is present on the Confirmation page"): null

2024-05-16 00:13:22 - [TEST_STEP][PASSED] - out.println("Pass Record Number: " + row): null

2024-05-16 00:13:22 - [TEST_STEP][PASSED] - resText = "Pass": null

2024-05-16 00:13:22 - [TEST_STEP][PASSED] - pages.WriteExcel.demoKey(resText, datText, resColumn, datCloumn, fileLoc, nameSheet, row): pages.WriteExcel.demoKey is PASSED

2024-05-16 00:13:23 - [MESSAGE][PASSED] - pages.WriteExcel.demoKey is PASSED

2024-05-16 00:13:23 - [TEST_STEP][PASSED] - sdfo = getText(findTestObject("Object Repository/Page_VLinkReceipt/pre_STX")): Text of object 'Object Repository/Page_VLinkReceipt/pre_STX' is: '<STX>XeDpWIlALKEW                                      2  Transaction failed                                20 Missing Parameter(s): card_number                                                          <ETX>'

2024-05-16 00:13:23 - [MESSAGE][PASSED] - Text of object 'Object Repository/Page_VLinkReceipt/pre_STX' is: '<STX>XeDpWIlALKEW                                      2  Transaction failed                                20 Missing Parameter(s): card_number                                                          <ETX>'

2024-05-16 00:13:23 - [TEST_STEP][PASSED] - out.println("sdfo: " + sdfo): null

2024-05-16 00:13:23 - [TEST_STEP][PASSED] - remID = substring(5, 35).trim(): null

2024-05-16 00:13:23 - [TEST_STEP][PASSED] - out.println("Remittance ID: " + remID): null

2024-05-16 00:13:23 - [TEST_STEP][PASSED] - traxID = substring(35, 55).trim(): null

2024-05-16 00:13:23 - [TEST_STEP][PASSED] - out.println("Transaction ID: " + traxID): null

2024-05-16 00:13:23 - [TEST_STEP][PASSED] - out.println("End Record Number: " + row): null

2024-05-16 00:13:23 - [TEST_STEP][PASSED] - closeBrowser(): Browser is closed

2024-05-16 00:13:24 - [MESSAGE][PASSED] - Browser is closed

2024-05-16 00:13:24 - [TEST_STEP][PASSED] - ExecuteTC = findTestData(dataFile).getValue("Execute", row): null

2024-05-16 00:13:24 - [TEST_STEP][PASSED] - out.println("Value of Execute is : " + ExecuteTC): null

2024-05-16 00:13:24 - [TEST_STEP][PASSED] - errorMsg = findTestData(dataFile).getValue("ErrorMsg", row): null

2024-05-16 00:13:25 - [TEST_STEP][PASSED] - if (ExecuteTC.equalsIgnoreCase("Y")): Browser is closed

2024-05-16 00:13:25 - [TEST_STEP][PASSED] - out.println("Begin Record Number: " + row): null

2024-05-16 00:13:25 - [TEST_STEP][PASSED] - today = new java.util.Date(): null

2024-05-16 00:13:25 - [TEST_STEP][PASSED] - println(today): null

2024-05-16 00:13:25 - [TEST_STEP][PASSED] - datText = today: null

2024-05-16 00:13:25 - [TEST_STEP][PASSED] - openBrowser(VLinkURL + "authcap.html"): Browser is opened with url: 'https://dev-algorithm.govolution.com/vlinktest/QA2/version_2_0/authcap.html'

2024-05-16 00:13:25 - [MESSAGE][INFO] - Starting 'Chrome' driver

2024-05-16 00:13:25 - [MESSAGE][INFO] - User set preference: ['acceptInsecureCerts', 'true']

2024-05-16 00:13:25 - [MESSAGE][INFO] - Action delay is set to 0 milliseconds

2024-05-16 00:13:27 - [MESSAGE][PASSED] - Browser is opened with url: 'https://dev-algorithm.govolution.com/vlinktest/QA2/version_2_0/authcap.html'

2024-05-16 00:13:27 - [TEST_STEP][PASSED] - maximizeWindow(): Current window maximized

2024-05-16 00:13:27 - [MESSAGE][PASSED] - Current window maximized

2024-05-16 00:13:27 - [TEST_STEP][PASSED] - vlinkPages.saleCCPage.setDataSCC(row, dataFile): vlinkPages.saleCCPage.setDataSCC is PASSED

2024-05-16 00:13:31 - [MESSAGE][PASSED] - Object 'Object Repository/VLink/Page_CCSale/txt_CardNumber' is present

2024-05-16 00:13:32 - [MESSAGE][PASSED] - Text '104' is set on object 'Object Repository/VLink/Page_CCSale/txt_TransactionType'

2024-05-16 00:13:33 - [MESSAGE][PASSED] - Text '2.0C' is set on object 'Object Repository/VLink/Page_CCSale/txt_MessageVersion'

2024-05-16 00:13:33 - [MESSAGE][PASSED] - Text 'mUlfG0xQmuiX' is set on object 'Object Repository/VLink/Page_CCSale/txt_RemID'

2024-05-16 00:13:34 - [MESSAGE][PASSED] - Text '234' is set on object 'Object Repository/VLink/Page_CCSale/txt_ApplicationId'

2024-05-16 00:13:35 - [MESSAGE][PASSED] - Text 'username' is set on object 'Object Repository/VLink/Page_CCSale/txt_Username'

2024-05-16 00:13:35 - [MESSAGE][PASSED] - Text 'password' is set on object 'Object Repository/VLink/Page_CCSale/txt_Password'

2024-05-16 00:13:36 - [MESSAGE][PASSED] - Text 'fixed_width' is set on object 'Object Repository/VLink/Page_CCSale/txt_ResponseFormat'

2024-05-16 00:13:37 - [MESSAGE][PASSED] - Text 'MOTO' is set on object 'Object Repository/VLink/Page_CCSale/txt_Category'

2024-05-16 00:13:37 - [MESSAGE][PASSED] - Text '' is set on object 'Object Repository/VLink/Page_CCSale/txt_TransactionID'

2024-05-16 00:13:38 - [MESSAGE][PASSED] - Text '' is set on object 'Object Repository/VLink/Page_CCSale/txt_ApprovalCode'

2024-05-16 00:13:39 - [MESSAGE][PASSED] - Text 'Kris Roshan' is set on object 'Object Repository/VLink/Page_CCSale/txt_CardName'

2024-05-16 00:13:39 - [MESSAGE][PASSED] - Text '258 Elm Road' is set on object 'Object Repository/VLink/Page_CCSale/txt_AL1'

2024-05-16 00:13:40 - [MESSAGE][PASSED] - Text 'Suite 56' is set on object 'Object Repository/VLink/Page_CCSale/txt_AL2'

2024-05-16 00:13:41 - [MESSAGE][PASSED] - Text 'Arlington' is set on object 'Object Repository/VLink/Page_CCSale/txt_CardCity'

2024-05-16 00:13:41 - [MESSAGE][PASSED] - Text 'VA' is set on object 'Object Repository/VLink/Page_CCSale/txt_CardState'

2024-05-16 00:13:42 - [MESSAGE][PASSED] - Text '22201' is set on object 'Object Repository/VLink/Page_CCSale/txt_CardZIP'

2024-05-16 00:13:42 - [MESSAGE][PASSED] - Text '840' is set on object 'Object Repository/VLink/Page_CCSale/txt_CountryID'

2024-05-16 00:13:43 - [MESSAGE][PASSED] - Text '1.50' is set on object 'Object Repository/VLink/Page_CCSale/txt_Amount'

2024-05-16 00:13:44 - [MESSAGE][PASSED] - Text '' is set on object 'Object Repository/VLink/Page_CCSale/txt_CardNumber'

2024-05-16 00:13:44 - [MESSAGE][PASSED] - Text '12' is set on object 'Object Repository/VLink/Page_CCSale/txt_ExpMonth'

2024-05-16 00:13:45 - [MESSAGE][PASSED] - Text '2025' is set on object 'Object Repository/VLink/Page_CCSale/txt_ExpYear'

2024-05-16 00:13:46 - [MESSAGE][PASSED] - Text '' is set on object 'Object Repository/VLink/Page_CCSale/txt_CVV'

2024-05-16 00:13:46 - [MESSAGE][PASSED] - Text '' is set on object 'Object Repository/VLink/Page_CCSale/txt_CVVstate'

2024-05-16 00:13:47 - [MESSAGE][PASSED] - Text '' is set on object 'Object Repository/VLink/Page_CCSale/txt_TrackData'

2024-05-16 00:13:48 - [MESSAGE][PASSED] - Text '' is set on object 'Object Repository/VLink/Page_CCSale/txt_Track1Data'

2024-05-16 00:13:48 - [MESSAGE][PASSED] - Text '' is set on object 'Object Repository/VLink/Page_CCSale/txt_Track2Data'

2024-05-16 00:13:49 - [MESSAGE][PASSED] - Text 'manual' is set on object 'Object Repository/VLink/Page_CCSale/txt_POSEntryMode'

2024-05-16 00:13:49 - [MESSAGE][PASSED] - Text 'iahmed@govolution.com' is set on object 'Object Repository/VLink/Page_CCSale/txt_Email'

2024-05-16 00:13:50 - [MESSAGE][PASSED] - Text '2569362' is set on object 'Object Repository/VLink/Page_CCSale/txt_OrderNumber'

2024-05-16 00:13:51 - [MESSAGE][PASSED] - Text '1.15' is set on object 'Object Repository/VLink/Page_CCSale/txt_TaxAmount'

2024-05-16 00:13:51 - [MESSAGE][PASSED] - Text 'Charge Description' is set on object 'Object Repository/VLink/Page_CCSale/txt_ChargeDescription'

2024-05-16 00:13:52 - [MESSAGE][PASSED] - Text '147357' is set on object 'Object Repository/VLink/Page_CCSale/txt_CAN'

2024-05-16 00:13:53 - [MESSAGE][PASSED] - Text '1' is set on object 'Object Repository/VLink/Page_CCSale/txt_BillPaymentIndicator'

2024-05-16 00:13:53 - [MESSAGE][PASSED] - Text 'UDF Data 1' is set on object 'Object Repository/VLink/Page_CCSale/txt_UDF1'

2024-05-16 00:13:54 - [MESSAGE][PASSED] - Text 'UDF Data 2' is set on object 'Object Repository/VLink/Page_CCSale/txt_UDF2'

2024-05-16 00:13:54 - [MESSAGE][PASSED] - Text 'UDF Data 3' is set on object 'Object Repository/VLink/Page_CCSale/txt_UDF3'

2024-05-16 00:13:55 - [MESSAGE][PASSED] - Text 'UDF Data 4' is set on object 'Object Repository/VLink/Page_CCSale/txt_UDF4'

2024-05-16 00:13:56 - [MESSAGE][PASSED] - Text 'UDF Data 5' is set on object 'Object Repository/VLink/Page_CCSale/txt_UDF5'

2024-05-16 00:13:56 - [MESSAGE][PASSED] - Text 'UDF Data 6' is set on object 'Object Repository/VLink/Page_CCSale/txt_UDF6'

2024-05-16 00:13:57 - [MESSAGE][PASSED] - Text 'UDF Data 7' is set on object 'Object Repository/VLink/Page_CCSale/txt_UDF7'

2024-05-16 00:13:58 - [MESSAGE][PASSED] - Text 'UDF Data 8' is set on object 'Object Repository/VLink/Page_CCSale/txt_UDF8'

2024-05-16 00:13:58 - [MESSAGE][PASSED] - Text 'UDF Data 9' is set on object 'Object Repository/VLink/Page_CCSale/txt_UDF9'

2024-05-16 00:13:59 - [MESSAGE][PASSED] - Text 'UDF Data 10' is set on object 'Object Repository/VLink/Page_CCSale/txt_UDF10'

2024-05-16 00:14:00 - [MESSAGE][PASSED] - Object: 'Object Repository/VLink/Page_CCSale/btn_ProcessVLinkTransaction' is clicked on

2024-05-16 00:14:05 - [MESSAGE][PASSED] - vlinkPages.saleCCPage.setDataSCC is PASSED

2024-05-16 00:14:05 - [TEST_STEP][PASSED] - if (verifyTextPresent(errorMsg, true)): null

2024-05-16 00:14:05 - [MESSAGE][PASSED] - Text 'card_number' is present on page  using regular expression

2024-05-16 00:14:05 - [TEST_STEP][PASSED] - println("Error Message is present on the Confirmation page"): null

2024-05-16 00:14:05 - [TEST_STEP][PASSED] - out.println("Pass Record Number: " + row): null

2024-05-16 00:14:05 - [TEST_STEP][PASSED] - resText = "Pass": null

2024-05-16 00:14:05 - [TEST_STEP][PASSED] - pages.WriteExcel.demoKey(resText, datText, resColumn, datCloumn, fileLoc, nameSheet, row): pages.WriteExcel.demoKey is PASSED

2024-05-16 00:14:05 - [MESSAGE][PASSED] - pages.WriteExcel.demoKey is PASSED

2024-05-16 00:14:05 - [TEST_STEP][PASSED] - sdfo = getText(findTestObject("Object Repository/Page_VLinkReceipt/pre_STX")): Text of object 'Object Repository/Page_VLinkReceipt/pre_STX' is: '<STX>mUlfG0xQmuiX                                      2  Transaction failed                                20 Missing Parameter(s): card_number                                                          <ETX>'

2024-05-16 00:14:05 - [MESSAGE][PASSED] - Text of object 'Object Repository/Page_VLinkReceipt/pre_STX' is: '<STX>mUlfG0xQmuiX                                      2  Transaction failed                                20 Missing Parameter(s): card_number                                                          <ETX>'

2024-05-16 00:14:05 - [TEST_STEP][PASSED] - out.println("sdfo: " + sdfo): null

2024-05-16 00:14:05 - [TEST_STEP][PASSED] - remID = substring(5, 35).trim(): null

2024-05-16 00:14:05 - [TEST_STEP][PASSED] - out.println("Remittance ID: " + remID): null

2024-05-16 00:14:05 - [TEST_STEP][PASSED] - traxID = substring(35, 55).trim(): null

2024-05-16 00:14:05 - [TEST_STEP][PASSED] - out.println("Transaction ID: " + traxID): null

2024-05-16 00:14:05 - [TEST_STEP][PASSED] - out.println("End Record Number: " + row): null

2024-05-16 00:14:05 - [TEST_STEP][PASSED] - closeBrowser(): Browser is closed

2024-05-16 00:14:07 - [MESSAGE][PASSED] - Browser is closed

2024-05-16 00:14:07 - [TEST_STEP][PASSED] - ExecuteTC = findTestData(dataFile).getValue("Execute", row): null

2024-05-16 00:14:07 - [TEST_STEP][PASSED] - out.println("Value of Execute is : " + ExecuteTC): null

2024-05-16 00:14:07 - [TEST_STEP][PASSED] - errorMsg = findTestData(dataFile).getValue("ErrorMsg", row): null

2024-05-16 00:14:07 - [TEST_STEP][PASSED] - if (ExecuteTC.equalsIgnoreCase("Y")): Browser is closed

2024-05-16 00:14:07 - [TEST_STEP][PASSED] - out.println("Begin Record Number: " + row): null

2024-05-16 00:14:07 - [TEST_STEP][PASSED] - today = new java.util.Date(): null

2024-05-16 00:14:07 - [TEST_STEP][PASSED] - println(today): null

2024-05-16 00:14:07 - [TEST_STEP][PASSED] - datText = today: null

2024-05-16 00:14:07 - [TEST_STEP][PASSED] - openBrowser(VLinkURL + "authcap.html"): Browser is opened with url: 'https://dev-algorithm.govolution.com/vlinktest/QA2/version_2_0/authcap.html'

2024-05-16 00:14:07 - [MESSAGE][INFO] - Starting 'Chrome' driver

2024-05-16 00:14:07 - [MESSAGE][INFO] - User set preference: ['acceptInsecureCerts', 'true']

2024-05-16 00:14:07 - [MESSAGE][INFO] - Action delay is set to 0 milliseconds

2024-05-16 00:14:09 - [MESSAGE][PASSED] - Browser is opened with url: 'https://dev-algorithm.govolution.com/vlinktest/QA2/version_2_0/authcap.html'

2024-05-16 00:14:09 - [TEST_STEP][PASSED] - maximizeWindow(): Current window maximized

2024-05-16 00:14:09 - [MESSAGE][PASSED] - Current window maximized

2024-05-16 00:14:09 - [TEST_STEP][PASSED] - vlinkPages.saleCCPage.setDataSCC(row, dataFile): vlinkPages.saleCCPage.setDataSCC is PASSED

2024-05-16 00:14:14 - [MESSAGE][PASSED] - Object 'Object Repository/VLink/Page_CCSale/txt_CardNumber' is present

2024-05-16 00:14:15 - [MESSAGE][PASSED] - Text '104' is set on object 'Object Repository/VLink/Page_CCSale/txt_TransactionType'

2024-05-16 00:14:16 - [MESSAGE][PASSED] - Text '2.0C' is set on object 'Object Repository/VLink/Page_CCSale/txt_MessageVersion'

2024-05-16 00:14:16 - [MESSAGE][PASSED] - Text 'cONQtD3yfBYE' is set on object 'Object Repository/VLink/Page_CCSale/txt_RemID'

2024-05-16 00:14:17 - [MESSAGE][PASSED] - Text '234' is set on object 'Object Repository/VLink/Page_CCSale/txt_ApplicationId'

2024-05-16 00:14:18 - [MESSAGE][PASSED] - Text 'username' is set on object 'Object Repository/VLink/Page_CCSale/txt_Username'

2024-05-16 00:14:18 - [MESSAGE][PASSED] - Text 'password' is set on object 'Object Repository/VLink/Page_CCSale/txt_Password'

2024-05-16 00:14:19 - [MESSAGE][PASSED] - Text 'fixed_width' is set on object 'Object Repository/VLink/Page_CCSale/txt_ResponseFormat'

2024-05-16 00:14:20 - [MESSAGE][PASSED] - Text 'RETL' is set on object 'Object Repository/VLink/Page_CCSale/txt_Category'

2024-05-16 00:14:21 - [MESSAGE][PASSED] - Text '' is set on object 'Object Repository/VLink/Page_CCSale/txt_TransactionID'

2024-05-16 00:14:21 - [MESSAGE][PASSED] - Text '' is set on object 'Object Repository/VLink/Page_CCSale/txt_ApprovalCode'

2024-05-16 00:14:22 - [MESSAGE][PASSED] - Text 'Kris Roshan' is set on object 'Object Repository/VLink/Page_CCSale/txt_CardName'

2024-05-16 00:14:22 - [MESSAGE][PASSED] - Text '258 Elm Road' is set on object 'Object Repository/VLink/Page_CCSale/txt_AL1'

2024-05-16 00:14:23 - [MESSAGE][PASSED] - Text 'Suite 56' is set on object 'Object Repository/VLink/Page_CCSale/txt_AL2'

2024-05-16 00:14:24 - [MESSAGE][PASSED] - Text 'Arlington' is set on object 'Object Repository/VLink/Page_CCSale/txt_CardCity'

2024-05-16 00:14:24 - [MESSAGE][PASSED] - Text 'VA' is set on object 'Object Repository/VLink/Page_CCSale/txt_CardState'

2024-05-16 00:14:25 - [MESSAGE][PASSED] - Text '22201' is set on object 'Object Repository/VLink/Page_CCSale/txt_CardZIP'

2024-05-16 00:14:26 - [MESSAGE][PASSED] - Text '840' is set on object 'Object Repository/VLink/Page_CCSale/txt_CountryID'

2024-05-16 00:14:26 - [MESSAGE][PASSED] - Text '1.50' is set on object 'Object Repository/VLink/Page_CCSale/txt_Amount'

2024-05-16 00:14:27 - [MESSAGE][PASSED] - Text '' is set on object 'Object Repository/VLink/Page_CCSale/txt_CardNumber'

2024-05-16 00:14:28 - [MESSAGE][PASSED] - Text '12' is set on object 'Object Repository/VLink/Page_CCSale/txt_ExpMonth'

2024-05-16 00:14:28 - [MESSAGE][PASSED] - Text '2025' is set on object 'Object Repository/VLink/Page_CCSale/txt_ExpYear'

2024-05-16 00:14:29 - [MESSAGE][PASSED] - Text '' is set on object 'Object Repository/VLink/Page_CCSale/txt_CVV'

2024-05-16 00:14:29 - [MESSAGE][PASSED] - Text '' is set on object 'Object Repository/VLink/Page_CCSale/txt_CVVstate'

2024-05-16 00:14:30 - [MESSAGE][PASSED] - Text '' is set on object 'Object Repository/VLink/Page_CCSale/txt_TrackData'

2024-05-16 00:14:31 - [MESSAGE][PASSED] - Text '' is set on object 'Object Repository/VLink/Page_CCSale/txt_Track1Data'

2024-05-16 00:14:31 - [MESSAGE][PASSED] - Text '' is set on object 'Object Repository/VLink/Page_CCSale/txt_Track2Data'

2024-05-16 00:14:32 - [MESSAGE][PASSED] - Text 'manual' is set on object 'Object Repository/VLink/Page_CCSale/txt_POSEntryMode'

2024-05-16 00:14:33 - [MESSAGE][PASSED] - Text 'iahmed@govolution.com' is set on object 'Object Repository/VLink/Page_CCSale/txt_Email'

2024-05-16 00:14:33 - [MESSAGE][PASSED] - Text '2569362' is set on object 'Object Repository/VLink/Page_CCSale/txt_OrderNumber'

2024-05-16 00:14:34 - [MESSAGE][PASSED] - Text '1.15' is set on object 'Object Repository/VLink/Page_CCSale/txt_TaxAmount'

2024-05-16 00:14:34 - [MESSAGE][PASSED] - Text 'Charge Description' is set on object 'Object Repository/VLink/Page_CCSale/txt_ChargeDescription'

2024-05-16 00:14:35 - [MESSAGE][PASSED] - Text '147357' is set on object 'Object Repository/VLink/Page_CCSale/txt_CAN'

2024-05-16 00:14:36 - [MESSAGE][PASSED] - Text '1' is set on object 'Object Repository/VLink/Page_CCSale/txt_BillPaymentIndicator'

2024-05-16 00:14:36 - [MESSAGE][PASSED] - Text 'UDF Data 1' is set on object 'Object Repository/VLink/Page_CCSale/txt_UDF1'

2024-05-16 00:14:37 - [MESSAGE][PASSED] - Text 'UDF Data 2' is set on object 'Object Repository/VLink/Page_CCSale/txt_UDF2'

2024-05-16 00:14:38 - [MESSAGE][PASSED] - Text 'UDF Data 3' is set on object 'Object Repository/VLink/Page_CCSale/txt_UDF3'

2024-05-16 00:14:38 - [MESSAGE][PASSED] - Text 'UDF Data 4' is set on object 'Object Repository/VLink/Page_CCSale/txt_UDF4'

2024-05-16 00:14:39 - [MESSAGE][PASSED] - Text 'UDF Data 5' is set on object 'Object Repository/VLink/Page_CCSale/txt_UDF5'

2024-05-16 00:14:39 - [MESSAGE][PASSED] - Text 'UDF Data 6' is set on object 'Object Repository/VLink/Page_CCSale/txt_UDF6'

2024-05-16 00:14:40 - [MESSAGE][PASSED] - Text 'UDF Data 7' is set on object 'Object Repository/VLink/Page_CCSale/txt_UDF7'

2024-05-16 00:14:41 - [MESSAGE][PASSED] - Text 'UDF Data 8' is set on object 'Object Repository/VLink/Page_CCSale/txt_UDF8'

2024-05-16 00:14:41 - [MESSAGE][PASSED] - Text 'UDF Data 9' is set on object 'Object Repository/VLink/Page_CCSale/txt_UDF9'

2024-05-16 00:14:42 - [MESSAGE][PASSED] - Text 'UDF Data 10' is set on object 'Object Repository/VLink/Page_CCSale/txt_UDF10'

2024-05-16 00:14:43 - [MESSAGE][PASSED] - Object: 'Object Repository/VLink/Page_CCSale/btn_ProcessVLinkTransaction' is clicked on

2024-05-16 00:14:48 - [MESSAGE][PASSED] - vlinkPages.saleCCPage.setDataSCC is PASSED

2024-05-16 00:14:48 - [TEST_STEP][PASSED] - if (verifyTextPresent(errorMsg, true)): null

2024-05-16 00:14:48 - [MESSAGE][PASSED] - Text 'card_number' is present on page  using regular expression

2024-05-16 00:14:48 - [TEST_STEP][PASSED] - println("Error Message is present on the Confirmation page"): null

2024-05-16 00:14:48 - [TEST_STEP][PASSED] - out.println("Pass Record Number: " + row): null

2024-05-16 00:14:48 - [TEST_STEP][PASSED] - resText = "Pass": null

2024-05-16 00:14:48 - [TEST_STEP][PASSED] - pages.WriteExcel.demoKey(resText, datText, resColumn, datCloumn, fileLoc, nameSheet, row): pages.WriteExcel.demoKey is PASSED

2024-05-16 00:14:49 - [MESSAGE][PASSED] - pages.WriteExcel.demoKey is PASSED

2024-05-16 00:14:49 - [TEST_STEP][PASSED] - sdfo = getText(findTestObject("Object Repository/Page_VLinkReceipt/pre_STX")): Text of object 'Object Repository/Page_VLinkReceipt/pre_STX' is: '<STX>cONQtD3yfBYE                                      2  Transaction failed                                20 Missing Parameter(s): card_number                                                          <ETX>'

2024-05-16 00:14:49 - [MESSAGE][PASSED] - Text of object 'Object Repository/Page_VLinkReceipt/pre_STX' is: '<STX>cONQtD3yfBYE                                      2  Transaction failed                                20 Missing Parameter(s): card_number                                                          <ETX>'

2024-05-16 00:14:49 - [TEST_STEP][PASSED] - out.println("sdfo: " + sdfo): null

2024-05-16 00:14:49 - [TEST_STEP][PASSED] - remID = substring(5, 35).trim(): null

2024-05-16 00:14:49 - [TEST_STEP][PASSED] - out.println("Remittance ID: " + remID): null

2024-05-16 00:14:49 - [TEST_STEP][PASSED] - traxID = substring(35, 55).trim(): null

2024-05-16 00:14:49 - [TEST_STEP][PASSED] - out.println("Transaction ID: " + traxID): null

2024-05-16 00:14:49 - [TEST_STEP][PASSED] - out.println("End Record Number: " + row): null

2024-05-16 00:14:49 - [TEST_STEP][PASSED] - closeBrowser(): Browser is closed

2024-05-16 00:14:50 - [MESSAGE][PASSED] - Browser is closed

2024-05-16 00:14:50 - [TEST_STEP][PASSED] - ExecuteTC = findTestData(dataFile).getValue("Execute", row): null

2024-05-16 00:14:50 - [TEST_STEP][PASSED] - out.println("Value of Execute is : " + ExecuteTC): null

2024-05-16 00:14:50 - [TEST_STEP][PASSED] - errorMsg = findTestData(dataFile).getValue("ErrorMsg", row): null

2024-05-16 00:14:50 - [TEST_STEP][PASSED] - if (ExecuteTC.equalsIgnoreCase("Y")): Browser is closed

2024-05-16 00:14:50 - [TEST_STEP][PASSED] - out.println("Begin Record Number: " + row): null

2024-05-16 00:14:50 - [TEST_STEP][PASSED] - today = new java.util.Date(): null

2024-05-16 00:14:50 - [TEST_STEP][PASSED] - println(today): null

2024-05-16 00:14:50 - [TEST_STEP][PASSED] - datText = today: null

2024-05-16 00:14:50 - [TEST_STEP][PASSED] - openBrowser(VLinkURL + "authcap.html"): Browser is opened with url: 'https://dev-algorithm.govolution.com/vlinktest/QA2/version_2_0/authcap.html'

2024-05-16 00:14:50 - [MESSAGE][INFO] - Starting 'Chrome' driver

2024-05-16 00:14:50 - [MESSAGE][INFO] - User set preference: ['acceptInsecureCerts', 'true']

2024-05-16 00:14:50 - [MESSAGE][INFO] - Action delay is set to 0 milliseconds

2024-05-16 00:14:52 - [MESSAGE][PASSED] - Browser is opened with url: 'https://dev-algorithm.govolution.com/vlinktest/QA2/version_2_0/authcap.html'

2024-05-16 00:14:52 - [TEST_STEP][PASSED] - maximizeWindow(): Current window maximized

2024-05-16 00:14:53 - [MESSAGE][PASSED] - Current window maximized

2024-05-16 00:14:53 - [TEST_STEP][PASSED] - vlinkPages.saleCCPage.setDataSCC(row, dataFile): vlinkPages.saleCCPage.setDataSCC is PASSED

2024-05-16 00:14:57 - [MESSAGE][PASSED] - Object 'Object Repository/VLink/Page_CCSale/txt_CardNumber' is present

2024-05-16 00:14:58 - [MESSAGE][PASSED] - Text '104' is set on object 'Object Repository/VLink/Page_CCSale/txt_TransactionType'

2024-05-16 00:14:59 - [MESSAGE][PASSED] - Text '2.0C' is set on object 'Object Repository/VLink/Page_CCSale/txt_MessageVersion'

2024-05-16 00:14:59 - [MESSAGE][PASSED] - Text 'nxi4bJ0hqdHw' is set on object 'Object Repository/VLink/Page_CCSale/txt_RemID'

2024-05-16 00:15:00 - [MESSAGE][PASSED] - Text '234' is set on object 'Object Repository/VLink/Page_CCSale/txt_ApplicationId'

2024-05-16 00:15:01 - [MESSAGE][PASSED] - Text 'username' is set on object 'Object Repository/VLink/Page_CCSale/txt_Username'

2024-05-16 00:15:01 - [MESSAGE][PASSED] - Text 'password' is set on object 'Object Repository/VLink/Page_CCSale/txt_Password'

2024-05-16 00:15:02 - [MESSAGE][PASSED] - Text 'fixed_width' is set on object 'Object Repository/VLink/Page_CCSale/txt_ResponseFormat'

2024-05-16 00:15:03 - [MESSAGE][PASSED] - Text 'ECOM' is set on object 'Object Repository/VLink/Page_CCSale/txt_Category'

2024-05-16 00:15:03 - [MESSAGE][PASSED] - Text '' is set on object 'Object Repository/VLink/Page_CCSale/txt_TransactionID'

2024-05-16 00:15:04 - [MESSAGE][PASSED] - Text '' is set on object 'Object Repository/VLink/Page_CCSale/txt_ApprovalCode'

2024-05-16 00:15:05 - [MESSAGE][PASSED] - Text 'Kris Roshan' is set on object 'Object Repository/VLink/Page_CCSale/txt_CardName'

2024-05-16 00:15:05 - [MESSAGE][PASSED] - Text '258 Elm Road' is set on object 'Object Repository/VLink/Page_CCSale/txt_AL1'

2024-05-16 00:15:06 - [MESSAGE][PASSED] - Text 'Suite 56' is set on object 'Object Repository/VLink/Page_CCSale/txt_AL2'

2024-05-16 00:15:07 - [MESSAGE][PASSED] - Text 'Arlington' is set on object 'Object Repository/VLink/Page_CCSale/txt_CardCity'

2024-05-16 00:15:07 - [MESSAGE][PASSED] - Text 'VA' is set on object 'Object Repository/VLink/Page_CCSale/txt_CardState'

2024-05-16 00:15:08 - [MESSAGE][PASSED] - Text '22201' is set on object 'Object Repository/VLink/Page_CCSale/txt_CardZIP'

2024-05-16 00:15:09 - [MESSAGE][PASSED] - Text '840' is set on object 'Object Repository/VLink/Page_CCSale/txt_CountryID'

2024-05-16 00:15:09 - [MESSAGE][PASSED] - Text '1.50' is set on object 'Object Repository/VLink/Page_CCSale/txt_Amount'

2024-05-16 00:15:10 - [MESSAGE][PASSED] - Text '4111111111111111' is set on object 'Object Repository/VLink/Page_CCSale/txt_CardNumber'

2024-05-16 00:15:10 - [MESSAGE][PASSED] - Text '' is set on object 'Object Repository/VLink/Page_CCSale/txt_ExpMonth'

2024-05-16 00:15:11 - [MESSAGE][PASSED] - Text '2025' is set on object 'Object Repository/VLink/Page_CCSale/txt_ExpYear'

2024-05-16 00:15:12 - [MESSAGE][PASSED] - Text '' is set on object 'Object Repository/VLink/Page_CCSale/txt_CVV'

2024-05-16 00:15:12 - [MESSAGE][PASSED] - Text '' is set on object 'Object Repository/VLink/Page_CCSale/txt_CVVstate'

2024-05-16 00:15:13 - [MESSAGE][PASSED] - Text '' is set on object 'Object Repository/VLink/Page_CCSale/txt_TrackData'

2024-05-16 00:15:14 - [MESSAGE][PASSED] - Text '' is set on object 'Object Repository/VLink/Page_CCSale/txt_Track1Data'

2024-05-16 00:15:14 - [MESSAGE][PASSED] - Text '' is set on object 'Object Repository/VLink/Page_CCSale/txt_Track2Data'

2024-05-16 00:15:15 - [MESSAGE][PASSED] - Text 'manual' is set on object 'Object Repository/VLink/Page_CCSale/txt_POSEntryMode'

2024-05-16 00:15:15 - [MESSAGE][PASSED] - Text 'iahmed@govolution.com' is set on object 'Object Repository/VLink/Page_CCSale/txt_Email'

2024-05-16 00:15:16 - [MESSAGE][PASSED] - Text '2569362' is set on object 'Object Repository/VLink/Page_CCSale/txt_OrderNumber'

2024-05-16 00:15:17 - [MESSAGE][PASSED] - Text '1.15' is set on object 'Object Repository/VLink/Page_CCSale/txt_TaxAmount'

2024-05-16 00:15:17 - [MESSAGE][PASSED] - Text 'Charge Description' is set on object 'Object Repository/VLink/Page_CCSale/txt_ChargeDescription'

2024-05-16 00:15:18 - [MESSAGE][PASSED] - Text '147357' is set on object 'Object Repository/VLink/Page_CCSale/txt_CAN'

2024-05-16 00:15:19 - [MESSAGE][PASSED] - Text '1' is set on object 'Object Repository/VLink/Page_CCSale/txt_BillPaymentIndicator'

2024-05-16 00:15:19 - [MESSAGE][PASSED] - Text 'UDF Data 1' is set on object 'Object Repository/VLink/Page_CCSale/txt_UDF1'

2024-05-16 00:15:20 - [MESSAGE][PASSED] - Text 'UDF Data 2' is set on object 'Object Repository/VLink/Page_CCSale/txt_UDF2'

2024-05-16 00:15:20 - [MESSAGE][PASSED] - Text 'UDF Data 3' is set on object 'Object Repository/VLink/Page_CCSale/txt_UDF3'

2024-05-16 00:15:21 - [MESSAGE][PASSED] - Text 'UDF Data 4' is set on object 'Object Repository/VLink/Page_CCSale/txt_UDF4'

2024-05-16 00:15:22 - [MESSAGE][PASSED] - Text 'UDF Data 5' is set on object 'Object Repository/VLink/Page_CCSale/txt_UDF5'

2024-05-16 00:15:22 - [MESSAGE][PASSED] - Text 'UDF Data 6' is set on object 'Object Repository/VLink/Page_CCSale/txt_UDF6'

2024-05-16 00:15:23 - [MESSAGE][PASSED] - Text 'UDF Data 7' is set on object 'Object Repository/VLink/Page_CCSale/txt_UDF7'

2024-05-16 00:15:24 - [MESSAGE][PASSED] - Text 'UDF Data 8' is set on object 'Object Repository/VLink/Page_CCSale/txt_UDF8'

2024-05-16 00:15:24 - [MESSAGE][PASSED] - Text 'UDF Data 9' is set on object 'Object Repository/VLink/Page_CCSale/txt_UDF9'

2024-05-16 00:15:25 - [MESSAGE][PASSED] - Text 'UDF Data 10' is set on object 'Object Repository/VLink/Page_CCSale/txt_UDF10'

2024-05-16 00:15:26 - [MESSAGE][PASSED] - Object: 'Object Repository/VLink/Page_CCSale/btn_ProcessVLinkTransaction' is clicked on

2024-05-16 00:15:31 - [MESSAGE][PASSED] - vlinkPages.saleCCPage.setDataSCC is PASSED

2024-05-16 00:15:31 - [TEST_STEP][PASSED] - if (verifyTextPresent(errorMsg, true)): null

2024-05-16 00:15:31 - [MESSAGE][PASSED] - Text 'card_exmo' is present on page  using regular expression

2024-05-16 00:15:31 - [TEST_STEP][PASSED] - println("Error Message is present on the Confirmation page"): null

2024-05-16 00:15:31 - [TEST_STEP][PASSED] - out.println("Pass Record Number: " + row): null

2024-05-16 00:15:31 - [TEST_STEP][PASSED] - resText = "Pass": null

2024-05-16 00:15:31 - [TEST_STEP][PASSED] - pages.WriteExcel.demoKey(resText, datText, resColumn, datCloumn, fileLoc, nameSheet, row): pages.WriteExcel.demoKey is PASSED

2024-05-16 00:15:31 - [MESSAGE][PASSED] - pages.WriteExcel.demoKey is PASSED

2024-05-16 00:15:31 - [TEST_STEP][PASSED] - sdfo = getText(findTestObject("Object Repository/Page_VLinkReceipt/pre_STX")): Text of object 'Object Repository/Page_VLinkReceipt/pre_STX' is: '<STX>nxi4bJ0hqdHw                                      2  Transaction failed                                20 Missing Parameter(s): card_exmo                                                            <ETX>'

2024-05-16 00:15:31 - [MESSAGE][PASSED] - Text of object 'Object Repository/Page_VLinkReceipt/pre_STX' is: '<STX>nxi4bJ0hqdHw                                      2  Transaction failed                                20 Missing Parameter(s): card_exmo                                                            <ETX>'

2024-05-16 00:15:31 - [TEST_STEP][PASSED] - out.println("sdfo: " + sdfo): null

2024-05-16 00:15:31 - [TEST_STEP][PASSED] - remID = substring(5, 35).trim(): null

2024-05-16 00:15:31 - [TEST_STEP][PASSED] - out.println("Remittance ID: " + remID): null

2024-05-16 00:15:31 - [TEST_STEP][PASSED] - traxID = substring(35, 55).trim(): null

2024-05-16 00:15:31 - [TEST_STEP][PASSED] - out.println("Transaction ID: " + traxID): null

2024-05-16 00:15:31 - [TEST_STEP][PASSED] - out.println("End Record Number: " + row): null

2024-05-16 00:15:31 - [TEST_STEP][PASSED] - closeBrowser(): Browser is closed

2024-05-16 00:15:33 - [MESSAGE][PASSED] - Browser is closed

2024-05-16 00:15:33 - [TEST_STEP][PASSED] - ExecuteTC = findTestData(dataFile).getValue("Execute", row): null

2024-05-16 00:15:33 - [TEST_STEP][PASSED] - out.println("Value of Execute is : " + ExecuteTC): null

2024-05-16 00:15:33 - [TEST_STEP][PASSED] - errorMsg = findTestData(dataFile).getValue("ErrorMsg", row): null

2024-05-16 00:15:33 - [TEST_STEP][PASSED] - if (ExecuteTC.equalsIgnoreCase("Y")): Browser is closed

2024-05-16 00:15:33 - [TEST_STEP][PASSED] - out.println("Begin Record Number: " + row): null

2024-05-16 00:15:33 - [TEST_STEP][PASSED] - today = new java.util.Date(): null

2024-05-16 00:15:33 - [TEST_STEP][PASSED] - println(today): null

2024-05-16 00:15:33 - [TEST_STEP][PASSED] - datText = today: null

2024-05-16 00:15:33 - [TEST_STEP][PASSED] - openBrowser(VLinkURL + "authcap.html"): Browser is opened with url: 'https://dev-algorithm.govolution.com/vlinktest/QA2/version_2_0/authcap.html'

2024-05-16 00:15:33 - [MESSAGE][INFO] - Starting 'Chrome' driver

2024-05-16 00:15:33 - [MESSAGE][INFO] - User set preference: ['acceptInsecureCerts', 'true']

2024-05-16 00:15:33 - [MESSAGE][INFO] - Action delay is set to 0 milliseconds

2024-05-16 00:15:35 - [MESSAGE][PASSED] - Browser is opened with url: 'https://dev-algorithm.govolution.com/vlinktest/QA2/version_2_0/authcap.html'

2024-05-16 00:15:35 - [TEST_STEP][PASSED] - maximizeWindow(): Current window maximized

2024-05-16 00:15:35 - [MESSAGE][PASSED] - Current window maximized

2024-05-16 00:15:35 - [TEST_STEP][PASSED] - vlinkPages.saleCCPage.setDataSCC(row, dataFile): vlinkPages.saleCCPage.setDataSCC is PASSED

2024-05-16 00:15:40 - [MESSAGE][PASSED] - Object 'Object Repository/VLink/Page_CCSale/txt_CardNumber' is present

2024-05-16 00:15:40 - [MESSAGE][PASSED] - Text '104' is set on object 'Object Repository/VLink/Page_CCSale/txt_TransactionType'

2024-05-16 00:15:41 - [MESSAGE][PASSED] - Text '2.0C' is set on object 'Object Repository/VLink/Page_CCSale/txt_MessageVersion'

2024-05-16 00:15:42 - [MESSAGE][PASSED] - Text '3zNWjNboR1Ae' is set on object 'Object Repository/VLink/Page_CCSale/txt_RemID'

2024-05-16 00:15:42 - [MESSAGE][PASSED] - Text '234' is set on object 'Object Repository/VLink/Page_CCSale/txt_ApplicationId'

2024-05-16 00:15:43 - [MESSAGE][PASSED] - Text 'username' is set on object 'Object Repository/VLink/Page_CCSale/txt_Username'

2024-05-16 00:15:44 - [MESSAGE][PASSED] - Text 'password' is set on object 'Object Repository/VLink/Page_CCSale/txt_Password'

2024-05-16 00:15:44 - [MESSAGE][PASSED] - Text 'fixed_width' is set on object 'Object Repository/VLink/Page_CCSale/txt_ResponseFormat'

2024-05-16 00:15:45 - [MESSAGE][PASSED] - Text 'MOTO' is set on object 'Object Repository/VLink/Page_CCSale/txt_Category'

2024-05-16 00:15:46 - [MESSAGE][PASSED] - Text '' is set on object 'Object Repository/VLink/Page_CCSale/txt_TransactionID'

2024-05-16 00:15:46 - [MESSAGE][PASSED] - Text '' is set on object 'Object Repository/VLink/Page_CCSale/txt_ApprovalCode'

2024-05-16 00:15:47 - [MESSAGE][PASSED] - Text 'Kris Roshan' is set on object 'Object Repository/VLink/Page_CCSale/txt_CardName'

2024-05-16 00:15:48 - [MESSAGE][PASSED] - Text '258 Elm Road' is set on object 'Object Repository/VLink/Page_CCSale/txt_AL1'

2024-05-16 00:15:48 - [MESSAGE][PASSED] - Text 'Suite 56' is set on object 'Object Repository/VLink/Page_CCSale/txt_AL2'

2024-05-16 00:15:49 - [MESSAGE][PASSED] - Text 'Arlington' is set on object 'Object Repository/VLink/Page_CCSale/txt_CardCity'

2024-05-16 00:15:50 - [MESSAGE][PASSED] - Text 'VA' is set on object 'Object Repository/VLink/Page_CCSale/txt_CardState'

2024-05-16 00:15:50 - [MESSAGE][PASSED] - Text '22201' is set on object 'Object Repository/VLink/Page_CCSale/txt_CardZIP'

2024-05-16 00:15:51 - [MESSAGE][PASSED] - Text '840' is set on object 'Object Repository/VLink/Page_CCSale/txt_CountryID'

2024-05-16 00:15:52 - [MESSAGE][PASSED] - Text '1.50' is set on object 'Object Repository/VLink/Page_CCSale/txt_Amount'

2024-05-16 00:15:52 - [MESSAGE][PASSED] - Text '4111111111111111' is set on object 'Object Repository/VLink/Page_CCSale/txt_CardNumber'

2024-05-16 00:15:53 - [MESSAGE][PASSED] - Text '' is set on object 'Object Repository/VLink/Page_CCSale/txt_ExpMonth'

2024-05-16 00:15:54 - [MESSAGE][PASSED] - Text '2025' is set on object 'Object Repository/VLink/Page_CCSale/txt_ExpYear'

2024-05-16 00:15:54 - [MESSAGE][PASSED] - Text '' is set on object 'Object Repository/VLink/Page_CCSale/txt_CVV'

2024-05-16 00:15:55 - [MESSAGE][PASSED] - Text '' is set on object 'Object Repository/VLink/Page_CCSale/txt_CVVstate'

2024-05-16 00:15:55 - [MESSAGE][PASSED] - Text '' is set on object 'Object Repository/VLink/Page_CCSale/txt_TrackData'

2024-05-16 00:15:56 - [MESSAGE][PASSED] - Text '' is set on object 'Object Repository/VLink/Page_CCSale/txt_Track1Data'

2024-05-16 00:15:57 - [MESSAGE][PASSED] - Text '' is set on object 'Object Repository/VLink/Page_CCSale/txt_Track2Data'

2024-05-16 00:15:57 - [MESSAGE][PASSED] - Text 'manual' is set on object 'Object Repository/VLink/Page_CCSale/txt_POSEntryMode'

2024-05-16 00:15:58 - [MESSAGE][PASSED] - Text 'iahmed@govolution.com' is set on object 'Object Repository/VLink/Page_CCSale/txt_Email'

2024-05-16 00:15:59 - [MESSAGE][PASSED] - Text '2569362' is set on object 'Object Repository/VLink/Page_CCSale/txt_OrderNumber'

2024-05-16 00:15:59 - [MESSAGE][PASSED] - Text '1.15' is set on object 'Object Repository/VLink/Page_CCSale/txt_TaxAmount'

2024-05-16 00:16:00 - [MESSAGE][PASSED] - Text 'Charge Description' is set on object 'Object Repository/VLink/Page_CCSale/txt_ChargeDescription'

2024-05-16 00:16:00 - [MESSAGE][PASSED] - Text '147357' is set on object 'Object Repository/VLink/Page_CCSale/txt_CAN'

2024-05-16 00:16:01 - [MESSAGE][PASSED] - Text '1' is set on object 'Object Repository/VLink/Page_CCSale/txt_BillPaymentIndicator'

2024-05-16 00:16:02 - [MESSAGE][PASSED] - Text 'UDF Data 1' is set on object 'Object Repository/VLink/Page_CCSale/txt_UDF1'

2024-05-16 00:16:02 - [MESSAGE][PASSED] - Text 'UDF Data 2' is set on object 'Object Repository/VLink/Page_CCSale/txt_UDF2'

2024-05-16 00:16:03 - [MESSAGE][PASSED] - Text 'UDF Data 3' is set on object 'Object Repository/VLink/Page_CCSale/txt_UDF3'

2024-05-16 00:16:04 - [MESSAGE][PASSED] - Text 'UDF Data 4' is set on object 'Object Repository/VLink/Page_CCSale/txt_UDF4'

2024-05-16 00:16:04 - [MESSAGE][PASSED] - Text 'UDF Data 5' is set on object 'Object Repository/VLink/Page_CCSale/txt_UDF5'

2024-05-16 00:16:05 - [MESSAGE][PASSED] - Text 'UDF Data 6' is set on object 'Object Repository/VLink/Page_CCSale/txt_UDF6'

2024-05-16 00:16:06 - [MESSAGE][PASSED] - Text 'UDF Data 7' is set on object 'Object Repository/VLink/Page_CCSale/txt_UDF7'

2024-05-16 00:16:06 - [MESSAGE][PASSED] - Text 'UDF Data 8' is set on object 'Object Repository/VLink/Page_CCSale/txt_UDF8'

2024-05-16 00:16:07 - [MESSAGE][PASSED] - Text 'UDF Data 9' is set on object 'Object Repository/VLink/Page_CCSale/txt_UDF9'

2024-05-16 00:16:07 - [MESSAGE][PASSED] - Text 'UDF Data 10' is set on object 'Object Repository/VLink/Page_CCSale/txt_UDF10'

2024-05-16 00:16:08 - [MESSAGE][PASSED] - Object: 'Object Repository/VLink/Page_CCSale/btn_ProcessVLinkTransaction' is clicked on

2024-05-16 00:16:13 - [MESSAGE][PASSED] - vlinkPages.saleCCPage.setDataSCC is PASSED

2024-05-16 00:16:13 - [TEST_STEP][PASSED] - if (verifyTextPresent(errorMsg, true)): null

2024-05-16 00:16:13 - [MESSAGE][PASSED] - Text 'card_exmo' is present on page  using regular expression

2024-05-16 00:16:13 - [TEST_STEP][PASSED] - println("Error Message is present on the Confirmation page"): null

2024-05-16 00:16:13 - [TEST_STEP][PASSED] - out.println("Pass Record Number: " + row): null

2024-05-16 00:16:13 - [TEST_STEP][PASSED] - resText = "Pass": null

2024-05-16 00:16:13 - [TEST_STEP][PASSED] - pages.WriteExcel.demoKey(resText, datText, resColumn, datCloumn, fileLoc, nameSheet, row): pages.WriteExcel.demoKey is PASSED

2024-05-16 00:16:14 - [MESSAGE][PASSED] - pages.WriteExcel.demoKey is PASSED

2024-05-16 00:16:14 - [TEST_STEP][PASSED] - sdfo = getText(findTestObject("Object Repository/Page_VLinkReceipt/pre_STX")): Text of object 'Object Repository/Page_VLinkReceipt/pre_STX' is: '<STX>3zNWjNboR1Ae                                      2  Transaction failed                                20 Missing Parameter(s): card_exmo                                                            <ETX>'

2024-05-16 00:16:14 - [MESSAGE][PASSED] - Text of object 'Object Repository/Page_VLinkReceipt/pre_STX' is: '<STX>3zNWjNboR1Ae                                      2  Transaction failed                                20 Missing Parameter(s): card_exmo                                                            <ETX>'

2024-05-16 00:16:14 - [TEST_STEP][PASSED] - out.println("sdfo: " + sdfo): null

2024-05-16 00:16:14 - [TEST_STEP][PASSED] - remID = substring(5, 35).trim(): null

2024-05-16 00:16:14 - [TEST_STEP][PASSED] - out.println("Remittance ID: " + remID): null

2024-05-16 00:16:14 - [TEST_STEP][PASSED] - traxID = substring(35, 55).trim(): null

2024-05-16 00:16:14 - [TEST_STEP][PASSED] - out.println("Transaction ID: " + traxID): null

2024-05-16 00:16:14 - [TEST_STEP][PASSED] - out.println("End Record Number: " + row): null

2024-05-16 00:16:14 - [TEST_STEP][PASSED] - closeBrowser(): Browser is closed

2024-05-16 00:16:15 - [MESSAGE][PASSED] - Browser is closed

2024-05-16 00:16:15 - [TEST_STEP][PASSED] - ExecuteTC = findTestData(dataFile).getValue("Execute", row): null

2024-05-16 00:16:15 - [TEST_STEP][PASSED] - out.println("Value of Execute is : " + ExecuteTC): null

2024-05-16 00:16:15 - [TEST_STEP][PASSED] - errorMsg = findTestData(dataFile).getValue("ErrorMsg", row): null

2024-05-16 00:16:15 - [TEST_STEP][PASSED] - if (ExecuteTC.equalsIgnoreCase("Y")): Browser is closed

2024-05-16 00:16:15 - [TEST_STEP][PASSED] - out.println("Begin Record Number: " + row): null

2024-05-16 00:16:15 - [TEST_STEP][PASSED] - today = new java.util.Date(): null

2024-05-16 00:16:15 - [TEST_STEP][PASSED] - println(today): null

2024-05-16 00:16:15 - [TEST_STEP][PASSED] - datText = today: null

2024-05-16 00:16:15 - [TEST_STEP][PASSED] - openBrowser(VLinkURL + "authcap.html"): Browser is opened with url: 'https://dev-algorithm.govolution.com/vlinktest/QA2/version_2_0/authcap.html'

2024-05-16 00:16:15 - [MESSAGE][INFO] - Starting 'Chrome' driver

2024-05-16 00:16:15 - [MESSAGE][INFO] - User set preference: ['acceptInsecureCerts', 'true']

2024-05-16 00:16:15 - [MESSAGE][INFO] - Action delay is set to 0 milliseconds

2024-05-16 00:16:18 - [MESSAGE][PASSED] - Browser is opened with url: 'https://dev-algorithm.govolution.com/vlinktest/QA2/version_2_0/authcap.html'

2024-05-16 00:16:18 - [TEST_STEP][PASSED] - maximizeWindow(): Current window maximized

2024-05-16 00:16:18 - [MESSAGE][PASSED] - Current window maximized

2024-05-16 00:16:18 - [TEST_STEP][PASSED] - vlinkPages.saleCCPage.setDataSCC(row, dataFile): vlinkPages.saleCCPage.setDataSCC is PASSED

2024-05-16 00:16:22 - [MESSAGE][PASSED] - Object 'Object Repository/VLink/Page_CCSale/txt_CardNumber' is present

2024-05-16 00:16:23 - [MESSAGE][PASSED] - Text '104' is set on object 'Object Repository/VLink/Page_CCSale/txt_TransactionType'

2024-05-16 00:16:24 - [MESSAGE][PASSED] - Text '2.0C' is set on object 'Object Repository/VLink/Page_CCSale/txt_MessageVersion'

2024-05-16 00:16:24 - [MESSAGE][PASSED] - Text 'ziorK0qeXSei' is set on object 'Object Repository/VLink/Page_CCSale/txt_RemID'

2024-05-16 00:16:25 - [MESSAGE][PASSED] - Text '234' is set on object 'Object Repository/VLink/Page_CCSale/txt_ApplicationId'

2024-05-16 00:16:26 - [MESSAGE][PASSED] - Text 'username' is set on object 'Object Repository/VLink/Page_CCSale/txt_Username'

2024-05-16 00:16:26 - [MESSAGE][PASSED] - Text 'password' is set on object 'Object Repository/VLink/Page_CCSale/txt_Password'

2024-05-16 00:16:27 - [MESSAGE][PASSED] - Text 'fixed_width' is set on object 'Object Repository/VLink/Page_CCSale/txt_ResponseFormat'

2024-05-16 00:16:28 - [MESSAGE][PASSED] - Text 'RETL' is set on object 'Object Repository/VLink/Page_CCSale/txt_Category'

2024-05-16 00:16:28 - [MESSAGE][PASSED] - Text '' is set on object 'Object Repository/VLink/Page_CCSale/txt_TransactionID'

2024-05-16 00:16:29 - [MESSAGE][PASSED] - Text '' is set on object 'Object Repository/VLink/Page_CCSale/txt_ApprovalCode'

2024-05-16 00:16:30 - [MESSAGE][PASSED] - Text 'Kris Roshan' is set on object 'Object Repository/VLink/Page_CCSale/txt_CardName'

2024-05-16 00:16:30 - [MESSAGE][PASSED] - Text '258 Elm Road' is set on object 'Object Repository/VLink/Page_CCSale/txt_AL1'

2024-05-16 00:16:31 - [MESSAGE][PASSED] - Text 'Suite 56' is set on object 'Object Repository/VLink/Page_CCSale/txt_AL2'

2024-05-16 00:16:32 - [MESSAGE][PASSED] - Text 'Arlington' is set on object 'Object Repository/VLink/Page_CCSale/txt_CardCity'

2024-05-16 00:16:32 - [MESSAGE][PASSED] - Text 'VA' is set on object 'Object Repository/VLink/Page_CCSale/txt_CardState'

2024-05-16 00:16:33 - [MESSAGE][PASSED] - Text '22201' is set on object 'Object Repository/VLink/Page_CCSale/txt_CardZIP'

2024-05-16 00:16:34 - [MESSAGE][PASSED] - Text '840' is set on object 'Object Repository/VLink/Page_CCSale/txt_CountryID'

2024-05-16 00:16:34 - [MESSAGE][PASSED] - Text '1.50' is set on object 'Object Repository/VLink/Page_CCSale/txt_Amount'

2024-05-16 00:16:35 - [MESSAGE][PASSED] - Text '4111111111111111' is set on object 'Object Repository/VLink/Page_CCSale/txt_CardNumber'

2024-05-16 00:16:35 - [MESSAGE][PASSED] - Text '' is set on object 'Object Repository/VLink/Page_CCSale/txt_ExpMonth'

2024-05-16 00:16:36 - [MESSAGE][PASSED] - Text '2025' is set on object 'Object Repository/VLink/Page_CCSale/txt_ExpYear'

2024-05-16 00:16:37 - [MESSAGE][PASSED] - Text '' is set on object 'Object Repository/VLink/Page_CCSale/txt_CVV'

2024-05-16 00:16:37 - [MESSAGE][PASSED] - Text '' is set on object 'Object Repository/VLink/Page_CCSale/txt_CVVstate'

2024-05-16 00:16:38 - [MESSAGE][PASSED] - Text '' is set on object 'Object Repository/VLink/Page_CCSale/txt_TrackData'

2024-05-16 00:16:39 - [MESSAGE][PASSED] - Text '' is set on object 'Object Repository/VLink/Page_CCSale/txt_Track1Data'

2024-05-16 00:16:39 - [MESSAGE][PASSED] - Text '' is set on object 'Object Repository/VLink/Page_CCSale/txt_Track2Data'

2024-05-16 00:16:40 - [MESSAGE][PASSED] - Text 'manual' is set on object 'Object Repository/VLink/Page_CCSale/txt_POSEntryMode'

2024-05-16 00:16:40 - [MESSAGE][PASSED] - Text 'iahmed@govolution.com' is set on object 'Object Repository/VLink/Page_CCSale/txt_Email'

2024-05-16 00:16:41 - [MESSAGE][PASSED] - Text '2569362' is set on object 'Object Repository/VLink/Page_CCSale/txt_OrderNumber'

2024-05-16 00:16:42 - [MESSAGE][PASSED] - Text '1.15' is set on object 'Object Repository/VLink/Page_CCSale/txt_TaxAmount'

2024-05-16 00:16:42 - [MESSAGE][PASSED] - Text 'Charge Description' is set on object 'Object Repository/VLink/Page_CCSale/txt_ChargeDescription'

2024-05-16 00:16:43 - [MESSAGE][PASSED] - Text '147357' is set on object 'Object Repository/VLink/Page_CCSale/txt_CAN'

2024-05-16 00:16:44 - [MESSAGE][PASSED] - Text '1' is set on object 'Object Repository/VLink/Page_CCSale/txt_BillPaymentIndicator'

2024-05-16 00:16:44 - [MESSAGE][PASSED] - Text 'UDF Data 1' is set on object 'Object Repository/VLink/Page_CCSale/txt_UDF1'

2024-05-16 00:16:45 - [MESSAGE][PASSED] - Text 'UDF Data 2' is set on object 'Object Repository/VLink/Page_CCSale/txt_UDF2'

2024-05-16 00:16:46 - [MESSAGE][PASSED] - Text 'UDF Data 3' is set on object 'Object Repository/VLink/Page_CCSale/txt_UDF3'

2024-05-16 00:16:46 - [MESSAGE][PASSED] - Text 'UDF Data 4' is set on object 'Object Repository/VLink/Page_CCSale/txt_UDF4'

2024-05-16 00:16:47 - [MESSAGE][PASSED] - Text 'UDF Data 5' is set on object 'Object Repository/VLink/Page_CCSale/txt_UDF5'

2024-05-16 00:16:47 - [MESSAGE][PASSED] - Text 'UDF Data 6' is set on object 'Object Repository/VLink/Page_CCSale/txt_UDF6'

2024-05-16 00:16:48 - [MESSAGE][PASSED] - Text 'UDF Data 7' is set on object 'Object Repository/VLink/Page_CCSale/txt_UDF7'

2024-05-16 00:16:49 - [MESSAGE][PASSED] - Text 'UDF Data 8' is set on object 'Object Repository/VLink/Page_CCSale/txt_UDF8'

2024-05-16 00:16:49 - [MESSAGE][PASSED] - Text 'UDF Data 9' is set on object 'Object Repository/VLink/Page_CCSale/txt_UDF9'

2024-05-16 00:16:50 - [MESSAGE][PASSED] - Text 'UDF Data 10' is set on object 'Object Repository/VLink/Page_CCSale/txt_UDF10'

2024-05-16 00:16:51 - [MESSAGE][PASSED] - Object: 'Object Repository/VLink/Page_CCSale/btn_ProcessVLinkTransaction' is clicked on

2024-05-16 00:16:56 - [MESSAGE][PASSED] - vlinkPages.saleCCPage.setDataSCC is PASSED

2024-05-16 00:16:56 - [TEST_STEP][PASSED] - if (verifyTextPresent(errorMsg, true)): null

2024-05-16 00:16:56 - [MESSAGE][PASSED] - Text 'card_exmo' is present on page  using regular expression

2024-05-16 00:16:56 - [TEST_STEP][PASSED] - println("Error Message is present on the Confirmation page"): null

2024-05-16 00:16:56 - [TEST_STEP][PASSED] - out.println("Pass Record Number: " + row): null

2024-05-16 00:16:56 - [TEST_STEP][PASSED] - resText = "Pass": null

2024-05-16 00:16:56 - [TEST_STEP][PASSED] - pages.WriteExcel.demoKey(resText, datText, resColumn, datCloumn, fileLoc, nameSheet, row): pages.WriteExcel.demoKey is PASSED

2024-05-16 00:16:56 - [MESSAGE][PASSED] - pages.WriteExcel.demoKey is PASSED

2024-05-16 00:16:56 - [TEST_STEP][PASSED] - sdfo = getText(findTestObject("Object Repository/Page_VLinkReceipt/pre_STX")): Text of object 'Object Repository/Page_VLinkReceipt/pre_STX' is: '<STX>ziorK0qeXSei                                      2  Transaction failed                                20 Missing Parameter(s): card_exmo                                                            <ETX>'

2024-05-16 00:16:56 - [MESSAGE][PASSED] - Text of object 'Object Repository/Page_VLinkReceipt/pre_STX' is: '<STX>ziorK0qeXSei                                      2  Transaction failed                                20 Missing Parameter(s): card_exmo                                                            <ETX>'

2024-05-16 00:16:56 - [TEST_STEP][PASSED] - out.println("sdfo: " + sdfo): null

2024-05-16 00:16:56 - [TEST_STEP][PASSED] - remID = substring(5, 35).trim(): null

2024-05-16 00:16:56 - [TEST_STEP][PASSED] - out.println("Remittance ID: " + remID): null

2024-05-16 00:16:56 - [TEST_STEP][PASSED] - traxID = substring(35, 55).trim(): null

2024-05-16 00:16:56 - [TEST_STEP][PASSED] - out.println("Transaction ID: " + traxID): null

2024-05-16 00:16:56 - [TEST_STEP][PASSED] - out.println("End Record Number: " + row): null

2024-05-16 00:16:56 - [TEST_STEP][PASSED] - closeBrowser(): Browser is closed

2024-05-16 00:16:58 - [MESSAGE][PASSED] - Browser is closed

2024-05-16 00:16:58 - [TEST_STEP][PASSED] - ExecuteTC = findTestData(dataFile).getValue("Execute", row): null

2024-05-16 00:16:58 - [TEST_STEP][PASSED] - out.println("Value of Execute is : " + ExecuteTC): null

2024-05-16 00:16:58 - [TEST_STEP][PASSED] - errorMsg = findTestData(dataFile).getValue("ErrorMsg", row): null

2024-05-16 00:16:58 - [TEST_STEP][PASSED] - if (ExecuteTC.equalsIgnoreCase("Y")): Browser is closed

2024-05-16 00:16:58 - [TEST_STEP][PASSED] - out.println("Begin Record Number: " + row): null

2024-05-16 00:16:58 - [TEST_STEP][PASSED] - today = new java.util.Date(): null

2024-05-16 00:16:58 - [TEST_STEP][PASSED] - println(today): null

2024-05-16 00:16:58 - [TEST_STEP][PASSED] - datText = today: null

2024-05-16 00:16:58 - [TEST_STEP][PASSED] - openBrowser(VLinkURL + "authcap.html"): Browser is opened with url: 'https://dev-algorithm.govolution.com/vlinktest/QA2/version_2_0/authcap.html'

2024-05-16 00:16:58 - [MESSAGE][INFO] - Starting 'Chrome' driver

2024-05-16 00:16:58 - [MESSAGE][INFO] - User set preference: ['acceptInsecureCerts', 'true']

2024-05-16 00:16:58 - [MESSAGE][INFO] - Action delay is set to 0 milliseconds

2024-05-16 00:17:00 - [MESSAGE][PASSED] - Browser is opened with url: 'https://dev-algorithm.govolution.com/vlinktest/QA2/version_2_0/authcap.html'

2024-05-16 00:17:00 - [TEST_STEP][PASSED] - maximizeWindow(): Current window maximized

2024-05-16 00:17:00 - [MESSAGE][PASSED] - Current window maximized

2024-05-16 00:17:00 - [TEST_STEP][PASSED] - vlinkPages.saleCCPage.setDataSCC(row, dataFile): vlinkPages.saleCCPage.setDataSCC is PASSED

2024-05-16 00:17:05 - [MESSAGE][PASSED] - Object 'Object Repository/VLink/Page_CCSale/txt_CardNumber' is present

2024-05-16 00:17:06 - [MESSAGE][PASSED] - Text '104' is set on object 'Object Repository/VLink/Page_CCSale/txt_TransactionType'

2024-05-16 00:17:06 - [MESSAGE][PASSED] - Text '2.0C' is set on object 'Object Repository/VLink/Page_CCSale/txt_MessageVersion'

2024-05-16 00:17:07 - [MESSAGE][PASSED] - Text 'RPtZsOjzkGab' is set on object 'Object Repository/VLink/Page_CCSale/txt_RemID'

2024-05-16 00:17:08 - [MESSAGE][PASSED] - Text '234' is set on object 'Object Repository/VLink/Page_CCSale/txt_ApplicationId'

2024-05-16 00:17:08 - [MESSAGE][PASSED] - Text 'username' is set on object 'Object Repository/VLink/Page_CCSale/txt_Username'

2024-05-16 00:17:09 - [MESSAGE][PASSED] - Text 'password' is set on object 'Object Repository/VLink/Page_CCSale/txt_Password'

2024-05-16 00:17:10 - [MESSAGE][PASSED] - Text 'fixed_width' is set on object 'Object Repository/VLink/Page_CCSale/txt_ResponseFormat'

2024-05-16 00:17:10 - [MESSAGE][PASSED] - Text 'ECOM' is set on object 'Object Repository/VLink/Page_CCSale/txt_Category'

2024-05-16 00:17:11 - [MESSAGE][PASSED] - Text '' is set on object 'Object Repository/VLink/Page_CCSale/txt_TransactionID'

2024-05-16 00:17:12 - [MESSAGE][PASSED] - Text '' is set on object 'Object Repository/VLink/Page_CCSale/txt_ApprovalCode'

2024-05-16 00:17:12 - [MESSAGE][PASSED] - Text 'Kris Roshan' is set on object 'Object Repository/VLink/Page_CCSale/txt_CardName'

2024-05-16 00:17:13 - [MESSAGE][PASSED] - Text '258 Elm Road' is set on object 'Object Repository/VLink/Page_CCSale/txt_AL1'

2024-05-16 00:17:14 - [MESSAGE][PASSED] - Text 'Suite 56' is set on object 'Object Repository/VLink/Page_CCSale/txt_AL2'

2024-05-16 00:17:14 - [MESSAGE][PASSED] - Text 'Arlington' is set on object 'Object Repository/VLink/Page_CCSale/txt_CardCity'

2024-05-16 00:17:15 - [MESSAGE][PASSED] - Text 'VA' is set on object 'Object Repository/VLink/Page_CCSale/txt_CardState'

2024-05-16 00:17:16 - [MESSAGE][PASSED] - Text '22201' is set on object 'Object Repository/VLink/Page_CCSale/txt_CardZIP'

2024-05-16 00:17:16 - [MESSAGE][PASSED] - Text '840' is set on object 'Object Repository/VLink/Page_CCSale/txt_CountryID'

2024-05-16 00:17:17 - [MESSAGE][PASSED] - Text '1.50' is set on object 'Object Repository/VLink/Page_CCSale/txt_Amount'

2024-05-16 00:17:18 - [MESSAGE][PASSED] - Text '4111111111111111' is set on object 'Object Repository/VLink/Page_CCSale/txt_CardNumber'

2024-05-16 00:17:18 - [MESSAGE][PASSED] - Text '12' is set on object 'Object Repository/VLink/Page_CCSale/txt_ExpMonth'

2024-05-16 00:17:19 - [MESSAGE][PASSED] - Text '' is set on object 'Object Repository/VLink/Page_CCSale/txt_ExpYear'

2024-05-16 00:17:20 - [MESSAGE][PASSED] - Text '' is set on object 'Object Repository/VLink/Page_CCSale/txt_CVV'

2024-05-16 00:17:20 - [MESSAGE][PASSED] - Text '' is set on object 'Object Repository/VLink/Page_CCSale/txt_CVVstate'

2024-05-16 00:17:21 - [MESSAGE][PASSED] - Text '' is set on object 'Object Repository/VLink/Page_CCSale/txt_TrackData'

2024-05-16 00:17:21 - [MESSAGE][PASSED] - Text '' is set on object 'Object Repository/VLink/Page_CCSale/txt_Track1Data'

2024-05-16 00:17:22 - [MESSAGE][PASSED] - Text '' is set on object 'Object Repository/VLink/Page_CCSale/txt_Track2Data'

2024-05-16 00:17:23 - [MESSAGE][PASSED] - Text 'manual' is set on object 'Object Repository/VLink/Page_CCSale/txt_POSEntryMode'

2024-05-16 00:17:23 - [MESSAGE][PASSED] - Text 'iahmed@govolution.com' is set on object 'Object Repository/VLink/Page_CCSale/txt_Email'

2024-05-16 00:17:24 - [MESSAGE][PASSED] - Text '2569362' is set on object 'Object Repository/VLink/Page_CCSale/txt_OrderNumber'

2024-05-16 00:17:25 - [MESSAGE][PASSED] - Text '1.15' is set on object 'Object Repository/VLink/Page_CCSale/txt_TaxAmount'

2024-05-16 00:17:25 - [MESSAGE][PASSED] - Text 'Charge Description' is set on object 'Object Repository/VLink/Page_CCSale/txt_ChargeDescription'

2024-05-16 00:17:26 - [MESSAGE][PASSED] - Text '147357' is set on object 'Object Repository/VLink/Page_CCSale/txt_CAN'

2024-05-16 00:17:26 - [MESSAGE][PASSED] - Text '1' is set on object 'Object Repository/VLink/Page_CCSale/txt_BillPaymentIndicator'

2024-05-16 00:17:27 - [MESSAGE][PASSED] - Text 'UDF Data 1' is set on object 'Object Repository/VLink/Page_CCSale/txt_UDF1'

2024-05-16 00:17:28 - [MESSAGE][PASSED] - Text 'UDF Data 2' is set on object 'Object Repository/VLink/Page_CCSale/txt_UDF2'

2024-05-16 00:17:28 - [MESSAGE][PASSED] - Text 'UDF Data 3' is set on object 'Object Repository/VLink/Page_CCSale/txt_UDF3'

2024-05-16 00:17:29 - [MESSAGE][PASSED] - Text 'UDF Data 4' is set on object 'Object Repository/VLink/Page_CCSale/txt_UDF4'

2024-05-16 00:17:30 - [MESSAGE][PASSED] - Text 'UDF Data 5' is set on object 'Object Repository/VLink/Page_CCSale/txt_UDF5'

2024-05-16 00:17:30 - [MESSAGE][PASSED] - Text 'UDF Data 6' is set on object 'Object Repository/VLink/Page_CCSale/txt_UDF6'

2024-05-16 00:17:31 - [MESSAGE][PASSED] - Text 'UDF Data 7' is set on object 'Object Repository/VLink/Page_CCSale/txt_UDF7'

2024-05-16 00:17:31 - [MESSAGE][PASSED] - Text 'UDF Data 8' is set on object 'Object Repository/VLink/Page_CCSale/txt_UDF8'

2024-05-16 00:17:32 - [MESSAGE][PASSED] - Text 'UDF Data 9' is set on object 'Object Repository/VLink/Page_CCSale/txt_UDF9'

2024-05-16 00:17:33 - [MESSAGE][PASSED] - Text 'UDF Data 10' is set on object 'Object Repository/VLink/Page_CCSale/txt_UDF10'

2024-05-16 00:17:33 - [MESSAGE][PASSED] - Object: 'Object Repository/VLink/Page_CCSale/btn_ProcessVLinkTransaction' is clicked on

2024-05-16 00:17:38 - [MESSAGE][PASSED] - vlinkPages.saleCCPage.setDataSCC is PASSED

2024-05-16 00:17:38 - [TEST_STEP][PASSED] - if (verifyTextPresent(errorMsg, true)): null

2024-05-16 00:17:39 - [MESSAGE][PASSED] - Text 'card_exyr' is present on page  using regular expression

2024-05-16 00:17:39 - [TEST_STEP][PASSED] - println("Error Message is present on the Confirmation page"): null

2024-05-16 00:17:39 - [TEST_STEP][PASSED] - out.println("Pass Record Number: " + row): null

2024-05-16 00:17:39 - [TEST_STEP][PASSED] - resText = "Pass": null

2024-05-16 00:17:39 - [TEST_STEP][PASSED] - pages.WriteExcel.demoKey(resText, datText, resColumn, datCloumn, fileLoc, nameSheet, row): pages.WriteExcel.demoKey is PASSED

2024-05-16 00:17:39 - [MESSAGE][PASSED] - pages.WriteExcel.demoKey is PASSED

2024-05-16 00:17:39 - [TEST_STEP][PASSED] - sdfo = getText(findTestObject("Object Repository/Page_VLinkReceipt/pre_STX")): Text of object 'Object Repository/Page_VLinkReceipt/pre_STX' is: '<STX>RPtZsOjzkGab                                      2  Transaction failed                                20 Missing Parameter(s): card_exyr                                                            <ETX>'

2024-05-16 00:17:39 - [MESSAGE][PASSED] - Text of object 'Object Repository/Page_VLinkReceipt/pre_STX' is: '<STX>RPtZsOjzkGab                                      2  Transaction failed                                20 Missing Parameter(s): card_exyr                                                            <ETX>'

2024-05-16 00:17:39 - [TEST_STEP][PASSED] - out.println("sdfo: " + sdfo): null

2024-05-16 00:17:39 - [TEST_STEP][PASSED] - remID = substring(5, 35).trim(): null

2024-05-16 00:17:39 - [TEST_STEP][PASSED] - out.println("Remittance ID: " + remID): null

2024-05-16 00:17:39 - [TEST_STEP][PASSED] - traxID = substring(35, 55).trim(): null

2024-05-16 00:17:39 - [TEST_STEP][PASSED] - out.println("Transaction ID: " + traxID): null

2024-05-16 00:17:39 - [TEST_STEP][PASSED] - out.println("End Record Number: " + row): null

2024-05-16 00:17:39 - [TEST_STEP][PASSED] - closeBrowser(): Browser is closed

2024-05-16 00:17:41 - [MESSAGE][PASSED] - Browser is closed

2024-05-16 00:17:41 - [TEST_STEP][PASSED] - ExecuteTC = findTestData(dataFile).getValue("Execute", row): null

2024-05-16 00:17:41 - [TEST_STEP][PASSED] - out.println("Value of Execute is : " + ExecuteTC): null

2024-05-16 00:17:41 - [TEST_STEP][PASSED] - errorMsg = findTestData(dataFile).getValue("ErrorMsg", row): null

2024-05-16 00:17:41 - [TEST_STEP][PASSED] - if (ExecuteTC.equalsIgnoreCase("Y")): Browser is closed

2024-05-16 00:17:41 - [TEST_STEP][PASSED] - out.println("Begin Record Number: " + row): null

2024-05-16 00:17:41 - [TEST_STEP][PASSED] - today = new java.util.Date(): null

2024-05-16 00:17:41 - [TEST_STEP][PASSED] - println(today): null

2024-05-16 00:17:41 - [TEST_STEP][PASSED] - datText = today: null

2024-05-16 00:17:41 - [TEST_STEP][PASSED] - openBrowser(VLinkURL + "authcap.html"): Browser is opened with url: 'https://dev-algorithm.govolution.com/vlinktest/QA2/version_2_0/authcap.html'

2024-05-16 00:17:41 - [MESSAGE][INFO] - Starting 'Chrome' driver

2024-05-16 00:17:41 - [MESSAGE][INFO] - User set preference: ['acceptInsecureCerts', 'true']

2024-05-16 00:17:41 - [MESSAGE][INFO] - Action delay is set to 0 milliseconds

2024-05-16 00:17:43 - [MESSAGE][PASSED] - Browser is opened with url: 'https://dev-algorithm.govolution.com/vlinktest/QA2/version_2_0/authcap.html'

2024-05-16 00:17:43 - [TEST_STEP][PASSED] - maximizeWindow(): Current window maximized

2024-05-16 00:17:43 - [MESSAGE][PASSED] - Current window maximized

2024-05-16 00:17:43 - [TEST_STEP][PASSED] - vlinkPages.saleCCPage.setDataSCC(row, dataFile): vlinkPages.saleCCPage.setDataSCC is PASSED

2024-05-16 00:17:48 - [MESSAGE][PASSED] - Object 'Object Repository/VLink/Page_CCSale/txt_CardNumber' is present

2024-05-16 00:17:48 - [MESSAGE][PASSED] - Text '104' is set on object 'Object Repository/VLink/Page_CCSale/txt_TransactionType'

2024-05-16 00:17:49 - [MESSAGE][PASSED] - Text '2.0C' is set on object 'Object Repository/VLink/Page_CCSale/txt_MessageVersion'

2024-05-16 00:17:50 - [MESSAGE][PASSED] - Text 'kVrHrK8MoqCp' is set on object 'Object Repository/VLink/Page_CCSale/txt_RemID'

2024-05-16 00:17:50 - [MESSAGE][PASSED] - Text '234' is set on object 'Object Repository/VLink/Page_CCSale/txt_ApplicationId'

2024-05-16 00:17:51 - [MESSAGE][PASSED] - Text 'username' is set on object 'Object Repository/VLink/Page_CCSale/txt_Username'

2024-05-16 00:17:52 - [MESSAGE][PASSED] - Text 'password' is set on object 'Object Repository/VLink/Page_CCSale/txt_Password'

2024-05-16 00:17:52 - [MESSAGE][PASSED] - Text 'fixed_width' is set on object 'Object Repository/VLink/Page_CCSale/txt_ResponseFormat'

2024-05-16 00:17:53 - [MESSAGE][PASSED] - Text 'MOTO' is set on object 'Object Repository/VLink/Page_CCSale/txt_Category'

2024-05-16 00:17:54 - [MESSAGE][PASSED] - Text '' is set on object 'Object Repository/VLink/Page_CCSale/txt_TransactionID'

2024-05-16 00:17:54 - [MESSAGE][PASSED] - Text '' is set on object 'Object Repository/VLink/Page_CCSale/txt_ApprovalCode'

2024-05-16 00:17:55 - [MESSAGE][PASSED] - Text 'Kris Roshan' is set on object 'Object Repository/VLink/Page_CCSale/txt_CardName'

2024-05-16 00:17:56 - [MESSAGE][PASSED] - Text '258 Elm Road' is set on object 'Object Repository/VLink/Page_CCSale/txt_AL1'

2024-05-16 00:17:56 - [MESSAGE][PASSED] - Text 'Suite 56' is set on object 'Object Repository/VLink/Page_CCSale/txt_AL2'

2024-05-16 00:17:57 - [MESSAGE][PASSED] - Text 'Arlington' is set on object 'Object Repository/VLink/Page_CCSale/txt_CardCity'

2024-05-16 00:17:58 - [MESSAGE][PASSED] - Text 'VA' is set on object 'Object Repository/VLink/Page_CCSale/txt_CardState'

2024-05-16 00:17:58 - [MESSAGE][PASSED] - Text '22201' is set on object 'Object Repository/VLink/Page_CCSale/txt_CardZIP'

2024-05-16 00:17:59 - [MESSAGE][PASSED] - Text '840' is set on object 'Object Repository/VLink/Page_CCSale/txt_CountryID'

2024-05-16 00:18:00 - [MESSAGE][PASSED] - Text '1.50' is set on object 'Object Repository/VLink/Page_CCSale/txt_Amount'

2024-05-16 00:18:00 - [MESSAGE][PASSED] - Text '4111111111111111' is set on object 'Object Repository/VLink/Page_CCSale/txt_CardNumber'

2024-05-16 00:18:01 - [MESSAGE][PASSED] - Text '12' is set on object 'Object Repository/VLink/Page_CCSale/txt_ExpMonth'

2024-05-16 00:18:01 - [MESSAGE][PASSED] - Text '' is set on object 'Object Repository/VLink/Page_CCSale/txt_ExpYear'

2024-05-16 00:18:02 - [MESSAGE][PASSED] - Text '' is set on object 'Object Repository/VLink/Page_CCSale/txt_CVV'

2024-05-16 00:18:03 - [MESSAGE][PASSED] - Text '' is set on object 'Object Repository/VLink/Page_CCSale/txt_CVVstate'

2024-05-16 00:18:03 - [MESSAGE][PASSED] - Text '' is set on object 'Object Repository/VLink/Page_CCSale/txt_TrackData'

2024-05-16 00:18:04 - [MESSAGE][PASSED] - Text '' is set on object 'Object Repository/VLink/Page_CCSale/txt_Track1Data'

2024-05-16 00:18:05 - [MESSAGE][PASSED] - Text '' is set on object 'Object Repository/VLink/Page_CCSale/txt_Track2Data'

2024-05-16 00:18:05 - [MESSAGE][PASSED] - Text 'manual' is set on object 'Object Repository/VLink/Page_CCSale/txt_POSEntryMode'

2024-05-16 00:18:06 - [MESSAGE][PASSED] - Text 'iahmed@govolution.com' is set on object 'Object Repository/VLink/Page_CCSale/txt_Email'

2024-05-16 00:18:06 - [MESSAGE][PASSED] - Text '2569362' is set on object 'Object Repository/VLink/Page_CCSale/txt_OrderNumber'

2024-05-16 00:18:07 - [MESSAGE][PASSED] - Text '1.15' is set on object 'Object Repository/VLink/Page_CCSale/txt_TaxAmount'

2024-05-16 00:18:08 - [MESSAGE][PASSED] - Text 'Charge Description' is set on object 'Object Repository/VLink/Page_CCSale/txt_ChargeDescription'

2024-05-16 00:18:08 - [MESSAGE][PASSED] - Text '147357' is set on object 'Object Repository/VLink/Page_CCSale/txt_CAN'

2024-05-16 00:18:09 - [MESSAGE][PASSED] - Text '1' is set on object 'Object Repository/VLink/Page_CCSale/txt_BillPaymentIndicator'

2024-05-16 00:18:10 - [MESSAGE][PASSED] - Text 'UDF Data 1' is set on object 'Object Repository/VLink/Page_CCSale/txt_UDF1'

2024-05-16 00:18:10 - [MESSAGE][PASSED] - Text 'UDF Data 2' is set on object 'Object Repository/VLink/Page_CCSale/txt_UDF2'

2024-05-16 00:18:11 - [MESSAGE][PASSED] - Text 'UDF Data 3' is set on object 'Object Repository/VLink/Page_CCSale/txt_UDF3'

2024-05-16 00:18:12 - [MESSAGE][PASSED] - Text 'UDF Data 4' is set on object 'Object Repository/VLink/Page_CCSale/txt_UDF4'

2024-05-16 00:18:12 - [MESSAGE][PASSED] - Text 'UDF Data 5' is set on object 'Object Repository/VLink/Page_CCSale/txt_UDF5'

2024-05-16 00:18:13 - [MESSAGE][PASSED] - Text 'UDF Data 6' is set on object 'Object Repository/VLink/Page_CCSale/txt_UDF6'

2024-05-16 00:18:13 - [MESSAGE][PASSED] - Text 'UDF Data 7' is set on object 'Object Repository/VLink/Page_CCSale/txt_UDF7'

2024-05-16 00:18:14 - [MESSAGE][PASSED] - Text 'UDF Data 8' is set on object 'Object Repository/VLink/Page_CCSale/txt_UDF8'

2024-05-16 00:18:15 - [MESSAGE][PASSED] - Text 'UDF Data 9' is set on object 'Object Repository/VLink/Page_CCSale/txt_UDF9'

2024-05-16 00:18:15 - [MESSAGE][PASSED] - Text 'UDF Data 10' is set on object 'Object Repository/VLink/Page_CCSale/txt_UDF10'

2024-05-16 00:18:16 - [MESSAGE][PASSED] - Object: 'Object Repository/VLink/Page_CCSale/btn_ProcessVLinkTransaction' is clicked on

2024-05-16 00:18:21 - [MESSAGE][PASSED] - vlinkPages.saleCCPage.setDataSCC is PASSED

2024-05-16 00:18:21 - [TEST_STEP][PASSED] - if (verifyTextPresent(errorMsg, true)): null

2024-05-16 00:18:21 - [MESSAGE][PASSED] - Text 'card_exyr' is present on page  using regular expression

2024-05-16 00:18:21 - [TEST_STEP][PASSED] - println("Error Message is present on the Confirmation page"): null

2024-05-16 00:18:21 - [TEST_STEP][PASSED] - out.println("Pass Record Number: " + row): null

2024-05-16 00:18:21 - [TEST_STEP][PASSED] - resText = "Pass": null

2024-05-16 00:18:21 - [TEST_STEP][PASSED] - pages.WriteExcel.demoKey(resText, datText, resColumn, datCloumn, fileLoc, nameSheet, row): pages.WriteExcel.demoKey is PASSED

2024-05-16 00:18:21 - [MESSAGE][PASSED] - pages.WriteExcel.demoKey is PASSED

2024-05-16 00:18:21 - [TEST_STEP][PASSED] - sdfo = getText(findTestObject("Object Repository/Page_VLinkReceipt/pre_STX")): Text of object 'Object Repository/Page_VLinkReceipt/pre_STX' is: '<STX>kVrHrK8MoqCp                                      2  Transaction failed                                20 Missing Parameter(s): card_exyr                                                            <ETX>'

2024-05-16 00:18:22 - [MESSAGE][PASSED] - Text of object 'Object Repository/Page_VLinkReceipt/pre_STX' is: '<STX>kVrHrK8MoqCp                                      2  Transaction failed                                20 Missing Parameter(s): card_exyr                                                            <ETX>'

2024-05-16 00:18:22 - [TEST_STEP][PASSED] - out.println("sdfo: " + sdfo): null

2024-05-16 00:18:22 - [TEST_STEP][PASSED] - remID = substring(5, 35).trim(): null

2024-05-16 00:18:22 - [TEST_STEP][PASSED] - out.println("Remittance ID: " + remID): null

2024-05-16 00:18:22 - [TEST_STEP][PASSED] - traxID = substring(35, 55).trim(): null

2024-05-16 00:18:22 - [TEST_STEP][PASSED] - out.println("Transaction ID: " + traxID): null

2024-05-16 00:18:22 - [TEST_STEP][PASSED] - out.println("End Record Number: " + row): null

2024-05-16 00:18:22 - [TEST_STEP][PASSED] - closeBrowser(): Browser is closed

2024-05-16 00:18:23 - [MESSAGE][PASSED] - Browser is closed

2024-05-16 00:18:23 - [TEST_STEP][PASSED] - ExecuteTC = findTestData(dataFile).getValue("Execute", row): null

2024-05-16 00:18:23 - [TEST_STEP][PASSED] - out.println("Value of Execute is : " + ExecuteTC): null

2024-05-16 00:18:23 - [TEST_STEP][PASSED] - errorMsg = findTestData(dataFile).getValue("ErrorMsg", row): null

2024-05-16 00:18:23 - [TEST_STEP][PASSED] - if (ExecuteTC.equalsIgnoreCase("Y")): Browser is closed

2024-05-16 00:18:23 - [TEST_STEP][PASSED] - out.println("Begin Record Number: " + row): null

2024-05-16 00:18:23 - [TEST_STEP][PASSED] - today = new java.util.Date(): null

2024-05-16 00:18:23 - [TEST_STEP][PASSED] - println(today): null

2024-05-16 00:18:23 - [TEST_STEP][PASSED] - datText = today: null

2024-05-16 00:18:23 - [TEST_STEP][PASSED] - openBrowser(VLinkURL + "authcap.html"): Browser is opened with url: 'https://dev-algorithm.govolution.com/vlinktest/QA2/version_2_0/authcap.html'

2024-05-16 00:18:23 - [MESSAGE][INFO] - Starting 'Chrome' driver

2024-05-16 00:18:23 - [MESSAGE][INFO] - User set preference: ['acceptInsecureCerts', 'true']

2024-05-16 00:18:23 - [MESSAGE][INFO] - Action delay is set to 0 milliseconds

2024-05-16 00:18:25 - [MESSAGE][PASSED] - Browser is opened with url: 'https://dev-algorithm.govolution.com/vlinktest/QA2/version_2_0/authcap.html'

2024-05-16 00:18:25 - [TEST_STEP][PASSED] - maximizeWindow(): Current window maximized

2024-05-16 00:18:26 - [MESSAGE][PASSED] - Current window maximized

2024-05-16 00:18:26 - [TEST_STEP][PASSED] - vlinkPages.saleCCPage.setDataSCC(row, dataFile): vlinkPages.saleCCPage.setDataSCC is PASSED

2024-05-16 00:18:30 - [MESSAGE][PASSED] - Object 'Object Repository/VLink/Page_CCSale/txt_CardNumber' is present

2024-05-16 00:18:31 - [MESSAGE][PASSED] - Text '104' is set on object 'Object Repository/VLink/Page_CCSale/txt_TransactionType'

2024-05-16 00:18:32 - [MESSAGE][PASSED] - Text '2.0C' is set on object 'Object Repository/VLink/Page_CCSale/txt_MessageVersion'

2024-05-16 00:18:32 - [MESSAGE][PASSED] - Text 'rsGV9zgbMpXj' is set on object 'Object Repository/VLink/Page_CCSale/txt_RemID'

2024-05-16 00:18:33 - [MESSAGE][PASSED] - Text '234' is set on object 'Object Repository/VLink/Page_CCSale/txt_ApplicationId'

2024-05-16 00:18:34 - [MESSAGE][PASSED] - Text 'username' is set on object 'Object Repository/VLink/Page_CCSale/txt_Username'

2024-05-16 00:18:34 - [MESSAGE][PASSED] - Text 'password' is set on object 'Object Repository/VLink/Page_CCSale/txt_Password'

2024-05-16 00:18:35 - [MESSAGE][PASSED] - Text 'fixed_width' is set on object 'Object Repository/VLink/Page_CCSale/txt_ResponseFormat'

2024-05-16 00:18:36 - [MESSAGE][PASSED] - Text 'RETL' is set on object 'Object Repository/VLink/Page_CCSale/txt_Category'

2024-05-16 00:18:36 - [MESSAGE][PASSED] - Text '' is set on object 'Object Repository/VLink/Page_CCSale/txt_TransactionID'

2024-05-16 00:18:37 - [MESSAGE][PASSED] - Text '' is set on object 'Object Repository/VLink/Page_CCSale/txt_ApprovalCode'

2024-05-16 00:18:38 - [MESSAGE][PASSED] - Text 'Kris Roshan' is set on object 'Object Repository/VLink/Page_CCSale/txt_CardName'

2024-05-16 00:18:38 - [MESSAGE][PASSED] - Text '258 Elm Road' is set on object 'Object Repository/VLink/Page_CCSale/txt_AL1'

2024-05-16 00:18:39 - [MESSAGE][PASSED] - Text 'Suite 56' is set on object 'Object Repository/VLink/Page_CCSale/txt_AL2'

2024-05-16 00:18:40 - [MESSAGE][PASSED] - Text 'Arlington' is set on object 'Object Repository/VLink/Page_CCSale/txt_CardCity'

2024-05-16 00:18:40 - [MESSAGE][PASSED] - Text 'VA' is set on object 'Object Repository/VLink/Page_CCSale/txt_CardState'

2024-05-16 00:18:41 - [MESSAGE][PASSED] - Text '22201' is set on object 'Object Repository/VLink/Page_CCSale/txt_CardZIP'

2024-05-16 00:18:42 - [MESSAGE][PASSED] - Text '840' is set on object 'Object Repository/VLink/Page_CCSale/txt_CountryID'

2024-05-16 00:18:42 - [MESSAGE][PASSED] - Text '1.50' is set on object 'Object Repository/VLink/Page_CCSale/txt_Amount'

2024-05-16 00:18:43 - [MESSAGE][PASSED] - Text '4111111111111111' is set on object 'Object Repository/VLink/Page_CCSale/txt_CardNumber'

2024-05-16 00:18:43 - [MESSAGE][PASSED] - Text '12' is set on object 'Object Repository/VLink/Page_CCSale/txt_ExpMonth'

2024-05-16 00:18:44 - [MESSAGE][PASSED] - Text '' is set on object 'Object Repository/VLink/Page_CCSale/txt_ExpYear'

2024-05-16 00:18:45 - [MESSAGE][PASSED] - Text '' is set on object 'Object Repository/VLink/Page_CCSale/txt_CVV'

2024-05-16 00:18:45 - [MESSAGE][PASSED] - Text '' is set on object 'Object Repository/VLink/Page_CCSale/txt_CVVstate'

2024-05-16 00:18:46 - [MESSAGE][PASSED] - Text '' is set on object 'Object Repository/VLink/Page_CCSale/txt_TrackData'

2024-05-16 00:18:47 - [MESSAGE][PASSED] - Text '' is set on object 'Object Repository/VLink/Page_CCSale/txt_Track1Data'

2024-05-16 00:18:47 - [MESSAGE][PASSED] - Text '' is set on object 'Object Repository/VLink/Page_CCSale/txt_Track2Data'

2024-05-16 00:18:48 - [MESSAGE][PASSED] - Text 'manual' is set on object 'Object Repository/VLink/Page_CCSale/txt_POSEntryMode'

2024-05-16 00:18:48 - [MESSAGE][PASSED] - Text 'iahmed@govolution.com' is set on object 'Object Repository/VLink/Page_CCSale/txt_Email'

2024-05-16 00:18:49 - [MESSAGE][PASSED] - Text '2569362' is set on object 'Object Repository/VLink/Page_CCSale/txt_OrderNumber'

2024-05-16 00:18:50 - [MESSAGE][PASSED] - Text '1.15' is set on object 'Object Repository/VLink/Page_CCSale/txt_TaxAmount'

2024-05-16 00:18:50 - [MESSAGE][PASSED] - Text 'Charge Description' is set on object 'Object Repository/VLink/Page_CCSale/txt_ChargeDescription'

2024-05-16 00:18:51 - [MESSAGE][PASSED] - Text '147357' is set on object 'Object Repository/VLink/Page_CCSale/txt_CAN'

2024-05-16 00:18:52 - [MESSAGE][PASSED] - Text '1' is set on object 'Object Repository/VLink/Page_CCSale/txt_BillPaymentIndicator'

2024-05-16 00:18:52 - [MESSAGE][PASSED] - Text 'UDF Data 1' is set on object 'Object Repository/VLink/Page_CCSale/txt_UDF1'

2024-05-16 00:18:53 - [MESSAGE][PASSED] - Text 'UDF Data 2' is set on object 'Object Repository/VLink/Page_CCSale/txt_UDF2'

2024-05-16 00:18:54 - [MESSAGE][PASSED] - Text 'UDF Data 3' is set on object 'Object Repository/VLink/Page_CCSale/txt_UDF3'

2024-05-16 00:18:54 - [MESSAGE][PASSED] - Text 'UDF Data 4' is set on object 'Object Repository/VLink/Page_CCSale/txt_UDF4'

2024-05-16 00:18:55 - [MESSAGE][PASSED] - Text 'UDF Data 5' is set on object 'Object Repository/VLink/Page_CCSale/txt_UDF5'

2024-05-16 00:18:55 - [MESSAGE][PASSED] - Text 'UDF Data 6' is set on object 'Object Repository/VLink/Page_CCSale/txt_UDF6'

2024-05-16 00:18:56 - [MESSAGE][PASSED] - Text 'UDF Data 7' is set on object 'Object Repository/VLink/Page_CCSale/txt_UDF7'

2024-05-16 00:18:57 - [MESSAGE][PASSED] - Text 'UDF Data 8' is set on object 'Object Repository/VLink/Page_CCSale/txt_UDF8'

2024-05-16 00:18:57 - [MESSAGE][PASSED] - Text 'UDF Data 9' is set on object 'Object Repository/VLink/Page_CCSale/txt_UDF9'

2024-05-16 00:18:58 - [MESSAGE][PASSED] - Text 'UDF Data 10' is set on object 'Object Repository/VLink/Page_CCSale/txt_UDF10'

2024-05-16 00:18:59 - [MESSAGE][PASSED] - Object: 'Object Repository/VLink/Page_CCSale/btn_ProcessVLinkTransaction' is clicked on

2024-05-16 00:19:04 - [MESSAGE][PASSED] - vlinkPages.saleCCPage.setDataSCC is PASSED

2024-05-16 00:19:04 - [TEST_STEP][PASSED] - if (verifyTextPresent(errorMsg, true)): null

2024-05-16 00:19:04 - [MESSAGE][PASSED] - Text 'card_exyr' is present on page  using regular expression

2024-05-16 00:19:04 - [TEST_STEP][PASSED] - println("Error Message is present on the Confirmation page"): null

2024-05-16 00:19:04 - [TEST_STEP][PASSED] - out.println("Pass Record Number: " + row): null

2024-05-16 00:19:04 - [TEST_STEP][PASSED] - resText = "Pass": null

2024-05-16 00:19:04 - [TEST_STEP][PASSED] - pages.WriteExcel.demoKey(resText, datText, resColumn, datCloumn, fileLoc, nameSheet, row): pages.WriteExcel.demoKey is PASSED

2024-05-16 00:19:04 - [MESSAGE][PASSED] - pages.WriteExcel.demoKey is PASSED

2024-05-16 00:19:04 - [TEST_STEP][PASSED] - sdfo = getText(findTestObject("Object Repository/Page_VLinkReceipt/pre_STX")): Text of object 'Object Repository/Page_VLinkReceipt/pre_STX' is: '<STX>rsGV9zgbMpXj                                      2  Transaction failed                                20 Missing Parameter(s): card_exyr                                                            <ETX>'

2024-05-16 00:19:04 - [MESSAGE][PASSED] - Text of object 'Object Repository/Page_VLinkReceipt/pre_STX' is: '<STX>rsGV9zgbMpXj                                      2  Transaction failed                                20 Missing Parameter(s): card_exyr                                                            <ETX>'

2024-05-16 00:19:04 - [TEST_STEP][PASSED] - out.println("sdfo: " + sdfo): null

2024-05-16 00:19:04 - [TEST_STEP][PASSED] - remID = substring(5, 35).trim(): null

2024-05-16 00:19:04 - [TEST_STEP][PASSED] - out.println("Remittance ID: " + remID): null

2024-05-16 00:19:04 - [TEST_STEP][PASSED] - traxID = substring(35, 55).trim(): null

2024-05-16 00:19:04 - [TEST_STEP][PASSED] - out.println("Transaction ID: " + traxID): null

2024-05-16 00:19:04 - [TEST_STEP][PASSED] - out.println("End Record Number: " + row): null

2024-05-16 00:19:04 - [TEST_STEP][PASSED] - closeBrowser(): Browser is closed

2024-05-16 00:19:06 - [MESSAGE][PASSED] - Browser is closed

2024-05-16 00:19:06 - [TEST_STEP][PASSED] - ExecuteTC = findTestData(dataFile).getValue("Execute", row): null

2024-05-16 00:19:06 - [TEST_STEP][PASSED] - out.println("Value of Execute is : " + ExecuteTC): null

2024-05-16 00:19:06 - [TEST_STEP][PASSED] - errorMsg = findTestData(dataFile).getValue("ErrorMsg", row): null

2024-05-16 00:19:06 - [TEST_STEP][PASSED] - if (ExecuteTC.equalsIgnoreCase("Y")): null]]></system-out>
         <system-err><![CDATA[]]></system-err>
      </testcase>
      <testcase name="Test Cases/RecAndPlayBk/VLink/Auth-MRF" time="711.538" classname="Test Cases/RecAndPlayBk/VLink/Auth-MRF" status="PASSED">
         <system-out><![CDATA[2024-05-16 00:19:06 - [TEST_CASE][PASSED] - Test Cases/RecAndPlayBk/VLink/Auth-MRF: Test Cases/RecAndPlayBk/VLink/Auth-MRF

2024-05-16 00:19:06 - [TEST_STEP][PASSED] - executionProfile = getExecutionProfile(): null

2024-05-16 00:19:06 - [TEST_STEP][PASSED] - out.println("executionProfile : " + executionProfile): null

2024-05-16 00:19:06 - [TEST_STEP][PASSED] - resText = "Fail": null

2024-05-16 00:19:06 - [TEST_STEP][PASSED] - resColumn = "Result": null

2024-05-16 00:19:06 - [TEST_STEP][PASSED] - datCloumn = "Date": null

2024-05-16 00:19:06 - [TEST_STEP][PASSED] - fileLoc = "KatalonData/VLinkSmokeData.xlsx": null

2024-05-16 00:19:06 - [TEST_STEP][PASSED] - numOfRows = <not implemented yet for class: org.codehaus.groovy.ast.expr.EmptyExpression>: null

2024-05-16 00:19:06 - [TEST_STEP][PASSED] - dataFile = <not implemented yet for class: org.codehaus.groovy.ast.expr.EmptyExpression>: null

2024-05-16 00:19:06 - [TEST_STEP][PASSED] - nameSheet = <not implemented yet for class: org.codehaus.groovy.ast.expr.EmptyExpression>: null

2024-05-16 00:19:07 - [TEST_STEP][PASSED] - nameSheet = "Auth-MRF": null

2024-05-16 00:19:07 - [TEST_STEP][PASSED] - numOfRows = findTestData("QA/VLinkTestData/VLinkAuthMRFData").getRowNumbers(): null

2024-05-16 00:19:07 - [TEST_STEP][PASSED] - println("Number of Records: " + numOfRows): null

2024-05-16 00:19:07 - [TEST_STEP][PASSED] - dataFile = "QA/VLinkTestData/VLinkAuthMRFData": null

2024-05-16 00:19:07 - [TEST_STEP][PASSED] - for ([row = 1, row <= numOfRows, (row++)]): null

2024-05-16 00:19:07 - [TEST_STEP][PASSED] - ExecuteTC = findTestData(dataFile).getValue("Execute", row): null

2024-05-16 00:19:07 - [TEST_STEP][PASSED] - out.println("Value of Execute is : " + ExecuteTC): null

2024-05-16 00:19:07 - [TEST_STEP][PASSED] - if (ExecuteTC.equalsIgnoreCase("Y")): null

2024-05-16 00:19:07 - [TEST_STEP][PASSED] - out.println("Begin Record Number: " + row): null

2024-05-16 00:19:07 - [TEST_STEP][PASSED] - today = new java.util.Date(): null

2024-05-16 00:19:07 - [TEST_STEP][PASSED] - println(today): null

2024-05-16 00:19:07 - [TEST_STEP][PASSED] - datText = today: null

2024-05-16 00:19:07 - [TEST_STEP][PASSED] - errorMsg = findTestData(dataFile).getValue("ErrorMsg", row): null

2024-05-16 00:19:07 - [TEST_STEP][PASSED] - appID = findTestData(dataFile).getValue("AppID", row): null

2024-05-16 00:19:07 - [TEST_STEP][PASSED] - username = findTestData(dataFile).getValue("Username", row): null

2024-05-16 00:19:07 - [TEST_STEP][PASSED] - password = findTestData(dataFile).getValue("Password", row): null

2024-05-16 00:19:07 - [TEST_STEP][PASSED] - tranType = findTestData(dataFile).getValue("TranType", row): null

2024-05-16 00:19:07 - [TEST_STEP][PASSED] - mv = findTestData(dataFile).getValue("MV", row): null

2024-05-16 00:19:07 - [TEST_STEP][PASSED] - resFormat = findTestData(dataFile).getValue("ResFormat", row): null

2024-05-16 00:19:07 - [TEST_STEP][PASSED] - category = findTestData(dataFile).getValue("Category", row): null

2024-05-16 00:19:07 - [TEST_STEP][PASSED] - amount = findTestData(dataFile).getValue("Amount", row): null

2024-05-16 00:19:08 - [TEST_STEP][PASSED] - cardName = findTestData(dataFile).getValue("CardName", row): null

2024-05-16 00:19:08 - [TEST_STEP][PASSED] - al1 = findTestData(dataFile).getValue("AL1", row): null

2024-05-16 00:19:08 - [TEST_STEP][PASSED] - city = findTestData(dataFile).getValue("City", row): null

2024-05-16 00:19:08 - [TEST_STEP][PASSED] - state = findTestData(dataFile).getValue("State", row): null

2024-05-16 00:19:08 - [TEST_STEP][PASSED] - zip = findTestData(dataFile).getValue("ZIP", row): null

2024-05-16 00:19:08 - [TEST_STEP][PASSED] - cardNumber = findTestData(dataFile).getValue("CardNumber", row): null

2024-05-16 00:19:08 - [TEST_STEP][PASSED] - exM = findTestData(dataFile).getValue("ExM", row): null

2024-05-16 00:19:08 - [TEST_STEP][PASSED] - exY = findTestData(dataFile).getValue("ExY", row): null

2024-05-16 00:19:08 - [TEST_STEP][PASSED] - openBrowser(VLinkURL + "auth.html"): Browser is opened with url: 'https://dev-algorithm.govolution.com/vlinktest/QA2/version_2_0/auth.html'

2024-05-16 00:19:08 - [MESSAGE][INFO] - Starting 'Chrome' driver

2024-05-16 00:19:08 - [MESSAGE][INFO] - User set preference: ['acceptInsecureCerts', 'true']

2024-05-16 00:19:08 - [MESSAGE][INFO] - Action delay is set to 0 milliseconds

2024-05-16 00:19:10 - [MESSAGE][PASSED] - Browser is opened with url: 'https://dev-algorithm.govolution.com/vlinktest/QA2/version_2_0/auth.html'

2024-05-16 00:19:10 - [TEST_STEP][PASSED] - maximizeWindow(): Current window maximized

2024-05-16 00:19:11 - [MESSAGE][PASSED] - Current window maximized

2024-05-16 00:19:11 - [TEST_STEP][PASSED] - maximizeWindow(): Current window maximized

2024-05-16 00:19:11 - [MESSAGE][PASSED] - Current window maximized

2024-05-16 00:19:11 - [TEST_STEP][PASSED] - setText(findTestObject("Object Repository/RecAndPlayBk/Page-Vlink-AuthOnly/txt_TransactionType"), tranType): Text '' is set on object 'Object Repository/RecAndPlayBk/Page-Vlink-AuthOnly/txt_TransactionType'

2024-05-16 00:19:12 - [MESSAGE][PASSED] - Text '' is set on object 'Object Repository/RecAndPlayBk/Page-Vlink-AuthOnly/txt_TransactionType'

2024-05-16 00:19:12 - [TEST_STEP][PASSED] - setText(findTestObject("Object Repository/RecAndPlayBk/Page-Vlink-AuthOnly/txt_MessageVersion"), mv): Text '2.0C' is set on object 'Object Repository/RecAndPlayBk/Page-Vlink-AuthOnly/txt_MessageVersion'

2024-05-16 00:19:12 - [MESSAGE][PASSED] - Text '2.0C' is set on object 'Object Repository/RecAndPlayBk/Page-Vlink-AuthOnly/txt_MessageVersion'

2024-05-16 00:19:12 - [TEST_STEP][PASSED] - genRemID = RandomStringUtils.random(12, true, true): null

2024-05-16 00:19:12 - [TEST_STEP][PASSED] - setText(findTestObject("Object Repository/RecAndPlayBk/Page-Vlink-AuthOnly/input_Remittance Id_remittance_id"), genRemID): Text 'iWVXHdPW2XEt' is set on object 'Object Repository/RecAndPlayBk/Page-Vlink-AuthOnly/input_Remittance Id_remittance_id'

2024-05-16 00:19:13 - [MESSAGE][PASSED] - Text 'iWVXHdPW2XEt' is set on object 'Object Repository/RecAndPlayBk/Page-Vlink-AuthOnly/input_Remittance Id_remittance_id'

2024-05-16 00:19:13 - [TEST_STEP][PASSED] - setText(findTestObject("Object Repository/RecAndPlayBk/Page-Vlink-AuthOnly/input_Application Id_application_id"), appID): Text '234' is set on object 'Object Repository/RecAndPlayBk/Page-Vlink-AuthOnly/input_Application Id_application_id'

2024-05-16 00:19:13 - [MESSAGE][PASSED] - Text '234' is set on object 'Object Repository/RecAndPlayBk/Page-Vlink-AuthOnly/input_Application Id_application_id'

2024-05-16 00:19:13 - [TEST_STEP][PASSED] - setText(findTestObject("Object Repository/RecAndPlayBk/Page-Vlink-AuthOnly/input_Username_username"), username): Text 'username' is set on object 'Object Repository/RecAndPlayBk/Page-Vlink-AuthOnly/input_Username_username'

2024-05-16 00:19:14 - [MESSAGE][PASSED] - Text 'username' is set on object 'Object Repository/RecAndPlayBk/Page-Vlink-AuthOnly/input_Username_username'

2024-05-16 00:19:14 - [TEST_STEP][PASSED] - setText(findTestObject("Object Repository/RecAndPlayBk/Page-Vlink-AuthOnly/input_Password_password"), password): Text 'password' is set on object 'Object Repository/RecAndPlayBk/Page-Vlink-AuthOnly/input_Password_password'

2024-05-16 00:19:15 - [MESSAGE][PASSED] - Text 'password' is set on object 'Object Repository/RecAndPlayBk/Page-Vlink-AuthOnly/input_Password_password'

2024-05-16 00:19:15 - [TEST_STEP][PASSED] - setText(findTestObject("Object Repository/RecAndPlayBk/Page-Vlink-AuthOnly/txt_ResponseFormat"), resFormat): Text 'fixed_width' is set on object 'Object Repository/RecAndPlayBk/Page-Vlink-AuthOnly/txt_ResponseFormat'

2024-05-16 00:19:15 - [MESSAGE][PASSED] - Text 'fixed_width' is set on object 'Object Repository/RecAndPlayBk/Page-Vlink-AuthOnly/txt_ResponseFormat'

2024-05-16 00:19:15 - [TEST_STEP][PASSED] - setText(findTestObject("Object Repository/RecAndPlayBk/Page-Vlink-AuthOnly/input_Category_category"), category): Text 'ECOM' is set on object 'Object Repository/RecAndPlayBk/Page-Vlink-AuthOnly/input_Category_category'

2024-05-16 00:19:16 - [MESSAGE][PASSED] - Text 'ECOM' is set on object 'Object Repository/RecAndPlayBk/Page-Vlink-AuthOnly/input_Category_category'

2024-05-16 00:19:16 - [TEST_STEP][PASSED] - setText(findTestObject("Object Repository/RecAndPlayBk/Page-Vlink-AuthOnly/txt_CardName"), cardName): Text 'Kris Roshan' is set on object 'Object Repository/RecAndPlayBk/Page-Vlink-AuthOnly/txt_CardName'

2024-05-16 00:19:17 - [MESSAGE][PASSED] - Text 'Kris Roshan' is set on object 'Object Repository/RecAndPlayBk/Page-Vlink-AuthOnly/txt_CardName'

2024-05-16 00:19:17 - [TEST_STEP][PASSED] - setText(findTestObject("Object Repository/RecAndPlayBk/Page-Vlink-AuthOnly/txt_AL1"), al1): Text '258 Elm Road' is set on object 'Object Repository/RecAndPlayBk/Page-Vlink-AuthOnly/txt_AL1'

2024-05-16 00:19:17 - [MESSAGE][PASSED] - Text '258 Elm Road' is set on object 'Object Repository/RecAndPlayBk/Page-Vlink-AuthOnly/txt_AL1'

2024-05-16 00:19:17 - [TEST_STEP][PASSED] - setText(findTestObject("Object Repository/RecAndPlayBk/Page-Vlink-AuthOnly/txt_CardCity"), city): Text 'Arlington' is set on object 'Object Repository/RecAndPlayBk/Page-Vlink-AuthOnly/txt_CardCity'

2024-05-16 00:19:18 - [MESSAGE][PASSED] - Text 'Arlington' is set on object 'Object Repository/RecAndPlayBk/Page-Vlink-AuthOnly/txt_CardCity'

2024-05-16 00:19:18 - [TEST_STEP][PASSED] - setText(findTestObject("Object Repository/RecAndPlayBk/Page-Vlink-AuthOnly/txt_CardState"), state): Text 'VA' is set on object 'Object Repository/RecAndPlayBk/Page-Vlink-AuthOnly/txt_CardState'

2024-05-16 00:19:19 - [MESSAGE][PASSED] - Text 'VA' is set on object 'Object Repository/RecAndPlayBk/Page-Vlink-AuthOnly/txt_CardState'

2024-05-16 00:19:19 - [TEST_STEP][PASSED] - setText(findTestObject("Object Repository/RecAndPlayBk/Page-Vlink-AuthOnly/txt_CardZIP"), zip): Text '22201' is set on object 'Object Repository/RecAndPlayBk/Page-Vlink-AuthOnly/txt_CardZIP'

2024-05-16 00:19:19 - [MESSAGE][PASSED] - Text '22201' is set on object 'Object Repository/RecAndPlayBk/Page-Vlink-AuthOnly/txt_CardZIP'

2024-05-16 00:19:19 - [TEST_STEP][PASSED] - setText(findTestObject("Object Repository/RecAndPlayBk/Page-Vlink-AuthOnly/input_Amount_amount"), amount): Text '1.50' is set on object 'Object Repository/RecAndPlayBk/Page-Vlink-AuthOnly/input_Amount_amount'

2024-05-16 00:19:20 - [MESSAGE][PASSED] - Text '1.50' is set on object 'Object Repository/RecAndPlayBk/Page-Vlink-AuthOnly/input_Amount_amount'

2024-05-16 00:19:20 - [TEST_STEP][PASSED] - setText(findTestObject("Object Repository/RecAndPlayBk/Page-Vlink-AuthOnly/input_Card number_card_number"), cardNumber): Text '4111111111111111' is set on object 'Object Repository/RecAndPlayBk/Page-Vlink-AuthOnly/input_Card number_card_number'

2024-05-16 00:19:21 - [MESSAGE][PASSED] - Text '4111111111111111' is set on object 'Object Repository/RecAndPlayBk/Page-Vlink-AuthOnly/input_Card number_card_number'

2024-05-16 00:19:21 - [TEST_STEP][PASSED] - setText(findTestObject("Object Repository/RecAndPlayBk/Page-Vlink-AuthOnly/input_Card ex month_card_exmo"), exM): Text '12' is set on object 'Object Repository/RecAndPlayBk/Page-Vlink-AuthOnly/input_Card ex month_card_exmo'

2024-05-16 00:19:22 - [MESSAGE][PASSED] - Text '12' is set on object 'Object Repository/RecAndPlayBk/Page-Vlink-AuthOnly/input_Card ex month_card_exmo'

2024-05-16 00:19:22 - [TEST_STEP][PASSED] - setText(findTestObject("Object Repository/RecAndPlayBk/Page-Vlink-AuthOnly/input_Card ex year_card_exyr"), exY): Text '2025' is set on object 'Object Repository/RecAndPlayBk/Page-Vlink-AuthOnly/input_Card ex year_card_exyr'

2024-05-16 00:19:22 - [MESSAGE][PASSED] - Text '2025' is set on object 'Object Repository/RecAndPlayBk/Page-Vlink-AuthOnly/input_Card ex year_card_exyr'

2024-05-16 00:19:22 - [TEST_STEP][PASSED] - setText(findTestObject("Object Repository/RecAndPlayBk/Page-Vlink-AuthOnly/input_Track Data_track_data"), ""): Text '' is set on object 'Object Repository/RecAndPlayBk/Page-Vlink-AuthOnly/input_Track Data_track_data'

2024-05-16 00:19:23 - [MESSAGE][PASSED] - Text '' is set on object 'Object Repository/RecAndPlayBk/Page-Vlink-AuthOnly/input_Track Data_track_data'

2024-05-16 00:19:23 - [TEST_STEP][PASSED] - setText(findTestObject("Object Repository/RecAndPlayBk/Page-Vlink-AuthOnly/input_concat(Cardholder, , s email)_email"), ""): Text '' is set on object 'Object Repository/RecAndPlayBk/Page-Vlink-AuthOnly/input_concat(Cardholder, , s email)_email'

2024-05-16 00:19:24 - [MESSAGE][PASSED] - Text '' is set on object 'Object Repository/RecAndPlayBk/Page-Vlink-AuthOnly/input_concat(Cardholder, , s email)_email'

2024-05-16 00:19:24 - [TEST_STEP][PASSED] - click(findTestObject("Object Repository/RecAndPlayBk/Page-Vlink-AuthOnly/input_user_defined10_user_defined10")): Object: 'Object Repository/RecAndPlayBk/Page-Vlink-AuthOnly/input_user_defined10_user_defined10' is clicked on

2024-05-16 00:19:24 - [MESSAGE][PASSED] - Object: 'Object Repository/RecAndPlayBk/Page-Vlink-AuthOnly/input_user_defined10_user_defined10' is clicked on

2024-05-16 00:19:24 - [TEST_STEP][PASSED] - setText(findTestObject("Object Repository/RecAndPlayBk/Page-Vlink-AuthOnly/input_Card on File Indicator_card_on_file_i_157dae"), ""): Text '' is set on object 'Object Repository/RecAndPlayBk/Page-Vlink-AuthOnly/input_Card on File Indicator_card_on_file_i_157dae'

2024-05-16 00:19:25 - [MESSAGE][PASSED] - Text '' is set on object 'Object Repository/RecAndPlayBk/Page-Vlink-AuthOnly/input_Card on File Indicator_card_on_file_i_157dae'

2024-05-16 00:19:25 - [TEST_STEP][PASSED] - setText(findTestObject("Object Repository/RecAndPlayBk/Page-Vlink-AuthOnly/input_Stored Credential Indicator_stored_cr_4ae73c"), ""): Text '' is set on object 'Object Repository/RecAndPlayBk/Page-Vlink-AuthOnly/input_Stored Credential Indicator_stored_cr_4ae73c'

2024-05-16 00:19:25 - [MESSAGE][PASSED] - Text '' is set on object 'Object Repository/RecAndPlayBk/Page-Vlink-AuthOnly/input_Stored Credential Indicator_stored_cr_4ae73c'

2024-05-16 00:19:25 - [TEST_STEP][PASSED] - setText(findTestObject("Object Repository/RecAndPlayBk/Page-Vlink-AuthOnly/input_COF Scheduled indicator_cof_scheduled_8df7d8"), ""): Text '' is set on object 'Object Repository/RecAndPlayBk/Page-Vlink-AuthOnly/input_COF Scheduled indicator_cof_scheduled_8df7d8'

2024-05-16 00:19:26 - [MESSAGE][PASSED] - Text '' is set on object 'Object Repository/RecAndPlayBk/Page-Vlink-AuthOnly/input_COF Scheduled indicator_cof_scheduled_8df7d8'

2024-05-16 00:19:26 - [TEST_STEP][PASSED] - setText(findTestObject("Object Repository/RecAndPlayBk/Page-Vlink-AuthOnly/input_COF Transaction Initiated by_cof_tran_6cded5"), ""): Text '' is set on object 'Object Repository/RecAndPlayBk/Page-Vlink-AuthOnly/input_COF Transaction Initiated by_cof_tran_6cded5'

2024-05-16 00:19:27 - [MESSAGE][PASSED] - Text '' is set on object 'Object Repository/RecAndPlayBk/Page-Vlink-AuthOnly/input_COF Transaction Initiated by_cof_tran_6cded5'

2024-05-16 00:19:27 - [TEST_STEP][PASSED] - click(findTestObject("Object Repository/RecAndPlayBk/Page-Vlink-AuthOnly/input")): Object: 'Object Repository/RecAndPlayBk/Page-Vlink-AuthOnly/input' is clicked on

2024-05-16 00:19:27 - [MESSAGE][PASSED] - Object: 'Object Repository/RecAndPlayBk/Page-Vlink-AuthOnly/input' is clicked on

2024-05-16 00:19:27 - [TEST_STEP][PASSED] - if (verifyTextPresent(errorMsg, true)): null

2024-05-16 00:19:27 - [MESSAGE][PASSED] - Text 'Missing parameter: transaction_type' is present on page  using regular expression

2024-05-16 00:19:27 - [TEST_STEP][PASSED] - println("Error Message is present on the Confirmation page"): null

2024-05-16 00:19:27 - [TEST_STEP][PASSED] - out.println("Pass Record Number: " + row): null

2024-05-16 00:19:27 - [TEST_STEP][PASSED] - resText = "Pass": null

2024-05-16 00:19:27 - [TEST_STEP][PASSED] - pages.WriteExcel.demoKey(resText, datText, resColumn, datCloumn, fileLoc, nameSheet, row): pages.WriteExcel.demoKey is PASSED

2024-05-16 00:19:28 - [MESSAGE][PASSED] - pages.WriteExcel.demoKey is PASSED

2024-05-16 00:19:28 - [TEST_STEP][PASSED] - ExecuteTC = findTestData(dataFile).getValue("Execute", row): null

2024-05-16 00:19:28 - [TEST_STEP][PASSED] - out.println("Value of Execute is : " + ExecuteTC): null

2024-05-16 00:19:28 - [TEST_STEP][PASSED] - if (ExecuteTC.equalsIgnoreCase("Y")): null

2024-05-16 00:19:28 - [TEST_STEP][PASSED] - out.println("Begin Record Number: " + row): null

2024-05-16 00:19:28 - [TEST_STEP][PASSED] - today = new java.util.Date(): null

2024-05-16 00:19:28 - [TEST_STEP][PASSED] - println(today): null

2024-05-16 00:19:28 - [TEST_STEP][PASSED] - datText = today: null

2024-05-16 00:19:28 - [TEST_STEP][PASSED] - errorMsg = findTestData(dataFile).getValue("ErrorMsg", row): null

2024-05-16 00:19:28 - [TEST_STEP][PASSED] - appID = findTestData(dataFile).getValue("AppID", row): null

2024-05-16 00:19:28 - [TEST_STEP][PASSED] - username = findTestData(dataFile).getValue("Username", row): null

2024-05-16 00:19:28 - [TEST_STEP][PASSED] - password = findTestData(dataFile).getValue("Password", row): null

2024-05-16 00:19:28 - [TEST_STEP][PASSED] - tranType = findTestData(dataFile).getValue("TranType", row): null

2024-05-16 00:19:28 - [TEST_STEP][PASSED] - mv = findTestData(dataFile).getValue("MV", row): null

2024-05-16 00:19:28 - [TEST_STEP][PASSED] - resFormat = findTestData(dataFile).getValue("ResFormat", row): null

2024-05-16 00:19:28 - [TEST_STEP][PASSED] - category = findTestData(dataFile).getValue("Category", row): null

2024-05-16 00:19:29 - [TEST_STEP][PASSED] - amount = findTestData(dataFile).getValue("Amount", row): null

2024-05-16 00:19:29 - [TEST_STEP][PASSED] - cardName = findTestData(dataFile).getValue("CardName", row): null

2024-05-16 00:19:29 - [TEST_STEP][PASSED] - al1 = findTestData(dataFile).getValue("AL1", row): null

2024-05-16 00:19:29 - [TEST_STEP][PASSED] - city = findTestData(dataFile).getValue("City", row): null

2024-05-16 00:19:29 - [TEST_STEP][PASSED] - state = findTestData(dataFile).getValue("State", row): null

2024-05-16 00:19:29 - [TEST_STEP][PASSED] - zip = findTestData(dataFile).getValue("ZIP", row): null

2024-05-16 00:19:29 - [TEST_STEP][PASSED] - cardNumber = findTestData(dataFile).getValue("CardNumber", row): null

2024-05-16 00:19:29 - [TEST_STEP][PASSED] - exM = findTestData(dataFile).getValue("ExM", row): null

2024-05-16 00:19:29 - [TEST_STEP][PASSED] - exY = findTestData(dataFile).getValue("ExY", row): null

2024-05-16 00:19:29 - [TEST_STEP][PASSED] - openBrowser(VLinkURL + "auth.html"): Browser is opened with url: 'https://dev-algorithm.govolution.com/vlinktest/QA2/version_2_0/auth.html'

2024-05-16 00:19:29 - [MESSAGE][WARNING] - A browser is already opened. Closing browser and opening a new one

2024-05-16 00:19:31 - [MESSAGE][INFO] - Starting 'Chrome' driver

2024-05-16 00:19:31 - [MESSAGE][INFO] - User set preference: ['acceptInsecureCerts', 'true']

2024-05-16 00:19:31 - [MESSAGE][INFO] - Action delay is set to 0 milliseconds

2024-05-16 00:19:33 - [MESSAGE][PASSED] - Browser is opened with url: 'https://dev-algorithm.govolution.com/vlinktest/QA2/version_2_0/auth.html'

2024-05-16 00:19:33 - [TEST_STEP][PASSED] - maximizeWindow(): Current window maximized

2024-05-16 00:19:33 - [MESSAGE][PASSED] - Current window maximized

2024-05-16 00:19:33 - [TEST_STEP][PASSED] - maximizeWindow(): Current window maximized

2024-05-16 00:19:33 - [MESSAGE][PASSED] - Current window maximized

2024-05-16 00:19:33 - [TEST_STEP][PASSED] - setText(findTestObject("Object Repository/RecAndPlayBk/Page-Vlink-AuthOnly/txt_TransactionType"), tranType): Text '' is set on object 'Object Repository/RecAndPlayBk/Page-Vlink-AuthOnly/txt_TransactionType'

2024-05-16 00:19:34 - [MESSAGE][PASSED] - Text '' is set on object 'Object Repository/RecAndPlayBk/Page-Vlink-AuthOnly/txt_TransactionType'

2024-05-16 00:19:34 - [TEST_STEP][PASSED] - setText(findTestObject("Object Repository/RecAndPlayBk/Page-Vlink-AuthOnly/txt_MessageVersion"), mv): Text '2.0C' is set on object 'Object Repository/RecAndPlayBk/Page-Vlink-AuthOnly/txt_MessageVersion'

2024-05-16 00:19:35 - [MESSAGE][PASSED] - Text '2.0C' is set on object 'Object Repository/RecAndPlayBk/Page-Vlink-AuthOnly/txt_MessageVersion'

2024-05-16 00:19:35 - [TEST_STEP][PASSED] - genRemID = RandomStringUtils.random(12, true, true): null

2024-05-16 00:19:35 - [TEST_STEP][PASSED] - setText(findTestObject("Object Repository/RecAndPlayBk/Page-Vlink-AuthOnly/input_Remittance Id_remittance_id"), genRemID): Text 'VVTy2F9g5y2J' is set on object 'Object Repository/RecAndPlayBk/Page-Vlink-AuthOnly/input_Remittance Id_remittance_id'

2024-05-16 00:19:35 - [MESSAGE][PASSED] - Text 'VVTy2F9g5y2J' is set on object 'Object Repository/RecAndPlayBk/Page-Vlink-AuthOnly/input_Remittance Id_remittance_id'

2024-05-16 00:19:35 - [TEST_STEP][PASSED] - setText(findTestObject("Object Repository/RecAndPlayBk/Page-Vlink-AuthOnly/input_Application Id_application_id"), appID): Text '234' is set on object 'Object Repository/RecAndPlayBk/Page-Vlink-AuthOnly/input_Application Id_application_id'

2024-05-16 00:19:36 - [MESSAGE][PASSED] - Text '234' is set on object 'Object Repository/RecAndPlayBk/Page-Vlink-AuthOnly/input_Application Id_application_id'

2024-05-16 00:19:36 - [TEST_STEP][PASSED] - setText(findTestObject("Object Repository/RecAndPlayBk/Page-Vlink-AuthOnly/input_Username_username"), username): Text 'username' is set on object 'Object Repository/RecAndPlayBk/Page-Vlink-AuthOnly/input_Username_username'

2024-05-16 00:19:37 - [MESSAGE][PASSED] - Text 'username' is set on object 'Object Repository/RecAndPlayBk/Page-Vlink-AuthOnly/input_Username_username'

2024-05-16 00:19:37 - [TEST_STEP][PASSED] - setText(findTestObject("Object Repository/RecAndPlayBk/Page-Vlink-AuthOnly/input_Password_password"), password): Text 'password' is set on object 'Object Repository/RecAndPlayBk/Page-Vlink-AuthOnly/input_Password_password'

2024-05-16 00:19:37 - [MESSAGE][PASSED] - Text 'password' is set on object 'Object Repository/RecAndPlayBk/Page-Vlink-AuthOnly/input_Password_password'

2024-05-16 00:19:37 - [TEST_STEP][PASSED] - setText(findTestObject("Object Repository/RecAndPlayBk/Page-Vlink-AuthOnly/txt_ResponseFormat"), resFormat): Text 'fixed_width' is set on object 'Object Repository/RecAndPlayBk/Page-Vlink-AuthOnly/txt_ResponseFormat'

2024-05-16 00:19:38 - [MESSAGE][PASSED] - Text 'fixed_width' is set on object 'Object Repository/RecAndPlayBk/Page-Vlink-AuthOnly/txt_ResponseFormat'

2024-05-16 00:19:38 - [TEST_STEP][PASSED] - setText(findTestObject("Object Repository/RecAndPlayBk/Page-Vlink-AuthOnly/input_Category_category"), category): Text 'MOTO' is set on object 'Object Repository/RecAndPlayBk/Page-Vlink-AuthOnly/input_Category_category'

2024-05-16 00:19:39 - [MESSAGE][PASSED] - Text 'MOTO' is set on object 'Object Repository/RecAndPlayBk/Page-Vlink-AuthOnly/input_Category_category'

2024-05-16 00:19:39 - [TEST_STEP][PASSED] - setText(findTestObject("Object Repository/RecAndPlayBk/Page-Vlink-AuthOnly/txt_CardName"), cardName): Text 'Kris Roshan' is set on object 'Object Repository/RecAndPlayBk/Page-Vlink-AuthOnly/txt_CardName'

2024-05-16 00:19:39 - [MESSAGE][PASSED] - Text 'Kris Roshan' is set on object 'Object Repository/RecAndPlayBk/Page-Vlink-AuthOnly/txt_CardName'

2024-05-16 00:19:39 - [TEST_STEP][PASSED] - setText(findTestObject("Object Repository/RecAndPlayBk/Page-Vlink-AuthOnly/txt_AL1"), al1): Text '258 Elm Road' is set on object 'Object Repository/RecAndPlayBk/Page-Vlink-AuthOnly/txt_AL1'

2024-05-16 00:19:40 - [MESSAGE][PASSED] - Text '258 Elm Road' is set on object 'Object Repository/RecAndPlayBk/Page-Vlink-AuthOnly/txt_AL1'

2024-05-16 00:19:40 - [TEST_STEP][PASSED] - setText(findTestObject("Object Repository/RecAndPlayBk/Page-Vlink-AuthOnly/txt_CardCity"), city): Text 'Arlington' is set on object 'Object Repository/RecAndPlayBk/Page-Vlink-AuthOnly/txt_CardCity'

2024-05-16 00:19:41 - [MESSAGE][PASSED] - Text 'Arlington' is set on object 'Object Repository/RecAndPlayBk/Page-Vlink-AuthOnly/txt_CardCity'

2024-05-16 00:19:41 - [TEST_STEP][PASSED] - setText(findTestObject("Object Repository/RecAndPlayBk/Page-Vlink-AuthOnly/txt_CardState"), state): Text 'VA' is set on object 'Object Repository/RecAndPlayBk/Page-Vlink-AuthOnly/txt_CardState'

2024-05-16 00:19:41 - [MESSAGE][PASSED] - Text 'VA' is set on object 'Object Repository/RecAndPlayBk/Page-Vlink-AuthOnly/txt_CardState'

2024-05-16 00:19:41 - [TEST_STEP][PASSED] - setText(findTestObject("Object Repository/RecAndPlayBk/Page-Vlink-AuthOnly/txt_CardZIP"), zip): Text '22201' is set on object 'Object Repository/RecAndPlayBk/Page-Vlink-AuthOnly/txt_CardZIP'

2024-05-16 00:19:42 - [MESSAGE][PASSED] - Text '22201' is set on object 'Object Repository/RecAndPlayBk/Page-Vlink-AuthOnly/txt_CardZIP'

2024-05-16 00:19:42 - [TEST_STEP][PASSED] - setText(findTestObject("Object Repository/RecAndPlayBk/Page-Vlink-AuthOnly/input_Amount_amount"), amount): Text '1.50' is set on object 'Object Repository/RecAndPlayBk/Page-Vlink-AuthOnly/input_Amount_amount'

2024-05-16 00:19:43 - [MESSAGE][PASSED] - Text '1.50' is set on object 'Object Repository/RecAndPlayBk/Page-Vlink-AuthOnly/input_Amount_amount'

2024-05-16 00:19:43 - [TEST_STEP][PASSED] - setText(findTestObject("Object Repository/RecAndPlayBk/Page-Vlink-AuthOnly/input_Card number_card_number"), cardNumber): Text '4111111111111111' is set on object 'Object Repository/RecAndPlayBk/Page-Vlink-AuthOnly/input_Card number_card_number'

2024-05-16 00:19:43 - [MESSAGE][PASSED] - Text '4111111111111111' is set on object 'Object Repository/RecAndPlayBk/Page-Vlink-AuthOnly/input_Card number_card_number'

2024-05-16 00:19:43 - [TEST_STEP][PASSED] - setText(findTestObject("Object Repository/RecAndPlayBk/Page-Vlink-AuthOnly/input_Card ex month_card_exmo"), exM): Text '12' is set on object 'Object Repository/RecAndPlayBk/Page-Vlink-AuthOnly/input_Card ex month_card_exmo'

2024-05-16 00:19:44 - [MESSAGE][PASSED] - Text '12' is set on object 'Object Repository/RecAndPlayBk/Page-Vlink-AuthOnly/input_Card ex month_card_exmo'

2024-05-16 00:19:44 - [TEST_STEP][PASSED] - setText(findTestObject("Object Repository/RecAndPlayBk/Page-Vlink-AuthOnly/input_Card ex year_card_exyr"), exY): Text '2025' is set on object 'Object Repository/RecAndPlayBk/Page-Vlink-AuthOnly/input_Card ex year_card_exyr'

2024-05-16 00:19:45 - [MESSAGE][PASSED] - Text '2025' is set on object 'Object Repository/RecAndPlayBk/Page-Vlink-AuthOnly/input_Card ex year_card_exyr'

2024-05-16 00:19:45 - [TEST_STEP][PASSED] - setText(findTestObject("Object Repository/RecAndPlayBk/Page-Vlink-AuthOnly/input_Track Data_track_data"), ""): Text '' is set on object 'Object Repository/RecAndPlayBk/Page-Vlink-AuthOnly/input_Track Data_track_data'

2024-05-16 00:19:45 - [MESSAGE][PASSED] - Text '' is set on object 'Object Repository/RecAndPlayBk/Page-Vlink-AuthOnly/input_Track Data_track_data'

2024-05-16 00:19:45 - [TEST_STEP][PASSED] - setText(findTestObject("Object Repository/RecAndPlayBk/Page-Vlink-AuthOnly/input_concat(Cardholder, , s email)_email"), ""): Text '' is set on object 'Object Repository/RecAndPlayBk/Page-Vlink-AuthOnly/input_concat(Cardholder, , s email)_email'

2024-05-16 00:19:46 - [MESSAGE][PASSED] - Text '' is set on object 'Object Repository/RecAndPlayBk/Page-Vlink-AuthOnly/input_concat(Cardholder, , s email)_email'

2024-05-16 00:19:46 - [TEST_STEP][PASSED] - click(findTestObject("Object Repository/RecAndPlayBk/Page-Vlink-AuthOnly/input_user_defined10_user_defined10")): Object: 'Object Repository/RecAndPlayBk/Page-Vlink-AuthOnly/input_user_defined10_user_defined10' is clicked on

2024-05-16 00:19:46 - [MESSAGE][PASSED] - Object: 'Object Repository/RecAndPlayBk/Page-Vlink-AuthOnly/input_user_defined10_user_defined10' is clicked on

2024-05-16 00:19:46 - [TEST_STEP][PASSED] - setText(findTestObject("Object Repository/RecAndPlayBk/Page-Vlink-AuthOnly/input_Card on File Indicator_card_on_file_i_157dae"), ""): Text '' is set on object 'Object Repository/RecAndPlayBk/Page-Vlink-AuthOnly/input_Card on File Indicator_card_on_file_i_157dae'

2024-05-16 00:19:47 - [MESSAGE][PASSED] - Text '' is set on object 'Object Repository/RecAndPlayBk/Page-Vlink-AuthOnly/input_Card on File Indicator_card_on_file_i_157dae'

2024-05-16 00:19:47 - [TEST_STEP][PASSED] - setText(findTestObject("Object Repository/RecAndPlayBk/Page-Vlink-AuthOnly/input_Stored Credential Indicator_stored_cr_4ae73c"), ""): Text '' is set on object 'Object Repository/RecAndPlayBk/Page-Vlink-AuthOnly/input_Stored Credential Indicator_stored_cr_4ae73c'

2024-05-16 00:19:48 - [MESSAGE][PASSED] - Text '' is set on object 'Object Repository/RecAndPlayBk/Page-Vlink-AuthOnly/input_Stored Credential Indicator_stored_cr_4ae73c'

2024-05-16 00:19:48 - [TEST_STEP][PASSED] - setText(findTestObject("Object Repository/RecAndPlayBk/Page-Vlink-AuthOnly/input_COF Scheduled indicator_cof_scheduled_8df7d8"), ""): Text '' is set on object 'Object Repository/RecAndPlayBk/Page-Vlink-AuthOnly/input_COF Scheduled indicator_cof_scheduled_8df7d8'

2024-05-16 00:19:48 - [MESSAGE][PASSED] - Text '' is set on object 'Object Repository/RecAndPlayBk/Page-Vlink-AuthOnly/input_COF Scheduled indicator_cof_scheduled_8df7d8'

2024-05-16 00:19:48 - [TEST_STEP][PASSED] - setText(findTestObject("Object Repository/RecAndPlayBk/Page-Vlink-AuthOnly/input_COF Transaction Initiated by_cof_tran_6cded5"), ""): Text '' is set on object 'Object Repository/RecAndPlayBk/Page-Vlink-AuthOnly/input_COF Transaction Initiated by_cof_tran_6cded5'

2024-05-16 00:19:49 - [MESSAGE][PASSED] - Text '' is set on object 'Object Repository/RecAndPlayBk/Page-Vlink-AuthOnly/input_COF Transaction Initiated by_cof_tran_6cded5'

2024-05-16 00:19:49 - [TEST_STEP][PASSED] - click(findTestObject("Object Repository/RecAndPlayBk/Page-Vlink-AuthOnly/input")): Object: 'Object Repository/RecAndPlayBk/Page-Vlink-AuthOnly/input' is clicked on

2024-05-16 00:19:49 - [MESSAGE][PASSED] - Object: 'Object Repository/RecAndPlayBk/Page-Vlink-AuthOnly/input' is clicked on

2024-05-16 00:19:49 - [TEST_STEP][PASSED] - if (verifyTextPresent(errorMsg, true)): null

2024-05-16 00:19:50 - [MESSAGE][PASSED] - Text 'Missing parameter: transaction_type' is present on page  using regular expression

2024-05-16 00:19:50 - [TEST_STEP][PASSED] - println("Error Message is present on the Confirmation page"): null

2024-05-16 00:19:50 - [TEST_STEP][PASSED] - out.println("Pass Record Number: " + row): null

2024-05-16 00:19:50 - [TEST_STEP][PASSED] - resText = "Pass": null

2024-05-16 00:19:50 - [TEST_STEP][PASSED] - pages.WriteExcel.demoKey(resText, datText, resColumn, datCloumn, fileLoc, nameSheet, row): pages.WriteExcel.demoKey is PASSED

2024-05-16 00:19:50 - [MESSAGE][PASSED] - pages.WriteExcel.demoKey is PASSED

2024-05-16 00:19:50 - [TEST_STEP][PASSED] - ExecuteTC = findTestData(dataFile).getValue("Execute", row): null

2024-05-16 00:19:50 - [TEST_STEP][PASSED] - out.println("Value of Execute is : " + ExecuteTC): null

2024-05-16 00:19:50 - [TEST_STEP][PASSED] - if (ExecuteTC.equalsIgnoreCase("Y")): null

2024-05-16 00:19:50 - [TEST_STEP][PASSED] - out.println("Begin Record Number: " + row): null

2024-05-16 00:19:50 - [TEST_STEP][PASSED] - today = new java.util.Date(): null

2024-05-16 00:19:50 - [TEST_STEP][PASSED] - println(today): null

2024-05-16 00:19:50 - [TEST_STEP][PASSED] - datText = today: null

2024-05-16 00:19:50 - [TEST_STEP][PASSED] - errorMsg = findTestData(dataFile).getValue("ErrorMsg", row): null

2024-05-16 00:19:50 - [TEST_STEP][PASSED] - appID = findTestData(dataFile).getValue("AppID", row): null

2024-05-16 00:19:50 - [TEST_STEP][PASSED] - username = findTestData(dataFile).getValue("Username", row): null

2024-05-16 00:19:50 - [TEST_STEP][PASSED] - password = findTestData(dataFile).getValue("Password", row): null

2024-05-16 00:19:50 - [TEST_STEP][PASSED] - tranType = findTestData(dataFile).getValue("TranType", row): null

2024-05-16 00:19:51 - [TEST_STEP][PASSED] - mv = findTestData(dataFile).getValue("MV", row): null

2024-05-16 00:19:51 - [TEST_STEP][PASSED] - resFormat = findTestData(dataFile).getValue("ResFormat", row): null

2024-05-16 00:19:51 - [TEST_STEP][PASSED] - category = findTestData(dataFile).getValue("Category", row): null

2024-05-16 00:19:51 - [TEST_STEP][PASSED] - amount = findTestData(dataFile).getValue("Amount", row): null

2024-05-16 00:19:51 - [TEST_STEP][PASSED] - cardName = findTestData(dataFile).getValue("CardName", row): null

2024-05-16 00:19:51 - [TEST_STEP][PASSED] - al1 = findTestData(dataFile).getValue("AL1", row): null

2024-05-16 00:19:51 - [TEST_STEP][PASSED] - city = findTestData(dataFile).getValue("City", row): null

2024-05-16 00:19:51 - [TEST_STEP][PASSED] - state = findTestData(dataFile).getValue("State", row): null

2024-05-16 00:19:51 - [TEST_STEP][PASSED] - zip = findTestData(dataFile).getValue("ZIP", row): null

2024-05-16 00:19:51 - [TEST_STEP][PASSED] - cardNumber = findTestData(dataFile).getValue("CardNumber", row): null

2024-05-16 00:19:51 - [TEST_STEP][PASSED] - exM = findTestData(dataFile).getValue("ExM", row): null

2024-05-16 00:19:52 - [TEST_STEP][PASSED] - exY = findTestData(dataFile).getValue("ExY", row): null

2024-05-16 00:19:52 - [TEST_STEP][PASSED] - openBrowser(VLinkURL + "auth.html"): Browser is opened with url: 'https://dev-algorithm.govolution.com/vlinktest/QA2/version_2_0/auth.html'

2024-05-16 00:19:52 - [MESSAGE][WARNING] - A browser is already opened. Closing browser and opening a new one

2024-05-16 00:19:53 - [MESSAGE][INFO] - Starting 'Chrome' driver

2024-05-16 00:19:53 - [MESSAGE][INFO] - User set preference: ['acceptInsecureCerts', 'true']

2024-05-16 00:19:53 - [MESSAGE][INFO] - Action delay is set to 0 milliseconds

2024-05-16 00:19:55 - [MESSAGE][PASSED] - Browser is opened with url: 'https://dev-algorithm.govolution.com/vlinktest/QA2/version_2_0/auth.html'

2024-05-16 00:19:55 - [TEST_STEP][PASSED] - maximizeWindow(): Current window maximized

2024-05-16 00:19:55 - [MESSAGE][PASSED] - Current window maximized

2024-05-16 00:19:55 - [TEST_STEP][PASSED] - maximizeWindow(): Current window maximized

2024-05-16 00:19:55 - [MESSAGE][PASSED] - Current window maximized

2024-05-16 00:19:55 - [TEST_STEP][PASSED] - setText(findTestObject("Object Repository/RecAndPlayBk/Page-Vlink-AuthOnly/txt_TransactionType"), tranType): Text '' is set on object 'Object Repository/RecAndPlayBk/Page-Vlink-AuthOnly/txt_TransactionType'

2024-05-16 00:19:56 - [MESSAGE][PASSED] - Text '' is set on object 'Object Repository/RecAndPlayBk/Page-Vlink-AuthOnly/txt_TransactionType'

2024-05-16 00:19:56 - [TEST_STEP][PASSED] - setText(findTestObject("Object Repository/RecAndPlayBk/Page-Vlink-AuthOnly/txt_MessageVersion"), mv): Text '2.0C' is set on object 'Object Repository/RecAndPlayBk/Page-Vlink-AuthOnly/txt_MessageVersion'

2024-05-16 00:19:57 - [MESSAGE][PASSED] - Text '2.0C' is set on object 'Object Repository/RecAndPlayBk/Page-Vlink-AuthOnly/txt_MessageVersion'

2024-05-16 00:19:57 - [TEST_STEP][PASSED] - genRemID = RandomStringUtils.random(12, true, true): null

2024-05-16 00:19:57 - [TEST_STEP][PASSED] - setText(findTestObject("Object Repository/RecAndPlayBk/Page-Vlink-AuthOnly/input_Remittance Id_remittance_id"), genRemID): Text 'tHTSRzHsWO9t' is set on object 'Object Repository/RecAndPlayBk/Page-Vlink-AuthOnly/input_Remittance Id_remittance_id'

2024-05-16 00:19:57 - [MESSAGE][PASSED] - Text 'tHTSRzHsWO9t' is set on object 'Object Repository/RecAndPlayBk/Page-Vlink-AuthOnly/input_Remittance Id_remittance_id'

2024-05-16 00:19:57 - [TEST_STEP][PASSED] - setText(findTestObject("Object Repository/RecAndPlayBk/Page-Vlink-AuthOnly/input_Application Id_application_id"), appID): Text '234' is set on object 'Object Repository/RecAndPlayBk/Page-Vlink-AuthOnly/input_Application Id_application_id'

2024-05-16 00:19:58 - [MESSAGE][PASSED] - Text '234' is set on object 'Object Repository/RecAndPlayBk/Page-Vlink-AuthOnly/input_Application Id_application_id'

2024-05-16 00:19:58 - [TEST_STEP][PASSED] - setText(findTestObject("Object Repository/RecAndPlayBk/Page-Vlink-AuthOnly/input_Username_username"), username): Text 'username' is set on object 'Object Repository/RecAndPlayBk/Page-Vlink-AuthOnly/input_Username_username'

2024-05-16 00:19:59 - [MESSAGE][PASSED] - Text 'username' is set on object 'Object Repository/RecAndPlayBk/Page-Vlink-AuthOnly/input_Username_username'

2024-05-16 00:19:59 - [TEST_STEP][PASSED] - setText(findTestObject("Object Repository/RecAndPlayBk/Page-Vlink-AuthOnly/input_Password_password"), password): Text 'password' is set on object 'Object Repository/RecAndPlayBk/Page-Vlink-AuthOnly/input_Password_password'

2024-05-16 00:19:59 - [MESSAGE][PASSED] - Text 'password' is set on object 'Object Repository/RecAndPlayBk/Page-Vlink-AuthOnly/input_Password_password'

2024-05-16 00:19:59 - [TEST_STEP][PASSED] - setText(findTestObject("Object Repository/RecAndPlayBk/Page-Vlink-AuthOnly/txt_ResponseFormat"), resFormat): Text 'fixed_width' is set on object 'Object Repository/RecAndPlayBk/Page-Vlink-AuthOnly/txt_ResponseFormat'

2024-05-16 00:20:00 - [MESSAGE][PASSED] - Text 'fixed_width' is set on object 'Object Repository/RecAndPlayBk/Page-Vlink-AuthOnly/txt_ResponseFormat'

2024-05-16 00:20:00 - [TEST_STEP][PASSED] - setText(findTestObject("Object Repository/RecAndPlayBk/Page-Vlink-AuthOnly/input_Category_category"), category): Text 'RETL' is set on object 'Object Repository/RecAndPlayBk/Page-Vlink-AuthOnly/input_Category_category'

2024-05-16 00:20:01 - [MESSAGE][PASSED] - Text 'RETL' is set on object 'Object Repository/RecAndPlayBk/Page-Vlink-AuthOnly/input_Category_category'

2024-05-16 00:20:01 - [TEST_STEP][PASSED] - setText(findTestObject("Object Repository/RecAndPlayBk/Page-Vlink-AuthOnly/txt_CardName"), cardName): Text 'Kris Roshan' is set on object 'Object Repository/RecAndPlayBk/Page-Vlink-AuthOnly/txt_CardName'

2024-05-16 00:20:01 - [MESSAGE][PASSED] - Text 'Kris Roshan' is set on object 'Object Repository/RecAndPlayBk/Page-Vlink-AuthOnly/txt_CardName'

2024-05-16 00:20:01 - [TEST_STEP][PASSED] - setText(findTestObject("Object Repository/RecAndPlayBk/Page-Vlink-AuthOnly/txt_AL1"), al1): Text '258 Elm Road' is set on object 'Object Repository/RecAndPlayBk/Page-Vlink-AuthOnly/txt_AL1'

2024-05-16 00:20:02 - [MESSAGE][PASSED] - Text '258 Elm Road' is set on object 'Object Repository/RecAndPlayBk/Page-Vlink-AuthOnly/txt_AL1'

2024-05-16 00:20:02 - [TEST_STEP][PASSED] - setText(findTestObject("Object Repository/RecAndPlayBk/Page-Vlink-AuthOnly/txt_CardCity"), city): Text 'Arlington' is set on object 'Object Repository/RecAndPlayBk/Page-Vlink-AuthOnly/txt_CardCity'

2024-05-16 00:20:03 - [MESSAGE][PASSED] - Text 'Arlington' is set on object 'Object Repository/RecAndPlayBk/Page-Vlink-AuthOnly/txt_CardCity'

2024-05-16 00:20:03 - [TEST_STEP][PASSED] - setText(findTestObject("Object Repository/RecAndPlayBk/Page-Vlink-AuthOnly/txt_CardState"), state): Text 'VA' is set on object 'Object Repository/RecAndPlayBk/Page-Vlink-AuthOnly/txt_CardState'

2024-05-16 00:20:03 - [MESSAGE][PASSED] - Text 'VA' is set on object 'Object Repository/RecAndPlayBk/Page-Vlink-AuthOnly/txt_CardState'

2024-05-16 00:20:03 - [TEST_STEP][PASSED] - setText(findTestObject("Object Repository/RecAndPlayBk/Page-Vlink-AuthOnly/txt_CardZIP"), zip): Text '22201' is set on object 'Object Repository/RecAndPlayBk/Page-Vlink-AuthOnly/txt_CardZIP'

2024-05-16 00:20:04 - [MESSAGE][PASSED] - Text '22201' is set on object 'Object Repository/RecAndPlayBk/Page-Vlink-AuthOnly/txt_CardZIP'

2024-05-16 00:20:04 - [TEST_STEP][PASSED] - setText(findTestObject("Object Repository/RecAndPlayBk/Page-Vlink-AuthOnly/input_Amount_amount"), amount): Text '1.50' is set on object 'Object Repository/RecAndPlayBk/Page-Vlink-AuthOnly/input_Amount_amount'

2024-05-16 00:20:05 - [MESSAGE][PASSED] - Text '1.50' is set on object 'Object Repository/RecAndPlayBk/Page-Vlink-AuthOnly/input_Amount_amount'

2024-05-16 00:20:05 - [TEST_STEP][PASSED] - setText(findTestObject("Object Repository/RecAndPlayBk/Page-Vlink-AuthOnly/input_Card number_card_number"), cardNumber): Text '4111111111111111' is set on object 'Object Repository/RecAndPlayBk/Page-Vlink-AuthOnly/input_Card number_card_number'

2024-05-16 00:20:05 - [MESSAGE][PASSED] - Text '4111111111111111' is set on object 'Object Repository/RecAndPlayBk/Page-Vlink-AuthOnly/input_Card number_card_number'

2024-05-16 00:20:05 - [TEST_STEP][PASSED] - setText(findTestObject("Object Repository/RecAndPlayBk/Page-Vlink-AuthOnly/input_Card ex month_card_exmo"), exM): Text '12' is set on object 'Object Repository/RecAndPlayBk/Page-Vlink-AuthOnly/input_Card ex month_card_exmo'

2024-05-16 00:20:06 - [MESSAGE][PASSED] - Text '12' is set on object 'Object Repository/RecAndPlayBk/Page-Vlink-AuthOnly/input_Card ex month_card_exmo'

2024-05-16 00:20:06 - [TEST_STEP][PASSED] - setText(findTestObject("Object Repository/RecAndPlayBk/Page-Vlink-AuthOnly/input_Card ex year_card_exyr"), exY): Text '2025' is set on object 'Object Repository/RecAndPlayBk/Page-Vlink-AuthOnly/input_Card ex year_card_exyr'

2024-05-16 00:20:07 - [MESSAGE][PASSED] - Text '2025' is set on object 'Object Repository/RecAndPlayBk/Page-Vlink-AuthOnly/input_Card ex year_card_exyr'

2024-05-16 00:20:07 - [TEST_STEP][PASSED] - setText(findTestObject("Object Repository/RecAndPlayBk/Page-Vlink-AuthOnly/input_Track Data_track_data"), ""): Text '' is set on object 'Object Repository/RecAndPlayBk/Page-Vlink-AuthOnly/input_Track Data_track_data'

2024-05-16 00:20:07 - [MESSAGE][PASSED] - Text '' is set on object 'Object Repository/RecAndPlayBk/Page-Vlink-AuthOnly/input_Track Data_track_data'

2024-05-16 00:20:07 - [TEST_STEP][PASSED] - setText(findTestObject("Object Repository/RecAndPlayBk/Page-Vlink-AuthOnly/input_concat(Cardholder, , s email)_email"), ""): Text '' is set on object 'Object Repository/RecAndPlayBk/Page-Vlink-AuthOnly/input_concat(Cardholder, , s email)_email'

2024-05-16 00:20:08 - [MESSAGE][PASSED] - Text '' is set on object 'Object Repository/RecAndPlayBk/Page-Vlink-AuthOnly/input_concat(Cardholder, , s email)_email'

2024-05-16 00:20:08 - [TEST_STEP][PASSED] - click(findTestObject("Object Repository/RecAndPlayBk/Page-Vlink-AuthOnly/input_user_defined10_user_defined10")): Object: 'Object Repository/RecAndPlayBk/Page-Vlink-AuthOnly/input_user_defined10_user_defined10' is clicked on

2024-05-16 00:20:08 - [MESSAGE][PASSED] - Object: 'Object Repository/RecAndPlayBk/Page-Vlink-AuthOnly/input_user_defined10_user_defined10' is clicked on

2024-05-16 00:20:08 - [TEST_STEP][PASSED] - setText(findTestObject("Object Repository/RecAndPlayBk/Page-Vlink-AuthOnly/input_Card on File Indicator_card_on_file_i_157dae"), ""): Text '' is set on object 'Object Repository/RecAndPlayBk/Page-Vlink-AuthOnly/input_Card on File Indicator_card_on_file_i_157dae'

2024-05-16 00:20:09 - [MESSAGE][PASSED] - Text '' is set on object 'Object Repository/RecAndPlayBk/Page-Vlink-AuthOnly/input_Card on File Indicator_card_on_file_i_157dae'

2024-05-16 00:20:09 - [TEST_STEP][PASSED] - setText(findTestObject("Object Repository/RecAndPlayBk/Page-Vlink-AuthOnly/input_Stored Credential Indicator_stored_cr_4ae73c"), ""): Text '' is set on object 'Object Repository/RecAndPlayBk/Page-Vlink-AuthOnly/input_Stored Credential Indicator_stored_cr_4ae73c'

2024-05-16 00:20:10 - [MESSAGE][PASSED] - Text '' is set on object 'Object Repository/RecAndPlayBk/Page-Vlink-AuthOnly/input_Stored Credential Indicator_stored_cr_4ae73c'

2024-05-16 00:20:10 - [TEST_STEP][PASSED] - setText(findTestObject("Object Repository/RecAndPlayBk/Page-Vlink-AuthOnly/input_COF Scheduled indicator_cof_scheduled_8df7d8"), ""): Text '' is set on object 'Object Repository/RecAndPlayBk/Page-Vlink-AuthOnly/input_COF Scheduled indicator_cof_scheduled_8df7d8'

2024-05-16 00:20:10 - [MESSAGE][PASSED] - Text '' is set on object 'Object Repository/RecAndPlayBk/Page-Vlink-AuthOnly/input_COF Scheduled indicator_cof_scheduled_8df7d8'

2024-05-16 00:20:10 - [TEST_STEP][PASSED] - setText(findTestObject("Object Repository/RecAndPlayBk/Page-Vlink-AuthOnly/input_COF Transaction Initiated by_cof_tran_6cded5"), ""): Text '' is set on object 'Object Repository/RecAndPlayBk/Page-Vlink-AuthOnly/input_COF Transaction Initiated by_cof_tran_6cded5'

2024-05-16 00:20:11 - [MESSAGE][PASSED] - Text '' is set on object 'Object Repository/RecAndPlayBk/Page-Vlink-AuthOnly/input_COF Transaction Initiated by_cof_tran_6cded5'

2024-05-16 00:20:11 - [TEST_STEP][PASSED] - click(findTestObject("Object Repository/RecAndPlayBk/Page-Vlink-AuthOnly/input")): Object: 'Object Repository/RecAndPlayBk/Page-Vlink-AuthOnly/input' is clicked on

2024-05-16 00:20:11 - [MESSAGE][PASSED] - Object: 'Object Repository/RecAndPlayBk/Page-Vlink-AuthOnly/input' is clicked on

2024-05-16 00:20:11 - [TEST_STEP][PASSED] - if (verifyTextPresent(errorMsg, true)): null

2024-05-16 00:20:12 - [MESSAGE][PASSED] - Text 'Missing parameter: transaction_type' is present on page  using regular expression

2024-05-16 00:20:12 - [TEST_STEP][PASSED] - println("Error Message is present on the Confirmation page"): null

2024-05-16 00:20:12 - [TEST_STEP][PASSED] - out.println("Pass Record Number: " + row): null

2024-05-16 00:20:12 - [TEST_STEP][PASSED] - resText = "Pass": null

2024-05-16 00:20:12 - [TEST_STEP][PASSED] - pages.WriteExcel.demoKey(resText, datText, resColumn, datCloumn, fileLoc, nameSheet, row): pages.WriteExcel.demoKey is PASSED

2024-05-16 00:20:12 - [MESSAGE][PASSED] - pages.WriteExcel.demoKey is PASSED

2024-05-16 00:20:12 - [TEST_STEP][PASSED] - ExecuteTC = findTestData(dataFile).getValue("Execute", row): null

2024-05-16 00:20:12 - [TEST_STEP][PASSED] - out.println("Value of Execute is : " + ExecuteTC): null

2024-05-16 00:20:12 - [TEST_STEP][PASSED] - if (ExecuteTC.equalsIgnoreCase("Y")): null

2024-05-16 00:20:12 - [TEST_STEP][PASSED] - out.println("Begin Record Number: " + row): null

2024-05-16 00:20:12 - [TEST_STEP][PASSED] - today = new java.util.Date(): null

2024-05-16 00:20:12 - [TEST_STEP][PASSED] - println(today): null

2024-05-16 00:20:12 - [TEST_STEP][PASSED] - datText = today: null

2024-05-16 00:20:12 - [TEST_STEP][PASSED] - errorMsg = findTestData(dataFile).getValue("ErrorMsg", row): null

2024-05-16 00:20:12 - [TEST_STEP][PASSED] - appID = findTestData(dataFile).getValue("AppID", row): null

2024-05-16 00:20:12 - [TEST_STEP][PASSED] - username = findTestData(dataFile).getValue("Username", row): null

2024-05-16 00:20:12 - [TEST_STEP][PASSED] - password = findTestData(dataFile).getValue("Password", row): null

2024-05-16 00:20:12 - [TEST_STEP][PASSED] - tranType = findTestData(dataFile).getValue("TranType", row): null

2024-05-16 00:20:13 - [TEST_STEP][PASSED] - mv = findTestData(dataFile).getValue("MV", row): null

2024-05-16 00:20:13 - [TEST_STEP][PASSED] - resFormat = findTestData(dataFile).getValue("ResFormat", row): null

2024-05-16 00:20:13 - [TEST_STEP][PASSED] - category = findTestData(dataFile).getValue("Category", row): null

2024-05-16 00:20:13 - [TEST_STEP][PASSED] - amount = findTestData(dataFile).getValue("Amount", row): null

2024-05-16 00:20:13 - [TEST_STEP][PASSED] - cardName = findTestData(dataFile).getValue("CardName", row): null

2024-05-16 00:20:13 - [TEST_STEP][PASSED] - al1 = findTestData(dataFile).getValue("AL1", row): null

2024-05-16 00:20:13 - [TEST_STEP][PASSED] - city = findTestData(dataFile).getValue("City", row): null

2024-05-16 00:20:13 - [TEST_STEP][PASSED] - state = findTestData(dataFile).getValue("State", row): null

2024-05-16 00:20:13 - [TEST_STEP][PASSED] - zip = findTestData(dataFile).getValue("ZIP", row): null

2024-05-16 00:20:13 - [TEST_STEP][PASSED] - cardNumber = findTestData(dataFile).getValue("CardNumber", row): null

2024-05-16 00:20:13 - [TEST_STEP][PASSED] - exM = findTestData(dataFile).getValue("ExM", row): null

2024-05-16 00:20:14 - [TEST_STEP][PASSED] - exY = findTestData(dataFile).getValue("ExY", row): null

2024-05-16 00:20:14 - [TEST_STEP][PASSED] - openBrowser(VLinkURL + "auth.html"): Browser is opened with url: 'https://dev-algorithm.govolution.com/vlinktest/QA2/version_2_0/auth.html'

2024-05-16 00:20:14 - [MESSAGE][WARNING] - A browser is already opened. Closing browser and opening a new one

2024-05-16 00:20:15 - [MESSAGE][INFO] - Starting 'Chrome' driver

2024-05-16 00:20:15 - [MESSAGE][INFO] - User set preference: ['acceptInsecureCerts', 'true']

2024-05-16 00:20:15 - [MESSAGE][INFO] - Action delay is set to 0 milliseconds

2024-05-16 00:20:17 - [MESSAGE][PASSED] - Browser is opened with url: 'https://dev-algorithm.govolution.com/vlinktest/QA2/version_2_0/auth.html'

2024-05-16 00:20:17 - [TEST_STEP][PASSED] - maximizeWindow(): Current window maximized

2024-05-16 00:20:18 - [MESSAGE][PASSED] - Current window maximized

2024-05-16 00:20:18 - [TEST_STEP][PASSED] - maximizeWindow(): Current window maximized

2024-05-16 00:20:18 - [MESSAGE][PASSED] - Current window maximized

2024-05-16 00:20:18 - [TEST_STEP][PASSED] - setText(findTestObject("Object Repository/RecAndPlayBk/Page-Vlink-AuthOnly/txt_TransactionType"), tranType): Text '104' is set on object 'Object Repository/RecAndPlayBk/Page-Vlink-AuthOnly/txt_TransactionType'

2024-05-16 00:20:18 - [MESSAGE][PASSED] - Text '104' is set on object 'Object Repository/RecAndPlayBk/Page-Vlink-AuthOnly/txt_TransactionType'

2024-05-16 00:20:18 - [TEST_STEP][PASSED] - setText(findTestObject("Object Repository/RecAndPlayBk/Page-Vlink-AuthOnly/txt_MessageVersion"), mv): Text '' is set on object 'Object Repository/RecAndPlayBk/Page-Vlink-AuthOnly/txt_MessageVersion'

2024-05-16 00:20:19 - [MESSAGE][PASSED] - Text '' is set on object 'Object Repository/RecAndPlayBk/Page-Vlink-AuthOnly/txt_MessageVersion'

2024-05-16 00:20:19 - [TEST_STEP][PASSED] - genRemID = RandomStringUtils.random(12, true, true): null

2024-05-16 00:20:19 - [TEST_STEP][PASSED] - setText(findTestObject("Object Repository/RecAndPlayBk/Page-Vlink-AuthOnly/input_Remittance Id_remittance_id"), genRemID): Text 'V8Q1LP9M5Rvm' is set on object 'Object Repository/RecAndPlayBk/Page-Vlink-AuthOnly/input_Remittance Id_remittance_id'

2024-05-16 00:20:20 - [MESSAGE][PASSED] - Text 'V8Q1LP9M5Rvm' is set on object 'Object Repository/RecAndPlayBk/Page-Vlink-AuthOnly/input_Remittance Id_remittance_id'

2024-05-16 00:20:20 - [TEST_STEP][PASSED] - setText(findTestObject("Object Repository/RecAndPlayBk/Page-Vlink-AuthOnly/input_Application Id_application_id"), appID): Text '234' is set on object 'Object Repository/RecAndPlayBk/Page-Vlink-AuthOnly/input_Application Id_application_id'

2024-05-16 00:20:20 - [MESSAGE][PASSED] - Text '234' is set on object 'Object Repository/RecAndPlayBk/Page-Vlink-AuthOnly/input_Application Id_application_id'

2024-05-16 00:20:20 - [TEST_STEP][PASSED] - setText(findTestObject("Object Repository/RecAndPlayBk/Page-Vlink-AuthOnly/input_Username_username"), username): Text 'username' is set on object 'Object Repository/RecAndPlayBk/Page-Vlink-AuthOnly/input_Username_username'

2024-05-16 00:20:21 - [MESSAGE][PASSED] - Text 'username' is set on object 'Object Repository/RecAndPlayBk/Page-Vlink-AuthOnly/input_Username_username'

2024-05-16 00:20:21 - [TEST_STEP][PASSED] - setText(findTestObject("Object Repository/RecAndPlayBk/Page-Vlink-AuthOnly/input_Password_password"), password): Text 'password' is set on object 'Object Repository/RecAndPlayBk/Page-Vlink-AuthOnly/input_Password_password'

2024-05-16 00:20:22 - [MESSAGE][PASSED] - Text 'password' is set on object 'Object Repository/RecAndPlayBk/Page-Vlink-AuthOnly/input_Password_password'

2024-05-16 00:20:22 - [TEST_STEP][PASSED] - setText(findTestObject("Object Repository/RecAndPlayBk/Page-Vlink-AuthOnly/txt_ResponseFormat"), resFormat): Text 'fixed_width' is set on object 'Object Repository/RecAndPlayBk/Page-Vlink-AuthOnly/txt_ResponseFormat'

2024-05-16 00:20:22 - [MESSAGE][PASSED] - Text 'fixed_width' is set on object 'Object Repository/RecAndPlayBk/Page-Vlink-AuthOnly/txt_ResponseFormat'

2024-05-16 00:20:22 - [TEST_STEP][PASSED] - setText(findTestObject("Object Repository/RecAndPlayBk/Page-Vlink-AuthOnly/input_Category_category"), category): Text 'ECOM' is set on object 'Object Repository/RecAndPlayBk/Page-Vlink-AuthOnly/input_Category_category'

2024-05-16 00:20:23 - [MESSAGE][PASSED] - Text 'ECOM' is set on object 'Object Repository/RecAndPlayBk/Page-Vlink-AuthOnly/input_Category_category'

2024-05-16 00:20:23 - [TEST_STEP][PASSED] - setText(findTestObject("Object Repository/RecAndPlayBk/Page-Vlink-AuthOnly/txt_CardName"), cardName): Text 'Kris Roshan' is set on object 'Object Repository/RecAndPlayBk/Page-Vlink-AuthOnly/txt_CardName'

2024-05-16 00:20:24 - [MESSAGE][PASSED] - Text 'Kris Roshan' is set on object 'Object Repository/RecAndPlayBk/Page-Vlink-AuthOnly/txt_CardName'

2024-05-16 00:20:24 - [TEST_STEP][PASSED] - setText(findTestObject("Object Repository/RecAndPlayBk/Page-Vlink-AuthOnly/txt_AL1"), al1): Text '258 Elm Road' is set on object 'Object Repository/RecAndPlayBk/Page-Vlink-AuthOnly/txt_AL1'

2024-05-16 00:20:24 - [MESSAGE][PASSED] - Text '258 Elm Road' is set on object 'Object Repository/RecAndPlayBk/Page-Vlink-AuthOnly/txt_AL1'

2024-05-16 00:20:24 - [TEST_STEP][PASSED] - setText(findTestObject("Object Repository/RecAndPlayBk/Page-Vlink-AuthOnly/txt_CardCity"), city): Text 'Arlington' is set on object 'Object Repository/RecAndPlayBk/Page-Vlink-AuthOnly/txt_CardCity'

2024-05-16 00:20:25 - [MESSAGE][PASSED] - Text 'Arlington' is set on object 'Object Repository/RecAndPlayBk/Page-Vlink-AuthOnly/txt_CardCity'

2024-05-16 00:20:25 - [TEST_STEP][PASSED] - setText(findTestObject("Object Repository/RecAndPlayBk/Page-Vlink-AuthOnly/txt_CardState"), state): Text 'VA' is set on object 'Object Repository/RecAndPlayBk/Page-Vlink-AuthOnly/txt_CardState'

2024-05-16 00:20:26 - [MESSAGE][PASSED] - Text 'VA' is set on object 'Object Repository/RecAndPlayBk/Page-Vlink-AuthOnly/txt_CardState'

2024-05-16 00:20:26 - [TEST_STEP][PASSED] - setText(findTestObject("Object Repository/RecAndPlayBk/Page-Vlink-AuthOnly/txt_CardZIP"), zip): Text '22201' is set on object 'Object Repository/RecAndPlayBk/Page-Vlink-AuthOnly/txt_CardZIP'

2024-05-16 00:20:26 - [MESSAGE][PASSED] - Text '22201' is set on object 'Object Repository/RecAndPlayBk/Page-Vlink-AuthOnly/txt_CardZIP'

2024-05-16 00:20:26 - [TEST_STEP][PASSED] - setText(findTestObject("Object Repository/RecAndPlayBk/Page-Vlink-AuthOnly/input_Amount_amount"), amount): Text '1.50' is set on object 'Object Repository/RecAndPlayBk/Page-Vlink-AuthOnly/input_Amount_amount'

2024-05-16 00:20:27 - [MESSAGE][PASSED] - Text '1.50' is set on object 'Object Repository/RecAndPlayBk/Page-Vlink-AuthOnly/input_Amount_amount'

2024-05-16 00:20:27 - [TEST_STEP][PASSED] - setText(findTestObject("Object Repository/RecAndPlayBk/Page-Vlink-AuthOnly/input_Card number_card_number"), cardNumber): Text '4111111111111111' is set on object 'Object Repository/RecAndPlayBk/Page-Vlink-AuthOnly/input_Card number_card_number'

2024-05-16 00:20:28 - [MESSAGE][PASSED] - Text '4111111111111111' is set on object 'Object Repository/RecAndPlayBk/Page-Vlink-AuthOnly/input_Card number_card_number'

2024-05-16 00:20:28 - [TEST_STEP][PASSED] - setText(findTestObject("Object Repository/RecAndPlayBk/Page-Vlink-AuthOnly/input_Card ex month_card_exmo"), exM): Text '12' is set on object 'Object Repository/RecAndPlayBk/Page-Vlink-AuthOnly/input_Card ex month_card_exmo'

2024-05-16 00:20:28 - [MESSAGE][PASSED] - Text '12' is set on object 'Object Repository/RecAndPlayBk/Page-Vlink-AuthOnly/input_Card ex month_card_exmo'

2024-05-16 00:20:28 - [TEST_STEP][PASSED] - setText(findTestObject("Object Repository/RecAndPlayBk/Page-Vlink-AuthOnly/input_Card ex year_card_exyr"), exY): Text '2025' is set on object 'Object Repository/RecAndPlayBk/Page-Vlink-AuthOnly/input_Card ex year_card_exyr'

2024-05-16 00:20:29 - [MESSAGE][PASSED] - Text '2025' is set on object 'Object Repository/RecAndPlayBk/Page-Vlink-AuthOnly/input_Card ex year_card_exyr'

2024-05-16 00:20:29 - [TEST_STEP][PASSED] - setText(findTestObject("Object Repository/RecAndPlayBk/Page-Vlink-AuthOnly/input_Track Data_track_data"), ""): Text '' is set on object 'Object Repository/RecAndPlayBk/Page-Vlink-AuthOnly/input_Track Data_track_data'

2024-05-16 00:20:30 - [MESSAGE][PASSED] - Text '' is set on object 'Object Repository/RecAndPlayBk/Page-Vlink-AuthOnly/input_Track Data_track_data'

2024-05-16 00:20:30 - [TEST_STEP][PASSED] - setText(findTestObject("Object Repository/RecAndPlayBk/Page-Vlink-AuthOnly/input_concat(Cardholder, , s email)_email"), ""): Text '' is set on object 'Object Repository/RecAndPlayBk/Page-Vlink-AuthOnly/input_concat(Cardholder, , s email)_email'

2024-05-16 00:20:30 - [MESSAGE][PASSED] - Text '' is set on object 'Object Repository/RecAndPlayBk/Page-Vlink-AuthOnly/input_concat(Cardholder, , s email)_email'

2024-05-16 00:20:30 - [TEST_STEP][PASSED] - click(findTestObject("Object Repository/RecAndPlayBk/Page-Vlink-AuthOnly/input_user_defined10_user_defined10")): Object: 'Object Repository/RecAndPlayBk/Page-Vlink-AuthOnly/input_user_defined10_user_defined10' is clicked on

2024-05-16 00:20:31 - [MESSAGE][PASSED] - Object: 'Object Repository/RecAndPlayBk/Page-Vlink-AuthOnly/input_user_defined10_user_defined10' is clicked on

2024-05-16 00:20:31 - [TEST_STEP][PASSED] - setText(findTestObject("Object Repository/RecAndPlayBk/Page-Vlink-AuthOnly/input_Card on File Indicator_card_on_file_i_157dae"), ""): Text '' is set on object 'Object Repository/RecAndPlayBk/Page-Vlink-AuthOnly/input_Card on File Indicator_card_on_file_i_157dae'

2024-05-16 00:20:31 - [MESSAGE][PASSED] - Text '' is set on object 'Object Repository/RecAndPlayBk/Page-Vlink-AuthOnly/input_Card on File Indicator_card_on_file_i_157dae'

2024-05-16 00:20:31 - [TEST_STEP][PASSED] - setText(findTestObject("Object Repository/RecAndPlayBk/Page-Vlink-AuthOnly/input_Stored Credential Indicator_stored_cr_4ae73c"), ""): Text '' is set on object 'Object Repository/RecAndPlayBk/Page-Vlink-AuthOnly/input_Stored Credential Indicator_stored_cr_4ae73c'

2024-05-16 00:20:32 - [MESSAGE][PASSED] - Text '' is set on object 'Object Repository/RecAndPlayBk/Page-Vlink-AuthOnly/input_Stored Credential Indicator_stored_cr_4ae73c'

2024-05-16 00:20:32 - [TEST_STEP][PASSED] - setText(findTestObject("Object Repository/RecAndPlayBk/Page-Vlink-AuthOnly/input_COF Scheduled indicator_cof_scheduled_8df7d8"), ""): Text '' is set on object 'Object Repository/RecAndPlayBk/Page-Vlink-AuthOnly/input_COF Scheduled indicator_cof_scheduled_8df7d8'

2024-05-16 00:20:32 - [MESSAGE][PASSED] - Text '' is set on object 'Object Repository/RecAndPlayBk/Page-Vlink-AuthOnly/input_COF Scheduled indicator_cof_scheduled_8df7d8'

2024-05-16 00:20:32 - [TEST_STEP][PASSED] - setText(findTestObject("Object Repository/RecAndPlayBk/Page-Vlink-AuthOnly/input_COF Transaction Initiated by_cof_tran_6cded5"), ""): Text '' is set on object 'Object Repository/RecAndPlayBk/Page-Vlink-AuthOnly/input_COF Transaction Initiated by_cof_tran_6cded5'

2024-05-16 00:20:33 - [MESSAGE][PASSED] - Text '' is set on object 'Object Repository/RecAndPlayBk/Page-Vlink-AuthOnly/input_COF Transaction Initiated by_cof_tran_6cded5'

2024-05-16 00:20:33 - [TEST_STEP][PASSED] - click(findTestObject("Object Repository/RecAndPlayBk/Page-Vlink-AuthOnly/input")): Object: 'Object Repository/RecAndPlayBk/Page-Vlink-AuthOnly/input' is clicked on

2024-05-16 00:20:34 - [MESSAGE][PASSED] - Object: 'Object Repository/RecAndPlayBk/Page-Vlink-AuthOnly/input' is clicked on

2024-05-16 00:20:34 - [TEST_STEP][PASSED] - if (verifyTextPresent(errorMsg, true)): null

2024-05-16 00:20:34 - [MESSAGE][PASSED] - Text 'Missing parameter: message_version' is present on page  using regular expression

2024-05-16 00:20:34 - [TEST_STEP][PASSED] - println("Error Message is present on the Confirmation page"): null

2024-05-16 00:20:34 - [TEST_STEP][PASSED] - out.println("Pass Record Number: " + row): null

2024-05-16 00:20:34 - [TEST_STEP][PASSED] - resText = "Pass": null

2024-05-16 00:20:34 - [TEST_STEP][PASSED] - pages.WriteExcel.demoKey(resText, datText, resColumn, datCloumn, fileLoc, nameSheet, row): pages.WriteExcel.demoKey is PASSED

2024-05-16 00:20:34 - [MESSAGE][PASSED] - pages.WriteExcel.demoKey is PASSED

2024-05-16 00:20:34 - [TEST_STEP][PASSED] - ExecuteTC = findTestData(dataFile).getValue("Execute", row): null

2024-05-16 00:20:34 - [TEST_STEP][PASSED] - out.println("Value of Execute is : " + ExecuteTC): null

2024-05-16 00:20:34 - [TEST_STEP][PASSED] - if (ExecuteTC.equalsIgnoreCase("Y")): null

2024-05-16 00:20:34 - [TEST_STEP][PASSED] - out.println("Begin Record Number: " + row): null

2024-05-16 00:20:34 - [TEST_STEP][PASSED] - today = new java.util.Date(): null

2024-05-16 00:20:34 - [TEST_STEP][PASSED] - println(today): null

2024-05-16 00:20:34 - [TEST_STEP][PASSED] - datText = today: null

2024-05-16 00:20:34 - [TEST_STEP][PASSED] - errorMsg = findTestData(dataFile).getValue("ErrorMsg", row): null

2024-05-16 00:20:34 - [TEST_STEP][PASSED] - appID = findTestData(dataFile).getValue("AppID", row): null

2024-05-16 00:20:35 - [TEST_STEP][PASSED] - username = findTestData(dataFile).getValue("Username", row): null

2024-05-16 00:20:35 - [TEST_STEP][PASSED] - password = findTestData(dataFile).getValue("Password", row): null

2024-05-16 00:20:35 - [TEST_STEP][PASSED] - tranType = findTestData(dataFile).getValue("TranType", row): null

2024-05-16 00:20:35 - [TEST_STEP][PASSED] - mv = findTestData(dataFile).getValue("MV", row): null

2024-05-16 00:20:35 - [TEST_STEP][PASSED] - resFormat = findTestData(dataFile).getValue("ResFormat", row): null

2024-05-16 00:20:35 - [TEST_STEP][PASSED] - category = findTestData(dataFile).getValue("Category", row): null

2024-05-16 00:20:35 - [TEST_STEP][PASSED] - amount = findTestData(dataFile).getValue("Amount", row): null

2024-05-16 00:20:35 - [TEST_STEP][PASSED] - cardName = findTestData(dataFile).getValue("CardName", row): null

2024-05-16 00:20:35 - [TEST_STEP][PASSED] - al1 = findTestData(dataFile).getValue("AL1", row): null

2024-05-16 00:20:35 - [TEST_STEP][PASSED] - city = findTestData(dataFile).getValue("City", row): null

2024-05-16 00:20:35 - [TEST_STEP][PASSED] - state = findTestData(dataFile).getValue("State", row): null

2024-05-16 00:20:36 - [TEST_STEP][PASSED] - zip = findTestData(dataFile).getValue("ZIP", row): null

2024-05-16 00:20:36 - [TEST_STEP][PASSED] - cardNumber = findTestData(dataFile).getValue("CardNumber", row): null

2024-05-16 00:20:36 - [TEST_STEP][PASSED] - exM = findTestData(dataFile).getValue("ExM", row): null

2024-05-16 00:20:36 - [TEST_STEP][PASSED] - exY = findTestData(dataFile).getValue("ExY", row): null

2024-05-16 00:20:36 - [TEST_STEP][PASSED] - openBrowser(VLinkURL + "auth.html"): Browser is opened with url: 'https://dev-algorithm.govolution.com/vlinktest/QA2/version_2_0/auth.html'

2024-05-16 00:20:36 - [MESSAGE][WARNING] - A browser is already opened. Closing browser and opening a new one

2024-05-16 00:20:37 - [MESSAGE][INFO] - Starting 'Chrome' driver

2024-05-16 00:20:37 - [MESSAGE][INFO] - User set preference: ['acceptInsecureCerts', 'true']

2024-05-16 00:20:37 - [MESSAGE][INFO] - Action delay is set to 0 milliseconds

2024-05-16 00:20:39 - [MESSAGE][PASSED] - Browser is opened with url: 'https://dev-algorithm.govolution.com/vlinktest/QA2/version_2_0/auth.html'

2024-05-16 00:20:39 - [TEST_STEP][PASSED] - maximizeWindow(): Current window maximized

2024-05-16 00:20:40 - [MESSAGE][PASSED] - Current window maximized

2024-05-16 00:20:40 - [TEST_STEP][PASSED] - maximizeWindow(): Current window maximized

2024-05-16 00:20:40 - [MESSAGE][PASSED] - Current window maximized

2024-05-16 00:20:40 - [TEST_STEP][PASSED] - setText(findTestObject("Object Repository/RecAndPlayBk/Page-Vlink-AuthOnly/txt_TransactionType"), tranType): Text '104' is set on object 'Object Repository/RecAndPlayBk/Page-Vlink-AuthOnly/txt_TransactionType'

2024-05-16 00:20:40 - [MESSAGE][PASSED] - Text '104' is set on object 'Object Repository/RecAndPlayBk/Page-Vlink-AuthOnly/txt_TransactionType'

2024-05-16 00:20:40 - [TEST_STEP][PASSED] - setText(findTestObject("Object Repository/RecAndPlayBk/Page-Vlink-AuthOnly/txt_MessageVersion"), mv): Text '' is set on object 'Object Repository/RecAndPlayBk/Page-Vlink-AuthOnly/txt_MessageVersion'

2024-05-16 00:20:41 - [MESSAGE][PASSED] - Text '' is set on object 'Object Repository/RecAndPlayBk/Page-Vlink-AuthOnly/txt_MessageVersion'

2024-05-16 00:20:41 - [TEST_STEP][PASSED] - genRemID = RandomStringUtils.random(12, true, true): null

2024-05-16 00:20:41 - [TEST_STEP][PASSED] - setText(findTestObject("Object Repository/RecAndPlayBk/Page-Vlink-AuthOnly/input_Remittance Id_remittance_id"), genRemID): Text 'RWx6POrfrseA' is set on object 'Object Repository/RecAndPlayBk/Page-Vlink-AuthOnly/input_Remittance Id_remittance_id'

2024-05-16 00:20:42 - [MESSAGE][PASSED] - Text 'RWx6POrfrseA' is set on object 'Object Repository/RecAndPlayBk/Page-Vlink-AuthOnly/input_Remittance Id_remittance_id'

2024-05-16 00:20:42 - [TEST_STEP][PASSED] - setText(findTestObject("Object Repository/RecAndPlayBk/Page-Vlink-AuthOnly/input_Application Id_application_id"), appID): Text '234' is set on object 'Object Repository/RecAndPlayBk/Page-Vlink-AuthOnly/input_Application Id_application_id'

2024-05-16 00:20:42 - [MESSAGE][PASSED] - Text '234' is set on object 'Object Repository/RecAndPlayBk/Page-Vlink-AuthOnly/input_Application Id_application_id'

2024-05-16 00:20:42 - [TEST_STEP][PASSED] - setText(findTestObject("Object Repository/RecAndPlayBk/Page-Vlink-AuthOnly/input_Username_username"), username): Text 'username' is set on object 'Object Repository/RecAndPlayBk/Page-Vlink-AuthOnly/input_Username_username'

2024-05-16 00:20:43 - [MESSAGE][PASSED] - Text 'username' is set on object 'Object Repository/RecAndPlayBk/Page-Vlink-AuthOnly/input_Username_username'

2024-05-16 00:20:43 - [TEST_STEP][PASSED] - setText(findTestObject("Object Repository/RecAndPlayBk/Page-Vlink-AuthOnly/input_Password_password"), password): Text 'password' is set on object 'Object Repository/RecAndPlayBk/Page-Vlink-AuthOnly/input_Password_password'

2024-05-16 00:20:44 - [MESSAGE][PASSED] - Text 'password' is set on object 'Object Repository/RecAndPlayBk/Page-Vlink-AuthOnly/input_Password_password'

2024-05-16 00:20:44 - [TEST_STEP][PASSED] - setText(findTestObject("Object Repository/RecAndPlayBk/Page-Vlink-AuthOnly/txt_ResponseFormat"), resFormat): Text 'fixed_width' is set on object 'Object Repository/RecAndPlayBk/Page-Vlink-AuthOnly/txt_ResponseFormat'

2024-05-16 00:20:44 - [MESSAGE][PASSED] - Text 'fixed_width' is set on object 'Object Repository/RecAndPlayBk/Page-Vlink-AuthOnly/txt_ResponseFormat'

2024-05-16 00:20:44 - [TEST_STEP][PASSED] - setText(findTestObject("Object Repository/RecAndPlayBk/Page-Vlink-AuthOnly/input_Category_category"), category): Text 'MOTO' is set on object 'Object Repository/RecAndPlayBk/Page-Vlink-AuthOnly/input_Category_category'

2024-05-16 00:20:45 - [MESSAGE][PASSED] - Text 'MOTO' is set on object 'Object Repository/RecAndPlayBk/Page-Vlink-AuthOnly/input_Category_category'

2024-05-16 00:20:45 - [TEST_STEP][PASSED] - setText(findTestObject("Object Repository/RecAndPlayBk/Page-Vlink-AuthOnly/txt_CardName"), cardName): Text 'Kris Roshan' is set on object 'Object Repository/RecAndPlayBk/Page-Vlink-AuthOnly/txt_CardName'

2024-05-16 00:20:46 - [MESSAGE][PASSED] - Text 'Kris Roshan' is set on object 'Object Repository/RecAndPlayBk/Page-Vlink-AuthOnly/txt_CardName'

2024-05-16 00:20:46 - [TEST_STEP][PASSED] - setText(findTestObject("Object Repository/RecAndPlayBk/Page-Vlink-AuthOnly/txt_AL1"), al1): Text '258 Elm Road' is set on object 'Object Repository/RecAndPlayBk/Page-Vlink-AuthOnly/txt_AL1'

2024-05-16 00:20:46 - [MESSAGE][PASSED] - Text '258 Elm Road' is set on object 'Object Repository/RecAndPlayBk/Page-Vlink-AuthOnly/txt_AL1'

2024-05-16 00:20:46 - [TEST_STEP][PASSED] - setText(findTestObject("Object Repository/RecAndPlayBk/Page-Vlink-AuthOnly/txt_CardCity"), city): Text 'Arlington' is set on object 'Object Repository/RecAndPlayBk/Page-Vlink-AuthOnly/txt_CardCity'

2024-05-16 00:20:47 - [MESSAGE][PASSED] - Text 'Arlington' is set on object 'Object Repository/RecAndPlayBk/Page-Vlink-AuthOnly/txt_CardCity'

2024-05-16 00:20:47 - [TEST_STEP][PASSED] - setText(findTestObject("Object Repository/RecAndPlayBk/Page-Vlink-AuthOnly/txt_CardState"), state): Text 'VA' is set on object 'Object Repository/RecAndPlayBk/Page-Vlink-AuthOnly/txt_CardState'

2024-05-16 00:20:48 - [MESSAGE][PASSED] - Text 'VA' is set on object 'Object Repository/RecAndPlayBk/Page-Vlink-AuthOnly/txt_CardState'

2024-05-16 00:20:48 - [TEST_STEP][PASSED] - setText(findTestObject("Object Repository/RecAndPlayBk/Page-Vlink-AuthOnly/txt_CardZIP"), zip): Text '22201' is set on object 'Object Repository/RecAndPlayBk/Page-Vlink-AuthOnly/txt_CardZIP'

2024-05-16 00:20:48 - [MESSAGE][PASSED] - Text '22201' is set on object 'Object Repository/RecAndPlayBk/Page-Vlink-AuthOnly/txt_CardZIP'

2024-05-16 00:20:48 - [TEST_STEP][PASSED] - setText(findTestObject("Object Repository/RecAndPlayBk/Page-Vlink-AuthOnly/input_Amount_amount"), amount): Text '1.50' is set on object 'Object Repository/RecAndPlayBk/Page-Vlink-AuthOnly/input_Amount_amount'

2024-05-16 00:20:49 - [MESSAGE][PASSED] - Text '1.50' is set on object 'Object Repository/RecAndPlayBk/Page-Vlink-AuthOnly/input_Amount_amount'

2024-05-16 00:20:49 - [TEST_STEP][PASSED] - setText(findTestObject("Object Repository/RecAndPlayBk/Page-Vlink-AuthOnly/input_Card number_card_number"), cardNumber): Text '4111111111111111' is set on object 'Object Repository/RecAndPlayBk/Page-Vlink-AuthOnly/input_Card number_card_number'

2024-05-16 00:20:50 - [MESSAGE][PASSED] - Text '4111111111111111' is set on object 'Object Repository/RecAndPlayBk/Page-Vlink-AuthOnly/input_Card number_card_number'

2024-05-16 00:20:50 - [TEST_STEP][PASSED] - setText(findTestObject("Object Repository/RecAndPlayBk/Page-Vlink-AuthOnly/input_Card ex month_card_exmo"), exM): Text '12' is set on object 'Object Repository/RecAndPlayBk/Page-Vlink-AuthOnly/input_Card ex month_card_exmo'

2024-05-16 00:20:50 - [MESSAGE][PASSED] - Text '12' is set on object 'Object Repository/RecAndPlayBk/Page-Vlink-AuthOnly/input_Card ex month_card_exmo'

2024-05-16 00:20:50 - [TEST_STEP][PASSED] - setText(findTestObject("Object Repository/RecAndPlayBk/Page-Vlink-AuthOnly/input_Card ex year_card_exyr"), exY): Text '2025' is set on object 'Object Repository/RecAndPlayBk/Page-Vlink-AuthOnly/input_Card ex year_card_exyr'

2024-05-16 00:20:51 - [MESSAGE][PASSED] - Text '2025' is set on object 'Object Repository/RecAndPlayBk/Page-Vlink-AuthOnly/input_Card ex year_card_exyr'

2024-05-16 00:20:51 - [TEST_STEP][PASSED] - setText(findTestObject("Object Repository/RecAndPlayBk/Page-Vlink-AuthOnly/input_Track Data_track_data"), ""): Text '' is set on object 'Object Repository/RecAndPlayBk/Page-Vlink-AuthOnly/input_Track Data_track_data'

2024-05-16 00:20:52 - [MESSAGE][PASSED] - Text '' is set on object 'Object Repository/RecAndPlayBk/Page-Vlink-AuthOnly/input_Track Data_track_data'

2024-05-16 00:20:52 - [TEST_STEP][PASSED] - setText(findTestObject("Object Repository/RecAndPlayBk/Page-Vlink-AuthOnly/input_concat(Cardholder, , s email)_email"), ""): Text '' is set on object 'Object Repository/RecAndPlayBk/Page-Vlink-AuthOnly/input_concat(Cardholder, , s email)_email'

2024-05-16 00:20:52 - [MESSAGE][PASSED] - Text '' is set on object 'Object Repository/RecAndPlayBk/Page-Vlink-AuthOnly/input_concat(Cardholder, , s email)_email'

2024-05-16 00:20:52 - [TEST_STEP][PASSED] - click(findTestObject("Object Repository/RecAndPlayBk/Page-Vlink-AuthOnly/input_user_defined10_user_defined10")): Object: 'Object Repository/RecAndPlayBk/Page-Vlink-AuthOnly/input_user_defined10_user_defined10' is clicked on

2024-05-16 00:20:53 - [MESSAGE][PASSED] - Object: 'Object Repository/RecAndPlayBk/Page-Vlink-AuthOnly/input_user_defined10_user_defined10' is clicked on

2024-05-16 00:20:53 - [TEST_STEP][PASSED] - setText(findTestObject("Object Repository/RecAndPlayBk/Page-Vlink-AuthOnly/input_Card on File Indicator_card_on_file_i_157dae"), ""): Text '' is set on object 'Object Repository/RecAndPlayBk/Page-Vlink-AuthOnly/input_Card on File Indicator_card_on_file_i_157dae'

2024-05-16 00:20:53 - [MESSAGE][PASSED] - Text '' is set on object 'Object Repository/RecAndPlayBk/Page-Vlink-AuthOnly/input_Card on File Indicator_card_on_file_i_157dae'

2024-05-16 00:20:53 - [TEST_STEP][PASSED] - setText(findTestObject("Object Repository/RecAndPlayBk/Page-Vlink-AuthOnly/input_Stored Credential Indicator_stored_cr_4ae73c"), ""): Text '' is set on object 'Object Repository/RecAndPlayBk/Page-Vlink-AuthOnly/input_Stored Credential Indicator_stored_cr_4ae73c'

2024-05-16 00:20:54 - [MESSAGE][PASSED] - Text '' is set on object 'Object Repository/RecAndPlayBk/Page-Vlink-AuthOnly/input_Stored Credential Indicator_stored_cr_4ae73c'

2024-05-16 00:20:54 - [TEST_STEP][PASSED] - setText(findTestObject("Object Repository/RecAndPlayBk/Page-Vlink-AuthOnly/input_COF Scheduled indicator_cof_scheduled_8df7d8"), ""): Text '' is set on object 'Object Repository/RecAndPlayBk/Page-Vlink-AuthOnly/input_COF Scheduled indicator_cof_scheduled_8df7d8'

2024-05-16 00:20:55 - [MESSAGE][PASSED] - Text '' is set on object 'Object Repository/RecAndPlayBk/Page-Vlink-AuthOnly/input_COF Scheduled indicator_cof_scheduled_8df7d8'

2024-05-16 00:20:55 - [TEST_STEP][PASSED] - setText(findTestObject("Object Repository/RecAndPlayBk/Page-Vlink-AuthOnly/input_COF Transaction Initiated by_cof_tran_6cded5"), ""): Text '' is set on object 'Object Repository/RecAndPlayBk/Page-Vlink-AuthOnly/input_COF Transaction Initiated by_cof_tran_6cded5'

2024-05-16 00:20:55 - [MESSAGE][PASSED] - Text '' is set on object 'Object Repository/RecAndPlayBk/Page-Vlink-AuthOnly/input_COF Transaction Initiated by_cof_tran_6cded5'

2024-05-16 00:20:55 - [TEST_STEP][PASSED] - click(findTestObject("Object Repository/RecAndPlayBk/Page-Vlink-AuthOnly/input")): Object: 'Object Repository/RecAndPlayBk/Page-Vlink-AuthOnly/input' is clicked on

2024-05-16 00:20:56 - [MESSAGE][PASSED] - Object: 'Object Repository/RecAndPlayBk/Page-Vlink-AuthOnly/input' is clicked on

2024-05-16 00:20:56 - [TEST_STEP][PASSED] - if (verifyTextPresent(errorMsg, true)): null

2024-05-16 00:20:56 - [MESSAGE][PASSED] - Text 'Missing parameter: message_version' is present on page  using regular expression

2024-05-16 00:20:56 - [TEST_STEP][PASSED] - println("Error Message is present on the Confirmation page"): null

2024-05-16 00:20:56 - [TEST_STEP][PASSED] - out.println("Pass Record Number: " + row): null

2024-05-16 00:20:56 - [TEST_STEP][PASSED] - resText = "Pass": null

2024-05-16 00:20:56 - [TEST_STEP][PASSED] - pages.WriteExcel.demoKey(resText, datText, resColumn, datCloumn, fileLoc, nameSheet, row): pages.WriteExcel.demoKey is PASSED

2024-05-16 00:20:56 - [MESSAGE][PASSED] - pages.WriteExcel.demoKey is PASSED

2024-05-16 00:20:56 - [TEST_STEP][PASSED] - ExecuteTC = findTestData(dataFile).getValue("Execute", row): null

2024-05-16 00:20:57 - [TEST_STEP][PASSED] - out.println("Value of Execute is : " + ExecuteTC): null

2024-05-16 00:20:57 - [TEST_STEP][PASSED] - if (ExecuteTC.equalsIgnoreCase("Y")): null

2024-05-16 00:20:57 - [TEST_STEP][PASSED] - out.println("Begin Record Number: " + row): null

2024-05-16 00:20:57 - [TEST_STEP][PASSED] - today = new java.util.Date(): null

2024-05-16 00:20:57 - [TEST_STEP][PASSED] - println(today): null

2024-05-16 00:20:57 - [TEST_STEP][PASSED] - datText = today: null

2024-05-16 00:20:57 - [TEST_STEP][PASSED] - errorMsg = findTestData(dataFile).getValue("ErrorMsg", row): null

2024-05-16 00:20:57 - [TEST_STEP][PASSED] - appID = findTestData(dataFile).getValue("AppID", row): null

2024-05-16 00:20:57 - [TEST_STEP][PASSED] - username = findTestData(dataFile).getValue("Username", row): null

2024-05-16 00:20:57 - [TEST_STEP][PASSED] - password = findTestData(dataFile).getValue("Password", row): null

2024-05-16 00:20:57 - [TEST_STEP][PASSED] - tranType = findTestData(dataFile).getValue("TranType", row): null

2024-05-16 00:20:57 - [TEST_STEP][PASSED] - mv = findTestData(dataFile).getValue("MV", row): null

2024-05-16 00:20:57 - [TEST_STEP][PASSED] - resFormat = findTestData(dataFile).getValue("ResFormat", row): null

2024-05-16 00:20:57 - [TEST_STEP][PASSED] - category = findTestData(dataFile).getValue("Category", row): null

2024-05-16 00:20:57 - [TEST_STEP][PASSED] - amount = findTestData(dataFile).getValue("Amount", row): null

2024-05-16 00:20:57 - [TEST_STEP][PASSED] - cardName = findTestData(dataFile).getValue("CardName", row): null

2024-05-16 00:20:58 - [TEST_STEP][PASSED] - al1 = findTestData(dataFile).getValue("AL1", row): null

2024-05-16 00:20:58 - [TEST_STEP][PASSED] - city = findTestData(dataFile).getValue("City", row): null

2024-05-16 00:20:58 - [TEST_STEP][PASSED] - state = findTestData(dataFile).getValue("State", row): null

2024-05-16 00:20:58 - [TEST_STEP][PASSED] - zip = findTestData(dataFile).getValue("ZIP", row): null

2024-05-16 00:20:58 - [TEST_STEP][PASSED] - cardNumber = findTestData(dataFile).getValue("CardNumber", row): null

2024-05-16 00:20:58 - [TEST_STEP][PASSED] - exM = findTestData(dataFile).getValue("ExM", row): null

2024-05-16 00:20:58 - [TEST_STEP][PASSED] - exY = findTestData(dataFile).getValue("ExY", row): null

2024-05-16 00:20:58 - [TEST_STEP][PASSED] - openBrowser(VLinkURL + "auth.html"): Browser is opened with url: 'https://dev-algorithm.govolution.com/vlinktest/QA2/version_2_0/auth.html'

2024-05-16 00:20:58 - [MESSAGE][WARNING] - A browser is already opened. Closing browser and opening a new one

2024-05-16 00:21:00 - [MESSAGE][INFO] - Starting 'Chrome' driver

2024-05-16 00:21:00 - [MESSAGE][INFO] - User set preference: ['acceptInsecureCerts', 'true']

2024-05-16 00:21:00 - [MESSAGE][INFO] - Action delay is set to 0 milliseconds

2024-05-16 00:21:02 - [MESSAGE][PASSED] - Browser is opened with url: 'https://dev-algorithm.govolution.com/vlinktest/QA2/version_2_0/auth.html'

2024-05-16 00:21:02 - [TEST_STEP][PASSED] - maximizeWindow(): Current window maximized

2024-05-16 00:21:02 - [MESSAGE][PASSED] - Current window maximized

2024-05-16 00:21:02 - [TEST_STEP][PASSED] - maximizeWindow(): Current window maximized

2024-05-16 00:21:02 - [MESSAGE][PASSED] - Current window maximized

2024-05-16 00:21:02 - [TEST_STEP][PASSED] - setText(findTestObject("Object Repository/RecAndPlayBk/Page-Vlink-AuthOnly/txt_TransactionType"), tranType): Text '104' is set on object 'Object Repository/RecAndPlayBk/Page-Vlink-AuthOnly/txt_TransactionType'

2024-05-16 00:21:03 - [MESSAGE][PASSED] - Text '104' is set on object 'Object Repository/RecAndPlayBk/Page-Vlink-AuthOnly/txt_TransactionType'

2024-05-16 00:21:03 - [TEST_STEP][PASSED] - setText(findTestObject("Object Repository/RecAndPlayBk/Page-Vlink-AuthOnly/txt_MessageVersion"), mv): Text '' is set on object 'Object Repository/RecAndPlayBk/Page-Vlink-AuthOnly/txt_MessageVersion'

2024-05-16 00:21:03 - [MESSAGE][PASSED] - Text '' is set on object 'Object Repository/RecAndPlayBk/Page-Vlink-AuthOnly/txt_MessageVersion'

2024-05-16 00:21:03 - [TEST_STEP][PASSED] - genRemID = RandomStringUtils.random(12, true, true): null

2024-05-16 00:21:03 - [TEST_STEP][PASSED] - setText(findTestObject("Object Repository/RecAndPlayBk/Page-Vlink-AuthOnly/input_Remittance Id_remittance_id"), genRemID): Text 'uKJ4kEzVQMHo' is set on object 'Object Repository/RecAndPlayBk/Page-Vlink-AuthOnly/input_Remittance Id_remittance_id'

2024-05-16 00:21:04 - [MESSAGE][PASSED] - Text 'uKJ4kEzVQMHo' is set on object 'Object Repository/RecAndPlayBk/Page-Vlink-AuthOnly/input_Remittance Id_remittance_id'

2024-05-16 00:21:04 - [TEST_STEP][PASSED] - setText(findTestObject("Object Repository/RecAndPlayBk/Page-Vlink-AuthOnly/input_Application Id_application_id"), appID): Text '234' is set on object 'Object Repository/RecAndPlayBk/Page-Vlink-AuthOnly/input_Application Id_application_id'

2024-05-16 00:21:05 - [MESSAGE][PASSED] - Text '234' is set on object 'Object Repository/RecAndPlayBk/Page-Vlink-AuthOnly/input_Application Id_application_id'

2024-05-16 00:21:05 - [TEST_STEP][PASSED] - setText(findTestObject("Object Repository/RecAndPlayBk/Page-Vlink-AuthOnly/input_Username_username"), username): Text 'username' is set on object 'Object Repository/RecAndPlayBk/Page-Vlink-AuthOnly/input_Username_username'

2024-05-16 00:21:05 - [MESSAGE][PASSED] - Text 'username' is set on object 'Object Repository/RecAndPlayBk/Page-Vlink-AuthOnly/input_Username_username'

2024-05-16 00:21:05 - [TEST_STEP][PASSED] - setText(findTestObject("Object Repository/RecAndPlayBk/Page-Vlink-AuthOnly/input_Password_password"), password): Text 'password' is set on object 'Object Repository/RecAndPlayBk/Page-Vlink-AuthOnly/input_Password_password'

2024-05-16 00:21:06 - [MESSAGE][PASSED] - Text 'password' is set on object 'Object Repository/RecAndPlayBk/Page-Vlink-AuthOnly/input_Password_password'

2024-05-16 00:21:06 - [TEST_STEP][PASSED] - setText(findTestObject("Object Repository/RecAndPlayBk/Page-Vlink-AuthOnly/txt_ResponseFormat"), resFormat): Text 'fixed_width' is set on object 'Object Repository/RecAndPlayBk/Page-Vlink-AuthOnly/txt_ResponseFormat'

2024-05-16 00:21:07 - [MESSAGE][PASSED] - Text 'fixed_width' is set on object 'Object Repository/RecAndPlayBk/Page-Vlink-AuthOnly/txt_ResponseFormat'

2024-05-16 00:21:07 - [TEST_STEP][PASSED] - setText(findTestObject("Object Repository/RecAndPlayBk/Page-Vlink-AuthOnly/input_Category_category"), category): Text 'RETL' is set on object 'Object Repository/RecAndPlayBk/Page-Vlink-AuthOnly/input_Category_category'

2024-05-16 00:21:07 - [MESSAGE][PASSED] - Text 'RETL' is set on object 'Object Repository/RecAndPlayBk/Page-Vlink-AuthOnly/input_Category_category'

2024-05-16 00:21:07 - [TEST_STEP][PASSED] - setText(findTestObject("Object Repository/RecAndPlayBk/Page-Vlink-AuthOnly/txt_CardName"), cardName): Text 'Kris Roshan' is set on object 'Object Repository/RecAndPlayBk/Page-Vlink-AuthOnly/txt_CardName'

2024-05-16 00:21:08 - [MESSAGE][PASSED] - Text 'Kris Roshan' is set on object 'Object Repository/RecAndPlayBk/Page-Vlink-AuthOnly/txt_CardName'

2024-05-16 00:21:08 - [TEST_STEP][PASSED] - setText(findTestObject("Object Repository/RecAndPlayBk/Page-Vlink-AuthOnly/txt_AL1"), al1): Text '258 Elm Road' is set on object 'Object Repository/RecAndPlayBk/Page-Vlink-AuthOnly/txt_AL1'

2024-05-16 00:21:09 - [MESSAGE][PASSED] - Text '258 Elm Road' is set on object 'Object Repository/RecAndPlayBk/Page-Vlink-AuthOnly/txt_AL1'

2024-05-16 00:21:09 - [TEST_STEP][PASSED] - setText(findTestObject("Object Repository/RecAndPlayBk/Page-Vlink-AuthOnly/txt_CardCity"), city): Text 'Arlington' is set on object 'Object Repository/RecAndPlayBk/Page-Vlink-AuthOnly/txt_CardCity'

2024-05-16 00:21:09 - [MESSAGE][PASSED] - Text 'Arlington' is set on object 'Object Repository/RecAndPlayBk/Page-Vlink-AuthOnly/txt_CardCity'

2024-05-16 00:21:09 - [TEST_STEP][PASSED] - setText(findTestObject("Object Repository/RecAndPlayBk/Page-Vlink-AuthOnly/txt_CardState"), state): Text 'VA' is set on object 'Object Repository/RecAndPlayBk/Page-Vlink-AuthOnly/txt_CardState'

2024-05-16 00:21:10 - [MESSAGE][PASSED] - Text 'VA' is set on object 'Object Repository/RecAndPlayBk/Page-Vlink-AuthOnly/txt_CardState'

2024-05-16 00:21:10 - [TEST_STEP][PASSED] - setText(findTestObject("Object Repository/RecAndPlayBk/Page-Vlink-AuthOnly/txt_CardZIP"), zip): Text '22201' is set on object 'Object Repository/RecAndPlayBk/Page-Vlink-AuthOnly/txt_CardZIP'

2024-05-16 00:21:11 - [MESSAGE][PASSED] - Text '22201' is set on object 'Object Repository/RecAndPlayBk/Page-Vlink-AuthOnly/txt_CardZIP'

2024-05-16 00:21:11 - [TEST_STEP][PASSED] - setText(findTestObject("Object Repository/RecAndPlayBk/Page-Vlink-AuthOnly/input_Amount_amount"), amount): Text '1.50' is set on object 'Object Repository/RecAndPlayBk/Page-Vlink-AuthOnly/input_Amount_amount'

2024-05-16 00:21:11 - [MESSAGE][PASSED] - Text '1.50' is set on object 'Object Repository/RecAndPlayBk/Page-Vlink-AuthOnly/input_Amount_amount'

2024-05-16 00:21:11 - [TEST_STEP][PASSED] - setText(findTestObject("Object Repository/RecAndPlayBk/Page-Vlink-AuthOnly/input_Card number_card_number"), cardNumber): Text '4111111111111111' is set on object 'Object Repository/RecAndPlayBk/Page-Vlink-AuthOnly/input_Card number_card_number'

2024-05-16 00:21:12 - [MESSAGE][PASSED] - Text '4111111111111111' is set on object 'Object Repository/RecAndPlayBk/Page-Vlink-AuthOnly/input_Card number_card_number'

2024-05-16 00:21:12 - [TEST_STEP][PASSED] - setText(findTestObject("Object Repository/RecAndPlayBk/Page-Vlink-AuthOnly/input_Card ex month_card_exmo"), exM): Text '12' is set on object 'Object Repository/RecAndPlayBk/Page-Vlink-AuthOnly/input_Card ex month_card_exmo'

2024-05-16 00:21:13 - [MESSAGE][PASSED] - Text '12' is set on object 'Object Repository/RecAndPlayBk/Page-Vlink-AuthOnly/input_Card ex month_card_exmo'

2024-05-16 00:21:13 - [TEST_STEP][PASSED] - setText(findTestObject("Object Repository/RecAndPlayBk/Page-Vlink-AuthOnly/input_Card ex year_card_exyr"), exY): Text '2025' is set on object 'Object Repository/RecAndPlayBk/Page-Vlink-AuthOnly/input_Card ex year_card_exyr'

2024-05-16 00:21:14 - [MESSAGE][PASSED] - Text '2025' is set on object 'Object Repository/RecAndPlayBk/Page-Vlink-AuthOnly/input_Card ex year_card_exyr'

2024-05-16 00:21:14 - [TEST_STEP][PASSED] - setText(findTestObject("Object Repository/RecAndPlayBk/Page-Vlink-AuthOnly/input_Track Data_track_data"), ""): Text '' is set on object 'Object Repository/RecAndPlayBk/Page-Vlink-AuthOnly/input_Track Data_track_data'

2024-05-16 00:21:14 - [MESSAGE][PASSED] - Text '' is set on object 'Object Repository/RecAndPlayBk/Page-Vlink-AuthOnly/input_Track Data_track_data'

2024-05-16 00:21:14 - [TEST_STEP][PASSED] - setText(findTestObject("Object Repository/RecAndPlayBk/Page-Vlink-AuthOnly/input_concat(Cardholder, , s email)_email"), ""): Text '' is set on object 'Object Repository/RecAndPlayBk/Page-Vlink-AuthOnly/input_concat(Cardholder, , s email)_email'

2024-05-16 00:21:15 - [MESSAGE][PASSED] - Text '' is set on object 'Object Repository/RecAndPlayBk/Page-Vlink-AuthOnly/input_concat(Cardholder, , s email)_email'

2024-05-16 00:21:15 - [TEST_STEP][PASSED] - click(findTestObject("Object Repository/RecAndPlayBk/Page-Vlink-AuthOnly/input_user_defined10_user_defined10")): Object: 'Object Repository/RecAndPlayBk/Page-Vlink-AuthOnly/input_user_defined10_user_defined10' is clicked on

2024-05-16 00:21:15 - [MESSAGE][PASSED] - Object: 'Object Repository/RecAndPlayBk/Page-Vlink-AuthOnly/input_user_defined10_user_defined10' is clicked on

2024-05-16 00:21:15 - [TEST_STEP][PASSED] - setText(findTestObject("Object Repository/RecAndPlayBk/Page-Vlink-AuthOnly/input_Card on File Indicator_card_on_file_i_157dae"), ""): Text '' is set on object 'Object Repository/RecAndPlayBk/Page-Vlink-AuthOnly/input_Card on File Indicator_card_on_file_i_157dae'

2024-05-16 00:21:16 - [MESSAGE][PASSED] - Text '' is set on object 'Object Repository/RecAndPlayBk/Page-Vlink-AuthOnly/input_Card on File Indicator_card_on_file_i_157dae'

2024-05-16 00:21:16 - [TEST_STEP][PASSED] - setText(findTestObject("Object Repository/RecAndPlayBk/Page-Vlink-AuthOnly/input_Stored Credential Indicator_stored_cr_4ae73c"), ""): Text '' is set on object 'Object Repository/RecAndPlayBk/Page-Vlink-AuthOnly/input_Stored Credential Indicator_stored_cr_4ae73c'

2024-05-16 00:21:16 - [MESSAGE][PASSED] - Text '' is set on object 'Object Repository/RecAndPlayBk/Page-Vlink-AuthOnly/input_Stored Credential Indicator_stored_cr_4ae73c'

2024-05-16 00:21:16 - [TEST_STEP][PASSED] - setText(findTestObject("Object Repository/RecAndPlayBk/Page-Vlink-AuthOnly/input_COF Scheduled indicator_cof_scheduled_8df7d8"), ""): Text '' is set on object 'Object Repository/RecAndPlayBk/Page-Vlink-AuthOnly/input_COF Scheduled indicator_cof_scheduled_8df7d8'

2024-05-16 00:21:17 - [MESSAGE][PASSED] - Text '' is set on object 'Object Repository/RecAndPlayBk/Page-Vlink-AuthOnly/input_COF Scheduled indicator_cof_scheduled_8df7d8'

2024-05-16 00:21:17 - [TEST_STEP][PASSED] - setText(findTestObject("Object Repository/RecAndPlayBk/Page-Vlink-AuthOnly/input_COF Transaction Initiated by_cof_tran_6cded5"), ""): Text '' is set on object 'Object Repository/RecAndPlayBk/Page-Vlink-AuthOnly/input_COF Transaction Initiated by_cof_tran_6cded5'

2024-05-16 00:21:18 - [MESSAGE][PASSED] - Text '' is set on object 'Object Repository/RecAndPlayBk/Page-Vlink-AuthOnly/input_COF Transaction Initiated by_cof_tran_6cded5'

2024-05-16 00:21:18 - [TEST_STEP][PASSED] - click(findTestObject("Object Repository/RecAndPlayBk/Page-Vlink-AuthOnly/input")): Object: 'Object Repository/RecAndPlayBk/Page-Vlink-AuthOnly/input' is clicked on

2024-05-16 00:21:18 - [MESSAGE][PASSED] - Object: 'Object Repository/RecAndPlayBk/Page-Vlink-AuthOnly/input' is clicked on

2024-05-16 00:21:18 - [TEST_STEP][PASSED] - if (verifyTextPresent(errorMsg, true)): null

2024-05-16 00:21:19 - [MESSAGE][PASSED] - Text 'Missing parameter: message_version' is present on page  using regular expression

2024-05-16 00:21:19 - [TEST_STEP][PASSED] - println("Error Message is present on the Confirmation page"): null

2024-05-16 00:21:19 - [TEST_STEP][PASSED] - out.println("Pass Record Number: " + row): null

2024-05-16 00:21:19 - [TEST_STEP][PASSED] - resText = "Pass": null

2024-05-16 00:21:19 - [TEST_STEP][PASSED] - pages.WriteExcel.demoKey(resText, datText, resColumn, datCloumn, fileLoc, nameSheet, row): pages.WriteExcel.demoKey is PASSED

2024-05-16 00:21:19 - [MESSAGE][PASSED] - pages.WriteExcel.demoKey is PASSED

2024-05-16 00:21:19 - [TEST_STEP][PASSED] - ExecuteTC = findTestData(dataFile).getValue("Execute", row): null

2024-05-16 00:21:19 - [TEST_STEP][PASSED] - out.println("Value of Execute is : " + ExecuteTC): null

2024-05-16 00:21:19 - [TEST_STEP][PASSED] - if (ExecuteTC.equalsIgnoreCase("Y")): null

2024-05-16 00:21:19 - [TEST_STEP][PASSED] - out.println("Begin Record Number: " + row): null

2024-05-16 00:21:19 - [TEST_STEP][PASSED] - today = new java.util.Date(): null

2024-05-16 00:21:19 - [TEST_STEP][PASSED] - println(today): null

2024-05-16 00:21:19 - [TEST_STEP][PASSED] - datText = today: null

2024-05-16 00:21:19 - [TEST_STEP][PASSED] - errorMsg = findTestData(dataFile).getValue("ErrorMsg", row): null

2024-05-16 00:21:19 - [TEST_STEP][PASSED] - appID = findTestData(dataFile).getValue("AppID", row): null

2024-05-16 00:21:19 - [TEST_STEP][PASSED] - username = findTestData(dataFile).getValue("Username", row): null

2024-05-16 00:21:19 - [TEST_STEP][PASSED] - password = findTestData(dataFile).getValue("Password", row): null

2024-05-16 00:21:19 - [TEST_STEP][PASSED] - tranType = findTestData(dataFile).getValue("TranType", row): null

2024-05-16 00:21:20 - [TEST_STEP][PASSED] - mv = findTestData(dataFile).getValue("MV", row): null

2024-05-16 00:21:20 - [TEST_STEP][PASSED] - resFormat = findTestData(dataFile).getValue("ResFormat", row): null

2024-05-16 00:21:20 - [TEST_STEP][PASSED] - category = findTestData(dataFile).getValue("Category", row): null

2024-05-16 00:21:20 - [TEST_STEP][PASSED] - amount = findTestData(dataFile).getValue("Amount", row): null

2024-05-16 00:21:20 - [TEST_STEP][PASSED] - cardName = findTestData(dataFile).getValue("CardName", row): null

2024-05-16 00:21:20 - [TEST_STEP][PASSED] - al1 = findTestData(dataFile).getValue("AL1", row): null

2024-05-16 00:21:20 - [TEST_STEP][PASSED] - city = findTestData(dataFile).getValue("City", row): null

2024-05-16 00:21:20 - [TEST_STEP][PASSED] - state = findTestData(dataFile).getValue("State", row): null

2024-05-16 00:21:20 - [TEST_STEP][PASSED] - zip = findTestData(dataFile).getValue("ZIP", row): null

2024-05-16 00:21:20 - [TEST_STEP][PASSED] - cardNumber = findTestData(dataFile).getValue("CardNumber", row): null

2024-05-16 00:21:21 - [TEST_STEP][PASSED] - exM = findTestData(dataFile).getValue("ExM", row): null

2024-05-16 00:21:21 - [TEST_STEP][PASSED] - exY = findTestData(dataFile).getValue("ExY", row): null

2024-05-16 00:21:21 - [TEST_STEP][PASSED] - openBrowser(VLinkURL + "auth.html"): Browser is opened with url: 'https://dev-algorithm.govolution.com/vlinktest/QA2/version_2_0/auth.html'

2024-05-16 00:21:21 - [MESSAGE][WARNING] - A browser is already opened. Closing browser and opening a new one

2024-05-16 00:21:22 - [MESSAGE][INFO] - Starting 'Chrome' driver

2024-05-16 00:21:22 - [MESSAGE][INFO] - User set preference: ['acceptInsecureCerts', 'true']

2024-05-16 00:21:22 - [MESSAGE][INFO] - Action delay is set to 0 milliseconds

2024-05-16 00:21:24 - [MESSAGE][PASSED] - Browser is opened with url: 'https://dev-algorithm.govolution.com/vlinktest/QA2/version_2_0/auth.html'

2024-05-16 00:21:24 - [TEST_STEP][PASSED] - maximizeWindow(): Current window maximized

2024-05-16 00:21:24 - [MESSAGE][PASSED] - Current window maximized

2024-05-16 00:21:24 - [TEST_STEP][PASSED] - maximizeWindow(): Current window maximized

2024-05-16 00:21:24 - [MESSAGE][PASSED] - Current window maximized

2024-05-16 00:21:24 - [TEST_STEP][PASSED] - setText(findTestObject("Object Repository/RecAndPlayBk/Page-Vlink-AuthOnly/txt_TransactionType"), tranType): Text '104' is set on object 'Object Repository/RecAndPlayBk/Page-Vlink-AuthOnly/txt_TransactionType'

2024-05-16 00:21:25 - [MESSAGE][PASSED] - Text '104' is set on object 'Object Repository/RecAndPlayBk/Page-Vlink-AuthOnly/txt_TransactionType'

2024-05-16 00:21:25 - [TEST_STEP][PASSED] - setText(findTestObject("Object Repository/RecAndPlayBk/Page-Vlink-AuthOnly/txt_MessageVersion"), mv): Text '2.0C' is set on object 'Object Repository/RecAndPlayBk/Page-Vlink-AuthOnly/txt_MessageVersion'

2024-05-16 00:21:26 - [MESSAGE][PASSED] - Text '2.0C' is set on object 'Object Repository/RecAndPlayBk/Page-Vlink-AuthOnly/txt_MessageVersion'

2024-05-16 00:21:26 - [TEST_STEP][PASSED] - genRemID = RandomStringUtils.random(12, true, true): null

2024-05-16 00:21:26 - [TEST_STEP][PASSED] - setText(findTestObject("Object Repository/RecAndPlayBk/Page-Vlink-AuthOnly/input_Remittance Id_remittance_id"), genRemID): Text '7l67KlRbRX4U' is set on object 'Object Repository/RecAndPlayBk/Page-Vlink-AuthOnly/input_Remittance Id_remittance_id'

2024-05-16 00:21:26 - [MESSAGE][PASSED] - Text '7l67KlRbRX4U' is set on object 'Object Repository/RecAndPlayBk/Page-Vlink-AuthOnly/input_Remittance Id_remittance_id'

2024-05-16 00:21:26 - [TEST_STEP][PASSED] - setText(findTestObject("Object Repository/RecAndPlayBk/Page-Vlink-AuthOnly/input_Application Id_application_id"), appID): Text '' is set on object 'Object Repository/RecAndPlayBk/Page-Vlink-AuthOnly/input_Application Id_application_id'

2024-05-16 00:21:27 - [MESSAGE][PASSED] - Text '' is set on object 'Object Repository/RecAndPlayBk/Page-Vlink-AuthOnly/input_Application Id_application_id'

2024-05-16 00:21:27 - [TEST_STEP][PASSED] - setText(findTestObject("Object Repository/RecAndPlayBk/Page-Vlink-AuthOnly/input_Username_username"), username): Text 'username' is set on object 'Object Repository/RecAndPlayBk/Page-Vlink-AuthOnly/input_Username_username'

2024-05-16 00:21:28 - [MESSAGE][PASSED] - Text 'username' is set on object 'Object Repository/RecAndPlayBk/Page-Vlink-AuthOnly/input_Username_username'

2024-05-16 00:21:28 - [TEST_STEP][PASSED] - setText(findTestObject("Object Repository/RecAndPlayBk/Page-Vlink-AuthOnly/input_Password_password"), password): Text 'password' is set on object 'Object Repository/RecAndPlayBk/Page-Vlink-AuthOnly/input_Password_password'

2024-05-16 00:21:28 - [MESSAGE][PASSED] - Text 'password' is set on object 'Object Repository/RecAndPlayBk/Page-Vlink-AuthOnly/input_Password_password'

2024-05-16 00:21:28 - [TEST_STEP][PASSED] - setText(findTestObject("Object Repository/RecAndPlayBk/Page-Vlink-AuthOnly/txt_ResponseFormat"), resFormat): Text 'fixed_width' is set on object 'Object Repository/RecAndPlayBk/Page-Vlink-AuthOnly/txt_ResponseFormat'

2024-05-16 00:21:29 - [MESSAGE][PASSED] - Text 'fixed_width' is set on object 'Object Repository/RecAndPlayBk/Page-Vlink-AuthOnly/txt_ResponseFormat'

2024-05-16 00:21:29 - [TEST_STEP][PASSED] - setText(findTestObject("Object Repository/RecAndPlayBk/Page-Vlink-AuthOnly/input_Category_category"), category): Text 'ECOM' is set on object 'Object Repository/RecAndPlayBk/Page-Vlink-AuthOnly/input_Category_category'

2024-05-16 00:21:30 - [MESSAGE][PASSED] - Text 'ECOM' is set on object 'Object Repository/RecAndPlayBk/Page-Vlink-AuthOnly/input_Category_category'

2024-05-16 00:21:30 - [TEST_STEP][PASSED] - setText(findTestObject("Object Repository/RecAndPlayBk/Page-Vlink-AuthOnly/txt_CardName"), cardName): Text 'Kris Roshan' is set on object 'Object Repository/RecAndPlayBk/Page-Vlink-AuthOnly/txt_CardName'

2024-05-16 00:21:30 - [MESSAGE][PASSED] - Text 'Kris Roshan' is set on object 'Object Repository/RecAndPlayBk/Page-Vlink-AuthOnly/txt_CardName'

2024-05-16 00:21:30 - [TEST_STEP][PASSED] - setText(findTestObject("Object Repository/RecAndPlayBk/Page-Vlink-AuthOnly/txt_AL1"), al1): Text '258 Elm Road' is set on object 'Object Repository/RecAndPlayBk/Page-Vlink-AuthOnly/txt_AL1'

2024-05-16 00:21:31 - [MESSAGE][PASSED] - Text '258 Elm Road' is set on object 'Object Repository/RecAndPlayBk/Page-Vlink-AuthOnly/txt_AL1'

2024-05-16 00:21:31 - [TEST_STEP][PASSED] - setText(findTestObject("Object Repository/RecAndPlayBk/Page-Vlink-AuthOnly/txt_CardCity"), city): Text 'Arlington' is set on object 'Object Repository/RecAndPlayBk/Page-Vlink-AuthOnly/txt_CardCity'

2024-05-16 00:21:32 - [MESSAGE][PASSED] - Text 'Arlington' is set on object 'Object Repository/RecAndPlayBk/Page-Vlink-AuthOnly/txt_CardCity'

2024-05-16 00:21:32 - [TEST_STEP][PASSED] - setText(findTestObject("Object Repository/RecAndPlayBk/Page-Vlink-AuthOnly/txt_CardState"), state): Text 'VA' is set on object 'Object Repository/RecAndPlayBk/Page-Vlink-AuthOnly/txt_CardState'

2024-05-16 00:21:32 - [MESSAGE][PASSED] - Text 'VA' is set on object 'Object Repository/RecAndPlayBk/Page-Vlink-AuthOnly/txt_CardState'

2024-05-16 00:21:32 - [TEST_STEP][PASSED] - setText(findTestObject("Object Repository/RecAndPlayBk/Page-Vlink-AuthOnly/txt_CardZIP"), zip): Text '22201' is set on object 'Object Repository/RecAndPlayBk/Page-Vlink-AuthOnly/txt_CardZIP'

2024-05-16 00:21:33 - [MESSAGE][PASSED] - Text '22201' is set on object 'Object Repository/RecAndPlayBk/Page-Vlink-AuthOnly/txt_CardZIP'

2024-05-16 00:21:33 - [TEST_STEP][PASSED] - setText(findTestObject("Object Repository/RecAndPlayBk/Page-Vlink-AuthOnly/input_Amount_amount"), amount): Text '1.50' is set on object 'Object Repository/RecAndPlayBk/Page-Vlink-AuthOnly/input_Amount_amount'

2024-05-16 00:21:34 - [MESSAGE][PASSED] - Text '1.50' is set on object 'Object Repository/RecAndPlayBk/Page-Vlink-AuthOnly/input_Amount_amount'

2024-05-16 00:21:34 - [TEST_STEP][PASSED] - setText(findTestObject("Object Repository/RecAndPlayBk/Page-Vlink-AuthOnly/input_Card number_card_number"), cardNumber): Text '4111111111111111' is set on object 'Object Repository/RecAndPlayBk/Page-Vlink-AuthOnly/input_Card number_card_number'

2024-05-16 00:21:34 - [MESSAGE][PASSED] - Text '4111111111111111' is set on object 'Object Repository/RecAndPlayBk/Page-Vlink-AuthOnly/input_Card number_card_number'

2024-05-16 00:21:34 - [TEST_STEP][PASSED] - setText(findTestObject("Object Repository/RecAndPlayBk/Page-Vlink-AuthOnly/input_Card ex month_card_exmo"), exM): Text '12' is set on object 'Object Repository/RecAndPlayBk/Page-Vlink-AuthOnly/input_Card ex month_card_exmo'

2024-05-16 00:21:35 - [MESSAGE][PASSED] - Text '12' is set on object 'Object Repository/RecAndPlayBk/Page-Vlink-AuthOnly/input_Card ex month_card_exmo'

2024-05-16 00:21:35 - [TEST_STEP][PASSED] - setText(findTestObject("Object Repository/RecAndPlayBk/Page-Vlink-AuthOnly/input_Card ex year_card_exyr"), exY): Text '2025' is set on object 'Object Repository/RecAndPlayBk/Page-Vlink-AuthOnly/input_Card ex year_card_exyr'

2024-05-16 00:21:36 - [MESSAGE][PASSED] - Text '2025' is set on object 'Object Repository/RecAndPlayBk/Page-Vlink-AuthOnly/input_Card ex year_card_exyr'

2024-05-16 00:21:36 - [TEST_STEP][PASSED] - setText(findTestObject("Object Repository/RecAndPlayBk/Page-Vlink-AuthOnly/input_Track Data_track_data"), ""): Text '' is set on object 'Object Repository/RecAndPlayBk/Page-Vlink-AuthOnly/input_Track Data_track_data'

2024-05-16 00:21:36 - [MESSAGE][PASSED] - Text '' is set on object 'Object Repository/RecAndPlayBk/Page-Vlink-AuthOnly/input_Track Data_track_data'

2024-05-16 00:21:36 - [TEST_STEP][PASSED] - setText(findTestObject("Object Repository/RecAndPlayBk/Page-Vlink-AuthOnly/input_concat(Cardholder, , s email)_email"), ""): Text '' is set on object 'Object Repository/RecAndPlayBk/Page-Vlink-AuthOnly/input_concat(Cardholder, , s email)_email'

2024-05-16 00:21:37 - [MESSAGE][PASSED] - Text '' is set on object 'Object Repository/RecAndPlayBk/Page-Vlink-AuthOnly/input_concat(Cardholder, , s email)_email'

2024-05-16 00:21:37 - [TEST_STEP][PASSED] - click(findTestObject("Object Repository/RecAndPlayBk/Page-Vlink-AuthOnly/input_user_defined10_user_defined10")): Object: 'Object Repository/RecAndPlayBk/Page-Vlink-AuthOnly/input_user_defined10_user_defined10' is clicked on

2024-05-16 00:21:37 - [MESSAGE][PASSED] - Object: 'Object Repository/RecAndPlayBk/Page-Vlink-AuthOnly/input_user_defined10_user_defined10' is clicked on

2024-05-16 00:21:37 - [TEST_STEP][PASSED] - setText(findTestObject("Object Repository/RecAndPlayBk/Page-Vlink-AuthOnly/input_Card on File Indicator_card_on_file_i_157dae"), ""): Text '' is set on object 'Object Repository/RecAndPlayBk/Page-Vlink-AuthOnly/input_Card on File Indicator_card_on_file_i_157dae'

2024-05-16 00:21:38 - [MESSAGE][PASSED] - Text '' is set on object 'Object Repository/RecAndPlayBk/Page-Vlink-AuthOnly/input_Card on File Indicator_card_on_file_i_157dae'

2024-05-16 00:21:38 - [TEST_STEP][PASSED] - setText(findTestObject("Object Repository/RecAndPlayBk/Page-Vlink-AuthOnly/input_Stored Credential Indicator_stored_cr_4ae73c"), ""): Text '' is set on object 'Object Repository/RecAndPlayBk/Page-Vlink-AuthOnly/input_Stored Credential Indicator_stored_cr_4ae73c'

2024-05-16 00:21:39 - [MESSAGE][PASSED] - Text '' is set on object 'Object Repository/RecAndPlayBk/Page-Vlink-AuthOnly/input_Stored Credential Indicator_stored_cr_4ae73c'

2024-05-16 00:21:39 - [TEST_STEP][PASSED] - setText(findTestObject("Object Repository/RecAndPlayBk/Page-Vlink-AuthOnly/input_COF Scheduled indicator_cof_scheduled_8df7d8"), ""): Text '' is set on object 'Object Repository/RecAndPlayBk/Page-Vlink-AuthOnly/input_COF Scheduled indicator_cof_scheduled_8df7d8'

2024-05-16 00:21:39 - [MESSAGE][PASSED] - Text '' is set on object 'Object Repository/RecAndPlayBk/Page-Vlink-AuthOnly/input_COF Scheduled indicator_cof_scheduled_8df7d8'

2024-05-16 00:21:39 - [TEST_STEP][PASSED] - setText(findTestObject("Object Repository/RecAndPlayBk/Page-Vlink-AuthOnly/input_COF Transaction Initiated by_cof_tran_6cded5"), ""): Text '' is set on object 'Object Repository/RecAndPlayBk/Page-Vlink-AuthOnly/input_COF Transaction Initiated by_cof_tran_6cded5'

2024-05-16 00:21:40 - [MESSAGE][PASSED] - Text '' is set on object 'Object Repository/RecAndPlayBk/Page-Vlink-AuthOnly/input_COF Transaction Initiated by_cof_tran_6cded5'

2024-05-16 00:21:40 - [TEST_STEP][PASSED] - click(findTestObject("Object Repository/RecAndPlayBk/Page-Vlink-AuthOnly/input")): Object: 'Object Repository/RecAndPlayBk/Page-Vlink-AuthOnly/input' is clicked on

2024-05-16 00:21:40 - [MESSAGE][PASSED] - Object: 'Object Repository/RecAndPlayBk/Page-Vlink-AuthOnly/input' is clicked on

2024-05-16 00:21:40 - [TEST_STEP][PASSED] - if (verifyTextPresent(errorMsg, true)): null

2024-05-16 00:21:41 - [MESSAGE][PASSED] - Text 'Missing parameter: application_id' is present on page  using regular expression

2024-05-16 00:21:41 - [TEST_STEP][PASSED] - println("Error Message is present on the Confirmation page"): null

2024-05-16 00:21:41 - [TEST_STEP][PASSED] - out.println("Pass Record Number: " + row): null

2024-05-16 00:21:41 - [TEST_STEP][PASSED] - resText = "Pass": null

2024-05-16 00:21:41 - [TEST_STEP][PASSED] - pages.WriteExcel.demoKey(resText, datText, resColumn, datCloumn, fileLoc, nameSheet, row): pages.WriteExcel.demoKey is PASSED

2024-05-16 00:21:41 - [MESSAGE][PASSED] - pages.WriteExcel.demoKey is PASSED

2024-05-16 00:21:41 - [TEST_STEP][PASSED] - ExecuteTC = findTestData(dataFile).getValue("Execute", row): null

2024-05-16 00:21:41 - [TEST_STEP][PASSED] - out.println("Value of Execute is : " + ExecuteTC): null

2024-05-16 00:21:41 - [TEST_STEP][PASSED] - if (ExecuteTC.equalsIgnoreCase("Y")): null

2024-05-16 00:21:41 - [TEST_STEP][PASSED] - out.println("Begin Record Number: " + row): null

2024-05-16 00:21:41 - [TEST_STEP][PASSED] - today = new java.util.Date(): null

2024-05-16 00:21:41 - [TEST_STEP][PASSED] - println(today): null

2024-05-16 00:21:41 - [TEST_STEP][PASSED] - datText = today: null

2024-05-16 00:21:41 - [TEST_STEP][PASSED] - errorMsg = findTestData(dataFile).getValue("ErrorMsg", row): null

2024-05-16 00:21:41 - [TEST_STEP][PASSED] - appID = findTestData(dataFile).getValue("AppID", row): null

2024-05-16 00:21:41 - [TEST_STEP][PASSED] - username = findTestData(dataFile).getValue("Username", row): null

2024-05-16 00:21:41 - [TEST_STEP][PASSED] - password = findTestData(dataFile).getValue("Password", row): null

2024-05-16 00:21:41 - [TEST_STEP][PASSED] - tranType = findTestData(dataFile).getValue("TranType", row): null

2024-05-16 00:21:42 - [TEST_STEP][PASSED] - mv = findTestData(dataFile).getValue("MV", row): null

2024-05-16 00:21:42 - [TEST_STEP][PASSED] - resFormat = findTestData(dataFile).getValue("ResFormat", row): null

2024-05-16 00:21:42 - [TEST_STEP][PASSED] - category = findTestData(dataFile).getValue("Category", row): null

2024-05-16 00:21:42 - [TEST_STEP][PASSED] - amount = findTestData(dataFile).getValue("Amount", row): null

2024-05-16 00:21:42 - [TEST_STEP][PASSED] - cardName = findTestData(dataFile).getValue("CardName", row): null

2024-05-16 00:21:42 - [TEST_STEP][PASSED] - al1 = findTestData(dataFile).getValue("AL1", row): null

2024-05-16 00:21:42 - [TEST_STEP][PASSED] - city = findTestData(dataFile).getValue("City", row): null

2024-05-16 00:21:42 - [TEST_STEP][PASSED] - state = findTestData(dataFile).getValue("State", row): null

2024-05-16 00:21:42 - [TEST_STEP][PASSED] - zip = findTestData(dataFile).getValue("ZIP", row): null

2024-05-16 00:21:42 - [TEST_STEP][PASSED] - cardNumber = findTestData(dataFile).getValue("CardNumber", row): null

2024-05-16 00:21:42 - [TEST_STEP][PASSED] - exM = findTestData(dataFile).getValue("ExM", row): null

2024-05-16 00:21:43 - [TEST_STEP][PASSED] - exY = findTestData(dataFile).getValue("ExY", row): null

2024-05-16 00:21:43 - [TEST_STEP][PASSED] - openBrowser(VLinkURL + "auth.html"): Browser is opened with url: 'https://dev-algorithm.govolution.com/vlinktest/QA2/version_2_0/auth.html'

2024-05-16 00:21:43 - [MESSAGE][WARNING] - A browser is already opened. Closing browser and opening a new one

2024-05-16 00:21:44 - [MESSAGE][INFO] - Starting 'Chrome' driver

2024-05-16 00:21:44 - [MESSAGE][INFO] - User set preference: ['acceptInsecureCerts', 'true']

2024-05-16 00:21:44 - [MESSAGE][INFO] - Action delay is set to 0 milliseconds

2024-05-16 00:21:46 - [MESSAGE][PASSED] - Browser is opened with url: 'https://dev-algorithm.govolution.com/vlinktest/QA2/version_2_0/auth.html'

2024-05-16 00:21:46 - [TEST_STEP][PASSED] - maximizeWindow(): Current window maximized

2024-05-16 00:21:46 - [MESSAGE][PASSED] - Current window maximized

2024-05-16 00:21:46 - [TEST_STEP][PASSED] - maximizeWindow(): Current window maximized

2024-05-16 00:21:46 - [MESSAGE][PASSED] - Current window maximized

2024-05-16 00:21:46 - [TEST_STEP][PASSED] - setText(findTestObject("Object Repository/RecAndPlayBk/Page-Vlink-AuthOnly/txt_TransactionType"), tranType): Text '104' is set on object 'Object Repository/RecAndPlayBk/Page-Vlink-AuthOnly/txt_TransactionType'

2024-05-16 00:21:47 - [MESSAGE][PASSED] - Text '104' is set on object 'Object Repository/RecAndPlayBk/Page-Vlink-AuthOnly/txt_TransactionType'

2024-05-16 00:21:47 - [TEST_STEP][PASSED] - setText(findTestObject("Object Repository/RecAndPlayBk/Page-Vlink-AuthOnly/txt_MessageVersion"), mv): Text '2.0C' is set on object 'Object Repository/RecAndPlayBk/Page-Vlink-AuthOnly/txt_MessageVersion'

2024-05-16 00:21:48 - [MESSAGE][PASSED] - Text '2.0C' is set on object 'Object Repository/RecAndPlayBk/Page-Vlink-AuthOnly/txt_MessageVersion'

2024-05-16 00:21:48 - [TEST_STEP][PASSED] - genRemID = RandomStringUtils.random(12, true, true): null

2024-05-16 00:21:48 - [TEST_STEP][PASSED] - setText(findTestObject("Object Repository/RecAndPlayBk/Page-Vlink-AuthOnly/input_Remittance Id_remittance_id"), genRemID): Text 'WivDgg1nOchR' is set on object 'Object Repository/RecAndPlayBk/Page-Vlink-AuthOnly/input_Remittance Id_remittance_id'

2024-05-16 00:21:48 - [MESSAGE][PASSED] - Text 'WivDgg1nOchR' is set on object 'Object Repository/RecAndPlayBk/Page-Vlink-AuthOnly/input_Remittance Id_remittance_id'

2024-05-16 00:21:48 - [TEST_STEP][PASSED] - setText(findTestObject("Object Repository/RecAndPlayBk/Page-Vlink-AuthOnly/input_Application Id_application_id"), appID): Text '' is set on object 'Object Repository/RecAndPlayBk/Page-Vlink-AuthOnly/input_Application Id_application_id'

2024-05-16 00:21:49 - [MESSAGE][PASSED] - Text '' is set on object 'Object Repository/RecAndPlayBk/Page-Vlink-AuthOnly/input_Application Id_application_id'

2024-05-16 00:21:49 - [TEST_STEP][PASSED] - setText(findTestObject("Object Repository/RecAndPlayBk/Page-Vlink-AuthOnly/input_Username_username"), username): Text 'username' is set on object 'Object Repository/RecAndPlayBk/Page-Vlink-AuthOnly/input_Username_username'

2024-05-16 00:21:50 - [MESSAGE][PASSED] - Text 'username' is set on object 'Object Repository/RecAndPlayBk/Page-Vlink-AuthOnly/input_Username_username'

2024-05-16 00:21:50 - [TEST_STEP][PASSED] - setText(findTestObject("Object Repository/RecAndPlayBk/Page-Vlink-AuthOnly/input_Password_password"), password): Text 'password' is set on object 'Object Repository/RecAndPlayBk/Page-Vlink-AuthOnly/input_Password_password'

2024-05-16 00:21:50 - [MESSAGE][PASSED] - Text 'password' is set on object 'Object Repository/RecAndPlayBk/Page-Vlink-AuthOnly/input_Password_password'

2024-05-16 00:21:50 - [TEST_STEP][PASSED] - setText(findTestObject("Object Repository/RecAndPlayBk/Page-Vlink-AuthOnly/txt_ResponseFormat"), resFormat): Text 'fixed_width' is set on object 'Object Repository/RecAndPlayBk/Page-Vlink-AuthOnly/txt_ResponseFormat'

2024-05-16 00:21:51 - [MESSAGE][PASSED] - Text 'fixed_width' is set on object 'Object Repository/RecAndPlayBk/Page-Vlink-AuthOnly/txt_ResponseFormat'

2024-05-16 00:21:51 - [TEST_STEP][PASSED] - setText(findTestObject("Object Repository/RecAndPlayBk/Page-Vlink-AuthOnly/input_Category_category"), category): Text 'MOTO' is set on object 'Object Repository/RecAndPlayBk/Page-Vlink-AuthOnly/input_Category_category'

2024-05-16 00:21:52 - [MESSAGE][PASSED] - Text 'MOTO' is set on object 'Object Repository/RecAndPlayBk/Page-Vlink-AuthOnly/input_Category_category'

2024-05-16 00:21:52 - [TEST_STEP][PASSED] - setText(findTestObject("Object Repository/RecAndPlayBk/Page-Vlink-AuthOnly/txt_CardName"), cardName): Text 'Kris Roshan' is set on object 'Object Repository/RecAndPlayBk/Page-Vlink-AuthOnly/txt_CardName'

2024-05-16 00:21:52 - [MESSAGE][PASSED] - Text 'Kris Roshan' is set on object 'Object Repository/RecAndPlayBk/Page-Vlink-AuthOnly/txt_CardName'

2024-05-16 00:21:52 - [TEST_STEP][PASSED] - setText(findTestObject("Object Repository/RecAndPlayBk/Page-Vlink-AuthOnly/txt_AL1"), al1): Text '258 Elm Road' is set on object 'Object Repository/RecAndPlayBk/Page-Vlink-AuthOnly/txt_AL1'

2024-05-16 00:21:53 - [MESSAGE][PASSED] - Text '258 Elm Road' is set on object 'Object Repository/RecAndPlayBk/Page-Vlink-AuthOnly/txt_AL1'

2024-05-16 00:21:53 - [TEST_STEP][PASSED] - setText(findTestObject("Object Repository/RecAndPlayBk/Page-Vlink-AuthOnly/txt_CardCity"), city): Text 'Arlington' is set on object 'Object Repository/RecAndPlayBk/Page-Vlink-AuthOnly/txt_CardCity'

2024-05-16 00:21:54 - [MESSAGE][PASSED] - Text 'Arlington' is set on object 'Object Repository/RecAndPlayBk/Page-Vlink-AuthOnly/txt_CardCity'

2024-05-16 00:21:54 - [TEST_STEP][PASSED] - setText(findTestObject("Object Repository/RecAndPlayBk/Page-Vlink-AuthOnly/txt_CardState"), state): Text 'VA' is set on object 'Object Repository/RecAndPlayBk/Page-Vlink-AuthOnly/txt_CardState'

2024-05-16 00:21:54 - [MESSAGE][PASSED] - Text 'VA' is set on object 'Object Repository/RecAndPlayBk/Page-Vlink-AuthOnly/txt_CardState'

2024-05-16 00:21:54 - [TEST_STEP][PASSED] - setText(findTestObject("Object Repository/RecAndPlayBk/Page-Vlink-AuthOnly/txt_CardZIP"), zip): Text '22201' is set on object 'Object Repository/RecAndPlayBk/Page-Vlink-AuthOnly/txt_CardZIP'

2024-05-16 00:21:55 - [MESSAGE][PASSED] - Text '22201' is set on object 'Object Repository/RecAndPlayBk/Page-Vlink-AuthOnly/txt_CardZIP'

2024-05-16 00:21:55 - [TEST_STEP][PASSED] - setText(findTestObject("Object Repository/RecAndPlayBk/Page-Vlink-AuthOnly/input_Amount_amount"), amount): Text '1.50' is set on object 'Object Repository/RecAndPlayBk/Page-Vlink-AuthOnly/input_Amount_amount'

2024-05-16 00:21:56 - [MESSAGE][PASSED] - Text '1.50' is set on object 'Object Repository/RecAndPlayBk/Page-Vlink-AuthOnly/input_Amount_amount'

2024-05-16 00:21:56 - [TEST_STEP][PASSED] - setText(findTestObject("Object Repository/RecAndPlayBk/Page-Vlink-AuthOnly/input_Card number_card_number"), cardNumber): Text '4111111111111111' is set on object 'Object Repository/RecAndPlayBk/Page-Vlink-AuthOnly/input_Card number_card_number'

2024-05-16 00:21:57 - [MESSAGE][PASSED] - Text '4111111111111111' is set on object 'Object Repository/RecAndPlayBk/Page-Vlink-AuthOnly/input_Card number_card_number'

2024-05-16 00:21:57 - [TEST_STEP][PASSED] - setText(findTestObject("Object Repository/RecAndPlayBk/Page-Vlink-AuthOnly/input_Card ex month_card_exmo"), exM): Text '12' is set on object 'Object Repository/RecAndPlayBk/Page-Vlink-AuthOnly/input_Card ex month_card_exmo'

2024-05-16 00:21:57 - [MESSAGE][PASSED] - Text '12' is set on object 'Object Repository/RecAndPlayBk/Page-Vlink-AuthOnly/input_Card ex month_card_exmo'

2024-05-16 00:21:57 - [TEST_STEP][PASSED] - setText(findTestObject("Object Repository/RecAndPlayBk/Page-Vlink-AuthOnly/input_Card ex year_card_exyr"), exY): Text '2025' is set on object 'Object Repository/RecAndPlayBk/Page-Vlink-AuthOnly/input_Card ex year_card_exyr'

2024-05-16 00:21:58 - [MESSAGE][PASSED] - Text '2025' is set on object 'Object Repository/RecAndPlayBk/Page-Vlink-AuthOnly/input_Card ex year_card_exyr'

2024-05-16 00:21:58 - [TEST_STEP][PASSED] - setText(findTestObject("Object Repository/RecAndPlayBk/Page-Vlink-AuthOnly/input_Track Data_track_data"), ""): Text '' is set on object 'Object Repository/RecAndPlayBk/Page-Vlink-AuthOnly/input_Track Data_track_data'

2024-05-16 00:21:58 - [MESSAGE][PASSED] - Text '' is set on object 'Object Repository/RecAndPlayBk/Page-Vlink-AuthOnly/input_Track Data_track_data'

2024-05-16 00:21:58 - [TEST_STEP][PASSED] - setText(findTestObject("Object Repository/RecAndPlayBk/Page-Vlink-AuthOnly/input_concat(Cardholder, , s email)_email"), ""): Text '' is set on object 'Object Repository/RecAndPlayBk/Page-Vlink-AuthOnly/input_concat(Cardholder, , s email)_email'

2024-05-16 00:21:59 - [MESSAGE][PASSED] - Text '' is set on object 'Object Repository/RecAndPlayBk/Page-Vlink-AuthOnly/input_concat(Cardholder, , s email)_email'

2024-05-16 00:21:59 - [TEST_STEP][PASSED] - click(findTestObject("Object Repository/RecAndPlayBk/Page-Vlink-AuthOnly/input_user_defined10_user_defined10")): Object: 'Object Repository/RecAndPlayBk/Page-Vlink-AuthOnly/input_user_defined10_user_defined10' is clicked on

2024-05-16 00:21:59 - [MESSAGE][PASSED] - Object: 'Object Repository/RecAndPlayBk/Page-Vlink-AuthOnly/input_user_defined10_user_defined10' is clicked on

2024-05-16 00:21:59 - [TEST_STEP][PASSED] - setText(findTestObject("Object Repository/RecAndPlayBk/Page-Vlink-AuthOnly/input_Card on File Indicator_card_on_file_i_157dae"), ""): Text '' is set on object 'Object Repository/RecAndPlayBk/Page-Vlink-AuthOnly/input_Card on File Indicator_card_on_file_i_157dae'

2024-05-16 00:22:00 - [MESSAGE][PASSED] - Text '' is set on object 'Object Repository/RecAndPlayBk/Page-Vlink-AuthOnly/input_Card on File Indicator_card_on_file_i_157dae'

2024-05-16 00:22:00 - [TEST_STEP][PASSED] - setText(findTestObject("Object Repository/RecAndPlayBk/Page-Vlink-AuthOnly/input_Stored Credential Indicator_stored_cr_4ae73c"), ""): Text '' is set on object 'Object Repository/RecAndPlayBk/Page-Vlink-AuthOnly/input_Stored Credential Indicator_stored_cr_4ae73c'

2024-05-16 00:22:01 - [MESSAGE][PASSED] - Text '' is set on object 'Object Repository/RecAndPlayBk/Page-Vlink-AuthOnly/input_Stored Credential Indicator_stored_cr_4ae73c'

2024-05-16 00:22:01 - [TEST_STEP][PASSED] - setText(findTestObject("Object Repository/RecAndPlayBk/Page-Vlink-AuthOnly/input_COF Scheduled indicator_cof_scheduled_8df7d8"), ""): Text '' is set on object 'Object Repository/RecAndPlayBk/Page-Vlink-AuthOnly/input_COF Scheduled indicator_cof_scheduled_8df7d8'

2024-05-16 00:22:01 - [MESSAGE][PASSED] - Text '' is set on object 'Object Repository/RecAndPlayBk/Page-Vlink-AuthOnly/input_COF Scheduled indicator_cof_scheduled_8df7d8'

2024-05-16 00:22:01 - [TEST_STEP][PASSED] - setText(findTestObject("Object Repository/RecAndPlayBk/Page-Vlink-AuthOnly/input_COF Transaction Initiated by_cof_tran_6cded5"), ""): Text '' is set on object 'Object Repository/RecAndPlayBk/Page-Vlink-AuthOnly/input_COF Transaction Initiated by_cof_tran_6cded5'

2024-05-16 00:22:02 - [MESSAGE][PASSED] - Text '' is set on object 'Object Repository/RecAndPlayBk/Page-Vlink-AuthOnly/input_COF Transaction Initiated by_cof_tran_6cded5'

2024-05-16 00:22:02 - [TEST_STEP][PASSED] - click(findTestObject("Object Repository/RecAndPlayBk/Page-Vlink-AuthOnly/input")): Object: 'Object Repository/RecAndPlayBk/Page-Vlink-AuthOnly/input' is clicked on

2024-05-16 00:22:03 - [MESSAGE][PASSED] - Object: 'Object Repository/RecAndPlayBk/Page-Vlink-AuthOnly/input' is clicked on

2024-05-16 00:22:03 - [TEST_STEP][PASSED] - if (verifyTextPresent(errorMsg, true)): null

2024-05-16 00:22:03 - [MESSAGE][PASSED] - Text 'Missing parameter: application_id' is present on page  using regular expression

2024-05-16 00:22:03 - [TEST_STEP][PASSED] - println("Error Message is present on the Confirmation page"): null

2024-05-16 00:22:03 - [TEST_STEP][PASSED] - out.println("Pass Record Number: " + row): null

2024-05-16 00:22:03 - [TEST_STEP][PASSED] - resText = "Pass": null

2024-05-16 00:22:03 - [TEST_STEP][PASSED] - pages.WriteExcel.demoKey(resText, datText, resColumn, datCloumn, fileLoc, nameSheet, row): pages.WriteExcel.demoKey is PASSED

2024-05-16 00:22:03 - [MESSAGE][PASSED] - pages.WriteExcel.demoKey is PASSED

2024-05-16 00:22:03 - [TEST_STEP][PASSED] - ExecuteTC = findTestData(dataFile).getValue("Execute", row): null

2024-05-16 00:22:03 - [TEST_STEP][PASSED] - out.println("Value of Execute is : " + ExecuteTC): null

2024-05-16 00:22:03 - [TEST_STEP][PASSED] - if (ExecuteTC.equalsIgnoreCase("Y")): null

2024-05-16 00:22:03 - [TEST_STEP][PASSED] - out.println("Begin Record Number: " + row): null

2024-05-16 00:22:03 - [TEST_STEP][PASSED] - today = new java.util.Date(): null

2024-05-16 00:22:03 - [TEST_STEP][PASSED] - println(today): null

2024-05-16 00:22:03 - [TEST_STEP][PASSED] - datText = today: null

2024-05-16 00:22:03 - [TEST_STEP][PASSED] - errorMsg = findTestData(dataFile).getValue("ErrorMsg", row): null

2024-05-16 00:22:03 - [TEST_STEP][PASSED] - appID = findTestData(dataFile).getValue("AppID", row): null

2024-05-16 00:22:03 - [TEST_STEP][PASSED] - username = findTestData(dataFile).getValue("Username", row): null

2024-05-16 00:22:04 - [TEST_STEP][PASSED] - password = findTestData(dataFile).getValue("Password", row): null

2024-05-16 00:22:04 - [TEST_STEP][PASSED] - tranType = findTestData(dataFile).getValue("TranType", row): null

2024-05-16 00:22:04 - [TEST_STEP][PASSED] - mv = findTestData(dataFile).getValue("MV", row): null

2024-05-16 00:22:04 - [TEST_STEP][PASSED] - resFormat = findTestData(dataFile).getValue("ResFormat", row): null

2024-05-16 00:22:04 - [TEST_STEP][PASSED] - category = findTestData(dataFile).getValue("Category", row): null

2024-05-16 00:22:04 - [TEST_STEP][PASSED] - amount = findTestData(dataFile).getValue("Amount", row): null

2024-05-16 00:22:04 - [TEST_STEP][PASSED] - cardName = findTestData(dataFile).getValue("CardName", row): null

2024-05-16 00:22:04 - [TEST_STEP][PASSED] - al1 = findTestData(dataFile).getValue("AL1", row): null

2024-05-16 00:22:04 - [TEST_STEP][PASSED] - city = findTestData(dataFile).getValue("City", row): null

2024-05-16 00:22:04 - [TEST_STEP][PASSED] - state = findTestData(dataFile).getValue("State", row): null

2024-05-16 00:22:04 - [TEST_STEP][PASSED] - zip = findTestData(dataFile).getValue("ZIP", row): null

2024-05-16 00:22:05 - [TEST_STEP][PASSED] - cardNumber = findTestData(dataFile).getValue("CardNumber", row): null

2024-05-16 00:22:05 - [TEST_STEP][PASSED] - exM = findTestData(dataFile).getValue("ExM", row): null

2024-05-16 00:22:05 - [TEST_STEP][PASSED] - exY = findTestData(dataFile).getValue("ExY", row): null

2024-05-16 00:22:05 - [TEST_STEP][PASSED] - openBrowser(VLinkURL + "auth.html"): Browser is opened with url: 'https://dev-algorithm.govolution.com/vlinktest/QA2/version_2_0/auth.html'

2024-05-16 00:22:05 - [MESSAGE][WARNING] - A browser is already opened. Closing browser and opening a new one

2024-05-16 00:22:06 - [MESSAGE][INFO] - Starting 'Chrome' driver

2024-05-16 00:22:06 - [MESSAGE][INFO] - User set preference: ['acceptInsecureCerts', 'true']

2024-05-16 00:22:06 - [MESSAGE][INFO] - Action delay is set to 0 milliseconds

2024-05-16 00:22:08 - [MESSAGE][PASSED] - Browser is opened with url: 'https://dev-algorithm.govolution.com/vlinktest/QA2/version_2_0/auth.html'

2024-05-16 00:22:08 - [TEST_STEP][PASSED] - maximizeWindow(): Current window maximized

2024-05-16 00:22:09 - [MESSAGE][PASSED] - Current window maximized

2024-05-16 00:22:09 - [TEST_STEP][PASSED] - maximizeWindow(): Current window maximized

2024-05-16 00:22:09 - [MESSAGE][PASSED] - Current window maximized

2024-05-16 00:22:09 - [TEST_STEP][PASSED] - setText(findTestObject("Object Repository/RecAndPlayBk/Page-Vlink-AuthOnly/txt_TransactionType"), tranType): Text '104' is set on object 'Object Repository/RecAndPlayBk/Page-Vlink-AuthOnly/txt_TransactionType'

2024-05-16 00:22:09 - [MESSAGE][PASSED] - Text '104' is set on object 'Object Repository/RecAndPlayBk/Page-Vlink-AuthOnly/txt_TransactionType'

2024-05-16 00:22:09 - [TEST_STEP][PASSED] - setText(findTestObject("Object Repository/RecAndPlayBk/Page-Vlink-AuthOnly/txt_MessageVersion"), mv): Text '2.0C' is set on object 'Object Repository/RecAndPlayBk/Page-Vlink-AuthOnly/txt_MessageVersion'

2024-05-16 00:22:10 - [MESSAGE][PASSED] - Text '2.0C' is set on object 'Object Repository/RecAndPlayBk/Page-Vlink-AuthOnly/txt_MessageVersion'

2024-05-16 00:22:10 - [TEST_STEP][PASSED] - genRemID = RandomStringUtils.random(12, true, true): null

2024-05-16 00:22:10 - [TEST_STEP][PASSED] - setText(findTestObject("Object Repository/RecAndPlayBk/Page-Vlink-AuthOnly/input_Remittance Id_remittance_id"), genRemID): Text 'DwacB1S3Qnxq' is set on object 'Object Repository/RecAndPlayBk/Page-Vlink-AuthOnly/input_Remittance Id_remittance_id'

2024-05-16 00:22:11 - [MESSAGE][PASSED] - Text 'DwacB1S3Qnxq' is set on object 'Object Repository/RecAndPlayBk/Page-Vlink-AuthOnly/input_Remittance Id_remittance_id'

2024-05-16 00:22:11 - [TEST_STEP][PASSED] - setText(findTestObject("Object Repository/RecAndPlayBk/Page-Vlink-AuthOnly/input_Application Id_application_id"), appID): Text '' is set on object 'Object Repository/RecAndPlayBk/Page-Vlink-AuthOnly/input_Application Id_application_id'

2024-05-16 00:22:11 - [MESSAGE][PASSED] - Text '' is set on object 'Object Repository/RecAndPlayBk/Page-Vlink-AuthOnly/input_Application Id_application_id'

2024-05-16 00:22:11 - [TEST_STEP][PASSED] - setText(findTestObject("Object Repository/RecAndPlayBk/Page-Vlink-AuthOnly/input_Username_username"), username): Text 'username' is set on object 'Object Repository/RecAndPlayBk/Page-Vlink-AuthOnly/input_Username_username'

2024-05-16 00:22:12 - [MESSAGE][PASSED] - Text 'username' is set on object 'Object Repository/RecAndPlayBk/Page-Vlink-AuthOnly/input_Username_username'

2024-05-16 00:22:12 - [TEST_STEP][PASSED] - setText(findTestObject("Object Repository/RecAndPlayBk/Page-Vlink-AuthOnly/input_Password_password"), password): Text 'password' is set on object 'Object Repository/RecAndPlayBk/Page-Vlink-AuthOnly/input_Password_password'

2024-05-16 00:22:13 - [MESSAGE][PASSED] - Text 'password' is set on object 'Object Repository/RecAndPlayBk/Page-Vlink-AuthOnly/input_Password_password'

2024-05-16 00:22:13 - [TEST_STEP][PASSED] - setText(findTestObject("Object Repository/RecAndPlayBk/Page-Vlink-AuthOnly/txt_ResponseFormat"), resFormat): Text 'fixed_width' is set on object 'Object Repository/RecAndPlayBk/Page-Vlink-AuthOnly/txt_ResponseFormat'

2024-05-16 00:22:13 - [MESSAGE][PASSED] - Text 'fixed_width' is set on object 'Object Repository/RecAndPlayBk/Page-Vlink-AuthOnly/txt_ResponseFormat'

2024-05-16 00:22:13 - [TEST_STEP][PASSED] - setText(findTestObject("Object Repository/RecAndPlayBk/Page-Vlink-AuthOnly/input_Category_category"), category): Text 'RETL' is set on object 'Object Repository/RecAndPlayBk/Page-Vlink-AuthOnly/input_Category_category'

2024-05-16 00:22:14 - [MESSAGE][PASSED] - Text 'RETL' is set on object 'Object Repository/RecAndPlayBk/Page-Vlink-AuthOnly/input_Category_category'

2024-05-16 00:22:14 - [TEST_STEP][PASSED] - setText(findTestObject("Object Repository/RecAndPlayBk/Page-Vlink-AuthOnly/txt_CardName"), cardName): Text 'Kris Roshan' is set on object 'Object Repository/RecAndPlayBk/Page-Vlink-AuthOnly/txt_CardName'

2024-05-16 00:22:15 - [MESSAGE][PASSED] - Text 'Kris Roshan' is set on object 'Object Repository/RecAndPlayBk/Page-Vlink-AuthOnly/txt_CardName'

2024-05-16 00:22:15 - [TEST_STEP][PASSED] - setText(findTestObject("Object Repository/RecAndPlayBk/Page-Vlink-AuthOnly/txt_AL1"), al1): Text '258 Elm Road' is set on object 'Object Repository/RecAndPlayBk/Page-Vlink-AuthOnly/txt_AL1'

2024-05-16 00:22:15 - [MESSAGE][PASSED] - Text '258 Elm Road' is set on object 'Object Repository/RecAndPlayBk/Page-Vlink-AuthOnly/txt_AL1'

2024-05-16 00:22:15 - [TEST_STEP][PASSED] - setText(findTestObject("Object Repository/RecAndPlayBk/Page-Vlink-AuthOnly/txt_CardCity"), city): Text 'Arlington' is set on object 'Object Repository/RecAndPlayBk/Page-Vlink-AuthOnly/txt_CardCity'

2024-05-16 00:22:16 - [MESSAGE][PASSED] - Text 'Arlington' is set on object 'Object Repository/RecAndPlayBk/Page-Vlink-AuthOnly/txt_CardCity'

2024-05-16 00:22:16 - [TEST_STEP][PASSED] - setText(findTestObject("Object Repository/RecAndPlayBk/Page-Vlink-AuthOnly/txt_CardState"), state): Text 'VA' is set on object 'Object Repository/RecAndPlayBk/Page-Vlink-AuthOnly/txt_CardState'

2024-05-16 00:22:17 - [MESSAGE][PASSED] - Text 'VA' is set on object 'Object Repository/RecAndPlayBk/Page-Vlink-AuthOnly/txt_CardState'

2024-05-16 00:22:17 - [TEST_STEP][PASSED] - setText(findTestObject("Object Repository/RecAndPlayBk/Page-Vlink-AuthOnly/txt_CardZIP"), zip): Text '22201' is set on object 'Object Repository/RecAndPlayBk/Page-Vlink-AuthOnly/txt_CardZIP'

2024-05-16 00:22:17 - [MESSAGE][PASSED] - Text '22201' is set on object 'Object Repository/RecAndPlayBk/Page-Vlink-AuthOnly/txt_CardZIP'

2024-05-16 00:22:17 - [TEST_STEP][PASSED] - setText(findTestObject("Object Repository/RecAndPlayBk/Page-Vlink-AuthOnly/input_Amount_amount"), amount): Text '1.50' is set on object 'Object Repository/RecAndPlayBk/Page-Vlink-AuthOnly/input_Amount_amount'

2024-05-16 00:22:18 - [MESSAGE][PASSED] - Text '1.50' is set on object 'Object Repository/RecAndPlayBk/Page-Vlink-AuthOnly/input_Amount_amount'

2024-05-16 00:22:18 - [TEST_STEP][PASSED] - setText(findTestObject("Object Repository/RecAndPlayBk/Page-Vlink-AuthOnly/input_Card number_card_number"), cardNumber): Text '4111111111111111' is set on object 'Object Repository/RecAndPlayBk/Page-Vlink-AuthOnly/input_Card number_card_number'

2024-05-16 00:22:19 - [MESSAGE][PASSED] - Text '4111111111111111' is set on object 'Object Repository/RecAndPlayBk/Page-Vlink-AuthOnly/input_Card number_card_number'

2024-05-16 00:22:19 - [TEST_STEP][PASSED] - setText(findTestObject("Object Repository/RecAndPlayBk/Page-Vlink-AuthOnly/input_Card ex month_card_exmo"), exM): Text '12' is set on object 'Object Repository/RecAndPlayBk/Page-Vlink-AuthOnly/input_Card ex month_card_exmo'

2024-05-16 00:22:20 - [MESSAGE][PASSED] - Text '12' is set on object 'Object Repository/RecAndPlayBk/Page-Vlink-AuthOnly/input_Card ex month_card_exmo'

2024-05-16 00:22:20 - [TEST_STEP][PASSED] - setText(findTestObject("Object Repository/RecAndPlayBk/Page-Vlink-AuthOnly/input_Card ex year_card_exyr"), exY): Text '2025' is set on object 'Object Repository/RecAndPlayBk/Page-Vlink-AuthOnly/input_Card ex year_card_exyr'

2024-05-16 00:22:20 - [MESSAGE][PASSED] - Text '2025' is set on object 'Object Repository/RecAndPlayBk/Page-Vlink-AuthOnly/input_Card ex year_card_exyr'

2024-05-16 00:22:20 - [TEST_STEP][PASSED] - setText(findTestObject("Object Repository/RecAndPlayBk/Page-Vlink-AuthOnly/input_Track Data_track_data"), ""): Text '' is set on object 'Object Repository/RecAndPlayBk/Page-Vlink-AuthOnly/input_Track Data_track_data'

2024-05-16 00:22:21 - [MESSAGE][PASSED] - Text '' is set on object 'Object Repository/RecAndPlayBk/Page-Vlink-AuthOnly/input_Track Data_track_data'

2024-05-16 00:22:21 - [TEST_STEP][PASSED] - setText(findTestObject("Object Repository/RecAndPlayBk/Page-Vlink-AuthOnly/input_concat(Cardholder, , s email)_email"), ""): Text '' is set on object 'Object Repository/RecAndPlayBk/Page-Vlink-AuthOnly/input_concat(Cardholder, , s email)_email'

2024-05-16 00:22:21 - [MESSAGE][PASSED] - Text '' is set on object 'Object Repository/RecAndPlayBk/Page-Vlink-AuthOnly/input_concat(Cardholder, , s email)_email'

2024-05-16 00:22:21 - [TEST_STEP][PASSED] - click(findTestObject("Object Repository/RecAndPlayBk/Page-Vlink-AuthOnly/input_user_defined10_user_defined10")): Object: 'Object Repository/RecAndPlayBk/Page-Vlink-AuthOnly/input_user_defined10_user_defined10' is clicked on

2024-05-16 00:22:22 - [MESSAGE][PASSED] - Object: 'Object Repository/RecAndPlayBk/Page-Vlink-AuthOnly/input_user_defined10_user_defined10' is clicked on

2024-05-16 00:22:22 - [TEST_STEP][PASSED] - setText(findTestObject("Object Repository/RecAndPlayBk/Page-Vlink-AuthOnly/input_Card on File Indicator_card_on_file_i_157dae"), ""): Text '' is set on object 'Object Repository/RecAndPlayBk/Page-Vlink-AuthOnly/input_Card on File Indicator_card_on_file_i_157dae'

2024-05-16 00:22:22 - [MESSAGE][PASSED] - Text '' is set on object 'Object Repository/RecAndPlayBk/Page-Vlink-AuthOnly/input_Card on File Indicator_card_on_file_i_157dae'

2024-05-16 00:22:22 - [TEST_STEP][PASSED] - setText(findTestObject("Object Repository/RecAndPlayBk/Page-Vlink-AuthOnly/input_Stored Credential Indicator_stored_cr_4ae73c"), ""): Text '' is set on object 'Object Repository/RecAndPlayBk/Page-Vlink-AuthOnly/input_Stored Credential Indicator_stored_cr_4ae73c'

2024-05-16 00:22:23 - [MESSAGE][PASSED] - Text '' is set on object 'Object Repository/RecAndPlayBk/Page-Vlink-AuthOnly/input_Stored Credential Indicator_stored_cr_4ae73c'

2024-05-16 00:22:23 - [TEST_STEP][PASSED] - setText(findTestObject("Object Repository/RecAndPlayBk/Page-Vlink-AuthOnly/input_COF Scheduled indicator_cof_scheduled_8df7d8"), ""): Text '' is set on object 'Object Repository/RecAndPlayBk/Page-Vlink-AuthOnly/input_COF Scheduled indicator_cof_scheduled_8df7d8'

2024-05-16 00:22:24 - [MESSAGE][PASSED] - Text '' is set on object 'Object Repository/RecAndPlayBk/Page-Vlink-AuthOnly/input_COF Scheduled indicator_cof_scheduled_8df7d8'

2024-05-16 00:22:24 - [TEST_STEP][PASSED] - setText(findTestObject("Object Repository/RecAndPlayBk/Page-Vlink-AuthOnly/input_COF Transaction Initiated by_cof_tran_6cded5"), ""): Text '' is set on object 'Object Repository/RecAndPlayBk/Page-Vlink-AuthOnly/input_COF Transaction Initiated by_cof_tran_6cded5'

2024-05-16 00:22:24 - [MESSAGE][PASSED] - Text '' is set on object 'Object Repository/RecAndPlayBk/Page-Vlink-AuthOnly/input_COF Transaction Initiated by_cof_tran_6cded5'

2024-05-16 00:22:24 - [TEST_STEP][PASSED] - click(findTestObject("Object Repository/RecAndPlayBk/Page-Vlink-AuthOnly/input")): Object: 'Object Repository/RecAndPlayBk/Page-Vlink-AuthOnly/input' is clicked on

2024-05-16 00:22:25 - [MESSAGE][PASSED] - Object: 'Object Repository/RecAndPlayBk/Page-Vlink-AuthOnly/input' is clicked on

2024-05-16 00:22:25 - [TEST_STEP][PASSED] - if (verifyTextPresent(errorMsg, true)): null

2024-05-16 00:22:25 - [MESSAGE][PASSED] - Text 'Missing parameter: application_id' is present on page  using regular expression

2024-05-16 00:22:25 - [TEST_STEP][PASSED] - println("Error Message is present on the Confirmation page"): null

2024-05-16 00:22:25 - [TEST_STEP][PASSED] - out.println("Pass Record Number: " + row): null

2024-05-16 00:22:25 - [TEST_STEP][PASSED] - resText = "Pass": null

2024-05-16 00:22:25 - [TEST_STEP][PASSED] - pages.WriteExcel.demoKey(resText, datText, resColumn, datCloumn, fileLoc, nameSheet, row): pages.WriteExcel.demoKey is PASSED

2024-05-16 00:22:25 - [MESSAGE][PASSED] - pages.WriteExcel.demoKey is PASSED

2024-05-16 00:22:25 - [TEST_STEP][PASSED] - ExecuteTC = findTestData(dataFile).getValue("Execute", row): null

2024-05-16 00:22:26 - [TEST_STEP][PASSED] - out.println("Value of Execute is : " + ExecuteTC): null

2024-05-16 00:22:26 - [TEST_STEP][PASSED] - if (ExecuteTC.equalsIgnoreCase("Y")): null

2024-05-16 00:22:26 - [TEST_STEP][PASSED] - out.println("Begin Record Number: " + row): null

2024-05-16 00:22:26 - [TEST_STEP][PASSED] - today = new java.util.Date(): null

2024-05-16 00:22:26 - [TEST_STEP][PASSED] - println(today): null

2024-05-16 00:22:26 - [TEST_STEP][PASSED] - datText = today: null

2024-05-16 00:22:26 - [TEST_STEP][PASSED] - errorMsg = findTestData(dataFile).getValue("ErrorMsg", row): null

2024-05-16 00:22:26 - [TEST_STEP][PASSED] - appID = findTestData(dataFile).getValue("AppID", row): null

2024-05-16 00:22:26 - [TEST_STEP][PASSED] - username = findTestData(dataFile).getValue("Username", row): null

2024-05-16 00:22:26 - [TEST_STEP][PASSED] - password = findTestData(dataFile).getValue("Password", row): null

2024-05-16 00:22:26 - [TEST_STEP][PASSED] - tranType = findTestData(dataFile).getValue("TranType", row): null

2024-05-16 00:22:26 - [TEST_STEP][PASSED] - mv = findTestData(dataFile).getValue("MV", row): null

2024-05-16 00:22:26 - [TEST_STEP][PASSED] - resFormat = findTestData(dataFile).getValue("ResFormat", row): null

2024-05-16 00:22:26 - [TEST_STEP][PASSED] - category = findTestData(dataFile).getValue("Category", row): null

2024-05-16 00:22:26 - [TEST_STEP][PASSED] - amount = findTestData(dataFile).getValue("Amount", row): null

2024-05-16 00:22:26 - [TEST_STEP][PASSED] - cardName = findTestData(dataFile).getValue("CardName", row): null

2024-05-16 00:22:26 - [TEST_STEP][PASSED] - al1 = findTestData(dataFile).getValue("AL1", row): null

2024-05-16 00:22:27 - [TEST_STEP][PASSED] - city = findTestData(dataFile).getValue("City", row): null

2024-05-16 00:22:27 - [TEST_STEP][PASSED] - state = findTestData(dataFile).getValue("State", row): null

2024-05-16 00:22:27 - [TEST_STEP][PASSED] - zip = findTestData(dataFile).getValue("ZIP", row): null

2024-05-16 00:22:27 - [TEST_STEP][PASSED] - cardNumber = findTestData(dataFile).getValue("CardNumber", row): null

2024-05-16 00:22:27 - [TEST_STEP][PASSED] - exM = findTestData(dataFile).getValue("ExM", row): null

2024-05-16 00:22:27 - [TEST_STEP][PASSED] - exY = findTestData(dataFile).getValue("ExY", row): null

2024-05-16 00:22:27 - [TEST_STEP][PASSED] - openBrowser(VLinkURL + "auth.html"): Browser is opened with url: 'https://dev-algorithm.govolution.com/vlinktest/QA2/version_2_0/auth.html'

2024-05-16 00:22:27 - [MESSAGE][WARNING] - A browser is already opened. Closing browser and opening a new one

2024-05-16 00:22:28 - [MESSAGE][INFO] - Starting 'Chrome' driver

2024-05-16 00:22:28 - [MESSAGE][INFO] - User set preference: ['acceptInsecureCerts', 'true']

2024-05-16 00:22:28 - [MESSAGE][INFO] - Action delay is set to 0 milliseconds

2024-05-16 00:22:31 - [MESSAGE][PASSED] - Browser is opened with url: 'https://dev-algorithm.govolution.com/vlinktest/QA2/version_2_0/auth.html'

2024-05-16 00:22:31 - [TEST_STEP][PASSED] - maximizeWindow(): Current window maximized

2024-05-16 00:22:31 - [MESSAGE][PASSED] - Current window maximized

2024-05-16 00:22:31 - [TEST_STEP][PASSED] - maximizeWindow(): Current window maximized

2024-05-16 00:22:31 - [MESSAGE][PASSED] - Current window maximized

2024-05-16 00:22:31 - [TEST_STEP][PASSED] - setText(findTestObject("Object Repository/RecAndPlayBk/Page-Vlink-AuthOnly/txt_TransactionType"), tranType): Text '104' is set on object 'Object Repository/RecAndPlayBk/Page-Vlink-AuthOnly/txt_TransactionType'

2024-05-16 00:22:32 - [MESSAGE][PASSED] - Text '104' is set on object 'Object Repository/RecAndPlayBk/Page-Vlink-AuthOnly/txt_TransactionType'

2024-05-16 00:22:32 - [TEST_STEP][PASSED] - setText(findTestObject("Object Repository/RecAndPlayBk/Page-Vlink-AuthOnly/txt_MessageVersion"), mv): Text '2.0C' is set on object 'Object Repository/RecAndPlayBk/Page-Vlink-AuthOnly/txt_MessageVersion'

2024-05-16 00:22:32 - [MESSAGE][PASSED] - Text '2.0C' is set on object 'Object Repository/RecAndPlayBk/Page-Vlink-AuthOnly/txt_MessageVersion'

2024-05-16 00:22:32 - [TEST_STEP][PASSED] - genRemID = RandomStringUtils.random(12, true, true): null

2024-05-16 00:22:32 - [TEST_STEP][PASSED] - setText(findTestObject("Object Repository/RecAndPlayBk/Page-Vlink-AuthOnly/input_Remittance Id_remittance_id"), genRemID): Text 'Df4x29z1UV5U' is set on object 'Object Repository/RecAndPlayBk/Page-Vlink-AuthOnly/input_Remittance Id_remittance_id'

2024-05-16 00:22:33 - [MESSAGE][PASSED] - Text 'Df4x29z1UV5U' is set on object 'Object Repository/RecAndPlayBk/Page-Vlink-AuthOnly/input_Remittance Id_remittance_id'

2024-05-16 00:22:33 - [TEST_STEP][PASSED] - setText(findTestObject("Object Repository/RecAndPlayBk/Page-Vlink-AuthOnly/input_Application Id_application_id"), appID): Text '234' is set on object 'Object Repository/RecAndPlayBk/Page-Vlink-AuthOnly/input_Application Id_application_id'

2024-05-16 00:22:34 - [MESSAGE][PASSED] - Text '234' is set on object 'Object Repository/RecAndPlayBk/Page-Vlink-AuthOnly/input_Application Id_application_id'

2024-05-16 00:22:34 - [TEST_STEP][PASSED] - setText(findTestObject("Object Repository/RecAndPlayBk/Page-Vlink-AuthOnly/input_Username_username"), username): Text 'username' is set on object 'Object Repository/RecAndPlayBk/Page-Vlink-AuthOnly/input_Username_username'

2024-05-16 00:22:34 - [MESSAGE][PASSED] - Text 'username' is set on object 'Object Repository/RecAndPlayBk/Page-Vlink-AuthOnly/input_Username_username'

2024-05-16 00:22:34 - [TEST_STEP][PASSED] - setText(findTestObject("Object Repository/RecAndPlayBk/Page-Vlink-AuthOnly/input_Password_password"), password): Text 'password' is set on object 'Object Repository/RecAndPlayBk/Page-Vlink-AuthOnly/input_Password_password'

2024-05-16 00:22:35 - [MESSAGE][PASSED] - Text 'password' is set on object 'Object Repository/RecAndPlayBk/Page-Vlink-AuthOnly/input_Password_password'

2024-05-16 00:22:35 - [TEST_STEP][PASSED] - setText(findTestObject("Object Repository/RecAndPlayBk/Page-Vlink-AuthOnly/txt_ResponseFormat"), resFormat): Text '' is set on object 'Object Repository/RecAndPlayBk/Page-Vlink-AuthOnly/txt_ResponseFormat'

2024-05-16 00:22:36 - [MESSAGE][PASSED] - Text '' is set on object 'Object Repository/RecAndPlayBk/Page-Vlink-AuthOnly/txt_ResponseFormat'

2024-05-16 00:22:36 - [TEST_STEP][PASSED] - setText(findTestObject("Object Repository/RecAndPlayBk/Page-Vlink-AuthOnly/input_Category_category"), category): Text 'ECOM' is set on object 'Object Repository/RecAndPlayBk/Page-Vlink-AuthOnly/input_Category_category'

2024-05-16 00:22:36 - [MESSAGE][PASSED] - Text 'ECOM' is set on object 'Object Repository/RecAndPlayBk/Page-Vlink-AuthOnly/input_Category_category'

2024-05-16 00:22:36 - [TEST_STEP][PASSED] - setText(findTestObject("Object Repository/RecAndPlayBk/Page-Vlink-AuthOnly/txt_CardName"), cardName): Text 'Kris Roshan' is set on object 'Object Repository/RecAndPlayBk/Page-Vlink-AuthOnly/txt_CardName'

2024-05-16 00:22:37 - [MESSAGE][PASSED] - Text 'Kris Roshan' is set on object 'Object Repository/RecAndPlayBk/Page-Vlink-AuthOnly/txt_CardName'

2024-05-16 00:22:37 - [TEST_STEP][PASSED] - setText(findTestObject("Object Repository/RecAndPlayBk/Page-Vlink-AuthOnly/txt_AL1"), al1): Text '258 Elm Road' is set on object 'Object Repository/RecAndPlayBk/Page-Vlink-AuthOnly/txt_AL1'

2024-05-16 00:22:37 - [MESSAGE][PASSED] - Text '258 Elm Road' is set on object 'Object Repository/RecAndPlayBk/Page-Vlink-AuthOnly/txt_AL1'

2024-05-16 00:22:37 - [TEST_STEP][PASSED] - setText(findTestObject("Object Repository/RecAndPlayBk/Page-Vlink-AuthOnly/txt_CardCity"), city): Text 'Arlington' is set on object 'Object Repository/RecAndPlayBk/Page-Vlink-AuthOnly/txt_CardCity'

2024-05-16 00:22:38 - [MESSAGE][PASSED] - Text 'Arlington' is set on object 'Object Repository/RecAndPlayBk/Page-Vlink-AuthOnly/txt_CardCity'

2024-05-16 00:22:38 - [TEST_STEP][PASSED] - setText(findTestObject("Object Repository/RecAndPlayBk/Page-Vlink-AuthOnly/txt_CardState"), state): Text 'VA' is set on object 'Object Repository/RecAndPlayBk/Page-Vlink-AuthOnly/txt_CardState'

2024-05-16 00:22:39 - [MESSAGE][PASSED] - Text 'VA' is set on object 'Object Repository/RecAndPlayBk/Page-Vlink-AuthOnly/txt_CardState'

2024-05-16 00:22:39 - [TEST_STEP][PASSED] - setText(findTestObject("Object Repository/RecAndPlayBk/Page-Vlink-AuthOnly/txt_CardZIP"), zip): Text '22201' is set on object 'Object Repository/RecAndPlayBk/Page-Vlink-AuthOnly/txt_CardZIP'

2024-05-16 00:22:39 - [MESSAGE][PASSED] - Text '22201' is set on object 'Object Repository/RecAndPlayBk/Page-Vlink-AuthOnly/txt_CardZIP'

2024-05-16 00:22:39 - [TEST_STEP][PASSED] - setText(findTestObject("Object Repository/RecAndPlayBk/Page-Vlink-AuthOnly/input_Amount_amount"), amount): Text '1.50' is set on object 'Object Repository/RecAndPlayBk/Page-Vlink-AuthOnly/input_Amount_amount'

2024-05-16 00:22:40 - [MESSAGE][PASSED] - Text '1.50' is set on object 'Object Repository/RecAndPlayBk/Page-Vlink-AuthOnly/input_Amount_amount'

2024-05-16 00:22:40 - [TEST_STEP][PASSED] - setText(findTestObject("Object Repository/RecAndPlayBk/Page-Vlink-AuthOnly/input_Card number_card_number"), cardNumber): Text '4111111111111111' is set on object 'Object Repository/RecAndPlayBk/Page-Vlink-AuthOnly/input_Card number_card_number'

2024-05-16 00:22:41 - [MESSAGE][PASSED] - Text '4111111111111111' is set on object 'Object Repository/RecAndPlayBk/Page-Vlink-AuthOnly/input_Card number_card_number'

2024-05-16 00:22:41 - [TEST_STEP][PASSED] - setText(findTestObject("Object Repository/RecAndPlayBk/Page-Vlink-AuthOnly/input_Card ex month_card_exmo"), exM): Text '12' is set on object 'Object Repository/RecAndPlayBk/Page-Vlink-AuthOnly/input_Card ex month_card_exmo'

2024-05-16 00:22:41 - [MESSAGE][PASSED] - Text '12' is set on object 'Object Repository/RecAndPlayBk/Page-Vlink-AuthOnly/input_Card ex month_card_exmo'

2024-05-16 00:22:41 - [TEST_STEP][PASSED] - setText(findTestObject("Object Repository/RecAndPlayBk/Page-Vlink-AuthOnly/input_Card ex year_card_exyr"), exY): Text '2025' is set on object 'Object Repository/RecAndPlayBk/Page-Vlink-AuthOnly/input_Card ex year_card_exyr'

2024-05-16 00:22:42 - [MESSAGE][PASSED] - Text '2025' is set on object 'Object Repository/RecAndPlayBk/Page-Vlink-AuthOnly/input_Card ex year_card_exyr'

2024-05-16 00:22:42 - [TEST_STEP][PASSED] - setText(findTestObject("Object Repository/RecAndPlayBk/Page-Vlink-AuthOnly/input_Track Data_track_data"), ""): Text '' is set on object 'Object Repository/RecAndPlayBk/Page-Vlink-AuthOnly/input_Track Data_track_data'

2024-05-16 00:22:43 - [MESSAGE][PASSED] - Text '' is set on object 'Object Repository/RecAndPlayBk/Page-Vlink-AuthOnly/input_Track Data_track_data'

2024-05-16 00:22:43 - [TEST_STEP][PASSED] - setText(findTestObject("Object Repository/RecAndPlayBk/Page-Vlink-AuthOnly/input_concat(Cardholder, , s email)_email"), ""): Text '' is set on object 'Object Repository/RecAndPlayBk/Page-Vlink-AuthOnly/input_concat(Cardholder, , s email)_email'

2024-05-16 00:22:43 - [MESSAGE][PASSED] - Text '' is set on object 'Object Repository/RecAndPlayBk/Page-Vlink-AuthOnly/input_concat(Cardholder, , s email)_email'

2024-05-16 00:22:43 - [TEST_STEP][PASSED] - click(findTestObject("Object Repository/RecAndPlayBk/Page-Vlink-AuthOnly/input_user_defined10_user_defined10")): Object: 'Object Repository/RecAndPlayBk/Page-Vlink-AuthOnly/input_user_defined10_user_defined10' is clicked on

2024-05-16 00:22:44 - [MESSAGE][PASSED] - Object: 'Object Repository/RecAndPlayBk/Page-Vlink-AuthOnly/input_user_defined10_user_defined10' is clicked on

2024-05-16 00:22:44 - [TEST_STEP][PASSED] - setText(findTestObject("Object Repository/RecAndPlayBk/Page-Vlink-AuthOnly/input_Card on File Indicator_card_on_file_i_157dae"), ""): Text '' is set on object 'Object Repository/RecAndPlayBk/Page-Vlink-AuthOnly/input_Card on File Indicator_card_on_file_i_157dae'

2024-05-16 00:22:44 - [MESSAGE][PASSED] - Text '' is set on object 'Object Repository/RecAndPlayBk/Page-Vlink-AuthOnly/input_Card on File Indicator_card_on_file_i_157dae'

2024-05-16 00:22:44 - [TEST_STEP][PASSED] - setText(findTestObject("Object Repository/RecAndPlayBk/Page-Vlink-AuthOnly/input_Stored Credential Indicator_stored_cr_4ae73c"), ""): Text '' is set on object 'Object Repository/RecAndPlayBk/Page-Vlink-AuthOnly/input_Stored Credential Indicator_stored_cr_4ae73c'

2024-05-16 00:22:45 - [MESSAGE][PASSED] - Text '' is set on object 'Object Repository/RecAndPlayBk/Page-Vlink-AuthOnly/input_Stored Credential Indicator_stored_cr_4ae73c'

2024-05-16 00:22:45 - [TEST_STEP][PASSED] - setText(findTestObject("Object Repository/RecAndPlayBk/Page-Vlink-AuthOnly/input_COF Scheduled indicator_cof_scheduled_8df7d8"), ""): Text '' is set on object 'Object Repository/RecAndPlayBk/Page-Vlink-AuthOnly/input_COF Scheduled indicator_cof_scheduled_8df7d8'

2024-05-16 00:22:46 - [MESSAGE][PASSED] - Text '' is set on object 'Object Repository/RecAndPlayBk/Page-Vlink-AuthOnly/input_COF Scheduled indicator_cof_scheduled_8df7d8'

2024-05-16 00:22:46 - [TEST_STEP][PASSED] - setText(findTestObject("Object Repository/RecAndPlayBk/Page-Vlink-AuthOnly/input_COF Transaction Initiated by_cof_tran_6cded5"), ""): Text '' is set on object 'Object Repository/RecAndPlayBk/Page-Vlink-AuthOnly/input_COF Transaction Initiated by_cof_tran_6cded5'

2024-05-16 00:22:46 - [MESSAGE][PASSED] - Text '' is set on object 'Object Repository/RecAndPlayBk/Page-Vlink-AuthOnly/input_COF Transaction Initiated by_cof_tran_6cded5'

2024-05-16 00:22:46 - [TEST_STEP][PASSED] - click(findTestObject("Object Repository/RecAndPlayBk/Page-Vlink-AuthOnly/input")): Object: 'Object Repository/RecAndPlayBk/Page-Vlink-AuthOnly/input' is clicked on

2024-05-16 00:22:47 - [MESSAGE][PASSED] - Object: 'Object Repository/RecAndPlayBk/Page-Vlink-AuthOnly/input' is clicked on

2024-05-16 00:22:47 - [TEST_STEP][PASSED] - if (verifyTextPresent(errorMsg, true)): null

2024-05-16 00:22:47 - [MESSAGE][PASSED] - Text 'response_format' is present on page  using regular expression

2024-05-16 00:22:47 - [TEST_STEP][PASSED] - println("Error Message is present on the Confirmation page"): null

2024-05-16 00:22:47 - [TEST_STEP][PASSED] - out.println("Pass Record Number: " + row): null

2024-05-16 00:22:47 - [TEST_STEP][PASSED] - resText = "Pass": null

2024-05-16 00:22:47 - [TEST_STEP][PASSED] - pages.WriteExcel.demoKey(resText, datText, resColumn, datCloumn, fileLoc, nameSheet, row): pages.WriteExcel.demoKey is PASSED

2024-05-16 00:22:47 - [MESSAGE][PASSED] - pages.WriteExcel.demoKey is PASSED

2024-05-16 00:22:47 - [TEST_STEP][PASSED] - ExecuteTC = findTestData(dataFile).getValue("Execute", row): null

2024-05-16 00:22:48 - [TEST_STEP][PASSED] - out.println("Value of Execute is : " + ExecuteTC): null

2024-05-16 00:22:48 - [TEST_STEP][PASSED] - if (ExecuteTC.equalsIgnoreCase("Y")): null

2024-05-16 00:22:48 - [TEST_STEP][PASSED] - out.println("Begin Record Number: " + row): null

2024-05-16 00:22:48 - [TEST_STEP][PASSED] - today = new java.util.Date(): null

2024-05-16 00:22:48 - [TEST_STEP][PASSED] - println(today): null

2024-05-16 00:22:48 - [TEST_STEP][PASSED] - datText = today: null

2024-05-16 00:22:48 - [TEST_STEP][PASSED] - errorMsg = findTestData(dataFile).getValue("ErrorMsg", row): null

2024-05-16 00:22:48 - [TEST_STEP][PASSED] - appID = findTestData(dataFile).getValue("AppID", row): null

2024-05-16 00:22:48 - [TEST_STEP][PASSED] - username = findTestData(dataFile).getValue("Username", row): null

2024-05-16 00:22:48 - [TEST_STEP][PASSED] - password = findTestData(dataFile).getValue("Password", row): null

2024-05-16 00:22:48 - [TEST_STEP][PASSED] - tranType = findTestData(dataFile).getValue("TranType", row): null

2024-05-16 00:22:48 - [TEST_STEP][PASSED] - mv = findTestData(dataFile).getValue("MV", row): null

2024-05-16 00:22:48 - [TEST_STEP][PASSED] - resFormat = findTestData(dataFile).getValue("ResFormat", row): null

2024-05-16 00:22:48 - [TEST_STEP][PASSED] - category = findTestData(dataFile).getValue("Category", row): null

2024-05-16 00:22:48 - [TEST_STEP][PASSED] - amount = findTestData(dataFile).getValue("Amount", row): null

2024-05-16 00:22:48 - [TEST_STEP][PASSED] - cardName = findTestData(dataFile).getValue("CardName", row): null

2024-05-16 00:22:49 - [TEST_STEP][PASSED] - al1 = findTestData(dataFile).getValue("AL1", row): null

2024-05-16 00:22:49 - [TEST_STEP][PASSED] - city = findTestData(dataFile).getValue("City", row): null

2024-05-16 00:22:49 - [TEST_STEP][PASSED] - state = findTestData(dataFile).getValue("State", row): null

2024-05-16 00:22:49 - [TEST_STEP][PASSED] - zip = findTestData(dataFile).getValue("ZIP", row): null

2024-05-16 00:22:49 - [TEST_STEP][PASSED] - cardNumber = findTestData(dataFile).getValue("CardNumber", row): null

2024-05-16 00:22:49 - [TEST_STEP][PASSED] - exM = findTestData(dataFile).getValue("ExM", row): null

2024-05-16 00:22:49 - [TEST_STEP][PASSED] - exY = findTestData(dataFile).getValue("ExY", row): null

2024-05-16 00:22:49 - [TEST_STEP][PASSED] - openBrowser(VLinkURL + "auth.html"): Browser is opened with url: 'https://dev-algorithm.govolution.com/vlinktest/QA2/version_2_0/auth.html'

2024-05-16 00:22:49 - [MESSAGE][WARNING] - A browser is already opened. Closing browser and opening a new one

2024-05-16 00:22:51 - [MESSAGE][INFO] - Starting 'Chrome' driver

2024-05-16 00:22:51 - [MESSAGE][INFO] - User set preference: ['acceptInsecureCerts', 'true']

2024-05-16 00:22:51 - [MESSAGE][INFO] - Action delay is set to 0 milliseconds

2024-05-16 00:22:53 - [MESSAGE][PASSED] - Browser is opened with url: 'https://dev-algorithm.govolution.com/vlinktest/QA2/version_2_0/auth.html'

2024-05-16 00:22:53 - [TEST_STEP][PASSED] - maximizeWindow(): Current window maximized

2024-05-16 00:22:53 - [MESSAGE][PASSED] - Current window maximized

2024-05-16 00:22:53 - [TEST_STEP][PASSED] - maximizeWindow(): Current window maximized

2024-05-16 00:22:53 - [MESSAGE][PASSED] - Current window maximized

2024-05-16 00:22:53 - [TEST_STEP][PASSED] - setText(findTestObject("Object Repository/RecAndPlayBk/Page-Vlink-AuthOnly/txt_TransactionType"), tranType): Text '104' is set on object 'Object Repository/RecAndPlayBk/Page-Vlink-AuthOnly/txt_TransactionType'

2024-05-16 00:22:54 - [MESSAGE][PASSED] - Text '104' is set on object 'Object Repository/RecAndPlayBk/Page-Vlink-AuthOnly/txt_TransactionType'

2024-05-16 00:22:54 - [TEST_STEP][PASSED] - setText(findTestObject("Object Repository/RecAndPlayBk/Page-Vlink-AuthOnly/txt_MessageVersion"), mv): Text '2.0C' is set on object 'Object Repository/RecAndPlayBk/Page-Vlink-AuthOnly/txt_MessageVersion'

2024-05-16 00:22:54 - [MESSAGE][PASSED] - Text '2.0C' is set on object 'Object Repository/RecAndPlayBk/Page-Vlink-AuthOnly/txt_MessageVersion'

2024-05-16 00:22:54 - [TEST_STEP][PASSED] - genRemID = RandomStringUtils.random(12, true, true): null

2024-05-16 00:22:54 - [TEST_STEP][PASSED] - setText(findTestObject("Object Repository/RecAndPlayBk/Page-Vlink-AuthOnly/input_Remittance Id_remittance_id"), genRemID): Text '4E1IMGlAMatt' is set on object 'Object Repository/RecAndPlayBk/Page-Vlink-AuthOnly/input_Remittance Id_remittance_id'

2024-05-16 00:22:55 - [MESSAGE][PASSED] - Text '4E1IMGlAMatt' is set on object 'Object Repository/RecAndPlayBk/Page-Vlink-AuthOnly/input_Remittance Id_remittance_id'

2024-05-16 00:22:55 - [TEST_STEP][PASSED] - setText(findTestObject("Object Repository/RecAndPlayBk/Page-Vlink-AuthOnly/input_Application Id_application_id"), appID): Text '234' is set on object 'Object Repository/RecAndPlayBk/Page-Vlink-AuthOnly/input_Application Id_application_id'

2024-05-16 00:22:56 - [MESSAGE][PASSED] - Text '234' is set on object 'Object Repository/RecAndPlayBk/Page-Vlink-AuthOnly/input_Application Id_application_id'

2024-05-16 00:22:56 - [TEST_STEP][PASSED] - setText(findTestObject("Object Repository/RecAndPlayBk/Page-Vlink-AuthOnly/input_Username_username"), username): Text 'username' is set on object 'Object Repository/RecAndPlayBk/Page-Vlink-AuthOnly/input_Username_username'

2024-05-16 00:22:56 - [MESSAGE][PASSED] - Text 'username' is set on object 'Object Repository/RecAndPlayBk/Page-Vlink-AuthOnly/input_Username_username'

2024-05-16 00:22:56 - [TEST_STEP][PASSED] - setText(findTestObject("Object Repository/RecAndPlayBk/Page-Vlink-AuthOnly/input_Password_password"), password): Text 'password' is set on object 'Object Repository/RecAndPlayBk/Page-Vlink-AuthOnly/input_Password_password'

2024-05-16 00:22:57 - [MESSAGE][PASSED] - Text 'password' is set on object 'Object Repository/RecAndPlayBk/Page-Vlink-AuthOnly/input_Password_password'

2024-05-16 00:22:57 - [TEST_STEP][PASSED] - setText(findTestObject("Object Repository/RecAndPlayBk/Page-Vlink-AuthOnly/txt_ResponseFormat"), resFormat): Text '' is set on object 'Object Repository/RecAndPlayBk/Page-Vlink-AuthOnly/txt_ResponseFormat'

2024-05-16 00:22:58 - [MESSAGE][PASSED] - Text '' is set on object 'Object Repository/RecAndPlayBk/Page-Vlink-AuthOnly/txt_ResponseFormat'

2024-05-16 00:22:58 - [TEST_STEP][PASSED] - setText(findTestObject("Object Repository/RecAndPlayBk/Page-Vlink-AuthOnly/input_Category_category"), category): Text 'MOTO' is set on object 'Object Repository/RecAndPlayBk/Page-Vlink-AuthOnly/input_Category_category'

2024-05-16 00:22:58 - [MESSAGE][PASSED] - Text 'MOTO' is set on object 'Object Repository/RecAndPlayBk/Page-Vlink-AuthOnly/input_Category_category'

2024-05-16 00:22:58 - [TEST_STEP][PASSED] - setText(findTestObject("Object Repository/RecAndPlayBk/Page-Vlink-AuthOnly/txt_CardName"), cardName): Text 'Kris Roshan' is set on object 'Object Repository/RecAndPlayBk/Page-Vlink-AuthOnly/txt_CardName'

2024-05-16 00:22:59 - [MESSAGE][PASSED] - Text 'Kris Roshan' is set on object 'Object Repository/RecAndPlayBk/Page-Vlink-AuthOnly/txt_CardName'

2024-05-16 00:22:59 - [TEST_STEP][PASSED] - setText(findTestObject("Object Repository/RecAndPlayBk/Page-Vlink-AuthOnly/txt_AL1"), al1): Text '258 Elm Road' is set on object 'Object Repository/RecAndPlayBk/Page-Vlink-AuthOnly/txt_AL1'

2024-05-16 00:23:00 - [MESSAGE][PASSED] - Text '258 Elm Road' is set on object 'Object Repository/RecAndPlayBk/Page-Vlink-AuthOnly/txt_AL1'

2024-05-16 00:23:00 - [TEST_STEP][PASSED] - setText(findTestObject("Object Repository/RecAndPlayBk/Page-Vlink-AuthOnly/txt_CardCity"), city): Text 'Arlington' is set on object 'Object Repository/RecAndPlayBk/Page-Vlink-AuthOnly/txt_CardCity'

2024-05-16 00:23:00 - [MESSAGE][PASSED] - Text 'Arlington' is set on object 'Object Repository/RecAndPlayBk/Page-Vlink-AuthOnly/txt_CardCity'

2024-05-16 00:23:00 - [TEST_STEP][PASSED] - setText(findTestObject("Object Repository/RecAndPlayBk/Page-Vlink-AuthOnly/txt_CardState"), state): Text 'VA' is set on object 'Object Repository/RecAndPlayBk/Page-Vlink-AuthOnly/txt_CardState'

2024-05-16 00:23:01 - [MESSAGE][PASSED] - Text 'VA' is set on object 'Object Repository/RecAndPlayBk/Page-Vlink-AuthOnly/txt_CardState'

2024-05-16 00:23:01 - [TEST_STEP][PASSED] - setText(findTestObject("Object Repository/RecAndPlayBk/Page-Vlink-AuthOnly/txt_CardZIP"), zip): Text '22201' is set on object 'Object Repository/RecAndPlayBk/Page-Vlink-AuthOnly/txt_CardZIP'

2024-05-16 00:23:02 - [MESSAGE][PASSED] - Text '22201' is set on object 'Object Repository/RecAndPlayBk/Page-Vlink-AuthOnly/txt_CardZIP'

2024-05-16 00:23:02 - [TEST_STEP][PASSED] - setText(findTestObject("Object Repository/RecAndPlayBk/Page-Vlink-AuthOnly/input_Amount_amount"), amount): Text '1.50' is set on object 'Object Repository/RecAndPlayBk/Page-Vlink-AuthOnly/input_Amount_amount'

2024-05-16 00:23:02 - [MESSAGE][PASSED] - Text '1.50' is set on object 'Object Repository/RecAndPlayBk/Page-Vlink-AuthOnly/input_Amount_amount'

2024-05-16 00:23:02 - [TEST_STEP][PASSED] - setText(findTestObject("Object Repository/RecAndPlayBk/Page-Vlink-AuthOnly/input_Card number_card_number"), cardNumber): Text '4111111111111111' is set on object 'Object Repository/RecAndPlayBk/Page-Vlink-AuthOnly/input_Card number_card_number'

2024-05-16 00:23:03 - [MESSAGE][PASSED] - Text '4111111111111111' is set on object 'Object Repository/RecAndPlayBk/Page-Vlink-AuthOnly/input_Card number_card_number'

2024-05-16 00:23:03 - [TEST_STEP][PASSED] - setText(findTestObject("Object Repository/RecAndPlayBk/Page-Vlink-AuthOnly/input_Card ex month_card_exmo"), exM): Text '12' is set on object 'Object Repository/RecAndPlayBk/Page-Vlink-AuthOnly/input_Card ex month_card_exmo'

2024-05-16 00:23:04 - [MESSAGE][PASSED] - Text '12' is set on object 'Object Repository/RecAndPlayBk/Page-Vlink-AuthOnly/input_Card ex month_card_exmo'

2024-05-16 00:23:04 - [TEST_STEP][PASSED] - setText(findTestObject("Object Repository/RecAndPlayBk/Page-Vlink-AuthOnly/input_Card ex year_card_exyr"), exY): Text '2025' is set on object 'Object Repository/RecAndPlayBk/Page-Vlink-AuthOnly/input_Card ex year_card_exyr'

2024-05-16 00:23:04 - [MESSAGE][PASSED] - Text '2025' is set on object 'Object Repository/RecAndPlayBk/Page-Vlink-AuthOnly/input_Card ex year_card_exyr'

2024-05-16 00:23:04 - [TEST_STEP][PASSED] - setText(findTestObject("Object Repository/RecAndPlayBk/Page-Vlink-AuthOnly/input_Track Data_track_data"), ""): Text '' is set on object 'Object Repository/RecAndPlayBk/Page-Vlink-AuthOnly/input_Track Data_track_data'

2024-05-16 00:23:05 - [MESSAGE][PASSED] - Text '' is set on object 'Object Repository/RecAndPlayBk/Page-Vlink-AuthOnly/input_Track Data_track_data'

2024-05-16 00:23:05 - [TEST_STEP][PASSED] - setText(findTestObject("Object Repository/RecAndPlayBk/Page-Vlink-AuthOnly/input_concat(Cardholder, , s email)_email"), ""): Text '' is set on object 'Object Repository/RecAndPlayBk/Page-Vlink-AuthOnly/input_concat(Cardholder, , s email)_email'

2024-05-16 00:23:06 - [MESSAGE][PASSED] - Text '' is set on object 'Object Repository/RecAndPlayBk/Page-Vlink-AuthOnly/input_concat(Cardholder, , s email)_email'

2024-05-16 00:23:06 - [TEST_STEP][PASSED] - click(findTestObject("Object Repository/RecAndPlayBk/Page-Vlink-AuthOnly/input_user_defined10_user_defined10")): Object: 'Object Repository/RecAndPlayBk/Page-Vlink-AuthOnly/input_user_defined10_user_defined10' is clicked on

2024-05-16 00:23:06 - [MESSAGE][PASSED] - Object: 'Object Repository/RecAndPlayBk/Page-Vlink-AuthOnly/input_user_defined10_user_defined10' is clicked on

2024-05-16 00:23:06 - [TEST_STEP][PASSED] - setText(findTestObject("Object Repository/RecAndPlayBk/Page-Vlink-AuthOnly/input_Card on File Indicator_card_on_file_i_157dae"), ""): Text '' is set on object 'Object Repository/RecAndPlayBk/Page-Vlink-AuthOnly/input_Card on File Indicator_card_on_file_i_157dae'

2024-05-16 00:23:07 - [MESSAGE][PASSED] - Text '' is set on object 'Object Repository/RecAndPlayBk/Page-Vlink-AuthOnly/input_Card on File Indicator_card_on_file_i_157dae'

2024-05-16 00:23:07 - [TEST_STEP][PASSED] - setText(findTestObject("Object Repository/RecAndPlayBk/Page-Vlink-AuthOnly/input_Stored Credential Indicator_stored_cr_4ae73c"), ""): Text '' is set on object 'Object Repository/RecAndPlayBk/Page-Vlink-AuthOnly/input_Stored Credential Indicator_stored_cr_4ae73c'

2024-05-16 00:23:07 - [MESSAGE][PASSED] - Text '' is set on object 'Object Repository/RecAndPlayBk/Page-Vlink-AuthOnly/input_Stored Credential Indicator_stored_cr_4ae73c'

2024-05-16 00:23:07 - [TEST_STEP][PASSED] - setText(findTestObject("Object Repository/RecAndPlayBk/Page-Vlink-AuthOnly/input_COF Scheduled indicator_cof_scheduled_8df7d8"), ""): Text '' is set on object 'Object Repository/RecAndPlayBk/Page-Vlink-AuthOnly/input_COF Scheduled indicator_cof_scheduled_8df7d8'

2024-05-16 00:23:08 - [MESSAGE][PASSED] - Text '' is set on object 'Object Repository/RecAndPlayBk/Page-Vlink-AuthOnly/input_COF Scheduled indicator_cof_scheduled_8df7d8'

2024-05-16 00:23:08 - [TEST_STEP][PASSED] - setText(findTestObject("Object Repository/RecAndPlayBk/Page-Vlink-AuthOnly/input_COF Transaction Initiated by_cof_tran_6cded5"), ""): Text '' is set on object 'Object Repository/RecAndPlayBk/Page-Vlink-AuthOnly/input_COF Transaction Initiated by_cof_tran_6cded5'

2024-05-16 00:23:09 - [MESSAGE][PASSED] - Text '' is set on object 'Object Repository/RecAndPlayBk/Page-Vlink-AuthOnly/input_COF Transaction Initiated by_cof_tran_6cded5'

2024-05-16 00:23:09 - [TEST_STEP][PASSED] - click(findTestObject("Object Repository/RecAndPlayBk/Page-Vlink-AuthOnly/input")): Object: 'Object Repository/RecAndPlayBk/Page-Vlink-AuthOnly/input' is clicked on

2024-05-16 00:23:09 - [MESSAGE][PASSED] - Object: 'Object Repository/RecAndPlayBk/Page-Vlink-AuthOnly/input' is clicked on

2024-05-16 00:23:09 - [TEST_STEP][PASSED] - if (verifyTextPresent(errorMsg, true)): null

2024-05-16 00:23:10 - [MESSAGE][PASSED] - Text 'response_format' is present on page  using regular expression

2024-05-16 00:23:10 - [TEST_STEP][PASSED] - println("Error Message is present on the Confirmation page"): null

2024-05-16 00:23:10 - [TEST_STEP][PASSED] - out.println("Pass Record Number: " + row): null

2024-05-16 00:23:10 - [TEST_STEP][PASSED] - resText = "Pass": null

2024-05-16 00:23:10 - [TEST_STEP][PASSED] - pages.WriteExcel.demoKey(resText, datText, resColumn, datCloumn, fileLoc, nameSheet, row): pages.WriteExcel.demoKey is PASSED

2024-05-16 00:23:10 - [MESSAGE][PASSED] - pages.WriteExcel.demoKey is PASSED

2024-05-16 00:23:10 - [TEST_STEP][PASSED] - ExecuteTC = findTestData(dataFile).getValue("Execute", row): null

2024-05-16 00:23:10 - [TEST_STEP][PASSED] - out.println("Value of Execute is : " + ExecuteTC): null

2024-05-16 00:23:10 - [TEST_STEP][PASSED] - if (ExecuteTC.equalsIgnoreCase("Y")): null

2024-05-16 00:23:10 - [TEST_STEP][PASSED] - out.println("Begin Record Number: " + row): null

2024-05-16 00:23:10 - [TEST_STEP][PASSED] - today = new java.util.Date(): null

2024-05-16 00:23:10 - [TEST_STEP][PASSED] - println(today): null

2024-05-16 00:23:10 - [TEST_STEP][PASSED] - datText = today: null

2024-05-16 00:23:10 - [TEST_STEP][PASSED] - errorMsg = findTestData(dataFile).getValue("ErrorMsg", row): null

2024-05-16 00:23:10 - [TEST_STEP][PASSED] - appID = findTestData(dataFile).getValue("AppID", row): null

2024-05-16 00:23:10 - [TEST_STEP][PASSED] - username = findTestData(dataFile).getValue("Username", row): null

2024-05-16 00:23:10 - [TEST_STEP][PASSED] - password = findTestData(dataFile).getValue("Password", row): null

2024-05-16 00:23:10 - [TEST_STEP][PASSED] - tranType = findTestData(dataFile).getValue("TranType", row): null

2024-05-16 00:23:10 - [TEST_STEP][PASSED] - mv = findTestData(dataFile).getValue("MV", row): null

2024-05-16 00:23:11 - [TEST_STEP][PASSED] - resFormat = findTestData(dataFile).getValue("ResFormat", row): null

2024-05-16 00:23:11 - [TEST_STEP][PASSED] - category = findTestData(dataFile).getValue("Category", row): null

2024-05-16 00:23:11 - [TEST_STEP][PASSED] - amount = findTestData(dataFile).getValue("Amount", row): null

2024-05-16 00:23:11 - [TEST_STEP][PASSED] - cardName = findTestData(dataFile).getValue("CardName", row): null

2024-05-16 00:23:11 - [TEST_STEP][PASSED] - al1 = findTestData(dataFile).getValue("AL1", row): null

2024-05-16 00:23:11 - [TEST_STEP][PASSED] - city = findTestData(dataFile).getValue("City", row): null

2024-05-16 00:23:11 - [TEST_STEP][PASSED] - state = findTestData(dataFile).getValue("State", row): null

2024-05-16 00:23:11 - [TEST_STEP][PASSED] - zip = findTestData(dataFile).getValue("ZIP", row): null

2024-05-16 00:23:11 - [TEST_STEP][PASSED] - cardNumber = findTestData(dataFile).getValue("CardNumber", row): null

2024-05-16 00:23:11 - [TEST_STEP][PASSED] - exM = findTestData(dataFile).getValue("ExM", row): null

2024-05-16 00:23:11 - [TEST_STEP][PASSED] - exY = findTestData(dataFile).getValue("ExY", row): null

2024-05-16 00:23:12 - [TEST_STEP][PASSED] - openBrowser(VLinkURL + "auth.html"): Browser is opened with url: 'https://dev-algorithm.govolution.com/vlinktest/QA2/version_2_0/auth.html'

2024-05-16 00:23:12 - [MESSAGE][WARNING] - A browser is already opened. Closing browser and opening a new one

2024-05-16 00:23:13 - [MESSAGE][INFO] - Starting 'Chrome' driver

2024-05-16 00:23:13 - [MESSAGE][INFO] - User set preference: ['acceptInsecureCerts', 'true']

2024-05-16 00:23:13 - [MESSAGE][INFO] - Action delay is set to 0 milliseconds

2024-05-16 00:23:15 - [MESSAGE][PASSED] - Browser is opened with url: 'https://dev-algorithm.govolution.com/vlinktest/QA2/version_2_0/auth.html'

2024-05-16 00:23:15 - [TEST_STEP][PASSED] - maximizeWindow(): Current window maximized

2024-05-16 00:23:15 - [MESSAGE][PASSED] - Current window maximized

2024-05-16 00:23:15 - [TEST_STEP][PASSED] - maximizeWindow(): Current window maximized

2024-05-16 00:23:15 - [MESSAGE][PASSED] - Current window maximized

2024-05-16 00:23:15 - [TEST_STEP][PASSED] - setText(findTestObject("Object Repository/RecAndPlayBk/Page-Vlink-AuthOnly/txt_TransactionType"), tranType): Text '104' is set on object 'Object Repository/RecAndPlayBk/Page-Vlink-AuthOnly/txt_TransactionType'

2024-05-16 00:23:16 - [MESSAGE][PASSED] - Text '104' is set on object 'Object Repository/RecAndPlayBk/Page-Vlink-AuthOnly/txt_TransactionType'

2024-05-16 00:23:16 - [TEST_STEP][PASSED] - setText(findTestObject("Object Repository/RecAndPlayBk/Page-Vlink-AuthOnly/txt_MessageVersion"), mv): Text '2.0C' is set on object 'Object Repository/RecAndPlayBk/Page-Vlink-AuthOnly/txt_MessageVersion'

2024-05-16 00:23:17 - [MESSAGE][PASSED] - Text '2.0C' is set on object 'Object Repository/RecAndPlayBk/Page-Vlink-AuthOnly/txt_MessageVersion'

2024-05-16 00:23:17 - [TEST_STEP][PASSED] - genRemID = RandomStringUtils.random(12, true, true): null

2024-05-16 00:23:17 - [TEST_STEP][PASSED] - setText(findTestObject("Object Repository/RecAndPlayBk/Page-Vlink-AuthOnly/input_Remittance Id_remittance_id"), genRemID): Text 'Knekr4hpcVH7' is set on object 'Object Repository/RecAndPlayBk/Page-Vlink-AuthOnly/input_Remittance Id_remittance_id'

2024-05-16 00:23:17 - [MESSAGE][PASSED] - Text 'Knekr4hpcVH7' is set on object 'Object Repository/RecAndPlayBk/Page-Vlink-AuthOnly/input_Remittance Id_remittance_id'

2024-05-16 00:23:17 - [TEST_STEP][PASSED] - setText(findTestObject("Object Repository/RecAndPlayBk/Page-Vlink-AuthOnly/input_Application Id_application_id"), appID): Text '234' is set on object 'Object Repository/RecAndPlayBk/Page-Vlink-AuthOnly/input_Application Id_application_id'

2024-05-16 00:23:18 - [MESSAGE][PASSED] - Text '234' is set on object 'Object Repository/RecAndPlayBk/Page-Vlink-AuthOnly/input_Application Id_application_id'

2024-05-16 00:23:18 - [TEST_STEP][PASSED] - setText(findTestObject("Object Repository/RecAndPlayBk/Page-Vlink-AuthOnly/input_Username_username"), username): Text 'username' is set on object 'Object Repository/RecAndPlayBk/Page-Vlink-AuthOnly/input_Username_username'

2024-05-16 00:23:19 - [MESSAGE][PASSED] - Text 'username' is set on object 'Object Repository/RecAndPlayBk/Page-Vlink-AuthOnly/input_Username_username'

2024-05-16 00:23:19 - [TEST_STEP][PASSED] - setText(findTestObject("Object Repository/RecAndPlayBk/Page-Vlink-AuthOnly/input_Password_password"), password): Text 'password' is set on object 'Object Repository/RecAndPlayBk/Page-Vlink-AuthOnly/input_Password_password'

2024-05-16 00:23:19 - [MESSAGE][PASSED] - Text 'password' is set on object 'Object Repository/RecAndPlayBk/Page-Vlink-AuthOnly/input_Password_password'

2024-05-16 00:23:19 - [TEST_STEP][PASSED] - setText(findTestObject("Object Repository/RecAndPlayBk/Page-Vlink-AuthOnly/txt_ResponseFormat"), resFormat): Text '' is set on object 'Object Repository/RecAndPlayBk/Page-Vlink-AuthOnly/txt_ResponseFormat'

2024-05-16 00:23:20 - [MESSAGE][PASSED] - Text '' is set on object 'Object Repository/RecAndPlayBk/Page-Vlink-AuthOnly/txt_ResponseFormat'

2024-05-16 00:23:20 - [TEST_STEP][PASSED] - setText(findTestObject("Object Repository/RecAndPlayBk/Page-Vlink-AuthOnly/input_Category_category"), category): Text 'RETL' is set on object 'Object Repository/RecAndPlayBk/Page-Vlink-AuthOnly/input_Category_category'

2024-05-16 00:23:21 - [MESSAGE][PASSED] - Text 'RETL' is set on object 'Object Repository/RecAndPlayBk/Page-Vlink-AuthOnly/input_Category_category'

2024-05-16 00:23:21 - [TEST_STEP][PASSED] - setText(findTestObject("Object Repository/RecAndPlayBk/Page-Vlink-AuthOnly/txt_CardName"), cardName): Text 'Kris Roshan' is set on object 'Object Repository/RecAndPlayBk/Page-Vlink-AuthOnly/txt_CardName'

2024-05-16 00:23:21 - [MESSAGE][PASSED] - Text 'Kris Roshan' is set on object 'Object Repository/RecAndPlayBk/Page-Vlink-AuthOnly/txt_CardName'

2024-05-16 00:23:21 - [TEST_STEP][PASSED] - setText(findTestObject("Object Repository/RecAndPlayBk/Page-Vlink-AuthOnly/txt_AL1"), al1): Text '258 Elm Road' is set on object 'Object Repository/RecAndPlayBk/Page-Vlink-AuthOnly/txt_AL1'

2024-05-16 00:23:22 - [MESSAGE][PASSED] - Text '258 Elm Road' is set on object 'Object Repository/RecAndPlayBk/Page-Vlink-AuthOnly/txt_AL1'

2024-05-16 00:23:22 - [TEST_STEP][PASSED] - setText(findTestObject("Object Repository/RecAndPlayBk/Page-Vlink-AuthOnly/txt_CardCity"), city): Text 'Arlington' is set on object 'Object Repository/RecAndPlayBk/Page-Vlink-AuthOnly/txt_CardCity'

2024-05-16 00:23:23 - [MESSAGE][PASSED] - Text 'Arlington' is set on object 'Object Repository/RecAndPlayBk/Page-Vlink-AuthOnly/txt_CardCity'

2024-05-16 00:23:23 - [TEST_STEP][PASSED] - setText(findTestObject("Object Repository/RecAndPlayBk/Page-Vlink-AuthOnly/txt_CardState"), state): Text 'VA' is set on object 'Object Repository/RecAndPlayBk/Page-Vlink-AuthOnly/txt_CardState'

2024-05-16 00:23:23 - [MESSAGE][PASSED] - Text 'VA' is set on object 'Object Repository/RecAndPlayBk/Page-Vlink-AuthOnly/txt_CardState'

2024-05-16 00:23:23 - [TEST_STEP][PASSED] - setText(findTestObject("Object Repository/RecAndPlayBk/Page-Vlink-AuthOnly/txt_CardZIP"), zip): Text '22201' is set on object 'Object Repository/RecAndPlayBk/Page-Vlink-AuthOnly/txt_CardZIP'

2024-05-16 00:23:24 - [MESSAGE][PASSED] - Text '22201' is set on object 'Object Repository/RecAndPlayBk/Page-Vlink-AuthOnly/txt_CardZIP'

2024-05-16 00:23:24 - [TEST_STEP][PASSED] - setText(findTestObject("Object Repository/RecAndPlayBk/Page-Vlink-AuthOnly/input_Amount_amount"), amount): Text '1.50' is set on object 'Object Repository/RecAndPlayBk/Page-Vlink-AuthOnly/input_Amount_amount'

2024-05-16 00:23:25 - [MESSAGE][PASSED] - Text '1.50' is set on object 'Object Repository/RecAndPlayBk/Page-Vlink-AuthOnly/input_Amount_amount'

2024-05-16 00:23:25 - [TEST_STEP][PASSED] - setText(findTestObject("Object Repository/RecAndPlayBk/Page-Vlink-AuthOnly/input_Card number_card_number"), cardNumber): Text '4111111111111111' is set on object 'Object Repository/RecAndPlayBk/Page-Vlink-AuthOnly/input_Card number_card_number'

2024-05-16 00:23:25 - [MESSAGE][PASSED] - Text '4111111111111111' is set on object 'Object Repository/RecAndPlayBk/Page-Vlink-AuthOnly/input_Card number_card_number'

2024-05-16 00:23:25 - [TEST_STEP][PASSED] - setText(findTestObject("Object Repository/RecAndPlayBk/Page-Vlink-AuthOnly/input_Card ex month_card_exmo"), exM): Text '12' is set on object 'Object Repository/RecAndPlayBk/Page-Vlink-AuthOnly/input_Card ex month_card_exmo'

2024-05-16 00:23:26 - [MESSAGE][PASSED] - Text '12' is set on object 'Object Repository/RecAndPlayBk/Page-Vlink-AuthOnly/input_Card ex month_card_exmo'

2024-05-16 00:23:26 - [TEST_STEP][PASSED] - setText(findTestObject("Object Repository/RecAndPlayBk/Page-Vlink-AuthOnly/input_Card ex year_card_exyr"), exY): Text '2025' is set on object 'Object Repository/RecAndPlayBk/Page-Vlink-AuthOnly/input_Card ex year_card_exyr'

2024-05-16 00:23:27 - [MESSAGE][PASSED] - Text '2025' is set on object 'Object Repository/RecAndPlayBk/Page-Vlink-AuthOnly/input_Card ex year_card_exyr'

2024-05-16 00:23:27 - [TEST_STEP][PASSED] - setText(findTestObject("Object Repository/RecAndPlayBk/Page-Vlink-AuthOnly/input_Track Data_track_data"), ""): Text '' is set on object 'Object Repository/RecAndPlayBk/Page-Vlink-AuthOnly/input_Track Data_track_data'

2024-05-16 00:23:27 - [MESSAGE][PASSED] - Text '' is set on object 'Object Repository/RecAndPlayBk/Page-Vlink-AuthOnly/input_Track Data_track_data'

2024-05-16 00:23:27 - [TEST_STEP][PASSED] - setText(findTestObject("Object Repository/RecAndPlayBk/Page-Vlink-AuthOnly/input_concat(Cardholder, , s email)_email"), ""): Text '' is set on object 'Object Repository/RecAndPlayBk/Page-Vlink-AuthOnly/input_concat(Cardholder, , s email)_email'

2024-05-16 00:23:28 - [MESSAGE][PASSED] - Text '' is set on object 'Object Repository/RecAndPlayBk/Page-Vlink-AuthOnly/input_concat(Cardholder, , s email)_email'

2024-05-16 00:23:28 - [TEST_STEP][PASSED] - click(findTestObject("Object Repository/RecAndPlayBk/Page-Vlink-AuthOnly/input_user_defined10_user_defined10")): Object: 'Object Repository/RecAndPlayBk/Page-Vlink-AuthOnly/input_user_defined10_user_defined10' is clicked on

2024-05-16 00:23:28 - [MESSAGE][PASSED] - Object: 'Object Repository/RecAndPlayBk/Page-Vlink-AuthOnly/input_user_defined10_user_defined10' is clicked on

2024-05-16 00:23:28 - [TEST_STEP][PASSED] - setText(findTestObject("Object Repository/RecAndPlayBk/Page-Vlink-AuthOnly/input_Card on File Indicator_card_on_file_i_157dae"), ""): Text '' is set on object 'Object Repository/RecAndPlayBk/Page-Vlink-AuthOnly/input_Card on File Indicator_card_on_file_i_157dae'

2024-05-16 00:23:29 - [MESSAGE][PASSED] - Text '' is set on object 'Object Repository/RecAndPlayBk/Page-Vlink-AuthOnly/input_Card on File Indicator_card_on_file_i_157dae'

2024-05-16 00:23:29 - [TEST_STEP][PASSED] - setText(findTestObject("Object Repository/RecAndPlayBk/Page-Vlink-AuthOnly/input_Stored Credential Indicator_stored_cr_4ae73c"), ""): Text '' is set on object 'Object Repository/RecAndPlayBk/Page-Vlink-AuthOnly/input_Stored Credential Indicator_stored_cr_4ae73c'

2024-05-16 00:23:30 - [MESSAGE][PASSED] - Text '' is set on object 'Object Repository/RecAndPlayBk/Page-Vlink-AuthOnly/input_Stored Credential Indicator_stored_cr_4ae73c'

2024-05-16 00:23:30 - [TEST_STEP][PASSED] - setText(findTestObject("Object Repository/RecAndPlayBk/Page-Vlink-AuthOnly/input_COF Scheduled indicator_cof_scheduled_8df7d8"), ""): Text '' is set on object 'Object Repository/RecAndPlayBk/Page-Vlink-AuthOnly/input_COF Scheduled indicator_cof_scheduled_8df7d8'

2024-05-16 00:23:30 - [MESSAGE][PASSED] - Text '' is set on object 'Object Repository/RecAndPlayBk/Page-Vlink-AuthOnly/input_COF Scheduled indicator_cof_scheduled_8df7d8'

2024-05-16 00:23:30 - [TEST_STEP][PASSED] - setText(findTestObject("Object Repository/RecAndPlayBk/Page-Vlink-AuthOnly/input_COF Transaction Initiated by_cof_tran_6cded5"), ""): Text '' is set on object 'Object Repository/RecAndPlayBk/Page-Vlink-AuthOnly/input_COF Transaction Initiated by_cof_tran_6cded5'

2024-05-16 00:23:31 - [MESSAGE][PASSED] - Text '' is set on object 'Object Repository/RecAndPlayBk/Page-Vlink-AuthOnly/input_COF Transaction Initiated by_cof_tran_6cded5'

2024-05-16 00:23:31 - [TEST_STEP][PASSED] - click(findTestObject("Object Repository/RecAndPlayBk/Page-Vlink-AuthOnly/input")): Object: 'Object Repository/RecAndPlayBk/Page-Vlink-AuthOnly/input' is clicked on

2024-05-16 00:23:31 - [MESSAGE][PASSED] - Object: 'Object Repository/RecAndPlayBk/Page-Vlink-AuthOnly/input' is clicked on

2024-05-16 00:23:31 - [TEST_STEP][PASSED] - if (verifyTextPresent(errorMsg, true)): null

2024-05-16 00:23:32 - [MESSAGE][PASSED] - Text 'response_format' is present on page  using regular expression

2024-05-16 00:23:32 - [TEST_STEP][PASSED] - println("Error Message is present on the Confirmation page"): null

2024-05-16 00:23:32 - [TEST_STEP][PASSED] - out.println("Pass Record Number: " + row): null

2024-05-16 00:23:32 - [TEST_STEP][PASSED] - resText = "Pass": null

2024-05-16 00:23:32 - [TEST_STEP][PASSED] - pages.WriteExcel.demoKey(resText, datText, resColumn, datCloumn, fileLoc, nameSheet, row): pages.WriteExcel.demoKey is PASSED

2024-05-16 00:23:32 - [MESSAGE][PASSED] - pages.WriteExcel.demoKey is PASSED

2024-05-16 00:23:32 - [TEST_STEP][PASSED] - ExecuteTC = findTestData(dataFile).getValue("Execute", row): null

2024-05-16 00:23:32 - [TEST_STEP][PASSED] - out.println("Value of Execute is : " + ExecuteTC): null

2024-05-16 00:23:32 - [TEST_STEP][PASSED] - if (ExecuteTC.equalsIgnoreCase("Y")): null

2024-05-16 00:23:32 - [TEST_STEP][PASSED] - out.println("Begin Record Number: " + row): null

2024-05-16 00:23:32 - [TEST_STEP][PASSED] - today = new java.util.Date(): null

2024-05-16 00:23:32 - [TEST_STEP][PASSED] - println(today): null

2024-05-16 00:23:32 - [TEST_STEP][PASSED] - datText = today: null

2024-05-16 00:23:32 - [TEST_STEP][PASSED] - errorMsg = findTestData(dataFile).getValue("ErrorMsg", row): null

2024-05-16 00:23:32 - [TEST_STEP][PASSED] - appID = findTestData(dataFile).getValue("AppID", row): null

2024-05-16 00:23:32 - [TEST_STEP][PASSED] - username = findTestData(dataFile).getValue("Username", row): null

2024-05-16 00:23:32 - [TEST_STEP][PASSED] - password = findTestData(dataFile).getValue("Password", row): null

2024-05-16 00:23:32 - [TEST_STEP][PASSED] - tranType = findTestData(dataFile).getValue("TranType", row): null

2024-05-16 00:23:32 - [TEST_STEP][PASSED] - mv = findTestData(dataFile).getValue("MV", row): null

2024-05-16 00:23:33 - [TEST_STEP][PASSED] - resFormat = findTestData(dataFile).getValue("ResFormat", row): null

2024-05-16 00:23:33 - [TEST_STEP][PASSED] - category = findTestData(dataFile).getValue("Category", row): null

2024-05-16 00:23:33 - [TEST_STEP][PASSED] - amount = findTestData(dataFile).getValue("Amount", row): null

2024-05-16 00:23:33 - [TEST_STEP][PASSED] - cardName = findTestData(dataFile).getValue("CardName", row): null

2024-05-16 00:23:33 - [TEST_STEP][PASSED] - al1 = findTestData(dataFile).getValue("AL1", row): null

2024-05-16 00:23:33 - [TEST_STEP][PASSED] - city = findTestData(dataFile).getValue("City", row): null

2024-05-16 00:23:33 - [TEST_STEP][PASSED] - state = findTestData(dataFile).getValue("State", row): null

2024-05-16 00:23:33 - [TEST_STEP][PASSED] - zip = findTestData(dataFile).getValue("ZIP", row): null

2024-05-16 00:23:33 - [TEST_STEP][PASSED] - cardNumber = findTestData(dataFile).getValue("CardNumber", row): null

2024-05-16 00:23:33 - [TEST_STEP][PASSED] - exM = findTestData(dataFile).getValue("ExM", row): null

2024-05-16 00:23:34 - [TEST_STEP][PASSED] - exY = findTestData(dataFile).getValue("ExY", row): null

2024-05-16 00:23:34 - [TEST_STEP][PASSED] - openBrowser(VLinkURL + "auth.html"): Browser is opened with url: 'https://dev-algorithm.govolution.com/vlinktest/QA2/version_2_0/auth.html'

2024-05-16 00:23:34 - [MESSAGE][WARNING] - A browser is already opened. Closing browser and opening a new one

2024-05-16 00:23:35 - [MESSAGE][INFO] - Starting 'Chrome' driver

2024-05-16 00:23:35 - [MESSAGE][INFO] - User set preference: ['acceptInsecureCerts', 'true']

2024-05-16 00:23:35 - [MESSAGE][INFO] - Action delay is set to 0 milliseconds

2024-05-16 00:23:37 - [MESSAGE][PASSED] - Browser is opened with url: 'https://dev-algorithm.govolution.com/vlinktest/QA2/version_2_0/auth.html'

2024-05-16 00:23:37 - [TEST_STEP][PASSED] - maximizeWindow(): Current window maximized

2024-05-16 00:23:38 - [MESSAGE][PASSED] - Current window maximized

2024-05-16 00:23:38 - [TEST_STEP][PASSED] - maximizeWindow(): Current window maximized

2024-05-16 00:23:38 - [MESSAGE][PASSED] - Current window maximized

2024-05-16 00:23:38 - [TEST_STEP][PASSED] - setText(findTestObject("Object Repository/RecAndPlayBk/Page-Vlink-AuthOnly/txt_TransactionType"), tranType): Text '104' is set on object 'Object Repository/RecAndPlayBk/Page-Vlink-AuthOnly/txt_TransactionType'

2024-05-16 00:23:38 - [MESSAGE][PASSED] - Text '104' is set on object 'Object Repository/RecAndPlayBk/Page-Vlink-AuthOnly/txt_TransactionType'

2024-05-16 00:23:38 - [TEST_STEP][PASSED] - setText(findTestObject("Object Repository/RecAndPlayBk/Page-Vlink-AuthOnly/txt_MessageVersion"), mv): Text '2.0C' is set on object 'Object Repository/RecAndPlayBk/Page-Vlink-AuthOnly/txt_MessageVersion'

2024-05-16 00:23:39 - [MESSAGE][PASSED] - Text '2.0C' is set on object 'Object Repository/RecAndPlayBk/Page-Vlink-AuthOnly/txt_MessageVersion'

2024-05-16 00:23:39 - [TEST_STEP][PASSED] - genRemID = RandomStringUtils.random(12, true, true): null

2024-05-16 00:23:39 - [TEST_STEP][PASSED] - setText(findTestObject("Object Repository/RecAndPlayBk/Page-Vlink-AuthOnly/input_Remittance Id_remittance_id"), genRemID): Text 'CUNOg3bx9jDX' is set on object 'Object Repository/RecAndPlayBk/Page-Vlink-AuthOnly/input_Remittance Id_remittance_id'

2024-05-16 00:23:40 - [MESSAGE][PASSED] - Text 'CUNOg3bx9jDX' is set on object 'Object Repository/RecAndPlayBk/Page-Vlink-AuthOnly/input_Remittance Id_remittance_id'

2024-05-16 00:23:40 - [TEST_STEP][PASSED] - setText(findTestObject("Object Repository/RecAndPlayBk/Page-Vlink-AuthOnly/input_Application Id_application_id"), appID): Text '234' is set on object 'Object Repository/RecAndPlayBk/Page-Vlink-AuthOnly/input_Application Id_application_id'

2024-05-16 00:23:40 - [MESSAGE][PASSED] - Text '234' is set on object 'Object Repository/RecAndPlayBk/Page-Vlink-AuthOnly/input_Application Id_application_id'

2024-05-16 00:23:40 - [TEST_STEP][PASSED] - setText(findTestObject("Object Repository/RecAndPlayBk/Page-Vlink-AuthOnly/input_Username_username"), username): Text 'username' is set on object 'Object Repository/RecAndPlayBk/Page-Vlink-AuthOnly/input_Username_username'

2024-05-16 00:23:41 - [MESSAGE][PASSED] - Text 'username' is set on object 'Object Repository/RecAndPlayBk/Page-Vlink-AuthOnly/input_Username_username'

2024-05-16 00:23:41 - [TEST_STEP][PASSED] - setText(findTestObject("Object Repository/RecAndPlayBk/Page-Vlink-AuthOnly/input_Password_password"), password): Text 'password' is set on object 'Object Repository/RecAndPlayBk/Page-Vlink-AuthOnly/input_Password_password'

2024-05-16 00:23:42 - [MESSAGE][PASSED] - Text 'password' is set on object 'Object Repository/RecAndPlayBk/Page-Vlink-AuthOnly/input_Password_password'

2024-05-16 00:23:42 - [TEST_STEP][PASSED] - setText(findTestObject("Object Repository/RecAndPlayBk/Page-Vlink-AuthOnly/txt_ResponseFormat"), resFormat): Text 'fixed_width' is set on object 'Object Repository/RecAndPlayBk/Page-Vlink-AuthOnly/txt_ResponseFormat'

2024-05-16 00:23:42 - [MESSAGE][PASSED] - Text 'fixed_width' is set on object 'Object Repository/RecAndPlayBk/Page-Vlink-AuthOnly/txt_ResponseFormat'

2024-05-16 00:23:42 - [TEST_STEP][PASSED] - setText(findTestObject("Object Repository/RecAndPlayBk/Page-Vlink-AuthOnly/input_Category_category"), category): Text '' is set on object 'Object Repository/RecAndPlayBk/Page-Vlink-AuthOnly/input_Category_category'

2024-05-16 00:23:43 - [MESSAGE][PASSED] - Text '' is set on object 'Object Repository/RecAndPlayBk/Page-Vlink-AuthOnly/input_Category_category'

2024-05-16 00:23:43 - [TEST_STEP][PASSED] - setText(findTestObject("Object Repository/RecAndPlayBk/Page-Vlink-AuthOnly/txt_CardName"), cardName): Text 'Kris Roshan' is set on object 'Object Repository/RecAndPlayBk/Page-Vlink-AuthOnly/txt_CardName'

2024-05-16 00:23:44 - [MESSAGE][PASSED] - Text 'Kris Roshan' is set on object 'Object Repository/RecAndPlayBk/Page-Vlink-AuthOnly/txt_CardName'

2024-05-16 00:23:44 - [TEST_STEP][PASSED] - setText(findTestObject("Object Repository/RecAndPlayBk/Page-Vlink-AuthOnly/txt_AL1"), al1): Text '258 Elm Road' is set on object 'Object Repository/RecAndPlayBk/Page-Vlink-AuthOnly/txt_AL1'

2024-05-16 00:23:44 - [MESSAGE][PASSED] - Text '258 Elm Road' is set on object 'Object Repository/RecAndPlayBk/Page-Vlink-AuthOnly/txt_AL1'

2024-05-16 00:23:44 - [TEST_STEP][PASSED] - setText(findTestObject("Object Repository/RecAndPlayBk/Page-Vlink-AuthOnly/txt_CardCity"), city): Text 'Arlington' is set on object 'Object Repository/RecAndPlayBk/Page-Vlink-AuthOnly/txt_CardCity'

2024-05-16 00:23:45 - [MESSAGE][PASSED] - Text 'Arlington' is set on object 'Object Repository/RecAndPlayBk/Page-Vlink-AuthOnly/txt_CardCity'

2024-05-16 00:23:45 - [TEST_STEP][PASSED] - setText(findTestObject("Object Repository/RecAndPlayBk/Page-Vlink-AuthOnly/txt_CardState"), state): Text 'VA' is set on object 'Object Repository/RecAndPlayBk/Page-Vlink-AuthOnly/txt_CardState'

2024-05-16 00:23:46 - [MESSAGE][PASSED] - Text 'VA' is set on object 'Object Repository/RecAndPlayBk/Page-Vlink-AuthOnly/txt_CardState'

2024-05-16 00:23:46 - [TEST_STEP][PASSED] - setText(findTestObject("Object Repository/RecAndPlayBk/Page-Vlink-AuthOnly/txt_CardZIP"), zip): Text '22201' is set on object 'Object Repository/RecAndPlayBk/Page-Vlink-AuthOnly/txt_CardZIP'

2024-05-16 00:23:46 - [MESSAGE][PASSED] - Text '22201' is set on object 'Object Repository/RecAndPlayBk/Page-Vlink-AuthOnly/txt_CardZIP'

2024-05-16 00:23:46 - [TEST_STEP][PASSED] - setText(findTestObject("Object Repository/RecAndPlayBk/Page-Vlink-AuthOnly/input_Amount_amount"), amount): Text '1.50' is set on object 'Object Repository/RecAndPlayBk/Page-Vlink-AuthOnly/input_Amount_amount'

2024-05-16 00:23:47 - [MESSAGE][PASSED] - Text '1.50' is set on object 'Object Repository/RecAndPlayBk/Page-Vlink-AuthOnly/input_Amount_amount'

2024-05-16 00:23:47 - [TEST_STEP][PASSED] - setText(findTestObject("Object Repository/RecAndPlayBk/Page-Vlink-AuthOnly/input_Card number_card_number"), cardNumber): Text '4111111111111111' is set on object 'Object Repository/RecAndPlayBk/Page-Vlink-AuthOnly/input_Card number_card_number'

2024-05-16 00:23:48 - [MESSAGE][PASSED] - Text '4111111111111111' is set on object 'Object Repository/RecAndPlayBk/Page-Vlink-AuthOnly/input_Card number_card_number'

2024-05-16 00:23:48 - [TEST_STEP][PASSED] - setText(findTestObject("Object Repository/RecAndPlayBk/Page-Vlink-AuthOnly/input_Card ex month_card_exmo"), exM): Text '12' is set on object 'Object Repository/RecAndPlayBk/Page-Vlink-AuthOnly/input_Card ex month_card_exmo'

2024-05-16 00:23:48 - [MESSAGE][PASSED] - Text '12' is set on object 'Object Repository/RecAndPlayBk/Page-Vlink-AuthOnly/input_Card ex month_card_exmo'

2024-05-16 00:23:48 - [TEST_STEP][PASSED] - setText(findTestObject("Object Repository/RecAndPlayBk/Page-Vlink-AuthOnly/input_Card ex year_card_exyr"), exY): Text '2025' is set on object 'Object Repository/RecAndPlayBk/Page-Vlink-AuthOnly/input_Card ex year_card_exyr'

2024-05-16 00:23:49 - [MESSAGE][PASSED] - Text '2025' is set on object 'Object Repository/RecAndPlayBk/Page-Vlink-AuthOnly/input_Card ex year_card_exyr'

2024-05-16 00:23:49 - [TEST_STEP][PASSED] - setText(findTestObject("Object Repository/RecAndPlayBk/Page-Vlink-AuthOnly/input_Track Data_track_data"), ""): Text '' is set on object 'Object Repository/RecAndPlayBk/Page-Vlink-AuthOnly/input_Track Data_track_data'

2024-05-16 00:23:50 - [MESSAGE][PASSED] - Text '' is set on object 'Object Repository/RecAndPlayBk/Page-Vlink-AuthOnly/input_Track Data_track_data'

2024-05-16 00:23:50 - [TEST_STEP][PASSED] - setText(findTestObject("Object Repository/RecAndPlayBk/Page-Vlink-AuthOnly/input_concat(Cardholder, , s email)_email"), ""): Text '' is set on object 'Object Repository/RecAndPlayBk/Page-Vlink-AuthOnly/input_concat(Cardholder, , s email)_email'

2024-05-16 00:23:50 - [MESSAGE][PASSED] - Text '' is set on object 'Object Repository/RecAndPlayBk/Page-Vlink-AuthOnly/input_concat(Cardholder, , s email)_email'

2024-05-16 00:23:50 - [TEST_STEP][PASSED] - click(findTestObject("Object Repository/RecAndPlayBk/Page-Vlink-AuthOnly/input_user_defined10_user_defined10")): Object: 'Object Repository/RecAndPlayBk/Page-Vlink-AuthOnly/input_user_defined10_user_defined10' is clicked on

2024-05-16 00:23:51 - [MESSAGE][PASSED] - Object: 'Object Repository/RecAndPlayBk/Page-Vlink-AuthOnly/input_user_defined10_user_defined10' is clicked on

2024-05-16 00:23:51 - [TEST_STEP][PASSED] - setText(findTestObject("Object Repository/RecAndPlayBk/Page-Vlink-AuthOnly/input_Card on File Indicator_card_on_file_i_157dae"), ""): Text '' is set on object 'Object Repository/RecAndPlayBk/Page-Vlink-AuthOnly/input_Card on File Indicator_card_on_file_i_157dae'

2024-05-16 00:23:51 - [MESSAGE][PASSED] - Text '' is set on object 'Object Repository/RecAndPlayBk/Page-Vlink-AuthOnly/input_Card on File Indicator_card_on_file_i_157dae'

2024-05-16 00:23:51 - [TEST_STEP][PASSED] - setText(findTestObject("Object Repository/RecAndPlayBk/Page-Vlink-AuthOnly/input_Stored Credential Indicator_stored_cr_4ae73c"), ""): Text '' is set on object 'Object Repository/RecAndPlayBk/Page-Vlink-AuthOnly/input_Stored Credential Indicator_stored_cr_4ae73c'

2024-05-16 00:23:52 - [MESSAGE][PASSED] - Text '' is set on object 'Object Repository/RecAndPlayBk/Page-Vlink-AuthOnly/input_Stored Credential Indicator_stored_cr_4ae73c'

2024-05-16 00:23:52 - [TEST_STEP][PASSED] - setText(findTestObject("Object Repository/RecAndPlayBk/Page-Vlink-AuthOnly/input_COF Scheduled indicator_cof_scheduled_8df7d8"), ""): Text '' is set on object 'Object Repository/RecAndPlayBk/Page-Vlink-AuthOnly/input_COF Scheduled indicator_cof_scheduled_8df7d8'

2024-05-16 00:23:52 - [MESSAGE][PASSED] - Text '' is set on object 'Object Repository/RecAndPlayBk/Page-Vlink-AuthOnly/input_COF Scheduled indicator_cof_scheduled_8df7d8'

2024-05-16 00:23:52 - [TEST_STEP][PASSED] - setText(findTestObject("Object Repository/RecAndPlayBk/Page-Vlink-AuthOnly/input_COF Transaction Initiated by_cof_tran_6cded5"), ""): Text '' is set on object 'Object Repository/RecAndPlayBk/Page-Vlink-AuthOnly/input_COF Transaction Initiated by_cof_tran_6cded5'

2024-05-16 00:23:53 - [MESSAGE][PASSED] - Text '' is set on object 'Object Repository/RecAndPlayBk/Page-Vlink-AuthOnly/input_COF Transaction Initiated by_cof_tran_6cded5'

2024-05-16 00:23:53 - [TEST_STEP][PASSED] - click(findTestObject("Object Repository/RecAndPlayBk/Page-Vlink-AuthOnly/input")): Object: 'Object Repository/RecAndPlayBk/Page-Vlink-AuthOnly/input' is clicked on

2024-05-16 00:23:54 - [MESSAGE][PASSED] - Object: 'Object Repository/RecAndPlayBk/Page-Vlink-AuthOnly/input' is clicked on

2024-05-16 00:23:54 - [TEST_STEP][PASSED] - if (verifyTextPresent(errorMsg, true)): null

2024-05-16 00:23:54 - [MESSAGE][PASSED] - Text 'Missing parameter: category' is present on page  using regular expression

2024-05-16 00:23:54 - [TEST_STEP][PASSED] - println("Error Message is present on the Confirmation page"): null

2024-05-16 00:23:54 - [TEST_STEP][PASSED] - out.println("Pass Record Number: " + row): null

2024-05-16 00:23:54 - [TEST_STEP][PASSED] - resText = "Pass": null

2024-05-16 00:23:54 - [TEST_STEP][PASSED] - pages.WriteExcel.demoKey(resText, datText, resColumn, datCloumn, fileLoc, nameSheet, row): pages.WriteExcel.demoKey is PASSED

2024-05-16 00:23:54 - [MESSAGE][PASSED] - pages.WriteExcel.demoKey is PASSED

2024-05-16 00:23:54 - [TEST_STEP][PASSED] - ExecuteTC = findTestData(dataFile).getValue("Execute", row): null

2024-05-16 00:23:55 - [TEST_STEP][PASSED] - out.println("Value of Execute is : " + ExecuteTC): null

2024-05-16 00:23:55 - [TEST_STEP][PASSED] - if (ExecuteTC.equalsIgnoreCase("Y")): null

2024-05-16 00:23:55 - [TEST_STEP][PASSED] - out.println("Begin Record Number: " + row): null

2024-05-16 00:23:55 - [TEST_STEP][PASSED] - today = new java.util.Date(): null

2024-05-16 00:23:55 - [TEST_STEP][PASSED] - println(today): null

2024-05-16 00:23:55 - [TEST_STEP][PASSED] - datText = today: null

2024-05-16 00:23:55 - [TEST_STEP][PASSED] - errorMsg = findTestData(dataFile).getValue("ErrorMsg", row): null

2024-05-16 00:23:55 - [TEST_STEP][PASSED] - appID = findTestData(dataFile).getValue("AppID", row): null

2024-05-16 00:23:55 - [TEST_STEP][PASSED] - username = findTestData(dataFile).getValue("Username", row): null

2024-05-16 00:23:55 - [TEST_STEP][PASSED] - password = findTestData(dataFile).getValue("Password", row): null

2024-05-16 00:23:55 - [TEST_STEP][PASSED] - tranType = findTestData(dataFile).getValue("TranType", row): null

2024-05-16 00:23:55 - [TEST_STEP][PASSED] - mv = findTestData(dataFile).getValue("MV", row): null

2024-05-16 00:23:55 - [TEST_STEP][PASSED] - resFormat = findTestData(dataFile).getValue("ResFormat", row): null

2024-05-16 00:23:55 - [TEST_STEP][PASSED] - category = findTestData(dataFile).getValue("Category", row): null

2024-05-16 00:23:55 - [TEST_STEP][PASSED] - amount = findTestData(dataFile).getValue("Amount", row): null

2024-05-16 00:23:55 - [TEST_STEP][PASSED] - cardName = findTestData(dataFile).getValue("CardName", row): null

2024-05-16 00:23:55 - [TEST_STEP][PASSED] - al1 = findTestData(dataFile).getValue("AL1", row): null

2024-05-16 00:23:56 - [TEST_STEP][PASSED] - city = findTestData(dataFile).getValue("City", row): null

2024-05-16 00:23:56 - [TEST_STEP][PASSED] - state = findTestData(dataFile).getValue("State", row): null

2024-05-16 00:23:56 - [TEST_STEP][PASSED] - zip = findTestData(dataFile).getValue("ZIP", row): null

2024-05-16 00:23:56 - [TEST_STEP][PASSED] - cardNumber = findTestData(dataFile).getValue("CardNumber", row): null

2024-05-16 00:23:56 - [TEST_STEP][PASSED] - exM = findTestData(dataFile).getValue("ExM", row): null

2024-05-16 00:23:56 - [TEST_STEP][PASSED] - exY = findTestData(dataFile).getValue("ExY", row): null

2024-05-16 00:23:56 - [TEST_STEP][PASSED] - openBrowser(VLinkURL + "auth.html"): Browser is opened with url: 'https://dev-algorithm.govolution.com/vlinktest/QA2/version_2_0/auth.html'

2024-05-16 00:23:56 - [MESSAGE][WARNING] - A browser is already opened. Closing browser and opening a new one

2024-05-16 00:23:57 - [MESSAGE][INFO] - Starting 'Chrome' driver

2024-05-16 00:23:57 - [MESSAGE][INFO] - User set preference: ['acceptInsecureCerts', 'true']

2024-05-16 00:23:57 - [MESSAGE][INFO] - Action delay is set to 0 milliseconds

2024-05-16 00:24:00 - [MESSAGE][PASSED] - Browser is opened with url: 'https://dev-algorithm.govolution.com/vlinktest/QA2/version_2_0/auth.html'

2024-05-16 00:24:00 - [TEST_STEP][PASSED] - maximizeWindow(): Current window maximized

2024-05-16 00:24:00 - [MESSAGE][PASSED] - Current window maximized

2024-05-16 00:24:00 - [TEST_STEP][PASSED] - maximizeWindow(): Current window maximized

2024-05-16 00:24:00 - [MESSAGE][PASSED] - Current window maximized

2024-05-16 00:24:00 - [TEST_STEP][PASSED] - setText(findTestObject("Object Repository/RecAndPlayBk/Page-Vlink-AuthOnly/txt_TransactionType"), tranType): Text '104' is set on object 'Object Repository/RecAndPlayBk/Page-Vlink-AuthOnly/txt_TransactionType'

2024-05-16 00:24:01 - [MESSAGE][PASSED] - Text '104' is set on object 'Object Repository/RecAndPlayBk/Page-Vlink-AuthOnly/txt_TransactionType'

2024-05-16 00:24:01 - [TEST_STEP][PASSED] - setText(findTestObject("Object Repository/RecAndPlayBk/Page-Vlink-AuthOnly/txt_MessageVersion"), mv): Text '2.0C' is set on object 'Object Repository/RecAndPlayBk/Page-Vlink-AuthOnly/txt_MessageVersion'

2024-05-16 00:24:01 - [MESSAGE][PASSED] - Text '2.0C' is set on object 'Object Repository/RecAndPlayBk/Page-Vlink-AuthOnly/txt_MessageVersion'

2024-05-16 00:24:01 - [TEST_STEP][PASSED] - genRemID = RandomStringUtils.random(12, true, true): null

2024-05-16 00:24:01 - [TEST_STEP][PASSED] - setText(findTestObject("Object Repository/RecAndPlayBk/Page-Vlink-AuthOnly/input_Remittance Id_remittance_id"), genRemID): Text 'c0jegaCowBhW' is set on object 'Object Repository/RecAndPlayBk/Page-Vlink-AuthOnly/input_Remittance Id_remittance_id'

2024-05-16 00:24:02 - [MESSAGE][PASSED] - Text 'c0jegaCowBhW' is set on object 'Object Repository/RecAndPlayBk/Page-Vlink-AuthOnly/input_Remittance Id_remittance_id'

2024-05-16 00:24:02 - [TEST_STEP][PASSED] - setText(findTestObject("Object Repository/RecAndPlayBk/Page-Vlink-AuthOnly/input_Application Id_application_id"), appID): Text '234' is set on object 'Object Repository/RecAndPlayBk/Page-Vlink-AuthOnly/input_Application Id_application_id'

2024-05-16 00:24:03 - [MESSAGE][PASSED] - Text '234' is set on object 'Object Repository/RecAndPlayBk/Page-Vlink-AuthOnly/input_Application Id_application_id'

2024-05-16 00:24:03 - [TEST_STEP][PASSED] - setText(findTestObject("Object Repository/RecAndPlayBk/Page-Vlink-AuthOnly/input_Username_username"), username): Text 'username' is set on object 'Object Repository/RecAndPlayBk/Page-Vlink-AuthOnly/input_Username_username'

2024-05-16 00:24:03 - [MESSAGE][PASSED] - Text 'username' is set on object 'Object Repository/RecAndPlayBk/Page-Vlink-AuthOnly/input_Username_username'

2024-05-16 00:24:03 - [TEST_STEP][PASSED] - setText(findTestObject("Object Repository/RecAndPlayBk/Page-Vlink-AuthOnly/input_Password_password"), password): Text 'password' is set on object 'Object Repository/RecAndPlayBk/Page-Vlink-AuthOnly/input_Password_password'

2024-05-16 00:24:04 - [MESSAGE][PASSED] - Text 'password' is set on object 'Object Repository/RecAndPlayBk/Page-Vlink-AuthOnly/input_Password_password'

2024-05-16 00:24:04 - [TEST_STEP][PASSED] - setText(findTestObject("Object Repository/RecAndPlayBk/Page-Vlink-AuthOnly/txt_ResponseFormat"), resFormat): Text 'fixed_width' is set on object 'Object Repository/RecAndPlayBk/Page-Vlink-AuthOnly/txt_ResponseFormat'

2024-05-16 00:24:05 - [MESSAGE][PASSED] - Text 'fixed_width' is set on object 'Object Repository/RecAndPlayBk/Page-Vlink-AuthOnly/txt_ResponseFormat'

2024-05-16 00:24:05 - [TEST_STEP][PASSED] - setText(findTestObject("Object Repository/RecAndPlayBk/Page-Vlink-AuthOnly/input_Category_category"), category): Text 'ECOM' is set on object 'Object Repository/RecAndPlayBk/Page-Vlink-AuthOnly/input_Category_category'

2024-05-16 00:24:05 - [MESSAGE][PASSED] - Text 'ECOM' is set on object 'Object Repository/RecAndPlayBk/Page-Vlink-AuthOnly/input_Category_category'

2024-05-16 00:24:05 - [TEST_STEP][PASSED] - setText(findTestObject("Object Repository/RecAndPlayBk/Page-Vlink-AuthOnly/txt_CardName"), cardName): Text '' is set on object 'Object Repository/RecAndPlayBk/Page-Vlink-AuthOnly/txt_CardName'

2024-05-16 00:24:06 - [MESSAGE][PASSED] - Text '' is set on object 'Object Repository/RecAndPlayBk/Page-Vlink-AuthOnly/txt_CardName'

2024-05-16 00:24:06 - [TEST_STEP][PASSED] - setText(findTestObject("Object Repository/RecAndPlayBk/Page-Vlink-AuthOnly/txt_AL1"), al1): Text '258 Elm Road' is set on object 'Object Repository/RecAndPlayBk/Page-Vlink-AuthOnly/txt_AL1'

2024-05-16 00:24:07 - [MESSAGE][PASSED] - Text '258 Elm Road' is set on object 'Object Repository/RecAndPlayBk/Page-Vlink-AuthOnly/txt_AL1'

2024-05-16 00:24:07 - [TEST_STEP][PASSED] - setText(findTestObject("Object Repository/RecAndPlayBk/Page-Vlink-AuthOnly/txt_CardCity"), city): Text 'Arlington' is set on object 'Object Repository/RecAndPlayBk/Page-Vlink-AuthOnly/txt_CardCity'

2024-05-16 00:24:07 - [MESSAGE][PASSED] - Text 'Arlington' is set on object 'Object Repository/RecAndPlayBk/Page-Vlink-AuthOnly/txt_CardCity'

2024-05-16 00:24:07 - [TEST_STEP][PASSED] - setText(findTestObject("Object Repository/RecAndPlayBk/Page-Vlink-AuthOnly/txt_CardState"), state): Text 'VA' is set on object 'Object Repository/RecAndPlayBk/Page-Vlink-AuthOnly/txt_CardState'

2024-05-16 00:24:08 - [MESSAGE][PASSED] - Text 'VA' is set on object 'Object Repository/RecAndPlayBk/Page-Vlink-AuthOnly/txt_CardState'

2024-05-16 00:24:08 - [TEST_STEP][PASSED] - setText(findTestObject("Object Repository/RecAndPlayBk/Page-Vlink-AuthOnly/txt_CardZIP"), zip): Text '22201' is set on object 'Object Repository/RecAndPlayBk/Page-Vlink-AuthOnly/txt_CardZIP'

2024-05-16 00:24:08 - [MESSAGE][PASSED] - Text '22201' is set on object 'Object Repository/RecAndPlayBk/Page-Vlink-AuthOnly/txt_CardZIP'

2024-05-16 00:24:08 - [TEST_STEP][PASSED] - setText(findTestObject("Object Repository/RecAndPlayBk/Page-Vlink-AuthOnly/input_Amount_amount"), amount): Text '1.50' is set on object 'Object Repository/RecAndPlayBk/Page-Vlink-AuthOnly/input_Amount_amount'

2024-05-16 00:24:09 - [MESSAGE][PASSED] - Text '1.50' is set on object 'Object Repository/RecAndPlayBk/Page-Vlink-AuthOnly/input_Amount_amount'

2024-05-16 00:24:09 - [TEST_STEP][PASSED] - setText(findTestObject("Object Repository/RecAndPlayBk/Page-Vlink-AuthOnly/input_Card number_card_number"), cardNumber): Text '4111111111111111' is set on object 'Object Repository/RecAndPlayBk/Page-Vlink-AuthOnly/input_Card number_card_number'

2024-05-16 00:24:10 - [MESSAGE][PASSED] - Text '4111111111111111' is set on object 'Object Repository/RecAndPlayBk/Page-Vlink-AuthOnly/input_Card number_card_number'

2024-05-16 00:24:10 - [TEST_STEP][PASSED] - setText(findTestObject("Object Repository/RecAndPlayBk/Page-Vlink-AuthOnly/input_Card ex month_card_exmo"), exM): Text '12' is set on object 'Object Repository/RecAndPlayBk/Page-Vlink-AuthOnly/input_Card ex month_card_exmo'

2024-05-16 00:24:11 - [MESSAGE][PASSED] - Text '12' is set on object 'Object Repository/RecAndPlayBk/Page-Vlink-AuthOnly/input_Card ex month_card_exmo'

2024-05-16 00:24:11 - [TEST_STEP][PASSED] - setText(findTestObject("Object Repository/RecAndPlayBk/Page-Vlink-AuthOnly/input_Card ex year_card_exyr"), exY): Text '2025' is set on object 'Object Repository/RecAndPlayBk/Page-Vlink-AuthOnly/input_Card ex year_card_exyr'

2024-05-16 00:24:11 - [MESSAGE][PASSED] - Text '2025' is set on object 'Object Repository/RecAndPlayBk/Page-Vlink-AuthOnly/input_Card ex year_card_exyr'

2024-05-16 00:24:11 - [TEST_STEP][PASSED] - setText(findTestObject("Object Repository/RecAndPlayBk/Page-Vlink-AuthOnly/input_Track Data_track_data"), ""): Text '' is set on object 'Object Repository/RecAndPlayBk/Page-Vlink-AuthOnly/input_Track Data_track_data'

2024-05-16 00:24:12 - [MESSAGE][PASSED] - Text '' is set on object 'Object Repository/RecAndPlayBk/Page-Vlink-AuthOnly/input_Track Data_track_data'

2024-05-16 00:24:12 - [TEST_STEP][PASSED] - setText(findTestObject("Object Repository/RecAndPlayBk/Page-Vlink-AuthOnly/input_concat(Cardholder, , s email)_email"), ""): Text '' is set on object 'Object Repository/RecAndPlayBk/Page-Vlink-AuthOnly/input_concat(Cardholder, , s email)_email'

2024-05-16 00:24:13 - [MESSAGE][PASSED] - Text '' is set on object 'Object Repository/RecAndPlayBk/Page-Vlink-AuthOnly/input_concat(Cardholder, , s email)_email'

2024-05-16 00:24:13 - [TEST_STEP][PASSED] - click(findTestObject("Object Repository/RecAndPlayBk/Page-Vlink-AuthOnly/input_user_defined10_user_defined10")): Object: 'Object Repository/RecAndPlayBk/Page-Vlink-AuthOnly/input_user_defined10_user_defined10' is clicked on

2024-05-16 00:24:13 - [MESSAGE][PASSED] - Object: 'Object Repository/RecAndPlayBk/Page-Vlink-AuthOnly/input_user_defined10_user_defined10' is clicked on

2024-05-16 00:24:13 - [TEST_STEP][PASSED] - setText(findTestObject("Object Repository/RecAndPlayBk/Page-Vlink-AuthOnly/input_Card on File Indicator_card_on_file_i_157dae"), ""): Text '' is set on object 'Object Repository/RecAndPlayBk/Page-Vlink-AuthOnly/input_Card on File Indicator_card_on_file_i_157dae'

2024-05-16 00:24:14 - [MESSAGE][PASSED] - Text '' is set on object 'Object Repository/RecAndPlayBk/Page-Vlink-AuthOnly/input_Card on File Indicator_card_on_file_i_157dae'

2024-05-16 00:24:14 - [TEST_STEP][PASSED] - setText(findTestObject("Object Repository/RecAndPlayBk/Page-Vlink-AuthOnly/input_Stored Credential Indicator_stored_cr_4ae73c"), ""): Text '' is set on object 'Object Repository/RecAndPlayBk/Page-Vlink-AuthOnly/input_Stored Credential Indicator_stored_cr_4ae73c'

2024-05-16 00:24:14 - [MESSAGE][PASSED] - Text '' is set on object 'Object Repository/RecAndPlayBk/Page-Vlink-AuthOnly/input_Stored Credential Indicator_stored_cr_4ae73c'

2024-05-16 00:24:14 - [TEST_STEP][PASSED] - setText(findTestObject("Object Repository/RecAndPlayBk/Page-Vlink-AuthOnly/input_COF Scheduled indicator_cof_scheduled_8df7d8"), ""): Text '' is set on object 'Object Repository/RecAndPlayBk/Page-Vlink-AuthOnly/input_COF Scheduled indicator_cof_scheduled_8df7d8'

2024-05-16 00:24:15 - [MESSAGE][PASSED] - Text '' is set on object 'Object Repository/RecAndPlayBk/Page-Vlink-AuthOnly/input_COF Scheduled indicator_cof_scheduled_8df7d8'

2024-05-16 00:24:15 - [TEST_STEP][PASSED] - setText(findTestObject("Object Repository/RecAndPlayBk/Page-Vlink-AuthOnly/input_COF Transaction Initiated by_cof_tran_6cded5"), ""): Text '' is set on object 'Object Repository/RecAndPlayBk/Page-Vlink-AuthOnly/input_COF Transaction Initiated by_cof_tran_6cded5'

2024-05-16 00:24:15 - [MESSAGE][PASSED] - Text '' is set on object 'Object Repository/RecAndPlayBk/Page-Vlink-AuthOnly/input_COF Transaction Initiated by_cof_tran_6cded5'

2024-05-16 00:24:15 - [TEST_STEP][PASSED] - click(findTestObject("Object Repository/RecAndPlayBk/Page-Vlink-AuthOnly/input")): Object: 'Object Repository/RecAndPlayBk/Page-Vlink-AuthOnly/input' is clicked on

2024-05-16 00:24:16 - [MESSAGE][PASSED] - Object: 'Object Repository/RecAndPlayBk/Page-Vlink-AuthOnly/input' is clicked on

2024-05-16 00:24:16 - [TEST_STEP][PASSED] - if (verifyTextPresent(errorMsg, true)): null

2024-05-16 00:24:16 - [MESSAGE][PASSED] - Text 'card_name' is present on page  using regular expression

2024-05-16 00:24:16 - [TEST_STEP][PASSED] - println("Error Message is present on the Confirmation page"): null

2024-05-16 00:24:16 - [TEST_STEP][PASSED] - out.println("Pass Record Number: " + row): null

2024-05-16 00:24:16 - [TEST_STEP][PASSED] - resText = "Pass": null

2024-05-16 00:24:16 - [TEST_STEP][PASSED] - pages.WriteExcel.demoKey(resText, datText, resColumn, datCloumn, fileLoc, nameSheet, row): pages.WriteExcel.demoKey is PASSED

2024-05-16 00:24:17 - [MESSAGE][PASSED] - pages.WriteExcel.demoKey is PASSED

2024-05-16 00:24:17 - [TEST_STEP][PASSED] - ExecuteTC = findTestData(dataFile).getValue("Execute", row): null

2024-05-16 00:24:17 - [TEST_STEP][PASSED] - out.println("Value of Execute is : " + ExecuteTC): null

2024-05-16 00:24:17 - [TEST_STEP][PASSED] - if (ExecuteTC.equalsIgnoreCase("Y")): null

2024-05-16 00:24:17 - [TEST_STEP][PASSED] - out.println("Begin Record Number: " + row): null

2024-05-16 00:24:17 - [TEST_STEP][PASSED] - today = new java.util.Date(): null

2024-05-16 00:24:17 - [TEST_STEP][PASSED] - println(today): null

2024-05-16 00:24:17 - [TEST_STEP][PASSED] - datText = today: null

2024-05-16 00:24:17 - [TEST_STEP][PASSED] - errorMsg = findTestData(dataFile).getValue("ErrorMsg", row): null

2024-05-16 00:24:17 - [TEST_STEP][PASSED] - appID = findTestData(dataFile).getValue("AppID", row): null

2024-05-16 00:24:17 - [TEST_STEP][PASSED] - username = findTestData(dataFile).getValue("Username", row): null

2024-05-16 00:24:17 - [TEST_STEP][PASSED] - password = findTestData(dataFile).getValue("Password", row): null

2024-05-16 00:24:17 - [TEST_STEP][PASSED] - tranType = findTestData(dataFile).getValue("TranType", row): null

2024-05-16 00:24:17 - [TEST_STEP][PASSED] - mv = findTestData(dataFile).getValue("MV", row): null

2024-05-16 00:24:17 - [TEST_STEP][PASSED] - resFormat = findTestData(dataFile).getValue("ResFormat", row): null

2024-05-16 00:24:17 - [TEST_STEP][PASSED] - category = findTestData(dataFile).getValue("Category", row): null

2024-05-16 00:24:17 - [TEST_STEP][PASSED] - amount = findTestData(dataFile).getValue("Amount", row): null

2024-05-16 00:24:18 - [TEST_STEP][PASSED] - cardName = findTestData(dataFile).getValue("CardName", row): null

2024-05-16 00:24:18 - [TEST_STEP][PASSED] - al1 = findTestData(dataFile).getValue("AL1", row): null

2024-05-16 00:24:18 - [TEST_STEP][PASSED] - city = findTestData(dataFile).getValue("City", row): null

2024-05-16 00:24:18 - [TEST_STEP][PASSED] - state = findTestData(dataFile).getValue("State", row): null

2024-05-16 00:24:18 - [TEST_STEP][PASSED] - zip = findTestData(dataFile).getValue("ZIP", row): null

2024-05-16 00:24:18 - [TEST_STEP][PASSED] - cardNumber = findTestData(dataFile).getValue("CardNumber", row): null

2024-05-16 00:24:18 - [TEST_STEP][PASSED] - exM = findTestData(dataFile).getValue("ExM", row): null

2024-05-16 00:24:18 - [TEST_STEP][PASSED] - exY = findTestData(dataFile).getValue("ExY", row): null

2024-05-16 00:24:18 - [TEST_STEP][PASSED] - openBrowser(VLinkURL + "auth.html"): Browser is opened with url: 'https://dev-algorithm.govolution.com/vlinktest/QA2/version_2_0/auth.html'

2024-05-16 00:24:18 - [MESSAGE][WARNING] - A browser is already opened. Closing browser and opening a new one

2024-05-16 00:24:20 - [MESSAGE][INFO] - Starting 'Chrome' driver

2024-05-16 00:24:20 - [MESSAGE][INFO] - User set preference: ['acceptInsecureCerts', 'true']

2024-05-16 00:24:20 - [MESSAGE][INFO] - Action delay is set to 0 milliseconds

2024-05-16 00:24:22 - [MESSAGE][PASSED] - Browser is opened with url: 'https://dev-algorithm.govolution.com/vlinktest/QA2/version_2_0/auth.html'

2024-05-16 00:24:22 - [TEST_STEP][PASSED] - maximizeWindow(): Current window maximized

2024-05-16 00:24:22 - [MESSAGE][PASSED] - Current window maximized

2024-05-16 00:24:22 - [TEST_STEP][PASSED] - maximizeWindow(): Current window maximized

2024-05-16 00:24:22 - [MESSAGE][PASSED] - Current window maximized

2024-05-16 00:24:22 - [TEST_STEP][PASSED] - setText(findTestObject("Object Repository/RecAndPlayBk/Page-Vlink-AuthOnly/txt_TransactionType"), tranType): Text '104' is set on object 'Object Repository/RecAndPlayBk/Page-Vlink-AuthOnly/txt_TransactionType'

2024-05-16 00:24:23 - [MESSAGE][PASSED] - Text '104' is set on object 'Object Repository/RecAndPlayBk/Page-Vlink-AuthOnly/txt_TransactionType'

2024-05-16 00:24:23 - [TEST_STEP][PASSED] - setText(findTestObject("Object Repository/RecAndPlayBk/Page-Vlink-AuthOnly/txt_MessageVersion"), mv): Text '2.0C' is set on object 'Object Repository/RecAndPlayBk/Page-Vlink-AuthOnly/txt_MessageVersion'

2024-05-16 00:24:23 - [MESSAGE][PASSED] - Text '2.0C' is set on object 'Object Repository/RecAndPlayBk/Page-Vlink-AuthOnly/txt_MessageVersion'

2024-05-16 00:24:23 - [TEST_STEP][PASSED] - genRemID = RandomStringUtils.random(12, true, true): null

2024-05-16 00:24:23 - [TEST_STEP][PASSED] - setText(findTestObject("Object Repository/RecAndPlayBk/Page-Vlink-AuthOnly/input_Remittance Id_remittance_id"), genRemID): Text 'VB93yme8W3Wa' is set on object 'Object Repository/RecAndPlayBk/Page-Vlink-AuthOnly/input_Remittance Id_remittance_id'

2024-05-16 00:24:24 - [MESSAGE][PASSED] - Text 'VB93yme8W3Wa' is set on object 'Object Repository/RecAndPlayBk/Page-Vlink-AuthOnly/input_Remittance Id_remittance_id'

2024-05-16 00:24:24 - [TEST_STEP][PASSED] - setText(findTestObject("Object Repository/RecAndPlayBk/Page-Vlink-AuthOnly/input_Application Id_application_id"), appID): Text '234' is set on object 'Object Repository/RecAndPlayBk/Page-Vlink-AuthOnly/input_Application Id_application_id'

2024-05-16 00:24:25 - [MESSAGE][PASSED] - Text '234' is set on object 'Object Repository/RecAndPlayBk/Page-Vlink-AuthOnly/input_Application Id_application_id'

2024-05-16 00:24:25 - [TEST_STEP][PASSED] - setText(findTestObject("Object Repository/RecAndPlayBk/Page-Vlink-AuthOnly/input_Username_username"), username): Text 'username' is set on object 'Object Repository/RecAndPlayBk/Page-Vlink-AuthOnly/input_Username_username'

2024-05-16 00:24:25 - [MESSAGE][PASSED] - Text 'username' is set on object 'Object Repository/RecAndPlayBk/Page-Vlink-AuthOnly/input_Username_username'

2024-05-16 00:24:25 - [TEST_STEP][PASSED] - setText(findTestObject("Object Repository/RecAndPlayBk/Page-Vlink-AuthOnly/input_Password_password"), password): Text 'password' is set on object 'Object Repository/RecAndPlayBk/Page-Vlink-AuthOnly/input_Password_password'

2024-05-16 00:24:26 - [MESSAGE][PASSED] - Text 'password' is set on object 'Object Repository/RecAndPlayBk/Page-Vlink-AuthOnly/input_Password_password'

2024-05-16 00:24:26 - [TEST_STEP][PASSED] - setText(findTestObject("Object Repository/RecAndPlayBk/Page-Vlink-AuthOnly/txt_ResponseFormat"), resFormat): Text 'fixed_width' is set on object 'Object Repository/RecAndPlayBk/Page-Vlink-AuthOnly/txt_ResponseFormat'

2024-05-16 00:24:27 - [MESSAGE][PASSED] - Text 'fixed_width' is set on object 'Object Repository/RecAndPlayBk/Page-Vlink-AuthOnly/txt_ResponseFormat'

2024-05-16 00:24:27 - [TEST_STEP][PASSED] - setText(findTestObject("Object Repository/RecAndPlayBk/Page-Vlink-AuthOnly/input_Category_category"), category): Text 'MOTO' is set on object 'Object Repository/RecAndPlayBk/Page-Vlink-AuthOnly/input_Category_category'

2024-05-16 00:24:27 - [MESSAGE][PASSED] - Text 'MOTO' is set on object 'Object Repository/RecAndPlayBk/Page-Vlink-AuthOnly/input_Category_category'

2024-05-16 00:24:27 - [TEST_STEP][PASSED] - setText(findTestObject("Object Repository/RecAndPlayBk/Page-Vlink-AuthOnly/txt_CardName"), cardName): Text '' is set on object 'Object Repository/RecAndPlayBk/Page-Vlink-AuthOnly/txt_CardName'

2024-05-16 00:24:28 - [MESSAGE][PASSED] - Text '' is set on object 'Object Repository/RecAndPlayBk/Page-Vlink-AuthOnly/txt_CardName'

2024-05-16 00:24:28 - [TEST_STEP][PASSED] - setText(findTestObject("Object Repository/RecAndPlayBk/Page-Vlink-AuthOnly/txt_AL1"), al1): Text '258 Elm Road' is set on object 'Object Repository/RecAndPlayBk/Page-Vlink-AuthOnly/txt_AL1'

2024-05-16 00:24:29 - [MESSAGE][PASSED] - Text '258 Elm Road' is set on object 'Object Repository/RecAndPlayBk/Page-Vlink-AuthOnly/txt_AL1'

2024-05-16 00:24:29 - [TEST_STEP][PASSED] - setText(findTestObject("Object Repository/RecAndPlayBk/Page-Vlink-AuthOnly/txt_CardCity"), city): Text 'Arlington' is set on object 'Object Repository/RecAndPlayBk/Page-Vlink-AuthOnly/txt_CardCity'

2024-05-16 00:24:29 - [MESSAGE][PASSED] - Text 'Arlington' is set on object 'Object Repository/RecAndPlayBk/Page-Vlink-AuthOnly/txt_CardCity'

2024-05-16 00:24:29 - [TEST_STEP][PASSED] - setText(findTestObject("Object Repository/RecAndPlayBk/Page-Vlink-AuthOnly/txt_CardState"), state): Text 'VA' is set on object 'Object Repository/RecAndPlayBk/Page-Vlink-AuthOnly/txt_CardState'

2024-05-16 00:24:30 - [MESSAGE][PASSED] - Text 'VA' is set on object 'Object Repository/RecAndPlayBk/Page-Vlink-AuthOnly/txt_CardState'

2024-05-16 00:24:30 - [TEST_STEP][PASSED] - setText(findTestObject("Object Repository/RecAndPlayBk/Page-Vlink-AuthOnly/txt_CardZIP"), zip): Text '22201' is set on object 'Object Repository/RecAndPlayBk/Page-Vlink-AuthOnly/txt_CardZIP'

2024-05-16 00:24:30 - [MESSAGE][PASSED] - Text '22201' is set on object 'Object Repository/RecAndPlayBk/Page-Vlink-AuthOnly/txt_CardZIP'

2024-05-16 00:24:30 - [TEST_STEP][PASSED] - setText(findTestObject("Object Repository/RecAndPlayBk/Page-Vlink-AuthOnly/input_Amount_amount"), amount): Text '1.50' is set on object 'Object Repository/RecAndPlayBk/Page-Vlink-AuthOnly/input_Amount_amount'

2024-05-16 00:24:31 - [MESSAGE][PASSED] - Text '1.50' is set on object 'Object Repository/RecAndPlayBk/Page-Vlink-AuthOnly/input_Amount_amount'

2024-05-16 00:24:31 - [TEST_STEP][PASSED] - setText(findTestObject("Object Repository/RecAndPlayBk/Page-Vlink-AuthOnly/input_Card number_card_number"), cardNumber): Text '4111111111111111' is set on object 'Object Repository/RecAndPlayBk/Page-Vlink-AuthOnly/input_Card number_card_number'

2024-05-16 00:24:32 - [MESSAGE][PASSED] - Text '4111111111111111' is set on object 'Object Repository/RecAndPlayBk/Page-Vlink-AuthOnly/input_Card number_card_number'

2024-05-16 00:24:32 - [TEST_STEP][PASSED] - setText(findTestObject("Object Repository/RecAndPlayBk/Page-Vlink-AuthOnly/input_Card ex month_card_exmo"), exM): Text '12' is set on object 'Object Repository/RecAndPlayBk/Page-Vlink-AuthOnly/input_Card ex month_card_exmo'

2024-05-16 00:24:33 - [MESSAGE][PASSED] - Text '12' is set on object 'Object Repository/RecAndPlayBk/Page-Vlink-AuthOnly/input_Card ex month_card_exmo'

2024-05-16 00:24:33 - [TEST_STEP][PASSED] - setText(findTestObject("Object Repository/RecAndPlayBk/Page-Vlink-AuthOnly/input_Card ex year_card_exyr"), exY): Text '2025' is set on object 'Object Repository/RecAndPlayBk/Page-Vlink-AuthOnly/input_Card ex year_card_exyr'

2024-05-16 00:24:33 - [MESSAGE][PASSED] - Text '2025' is set on object 'Object Repository/RecAndPlayBk/Page-Vlink-AuthOnly/input_Card ex year_card_exyr'

2024-05-16 00:24:33 - [TEST_STEP][PASSED] - setText(findTestObject("Object Repository/RecAndPlayBk/Page-Vlink-AuthOnly/input_Track Data_track_data"), ""): Text '' is set on object 'Object Repository/RecAndPlayBk/Page-Vlink-AuthOnly/input_Track Data_track_data'

2024-05-16 00:24:34 - [MESSAGE][PASSED] - Text '' is set on object 'Object Repository/RecAndPlayBk/Page-Vlink-AuthOnly/input_Track Data_track_data'

2024-05-16 00:24:34 - [TEST_STEP][PASSED] - setText(findTestObject("Object Repository/RecAndPlayBk/Page-Vlink-AuthOnly/input_concat(Cardholder, , s email)_email"), ""): Text '' is set on object 'Object Repository/RecAndPlayBk/Page-Vlink-AuthOnly/input_concat(Cardholder, , s email)_email'

2024-05-16 00:24:35 - [MESSAGE][PASSED] - Text '' is set on object 'Object Repository/RecAndPlayBk/Page-Vlink-AuthOnly/input_concat(Cardholder, , s email)_email'

2024-05-16 00:24:35 - [TEST_STEP][PASSED] - click(findTestObject("Object Repository/RecAndPlayBk/Page-Vlink-AuthOnly/input_user_defined10_user_defined10")): Object: 'Object Repository/RecAndPlayBk/Page-Vlink-AuthOnly/input_user_defined10_user_defined10' is clicked on

2024-05-16 00:24:35 - [MESSAGE][PASSED] - Object: 'Object Repository/RecAndPlayBk/Page-Vlink-AuthOnly/input_user_defined10_user_defined10' is clicked on

2024-05-16 00:24:35 - [TEST_STEP][PASSED] - setText(findTestObject("Object Repository/RecAndPlayBk/Page-Vlink-AuthOnly/input_Card on File Indicator_card_on_file_i_157dae"), ""): Text '' is set on object 'Object Repository/RecAndPlayBk/Page-Vlink-AuthOnly/input_Card on File Indicator_card_on_file_i_157dae'

2024-05-16 00:24:36 - [MESSAGE][PASSED] - Text '' is set on object 'Object Repository/RecAndPlayBk/Page-Vlink-AuthOnly/input_Card on File Indicator_card_on_file_i_157dae'

2024-05-16 00:24:36 - [TEST_STEP][PASSED] - setText(findTestObject("Object Repository/RecAndPlayBk/Page-Vlink-AuthOnly/input_Stored Credential Indicator_stored_cr_4ae73c"), ""): Text '' is set on object 'Object Repository/RecAndPlayBk/Page-Vlink-AuthOnly/input_Stored Credential Indicator_stored_cr_4ae73c'

2024-05-16 00:24:36 - [MESSAGE][PASSED] - Text '' is set on object 'Object Repository/RecAndPlayBk/Page-Vlink-AuthOnly/input_Stored Credential Indicator_stored_cr_4ae73c'

2024-05-16 00:24:36 - [TEST_STEP][PASSED] - setText(findTestObject("Object Repository/RecAndPlayBk/Page-Vlink-AuthOnly/input_COF Scheduled indicator_cof_scheduled_8df7d8"), ""): Text '' is set on object 'Object Repository/RecAndPlayBk/Page-Vlink-AuthOnly/input_COF Scheduled indicator_cof_scheduled_8df7d8'

2024-05-16 00:24:37 - [MESSAGE][PASSED] - Text '' is set on object 'Object Repository/RecAndPlayBk/Page-Vlink-AuthOnly/input_COF Scheduled indicator_cof_scheduled_8df7d8'

2024-05-16 00:24:37 - [TEST_STEP][PASSED] - setText(findTestObject("Object Repository/RecAndPlayBk/Page-Vlink-AuthOnly/input_COF Transaction Initiated by_cof_tran_6cded5"), ""): Text '' is set on object 'Object Repository/RecAndPlayBk/Page-Vlink-AuthOnly/input_COF Transaction Initiated by_cof_tran_6cded5'

2024-05-16 00:24:37 - [MESSAGE][PASSED] - Text '' is set on object 'Object Repository/RecAndPlayBk/Page-Vlink-AuthOnly/input_COF Transaction Initiated by_cof_tran_6cded5'

2024-05-16 00:24:37 - [TEST_STEP][PASSED] - click(findTestObject("Object Repository/RecAndPlayBk/Page-Vlink-AuthOnly/input")): Object: 'Object Repository/RecAndPlayBk/Page-Vlink-AuthOnly/input' is clicked on

2024-05-16 00:24:38 - [MESSAGE][PASSED] - Object: 'Object Repository/RecAndPlayBk/Page-Vlink-AuthOnly/input' is clicked on

2024-05-16 00:24:38 - [TEST_STEP][PASSED] - if (verifyTextPresent(errorMsg, true)): null

2024-05-16 00:24:38 - [MESSAGE][PASSED] - Text 'card_name' is present on page  using regular expression

2024-05-16 00:24:38 - [TEST_STEP][PASSED] - println("Error Message is present on the Confirmation page"): null

2024-05-16 00:24:38 - [TEST_STEP][PASSED] - out.println("Pass Record Number: " + row): null

2024-05-16 00:24:38 - [TEST_STEP][PASSED] - resText = "Pass": null

2024-05-16 00:24:38 - [TEST_STEP][PASSED] - pages.WriteExcel.demoKey(resText, datText, resColumn, datCloumn, fileLoc, nameSheet, row): pages.WriteExcel.demoKey is PASSED

2024-05-16 00:24:39 - [MESSAGE][PASSED] - pages.WriteExcel.demoKey is PASSED

2024-05-16 00:24:39 - [TEST_STEP][PASSED] - ExecuteTC = findTestData(dataFile).getValue("Execute", row): null

2024-05-16 00:24:39 - [TEST_STEP][PASSED] - out.println("Value of Execute is : " + ExecuteTC): null

2024-05-16 00:24:39 - [TEST_STEP][PASSED] - if (ExecuteTC.equalsIgnoreCase("Y")): null

2024-05-16 00:24:39 - [TEST_STEP][PASSED] - out.println("Begin Record Number: " + row): null

2024-05-16 00:24:39 - [TEST_STEP][PASSED] - today = new java.util.Date(): null

2024-05-16 00:24:39 - [TEST_STEP][PASSED] - println(today): null

2024-05-16 00:24:39 - [TEST_STEP][PASSED] - datText = today: null

2024-05-16 00:24:39 - [TEST_STEP][PASSED] - errorMsg = findTestData(dataFile).getValue("ErrorMsg", row): null

2024-05-16 00:24:39 - [TEST_STEP][PASSED] - appID = findTestData(dataFile).getValue("AppID", row): null

2024-05-16 00:24:39 - [TEST_STEP][PASSED] - username = findTestData(dataFile).getValue("Username", row): null

2024-05-16 00:24:39 - [TEST_STEP][PASSED] - password = findTestData(dataFile).getValue("Password", row): null

2024-05-16 00:24:39 - [TEST_STEP][PASSED] - tranType = findTestData(dataFile).getValue("TranType", row): null

2024-05-16 00:24:39 - [TEST_STEP][PASSED] - mv = findTestData(dataFile).getValue("MV", row): null

2024-05-16 00:24:39 - [TEST_STEP][PASSED] - resFormat = findTestData(dataFile).getValue("ResFormat", row): null

2024-05-16 00:24:39 - [TEST_STEP][PASSED] - category = findTestData(dataFile).getValue("Category", row): null

2024-05-16 00:24:39 - [TEST_STEP][PASSED] - amount = findTestData(dataFile).getValue("Amount", row): null

2024-05-16 00:24:40 - [TEST_STEP][PASSED] - cardName = findTestData(dataFile).getValue("CardName", row): null

2024-05-16 00:24:40 - [TEST_STEP][PASSED] - al1 = findTestData(dataFile).getValue("AL1", row): null

2024-05-16 00:24:40 - [TEST_STEP][PASSED] - city = findTestData(dataFile).getValue("City", row): null

2024-05-16 00:24:40 - [TEST_STEP][PASSED] - state = findTestData(dataFile).getValue("State", row): null

2024-05-16 00:24:40 - [TEST_STEP][PASSED] - zip = findTestData(dataFile).getValue("ZIP", row): null

2024-05-16 00:24:40 - [TEST_STEP][PASSED] - cardNumber = findTestData(dataFile).getValue("CardNumber", row): null

2024-05-16 00:24:40 - [TEST_STEP][PASSED] - exM = findTestData(dataFile).getValue("ExM", row): null

2024-05-16 00:24:40 - [TEST_STEP][PASSED] - exY = findTestData(dataFile).getValue("ExY", row): null

2024-05-16 00:24:40 - [TEST_STEP][PASSED] - openBrowser(VLinkURL + "auth.html"): Browser is opened with url: 'https://dev-algorithm.govolution.com/vlinktest/QA2/version_2_0/auth.html'

2024-05-16 00:24:40 - [MESSAGE][WARNING] - A browser is already opened. Closing browser and opening a new one

2024-05-16 00:24:42 - [MESSAGE][INFO] - Starting 'Chrome' driver

2024-05-16 00:24:42 - [MESSAGE][INFO] - User set preference: ['acceptInsecureCerts', 'true']

2024-05-16 00:24:42 - [MESSAGE][INFO] - Action delay is set to 0 milliseconds

2024-05-16 00:24:44 - [MESSAGE][PASSED] - Browser is opened with url: 'https://dev-algorithm.govolution.com/vlinktest/QA2/version_2_0/auth.html'

2024-05-16 00:24:44 - [TEST_STEP][PASSED] - maximizeWindow(): Current window maximized

2024-05-16 00:24:44 - [MESSAGE][PASSED] - Current window maximized

2024-05-16 00:24:44 - [TEST_STEP][PASSED] - maximizeWindow(): Current window maximized

2024-05-16 00:24:44 - [MESSAGE][PASSED] - Current window maximized

2024-05-16 00:24:44 - [TEST_STEP][PASSED] - setText(findTestObject("Object Repository/RecAndPlayBk/Page-Vlink-AuthOnly/txt_TransactionType"), tranType): Text '104' is set on object 'Object Repository/RecAndPlayBk/Page-Vlink-AuthOnly/txt_TransactionType'

2024-05-16 00:24:45 - [MESSAGE][PASSED] - Text '104' is set on object 'Object Repository/RecAndPlayBk/Page-Vlink-AuthOnly/txt_TransactionType'

2024-05-16 00:24:45 - [TEST_STEP][PASSED] - setText(findTestObject("Object Repository/RecAndPlayBk/Page-Vlink-AuthOnly/txt_MessageVersion"), mv): Text '2.0C' is set on object 'Object Repository/RecAndPlayBk/Page-Vlink-AuthOnly/txt_MessageVersion'

2024-05-16 00:24:46 - [MESSAGE][PASSED] - Text '2.0C' is set on object 'Object Repository/RecAndPlayBk/Page-Vlink-AuthOnly/txt_MessageVersion'

2024-05-16 00:24:46 - [TEST_STEP][PASSED] - genRemID = RandomStringUtils.random(12, true, true): null

2024-05-16 00:24:46 - [TEST_STEP][PASSED] - setText(findTestObject("Object Repository/RecAndPlayBk/Page-Vlink-AuthOnly/input_Remittance Id_remittance_id"), genRemID): Text '0zGmr3qz5TOZ' is set on object 'Object Repository/RecAndPlayBk/Page-Vlink-AuthOnly/input_Remittance Id_remittance_id'

2024-05-16 00:24:46 - [MESSAGE][PASSED] - Text '0zGmr3qz5TOZ' is set on object 'Object Repository/RecAndPlayBk/Page-Vlink-AuthOnly/input_Remittance Id_remittance_id'

2024-05-16 00:24:46 - [TEST_STEP][PASSED] - setText(findTestObject("Object Repository/RecAndPlayBk/Page-Vlink-AuthOnly/input_Application Id_application_id"), appID): Text '234' is set on object 'Object Repository/RecAndPlayBk/Page-Vlink-AuthOnly/input_Application Id_application_id'

2024-05-16 00:24:47 - [MESSAGE][PASSED] - Text '234' is set on object 'Object Repository/RecAndPlayBk/Page-Vlink-AuthOnly/input_Application Id_application_id'

2024-05-16 00:24:47 - [TEST_STEP][PASSED] - setText(findTestObject("Object Repository/RecAndPlayBk/Page-Vlink-AuthOnly/input_Username_username"), username): Text 'username' is set on object 'Object Repository/RecAndPlayBk/Page-Vlink-AuthOnly/input_Username_username'

2024-05-16 00:24:47 - [MESSAGE][PASSED] - Text 'username' is set on object 'Object Repository/RecAndPlayBk/Page-Vlink-AuthOnly/input_Username_username'

2024-05-16 00:24:47 - [TEST_STEP][PASSED] - setText(findTestObject("Object Repository/RecAndPlayBk/Page-Vlink-AuthOnly/input_Password_password"), password): Text 'password' is set on object 'Object Repository/RecAndPlayBk/Page-Vlink-AuthOnly/input_Password_password'

2024-05-16 00:24:48 - [MESSAGE][PASSED] - Text 'password' is set on object 'Object Repository/RecAndPlayBk/Page-Vlink-AuthOnly/input_Password_password'

2024-05-16 00:24:48 - [TEST_STEP][PASSED] - setText(findTestObject("Object Repository/RecAndPlayBk/Page-Vlink-AuthOnly/txt_ResponseFormat"), resFormat): Text 'fixed_width' is set on object 'Object Repository/RecAndPlayBk/Page-Vlink-AuthOnly/txt_ResponseFormat'

2024-05-16 00:24:49 - [MESSAGE][PASSED] - Text 'fixed_width' is set on object 'Object Repository/RecAndPlayBk/Page-Vlink-AuthOnly/txt_ResponseFormat'

2024-05-16 00:24:49 - [TEST_STEP][PASSED] - setText(findTestObject("Object Repository/RecAndPlayBk/Page-Vlink-AuthOnly/input_Category_category"), category): Text 'RETL' is set on object 'Object Repository/RecAndPlayBk/Page-Vlink-AuthOnly/input_Category_category'

2024-05-16 00:24:49 - [MESSAGE][PASSED] - Text 'RETL' is set on object 'Object Repository/RecAndPlayBk/Page-Vlink-AuthOnly/input_Category_category'

2024-05-16 00:24:49 - [TEST_STEP][PASSED] - setText(findTestObject("Object Repository/RecAndPlayBk/Page-Vlink-AuthOnly/txt_CardName"), cardName): Text '' is set on object 'Object Repository/RecAndPlayBk/Page-Vlink-AuthOnly/txt_CardName'

2024-05-16 00:24:50 - [MESSAGE][PASSED] - Text '' is set on object 'Object Repository/RecAndPlayBk/Page-Vlink-AuthOnly/txt_CardName'

2024-05-16 00:24:50 - [TEST_STEP][PASSED] - setText(findTestObject("Object Repository/RecAndPlayBk/Page-Vlink-AuthOnly/txt_AL1"), al1): Text '258 Elm Road' is set on object 'Object Repository/RecAndPlayBk/Page-Vlink-AuthOnly/txt_AL1'

2024-05-16 00:24:51 - [MESSAGE][PASSED] - Text '258 Elm Road' is set on object 'Object Repository/RecAndPlayBk/Page-Vlink-AuthOnly/txt_AL1'

2024-05-16 00:24:51 - [TEST_STEP][PASSED] - setText(findTestObject("Object Repository/RecAndPlayBk/Page-Vlink-AuthOnly/txt_CardCity"), city): Text 'Arlington' is set on object 'Object Repository/RecAndPlayBk/Page-Vlink-AuthOnly/txt_CardCity'

2024-05-16 00:24:51 - [MESSAGE][PASSED] - Text 'Arlington' is set on object 'Object Repository/RecAndPlayBk/Page-Vlink-AuthOnly/txt_CardCity'

2024-05-16 00:24:51 - [TEST_STEP][PASSED] - setText(findTestObject("Object Repository/RecAndPlayBk/Page-Vlink-AuthOnly/txt_CardState"), state): Text 'VA' is set on object 'Object Repository/RecAndPlayBk/Page-Vlink-AuthOnly/txt_CardState'

2024-05-16 00:24:52 - [MESSAGE][PASSED] - Text 'VA' is set on object 'Object Repository/RecAndPlayBk/Page-Vlink-AuthOnly/txt_CardState'

2024-05-16 00:24:52 - [TEST_STEP][PASSED] - setText(findTestObject("Object Repository/RecAndPlayBk/Page-Vlink-AuthOnly/txt_CardZIP"), zip): Text '22201' is set on object 'Object Repository/RecAndPlayBk/Page-Vlink-AuthOnly/txt_CardZIP'

2024-05-16 00:24:53 - [MESSAGE][PASSED] - Text '22201' is set on object 'Object Repository/RecAndPlayBk/Page-Vlink-AuthOnly/txt_CardZIP'

2024-05-16 00:24:53 - [TEST_STEP][PASSED] - setText(findTestObject("Object Repository/RecAndPlayBk/Page-Vlink-AuthOnly/input_Amount_amount"), amount): Text '1.50' is set on object 'Object Repository/RecAndPlayBk/Page-Vlink-AuthOnly/input_Amount_amount'

2024-05-16 00:24:53 - [MESSAGE][PASSED] - Text '1.50' is set on object 'Object Repository/RecAndPlayBk/Page-Vlink-AuthOnly/input_Amount_amount'

2024-05-16 00:24:53 - [TEST_STEP][PASSED] - setText(findTestObject("Object Repository/RecAndPlayBk/Page-Vlink-AuthOnly/input_Card number_card_number"), cardNumber): Text '4111111111111111' is set on object 'Object Repository/RecAndPlayBk/Page-Vlink-AuthOnly/input_Card number_card_number'

2024-05-16 00:24:54 - [MESSAGE][PASSED] - Text '4111111111111111' is set on object 'Object Repository/RecAndPlayBk/Page-Vlink-AuthOnly/input_Card number_card_number'

2024-05-16 00:24:54 - [TEST_STEP][PASSED] - setText(findTestObject("Object Repository/RecAndPlayBk/Page-Vlink-AuthOnly/input_Card ex month_card_exmo"), exM): Text '12' is set on object 'Object Repository/RecAndPlayBk/Page-Vlink-AuthOnly/input_Card ex month_card_exmo'

2024-05-16 00:24:55 - [MESSAGE][PASSED] - Text '12' is set on object 'Object Repository/RecAndPlayBk/Page-Vlink-AuthOnly/input_Card ex month_card_exmo'

2024-05-16 00:24:55 - [TEST_STEP][PASSED] - setText(findTestObject("Object Repository/RecAndPlayBk/Page-Vlink-AuthOnly/input_Card ex year_card_exyr"), exY): Text '2025' is set on object 'Object Repository/RecAndPlayBk/Page-Vlink-AuthOnly/input_Card ex year_card_exyr'

2024-05-16 00:24:55 - [MESSAGE][PASSED] - Text '2025' is set on object 'Object Repository/RecAndPlayBk/Page-Vlink-AuthOnly/input_Card ex year_card_exyr'

2024-05-16 00:24:55 - [TEST_STEP][PASSED] - setText(findTestObject("Object Repository/RecAndPlayBk/Page-Vlink-AuthOnly/input_Track Data_track_data"), ""): Text '' is set on object 'Object Repository/RecAndPlayBk/Page-Vlink-AuthOnly/input_Track Data_track_data'

2024-05-16 00:24:56 - [MESSAGE][PASSED] - Text '' is set on object 'Object Repository/RecAndPlayBk/Page-Vlink-AuthOnly/input_Track Data_track_data'

2024-05-16 00:24:56 - [TEST_STEP][PASSED] - setText(findTestObject("Object Repository/RecAndPlayBk/Page-Vlink-AuthOnly/input_concat(Cardholder, , s email)_email"), ""): Text '' is set on object 'Object Repository/RecAndPlayBk/Page-Vlink-AuthOnly/input_concat(Cardholder, , s email)_email'

2024-05-16 00:24:57 - [MESSAGE][PASSED] - Text '' is set on object 'Object Repository/RecAndPlayBk/Page-Vlink-AuthOnly/input_concat(Cardholder, , s email)_email'

2024-05-16 00:24:57 - [TEST_STEP][PASSED] - click(findTestObject("Object Repository/RecAndPlayBk/Page-Vlink-AuthOnly/input_user_defined10_user_defined10")): Object: 'Object Repository/RecAndPlayBk/Page-Vlink-AuthOnly/input_user_defined10_user_defined10' is clicked on

2024-05-16 00:24:57 - [MESSAGE][PASSED] - Object: 'Object Repository/RecAndPlayBk/Page-Vlink-AuthOnly/input_user_defined10_user_defined10' is clicked on

2024-05-16 00:24:57 - [TEST_STEP][PASSED] - setText(findTestObject("Object Repository/RecAndPlayBk/Page-Vlink-AuthOnly/input_Card on File Indicator_card_on_file_i_157dae"), ""): Text '' is set on object 'Object Repository/RecAndPlayBk/Page-Vlink-AuthOnly/input_Card on File Indicator_card_on_file_i_157dae'

2024-05-16 00:24:58 - [MESSAGE][PASSED] - Text '' is set on object 'Object Repository/RecAndPlayBk/Page-Vlink-AuthOnly/input_Card on File Indicator_card_on_file_i_157dae'

2024-05-16 00:24:58 - [TEST_STEP][PASSED] - setText(findTestObject("Object Repository/RecAndPlayBk/Page-Vlink-AuthOnly/input_Stored Credential Indicator_stored_cr_4ae73c"), ""): Text '' is set on object 'Object Repository/RecAndPlayBk/Page-Vlink-AuthOnly/input_Stored Credential Indicator_stored_cr_4ae73c'

2024-05-16 00:24:58 - [MESSAGE][PASSED] - Text '' is set on object 'Object Repository/RecAndPlayBk/Page-Vlink-AuthOnly/input_Stored Credential Indicator_stored_cr_4ae73c'

2024-05-16 00:24:58 - [TEST_STEP][PASSED] - setText(findTestObject("Object Repository/RecAndPlayBk/Page-Vlink-AuthOnly/input_COF Scheduled indicator_cof_scheduled_8df7d8"), ""): Text '' is set on object 'Object Repository/RecAndPlayBk/Page-Vlink-AuthOnly/input_COF Scheduled indicator_cof_scheduled_8df7d8'

2024-05-16 00:24:59 - [MESSAGE][PASSED] - Text '' is set on object 'Object Repository/RecAndPlayBk/Page-Vlink-AuthOnly/input_COF Scheduled indicator_cof_scheduled_8df7d8'

2024-05-16 00:24:59 - [TEST_STEP][PASSED] - setText(findTestObject("Object Repository/RecAndPlayBk/Page-Vlink-AuthOnly/input_COF Transaction Initiated by_cof_tran_6cded5"), ""): Text '' is set on object 'Object Repository/RecAndPlayBk/Page-Vlink-AuthOnly/input_COF Transaction Initiated by_cof_tran_6cded5'

2024-05-16 00:25:00 - [MESSAGE][PASSED] - Text '' is set on object 'Object Repository/RecAndPlayBk/Page-Vlink-AuthOnly/input_COF Transaction Initiated by_cof_tran_6cded5'

2024-05-16 00:25:00 - [TEST_STEP][PASSED] - click(findTestObject("Object Repository/RecAndPlayBk/Page-Vlink-AuthOnly/input")): Object: 'Object Repository/RecAndPlayBk/Page-Vlink-AuthOnly/input' is clicked on

2024-05-16 00:25:00 - [MESSAGE][PASSED] - Object: 'Object Repository/RecAndPlayBk/Page-Vlink-AuthOnly/input' is clicked on

2024-05-16 00:25:00 - [TEST_STEP][PASSED] - if (verifyTextPresent(errorMsg, true)): null

2024-05-16 00:25:01 - [MESSAGE][PASSED] - Text 'card_name' is present on page  using regular expression

2024-05-16 00:25:01 - [TEST_STEP][PASSED] - println("Error Message is present on the Confirmation page"): null

2024-05-16 00:25:01 - [TEST_STEP][PASSED] - out.println("Pass Record Number: " + row): null

2024-05-16 00:25:01 - [TEST_STEP][PASSED] - resText = "Pass": null

2024-05-16 00:25:01 - [TEST_STEP][PASSED] - pages.WriteExcel.demoKey(resText, datText, resColumn, datCloumn, fileLoc, nameSheet, row): pages.WriteExcel.demoKey is PASSED

2024-05-16 00:25:01 - [MESSAGE][PASSED] - pages.WriteExcel.demoKey is PASSED

2024-05-16 00:25:01 - [TEST_STEP][PASSED] - ExecuteTC = findTestData(dataFile).getValue("Execute", row): null

2024-05-16 00:25:01 - [TEST_STEP][PASSED] - out.println("Value of Execute is : " + ExecuteTC): null

2024-05-16 00:25:01 - [TEST_STEP][PASSED] - if (ExecuteTC.equalsIgnoreCase("Y")): null

2024-05-16 00:25:01 - [TEST_STEP][PASSED] - out.println("Begin Record Number: " + row): null

2024-05-16 00:25:01 - [TEST_STEP][PASSED] - today = new java.util.Date(): null

2024-05-16 00:25:01 - [TEST_STEP][PASSED] - println(today): null

2024-05-16 00:25:01 - [TEST_STEP][PASSED] - datText = today: null

2024-05-16 00:25:01 - [TEST_STEP][PASSED] - errorMsg = findTestData(dataFile).getValue("ErrorMsg", row): null

2024-05-16 00:25:01 - [TEST_STEP][PASSED] - appID = findTestData(dataFile).getValue("AppID", row): null

2024-05-16 00:25:01 - [TEST_STEP][PASSED] - username = findTestData(dataFile).getValue("Username", row): null

2024-05-16 00:25:01 - [TEST_STEP][PASSED] - password = findTestData(dataFile).getValue("Password", row): null

2024-05-16 00:25:01 - [TEST_STEP][PASSED] - tranType = findTestData(dataFile).getValue("TranType", row): null

2024-05-16 00:25:01 - [TEST_STEP][PASSED] - mv = findTestData(dataFile).getValue("MV", row): null

2024-05-16 00:25:01 - [TEST_STEP][PASSED] - resFormat = findTestData(dataFile).getValue("ResFormat", row): null

2024-05-16 00:25:02 - [TEST_STEP][PASSED] - category = findTestData(dataFile).getValue("Category", row): null

2024-05-16 00:25:02 - [TEST_STEP][PASSED] - amount = findTestData(dataFile).getValue("Amount", row): null

2024-05-16 00:25:02 - [TEST_STEP][PASSED] - cardName = findTestData(dataFile).getValue("CardName", row): null

2024-05-16 00:25:02 - [TEST_STEP][PASSED] - al1 = findTestData(dataFile).getValue("AL1", row): null

2024-05-16 00:25:02 - [TEST_STEP][PASSED] - city = findTestData(dataFile).getValue("City", row): null

2024-05-16 00:25:02 - [TEST_STEP][PASSED] - state = findTestData(dataFile).getValue("State", row): null

2024-05-16 00:25:02 - [TEST_STEP][PASSED] - zip = findTestData(dataFile).getValue("ZIP", row): null

2024-05-16 00:25:02 - [TEST_STEP][PASSED] - cardNumber = findTestData(dataFile).getValue("CardNumber", row): null

2024-05-16 00:25:02 - [TEST_STEP][PASSED] - exM = findTestData(dataFile).getValue("ExM", row): null

2024-05-16 00:25:02 - [TEST_STEP][PASSED] - exY = findTestData(dataFile).getValue("ExY", row): null

2024-05-16 00:25:02 - [TEST_STEP][PASSED] - openBrowser(VLinkURL + "auth.html"): Browser is opened with url: 'https://dev-algorithm.govolution.com/vlinktest/QA2/version_2_0/auth.html'

2024-05-16 00:25:02 - [MESSAGE][WARNING] - A browser is already opened. Closing browser and opening a new one

2024-05-16 00:25:04 - [MESSAGE][INFO] - Starting 'Chrome' driver

2024-05-16 00:25:04 - [MESSAGE][INFO] - User set preference: ['acceptInsecureCerts', 'true']

2024-05-16 00:25:04 - [MESSAGE][INFO] - Action delay is set to 0 milliseconds

2024-05-16 00:25:06 - [MESSAGE][PASSED] - Browser is opened with url: 'https://dev-algorithm.govolution.com/vlinktest/QA2/version_2_0/auth.html'

2024-05-16 00:25:06 - [TEST_STEP][PASSED] - maximizeWindow(): Current window maximized

2024-05-16 00:25:06 - [MESSAGE][PASSED] - Current window maximized

2024-05-16 00:25:06 - [TEST_STEP][PASSED] - maximizeWindow(): Current window maximized

2024-05-16 00:25:06 - [MESSAGE][PASSED] - Current window maximized

2024-05-16 00:25:06 - [TEST_STEP][PASSED] - setText(findTestObject("Object Repository/RecAndPlayBk/Page-Vlink-AuthOnly/txt_TransactionType"), tranType): Text '104' is set on object 'Object Repository/RecAndPlayBk/Page-Vlink-AuthOnly/txt_TransactionType'

2024-05-16 00:25:07 - [MESSAGE][PASSED] - Text '104' is set on object 'Object Repository/RecAndPlayBk/Page-Vlink-AuthOnly/txt_TransactionType'

2024-05-16 00:25:07 - [TEST_STEP][PASSED] - setText(findTestObject("Object Repository/RecAndPlayBk/Page-Vlink-AuthOnly/txt_MessageVersion"), mv): Text '2.0C' is set on object 'Object Repository/RecAndPlayBk/Page-Vlink-AuthOnly/txt_MessageVersion'

2024-05-16 00:25:07 - [MESSAGE][PASSED] - Text '2.0C' is set on object 'Object Repository/RecAndPlayBk/Page-Vlink-AuthOnly/txt_MessageVersion'

2024-05-16 00:25:07 - [TEST_STEP][PASSED] - genRemID = RandomStringUtils.random(12, true, true): null

2024-05-16 00:25:07 - [TEST_STEP][PASSED] - setText(findTestObject("Object Repository/RecAndPlayBk/Page-Vlink-AuthOnly/input_Remittance Id_remittance_id"), genRemID): Text 'ZbfQGyPoRDyx' is set on object 'Object Repository/RecAndPlayBk/Page-Vlink-AuthOnly/input_Remittance Id_remittance_id'

2024-05-16 00:25:08 - [MESSAGE][PASSED] - Text 'ZbfQGyPoRDyx' is set on object 'Object Repository/RecAndPlayBk/Page-Vlink-AuthOnly/input_Remittance Id_remittance_id'

2024-05-16 00:25:08 - [TEST_STEP][PASSED] - setText(findTestObject("Object Repository/RecAndPlayBk/Page-Vlink-AuthOnly/input_Application Id_application_id"), appID): Text '234' is set on object 'Object Repository/RecAndPlayBk/Page-Vlink-AuthOnly/input_Application Id_application_id'

2024-05-16 00:25:09 - [MESSAGE][PASSED] - Text '234' is set on object 'Object Repository/RecAndPlayBk/Page-Vlink-AuthOnly/input_Application Id_application_id'

2024-05-16 00:25:09 - [TEST_STEP][PASSED] - setText(findTestObject("Object Repository/RecAndPlayBk/Page-Vlink-AuthOnly/input_Username_username"), username): Text 'username' is set on object 'Object Repository/RecAndPlayBk/Page-Vlink-AuthOnly/input_Username_username'

2024-05-16 00:25:09 - [MESSAGE][PASSED] - Text 'username' is set on object 'Object Repository/RecAndPlayBk/Page-Vlink-AuthOnly/input_Username_username'

2024-05-16 00:25:09 - [TEST_STEP][PASSED] - setText(findTestObject("Object Repository/RecAndPlayBk/Page-Vlink-AuthOnly/input_Password_password"), password): Text 'password' is set on object 'Object Repository/RecAndPlayBk/Page-Vlink-AuthOnly/input_Password_password'

2024-05-16 00:25:10 - [MESSAGE][PASSED] - Text 'password' is set on object 'Object Repository/RecAndPlayBk/Page-Vlink-AuthOnly/input_Password_password'

2024-05-16 00:25:10 - [TEST_STEP][PASSED] - setText(findTestObject("Object Repository/RecAndPlayBk/Page-Vlink-AuthOnly/txt_ResponseFormat"), resFormat): Text 'fixed_width' is set on object 'Object Repository/RecAndPlayBk/Page-Vlink-AuthOnly/txt_ResponseFormat'

2024-05-16 00:25:11 - [MESSAGE][PASSED] - Text 'fixed_width' is set on object 'Object Repository/RecAndPlayBk/Page-Vlink-AuthOnly/txt_ResponseFormat'

2024-05-16 00:25:11 - [TEST_STEP][PASSED] - setText(findTestObject("Object Repository/RecAndPlayBk/Page-Vlink-AuthOnly/input_Category_category"), category): Text 'ECOM' is set on object 'Object Repository/RecAndPlayBk/Page-Vlink-AuthOnly/input_Category_category'

2024-05-16 00:25:11 - [MESSAGE][PASSED] - Text 'ECOM' is set on object 'Object Repository/RecAndPlayBk/Page-Vlink-AuthOnly/input_Category_category'

2024-05-16 00:25:11 - [TEST_STEP][PASSED] - setText(findTestObject("Object Repository/RecAndPlayBk/Page-Vlink-AuthOnly/txt_CardName"), cardName): Text 'Kris Roshan' is set on object 'Object Repository/RecAndPlayBk/Page-Vlink-AuthOnly/txt_CardName'

2024-05-16 00:25:12 - [MESSAGE][PASSED] - Text 'Kris Roshan' is set on object 'Object Repository/RecAndPlayBk/Page-Vlink-AuthOnly/txt_CardName'

2024-05-16 00:25:12 - [TEST_STEP][PASSED] - setText(findTestObject("Object Repository/RecAndPlayBk/Page-Vlink-AuthOnly/txt_AL1"), al1): Text '' is set on object 'Object Repository/RecAndPlayBk/Page-Vlink-AuthOnly/txt_AL1'

2024-05-16 00:25:13 - [MESSAGE][PASSED] - Text '' is set on object 'Object Repository/RecAndPlayBk/Page-Vlink-AuthOnly/txt_AL1'

2024-05-16 00:25:13 - [TEST_STEP][PASSED] - setText(findTestObject("Object Repository/RecAndPlayBk/Page-Vlink-AuthOnly/txt_CardCity"), city): Text 'Arlington' is set on object 'Object Repository/RecAndPlayBk/Page-Vlink-AuthOnly/txt_CardCity'

2024-05-16 00:25:13 - [MESSAGE][PASSED] - Text 'Arlington' is set on object 'Object Repository/RecAndPlayBk/Page-Vlink-AuthOnly/txt_CardCity'

2024-05-16 00:25:13 - [TEST_STEP][PASSED] - setText(findTestObject("Object Repository/RecAndPlayBk/Page-Vlink-AuthOnly/txt_CardState"), state): Text 'VA' is set on object 'Object Repository/RecAndPlayBk/Page-Vlink-AuthOnly/txt_CardState'

2024-05-16 00:25:14 - [MESSAGE][PASSED] - Text 'VA' is set on object 'Object Repository/RecAndPlayBk/Page-Vlink-AuthOnly/txt_CardState'

2024-05-16 00:25:14 - [TEST_STEP][PASSED] - setText(findTestObject("Object Repository/RecAndPlayBk/Page-Vlink-AuthOnly/txt_CardZIP"), zip): Text '22201' is set on object 'Object Repository/RecAndPlayBk/Page-Vlink-AuthOnly/txt_CardZIP'

2024-05-16 00:25:15 - [MESSAGE][PASSED] - Text '22201' is set on object 'Object Repository/RecAndPlayBk/Page-Vlink-AuthOnly/txt_CardZIP'

2024-05-16 00:25:15 - [TEST_STEP][PASSED] - setText(findTestObject("Object Repository/RecAndPlayBk/Page-Vlink-AuthOnly/input_Amount_amount"), amount): Text '1.50' is set on object 'Object Repository/RecAndPlayBk/Page-Vlink-AuthOnly/input_Amount_amount'

2024-05-16 00:25:15 - [MESSAGE][PASSED] - Text '1.50' is set on object 'Object Repository/RecAndPlayBk/Page-Vlink-AuthOnly/input_Amount_amount'

2024-05-16 00:25:15 - [TEST_STEP][PASSED] - setText(findTestObject("Object Repository/RecAndPlayBk/Page-Vlink-AuthOnly/input_Card number_card_number"), cardNumber): Text '4111111111111111' is set on object 'Object Repository/RecAndPlayBk/Page-Vlink-AuthOnly/input_Card number_card_number'

2024-05-16 00:25:16 - [MESSAGE][PASSED] - Text '4111111111111111' is set on object 'Object Repository/RecAndPlayBk/Page-Vlink-AuthOnly/input_Card number_card_number'

2024-05-16 00:25:16 - [TEST_STEP][PASSED] - setText(findTestObject("Object Repository/RecAndPlayBk/Page-Vlink-AuthOnly/input_Card ex month_card_exmo"), exM): Text '12' is set on object 'Object Repository/RecAndPlayBk/Page-Vlink-AuthOnly/input_Card ex month_card_exmo'

2024-05-16 00:25:17 - [MESSAGE][PASSED] - Text '12' is set on object 'Object Repository/RecAndPlayBk/Page-Vlink-AuthOnly/input_Card ex month_card_exmo'

2024-05-16 00:25:17 - [TEST_STEP][PASSED] - setText(findTestObject("Object Repository/RecAndPlayBk/Page-Vlink-AuthOnly/input_Card ex year_card_exyr"), exY): Text '2025' is set on object 'Object Repository/RecAndPlayBk/Page-Vlink-AuthOnly/input_Card ex year_card_exyr'

2024-05-16 00:25:17 - [MESSAGE][PASSED] - Text '2025' is set on object 'Object Repository/RecAndPlayBk/Page-Vlink-AuthOnly/input_Card ex year_card_exyr'

2024-05-16 00:25:17 - [TEST_STEP][PASSED] - setText(findTestObject("Object Repository/RecAndPlayBk/Page-Vlink-AuthOnly/input_Track Data_track_data"), ""): Text '' is set on object 'Object Repository/RecAndPlayBk/Page-Vlink-AuthOnly/input_Track Data_track_data'

2024-05-16 00:25:18 - [MESSAGE][PASSED] - Text '' is set on object 'Object Repository/RecAndPlayBk/Page-Vlink-AuthOnly/input_Track Data_track_data'

2024-05-16 00:25:18 - [TEST_STEP][PASSED] - setText(findTestObject("Object Repository/RecAndPlayBk/Page-Vlink-AuthOnly/input_concat(Cardholder, , s email)_email"), ""): Text '' is set on object 'Object Repository/RecAndPlayBk/Page-Vlink-AuthOnly/input_concat(Cardholder, , s email)_email'

2024-05-16 00:25:19 - [MESSAGE][PASSED] - Text '' is set on object 'Object Repository/RecAndPlayBk/Page-Vlink-AuthOnly/input_concat(Cardholder, , s email)_email'

2024-05-16 00:25:19 - [TEST_STEP][PASSED] - click(findTestObject("Object Repository/RecAndPlayBk/Page-Vlink-AuthOnly/input_user_defined10_user_defined10")): Object: 'Object Repository/RecAndPlayBk/Page-Vlink-AuthOnly/input_user_defined10_user_defined10' is clicked on

2024-05-16 00:25:19 - [MESSAGE][PASSED] - Object: 'Object Repository/RecAndPlayBk/Page-Vlink-AuthOnly/input_user_defined10_user_defined10' is clicked on

2024-05-16 00:25:19 - [TEST_STEP][PASSED] - setText(findTestObject("Object Repository/RecAndPlayBk/Page-Vlink-AuthOnly/input_Card on File Indicator_card_on_file_i_157dae"), ""): Text '' is set on object 'Object Repository/RecAndPlayBk/Page-Vlink-AuthOnly/input_Card on File Indicator_card_on_file_i_157dae'

2024-05-16 00:25:20 - [MESSAGE][PASSED] - Text '' is set on object 'Object Repository/RecAndPlayBk/Page-Vlink-AuthOnly/input_Card on File Indicator_card_on_file_i_157dae'

2024-05-16 00:25:20 - [TEST_STEP][PASSED] - setText(findTestObject("Object Repository/RecAndPlayBk/Page-Vlink-AuthOnly/input_Stored Credential Indicator_stored_cr_4ae73c"), ""): Text '' is set on object 'Object Repository/RecAndPlayBk/Page-Vlink-AuthOnly/input_Stored Credential Indicator_stored_cr_4ae73c'

2024-05-16 00:25:20 - [MESSAGE][PASSED] - Text '' is set on object 'Object Repository/RecAndPlayBk/Page-Vlink-AuthOnly/input_Stored Credential Indicator_stored_cr_4ae73c'

2024-05-16 00:25:20 - [TEST_STEP][PASSED] - setText(findTestObject("Object Repository/RecAndPlayBk/Page-Vlink-AuthOnly/input_COF Scheduled indicator_cof_scheduled_8df7d8"), ""): Text '' is set on object 'Object Repository/RecAndPlayBk/Page-Vlink-AuthOnly/input_COF Scheduled indicator_cof_scheduled_8df7d8'

2024-05-16 00:25:21 - [MESSAGE][PASSED] - Text '' is set on object 'Object Repository/RecAndPlayBk/Page-Vlink-AuthOnly/input_COF Scheduled indicator_cof_scheduled_8df7d8'

2024-05-16 00:25:21 - [TEST_STEP][PASSED] - setText(findTestObject("Object Repository/RecAndPlayBk/Page-Vlink-AuthOnly/input_COF Transaction Initiated by_cof_tran_6cded5"), ""): Text '' is set on object 'Object Repository/RecAndPlayBk/Page-Vlink-AuthOnly/input_COF Transaction Initiated by_cof_tran_6cded5'

2024-05-16 00:25:22 - [MESSAGE][PASSED] - Text '' is set on object 'Object Repository/RecAndPlayBk/Page-Vlink-AuthOnly/input_COF Transaction Initiated by_cof_tran_6cded5'

2024-05-16 00:25:22 - [TEST_STEP][PASSED] - click(findTestObject("Object Repository/RecAndPlayBk/Page-Vlink-AuthOnly/input")): Object: 'Object Repository/RecAndPlayBk/Page-Vlink-AuthOnly/input' is clicked on

2024-05-16 00:25:22 - [MESSAGE][PASSED] - Object: 'Object Repository/RecAndPlayBk/Page-Vlink-AuthOnly/input' is clicked on

2024-05-16 00:25:22 - [TEST_STEP][PASSED] - if (verifyTextPresent(errorMsg, true)): null

2024-05-16 00:25:23 - [MESSAGE][PASSED] - Text 'card_address' is present on page  using regular expression

2024-05-16 00:25:23 - [TEST_STEP][PASSED] - println("Error Message is present on the Confirmation page"): null

2024-05-16 00:25:23 - [TEST_STEP][PASSED] - out.println("Pass Record Number: " + row): null

2024-05-16 00:25:23 - [TEST_STEP][PASSED] - resText = "Pass": null

2024-05-16 00:25:23 - [TEST_STEP][PASSED] - pages.WriteExcel.demoKey(resText, datText, resColumn, datCloumn, fileLoc, nameSheet, row): pages.WriteExcel.demoKey is PASSED

2024-05-16 00:25:23 - [MESSAGE][PASSED] - pages.WriteExcel.demoKey is PASSED

2024-05-16 00:25:23 - [TEST_STEP][PASSED] - ExecuteTC = findTestData(dataFile).getValue("Execute", row): null

2024-05-16 00:25:23 - [TEST_STEP][PASSED] - out.println("Value of Execute is : " + ExecuteTC): null

2024-05-16 00:25:23 - [TEST_STEP][PASSED] - if (ExecuteTC.equalsIgnoreCase("Y")): null

2024-05-16 00:25:23 - [TEST_STEP][PASSED] - out.println("Begin Record Number: " + row): null

2024-05-16 00:25:23 - [TEST_STEP][PASSED] - today = new java.util.Date(): null

2024-05-16 00:25:23 - [TEST_STEP][PASSED] - println(today): null

2024-05-16 00:25:23 - [TEST_STEP][PASSED] - datText = today: null

2024-05-16 00:25:23 - [TEST_STEP][PASSED] - errorMsg = findTestData(dataFile).getValue("ErrorMsg", row): null

2024-05-16 00:25:23 - [TEST_STEP][PASSED] - appID = findTestData(dataFile).getValue("AppID", row): null

2024-05-16 00:25:23 - [TEST_STEP][PASSED] - username = findTestData(dataFile).getValue("Username", row): null

2024-05-16 00:25:23 - [TEST_STEP][PASSED] - password = findTestData(dataFile).getValue("Password", row): null

2024-05-16 00:25:23 - [TEST_STEP][PASSED] - tranType = findTestData(dataFile).getValue("TranType", row): null

2024-05-16 00:25:23 - [TEST_STEP][PASSED] - mv = findTestData(dataFile).getValue("MV", row): null

2024-05-16 00:25:23 - [TEST_STEP][PASSED] - resFormat = findTestData(dataFile).getValue("ResFormat", row): null

2024-05-16 00:25:23 - [TEST_STEP][PASSED] - category = findTestData(dataFile).getValue("Category", row): null

2024-05-16 00:25:24 - [TEST_STEP][PASSED] - amount = findTestData(dataFile).getValue("Amount", row): null

2024-05-16 00:25:24 - [TEST_STEP][PASSED] - cardName = findTestData(dataFile).getValue("CardName", row): null

2024-05-16 00:25:24 - [TEST_STEP][PASSED] - al1 = findTestData(dataFile).getValue("AL1", row): null

2024-05-16 00:25:24 - [TEST_STEP][PASSED] - city = findTestData(dataFile).getValue("City", row): null

2024-05-16 00:25:24 - [TEST_STEP][PASSED] - state = findTestData(dataFile).getValue("State", row): null

2024-05-16 00:25:24 - [TEST_STEP][PASSED] - zip = findTestData(dataFile).getValue("ZIP", row): null

2024-05-16 00:25:24 - [TEST_STEP][PASSED] - cardNumber = findTestData(dataFile).getValue("CardNumber", row): null

2024-05-16 00:25:24 - [TEST_STEP][PASSED] - exM = findTestData(dataFile).getValue("ExM", row): null

2024-05-16 00:25:24 - [TEST_STEP][PASSED] - exY = findTestData(dataFile).getValue("ExY", row): null

2024-05-16 00:25:24 - [TEST_STEP][PASSED] - openBrowser(VLinkURL + "auth.html"): Browser is opened with url: 'https://dev-algorithm.govolution.com/vlinktest/QA2/version_2_0/auth.html'

2024-05-16 00:25:24 - [MESSAGE][WARNING] - A browser is already opened. Closing browser and opening a new one

2024-05-16 00:25:26 - [MESSAGE][INFO] - Starting 'Chrome' driver

2024-05-16 00:25:26 - [MESSAGE][INFO] - User set preference: ['acceptInsecureCerts', 'true']

2024-05-16 00:25:26 - [MESSAGE][INFO] - Action delay is set to 0 milliseconds

2024-05-16 00:25:28 - [MESSAGE][PASSED] - Browser is opened with url: 'https://dev-algorithm.govolution.com/vlinktest/QA2/version_2_0/auth.html'

2024-05-16 00:25:28 - [TEST_STEP][PASSED] - maximizeWindow(): Current window maximized

2024-05-16 00:25:28 - [MESSAGE][PASSED] - Current window maximized

2024-05-16 00:25:28 - [TEST_STEP][PASSED] - maximizeWindow(): Current window maximized

2024-05-16 00:25:28 - [MESSAGE][PASSED] - Current window maximized

2024-05-16 00:25:28 - [TEST_STEP][PASSED] - setText(findTestObject("Object Repository/RecAndPlayBk/Page-Vlink-AuthOnly/txt_TransactionType"), tranType): Text '104' is set on object 'Object Repository/RecAndPlayBk/Page-Vlink-AuthOnly/txt_TransactionType'

2024-05-16 00:25:29 - [MESSAGE][PASSED] - Text '104' is set on object 'Object Repository/RecAndPlayBk/Page-Vlink-AuthOnly/txt_TransactionType'

2024-05-16 00:25:29 - [TEST_STEP][PASSED] - setText(findTestObject("Object Repository/RecAndPlayBk/Page-Vlink-AuthOnly/txt_MessageVersion"), mv): Text '2.0C' is set on object 'Object Repository/RecAndPlayBk/Page-Vlink-AuthOnly/txt_MessageVersion'

2024-05-16 00:25:29 - [MESSAGE][PASSED] - Text '2.0C' is set on object 'Object Repository/RecAndPlayBk/Page-Vlink-AuthOnly/txt_MessageVersion'

2024-05-16 00:25:29 - [TEST_STEP][PASSED] - genRemID = RandomStringUtils.random(12, true, true): null

2024-05-16 00:25:29 - [TEST_STEP][PASSED] - setText(findTestObject("Object Repository/RecAndPlayBk/Page-Vlink-AuthOnly/input_Remittance Id_remittance_id"), genRemID): Text 'dbYqmSfLBzKE' is set on object 'Object Repository/RecAndPlayBk/Page-Vlink-AuthOnly/input_Remittance Id_remittance_id'

2024-05-16 00:25:30 - [MESSAGE][PASSED] - Text 'dbYqmSfLBzKE' is set on object 'Object Repository/RecAndPlayBk/Page-Vlink-AuthOnly/input_Remittance Id_remittance_id'

2024-05-16 00:25:30 - [TEST_STEP][PASSED] - setText(findTestObject("Object Repository/RecAndPlayBk/Page-Vlink-AuthOnly/input_Application Id_application_id"), appID): Text '234' is set on object 'Object Repository/RecAndPlayBk/Page-Vlink-AuthOnly/input_Application Id_application_id'

2024-05-16 00:25:31 - [MESSAGE][PASSED] - Text '234' is set on object 'Object Repository/RecAndPlayBk/Page-Vlink-AuthOnly/input_Application Id_application_id'

2024-05-16 00:25:31 - [TEST_STEP][PASSED] - setText(findTestObject("Object Repository/RecAndPlayBk/Page-Vlink-AuthOnly/input_Username_username"), username): Text 'username' is set on object 'Object Repository/RecAndPlayBk/Page-Vlink-AuthOnly/input_Username_username'

2024-05-16 00:25:31 - [MESSAGE][PASSED] - Text 'username' is set on object 'Object Repository/RecAndPlayBk/Page-Vlink-AuthOnly/input_Username_username'

2024-05-16 00:25:31 - [TEST_STEP][PASSED] - setText(findTestObject("Object Repository/RecAndPlayBk/Page-Vlink-AuthOnly/input_Password_password"), password): Text 'password' is set on object 'Object Repository/RecAndPlayBk/Page-Vlink-AuthOnly/input_Password_password'

2024-05-16 00:25:32 - [MESSAGE][PASSED] - Text 'password' is set on object 'Object Repository/RecAndPlayBk/Page-Vlink-AuthOnly/input_Password_password'

2024-05-16 00:25:32 - [TEST_STEP][PASSED] - setText(findTestObject("Object Repository/RecAndPlayBk/Page-Vlink-AuthOnly/txt_ResponseFormat"), resFormat): Text 'fixed_width' is set on object 'Object Repository/RecAndPlayBk/Page-Vlink-AuthOnly/txt_ResponseFormat'

2024-05-16 00:25:33 - [MESSAGE][PASSED] - Text 'fixed_width' is set on object 'Object Repository/RecAndPlayBk/Page-Vlink-AuthOnly/txt_ResponseFormat'

2024-05-16 00:25:33 - [TEST_STEP][PASSED] - setText(findTestObject("Object Repository/RecAndPlayBk/Page-Vlink-AuthOnly/input_Category_category"), category): Text 'MOTO' is set on object 'Object Repository/RecAndPlayBk/Page-Vlink-AuthOnly/input_Category_category'

2024-05-16 00:25:33 - [MESSAGE][PASSED] - Text 'MOTO' is set on object 'Object Repository/RecAndPlayBk/Page-Vlink-AuthOnly/input_Category_category'

2024-05-16 00:25:33 - [TEST_STEP][PASSED] - setText(findTestObject("Object Repository/RecAndPlayBk/Page-Vlink-AuthOnly/txt_CardName"), cardName): Text 'Kris Roshan' is set on object 'Object Repository/RecAndPlayBk/Page-Vlink-AuthOnly/txt_CardName'

2024-05-16 00:25:34 - [MESSAGE][PASSED] - Text 'Kris Roshan' is set on object 'Object Repository/RecAndPlayBk/Page-Vlink-AuthOnly/txt_CardName'

2024-05-16 00:25:34 - [TEST_STEP][PASSED] - setText(findTestObject("Object Repository/RecAndPlayBk/Page-Vlink-AuthOnly/txt_AL1"), al1): Text '' is set on object 'Object Repository/RecAndPlayBk/Page-Vlink-AuthOnly/txt_AL1'

2024-05-16 00:25:35 - [MESSAGE][PASSED] - Text '' is set on object 'Object Repository/RecAndPlayBk/Page-Vlink-AuthOnly/txt_AL1'

2024-05-16 00:25:35 - [TEST_STEP][PASSED] - setText(findTestObject("Object Repository/RecAndPlayBk/Page-Vlink-AuthOnly/txt_CardCity"), city): Text 'Arlington' is set on object 'Object Repository/RecAndPlayBk/Page-Vlink-AuthOnly/txt_CardCity'

2024-05-16 00:25:35 - [MESSAGE][PASSED] - Text 'Arlington' is set on object 'Object Repository/RecAndPlayBk/Page-Vlink-AuthOnly/txt_CardCity'

2024-05-16 00:25:35 - [TEST_STEP][PASSED] - setText(findTestObject("Object Repository/RecAndPlayBk/Page-Vlink-AuthOnly/txt_CardState"), state): Text 'VA' is set on object 'Object Repository/RecAndPlayBk/Page-Vlink-AuthOnly/txt_CardState'

2024-05-16 00:25:36 - [MESSAGE][PASSED] - Text 'VA' is set on object 'Object Repository/RecAndPlayBk/Page-Vlink-AuthOnly/txt_CardState'

2024-05-16 00:25:36 - [TEST_STEP][PASSED] - setText(findTestObject("Object Repository/RecAndPlayBk/Page-Vlink-AuthOnly/txt_CardZIP"), zip): Text '22201' is set on object 'Object Repository/RecAndPlayBk/Page-Vlink-AuthOnly/txt_CardZIP'

2024-05-16 00:25:37 - [MESSAGE][PASSED] - Text '22201' is set on object 'Object Repository/RecAndPlayBk/Page-Vlink-AuthOnly/txt_CardZIP'

2024-05-16 00:25:37 - [TEST_STEP][PASSED] - setText(findTestObject("Object Repository/RecAndPlayBk/Page-Vlink-AuthOnly/input_Amount_amount"), amount): Text '1.50' is set on object 'Object Repository/RecAndPlayBk/Page-Vlink-AuthOnly/input_Amount_amount'

2024-05-16 00:25:37 - [MESSAGE][PASSED] - Text '1.50' is set on object 'Object Repository/RecAndPlayBk/Page-Vlink-AuthOnly/input_Amount_amount'

2024-05-16 00:25:37 - [TEST_STEP][PASSED] - setText(findTestObject("Object Repository/RecAndPlayBk/Page-Vlink-AuthOnly/input_Card number_card_number"), cardNumber): Text '4111111111111111' is set on object 'Object Repository/RecAndPlayBk/Page-Vlink-AuthOnly/input_Card number_card_number'

2024-05-16 00:25:38 - [MESSAGE][PASSED] - Text '4111111111111111' is set on object 'Object Repository/RecAndPlayBk/Page-Vlink-AuthOnly/input_Card number_card_number'

2024-05-16 00:25:38 - [TEST_STEP][PASSED] - setText(findTestObject("Object Repository/RecAndPlayBk/Page-Vlink-AuthOnly/input_Card ex month_card_exmo"), exM): Text '12' is set on object 'Object Repository/RecAndPlayBk/Page-Vlink-AuthOnly/input_Card ex month_card_exmo'

2024-05-16 00:25:39 - [MESSAGE][PASSED] - Text '12' is set on object 'Object Repository/RecAndPlayBk/Page-Vlink-AuthOnly/input_Card ex month_card_exmo'

2024-05-16 00:25:39 - [TEST_STEP][PASSED] - setText(findTestObject("Object Repository/RecAndPlayBk/Page-Vlink-AuthOnly/input_Card ex year_card_exyr"), exY): Text '2025' is set on object 'Object Repository/RecAndPlayBk/Page-Vlink-AuthOnly/input_Card ex year_card_exyr'

2024-05-16 00:25:39 - [MESSAGE][PASSED] - Text '2025' is set on object 'Object Repository/RecAndPlayBk/Page-Vlink-AuthOnly/input_Card ex year_card_exyr'

2024-05-16 00:25:39 - [TEST_STEP][PASSED] - setText(findTestObject("Object Repository/RecAndPlayBk/Page-Vlink-AuthOnly/input_Track Data_track_data"), ""): Text '' is set on object 'Object Repository/RecAndPlayBk/Page-Vlink-AuthOnly/input_Track Data_track_data'

2024-05-16 00:25:40 - [MESSAGE][PASSED] - Text '' is set on object 'Object Repository/RecAndPlayBk/Page-Vlink-AuthOnly/input_Track Data_track_data'

2024-05-16 00:25:40 - [TEST_STEP][PASSED] - setText(findTestObject("Object Repository/RecAndPlayBk/Page-Vlink-AuthOnly/input_concat(Cardholder, , s email)_email"), ""): Text '' is set on object 'Object Repository/RecAndPlayBk/Page-Vlink-AuthOnly/input_concat(Cardholder, , s email)_email'

2024-05-16 00:25:41 - [MESSAGE][PASSED] - Text '' is set on object 'Object Repository/RecAndPlayBk/Page-Vlink-AuthOnly/input_concat(Cardholder, , s email)_email'

2024-05-16 00:25:41 - [TEST_STEP][PASSED] - click(findTestObject("Object Repository/RecAndPlayBk/Page-Vlink-AuthOnly/input_user_defined10_user_defined10")): Object: 'Object Repository/RecAndPlayBk/Page-Vlink-AuthOnly/input_user_defined10_user_defined10' is clicked on

2024-05-16 00:25:41 - [MESSAGE][PASSED] - Object: 'Object Repository/RecAndPlayBk/Page-Vlink-AuthOnly/input_user_defined10_user_defined10' is clicked on

2024-05-16 00:25:41 - [TEST_STEP][PASSED] - setText(findTestObject("Object Repository/RecAndPlayBk/Page-Vlink-AuthOnly/input_Card on File Indicator_card_on_file_i_157dae"), ""): Text '' is set on object 'Object Repository/RecAndPlayBk/Page-Vlink-AuthOnly/input_Card on File Indicator_card_on_file_i_157dae'

2024-05-16 00:25:42 - [MESSAGE][PASSED] - Text '' is set on object 'Object Repository/RecAndPlayBk/Page-Vlink-AuthOnly/input_Card on File Indicator_card_on_file_i_157dae'

2024-05-16 00:25:42 - [TEST_STEP][PASSED] - setText(findTestObject("Object Repository/RecAndPlayBk/Page-Vlink-AuthOnly/input_Stored Credential Indicator_stored_cr_4ae73c"), ""): Text '' is set on object 'Object Repository/RecAndPlayBk/Page-Vlink-AuthOnly/input_Stored Credential Indicator_stored_cr_4ae73c'

2024-05-16 00:25:42 - [MESSAGE][PASSED] - Text '' is set on object 'Object Repository/RecAndPlayBk/Page-Vlink-AuthOnly/input_Stored Credential Indicator_stored_cr_4ae73c'

2024-05-16 00:25:42 - [TEST_STEP][PASSED] - setText(findTestObject("Object Repository/RecAndPlayBk/Page-Vlink-AuthOnly/input_COF Scheduled indicator_cof_scheduled_8df7d8"), ""): Text '' is set on object 'Object Repository/RecAndPlayBk/Page-Vlink-AuthOnly/input_COF Scheduled indicator_cof_scheduled_8df7d8'

2024-05-16 00:25:43 - [MESSAGE][PASSED] - Text '' is set on object 'Object Repository/RecAndPlayBk/Page-Vlink-AuthOnly/input_COF Scheduled indicator_cof_scheduled_8df7d8'

2024-05-16 00:25:43 - [TEST_STEP][PASSED] - setText(findTestObject("Object Repository/RecAndPlayBk/Page-Vlink-AuthOnly/input_COF Transaction Initiated by_cof_tran_6cded5"), ""): Text '' is set on object 'Object Repository/RecAndPlayBk/Page-Vlink-AuthOnly/input_COF Transaction Initiated by_cof_tran_6cded5'

2024-05-16 00:25:43 - [MESSAGE][PASSED] - Text '' is set on object 'Object Repository/RecAndPlayBk/Page-Vlink-AuthOnly/input_COF Transaction Initiated by_cof_tran_6cded5'

2024-05-16 00:25:43 - [TEST_STEP][PASSED] - click(findTestObject("Object Repository/RecAndPlayBk/Page-Vlink-AuthOnly/input")): Object: 'Object Repository/RecAndPlayBk/Page-Vlink-AuthOnly/input' is clicked on

2024-05-16 00:25:44 - [MESSAGE][PASSED] - Object: 'Object Repository/RecAndPlayBk/Page-Vlink-AuthOnly/input' is clicked on

2024-05-16 00:25:44 - [TEST_STEP][PASSED] - if (verifyTextPresent(errorMsg, true)): null

2024-05-16 00:25:44 - [MESSAGE][PASSED] - Text 'card_address' is present on page  using regular expression

2024-05-16 00:25:44 - [TEST_STEP][PASSED] - println("Error Message is present on the Confirmation page"): null

2024-05-16 00:25:44 - [TEST_STEP][PASSED] - out.println("Pass Record Number: " + row): null

2024-05-16 00:25:44 - [TEST_STEP][PASSED] - resText = "Pass": null

2024-05-16 00:25:44 - [TEST_STEP][PASSED] - pages.WriteExcel.demoKey(resText, datText, resColumn, datCloumn, fileLoc, nameSheet, row): pages.WriteExcel.demoKey is PASSED

2024-05-16 00:25:45 - [MESSAGE][PASSED] - pages.WriteExcel.demoKey is PASSED

2024-05-16 00:25:45 - [TEST_STEP][PASSED] - ExecuteTC = findTestData(dataFile).getValue("Execute", row): null

2024-05-16 00:25:45 - [TEST_STEP][PASSED] - out.println("Value of Execute is : " + ExecuteTC): null

2024-05-16 00:25:45 - [TEST_STEP][PASSED] - if (ExecuteTC.equalsIgnoreCase("Y")): null

2024-05-16 00:25:45 - [TEST_STEP][PASSED] - out.println("Begin Record Number: " + row): null

2024-05-16 00:25:45 - [TEST_STEP][PASSED] - today = new java.util.Date(): null

2024-05-16 00:25:45 - [TEST_STEP][PASSED] - println(today): null

2024-05-16 00:25:45 - [TEST_STEP][PASSED] - datText = today: null

2024-05-16 00:25:45 - [TEST_STEP][PASSED] - errorMsg = findTestData(dataFile).getValue("ErrorMsg", row): null

2024-05-16 00:25:45 - [TEST_STEP][PASSED] - appID = findTestData(dataFile).getValue("AppID", row): null

2024-05-16 00:25:45 - [TEST_STEP][PASSED] - username = findTestData(dataFile).getValue("Username", row): null

2024-05-16 00:25:45 - [TEST_STEP][PASSED] - password = findTestData(dataFile).getValue("Password", row): null

2024-05-16 00:25:45 - [TEST_STEP][PASSED] - tranType = findTestData(dataFile).getValue("TranType", row): null

2024-05-16 00:25:45 - [TEST_STEP][PASSED] - mv = findTestData(dataFile).getValue("MV", row): null

2024-05-16 00:25:45 - [TEST_STEP][PASSED] - resFormat = findTestData(dataFile).getValue("ResFormat", row): null

2024-05-16 00:25:45 - [TEST_STEP][PASSED] - category = findTestData(dataFile).getValue("Category", row): null

2024-05-16 00:25:45 - [TEST_STEP][PASSED] - amount = findTestData(dataFile).getValue("Amount", row): null

2024-05-16 00:25:45 - [TEST_STEP][PASSED] - cardName = findTestData(dataFile).getValue("CardName", row): null

2024-05-16 00:25:46 - [TEST_STEP][PASSED] - al1 = findTestData(dataFile).getValue("AL1", row): null

2024-05-16 00:25:46 - [TEST_STEP][PASSED] - city = findTestData(dataFile).getValue("City", row): null

2024-05-16 00:25:46 - [TEST_STEP][PASSED] - state = findTestData(dataFile).getValue("State", row): null

2024-05-16 00:25:46 - [TEST_STEP][PASSED] - zip = findTestData(dataFile).getValue("ZIP", row): null

2024-05-16 00:25:46 - [TEST_STEP][PASSED] - cardNumber = findTestData(dataFile).getValue("CardNumber", row): null

2024-05-16 00:25:46 - [TEST_STEP][PASSED] - exM = findTestData(dataFile).getValue("ExM", row): null

2024-05-16 00:25:46 - [TEST_STEP][PASSED] - exY = findTestData(dataFile).getValue("ExY", row): null

2024-05-16 00:25:46 - [TEST_STEP][PASSED] - openBrowser(VLinkURL + "auth.html"): Browser is opened with url: 'https://dev-algorithm.govolution.com/vlinktest/QA2/version_2_0/auth.html'

2024-05-16 00:25:46 - [MESSAGE][WARNING] - A browser is already opened. Closing browser and opening a new one

2024-05-16 00:25:47 - [MESSAGE][INFO] - Starting 'Chrome' driver

2024-05-16 00:25:47 - [MESSAGE][INFO] - User set preference: ['acceptInsecureCerts', 'true']

2024-05-16 00:25:47 - [MESSAGE][INFO] - Action delay is set to 0 milliseconds

2024-05-16 00:25:49 - [MESSAGE][PASSED] - Browser is opened with url: 'https://dev-algorithm.govolution.com/vlinktest/QA2/version_2_0/auth.html'

2024-05-16 00:25:49 - [TEST_STEP][PASSED] - maximizeWindow(): Current window maximized

2024-05-16 00:25:50 - [MESSAGE][PASSED] - Current window maximized

2024-05-16 00:25:50 - [TEST_STEP][PASSED] - maximizeWindow(): Current window maximized

2024-05-16 00:25:50 - [MESSAGE][PASSED] - Current window maximized

2024-05-16 00:25:50 - [TEST_STEP][PASSED] - setText(findTestObject("Object Repository/RecAndPlayBk/Page-Vlink-AuthOnly/txt_TransactionType"), tranType): Text '104' is set on object 'Object Repository/RecAndPlayBk/Page-Vlink-AuthOnly/txt_TransactionType'

2024-05-16 00:25:51 - [MESSAGE][PASSED] - Text '104' is set on object 'Object Repository/RecAndPlayBk/Page-Vlink-AuthOnly/txt_TransactionType'

2024-05-16 00:25:51 - [TEST_STEP][PASSED] - setText(findTestObject("Object Repository/RecAndPlayBk/Page-Vlink-AuthOnly/txt_MessageVersion"), mv): Text '2.0C' is set on object 'Object Repository/RecAndPlayBk/Page-Vlink-AuthOnly/txt_MessageVersion'

2024-05-16 00:25:51 - [MESSAGE][PASSED] - Text '2.0C' is set on object 'Object Repository/RecAndPlayBk/Page-Vlink-AuthOnly/txt_MessageVersion'

2024-05-16 00:25:51 - [TEST_STEP][PASSED] - genRemID = RandomStringUtils.random(12, true, true): null

2024-05-16 00:25:51 - [TEST_STEP][PASSED] - setText(findTestObject("Object Repository/RecAndPlayBk/Page-Vlink-AuthOnly/input_Remittance Id_remittance_id"), genRemID): Text 'Pq6ZGyC8n0KF' is set on object 'Object Repository/RecAndPlayBk/Page-Vlink-AuthOnly/input_Remittance Id_remittance_id'

2024-05-16 00:25:52 - [MESSAGE][PASSED] - Text 'Pq6ZGyC8n0KF' is set on object 'Object Repository/RecAndPlayBk/Page-Vlink-AuthOnly/input_Remittance Id_remittance_id'

2024-05-16 00:25:52 - [TEST_STEP][PASSED] - setText(findTestObject("Object Repository/RecAndPlayBk/Page-Vlink-AuthOnly/input_Application Id_application_id"), appID): Text '234' is set on object 'Object Repository/RecAndPlayBk/Page-Vlink-AuthOnly/input_Application Id_application_id'

2024-05-16 00:25:53 - [MESSAGE][PASSED] - Text '234' is set on object 'Object Repository/RecAndPlayBk/Page-Vlink-AuthOnly/input_Application Id_application_id'

2024-05-16 00:25:53 - [TEST_STEP][PASSED] - setText(findTestObject("Object Repository/RecAndPlayBk/Page-Vlink-AuthOnly/input_Username_username"), username): Text 'username' is set on object 'Object Repository/RecAndPlayBk/Page-Vlink-AuthOnly/input_Username_username'

2024-05-16 00:25:53 - [MESSAGE][PASSED] - Text 'username' is set on object 'Object Repository/RecAndPlayBk/Page-Vlink-AuthOnly/input_Username_username'

2024-05-16 00:25:53 - [TEST_STEP][PASSED] - setText(findTestObject("Object Repository/RecAndPlayBk/Page-Vlink-AuthOnly/input_Password_password"), password): Text 'password' is set on object 'Object Repository/RecAndPlayBk/Page-Vlink-AuthOnly/input_Password_password'

2024-05-16 00:25:54 - [MESSAGE][PASSED] - Text 'password' is set on object 'Object Repository/RecAndPlayBk/Page-Vlink-AuthOnly/input_Password_password'

2024-05-16 00:25:54 - [TEST_STEP][PASSED] - setText(findTestObject("Object Repository/RecAndPlayBk/Page-Vlink-AuthOnly/txt_ResponseFormat"), resFormat): Text 'fixed_width' is set on object 'Object Repository/RecAndPlayBk/Page-Vlink-AuthOnly/txt_ResponseFormat'

2024-05-16 00:25:55 - [MESSAGE][PASSED] - Text 'fixed_width' is set on object 'Object Repository/RecAndPlayBk/Page-Vlink-AuthOnly/txt_ResponseFormat'

2024-05-16 00:25:55 - [TEST_STEP][PASSED] - setText(findTestObject("Object Repository/RecAndPlayBk/Page-Vlink-AuthOnly/input_Category_category"), category): Text 'ECOM' is set on object 'Object Repository/RecAndPlayBk/Page-Vlink-AuthOnly/input_Category_category'

2024-05-16 00:25:55 - [MESSAGE][PASSED] - Text 'ECOM' is set on object 'Object Repository/RecAndPlayBk/Page-Vlink-AuthOnly/input_Category_category'

2024-05-16 00:25:55 - [TEST_STEP][PASSED] - setText(findTestObject("Object Repository/RecAndPlayBk/Page-Vlink-AuthOnly/txt_CardName"), cardName): Text 'Kris Roshan' is set on object 'Object Repository/RecAndPlayBk/Page-Vlink-AuthOnly/txt_CardName'

2024-05-16 00:25:56 - [MESSAGE][PASSED] - Text 'Kris Roshan' is set on object 'Object Repository/RecAndPlayBk/Page-Vlink-AuthOnly/txt_CardName'

2024-05-16 00:25:56 - [TEST_STEP][PASSED] - setText(findTestObject("Object Repository/RecAndPlayBk/Page-Vlink-AuthOnly/txt_AL1"), al1): Text '258 Elm Road' is set on object 'Object Repository/RecAndPlayBk/Page-Vlink-AuthOnly/txt_AL1'

2024-05-16 00:25:57 - [MESSAGE][PASSED] - Text '258 Elm Road' is set on object 'Object Repository/RecAndPlayBk/Page-Vlink-AuthOnly/txt_AL1'

2024-05-16 00:25:57 - [TEST_STEP][PASSED] - setText(findTestObject("Object Repository/RecAndPlayBk/Page-Vlink-AuthOnly/txt_CardCity"), city): Text 'Arlington' is set on object 'Object Repository/RecAndPlayBk/Page-Vlink-AuthOnly/txt_CardCity'

2024-05-16 00:25:57 - [MESSAGE][PASSED] - Text 'Arlington' is set on object 'Object Repository/RecAndPlayBk/Page-Vlink-AuthOnly/txt_CardCity'

2024-05-16 00:25:57 - [TEST_STEP][PASSED] - setText(findTestObject("Object Repository/RecAndPlayBk/Page-Vlink-AuthOnly/txt_CardState"), state): Text 'VA' is set on object 'Object Repository/RecAndPlayBk/Page-Vlink-AuthOnly/txt_CardState'

2024-05-16 00:25:58 - [MESSAGE][PASSED] - Text 'VA' is set on object 'Object Repository/RecAndPlayBk/Page-Vlink-AuthOnly/txt_CardState'

2024-05-16 00:25:58 - [TEST_STEP][PASSED] - setText(findTestObject("Object Repository/RecAndPlayBk/Page-Vlink-AuthOnly/txt_CardZIP"), zip): Text '' is set on object 'Object Repository/RecAndPlayBk/Page-Vlink-AuthOnly/txt_CardZIP'

2024-05-16 00:25:58 - [MESSAGE][PASSED] - Text '' is set on object 'Object Repository/RecAndPlayBk/Page-Vlink-AuthOnly/txt_CardZIP'

2024-05-16 00:25:58 - [TEST_STEP][PASSED] - setText(findTestObject("Object Repository/RecAndPlayBk/Page-Vlink-AuthOnly/input_Amount_amount"), amount): Text '1.50' is set on object 'Object Repository/RecAndPlayBk/Page-Vlink-AuthOnly/input_Amount_amount'

2024-05-16 00:25:59 - [MESSAGE][PASSED] - Text '1.50' is set on object 'Object Repository/RecAndPlayBk/Page-Vlink-AuthOnly/input_Amount_amount'

2024-05-16 00:25:59 - [TEST_STEP][PASSED] - setText(findTestObject("Object Repository/RecAndPlayBk/Page-Vlink-AuthOnly/input_Card number_card_number"), cardNumber): Text '4111111111111111' is set on object 'Object Repository/RecAndPlayBk/Page-Vlink-AuthOnly/input_Card number_card_number'

2024-05-16 00:26:00 - [MESSAGE][PASSED] - Text '4111111111111111' is set on object 'Object Repository/RecAndPlayBk/Page-Vlink-AuthOnly/input_Card number_card_number'

2024-05-16 00:26:00 - [TEST_STEP][PASSED] - setText(findTestObject("Object Repository/RecAndPlayBk/Page-Vlink-AuthOnly/input_Card ex month_card_exmo"), exM): Text '12' is set on object 'Object Repository/RecAndPlayBk/Page-Vlink-AuthOnly/input_Card ex month_card_exmo'

2024-05-16 00:26:01 - [MESSAGE][PASSED] - Text '12' is set on object 'Object Repository/RecAndPlayBk/Page-Vlink-AuthOnly/input_Card ex month_card_exmo'

2024-05-16 00:26:01 - [TEST_STEP][PASSED] - setText(findTestObject("Object Repository/RecAndPlayBk/Page-Vlink-AuthOnly/input_Card ex year_card_exyr"), exY): Text '2025' is set on object 'Object Repository/RecAndPlayBk/Page-Vlink-AuthOnly/input_Card ex year_card_exyr'

2024-05-16 00:26:01 - [MESSAGE][PASSED] - Text '2025' is set on object 'Object Repository/RecAndPlayBk/Page-Vlink-AuthOnly/input_Card ex year_card_exyr'

2024-05-16 00:26:01 - [TEST_STEP][PASSED] - setText(findTestObject("Object Repository/RecAndPlayBk/Page-Vlink-AuthOnly/input_Track Data_track_data"), ""): Text '' is set on object 'Object Repository/RecAndPlayBk/Page-Vlink-AuthOnly/input_Track Data_track_data'

2024-05-16 00:26:02 - [MESSAGE][PASSED] - Text '' is set on object 'Object Repository/RecAndPlayBk/Page-Vlink-AuthOnly/input_Track Data_track_data'

2024-05-16 00:26:02 - [TEST_STEP][PASSED] - setText(findTestObject("Object Repository/RecAndPlayBk/Page-Vlink-AuthOnly/input_concat(Cardholder, , s email)_email"), ""): Text '' is set on object 'Object Repository/RecAndPlayBk/Page-Vlink-AuthOnly/input_concat(Cardholder, , s email)_email'

2024-05-16 00:26:03 - [MESSAGE][PASSED] - Text '' is set on object 'Object Repository/RecAndPlayBk/Page-Vlink-AuthOnly/input_concat(Cardholder, , s email)_email'

2024-05-16 00:26:03 - [TEST_STEP][PASSED] - click(findTestObject("Object Repository/RecAndPlayBk/Page-Vlink-AuthOnly/input_user_defined10_user_defined10")): Object: 'Object Repository/RecAndPlayBk/Page-Vlink-AuthOnly/input_user_defined10_user_defined10' is clicked on

2024-05-16 00:26:03 - [MESSAGE][PASSED] - Object: 'Object Repository/RecAndPlayBk/Page-Vlink-AuthOnly/input_user_defined10_user_defined10' is clicked on

2024-05-16 00:26:03 - [TEST_STEP][PASSED] - setText(findTestObject("Object Repository/RecAndPlayBk/Page-Vlink-AuthOnly/input_Card on File Indicator_card_on_file_i_157dae"), ""): Text '' is set on object 'Object Repository/RecAndPlayBk/Page-Vlink-AuthOnly/input_Card on File Indicator_card_on_file_i_157dae'

2024-05-16 00:26:04 - [MESSAGE][PASSED] - Text '' is set on object 'Object Repository/RecAndPlayBk/Page-Vlink-AuthOnly/input_Card on File Indicator_card_on_file_i_157dae'

2024-05-16 00:26:04 - [TEST_STEP][PASSED] - setText(findTestObject("Object Repository/RecAndPlayBk/Page-Vlink-AuthOnly/input_Stored Credential Indicator_stored_cr_4ae73c"), ""): Text '' is set on object 'Object Repository/RecAndPlayBk/Page-Vlink-AuthOnly/input_Stored Credential Indicator_stored_cr_4ae73c'

2024-05-16 00:26:04 - [MESSAGE][PASSED] - Text '' is set on object 'Object Repository/RecAndPlayBk/Page-Vlink-AuthOnly/input_Stored Credential Indicator_stored_cr_4ae73c'

2024-05-16 00:26:04 - [TEST_STEP][PASSED] - setText(findTestObject("Object Repository/RecAndPlayBk/Page-Vlink-AuthOnly/input_COF Scheduled indicator_cof_scheduled_8df7d8"), ""): Text '' is set on object 'Object Repository/RecAndPlayBk/Page-Vlink-AuthOnly/input_COF Scheduled indicator_cof_scheduled_8df7d8'

2024-05-16 00:26:05 - [MESSAGE][PASSED] - Text '' is set on object 'Object Repository/RecAndPlayBk/Page-Vlink-AuthOnly/input_COF Scheduled indicator_cof_scheduled_8df7d8'

2024-05-16 00:26:05 - [TEST_STEP][PASSED] - setText(findTestObject("Object Repository/RecAndPlayBk/Page-Vlink-AuthOnly/input_COF Transaction Initiated by_cof_tran_6cded5"), ""): Text '' is set on object 'Object Repository/RecAndPlayBk/Page-Vlink-AuthOnly/input_COF Transaction Initiated by_cof_tran_6cded5'

2024-05-16 00:26:06 - [MESSAGE][PASSED] - Text '' is set on object 'Object Repository/RecAndPlayBk/Page-Vlink-AuthOnly/input_COF Transaction Initiated by_cof_tran_6cded5'

2024-05-16 00:26:06 - [TEST_STEP][PASSED] - click(findTestObject("Object Repository/RecAndPlayBk/Page-Vlink-AuthOnly/input")): Object: 'Object Repository/RecAndPlayBk/Page-Vlink-AuthOnly/input' is clicked on

2024-05-16 00:26:06 - [MESSAGE][PASSED] - Object: 'Object Repository/RecAndPlayBk/Page-Vlink-AuthOnly/input' is clicked on

2024-05-16 00:26:06 - [TEST_STEP][PASSED] - if (verifyTextPresent(errorMsg, true)): null

2024-05-16 00:26:06 - [MESSAGE][PASSED] - Text 'card_zip' is present on page  using regular expression

2024-05-16 00:26:06 - [TEST_STEP][PASSED] - println("Error Message is present on the Confirmation page"): null

2024-05-16 00:26:06 - [TEST_STEP][PASSED] - out.println("Pass Record Number: " + row): null

2024-05-16 00:26:06 - [TEST_STEP][PASSED] - resText = "Pass": null

2024-05-16 00:26:06 - [TEST_STEP][PASSED] - pages.WriteExcel.demoKey(resText, datText, resColumn, datCloumn, fileLoc, nameSheet, row): pages.WriteExcel.demoKey is PASSED

2024-05-16 00:26:07 - [MESSAGE][PASSED] - pages.WriteExcel.demoKey is PASSED

2024-05-16 00:26:07 - [TEST_STEP][PASSED] - ExecuteTC = findTestData(dataFile).getValue("Execute", row): null

2024-05-16 00:26:07 - [TEST_STEP][PASSED] - out.println("Value of Execute is : " + ExecuteTC): null

2024-05-16 00:26:07 - [TEST_STEP][PASSED] - if (ExecuteTC.equalsIgnoreCase("Y")): null

2024-05-16 00:26:07 - [TEST_STEP][PASSED] - out.println("Begin Record Number: " + row): null

2024-05-16 00:26:07 - [TEST_STEP][PASSED] - today = new java.util.Date(): null

2024-05-16 00:26:07 - [TEST_STEP][PASSED] - println(today): null

2024-05-16 00:26:07 - [TEST_STEP][PASSED] - datText = today: null

2024-05-16 00:26:07 - [TEST_STEP][PASSED] - errorMsg = findTestData(dataFile).getValue("ErrorMsg", row): null

2024-05-16 00:26:07 - [TEST_STEP][PASSED] - appID = findTestData(dataFile).getValue("AppID", row): null

2024-05-16 00:26:07 - [TEST_STEP][PASSED] - username = findTestData(dataFile).getValue("Username", row): null

2024-05-16 00:26:07 - [TEST_STEP][PASSED] - password = findTestData(dataFile).getValue("Password", row): null

2024-05-16 00:26:07 - [TEST_STEP][PASSED] - tranType = findTestData(dataFile).getValue("TranType", row): null

2024-05-16 00:26:07 - [TEST_STEP][PASSED] - mv = findTestData(dataFile).getValue("MV", row): null

2024-05-16 00:26:07 - [TEST_STEP][PASSED] - resFormat = findTestData(dataFile).getValue("ResFormat", row): null

2024-05-16 00:26:07 - [TEST_STEP][PASSED] - category = findTestData(dataFile).getValue("Category", row): null

2024-05-16 00:26:08 - [TEST_STEP][PASSED] - amount = findTestData(dataFile).getValue("Amount", row): null

2024-05-16 00:26:08 - [TEST_STEP][PASSED] - cardName = findTestData(dataFile).getValue("CardName", row): null

2024-05-16 00:26:08 - [TEST_STEP][PASSED] - al1 = findTestData(dataFile).getValue("AL1", row): null

2024-05-16 00:26:08 - [TEST_STEP][PASSED] - city = findTestData(dataFile).getValue("City", row): null

2024-05-16 00:26:08 - [TEST_STEP][PASSED] - state = findTestData(dataFile).getValue("State", row): null

2024-05-16 00:26:08 - [TEST_STEP][PASSED] - zip = findTestData(dataFile).getValue("ZIP", row): null

2024-05-16 00:26:08 - [TEST_STEP][PASSED] - cardNumber = findTestData(dataFile).getValue("CardNumber", row): null

2024-05-16 00:26:08 - [TEST_STEP][PASSED] - exM = findTestData(dataFile).getValue("ExM", row): null

2024-05-16 00:26:08 - [TEST_STEP][PASSED] - exY = findTestData(dataFile).getValue("ExY", row): null

2024-05-16 00:26:08 - [TEST_STEP][PASSED] - openBrowser(VLinkURL + "auth.html"): Browser is opened with url: 'https://dev-algorithm.govolution.com/vlinktest/QA2/version_2_0/auth.html'

2024-05-16 00:26:08 - [MESSAGE][WARNING] - A browser is already opened. Closing browser and opening a new one

2024-05-16 00:26:10 - [MESSAGE][INFO] - Starting 'Chrome' driver

2024-05-16 00:26:10 - [MESSAGE][INFO] - User set preference: ['acceptInsecureCerts', 'true']

2024-05-16 00:26:10 - [MESSAGE][INFO] - Action delay is set to 0 milliseconds

2024-05-16 00:26:12 - [MESSAGE][PASSED] - Browser is opened with url: 'https://dev-algorithm.govolution.com/vlinktest/QA2/version_2_0/auth.html'

2024-05-16 00:26:12 - [TEST_STEP][PASSED] - maximizeWindow(): Current window maximized

2024-05-16 00:26:12 - [MESSAGE][PASSED] - Current window maximized

2024-05-16 00:26:12 - [TEST_STEP][PASSED] - maximizeWindow(): Current window maximized

2024-05-16 00:26:12 - [MESSAGE][PASSED] - Current window maximized

2024-05-16 00:26:12 - [TEST_STEP][PASSED] - setText(findTestObject("Object Repository/RecAndPlayBk/Page-Vlink-AuthOnly/txt_TransactionType"), tranType): Text '104' is set on object 'Object Repository/RecAndPlayBk/Page-Vlink-AuthOnly/txt_TransactionType'

2024-05-16 00:26:13 - [MESSAGE][PASSED] - Text '104' is set on object 'Object Repository/RecAndPlayBk/Page-Vlink-AuthOnly/txt_TransactionType'

2024-05-16 00:26:13 - [TEST_STEP][PASSED] - setText(findTestObject("Object Repository/RecAndPlayBk/Page-Vlink-AuthOnly/txt_MessageVersion"), mv): Text '2.0C' is set on object 'Object Repository/RecAndPlayBk/Page-Vlink-AuthOnly/txt_MessageVersion'

2024-05-16 00:26:14 - [MESSAGE][PASSED] - Text '2.0C' is set on object 'Object Repository/RecAndPlayBk/Page-Vlink-AuthOnly/txt_MessageVersion'

2024-05-16 00:26:14 - [TEST_STEP][PASSED] - genRemID = RandomStringUtils.random(12, true, true): null

2024-05-16 00:26:14 - [TEST_STEP][PASSED] - setText(findTestObject("Object Repository/RecAndPlayBk/Page-Vlink-AuthOnly/input_Remittance Id_remittance_id"), genRemID): Text '33BT5fUd7M3j' is set on object 'Object Repository/RecAndPlayBk/Page-Vlink-AuthOnly/input_Remittance Id_remittance_id'

2024-05-16 00:26:14 - [MESSAGE][PASSED] - Text '33BT5fUd7M3j' is set on object 'Object Repository/RecAndPlayBk/Page-Vlink-AuthOnly/input_Remittance Id_remittance_id'

2024-05-16 00:26:14 - [TEST_STEP][PASSED] - setText(findTestObject("Object Repository/RecAndPlayBk/Page-Vlink-AuthOnly/input_Application Id_application_id"), appID): Text '234' is set on object 'Object Repository/RecAndPlayBk/Page-Vlink-AuthOnly/input_Application Id_application_id'

2024-05-16 00:26:15 - [MESSAGE][PASSED] - Text '234' is set on object 'Object Repository/RecAndPlayBk/Page-Vlink-AuthOnly/input_Application Id_application_id'

2024-05-16 00:26:15 - [TEST_STEP][PASSED] - setText(findTestObject("Object Repository/RecAndPlayBk/Page-Vlink-AuthOnly/input_Username_username"), username): Text 'username' is set on object 'Object Repository/RecAndPlayBk/Page-Vlink-AuthOnly/input_Username_username'

2024-05-16 00:26:16 - [MESSAGE][PASSED] - Text 'username' is set on object 'Object Repository/RecAndPlayBk/Page-Vlink-AuthOnly/input_Username_username'

2024-05-16 00:26:16 - [TEST_STEP][PASSED] - setText(findTestObject("Object Repository/RecAndPlayBk/Page-Vlink-AuthOnly/input_Password_password"), password): Text 'password' is set on object 'Object Repository/RecAndPlayBk/Page-Vlink-AuthOnly/input_Password_password'

2024-05-16 00:26:16 - [MESSAGE][PASSED] - Text 'password' is set on object 'Object Repository/RecAndPlayBk/Page-Vlink-AuthOnly/input_Password_password'

2024-05-16 00:26:16 - [TEST_STEP][PASSED] - setText(findTestObject("Object Repository/RecAndPlayBk/Page-Vlink-AuthOnly/txt_ResponseFormat"), resFormat): Text 'fixed_width' is set on object 'Object Repository/RecAndPlayBk/Page-Vlink-AuthOnly/txt_ResponseFormat'

2024-05-16 00:26:17 - [MESSAGE][PASSED] - Text 'fixed_width' is set on object 'Object Repository/RecAndPlayBk/Page-Vlink-AuthOnly/txt_ResponseFormat'

2024-05-16 00:26:17 - [TEST_STEP][PASSED] - setText(findTestObject("Object Repository/RecAndPlayBk/Page-Vlink-AuthOnly/input_Category_category"), category): Text 'MOTO' is set on object 'Object Repository/RecAndPlayBk/Page-Vlink-AuthOnly/input_Category_category'

2024-05-16 00:26:17 - [MESSAGE][PASSED] - Text 'MOTO' is set on object 'Object Repository/RecAndPlayBk/Page-Vlink-AuthOnly/input_Category_category'

2024-05-16 00:26:17 - [TEST_STEP][PASSED] - setText(findTestObject("Object Repository/RecAndPlayBk/Page-Vlink-AuthOnly/txt_CardName"), cardName): Text 'Kris Roshan' is set on object 'Object Repository/RecAndPlayBk/Page-Vlink-AuthOnly/txt_CardName'

2024-05-16 00:26:18 - [MESSAGE][PASSED] - Text 'Kris Roshan' is set on object 'Object Repository/RecAndPlayBk/Page-Vlink-AuthOnly/txt_CardName'

2024-05-16 00:26:18 - [TEST_STEP][PASSED] - setText(findTestObject("Object Repository/RecAndPlayBk/Page-Vlink-AuthOnly/txt_AL1"), al1): Text '258 Elm Road' is set on object 'Object Repository/RecAndPlayBk/Page-Vlink-AuthOnly/txt_AL1'

2024-05-16 00:26:19 - [MESSAGE][PASSED] - Text '258 Elm Road' is set on object 'Object Repository/RecAndPlayBk/Page-Vlink-AuthOnly/txt_AL1'

2024-05-16 00:26:19 - [TEST_STEP][PASSED] - setText(findTestObject("Object Repository/RecAndPlayBk/Page-Vlink-AuthOnly/txt_CardCity"), city): Text 'Arlington' is set on object 'Object Repository/RecAndPlayBk/Page-Vlink-AuthOnly/txt_CardCity'

2024-05-16 00:26:19 - [MESSAGE][PASSED] - Text 'Arlington' is set on object 'Object Repository/RecAndPlayBk/Page-Vlink-AuthOnly/txt_CardCity'

2024-05-16 00:26:19 - [TEST_STEP][PASSED] - setText(findTestObject("Object Repository/RecAndPlayBk/Page-Vlink-AuthOnly/txt_CardState"), state): Text 'VA' is set on object 'Object Repository/RecAndPlayBk/Page-Vlink-AuthOnly/txt_CardState'

2024-05-16 00:26:20 - [MESSAGE][PASSED] - Text 'VA' is set on object 'Object Repository/RecAndPlayBk/Page-Vlink-AuthOnly/txt_CardState'

2024-05-16 00:26:20 - [TEST_STEP][PASSED] - setText(findTestObject("Object Repository/RecAndPlayBk/Page-Vlink-AuthOnly/txt_CardZIP"), zip): Text '' is set on object 'Object Repository/RecAndPlayBk/Page-Vlink-AuthOnly/txt_CardZIP'

2024-05-16 00:26:21 - [MESSAGE][PASSED] - Text '' is set on object 'Object Repository/RecAndPlayBk/Page-Vlink-AuthOnly/txt_CardZIP'

2024-05-16 00:26:21 - [TEST_STEP][PASSED] - setText(findTestObject("Object Repository/RecAndPlayBk/Page-Vlink-AuthOnly/input_Amount_amount"), amount): Text '1.50' is set on object 'Object Repository/RecAndPlayBk/Page-Vlink-AuthOnly/input_Amount_amount'

2024-05-16 00:26:21 - [MESSAGE][PASSED] - Text '1.50' is set on object 'Object Repository/RecAndPlayBk/Page-Vlink-AuthOnly/input_Amount_amount'

2024-05-16 00:26:21 - [TEST_STEP][PASSED] - setText(findTestObject("Object Repository/RecAndPlayBk/Page-Vlink-AuthOnly/input_Card number_card_number"), cardNumber): Text '4111111111111111' is set on object 'Object Repository/RecAndPlayBk/Page-Vlink-AuthOnly/input_Card number_card_number'

2024-05-16 00:26:22 - [MESSAGE][PASSED] - Text '4111111111111111' is set on object 'Object Repository/RecAndPlayBk/Page-Vlink-AuthOnly/input_Card number_card_number'

2024-05-16 00:26:22 - [TEST_STEP][PASSED] - setText(findTestObject("Object Repository/RecAndPlayBk/Page-Vlink-AuthOnly/input_Card ex month_card_exmo"), exM): Text '12' is set on object 'Object Repository/RecAndPlayBk/Page-Vlink-AuthOnly/input_Card ex month_card_exmo'

2024-05-16 00:26:23 - [MESSAGE][PASSED] - Text '12' is set on object 'Object Repository/RecAndPlayBk/Page-Vlink-AuthOnly/input_Card ex month_card_exmo'

2024-05-16 00:26:23 - [TEST_STEP][PASSED] - setText(findTestObject("Object Repository/RecAndPlayBk/Page-Vlink-AuthOnly/input_Card ex year_card_exyr"), exY): Text '2025' is set on object 'Object Repository/RecAndPlayBk/Page-Vlink-AuthOnly/input_Card ex year_card_exyr'

2024-05-16 00:26:24 - [MESSAGE][PASSED] - Text '2025' is set on object 'Object Repository/RecAndPlayBk/Page-Vlink-AuthOnly/input_Card ex year_card_exyr'

2024-05-16 00:26:24 - [TEST_STEP][PASSED] - setText(findTestObject("Object Repository/RecAndPlayBk/Page-Vlink-AuthOnly/input_Track Data_track_data"), ""): Text '' is set on object 'Object Repository/RecAndPlayBk/Page-Vlink-AuthOnly/input_Track Data_track_data'

2024-05-16 00:26:24 - [MESSAGE][PASSED] - Text '' is set on object 'Object Repository/RecAndPlayBk/Page-Vlink-AuthOnly/input_Track Data_track_data'

2024-05-16 00:26:24 - [TEST_STEP][PASSED] - setText(findTestObject("Object Repository/RecAndPlayBk/Page-Vlink-AuthOnly/input_concat(Cardholder, , s email)_email"), ""): Text '' is set on object 'Object Repository/RecAndPlayBk/Page-Vlink-AuthOnly/input_concat(Cardholder, , s email)_email'

2024-05-16 00:26:25 - [MESSAGE][PASSED] - Text '' is set on object 'Object Repository/RecAndPlayBk/Page-Vlink-AuthOnly/input_concat(Cardholder, , s email)_email'

2024-05-16 00:26:25 - [TEST_STEP][PASSED] - click(findTestObject("Object Repository/RecAndPlayBk/Page-Vlink-AuthOnly/input_user_defined10_user_defined10")): Object: 'Object Repository/RecAndPlayBk/Page-Vlink-AuthOnly/input_user_defined10_user_defined10' is clicked on

2024-05-16 00:26:25 - [MESSAGE][PASSED] - Object: 'Object Repository/RecAndPlayBk/Page-Vlink-AuthOnly/input_user_defined10_user_defined10' is clicked on

2024-05-16 00:26:25 - [TEST_STEP][PASSED] - setText(findTestObject("Object Repository/RecAndPlayBk/Page-Vlink-AuthOnly/input_Card on File Indicator_card_on_file_i_157dae"), ""): Text '' is set on object 'Object Repository/RecAndPlayBk/Page-Vlink-AuthOnly/input_Card on File Indicator_card_on_file_i_157dae'

2024-05-16 00:26:26 - [MESSAGE][PASSED] - Text '' is set on object 'Object Repository/RecAndPlayBk/Page-Vlink-AuthOnly/input_Card on File Indicator_card_on_file_i_157dae'

2024-05-16 00:26:26 - [TEST_STEP][PASSED] - setText(findTestObject("Object Repository/RecAndPlayBk/Page-Vlink-AuthOnly/input_Stored Credential Indicator_stored_cr_4ae73c"), ""): Text '' is set on object 'Object Repository/RecAndPlayBk/Page-Vlink-AuthOnly/input_Stored Credential Indicator_stored_cr_4ae73c'

2024-05-16 00:26:27 - [MESSAGE][PASSED] - Text '' is set on object 'Object Repository/RecAndPlayBk/Page-Vlink-AuthOnly/input_Stored Credential Indicator_stored_cr_4ae73c'

2024-05-16 00:26:27 - [TEST_STEP][PASSED] - setText(findTestObject("Object Repository/RecAndPlayBk/Page-Vlink-AuthOnly/input_COF Scheduled indicator_cof_scheduled_8df7d8"), ""): Text '' is set on object 'Object Repository/RecAndPlayBk/Page-Vlink-AuthOnly/input_COF Scheduled indicator_cof_scheduled_8df7d8'

2024-05-16 00:26:27 - [MESSAGE][PASSED] - Text '' is set on object 'Object Repository/RecAndPlayBk/Page-Vlink-AuthOnly/input_COF Scheduled indicator_cof_scheduled_8df7d8'

2024-05-16 00:26:27 - [TEST_STEP][PASSED] - setText(findTestObject("Object Repository/RecAndPlayBk/Page-Vlink-AuthOnly/input_COF Transaction Initiated by_cof_tran_6cded5"), ""): Text '' is set on object 'Object Repository/RecAndPlayBk/Page-Vlink-AuthOnly/input_COF Transaction Initiated by_cof_tran_6cded5'

2024-05-16 00:26:28 - [MESSAGE][PASSED] - Text '' is set on object 'Object Repository/RecAndPlayBk/Page-Vlink-AuthOnly/input_COF Transaction Initiated by_cof_tran_6cded5'

2024-05-16 00:26:28 - [TEST_STEP][PASSED] - click(findTestObject("Object Repository/RecAndPlayBk/Page-Vlink-AuthOnly/input")): Object: 'Object Repository/RecAndPlayBk/Page-Vlink-AuthOnly/input' is clicked on

2024-05-16 00:26:28 - [MESSAGE][PASSED] - Object: 'Object Repository/RecAndPlayBk/Page-Vlink-AuthOnly/input' is clicked on

2024-05-16 00:26:28 - [TEST_STEP][PASSED] - if (verifyTextPresent(errorMsg, true)): null

2024-05-16 00:26:29 - [MESSAGE][PASSED] - Text 'card_zip' is present on page  using regular expression

2024-05-16 00:26:29 - [TEST_STEP][PASSED] - println("Error Message is present on the Confirmation page"): null

2024-05-16 00:26:29 - [TEST_STEP][PASSED] - out.println("Pass Record Number: " + row): null

2024-05-16 00:26:29 - [TEST_STEP][PASSED] - resText = "Pass": null

2024-05-16 00:26:29 - [TEST_STEP][PASSED] - pages.WriteExcel.demoKey(resText, datText, resColumn, datCloumn, fileLoc, nameSheet, row): pages.WriteExcel.demoKey is PASSED

2024-05-16 00:26:29 - [MESSAGE][PASSED] - pages.WriteExcel.demoKey is PASSED

2024-05-16 00:26:29 - [TEST_STEP][PASSED] - ExecuteTC = findTestData(dataFile).getValue("Execute", row): null

2024-05-16 00:26:29 - [TEST_STEP][PASSED] - out.println("Value of Execute is : " + ExecuteTC): null

2024-05-16 00:26:29 - [TEST_STEP][PASSED] - if (ExecuteTC.equalsIgnoreCase("Y")): null

2024-05-16 00:26:29 - [TEST_STEP][PASSED] - out.println("Begin Record Number: " + row): null

2024-05-16 00:26:29 - [TEST_STEP][PASSED] - today = new java.util.Date(): null

2024-05-16 00:26:29 - [TEST_STEP][PASSED] - println(today): null

2024-05-16 00:26:29 - [TEST_STEP][PASSED] - datText = today: null

2024-05-16 00:26:29 - [TEST_STEP][PASSED] - errorMsg = findTestData(dataFile).getValue("ErrorMsg", row): null

2024-05-16 00:26:29 - [TEST_STEP][PASSED] - appID = findTestData(dataFile).getValue("AppID", row): null

2024-05-16 00:26:29 - [TEST_STEP][PASSED] - username = findTestData(dataFile).getValue("Username", row): null

2024-05-16 00:26:29 - [TEST_STEP][PASSED] - password = findTestData(dataFile).getValue("Password", row): null

2024-05-16 00:26:29 - [TEST_STEP][PASSED] - tranType = findTestData(dataFile).getValue("TranType", row): null

2024-05-16 00:26:29 - [TEST_STEP][PASSED] - mv = findTestData(dataFile).getValue("MV", row): null

2024-05-16 00:26:30 - [TEST_STEP][PASSED] - resFormat = findTestData(dataFile).getValue("ResFormat", row): null

2024-05-16 00:26:30 - [TEST_STEP][PASSED] - category = findTestData(dataFile).getValue("Category", row): null

2024-05-16 00:26:30 - [TEST_STEP][PASSED] - amount = findTestData(dataFile).getValue("Amount", row): null

2024-05-16 00:26:30 - [TEST_STEP][PASSED] - cardName = findTestData(dataFile).getValue("CardName", row): null

2024-05-16 00:26:30 - [TEST_STEP][PASSED] - al1 = findTestData(dataFile).getValue("AL1", row): null

2024-05-16 00:26:30 - [TEST_STEP][PASSED] - city = findTestData(dataFile).getValue("City", row): null

2024-05-16 00:26:30 - [TEST_STEP][PASSED] - state = findTestData(dataFile).getValue("State", row): null

2024-05-16 00:26:30 - [TEST_STEP][PASSED] - zip = findTestData(dataFile).getValue("ZIP", row): null

2024-05-16 00:26:30 - [TEST_STEP][PASSED] - cardNumber = findTestData(dataFile).getValue("CardNumber", row): null

2024-05-16 00:26:30 - [TEST_STEP][PASSED] - exM = findTestData(dataFile).getValue("ExM", row): null

2024-05-16 00:26:30 - [TEST_STEP][PASSED] - exY = findTestData(dataFile).getValue("ExY", row): null

2024-05-16 00:26:31 - [TEST_STEP][PASSED] - openBrowser(VLinkURL + "auth.html"): Browser is opened with url: 'https://dev-algorithm.govolution.com/vlinktest/QA2/version_2_0/auth.html'

2024-05-16 00:26:31 - [MESSAGE][WARNING] - A browser is already opened. Closing browser and opening a new one

2024-05-16 00:26:32 - [MESSAGE][INFO] - Starting 'Chrome' driver

2024-05-16 00:26:32 - [MESSAGE][INFO] - User set preference: ['acceptInsecureCerts', 'true']

2024-05-16 00:26:32 - [MESSAGE][INFO] - Action delay is set to 0 milliseconds

2024-05-16 00:26:34 - [MESSAGE][PASSED] - Browser is opened with url: 'https://dev-algorithm.govolution.com/vlinktest/QA2/version_2_0/auth.html'

2024-05-16 00:26:34 - [TEST_STEP][PASSED] - maximizeWindow(): Current window maximized

2024-05-16 00:26:34 - [MESSAGE][PASSED] - Current window maximized

2024-05-16 00:26:34 - [TEST_STEP][PASSED] - maximizeWindow(): Current window maximized

2024-05-16 00:26:34 - [MESSAGE][PASSED] - Current window maximized

2024-05-16 00:26:34 - [TEST_STEP][PASSED] - setText(findTestObject("Object Repository/RecAndPlayBk/Page-Vlink-AuthOnly/txt_TransactionType"), tranType): Text '104' is set on object 'Object Repository/RecAndPlayBk/Page-Vlink-AuthOnly/txt_TransactionType'

2024-05-16 00:26:35 - [MESSAGE][PASSED] - Text '104' is set on object 'Object Repository/RecAndPlayBk/Page-Vlink-AuthOnly/txt_TransactionType'

2024-05-16 00:26:35 - [TEST_STEP][PASSED] - setText(findTestObject("Object Repository/RecAndPlayBk/Page-Vlink-AuthOnly/txt_MessageVersion"), mv): Text '2.0C' is set on object 'Object Repository/RecAndPlayBk/Page-Vlink-AuthOnly/txt_MessageVersion'

2024-05-16 00:26:36 - [MESSAGE][PASSED] - Text '2.0C' is set on object 'Object Repository/RecAndPlayBk/Page-Vlink-AuthOnly/txt_MessageVersion'

2024-05-16 00:26:36 - [TEST_STEP][PASSED] - genRemID = RandomStringUtils.random(12, true, true): null

2024-05-16 00:26:36 - [TEST_STEP][PASSED] - setText(findTestObject("Object Repository/RecAndPlayBk/Page-Vlink-AuthOnly/input_Remittance Id_remittance_id"), genRemID): Text 'fGMuIX62ukUX' is set on object 'Object Repository/RecAndPlayBk/Page-Vlink-AuthOnly/input_Remittance Id_remittance_id'

2024-05-16 00:26:37 - [MESSAGE][PASSED] - Text 'fGMuIX62ukUX' is set on object 'Object Repository/RecAndPlayBk/Page-Vlink-AuthOnly/input_Remittance Id_remittance_id'

2024-05-16 00:26:37 - [TEST_STEP][PASSED] - setText(findTestObject("Object Repository/RecAndPlayBk/Page-Vlink-AuthOnly/input_Application Id_application_id"), appID): Text '234' is set on object 'Object Repository/RecAndPlayBk/Page-Vlink-AuthOnly/input_Application Id_application_id'

2024-05-16 00:26:37 - [MESSAGE][PASSED] - Text '234' is set on object 'Object Repository/RecAndPlayBk/Page-Vlink-AuthOnly/input_Application Id_application_id'

2024-05-16 00:26:37 - [TEST_STEP][PASSED] - setText(findTestObject("Object Repository/RecAndPlayBk/Page-Vlink-AuthOnly/input_Username_username"), username): Text 'username' is set on object 'Object Repository/RecAndPlayBk/Page-Vlink-AuthOnly/input_Username_username'

2024-05-16 00:26:38 - [MESSAGE][PASSED] - Text 'username' is set on object 'Object Repository/RecAndPlayBk/Page-Vlink-AuthOnly/input_Username_username'

2024-05-16 00:26:38 - [TEST_STEP][PASSED] - setText(findTestObject("Object Repository/RecAndPlayBk/Page-Vlink-AuthOnly/input_Password_password"), password): Text 'password' is set on object 'Object Repository/RecAndPlayBk/Page-Vlink-AuthOnly/input_Password_password'

2024-05-16 00:26:39 - [MESSAGE][PASSED] - Text 'password' is set on object 'Object Repository/RecAndPlayBk/Page-Vlink-AuthOnly/input_Password_password'

2024-05-16 00:26:39 - [TEST_STEP][PASSED] - setText(findTestObject("Object Repository/RecAndPlayBk/Page-Vlink-AuthOnly/txt_ResponseFormat"), resFormat): Text 'fixed_width' is set on object 'Object Repository/RecAndPlayBk/Page-Vlink-AuthOnly/txt_ResponseFormat'

2024-05-16 00:26:39 - [MESSAGE][PASSED] - Text 'fixed_width' is set on object 'Object Repository/RecAndPlayBk/Page-Vlink-AuthOnly/txt_ResponseFormat'

2024-05-16 00:26:39 - [TEST_STEP][PASSED] - setText(findTestObject("Object Repository/RecAndPlayBk/Page-Vlink-AuthOnly/input_Category_category"), category): Text 'ECOM' is set on object 'Object Repository/RecAndPlayBk/Page-Vlink-AuthOnly/input_Category_category'

2024-05-16 00:26:40 - [MESSAGE][PASSED] - Text 'ECOM' is set on object 'Object Repository/RecAndPlayBk/Page-Vlink-AuthOnly/input_Category_category'

2024-05-16 00:26:40 - [TEST_STEP][PASSED] - setText(findTestObject("Object Repository/RecAndPlayBk/Page-Vlink-AuthOnly/txt_CardName"), cardName): Text 'Kris Roshan' is set on object 'Object Repository/RecAndPlayBk/Page-Vlink-AuthOnly/txt_CardName'

2024-05-16 00:26:40 - [MESSAGE][PASSED] - Text 'Kris Roshan' is set on object 'Object Repository/RecAndPlayBk/Page-Vlink-AuthOnly/txt_CardName'

2024-05-16 00:26:40 - [TEST_STEP][PASSED] - setText(findTestObject("Object Repository/RecAndPlayBk/Page-Vlink-AuthOnly/txt_AL1"), al1): Text '258 Elm Road' is set on object 'Object Repository/RecAndPlayBk/Page-Vlink-AuthOnly/txt_AL1'

2024-05-16 00:26:41 - [MESSAGE][PASSED] - Text '258 Elm Road' is set on object 'Object Repository/RecAndPlayBk/Page-Vlink-AuthOnly/txt_AL1'

2024-05-16 00:26:41 - [TEST_STEP][PASSED] - setText(findTestObject("Object Repository/RecAndPlayBk/Page-Vlink-AuthOnly/txt_CardCity"), city): Text 'Arlington' is set on object 'Object Repository/RecAndPlayBk/Page-Vlink-AuthOnly/txt_CardCity'

2024-05-16 00:26:42 - [MESSAGE][PASSED] - Text 'Arlington' is set on object 'Object Repository/RecAndPlayBk/Page-Vlink-AuthOnly/txt_CardCity'

2024-05-16 00:26:42 - [TEST_STEP][PASSED] - setText(findTestObject("Object Repository/RecAndPlayBk/Page-Vlink-AuthOnly/txt_CardState"), state): Text 'VA' is set on object 'Object Repository/RecAndPlayBk/Page-Vlink-AuthOnly/txt_CardState'

2024-05-16 00:26:42 - [MESSAGE][PASSED] - Text 'VA' is set on object 'Object Repository/RecAndPlayBk/Page-Vlink-AuthOnly/txt_CardState'

2024-05-16 00:26:42 - [TEST_STEP][PASSED] - setText(findTestObject("Object Repository/RecAndPlayBk/Page-Vlink-AuthOnly/txt_CardZIP"), zip): Text '22201' is set on object 'Object Repository/RecAndPlayBk/Page-Vlink-AuthOnly/txt_CardZIP'

2024-05-16 00:26:43 - [MESSAGE][PASSED] - Text '22201' is set on object 'Object Repository/RecAndPlayBk/Page-Vlink-AuthOnly/txt_CardZIP'

2024-05-16 00:26:43 - [TEST_STEP][PASSED] - setText(findTestObject("Object Repository/RecAndPlayBk/Page-Vlink-AuthOnly/input_Amount_amount"), amount): Text '' is set on object 'Object Repository/RecAndPlayBk/Page-Vlink-AuthOnly/input_Amount_amount'

2024-05-16 00:26:44 - [MESSAGE][PASSED] - Text '' is set on object 'Object Repository/RecAndPlayBk/Page-Vlink-AuthOnly/input_Amount_amount'

2024-05-16 00:26:44 - [TEST_STEP][PASSED] - setText(findTestObject("Object Repository/RecAndPlayBk/Page-Vlink-AuthOnly/input_Card number_card_number"), cardNumber): Text '4111111111111111' is set on object 'Object Repository/RecAndPlayBk/Page-Vlink-AuthOnly/input_Card number_card_number'

2024-05-16 00:26:45 - [MESSAGE][PASSED] - Text '4111111111111111' is set on object 'Object Repository/RecAndPlayBk/Page-Vlink-AuthOnly/input_Card number_card_number'

2024-05-16 00:26:45 - [TEST_STEP][PASSED] - setText(findTestObject("Object Repository/RecAndPlayBk/Page-Vlink-AuthOnly/input_Card ex month_card_exmo"), exM): Text '12' is set on object 'Object Repository/RecAndPlayBk/Page-Vlink-AuthOnly/input_Card ex month_card_exmo'

2024-05-16 00:26:45 - [MESSAGE][PASSED] - Text '12' is set on object 'Object Repository/RecAndPlayBk/Page-Vlink-AuthOnly/input_Card ex month_card_exmo'

2024-05-16 00:26:45 - [TEST_STEP][PASSED] - setText(findTestObject("Object Repository/RecAndPlayBk/Page-Vlink-AuthOnly/input_Card ex year_card_exyr"), exY): Text '2025' is set on object 'Object Repository/RecAndPlayBk/Page-Vlink-AuthOnly/input_Card ex year_card_exyr'

2024-05-16 00:26:46 - [MESSAGE][PASSED] - Text '2025' is set on object 'Object Repository/RecAndPlayBk/Page-Vlink-AuthOnly/input_Card ex year_card_exyr'

2024-05-16 00:26:46 - [TEST_STEP][PASSED] - setText(findTestObject("Object Repository/RecAndPlayBk/Page-Vlink-AuthOnly/input_Track Data_track_data"), ""): Text '' is set on object 'Object Repository/RecAndPlayBk/Page-Vlink-AuthOnly/input_Track Data_track_data'

2024-05-16 00:26:47 - [MESSAGE][PASSED] - Text '' is set on object 'Object Repository/RecAndPlayBk/Page-Vlink-AuthOnly/input_Track Data_track_data'

2024-05-16 00:26:47 - [TEST_STEP][PASSED] - setText(findTestObject("Object Repository/RecAndPlayBk/Page-Vlink-AuthOnly/input_concat(Cardholder, , s email)_email"), ""): Text '' is set on object 'Object Repository/RecAndPlayBk/Page-Vlink-AuthOnly/input_concat(Cardholder, , s email)_email'

2024-05-16 00:26:47 - [MESSAGE][PASSED] - Text '' is set on object 'Object Repository/RecAndPlayBk/Page-Vlink-AuthOnly/input_concat(Cardholder, , s email)_email'

2024-05-16 00:26:47 - [TEST_STEP][PASSED] - click(findTestObject("Object Repository/RecAndPlayBk/Page-Vlink-AuthOnly/input_user_defined10_user_defined10")): Object: 'Object Repository/RecAndPlayBk/Page-Vlink-AuthOnly/input_user_defined10_user_defined10' is clicked on

2024-05-16 00:26:48 - [MESSAGE][PASSED] - Object: 'Object Repository/RecAndPlayBk/Page-Vlink-AuthOnly/input_user_defined10_user_defined10' is clicked on

2024-05-16 00:26:48 - [TEST_STEP][PASSED] - setText(findTestObject("Object Repository/RecAndPlayBk/Page-Vlink-AuthOnly/input_Card on File Indicator_card_on_file_i_157dae"), ""): Text '' is set on object 'Object Repository/RecAndPlayBk/Page-Vlink-AuthOnly/input_Card on File Indicator_card_on_file_i_157dae'

2024-05-16 00:26:48 - [MESSAGE][PASSED] - Text '' is set on object 'Object Repository/RecAndPlayBk/Page-Vlink-AuthOnly/input_Card on File Indicator_card_on_file_i_157dae'

2024-05-16 00:26:48 - [TEST_STEP][PASSED] - setText(findTestObject("Object Repository/RecAndPlayBk/Page-Vlink-AuthOnly/input_Stored Credential Indicator_stored_cr_4ae73c"), ""): Text '' is set on object 'Object Repository/RecAndPlayBk/Page-Vlink-AuthOnly/input_Stored Credential Indicator_stored_cr_4ae73c'

2024-05-16 00:26:49 - [MESSAGE][PASSED] - Text '' is set on object 'Object Repository/RecAndPlayBk/Page-Vlink-AuthOnly/input_Stored Credential Indicator_stored_cr_4ae73c'

2024-05-16 00:26:49 - [TEST_STEP][PASSED] - setText(findTestObject("Object Repository/RecAndPlayBk/Page-Vlink-AuthOnly/input_COF Scheduled indicator_cof_scheduled_8df7d8"), ""): Text '' is set on object 'Object Repository/RecAndPlayBk/Page-Vlink-AuthOnly/input_COF Scheduled indicator_cof_scheduled_8df7d8'

2024-05-16 00:26:50 - [MESSAGE][PASSED] - Text '' is set on object 'Object Repository/RecAndPlayBk/Page-Vlink-AuthOnly/input_COF Scheduled indicator_cof_scheduled_8df7d8'

2024-05-16 00:26:50 - [TEST_STEP][PASSED] - setText(findTestObject("Object Repository/RecAndPlayBk/Page-Vlink-AuthOnly/input_COF Transaction Initiated by_cof_tran_6cded5"), ""): Text '' is set on object 'Object Repository/RecAndPlayBk/Page-Vlink-AuthOnly/input_COF Transaction Initiated by_cof_tran_6cded5'

2024-05-16 00:26:50 - [MESSAGE][PASSED] - Text '' is set on object 'Object Repository/RecAndPlayBk/Page-Vlink-AuthOnly/input_COF Transaction Initiated by_cof_tran_6cded5'

2024-05-16 00:26:50 - [TEST_STEP][PASSED] - click(findTestObject("Object Repository/RecAndPlayBk/Page-Vlink-AuthOnly/input")): Object: 'Object Repository/RecAndPlayBk/Page-Vlink-AuthOnly/input' is clicked on

2024-05-16 00:26:51 - [MESSAGE][PASSED] - Object: 'Object Repository/RecAndPlayBk/Page-Vlink-AuthOnly/input' is clicked on

2024-05-16 00:26:51 - [TEST_STEP][PASSED] - if (verifyTextPresent(errorMsg, true)): null

2024-05-16 00:26:51 - [MESSAGE][PASSED] - Text 'amount' is present on page  using regular expression

2024-05-16 00:26:51 - [TEST_STEP][PASSED] - println("Error Message is present on the Confirmation page"): null

2024-05-16 00:26:51 - [TEST_STEP][PASSED] - out.println("Pass Record Number: " + row): null

2024-05-16 00:26:51 - [TEST_STEP][PASSED] - resText = "Pass": null

2024-05-16 00:26:51 - [TEST_STEP][PASSED] - pages.WriteExcel.demoKey(resText, datText, resColumn, datCloumn, fileLoc, nameSheet, row): pages.WriteExcel.demoKey is PASSED

2024-05-16 00:26:51 - [MESSAGE][PASSED] - pages.WriteExcel.demoKey is PASSED

2024-05-16 00:26:51 - [TEST_STEP][PASSED] - ExecuteTC = findTestData(dataFile).getValue("Execute", row): null

2024-05-16 00:26:51 - [TEST_STEP][PASSED] - out.println("Value of Execute is : " + ExecuteTC): null

2024-05-16 00:26:51 - [TEST_STEP][PASSED] - if (ExecuteTC.equalsIgnoreCase("Y")): null

2024-05-16 00:26:51 - [TEST_STEP][PASSED] - out.println("Begin Record Number: " + row): null

2024-05-16 00:26:51 - [TEST_STEP][PASSED] - today = new java.util.Date(): null

2024-05-16 00:26:51 - [TEST_STEP][PASSED] - println(today): null

2024-05-16 00:26:51 - [TEST_STEP][PASSED] - datText = today: null

2024-05-16 00:26:51 - [TEST_STEP][PASSED] - errorMsg = findTestData(dataFile).getValue("ErrorMsg", row): null

2024-05-16 00:26:52 - [TEST_STEP][PASSED] - appID = findTestData(dataFile).getValue("AppID", row): null

2024-05-16 00:26:52 - [TEST_STEP][PASSED] - username = findTestData(dataFile).getValue("Username", row): null

2024-05-16 00:26:52 - [TEST_STEP][PASSED] - password = findTestData(dataFile).getValue("Password", row): null

2024-05-16 00:26:52 - [TEST_STEP][PASSED] - tranType = findTestData(dataFile).getValue("TranType", row): null

2024-05-16 00:26:52 - [TEST_STEP][PASSED] - mv = findTestData(dataFile).getValue("MV", row): null

2024-05-16 00:26:52 - [TEST_STEP][PASSED] - resFormat = findTestData(dataFile).getValue("ResFormat", row): null

2024-05-16 00:26:52 - [TEST_STEP][PASSED] - category = findTestData(dataFile).getValue("Category", row): null

2024-05-16 00:26:52 - [TEST_STEP][PASSED] - amount = findTestData(dataFile).getValue("Amount", row): null

2024-05-16 00:26:52 - [TEST_STEP][PASSED] - cardName = findTestData(dataFile).getValue("CardName", row): null

2024-05-16 00:26:52 - [TEST_STEP][PASSED] - al1 = findTestData(dataFile).getValue("AL1", row): null

2024-05-16 00:26:52 - [TEST_STEP][PASSED] - city = findTestData(dataFile).getValue("City", row): null

2024-05-16 00:26:53 - [TEST_STEP][PASSED] - state = findTestData(dataFile).getValue("State", row): null

2024-05-16 00:26:53 - [TEST_STEP][PASSED] - zip = findTestData(dataFile).getValue("ZIP", row): null

2024-05-16 00:26:53 - [TEST_STEP][PASSED] - cardNumber = findTestData(dataFile).getValue("CardNumber", row): null

2024-05-16 00:26:53 - [TEST_STEP][PASSED] - exM = findTestData(dataFile).getValue("ExM", row): null

2024-05-16 00:26:53 - [TEST_STEP][PASSED] - exY = findTestData(dataFile).getValue("ExY", row): null

2024-05-16 00:26:53 - [TEST_STEP][PASSED] - openBrowser(VLinkURL + "auth.html"): Browser is opened with url: 'https://dev-algorithm.govolution.com/vlinktest/QA2/version_2_0/auth.html'

2024-05-16 00:26:53 - [MESSAGE][WARNING] - A browser is already opened. Closing browser and opening a new one

2024-05-16 00:26:54 - [MESSAGE][INFO] - Starting 'Chrome' driver

2024-05-16 00:26:54 - [MESSAGE][INFO] - User set preference: ['acceptInsecureCerts', 'true']

2024-05-16 00:26:54 - [MESSAGE][INFO] - Action delay is set to 0 milliseconds

2024-05-16 00:26:56 - [MESSAGE][PASSED] - Browser is opened with url: 'https://dev-algorithm.govolution.com/vlinktest/QA2/version_2_0/auth.html'

2024-05-16 00:26:56 - [TEST_STEP][PASSED] - maximizeWindow(): Current window maximized

2024-05-16 00:26:57 - [MESSAGE][PASSED] - Current window maximized

2024-05-16 00:26:57 - [TEST_STEP][PASSED] - maximizeWindow(): Current window maximized

2024-05-16 00:26:57 - [MESSAGE][PASSED] - Current window maximized

2024-05-16 00:26:57 - [TEST_STEP][PASSED] - setText(findTestObject("Object Repository/RecAndPlayBk/Page-Vlink-AuthOnly/txt_TransactionType"), tranType): Text '104' is set on object 'Object Repository/RecAndPlayBk/Page-Vlink-AuthOnly/txt_TransactionType'

2024-05-16 00:26:58 - [MESSAGE][PASSED] - Text '104' is set on object 'Object Repository/RecAndPlayBk/Page-Vlink-AuthOnly/txt_TransactionType'

2024-05-16 00:26:58 - [TEST_STEP][PASSED] - setText(findTestObject("Object Repository/RecAndPlayBk/Page-Vlink-AuthOnly/txt_MessageVersion"), mv): Text '2.0C' is set on object 'Object Repository/RecAndPlayBk/Page-Vlink-AuthOnly/txt_MessageVersion'

2024-05-16 00:26:58 - [MESSAGE][PASSED] - Text '2.0C' is set on object 'Object Repository/RecAndPlayBk/Page-Vlink-AuthOnly/txt_MessageVersion'

2024-05-16 00:26:58 - [TEST_STEP][PASSED] - genRemID = RandomStringUtils.random(12, true, true): null

2024-05-16 00:26:58 - [TEST_STEP][PASSED] - setText(findTestObject("Object Repository/RecAndPlayBk/Page-Vlink-AuthOnly/input_Remittance Id_remittance_id"), genRemID): Text 'EsvrTvZjlxco' is set on object 'Object Repository/RecAndPlayBk/Page-Vlink-AuthOnly/input_Remittance Id_remittance_id'

2024-05-16 00:26:59 - [MESSAGE][PASSED] - Text 'EsvrTvZjlxco' is set on object 'Object Repository/RecAndPlayBk/Page-Vlink-AuthOnly/input_Remittance Id_remittance_id'

2024-05-16 00:26:59 - [TEST_STEP][PASSED] - setText(findTestObject("Object Repository/RecAndPlayBk/Page-Vlink-AuthOnly/input_Application Id_application_id"), appID): Text '234' is set on object 'Object Repository/RecAndPlayBk/Page-Vlink-AuthOnly/input_Application Id_application_id'

2024-05-16 00:26:59 - [MESSAGE][PASSED] - Text '234' is set on object 'Object Repository/RecAndPlayBk/Page-Vlink-AuthOnly/input_Application Id_application_id'

2024-05-16 00:26:59 - [TEST_STEP][PASSED] - setText(findTestObject("Object Repository/RecAndPlayBk/Page-Vlink-AuthOnly/input_Username_username"), username): Text 'username' is set on object 'Object Repository/RecAndPlayBk/Page-Vlink-AuthOnly/input_Username_username'

2024-05-16 00:27:00 - [MESSAGE][PASSED] - Text 'username' is set on object 'Object Repository/RecAndPlayBk/Page-Vlink-AuthOnly/input_Username_username'

2024-05-16 00:27:00 - [TEST_STEP][PASSED] - setText(findTestObject("Object Repository/RecAndPlayBk/Page-Vlink-AuthOnly/input_Password_password"), password): Text 'password' is set on object 'Object Repository/RecAndPlayBk/Page-Vlink-AuthOnly/input_Password_password'

2024-05-16 00:27:01 - [MESSAGE][PASSED] - Text 'password' is set on object 'Object Repository/RecAndPlayBk/Page-Vlink-AuthOnly/input_Password_password'

2024-05-16 00:27:01 - [TEST_STEP][PASSED] - setText(findTestObject("Object Repository/RecAndPlayBk/Page-Vlink-AuthOnly/txt_ResponseFormat"), resFormat): Text 'fixed_width' is set on object 'Object Repository/RecAndPlayBk/Page-Vlink-AuthOnly/txt_ResponseFormat'

2024-05-16 00:27:01 - [MESSAGE][PASSED] - Text 'fixed_width' is set on object 'Object Repository/RecAndPlayBk/Page-Vlink-AuthOnly/txt_ResponseFormat'

2024-05-16 00:27:01 - [TEST_STEP][PASSED] - setText(findTestObject("Object Repository/RecAndPlayBk/Page-Vlink-AuthOnly/input_Category_category"), category): Text 'MOTO' is set on object 'Object Repository/RecAndPlayBk/Page-Vlink-AuthOnly/input_Category_category'

2024-05-16 00:27:02 - [MESSAGE][PASSED] - Text 'MOTO' is set on object 'Object Repository/RecAndPlayBk/Page-Vlink-AuthOnly/input_Category_category'

2024-05-16 00:27:02 - [TEST_STEP][PASSED] - setText(findTestObject("Object Repository/RecAndPlayBk/Page-Vlink-AuthOnly/txt_CardName"), cardName): Text 'Kris Roshan' is set on object 'Object Repository/RecAndPlayBk/Page-Vlink-AuthOnly/txt_CardName'

2024-05-16 00:27:03 - [MESSAGE][PASSED] - Text 'Kris Roshan' is set on object 'Object Repository/RecAndPlayBk/Page-Vlink-AuthOnly/txt_CardName'

2024-05-16 00:27:03 - [TEST_STEP][PASSED] - setText(findTestObject("Object Repository/RecAndPlayBk/Page-Vlink-AuthOnly/txt_AL1"), al1): Text '258 Elm Road' is set on object 'Object Repository/RecAndPlayBk/Page-Vlink-AuthOnly/txt_AL1'

2024-05-16 00:27:03 - [MESSAGE][PASSED] - Text '258 Elm Road' is set on object 'Object Repository/RecAndPlayBk/Page-Vlink-AuthOnly/txt_AL1'

2024-05-16 00:27:03 - [TEST_STEP][PASSED] - setText(findTestObject("Object Repository/RecAndPlayBk/Page-Vlink-AuthOnly/txt_CardCity"), city): Text 'Arlington' is set on object 'Object Repository/RecAndPlayBk/Page-Vlink-AuthOnly/txt_CardCity'

2024-05-16 00:27:04 - [MESSAGE][PASSED] - Text 'Arlington' is set on object 'Object Repository/RecAndPlayBk/Page-Vlink-AuthOnly/txt_CardCity'

2024-05-16 00:27:04 - [TEST_STEP][PASSED] - setText(findTestObject("Object Repository/RecAndPlayBk/Page-Vlink-AuthOnly/txt_CardState"), state): Text 'VA' is set on object 'Object Repository/RecAndPlayBk/Page-Vlink-AuthOnly/txt_CardState'

2024-05-16 00:27:05 - [MESSAGE][PASSED] - Text 'VA' is set on object 'Object Repository/RecAndPlayBk/Page-Vlink-AuthOnly/txt_CardState'

2024-05-16 00:27:05 - [TEST_STEP][PASSED] - setText(findTestObject("Object Repository/RecAndPlayBk/Page-Vlink-AuthOnly/txt_CardZIP"), zip): Text '22201' is set on object 'Object Repository/RecAndPlayBk/Page-Vlink-AuthOnly/txt_CardZIP'

2024-05-16 00:27:05 - [MESSAGE][PASSED] - Text '22201' is set on object 'Object Repository/RecAndPlayBk/Page-Vlink-AuthOnly/txt_CardZIP'

2024-05-16 00:27:05 - [TEST_STEP][PASSED] - setText(findTestObject("Object Repository/RecAndPlayBk/Page-Vlink-AuthOnly/input_Amount_amount"), amount): Text '' is set on object 'Object Repository/RecAndPlayBk/Page-Vlink-AuthOnly/input_Amount_amount'

2024-05-16 00:27:06 - [MESSAGE][PASSED] - Text '' is set on object 'Object Repository/RecAndPlayBk/Page-Vlink-AuthOnly/input_Amount_amount'

2024-05-16 00:27:06 - [TEST_STEP][PASSED] - setText(findTestObject("Object Repository/RecAndPlayBk/Page-Vlink-AuthOnly/input_Card number_card_number"), cardNumber): Text '4111111111111111' is set on object 'Object Repository/RecAndPlayBk/Page-Vlink-AuthOnly/input_Card number_card_number'

2024-05-16 00:27:07 - [MESSAGE][PASSED] - Text '4111111111111111' is set on object 'Object Repository/RecAndPlayBk/Page-Vlink-AuthOnly/input_Card number_card_number'

2024-05-16 00:27:07 - [TEST_STEP][PASSED] - setText(findTestObject("Object Repository/RecAndPlayBk/Page-Vlink-AuthOnly/input_Card ex month_card_exmo"), exM): Text '12' is set on object 'Object Repository/RecAndPlayBk/Page-Vlink-AuthOnly/input_Card ex month_card_exmo'

2024-05-16 00:27:08 - [MESSAGE][PASSED] - Text '12' is set on object 'Object Repository/RecAndPlayBk/Page-Vlink-AuthOnly/input_Card ex month_card_exmo'

2024-05-16 00:27:08 - [TEST_STEP][PASSED] - setText(findTestObject("Object Repository/RecAndPlayBk/Page-Vlink-AuthOnly/input_Card ex year_card_exyr"), exY): Text '2025' is set on object 'Object Repository/RecAndPlayBk/Page-Vlink-AuthOnly/input_Card ex year_card_exyr'

2024-05-16 00:27:08 - [MESSAGE][PASSED] - Text '2025' is set on object 'Object Repository/RecAndPlayBk/Page-Vlink-AuthOnly/input_Card ex year_card_exyr'

2024-05-16 00:27:08 - [TEST_STEP][PASSED] - setText(findTestObject("Object Repository/RecAndPlayBk/Page-Vlink-AuthOnly/input_Track Data_track_data"), ""): Text '' is set on object 'Object Repository/RecAndPlayBk/Page-Vlink-AuthOnly/input_Track Data_track_data'

2024-05-16 00:27:09 - [MESSAGE][PASSED] - Text '' is set on object 'Object Repository/RecAndPlayBk/Page-Vlink-AuthOnly/input_Track Data_track_data'

2024-05-16 00:27:09 - [TEST_STEP][PASSED] - setText(findTestObject("Object Repository/RecAndPlayBk/Page-Vlink-AuthOnly/input_concat(Cardholder, , s email)_email"), ""): Text '' is set on object 'Object Repository/RecAndPlayBk/Page-Vlink-AuthOnly/input_concat(Cardholder, , s email)_email'

2024-05-16 00:27:10 - [MESSAGE][PASSED] - Text '' is set on object 'Object Repository/RecAndPlayBk/Page-Vlink-AuthOnly/input_concat(Cardholder, , s email)_email'

2024-05-16 00:27:10 - [TEST_STEP][PASSED] - click(findTestObject("Object Repository/RecAndPlayBk/Page-Vlink-AuthOnly/input_user_defined10_user_defined10")): Object: 'Object Repository/RecAndPlayBk/Page-Vlink-AuthOnly/input_user_defined10_user_defined10' is clicked on

2024-05-16 00:27:10 - [MESSAGE][PASSED] - Object: 'Object Repository/RecAndPlayBk/Page-Vlink-AuthOnly/input_user_defined10_user_defined10' is clicked on

2024-05-16 00:27:10 - [TEST_STEP][PASSED] - setText(findTestObject("Object Repository/RecAndPlayBk/Page-Vlink-AuthOnly/input_Card on File Indicator_card_on_file_i_157dae"), ""): Text '' is set on object 'Object Repository/RecAndPlayBk/Page-Vlink-AuthOnly/input_Card on File Indicator_card_on_file_i_157dae'

2024-05-16 00:27:11 - [MESSAGE][PASSED] - Text '' is set on object 'Object Repository/RecAndPlayBk/Page-Vlink-AuthOnly/input_Card on File Indicator_card_on_file_i_157dae'

2024-05-16 00:27:11 - [TEST_STEP][PASSED] - setText(findTestObject("Object Repository/RecAndPlayBk/Page-Vlink-AuthOnly/input_Stored Credential Indicator_stored_cr_4ae73c"), ""): Text '' is set on object 'Object Repository/RecAndPlayBk/Page-Vlink-AuthOnly/input_Stored Credential Indicator_stored_cr_4ae73c'

2024-05-16 00:27:11 - [MESSAGE][PASSED] - Text '' is set on object 'Object Repository/RecAndPlayBk/Page-Vlink-AuthOnly/input_Stored Credential Indicator_stored_cr_4ae73c'

2024-05-16 00:27:11 - [TEST_STEP][PASSED] - setText(findTestObject("Object Repository/RecAndPlayBk/Page-Vlink-AuthOnly/input_COF Scheduled indicator_cof_scheduled_8df7d8"), ""): Text '' is set on object 'Object Repository/RecAndPlayBk/Page-Vlink-AuthOnly/input_COF Scheduled indicator_cof_scheduled_8df7d8'

2024-05-16 00:27:12 - [MESSAGE][PASSED] - Text '' is set on object 'Object Repository/RecAndPlayBk/Page-Vlink-AuthOnly/input_COF Scheduled indicator_cof_scheduled_8df7d8'

2024-05-16 00:27:12 - [TEST_STEP][PASSED] - setText(findTestObject("Object Repository/RecAndPlayBk/Page-Vlink-AuthOnly/input_COF Transaction Initiated by_cof_tran_6cded5"), ""): Text '' is set on object 'Object Repository/RecAndPlayBk/Page-Vlink-AuthOnly/input_COF Transaction Initiated by_cof_tran_6cded5'

2024-05-16 00:27:12 - [MESSAGE][PASSED] - Text '' is set on object 'Object Repository/RecAndPlayBk/Page-Vlink-AuthOnly/input_COF Transaction Initiated by_cof_tran_6cded5'

2024-05-16 00:27:12 - [TEST_STEP][PASSED] - click(findTestObject("Object Repository/RecAndPlayBk/Page-Vlink-AuthOnly/input")): Object: 'Object Repository/RecAndPlayBk/Page-Vlink-AuthOnly/input' is clicked on

2024-05-16 00:27:13 - [MESSAGE][PASSED] - Object: 'Object Repository/RecAndPlayBk/Page-Vlink-AuthOnly/input' is clicked on

2024-05-16 00:27:13 - [TEST_STEP][PASSED] - if (verifyTextPresent(errorMsg, true)): null

2024-05-16 00:27:13 - [MESSAGE][PASSED] - Text 'amount' is present on page  using regular expression

2024-05-16 00:27:13 - [TEST_STEP][PASSED] - println("Error Message is present on the Confirmation page"): null

2024-05-16 00:27:13 - [TEST_STEP][PASSED] - out.println("Pass Record Number: " + row): null

2024-05-16 00:27:13 - [TEST_STEP][PASSED] - resText = "Pass": null

2024-05-16 00:27:13 - [TEST_STEP][PASSED] - pages.WriteExcel.demoKey(resText, datText, resColumn, datCloumn, fileLoc, nameSheet, row): pages.WriteExcel.demoKey is PASSED

2024-05-16 00:27:14 - [MESSAGE][PASSED] - pages.WriteExcel.demoKey is PASSED

2024-05-16 00:27:14 - [TEST_STEP][PASSED] - ExecuteTC = findTestData(dataFile).getValue("Execute", row): null

2024-05-16 00:27:14 - [TEST_STEP][PASSED] - out.println("Value of Execute is : " + ExecuteTC): null

2024-05-16 00:27:14 - [TEST_STEP][PASSED] - if (ExecuteTC.equalsIgnoreCase("Y")): null

2024-05-16 00:27:14 - [TEST_STEP][PASSED] - out.println("Begin Record Number: " + row): null

2024-05-16 00:27:14 - [TEST_STEP][PASSED] - today = new java.util.Date(): null

2024-05-16 00:27:14 - [TEST_STEP][PASSED] - println(today): null

2024-05-16 00:27:14 - [TEST_STEP][PASSED] - datText = today: null

2024-05-16 00:27:14 - [TEST_STEP][PASSED] - errorMsg = findTestData(dataFile).getValue("ErrorMsg", row): null

2024-05-16 00:27:14 - [TEST_STEP][PASSED] - appID = findTestData(dataFile).getValue("AppID", row): null

2024-05-16 00:27:14 - [TEST_STEP][PASSED] - username = findTestData(dataFile).getValue("Username", row): null

2024-05-16 00:27:14 - [TEST_STEP][PASSED] - password = findTestData(dataFile).getValue("Password", row): null

2024-05-16 00:27:14 - [TEST_STEP][PASSED] - tranType = findTestData(dataFile).getValue("TranType", row): null

2024-05-16 00:27:14 - [TEST_STEP][PASSED] - mv = findTestData(dataFile).getValue("MV", row): null

2024-05-16 00:27:14 - [TEST_STEP][PASSED] - resFormat = findTestData(dataFile).getValue("ResFormat", row): null

2024-05-16 00:27:14 - [TEST_STEP][PASSED] - category = findTestData(dataFile).getValue("Category", row): null

2024-05-16 00:27:14 - [TEST_STEP][PASSED] - amount = findTestData(dataFile).getValue("Amount", row): null

2024-05-16 00:27:14 - [TEST_STEP][PASSED] - cardName = findTestData(dataFile).getValue("CardName", row): null

2024-05-16 00:27:15 - [TEST_STEP][PASSED] - al1 = findTestData(dataFile).getValue("AL1", row): null

2024-05-16 00:27:15 - [TEST_STEP][PASSED] - city = findTestData(dataFile).getValue("City", row): null

2024-05-16 00:27:15 - [TEST_STEP][PASSED] - state = findTestData(dataFile).getValue("State", row): null

2024-05-16 00:27:15 - [TEST_STEP][PASSED] - zip = findTestData(dataFile).getValue("ZIP", row): null

2024-05-16 00:27:15 - [TEST_STEP][PASSED] - cardNumber = findTestData(dataFile).getValue("CardNumber", row): null

2024-05-16 00:27:15 - [TEST_STEP][PASSED] - exM = findTestData(dataFile).getValue("ExM", row): null

2024-05-16 00:27:15 - [TEST_STEP][PASSED] - exY = findTestData(dataFile).getValue("ExY", row): null

2024-05-16 00:27:15 - [TEST_STEP][PASSED] - openBrowser(VLinkURL + "auth.html"): Browser is opened with url: 'https://dev-algorithm.govolution.com/vlinktest/QA2/version_2_0/auth.html'

2024-05-16 00:27:15 - [MESSAGE][WARNING] - A browser is already opened. Closing browser and opening a new one

2024-05-16 00:27:17 - [MESSAGE][INFO] - Starting 'Chrome' driver

2024-05-16 00:27:17 - [MESSAGE][INFO] - User set preference: ['acceptInsecureCerts', 'true']

2024-05-16 00:27:17 - [MESSAGE][INFO] - Action delay is set to 0 milliseconds

2024-05-16 00:27:19 - [MESSAGE][PASSED] - Browser is opened with url: 'https://dev-algorithm.govolution.com/vlinktest/QA2/version_2_0/auth.html'

2024-05-16 00:27:19 - [TEST_STEP][PASSED] - maximizeWindow(): Current window maximized

2024-05-16 00:27:19 - [MESSAGE][PASSED] - Current window maximized

2024-05-16 00:27:19 - [TEST_STEP][PASSED] - maximizeWindow(): Current window maximized

2024-05-16 00:27:19 - [MESSAGE][PASSED] - Current window maximized

2024-05-16 00:27:19 - [TEST_STEP][PASSED] - setText(findTestObject("Object Repository/RecAndPlayBk/Page-Vlink-AuthOnly/txt_TransactionType"), tranType): Text '104' is set on object 'Object Repository/RecAndPlayBk/Page-Vlink-AuthOnly/txt_TransactionType'

2024-05-16 00:27:20 - [MESSAGE][PASSED] - Text '104' is set on object 'Object Repository/RecAndPlayBk/Page-Vlink-AuthOnly/txt_TransactionType'

2024-05-16 00:27:20 - [TEST_STEP][PASSED] - setText(findTestObject("Object Repository/RecAndPlayBk/Page-Vlink-AuthOnly/txt_MessageVersion"), mv): Text '2.0C' is set on object 'Object Repository/RecAndPlayBk/Page-Vlink-AuthOnly/txt_MessageVersion'

2024-05-16 00:27:21 - [MESSAGE][PASSED] - Text '2.0C' is set on object 'Object Repository/RecAndPlayBk/Page-Vlink-AuthOnly/txt_MessageVersion'

2024-05-16 00:27:21 - [TEST_STEP][PASSED] - genRemID = RandomStringUtils.random(12, true, true): null

2024-05-16 00:27:21 - [TEST_STEP][PASSED] - setText(findTestObject("Object Repository/RecAndPlayBk/Page-Vlink-AuthOnly/input_Remittance Id_remittance_id"), genRemID): Text 'TqML03236hoM' is set on object 'Object Repository/RecAndPlayBk/Page-Vlink-AuthOnly/input_Remittance Id_remittance_id'

2024-05-16 00:27:21 - [MESSAGE][PASSED] - Text 'TqML03236hoM' is set on object 'Object Repository/RecAndPlayBk/Page-Vlink-AuthOnly/input_Remittance Id_remittance_id'

2024-05-16 00:27:21 - [TEST_STEP][PASSED] - setText(findTestObject("Object Repository/RecAndPlayBk/Page-Vlink-AuthOnly/input_Application Id_application_id"), appID): Text '234' is set on object 'Object Repository/RecAndPlayBk/Page-Vlink-AuthOnly/input_Application Id_application_id'

2024-05-16 00:27:22 - [MESSAGE][PASSED] - Text '234' is set on object 'Object Repository/RecAndPlayBk/Page-Vlink-AuthOnly/input_Application Id_application_id'

2024-05-16 00:27:22 - [TEST_STEP][PASSED] - setText(findTestObject("Object Repository/RecAndPlayBk/Page-Vlink-AuthOnly/input_Username_username"), username): Text 'username' is set on object 'Object Repository/RecAndPlayBk/Page-Vlink-AuthOnly/input_Username_username'

2024-05-16 00:27:23 - [MESSAGE][PASSED] - Text 'username' is set on object 'Object Repository/RecAndPlayBk/Page-Vlink-AuthOnly/input_Username_username'

2024-05-16 00:27:23 - [TEST_STEP][PASSED] - setText(findTestObject("Object Repository/RecAndPlayBk/Page-Vlink-AuthOnly/input_Password_password"), password): Text 'password' is set on object 'Object Repository/RecAndPlayBk/Page-Vlink-AuthOnly/input_Password_password'

2024-05-16 00:27:23 - [MESSAGE][PASSED] - Text 'password' is set on object 'Object Repository/RecAndPlayBk/Page-Vlink-AuthOnly/input_Password_password'

2024-05-16 00:27:23 - [TEST_STEP][PASSED] - setText(findTestObject("Object Repository/RecAndPlayBk/Page-Vlink-AuthOnly/txt_ResponseFormat"), resFormat): Text 'fixed_width' is set on object 'Object Repository/RecAndPlayBk/Page-Vlink-AuthOnly/txt_ResponseFormat'

2024-05-16 00:27:24 - [MESSAGE][PASSED] - Text 'fixed_width' is set on object 'Object Repository/RecAndPlayBk/Page-Vlink-AuthOnly/txt_ResponseFormat'

2024-05-16 00:27:24 - [TEST_STEP][PASSED] - setText(findTestObject("Object Repository/RecAndPlayBk/Page-Vlink-AuthOnly/input_Category_category"), category): Text 'RETL' is set on object 'Object Repository/RecAndPlayBk/Page-Vlink-AuthOnly/input_Category_category'

2024-05-16 00:27:25 - [MESSAGE][PASSED] - Text 'RETL' is set on object 'Object Repository/RecAndPlayBk/Page-Vlink-AuthOnly/input_Category_category'

2024-05-16 00:27:25 - [TEST_STEP][PASSED] - setText(findTestObject("Object Repository/RecAndPlayBk/Page-Vlink-AuthOnly/txt_CardName"), cardName): Text 'Kris Roshan' is set on object 'Object Repository/RecAndPlayBk/Page-Vlink-AuthOnly/txt_CardName'

2024-05-16 00:27:25 - [MESSAGE][PASSED] - Text 'Kris Roshan' is set on object 'Object Repository/RecAndPlayBk/Page-Vlink-AuthOnly/txt_CardName'

2024-05-16 00:27:25 - [TEST_STEP][PASSED] - setText(findTestObject("Object Repository/RecAndPlayBk/Page-Vlink-AuthOnly/txt_AL1"), al1): Text '258 Elm Road' is set on object 'Object Repository/RecAndPlayBk/Page-Vlink-AuthOnly/txt_AL1'

2024-05-16 00:27:26 - [MESSAGE][PASSED] - Text '258 Elm Road' is set on object 'Object Repository/RecAndPlayBk/Page-Vlink-AuthOnly/txt_AL1'

2024-05-16 00:27:26 - [TEST_STEP][PASSED] - setText(findTestObject("Object Repository/RecAndPlayBk/Page-Vlink-AuthOnly/txt_CardCity"), city): Text 'Arlington' is set on object 'Object Repository/RecAndPlayBk/Page-Vlink-AuthOnly/txt_CardCity'

2024-05-16 00:27:27 - [MESSAGE][PASSED] - Text 'Arlington' is set on object 'Object Repository/RecAndPlayBk/Page-Vlink-AuthOnly/txt_CardCity'

2024-05-16 00:27:27 - [TEST_STEP][PASSED] - setText(findTestObject("Object Repository/RecAndPlayBk/Page-Vlink-AuthOnly/txt_CardState"), state): Text 'VA' is set on object 'Object Repository/RecAndPlayBk/Page-Vlink-AuthOnly/txt_CardState'

2024-05-16 00:27:27 - [MESSAGE][PASSED] - Text 'VA' is set on object 'Object Repository/RecAndPlayBk/Page-Vlink-AuthOnly/txt_CardState'

2024-05-16 00:27:27 - [TEST_STEP][PASSED] - setText(findTestObject("Object Repository/RecAndPlayBk/Page-Vlink-AuthOnly/txt_CardZIP"), zip): Text '22201' is set on object 'Object Repository/RecAndPlayBk/Page-Vlink-AuthOnly/txt_CardZIP'

2024-05-16 00:27:28 - [MESSAGE][PASSED] - Text '22201' is set on object 'Object Repository/RecAndPlayBk/Page-Vlink-AuthOnly/txt_CardZIP'

2024-05-16 00:27:28 - [TEST_STEP][PASSED] - setText(findTestObject("Object Repository/RecAndPlayBk/Page-Vlink-AuthOnly/input_Amount_amount"), amount): Text '' is set on object 'Object Repository/RecAndPlayBk/Page-Vlink-AuthOnly/input_Amount_amount'

2024-05-16 00:27:29 - [MESSAGE][PASSED] - Text '' is set on object 'Object Repository/RecAndPlayBk/Page-Vlink-AuthOnly/input_Amount_amount'

2024-05-16 00:27:29 - [TEST_STEP][PASSED] - setText(findTestObject("Object Repository/RecAndPlayBk/Page-Vlink-AuthOnly/input_Card number_card_number"), cardNumber): Text '4111111111111111' is set on object 'Object Repository/RecAndPlayBk/Page-Vlink-AuthOnly/input_Card number_card_number'

2024-05-16 00:27:29 - [MESSAGE][PASSED] - Text '4111111111111111' is set on object 'Object Repository/RecAndPlayBk/Page-Vlink-AuthOnly/input_Card number_card_number'

2024-05-16 00:27:29 - [TEST_STEP][PASSED] - setText(findTestObject("Object Repository/RecAndPlayBk/Page-Vlink-AuthOnly/input_Card ex month_card_exmo"), exM): Text '12' is set on object 'Object Repository/RecAndPlayBk/Page-Vlink-AuthOnly/input_Card ex month_card_exmo'

2024-05-16 00:27:30 - [MESSAGE][PASSED] - Text '12' is set on object 'Object Repository/RecAndPlayBk/Page-Vlink-AuthOnly/input_Card ex month_card_exmo'

2024-05-16 00:27:30 - [TEST_STEP][PASSED] - setText(findTestObject("Object Repository/RecAndPlayBk/Page-Vlink-AuthOnly/input_Card ex year_card_exyr"), exY): Text '2025' is set on object 'Object Repository/RecAndPlayBk/Page-Vlink-AuthOnly/input_Card ex year_card_exyr'

2024-05-16 00:27:31 - [MESSAGE][PASSED] - Text '2025' is set on object 'Object Repository/RecAndPlayBk/Page-Vlink-AuthOnly/input_Card ex year_card_exyr'

2024-05-16 00:27:31 - [TEST_STEP][PASSED] - setText(findTestObject("Object Repository/RecAndPlayBk/Page-Vlink-AuthOnly/input_Track Data_track_data"), ""): Text '' is set on object 'Object Repository/RecAndPlayBk/Page-Vlink-AuthOnly/input_Track Data_track_data'

2024-05-16 00:27:31 - [MESSAGE][PASSED] - Text '' is set on object 'Object Repository/RecAndPlayBk/Page-Vlink-AuthOnly/input_Track Data_track_data'

2024-05-16 00:27:31 - [TEST_STEP][PASSED] - setText(findTestObject("Object Repository/RecAndPlayBk/Page-Vlink-AuthOnly/input_concat(Cardholder, , s email)_email"), ""): Text '' is set on object 'Object Repository/RecAndPlayBk/Page-Vlink-AuthOnly/input_concat(Cardholder, , s email)_email'

2024-05-16 00:27:32 - [MESSAGE][PASSED] - Text '' is set on object 'Object Repository/RecAndPlayBk/Page-Vlink-AuthOnly/input_concat(Cardholder, , s email)_email'

2024-05-16 00:27:32 - [TEST_STEP][PASSED] - click(findTestObject("Object Repository/RecAndPlayBk/Page-Vlink-AuthOnly/input_user_defined10_user_defined10")): Object: 'Object Repository/RecAndPlayBk/Page-Vlink-AuthOnly/input_user_defined10_user_defined10' is clicked on

2024-05-16 00:27:32 - [MESSAGE][PASSED] - Object: 'Object Repository/RecAndPlayBk/Page-Vlink-AuthOnly/input_user_defined10_user_defined10' is clicked on

2024-05-16 00:27:32 - [TEST_STEP][PASSED] - setText(findTestObject("Object Repository/RecAndPlayBk/Page-Vlink-AuthOnly/input_Card on File Indicator_card_on_file_i_157dae"), ""): Text '' is set on object 'Object Repository/RecAndPlayBk/Page-Vlink-AuthOnly/input_Card on File Indicator_card_on_file_i_157dae'

2024-05-16 00:27:33 - [MESSAGE][PASSED] - Text '' is set on object 'Object Repository/RecAndPlayBk/Page-Vlink-AuthOnly/input_Card on File Indicator_card_on_file_i_157dae'

2024-05-16 00:27:33 - [TEST_STEP][PASSED] - setText(findTestObject("Object Repository/RecAndPlayBk/Page-Vlink-AuthOnly/input_Stored Credential Indicator_stored_cr_4ae73c"), ""): Text '' is set on object 'Object Repository/RecAndPlayBk/Page-Vlink-AuthOnly/input_Stored Credential Indicator_stored_cr_4ae73c'

2024-05-16 00:27:34 - [MESSAGE][PASSED] - Text '' is set on object 'Object Repository/RecAndPlayBk/Page-Vlink-AuthOnly/input_Stored Credential Indicator_stored_cr_4ae73c'

2024-05-16 00:27:34 - [TEST_STEP][PASSED] - setText(findTestObject("Object Repository/RecAndPlayBk/Page-Vlink-AuthOnly/input_COF Scheduled indicator_cof_scheduled_8df7d8"), ""): Text '' is set on object 'Object Repository/RecAndPlayBk/Page-Vlink-AuthOnly/input_COF Scheduled indicator_cof_scheduled_8df7d8'

2024-05-16 00:27:34 - [MESSAGE][PASSED] - Text '' is set on object 'Object Repository/RecAndPlayBk/Page-Vlink-AuthOnly/input_COF Scheduled indicator_cof_scheduled_8df7d8'

2024-05-16 00:27:34 - [TEST_STEP][PASSED] - setText(findTestObject("Object Repository/RecAndPlayBk/Page-Vlink-AuthOnly/input_COF Transaction Initiated by_cof_tran_6cded5"), ""): Text '' is set on object 'Object Repository/RecAndPlayBk/Page-Vlink-AuthOnly/input_COF Transaction Initiated by_cof_tran_6cded5'

2024-05-16 00:27:35 - [MESSAGE][PASSED] - Text '' is set on object 'Object Repository/RecAndPlayBk/Page-Vlink-AuthOnly/input_COF Transaction Initiated by_cof_tran_6cded5'

2024-05-16 00:27:35 - [TEST_STEP][PASSED] - click(findTestObject("Object Repository/RecAndPlayBk/Page-Vlink-AuthOnly/input")): Object: 'Object Repository/RecAndPlayBk/Page-Vlink-AuthOnly/input' is clicked on

2024-05-16 00:27:36 - [MESSAGE][PASSED] - Object: 'Object Repository/RecAndPlayBk/Page-Vlink-AuthOnly/input' is clicked on

2024-05-16 00:27:36 - [TEST_STEP][PASSED] - if (verifyTextPresent(errorMsg, true)): null

2024-05-16 00:27:36 - [MESSAGE][PASSED] - Text 'amount' is present on page  using regular expression

2024-05-16 00:27:36 - [TEST_STEP][PASSED] - println("Error Message is present on the Confirmation page"): null

2024-05-16 00:27:36 - [TEST_STEP][PASSED] - out.println("Pass Record Number: " + row): null

2024-05-16 00:27:36 - [TEST_STEP][PASSED] - resText = "Pass": null

2024-05-16 00:27:36 - [TEST_STEP][PASSED] - pages.WriteExcel.demoKey(resText, datText, resColumn, datCloumn, fileLoc, nameSheet, row): pages.WriteExcel.demoKey is PASSED

2024-05-16 00:27:36 - [MESSAGE][PASSED] - pages.WriteExcel.demoKey is PASSED

2024-05-16 00:27:36 - [TEST_STEP][PASSED] - ExecuteTC = findTestData(dataFile).getValue("Execute", row): null

2024-05-16 00:27:36 - [TEST_STEP][PASSED] - out.println("Value of Execute is : " + ExecuteTC): null

2024-05-16 00:27:36 - [TEST_STEP][PASSED] - if (ExecuteTC.equalsIgnoreCase("Y")): null

2024-05-16 00:27:36 - [TEST_STEP][PASSED] - out.println("Begin Record Number: " + row): null

2024-05-16 00:27:36 - [TEST_STEP][PASSED] - today = new java.util.Date(): null

2024-05-16 00:27:36 - [TEST_STEP][PASSED] - println(today): null

2024-05-16 00:27:36 - [TEST_STEP][PASSED] - datText = today: null

2024-05-16 00:27:36 - [TEST_STEP][PASSED] - errorMsg = findTestData(dataFile).getValue("ErrorMsg", row): null

2024-05-16 00:27:36 - [TEST_STEP][PASSED] - appID = findTestData(dataFile).getValue("AppID", row): null

2024-05-16 00:27:36 - [TEST_STEP][PASSED] - username = findTestData(dataFile).getValue("Username", row): null

2024-05-16 00:27:36 - [TEST_STEP][PASSED] - password = findTestData(dataFile).getValue("Password", row): null

2024-05-16 00:27:36 - [TEST_STEP][PASSED] - tranType = findTestData(dataFile).getValue("TranType", row): null

2024-05-16 00:27:37 - [TEST_STEP][PASSED] - mv = findTestData(dataFile).getValue("MV", row): null

2024-05-16 00:27:37 - [TEST_STEP][PASSED] - resFormat = findTestData(dataFile).getValue("ResFormat", row): null

2024-05-16 00:27:37 - [TEST_STEP][PASSED] - category = findTestData(dataFile).getValue("Category", row): null

2024-05-16 00:27:37 - [TEST_STEP][PASSED] - amount = findTestData(dataFile).getValue("Amount", row): null

2024-05-16 00:27:37 - [TEST_STEP][PASSED] - cardName = findTestData(dataFile).getValue("CardName", row): null

2024-05-16 00:27:37 - [TEST_STEP][PASSED] - al1 = findTestData(dataFile).getValue("AL1", row): null

2024-05-16 00:27:37 - [TEST_STEP][PASSED] - city = findTestData(dataFile).getValue("City", row): null

2024-05-16 00:27:37 - [TEST_STEP][PASSED] - state = findTestData(dataFile).getValue("State", row): null

2024-05-16 00:27:37 - [TEST_STEP][PASSED] - zip = findTestData(dataFile).getValue("ZIP", row): null

2024-05-16 00:27:37 - [TEST_STEP][PASSED] - cardNumber = findTestData(dataFile).getValue("CardNumber", row): null

2024-05-16 00:27:38 - [TEST_STEP][PASSED] - exM = findTestData(dataFile).getValue("ExM", row): null

2024-05-16 00:27:38 - [TEST_STEP][PASSED] - exY = findTestData(dataFile).getValue("ExY", row): null

2024-05-16 00:27:38 - [TEST_STEP][PASSED] - openBrowser(VLinkURL + "auth.html"): Browser is opened with url: 'https://dev-algorithm.govolution.com/vlinktest/QA2/version_2_0/auth.html'

2024-05-16 00:27:38 - [MESSAGE][WARNING] - A browser is already opened. Closing browser and opening a new one

2024-05-16 00:27:39 - [MESSAGE][INFO] - Starting 'Chrome' driver

2024-05-16 00:27:39 - [MESSAGE][INFO] - User set preference: ['acceptInsecureCerts', 'true']

2024-05-16 00:27:39 - [MESSAGE][INFO] - Action delay is set to 0 milliseconds

2024-05-16 00:27:41 - [MESSAGE][PASSED] - Browser is opened with url: 'https://dev-algorithm.govolution.com/vlinktest/QA2/version_2_0/auth.html'

2024-05-16 00:27:41 - [TEST_STEP][PASSED] - maximizeWindow(): Current window maximized

2024-05-16 00:27:41 - [MESSAGE][PASSED] - Current window maximized

2024-05-16 00:27:41 - [TEST_STEP][PASSED] - maximizeWindow(): Current window maximized

2024-05-16 00:27:41 - [MESSAGE][PASSED] - Current window maximized

2024-05-16 00:27:41 - [TEST_STEP][PASSED] - setText(findTestObject("Object Repository/RecAndPlayBk/Page-Vlink-AuthOnly/txt_TransactionType"), tranType): Text '104' is set on object 'Object Repository/RecAndPlayBk/Page-Vlink-AuthOnly/txt_TransactionType'

2024-05-16 00:27:42 - [MESSAGE][PASSED] - Text '104' is set on object 'Object Repository/RecAndPlayBk/Page-Vlink-AuthOnly/txt_TransactionType'

2024-05-16 00:27:42 - [TEST_STEP][PASSED] - setText(findTestObject("Object Repository/RecAndPlayBk/Page-Vlink-AuthOnly/txt_MessageVersion"), mv): Text '2.0C' is set on object 'Object Repository/RecAndPlayBk/Page-Vlink-AuthOnly/txt_MessageVersion'

2024-05-16 00:27:43 - [MESSAGE][PASSED] - Text '2.0C' is set on object 'Object Repository/RecAndPlayBk/Page-Vlink-AuthOnly/txt_MessageVersion'

2024-05-16 00:27:43 - [TEST_STEP][PASSED] - genRemID = RandomStringUtils.random(12, true, true): null

2024-05-16 00:27:43 - [TEST_STEP][PASSED] - setText(findTestObject("Object Repository/RecAndPlayBk/Page-Vlink-AuthOnly/input_Remittance Id_remittance_id"), genRemID): Text 'm0GYFQ2kOios' is set on object 'Object Repository/RecAndPlayBk/Page-Vlink-AuthOnly/input_Remittance Id_remittance_id'

2024-05-16 00:27:43 - [MESSAGE][PASSED] - Text 'm0GYFQ2kOios' is set on object 'Object Repository/RecAndPlayBk/Page-Vlink-AuthOnly/input_Remittance Id_remittance_id'

2024-05-16 00:27:43 - [TEST_STEP][PASSED] - setText(findTestObject("Object Repository/RecAndPlayBk/Page-Vlink-AuthOnly/input_Application Id_application_id"), appID): Text '234' is set on object 'Object Repository/RecAndPlayBk/Page-Vlink-AuthOnly/input_Application Id_application_id'

2024-05-16 00:27:44 - [MESSAGE][PASSED] - Text '234' is set on object 'Object Repository/RecAndPlayBk/Page-Vlink-AuthOnly/input_Application Id_application_id'

2024-05-16 00:27:44 - [TEST_STEP][PASSED] - setText(findTestObject("Object Repository/RecAndPlayBk/Page-Vlink-AuthOnly/input_Username_username"), username): Text 'username' is set on object 'Object Repository/RecAndPlayBk/Page-Vlink-AuthOnly/input_Username_username'

2024-05-16 00:27:45 - [MESSAGE][PASSED] - Text 'username' is set on object 'Object Repository/RecAndPlayBk/Page-Vlink-AuthOnly/input_Username_username'

2024-05-16 00:27:45 - [TEST_STEP][PASSED] - setText(findTestObject("Object Repository/RecAndPlayBk/Page-Vlink-AuthOnly/input_Password_password"), password): Text 'password' is set on object 'Object Repository/RecAndPlayBk/Page-Vlink-AuthOnly/input_Password_password'

2024-05-16 00:27:45 - [MESSAGE][PASSED] - Text 'password' is set on object 'Object Repository/RecAndPlayBk/Page-Vlink-AuthOnly/input_Password_password'

2024-05-16 00:27:45 - [TEST_STEP][PASSED] - setText(findTestObject("Object Repository/RecAndPlayBk/Page-Vlink-AuthOnly/txt_ResponseFormat"), resFormat): Text 'fixed_width' is set on object 'Object Repository/RecAndPlayBk/Page-Vlink-AuthOnly/txt_ResponseFormat'

2024-05-16 00:27:46 - [MESSAGE][PASSED] - Text 'fixed_width' is set on object 'Object Repository/RecAndPlayBk/Page-Vlink-AuthOnly/txt_ResponseFormat'

2024-05-16 00:27:46 - [TEST_STEP][PASSED] - setText(findTestObject("Object Repository/RecAndPlayBk/Page-Vlink-AuthOnly/input_Category_category"), category): Text 'ECOM' is set on object 'Object Repository/RecAndPlayBk/Page-Vlink-AuthOnly/input_Category_category'

2024-05-16 00:27:47 - [MESSAGE][PASSED] - Text 'ECOM' is set on object 'Object Repository/RecAndPlayBk/Page-Vlink-AuthOnly/input_Category_category'

2024-05-16 00:27:47 - [TEST_STEP][PASSED] - setText(findTestObject("Object Repository/RecAndPlayBk/Page-Vlink-AuthOnly/txt_CardName"), cardName): Text 'Kris Roshan' is set on object 'Object Repository/RecAndPlayBk/Page-Vlink-AuthOnly/txt_CardName'

2024-05-16 00:27:47 - [MESSAGE][PASSED] - Text 'Kris Roshan' is set on object 'Object Repository/RecAndPlayBk/Page-Vlink-AuthOnly/txt_CardName'

2024-05-16 00:27:47 - [TEST_STEP][PASSED] - setText(findTestObject("Object Repository/RecAndPlayBk/Page-Vlink-AuthOnly/txt_AL1"), al1): Text '258 Elm Road' is set on object 'Object Repository/RecAndPlayBk/Page-Vlink-AuthOnly/txt_AL1'

2024-05-16 00:27:48 - [MESSAGE][PASSED] - Text '258 Elm Road' is set on object 'Object Repository/RecAndPlayBk/Page-Vlink-AuthOnly/txt_AL1'

2024-05-16 00:27:48 - [TEST_STEP][PASSED] - setText(findTestObject("Object Repository/RecAndPlayBk/Page-Vlink-AuthOnly/txt_CardCity"), city): Text 'Arlington' is set on object 'Object Repository/RecAndPlayBk/Page-Vlink-AuthOnly/txt_CardCity'

2024-05-16 00:27:49 - [MESSAGE][PASSED] - Text 'Arlington' is set on object 'Object Repository/RecAndPlayBk/Page-Vlink-AuthOnly/txt_CardCity'

2024-05-16 00:27:49 - [TEST_STEP][PASSED] - setText(findTestObject("Object Repository/RecAndPlayBk/Page-Vlink-AuthOnly/txt_CardState"), state): Text 'VA' is set on object 'Object Repository/RecAndPlayBk/Page-Vlink-AuthOnly/txt_CardState'

2024-05-16 00:27:49 - [MESSAGE][PASSED] - Text 'VA' is set on object 'Object Repository/RecAndPlayBk/Page-Vlink-AuthOnly/txt_CardState'

2024-05-16 00:27:49 - [TEST_STEP][PASSED] - setText(findTestObject("Object Repository/RecAndPlayBk/Page-Vlink-AuthOnly/txt_CardZIP"), zip): Text '22201' is set on object 'Object Repository/RecAndPlayBk/Page-Vlink-AuthOnly/txt_CardZIP'

2024-05-16 00:27:50 - [MESSAGE][PASSED] - Text '22201' is set on object 'Object Repository/RecAndPlayBk/Page-Vlink-AuthOnly/txt_CardZIP'

2024-05-16 00:27:50 - [TEST_STEP][PASSED] - setText(findTestObject("Object Repository/RecAndPlayBk/Page-Vlink-AuthOnly/input_Amount_amount"), amount): Text '1.50' is set on object 'Object Repository/RecAndPlayBk/Page-Vlink-AuthOnly/input_Amount_amount'

2024-05-16 00:27:51 - [MESSAGE][PASSED] - Text '1.50' is set on object 'Object Repository/RecAndPlayBk/Page-Vlink-AuthOnly/input_Amount_amount'

2024-05-16 00:27:51 - [TEST_STEP][PASSED] - setText(findTestObject("Object Repository/RecAndPlayBk/Page-Vlink-AuthOnly/input_Card number_card_number"), cardNumber): Text '' is set on object 'Object Repository/RecAndPlayBk/Page-Vlink-AuthOnly/input_Card number_card_number'

2024-05-16 00:27:51 - [MESSAGE][PASSED] - Text '' is set on object 'Object Repository/RecAndPlayBk/Page-Vlink-AuthOnly/input_Card number_card_number'

2024-05-16 00:27:51 - [TEST_STEP][PASSED] - setText(findTestObject("Object Repository/RecAndPlayBk/Page-Vlink-AuthOnly/input_Card ex month_card_exmo"), exM): Text '12' is set on object 'Object Repository/RecAndPlayBk/Page-Vlink-AuthOnly/input_Card ex month_card_exmo'

2024-05-16 00:27:52 - [MESSAGE][PASSED] - Text '12' is set on object 'Object Repository/RecAndPlayBk/Page-Vlink-AuthOnly/input_Card ex month_card_exmo'

2024-05-16 00:27:52 - [TEST_STEP][PASSED] - setText(findTestObject("Object Repository/RecAndPlayBk/Page-Vlink-AuthOnly/input_Card ex year_card_exyr"), exY): Text '2025' is set on object 'Object Repository/RecAndPlayBk/Page-Vlink-AuthOnly/input_Card ex year_card_exyr'

2024-05-16 00:27:53 - [MESSAGE][PASSED] - Text '2025' is set on object 'Object Repository/RecAndPlayBk/Page-Vlink-AuthOnly/input_Card ex year_card_exyr'

2024-05-16 00:27:53 - [TEST_STEP][PASSED] - setText(findTestObject("Object Repository/RecAndPlayBk/Page-Vlink-AuthOnly/input_Track Data_track_data"), ""): Text '' is set on object 'Object Repository/RecAndPlayBk/Page-Vlink-AuthOnly/input_Track Data_track_data'

2024-05-16 00:27:53 - [MESSAGE][PASSED] - Text '' is set on object 'Object Repository/RecAndPlayBk/Page-Vlink-AuthOnly/input_Track Data_track_data'

2024-05-16 00:27:53 - [TEST_STEP][PASSED] - setText(findTestObject("Object Repository/RecAndPlayBk/Page-Vlink-AuthOnly/input_concat(Cardholder, , s email)_email"), ""): Text '' is set on object 'Object Repository/RecAndPlayBk/Page-Vlink-AuthOnly/input_concat(Cardholder, , s email)_email'

2024-05-16 00:27:54 - [MESSAGE][PASSED] - Text '' is set on object 'Object Repository/RecAndPlayBk/Page-Vlink-AuthOnly/input_concat(Cardholder, , s email)_email'

2024-05-16 00:27:54 - [TEST_STEP][PASSED] - click(findTestObject("Object Repository/RecAndPlayBk/Page-Vlink-AuthOnly/input_user_defined10_user_defined10")): Object: 'Object Repository/RecAndPlayBk/Page-Vlink-AuthOnly/input_user_defined10_user_defined10' is clicked on

2024-05-16 00:27:54 - [MESSAGE][PASSED] - Object: 'Object Repository/RecAndPlayBk/Page-Vlink-AuthOnly/input_user_defined10_user_defined10' is clicked on

2024-05-16 00:27:54 - [TEST_STEP][PASSED] - setText(findTestObject("Object Repository/RecAndPlayBk/Page-Vlink-AuthOnly/input_Card on File Indicator_card_on_file_i_157dae"), ""): Text '' is set on object 'Object Repository/RecAndPlayBk/Page-Vlink-AuthOnly/input_Card on File Indicator_card_on_file_i_157dae'

2024-05-16 00:27:55 - [MESSAGE][PASSED] - Text '' is set on object 'Object Repository/RecAndPlayBk/Page-Vlink-AuthOnly/input_Card on File Indicator_card_on_file_i_157dae'

2024-05-16 00:27:55 - [TEST_STEP][PASSED] - setText(findTestObject("Object Repository/RecAndPlayBk/Page-Vlink-AuthOnly/input_Stored Credential Indicator_stored_cr_4ae73c"), ""): Text '' is set on object 'Object Repository/RecAndPlayBk/Page-Vlink-AuthOnly/input_Stored Credential Indicator_stored_cr_4ae73c'

2024-05-16 00:27:56 - [MESSAGE][PASSED] - Text '' is set on object 'Object Repository/RecAndPlayBk/Page-Vlink-AuthOnly/input_Stored Credential Indicator_stored_cr_4ae73c'

2024-05-16 00:27:56 - [TEST_STEP][PASSED] - setText(findTestObject("Object Repository/RecAndPlayBk/Page-Vlink-AuthOnly/input_COF Scheduled indicator_cof_scheduled_8df7d8"), ""): Text '' is set on object 'Object Repository/RecAndPlayBk/Page-Vlink-AuthOnly/input_COF Scheduled indicator_cof_scheduled_8df7d8'

2024-05-16 00:27:56 - [MESSAGE][PASSED] - Text '' is set on object 'Object Repository/RecAndPlayBk/Page-Vlink-AuthOnly/input_COF Scheduled indicator_cof_scheduled_8df7d8'

2024-05-16 00:27:56 - [TEST_STEP][PASSED] - setText(findTestObject("Object Repository/RecAndPlayBk/Page-Vlink-AuthOnly/input_COF Transaction Initiated by_cof_tran_6cded5"), ""): Text '' is set on object 'Object Repository/RecAndPlayBk/Page-Vlink-AuthOnly/input_COF Transaction Initiated by_cof_tran_6cded5'

2024-05-16 00:27:57 - [MESSAGE][PASSED] - Text '' is set on object 'Object Repository/RecAndPlayBk/Page-Vlink-AuthOnly/input_COF Transaction Initiated by_cof_tran_6cded5'

2024-05-16 00:27:57 - [TEST_STEP][PASSED] - click(findTestObject("Object Repository/RecAndPlayBk/Page-Vlink-AuthOnly/input")): Object: 'Object Repository/RecAndPlayBk/Page-Vlink-AuthOnly/input' is clicked on

2024-05-16 00:27:58 - [MESSAGE][PASSED] - Object: 'Object Repository/RecAndPlayBk/Page-Vlink-AuthOnly/input' is clicked on

2024-05-16 00:27:58 - [TEST_STEP][PASSED] - if (verifyTextPresent(errorMsg, true)): null

2024-05-16 00:27:58 - [MESSAGE][PASSED] - Text 'card_number' is present on page  using regular expression

2024-05-16 00:27:58 - [TEST_STEP][PASSED] - println("Error Message is present on the Confirmation page"): null

2024-05-16 00:27:58 - [TEST_STEP][PASSED] - out.println("Pass Record Number: " + row): null

2024-05-16 00:27:58 - [TEST_STEP][PASSED] - resText = "Pass": null

2024-05-16 00:27:58 - [TEST_STEP][PASSED] - pages.WriteExcel.demoKey(resText, datText, resColumn, datCloumn, fileLoc, nameSheet, row): pages.WriteExcel.demoKey is PASSED

2024-05-16 00:27:58 - [MESSAGE][PASSED] - pages.WriteExcel.demoKey is PASSED

2024-05-16 00:27:58 - [TEST_STEP][PASSED] - ExecuteTC = findTestData(dataFile).getValue("Execute", row): null

2024-05-16 00:27:58 - [TEST_STEP][PASSED] - out.println("Value of Execute is : " + ExecuteTC): null

2024-05-16 00:27:58 - [TEST_STEP][PASSED] - if (ExecuteTC.equalsIgnoreCase("Y")): null

2024-05-16 00:27:58 - [TEST_STEP][PASSED] - out.println("Begin Record Number: " + row): null

2024-05-16 00:27:58 - [TEST_STEP][PASSED] - today = new java.util.Date(): null

2024-05-16 00:27:58 - [TEST_STEP][PASSED] - println(today): null

2024-05-16 00:27:58 - [TEST_STEP][PASSED] - datText = today: null

2024-05-16 00:27:58 - [TEST_STEP][PASSED] - errorMsg = findTestData(dataFile).getValue("ErrorMsg", row): null

2024-05-16 00:27:58 - [TEST_STEP][PASSED] - appID = findTestData(dataFile).getValue("AppID", row): null

2024-05-16 00:27:58 - [TEST_STEP][PASSED] - username = findTestData(dataFile).getValue("Username", row): null

2024-05-16 00:27:59 - [TEST_STEP][PASSED] - password = findTestData(dataFile).getValue("Password", row): null

2024-05-16 00:27:59 - [TEST_STEP][PASSED] - tranType = findTestData(dataFile).getValue("TranType", row): null

2024-05-16 00:27:59 - [TEST_STEP][PASSED] - mv = findTestData(dataFile).getValue("MV", row): null

2024-05-16 00:27:59 - [TEST_STEP][PASSED] - resFormat = findTestData(dataFile).getValue("ResFormat", row): null

2024-05-16 00:27:59 - [TEST_STEP][PASSED] - category = findTestData(dataFile).getValue("Category", row): null

2024-05-16 00:27:59 - [TEST_STEP][PASSED] - amount = findTestData(dataFile).getValue("Amount", row): null

2024-05-16 00:27:59 - [TEST_STEP][PASSED] - cardName = findTestData(dataFile).getValue("CardName", row): null

2024-05-16 00:27:59 - [TEST_STEP][PASSED] - al1 = findTestData(dataFile).getValue("AL1", row): null

2024-05-16 00:27:59 - [TEST_STEP][PASSED] - city = findTestData(dataFile).getValue("City", row): null

2024-05-16 00:27:59 - [TEST_STEP][PASSED] - state = findTestData(dataFile).getValue("State", row): null

2024-05-16 00:28:00 - [TEST_STEP][PASSED] - zip = findTestData(dataFile).getValue("ZIP", row): null

2024-05-16 00:28:00 - [TEST_STEP][PASSED] - cardNumber = findTestData(dataFile).getValue("CardNumber", row): null

2024-05-16 00:28:00 - [TEST_STEP][PASSED] - exM = findTestData(dataFile).getValue("ExM", row): null

2024-05-16 00:28:00 - [TEST_STEP][PASSED] - exY = findTestData(dataFile).getValue("ExY", row): null

2024-05-16 00:28:00 - [TEST_STEP][PASSED] - openBrowser(VLinkURL + "auth.html"): Browser is opened with url: 'https://dev-algorithm.govolution.com/vlinktest/QA2/version_2_0/auth.html'

2024-05-16 00:28:00 - [MESSAGE][WARNING] - A browser is already opened. Closing browser and opening a new one

2024-05-16 00:28:01 - [MESSAGE][INFO] - Starting 'Chrome' driver

2024-05-16 00:28:01 - [MESSAGE][INFO] - User set preference: ['acceptInsecureCerts', 'true']

2024-05-16 00:28:01 - [MESSAGE][INFO] - Action delay is set to 0 milliseconds

2024-05-16 00:28:04 - [MESSAGE][PASSED] - Browser is opened with url: 'https://dev-algorithm.govolution.com/vlinktest/QA2/version_2_0/auth.html'

2024-05-16 00:28:04 - [TEST_STEP][PASSED] - maximizeWindow(): Current window maximized

2024-05-16 00:28:04 - [MESSAGE][PASSED] - Current window maximized

2024-05-16 00:28:04 - [TEST_STEP][PASSED] - maximizeWindow(): Current window maximized

2024-05-16 00:28:04 - [MESSAGE][PASSED] - Current window maximized

2024-05-16 00:28:04 - [TEST_STEP][PASSED] - setText(findTestObject("Object Repository/RecAndPlayBk/Page-Vlink-AuthOnly/txt_TransactionType"), tranType): Text '104' is set on object 'Object Repository/RecAndPlayBk/Page-Vlink-AuthOnly/txt_TransactionType'

2024-05-16 00:28:05 - [MESSAGE][PASSED] - Text '104' is set on object 'Object Repository/RecAndPlayBk/Page-Vlink-AuthOnly/txt_TransactionType'

2024-05-16 00:28:05 - [TEST_STEP][PASSED] - setText(findTestObject("Object Repository/RecAndPlayBk/Page-Vlink-AuthOnly/txt_MessageVersion"), mv): Text '2.0C' is set on object 'Object Repository/RecAndPlayBk/Page-Vlink-AuthOnly/txt_MessageVersion'

2024-05-16 00:28:06 - [MESSAGE][PASSED] - Text '2.0C' is set on object 'Object Repository/RecAndPlayBk/Page-Vlink-AuthOnly/txt_MessageVersion'

2024-05-16 00:28:06 - [TEST_STEP][PASSED] - genRemID = RandomStringUtils.random(12, true, true): null

2024-05-16 00:28:06 - [TEST_STEP][PASSED] - setText(findTestObject("Object Repository/RecAndPlayBk/Page-Vlink-AuthOnly/input_Remittance Id_remittance_id"), genRemID): Text '5ucpOwFO4hyq' is set on object 'Object Repository/RecAndPlayBk/Page-Vlink-AuthOnly/input_Remittance Id_remittance_id'

2024-05-16 00:28:07 - [MESSAGE][PASSED] - Text '5ucpOwFO4hyq' is set on object 'Object Repository/RecAndPlayBk/Page-Vlink-AuthOnly/input_Remittance Id_remittance_id'

2024-05-16 00:28:07 - [TEST_STEP][PASSED] - setText(findTestObject("Object Repository/RecAndPlayBk/Page-Vlink-AuthOnly/input_Application Id_application_id"), appID): Text '234' is set on object 'Object Repository/RecAndPlayBk/Page-Vlink-AuthOnly/input_Application Id_application_id'

2024-05-16 00:28:07 - [MESSAGE][PASSED] - Text '234' is set on object 'Object Repository/RecAndPlayBk/Page-Vlink-AuthOnly/input_Application Id_application_id'

2024-05-16 00:28:07 - [TEST_STEP][PASSED] - setText(findTestObject("Object Repository/RecAndPlayBk/Page-Vlink-AuthOnly/input_Username_username"), username): Text 'username' is set on object 'Object Repository/RecAndPlayBk/Page-Vlink-AuthOnly/input_Username_username'

2024-05-16 00:28:08 - [MESSAGE][PASSED] - Text 'username' is set on object 'Object Repository/RecAndPlayBk/Page-Vlink-AuthOnly/input_Username_username'

2024-05-16 00:28:08 - [TEST_STEP][PASSED] - setText(findTestObject("Object Repository/RecAndPlayBk/Page-Vlink-AuthOnly/input_Password_password"), password): Text 'password' is set on object 'Object Repository/RecAndPlayBk/Page-Vlink-AuthOnly/input_Password_password'

2024-05-16 00:28:09 - [MESSAGE][PASSED] - Text 'password' is set on object 'Object Repository/RecAndPlayBk/Page-Vlink-AuthOnly/input_Password_password'

2024-05-16 00:28:09 - [TEST_STEP][PASSED] - setText(findTestObject("Object Repository/RecAndPlayBk/Page-Vlink-AuthOnly/txt_ResponseFormat"), resFormat): Text 'fixed_width' is set on object 'Object Repository/RecAndPlayBk/Page-Vlink-AuthOnly/txt_ResponseFormat'

2024-05-16 00:28:09 - [MESSAGE][PASSED] - Text 'fixed_width' is set on object 'Object Repository/RecAndPlayBk/Page-Vlink-AuthOnly/txt_ResponseFormat'

2024-05-16 00:28:09 - [TEST_STEP][PASSED] - setText(findTestObject("Object Repository/RecAndPlayBk/Page-Vlink-AuthOnly/input_Category_category"), category): Text 'MOTO' is set on object 'Object Repository/RecAndPlayBk/Page-Vlink-AuthOnly/input_Category_category'

2024-05-16 00:28:10 - [MESSAGE][PASSED] - Text 'MOTO' is set on object 'Object Repository/RecAndPlayBk/Page-Vlink-AuthOnly/input_Category_category'

2024-05-16 00:28:10 - [TEST_STEP][PASSED] - setText(findTestObject("Object Repository/RecAndPlayBk/Page-Vlink-AuthOnly/txt_CardName"), cardName): Text 'Kris Roshan' is set on object 'Object Repository/RecAndPlayBk/Page-Vlink-AuthOnly/txt_CardName'

2024-05-16 00:28:11 - [MESSAGE][PASSED] - Text 'Kris Roshan' is set on object 'Object Repository/RecAndPlayBk/Page-Vlink-AuthOnly/txt_CardName'

2024-05-16 00:28:11 - [TEST_STEP][PASSED] - setText(findTestObject("Object Repository/RecAndPlayBk/Page-Vlink-AuthOnly/txt_AL1"), al1): Text '258 Elm Road' is set on object 'Object Repository/RecAndPlayBk/Page-Vlink-AuthOnly/txt_AL1'

2024-05-16 00:28:11 - [MESSAGE][PASSED] - Text '258 Elm Road' is set on object 'Object Repository/RecAndPlayBk/Page-Vlink-AuthOnly/txt_AL1'

2024-05-16 00:28:11 - [TEST_STEP][PASSED] - setText(findTestObject("Object Repository/RecAndPlayBk/Page-Vlink-AuthOnly/txt_CardCity"), city): Text 'Arlington' is set on object 'Object Repository/RecAndPlayBk/Page-Vlink-AuthOnly/txt_CardCity'

2024-05-16 00:28:12 - [MESSAGE][PASSED] - Text 'Arlington' is set on object 'Object Repository/RecAndPlayBk/Page-Vlink-AuthOnly/txt_CardCity'

2024-05-16 00:28:12 - [TEST_STEP][PASSED] - setText(findTestObject("Object Repository/RecAndPlayBk/Page-Vlink-AuthOnly/txt_CardState"), state): Text 'VA' is set on object 'Object Repository/RecAndPlayBk/Page-Vlink-AuthOnly/txt_CardState'

2024-05-16 00:28:13 - [MESSAGE][PASSED] - Text 'VA' is set on object 'Object Repository/RecAndPlayBk/Page-Vlink-AuthOnly/txt_CardState'

2024-05-16 00:28:13 - [TEST_STEP][PASSED] - setText(findTestObject("Object Repository/RecAndPlayBk/Page-Vlink-AuthOnly/txt_CardZIP"), zip): Text '22201' is set on object 'Object Repository/RecAndPlayBk/Page-Vlink-AuthOnly/txt_CardZIP'

2024-05-16 00:28:13 - [MESSAGE][PASSED] - Text '22201' is set on object 'Object Repository/RecAndPlayBk/Page-Vlink-AuthOnly/txt_CardZIP'

2024-05-16 00:28:13 - [TEST_STEP][PASSED] - setText(findTestObject("Object Repository/RecAndPlayBk/Page-Vlink-AuthOnly/input_Amount_amount"), amount): Text '1.50' is set on object 'Object Repository/RecAndPlayBk/Page-Vlink-AuthOnly/input_Amount_amount'

2024-05-16 00:28:14 - [MESSAGE][PASSED] - Text '1.50' is set on object 'Object Repository/RecAndPlayBk/Page-Vlink-AuthOnly/input_Amount_amount'

2024-05-16 00:28:14 - [TEST_STEP][PASSED] - setText(findTestObject("Object Repository/RecAndPlayBk/Page-Vlink-AuthOnly/input_Card number_card_number"), cardNumber): Text '' is set on object 'Object Repository/RecAndPlayBk/Page-Vlink-AuthOnly/input_Card number_card_number'

2024-05-16 00:28:15 - [MESSAGE][PASSED] - Text '' is set on object 'Object Repository/RecAndPlayBk/Page-Vlink-AuthOnly/input_Card number_card_number'

2024-05-16 00:28:15 - [TEST_STEP][PASSED] - setText(findTestObject("Object Repository/RecAndPlayBk/Page-Vlink-AuthOnly/input_Card ex month_card_exmo"), exM): Text '12' is set on object 'Object Repository/RecAndPlayBk/Page-Vlink-AuthOnly/input_Card ex month_card_exmo'

2024-05-16 00:28:16 - [MESSAGE][PASSED] - Text '12' is set on object 'Object Repository/RecAndPlayBk/Page-Vlink-AuthOnly/input_Card ex month_card_exmo'

2024-05-16 00:28:16 - [TEST_STEP][PASSED] - setText(findTestObject("Object Repository/RecAndPlayBk/Page-Vlink-AuthOnly/input_Card ex year_card_exyr"), exY): Text '2025' is set on object 'Object Repository/RecAndPlayBk/Page-Vlink-AuthOnly/input_Card ex year_card_exyr'

2024-05-16 00:28:16 - [MESSAGE][PASSED] - Text '2025' is set on object 'Object Repository/RecAndPlayBk/Page-Vlink-AuthOnly/input_Card ex year_card_exyr'

2024-05-16 00:28:16 - [TEST_STEP][PASSED] - setText(findTestObject("Object Repository/RecAndPlayBk/Page-Vlink-AuthOnly/input_Track Data_track_data"), ""): Text '' is set on object 'Object Repository/RecAndPlayBk/Page-Vlink-AuthOnly/input_Track Data_track_data'

2024-05-16 00:28:17 - [MESSAGE][PASSED] - Text '' is set on object 'Object Repository/RecAndPlayBk/Page-Vlink-AuthOnly/input_Track Data_track_data'

2024-05-16 00:28:17 - [TEST_STEP][PASSED] - setText(findTestObject("Object Repository/RecAndPlayBk/Page-Vlink-AuthOnly/input_concat(Cardholder, , s email)_email"), ""): Text '' is set on object 'Object Repository/RecAndPlayBk/Page-Vlink-AuthOnly/input_concat(Cardholder, , s email)_email'

2024-05-16 00:28:17 - [MESSAGE][PASSED] - Text '' is set on object 'Object Repository/RecAndPlayBk/Page-Vlink-AuthOnly/input_concat(Cardholder, , s email)_email'

2024-05-16 00:28:17 - [TEST_STEP][PASSED] - click(findTestObject("Object Repository/RecAndPlayBk/Page-Vlink-AuthOnly/input_user_defined10_user_defined10")): Object: 'Object Repository/RecAndPlayBk/Page-Vlink-AuthOnly/input_user_defined10_user_defined10' is clicked on

2024-05-16 00:28:18 - [MESSAGE][PASSED] - Object: 'Object Repository/RecAndPlayBk/Page-Vlink-AuthOnly/input_user_defined10_user_defined10' is clicked on

2024-05-16 00:28:18 - [TEST_STEP][PASSED] - setText(findTestObject("Object Repository/RecAndPlayBk/Page-Vlink-AuthOnly/input_Card on File Indicator_card_on_file_i_157dae"), ""): Text '' is set on object 'Object Repository/RecAndPlayBk/Page-Vlink-AuthOnly/input_Card on File Indicator_card_on_file_i_157dae'

2024-05-16 00:28:18 - [MESSAGE][PASSED] - Text '' is set on object 'Object Repository/RecAndPlayBk/Page-Vlink-AuthOnly/input_Card on File Indicator_card_on_file_i_157dae'

2024-05-16 00:28:18 - [TEST_STEP][PASSED] - setText(findTestObject("Object Repository/RecAndPlayBk/Page-Vlink-AuthOnly/input_Stored Credential Indicator_stored_cr_4ae73c"), ""): Text '' is set on object 'Object Repository/RecAndPlayBk/Page-Vlink-AuthOnly/input_Stored Credential Indicator_stored_cr_4ae73c'

2024-05-16 00:28:19 - [MESSAGE][PASSED] - Text '' is set on object 'Object Repository/RecAndPlayBk/Page-Vlink-AuthOnly/input_Stored Credential Indicator_stored_cr_4ae73c'

2024-05-16 00:28:19 - [TEST_STEP][PASSED] - setText(findTestObject("Object Repository/RecAndPlayBk/Page-Vlink-AuthOnly/input_COF Scheduled indicator_cof_scheduled_8df7d8"), ""): Text '' is set on object 'Object Repository/RecAndPlayBk/Page-Vlink-AuthOnly/input_COF Scheduled indicator_cof_scheduled_8df7d8'

2024-05-16 00:28:20 - [MESSAGE][PASSED] - Text '' is set on object 'Object Repository/RecAndPlayBk/Page-Vlink-AuthOnly/input_COF Scheduled indicator_cof_scheduled_8df7d8'

2024-05-16 00:28:20 - [TEST_STEP][PASSED] - setText(findTestObject("Object Repository/RecAndPlayBk/Page-Vlink-AuthOnly/input_COF Transaction Initiated by_cof_tran_6cded5"), ""): Text '' is set on object 'Object Repository/RecAndPlayBk/Page-Vlink-AuthOnly/input_COF Transaction Initiated by_cof_tran_6cded5'

2024-05-16 00:28:20 - [MESSAGE][PASSED] - Text '' is set on object 'Object Repository/RecAndPlayBk/Page-Vlink-AuthOnly/input_COF Transaction Initiated by_cof_tran_6cded5'

2024-05-16 00:28:20 - [TEST_STEP][PASSED] - click(findTestObject("Object Repository/RecAndPlayBk/Page-Vlink-AuthOnly/input")): Object: 'Object Repository/RecAndPlayBk/Page-Vlink-AuthOnly/input' is clicked on

2024-05-16 00:28:21 - [MESSAGE][PASSED] - Object: 'Object Repository/RecAndPlayBk/Page-Vlink-AuthOnly/input' is clicked on

2024-05-16 00:28:21 - [TEST_STEP][PASSED] - if (verifyTextPresent(errorMsg, true)): null

2024-05-16 00:28:21 - [MESSAGE][PASSED] - Text 'card_number' is present on page  using regular expression

2024-05-16 00:28:21 - [TEST_STEP][PASSED] - println("Error Message is present on the Confirmation page"): null

2024-05-16 00:28:21 - [TEST_STEP][PASSED] - out.println("Pass Record Number: " + row): null

2024-05-16 00:28:21 - [TEST_STEP][PASSED] - resText = "Pass": null

2024-05-16 00:28:21 - [TEST_STEP][PASSED] - pages.WriteExcel.demoKey(resText, datText, resColumn, datCloumn, fileLoc, nameSheet, row): pages.WriteExcel.demoKey is PASSED

2024-05-16 00:28:22 - [MESSAGE][PASSED] - pages.WriteExcel.demoKey is PASSED

2024-05-16 00:28:22 - [TEST_STEP][PASSED] - ExecuteTC = findTestData(dataFile).getValue("Execute", row): null

2024-05-16 00:28:22 - [TEST_STEP][PASSED] - out.println("Value of Execute is : " + ExecuteTC): null

2024-05-16 00:28:22 - [TEST_STEP][PASSED] - if (ExecuteTC.equalsIgnoreCase("Y")): null

2024-05-16 00:28:22 - [TEST_STEP][PASSED] - out.println("Begin Record Number: " + row): null

2024-05-16 00:28:22 - [TEST_STEP][PASSED] - today = new java.util.Date(): null

2024-05-16 00:28:22 - [TEST_STEP][PASSED] - println(today): null

2024-05-16 00:28:22 - [TEST_STEP][PASSED] - datText = today: null

2024-05-16 00:28:22 - [TEST_STEP][PASSED] - errorMsg = findTestData(dataFile).getValue("ErrorMsg", row): null

2024-05-16 00:28:22 - [TEST_STEP][PASSED] - appID = findTestData(dataFile).getValue("AppID", row): null

2024-05-16 00:28:22 - [TEST_STEP][PASSED] - username = findTestData(dataFile).getValue("Username", row): null

2024-05-16 00:28:22 - [TEST_STEP][PASSED] - password = findTestData(dataFile).getValue("Password", row): null

2024-05-16 00:28:22 - [TEST_STEP][PASSED] - tranType = findTestData(dataFile).getValue("TranType", row): null

2024-05-16 00:28:22 - [TEST_STEP][PASSED] - mv = findTestData(dataFile).getValue("MV", row): null

2024-05-16 00:28:22 - [TEST_STEP][PASSED] - resFormat = findTestData(dataFile).getValue("ResFormat", row): null

2024-05-16 00:28:22 - [TEST_STEP][PASSED] - category = findTestData(dataFile).getValue("Category", row): null

2024-05-16 00:28:22 - [TEST_STEP][PASSED] - amount = findTestData(dataFile).getValue("Amount", row): null

2024-05-16 00:28:22 - [TEST_STEP][PASSED] - cardName = findTestData(dataFile).getValue("CardName", row): null

2024-05-16 00:28:23 - [TEST_STEP][PASSED] - al1 = findTestData(dataFile).getValue("AL1", row): null

2024-05-16 00:28:23 - [TEST_STEP][PASSED] - city = findTestData(dataFile).getValue("City", row): null

2024-05-16 00:28:23 - [TEST_STEP][PASSED] - state = findTestData(dataFile).getValue("State", row): null

2024-05-16 00:28:23 - [TEST_STEP][PASSED] - zip = findTestData(dataFile).getValue("ZIP", row): null

2024-05-16 00:28:23 - [TEST_STEP][PASSED] - cardNumber = findTestData(dataFile).getValue("CardNumber", row): null

2024-05-16 00:28:23 - [TEST_STEP][PASSED] - exM = findTestData(dataFile).getValue("ExM", row): null

2024-05-16 00:28:23 - [TEST_STEP][PASSED] - exY = findTestData(dataFile).getValue("ExY", row): null

2024-05-16 00:28:23 - [TEST_STEP][PASSED] - openBrowser(VLinkURL + "auth.html"): Browser is opened with url: 'https://dev-algorithm.govolution.com/vlinktest/QA2/version_2_0/auth.html'

2024-05-16 00:28:23 - [MESSAGE][WARNING] - A browser is already opened. Closing browser and opening a new one

2024-05-16 00:28:25 - [MESSAGE][INFO] - Starting 'Chrome' driver

2024-05-16 00:28:25 - [MESSAGE][INFO] - User set preference: ['acceptInsecureCerts', 'true']

2024-05-16 00:28:25 - [MESSAGE][INFO] - Action delay is set to 0 milliseconds

2024-05-16 00:28:27 - [MESSAGE][PASSED] - Browser is opened with url: 'https://dev-algorithm.govolution.com/vlinktest/QA2/version_2_0/auth.html'

2024-05-16 00:28:27 - [TEST_STEP][PASSED] - maximizeWindow(): Current window maximized

2024-05-16 00:28:27 - [MESSAGE][PASSED] - Current window maximized

2024-05-16 00:28:27 - [TEST_STEP][PASSED] - maximizeWindow(): Current window maximized

2024-05-16 00:28:27 - [MESSAGE][PASSED] - Current window maximized

2024-05-16 00:28:27 - [TEST_STEP][PASSED] - setText(findTestObject("Object Repository/RecAndPlayBk/Page-Vlink-AuthOnly/txt_TransactionType"), tranType): Text '104' is set on object 'Object Repository/RecAndPlayBk/Page-Vlink-AuthOnly/txt_TransactionType'

2024-05-16 00:28:28 - [MESSAGE][PASSED] - Text '104' is set on object 'Object Repository/RecAndPlayBk/Page-Vlink-AuthOnly/txt_TransactionType'

2024-05-16 00:28:28 - [TEST_STEP][PASSED] - setText(findTestObject("Object Repository/RecAndPlayBk/Page-Vlink-AuthOnly/txt_MessageVersion"), mv): Text '2.0C' is set on object 'Object Repository/RecAndPlayBk/Page-Vlink-AuthOnly/txt_MessageVersion'

2024-05-16 00:28:28 - [MESSAGE][PASSED] - Text '2.0C' is set on object 'Object Repository/RecAndPlayBk/Page-Vlink-AuthOnly/txt_MessageVersion'

2024-05-16 00:28:28 - [TEST_STEP][PASSED] - genRemID = RandomStringUtils.random(12, true, true): null

2024-05-16 00:28:28 - [TEST_STEP][PASSED] - setText(findTestObject("Object Repository/RecAndPlayBk/Page-Vlink-AuthOnly/input_Remittance Id_remittance_id"), genRemID): Text 'GPgWg8x2Lg1u' is set on object 'Object Repository/RecAndPlayBk/Page-Vlink-AuthOnly/input_Remittance Id_remittance_id'

2024-05-16 00:28:29 - [MESSAGE][PASSED] - Text 'GPgWg8x2Lg1u' is set on object 'Object Repository/RecAndPlayBk/Page-Vlink-AuthOnly/input_Remittance Id_remittance_id'

2024-05-16 00:28:29 - [TEST_STEP][PASSED] - setText(findTestObject("Object Repository/RecAndPlayBk/Page-Vlink-AuthOnly/input_Application Id_application_id"), appID): Text '234' is set on object 'Object Repository/RecAndPlayBk/Page-Vlink-AuthOnly/input_Application Id_application_id'

2024-05-16 00:28:30 - [MESSAGE][PASSED] - Text '234' is set on object 'Object Repository/RecAndPlayBk/Page-Vlink-AuthOnly/input_Application Id_application_id'

2024-05-16 00:28:30 - [TEST_STEP][PASSED] - setText(findTestObject("Object Repository/RecAndPlayBk/Page-Vlink-AuthOnly/input_Username_username"), username): Text 'username' is set on object 'Object Repository/RecAndPlayBk/Page-Vlink-AuthOnly/input_Username_username'

2024-05-16 00:28:30 - [MESSAGE][PASSED] - Text 'username' is set on object 'Object Repository/RecAndPlayBk/Page-Vlink-AuthOnly/input_Username_username'

2024-05-16 00:28:30 - [TEST_STEP][PASSED] - setText(findTestObject("Object Repository/RecAndPlayBk/Page-Vlink-AuthOnly/input_Password_password"), password): Text 'password' is set on object 'Object Repository/RecAndPlayBk/Page-Vlink-AuthOnly/input_Password_password'

2024-05-16 00:28:31 - [MESSAGE][PASSED] - Text 'password' is set on object 'Object Repository/RecAndPlayBk/Page-Vlink-AuthOnly/input_Password_password'

2024-05-16 00:28:31 - [TEST_STEP][PASSED] - setText(findTestObject("Object Repository/RecAndPlayBk/Page-Vlink-AuthOnly/txt_ResponseFormat"), resFormat): Text 'fixed_width' is set on object 'Object Repository/RecAndPlayBk/Page-Vlink-AuthOnly/txt_ResponseFormat'

2024-05-16 00:28:32 - [MESSAGE][PASSED] - Text 'fixed_width' is set on object 'Object Repository/RecAndPlayBk/Page-Vlink-AuthOnly/txt_ResponseFormat'

2024-05-16 00:28:32 - [TEST_STEP][PASSED] - setText(findTestObject("Object Repository/RecAndPlayBk/Page-Vlink-AuthOnly/input_Category_category"), category): Text 'RETL' is set on object 'Object Repository/RecAndPlayBk/Page-Vlink-AuthOnly/input_Category_category'

2024-05-16 00:28:32 - [MESSAGE][PASSED] - Text 'RETL' is set on object 'Object Repository/RecAndPlayBk/Page-Vlink-AuthOnly/input_Category_category'

2024-05-16 00:28:32 - [TEST_STEP][PASSED] - setText(findTestObject("Object Repository/RecAndPlayBk/Page-Vlink-AuthOnly/txt_CardName"), cardName): Text 'Kris Roshan' is set on object 'Object Repository/RecAndPlayBk/Page-Vlink-AuthOnly/txt_CardName'

2024-05-16 00:28:33 - [MESSAGE][PASSED] - Text 'Kris Roshan' is set on object 'Object Repository/RecAndPlayBk/Page-Vlink-AuthOnly/txt_CardName'

2024-05-16 00:28:33 - [TEST_STEP][PASSED] - setText(findTestObject("Object Repository/RecAndPlayBk/Page-Vlink-AuthOnly/txt_AL1"), al1): Text '258 Elm Road' is set on object 'Object Repository/RecAndPlayBk/Page-Vlink-AuthOnly/txt_AL1'

2024-05-16 00:28:34 - [MESSAGE][PASSED] - Text '258 Elm Road' is set on object 'Object Repository/RecAndPlayBk/Page-Vlink-AuthOnly/txt_AL1'

2024-05-16 00:28:34 - [TEST_STEP][PASSED] - setText(findTestObject("Object Repository/RecAndPlayBk/Page-Vlink-AuthOnly/txt_CardCity"), city): Text 'Arlington' is set on object 'Object Repository/RecAndPlayBk/Page-Vlink-AuthOnly/txt_CardCity'

2024-05-16 00:28:34 - [MESSAGE][PASSED] - Text 'Arlington' is set on object 'Object Repository/RecAndPlayBk/Page-Vlink-AuthOnly/txt_CardCity'

2024-05-16 00:28:34 - [TEST_STEP][PASSED] - setText(findTestObject("Object Repository/RecAndPlayBk/Page-Vlink-AuthOnly/txt_CardState"), state): Text 'VA' is set on object 'Object Repository/RecAndPlayBk/Page-Vlink-AuthOnly/txt_CardState'

2024-05-16 00:28:35 - [MESSAGE][PASSED] - Text 'VA' is set on object 'Object Repository/RecAndPlayBk/Page-Vlink-AuthOnly/txt_CardState'

2024-05-16 00:28:35 - [TEST_STEP][PASSED] - setText(findTestObject("Object Repository/RecAndPlayBk/Page-Vlink-AuthOnly/txt_CardZIP"), zip): Text '22201' is set on object 'Object Repository/RecAndPlayBk/Page-Vlink-AuthOnly/txt_CardZIP'

2024-05-16 00:28:36 - [MESSAGE][PASSED] - Text '22201' is set on object 'Object Repository/RecAndPlayBk/Page-Vlink-AuthOnly/txt_CardZIP'

2024-05-16 00:28:36 - [TEST_STEP][PASSED] - setText(findTestObject("Object Repository/RecAndPlayBk/Page-Vlink-AuthOnly/input_Amount_amount"), amount): Text '1.50' is set on object 'Object Repository/RecAndPlayBk/Page-Vlink-AuthOnly/input_Amount_amount'

2024-05-16 00:28:36 - [MESSAGE][PASSED] - Text '1.50' is set on object 'Object Repository/RecAndPlayBk/Page-Vlink-AuthOnly/input_Amount_amount'

2024-05-16 00:28:36 - [TEST_STEP][PASSED] - setText(findTestObject("Object Repository/RecAndPlayBk/Page-Vlink-AuthOnly/input_Card number_card_number"), cardNumber): Text '' is set on object 'Object Repository/RecAndPlayBk/Page-Vlink-AuthOnly/input_Card number_card_number'

2024-05-16 00:28:37 - [MESSAGE][PASSED] - Text '' is set on object 'Object Repository/RecAndPlayBk/Page-Vlink-AuthOnly/input_Card number_card_number'

2024-05-16 00:28:37 - [TEST_STEP][PASSED] - setText(findTestObject("Object Repository/RecAndPlayBk/Page-Vlink-AuthOnly/input_Card ex month_card_exmo"), exM): Text '12' is set on object 'Object Repository/RecAndPlayBk/Page-Vlink-AuthOnly/input_Card ex month_card_exmo'

2024-05-16 00:28:38 - [MESSAGE][PASSED] - Text '12' is set on object 'Object Repository/RecAndPlayBk/Page-Vlink-AuthOnly/input_Card ex month_card_exmo'

2024-05-16 00:28:38 - [TEST_STEP][PASSED] - setText(findTestObject("Object Repository/RecAndPlayBk/Page-Vlink-AuthOnly/input_Card ex year_card_exyr"), exY): Text '2025' is set on object 'Object Repository/RecAndPlayBk/Page-Vlink-AuthOnly/input_Card ex year_card_exyr'

2024-05-16 00:28:38 - [MESSAGE][PASSED] - Text '2025' is set on object 'Object Repository/RecAndPlayBk/Page-Vlink-AuthOnly/input_Card ex year_card_exyr'

2024-05-16 00:28:38 - [TEST_STEP][PASSED] - setText(findTestObject("Object Repository/RecAndPlayBk/Page-Vlink-AuthOnly/input_Track Data_track_data"), ""): Text '' is set on object 'Object Repository/RecAndPlayBk/Page-Vlink-AuthOnly/input_Track Data_track_data'

2024-05-16 00:28:39 - [MESSAGE][PASSED] - Text '' is set on object 'Object Repository/RecAndPlayBk/Page-Vlink-AuthOnly/input_Track Data_track_data'

2024-05-16 00:28:39 - [TEST_STEP][PASSED] - setText(findTestObject("Object Repository/RecAndPlayBk/Page-Vlink-AuthOnly/input_concat(Cardholder, , s email)_email"), ""): Text '' is set on object 'Object Repository/RecAndPlayBk/Page-Vlink-AuthOnly/input_concat(Cardholder, , s email)_email'

2024-05-16 00:28:40 - [MESSAGE][PASSED] - Text '' is set on object 'Object Repository/RecAndPlayBk/Page-Vlink-AuthOnly/input_concat(Cardholder, , s email)_email'

2024-05-16 00:28:40 - [TEST_STEP][PASSED] - click(findTestObject("Object Repository/RecAndPlayBk/Page-Vlink-AuthOnly/input_user_defined10_user_defined10")): Object: 'Object Repository/RecAndPlayBk/Page-Vlink-AuthOnly/input_user_defined10_user_defined10' is clicked on

2024-05-16 00:28:40 - [MESSAGE][PASSED] - Object: 'Object Repository/RecAndPlayBk/Page-Vlink-AuthOnly/input_user_defined10_user_defined10' is clicked on

2024-05-16 00:28:40 - [TEST_STEP][PASSED] - setText(findTestObject("Object Repository/RecAndPlayBk/Page-Vlink-AuthOnly/input_Card on File Indicator_card_on_file_i_157dae"), ""): Text '' is set on object 'Object Repository/RecAndPlayBk/Page-Vlink-AuthOnly/input_Card on File Indicator_card_on_file_i_157dae'

2024-05-16 00:28:41 - [MESSAGE][PASSED] - Text '' is set on object 'Object Repository/RecAndPlayBk/Page-Vlink-AuthOnly/input_Card on File Indicator_card_on_file_i_157dae'

2024-05-16 00:28:41 - [TEST_STEP][PASSED] - setText(findTestObject("Object Repository/RecAndPlayBk/Page-Vlink-AuthOnly/input_Stored Credential Indicator_stored_cr_4ae73c"), ""): Text '' is set on object 'Object Repository/RecAndPlayBk/Page-Vlink-AuthOnly/input_Stored Credential Indicator_stored_cr_4ae73c'

2024-05-16 00:28:41 - [MESSAGE][PASSED] - Text '' is set on object 'Object Repository/RecAndPlayBk/Page-Vlink-AuthOnly/input_Stored Credential Indicator_stored_cr_4ae73c'

2024-05-16 00:28:41 - [TEST_STEP][PASSED] - setText(findTestObject("Object Repository/RecAndPlayBk/Page-Vlink-AuthOnly/input_COF Scheduled indicator_cof_scheduled_8df7d8"), ""): Text '' is set on object 'Object Repository/RecAndPlayBk/Page-Vlink-AuthOnly/input_COF Scheduled indicator_cof_scheduled_8df7d8'

2024-05-16 00:28:42 - [MESSAGE][PASSED] - Text '' is set on object 'Object Repository/RecAndPlayBk/Page-Vlink-AuthOnly/input_COF Scheduled indicator_cof_scheduled_8df7d8'

2024-05-16 00:28:42 - [TEST_STEP][PASSED] - setText(findTestObject("Object Repository/RecAndPlayBk/Page-Vlink-AuthOnly/input_COF Transaction Initiated by_cof_tran_6cded5"), ""): Text '' is set on object 'Object Repository/RecAndPlayBk/Page-Vlink-AuthOnly/input_COF Transaction Initiated by_cof_tran_6cded5'

2024-05-16 00:28:43 - [MESSAGE][PASSED] - Text '' is set on object 'Object Repository/RecAndPlayBk/Page-Vlink-AuthOnly/input_COF Transaction Initiated by_cof_tran_6cded5'

2024-05-16 00:28:43 - [TEST_STEP][PASSED] - click(findTestObject("Object Repository/RecAndPlayBk/Page-Vlink-AuthOnly/input")): Object: 'Object Repository/RecAndPlayBk/Page-Vlink-AuthOnly/input' is clicked on

2024-05-16 00:28:43 - [MESSAGE][PASSED] - Object: 'Object Repository/RecAndPlayBk/Page-Vlink-AuthOnly/input' is clicked on

2024-05-16 00:28:43 - [TEST_STEP][PASSED] - if (verifyTextPresent(errorMsg, true)): null

2024-05-16 00:28:44 - [MESSAGE][PASSED] - Text 'card_number' is present on page  using regular expression

2024-05-16 00:28:44 - [TEST_STEP][PASSED] - println("Error Message is present on the Confirmation page"): null

2024-05-16 00:28:44 - [TEST_STEP][PASSED] - out.println("Pass Record Number: " + row): null

2024-05-16 00:28:44 - [TEST_STEP][PASSED] - resText = "Pass": null

2024-05-16 00:28:44 - [TEST_STEP][PASSED] - pages.WriteExcel.demoKey(resText, datText, resColumn, datCloumn, fileLoc, nameSheet, row): pages.WriteExcel.demoKey is PASSED

2024-05-16 00:28:44 - [MESSAGE][PASSED] - pages.WriteExcel.demoKey is PASSED

2024-05-16 00:28:44 - [TEST_STEP][PASSED] - ExecuteTC = findTestData(dataFile).getValue("Execute", row): null

2024-05-16 00:28:44 - [TEST_STEP][PASSED] - out.println("Value of Execute is : " + ExecuteTC): null

2024-05-16 00:28:44 - [TEST_STEP][PASSED] - if (ExecuteTC.equalsIgnoreCase("Y")): null

2024-05-16 00:28:44 - [TEST_STEP][PASSED] - out.println("Begin Record Number: " + row): null

2024-05-16 00:28:44 - [TEST_STEP][PASSED] - today = new java.util.Date(): null

2024-05-16 00:28:44 - [TEST_STEP][PASSED] - println(today): null

2024-05-16 00:28:44 - [TEST_STEP][PASSED] - datText = today: null

2024-05-16 00:28:44 - [TEST_STEP][PASSED] - errorMsg = findTestData(dataFile).getValue("ErrorMsg", row): null

2024-05-16 00:28:44 - [TEST_STEP][PASSED] - appID = findTestData(dataFile).getValue("AppID", row): null

2024-05-16 00:28:44 - [TEST_STEP][PASSED] - username = findTestData(dataFile).getValue("Username", row): null

2024-05-16 00:28:44 - [TEST_STEP][PASSED] - password = findTestData(dataFile).getValue("Password", row): null

2024-05-16 00:28:44 - [TEST_STEP][PASSED] - tranType = findTestData(dataFile).getValue("TranType", row): null

2024-05-16 00:28:44 - [TEST_STEP][PASSED] - mv = findTestData(dataFile).getValue("MV", row): null

2024-05-16 00:28:44 - [TEST_STEP][PASSED] - resFormat = findTestData(dataFile).getValue("ResFormat", row): null

2024-05-16 00:28:45 - [TEST_STEP][PASSED] - category = findTestData(dataFile).getValue("Category", row): null

2024-05-16 00:28:45 - [TEST_STEP][PASSED] - amount = findTestData(dataFile).getValue("Amount", row): null

2024-05-16 00:28:45 - [TEST_STEP][PASSED] - cardName = findTestData(dataFile).getValue("CardName", row): null

2024-05-16 00:28:45 - [TEST_STEP][PASSED] - al1 = findTestData(dataFile).getValue("AL1", row): null

2024-05-16 00:28:45 - [TEST_STEP][PASSED] - city = findTestData(dataFile).getValue("City", row): null

2024-05-16 00:28:45 - [TEST_STEP][PASSED] - state = findTestData(dataFile).getValue("State", row): null

2024-05-16 00:28:45 - [TEST_STEP][PASSED] - zip = findTestData(dataFile).getValue("ZIP", row): null

2024-05-16 00:28:45 - [TEST_STEP][PASSED] - cardNumber = findTestData(dataFile).getValue("CardNumber", row): null

2024-05-16 00:28:45 - [TEST_STEP][PASSED] - exM = findTestData(dataFile).getValue("ExM", row): null

2024-05-16 00:28:45 - [TEST_STEP][PASSED] - exY = findTestData(dataFile).getValue("ExY", row): null

2024-05-16 00:28:45 - [TEST_STEP][PASSED] - openBrowser(VLinkURL + "auth.html"): Browser is opened with url: 'https://dev-algorithm.govolution.com/vlinktest/QA2/version_2_0/auth.html'

2024-05-16 00:28:45 - [MESSAGE][WARNING] - A browser is already opened. Closing browser and opening a new one

2024-05-16 00:28:47 - [MESSAGE][INFO] - Starting 'Chrome' driver

2024-05-16 00:28:47 - [MESSAGE][INFO] - User set preference: ['acceptInsecureCerts', 'true']

2024-05-16 00:28:47 - [MESSAGE][INFO] - Action delay is set to 0 milliseconds

2024-05-16 00:28:49 - [MESSAGE][PASSED] - Browser is opened with url: 'https://dev-algorithm.govolution.com/vlinktest/QA2/version_2_0/auth.html'

2024-05-16 00:28:49 - [TEST_STEP][PASSED] - maximizeWindow(): Current window maximized

2024-05-16 00:28:49 - [MESSAGE][PASSED] - Current window maximized

2024-05-16 00:28:49 - [TEST_STEP][PASSED] - maximizeWindow(): Current window maximized

2024-05-16 00:28:49 - [MESSAGE][PASSED] - Current window maximized

2024-05-16 00:28:49 - [TEST_STEP][PASSED] - setText(findTestObject("Object Repository/RecAndPlayBk/Page-Vlink-AuthOnly/txt_TransactionType"), tranType): Text '104' is set on object 'Object Repository/RecAndPlayBk/Page-Vlink-AuthOnly/txt_TransactionType'

2024-05-16 00:28:50 - [MESSAGE][PASSED] - Text '104' is set on object 'Object Repository/RecAndPlayBk/Page-Vlink-AuthOnly/txt_TransactionType'

2024-05-16 00:28:50 - [TEST_STEP][PASSED] - setText(findTestObject("Object Repository/RecAndPlayBk/Page-Vlink-AuthOnly/txt_MessageVersion"), mv): Text '2.0C' is set on object 'Object Repository/RecAndPlayBk/Page-Vlink-AuthOnly/txt_MessageVersion'

2024-05-16 00:28:51 - [MESSAGE][PASSED] - Text '2.0C' is set on object 'Object Repository/RecAndPlayBk/Page-Vlink-AuthOnly/txt_MessageVersion'

2024-05-16 00:28:51 - [TEST_STEP][PASSED] - genRemID = RandomStringUtils.random(12, true, true): null

2024-05-16 00:28:51 - [TEST_STEP][PASSED] - setText(findTestObject("Object Repository/RecAndPlayBk/Page-Vlink-AuthOnly/input_Remittance Id_remittance_id"), genRemID): Text 'hfviaAmlnVO4' is set on object 'Object Repository/RecAndPlayBk/Page-Vlink-AuthOnly/input_Remittance Id_remittance_id'

2024-05-16 00:28:51 - [MESSAGE][PASSED] - Text 'hfviaAmlnVO4' is set on object 'Object Repository/RecAndPlayBk/Page-Vlink-AuthOnly/input_Remittance Id_remittance_id'

2024-05-16 00:28:51 - [TEST_STEP][PASSED] - setText(findTestObject("Object Repository/RecAndPlayBk/Page-Vlink-AuthOnly/input_Application Id_application_id"), appID): Text '234' is set on object 'Object Repository/RecAndPlayBk/Page-Vlink-AuthOnly/input_Application Id_application_id'

2024-05-16 00:28:52 - [MESSAGE][PASSED] - Text '234' is set on object 'Object Repository/RecAndPlayBk/Page-Vlink-AuthOnly/input_Application Id_application_id'

2024-05-16 00:28:52 - [TEST_STEP][PASSED] - setText(findTestObject("Object Repository/RecAndPlayBk/Page-Vlink-AuthOnly/input_Username_username"), username): Text 'username' is set on object 'Object Repository/RecAndPlayBk/Page-Vlink-AuthOnly/input_Username_username'

2024-05-16 00:28:53 - [MESSAGE][PASSED] - Text 'username' is set on object 'Object Repository/RecAndPlayBk/Page-Vlink-AuthOnly/input_Username_username'

2024-05-16 00:28:53 - [TEST_STEP][PASSED] - setText(findTestObject("Object Repository/RecAndPlayBk/Page-Vlink-AuthOnly/input_Password_password"), password): Text 'password' is set on object 'Object Repository/RecAndPlayBk/Page-Vlink-AuthOnly/input_Password_password'

2024-05-16 00:28:53 - [MESSAGE][PASSED] - Text 'password' is set on object 'Object Repository/RecAndPlayBk/Page-Vlink-AuthOnly/input_Password_password'

2024-05-16 00:28:53 - [TEST_STEP][PASSED] - setText(findTestObject("Object Repository/RecAndPlayBk/Page-Vlink-AuthOnly/txt_ResponseFormat"), resFormat): Text 'fixed_width' is set on object 'Object Repository/RecAndPlayBk/Page-Vlink-AuthOnly/txt_ResponseFormat'

2024-05-16 00:28:54 - [MESSAGE][PASSED] - Text 'fixed_width' is set on object 'Object Repository/RecAndPlayBk/Page-Vlink-AuthOnly/txt_ResponseFormat'

2024-05-16 00:28:54 - [TEST_STEP][PASSED] - setText(findTestObject("Object Repository/RecAndPlayBk/Page-Vlink-AuthOnly/input_Category_category"), category): Text 'ECOM' is set on object 'Object Repository/RecAndPlayBk/Page-Vlink-AuthOnly/input_Category_category'

2024-05-16 00:28:55 - [MESSAGE][PASSED] - Text 'ECOM' is set on object 'Object Repository/RecAndPlayBk/Page-Vlink-AuthOnly/input_Category_category'

2024-05-16 00:28:55 - [TEST_STEP][PASSED] - setText(findTestObject("Object Repository/RecAndPlayBk/Page-Vlink-AuthOnly/txt_CardName"), cardName): Text 'Kris Roshan' is set on object 'Object Repository/RecAndPlayBk/Page-Vlink-AuthOnly/txt_CardName'

2024-05-16 00:28:55 - [MESSAGE][PASSED] - Text 'Kris Roshan' is set on object 'Object Repository/RecAndPlayBk/Page-Vlink-AuthOnly/txt_CardName'

2024-05-16 00:28:55 - [TEST_STEP][PASSED] - setText(findTestObject("Object Repository/RecAndPlayBk/Page-Vlink-AuthOnly/txt_AL1"), al1): Text '258 Elm Road' is set on object 'Object Repository/RecAndPlayBk/Page-Vlink-AuthOnly/txt_AL1'

2024-05-16 00:28:56 - [MESSAGE][PASSED] - Text '258 Elm Road' is set on object 'Object Repository/RecAndPlayBk/Page-Vlink-AuthOnly/txt_AL1'

2024-05-16 00:28:56 - [TEST_STEP][PASSED] - setText(findTestObject("Object Repository/RecAndPlayBk/Page-Vlink-AuthOnly/txt_CardCity"), city): Text 'Arlington' is set on object 'Object Repository/RecAndPlayBk/Page-Vlink-AuthOnly/txt_CardCity'

2024-05-16 00:28:56 - [MESSAGE][PASSED] - Text 'Arlington' is set on object 'Object Repository/RecAndPlayBk/Page-Vlink-AuthOnly/txt_CardCity'

2024-05-16 00:28:56 - [TEST_STEP][PASSED] - setText(findTestObject("Object Repository/RecAndPlayBk/Page-Vlink-AuthOnly/txt_CardState"), state): Text 'VA' is set on object 'Object Repository/RecAndPlayBk/Page-Vlink-AuthOnly/txt_CardState'

2024-05-16 00:28:57 - [MESSAGE][PASSED] - Text 'VA' is set on object 'Object Repository/RecAndPlayBk/Page-Vlink-AuthOnly/txt_CardState'

2024-05-16 00:28:57 - [TEST_STEP][PASSED] - setText(findTestObject("Object Repository/RecAndPlayBk/Page-Vlink-AuthOnly/txt_CardZIP"), zip): Text '22201' is set on object 'Object Repository/RecAndPlayBk/Page-Vlink-AuthOnly/txt_CardZIP'

2024-05-16 00:28:58 - [MESSAGE][PASSED] - Text '22201' is set on object 'Object Repository/RecAndPlayBk/Page-Vlink-AuthOnly/txt_CardZIP'

2024-05-16 00:28:58 - [TEST_STEP][PASSED] - setText(findTestObject("Object Repository/RecAndPlayBk/Page-Vlink-AuthOnly/input_Amount_amount"), amount): Text '1.50' is set on object 'Object Repository/RecAndPlayBk/Page-Vlink-AuthOnly/input_Amount_amount'

2024-05-16 00:28:58 - [MESSAGE][PASSED] - Text '1.50' is set on object 'Object Repository/RecAndPlayBk/Page-Vlink-AuthOnly/input_Amount_amount'

2024-05-16 00:28:58 - [TEST_STEP][PASSED] - setText(findTestObject("Object Repository/RecAndPlayBk/Page-Vlink-AuthOnly/input_Card number_card_number"), cardNumber): Text '4111111111111111' is set on object 'Object Repository/RecAndPlayBk/Page-Vlink-AuthOnly/input_Card number_card_number'

2024-05-16 00:28:59 - [MESSAGE][PASSED] - Text '4111111111111111' is set on object 'Object Repository/RecAndPlayBk/Page-Vlink-AuthOnly/input_Card number_card_number'

2024-05-16 00:28:59 - [TEST_STEP][PASSED] - setText(findTestObject("Object Repository/RecAndPlayBk/Page-Vlink-AuthOnly/input_Card ex month_card_exmo"), exM): Text '' is set on object 'Object Repository/RecAndPlayBk/Page-Vlink-AuthOnly/input_Card ex month_card_exmo'

2024-05-16 00:29:00 - [MESSAGE][PASSED] - Text '' is set on object 'Object Repository/RecAndPlayBk/Page-Vlink-AuthOnly/input_Card ex month_card_exmo'

2024-05-16 00:29:00 - [TEST_STEP][PASSED] - setText(findTestObject("Object Repository/RecAndPlayBk/Page-Vlink-AuthOnly/input_Card ex year_card_exyr"), exY): Text '2025' is set on object 'Object Repository/RecAndPlayBk/Page-Vlink-AuthOnly/input_Card ex year_card_exyr'

2024-05-16 00:29:01 - [MESSAGE][PASSED] - Text '2025' is set on object 'Object Repository/RecAndPlayBk/Page-Vlink-AuthOnly/input_Card ex year_card_exyr'

2024-05-16 00:29:01 - [TEST_STEP][PASSED] - setText(findTestObject("Object Repository/RecAndPlayBk/Page-Vlink-AuthOnly/input_Track Data_track_data"), ""): Text '' is set on object 'Object Repository/RecAndPlayBk/Page-Vlink-AuthOnly/input_Track Data_track_data'

2024-05-16 00:29:01 - [MESSAGE][PASSED] - Text '' is set on object 'Object Repository/RecAndPlayBk/Page-Vlink-AuthOnly/input_Track Data_track_data'

2024-05-16 00:29:01 - [TEST_STEP][PASSED] - setText(findTestObject("Object Repository/RecAndPlayBk/Page-Vlink-AuthOnly/input_concat(Cardholder, , s email)_email"), ""): Text '' is set on object 'Object Repository/RecAndPlayBk/Page-Vlink-AuthOnly/input_concat(Cardholder, , s email)_email'

2024-05-16 00:29:02 - [MESSAGE][PASSED] - Text '' is set on object 'Object Repository/RecAndPlayBk/Page-Vlink-AuthOnly/input_concat(Cardholder, , s email)_email'

2024-05-16 00:29:02 - [TEST_STEP][PASSED] - click(findTestObject("Object Repository/RecAndPlayBk/Page-Vlink-AuthOnly/input_user_defined10_user_defined10")): Object: 'Object Repository/RecAndPlayBk/Page-Vlink-AuthOnly/input_user_defined10_user_defined10' is clicked on

2024-05-16 00:29:02 - [MESSAGE][PASSED] - Object: 'Object Repository/RecAndPlayBk/Page-Vlink-AuthOnly/input_user_defined10_user_defined10' is clicked on

2024-05-16 00:29:02 - [TEST_STEP][PASSED] - setText(findTestObject("Object Repository/RecAndPlayBk/Page-Vlink-AuthOnly/input_Card on File Indicator_card_on_file_i_157dae"), ""): Text '' is set on object 'Object Repository/RecAndPlayBk/Page-Vlink-AuthOnly/input_Card on File Indicator_card_on_file_i_157dae'

2024-05-16 00:29:03 - [MESSAGE][PASSED] - Text '' is set on object 'Object Repository/RecAndPlayBk/Page-Vlink-AuthOnly/input_Card on File Indicator_card_on_file_i_157dae'

2024-05-16 00:29:03 - [TEST_STEP][PASSED] - setText(findTestObject("Object Repository/RecAndPlayBk/Page-Vlink-AuthOnly/input_Stored Credential Indicator_stored_cr_4ae73c"), ""): Text '' is set on object 'Object Repository/RecAndPlayBk/Page-Vlink-AuthOnly/input_Stored Credential Indicator_stored_cr_4ae73c'

2024-05-16 00:29:03 - [MESSAGE][PASSED] - Text '' is set on object 'Object Repository/RecAndPlayBk/Page-Vlink-AuthOnly/input_Stored Credential Indicator_stored_cr_4ae73c'

2024-05-16 00:29:03 - [TEST_STEP][PASSED] - setText(findTestObject("Object Repository/RecAndPlayBk/Page-Vlink-AuthOnly/input_COF Scheduled indicator_cof_scheduled_8df7d8"), ""): Text '' is set on object 'Object Repository/RecAndPlayBk/Page-Vlink-AuthOnly/input_COF Scheduled indicator_cof_scheduled_8df7d8'

2024-05-16 00:29:04 - [MESSAGE][PASSED] - Text '' is set on object 'Object Repository/RecAndPlayBk/Page-Vlink-AuthOnly/input_COF Scheduled indicator_cof_scheduled_8df7d8'

2024-05-16 00:29:04 - [TEST_STEP][PASSED] - setText(findTestObject("Object Repository/RecAndPlayBk/Page-Vlink-AuthOnly/input_COF Transaction Initiated by_cof_tran_6cded5"), ""): Text '' is set on object 'Object Repository/RecAndPlayBk/Page-Vlink-AuthOnly/input_COF Transaction Initiated by_cof_tran_6cded5'

2024-05-16 00:29:05 - [MESSAGE][PASSED] - Text '' is set on object 'Object Repository/RecAndPlayBk/Page-Vlink-AuthOnly/input_COF Transaction Initiated by_cof_tran_6cded5'

2024-05-16 00:29:05 - [TEST_STEP][PASSED] - click(findTestObject("Object Repository/RecAndPlayBk/Page-Vlink-AuthOnly/input")): Object: 'Object Repository/RecAndPlayBk/Page-Vlink-AuthOnly/input' is clicked on

2024-05-16 00:29:05 - [MESSAGE][PASSED] - Object: 'Object Repository/RecAndPlayBk/Page-Vlink-AuthOnly/input' is clicked on

2024-05-16 00:29:05 - [TEST_STEP][PASSED] - if (verifyTextPresent(errorMsg, true)): null

2024-05-16 00:29:06 - [MESSAGE][PASSED] - Text 'card_exmo' is present on page  using regular expression

2024-05-16 00:29:06 - [TEST_STEP][PASSED] - println("Error Message is present on the Confirmation page"): null

2024-05-16 00:29:06 - [TEST_STEP][PASSED] - out.println("Pass Record Number: " + row): null

2024-05-16 00:29:06 - [TEST_STEP][PASSED] - resText = "Pass": null

2024-05-16 00:29:06 - [TEST_STEP][PASSED] - pages.WriteExcel.demoKey(resText, datText, resColumn, datCloumn, fileLoc, nameSheet, row): pages.WriteExcel.demoKey is PASSED

2024-05-16 00:29:06 - [MESSAGE][PASSED] - pages.WriteExcel.demoKey is PASSED

2024-05-16 00:29:06 - [TEST_STEP][PASSED] - ExecuteTC = findTestData(dataFile).getValue("Execute", row): null

2024-05-16 00:29:06 - [TEST_STEP][PASSED] - out.println("Value of Execute is : " + ExecuteTC): null

2024-05-16 00:29:06 - [TEST_STEP][PASSED] - if (ExecuteTC.equalsIgnoreCase("Y")): null

2024-05-16 00:29:06 - [TEST_STEP][PASSED] - out.println("Begin Record Number: " + row): null

2024-05-16 00:29:06 - [TEST_STEP][PASSED] - today = new java.util.Date(): null

2024-05-16 00:29:06 - [TEST_STEP][PASSED] - println(today): null

2024-05-16 00:29:06 - [TEST_STEP][PASSED] - datText = today: null

2024-05-16 00:29:06 - [TEST_STEP][PASSED] - errorMsg = findTestData(dataFile).getValue("ErrorMsg", row): null

2024-05-16 00:29:06 - [TEST_STEP][PASSED] - appID = findTestData(dataFile).getValue("AppID", row): null

2024-05-16 00:29:06 - [TEST_STEP][PASSED] - username = findTestData(dataFile).getValue("Username", row): null

2024-05-16 00:29:06 - [TEST_STEP][PASSED] - password = findTestData(dataFile).getValue("Password", row): null

2024-05-16 00:29:07 - [TEST_STEP][PASSED] - tranType = findTestData(dataFile).getValue("TranType", row): null

2024-05-16 00:29:07 - [TEST_STEP][PASSED] - mv = findTestData(dataFile).getValue("MV", row): null

2024-05-16 00:29:07 - [TEST_STEP][PASSED] - resFormat = findTestData(dataFile).getValue("ResFormat", row): null

2024-05-16 00:29:07 - [TEST_STEP][PASSED] - category = findTestData(dataFile).getValue("Category", row): null

2024-05-16 00:29:07 - [TEST_STEP][PASSED] - amount = findTestData(dataFile).getValue("Amount", row): null

2024-05-16 00:29:07 - [TEST_STEP][PASSED] - cardName = findTestData(dataFile).getValue("CardName", row): null

2024-05-16 00:29:07 - [TEST_STEP][PASSED] - al1 = findTestData(dataFile).getValue("AL1", row): null

2024-05-16 00:29:07 - [TEST_STEP][PASSED] - city = findTestData(dataFile).getValue("City", row): null

2024-05-16 00:29:07 - [TEST_STEP][PASSED] - state = findTestData(dataFile).getValue("State", row): null

2024-05-16 00:29:07 - [TEST_STEP][PASSED] - zip = findTestData(dataFile).getValue("ZIP", row): null

2024-05-16 00:29:07 - [TEST_STEP][PASSED] - cardNumber = findTestData(dataFile).getValue("CardNumber", row): null

2024-05-16 00:29:08 - [TEST_STEP][PASSED] - exM = findTestData(dataFile).getValue("ExM", row): null

2024-05-16 00:29:08 - [TEST_STEP][PASSED] - exY = findTestData(dataFile).getValue("ExY", row): null

2024-05-16 00:29:08 - [TEST_STEP][PASSED] - openBrowser(VLinkURL + "auth.html"): Browser is opened with url: 'https://dev-algorithm.govolution.com/vlinktest/QA2/version_2_0/auth.html'

2024-05-16 00:29:08 - [MESSAGE][WARNING] - A browser is already opened. Closing browser and opening a new one

2024-05-16 00:29:09 - [MESSAGE][INFO] - Starting 'Chrome' driver

2024-05-16 00:29:09 - [MESSAGE][INFO] - User set preference: ['acceptInsecureCerts', 'true']

2024-05-16 00:29:09 - [MESSAGE][INFO] - Action delay is set to 0 milliseconds

2024-05-16 00:29:11 - [MESSAGE][PASSED] - Browser is opened with url: 'https://dev-algorithm.govolution.com/vlinktest/QA2/version_2_0/auth.html'

2024-05-16 00:29:11 - [TEST_STEP][PASSED] - maximizeWindow(): Current window maximized

2024-05-16 00:29:12 - [MESSAGE][PASSED] - Current window maximized

2024-05-16 00:29:12 - [TEST_STEP][PASSED] - maximizeWindow(): Current window maximized

2024-05-16 00:29:12 - [MESSAGE][PASSED] - Current window maximized

2024-05-16 00:29:12 - [TEST_STEP][PASSED] - setText(findTestObject("Object Repository/RecAndPlayBk/Page-Vlink-AuthOnly/txt_TransactionType"), tranType): Text '104' is set on object 'Object Repository/RecAndPlayBk/Page-Vlink-AuthOnly/txt_TransactionType'

2024-05-16 00:29:13 - [MESSAGE][PASSED] - Text '104' is set on object 'Object Repository/RecAndPlayBk/Page-Vlink-AuthOnly/txt_TransactionType'

2024-05-16 00:29:13 - [TEST_STEP][PASSED] - setText(findTestObject("Object Repository/RecAndPlayBk/Page-Vlink-AuthOnly/txt_MessageVersion"), mv): Text '2.0C' is set on object 'Object Repository/RecAndPlayBk/Page-Vlink-AuthOnly/txt_MessageVersion'

2024-05-16 00:29:14 - [MESSAGE][PASSED] - Text '2.0C' is set on object 'Object Repository/RecAndPlayBk/Page-Vlink-AuthOnly/txt_MessageVersion'

2024-05-16 00:29:14 - [TEST_STEP][PASSED] - genRemID = RandomStringUtils.random(12, true, true): null

2024-05-16 00:29:14 - [TEST_STEP][PASSED] - setText(findTestObject("Object Repository/RecAndPlayBk/Page-Vlink-AuthOnly/input_Remittance Id_remittance_id"), genRemID): Text 'QdXuabusXQew' is set on object 'Object Repository/RecAndPlayBk/Page-Vlink-AuthOnly/input_Remittance Id_remittance_id'

2024-05-16 00:29:14 - [MESSAGE][PASSED] - Text 'QdXuabusXQew' is set on object 'Object Repository/RecAndPlayBk/Page-Vlink-AuthOnly/input_Remittance Id_remittance_id'

2024-05-16 00:29:14 - [TEST_STEP][PASSED] - setText(findTestObject("Object Repository/RecAndPlayBk/Page-Vlink-AuthOnly/input_Application Id_application_id"), appID): Text '234' is set on object 'Object Repository/RecAndPlayBk/Page-Vlink-AuthOnly/input_Application Id_application_id'

2024-05-16 00:29:15 - [MESSAGE][PASSED] - Text '234' is set on object 'Object Repository/RecAndPlayBk/Page-Vlink-AuthOnly/input_Application Id_application_id'

2024-05-16 00:29:15 - [TEST_STEP][PASSED] - setText(findTestObject("Object Repository/RecAndPlayBk/Page-Vlink-AuthOnly/input_Username_username"), username): Text 'username' is set on object 'Object Repository/RecAndPlayBk/Page-Vlink-AuthOnly/input_Username_username'

2024-05-16 00:29:16 - [MESSAGE][PASSED] - Text 'username' is set on object 'Object Repository/RecAndPlayBk/Page-Vlink-AuthOnly/input_Username_username'

2024-05-16 00:29:16 - [TEST_STEP][PASSED] - setText(findTestObject("Object Repository/RecAndPlayBk/Page-Vlink-AuthOnly/input_Password_password"), password): Text 'password' is set on object 'Object Repository/RecAndPlayBk/Page-Vlink-AuthOnly/input_Password_password'

2024-05-16 00:29:16 - [MESSAGE][PASSED] - Text 'password' is set on object 'Object Repository/RecAndPlayBk/Page-Vlink-AuthOnly/input_Password_password'

2024-05-16 00:29:16 - [TEST_STEP][PASSED] - setText(findTestObject("Object Repository/RecAndPlayBk/Page-Vlink-AuthOnly/txt_ResponseFormat"), resFormat): Text 'fixed_width' is set on object 'Object Repository/RecAndPlayBk/Page-Vlink-AuthOnly/txt_ResponseFormat'

2024-05-16 00:29:17 - [MESSAGE][PASSED] - Text 'fixed_width' is set on object 'Object Repository/RecAndPlayBk/Page-Vlink-AuthOnly/txt_ResponseFormat'

2024-05-16 00:29:17 - [TEST_STEP][PASSED] - setText(findTestObject("Object Repository/RecAndPlayBk/Page-Vlink-AuthOnly/input_Category_category"), category): Text 'MOTO' is set on object 'Object Repository/RecAndPlayBk/Page-Vlink-AuthOnly/input_Category_category'

2024-05-16 00:29:18 - [MESSAGE][PASSED] - Text 'MOTO' is set on object 'Object Repository/RecAndPlayBk/Page-Vlink-AuthOnly/input_Category_category'

2024-05-16 00:29:18 - [TEST_STEP][PASSED] - setText(findTestObject("Object Repository/RecAndPlayBk/Page-Vlink-AuthOnly/txt_CardName"), cardName): Text 'Kris Roshan' is set on object 'Object Repository/RecAndPlayBk/Page-Vlink-AuthOnly/txt_CardName'

2024-05-16 00:29:18 - [MESSAGE][PASSED] - Text 'Kris Roshan' is set on object 'Object Repository/RecAndPlayBk/Page-Vlink-AuthOnly/txt_CardName'

2024-05-16 00:29:18 - [TEST_STEP][PASSED] - setText(findTestObject("Object Repository/RecAndPlayBk/Page-Vlink-AuthOnly/txt_AL1"), al1): Text '258 Elm Road' is set on object 'Object Repository/RecAndPlayBk/Page-Vlink-AuthOnly/txt_AL1'

2024-05-16 00:29:19 - [MESSAGE][PASSED] - Text '258 Elm Road' is set on object 'Object Repository/RecAndPlayBk/Page-Vlink-AuthOnly/txt_AL1'

2024-05-16 00:29:19 - [TEST_STEP][PASSED] - setText(findTestObject("Object Repository/RecAndPlayBk/Page-Vlink-AuthOnly/txt_CardCity"), city): Text 'Arlington' is set on object 'Object Repository/RecAndPlayBk/Page-Vlink-AuthOnly/txt_CardCity'

2024-05-16 00:29:20 - [MESSAGE][PASSED] - Text 'Arlington' is set on object 'Object Repository/RecAndPlayBk/Page-Vlink-AuthOnly/txt_CardCity'

2024-05-16 00:29:20 - [TEST_STEP][PASSED] - setText(findTestObject("Object Repository/RecAndPlayBk/Page-Vlink-AuthOnly/txt_CardState"), state): Text 'VA' is set on object 'Object Repository/RecAndPlayBk/Page-Vlink-AuthOnly/txt_CardState'

2024-05-16 00:29:20 - [MESSAGE][PASSED] - Text 'VA' is set on object 'Object Repository/RecAndPlayBk/Page-Vlink-AuthOnly/txt_CardState'

2024-05-16 00:29:20 - [TEST_STEP][PASSED] - setText(findTestObject("Object Repository/RecAndPlayBk/Page-Vlink-AuthOnly/txt_CardZIP"), zip): Text '22201' is set on object 'Object Repository/RecAndPlayBk/Page-Vlink-AuthOnly/txt_CardZIP'

2024-05-16 00:29:21 - [MESSAGE][PASSED] - Text '22201' is set on object 'Object Repository/RecAndPlayBk/Page-Vlink-AuthOnly/txt_CardZIP'

2024-05-16 00:29:21 - [TEST_STEP][PASSED] - setText(findTestObject("Object Repository/RecAndPlayBk/Page-Vlink-AuthOnly/input_Amount_amount"), amount): Text '1.50' is set on object 'Object Repository/RecAndPlayBk/Page-Vlink-AuthOnly/input_Amount_amount'

2024-05-16 00:29:22 - [MESSAGE][PASSED] - Text '1.50' is set on object 'Object Repository/RecAndPlayBk/Page-Vlink-AuthOnly/input_Amount_amount'

2024-05-16 00:29:22 - [TEST_STEP][PASSED] - setText(findTestObject("Object Repository/RecAndPlayBk/Page-Vlink-AuthOnly/input_Card number_card_number"), cardNumber): Text '4111111111111111' is set on object 'Object Repository/RecAndPlayBk/Page-Vlink-AuthOnly/input_Card number_card_number'

2024-05-16 00:29:22 - [MESSAGE][PASSED] - Text '4111111111111111' is set on object 'Object Repository/RecAndPlayBk/Page-Vlink-AuthOnly/input_Card number_card_number'

2024-05-16 00:29:22 - [TEST_STEP][PASSED] - setText(findTestObject("Object Repository/RecAndPlayBk/Page-Vlink-AuthOnly/input_Card ex month_card_exmo"), exM): Text '' is set on object 'Object Repository/RecAndPlayBk/Page-Vlink-AuthOnly/input_Card ex month_card_exmo'

2024-05-16 00:29:23 - [MESSAGE][PASSED] - Text '' is set on object 'Object Repository/RecAndPlayBk/Page-Vlink-AuthOnly/input_Card ex month_card_exmo'

2024-05-16 00:29:23 - [TEST_STEP][PASSED] - setText(findTestObject("Object Repository/RecAndPlayBk/Page-Vlink-AuthOnly/input_Card ex year_card_exyr"), exY): Text '2025' is set on object 'Object Repository/RecAndPlayBk/Page-Vlink-AuthOnly/input_Card ex year_card_exyr'

2024-05-16 00:29:24 - [MESSAGE][PASSED] - Text '2025' is set on object 'Object Repository/RecAndPlayBk/Page-Vlink-AuthOnly/input_Card ex year_card_exyr'

2024-05-16 00:29:24 - [TEST_STEP][PASSED] - setText(findTestObject("Object Repository/RecAndPlayBk/Page-Vlink-AuthOnly/input_Track Data_track_data"), ""): Text '' is set on object 'Object Repository/RecAndPlayBk/Page-Vlink-AuthOnly/input_Track Data_track_data'

2024-05-16 00:29:24 - [MESSAGE][PASSED] - Text '' is set on object 'Object Repository/RecAndPlayBk/Page-Vlink-AuthOnly/input_Track Data_track_data'

2024-05-16 00:29:24 - [TEST_STEP][PASSED] - setText(findTestObject("Object Repository/RecAndPlayBk/Page-Vlink-AuthOnly/input_concat(Cardholder, , s email)_email"), ""): Text '' is set on object 'Object Repository/RecAndPlayBk/Page-Vlink-AuthOnly/input_concat(Cardholder, , s email)_email'

2024-05-16 00:29:25 - [MESSAGE][PASSED] - Text '' is set on object 'Object Repository/RecAndPlayBk/Page-Vlink-AuthOnly/input_concat(Cardholder, , s email)_email'

2024-05-16 00:29:25 - [TEST_STEP][PASSED] - click(findTestObject("Object Repository/RecAndPlayBk/Page-Vlink-AuthOnly/input_user_defined10_user_defined10")): Object: 'Object Repository/RecAndPlayBk/Page-Vlink-AuthOnly/input_user_defined10_user_defined10' is clicked on

2024-05-16 00:29:25 - [MESSAGE][PASSED] - Object: 'Object Repository/RecAndPlayBk/Page-Vlink-AuthOnly/input_user_defined10_user_defined10' is clicked on

2024-05-16 00:29:25 - [TEST_STEP][PASSED] - setText(findTestObject("Object Repository/RecAndPlayBk/Page-Vlink-AuthOnly/input_Card on File Indicator_card_on_file_i_157dae"), ""): Text '' is set on object 'Object Repository/RecAndPlayBk/Page-Vlink-AuthOnly/input_Card on File Indicator_card_on_file_i_157dae'

2024-05-16 00:29:26 - [MESSAGE][PASSED] - Text '' is set on object 'Object Repository/RecAndPlayBk/Page-Vlink-AuthOnly/input_Card on File Indicator_card_on_file_i_157dae'

2024-05-16 00:29:26 - [TEST_STEP][PASSED] - setText(findTestObject("Object Repository/RecAndPlayBk/Page-Vlink-AuthOnly/input_Stored Credential Indicator_stored_cr_4ae73c"), ""): Text '' is set on object 'Object Repository/RecAndPlayBk/Page-Vlink-AuthOnly/input_Stored Credential Indicator_stored_cr_4ae73c'

2024-05-16 00:29:27 - [MESSAGE][PASSED] - Text '' is set on object 'Object Repository/RecAndPlayBk/Page-Vlink-AuthOnly/input_Stored Credential Indicator_stored_cr_4ae73c'

2024-05-16 00:29:27 - [TEST_STEP][PASSED] - setText(findTestObject("Object Repository/RecAndPlayBk/Page-Vlink-AuthOnly/input_COF Scheduled indicator_cof_scheduled_8df7d8"), ""): Text '' is set on object 'Object Repository/RecAndPlayBk/Page-Vlink-AuthOnly/input_COF Scheduled indicator_cof_scheduled_8df7d8'

2024-05-16 00:29:27 - [MESSAGE][PASSED] - Text '' is set on object 'Object Repository/RecAndPlayBk/Page-Vlink-AuthOnly/input_COF Scheduled indicator_cof_scheduled_8df7d8'

2024-05-16 00:29:27 - [TEST_STEP][PASSED] - setText(findTestObject("Object Repository/RecAndPlayBk/Page-Vlink-AuthOnly/input_COF Transaction Initiated by_cof_tran_6cded5"), ""): Text '' is set on object 'Object Repository/RecAndPlayBk/Page-Vlink-AuthOnly/input_COF Transaction Initiated by_cof_tran_6cded5'

2024-05-16 00:29:28 - [MESSAGE][PASSED] - Text '' is set on object 'Object Repository/RecAndPlayBk/Page-Vlink-AuthOnly/input_COF Transaction Initiated by_cof_tran_6cded5'

2024-05-16 00:29:28 - [TEST_STEP][PASSED] - click(findTestObject("Object Repository/RecAndPlayBk/Page-Vlink-AuthOnly/input")): Object: 'Object Repository/RecAndPlayBk/Page-Vlink-AuthOnly/input' is clicked on

2024-05-16 00:29:28 - [MESSAGE][PASSED] - Object: 'Object Repository/RecAndPlayBk/Page-Vlink-AuthOnly/input' is clicked on

2024-05-16 00:29:28 - [TEST_STEP][PASSED] - if (verifyTextPresent(errorMsg, true)): null

2024-05-16 00:29:29 - [MESSAGE][PASSED] - Text 'card_exmo' is present on page  using regular expression

2024-05-16 00:29:29 - [TEST_STEP][PASSED] - println("Error Message is present on the Confirmation page"): null

2024-05-16 00:29:29 - [TEST_STEP][PASSED] - out.println("Pass Record Number: " + row): null

2024-05-16 00:29:29 - [TEST_STEP][PASSED] - resText = "Pass": null

2024-05-16 00:29:29 - [TEST_STEP][PASSED] - pages.WriteExcel.demoKey(resText, datText, resColumn, datCloumn, fileLoc, nameSheet, row): pages.WriteExcel.demoKey is PASSED

2024-05-16 00:29:29 - [MESSAGE][PASSED] - pages.WriteExcel.demoKey is PASSED

2024-05-16 00:29:29 - [TEST_STEP][PASSED] - ExecuteTC = findTestData(dataFile).getValue("Execute", row): null

2024-05-16 00:29:29 - [TEST_STEP][PASSED] - out.println("Value of Execute is : " + ExecuteTC): null

2024-05-16 00:29:29 - [TEST_STEP][PASSED] - if (ExecuteTC.equalsIgnoreCase("Y")): null

2024-05-16 00:29:29 - [TEST_STEP][PASSED] - out.println("Begin Record Number: " + row): null

2024-05-16 00:29:29 - [TEST_STEP][PASSED] - today = new java.util.Date(): null

2024-05-16 00:29:29 - [TEST_STEP][PASSED] - println(today): null

2024-05-16 00:29:29 - [TEST_STEP][PASSED] - datText = today: null

2024-05-16 00:29:29 - [TEST_STEP][PASSED] - errorMsg = findTestData(dataFile).getValue("ErrorMsg", row): null

2024-05-16 00:29:29 - [TEST_STEP][PASSED] - appID = findTestData(dataFile).getValue("AppID", row): null

2024-05-16 00:29:29 - [TEST_STEP][PASSED] - username = findTestData(dataFile).getValue("Username", row): null

2024-05-16 00:29:29 - [TEST_STEP][PASSED] - password = findTestData(dataFile).getValue("Password", row): null

2024-05-16 00:29:29 - [TEST_STEP][PASSED] - tranType = findTestData(dataFile).getValue("TranType", row): null

2024-05-16 00:29:29 - [TEST_STEP][PASSED] - mv = findTestData(dataFile).getValue("MV", row): null

2024-05-16 00:29:30 - [TEST_STEP][PASSED] - resFormat = findTestData(dataFile).getValue("ResFormat", row): null

2024-05-16 00:29:30 - [TEST_STEP][PASSED] - category = findTestData(dataFile).getValue("Category", row): null

2024-05-16 00:29:30 - [TEST_STEP][PASSED] - amount = findTestData(dataFile).getValue("Amount", row): null

2024-05-16 00:29:30 - [TEST_STEP][PASSED] - cardName = findTestData(dataFile).getValue("CardName", row): null

2024-05-16 00:29:30 - [TEST_STEP][PASSED] - al1 = findTestData(dataFile).getValue("AL1", row): null

2024-05-16 00:29:30 - [TEST_STEP][PASSED] - city = findTestData(dataFile).getValue("City", row): null

2024-05-16 00:29:30 - [TEST_STEP][PASSED] - state = findTestData(dataFile).getValue("State", row): null

2024-05-16 00:29:30 - [TEST_STEP][PASSED] - zip = findTestData(dataFile).getValue("ZIP", row): null

2024-05-16 00:29:30 - [TEST_STEP][PASSED] - cardNumber = findTestData(dataFile).getValue("CardNumber", row): null

2024-05-16 00:29:30 - [TEST_STEP][PASSED] - exM = findTestData(dataFile).getValue("ExM", row): null

2024-05-16 00:29:30 - [TEST_STEP][PASSED] - exY = findTestData(dataFile).getValue("ExY", row): null

2024-05-16 00:29:31 - [TEST_STEP][PASSED] - openBrowser(VLinkURL + "auth.html"): Browser is opened with url: 'https://dev-algorithm.govolution.com/vlinktest/QA2/version_2_0/auth.html'

2024-05-16 00:29:31 - [MESSAGE][WARNING] - A browser is already opened. Closing browser and opening a new one

2024-05-16 00:29:32 - [MESSAGE][INFO] - Starting 'Chrome' driver

2024-05-16 00:29:32 - [MESSAGE][INFO] - User set preference: ['acceptInsecureCerts', 'true']

2024-05-16 00:29:32 - [MESSAGE][INFO] - Action delay is set to 0 milliseconds

2024-05-16 00:29:34 - [MESSAGE][PASSED] - Browser is opened with url: 'https://dev-algorithm.govolution.com/vlinktest/QA2/version_2_0/auth.html'

2024-05-16 00:29:34 - [TEST_STEP][PASSED] - maximizeWindow(): Current window maximized

2024-05-16 00:29:34 - [MESSAGE][PASSED] - Current window maximized

2024-05-16 00:29:34 - [TEST_STEP][PASSED] - maximizeWindow(): Current window maximized

2024-05-16 00:29:34 - [MESSAGE][PASSED] - Current window maximized

2024-05-16 00:29:34 - [TEST_STEP][PASSED] - setText(findTestObject("Object Repository/RecAndPlayBk/Page-Vlink-AuthOnly/txt_TransactionType"), tranType): Text '104' is set on object 'Object Repository/RecAndPlayBk/Page-Vlink-AuthOnly/txt_TransactionType'

2024-05-16 00:29:35 - [MESSAGE][PASSED] - Text '104' is set on object 'Object Repository/RecAndPlayBk/Page-Vlink-AuthOnly/txt_TransactionType'

2024-05-16 00:29:35 - [TEST_STEP][PASSED] - setText(findTestObject("Object Repository/RecAndPlayBk/Page-Vlink-AuthOnly/txt_MessageVersion"), mv): Text '2.0C' is set on object 'Object Repository/RecAndPlayBk/Page-Vlink-AuthOnly/txt_MessageVersion'

2024-05-16 00:29:36 - [MESSAGE][PASSED] - Text '2.0C' is set on object 'Object Repository/RecAndPlayBk/Page-Vlink-AuthOnly/txt_MessageVersion'

2024-05-16 00:29:36 - [TEST_STEP][PASSED] - genRemID = RandomStringUtils.random(12, true, true): null

2024-05-16 00:29:36 - [TEST_STEP][PASSED] - setText(findTestObject("Object Repository/RecAndPlayBk/Page-Vlink-AuthOnly/input_Remittance Id_remittance_id"), genRemID): Text 'DniEPR7dCmdE' is set on object 'Object Repository/RecAndPlayBk/Page-Vlink-AuthOnly/input_Remittance Id_remittance_id'

2024-05-16 00:29:36 - [MESSAGE][PASSED] - Text 'DniEPR7dCmdE' is set on object 'Object Repository/RecAndPlayBk/Page-Vlink-AuthOnly/input_Remittance Id_remittance_id'

2024-05-16 00:29:36 - [TEST_STEP][PASSED] - setText(findTestObject("Object Repository/RecAndPlayBk/Page-Vlink-AuthOnly/input_Application Id_application_id"), appID): Text '234' is set on object 'Object Repository/RecAndPlayBk/Page-Vlink-AuthOnly/input_Application Id_application_id'

2024-05-16 00:29:37 - [MESSAGE][PASSED] - Text '234' is set on object 'Object Repository/RecAndPlayBk/Page-Vlink-AuthOnly/input_Application Id_application_id'

2024-05-16 00:29:37 - [TEST_STEP][PASSED] - setText(findTestObject("Object Repository/RecAndPlayBk/Page-Vlink-AuthOnly/input_Username_username"), username): Text 'username' is set on object 'Object Repository/RecAndPlayBk/Page-Vlink-AuthOnly/input_Username_username'

2024-05-16 00:29:38 - [MESSAGE][PASSED] - Text 'username' is set on object 'Object Repository/RecAndPlayBk/Page-Vlink-AuthOnly/input_Username_username'

2024-05-16 00:29:38 - [TEST_STEP][PASSED] - setText(findTestObject("Object Repository/RecAndPlayBk/Page-Vlink-AuthOnly/input_Password_password"), password): Text 'password' is set on object 'Object Repository/RecAndPlayBk/Page-Vlink-AuthOnly/input_Password_password'

2024-05-16 00:29:38 - [MESSAGE][PASSED] - Text 'password' is set on object 'Object Repository/RecAndPlayBk/Page-Vlink-AuthOnly/input_Password_password'

2024-05-16 00:29:38 - [TEST_STEP][PASSED] - setText(findTestObject("Object Repository/RecAndPlayBk/Page-Vlink-AuthOnly/txt_ResponseFormat"), resFormat): Text 'fixed_width' is set on object 'Object Repository/RecAndPlayBk/Page-Vlink-AuthOnly/txt_ResponseFormat'

2024-05-16 00:29:39 - [MESSAGE][PASSED] - Text 'fixed_width' is set on object 'Object Repository/RecAndPlayBk/Page-Vlink-AuthOnly/txt_ResponseFormat'

2024-05-16 00:29:39 - [TEST_STEP][PASSED] - setText(findTestObject("Object Repository/RecAndPlayBk/Page-Vlink-AuthOnly/input_Category_category"), category): Text 'RETL' is set on object 'Object Repository/RecAndPlayBk/Page-Vlink-AuthOnly/input_Category_category'

2024-05-16 00:29:40 - [MESSAGE][PASSED] - Text 'RETL' is set on object 'Object Repository/RecAndPlayBk/Page-Vlink-AuthOnly/input_Category_category'

2024-05-16 00:29:40 - [TEST_STEP][PASSED] - setText(findTestObject("Object Repository/RecAndPlayBk/Page-Vlink-AuthOnly/txt_CardName"), cardName): Text 'Kris Roshan' is set on object 'Object Repository/RecAndPlayBk/Page-Vlink-AuthOnly/txt_CardName'

2024-05-16 00:29:40 - [MESSAGE][PASSED] - Text 'Kris Roshan' is set on object 'Object Repository/RecAndPlayBk/Page-Vlink-AuthOnly/txt_CardName'

2024-05-16 00:29:40 - [TEST_STEP][PASSED] - setText(findTestObject("Object Repository/RecAndPlayBk/Page-Vlink-AuthOnly/txt_AL1"), al1): Text '258 Elm Road' is set on object 'Object Repository/RecAndPlayBk/Page-Vlink-AuthOnly/txt_AL1'

2024-05-16 00:29:41 - [MESSAGE][PASSED] - Text '258 Elm Road' is set on object 'Object Repository/RecAndPlayBk/Page-Vlink-AuthOnly/txt_AL1'

2024-05-16 00:29:41 - [TEST_STEP][PASSED] - setText(findTestObject("Object Repository/RecAndPlayBk/Page-Vlink-AuthOnly/txt_CardCity"), city): Text 'Arlington' is set on object 'Object Repository/RecAndPlayBk/Page-Vlink-AuthOnly/txt_CardCity'

2024-05-16 00:29:42 - [MESSAGE][PASSED] - Text 'Arlington' is set on object 'Object Repository/RecAndPlayBk/Page-Vlink-AuthOnly/txt_CardCity'

2024-05-16 00:29:42 - [TEST_STEP][PASSED] - setText(findTestObject("Object Repository/RecAndPlayBk/Page-Vlink-AuthOnly/txt_CardState"), state): Text 'VA' is set on object 'Object Repository/RecAndPlayBk/Page-Vlink-AuthOnly/txt_CardState'

2024-05-16 00:29:42 - [MESSAGE][PASSED] - Text 'VA' is set on object 'Object Repository/RecAndPlayBk/Page-Vlink-AuthOnly/txt_CardState'

2024-05-16 00:29:42 - [TEST_STEP][PASSED] - setText(findTestObject("Object Repository/RecAndPlayBk/Page-Vlink-AuthOnly/txt_CardZIP"), zip): Text '22201' is set on object 'Object Repository/RecAndPlayBk/Page-Vlink-AuthOnly/txt_CardZIP'

2024-05-16 00:29:43 - [MESSAGE][PASSED] - Text '22201' is set on object 'Object Repository/RecAndPlayBk/Page-Vlink-AuthOnly/txt_CardZIP'

2024-05-16 00:29:43 - [TEST_STEP][PASSED] - setText(findTestObject("Object Repository/RecAndPlayBk/Page-Vlink-AuthOnly/input_Amount_amount"), amount): Text '1.50' is set on object 'Object Repository/RecAndPlayBk/Page-Vlink-AuthOnly/input_Amount_amount'

2024-05-16 00:29:43 - [MESSAGE][PASSED] - Text '1.50' is set on object 'Object Repository/RecAndPlayBk/Page-Vlink-AuthOnly/input_Amount_amount'

2024-05-16 00:29:43 - [TEST_STEP][PASSED] - setText(findTestObject("Object Repository/RecAndPlayBk/Page-Vlink-AuthOnly/input_Card number_card_number"), cardNumber): Text '4111111111111111' is set on object 'Object Repository/RecAndPlayBk/Page-Vlink-AuthOnly/input_Card number_card_number'

2024-05-16 00:29:44 - [MESSAGE][PASSED] - Text '4111111111111111' is set on object 'Object Repository/RecAndPlayBk/Page-Vlink-AuthOnly/input_Card number_card_number'

2024-05-16 00:29:44 - [TEST_STEP][PASSED] - setText(findTestObject("Object Repository/RecAndPlayBk/Page-Vlink-AuthOnly/input_Card ex month_card_exmo"), exM): Text '' is set on object 'Object Repository/RecAndPlayBk/Page-Vlink-AuthOnly/input_Card ex month_card_exmo'

2024-05-16 00:29:45 - [MESSAGE][PASSED] - Text '' is set on object 'Object Repository/RecAndPlayBk/Page-Vlink-AuthOnly/input_Card ex month_card_exmo'

2024-05-16 00:29:45 - [TEST_STEP][PASSED] - setText(findTestObject("Object Repository/RecAndPlayBk/Page-Vlink-AuthOnly/input_Card ex year_card_exyr"), exY): Text '2025' is set on object 'Object Repository/RecAndPlayBk/Page-Vlink-AuthOnly/input_Card ex year_card_exyr'

2024-05-16 00:29:45 - [MESSAGE][PASSED] - Text '2025' is set on object 'Object Repository/RecAndPlayBk/Page-Vlink-AuthOnly/input_Card ex year_card_exyr'

2024-05-16 00:29:45 - [TEST_STEP][PASSED] - setText(findTestObject("Object Repository/RecAndPlayBk/Page-Vlink-AuthOnly/input_Track Data_track_data"), ""): Text '' is set on object 'Object Repository/RecAndPlayBk/Page-Vlink-AuthOnly/input_Track Data_track_data'

2024-05-16 00:29:46 - [MESSAGE][PASSED] - Text '' is set on object 'Object Repository/RecAndPlayBk/Page-Vlink-AuthOnly/input_Track Data_track_data'

2024-05-16 00:29:46 - [TEST_STEP][PASSED] - setText(findTestObject("Object Repository/RecAndPlayBk/Page-Vlink-AuthOnly/input_concat(Cardholder, , s email)_email"), ""): Text '' is set on object 'Object Repository/RecAndPlayBk/Page-Vlink-AuthOnly/input_concat(Cardholder, , s email)_email'

2024-05-16 00:29:47 - [MESSAGE][PASSED] - Text '' is set on object 'Object Repository/RecAndPlayBk/Page-Vlink-AuthOnly/input_concat(Cardholder, , s email)_email'

2024-05-16 00:29:47 - [TEST_STEP][PASSED] - click(findTestObject("Object Repository/RecAndPlayBk/Page-Vlink-AuthOnly/input_user_defined10_user_defined10")): Object: 'Object Repository/RecAndPlayBk/Page-Vlink-AuthOnly/input_user_defined10_user_defined10' is clicked on

2024-05-16 00:29:47 - [MESSAGE][PASSED] - Object: 'Object Repository/RecAndPlayBk/Page-Vlink-AuthOnly/input_user_defined10_user_defined10' is clicked on

2024-05-16 00:29:47 - [TEST_STEP][PASSED] - setText(findTestObject("Object Repository/RecAndPlayBk/Page-Vlink-AuthOnly/input_Card on File Indicator_card_on_file_i_157dae"), ""): Text '' is set on object 'Object Repository/RecAndPlayBk/Page-Vlink-AuthOnly/input_Card on File Indicator_card_on_file_i_157dae'

2024-05-16 00:29:48 - [MESSAGE][PASSED] - Text '' is set on object 'Object Repository/RecAndPlayBk/Page-Vlink-AuthOnly/input_Card on File Indicator_card_on_file_i_157dae'

2024-05-16 00:29:48 - [TEST_STEP][PASSED] - setText(findTestObject("Object Repository/RecAndPlayBk/Page-Vlink-AuthOnly/input_Stored Credential Indicator_stored_cr_4ae73c"), ""): Text '' is set on object 'Object Repository/RecAndPlayBk/Page-Vlink-AuthOnly/input_Stored Credential Indicator_stored_cr_4ae73c'

2024-05-16 00:29:48 - [MESSAGE][PASSED] - Text '' is set on object 'Object Repository/RecAndPlayBk/Page-Vlink-AuthOnly/input_Stored Credential Indicator_stored_cr_4ae73c'

2024-05-16 00:29:48 - [TEST_STEP][PASSED] - setText(findTestObject("Object Repository/RecAndPlayBk/Page-Vlink-AuthOnly/input_COF Scheduled indicator_cof_scheduled_8df7d8"), ""): Text '' is set on object 'Object Repository/RecAndPlayBk/Page-Vlink-AuthOnly/input_COF Scheduled indicator_cof_scheduled_8df7d8'

2024-05-16 00:29:49 - [MESSAGE][PASSED] - Text '' is set on object 'Object Repository/RecAndPlayBk/Page-Vlink-AuthOnly/input_COF Scheduled indicator_cof_scheduled_8df7d8'

2024-05-16 00:29:49 - [TEST_STEP][PASSED] - setText(findTestObject("Object Repository/RecAndPlayBk/Page-Vlink-AuthOnly/input_COF Transaction Initiated by_cof_tran_6cded5"), ""): Text '' is set on object 'Object Repository/RecAndPlayBk/Page-Vlink-AuthOnly/input_COF Transaction Initiated by_cof_tran_6cded5'

2024-05-16 00:29:50 - [MESSAGE][PASSED] - Text '' is set on object 'Object Repository/RecAndPlayBk/Page-Vlink-AuthOnly/input_COF Transaction Initiated by_cof_tran_6cded5'

2024-05-16 00:29:50 - [TEST_STEP][PASSED] - click(findTestObject("Object Repository/RecAndPlayBk/Page-Vlink-AuthOnly/input")): Object: 'Object Repository/RecAndPlayBk/Page-Vlink-AuthOnly/input' is clicked on

2024-05-16 00:29:50 - [MESSAGE][PASSED] - Object: 'Object Repository/RecAndPlayBk/Page-Vlink-AuthOnly/input' is clicked on

2024-05-16 00:29:50 - [TEST_STEP][PASSED] - if (verifyTextPresent(errorMsg, true)): null

2024-05-16 00:29:51 - [MESSAGE][PASSED] - Text 'card_exmo' is present on page  using regular expression

2024-05-16 00:29:51 - [TEST_STEP][PASSED] - println("Error Message is present on the Confirmation page"): null

2024-05-16 00:29:51 - [TEST_STEP][PASSED] - out.println("Pass Record Number: " + row): null

2024-05-16 00:29:51 - [TEST_STEP][PASSED] - resText = "Pass": null

2024-05-16 00:29:51 - [TEST_STEP][PASSED] - pages.WriteExcel.demoKey(resText, datText, resColumn, datCloumn, fileLoc, nameSheet, row): pages.WriteExcel.demoKey is PASSED

2024-05-16 00:29:51 - [MESSAGE][PASSED] - pages.WriteExcel.demoKey is PASSED

2024-05-16 00:29:51 - [TEST_STEP][PASSED] - ExecuteTC = findTestData(dataFile).getValue("Execute", row): null

2024-05-16 00:29:51 - [TEST_STEP][PASSED] - out.println("Value of Execute is : " + ExecuteTC): null

2024-05-16 00:29:51 - [TEST_STEP][PASSED] - if (ExecuteTC.equalsIgnoreCase("Y")): null

2024-05-16 00:29:51 - [TEST_STEP][PASSED] - out.println("Begin Record Number: " + row): null

2024-05-16 00:29:51 - [TEST_STEP][PASSED] - today = new java.util.Date(): null

2024-05-16 00:29:51 - [TEST_STEP][PASSED] - println(today): null

2024-05-16 00:29:51 - [TEST_STEP][PASSED] - datText = today: null

2024-05-16 00:29:51 - [TEST_STEP][PASSED] - errorMsg = findTestData(dataFile).getValue("ErrorMsg", row): null

2024-05-16 00:29:51 - [TEST_STEP][PASSED] - appID = findTestData(dataFile).getValue("AppID", row): null

2024-05-16 00:29:51 - [TEST_STEP][PASSED] - username = findTestData(dataFile).getValue("Username", row): null

2024-05-16 00:29:51 - [TEST_STEP][PASSED] - password = findTestData(dataFile).getValue("Password", row): null

2024-05-16 00:29:51 - [TEST_STEP][PASSED] - tranType = findTestData(dataFile).getValue("TranType", row): null

2024-05-16 00:29:51 - [TEST_STEP][PASSED] - mv = findTestData(dataFile).getValue("MV", row): null

2024-05-16 00:29:51 - [TEST_STEP][PASSED] - resFormat = findTestData(dataFile).getValue("ResFormat", row): null

2024-05-16 00:29:52 - [TEST_STEP][PASSED] - category = findTestData(dataFile).getValue("Category", row): null

2024-05-16 00:29:52 - [TEST_STEP][PASSED] - amount = findTestData(dataFile).getValue("Amount", row): null

2024-05-16 00:29:52 - [TEST_STEP][PASSED] - cardName = findTestData(dataFile).getValue("CardName", row): null

2024-05-16 00:29:52 - [TEST_STEP][PASSED] - al1 = findTestData(dataFile).getValue("AL1", row): null

2024-05-16 00:29:52 - [TEST_STEP][PASSED] - city = findTestData(dataFile).getValue("City", row): null

2024-05-16 00:29:52 - [TEST_STEP][PASSED] - state = findTestData(dataFile).getValue("State", row): null

2024-05-16 00:29:52 - [TEST_STEP][PASSED] - zip = findTestData(dataFile).getValue("ZIP", row): null

2024-05-16 00:29:52 - [TEST_STEP][PASSED] - cardNumber = findTestData(dataFile).getValue("CardNumber", row): null

2024-05-16 00:29:52 - [TEST_STEP][PASSED] - exM = findTestData(dataFile).getValue("ExM", row): null

2024-05-16 00:29:52 - [TEST_STEP][PASSED] - exY = findTestData(dataFile).getValue("ExY", row): null

2024-05-16 00:29:52 - [TEST_STEP][PASSED] - openBrowser(VLinkURL + "auth.html"): Browser is opened with url: 'https://dev-algorithm.govolution.com/vlinktest/QA2/version_2_0/auth.html'

2024-05-16 00:29:52 - [MESSAGE][WARNING] - A browser is already opened. Closing browser and opening a new one

2024-05-16 00:29:54 - [MESSAGE][INFO] - Starting 'Chrome' driver

2024-05-16 00:29:54 - [MESSAGE][INFO] - User set preference: ['acceptInsecureCerts', 'true']

2024-05-16 00:29:54 - [MESSAGE][INFO] - Action delay is set to 0 milliseconds

2024-05-16 00:29:56 - [MESSAGE][PASSED] - Browser is opened with url: 'https://dev-algorithm.govolution.com/vlinktest/QA2/version_2_0/auth.html'

2024-05-16 00:29:56 - [TEST_STEP][PASSED] - maximizeWindow(): Current window maximized

2024-05-16 00:29:56 - [MESSAGE][PASSED] - Current window maximized

2024-05-16 00:29:56 - [TEST_STEP][PASSED] - maximizeWindow(): Current window maximized

2024-05-16 00:29:56 - [MESSAGE][PASSED] - Current window maximized

2024-05-16 00:29:56 - [TEST_STEP][PASSED] - setText(findTestObject("Object Repository/RecAndPlayBk/Page-Vlink-AuthOnly/txt_TransactionType"), tranType): Text '104' is set on object 'Object Repository/RecAndPlayBk/Page-Vlink-AuthOnly/txt_TransactionType'

2024-05-16 00:29:57 - [MESSAGE][PASSED] - Text '104' is set on object 'Object Repository/RecAndPlayBk/Page-Vlink-AuthOnly/txt_TransactionType'

2024-05-16 00:29:57 - [TEST_STEP][PASSED] - setText(findTestObject("Object Repository/RecAndPlayBk/Page-Vlink-AuthOnly/txt_MessageVersion"), mv): Text '2.0C' is set on object 'Object Repository/RecAndPlayBk/Page-Vlink-AuthOnly/txt_MessageVersion'

2024-05-16 00:29:58 - [MESSAGE][PASSED] - Text '2.0C' is set on object 'Object Repository/RecAndPlayBk/Page-Vlink-AuthOnly/txt_MessageVersion'

2024-05-16 00:29:58 - [TEST_STEP][PASSED] - genRemID = RandomStringUtils.random(12, true, true): null

2024-05-16 00:29:58 - [TEST_STEP][PASSED] - setText(findTestObject("Object Repository/RecAndPlayBk/Page-Vlink-AuthOnly/input_Remittance Id_remittance_id"), genRemID): Text 'zcKZtG2QTqVL' is set on object 'Object Repository/RecAndPlayBk/Page-Vlink-AuthOnly/input_Remittance Id_remittance_id'

2024-05-16 00:29:58 - [MESSAGE][PASSED] - Text 'zcKZtG2QTqVL' is set on object 'Object Repository/RecAndPlayBk/Page-Vlink-AuthOnly/input_Remittance Id_remittance_id'

2024-05-16 00:29:58 - [TEST_STEP][PASSED] - setText(findTestObject("Object Repository/RecAndPlayBk/Page-Vlink-AuthOnly/input_Application Id_application_id"), appID): Text '234' is set on object 'Object Repository/RecAndPlayBk/Page-Vlink-AuthOnly/input_Application Id_application_id'

2024-05-16 00:29:59 - [MESSAGE][PASSED] - Text '234' is set on object 'Object Repository/RecAndPlayBk/Page-Vlink-AuthOnly/input_Application Id_application_id'

2024-05-16 00:29:59 - [TEST_STEP][PASSED] - setText(findTestObject("Object Repository/RecAndPlayBk/Page-Vlink-AuthOnly/input_Username_username"), username): Text 'username' is set on object 'Object Repository/RecAndPlayBk/Page-Vlink-AuthOnly/input_Username_username'

2024-05-16 00:30:00 - [MESSAGE][PASSED] - Text 'username' is set on object 'Object Repository/RecAndPlayBk/Page-Vlink-AuthOnly/input_Username_username'

2024-05-16 00:30:00 - [TEST_STEP][PASSED] - setText(findTestObject("Object Repository/RecAndPlayBk/Page-Vlink-AuthOnly/input_Password_password"), password): Text 'password' is set on object 'Object Repository/RecAndPlayBk/Page-Vlink-AuthOnly/input_Password_password'

2024-05-16 00:30:00 - [MESSAGE][PASSED] - Text 'password' is set on object 'Object Repository/RecAndPlayBk/Page-Vlink-AuthOnly/input_Password_password'

2024-05-16 00:30:00 - [TEST_STEP][PASSED] - setText(findTestObject("Object Repository/RecAndPlayBk/Page-Vlink-AuthOnly/txt_ResponseFormat"), resFormat): Text 'fixed_width' is set on object 'Object Repository/RecAndPlayBk/Page-Vlink-AuthOnly/txt_ResponseFormat'

2024-05-16 00:30:01 - [MESSAGE][PASSED] - Text 'fixed_width' is set on object 'Object Repository/RecAndPlayBk/Page-Vlink-AuthOnly/txt_ResponseFormat'

2024-05-16 00:30:01 - [TEST_STEP][PASSED] - setText(findTestObject("Object Repository/RecAndPlayBk/Page-Vlink-AuthOnly/input_Category_category"), category): Text 'ECOM' is set on object 'Object Repository/RecAndPlayBk/Page-Vlink-AuthOnly/input_Category_category'

2024-05-16 00:30:02 - [MESSAGE][PASSED] - Text 'ECOM' is set on object 'Object Repository/RecAndPlayBk/Page-Vlink-AuthOnly/input_Category_category'

2024-05-16 00:30:02 - [TEST_STEP][PASSED] - setText(findTestObject("Object Repository/RecAndPlayBk/Page-Vlink-AuthOnly/txt_CardName"), cardName): Text 'Kris Roshan' is set on object 'Object Repository/RecAndPlayBk/Page-Vlink-AuthOnly/txt_CardName'

2024-05-16 00:30:02 - [MESSAGE][PASSED] - Text 'Kris Roshan' is set on object 'Object Repository/RecAndPlayBk/Page-Vlink-AuthOnly/txt_CardName'

2024-05-16 00:30:02 - [TEST_STEP][PASSED] - setText(findTestObject("Object Repository/RecAndPlayBk/Page-Vlink-AuthOnly/txt_AL1"), al1): Text '258 Elm Road' is set on object 'Object Repository/RecAndPlayBk/Page-Vlink-AuthOnly/txt_AL1'

2024-05-16 00:30:03 - [MESSAGE][PASSED] - Text '258 Elm Road' is set on object 'Object Repository/RecAndPlayBk/Page-Vlink-AuthOnly/txt_AL1'

2024-05-16 00:30:03 - [TEST_STEP][PASSED] - setText(findTestObject("Object Repository/RecAndPlayBk/Page-Vlink-AuthOnly/txt_CardCity"), city): Text 'Arlington' is set on object 'Object Repository/RecAndPlayBk/Page-Vlink-AuthOnly/txt_CardCity'

2024-05-16 00:30:04 - [MESSAGE][PASSED] - Text 'Arlington' is set on object 'Object Repository/RecAndPlayBk/Page-Vlink-AuthOnly/txt_CardCity'

2024-05-16 00:30:04 - [TEST_STEP][PASSED] - setText(findTestObject("Object Repository/RecAndPlayBk/Page-Vlink-AuthOnly/txt_CardState"), state): Text 'VA' is set on object 'Object Repository/RecAndPlayBk/Page-Vlink-AuthOnly/txt_CardState'

2024-05-16 00:30:04 - [MESSAGE][PASSED] - Text 'VA' is set on object 'Object Repository/RecAndPlayBk/Page-Vlink-AuthOnly/txt_CardState'

2024-05-16 00:30:04 - [TEST_STEP][PASSED] - setText(findTestObject("Object Repository/RecAndPlayBk/Page-Vlink-AuthOnly/txt_CardZIP"), zip): Text '22201' is set on object 'Object Repository/RecAndPlayBk/Page-Vlink-AuthOnly/txt_CardZIP'

2024-05-16 00:30:05 - [MESSAGE][PASSED] - Text '22201' is set on object 'Object Repository/RecAndPlayBk/Page-Vlink-AuthOnly/txt_CardZIP'

2024-05-16 00:30:05 - [TEST_STEP][PASSED] - setText(findTestObject("Object Repository/RecAndPlayBk/Page-Vlink-AuthOnly/input_Amount_amount"), amount): Text '1.50' is set on object 'Object Repository/RecAndPlayBk/Page-Vlink-AuthOnly/input_Amount_amount'

2024-05-16 00:30:06 - [MESSAGE][PASSED] - Text '1.50' is set on object 'Object Repository/RecAndPlayBk/Page-Vlink-AuthOnly/input_Amount_amount'

2024-05-16 00:30:06 - [TEST_STEP][PASSED] - setText(findTestObject("Object Repository/RecAndPlayBk/Page-Vlink-AuthOnly/input_Card number_card_number"), cardNumber): Text '4111111111111111' is set on object 'Object Repository/RecAndPlayBk/Page-Vlink-AuthOnly/input_Card number_card_number'

2024-05-16 00:30:07 - [MESSAGE][PASSED] - Text '4111111111111111' is set on object 'Object Repository/RecAndPlayBk/Page-Vlink-AuthOnly/input_Card number_card_number'

2024-05-16 00:30:07 - [TEST_STEP][PASSED] - setText(findTestObject("Object Repository/RecAndPlayBk/Page-Vlink-AuthOnly/input_Card ex month_card_exmo"), exM): Text '12' is set on object 'Object Repository/RecAndPlayBk/Page-Vlink-AuthOnly/input_Card ex month_card_exmo'

2024-05-16 00:30:07 - [MESSAGE][PASSED] - Text '12' is set on object 'Object Repository/RecAndPlayBk/Page-Vlink-AuthOnly/input_Card ex month_card_exmo'

2024-05-16 00:30:07 - [TEST_STEP][PASSED] - setText(findTestObject("Object Repository/RecAndPlayBk/Page-Vlink-AuthOnly/input_Card ex year_card_exyr"), exY): Text '' is set on object 'Object Repository/RecAndPlayBk/Page-Vlink-AuthOnly/input_Card ex year_card_exyr'

2024-05-16 00:30:08 - [MESSAGE][PASSED] - Text '' is set on object 'Object Repository/RecAndPlayBk/Page-Vlink-AuthOnly/input_Card ex year_card_exyr'

2024-05-16 00:30:08 - [TEST_STEP][PASSED] - setText(findTestObject("Object Repository/RecAndPlayBk/Page-Vlink-AuthOnly/input_Track Data_track_data"), ""): Text '' is set on object 'Object Repository/RecAndPlayBk/Page-Vlink-AuthOnly/input_Track Data_track_data'

2024-05-16 00:30:08 - [MESSAGE][PASSED] - Text '' is set on object 'Object Repository/RecAndPlayBk/Page-Vlink-AuthOnly/input_Track Data_track_data'

2024-05-16 00:30:08 - [TEST_STEP][PASSED] - setText(findTestObject("Object Repository/RecAndPlayBk/Page-Vlink-AuthOnly/input_concat(Cardholder, , s email)_email"), ""): Text '' is set on object 'Object Repository/RecAndPlayBk/Page-Vlink-AuthOnly/input_concat(Cardholder, , s email)_email'

2024-05-16 00:30:09 - [MESSAGE][PASSED] - Text '' is set on object 'Object Repository/RecAndPlayBk/Page-Vlink-AuthOnly/input_concat(Cardholder, , s email)_email'

2024-05-16 00:30:09 - [TEST_STEP][PASSED] - click(findTestObject("Object Repository/RecAndPlayBk/Page-Vlink-AuthOnly/input_user_defined10_user_defined10")): Object: 'Object Repository/RecAndPlayBk/Page-Vlink-AuthOnly/input_user_defined10_user_defined10' is clicked on

2024-05-16 00:30:09 - [MESSAGE][PASSED] - Object: 'Object Repository/RecAndPlayBk/Page-Vlink-AuthOnly/input_user_defined10_user_defined10' is clicked on

2024-05-16 00:30:09 - [TEST_STEP][PASSED] - setText(findTestObject("Object Repository/RecAndPlayBk/Page-Vlink-AuthOnly/input_Card on File Indicator_card_on_file_i_157dae"), ""): Text '' is set on object 'Object Repository/RecAndPlayBk/Page-Vlink-AuthOnly/input_Card on File Indicator_card_on_file_i_157dae'

2024-05-16 00:30:10 - [MESSAGE][PASSED] - Text '' is set on object 'Object Repository/RecAndPlayBk/Page-Vlink-AuthOnly/input_Card on File Indicator_card_on_file_i_157dae'

2024-05-16 00:30:10 - [TEST_STEP][PASSED] - setText(findTestObject("Object Repository/RecAndPlayBk/Page-Vlink-AuthOnly/input_Stored Credential Indicator_stored_cr_4ae73c"), ""): Text '' is set on object 'Object Repository/RecAndPlayBk/Page-Vlink-AuthOnly/input_Stored Credential Indicator_stored_cr_4ae73c'

2024-05-16 00:30:11 - [MESSAGE][PASSED] - Text '' is set on object 'Object Repository/RecAndPlayBk/Page-Vlink-AuthOnly/input_Stored Credential Indicator_stored_cr_4ae73c'

2024-05-16 00:30:11 - [TEST_STEP][PASSED] - setText(findTestObject("Object Repository/RecAndPlayBk/Page-Vlink-AuthOnly/input_COF Scheduled indicator_cof_scheduled_8df7d8"), ""): Text '' is set on object 'Object Repository/RecAndPlayBk/Page-Vlink-AuthOnly/input_COF Scheduled indicator_cof_scheduled_8df7d8'

2024-05-16 00:30:11 - [MESSAGE][PASSED] - Text '' is set on object 'Object Repository/RecAndPlayBk/Page-Vlink-AuthOnly/input_COF Scheduled indicator_cof_scheduled_8df7d8'

2024-05-16 00:30:11 - [TEST_STEP][PASSED] - setText(findTestObject("Object Repository/RecAndPlayBk/Page-Vlink-AuthOnly/input_COF Transaction Initiated by_cof_tran_6cded5"), ""): Text '' is set on object 'Object Repository/RecAndPlayBk/Page-Vlink-AuthOnly/input_COF Transaction Initiated by_cof_tran_6cded5'

2024-05-16 00:30:12 - [MESSAGE][PASSED] - Text '' is set on object 'Object Repository/RecAndPlayBk/Page-Vlink-AuthOnly/input_COF Transaction Initiated by_cof_tran_6cded5'

2024-05-16 00:30:12 - [TEST_STEP][PASSED] - click(findTestObject("Object Repository/RecAndPlayBk/Page-Vlink-AuthOnly/input")): Object: 'Object Repository/RecAndPlayBk/Page-Vlink-AuthOnly/input' is clicked on

2024-05-16 00:30:13 - [MESSAGE][PASSED] - Object: 'Object Repository/RecAndPlayBk/Page-Vlink-AuthOnly/input' is clicked on

2024-05-16 00:30:13 - [TEST_STEP][PASSED] - if (verifyTextPresent(errorMsg, true)): null

2024-05-16 00:30:13 - [MESSAGE][PASSED] - Text 'card_exyr' is present on page  using regular expression

2024-05-16 00:30:13 - [TEST_STEP][PASSED] - println("Error Message is present on the Confirmation page"): null

2024-05-16 00:30:13 - [TEST_STEP][PASSED] - out.println("Pass Record Number: " + row): null

2024-05-16 00:30:13 - [TEST_STEP][PASSED] - resText = "Pass": null

2024-05-16 00:30:13 - [TEST_STEP][PASSED] - pages.WriteExcel.demoKey(resText, datText, resColumn, datCloumn, fileLoc, nameSheet, row): pages.WriteExcel.demoKey is PASSED

2024-05-16 00:30:13 - [MESSAGE][PASSED] - pages.WriteExcel.demoKey is PASSED

2024-05-16 00:30:13 - [TEST_STEP][PASSED] - ExecuteTC = findTestData(dataFile).getValue("Execute", row): null

2024-05-16 00:30:13 - [TEST_STEP][PASSED] - out.println("Value of Execute is : " + ExecuteTC): null

2024-05-16 00:30:13 - [TEST_STEP][PASSED] - if (ExecuteTC.equalsIgnoreCase("Y")): null

2024-05-16 00:30:13 - [TEST_STEP][PASSED] - out.println("Begin Record Number: " + row): null

2024-05-16 00:30:13 - [TEST_STEP][PASSED] - today = new java.util.Date(): null

2024-05-16 00:30:13 - [TEST_STEP][PASSED] - println(today): null

2024-05-16 00:30:13 - [TEST_STEP][PASSED] - datText = today: null

2024-05-16 00:30:13 - [TEST_STEP][PASSED] - errorMsg = findTestData(dataFile).getValue("ErrorMsg", row): null

2024-05-16 00:30:13 - [TEST_STEP][PASSED] - appID = findTestData(dataFile).getValue("AppID", row): null

2024-05-16 00:30:13 - [TEST_STEP][PASSED] - username = findTestData(dataFile).getValue("Username", row): null

2024-05-16 00:30:14 - [TEST_STEP][PASSED] - password = findTestData(dataFile).getValue("Password", row): null

2024-05-16 00:30:14 - [TEST_STEP][PASSED] - tranType = findTestData(dataFile).getValue("TranType", row): null

2024-05-16 00:30:14 - [TEST_STEP][PASSED] - mv = findTestData(dataFile).getValue("MV", row): null

2024-05-16 00:30:14 - [TEST_STEP][PASSED] - resFormat = findTestData(dataFile).getValue("ResFormat", row): null

2024-05-16 00:30:14 - [TEST_STEP][PASSED] - category = findTestData(dataFile).getValue("Category", row): null

2024-05-16 00:30:14 - [TEST_STEP][PASSED] - amount = findTestData(dataFile).getValue("Amount", row): null

2024-05-16 00:30:14 - [TEST_STEP][PASSED] - cardName = findTestData(dataFile).getValue("CardName", row): null

2024-05-16 00:30:14 - [TEST_STEP][PASSED] - al1 = findTestData(dataFile).getValue("AL1", row): null

2024-05-16 00:30:14 - [TEST_STEP][PASSED] - city = findTestData(dataFile).getValue("City", row): null

2024-05-16 00:30:14 - [TEST_STEP][PASSED] - state = findTestData(dataFile).getValue("State", row): null

2024-05-16 00:30:14 - [TEST_STEP][PASSED] - zip = findTestData(dataFile).getValue("ZIP", row): null

2024-05-16 00:30:15 - [TEST_STEP][PASSED] - cardNumber = findTestData(dataFile).getValue("CardNumber", row): null

2024-05-16 00:30:15 - [TEST_STEP][PASSED] - exM = findTestData(dataFile).getValue("ExM", row): null

2024-05-16 00:30:15 - [TEST_STEP][PASSED] - exY = findTestData(dataFile).getValue("ExY", row): null

2024-05-16 00:30:15 - [TEST_STEP][PASSED] - openBrowser(VLinkURL + "auth.html"): Browser is opened with url: 'https://dev-algorithm.govolution.com/vlinktest/QA2/version_2_0/auth.html'

2024-05-16 00:30:15 - [MESSAGE][WARNING] - A browser is already opened. Closing browser and opening a new one

2024-05-16 00:30:16 - [MESSAGE][INFO] - Starting 'Chrome' driver

2024-05-16 00:30:16 - [MESSAGE][INFO] - User set preference: ['acceptInsecureCerts', 'true']

2024-05-16 00:30:16 - [MESSAGE][INFO] - Action delay is set to 0 milliseconds

2024-05-16 00:30:18 - [MESSAGE][PASSED] - Browser is opened with url: 'https://dev-algorithm.govolution.com/vlinktest/QA2/version_2_0/auth.html'

2024-05-16 00:30:18 - [TEST_STEP][PASSED] - maximizeWindow(): Current window maximized

2024-05-16 00:30:19 - [MESSAGE][PASSED] - Current window maximized

2024-05-16 00:30:19 - [TEST_STEP][PASSED] - maximizeWindow(): Current window maximized

2024-05-16 00:30:19 - [MESSAGE][PASSED] - Current window maximized

2024-05-16 00:30:19 - [TEST_STEP][PASSED] - setText(findTestObject("Object Repository/RecAndPlayBk/Page-Vlink-AuthOnly/txt_TransactionType"), tranType): Text '104' is set on object 'Object Repository/RecAndPlayBk/Page-Vlink-AuthOnly/txt_TransactionType'

2024-05-16 00:30:19 - [MESSAGE][PASSED] - Text '104' is set on object 'Object Repository/RecAndPlayBk/Page-Vlink-AuthOnly/txt_TransactionType'

2024-05-16 00:30:19 - [TEST_STEP][PASSED] - setText(findTestObject("Object Repository/RecAndPlayBk/Page-Vlink-AuthOnly/txt_MessageVersion"), mv): Text '2.0C' is set on object 'Object Repository/RecAndPlayBk/Page-Vlink-AuthOnly/txt_MessageVersion'

2024-05-16 00:30:20 - [MESSAGE][PASSED] - Text '2.0C' is set on object 'Object Repository/RecAndPlayBk/Page-Vlink-AuthOnly/txt_MessageVersion'

2024-05-16 00:30:20 - [TEST_STEP][PASSED] - genRemID = RandomStringUtils.random(12, true, true): null

2024-05-16 00:30:20 - [TEST_STEP][PASSED] - setText(findTestObject("Object Repository/RecAndPlayBk/Page-Vlink-AuthOnly/input_Remittance Id_remittance_id"), genRemID): Text 'AokeWxu5LDj5' is set on object 'Object Repository/RecAndPlayBk/Page-Vlink-AuthOnly/input_Remittance Id_remittance_id'

2024-05-16 00:30:21 - [MESSAGE][PASSED] - Text 'AokeWxu5LDj5' is set on object 'Object Repository/RecAndPlayBk/Page-Vlink-AuthOnly/input_Remittance Id_remittance_id'

2024-05-16 00:30:21 - [TEST_STEP][PASSED] - setText(findTestObject("Object Repository/RecAndPlayBk/Page-Vlink-AuthOnly/input_Application Id_application_id"), appID): Text '234' is set on object 'Object Repository/RecAndPlayBk/Page-Vlink-AuthOnly/input_Application Id_application_id'

2024-05-16 00:30:21 - [MESSAGE][PASSED] - Text '234' is set on object 'Object Repository/RecAndPlayBk/Page-Vlink-AuthOnly/input_Application Id_application_id'

2024-05-16 00:30:21 - [TEST_STEP][PASSED] - setText(findTestObject("Object Repository/RecAndPlayBk/Page-Vlink-AuthOnly/input_Username_username"), username): Text 'username' is set on object 'Object Repository/RecAndPlayBk/Page-Vlink-AuthOnly/input_Username_username'

2024-05-16 00:30:22 - [MESSAGE][PASSED] - Text 'username' is set on object 'Object Repository/RecAndPlayBk/Page-Vlink-AuthOnly/input_Username_username'

2024-05-16 00:30:22 - [TEST_STEP][PASSED] - setText(findTestObject("Object Repository/RecAndPlayBk/Page-Vlink-AuthOnly/input_Password_password"), password): Text 'password' is set on object 'Object Repository/RecAndPlayBk/Page-Vlink-AuthOnly/input_Password_password'

2024-05-16 00:30:23 - [MESSAGE][PASSED] - Text 'password' is set on object 'Object Repository/RecAndPlayBk/Page-Vlink-AuthOnly/input_Password_password'

2024-05-16 00:30:23 - [TEST_STEP][PASSED] - setText(findTestObject("Object Repository/RecAndPlayBk/Page-Vlink-AuthOnly/txt_ResponseFormat"), resFormat): Text 'fixed_width' is set on object 'Object Repository/RecAndPlayBk/Page-Vlink-AuthOnly/txt_ResponseFormat'

2024-05-16 00:30:23 - [MESSAGE][PASSED] - Text 'fixed_width' is set on object 'Object Repository/RecAndPlayBk/Page-Vlink-AuthOnly/txt_ResponseFormat'

2024-05-16 00:30:23 - [TEST_STEP][PASSED] - setText(findTestObject("Object Repository/RecAndPlayBk/Page-Vlink-AuthOnly/input_Category_category"), category): Text 'MOTO' is set on object 'Object Repository/RecAndPlayBk/Page-Vlink-AuthOnly/input_Category_category'

2024-05-16 00:30:24 - [MESSAGE][PASSED] - Text 'MOTO' is set on object 'Object Repository/RecAndPlayBk/Page-Vlink-AuthOnly/input_Category_category'

2024-05-16 00:30:24 - [TEST_STEP][PASSED] - setText(findTestObject("Object Repository/RecAndPlayBk/Page-Vlink-AuthOnly/txt_CardName"), cardName): Text 'Kris Roshan' is set on object 'Object Repository/RecAndPlayBk/Page-Vlink-AuthOnly/txt_CardName'

2024-05-16 00:30:25 - [MESSAGE][PASSED] - Text 'Kris Roshan' is set on object 'Object Repository/RecAndPlayBk/Page-Vlink-AuthOnly/txt_CardName'

2024-05-16 00:30:25 - [TEST_STEP][PASSED] - setText(findTestObject("Object Repository/RecAndPlayBk/Page-Vlink-AuthOnly/txt_AL1"), al1): Text '258 Elm Road' is set on object 'Object Repository/RecAndPlayBk/Page-Vlink-AuthOnly/txt_AL1'

2024-05-16 00:30:25 - [MESSAGE][PASSED] - Text '258 Elm Road' is set on object 'Object Repository/RecAndPlayBk/Page-Vlink-AuthOnly/txt_AL1'

2024-05-16 00:30:25 - [TEST_STEP][PASSED] - setText(findTestObject("Object Repository/RecAndPlayBk/Page-Vlink-AuthOnly/txt_CardCity"), city): Text 'Arlington' is set on object 'Object Repository/RecAndPlayBk/Page-Vlink-AuthOnly/txt_CardCity'

2024-05-16 00:30:26 - [MESSAGE][PASSED] - Text 'Arlington' is set on object 'Object Repository/RecAndPlayBk/Page-Vlink-AuthOnly/txt_CardCity'

2024-05-16 00:30:26 - [TEST_STEP][PASSED] - setText(findTestObject("Object Repository/RecAndPlayBk/Page-Vlink-AuthOnly/txt_CardState"), state): Text 'VA' is set on object 'Object Repository/RecAndPlayBk/Page-Vlink-AuthOnly/txt_CardState'

2024-05-16 00:30:27 - [MESSAGE][PASSED] - Text 'VA' is set on object 'Object Repository/RecAndPlayBk/Page-Vlink-AuthOnly/txt_CardState'

2024-05-16 00:30:27 - [TEST_STEP][PASSED] - setText(findTestObject("Object Repository/RecAndPlayBk/Page-Vlink-AuthOnly/txt_CardZIP"), zip): Text '22201' is set on object 'Object Repository/RecAndPlayBk/Page-Vlink-AuthOnly/txt_CardZIP'

2024-05-16 00:30:27 - [MESSAGE][PASSED] - Text '22201' is set on object 'Object Repository/RecAndPlayBk/Page-Vlink-AuthOnly/txt_CardZIP'

2024-05-16 00:30:27 - [TEST_STEP][PASSED] - setText(findTestObject("Object Repository/RecAndPlayBk/Page-Vlink-AuthOnly/input_Amount_amount"), amount): Text '1.50' is set on object 'Object Repository/RecAndPlayBk/Page-Vlink-AuthOnly/input_Amount_amount'

2024-05-16 00:30:28 - [MESSAGE][PASSED] - Text '1.50' is set on object 'Object Repository/RecAndPlayBk/Page-Vlink-AuthOnly/input_Amount_amount'

2024-05-16 00:30:28 - [TEST_STEP][PASSED] - setText(findTestObject("Object Repository/RecAndPlayBk/Page-Vlink-AuthOnly/input_Card number_card_number"), cardNumber): Text '4111111111111111' is set on object 'Object Repository/RecAndPlayBk/Page-Vlink-AuthOnly/input_Card number_card_number'

2024-05-16 00:30:29 - [MESSAGE][PASSED] - Text '4111111111111111' is set on object 'Object Repository/RecAndPlayBk/Page-Vlink-AuthOnly/input_Card number_card_number'

2024-05-16 00:30:29 - [TEST_STEP][PASSED] - setText(findTestObject("Object Repository/RecAndPlayBk/Page-Vlink-AuthOnly/input_Card ex month_card_exmo"), exM): Text '12' is set on object 'Object Repository/RecAndPlayBk/Page-Vlink-AuthOnly/input_Card ex month_card_exmo'

2024-05-16 00:30:29 - [MESSAGE][PASSED] - Text '12' is set on object 'Object Repository/RecAndPlayBk/Page-Vlink-AuthOnly/input_Card ex month_card_exmo'

2024-05-16 00:30:29 - [TEST_STEP][PASSED] - setText(findTestObject("Object Repository/RecAndPlayBk/Page-Vlink-AuthOnly/input_Card ex year_card_exyr"), exY): Text '' is set on object 'Object Repository/RecAndPlayBk/Page-Vlink-AuthOnly/input_Card ex year_card_exyr'

2024-05-16 00:30:30 - [MESSAGE][PASSED] - Text '' is set on object 'Object Repository/RecAndPlayBk/Page-Vlink-AuthOnly/input_Card ex year_card_exyr'

2024-05-16 00:30:30 - [TEST_STEP][PASSED] - setText(findTestObject("Object Repository/RecAndPlayBk/Page-Vlink-AuthOnly/input_Track Data_track_data"), ""): Text '' is set on object 'Object Repository/RecAndPlayBk/Page-Vlink-AuthOnly/input_Track Data_track_data'

2024-05-16 00:30:31 - [MESSAGE][PASSED] - Text '' is set on object 'Object Repository/RecAndPlayBk/Page-Vlink-AuthOnly/input_Track Data_track_data'

2024-05-16 00:30:31 - [TEST_STEP][PASSED] - setText(findTestObject("Object Repository/RecAndPlayBk/Page-Vlink-AuthOnly/input_concat(Cardholder, , s email)_email"), ""): Text '' is set on object 'Object Repository/RecAndPlayBk/Page-Vlink-AuthOnly/input_concat(Cardholder, , s email)_email'

2024-05-16 00:30:31 - [MESSAGE][PASSED] - Text '' is set on object 'Object Repository/RecAndPlayBk/Page-Vlink-AuthOnly/input_concat(Cardholder, , s email)_email'

2024-05-16 00:30:31 - [TEST_STEP][PASSED] - click(findTestObject("Object Repository/RecAndPlayBk/Page-Vlink-AuthOnly/input_user_defined10_user_defined10")): Object: 'Object Repository/RecAndPlayBk/Page-Vlink-AuthOnly/input_user_defined10_user_defined10' is clicked on

2024-05-16 00:30:32 - [MESSAGE][PASSED] - Object: 'Object Repository/RecAndPlayBk/Page-Vlink-AuthOnly/input_user_defined10_user_defined10' is clicked on

2024-05-16 00:30:32 - [TEST_STEP][PASSED] - setText(findTestObject("Object Repository/RecAndPlayBk/Page-Vlink-AuthOnly/input_Card on File Indicator_card_on_file_i_157dae"), ""): Text '' is set on object 'Object Repository/RecAndPlayBk/Page-Vlink-AuthOnly/input_Card on File Indicator_card_on_file_i_157dae'

2024-05-16 00:30:32 - [MESSAGE][PASSED] - Text '' is set on object 'Object Repository/RecAndPlayBk/Page-Vlink-AuthOnly/input_Card on File Indicator_card_on_file_i_157dae'

2024-05-16 00:30:32 - [TEST_STEP][PASSED] - setText(findTestObject("Object Repository/RecAndPlayBk/Page-Vlink-AuthOnly/input_Stored Credential Indicator_stored_cr_4ae73c"), ""): Text '' is set on object 'Object Repository/RecAndPlayBk/Page-Vlink-AuthOnly/input_Stored Credential Indicator_stored_cr_4ae73c'

2024-05-16 00:30:33 - [MESSAGE][PASSED] - Text '' is set on object 'Object Repository/RecAndPlayBk/Page-Vlink-AuthOnly/input_Stored Credential Indicator_stored_cr_4ae73c'

2024-05-16 00:30:33 - [TEST_STEP][PASSED] - setText(findTestObject("Object Repository/RecAndPlayBk/Page-Vlink-AuthOnly/input_COF Scheduled indicator_cof_scheduled_8df7d8"), ""): Text '' is set on object 'Object Repository/RecAndPlayBk/Page-Vlink-AuthOnly/input_COF Scheduled indicator_cof_scheduled_8df7d8'

2024-05-16 00:30:34 - [MESSAGE][PASSED] - Text '' is set on object 'Object Repository/RecAndPlayBk/Page-Vlink-AuthOnly/input_COF Scheduled indicator_cof_scheduled_8df7d8'

2024-05-16 00:30:34 - [TEST_STEP][PASSED] - setText(findTestObject("Object Repository/RecAndPlayBk/Page-Vlink-AuthOnly/input_COF Transaction Initiated by_cof_tran_6cded5"), ""): Text '' is set on object 'Object Repository/RecAndPlayBk/Page-Vlink-AuthOnly/input_COF Transaction Initiated by_cof_tran_6cded5'

2024-05-16 00:30:34 - [MESSAGE][PASSED] - Text '' is set on object 'Object Repository/RecAndPlayBk/Page-Vlink-AuthOnly/input_COF Transaction Initiated by_cof_tran_6cded5'

2024-05-16 00:30:34 - [TEST_STEP][PASSED] - click(findTestObject("Object Repository/RecAndPlayBk/Page-Vlink-AuthOnly/input")): Object: 'Object Repository/RecAndPlayBk/Page-Vlink-AuthOnly/input' is clicked on

2024-05-16 00:30:35 - [MESSAGE][PASSED] - Object: 'Object Repository/RecAndPlayBk/Page-Vlink-AuthOnly/input' is clicked on

2024-05-16 00:30:35 - [TEST_STEP][PASSED] - if (verifyTextPresent(errorMsg, true)): null

2024-05-16 00:30:35 - [MESSAGE][PASSED] - Text 'card_exyr' is present on page  using regular expression

2024-05-16 00:30:35 - [TEST_STEP][PASSED] - println("Error Message is present on the Confirmation page"): null

2024-05-16 00:30:35 - [TEST_STEP][PASSED] - out.println("Pass Record Number: " + row): null

2024-05-16 00:30:35 - [TEST_STEP][PASSED] - resText = "Pass": null

2024-05-16 00:30:35 - [TEST_STEP][PASSED] - pages.WriteExcel.demoKey(resText, datText, resColumn, datCloumn, fileLoc, nameSheet, row): pages.WriteExcel.demoKey is PASSED

2024-05-16 00:30:35 - [MESSAGE][PASSED] - pages.WriteExcel.demoKey is PASSED

2024-05-16 00:30:35 - [TEST_STEP][PASSED] - ExecuteTC = findTestData(dataFile).getValue("Execute", row): null

2024-05-16 00:30:35 - [TEST_STEP][PASSED] - out.println("Value of Execute is : " + ExecuteTC): null

2024-05-16 00:30:35 - [TEST_STEP][PASSED] - if (ExecuteTC.equalsIgnoreCase("Y")): null

2024-05-16 00:30:35 - [TEST_STEP][PASSED] - out.println("Begin Record Number: " + row): null

2024-05-16 00:30:35 - [TEST_STEP][PASSED] - today = new java.util.Date(): null

2024-05-16 00:30:35 - [TEST_STEP][PASSED] - println(today): null

2024-05-16 00:30:35 - [TEST_STEP][PASSED] - datText = today: null

2024-05-16 00:30:35 - [TEST_STEP][PASSED] - errorMsg = findTestData(dataFile).getValue("ErrorMsg", row): null

2024-05-16 00:30:36 - [TEST_STEP][PASSED] - appID = findTestData(dataFile).getValue("AppID", row): null

2024-05-16 00:30:36 - [TEST_STEP][PASSED] - username = findTestData(dataFile).getValue("Username", row): null

2024-05-16 00:30:36 - [TEST_STEP][PASSED] - password = findTestData(dataFile).getValue("Password", row): null

2024-05-16 00:30:36 - [TEST_STEP][PASSED] - tranType = findTestData(dataFile).getValue("TranType", row): null

2024-05-16 00:30:36 - [TEST_STEP][PASSED] - mv = findTestData(dataFile).getValue("MV", row): null

2024-05-16 00:30:36 - [TEST_STEP][PASSED] - resFormat = findTestData(dataFile).getValue("ResFormat", row): null

2024-05-16 00:30:36 - [TEST_STEP][PASSED] - category = findTestData(dataFile).getValue("Category", row): null

2024-05-16 00:30:36 - [TEST_STEP][PASSED] - amount = findTestData(dataFile).getValue("Amount", row): null

2024-05-16 00:30:36 - [TEST_STEP][PASSED] - cardName = findTestData(dataFile).getValue("CardName", row): null

2024-05-16 00:30:36 - [TEST_STEP][PASSED] - al1 = findTestData(dataFile).getValue("AL1", row): null

2024-05-16 00:30:36 - [TEST_STEP][PASSED] - city = findTestData(dataFile).getValue("City", row): null

2024-05-16 00:30:37 - [TEST_STEP][PASSED] - state = findTestData(dataFile).getValue("State", row): null

2024-05-16 00:30:37 - [TEST_STEP][PASSED] - zip = findTestData(dataFile).getValue("ZIP", row): null

2024-05-16 00:30:37 - [TEST_STEP][PASSED] - cardNumber = findTestData(dataFile).getValue("CardNumber", row): null

2024-05-16 00:30:37 - [TEST_STEP][PASSED] - exM = findTestData(dataFile).getValue("ExM", row): null

2024-05-16 00:30:37 - [TEST_STEP][PASSED] - exY = findTestData(dataFile).getValue("ExY", row): null

2024-05-16 00:30:37 - [TEST_STEP][PASSED] - openBrowser(VLinkURL + "auth.html"): Browser is opened with url: 'https://dev-algorithm.govolution.com/vlinktest/QA2/version_2_0/auth.html'

2024-05-16 00:30:37 - [MESSAGE][WARNING] - A browser is already opened. Closing browser and opening a new one

2024-05-16 00:30:38 - [MESSAGE][INFO] - Starting 'Chrome' driver

2024-05-16 00:30:38 - [MESSAGE][INFO] - User set preference: ['acceptInsecureCerts', 'true']

2024-05-16 00:30:38 - [MESSAGE][INFO] - Action delay is set to 0 milliseconds

2024-05-16 00:30:40 - [MESSAGE][PASSED] - Browser is opened with url: 'https://dev-algorithm.govolution.com/vlinktest/QA2/version_2_0/auth.html'

2024-05-16 00:30:40 - [TEST_STEP][PASSED] - maximizeWindow(): Current window maximized

2024-05-16 00:30:41 - [MESSAGE][PASSED] - Current window maximized

2024-05-16 00:30:41 - [TEST_STEP][PASSED] - maximizeWindow(): Current window maximized

2024-05-16 00:30:41 - [MESSAGE][PASSED] - Current window maximized

2024-05-16 00:30:41 - [TEST_STEP][PASSED] - setText(findTestObject("Object Repository/RecAndPlayBk/Page-Vlink-AuthOnly/txt_TransactionType"), tranType): Text '104' is set on object 'Object Repository/RecAndPlayBk/Page-Vlink-AuthOnly/txt_TransactionType'

2024-05-16 00:30:41 - [MESSAGE][PASSED] - Text '104' is set on object 'Object Repository/RecAndPlayBk/Page-Vlink-AuthOnly/txt_TransactionType'

2024-05-16 00:30:41 - [TEST_STEP][PASSED] - setText(findTestObject("Object Repository/RecAndPlayBk/Page-Vlink-AuthOnly/txt_MessageVersion"), mv): Text '2.0C' is set on object 'Object Repository/RecAndPlayBk/Page-Vlink-AuthOnly/txt_MessageVersion'

2024-05-16 00:30:42 - [MESSAGE][PASSED] - Text '2.0C' is set on object 'Object Repository/RecAndPlayBk/Page-Vlink-AuthOnly/txt_MessageVersion'

2024-05-16 00:30:42 - [TEST_STEP][PASSED] - genRemID = RandomStringUtils.random(12, true, true): null

2024-05-16 00:30:42 - [TEST_STEP][PASSED] - setText(findTestObject("Object Repository/RecAndPlayBk/Page-Vlink-AuthOnly/input_Remittance Id_remittance_id"), genRemID): Text 'f0aas4yjlzSE' is set on object 'Object Repository/RecAndPlayBk/Page-Vlink-AuthOnly/input_Remittance Id_remittance_id'

2024-05-16 00:30:43 - [MESSAGE][PASSED] - Text 'f0aas4yjlzSE' is set on object 'Object Repository/RecAndPlayBk/Page-Vlink-AuthOnly/input_Remittance Id_remittance_id'

2024-05-16 00:30:43 - [TEST_STEP][PASSED] - setText(findTestObject("Object Repository/RecAndPlayBk/Page-Vlink-AuthOnly/input_Application Id_application_id"), appID): Text '234' is set on object 'Object Repository/RecAndPlayBk/Page-Vlink-AuthOnly/input_Application Id_application_id'

2024-05-16 00:30:43 - [MESSAGE][PASSED] - Text '234' is set on object 'Object Repository/RecAndPlayBk/Page-Vlink-AuthOnly/input_Application Id_application_id'

2024-05-16 00:30:43 - [TEST_STEP][PASSED] - setText(findTestObject("Object Repository/RecAndPlayBk/Page-Vlink-AuthOnly/input_Username_username"), username): Text 'username' is set on object 'Object Repository/RecAndPlayBk/Page-Vlink-AuthOnly/input_Username_username'

2024-05-16 00:30:44 - [MESSAGE][PASSED] - Text 'username' is set on object 'Object Repository/RecAndPlayBk/Page-Vlink-AuthOnly/input_Username_username'

2024-05-16 00:30:44 - [TEST_STEP][PASSED] - setText(findTestObject("Object Repository/RecAndPlayBk/Page-Vlink-AuthOnly/input_Password_password"), password): Text 'password' is set on object 'Object Repository/RecAndPlayBk/Page-Vlink-AuthOnly/input_Password_password'

2024-05-16 00:30:45 - [MESSAGE][PASSED] - Text 'password' is set on object 'Object Repository/RecAndPlayBk/Page-Vlink-AuthOnly/input_Password_password'

2024-05-16 00:30:45 - [TEST_STEP][PASSED] - setText(findTestObject("Object Repository/RecAndPlayBk/Page-Vlink-AuthOnly/txt_ResponseFormat"), resFormat): Text 'fixed_width' is set on object 'Object Repository/RecAndPlayBk/Page-Vlink-AuthOnly/txt_ResponseFormat'

2024-05-16 00:30:45 - [MESSAGE][PASSED] - Text 'fixed_width' is set on object 'Object Repository/RecAndPlayBk/Page-Vlink-AuthOnly/txt_ResponseFormat'

2024-05-16 00:30:45 - [TEST_STEP][PASSED] - setText(findTestObject("Object Repository/RecAndPlayBk/Page-Vlink-AuthOnly/input_Category_category"), category): Text 'RETL' is set on object 'Object Repository/RecAndPlayBk/Page-Vlink-AuthOnly/input_Category_category'

2024-05-16 00:30:46 - [MESSAGE][PASSED] - Text 'RETL' is set on object 'Object Repository/RecAndPlayBk/Page-Vlink-AuthOnly/input_Category_category'

2024-05-16 00:30:46 - [TEST_STEP][PASSED] - setText(findTestObject("Object Repository/RecAndPlayBk/Page-Vlink-AuthOnly/txt_CardName"), cardName): Text 'Kris Roshan' is set on object 'Object Repository/RecAndPlayBk/Page-Vlink-AuthOnly/txt_CardName'

2024-05-16 00:30:47 - [MESSAGE][PASSED] - Text 'Kris Roshan' is set on object 'Object Repository/RecAndPlayBk/Page-Vlink-AuthOnly/txt_CardName'

2024-05-16 00:30:47 - [TEST_STEP][PASSED] - setText(findTestObject("Object Repository/RecAndPlayBk/Page-Vlink-AuthOnly/txt_AL1"), al1): Text '258 Elm Road' is set on object 'Object Repository/RecAndPlayBk/Page-Vlink-AuthOnly/txt_AL1'

2024-05-16 00:30:47 - [MESSAGE][PASSED] - Text '258 Elm Road' is set on object 'Object Repository/RecAndPlayBk/Page-Vlink-AuthOnly/txt_AL1'

2024-05-16 00:30:47 - [TEST_STEP][PASSED] - setText(findTestObject("Object Repository/RecAndPlayBk/Page-Vlink-AuthOnly/txt_CardCity"), city): Text 'Arlington' is set on object 'Object Repository/RecAndPlayBk/Page-Vlink-AuthOnly/txt_CardCity'

2024-05-16 00:30:48 - [MESSAGE][PASSED] - Text 'Arlington' is set on object 'Object Repository/RecAndPlayBk/Page-Vlink-AuthOnly/txt_CardCity'

2024-05-16 00:30:48 - [TEST_STEP][PASSED] - setText(findTestObject("Object Repository/RecAndPlayBk/Page-Vlink-AuthOnly/txt_CardState"), state): Text 'VA' is set on object 'Object Repository/RecAndPlayBk/Page-Vlink-AuthOnly/txt_CardState'

2024-05-16 00:30:49 - [MESSAGE][PASSED] - Text 'VA' is set on object 'Object Repository/RecAndPlayBk/Page-Vlink-AuthOnly/txt_CardState'

2024-05-16 00:30:49 - [TEST_STEP][PASSED] - setText(findTestObject("Object Repository/RecAndPlayBk/Page-Vlink-AuthOnly/txt_CardZIP"), zip): Text '22201' is set on object 'Object Repository/RecAndPlayBk/Page-Vlink-AuthOnly/txt_CardZIP'

2024-05-16 00:30:49 - [MESSAGE][PASSED] - Text '22201' is set on object 'Object Repository/RecAndPlayBk/Page-Vlink-AuthOnly/txt_CardZIP'

2024-05-16 00:30:49 - [TEST_STEP][PASSED] - setText(findTestObject("Object Repository/RecAndPlayBk/Page-Vlink-AuthOnly/input_Amount_amount"), amount): Text '1.50' is set on object 'Object Repository/RecAndPlayBk/Page-Vlink-AuthOnly/input_Amount_amount'

2024-05-16 00:30:50 - [MESSAGE][PASSED] - Text '1.50' is set on object 'Object Repository/RecAndPlayBk/Page-Vlink-AuthOnly/input_Amount_amount'

2024-05-16 00:30:50 - [TEST_STEP][PASSED] - setText(findTestObject("Object Repository/RecAndPlayBk/Page-Vlink-AuthOnly/input_Card number_card_number"), cardNumber): Text '4111111111111111' is set on object 'Object Repository/RecAndPlayBk/Page-Vlink-AuthOnly/input_Card number_card_number'

2024-05-16 00:30:51 - [MESSAGE][PASSED] - Text '4111111111111111' is set on object 'Object Repository/RecAndPlayBk/Page-Vlink-AuthOnly/input_Card number_card_number'

2024-05-16 00:30:51 - [TEST_STEP][PASSED] - setText(findTestObject("Object Repository/RecAndPlayBk/Page-Vlink-AuthOnly/input_Card ex month_card_exmo"), exM): Text '12' is set on object 'Object Repository/RecAndPlayBk/Page-Vlink-AuthOnly/input_Card ex month_card_exmo'

2024-05-16 00:30:51 - [MESSAGE][PASSED] - Text '12' is set on object 'Object Repository/RecAndPlayBk/Page-Vlink-AuthOnly/input_Card ex month_card_exmo'

2024-05-16 00:30:51 - [TEST_STEP][PASSED] - setText(findTestObject("Object Repository/RecAndPlayBk/Page-Vlink-AuthOnly/input_Card ex year_card_exyr"), exY): Text '' is set on object 'Object Repository/RecAndPlayBk/Page-Vlink-AuthOnly/input_Card ex year_card_exyr'

2024-05-16 00:30:52 - [MESSAGE][PASSED] - Text '' is set on object 'Object Repository/RecAndPlayBk/Page-Vlink-AuthOnly/input_Card ex year_card_exyr'

2024-05-16 00:30:52 - [TEST_STEP][PASSED] - setText(findTestObject("Object Repository/RecAndPlayBk/Page-Vlink-AuthOnly/input_Track Data_track_data"), ""): Text '' is set on object 'Object Repository/RecAndPlayBk/Page-Vlink-AuthOnly/input_Track Data_track_data'

2024-05-16 00:30:53 - [MESSAGE][PASSED] - Text '' is set on object 'Object Repository/RecAndPlayBk/Page-Vlink-AuthOnly/input_Track Data_track_data'

2024-05-16 00:30:53 - [TEST_STEP][PASSED] - setText(findTestObject("Object Repository/RecAndPlayBk/Page-Vlink-AuthOnly/input_concat(Cardholder, , s email)_email"), ""): Text '' is set on object 'Object Repository/RecAndPlayBk/Page-Vlink-AuthOnly/input_concat(Cardholder, , s email)_email'

2024-05-16 00:30:53 - [MESSAGE][PASSED] - Text '' is set on object 'Object Repository/RecAndPlayBk/Page-Vlink-AuthOnly/input_concat(Cardholder, , s email)_email'

2024-05-16 00:30:53 - [TEST_STEP][PASSED] - click(findTestObject("Object Repository/RecAndPlayBk/Page-Vlink-AuthOnly/input_user_defined10_user_defined10")): Object: 'Object Repository/RecAndPlayBk/Page-Vlink-AuthOnly/input_user_defined10_user_defined10' is clicked on

2024-05-16 00:30:54 - [MESSAGE][PASSED] - Object: 'Object Repository/RecAndPlayBk/Page-Vlink-AuthOnly/input_user_defined10_user_defined10' is clicked on

2024-05-16 00:30:54 - [TEST_STEP][PASSED] - setText(findTestObject("Object Repository/RecAndPlayBk/Page-Vlink-AuthOnly/input_Card on File Indicator_card_on_file_i_157dae"), ""): Text '' is set on object 'Object Repository/RecAndPlayBk/Page-Vlink-AuthOnly/input_Card on File Indicator_card_on_file_i_157dae'

2024-05-16 00:30:54 - [MESSAGE][PASSED] - Text '' is set on object 'Object Repository/RecAndPlayBk/Page-Vlink-AuthOnly/input_Card on File Indicator_card_on_file_i_157dae'

2024-05-16 00:30:54 - [TEST_STEP][PASSED] - setText(findTestObject("Object Repository/RecAndPlayBk/Page-Vlink-AuthOnly/input_Stored Credential Indicator_stored_cr_4ae73c"), ""): Text '' is set on object 'Object Repository/RecAndPlayBk/Page-Vlink-AuthOnly/input_Stored Credential Indicator_stored_cr_4ae73c'

2024-05-16 00:30:55 - [MESSAGE][PASSED] - Text '' is set on object 'Object Repository/RecAndPlayBk/Page-Vlink-AuthOnly/input_Stored Credential Indicator_stored_cr_4ae73c'

2024-05-16 00:30:55 - [TEST_STEP][PASSED] - setText(findTestObject("Object Repository/RecAndPlayBk/Page-Vlink-AuthOnly/input_COF Scheduled indicator_cof_scheduled_8df7d8"), ""): Text '' is set on object 'Object Repository/RecAndPlayBk/Page-Vlink-AuthOnly/input_COF Scheduled indicator_cof_scheduled_8df7d8'

2024-05-16 00:30:56 - [MESSAGE][PASSED] - Text '' is set on object 'Object Repository/RecAndPlayBk/Page-Vlink-AuthOnly/input_COF Scheduled indicator_cof_scheduled_8df7d8'

2024-05-16 00:30:56 - [TEST_STEP][PASSED] - setText(findTestObject("Object Repository/RecAndPlayBk/Page-Vlink-AuthOnly/input_COF Transaction Initiated by_cof_tran_6cded5"), ""): Text '' is set on object 'Object Repository/RecAndPlayBk/Page-Vlink-AuthOnly/input_COF Transaction Initiated by_cof_tran_6cded5'

2024-05-16 00:30:56 - [MESSAGE][PASSED] - Text '' is set on object 'Object Repository/RecAndPlayBk/Page-Vlink-AuthOnly/input_COF Transaction Initiated by_cof_tran_6cded5'

2024-05-16 00:30:56 - [TEST_STEP][PASSED] - click(findTestObject("Object Repository/RecAndPlayBk/Page-Vlink-AuthOnly/input")): Object: 'Object Repository/RecAndPlayBk/Page-Vlink-AuthOnly/input' is clicked on

2024-05-16 00:30:57 - [MESSAGE][PASSED] - Object: 'Object Repository/RecAndPlayBk/Page-Vlink-AuthOnly/input' is clicked on

2024-05-16 00:30:57 - [TEST_STEP][PASSED] - if (verifyTextPresent(errorMsg, true)): null

2024-05-16 00:30:57 - [MESSAGE][PASSED] - Text 'card_exyr' is present on page  using regular expression

2024-05-16 00:30:57 - [TEST_STEP][PASSED] - println("Error Message is present on the Confirmation page"): null

2024-05-16 00:30:57 - [TEST_STEP][PASSED] - out.println("Pass Record Number: " + row): null

2024-05-16 00:30:57 - [TEST_STEP][PASSED] - resText = "Pass": null

2024-05-16 00:30:57 - [TEST_STEP][PASSED] - pages.WriteExcel.demoKey(resText, datText, resColumn, datCloumn, fileLoc, nameSheet, row): pages.WriteExcel.demoKey is PASSED

2024-05-16 00:30:57 - [MESSAGE][PASSED] - pages.WriteExcel.demoKey is PASSED

2024-05-16 00:30:57 - [TEST_STEP][PASSED] - ExecuteTC = findTestData(dataFile).getValue("Execute", row): null

2024-05-16 00:30:57 - [TEST_STEP][PASSED] - out.println("Value of Execute is : " + ExecuteTC): null

2024-05-16 00:30:57 - [TEST_STEP][PASSED] - if (ExecuteTC.equalsIgnoreCase("Y")): null]]></system-out>
         <system-err><![CDATA[]]></system-err>
      </testcase>
      <testcase name="Test Cases/RecAndPlayBk/VLink/Cap-MRF" time="92.687" classname="Test Cases/RecAndPlayBk/VLink/Cap-MRF" status="PASSED">
         <system-out><![CDATA[2024-05-16 00:30:57 - [TEST_CASE][PASSED] - Test Cases/RecAndPlayBk/VLink/Cap-MRF: Test Cases/RecAndPlayBk/VLink/Cap-MRF

2024-05-16 00:30:58 - [TEST_STEP][PASSED] - executionProfile = getExecutionProfile(): null

2024-05-16 00:30:58 - [TEST_STEP][PASSED] - out.println("executionProfile : " + executionProfile): null

2024-05-16 00:30:58 - [TEST_STEP][PASSED] - resText = "Fail": null

2024-05-16 00:30:58 - [TEST_STEP][PASSED] - resColumn = "Result": null

2024-05-16 00:30:58 - [TEST_STEP][PASSED] - datCloumn = "Date": null

2024-05-16 00:30:58 - [TEST_STEP][PASSED] - fileLoc = "KatalonData/VLinkSmokeData.xlsx": null

2024-05-16 00:30:58 - [TEST_STEP][PASSED] - numOfRows = <not implemented yet for class: org.codehaus.groovy.ast.expr.EmptyExpression>: null

2024-05-16 00:30:58 - [TEST_STEP][PASSED] - dataFile = <not implemented yet for class: org.codehaus.groovy.ast.expr.EmptyExpression>: null

2024-05-16 00:30:58 - [TEST_STEP][PASSED] - nameSheet = <not implemented yet for class: org.codehaus.groovy.ast.expr.EmptyExpression>: null

2024-05-16 00:30:58 - [TEST_STEP][PASSED] - nameSheet = "Cap-MRF": null

2024-05-16 00:30:58 - [TEST_STEP][PASSED] - numOfRows = findTestData("QA/VLinkTestData/VLinkCapMRFData").getRowNumbers(): null

2024-05-16 00:30:58 - [TEST_STEP][PASSED] - println("Number of Records: " + numOfRows): null

2024-05-16 00:30:58 - [TEST_STEP][PASSED] - dataFile = "QA/VLinkTestData/VLinkCapMRFData": null

2024-05-16 00:30:58 - [TEST_STEP][PASSED] - for ([row = 1, row <= numOfRows, (row++)]): null

2024-05-16 00:30:58 - [TEST_STEP][PASSED] - ExecuteTC = findTestData(dataFile).getValue("Execute", row): null

2024-05-16 00:30:58 - [TEST_STEP][PASSED] - out.println("Value of Execute is : " + ExecuteTC): null

2024-05-16 00:30:58 - [TEST_STEP][PASSED] - if (ExecuteTC.equalsIgnoreCase("Y")): null

2024-05-16 00:30:58 - [TEST_STEP][PASSED] - out.println("Begin Record Number: " + row): null

2024-05-16 00:30:58 - [TEST_STEP][PASSED] - today = new java.util.Date(): null

2024-05-16 00:30:58 - [TEST_STEP][PASSED] - println(today): null

2024-05-16 00:30:58 - [TEST_STEP][PASSED] - datText = today: null

2024-05-16 00:30:58 - [TEST_STEP][PASSED] - errorMsg = findTestData(dataFile).getValue("ErrorMsg", row): null

2024-05-16 00:30:58 - [TEST_STEP][PASSED] - appID = findTestData(dataFile).getValue("AppID", row): null

2024-05-16 00:30:59 - [TEST_STEP][PASSED] - username = findTestData(dataFile).getValue("Username", row): null

2024-05-16 00:30:59 - [TEST_STEP][PASSED] - password = findTestData(dataFile).getValue("Password", row): null

2024-05-16 00:30:59 - [TEST_STEP][PASSED] - tranType = findTestData(dataFile).getValue("TranType", row): null

2024-05-16 00:30:59 - [TEST_STEP][PASSED] - mv = findTestData(dataFile).getValue("MV", row): null

2024-05-16 00:30:59 - [TEST_STEP][PASSED] - resFormat = findTestData(dataFile).getValue("ResFormat", row): null

2024-05-16 00:30:59 - [TEST_STEP][PASSED] - tranxID = findTestData(dataFile).getValue("TranxID", row): null

2024-05-16 00:30:59 - [TEST_STEP][PASSED] - amount = findTestData(dataFile).getValue("Amount", row): null

2024-05-16 00:30:59 - [TEST_STEP][PASSED] - openBrowser(VLinkURL + "capture.html"): Browser is opened with url: 'https://dev-algorithm.govolution.com/vlinktest/QA2/version_2_0/capture.html'

2024-05-16 00:30:59 - [MESSAGE][WARNING] - A browser is already opened. Closing browser and opening a new one

2024-05-16 00:31:01 - [MESSAGE][INFO] - Starting 'Chrome' driver

2024-05-16 00:31:01 - [MESSAGE][INFO] - User set preference: ['acceptInsecureCerts', 'true']

2024-05-16 00:31:01 - [MESSAGE][INFO] - Action delay is set to 0 milliseconds

2024-05-16 00:31:03 - [MESSAGE][PASSED] - Browser is opened with url: 'https://dev-algorithm.govolution.com/vlinktest/QA2/version_2_0/capture.html'

2024-05-16 00:31:03 - [TEST_STEP][PASSED] - maximizeWindow(): Current window maximized

2024-05-16 00:31:03 - [MESSAGE][PASSED] - Current window maximized

2024-05-16 00:31:03 - [TEST_STEP][PASSED] - maximizeWindow(): Current window maximized

2024-05-16 00:31:03 - [MESSAGE][PASSED] - Current window maximized

2024-05-16 00:31:03 - [TEST_STEP][PASSED] - setText(findTestObject("Object Repository/RecAndPlayBk/Page-Vlink-AuthOnly/txt_TransactionType"), tranType): Text '' is set on object 'Object Repository/RecAndPlayBk/Page-Vlink-AuthOnly/txt_TransactionType'

2024-05-16 00:31:04 - [MESSAGE][PASSED] - Text '' is set on object 'Object Repository/RecAndPlayBk/Page-Vlink-AuthOnly/txt_TransactionType'

2024-05-16 00:31:04 - [TEST_STEP][PASSED] - setText(findTestObject("Object Repository/RecAndPlayBk/Page-Vlink-AuthOnly/txt_MessageVersion"), mv): Text '2.0C' is set on object 'Object Repository/RecAndPlayBk/Page-Vlink-AuthOnly/txt_MessageVersion'

2024-05-16 00:31:04 - [MESSAGE][PASSED] - Text '2.0C' is set on object 'Object Repository/RecAndPlayBk/Page-Vlink-AuthOnly/txt_MessageVersion'

2024-05-16 00:31:04 - [TEST_STEP][PASSED] - genRemID = RandomStringUtils.random(12, true, true): null

2024-05-16 00:31:04 - [TEST_STEP][PASSED] - setText(findTestObject("Object Repository/RecAndPlayBk/Page-VLink-Capture/input_Remittance Id_remittance_id"), genRemID): Text 'k0MEeW5GKXfw' is set on object 'Object Repository/RecAndPlayBk/Page-VLink-Capture/input_Remittance Id_remittance_id'

2024-05-16 00:31:05 - [MESSAGE][PASSED] - Text 'k0MEeW5GKXfw' is set on object 'Object Repository/RecAndPlayBk/Page-VLink-Capture/input_Remittance Id_remittance_id'

2024-05-16 00:31:05 - [TEST_STEP][PASSED] - setText(findTestObject("Object Repository/RecAndPlayBk/Page-VLink-Capture/input_Application Id_application_id"), appID): Text '234' is set on object 'Object Repository/RecAndPlayBk/Page-VLink-Capture/input_Application Id_application_id'

2024-05-16 00:31:05 - [MESSAGE][PASSED] - Text '234' is set on object 'Object Repository/RecAndPlayBk/Page-VLink-Capture/input_Application Id_application_id'

2024-05-16 00:31:05 - [TEST_STEP][PASSED] - setText(findTestObject("Object Repository/RecAndPlayBk/Page-VLink-Capture/input_Username_username"), username): Text 'username' is set on object 'Object Repository/RecAndPlayBk/Page-VLink-Capture/input_Username_username'

2024-05-16 00:31:06 - [MESSAGE][PASSED] - Text 'username' is set on object 'Object Repository/RecAndPlayBk/Page-VLink-Capture/input_Username_username'

2024-05-16 00:31:06 - [TEST_STEP][PASSED] - setText(findTestObject("Object Repository/RecAndPlayBk/Page-VLink-Capture/input_Password_password"), password): Text 'password' is set on object 'Object Repository/RecAndPlayBk/Page-VLink-Capture/input_Password_password'

2024-05-16 00:31:07 - [MESSAGE][PASSED] - Text 'password' is set on object 'Object Repository/RecAndPlayBk/Page-VLink-Capture/input_Password_password'

2024-05-16 00:31:07 - [TEST_STEP][PASSED] - setText(findTestObject("Object Repository/RecAndPlayBk/Page-VLink-Capture/txt_ResponseFormat"), resFormat): Text 'fixed_width' is set on object 'Object Repository/RecAndPlayBk/Page-VLink-Capture/txt_ResponseFormat'

2024-05-16 00:31:07 - [MESSAGE][PASSED] - Text 'fixed_width' is set on object 'Object Repository/RecAndPlayBk/Page-VLink-Capture/txt_ResponseFormat'

2024-05-16 00:31:07 - [TEST_STEP][PASSED] - setText(findTestObject("Object Repository/RecAndPlayBk/Page-VLink-Capture/input_Transaction ID_transaction_id"), tranxID): Text '123456' is set on object 'Object Repository/RecAndPlayBk/Page-VLink-Capture/input_Transaction ID_transaction_id'

2024-05-16 00:31:08 - [MESSAGE][PASSED] - Text '123456' is set on object 'Object Repository/RecAndPlayBk/Page-VLink-Capture/input_Transaction ID_transaction_id'

2024-05-16 00:31:08 - [TEST_STEP][PASSED] - setText(findTestObject("Object Repository/RecAndPlayBk/Page-VLink-Capture/input_Amount_amount"), amount): Text '1.50' is set on object 'Object Repository/RecAndPlayBk/Page-VLink-Capture/input_Amount_amount'

2024-05-16 00:31:09 - [MESSAGE][PASSED] - Text '1.50' is set on object 'Object Repository/RecAndPlayBk/Page-VLink-Capture/input_Amount_amount'

2024-05-16 00:31:09 - [TEST_STEP][PASSED] - click(findTestObject("Object Repository/RecAndPlayBk/Page-VLink-Capture/input")): Object: 'Object Repository/RecAndPlayBk/Page-VLink-Capture/input' is clicked on

2024-05-16 00:31:09 - [MESSAGE][PASSED] - Object: 'Object Repository/RecAndPlayBk/Page-VLink-Capture/input' is clicked on

2024-05-16 00:31:09 - [TEST_STEP][PASSED] - if (verifyTextPresent(errorMsg, true)): null

2024-05-16 00:31:10 - [MESSAGE][PASSED] - Text 'Missing parameter: transaction_type' is present on page  using regular expression

2024-05-16 00:31:10 - [TEST_STEP][PASSED] - println("Error Message is present on the Confirmation page"): null

2024-05-16 00:31:10 - [TEST_STEP][PASSED] - out.println("Pass Record Number: " + row): null

2024-05-16 00:31:10 - [TEST_STEP][PASSED] - resText = "Pass": null

2024-05-16 00:31:10 - [TEST_STEP][PASSED] - pages.WriteExcel.demoKey(resText, datText, resColumn, datCloumn, fileLoc, nameSheet, row): pages.WriteExcel.demoKey is PASSED

2024-05-16 00:31:10 - [MESSAGE][PASSED] - pages.WriteExcel.demoKey is PASSED

2024-05-16 00:31:10 - [TEST_STEP][PASSED] - ExecuteTC = findTestData(dataFile).getValue("Execute", row): null

2024-05-16 00:31:10 - [TEST_STEP][PASSED] - out.println("Value of Execute is : " + ExecuteTC): null

2024-05-16 00:31:10 - [TEST_STEP][PASSED] - if (ExecuteTC.equalsIgnoreCase("Y")): null

2024-05-16 00:31:10 - [TEST_STEP][PASSED] - out.println("Begin Record Number: " + row): null

2024-05-16 00:31:10 - [TEST_STEP][PASSED] - today = new java.util.Date(): null

2024-05-16 00:31:10 - [TEST_STEP][PASSED] - println(today): null

2024-05-16 00:31:10 - [TEST_STEP][PASSED] - datText = today: null

2024-05-16 00:31:10 - [TEST_STEP][PASSED] - errorMsg = findTestData(dataFile).getValue("ErrorMsg", row): null

2024-05-16 00:31:10 - [TEST_STEP][PASSED] - appID = findTestData(dataFile).getValue("AppID", row): null

2024-05-16 00:31:10 - [TEST_STEP][PASSED] - username = findTestData(dataFile).getValue("Username", row): null

2024-05-16 00:31:10 - [TEST_STEP][PASSED] - password = findTestData(dataFile).getValue("Password", row): null

2024-05-16 00:31:10 - [TEST_STEP][PASSED] - tranType = findTestData(dataFile).getValue("TranType", row): null

2024-05-16 00:31:10 - [TEST_STEP][PASSED] - mv = findTestData(dataFile).getValue("MV", row): null

2024-05-16 00:31:10 - [TEST_STEP][PASSED] - resFormat = findTestData(dataFile).getValue("ResFormat", row): null

2024-05-16 00:31:11 - [TEST_STEP][PASSED] - tranxID = findTestData(dataFile).getValue("TranxID", row): null

2024-05-16 00:31:11 - [TEST_STEP][PASSED] - amount = findTestData(dataFile).getValue("Amount", row): null

2024-05-16 00:31:11 - [TEST_STEP][PASSED] - openBrowser(VLinkURL + "capture.html"): Browser is opened with url: 'https://dev-algorithm.govolution.com/vlinktest/QA2/version_2_0/capture.html'

2024-05-16 00:31:11 - [MESSAGE][WARNING] - A browser is already opened. Closing browser and opening a new one

2024-05-16 00:31:12 - [MESSAGE][INFO] - Starting 'Chrome' driver

2024-05-16 00:31:12 - [MESSAGE][INFO] - User set preference: ['acceptInsecureCerts', 'true']

2024-05-16 00:31:12 - [MESSAGE][INFO] - Action delay is set to 0 milliseconds

2024-05-16 00:31:14 - [MESSAGE][PASSED] - Browser is opened with url: 'https://dev-algorithm.govolution.com/vlinktest/QA2/version_2_0/capture.html'

2024-05-16 00:31:14 - [TEST_STEP][PASSED] - maximizeWindow(): Current window maximized

2024-05-16 00:31:14 - [MESSAGE][PASSED] - Current window maximized

2024-05-16 00:31:14 - [TEST_STEP][PASSED] - maximizeWindow(): Current window maximized

2024-05-16 00:31:14 - [MESSAGE][PASSED] - Current window maximized

2024-05-16 00:31:14 - [TEST_STEP][PASSED] - setText(findTestObject("Object Repository/RecAndPlayBk/Page-Vlink-AuthOnly/txt_TransactionType"), tranType): Text '102' is set on object 'Object Repository/RecAndPlayBk/Page-Vlink-AuthOnly/txt_TransactionType'

2024-05-16 00:31:15 - [MESSAGE][PASSED] - Text '102' is set on object 'Object Repository/RecAndPlayBk/Page-Vlink-AuthOnly/txt_TransactionType'

2024-05-16 00:31:15 - [TEST_STEP][PASSED] - setText(findTestObject("Object Repository/RecAndPlayBk/Page-Vlink-AuthOnly/txt_MessageVersion"), mv): Text '' is set on object 'Object Repository/RecAndPlayBk/Page-Vlink-AuthOnly/txt_MessageVersion'

2024-05-16 00:31:16 - [MESSAGE][PASSED] - Text '' is set on object 'Object Repository/RecAndPlayBk/Page-Vlink-AuthOnly/txt_MessageVersion'

2024-05-16 00:31:16 - [TEST_STEP][PASSED] - genRemID = RandomStringUtils.random(12, true, true): null

2024-05-16 00:31:16 - [TEST_STEP][PASSED] - setText(findTestObject("Object Repository/RecAndPlayBk/Page-VLink-Capture/input_Remittance Id_remittance_id"), genRemID): Text 'OKIj9mwoxTqk' is set on object 'Object Repository/RecAndPlayBk/Page-VLink-Capture/input_Remittance Id_remittance_id'

2024-05-16 00:31:16 - [MESSAGE][PASSED] - Text 'OKIj9mwoxTqk' is set on object 'Object Repository/RecAndPlayBk/Page-VLink-Capture/input_Remittance Id_remittance_id'

2024-05-16 00:31:16 - [TEST_STEP][PASSED] - setText(findTestObject("Object Repository/RecAndPlayBk/Page-VLink-Capture/input_Application Id_application_id"), appID): Text '234' is set on object 'Object Repository/RecAndPlayBk/Page-VLink-Capture/input_Application Id_application_id'

2024-05-16 00:31:17 - [MESSAGE][PASSED] - Text '234' is set on object 'Object Repository/RecAndPlayBk/Page-VLink-Capture/input_Application Id_application_id'

2024-05-16 00:31:17 - [TEST_STEP][PASSED] - setText(findTestObject("Object Repository/RecAndPlayBk/Page-VLink-Capture/input_Username_username"), username): Text 'username' is set on object 'Object Repository/RecAndPlayBk/Page-VLink-Capture/input_Username_username'

2024-05-16 00:31:18 - [MESSAGE][PASSED] - Text 'username' is set on object 'Object Repository/RecAndPlayBk/Page-VLink-Capture/input_Username_username'

2024-05-16 00:31:18 - [TEST_STEP][PASSED] - setText(findTestObject("Object Repository/RecAndPlayBk/Page-VLink-Capture/input_Password_password"), password): Text 'password' is set on object 'Object Repository/RecAndPlayBk/Page-VLink-Capture/input_Password_password'

2024-05-16 00:31:18 - [MESSAGE][PASSED] - Text 'password' is set on object 'Object Repository/RecAndPlayBk/Page-VLink-Capture/input_Password_password'

2024-05-16 00:31:18 - [TEST_STEP][PASSED] - setText(findTestObject("Object Repository/RecAndPlayBk/Page-VLink-Capture/txt_ResponseFormat"), resFormat): Text 'fixed_width' is set on object 'Object Repository/RecAndPlayBk/Page-VLink-Capture/txt_ResponseFormat'

2024-05-16 00:31:19 - [MESSAGE][PASSED] - Text 'fixed_width' is set on object 'Object Repository/RecAndPlayBk/Page-VLink-Capture/txt_ResponseFormat'

2024-05-16 00:31:19 - [TEST_STEP][PASSED] - setText(findTestObject("Object Repository/RecAndPlayBk/Page-VLink-Capture/input_Transaction ID_transaction_id"), tranxID): Text '123456' is set on object 'Object Repository/RecAndPlayBk/Page-VLink-Capture/input_Transaction ID_transaction_id'

2024-05-16 00:31:19 - [MESSAGE][PASSED] - Text '123456' is set on object 'Object Repository/RecAndPlayBk/Page-VLink-Capture/input_Transaction ID_transaction_id'

2024-05-16 00:31:19 - [TEST_STEP][PASSED] - setText(findTestObject("Object Repository/RecAndPlayBk/Page-VLink-Capture/input_Amount_amount"), amount): Text '1.50' is set on object 'Object Repository/RecAndPlayBk/Page-VLink-Capture/input_Amount_amount'

2024-05-16 00:31:20 - [MESSAGE][PASSED] - Text '1.50' is set on object 'Object Repository/RecAndPlayBk/Page-VLink-Capture/input_Amount_amount'

2024-05-16 00:31:20 - [TEST_STEP][PASSED] - click(findTestObject("Object Repository/RecAndPlayBk/Page-VLink-Capture/input")): Object: 'Object Repository/RecAndPlayBk/Page-VLink-Capture/input' is clicked on

2024-05-16 00:31:21 - [MESSAGE][PASSED] - Object: 'Object Repository/RecAndPlayBk/Page-VLink-Capture/input' is clicked on

2024-05-16 00:31:21 - [TEST_STEP][PASSED] - if (verifyTextPresent(errorMsg, true)): null

2024-05-16 00:31:21 - [MESSAGE][PASSED] - Text 'Missing parameter: message_version' is present on page  using regular expression

2024-05-16 00:31:21 - [TEST_STEP][PASSED] - println("Error Message is present on the Confirmation page"): null

2024-05-16 00:31:21 - [TEST_STEP][PASSED] - out.println("Pass Record Number: " + row): null

2024-05-16 00:31:21 - [TEST_STEP][PASSED] - resText = "Pass": null

2024-05-16 00:31:21 - [TEST_STEP][PASSED] - pages.WriteExcel.demoKey(resText, datText, resColumn, datCloumn, fileLoc, nameSheet, row): pages.WriteExcel.demoKey is PASSED

2024-05-16 00:31:21 - [MESSAGE][PASSED] - pages.WriteExcel.demoKey is PASSED

2024-05-16 00:31:21 - [TEST_STEP][PASSED] - ExecuteTC = findTestData(dataFile).getValue("Execute", row): null

2024-05-16 00:31:21 - [TEST_STEP][PASSED] - out.println("Value of Execute is : " + ExecuteTC): null

2024-05-16 00:31:21 - [TEST_STEP][PASSED] - if (ExecuteTC.equalsIgnoreCase("Y")): null

2024-05-16 00:31:21 - [TEST_STEP][PASSED] - out.println("Begin Record Number: " + row): null

2024-05-16 00:31:21 - [TEST_STEP][PASSED] - today = new java.util.Date(): null

2024-05-16 00:31:21 - [TEST_STEP][PASSED] - println(today): null

2024-05-16 00:31:21 - [TEST_STEP][PASSED] - datText = today: null

2024-05-16 00:31:21 - [TEST_STEP][PASSED] - errorMsg = findTestData(dataFile).getValue("ErrorMsg", row): null

2024-05-16 00:31:21 - [TEST_STEP][PASSED] - appID = findTestData(dataFile).getValue("AppID", row): null

2024-05-16 00:31:21 - [TEST_STEP][PASSED] - username = findTestData(dataFile).getValue("Username", row): null

2024-05-16 00:31:22 - [TEST_STEP][PASSED] - password = findTestData(dataFile).getValue("Password", row): null

2024-05-16 00:31:22 - [TEST_STEP][PASSED] - tranType = findTestData(dataFile).getValue("TranType", row): null

2024-05-16 00:31:22 - [TEST_STEP][PASSED] - mv = findTestData(dataFile).getValue("MV", row): null

2024-05-16 00:31:22 - [TEST_STEP][PASSED] - resFormat = findTestData(dataFile).getValue("ResFormat", row): null

2024-05-16 00:31:22 - [TEST_STEP][PASSED] - tranxID = findTestData(dataFile).getValue("TranxID", row): null

2024-05-16 00:31:22 - [TEST_STEP][PASSED] - amount = findTestData(dataFile).getValue("Amount", row): null

2024-05-16 00:31:22 - [TEST_STEP][PASSED] - openBrowser(VLinkURL + "capture.html"): Browser is opened with url: 'https://dev-algorithm.govolution.com/vlinktest/QA2/version_2_0/capture.html'

2024-05-16 00:31:22 - [MESSAGE][WARNING] - A browser is already opened. Closing browser and opening a new one

2024-05-16 00:31:24 - [MESSAGE][INFO] - Starting 'Chrome' driver

2024-05-16 00:31:24 - [MESSAGE][INFO] - User set preference: ['acceptInsecureCerts', 'true']

2024-05-16 00:31:24 - [MESSAGE][INFO] - Action delay is set to 0 milliseconds

2024-05-16 00:31:26 - [MESSAGE][PASSED] - Browser is opened with url: 'https://dev-algorithm.govolution.com/vlinktest/QA2/version_2_0/capture.html'

2024-05-16 00:31:26 - [TEST_STEP][PASSED] - maximizeWindow(): Current window maximized

2024-05-16 00:31:26 - [MESSAGE][PASSED] - Current window maximized

2024-05-16 00:31:26 - [TEST_STEP][PASSED] - maximizeWindow(): Current window maximized

2024-05-16 00:31:26 - [MESSAGE][PASSED] - Current window maximized

2024-05-16 00:31:26 - [TEST_STEP][PASSED] - setText(findTestObject("Object Repository/RecAndPlayBk/Page-Vlink-AuthOnly/txt_TransactionType"), tranType): Text '102' is set on object 'Object Repository/RecAndPlayBk/Page-Vlink-AuthOnly/txt_TransactionType'

2024-05-16 00:31:27 - [MESSAGE][PASSED] - Text '102' is set on object 'Object Repository/RecAndPlayBk/Page-Vlink-AuthOnly/txt_TransactionType'

2024-05-16 00:31:27 - [TEST_STEP][PASSED] - setText(findTestObject("Object Repository/RecAndPlayBk/Page-Vlink-AuthOnly/txt_MessageVersion"), mv): Text '2.0C' is set on object 'Object Repository/RecAndPlayBk/Page-Vlink-AuthOnly/txt_MessageVersion'

2024-05-16 00:31:27 - [MESSAGE][PASSED] - Text '2.0C' is set on object 'Object Repository/RecAndPlayBk/Page-Vlink-AuthOnly/txt_MessageVersion'

2024-05-16 00:31:27 - [TEST_STEP][PASSED] - genRemID = RandomStringUtils.random(12, true, true): null

2024-05-16 00:31:27 - [TEST_STEP][PASSED] - setText(findTestObject("Object Repository/RecAndPlayBk/Page-VLink-Capture/input_Remittance Id_remittance_id"), genRemID): Text 'WkUAL6x690Nk' is set on object 'Object Repository/RecAndPlayBk/Page-VLink-Capture/input_Remittance Id_remittance_id'

2024-05-16 00:31:28 - [MESSAGE][PASSED] - Text 'WkUAL6x690Nk' is set on object 'Object Repository/RecAndPlayBk/Page-VLink-Capture/input_Remittance Id_remittance_id'

2024-05-16 00:31:28 - [TEST_STEP][PASSED] - setText(findTestObject("Object Repository/RecAndPlayBk/Page-VLink-Capture/input_Application Id_application_id"), appID): Text '' is set on object 'Object Repository/RecAndPlayBk/Page-VLink-Capture/input_Application Id_application_id'

2024-05-16 00:31:29 - [MESSAGE][PASSED] - Text '' is set on object 'Object Repository/RecAndPlayBk/Page-VLink-Capture/input_Application Id_application_id'

2024-05-16 00:31:29 - [TEST_STEP][PASSED] - setText(findTestObject("Object Repository/RecAndPlayBk/Page-VLink-Capture/input_Username_username"), username): Text 'username' is set on object 'Object Repository/RecAndPlayBk/Page-VLink-Capture/input_Username_username'

2024-05-16 00:31:29 - [MESSAGE][PASSED] - Text 'username' is set on object 'Object Repository/RecAndPlayBk/Page-VLink-Capture/input_Username_username'

2024-05-16 00:31:29 - [TEST_STEP][PASSED] - setText(findTestObject("Object Repository/RecAndPlayBk/Page-VLink-Capture/input_Password_password"), password): Text 'password' is set on object 'Object Repository/RecAndPlayBk/Page-VLink-Capture/input_Password_password'

2024-05-16 00:31:30 - [MESSAGE][PASSED] - Text 'password' is set on object 'Object Repository/RecAndPlayBk/Page-VLink-Capture/input_Password_password'

2024-05-16 00:31:30 - [TEST_STEP][PASSED] - setText(findTestObject("Object Repository/RecAndPlayBk/Page-VLink-Capture/txt_ResponseFormat"), resFormat): Text 'fixed_width' is set on object 'Object Repository/RecAndPlayBk/Page-VLink-Capture/txt_ResponseFormat'

2024-05-16 00:31:30 - [MESSAGE][PASSED] - Text 'fixed_width' is set on object 'Object Repository/RecAndPlayBk/Page-VLink-Capture/txt_ResponseFormat'

2024-05-16 00:31:30 - [TEST_STEP][PASSED] - setText(findTestObject("Object Repository/RecAndPlayBk/Page-VLink-Capture/input_Transaction ID_transaction_id"), tranxID): Text '123456' is set on object 'Object Repository/RecAndPlayBk/Page-VLink-Capture/input_Transaction ID_transaction_id'

2024-05-16 00:31:31 - [MESSAGE][PASSED] - Text '123456' is set on object 'Object Repository/RecAndPlayBk/Page-VLink-Capture/input_Transaction ID_transaction_id'

2024-05-16 00:31:31 - [TEST_STEP][PASSED] - setText(findTestObject("Object Repository/RecAndPlayBk/Page-VLink-Capture/input_Amount_amount"), amount): Text '1.50' is set on object 'Object Repository/RecAndPlayBk/Page-VLink-Capture/input_Amount_amount'

2024-05-16 00:31:32 - [MESSAGE][PASSED] - Text '1.50' is set on object 'Object Repository/RecAndPlayBk/Page-VLink-Capture/input_Amount_amount'

2024-05-16 00:31:32 - [TEST_STEP][PASSED] - click(findTestObject("Object Repository/RecAndPlayBk/Page-VLink-Capture/input")): Object: 'Object Repository/RecAndPlayBk/Page-VLink-Capture/input' is clicked on

2024-05-16 00:31:32 - [MESSAGE][PASSED] - Object: 'Object Repository/RecAndPlayBk/Page-VLink-Capture/input' is clicked on

2024-05-16 00:31:32 - [TEST_STEP][PASSED] - if (verifyTextPresent(errorMsg, true)): null

2024-05-16 00:31:33 - [MESSAGE][PASSED] - Text 'Missing parameter: application_id' is present on page  using regular expression

2024-05-16 00:31:33 - [TEST_STEP][PASSED] - println("Error Message is present on the Confirmation page"): null

2024-05-16 00:31:33 - [TEST_STEP][PASSED] - out.println("Pass Record Number: " + row): null

2024-05-16 00:31:33 - [TEST_STEP][PASSED] - resText = "Pass": null

2024-05-16 00:31:33 - [TEST_STEP][PASSED] - pages.WriteExcel.demoKey(resText, datText, resColumn, datCloumn, fileLoc, nameSheet, row): pages.WriteExcel.demoKey is PASSED

2024-05-16 00:31:33 - [MESSAGE][PASSED] - pages.WriteExcel.demoKey is PASSED

2024-05-16 00:31:33 - [TEST_STEP][PASSED] - ExecuteTC = findTestData(dataFile).getValue("Execute", row): null

2024-05-16 00:31:33 - [TEST_STEP][PASSED] - out.println("Value of Execute is : " + ExecuteTC): null

2024-05-16 00:31:33 - [TEST_STEP][PASSED] - if (ExecuteTC.equalsIgnoreCase("Y")): null

2024-05-16 00:31:33 - [TEST_STEP][PASSED] - out.println("Begin Record Number: " + row): null

2024-05-16 00:31:33 - [TEST_STEP][PASSED] - today = new java.util.Date(): null

2024-05-16 00:31:33 - [TEST_STEP][PASSED] - println(today): null

2024-05-16 00:31:33 - [TEST_STEP][PASSED] - datText = today: null

2024-05-16 00:31:33 - [TEST_STEP][PASSED] - errorMsg = findTestData(dataFile).getValue("ErrorMsg", row): null

2024-05-16 00:31:33 - [TEST_STEP][PASSED] - appID = findTestData(dataFile).getValue("AppID", row): null

2024-05-16 00:31:33 - [TEST_STEP][PASSED] - username = findTestData(dataFile).getValue("Username", row): null

2024-05-16 00:31:33 - [TEST_STEP][PASSED] - password = findTestData(dataFile).getValue("Password", row): null

2024-05-16 00:31:33 - [TEST_STEP][PASSED] - tranType = findTestData(dataFile).getValue("TranType", row): null

2024-05-16 00:31:33 - [TEST_STEP][PASSED] - mv = findTestData(dataFile).getValue("MV", row): null

2024-05-16 00:31:33 - [TEST_STEP][PASSED] - resFormat = findTestData(dataFile).getValue("ResFormat", row): null

2024-05-16 00:31:34 - [TEST_STEP][PASSED] - tranxID = findTestData(dataFile).getValue("TranxID", row): null

2024-05-16 00:31:34 - [TEST_STEP][PASSED] - amount = findTestData(dataFile).getValue("Amount", row): null

2024-05-16 00:31:34 - [TEST_STEP][PASSED] - openBrowser(VLinkURL + "capture.html"): Browser is opened with url: 'https://dev-algorithm.govolution.com/vlinktest/QA2/version_2_0/capture.html'

2024-05-16 00:31:34 - [MESSAGE][WARNING] - A browser is already opened. Closing browser and opening a new one

2024-05-16 00:31:35 - [MESSAGE][INFO] - Starting 'Chrome' driver

2024-05-16 00:31:35 - [MESSAGE][INFO] - User set preference: ['acceptInsecureCerts', 'true']

2024-05-16 00:31:35 - [MESSAGE][INFO] - Action delay is set to 0 milliseconds

2024-05-16 00:31:37 - [MESSAGE][PASSED] - Browser is opened with url: 'https://dev-algorithm.govolution.com/vlinktest/QA2/version_2_0/capture.html'

2024-05-16 00:31:37 - [TEST_STEP][PASSED] - maximizeWindow(): Current window maximized

2024-05-16 00:31:37 - [MESSAGE][PASSED] - Current window maximized

2024-05-16 00:31:37 - [TEST_STEP][PASSED] - maximizeWindow(): Current window maximized

2024-05-16 00:31:37 - [MESSAGE][PASSED] - Current window maximized

2024-05-16 00:31:37 - [TEST_STEP][PASSED] - setText(findTestObject("Object Repository/RecAndPlayBk/Page-Vlink-AuthOnly/txt_TransactionType"), tranType): Text '102' is set on object 'Object Repository/RecAndPlayBk/Page-Vlink-AuthOnly/txt_TransactionType'

2024-05-16 00:31:38 - [MESSAGE][PASSED] - Text '102' is set on object 'Object Repository/RecAndPlayBk/Page-Vlink-AuthOnly/txt_TransactionType'

2024-05-16 00:31:38 - [TEST_STEP][PASSED] - setText(findTestObject("Object Repository/RecAndPlayBk/Page-Vlink-AuthOnly/txt_MessageVersion"), mv): Text '2.0C' is set on object 'Object Repository/RecAndPlayBk/Page-Vlink-AuthOnly/txt_MessageVersion'

2024-05-16 00:31:39 - [MESSAGE][PASSED] - Text '2.0C' is set on object 'Object Repository/RecAndPlayBk/Page-Vlink-AuthOnly/txt_MessageVersion'

2024-05-16 00:31:39 - [TEST_STEP][PASSED] - genRemID = RandomStringUtils.random(12, true, true): null

2024-05-16 00:31:39 - [TEST_STEP][PASSED] - setText(findTestObject("Object Repository/RecAndPlayBk/Page-VLink-Capture/input_Remittance Id_remittance_id"), genRemID): Text 'o120p5bM8jWp' is set on object 'Object Repository/RecAndPlayBk/Page-VLink-Capture/input_Remittance Id_remittance_id'

2024-05-16 00:31:39 - [MESSAGE][PASSED] - Text 'o120p5bM8jWp' is set on object 'Object Repository/RecAndPlayBk/Page-VLink-Capture/input_Remittance Id_remittance_id'

2024-05-16 00:31:39 - [TEST_STEP][PASSED] - setText(findTestObject("Object Repository/RecAndPlayBk/Page-VLink-Capture/input_Application Id_application_id"), appID): Text '234' is set on object 'Object Repository/RecAndPlayBk/Page-VLink-Capture/input_Application Id_application_id'

2024-05-16 00:31:40 - [MESSAGE][PASSED] - Text '234' is set on object 'Object Repository/RecAndPlayBk/Page-VLink-Capture/input_Application Id_application_id'

2024-05-16 00:31:40 - [TEST_STEP][PASSED] - setText(findTestObject("Object Repository/RecAndPlayBk/Page-VLink-Capture/input_Username_username"), username): Text 'username' is set on object 'Object Repository/RecAndPlayBk/Page-VLink-Capture/input_Username_username'

2024-05-16 00:31:41 - [MESSAGE][PASSED] - Text 'username' is set on object 'Object Repository/RecAndPlayBk/Page-VLink-Capture/input_Username_username'

2024-05-16 00:31:41 - [TEST_STEP][PASSED] - setText(findTestObject("Object Repository/RecAndPlayBk/Page-VLink-Capture/input_Password_password"), password): Text 'password' is set on object 'Object Repository/RecAndPlayBk/Page-VLink-Capture/input_Password_password'

2024-05-16 00:31:41 - [MESSAGE][PASSED] - Text 'password' is set on object 'Object Repository/RecAndPlayBk/Page-VLink-Capture/input_Password_password'

2024-05-16 00:31:41 - [TEST_STEP][PASSED] - setText(findTestObject("Object Repository/RecAndPlayBk/Page-VLink-Capture/txt_ResponseFormat"), resFormat): Text '' is set on object 'Object Repository/RecAndPlayBk/Page-VLink-Capture/txt_ResponseFormat'

2024-05-16 00:31:42 - [MESSAGE][PASSED] - Text '' is set on object 'Object Repository/RecAndPlayBk/Page-VLink-Capture/txt_ResponseFormat'

2024-05-16 00:31:42 - [TEST_STEP][PASSED] - setText(findTestObject("Object Repository/RecAndPlayBk/Page-VLink-Capture/input_Transaction ID_transaction_id"), tranxID): Text '123456' is set on object 'Object Repository/RecAndPlayBk/Page-VLink-Capture/input_Transaction ID_transaction_id'

2024-05-16 00:31:43 - [MESSAGE][PASSED] - Text '123456' is set on object 'Object Repository/RecAndPlayBk/Page-VLink-Capture/input_Transaction ID_transaction_id'

2024-05-16 00:31:43 - [TEST_STEP][PASSED] - setText(findTestObject("Object Repository/RecAndPlayBk/Page-VLink-Capture/input_Amount_amount"), amount): Text '1.50' is set on object 'Object Repository/RecAndPlayBk/Page-VLink-Capture/input_Amount_amount'

2024-05-16 00:31:43 - [MESSAGE][PASSED] - Text '1.50' is set on object 'Object Repository/RecAndPlayBk/Page-VLink-Capture/input_Amount_amount'

2024-05-16 00:31:43 - [TEST_STEP][PASSED] - click(findTestObject("Object Repository/RecAndPlayBk/Page-VLink-Capture/input")): Object: 'Object Repository/RecAndPlayBk/Page-VLink-Capture/input' is clicked on

2024-05-16 00:31:44 - [MESSAGE][PASSED] - Object: 'Object Repository/RecAndPlayBk/Page-VLink-Capture/input' is clicked on

2024-05-16 00:31:44 - [TEST_STEP][PASSED] - if (verifyTextPresent(errorMsg, true)): null

2024-05-16 00:31:44 - [MESSAGE][PASSED] - Text 'response_format' is present on page  using regular expression

2024-05-16 00:31:44 - [TEST_STEP][PASSED] - println("Error Message is present on the Confirmation page"): null

2024-05-16 00:31:44 - [TEST_STEP][PASSED] - out.println("Pass Record Number: " + row): null

2024-05-16 00:31:44 - [TEST_STEP][PASSED] - resText = "Pass": null

2024-05-16 00:31:44 - [TEST_STEP][PASSED] - pages.WriteExcel.demoKey(resText, datText, resColumn, datCloumn, fileLoc, nameSheet, row): pages.WriteExcel.demoKey is PASSED

2024-05-16 00:31:44 - [MESSAGE][PASSED] - pages.WriteExcel.demoKey is PASSED

2024-05-16 00:31:44 - [TEST_STEP][PASSED] - ExecuteTC = findTestData(dataFile).getValue("Execute", row): null

2024-05-16 00:31:44 - [TEST_STEP][PASSED] - out.println("Value of Execute is : " + ExecuteTC): null

2024-05-16 00:31:44 - [TEST_STEP][PASSED] - if (ExecuteTC.equalsIgnoreCase("Y")): null

2024-05-16 00:31:44 - [TEST_STEP][PASSED] - out.println("Begin Record Number: " + row): null

2024-05-16 00:31:44 - [TEST_STEP][PASSED] - today = new java.util.Date(): null

2024-05-16 00:31:44 - [TEST_STEP][PASSED] - println(today): null

2024-05-16 00:31:44 - [TEST_STEP][PASSED] - datText = today: null

2024-05-16 00:31:44 - [TEST_STEP][PASSED] - errorMsg = findTestData(dataFile).getValue("ErrorMsg", row): null

2024-05-16 00:31:44 - [TEST_STEP][PASSED] - appID = findTestData(dataFile).getValue("AppID", row): null

2024-05-16 00:31:45 - [TEST_STEP][PASSED] - username = findTestData(dataFile).getValue("Username", row): null

2024-05-16 00:31:45 - [TEST_STEP][PASSED] - password = findTestData(dataFile).getValue("Password", row): null

2024-05-16 00:31:45 - [TEST_STEP][PASSED] - tranType = findTestData(dataFile).getValue("TranType", row): null

2024-05-16 00:31:45 - [TEST_STEP][PASSED] - mv = findTestData(dataFile).getValue("MV", row): null

2024-05-16 00:31:45 - [TEST_STEP][PASSED] - resFormat = findTestData(dataFile).getValue("ResFormat", row): null

2024-05-16 00:31:45 - [TEST_STEP][PASSED] - tranxID = findTestData(dataFile).getValue("TranxID", row): null

2024-05-16 00:31:45 - [TEST_STEP][PASSED] - amount = findTestData(dataFile).getValue("Amount", row): null

2024-05-16 00:31:45 - [TEST_STEP][PASSED] - openBrowser(VLinkURL + "capture.html"): Browser is opened with url: 'https://dev-algorithm.govolution.com/vlinktest/QA2/version_2_0/capture.html'

2024-05-16 00:31:45 - [MESSAGE][WARNING] - A browser is already opened. Closing browser and opening a new one

2024-05-16 00:31:46 - [MESSAGE][INFO] - Starting 'Chrome' driver

2024-05-16 00:31:46 - [MESSAGE][INFO] - User set preference: ['acceptInsecureCerts', 'true']

2024-05-16 00:31:46 - [MESSAGE][INFO] - Action delay is set to 0 milliseconds

2024-05-16 00:31:48 - [MESSAGE][PASSED] - Browser is opened with url: 'https://dev-algorithm.govolution.com/vlinktest/QA2/version_2_0/capture.html'

2024-05-16 00:31:48 - [TEST_STEP][PASSED] - maximizeWindow(): Current window maximized

2024-05-16 00:31:49 - [MESSAGE][PASSED] - Current window maximized

2024-05-16 00:31:49 - [TEST_STEP][PASSED] - maximizeWindow(): Current window maximized

2024-05-16 00:31:49 - [MESSAGE][PASSED] - Current window maximized

2024-05-16 00:31:49 - [TEST_STEP][PASSED] - setText(findTestObject("Object Repository/RecAndPlayBk/Page-Vlink-AuthOnly/txt_TransactionType"), tranType): Text '102' is set on object 'Object Repository/RecAndPlayBk/Page-Vlink-AuthOnly/txt_TransactionType'

2024-05-16 00:31:49 - [MESSAGE][PASSED] - Text '102' is set on object 'Object Repository/RecAndPlayBk/Page-Vlink-AuthOnly/txt_TransactionType'

2024-05-16 00:31:49 - [TEST_STEP][PASSED] - setText(findTestObject("Object Repository/RecAndPlayBk/Page-Vlink-AuthOnly/txt_MessageVersion"), mv): Text '2.0C' is set on object 'Object Repository/RecAndPlayBk/Page-Vlink-AuthOnly/txt_MessageVersion'

2024-05-16 00:31:50 - [MESSAGE][PASSED] - Text '2.0C' is set on object 'Object Repository/RecAndPlayBk/Page-Vlink-AuthOnly/txt_MessageVersion'

2024-05-16 00:31:50 - [TEST_STEP][PASSED] - genRemID = RandomStringUtils.random(12, true, true): null

2024-05-16 00:31:50 - [TEST_STEP][PASSED] - setText(findTestObject("Object Repository/RecAndPlayBk/Page-VLink-Capture/input_Remittance Id_remittance_id"), genRemID): Text '0SHIl6lBAbV5' is set on object 'Object Repository/RecAndPlayBk/Page-VLink-Capture/input_Remittance Id_remittance_id'

2024-05-16 00:31:51 - [MESSAGE][PASSED] - Text '0SHIl6lBAbV5' is set on object 'Object Repository/RecAndPlayBk/Page-VLink-Capture/input_Remittance Id_remittance_id'

2024-05-16 00:31:51 - [TEST_STEP][PASSED] - setText(findTestObject("Object Repository/RecAndPlayBk/Page-VLink-Capture/input_Application Id_application_id"), appID): Text '234' is set on object 'Object Repository/RecAndPlayBk/Page-VLink-Capture/input_Application Id_application_id'

2024-05-16 00:31:51 - [MESSAGE][PASSED] - Text '234' is set on object 'Object Repository/RecAndPlayBk/Page-VLink-Capture/input_Application Id_application_id'

2024-05-16 00:31:51 - [TEST_STEP][PASSED] - setText(findTestObject("Object Repository/RecAndPlayBk/Page-VLink-Capture/input_Username_username"), username): Text 'username' is set on object 'Object Repository/RecAndPlayBk/Page-VLink-Capture/input_Username_username'

2024-05-16 00:31:52 - [MESSAGE][PASSED] - Text 'username' is set on object 'Object Repository/RecAndPlayBk/Page-VLink-Capture/input_Username_username'

2024-05-16 00:31:52 - [TEST_STEP][PASSED] - setText(findTestObject("Object Repository/RecAndPlayBk/Page-VLink-Capture/input_Password_password"), password): Text 'password' is set on object 'Object Repository/RecAndPlayBk/Page-VLink-Capture/input_Password_password'

2024-05-16 00:31:53 - [MESSAGE][PASSED] - Text 'password' is set on object 'Object Repository/RecAndPlayBk/Page-VLink-Capture/input_Password_password'

2024-05-16 00:31:53 - [TEST_STEP][PASSED] - setText(findTestObject("Object Repository/RecAndPlayBk/Page-VLink-Capture/txt_ResponseFormat"), resFormat): Text 'fixed_width' is set on object 'Object Repository/RecAndPlayBk/Page-VLink-Capture/txt_ResponseFormat'

2024-05-16 00:31:53 - [MESSAGE][PASSED] - Text 'fixed_width' is set on object 'Object Repository/RecAndPlayBk/Page-VLink-Capture/txt_ResponseFormat'

2024-05-16 00:31:53 - [TEST_STEP][PASSED] - setText(findTestObject("Object Repository/RecAndPlayBk/Page-VLink-Capture/input_Transaction ID_transaction_id"), tranxID): Text '123456' is set on object 'Object Repository/RecAndPlayBk/Page-VLink-Capture/input_Transaction ID_transaction_id'

2024-05-16 00:31:54 - [MESSAGE][PASSED] - Text '123456' is set on object 'Object Repository/RecAndPlayBk/Page-VLink-Capture/input_Transaction ID_transaction_id'

2024-05-16 00:31:54 - [TEST_STEP][PASSED] - setText(findTestObject("Object Repository/RecAndPlayBk/Page-VLink-Capture/input_Amount_amount"), amount): Text '' is set on object 'Object Repository/RecAndPlayBk/Page-VLink-Capture/input_Amount_amount'

2024-05-16 00:31:54 - [MESSAGE][PASSED] - Text '' is set on object 'Object Repository/RecAndPlayBk/Page-VLink-Capture/input_Amount_amount'

2024-05-16 00:31:54 - [TEST_STEP][PASSED] - click(findTestObject("Object Repository/RecAndPlayBk/Page-VLink-Capture/input")): Object: 'Object Repository/RecAndPlayBk/Page-VLink-Capture/input' is clicked on

2024-05-16 00:31:55 - [MESSAGE][PASSED] - Object: 'Object Repository/RecAndPlayBk/Page-VLink-Capture/input' is clicked on

2024-05-16 00:31:55 - [TEST_STEP][PASSED] - if (verifyTextPresent(errorMsg, true)): null

2024-05-16 00:31:55 - [MESSAGE][PASSED] - Text 'amount' is present on page  using regular expression

2024-05-16 00:31:55 - [TEST_STEP][PASSED] - println("Error Message is present on the Confirmation page"): null

2024-05-16 00:31:55 - [TEST_STEP][PASSED] - out.println("Pass Record Number: " + row): null

2024-05-16 00:31:55 - [TEST_STEP][PASSED] - resText = "Pass": null

2024-05-16 00:31:55 - [TEST_STEP][PASSED] - pages.WriteExcel.demoKey(resText, datText, resColumn, datCloumn, fileLoc, nameSheet, row): pages.WriteExcel.demoKey is PASSED

2024-05-16 00:31:56 - [MESSAGE][PASSED] - pages.WriteExcel.demoKey is PASSED

2024-05-16 00:31:56 - [TEST_STEP][PASSED] - ExecuteTC = findTestData(dataFile).getValue("Execute", row): null

2024-05-16 00:31:56 - [TEST_STEP][PASSED] - out.println("Value of Execute is : " + ExecuteTC): null

2024-05-16 00:31:56 - [TEST_STEP][PASSED] - if (ExecuteTC.equalsIgnoreCase("Y")): null

2024-05-16 00:31:56 - [TEST_STEP][PASSED] - out.println("Begin Record Number: " + row): null

2024-05-16 00:31:56 - [TEST_STEP][PASSED] - today = new java.util.Date(): null

2024-05-16 00:31:56 - [TEST_STEP][PASSED] - println(today): null

2024-05-16 00:31:56 - [TEST_STEP][PASSED] - datText = today: null

2024-05-16 00:31:56 - [TEST_STEP][PASSED] - errorMsg = findTestData(dataFile).getValue("ErrorMsg", row): null

2024-05-16 00:31:56 - [TEST_STEP][PASSED] - appID = findTestData(dataFile).getValue("AppID", row): null

2024-05-16 00:31:56 - [TEST_STEP][PASSED] - username = findTestData(dataFile).getValue("Username", row): null

2024-05-16 00:31:56 - [TEST_STEP][PASSED] - password = findTestData(dataFile).getValue("Password", row): null

2024-05-16 00:31:56 - [TEST_STEP][PASSED] - tranType = findTestData(dataFile).getValue("TranType", row): null

2024-05-16 00:31:56 - [TEST_STEP][PASSED] - mv = findTestData(dataFile).getValue("MV", row): null

2024-05-16 00:31:56 - [TEST_STEP][PASSED] - resFormat = findTestData(dataFile).getValue("ResFormat", row): null

2024-05-16 00:31:56 - [TEST_STEP][PASSED] - tranxID = findTestData(dataFile).getValue("TranxID", row): null

2024-05-16 00:31:56 - [TEST_STEP][PASSED] - amount = findTestData(dataFile).getValue("Amount", row): null

2024-05-16 00:31:57 - [TEST_STEP][PASSED] - openBrowser(VLinkURL + "capture.html"): Browser is opened with url: 'https://dev-algorithm.govolution.com/vlinktest/QA2/version_2_0/capture.html'

2024-05-16 00:31:57 - [MESSAGE][WARNING] - A browser is already opened. Closing browser and opening a new one

2024-05-16 00:31:58 - [MESSAGE][INFO] - Starting 'Chrome' driver

2024-05-16 00:31:58 - [MESSAGE][INFO] - User set preference: ['acceptInsecureCerts', 'true']

2024-05-16 00:31:58 - [MESSAGE][INFO] - Action delay is set to 0 milliseconds

2024-05-16 00:32:00 - [MESSAGE][PASSED] - Browser is opened with url: 'https://dev-algorithm.govolution.com/vlinktest/QA2/version_2_0/capture.html'

2024-05-16 00:32:00 - [TEST_STEP][PASSED] - maximizeWindow(): Current window maximized

2024-05-16 00:32:00 - [MESSAGE][PASSED] - Current window maximized

2024-05-16 00:32:00 - [TEST_STEP][PASSED] - maximizeWindow(): Current window maximized

2024-05-16 00:32:00 - [MESSAGE][PASSED] - Current window maximized

2024-05-16 00:32:00 - [TEST_STEP][PASSED] - setText(findTestObject("Object Repository/RecAndPlayBk/Page-Vlink-AuthOnly/txt_TransactionType"), tranType): Text '102' is set on object 'Object Repository/RecAndPlayBk/Page-Vlink-AuthOnly/txt_TransactionType'

2024-05-16 00:32:01 - [MESSAGE][PASSED] - Text '102' is set on object 'Object Repository/RecAndPlayBk/Page-Vlink-AuthOnly/txt_TransactionType'

2024-05-16 00:32:01 - [TEST_STEP][PASSED] - setText(findTestObject("Object Repository/RecAndPlayBk/Page-Vlink-AuthOnly/txt_MessageVersion"), mv): Text '2.0C' is set on object 'Object Repository/RecAndPlayBk/Page-Vlink-AuthOnly/txt_MessageVersion'

2024-05-16 00:32:02 - [MESSAGE][PASSED] - Text '2.0C' is set on object 'Object Repository/RecAndPlayBk/Page-Vlink-AuthOnly/txt_MessageVersion'

2024-05-16 00:32:02 - [TEST_STEP][PASSED] - genRemID = RandomStringUtils.random(12, true, true): null

2024-05-16 00:32:02 - [TEST_STEP][PASSED] - setText(findTestObject("Object Repository/RecAndPlayBk/Page-VLink-Capture/input_Remittance Id_remittance_id"), genRemID): Text 'hOVW5jpWzH9j' is set on object 'Object Repository/RecAndPlayBk/Page-VLink-Capture/input_Remittance Id_remittance_id'

2024-05-16 00:32:02 - [MESSAGE][PASSED] - Text 'hOVW5jpWzH9j' is set on object 'Object Repository/RecAndPlayBk/Page-VLink-Capture/input_Remittance Id_remittance_id'

2024-05-16 00:32:02 - [TEST_STEP][PASSED] - setText(findTestObject("Object Repository/RecAndPlayBk/Page-VLink-Capture/input_Application Id_application_id"), appID): Text '234' is set on object 'Object Repository/RecAndPlayBk/Page-VLink-Capture/input_Application Id_application_id'

2024-05-16 00:32:03 - [MESSAGE][PASSED] - Text '234' is set on object 'Object Repository/RecAndPlayBk/Page-VLink-Capture/input_Application Id_application_id'

2024-05-16 00:32:03 - [TEST_STEP][PASSED] - setText(findTestObject("Object Repository/RecAndPlayBk/Page-VLink-Capture/input_Username_username"), username): Text 'username' is set on object 'Object Repository/RecAndPlayBk/Page-VLink-Capture/input_Username_username'

2024-05-16 00:32:04 - [MESSAGE][PASSED] - Text 'username' is set on object 'Object Repository/RecAndPlayBk/Page-VLink-Capture/input_Username_username'

2024-05-16 00:32:04 - [TEST_STEP][PASSED] - setText(findTestObject("Object Repository/RecAndPlayBk/Page-VLink-Capture/input_Password_password"), password): Text 'password' is set on object 'Object Repository/RecAndPlayBk/Page-VLink-Capture/input_Password_password'

2024-05-16 00:32:04 - [MESSAGE][PASSED] - Text 'password' is set on object 'Object Repository/RecAndPlayBk/Page-VLink-Capture/input_Password_password'

2024-05-16 00:32:04 - [TEST_STEP][PASSED] - setText(findTestObject("Object Repository/RecAndPlayBk/Page-VLink-Capture/txt_ResponseFormat"), resFormat): Text 'fixed_width' is set on object 'Object Repository/RecAndPlayBk/Page-VLink-Capture/txt_ResponseFormat'

2024-05-16 00:32:05 - [MESSAGE][PASSED] - Text 'fixed_width' is set on object 'Object Repository/RecAndPlayBk/Page-VLink-Capture/txt_ResponseFormat'

2024-05-16 00:32:05 - [TEST_STEP][PASSED] - setText(findTestObject("Object Repository/RecAndPlayBk/Page-VLink-Capture/input_Transaction ID_transaction_id"), tranxID): Text '' is set on object 'Object Repository/RecAndPlayBk/Page-VLink-Capture/input_Transaction ID_transaction_id'

2024-05-16 00:32:05 - [MESSAGE][PASSED] - Text '' is set on object 'Object Repository/RecAndPlayBk/Page-VLink-Capture/input_Transaction ID_transaction_id'

2024-05-16 00:32:05 - [TEST_STEP][PASSED] - setText(findTestObject("Object Repository/RecAndPlayBk/Page-VLink-Capture/input_Amount_amount"), amount): Text '1.50' is set on object 'Object Repository/RecAndPlayBk/Page-VLink-Capture/input_Amount_amount'

2024-05-16 00:32:06 - [MESSAGE][PASSED] - Text '1.50' is set on object 'Object Repository/RecAndPlayBk/Page-VLink-Capture/input_Amount_amount'

2024-05-16 00:32:06 - [TEST_STEP][PASSED] - click(findTestObject("Object Repository/RecAndPlayBk/Page-VLink-Capture/input")): Object: 'Object Repository/RecAndPlayBk/Page-VLink-Capture/input' is clicked on

2024-05-16 00:32:07 - [MESSAGE][PASSED] - Object: 'Object Repository/RecAndPlayBk/Page-VLink-Capture/input' is clicked on

2024-05-16 00:32:07 - [TEST_STEP][PASSED] - if (verifyTextPresent(errorMsg, true)): null

2024-05-16 00:32:07 - [MESSAGE][PASSED] - Text 'transaction_id' is present on page  using regular expression

2024-05-16 00:32:07 - [TEST_STEP][PASSED] - println("Error Message is present on the Confirmation page"): null

2024-05-16 00:32:07 - [TEST_STEP][PASSED] - out.println("Pass Record Number: " + row): null

2024-05-16 00:32:07 - [TEST_STEP][PASSED] - resText = "Pass": null

2024-05-16 00:32:07 - [TEST_STEP][PASSED] - pages.WriteExcel.demoKey(resText, datText, resColumn, datCloumn, fileLoc, nameSheet, row): pages.WriteExcel.demoKey is PASSED

2024-05-16 00:32:07 - [MESSAGE][PASSED] - pages.WriteExcel.demoKey is PASSED

2024-05-16 00:32:07 - [TEST_STEP][PASSED] - ExecuteTC = findTestData(dataFile).getValue("Execute", row): null

2024-05-16 00:32:07 - [TEST_STEP][PASSED] - out.println("Value of Execute is : " + ExecuteTC): null

2024-05-16 00:32:07 - [TEST_STEP][PASSED] - if (ExecuteTC.equalsIgnoreCase("Y")): null

2024-05-16 00:32:07 - [TEST_STEP][PASSED] - out.println("Begin Record Number: " + row): null

2024-05-16 00:32:07 - [TEST_STEP][PASSED] - today = new java.util.Date(): null

2024-05-16 00:32:07 - [TEST_STEP][PASSED] - println(today): null

2024-05-16 00:32:07 - [TEST_STEP][PASSED] - datText = today: null

2024-05-16 00:32:07 - [TEST_STEP][PASSED] - errorMsg = findTestData(dataFile).getValue("ErrorMsg", row): null

2024-05-16 00:32:07 - [TEST_STEP][PASSED] - appID = findTestData(dataFile).getValue("AppID", row): null

2024-05-16 00:32:08 - [TEST_STEP][PASSED] - username = findTestData(dataFile).getValue("Username", row): null

2024-05-16 00:32:08 - [TEST_STEP][PASSED] - password = findTestData(dataFile).getValue("Password", row): null

2024-05-16 00:32:08 - [TEST_STEP][PASSED] - tranType = findTestData(dataFile).getValue("TranType", row): null

2024-05-16 00:32:08 - [TEST_STEP][PASSED] - mv = findTestData(dataFile).getValue("MV", row): null

2024-05-16 00:32:08 - [TEST_STEP][PASSED] - resFormat = findTestData(dataFile).getValue("ResFormat", row): null

2024-05-16 00:32:08 - [TEST_STEP][PASSED] - tranxID = findTestData(dataFile).getValue("TranxID", row): null

2024-05-16 00:32:08 - [TEST_STEP][PASSED] - amount = findTestData(dataFile).getValue("Amount", row): null

2024-05-16 00:32:08 - [TEST_STEP][PASSED] - openBrowser(VLinkURL + "capture.html"): Browser is opened with url: 'https://dev-algorithm.govolution.com/vlinktest/QA2/version_2_0/capture.html'

2024-05-16 00:32:08 - [MESSAGE][WARNING] - A browser is already opened. Closing browser and opening a new one

2024-05-16 00:32:09 - [MESSAGE][INFO] - Starting 'Chrome' driver

2024-05-16 00:32:09 - [MESSAGE][INFO] - User set preference: ['acceptInsecureCerts', 'true']

2024-05-16 00:32:09 - [MESSAGE][INFO] - Action delay is set to 0 milliseconds

2024-05-16 00:32:11 - [MESSAGE][PASSED] - Browser is opened with url: 'https://dev-algorithm.govolution.com/vlinktest/QA2/version_2_0/capture.html'

2024-05-16 00:32:11 - [TEST_STEP][PASSED] - maximizeWindow(): Current window maximized

2024-05-16 00:32:12 - [MESSAGE][PASSED] - Current window maximized

2024-05-16 00:32:12 - [TEST_STEP][PASSED] - maximizeWindow(): Current window maximized

2024-05-16 00:32:12 - [MESSAGE][PASSED] - Current window maximized

2024-05-16 00:32:12 - [TEST_STEP][PASSED] - setText(findTestObject("Object Repository/RecAndPlayBk/Page-Vlink-AuthOnly/txt_TransactionType"), tranType): Text '102' is set on object 'Object Repository/RecAndPlayBk/Page-Vlink-AuthOnly/txt_TransactionType'

2024-05-16 00:32:13 - [MESSAGE][PASSED] - Text '102' is set on object 'Object Repository/RecAndPlayBk/Page-Vlink-AuthOnly/txt_TransactionType'

2024-05-16 00:32:13 - [TEST_STEP][PASSED] - setText(findTestObject("Object Repository/RecAndPlayBk/Page-Vlink-AuthOnly/txt_MessageVersion"), mv): Text '2.0C' is set on object 'Object Repository/RecAndPlayBk/Page-Vlink-AuthOnly/txt_MessageVersion'

2024-05-16 00:32:13 - [MESSAGE][PASSED] - Text '2.0C' is set on object 'Object Repository/RecAndPlayBk/Page-Vlink-AuthOnly/txt_MessageVersion'

2024-05-16 00:32:13 - [TEST_STEP][PASSED] - genRemID = RandomStringUtils.random(12, true, true): null

2024-05-16 00:32:13 - [TEST_STEP][PASSED] - setText(findTestObject("Object Repository/RecAndPlayBk/Page-VLink-Capture/input_Remittance Id_remittance_id"), genRemID): Text 'oGG6xhxllWEn' is set on object 'Object Repository/RecAndPlayBk/Page-VLink-Capture/input_Remittance Id_remittance_id'

2024-05-16 00:32:14 - [MESSAGE][PASSED] - Text 'oGG6xhxllWEn' is set on object 'Object Repository/RecAndPlayBk/Page-VLink-Capture/input_Remittance Id_remittance_id'

2024-05-16 00:32:14 - [TEST_STEP][PASSED] - setText(findTestObject("Object Repository/RecAndPlayBk/Page-VLink-Capture/input_Application Id_application_id"), appID): Text '234' is set on object 'Object Repository/RecAndPlayBk/Page-VLink-Capture/input_Application Id_application_id'

2024-05-16 00:32:14 - [MESSAGE][PASSED] - Text '234' is set on object 'Object Repository/RecAndPlayBk/Page-VLink-Capture/input_Application Id_application_id'

2024-05-16 00:32:14 - [TEST_STEP][PASSED] - setText(findTestObject("Object Repository/RecAndPlayBk/Page-VLink-Capture/input_Username_username"), username): Text '' is set on object 'Object Repository/RecAndPlayBk/Page-VLink-Capture/input_Username_username'

2024-05-16 00:32:15 - [MESSAGE][PASSED] - Text '' is set on object 'Object Repository/RecAndPlayBk/Page-VLink-Capture/input_Username_username'

2024-05-16 00:32:15 - [TEST_STEP][PASSED] - setText(findTestObject("Object Repository/RecAndPlayBk/Page-VLink-Capture/input_Password_password"), password): Text 'password' is set on object 'Object Repository/RecAndPlayBk/Page-VLink-Capture/input_Password_password'

2024-05-16 00:32:16 - [MESSAGE][PASSED] - Text 'password' is set on object 'Object Repository/RecAndPlayBk/Page-VLink-Capture/input_Password_password'

2024-05-16 00:32:16 - [TEST_STEP][PASSED] - setText(findTestObject("Object Repository/RecAndPlayBk/Page-VLink-Capture/txt_ResponseFormat"), resFormat): Text 'fixed_width' is set on object 'Object Repository/RecAndPlayBk/Page-VLink-Capture/txt_ResponseFormat'

2024-05-16 00:32:16 - [MESSAGE][PASSED] - Text 'fixed_width' is set on object 'Object Repository/RecAndPlayBk/Page-VLink-Capture/txt_ResponseFormat'

2024-05-16 00:32:16 - [TEST_STEP][PASSED] - setText(findTestObject("Object Repository/RecAndPlayBk/Page-VLink-Capture/input_Transaction ID_transaction_id"), tranxID): Text '123456' is set on object 'Object Repository/RecAndPlayBk/Page-VLink-Capture/input_Transaction ID_transaction_id'

2024-05-16 00:32:17 - [MESSAGE][PASSED] - Text '123456' is set on object 'Object Repository/RecAndPlayBk/Page-VLink-Capture/input_Transaction ID_transaction_id'

2024-05-16 00:32:17 - [TEST_STEP][PASSED] - setText(findTestObject("Object Repository/RecAndPlayBk/Page-VLink-Capture/input_Amount_amount"), amount): Text '1.50' is set on object 'Object Repository/RecAndPlayBk/Page-VLink-Capture/input_Amount_amount'

2024-05-16 00:32:18 - [MESSAGE][PASSED] - Text '1.50' is set on object 'Object Repository/RecAndPlayBk/Page-VLink-Capture/input_Amount_amount'

2024-05-16 00:32:18 - [TEST_STEP][PASSED] - click(findTestObject("Object Repository/RecAndPlayBk/Page-VLink-Capture/input")): Object: 'Object Repository/RecAndPlayBk/Page-VLink-Capture/input' is clicked on

2024-05-16 00:32:18 - [MESSAGE][PASSED] - Object: 'Object Repository/RecAndPlayBk/Page-VLink-Capture/input' is clicked on

2024-05-16 00:32:18 - [TEST_STEP][PASSED] - if (verifyTextPresent(errorMsg, true)): null

2024-05-16 00:32:19 - [MESSAGE][PASSED] - Text 'Signon authentication error' is present on page  using regular expression

2024-05-16 00:32:19 - [TEST_STEP][PASSED] - println("Error Message is present on the Confirmation page"): null

2024-05-16 00:32:19 - [TEST_STEP][PASSED] - out.println("Pass Record Number: " + row): null

2024-05-16 00:32:19 - [TEST_STEP][PASSED] - resText = "Pass": null

2024-05-16 00:32:19 - [TEST_STEP][PASSED] - pages.WriteExcel.demoKey(resText, datText, resColumn, datCloumn, fileLoc, nameSheet, row): pages.WriteExcel.demoKey is PASSED

2024-05-16 00:32:19 - [MESSAGE][PASSED] - pages.WriteExcel.demoKey is PASSED

2024-05-16 00:32:19 - [TEST_STEP][PASSED] - ExecuteTC = findTestData(dataFile).getValue("Execute", row): null

2024-05-16 00:32:19 - [TEST_STEP][PASSED] - out.println("Value of Execute is : " + ExecuteTC): null

2024-05-16 00:32:19 - [TEST_STEP][PASSED] - if (ExecuteTC.equalsIgnoreCase("Y")): null

2024-05-16 00:32:19 - [TEST_STEP][PASSED] - out.println("Begin Record Number: " + row): null

2024-05-16 00:32:19 - [TEST_STEP][PASSED] - today = new java.util.Date(): null

2024-05-16 00:32:19 - [TEST_STEP][PASSED] - println(today): null

2024-05-16 00:32:19 - [TEST_STEP][PASSED] - datText = today: null

2024-05-16 00:32:19 - [TEST_STEP][PASSED] - errorMsg = findTestData(dataFile).getValue("ErrorMsg", row): null

2024-05-16 00:32:19 - [TEST_STEP][PASSED] - appID = findTestData(dataFile).getValue("AppID", row): null

2024-05-16 00:32:19 - [TEST_STEP][PASSED] - username = findTestData(dataFile).getValue("Username", row): null

2024-05-16 00:32:19 - [TEST_STEP][PASSED] - password = findTestData(dataFile).getValue("Password", row): null

2024-05-16 00:32:19 - [TEST_STEP][PASSED] - tranType = findTestData(dataFile).getValue("TranType", row): null

2024-05-16 00:32:19 - [TEST_STEP][PASSED] - mv = findTestData(dataFile).getValue("MV", row): null

2024-05-16 00:32:19 - [TEST_STEP][PASSED] - resFormat = findTestData(dataFile).getValue("ResFormat", row): null

2024-05-16 00:32:20 - [TEST_STEP][PASSED] - tranxID = findTestData(dataFile).getValue("TranxID", row): null

2024-05-16 00:32:20 - [TEST_STEP][PASSED] - amount = findTestData(dataFile).getValue("Amount", row): null

2024-05-16 00:32:20 - [TEST_STEP][PASSED] - openBrowser(VLinkURL + "capture.html"): Browser is opened with url: 'https://dev-algorithm.govolution.com/vlinktest/QA2/version_2_0/capture.html'

2024-05-16 00:32:20 - [MESSAGE][WARNING] - A browser is already opened. Closing browser and opening a new one

2024-05-16 00:32:21 - [MESSAGE][INFO] - Starting 'Chrome' driver

2024-05-16 00:32:21 - [MESSAGE][INFO] - User set preference: ['acceptInsecureCerts', 'true']

2024-05-16 00:32:21 - [MESSAGE][INFO] - Action delay is set to 0 milliseconds

2024-05-16 00:32:23 - [MESSAGE][PASSED] - Browser is opened with url: 'https://dev-algorithm.govolution.com/vlinktest/QA2/version_2_0/capture.html'

2024-05-16 00:32:23 - [TEST_STEP][PASSED] - maximizeWindow(): Current window maximized

2024-05-16 00:32:23 - [MESSAGE][PASSED] - Current window maximized

2024-05-16 00:32:23 - [TEST_STEP][PASSED] - maximizeWindow(): Current window maximized

2024-05-16 00:32:23 - [MESSAGE][PASSED] - Current window maximized

2024-05-16 00:32:23 - [TEST_STEP][PASSED] - setText(findTestObject("Object Repository/RecAndPlayBk/Page-Vlink-AuthOnly/txt_TransactionType"), tranType): Text '102' is set on object 'Object Repository/RecAndPlayBk/Page-Vlink-AuthOnly/txt_TransactionType'

2024-05-16 00:32:24 - [MESSAGE][PASSED] - Text '102' is set on object 'Object Repository/RecAndPlayBk/Page-Vlink-AuthOnly/txt_TransactionType'

2024-05-16 00:32:24 - [TEST_STEP][PASSED] - setText(findTestObject("Object Repository/RecAndPlayBk/Page-Vlink-AuthOnly/txt_MessageVersion"), mv): Text '2.0C' is set on object 'Object Repository/RecAndPlayBk/Page-Vlink-AuthOnly/txt_MessageVersion'

2024-05-16 00:32:25 - [MESSAGE][PASSED] - Text '2.0C' is set on object 'Object Repository/RecAndPlayBk/Page-Vlink-AuthOnly/txt_MessageVersion'

2024-05-16 00:32:25 - [TEST_STEP][PASSED] - genRemID = RandomStringUtils.random(12, true, true): null

2024-05-16 00:32:25 - [TEST_STEP][PASSED] - setText(findTestObject("Object Repository/RecAndPlayBk/Page-VLink-Capture/input_Remittance Id_remittance_id"), genRemID): Text 'w3jKiTc5M5hT' is set on object 'Object Repository/RecAndPlayBk/Page-VLink-Capture/input_Remittance Id_remittance_id'

2024-05-16 00:32:25 - [MESSAGE][PASSED] - Text 'w3jKiTc5M5hT' is set on object 'Object Repository/RecAndPlayBk/Page-VLink-Capture/input_Remittance Id_remittance_id'

2024-05-16 00:32:25 - [TEST_STEP][PASSED] - setText(findTestObject("Object Repository/RecAndPlayBk/Page-VLink-Capture/input_Application Id_application_id"), appID): Text '234' is set on object 'Object Repository/RecAndPlayBk/Page-VLink-Capture/input_Application Id_application_id'

2024-05-16 00:32:26 - [MESSAGE][PASSED] - Text '234' is set on object 'Object Repository/RecAndPlayBk/Page-VLink-Capture/input_Application Id_application_id'

2024-05-16 00:32:26 - [TEST_STEP][PASSED] - setText(findTestObject("Object Repository/RecAndPlayBk/Page-VLink-Capture/input_Username_username"), username): Text 'username' is set on object 'Object Repository/RecAndPlayBk/Page-VLink-Capture/input_Username_username'

2024-05-16 00:32:26 - [MESSAGE][PASSED] - Text 'username' is set on object 'Object Repository/RecAndPlayBk/Page-VLink-Capture/input_Username_username'

2024-05-16 00:32:26 - [TEST_STEP][PASSED] - setText(findTestObject("Object Repository/RecAndPlayBk/Page-VLink-Capture/input_Password_password"), password): Text '' is set on object 'Object Repository/RecAndPlayBk/Page-VLink-Capture/input_Password_password'

2024-05-16 00:32:27 - [MESSAGE][PASSED] - Text '' is set on object 'Object Repository/RecAndPlayBk/Page-VLink-Capture/input_Password_password'

2024-05-16 00:32:27 - [TEST_STEP][PASSED] - setText(findTestObject("Object Repository/RecAndPlayBk/Page-VLink-Capture/txt_ResponseFormat"), resFormat): Text 'fixed_width' is set on object 'Object Repository/RecAndPlayBk/Page-VLink-Capture/txt_ResponseFormat'

2024-05-16 00:32:28 - [MESSAGE][PASSED] - Text 'fixed_width' is set on object 'Object Repository/RecAndPlayBk/Page-VLink-Capture/txt_ResponseFormat'

2024-05-16 00:32:28 - [TEST_STEP][PASSED] - setText(findTestObject("Object Repository/RecAndPlayBk/Page-VLink-Capture/input_Transaction ID_transaction_id"), tranxID): Text '123456' is set on object 'Object Repository/RecAndPlayBk/Page-VLink-Capture/input_Transaction ID_transaction_id'

2024-05-16 00:32:28 - [MESSAGE][PASSED] - Text '123456' is set on object 'Object Repository/RecAndPlayBk/Page-VLink-Capture/input_Transaction ID_transaction_id'

2024-05-16 00:32:28 - [TEST_STEP][PASSED] - setText(findTestObject("Object Repository/RecAndPlayBk/Page-VLink-Capture/input_Amount_amount"), amount): Text '1.50' is set on object 'Object Repository/RecAndPlayBk/Page-VLink-Capture/input_Amount_amount'

2024-05-16 00:32:29 - [MESSAGE][PASSED] - Text '1.50' is set on object 'Object Repository/RecAndPlayBk/Page-VLink-Capture/input_Amount_amount'

2024-05-16 00:32:29 - [TEST_STEP][PASSED] - click(findTestObject("Object Repository/RecAndPlayBk/Page-VLink-Capture/input")): Object: 'Object Repository/RecAndPlayBk/Page-VLink-Capture/input' is clicked on

2024-05-16 00:32:30 - [MESSAGE][PASSED] - Object: 'Object Repository/RecAndPlayBk/Page-VLink-Capture/input' is clicked on

2024-05-16 00:32:30 - [TEST_STEP][PASSED] - if (verifyTextPresent(errorMsg, true)): null

2024-05-16 00:32:30 - [MESSAGE][PASSED] - Text 'Signon authentication error' is present on page  using regular expression

2024-05-16 00:32:30 - [TEST_STEP][PASSED] - println("Error Message is present on the Confirmation page"): null

2024-05-16 00:32:30 - [TEST_STEP][PASSED] - out.println("Pass Record Number: " + row): null

2024-05-16 00:32:30 - [TEST_STEP][PASSED] - resText = "Pass": null

2024-05-16 00:32:30 - [TEST_STEP][PASSED] - pages.WriteExcel.demoKey(resText, datText, resColumn, datCloumn, fileLoc, nameSheet, row): pages.WriteExcel.demoKey is PASSED

2024-05-16 00:32:30 - [MESSAGE][PASSED] - pages.WriteExcel.demoKey is PASSED

2024-05-16 00:32:30 - [TEST_STEP][PASSED] - ExecuteTC = findTestData(dataFile).getValue("Execute", row): null

2024-05-16 00:32:30 - [TEST_STEP][PASSED] - out.println("Value of Execute is : " + ExecuteTC): null

2024-05-16 00:32:30 - [TEST_STEP][PASSED] - if (ExecuteTC.equalsIgnoreCase("Y")): null]]></system-out>
         <system-err><![CDATA[]]></system-err>
      </testcase>
      <testcase name="Test Cases/RecAndPlayBk/VLink/Void-MRF" time="83.769" classname="Test Cases/RecAndPlayBk/VLink/Void-MRF" status="PASSED">
         <system-out><![CDATA[2024-05-16 00:32:30 - [TEST_CASE][PASSED] - Test Cases/RecAndPlayBk/VLink/Void-MRF: Test Cases/RecAndPlayBk/VLink/Void-MRF

2024-05-16 00:32:31 - [TEST_STEP][PASSED] - executionProfile = getExecutionProfile(): null

2024-05-16 00:32:31 - [TEST_STEP][PASSED] - out.println("executionProfile : " + executionProfile): null

2024-05-16 00:32:31 - [TEST_STEP][PASSED] - resText = "Fail": null

2024-05-16 00:32:31 - [TEST_STEP][PASSED] - resColumn = "Result": null

2024-05-16 00:32:31 - [TEST_STEP][PASSED] - datCloumn = "Date": null

2024-05-16 00:32:31 - [TEST_STEP][PASSED] - fileLoc = "KatalonData/VLinkSmokeData.xlsx": null

2024-05-16 00:32:31 - [TEST_STEP][PASSED] - numOfRows = <not implemented yet for class: org.codehaus.groovy.ast.expr.EmptyExpression>: null

2024-05-16 00:32:31 - [TEST_STEP][PASSED] - dataFile = <not implemented yet for class: org.codehaus.groovy.ast.expr.EmptyExpression>: null

2024-05-16 00:32:31 - [TEST_STEP][PASSED] - nameSheet = <not implemented yet for class: org.codehaus.groovy.ast.expr.EmptyExpression>: null

2024-05-16 00:32:31 - [TEST_STEP][PASSED] - nameSheet = "Void-MRF": null

2024-05-16 00:32:31 - [TEST_STEP][PASSED] - numOfRows = findTestData("QA/VLinkTestData/VLinkVoidMRFData").getRowNumbers(): null

2024-05-16 00:32:31 - [TEST_STEP][PASSED] - println("Number of Records: " + numOfRows): null

2024-05-16 00:32:31 - [TEST_STEP][PASSED] - dataFile = "QA/VLinkTestData/VLinkVoidMRFData": null

2024-05-16 00:32:31 - [TEST_STEP][PASSED] - for ([row = 1, row <= numOfRows, (row++)]): null

2024-05-16 00:32:31 - [TEST_STEP][PASSED] - ExecuteTC = findTestData(dataFile).getValue("Execute", row): null

2024-05-16 00:32:31 - [TEST_STEP][PASSED] - out.println("Value of Execute is : " + ExecuteTC): null

2024-05-16 00:32:31 - [TEST_STEP][PASSED] - if (ExecuteTC.equalsIgnoreCase("Y")): null

2024-05-16 00:32:31 - [TEST_STEP][PASSED] - out.println("Begin Record Number: " + row): null

2024-05-16 00:32:31 - [TEST_STEP][PASSED] - today = new java.util.Date(): null

2024-05-16 00:32:31 - [TEST_STEP][PASSED] - println(today): null

2024-05-16 00:32:31 - [TEST_STEP][PASSED] - datText = today: null

2024-05-16 00:32:31 - [TEST_STEP][PASSED] - errorMsg = findTestData(dataFile).getValue("ErrorMsg", row): null

2024-05-16 00:32:31 - [TEST_STEP][PASSED] - appID = findTestData(dataFile).getValue("AppID", row): null

2024-05-16 00:32:31 - [TEST_STEP][PASSED] - username = findTestData(dataFile).getValue("Username", row): null

2024-05-16 00:32:31 - [TEST_STEP][PASSED] - password = findTestData(dataFile).getValue("Password", row): null

2024-05-16 00:32:31 - [TEST_STEP][PASSED] - tranType = findTestData(dataFile).getValue("TranType", row): null

2024-05-16 00:32:31 - [TEST_STEP][PASSED] - mv = findTestData(dataFile).getValue("MV", row): null

2024-05-16 00:32:32 - [TEST_STEP][PASSED] - resFormat = findTestData(dataFile).getValue("ResFormat", row): null

2024-05-16 00:32:32 - [TEST_STEP][PASSED] - tranxID = findTestData(dataFile).getValue("TranxID", row): null

2024-05-16 00:32:32 - [TEST_STEP][PASSED] - openBrowser(VLinkURL + "CC_void.html"): Browser is opened with url: 'https://dev-algorithm.govolution.com/vlinktest/QA2/version_2_0/CC_void.html'

2024-05-16 00:32:32 - [MESSAGE][WARNING] - A browser is already opened. Closing browser and opening a new one

2024-05-16 00:32:33 - [MESSAGE][INFO] - Starting 'Chrome' driver

2024-05-16 00:32:33 - [MESSAGE][INFO] - User set preference: ['acceptInsecureCerts', 'true']

2024-05-16 00:32:33 - [MESSAGE][INFO] - Action delay is set to 0 milliseconds

2024-05-16 00:32:35 - [MESSAGE][PASSED] - Browser is opened with url: 'https://dev-algorithm.govolution.com/vlinktest/QA2/version_2_0/CC_void.html'

2024-05-16 00:32:35 - [TEST_STEP][PASSED] - maximizeWindow(): Current window maximized

2024-05-16 00:32:35 - [MESSAGE][PASSED] - Current window maximized

2024-05-16 00:32:35 - [TEST_STEP][PASSED] - maximizeWindow(): Current window maximized

2024-05-16 00:32:35 - [MESSAGE][PASSED] - Current window maximized

2024-05-16 00:32:35 - [TEST_STEP][PASSED] - setText(findTestObject("Object Repository/RecAndPlayBk/Page-Vlink-CC-Void/txt_TransactionType"), tranType): Text '' is set on object 'Object Repository/RecAndPlayBk/Page-Vlink-CC-Void/txt_TransactionType'

2024-05-16 00:32:36 - [MESSAGE][PASSED] - Text '' is set on object 'Object Repository/RecAndPlayBk/Page-Vlink-CC-Void/txt_TransactionType'

2024-05-16 00:32:36 - [TEST_STEP][PASSED] - setText(findTestObject("Object Repository/RecAndPlayBk/Page-Vlink-CC-Void/txt_MessageVersion"), mv): Text '2.0C' is set on object 'Object Repository/RecAndPlayBk/Page-Vlink-CC-Void/txt_MessageVersion'

2024-05-16 00:32:37 - [MESSAGE][PASSED] - Text '2.0C' is set on object 'Object Repository/RecAndPlayBk/Page-Vlink-CC-Void/txt_MessageVersion'

2024-05-16 00:32:37 - [TEST_STEP][PASSED] - genRemID = RandomStringUtils.random(12, true, true): null

2024-05-16 00:32:37 - [TEST_STEP][PASSED] - setText(findTestObject("Object Repository/RecAndPlayBk/Page-Vlink-CC-Void/txt_RemID"), genRemID): Text 'OpUUsOCAP7yV' is set on object 'Object Repository/RecAndPlayBk/Page-Vlink-CC-Void/txt_RemID'

2024-05-16 00:32:37 - [MESSAGE][PASSED] - Text 'OpUUsOCAP7yV' is set on object 'Object Repository/RecAndPlayBk/Page-Vlink-CC-Void/txt_RemID'

2024-05-16 00:32:37 - [TEST_STEP][PASSED] - setText(findTestObject("Object Repository/RecAndPlayBk/Page-Vlink-CC-Void/txt_ApplicationID"), appID): Text '234' is set on object 'Object Repository/RecAndPlayBk/Page-Vlink-CC-Void/txt_ApplicationID'

2024-05-16 00:32:38 - [MESSAGE][PASSED] - Text '234' is set on object 'Object Repository/RecAndPlayBk/Page-Vlink-CC-Void/txt_ApplicationID'

2024-05-16 00:32:38 - [TEST_STEP][PASSED] - setText(findTestObject("Object Repository/RecAndPlayBk/Page-Vlink-CC-Void/txt_Username"), username): Text 'username' is set on object 'Object Repository/RecAndPlayBk/Page-Vlink-CC-Void/txt_Username'

2024-05-16 00:32:39 - [MESSAGE][PASSED] - Text 'username' is set on object 'Object Repository/RecAndPlayBk/Page-Vlink-CC-Void/txt_Username'

2024-05-16 00:32:39 - [TEST_STEP][PASSED] - setText(findTestObject("Object Repository/RecAndPlayBk/Page-Vlink-CC-Void/txt_Password"), password): Text 'password' is set on object 'Object Repository/RecAndPlayBk/Page-Vlink-CC-Void/txt_Password'

2024-05-16 00:32:39 - [MESSAGE][PASSED] - Text 'password' is set on object 'Object Repository/RecAndPlayBk/Page-Vlink-CC-Void/txt_Password'

2024-05-16 00:32:39 - [TEST_STEP][PASSED] - setText(findTestObject("Object Repository/RecAndPlayBk/Page-Vlink-CC-Void/txt_ResponseFormat"), resFormat): Text 'fixed_width' is set on object 'Object Repository/RecAndPlayBk/Page-Vlink-CC-Void/txt_ResponseFormat'

2024-05-16 00:32:40 - [MESSAGE][PASSED] - Text 'fixed_width' is set on object 'Object Repository/RecAndPlayBk/Page-Vlink-CC-Void/txt_ResponseFormat'

2024-05-16 00:32:40 - [TEST_STEP][PASSED] - setText(findTestObject("Object Repository/RecAndPlayBk/Page-Vlink-CC-Void/txt_TransactionID"), tranxID): Text '123456' is set on object 'Object Repository/RecAndPlayBk/Page-Vlink-CC-Void/txt_TransactionID'

2024-05-16 00:32:40 - [MESSAGE][PASSED] - Text '123456' is set on object 'Object Repository/RecAndPlayBk/Page-Vlink-CC-Void/txt_TransactionID'

2024-05-16 00:32:40 - [TEST_STEP][PASSED] - setText(findTestObject("Object Repository/RecAndPlayBk/Page-Vlink-CC-Void/txt_OriginalTransactionType"), "104"): Text '104' is set on object 'Object Repository/RecAndPlayBk/Page-Vlink-CC-Void/txt_OriginalTransactionType'

2024-05-16 00:32:41 - [MESSAGE][PASSED] - Text '104' is set on object 'Object Repository/RecAndPlayBk/Page-Vlink-CC-Void/txt_OriginalTransactionType'

2024-05-16 00:32:41 - [TEST_STEP][PASSED] - setText(findTestObject("Object Repository/RecAndPlayBk/Page-Vlink-CC-Void/txt_TrackData"), ""): Text '' is set on object 'Object Repository/RecAndPlayBk/Page-Vlink-CC-Void/txt_TrackData'

2024-05-16 00:32:42 - [MESSAGE][PASSED] - Text '' is set on object 'Object Repository/RecAndPlayBk/Page-Vlink-CC-Void/txt_TrackData'

2024-05-16 00:32:42 - [TEST_STEP][PASSED] - click(findTestObject("Object Repository/RecAndPlayBk/Page-Vlink-CC-Void/btn_ProcessVLinkTransaction")): Object: 'Object Repository/RecAndPlayBk/Page-Vlink-CC-Void/btn_ProcessVLinkTransaction' is clicked on

2024-05-16 00:32:42 - [MESSAGE][PASSED] - Object: 'Object Repository/RecAndPlayBk/Page-Vlink-CC-Void/btn_ProcessVLinkTransaction' is clicked on

2024-05-16 00:32:42 - [TEST_STEP][PASSED] - if (verifyTextPresent(errorMsg, true)): null

2024-05-16 00:32:43 - [MESSAGE][PASSED] - Text 'Missing parameter: transaction_type' is present on page  using regular expression

2024-05-16 00:32:43 - [TEST_STEP][PASSED] - println("Error Message is present on the Confirmation page"): null

2024-05-16 00:32:43 - [TEST_STEP][PASSED] - out.println("Pass Record Number: " + row): null

2024-05-16 00:32:43 - [TEST_STEP][PASSED] - resText = "Pass": null

2024-05-16 00:32:43 - [TEST_STEP][PASSED] - pages.WriteExcel.demoKey(resText, datText, resColumn, datCloumn, fileLoc, nameSheet, row): pages.WriteExcel.demoKey is PASSED

2024-05-16 00:32:43 - [MESSAGE][PASSED] - pages.WriteExcel.demoKey is PASSED

2024-05-16 00:32:43 - [TEST_STEP][PASSED] - ExecuteTC = findTestData(dataFile).getValue("Execute", row): null

2024-05-16 00:32:43 - [TEST_STEP][PASSED] - out.println("Value of Execute is : " + ExecuteTC): null

2024-05-16 00:32:43 - [TEST_STEP][PASSED] - if (ExecuteTC.equalsIgnoreCase("Y")): null

2024-05-16 00:32:43 - [TEST_STEP][PASSED] - out.println("Begin Record Number: " + row): null

2024-05-16 00:32:43 - [TEST_STEP][PASSED] - today = new java.util.Date(): null

2024-05-16 00:32:43 - [TEST_STEP][PASSED] - println(today): null

2024-05-16 00:32:43 - [TEST_STEP][PASSED] - datText = today: null

2024-05-16 00:32:43 - [TEST_STEP][PASSED] - errorMsg = findTestData(dataFile).getValue("ErrorMsg", row): null

2024-05-16 00:32:43 - [TEST_STEP][PASSED] - appID = findTestData(dataFile).getValue("AppID", row): null

2024-05-16 00:32:43 - [TEST_STEP][PASSED] - username = findTestData(dataFile).getValue("Username", row): null

2024-05-16 00:32:43 - [TEST_STEP][PASSED] - password = findTestData(dataFile).getValue("Password", row): null

2024-05-16 00:32:43 - [TEST_STEP][PASSED] - tranType = findTestData(dataFile).getValue("TranType", row): null

2024-05-16 00:32:43 - [TEST_STEP][PASSED] - mv = findTestData(dataFile).getValue("MV", row): null

2024-05-16 00:32:43 - [TEST_STEP][PASSED] - resFormat = findTestData(dataFile).getValue("ResFormat", row): null

2024-05-16 00:32:44 - [TEST_STEP][PASSED] - tranxID = findTestData(dataFile).getValue("TranxID", row): null

2024-05-16 00:32:44 - [TEST_STEP][PASSED] - openBrowser(VLinkURL + "CC_void.html"): Browser is opened with url: 'https://dev-algorithm.govolution.com/vlinktest/QA2/version_2_0/CC_void.html'

2024-05-16 00:32:44 - [MESSAGE][WARNING] - A browser is already opened. Closing browser and opening a new one

2024-05-16 00:32:45 - [MESSAGE][INFO] - Starting 'Chrome' driver

2024-05-16 00:32:45 - [MESSAGE][INFO] - User set preference: ['acceptInsecureCerts', 'true']

2024-05-16 00:32:45 - [MESSAGE][INFO] - Action delay is set to 0 milliseconds

2024-05-16 00:32:47 - [MESSAGE][PASSED] - Browser is opened with url: 'https://dev-algorithm.govolution.com/vlinktest/QA2/version_2_0/CC_void.html'

2024-05-16 00:32:47 - [TEST_STEP][PASSED] - maximizeWindow(): Current window maximized

2024-05-16 00:32:47 - [MESSAGE][PASSED] - Current window maximized

2024-05-16 00:32:47 - [TEST_STEP][PASSED] - maximizeWindow(): Current window maximized

2024-05-16 00:32:47 - [MESSAGE][PASSED] - Current window maximized

2024-05-16 00:32:47 - [TEST_STEP][PASSED] - setText(findTestObject("Object Repository/RecAndPlayBk/Page-Vlink-CC-Void/txt_TransactionType"), tranType): Text '106' is set on object 'Object Repository/RecAndPlayBk/Page-Vlink-CC-Void/txt_TransactionType'

2024-05-16 00:32:48 - [MESSAGE][PASSED] - Text '106' is set on object 'Object Repository/RecAndPlayBk/Page-Vlink-CC-Void/txt_TransactionType'

2024-05-16 00:32:48 - [TEST_STEP][PASSED] - setText(findTestObject("Object Repository/RecAndPlayBk/Page-Vlink-CC-Void/txt_MessageVersion"), mv): Text '' is set on object 'Object Repository/RecAndPlayBk/Page-Vlink-CC-Void/txt_MessageVersion'

2024-05-16 00:32:48 - [MESSAGE][PASSED] - Text '' is set on object 'Object Repository/RecAndPlayBk/Page-Vlink-CC-Void/txt_MessageVersion'

2024-05-16 00:32:48 - [TEST_STEP][PASSED] - genRemID = RandomStringUtils.random(12, true, true): null

2024-05-16 00:32:48 - [TEST_STEP][PASSED] - setText(findTestObject("Object Repository/RecAndPlayBk/Page-Vlink-CC-Void/txt_RemID"), genRemID): Text 'dW1PsXk538IQ' is set on object 'Object Repository/RecAndPlayBk/Page-Vlink-CC-Void/txt_RemID'

2024-05-16 00:32:49 - [MESSAGE][PASSED] - Text 'dW1PsXk538IQ' is set on object 'Object Repository/RecAndPlayBk/Page-Vlink-CC-Void/txt_RemID'

2024-05-16 00:32:49 - [TEST_STEP][PASSED] - setText(findTestObject("Object Repository/RecAndPlayBk/Page-Vlink-CC-Void/txt_ApplicationID"), appID): Text '234' is set on object 'Object Repository/RecAndPlayBk/Page-Vlink-CC-Void/txt_ApplicationID'

2024-05-16 00:32:50 - [MESSAGE][PASSED] - Text '234' is set on object 'Object Repository/RecAndPlayBk/Page-Vlink-CC-Void/txt_ApplicationID'

2024-05-16 00:32:50 - [TEST_STEP][PASSED] - setText(findTestObject("Object Repository/RecAndPlayBk/Page-Vlink-CC-Void/txt_Username"), username): Text 'username' is set on object 'Object Repository/RecAndPlayBk/Page-Vlink-CC-Void/txt_Username'

2024-05-16 00:32:50 - [MESSAGE][PASSED] - Text 'username' is set on object 'Object Repository/RecAndPlayBk/Page-Vlink-CC-Void/txt_Username'

2024-05-16 00:32:50 - [TEST_STEP][PASSED] - setText(findTestObject("Object Repository/RecAndPlayBk/Page-Vlink-CC-Void/txt_Password"), password): Text 'password' is set on object 'Object Repository/RecAndPlayBk/Page-Vlink-CC-Void/txt_Password'

2024-05-16 00:32:51 - [MESSAGE][PASSED] - Text 'password' is set on object 'Object Repository/RecAndPlayBk/Page-Vlink-CC-Void/txt_Password'

2024-05-16 00:32:51 - [TEST_STEP][PASSED] - setText(findTestObject("Object Repository/RecAndPlayBk/Page-Vlink-CC-Void/txt_ResponseFormat"), resFormat): Text 'fixed_width' is set on object 'Object Repository/RecAndPlayBk/Page-Vlink-CC-Void/txt_ResponseFormat'

2024-05-16 00:32:52 - [MESSAGE][PASSED] - Text 'fixed_width' is set on object 'Object Repository/RecAndPlayBk/Page-Vlink-CC-Void/txt_ResponseFormat'

2024-05-16 00:32:52 - [TEST_STEP][PASSED] - setText(findTestObject("Object Repository/RecAndPlayBk/Page-Vlink-CC-Void/txt_TransactionID"), tranxID): Text '123456' is set on object 'Object Repository/RecAndPlayBk/Page-Vlink-CC-Void/txt_TransactionID'

2024-05-16 00:32:52 - [MESSAGE][PASSED] - Text '123456' is set on object 'Object Repository/RecAndPlayBk/Page-Vlink-CC-Void/txt_TransactionID'

2024-05-16 00:32:52 - [TEST_STEP][PASSED] - setText(findTestObject("Object Repository/RecAndPlayBk/Page-Vlink-CC-Void/txt_OriginalTransactionType"), "104"): Text '104' is set on object 'Object Repository/RecAndPlayBk/Page-Vlink-CC-Void/txt_OriginalTransactionType'

2024-05-16 00:32:53 - [MESSAGE][PASSED] - Text '104' is set on object 'Object Repository/RecAndPlayBk/Page-Vlink-CC-Void/txt_OriginalTransactionType'

2024-05-16 00:32:53 - [TEST_STEP][PASSED] - setText(findTestObject("Object Repository/RecAndPlayBk/Page-Vlink-CC-Void/txt_TrackData"), ""): Text '' is set on object 'Object Repository/RecAndPlayBk/Page-Vlink-CC-Void/txt_TrackData'

2024-05-16 00:32:53 - [MESSAGE][PASSED] - Text '' is set on object 'Object Repository/RecAndPlayBk/Page-Vlink-CC-Void/txt_TrackData'

2024-05-16 00:32:53 - [TEST_STEP][PASSED] - click(findTestObject("Object Repository/RecAndPlayBk/Page-Vlink-CC-Void/btn_ProcessVLinkTransaction")): Object: 'Object Repository/RecAndPlayBk/Page-Vlink-CC-Void/btn_ProcessVLinkTransaction' is clicked on

2024-05-16 00:32:54 - [MESSAGE][PASSED] - Object: 'Object Repository/RecAndPlayBk/Page-Vlink-CC-Void/btn_ProcessVLinkTransaction' is clicked on

2024-05-16 00:32:54 - [TEST_STEP][PASSED] - if (verifyTextPresent(errorMsg, true)): null

2024-05-16 00:32:54 - [MESSAGE][PASSED] - Text 'Missing parameter: message_version' is present on page  using regular expression

2024-05-16 00:32:54 - [TEST_STEP][PASSED] - println("Error Message is present on the Confirmation page"): null

2024-05-16 00:32:54 - [TEST_STEP][PASSED] - out.println("Pass Record Number: " + row): null

2024-05-16 00:32:54 - [TEST_STEP][PASSED] - resText = "Pass": null

2024-05-16 00:32:54 - [TEST_STEP][PASSED] - pages.WriteExcel.demoKey(resText, datText, resColumn, datCloumn, fileLoc, nameSheet, row): pages.WriteExcel.demoKey is PASSED

2024-05-16 00:32:55 - [MESSAGE][PASSED] - pages.WriteExcel.demoKey is PASSED

2024-05-16 00:32:55 - [TEST_STEP][PASSED] - ExecuteTC = findTestData(dataFile).getValue("Execute", row): null

2024-05-16 00:32:55 - [TEST_STEP][PASSED] - out.println("Value of Execute is : " + ExecuteTC): null

2024-05-16 00:32:55 - [TEST_STEP][PASSED] - if (ExecuteTC.equalsIgnoreCase("Y")): null

2024-05-16 00:32:55 - [TEST_STEP][PASSED] - out.println("Begin Record Number: " + row): null

2024-05-16 00:32:55 - [TEST_STEP][PASSED] - today = new java.util.Date(): null

2024-05-16 00:32:55 - [TEST_STEP][PASSED] - println(today): null

2024-05-16 00:32:55 - [TEST_STEP][PASSED] - datText = today: null

2024-05-16 00:32:55 - [TEST_STEP][PASSED] - errorMsg = findTestData(dataFile).getValue("ErrorMsg", row): null

2024-05-16 00:32:55 - [TEST_STEP][PASSED] - appID = findTestData(dataFile).getValue("AppID", row): null

2024-05-16 00:32:55 - [TEST_STEP][PASSED] - username = findTestData(dataFile).getValue("Username", row): null

2024-05-16 00:32:55 - [TEST_STEP][PASSED] - password = findTestData(dataFile).getValue("Password", row): null

2024-05-16 00:32:55 - [TEST_STEP][PASSED] - tranType = findTestData(dataFile).getValue("TranType", row): null

2024-05-16 00:32:55 - [TEST_STEP][PASSED] - mv = findTestData(dataFile).getValue("MV", row): null

2024-05-16 00:32:55 - [TEST_STEP][PASSED] - resFormat = findTestData(dataFile).getValue("ResFormat", row): null

2024-05-16 00:32:55 - [TEST_STEP][PASSED] - tranxID = findTestData(dataFile).getValue("TranxID", row): null

2024-05-16 00:32:55 - [TEST_STEP][PASSED] - openBrowser(VLinkURL + "CC_void.html"): Browser is opened with url: 'https://dev-algorithm.govolution.com/vlinktest/QA2/version_2_0/CC_void.html'

2024-05-16 00:32:55 - [MESSAGE][WARNING] - A browser is already opened. Closing browser and opening a new one

2024-05-16 00:32:57 - [MESSAGE][INFO] - Starting 'Chrome' driver

2024-05-16 00:32:57 - [MESSAGE][INFO] - User set preference: ['acceptInsecureCerts', 'true']

2024-05-16 00:32:57 - [MESSAGE][INFO] - Action delay is set to 0 milliseconds

2024-05-16 00:32:59 - [MESSAGE][PASSED] - Browser is opened with url: 'https://dev-algorithm.govolution.com/vlinktest/QA2/version_2_0/CC_void.html'

2024-05-16 00:32:59 - [TEST_STEP][PASSED] - maximizeWindow(): Current window maximized

2024-05-16 00:32:59 - [MESSAGE][PASSED] - Current window maximized

2024-05-16 00:32:59 - [TEST_STEP][PASSED] - maximizeWindow(): Current window maximized

2024-05-16 00:32:59 - [MESSAGE][PASSED] - Current window maximized

2024-05-16 00:32:59 - [TEST_STEP][PASSED] - setText(findTestObject("Object Repository/RecAndPlayBk/Page-Vlink-CC-Void/txt_TransactionType"), tranType): Text '106' is set on object 'Object Repository/RecAndPlayBk/Page-Vlink-CC-Void/txt_TransactionType'

2024-05-16 00:33:00 - [MESSAGE][PASSED] - Text '106' is set on object 'Object Repository/RecAndPlayBk/Page-Vlink-CC-Void/txt_TransactionType'

2024-05-16 00:33:00 - [TEST_STEP][PASSED] - setText(findTestObject("Object Repository/RecAndPlayBk/Page-Vlink-CC-Void/txt_MessageVersion"), mv): Text '2.0C' is set on object 'Object Repository/RecAndPlayBk/Page-Vlink-CC-Void/txt_MessageVersion'

2024-05-16 00:33:00 - [MESSAGE][PASSED] - Text '2.0C' is set on object 'Object Repository/RecAndPlayBk/Page-Vlink-CC-Void/txt_MessageVersion'

2024-05-16 00:33:00 - [TEST_STEP][PASSED] - genRemID = RandomStringUtils.random(12, true, true): null

2024-05-16 00:33:00 - [TEST_STEP][PASSED] - setText(findTestObject("Object Repository/RecAndPlayBk/Page-Vlink-CC-Void/txt_RemID"), genRemID): Text 'JjcJody8EAlW' is set on object 'Object Repository/RecAndPlayBk/Page-Vlink-CC-Void/txt_RemID'

2024-05-16 00:33:01 - [MESSAGE][PASSED] - Text 'JjcJody8EAlW' is set on object 'Object Repository/RecAndPlayBk/Page-Vlink-CC-Void/txt_RemID'

2024-05-16 00:33:01 - [TEST_STEP][PASSED] - setText(findTestObject("Object Repository/RecAndPlayBk/Page-Vlink-CC-Void/txt_ApplicationID"), appID): Text '' is set on object 'Object Repository/RecAndPlayBk/Page-Vlink-CC-Void/txt_ApplicationID'

2024-05-16 00:33:02 - [MESSAGE][PASSED] - Text '' is set on object 'Object Repository/RecAndPlayBk/Page-Vlink-CC-Void/txt_ApplicationID'

2024-05-16 00:33:02 - [TEST_STEP][PASSED] - setText(findTestObject("Object Repository/RecAndPlayBk/Page-Vlink-CC-Void/txt_Username"), username): Text 'username' is set on object 'Object Repository/RecAndPlayBk/Page-Vlink-CC-Void/txt_Username'

2024-05-16 00:33:02 - [MESSAGE][PASSED] - Text 'username' is set on object 'Object Repository/RecAndPlayBk/Page-Vlink-CC-Void/txt_Username'

2024-05-16 00:33:02 - [TEST_STEP][PASSED] - setText(findTestObject("Object Repository/RecAndPlayBk/Page-Vlink-CC-Void/txt_Password"), password): Text 'password' is set on object 'Object Repository/RecAndPlayBk/Page-Vlink-CC-Void/txt_Password'

2024-05-16 00:33:03 - [MESSAGE][PASSED] - Text 'password' is set on object 'Object Repository/RecAndPlayBk/Page-Vlink-CC-Void/txt_Password'

2024-05-16 00:33:03 - [TEST_STEP][PASSED] - setText(findTestObject("Object Repository/RecAndPlayBk/Page-Vlink-CC-Void/txt_ResponseFormat"), resFormat): Text 'fixed_width' is set on object 'Object Repository/RecAndPlayBk/Page-Vlink-CC-Void/txt_ResponseFormat'

2024-05-16 00:33:04 - [MESSAGE][PASSED] - Text 'fixed_width' is set on object 'Object Repository/RecAndPlayBk/Page-Vlink-CC-Void/txt_ResponseFormat'

2024-05-16 00:33:04 - [TEST_STEP][PASSED] - setText(findTestObject("Object Repository/RecAndPlayBk/Page-Vlink-CC-Void/txt_TransactionID"), tranxID): Text '123456' is set on object 'Object Repository/RecAndPlayBk/Page-Vlink-CC-Void/txt_TransactionID'

2024-05-16 00:33:04 - [MESSAGE][PASSED] - Text '123456' is set on object 'Object Repository/RecAndPlayBk/Page-Vlink-CC-Void/txt_TransactionID'

2024-05-16 00:33:04 - [TEST_STEP][PASSED] - setText(findTestObject("Object Repository/RecAndPlayBk/Page-Vlink-CC-Void/txt_OriginalTransactionType"), "104"): Text '104' is set on object 'Object Repository/RecAndPlayBk/Page-Vlink-CC-Void/txt_OriginalTransactionType'

2024-05-16 00:33:05 - [MESSAGE][PASSED] - Text '104' is set on object 'Object Repository/RecAndPlayBk/Page-Vlink-CC-Void/txt_OriginalTransactionType'

2024-05-16 00:33:05 - [TEST_STEP][PASSED] - setText(findTestObject("Object Repository/RecAndPlayBk/Page-Vlink-CC-Void/txt_TrackData"), ""): Text '' is set on object 'Object Repository/RecAndPlayBk/Page-Vlink-CC-Void/txt_TrackData'

2024-05-16 00:33:05 - [MESSAGE][PASSED] - Text '' is set on object 'Object Repository/RecAndPlayBk/Page-Vlink-CC-Void/txt_TrackData'

2024-05-16 00:33:05 - [TEST_STEP][PASSED] - click(findTestObject("Object Repository/RecAndPlayBk/Page-Vlink-CC-Void/btn_ProcessVLinkTransaction")): Object: 'Object Repository/RecAndPlayBk/Page-Vlink-CC-Void/btn_ProcessVLinkTransaction' is clicked on

2024-05-16 00:33:06 - [MESSAGE][PASSED] - Object: 'Object Repository/RecAndPlayBk/Page-Vlink-CC-Void/btn_ProcessVLinkTransaction' is clicked on

2024-05-16 00:33:06 - [TEST_STEP][PASSED] - if (verifyTextPresent(errorMsg, true)): null

2024-05-16 00:33:06 - [MESSAGE][PASSED] - Text 'Missing parameter: application_id' is present on page  using regular expression

2024-05-16 00:33:06 - [TEST_STEP][PASSED] - println("Error Message is present on the Confirmation page"): null

2024-05-16 00:33:06 - [TEST_STEP][PASSED] - out.println("Pass Record Number: " + row): null

2024-05-16 00:33:06 - [TEST_STEP][PASSED] - resText = "Pass": null

2024-05-16 00:33:06 - [TEST_STEP][PASSED] - pages.WriteExcel.demoKey(resText, datText, resColumn, datCloumn, fileLoc, nameSheet, row): pages.WriteExcel.demoKey is PASSED

2024-05-16 00:33:07 - [MESSAGE][PASSED] - pages.WriteExcel.demoKey is PASSED

2024-05-16 00:33:07 - [TEST_STEP][PASSED] - ExecuteTC = findTestData(dataFile).getValue("Execute", row): null

2024-05-16 00:33:07 - [TEST_STEP][PASSED] - out.println("Value of Execute is : " + ExecuteTC): null

2024-05-16 00:33:07 - [TEST_STEP][PASSED] - if (ExecuteTC.equalsIgnoreCase("Y")): null

2024-05-16 00:33:07 - [TEST_STEP][PASSED] - out.println("Begin Record Number: " + row): null

2024-05-16 00:33:07 - [TEST_STEP][PASSED] - today = new java.util.Date(): null

2024-05-16 00:33:07 - [TEST_STEP][PASSED] - println(today): null

2024-05-16 00:33:07 - [TEST_STEP][PASSED] - datText = today: null

2024-05-16 00:33:07 - [TEST_STEP][PASSED] - errorMsg = findTestData(dataFile).getValue("ErrorMsg", row): null

2024-05-16 00:33:07 - [TEST_STEP][PASSED] - appID = findTestData(dataFile).getValue("AppID", row): null

2024-05-16 00:33:07 - [TEST_STEP][PASSED] - username = findTestData(dataFile).getValue("Username", row): null

2024-05-16 00:33:07 - [TEST_STEP][PASSED] - password = findTestData(dataFile).getValue("Password", row): null

2024-05-16 00:33:07 - [TEST_STEP][PASSED] - tranType = findTestData(dataFile).getValue("TranType", row): null

2024-05-16 00:33:07 - [TEST_STEP][PASSED] - mv = findTestData(dataFile).getValue("MV", row): null

2024-05-16 00:33:07 - [TEST_STEP][PASSED] - resFormat = findTestData(dataFile).getValue("ResFormat", row): null

2024-05-16 00:33:07 - [TEST_STEP][PASSED] - tranxID = findTestData(dataFile).getValue("TranxID", row): null

2024-05-16 00:33:07 - [TEST_STEP][PASSED] - openBrowser(VLinkURL + "CC_void.html"): Browser is opened with url: 'https://dev-algorithm.govolution.com/vlinktest/QA2/version_2_0/CC_void.html'

2024-05-16 00:33:07 - [MESSAGE][WARNING] - A browser is already opened. Closing browser and opening a new one

2024-05-16 00:33:09 - [MESSAGE][INFO] - Starting 'Chrome' driver

2024-05-16 00:33:09 - [MESSAGE][INFO] - User set preference: ['acceptInsecureCerts', 'true']

2024-05-16 00:33:09 - [MESSAGE][INFO] - Action delay is set to 0 milliseconds

2024-05-16 00:33:11 - [MESSAGE][PASSED] - Browser is opened with url: 'https://dev-algorithm.govolution.com/vlinktest/QA2/version_2_0/CC_void.html'

2024-05-16 00:33:11 - [TEST_STEP][PASSED] - maximizeWindow(): Current window maximized

2024-05-16 00:33:11 - [MESSAGE][PASSED] - Current window maximized

2024-05-16 00:33:11 - [TEST_STEP][PASSED] - maximizeWindow(): Current window maximized

2024-05-16 00:33:11 - [MESSAGE][PASSED] - Current window maximized

2024-05-16 00:33:11 - [TEST_STEP][PASSED] - setText(findTestObject("Object Repository/RecAndPlayBk/Page-Vlink-CC-Void/txt_TransactionType"), tranType): Text '106' is set on object 'Object Repository/RecAndPlayBk/Page-Vlink-CC-Void/txt_TransactionType'

2024-05-16 00:33:12 - [MESSAGE][PASSED] - Text '106' is set on object 'Object Repository/RecAndPlayBk/Page-Vlink-CC-Void/txt_TransactionType'

2024-05-16 00:33:12 - [TEST_STEP][PASSED] - setText(findTestObject("Object Repository/RecAndPlayBk/Page-Vlink-CC-Void/txt_MessageVersion"), mv): Text '2.0C' is set on object 'Object Repository/RecAndPlayBk/Page-Vlink-CC-Void/txt_MessageVersion'

2024-05-16 00:33:12 - [MESSAGE][PASSED] - Text '2.0C' is set on object 'Object Repository/RecAndPlayBk/Page-Vlink-CC-Void/txt_MessageVersion'

2024-05-16 00:33:12 - [TEST_STEP][PASSED] - genRemID = RandomStringUtils.random(12, true, true): null

2024-05-16 00:33:12 - [TEST_STEP][PASSED] - setText(findTestObject("Object Repository/RecAndPlayBk/Page-Vlink-CC-Void/txt_RemID"), genRemID): Text 'jnZSs9BPBBf8' is set on object 'Object Repository/RecAndPlayBk/Page-Vlink-CC-Void/txt_RemID'

2024-05-16 00:33:13 - [MESSAGE][PASSED] - Text 'jnZSs9BPBBf8' is set on object 'Object Repository/RecAndPlayBk/Page-Vlink-CC-Void/txt_RemID'

2024-05-16 00:33:13 - [TEST_STEP][PASSED] - setText(findTestObject("Object Repository/RecAndPlayBk/Page-Vlink-CC-Void/txt_ApplicationID"), appID): Text '234' is set on object 'Object Repository/RecAndPlayBk/Page-Vlink-CC-Void/txt_ApplicationID'

2024-05-16 00:33:14 - [MESSAGE][PASSED] - Text '234' is set on object 'Object Repository/RecAndPlayBk/Page-Vlink-CC-Void/txt_ApplicationID'

2024-05-16 00:33:14 - [TEST_STEP][PASSED] - setText(findTestObject("Object Repository/RecAndPlayBk/Page-Vlink-CC-Void/txt_Username"), username): Text 'username' is set on object 'Object Repository/RecAndPlayBk/Page-Vlink-CC-Void/txt_Username'

2024-05-16 00:33:14 - [MESSAGE][PASSED] - Text 'username' is set on object 'Object Repository/RecAndPlayBk/Page-Vlink-CC-Void/txt_Username'

2024-05-16 00:33:14 - [TEST_STEP][PASSED] - setText(findTestObject("Object Repository/RecAndPlayBk/Page-Vlink-CC-Void/txt_Password"), password): Text 'password' is set on object 'Object Repository/RecAndPlayBk/Page-Vlink-CC-Void/txt_Password'

2024-05-16 00:33:15 - [MESSAGE][PASSED] - Text 'password' is set on object 'Object Repository/RecAndPlayBk/Page-Vlink-CC-Void/txt_Password'

2024-05-16 00:33:15 - [TEST_STEP][PASSED] - setText(findTestObject("Object Repository/RecAndPlayBk/Page-Vlink-CC-Void/txt_ResponseFormat"), resFormat): Text '' is set on object 'Object Repository/RecAndPlayBk/Page-Vlink-CC-Void/txt_ResponseFormat'

2024-05-16 00:33:15 - [MESSAGE][PASSED] - Text '' is set on object 'Object Repository/RecAndPlayBk/Page-Vlink-CC-Void/txt_ResponseFormat'

2024-05-16 00:33:15 - [TEST_STEP][PASSED] - setText(findTestObject("Object Repository/RecAndPlayBk/Page-Vlink-CC-Void/txt_TransactionID"), tranxID): Text '123456' is set on object 'Object Repository/RecAndPlayBk/Page-Vlink-CC-Void/txt_TransactionID'

2024-05-16 00:33:16 - [MESSAGE][PASSED] - Text '123456' is set on object 'Object Repository/RecAndPlayBk/Page-Vlink-CC-Void/txt_TransactionID'

2024-05-16 00:33:16 - [TEST_STEP][PASSED] - setText(findTestObject("Object Repository/RecAndPlayBk/Page-Vlink-CC-Void/txt_OriginalTransactionType"), "104"): Text '104' is set on object 'Object Repository/RecAndPlayBk/Page-Vlink-CC-Void/txt_OriginalTransactionType'

2024-05-16 00:33:17 - [MESSAGE][PASSED] - Text '104' is set on object 'Object Repository/RecAndPlayBk/Page-Vlink-CC-Void/txt_OriginalTransactionType'

2024-05-16 00:33:17 - [TEST_STEP][PASSED] - setText(findTestObject("Object Repository/RecAndPlayBk/Page-Vlink-CC-Void/txt_TrackData"), ""): Text '' is set on object 'Object Repository/RecAndPlayBk/Page-Vlink-CC-Void/txt_TrackData'

2024-05-16 00:33:17 - [MESSAGE][PASSED] - Text '' is set on object 'Object Repository/RecAndPlayBk/Page-Vlink-CC-Void/txt_TrackData'

2024-05-16 00:33:17 - [TEST_STEP][PASSED] - click(findTestObject("Object Repository/RecAndPlayBk/Page-Vlink-CC-Void/btn_ProcessVLinkTransaction")): Object: 'Object Repository/RecAndPlayBk/Page-Vlink-CC-Void/btn_ProcessVLinkTransaction' is clicked on

2024-05-16 00:33:18 - [MESSAGE][PASSED] - Object: 'Object Repository/RecAndPlayBk/Page-Vlink-CC-Void/btn_ProcessVLinkTransaction' is clicked on

2024-05-16 00:33:18 - [TEST_STEP][PASSED] - if (verifyTextPresent(errorMsg, true)): null

2024-05-16 00:33:18 - [MESSAGE][PASSED] - Text 'response_format' is present on page  using regular expression

2024-05-16 00:33:18 - [TEST_STEP][PASSED] - println("Error Message is present on the Confirmation page"): null

2024-05-16 00:33:18 - [TEST_STEP][PASSED] - out.println("Pass Record Number: " + row): null

2024-05-16 00:33:18 - [TEST_STEP][PASSED] - resText = "Pass": null

2024-05-16 00:33:18 - [TEST_STEP][PASSED] - pages.WriteExcel.demoKey(resText, datText, resColumn, datCloumn, fileLoc, nameSheet, row): pages.WriteExcel.demoKey is PASSED

2024-05-16 00:33:18 - [MESSAGE][PASSED] - pages.WriteExcel.demoKey is PASSED

2024-05-16 00:33:18 - [TEST_STEP][PASSED] - ExecuteTC = findTestData(dataFile).getValue("Execute", row): null

2024-05-16 00:33:19 - [TEST_STEP][PASSED] - out.println("Value of Execute is : " + ExecuteTC): null

2024-05-16 00:33:19 - [TEST_STEP][PASSED] - if (ExecuteTC.equalsIgnoreCase("Y")): null

2024-05-16 00:33:19 - [TEST_STEP][PASSED] - out.println("Begin Record Number: " + row): null

2024-05-16 00:33:19 - [TEST_STEP][PASSED] - today = new java.util.Date(): null

2024-05-16 00:33:19 - [TEST_STEP][PASSED] - println(today): null

2024-05-16 00:33:19 - [TEST_STEP][PASSED] - datText = today: null

2024-05-16 00:33:19 - [TEST_STEP][PASSED] - errorMsg = findTestData(dataFile).getValue("ErrorMsg", row): null

2024-05-16 00:33:19 - [TEST_STEP][PASSED] - appID = findTestData(dataFile).getValue("AppID", row): null

2024-05-16 00:33:19 - [TEST_STEP][PASSED] - username = findTestData(dataFile).getValue("Username", row): null

2024-05-16 00:33:19 - [TEST_STEP][PASSED] - password = findTestData(dataFile).getValue("Password", row): null

2024-05-16 00:33:19 - [TEST_STEP][PASSED] - tranType = findTestData(dataFile).getValue("TranType", row): null

2024-05-16 00:33:19 - [TEST_STEP][PASSED] - mv = findTestData(dataFile).getValue("MV", row): null

2024-05-16 00:33:19 - [TEST_STEP][PASSED] - resFormat = findTestData(dataFile).getValue("ResFormat", row): null

2024-05-16 00:33:19 - [TEST_STEP][PASSED] - tranxID = findTestData(dataFile).getValue("TranxID", row): null

2024-05-16 00:33:19 - [TEST_STEP][PASSED] - openBrowser(VLinkURL + "CC_void.html"): Browser is opened with url: 'https://dev-algorithm.govolution.com/vlinktest/QA2/version_2_0/CC_void.html'

2024-05-16 00:33:19 - [MESSAGE][WARNING] - A browser is already opened. Closing browser and opening a new one

2024-05-16 00:33:20 - [MESSAGE][INFO] - Starting 'Chrome' driver

2024-05-16 00:33:20 - [MESSAGE][INFO] - User set preference: ['acceptInsecureCerts', 'true']

2024-05-16 00:33:20 - [MESSAGE][INFO] - Action delay is set to 0 milliseconds

2024-05-16 00:33:22 - [MESSAGE][PASSED] - Browser is opened with url: 'https://dev-algorithm.govolution.com/vlinktest/QA2/version_2_0/CC_void.html'

2024-05-16 00:33:22 - [TEST_STEP][PASSED] - maximizeWindow(): Current window maximized

2024-05-16 00:33:23 - [MESSAGE][PASSED] - Current window maximized

2024-05-16 00:33:23 - [TEST_STEP][PASSED] - maximizeWindow(): Current window maximized

2024-05-16 00:33:23 - [MESSAGE][PASSED] - Current window maximized

2024-05-16 00:33:23 - [TEST_STEP][PASSED] - setText(findTestObject("Object Repository/RecAndPlayBk/Page-Vlink-CC-Void/txt_TransactionType"), tranType): Text '106' is set on object 'Object Repository/RecAndPlayBk/Page-Vlink-CC-Void/txt_TransactionType'

2024-05-16 00:33:23 - [MESSAGE][PASSED] - Text '106' is set on object 'Object Repository/RecAndPlayBk/Page-Vlink-CC-Void/txt_TransactionType'

2024-05-16 00:33:23 - [TEST_STEP][PASSED] - setText(findTestObject("Object Repository/RecAndPlayBk/Page-Vlink-CC-Void/txt_MessageVersion"), mv): Text '2.0C' is set on object 'Object Repository/RecAndPlayBk/Page-Vlink-CC-Void/txt_MessageVersion'

2024-05-16 00:33:24 - [MESSAGE][PASSED] - Text '2.0C' is set on object 'Object Repository/RecAndPlayBk/Page-Vlink-CC-Void/txt_MessageVersion'

2024-05-16 00:33:24 - [TEST_STEP][PASSED] - genRemID = RandomStringUtils.random(12, true, true): null

2024-05-16 00:33:24 - [TEST_STEP][PASSED] - setText(findTestObject("Object Repository/RecAndPlayBk/Page-Vlink-CC-Void/txt_RemID"), genRemID): Text 'WFiRMYAn3d9A' is set on object 'Object Repository/RecAndPlayBk/Page-Vlink-CC-Void/txt_RemID'

2024-05-16 00:33:25 - [MESSAGE][PASSED] - Text 'WFiRMYAn3d9A' is set on object 'Object Repository/RecAndPlayBk/Page-Vlink-CC-Void/txt_RemID'

2024-05-16 00:33:25 - [TEST_STEP][PASSED] - setText(findTestObject("Object Repository/RecAndPlayBk/Page-Vlink-CC-Void/txt_ApplicationID"), appID): Text '234' is set on object 'Object Repository/RecAndPlayBk/Page-Vlink-CC-Void/txt_ApplicationID'

2024-05-16 00:33:25 - [MESSAGE][PASSED] - Text '234' is set on object 'Object Repository/RecAndPlayBk/Page-Vlink-CC-Void/txt_ApplicationID'

2024-05-16 00:33:25 - [TEST_STEP][PASSED] - setText(findTestObject("Object Repository/RecAndPlayBk/Page-Vlink-CC-Void/txt_Username"), username): Text 'username' is set on object 'Object Repository/RecAndPlayBk/Page-Vlink-CC-Void/txt_Username'

2024-05-16 00:33:26 - [MESSAGE][PASSED] - Text 'username' is set on object 'Object Repository/RecAndPlayBk/Page-Vlink-CC-Void/txt_Username'

2024-05-16 00:33:26 - [TEST_STEP][PASSED] - setText(findTestObject("Object Repository/RecAndPlayBk/Page-Vlink-CC-Void/txt_Password"), password): Text 'password' is set on object 'Object Repository/RecAndPlayBk/Page-Vlink-CC-Void/txt_Password'

2024-05-16 00:33:27 - [MESSAGE][PASSED] - Text 'password' is set on object 'Object Repository/RecAndPlayBk/Page-Vlink-CC-Void/txt_Password'

2024-05-16 00:33:27 - [TEST_STEP][PASSED] - setText(findTestObject("Object Repository/RecAndPlayBk/Page-Vlink-CC-Void/txt_ResponseFormat"), resFormat): Text 'fixed_width' is set on object 'Object Repository/RecAndPlayBk/Page-Vlink-CC-Void/txt_ResponseFormat'

2024-05-16 00:33:27 - [MESSAGE][PASSED] - Text 'fixed_width' is set on object 'Object Repository/RecAndPlayBk/Page-Vlink-CC-Void/txt_ResponseFormat'

2024-05-16 00:33:27 - [TEST_STEP][PASSED] - setText(findTestObject("Object Repository/RecAndPlayBk/Page-Vlink-CC-Void/txt_TransactionID"), tranxID): Text '' is set on object 'Object Repository/RecAndPlayBk/Page-Vlink-CC-Void/txt_TransactionID'

2024-05-16 00:33:28 - [MESSAGE][PASSED] - Text '' is set on object 'Object Repository/RecAndPlayBk/Page-Vlink-CC-Void/txt_TransactionID'

2024-05-16 00:33:28 - [TEST_STEP][PASSED] - setText(findTestObject("Object Repository/RecAndPlayBk/Page-Vlink-CC-Void/txt_OriginalTransactionType"), "104"): Text '104' is set on object 'Object Repository/RecAndPlayBk/Page-Vlink-CC-Void/txt_OriginalTransactionType'

2024-05-16 00:33:28 - [MESSAGE][PASSED] - Text '104' is set on object 'Object Repository/RecAndPlayBk/Page-Vlink-CC-Void/txt_OriginalTransactionType'

2024-05-16 00:33:28 - [TEST_STEP][PASSED] - setText(findTestObject("Object Repository/RecAndPlayBk/Page-Vlink-CC-Void/txt_TrackData"), ""): Text '' is set on object 'Object Repository/RecAndPlayBk/Page-Vlink-CC-Void/txt_TrackData'

2024-05-16 00:33:29 - [MESSAGE][PASSED] - Text '' is set on object 'Object Repository/RecAndPlayBk/Page-Vlink-CC-Void/txt_TrackData'

2024-05-16 00:33:29 - [TEST_STEP][PASSED] - click(findTestObject("Object Repository/RecAndPlayBk/Page-Vlink-CC-Void/btn_ProcessVLinkTransaction")): Object: 'Object Repository/RecAndPlayBk/Page-Vlink-CC-Void/btn_ProcessVLinkTransaction' is clicked on

2024-05-16 00:33:30 - [MESSAGE][PASSED] - Object: 'Object Repository/RecAndPlayBk/Page-Vlink-CC-Void/btn_ProcessVLinkTransaction' is clicked on

2024-05-16 00:33:30 - [TEST_STEP][PASSED] - if (verifyTextPresent(errorMsg, true)): null

2024-05-16 00:33:30 - [MESSAGE][PASSED] - Text 'transaction_id' is present on page  using regular expression

2024-05-16 00:33:30 - [TEST_STEP][PASSED] - println("Error Message is present on the Confirmation page"): null

2024-05-16 00:33:30 - [TEST_STEP][PASSED] - out.println("Pass Record Number: " + row): null

2024-05-16 00:33:30 - [TEST_STEP][PASSED] - resText = "Pass": null

2024-05-16 00:33:30 - [TEST_STEP][PASSED] - pages.WriteExcel.demoKey(resText, datText, resColumn, datCloumn, fileLoc, nameSheet, row): pages.WriteExcel.demoKey is PASSED

2024-05-16 00:33:30 - [MESSAGE][PASSED] - pages.WriteExcel.demoKey is PASSED

2024-05-16 00:33:30 - [TEST_STEP][PASSED] - ExecuteTC = findTestData(dataFile).getValue("Execute", row): null

2024-05-16 00:33:30 - [TEST_STEP][PASSED] - out.println("Value of Execute is : " + ExecuteTC): null

2024-05-16 00:33:30 - [TEST_STEP][PASSED] - if (ExecuteTC.equalsIgnoreCase("Y")): null

2024-05-16 00:33:30 - [TEST_STEP][PASSED] - out.println("Begin Record Number: " + row): null

2024-05-16 00:33:30 - [TEST_STEP][PASSED] - today = new java.util.Date(): null

2024-05-16 00:33:30 - [TEST_STEP][PASSED] - println(today): null

2024-05-16 00:33:30 - [TEST_STEP][PASSED] - datText = today: null

2024-05-16 00:33:30 - [TEST_STEP][PASSED] - errorMsg = findTestData(dataFile).getValue("ErrorMsg", row): null

2024-05-16 00:33:30 - [TEST_STEP][PASSED] - appID = findTestData(dataFile).getValue("AppID", row): null

2024-05-16 00:33:31 - [TEST_STEP][PASSED] - username = findTestData(dataFile).getValue("Username", row): null

2024-05-16 00:33:31 - [TEST_STEP][PASSED] - password = findTestData(dataFile).getValue("Password", row): null

2024-05-16 00:33:31 - [TEST_STEP][PASSED] - tranType = findTestData(dataFile).getValue("TranType", row): null

2024-05-16 00:33:31 - [TEST_STEP][PASSED] - mv = findTestData(dataFile).getValue("MV", row): null

2024-05-16 00:33:31 - [TEST_STEP][PASSED] - resFormat = findTestData(dataFile).getValue("ResFormat", row): null

2024-05-16 00:33:31 - [TEST_STEP][PASSED] - tranxID = findTestData(dataFile).getValue("TranxID", row): null

2024-05-16 00:33:31 - [TEST_STEP][PASSED] - openBrowser(VLinkURL + "CC_void.html"): Browser is opened with url: 'https://dev-algorithm.govolution.com/vlinktest/QA2/version_2_0/CC_void.html'

2024-05-16 00:33:31 - [MESSAGE][WARNING] - A browser is already opened. Closing browser and opening a new one

2024-05-16 00:33:32 - [MESSAGE][INFO] - Starting 'Chrome' driver

2024-05-16 00:33:32 - [MESSAGE][INFO] - User set preference: ['acceptInsecureCerts', 'true']

2024-05-16 00:33:32 - [MESSAGE][INFO] - Action delay is set to 0 milliseconds

2024-05-16 00:33:34 - [MESSAGE][PASSED] - Browser is opened with url: 'https://dev-algorithm.govolution.com/vlinktest/QA2/version_2_0/CC_void.html'

2024-05-16 00:33:34 - [TEST_STEP][PASSED] - maximizeWindow(): Current window maximized

2024-05-16 00:33:35 - [MESSAGE][PASSED] - Current window maximized

2024-05-16 00:33:35 - [TEST_STEP][PASSED] - maximizeWindow(): Current window maximized

2024-05-16 00:33:35 - [MESSAGE][PASSED] - Current window maximized

2024-05-16 00:33:35 - [TEST_STEP][PASSED] - setText(findTestObject("Object Repository/RecAndPlayBk/Page-Vlink-CC-Void/txt_TransactionType"), tranType): Text '106' is set on object 'Object Repository/RecAndPlayBk/Page-Vlink-CC-Void/txt_TransactionType'

2024-05-16 00:33:35 - [MESSAGE][PASSED] - Text '106' is set on object 'Object Repository/RecAndPlayBk/Page-Vlink-CC-Void/txt_TransactionType'

2024-05-16 00:33:35 - [TEST_STEP][PASSED] - setText(findTestObject("Object Repository/RecAndPlayBk/Page-Vlink-CC-Void/txt_MessageVersion"), mv): Text '2.0C' is set on object 'Object Repository/RecAndPlayBk/Page-Vlink-CC-Void/txt_MessageVersion'

2024-05-16 00:33:36 - [MESSAGE][PASSED] - Text '2.0C' is set on object 'Object Repository/RecAndPlayBk/Page-Vlink-CC-Void/txt_MessageVersion'

2024-05-16 00:33:36 - [TEST_STEP][PASSED] - genRemID = RandomStringUtils.random(12, true, true): null

2024-05-16 00:33:36 - [TEST_STEP][PASSED] - setText(findTestObject("Object Repository/RecAndPlayBk/Page-Vlink-CC-Void/txt_RemID"), genRemID): Text 'GsJNBhWJ2xi4' is set on object 'Object Repository/RecAndPlayBk/Page-Vlink-CC-Void/txt_RemID'

2024-05-16 00:33:37 - [MESSAGE][PASSED] - Text 'GsJNBhWJ2xi4' is set on object 'Object Repository/RecAndPlayBk/Page-Vlink-CC-Void/txt_RemID'

2024-05-16 00:33:37 - [TEST_STEP][PASSED] - setText(findTestObject("Object Repository/RecAndPlayBk/Page-Vlink-CC-Void/txt_ApplicationID"), appID): Text '234' is set on object 'Object Repository/RecAndPlayBk/Page-Vlink-CC-Void/txt_ApplicationID'

2024-05-16 00:33:37 - [MESSAGE][PASSED] - Text '234' is set on object 'Object Repository/RecAndPlayBk/Page-Vlink-CC-Void/txt_ApplicationID'

2024-05-16 00:33:37 - [TEST_STEP][PASSED] - setText(findTestObject("Object Repository/RecAndPlayBk/Page-Vlink-CC-Void/txt_Username"), username): Text '' is set on object 'Object Repository/RecAndPlayBk/Page-Vlink-CC-Void/txt_Username'

2024-05-16 00:33:38 - [MESSAGE][PASSED] - Text '' is set on object 'Object Repository/RecAndPlayBk/Page-Vlink-CC-Void/txt_Username'

2024-05-16 00:33:38 - [TEST_STEP][PASSED] - setText(findTestObject("Object Repository/RecAndPlayBk/Page-Vlink-CC-Void/txt_Password"), password): Text 'password' is set on object 'Object Repository/RecAndPlayBk/Page-Vlink-CC-Void/txt_Password'

2024-05-16 00:33:38 - [MESSAGE][PASSED] - Text 'password' is set on object 'Object Repository/RecAndPlayBk/Page-Vlink-CC-Void/txt_Password'

2024-05-16 00:33:38 - [TEST_STEP][PASSED] - setText(findTestObject("Object Repository/RecAndPlayBk/Page-Vlink-CC-Void/txt_ResponseFormat"), resFormat): Text 'fixed_width' is set on object 'Object Repository/RecAndPlayBk/Page-Vlink-CC-Void/txt_ResponseFormat'

2024-05-16 00:33:39 - [MESSAGE][PASSED] - Text 'fixed_width' is set on object 'Object Repository/RecAndPlayBk/Page-Vlink-CC-Void/txt_ResponseFormat'

2024-05-16 00:33:39 - [TEST_STEP][PASSED] - setText(findTestObject("Object Repository/RecAndPlayBk/Page-Vlink-CC-Void/txt_TransactionID"), tranxID): Text '123456' is set on object 'Object Repository/RecAndPlayBk/Page-Vlink-CC-Void/txt_TransactionID'

2024-05-16 00:33:40 - [MESSAGE][PASSED] - Text '123456' is set on object 'Object Repository/RecAndPlayBk/Page-Vlink-CC-Void/txt_TransactionID'

2024-05-16 00:33:40 - [TEST_STEP][PASSED] - setText(findTestObject("Object Repository/RecAndPlayBk/Page-Vlink-CC-Void/txt_OriginalTransactionType"), "104"): Text '104' is set on object 'Object Repository/RecAndPlayBk/Page-Vlink-CC-Void/txt_OriginalTransactionType'

2024-05-16 00:33:40 - [MESSAGE][PASSED] - Text '104' is set on object 'Object Repository/RecAndPlayBk/Page-Vlink-CC-Void/txt_OriginalTransactionType'

2024-05-16 00:33:40 - [TEST_STEP][PASSED] - setText(findTestObject("Object Repository/RecAndPlayBk/Page-Vlink-CC-Void/txt_TrackData"), ""): Text '' is set on object 'Object Repository/RecAndPlayBk/Page-Vlink-CC-Void/txt_TrackData'

2024-05-16 00:33:41 - [MESSAGE][PASSED] - Text '' is set on object 'Object Repository/RecAndPlayBk/Page-Vlink-CC-Void/txt_TrackData'

2024-05-16 00:33:41 - [TEST_STEP][PASSED] - click(findTestObject("Object Repository/RecAndPlayBk/Page-Vlink-CC-Void/btn_ProcessVLinkTransaction")): Object: 'Object Repository/RecAndPlayBk/Page-Vlink-CC-Void/btn_ProcessVLinkTransaction' is clicked on

2024-05-16 00:33:41 - [MESSAGE][PASSED] - Object: 'Object Repository/RecAndPlayBk/Page-Vlink-CC-Void/btn_ProcessVLinkTransaction' is clicked on

2024-05-16 00:33:41 - [TEST_STEP][PASSED] - if (verifyTextPresent(errorMsg, true)): null

2024-05-16 00:33:42 - [MESSAGE][PASSED] - Text 'Signon authentication error' is present on page  using regular expression

2024-05-16 00:33:42 - [TEST_STEP][PASSED] - println("Error Message is present on the Confirmation page"): null

2024-05-16 00:33:42 - [TEST_STEP][PASSED] - out.println("Pass Record Number: " + row): null

2024-05-16 00:33:42 - [TEST_STEP][PASSED] - resText = "Pass": null

2024-05-16 00:33:42 - [TEST_STEP][PASSED] - pages.WriteExcel.demoKey(resText, datText, resColumn, datCloumn, fileLoc, nameSheet, row): pages.WriteExcel.demoKey is PASSED

2024-05-16 00:33:42 - [MESSAGE][PASSED] - pages.WriteExcel.demoKey is PASSED

2024-05-16 00:33:42 - [TEST_STEP][PASSED] - ExecuteTC = findTestData(dataFile).getValue("Execute", row): null

2024-05-16 00:33:42 - [TEST_STEP][PASSED] - out.println("Value of Execute is : " + ExecuteTC): null

2024-05-16 00:33:42 - [TEST_STEP][PASSED] - if (ExecuteTC.equalsIgnoreCase("Y")): null

2024-05-16 00:33:42 - [TEST_STEP][PASSED] - out.println("Begin Record Number: " + row): null

2024-05-16 00:33:42 - [TEST_STEP][PASSED] - today = new java.util.Date(): null

2024-05-16 00:33:42 - [TEST_STEP][PASSED] - println(today): null

2024-05-16 00:33:42 - [TEST_STEP][PASSED] - datText = today: null

2024-05-16 00:33:42 - [TEST_STEP][PASSED] - errorMsg = findTestData(dataFile).getValue("ErrorMsg", row): null

2024-05-16 00:33:42 - [TEST_STEP][PASSED] - appID = findTestData(dataFile).getValue("AppID", row): null

2024-05-16 00:33:42 - [TEST_STEP][PASSED] - username = findTestData(dataFile).getValue("Username", row): null

2024-05-16 00:33:42 - [TEST_STEP][PASSED] - password = findTestData(dataFile).getValue("Password", row): null

2024-05-16 00:33:42 - [TEST_STEP][PASSED] - tranType = findTestData(dataFile).getValue("TranType", row): null

2024-05-16 00:33:43 - [TEST_STEP][PASSED] - mv = findTestData(dataFile).getValue("MV", row): null

2024-05-16 00:33:43 - [TEST_STEP][PASSED] - resFormat = findTestData(dataFile).getValue("ResFormat", row): null

2024-05-16 00:33:43 - [TEST_STEP][PASSED] - tranxID = findTestData(dataFile).getValue("TranxID", row): null

2024-05-16 00:33:43 - [TEST_STEP][PASSED] - openBrowser(VLinkURL + "CC_void.html"): Browser is opened with url: 'https://dev-algorithm.govolution.com/vlinktest/QA2/version_2_0/CC_void.html'

2024-05-16 00:33:43 - [MESSAGE][WARNING] - A browser is already opened. Closing browser and opening a new one

2024-05-16 00:33:44 - [MESSAGE][INFO] - Starting 'Chrome' driver

2024-05-16 00:33:44 - [MESSAGE][INFO] - User set preference: ['acceptInsecureCerts', 'true']

2024-05-16 00:33:44 - [MESSAGE][INFO] - Action delay is set to 0 milliseconds

2024-05-16 00:33:46 - [MESSAGE][PASSED] - Browser is opened with url: 'https://dev-algorithm.govolution.com/vlinktest/QA2/version_2_0/CC_void.html'

2024-05-16 00:33:46 - [TEST_STEP][PASSED] - maximizeWindow(): Current window maximized

2024-05-16 00:33:46 - [MESSAGE][PASSED] - Current window maximized

2024-05-16 00:33:46 - [TEST_STEP][PASSED] - maximizeWindow(): Current window maximized

2024-05-16 00:33:46 - [MESSAGE][PASSED] - Current window maximized

2024-05-16 00:33:46 - [TEST_STEP][PASSED] - setText(findTestObject("Object Repository/RecAndPlayBk/Page-Vlink-CC-Void/txt_TransactionType"), tranType): Text '106' is set on object 'Object Repository/RecAndPlayBk/Page-Vlink-CC-Void/txt_TransactionType'

2024-05-16 00:33:47 - [MESSAGE][PASSED] - Text '106' is set on object 'Object Repository/RecAndPlayBk/Page-Vlink-CC-Void/txt_TransactionType'

2024-05-16 00:33:47 - [TEST_STEP][PASSED] - setText(findTestObject("Object Repository/RecAndPlayBk/Page-Vlink-CC-Void/txt_MessageVersion"), mv): Text '2.0C' is set on object 'Object Repository/RecAndPlayBk/Page-Vlink-CC-Void/txt_MessageVersion'

2024-05-16 00:33:48 - [MESSAGE][PASSED] - Text '2.0C' is set on object 'Object Repository/RecAndPlayBk/Page-Vlink-CC-Void/txt_MessageVersion'

2024-05-16 00:33:48 - [TEST_STEP][PASSED] - genRemID = RandomStringUtils.random(12, true, true): null

2024-05-16 00:33:48 - [TEST_STEP][PASSED] - setText(findTestObject("Object Repository/RecAndPlayBk/Page-Vlink-CC-Void/txt_RemID"), genRemID): Text 'ktkPphNvT5mM' is set on object 'Object Repository/RecAndPlayBk/Page-Vlink-CC-Void/txt_RemID'

2024-05-16 00:33:48 - [MESSAGE][PASSED] - Text 'ktkPphNvT5mM' is set on object 'Object Repository/RecAndPlayBk/Page-Vlink-CC-Void/txt_RemID'

2024-05-16 00:33:48 - [TEST_STEP][PASSED] - setText(findTestObject("Object Repository/RecAndPlayBk/Page-Vlink-CC-Void/txt_ApplicationID"), appID): Text '234' is set on object 'Object Repository/RecAndPlayBk/Page-Vlink-CC-Void/txt_ApplicationID'

2024-05-16 00:33:49 - [MESSAGE][PASSED] - Text '234' is set on object 'Object Repository/RecAndPlayBk/Page-Vlink-CC-Void/txt_ApplicationID'

2024-05-16 00:33:49 - [TEST_STEP][PASSED] - setText(findTestObject("Object Repository/RecAndPlayBk/Page-Vlink-CC-Void/txt_Username"), username): Text 'username' is set on object 'Object Repository/RecAndPlayBk/Page-Vlink-CC-Void/txt_Username'

2024-05-16 00:33:50 - [MESSAGE][PASSED] - Text 'username' is set on object 'Object Repository/RecAndPlayBk/Page-Vlink-CC-Void/txt_Username'

2024-05-16 00:33:50 - [TEST_STEP][PASSED] - setText(findTestObject("Object Repository/RecAndPlayBk/Page-Vlink-CC-Void/txt_Password"), password): Text '' is set on object 'Object Repository/RecAndPlayBk/Page-Vlink-CC-Void/txt_Password'

2024-05-16 00:33:50 - [MESSAGE][PASSED] - Text '' is set on object 'Object Repository/RecAndPlayBk/Page-Vlink-CC-Void/txt_Password'

2024-05-16 00:33:50 - [TEST_STEP][PASSED] - setText(findTestObject("Object Repository/RecAndPlayBk/Page-Vlink-CC-Void/txt_ResponseFormat"), resFormat): Text 'fixed_width' is set on object 'Object Repository/RecAndPlayBk/Page-Vlink-CC-Void/txt_ResponseFormat'

2024-05-16 00:33:51 - [MESSAGE][PASSED] - Text 'fixed_width' is set on object 'Object Repository/RecAndPlayBk/Page-Vlink-CC-Void/txt_ResponseFormat'

2024-05-16 00:33:51 - [TEST_STEP][PASSED] - setText(findTestObject("Object Repository/RecAndPlayBk/Page-Vlink-CC-Void/txt_TransactionID"), tranxID): Text '123456' is set on object 'Object Repository/RecAndPlayBk/Page-Vlink-CC-Void/txt_TransactionID'

2024-05-16 00:33:51 - [MESSAGE][PASSED] - Text '123456' is set on object 'Object Repository/RecAndPlayBk/Page-Vlink-CC-Void/txt_TransactionID'

2024-05-16 00:33:51 - [TEST_STEP][PASSED] - setText(findTestObject("Object Repository/RecAndPlayBk/Page-Vlink-CC-Void/txt_OriginalTransactionType"), "104"): Text '104' is set on object 'Object Repository/RecAndPlayBk/Page-Vlink-CC-Void/txt_OriginalTransactionType'

2024-05-16 00:33:52 - [MESSAGE][PASSED] - Text '104' is set on object 'Object Repository/RecAndPlayBk/Page-Vlink-CC-Void/txt_OriginalTransactionType'

2024-05-16 00:33:52 - [TEST_STEP][PASSED] - setText(findTestObject("Object Repository/RecAndPlayBk/Page-Vlink-CC-Void/txt_TrackData"), ""): Text '' is set on object 'Object Repository/RecAndPlayBk/Page-Vlink-CC-Void/txt_TrackData'

2024-05-16 00:33:53 - [MESSAGE][PASSED] - Text '' is set on object 'Object Repository/RecAndPlayBk/Page-Vlink-CC-Void/txt_TrackData'

2024-05-16 00:33:53 - [TEST_STEP][PASSED] - click(findTestObject("Object Repository/RecAndPlayBk/Page-Vlink-CC-Void/btn_ProcessVLinkTransaction")): Object: 'Object Repository/RecAndPlayBk/Page-Vlink-CC-Void/btn_ProcessVLinkTransaction' is clicked on

2024-05-16 00:33:53 - [MESSAGE][PASSED] - Object: 'Object Repository/RecAndPlayBk/Page-Vlink-CC-Void/btn_ProcessVLinkTransaction' is clicked on

2024-05-16 00:33:53 - [TEST_STEP][PASSED] - if (verifyTextPresent(errorMsg, true)): null

2024-05-16 00:33:54 - [MESSAGE][PASSED] - Text 'Signon authentication error' is present on page  using regular expression

2024-05-16 00:33:54 - [TEST_STEP][PASSED] - println("Error Message is present on the Confirmation page"): null

2024-05-16 00:33:54 - [TEST_STEP][PASSED] - out.println("Pass Record Number: " + row): null

2024-05-16 00:33:54 - [TEST_STEP][PASSED] - resText = "Pass": null

2024-05-16 00:33:54 - [TEST_STEP][PASSED] - pages.WriteExcel.demoKey(resText, datText, resColumn, datCloumn, fileLoc, nameSheet, row): pages.WriteExcel.demoKey is PASSED

2024-05-16 00:33:54 - [MESSAGE][PASSED] - pages.WriteExcel.demoKey is PASSED

2024-05-16 00:33:54 - [TEST_STEP][PASSED] - ExecuteTC = findTestData(dataFile).getValue("Execute", row): null

2024-05-16 00:33:54 - [TEST_STEP][PASSED] - out.println("Value of Execute is : " + ExecuteTC): null

2024-05-16 00:33:54 - [TEST_STEP][PASSED] - if (ExecuteTC.equalsIgnoreCase("Y")): null]]></system-out>
         <system-err><![CDATA[]]></system-err>
      </testcase>
      <testcase name="Test Cases/RecAndPlayBk/VLink/Credit-MRF" time="118.853" classname="Test Cases/RecAndPlayBk/VLink/Credit-MRF" status="PASSED">
         <system-out><![CDATA[2024-05-16 00:33:54 - [TEST_CASE][PASSED] - Test Cases/RecAndPlayBk/VLink/Credit-MRF: Test Cases/RecAndPlayBk/VLink/Credit-MRF

2024-05-16 00:33:55 - [TEST_STEP][PASSED] - executionProfile = getExecutionProfile(): null

2024-05-16 00:33:55 - [TEST_STEP][PASSED] - out.println("executionProfile : " + executionProfile): null

2024-05-16 00:33:55 - [TEST_STEP][PASSED] - resText = "Fail": null

2024-05-16 00:33:55 - [TEST_STEP][PASSED] - resColumn = "Result": null

2024-05-16 00:33:55 - [TEST_STEP][PASSED] - datCloumn = "Date": null

2024-05-16 00:33:55 - [TEST_STEP][PASSED] - fileLoc = "KatalonData/VLinkSmokeData.xlsx": null

2024-05-16 00:33:55 - [TEST_STEP][PASSED] - numOfRows = <not implemented yet for class: org.codehaus.groovy.ast.expr.EmptyExpression>: null

2024-05-16 00:33:55 - [TEST_STEP][PASSED] - dataFile = <not implemented yet for class: org.codehaus.groovy.ast.expr.EmptyExpression>: null

2024-05-16 00:33:55 - [TEST_STEP][PASSED] - nameSheet = <not implemented yet for class: org.codehaus.groovy.ast.expr.EmptyExpression>: null

2024-05-16 00:33:55 - [TEST_STEP][PASSED] - nameSheet = "Credit-MRF": null

2024-05-16 00:33:55 - [TEST_STEP][PASSED] - numOfRows = findTestData("QA/VLinkTestData/VLinkCreditMRFData").getRowNumbers(): null

2024-05-16 00:33:55 - [TEST_STEP][PASSED] - println("Number of Records: " + numOfRows): null

2024-05-16 00:33:55 - [TEST_STEP][PASSED] - dataFile = "QA/VLinkTestData/VLinkCreditMRFData": null

2024-05-16 00:33:55 - [TEST_STEP][PASSED] - for ([row = 1, row <= numOfRows, (row++)]): null

2024-05-16 00:33:55 - [TEST_STEP][PASSED] - ExecuteTC = findTestData(dataFile).getValue("Execute", row): null

2024-05-16 00:33:55 - [TEST_STEP][PASSED] - out.println("Value of Execute is : " + ExecuteTC): null

2024-05-16 00:33:55 - [TEST_STEP][PASSED] - if (ExecuteTC.equalsIgnoreCase("Y")): null

2024-05-16 00:33:55 - [TEST_STEP][PASSED] - out.println("Begin Record Number: " + row): null

2024-05-16 00:33:55 - [TEST_STEP][PASSED] - today = new java.util.Date(): null

2024-05-16 00:33:55 - [TEST_STEP][PASSED] - println(today): null

2024-05-16 00:33:55 - [TEST_STEP][PASSED] - datText = today: null

2024-05-16 00:33:55 - [TEST_STEP][PASSED] - errorMsg = findTestData(dataFile).getValue("ErrorMsg", row): null

2024-05-16 00:33:55 - [TEST_STEP][PASSED] - appID = findTestData(dataFile).getValue("AppID", row): null

2024-05-16 00:33:55 - [TEST_STEP][PASSED] - username = findTestData(dataFile).getValue("Username", row): null

2024-05-16 00:33:55 - [TEST_STEP][PASSED] - password = findTestData(dataFile).getValue("Password", row): null

2024-05-16 00:33:55 - [TEST_STEP][PASSED] - tranType = findTestData(dataFile).getValue("TranType", row): null

2024-05-16 00:33:55 - [TEST_STEP][PASSED] - mv = findTestData(dataFile).getValue("MV", row): null

2024-05-16 00:33:55 - [TEST_STEP][PASSED] - resFormat = findTestData(dataFile).getValue("ResFormat", row): null

2024-05-16 00:33:56 - [TEST_STEP][PASSED] - tranxID = findTestData(dataFile).getValue("TranxID", row): null

2024-05-16 00:33:56 - [TEST_STEP][PASSED] - amount = findTestData(dataFile).getValue("Amount", row): null

2024-05-16 00:33:56 - [TEST_STEP][PASSED] - openBrowser(VLinkURL + "CC_credit.html"): Browser is opened with url: 'https://dev-algorithm.govolution.com/vlinktest/QA2/version_2_0/CC_credit.html'

2024-05-16 00:33:56 - [MESSAGE][WARNING] - A browser is already opened. Closing browser and opening a new one

2024-05-16 00:33:57 - [MESSAGE][INFO] - Starting 'Chrome' driver

2024-05-16 00:33:57 - [MESSAGE][INFO] - User set preference: ['acceptInsecureCerts', 'true']

2024-05-16 00:33:57 - [MESSAGE][INFO] - Action delay is set to 0 milliseconds

2024-05-16 00:34:00 - [MESSAGE][PASSED] - Browser is opened with url: 'https://dev-algorithm.govolution.com/vlinktest/QA2/version_2_0/CC_credit.html'

2024-05-16 00:34:00 - [TEST_STEP][PASSED] - maximizeWindow(): Current window maximized

2024-05-16 00:34:00 - [MESSAGE][PASSED] - Current window maximized

2024-05-16 00:34:00 - [TEST_STEP][PASSED] - maximizeWindow(): Current window maximized

2024-05-16 00:34:00 - [MESSAGE][PASSED] - Current window maximized

2024-05-16 00:34:00 - [TEST_STEP][PASSED] - setText(findTestObject("Object Repository/RecAndPlayBk/Page-Vlink-CC-Credit/input_Transaction Type"), tranType): Text '' is set on object 'Object Repository/RecAndPlayBk/Page-Vlink-CC-Credit/input_Transaction Type'

2024-05-16 00:34:01 - [MESSAGE][PASSED] - Text '' is set on object 'Object Repository/RecAndPlayBk/Page-Vlink-CC-Credit/input_Transaction Type'

2024-05-16 00:34:01 - [TEST_STEP][PASSED] - setText(findTestObject("Object Repository/RecAndPlayBk/Page-Vlink-CC-Credit/input_Message Version"), mv): Text '2.0C' is set on object 'Object Repository/RecAndPlayBk/Page-Vlink-CC-Credit/input_Message Version'

2024-05-16 00:34:01 - [MESSAGE][PASSED] - Text '2.0C' is set on object 'Object Repository/RecAndPlayBk/Page-Vlink-CC-Credit/input_Message Version'

2024-05-16 00:34:01 - [TEST_STEP][PASSED] - genRemID = RandomStringUtils.random(12, true, true): null

2024-05-16 00:34:01 - [TEST_STEP][PASSED] - setText(findTestObject("Object Repository/RecAndPlayBk/Page-Vlink-CC-Credit/input_Remittance Id"), genRemID): Text 'mLIINmoQA5xl' is set on object 'Object Repository/RecAndPlayBk/Page-Vlink-CC-Credit/input_Remittance Id'

2024-05-16 00:34:02 - [MESSAGE][PASSED] - Text 'mLIINmoQA5xl' is set on object 'Object Repository/RecAndPlayBk/Page-Vlink-CC-Credit/input_Remittance Id'

2024-05-16 00:34:02 - [TEST_STEP][PASSED] - setText(findTestObject("Object Repository/RecAndPlayBk/Page-Vlink-CC-Credit/input_Application Id"), appID): Text '234' is set on object 'Object Repository/RecAndPlayBk/Page-Vlink-CC-Credit/input_Application Id'

2024-05-16 00:34:03 - [MESSAGE][PASSED] - Text '234' is set on object 'Object Repository/RecAndPlayBk/Page-Vlink-CC-Credit/input_Application Id'

2024-05-16 00:34:03 - [TEST_STEP][PASSED] - setText(findTestObject("Object Repository/RecAndPlayBk/Page-Vlink-CC-Credit/input_Username"), username): Text 'username' is set on object 'Object Repository/RecAndPlayBk/Page-Vlink-CC-Credit/input_Username'

2024-05-16 00:34:03 - [MESSAGE][PASSED] - Text 'username' is set on object 'Object Repository/RecAndPlayBk/Page-Vlink-CC-Credit/input_Username'

2024-05-16 00:34:03 - [TEST_STEP][PASSED] - setText(findTestObject("Object Repository/RecAndPlayBk/Page-Vlink-CC-Credit/input_Password"), password): Text 'password' is set on object 'Object Repository/RecAndPlayBk/Page-Vlink-CC-Credit/input_Password'

2024-05-16 00:34:04 - [MESSAGE][PASSED] - Text 'password' is set on object 'Object Repository/RecAndPlayBk/Page-Vlink-CC-Credit/input_Password'

2024-05-16 00:34:04 - [TEST_STEP][PASSED] - setText(findTestObject("Object Repository/RecAndPlayBk/Page-Vlink-CC-Credit/input_Transaction ID"), tranxID): Text '123456' is set on object 'Object Repository/RecAndPlayBk/Page-Vlink-CC-Credit/input_Transaction ID'

2024-05-16 00:34:04 - [MESSAGE][PASSED] - Text '123456' is set on object 'Object Repository/RecAndPlayBk/Page-Vlink-CC-Credit/input_Transaction ID'

2024-05-16 00:34:04 - [TEST_STEP][PASSED] - setText(findTestObject("Object Repository/RecAndPlayBk/Page-Vlink-CC-Credit/input_Response Format"), resFormat): Text 'fixed_width' is set on object 'Object Repository/RecAndPlayBk/Page-Vlink-CC-Credit/input_Response Format'

2024-05-16 00:34:05 - [MESSAGE][PASSED] - Text 'fixed_width' is set on object 'Object Repository/RecAndPlayBk/Page-Vlink-CC-Credit/input_Response Format'

2024-05-16 00:34:05 - [TEST_STEP][PASSED] - setText(findTestObject("Object Repository/RecAndPlayBk/Page-Vlink-CC-Credit/input_Amount"), amount): Text '1.50' is set on object 'Object Repository/RecAndPlayBk/Page-Vlink-CC-Credit/input_Amount'

2024-05-16 00:34:06 - [MESSAGE][PASSED] - Text '1.50' is set on object 'Object Repository/RecAndPlayBk/Page-Vlink-CC-Credit/input_Amount'

2024-05-16 00:34:06 - [TEST_STEP][PASSED] - setText(findTestObject("Object Repository/RecAndPlayBk/Page-Vlink-CC-Credit/input_Card number"), ""): Text '' is set on object 'Object Repository/RecAndPlayBk/Page-Vlink-CC-Credit/input_Card number'

2024-05-16 00:34:06 - [MESSAGE][PASSED] - Text '' is set on object 'Object Repository/RecAndPlayBk/Page-Vlink-CC-Credit/input_Card number'

2024-05-16 00:34:06 - [TEST_STEP][PASSED] - setText(findTestObject("Object Repository/RecAndPlayBk/Page-Vlink-CC-Credit/input_Card ex month"), ""): Text '' is set on object 'Object Repository/RecAndPlayBk/Page-Vlink-CC-Credit/input_Card ex month'

2024-05-16 00:34:07 - [MESSAGE][PASSED] - Text '' is set on object 'Object Repository/RecAndPlayBk/Page-Vlink-CC-Credit/input_Card ex month'

2024-05-16 00:34:07 - [TEST_STEP][PASSED] - setText(findTestObject("Object Repository/RecAndPlayBk/Page-Vlink-CC-Credit/input_Card ex year"), ""): Text '' is set on object 'Object Repository/RecAndPlayBk/Page-Vlink-CC-Credit/input_Card ex year'

2024-05-16 00:34:08 - [MESSAGE][PASSED] - Text '' is set on object 'Object Repository/RecAndPlayBk/Page-Vlink-CC-Credit/input_Card ex year'

2024-05-16 00:34:08 - [TEST_STEP][PASSED] - setText(findTestObject("Object Repository/RecAndPlayBk/Page-Vlink-CC-Credit/input_Track Data"), ""): Text '' is set on object 'Object Repository/RecAndPlayBk/Page-Vlink-CC-Credit/input_Track Data'

2024-05-16 00:34:08 - [MESSAGE][PASSED] - Text '' is set on object 'Object Repository/RecAndPlayBk/Page-Vlink-CC-Credit/input_Track Data'

2024-05-16 00:34:08 - [TEST_STEP][PASSED] - click(findTestObject("Object Repository/RecAndPlayBk/Page-Vlink-CC-Credit/input")): Object: 'Object Repository/RecAndPlayBk/Page-Vlink-CC-Credit/input' is clicked on

2024-05-16 00:34:09 - [MESSAGE][PASSED] - Object: 'Object Repository/RecAndPlayBk/Page-Vlink-CC-Credit/input' is clicked on

2024-05-16 00:34:09 - [TEST_STEP][PASSED] - if (verifyTextPresent(errorMsg, true)): null

2024-05-16 00:34:09 - [MESSAGE][PASSED] - Text 'Missing parameter: transaction_type' is present on page  using regular expression

2024-05-16 00:34:09 - [TEST_STEP][PASSED] - println("Error Message is present on the Confirmation page"): null

2024-05-16 00:34:09 - [TEST_STEP][PASSED] - out.println("Pass Record Number: " + row): null

2024-05-16 00:34:09 - [TEST_STEP][PASSED] - resText = "Pass": null

2024-05-16 00:34:09 - [TEST_STEP][PASSED] - pages.WriteExcel.demoKey(resText, datText, resColumn, datCloumn, fileLoc, nameSheet, row): pages.WriteExcel.demoKey is PASSED

2024-05-16 00:34:09 - [MESSAGE][PASSED] - pages.WriteExcel.demoKey is PASSED

2024-05-16 00:34:09 - [TEST_STEP][PASSED] - ExecuteTC = findTestData(dataFile).getValue("Execute", row): null

2024-05-16 00:34:10 - [TEST_STEP][PASSED] - out.println("Value of Execute is : " + ExecuteTC): null

2024-05-16 00:34:10 - [TEST_STEP][PASSED] - if (ExecuteTC.equalsIgnoreCase("Y")): null

2024-05-16 00:34:10 - [TEST_STEP][PASSED] - out.println("Begin Record Number: " + row): null

2024-05-16 00:34:10 - [TEST_STEP][PASSED] - today = new java.util.Date(): null

2024-05-16 00:34:10 - [TEST_STEP][PASSED] - println(today): null

2024-05-16 00:34:10 - [TEST_STEP][PASSED] - datText = today: null

2024-05-16 00:34:10 - [TEST_STEP][PASSED] - errorMsg = findTestData(dataFile).getValue("ErrorMsg", row): null

2024-05-16 00:34:10 - [TEST_STEP][PASSED] - appID = findTestData(dataFile).getValue("AppID", row): null

2024-05-16 00:34:10 - [TEST_STEP][PASSED] - username = findTestData(dataFile).getValue("Username", row): null

2024-05-16 00:34:10 - [TEST_STEP][PASSED] - password = findTestData(dataFile).getValue("Password", row): null

2024-05-16 00:34:10 - [TEST_STEP][PASSED] - tranType = findTestData(dataFile).getValue("TranType", row): null

2024-05-16 00:34:10 - [TEST_STEP][PASSED] - mv = findTestData(dataFile).getValue("MV", row): null

2024-05-16 00:34:10 - [TEST_STEP][PASSED] - resFormat = findTestData(dataFile).getValue("ResFormat", row): null

2024-05-16 00:34:11 - [TEST_STEP][PASSED] - tranxID = findTestData(dataFile).getValue("TranxID", row): null

2024-05-16 00:34:11 - [TEST_STEP][PASSED] - amount = findTestData(dataFile).getValue("Amount", row): null

2024-05-16 00:34:11 - [TEST_STEP][PASSED] - openBrowser(VLinkURL + "CC_credit.html"): Browser is opened with url: 'https://dev-algorithm.govolution.com/vlinktest/QA2/version_2_0/CC_credit.html'

2024-05-16 00:34:11 - [MESSAGE][WARNING] - A browser is already opened. Closing browser and opening a new one

2024-05-16 00:34:12 - [MESSAGE][INFO] - Starting 'Chrome' driver

2024-05-16 00:34:12 - [MESSAGE][INFO] - User set preference: ['acceptInsecureCerts', 'true']

2024-05-16 00:34:12 - [MESSAGE][INFO] - Action delay is set to 0 milliseconds

2024-05-16 00:34:14 - [MESSAGE][PASSED] - Browser is opened with url: 'https://dev-algorithm.govolution.com/vlinktest/QA2/version_2_0/CC_credit.html'

2024-05-16 00:34:14 - [TEST_STEP][PASSED] - maximizeWindow(): Current window maximized

2024-05-16 00:34:15 - [MESSAGE][PASSED] - Current window maximized

2024-05-16 00:34:15 - [TEST_STEP][PASSED] - maximizeWindow(): Current window maximized

2024-05-16 00:34:15 - [MESSAGE][PASSED] - Current window maximized

2024-05-16 00:34:15 - [TEST_STEP][PASSED] - setText(findTestObject("Object Repository/RecAndPlayBk/Page-Vlink-CC-Credit/input_Transaction Type"), tranType): Text '102' is set on object 'Object Repository/RecAndPlayBk/Page-Vlink-CC-Credit/input_Transaction Type'

2024-05-16 00:34:15 - [MESSAGE][PASSED] - Text '102' is set on object 'Object Repository/RecAndPlayBk/Page-Vlink-CC-Credit/input_Transaction Type'

2024-05-16 00:34:15 - [TEST_STEP][PASSED] - setText(findTestObject("Object Repository/RecAndPlayBk/Page-Vlink-CC-Credit/input_Message Version"), mv): Text '' is set on object 'Object Repository/RecAndPlayBk/Page-Vlink-CC-Credit/input_Message Version'

2024-05-16 00:34:16 - [MESSAGE][PASSED] - Text '' is set on object 'Object Repository/RecAndPlayBk/Page-Vlink-CC-Credit/input_Message Version'

2024-05-16 00:34:16 - [TEST_STEP][PASSED] - genRemID = RandomStringUtils.random(12, true, true): null

2024-05-16 00:34:16 - [TEST_STEP][PASSED] - setText(findTestObject("Object Repository/RecAndPlayBk/Page-Vlink-CC-Credit/input_Remittance Id"), genRemID): Text 'isFf0ePhaTTn' is set on object 'Object Repository/RecAndPlayBk/Page-Vlink-CC-Credit/input_Remittance Id'

2024-05-16 00:34:17 - [MESSAGE][PASSED] - Text 'isFf0ePhaTTn' is set on object 'Object Repository/RecAndPlayBk/Page-Vlink-CC-Credit/input_Remittance Id'

2024-05-16 00:34:17 - [TEST_STEP][PASSED] - setText(findTestObject("Object Repository/RecAndPlayBk/Page-Vlink-CC-Credit/input_Application Id"), appID): Text '234' is set on object 'Object Repository/RecAndPlayBk/Page-Vlink-CC-Credit/input_Application Id'

2024-05-16 00:34:17 - [MESSAGE][PASSED] - Text '234' is set on object 'Object Repository/RecAndPlayBk/Page-Vlink-CC-Credit/input_Application Id'

2024-05-16 00:34:17 - [TEST_STEP][PASSED] - setText(findTestObject("Object Repository/RecAndPlayBk/Page-Vlink-CC-Credit/input_Username"), username): Text 'username' is set on object 'Object Repository/RecAndPlayBk/Page-Vlink-CC-Credit/input_Username'

2024-05-16 00:34:18 - [MESSAGE][PASSED] - Text 'username' is set on object 'Object Repository/RecAndPlayBk/Page-Vlink-CC-Credit/input_Username'

2024-05-16 00:34:18 - [TEST_STEP][PASSED] - setText(findTestObject("Object Repository/RecAndPlayBk/Page-Vlink-CC-Credit/input_Password"), password): Text 'password' is set on object 'Object Repository/RecAndPlayBk/Page-Vlink-CC-Credit/input_Password'

2024-05-16 00:34:18 - [MESSAGE][PASSED] - Text 'password' is set on object 'Object Repository/RecAndPlayBk/Page-Vlink-CC-Credit/input_Password'

2024-05-16 00:34:18 - [TEST_STEP][PASSED] - setText(findTestObject("Object Repository/RecAndPlayBk/Page-Vlink-CC-Credit/input_Transaction ID"), tranxID): Text '123456' is set on object 'Object Repository/RecAndPlayBk/Page-Vlink-CC-Credit/input_Transaction ID'

2024-05-16 00:34:19 - [MESSAGE][PASSED] - Text '123456' is set on object 'Object Repository/RecAndPlayBk/Page-Vlink-CC-Credit/input_Transaction ID'

2024-05-16 00:34:19 - [TEST_STEP][PASSED] - setText(findTestObject("Object Repository/RecAndPlayBk/Page-Vlink-CC-Credit/input_Response Format"), resFormat): Text 'fixed_width' is set on object 'Object Repository/RecAndPlayBk/Page-Vlink-CC-Credit/input_Response Format'

2024-05-16 00:34:20 - [MESSAGE][PASSED] - Text 'fixed_width' is set on object 'Object Repository/RecAndPlayBk/Page-Vlink-CC-Credit/input_Response Format'

2024-05-16 00:34:20 - [TEST_STEP][PASSED] - setText(findTestObject("Object Repository/RecAndPlayBk/Page-Vlink-CC-Credit/input_Amount"), amount): Text '1.50' is set on object 'Object Repository/RecAndPlayBk/Page-Vlink-CC-Credit/input_Amount'

2024-05-16 00:34:20 - [MESSAGE][PASSED] - Text '1.50' is set on object 'Object Repository/RecAndPlayBk/Page-Vlink-CC-Credit/input_Amount'

2024-05-16 00:34:20 - [TEST_STEP][PASSED] - setText(findTestObject("Object Repository/RecAndPlayBk/Page-Vlink-CC-Credit/input_Card number"), ""): Text '' is set on object 'Object Repository/RecAndPlayBk/Page-Vlink-CC-Credit/input_Card number'

2024-05-16 00:34:21 - [MESSAGE][PASSED] - Text '' is set on object 'Object Repository/RecAndPlayBk/Page-Vlink-CC-Credit/input_Card number'

2024-05-16 00:34:21 - [TEST_STEP][PASSED] - setText(findTestObject("Object Repository/RecAndPlayBk/Page-Vlink-CC-Credit/input_Card ex month"), ""): Text '' is set on object 'Object Repository/RecAndPlayBk/Page-Vlink-CC-Credit/input_Card ex month'

2024-05-16 00:34:22 - [MESSAGE][PASSED] - Text '' is set on object 'Object Repository/RecAndPlayBk/Page-Vlink-CC-Credit/input_Card ex month'

2024-05-16 00:34:22 - [TEST_STEP][PASSED] - setText(findTestObject("Object Repository/RecAndPlayBk/Page-Vlink-CC-Credit/input_Card ex year"), ""): Text '' is set on object 'Object Repository/RecAndPlayBk/Page-Vlink-CC-Credit/input_Card ex year'

2024-05-16 00:34:22 - [MESSAGE][PASSED] - Text '' is set on object 'Object Repository/RecAndPlayBk/Page-Vlink-CC-Credit/input_Card ex year'

2024-05-16 00:34:22 - [TEST_STEP][PASSED] - setText(findTestObject("Object Repository/RecAndPlayBk/Page-Vlink-CC-Credit/input_Track Data"), ""): Text '' is set on object 'Object Repository/RecAndPlayBk/Page-Vlink-CC-Credit/input_Track Data'

2024-05-16 00:34:23 - [MESSAGE][PASSED] - Text '' is set on object 'Object Repository/RecAndPlayBk/Page-Vlink-CC-Credit/input_Track Data'

2024-05-16 00:34:23 - [TEST_STEP][PASSED] - click(findTestObject("Object Repository/RecAndPlayBk/Page-Vlink-CC-Credit/input")): Object: 'Object Repository/RecAndPlayBk/Page-Vlink-CC-Credit/input' is clicked on

2024-05-16 00:34:23 - [MESSAGE][PASSED] - Object: 'Object Repository/RecAndPlayBk/Page-Vlink-CC-Credit/input' is clicked on

2024-05-16 00:34:23 - [TEST_STEP][PASSED] - if (verifyTextPresent(errorMsg, true)): null

2024-05-16 00:34:24 - [MESSAGE][PASSED] - Text 'Missing parameter: message_version' is present on page  using regular expression

2024-05-16 00:34:24 - [TEST_STEP][PASSED] - println("Error Message is present on the Confirmation page"): null

2024-05-16 00:34:24 - [TEST_STEP][PASSED] - out.println("Pass Record Number: " + row): null

2024-05-16 00:34:24 - [TEST_STEP][PASSED] - resText = "Pass": null

2024-05-16 00:34:24 - [TEST_STEP][PASSED] - pages.WriteExcel.demoKey(resText, datText, resColumn, datCloumn, fileLoc, nameSheet, row): pages.WriteExcel.demoKey is PASSED

2024-05-16 00:34:24 - [MESSAGE][PASSED] - pages.WriteExcel.demoKey is PASSED

2024-05-16 00:34:24 - [TEST_STEP][PASSED] - ExecuteTC = findTestData(dataFile).getValue("Execute", row): null

2024-05-16 00:34:24 - [TEST_STEP][PASSED] - out.println("Value of Execute is : " + ExecuteTC): null

2024-05-16 00:34:24 - [TEST_STEP][PASSED] - if (ExecuteTC.equalsIgnoreCase("Y")): null

2024-05-16 00:34:24 - [TEST_STEP][PASSED] - out.println("Begin Record Number: " + row): null

2024-05-16 00:34:24 - [TEST_STEP][PASSED] - today = new java.util.Date(): null

2024-05-16 00:34:24 - [TEST_STEP][PASSED] - println(today): null

2024-05-16 00:34:24 - [TEST_STEP][PASSED] - datText = today: null

2024-05-16 00:34:24 - [TEST_STEP][PASSED] - errorMsg = findTestData(dataFile).getValue("ErrorMsg", row): null

2024-05-16 00:34:24 - [TEST_STEP][PASSED] - appID = findTestData(dataFile).getValue("AppID", row): null

2024-05-16 00:34:24 - [TEST_STEP][PASSED] - username = findTestData(dataFile).getValue("Username", row): null

2024-05-16 00:34:25 - [TEST_STEP][PASSED] - password = findTestData(dataFile).getValue("Password", row): null

2024-05-16 00:34:25 - [TEST_STEP][PASSED] - tranType = findTestData(dataFile).getValue("TranType", row): null

2024-05-16 00:34:25 - [TEST_STEP][PASSED] - mv = findTestData(dataFile).getValue("MV", row): null

2024-05-16 00:34:25 - [TEST_STEP][PASSED] - resFormat = findTestData(dataFile).getValue("ResFormat", row): null

2024-05-16 00:34:25 - [TEST_STEP][PASSED] - tranxID = findTestData(dataFile).getValue("TranxID", row): null

2024-05-16 00:34:25 - [TEST_STEP][PASSED] - amount = findTestData(dataFile).getValue("Amount", row): null

2024-05-16 00:34:25 - [TEST_STEP][PASSED] - openBrowser(VLinkURL + "CC_credit.html"): Browser is opened with url: 'https://dev-algorithm.govolution.com/vlinktest/QA2/version_2_0/CC_credit.html'

2024-05-16 00:34:25 - [MESSAGE][WARNING] - A browser is already opened. Closing browser and opening a new one

2024-05-16 00:34:27 - [MESSAGE][INFO] - Starting 'Chrome' driver

2024-05-16 00:34:27 - [MESSAGE][INFO] - User set preference: ['acceptInsecureCerts', 'true']

2024-05-16 00:34:27 - [MESSAGE][INFO] - Action delay is set to 0 milliseconds

2024-05-16 00:34:29 - [MESSAGE][PASSED] - Browser is opened with url: 'https://dev-algorithm.govolution.com/vlinktest/QA2/version_2_0/CC_credit.html'

2024-05-16 00:34:29 - [TEST_STEP][PASSED] - maximizeWindow(): Current window maximized

2024-05-16 00:34:29 - [MESSAGE][PASSED] - Current window maximized

2024-05-16 00:34:29 - [TEST_STEP][PASSED] - maximizeWindow(): Current window maximized

2024-05-16 00:34:29 - [MESSAGE][PASSED] - Current window maximized

2024-05-16 00:34:29 - [TEST_STEP][PASSED] - setText(findTestObject("Object Repository/RecAndPlayBk/Page-Vlink-CC-Credit/input_Transaction Type"), tranType): Text '102' is set on object 'Object Repository/RecAndPlayBk/Page-Vlink-CC-Credit/input_Transaction Type'

2024-05-16 00:34:30 - [MESSAGE][PASSED] - Text '102' is set on object 'Object Repository/RecAndPlayBk/Page-Vlink-CC-Credit/input_Transaction Type'

2024-05-16 00:34:30 - [TEST_STEP][PASSED] - setText(findTestObject("Object Repository/RecAndPlayBk/Page-Vlink-CC-Credit/input_Message Version"), mv): Text '2.0C' is set on object 'Object Repository/RecAndPlayBk/Page-Vlink-CC-Credit/input_Message Version'

2024-05-16 00:34:30 - [MESSAGE][PASSED] - Text '2.0C' is set on object 'Object Repository/RecAndPlayBk/Page-Vlink-CC-Credit/input_Message Version'

2024-05-16 00:34:30 - [TEST_STEP][PASSED] - genRemID = RandomStringUtils.random(12, true, true): null

2024-05-16 00:34:30 - [TEST_STEP][PASSED] - setText(findTestObject("Object Repository/RecAndPlayBk/Page-Vlink-CC-Credit/input_Remittance Id"), genRemID): Text 'xvnkgwJmB3Jz' is set on object 'Object Repository/RecAndPlayBk/Page-Vlink-CC-Credit/input_Remittance Id'

2024-05-16 00:34:31 - [MESSAGE][PASSED] - Text 'xvnkgwJmB3Jz' is set on object 'Object Repository/RecAndPlayBk/Page-Vlink-CC-Credit/input_Remittance Id'

2024-05-16 00:34:31 - [TEST_STEP][PASSED] - setText(findTestObject("Object Repository/RecAndPlayBk/Page-Vlink-CC-Credit/input_Application Id"), appID): Text '' is set on object 'Object Repository/RecAndPlayBk/Page-Vlink-CC-Credit/input_Application Id'

2024-05-16 00:34:32 - [MESSAGE][PASSED] - Text '' is set on object 'Object Repository/RecAndPlayBk/Page-Vlink-CC-Credit/input_Application Id'

2024-05-16 00:34:32 - [TEST_STEP][PASSED] - setText(findTestObject("Object Repository/RecAndPlayBk/Page-Vlink-CC-Credit/input_Username"), username): Text 'username' is set on object 'Object Repository/RecAndPlayBk/Page-Vlink-CC-Credit/input_Username'

2024-05-16 00:34:32 - [MESSAGE][PASSED] - Text 'username' is set on object 'Object Repository/RecAndPlayBk/Page-Vlink-CC-Credit/input_Username'

2024-05-16 00:34:32 - [TEST_STEP][PASSED] - setText(findTestObject("Object Repository/RecAndPlayBk/Page-Vlink-CC-Credit/input_Password"), password): Text 'password' is set on object 'Object Repository/RecAndPlayBk/Page-Vlink-CC-Credit/input_Password'

2024-05-16 00:34:33 - [MESSAGE][PASSED] - Text 'password' is set on object 'Object Repository/RecAndPlayBk/Page-Vlink-CC-Credit/input_Password'

2024-05-16 00:34:33 - [TEST_STEP][PASSED] - setText(findTestObject("Object Repository/RecAndPlayBk/Page-Vlink-CC-Credit/input_Transaction ID"), tranxID): Text '123456' is set on object 'Object Repository/RecAndPlayBk/Page-Vlink-CC-Credit/input_Transaction ID'

2024-05-16 00:34:34 - [MESSAGE][PASSED] - Text '123456' is set on object 'Object Repository/RecAndPlayBk/Page-Vlink-CC-Credit/input_Transaction ID'

2024-05-16 00:34:34 - [TEST_STEP][PASSED] - setText(findTestObject("Object Repository/RecAndPlayBk/Page-Vlink-CC-Credit/input_Response Format"), resFormat): Text 'fixed_width' is set on object 'Object Repository/RecAndPlayBk/Page-Vlink-CC-Credit/input_Response Format'

2024-05-16 00:34:34 - [MESSAGE][PASSED] - Text 'fixed_width' is set on object 'Object Repository/RecAndPlayBk/Page-Vlink-CC-Credit/input_Response Format'

2024-05-16 00:34:34 - [TEST_STEP][PASSED] - setText(findTestObject("Object Repository/RecAndPlayBk/Page-Vlink-CC-Credit/input_Amount"), amount): Text '1.50' is set on object 'Object Repository/RecAndPlayBk/Page-Vlink-CC-Credit/input_Amount'

2024-05-16 00:34:35 - [MESSAGE][PASSED] - Text '1.50' is set on object 'Object Repository/RecAndPlayBk/Page-Vlink-CC-Credit/input_Amount'

2024-05-16 00:34:35 - [TEST_STEP][PASSED] - setText(findTestObject("Object Repository/RecAndPlayBk/Page-Vlink-CC-Credit/input_Card number"), ""): Text '' is set on object 'Object Repository/RecAndPlayBk/Page-Vlink-CC-Credit/input_Card number'

2024-05-16 00:34:36 - [MESSAGE][PASSED] - Text '' is set on object 'Object Repository/RecAndPlayBk/Page-Vlink-CC-Credit/input_Card number'

2024-05-16 00:34:36 - [TEST_STEP][PASSED] - setText(findTestObject("Object Repository/RecAndPlayBk/Page-Vlink-CC-Credit/input_Card ex month"), ""): Text '' is set on object 'Object Repository/RecAndPlayBk/Page-Vlink-CC-Credit/input_Card ex month'

2024-05-16 00:34:36 - [MESSAGE][PASSED] - Text '' is set on object 'Object Repository/RecAndPlayBk/Page-Vlink-CC-Credit/input_Card ex month'

2024-05-16 00:34:36 - [TEST_STEP][PASSED] - setText(findTestObject("Object Repository/RecAndPlayBk/Page-Vlink-CC-Credit/input_Card ex year"), ""): Text '' is set on object 'Object Repository/RecAndPlayBk/Page-Vlink-CC-Credit/input_Card ex year'

2024-05-16 00:34:37 - [MESSAGE][PASSED] - Text '' is set on object 'Object Repository/RecAndPlayBk/Page-Vlink-CC-Credit/input_Card ex year'

2024-05-16 00:34:37 - [TEST_STEP][PASSED] - setText(findTestObject("Object Repository/RecAndPlayBk/Page-Vlink-CC-Credit/input_Track Data"), ""): Text '' is set on object 'Object Repository/RecAndPlayBk/Page-Vlink-CC-Credit/input_Track Data'

2024-05-16 00:34:37 - [MESSAGE][PASSED] - Text '' is set on object 'Object Repository/RecAndPlayBk/Page-Vlink-CC-Credit/input_Track Data'

2024-05-16 00:34:37 - [TEST_STEP][PASSED] - click(findTestObject("Object Repository/RecAndPlayBk/Page-Vlink-CC-Credit/input")): Object: 'Object Repository/RecAndPlayBk/Page-Vlink-CC-Credit/input' is clicked on

2024-05-16 00:34:38 - [MESSAGE][PASSED] - Object: 'Object Repository/RecAndPlayBk/Page-Vlink-CC-Credit/input' is clicked on

2024-05-16 00:34:38 - [TEST_STEP][PASSED] - if (verifyTextPresent(errorMsg, true)): null

2024-05-16 00:34:38 - [MESSAGE][PASSED] - Text 'Missing parameter: application_id' is present on page  using regular expression

2024-05-16 00:34:38 - [TEST_STEP][PASSED] - println("Error Message is present on the Confirmation page"): null

2024-05-16 00:34:38 - [TEST_STEP][PASSED] - out.println("Pass Record Number: " + row): null

2024-05-16 00:34:38 - [TEST_STEP][PASSED] - resText = "Pass": null

2024-05-16 00:34:38 - [TEST_STEP][PASSED] - pages.WriteExcel.demoKey(resText, datText, resColumn, datCloumn, fileLoc, nameSheet, row): pages.WriteExcel.demoKey is PASSED

2024-05-16 00:34:39 - [MESSAGE][PASSED] - pages.WriteExcel.demoKey is PASSED

2024-05-16 00:34:39 - [TEST_STEP][PASSED] - ExecuteTC = findTestData(dataFile).getValue("Execute", row): null

2024-05-16 00:34:39 - [TEST_STEP][PASSED] - out.println("Value of Execute is : " + ExecuteTC): null

2024-05-16 00:34:39 - [TEST_STEP][PASSED] - if (ExecuteTC.equalsIgnoreCase("Y")): null

2024-05-16 00:34:39 - [TEST_STEP][PASSED] - out.println("Begin Record Number: " + row): null

2024-05-16 00:34:39 - [TEST_STEP][PASSED] - today = new java.util.Date(): null

2024-05-16 00:34:39 - [TEST_STEP][PASSED] - println(today): null

2024-05-16 00:34:39 - [TEST_STEP][PASSED] - datText = today: null

2024-05-16 00:34:39 - [TEST_STEP][PASSED] - errorMsg = findTestData(dataFile).getValue("ErrorMsg", row): null

2024-05-16 00:34:39 - [TEST_STEP][PASSED] - appID = findTestData(dataFile).getValue("AppID", row): null

2024-05-16 00:34:39 - [TEST_STEP][PASSED] - username = findTestData(dataFile).getValue("Username", row): null

2024-05-16 00:34:39 - [TEST_STEP][PASSED] - password = findTestData(dataFile).getValue("Password", row): null

2024-05-16 00:34:39 - [TEST_STEP][PASSED] - tranType = findTestData(dataFile).getValue("TranType", row): null

2024-05-16 00:34:39 - [TEST_STEP][PASSED] - mv = findTestData(dataFile).getValue("MV", row): null

2024-05-16 00:34:40 - [TEST_STEP][PASSED] - resFormat = findTestData(dataFile).getValue("ResFormat", row): null

2024-05-16 00:34:40 - [TEST_STEP][PASSED] - tranxID = findTestData(dataFile).getValue("TranxID", row): null

2024-05-16 00:34:40 - [TEST_STEP][PASSED] - amount = findTestData(dataFile).getValue("Amount", row): null

2024-05-16 00:34:40 - [TEST_STEP][PASSED] - openBrowser(VLinkURL + "CC_credit.html"): Browser is opened with url: 'https://dev-algorithm.govolution.com/vlinktest/QA2/version_2_0/CC_credit.html'

2024-05-16 00:34:40 - [MESSAGE][WARNING] - A browser is already opened. Closing browser and opening a new one

2024-05-16 00:34:41 - [MESSAGE][INFO] - Starting 'Chrome' driver

2024-05-16 00:34:41 - [MESSAGE][INFO] - User set preference: ['acceptInsecureCerts', 'true']

2024-05-16 00:34:41 - [MESSAGE][INFO] - Action delay is set to 0 milliseconds

2024-05-16 00:34:43 - [MESSAGE][PASSED] - Browser is opened with url: 'https://dev-algorithm.govolution.com/vlinktest/QA2/version_2_0/CC_credit.html'

2024-05-16 00:34:43 - [TEST_STEP][PASSED] - maximizeWindow(): Current window maximized

2024-05-16 00:34:44 - [MESSAGE][PASSED] - Current window maximized

2024-05-16 00:34:44 - [TEST_STEP][PASSED] - maximizeWindow(): Current window maximized

2024-05-16 00:34:44 - [MESSAGE][PASSED] - Current window maximized

2024-05-16 00:34:44 - [TEST_STEP][PASSED] - setText(findTestObject("Object Repository/RecAndPlayBk/Page-Vlink-CC-Credit/input_Transaction Type"), tranType): Text '102' is set on object 'Object Repository/RecAndPlayBk/Page-Vlink-CC-Credit/input_Transaction Type'

2024-05-16 00:34:45 - [MESSAGE][PASSED] - Text '102' is set on object 'Object Repository/RecAndPlayBk/Page-Vlink-CC-Credit/input_Transaction Type'

2024-05-16 00:34:45 - [TEST_STEP][PASSED] - setText(findTestObject("Object Repository/RecAndPlayBk/Page-Vlink-CC-Credit/input_Message Version"), mv): Text '2.0C' is set on object 'Object Repository/RecAndPlayBk/Page-Vlink-CC-Credit/input_Message Version'

2024-05-16 00:34:45 - [MESSAGE][PASSED] - Text '2.0C' is set on object 'Object Repository/RecAndPlayBk/Page-Vlink-CC-Credit/input_Message Version'

2024-05-16 00:34:45 - [TEST_STEP][PASSED] - genRemID = RandomStringUtils.random(12, true, true): null

2024-05-16 00:34:45 - [TEST_STEP][PASSED] - setText(findTestObject("Object Repository/RecAndPlayBk/Page-Vlink-CC-Credit/input_Remittance Id"), genRemID): Text 'MGqm0GvqkCYv' is set on object 'Object Repository/RecAndPlayBk/Page-Vlink-CC-Credit/input_Remittance Id'

2024-05-16 00:34:46 - [MESSAGE][PASSED] - Text 'MGqm0GvqkCYv' is set on object 'Object Repository/RecAndPlayBk/Page-Vlink-CC-Credit/input_Remittance Id'

2024-05-16 00:34:46 - [TEST_STEP][PASSED] - setText(findTestObject("Object Repository/RecAndPlayBk/Page-Vlink-CC-Credit/input_Application Id"), appID): Text '234' is set on object 'Object Repository/RecAndPlayBk/Page-Vlink-CC-Credit/input_Application Id'

2024-05-16 00:34:47 - [MESSAGE][PASSED] - Text '234' is set on object 'Object Repository/RecAndPlayBk/Page-Vlink-CC-Credit/input_Application Id'

2024-05-16 00:34:47 - [TEST_STEP][PASSED] - setText(findTestObject("Object Repository/RecAndPlayBk/Page-Vlink-CC-Credit/input_Username"), username): Text 'username' is set on object 'Object Repository/RecAndPlayBk/Page-Vlink-CC-Credit/input_Username'

2024-05-16 00:34:47 - [MESSAGE][PASSED] - Text 'username' is set on object 'Object Repository/RecAndPlayBk/Page-Vlink-CC-Credit/input_Username'

2024-05-16 00:34:47 - [TEST_STEP][PASSED] - setText(findTestObject("Object Repository/RecAndPlayBk/Page-Vlink-CC-Credit/input_Password"), password): Text 'password' is set on object 'Object Repository/RecAndPlayBk/Page-Vlink-CC-Credit/input_Password'

2024-05-16 00:34:48 - [MESSAGE][PASSED] - Text 'password' is set on object 'Object Repository/RecAndPlayBk/Page-Vlink-CC-Credit/input_Password'

2024-05-16 00:34:48 - [TEST_STEP][PASSED] - setText(findTestObject("Object Repository/RecAndPlayBk/Page-Vlink-CC-Credit/input_Transaction ID"), tranxID): Text '123456' is set on object 'Object Repository/RecAndPlayBk/Page-Vlink-CC-Credit/input_Transaction ID'

2024-05-16 00:34:48 - [MESSAGE][PASSED] - Text '123456' is set on object 'Object Repository/RecAndPlayBk/Page-Vlink-CC-Credit/input_Transaction ID'

2024-05-16 00:34:48 - [TEST_STEP][PASSED] - setText(findTestObject("Object Repository/RecAndPlayBk/Page-Vlink-CC-Credit/input_Response Format"), resFormat): Text '' is set on object 'Object Repository/RecAndPlayBk/Page-Vlink-CC-Credit/input_Response Format'

2024-05-16 00:34:49 - [MESSAGE][PASSED] - Text '' is set on object 'Object Repository/RecAndPlayBk/Page-Vlink-CC-Credit/input_Response Format'

2024-05-16 00:34:49 - [TEST_STEP][PASSED] - setText(findTestObject("Object Repository/RecAndPlayBk/Page-Vlink-CC-Credit/input_Amount"), amount): Text '1.50' is set on object 'Object Repository/RecAndPlayBk/Page-Vlink-CC-Credit/input_Amount'

2024-05-16 00:34:50 - [MESSAGE][PASSED] - Text '1.50' is set on object 'Object Repository/RecAndPlayBk/Page-Vlink-CC-Credit/input_Amount'

2024-05-16 00:34:50 - [TEST_STEP][PASSED] - setText(findTestObject("Object Repository/RecAndPlayBk/Page-Vlink-CC-Credit/input_Card number"), ""): Text '' is set on object 'Object Repository/RecAndPlayBk/Page-Vlink-CC-Credit/input_Card number'

2024-05-16 00:34:50 - [MESSAGE][PASSED] - Text '' is set on object 'Object Repository/RecAndPlayBk/Page-Vlink-CC-Credit/input_Card number'

2024-05-16 00:34:50 - [TEST_STEP][PASSED] - setText(findTestObject("Object Repository/RecAndPlayBk/Page-Vlink-CC-Credit/input_Card ex month"), ""): Text '' is set on object 'Object Repository/RecAndPlayBk/Page-Vlink-CC-Credit/input_Card ex month'

2024-05-16 00:34:51 - [MESSAGE][PASSED] - Text '' is set on object 'Object Repository/RecAndPlayBk/Page-Vlink-CC-Credit/input_Card ex month'

2024-05-16 00:34:51 - [TEST_STEP][PASSED] - setText(findTestObject("Object Repository/RecAndPlayBk/Page-Vlink-CC-Credit/input_Card ex year"), ""): Text '' is set on object 'Object Repository/RecAndPlayBk/Page-Vlink-CC-Credit/input_Card ex year'

2024-05-16 00:34:52 - [MESSAGE][PASSED] - Text '' is set on object 'Object Repository/RecAndPlayBk/Page-Vlink-CC-Credit/input_Card ex year'

2024-05-16 00:34:52 - [TEST_STEP][PASSED] - setText(findTestObject("Object Repository/RecAndPlayBk/Page-Vlink-CC-Credit/input_Track Data"), ""): Text '' is set on object 'Object Repository/RecAndPlayBk/Page-Vlink-CC-Credit/input_Track Data'

2024-05-16 00:34:52 - [MESSAGE][PASSED] - Text '' is set on object 'Object Repository/RecAndPlayBk/Page-Vlink-CC-Credit/input_Track Data'

2024-05-16 00:34:52 - [TEST_STEP][PASSED] - click(findTestObject("Object Repository/RecAndPlayBk/Page-Vlink-CC-Credit/input")): Object: 'Object Repository/RecAndPlayBk/Page-Vlink-CC-Credit/input' is clicked on

2024-05-16 00:34:53 - [MESSAGE][PASSED] - Object: 'Object Repository/RecAndPlayBk/Page-Vlink-CC-Credit/input' is clicked on

2024-05-16 00:34:53 - [TEST_STEP][PASSED] - if (verifyTextPresent(errorMsg, true)): null

2024-05-16 00:34:53 - [MESSAGE][PASSED] - Text 'response_format' is present on page  using regular expression

2024-05-16 00:34:53 - [TEST_STEP][PASSED] - println("Error Message is present on the Confirmation page"): null

2024-05-16 00:34:53 - [TEST_STEP][PASSED] - out.println("Pass Record Number: " + row): null

2024-05-16 00:34:53 - [TEST_STEP][PASSED] - resText = "Pass": null

2024-05-16 00:34:53 - [TEST_STEP][PASSED] - pages.WriteExcel.demoKey(resText, datText, resColumn, datCloumn, fileLoc, nameSheet, row): pages.WriteExcel.demoKey is PASSED

2024-05-16 00:34:53 - [MESSAGE][PASSED] - pages.WriteExcel.demoKey is PASSED

2024-05-16 00:34:53 - [TEST_STEP][PASSED] - ExecuteTC = findTestData(dataFile).getValue("Execute", row): null

2024-05-16 00:34:54 - [TEST_STEP][PASSED] - out.println("Value of Execute is : " + ExecuteTC): null

2024-05-16 00:34:54 - [TEST_STEP][PASSED] - if (ExecuteTC.equalsIgnoreCase("Y")): null

2024-05-16 00:34:54 - [TEST_STEP][PASSED] - out.println("Begin Record Number: " + row): null

2024-05-16 00:34:54 - [TEST_STEP][PASSED] - today = new java.util.Date(): null

2024-05-16 00:34:54 - [TEST_STEP][PASSED] - println(today): null

2024-05-16 00:34:54 - [TEST_STEP][PASSED] - datText = today: null

2024-05-16 00:34:54 - [TEST_STEP][PASSED] - errorMsg = findTestData(dataFile).getValue("ErrorMsg", row): null

2024-05-16 00:34:54 - [TEST_STEP][PASSED] - appID = findTestData(dataFile).getValue("AppID", row): null

2024-05-16 00:34:54 - [TEST_STEP][PASSED] - username = findTestData(dataFile).getValue("Username", row): null

2024-05-16 00:34:54 - [TEST_STEP][PASSED] - password = findTestData(dataFile).getValue("Password", row): null

2024-05-16 00:34:54 - [TEST_STEP][PASSED] - tranType = findTestData(dataFile).getValue("TranType", row): null

2024-05-16 00:34:54 - [TEST_STEP][PASSED] - mv = findTestData(dataFile).getValue("MV", row): null

2024-05-16 00:34:54 - [TEST_STEP][PASSED] - resFormat = findTestData(dataFile).getValue("ResFormat", row): null

2024-05-16 00:34:55 - [TEST_STEP][PASSED] - tranxID = findTestData(dataFile).getValue("TranxID", row): null

2024-05-16 00:34:55 - [TEST_STEP][PASSED] - amount = findTestData(dataFile).getValue("Amount", row): null

2024-05-16 00:34:55 - [TEST_STEP][PASSED] - openBrowser(VLinkURL + "CC_credit.html"): Browser is opened with url: 'https://dev-algorithm.govolution.com/vlinktest/QA2/version_2_0/CC_credit.html'

2024-05-16 00:34:55 - [MESSAGE][WARNING] - A browser is already opened. Closing browser and opening a new one

2024-05-16 00:34:56 - [MESSAGE][INFO] - Starting 'Chrome' driver

2024-05-16 00:34:56 - [MESSAGE][INFO] - User set preference: ['acceptInsecureCerts', 'true']

2024-05-16 00:34:56 - [MESSAGE][INFO] - Action delay is set to 0 milliseconds

2024-05-16 00:34:58 - [MESSAGE][PASSED] - Browser is opened with url: 'https://dev-algorithm.govolution.com/vlinktest/QA2/version_2_0/CC_credit.html'

2024-05-16 00:34:58 - [TEST_STEP][PASSED] - maximizeWindow(): Current window maximized

2024-05-16 00:34:59 - [MESSAGE][PASSED] - Current window maximized

2024-05-16 00:34:59 - [TEST_STEP][PASSED] - maximizeWindow(): Current window maximized

2024-05-16 00:34:59 - [MESSAGE][PASSED] - Current window maximized

2024-05-16 00:34:59 - [TEST_STEP][PASSED] - setText(findTestObject("Object Repository/RecAndPlayBk/Page-Vlink-CC-Credit/input_Transaction Type"), tranType): Text '102' is set on object 'Object Repository/RecAndPlayBk/Page-Vlink-CC-Credit/input_Transaction Type'

2024-05-16 00:34:59 - [MESSAGE][PASSED] - Text '102' is set on object 'Object Repository/RecAndPlayBk/Page-Vlink-CC-Credit/input_Transaction Type'

2024-05-16 00:34:59 - [TEST_STEP][PASSED] - setText(findTestObject("Object Repository/RecAndPlayBk/Page-Vlink-CC-Credit/input_Message Version"), mv): Text '2.0C' is set on object 'Object Repository/RecAndPlayBk/Page-Vlink-CC-Credit/input_Message Version'

2024-05-16 00:35:00 - [MESSAGE][PASSED] - Text '2.0C' is set on object 'Object Repository/RecAndPlayBk/Page-Vlink-CC-Credit/input_Message Version'

2024-05-16 00:35:00 - [TEST_STEP][PASSED] - genRemID = RandomStringUtils.random(12, true, true): null

2024-05-16 00:35:00 - [TEST_STEP][PASSED] - setText(findTestObject("Object Repository/RecAndPlayBk/Page-Vlink-CC-Credit/input_Remittance Id"), genRemID): Text 'JP0IssKSrMyy' is set on object 'Object Repository/RecAndPlayBk/Page-Vlink-CC-Credit/input_Remittance Id'

2024-05-16 00:35:01 - [MESSAGE][PASSED] - Text 'JP0IssKSrMyy' is set on object 'Object Repository/RecAndPlayBk/Page-Vlink-CC-Credit/input_Remittance Id'

2024-05-16 00:35:01 - [TEST_STEP][PASSED] - setText(findTestObject("Object Repository/RecAndPlayBk/Page-Vlink-CC-Credit/input_Application Id"), appID): Text '234' is set on object 'Object Repository/RecAndPlayBk/Page-Vlink-CC-Credit/input_Application Id'

2024-05-16 00:35:01 - [MESSAGE][PASSED] - Text '234' is set on object 'Object Repository/RecAndPlayBk/Page-Vlink-CC-Credit/input_Application Id'

2024-05-16 00:35:01 - [TEST_STEP][PASSED] - setText(findTestObject("Object Repository/RecAndPlayBk/Page-Vlink-CC-Credit/input_Username"), username): Text 'username' is set on object 'Object Repository/RecAndPlayBk/Page-Vlink-CC-Credit/input_Username'

2024-05-16 00:35:02 - [MESSAGE][PASSED] - Text 'username' is set on object 'Object Repository/RecAndPlayBk/Page-Vlink-CC-Credit/input_Username'

2024-05-16 00:35:02 - [TEST_STEP][PASSED] - setText(findTestObject("Object Repository/RecAndPlayBk/Page-Vlink-CC-Credit/input_Password"), password): Text 'password' is set on object 'Object Repository/RecAndPlayBk/Page-Vlink-CC-Credit/input_Password'

2024-05-16 00:35:03 - [MESSAGE][PASSED] - Text 'password' is set on object 'Object Repository/RecAndPlayBk/Page-Vlink-CC-Credit/input_Password'

2024-05-16 00:35:03 - [TEST_STEP][PASSED] - setText(findTestObject("Object Repository/RecAndPlayBk/Page-Vlink-CC-Credit/input_Transaction ID"), tranxID): Text '123456' is set on object 'Object Repository/RecAndPlayBk/Page-Vlink-CC-Credit/input_Transaction ID'

2024-05-16 00:35:03 - [MESSAGE][PASSED] - Text '123456' is set on object 'Object Repository/RecAndPlayBk/Page-Vlink-CC-Credit/input_Transaction ID'

2024-05-16 00:35:03 - [TEST_STEP][PASSED] - setText(findTestObject("Object Repository/RecAndPlayBk/Page-Vlink-CC-Credit/input_Response Format"), resFormat): Text 'fixed_width' is set on object 'Object Repository/RecAndPlayBk/Page-Vlink-CC-Credit/input_Response Format'

2024-05-16 00:35:04 - [MESSAGE][PASSED] - Text 'fixed_width' is set on object 'Object Repository/RecAndPlayBk/Page-Vlink-CC-Credit/input_Response Format'

2024-05-16 00:35:04 - [TEST_STEP][PASSED] - setText(findTestObject("Object Repository/RecAndPlayBk/Page-Vlink-CC-Credit/input_Amount"), amount): Text '' is set on object 'Object Repository/RecAndPlayBk/Page-Vlink-CC-Credit/input_Amount'

2024-05-16 00:35:05 - [MESSAGE][PASSED] - Text '' is set on object 'Object Repository/RecAndPlayBk/Page-Vlink-CC-Credit/input_Amount'

2024-05-16 00:35:05 - [TEST_STEP][PASSED] - setText(findTestObject("Object Repository/RecAndPlayBk/Page-Vlink-CC-Credit/input_Card number"), ""): Text '' is set on object 'Object Repository/RecAndPlayBk/Page-Vlink-CC-Credit/input_Card number'

2024-05-16 00:35:05 - [MESSAGE][PASSED] - Text '' is set on object 'Object Repository/RecAndPlayBk/Page-Vlink-CC-Credit/input_Card number'

2024-05-16 00:35:05 - [TEST_STEP][PASSED] - setText(findTestObject("Object Repository/RecAndPlayBk/Page-Vlink-CC-Credit/input_Card ex month"), ""): Text '' is set on object 'Object Repository/RecAndPlayBk/Page-Vlink-CC-Credit/input_Card ex month'

2024-05-16 00:35:06 - [MESSAGE][PASSED] - Text '' is set on object 'Object Repository/RecAndPlayBk/Page-Vlink-CC-Credit/input_Card ex month'

2024-05-16 00:35:06 - [TEST_STEP][PASSED] - setText(findTestObject("Object Repository/RecAndPlayBk/Page-Vlink-CC-Credit/input_Card ex year"), ""): Text '' is set on object 'Object Repository/RecAndPlayBk/Page-Vlink-CC-Credit/input_Card ex year'

2024-05-16 00:35:06 - [MESSAGE][PASSED] - Text '' is set on object 'Object Repository/RecAndPlayBk/Page-Vlink-CC-Credit/input_Card ex year'

2024-05-16 00:35:06 - [TEST_STEP][PASSED] - setText(findTestObject("Object Repository/RecAndPlayBk/Page-Vlink-CC-Credit/input_Track Data"), ""): Text '' is set on object 'Object Repository/RecAndPlayBk/Page-Vlink-CC-Credit/input_Track Data'

2024-05-16 00:35:07 - [MESSAGE][PASSED] - Text '' is set on object 'Object Repository/RecAndPlayBk/Page-Vlink-CC-Credit/input_Track Data'

2024-05-16 00:35:07 - [TEST_STEP][PASSED] - click(findTestObject("Object Repository/RecAndPlayBk/Page-Vlink-CC-Credit/input")): Object: 'Object Repository/RecAndPlayBk/Page-Vlink-CC-Credit/input' is clicked on

2024-05-16 00:35:08 - [MESSAGE][PASSED] - Object: 'Object Repository/RecAndPlayBk/Page-Vlink-CC-Credit/input' is clicked on

2024-05-16 00:35:08 - [TEST_STEP][PASSED] - if (verifyTextPresent(errorMsg, true)): null

2024-05-16 00:35:08 - [MESSAGE][PASSED] - Text 'amount' is present on page  using regular expression

2024-05-16 00:35:08 - [TEST_STEP][PASSED] - println("Error Message is present on the Confirmation page"): null

2024-05-16 00:35:08 - [TEST_STEP][PASSED] - out.println("Pass Record Number: " + row): null

2024-05-16 00:35:08 - [TEST_STEP][PASSED] - resText = "Pass": null

2024-05-16 00:35:08 - [TEST_STEP][PASSED] - pages.WriteExcel.demoKey(resText, datText, resColumn, datCloumn, fileLoc, nameSheet, row): pages.WriteExcel.demoKey is PASSED

2024-05-16 00:35:08 - [MESSAGE][PASSED] - pages.WriteExcel.demoKey is PASSED

2024-05-16 00:35:08 - [TEST_STEP][PASSED] - ExecuteTC = findTestData(dataFile).getValue("Execute", row): null

2024-05-16 00:35:08 - [TEST_STEP][PASSED] - out.println("Value of Execute is : " + ExecuteTC): null

2024-05-16 00:35:08 - [TEST_STEP][PASSED] - if (ExecuteTC.equalsIgnoreCase("Y")): null

2024-05-16 00:35:08 - [TEST_STEP][PASSED] - out.println("Begin Record Number: " + row): null

2024-05-16 00:35:08 - [TEST_STEP][PASSED] - today = new java.util.Date(): null

2024-05-16 00:35:08 - [TEST_STEP][PASSED] - println(today): null

2024-05-16 00:35:08 - [TEST_STEP][PASSED] - datText = today: null

2024-05-16 00:35:08 - [TEST_STEP][PASSED] - errorMsg = findTestData(dataFile).getValue("ErrorMsg", row): null

2024-05-16 00:35:09 - [TEST_STEP][PASSED] - appID = findTestData(dataFile).getValue("AppID", row): null

2024-05-16 00:35:09 - [TEST_STEP][PASSED] - username = findTestData(dataFile).getValue("Username", row): null

2024-05-16 00:35:09 - [TEST_STEP][PASSED] - password = findTestData(dataFile).getValue("Password", row): null

2024-05-16 00:35:09 - [TEST_STEP][PASSED] - tranType = findTestData(dataFile).getValue("TranType", row): null

2024-05-16 00:35:09 - [TEST_STEP][PASSED] - mv = findTestData(dataFile).getValue("MV", row): null

2024-05-16 00:35:09 - [TEST_STEP][PASSED] - resFormat = findTestData(dataFile).getValue("ResFormat", row): null

2024-05-16 00:35:09 - [TEST_STEP][PASSED] - tranxID = findTestData(dataFile).getValue("TranxID", row): null

2024-05-16 00:35:09 - [TEST_STEP][PASSED] - amount = findTestData(dataFile).getValue("Amount", row): null

2024-05-16 00:35:10 - [TEST_STEP][PASSED] - openBrowser(VLinkURL + "CC_credit.html"): Browser is opened with url: 'https://dev-algorithm.govolution.com/vlinktest/QA2/version_2_0/CC_credit.html'

2024-05-16 00:35:10 - [MESSAGE][WARNING] - A browser is already opened. Closing browser and opening a new one

2024-05-16 00:35:11 - [MESSAGE][INFO] - Starting 'Chrome' driver

2024-05-16 00:35:11 - [MESSAGE][INFO] - User set preference: ['acceptInsecureCerts', 'true']

2024-05-16 00:35:11 - [MESSAGE][INFO] - Action delay is set to 0 milliseconds

2024-05-16 00:35:13 - [MESSAGE][PASSED] - Browser is opened with url: 'https://dev-algorithm.govolution.com/vlinktest/QA2/version_2_0/CC_credit.html'

2024-05-16 00:35:13 - [TEST_STEP][PASSED] - maximizeWindow(): Current window maximized

2024-05-16 00:35:13 - [MESSAGE][PASSED] - Current window maximized

2024-05-16 00:35:13 - [TEST_STEP][PASSED] - maximizeWindow(): Current window maximized

2024-05-16 00:35:13 - [MESSAGE][PASSED] - Current window maximized

2024-05-16 00:35:13 - [TEST_STEP][PASSED] - setText(findTestObject("Object Repository/RecAndPlayBk/Page-Vlink-CC-Credit/input_Transaction Type"), tranType): Text '102' is set on object 'Object Repository/RecAndPlayBk/Page-Vlink-CC-Credit/input_Transaction Type'

2024-05-16 00:35:14 - [MESSAGE][PASSED] - Text '102' is set on object 'Object Repository/RecAndPlayBk/Page-Vlink-CC-Credit/input_Transaction Type'

2024-05-16 00:35:14 - [TEST_STEP][PASSED] - setText(findTestObject("Object Repository/RecAndPlayBk/Page-Vlink-CC-Credit/input_Message Version"), mv): Text '2.0C' is set on object 'Object Repository/RecAndPlayBk/Page-Vlink-CC-Credit/input_Message Version'

2024-05-16 00:35:15 - [MESSAGE][PASSED] - Text '2.0C' is set on object 'Object Repository/RecAndPlayBk/Page-Vlink-CC-Credit/input_Message Version'

2024-05-16 00:35:15 - [TEST_STEP][PASSED] - genRemID = RandomStringUtils.random(12, true, true): null

2024-05-16 00:35:15 - [TEST_STEP][PASSED] - setText(findTestObject("Object Repository/RecAndPlayBk/Page-Vlink-CC-Credit/input_Remittance Id"), genRemID): Text 'Ep1CMTI0uIfg' is set on object 'Object Repository/RecAndPlayBk/Page-Vlink-CC-Credit/input_Remittance Id'

2024-05-16 00:35:15 - [MESSAGE][PASSED] - Text 'Ep1CMTI0uIfg' is set on object 'Object Repository/RecAndPlayBk/Page-Vlink-CC-Credit/input_Remittance Id'

2024-05-16 00:35:15 - [TEST_STEP][PASSED] - setText(findTestObject("Object Repository/RecAndPlayBk/Page-Vlink-CC-Credit/input_Application Id"), appID): Text '234' is set on object 'Object Repository/RecAndPlayBk/Page-Vlink-CC-Credit/input_Application Id'

2024-05-16 00:35:16 - [MESSAGE][PASSED] - Text '234' is set on object 'Object Repository/RecAndPlayBk/Page-Vlink-CC-Credit/input_Application Id'

2024-05-16 00:35:16 - [TEST_STEP][PASSED] - setText(findTestObject("Object Repository/RecAndPlayBk/Page-Vlink-CC-Credit/input_Username"), username): Text 'username' is set on object 'Object Repository/RecAndPlayBk/Page-Vlink-CC-Credit/input_Username'

2024-05-16 00:35:17 - [MESSAGE][PASSED] - Text 'username' is set on object 'Object Repository/RecAndPlayBk/Page-Vlink-CC-Credit/input_Username'

2024-05-16 00:35:17 - [TEST_STEP][PASSED] - setText(findTestObject("Object Repository/RecAndPlayBk/Page-Vlink-CC-Credit/input_Password"), password): Text 'password' is set on object 'Object Repository/RecAndPlayBk/Page-Vlink-CC-Credit/input_Password'

2024-05-16 00:35:17 - [MESSAGE][PASSED] - Text 'password' is set on object 'Object Repository/RecAndPlayBk/Page-Vlink-CC-Credit/input_Password'

2024-05-16 00:35:17 - [TEST_STEP][PASSED] - setText(findTestObject("Object Repository/RecAndPlayBk/Page-Vlink-CC-Credit/input_Transaction ID"), tranxID): Text '' is set on object 'Object Repository/RecAndPlayBk/Page-Vlink-CC-Credit/input_Transaction ID'

2024-05-16 00:35:18 - [MESSAGE][PASSED] - Text '' is set on object 'Object Repository/RecAndPlayBk/Page-Vlink-CC-Credit/input_Transaction ID'

2024-05-16 00:35:18 - [TEST_STEP][PASSED] - setText(findTestObject("Object Repository/RecAndPlayBk/Page-Vlink-CC-Credit/input_Response Format"), resFormat): Text 'fixed_width' is set on object 'Object Repository/RecAndPlayBk/Page-Vlink-CC-Credit/input_Response Format'

2024-05-16 00:35:18 - [MESSAGE][PASSED] - Text 'fixed_width' is set on object 'Object Repository/RecAndPlayBk/Page-Vlink-CC-Credit/input_Response Format'

2024-05-16 00:35:18 - [TEST_STEP][PASSED] - setText(findTestObject("Object Repository/RecAndPlayBk/Page-Vlink-CC-Credit/input_Amount"), amount): Text '1.50' is set on object 'Object Repository/RecAndPlayBk/Page-Vlink-CC-Credit/input_Amount'

2024-05-16 00:35:19 - [MESSAGE][PASSED] - Text '1.50' is set on object 'Object Repository/RecAndPlayBk/Page-Vlink-CC-Credit/input_Amount'

2024-05-16 00:35:19 - [TEST_STEP][PASSED] - setText(findTestObject("Object Repository/RecAndPlayBk/Page-Vlink-CC-Credit/input_Card number"), ""): Text '' is set on object 'Object Repository/RecAndPlayBk/Page-Vlink-CC-Credit/input_Card number'

2024-05-16 00:35:20 - [MESSAGE][PASSED] - Text '' is set on object 'Object Repository/RecAndPlayBk/Page-Vlink-CC-Credit/input_Card number'

2024-05-16 00:35:20 - [TEST_STEP][PASSED] - setText(findTestObject("Object Repository/RecAndPlayBk/Page-Vlink-CC-Credit/input_Card ex month"), ""): Text '' is set on object 'Object Repository/RecAndPlayBk/Page-Vlink-CC-Credit/input_Card ex month'

2024-05-16 00:35:20 - [MESSAGE][PASSED] - Text '' is set on object 'Object Repository/RecAndPlayBk/Page-Vlink-CC-Credit/input_Card ex month'

2024-05-16 00:35:20 - [TEST_STEP][PASSED] - setText(findTestObject("Object Repository/RecAndPlayBk/Page-Vlink-CC-Credit/input_Card ex year"), ""): Text '' is set on object 'Object Repository/RecAndPlayBk/Page-Vlink-CC-Credit/input_Card ex year'

2024-05-16 00:35:21 - [MESSAGE][PASSED] - Text '' is set on object 'Object Repository/RecAndPlayBk/Page-Vlink-CC-Credit/input_Card ex year'

2024-05-16 00:35:21 - [TEST_STEP][PASSED] - setText(findTestObject("Object Repository/RecAndPlayBk/Page-Vlink-CC-Credit/input_Track Data"), ""): Text '' is set on object 'Object Repository/RecAndPlayBk/Page-Vlink-CC-Credit/input_Track Data'

2024-05-16 00:35:22 - [MESSAGE][PASSED] - Text '' is set on object 'Object Repository/RecAndPlayBk/Page-Vlink-CC-Credit/input_Track Data'

2024-05-16 00:35:22 - [TEST_STEP][PASSED] - click(findTestObject("Object Repository/RecAndPlayBk/Page-Vlink-CC-Credit/input")): Object: 'Object Repository/RecAndPlayBk/Page-Vlink-CC-Credit/input' is clicked on

2024-05-16 00:35:22 - [MESSAGE][PASSED] - Object: 'Object Repository/RecAndPlayBk/Page-Vlink-CC-Credit/input' is clicked on

2024-05-16 00:35:22 - [TEST_STEP][PASSED] - if (verifyTextPresent(errorMsg, true)): null

2024-05-16 00:35:22 - [MESSAGE][PASSED] - Text 'transaction_id' is present on page  using regular expression

2024-05-16 00:35:22 - [TEST_STEP][PASSED] - println("Error Message is present on the Confirmation page"): null

2024-05-16 00:35:22 - [TEST_STEP][PASSED] - out.println("Pass Record Number: " + row): null

2024-05-16 00:35:22 - [TEST_STEP][PASSED] - resText = "Pass": null

2024-05-16 00:35:22 - [TEST_STEP][PASSED] - pages.WriteExcel.demoKey(resText, datText, resColumn, datCloumn, fileLoc, nameSheet, row): pages.WriteExcel.demoKey is PASSED

2024-05-16 00:35:23 - [MESSAGE][PASSED] - pages.WriteExcel.demoKey is PASSED

2024-05-16 00:35:23 - [TEST_STEP][PASSED] - ExecuteTC = findTestData(dataFile).getValue("Execute", row): null

2024-05-16 00:35:23 - [TEST_STEP][PASSED] - out.println("Value of Execute is : " + ExecuteTC): null

2024-05-16 00:35:23 - [TEST_STEP][PASSED] - if (ExecuteTC.equalsIgnoreCase("Y")): null

2024-05-16 00:35:23 - [TEST_STEP][PASSED] - out.println("Begin Record Number: " + row): null

2024-05-16 00:35:23 - [TEST_STEP][PASSED] - today = new java.util.Date(): null

2024-05-16 00:35:23 - [TEST_STEP][PASSED] - println(today): null

2024-05-16 00:35:23 - [TEST_STEP][PASSED] - datText = today: null

2024-05-16 00:35:23 - [TEST_STEP][PASSED] - errorMsg = findTestData(dataFile).getValue("ErrorMsg", row): null

2024-05-16 00:35:23 - [TEST_STEP][PASSED] - appID = findTestData(dataFile).getValue("AppID", row): null

2024-05-16 00:35:23 - [TEST_STEP][PASSED] - username = findTestData(dataFile).getValue("Username", row): null

2024-05-16 00:35:23 - [TEST_STEP][PASSED] - password = findTestData(dataFile).getValue("Password", row): null

2024-05-16 00:35:24 - [TEST_STEP][PASSED] - tranType = findTestData(dataFile).getValue("TranType", row): null

2024-05-16 00:35:24 - [TEST_STEP][PASSED] - mv = findTestData(dataFile).getValue("MV", row): null

2024-05-16 00:35:24 - [TEST_STEP][PASSED] - resFormat = findTestData(dataFile).getValue("ResFormat", row): null

2024-05-16 00:35:24 - [TEST_STEP][PASSED] - tranxID = findTestData(dataFile).getValue("TranxID", row): null

2024-05-16 00:35:24 - [TEST_STEP][PASSED] - amount = findTestData(dataFile).getValue("Amount", row): null

2024-05-16 00:35:24 - [TEST_STEP][PASSED] - openBrowser(VLinkURL + "CC_credit.html"): Browser is opened with url: 'https://dev-algorithm.govolution.com/vlinktest/QA2/version_2_0/CC_credit.html'

2024-05-16 00:35:24 - [MESSAGE][WARNING] - A browser is already opened. Closing browser and opening a new one

2024-05-16 00:35:26 - [MESSAGE][INFO] - Starting 'Chrome' driver

2024-05-16 00:35:26 - [MESSAGE][INFO] - User set preference: ['acceptInsecureCerts', 'true']

2024-05-16 00:35:26 - [MESSAGE][INFO] - Action delay is set to 0 milliseconds

2024-05-16 00:35:28 - [MESSAGE][PASSED] - Browser is opened with url: 'https://dev-algorithm.govolution.com/vlinktest/QA2/version_2_0/CC_credit.html'

2024-05-16 00:35:28 - [TEST_STEP][PASSED] - maximizeWindow(): Current window maximized

2024-05-16 00:35:28 - [MESSAGE][PASSED] - Current window maximized

2024-05-16 00:35:28 - [TEST_STEP][PASSED] - maximizeWindow(): Current window maximized

2024-05-16 00:35:28 - [MESSAGE][PASSED] - Current window maximized

2024-05-16 00:35:28 - [TEST_STEP][PASSED] - setText(findTestObject("Object Repository/RecAndPlayBk/Page-Vlink-CC-Credit/input_Transaction Type"), tranType): Text '102' is set on object 'Object Repository/RecAndPlayBk/Page-Vlink-CC-Credit/input_Transaction Type'

2024-05-16 00:35:29 - [MESSAGE][PASSED] - Text '102' is set on object 'Object Repository/RecAndPlayBk/Page-Vlink-CC-Credit/input_Transaction Type'

2024-05-16 00:35:29 - [TEST_STEP][PASSED] - setText(findTestObject("Object Repository/RecAndPlayBk/Page-Vlink-CC-Credit/input_Message Version"), mv): Text '2.0C' is set on object 'Object Repository/RecAndPlayBk/Page-Vlink-CC-Credit/input_Message Version'

2024-05-16 00:35:30 - [MESSAGE][PASSED] - Text '2.0C' is set on object 'Object Repository/RecAndPlayBk/Page-Vlink-CC-Credit/input_Message Version'

2024-05-16 00:35:30 - [TEST_STEP][PASSED] - genRemID = RandomStringUtils.random(12, true, true): null

2024-05-16 00:35:30 - [TEST_STEP][PASSED] - setText(findTestObject("Object Repository/RecAndPlayBk/Page-Vlink-CC-Credit/input_Remittance Id"), genRemID): Text 'Xsb64xNsMEC0' is set on object 'Object Repository/RecAndPlayBk/Page-Vlink-CC-Credit/input_Remittance Id'

2024-05-16 00:35:30 - [MESSAGE][PASSED] - Text 'Xsb64xNsMEC0' is set on object 'Object Repository/RecAndPlayBk/Page-Vlink-CC-Credit/input_Remittance Id'

2024-05-16 00:35:30 - [TEST_STEP][PASSED] - setText(findTestObject("Object Repository/RecAndPlayBk/Page-Vlink-CC-Credit/input_Application Id"), appID): Text '234' is set on object 'Object Repository/RecAndPlayBk/Page-Vlink-CC-Credit/input_Application Id'

2024-05-16 00:35:31 - [MESSAGE][PASSED] - Text '234' is set on object 'Object Repository/RecAndPlayBk/Page-Vlink-CC-Credit/input_Application Id'

2024-05-16 00:35:31 - [TEST_STEP][PASSED] - setText(findTestObject("Object Repository/RecAndPlayBk/Page-Vlink-CC-Credit/input_Username"), username): Text '' is set on object 'Object Repository/RecAndPlayBk/Page-Vlink-CC-Credit/input_Username'

2024-05-16 00:35:32 - [MESSAGE][PASSED] - Text '' is set on object 'Object Repository/RecAndPlayBk/Page-Vlink-CC-Credit/input_Username'

2024-05-16 00:35:32 - [TEST_STEP][PASSED] - setText(findTestObject("Object Repository/RecAndPlayBk/Page-Vlink-CC-Credit/input_Password"), password): Text 'password' is set on object 'Object Repository/RecAndPlayBk/Page-Vlink-CC-Credit/input_Password'

2024-05-16 00:35:32 - [MESSAGE][PASSED] - Text 'password' is set on object 'Object Repository/RecAndPlayBk/Page-Vlink-CC-Credit/input_Password'

2024-05-16 00:35:32 - [TEST_STEP][PASSED] - setText(findTestObject("Object Repository/RecAndPlayBk/Page-Vlink-CC-Credit/input_Transaction ID"), tranxID): Text '123456' is set on object 'Object Repository/RecAndPlayBk/Page-Vlink-CC-Credit/input_Transaction ID'

2024-05-16 00:35:33 - [MESSAGE][PASSED] - Text '123456' is set on object 'Object Repository/RecAndPlayBk/Page-Vlink-CC-Credit/input_Transaction ID'

2024-05-16 00:35:33 - [TEST_STEP][PASSED] - setText(findTestObject("Object Repository/RecAndPlayBk/Page-Vlink-CC-Credit/input_Response Format"), resFormat): Text 'fixed_width' is set on object 'Object Repository/RecAndPlayBk/Page-Vlink-CC-Credit/input_Response Format'

2024-05-16 00:35:33 - [MESSAGE][PASSED] - Text 'fixed_width' is set on object 'Object Repository/RecAndPlayBk/Page-Vlink-CC-Credit/input_Response Format'

2024-05-16 00:35:33 - [TEST_STEP][PASSED] - setText(findTestObject("Object Repository/RecAndPlayBk/Page-Vlink-CC-Credit/input_Amount"), amount): Text '1.50' is set on object 'Object Repository/RecAndPlayBk/Page-Vlink-CC-Credit/input_Amount'

2024-05-16 00:35:34 - [MESSAGE][PASSED] - Text '1.50' is set on object 'Object Repository/RecAndPlayBk/Page-Vlink-CC-Credit/input_Amount'

2024-05-16 00:35:34 - [TEST_STEP][PASSED] - setText(findTestObject("Object Repository/RecAndPlayBk/Page-Vlink-CC-Credit/input_Card number"), ""): Text '' is set on object 'Object Repository/RecAndPlayBk/Page-Vlink-CC-Credit/input_Card number'

2024-05-16 00:35:35 - [MESSAGE][PASSED] - Text '' is set on object 'Object Repository/RecAndPlayBk/Page-Vlink-CC-Credit/input_Card number'

2024-05-16 00:35:35 - [TEST_STEP][PASSED] - setText(findTestObject("Object Repository/RecAndPlayBk/Page-Vlink-CC-Credit/input_Card ex month"), ""): Text '' is set on object 'Object Repository/RecAndPlayBk/Page-Vlink-CC-Credit/input_Card ex month'

2024-05-16 00:35:35 - [MESSAGE][PASSED] - Text '' is set on object 'Object Repository/RecAndPlayBk/Page-Vlink-CC-Credit/input_Card ex month'

2024-05-16 00:35:35 - [TEST_STEP][PASSED] - setText(findTestObject("Object Repository/RecAndPlayBk/Page-Vlink-CC-Credit/input_Card ex year"), ""): Text '' is set on object 'Object Repository/RecAndPlayBk/Page-Vlink-CC-Credit/input_Card ex year'

2024-05-16 00:35:36 - [MESSAGE][PASSED] - Text '' is set on object 'Object Repository/RecAndPlayBk/Page-Vlink-CC-Credit/input_Card ex year'

2024-05-16 00:35:36 - [TEST_STEP][PASSED] - setText(findTestObject("Object Repository/RecAndPlayBk/Page-Vlink-CC-Credit/input_Track Data"), ""): Text '' is set on object 'Object Repository/RecAndPlayBk/Page-Vlink-CC-Credit/input_Track Data'

2024-05-16 00:35:37 - [MESSAGE][PASSED] - Text '' is set on object 'Object Repository/RecAndPlayBk/Page-Vlink-CC-Credit/input_Track Data'

2024-05-16 00:35:37 - [TEST_STEP][PASSED] - click(findTestObject("Object Repository/RecAndPlayBk/Page-Vlink-CC-Credit/input")): Object: 'Object Repository/RecAndPlayBk/Page-Vlink-CC-Credit/input' is clicked on

2024-05-16 00:35:37 - [MESSAGE][PASSED] - Object: 'Object Repository/RecAndPlayBk/Page-Vlink-CC-Credit/input' is clicked on

2024-05-16 00:35:37 - [TEST_STEP][PASSED] - if (verifyTextPresent(errorMsg, true)): null

2024-05-16 00:35:38 - [MESSAGE][PASSED] - Text 'Signon authentication error' is present on page  using regular expression

2024-05-16 00:35:38 - [TEST_STEP][PASSED] - println("Error Message is present on the Confirmation page"): null

2024-05-16 00:35:38 - [TEST_STEP][PASSED] - out.println("Pass Record Number: " + row): null

2024-05-16 00:35:38 - [TEST_STEP][PASSED] - resText = "Pass": null

2024-05-16 00:35:38 - [TEST_STEP][PASSED] - pages.WriteExcel.demoKey(resText, datText, resColumn, datCloumn, fileLoc, nameSheet, row): pages.WriteExcel.demoKey is PASSED

2024-05-16 00:35:38 - [MESSAGE][PASSED] - pages.WriteExcel.demoKey is PASSED

2024-05-16 00:35:38 - [TEST_STEP][PASSED] - ExecuteTC = findTestData(dataFile).getValue("Execute", row): null

2024-05-16 00:35:38 - [TEST_STEP][PASSED] - out.println("Value of Execute is : " + ExecuteTC): null

2024-05-16 00:35:38 - [TEST_STEP][PASSED] - if (ExecuteTC.equalsIgnoreCase("Y")): null

2024-05-16 00:35:38 - [TEST_STEP][PASSED] - out.println("Begin Record Number: " + row): null

2024-05-16 00:35:38 - [TEST_STEP][PASSED] - today = new java.util.Date(): null

2024-05-16 00:35:38 - [TEST_STEP][PASSED] - println(today): null

2024-05-16 00:35:38 - [TEST_STEP][PASSED] - datText = today: null

2024-05-16 00:35:38 - [TEST_STEP][PASSED] - errorMsg = findTestData(dataFile).getValue("ErrorMsg", row): null

2024-05-16 00:35:38 - [TEST_STEP][PASSED] - appID = findTestData(dataFile).getValue("AppID", row): null

2024-05-16 00:35:38 - [TEST_STEP][PASSED] - username = findTestData(dataFile).getValue("Username", row): null

2024-05-16 00:35:38 - [TEST_STEP][PASSED] - password = findTestData(dataFile).getValue("Password", row): null

2024-05-16 00:35:38 - [TEST_STEP][PASSED] - tranType = findTestData(dataFile).getValue("TranType", row): null

2024-05-16 00:35:39 - [TEST_STEP][PASSED] - mv = findTestData(dataFile).getValue("MV", row): null

2024-05-16 00:35:39 - [TEST_STEP][PASSED] - resFormat = findTestData(dataFile).getValue("ResFormat", row): null

2024-05-16 00:35:39 - [TEST_STEP][PASSED] - tranxID = findTestData(dataFile).getValue("TranxID", row): null

2024-05-16 00:35:39 - [TEST_STEP][PASSED] - amount = findTestData(dataFile).getValue("Amount", row): null

2024-05-16 00:35:39 - [TEST_STEP][PASSED] - openBrowser(VLinkURL + "CC_credit.html"): Browser is opened with url: 'https://dev-algorithm.govolution.com/vlinktest/QA2/version_2_0/CC_credit.html'

2024-05-16 00:35:39 - [MESSAGE][WARNING] - A browser is already opened. Closing browser and opening a new one

2024-05-16 00:35:41 - [MESSAGE][INFO] - Starting 'Chrome' driver

2024-05-16 00:35:41 - [MESSAGE][INFO] - User set preference: ['acceptInsecureCerts', 'true']

2024-05-16 00:35:41 - [MESSAGE][INFO] - Action delay is set to 0 milliseconds

2024-05-16 00:35:43 - [MESSAGE][PASSED] - Browser is opened with url: 'https://dev-algorithm.govolution.com/vlinktest/QA2/version_2_0/CC_credit.html'

2024-05-16 00:35:43 - [TEST_STEP][PASSED] - maximizeWindow(): Current window maximized

2024-05-16 00:35:43 - [MESSAGE][PASSED] - Current window maximized

2024-05-16 00:35:43 - [TEST_STEP][PASSED] - maximizeWindow(): Current window maximized

2024-05-16 00:35:43 - [MESSAGE][PASSED] - Current window maximized

2024-05-16 00:35:43 - [TEST_STEP][PASSED] - setText(findTestObject("Object Repository/RecAndPlayBk/Page-Vlink-CC-Credit/input_Transaction Type"), tranType): Text '102' is set on object 'Object Repository/RecAndPlayBk/Page-Vlink-CC-Credit/input_Transaction Type'

2024-05-16 00:35:44 - [MESSAGE][PASSED] - Text '102' is set on object 'Object Repository/RecAndPlayBk/Page-Vlink-CC-Credit/input_Transaction Type'

2024-05-16 00:35:44 - [TEST_STEP][PASSED] - setText(findTestObject("Object Repository/RecAndPlayBk/Page-Vlink-CC-Credit/input_Message Version"), mv): Text '2.0C' is set on object 'Object Repository/RecAndPlayBk/Page-Vlink-CC-Credit/input_Message Version'

2024-05-16 00:35:45 - [MESSAGE][PASSED] - Text '2.0C' is set on object 'Object Repository/RecAndPlayBk/Page-Vlink-CC-Credit/input_Message Version'

2024-05-16 00:35:45 - [TEST_STEP][PASSED] - genRemID = RandomStringUtils.random(12, true, true): null

2024-05-16 00:35:45 - [TEST_STEP][PASSED] - setText(findTestObject("Object Repository/RecAndPlayBk/Page-Vlink-CC-Credit/input_Remittance Id"), genRemID): Text 'FdSH1736dygv' is set on object 'Object Repository/RecAndPlayBk/Page-Vlink-CC-Credit/input_Remittance Id'

2024-05-16 00:35:45 - [MESSAGE][PASSED] - Text 'FdSH1736dygv' is set on object 'Object Repository/RecAndPlayBk/Page-Vlink-CC-Credit/input_Remittance Id'

2024-05-16 00:35:45 - [TEST_STEP][PASSED] - setText(findTestObject("Object Repository/RecAndPlayBk/Page-Vlink-CC-Credit/input_Application Id"), appID): Text '234' is set on object 'Object Repository/RecAndPlayBk/Page-Vlink-CC-Credit/input_Application Id'

2024-05-16 00:35:46 - [MESSAGE][PASSED] - Text '234' is set on object 'Object Repository/RecAndPlayBk/Page-Vlink-CC-Credit/input_Application Id'

2024-05-16 00:35:46 - [TEST_STEP][PASSED] - setText(findTestObject("Object Repository/RecAndPlayBk/Page-Vlink-CC-Credit/input_Username"), username): Text 'username' is set on object 'Object Repository/RecAndPlayBk/Page-Vlink-CC-Credit/input_Username'

2024-05-16 00:35:46 - [MESSAGE][PASSED] - Text 'username' is set on object 'Object Repository/RecAndPlayBk/Page-Vlink-CC-Credit/input_Username'

2024-05-16 00:35:46 - [TEST_STEP][PASSED] - setText(findTestObject("Object Repository/RecAndPlayBk/Page-Vlink-CC-Credit/input_Password"), password): Text '' is set on object 'Object Repository/RecAndPlayBk/Page-Vlink-CC-Credit/input_Password'

2024-05-16 00:35:47 - [MESSAGE][PASSED] - Text '' is set on object 'Object Repository/RecAndPlayBk/Page-Vlink-CC-Credit/input_Password'

2024-05-16 00:35:47 - [TEST_STEP][PASSED] - setText(findTestObject("Object Repository/RecAndPlayBk/Page-Vlink-CC-Credit/input_Transaction ID"), tranxID): Text '123456' is set on object 'Object Repository/RecAndPlayBk/Page-Vlink-CC-Credit/input_Transaction ID'

2024-05-16 00:35:48 - [MESSAGE][PASSED] - Text '123456' is set on object 'Object Repository/RecAndPlayBk/Page-Vlink-CC-Credit/input_Transaction ID'

2024-05-16 00:35:48 - [TEST_STEP][PASSED] - setText(findTestObject("Object Repository/RecAndPlayBk/Page-Vlink-CC-Credit/input_Response Format"), resFormat): Text 'fixed_width' is set on object 'Object Repository/RecAndPlayBk/Page-Vlink-CC-Credit/input_Response Format'

2024-05-16 00:35:48 - [MESSAGE][PASSED] - Text 'fixed_width' is set on object 'Object Repository/RecAndPlayBk/Page-Vlink-CC-Credit/input_Response Format'

2024-05-16 00:35:48 - [TEST_STEP][PASSED] - setText(findTestObject("Object Repository/RecAndPlayBk/Page-Vlink-CC-Credit/input_Amount"), amount): Text '1.50' is set on object 'Object Repository/RecAndPlayBk/Page-Vlink-CC-Credit/input_Amount'

2024-05-16 00:35:49 - [MESSAGE][PASSED] - Text '1.50' is set on object 'Object Repository/RecAndPlayBk/Page-Vlink-CC-Credit/input_Amount'

2024-05-16 00:35:49 - [TEST_STEP][PASSED] - setText(findTestObject("Object Repository/RecAndPlayBk/Page-Vlink-CC-Credit/input_Card number"), ""): Text '' is set on object 'Object Repository/RecAndPlayBk/Page-Vlink-CC-Credit/input_Card number'

2024-05-16 00:35:50 - [MESSAGE][PASSED] - Text '' is set on object 'Object Repository/RecAndPlayBk/Page-Vlink-CC-Credit/input_Card number'

2024-05-16 00:35:50 - [TEST_STEP][PASSED] - setText(findTestObject("Object Repository/RecAndPlayBk/Page-Vlink-CC-Credit/input_Card ex month"), ""): Text '' is set on object 'Object Repository/RecAndPlayBk/Page-Vlink-CC-Credit/input_Card ex month'

2024-05-16 00:35:50 - [MESSAGE][PASSED] - Text '' is set on object 'Object Repository/RecAndPlayBk/Page-Vlink-CC-Credit/input_Card ex month'

2024-05-16 00:35:50 - [TEST_STEP][PASSED] - setText(findTestObject("Object Repository/RecAndPlayBk/Page-Vlink-CC-Credit/input_Card ex year"), ""): Text '' is set on object 'Object Repository/RecAndPlayBk/Page-Vlink-CC-Credit/input_Card ex year'

2024-05-16 00:35:51 - [MESSAGE][PASSED] - Text '' is set on object 'Object Repository/RecAndPlayBk/Page-Vlink-CC-Credit/input_Card ex year'

2024-05-16 00:35:51 - [TEST_STEP][PASSED] - setText(findTestObject("Object Repository/RecAndPlayBk/Page-Vlink-CC-Credit/input_Track Data"), ""): Text '' is set on object 'Object Repository/RecAndPlayBk/Page-Vlink-CC-Credit/input_Track Data'

2024-05-16 00:35:51 - [MESSAGE][PASSED] - Text '' is set on object 'Object Repository/RecAndPlayBk/Page-Vlink-CC-Credit/input_Track Data'

2024-05-16 00:35:51 - [TEST_STEP][PASSED] - click(findTestObject("Object Repository/RecAndPlayBk/Page-Vlink-CC-Credit/input")): Object: 'Object Repository/RecAndPlayBk/Page-Vlink-CC-Credit/input' is clicked on

2024-05-16 00:35:52 - [MESSAGE][PASSED] - Object: 'Object Repository/RecAndPlayBk/Page-Vlink-CC-Credit/input' is clicked on

2024-05-16 00:35:52 - [TEST_STEP][PASSED] - if (verifyTextPresent(errorMsg, true)): null

2024-05-16 00:35:52 - [MESSAGE][PASSED] - Text 'Signon authentication error' is present on page  using regular expression

2024-05-16 00:35:52 - [TEST_STEP][PASSED] - println("Error Message is present on the Confirmation page"): null

2024-05-16 00:35:52 - [TEST_STEP][PASSED] - out.println("Pass Record Number: " + row): null

2024-05-16 00:35:52 - [TEST_STEP][PASSED] - resText = "Pass": null

2024-05-16 00:35:52 - [TEST_STEP][PASSED] - pages.WriteExcel.demoKey(resText, datText, resColumn, datCloumn, fileLoc, nameSheet, row): pages.WriteExcel.demoKey is PASSED

2024-05-16 00:35:53 - [MESSAGE][PASSED] - pages.WriteExcel.demoKey is PASSED

2024-05-16 00:35:53 - [TEST_STEP][PASSED] - ExecuteTC = findTestData(dataFile).getValue("Execute", row): null

2024-05-16 00:35:53 - [TEST_STEP][PASSED] - out.println("Value of Execute is : " + ExecuteTC): null

2024-05-16 00:35:53 - [TEST_STEP][PASSED] - if (ExecuteTC.equalsIgnoreCase("Y")): null]]></system-out>
         <system-err><![CDATA[]]></system-err>
      </testcase>
      <testcase name="Test Cases/RecAndPlayBk/VLink/Debit" time="111.796" classname="Test Cases/RecAndPlayBk/VLink/Debit" status="PASSED">
         <system-out><![CDATA[2024-05-16 00:35:53 - [TEST_CASE][PASSED] - Test Cases/RecAndPlayBk/VLink/Debit: Test Cases/RecAndPlayBk/VLink/Debit

2024-05-16 00:35:54 - [TEST_STEP][PASSED] - executionProfile = getExecutionProfile(): null

2024-05-16 00:35:54 - [TEST_STEP][PASSED] - out.println("executionProfile : " + executionProfile): null

2024-05-16 00:35:54 - [TEST_STEP][PASSED] - appName = <not implemented yet for class: org.codehaus.groovy.ast.expr.EmptyExpression>: null

2024-05-16 00:35:54 - [TEST_STEP][PASSED] - appID = <not implemented yet for class: org.codehaus.groovy.ast.expr.EmptyExpression>: null

2024-05-16 00:35:54 - [TEST_STEP][PASSED] - username = <not implemented yet for class: org.codehaus.groovy.ast.expr.EmptyExpression>: null

2024-05-16 00:35:54 - [TEST_STEP][PASSED] - password = <not implemented yet for class: org.codehaus.groovy.ast.expr.EmptyExpression>: null

2024-05-16 00:35:54 - [TEST_STEP][PASSED] - cardNameV = <not implemented yet for class: org.codehaus.groovy.ast.expr.EmptyExpression>: null

2024-05-16 00:35:54 - [TEST_STEP][PASSED] - al1V = <not implemented yet for class: org.codehaus.groovy.ast.expr.EmptyExpression>: null

2024-05-16 00:35:54 - [TEST_STEP][PASSED] - al2V = <not implemented yet for class: org.codehaus.groovy.ast.expr.EmptyExpression>: null

2024-05-16 00:35:54 - [TEST_STEP][PASSED] - zipV = <not implemented yet for class: org.codehaus.groovy.ast.expr.EmptyExpression>: null

2024-05-16 00:35:54 - [TEST_STEP][PASSED] - cardTypeV = <not implemented yet for class: org.codehaus.groovy.ast.expr.EmptyExpression>: null

2024-05-16 00:35:54 - [TEST_STEP][PASSED] - last4V = <not implemented yet for class: org.codehaus.groovy.ast.expr.EmptyExpression>: null

2024-05-16 00:35:54 - [TEST_STEP][PASSED] - resText = "Fail": null

2024-05-16 00:35:54 - [TEST_STEP][PASSED] - resColumn = "Result": null

2024-05-16 00:35:54 - [TEST_STEP][PASSED] - datCloumn = "Date": null

2024-05-16 00:35:54 - [TEST_STEP][PASSED] - fileLoc = "KatalonData/VLinkSmokeDataACH.xlsx": null

2024-05-16 00:35:54 - [TEST_STEP][PASSED] - numOfRows = <not implemented yet for class: org.codehaus.groovy.ast.expr.EmptyExpression>: null

2024-05-16 00:35:54 - [TEST_STEP][PASSED] - dataFile = <not implemented yet for class: org.codehaus.groovy.ast.expr.EmptyExpression>: null

2024-05-16 00:35:54 - [TEST_STEP][PASSED] - nameSheet = <not implemented yet for class: org.codehaus.groovy.ast.expr.EmptyExpression>: null

2024-05-16 00:35:54 - [TEST_STEP][PASSED] - nameSheet = "Debit": null

2024-05-16 00:35:54 - [TEST_STEP][PASSED] - numOfRows = findTestData("QA/VLinkTestData/VLinkDebitData").getRowNumbers(): null

2024-05-16 00:35:54 - [TEST_STEP][PASSED] - println("Number of Records: " + numOfRows): null

2024-05-16 00:35:54 - [TEST_STEP][PASSED] - dataFile = "QA/VLinkTestData/VLinkDebitData": null

2024-05-16 00:35:54 - [TEST_STEP][PASSED] - for ([row = 1, row <= numOfRows, (row++)]): null

2024-05-16 00:35:54 - [TEST_STEP][PASSED] - ExecuteTC = findTestData(dataFile).getValue("Execute", row): null

2024-05-16 00:35:54 - [TEST_STEP][PASSED] - out.println("Value of Execute is : " + ExecuteTC): null

2024-05-16 00:35:54 - [TEST_STEP][PASSED] - switch (executionProfile): null

2024-05-16 00:35:54 - [TEST_STEP][PASSED] - case "QA2Profile":: null

2024-05-16 00:35:54 - [TEST_STEP][PASSED] - appID = findTestData(dataFile).getValue("AppIDQA", row): null

2024-05-16 00:35:54 - [TEST_STEP][PASSED] - username = findTestData(dataFile).getValue("UsernameQA", row): null

2024-05-16 00:35:54 - [TEST_STEP][PASSED] - password = findTestData(dataFile).getValue("PasswordQA", row): null

2024-05-16 00:35:54 - [TEST_STEP][PASSED] - break: null

2024-05-16 00:35:54 - [TEST_STEP][PASSED] - if (ExecuteTC.equalsIgnoreCase("Y")): null

2024-05-16 00:35:54 - [TEST_STEP][PASSED] - out.println("Begin Record Number: " + row): null

2024-05-16 00:35:54 - [TEST_STEP][PASSED] - today = new java.util.Date(): null

2024-05-16 00:35:54 - [TEST_STEP][PASSED] - println(today): null

2024-05-16 00:35:54 - [TEST_STEP][PASSED] - datText = today: null

2024-05-16 00:35:54 - [TEST_STEP][PASSED] - checkType = findTestData(dataFile).getValue("CheckType", row): null

2024-05-16 00:35:54 - [TEST_STEP][PASSED] - acNumber = findTestData(dataFile).getValue("AcNumber", row): null

2024-05-16 00:35:54 - [TEST_STEP][PASSED] - company = findTestData(dataFile).getValue("Company", row): null

2024-05-16 00:35:54 - [TEST_STEP][PASSED] - acType = findTestData(dataFile).getValue("AcType", row): null

2024-05-16 00:35:54 - [TEST_STEP][PASSED] - rtn = findTestData(dataFile).getValue("RTN", row): null

2024-05-16 00:35:55 - [TEST_STEP][PASSED] - amount = findTestData(dataFile).getValue("Amount", row): null

2024-05-16 00:35:55 - [TEST_STEP][PASSED] - sec = findTestData(dataFile).getValue("SEC", row): null

2024-05-16 00:35:55 - [TEST_STEP][PASSED] - openBrowser(VLinkURL + "debit.html"): Browser is opened with url: 'https://dev-algorithm.govolution.com/vlinktest/QA2/version_2_0/debit.html'

2024-05-16 00:35:55 - [MESSAGE][WARNING] - A browser is already opened. Closing browser and opening a new one

2024-05-16 00:35:56 - [MESSAGE][INFO] - Starting 'Chrome' driver

2024-05-16 00:35:56 - [MESSAGE][INFO] - User set preference: ['acceptInsecureCerts', 'true']

2024-05-16 00:35:56 - [MESSAGE][INFO] - Action delay is set to 0 milliseconds

2024-05-16 00:35:58 - [MESSAGE][PASSED] - Browser is opened with url: 'https://dev-algorithm.govolution.com/vlinktest/QA2/version_2_0/debit.html'

2024-05-16 00:35:58 - [TEST_STEP][PASSED] - maximizeWindow(): Current window maximized

2024-05-16 00:35:59 - [MESSAGE][PASSED] - Current window maximized

2024-05-16 00:35:59 - [TEST_STEP][PASSED] - genRemID = RandomStringUtils.random(12, true, true): null

2024-05-16 00:35:59 - [TEST_STEP][PASSED] - setText(findTestObject("RecAndPlayBk/Page-Vlink-Debit/input_Remittance Id"), genRemID): Text '9j5TEZbF02Q2' is set on object 'Object Repository/RecAndPlayBk/Page-Vlink-Debit/input_Remittance Id'

2024-05-16 00:35:59 - [MESSAGE][PASSED] - Text '9j5TEZbF02Q2' is set on object 'Object Repository/RecAndPlayBk/Page-Vlink-Debit/input_Remittance Id'

2024-05-16 00:35:59 - [TEST_STEP][PASSED] - setText(findTestObject("RecAndPlayBk/Page-Vlink-Debit/input_Application Id"), appID): Text '234' is set on object 'Object Repository/RecAndPlayBk/Page-Vlink-Debit/input_Application Id'

2024-05-16 00:36:00 - [MESSAGE][PASSED] - Text '234' is set on object 'Object Repository/RecAndPlayBk/Page-Vlink-Debit/input_Application Id'

2024-05-16 00:36:00 - [TEST_STEP][PASSED] - setText(findTestObject("RecAndPlayBk/Page-Vlink-Debit/input_Username"), username): Text 'username' is set on object 'Object Repository/RecAndPlayBk/Page-Vlink-Debit/input_Username'

2024-05-16 00:36:01 - [MESSAGE][PASSED] - Text 'username' is set on object 'Object Repository/RecAndPlayBk/Page-Vlink-Debit/input_Username'

2024-05-16 00:36:01 - [TEST_STEP][PASSED] - setText(findTestObject("RecAndPlayBk/Page-Vlink-Debit/input_Password"), password): Text 'password' is set on object 'Object Repository/RecAndPlayBk/Page-Vlink-Debit/input_Password'

2024-05-16 00:36:01 - [MESSAGE][PASSED] - Text 'password' is set on object 'Object Repository/RecAndPlayBk/Page-Vlink-Debit/input_Password'

2024-05-16 00:36:01 - [TEST_STEP][PASSED] - setText(findTestObject("RecAndPlayBk/Page-Vlink-Debit/input_Check Type"), checkType): Text 'P' is set on object 'Object Repository/RecAndPlayBk/Page-Vlink-Debit/input_Check Type'

2024-05-16 00:36:02 - [MESSAGE][PASSED] - Text 'P' is set on object 'Object Repository/RecAndPlayBk/Page-Vlink-Debit/input_Check Type'

2024-05-16 00:36:02 - [TEST_STEP][PASSED] - setText(findTestObject("RecAndPlayBk/Page-Vlink-Debit/input_Account_check"), acNumber): Text '58963214' is set on object 'Object Repository/RecAndPlayBk/Page-Vlink-Debit/input_Account_check'

2024-05-16 00:36:03 - [MESSAGE][PASSED] - Text '58963214' is set on object 'Object Repository/RecAndPlayBk/Page-Vlink-Debit/input_Account_check'

2024-05-16 00:36:03 - [TEST_STEP][PASSED] - setText(findTestObject("RecAndPlayBk/Page-Vlink-Debit/input_Company_check"), company): Text '' is set on object 'Object Repository/RecAndPlayBk/Page-Vlink-Debit/input_Company_check'

2024-05-16 00:36:03 - [MESSAGE][PASSED] - Text '' is set on object 'Object Repository/RecAndPlayBk/Page-Vlink-Debit/input_Company_check'

2024-05-16 00:36:03 - [TEST_STEP][PASSED] - setText(findTestObject("RecAndPlayBk/Page-Vlink-Debit/input_Account Type"), acType): Text '1' is set on object 'Object Repository/RecAndPlayBk/Page-Vlink-Debit/input_Account Type'

2024-05-16 00:36:04 - [MESSAGE][PASSED] - Text '1' is set on object 'Object Repository/RecAndPlayBk/Page-Vlink-Debit/input_Account Type'

2024-05-16 00:36:04 - [TEST_STEP][PASSED] - setText(findTestObject("RecAndPlayBk/Page-Vlink-Debit/input_Routing Number"), rtn): Text '256072691' is set on object 'Object Repository/RecAndPlayBk/Page-Vlink-Debit/input_Routing Number'

2024-05-16 00:36:05 - [MESSAGE][PASSED] - Text '256072691' is set on object 'Object Repository/RecAndPlayBk/Page-Vlink-Debit/input_Routing Number'

2024-05-16 00:36:05 - [TEST_STEP][PASSED] - setText(findTestObject("RecAndPlayBk/Page-Vlink-Debit/input_Amount"), amount): Text '12.50' is set on object 'Object Repository/RecAndPlayBk/Page-Vlink-Debit/input_Amount'

2024-05-16 00:36:05 - [MESSAGE][PASSED] - Text '12.50' is set on object 'Object Repository/RecAndPlayBk/Page-Vlink-Debit/input_Amount'

2024-05-16 00:36:05 - [TEST_STEP][PASSED] - setText(findTestObject("RecAndPlayBk/Page-Vlink-Debit/input_Check Email"), ""): Text '' is set on object 'Object Repository/RecAndPlayBk/Page-Vlink-Debit/input_Check Email'

2024-05-16 00:36:06 - [MESSAGE][PASSED] - Text '' is set on object 'Object Repository/RecAndPlayBk/Page-Vlink-Debit/input_Check Email'

2024-05-16 00:36:06 - [TEST_STEP][PASSED] - setText(findTestObject("Object Repository/RecAndPlayBk/Page-Vlink-Debit/input_concat(CheckWriter, , s SSN)_check_ssn"), ""): Text '' is set on object 'Object Repository/RecAndPlayBk/Page-Vlink-Debit/input_concat(CheckWriter, , s SSN)_check_ssn'

2024-05-16 00:36:07 - [MESSAGE][PASSED] - Text '' is set on object 'Object Repository/RecAndPlayBk/Page-Vlink-Debit/input_concat(CheckWriter, , s SSN)_check_ssn'

2024-05-16 00:36:07 - [TEST_STEP][PASSED] - setText(findTestObject("Object Repository/RecAndPlayBk/Page-Vlink-Debit/input_concat(CheckWriter, , s License Numbe_020fef"), ""): Text '' is set on object 'Object Repository/RecAndPlayBk/Page-Vlink-Debit/input_concat(CheckWriter, , s License Numbe_020fef'

2024-05-16 00:36:07 - [MESSAGE][PASSED] - Text '' is set on object 'Object Repository/RecAndPlayBk/Page-Vlink-Debit/input_concat(CheckWriter, , s License Numbe_020fef'

2024-05-16 00:36:07 - [TEST_STEP][PASSED] - setText(findTestObject("Object Repository/RecAndPlayBk/Page-Vlink-Debit/input_concat(CheckWriter, , s License State_21e3e7"), ""): Text '' is set on object 'Object Repository/RecAndPlayBk/Page-Vlink-Debit/input_concat(CheckWriter, , s License State_21e3e7'

2024-05-16 00:36:08 - [MESSAGE][PASSED] - Text '' is set on object 'Object Repository/RecAndPlayBk/Page-Vlink-Debit/input_concat(CheckWriter, , s License State_21e3e7'

2024-05-16 00:36:08 - [TEST_STEP][PASSED] - setText(findTestObject("RecAndPlayBk/Page-Vlink-Debit/input_Standard Entry Class"), sec): Text 'WEB' is set on object 'Object Repository/RecAndPlayBk/Page-Vlink-Debit/input_Standard Entry Class'

2024-05-16 00:36:09 - [MESSAGE][PASSED] - Text 'WEB' is set on object 'Object Repository/RecAndPlayBk/Page-Vlink-Debit/input_Standard Entry Class'

2024-05-16 00:36:09 - [TEST_STEP][PASSED] - click(findTestObject("Object Repository/RecAndPlayBk/Page-Vlink-Debit/input")): Object: 'Object Repository/RecAndPlayBk/Page-Vlink-Debit/input' is clicked on

2024-05-16 00:36:10 - [MESSAGE][PASSED] - Object: 'Object Repository/RecAndPlayBk/Page-Vlink-Debit/input' is clicked on

2024-05-16 00:36:10 - [TEST_STEP][PASSED] - if (verifyTextPresent("Transaction approved, no errors", true)): null

2024-05-16 00:36:10 - [MESSAGE][PASSED] - Text 'Transaction approved, no errors' is present on page  using regular expression

2024-05-16 00:36:10 - [TEST_STEP][PASSED] - println("Transaction Approved, no errors text is present on the Confirmation page"): null

2024-05-16 00:36:10 - [TEST_STEP][PASSED] - out.println("Pass Record Number: " + row): null

2024-05-16 00:36:10 - [TEST_STEP][PASSED] - resText = "Pass": null

2024-05-16 00:36:10 - [TEST_STEP][PASSED] - pages.WriteExcel.demoKey(resText, datText, resColumn, datCloumn, fileLoc, nameSheet, row): pages.WriteExcel.demoKey is PASSED

2024-05-16 00:36:10 - [MESSAGE][PASSED] - pages.WriteExcel.demoKey is PASSED

2024-05-16 00:36:10 - [TEST_STEP][PASSED] - ExecuteTC = findTestData(dataFile).getValue("Execute", row): null

2024-05-16 00:36:10 - [TEST_STEP][PASSED] - out.println("Value of Execute is : " + ExecuteTC): null

2024-05-16 00:36:10 - [TEST_STEP][PASSED] - switch (executionProfile): null

2024-05-16 00:36:10 - [TEST_STEP][PASSED] - case "QA2Profile":: null

2024-05-16 00:36:10 - [TEST_STEP][PASSED] - appID = findTestData(dataFile).getValue("AppIDQA", row): null

2024-05-16 00:36:10 - [TEST_STEP][PASSED] - username = findTestData(dataFile).getValue("UsernameQA", row): null

2024-05-16 00:36:10 - [TEST_STEP][PASSED] - password = findTestData(dataFile).getValue("PasswordQA", row): null

2024-05-16 00:36:10 - [TEST_STEP][PASSED] - break: null

2024-05-16 00:36:10 - [TEST_STEP][PASSED] - if (ExecuteTC.equalsIgnoreCase("Y")): null

2024-05-16 00:36:10 - [TEST_STEP][PASSED] - out.println("Begin Record Number: " + row): null

2024-05-16 00:36:10 - [TEST_STEP][PASSED] - today = new java.util.Date(): null

2024-05-16 00:36:10 - [TEST_STEP][PASSED] - println(today): null

2024-05-16 00:36:10 - [TEST_STEP][PASSED] - datText = today: null

2024-05-16 00:36:10 - [TEST_STEP][PASSED] - checkType = findTestData(dataFile).getValue("CheckType", row): null

2024-05-16 00:36:11 - [TEST_STEP][PASSED] - acNumber = findTestData(dataFile).getValue("AcNumber", row): null

2024-05-16 00:36:11 - [TEST_STEP][PASSED] - company = findTestData(dataFile).getValue("Company", row): null

2024-05-16 00:36:11 - [TEST_STEP][PASSED] - acType = findTestData(dataFile).getValue("AcType", row): null

2024-05-16 00:36:11 - [TEST_STEP][PASSED] - rtn = findTestData(dataFile).getValue("RTN", row): null

2024-05-16 00:36:11 - [TEST_STEP][PASSED] - amount = findTestData(dataFile).getValue("Amount", row): null

2024-05-16 00:36:11 - [TEST_STEP][PASSED] - sec = findTestData(dataFile).getValue("SEC", row): null

2024-05-16 00:36:11 - [TEST_STEP][PASSED] - openBrowser(VLinkURL + "debit.html"): Browser is opened with url: 'https://dev-algorithm.govolution.com/vlinktest/QA2/version_2_0/debit.html'

2024-05-16 00:36:11 - [MESSAGE][WARNING] - A browser is already opened. Closing browser and opening a new one

2024-05-16 00:36:12 - [MESSAGE][INFO] - Starting 'Chrome' driver

2024-05-16 00:36:12 - [MESSAGE][INFO] - User set preference: ['acceptInsecureCerts', 'true']

2024-05-16 00:36:12 - [MESSAGE][INFO] - Action delay is set to 0 milliseconds

2024-05-16 00:36:14 - [MESSAGE][PASSED] - Browser is opened with url: 'https://dev-algorithm.govolution.com/vlinktest/QA2/version_2_0/debit.html'

2024-05-16 00:36:14 - [TEST_STEP][PASSED] - maximizeWindow(): Current window maximized

2024-05-16 00:36:15 - [MESSAGE][PASSED] - Current window maximized

2024-05-16 00:36:15 - [TEST_STEP][PASSED] - genRemID = RandomStringUtils.random(12, true, true): null

2024-05-16 00:36:15 - [TEST_STEP][PASSED] - setText(findTestObject("RecAndPlayBk/Page-Vlink-Debit/input_Remittance Id"), genRemID): Text 'EFqmWyeHQBoi' is set on object 'Object Repository/RecAndPlayBk/Page-Vlink-Debit/input_Remittance Id'

2024-05-16 00:36:16 - [MESSAGE][PASSED] - Text 'EFqmWyeHQBoi' is set on object 'Object Repository/RecAndPlayBk/Page-Vlink-Debit/input_Remittance Id'

2024-05-16 00:36:16 - [TEST_STEP][PASSED] - setText(findTestObject("RecAndPlayBk/Page-Vlink-Debit/input_Application Id"), appID): Text '234' is set on object 'Object Repository/RecAndPlayBk/Page-Vlink-Debit/input_Application Id'

2024-05-16 00:36:16 - [MESSAGE][PASSED] - Text '234' is set on object 'Object Repository/RecAndPlayBk/Page-Vlink-Debit/input_Application Id'

2024-05-16 00:36:16 - [TEST_STEP][PASSED] - setText(findTestObject("RecAndPlayBk/Page-Vlink-Debit/input_Username"), username): Text 'username' is set on object 'Object Repository/RecAndPlayBk/Page-Vlink-Debit/input_Username'

2024-05-16 00:36:17 - [MESSAGE][PASSED] - Text 'username' is set on object 'Object Repository/RecAndPlayBk/Page-Vlink-Debit/input_Username'

2024-05-16 00:36:17 - [TEST_STEP][PASSED] - setText(findTestObject("RecAndPlayBk/Page-Vlink-Debit/input_Password"), password): Text 'password' is set on object 'Object Repository/RecAndPlayBk/Page-Vlink-Debit/input_Password'

2024-05-16 00:36:18 - [MESSAGE][PASSED] - Text 'password' is set on object 'Object Repository/RecAndPlayBk/Page-Vlink-Debit/input_Password'

2024-05-16 00:36:18 - [TEST_STEP][PASSED] - setText(findTestObject("RecAndPlayBk/Page-Vlink-Debit/input_Check Type"), checkType): Text 'P' is set on object 'Object Repository/RecAndPlayBk/Page-Vlink-Debit/input_Check Type'

2024-05-16 00:36:18 - [MESSAGE][PASSED] - Text 'P' is set on object 'Object Repository/RecAndPlayBk/Page-Vlink-Debit/input_Check Type'

2024-05-16 00:36:18 - [TEST_STEP][PASSED] - setText(findTestObject("RecAndPlayBk/Page-Vlink-Debit/input_Account_check"), acNumber): Text '58963214' is set on object 'Object Repository/RecAndPlayBk/Page-Vlink-Debit/input_Account_check'

2024-05-16 00:36:19 - [MESSAGE][PASSED] - Text '58963214' is set on object 'Object Repository/RecAndPlayBk/Page-Vlink-Debit/input_Account_check'

2024-05-16 00:36:19 - [TEST_STEP][PASSED] - setText(findTestObject("RecAndPlayBk/Page-Vlink-Debit/input_Company_check"), company): Text '' is set on object 'Object Repository/RecAndPlayBk/Page-Vlink-Debit/input_Company_check'

2024-05-16 00:36:19 - [MESSAGE][PASSED] - Text '' is set on object 'Object Repository/RecAndPlayBk/Page-Vlink-Debit/input_Company_check'

2024-05-16 00:36:19 - [TEST_STEP][PASSED] - setText(findTestObject("RecAndPlayBk/Page-Vlink-Debit/input_Account Type"), acType): Text '1' is set on object 'Object Repository/RecAndPlayBk/Page-Vlink-Debit/input_Account Type'

2024-05-16 00:36:20 - [MESSAGE][PASSED] - Text '1' is set on object 'Object Repository/RecAndPlayBk/Page-Vlink-Debit/input_Account Type'

2024-05-16 00:36:20 - [TEST_STEP][PASSED] - setText(findTestObject("RecAndPlayBk/Page-Vlink-Debit/input_Routing Number"), rtn): Text '256072691' is set on object 'Object Repository/RecAndPlayBk/Page-Vlink-Debit/input_Routing Number'

2024-05-16 00:36:21 - [MESSAGE][PASSED] - Text '256072691' is set on object 'Object Repository/RecAndPlayBk/Page-Vlink-Debit/input_Routing Number'

2024-05-16 00:36:21 - [TEST_STEP][PASSED] - setText(findTestObject("RecAndPlayBk/Page-Vlink-Debit/input_Amount"), amount): Text '12.50' is set on object 'Object Repository/RecAndPlayBk/Page-Vlink-Debit/input_Amount'

2024-05-16 00:36:21 - [MESSAGE][PASSED] - Text '12.50' is set on object 'Object Repository/RecAndPlayBk/Page-Vlink-Debit/input_Amount'

2024-05-16 00:36:21 - [TEST_STEP][PASSED] - setText(findTestObject("RecAndPlayBk/Page-Vlink-Debit/input_Check Email"), ""): Text '' is set on object 'Object Repository/RecAndPlayBk/Page-Vlink-Debit/input_Check Email'

2024-05-16 00:36:22 - [MESSAGE][PASSED] - Text '' is set on object 'Object Repository/RecAndPlayBk/Page-Vlink-Debit/input_Check Email'

2024-05-16 00:36:22 - [TEST_STEP][PASSED] - setText(findTestObject("Object Repository/RecAndPlayBk/Page-Vlink-Debit/input_concat(CheckWriter, , s SSN)_check_ssn"), ""): Text '' is set on object 'Object Repository/RecAndPlayBk/Page-Vlink-Debit/input_concat(CheckWriter, , s SSN)_check_ssn'

2024-05-16 00:36:23 - [MESSAGE][PASSED] - Text '' is set on object 'Object Repository/RecAndPlayBk/Page-Vlink-Debit/input_concat(CheckWriter, , s SSN)_check_ssn'

2024-05-16 00:36:23 - [TEST_STEP][PASSED] - setText(findTestObject("Object Repository/RecAndPlayBk/Page-Vlink-Debit/input_concat(CheckWriter, , s License Numbe_020fef"), ""): Text '' is set on object 'Object Repository/RecAndPlayBk/Page-Vlink-Debit/input_concat(CheckWriter, , s License Numbe_020fef'

2024-05-16 00:36:23 - [MESSAGE][PASSED] - Text '' is set on object 'Object Repository/RecAndPlayBk/Page-Vlink-Debit/input_concat(CheckWriter, , s License Numbe_020fef'

2024-05-16 00:36:23 - [TEST_STEP][PASSED] - setText(findTestObject("Object Repository/RecAndPlayBk/Page-Vlink-Debit/input_concat(CheckWriter, , s License State_21e3e7"), ""): Text '' is set on object 'Object Repository/RecAndPlayBk/Page-Vlink-Debit/input_concat(CheckWriter, , s License State_21e3e7'

2024-05-16 00:36:24 - [MESSAGE][PASSED] - Text '' is set on object 'Object Repository/RecAndPlayBk/Page-Vlink-Debit/input_concat(CheckWriter, , s License State_21e3e7'

2024-05-16 00:36:24 - [TEST_STEP][PASSED] - setText(findTestObject("RecAndPlayBk/Page-Vlink-Debit/input_Standard Entry Class"), sec): Text 'TEL' is set on object 'Object Repository/RecAndPlayBk/Page-Vlink-Debit/input_Standard Entry Class'

2024-05-16 00:36:25 - [MESSAGE][PASSED] - Text 'TEL' is set on object 'Object Repository/RecAndPlayBk/Page-Vlink-Debit/input_Standard Entry Class'

2024-05-16 00:36:25 - [TEST_STEP][PASSED] - click(findTestObject("Object Repository/RecAndPlayBk/Page-Vlink-Debit/input")): Object: 'Object Repository/RecAndPlayBk/Page-Vlink-Debit/input' is clicked on

2024-05-16 00:36:26 - [MESSAGE][PASSED] - Object: 'Object Repository/RecAndPlayBk/Page-Vlink-Debit/input' is clicked on

2024-05-16 00:36:26 - [TEST_STEP][PASSED] - if (verifyTextPresent("Transaction approved, no errors", true)): null

2024-05-16 00:36:26 - [MESSAGE][PASSED] - Text 'Transaction approved, no errors' is present on page  using regular expression

2024-05-16 00:36:26 - [TEST_STEP][PASSED] - println("Transaction Approved, no errors text is present on the Confirmation page"): null

2024-05-16 00:36:26 - [TEST_STEP][PASSED] - out.println("Pass Record Number: " + row): null

2024-05-16 00:36:26 - [TEST_STEP][PASSED] - resText = "Pass": null

2024-05-16 00:36:26 - [TEST_STEP][PASSED] - pages.WriteExcel.demoKey(resText, datText, resColumn, datCloumn, fileLoc, nameSheet, row): pages.WriteExcel.demoKey is PASSED

2024-05-16 00:36:26 - [MESSAGE][PASSED] - pages.WriteExcel.demoKey is PASSED

2024-05-16 00:36:26 - [TEST_STEP][PASSED] - ExecuteTC = findTestData(dataFile).getValue("Execute", row): null

2024-05-16 00:36:26 - [TEST_STEP][PASSED] - out.println("Value of Execute is : " + ExecuteTC): null

2024-05-16 00:36:26 - [TEST_STEP][PASSED] - switch (executionProfile): null

2024-05-16 00:36:26 - [TEST_STEP][PASSED] - case "QA2Profile":: null

2024-05-16 00:36:26 - [TEST_STEP][PASSED] - appID = findTestData(dataFile).getValue("AppIDQA", row): null

2024-05-16 00:36:26 - [TEST_STEP][PASSED] - username = findTestData(dataFile).getValue("UsernameQA", row): null

2024-05-16 00:36:26 - [TEST_STEP][PASSED] - password = findTestData(dataFile).getValue("PasswordQA", row): null

2024-05-16 00:36:27 - [TEST_STEP][PASSED] - break: null

2024-05-16 00:36:27 - [TEST_STEP][PASSED] - if (ExecuteTC.equalsIgnoreCase("Y")): null

2024-05-16 00:36:27 - [TEST_STEP][PASSED] - out.println("Begin Record Number: " + row): null

2024-05-16 00:36:27 - [TEST_STEP][PASSED] - today = new java.util.Date(): null

2024-05-16 00:36:27 - [TEST_STEP][PASSED] - println(today): null

2024-05-16 00:36:27 - [TEST_STEP][PASSED] - datText = today: null

2024-05-16 00:36:27 - [TEST_STEP][PASSED] - checkType = findTestData(dataFile).getValue("CheckType", row): null

2024-05-16 00:36:27 - [TEST_STEP][PASSED] - acNumber = findTestData(dataFile).getValue("AcNumber", row): null

2024-05-16 00:36:27 - [TEST_STEP][PASSED] - company = findTestData(dataFile).getValue("Company", row): null

2024-05-16 00:36:27 - [TEST_STEP][PASSED] - acType = findTestData(dataFile).getValue("AcType", row): null

2024-05-16 00:36:27 - [TEST_STEP][PASSED] - rtn = findTestData(dataFile).getValue("RTN", row): null

2024-05-16 00:36:27 - [TEST_STEP][PASSED] - amount = findTestData(dataFile).getValue("Amount", row): null

2024-05-16 00:36:27 - [TEST_STEP][PASSED] - sec = findTestData(dataFile).getValue("SEC", row): null

2024-05-16 00:36:27 - [TEST_STEP][PASSED] - openBrowser(VLinkURL + "debit.html"): Browser is opened with url: 'https://dev-algorithm.govolution.com/vlinktest/QA2/version_2_0/debit.html'

2024-05-16 00:36:27 - [MESSAGE][WARNING] - A browser is already opened. Closing browser and opening a new one

2024-05-16 00:36:28 - [MESSAGE][INFO] - Starting 'Chrome' driver

2024-05-16 00:36:28 - [MESSAGE][INFO] - User set preference: ['acceptInsecureCerts', 'true']

2024-05-16 00:36:28 - [MESSAGE][INFO] - Action delay is set to 0 milliseconds

2024-05-16 00:36:30 - [MESSAGE][PASSED] - Browser is opened with url: 'https://dev-algorithm.govolution.com/vlinktest/QA2/version_2_0/debit.html'

2024-05-16 00:36:30 - [TEST_STEP][PASSED] - maximizeWindow(): Current window maximized

2024-05-16 00:36:31 - [MESSAGE][PASSED] - Current window maximized

2024-05-16 00:36:31 - [TEST_STEP][PASSED] - genRemID = RandomStringUtils.random(12, true, true): null

2024-05-16 00:36:31 - [TEST_STEP][PASSED] - setText(findTestObject("RecAndPlayBk/Page-Vlink-Debit/input_Remittance Id"), genRemID): Text 'sG8zJ0PzQoEl' is set on object 'Object Repository/RecAndPlayBk/Page-Vlink-Debit/input_Remittance Id'

2024-05-16 00:36:32 - [MESSAGE][PASSED] - Text 'sG8zJ0PzQoEl' is set on object 'Object Repository/RecAndPlayBk/Page-Vlink-Debit/input_Remittance Id'

2024-05-16 00:36:32 - [TEST_STEP][PASSED] - setText(findTestObject("RecAndPlayBk/Page-Vlink-Debit/input_Application Id"), appID): Text '234' is set on object 'Object Repository/RecAndPlayBk/Page-Vlink-Debit/input_Application Id'

2024-05-16 00:36:32 - [MESSAGE][PASSED] - Text '234' is set on object 'Object Repository/RecAndPlayBk/Page-Vlink-Debit/input_Application Id'

2024-05-16 00:36:32 - [TEST_STEP][PASSED] - setText(findTestObject("RecAndPlayBk/Page-Vlink-Debit/input_Username"), username): Text 'username' is set on object 'Object Repository/RecAndPlayBk/Page-Vlink-Debit/input_Username'

2024-05-16 00:36:33 - [MESSAGE][PASSED] - Text 'username' is set on object 'Object Repository/RecAndPlayBk/Page-Vlink-Debit/input_Username'

2024-05-16 00:36:33 - [TEST_STEP][PASSED] - setText(findTestObject("RecAndPlayBk/Page-Vlink-Debit/input_Password"), password): Text 'password' is set on object 'Object Repository/RecAndPlayBk/Page-Vlink-Debit/input_Password'

2024-05-16 00:36:33 - [MESSAGE][PASSED] - Text 'password' is set on object 'Object Repository/RecAndPlayBk/Page-Vlink-Debit/input_Password'

2024-05-16 00:36:33 - [TEST_STEP][PASSED] - setText(findTestObject("RecAndPlayBk/Page-Vlink-Debit/input_Check Type"), checkType): Text 'P' is set on object 'Object Repository/RecAndPlayBk/Page-Vlink-Debit/input_Check Type'

2024-05-16 00:36:34 - [MESSAGE][PASSED] - Text 'P' is set on object 'Object Repository/RecAndPlayBk/Page-Vlink-Debit/input_Check Type'

2024-05-16 00:36:34 - [TEST_STEP][PASSED] - setText(findTestObject("RecAndPlayBk/Page-Vlink-Debit/input_Account_check"), acNumber): Text '58963214' is set on object 'Object Repository/RecAndPlayBk/Page-Vlink-Debit/input_Account_check'

2024-05-16 00:36:35 - [MESSAGE][PASSED] - Text '58963214' is set on object 'Object Repository/RecAndPlayBk/Page-Vlink-Debit/input_Account_check'

2024-05-16 00:36:35 - [TEST_STEP][PASSED] - setText(findTestObject("RecAndPlayBk/Page-Vlink-Debit/input_Company_check"), company): Text '' is set on object 'Object Repository/RecAndPlayBk/Page-Vlink-Debit/input_Company_check'

2024-05-16 00:36:35 - [MESSAGE][PASSED] - Text '' is set on object 'Object Repository/RecAndPlayBk/Page-Vlink-Debit/input_Company_check'

2024-05-16 00:36:35 - [TEST_STEP][PASSED] - setText(findTestObject("RecAndPlayBk/Page-Vlink-Debit/input_Account Type"), acType): Text '1' is set on object 'Object Repository/RecAndPlayBk/Page-Vlink-Debit/input_Account Type'

2024-05-16 00:36:36 - [MESSAGE][PASSED] - Text '1' is set on object 'Object Repository/RecAndPlayBk/Page-Vlink-Debit/input_Account Type'

2024-05-16 00:36:36 - [TEST_STEP][PASSED] - setText(findTestObject("RecAndPlayBk/Page-Vlink-Debit/input_Routing Number"), rtn): Text '256072691' is set on object 'Object Repository/RecAndPlayBk/Page-Vlink-Debit/input_Routing Number'

2024-05-16 00:36:37 - [MESSAGE][PASSED] - Text '256072691' is set on object 'Object Repository/RecAndPlayBk/Page-Vlink-Debit/input_Routing Number'

2024-05-16 00:36:37 - [TEST_STEP][PASSED] - setText(findTestObject("RecAndPlayBk/Page-Vlink-Debit/input_Amount"), amount): Text '12.50' is set on object 'Object Repository/RecAndPlayBk/Page-Vlink-Debit/input_Amount'

2024-05-16 00:36:37 - [MESSAGE][PASSED] - Text '12.50' is set on object 'Object Repository/RecAndPlayBk/Page-Vlink-Debit/input_Amount'

2024-05-16 00:36:37 - [TEST_STEP][PASSED] - setText(findTestObject("RecAndPlayBk/Page-Vlink-Debit/input_Check Email"), ""): Text '' is set on object 'Object Repository/RecAndPlayBk/Page-Vlink-Debit/input_Check Email'

2024-05-16 00:36:38 - [MESSAGE][PASSED] - Text '' is set on object 'Object Repository/RecAndPlayBk/Page-Vlink-Debit/input_Check Email'

2024-05-16 00:36:38 - [TEST_STEP][PASSED] - setText(findTestObject("Object Repository/RecAndPlayBk/Page-Vlink-Debit/input_concat(CheckWriter, , s SSN)_check_ssn"), ""): Text '' is set on object 'Object Repository/RecAndPlayBk/Page-Vlink-Debit/input_concat(CheckWriter, , s SSN)_check_ssn'

2024-05-16 00:36:38 - [MESSAGE][PASSED] - Text '' is set on object 'Object Repository/RecAndPlayBk/Page-Vlink-Debit/input_concat(CheckWriter, , s SSN)_check_ssn'

2024-05-16 00:36:38 - [TEST_STEP][PASSED] - setText(findTestObject("Object Repository/RecAndPlayBk/Page-Vlink-Debit/input_concat(CheckWriter, , s License Numbe_020fef"), ""): Text '' is set on object 'Object Repository/RecAndPlayBk/Page-Vlink-Debit/input_concat(CheckWriter, , s License Numbe_020fef'

2024-05-16 00:36:39 - [MESSAGE][PASSED] - Text '' is set on object 'Object Repository/RecAndPlayBk/Page-Vlink-Debit/input_concat(CheckWriter, , s License Numbe_020fef'

2024-05-16 00:36:39 - [TEST_STEP][PASSED] - setText(findTestObject("Object Repository/RecAndPlayBk/Page-Vlink-Debit/input_concat(CheckWriter, , s License State_21e3e7"), ""): Text '' is set on object 'Object Repository/RecAndPlayBk/Page-Vlink-Debit/input_concat(CheckWriter, , s License State_21e3e7'

2024-05-16 00:36:40 - [MESSAGE][PASSED] - Text '' is set on object 'Object Repository/RecAndPlayBk/Page-Vlink-Debit/input_concat(CheckWriter, , s License State_21e3e7'

2024-05-16 00:36:40 - [TEST_STEP][PASSED] - setText(findTestObject("RecAndPlayBk/Page-Vlink-Debit/input_Standard Entry Class"), sec): Text 'PPD' is set on object 'Object Repository/RecAndPlayBk/Page-Vlink-Debit/input_Standard Entry Class'

2024-05-16 00:36:40 - [MESSAGE][PASSED] - Text 'PPD' is set on object 'Object Repository/RecAndPlayBk/Page-Vlink-Debit/input_Standard Entry Class'

2024-05-16 00:36:40 - [TEST_STEP][PASSED] - click(findTestObject("Object Repository/RecAndPlayBk/Page-Vlink-Debit/input")): Object: 'Object Repository/RecAndPlayBk/Page-Vlink-Debit/input' is clicked on

2024-05-16 00:36:41 - [MESSAGE][PASSED] - Object: 'Object Repository/RecAndPlayBk/Page-Vlink-Debit/input' is clicked on

2024-05-16 00:36:41 - [TEST_STEP][PASSED] - if (verifyTextPresent("Transaction approved, no errors", true)): null

2024-05-16 00:36:42 - [MESSAGE][PASSED] - Text 'Transaction approved, no errors' is present on page  using regular expression

2024-05-16 00:36:42 - [TEST_STEP][PASSED] - println("Transaction Approved, no errors text is present on the Confirmation page"): null

2024-05-16 00:36:42 - [TEST_STEP][PASSED] - out.println("Pass Record Number: " + row): null

2024-05-16 00:36:42 - [TEST_STEP][PASSED] - resText = "Pass": null

2024-05-16 00:36:42 - [TEST_STEP][PASSED] - pages.WriteExcel.demoKey(resText, datText, resColumn, datCloumn, fileLoc, nameSheet, row): pages.WriteExcel.demoKey is PASSED

2024-05-16 00:36:42 - [MESSAGE][PASSED] - pages.WriteExcel.demoKey is PASSED

2024-05-16 00:36:42 - [TEST_STEP][PASSED] - ExecuteTC = findTestData(dataFile).getValue("Execute", row): null

2024-05-16 00:36:42 - [TEST_STEP][PASSED] - out.println("Value of Execute is : " + ExecuteTC): null

2024-05-16 00:36:42 - [TEST_STEP][PASSED] - switch (executionProfile): null

2024-05-16 00:36:42 - [TEST_STEP][PASSED] - case "QA2Profile":: null

2024-05-16 00:36:42 - [TEST_STEP][PASSED] - appID = findTestData(dataFile).getValue("AppIDQA", row): null

2024-05-16 00:36:42 - [TEST_STEP][PASSED] - username = findTestData(dataFile).getValue("UsernameQA", row): null

2024-05-16 00:36:42 - [TEST_STEP][PASSED] - password = findTestData(dataFile).getValue("PasswordQA", row): null

2024-05-16 00:36:42 - [TEST_STEP][PASSED] - break: null

2024-05-16 00:36:42 - [TEST_STEP][PASSED] - if (ExecuteTC.equalsIgnoreCase("Y")): null

2024-05-16 00:36:42 - [TEST_STEP][PASSED] - out.println("Begin Record Number: " + row): null

2024-05-16 00:36:42 - [TEST_STEP][PASSED] - today = new java.util.Date(): null

2024-05-16 00:36:42 - [TEST_STEP][PASSED] - println(today): null

2024-05-16 00:36:42 - [TEST_STEP][PASSED] - datText = today: null

2024-05-16 00:36:42 - [TEST_STEP][PASSED] - checkType = findTestData(dataFile).getValue("CheckType", row): null

2024-05-16 00:36:42 - [TEST_STEP][PASSED] - acNumber = findTestData(dataFile).getValue("AcNumber", row): null

2024-05-16 00:36:42 - [TEST_STEP][PASSED] - company = findTestData(dataFile).getValue("Company", row): null

2024-05-16 00:36:42 - [TEST_STEP][PASSED] - acType = findTestData(dataFile).getValue("AcType", row): null

2024-05-16 00:36:42 - [TEST_STEP][PASSED] - rtn = findTestData(dataFile).getValue("RTN", row): null

2024-05-16 00:36:42 - [TEST_STEP][PASSED] - amount = findTestData(dataFile).getValue("Amount", row): null

2024-05-16 00:36:43 - [TEST_STEP][PASSED] - sec = findTestData(dataFile).getValue("SEC", row): null

2024-05-16 00:36:43 - [TEST_STEP][PASSED] - openBrowser(VLinkURL + "debit.html"): Browser is opened with url: 'https://dev-algorithm.govolution.com/vlinktest/QA2/version_2_0/debit.html'

2024-05-16 00:36:43 - [MESSAGE][WARNING] - A browser is already opened. Closing browser and opening a new one

2024-05-16 00:36:44 - [MESSAGE][INFO] - Starting 'Chrome' driver

2024-05-16 00:36:44 - [MESSAGE][INFO] - User set preference: ['acceptInsecureCerts', 'true']

2024-05-16 00:36:44 - [MESSAGE][INFO] - Action delay is set to 0 milliseconds

2024-05-16 00:36:46 - [MESSAGE][PASSED] - Browser is opened with url: 'https://dev-algorithm.govolution.com/vlinktest/QA2/version_2_0/debit.html'

2024-05-16 00:36:46 - [TEST_STEP][PASSED] - maximizeWindow(): Current window maximized

2024-05-16 00:36:46 - [MESSAGE][PASSED] - Current window maximized

2024-05-16 00:36:46 - [TEST_STEP][PASSED] - genRemID = RandomStringUtils.random(12, true, true): null

2024-05-16 00:36:46 - [TEST_STEP][PASSED] - setText(findTestObject("RecAndPlayBk/Page-Vlink-Debit/input_Remittance Id"), genRemID): Text '6gFmDekDOpHn' is set on object 'Object Repository/RecAndPlayBk/Page-Vlink-Debit/input_Remittance Id'

2024-05-16 00:36:47 - [MESSAGE][PASSED] - Text '6gFmDekDOpHn' is set on object 'Object Repository/RecAndPlayBk/Page-Vlink-Debit/input_Remittance Id'

2024-05-16 00:36:47 - [TEST_STEP][PASSED] - setText(findTestObject("RecAndPlayBk/Page-Vlink-Debit/input_Application Id"), appID): Text '234' is set on object 'Object Repository/RecAndPlayBk/Page-Vlink-Debit/input_Application Id'

2024-05-16 00:36:48 - [MESSAGE][PASSED] - Text '234' is set on object 'Object Repository/RecAndPlayBk/Page-Vlink-Debit/input_Application Id'

2024-05-16 00:36:48 - [TEST_STEP][PASSED] - setText(findTestObject("RecAndPlayBk/Page-Vlink-Debit/input_Username"), username): Text 'username' is set on object 'Object Repository/RecAndPlayBk/Page-Vlink-Debit/input_Username'

2024-05-16 00:36:48 - [MESSAGE][PASSED] - Text 'username' is set on object 'Object Repository/RecAndPlayBk/Page-Vlink-Debit/input_Username'

2024-05-16 00:36:48 - [TEST_STEP][PASSED] - setText(findTestObject("RecAndPlayBk/Page-Vlink-Debit/input_Password"), password): Text 'password' is set on object 'Object Repository/RecAndPlayBk/Page-Vlink-Debit/input_Password'

2024-05-16 00:36:49 - [MESSAGE][PASSED] - Text 'password' is set on object 'Object Repository/RecAndPlayBk/Page-Vlink-Debit/input_Password'

2024-05-16 00:36:49 - [TEST_STEP][PASSED] - setText(findTestObject("RecAndPlayBk/Page-Vlink-Debit/input_Check Type"), checkType): Text 'P' is set on object 'Object Repository/RecAndPlayBk/Page-Vlink-Debit/input_Check Type'

2024-05-16 00:36:50 - [MESSAGE][PASSED] - Text 'P' is set on object 'Object Repository/RecAndPlayBk/Page-Vlink-Debit/input_Check Type'

2024-05-16 00:36:50 - [TEST_STEP][PASSED] - setText(findTestObject("RecAndPlayBk/Page-Vlink-Debit/input_Account_check"), acNumber): Text '58963214' is set on object 'Object Repository/RecAndPlayBk/Page-Vlink-Debit/input_Account_check'

2024-05-16 00:36:50 - [MESSAGE][PASSED] - Text '58963214' is set on object 'Object Repository/RecAndPlayBk/Page-Vlink-Debit/input_Account_check'

2024-05-16 00:36:50 - [TEST_STEP][PASSED] - setText(findTestObject("RecAndPlayBk/Page-Vlink-Debit/input_Company_check"), company): Text '' is set on object 'Object Repository/RecAndPlayBk/Page-Vlink-Debit/input_Company_check'

2024-05-16 00:36:51 - [MESSAGE][PASSED] - Text '' is set on object 'Object Repository/RecAndPlayBk/Page-Vlink-Debit/input_Company_check'

2024-05-16 00:36:51 - [TEST_STEP][PASSED] - setText(findTestObject("RecAndPlayBk/Page-Vlink-Debit/input_Account Type"), acType): Text '2' is set on object 'Object Repository/RecAndPlayBk/Page-Vlink-Debit/input_Account Type'

2024-05-16 00:36:51 - [MESSAGE][PASSED] - Text '2' is set on object 'Object Repository/RecAndPlayBk/Page-Vlink-Debit/input_Account Type'

2024-05-16 00:36:51 - [TEST_STEP][PASSED] - setText(findTestObject("RecAndPlayBk/Page-Vlink-Debit/input_Routing Number"), rtn): Text '256072691' is set on object 'Object Repository/RecAndPlayBk/Page-Vlink-Debit/input_Routing Number'

2024-05-16 00:36:52 - [MESSAGE][PASSED] - Text '256072691' is set on object 'Object Repository/RecAndPlayBk/Page-Vlink-Debit/input_Routing Number'

2024-05-16 00:36:52 - [TEST_STEP][PASSED] - setText(findTestObject("RecAndPlayBk/Page-Vlink-Debit/input_Amount"), amount): Text '12.50' is set on object 'Object Repository/RecAndPlayBk/Page-Vlink-Debit/input_Amount'

2024-05-16 00:36:53 - [MESSAGE][PASSED] - Text '12.50' is set on object 'Object Repository/RecAndPlayBk/Page-Vlink-Debit/input_Amount'

2024-05-16 00:36:53 - [TEST_STEP][PASSED] - setText(findTestObject("RecAndPlayBk/Page-Vlink-Debit/input_Check Email"), ""): Text '' is set on object 'Object Repository/RecAndPlayBk/Page-Vlink-Debit/input_Check Email'

2024-05-16 00:36:53 - [MESSAGE][PASSED] - Text '' is set on object 'Object Repository/RecAndPlayBk/Page-Vlink-Debit/input_Check Email'

2024-05-16 00:36:53 - [TEST_STEP][PASSED] - setText(findTestObject("Object Repository/RecAndPlayBk/Page-Vlink-Debit/input_concat(CheckWriter, , s SSN)_check_ssn"), ""): Text '' is set on object 'Object Repository/RecAndPlayBk/Page-Vlink-Debit/input_concat(CheckWriter, , s SSN)_check_ssn'

2024-05-16 00:36:54 - [MESSAGE][PASSED] - Text '' is set on object 'Object Repository/RecAndPlayBk/Page-Vlink-Debit/input_concat(CheckWriter, , s SSN)_check_ssn'

2024-05-16 00:36:54 - [TEST_STEP][PASSED] - setText(findTestObject("Object Repository/RecAndPlayBk/Page-Vlink-Debit/input_concat(CheckWriter, , s License Numbe_020fef"), ""): Text '' is set on object 'Object Repository/RecAndPlayBk/Page-Vlink-Debit/input_concat(CheckWriter, , s License Numbe_020fef'

2024-05-16 00:36:55 - [MESSAGE][PASSED] - Text '' is set on object 'Object Repository/RecAndPlayBk/Page-Vlink-Debit/input_concat(CheckWriter, , s License Numbe_020fef'

2024-05-16 00:36:55 - [TEST_STEP][PASSED] - setText(findTestObject("Object Repository/RecAndPlayBk/Page-Vlink-Debit/input_concat(CheckWriter, , s License State_21e3e7"), ""): Text '' is set on object 'Object Repository/RecAndPlayBk/Page-Vlink-Debit/input_concat(CheckWriter, , s License State_21e3e7'

2024-05-16 00:36:55 - [MESSAGE][PASSED] - Text '' is set on object 'Object Repository/RecAndPlayBk/Page-Vlink-Debit/input_concat(CheckWriter, , s License State_21e3e7'

2024-05-16 00:36:55 - [TEST_STEP][PASSED] - setText(findTestObject("RecAndPlayBk/Page-Vlink-Debit/input_Standard Entry Class"), sec): Text 'WEB' is set on object 'Object Repository/RecAndPlayBk/Page-Vlink-Debit/input_Standard Entry Class'

2024-05-16 00:36:56 - [MESSAGE][PASSED] - Text 'WEB' is set on object 'Object Repository/RecAndPlayBk/Page-Vlink-Debit/input_Standard Entry Class'

2024-05-16 00:36:56 - [TEST_STEP][PASSED] - click(findTestObject("Object Repository/RecAndPlayBk/Page-Vlink-Debit/input")): Object: 'Object Repository/RecAndPlayBk/Page-Vlink-Debit/input' is clicked on

2024-05-16 00:36:57 - [MESSAGE][PASSED] - Object: 'Object Repository/RecAndPlayBk/Page-Vlink-Debit/input' is clicked on

2024-05-16 00:36:57 - [TEST_STEP][PASSED] - if (verifyTextPresent("Transaction approved, no errors", true)): null

2024-05-16 00:36:57 - [MESSAGE][PASSED] - Text 'Transaction approved, no errors' is present on page  using regular expression

2024-05-16 00:36:57 - [TEST_STEP][PASSED] - println("Transaction Approved, no errors text is present on the Confirmation page"): null

2024-05-16 00:36:57 - [TEST_STEP][PASSED] - out.println("Pass Record Number: " + row): null

2024-05-16 00:36:57 - [TEST_STEP][PASSED] - resText = "Pass": null

2024-05-16 00:36:57 - [TEST_STEP][PASSED] - pages.WriteExcel.demoKey(resText, datText, resColumn, datCloumn, fileLoc, nameSheet, row): pages.WriteExcel.demoKey is PASSED

2024-05-16 00:36:57 - [MESSAGE][PASSED] - pages.WriteExcel.demoKey is PASSED

2024-05-16 00:36:58 - [TEST_STEP][PASSED] - ExecuteTC = findTestData(dataFile).getValue("Execute", row): null

2024-05-16 00:36:58 - [TEST_STEP][PASSED] - out.println("Value of Execute is : " + ExecuteTC): null

2024-05-16 00:36:58 - [TEST_STEP][PASSED] - switch (executionProfile): null

2024-05-16 00:36:58 - [TEST_STEP][PASSED] - case "QA2Profile":: null

2024-05-16 00:36:58 - [TEST_STEP][PASSED] - appID = findTestData(dataFile).getValue("AppIDQA", row): null

2024-05-16 00:36:58 - [TEST_STEP][PASSED] - username = findTestData(dataFile).getValue("UsernameQA", row): null

2024-05-16 00:36:58 - [TEST_STEP][PASSED] - password = findTestData(dataFile).getValue("PasswordQA", row): null

2024-05-16 00:36:58 - [TEST_STEP][PASSED] - break: null

2024-05-16 00:36:58 - [TEST_STEP][PASSED] - if (ExecuteTC.equalsIgnoreCase("Y")): null

2024-05-16 00:36:58 - [TEST_STEP][PASSED] - out.println("Begin Record Number: " + row): null

2024-05-16 00:36:58 - [TEST_STEP][PASSED] - today = new java.util.Date(): null

2024-05-16 00:36:58 - [TEST_STEP][PASSED] - println(today): null

2024-05-16 00:36:58 - [TEST_STEP][PASSED] - datText = today: null

2024-05-16 00:36:58 - [TEST_STEP][PASSED] - checkType = findTestData(dataFile).getValue("CheckType", row): null

2024-05-16 00:36:58 - [TEST_STEP][PASSED] - acNumber = findTestData(dataFile).getValue("AcNumber", row): null

2024-05-16 00:36:58 - [TEST_STEP][PASSED] - company = findTestData(dataFile).getValue("Company", row): null

2024-05-16 00:36:58 - [TEST_STEP][PASSED] - acType = findTestData(dataFile).getValue("AcType", row): null

2024-05-16 00:36:58 - [TEST_STEP][PASSED] - rtn = findTestData(dataFile).getValue("RTN", row): null

2024-05-16 00:36:58 - [TEST_STEP][PASSED] - amount = findTestData(dataFile).getValue("Amount", row): null

2024-05-16 00:36:58 - [TEST_STEP][PASSED] - sec = findTestData(dataFile).getValue("SEC", row): null

2024-05-16 00:36:58 - [TEST_STEP][PASSED] - openBrowser(VLinkURL + "debit.html"): Browser is opened with url: 'https://dev-algorithm.govolution.com/vlinktest/QA2/version_2_0/debit.html'

2024-05-16 00:36:58 - [MESSAGE][WARNING] - A browser is already opened. Closing browser and opening a new one

2024-05-16 00:37:00 - [MESSAGE][INFO] - Starting 'Chrome' driver

2024-05-16 00:37:00 - [MESSAGE][INFO] - User set preference: ['acceptInsecureCerts', 'true']

2024-05-16 00:37:00 - [MESSAGE][INFO] - Action delay is set to 0 milliseconds

2024-05-16 00:37:01 - [MESSAGE][PASSED] - Browser is opened with url: 'https://dev-algorithm.govolution.com/vlinktest/QA2/version_2_0/debit.html'

2024-05-16 00:37:01 - [TEST_STEP][PASSED] - maximizeWindow(): Current window maximized

2024-05-16 00:37:02 - [MESSAGE][PASSED] - Current window maximized

2024-05-16 00:37:02 - [TEST_STEP][PASSED] - genRemID = RandomStringUtils.random(12, true, true): null

2024-05-16 00:37:02 - [TEST_STEP][PASSED] - setText(findTestObject("RecAndPlayBk/Page-Vlink-Debit/input_Remittance Id"), genRemID): Text 'qh6VZ52BKD6a' is set on object 'Object Repository/RecAndPlayBk/Page-Vlink-Debit/input_Remittance Id'

2024-05-16 00:37:03 - [MESSAGE][PASSED] - Text 'qh6VZ52BKD6a' is set on object 'Object Repository/RecAndPlayBk/Page-Vlink-Debit/input_Remittance Id'

2024-05-16 00:37:03 - [TEST_STEP][PASSED] - setText(findTestObject("RecAndPlayBk/Page-Vlink-Debit/input_Application Id"), appID): Text '234' is set on object 'Object Repository/RecAndPlayBk/Page-Vlink-Debit/input_Application Id'

2024-05-16 00:37:03 - [MESSAGE][PASSED] - Text '234' is set on object 'Object Repository/RecAndPlayBk/Page-Vlink-Debit/input_Application Id'

2024-05-16 00:37:03 - [TEST_STEP][PASSED] - setText(findTestObject("RecAndPlayBk/Page-Vlink-Debit/input_Username"), username): Text 'username' is set on object 'Object Repository/RecAndPlayBk/Page-Vlink-Debit/input_Username'

2024-05-16 00:37:04 - [MESSAGE][PASSED] - Text 'username' is set on object 'Object Repository/RecAndPlayBk/Page-Vlink-Debit/input_Username'

2024-05-16 00:37:04 - [TEST_STEP][PASSED] - setText(findTestObject("RecAndPlayBk/Page-Vlink-Debit/input_Password"), password): Text 'password' is set on object 'Object Repository/RecAndPlayBk/Page-Vlink-Debit/input_Password'

2024-05-16 00:37:05 - [MESSAGE][PASSED] - Text 'password' is set on object 'Object Repository/RecAndPlayBk/Page-Vlink-Debit/input_Password'

2024-05-16 00:37:05 - [TEST_STEP][PASSED] - setText(findTestObject("RecAndPlayBk/Page-Vlink-Debit/input_Check Type"), checkType): Text 'P' is set on object 'Object Repository/RecAndPlayBk/Page-Vlink-Debit/input_Check Type'

2024-05-16 00:37:05 - [MESSAGE][PASSED] - Text 'P' is set on object 'Object Repository/RecAndPlayBk/Page-Vlink-Debit/input_Check Type'

2024-05-16 00:37:05 - [TEST_STEP][PASSED] - setText(findTestObject("RecAndPlayBk/Page-Vlink-Debit/input_Account_check"), acNumber): Text '58963214' is set on object 'Object Repository/RecAndPlayBk/Page-Vlink-Debit/input_Account_check'

2024-05-16 00:37:06 - [MESSAGE][PASSED] - Text '58963214' is set on object 'Object Repository/RecAndPlayBk/Page-Vlink-Debit/input_Account_check'

2024-05-16 00:37:06 - [TEST_STEP][PASSED] - setText(findTestObject("RecAndPlayBk/Page-Vlink-Debit/input_Company_check"), company): Text '' is set on object 'Object Repository/RecAndPlayBk/Page-Vlink-Debit/input_Company_check'

2024-05-16 00:37:06 - [MESSAGE][PASSED] - Text '' is set on object 'Object Repository/RecAndPlayBk/Page-Vlink-Debit/input_Company_check'

2024-05-16 00:37:06 - [TEST_STEP][PASSED] - setText(findTestObject("RecAndPlayBk/Page-Vlink-Debit/input_Account Type"), acType): Text '2' is set on object 'Object Repository/RecAndPlayBk/Page-Vlink-Debit/input_Account Type'

2024-05-16 00:37:07 - [MESSAGE][PASSED] - Text '2' is set on object 'Object Repository/RecAndPlayBk/Page-Vlink-Debit/input_Account Type'

2024-05-16 00:37:07 - [TEST_STEP][PASSED] - setText(findTestObject("RecAndPlayBk/Page-Vlink-Debit/input_Routing Number"), rtn): Text '256072691' is set on object 'Object Repository/RecAndPlayBk/Page-Vlink-Debit/input_Routing Number'

2024-05-16 00:37:08 - [MESSAGE][PASSED] - Text '256072691' is set on object 'Object Repository/RecAndPlayBk/Page-Vlink-Debit/input_Routing Number'

2024-05-16 00:37:08 - [TEST_STEP][PASSED] - setText(findTestObject("RecAndPlayBk/Page-Vlink-Debit/input_Amount"), amount): Text '12.50' is set on object 'Object Repository/RecAndPlayBk/Page-Vlink-Debit/input_Amount'

2024-05-16 00:37:08 - [MESSAGE][PASSED] - Text '12.50' is set on object 'Object Repository/RecAndPlayBk/Page-Vlink-Debit/input_Amount'

2024-05-16 00:37:08 - [TEST_STEP][PASSED] - setText(findTestObject("RecAndPlayBk/Page-Vlink-Debit/input_Check Email"), ""): Text '' is set on object 'Object Repository/RecAndPlayBk/Page-Vlink-Debit/input_Check Email'

2024-05-16 00:37:09 - [MESSAGE][PASSED] - Text '' is set on object 'Object Repository/RecAndPlayBk/Page-Vlink-Debit/input_Check Email'

2024-05-16 00:37:09 - [TEST_STEP][PASSED] - setText(findTestObject("Object Repository/RecAndPlayBk/Page-Vlink-Debit/input_concat(CheckWriter, , s SSN)_check_ssn"), ""): Text '' is set on object 'Object Repository/RecAndPlayBk/Page-Vlink-Debit/input_concat(CheckWriter, , s SSN)_check_ssn'

2024-05-16 00:37:10 - [MESSAGE][PASSED] - Text '' is set on object 'Object Repository/RecAndPlayBk/Page-Vlink-Debit/input_concat(CheckWriter, , s SSN)_check_ssn'

2024-05-16 00:37:10 - [TEST_STEP][PASSED] - setText(findTestObject("Object Repository/RecAndPlayBk/Page-Vlink-Debit/input_concat(CheckWriter, , s License Numbe_020fef"), ""): Text '' is set on object 'Object Repository/RecAndPlayBk/Page-Vlink-Debit/input_concat(CheckWriter, , s License Numbe_020fef'

2024-05-16 00:37:10 - [MESSAGE][PASSED] - Text '' is set on object 'Object Repository/RecAndPlayBk/Page-Vlink-Debit/input_concat(CheckWriter, , s License Numbe_020fef'

2024-05-16 00:37:10 - [TEST_STEP][PASSED] - setText(findTestObject("Object Repository/RecAndPlayBk/Page-Vlink-Debit/input_concat(CheckWriter, , s License State_21e3e7"), ""): Text '' is set on object 'Object Repository/RecAndPlayBk/Page-Vlink-Debit/input_concat(CheckWriter, , s License State_21e3e7'

2024-05-16 00:37:11 - [MESSAGE][PASSED] - Text '' is set on object 'Object Repository/RecAndPlayBk/Page-Vlink-Debit/input_concat(CheckWriter, , s License State_21e3e7'

2024-05-16 00:37:11 - [TEST_STEP][PASSED] - setText(findTestObject("RecAndPlayBk/Page-Vlink-Debit/input_Standard Entry Class"), sec): Text 'TEL' is set on object 'Object Repository/RecAndPlayBk/Page-Vlink-Debit/input_Standard Entry Class'

2024-05-16 00:37:12 - [MESSAGE][PASSED] - Text 'TEL' is set on object 'Object Repository/RecAndPlayBk/Page-Vlink-Debit/input_Standard Entry Class'

2024-05-16 00:37:12 - [TEST_STEP][PASSED] - click(findTestObject("Object Repository/RecAndPlayBk/Page-Vlink-Debit/input")): Object: 'Object Repository/RecAndPlayBk/Page-Vlink-Debit/input' is clicked on

2024-05-16 00:37:13 - [MESSAGE][PASSED] - Object: 'Object Repository/RecAndPlayBk/Page-Vlink-Debit/input' is clicked on

2024-05-16 00:37:13 - [TEST_STEP][PASSED] - if (verifyTextPresent("Transaction approved, no errors", true)): null

2024-05-16 00:37:13 - [MESSAGE][PASSED] - Text 'Transaction approved, no errors' is present on page  using regular expression

2024-05-16 00:37:13 - [TEST_STEP][PASSED] - println("Transaction Approved, no errors text is present on the Confirmation page"): null

2024-05-16 00:37:13 - [TEST_STEP][PASSED] - out.println("Pass Record Number: " + row): null

2024-05-16 00:37:13 - [TEST_STEP][PASSED] - resText = "Pass": null

2024-05-16 00:37:13 - [TEST_STEP][PASSED] - pages.WriteExcel.demoKey(resText, datText, resColumn, datCloumn, fileLoc, nameSheet, row): pages.WriteExcel.demoKey is PASSED

2024-05-16 00:37:13 - [MESSAGE][PASSED] - pages.WriteExcel.demoKey is PASSED

2024-05-16 00:37:13 - [TEST_STEP][PASSED] - ExecuteTC = findTestData(dataFile).getValue("Execute", row): null

2024-05-16 00:37:13 - [TEST_STEP][PASSED] - out.println("Value of Execute is : " + ExecuteTC): null

2024-05-16 00:37:13 - [TEST_STEP][PASSED] - switch (executionProfile): null

2024-05-16 00:37:13 - [TEST_STEP][PASSED] - case "QA2Profile":: null

2024-05-16 00:37:13 - [TEST_STEP][PASSED] - appID = findTestData(dataFile).getValue("AppIDQA", row): null

2024-05-16 00:37:13 - [TEST_STEP][PASSED] - username = findTestData(dataFile).getValue("UsernameQA", row): null

2024-05-16 00:37:13 - [TEST_STEP][PASSED] - password = findTestData(dataFile).getValue("PasswordQA", row): null

2024-05-16 00:37:13 - [TEST_STEP][PASSED] - break: null

2024-05-16 00:37:13 - [TEST_STEP][PASSED] - if (ExecuteTC.equalsIgnoreCase("Y")): null

2024-05-16 00:37:13 - [TEST_STEP][PASSED] - out.println("Begin Record Number: " + row): null

2024-05-16 00:37:13 - [TEST_STEP][PASSED] - today = new java.util.Date(): null

2024-05-16 00:37:13 - [TEST_STEP][PASSED] - println(today): null

2024-05-16 00:37:13 - [TEST_STEP][PASSED] - datText = today: null

2024-05-16 00:37:13 - [TEST_STEP][PASSED] - checkType = findTestData(dataFile).getValue("CheckType", row): null

2024-05-16 00:37:13 - [TEST_STEP][PASSED] - acNumber = findTestData(dataFile).getValue("AcNumber", row): null

2024-05-16 00:37:13 - [TEST_STEP][PASSED] - company = findTestData(dataFile).getValue("Company", row): null

2024-05-16 00:37:14 - [TEST_STEP][PASSED] - acType = findTestData(dataFile).getValue("AcType", row): null

2024-05-16 00:37:14 - [TEST_STEP][PASSED] - rtn = findTestData(dataFile).getValue("RTN", row): null

2024-05-16 00:37:14 - [TEST_STEP][PASSED] - amount = findTestData(dataFile).getValue("Amount", row): null

2024-05-16 00:37:14 - [TEST_STEP][PASSED] - sec = findTestData(dataFile).getValue("SEC", row): null

2024-05-16 00:37:14 - [TEST_STEP][PASSED] - openBrowser(VLinkURL + "debit.html"): Browser is opened with url: 'https://dev-algorithm.govolution.com/vlinktest/QA2/version_2_0/debit.html'

2024-05-16 00:37:14 - [MESSAGE][WARNING] - A browser is already opened. Closing browser and opening a new one

2024-05-16 00:37:15 - [MESSAGE][INFO] - Starting 'Chrome' driver

2024-05-16 00:37:15 - [MESSAGE][INFO] - User set preference: ['acceptInsecureCerts', 'true']

2024-05-16 00:37:15 - [MESSAGE][INFO] - Action delay is set to 0 milliseconds

2024-05-16 00:37:17 - [MESSAGE][PASSED] - Browser is opened with url: 'https://dev-algorithm.govolution.com/vlinktest/QA2/version_2_0/debit.html'

2024-05-16 00:37:17 - [TEST_STEP][PASSED] - maximizeWindow(): Current window maximized

2024-05-16 00:37:18 - [MESSAGE][PASSED] - Current window maximized

2024-05-16 00:37:18 - [TEST_STEP][PASSED] - genRemID = RandomStringUtils.random(12, true, true): null

2024-05-16 00:37:18 - [TEST_STEP][PASSED] - setText(findTestObject("RecAndPlayBk/Page-Vlink-Debit/input_Remittance Id"), genRemID): Text 'vlWEuXfhGC1i' is set on object 'Object Repository/RecAndPlayBk/Page-Vlink-Debit/input_Remittance Id'

2024-05-16 00:37:18 - [MESSAGE][PASSED] - Text 'vlWEuXfhGC1i' is set on object 'Object Repository/RecAndPlayBk/Page-Vlink-Debit/input_Remittance Id'

2024-05-16 00:37:18 - [TEST_STEP][PASSED] - setText(findTestObject("RecAndPlayBk/Page-Vlink-Debit/input_Application Id"), appID): Text '234' is set on object 'Object Repository/RecAndPlayBk/Page-Vlink-Debit/input_Application Id'

2024-05-16 00:37:19 - [MESSAGE][PASSED] - Text '234' is set on object 'Object Repository/RecAndPlayBk/Page-Vlink-Debit/input_Application Id'

2024-05-16 00:37:19 - [TEST_STEP][PASSED] - setText(findTestObject("RecAndPlayBk/Page-Vlink-Debit/input_Username"), username): Text 'username' is set on object 'Object Repository/RecAndPlayBk/Page-Vlink-Debit/input_Username'

2024-05-16 00:37:20 - [MESSAGE][PASSED] - Text 'username' is set on object 'Object Repository/RecAndPlayBk/Page-Vlink-Debit/input_Username'

2024-05-16 00:37:20 - [TEST_STEP][PASSED] - setText(findTestObject("RecAndPlayBk/Page-Vlink-Debit/input_Password"), password): Text 'password' is set on object 'Object Repository/RecAndPlayBk/Page-Vlink-Debit/input_Password'

2024-05-16 00:37:20 - [MESSAGE][PASSED] - Text 'password' is set on object 'Object Repository/RecAndPlayBk/Page-Vlink-Debit/input_Password'

2024-05-16 00:37:20 - [TEST_STEP][PASSED] - setText(findTestObject("RecAndPlayBk/Page-Vlink-Debit/input_Check Type"), checkType): Text 'P' is set on object 'Object Repository/RecAndPlayBk/Page-Vlink-Debit/input_Check Type'

2024-05-16 00:37:21 - [MESSAGE][PASSED] - Text 'P' is set on object 'Object Repository/RecAndPlayBk/Page-Vlink-Debit/input_Check Type'

2024-05-16 00:37:21 - [TEST_STEP][PASSED] - setText(findTestObject("RecAndPlayBk/Page-Vlink-Debit/input_Account_check"), acNumber): Text '58963214' is set on object 'Object Repository/RecAndPlayBk/Page-Vlink-Debit/input_Account_check'

2024-05-16 00:37:22 - [MESSAGE][PASSED] - Text '58963214' is set on object 'Object Repository/RecAndPlayBk/Page-Vlink-Debit/input_Account_check'

2024-05-16 00:37:22 - [TEST_STEP][PASSED] - setText(findTestObject("RecAndPlayBk/Page-Vlink-Debit/input_Company_check"), company): Text '' is set on object 'Object Repository/RecAndPlayBk/Page-Vlink-Debit/input_Company_check'

2024-05-16 00:37:22 - [MESSAGE][PASSED] - Text '' is set on object 'Object Repository/RecAndPlayBk/Page-Vlink-Debit/input_Company_check'

2024-05-16 00:37:22 - [TEST_STEP][PASSED] - setText(findTestObject("RecAndPlayBk/Page-Vlink-Debit/input_Account Type"), acType): Text '2' is set on object 'Object Repository/RecAndPlayBk/Page-Vlink-Debit/input_Account Type'

2024-05-16 00:37:23 - [MESSAGE][PASSED] - Text '2' is set on object 'Object Repository/RecAndPlayBk/Page-Vlink-Debit/input_Account Type'

2024-05-16 00:37:23 - [TEST_STEP][PASSED] - setText(findTestObject("RecAndPlayBk/Page-Vlink-Debit/input_Routing Number"), rtn): Text '256072691' is set on object 'Object Repository/RecAndPlayBk/Page-Vlink-Debit/input_Routing Number'

2024-05-16 00:37:24 - [MESSAGE][PASSED] - Text '256072691' is set on object 'Object Repository/RecAndPlayBk/Page-Vlink-Debit/input_Routing Number'

2024-05-16 00:37:24 - [TEST_STEP][PASSED] - setText(findTestObject("RecAndPlayBk/Page-Vlink-Debit/input_Amount"), amount): Text '12.50' is set on object 'Object Repository/RecAndPlayBk/Page-Vlink-Debit/input_Amount'

2024-05-16 00:37:24 - [MESSAGE][PASSED] - Text '12.50' is set on object 'Object Repository/RecAndPlayBk/Page-Vlink-Debit/input_Amount'

2024-05-16 00:37:24 - [TEST_STEP][PASSED] - setText(findTestObject("RecAndPlayBk/Page-Vlink-Debit/input_Check Email"), ""): Text '' is set on object 'Object Repository/RecAndPlayBk/Page-Vlink-Debit/input_Check Email'

2024-05-16 00:37:25 - [MESSAGE][PASSED] - Text '' is set on object 'Object Repository/RecAndPlayBk/Page-Vlink-Debit/input_Check Email'

2024-05-16 00:37:25 - [TEST_STEP][PASSED] - setText(findTestObject("Object Repository/RecAndPlayBk/Page-Vlink-Debit/input_concat(CheckWriter, , s SSN)_check_ssn"), ""): Text '' is set on object 'Object Repository/RecAndPlayBk/Page-Vlink-Debit/input_concat(CheckWriter, , s SSN)_check_ssn'

2024-05-16 00:37:26 - [MESSAGE][PASSED] - Text '' is set on object 'Object Repository/RecAndPlayBk/Page-Vlink-Debit/input_concat(CheckWriter, , s SSN)_check_ssn'

2024-05-16 00:37:26 - [TEST_STEP][PASSED] - setText(findTestObject("Object Repository/RecAndPlayBk/Page-Vlink-Debit/input_concat(CheckWriter, , s License Numbe_020fef"), ""): Text '' is set on object 'Object Repository/RecAndPlayBk/Page-Vlink-Debit/input_concat(CheckWriter, , s License Numbe_020fef'

2024-05-16 00:37:26 - [MESSAGE][PASSED] - Text '' is set on object 'Object Repository/RecAndPlayBk/Page-Vlink-Debit/input_concat(CheckWriter, , s License Numbe_020fef'

2024-05-16 00:37:26 - [TEST_STEP][PASSED] - setText(findTestObject("Object Repository/RecAndPlayBk/Page-Vlink-Debit/input_concat(CheckWriter, , s License State_21e3e7"), ""): Text '' is set on object 'Object Repository/RecAndPlayBk/Page-Vlink-Debit/input_concat(CheckWriter, , s License State_21e3e7'

2024-05-16 00:37:27 - [MESSAGE][PASSED] - Text '' is set on object 'Object Repository/RecAndPlayBk/Page-Vlink-Debit/input_concat(CheckWriter, , s License State_21e3e7'

2024-05-16 00:37:27 - [TEST_STEP][PASSED] - setText(findTestObject("RecAndPlayBk/Page-Vlink-Debit/input_Standard Entry Class"), sec): Text 'PPD' is set on object 'Object Repository/RecAndPlayBk/Page-Vlink-Debit/input_Standard Entry Class'

2024-05-16 00:37:28 - [MESSAGE][PASSED] - Text 'PPD' is set on object 'Object Repository/RecAndPlayBk/Page-Vlink-Debit/input_Standard Entry Class'

2024-05-16 00:37:28 - [TEST_STEP][PASSED] - click(findTestObject("Object Repository/RecAndPlayBk/Page-Vlink-Debit/input")): Object: 'Object Repository/RecAndPlayBk/Page-Vlink-Debit/input' is clicked on

2024-05-16 00:37:29 - [MESSAGE][PASSED] - Object: 'Object Repository/RecAndPlayBk/Page-Vlink-Debit/input' is clicked on

2024-05-16 00:37:29 - [TEST_STEP][PASSED] - if (verifyTextPresent("Transaction approved, no errors", true)): null

2024-05-16 00:37:29 - [MESSAGE][PASSED] - Text 'Transaction approved, no errors' is present on page  using regular expression

2024-05-16 00:37:29 - [TEST_STEP][PASSED] - println("Transaction Approved, no errors text is present on the Confirmation page"): null

2024-05-16 00:37:29 - [TEST_STEP][PASSED] - out.println("Pass Record Number: " + row): null

2024-05-16 00:37:29 - [TEST_STEP][PASSED] - resText = "Pass": null

2024-05-16 00:37:29 - [TEST_STEP][PASSED] - pages.WriteExcel.demoKey(resText, datText, resColumn, datCloumn, fileLoc, nameSheet, row): pages.WriteExcel.demoKey is PASSED

2024-05-16 00:37:29 - [MESSAGE][PASSED] - pages.WriteExcel.demoKey is PASSED

2024-05-16 00:37:29 - [TEST_STEP][PASSED] - ExecuteTC = findTestData(dataFile).getValue("Execute", row): null

2024-05-16 00:37:29 - [TEST_STEP][PASSED] - out.println("Value of Execute is : " + ExecuteTC): null

2024-05-16 00:37:29 - [TEST_STEP][PASSED] - switch (executionProfile): null

2024-05-16 00:37:29 - [TEST_STEP][PASSED] - case "QA2Profile":: null

2024-05-16 00:37:29 - [TEST_STEP][PASSED] - appID = findTestData(dataFile).getValue("AppIDQA", row): null

2024-05-16 00:37:29 - [TEST_STEP][PASSED] - username = findTestData(dataFile).getValue("UsernameQA", row): null

2024-05-16 00:37:29 - [TEST_STEP][PASSED] - password = findTestData(dataFile).getValue("PasswordQA", row): null

2024-05-16 00:37:29 - [TEST_STEP][PASSED] - break: null

2024-05-16 00:37:29 - [TEST_STEP][PASSED] - if (ExecuteTC.equalsIgnoreCase("Y")): null

2024-05-16 00:37:29 - [TEST_STEP][PASSED] - out.println("Begin Record Number: " + row): null

2024-05-16 00:37:29 - [TEST_STEP][PASSED] - today = new java.util.Date(): null

2024-05-16 00:37:29 - [TEST_STEP][PASSED] - println(today): null

2024-05-16 00:37:29 - [TEST_STEP][PASSED] - datText = today: null

2024-05-16 00:37:29 - [TEST_STEP][PASSED] - checkType = findTestData(dataFile).getValue("CheckType", row): null

2024-05-16 00:37:29 - [TEST_STEP][PASSED] - acNumber = findTestData(dataFile).getValue("AcNumber", row): null

2024-05-16 00:37:29 - [TEST_STEP][PASSED] - company = findTestData(dataFile).getValue("Company", row): null

2024-05-16 00:37:29 - [TEST_STEP][PASSED] - acType = findTestData(dataFile).getValue("AcType", row): null

2024-05-16 00:37:29 - [TEST_STEP][PASSED] - rtn = findTestData(dataFile).getValue("RTN", row): null

2024-05-16 00:37:30 - [TEST_STEP][PASSED] - amount = findTestData(dataFile).getValue("Amount", row): null

2024-05-16 00:37:30 - [TEST_STEP][PASSED] - sec = findTestData(dataFile).getValue("SEC", row): null

2024-05-16 00:37:30 - [TEST_STEP][PASSED] - openBrowser(VLinkURL + "debit.html"): Browser is opened with url: 'https://dev-algorithm.govolution.com/vlinktest/QA2/version_2_0/debit.html'

2024-05-16 00:37:30 - [MESSAGE][WARNING] - A browser is already opened. Closing browser and opening a new one

2024-05-16 00:37:31 - [MESSAGE][INFO] - Starting 'Chrome' driver

2024-05-16 00:37:31 - [MESSAGE][INFO] - User set preference: ['acceptInsecureCerts', 'true']

2024-05-16 00:37:31 - [MESSAGE][INFO] - Action delay is set to 0 milliseconds

2024-05-16 00:37:33 - [MESSAGE][PASSED] - Browser is opened with url: 'https://dev-algorithm.govolution.com/vlinktest/QA2/version_2_0/debit.html'

2024-05-16 00:37:33 - [TEST_STEP][PASSED] - maximizeWindow(): Current window maximized

2024-05-16 00:37:34 - [MESSAGE][PASSED] - Current window maximized

2024-05-16 00:37:34 - [TEST_STEP][PASSED] - genRemID = RandomStringUtils.random(12, true, true): null

2024-05-16 00:37:34 - [TEST_STEP][PASSED] - setText(findTestObject("RecAndPlayBk/Page-Vlink-Debit/input_Remittance Id"), genRemID): Text '77eljSM5Zut0' is set on object 'Object Repository/RecAndPlayBk/Page-Vlink-Debit/input_Remittance Id'

2024-05-16 00:37:34 - [MESSAGE][PASSED] - Text '77eljSM5Zut0' is set on object 'Object Repository/RecAndPlayBk/Page-Vlink-Debit/input_Remittance Id'

2024-05-16 00:37:34 - [TEST_STEP][PASSED] - setText(findTestObject("RecAndPlayBk/Page-Vlink-Debit/input_Application Id"), appID): Text '234' is set on object 'Object Repository/RecAndPlayBk/Page-Vlink-Debit/input_Application Id'

2024-05-16 00:37:35 - [MESSAGE][PASSED] - Text '234' is set on object 'Object Repository/RecAndPlayBk/Page-Vlink-Debit/input_Application Id'

2024-05-16 00:37:35 - [TEST_STEP][PASSED] - setText(findTestObject("RecAndPlayBk/Page-Vlink-Debit/input_Username"), username): Text 'username' is set on object 'Object Repository/RecAndPlayBk/Page-Vlink-Debit/input_Username'

2024-05-16 00:37:36 - [MESSAGE][PASSED] - Text 'username' is set on object 'Object Repository/RecAndPlayBk/Page-Vlink-Debit/input_Username'

2024-05-16 00:37:36 - [TEST_STEP][PASSED] - setText(findTestObject("RecAndPlayBk/Page-Vlink-Debit/input_Password"), password): Text 'password' is set on object 'Object Repository/RecAndPlayBk/Page-Vlink-Debit/input_Password'

2024-05-16 00:37:36 - [MESSAGE][PASSED] - Text 'password' is set on object 'Object Repository/RecAndPlayBk/Page-Vlink-Debit/input_Password'

2024-05-16 00:37:36 - [TEST_STEP][PASSED] - setText(findTestObject("RecAndPlayBk/Page-Vlink-Debit/input_Check Type"), checkType): Text 'C' is set on object 'Object Repository/RecAndPlayBk/Page-Vlink-Debit/input_Check Type'

2024-05-16 00:37:37 - [MESSAGE][PASSED] - Text 'C' is set on object 'Object Repository/RecAndPlayBk/Page-Vlink-Debit/input_Check Type'

2024-05-16 00:37:37 - [TEST_STEP][PASSED] - setText(findTestObject("RecAndPlayBk/Page-Vlink-Debit/input_Account_check"), acNumber): Text '58963214' is set on object 'Object Repository/RecAndPlayBk/Page-Vlink-Debit/input_Account_check'

2024-05-16 00:37:38 - [MESSAGE][PASSED] - Text '58963214' is set on object 'Object Repository/RecAndPlayBk/Page-Vlink-Debit/input_Account_check'

2024-05-16 00:37:38 - [TEST_STEP][PASSED] - setText(findTestObject("RecAndPlayBk/Page-Vlink-Debit/input_Company_check"), company): Text 'My Company' is set on object 'Object Repository/RecAndPlayBk/Page-Vlink-Debit/input_Company_check'

2024-05-16 00:37:38 - [MESSAGE][PASSED] - Text 'My Company' is set on object 'Object Repository/RecAndPlayBk/Page-Vlink-Debit/input_Company_check'

2024-05-16 00:37:38 - [TEST_STEP][PASSED] - setText(findTestObject("RecAndPlayBk/Page-Vlink-Debit/input_Account Type"), acType): Text '' is set on object 'Object Repository/RecAndPlayBk/Page-Vlink-Debit/input_Account Type'

2024-05-16 00:37:39 - [MESSAGE][PASSED] - Text '' is set on object 'Object Repository/RecAndPlayBk/Page-Vlink-Debit/input_Account Type'

2024-05-16 00:37:39 - [TEST_STEP][PASSED] - setText(findTestObject("RecAndPlayBk/Page-Vlink-Debit/input_Routing Number"), rtn): Text '256072691' is set on object 'Object Repository/RecAndPlayBk/Page-Vlink-Debit/input_Routing Number'

2024-05-16 00:37:39 - [MESSAGE][PASSED] - Text '256072691' is set on object 'Object Repository/RecAndPlayBk/Page-Vlink-Debit/input_Routing Number'

2024-05-16 00:37:39 - [TEST_STEP][PASSED] - setText(findTestObject("RecAndPlayBk/Page-Vlink-Debit/input_Amount"), amount): Text '12.50' is set on object 'Object Repository/RecAndPlayBk/Page-Vlink-Debit/input_Amount'

2024-05-16 00:37:40 - [MESSAGE][PASSED] - Text '12.50' is set on object 'Object Repository/RecAndPlayBk/Page-Vlink-Debit/input_Amount'

2024-05-16 00:37:40 - [TEST_STEP][PASSED] - setText(findTestObject("RecAndPlayBk/Page-Vlink-Debit/input_Check Email"), ""): Text '' is set on object 'Object Repository/RecAndPlayBk/Page-Vlink-Debit/input_Check Email'

2024-05-16 00:37:41 - [MESSAGE][PASSED] - Text '' is set on object 'Object Repository/RecAndPlayBk/Page-Vlink-Debit/input_Check Email'

2024-05-16 00:37:41 - [TEST_STEP][PASSED] - setText(findTestObject("Object Repository/RecAndPlayBk/Page-Vlink-Debit/input_concat(CheckWriter, , s SSN)_check_ssn"), ""): Text '' is set on object 'Object Repository/RecAndPlayBk/Page-Vlink-Debit/input_concat(CheckWriter, , s SSN)_check_ssn'

2024-05-16 00:37:41 - [MESSAGE][PASSED] - Text '' is set on object 'Object Repository/RecAndPlayBk/Page-Vlink-Debit/input_concat(CheckWriter, , s SSN)_check_ssn'

2024-05-16 00:37:41 - [TEST_STEP][PASSED] - setText(findTestObject("Object Repository/RecAndPlayBk/Page-Vlink-Debit/input_concat(CheckWriter, , s License Numbe_020fef"), ""): Text '' is set on object 'Object Repository/RecAndPlayBk/Page-Vlink-Debit/input_concat(CheckWriter, , s License Numbe_020fef'

2024-05-16 00:37:42 - [MESSAGE][PASSED] - Text '' is set on object 'Object Repository/RecAndPlayBk/Page-Vlink-Debit/input_concat(CheckWriter, , s License Numbe_020fef'

2024-05-16 00:37:42 - [TEST_STEP][PASSED] - setText(findTestObject("Object Repository/RecAndPlayBk/Page-Vlink-Debit/input_concat(CheckWriter, , s License State_21e3e7"), ""): Text '' is set on object 'Object Repository/RecAndPlayBk/Page-Vlink-Debit/input_concat(CheckWriter, , s License State_21e3e7'

2024-05-16 00:37:43 - [MESSAGE][PASSED] - Text '' is set on object 'Object Repository/RecAndPlayBk/Page-Vlink-Debit/input_concat(CheckWriter, , s License State_21e3e7'

2024-05-16 00:37:43 - [TEST_STEP][PASSED] - setText(findTestObject("RecAndPlayBk/Page-Vlink-Debit/input_Standard Entry Class"), sec): Text 'CCD' is set on object 'Object Repository/RecAndPlayBk/Page-Vlink-Debit/input_Standard Entry Class'

2024-05-16 00:37:43 - [MESSAGE][PASSED] - Text 'CCD' is set on object 'Object Repository/RecAndPlayBk/Page-Vlink-Debit/input_Standard Entry Class'

2024-05-16 00:37:43 - [TEST_STEP][PASSED] - click(findTestObject("Object Repository/RecAndPlayBk/Page-Vlink-Debit/input")): Object: 'Object Repository/RecAndPlayBk/Page-Vlink-Debit/input' is clicked on

2024-05-16 00:37:44 - [MESSAGE][PASSED] - Object: 'Object Repository/RecAndPlayBk/Page-Vlink-Debit/input' is clicked on

2024-05-16 00:37:44 - [TEST_STEP][PASSED] - if (verifyTextPresent("Transaction approved, no errors", true)): null

2024-05-16 00:37:45 - [MESSAGE][PASSED] - Text 'Transaction approved, no errors' is present on page  using regular expression

2024-05-16 00:37:45 - [TEST_STEP][PASSED] - println("Transaction Approved, no errors text is present on the Confirmation page"): null

2024-05-16 00:37:45 - [TEST_STEP][PASSED] - out.println("Pass Record Number: " + row): null

2024-05-16 00:37:45 - [TEST_STEP][PASSED] - resText = "Pass": null

2024-05-16 00:37:45 - [TEST_STEP][PASSED] - pages.WriteExcel.demoKey(resText, datText, resColumn, datCloumn, fileLoc, nameSheet, row): pages.WriteExcel.demoKey is PASSED

2024-05-16 00:37:45 - [MESSAGE][PASSED] - pages.WriteExcel.demoKey is PASSED]]></system-out>
         <system-err><![CDATA[]]></system-err>
      </testcase>
      <testcase name="Test Cases/RecAndPlayBk/VLink/Debit-ZeroDollar-Error" time="109.38" classname="Test Cases/RecAndPlayBk/VLink/Debit-ZeroDollar-Error" status="PASSED">
         <system-out><![CDATA[2024-05-16 00:37:45 - [TEST_CASE][PASSED] - Test Cases/RecAndPlayBk/VLink/Debit-ZeroDollar-Error: Test Cases/RecAndPlayBk/VLink/Debit-ZeroDollar-Error

2024-05-16 00:37:45 - [TEST_STEP][PASSED] - executionProfile = getExecutionProfile(): null

2024-05-16 00:37:45 - [TEST_STEP][PASSED] - out.println("executionProfile : " + executionProfile): null

2024-05-16 00:37:45 - [TEST_STEP][PASSED] - appName = <not implemented yet for class: org.codehaus.groovy.ast.expr.EmptyExpression>: null

2024-05-16 00:37:45 - [TEST_STEP][PASSED] - appID = <not implemented yet for class: org.codehaus.groovy.ast.expr.EmptyExpression>: null

2024-05-16 00:37:45 - [TEST_STEP][PASSED] - username = <not implemented yet for class: org.codehaus.groovy.ast.expr.EmptyExpression>: null

2024-05-16 00:37:45 - [TEST_STEP][PASSED] - password = <not implemented yet for class: org.codehaus.groovy.ast.expr.EmptyExpression>: null

2024-05-16 00:37:45 - [TEST_STEP][PASSED] - cardNameV = <not implemented yet for class: org.codehaus.groovy.ast.expr.EmptyExpression>: null

2024-05-16 00:37:45 - [TEST_STEP][PASSED] - al1V = <not implemented yet for class: org.codehaus.groovy.ast.expr.EmptyExpression>: null

2024-05-16 00:37:45 - [TEST_STEP][PASSED] - al2V = <not implemented yet for class: org.codehaus.groovy.ast.expr.EmptyExpression>: null

2024-05-16 00:37:45 - [TEST_STEP][PASSED] - zipV = <not implemented yet for class: org.codehaus.groovy.ast.expr.EmptyExpression>: null

2024-05-16 00:37:45 - [TEST_STEP][PASSED] - cardTypeV = <not implemented yet for class: org.codehaus.groovy.ast.expr.EmptyExpression>: null

2024-05-16 00:37:45 - [TEST_STEP][PASSED] - last4V = <not implemented yet for class: org.codehaus.groovy.ast.expr.EmptyExpression>: null

2024-05-16 00:37:45 - [TEST_STEP][PASSED] - resText = "Fail": null

2024-05-16 00:37:45 - [TEST_STEP][PASSED] - resColumn = "Result": null

2024-05-16 00:37:45 - [TEST_STEP][PASSED] - datCloumn = "Date": null

2024-05-16 00:37:45 - [TEST_STEP][PASSED] - fileLoc = "KatalonData/VLinkSmokeDataACH.xlsx": null

2024-05-16 00:37:45 - [TEST_STEP][PASSED] - numOfRows = <not implemented yet for class: org.codehaus.groovy.ast.expr.EmptyExpression>: null

2024-05-16 00:37:45 - [TEST_STEP][PASSED] - dataFile = <not implemented yet for class: org.codehaus.groovy.ast.expr.EmptyExpression>: null

2024-05-16 00:37:45 - [TEST_STEP][PASSED] - nameSheet = <not implemented yet for class: org.codehaus.groovy.ast.expr.EmptyExpression>: null

2024-05-16 00:37:45 - [TEST_STEP][PASSED] - nameSheet = "Debit-ZeroDollar": null

2024-05-16 00:37:45 - [TEST_STEP][PASSED] - numOfRows = findTestData("QA/VLinkTestData/VLinkDebitZeroDollar").getRowNumbers(): null

2024-05-16 00:37:45 - [TEST_STEP][PASSED] - println("Number of Records: " + numOfRows): null

2024-05-16 00:37:45 - [TEST_STEP][PASSED] - dataFile = "QA/VLinkTestData/VLinkDebitZeroDollar": null

2024-05-16 00:37:45 - [TEST_STEP][PASSED] - for ([row = 1, row <= numOfRows, (row++)]): null

2024-05-16 00:37:45 - [TEST_STEP][PASSED] - ExecuteTC = findTestData(dataFile).getValue("Execute", row): null

2024-05-16 00:37:45 - [TEST_STEP][PASSED] - out.println("Value of Execute is : " + ExecuteTC): null

2024-05-16 00:37:45 - [TEST_STEP][PASSED] - switch (executionProfile): null

2024-05-16 00:37:45 - [TEST_STEP][PASSED] - case "QA2Profile":: null

2024-05-16 00:37:45 - [TEST_STEP][PASSED] - appID = findTestData(dataFile).getValue("AppIDQA", row): null

2024-05-16 00:37:45 - [TEST_STEP][PASSED] - username = findTestData(dataFile).getValue("UsernameQA", row): null

2024-05-16 00:37:46 - [TEST_STEP][PASSED] - password = findTestData(dataFile).getValue("PasswordQA", row): null

2024-05-16 00:37:46 - [TEST_STEP][PASSED] - break: null

2024-05-16 00:37:46 - [TEST_STEP][PASSED] - if (ExecuteTC.equalsIgnoreCase("Y")): null

2024-05-16 00:37:46 - [TEST_STEP][PASSED] - out.println("Begin Record Number: " + row): null

2024-05-16 00:37:46 - [TEST_STEP][PASSED] - today = new java.util.Date(): null

2024-05-16 00:37:46 - [TEST_STEP][PASSED] - println(today): null

2024-05-16 00:37:46 - [TEST_STEP][PASSED] - datText = today: null

2024-05-16 00:37:46 - [TEST_STEP][PASSED] - checkType = findTestData(dataFile).getValue("CheckType", row): null

2024-05-16 00:37:46 - [TEST_STEP][PASSED] - acNumber = findTestData(dataFile).getValue("AcNumber", row): null

2024-05-16 00:37:46 - [TEST_STEP][PASSED] - company = findTestData(dataFile).getValue("Company", row): null

2024-05-16 00:37:46 - [TEST_STEP][PASSED] - acType = findTestData(dataFile).getValue("AcType", row): null

2024-05-16 00:37:46 - [TEST_STEP][PASSED] - rtn = findTestData(dataFile).getValue("RTN", row): null

2024-05-16 00:37:46 - [TEST_STEP][PASSED] - amount = findTestData(dataFile).getValue("Amount", row): null

2024-05-16 00:37:46 - [TEST_STEP][PASSED] - sec = findTestData(dataFile).getValue("SEC", row): null

2024-05-16 00:37:46 - [TEST_STEP][PASSED] - openBrowser(VLinkURL + "debit.html"): Browser is opened with url: 'https://dev-algorithm.govolution.com/vlinktest/QA2/version_2_0/debit.html'

2024-05-16 00:37:46 - [MESSAGE][WARNING] - A browser is already opened. Closing browser and opening a new one

2024-05-16 00:37:48 - [MESSAGE][INFO] - Starting 'Chrome' driver

2024-05-16 00:37:48 - [MESSAGE][INFO] - User set preference: ['acceptInsecureCerts', 'true']

2024-05-16 00:37:48 - [MESSAGE][INFO] - Action delay is set to 0 milliseconds

2024-05-16 00:37:50 - [MESSAGE][PASSED] - Browser is opened with url: 'https://dev-algorithm.govolution.com/vlinktest/QA2/version_2_0/debit.html'

2024-05-16 00:37:50 - [TEST_STEP][PASSED] - maximizeWindow(): Current window maximized

2024-05-16 00:37:50 - [MESSAGE][PASSED] - Current window maximized

2024-05-16 00:37:50 - [TEST_STEP][PASSED] - genRemID = RandomStringUtils.random(12, true, true): null

2024-05-16 00:37:50 - [TEST_STEP][PASSED] - setText(findTestObject("RecAndPlayBk/Page-Vlink-Debit/input_Remittance Id"), genRemID): Text 'sxhnPfj3jmnE' is set on object 'Object Repository/RecAndPlayBk/Page-Vlink-Debit/input_Remittance Id'

2024-05-16 00:37:51 - [MESSAGE][PASSED] - Text 'sxhnPfj3jmnE' is set on object 'Object Repository/RecAndPlayBk/Page-Vlink-Debit/input_Remittance Id'

2024-05-16 00:37:51 - [TEST_STEP][PASSED] - setText(findTestObject("RecAndPlayBk/Page-Vlink-Debit/input_Application Id"), appID): Text '234' is set on object 'Object Repository/RecAndPlayBk/Page-Vlink-Debit/input_Application Id'

2024-05-16 00:37:51 - [MESSAGE][PASSED] - Text '234' is set on object 'Object Repository/RecAndPlayBk/Page-Vlink-Debit/input_Application Id'

2024-05-16 00:37:51 - [TEST_STEP][PASSED] - setText(findTestObject("RecAndPlayBk/Page-Vlink-Debit/input_Username"), username): Text 'username' is set on object 'Object Repository/RecAndPlayBk/Page-Vlink-Debit/input_Username'

2024-05-16 00:37:52 - [MESSAGE][PASSED] - Text 'username' is set on object 'Object Repository/RecAndPlayBk/Page-Vlink-Debit/input_Username'

2024-05-16 00:37:52 - [TEST_STEP][PASSED] - setText(findTestObject("RecAndPlayBk/Page-Vlink-Debit/input_Password"), password): Text 'password' is set on object 'Object Repository/RecAndPlayBk/Page-Vlink-Debit/input_Password'

2024-05-16 00:37:53 - [MESSAGE][PASSED] - Text 'password' is set on object 'Object Repository/RecAndPlayBk/Page-Vlink-Debit/input_Password'

2024-05-16 00:37:53 - [TEST_STEP][PASSED] - setText(findTestObject("RecAndPlayBk/Page-Vlink-Debit/input_Check Type"), checkType): Text 'P' is set on object 'Object Repository/RecAndPlayBk/Page-Vlink-Debit/input_Check Type'

2024-05-16 00:37:53 - [MESSAGE][PASSED] - Text 'P' is set on object 'Object Repository/RecAndPlayBk/Page-Vlink-Debit/input_Check Type'

2024-05-16 00:37:53 - [TEST_STEP][PASSED] - setText(findTestObject("RecAndPlayBk/Page-Vlink-Debit/input_Account_check"), acNumber): Text '58963214' is set on object 'Object Repository/RecAndPlayBk/Page-Vlink-Debit/input_Account_check'

2024-05-16 00:37:54 - [MESSAGE][PASSED] - Text '58963214' is set on object 'Object Repository/RecAndPlayBk/Page-Vlink-Debit/input_Account_check'

2024-05-16 00:37:54 - [TEST_STEP][PASSED] - setText(findTestObject("RecAndPlayBk/Page-Vlink-Debit/input_Company_check"), company): Text '' is set on object 'Object Repository/RecAndPlayBk/Page-Vlink-Debit/input_Company_check'

2024-05-16 00:37:55 - [MESSAGE][PASSED] - Text '' is set on object 'Object Repository/RecAndPlayBk/Page-Vlink-Debit/input_Company_check'

2024-05-16 00:37:55 - [TEST_STEP][PASSED] - setText(findTestObject("RecAndPlayBk/Page-Vlink-Debit/input_Account Type"), acType): Text '1' is set on object 'Object Repository/RecAndPlayBk/Page-Vlink-Debit/input_Account Type'

2024-05-16 00:37:55 - [MESSAGE][PASSED] - Text '1' is set on object 'Object Repository/RecAndPlayBk/Page-Vlink-Debit/input_Account Type'

2024-05-16 00:37:55 - [TEST_STEP][PASSED] - setText(findTestObject("RecAndPlayBk/Page-Vlink-Debit/input_Routing Number"), rtn): Text '256072691' is set on object 'Object Repository/RecAndPlayBk/Page-Vlink-Debit/input_Routing Number'

2024-05-16 00:37:56 - [MESSAGE][PASSED] - Text '256072691' is set on object 'Object Repository/RecAndPlayBk/Page-Vlink-Debit/input_Routing Number'

2024-05-16 00:37:56 - [TEST_STEP][PASSED] - setText(findTestObject("RecAndPlayBk/Page-Vlink-Debit/input_Amount"), amount): Text '0' is set on object 'Object Repository/RecAndPlayBk/Page-Vlink-Debit/input_Amount'

2024-05-16 00:37:57 - [MESSAGE][PASSED] - Text '0' is set on object 'Object Repository/RecAndPlayBk/Page-Vlink-Debit/input_Amount'

2024-05-16 00:37:57 - [TEST_STEP][PASSED] - setText(findTestObject("RecAndPlayBk/Page-Vlink-Debit/input_Check Email"), ""): Text '' is set on object 'Object Repository/RecAndPlayBk/Page-Vlink-Debit/input_Check Email'

2024-05-16 00:37:57 - [MESSAGE][PASSED] - Text '' is set on object 'Object Repository/RecAndPlayBk/Page-Vlink-Debit/input_Check Email'

2024-05-16 00:37:57 - [TEST_STEP][PASSED] - setText(findTestObject("Object Repository/RecAndPlayBk/Page-Vlink-Debit/input_concat(CheckWriter, , s SSN)_check_ssn"), ""): Text '' is set on object 'Object Repository/RecAndPlayBk/Page-Vlink-Debit/input_concat(CheckWriter, , s SSN)_check_ssn'

2024-05-16 00:37:58 - [MESSAGE][PASSED] - Text '' is set on object 'Object Repository/RecAndPlayBk/Page-Vlink-Debit/input_concat(CheckWriter, , s SSN)_check_ssn'

2024-05-16 00:37:58 - [TEST_STEP][PASSED] - setText(findTestObject("Object Repository/RecAndPlayBk/Page-Vlink-Debit/input_concat(CheckWriter, , s License Numbe_020fef"), ""): Text '' is set on object 'Object Repository/RecAndPlayBk/Page-Vlink-Debit/input_concat(CheckWriter, , s License Numbe_020fef'

2024-05-16 00:37:58 - [MESSAGE][PASSED] - Text '' is set on object 'Object Repository/RecAndPlayBk/Page-Vlink-Debit/input_concat(CheckWriter, , s License Numbe_020fef'

2024-05-16 00:37:58 - [TEST_STEP][PASSED] - setText(findTestObject("Object Repository/RecAndPlayBk/Page-Vlink-Debit/input_concat(CheckWriter, , s License State_21e3e7"), ""): Text '' is set on object 'Object Repository/RecAndPlayBk/Page-Vlink-Debit/input_concat(CheckWriter, , s License State_21e3e7'

2024-05-16 00:37:59 - [MESSAGE][PASSED] - Text '' is set on object 'Object Repository/RecAndPlayBk/Page-Vlink-Debit/input_concat(CheckWriter, , s License State_21e3e7'

2024-05-16 00:37:59 - [TEST_STEP][PASSED] - setText(findTestObject("RecAndPlayBk/Page-Vlink-Debit/input_Standard Entry Class"), sec): Text 'WEB' is set on object 'Object Repository/RecAndPlayBk/Page-Vlink-Debit/input_Standard Entry Class'

2024-05-16 00:38:00 - [MESSAGE][PASSED] - Text 'WEB' is set on object 'Object Repository/RecAndPlayBk/Page-Vlink-Debit/input_Standard Entry Class'

2024-05-16 00:38:00 - [TEST_STEP][PASSED] - click(findTestObject("Object Repository/RecAndPlayBk/Page-Vlink-Debit/input")): Object: 'Object Repository/RecAndPlayBk/Page-Vlink-Debit/input' is clicked on

2024-05-16 00:38:01 - [MESSAGE][PASSED] - Object: 'Object Repository/RecAndPlayBk/Page-Vlink-Debit/input' is clicked on

2024-05-16 00:38:01 - [TEST_STEP][PASSED] - if (verifyTextPresent("invalid: amount", true)): null

2024-05-16 00:38:01 - [MESSAGE][PASSED] - Text 'invalid: amount' is present on page  using regular expression

2024-05-16 00:38:01 - [TEST_STEP][PASSED] - println("invalid: amount text is present on the Confirmation page"): null

2024-05-16 00:38:01 - [TEST_STEP][PASSED] - out.println("Pass Record Number: " + row): null

2024-05-16 00:38:01 - [TEST_STEP][PASSED] - resText = "Pass": null

2024-05-16 00:38:01 - [TEST_STEP][PASSED] - pages.WriteExcel.demoKey(resText, datText, resColumn, datCloumn, fileLoc, nameSheet, row): pages.WriteExcel.demoKey is PASSED

2024-05-16 00:38:01 - [MESSAGE][PASSED] - pages.WriteExcel.demoKey is PASSED

2024-05-16 00:38:01 - [TEST_STEP][PASSED] - ExecuteTC = findTestData(dataFile).getValue("Execute", row): null

2024-05-16 00:38:01 - [TEST_STEP][PASSED] - out.println("Value of Execute is : " + ExecuteTC): null

2024-05-16 00:38:01 - [TEST_STEP][PASSED] - switch (executionProfile): null

2024-05-16 00:38:01 - [TEST_STEP][PASSED] - case "QA2Profile":: null

2024-05-16 00:38:01 - [TEST_STEP][PASSED] - appID = findTestData(dataFile).getValue("AppIDQA", row): null

2024-05-16 00:38:01 - [TEST_STEP][PASSED] - username = findTestData(dataFile).getValue("UsernameQA", row): null

2024-05-16 00:38:01 - [TEST_STEP][PASSED] - password = findTestData(dataFile).getValue("PasswordQA", row): null

2024-05-16 00:38:01 - [TEST_STEP][PASSED] - break: null

2024-05-16 00:38:01 - [TEST_STEP][PASSED] - if (ExecuteTC.equalsIgnoreCase("Y")): null

2024-05-16 00:38:01 - [TEST_STEP][PASSED] - out.println("Begin Record Number: " + row): null

2024-05-16 00:38:01 - [TEST_STEP][PASSED] - today = new java.util.Date(): null

2024-05-16 00:38:01 - [TEST_STEP][PASSED] - println(today): null

2024-05-16 00:38:01 - [TEST_STEP][PASSED] - datText = today: null

2024-05-16 00:38:01 - [TEST_STEP][PASSED] - checkType = findTestData(dataFile).getValue("CheckType", row): null

2024-05-16 00:38:01 - [TEST_STEP][PASSED] - acNumber = findTestData(dataFile).getValue("AcNumber", row): null

2024-05-16 00:38:01 - [TEST_STEP][PASSED] - company = findTestData(dataFile).getValue("Company", row): null

2024-05-16 00:38:02 - [TEST_STEP][PASSED] - acType = findTestData(dataFile).getValue("AcType", row): null

2024-05-16 00:38:02 - [TEST_STEP][PASSED] - rtn = findTestData(dataFile).getValue("RTN", row): null

2024-05-16 00:38:02 - [TEST_STEP][PASSED] - amount = findTestData(dataFile).getValue("Amount", row): null

2024-05-16 00:38:02 - [TEST_STEP][PASSED] - sec = findTestData(dataFile).getValue("SEC", row): null

2024-05-16 00:38:02 - [TEST_STEP][PASSED] - openBrowser(VLinkURL + "debit.html"): Browser is opened with url: 'https://dev-algorithm.govolution.com/vlinktest/QA2/version_2_0/debit.html'

2024-05-16 00:38:02 - [MESSAGE][WARNING] - A browser is already opened. Closing browser and opening a new one

2024-05-16 00:38:03 - [MESSAGE][INFO] - Starting 'Chrome' driver

2024-05-16 00:38:03 - [MESSAGE][INFO] - User set preference: ['acceptInsecureCerts', 'true']

2024-05-16 00:38:03 - [MESSAGE][INFO] - Action delay is set to 0 milliseconds

2024-05-16 00:38:05 - [MESSAGE][PASSED] - Browser is opened with url: 'https://dev-algorithm.govolution.com/vlinktest/QA2/version_2_0/debit.html'

2024-05-16 00:38:05 - [TEST_STEP][PASSED] - maximizeWindow(): Current window maximized

2024-05-16 00:38:06 - [MESSAGE][PASSED] - Current window maximized

2024-05-16 00:38:06 - [TEST_STEP][PASSED] - genRemID = RandomStringUtils.random(12, true, true): null

2024-05-16 00:38:06 - [TEST_STEP][PASSED] - setText(findTestObject("RecAndPlayBk/Page-Vlink-Debit/input_Remittance Id"), genRemID): Text 'LoVIV9e6jml3' is set on object 'Object Repository/RecAndPlayBk/Page-Vlink-Debit/input_Remittance Id'

2024-05-16 00:38:06 - [MESSAGE][PASSED] - Text 'LoVIV9e6jml3' is set on object 'Object Repository/RecAndPlayBk/Page-Vlink-Debit/input_Remittance Id'

2024-05-16 00:38:06 - [TEST_STEP][PASSED] - setText(findTestObject("RecAndPlayBk/Page-Vlink-Debit/input_Application Id"), appID): Text '234' is set on object 'Object Repository/RecAndPlayBk/Page-Vlink-Debit/input_Application Id'

2024-05-16 00:38:07 - [MESSAGE][PASSED] - Text '234' is set on object 'Object Repository/RecAndPlayBk/Page-Vlink-Debit/input_Application Id'

2024-05-16 00:38:07 - [TEST_STEP][PASSED] - setText(findTestObject("RecAndPlayBk/Page-Vlink-Debit/input_Username"), username): Text 'username' is set on object 'Object Repository/RecAndPlayBk/Page-Vlink-Debit/input_Username'

2024-05-16 00:38:08 - [MESSAGE][PASSED] - Text 'username' is set on object 'Object Repository/RecAndPlayBk/Page-Vlink-Debit/input_Username'

2024-05-16 00:38:08 - [TEST_STEP][PASSED] - setText(findTestObject("RecAndPlayBk/Page-Vlink-Debit/input_Password"), password): Text 'password' is set on object 'Object Repository/RecAndPlayBk/Page-Vlink-Debit/input_Password'

2024-05-16 00:38:08 - [MESSAGE][PASSED] - Text 'password' is set on object 'Object Repository/RecAndPlayBk/Page-Vlink-Debit/input_Password'

2024-05-16 00:38:08 - [TEST_STEP][PASSED] - setText(findTestObject("RecAndPlayBk/Page-Vlink-Debit/input_Check Type"), checkType): Text 'P' is set on object 'Object Repository/RecAndPlayBk/Page-Vlink-Debit/input_Check Type'

2024-05-16 00:38:09 - [MESSAGE][PASSED] - Text 'P' is set on object 'Object Repository/RecAndPlayBk/Page-Vlink-Debit/input_Check Type'

2024-05-16 00:38:09 - [TEST_STEP][PASSED] - setText(findTestObject("RecAndPlayBk/Page-Vlink-Debit/input_Account_check"), acNumber): Text '58963214' is set on object 'Object Repository/RecAndPlayBk/Page-Vlink-Debit/input_Account_check'

2024-05-16 00:38:10 - [MESSAGE][PASSED] - Text '58963214' is set on object 'Object Repository/RecAndPlayBk/Page-Vlink-Debit/input_Account_check'

2024-05-16 00:38:10 - [TEST_STEP][PASSED] - setText(findTestObject("RecAndPlayBk/Page-Vlink-Debit/input_Company_check"), company): Text '' is set on object 'Object Repository/RecAndPlayBk/Page-Vlink-Debit/input_Company_check'

2024-05-16 00:38:10 - [MESSAGE][PASSED] - Text '' is set on object 'Object Repository/RecAndPlayBk/Page-Vlink-Debit/input_Company_check'

2024-05-16 00:38:10 - [TEST_STEP][PASSED] - setText(findTestObject("RecAndPlayBk/Page-Vlink-Debit/input_Account Type"), acType): Text '1' is set on object 'Object Repository/RecAndPlayBk/Page-Vlink-Debit/input_Account Type'

2024-05-16 00:38:11 - [MESSAGE][PASSED] - Text '1' is set on object 'Object Repository/RecAndPlayBk/Page-Vlink-Debit/input_Account Type'

2024-05-16 00:38:11 - [TEST_STEP][PASSED] - setText(findTestObject("RecAndPlayBk/Page-Vlink-Debit/input_Routing Number"), rtn): Text '256072691' is set on object 'Object Repository/RecAndPlayBk/Page-Vlink-Debit/input_Routing Number'

2024-05-16 00:38:11 - [MESSAGE][PASSED] - Text '256072691' is set on object 'Object Repository/RecAndPlayBk/Page-Vlink-Debit/input_Routing Number'

2024-05-16 00:38:11 - [TEST_STEP][PASSED] - setText(findTestObject("RecAndPlayBk/Page-Vlink-Debit/input_Amount"), amount): Text '0' is set on object 'Object Repository/RecAndPlayBk/Page-Vlink-Debit/input_Amount'

2024-05-16 00:38:12 - [MESSAGE][PASSED] - Text '0' is set on object 'Object Repository/RecAndPlayBk/Page-Vlink-Debit/input_Amount'

2024-05-16 00:38:12 - [TEST_STEP][PASSED] - setText(findTestObject("RecAndPlayBk/Page-Vlink-Debit/input_Check Email"), ""): Text '' is set on object 'Object Repository/RecAndPlayBk/Page-Vlink-Debit/input_Check Email'

2024-05-16 00:38:13 - [MESSAGE][PASSED] - Text '' is set on object 'Object Repository/RecAndPlayBk/Page-Vlink-Debit/input_Check Email'

2024-05-16 00:38:13 - [TEST_STEP][PASSED] - setText(findTestObject("Object Repository/RecAndPlayBk/Page-Vlink-Debit/input_concat(CheckWriter, , s SSN)_check_ssn"), ""): Text '' is set on object 'Object Repository/RecAndPlayBk/Page-Vlink-Debit/input_concat(CheckWriter, , s SSN)_check_ssn'

2024-05-16 00:38:13 - [MESSAGE][PASSED] - Text '' is set on object 'Object Repository/RecAndPlayBk/Page-Vlink-Debit/input_concat(CheckWriter, , s SSN)_check_ssn'

2024-05-16 00:38:13 - [TEST_STEP][PASSED] - setText(findTestObject("Object Repository/RecAndPlayBk/Page-Vlink-Debit/input_concat(CheckWriter, , s License Numbe_020fef"), ""): Text '' is set on object 'Object Repository/RecAndPlayBk/Page-Vlink-Debit/input_concat(CheckWriter, , s License Numbe_020fef'

2024-05-16 00:38:14 - [MESSAGE][PASSED] - Text '' is set on object 'Object Repository/RecAndPlayBk/Page-Vlink-Debit/input_concat(CheckWriter, , s License Numbe_020fef'

2024-05-16 00:38:14 - [TEST_STEP][PASSED] - setText(findTestObject("Object Repository/RecAndPlayBk/Page-Vlink-Debit/input_concat(CheckWriter, , s License State_21e3e7"), ""): Text '' is set on object 'Object Repository/RecAndPlayBk/Page-Vlink-Debit/input_concat(CheckWriter, , s License State_21e3e7'

2024-05-16 00:38:15 - [MESSAGE][PASSED] - Text '' is set on object 'Object Repository/RecAndPlayBk/Page-Vlink-Debit/input_concat(CheckWriter, , s License State_21e3e7'

2024-05-16 00:38:15 - [TEST_STEP][PASSED] - setText(findTestObject("RecAndPlayBk/Page-Vlink-Debit/input_Standard Entry Class"), sec): Text 'TEL' is set on object 'Object Repository/RecAndPlayBk/Page-Vlink-Debit/input_Standard Entry Class'

2024-05-16 00:38:15 - [MESSAGE][PASSED] - Text 'TEL' is set on object 'Object Repository/RecAndPlayBk/Page-Vlink-Debit/input_Standard Entry Class'

2024-05-16 00:38:15 - [TEST_STEP][PASSED] - click(findTestObject("Object Repository/RecAndPlayBk/Page-Vlink-Debit/input")): Object: 'Object Repository/RecAndPlayBk/Page-Vlink-Debit/input' is clicked on

2024-05-16 00:38:16 - [MESSAGE][PASSED] - Object: 'Object Repository/RecAndPlayBk/Page-Vlink-Debit/input' is clicked on

2024-05-16 00:38:16 - [TEST_STEP][PASSED] - if (verifyTextPresent("invalid: amount", true)): null

2024-05-16 00:38:17 - [MESSAGE][PASSED] - Text 'invalid: amount' is present on page  using regular expression

2024-05-16 00:38:17 - [TEST_STEP][PASSED] - println("invalid: amount text is present on the Confirmation page"): null

2024-05-16 00:38:17 - [TEST_STEP][PASSED] - out.println("Pass Record Number: " + row): null

2024-05-16 00:38:17 - [TEST_STEP][PASSED] - resText = "Pass": null

2024-05-16 00:38:17 - [TEST_STEP][PASSED] - pages.WriteExcel.demoKey(resText, datText, resColumn, datCloumn, fileLoc, nameSheet, row): pages.WriteExcel.demoKey is PASSED

2024-05-16 00:38:17 - [MESSAGE][PASSED] - pages.WriteExcel.demoKey is PASSED

2024-05-16 00:38:17 - [TEST_STEP][PASSED] - ExecuteTC = findTestData(dataFile).getValue("Execute", row): null

2024-05-16 00:38:17 - [TEST_STEP][PASSED] - out.println("Value of Execute is : " + ExecuteTC): null

2024-05-16 00:38:17 - [TEST_STEP][PASSED] - switch (executionProfile): null

2024-05-16 00:38:17 - [TEST_STEP][PASSED] - case "QA2Profile":: null

2024-05-16 00:38:17 - [TEST_STEP][PASSED] - appID = findTestData(dataFile).getValue("AppIDQA", row): null

2024-05-16 00:38:17 - [TEST_STEP][PASSED] - username = findTestData(dataFile).getValue("UsernameQA", row): null

2024-05-16 00:38:17 - [TEST_STEP][PASSED] - password = findTestData(dataFile).getValue("PasswordQA", row): null

2024-05-16 00:38:17 - [TEST_STEP][PASSED] - break: null

2024-05-16 00:38:17 - [TEST_STEP][PASSED] - if (ExecuteTC.equalsIgnoreCase("Y")): null

2024-05-16 00:38:17 - [TEST_STEP][PASSED] - out.println("Begin Record Number: " + row): null

2024-05-16 00:38:17 - [TEST_STEP][PASSED] - today = new java.util.Date(): null

2024-05-16 00:38:17 - [TEST_STEP][PASSED] - println(today): null

2024-05-16 00:38:17 - [TEST_STEP][PASSED] - datText = today: null

2024-05-16 00:38:17 - [TEST_STEP][PASSED] - checkType = findTestData(dataFile).getValue("CheckType", row): null

2024-05-16 00:38:17 - [TEST_STEP][PASSED] - acNumber = findTestData(dataFile).getValue("AcNumber", row): null

2024-05-16 00:38:17 - [TEST_STEP][PASSED] - company = findTestData(dataFile).getValue("Company", row): null

2024-05-16 00:38:17 - [TEST_STEP][PASSED] - acType = findTestData(dataFile).getValue("AcType", row): null

2024-05-16 00:38:17 - [TEST_STEP][PASSED] - rtn = findTestData(dataFile).getValue("RTN", row): null

2024-05-16 00:38:17 - [TEST_STEP][PASSED] - amount = findTestData(dataFile).getValue("Amount", row): null

2024-05-16 00:38:17 - [TEST_STEP][PASSED] - sec = findTestData(dataFile).getValue("SEC", row): null

2024-05-16 00:38:17 - [TEST_STEP][PASSED] - openBrowser(VLinkURL + "debit.html"): Browser is opened with url: 'https://dev-algorithm.govolution.com/vlinktest/QA2/version_2_0/debit.html'

2024-05-16 00:38:17 - [MESSAGE][WARNING] - A browser is already opened. Closing browser and opening a new one

2024-05-16 00:38:19 - [MESSAGE][INFO] - Starting 'Chrome' driver

2024-05-16 00:38:19 - [MESSAGE][INFO] - User set preference: ['acceptInsecureCerts', 'true']

2024-05-16 00:38:19 - [MESSAGE][INFO] - Action delay is set to 0 milliseconds

2024-05-16 00:38:21 - [MESSAGE][PASSED] - Browser is opened with url: 'https://dev-algorithm.govolution.com/vlinktest/QA2/version_2_0/debit.html'

2024-05-16 00:38:21 - [TEST_STEP][PASSED] - maximizeWindow(): Current window maximized

2024-05-16 00:38:21 - [MESSAGE][PASSED] - Current window maximized

2024-05-16 00:38:21 - [TEST_STEP][PASSED] - genRemID = RandomStringUtils.random(12, true, true): null

2024-05-16 00:38:21 - [TEST_STEP][PASSED] - setText(findTestObject("RecAndPlayBk/Page-Vlink-Debit/input_Remittance Id"), genRemID): Text 'NKNCFyw2McI3' is set on object 'Object Repository/RecAndPlayBk/Page-Vlink-Debit/input_Remittance Id'

2024-05-16 00:38:22 - [MESSAGE][PASSED] - Text 'NKNCFyw2McI3' is set on object 'Object Repository/RecAndPlayBk/Page-Vlink-Debit/input_Remittance Id'

2024-05-16 00:38:22 - [TEST_STEP][PASSED] - setText(findTestObject("RecAndPlayBk/Page-Vlink-Debit/input_Application Id"), appID): Text '234' is set on object 'Object Repository/RecAndPlayBk/Page-Vlink-Debit/input_Application Id'

2024-05-16 00:38:22 - [MESSAGE][PASSED] - Text '234' is set on object 'Object Repository/RecAndPlayBk/Page-Vlink-Debit/input_Application Id'

2024-05-16 00:38:22 - [TEST_STEP][PASSED] - setText(findTestObject("RecAndPlayBk/Page-Vlink-Debit/input_Username"), username): Text 'username' is set on object 'Object Repository/RecAndPlayBk/Page-Vlink-Debit/input_Username'

2024-05-16 00:38:23 - [MESSAGE][PASSED] - Text 'username' is set on object 'Object Repository/RecAndPlayBk/Page-Vlink-Debit/input_Username'

2024-05-16 00:38:23 - [TEST_STEP][PASSED] - setText(findTestObject("RecAndPlayBk/Page-Vlink-Debit/input_Password"), password): Text 'password' is set on object 'Object Repository/RecAndPlayBk/Page-Vlink-Debit/input_Password'

2024-05-16 00:38:24 - [MESSAGE][PASSED] - Text 'password' is set on object 'Object Repository/RecAndPlayBk/Page-Vlink-Debit/input_Password'

2024-05-16 00:38:24 - [TEST_STEP][PASSED] - setText(findTestObject("RecAndPlayBk/Page-Vlink-Debit/input_Check Type"), checkType): Text 'P' is set on object 'Object Repository/RecAndPlayBk/Page-Vlink-Debit/input_Check Type'

2024-05-16 00:38:24 - [MESSAGE][PASSED] - Text 'P' is set on object 'Object Repository/RecAndPlayBk/Page-Vlink-Debit/input_Check Type'

2024-05-16 00:38:24 - [TEST_STEP][PASSED] - setText(findTestObject("RecAndPlayBk/Page-Vlink-Debit/input_Account_check"), acNumber): Text '58963214' is set on object 'Object Repository/RecAndPlayBk/Page-Vlink-Debit/input_Account_check'

2024-05-16 00:38:25 - [MESSAGE][PASSED] - Text '58963214' is set on object 'Object Repository/RecAndPlayBk/Page-Vlink-Debit/input_Account_check'

2024-05-16 00:38:25 - [TEST_STEP][PASSED] - setText(findTestObject("RecAndPlayBk/Page-Vlink-Debit/input_Company_check"), company): Text '' is set on object 'Object Repository/RecAndPlayBk/Page-Vlink-Debit/input_Company_check'

2024-05-16 00:38:26 - [MESSAGE][PASSED] - Text '' is set on object 'Object Repository/RecAndPlayBk/Page-Vlink-Debit/input_Company_check'

2024-05-16 00:38:26 - [TEST_STEP][PASSED] - setText(findTestObject("RecAndPlayBk/Page-Vlink-Debit/input_Account Type"), acType): Text '1' is set on object 'Object Repository/RecAndPlayBk/Page-Vlink-Debit/input_Account Type'

2024-05-16 00:38:26 - [MESSAGE][PASSED] - Text '1' is set on object 'Object Repository/RecAndPlayBk/Page-Vlink-Debit/input_Account Type'

2024-05-16 00:38:26 - [TEST_STEP][PASSED] - setText(findTestObject("RecAndPlayBk/Page-Vlink-Debit/input_Routing Number"), rtn): Text '256072691' is set on object 'Object Repository/RecAndPlayBk/Page-Vlink-Debit/input_Routing Number'

2024-05-16 00:38:27 - [MESSAGE][PASSED] - Text '256072691' is set on object 'Object Repository/RecAndPlayBk/Page-Vlink-Debit/input_Routing Number'

2024-05-16 00:38:27 - [TEST_STEP][PASSED] - setText(findTestObject("RecAndPlayBk/Page-Vlink-Debit/input_Amount"), amount): Text '0' is set on object 'Object Repository/RecAndPlayBk/Page-Vlink-Debit/input_Amount'

2024-05-16 00:38:28 - [MESSAGE][PASSED] - Text '0' is set on object 'Object Repository/RecAndPlayBk/Page-Vlink-Debit/input_Amount'

2024-05-16 00:38:28 - [TEST_STEP][PASSED] - setText(findTestObject("RecAndPlayBk/Page-Vlink-Debit/input_Check Email"), ""): Text '' is set on object 'Object Repository/RecAndPlayBk/Page-Vlink-Debit/input_Check Email'

2024-05-16 00:38:28 - [MESSAGE][PASSED] - Text '' is set on object 'Object Repository/RecAndPlayBk/Page-Vlink-Debit/input_Check Email'

2024-05-16 00:38:28 - [TEST_STEP][PASSED] - setText(findTestObject("Object Repository/RecAndPlayBk/Page-Vlink-Debit/input_concat(CheckWriter, , s SSN)_check_ssn"), ""): Text '' is set on object 'Object Repository/RecAndPlayBk/Page-Vlink-Debit/input_concat(CheckWriter, , s SSN)_check_ssn'

2024-05-16 00:38:29 - [MESSAGE][PASSED] - Text '' is set on object 'Object Repository/RecAndPlayBk/Page-Vlink-Debit/input_concat(CheckWriter, , s SSN)_check_ssn'

2024-05-16 00:38:29 - [TEST_STEP][PASSED] - setText(findTestObject("Object Repository/RecAndPlayBk/Page-Vlink-Debit/input_concat(CheckWriter, , s License Numbe_020fef"), ""): Text '' is set on object 'Object Repository/RecAndPlayBk/Page-Vlink-Debit/input_concat(CheckWriter, , s License Numbe_020fef'

2024-05-16 00:38:29 - [MESSAGE][PASSED] - Text '' is set on object 'Object Repository/RecAndPlayBk/Page-Vlink-Debit/input_concat(CheckWriter, , s License Numbe_020fef'

2024-05-16 00:38:29 - [TEST_STEP][PASSED] - setText(findTestObject("Object Repository/RecAndPlayBk/Page-Vlink-Debit/input_concat(CheckWriter, , s License State_21e3e7"), ""): Text '' is set on object 'Object Repository/RecAndPlayBk/Page-Vlink-Debit/input_concat(CheckWriter, , s License State_21e3e7'

2024-05-16 00:38:30 - [MESSAGE][PASSED] - Text '' is set on object 'Object Repository/RecAndPlayBk/Page-Vlink-Debit/input_concat(CheckWriter, , s License State_21e3e7'

2024-05-16 00:38:30 - [TEST_STEP][PASSED] - setText(findTestObject("RecAndPlayBk/Page-Vlink-Debit/input_Standard Entry Class"), sec): Text 'PPD' is set on object 'Object Repository/RecAndPlayBk/Page-Vlink-Debit/input_Standard Entry Class'

2024-05-16 00:38:31 - [MESSAGE][PASSED] - Text 'PPD' is set on object 'Object Repository/RecAndPlayBk/Page-Vlink-Debit/input_Standard Entry Class'

2024-05-16 00:38:31 - [TEST_STEP][PASSED] - click(findTestObject("Object Repository/RecAndPlayBk/Page-Vlink-Debit/input")): Object: 'Object Repository/RecAndPlayBk/Page-Vlink-Debit/input' is clicked on

2024-05-16 00:38:32 - [MESSAGE][PASSED] - Object: 'Object Repository/RecAndPlayBk/Page-Vlink-Debit/input' is clicked on

2024-05-16 00:38:32 - [TEST_STEP][PASSED] - if (verifyTextPresent("invalid: amount", true)): null

2024-05-16 00:38:32 - [MESSAGE][PASSED] - Text 'invalid: amount' is present on page  using regular expression

2024-05-16 00:38:32 - [TEST_STEP][PASSED] - println("invalid: amount text is present on the Confirmation page"): null

2024-05-16 00:38:32 - [TEST_STEP][PASSED] - out.println("Pass Record Number: " + row): null

2024-05-16 00:38:32 - [TEST_STEP][PASSED] - resText = "Pass": null

2024-05-16 00:38:32 - [TEST_STEP][PASSED] - pages.WriteExcel.demoKey(resText, datText, resColumn, datCloumn, fileLoc, nameSheet, row): pages.WriteExcel.demoKey is PASSED

2024-05-16 00:38:32 - [MESSAGE][PASSED] - pages.WriteExcel.demoKey is PASSED

2024-05-16 00:38:32 - [TEST_STEP][PASSED] - ExecuteTC = findTestData(dataFile).getValue("Execute", row): null

2024-05-16 00:38:32 - [TEST_STEP][PASSED] - out.println("Value of Execute is : " + ExecuteTC): null

2024-05-16 00:38:32 - [TEST_STEP][PASSED] - switch (executionProfile): null

2024-05-16 00:38:32 - [TEST_STEP][PASSED] - case "QA2Profile":: null

2024-05-16 00:38:32 - [TEST_STEP][PASSED] - appID = findTestData(dataFile).getValue("AppIDQA", row): null

2024-05-16 00:38:32 - [TEST_STEP][PASSED] - username = findTestData(dataFile).getValue("UsernameQA", row): null

2024-05-16 00:38:32 - [TEST_STEP][PASSED] - password = findTestData(dataFile).getValue("PasswordQA", row): null

2024-05-16 00:38:32 - [TEST_STEP][PASSED] - break: null

2024-05-16 00:38:32 - [TEST_STEP][PASSED] - if (ExecuteTC.equalsIgnoreCase("Y")): null

2024-05-16 00:38:32 - [TEST_STEP][PASSED] - out.println("Begin Record Number: " + row): null

2024-05-16 00:38:32 - [TEST_STEP][PASSED] - today = new java.util.Date(): null

2024-05-16 00:38:32 - [TEST_STEP][PASSED] - println(today): null

2024-05-16 00:38:32 - [TEST_STEP][PASSED] - datText = today: null

2024-05-16 00:38:32 - [TEST_STEP][PASSED] - checkType = findTestData(dataFile).getValue("CheckType", row): null

2024-05-16 00:38:32 - [TEST_STEP][PASSED] - acNumber = findTestData(dataFile).getValue("AcNumber", row): null

2024-05-16 00:38:32 - [TEST_STEP][PASSED] - company = findTestData(dataFile).getValue("Company", row): null

2024-05-16 00:38:32 - [TEST_STEP][PASSED] - acType = findTestData(dataFile).getValue("AcType", row): null

2024-05-16 00:38:32 - [TEST_STEP][PASSED] - rtn = findTestData(dataFile).getValue("RTN", row): null

2024-05-16 00:38:33 - [TEST_STEP][PASSED] - amount = findTestData(dataFile).getValue("Amount", row): null

2024-05-16 00:38:33 - [TEST_STEP][PASSED] - sec = findTestData(dataFile).getValue("SEC", row): null

2024-05-16 00:38:33 - [TEST_STEP][PASSED] - openBrowser(VLinkURL + "debit.html"): Browser is opened with url: 'https://dev-algorithm.govolution.com/vlinktest/QA2/version_2_0/debit.html'

2024-05-16 00:38:33 - [MESSAGE][WARNING] - A browser is already opened. Closing browser and opening a new one

2024-05-16 00:38:34 - [MESSAGE][INFO] - Starting 'Chrome' driver

2024-05-16 00:38:34 - [MESSAGE][INFO] - User set preference: ['acceptInsecureCerts', 'true']

2024-05-16 00:38:34 - [MESSAGE][INFO] - Action delay is set to 0 milliseconds

2024-05-16 00:38:36 - [MESSAGE][PASSED] - Browser is opened with url: 'https://dev-algorithm.govolution.com/vlinktest/QA2/version_2_0/debit.html'

2024-05-16 00:38:36 - [TEST_STEP][PASSED] - maximizeWindow(): Current window maximized

2024-05-16 00:38:36 - [MESSAGE][PASSED] - Current window maximized

2024-05-16 00:38:36 - [TEST_STEP][PASSED] - genRemID = RandomStringUtils.random(12, true, true): null

2024-05-16 00:38:36 - [TEST_STEP][PASSED] - setText(findTestObject("RecAndPlayBk/Page-Vlink-Debit/input_Remittance Id"), genRemID): Text '5HHmVc2gXgax' is set on object 'Object Repository/RecAndPlayBk/Page-Vlink-Debit/input_Remittance Id'

2024-05-16 00:38:37 - [MESSAGE][PASSED] - Text '5HHmVc2gXgax' is set on object 'Object Repository/RecAndPlayBk/Page-Vlink-Debit/input_Remittance Id'

2024-05-16 00:38:37 - [TEST_STEP][PASSED] - setText(findTestObject("RecAndPlayBk/Page-Vlink-Debit/input_Application Id"), appID): Text '234' is set on object 'Object Repository/RecAndPlayBk/Page-Vlink-Debit/input_Application Id'

2024-05-16 00:38:38 - [MESSAGE][PASSED] - Text '234' is set on object 'Object Repository/RecAndPlayBk/Page-Vlink-Debit/input_Application Id'

2024-05-16 00:38:38 - [TEST_STEP][PASSED] - setText(findTestObject("RecAndPlayBk/Page-Vlink-Debit/input_Username"), username): Text 'username' is set on object 'Object Repository/RecAndPlayBk/Page-Vlink-Debit/input_Username'

2024-05-16 00:38:38 - [MESSAGE][PASSED] - Text 'username' is set on object 'Object Repository/RecAndPlayBk/Page-Vlink-Debit/input_Username'

2024-05-16 00:38:38 - [TEST_STEP][PASSED] - setText(findTestObject("RecAndPlayBk/Page-Vlink-Debit/input_Password"), password): Text 'password' is set on object 'Object Repository/RecAndPlayBk/Page-Vlink-Debit/input_Password'

2024-05-16 00:38:39 - [MESSAGE][PASSED] - Text 'password' is set on object 'Object Repository/RecAndPlayBk/Page-Vlink-Debit/input_Password'

2024-05-16 00:38:39 - [TEST_STEP][PASSED] - setText(findTestObject("RecAndPlayBk/Page-Vlink-Debit/input_Check Type"), checkType): Text 'P' is set on object 'Object Repository/RecAndPlayBk/Page-Vlink-Debit/input_Check Type'

2024-05-16 00:38:40 - [MESSAGE][PASSED] - Text 'P' is set on object 'Object Repository/RecAndPlayBk/Page-Vlink-Debit/input_Check Type'

2024-05-16 00:38:40 - [TEST_STEP][PASSED] - setText(findTestObject("RecAndPlayBk/Page-Vlink-Debit/input_Account_check"), acNumber): Text '58963214' is set on object 'Object Repository/RecAndPlayBk/Page-Vlink-Debit/input_Account_check'

2024-05-16 00:38:40 - [MESSAGE][PASSED] - Text '58963214' is set on object 'Object Repository/RecAndPlayBk/Page-Vlink-Debit/input_Account_check'

2024-05-16 00:38:40 - [TEST_STEP][PASSED] - setText(findTestObject("RecAndPlayBk/Page-Vlink-Debit/input_Company_check"), company): Text '' is set on object 'Object Repository/RecAndPlayBk/Page-Vlink-Debit/input_Company_check'

2024-05-16 00:38:41 - [MESSAGE][PASSED] - Text '' is set on object 'Object Repository/RecAndPlayBk/Page-Vlink-Debit/input_Company_check'

2024-05-16 00:38:41 - [TEST_STEP][PASSED] - setText(findTestObject("RecAndPlayBk/Page-Vlink-Debit/input_Account Type"), acType): Text '2' is set on object 'Object Repository/RecAndPlayBk/Page-Vlink-Debit/input_Account Type'

2024-05-16 00:38:42 - [MESSAGE][PASSED] - Text '2' is set on object 'Object Repository/RecAndPlayBk/Page-Vlink-Debit/input_Account Type'

2024-05-16 00:38:42 - [TEST_STEP][PASSED] - setText(findTestObject("RecAndPlayBk/Page-Vlink-Debit/input_Routing Number"), rtn): Text '256072691' is set on object 'Object Repository/RecAndPlayBk/Page-Vlink-Debit/input_Routing Number'

2024-05-16 00:38:42 - [MESSAGE][PASSED] - Text '256072691' is set on object 'Object Repository/RecAndPlayBk/Page-Vlink-Debit/input_Routing Number'

2024-05-16 00:38:42 - [TEST_STEP][PASSED] - setText(findTestObject("RecAndPlayBk/Page-Vlink-Debit/input_Amount"), amount): Text '0' is set on object 'Object Repository/RecAndPlayBk/Page-Vlink-Debit/input_Amount'

2024-05-16 00:38:43 - [MESSAGE][PASSED] - Text '0' is set on object 'Object Repository/RecAndPlayBk/Page-Vlink-Debit/input_Amount'

2024-05-16 00:38:43 - [TEST_STEP][PASSED] - setText(findTestObject("RecAndPlayBk/Page-Vlink-Debit/input_Check Email"), ""): Text '' is set on object 'Object Repository/RecAndPlayBk/Page-Vlink-Debit/input_Check Email'

2024-05-16 00:38:43 - [MESSAGE][PASSED] - Text '' is set on object 'Object Repository/RecAndPlayBk/Page-Vlink-Debit/input_Check Email'

2024-05-16 00:38:43 - [TEST_STEP][PASSED] - setText(findTestObject("Object Repository/RecAndPlayBk/Page-Vlink-Debit/input_concat(CheckWriter, , s SSN)_check_ssn"), ""): Text '' is set on object 'Object Repository/RecAndPlayBk/Page-Vlink-Debit/input_concat(CheckWriter, , s SSN)_check_ssn'

2024-05-16 00:38:44 - [MESSAGE][PASSED] - Text '' is set on object 'Object Repository/RecAndPlayBk/Page-Vlink-Debit/input_concat(CheckWriter, , s SSN)_check_ssn'

2024-05-16 00:38:44 - [TEST_STEP][PASSED] - setText(findTestObject("Object Repository/RecAndPlayBk/Page-Vlink-Debit/input_concat(CheckWriter, , s License Numbe_020fef"), ""): Text '' is set on object 'Object Repository/RecAndPlayBk/Page-Vlink-Debit/input_concat(CheckWriter, , s License Numbe_020fef'

2024-05-16 00:38:45 - [MESSAGE][PASSED] - Text '' is set on object 'Object Repository/RecAndPlayBk/Page-Vlink-Debit/input_concat(CheckWriter, , s License Numbe_020fef'

2024-05-16 00:38:45 - [TEST_STEP][PASSED] - setText(findTestObject("Object Repository/RecAndPlayBk/Page-Vlink-Debit/input_concat(CheckWriter, , s License State_21e3e7"), ""): Text '' is set on object 'Object Repository/RecAndPlayBk/Page-Vlink-Debit/input_concat(CheckWriter, , s License State_21e3e7'

2024-05-16 00:38:45 - [MESSAGE][PASSED] - Text '' is set on object 'Object Repository/RecAndPlayBk/Page-Vlink-Debit/input_concat(CheckWriter, , s License State_21e3e7'

2024-05-16 00:38:45 - [TEST_STEP][PASSED] - setText(findTestObject("RecAndPlayBk/Page-Vlink-Debit/input_Standard Entry Class"), sec): Text 'WEB' is set on object 'Object Repository/RecAndPlayBk/Page-Vlink-Debit/input_Standard Entry Class'

2024-05-16 00:38:46 - [MESSAGE][PASSED] - Text 'WEB' is set on object 'Object Repository/RecAndPlayBk/Page-Vlink-Debit/input_Standard Entry Class'

2024-05-16 00:38:46 - [TEST_STEP][PASSED] - click(findTestObject("Object Repository/RecAndPlayBk/Page-Vlink-Debit/input")): Object: 'Object Repository/RecAndPlayBk/Page-Vlink-Debit/input' is clicked on

2024-05-16 00:38:47 - [MESSAGE][PASSED] - Object: 'Object Repository/RecAndPlayBk/Page-Vlink-Debit/input' is clicked on

2024-05-16 00:38:47 - [TEST_STEP][PASSED] - if (verifyTextPresent("invalid: amount", true)): null

2024-05-16 00:38:47 - [MESSAGE][PASSED] - Text 'invalid: amount' is present on page  using regular expression

2024-05-16 00:38:47 - [TEST_STEP][PASSED] - println("invalid: amount text is present on the Confirmation page"): null

2024-05-16 00:38:47 - [TEST_STEP][PASSED] - out.println("Pass Record Number: " + row): null

2024-05-16 00:38:47 - [TEST_STEP][PASSED] - resText = "Pass": null

2024-05-16 00:38:47 - [TEST_STEP][PASSED] - pages.WriteExcel.demoKey(resText, datText, resColumn, datCloumn, fileLoc, nameSheet, row): pages.WriteExcel.demoKey is PASSED

2024-05-16 00:38:47 - [MESSAGE][PASSED] - pages.WriteExcel.demoKey is PASSED

2024-05-16 00:38:47 - [TEST_STEP][PASSED] - ExecuteTC = findTestData(dataFile).getValue("Execute", row): null

2024-05-16 00:38:47 - [TEST_STEP][PASSED] - out.println("Value of Execute is : " + ExecuteTC): null

2024-05-16 00:38:47 - [TEST_STEP][PASSED] - switch (executionProfile): null

2024-05-16 00:38:47 - [TEST_STEP][PASSED] - case "QA2Profile":: null

2024-05-16 00:38:47 - [TEST_STEP][PASSED] - appID = findTestData(dataFile).getValue("AppIDQA", row): null

2024-05-16 00:38:47 - [TEST_STEP][PASSED] - username = findTestData(dataFile).getValue("UsernameQA", row): null

2024-05-16 00:38:47 - [TEST_STEP][PASSED] - password = findTestData(dataFile).getValue("PasswordQA", row): null

2024-05-16 00:38:48 - [TEST_STEP][PASSED] - break: null

2024-05-16 00:38:48 - [TEST_STEP][PASSED] - if (ExecuteTC.equalsIgnoreCase("Y")): null

2024-05-16 00:38:48 - [TEST_STEP][PASSED] - out.println("Begin Record Number: " + row): null

2024-05-16 00:38:48 - [TEST_STEP][PASSED] - today = new java.util.Date(): null

2024-05-16 00:38:48 - [TEST_STEP][PASSED] - println(today): null

2024-05-16 00:38:48 - [TEST_STEP][PASSED] - datText = today: null

2024-05-16 00:38:48 - [TEST_STEP][PASSED] - checkType = findTestData(dataFile).getValue("CheckType", row): null

2024-05-16 00:38:48 - [TEST_STEP][PASSED] - acNumber = findTestData(dataFile).getValue("AcNumber", row): null

2024-05-16 00:38:48 - [TEST_STEP][PASSED] - company = findTestData(dataFile).getValue("Company", row): null

2024-05-16 00:38:48 - [TEST_STEP][PASSED] - acType = findTestData(dataFile).getValue("AcType", row): null

2024-05-16 00:38:48 - [TEST_STEP][PASSED] - rtn = findTestData(dataFile).getValue("RTN", row): null

2024-05-16 00:38:48 - [TEST_STEP][PASSED] - amount = findTestData(dataFile).getValue("Amount", row): null

2024-05-16 00:38:48 - [TEST_STEP][PASSED] - sec = findTestData(dataFile).getValue("SEC", row): null

2024-05-16 00:38:48 - [TEST_STEP][PASSED] - openBrowser(VLinkURL + "debit.html"): Browser is opened with url: 'https://dev-algorithm.govolution.com/vlinktest/QA2/version_2_0/debit.html'

2024-05-16 00:38:48 - [MESSAGE][WARNING] - A browser is already opened. Closing browser and opening a new one

2024-05-16 00:38:49 - [MESSAGE][INFO] - Starting 'Chrome' driver

2024-05-16 00:38:49 - [MESSAGE][INFO] - User set preference: ['acceptInsecureCerts', 'true']

2024-05-16 00:38:49 - [MESSAGE][INFO] - Action delay is set to 0 milliseconds

2024-05-16 00:38:51 - [MESSAGE][PASSED] - Browser is opened with url: 'https://dev-algorithm.govolution.com/vlinktest/QA2/version_2_0/debit.html'

2024-05-16 00:38:51 - [TEST_STEP][PASSED] - maximizeWindow(): Current window maximized

2024-05-16 00:38:52 - [MESSAGE][PASSED] - Current window maximized

2024-05-16 00:38:52 - [TEST_STEP][PASSED] - genRemID = RandomStringUtils.random(12, true, true): null

2024-05-16 00:38:52 - [TEST_STEP][PASSED] - setText(findTestObject("RecAndPlayBk/Page-Vlink-Debit/input_Remittance Id"), genRemID): Text '19o39DCiKMlH' is set on object 'Object Repository/RecAndPlayBk/Page-Vlink-Debit/input_Remittance Id'

2024-05-16 00:38:52 - [MESSAGE][PASSED] - Text '19o39DCiKMlH' is set on object 'Object Repository/RecAndPlayBk/Page-Vlink-Debit/input_Remittance Id'

2024-05-16 00:38:52 - [TEST_STEP][PASSED] - setText(findTestObject("RecAndPlayBk/Page-Vlink-Debit/input_Application Id"), appID): Text '234' is set on object 'Object Repository/RecAndPlayBk/Page-Vlink-Debit/input_Application Id'

2024-05-16 00:38:53 - [MESSAGE][PASSED] - Text '234' is set on object 'Object Repository/RecAndPlayBk/Page-Vlink-Debit/input_Application Id'

2024-05-16 00:38:53 - [TEST_STEP][PASSED] - setText(findTestObject("RecAndPlayBk/Page-Vlink-Debit/input_Username"), username): Text 'username' is set on object 'Object Repository/RecAndPlayBk/Page-Vlink-Debit/input_Username'

2024-05-16 00:38:54 - [MESSAGE][PASSED] - Text 'username' is set on object 'Object Repository/RecAndPlayBk/Page-Vlink-Debit/input_Username'

2024-05-16 00:38:54 - [TEST_STEP][PASSED] - setText(findTestObject("RecAndPlayBk/Page-Vlink-Debit/input_Password"), password): Text 'password' is set on object 'Object Repository/RecAndPlayBk/Page-Vlink-Debit/input_Password'

2024-05-16 00:38:54 - [MESSAGE][PASSED] - Text 'password' is set on object 'Object Repository/RecAndPlayBk/Page-Vlink-Debit/input_Password'

2024-05-16 00:38:54 - [TEST_STEP][PASSED] - setText(findTestObject("RecAndPlayBk/Page-Vlink-Debit/input_Check Type"), checkType): Text 'P' is set on object 'Object Repository/RecAndPlayBk/Page-Vlink-Debit/input_Check Type'

2024-05-16 00:38:55 - [MESSAGE][PASSED] - Text 'P' is set on object 'Object Repository/RecAndPlayBk/Page-Vlink-Debit/input_Check Type'

2024-05-16 00:38:55 - [TEST_STEP][PASSED] - setText(findTestObject("RecAndPlayBk/Page-Vlink-Debit/input_Account_check"), acNumber): Text '58963214' is set on object 'Object Repository/RecAndPlayBk/Page-Vlink-Debit/input_Account_check'

2024-05-16 00:38:56 - [MESSAGE][PASSED] - Text '58963214' is set on object 'Object Repository/RecAndPlayBk/Page-Vlink-Debit/input_Account_check'

2024-05-16 00:38:56 - [TEST_STEP][PASSED] - setText(findTestObject("RecAndPlayBk/Page-Vlink-Debit/input_Company_check"), company): Text '' is set on object 'Object Repository/RecAndPlayBk/Page-Vlink-Debit/input_Company_check'

2024-05-16 00:38:56 - [MESSAGE][PASSED] - Text '' is set on object 'Object Repository/RecAndPlayBk/Page-Vlink-Debit/input_Company_check'

2024-05-16 00:38:56 - [TEST_STEP][PASSED] - setText(findTestObject("RecAndPlayBk/Page-Vlink-Debit/input_Account Type"), acType): Text '2' is set on object 'Object Repository/RecAndPlayBk/Page-Vlink-Debit/input_Account Type'

2024-05-16 00:38:57 - [MESSAGE][PASSED] - Text '2' is set on object 'Object Repository/RecAndPlayBk/Page-Vlink-Debit/input_Account Type'

2024-05-16 00:38:57 - [TEST_STEP][PASSED] - setText(findTestObject("RecAndPlayBk/Page-Vlink-Debit/input_Routing Number"), rtn): Text '256072691' is set on object 'Object Repository/RecAndPlayBk/Page-Vlink-Debit/input_Routing Number'

2024-05-16 00:38:58 - [MESSAGE][PASSED] - Text '256072691' is set on object 'Object Repository/RecAndPlayBk/Page-Vlink-Debit/input_Routing Number'

2024-05-16 00:38:58 - [TEST_STEP][PASSED] - setText(findTestObject("RecAndPlayBk/Page-Vlink-Debit/input_Amount"), amount): Text '0' is set on object 'Object Repository/RecAndPlayBk/Page-Vlink-Debit/input_Amount'

2024-05-16 00:38:58 - [MESSAGE][PASSED] - Text '0' is set on object 'Object Repository/RecAndPlayBk/Page-Vlink-Debit/input_Amount'

2024-05-16 00:38:58 - [TEST_STEP][PASSED] - setText(findTestObject("RecAndPlayBk/Page-Vlink-Debit/input_Check Email"), ""): Text '' is set on object 'Object Repository/RecAndPlayBk/Page-Vlink-Debit/input_Check Email'

2024-05-16 00:38:59 - [MESSAGE][PASSED] - Text '' is set on object 'Object Repository/RecAndPlayBk/Page-Vlink-Debit/input_Check Email'

2024-05-16 00:38:59 - [TEST_STEP][PASSED] - setText(findTestObject("Object Repository/RecAndPlayBk/Page-Vlink-Debit/input_concat(CheckWriter, , s SSN)_check_ssn"), ""): Text '' is set on object 'Object Repository/RecAndPlayBk/Page-Vlink-Debit/input_concat(CheckWriter, , s SSN)_check_ssn'

2024-05-16 00:38:59 - [MESSAGE][PASSED] - Text '' is set on object 'Object Repository/RecAndPlayBk/Page-Vlink-Debit/input_concat(CheckWriter, , s SSN)_check_ssn'

2024-05-16 00:38:59 - [TEST_STEP][PASSED] - setText(findTestObject("Object Repository/RecAndPlayBk/Page-Vlink-Debit/input_concat(CheckWriter, , s License Numbe_020fef"), ""): Text '' is set on object 'Object Repository/RecAndPlayBk/Page-Vlink-Debit/input_concat(CheckWriter, , s License Numbe_020fef'

2024-05-16 00:39:00 - [MESSAGE][PASSED] - Text '' is set on object 'Object Repository/RecAndPlayBk/Page-Vlink-Debit/input_concat(CheckWriter, , s License Numbe_020fef'

2024-05-16 00:39:00 - [TEST_STEP][PASSED] - setText(findTestObject("Object Repository/RecAndPlayBk/Page-Vlink-Debit/input_concat(CheckWriter, , s License State_21e3e7"), ""): Text '' is set on object 'Object Repository/RecAndPlayBk/Page-Vlink-Debit/input_concat(CheckWriter, , s License State_21e3e7'

2024-05-16 00:39:01 - [MESSAGE][PASSED] - Text '' is set on object 'Object Repository/RecAndPlayBk/Page-Vlink-Debit/input_concat(CheckWriter, , s License State_21e3e7'

2024-05-16 00:39:01 - [TEST_STEP][PASSED] - setText(findTestObject("RecAndPlayBk/Page-Vlink-Debit/input_Standard Entry Class"), sec): Text 'TEL' is set on object 'Object Repository/RecAndPlayBk/Page-Vlink-Debit/input_Standard Entry Class'

2024-05-16 00:39:01 - [MESSAGE][PASSED] - Text 'TEL' is set on object 'Object Repository/RecAndPlayBk/Page-Vlink-Debit/input_Standard Entry Class'

2024-05-16 00:39:01 - [TEST_STEP][PASSED] - click(findTestObject("Object Repository/RecAndPlayBk/Page-Vlink-Debit/input")): Object: 'Object Repository/RecAndPlayBk/Page-Vlink-Debit/input' is clicked on

2024-05-16 00:39:02 - [MESSAGE][PASSED] - Object: 'Object Repository/RecAndPlayBk/Page-Vlink-Debit/input' is clicked on

2024-05-16 00:39:02 - [TEST_STEP][PASSED] - if (verifyTextPresent("invalid: amount", true)): null

2024-05-16 00:39:03 - [MESSAGE][PASSED] - Text 'invalid: amount' is present on page  using regular expression

2024-05-16 00:39:03 - [TEST_STEP][PASSED] - println("invalid: amount text is present on the Confirmation page"): null

2024-05-16 00:39:03 - [TEST_STEP][PASSED] - out.println("Pass Record Number: " + row): null

2024-05-16 00:39:03 - [TEST_STEP][PASSED] - resText = "Pass": null

2024-05-16 00:39:03 - [TEST_STEP][PASSED] - pages.WriteExcel.demoKey(resText, datText, resColumn, datCloumn, fileLoc, nameSheet, row): pages.WriteExcel.demoKey is PASSED

2024-05-16 00:39:03 - [MESSAGE][PASSED] - pages.WriteExcel.demoKey is PASSED

2024-05-16 00:39:03 - [TEST_STEP][PASSED] - ExecuteTC = findTestData(dataFile).getValue("Execute", row): null

2024-05-16 00:39:03 - [TEST_STEP][PASSED] - out.println("Value of Execute is : " + ExecuteTC): null

2024-05-16 00:39:03 - [TEST_STEP][PASSED] - switch (executionProfile): null

2024-05-16 00:39:03 - [TEST_STEP][PASSED] - case "QA2Profile":: null

2024-05-16 00:39:03 - [TEST_STEP][PASSED] - appID = findTestData(dataFile).getValue("AppIDQA", row): null

2024-05-16 00:39:03 - [TEST_STEP][PASSED] - username = findTestData(dataFile).getValue("UsernameQA", row): null

2024-05-16 00:39:03 - [TEST_STEP][PASSED] - password = findTestData(dataFile).getValue("PasswordQA", row): null

2024-05-16 00:39:03 - [TEST_STEP][PASSED] - break: null

2024-05-16 00:39:03 - [TEST_STEP][PASSED] - if (ExecuteTC.equalsIgnoreCase("Y")): null

2024-05-16 00:39:03 - [TEST_STEP][PASSED] - out.println("Begin Record Number: " + row): null

2024-05-16 00:39:03 - [TEST_STEP][PASSED] - today = new java.util.Date(): null

2024-05-16 00:39:03 - [TEST_STEP][PASSED] - println(today): null

2024-05-16 00:39:03 - [TEST_STEP][PASSED] - datText = today: null

2024-05-16 00:39:03 - [TEST_STEP][PASSED] - checkType = findTestData(dataFile).getValue("CheckType", row): null

2024-05-16 00:39:03 - [TEST_STEP][PASSED] - acNumber = findTestData(dataFile).getValue("AcNumber", row): null

2024-05-16 00:39:03 - [TEST_STEP][PASSED] - company = findTestData(dataFile).getValue("Company", row): null

2024-05-16 00:39:03 - [TEST_STEP][PASSED] - acType = findTestData(dataFile).getValue("AcType", row): null

2024-05-16 00:39:03 - [TEST_STEP][PASSED] - rtn = findTestData(dataFile).getValue("RTN", row): null

2024-05-16 00:39:03 - [TEST_STEP][PASSED] - amount = findTestData(dataFile).getValue("Amount", row): null

2024-05-16 00:39:03 - [TEST_STEP][PASSED] - sec = findTestData(dataFile).getValue("SEC", row): null

2024-05-16 00:39:03 - [TEST_STEP][PASSED] - openBrowser(VLinkURL + "debit.html"): Browser is opened with url: 'https://dev-algorithm.govolution.com/vlinktest/QA2/version_2_0/debit.html'

2024-05-16 00:39:03 - [MESSAGE][WARNING] - A browser is already opened. Closing browser and opening a new one

2024-05-16 00:39:05 - [MESSAGE][INFO] - Starting 'Chrome' driver

2024-05-16 00:39:05 - [MESSAGE][INFO] - User set preference: ['acceptInsecureCerts', 'true']

2024-05-16 00:39:05 - [MESSAGE][INFO] - Action delay is set to 0 milliseconds

2024-05-16 00:39:07 - [MESSAGE][PASSED] - Browser is opened with url: 'https://dev-algorithm.govolution.com/vlinktest/QA2/version_2_0/debit.html'

2024-05-16 00:39:07 - [TEST_STEP][PASSED] - maximizeWindow(): Current window maximized

2024-05-16 00:39:07 - [MESSAGE][PASSED] - Current window maximized

2024-05-16 00:39:07 - [TEST_STEP][PASSED] - genRemID = RandomStringUtils.random(12, true, true): null

2024-05-16 00:39:07 - [TEST_STEP][PASSED] - setText(findTestObject("RecAndPlayBk/Page-Vlink-Debit/input_Remittance Id"), genRemID): Text 'tDc5E2jnmEIE' is set on object 'Object Repository/RecAndPlayBk/Page-Vlink-Debit/input_Remittance Id'

2024-05-16 00:39:08 - [MESSAGE][PASSED] - Text 'tDc5E2jnmEIE' is set on object 'Object Repository/RecAndPlayBk/Page-Vlink-Debit/input_Remittance Id'

2024-05-16 00:39:08 - [TEST_STEP][PASSED] - setText(findTestObject("RecAndPlayBk/Page-Vlink-Debit/input_Application Id"), appID): Text '234' is set on object 'Object Repository/RecAndPlayBk/Page-Vlink-Debit/input_Application Id'

2024-05-16 00:39:09 - [MESSAGE][PASSED] - Text '234' is set on object 'Object Repository/RecAndPlayBk/Page-Vlink-Debit/input_Application Id'

2024-05-16 00:39:09 - [TEST_STEP][PASSED] - setText(findTestObject("RecAndPlayBk/Page-Vlink-Debit/input_Username"), username): Text 'username' is set on object 'Object Repository/RecAndPlayBk/Page-Vlink-Debit/input_Username'

2024-05-16 00:39:09 - [MESSAGE][PASSED] - Text 'username' is set on object 'Object Repository/RecAndPlayBk/Page-Vlink-Debit/input_Username'

2024-05-16 00:39:09 - [TEST_STEP][PASSED] - setText(findTestObject("RecAndPlayBk/Page-Vlink-Debit/input_Password"), password): Text 'password' is set on object 'Object Repository/RecAndPlayBk/Page-Vlink-Debit/input_Password'

2024-05-16 00:39:10 - [MESSAGE][PASSED] - Text 'password' is set on object 'Object Repository/RecAndPlayBk/Page-Vlink-Debit/input_Password'

2024-05-16 00:39:10 - [TEST_STEP][PASSED] - setText(findTestObject("RecAndPlayBk/Page-Vlink-Debit/input_Check Type"), checkType): Text 'P' is set on object 'Object Repository/RecAndPlayBk/Page-Vlink-Debit/input_Check Type'

2024-05-16 00:39:11 - [MESSAGE][PASSED] - Text 'P' is set on object 'Object Repository/RecAndPlayBk/Page-Vlink-Debit/input_Check Type'

2024-05-16 00:39:11 - [TEST_STEP][PASSED] - setText(findTestObject("RecAndPlayBk/Page-Vlink-Debit/input_Account_check"), acNumber): Text '58963214' is set on object 'Object Repository/RecAndPlayBk/Page-Vlink-Debit/input_Account_check'

2024-05-16 00:39:11 - [MESSAGE][PASSED] - Text '58963214' is set on object 'Object Repository/RecAndPlayBk/Page-Vlink-Debit/input_Account_check'

2024-05-16 00:39:11 - [TEST_STEP][PASSED] - setText(findTestObject("RecAndPlayBk/Page-Vlink-Debit/input_Company_check"), company): Text '' is set on object 'Object Repository/RecAndPlayBk/Page-Vlink-Debit/input_Company_check'

2024-05-16 00:39:12 - [MESSAGE][PASSED] - Text '' is set on object 'Object Repository/RecAndPlayBk/Page-Vlink-Debit/input_Company_check'

2024-05-16 00:39:12 - [TEST_STEP][PASSED] - setText(findTestObject("RecAndPlayBk/Page-Vlink-Debit/input_Account Type"), acType): Text '2' is set on object 'Object Repository/RecAndPlayBk/Page-Vlink-Debit/input_Account Type'

2024-05-16 00:39:13 - [MESSAGE][PASSED] - Text '2' is set on object 'Object Repository/RecAndPlayBk/Page-Vlink-Debit/input_Account Type'

2024-05-16 00:39:13 - [TEST_STEP][PASSED] - setText(findTestObject("RecAndPlayBk/Page-Vlink-Debit/input_Routing Number"), rtn): Text '256072691' is set on object 'Object Repository/RecAndPlayBk/Page-Vlink-Debit/input_Routing Number'

2024-05-16 00:39:13 - [MESSAGE][PASSED] - Text '256072691' is set on object 'Object Repository/RecAndPlayBk/Page-Vlink-Debit/input_Routing Number'

2024-05-16 00:39:13 - [TEST_STEP][PASSED] - setText(findTestObject("RecAndPlayBk/Page-Vlink-Debit/input_Amount"), amount): Text '0' is set on object 'Object Repository/RecAndPlayBk/Page-Vlink-Debit/input_Amount'

2024-05-16 00:39:14 - [MESSAGE][PASSED] - Text '0' is set on object 'Object Repository/RecAndPlayBk/Page-Vlink-Debit/input_Amount'

2024-05-16 00:39:14 - [TEST_STEP][PASSED] - setText(findTestObject("RecAndPlayBk/Page-Vlink-Debit/input_Check Email"), ""): Text '' is set on object 'Object Repository/RecAndPlayBk/Page-Vlink-Debit/input_Check Email'

2024-05-16 00:39:14 - [MESSAGE][PASSED] - Text '' is set on object 'Object Repository/RecAndPlayBk/Page-Vlink-Debit/input_Check Email'

2024-05-16 00:39:14 - [TEST_STEP][PASSED] - setText(findTestObject("Object Repository/RecAndPlayBk/Page-Vlink-Debit/input_concat(CheckWriter, , s SSN)_check_ssn"), ""): Text '' is set on object 'Object Repository/RecAndPlayBk/Page-Vlink-Debit/input_concat(CheckWriter, , s SSN)_check_ssn'

2024-05-16 00:39:15 - [MESSAGE][PASSED] - Text '' is set on object 'Object Repository/RecAndPlayBk/Page-Vlink-Debit/input_concat(CheckWriter, , s SSN)_check_ssn'

2024-05-16 00:39:15 - [TEST_STEP][PASSED] - setText(findTestObject("Object Repository/RecAndPlayBk/Page-Vlink-Debit/input_concat(CheckWriter, , s License Numbe_020fef"), ""): Text '' is set on object 'Object Repository/RecAndPlayBk/Page-Vlink-Debit/input_concat(CheckWriter, , s License Numbe_020fef'

2024-05-16 00:39:16 - [MESSAGE][PASSED] - Text '' is set on object 'Object Repository/RecAndPlayBk/Page-Vlink-Debit/input_concat(CheckWriter, , s License Numbe_020fef'

2024-05-16 00:39:16 - [TEST_STEP][PASSED] - setText(findTestObject("Object Repository/RecAndPlayBk/Page-Vlink-Debit/input_concat(CheckWriter, , s License State_21e3e7"), ""): Text '' is set on object 'Object Repository/RecAndPlayBk/Page-Vlink-Debit/input_concat(CheckWriter, , s License State_21e3e7'

2024-05-16 00:39:16 - [MESSAGE][PASSED] - Text '' is set on object 'Object Repository/RecAndPlayBk/Page-Vlink-Debit/input_concat(CheckWriter, , s License State_21e3e7'

2024-05-16 00:39:16 - [TEST_STEP][PASSED] - setText(findTestObject("RecAndPlayBk/Page-Vlink-Debit/input_Standard Entry Class"), sec): Text 'PPD' is set on object 'Object Repository/RecAndPlayBk/Page-Vlink-Debit/input_Standard Entry Class'

2024-05-16 00:39:17 - [MESSAGE][PASSED] - Text 'PPD' is set on object 'Object Repository/RecAndPlayBk/Page-Vlink-Debit/input_Standard Entry Class'

2024-05-16 00:39:17 - [TEST_STEP][PASSED] - click(findTestObject("Object Repository/RecAndPlayBk/Page-Vlink-Debit/input")): Object: 'Object Repository/RecAndPlayBk/Page-Vlink-Debit/input' is clicked on

2024-05-16 00:39:18 - [MESSAGE][PASSED] - Object: 'Object Repository/RecAndPlayBk/Page-Vlink-Debit/input' is clicked on

2024-05-16 00:39:18 - [TEST_STEP][PASSED] - if (verifyTextPresent("invalid: amount", true)): null

2024-05-16 00:39:18 - [MESSAGE][PASSED] - Text 'invalid: amount' is present on page  using regular expression

2024-05-16 00:39:18 - [TEST_STEP][PASSED] - println("invalid: amount text is present on the Confirmation page"): null

2024-05-16 00:39:18 - [TEST_STEP][PASSED] - out.println("Pass Record Number: " + row): null

2024-05-16 00:39:18 - [TEST_STEP][PASSED] - resText = "Pass": null

2024-05-16 00:39:18 - [TEST_STEP][PASSED] - pages.WriteExcel.demoKey(resText, datText, resColumn, datCloumn, fileLoc, nameSheet, row): pages.WriteExcel.demoKey is PASSED

2024-05-16 00:39:18 - [MESSAGE][PASSED] - pages.WriteExcel.demoKey is PASSED

2024-05-16 00:39:18 - [TEST_STEP][PASSED] - ExecuteTC = findTestData(dataFile).getValue("Execute", row): null

2024-05-16 00:39:18 - [TEST_STEP][PASSED] - out.println("Value of Execute is : " + ExecuteTC): null

2024-05-16 00:39:18 - [TEST_STEP][PASSED] - switch (executionProfile): null

2024-05-16 00:39:18 - [TEST_STEP][PASSED] - case "QA2Profile":: null

2024-05-16 00:39:18 - [TEST_STEP][PASSED] - appID = findTestData(dataFile).getValue("AppIDQA", row): null

2024-05-16 00:39:18 - [TEST_STEP][PASSED] - username = findTestData(dataFile).getValue("UsernameQA", row): null

2024-05-16 00:39:18 - [TEST_STEP][PASSED] - password = findTestData(dataFile).getValue("PasswordQA", row): null

2024-05-16 00:39:19 - [TEST_STEP][PASSED] - break: null

2024-05-16 00:39:19 - [TEST_STEP][PASSED] - if (ExecuteTC.equalsIgnoreCase("Y")): null

2024-05-16 00:39:19 - [TEST_STEP][PASSED] - out.println("Begin Record Number: " + row): null

2024-05-16 00:39:19 - [TEST_STEP][PASSED] - today = new java.util.Date(): null

2024-05-16 00:39:19 - [TEST_STEP][PASSED] - println(today): null

2024-05-16 00:39:19 - [TEST_STEP][PASSED] - datText = today: null

2024-05-16 00:39:19 - [TEST_STEP][PASSED] - checkType = findTestData(dataFile).getValue("CheckType", row): null

2024-05-16 00:39:19 - [TEST_STEP][PASSED] - acNumber = findTestData(dataFile).getValue("AcNumber", row): null

2024-05-16 00:39:19 - [TEST_STEP][PASSED] - company = findTestData(dataFile).getValue("Company", row): null

2024-05-16 00:39:19 - [TEST_STEP][PASSED] - acType = findTestData(dataFile).getValue("AcType", row): null

2024-05-16 00:39:19 - [TEST_STEP][PASSED] - rtn = findTestData(dataFile).getValue("RTN", row): null

2024-05-16 00:39:19 - [TEST_STEP][PASSED] - amount = findTestData(dataFile).getValue("Amount", row): null

2024-05-16 00:39:19 - [TEST_STEP][PASSED] - sec = findTestData(dataFile).getValue("SEC", row): null

2024-05-16 00:39:19 - [TEST_STEP][PASSED] - openBrowser(VLinkURL + "debit.html"): Browser is opened with url: 'https://dev-algorithm.govolution.com/vlinktest/QA2/version_2_0/debit.html'

2024-05-16 00:39:19 - [MESSAGE][WARNING] - A browser is already opened. Closing browser and opening a new one

2024-05-16 00:39:21 - [MESSAGE][INFO] - Starting 'Chrome' driver

2024-05-16 00:39:21 - [MESSAGE][INFO] - User set preference: ['acceptInsecureCerts', 'true']

2024-05-16 00:39:21 - [MESSAGE][INFO] - Action delay is set to 0 milliseconds

2024-05-16 00:39:23 - [MESSAGE][PASSED] - Browser is opened with url: 'https://dev-algorithm.govolution.com/vlinktest/QA2/version_2_0/debit.html'

2024-05-16 00:39:23 - [TEST_STEP][PASSED] - maximizeWindow(): Current window maximized

2024-05-16 00:39:23 - [MESSAGE][PASSED] - Current window maximized

2024-05-16 00:39:23 - [TEST_STEP][PASSED] - genRemID = RandomStringUtils.random(12, true, true): null

2024-05-16 00:39:23 - [TEST_STEP][PASSED] - setText(findTestObject("RecAndPlayBk/Page-Vlink-Debit/input_Remittance Id"), genRemID): Text 'HcryGj3ehnW3' is set on object 'Object Repository/RecAndPlayBk/Page-Vlink-Debit/input_Remittance Id'

2024-05-16 00:39:24 - [MESSAGE][PASSED] - Text 'HcryGj3ehnW3' is set on object 'Object Repository/RecAndPlayBk/Page-Vlink-Debit/input_Remittance Id'

2024-05-16 00:39:24 - [TEST_STEP][PASSED] - setText(findTestObject("RecAndPlayBk/Page-Vlink-Debit/input_Application Id"), appID): Text '234' is set on object 'Object Repository/RecAndPlayBk/Page-Vlink-Debit/input_Application Id'

2024-05-16 00:39:25 - [MESSAGE][PASSED] - Text '234' is set on object 'Object Repository/RecAndPlayBk/Page-Vlink-Debit/input_Application Id'

2024-05-16 00:39:25 - [TEST_STEP][PASSED] - setText(findTestObject("RecAndPlayBk/Page-Vlink-Debit/input_Username"), username): Text 'username' is set on object 'Object Repository/RecAndPlayBk/Page-Vlink-Debit/input_Username'

2024-05-16 00:39:25 - [MESSAGE][PASSED] - Text 'username' is set on object 'Object Repository/RecAndPlayBk/Page-Vlink-Debit/input_Username'

2024-05-16 00:39:25 - [TEST_STEP][PASSED] - setText(findTestObject("RecAndPlayBk/Page-Vlink-Debit/input_Password"), password): Text 'password' is set on object 'Object Repository/RecAndPlayBk/Page-Vlink-Debit/input_Password'

2024-05-16 00:39:26 - [MESSAGE][PASSED] - Text 'password' is set on object 'Object Repository/RecAndPlayBk/Page-Vlink-Debit/input_Password'

2024-05-16 00:39:26 - [TEST_STEP][PASSED] - setText(findTestObject("RecAndPlayBk/Page-Vlink-Debit/input_Check Type"), checkType): Text 'C' is set on object 'Object Repository/RecAndPlayBk/Page-Vlink-Debit/input_Check Type'

2024-05-16 00:39:26 - [MESSAGE][PASSED] - Text 'C' is set on object 'Object Repository/RecAndPlayBk/Page-Vlink-Debit/input_Check Type'

2024-05-16 00:39:26 - [TEST_STEP][PASSED] - setText(findTestObject("RecAndPlayBk/Page-Vlink-Debit/input_Account_check"), acNumber): Text '58963214' is set on object 'Object Repository/RecAndPlayBk/Page-Vlink-Debit/input_Account_check'

2024-05-16 00:39:27 - [MESSAGE][PASSED] - Text '58963214' is set on object 'Object Repository/RecAndPlayBk/Page-Vlink-Debit/input_Account_check'

2024-05-16 00:39:27 - [TEST_STEP][PASSED] - setText(findTestObject("RecAndPlayBk/Page-Vlink-Debit/input_Company_check"), company): Text 'My Company' is set on object 'Object Repository/RecAndPlayBk/Page-Vlink-Debit/input_Company_check'

2024-05-16 00:39:28 - [MESSAGE][PASSED] - Text 'My Company' is set on object 'Object Repository/RecAndPlayBk/Page-Vlink-Debit/input_Company_check'

2024-05-16 00:39:28 - [TEST_STEP][PASSED] - setText(findTestObject("RecAndPlayBk/Page-Vlink-Debit/input_Account Type"), acType): Text '' is set on object 'Object Repository/RecAndPlayBk/Page-Vlink-Debit/input_Account Type'

2024-05-16 00:39:28 - [MESSAGE][PASSED] - Text '' is set on object 'Object Repository/RecAndPlayBk/Page-Vlink-Debit/input_Account Type'

2024-05-16 00:39:28 - [TEST_STEP][PASSED] - setText(findTestObject("RecAndPlayBk/Page-Vlink-Debit/input_Routing Number"), rtn): Text '256072691' is set on object 'Object Repository/RecAndPlayBk/Page-Vlink-Debit/input_Routing Number'

2024-05-16 00:39:29 - [MESSAGE][PASSED] - Text '256072691' is set on object 'Object Repository/RecAndPlayBk/Page-Vlink-Debit/input_Routing Number'

2024-05-16 00:39:29 - [TEST_STEP][PASSED] - setText(findTestObject("RecAndPlayBk/Page-Vlink-Debit/input_Amount"), amount): Text '0' is set on object 'Object Repository/RecAndPlayBk/Page-Vlink-Debit/input_Amount'

2024-05-16 00:39:30 - [MESSAGE][PASSED] - Text '0' is set on object 'Object Repository/RecAndPlayBk/Page-Vlink-Debit/input_Amount'

2024-05-16 00:39:30 - [TEST_STEP][PASSED] - setText(findTestObject("RecAndPlayBk/Page-Vlink-Debit/input_Check Email"), ""): Text '' is set on object 'Object Repository/RecAndPlayBk/Page-Vlink-Debit/input_Check Email'

2024-05-16 00:39:30 - [MESSAGE][PASSED] - Text '' is set on object 'Object Repository/RecAndPlayBk/Page-Vlink-Debit/input_Check Email'

2024-05-16 00:39:30 - [TEST_STEP][PASSED] - setText(findTestObject("Object Repository/RecAndPlayBk/Page-Vlink-Debit/input_concat(CheckWriter, , s SSN)_check_ssn"), ""): Text '' is set on object 'Object Repository/RecAndPlayBk/Page-Vlink-Debit/input_concat(CheckWriter, , s SSN)_check_ssn'

2024-05-16 00:39:31 - [MESSAGE][PASSED] - Text '' is set on object 'Object Repository/RecAndPlayBk/Page-Vlink-Debit/input_concat(CheckWriter, , s SSN)_check_ssn'

2024-05-16 00:39:31 - [TEST_STEP][PASSED] - setText(findTestObject("Object Repository/RecAndPlayBk/Page-Vlink-Debit/input_concat(CheckWriter, , s License Numbe_020fef"), ""): Text '' is set on object 'Object Repository/RecAndPlayBk/Page-Vlink-Debit/input_concat(CheckWriter, , s License Numbe_020fef'

2024-05-16 00:39:32 - [MESSAGE][PASSED] - Text '' is set on object 'Object Repository/RecAndPlayBk/Page-Vlink-Debit/input_concat(CheckWriter, , s License Numbe_020fef'

2024-05-16 00:39:32 - [TEST_STEP][PASSED] - setText(findTestObject("Object Repository/RecAndPlayBk/Page-Vlink-Debit/input_concat(CheckWriter, , s License State_21e3e7"), ""): Text '' is set on object 'Object Repository/RecAndPlayBk/Page-Vlink-Debit/input_concat(CheckWriter, , s License State_21e3e7'

2024-05-16 00:39:32 - [MESSAGE][PASSED] - Text '' is set on object 'Object Repository/RecAndPlayBk/Page-Vlink-Debit/input_concat(CheckWriter, , s License State_21e3e7'

2024-05-16 00:39:32 - [TEST_STEP][PASSED] - setText(findTestObject("RecAndPlayBk/Page-Vlink-Debit/input_Standard Entry Class"), sec): Text 'CCD' is set on object 'Object Repository/RecAndPlayBk/Page-Vlink-Debit/input_Standard Entry Class'

2024-05-16 00:39:33 - [MESSAGE][PASSED] - Text 'CCD' is set on object 'Object Repository/RecAndPlayBk/Page-Vlink-Debit/input_Standard Entry Class'

2024-05-16 00:39:33 - [TEST_STEP][PASSED] - click(findTestObject("Object Repository/RecAndPlayBk/Page-Vlink-Debit/input")): Object: 'Object Repository/RecAndPlayBk/Page-Vlink-Debit/input' is clicked on

2024-05-16 00:39:34 - [MESSAGE][PASSED] - Object: 'Object Repository/RecAndPlayBk/Page-Vlink-Debit/input' is clicked on

2024-05-16 00:39:34 - [TEST_STEP][PASSED] - if (verifyTextPresent("invalid: amount", true)): null

2024-05-16 00:39:34 - [MESSAGE][PASSED] - Text 'invalid: amount' is present on page  using regular expression

2024-05-16 00:39:34 - [TEST_STEP][PASSED] - println("invalid: amount text is present on the Confirmation page"): null

2024-05-16 00:39:34 - [TEST_STEP][PASSED] - out.println("Pass Record Number: " + row): null

2024-05-16 00:39:34 - [TEST_STEP][PASSED] - resText = "Pass": null

2024-05-16 00:39:34 - [TEST_STEP][PASSED] - pages.WriteExcel.demoKey(resText, datText, resColumn, datCloumn, fileLoc, nameSheet, row): pages.WriteExcel.demoKey is PASSED

2024-05-16 00:39:34 - [MESSAGE][PASSED] - pages.WriteExcel.demoKey is PASSED]]></system-out>
         <system-err><![CDATA[]]></system-err>
      </testcase>
      <testcase name="Test Cases/RecAndPlayBk/VLink/Debit-Void" time="182.163" classname="Test Cases/RecAndPlayBk/VLink/Debit-Void" status="PASSED">
         <system-out><![CDATA[2024-05-16 00:39:34 - [TEST_CASE][PASSED] - Test Cases/RecAndPlayBk/VLink/Debit-Void: Test Cases/RecAndPlayBk/VLink/Debit-Void

2024-05-16 00:39:35 - [TEST_STEP][PASSED] - executionProfile = getExecutionProfile(): null

2024-05-16 00:39:35 - [TEST_STEP][PASSED] - out.println("executionProfile : " + executionProfile): null

2024-05-16 00:39:35 - [TEST_STEP][PASSED] - appName = <not implemented yet for class: org.codehaus.groovy.ast.expr.EmptyExpression>: null

2024-05-16 00:39:35 - [TEST_STEP][PASSED] - appID = <not implemented yet for class: org.codehaus.groovy.ast.expr.EmptyExpression>: null

2024-05-16 00:39:35 - [TEST_STEP][PASSED] - username = <not implemented yet for class: org.codehaus.groovy.ast.expr.EmptyExpression>: null

2024-05-16 00:39:35 - [TEST_STEP][PASSED] - password = <not implemented yet for class: org.codehaus.groovy.ast.expr.EmptyExpression>: null

2024-05-16 00:39:35 - [TEST_STEP][PASSED] - cardNameV = <not implemented yet for class: org.codehaus.groovy.ast.expr.EmptyExpression>: null

2024-05-16 00:39:35 - [TEST_STEP][PASSED] - al1V = <not implemented yet for class: org.codehaus.groovy.ast.expr.EmptyExpression>: null

2024-05-16 00:39:35 - [TEST_STEP][PASSED] - al2V = <not implemented yet for class: org.codehaus.groovy.ast.expr.EmptyExpression>: null

2024-05-16 00:39:35 - [TEST_STEP][PASSED] - zipV = <not implemented yet for class: org.codehaus.groovy.ast.expr.EmptyExpression>: null

2024-05-16 00:39:35 - [TEST_STEP][PASSED] - cardTypeV = <not implemented yet for class: org.codehaus.groovy.ast.expr.EmptyExpression>: null

2024-05-16 00:39:35 - [TEST_STEP][PASSED] - last4V = <not implemented yet for class: org.codehaus.groovy.ast.expr.EmptyExpression>: null

2024-05-16 00:39:35 - [TEST_STEP][PASSED] - resText = "Fail": null

2024-05-16 00:39:35 - [TEST_STEP][PASSED] - resColumn = "Result": null

2024-05-16 00:39:35 - [TEST_STEP][PASSED] - datCloumn = "Date": null

2024-05-16 00:39:35 - [TEST_STEP][PASSED] - fileLoc = "KatalonData/VLinkSmokeDataACH.xlsx": null

2024-05-16 00:39:35 - [TEST_STEP][PASSED] - numOfRows = <not implemented yet for class: org.codehaus.groovy.ast.expr.EmptyExpression>: null

2024-05-16 00:39:35 - [TEST_STEP][PASSED] - dataFile = <not implemented yet for class: org.codehaus.groovy.ast.expr.EmptyExpression>: null

2024-05-16 00:39:35 - [TEST_STEP][PASSED] - nameSheet = <not implemented yet for class: org.codehaus.groovy.ast.expr.EmptyExpression>: null

2024-05-16 00:39:35 - [TEST_STEP][PASSED] - nameSheet = "Debit-Void": null

2024-05-16 00:39:35 - [TEST_STEP][PASSED] - numOfRows = findTestData("QA/VLinkTestData/VLinkDebitVoidData").getRowNumbers(): null

2024-05-16 00:39:35 - [TEST_STEP][PASSED] - println("Number of Records: " + numOfRows): null

2024-05-16 00:39:35 - [TEST_STEP][PASSED] - dataFile = "QA/VLinkTestData/VLinkDebitVoidData": null

2024-05-16 00:39:35 - [TEST_STEP][PASSED] - for ([row = 1, row <= numOfRows, (row++)]): null

2024-05-16 00:39:35 - [TEST_STEP][PASSED] - ExecuteTC = findTestData(dataFile).getValue("Execute", row): null

2024-05-16 00:39:35 - [TEST_STEP][PASSED] - out.println("Value of Execute is : " + ExecuteTC): null

2024-05-16 00:39:35 - [TEST_STEP][PASSED] - switch (executionProfile): null

2024-05-16 00:39:35 - [TEST_STEP][PASSED] - case "QA2Profile":: null

2024-05-16 00:39:35 - [TEST_STEP][PASSED] - appID = findTestData(dataFile).getValue("AppIDQA", row): null

2024-05-16 00:39:35 - [TEST_STEP][PASSED] - username = findTestData(dataFile).getValue("UsernameQA", row): null

2024-05-16 00:39:35 - [TEST_STEP][PASSED] - password = findTestData(dataFile).getValue("PasswordQA", row): null

2024-05-16 00:39:35 - [TEST_STEP][PASSED] - break: null

2024-05-16 00:39:35 - [TEST_STEP][PASSED] - if (ExecuteTC.equalsIgnoreCase("Y")): null

2024-05-16 00:39:35 - [TEST_STEP][PASSED] - out.println("Begin Record Number: " + row): null

2024-05-16 00:39:35 - [TEST_STEP][PASSED] - today = new java.util.Date(): null

2024-05-16 00:39:35 - [TEST_STEP][PASSED] - println(today): null

2024-05-16 00:39:35 - [TEST_STEP][PASSED] - datText = today: null

2024-05-16 00:39:35 - [TEST_STEP][PASSED] - checkType = findTestData(dataFile).getValue("CheckType", row): null

2024-05-16 00:39:35 - [TEST_STEP][PASSED] - acNumber = findTestData(dataFile).getValue("AcNumber", row): null

2024-05-16 00:39:35 - [TEST_STEP][PASSED] - company = findTestData(dataFile).getValue("Company", row): null

2024-05-16 00:39:35 - [TEST_STEP][PASSED] - acType = findTestData(dataFile).getValue("AcType", row): null

2024-05-16 00:39:35 - [TEST_STEP][PASSED] - rtn = findTestData(dataFile).getValue("RTN", row): null

2024-05-16 00:39:35 - [TEST_STEP][PASSED] - amount = findTestData(dataFile).getValue("Amount", row): null

2024-05-16 00:39:35 - [TEST_STEP][PASSED] - sec = findTestData(dataFile).getValue("SEC", row): null

2024-05-16 00:39:35 - [TEST_STEP][PASSED] - openBrowser(VLinkURL + "debit.html"): Browser is opened with url: 'https://dev-algorithm.govolution.com/vlinktest/QA2/version_2_0/debit.html'

2024-05-16 00:39:35 - [MESSAGE][WARNING] - A browser is already opened. Closing browser and opening a new one

2024-05-16 00:39:37 - [MESSAGE][INFO] - Starting 'Chrome' driver

2024-05-16 00:39:37 - [MESSAGE][INFO] - User set preference: ['acceptInsecureCerts', 'true']

2024-05-16 00:39:37 - [MESSAGE][INFO] - Action delay is set to 0 milliseconds

2024-05-16 00:39:39 - [MESSAGE][PASSED] - Browser is opened with url: 'https://dev-algorithm.govolution.com/vlinktest/QA2/version_2_0/debit.html'

2024-05-16 00:39:39 - [TEST_STEP][PASSED] - maximizeWindow(): Current window maximized

2024-05-16 00:39:39 - [MESSAGE][PASSED] - Current window maximized

2024-05-16 00:39:39 - [TEST_STEP][PASSED] - genRemID = RandomStringUtils.random(12, true, true): null

2024-05-16 00:39:39 - [TEST_STEP][PASSED] - setText(findTestObject("RecAndPlayBk/Page-Vlink-Debit/input_Remittance Id"), genRemID): Text '9KQItPHSKWgm' is set on object 'Object Repository/RecAndPlayBk/Page-Vlink-Debit/input_Remittance Id'

2024-05-16 00:39:40 - [MESSAGE][PASSED] - Text '9KQItPHSKWgm' is set on object 'Object Repository/RecAndPlayBk/Page-Vlink-Debit/input_Remittance Id'

2024-05-16 00:39:40 - [TEST_STEP][PASSED] - setText(findTestObject("RecAndPlayBk/Page-Vlink-Debit/input_Application Id"), appID): Text '234' is set on object 'Object Repository/RecAndPlayBk/Page-Vlink-Debit/input_Application Id'

2024-05-16 00:39:41 - [MESSAGE][PASSED] - Text '234' is set on object 'Object Repository/RecAndPlayBk/Page-Vlink-Debit/input_Application Id'

2024-05-16 00:39:41 - [TEST_STEP][PASSED] - setText(findTestObject("RecAndPlayBk/Page-Vlink-Debit/input_Username"), username): Text 'username' is set on object 'Object Repository/RecAndPlayBk/Page-Vlink-Debit/input_Username'

2024-05-16 00:39:41 - [MESSAGE][PASSED] - Text 'username' is set on object 'Object Repository/RecAndPlayBk/Page-Vlink-Debit/input_Username'

2024-05-16 00:39:41 - [TEST_STEP][PASSED] - setText(findTestObject("RecAndPlayBk/Page-Vlink-Debit/input_Password"), password): Text 'password' is set on object 'Object Repository/RecAndPlayBk/Page-Vlink-Debit/input_Password'

2024-05-16 00:39:42 - [MESSAGE][PASSED] - Text 'password' is set on object 'Object Repository/RecAndPlayBk/Page-Vlink-Debit/input_Password'

2024-05-16 00:39:42 - [TEST_STEP][PASSED] - setText(findTestObject("RecAndPlayBk/Page-Vlink-Debit/input_Check Type"), checkType): Text 'P' is set on object 'Object Repository/RecAndPlayBk/Page-Vlink-Debit/input_Check Type'

2024-05-16 00:39:43 - [MESSAGE][PASSED] - Text 'P' is set on object 'Object Repository/RecAndPlayBk/Page-Vlink-Debit/input_Check Type'

2024-05-16 00:39:43 - [TEST_STEP][PASSED] - setText(findTestObject("RecAndPlayBk/Page-Vlink-Debit/input_Account_check"), acNumber): Text '58963214' is set on object 'Object Repository/RecAndPlayBk/Page-Vlink-Debit/input_Account_check'

2024-05-16 00:39:43 - [MESSAGE][PASSED] - Text '58963214' is set on object 'Object Repository/RecAndPlayBk/Page-Vlink-Debit/input_Account_check'

2024-05-16 00:39:43 - [TEST_STEP][PASSED] - setText(findTestObject("RecAndPlayBk/Page-Vlink-Debit/input_Company_check"), company): Text '' is set on object 'Object Repository/RecAndPlayBk/Page-Vlink-Debit/input_Company_check'

2024-05-16 00:39:44 - [MESSAGE][PASSED] - Text '' is set on object 'Object Repository/RecAndPlayBk/Page-Vlink-Debit/input_Company_check'

2024-05-16 00:39:44 - [TEST_STEP][PASSED] - setText(findTestObject("RecAndPlayBk/Page-Vlink-Debit/input_Account Type"), acType): Text '1' is set on object 'Object Repository/RecAndPlayBk/Page-Vlink-Debit/input_Account Type'

2024-05-16 00:39:45 - [MESSAGE][PASSED] - Text '1' is set on object 'Object Repository/RecAndPlayBk/Page-Vlink-Debit/input_Account Type'

2024-05-16 00:39:45 - [TEST_STEP][PASSED] - setText(findTestObject("RecAndPlayBk/Page-Vlink-Debit/input_Routing Number"), rtn): Text '256072691' is set on object 'Object Repository/RecAndPlayBk/Page-Vlink-Debit/input_Routing Number'

2024-05-16 00:39:45 - [MESSAGE][PASSED] - Text '256072691' is set on object 'Object Repository/RecAndPlayBk/Page-Vlink-Debit/input_Routing Number'

2024-05-16 00:39:45 - [TEST_STEP][PASSED] - setText(findTestObject("RecAndPlayBk/Page-Vlink-Debit/input_Amount"), amount): Text '12.50' is set on object 'Object Repository/RecAndPlayBk/Page-Vlink-Debit/input_Amount'

2024-05-16 00:39:46 - [MESSAGE][PASSED] - Text '12.50' is set on object 'Object Repository/RecAndPlayBk/Page-Vlink-Debit/input_Amount'

2024-05-16 00:39:46 - [TEST_STEP][PASSED] - setText(findTestObject("RecAndPlayBk/Page-Vlink-Debit/input_Check Email"), ""): Text '' is set on object 'Object Repository/RecAndPlayBk/Page-Vlink-Debit/input_Check Email'

2024-05-16 00:39:46 - [MESSAGE][PASSED] - Text '' is set on object 'Object Repository/RecAndPlayBk/Page-Vlink-Debit/input_Check Email'

2024-05-16 00:39:46 - [TEST_STEP][PASSED] - setText(findTestObject("Object Repository/RecAndPlayBk/Page-Vlink-Debit/input_concat(CheckWriter, , s SSN)_check_ssn"), ""): Text '' is set on object 'Object Repository/RecAndPlayBk/Page-Vlink-Debit/input_concat(CheckWriter, , s SSN)_check_ssn'

2024-05-16 00:39:47 - [MESSAGE][PASSED] - Text '' is set on object 'Object Repository/RecAndPlayBk/Page-Vlink-Debit/input_concat(CheckWriter, , s SSN)_check_ssn'

2024-05-16 00:39:47 - [TEST_STEP][PASSED] - setText(findTestObject("Object Repository/RecAndPlayBk/Page-Vlink-Debit/input_concat(CheckWriter, , s License Numbe_020fef"), ""): Text '' is set on object 'Object Repository/RecAndPlayBk/Page-Vlink-Debit/input_concat(CheckWriter, , s License Numbe_020fef'

2024-05-16 00:39:48 - [MESSAGE][PASSED] - Text '' is set on object 'Object Repository/RecAndPlayBk/Page-Vlink-Debit/input_concat(CheckWriter, , s License Numbe_020fef'

2024-05-16 00:39:48 - [TEST_STEP][PASSED] - setText(findTestObject("Object Repository/RecAndPlayBk/Page-Vlink-Debit/input_concat(CheckWriter, , s License State_21e3e7"), ""): Text '' is set on object 'Object Repository/RecAndPlayBk/Page-Vlink-Debit/input_concat(CheckWriter, , s License State_21e3e7'

2024-05-16 00:39:48 - [MESSAGE][PASSED] - Text '' is set on object 'Object Repository/RecAndPlayBk/Page-Vlink-Debit/input_concat(CheckWriter, , s License State_21e3e7'

2024-05-16 00:39:48 - [TEST_STEP][PASSED] - setText(findTestObject("RecAndPlayBk/Page-Vlink-Debit/input_Standard Entry Class"), sec): Text 'WEB' is set on object 'Object Repository/RecAndPlayBk/Page-Vlink-Debit/input_Standard Entry Class'

2024-05-16 00:39:49 - [MESSAGE][PASSED] - Text 'WEB' is set on object 'Object Repository/RecAndPlayBk/Page-Vlink-Debit/input_Standard Entry Class'

2024-05-16 00:39:49 - [TEST_STEP][PASSED] - click(findTestObject("Object Repository/RecAndPlayBk/Page-Vlink-Debit/input")): Object: 'Object Repository/RecAndPlayBk/Page-Vlink-Debit/input' is clicked on

2024-05-16 00:39:50 - [MESSAGE][PASSED] - Object: 'Object Repository/RecAndPlayBk/Page-Vlink-Debit/input' is clicked on

2024-05-16 00:39:50 - [TEST_STEP][PASSED] - if (verifyTextPresent("Transaction approved, no errors", true)): null

2024-05-16 00:39:50 - [MESSAGE][PASSED] - Text 'Transaction approved, no errors' is present on page  using regular expression

2024-05-16 00:39:50 - [TEST_STEP][PASSED] - println("Transaction Approved, no errors text is present on the Confirmation page"): null

2024-05-16 00:39:50 - [TEST_STEP][PASSED] - sdfo = getText(findTestObject("Object Repository/Page_VLinkReceipt/pre_STX")): Text of object 'Object Repository/Page_VLinkReceipt/pre_STX' is: '<STX>9KQItPHSKWgm                  12151694            0  Transaction approved, no errors                   0                                                                                                              <ETX>'

2024-05-16 00:39:51 - [MESSAGE][PASSED] - Text of object 'Object Repository/Page_VLinkReceipt/pre_STX' is: '<STX>9KQItPHSKWgm                  12151694            0  Transaction approved, no errors                   0                                                                                                              <ETX>'

2024-05-16 00:39:51 - [TEST_STEP][PASSED] - out.println("sdfo: " + sdfo): null

2024-05-16 00:39:51 - [TEST_STEP][PASSED] - remID = substring(5, 35).trim(): null

2024-05-16 00:39:51 - [TEST_STEP][PASSED] - out.println("remID: " + remID): null

2024-05-16 00:39:51 - [TEST_STEP][PASSED] - traxID = substring(35, 55).trim(): null

2024-05-16 00:39:51 - [TEST_STEP][PASSED] - out.println("traxID: " + traxID): null

2024-05-16 00:39:51 - [TEST_STEP][PASSED] - VLinkSaleRemID = remID: null

2024-05-16 00:39:51 - [TEST_STEP][PASSED] - VLinkSaleTranxID = traxID: null

2024-05-16 00:39:51 - [TEST_STEP][PASSED] - openBrowser(VLinkURL + "ACH_void.html"): Browser is opened with url: 'https://dev-algorithm.govolution.com/vlinktest/QA2/version_2_0/ACH_void.html'

2024-05-16 00:39:51 - [MESSAGE][WARNING] - A browser is already opened. Closing browser and opening a new one

2024-05-16 00:39:52 - [MESSAGE][INFO] - Starting 'Chrome' driver

2024-05-16 00:39:52 - [MESSAGE][INFO] - User set preference: ['acceptInsecureCerts', 'true']

2024-05-16 00:39:52 - [MESSAGE][INFO] - Action delay is set to 0 milliseconds

2024-05-16 00:39:54 - [MESSAGE][PASSED] - Browser is opened with url: 'https://dev-algorithm.govolution.com/vlinktest/QA2/version_2_0/ACH_void.html'

2024-05-16 00:39:54 - [TEST_STEP][PASSED] - maximizeWindow(): Current window maximized

2024-05-16 00:39:54 - [MESSAGE][PASSED] - Current window maximized

2024-05-16 00:39:54 - [TEST_STEP][PASSED] - setText(findTestObject("Object Repository/RecAndPlayBk/Page-Vlink-ACH-Void/input_Remittance Id"), VLinkSaleRemID): Text '9KQItPHSKWgm' is set on object 'Object Repository/RecAndPlayBk/Page-Vlink-ACH-Void/input_Remittance Id'

2024-05-16 00:39:55 - [MESSAGE][PASSED] - Text '9KQItPHSKWgm' is set on object 'Object Repository/RecAndPlayBk/Page-Vlink-ACH-Void/input_Remittance Id'

2024-05-16 00:39:55 - [TEST_STEP][PASSED] - setText(findTestObject("Object Repository/RecAndPlayBk/Page-Vlink-ACH-Void/input_Application Id"), appID): Text '234' is set on object 'Object Repository/RecAndPlayBk/Page-Vlink-ACH-Void/input_Application Id'

2024-05-16 00:39:56 - [MESSAGE][PASSED] - Text '234' is set on object 'Object Repository/RecAndPlayBk/Page-Vlink-ACH-Void/input_Application Id'

2024-05-16 00:39:56 - [TEST_STEP][PASSED] - setText(findTestObject("Object Repository/RecAndPlayBk/Page-Vlink-ACH-Void/input_Username"), username): Text 'username' is set on object 'Object Repository/RecAndPlayBk/Page-Vlink-ACH-Void/input_Username'

2024-05-16 00:39:56 - [MESSAGE][PASSED] - Text 'username' is set on object 'Object Repository/RecAndPlayBk/Page-Vlink-ACH-Void/input_Username'

2024-05-16 00:39:56 - [TEST_STEP][PASSED] - setText(findTestObject("Object Repository/RecAndPlayBk/Page-Vlink-ACH-Void/input_Password"), password): Text 'password' is set on object 'Object Repository/RecAndPlayBk/Page-Vlink-ACH-Void/input_Password'

2024-05-16 00:39:57 - [MESSAGE][PASSED] - Text 'password' is set on object 'Object Repository/RecAndPlayBk/Page-Vlink-ACH-Void/input_Password'

2024-05-16 00:39:57 - [TEST_STEP][PASSED] - setText(findTestObject("Object Repository/RecAndPlayBk/Page-Vlink-ACH-Void/input_Check Type"), checkType): Text 'P' is set on object 'Object Repository/RecAndPlayBk/Page-Vlink-ACH-Void/input_Check Type'

2024-05-16 00:39:58 - [MESSAGE][PASSED] - Text 'P' is set on object 'Object Repository/RecAndPlayBk/Page-Vlink-ACH-Void/input_Check Type'

2024-05-16 00:39:58 - [TEST_STEP][PASSED] - setText(findTestObject("Object Repository/RecAndPlayBk/Page-Vlink-ACH-Void/input_Standard Entry Class"), sec): Text 'WEB' is set on object 'Object Repository/RecAndPlayBk/Page-Vlink-ACH-Void/input_Standard Entry Class'

2024-05-16 00:39:58 - [MESSAGE][PASSED] - Text 'WEB' is set on object 'Object Repository/RecAndPlayBk/Page-Vlink-ACH-Void/input_Standard Entry Class'

2024-05-16 00:39:58 - [TEST_STEP][PASSED] - setText(findTestObject("Object Repository/RecAndPlayBk/Page-Vlink-ACH-Void/input_Transaction ID"), VLinkSaleTranxID): Text '12151694' is set on object 'Object Repository/RecAndPlayBk/Page-Vlink-ACH-Void/input_Transaction ID'

2024-05-16 00:39:59 - [MESSAGE][PASSED] - Text '12151694' is set on object 'Object Repository/RecAndPlayBk/Page-Vlink-ACH-Void/input_Transaction ID'

2024-05-16 00:39:59 - [TEST_STEP][PASSED] - setText(findTestObject("Object Repository/RecAndPlayBk/Page-Vlink-ACH-Void/input_Original Transaction Type"), "200"): Text '200' is set on object 'Object Repository/RecAndPlayBk/Page-Vlink-ACH-Void/input_Original Transaction Type'

2024-05-16 00:40:00 - [MESSAGE][PASSED] - Text '200' is set on object 'Object Repository/RecAndPlayBk/Page-Vlink-ACH-Void/input_Original Transaction Type'

2024-05-16 00:40:00 - [TEST_STEP][PASSED] - click(findTestObject("Object Repository/RecAndPlayBk/Page-Vlink-ACH-Void/input")): Object: 'Object Repository/RecAndPlayBk/Page-Vlink-ACH-Void/input' is clicked on

2024-05-16 00:40:01 - [MESSAGE][PASSED] - Object: 'Object Repository/RecAndPlayBk/Page-Vlink-ACH-Void/input' is clicked on

2024-05-16 00:40:01 - [TEST_STEP][PASSED] - if (verifyTextPresent("Transaction approved, no errors", true)): null

2024-05-16 00:40:01 - [MESSAGE][PASSED] - Text 'Transaction approved, no errors' is present on page  using regular expression

2024-05-16 00:40:01 - [TEST_STEP][PASSED] - println("Transaction Approved, no errors text is present on the Confirmation page"): null

2024-05-16 00:40:01 - [TEST_STEP][PASSED] - out.println("Pass Record Number: " + row): null

2024-05-16 00:40:01 - [TEST_STEP][PASSED] - resText = "Pass": null

2024-05-16 00:40:01 - [TEST_STEP][PASSED] - pages.WriteExcel.demoKey(resText, datText, resColumn, datCloumn, fileLoc, nameSheet, row): pages.WriteExcel.demoKey is PASSED

2024-05-16 00:40:01 - [MESSAGE][PASSED] - pages.WriteExcel.demoKey is PASSED

2024-05-16 00:40:01 - [TEST_STEP][PASSED] - ExecuteTC = findTestData(dataFile).getValue("Execute", row): null

2024-05-16 00:40:01 - [TEST_STEP][PASSED] - out.println("Value of Execute is : " + ExecuteTC): null

2024-05-16 00:40:01 - [TEST_STEP][PASSED] - switch (executionProfile): null

2024-05-16 00:40:01 - [TEST_STEP][PASSED] - case "QA2Profile":: null

2024-05-16 00:40:01 - [TEST_STEP][PASSED] - appID = findTestData(dataFile).getValue("AppIDQA", row): null

2024-05-16 00:40:01 - [TEST_STEP][PASSED] - username = findTestData(dataFile).getValue("UsernameQA", row): null

2024-05-16 00:40:01 - [TEST_STEP][PASSED] - password = findTestData(dataFile).getValue("PasswordQA", row): null

2024-05-16 00:40:01 - [TEST_STEP][PASSED] - break: null

2024-05-16 00:40:01 - [TEST_STEP][PASSED] - if (ExecuteTC.equalsIgnoreCase("Y")): null

2024-05-16 00:40:01 - [TEST_STEP][PASSED] - out.println("Begin Record Number: " + row): null

2024-05-16 00:40:01 - [TEST_STEP][PASSED] - today = new java.util.Date(): null

2024-05-16 00:40:01 - [TEST_STEP][PASSED] - println(today): null

2024-05-16 00:40:01 - [TEST_STEP][PASSED] - datText = today: null

2024-05-16 00:40:01 - [TEST_STEP][PASSED] - checkType = findTestData(dataFile).getValue("CheckType", row): null

2024-05-16 00:40:01 - [TEST_STEP][PASSED] - acNumber = findTestData(dataFile).getValue("AcNumber", row): null

2024-05-16 00:40:01 - [TEST_STEP][PASSED] - company = findTestData(dataFile).getValue("Company", row): null

2024-05-16 00:40:01 - [TEST_STEP][PASSED] - acType = findTestData(dataFile).getValue("AcType", row): null

2024-05-16 00:40:02 - [TEST_STEP][PASSED] - rtn = findTestData(dataFile).getValue("RTN", row): null

2024-05-16 00:40:02 - [TEST_STEP][PASSED] - amount = findTestData(dataFile).getValue("Amount", row): null

2024-05-16 00:40:02 - [TEST_STEP][PASSED] - sec = findTestData(dataFile).getValue("SEC", row): null

2024-05-16 00:40:02 - [TEST_STEP][PASSED] - openBrowser(VLinkURL + "debit.html"): Browser is opened with url: 'https://dev-algorithm.govolution.com/vlinktest/QA2/version_2_0/debit.html'

2024-05-16 00:40:02 - [MESSAGE][WARNING] - A browser is already opened. Closing browser and opening a new one

2024-05-16 00:40:03 - [MESSAGE][INFO] - Starting 'Chrome' driver

2024-05-16 00:40:03 - [MESSAGE][INFO] - User set preference: ['acceptInsecureCerts', 'true']

2024-05-16 00:40:03 - [MESSAGE][INFO] - Action delay is set to 0 milliseconds

2024-05-16 00:40:05 - [MESSAGE][PASSED] - Browser is opened with url: 'https://dev-algorithm.govolution.com/vlinktest/QA2/version_2_0/debit.html'

2024-05-16 00:40:05 - [TEST_STEP][PASSED] - maximizeWindow(): Current window maximized

2024-05-16 00:40:05 - [MESSAGE][PASSED] - Current window maximized

2024-05-16 00:40:05 - [TEST_STEP][PASSED] - genRemID = RandomStringUtils.random(12, true, true): null

2024-05-16 00:40:05 - [TEST_STEP][PASSED] - setText(findTestObject("RecAndPlayBk/Page-Vlink-Debit/input_Remittance Id"), genRemID): Text 'gzHUa5pzQCDd' is set on object 'Object Repository/RecAndPlayBk/Page-Vlink-Debit/input_Remittance Id'

2024-05-16 00:40:06 - [MESSAGE][PASSED] - Text 'gzHUa5pzQCDd' is set on object 'Object Repository/RecAndPlayBk/Page-Vlink-Debit/input_Remittance Id'

2024-05-16 00:40:06 - [TEST_STEP][PASSED] - setText(findTestObject("RecAndPlayBk/Page-Vlink-Debit/input_Application Id"), appID): Text '234' is set on object 'Object Repository/RecAndPlayBk/Page-Vlink-Debit/input_Application Id'

2024-05-16 00:40:07 - [MESSAGE][PASSED] - Text '234' is set on object 'Object Repository/RecAndPlayBk/Page-Vlink-Debit/input_Application Id'

2024-05-16 00:40:07 - [TEST_STEP][PASSED] - setText(findTestObject("RecAndPlayBk/Page-Vlink-Debit/input_Username"), username): Text 'username' is set on object 'Object Repository/RecAndPlayBk/Page-Vlink-Debit/input_Username'

2024-05-16 00:40:07 - [MESSAGE][PASSED] - Text 'username' is set on object 'Object Repository/RecAndPlayBk/Page-Vlink-Debit/input_Username'

2024-05-16 00:40:07 - [TEST_STEP][PASSED] - setText(findTestObject("RecAndPlayBk/Page-Vlink-Debit/input_Password"), password): Text 'password' is set on object 'Object Repository/RecAndPlayBk/Page-Vlink-Debit/input_Password'

2024-05-16 00:40:08 - [MESSAGE][PASSED] - Text 'password' is set on object 'Object Repository/RecAndPlayBk/Page-Vlink-Debit/input_Password'

2024-05-16 00:40:08 - [TEST_STEP][PASSED] - setText(findTestObject("RecAndPlayBk/Page-Vlink-Debit/input_Check Type"), checkType): Text 'P' is set on object 'Object Repository/RecAndPlayBk/Page-Vlink-Debit/input_Check Type'

2024-05-16 00:40:09 - [MESSAGE][PASSED] - Text 'P' is set on object 'Object Repository/RecAndPlayBk/Page-Vlink-Debit/input_Check Type'

2024-05-16 00:40:09 - [TEST_STEP][PASSED] - setText(findTestObject("RecAndPlayBk/Page-Vlink-Debit/input_Account_check"), acNumber): Text '58963214' is set on object 'Object Repository/RecAndPlayBk/Page-Vlink-Debit/input_Account_check'

2024-05-16 00:40:09 - [MESSAGE][PASSED] - Text '58963214' is set on object 'Object Repository/RecAndPlayBk/Page-Vlink-Debit/input_Account_check'

2024-05-16 00:40:09 - [TEST_STEP][PASSED] - setText(findTestObject("RecAndPlayBk/Page-Vlink-Debit/input_Company_check"), company): Text '' is set on object 'Object Repository/RecAndPlayBk/Page-Vlink-Debit/input_Company_check'

2024-05-16 00:40:10 - [MESSAGE][PASSED] - Text '' is set on object 'Object Repository/RecAndPlayBk/Page-Vlink-Debit/input_Company_check'

2024-05-16 00:40:10 - [TEST_STEP][PASSED] - setText(findTestObject("RecAndPlayBk/Page-Vlink-Debit/input_Account Type"), acType): Text '1' is set on object 'Object Repository/RecAndPlayBk/Page-Vlink-Debit/input_Account Type'

2024-05-16 00:40:11 - [MESSAGE][PASSED] - Text '1' is set on object 'Object Repository/RecAndPlayBk/Page-Vlink-Debit/input_Account Type'

2024-05-16 00:40:11 - [TEST_STEP][PASSED] - setText(findTestObject("RecAndPlayBk/Page-Vlink-Debit/input_Routing Number"), rtn): Text '256072691' is set on object 'Object Repository/RecAndPlayBk/Page-Vlink-Debit/input_Routing Number'

2024-05-16 00:40:11 - [MESSAGE][PASSED] - Text '256072691' is set on object 'Object Repository/RecAndPlayBk/Page-Vlink-Debit/input_Routing Number'

2024-05-16 00:40:11 - [TEST_STEP][PASSED] - setText(findTestObject("RecAndPlayBk/Page-Vlink-Debit/input_Amount"), amount): Text '12.50' is set on object 'Object Repository/RecAndPlayBk/Page-Vlink-Debit/input_Amount'

2024-05-16 00:40:12 - [MESSAGE][PASSED] - Text '12.50' is set on object 'Object Repository/RecAndPlayBk/Page-Vlink-Debit/input_Amount'

2024-05-16 00:40:12 - [TEST_STEP][PASSED] - setText(findTestObject("RecAndPlayBk/Page-Vlink-Debit/input_Check Email"), ""): Text '' is set on object 'Object Repository/RecAndPlayBk/Page-Vlink-Debit/input_Check Email'

2024-05-16 00:40:12 - [MESSAGE][PASSED] - Text '' is set on object 'Object Repository/RecAndPlayBk/Page-Vlink-Debit/input_Check Email'

2024-05-16 00:40:12 - [TEST_STEP][PASSED] - setText(findTestObject("Object Repository/RecAndPlayBk/Page-Vlink-Debit/input_concat(CheckWriter, , s SSN)_check_ssn"), ""): Text '' is set on object 'Object Repository/RecAndPlayBk/Page-Vlink-Debit/input_concat(CheckWriter, , s SSN)_check_ssn'

2024-05-16 00:40:13 - [MESSAGE][PASSED] - Text '' is set on object 'Object Repository/RecAndPlayBk/Page-Vlink-Debit/input_concat(CheckWriter, , s SSN)_check_ssn'

2024-05-16 00:40:13 - [TEST_STEP][PASSED] - setText(findTestObject("Object Repository/RecAndPlayBk/Page-Vlink-Debit/input_concat(CheckWriter, , s License Numbe_020fef"), ""): Text '' is set on object 'Object Repository/RecAndPlayBk/Page-Vlink-Debit/input_concat(CheckWriter, , s License Numbe_020fef'

2024-05-16 00:40:14 - [MESSAGE][PASSED] - Text '' is set on object 'Object Repository/RecAndPlayBk/Page-Vlink-Debit/input_concat(CheckWriter, , s License Numbe_020fef'

2024-05-16 00:40:14 - [TEST_STEP][PASSED] - setText(findTestObject("Object Repository/RecAndPlayBk/Page-Vlink-Debit/input_concat(CheckWriter, , s License State_21e3e7"), ""): Text '' is set on object 'Object Repository/RecAndPlayBk/Page-Vlink-Debit/input_concat(CheckWriter, , s License State_21e3e7'

2024-05-16 00:40:14 - [MESSAGE][PASSED] - Text '' is set on object 'Object Repository/RecAndPlayBk/Page-Vlink-Debit/input_concat(CheckWriter, , s License State_21e3e7'

2024-05-16 00:40:14 - [TEST_STEP][PASSED] - setText(findTestObject("RecAndPlayBk/Page-Vlink-Debit/input_Standard Entry Class"), sec): Text 'TEL' is set on object 'Object Repository/RecAndPlayBk/Page-Vlink-Debit/input_Standard Entry Class'

2024-05-16 00:40:15 - [MESSAGE][PASSED] - Text 'TEL' is set on object 'Object Repository/RecAndPlayBk/Page-Vlink-Debit/input_Standard Entry Class'

2024-05-16 00:40:15 - [TEST_STEP][PASSED] - click(findTestObject("Object Repository/RecAndPlayBk/Page-Vlink-Debit/input")): Object: 'Object Repository/RecAndPlayBk/Page-Vlink-Debit/input' is clicked on

2024-05-16 00:40:16 - [MESSAGE][PASSED] - Object: 'Object Repository/RecAndPlayBk/Page-Vlink-Debit/input' is clicked on

2024-05-16 00:40:16 - [TEST_STEP][PASSED] - if (verifyTextPresent("Transaction approved, no errors", true)): null

2024-05-16 00:40:16 - [MESSAGE][PASSED] - Text 'Transaction approved, no errors' is present on page  using regular expression

2024-05-16 00:40:16 - [TEST_STEP][PASSED] - println("Transaction Approved, no errors text is present on the Confirmation page"): null

2024-05-16 00:40:16 - [TEST_STEP][PASSED] - sdfo = getText(findTestObject("Object Repository/Page_VLinkReceipt/pre_STX")): Text of object 'Object Repository/Page_VLinkReceipt/pre_STX' is: '<STX>gzHUa5pzQCDd                  12151696            0  Transaction approved, no errors                   0                                                                                                              <ETX>'

2024-05-16 00:40:17 - [MESSAGE][PASSED] - Text of object 'Object Repository/Page_VLinkReceipt/pre_STX' is: '<STX>gzHUa5pzQCDd                  12151696            0  Transaction approved, no errors                   0                                                                                                              <ETX>'

2024-05-16 00:40:17 - [TEST_STEP][PASSED] - out.println("sdfo: " + sdfo): null

2024-05-16 00:40:17 - [TEST_STEP][PASSED] - remID = substring(5, 35).trim(): null

2024-05-16 00:40:17 - [TEST_STEP][PASSED] - out.println("remID: " + remID): null

2024-05-16 00:40:17 - [TEST_STEP][PASSED] - traxID = substring(35, 55).trim(): null

2024-05-16 00:40:17 - [TEST_STEP][PASSED] - out.println("traxID: " + traxID): null

2024-05-16 00:40:17 - [TEST_STEP][PASSED] - VLinkSaleRemID = remID: null

2024-05-16 00:40:17 - [TEST_STEP][PASSED] - VLinkSaleTranxID = traxID: null

2024-05-16 00:40:17 - [TEST_STEP][PASSED] - openBrowser(VLinkURL + "ACH_void.html"): Browser is opened with url: 'https://dev-algorithm.govolution.com/vlinktest/QA2/version_2_0/ACH_void.html'

2024-05-16 00:40:17 - [MESSAGE][WARNING] - A browser is already opened. Closing browser and opening a new one

2024-05-16 00:40:18 - [MESSAGE][INFO] - Starting 'Chrome' driver

2024-05-16 00:40:18 - [MESSAGE][INFO] - User set preference: ['acceptInsecureCerts', 'true']

2024-05-16 00:40:18 - [MESSAGE][INFO] - Action delay is set to 0 milliseconds

2024-05-16 00:40:20 - [MESSAGE][PASSED] - Browser is opened with url: 'https://dev-algorithm.govolution.com/vlinktest/QA2/version_2_0/ACH_void.html'

2024-05-16 00:40:20 - [TEST_STEP][PASSED] - maximizeWindow(): Current window maximized

2024-05-16 00:40:20 - [MESSAGE][PASSED] - Current window maximized

2024-05-16 00:40:20 - [TEST_STEP][PASSED] - setText(findTestObject("Object Repository/RecAndPlayBk/Page-Vlink-ACH-Void/input_Remittance Id"), VLinkSaleRemID): Text 'gzHUa5pzQCDd' is set on object 'Object Repository/RecAndPlayBk/Page-Vlink-ACH-Void/input_Remittance Id'

2024-05-16 00:40:21 - [MESSAGE][PASSED] - Text 'gzHUa5pzQCDd' is set on object 'Object Repository/RecAndPlayBk/Page-Vlink-ACH-Void/input_Remittance Id'

2024-05-16 00:40:21 - [TEST_STEP][PASSED] - setText(findTestObject("Object Repository/RecAndPlayBk/Page-Vlink-ACH-Void/input_Application Id"), appID): Text '234' is set on object 'Object Repository/RecAndPlayBk/Page-Vlink-ACH-Void/input_Application Id'

2024-05-16 00:40:22 - [MESSAGE][PASSED] - Text '234' is set on object 'Object Repository/RecAndPlayBk/Page-Vlink-ACH-Void/input_Application Id'

2024-05-16 00:40:22 - [TEST_STEP][PASSED] - setText(findTestObject("Object Repository/RecAndPlayBk/Page-Vlink-ACH-Void/input_Username"), username): Text 'username' is set on object 'Object Repository/RecAndPlayBk/Page-Vlink-ACH-Void/input_Username'

2024-05-16 00:40:22 - [MESSAGE][PASSED] - Text 'username' is set on object 'Object Repository/RecAndPlayBk/Page-Vlink-ACH-Void/input_Username'

2024-05-16 00:40:22 - [TEST_STEP][PASSED] - setText(findTestObject("Object Repository/RecAndPlayBk/Page-Vlink-ACH-Void/input_Password"), password): Text 'password' is set on object 'Object Repository/RecAndPlayBk/Page-Vlink-ACH-Void/input_Password'

2024-05-16 00:40:23 - [MESSAGE][PASSED] - Text 'password' is set on object 'Object Repository/RecAndPlayBk/Page-Vlink-ACH-Void/input_Password'

2024-05-16 00:40:23 - [TEST_STEP][PASSED] - setText(findTestObject("Object Repository/RecAndPlayBk/Page-Vlink-ACH-Void/input_Check Type"), checkType): Text 'P' is set on object 'Object Repository/RecAndPlayBk/Page-Vlink-ACH-Void/input_Check Type'

2024-05-16 00:40:24 - [MESSAGE][PASSED] - Text 'P' is set on object 'Object Repository/RecAndPlayBk/Page-Vlink-ACH-Void/input_Check Type'

2024-05-16 00:40:24 - [TEST_STEP][PASSED] - setText(findTestObject("Object Repository/RecAndPlayBk/Page-Vlink-ACH-Void/input_Standard Entry Class"), sec): Text 'TEL' is set on object 'Object Repository/RecAndPlayBk/Page-Vlink-ACH-Void/input_Standard Entry Class'

2024-05-16 00:40:24 - [MESSAGE][PASSED] - Text 'TEL' is set on object 'Object Repository/RecAndPlayBk/Page-Vlink-ACH-Void/input_Standard Entry Class'

2024-05-16 00:40:24 - [TEST_STEP][PASSED] - setText(findTestObject("Object Repository/RecAndPlayBk/Page-Vlink-ACH-Void/input_Transaction ID"), VLinkSaleTranxID): Text '12151696' is set on object 'Object Repository/RecAndPlayBk/Page-Vlink-ACH-Void/input_Transaction ID'

2024-05-16 00:40:25 - [MESSAGE][PASSED] - Text '12151696' is set on object 'Object Repository/RecAndPlayBk/Page-Vlink-ACH-Void/input_Transaction ID'

2024-05-16 00:40:25 - [TEST_STEP][PASSED] - setText(findTestObject("Object Repository/RecAndPlayBk/Page-Vlink-ACH-Void/input_Original Transaction Type"), "200"): Text '200' is set on object 'Object Repository/RecAndPlayBk/Page-Vlink-ACH-Void/input_Original Transaction Type'

2024-05-16 00:40:25 - [MESSAGE][PASSED] - Text '200' is set on object 'Object Repository/RecAndPlayBk/Page-Vlink-ACH-Void/input_Original Transaction Type'

2024-05-16 00:40:25 - [TEST_STEP][PASSED] - click(findTestObject("Object Repository/RecAndPlayBk/Page-Vlink-ACH-Void/input")): Object: 'Object Repository/RecAndPlayBk/Page-Vlink-ACH-Void/input' is clicked on

2024-05-16 00:40:26 - [MESSAGE][PASSED] - Object: 'Object Repository/RecAndPlayBk/Page-Vlink-ACH-Void/input' is clicked on

2024-05-16 00:40:26 - [TEST_STEP][PASSED] - if (verifyTextPresent("Transaction approved, no errors", true)): null

2024-05-16 00:40:27 - [MESSAGE][PASSED] - Text 'Transaction approved, no errors' is present on page  using regular expression

2024-05-16 00:40:27 - [TEST_STEP][PASSED] - println("Transaction Approved, no errors text is present on the Confirmation page"): null

2024-05-16 00:40:27 - [TEST_STEP][PASSED] - out.println("Pass Record Number: " + row): null

2024-05-16 00:40:27 - [TEST_STEP][PASSED] - resText = "Pass": null

2024-05-16 00:40:27 - [TEST_STEP][PASSED] - pages.WriteExcel.demoKey(resText, datText, resColumn, datCloumn, fileLoc, nameSheet, row): pages.WriteExcel.demoKey is PASSED

2024-05-16 00:40:27 - [MESSAGE][PASSED] - pages.WriteExcel.demoKey is PASSED

2024-05-16 00:40:27 - [TEST_STEP][PASSED] - ExecuteTC = findTestData(dataFile).getValue("Execute", row): null

2024-05-16 00:40:27 - [TEST_STEP][PASSED] - out.println("Value of Execute is : " + ExecuteTC): null

2024-05-16 00:40:27 - [TEST_STEP][PASSED] - switch (executionProfile): null

2024-05-16 00:40:27 - [TEST_STEP][PASSED] - case "QA2Profile":: null

2024-05-16 00:40:27 - [TEST_STEP][PASSED] - appID = findTestData(dataFile).getValue("AppIDQA", row): null

2024-05-16 00:40:27 - [TEST_STEP][PASSED] - username = findTestData(dataFile).getValue("UsernameQA", row): null

2024-05-16 00:40:27 - [TEST_STEP][PASSED] - password = findTestData(dataFile).getValue("PasswordQA", row): null

2024-05-16 00:40:27 - [TEST_STEP][PASSED] - break: null

2024-05-16 00:40:27 - [TEST_STEP][PASSED] - if (ExecuteTC.equalsIgnoreCase("Y")): null

2024-05-16 00:40:27 - [TEST_STEP][PASSED] - out.println("Begin Record Number: " + row): null

2024-05-16 00:40:27 - [TEST_STEP][PASSED] - today = new java.util.Date(): null

2024-05-16 00:40:27 - [TEST_STEP][PASSED] - println(today): null

2024-05-16 00:40:27 - [TEST_STEP][PASSED] - datText = today: null

2024-05-16 00:40:27 - [TEST_STEP][PASSED] - checkType = findTestData(dataFile).getValue("CheckType", row): null

2024-05-16 00:40:27 - [TEST_STEP][PASSED] - acNumber = findTestData(dataFile).getValue("AcNumber", row): null

2024-05-16 00:40:27 - [TEST_STEP][PASSED] - company = findTestData(dataFile).getValue("Company", row): null

2024-05-16 00:40:27 - [TEST_STEP][PASSED] - acType = findTestData(dataFile).getValue("AcType", row): null

2024-05-16 00:40:27 - [TEST_STEP][PASSED] - rtn = findTestData(dataFile).getValue("RTN", row): null

2024-05-16 00:40:27 - [TEST_STEP][PASSED] - amount = findTestData(dataFile).getValue("Amount", row): null

2024-05-16 00:40:27 - [TEST_STEP][PASSED] - sec = findTestData(dataFile).getValue("SEC", row): null

2024-05-16 00:40:27 - [TEST_STEP][PASSED] - openBrowser(VLinkURL + "debit.html"): Browser is opened with url: 'https://dev-algorithm.govolution.com/vlinktest/QA2/version_2_0/debit.html'

2024-05-16 00:40:27 - [MESSAGE][WARNING] - A browser is already opened. Closing browser and opening a new one

2024-05-16 00:40:29 - [MESSAGE][INFO] - Starting 'Chrome' driver

2024-05-16 00:40:29 - [MESSAGE][INFO] - User set preference: ['acceptInsecureCerts', 'true']

2024-05-16 00:40:29 - [MESSAGE][INFO] - Action delay is set to 0 milliseconds

2024-05-16 00:40:31 - [MESSAGE][PASSED] - Browser is opened with url: 'https://dev-algorithm.govolution.com/vlinktest/QA2/version_2_0/debit.html'

2024-05-16 00:40:31 - [TEST_STEP][PASSED] - maximizeWindow(): Current window maximized

2024-05-16 00:40:31 - [MESSAGE][PASSED] - Current window maximized

2024-05-16 00:40:31 - [TEST_STEP][PASSED] - genRemID = RandomStringUtils.random(12, true, true): null

2024-05-16 00:40:31 - [TEST_STEP][PASSED] - setText(findTestObject("RecAndPlayBk/Page-Vlink-Debit/input_Remittance Id"), genRemID): Text '95rpmb6hr2XH' is set on object 'Object Repository/RecAndPlayBk/Page-Vlink-Debit/input_Remittance Id'

2024-05-16 00:40:32 - [MESSAGE][PASSED] - Text '95rpmb6hr2XH' is set on object 'Object Repository/RecAndPlayBk/Page-Vlink-Debit/input_Remittance Id'

2024-05-16 00:40:32 - [TEST_STEP][PASSED] - setText(findTestObject("RecAndPlayBk/Page-Vlink-Debit/input_Application Id"), appID): Text '234' is set on object 'Object Repository/RecAndPlayBk/Page-Vlink-Debit/input_Application Id'

2024-05-16 00:40:32 - [MESSAGE][PASSED] - Text '234' is set on object 'Object Repository/RecAndPlayBk/Page-Vlink-Debit/input_Application Id'

2024-05-16 00:40:32 - [TEST_STEP][PASSED] - setText(findTestObject("RecAndPlayBk/Page-Vlink-Debit/input_Username"), username): Text 'username' is set on object 'Object Repository/RecAndPlayBk/Page-Vlink-Debit/input_Username'

2024-05-16 00:40:33 - [MESSAGE][PASSED] - Text 'username' is set on object 'Object Repository/RecAndPlayBk/Page-Vlink-Debit/input_Username'

2024-05-16 00:40:33 - [TEST_STEP][PASSED] - setText(findTestObject("RecAndPlayBk/Page-Vlink-Debit/input_Password"), password): Text 'password' is set on object 'Object Repository/RecAndPlayBk/Page-Vlink-Debit/input_Password'

2024-05-16 00:40:34 - [MESSAGE][PASSED] - Text 'password' is set on object 'Object Repository/RecAndPlayBk/Page-Vlink-Debit/input_Password'

2024-05-16 00:40:34 - [TEST_STEP][PASSED] - setText(findTestObject("RecAndPlayBk/Page-Vlink-Debit/input_Check Type"), checkType): Text 'P' is set on object 'Object Repository/RecAndPlayBk/Page-Vlink-Debit/input_Check Type'

2024-05-16 00:40:34 - [MESSAGE][PASSED] - Text 'P' is set on object 'Object Repository/RecAndPlayBk/Page-Vlink-Debit/input_Check Type'

2024-05-16 00:40:34 - [TEST_STEP][PASSED] - setText(findTestObject("RecAndPlayBk/Page-Vlink-Debit/input_Account_check"), acNumber): Text '58963214' is set on object 'Object Repository/RecAndPlayBk/Page-Vlink-Debit/input_Account_check'

2024-05-16 00:40:35 - [MESSAGE][PASSED] - Text '58963214' is set on object 'Object Repository/RecAndPlayBk/Page-Vlink-Debit/input_Account_check'

2024-05-16 00:40:35 - [TEST_STEP][PASSED] - setText(findTestObject("RecAndPlayBk/Page-Vlink-Debit/input_Company_check"), company): Text '' is set on object 'Object Repository/RecAndPlayBk/Page-Vlink-Debit/input_Company_check'

2024-05-16 00:40:36 - [MESSAGE][PASSED] - Text '' is set on object 'Object Repository/RecAndPlayBk/Page-Vlink-Debit/input_Company_check'

2024-05-16 00:40:36 - [TEST_STEP][PASSED] - setText(findTestObject("RecAndPlayBk/Page-Vlink-Debit/input_Account Type"), acType): Text '1' is set on object 'Object Repository/RecAndPlayBk/Page-Vlink-Debit/input_Account Type'

2024-05-16 00:40:36 - [MESSAGE][PASSED] - Text '1' is set on object 'Object Repository/RecAndPlayBk/Page-Vlink-Debit/input_Account Type'

2024-05-16 00:40:36 - [TEST_STEP][PASSED] - setText(findTestObject("RecAndPlayBk/Page-Vlink-Debit/input_Routing Number"), rtn): Text '256072691' is set on object 'Object Repository/RecAndPlayBk/Page-Vlink-Debit/input_Routing Number'

2024-05-16 00:40:37 - [MESSAGE][PASSED] - Text '256072691' is set on object 'Object Repository/RecAndPlayBk/Page-Vlink-Debit/input_Routing Number'

2024-05-16 00:40:37 - [TEST_STEP][PASSED] - setText(findTestObject("RecAndPlayBk/Page-Vlink-Debit/input_Amount"), amount): Text '12.50' is set on object 'Object Repository/RecAndPlayBk/Page-Vlink-Debit/input_Amount'

2024-05-16 00:40:37 - [MESSAGE][PASSED] - Text '12.50' is set on object 'Object Repository/RecAndPlayBk/Page-Vlink-Debit/input_Amount'

2024-05-16 00:40:37 - [TEST_STEP][PASSED] - setText(findTestObject("RecAndPlayBk/Page-Vlink-Debit/input_Check Email"), ""): Text '' is set on object 'Object Repository/RecAndPlayBk/Page-Vlink-Debit/input_Check Email'

2024-05-16 00:40:38 - [MESSAGE][PASSED] - Text '' is set on object 'Object Repository/RecAndPlayBk/Page-Vlink-Debit/input_Check Email'

2024-05-16 00:40:38 - [TEST_STEP][PASSED] - setText(findTestObject("Object Repository/RecAndPlayBk/Page-Vlink-Debit/input_concat(CheckWriter, , s SSN)_check_ssn"), ""): Text '' is set on object 'Object Repository/RecAndPlayBk/Page-Vlink-Debit/input_concat(CheckWriter, , s SSN)_check_ssn'

2024-05-16 00:40:39 - [MESSAGE][PASSED] - Text '' is set on object 'Object Repository/RecAndPlayBk/Page-Vlink-Debit/input_concat(CheckWriter, , s SSN)_check_ssn'

2024-05-16 00:40:39 - [TEST_STEP][PASSED] - setText(findTestObject("Object Repository/RecAndPlayBk/Page-Vlink-Debit/input_concat(CheckWriter, , s License Numbe_020fef"), ""): Text '' is set on object 'Object Repository/RecAndPlayBk/Page-Vlink-Debit/input_concat(CheckWriter, , s License Numbe_020fef'

2024-05-16 00:40:39 - [MESSAGE][PASSED] - Text '' is set on object 'Object Repository/RecAndPlayBk/Page-Vlink-Debit/input_concat(CheckWriter, , s License Numbe_020fef'

2024-05-16 00:40:39 - [TEST_STEP][PASSED] - setText(findTestObject("Object Repository/RecAndPlayBk/Page-Vlink-Debit/input_concat(CheckWriter, , s License State_21e3e7"), ""): Text '' is set on object 'Object Repository/RecAndPlayBk/Page-Vlink-Debit/input_concat(CheckWriter, , s License State_21e3e7'

2024-05-16 00:40:40 - [MESSAGE][PASSED] - Text '' is set on object 'Object Repository/RecAndPlayBk/Page-Vlink-Debit/input_concat(CheckWriter, , s License State_21e3e7'

2024-05-16 00:40:40 - [TEST_STEP][PASSED] - setText(findTestObject("RecAndPlayBk/Page-Vlink-Debit/input_Standard Entry Class"), sec): Text 'PPD' is set on object 'Object Repository/RecAndPlayBk/Page-Vlink-Debit/input_Standard Entry Class'

2024-05-16 00:40:41 - [MESSAGE][PASSED] - Text 'PPD' is set on object 'Object Repository/RecAndPlayBk/Page-Vlink-Debit/input_Standard Entry Class'

2024-05-16 00:40:41 - [TEST_STEP][PASSED] - click(findTestObject("Object Repository/RecAndPlayBk/Page-Vlink-Debit/input")): Object: 'Object Repository/RecAndPlayBk/Page-Vlink-Debit/input' is clicked on

2024-05-16 00:40:42 - [MESSAGE][PASSED] - Object: 'Object Repository/RecAndPlayBk/Page-Vlink-Debit/input' is clicked on

2024-05-16 00:40:42 - [TEST_STEP][PASSED] - if (verifyTextPresent("Transaction approved, no errors", true)): null

2024-05-16 00:40:42 - [MESSAGE][PASSED] - Text 'Transaction approved, no errors' is present on page  using regular expression

2024-05-16 00:40:42 - [TEST_STEP][PASSED] - println("Transaction Approved, no errors text is present on the Confirmation page"): null

2024-05-16 00:40:42 - [TEST_STEP][PASSED] - sdfo = getText(findTestObject("Object Repository/Page_VLinkReceipt/pre_STX")): Text of object 'Object Repository/Page_VLinkReceipt/pre_STX' is: '<STX>95rpmb6hr2XH                  12151698            0  Transaction approved, no errors                   0                                                                                                              <ETX>'

2024-05-16 00:40:42 - [MESSAGE][PASSED] - Text of object 'Object Repository/Page_VLinkReceipt/pre_STX' is: '<STX>95rpmb6hr2XH                  12151698            0  Transaction approved, no errors                   0                                                                                                              <ETX>'

2024-05-16 00:40:42 - [TEST_STEP][PASSED] - out.println("sdfo: " + sdfo): null

2024-05-16 00:40:42 - [TEST_STEP][PASSED] - remID = substring(5, 35).trim(): null

2024-05-16 00:40:42 - [TEST_STEP][PASSED] - out.println("remID: " + remID): null

2024-05-16 00:40:42 - [TEST_STEP][PASSED] - traxID = substring(35, 55).trim(): null

2024-05-16 00:40:42 - [TEST_STEP][PASSED] - out.println("traxID: " + traxID): null

2024-05-16 00:40:42 - [TEST_STEP][PASSED] - VLinkSaleRemID = remID: null

2024-05-16 00:40:42 - [TEST_STEP][PASSED] - VLinkSaleTranxID = traxID: null

2024-05-16 00:40:42 - [TEST_STEP][PASSED] - openBrowser(VLinkURL + "ACH_void.html"): Browser is opened with url: 'https://dev-algorithm.govolution.com/vlinktest/QA2/version_2_0/ACH_void.html'

2024-05-16 00:40:42 - [MESSAGE][WARNING] - A browser is already opened. Closing browser and opening a new one

2024-05-16 00:40:44 - [MESSAGE][INFO] - Starting 'Chrome' driver

2024-05-16 00:40:44 - [MESSAGE][INFO] - User set preference: ['acceptInsecureCerts', 'true']

2024-05-16 00:40:44 - [MESSAGE][INFO] - Action delay is set to 0 milliseconds

2024-05-16 00:40:46 - [MESSAGE][PASSED] - Browser is opened with url: 'https://dev-algorithm.govolution.com/vlinktest/QA2/version_2_0/ACH_void.html'

2024-05-16 00:40:46 - [TEST_STEP][PASSED] - maximizeWindow(): Current window maximized

2024-05-16 00:40:46 - [MESSAGE][PASSED] - Current window maximized

2024-05-16 00:40:46 - [TEST_STEP][PASSED] - setText(findTestObject("Object Repository/RecAndPlayBk/Page-Vlink-ACH-Void/input_Remittance Id"), VLinkSaleRemID): Text '95rpmb6hr2XH' is set on object 'Object Repository/RecAndPlayBk/Page-Vlink-ACH-Void/input_Remittance Id'

2024-05-16 00:40:47 - [MESSAGE][PASSED] - Text '95rpmb6hr2XH' is set on object 'Object Repository/RecAndPlayBk/Page-Vlink-ACH-Void/input_Remittance Id'

2024-05-16 00:40:47 - [TEST_STEP][PASSED] - setText(findTestObject("Object Repository/RecAndPlayBk/Page-Vlink-ACH-Void/input_Application Id"), appID): Text '234' is set on object 'Object Repository/RecAndPlayBk/Page-Vlink-ACH-Void/input_Application Id'

2024-05-16 00:40:47 - [MESSAGE][PASSED] - Text '234' is set on object 'Object Repository/RecAndPlayBk/Page-Vlink-ACH-Void/input_Application Id'

2024-05-16 00:40:47 - [TEST_STEP][PASSED] - setText(findTestObject("Object Repository/RecAndPlayBk/Page-Vlink-ACH-Void/input_Username"), username): Text 'username' is set on object 'Object Repository/RecAndPlayBk/Page-Vlink-ACH-Void/input_Username'

2024-05-16 00:40:48 - [MESSAGE][PASSED] - Text 'username' is set on object 'Object Repository/RecAndPlayBk/Page-Vlink-ACH-Void/input_Username'

2024-05-16 00:40:48 - [TEST_STEP][PASSED] - setText(findTestObject("Object Repository/RecAndPlayBk/Page-Vlink-ACH-Void/input_Password"), password): Text 'password' is set on object 'Object Repository/RecAndPlayBk/Page-Vlink-ACH-Void/input_Password'

2024-05-16 00:40:49 - [MESSAGE][PASSED] - Text 'password' is set on object 'Object Repository/RecAndPlayBk/Page-Vlink-ACH-Void/input_Password'

2024-05-16 00:40:49 - [TEST_STEP][PASSED] - setText(findTestObject("Object Repository/RecAndPlayBk/Page-Vlink-ACH-Void/input_Check Type"), checkType): Text 'P' is set on object 'Object Repository/RecAndPlayBk/Page-Vlink-ACH-Void/input_Check Type'

2024-05-16 00:40:49 - [MESSAGE][PASSED] - Text 'P' is set on object 'Object Repository/RecAndPlayBk/Page-Vlink-ACH-Void/input_Check Type'

2024-05-16 00:40:49 - [TEST_STEP][PASSED] - setText(findTestObject("Object Repository/RecAndPlayBk/Page-Vlink-ACH-Void/input_Standard Entry Class"), sec): Text 'PPD' is set on object 'Object Repository/RecAndPlayBk/Page-Vlink-ACH-Void/input_Standard Entry Class'

2024-05-16 00:40:50 - [MESSAGE][PASSED] - Text 'PPD' is set on object 'Object Repository/RecAndPlayBk/Page-Vlink-ACH-Void/input_Standard Entry Class'

2024-05-16 00:40:50 - [TEST_STEP][PASSED] - setText(findTestObject("Object Repository/RecAndPlayBk/Page-Vlink-ACH-Void/input_Transaction ID"), VLinkSaleTranxID): Text '12151698' is set on object 'Object Repository/RecAndPlayBk/Page-Vlink-ACH-Void/input_Transaction ID'

2024-05-16 00:40:50 - [MESSAGE][PASSED] - Text '12151698' is set on object 'Object Repository/RecAndPlayBk/Page-Vlink-ACH-Void/input_Transaction ID'

2024-05-16 00:40:50 - [TEST_STEP][PASSED] - setText(findTestObject("Object Repository/RecAndPlayBk/Page-Vlink-ACH-Void/input_Original Transaction Type"), "200"): Text '200' is set on object 'Object Repository/RecAndPlayBk/Page-Vlink-ACH-Void/input_Original Transaction Type'

2024-05-16 00:40:51 - [MESSAGE][PASSED] - Text '200' is set on object 'Object Repository/RecAndPlayBk/Page-Vlink-ACH-Void/input_Original Transaction Type'

2024-05-16 00:40:51 - [TEST_STEP][PASSED] - click(findTestObject("Object Repository/RecAndPlayBk/Page-Vlink-ACH-Void/input")): Object: 'Object Repository/RecAndPlayBk/Page-Vlink-ACH-Void/input' is clicked on

2024-05-16 00:40:52 - [MESSAGE][PASSED] - Object: 'Object Repository/RecAndPlayBk/Page-Vlink-ACH-Void/input' is clicked on

2024-05-16 00:40:52 - [TEST_STEP][PASSED] - if (verifyTextPresent("Transaction approved, no errors", true)): null

2024-05-16 00:40:52 - [MESSAGE][PASSED] - Text 'Transaction approved, no errors' is present on page  using regular expression

2024-05-16 00:40:52 - [TEST_STEP][PASSED] - println("Transaction Approved, no errors text is present on the Confirmation page"): null

2024-05-16 00:40:52 - [TEST_STEP][PASSED] - out.println("Pass Record Number: " + row): null

2024-05-16 00:40:52 - [TEST_STEP][PASSED] - resText = "Pass": null

2024-05-16 00:40:52 - [TEST_STEP][PASSED] - pages.WriteExcel.demoKey(resText, datText, resColumn, datCloumn, fileLoc, nameSheet, row): pages.WriteExcel.demoKey is PASSED

2024-05-16 00:40:52 - [MESSAGE][PASSED] - pages.WriteExcel.demoKey is PASSED

2024-05-16 00:40:52 - [TEST_STEP][PASSED] - ExecuteTC = findTestData(dataFile).getValue("Execute", row): null

2024-05-16 00:40:53 - [TEST_STEP][PASSED] - out.println("Value of Execute is : " + ExecuteTC): null

2024-05-16 00:40:53 - [TEST_STEP][PASSED] - switch (executionProfile): null

2024-05-16 00:40:53 - [TEST_STEP][PASSED] - case "QA2Profile":: null

2024-05-16 00:40:53 - [TEST_STEP][PASSED] - appID = findTestData(dataFile).getValue("AppIDQA", row): null

2024-05-16 00:40:53 - [TEST_STEP][PASSED] - username = findTestData(dataFile).getValue("UsernameQA", row): null

2024-05-16 00:40:53 - [TEST_STEP][PASSED] - password = findTestData(dataFile).getValue("PasswordQA", row): null

2024-05-16 00:40:53 - [TEST_STEP][PASSED] - break: null

2024-05-16 00:40:53 - [TEST_STEP][PASSED] - if (ExecuteTC.equalsIgnoreCase("Y")): null

2024-05-16 00:40:53 - [TEST_STEP][PASSED] - out.println("Begin Record Number: " + row): null

2024-05-16 00:40:53 - [TEST_STEP][PASSED] - today = new java.util.Date(): null

2024-05-16 00:40:53 - [TEST_STEP][PASSED] - println(today): null

2024-05-16 00:40:53 - [TEST_STEP][PASSED] - datText = today: null

2024-05-16 00:40:53 - [TEST_STEP][PASSED] - checkType = findTestData(dataFile).getValue("CheckType", row): null

2024-05-16 00:40:53 - [TEST_STEP][PASSED] - acNumber = findTestData(dataFile).getValue("AcNumber", row): null

2024-05-16 00:40:53 - [TEST_STEP][PASSED] - company = findTestData(dataFile).getValue("Company", row): null

2024-05-16 00:40:53 - [TEST_STEP][PASSED] - acType = findTestData(dataFile).getValue("AcType", row): null

2024-05-16 00:40:53 - [TEST_STEP][PASSED] - rtn = findTestData(dataFile).getValue("RTN", row): null

2024-05-16 00:40:53 - [TEST_STEP][PASSED] - amount = findTestData(dataFile).getValue("Amount", row): null

2024-05-16 00:40:53 - [TEST_STEP][PASSED] - sec = findTestData(dataFile).getValue("SEC", row): null

2024-05-16 00:40:53 - [TEST_STEP][PASSED] - openBrowser(VLinkURL + "debit.html"): Browser is opened with url: 'https://dev-algorithm.govolution.com/vlinktest/QA2/version_2_0/debit.html'

2024-05-16 00:40:53 - [MESSAGE][WARNING] - A browser is already opened. Closing browser and opening a new one

2024-05-16 00:40:54 - [MESSAGE][INFO] - Starting 'Chrome' driver

2024-05-16 00:40:54 - [MESSAGE][INFO] - User set preference: ['acceptInsecureCerts', 'true']

2024-05-16 00:40:54 - [MESSAGE][INFO] - Action delay is set to 0 milliseconds

2024-05-16 00:40:56 - [MESSAGE][PASSED] - Browser is opened with url: 'https://dev-algorithm.govolution.com/vlinktest/QA2/version_2_0/debit.html'

2024-05-16 00:40:56 - [TEST_STEP][PASSED] - maximizeWindow(): Current window maximized

2024-05-16 00:40:57 - [MESSAGE][PASSED] - Current window maximized

2024-05-16 00:40:57 - [TEST_STEP][PASSED] - genRemID = RandomStringUtils.random(12, true, true): null

2024-05-16 00:40:57 - [TEST_STEP][PASSED] - setText(findTestObject("RecAndPlayBk/Page-Vlink-Debit/input_Remittance Id"), genRemID): Text 'YfLdlZ6YbXx4' is set on object 'Object Repository/RecAndPlayBk/Page-Vlink-Debit/input_Remittance Id'

2024-05-16 00:40:58 - [MESSAGE][PASSED] - Text 'YfLdlZ6YbXx4' is set on object 'Object Repository/RecAndPlayBk/Page-Vlink-Debit/input_Remittance Id'

2024-05-16 00:40:58 - [TEST_STEP][PASSED] - setText(findTestObject("RecAndPlayBk/Page-Vlink-Debit/input_Application Id"), appID): Text '234' is set on object 'Object Repository/RecAndPlayBk/Page-Vlink-Debit/input_Application Id'

2024-05-16 00:40:58 - [MESSAGE][PASSED] - Text '234' is set on object 'Object Repository/RecAndPlayBk/Page-Vlink-Debit/input_Application Id'

2024-05-16 00:40:58 - [TEST_STEP][PASSED] - setText(findTestObject("RecAndPlayBk/Page-Vlink-Debit/input_Username"), username): Text 'username' is set on object 'Object Repository/RecAndPlayBk/Page-Vlink-Debit/input_Username'

2024-05-16 00:40:59 - [MESSAGE][PASSED] - Text 'username' is set on object 'Object Repository/RecAndPlayBk/Page-Vlink-Debit/input_Username'

2024-05-16 00:40:59 - [TEST_STEP][PASSED] - setText(findTestObject("RecAndPlayBk/Page-Vlink-Debit/input_Password"), password): Text 'password' is set on object 'Object Repository/RecAndPlayBk/Page-Vlink-Debit/input_Password'

2024-05-16 00:41:00 - [MESSAGE][PASSED] - Text 'password' is set on object 'Object Repository/RecAndPlayBk/Page-Vlink-Debit/input_Password'

2024-05-16 00:41:00 - [TEST_STEP][PASSED] - setText(findTestObject("RecAndPlayBk/Page-Vlink-Debit/input_Check Type"), checkType): Text 'P' is set on object 'Object Repository/RecAndPlayBk/Page-Vlink-Debit/input_Check Type'

2024-05-16 00:41:00 - [MESSAGE][PASSED] - Text 'P' is set on object 'Object Repository/RecAndPlayBk/Page-Vlink-Debit/input_Check Type'

2024-05-16 00:41:00 - [TEST_STEP][PASSED] - setText(findTestObject("RecAndPlayBk/Page-Vlink-Debit/input_Account_check"), acNumber): Text '58963214' is set on object 'Object Repository/RecAndPlayBk/Page-Vlink-Debit/input_Account_check'

2024-05-16 00:41:01 - [MESSAGE][PASSED] - Text '58963214' is set on object 'Object Repository/RecAndPlayBk/Page-Vlink-Debit/input_Account_check'

2024-05-16 00:41:01 - [TEST_STEP][PASSED] - setText(findTestObject("RecAndPlayBk/Page-Vlink-Debit/input_Company_check"), company): Text '' is set on object 'Object Repository/RecAndPlayBk/Page-Vlink-Debit/input_Company_check'

2024-05-16 00:41:01 - [MESSAGE][PASSED] - Text '' is set on object 'Object Repository/RecAndPlayBk/Page-Vlink-Debit/input_Company_check'

2024-05-16 00:41:01 - [TEST_STEP][PASSED] - setText(findTestObject("RecAndPlayBk/Page-Vlink-Debit/input_Account Type"), acType): Text '2' is set on object 'Object Repository/RecAndPlayBk/Page-Vlink-Debit/input_Account Type'

2024-05-16 00:41:02 - [MESSAGE][PASSED] - Text '2' is set on object 'Object Repository/RecAndPlayBk/Page-Vlink-Debit/input_Account Type'

2024-05-16 00:41:02 - [TEST_STEP][PASSED] - setText(findTestObject("RecAndPlayBk/Page-Vlink-Debit/input_Routing Number"), rtn): Text '256072691' is set on object 'Object Repository/RecAndPlayBk/Page-Vlink-Debit/input_Routing Number'

2024-05-16 00:41:03 - [MESSAGE][PASSED] - Text '256072691' is set on object 'Object Repository/RecAndPlayBk/Page-Vlink-Debit/input_Routing Number'

2024-05-16 00:41:03 - [TEST_STEP][PASSED] - setText(findTestObject("RecAndPlayBk/Page-Vlink-Debit/input_Amount"), amount): Text '12.50' is set on object 'Object Repository/RecAndPlayBk/Page-Vlink-Debit/input_Amount'

2024-05-16 00:41:03 - [MESSAGE][PASSED] - Text '12.50' is set on object 'Object Repository/RecAndPlayBk/Page-Vlink-Debit/input_Amount'

2024-05-16 00:41:03 - [TEST_STEP][PASSED] - setText(findTestObject("RecAndPlayBk/Page-Vlink-Debit/input_Check Email"), ""): Text '' is set on object 'Object Repository/RecAndPlayBk/Page-Vlink-Debit/input_Check Email'

2024-05-16 00:41:04 - [MESSAGE][PASSED] - Text '' is set on object 'Object Repository/RecAndPlayBk/Page-Vlink-Debit/input_Check Email'

2024-05-16 00:41:04 - [TEST_STEP][PASSED] - setText(findTestObject("Object Repository/RecAndPlayBk/Page-Vlink-Debit/input_concat(CheckWriter, , s SSN)_check_ssn"), ""): Text '' is set on object 'Object Repository/RecAndPlayBk/Page-Vlink-Debit/input_concat(CheckWriter, , s SSN)_check_ssn'

2024-05-16 00:41:05 - [MESSAGE][PASSED] - Text '' is set on object 'Object Repository/RecAndPlayBk/Page-Vlink-Debit/input_concat(CheckWriter, , s SSN)_check_ssn'

2024-05-16 00:41:05 - [TEST_STEP][PASSED] - setText(findTestObject("Object Repository/RecAndPlayBk/Page-Vlink-Debit/input_concat(CheckWriter, , s License Numbe_020fef"), ""): Text '' is set on object 'Object Repository/RecAndPlayBk/Page-Vlink-Debit/input_concat(CheckWriter, , s License Numbe_020fef'

2024-05-16 00:41:05 - [MESSAGE][PASSED] - Text '' is set on object 'Object Repository/RecAndPlayBk/Page-Vlink-Debit/input_concat(CheckWriter, , s License Numbe_020fef'

2024-05-16 00:41:05 - [TEST_STEP][PASSED] - setText(findTestObject("Object Repository/RecAndPlayBk/Page-Vlink-Debit/input_concat(CheckWriter, , s License State_21e3e7"), ""): Text '' is set on object 'Object Repository/RecAndPlayBk/Page-Vlink-Debit/input_concat(CheckWriter, , s License State_21e3e7'

2024-05-16 00:41:06 - [MESSAGE][PASSED] - Text '' is set on object 'Object Repository/RecAndPlayBk/Page-Vlink-Debit/input_concat(CheckWriter, , s License State_21e3e7'

2024-05-16 00:41:06 - [TEST_STEP][PASSED] - setText(findTestObject("RecAndPlayBk/Page-Vlink-Debit/input_Standard Entry Class"), sec): Text 'WEB' is set on object 'Object Repository/RecAndPlayBk/Page-Vlink-Debit/input_Standard Entry Class'

2024-05-16 00:41:07 - [MESSAGE][PASSED] - Text 'WEB' is set on object 'Object Repository/RecAndPlayBk/Page-Vlink-Debit/input_Standard Entry Class'

2024-05-16 00:41:07 - [TEST_STEP][PASSED] - click(findTestObject("Object Repository/RecAndPlayBk/Page-Vlink-Debit/input")): Object: 'Object Repository/RecAndPlayBk/Page-Vlink-Debit/input' is clicked on

2024-05-16 00:41:08 - [MESSAGE][PASSED] - Object: 'Object Repository/RecAndPlayBk/Page-Vlink-Debit/input' is clicked on

2024-05-16 00:41:08 - [TEST_STEP][PASSED] - if (verifyTextPresent("Transaction approved, no errors", true)): null

2024-05-16 00:41:08 - [MESSAGE][PASSED] - Text 'Transaction approved, no errors' is present on page  using regular expression

2024-05-16 00:41:08 - [TEST_STEP][PASSED] - println("Transaction Approved, no errors text is present on the Confirmation page"): null

2024-05-16 00:41:08 - [TEST_STEP][PASSED] - sdfo = getText(findTestObject("Object Repository/Page_VLinkReceipt/pre_STX")): Text of object 'Object Repository/Page_VLinkReceipt/pre_STX' is: '<STX>YfLdlZ6YbXx4                  12151700            0  Transaction approved, no errors                   0                                                                                                              <ETX>'

2024-05-16 00:41:08 - [MESSAGE][PASSED] - Text of object 'Object Repository/Page_VLinkReceipt/pre_STX' is: '<STX>YfLdlZ6YbXx4                  12151700            0  Transaction approved, no errors                   0                                                                                                              <ETX>'

2024-05-16 00:41:08 - [TEST_STEP][PASSED] - out.println("sdfo: " + sdfo): null

2024-05-16 00:41:08 - [TEST_STEP][PASSED] - remID = substring(5, 35).trim(): null

2024-05-16 00:41:08 - [TEST_STEP][PASSED] - out.println("remID: " + remID): null

2024-05-16 00:41:08 - [TEST_STEP][PASSED] - traxID = substring(35, 55).trim(): null

2024-05-16 00:41:08 - [TEST_STEP][PASSED] - out.println("traxID: " + traxID): null

2024-05-16 00:41:08 - [TEST_STEP][PASSED] - VLinkSaleRemID = remID: null

2024-05-16 00:41:08 - [TEST_STEP][PASSED] - VLinkSaleTranxID = traxID: null

2024-05-16 00:41:08 - [TEST_STEP][PASSED] - openBrowser(VLinkURL + "ACH_void.html"): Browser is opened with url: 'https://dev-algorithm.govolution.com/vlinktest/QA2/version_2_0/ACH_void.html'

2024-05-16 00:41:08 - [MESSAGE][WARNING] - A browser is already opened. Closing browser and opening a new one

2024-05-16 00:41:10 - [MESSAGE][INFO] - Starting 'Chrome' driver

2024-05-16 00:41:10 - [MESSAGE][INFO] - User set preference: ['acceptInsecureCerts', 'true']

2024-05-16 00:41:10 - [MESSAGE][INFO] - Action delay is set to 0 milliseconds

2024-05-16 00:41:12 - [MESSAGE][PASSED] - Browser is opened with url: 'https://dev-algorithm.govolution.com/vlinktest/QA2/version_2_0/ACH_void.html'

2024-05-16 00:41:12 - [TEST_STEP][PASSED] - maximizeWindow(): Current window maximized

2024-05-16 00:41:12 - [MESSAGE][PASSED] - Current window maximized

2024-05-16 00:41:12 - [TEST_STEP][PASSED] - setText(findTestObject("Object Repository/RecAndPlayBk/Page-Vlink-ACH-Void/input_Remittance Id"), VLinkSaleRemID): Text 'YfLdlZ6YbXx4' is set on object 'Object Repository/RecAndPlayBk/Page-Vlink-ACH-Void/input_Remittance Id'

2024-05-16 00:41:13 - [MESSAGE][PASSED] - Text 'YfLdlZ6YbXx4' is set on object 'Object Repository/RecAndPlayBk/Page-Vlink-ACH-Void/input_Remittance Id'

2024-05-16 00:41:13 - [TEST_STEP][PASSED] - setText(findTestObject("Object Repository/RecAndPlayBk/Page-Vlink-ACH-Void/input_Application Id"), appID): Text '234' is set on object 'Object Repository/RecAndPlayBk/Page-Vlink-ACH-Void/input_Application Id'

2024-05-16 00:41:13 - [MESSAGE][PASSED] - Text '234' is set on object 'Object Repository/RecAndPlayBk/Page-Vlink-ACH-Void/input_Application Id'

2024-05-16 00:41:13 - [TEST_STEP][PASSED] - setText(findTestObject("Object Repository/RecAndPlayBk/Page-Vlink-ACH-Void/input_Username"), username): Text 'username' is set on object 'Object Repository/RecAndPlayBk/Page-Vlink-ACH-Void/input_Username'

2024-05-16 00:41:14 - [MESSAGE][PASSED] - Text 'username' is set on object 'Object Repository/RecAndPlayBk/Page-Vlink-ACH-Void/input_Username'

2024-05-16 00:41:14 - [TEST_STEP][PASSED] - setText(findTestObject("Object Repository/RecAndPlayBk/Page-Vlink-ACH-Void/input_Password"), password): Text 'password' is set on object 'Object Repository/RecAndPlayBk/Page-Vlink-ACH-Void/input_Password'

2024-05-16 00:41:15 - [MESSAGE][PASSED] - Text 'password' is set on object 'Object Repository/RecAndPlayBk/Page-Vlink-ACH-Void/input_Password'

2024-05-16 00:41:15 - [TEST_STEP][PASSED] - setText(findTestObject("Object Repository/RecAndPlayBk/Page-Vlink-ACH-Void/input_Check Type"), checkType): Text 'P' is set on object 'Object Repository/RecAndPlayBk/Page-Vlink-ACH-Void/input_Check Type'

2024-05-16 00:41:15 - [MESSAGE][PASSED] - Text 'P' is set on object 'Object Repository/RecAndPlayBk/Page-Vlink-ACH-Void/input_Check Type'

2024-05-16 00:41:15 - [TEST_STEP][PASSED] - setText(findTestObject("Object Repository/RecAndPlayBk/Page-Vlink-ACH-Void/input_Standard Entry Class"), sec): Text 'WEB' is set on object 'Object Repository/RecAndPlayBk/Page-Vlink-ACH-Void/input_Standard Entry Class'

2024-05-16 00:41:16 - [MESSAGE][PASSED] - Text 'WEB' is set on object 'Object Repository/RecAndPlayBk/Page-Vlink-ACH-Void/input_Standard Entry Class'

2024-05-16 00:41:16 - [TEST_STEP][PASSED] - setText(findTestObject("Object Repository/RecAndPlayBk/Page-Vlink-ACH-Void/input_Transaction ID"), VLinkSaleTranxID): Text '12151700' is set on object 'Object Repository/RecAndPlayBk/Page-Vlink-ACH-Void/input_Transaction ID'

2024-05-16 00:41:17 - [MESSAGE][PASSED] - Text '12151700' is set on object 'Object Repository/RecAndPlayBk/Page-Vlink-ACH-Void/input_Transaction ID'

2024-05-16 00:41:17 - [TEST_STEP][PASSED] - setText(findTestObject("Object Repository/RecAndPlayBk/Page-Vlink-ACH-Void/input_Original Transaction Type"), "200"): Text '200' is set on object 'Object Repository/RecAndPlayBk/Page-Vlink-ACH-Void/input_Original Transaction Type'

2024-05-16 00:41:17 - [MESSAGE][PASSED] - Text '200' is set on object 'Object Repository/RecAndPlayBk/Page-Vlink-ACH-Void/input_Original Transaction Type'

2024-05-16 00:41:17 - [TEST_STEP][PASSED] - click(findTestObject("Object Repository/RecAndPlayBk/Page-Vlink-ACH-Void/input")): Object: 'Object Repository/RecAndPlayBk/Page-Vlink-ACH-Void/input' is clicked on

2024-05-16 00:41:18 - [MESSAGE][PASSED] - Object: 'Object Repository/RecAndPlayBk/Page-Vlink-ACH-Void/input' is clicked on

2024-05-16 00:41:18 - [TEST_STEP][PASSED] - if (verifyTextPresent("Transaction approved, no errors", true)): null

2024-05-16 00:41:18 - [MESSAGE][PASSED] - Text 'Transaction approved, no errors' is present on page  using regular expression

2024-05-16 00:41:18 - [TEST_STEP][PASSED] - println("Transaction Approved, no errors text is present on the Confirmation page"): null

2024-05-16 00:41:18 - [TEST_STEP][PASSED] - out.println("Pass Record Number: " + row): null

2024-05-16 00:41:18 - [TEST_STEP][PASSED] - resText = "Pass": null

2024-05-16 00:41:18 - [TEST_STEP][PASSED] - pages.WriteExcel.demoKey(resText, datText, resColumn, datCloumn, fileLoc, nameSheet, row): pages.WriteExcel.demoKey is PASSED

2024-05-16 00:41:19 - [MESSAGE][PASSED] - pages.WriteExcel.demoKey is PASSED

2024-05-16 00:41:19 - [TEST_STEP][PASSED] - ExecuteTC = findTestData(dataFile).getValue("Execute", row): null

2024-05-16 00:41:19 - [TEST_STEP][PASSED] - out.println("Value of Execute is : " + ExecuteTC): null

2024-05-16 00:41:19 - [TEST_STEP][PASSED] - switch (executionProfile): null

2024-05-16 00:41:19 - [TEST_STEP][PASSED] - case "QA2Profile":: null

2024-05-16 00:41:19 - [TEST_STEP][PASSED] - appID = findTestData(dataFile).getValue("AppIDQA", row): null

2024-05-16 00:41:19 - [TEST_STEP][PASSED] - username = findTestData(dataFile).getValue("UsernameQA", row): null

2024-05-16 00:41:19 - [TEST_STEP][PASSED] - password = findTestData(dataFile).getValue("PasswordQA", row): null

2024-05-16 00:41:19 - [TEST_STEP][PASSED] - break: null

2024-05-16 00:41:19 - [TEST_STEP][PASSED] - if (ExecuteTC.equalsIgnoreCase("Y")): null

2024-05-16 00:41:19 - [TEST_STEP][PASSED] - out.println("Begin Record Number: " + row): null

2024-05-16 00:41:19 - [TEST_STEP][PASSED] - today = new java.util.Date(): null

2024-05-16 00:41:19 - [TEST_STEP][PASSED] - println(today): null

2024-05-16 00:41:19 - [TEST_STEP][PASSED] - datText = today: null

2024-05-16 00:41:19 - [TEST_STEP][PASSED] - checkType = findTestData(dataFile).getValue("CheckType", row): null

2024-05-16 00:41:19 - [TEST_STEP][PASSED] - acNumber = findTestData(dataFile).getValue("AcNumber", row): null

2024-05-16 00:41:19 - [TEST_STEP][PASSED] - company = findTestData(dataFile).getValue("Company", row): null

2024-05-16 00:41:19 - [TEST_STEP][PASSED] - acType = findTestData(dataFile).getValue("AcType", row): null

2024-05-16 00:41:19 - [TEST_STEP][PASSED] - rtn = findTestData(dataFile).getValue("RTN", row): null

2024-05-16 00:41:19 - [TEST_STEP][PASSED] - amount = findTestData(dataFile).getValue("Amount", row): null

2024-05-16 00:41:19 - [TEST_STEP][PASSED] - sec = findTestData(dataFile).getValue("SEC", row): null

2024-05-16 00:41:19 - [TEST_STEP][PASSED] - openBrowser(VLinkURL + "debit.html"): Browser is opened with url: 'https://dev-algorithm.govolution.com/vlinktest/QA2/version_2_0/debit.html'

2024-05-16 00:41:19 - [MESSAGE][WARNING] - A browser is already opened. Closing browser and opening a new one

2024-05-16 00:41:20 - [MESSAGE][INFO] - Starting 'Chrome' driver

2024-05-16 00:41:20 - [MESSAGE][INFO] - User set preference: ['acceptInsecureCerts', 'true']

2024-05-16 00:41:20 - [MESSAGE][INFO] - Action delay is set to 0 milliseconds

2024-05-16 00:41:22 - [MESSAGE][PASSED] - Browser is opened with url: 'https://dev-algorithm.govolution.com/vlinktest/QA2/version_2_0/debit.html'

2024-05-16 00:41:22 - [TEST_STEP][PASSED] - maximizeWindow(): Current window maximized

2024-05-16 00:41:23 - [MESSAGE][PASSED] - Current window maximized

2024-05-16 00:41:23 - [TEST_STEP][PASSED] - genRemID = RandomStringUtils.random(12, true, true): null

2024-05-16 00:41:23 - [TEST_STEP][PASSED] - setText(findTestObject("RecAndPlayBk/Page-Vlink-Debit/input_Remittance Id"), genRemID): Text '89azrFgYUh1h' is set on object 'Object Repository/RecAndPlayBk/Page-Vlink-Debit/input_Remittance Id'

2024-05-16 00:41:24 - [MESSAGE][PASSED] - Text '89azrFgYUh1h' is set on object 'Object Repository/RecAndPlayBk/Page-Vlink-Debit/input_Remittance Id'

2024-05-16 00:41:24 - [TEST_STEP][PASSED] - setText(findTestObject("RecAndPlayBk/Page-Vlink-Debit/input_Application Id"), appID): Text '234' is set on object 'Object Repository/RecAndPlayBk/Page-Vlink-Debit/input_Application Id'

2024-05-16 00:41:24 - [MESSAGE][PASSED] - Text '234' is set on object 'Object Repository/RecAndPlayBk/Page-Vlink-Debit/input_Application Id'

2024-05-16 00:41:24 - [TEST_STEP][PASSED] - setText(findTestObject("RecAndPlayBk/Page-Vlink-Debit/input_Username"), username): Text 'username' is set on object 'Object Repository/RecAndPlayBk/Page-Vlink-Debit/input_Username'

2024-05-16 00:41:25 - [MESSAGE][PASSED] - Text 'username' is set on object 'Object Repository/RecAndPlayBk/Page-Vlink-Debit/input_Username'

2024-05-16 00:41:25 - [TEST_STEP][PASSED] - setText(findTestObject("RecAndPlayBk/Page-Vlink-Debit/input_Password"), password): Text 'password' is set on object 'Object Repository/RecAndPlayBk/Page-Vlink-Debit/input_Password'

2024-05-16 00:41:25 - [MESSAGE][PASSED] - Text 'password' is set on object 'Object Repository/RecAndPlayBk/Page-Vlink-Debit/input_Password'

2024-05-16 00:41:25 - [TEST_STEP][PASSED] - setText(findTestObject("RecAndPlayBk/Page-Vlink-Debit/input_Check Type"), checkType): Text 'P' is set on object 'Object Repository/RecAndPlayBk/Page-Vlink-Debit/input_Check Type'

2024-05-16 00:41:26 - [MESSAGE][PASSED] - Text 'P' is set on object 'Object Repository/RecAndPlayBk/Page-Vlink-Debit/input_Check Type'

2024-05-16 00:41:26 - [TEST_STEP][PASSED] - setText(findTestObject("RecAndPlayBk/Page-Vlink-Debit/input_Account_check"), acNumber): Text '58963214' is set on object 'Object Repository/RecAndPlayBk/Page-Vlink-Debit/input_Account_check'

2024-05-16 00:41:27 - [MESSAGE][PASSED] - Text '58963214' is set on object 'Object Repository/RecAndPlayBk/Page-Vlink-Debit/input_Account_check'

2024-05-16 00:41:27 - [TEST_STEP][PASSED] - setText(findTestObject("RecAndPlayBk/Page-Vlink-Debit/input_Company_check"), company): Text '' is set on object 'Object Repository/RecAndPlayBk/Page-Vlink-Debit/input_Company_check'

2024-05-16 00:41:27 - [MESSAGE][PASSED] - Text '' is set on object 'Object Repository/RecAndPlayBk/Page-Vlink-Debit/input_Company_check'

2024-05-16 00:41:27 - [TEST_STEP][PASSED] - setText(findTestObject("RecAndPlayBk/Page-Vlink-Debit/input_Account Type"), acType): Text '2' is set on object 'Object Repository/RecAndPlayBk/Page-Vlink-Debit/input_Account Type'

2024-05-16 00:41:28 - [MESSAGE][PASSED] - Text '2' is set on object 'Object Repository/RecAndPlayBk/Page-Vlink-Debit/input_Account Type'

2024-05-16 00:41:28 - [TEST_STEP][PASSED] - setText(findTestObject("RecAndPlayBk/Page-Vlink-Debit/input_Routing Number"), rtn): Text '256072691' is set on object 'Object Repository/RecAndPlayBk/Page-Vlink-Debit/input_Routing Number'

2024-05-16 00:41:29 - [MESSAGE][PASSED] - Text '256072691' is set on object 'Object Repository/RecAndPlayBk/Page-Vlink-Debit/input_Routing Number'

2024-05-16 00:41:29 - [TEST_STEP][PASSED] - setText(findTestObject("RecAndPlayBk/Page-Vlink-Debit/input_Amount"), amount): Text '12.50' is set on object 'Object Repository/RecAndPlayBk/Page-Vlink-Debit/input_Amount'

2024-05-16 00:41:29 - [MESSAGE][PASSED] - Text '12.50' is set on object 'Object Repository/RecAndPlayBk/Page-Vlink-Debit/input_Amount'

2024-05-16 00:41:29 - [TEST_STEP][PASSED] - setText(findTestObject("RecAndPlayBk/Page-Vlink-Debit/input_Check Email"), ""): Text '' is set on object 'Object Repository/RecAndPlayBk/Page-Vlink-Debit/input_Check Email'

2024-05-16 00:41:30 - [MESSAGE][PASSED] - Text '' is set on object 'Object Repository/RecAndPlayBk/Page-Vlink-Debit/input_Check Email'

2024-05-16 00:41:30 - [TEST_STEP][PASSED] - setText(findTestObject("Object Repository/RecAndPlayBk/Page-Vlink-Debit/input_concat(CheckWriter, , s SSN)_check_ssn"), ""): Text '' is set on object 'Object Repository/RecAndPlayBk/Page-Vlink-Debit/input_concat(CheckWriter, , s SSN)_check_ssn'

2024-05-16 00:41:31 - [MESSAGE][PASSED] - Text '' is set on object 'Object Repository/RecAndPlayBk/Page-Vlink-Debit/input_concat(CheckWriter, , s SSN)_check_ssn'

2024-05-16 00:41:31 - [TEST_STEP][PASSED] - setText(findTestObject("Object Repository/RecAndPlayBk/Page-Vlink-Debit/input_concat(CheckWriter, , s License Numbe_020fef"), ""): Text '' is set on object 'Object Repository/RecAndPlayBk/Page-Vlink-Debit/input_concat(CheckWriter, , s License Numbe_020fef'

2024-05-16 00:41:31 - [MESSAGE][PASSED] - Text '' is set on object 'Object Repository/RecAndPlayBk/Page-Vlink-Debit/input_concat(CheckWriter, , s License Numbe_020fef'

2024-05-16 00:41:31 - [TEST_STEP][PASSED] - setText(findTestObject("Object Repository/RecAndPlayBk/Page-Vlink-Debit/input_concat(CheckWriter, , s License State_21e3e7"), ""): Text '' is set on object 'Object Repository/RecAndPlayBk/Page-Vlink-Debit/input_concat(CheckWriter, , s License State_21e3e7'

2024-05-16 00:41:32 - [MESSAGE][PASSED] - Text '' is set on object 'Object Repository/RecAndPlayBk/Page-Vlink-Debit/input_concat(CheckWriter, , s License State_21e3e7'

2024-05-16 00:41:32 - [TEST_STEP][PASSED] - setText(findTestObject("RecAndPlayBk/Page-Vlink-Debit/input_Standard Entry Class"), sec): Text 'TEL' is set on object 'Object Repository/RecAndPlayBk/Page-Vlink-Debit/input_Standard Entry Class'

2024-05-16 00:41:32 - [MESSAGE][PASSED] - Text 'TEL' is set on object 'Object Repository/RecAndPlayBk/Page-Vlink-Debit/input_Standard Entry Class'

2024-05-16 00:41:32 - [TEST_STEP][PASSED] - click(findTestObject("Object Repository/RecAndPlayBk/Page-Vlink-Debit/input")): Object: 'Object Repository/RecAndPlayBk/Page-Vlink-Debit/input' is clicked on

2024-05-16 00:41:33 - [MESSAGE][PASSED] - Object: 'Object Repository/RecAndPlayBk/Page-Vlink-Debit/input' is clicked on

2024-05-16 00:41:33 - [TEST_STEP][PASSED] - if (verifyTextPresent("Transaction approved, no errors", true)): null

2024-05-16 00:41:34 - [MESSAGE][PASSED] - Text 'Transaction approved, no errors' is present on page  using regular expression

2024-05-16 00:41:34 - [TEST_STEP][PASSED] - println("Transaction Approved, no errors text is present on the Confirmation page"): null

2024-05-16 00:41:34 - [TEST_STEP][PASSED] - sdfo = getText(findTestObject("Object Repository/Page_VLinkReceipt/pre_STX")): Text of object 'Object Repository/Page_VLinkReceipt/pre_STX' is: '<STX>89azrFgYUh1h                  12151702            0  Transaction approved, no errors                   0                                                                                                              <ETX>'

2024-05-16 00:41:34 - [MESSAGE][PASSED] - Text of object 'Object Repository/Page_VLinkReceipt/pre_STX' is: '<STX>89azrFgYUh1h                  12151702            0  Transaction approved, no errors                   0                                                                                                              <ETX>'

2024-05-16 00:41:34 - [TEST_STEP][PASSED] - out.println("sdfo: " + sdfo): null

2024-05-16 00:41:34 - [TEST_STEP][PASSED] - remID = substring(5, 35).trim(): null

2024-05-16 00:41:34 - [TEST_STEP][PASSED] - out.println("remID: " + remID): null

2024-05-16 00:41:34 - [TEST_STEP][PASSED] - traxID = substring(35, 55).trim(): null

2024-05-16 00:41:34 - [TEST_STEP][PASSED] - out.println("traxID: " + traxID): null

2024-05-16 00:41:34 - [TEST_STEP][PASSED] - VLinkSaleRemID = remID: null

2024-05-16 00:41:34 - [TEST_STEP][PASSED] - VLinkSaleTranxID = traxID: null

2024-05-16 00:41:34 - [TEST_STEP][PASSED] - openBrowser(VLinkURL + "ACH_void.html"): Browser is opened with url: 'https://dev-algorithm.govolution.com/vlinktest/QA2/version_2_0/ACH_void.html'

2024-05-16 00:41:34 - [MESSAGE][WARNING] - A browser is already opened. Closing browser and opening a new one

2024-05-16 00:41:35 - [MESSAGE][INFO] - Starting 'Chrome' driver

2024-05-16 00:41:35 - [MESSAGE][INFO] - User set preference: ['acceptInsecureCerts', 'true']

2024-05-16 00:41:35 - [MESSAGE][INFO] - Action delay is set to 0 milliseconds

2024-05-16 00:41:37 - [MESSAGE][PASSED] - Browser is opened with url: 'https://dev-algorithm.govolution.com/vlinktest/QA2/version_2_0/ACH_void.html'

2024-05-16 00:41:37 - [TEST_STEP][PASSED] - maximizeWindow(): Current window maximized

2024-05-16 00:41:38 - [MESSAGE][PASSED] - Current window maximized

2024-05-16 00:41:38 - [TEST_STEP][PASSED] - setText(findTestObject("Object Repository/RecAndPlayBk/Page-Vlink-ACH-Void/input_Remittance Id"), VLinkSaleRemID): Text '89azrFgYUh1h' is set on object 'Object Repository/RecAndPlayBk/Page-Vlink-ACH-Void/input_Remittance Id'

2024-05-16 00:41:39 - [MESSAGE][PASSED] - Text '89azrFgYUh1h' is set on object 'Object Repository/RecAndPlayBk/Page-Vlink-ACH-Void/input_Remittance Id'

2024-05-16 00:41:39 - [TEST_STEP][PASSED] - setText(findTestObject("Object Repository/RecAndPlayBk/Page-Vlink-ACH-Void/input_Application Id"), appID): Text '234' is set on object 'Object Repository/RecAndPlayBk/Page-Vlink-ACH-Void/input_Application Id'

2024-05-16 00:41:39 - [MESSAGE][PASSED] - Text '234' is set on object 'Object Repository/RecAndPlayBk/Page-Vlink-ACH-Void/input_Application Id'

2024-05-16 00:41:39 - [TEST_STEP][PASSED] - setText(findTestObject("Object Repository/RecAndPlayBk/Page-Vlink-ACH-Void/input_Username"), username): Text 'username' is set on object 'Object Repository/RecAndPlayBk/Page-Vlink-ACH-Void/input_Username'

2024-05-16 00:41:40 - [MESSAGE][PASSED] - Text 'username' is set on object 'Object Repository/RecAndPlayBk/Page-Vlink-ACH-Void/input_Username'

2024-05-16 00:41:40 - [TEST_STEP][PASSED] - setText(findTestObject("Object Repository/RecAndPlayBk/Page-Vlink-ACH-Void/input_Password"), password): Text 'password' is set on object 'Object Repository/RecAndPlayBk/Page-Vlink-ACH-Void/input_Password'

2024-05-16 00:41:40 - [MESSAGE][PASSED] - Text 'password' is set on object 'Object Repository/RecAndPlayBk/Page-Vlink-ACH-Void/input_Password'

2024-05-16 00:41:40 - [TEST_STEP][PASSED] - setText(findTestObject("Object Repository/RecAndPlayBk/Page-Vlink-ACH-Void/input_Check Type"), checkType): Text 'P' is set on object 'Object Repository/RecAndPlayBk/Page-Vlink-ACH-Void/input_Check Type'

2024-05-16 00:41:41 - [MESSAGE][PASSED] - Text 'P' is set on object 'Object Repository/RecAndPlayBk/Page-Vlink-ACH-Void/input_Check Type'

2024-05-16 00:41:41 - [TEST_STEP][PASSED] - setText(findTestObject("Object Repository/RecAndPlayBk/Page-Vlink-ACH-Void/input_Standard Entry Class"), sec): Text 'TEL' is set on object 'Object Repository/RecAndPlayBk/Page-Vlink-ACH-Void/input_Standard Entry Class'

2024-05-16 00:41:42 - [MESSAGE][PASSED] - Text 'TEL' is set on object 'Object Repository/RecAndPlayBk/Page-Vlink-ACH-Void/input_Standard Entry Class'

2024-05-16 00:41:42 - [TEST_STEP][PASSED] - setText(findTestObject("Object Repository/RecAndPlayBk/Page-Vlink-ACH-Void/input_Transaction ID"), VLinkSaleTranxID): Text '12151702' is set on object 'Object Repository/RecAndPlayBk/Page-Vlink-ACH-Void/input_Transaction ID'

2024-05-16 00:41:42 - [MESSAGE][PASSED] - Text '12151702' is set on object 'Object Repository/RecAndPlayBk/Page-Vlink-ACH-Void/input_Transaction ID'

2024-05-16 00:41:42 - [TEST_STEP][PASSED] - setText(findTestObject("Object Repository/RecAndPlayBk/Page-Vlink-ACH-Void/input_Original Transaction Type"), "200"): Text '200' is set on object 'Object Repository/RecAndPlayBk/Page-Vlink-ACH-Void/input_Original Transaction Type'

2024-05-16 00:41:43 - [MESSAGE][PASSED] - Text '200' is set on object 'Object Repository/RecAndPlayBk/Page-Vlink-ACH-Void/input_Original Transaction Type'

2024-05-16 00:41:43 - [TEST_STEP][PASSED] - click(findTestObject("Object Repository/RecAndPlayBk/Page-Vlink-ACH-Void/input")): Object: 'Object Repository/RecAndPlayBk/Page-Vlink-ACH-Void/input' is clicked on

2024-05-16 00:41:44 - [MESSAGE][PASSED] - Object: 'Object Repository/RecAndPlayBk/Page-Vlink-ACH-Void/input' is clicked on

2024-05-16 00:41:44 - [TEST_STEP][PASSED] - if (verifyTextPresent("Transaction approved, no errors", true)): null

2024-05-16 00:41:44 - [MESSAGE][PASSED] - Text 'Transaction approved, no errors' is present on page  using regular expression

2024-05-16 00:41:44 - [TEST_STEP][PASSED] - println("Transaction Approved, no errors text is present on the Confirmation page"): null

2024-05-16 00:41:44 - [TEST_STEP][PASSED] - out.println("Pass Record Number: " + row): null

2024-05-16 00:41:44 - [TEST_STEP][PASSED] - resText = "Pass": null

2024-05-16 00:41:44 - [TEST_STEP][PASSED] - pages.WriteExcel.demoKey(resText, datText, resColumn, datCloumn, fileLoc, nameSheet, row): pages.WriteExcel.demoKey is PASSED

2024-05-16 00:41:44 - [MESSAGE][PASSED] - pages.WriteExcel.demoKey is PASSED

2024-05-16 00:41:44 - [TEST_STEP][PASSED] - ExecuteTC = findTestData(dataFile).getValue("Execute", row): null

2024-05-16 00:41:44 - [TEST_STEP][PASSED] - out.println("Value of Execute is : " + ExecuteTC): null

2024-05-16 00:41:44 - [TEST_STEP][PASSED] - switch (executionProfile): null

2024-05-16 00:41:44 - [TEST_STEP][PASSED] - case "QA2Profile":: null

2024-05-16 00:41:44 - [TEST_STEP][PASSED] - appID = findTestData(dataFile).getValue("AppIDQA", row): null

2024-05-16 00:41:44 - [TEST_STEP][PASSED] - username = findTestData(dataFile).getValue("UsernameQA", row): null

2024-05-16 00:41:45 - [TEST_STEP][PASSED] - password = findTestData(dataFile).getValue("PasswordQA", row): null

2024-05-16 00:41:45 - [TEST_STEP][PASSED] - break: null

2024-05-16 00:41:45 - [TEST_STEP][PASSED] - if (ExecuteTC.equalsIgnoreCase("Y")): null

2024-05-16 00:41:45 - [TEST_STEP][PASSED] - out.println("Begin Record Number: " + row): null

2024-05-16 00:41:45 - [TEST_STEP][PASSED] - today = new java.util.Date(): null

2024-05-16 00:41:45 - [TEST_STEP][PASSED] - println(today): null

2024-05-16 00:41:45 - [TEST_STEP][PASSED] - datText = today: null

2024-05-16 00:41:45 - [TEST_STEP][PASSED] - checkType = findTestData(dataFile).getValue("CheckType", row): null

2024-05-16 00:41:45 - [TEST_STEP][PASSED] - acNumber = findTestData(dataFile).getValue("AcNumber", row): null

2024-05-16 00:41:45 - [TEST_STEP][PASSED] - company = findTestData(dataFile).getValue("Company", row): null

2024-05-16 00:41:45 - [TEST_STEP][PASSED] - acType = findTestData(dataFile).getValue("AcType", row): null

2024-05-16 00:41:45 - [TEST_STEP][PASSED] - rtn = findTestData(dataFile).getValue("RTN", row): null

2024-05-16 00:41:45 - [TEST_STEP][PASSED] - amount = findTestData(dataFile).getValue("Amount", row): null

2024-05-16 00:41:45 - [TEST_STEP][PASSED] - sec = findTestData(dataFile).getValue("SEC", row): null

2024-05-16 00:41:45 - [TEST_STEP][PASSED] - openBrowser(VLinkURL + "debit.html"): Browser is opened with url: 'https://dev-algorithm.govolution.com/vlinktest/QA2/version_2_0/debit.html'

2024-05-16 00:41:45 - [MESSAGE][WARNING] - A browser is already opened. Closing browser and opening a new one

2024-05-16 00:41:46 - [MESSAGE][INFO] - Starting 'Chrome' driver

2024-05-16 00:41:46 - [MESSAGE][INFO] - User set preference: ['acceptInsecureCerts', 'true']

2024-05-16 00:41:46 - [MESSAGE][INFO] - Action delay is set to 0 milliseconds

2024-05-16 00:41:48 - [MESSAGE][PASSED] - Browser is opened with url: 'https://dev-algorithm.govolution.com/vlinktest/QA2/version_2_0/debit.html'

2024-05-16 00:41:48 - [TEST_STEP][PASSED] - maximizeWindow(): Current window maximized

2024-05-16 00:41:49 - [MESSAGE][PASSED] - Current window maximized

2024-05-16 00:41:49 - [TEST_STEP][PASSED] - genRemID = RandomStringUtils.random(12, true, true): null

2024-05-16 00:41:49 - [TEST_STEP][PASSED] - setText(findTestObject("RecAndPlayBk/Page-Vlink-Debit/input_Remittance Id"), genRemID): Text 'ufFfeBrmrrCB' is set on object 'Object Repository/RecAndPlayBk/Page-Vlink-Debit/input_Remittance Id'

2024-05-16 00:41:49 - [MESSAGE][PASSED] - Text 'ufFfeBrmrrCB' is set on object 'Object Repository/RecAndPlayBk/Page-Vlink-Debit/input_Remittance Id'

2024-05-16 00:41:49 - [TEST_STEP][PASSED] - setText(findTestObject("RecAndPlayBk/Page-Vlink-Debit/input_Application Id"), appID): Text '234' is set on object 'Object Repository/RecAndPlayBk/Page-Vlink-Debit/input_Application Id'

2024-05-16 00:41:50 - [MESSAGE][PASSED] - Text '234' is set on object 'Object Repository/RecAndPlayBk/Page-Vlink-Debit/input_Application Id'

2024-05-16 00:41:50 - [TEST_STEP][PASSED] - setText(findTestObject("RecAndPlayBk/Page-Vlink-Debit/input_Username"), username): Text 'username' is set on object 'Object Repository/RecAndPlayBk/Page-Vlink-Debit/input_Username'

2024-05-16 00:41:51 - [MESSAGE][PASSED] - Text 'username' is set on object 'Object Repository/RecAndPlayBk/Page-Vlink-Debit/input_Username'

2024-05-16 00:41:51 - [TEST_STEP][PASSED] - setText(findTestObject("RecAndPlayBk/Page-Vlink-Debit/input_Password"), password): Text 'password' is set on object 'Object Repository/RecAndPlayBk/Page-Vlink-Debit/input_Password'

2024-05-16 00:41:51 - [MESSAGE][PASSED] - Text 'password' is set on object 'Object Repository/RecAndPlayBk/Page-Vlink-Debit/input_Password'

2024-05-16 00:41:51 - [TEST_STEP][PASSED] - setText(findTestObject("RecAndPlayBk/Page-Vlink-Debit/input_Check Type"), checkType): Text 'P' is set on object 'Object Repository/RecAndPlayBk/Page-Vlink-Debit/input_Check Type'

2024-05-16 00:41:52 - [MESSAGE][PASSED] - Text 'P' is set on object 'Object Repository/RecAndPlayBk/Page-Vlink-Debit/input_Check Type'

2024-05-16 00:41:52 - [TEST_STEP][PASSED] - setText(findTestObject("RecAndPlayBk/Page-Vlink-Debit/input_Account_check"), acNumber): Text '58963214' is set on object 'Object Repository/RecAndPlayBk/Page-Vlink-Debit/input_Account_check'

2024-05-16 00:41:53 - [MESSAGE][PASSED] - Text '58963214' is set on object 'Object Repository/RecAndPlayBk/Page-Vlink-Debit/input_Account_check'

2024-05-16 00:41:53 - [TEST_STEP][PASSED] - setText(findTestObject("RecAndPlayBk/Page-Vlink-Debit/input_Company_check"), company): Text '' is set on object 'Object Repository/RecAndPlayBk/Page-Vlink-Debit/input_Company_check'

2024-05-16 00:41:53 - [MESSAGE][PASSED] - Text '' is set on object 'Object Repository/RecAndPlayBk/Page-Vlink-Debit/input_Company_check'

2024-05-16 00:41:53 - [TEST_STEP][PASSED] - setText(findTestObject("RecAndPlayBk/Page-Vlink-Debit/input_Account Type"), acType): Text '2' is set on object 'Object Repository/RecAndPlayBk/Page-Vlink-Debit/input_Account Type'

2024-05-16 00:41:54 - [MESSAGE][PASSED] - Text '2' is set on object 'Object Repository/RecAndPlayBk/Page-Vlink-Debit/input_Account Type'

2024-05-16 00:41:54 - [TEST_STEP][PASSED] - setText(findTestObject("RecAndPlayBk/Page-Vlink-Debit/input_Routing Number"), rtn): Text '256072691' is set on object 'Object Repository/RecAndPlayBk/Page-Vlink-Debit/input_Routing Number'

2024-05-16 00:41:55 - [MESSAGE][PASSED] - Text '256072691' is set on object 'Object Repository/RecAndPlayBk/Page-Vlink-Debit/input_Routing Number'

2024-05-16 00:41:55 - [TEST_STEP][PASSED] - setText(findTestObject("RecAndPlayBk/Page-Vlink-Debit/input_Amount"), amount): Text '12.50' is set on object 'Object Repository/RecAndPlayBk/Page-Vlink-Debit/input_Amount'

2024-05-16 00:41:55 - [MESSAGE][PASSED] - Text '12.50' is set on object 'Object Repository/RecAndPlayBk/Page-Vlink-Debit/input_Amount'

2024-05-16 00:41:55 - [TEST_STEP][PASSED] - setText(findTestObject("RecAndPlayBk/Page-Vlink-Debit/input_Check Email"), ""): Text '' is set on object 'Object Repository/RecAndPlayBk/Page-Vlink-Debit/input_Check Email'

2024-05-16 00:41:56 - [MESSAGE][PASSED] - Text '' is set on object 'Object Repository/RecAndPlayBk/Page-Vlink-Debit/input_Check Email'

2024-05-16 00:41:56 - [TEST_STEP][PASSED] - setText(findTestObject("Object Repository/RecAndPlayBk/Page-Vlink-Debit/input_concat(CheckWriter, , s SSN)_check_ssn"), ""): Text '' is set on object 'Object Repository/RecAndPlayBk/Page-Vlink-Debit/input_concat(CheckWriter, , s SSN)_check_ssn'

2024-05-16 00:41:56 - [MESSAGE][PASSED] - Text '' is set on object 'Object Repository/RecAndPlayBk/Page-Vlink-Debit/input_concat(CheckWriter, , s SSN)_check_ssn'

2024-05-16 00:41:56 - [TEST_STEP][PASSED] - setText(findTestObject("Object Repository/RecAndPlayBk/Page-Vlink-Debit/input_concat(CheckWriter, , s License Numbe_020fef"), ""): Text '' is set on object 'Object Repository/RecAndPlayBk/Page-Vlink-Debit/input_concat(CheckWriter, , s License Numbe_020fef'

2024-05-16 00:41:57 - [MESSAGE][PASSED] - Text '' is set on object 'Object Repository/RecAndPlayBk/Page-Vlink-Debit/input_concat(CheckWriter, , s License Numbe_020fef'

2024-05-16 00:41:57 - [TEST_STEP][PASSED] - setText(findTestObject("Object Repository/RecAndPlayBk/Page-Vlink-Debit/input_concat(CheckWriter, , s License State_21e3e7"), ""): Text '' is set on object 'Object Repository/RecAndPlayBk/Page-Vlink-Debit/input_concat(CheckWriter, , s License State_21e3e7'

2024-05-16 00:41:58 - [MESSAGE][PASSED] - Text '' is set on object 'Object Repository/RecAndPlayBk/Page-Vlink-Debit/input_concat(CheckWriter, , s License State_21e3e7'

2024-05-16 00:41:58 - [TEST_STEP][PASSED] - setText(findTestObject("RecAndPlayBk/Page-Vlink-Debit/input_Standard Entry Class"), sec): Text 'PPD' is set on object 'Object Repository/RecAndPlayBk/Page-Vlink-Debit/input_Standard Entry Class'

2024-05-16 00:41:59 - [MESSAGE][PASSED] - Text 'PPD' is set on object 'Object Repository/RecAndPlayBk/Page-Vlink-Debit/input_Standard Entry Class'

2024-05-16 00:41:59 - [TEST_STEP][PASSED] - click(findTestObject("Object Repository/RecAndPlayBk/Page-Vlink-Debit/input")): Object: 'Object Repository/RecAndPlayBk/Page-Vlink-Debit/input' is clicked on

2024-05-16 00:41:59 - [MESSAGE][PASSED] - Object: 'Object Repository/RecAndPlayBk/Page-Vlink-Debit/input' is clicked on

2024-05-16 00:41:59 - [TEST_STEP][PASSED] - if (verifyTextPresent("Transaction approved, no errors", true)): null

2024-05-16 00:42:00 - [MESSAGE][PASSED] - Text 'Transaction approved, no errors' is present on page  using regular expression

2024-05-16 00:42:00 - [TEST_STEP][PASSED] - println("Transaction Approved, no errors text is present on the Confirmation page"): null

2024-05-16 00:42:00 - [TEST_STEP][PASSED] - sdfo = getText(findTestObject("Object Repository/Page_VLinkReceipt/pre_STX")): Text of object 'Object Repository/Page_VLinkReceipt/pre_STX' is: '<STX>ufFfeBrmrrCB                  12151704            0  Transaction approved, no errors                   0                                                                                                              <ETX>'

2024-05-16 00:42:00 - [MESSAGE][PASSED] - Text of object 'Object Repository/Page_VLinkReceipt/pre_STX' is: '<STX>ufFfeBrmrrCB                  12151704            0  Transaction approved, no errors                   0                                                                                                              <ETX>'

2024-05-16 00:42:00 - [TEST_STEP][PASSED] - out.println("sdfo: " + sdfo): null

2024-05-16 00:42:00 - [TEST_STEP][PASSED] - remID = substring(5, 35).trim(): null

2024-05-16 00:42:00 - [TEST_STEP][PASSED] - out.println("remID: " + remID): null

2024-05-16 00:42:00 - [TEST_STEP][PASSED] - traxID = substring(35, 55).trim(): null

2024-05-16 00:42:00 - [TEST_STEP][PASSED] - out.println("traxID: " + traxID): null

2024-05-16 00:42:00 - [TEST_STEP][PASSED] - VLinkSaleRemID = remID: null

2024-05-16 00:42:00 - [TEST_STEP][PASSED] - VLinkSaleTranxID = traxID: null

2024-05-16 00:42:00 - [TEST_STEP][PASSED] - openBrowser(VLinkURL + "ACH_void.html"): Browser is opened with url: 'https://dev-algorithm.govolution.com/vlinktest/QA2/version_2_0/ACH_void.html'

2024-05-16 00:42:00 - [MESSAGE][WARNING] - A browser is already opened. Closing browser and opening a new one

2024-05-16 00:42:01 - [MESSAGE][INFO] - Starting 'Chrome' driver

2024-05-16 00:42:01 - [MESSAGE][INFO] - User set preference: ['acceptInsecureCerts', 'true']

2024-05-16 00:42:01 - [MESSAGE][INFO] - Action delay is set to 0 milliseconds

2024-05-16 00:42:03 - [MESSAGE][PASSED] - Browser is opened with url: 'https://dev-algorithm.govolution.com/vlinktest/QA2/version_2_0/ACH_void.html'

2024-05-16 00:42:03 - [TEST_STEP][PASSED] - maximizeWindow(): Current window maximized

2024-05-16 00:42:04 - [MESSAGE][PASSED] - Current window maximized

2024-05-16 00:42:04 - [TEST_STEP][PASSED] - setText(findTestObject("Object Repository/RecAndPlayBk/Page-Vlink-ACH-Void/input_Remittance Id"), VLinkSaleRemID): Text 'ufFfeBrmrrCB' is set on object 'Object Repository/RecAndPlayBk/Page-Vlink-ACH-Void/input_Remittance Id'

2024-05-16 00:42:04 - [MESSAGE][PASSED] - Text 'ufFfeBrmrrCB' is set on object 'Object Repository/RecAndPlayBk/Page-Vlink-ACH-Void/input_Remittance Id'

2024-05-16 00:42:04 - [TEST_STEP][PASSED] - setText(findTestObject("Object Repository/RecAndPlayBk/Page-Vlink-ACH-Void/input_Application Id"), appID): Text '234' is set on object 'Object Repository/RecAndPlayBk/Page-Vlink-ACH-Void/input_Application Id'

2024-05-16 00:42:05 - [MESSAGE][PASSED] - Text '234' is set on object 'Object Repository/RecAndPlayBk/Page-Vlink-ACH-Void/input_Application Id'

2024-05-16 00:42:05 - [TEST_STEP][PASSED] - setText(findTestObject("Object Repository/RecAndPlayBk/Page-Vlink-ACH-Void/input_Username"), username): Text 'username' is set on object 'Object Repository/RecAndPlayBk/Page-Vlink-ACH-Void/input_Username'

2024-05-16 00:42:06 - [MESSAGE][PASSED] - Text 'username' is set on object 'Object Repository/RecAndPlayBk/Page-Vlink-ACH-Void/input_Username'

2024-05-16 00:42:06 - [TEST_STEP][PASSED] - setText(findTestObject("Object Repository/RecAndPlayBk/Page-Vlink-ACH-Void/input_Password"), password): Text 'password' is set on object 'Object Repository/RecAndPlayBk/Page-Vlink-ACH-Void/input_Password'

2024-05-16 00:42:06 - [MESSAGE][PASSED] - Text 'password' is set on object 'Object Repository/RecAndPlayBk/Page-Vlink-ACH-Void/input_Password'

2024-05-16 00:42:06 - [TEST_STEP][PASSED] - setText(findTestObject("Object Repository/RecAndPlayBk/Page-Vlink-ACH-Void/input_Check Type"), checkType): Text 'P' is set on object 'Object Repository/RecAndPlayBk/Page-Vlink-ACH-Void/input_Check Type'

2024-05-16 00:42:07 - [MESSAGE][PASSED] - Text 'P' is set on object 'Object Repository/RecAndPlayBk/Page-Vlink-ACH-Void/input_Check Type'

2024-05-16 00:42:07 - [TEST_STEP][PASSED] - setText(findTestObject("Object Repository/RecAndPlayBk/Page-Vlink-ACH-Void/input_Standard Entry Class"), sec): Text 'PPD' is set on object 'Object Repository/RecAndPlayBk/Page-Vlink-ACH-Void/input_Standard Entry Class'

2024-05-16 00:42:08 - [MESSAGE][PASSED] - Text 'PPD' is set on object 'Object Repository/RecAndPlayBk/Page-Vlink-ACH-Void/input_Standard Entry Class'

2024-05-16 00:42:08 - [TEST_STEP][PASSED] - setText(findTestObject("Object Repository/RecAndPlayBk/Page-Vlink-ACH-Void/input_Transaction ID"), VLinkSaleTranxID): Text '12151704' is set on object 'Object Repository/RecAndPlayBk/Page-Vlink-ACH-Void/input_Transaction ID'

2024-05-16 00:42:08 - [MESSAGE][PASSED] - Text '12151704' is set on object 'Object Repository/RecAndPlayBk/Page-Vlink-ACH-Void/input_Transaction ID'

2024-05-16 00:42:08 - [TEST_STEP][PASSED] - setText(findTestObject("Object Repository/RecAndPlayBk/Page-Vlink-ACH-Void/input_Original Transaction Type"), "200"): Text '200' is set on object 'Object Repository/RecAndPlayBk/Page-Vlink-ACH-Void/input_Original Transaction Type'

2024-05-16 00:42:09 - [MESSAGE][PASSED] - Text '200' is set on object 'Object Repository/RecAndPlayBk/Page-Vlink-ACH-Void/input_Original Transaction Type'

2024-05-16 00:42:09 - [TEST_STEP][PASSED] - click(findTestObject("Object Repository/RecAndPlayBk/Page-Vlink-ACH-Void/input")): Object: 'Object Repository/RecAndPlayBk/Page-Vlink-ACH-Void/input' is clicked on

2024-05-16 00:42:10 - [MESSAGE][PASSED] - Object: 'Object Repository/RecAndPlayBk/Page-Vlink-ACH-Void/input' is clicked on

2024-05-16 00:42:10 - [TEST_STEP][PASSED] - if (verifyTextPresent("Transaction approved, no errors", true)): null

2024-05-16 00:42:10 - [MESSAGE][PASSED] - Text 'Transaction approved, no errors' is present on page  using regular expression

2024-05-16 00:42:10 - [TEST_STEP][PASSED] - println("Transaction Approved, no errors text is present on the Confirmation page"): null

2024-05-16 00:42:10 - [TEST_STEP][PASSED] - out.println("Pass Record Number: " + row): null

2024-05-16 00:42:10 - [TEST_STEP][PASSED] - resText = "Pass": null

2024-05-16 00:42:10 - [TEST_STEP][PASSED] - pages.WriteExcel.demoKey(resText, datText, resColumn, datCloumn, fileLoc, nameSheet, row): pages.WriteExcel.demoKey is PASSED

2024-05-16 00:42:10 - [MESSAGE][PASSED] - pages.WriteExcel.demoKey is PASSED

2024-05-16 00:42:10 - [TEST_STEP][PASSED] - ExecuteTC = findTestData(dataFile).getValue("Execute", row): null

2024-05-16 00:42:10 - [TEST_STEP][PASSED] - out.println("Value of Execute is : " + ExecuteTC): null

2024-05-16 00:42:10 - [TEST_STEP][PASSED] - switch (executionProfile): null

2024-05-16 00:42:10 - [TEST_STEP][PASSED] - case "QA2Profile":: null

2024-05-16 00:42:10 - [TEST_STEP][PASSED] - appID = findTestData(dataFile).getValue("AppIDQA", row): null

2024-05-16 00:42:10 - [TEST_STEP][PASSED] - username = findTestData(dataFile).getValue("UsernameQA", row): null

2024-05-16 00:42:10 - [TEST_STEP][PASSED] - password = findTestData(dataFile).getValue("PasswordQA", row): null

2024-05-16 00:42:10 - [TEST_STEP][PASSED] - break: null

2024-05-16 00:42:10 - [TEST_STEP][PASSED] - if (ExecuteTC.equalsIgnoreCase("Y")): null

2024-05-16 00:42:10 - [TEST_STEP][PASSED] - out.println("Begin Record Number: " + row): null

2024-05-16 00:42:10 - [TEST_STEP][PASSED] - today = new java.util.Date(): null

2024-05-16 00:42:10 - [TEST_STEP][PASSED] - println(today): null

2024-05-16 00:42:10 - [TEST_STEP][PASSED] - datText = today: null

2024-05-16 00:42:10 - [TEST_STEP][PASSED] - checkType = findTestData(dataFile).getValue("CheckType", row): null

2024-05-16 00:42:11 - [TEST_STEP][PASSED] - acNumber = findTestData(dataFile).getValue("AcNumber", row): null

2024-05-16 00:42:11 - [TEST_STEP][PASSED] - company = findTestData(dataFile).getValue("Company", row): null

2024-05-16 00:42:11 - [TEST_STEP][PASSED] - acType = findTestData(dataFile).getValue("AcType", row): null

2024-05-16 00:42:11 - [TEST_STEP][PASSED] - rtn = findTestData(dataFile).getValue("RTN", row): null

2024-05-16 00:42:11 - [TEST_STEP][PASSED] - amount = findTestData(dataFile).getValue("Amount", row): null

2024-05-16 00:42:11 - [TEST_STEP][PASSED] - sec = findTestData(dataFile).getValue("SEC", row): null

2024-05-16 00:42:11 - [TEST_STEP][PASSED] - openBrowser(VLinkURL + "debit.html"): Browser is opened with url: 'https://dev-algorithm.govolution.com/vlinktest/QA2/version_2_0/debit.html'

2024-05-16 00:42:11 - [MESSAGE][WARNING] - A browser is already opened. Closing browser and opening a new one

2024-05-16 00:42:12 - [MESSAGE][INFO] - Starting 'Chrome' driver

2024-05-16 00:42:12 - [MESSAGE][INFO] - User set preference: ['acceptInsecureCerts', 'true']

2024-05-16 00:42:12 - [MESSAGE][INFO] - Action delay is set to 0 milliseconds

2024-05-16 00:42:14 - [MESSAGE][PASSED] - Browser is opened with url: 'https://dev-algorithm.govolution.com/vlinktest/QA2/version_2_0/debit.html'

2024-05-16 00:42:14 - [TEST_STEP][PASSED] - maximizeWindow(): Current window maximized

2024-05-16 00:42:14 - [MESSAGE][PASSED] - Current window maximized

2024-05-16 00:42:14 - [TEST_STEP][PASSED] - genRemID = RandomStringUtils.random(12, true, true): null

2024-05-16 00:42:14 - [TEST_STEP][PASSED] - setText(findTestObject("RecAndPlayBk/Page-Vlink-Debit/input_Remittance Id"), genRemID): Text 'wkFK1hbrkt4f' is set on object 'Object Repository/RecAndPlayBk/Page-Vlink-Debit/input_Remittance Id'

2024-05-16 00:42:15 - [MESSAGE][PASSED] - Text 'wkFK1hbrkt4f' is set on object 'Object Repository/RecAndPlayBk/Page-Vlink-Debit/input_Remittance Id'

2024-05-16 00:42:15 - [TEST_STEP][PASSED] - setText(findTestObject("RecAndPlayBk/Page-Vlink-Debit/input_Application Id"), appID): Text '234' is set on object 'Object Repository/RecAndPlayBk/Page-Vlink-Debit/input_Application Id'

2024-05-16 00:42:16 - [MESSAGE][PASSED] - Text '234' is set on object 'Object Repository/RecAndPlayBk/Page-Vlink-Debit/input_Application Id'

2024-05-16 00:42:16 - [TEST_STEP][PASSED] - setText(findTestObject("RecAndPlayBk/Page-Vlink-Debit/input_Username"), username): Text 'username' is set on object 'Object Repository/RecAndPlayBk/Page-Vlink-Debit/input_Username'

2024-05-16 00:42:17 - [MESSAGE][PASSED] - Text 'username' is set on object 'Object Repository/RecAndPlayBk/Page-Vlink-Debit/input_Username'

2024-05-16 00:42:17 - [TEST_STEP][PASSED] - setText(findTestObject("RecAndPlayBk/Page-Vlink-Debit/input_Password"), password): Text 'password' is set on object 'Object Repository/RecAndPlayBk/Page-Vlink-Debit/input_Password'

2024-05-16 00:42:17 - [MESSAGE][PASSED] - Text 'password' is set on object 'Object Repository/RecAndPlayBk/Page-Vlink-Debit/input_Password'

2024-05-16 00:42:17 - [TEST_STEP][PASSED] - setText(findTestObject("RecAndPlayBk/Page-Vlink-Debit/input_Check Type"), checkType): Text 'C' is set on object 'Object Repository/RecAndPlayBk/Page-Vlink-Debit/input_Check Type'

2024-05-16 00:42:18 - [MESSAGE][PASSED] - Text 'C' is set on object 'Object Repository/RecAndPlayBk/Page-Vlink-Debit/input_Check Type'

2024-05-16 00:42:18 - [TEST_STEP][PASSED] - setText(findTestObject("RecAndPlayBk/Page-Vlink-Debit/input_Account_check"), acNumber): Text '58963214' is set on object 'Object Repository/RecAndPlayBk/Page-Vlink-Debit/input_Account_check'

2024-05-16 00:42:18 - [MESSAGE][PASSED] - Text '58963214' is set on object 'Object Repository/RecAndPlayBk/Page-Vlink-Debit/input_Account_check'

2024-05-16 00:42:18 - [TEST_STEP][PASSED] - setText(findTestObject("RecAndPlayBk/Page-Vlink-Debit/input_Company_check"), company): Text 'My Company' is set on object 'Object Repository/RecAndPlayBk/Page-Vlink-Debit/input_Company_check'

2024-05-16 00:42:19 - [MESSAGE][PASSED] - Text 'My Company' is set on object 'Object Repository/RecAndPlayBk/Page-Vlink-Debit/input_Company_check'

2024-05-16 00:42:19 - [TEST_STEP][PASSED] - setText(findTestObject("RecAndPlayBk/Page-Vlink-Debit/input_Account Type"), acType): Text '' is set on object 'Object Repository/RecAndPlayBk/Page-Vlink-Debit/input_Account Type'

2024-05-16 00:42:20 - [MESSAGE][PASSED] - Text '' is set on object 'Object Repository/RecAndPlayBk/Page-Vlink-Debit/input_Account Type'

2024-05-16 00:42:20 - [TEST_STEP][PASSED] - setText(findTestObject("RecAndPlayBk/Page-Vlink-Debit/input_Routing Number"), rtn): Text '256072691' is set on object 'Object Repository/RecAndPlayBk/Page-Vlink-Debit/input_Routing Number'

2024-05-16 00:42:20 - [MESSAGE][PASSED] - Text '256072691' is set on object 'Object Repository/RecAndPlayBk/Page-Vlink-Debit/input_Routing Number'

2024-05-16 00:42:20 - [TEST_STEP][PASSED] - setText(findTestObject("RecAndPlayBk/Page-Vlink-Debit/input_Amount"), amount): Text '12.50' is set on object 'Object Repository/RecAndPlayBk/Page-Vlink-Debit/input_Amount'

2024-05-16 00:42:21 - [MESSAGE][PASSED] - Text '12.50' is set on object 'Object Repository/RecAndPlayBk/Page-Vlink-Debit/input_Amount'

2024-05-16 00:42:21 - [TEST_STEP][PASSED] - setText(findTestObject("RecAndPlayBk/Page-Vlink-Debit/input_Check Email"), ""): Text '' is set on object 'Object Repository/RecAndPlayBk/Page-Vlink-Debit/input_Check Email'

2024-05-16 00:42:22 - [MESSAGE][PASSED] - Text '' is set on object 'Object Repository/RecAndPlayBk/Page-Vlink-Debit/input_Check Email'

2024-05-16 00:42:22 - [TEST_STEP][PASSED] - setText(findTestObject("Object Repository/RecAndPlayBk/Page-Vlink-Debit/input_concat(CheckWriter, , s SSN)_check_ssn"), ""): Text '' is set on object 'Object Repository/RecAndPlayBk/Page-Vlink-Debit/input_concat(CheckWriter, , s SSN)_check_ssn'

2024-05-16 00:42:22 - [MESSAGE][PASSED] - Text '' is set on object 'Object Repository/RecAndPlayBk/Page-Vlink-Debit/input_concat(CheckWriter, , s SSN)_check_ssn'

2024-05-16 00:42:22 - [TEST_STEP][PASSED] - setText(findTestObject("Object Repository/RecAndPlayBk/Page-Vlink-Debit/input_concat(CheckWriter, , s License Numbe_020fef"), ""): Text '' is set on object 'Object Repository/RecAndPlayBk/Page-Vlink-Debit/input_concat(CheckWriter, , s License Numbe_020fef'

2024-05-16 00:42:23 - [MESSAGE][PASSED] - Text '' is set on object 'Object Repository/RecAndPlayBk/Page-Vlink-Debit/input_concat(CheckWriter, , s License Numbe_020fef'

2024-05-16 00:42:23 - [TEST_STEP][PASSED] - setText(findTestObject("Object Repository/RecAndPlayBk/Page-Vlink-Debit/input_concat(CheckWriter, , s License State_21e3e7"), ""): Text '' is set on object 'Object Repository/RecAndPlayBk/Page-Vlink-Debit/input_concat(CheckWriter, , s License State_21e3e7'

2024-05-16 00:42:24 - [MESSAGE][PASSED] - Text '' is set on object 'Object Repository/RecAndPlayBk/Page-Vlink-Debit/input_concat(CheckWriter, , s License State_21e3e7'

2024-05-16 00:42:24 - [TEST_STEP][PASSED] - setText(findTestObject("RecAndPlayBk/Page-Vlink-Debit/input_Standard Entry Class"), sec): Text 'CCD' is set on object 'Object Repository/RecAndPlayBk/Page-Vlink-Debit/input_Standard Entry Class'

2024-05-16 00:42:24 - [MESSAGE][PASSED] - Text 'CCD' is set on object 'Object Repository/RecAndPlayBk/Page-Vlink-Debit/input_Standard Entry Class'

2024-05-16 00:42:24 - [TEST_STEP][PASSED] - click(findTestObject("Object Repository/RecAndPlayBk/Page-Vlink-Debit/input")): Object: 'Object Repository/RecAndPlayBk/Page-Vlink-Debit/input' is clicked on

2024-05-16 00:42:25 - [MESSAGE][PASSED] - Object: 'Object Repository/RecAndPlayBk/Page-Vlink-Debit/input' is clicked on

2024-05-16 00:42:25 - [TEST_STEP][PASSED] - if (verifyTextPresent("Transaction approved, no errors", true)): null

2024-05-16 00:42:26 - [MESSAGE][PASSED] - Text 'Transaction approved, no errors' is present on page  using regular expression

2024-05-16 00:42:26 - [TEST_STEP][PASSED] - println("Transaction Approved, no errors text is present on the Confirmation page"): null

2024-05-16 00:42:26 - [TEST_STEP][PASSED] - sdfo = getText(findTestObject("Object Repository/Page_VLinkReceipt/pre_STX")): Text of object 'Object Repository/Page_VLinkReceipt/pre_STX' is: '<STX>wkFK1hbrkt4f                  12151706            0  Transaction approved, no errors                   0                                                                                                              <ETX>'

2024-05-16 00:42:26 - [MESSAGE][PASSED] - Text of object 'Object Repository/Page_VLinkReceipt/pre_STX' is: '<STX>wkFK1hbrkt4f                  12151706            0  Transaction approved, no errors                   0                                                                                                              <ETX>'

2024-05-16 00:42:26 - [TEST_STEP][PASSED] - out.println("sdfo: " + sdfo): null

2024-05-16 00:42:26 - [TEST_STEP][PASSED] - remID = substring(5, 35).trim(): null

2024-05-16 00:42:26 - [TEST_STEP][PASSED] - out.println("remID: " + remID): null

2024-05-16 00:42:26 - [TEST_STEP][PASSED] - traxID = substring(35, 55).trim(): null

2024-05-16 00:42:26 - [TEST_STEP][PASSED] - out.println("traxID: " + traxID): null

2024-05-16 00:42:26 - [TEST_STEP][PASSED] - VLinkSaleRemID = remID: null

2024-05-16 00:42:26 - [TEST_STEP][PASSED] - VLinkSaleTranxID = traxID: null

2024-05-16 00:42:26 - [TEST_STEP][PASSED] - openBrowser(VLinkURL + "ACH_void.html"): Browser is opened with url: 'https://dev-algorithm.govolution.com/vlinktest/QA2/version_2_0/ACH_void.html'

2024-05-16 00:42:26 - [MESSAGE][WARNING] - A browser is already opened. Closing browser and opening a new one

2024-05-16 00:42:27 - [MESSAGE][INFO] - Starting 'Chrome' driver

2024-05-16 00:42:27 - [MESSAGE][INFO] - User set preference: ['acceptInsecureCerts', 'true']

2024-05-16 00:42:27 - [MESSAGE][INFO] - Action delay is set to 0 milliseconds

2024-05-16 00:42:29 - [MESSAGE][PASSED] - Browser is opened with url: 'https://dev-algorithm.govolution.com/vlinktest/QA2/version_2_0/ACH_void.html'

2024-05-16 00:42:29 - [TEST_STEP][PASSED] - maximizeWindow(): Current window maximized

2024-05-16 00:42:30 - [MESSAGE][PASSED] - Current window maximized

2024-05-16 00:42:30 - [TEST_STEP][PASSED] - setText(findTestObject("Object Repository/RecAndPlayBk/Page-Vlink-ACH-Void/input_Remittance Id"), VLinkSaleRemID): Text 'wkFK1hbrkt4f' is set on object 'Object Repository/RecAndPlayBk/Page-Vlink-ACH-Void/input_Remittance Id'

2024-05-16 00:42:30 - [MESSAGE][PASSED] - Text 'wkFK1hbrkt4f' is set on object 'Object Repository/RecAndPlayBk/Page-Vlink-ACH-Void/input_Remittance Id'

2024-05-16 00:42:30 - [TEST_STEP][PASSED] - setText(findTestObject("Object Repository/RecAndPlayBk/Page-Vlink-ACH-Void/input_Application Id"), appID): Text '234' is set on object 'Object Repository/RecAndPlayBk/Page-Vlink-ACH-Void/input_Application Id'

2024-05-16 00:42:31 - [MESSAGE][PASSED] - Text '234' is set on object 'Object Repository/RecAndPlayBk/Page-Vlink-ACH-Void/input_Application Id'

2024-05-16 00:42:31 - [TEST_STEP][PASSED] - setText(findTestObject("Object Repository/RecAndPlayBk/Page-Vlink-ACH-Void/input_Username"), username): Text 'username' is set on object 'Object Repository/RecAndPlayBk/Page-Vlink-ACH-Void/input_Username'

2024-05-16 00:42:32 - [MESSAGE][PASSED] - Text 'username' is set on object 'Object Repository/RecAndPlayBk/Page-Vlink-ACH-Void/input_Username'

2024-05-16 00:42:32 - [TEST_STEP][PASSED] - setText(findTestObject("Object Repository/RecAndPlayBk/Page-Vlink-ACH-Void/input_Password"), password): Text 'password' is set on object 'Object Repository/RecAndPlayBk/Page-Vlink-ACH-Void/input_Password'

2024-05-16 00:42:32 - [MESSAGE][PASSED] - Text 'password' is set on object 'Object Repository/RecAndPlayBk/Page-Vlink-ACH-Void/input_Password'

2024-05-16 00:42:32 - [TEST_STEP][PASSED] - setText(findTestObject("Object Repository/RecAndPlayBk/Page-Vlink-ACH-Void/input_Check Type"), checkType): Text 'C' is set on object 'Object Repository/RecAndPlayBk/Page-Vlink-ACH-Void/input_Check Type'

2024-05-16 00:42:33 - [MESSAGE][PASSED] - Text 'C' is set on object 'Object Repository/RecAndPlayBk/Page-Vlink-ACH-Void/input_Check Type'

2024-05-16 00:42:33 - [TEST_STEP][PASSED] - setText(findTestObject("Object Repository/RecAndPlayBk/Page-Vlink-ACH-Void/input_Standard Entry Class"), sec): Text 'CCD' is set on object 'Object Repository/RecAndPlayBk/Page-Vlink-ACH-Void/input_Standard Entry Class'

2024-05-16 00:42:34 - [MESSAGE][PASSED] - Text 'CCD' is set on object 'Object Repository/RecAndPlayBk/Page-Vlink-ACH-Void/input_Standard Entry Class'

2024-05-16 00:42:34 - [TEST_STEP][PASSED] - setText(findTestObject("Object Repository/RecAndPlayBk/Page-Vlink-ACH-Void/input_Transaction ID"), VLinkSaleTranxID): Text '12151706' is set on object 'Object Repository/RecAndPlayBk/Page-Vlink-ACH-Void/input_Transaction ID'

2024-05-16 00:42:34 - [MESSAGE][PASSED] - Text '12151706' is set on object 'Object Repository/RecAndPlayBk/Page-Vlink-ACH-Void/input_Transaction ID'

2024-05-16 00:42:34 - [TEST_STEP][PASSED] - setText(findTestObject("Object Repository/RecAndPlayBk/Page-Vlink-ACH-Void/input_Original Transaction Type"), "200"): Text '200' is set on object 'Object Repository/RecAndPlayBk/Page-Vlink-ACH-Void/input_Original Transaction Type'

2024-05-16 00:42:35 - [MESSAGE][PASSED] - Text '200' is set on object 'Object Repository/RecAndPlayBk/Page-Vlink-ACH-Void/input_Original Transaction Type'

2024-05-16 00:42:35 - [TEST_STEP][PASSED] - click(findTestObject("Object Repository/RecAndPlayBk/Page-Vlink-ACH-Void/input")): Object: 'Object Repository/RecAndPlayBk/Page-Vlink-ACH-Void/input' is clicked on

2024-05-16 00:42:36 - [MESSAGE][PASSED] - Object: 'Object Repository/RecAndPlayBk/Page-Vlink-ACH-Void/input' is clicked on

2024-05-16 00:42:36 - [TEST_STEP][PASSED] - if (verifyTextPresent("Transaction approved, no errors", true)): null

2024-05-16 00:42:36 - [MESSAGE][PASSED] - Text 'Transaction approved, no errors' is present on page  using regular expression

2024-05-16 00:42:36 - [TEST_STEP][PASSED] - println("Transaction Approved, no errors text is present on the Confirmation page"): null

2024-05-16 00:42:36 - [TEST_STEP][PASSED] - out.println("Pass Record Number: " + row): null

2024-05-16 00:42:36 - [TEST_STEP][PASSED] - resText = "Pass": null

2024-05-16 00:42:36 - [TEST_STEP][PASSED] - pages.WriteExcel.demoKey(resText, datText, resColumn, datCloumn, fileLoc, nameSheet, row): pages.WriteExcel.demoKey is PASSED

2024-05-16 00:42:36 - [MESSAGE][PASSED] - pages.WriteExcel.demoKey is PASSED]]></system-out>
         <system-err><![CDATA[]]></system-err>
      </testcase>
      <testcase name="Test Cases/RecAndPlayBk/VLink/Debit-Credit" time="189.261" classname="Test Cases/RecAndPlayBk/VLink/Debit-Credit" status="PASSED">
         <system-out><![CDATA[2024-05-16 00:42:36 - [TEST_CASE][PASSED] - Test Cases/RecAndPlayBk/VLink/Debit-Credit: Test Cases/RecAndPlayBk/VLink/Debit-Credit

2024-05-16 00:42:37 - [TEST_STEP][PASSED] - executionProfile = getExecutionProfile(): null

2024-05-16 00:42:37 - [TEST_STEP][PASSED] - out.println("executionProfile : " + executionProfile): null

2024-05-16 00:42:37 - [TEST_STEP][PASSED] - appName = <not implemented yet for class: org.codehaus.groovy.ast.expr.EmptyExpression>: null

2024-05-16 00:42:37 - [TEST_STEP][PASSED] - appID = <not implemented yet for class: org.codehaus.groovy.ast.expr.EmptyExpression>: null

2024-05-16 00:42:37 - [TEST_STEP][PASSED] - username = <not implemented yet for class: org.codehaus.groovy.ast.expr.EmptyExpression>: null

2024-05-16 00:42:37 - [TEST_STEP][PASSED] - password = <not implemented yet for class: org.codehaus.groovy.ast.expr.EmptyExpression>: null

2024-05-16 00:42:37 - [TEST_STEP][PASSED] - cardNameV = <not implemented yet for class: org.codehaus.groovy.ast.expr.EmptyExpression>: null

2024-05-16 00:42:37 - [TEST_STEP][PASSED] - al1V = <not implemented yet for class: org.codehaus.groovy.ast.expr.EmptyExpression>: null

2024-05-16 00:42:37 - [TEST_STEP][PASSED] - al2V = <not implemented yet for class: org.codehaus.groovy.ast.expr.EmptyExpression>: null

2024-05-16 00:42:37 - [TEST_STEP][PASSED] - zipV = <not implemented yet for class: org.codehaus.groovy.ast.expr.EmptyExpression>: null

2024-05-16 00:42:37 - [TEST_STEP][PASSED] - cardTypeV = <not implemented yet for class: org.codehaus.groovy.ast.expr.EmptyExpression>: null

2024-05-16 00:42:37 - [TEST_STEP][PASSED] - last4V = <not implemented yet for class: org.codehaus.groovy.ast.expr.EmptyExpression>: null

2024-05-16 00:42:37 - [TEST_STEP][PASSED] - resText = "Fail": null

2024-05-16 00:42:37 - [TEST_STEP][PASSED] - resColumn = "Result": null

2024-05-16 00:42:37 - [TEST_STEP][PASSED] - datCloumn = "Date": null

2024-05-16 00:42:37 - [TEST_STEP][PASSED] - fileLoc = "KatalonData/VLinkSmokeDataACH.xlsx": null

2024-05-16 00:42:37 - [TEST_STEP][PASSED] - numOfRows = <not implemented yet for class: org.codehaus.groovy.ast.expr.EmptyExpression>: null

2024-05-16 00:42:37 - [TEST_STEP][PASSED] - dataFile = <not implemented yet for class: org.codehaus.groovy.ast.expr.EmptyExpression>: null

2024-05-16 00:42:37 - [TEST_STEP][PASSED] - nameSheet = <not implemented yet for class: org.codehaus.groovy.ast.expr.EmptyExpression>: null

2024-05-16 00:42:37 - [TEST_STEP][PASSED] - nameSheet = "Debit-Credit": null

2024-05-16 00:42:37 - [TEST_STEP][PASSED] - numOfRows = findTestData("QA/VLinkTestData/VLinkDebitCreditData").getRowNumbers(): null

2024-05-16 00:42:37 - [TEST_STEP][PASSED] - println("Number of Records: " + numOfRows): null

2024-05-16 00:42:37 - [TEST_STEP][PASSED] - dataFile = "QA/VLinkTestData/VLinkDebitCreditData": null

2024-05-16 00:42:37 - [TEST_STEP][PASSED] - for ([row = 1, row <= numOfRows, (row++)]): null

2024-05-16 00:42:37 - [TEST_STEP][PASSED] - ExecuteTC = findTestData(dataFile).getValue("Execute", row): null

2024-05-16 00:42:37 - [TEST_STEP][PASSED] - out.println("Value of Execute is : " + ExecuteTC): null

2024-05-16 00:42:37 - [TEST_STEP][PASSED] - switch (executionProfile): null

2024-05-16 00:42:37 - [TEST_STEP][PASSED] - case "QA2Profile":: null

2024-05-16 00:42:37 - [TEST_STEP][PASSED] - appID = findTestData(dataFile).getValue("AppIDQA", row): null

2024-05-16 00:42:37 - [TEST_STEP][PASSED] - username = findTestData(dataFile).getValue("UsernameQA", row): null

2024-05-16 00:42:37 - [TEST_STEP][PASSED] - password = findTestData(dataFile).getValue("PasswordQA", row): null

2024-05-16 00:42:37 - [TEST_STEP][PASSED] - break: null

2024-05-16 00:42:37 - [TEST_STEP][PASSED] - if (ExecuteTC.equalsIgnoreCase("Y")): null

2024-05-16 00:42:37 - [TEST_STEP][PASSED] - out.println("Begin Record Number: " + row): null

2024-05-16 00:42:37 - [TEST_STEP][PASSED] - today = new java.util.Date(): null

2024-05-16 00:42:37 - [TEST_STEP][PASSED] - println(today): null

2024-05-16 00:42:37 - [TEST_STEP][PASSED] - datText = today: null

2024-05-16 00:42:37 - [TEST_STEP][PASSED] - checkType = findTestData(dataFile).getValue("CheckType", row): null

2024-05-16 00:42:37 - [TEST_STEP][PASSED] - acNumber = findTestData(dataFile).getValue("AcNumber", row): null

2024-05-16 00:42:37 - [TEST_STEP][PASSED] - company = findTestData(dataFile).getValue("Company", row): null

2024-05-16 00:42:37 - [TEST_STEP][PASSED] - acType = findTestData(dataFile).getValue("AcType", row): null

2024-05-16 00:42:37 - [TEST_STEP][PASSED] - rtn = findTestData(dataFile).getValue("RTN", row): null

2024-05-16 00:42:38 - [TEST_STEP][PASSED] - amount = findTestData(dataFile).getValue("Amount", row): null

2024-05-16 00:42:38 - [TEST_STEP][PASSED] - sec = findTestData(dataFile).getValue("SEC", row): null

2024-05-16 00:42:38 - [TEST_STEP][PASSED] - openBrowser(VLinkURL + "debit.html"): Browser is opened with url: 'https://dev-algorithm.govolution.com/vlinktest/QA2/version_2_0/debit.html'

2024-05-16 00:42:38 - [MESSAGE][WARNING] - A browser is already opened. Closing browser and opening a new one

2024-05-16 00:42:39 - [MESSAGE][INFO] - Starting 'Chrome' driver

2024-05-16 00:42:39 - [MESSAGE][INFO] - User set preference: ['acceptInsecureCerts', 'true']

2024-05-16 00:42:39 - [MESSAGE][INFO] - Action delay is set to 0 milliseconds

2024-05-16 00:42:41 - [MESSAGE][PASSED] - Browser is opened with url: 'https://dev-algorithm.govolution.com/vlinktest/QA2/version_2_0/debit.html'

2024-05-16 00:42:41 - [TEST_STEP][PASSED] - maximizeWindow(): Current window maximized

2024-05-16 00:42:41 - [MESSAGE][PASSED] - Current window maximized

2024-05-16 00:42:41 - [TEST_STEP][PASSED] - genRemID = RandomStringUtils.random(12, true, true): null

2024-05-16 00:42:41 - [TEST_STEP][PASSED] - setText(findTestObject("RecAndPlayBk/Page-Vlink-Debit/input_Remittance Id"), genRemID): Text 'j2ZFpyZ77VUk' is set on object 'Object Repository/RecAndPlayBk/Page-Vlink-Debit/input_Remittance Id'

2024-05-16 00:42:42 - [MESSAGE][PASSED] - Text 'j2ZFpyZ77VUk' is set on object 'Object Repository/RecAndPlayBk/Page-Vlink-Debit/input_Remittance Id'

2024-05-16 00:42:42 - [TEST_STEP][PASSED] - setText(findTestObject("RecAndPlayBk/Page-Vlink-Debit/input_Application Id"), appID): Text '234' is set on object 'Object Repository/RecAndPlayBk/Page-Vlink-Debit/input_Application Id'

2024-05-16 00:42:43 - [MESSAGE][PASSED] - Text '234' is set on object 'Object Repository/RecAndPlayBk/Page-Vlink-Debit/input_Application Id'

2024-05-16 00:42:43 - [TEST_STEP][PASSED] - setText(findTestObject("RecAndPlayBk/Page-Vlink-Debit/input_Username"), username): Text 'username' is set on object 'Object Repository/RecAndPlayBk/Page-Vlink-Debit/input_Username'

2024-05-16 00:42:43 - [MESSAGE][PASSED] - Text 'username' is set on object 'Object Repository/RecAndPlayBk/Page-Vlink-Debit/input_Username'

2024-05-16 00:42:43 - [TEST_STEP][PASSED] - setText(findTestObject("RecAndPlayBk/Page-Vlink-Debit/input_Password"), password): Text 'password' is set on object 'Object Repository/RecAndPlayBk/Page-Vlink-Debit/input_Password'

2024-05-16 00:42:44 - [MESSAGE][PASSED] - Text 'password' is set on object 'Object Repository/RecAndPlayBk/Page-Vlink-Debit/input_Password'

2024-05-16 00:42:44 - [TEST_STEP][PASSED] - setText(findTestObject("RecAndPlayBk/Page-Vlink-Debit/input_Check Type"), checkType): Text 'P' is set on object 'Object Repository/RecAndPlayBk/Page-Vlink-Debit/input_Check Type'

2024-05-16 00:42:45 - [MESSAGE][PASSED] - Text 'P' is set on object 'Object Repository/RecAndPlayBk/Page-Vlink-Debit/input_Check Type'

2024-05-16 00:42:45 - [TEST_STEP][PASSED] - setText(findTestObject("RecAndPlayBk/Page-Vlink-Debit/input_Account_check"), acNumber): Text '58963214' is set on object 'Object Repository/RecAndPlayBk/Page-Vlink-Debit/input_Account_check'

2024-05-16 00:42:45 - [MESSAGE][PASSED] - Text '58963214' is set on object 'Object Repository/RecAndPlayBk/Page-Vlink-Debit/input_Account_check'

2024-05-16 00:42:45 - [TEST_STEP][PASSED] - setText(findTestObject("RecAndPlayBk/Page-Vlink-Debit/input_Company_check"), company): Text '' is set on object 'Object Repository/RecAndPlayBk/Page-Vlink-Debit/input_Company_check'

2024-05-16 00:42:46 - [MESSAGE][PASSED] - Text '' is set on object 'Object Repository/RecAndPlayBk/Page-Vlink-Debit/input_Company_check'

2024-05-16 00:42:46 - [TEST_STEP][PASSED] - setText(findTestObject("RecAndPlayBk/Page-Vlink-Debit/input_Account Type"), acType): Text '1' is set on object 'Object Repository/RecAndPlayBk/Page-Vlink-Debit/input_Account Type'

2024-05-16 00:42:46 - [MESSAGE][PASSED] - Text '1' is set on object 'Object Repository/RecAndPlayBk/Page-Vlink-Debit/input_Account Type'

2024-05-16 00:42:46 - [TEST_STEP][PASSED] - setText(findTestObject("RecAndPlayBk/Page-Vlink-Debit/input_Routing Number"), rtn): Text '256072691' is set on object 'Object Repository/RecAndPlayBk/Page-Vlink-Debit/input_Routing Number'

2024-05-16 00:42:47 - [MESSAGE][PASSED] - Text '256072691' is set on object 'Object Repository/RecAndPlayBk/Page-Vlink-Debit/input_Routing Number'

2024-05-16 00:42:47 - [TEST_STEP][PASSED] - setText(findTestObject("RecAndPlayBk/Page-Vlink-Debit/input_Amount"), amount): Text '12.50' is set on object 'Object Repository/RecAndPlayBk/Page-Vlink-Debit/input_Amount'

2024-05-16 00:42:48 - [MESSAGE][PASSED] - Text '12.50' is set on object 'Object Repository/RecAndPlayBk/Page-Vlink-Debit/input_Amount'

2024-05-16 00:42:48 - [TEST_STEP][PASSED] - setText(findTestObject("RecAndPlayBk/Page-Vlink-Debit/input_Check Email"), ""): Text '' is set on object 'Object Repository/RecAndPlayBk/Page-Vlink-Debit/input_Check Email'

2024-05-16 00:42:48 - [MESSAGE][PASSED] - Text '' is set on object 'Object Repository/RecAndPlayBk/Page-Vlink-Debit/input_Check Email'

2024-05-16 00:42:48 - [TEST_STEP][PASSED] - setText(findTestObject("Object Repository/RecAndPlayBk/Page-Vlink-Debit/input_concat(CheckWriter, , s SSN)_check_ssn"), ""): Text '' is set on object 'Object Repository/RecAndPlayBk/Page-Vlink-Debit/input_concat(CheckWriter, , s SSN)_check_ssn'

2024-05-16 00:42:49 - [MESSAGE][PASSED] - Text '' is set on object 'Object Repository/RecAndPlayBk/Page-Vlink-Debit/input_concat(CheckWriter, , s SSN)_check_ssn'

2024-05-16 00:42:49 - [TEST_STEP][PASSED] - setText(findTestObject("Object Repository/RecAndPlayBk/Page-Vlink-Debit/input_concat(CheckWriter, , s License Numbe_020fef"), ""): Text '' is set on object 'Object Repository/RecAndPlayBk/Page-Vlink-Debit/input_concat(CheckWriter, , s License Numbe_020fef'

2024-05-16 00:42:50 - [MESSAGE][PASSED] - Text '' is set on object 'Object Repository/RecAndPlayBk/Page-Vlink-Debit/input_concat(CheckWriter, , s License Numbe_020fef'

2024-05-16 00:42:50 - [TEST_STEP][PASSED] - setText(findTestObject("Object Repository/RecAndPlayBk/Page-Vlink-Debit/input_concat(CheckWriter, , s License State_21e3e7"), ""): Text '' is set on object 'Object Repository/RecAndPlayBk/Page-Vlink-Debit/input_concat(CheckWriter, , s License State_21e3e7'

2024-05-16 00:42:50 - [MESSAGE][PASSED] - Text '' is set on object 'Object Repository/RecAndPlayBk/Page-Vlink-Debit/input_concat(CheckWriter, , s License State_21e3e7'

2024-05-16 00:42:50 - [TEST_STEP][PASSED] - setText(findTestObject("RecAndPlayBk/Page-Vlink-Debit/input_Standard Entry Class"), sec): Text 'WEB' is set on object 'Object Repository/RecAndPlayBk/Page-Vlink-Debit/input_Standard Entry Class'

2024-05-16 00:42:51 - [MESSAGE][PASSED] - Text 'WEB' is set on object 'Object Repository/RecAndPlayBk/Page-Vlink-Debit/input_Standard Entry Class'

2024-05-16 00:42:51 - [TEST_STEP][PASSED] - click(findTestObject("Object Repository/RecAndPlayBk/Page-Vlink-Debit/input")): Object: 'Object Repository/RecAndPlayBk/Page-Vlink-Debit/input' is clicked on

2024-05-16 00:42:52 - [MESSAGE][PASSED] - Object: 'Object Repository/RecAndPlayBk/Page-Vlink-Debit/input' is clicked on

2024-05-16 00:42:52 - [TEST_STEP][PASSED] - if (verifyTextPresent("Transaction approved, no errors", true)): null

2024-05-16 00:42:53 - [MESSAGE][PASSED] - Text 'Transaction approved, no errors' is present on page  using regular expression

2024-05-16 00:42:53 - [TEST_STEP][PASSED] - println("Transaction Approved, no errors text is present on the Confirmation page"): null

2024-05-16 00:42:53 - [TEST_STEP][PASSED] - sdfo = getText(findTestObject("Object Repository/Page_VLinkReceipt/pre_STX")): Text of object 'Object Repository/Page_VLinkReceipt/pre_STX' is: '<STX>j2ZFpyZ77VUk                  12151708            0  Transaction approved, no errors                   0                                                                                                              <ETX>'

2024-05-16 00:42:53 - [MESSAGE][PASSED] - Text of object 'Object Repository/Page_VLinkReceipt/pre_STX' is: '<STX>j2ZFpyZ77VUk                  12151708            0  Transaction approved, no errors                   0                                                                                                              <ETX>'

2024-05-16 00:42:53 - [TEST_STEP][PASSED] - out.println("sdfo: " + sdfo): null

2024-05-16 00:42:53 - [TEST_STEP][PASSED] - remID = substring(5, 35).trim(): null

2024-05-16 00:42:53 - [TEST_STEP][PASSED] - out.println("remID: " + remID): null

2024-05-16 00:42:53 - [TEST_STEP][PASSED] - traxID = substring(35, 55).trim(): null

2024-05-16 00:42:53 - [TEST_STEP][PASSED] - out.println("traxID: " + traxID): null

2024-05-16 00:42:53 - [TEST_STEP][PASSED] - VLinkSaleRemID = remID: null

2024-05-16 00:42:53 - [TEST_STEP][PASSED] - VLinkSaleTranxID = traxID: null

2024-05-16 00:42:53 - [TEST_STEP][PASSED] - openBrowser(VLinkURL + "ACH_credit.html"): Browser is opened with url: 'https://dev-algorithm.govolution.com/vlinktest/QA2/version_2_0/ACH_credit.html'

2024-05-16 00:42:53 - [MESSAGE][WARNING] - A browser is already opened. Closing browser and opening a new one

2024-05-16 00:42:54 - [MESSAGE][INFO] - Starting 'Chrome' driver

2024-05-16 00:42:54 - [MESSAGE][INFO] - User set preference: ['acceptInsecureCerts', 'true']

2024-05-16 00:42:54 - [MESSAGE][INFO] - Action delay is set to 0 milliseconds

2024-05-16 00:42:56 - [MESSAGE][PASSED] - Browser is opened with url: 'https://dev-algorithm.govolution.com/vlinktest/QA2/version_2_0/ACH_credit.html'

2024-05-16 00:42:56 - [TEST_STEP][PASSED] - maximizeWindow(): Current window maximized

2024-05-16 00:42:56 - [MESSAGE][PASSED] - Current window maximized

2024-05-16 00:42:56 - [TEST_STEP][PASSED] - setText(findTestObject("Object Repository/RecAndPlayBk/Page-Vlink-ACH-Credit/input_Remittance Id"), VLinkSaleRemID): Text 'j2ZFpyZ77VUk' is set on object 'Object Repository/RecAndPlayBk/Page-Vlink-ACH-Credit/input_Remittance Id'

2024-05-16 00:42:57 - [MESSAGE][PASSED] - Text 'j2ZFpyZ77VUk' is set on object 'Object Repository/RecAndPlayBk/Page-Vlink-ACH-Credit/input_Remittance Id'

2024-05-16 00:42:57 - [TEST_STEP][PASSED] - setText(findTestObject("Object Repository/RecAndPlayBk/Page-Vlink-ACH-Credit/input_Application Id"), appID): Text '234' is set on object 'Object Repository/RecAndPlayBk/Page-Vlink-ACH-Credit/input_Application Id'

2024-05-16 00:42:58 - [MESSAGE][PASSED] - Text '234' is set on object 'Object Repository/RecAndPlayBk/Page-Vlink-ACH-Credit/input_Application Id'

2024-05-16 00:42:58 - [TEST_STEP][PASSED] - setText(findTestObject("Object Repository/RecAndPlayBk/Page-Vlink-ACH-Credit/input_Username"), username): Text 'username' is set on object 'Object Repository/RecAndPlayBk/Page-Vlink-ACH-Credit/input_Username'

2024-05-16 00:42:58 - [MESSAGE][PASSED] - Text 'username' is set on object 'Object Repository/RecAndPlayBk/Page-Vlink-ACH-Credit/input_Username'

2024-05-16 00:42:58 - [TEST_STEP][PASSED] - setText(findTestObject("Object Repository/RecAndPlayBk/Page-Vlink-ACH-Credit/input_Password"), password): Text 'password' is set on object 'Object Repository/RecAndPlayBk/Page-Vlink-ACH-Credit/input_Password'

2024-05-16 00:42:59 - [MESSAGE][PASSED] - Text 'password' is set on object 'Object Repository/RecAndPlayBk/Page-Vlink-ACH-Credit/input_Password'

2024-05-16 00:42:59 - [TEST_STEP][PASSED] - setText(findTestObject("Object Repository/RecAndPlayBk/Page-Vlink-ACH-Credit/input_Check Type"), checkType): Text 'P' is set on object 'Object Repository/RecAndPlayBk/Page-Vlink-ACH-Credit/input_Check Type'

2024-05-16 00:43:00 - [MESSAGE][PASSED] - Text 'P' is set on object 'Object Repository/RecAndPlayBk/Page-Vlink-ACH-Credit/input_Check Type'

2024-05-16 00:43:00 - [TEST_STEP][PASSED] - setText(findTestObject("Object Repository/RecAndPlayBk/Page-Vlink-ACH-Credit/input_Transaction ID"), VLinkSaleTranxID): Text '12151708' is set on object 'Object Repository/RecAndPlayBk/Page-Vlink-ACH-Credit/input_Transaction ID'

2024-05-16 00:43:00 - [MESSAGE][PASSED] - Text '12151708' is set on object 'Object Repository/RecAndPlayBk/Page-Vlink-ACH-Credit/input_Transaction ID'

2024-05-16 00:43:00 - [TEST_STEP][PASSED] - setText(findTestObject("Object Repository/RecAndPlayBk/Page-Vlink-ACH-Credit/input_Amount"), amount): Text '12.50' is set on object 'Object Repository/RecAndPlayBk/Page-Vlink-ACH-Credit/input_Amount'

2024-05-16 00:43:01 - [MESSAGE][PASSED] - Text '12.50' is set on object 'Object Repository/RecAndPlayBk/Page-Vlink-ACH-Credit/input_Amount'

2024-05-16 00:43:01 - [TEST_STEP][PASSED] - setText(findTestObject("Object Repository/RecAndPlayBk/Page-Vlink-ACH-Credit/input_Standard Entry Class"), sec): Text 'WEB' is set on object 'Object Repository/RecAndPlayBk/Page-Vlink-ACH-Credit/input_Standard Entry Class'

2024-05-16 00:43:02 - [MESSAGE][PASSED] - Text 'WEB' is set on object 'Object Repository/RecAndPlayBk/Page-Vlink-ACH-Credit/input_Standard Entry Class'

2024-05-16 00:43:02 - [TEST_STEP][PASSED] - setText(findTestObject("Object Repository/RecAndPlayBk/Page-Vlink-ACH-Credit/input_Account Number"), acNumber): Text '58963214' is set on object 'Object Repository/RecAndPlayBk/Page-Vlink-ACH-Credit/input_Account Number'

2024-05-16 00:43:02 - [MESSAGE][PASSED] - Text '58963214' is set on object 'Object Repository/RecAndPlayBk/Page-Vlink-ACH-Credit/input_Account Number'

2024-05-16 00:43:02 - [TEST_STEP][PASSED] - setText(findTestObject("Object Repository/RecAndPlayBk/Page-Vlink-ACH-Credit/input_Routing Number"), rtn): Text '256072691' is set on object 'Object Repository/RecAndPlayBk/Page-Vlink-ACH-Credit/input_Routing Number'

2024-05-16 00:43:03 - [MESSAGE][PASSED] - Text '256072691' is set on object 'Object Repository/RecAndPlayBk/Page-Vlink-ACH-Credit/input_Routing Number'

2024-05-16 00:43:03 - [TEST_STEP][PASSED] - click(findTestObject("Object Repository/RecAndPlayBk/Page-Vlink-ACH-Credit/input")): Object: 'Object Repository/RecAndPlayBk/Page-Vlink-ACH-Credit/input' is clicked on

2024-05-16 00:43:04 - [MESSAGE][PASSED] - Object: 'Object Repository/RecAndPlayBk/Page-Vlink-ACH-Credit/input' is clicked on

2024-05-16 00:43:04 - [TEST_STEP][PASSED] - if (verifyTextPresent("Transaction approved, no errors", true)): null

2024-05-16 00:43:04 - [MESSAGE][PASSED] - Text 'Transaction approved, no errors' is present on page  using regular expression

2024-05-16 00:43:04 - [TEST_STEP][PASSED] - println("Transaction Approved, no errors text is present on the Confirmation page"): null

2024-05-16 00:43:04 - [TEST_STEP][PASSED] - out.println("Pass Record Number: " + row): null

2024-05-16 00:43:04 - [TEST_STEP][PASSED] - resText = "Pass": null

2024-05-16 00:43:04 - [TEST_STEP][PASSED] - pages.WriteExcel.demoKey(resText, datText, resColumn, datCloumn, fileLoc, nameSheet, row): pages.WriteExcel.demoKey is PASSED

2024-05-16 00:43:04 - [MESSAGE][PASSED] - pages.WriteExcel.demoKey is PASSED

2024-05-16 00:43:04 - [TEST_STEP][PASSED] - ExecuteTC = findTestData(dataFile).getValue("Execute", row): null

2024-05-16 00:43:04 - [TEST_STEP][PASSED] - out.println("Value of Execute is : " + ExecuteTC): null

2024-05-16 00:43:04 - [TEST_STEP][PASSED] - switch (executionProfile): null

2024-05-16 00:43:04 - [TEST_STEP][PASSED] - case "QA2Profile":: null

2024-05-16 00:43:04 - [TEST_STEP][PASSED] - appID = findTestData(dataFile).getValue("AppIDQA", row): null

2024-05-16 00:43:04 - [TEST_STEP][PASSED] - username = findTestData(dataFile).getValue("UsernameQA", row): null

2024-05-16 00:43:04 - [TEST_STEP][PASSED] - password = findTestData(dataFile).getValue("PasswordQA", row): null

2024-05-16 00:43:05 - [TEST_STEP][PASSED] - break: null

2024-05-16 00:43:05 - [TEST_STEP][PASSED] - if (ExecuteTC.equalsIgnoreCase("Y")): null

2024-05-16 00:43:05 - [TEST_STEP][PASSED] - out.println("Begin Record Number: " + row): null

2024-05-16 00:43:05 - [TEST_STEP][PASSED] - today = new java.util.Date(): null

2024-05-16 00:43:05 - [TEST_STEP][PASSED] - println(today): null

2024-05-16 00:43:05 - [TEST_STEP][PASSED] - datText = today: null

2024-05-16 00:43:05 - [TEST_STEP][PASSED] - checkType = findTestData(dataFile).getValue("CheckType", row): null

2024-05-16 00:43:05 - [TEST_STEP][PASSED] - acNumber = findTestData(dataFile).getValue("AcNumber", row): null

2024-05-16 00:43:05 - [TEST_STEP][PASSED] - company = findTestData(dataFile).getValue("Company", row): null

2024-05-16 00:43:05 - [TEST_STEP][PASSED] - acType = findTestData(dataFile).getValue("AcType", row): null

2024-05-16 00:43:05 - [TEST_STEP][PASSED] - rtn = findTestData(dataFile).getValue("RTN", row): null

2024-05-16 00:43:05 - [TEST_STEP][PASSED] - amount = findTestData(dataFile).getValue("Amount", row): null

2024-05-16 00:43:05 - [TEST_STEP][PASSED] - sec = findTestData(dataFile).getValue("SEC", row): null

2024-05-16 00:43:05 - [TEST_STEP][PASSED] - openBrowser(VLinkURL + "debit.html"): Browser is opened with url: 'https://dev-algorithm.govolution.com/vlinktest/QA2/version_2_0/debit.html'

2024-05-16 00:43:05 - [MESSAGE][WARNING] - A browser is already opened. Closing browser and opening a new one

2024-05-16 00:43:06 - [MESSAGE][INFO] - Starting 'Chrome' driver

2024-05-16 00:43:06 - [MESSAGE][INFO] - User set preference: ['acceptInsecureCerts', 'true']

2024-05-16 00:43:06 - [MESSAGE][INFO] - Action delay is set to 0 milliseconds

2024-05-16 00:43:08 - [MESSAGE][PASSED] - Browser is opened with url: 'https://dev-algorithm.govolution.com/vlinktest/QA2/version_2_0/debit.html'

2024-05-16 00:43:08 - [TEST_STEP][PASSED] - maximizeWindow(): Current window maximized

2024-05-16 00:43:09 - [MESSAGE][PASSED] - Current window maximized

2024-05-16 00:43:09 - [TEST_STEP][PASSED] - genRemID = RandomStringUtils.random(12, true, true): null

2024-05-16 00:43:09 - [TEST_STEP][PASSED] - setText(findTestObject("RecAndPlayBk/Page-Vlink-Debit/input_Remittance Id"), genRemID): Text 'gVEHfTADukcG' is set on object 'Object Repository/RecAndPlayBk/Page-Vlink-Debit/input_Remittance Id'

2024-05-16 00:43:09 - [MESSAGE][PASSED] - Text 'gVEHfTADukcG' is set on object 'Object Repository/RecAndPlayBk/Page-Vlink-Debit/input_Remittance Id'

2024-05-16 00:43:09 - [TEST_STEP][PASSED] - setText(findTestObject("RecAndPlayBk/Page-Vlink-Debit/input_Application Id"), appID): Text '234' is set on object 'Object Repository/RecAndPlayBk/Page-Vlink-Debit/input_Application Id'

2024-05-16 00:43:10 - [MESSAGE][PASSED] - Text '234' is set on object 'Object Repository/RecAndPlayBk/Page-Vlink-Debit/input_Application Id'

2024-05-16 00:43:10 - [TEST_STEP][PASSED] - setText(findTestObject("RecAndPlayBk/Page-Vlink-Debit/input_Username"), username): Text 'username' is set on object 'Object Repository/RecAndPlayBk/Page-Vlink-Debit/input_Username'

2024-05-16 00:43:11 - [MESSAGE][PASSED] - Text 'username' is set on object 'Object Repository/RecAndPlayBk/Page-Vlink-Debit/input_Username'

2024-05-16 00:43:11 - [TEST_STEP][PASSED] - setText(findTestObject("RecAndPlayBk/Page-Vlink-Debit/input_Password"), password): Text 'password' is set on object 'Object Repository/RecAndPlayBk/Page-Vlink-Debit/input_Password'

2024-05-16 00:43:11 - [MESSAGE][PASSED] - Text 'password' is set on object 'Object Repository/RecAndPlayBk/Page-Vlink-Debit/input_Password'

2024-05-16 00:43:11 - [TEST_STEP][PASSED] - setText(findTestObject("RecAndPlayBk/Page-Vlink-Debit/input_Check Type"), checkType): Text 'P' is set on object 'Object Repository/RecAndPlayBk/Page-Vlink-Debit/input_Check Type'

2024-05-16 00:43:12 - [MESSAGE][PASSED] - Text 'P' is set on object 'Object Repository/RecAndPlayBk/Page-Vlink-Debit/input_Check Type'

2024-05-16 00:43:12 - [TEST_STEP][PASSED] - setText(findTestObject("RecAndPlayBk/Page-Vlink-Debit/input_Account_check"), acNumber): Text '58963214' is set on object 'Object Repository/RecAndPlayBk/Page-Vlink-Debit/input_Account_check'

2024-05-16 00:43:12 - [MESSAGE][PASSED] - Text '58963214' is set on object 'Object Repository/RecAndPlayBk/Page-Vlink-Debit/input_Account_check'

2024-05-16 00:43:12 - [TEST_STEP][PASSED] - setText(findTestObject("RecAndPlayBk/Page-Vlink-Debit/input_Company_check"), company): Text '' is set on object 'Object Repository/RecAndPlayBk/Page-Vlink-Debit/input_Company_check'

2024-05-16 00:43:13 - [MESSAGE][PASSED] - Text '' is set on object 'Object Repository/RecAndPlayBk/Page-Vlink-Debit/input_Company_check'

2024-05-16 00:43:13 - [TEST_STEP][PASSED] - setText(findTestObject("RecAndPlayBk/Page-Vlink-Debit/input_Account Type"), acType): Text '1' is set on object 'Object Repository/RecAndPlayBk/Page-Vlink-Debit/input_Account Type'

2024-05-16 00:43:14 - [MESSAGE][PASSED] - Text '1' is set on object 'Object Repository/RecAndPlayBk/Page-Vlink-Debit/input_Account Type'

2024-05-16 00:43:14 - [TEST_STEP][PASSED] - setText(findTestObject("RecAndPlayBk/Page-Vlink-Debit/input_Routing Number"), rtn): Text '256072691' is set on object 'Object Repository/RecAndPlayBk/Page-Vlink-Debit/input_Routing Number'

2024-05-16 00:43:14 - [MESSAGE][PASSED] - Text '256072691' is set on object 'Object Repository/RecAndPlayBk/Page-Vlink-Debit/input_Routing Number'

2024-05-16 00:43:14 - [TEST_STEP][PASSED] - setText(findTestObject("RecAndPlayBk/Page-Vlink-Debit/input_Amount"), amount): Text '12.50' is set on object 'Object Repository/RecAndPlayBk/Page-Vlink-Debit/input_Amount'

2024-05-16 00:43:15 - [MESSAGE][PASSED] - Text '12.50' is set on object 'Object Repository/RecAndPlayBk/Page-Vlink-Debit/input_Amount'

2024-05-16 00:43:15 - [TEST_STEP][PASSED] - setText(findTestObject("RecAndPlayBk/Page-Vlink-Debit/input_Check Email"), ""): Text '' is set on object 'Object Repository/RecAndPlayBk/Page-Vlink-Debit/input_Check Email'

2024-05-16 00:43:16 - [MESSAGE][PASSED] - Text '' is set on object 'Object Repository/RecAndPlayBk/Page-Vlink-Debit/input_Check Email'

2024-05-16 00:43:16 - [TEST_STEP][PASSED] - setText(findTestObject("Object Repository/RecAndPlayBk/Page-Vlink-Debit/input_concat(CheckWriter, , s SSN)_check_ssn"), ""): Text '' is set on object 'Object Repository/RecAndPlayBk/Page-Vlink-Debit/input_concat(CheckWriter, , s SSN)_check_ssn'

2024-05-16 00:43:16 - [MESSAGE][PASSED] - Text '' is set on object 'Object Repository/RecAndPlayBk/Page-Vlink-Debit/input_concat(CheckWriter, , s SSN)_check_ssn'

2024-05-16 00:43:16 - [TEST_STEP][PASSED] - setText(findTestObject("Object Repository/RecAndPlayBk/Page-Vlink-Debit/input_concat(CheckWriter, , s License Numbe_020fef"), ""): Text '' is set on object 'Object Repository/RecAndPlayBk/Page-Vlink-Debit/input_concat(CheckWriter, , s License Numbe_020fef'

2024-05-16 00:43:17 - [MESSAGE][PASSED] - Text '' is set on object 'Object Repository/RecAndPlayBk/Page-Vlink-Debit/input_concat(CheckWriter, , s License Numbe_020fef'

2024-05-16 00:43:17 - [TEST_STEP][PASSED] - setText(findTestObject("Object Repository/RecAndPlayBk/Page-Vlink-Debit/input_concat(CheckWriter, , s License State_21e3e7"), ""): Text '' is set on object 'Object Repository/RecAndPlayBk/Page-Vlink-Debit/input_concat(CheckWriter, , s License State_21e3e7'

2024-05-16 00:43:17 - [MESSAGE][PASSED] - Text '' is set on object 'Object Repository/RecAndPlayBk/Page-Vlink-Debit/input_concat(CheckWriter, , s License State_21e3e7'

2024-05-16 00:43:17 - [TEST_STEP][PASSED] - setText(findTestObject("RecAndPlayBk/Page-Vlink-Debit/input_Standard Entry Class"), sec): Text 'TEL' is set on object 'Object Repository/RecAndPlayBk/Page-Vlink-Debit/input_Standard Entry Class'

2024-05-16 00:43:18 - [MESSAGE][PASSED] - Text 'TEL' is set on object 'Object Repository/RecAndPlayBk/Page-Vlink-Debit/input_Standard Entry Class'

2024-05-16 00:43:18 - [TEST_STEP][PASSED] - click(findTestObject("Object Repository/RecAndPlayBk/Page-Vlink-Debit/input")): Object: 'Object Repository/RecAndPlayBk/Page-Vlink-Debit/input' is clicked on

2024-05-16 00:43:19 - [MESSAGE][PASSED] - Object: 'Object Repository/RecAndPlayBk/Page-Vlink-Debit/input' is clicked on

2024-05-16 00:43:19 - [TEST_STEP][PASSED] - if (verifyTextPresent("Transaction approved, no errors", true)): null

2024-05-16 00:43:19 - [MESSAGE][PASSED] - Text 'Transaction approved, no errors' is present on page  using regular expression

2024-05-16 00:43:19 - [TEST_STEP][PASSED] - println("Transaction Approved, no errors text is present on the Confirmation page"): null

2024-05-16 00:43:19 - [TEST_STEP][PASSED] - sdfo = getText(findTestObject("Object Repository/Page_VLinkReceipt/pre_STX")): Text of object 'Object Repository/Page_VLinkReceipt/pre_STX' is: '<STX>gVEHfTADukcG                  12151710            0  Transaction approved, no errors                   0                                                                                                              <ETX>'

2024-05-16 00:43:20 - [MESSAGE][PASSED] - Text of object 'Object Repository/Page_VLinkReceipt/pre_STX' is: '<STX>gVEHfTADukcG                  12151710            0  Transaction approved, no errors                   0                                                                                                              <ETX>'

2024-05-16 00:43:20 - [TEST_STEP][PASSED] - out.println("sdfo: " + sdfo): null

2024-05-16 00:43:20 - [TEST_STEP][PASSED] - remID = substring(5, 35).trim(): null

2024-05-16 00:43:20 - [TEST_STEP][PASSED] - out.println("remID: " + remID): null

2024-05-16 00:43:20 - [TEST_STEP][PASSED] - traxID = substring(35, 55).trim(): null

2024-05-16 00:43:20 - [TEST_STEP][PASSED] - out.println("traxID: " + traxID): null

2024-05-16 00:43:20 - [TEST_STEP][PASSED] - VLinkSaleRemID = remID: null

2024-05-16 00:43:20 - [TEST_STEP][PASSED] - VLinkSaleTranxID = traxID: null

2024-05-16 00:43:20 - [TEST_STEP][PASSED] - openBrowser(VLinkURL + "ACH_credit.html"): Browser is opened with url: 'https://dev-algorithm.govolution.com/vlinktest/QA2/version_2_0/ACH_credit.html'

2024-05-16 00:43:20 - [MESSAGE][WARNING] - A browser is already opened. Closing browser and opening a new one

2024-05-16 00:43:21 - [MESSAGE][INFO] - Starting 'Chrome' driver

2024-05-16 00:43:21 - [MESSAGE][INFO] - User set preference: ['acceptInsecureCerts', 'true']

2024-05-16 00:43:21 - [MESSAGE][INFO] - Action delay is set to 0 milliseconds

2024-05-16 00:43:23 - [MESSAGE][PASSED] - Browser is opened with url: 'https://dev-algorithm.govolution.com/vlinktest/QA2/version_2_0/ACH_credit.html'

2024-05-16 00:43:23 - [TEST_STEP][PASSED] - maximizeWindow(): Current window maximized

2024-05-16 00:43:23 - [MESSAGE][PASSED] - Current window maximized

2024-05-16 00:43:23 - [TEST_STEP][PASSED] - setText(findTestObject("Object Repository/RecAndPlayBk/Page-Vlink-ACH-Credit/input_Remittance Id"), VLinkSaleRemID): Text 'gVEHfTADukcG' is set on object 'Object Repository/RecAndPlayBk/Page-Vlink-ACH-Credit/input_Remittance Id'

2024-05-16 00:43:24 - [MESSAGE][PASSED] - Text 'gVEHfTADukcG' is set on object 'Object Repository/RecAndPlayBk/Page-Vlink-ACH-Credit/input_Remittance Id'

2024-05-16 00:43:24 - [TEST_STEP][PASSED] - setText(findTestObject("Object Repository/RecAndPlayBk/Page-Vlink-ACH-Credit/input_Application Id"), appID): Text '234' is set on object 'Object Repository/RecAndPlayBk/Page-Vlink-ACH-Credit/input_Application Id'

2024-05-16 00:43:25 - [MESSAGE][PASSED] - Text '234' is set on object 'Object Repository/RecAndPlayBk/Page-Vlink-ACH-Credit/input_Application Id'

2024-05-16 00:43:25 - [TEST_STEP][PASSED] - setText(findTestObject("Object Repository/RecAndPlayBk/Page-Vlink-ACH-Credit/input_Username"), username): Text 'username' is set on object 'Object Repository/RecAndPlayBk/Page-Vlink-ACH-Credit/input_Username'

2024-05-16 00:43:25 - [MESSAGE][PASSED] - Text 'username' is set on object 'Object Repository/RecAndPlayBk/Page-Vlink-ACH-Credit/input_Username'

2024-05-16 00:43:25 - [TEST_STEP][PASSED] - setText(findTestObject("Object Repository/RecAndPlayBk/Page-Vlink-ACH-Credit/input_Password"), password): Text 'password' is set on object 'Object Repository/RecAndPlayBk/Page-Vlink-ACH-Credit/input_Password'

2024-05-16 00:43:26 - [MESSAGE][PASSED] - Text 'password' is set on object 'Object Repository/RecAndPlayBk/Page-Vlink-ACH-Credit/input_Password'

2024-05-16 00:43:26 - [TEST_STEP][PASSED] - setText(findTestObject("Object Repository/RecAndPlayBk/Page-Vlink-ACH-Credit/input_Check Type"), checkType): Text 'P' is set on object 'Object Repository/RecAndPlayBk/Page-Vlink-ACH-Credit/input_Check Type'

2024-05-16 00:43:26 - [MESSAGE][PASSED] - Text 'P' is set on object 'Object Repository/RecAndPlayBk/Page-Vlink-ACH-Credit/input_Check Type'

2024-05-16 00:43:26 - [TEST_STEP][PASSED] - setText(findTestObject("Object Repository/RecAndPlayBk/Page-Vlink-ACH-Credit/input_Transaction ID"), VLinkSaleTranxID): Text '12151710' is set on object 'Object Repository/RecAndPlayBk/Page-Vlink-ACH-Credit/input_Transaction ID'

2024-05-16 00:43:27 - [MESSAGE][PASSED] - Text '12151710' is set on object 'Object Repository/RecAndPlayBk/Page-Vlink-ACH-Credit/input_Transaction ID'

2024-05-16 00:43:27 - [TEST_STEP][PASSED] - setText(findTestObject("Object Repository/RecAndPlayBk/Page-Vlink-ACH-Credit/input_Amount"), amount): Text '12.50' is set on object 'Object Repository/RecAndPlayBk/Page-Vlink-ACH-Credit/input_Amount'

2024-05-16 00:43:28 - [MESSAGE][PASSED] - Text '12.50' is set on object 'Object Repository/RecAndPlayBk/Page-Vlink-ACH-Credit/input_Amount'

2024-05-16 00:43:28 - [TEST_STEP][PASSED] - setText(findTestObject("Object Repository/RecAndPlayBk/Page-Vlink-ACH-Credit/input_Standard Entry Class"), sec): Text 'TEL' is set on object 'Object Repository/RecAndPlayBk/Page-Vlink-ACH-Credit/input_Standard Entry Class'

2024-05-16 00:43:28 - [MESSAGE][PASSED] - Text 'TEL' is set on object 'Object Repository/RecAndPlayBk/Page-Vlink-ACH-Credit/input_Standard Entry Class'

2024-05-16 00:43:28 - [TEST_STEP][PASSED] - setText(findTestObject("Object Repository/RecAndPlayBk/Page-Vlink-ACH-Credit/input_Account Number"), acNumber): Text '58963214' is set on object 'Object Repository/RecAndPlayBk/Page-Vlink-ACH-Credit/input_Account Number'

2024-05-16 00:43:29 - [MESSAGE][PASSED] - Text '58963214' is set on object 'Object Repository/RecAndPlayBk/Page-Vlink-ACH-Credit/input_Account Number'

2024-05-16 00:43:29 - [TEST_STEP][PASSED] - setText(findTestObject("Object Repository/RecAndPlayBk/Page-Vlink-ACH-Credit/input_Routing Number"), rtn): Text '256072691' is set on object 'Object Repository/RecAndPlayBk/Page-Vlink-ACH-Credit/input_Routing Number'

2024-05-16 00:43:30 - [MESSAGE][PASSED] - Text '256072691' is set on object 'Object Repository/RecAndPlayBk/Page-Vlink-ACH-Credit/input_Routing Number'

2024-05-16 00:43:30 - [TEST_STEP][PASSED] - click(findTestObject("Object Repository/RecAndPlayBk/Page-Vlink-ACH-Credit/input")): Object: 'Object Repository/RecAndPlayBk/Page-Vlink-ACH-Credit/input' is clicked on

2024-05-16 00:43:31 - [MESSAGE][PASSED] - Object: 'Object Repository/RecAndPlayBk/Page-Vlink-ACH-Credit/input' is clicked on

2024-05-16 00:43:31 - [TEST_STEP][PASSED] - if (verifyTextPresent("Transaction approved, no errors", true)): null

2024-05-16 00:43:31 - [MESSAGE][PASSED] - Text 'Transaction approved, no errors' is present on page  using regular expression

2024-05-16 00:43:31 - [TEST_STEP][PASSED] - println("Transaction Approved, no errors text is present on the Confirmation page"): null

2024-05-16 00:43:31 - [TEST_STEP][PASSED] - out.println("Pass Record Number: " + row): null

2024-05-16 00:43:31 - [TEST_STEP][PASSED] - resText = "Pass": null

2024-05-16 00:43:31 - [TEST_STEP][PASSED] - pages.WriteExcel.demoKey(resText, datText, resColumn, datCloumn, fileLoc, nameSheet, row): pages.WriteExcel.demoKey is PASSED

2024-05-16 00:43:31 - [MESSAGE][PASSED] - pages.WriteExcel.demoKey is PASSED

2024-05-16 00:43:31 - [TEST_STEP][PASSED] - ExecuteTC = findTestData(dataFile).getValue("Execute", row): null

2024-05-16 00:43:31 - [TEST_STEP][PASSED] - out.println("Value of Execute is : " + ExecuteTC): null

2024-05-16 00:43:31 - [TEST_STEP][PASSED] - switch (executionProfile): null

2024-05-16 00:43:31 - [TEST_STEP][PASSED] - case "QA2Profile":: null

2024-05-16 00:43:31 - [TEST_STEP][PASSED] - appID = findTestData(dataFile).getValue("AppIDQA", row): null

2024-05-16 00:43:31 - [TEST_STEP][PASSED] - username = findTestData(dataFile).getValue("UsernameQA", row): null

2024-05-16 00:43:31 - [TEST_STEP][PASSED] - password = findTestData(dataFile).getValue("PasswordQA", row): null

2024-05-16 00:43:31 - [TEST_STEP][PASSED] - break: null

2024-05-16 00:43:31 - [TEST_STEP][PASSED] - if (ExecuteTC.equalsIgnoreCase("Y")): null

2024-05-16 00:43:31 - [TEST_STEP][PASSED] - out.println("Begin Record Number: " + row): null

2024-05-16 00:43:31 - [TEST_STEP][PASSED] - today = new java.util.Date(): null

2024-05-16 00:43:31 - [TEST_STEP][PASSED] - println(today): null

2024-05-16 00:43:31 - [TEST_STEP][PASSED] - datText = today: null

2024-05-16 00:43:31 - [TEST_STEP][PASSED] - checkType = findTestData(dataFile).getValue("CheckType", row): null

2024-05-16 00:43:31 - [TEST_STEP][PASSED] - acNumber = findTestData(dataFile).getValue("AcNumber", row): null

2024-05-16 00:43:31 - [TEST_STEP][PASSED] - company = findTestData(dataFile).getValue("Company", row): null

2024-05-16 00:43:31 - [TEST_STEP][PASSED] - acType = findTestData(dataFile).getValue("AcType", row): null

2024-05-16 00:43:31 - [TEST_STEP][PASSED] - rtn = findTestData(dataFile).getValue("RTN", row): null

2024-05-16 00:43:32 - [TEST_STEP][PASSED] - amount = findTestData(dataFile).getValue("Amount", row): null

2024-05-16 00:43:32 - [TEST_STEP][PASSED] - sec = findTestData(dataFile).getValue("SEC", row): null

2024-05-16 00:43:32 - [TEST_STEP][PASSED] - openBrowser(VLinkURL + "debit.html"): Browser is opened with url: 'https://dev-algorithm.govolution.com/vlinktest/QA2/version_2_0/debit.html'

2024-05-16 00:43:32 - [MESSAGE][WARNING] - A browser is already opened. Closing browser and opening a new one

2024-05-16 00:43:33 - [MESSAGE][INFO] - Starting 'Chrome' driver

2024-05-16 00:43:33 - [MESSAGE][INFO] - User set preference: ['acceptInsecureCerts', 'true']

2024-05-16 00:43:33 - [MESSAGE][INFO] - Action delay is set to 0 milliseconds

2024-05-16 00:43:35 - [MESSAGE][PASSED] - Browser is opened with url: 'https://dev-algorithm.govolution.com/vlinktest/QA2/version_2_0/debit.html'

2024-05-16 00:43:35 - [TEST_STEP][PASSED] - maximizeWindow(): Current window maximized

2024-05-16 00:43:35 - [MESSAGE][PASSED] - Current window maximized

2024-05-16 00:43:35 - [TEST_STEP][PASSED] - genRemID = RandomStringUtils.random(12, true, true): null

2024-05-16 00:43:35 - [TEST_STEP][PASSED] - setText(findTestObject("RecAndPlayBk/Page-Vlink-Debit/input_Remittance Id"), genRemID): Text 'GIOz13jM7Cai' is set on object 'Object Repository/RecAndPlayBk/Page-Vlink-Debit/input_Remittance Id'

2024-05-16 00:43:36 - [MESSAGE][PASSED] - Text 'GIOz13jM7Cai' is set on object 'Object Repository/RecAndPlayBk/Page-Vlink-Debit/input_Remittance Id'

2024-05-16 00:43:36 - [TEST_STEP][PASSED] - setText(findTestObject("RecAndPlayBk/Page-Vlink-Debit/input_Application Id"), appID): Text '234' is set on object 'Object Repository/RecAndPlayBk/Page-Vlink-Debit/input_Application Id'

2024-05-16 00:43:37 - [MESSAGE][PASSED] - Text '234' is set on object 'Object Repository/RecAndPlayBk/Page-Vlink-Debit/input_Application Id'

2024-05-16 00:43:37 - [TEST_STEP][PASSED] - setText(findTestObject("RecAndPlayBk/Page-Vlink-Debit/input_Username"), username): Text 'username' is set on object 'Object Repository/RecAndPlayBk/Page-Vlink-Debit/input_Username'

2024-05-16 00:43:37 - [MESSAGE][PASSED] - Text 'username' is set on object 'Object Repository/RecAndPlayBk/Page-Vlink-Debit/input_Username'

2024-05-16 00:43:37 - [TEST_STEP][PASSED] - setText(findTestObject("RecAndPlayBk/Page-Vlink-Debit/input_Password"), password): Text 'password' is set on object 'Object Repository/RecAndPlayBk/Page-Vlink-Debit/input_Password'

2024-05-16 00:43:38 - [MESSAGE][PASSED] - Text 'password' is set on object 'Object Repository/RecAndPlayBk/Page-Vlink-Debit/input_Password'

2024-05-16 00:43:38 - [TEST_STEP][PASSED] - setText(findTestObject("RecAndPlayBk/Page-Vlink-Debit/input_Check Type"), checkType): Text 'P' is set on object 'Object Repository/RecAndPlayBk/Page-Vlink-Debit/input_Check Type'

2024-05-16 00:43:39 - [MESSAGE][PASSED] - Text 'P' is set on object 'Object Repository/RecAndPlayBk/Page-Vlink-Debit/input_Check Type'

2024-05-16 00:43:39 - [TEST_STEP][PASSED] - setText(findTestObject("RecAndPlayBk/Page-Vlink-Debit/input_Account_check"), acNumber): Text '58963214' is set on object 'Object Repository/RecAndPlayBk/Page-Vlink-Debit/input_Account_check'

2024-05-16 00:43:39 - [MESSAGE][PASSED] - Text '58963214' is set on object 'Object Repository/RecAndPlayBk/Page-Vlink-Debit/input_Account_check'

2024-05-16 00:43:39 - [TEST_STEP][PASSED] - setText(findTestObject("RecAndPlayBk/Page-Vlink-Debit/input_Company_check"), company): Text '' is set on object 'Object Repository/RecAndPlayBk/Page-Vlink-Debit/input_Company_check'

2024-05-16 00:43:40 - [MESSAGE][PASSED] - Text '' is set on object 'Object Repository/RecAndPlayBk/Page-Vlink-Debit/input_Company_check'

2024-05-16 00:43:40 - [TEST_STEP][PASSED] - setText(findTestObject("RecAndPlayBk/Page-Vlink-Debit/input_Account Type"), acType): Text '1' is set on object 'Object Repository/RecAndPlayBk/Page-Vlink-Debit/input_Account Type'

2024-05-16 00:43:40 - [MESSAGE][PASSED] - Text '1' is set on object 'Object Repository/RecAndPlayBk/Page-Vlink-Debit/input_Account Type'

2024-05-16 00:43:40 - [TEST_STEP][PASSED] - setText(findTestObject("RecAndPlayBk/Page-Vlink-Debit/input_Routing Number"), rtn): Text '256072691' is set on object 'Object Repository/RecAndPlayBk/Page-Vlink-Debit/input_Routing Number'

2024-05-16 00:43:41 - [MESSAGE][PASSED] - Text '256072691' is set on object 'Object Repository/RecAndPlayBk/Page-Vlink-Debit/input_Routing Number'

2024-05-16 00:43:41 - [TEST_STEP][PASSED] - setText(findTestObject("RecAndPlayBk/Page-Vlink-Debit/input_Amount"), amount): Text '12.50' is set on object 'Object Repository/RecAndPlayBk/Page-Vlink-Debit/input_Amount'

2024-05-16 00:43:42 - [MESSAGE][PASSED] - Text '12.50' is set on object 'Object Repository/RecAndPlayBk/Page-Vlink-Debit/input_Amount'

2024-05-16 00:43:42 - [TEST_STEP][PASSED] - setText(findTestObject("RecAndPlayBk/Page-Vlink-Debit/input_Check Email"), ""): Text '' is set on object 'Object Repository/RecAndPlayBk/Page-Vlink-Debit/input_Check Email'

2024-05-16 00:43:42 - [MESSAGE][PASSED] - Text '' is set on object 'Object Repository/RecAndPlayBk/Page-Vlink-Debit/input_Check Email'

2024-05-16 00:43:42 - [TEST_STEP][PASSED] - setText(findTestObject("Object Repository/RecAndPlayBk/Page-Vlink-Debit/input_concat(CheckWriter, , s SSN)_check_ssn"), ""): Text '' is set on object 'Object Repository/RecAndPlayBk/Page-Vlink-Debit/input_concat(CheckWriter, , s SSN)_check_ssn'

2024-05-16 00:43:43 - [MESSAGE][PASSED] - Text '' is set on object 'Object Repository/RecAndPlayBk/Page-Vlink-Debit/input_concat(CheckWriter, , s SSN)_check_ssn'

2024-05-16 00:43:43 - [TEST_STEP][PASSED] - setText(findTestObject("Object Repository/RecAndPlayBk/Page-Vlink-Debit/input_concat(CheckWriter, , s License Numbe_020fef"), ""): Text '' is set on object 'Object Repository/RecAndPlayBk/Page-Vlink-Debit/input_concat(CheckWriter, , s License Numbe_020fef'

2024-05-16 00:43:44 - [MESSAGE][PASSED] - Text '' is set on object 'Object Repository/RecAndPlayBk/Page-Vlink-Debit/input_concat(CheckWriter, , s License Numbe_020fef'

2024-05-16 00:43:44 - [TEST_STEP][PASSED] - setText(findTestObject("Object Repository/RecAndPlayBk/Page-Vlink-Debit/input_concat(CheckWriter, , s License State_21e3e7"), ""): Text '' is set on object 'Object Repository/RecAndPlayBk/Page-Vlink-Debit/input_concat(CheckWriter, , s License State_21e3e7'

2024-05-16 00:43:44 - [MESSAGE][PASSED] - Text '' is set on object 'Object Repository/RecAndPlayBk/Page-Vlink-Debit/input_concat(CheckWriter, , s License State_21e3e7'

2024-05-16 00:43:44 - [TEST_STEP][PASSED] - setText(findTestObject("RecAndPlayBk/Page-Vlink-Debit/input_Standard Entry Class"), sec): Text 'PPD' is set on object 'Object Repository/RecAndPlayBk/Page-Vlink-Debit/input_Standard Entry Class'

2024-05-16 00:43:45 - [MESSAGE][PASSED] - Text 'PPD' is set on object 'Object Repository/RecAndPlayBk/Page-Vlink-Debit/input_Standard Entry Class'

2024-05-16 00:43:45 - [TEST_STEP][PASSED] - click(findTestObject("Object Repository/RecAndPlayBk/Page-Vlink-Debit/input")): Object: 'Object Repository/RecAndPlayBk/Page-Vlink-Debit/input' is clicked on

2024-05-16 00:43:46 - [MESSAGE][PASSED] - Object: 'Object Repository/RecAndPlayBk/Page-Vlink-Debit/input' is clicked on

2024-05-16 00:43:46 - [TEST_STEP][PASSED] - if (verifyTextPresent("Transaction approved, no errors", true)): null

2024-05-16 00:43:46 - [MESSAGE][PASSED] - Text 'Transaction approved, no errors' is present on page  using regular expression

2024-05-16 00:43:46 - [TEST_STEP][PASSED] - println("Transaction Approved, no errors text is present on the Confirmation page"): null

2024-05-16 00:43:46 - [TEST_STEP][PASSED] - sdfo = getText(findTestObject("Object Repository/Page_VLinkReceipt/pre_STX")): Text of object 'Object Repository/Page_VLinkReceipt/pre_STX' is: '<STX>GIOz13jM7Cai                  12151712            0  Transaction approved, no errors                   0                                                                                                              <ETX>'

2024-05-16 00:43:46 - [MESSAGE][PASSED] - Text of object 'Object Repository/Page_VLinkReceipt/pre_STX' is: '<STX>GIOz13jM7Cai                  12151712            0  Transaction approved, no errors                   0                                                                                                              <ETX>'

2024-05-16 00:43:46 - [TEST_STEP][PASSED] - out.println("sdfo: " + sdfo): null

2024-05-16 00:43:46 - [TEST_STEP][PASSED] - remID = substring(5, 35).trim(): null

2024-05-16 00:43:46 - [TEST_STEP][PASSED] - out.println("remID: " + remID): null

2024-05-16 00:43:46 - [TEST_STEP][PASSED] - traxID = substring(35, 55).trim(): null

2024-05-16 00:43:46 - [TEST_STEP][PASSED] - out.println("traxID: " + traxID): null

2024-05-16 00:43:46 - [TEST_STEP][PASSED] - VLinkSaleRemID = remID: null

2024-05-16 00:43:46 - [TEST_STEP][PASSED] - VLinkSaleTranxID = traxID: null

2024-05-16 00:43:46 - [TEST_STEP][PASSED] - openBrowser(VLinkURL + "ACH_credit.html"): Browser is opened with url: 'https://dev-algorithm.govolution.com/vlinktest/QA2/version_2_0/ACH_credit.html'

2024-05-16 00:43:46 - [MESSAGE][WARNING] - A browser is already opened. Closing browser and opening a new one

2024-05-16 00:43:48 - [MESSAGE][INFO] - Starting 'Chrome' driver

2024-05-16 00:43:48 - [MESSAGE][INFO] - User set preference: ['acceptInsecureCerts', 'true']

2024-05-16 00:43:48 - [MESSAGE][INFO] - Action delay is set to 0 milliseconds

2024-05-16 00:43:50 - [MESSAGE][PASSED] - Browser is opened with url: 'https://dev-algorithm.govolution.com/vlinktest/QA2/version_2_0/ACH_credit.html'

2024-05-16 00:43:50 - [TEST_STEP][PASSED] - maximizeWindow(): Current window maximized

2024-05-16 00:43:50 - [MESSAGE][PASSED] - Current window maximized

2024-05-16 00:43:50 - [TEST_STEP][PASSED] - setText(findTestObject("Object Repository/RecAndPlayBk/Page-Vlink-ACH-Credit/input_Remittance Id"), VLinkSaleRemID): Text 'GIOz13jM7Cai' is set on object 'Object Repository/RecAndPlayBk/Page-Vlink-ACH-Credit/input_Remittance Id'

2024-05-16 00:43:51 - [MESSAGE][PASSED] - Text 'GIOz13jM7Cai' is set on object 'Object Repository/RecAndPlayBk/Page-Vlink-ACH-Credit/input_Remittance Id'

2024-05-16 00:43:51 - [TEST_STEP][PASSED] - setText(findTestObject("Object Repository/RecAndPlayBk/Page-Vlink-ACH-Credit/input_Application Id"), appID): Text '234' is set on object 'Object Repository/RecAndPlayBk/Page-Vlink-ACH-Credit/input_Application Id'

2024-05-16 00:43:52 - [MESSAGE][PASSED] - Text '234' is set on object 'Object Repository/RecAndPlayBk/Page-Vlink-ACH-Credit/input_Application Id'

2024-05-16 00:43:52 - [TEST_STEP][PASSED] - setText(findTestObject("Object Repository/RecAndPlayBk/Page-Vlink-ACH-Credit/input_Username"), username): Text 'username' is set on object 'Object Repository/RecAndPlayBk/Page-Vlink-ACH-Credit/input_Username'

2024-05-16 00:43:52 - [MESSAGE][PASSED] - Text 'username' is set on object 'Object Repository/RecAndPlayBk/Page-Vlink-ACH-Credit/input_Username'

2024-05-16 00:43:52 - [TEST_STEP][PASSED] - setText(findTestObject("Object Repository/RecAndPlayBk/Page-Vlink-ACH-Credit/input_Password"), password): Text 'password' is set on object 'Object Repository/RecAndPlayBk/Page-Vlink-ACH-Credit/input_Password'

2024-05-16 00:43:53 - [MESSAGE][PASSED] - Text 'password' is set on object 'Object Repository/RecAndPlayBk/Page-Vlink-ACH-Credit/input_Password'

2024-05-16 00:43:53 - [TEST_STEP][PASSED] - setText(findTestObject("Object Repository/RecAndPlayBk/Page-Vlink-ACH-Credit/input_Check Type"), checkType): Text 'P' is set on object 'Object Repository/RecAndPlayBk/Page-Vlink-ACH-Credit/input_Check Type'

2024-05-16 00:43:53 - [MESSAGE][PASSED] - Text 'P' is set on object 'Object Repository/RecAndPlayBk/Page-Vlink-ACH-Credit/input_Check Type'

2024-05-16 00:43:53 - [TEST_STEP][PASSED] - setText(findTestObject("Object Repository/RecAndPlayBk/Page-Vlink-ACH-Credit/input_Transaction ID"), VLinkSaleTranxID): Text '12151712' is set on object 'Object Repository/RecAndPlayBk/Page-Vlink-ACH-Credit/input_Transaction ID'

2024-05-16 00:43:54 - [MESSAGE][PASSED] - Text '12151712' is set on object 'Object Repository/RecAndPlayBk/Page-Vlink-ACH-Credit/input_Transaction ID'

2024-05-16 00:43:54 - [TEST_STEP][PASSED] - setText(findTestObject("Object Repository/RecAndPlayBk/Page-Vlink-ACH-Credit/input_Amount"), amount): Text '12.50' is set on object 'Object Repository/RecAndPlayBk/Page-Vlink-ACH-Credit/input_Amount'

2024-05-16 00:43:55 - [MESSAGE][PASSED] - Text '12.50' is set on object 'Object Repository/RecAndPlayBk/Page-Vlink-ACH-Credit/input_Amount'

2024-05-16 00:43:55 - [TEST_STEP][PASSED] - setText(findTestObject("Object Repository/RecAndPlayBk/Page-Vlink-ACH-Credit/input_Standard Entry Class"), sec): Text 'PPD' is set on object 'Object Repository/RecAndPlayBk/Page-Vlink-ACH-Credit/input_Standard Entry Class'

2024-05-16 00:43:55 - [MESSAGE][PASSED] - Text 'PPD' is set on object 'Object Repository/RecAndPlayBk/Page-Vlink-ACH-Credit/input_Standard Entry Class'

2024-05-16 00:43:55 - [TEST_STEP][PASSED] - setText(findTestObject("Object Repository/RecAndPlayBk/Page-Vlink-ACH-Credit/input_Account Number"), acNumber): Text '58963214' is set on object 'Object Repository/RecAndPlayBk/Page-Vlink-ACH-Credit/input_Account Number'

2024-05-16 00:43:56 - [MESSAGE][PASSED] - Text '58963214' is set on object 'Object Repository/RecAndPlayBk/Page-Vlink-ACH-Credit/input_Account Number'

2024-05-16 00:43:56 - [TEST_STEP][PASSED] - setText(findTestObject("Object Repository/RecAndPlayBk/Page-Vlink-ACH-Credit/input_Routing Number"), rtn): Text '256072691' is set on object 'Object Repository/RecAndPlayBk/Page-Vlink-ACH-Credit/input_Routing Number'

2024-05-16 00:43:57 - [MESSAGE][PASSED] - Text '256072691' is set on object 'Object Repository/RecAndPlayBk/Page-Vlink-ACH-Credit/input_Routing Number'

2024-05-16 00:43:57 - [TEST_STEP][PASSED] - click(findTestObject("Object Repository/RecAndPlayBk/Page-Vlink-ACH-Credit/input")): Object: 'Object Repository/RecAndPlayBk/Page-Vlink-ACH-Credit/input' is clicked on

2024-05-16 00:43:58 - [MESSAGE][PASSED] - Object: 'Object Repository/RecAndPlayBk/Page-Vlink-ACH-Credit/input' is clicked on

2024-05-16 00:43:58 - [TEST_STEP][PASSED] - if (verifyTextPresent("Transaction approved, no errors", true)): null

2024-05-16 00:43:58 - [MESSAGE][PASSED] - Text 'Transaction approved, no errors' is present on page  using regular expression

2024-05-16 00:43:58 - [TEST_STEP][PASSED] - println("Transaction Approved, no errors text is present on the Confirmation page"): null

2024-05-16 00:43:58 - [TEST_STEP][PASSED] - out.println("Pass Record Number: " + row): null

2024-05-16 00:43:58 - [TEST_STEP][PASSED] - resText = "Pass": null

2024-05-16 00:43:58 - [TEST_STEP][PASSED] - pages.WriteExcel.demoKey(resText, datText, resColumn, datCloumn, fileLoc, nameSheet, row): pages.WriteExcel.demoKey is PASSED

2024-05-16 00:43:58 - [MESSAGE][PASSED] - pages.WriteExcel.demoKey is PASSED

2024-05-16 00:43:58 - [TEST_STEP][PASSED] - ExecuteTC = findTestData(dataFile).getValue("Execute", row): null

2024-05-16 00:43:58 - [TEST_STEP][PASSED] - out.println("Value of Execute is : " + ExecuteTC): null

2024-05-16 00:43:58 - [TEST_STEP][PASSED] - switch (executionProfile): null

2024-05-16 00:43:58 - [TEST_STEP][PASSED] - case "QA2Profile":: null

2024-05-16 00:43:58 - [TEST_STEP][PASSED] - appID = findTestData(dataFile).getValue("AppIDQA", row): null

2024-05-16 00:43:58 - [TEST_STEP][PASSED] - username = findTestData(dataFile).getValue("UsernameQA", row): null

2024-05-16 00:43:58 - [TEST_STEP][PASSED] - password = findTestData(dataFile).getValue("PasswordQA", row): null

2024-05-16 00:43:58 - [TEST_STEP][PASSED] - break: null

2024-05-16 00:43:58 - [TEST_STEP][PASSED] - if (ExecuteTC.equalsIgnoreCase("Y")): null

2024-05-16 00:43:58 - [TEST_STEP][PASSED] - out.println("Begin Record Number: " + row): null

2024-05-16 00:43:58 - [TEST_STEP][PASSED] - today = new java.util.Date(): null

2024-05-16 00:43:58 - [TEST_STEP][PASSED] - println(today): null

2024-05-16 00:43:58 - [TEST_STEP][PASSED] - datText = today: null

2024-05-16 00:43:58 - [TEST_STEP][PASSED] - checkType = findTestData(dataFile).getValue("CheckType", row): null

2024-05-16 00:43:58 - [TEST_STEP][PASSED] - acNumber = findTestData(dataFile).getValue("AcNumber", row): null

2024-05-16 00:43:58 - [TEST_STEP][PASSED] - company = findTestData(dataFile).getValue("Company", row): null

2024-05-16 00:43:58 - [TEST_STEP][PASSED] - acType = findTestData(dataFile).getValue("AcType", row): null

2024-05-16 00:43:58 - [TEST_STEP][PASSED] - rtn = findTestData(dataFile).getValue("RTN", row): null

2024-05-16 00:43:59 - [TEST_STEP][PASSED] - amount = findTestData(dataFile).getValue("Amount", row): null

2024-05-16 00:43:59 - [TEST_STEP][PASSED] - sec = findTestData(dataFile).getValue("SEC", row): null

2024-05-16 00:43:59 - [TEST_STEP][PASSED] - openBrowser(VLinkURL + "debit.html"): Browser is opened with url: 'https://dev-algorithm.govolution.com/vlinktest/QA2/version_2_0/debit.html'

2024-05-16 00:43:59 - [MESSAGE][WARNING] - A browser is already opened. Closing browser and opening a new one

2024-05-16 00:44:00 - [MESSAGE][INFO] - Starting 'Chrome' driver

2024-05-16 00:44:00 - [MESSAGE][INFO] - User set preference: ['acceptInsecureCerts', 'true']

2024-05-16 00:44:00 - [MESSAGE][INFO] - Action delay is set to 0 milliseconds

2024-05-16 00:44:02 - [MESSAGE][PASSED] - Browser is opened with url: 'https://dev-algorithm.govolution.com/vlinktest/QA2/version_2_0/debit.html'

2024-05-16 00:44:02 - [TEST_STEP][PASSED] - maximizeWindow(): Current window maximized

2024-05-16 00:44:02 - [MESSAGE][PASSED] - Current window maximized

2024-05-16 00:44:02 - [TEST_STEP][PASSED] - genRemID = RandomStringUtils.random(12, true, true): null

2024-05-16 00:44:02 - [TEST_STEP][PASSED] - setText(findTestObject("RecAndPlayBk/Page-Vlink-Debit/input_Remittance Id"), genRemID): Text '4Vx223fhTPmY' is set on object 'Object Repository/RecAndPlayBk/Page-Vlink-Debit/input_Remittance Id'

2024-05-16 00:44:03 - [MESSAGE][PASSED] - Text '4Vx223fhTPmY' is set on object 'Object Repository/RecAndPlayBk/Page-Vlink-Debit/input_Remittance Id'

2024-05-16 00:44:03 - [TEST_STEP][PASSED] - setText(findTestObject("RecAndPlayBk/Page-Vlink-Debit/input_Application Id"), appID): Text '234' is set on object 'Object Repository/RecAndPlayBk/Page-Vlink-Debit/input_Application Id'

2024-05-16 00:44:04 - [MESSAGE][PASSED] - Text '234' is set on object 'Object Repository/RecAndPlayBk/Page-Vlink-Debit/input_Application Id'

2024-05-16 00:44:04 - [TEST_STEP][PASSED] - setText(findTestObject("RecAndPlayBk/Page-Vlink-Debit/input_Username"), username): Text 'username' is set on object 'Object Repository/RecAndPlayBk/Page-Vlink-Debit/input_Username'

2024-05-16 00:44:04 - [MESSAGE][PASSED] - Text 'username' is set on object 'Object Repository/RecAndPlayBk/Page-Vlink-Debit/input_Username'

2024-05-16 00:44:04 - [TEST_STEP][PASSED] - setText(findTestObject("RecAndPlayBk/Page-Vlink-Debit/input_Password"), password): Text 'password' is set on object 'Object Repository/RecAndPlayBk/Page-Vlink-Debit/input_Password'

2024-05-16 00:44:05 - [MESSAGE][PASSED] - Text 'password' is set on object 'Object Repository/RecAndPlayBk/Page-Vlink-Debit/input_Password'

2024-05-16 00:44:05 - [TEST_STEP][PASSED] - setText(findTestObject("RecAndPlayBk/Page-Vlink-Debit/input_Check Type"), checkType): Text 'P' is set on object 'Object Repository/RecAndPlayBk/Page-Vlink-Debit/input_Check Type'

2024-05-16 00:44:06 - [MESSAGE][PASSED] - Text 'P' is set on object 'Object Repository/RecAndPlayBk/Page-Vlink-Debit/input_Check Type'

2024-05-16 00:44:06 - [TEST_STEP][PASSED] - setText(findTestObject("RecAndPlayBk/Page-Vlink-Debit/input_Account_check"), acNumber): Text '58963214' is set on object 'Object Repository/RecAndPlayBk/Page-Vlink-Debit/input_Account_check'

2024-05-16 00:44:06 - [MESSAGE][PASSED] - Text '58963214' is set on object 'Object Repository/RecAndPlayBk/Page-Vlink-Debit/input_Account_check'

2024-05-16 00:44:06 - [TEST_STEP][PASSED] - setText(findTestObject("RecAndPlayBk/Page-Vlink-Debit/input_Company_check"), company): Text '' is set on object 'Object Repository/RecAndPlayBk/Page-Vlink-Debit/input_Company_check'

2024-05-16 00:44:07 - [MESSAGE][PASSED] - Text '' is set on object 'Object Repository/RecAndPlayBk/Page-Vlink-Debit/input_Company_check'

2024-05-16 00:44:07 - [TEST_STEP][PASSED] - setText(findTestObject("RecAndPlayBk/Page-Vlink-Debit/input_Account Type"), acType): Text '2' is set on object 'Object Repository/RecAndPlayBk/Page-Vlink-Debit/input_Account Type'

2024-05-16 00:44:07 - [MESSAGE][PASSED] - Text '2' is set on object 'Object Repository/RecAndPlayBk/Page-Vlink-Debit/input_Account Type'

2024-05-16 00:44:07 - [TEST_STEP][PASSED] - setText(findTestObject("RecAndPlayBk/Page-Vlink-Debit/input_Routing Number"), rtn): Text '256072691' is set on object 'Object Repository/RecAndPlayBk/Page-Vlink-Debit/input_Routing Number'

2024-05-16 00:44:08 - [MESSAGE][PASSED] - Text '256072691' is set on object 'Object Repository/RecAndPlayBk/Page-Vlink-Debit/input_Routing Number'

2024-05-16 00:44:08 - [TEST_STEP][PASSED] - setText(findTestObject("RecAndPlayBk/Page-Vlink-Debit/input_Amount"), amount): Text '12.50' is set on object 'Object Repository/RecAndPlayBk/Page-Vlink-Debit/input_Amount'

2024-05-16 00:44:09 - [MESSAGE][PASSED] - Text '12.50' is set on object 'Object Repository/RecAndPlayBk/Page-Vlink-Debit/input_Amount'

2024-05-16 00:44:09 - [TEST_STEP][PASSED] - setText(findTestObject("RecAndPlayBk/Page-Vlink-Debit/input_Check Email"), ""): Text '' is set on object 'Object Repository/RecAndPlayBk/Page-Vlink-Debit/input_Check Email'

2024-05-16 00:44:09 - [MESSAGE][PASSED] - Text '' is set on object 'Object Repository/RecAndPlayBk/Page-Vlink-Debit/input_Check Email'

2024-05-16 00:44:09 - [TEST_STEP][PASSED] - setText(findTestObject("Object Repository/RecAndPlayBk/Page-Vlink-Debit/input_concat(CheckWriter, , s SSN)_check_ssn"), ""): Text '' is set on object 'Object Repository/RecAndPlayBk/Page-Vlink-Debit/input_concat(CheckWriter, , s SSN)_check_ssn'

2024-05-16 00:44:10 - [MESSAGE][PASSED] - Text '' is set on object 'Object Repository/RecAndPlayBk/Page-Vlink-Debit/input_concat(CheckWriter, , s SSN)_check_ssn'

2024-05-16 00:44:10 - [TEST_STEP][PASSED] - setText(findTestObject("Object Repository/RecAndPlayBk/Page-Vlink-Debit/input_concat(CheckWriter, , s License Numbe_020fef"), ""): Text '' is set on object 'Object Repository/RecAndPlayBk/Page-Vlink-Debit/input_concat(CheckWriter, , s License Numbe_020fef'

2024-05-16 00:44:11 - [MESSAGE][PASSED] - Text '' is set on object 'Object Repository/RecAndPlayBk/Page-Vlink-Debit/input_concat(CheckWriter, , s License Numbe_020fef'

2024-05-16 00:44:11 - [TEST_STEP][PASSED] - setText(findTestObject("Object Repository/RecAndPlayBk/Page-Vlink-Debit/input_concat(CheckWriter, , s License State_21e3e7"), ""): Text '' is set on object 'Object Repository/RecAndPlayBk/Page-Vlink-Debit/input_concat(CheckWriter, , s License State_21e3e7'

2024-05-16 00:44:11 - [MESSAGE][PASSED] - Text '' is set on object 'Object Repository/RecAndPlayBk/Page-Vlink-Debit/input_concat(CheckWriter, , s License State_21e3e7'

2024-05-16 00:44:11 - [TEST_STEP][PASSED] - setText(findTestObject("RecAndPlayBk/Page-Vlink-Debit/input_Standard Entry Class"), sec): Text 'WEB' is set on object 'Object Repository/RecAndPlayBk/Page-Vlink-Debit/input_Standard Entry Class'

2024-05-16 00:44:12 - [MESSAGE][PASSED] - Text 'WEB' is set on object 'Object Repository/RecAndPlayBk/Page-Vlink-Debit/input_Standard Entry Class'

2024-05-16 00:44:12 - [TEST_STEP][PASSED] - click(findTestObject("Object Repository/RecAndPlayBk/Page-Vlink-Debit/input")): Object: 'Object Repository/RecAndPlayBk/Page-Vlink-Debit/input' is clicked on

2024-05-16 00:44:13 - [MESSAGE][PASSED] - Object: 'Object Repository/RecAndPlayBk/Page-Vlink-Debit/input' is clicked on

2024-05-16 00:44:13 - [TEST_STEP][PASSED] - if (verifyTextPresent("Transaction approved, no errors", true)): null

2024-05-16 00:44:13 - [MESSAGE][PASSED] - Text 'Transaction approved, no errors' is present on page  using regular expression

2024-05-16 00:44:13 - [TEST_STEP][PASSED] - println("Transaction Approved, no errors text is present on the Confirmation page"): null

2024-05-16 00:44:13 - [TEST_STEP][PASSED] - sdfo = getText(findTestObject("Object Repository/Page_VLinkReceipt/pre_STX")): Text of object 'Object Repository/Page_VLinkReceipt/pre_STX' is: '<STX>4Vx223fhTPmY                  12151714            0  Transaction approved, no errors                   0                                                                                                              <ETX>'

2024-05-16 00:44:14 - [MESSAGE][PASSED] - Text of object 'Object Repository/Page_VLinkReceipt/pre_STX' is: '<STX>4Vx223fhTPmY                  12151714            0  Transaction approved, no errors                   0                                                                                                              <ETX>'

2024-05-16 00:44:14 - [TEST_STEP][PASSED] - out.println("sdfo: " + sdfo): null

2024-05-16 00:44:14 - [TEST_STEP][PASSED] - remID = substring(5, 35).trim(): null

2024-05-16 00:44:14 - [TEST_STEP][PASSED] - out.println("remID: " + remID): null

2024-05-16 00:44:14 - [TEST_STEP][PASSED] - traxID = substring(35, 55).trim(): null

2024-05-16 00:44:14 - [TEST_STEP][PASSED] - out.println("traxID: " + traxID): null

2024-05-16 00:44:14 - [TEST_STEP][PASSED] - VLinkSaleRemID = remID: null

2024-05-16 00:44:14 - [TEST_STEP][PASSED] - VLinkSaleTranxID = traxID: null

2024-05-16 00:44:14 - [TEST_STEP][PASSED] - openBrowser(VLinkURL + "ACH_credit.html"): Browser is opened with url: 'https://dev-algorithm.govolution.com/vlinktest/QA2/version_2_0/ACH_credit.html'

2024-05-16 00:44:14 - [MESSAGE][WARNING] - A browser is already opened. Closing browser and opening a new one

2024-05-16 00:44:15 - [MESSAGE][INFO] - Starting 'Chrome' driver

2024-05-16 00:44:15 - [MESSAGE][INFO] - User set preference: ['acceptInsecureCerts', 'true']

2024-05-16 00:44:15 - [MESSAGE][INFO] - Action delay is set to 0 milliseconds

2024-05-16 00:44:17 - [MESSAGE][PASSED] - Browser is opened with url: 'https://dev-algorithm.govolution.com/vlinktest/QA2/version_2_0/ACH_credit.html'

2024-05-16 00:44:17 - [TEST_STEP][PASSED] - maximizeWindow(): Current window maximized

2024-05-16 00:44:17 - [MESSAGE][PASSED] - Current window maximized

2024-05-16 00:44:17 - [TEST_STEP][PASSED] - setText(findTestObject("Object Repository/RecAndPlayBk/Page-Vlink-ACH-Credit/input_Remittance Id"), VLinkSaleRemID): Text '4Vx223fhTPmY' is set on object 'Object Repository/RecAndPlayBk/Page-Vlink-ACH-Credit/input_Remittance Id'

2024-05-16 00:44:18 - [MESSAGE][PASSED] - Text '4Vx223fhTPmY' is set on object 'Object Repository/RecAndPlayBk/Page-Vlink-ACH-Credit/input_Remittance Id'

2024-05-16 00:44:18 - [TEST_STEP][PASSED] - setText(findTestObject("Object Repository/RecAndPlayBk/Page-Vlink-ACH-Credit/input_Application Id"), appID): Text '234' is set on object 'Object Repository/RecAndPlayBk/Page-Vlink-ACH-Credit/input_Application Id'

2024-05-16 00:44:19 - [MESSAGE][PASSED] - Text '234' is set on object 'Object Repository/RecAndPlayBk/Page-Vlink-ACH-Credit/input_Application Id'

2024-05-16 00:44:19 - [TEST_STEP][PASSED] - setText(findTestObject("Object Repository/RecAndPlayBk/Page-Vlink-ACH-Credit/input_Username"), username): Text 'username' is set on object 'Object Repository/RecAndPlayBk/Page-Vlink-ACH-Credit/input_Username'

2024-05-16 00:44:19 - [MESSAGE][PASSED] - Text 'username' is set on object 'Object Repository/RecAndPlayBk/Page-Vlink-ACH-Credit/input_Username'

2024-05-16 00:44:19 - [TEST_STEP][PASSED] - setText(findTestObject("Object Repository/RecAndPlayBk/Page-Vlink-ACH-Credit/input_Password"), password): Text 'password' is set on object 'Object Repository/RecAndPlayBk/Page-Vlink-ACH-Credit/input_Password'

2024-05-16 00:44:20 - [MESSAGE][PASSED] - Text 'password' is set on object 'Object Repository/RecAndPlayBk/Page-Vlink-ACH-Credit/input_Password'

2024-05-16 00:44:20 - [TEST_STEP][PASSED] - setText(findTestObject("Object Repository/RecAndPlayBk/Page-Vlink-ACH-Credit/input_Check Type"), checkType): Text 'P' is set on object 'Object Repository/RecAndPlayBk/Page-Vlink-ACH-Credit/input_Check Type'

2024-05-16 00:44:21 - [MESSAGE][PASSED] - Text 'P' is set on object 'Object Repository/RecAndPlayBk/Page-Vlink-ACH-Credit/input_Check Type'

2024-05-16 00:44:21 - [TEST_STEP][PASSED] - setText(findTestObject("Object Repository/RecAndPlayBk/Page-Vlink-ACH-Credit/input_Transaction ID"), VLinkSaleTranxID): Text '12151714' is set on object 'Object Repository/RecAndPlayBk/Page-Vlink-ACH-Credit/input_Transaction ID'

2024-05-16 00:44:21 - [MESSAGE][PASSED] - Text '12151714' is set on object 'Object Repository/RecAndPlayBk/Page-Vlink-ACH-Credit/input_Transaction ID'

2024-05-16 00:44:21 - [TEST_STEP][PASSED] - setText(findTestObject("Object Repository/RecAndPlayBk/Page-Vlink-ACH-Credit/input_Amount"), amount): Text '12.50' is set on object 'Object Repository/RecAndPlayBk/Page-Vlink-ACH-Credit/input_Amount'

2024-05-16 00:44:22 - [MESSAGE][PASSED] - Text '12.50' is set on object 'Object Repository/RecAndPlayBk/Page-Vlink-ACH-Credit/input_Amount'

2024-05-16 00:44:22 - [TEST_STEP][PASSED] - setText(findTestObject("Object Repository/RecAndPlayBk/Page-Vlink-ACH-Credit/input_Standard Entry Class"), sec): Text 'WEB' is set on object 'Object Repository/RecAndPlayBk/Page-Vlink-ACH-Credit/input_Standard Entry Class'

2024-05-16 00:44:23 - [MESSAGE][PASSED] - Text 'WEB' is set on object 'Object Repository/RecAndPlayBk/Page-Vlink-ACH-Credit/input_Standard Entry Class'

2024-05-16 00:44:23 - [TEST_STEP][PASSED] - setText(findTestObject("Object Repository/RecAndPlayBk/Page-Vlink-ACH-Credit/input_Account Number"), acNumber): Text '58963214' is set on object 'Object Repository/RecAndPlayBk/Page-Vlink-ACH-Credit/input_Account Number'

2024-05-16 00:44:23 - [MESSAGE][PASSED] - Text '58963214' is set on object 'Object Repository/RecAndPlayBk/Page-Vlink-ACH-Credit/input_Account Number'

2024-05-16 00:44:23 - [TEST_STEP][PASSED] - setText(findTestObject("Object Repository/RecAndPlayBk/Page-Vlink-ACH-Credit/input_Routing Number"), rtn): Text '256072691' is set on object 'Object Repository/RecAndPlayBk/Page-Vlink-ACH-Credit/input_Routing Number'

2024-05-16 00:44:24 - [MESSAGE][PASSED] - Text '256072691' is set on object 'Object Repository/RecAndPlayBk/Page-Vlink-ACH-Credit/input_Routing Number'

2024-05-16 00:44:24 - [TEST_STEP][PASSED] - click(findTestObject("Object Repository/RecAndPlayBk/Page-Vlink-ACH-Credit/input")): Object: 'Object Repository/RecAndPlayBk/Page-Vlink-ACH-Credit/input' is clicked on

2024-05-16 00:44:25 - [MESSAGE][PASSED] - Object: 'Object Repository/RecAndPlayBk/Page-Vlink-ACH-Credit/input' is clicked on

2024-05-16 00:44:25 - [TEST_STEP][PASSED] - if (verifyTextPresent("Transaction approved, no errors", true)): null

2024-05-16 00:44:25 - [MESSAGE][PASSED] - Text 'Transaction approved, no errors' is present on page  using regular expression

2024-05-16 00:44:25 - [TEST_STEP][PASSED] - println("Transaction Approved, no errors text is present on the Confirmation page"): null

2024-05-16 00:44:25 - [TEST_STEP][PASSED] - out.println("Pass Record Number: " + row): null

2024-05-16 00:44:25 - [TEST_STEP][PASSED] - resText = "Pass": null

2024-05-16 00:44:25 - [TEST_STEP][PASSED] - pages.WriteExcel.demoKey(resText, datText, resColumn, datCloumn, fileLoc, nameSheet, row): pages.WriteExcel.demoKey is PASSED

2024-05-16 00:44:25 - [MESSAGE][PASSED] - pages.WriteExcel.demoKey is PASSED

2024-05-16 00:44:25 - [TEST_STEP][PASSED] - ExecuteTC = findTestData(dataFile).getValue("Execute", row): null

2024-05-16 00:44:25 - [TEST_STEP][PASSED] - out.println("Value of Execute is : " + ExecuteTC): null

2024-05-16 00:44:25 - [TEST_STEP][PASSED] - switch (executionProfile): null

2024-05-16 00:44:25 - [TEST_STEP][PASSED] - case "QA2Profile":: null

2024-05-16 00:44:25 - [TEST_STEP][PASSED] - appID = findTestData(dataFile).getValue("AppIDQA", row): null

2024-05-16 00:44:25 - [TEST_STEP][PASSED] - username = findTestData(dataFile).getValue("UsernameQA", row): null

2024-05-16 00:44:25 - [TEST_STEP][PASSED] - password = findTestData(dataFile).getValue("PasswordQA", row): null

2024-05-16 00:44:25 - [TEST_STEP][PASSED] - break: null

2024-05-16 00:44:25 - [TEST_STEP][PASSED] - if (ExecuteTC.equalsIgnoreCase("Y")): null

2024-05-16 00:44:25 - [TEST_STEP][PASSED] - out.println("Begin Record Number: " + row): null

2024-05-16 00:44:25 - [TEST_STEP][PASSED] - today = new java.util.Date(): null

2024-05-16 00:44:25 - [TEST_STEP][PASSED] - println(today): null

2024-05-16 00:44:25 - [TEST_STEP][PASSED] - datText = today: null

2024-05-16 00:44:25 - [TEST_STEP][PASSED] - checkType = findTestData(dataFile).getValue("CheckType", row): null

2024-05-16 00:44:25 - [TEST_STEP][PASSED] - acNumber = findTestData(dataFile).getValue("AcNumber", row): null

2024-05-16 00:44:26 - [TEST_STEP][PASSED] - company = findTestData(dataFile).getValue("Company", row): null

2024-05-16 00:44:26 - [TEST_STEP][PASSED] - acType = findTestData(dataFile).getValue("AcType", row): null

2024-05-16 00:44:26 - [TEST_STEP][PASSED] - rtn = findTestData(dataFile).getValue("RTN", row): null

2024-05-16 00:44:26 - [TEST_STEP][PASSED] - amount = findTestData(dataFile).getValue("Amount", row): null

2024-05-16 00:44:26 - [TEST_STEP][PASSED] - sec = findTestData(dataFile).getValue("SEC", row): null

2024-05-16 00:44:26 - [TEST_STEP][PASSED] - openBrowser(VLinkURL + "debit.html"): Browser is opened with url: 'https://dev-algorithm.govolution.com/vlinktest/QA2/version_2_0/debit.html'

2024-05-16 00:44:26 - [MESSAGE][WARNING] - A browser is already opened. Closing browser and opening a new one

2024-05-16 00:44:27 - [MESSAGE][INFO] - Starting 'Chrome' driver

2024-05-16 00:44:27 - [MESSAGE][INFO] - User set preference: ['acceptInsecureCerts', 'true']

2024-05-16 00:44:27 - [MESSAGE][INFO] - Action delay is set to 0 milliseconds

2024-05-16 00:44:29 - [MESSAGE][PASSED] - Browser is opened with url: 'https://dev-algorithm.govolution.com/vlinktest/QA2/version_2_0/debit.html'

2024-05-16 00:44:29 - [TEST_STEP][PASSED] - maximizeWindow(): Current window maximized

2024-05-16 00:44:29 - [MESSAGE][PASSED] - Current window maximized

2024-05-16 00:44:29 - [TEST_STEP][PASSED] - genRemID = RandomStringUtils.random(12, true, true): null

2024-05-16 00:44:29 - [TEST_STEP][PASSED] - setText(findTestObject("RecAndPlayBk/Page-Vlink-Debit/input_Remittance Id"), genRemID): Text 'K0aznv9ZQ3W7' is set on object 'Object Repository/RecAndPlayBk/Page-Vlink-Debit/input_Remittance Id'

2024-05-16 00:44:30 - [MESSAGE][PASSED] - Text 'K0aznv9ZQ3W7' is set on object 'Object Repository/RecAndPlayBk/Page-Vlink-Debit/input_Remittance Id'

2024-05-16 00:44:30 - [TEST_STEP][PASSED] - setText(findTestObject("RecAndPlayBk/Page-Vlink-Debit/input_Application Id"), appID): Text '234' is set on object 'Object Repository/RecAndPlayBk/Page-Vlink-Debit/input_Application Id'

2024-05-16 00:44:31 - [MESSAGE][PASSED] - Text '234' is set on object 'Object Repository/RecAndPlayBk/Page-Vlink-Debit/input_Application Id'

2024-05-16 00:44:31 - [TEST_STEP][PASSED] - setText(findTestObject("RecAndPlayBk/Page-Vlink-Debit/input_Username"), username): Text 'username' is set on object 'Object Repository/RecAndPlayBk/Page-Vlink-Debit/input_Username'

2024-05-16 00:44:31 - [MESSAGE][PASSED] - Text 'username' is set on object 'Object Repository/RecAndPlayBk/Page-Vlink-Debit/input_Username'

2024-05-16 00:44:31 - [TEST_STEP][PASSED] - setText(findTestObject("RecAndPlayBk/Page-Vlink-Debit/input_Password"), password): Text 'password' is set on object 'Object Repository/RecAndPlayBk/Page-Vlink-Debit/input_Password'

2024-05-16 00:44:32 - [MESSAGE][PASSED] - Text 'password' is set on object 'Object Repository/RecAndPlayBk/Page-Vlink-Debit/input_Password'

2024-05-16 00:44:32 - [TEST_STEP][PASSED] - setText(findTestObject("RecAndPlayBk/Page-Vlink-Debit/input_Check Type"), checkType): Text 'P' is set on object 'Object Repository/RecAndPlayBk/Page-Vlink-Debit/input_Check Type'

2024-05-16 00:44:33 - [MESSAGE][PASSED] - Text 'P' is set on object 'Object Repository/RecAndPlayBk/Page-Vlink-Debit/input_Check Type'

2024-05-16 00:44:33 - [TEST_STEP][PASSED] - setText(findTestObject("RecAndPlayBk/Page-Vlink-Debit/input_Account_check"), acNumber): Text '58963214' is set on object 'Object Repository/RecAndPlayBk/Page-Vlink-Debit/input_Account_check'

2024-05-16 00:44:33 - [MESSAGE][PASSED] - Text '58963214' is set on object 'Object Repository/RecAndPlayBk/Page-Vlink-Debit/input_Account_check'

2024-05-16 00:44:33 - [TEST_STEP][PASSED] - setText(findTestObject("RecAndPlayBk/Page-Vlink-Debit/input_Company_check"), company): Text '' is set on object 'Object Repository/RecAndPlayBk/Page-Vlink-Debit/input_Company_check'

2024-05-16 00:44:34 - [MESSAGE][PASSED] - Text '' is set on object 'Object Repository/RecAndPlayBk/Page-Vlink-Debit/input_Company_check'

2024-05-16 00:44:34 - [TEST_STEP][PASSED] - setText(findTestObject("RecAndPlayBk/Page-Vlink-Debit/input_Account Type"), acType): Text '2' is set on object 'Object Repository/RecAndPlayBk/Page-Vlink-Debit/input_Account Type'

2024-05-16 00:44:34 - [MESSAGE][PASSED] - Text '2' is set on object 'Object Repository/RecAndPlayBk/Page-Vlink-Debit/input_Account Type'

2024-05-16 00:44:34 - [TEST_STEP][PASSED] - setText(findTestObject("RecAndPlayBk/Page-Vlink-Debit/input_Routing Number"), rtn): Text '256072691' is set on object 'Object Repository/RecAndPlayBk/Page-Vlink-Debit/input_Routing Number'

2024-05-16 00:44:35 - [MESSAGE][PASSED] - Text '256072691' is set on object 'Object Repository/RecAndPlayBk/Page-Vlink-Debit/input_Routing Number'

2024-05-16 00:44:35 - [TEST_STEP][PASSED] - setText(findTestObject("RecAndPlayBk/Page-Vlink-Debit/input_Amount"), amount): Text '12.50' is set on object 'Object Repository/RecAndPlayBk/Page-Vlink-Debit/input_Amount'

2024-05-16 00:44:36 - [MESSAGE][PASSED] - Text '12.50' is set on object 'Object Repository/RecAndPlayBk/Page-Vlink-Debit/input_Amount'

2024-05-16 00:44:36 - [TEST_STEP][PASSED] - setText(findTestObject("RecAndPlayBk/Page-Vlink-Debit/input_Check Email"), ""): Text '' is set on object 'Object Repository/RecAndPlayBk/Page-Vlink-Debit/input_Check Email'

2024-05-16 00:44:36 - [MESSAGE][PASSED] - Text '' is set on object 'Object Repository/RecAndPlayBk/Page-Vlink-Debit/input_Check Email'

2024-05-16 00:44:36 - [TEST_STEP][PASSED] - setText(findTestObject("Object Repository/RecAndPlayBk/Page-Vlink-Debit/input_concat(CheckWriter, , s SSN)_check_ssn"), ""): Text '' is set on object 'Object Repository/RecAndPlayBk/Page-Vlink-Debit/input_concat(CheckWriter, , s SSN)_check_ssn'

2024-05-16 00:44:37 - [MESSAGE][PASSED] - Text '' is set on object 'Object Repository/RecAndPlayBk/Page-Vlink-Debit/input_concat(CheckWriter, , s SSN)_check_ssn'

2024-05-16 00:44:37 - [TEST_STEP][PASSED] - setText(findTestObject("Object Repository/RecAndPlayBk/Page-Vlink-Debit/input_concat(CheckWriter, , s License Numbe_020fef"), ""): Text '' is set on object 'Object Repository/RecAndPlayBk/Page-Vlink-Debit/input_concat(CheckWriter, , s License Numbe_020fef'

2024-05-16 00:44:38 - [MESSAGE][PASSED] - Text '' is set on object 'Object Repository/RecAndPlayBk/Page-Vlink-Debit/input_concat(CheckWriter, , s License Numbe_020fef'

2024-05-16 00:44:38 - [TEST_STEP][PASSED] - setText(findTestObject("Object Repository/RecAndPlayBk/Page-Vlink-Debit/input_concat(CheckWriter, , s License State_21e3e7"), ""): Text '' is set on object 'Object Repository/RecAndPlayBk/Page-Vlink-Debit/input_concat(CheckWriter, , s License State_21e3e7'

2024-05-16 00:44:38 - [MESSAGE][PASSED] - Text '' is set on object 'Object Repository/RecAndPlayBk/Page-Vlink-Debit/input_concat(CheckWriter, , s License State_21e3e7'

2024-05-16 00:44:38 - [TEST_STEP][PASSED] - setText(findTestObject("RecAndPlayBk/Page-Vlink-Debit/input_Standard Entry Class"), sec): Text 'TEL' is set on object 'Object Repository/RecAndPlayBk/Page-Vlink-Debit/input_Standard Entry Class'

2024-05-16 00:44:39 - [MESSAGE][PASSED] - Text 'TEL' is set on object 'Object Repository/RecAndPlayBk/Page-Vlink-Debit/input_Standard Entry Class'

2024-05-16 00:44:39 - [TEST_STEP][PASSED] - click(findTestObject("Object Repository/RecAndPlayBk/Page-Vlink-Debit/input")): Object: 'Object Repository/RecAndPlayBk/Page-Vlink-Debit/input' is clicked on

2024-05-16 00:44:40 - [MESSAGE][PASSED] - Object: 'Object Repository/RecAndPlayBk/Page-Vlink-Debit/input' is clicked on

2024-05-16 00:44:40 - [TEST_STEP][PASSED] - if (verifyTextPresent("Transaction approved, no errors", true)): null

2024-05-16 00:44:40 - [MESSAGE][PASSED] - Text 'Transaction approved, no errors' is present on page  using regular expression

2024-05-16 00:44:40 - [TEST_STEP][PASSED] - println("Transaction Approved, no errors text is present on the Confirmation page"): null

2024-05-16 00:44:40 - [TEST_STEP][PASSED] - sdfo = getText(findTestObject("Object Repository/Page_VLinkReceipt/pre_STX")): Text of object 'Object Repository/Page_VLinkReceipt/pre_STX' is: '<STX>K0aznv9ZQ3W7                  12151716            0  Transaction approved, no errors                   0                                                                                                              <ETX>'

2024-05-16 00:44:41 - [MESSAGE][PASSED] - Text of object 'Object Repository/Page_VLinkReceipt/pre_STX' is: '<STX>K0aznv9ZQ3W7                  12151716            0  Transaction approved, no errors                   0                                                                                                              <ETX>'

2024-05-16 00:44:41 - [TEST_STEP][PASSED] - out.println("sdfo: " + sdfo): null

2024-05-16 00:44:41 - [TEST_STEP][PASSED] - remID = substring(5, 35).trim(): null

2024-05-16 00:44:41 - [TEST_STEP][PASSED] - out.println("remID: " + remID): null

2024-05-16 00:44:41 - [TEST_STEP][PASSED] - traxID = substring(35, 55).trim(): null

2024-05-16 00:44:41 - [TEST_STEP][PASSED] - out.println("traxID: " + traxID): null

2024-05-16 00:44:41 - [TEST_STEP][PASSED] - VLinkSaleRemID = remID: null

2024-05-16 00:44:41 - [TEST_STEP][PASSED] - VLinkSaleTranxID = traxID: null

2024-05-16 00:44:41 - [TEST_STEP][PASSED] - openBrowser(VLinkURL + "ACH_credit.html"): Browser is opened with url: 'https://dev-algorithm.govolution.com/vlinktest/QA2/version_2_0/ACH_credit.html'

2024-05-16 00:44:41 - [MESSAGE][WARNING] - A browser is already opened. Closing browser and opening a new one

2024-05-16 00:44:42 - [MESSAGE][INFO] - Starting 'Chrome' driver

2024-05-16 00:44:42 - [MESSAGE][INFO] - User set preference: ['acceptInsecureCerts', 'true']

2024-05-16 00:44:42 - [MESSAGE][INFO] - Action delay is set to 0 milliseconds

2024-05-16 00:44:44 - [MESSAGE][PASSED] - Browser is opened with url: 'https://dev-algorithm.govolution.com/vlinktest/QA2/version_2_0/ACH_credit.html'

2024-05-16 00:44:44 - [TEST_STEP][PASSED] - maximizeWindow(): Current window maximized

2024-05-16 00:44:44 - [MESSAGE][PASSED] - Current window maximized

2024-05-16 00:44:44 - [TEST_STEP][PASSED] - setText(findTestObject("Object Repository/RecAndPlayBk/Page-Vlink-ACH-Credit/input_Remittance Id"), VLinkSaleRemID): Text 'K0aznv9ZQ3W7' is set on object 'Object Repository/RecAndPlayBk/Page-Vlink-ACH-Credit/input_Remittance Id'

2024-05-16 00:44:45 - [MESSAGE][PASSED] - Text 'K0aznv9ZQ3W7' is set on object 'Object Repository/RecAndPlayBk/Page-Vlink-ACH-Credit/input_Remittance Id'

2024-05-16 00:44:45 - [TEST_STEP][PASSED] - setText(findTestObject("Object Repository/RecAndPlayBk/Page-Vlink-ACH-Credit/input_Application Id"), appID): Text '234' is set on object 'Object Repository/RecAndPlayBk/Page-Vlink-ACH-Credit/input_Application Id'

2024-05-16 00:44:45 - [MESSAGE][PASSED] - Text '234' is set on object 'Object Repository/RecAndPlayBk/Page-Vlink-ACH-Credit/input_Application Id'

2024-05-16 00:44:45 - [TEST_STEP][PASSED] - setText(findTestObject("Object Repository/RecAndPlayBk/Page-Vlink-ACH-Credit/input_Username"), username): Text 'username' is set on object 'Object Repository/RecAndPlayBk/Page-Vlink-ACH-Credit/input_Username'

2024-05-16 00:44:46 - [MESSAGE][PASSED] - Text 'username' is set on object 'Object Repository/RecAndPlayBk/Page-Vlink-ACH-Credit/input_Username'

2024-05-16 00:44:46 - [TEST_STEP][PASSED] - setText(findTestObject("Object Repository/RecAndPlayBk/Page-Vlink-ACH-Credit/input_Password"), password): Text 'password' is set on object 'Object Repository/RecAndPlayBk/Page-Vlink-ACH-Credit/input_Password'

2024-05-16 00:44:47 - [MESSAGE][PASSED] - Text 'password' is set on object 'Object Repository/RecAndPlayBk/Page-Vlink-ACH-Credit/input_Password'

2024-05-16 00:44:47 - [TEST_STEP][PASSED] - setText(findTestObject("Object Repository/RecAndPlayBk/Page-Vlink-ACH-Credit/input_Check Type"), checkType): Text 'P' is set on object 'Object Repository/RecAndPlayBk/Page-Vlink-ACH-Credit/input_Check Type'

2024-05-16 00:44:47 - [MESSAGE][PASSED] - Text 'P' is set on object 'Object Repository/RecAndPlayBk/Page-Vlink-ACH-Credit/input_Check Type'

2024-05-16 00:44:47 - [TEST_STEP][PASSED] - setText(findTestObject("Object Repository/RecAndPlayBk/Page-Vlink-ACH-Credit/input_Transaction ID"), VLinkSaleTranxID): Text '12151716' is set on object 'Object Repository/RecAndPlayBk/Page-Vlink-ACH-Credit/input_Transaction ID'

2024-05-16 00:44:48 - [MESSAGE][PASSED] - Text '12151716' is set on object 'Object Repository/RecAndPlayBk/Page-Vlink-ACH-Credit/input_Transaction ID'

2024-05-16 00:44:48 - [TEST_STEP][PASSED] - setText(findTestObject("Object Repository/RecAndPlayBk/Page-Vlink-ACH-Credit/input_Amount"), amount): Text '12.50' is set on object 'Object Repository/RecAndPlayBk/Page-Vlink-ACH-Credit/input_Amount'

2024-05-16 00:44:49 - [MESSAGE][PASSED] - Text '12.50' is set on object 'Object Repository/RecAndPlayBk/Page-Vlink-ACH-Credit/input_Amount'

2024-05-16 00:44:49 - [TEST_STEP][PASSED] - setText(findTestObject("Object Repository/RecAndPlayBk/Page-Vlink-ACH-Credit/input_Standard Entry Class"), sec): Text 'TEL' is set on object 'Object Repository/RecAndPlayBk/Page-Vlink-ACH-Credit/input_Standard Entry Class'

2024-05-16 00:44:49 - [MESSAGE][PASSED] - Text 'TEL' is set on object 'Object Repository/RecAndPlayBk/Page-Vlink-ACH-Credit/input_Standard Entry Class'

2024-05-16 00:44:49 - [TEST_STEP][PASSED] - setText(findTestObject("Object Repository/RecAndPlayBk/Page-Vlink-ACH-Credit/input_Account Number"), acNumber): Text '58963214' is set on object 'Object Repository/RecAndPlayBk/Page-Vlink-ACH-Credit/input_Account Number'

2024-05-16 00:44:50 - [MESSAGE][PASSED] - Text '58963214' is set on object 'Object Repository/RecAndPlayBk/Page-Vlink-ACH-Credit/input_Account Number'

2024-05-16 00:44:50 - [TEST_STEP][PASSED] - setText(findTestObject("Object Repository/RecAndPlayBk/Page-Vlink-ACH-Credit/input_Routing Number"), rtn): Text '256072691' is set on object 'Object Repository/RecAndPlayBk/Page-Vlink-ACH-Credit/input_Routing Number'

2024-05-16 00:44:50 - [MESSAGE][PASSED] - Text '256072691' is set on object 'Object Repository/RecAndPlayBk/Page-Vlink-ACH-Credit/input_Routing Number'

2024-05-16 00:44:50 - [TEST_STEP][PASSED] - click(findTestObject("Object Repository/RecAndPlayBk/Page-Vlink-ACH-Credit/input")): Object: 'Object Repository/RecAndPlayBk/Page-Vlink-ACH-Credit/input' is clicked on

2024-05-16 00:44:51 - [MESSAGE][PASSED] - Object: 'Object Repository/RecAndPlayBk/Page-Vlink-ACH-Credit/input' is clicked on

2024-05-16 00:44:51 - [TEST_STEP][PASSED] - if (verifyTextPresent("Transaction approved, no errors", true)): null

2024-05-16 00:44:52 - [MESSAGE][PASSED] - Text 'Transaction approved, no errors' is present on page  using regular expression

2024-05-16 00:44:52 - [TEST_STEP][PASSED] - println("Transaction Approved, no errors text is present on the Confirmation page"): null

2024-05-16 00:44:52 - [TEST_STEP][PASSED] - out.println("Pass Record Number: " + row): null

2024-05-16 00:44:52 - [TEST_STEP][PASSED] - resText = "Pass": null

2024-05-16 00:44:52 - [TEST_STEP][PASSED] - pages.WriteExcel.demoKey(resText, datText, resColumn, datCloumn, fileLoc, nameSheet, row): pages.WriteExcel.demoKey is PASSED

2024-05-16 00:44:52 - [MESSAGE][PASSED] - pages.WriteExcel.demoKey is PASSED

2024-05-16 00:44:52 - [TEST_STEP][PASSED] - ExecuteTC = findTestData(dataFile).getValue("Execute", row): null

2024-05-16 00:44:52 - [TEST_STEP][PASSED] - out.println("Value of Execute is : " + ExecuteTC): null

2024-05-16 00:44:52 - [TEST_STEP][PASSED] - switch (executionProfile): null

2024-05-16 00:44:52 - [TEST_STEP][PASSED] - case "QA2Profile":: null

2024-05-16 00:44:52 - [TEST_STEP][PASSED] - appID = findTestData(dataFile).getValue("AppIDQA", row): null

2024-05-16 00:44:52 - [TEST_STEP][PASSED] - username = findTestData(dataFile).getValue("UsernameQA", row): null

2024-05-16 00:44:52 - [TEST_STEP][PASSED] - password = findTestData(dataFile).getValue("PasswordQA", row): null

2024-05-16 00:44:52 - [TEST_STEP][PASSED] - break: null

2024-05-16 00:44:52 - [TEST_STEP][PASSED] - if (ExecuteTC.equalsIgnoreCase("Y")): null

2024-05-16 00:44:52 - [TEST_STEP][PASSED] - out.println("Begin Record Number: " + row): null

2024-05-16 00:44:52 - [TEST_STEP][PASSED] - today = new java.util.Date(): null

2024-05-16 00:44:52 - [TEST_STEP][PASSED] - println(today): null

2024-05-16 00:44:52 - [TEST_STEP][PASSED] - datText = today: null

2024-05-16 00:44:52 - [TEST_STEP][PASSED] - checkType = findTestData(dataFile).getValue("CheckType", row): null

2024-05-16 00:44:52 - [TEST_STEP][PASSED] - acNumber = findTestData(dataFile).getValue("AcNumber", row): null

2024-05-16 00:44:52 - [TEST_STEP][PASSED] - company = findTestData(dataFile).getValue("Company", row): null

2024-05-16 00:44:52 - [TEST_STEP][PASSED] - acType = findTestData(dataFile).getValue("AcType", row): null

2024-05-16 00:44:52 - [TEST_STEP][PASSED] - rtn = findTestData(dataFile).getValue("RTN", row): null

2024-05-16 00:44:52 - [TEST_STEP][PASSED] - amount = findTestData(dataFile).getValue("Amount", row): null

2024-05-16 00:44:52 - [TEST_STEP][PASSED] - sec = findTestData(dataFile).getValue("SEC", row): null

2024-05-16 00:44:52 - [TEST_STEP][PASSED] - openBrowser(VLinkURL + "debit.html"): Browser is opened with url: 'https://dev-algorithm.govolution.com/vlinktest/QA2/version_2_0/debit.html'

2024-05-16 00:44:52 - [MESSAGE][WARNING] - A browser is already opened. Closing browser and opening a new one

2024-05-16 00:44:54 - [MESSAGE][INFO] - Starting 'Chrome' driver

2024-05-16 00:44:54 - [MESSAGE][INFO] - User set preference: ['acceptInsecureCerts', 'true']

2024-05-16 00:44:54 - [MESSAGE][INFO] - Action delay is set to 0 milliseconds

2024-05-16 00:44:56 - [MESSAGE][PASSED] - Browser is opened with url: 'https://dev-algorithm.govolution.com/vlinktest/QA2/version_2_0/debit.html'

2024-05-16 00:44:56 - [TEST_STEP][PASSED] - maximizeWindow(): Current window maximized

2024-05-16 00:44:56 - [MESSAGE][PASSED] - Current window maximized

2024-05-16 00:44:56 - [TEST_STEP][PASSED] - genRemID = RandomStringUtils.random(12, true, true): null

2024-05-16 00:44:56 - [TEST_STEP][PASSED] - setText(findTestObject("RecAndPlayBk/Page-Vlink-Debit/input_Remittance Id"), genRemID): Text '4Yoqreu1essY' is set on object 'Object Repository/RecAndPlayBk/Page-Vlink-Debit/input_Remittance Id'

2024-05-16 00:44:57 - [MESSAGE][PASSED] - Text '4Yoqreu1essY' is set on object 'Object Repository/RecAndPlayBk/Page-Vlink-Debit/input_Remittance Id'

2024-05-16 00:44:57 - [TEST_STEP][PASSED] - setText(findTestObject("RecAndPlayBk/Page-Vlink-Debit/input_Application Id"), appID): Text '234' is set on object 'Object Repository/RecAndPlayBk/Page-Vlink-Debit/input_Application Id'

2024-05-16 00:44:57 - [MESSAGE][PASSED] - Text '234' is set on object 'Object Repository/RecAndPlayBk/Page-Vlink-Debit/input_Application Id'

2024-05-16 00:44:57 - [TEST_STEP][PASSED] - setText(findTestObject("RecAndPlayBk/Page-Vlink-Debit/input_Username"), username): Text 'username' is set on object 'Object Repository/RecAndPlayBk/Page-Vlink-Debit/input_Username'

2024-05-16 00:44:58 - [MESSAGE][PASSED] - Text 'username' is set on object 'Object Repository/RecAndPlayBk/Page-Vlink-Debit/input_Username'

2024-05-16 00:44:58 - [TEST_STEP][PASSED] - setText(findTestObject("RecAndPlayBk/Page-Vlink-Debit/input_Password"), password): Text 'password' is set on object 'Object Repository/RecAndPlayBk/Page-Vlink-Debit/input_Password'

2024-05-16 00:44:59 - [MESSAGE][PASSED] - Text 'password' is set on object 'Object Repository/RecAndPlayBk/Page-Vlink-Debit/input_Password'

2024-05-16 00:44:59 - [TEST_STEP][PASSED] - setText(findTestObject("RecAndPlayBk/Page-Vlink-Debit/input_Check Type"), checkType): Text 'P' is set on object 'Object Repository/RecAndPlayBk/Page-Vlink-Debit/input_Check Type'

2024-05-16 00:44:59 - [MESSAGE][PASSED] - Text 'P' is set on object 'Object Repository/RecAndPlayBk/Page-Vlink-Debit/input_Check Type'

2024-05-16 00:44:59 - [TEST_STEP][PASSED] - setText(findTestObject("RecAndPlayBk/Page-Vlink-Debit/input_Account_check"), acNumber): Text '58963214' is set on object 'Object Repository/RecAndPlayBk/Page-Vlink-Debit/input_Account_check'

2024-05-16 00:45:00 - [MESSAGE][PASSED] - Text '58963214' is set on object 'Object Repository/RecAndPlayBk/Page-Vlink-Debit/input_Account_check'

2024-05-16 00:45:00 - [TEST_STEP][PASSED] - setText(findTestObject("RecAndPlayBk/Page-Vlink-Debit/input_Company_check"), company): Text '' is set on object 'Object Repository/RecAndPlayBk/Page-Vlink-Debit/input_Company_check'

2024-05-16 00:45:01 - [MESSAGE][PASSED] - Text '' is set on object 'Object Repository/RecAndPlayBk/Page-Vlink-Debit/input_Company_check'

2024-05-16 00:45:01 - [TEST_STEP][PASSED] - setText(findTestObject("RecAndPlayBk/Page-Vlink-Debit/input_Account Type"), acType): Text '2' is set on object 'Object Repository/RecAndPlayBk/Page-Vlink-Debit/input_Account Type'

2024-05-16 00:45:01 - [MESSAGE][PASSED] - Text '2' is set on object 'Object Repository/RecAndPlayBk/Page-Vlink-Debit/input_Account Type'

2024-05-16 00:45:01 - [TEST_STEP][PASSED] - setText(findTestObject("RecAndPlayBk/Page-Vlink-Debit/input_Routing Number"), rtn): Text '256072691' is set on object 'Object Repository/RecAndPlayBk/Page-Vlink-Debit/input_Routing Number'

2024-05-16 00:45:02 - [MESSAGE][PASSED] - Text '256072691' is set on object 'Object Repository/RecAndPlayBk/Page-Vlink-Debit/input_Routing Number'

2024-05-16 00:45:02 - [TEST_STEP][PASSED] - setText(findTestObject("RecAndPlayBk/Page-Vlink-Debit/input_Amount"), amount): Text '12.50' is set on object 'Object Repository/RecAndPlayBk/Page-Vlink-Debit/input_Amount'

2024-05-16 00:45:02 - [MESSAGE][PASSED] - Text '12.50' is set on object 'Object Repository/RecAndPlayBk/Page-Vlink-Debit/input_Amount'

2024-05-16 00:45:02 - [TEST_STEP][PASSED] - setText(findTestObject("RecAndPlayBk/Page-Vlink-Debit/input_Check Email"), ""): Text '' is set on object 'Object Repository/RecAndPlayBk/Page-Vlink-Debit/input_Check Email'

2024-05-16 00:45:03 - [MESSAGE][PASSED] - Text '' is set on object 'Object Repository/RecAndPlayBk/Page-Vlink-Debit/input_Check Email'

2024-05-16 00:45:03 - [TEST_STEP][PASSED] - setText(findTestObject("Object Repository/RecAndPlayBk/Page-Vlink-Debit/input_concat(CheckWriter, , s SSN)_check_ssn"), ""): Text '' is set on object 'Object Repository/RecAndPlayBk/Page-Vlink-Debit/input_concat(CheckWriter, , s SSN)_check_ssn'

2024-05-16 00:45:04 - [MESSAGE][PASSED] - Text '' is set on object 'Object Repository/RecAndPlayBk/Page-Vlink-Debit/input_concat(CheckWriter, , s SSN)_check_ssn'

2024-05-16 00:45:04 - [TEST_STEP][PASSED] - setText(findTestObject("Object Repository/RecAndPlayBk/Page-Vlink-Debit/input_concat(CheckWriter, , s License Numbe_020fef"), ""): Text '' is set on object 'Object Repository/RecAndPlayBk/Page-Vlink-Debit/input_concat(CheckWriter, , s License Numbe_020fef'

2024-05-16 00:45:04 - [MESSAGE][PASSED] - Text '' is set on object 'Object Repository/RecAndPlayBk/Page-Vlink-Debit/input_concat(CheckWriter, , s License Numbe_020fef'

2024-05-16 00:45:04 - [TEST_STEP][PASSED] - setText(findTestObject("Object Repository/RecAndPlayBk/Page-Vlink-Debit/input_concat(CheckWriter, , s License State_21e3e7"), ""): Text '' is set on object 'Object Repository/RecAndPlayBk/Page-Vlink-Debit/input_concat(CheckWriter, , s License State_21e3e7'

2024-05-16 00:45:05 - [MESSAGE][PASSED] - Text '' is set on object 'Object Repository/RecAndPlayBk/Page-Vlink-Debit/input_concat(CheckWriter, , s License State_21e3e7'

2024-05-16 00:45:05 - [TEST_STEP][PASSED] - setText(findTestObject("RecAndPlayBk/Page-Vlink-Debit/input_Standard Entry Class"), sec): Text 'PPD' is set on object 'Object Repository/RecAndPlayBk/Page-Vlink-Debit/input_Standard Entry Class'

2024-05-16 00:45:06 - [MESSAGE][PASSED] - Text 'PPD' is set on object 'Object Repository/RecAndPlayBk/Page-Vlink-Debit/input_Standard Entry Class'

2024-05-16 00:45:06 - [TEST_STEP][PASSED] - click(findTestObject("Object Repository/RecAndPlayBk/Page-Vlink-Debit/input")): Object: 'Object Repository/RecAndPlayBk/Page-Vlink-Debit/input' is clicked on

2024-05-16 00:45:07 - [MESSAGE][PASSED] - Object: 'Object Repository/RecAndPlayBk/Page-Vlink-Debit/input' is clicked on

2024-05-16 00:45:07 - [TEST_STEP][PASSED] - if (verifyTextPresent("Transaction approved, no errors", true)): null

2024-05-16 00:45:07 - [MESSAGE][PASSED] - Text 'Transaction approved, no errors' is present on page  using regular expression

2024-05-16 00:45:07 - [TEST_STEP][PASSED] - println("Transaction Approved, no errors text is present on the Confirmation page"): null

2024-05-16 00:45:07 - [TEST_STEP][PASSED] - sdfo = getText(findTestObject("Object Repository/Page_VLinkReceipt/pre_STX")): Text of object 'Object Repository/Page_VLinkReceipt/pre_STX' is: '<STX>4Yoqreu1essY                  12151718            0  Transaction approved, no errors                   0                                                                                                              <ETX>'

2024-05-16 00:45:07 - [MESSAGE][PASSED] - Text of object 'Object Repository/Page_VLinkReceipt/pre_STX' is: '<STX>4Yoqreu1essY                  12151718            0  Transaction approved, no errors                   0                                                                                                              <ETX>'

2024-05-16 00:45:07 - [TEST_STEP][PASSED] - out.println("sdfo: " + sdfo): null

2024-05-16 00:45:07 - [TEST_STEP][PASSED] - remID = substring(5, 35).trim(): null

2024-05-16 00:45:07 - [TEST_STEP][PASSED] - out.println("remID: " + remID): null

2024-05-16 00:45:07 - [TEST_STEP][PASSED] - traxID = substring(35, 55).trim(): null

2024-05-16 00:45:07 - [TEST_STEP][PASSED] - out.println("traxID: " + traxID): null

2024-05-16 00:45:07 - [TEST_STEP][PASSED] - VLinkSaleRemID = remID: null

2024-05-16 00:45:07 - [TEST_STEP][PASSED] - VLinkSaleTranxID = traxID: null

2024-05-16 00:45:07 - [TEST_STEP][PASSED] - openBrowser(VLinkURL + "ACH_credit.html"): Browser is opened with url: 'https://dev-algorithm.govolution.com/vlinktest/QA2/version_2_0/ACH_credit.html'

2024-05-16 00:45:07 - [MESSAGE][WARNING] - A browser is already opened. Closing browser and opening a new one

2024-05-16 00:45:09 - [MESSAGE][INFO] - Starting 'Chrome' driver

2024-05-16 00:45:09 - [MESSAGE][INFO] - User set preference: ['acceptInsecureCerts', 'true']

2024-05-16 00:45:09 - [MESSAGE][INFO] - Action delay is set to 0 milliseconds

2024-05-16 00:45:11 - [MESSAGE][PASSED] - Browser is opened with url: 'https://dev-algorithm.govolution.com/vlinktest/QA2/version_2_0/ACH_credit.html'

2024-05-16 00:45:11 - [TEST_STEP][PASSED] - maximizeWindow(): Current window maximized

2024-05-16 00:45:11 - [MESSAGE][PASSED] - Current window maximized

2024-05-16 00:45:11 - [TEST_STEP][PASSED] - setText(findTestObject("Object Repository/RecAndPlayBk/Page-Vlink-ACH-Credit/input_Remittance Id"), VLinkSaleRemID): Text '4Yoqreu1essY' is set on object 'Object Repository/RecAndPlayBk/Page-Vlink-ACH-Credit/input_Remittance Id'

2024-05-16 00:45:12 - [MESSAGE][PASSED] - Text '4Yoqreu1essY' is set on object 'Object Repository/RecAndPlayBk/Page-Vlink-ACH-Credit/input_Remittance Id'

2024-05-16 00:45:12 - [TEST_STEP][PASSED] - setText(findTestObject("Object Repository/RecAndPlayBk/Page-Vlink-ACH-Credit/input_Application Id"), appID): Text '234' is set on object 'Object Repository/RecAndPlayBk/Page-Vlink-ACH-Credit/input_Application Id'

2024-05-16 00:45:12 - [MESSAGE][PASSED] - Text '234' is set on object 'Object Repository/RecAndPlayBk/Page-Vlink-ACH-Credit/input_Application Id'

2024-05-16 00:45:12 - [TEST_STEP][PASSED] - setText(findTestObject("Object Repository/RecAndPlayBk/Page-Vlink-ACH-Credit/input_Username"), username): Text 'username' is set on object 'Object Repository/RecAndPlayBk/Page-Vlink-ACH-Credit/input_Username'

2024-05-16 00:45:13 - [MESSAGE][PASSED] - Text 'username' is set on object 'Object Repository/RecAndPlayBk/Page-Vlink-ACH-Credit/input_Username'

2024-05-16 00:45:13 - [TEST_STEP][PASSED] - setText(findTestObject("Object Repository/RecAndPlayBk/Page-Vlink-ACH-Credit/input_Password"), password): Text 'password' is set on object 'Object Repository/RecAndPlayBk/Page-Vlink-ACH-Credit/input_Password'

2024-05-16 00:45:14 - [MESSAGE][PASSED] - Text 'password' is set on object 'Object Repository/RecAndPlayBk/Page-Vlink-ACH-Credit/input_Password'

2024-05-16 00:45:14 - [TEST_STEP][PASSED] - setText(findTestObject("Object Repository/RecAndPlayBk/Page-Vlink-ACH-Credit/input_Check Type"), checkType): Text 'P' is set on object 'Object Repository/RecAndPlayBk/Page-Vlink-ACH-Credit/input_Check Type'

2024-05-16 00:45:14 - [MESSAGE][PASSED] - Text 'P' is set on object 'Object Repository/RecAndPlayBk/Page-Vlink-ACH-Credit/input_Check Type'

2024-05-16 00:45:14 - [TEST_STEP][PASSED] - setText(findTestObject("Object Repository/RecAndPlayBk/Page-Vlink-ACH-Credit/input_Transaction ID"), VLinkSaleTranxID): Text '12151718' is set on object 'Object Repository/RecAndPlayBk/Page-Vlink-ACH-Credit/input_Transaction ID'

2024-05-16 00:45:15 - [MESSAGE][PASSED] - Text '12151718' is set on object 'Object Repository/RecAndPlayBk/Page-Vlink-ACH-Credit/input_Transaction ID'

2024-05-16 00:45:15 - [TEST_STEP][PASSED] - setText(findTestObject("Object Repository/RecAndPlayBk/Page-Vlink-ACH-Credit/input_Amount"), amount): Text '12.50' is set on object 'Object Repository/RecAndPlayBk/Page-Vlink-ACH-Credit/input_Amount'

2024-05-16 00:45:15 - [MESSAGE][PASSED] - Text '12.50' is set on object 'Object Repository/RecAndPlayBk/Page-Vlink-ACH-Credit/input_Amount'

2024-05-16 00:45:15 - [TEST_STEP][PASSED] - setText(findTestObject("Object Repository/RecAndPlayBk/Page-Vlink-ACH-Credit/input_Standard Entry Class"), sec): Text 'PPD' is set on object 'Object Repository/RecAndPlayBk/Page-Vlink-ACH-Credit/input_Standard Entry Class'

2024-05-16 00:45:16 - [MESSAGE][PASSED] - Text 'PPD' is set on object 'Object Repository/RecAndPlayBk/Page-Vlink-ACH-Credit/input_Standard Entry Class'

2024-05-16 00:45:16 - [TEST_STEP][PASSED] - setText(findTestObject("Object Repository/RecAndPlayBk/Page-Vlink-ACH-Credit/input_Account Number"), acNumber): Text '58963214' is set on object 'Object Repository/RecAndPlayBk/Page-Vlink-ACH-Credit/input_Account Number'

2024-05-16 00:45:17 - [MESSAGE][PASSED] - Text '58963214' is set on object 'Object Repository/RecAndPlayBk/Page-Vlink-ACH-Credit/input_Account Number'

2024-05-16 00:45:17 - [TEST_STEP][PASSED] - setText(findTestObject("Object Repository/RecAndPlayBk/Page-Vlink-ACH-Credit/input_Routing Number"), rtn): Text '256072691' is set on object 'Object Repository/RecAndPlayBk/Page-Vlink-ACH-Credit/input_Routing Number'

2024-05-16 00:45:17 - [MESSAGE][PASSED] - Text '256072691' is set on object 'Object Repository/RecAndPlayBk/Page-Vlink-ACH-Credit/input_Routing Number'

2024-05-16 00:45:17 - [TEST_STEP][PASSED] - click(findTestObject("Object Repository/RecAndPlayBk/Page-Vlink-ACH-Credit/input")): Object: 'Object Repository/RecAndPlayBk/Page-Vlink-ACH-Credit/input' is clicked on

2024-05-16 00:45:18 - [MESSAGE][PASSED] - Object: 'Object Repository/RecAndPlayBk/Page-Vlink-ACH-Credit/input' is clicked on

2024-05-16 00:45:18 - [TEST_STEP][PASSED] - if (verifyTextPresent("Transaction approved, no errors", true)): null

2024-05-16 00:45:18 - [MESSAGE][PASSED] - Text 'Transaction approved, no errors' is present on page  using regular expression

2024-05-16 00:45:18 - [TEST_STEP][PASSED] - println("Transaction Approved, no errors text is present on the Confirmation page"): null

2024-05-16 00:45:18 - [TEST_STEP][PASSED] - out.println("Pass Record Number: " + row): null

2024-05-16 00:45:18 - [TEST_STEP][PASSED] - resText = "Pass": null

2024-05-16 00:45:18 - [TEST_STEP][PASSED] - pages.WriteExcel.demoKey(resText, datText, resColumn, datCloumn, fileLoc, nameSheet, row): pages.WriteExcel.demoKey is PASSED

2024-05-16 00:45:19 - [MESSAGE][PASSED] - pages.WriteExcel.demoKey is PASSED

2024-05-16 00:45:19 - [TEST_STEP][PASSED] - ExecuteTC = findTestData(dataFile).getValue("Execute", row): null

2024-05-16 00:45:19 - [TEST_STEP][PASSED] - out.println("Value of Execute is : " + ExecuteTC): null

2024-05-16 00:45:19 - [TEST_STEP][PASSED] - switch (executionProfile): null

2024-05-16 00:45:19 - [TEST_STEP][PASSED] - case "QA2Profile":: null

2024-05-16 00:45:19 - [TEST_STEP][PASSED] - appID = findTestData(dataFile).getValue("AppIDQA", row): null

2024-05-16 00:45:19 - [TEST_STEP][PASSED] - username = findTestData(dataFile).getValue("UsernameQA", row): null

2024-05-16 00:45:19 - [TEST_STEP][PASSED] - password = findTestData(dataFile).getValue("PasswordQA", row): null

2024-05-16 00:45:19 - [TEST_STEP][PASSED] - break: null

2024-05-16 00:45:19 - [TEST_STEP][PASSED] - if (ExecuteTC.equalsIgnoreCase("Y")): null

2024-05-16 00:45:19 - [TEST_STEP][PASSED] - out.println("Begin Record Number: " + row): null

2024-05-16 00:45:19 - [TEST_STEP][PASSED] - today = new java.util.Date(): null

2024-05-16 00:45:19 - [TEST_STEP][PASSED] - println(today): null

2024-05-16 00:45:19 - [TEST_STEP][PASSED] - datText = today: null

2024-05-16 00:45:19 - [TEST_STEP][PASSED] - checkType = findTestData(dataFile).getValue("CheckType", row): null

2024-05-16 00:45:19 - [TEST_STEP][PASSED] - acNumber = findTestData(dataFile).getValue("AcNumber", row): null

2024-05-16 00:45:19 - [TEST_STEP][PASSED] - company = findTestData(dataFile).getValue("Company", row): null

2024-05-16 00:45:19 - [TEST_STEP][PASSED] - acType = findTestData(dataFile).getValue("AcType", row): null

2024-05-16 00:45:19 - [TEST_STEP][PASSED] - rtn = findTestData(dataFile).getValue("RTN", row): null

2024-05-16 00:45:19 - [TEST_STEP][PASSED] - amount = findTestData(dataFile).getValue("Amount", row): null

2024-05-16 00:45:19 - [TEST_STEP][PASSED] - sec = findTestData(dataFile).getValue("SEC", row): null

2024-05-16 00:45:19 - [TEST_STEP][PASSED] - openBrowser(VLinkURL + "debit.html"): Browser is opened with url: 'https://dev-algorithm.govolution.com/vlinktest/QA2/version_2_0/debit.html'

2024-05-16 00:45:19 - [MESSAGE][WARNING] - A browser is already opened. Closing browser and opening a new one

2024-05-16 00:45:21 - [MESSAGE][INFO] - Starting 'Chrome' driver

2024-05-16 00:45:21 - [MESSAGE][INFO] - User set preference: ['acceptInsecureCerts', 'true']

2024-05-16 00:45:21 - [MESSAGE][INFO] - Action delay is set to 0 milliseconds

2024-05-16 00:45:23 - [MESSAGE][PASSED] - Browser is opened with url: 'https://dev-algorithm.govolution.com/vlinktest/QA2/version_2_0/debit.html'

2024-05-16 00:45:23 - [TEST_STEP][PASSED] - maximizeWindow(): Current window maximized

2024-05-16 00:45:23 - [MESSAGE][PASSED] - Current window maximized

2024-05-16 00:45:23 - [TEST_STEP][PASSED] - genRemID = RandomStringUtils.random(12, true, true): null

2024-05-16 00:45:23 - [TEST_STEP][PASSED] - setText(findTestObject("RecAndPlayBk/Page-Vlink-Debit/input_Remittance Id"), genRemID): Text 'cMOaAHyR3ZXW' is set on object 'Object Repository/RecAndPlayBk/Page-Vlink-Debit/input_Remittance Id'

2024-05-16 00:45:24 - [MESSAGE][PASSED] - Text 'cMOaAHyR3ZXW' is set on object 'Object Repository/RecAndPlayBk/Page-Vlink-Debit/input_Remittance Id'

2024-05-16 00:45:24 - [TEST_STEP][PASSED] - setText(findTestObject("RecAndPlayBk/Page-Vlink-Debit/input_Application Id"), appID): Text '234' is set on object 'Object Repository/RecAndPlayBk/Page-Vlink-Debit/input_Application Id'

2024-05-16 00:45:24 - [MESSAGE][PASSED] - Text '234' is set on object 'Object Repository/RecAndPlayBk/Page-Vlink-Debit/input_Application Id'

2024-05-16 00:45:24 - [TEST_STEP][PASSED] - setText(findTestObject("RecAndPlayBk/Page-Vlink-Debit/input_Username"), username): Text 'username' is set on object 'Object Repository/RecAndPlayBk/Page-Vlink-Debit/input_Username'

2024-05-16 00:45:25 - [MESSAGE][PASSED] - Text 'username' is set on object 'Object Repository/RecAndPlayBk/Page-Vlink-Debit/input_Username'

2024-05-16 00:45:25 - [TEST_STEP][PASSED] - setText(findTestObject("RecAndPlayBk/Page-Vlink-Debit/input_Password"), password): Text 'password' is set on object 'Object Repository/RecAndPlayBk/Page-Vlink-Debit/input_Password'

2024-05-16 00:45:26 - [MESSAGE][PASSED] - Text 'password' is set on object 'Object Repository/RecAndPlayBk/Page-Vlink-Debit/input_Password'

2024-05-16 00:45:26 - [TEST_STEP][PASSED] - setText(findTestObject("RecAndPlayBk/Page-Vlink-Debit/input_Check Type"), checkType): Text 'C' is set on object 'Object Repository/RecAndPlayBk/Page-Vlink-Debit/input_Check Type'

2024-05-16 00:45:26 - [MESSAGE][PASSED] - Text 'C' is set on object 'Object Repository/RecAndPlayBk/Page-Vlink-Debit/input_Check Type'

2024-05-16 00:45:26 - [TEST_STEP][PASSED] - setText(findTestObject("RecAndPlayBk/Page-Vlink-Debit/input_Account_check"), acNumber): Text '58963214' is set on object 'Object Repository/RecAndPlayBk/Page-Vlink-Debit/input_Account_check'

2024-05-16 00:45:27 - [MESSAGE][PASSED] - Text '58963214' is set on object 'Object Repository/RecAndPlayBk/Page-Vlink-Debit/input_Account_check'

2024-05-16 00:45:27 - [TEST_STEP][PASSED] - setText(findTestObject("RecAndPlayBk/Page-Vlink-Debit/input_Company_check"), company): Text 'My Company' is set on object 'Object Repository/RecAndPlayBk/Page-Vlink-Debit/input_Company_check'

2024-05-16 00:45:27 - [MESSAGE][PASSED] - Text 'My Company' is set on object 'Object Repository/RecAndPlayBk/Page-Vlink-Debit/input_Company_check'

2024-05-16 00:45:27 - [TEST_STEP][PASSED] - setText(findTestObject("RecAndPlayBk/Page-Vlink-Debit/input_Account Type"), acType): Text '' is set on object 'Object Repository/RecAndPlayBk/Page-Vlink-Debit/input_Account Type'

2024-05-16 00:45:28 - [MESSAGE][PASSED] - Text '' is set on object 'Object Repository/RecAndPlayBk/Page-Vlink-Debit/input_Account Type'

2024-05-16 00:45:28 - [TEST_STEP][PASSED] - setText(findTestObject("RecAndPlayBk/Page-Vlink-Debit/input_Routing Number"), rtn): Text '256072691' is set on object 'Object Repository/RecAndPlayBk/Page-Vlink-Debit/input_Routing Number'

2024-05-16 00:45:29 - [MESSAGE][PASSED] - Text '256072691' is set on object 'Object Repository/RecAndPlayBk/Page-Vlink-Debit/input_Routing Number'

2024-05-16 00:45:29 - [TEST_STEP][PASSED] - setText(findTestObject("RecAndPlayBk/Page-Vlink-Debit/input_Amount"), amount): Text '12.50' is set on object 'Object Repository/RecAndPlayBk/Page-Vlink-Debit/input_Amount'

2024-05-16 00:45:29 - [MESSAGE][PASSED] - Text '12.50' is set on object 'Object Repository/RecAndPlayBk/Page-Vlink-Debit/input_Amount'

2024-05-16 00:45:29 - [TEST_STEP][PASSED] - setText(findTestObject("RecAndPlayBk/Page-Vlink-Debit/input_Check Email"), ""): Text '' is set on object 'Object Repository/RecAndPlayBk/Page-Vlink-Debit/input_Check Email'

2024-05-16 00:45:30 - [MESSAGE][PASSED] - Text '' is set on object 'Object Repository/RecAndPlayBk/Page-Vlink-Debit/input_Check Email'

2024-05-16 00:45:30 - [TEST_STEP][PASSED] - setText(findTestObject("Object Repository/RecAndPlayBk/Page-Vlink-Debit/input_concat(CheckWriter, , s SSN)_check_ssn"), ""): Text '' is set on object 'Object Repository/RecAndPlayBk/Page-Vlink-Debit/input_concat(CheckWriter, , s SSN)_check_ssn'

2024-05-16 00:45:31 - [MESSAGE][PASSED] - Text '' is set on object 'Object Repository/RecAndPlayBk/Page-Vlink-Debit/input_concat(CheckWriter, , s SSN)_check_ssn'

2024-05-16 00:45:31 - [TEST_STEP][PASSED] - setText(findTestObject("Object Repository/RecAndPlayBk/Page-Vlink-Debit/input_concat(CheckWriter, , s License Numbe_020fef"), ""): Text '' is set on object 'Object Repository/RecAndPlayBk/Page-Vlink-Debit/input_concat(CheckWriter, , s License Numbe_020fef'

2024-05-16 00:45:31 - [MESSAGE][PASSED] - Text '' is set on object 'Object Repository/RecAndPlayBk/Page-Vlink-Debit/input_concat(CheckWriter, , s License Numbe_020fef'

2024-05-16 00:45:31 - [TEST_STEP][PASSED] - setText(findTestObject("Object Repository/RecAndPlayBk/Page-Vlink-Debit/input_concat(CheckWriter, , s License State_21e3e7"), ""): Text '' is set on object 'Object Repository/RecAndPlayBk/Page-Vlink-Debit/input_concat(CheckWriter, , s License State_21e3e7'

2024-05-16 00:45:32 - [MESSAGE][PASSED] - Text '' is set on object 'Object Repository/RecAndPlayBk/Page-Vlink-Debit/input_concat(CheckWriter, , s License State_21e3e7'

2024-05-16 00:45:32 - [TEST_STEP][PASSED] - setText(findTestObject("RecAndPlayBk/Page-Vlink-Debit/input_Standard Entry Class"), sec): Text 'CCD' is set on object 'Object Repository/RecAndPlayBk/Page-Vlink-Debit/input_Standard Entry Class'

2024-05-16 00:45:33 - [MESSAGE][PASSED] - Text 'CCD' is set on object 'Object Repository/RecAndPlayBk/Page-Vlink-Debit/input_Standard Entry Class'

2024-05-16 00:45:33 - [TEST_STEP][PASSED] - click(findTestObject("Object Repository/RecAndPlayBk/Page-Vlink-Debit/input")): Object: 'Object Repository/RecAndPlayBk/Page-Vlink-Debit/input' is clicked on

2024-05-16 00:45:34 - [MESSAGE][PASSED] - Object: 'Object Repository/RecAndPlayBk/Page-Vlink-Debit/input' is clicked on

2024-05-16 00:45:34 - [TEST_STEP][PASSED] - if (verifyTextPresent("Transaction approved, no errors", true)): null

2024-05-16 00:45:34 - [MESSAGE][PASSED] - Text 'Transaction approved, no errors' is present on page  using regular expression

2024-05-16 00:45:34 - [TEST_STEP][PASSED] - println("Transaction Approved, no errors text is present on the Confirmation page"): null

2024-05-16 00:45:34 - [TEST_STEP][PASSED] - sdfo = getText(findTestObject("Object Repository/Page_VLinkReceipt/pre_STX")): Text of object 'Object Repository/Page_VLinkReceipt/pre_STX' is: '<STX>cMOaAHyR3ZXW                  12151720            0  Transaction approved, no errors                   0                                                                                                              <ETX>'

2024-05-16 00:45:34 - [MESSAGE][PASSED] - Text of object 'Object Repository/Page_VLinkReceipt/pre_STX' is: '<STX>cMOaAHyR3ZXW                  12151720            0  Transaction approved, no errors                   0                                                                                                              <ETX>'

2024-05-16 00:45:34 - [TEST_STEP][PASSED] - out.println("sdfo: " + sdfo): null

2024-05-16 00:45:34 - [TEST_STEP][PASSED] - remID = substring(5, 35).trim(): null

2024-05-16 00:45:34 - [TEST_STEP][PASSED] - out.println("remID: " + remID): null

2024-05-16 00:45:34 - [TEST_STEP][PASSED] - traxID = substring(35, 55).trim(): null

2024-05-16 00:45:34 - [TEST_STEP][PASSED] - out.println("traxID: " + traxID): null

2024-05-16 00:45:34 - [TEST_STEP][PASSED] - VLinkSaleRemID = remID: null

2024-05-16 00:45:34 - [TEST_STEP][PASSED] - VLinkSaleTranxID = traxID: null

2024-05-16 00:45:34 - [TEST_STEP][PASSED] - openBrowser(VLinkURL + "ACH_credit.html"): Browser is opened with url: 'https://dev-algorithm.govolution.com/vlinktest/QA2/version_2_0/ACH_credit.html'

2024-05-16 00:45:34 - [MESSAGE][WARNING] - A browser is already opened. Closing browser and opening a new one

2024-05-16 00:45:35 - [MESSAGE][INFO] - Starting 'Chrome' driver

2024-05-16 00:45:35 - [MESSAGE][INFO] - User set preference: ['acceptInsecureCerts', 'true']

2024-05-16 00:45:35 - [MESSAGE][INFO] - Action delay is set to 0 milliseconds

2024-05-16 00:45:37 - [MESSAGE][PASSED] - Browser is opened with url: 'https://dev-algorithm.govolution.com/vlinktest/QA2/version_2_0/ACH_credit.html'

2024-05-16 00:45:37 - [TEST_STEP][PASSED] - maximizeWindow(): Current window maximized

2024-05-16 00:45:38 - [MESSAGE][PASSED] - Current window maximized

2024-05-16 00:45:38 - [TEST_STEP][PASSED] - setText(findTestObject("Object Repository/RecAndPlayBk/Page-Vlink-ACH-Credit/input_Remittance Id"), VLinkSaleRemID): Text 'cMOaAHyR3ZXW' is set on object 'Object Repository/RecAndPlayBk/Page-Vlink-ACH-Credit/input_Remittance Id'

2024-05-16 00:45:38 - [MESSAGE][PASSED] - Text 'cMOaAHyR3ZXW' is set on object 'Object Repository/RecAndPlayBk/Page-Vlink-ACH-Credit/input_Remittance Id'

2024-05-16 00:45:38 - [TEST_STEP][PASSED] - setText(findTestObject("Object Repository/RecAndPlayBk/Page-Vlink-ACH-Credit/input_Application Id"), appID): Text '234' is set on object 'Object Repository/RecAndPlayBk/Page-Vlink-ACH-Credit/input_Application Id'

2024-05-16 00:45:39 - [MESSAGE][PASSED] - Text '234' is set on object 'Object Repository/RecAndPlayBk/Page-Vlink-ACH-Credit/input_Application Id'

2024-05-16 00:45:39 - [TEST_STEP][PASSED] - setText(findTestObject("Object Repository/RecAndPlayBk/Page-Vlink-ACH-Credit/input_Username"), username): Text 'username' is set on object 'Object Repository/RecAndPlayBk/Page-Vlink-ACH-Credit/input_Username'

2024-05-16 00:45:40 - [MESSAGE][PASSED] - Text 'username' is set on object 'Object Repository/RecAndPlayBk/Page-Vlink-ACH-Credit/input_Username'

2024-05-16 00:45:40 - [TEST_STEP][PASSED] - setText(findTestObject("Object Repository/RecAndPlayBk/Page-Vlink-ACH-Credit/input_Password"), password): Text 'password' is set on object 'Object Repository/RecAndPlayBk/Page-Vlink-ACH-Credit/input_Password'

2024-05-16 00:45:40 - [MESSAGE][PASSED] - Text 'password' is set on object 'Object Repository/RecAndPlayBk/Page-Vlink-ACH-Credit/input_Password'

2024-05-16 00:45:40 - [TEST_STEP][PASSED] - setText(findTestObject("Object Repository/RecAndPlayBk/Page-Vlink-ACH-Credit/input_Check Type"), checkType): Text 'C' is set on object 'Object Repository/RecAndPlayBk/Page-Vlink-ACH-Credit/input_Check Type'

2024-05-16 00:45:41 - [MESSAGE][PASSED] - Text 'C' is set on object 'Object Repository/RecAndPlayBk/Page-Vlink-ACH-Credit/input_Check Type'

2024-05-16 00:45:41 - [TEST_STEP][PASSED] - setText(findTestObject("Object Repository/RecAndPlayBk/Page-Vlink-ACH-Credit/input_Transaction ID"), VLinkSaleTranxID): Text '12151720' is set on object 'Object Repository/RecAndPlayBk/Page-Vlink-ACH-Credit/input_Transaction ID'

2024-05-16 00:45:42 - [MESSAGE][PASSED] - Text '12151720' is set on object 'Object Repository/RecAndPlayBk/Page-Vlink-ACH-Credit/input_Transaction ID'

2024-05-16 00:45:42 - [TEST_STEP][PASSED] - setText(findTestObject("Object Repository/RecAndPlayBk/Page-Vlink-ACH-Credit/input_Amount"), amount): Text '12.50' is set on object 'Object Repository/RecAndPlayBk/Page-Vlink-ACH-Credit/input_Amount'

2024-05-16 00:45:42 - [MESSAGE][PASSED] - Text '12.50' is set on object 'Object Repository/RecAndPlayBk/Page-Vlink-ACH-Credit/input_Amount'

2024-05-16 00:45:42 - [TEST_STEP][PASSED] - setText(findTestObject("Object Repository/RecAndPlayBk/Page-Vlink-ACH-Credit/input_Standard Entry Class"), sec): Text 'CCD' is set on object 'Object Repository/RecAndPlayBk/Page-Vlink-ACH-Credit/input_Standard Entry Class'

2024-05-16 00:45:43 - [MESSAGE][PASSED] - Text 'CCD' is set on object 'Object Repository/RecAndPlayBk/Page-Vlink-ACH-Credit/input_Standard Entry Class'

2024-05-16 00:45:43 - [TEST_STEP][PASSED] - setText(findTestObject("Object Repository/RecAndPlayBk/Page-Vlink-ACH-Credit/input_Account Number"), acNumber): Text '58963214' is set on object 'Object Repository/RecAndPlayBk/Page-Vlink-ACH-Credit/input_Account Number'

2024-05-16 00:45:44 - [MESSAGE][PASSED] - Text '58963214' is set on object 'Object Repository/RecAndPlayBk/Page-Vlink-ACH-Credit/input_Account Number'

2024-05-16 00:45:44 - [TEST_STEP][PASSED] - setText(findTestObject("Object Repository/RecAndPlayBk/Page-Vlink-ACH-Credit/input_Routing Number"), rtn): Text '256072691' is set on object 'Object Repository/RecAndPlayBk/Page-Vlink-ACH-Credit/input_Routing Number'

2024-05-16 00:45:44 - [MESSAGE][PASSED] - Text '256072691' is set on object 'Object Repository/RecAndPlayBk/Page-Vlink-ACH-Credit/input_Routing Number'

2024-05-16 00:45:44 - [TEST_STEP][PASSED] - click(findTestObject("Object Repository/RecAndPlayBk/Page-Vlink-ACH-Credit/input")): Object: 'Object Repository/RecAndPlayBk/Page-Vlink-ACH-Credit/input' is clicked on

2024-05-16 00:45:45 - [MESSAGE][PASSED] - Object: 'Object Repository/RecAndPlayBk/Page-Vlink-ACH-Credit/input' is clicked on

2024-05-16 00:45:45 - [TEST_STEP][PASSED] - if (verifyTextPresent("Transaction approved, no errors", true)): null

2024-05-16 00:45:45 - [MESSAGE][PASSED] - Text 'Transaction approved, no errors' is present on page  using regular expression

2024-05-16 00:45:45 - [TEST_STEP][PASSED] - println("Transaction Approved, no errors text is present on the Confirmation page"): null

2024-05-16 00:45:45 - [TEST_STEP][PASSED] - out.println("Pass Record Number: " + row): null

2024-05-16 00:45:45 - [TEST_STEP][PASSED] - resText = "Pass": null

2024-05-16 00:45:45 - [TEST_STEP][PASSED] - pages.WriteExcel.demoKey(resText, datText, resColumn, datCloumn, fileLoc, nameSheet, row): pages.WriteExcel.demoKey is PASSED

2024-05-16 00:45:46 - [MESSAGE][PASSED] - pages.WriteExcel.demoKey is PASSED]]></system-out>
         <system-err><![CDATA[]]></system-err>
      </testcase>
      <testcase name="Test Cases/RecAndPlayBk/VLink/Debit-Credit-Void" time="261.881" classname="Test Cases/RecAndPlayBk/VLink/Debit-Credit-Void" status="PASSED">
         <system-out><![CDATA[2024-05-16 00:45:46 - [TEST_CASE][PASSED] - Test Cases/RecAndPlayBk/VLink/Debit-Credit-Void: Test Cases/RecAndPlayBk/VLink/Debit-Credit-Void

2024-05-16 00:45:46 - [TEST_STEP][PASSED] - executionProfile = getExecutionProfile(): null

2024-05-16 00:45:46 - [TEST_STEP][PASSED] - out.println("executionProfile : " + executionProfile): null

2024-05-16 00:45:46 - [TEST_STEP][PASSED] - appName = <not implemented yet for class: org.codehaus.groovy.ast.expr.EmptyExpression>: null

2024-05-16 00:45:46 - [TEST_STEP][PASSED] - appID = <not implemented yet for class: org.codehaus.groovy.ast.expr.EmptyExpression>: null

2024-05-16 00:45:46 - [TEST_STEP][PASSED] - username = <not implemented yet for class: org.codehaus.groovy.ast.expr.EmptyExpression>: null

2024-05-16 00:45:46 - [TEST_STEP][PASSED] - password = <not implemented yet for class: org.codehaus.groovy.ast.expr.EmptyExpression>: null

2024-05-16 00:45:46 - [TEST_STEP][PASSED] - cardNameV = <not implemented yet for class: org.codehaus.groovy.ast.expr.EmptyExpression>: null

2024-05-16 00:45:46 - [TEST_STEP][PASSED] - al1V = <not implemented yet for class: org.codehaus.groovy.ast.expr.EmptyExpression>: null

2024-05-16 00:45:46 - [TEST_STEP][PASSED] - al2V = <not implemented yet for class: org.codehaus.groovy.ast.expr.EmptyExpression>: null

2024-05-16 00:45:46 - [TEST_STEP][PASSED] - zipV = <not implemented yet for class: org.codehaus.groovy.ast.expr.EmptyExpression>: null

2024-05-16 00:45:46 - [TEST_STEP][PASSED] - cardTypeV = <not implemented yet for class: org.codehaus.groovy.ast.expr.EmptyExpression>: null

2024-05-16 00:45:46 - [TEST_STEP][PASSED] - last4V = <not implemented yet for class: org.codehaus.groovy.ast.expr.EmptyExpression>: null

2024-05-16 00:45:46 - [TEST_STEP][PASSED] - resText = "Fail": null

2024-05-16 00:45:46 - [TEST_STEP][PASSED] - resColumn = "Result": null

2024-05-16 00:45:46 - [TEST_STEP][PASSED] - datCloumn = "Date": null

2024-05-16 00:45:46 - [TEST_STEP][PASSED] - fileLoc = "KatalonData/VLinkSmokeDataACH.xlsx": null

2024-05-16 00:45:46 - [TEST_STEP][PASSED] - numOfRows = <not implemented yet for class: org.codehaus.groovy.ast.expr.EmptyExpression>: null

2024-05-16 00:45:46 - [TEST_STEP][PASSED] - dataFile = <not implemented yet for class: org.codehaus.groovy.ast.expr.EmptyExpression>: null

2024-05-16 00:45:46 - [TEST_STEP][PASSED] - nameSheet = <not implemented yet for class: org.codehaus.groovy.ast.expr.EmptyExpression>: null

2024-05-16 00:45:46 - [TEST_STEP][PASSED] - nameSheet = "Debit-Credit-Void": null

2024-05-16 00:45:46 - [TEST_STEP][PASSED] - numOfRows = findTestData("QA/VLinkTestData/DebitCreditVoidData").getRowNumbers(): null

2024-05-16 00:45:46 - [TEST_STEP][PASSED] - println("Number of Records: " + numOfRows): null

2024-05-16 00:45:46 - [TEST_STEP][PASSED] - dataFile = "QA/VLinkTestData/DebitCreditVoidData": null

2024-05-16 00:45:46 - [TEST_STEP][PASSED] - for ([row = 1, row <= numOfRows, (row++)]): null

2024-05-16 00:45:46 - [TEST_STEP][PASSED] - ExecuteTC = findTestData(dataFile).getValue("Execute", row): null

2024-05-16 00:45:46 - [TEST_STEP][PASSED] - out.println("Value of Execute is : " + ExecuteTC): null

2024-05-16 00:45:46 - [TEST_STEP][PASSED] - switch (executionProfile): null

2024-05-16 00:45:46 - [TEST_STEP][PASSED] - case "QA2Profile":: null

2024-05-16 00:45:46 - [TEST_STEP][PASSED] - appID = findTestData(dataFile).getValue("AppIDQA", row): null

2024-05-16 00:45:46 - [TEST_STEP][PASSED] - username = findTestData(dataFile).getValue("UsernameQA", row): null

2024-05-16 00:45:46 - [TEST_STEP][PASSED] - password = findTestData(dataFile).getValue("PasswordQA", row): null

2024-05-16 00:45:47 - [TEST_STEP][PASSED] - break: null

2024-05-16 00:45:47 - [TEST_STEP][PASSED] - if (ExecuteTC.equalsIgnoreCase("Y")): null

2024-05-16 00:45:47 - [TEST_STEP][PASSED] - out.println("Begin Record Number: " + row): null

2024-05-16 00:45:47 - [TEST_STEP][PASSED] - today = new java.util.Date(): null

2024-05-16 00:45:47 - [TEST_STEP][PASSED] - println(today): null

2024-05-16 00:45:47 - [TEST_STEP][PASSED] - datText = today: null

2024-05-16 00:45:47 - [TEST_STEP][PASSED] - checkType = findTestData(dataFile).getValue("CheckType", row): null

2024-05-16 00:45:47 - [TEST_STEP][PASSED] - acNumber = findTestData(dataFile).getValue("AcNumber", row): null

2024-05-16 00:45:47 - [TEST_STEP][PASSED] - company = findTestData(dataFile).getValue("Company", row): null

2024-05-16 00:45:47 - [TEST_STEP][PASSED] - acType = findTestData(dataFile).getValue("AcType", row): null

2024-05-16 00:45:47 - [TEST_STEP][PASSED] - rtn = findTestData(dataFile).getValue("RTN", row): null

2024-05-16 00:45:47 - [TEST_STEP][PASSED] - amount = findTestData(dataFile).getValue("Amount", row): null

2024-05-16 00:45:47 - [TEST_STEP][PASSED] - sec = findTestData(dataFile).getValue("SEC", row): null

2024-05-16 00:45:47 - [TEST_STEP][PASSED] - openBrowser(VLinkURL + "debit.html"): Browser is opened with url: 'https://dev-algorithm.govolution.com/vlinktest/QA2/version_2_0/debit.html'

2024-05-16 00:45:47 - [MESSAGE][WARNING] - A browser is already opened. Closing browser and opening a new one

2024-05-16 00:45:48 - [MESSAGE][INFO] - Starting 'Chrome' driver

2024-05-16 00:45:48 - [MESSAGE][INFO] - User set preference: ['acceptInsecureCerts', 'true']

2024-05-16 00:45:48 - [MESSAGE][INFO] - Action delay is set to 0 milliseconds

2024-05-16 00:45:51 - [MESSAGE][PASSED] - Browser is opened with url: 'https://dev-algorithm.govolution.com/vlinktest/QA2/version_2_0/debit.html'

2024-05-16 00:45:51 - [TEST_STEP][PASSED] - maximizeWindow(): Current window maximized

2024-05-16 00:45:51 - [MESSAGE][PASSED] - Current window maximized

2024-05-16 00:45:51 - [TEST_STEP][PASSED] - genRemID = RandomStringUtils.random(12, true, true): null

2024-05-16 00:45:51 - [TEST_STEP][PASSED] - setText(findTestObject("RecAndPlayBk/Page-Vlink-Debit/input_Remittance Id"), genRemID): Text 'oO48xPOniNEr' is set on object 'Object Repository/RecAndPlayBk/Page-Vlink-Debit/input_Remittance Id'

2024-05-16 00:45:52 - [MESSAGE][PASSED] - Text 'oO48xPOniNEr' is set on object 'Object Repository/RecAndPlayBk/Page-Vlink-Debit/input_Remittance Id'

2024-05-16 00:45:52 - [TEST_STEP][PASSED] - setText(findTestObject("RecAndPlayBk/Page-Vlink-Debit/input_Application Id"), appID): Text '234' is set on object 'Object Repository/RecAndPlayBk/Page-Vlink-Debit/input_Application Id'

2024-05-16 00:45:52 - [MESSAGE][PASSED] - Text '234' is set on object 'Object Repository/RecAndPlayBk/Page-Vlink-Debit/input_Application Id'

2024-05-16 00:45:52 - [TEST_STEP][PASSED] - setText(findTestObject("RecAndPlayBk/Page-Vlink-Debit/input_Username"), username): Text 'username' is set on object 'Object Repository/RecAndPlayBk/Page-Vlink-Debit/input_Username'

2024-05-16 00:45:53 - [MESSAGE][PASSED] - Text 'username' is set on object 'Object Repository/RecAndPlayBk/Page-Vlink-Debit/input_Username'

2024-05-16 00:45:53 - [TEST_STEP][PASSED] - setText(findTestObject("RecAndPlayBk/Page-Vlink-Debit/input_Password"), password): Text 'password' is set on object 'Object Repository/RecAndPlayBk/Page-Vlink-Debit/input_Password'

2024-05-16 00:45:54 - [MESSAGE][PASSED] - Text 'password' is set on object 'Object Repository/RecAndPlayBk/Page-Vlink-Debit/input_Password'

2024-05-16 00:45:54 - [TEST_STEP][PASSED] - setText(findTestObject("RecAndPlayBk/Page-Vlink-Debit/input_Check Type"), checkType): Text 'P' is set on object 'Object Repository/RecAndPlayBk/Page-Vlink-Debit/input_Check Type'

2024-05-16 00:45:54 - [MESSAGE][PASSED] - Text 'P' is set on object 'Object Repository/RecAndPlayBk/Page-Vlink-Debit/input_Check Type'

2024-05-16 00:45:54 - [TEST_STEP][PASSED] - setText(findTestObject("RecAndPlayBk/Page-Vlink-Debit/input_Account_check"), acNumber): Text '58963214' is set on object 'Object Repository/RecAndPlayBk/Page-Vlink-Debit/input_Account_check'

2024-05-16 00:45:55 - [MESSAGE][PASSED] - Text '58963214' is set on object 'Object Repository/RecAndPlayBk/Page-Vlink-Debit/input_Account_check'

2024-05-16 00:45:55 - [TEST_STEP][PASSED] - setText(findTestObject("RecAndPlayBk/Page-Vlink-Debit/input_Company_check"), company): Text '' is set on object 'Object Repository/RecAndPlayBk/Page-Vlink-Debit/input_Company_check'

2024-05-16 00:45:55 - [MESSAGE][PASSED] - Text '' is set on object 'Object Repository/RecAndPlayBk/Page-Vlink-Debit/input_Company_check'

2024-05-16 00:45:55 - [TEST_STEP][PASSED] - setText(findTestObject("RecAndPlayBk/Page-Vlink-Debit/input_Account Type"), acType): Text '1' is set on object 'Object Repository/RecAndPlayBk/Page-Vlink-Debit/input_Account Type'

2024-05-16 00:45:56 - [MESSAGE][PASSED] - Text '1' is set on object 'Object Repository/RecAndPlayBk/Page-Vlink-Debit/input_Account Type'

2024-05-16 00:45:56 - [TEST_STEP][PASSED] - setText(findTestObject("RecAndPlayBk/Page-Vlink-Debit/input_Routing Number"), rtn): Text '256072691' is set on object 'Object Repository/RecAndPlayBk/Page-Vlink-Debit/input_Routing Number'

2024-05-16 00:45:57 - [MESSAGE][PASSED] - Text '256072691' is set on object 'Object Repository/RecAndPlayBk/Page-Vlink-Debit/input_Routing Number'

2024-05-16 00:45:57 - [TEST_STEP][PASSED] - setText(findTestObject("RecAndPlayBk/Page-Vlink-Debit/input_Amount"), amount): Text '12.50' is set on object 'Object Repository/RecAndPlayBk/Page-Vlink-Debit/input_Amount'

2024-05-16 00:45:57 - [MESSAGE][PASSED] - Text '12.50' is set on object 'Object Repository/RecAndPlayBk/Page-Vlink-Debit/input_Amount'

2024-05-16 00:45:57 - [TEST_STEP][PASSED] - setText(findTestObject("RecAndPlayBk/Page-Vlink-Debit/input_Check Email"), ""): Text '' is set on object 'Object Repository/RecAndPlayBk/Page-Vlink-Debit/input_Check Email'

2024-05-16 00:45:58 - [MESSAGE][PASSED] - Text '' is set on object 'Object Repository/RecAndPlayBk/Page-Vlink-Debit/input_Check Email'

2024-05-16 00:45:58 - [TEST_STEP][PASSED] - setText(findTestObject("Object Repository/RecAndPlayBk/Page-Vlink-Debit/input_concat(CheckWriter, , s SSN)_check_ssn"), ""): Text '' is set on object 'Object Repository/RecAndPlayBk/Page-Vlink-Debit/input_concat(CheckWriter, , s SSN)_check_ssn'

2024-05-16 00:45:59 - [MESSAGE][PASSED] - Text '' is set on object 'Object Repository/RecAndPlayBk/Page-Vlink-Debit/input_concat(CheckWriter, , s SSN)_check_ssn'

2024-05-16 00:45:59 - [TEST_STEP][PASSED] - setText(findTestObject("Object Repository/RecAndPlayBk/Page-Vlink-Debit/input_concat(CheckWriter, , s License Numbe_020fef"), ""): Text '' is set on object 'Object Repository/RecAndPlayBk/Page-Vlink-Debit/input_concat(CheckWriter, , s License Numbe_020fef'

2024-05-16 00:45:59 - [MESSAGE][PASSED] - Text '' is set on object 'Object Repository/RecAndPlayBk/Page-Vlink-Debit/input_concat(CheckWriter, , s License Numbe_020fef'

2024-05-16 00:45:59 - [TEST_STEP][PASSED] - setText(findTestObject("Object Repository/RecAndPlayBk/Page-Vlink-Debit/input_concat(CheckWriter, , s License State_21e3e7"), ""): Text '' is set on object 'Object Repository/RecAndPlayBk/Page-Vlink-Debit/input_concat(CheckWriter, , s License State_21e3e7'

2024-05-16 00:46:00 - [MESSAGE][PASSED] - Text '' is set on object 'Object Repository/RecAndPlayBk/Page-Vlink-Debit/input_concat(CheckWriter, , s License State_21e3e7'

2024-05-16 00:46:00 - [TEST_STEP][PASSED] - setText(findTestObject("RecAndPlayBk/Page-Vlink-Debit/input_Standard Entry Class"), sec): Text 'WEB' is set on object 'Object Repository/RecAndPlayBk/Page-Vlink-Debit/input_Standard Entry Class'

2024-05-16 00:46:01 - [MESSAGE][PASSED] - Text 'WEB' is set on object 'Object Repository/RecAndPlayBk/Page-Vlink-Debit/input_Standard Entry Class'

2024-05-16 00:46:01 - [TEST_STEP][PASSED] - click(findTestObject("Object Repository/RecAndPlayBk/Page-Vlink-Debit/input")): Object: 'Object Repository/RecAndPlayBk/Page-Vlink-Debit/input' is clicked on

2024-05-16 00:46:02 - [MESSAGE][PASSED] - Object: 'Object Repository/RecAndPlayBk/Page-Vlink-Debit/input' is clicked on

2024-05-16 00:46:02 - [TEST_STEP][PASSED] - if (verifyTextPresent("Transaction approved, no errors", true)): null

2024-05-16 00:46:02 - [MESSAGE][PASSED] - Text 'Transaction approved, no errors' is present on page  using regular expression

2024-05-16 00:46:02 - [TEST_STEP][PASSED] - println("Transaction Approved, no errors text is present on the Confirmation page"): null

2024-05-16 00:46:02 - [TEST_STEP][PASSED] - sdfo = getText(findTestObject("Object Repository/Page_VLinkReceipt/pre_STX")): Text of object 'Object Repository/Page_VLinkReceipt/pre_STX' is: '<STX>oO48xPOniNEr                  12151722            0  Transaction approved, no errors                   0                                                                                                              <ETX>'

2024-05-16 00:46:02 - [MESSAGE][PASSED] - Text of object 'Object Repository/Page_VLinkReceipt/pre_STX' is: '<STX>oO48xPOniNEr                  12151722            0  Transaction approved, no errors                   0                                                                                                              <ETX>'

2024-05-16 00:46:02 - [TEST_STEP][PASSED] - out.println("sdfo: " + sdfo): null

2024-05-16 00:46:02 - [TEST_STEP][PASSED] - remID = substring(5, 35).trim(): null

2024-05-16 00:46:02 - [TEST_STEP][PASSED] - out.println("remID: " + remID): null

2024-05-16 00:46:02 - [TEST_STEP][PASSED] - traxID = substring(35, 55).trim(): null

2024-05-16 00:46:02 - [TEST_STEP][PASSED] - out.println("traxID: " + traxID): null

2024-05-16 00:46:02 - [TEST_STEP][PASSED] - VLinkSaleRemID = remID: null

2024-05-16 00:46:02 - [TEST_STEP][PASSED] - VLinkSaleTranxID = traxID: null

2024-05-16 00:46:02 - [TEST_STEP][PASSED] - openBrowser(VLinkURL + "ACH_credit.html"): Browser is opened with url: 'https://dev-algorithm.govolution.com/vlinktest/QA2/version_2_0/ACH_credit.html'

2024-05-16 00:46:02 - [MESSAGE][WARNING] - A browser is already opened. Closing browser and opening a new one

2024-05-16 00:46:04 - [MESSAGE][INFO] - Starting 'Chrome' driver

2024-05-16 00:46:04 - [MESSAGE][INFO] - User set preference: ['acceptInsecureCerts', 'true']

2024-05-16 00:46:04 - [MESSAGE][INFO] - Action delay is set to 0 milliseconds

2024-05-16 00:46:06 - [MESSAGE][PASSED] - Browser is opened with url: 'https://dev-algorithm.govolution.com/vlinktest/QA2/version_2_0/ACH_credit.html'

2024-05-16 00:46:06 - [TEST_STEP][PASSED] - maximizeWindow(): Current window maximized

2024-05-16 00:46:06 - [MESSAGE][PASSED] - Current window maximized

2024-05-16 00:46:06 - [TEST_STEP][PASSED] - setText(findTestObject("Object Repository/RecAndPlayBk/Page-Vlink-ACH-Credit/input_Remittance Id"), VLinkSaleRemID): Text 'oO48xPOniNEr' is set on object 'Object Repository/RecAndPlayBk/Page-Vlink-ACH-Credit/input_Remittance Id'

2024-05-16 00:46:07 - [MESSAGE][PASSED] - Text 'oO48xPOniNEr' is set on object 'Object Repository/RecAndPlayBk/Page-Vlink-ACH-Credit/input_Remittance Id'

2024-05-16 00:46:07 - [TEST_STEP][PASSED] - setText(findTestObject("Object Repository/RecAndPlayBk/Page-Vlink-ACH-Credit/input_Application Id"), appID): Text '234' is set on object 'Object Repository/RecAndPlayBk/Page-Vlink-ACH-Credit/input_Application Id'

2024-05-16 00:46:07 - [MESSAGE][PASSED] - Text '234' is set on object 'Object Repository/RecAndPlayBk/Page-Vlink-ACH-Credit/input_Application Id'

2024-05-16 00:46:07 - [TEST_STEP][PASSED] - setText(findTestObject("Object Repository/RecAndPlayBk/Page-Vlink-ACH-Credit/input_Username"), username): Text 'username' is set on object 'Object Repository/RecAndPlayBk/Page-Vlink-ACH-Credit/input_Username'

2024-05-16 00:46:08 - [MESSAGE][PASSED] - Text 'username' is set on object 'Object Repository/RecAndPlayBk/Page-Vlink-ACH-Credit/input_Username'

2024-05-16 00:46:08 - [TEST_STEP][PASSED] - setText(findTestObject("Object Repository/RecAndPlayBk/Page-Vlink-ACH-Credit/input_Password"), password): Text 'password' is set on object 'Object Repository/RecAndPlayBk/Page-Vlink-ACH-Credit/input_Password'

2024-05-16 00:46:09 - [MESSAGE][PASSED] - Text 'password' is set on object 'Object Repository/RecAndPlayBk/Page-Vlink-ACH-Credit/input_Password'

2024-05-16 00:46:09 - [TEST_STEP][PASSED] - setText(findTestObject("Object Repository/RecAndPlayBk/Page-Vlink-ACH-Credit/input_Check Type"), checkType): Text 'P' is set on object 'Object Repository/RecAndPlayBk/Page-Vlink-ACH-Credit/input_Check Type'

2024-05-16 00:46:09 - [MESSAGE][PASSED] - Text 'P' is set on object 'Object Repository/RecAndPlayBk/Page-Vlink-ACH-Credit/input_Check Type'

2024-05-16 00:46:09 - [TEST_STEP][PASSED] - setText(findTestObject("Object Repository/RecAndPlayBk/Page-Vlink-ACH-Credit/input_Transaction ID"), VLinkSaleTranxID): Text '12151722' is set on object 'Object Repository/RecAndPlayBk/Page-Vlink-ACH-Credit/input_Transaction ID'

2024-05-16 00:46:10 - [MESSAGE][PASSED] - Text '12151722' is set on object 'Object Repository/RecAndPlayBk/Page-Vlink-ACH-Credit/input_Transaction ID'

2024-05-16 00:46:10 - [TEST_STEP][PASSED] - setText(findTestObject("Object Repository/RecAndPlayBk/Page-Vlink-ACH-Credit/input_Amount"), amount): Text '12.50' is set on object 'Object Repository/RecAndPlayBk/Page-Vlink-ACH-Credit/input_Amount'

2024-05-16 00:46:11 - [MESSAGE][PASSED] - Text '12.50' is set on object 'Object Repository/RecAndPlayBk/Page-Vlink-ACH-Credit/input_Amount'

2024-05-16 00:46:11 - [TEST_STEP][PASSED] - setText(findTestObject("Object Repository/RecAndPlayBk/Page-Vlink-ACH-Credit/input_Standard Entry Class"), sec): Text 'WEB' is set on object 'Object Repository/RecAndPlayBk/Page-Vlink-ACH-Credit/input_Standard Entry Class'

2024-05-16 00:46:11 - [MESSAGE][PASSED] - Text 'WEB' is set on object 'Object Repository/RecAndPlayBk/Page-Vlink-ACH-Credit/input_Standard Entry Class'

2024-05-16 00:46:11 - [TEST_STEP][PASSED] - setText(findTestObject("Object Repository/RecAndPlayBk/Page-Vlink-ACH-Credit/input_Account Number"), acNumber): Text '58963214' is set on object 'Object Repository/RecAndPlayBk/Page-Vlink-ACH-Credit/input_Account Number'

2024-05-16 00:46:12 - [MESSAGE][PASSED] - Text '58963214' is set on object 'Object Repository/RecAndPlayBk/Page-Vlink-ACH-Credit/input_Account Number'

2024-05-16 00:46:12 - [TEST_STEP][PASSED] - setText(findTestObject("Object Repository/RecAndPlayBk/Page-Vlink-ACH-Credit/input_Routing Number"), rtn): Text '256072691' is set on object 'Object Repository/RecAndPlayBk/Page-Vlink-ACH-Credit/input_Routing Number'

2024-05-16 00:46:13 - [MESSAGE][PASSED] - Text '256072691' is set on object 'Object Repository/RecAndPlayBk/Page-Vlink-ACH-Credit/input_Routing Number'

2024-05-16 00:46:13 - [TEST_STEP][PASSED] - click(findTestObject("Object Repository/RecAndPlayBk/Page-Vlink-ACH-Credit/input")): Object: 'Object Repository/RecAndPlayBk/Page-Vlink-ACH-Credit/input' is clicked on

2024-05-16 00:46:13 - [MESSAGE][PASSED] - Object: 'Object Repository/RecAndPlayBk/Page-Vlink-ACH-Credit/input' is clicked on

2024-05-16 00:46:13 - [TEST_STEP][PASSED] - if (verifyTextPresent("Transaction approved, no errors", true)): null

2024-05-16 00:46:14 - [MESSAGE][PASSED] - Text 'Transaction approved, no errors' is present on page  using regular expression

2024-05-16 00:46:14 - [TEST_STEP][PASSED] - println("Transaction Approved, no errors text is present on the Confirmation page"): null

2024-05-16 00:46:14 - [TEST_STEP][PASSED] - sdfo = getText(findTestObject("Object Repository/Page_VLinkReceipt/pre_STX")): Text of object 'Object Repository/Page_VLinkReceipt/pre_STX' is: '<STX>oO48xPOniNEr                  12151723            0  Transaction approved, no errors                   0                                                                                                              <ETX>'

2024-05-16 00:46:14 - [MESSAGE][PASSED] - Text of object 'Object Repository/Page_VLinkReceipt/pre_STX' is: '<STX>oO48xPOniNEr                  12151723            0  Transaction approved, no errors                   0                                                                                                              <ETX>'

2024-05-16 00:46:14 - [TEST_STEP][PASSED] - out.println("sdfo: " + sdfo): null

2024-05-16 00:46:14 - [TEST_STEP][PASSED] - remID = substring(5, 35).trim(): null

2024-05-16 00:46:14 - [TEST_STEP][PASSED] - out.println("remID: " + remID): null

2024-05-16 00:46:14 - [TEST_STEP][PASSED] - traxID = substring(35, 55).trim(): null

2024-05-16 00:46:14 - [TEST_STEP][PASSED] - out.println("traxID: " + traxID): null

2024-05-16 00:46:14 - [TEST_STEP][PASSED] - VLinkSaleRemID = remID: null

2024-05-16 00:46:14 - [TEST_STEP][PASSED] - VLinkSaleTranxID = traxID: null

2024-05-16 00:46:14 - [TEST_STEP][PASSED] - openBrowser(VLinkURL + "ACH_void.html"): Browser is opened with url: 'https://dev-algorithm.govolution.com/vlinktest/QA2/version_2_0/ACH_void.html'

2024-05-16 00:46:14 - [MESSAGE][WARNING] - A browser is already opened. Closing browser and opening a new one

2024-05-16 00:46:15 - [MESSAGE][INFO] - Starting 'Chrome' driver

2024-05-16 00:46:15 - [MESSAGE][INFO] - User set preference: ['acceptInsecureCerts', 'true']

2024-05-16 00:46:15 - [MESSAGE][INFO] - Action delay is set to 0 milliseconds

2024-05-16 00:46:17 - [MESSAGE][PASSED] - Browser is opened with url: 'https://dev-algorithm.govolution.com/vlinktest/QA2/version_2_0/ACH_void.html'

2024-05-16 00:46:17 - [TEST_STEP][PASSED] - maximizeWindow(): Current window maximized

2024-05-16 00:46:17 - [MESSAGE][PASSED] - Current window maximized

2024-05-16 00:46:17 - [TEST_STEP][PASSED] - setText(findTestObject("Object Repository/RecAndPlayBk/Page-Vlink-ACH-Void/input_Remittance Id"), VLinkSaleRemID): Text 'oO48xPOniNEr' is set on object 'Object Repository/RecAndPlayBk/Page-Vlink-ACH-Void/input_Remittance Id'

2024-05-16 00:46:18 - [MESSAGE][PASSED] - Text 'oO48xPOniNEr' is set on object 'Object Repository/RecAndPlayBk/Page-Vlink-ACH-Void/input_Remittance Id'

2024-05-16 00:46:18 - [TEST_STEP][PASSED] - setText(findTestObject("Object Repository/RecAndPlayBk/Page-Vlink-ACH-Void/input_Application Id"), appID): Text '234' is set on object 'Object Repository/RecAndPlayBk/Page-Vlink-ACH-Void/input_Application Id'

2024-05-16 00:46:19 - [MESSAGE][PASSED] - Text '234' is set on object 'Object Repository/RecAndPlayBk/Page-Vlink-ACH-Void/input_Application Id'

2024-05-16 00:46:19 - [TEST_STEP][PASSED] - setText(findTestObject("Object Repository/RecAndPlayBk/Page-Vlink-ACH-Void/input_Username"), username): Text 'username' is set on object 'Object Repository/RecAndPlayBk/Page-Vlink-ACH-Void/input_Username'

2024-05-16 00:46:20 - [MESSAGE][PASSED] - Text 'username' is set on object 'Object Repository/RecAndPlayBk/Page-Vlink-ACH-Void/input_Username'

2024-05-16 00:46:20 - [TEST_STEP][PASSED] - setText(findTestObject("Object Repository/RecAndPlayBk/Page-Vlink-ACH-Void/input_Password"), password): Text 'password' is set on object 'Object Repository/RecAndPlayBk/Page-Vlink-ACH-Void/input_Password'

2024-05-16 00:46:20 - [MESSAGE][PASSED] - Text 'password' is set on object 'Object Repository/RecAndPlayBk/Page-Vlink-ACH-Void/input_Password'

2024-05-16 00:46:20 - [TEST_STEP][PASSED] - setText(findTestObject("Object Repository/RecAndPlayBk/Page-Vlink-ACH-Void/input_Check Type"), checkType): Text 'P' is set on object 'Object Repository/RecAndPlayBk/Page-Vlink-ACH-Void/input_Check Type'

2024-05-16 00:46:21 - [MESSAGE][PASSED] - Text 'P' is set on object 'Object Repository/RecAndPlayBk/Page-Vlink-ACH-Void/input_Check Type'

2024-05-16 00:46:21 - [TEST_STEP][PASSED] - setText(findTestObject("Object Repository/RecAndPlayBk/Page-Vlink-ACH-Void/input_Standard Entry Class"), sec): Text 'WEB' is set on object 'Object Repository/RecAndPlayBk/Page-Vlink-ACH-Void/input_Standard Entry Class'

2024-05-16 00:46:21 - [MESSAGE][PASSED] - Text 'WEB' is set on object 'Object Repository/RecAndPlayBk/Page-Vlink-ACH-Void/input_Standard Entry Class'

2024-05-16 00:46:21 - [TEST_STEP][PASSED] - setText(findTestObject("Object Repository/RecAndPlayBk/Page-Vlink-ACH-Void/input_Transaction ID"), VLinkSaleTranxID): Text '12151723' is set on object 'Object Repository/RecAndPlayBk/Page-Vlink-ACH-Void/input_Transaction ID'

2024-05-16 00:46:22 - [MESSAGE][PASSED] - Text '12151723' is set on object 'Object Repository/RecAndPlayBk/Page-Vlink-ACH-Void/input_Transaction ID'

2024-05-16 00:46:22 - [TEST_STEP][PASSED] - setText(findTestObject("Object Repository/RecAndPlayBk/Page-Vlink-ACH-Void/input_Original Transaction Type"), "201"): Text '201' is set on object 'Object Repository/RecAndPlayBk/Page-Vlink-ACH-Void/input_Original Transaction Type'

2024-05-16 00:46:23 - [MESSAGE][PASSED] - Text '201' is set on object 'Object Repository/RecAndPlayBk/Page-Vlink-ACH-Void/input_Original Transaction Type'

2024-05-16 00:46:23 - [TEST_STEP][PASSED] - click(findTestObject("Object Repository/RecAndPlayBk/Page-Vlink-ACH-Void/input")): Object: 'Object Repository/RecAndPlayBk/Page-Vlink-ACH-Void/input' is clicked on

2024-05-16 00:46:24 - [MESSAGE][PASSED] - Object: 'Object Repository/RecAndPlayBk/Page-Vlink-ACH-Void/input' is clicked on

2024-05-16 00:46:24 - [TEST_STEP][PASSED] - if (verifyTextPresent("Transaction approved, no errors", true)): null

2024-05-16 00:46:24 - [MESSAGE][PASSED] - Text 'Transaction approved, no errors' is present on page  using regular expression

2024-05-16 00:46:24 - [TEST_STEP][PASSED] - println("Transaction Approved, no errors text is present on the Confirmation page"): null

2024-05-16 00:46:24 - [TEST_STEP][PASSED] - out.println("Pass Record Number: " + row): null

2024-05-16 00:46:24 - [TEST_STEP][PASSED] - resText = "Pass": null

2024-05-16 00:46:24 - [TEST_STEP][PASSED] - pages.WriteExcel.demoKey(resText, datText, resColumn, datCloumn, fileLoc, nameSheet, row): pages.WriteExcel.demoKey is PASSED

2024-05-16 00:46:24 - [MESSAGE][PASSED] - pages.WriteExcel.demoKey is PASSED

2024-05-16 00:46:24 - [TEST_STEP][PASSED] - ExecuteTC = findTestData(dataFile).getValue("Execute", row): null

2024-05-16 00:46:24 - [TEST_STEP][PASSED] - out.println("Value of Execute is : " + ExecuteTC): null

2024-05-16 00:46:24 - [TEST_STEP][PASSED] - switch (executionProfile): null

2024-05-16 00:46:24 - [TEST_STEP][PASSED] - case "QA2Profile":: null

2024-05-16 00:46:24 - [TEST_STEP][PASSED] - appID = findTestData(dataFile).getValue("AppIDQA", row): null

2024-05-16 00:46:24 - [TEST_STEP][PASSED] - username = findTestData(dataFile).getValue("UsernameQA", row): null

2024-05-16 00:46:24 - [TEST_STEP][PASSED] - password = findTestData(dataFile).getValue("PasswordQA", row): null

2024-05-16 00:46:24 - [TEST_STEP][PASSED] - break: null

2024-05-16 00:46:24 - [TEST_STEP][PASSED] - if (ExecuteTC.equalsIgnoreCase("Y")): null

2024-05-16 00:46:24 - [TEST_STEP][PASSED] - out.println("Begin Record Number: " + row): null

2024-05-16 00:46:24 - [TEST_STEP][PASSED] - today = new java.util.Date(): null

2024-05-16 00:46:24 - [TEST_STEP][PASSED] - println(today): null

2024-05-16 00:46:24 - [TEST_STEP][PASSED] - datText = today: null

2024-05-16 00:46:24 - [TEST_STEP][PASSED] - checkType = findTestData(dataFile).getValue("CheckType", row): null

2024-05-16 00:46:24 - [TEST_STEP][PASSED] - acNumber = findTestData(dataFile).getValue("AcNumber", row): null

2024-05-16 00:46:25 - [TEST_STEP][PASSED] - company = findTestData(dataFile).getValue("Company", row): null

2024-05-16 00:46:25 - [TEST_STEP][PASSED] - acType = findTestData(dataFile).getValue("AcType", row): null

2024-05-16 00:46:25 - [TEST_STEP][PASSED] - rtn = findTestData(dataFile).getValue("RTN", row): null

2024-05-16 00:46:25 - [TEST_STEP][PASSED] - amount = findTestData(dataFile).getValue("Amount", row): null

2024-05-16 00:46:25 - [TEST_STEP][PASSED] - sec = findTestData(dataFile).getValue("SEC", row): null

2024-05-16 00:46:25 - [TEST_STEP][PASSED] - openBrowser(VLinkURL + "debit.html"): Browser is opened with url: 'https://dev-algorithm.govolution.com/vlinktest/QA2/version_2_0/debit.html'

2024-05-16 00:46:25 - [MESSAGE][WARNING] - A browser is already opened. Closing browser and opening a new one

2024-05-16 00:46:26 - [MESSAGE][INFO] - Starting 'Chrome' driver

2024-05-16 00:46:26 - [MESSAGE][INFO] - User set preference: ['acceptInsecureCerts', 'true']

2024-05-16 00:46:26 - [MESSAGE][INFO] - Action delay is set to 0 milliseconds

2024-05-16 00:46:28 - [MESSAGE][PASSED] - Browser is opened with url: 'https://dev-algorithm.govolution.com/vlinktest/QA2/version_2_0/debit.html'

2024-05-16 00:46:28 - [TEST_STEP][PASSED] - maximizeWindow(): Current window maximized

2024-05-16 00:46:28 - [MESSAGE][PASSED] - Current window maximized

2024-05-16 00:46:28 - [TEST_STEP][PASSED] - genRemID = RandomStringUtils.random(12, true, true): null

2024-05-16 00:46:28 - [TEST_STEP][PASSED] - setText(findTestObject("RecAndPlayBk/Page-Vlink-Debit/input_Remittance Id"), genRemID): Text '3PfqqttCdxcT' is set on object 'Object Repository/RecAndPlayBk/Page-Vlink-Debit/input_Remittance Id'

2024-05-16 00:46:29 - [MESSAGE][PASSED] - Text '3PfqqttCdxcT' is set on object 'Object Repository/RecAndPlayBk/Page-Vlink-Debit/input_Remittance Id'

2024-05-16 00:46:29 - [TEST_STEP][PASSED] - setText(findTestObject("RecAndPlayBk/Page-Vlink-Debit/input_Application Id"), appID): Text '234' is set on object 'Object Repository/RecAndPlayBk/Page-Vlink-Debit/input_Application Id'

2024-05-16 00:46:30 - [MESSAGE][PASSED] - Text '234' is set on object 'Object Repository/RecAndPlayBk/Page-Vlink-Debit/input_Application Id'

2024-05-16 00:46:30 - [TEST_STEP][PASSED] - setText(findTestObject("RecAndPlayBk/Page-Vlink-Debit/input_Username"), username): Text 'username' is set on object 'Object Repository/RecAndPlayBk/Page-Vlink-Debit/input_Username'

2024-05-16 00:46:31 - [MESSAGE][PASSED] - Text 'username' is set on object 'Object Repository/RecAndPlayBk/Page-Vlink-Debit/input_Username'

2024-05-16 00:46:31 - [TEST_STEP][PASSED] - setText(findTestObject("RecAndPlayBk/Page-Vlink-Debit/input_Password"), password): Text 'password' is set on object 'Object Repository/RecAndPlayBk/Page-Vlink-Debit/input_Password'

2024-05-16 00:46:31 - [MESSAGE][PASSED] - Text 'password' is set on object 'Object Repository/RecAndPlayBk/Page-Vlink-Debit/input_Password'

2024-05-16 00:46:31 - [TEST_STEP][PASSED] - setText(findTestObject("RecAndPlayBk/Page-Vlink-Debit/input_Check Type"), checkType): Text 'P' is set on object 'Object Repository/RecAndPlayBk/Page-Vlink-Debit/input_Check Type'

2024-05-16 00:46:32 - [MESSAGE][PASSED] - Text 'P' is set on object 'Object Repository/RecAndPlayBk/Page-Vlink-Debit/input_Check Type'

2024-05-16 00:46:32 - [TEST_STEP][PASSED] - setText(findTestObject("RecAndPlayBk/Page-Vlink-Debit/input_Account_check"), acNumber): Text '58963214' is set on object 'Object Repository/RecAndPlayBk/Page-Vlink-Debit/input_Account_check'

2024-05-16 00:46:32 - [MESSAGE][PASSED] - Text '58963214' is set on object 'Object Repository/RecAndPlayBk/Page-Vlink-Debit/input_Account_check'

2024-05-16 00:46:32 - [TEST_STEP][PASSED] - setText(findTestObject("RecAndPlayBk/Page-Vlink-Debit/input_Company_check"), company): Text '' is set on object 'Object Repository/RecAndPlayBk/Page-Vlink-Debit/input_Company_check'

2024-05-16 00:46:33 - [MESSAGE][PASSED] - Text '' is set on object 'Object Repository/RecAndPlayBk/Page-Vlink-Debit/input_Company_check'

2024-05-16 00:46:33 - [TEST_STEP][PASSED] - setText(findTestObject("RecAndPlayBk/Page-Vlink-Debit/input_Account Type"), acType): Text '1' is set on object 'Object Repository/RecAndPlayBk/Page-Vlink-Debit/input_Account Type'

2024-05-16 00:46:34 - [MESSAGE][PASSED] - Text '1' is set on object 'Object Repository/RecAndPlayBk/Page-Vlink-Debit/input_Account Type'

2024-05-16 00:46:34 - [TEST_STEP][PASSED] - setText(findTestObject("RecAndPlayBk/Page-Vlink-Debit/input_Routing Number"), rtn): Text '256072691' is set on object 'Object Repository/RecAndPlayBk/Page-Vlink-Debit/input_Routing Number'

2024-05-16 00:46:34 - [MESSAGE][PASSED] - Text '256072691' is set on object 'Object Repository/RecAndPlayBk/Page-Vlink-Debit/input_Routing Number'

2024-05-16 00:46:34 - [TEST_STEP][PASSED] - setText(findTestObject("RecAndPlayBk/Page-Vlink-Debit/input_Amount"), amount): Text '12.50' is set on object 'Object Repository/RecAndPlayBk/Page-Vlink-Debit/input_Amount'

2024-05-16 00:46:35 - [MESSAGE][PASSED] - Text '12.50' is set on object 'Object Repository/RecAndPlayBk/Page-Vlink-Debit/input_Amount'

2024-05-16 00:46:35 - [TEST_STEP][PASSED] - setText(findTestObject("RecAndPlayBk/Page-Vlink-Debit/input_Check Email"), ""): Text '' is set on object 'Object Repository/RecAndPlayBk/Page-Vlink-Debit/input_Check Email'

2024-05-16 00:46:36 - [MESSAGE][PASSED] - Text '' is set on object 'Object Repository/RecAndPlayBk/Page-Vlink-Debit/input_Check Email'

2024-05-16 00:46:36 - [TEST_STEP][PASSED] - setText(findTestObject("Object Repository/RecAndPlayBk/Page-Vlink-Debit/input_concat(CheckWriter, , s SSN)_check_ssn"), ""): Text '' is set on object 'Object Repository/RecAndPlayBk/Page-Vlink-Debit/input_concat(CheckWriter, , s SSN)_check_ssn'

2024-05-16 00:46:36 - [MESSAGE][PASSED] - Text '' is set on object 'Object Repository/RecAndPlayBk/Page-Vlink-Debit/input_concat(CheckWriter, , s SSN)_check_ssn'

2024-05-16 00:46:36 - [TEST_STEP][PASSED] - setText(findTestObject("Object Repository/RecAndPlayBk/Page-Vlink-Debit/input_concat(CheckWriter, , s License Numbe_020fef"), ""): Text '' is set on object 'Object Repository/RecAndPlayBk/Page-Vlink-Debit/input_concat(CheckWriter, , s License Numbe_020fef'

2024-05-16 00:46:37 - [MESSAGE][PASSED] - Text '' is set on object 'Object Repository/RecAndPlayBk/Page-Vlink-Debit/input_concat(CheckWriter, , s License Numbe_020fef'

2024-05-16 00:46:37 - [TEST_STEP][PASSED] - setText(findTestObject("Object Repository/RecAndPlayBk/Page-Vlink-Debit/input_concat(CheckWriter, , s License State_21e3e7"), ""): Text '' is set on object 'Object Repository/RecAndPlayBk/Page-Vlink-Debit/input_concat(CheckWriter, , s License State_21e3e7'

2024-05-16 00:46:37 - [MESSAGE][PASSED] - Text '' is set on object 'Object Repository/RecAndPlayBk/Page-Vlink-Debit/input_concat(CheckWriter, , s License State_21e3e7'

2024-05-16 00:46:37 - [TEST_STEP][PASSED] - setText(findTestObject("RecAndPlayBk/Page-Vlink-Debit/input_Standard Entry Class"), sec): Text 'TEL' is set on object 'Object Repository/RecAndPlayBk/Page-Vlink-Debit/input_Standard Entry Class'

2024-05-16 00:46:38 - [MESSAGE][PASSED] - Text 'TEL' is set on object 'Object Repository/RecAndPlayBk/Page-Vlink-Debit/input_Standard Entry Class'

2024-05-16 00:46:38 - [TEST_STEP][PASSED] - click(findTestObject("Object Repository/RecAndPlayBk/Page-Vlink-Debit/input")): Object: 'Object Repository/RecAndPlayBk/Page-Vlink-Debit/input' is clicked on

2024-05-16 00:46:39 - [MESSAGE][PASSED] - Object: 'Object Repository/RecAndPlayBk/Page-Vlink-Debit/input' is clicked on

2024-05-16 00:46:39 - [TEST_STEP][PASSED] - if (verifyTextPresent("Transaction approved, no errors", true)): null

2024-05-16 00:46:39 - [MESSAGE][PASSED] - Text 'Transaction approved, no errors' is present on page  using regular expression

2024-05-16 00:46:39 - [TEST_STEP][PASSED] - println("Transaction Approved, no errors text is present on the Confirmation page"): null

2024-05-16 00:46:39 - [TEST_STEP][PASSED] - sdfo = getText(findTestObject("Object Repository/Page_VLinkReceipt/pre_STX")): Text of object 'Object Repository/Page_VLinkReceipt/pre_STX' is: '<STX>3PfqqttCdxcT                  12151725            0  Transaction approved, no errors                   0                                                                                                              <ETX>'

2024-05-16 00:46:40 - [MESSAGE][PASSED] - Text of object 'Object Repository/Page_VLinkReceipt/pre_STX' is: '<STX>3PfqqttCdxcT                  12151725            0  Transaction approved, no errors                   0                                                                                                              <ETX>'

2024-05-16 00:46:40 - [TEST_STEP][PASSED] - out.println("sdfo: " + sdfo): null

2024-05-16 00:46:40 - [TEST_STEP][PASSED] - remID = substring(5, 35).trim(): null

2024-05-16 00:46:40 - [TEST_STEP][PASSED] - out.println("remID: " + remID): null

2024-05-16 00:46:40 - [TEST_STEP][PASSED] - traxID = substring(35, 55).trim(): null

2024-05-16 00:46:40 - [TEST_STEP][PASSED] - out.println("traxID: " + traxID): null

2024-05-16 00:46:40 - [TEST_STEP][PASSED] - VLinkSaleRemID = remID: null

2024-05-16 00:46:40 - [TEST_STEP][PASSED] - VLinkSaleTranxID = traxID: null

2024-05-16 00:46:40 - [TEST_STEP][PASSED] - openBrowser(VLinkURL + "ACH_credit.html"): Browser is opened with url: 'https://dev-algorithm.govolution.com/vlinktest/QA2/version_2_0/ACH_credit.html'

2024-05-16 00:46:40 - [MESSAGE][WARNING] - A browser is already opened. Closing browser and opening a new one

2024-05-16 00:46:41 - [MESSAGE][INFO] - Starting 'Chrome' driver

2024-05-16 00:46:41 - [MESSAGE][INFO] - User set preference: ['acceptInsecureCerts', 'true']

2024-05-16 00:46:41 - [MESSAGE][INFO] - Action delay is set to 0 milliseconds

2024-05-16 00:46:43 - [MESSAGE][PASSED] - Browser is opened with url: 'https://dev-algorithm.govolution.com/vlinktest/QA2/version_2_0/ACH_credit.html'

2024-05-16 00:46:43 - [TEST_STEP][PASSED] - maximizeWindow(): Current window maximized

2024-05-16 00:46:43 - [MESSAGE][PASSED] - Current window maximized

2024-05-16 00:46:43 - [TEST_STEP][PASSED] - setText(findTestObject("Object Repository/RecAndPlayBk/Page-Vlink-ACH-Credit/input_Remittance Id"), VLinkSaleRemID): Text '3PfqqttCdxcT' is set on object 'Object Repository/RecAndPlayBk/Page-Vlink-ACH-Credit/input_Remittance Id'

2024-05-16 00:46:44 - [MESSAGE][PASSED] - Text '3PfqqttCdxcT' is set on object 'Object Repository/RecAndPlayBk/Page-Vlink-ACH-Credit/input_Remittance Id'

2024-05-16 00:46:44 - [TEST_STEP][PASSED] - setText(findTestObject("Object Repository/RecAndPlayBk/Page-Vlink-ACH-Credit/input_Application Id"), appID): Text '234' is set on object 'Object Repository/RecAndPlayBk/Page-Vlink-ACH-Credit/input_Application Id'

2024-05-16 00:46:45 - [MESSAGE][PASSED] - Text '234' is set on object 'Object Repository/RecAndPlayBk/Page-Vlink-ACH-Credit/input_Application Id'

2024-05-16 00:46:45 - [TEST_STEP][PASSED] - setText(findTestObject("Object Repository/RecAndPlayBk/Page-Vlink-ACH-Credit/input_Username"), username): Text 'username' is set on object 'Object Repository/RecAndPlayBk/Page-Vlink-ACH-Credit/input_Username'

2024-05-16 00:46:46 - [MESSAGE][PASSED] - Text 'username' is set on object 'Object Repository/RecAndPlayBk/Page-Vlink-ACH-Credit/input_Username'

2024-05-16 00:46:46 - [TEST_STEP][PASSED] - setText(findTestObject("Object Repository/RecAndPlayBk/Page-Vlink-ACH-Credit/input_Password"), password): Text 'password' is set on object 'Object Repository/RecAndPlayBk/Page-Vlink-ACH-Credit/input_Password'

2024-05-16 00:46:46 - [MESSAGE][PASSED] - Text 'password' is set on object 'Object Repository/RecAndPlayBk/Page-Vlink-ACH-Credit/input_Password'

2024-05-16 00:46:46 - [TEST_STEP][PASSED] - setText(findTestObject("Object Repository/RecAndPlayBk/Page-Vlink-ACH-Credit/input_Check Type"), checkType): Text 'P' is set on object 'Object Repository/RecAndPlayBk/Page-Vlink-ACH-Credit/input_Check Type'

2024-05-16 00:46:47 - [MESSAGE][PASSED] - Text 'P' is set on object 'Object Repository/RecAndPlayBk/Page-Vlink-ACH-Credit/input_Check Type'

2024-05-16 00:46:47 - [TEST_STEP][PASSED] - setText(findTestObject("Object Repository/RecAndPlayBk/Page-Vlink-ACH-Credit/input_Transaction ID"), VLinkSaleTranxID): Text '12151725' is set on object 'Object Repository/RecAndPlayBk/Page-Vlink-ACH-Credit/input_Transaction ID'

2024-05-16 00:46:48 - [MESSAGE][PASSED] - Text '12151725' is set on object 'Object Repository/RecAndPlayBk/Page-Vlink-ACH-Credit/input_Transaction ID'

2024-05-16 00:46:48 - [TEST_STEP][PASSED] - setText(findTestObject("Object Repository/RecAndPlayBk/Page-Vlink-ACH-Credit/input_Amount"), amount): Text '12.50' is set on object 'Object Repository/RecAndPlayBk/Page-Vlink-ACH-Credit/input_Amount'

2024-05-16 00:46:48 - [MESSAGE][PASSED] - Text '12.50' is set on object 'Object Repository/RecAndPlayBk/Page-Vlink-ACH-Credit/input_Amount'

2024-05-16 00:46:48 - [TEST_STEP][PASSED] - setText(findTestObject("Object Repository/RecAndPlayBk/Page-Vlink-ACH-Credit/input_Standard Entry Class"), sec): Text 'TEL' is set on object 'Object Repository/RecAndPlayBk/Page-Vlink-ACH-Credit/input_Standard Entry Class'

2024-05-16 00:46:49 - [MESSAGE][PASSED] - Text 'TEL' is set on object 'Object Repository/RecAndPlayBk/Page-Vlink-ACH-Credit/input_Standard Entry Class'

2024-05-16 00:46:49 - [TEST_STEP][PASSED] - setText(findTestObject("Object Repository/RecAndPlayBk/Page-Vlink-ACH-Credit/input_Account Number"), acNumber): Text '58963214' is set on object 'Object Repository/RecAndPlayBk/Page-Vlink-ACH-Credit/input_Account Number'

2024-05-16 00:46:50 - [MESSAGE][PASSED] - Text '58963214' is set on object 'Object Repository/RecAndPlayBk/Page-Vlink-ACH-Credit/input_Account Number'

2024-05-16 00:46:50 - [TEST_STEP][PASSED] - setText(findTestObject("Object Repository/RecAndPlayBk/Page-Vlink-ACH-Credit/input_Routing Number"), rtn): Text '256072691' is set on object 'Object Repository/RecAndPlayBk/Page-Vlink-ACH-Credit/input_Routing Number'

2024-05-16 00:46:50 - [MESSAGE][PASSED] - Text '256072691' is set on object 'Object Repository/RecAndPlayBk/Page-Vlink-ACH-Credit/input_Routing Number'

2024-05-16 00:46:50 - [TEST_STEP][PASSED] - click(findTestObject("Object Repository/RecAndPlayBk/Page-Vlink-ACH-Credit/input")): Object: 'Object Repository/RecAndPlayBk/Page-Vlink-ACH-Credit/input' is clicked on

2024-05-16 00:46:51 - [MESSAGE][PASSED] - Object: 'Object Repository/RecAndPlayBk/Page-Vlink-ACH-Credit/input' is clicked on

2024-05-16 00:46:51 - [TEST_STEP][PASSED] - if (verifyTextPresent("Transaction approved, no errors", true)): null

2024-05-16 00:46:51 - [MESSAGE][PASSED] - Text 'Transaction approved, no errors' is present on page  using regular expression

2024-05-16 00:46:51 - [TEST_STEP][PASSED] - println("Transaction Approved, no errors text is present on the Confirmation page"): null

2024-05-16 00:46:51 - [TEST_STEP][PASSED] - sdfo = getText(findTestObject("Object Repository/Page_VLinkReceipt/pre_STX")): Text of object 'Object Repository/Page_VLinkReceipt/pre_STX' is: '<STX>3PfqqttCdxcT                  12151726            0  Transaction approved, no errors                   0                                                                                                              <ETX>'

2024-05-16 00:46:52 - [MESSAGE][PASSED] - Text of object 'Object Repository/Page_VLinkReceipt/pre_STX' is: '<STX>3PfqqttCdxcT                  12151726            0  Transaction approved, no errors                   0                                                                                                              <ETX>'

2024-05-16 00:46:52 - [TEST_STEP][PASSED] - out.println("sdfo: " + sdfo): null

2024-05-16 00:46:52 - [TEST_STEP][PASSED] - remID = substring(5, 35).trim(): null

2024-05-16 00:46:52 - [TEST_STEP][PASSED] - out.println("remID: " + remID): null

2024-05-16 00:46:52 - [TEST_STEP][PASSED] - traxID = substring(35, 55).trim(): null

2024-05-16 00:46:52 - [TEST_STEP][PASSED] - out.println("traxID: " + traxID): null

2024-05-16 00:46:52 - [TEST_STEP][PASSED] - VLinkSaleRemID = remID: null

2024-05-16 00:46:52 - [TEST_STEP][PASSED] - VLinkSaleTranxID = traxID: null

2024-05-16 00:46:52 - [TEST_STEP][PASSED] - openBrowser(VLinkURL + "ACH_void.html"): Browser is opened with url: 'https://dev-algorithm.govolution.com/vlinktest/QA2/version_2_0/ACH_void.html'

2024-05-16 00:46:52 - [MESSAGE][WARNING] - A browser is already opened. Closing browser and opening a new one

2024-05-16 00:46:53 - [MESSAGE][INFO] - Starting 'Chrome' driver

2024-05-16 00:46:53 - [MESSAGE][INFO] - User set preference: ['acceptInsecureCerts', 'true']

2024-05-16 00:46:53 - [MESSAGE][INFO] - Action delay is set to 0 milliseconds

2024-05-16 00:46:55 - [MESSAGE][PASSED] - Browser is opened with url: 'https://dev-algorithm.govolution.com/vlinktest/QA2/version_2_0/ACH_void.html'

2024-05-16 00:46:55 - [TEST_STEP][PASSED] - maximizeWindow(): Current window maximized

2024-05-16 00:46:55 - [MESSAGE][PASSED] - Current window maximized

2024-05-16 00:46:55 - [TEST_STEP][PASSED] - setText(findTestObject("Object Repository/RecAndPlayBk/Page-Vlink-ACH-Void/input_Remittance Id"), VLinkSaleRemID): Text '3PfqqttCdxcT' is set on object 'Object Repository/RecAndPlayBk/Page-Vlink-ACH-Void/input_Remittance Id'

2024-05-16 00:46:56 - [MESSAGE][PASSED] - Text '3PfqqttCdxcT' is set on object 'Object Repository/RecAndPlayBk/Page-Vlink-ACH-Void/input_Remittance Id'

2024-05-16 00:46:56 - [TEST_STEP][PASSED] - setText(findTestObject("Object Repository/RecAndPlayBk/Page-Vlink-ACH-Void/input_Application Id"), appID): Text '234' is set on object 'Object Repository/RecAndPlayBk/Page-Vlink-ACH-Void/input_Application Id'

2024-05-16 00:46:57 - [MESSAGE][PASSED] - Text '234' is set on object 'Object Repository/RecAndPlayBk/Page-Vlink-ACH-Void/input_Application Id'

2024-05-16 00:46:57 - [TEST_STEP][PASSED] - setText(findTestObject("Object Repository/RecAndPlayBk/Page-Vlink-ACH-Void/input_Username"), username): Text 'username' is set on object 'Object Repository/RecAndPlayBk/Page-Vlink-ACH-Void/input_Username'

2024-05-16 00:46:57 - [MESSAGE][PASSED] - Text 'username' is set on object 'Object Repository/RecAndPlayBk/Page-Vlink-ACH-Void/input_Username'

2024-05-16 00:46:57 - [TEST_STEP][PASSED] - setText(findTestObject("Object Repository/RecAndPlayBk/Page-Vlink-ACH-Void/input_Password"), password): Text 'password' is set on object 'Object Repository/RecAndPlayBk/Page-Vlink-ACH-Void/input_Password'

2024-05-16 00:46:58 - [MESSAGE][PASSED] - Text 'password' is set on object 'Object Repository/RecAndPlayBk/Page-Vlink-ACH-Void/input_Password'

2024-05-16 00:46:58 - [TEST_STEP][PASSED] - setText(findTestObject("Object Repository/RecAndPlayBk/Page-Vlink-ACH-Void/input_Check Type"), checkType): Text 'P' is set on object 'Object Repository/RecAndPlayBk/Page-Vlink-ACH-Void/input_Check Type'

2024-05-16 00:46:58 - [MESSAGE][PASSED] - Text 'P' is set on object 'Object Repository/RecAndPlayBk/Page-Vlink-ACH-Void/input_Check Type'

2024-05-16 00:46:58 - [TEST_STEP][PASSED] - setText(findTestObject("Object Repository/RecAndPlayBk/Page-Vlink-ACH-Void/input_Standard Entry Class"), sec): Text 'TEL' is set on object 'Object Repository/RecAndPlayBk/Page-Vlink-ACH-Void/input_Standard Entry Class'

2024-05-16 00:46:59 - [MESSAGE][PASSED] - Text 'TEL' is set on object 'Object Repository/RecAndPlayBk/Page-Vlink-ACH-Void/input_Standard Entry Class'

2024-05-16 00:46:59 - [TEST_STEP][PASSED] - setText(findTestObject("Object Repository/RecAndPlayBk/Page-Vlink-ACH-Void/input_Transaction ID"), VLinkSaleTranxID): Text '12151726' is set on object 'Object Repository/RecAndPlayBk/Page-Vlink-ACH-Void/input_Transaction ID'

2024-05-16 00:47:00 - [MESSAGE][PASSED] - Text '12151726' is set on object 'Object Repository/RecAndPlayBk/Page-Vlink-ACH-Void/input_Transaction ID'

2024-05-16 00:47:00 - [TEST_STEP][PASSED] - setText(findTestObject("Object Repository/RecAndPlayBk/Page-Vlink-ACH-Void/input_Original Transaction Type"), "201"): Text '201' is set on object 'Object Repository/RecAndPlayBk/Page-Vlink-ACH-Void/input_Original Transaction Type'

2024-05-16 00:47:00 - [MESSAGE][PASSED] - Text '201' is set on object 'Object Repository/RecAndPlayBk/Page-Vlink-ACH-Void/input_Original Transaction Type'

2024-05-16 00:47:00 - [TEST_STEP][PASSED] - click(findTestObject("Object Repository/RecAndPlayBk/Page-Vlink-ACH-Void/input")): Object: 'Object Repository/RecAndPlayBk/Page-Vlink-ACH-Void/input' is clicked on

2024-05-16 00:47:01 - [MESSAGE][PASSED] - Object: 'Object Repository/RecAndPlayBk/Page-Vlink-ACH-Void/input' is clicked on

2024-05-16 00:47:01 - [TEST_STEP][PASSED] - if (verifyTextPresent("Transaction approved, no errors", true)): null

2024-05-16 00:47:02 - [MESSAGE][PASSED] - Text 'Transaction approved, no errors' is present on page  using regular expression

2024-05-16 00:47:02 - [TEST_STEP][PASSED] - println("Transaction Approved, no errors text is present on the Confirmation page"): null

2024-05-16 00:47:02 - [TEST_STEP][PASSED] - out.println("Pass Record Number: " + row): null

2024-05-16 00:47:02 - [TEST_STEP][PASSED] - resText = "Pass": null

2024-05-16 00:47:02 - [TEST_STEP][PASSED] - pages.WriteExcel.demoKey(resText, datText, resColumn, datCloumn, fileLoc, nameSheet, row): pages.WriteExcel.demoKey is PASSED

2024-05-16 00:47:02 - [MESSAGE][PASSED] - pages.WriteExcel.demoKey is PASSED

2024-05-16 00:47:02 - [TEST_STEP][PASSED] - ExecuteTC = findTestData(dataFile).getValue("Execute", row): null

2024-05-16 00:47:02 - [TEST_STEP][PASSED] - out.println("Value of Execute is : " + ExecuteTC): null

2024-05-16 00:47:02 - [TEST_STEP][PASSED] - switch (executionProfile): null

2024-05-16 00:47:02 - [TEST_STEP][PASSED] - case "QA2Profile":: null

2024-05-16 00:47:02 - [TEST_STEP][PASSED] - appID = findTestData(dataFile).getValue("AppIDQA", row): null

2024-05-16 00:47:02 - [TEST_STEP][PASSED] - username = findTestData(dataFile).getValue("UsernameQA", row): null

2024-05-16 00:47:02 - [TEST_STEP][PASSED] - password = findTestData(dataFile).getValue("PasswordQA", row): null

2024-05-16 00:47:02 - [TEST_STEP][PASSED] - break: null

2024-05-16 00:47:02 - [TEST_STEP][PASSED] - if (ExecuteTC.equalsIgnoreCase("Y")): null

2024-05-16 00:47:02 - [TEST_STEP][PASSED] - out.println("Begin Record Number: " + row): null

2024-05-16 00:47:02 - [TEST_STEP][PASSED] - today = new java.util.Date(): null

2024-05-16 00:47:02 - [TEST_STEP][PASSED] - println(today): null

2024-05-16 00:47:02 - [TEST_STEP][PASSED] - datText = today: null

2024-05-16 00:47:02 - [TEST_STEP][PASSED] - checkType = findTestData(dataFile).getValue("CheckType", row): null

2024-05-16 00:47:02 - [TEST_STEP][PASSED] - acNumber = findTestData(dataFile).getValue("AcNumber", row): null

2024-05-16 00:47:02 - [TEST_STEP][PASSED] - company = findTestData(dataFile).getValue("Company", row): null

2024-05-16 00:47:02 - [TEST_STEP][PASSED] - acType = findTestData(dataFile).getValue("AcType", row): null

2024-05-16 00:47:02 - [TEST_STEP][PASSED] - rtn = findTestData(dataFile).getValue("RTN", row): null

2024-05-16 00:47:02 - [TEST_STEP][PASSED] - amount = findTestData(dataFile).getValue("Amount", row): null

2024-05-16 00:47:02 - [TEST_STEP][PASSED] - sec = findTestData(dataFile).getValue("SEC", row): null

2024-05-16 00:47:02 - [TEST_STEP][PASSED] - openBrowser(VLinkURL + "debit.html"): Browser is opened with url: 'https://dev-algorithm.govolution.com/vlinktest/QA2/version_2_0/debit.html'

2024-05-16 00:47:02 - [MESSAGE][WARNING] - A browser is already opened. Closing browser and opening a new one

2024-05-16 00:47:04 - [MESSAGE][INFO] - Starting 'Chrome' driver

2024-05-16 00:47:04 - [MESSAGE][INFO] - User set preference: ['acceptInsecureCerts', 'true']

2024-05-16 00:47:04 - [MESSAGE][INFO] - Action delay is set to 0 milliseconds

2024-05-16 00:47:06 - [MESSAGE][PASSED] - Browser is opened with url: 'https://dev-algorithm.govolution.com/vlinktest/QA2/version_2_0/debit.html'

2024-05-16 00:47:06 - [TEST_STEP][PASSED] - maximizeWindow(): Current window maximized

2024-05-16 00:47:06 - [MESSAGE][PASSED] - Current window maximized

2024-05-16 00:47:06 - [TEST_STEP][PASSED] - genRemID = RandomStringUtils.random(12, true, true): null

2024-05-16 00:47:06 - [TEST_STEP][PASSED] - setText(findTestObject("RecAndPlayBk/Page-Vlink-Debit/input_Remittance Id"), genRemID): Text 'nNRxoGkDWudX' is set on object 'Object Repository/RecAndPlayBk/Page-Vlink-Debit/input_Remittance Id'

2024-05-16 00:47:07 - [MESSAGE][PASSED] - Text 'nNRxoGkDWudX' is set on object 'Object Repository/RecAndPlayBk/Page-Vlink-Debit/input_Remittance Id'

2024-05-16 00:47:07 - [TEST_STEP][PASSED] - setText(findTestObject("RecAndPlayBk/Page-Vlink-Debit/input_Application Id"), appID): Text '234' is set on object 'Object Repository/RecAndPlayBk/Page-Vlink-Debit/input_Application Id'

2024-05-16 00:47:08 - [MESSAGE][PASSED] - Text '234' is set on object 'Object Repository/RecAndPlayBk/Page-Vlink-Debit/input_Application Id'

2024-05-16 00:47:08 - [TEST_STEP][PASSED] - setText(findTestObject("RecAndPlayBk/Page-Vlink-Debit/input_Username"), username): Text 'username' is set on object 'Object Repository/RecAndPlayBk/Page-Vlink-Debit/input_Username'

2024-05-16 00:47:08 - [MESSAGE][PASSED] - Text 'username' is set on object 'Object Repository/RecAndPlayBk/Page-Vlink-Debit/input_Username'

2024-05-16 00:47:08 - [TEST_STEP][PASSED] - setText(findTestObject("RecAndPlayBk/Page-Vlink-Debit/input_Password"), password): Text 'password' is set on object 'Object Repository/RecAndPlayBk/Page-Vlink-Debit/input_Password'

2024-05-16 00:47:09 - [MESSAGE][PASSED] - Text 'password' is set on object 'Object Repository/RecAndPlayBk/Page-Vlink-Debit/input_Password'

2024-05-16 00:47:09 - [TEST_STEP][PASSED] - setText(findTestObject("RecAndPlayBk/Page-Vlink-Debit/input_Check Type"), checkType): Text 'P' is set on object 'Object Repository/RecAndPlayBk/Page-Vlink-Debit/input_Check Type'

2024-05-16 00:47:10 - [MESSAGE][PASSED] - Text 'P' is set on object 'Object Repository/RecAndPlayBk/Page-Vlink-Debit/input_Check Type'

2024-05-16 00:47:10 - [TEST_STEP][PASSED] - setText(findTestObject("RecAndPlayBk/Page-Vlink-Debit/input_Account_check"), acNumber): Text '58963214' is set on object 'Object Repository/RecAndPlayBk/Page-Vlink-Debit/input_Account_check'

2024-05-16 00:47:10 - [MESSAGE][PASSED] - Text '58963214' is set on object 'Object Repository/RecAndPlayBk/Page-Vlink-Debit/input_Account_check'

2024-05-16 00:47:10 - [TEST_STEP][PASSED] - setText(findTestObject("RecAndPlayBk/Page-Vlink-Debit/input_Company_check"), company): Text '' is set on object 'Object Repository/RecAndPlayBk/Page-Vlink-Debit/input_Company_check'

2024-05-16 00:47:11 - [MESSAGE][PASSED] - Text '' is set on object 'Object Repository/RecAndPlayBk/Page-Vlink-Debit/input_Company_check'

2024-05-16 00:47:11 - [TEST_STEP][PASSED] - setText(findTestObject("RecAndPlayBk/Page-Vlink-Debit/input_Account Type"), acType): Text '1' is set on object 'Object Repository/RecAndPlayBk/Page-Vlink-Debit/input_Account Type'

2024-05-16 00:47:12 - [MESSAGE][PASSED] - Text '1' is set on object 'Object Repository/RecAndPlayBk/Page-Vlink-Debit/input_Account Type'

2024-05-16 00:47:12 - [TEST_STEP][PASSED] - setText(findTestObject("RecAndPlayBk/Page-Vlink-Debit/input_Routing Number"), rtn): Text '256072691' is set on object 'Object Repository/RecAndPlayBk/Page-Vlink-Debit/input_Routing Number'

2024-05-16 00:47:12 - [MESSAGE][PASSED] - Text '256072691' is set on object 'Object Repository/RecAndPlayBk/Page-Vlink-Debit/input_Routing Number'

2024-05-16 00:47:12 - [TEST_STEP][PASSED] - setText(findTestObject("RecAndPlayBk/Page-Vlink-Debit/input_Amount"), amount): Text '12.50' is set on object 'Object Repository/RecAndPlayBk/Page-Vlink-Debit/input_Amount'

2024-05-16 00:47:13 - [MESSAGE][PASSED] - Text '12.50' is set on object 'Object Repository/RecAndPlayBk/Page-Vlink-Debit/input_Amount'

2024-05-16 00:47:13 - [TEST_STEP][PASSED] - setText(findTestObject("RecAndPlayBk/Page-Vlink-Debit/input_Check Email"), ""): Text '' is set on object 'Object Repository/RecAndPlayBk/Page-Vlink-Debit/input_Check Email'

2024-05-16 00:47:14 - [MESSAGE][PASSED] - Text '' is set on object 'Object Repository/RecAndPlayBk/Page-Vlink-Debit/input_Check Email'

2024-05-16 00:47:14 - [TEST_STEP][PASSED] - setText(findTestObject("Object Repository/RecAndPlayBk/Page-Vlink-Debit/input_concat(CheckWriter, , s SSN)_check_ssn"), ""): Text '' is set on object 'Object Repository/RecAndPlayBk/Page-Vlink-Debit/input_concat(CheckWriter, , s SSN)_check_ssn'

2024-05-16 00:47:14 - [MESSAGE][PASSED] - Text '' is set on object 'Object Repository/RecAndPlayBk/Page-Vlink-Debit/input_concat(CheckWriter, , s SSN)_check_ssn'

2024-05-16 00:47:14 - [TEST_STEP][PASSED] - setText(findTestObject("Object Repository/RecAndPlayBk/Page-Vlink-Debit/input_concat(CheckWriter, , s License Numbe_020fef"), ""): Text '' is set on object 'Object Repository/RecAndPlayBk/Page-Vlink-Debit/input_concat(CheckWriter, , s License Numbe_020fef'

2024-05-16 00:47:15 - [MESSAGE][PASSED] - Text '' is set on object 'Object Repository/RecAndPlayBk/Page-Vlink-Debit/input_concat(CheckWriter, , s License Numbe_020fef'

2024-05-16 00:47:15 - [TEST_STEP][PASSED] - setText(findTestObject("Object Repository/RecAndPlayBk/Page-Vlink-Debit/input_concat(CheckWriter, , s License State_21e3e7"), ""): Text '' is set on object 'Object Repository/RecAndPlayBk/Page-Vlink-Debit/input_concat(CheckWriter, , s License State_21e3e7'

2024-05-16 00:47:16 - [MESSAGE][PASSED] - Text '' is set on object 'Object Repository/RecAndPlayBk/Page-Vlink-Debit/input_concat(CheckWriter, , s License State_21e3e7'

2024-05-16 00:47:16 - [TEST_STEP][PASSED] - setText(findTestObject("RecAndPlayBk/Page-Vlink-Debit/input_Standard Entry Class"), sec): Text 'PPD' is set on object 'Object Repository/RecAndPlayBk/Page-Vlink-Debit/input_Standard Entry Class'

2024-05-16 00:47:16 - [MESSAGE][PASSED] - Text 'PPD' is set on object 'Object Repository/RecAndPlayBk/Page-Vlink-Debit/input_Standard Entry Class'

2024-05-16 00:47:16 - [TEST_STEP][PASSED] - click(findTestObject("Object Repository/RecAndPlayBk/Page-Vlink-Debit/input")): Object: 'Object Repository/RecAndPlayBk/Page-Vlink-Debit/input' is clicked on

2024-05-16 00:47:17 - [MESSAGE][PASSED] - Object: 'Object Repository/RecAndPlayBk/Page-Vlink-Debit/input' is clicked on

2024-05-16 00:47:17 - [TEST_STEP][PASSED] - if (verifyTextPresent("Transaction approved, no errors", true)): null

2024-05-16 00:47:17 - [MESSAGE][PASSED] - Text 'Transaction approved, no errors' is present on page  using regular expression

2024-05-16 00:47:17 - [TEST_STEP][PASSED] - println("Transaction Approved, no errors text is present on the Confirmation page"): null

2024-05-16 00:47:17 - [TEST_STEP][PASSED] - sdfo = getText(findTestObject("Object Repository/Page_VLinkReceipt/pre_STX")): Text of object 'Object Repository/Page_VLinkReceipt/pre_STX' is: '<STX>nNRxoGkDWudX                  12151728            0  Transaction approved, no errors                   0                                                                                                              <ETX>'

2024-05-16 00:47:18 - [MESSAGE][PASSED] - Text of object 'Object Repository/Page_VLinkReceipt/pre_STX' is: '<STX>nNRxoGkDWudX                  12151728            0  Transaction approved, no errors                   0                                                                                                              <ETX>'

2024-05-16 00:47:18 - [TEST_STEP][PASSED] - out.println("sdfo: " + sdfo): null

2024-05-16 00:47:18 - [TEST_STEP][PASSED] - remID = substring(5, 35).trim(): null

2024-05-16 00:47:18 - [TEST_STEP][PASSED] - out.println("remID: " + remID): null

2024-05-16 00:47:18 - [TEST_STEP][PASSED] - traxID = substring(35, 55).trim(): null

2024-05-16 00:47:18 - [TEST_STEP][PASSED] - out.println("traxID: " + traxID): null

2024-05-16 00:47:18 - [TEST_STEP][PASSED] - VLinkSaleRemID = remID: null

2024-05-16 00:47:18 - [TEST_STEP][PASSED] - VLinkSaleTranxID = traxID: null

2024-05-16 00:47:18 - [TEST_STEP][PASSED] - openBrowser(VLinkURL + "ACH_credit.html"): Browser is opened with url: 'https://dev-algorithm.govolution.com/vlinktest/QA2/version_2_0/ACH_credit.html'

2024-05-16 00:47:18 - [MESSAGE][WARNING] - A browser is already opened. Closing browser and opening a new one

2024-05-16 00:47:19 - [MESSAGE][INFO] - Starting 'Chrome' driver

2024-05-16 00:47:19 - [MESSAGE][INFO] - User set preference: ['acceptInsecureCerts', 'true']

2024-05-16 00:47:19 - [MESSAGE][INFO] - Action delay is set to 0 milliseconds

2024-05-16 00:47:21 - [MESSAGE][PASSED] - Browser is opened with url: 'https://dev-algorithm.govolution.com/vlinktest/QA2/version_2_0/ACH_credit.html'

2024-05-16 00:47:21 - [TEST_STEP][PASSED] - maximizeWindow(): Current window maximized

2024-05-16 00:47:21 - [MESSAGE][PASSED] - Current window maximized

2024-05-16 00:47:21 - [TEST_STEP][PASSED] - setText(findTestObject("Object Repository/RecAndPlayBk/Page-Vlink-ACH-Credit/input_Remittance Id"), VLinkSaleRemID): Text 'nNRxoGkDWudX' is set on object 'Object Repository/RecAndPlayBk/Page-Vlink-ACH-Credit/input_Remittance Id'

2024-05-16 00:47:22 - [MESSAGE][PASSED] - Text 'nNRxoGkDWudX' is set on object 'Object Repository/RecAndPlayBk/Page-Vlink-ACH-Credit/input_Remittance Id'

2024-05-16 00:47:22 - [TEST_STEP][PASSED] - setText(findTestObject("Object Repository/RecAndPlayBk/Page-Vlink-ACH-Credit/input_Application Id"), appID): Text '234' is set on object 'Object Repository/RecAndPlayBk/Page-Vlink-ACH-Credit/input_Application Id'

2024-05-16 00:47:23 - [MESSAGE][PASSED] - Text '234' is set on object 'Object Repository/RecAndPlayBk/Page-Vlink-ACH-Credit/input_Application Id'

2024-05-16 00:47:23 - [TEST_STEP][PASSED] - setText(findTestObject("Object Repository/RecAndPlayBk/Page-Vlink-ACH-Credit/input_Username"), username): Text 'username' is set on object 'Object Repository/RecAndPlayBk/Page-Vlink-ACH-Credit/input_Username'

2024-05-16 00:47:23 - [MESSAGE][PASSED] - Text 'username' is set on object 'Object Repository/RecAndPlayBk/Page-Vlink-ACH-Credit/input_Username'

2024-05-16 00:47:23 - [TEST_STEP][PASSED] - setText(findTestObject("Object Repository/RecAndPlayBk/Page-Vlink-ACH-Credit/input_Password"), password): Text 'password' is set on object 'Object Repository/RecAndPlayBk/Page-Vlink-ACH-Credit/input_Password'

2024-05-16 00:47:24 - [MESSAGE][PASSED] - Text 'password' is set on object 'Object Repository/RecAndPlayBk/Page-Vlink-ACH-Credit/input_Password'

2024-05-16 00:47:24 - [TEST_STEP][PASSED] - setText(findTestObject("Object Repository/RecAndPlayBk/Page-Vlink-ACH-Credit/input_Check Type"), checkType): Text 'P' is set on object 'Object Repository/RecAndPlayBk/Page-Vlink-ACH-Credit/input_Check Type'

2024-05-16 00:47:25 - [MESSAGE][PASSED] - Text 'P' is set on object 'Object Repository/RecAndPlayBk/Page-Vlink-ACH-Credit/input_Check Type'

2024-05-16 00:47:25 - [TEST_STEP][PASSED] - setText(findTestObject("Object Repository/RecAndPlayBk/Page-Vlink-ACH-Credit/input_Transaction ID"), VLinkSaleTranxID): Text '12151728' is set on object 'Object Repository/RecAndPlayBk/Page-Vlink-ACH-Credit/input_Transaction ID'

2024-05-16 00:47:25 - [MESSAGE][PASSED] - Text '12151728' is set on object 'Object Repository/RecAndPlayBk/Page-Vlink-ACH-Credit/input_Transaction ID'

2024-05-16 00:47:25 - [TEST_STEP][PASSED] - setText(findTestObject("Object Repository/RecAndPlayBk/Page-Vlink-ACH-Credit/input_Amount"), amount): Text '12.50' is set on object 'Object Repository/RecAndPlayBk/Page-Vlink-ACH-Credit/input_Amount'

2024-05-16 00:47:26 - [MESSAGE][PASSED] - Text '12.50' is set on object 'Object Repository/RecAndPlayBk/Page-Vlink-ACH-Credit/input_Amount'

2024-05-16 00:47:26 - [TEST_STEP][PASSED] - setText(findTestObject("Object Repository/RecAndPlayBk/Page-Vlink-ACH-Credit/input_Standard Entry Class"), sec): Text 'PPD' is set on object 'Object Repository/RecAndPlayBk/Page-Vlink-ACH-Credit/input_Standard Entry Class'

2024-05-16 00:47:26 - [MESSAGE][PASSED] - Text 'PPD' is set on object 'Object Repository/RecAndPlayBk/Page-Vlink-ACH-Credit/input_Standard Entry Class'

2024-05-16 00:47:26 - [TEST_STEP][PASSED] - setText(findTestObject("Object Repository/RecAndPlayBk/Page-Vlink-ACH-Credit/input_Account Number"), acNumber): Text '58963214' is set on object 'Object Repository/RecAndPlayBk/Page-Vlink-ACH-Credit/input_Account Number'

2024-05-16 00:47:27 - [MESSAGE][PASSED] - Text '58963214' is set on object 'Object Repository/RecAndPlayBk/Page-Vlink-ACH-Credit/input_Account Number'

2024-05-16 00:47:27 - [TEST_STEP][PASSED] - setText(findTestObject("Object Repository/RecAndPlayBk/Page-Vlink-ACH-Credit/input_Routing Number"), rtn): Text '256072691' is set on object 'Object Repository/RecAndPlayBk/Page-Vlink-ACH-Credit/input_Routing Number'

2024-05-16 00:47:28 - [MESSAGE][PASSED] - Text '256072691' is set on object 'Object Repository/RecAndPlayBk/Page-Vlink-ACH-Credit/input_Routing Number'

2024-05-16 00:47:28 - [TEST_STEP][PASSED] - click(findTestObject("Object Repository/RecAndPlayBk/Page-Vlink-ACH-Credit/input")): Object: 'Object Repository/RecAndPlayBk/Page-Vlink-ACH-Credit/input' is clicked on

2024-05-16 00:47:29 - [MESSAGE][PASSED] - Object: 'Object Repository/RecAndPlayBk/Page-Vlink-ACH-Credit/input' is clicked on

2024-05-16 00:47:29 - [TEST_STEP][PASSED] - if (verifyTextPresent("Transaction approved, no errors", true)): null

2024-05-16 00:47:29 - [MESSAGE][PASSED] - Text 'Transaction approved, no errors' is present on page  using regular expression

2024-05-16 00:47:29 - [TEST_STEP][PASSED] - println("Transaction Approved, no errors text is present on the Confirmation page"): null

2024-05-16 00:47:29 - [TEST_STEP][PASSED] - sdfo = getText(findTestObject("Object Repository/Page_VLinkReceipt/pre_STX")): Text of object 'Object Repository/Page_VLinkReceipt/pre_STX' is: '<STX>nNRxoGkDWudX                  12151729            0  Transaction approved, no errors                   0                                                                                                              <ETX>'

2024-05-16 00:47:29 - [MESSAGE][PASSED] - Text of object 'Object Repository/Page_VLinkReceipt/pre_STX' is: '<STX>nNRxoGkDWudX                  12151729            0  Transaction approved, no errors                   0                                                                                                              <ETX>'

2024-05-16 00:47:29 - [TEST_STEP][PASSED] - out.println("sdfo: " + sdfo): null

2024-05-16 00:47:29 - [TEST_STEP][PASSED] - remID = substring(5, 35).trim(): null

2024-05-16 00:47:29 - [TEST_STEP][PASSED] - out.println("remID: " + remID): null

2024-05-16 00:47:29 - [TEST_STEP][PASSED] - traxID = substring(35, 55).trim(): null

2024-05-16 00:47:29 - [TEST_STEP][PASSED] - out.println("traxID: " + traxID): null

2024-05-16 00:47:29 - [TEST_STEP][PASSED] - VLinkSaleRemID = remID: null

2024-05-16 00:47:29 - [TEST_STEP][PASSED] - VLinkSaleTranxID = traxID: null

2024-05-16 00:47:29 - [TEST_STEP][PASSED] - openBrowser(VLinkURL + "ACH_void.html"): Browser is opened with url: 'https://dev-algorithm.govolution.com/vlinktest/QA2/version_2_0/ACH_void.html'

2024-05-16 00:47:29 - [MESSAGE][WARNING] - A browser is already opened. Closing browser and opening a new one

2024-05-16 00:47:30 - [MESSAGE][INFO] - Starting 'Chrome' driver

2024-05-16 00:47:30 - [MESSAGE][INFO] - User set preference: ['acceptInsecureCerts', 'true']

2024-05-16 00:47:30 - [MESSAGE][INFO] - Action delay is set to 0 milliseconds

2024-05-16 00:47:32 - [MESSAGE][PASSED] - Browser is opened with url: 'https://dev-algorithm.govolution.com/vlinktest/QA2/version_2_0/ACH_void.html'

2024-05-16 00:47:32 - [TEST_STEP][PASSED] - maximizeWindow(): Current window maximized

2024-05-16 00:47:33 - [MESSAGE][PASSED] - Current window maximized

2024-05-16 00:47:33 - [TEST_STEP][PASSED] - setText(findTestObject("Object Repository/RecAndPlayBk/Page-Vlink-ACH-Void/input_Remittance Id"), VLinkSaleRemID): Text 'nNRxoGkDWudX' is set on object 'Object Repository/RecAndPlayBk/Page-Vlink-ACH-Void/input_Remittance Id'

2024-05-16 00:47:33 - [MESSAGE][PASSED] - Text 'nNRxoGkDWudX' is set on object 'Object Repository/RecAndPlayBk/Page-Vlink-ACH-Void/input_Remittance Id'

2024-05-16 00:47:33 - [TEST_STEP][PASSED] - setText(findTestObject("Object Repository/RecAndPlayBk/Page-Vlink-ACH-Void/input_Application Id"), appID): Text '234' is set on object 'Object Repository/RecAndPlayBk/Page-Vlink-ACH-Void/input_Application Id'

2024-05-16 00:47:34 - [MESSAGE][PASSED] - Text '234' is set on object 'Object Repository/RecAndPlayBk/Page-Vlink-ACH-Void/input_Application Id'

2024-05-16 00:47:34 - [TEST_STEP][PASSED] - setText(findTestObject("Object Repository/RecAndPlayBk/Page-Vlink-ACH-Void/input_Username"), username): Text 'username' is set on object 'Object Repository/RecAndPlayBk/Page-Vlink-ACH-Void/input_Username'

2024-05-16 00:47:35 - [MESSAGE][PASSED] - Text 'username' is set on object 'Object Repository/RecAndPlayBk/Page-Vlink-ACH-Void/input_Username'

2024-05-16 00:47:35 - [TEST_STEP][PASSED] - setText(findTestObject("Object Repository/RecAndPlayBk/Page-Vlink-ACH-Void/input_Password"), password): Text 'password' is set on object 'Object Repository/RecAndPlayBk/Page-Vlink-ACH-Void/input_Password'

2024-05-16 00:47:35 - [MESSAGE][PASSED] - Text 'password' is set on object 'Object Repository/RecAndPlayBk/Page-Vlink-ACH-Void/input_Password'

2024-05-16 00:47:35 - [TEST_STEP][PASSED] - setText(findTestObject("Object Repository/RecAndPlayBk/Page-Vlink-ACH-Void/input_Check Type"), checkType): Text 'P' is set on object 'Object Repository/RecAndPlayBk/Page-Vlink-ACH-Void/input_Check Type'

2024-05-16 00:47:36 - [MESSAGE][PASSED] - Text 'P' is set on object 'Object Repository/RecAndPlayBk/Page-Vlink-ACH-Void/input_Check Type'

2024-05-16 00:47:36 - [TEST_STEP][PASSED] - setText(findTestObject("Object Repository/RecAndPlayBk/Page-Vlink-ACH-Void/input_Standard Entry Class"), sec): Text 'PPD' is set on object 'Object Repository/RecAndPlayBk/Page-Vlink-ACH-Void/input_Standard Entry Class'

2024-05-16 00:47:37 - [MESSAGE][PASSED] - Text 'PPD' is set on object 'Object Repository/RecAndPlayBk/Page-Vlink-ACH-Void/input_Standard Entry Class'

2024-05-16 00:47:37 - [TEST_STEP][PASSED] - setText(findTestObject("Object Repository/RecAndPlayBk/Page-Vlink-ACH-Void/input_Transaction ID"), VLinkSaleTranxID): Text '12151729' is set on object 'Object Repository/RecAndPlayBk/Page-Vlink-ACH-Void/input_Transaction ID'

2024-05-16 00:47:37 - [MESSAGE][PASSED] - Text '12151729' is set on object 'Object Repository/RecAndPlayBk/Page-Vlink-ACH-Void/input_Transaction ID'

2024-05-16 00:47:37 - [TEST_STEP][PASSED] - setText(findTestObject("Object Repository/RecAndPlayBk/Page-Vlink-ACH-Void/input_Original Transaction Type"), "201"): Text '201' is set on object 'Object Repository/RecAndPlayBk/Page-Vlink-ACH-Void/input_Original Transaction Type'

2024-05-16 00:47:38 - [MESSAGE][PASSED] - Text '201' is set on object 'Object Repository/RecAndPlayBk/Page-Vlink-ACH-Void/input_Original Transaction Type'

2024-05-16 00:47:38 - [TEST_STEP][PASSED] - click(findTestObject("Object Repository/RecAndPlayBk/Page-Vlink-ACH-Void/input")): Object: 'Object Repository/RecAndPlayBk/Page-Vlink-ACH-Void/input' is clicked on

2024-05-16 00:47:39 - [MESSAGE][PASSED] - Object: 'Object Repository/RecAndPlayBk/Page-Vlink-ACH-Void/input' is clicked on

2024-05-16 00:47:39 - [TEST_STEP][PASSED] - if (verifyTextPresent("Transaction approved, no errors", true)): null

2024-05-16 00:47:39 - [MESSAGE][PASSED] - Text 'Transaction approved, no errors' is present on page  using regular expression

2024-05-16 00:47:39 - [TEST_STEP][PASSED] - println("Transaction Approved, no errors text is present on the Confirmation page"): null

2024-05-16 00:47:39 - [TEST_STEP][PASSED] - out.println("Pass Record Number: " + row): null

2024-05-16 00:47:39 - [TEST_STEP][PASSED] - resText = "Pass": null

2024-05-16 00:47:39 - [TEST_STEP][PASSED] - pages.WriteExcel.demoKey(resText, datText, resColumn, datCloumn, fileLoc, nameSheet, row): pages.WriteExcel.demoKey is PASSED

2024-05-16 00:47:39 - [MESSAGE][PASSED] - pages.WriteExcel.demoKey is PASSED

2024-05-16 00:47:39 - [TEST_STEP][PASSED] - ExecuteTC = findTestData(dataFile).getValue("Execute", row): null

2024-05-16 00:47:39 - [TEST_STEP][PASSED] - out.println("Value of Execute is : " + ExecuteTC): null

2024-05-16 00:47:39 - [TEST_STEP][PASSED] - switch (executionProfile): null

2024-05-16 00:47:39 - [TEST_STEP][PASSED] - case "QA2Profile":: null

2024-05-16 00:47:39 - [TEST_STEP][PASSED] - appID = findTestData(dataFile).getValue("AppIDQA", row): null

2024-05-16 00:47:39 - [TEST_STEP][PASSED] - username = findTestData(dataFile).getValue("UsernameQA", row): null

2024-05-16 00:47:39 - [TEST_STEP][PASSED] - password = findTestData(dataFile).getValue("PasswordQA", row): null

2024-05-16 00:47:40 - [TEST_STEP][PASSED] - break: null

2024-05-16 00:47:40 - [TEST_STEP][PASSED] - if (ExecuteTC.equalsIgnoreCase("Y")): null

2024-05-16 00:47:40 - [TEST_STEP][PASSED] - out.println("Begin Record Number: " + row): null

2024-05-16 00:47:40 - [TEST_STEP][PASSED] - today = new java.util.Date(): null

2024-05-16 00:47:40 - [TEST_STEP][PASSED] - println(today): null

2024-05-16 00:47:40 - [TEST_STEP][PASSED] - datText = today: null

2024-05-16 00:47:40 - [TEST_STEP][PASSED] - checkType = findTestData(dataFile).getValue("CheckType", row): null

2024-05-16 00:47:40 - [TEST_STEP][PASSED] - acNumber = findTestData(dataFile).getValue("AcNumber", row): null

2024-05-16 00:47:40 - [TEST_STEP][PASSED] - company = findTestData(dataFile).getValue("Company", row): null

2024-05-16 00:47:40 - [TEST_STEP][PASSED] - acType = findTestData(dataFile).getValue("AcType", row): null

2024-05-16 00:47:40 - [TEST_STEP][PASSED] - rtn = findTestData(dataFile).getValue("RTN", row): null

2024-05-16 00:47:40 - [TEST_STEP][PASSED] - amount = findTestData(dataFile).getValue("Amount", row): null

2024-05-16 00:47:40 - [TEST_STEP][PASSED] - sec = findTestData(dataFile).getValue("SEC", row): null

2024-05-16 00:47:40 - [TEST_STEP][PASSED] - openBrowser(VLinkURL + "debit.html"): Browser is opened with url: 'https://dev-algorithm.govolution.com/vlinktest/QA2/version_2_0/debit.html'

2024-05-16 00:47:40 - [MESSAGE][WARNING] - A browser is already opened. Closing browser and opening a new one

2024-05-16 00:47:41 - [MESSAGE][INFO] - Starting 'Chrome' driver

2024-05-16 00:47:41 - [MESSAGE][INFO] - User set preference: ['acceptInsecureCerts', 'true']

2024-05-16 00:47:41 - [MESSAGE][INFO] - Action delay is set to 0 milliseconds

2024-05-16 00:47:43 - [MESSAGE][PASSED] - Browser is opened with url: 'https://dev-algorithm.govolution.com/vlinktest/QA2/version_2_0/debit.html'

2024-05-16 00:47:43 - [TEST_STEP][PASSED] - maximizeWindow(): Current window maximized

2024-05-16 00:47:44 - [MESSAGE][PASSED] - Current window maximized

2024-05-16 00:47:44 - [TEST_STEP][PASSED] - genRemID = RandomStringUtils.random(12, true, true): null

2024-05-16 00:47:44 - [TEST_STEP][PASSED] - setText(findTestObject("RecAndPlayBk/Page-Vlink-Debit/input_Remittance Id"), genRemID): Text 'KLXPp5Po3CTX' is set on object 'Object Repository/RecAndPlayBk/Page-Vlink-Debit/input_Remittance Id'

2024-05-16 00:47:44 - [MESSAGE][PASSED] - Text 'KLXPp5Po3CTX' is set on object 'Object Repository/RecAndPlayBk/Page-Vlink-Debit/input_Remittance Id'

2024-05-16 00:47:44 - [TEST_STEP][PASSED] - setText(findTestObject("RecAndPlayBk/Page-Vlink-Debit/input_Application Id"), appID): Text '234' is set on object 'Object Repository/RecAndPlayBk/Page-Vlink-Debit/input_Application Id'

2024-05-16 00:47:45 - [MESSAGE][PASSED] - Text '234' is set on object 'Object Repository/RecAndPlayBk/Page-Vlink-Debit/input_Application Id'

2024-05-16 00:47:45 - [TEST_STEP][PASSED] - setText(findTestObject("RecAndPlayBk/Page-Vlink-Debit/input_Username"), username): Text 'username' is set on object 'Object Repository/RecAndPlayBk/Page-Vlink-Debit/input_Username'

2024-05-16 00:47:46 - [MESSAGE][PASSED] - Text 'username' is set on object 'Object Repository/RecAndPlayBk/Page-Vlink-Debit/input_Username'

2024-05-16 00:47:46 - [TEST_STEP][PASSED] - setText(findTestObject("RecAndPlayBk/Page-Vlink-Debit/input_Password"), password): Text 'password' is set on object 'Object Repository/RecAndPlayBk/Page-Vlink-Debit/input_Password'

2024-05-16 00:47:46 - [MESSAGE][PASSED] - Text 'password' is set on object 'Object Repository/RecAndPlayBk/Page-Vlink-Debit/input_Password'

2024-05-16 00:47:46 - [TEST_STEP][PASSED] - setText(findTestObject("RecAndPlayBk/Page-Vlink-Debit/input_Check Type"), checkType): Text 'P' is set on object 'Object Repository/RecAndPlayBk/Page-Vlink-Debit/input_Check Type'

2024-05-16 00:47:47 - [MESSAGE][PASSED] - Text 'P' is set on object 'Object Repository/RecAndPlayBk/Page-Vlink-Debit/input_Check Type'

2024-05-16 00:47:47 - [TEST_STEP][PASSED] - setText(findTestObject("RecAndPlayBk/Page-Vlink-Debit/input_Account_check"), acNumber): Text '58963214' is set on object 'Object Repository/RecAndPlayBk/Page-Vlink-Debit/input_Account_check'

2024-05-16 00:47:47 - [MESSAGE][PASSED] - Text '58963214' is set on object 'Object Repository/RecAndPlayBk/Page-Vlink-Debit/input_Account_check'

2024-05-16 00:47:47 - [TEST_STEP][PASSED] - setText(findTestObject("RecAndPlayBk/Page-Vlink-Debit/input_Company_check"), company): Text '' is set on object 'Object Repository/RecAndPlayBk/Page-Vlink-Debit/input_Company_check'

2024-05-16 00:47:48 - [MESSAGE][PASSED] - Text '' is set on object 'Object Repository/RecAndPlayBk/Page-Vlink-Debit/input_Company_check'

2024-05-16 00:47:48 - [TEST_STEP][PASSED] - setText(findTestObject("RecAndPlayBk/Page-Vlink-Debit/input_Account Type"), acType): Text '2' is set on object 'Object Repository/RecAndPlayBk/Page-Vlink-Debit/input_Account Type'

2024-05-16 00:47:49 - [MESSAGE][PASSED] - Text '2' is set on object 'Object Repository/RecAndPlayBk/Page-Vlink-Debit/input_Account Type'

2024-05-16 00:47:49 - [TEST_STEP][PASSED] - setText(findTestObject("RecAndPlayBk/Page-Vlink-Debit/input_Routing Number"), rtn): Text '256072691' is set on object 'Object Repository/RecAndPlayBk/Page-Vlink-Debit/input_Routing Number'

2024-05-16 00:47:49 - [MESSAGE][PASSED] - Text '256072691' is set on object 'Object Repository/RecAndPlayBk/Page-Vlink-Debit/input_Routing Number'

2024-05-16 00:47:49 - [TEST_STEP][PASSED] - setText(findTestObject("RecAndPlayBk/Page-Vlink-Debit/input_Amount"), amount): Text '12.50' is set on object 'Object Repository/RecAndPlayBk/Page-Vlink-Debit/input_Amount'

2024-05-16 00:47:50 - [MESSAGE][PASSED] - Text '12.50' is set on object 'Object Repository/RecAndPlayBk/Page-Vlink-Debit/input_Amount'

2024-05-16 00:47:50 - [TEST_STEP][PASSED] - setText(findTestObject("RecAndPlayBk/Page-Vlink-Debit/input_Check Email"), ""): Text '' is set on object 'Object Repository/RecAndPlayBk/Page-Vlink-Debit/input_Check Email'

2024-05-16 00:47:51 - [MESSAGE][PASSED] - Text '' is set on object 'Object Repository/RecAndPlayBk/Page-Vlink-Debit/input_Check Email'

2024-05-16 00:47:51 - [TEST_STEP][PASSED] - setText(findTestObject("Object Repository/RecAndPlayBk/Page-Vlink-Debit/input_concat(CheckWriter, , s SSN)_check_ssn"), ""): Text '' is set on object 'Object Repository/RecAndPlayBk/Page-Vlink-Debit/input_concat(CheckWriter, , s SSN)_check_ssn'

2024-05-16 00:47:51 - [MESSAGE][PASSED] - Text '' is set on object 'Object Repository/RecAndPlayBk/Page-Vlink-Debit/input_concat(CheckWriter, , s SSN)_check_ssn'

2024-05-16 00:47:51 - [TEST_STEP][PASSED] - setText(findTestObject("Object Repository/RecAndPlayBk/Page-Vlink-Debit/input_concat(CheckWriter, , s License Numbe_020fef"), ""): Text '' is set on object 'Object Repository/RecAndPlayBk/Page-Vlink-Debit/input_concat(CheckWriter, , s License Numbe_020fef'

2024-05-16 00:47:52 - [MESSAGE][PASSED] - Text '' is set on object 'Object Repository/RecAndPlayBk/Page-Vlink-Debit/input_concat(CheckWriter, , s License Numbe_020fef'

2024-05-16 00:47:52 - [TEST_STEP][PASSED] - setText(findTestObject("Object Repository/RecAndPlayBk/Page-Vlink-Debit/input_concat(CheckWriter, , s License State_21e3e7"), ""): Text '' is set on object 'Object Repository/RecAndPlayBk/Page-Vlink-Debit/input_concat(CheckWriter, , s License State_21e3e7'

2024-05-16 00:47:53 - [MESSAGE][PASSED] - Text '' is set on object 'Object Repository/RecAndPlayBk/Page-Vlink-Debit/input_concat(CheckWriter, , s License State_21e3e7'

2024-05-16 00:47:53 - [TEST_STEP][PASSED] - setText(findTestObject("RecAndPlayBk/Page-Vlink-Debit/input_Standard Entry Class"), sec): Text 'WEB' is set on object 'Object Repository/RecAndPlayBk/Page-Vlink-Debit/input_Standard Entry Class'

2024-05-16 00:47:53 - [MESSAGE][PASSED] - Text 'WEB' is set on object 'Object Repository/RecAndPlayBk/Page-Vlink-Debit/input_Standard Entry Class'

2024-05-16 00:47:53 - [TEST_STEP][PASSED] - click(findTestObject("Object Repository/RecAndPlayBk/Page-Vlink-Debit/input")): Object: 'Object Repository/RecAndPlayBk/Page-Vlink-Debit/input' is clicked on

2024-05-16 00:47:54 - [MESSAGE][PASSED] - Object: 'Object Repository/RecAndPlayBk/Page-Vlink-Debit/input' is clicked on

2024-05-16 00:47:54 - [TEST_STEP][PASSED] - if (verifyTextPresent("Transaction approved, no errors", true)): null

2024-05-16 00:47:54 - [MESSAGE][PASSED] - Text 'Transaction approved, no errors' is present on page  using regular expression

2024-05-16 00:47:54 - [TEST_STEP][PASSED] - println("Transaction Approved, no errors text is present on the Confirmation page"): null

2024-05-16 00:47:54 - [TEST_STEP][PASSED] - sdfo = getText(findTestObject("Object Repository/Page_VLinkReceipt/pre_STX")): Text of object 'Object Repository/Page_VLinkReceipt/pre_STX' is: '<STX>KLXPp5Po3CTX                  12151731            0  Transaction approved, no errors                   0                                                                                                              <ETX>'

2024-05-16 00:47:55 - [MESSAGE][PASSED] - Text of object 'Object Repository/Page_VLinkReceipt/pre_STX' is: '<STX>KLXPp5Po3CTX                  12151731            0  Transaction approved, no errors                   0                                                                                                              <ETX>'

2024-05-16 00:47:55 - [TEST_STEP][PASSED] - out.println("sdfo: " + sdfo): null

2024-05-16 00:47:55 - [TEST_STEP][PASSED] - remID = substring(5, 35).trim(): null

2024-05-16 00:47:55 - [TEST_STEP][PASSED] - out.println("remID: " + remID): null

2024-05-16 00:47:55 - [TEST_STEP][PASSED] - traxID = substring(35, 55).trim(): null

2024-05-16 00:47:55 - [TEST_STEP][PASSED] - out.println("traxID: " + traxID): null

2024-05-16 00:47:55 - [TEST_STEP][PASSED] - VLinkSaleRemID = remID: null

2024-05-16 00:47:55 - [TEST_STEP][PASSED] - VLinkSaleTranxID = traxID: null

2024-05-16 00:47:55 - [TEST_STEP][PASSED] - openBrowser(VLinkURL + "ACH_credit.html"): Browser is opened with url: 'https://dev-algorithm.govolution.com/vlinktest/QA2/version_2_0/ACH_credit.html'

2024-05-16 00:47:55 - [MESSAGE][WARNING] - A browser is already opened. Closing browser and opening a new one

2024-05-16 00:47:56 - [MESSAGE][INFO] - Starting 'Chrome' driver

2024-05-16 00:47:56 - [MESSAGE][INFO] - User set preference: ['acceptInsecureCerts', 'true']

2024-05-16 00:47:56 - [MESSAGE][INFO] - Action delay is set to 0 milliseconds

2024-05-16 00:47:58 - [MESSAGE][PASSED] - Browser is opened with url: 'https://dev-algorithm.govolution.com/vlinktest/QA2/version_2_0/ACH_credit.html'

2024-05-16 00:47:58 - [TEST_STEP][PASSED] - maximizeWindow(): Current window maximized

2024-05-16 00:47:58 - [MESSAGE][PASSED] - Current window maximized

2024-05-16 00:47:58 - [TEST_STEP][PASSED] - setText(findTestObject("Object Repository/RecAndPlayBk/Page-Vlink-ACH-Credit/input_Remittance Id"), VLinkSaleRemID): Text 'KLXPp5Po3CTX' is set on object 'Object Repository/RecAndPlayBk/Page-Vlink-ACH-Credit/input_Remittance Id'

2024-05-16 00:47:59 - [MESSAGE][PASSED] - Text 'KLXPp5Po3CTX' is set on object 'Object Repository/RecAndPlayBk/Page-Vlink-ACH-Credit/input_Remittance Id'

2024-05-16 00:47:59 - [TEST_STEP][PASSED] - setText(findTestObject("Object Repository/RecAndPlayBk/Page-Vlink-ACH-Credit/input_Application Id"), appID): Text '234' is set on object 'Object Repository/RecAndPlayBk/Page-Vlink-ACH-Credit/input_Application Id'

2024-05-16 00:48:00 - [MESSAGE][PASSED] - Text '234' is set on object 'Object Repository/RecAndPlayBk/Page-Vlink-ACH-Credit/input_Application Id'

2024-05-16 00:48:00 - [TEST_STEP][PASSED] - setText(findTestObject("Object Repository/RecAndPlayBk/Page-Vlink-ACH-Credit/input_Username"), username): Text 'username' is set on object 'Object Repository/RecAndPlayBk/Page-Vlink-ACH-Credit/input_Username'

2024-05-16 00:48:00 - [MESSAGE][PASSED] - Text 'username' is set on object 'Object Repository/RecAndPlayBk/Page-Vlink-ACH-Credit/input_Username'

2024-05-16 00:48:00 - [TEST_STEP][PASSED] - setText(findTestObject("Object Repository/RecAndPlayBk/Page-Vlink-ACH-Credit/input_Password"), password): Text 'password' is set on object 'Object Repository/RecAndPlayBk/Page-Vlink-ACH-Credit/input_Password'

2024-05-16 00:48:01 - [MESSAGE][PASSED] - Text 'password' is set on object 'Object Repository/RecAndPlayBk/Page-Vlink-ACH-Credit/input_Password'

2024-05-16 00:48:01 - [TEST_STEP][PASSED] - setText(findTestObject("Object Repository/RecAndPlayBk/Page-Vlink-ACH-Credit/input_Check Type"), checkType): Text 'P' is set on object 'Object Repository/RecAndPlayBk/Page-Vlink-ACH-Credit/input_Check Type'

2024-05-16 00:48:02 - [MESSAGE][PASSED] - Text 'P' is set on object 'Object Repository/RecAndPlayBk/Page-Vlink-ACH-Credit/input_Check Type'

2024-05-16 00:48:02 - [TEST_STEP][PASSED] - setText(findTestObject("Object Repository/RecAndPlayBk/Page-Vlink-ACH-Credit/input_Transaction ID"), VLinkSaleTranxID): Text '12151731' is set on object 'Object Repository/RecAndPlayBk/Page-Vlink-ACH-Credit/input_Transaction ID'

2024-05-16 00:48:02 - [MESSAGE][PASSED] - Text '12151731' is set on object 'Object Repository/RecAndPlayBk/Page-Vlink-ACH-Credit/input_Transaction ID'

2024-05-16 00:48:02 - [TEST_STEP][PASSED] - setText(findTestObject("Object Repository/RecAndPlayBk/Page-Vlink-ACH-Credit/input_Amount"), amount): Text '12.50' is set on object 'Object Repository/RecAndPlayBk/Page-Vlink-ACH-Credit/input_Amount'

2024-05-16 00:48:03 - [MESSAGE][PASSED] - Text '12.50' is set on object 'Object Repository/RecAndPlayBk/Page-Vlink-ACH-Credit/input_Amount'

2024-05-16 00:48:03 - [TEST_STEP][PASSED] - setText(findTestObject("Object Repository/RecAndPlayBk/Page-Vlink-ACH-Credit/input_Standard Entry Class"), sec): Text 'WEB' is set on object 'Object Repository/RecAndPlayBk/Page-Vlink-ACH-Credit/input_Standard Entry Class'

2024-05-16 00:48:04 - [MESSAGE][PASSED] - Text 'WEB' is set on object 'Object Repository/RecAndPlayBk/Page-Vlink-ACH-Credit/input_Standard Entry Class'

2024-05-16 00:48:04 - [TEST_STEP][PASSED] - setText(findTestObject("Object Repository/RecAndPlayBk/Page-Vlink-ACH-Credit/input_Account Number"), acNumber): Text '58963214' is set on object 'Object Repository/RecAndPlayBk/Page-Vlink-ACH-Credit/input_Account Number'

2024-05-16 00:48:04 - [MESSAGE][PASSED] - Text '58963214' is set on object 'Object Repository/RecAndPlayBk/Page-Vlink-ACH-Credit/input_Account Number'

2024-05-16 00:48:04 - [TEST_STEP][PASSED] - setText(findTestObject("Object Repository/RecAndPlayBk/Page-Vlink-ACH-Credit/input_Routing Number"), rtn): Text '256072691' is set on object 'Object Repository/RecAndPlayBk/Page-Vlink-ACH-Credit/input_Routing Number'

2024-05-16 00:48:05 - [MESSAGE][PASSED] - Text '256072691' is set on object 'Object Repository/RecAndPlayBk/Page-Vlink-ACH-Credit/input_Routing Number'

2024-05-16 00:48:05 - [TEST_STEP][PASSED] - click(findTestObject("Object Repository/RecAndPlayBk/Page-Vlink-ACH-Credit/input")): Object: 'Object Repository/RecAndPlayBk/Page-Vlink-ACH-Credit/input' is clicked on

2024-05-16 00:48:07 - [MESSAGE][PASSED] - Object: 'Object Repository/RecAndPlayBk/Page-Vlink-ACH-Credit/input' is clicked on

2024-05-16 00:48:07 - [TEST_STEP][PASSED] - if (verifyTextPresent("Transaction approved, no errors", true)): null

2024-05-16 00:48:07 - [MESSAGE][PASSED] - Text 'Transaction approved, no errors' is present on page  using regular expression

2024-05-16 00:48:07 - [TEST_STEP][PASSED] - println("Transaction Approved, no errors text is present on the Confirmation page"): null

2024-05-16 00:48:07 - [TEST_STEP][PASSED] - sdfo = getText(findTestObject("Object Repository/Page_VLinkReceipt/pre_STX")): Text of object 'Object Repository/Page_VLinkReceipt/pre_STX' is: '<STX>KLXPp5Po3CTX                  12151732            0  Transaction approved, no errors                   0                                                                                                              <ETX>'

2024-05-16 00:48:07 - [MESSAGE][PASSED] - Text of object 'Object Repository/Page_VLinkReceipt/pre_STX' is: '<STX>KLXPp5Po3CTX                  12151732            0  Transaction approved, no errors                   0                                                                                                              <ETX>'

2024-05-16 00:48:07 - [TEST_STEP][PASSED] - out.println("sdfo: " + sdfo): null

2024-05-16 00:48:07 - [TEST_STEP][PASSED] - remID = substring(5, 35).trim(): null

2024-05-16 00:48:07 - [TEST_STEP][PASSED] - out.println("remID: " + remID): null

2024-05-16 00:48:07 - [TEST_STEP][PASSED] - traxID = substring(35, 55).trim(): null

2024-05-16 00:48:07 - [TEST_STEP][PASSED] - out.println("traxID: " + traxID): null

2024-05-16 00:48:07 - [TEST_STEP][PASSED] - VLinkSaleRemID = remID: null

2024-05-16 00:48:07 - [TEST_STEP][PASSED] - VLinkSaleTranxID = traxID: null

2024-05-16 00:48:07 - [TEST_STEP][PASSED] - openBrowser(VLinkURL + "ACH_void.html"): Browser is opened with url: 'https://dev-algorithm.govolution.com/vlinktest/QA2/version_2_0/ACH_void.html'

2024-05-16 00:48:07 - [MESSAGE][WARNING] - A browser is already opened. Closing browser and opening a new one

2024-05-16 00:48:08 - [MESSAGE][INFO] - Starting 'Chrome' driver

2024-05-16 00:48:08 - [MESSAGE][INFO] - User set preference: ['acceptInsecureCerts', 'true']

2024-05-16 00:48:08 - [MESSAGE][INFO] - Action delay is set to 0 milliseconds

2024-05-16 00:48:10 - [MESSAGE][PASSED] - Browser is opened with url: 'https://dev-algorithm.govolution.com/vlinktest/QA2/version_2_0/ACH_void.html'

2024-05-16 00:48:10 - [TEST_STEP][PASSED] - maximizeWindow(): Current window maximized

2024-05-16 00:48:10 - [MESSAGE][PASSED] - Current window maximized

2024-05-16 00:48:10 - [TEST_STEP][PASSED] - setText(findTestObject("Object Repository/RecAndPlayBk/Page-Vlink-ACH-Void/input_Remittance Id"), VLinkSaleRemID): Text 'KLXPp5Po3CTX' is set on object 'Object Repository/RecAndPlayBk/Page-Vlink-ACH-Void/input_Remittance Id'

2024-05-16 00:48:11 - [MESSAGE][PASSED] - Text 'KLXPp5Po3CTX' is set on object 'Object Repository/RecAndPlayBk/Page-Vlink-ACH-Void/input_Remittance Id'

2024-05-16 00:48:11 - [TEST_STEP][PASSED] - setText(findTestObject("Object Repository/RecAndPlayBk/Page-Vlink-ACH-Void/input_Application Id"), appID): Text '234' is set on object 'Object Repository/RecAndPlayBk/Page-Vlink-ACH-Void/input_Application Id'

2024-05-16 00:48:12 - [MESSAGE][PASSED] - Text '234' is set on object 'Object Repository/RecAndPlayBk/Page-Vlink-ACH-Void/input_Application Id'

2024-05-16 00:48:12 - [TEST_STEP][PASSED] - setText(findTestObject("Object Repository/RecAndPlayBk/Page-Vlink-ACH-Void/input_Username"), username): Text 'username' is set on object 'Object Repository/RecAndPlayBk/Page-Vlink-ACH-Void/input_Username'

2024-05-16 00:48:12 - [MESSAGE][PASSED] - Text 'username' is set on object 'Object Repository/RecAndPlayBk/Page-Vlink-ACH-Void/input_Username'

2024-05-16 00:48:12 - [TEST_STEP][PASSED] - setText(findTestObject("Object Repository/RecAndPlayBk/Page-Vlink-ACH-Void/input_Password"), password): Text 'password' is set on object 'Object Repository/RecAndPlayBk/Page-Vlink-ACH-Void/input_Password'

2024-05-16 00:48:13 - [MESSAGE][PASSED] - Text 'password' is set on object 'Object Repository/RecAndPlayBk/Page-Vlink-ACH-Void/input_Password'

2024-05-16 00:48:13 - [TEST_STEP][PASSED] - setText(findTestObject("Object Repository/RecAndPlayBk/Page-Vlink-ACH-Void/input_Check Type"), checkType): Text 'P' is set on object 'Object Repository/RecAndPlayBk/Page-Vlink-ACH-Void/input_Check Type'

2024-05-16 00:48:14 - [MESSAGE][PASSED] - Text 'P' is set on object 'Object Repository/RecAndPlayBk/Page-Vlink-ACH-Void/input_Check Type'

2024-05-16 00:48:14 - [TEST_STEP][PASSED] - setText(findTestObject("Object Repository/RecAndPlayBk/Page-Vlink-ACH-Void/input_Standard Entry Class"), sec): Text 'WEB' is set on object 'Object Repository/RecAndPlayBk/Page-Vlink-ACH-Void/input_Standard Entry Class'

2024-05-16 00:48:14 - [MESSAGE][PASSED] - Text 'WEB' is set on object 'Object Repository/RecAndPlayBk/Page-Vlink-ACH-Void/input_Standard Entry Class'

2024-05-16 00:48:14 - [TEST_STEP][PASSED] - setText(findTestObject("Object Repository/RecAndPlayBk/Page-Vlink-ACH-Void/input_Transaction ID"), VLinkSaleTranxID): Text '12151732' is set on object 'Object Repository/RecAndPlayBk/Page-Vlink-ACH-Void/input_Transaction ID'

2024-05-16 00:48:15 - [MESSAGE][PASSED] - Text '12151732' is set on object 'Object Repository/RecAndPlayBk/Page-Vlink-ACH-Void/input_Transaction ID'

2024-05-16 00:48:15 - [TEST_STEP][PASSED] - setText(findTestObject("Object Repository/RecAndPlayBk/Page-Vlink-ACH-Void/input_Original Transaction Type"), "201"): Text '201' is set on object 'Object Repository/RecAndPlayBk/Page-Vlink-ACH-Void/input_Original Transaction Type'

2024-05-16 00:48:16 - [MESSAGE][PASSED] - Text '201' is set on object 'Object Repository/RecAndPlayBk/Page-Vlink-ACH-Void/input_Original Transaction Type'

2024-05-16 00:48:16 - [TEST_STEP][PASSED] - click(findTestObject("Object Repository/RecAndPlayBk/Page-Vlink-ACH-Void/input")): Object: 'Object Repository/RecAndPlayBk/Page-Vlink-ACH-Void/input' is clicked on

2024-05-16 00:48:16 - [MESSAGE][PASSED] - Object: 'Object Repository/RecAndPlayBk/Page-Vlink-ACH-Void/input' is clicked on

2024-05-16 00:48:16 - [TEST_STEP][PASSED] - if (verifyTextPresent("Transaction approved, no errors", true)): null

2024-05-16 00:48:17 - [MESSAGE][PASSED] - Text 'Transaction approved, no errors' is present on page  using regular expression

2024-05-16 00:48:17 - [TEST_STEP][PASSED] - println("Transaction Approved, no errors text is present on the Confirmation page"): null

2024-05-16 00:48:17 - [TEST_STEP][PASSED] - out.println("Pass Record Number: " + row): null

2024-05-16 00:48:17 - [TEST_STEP][PASSED] - resText = "Pass": null

2024-05-16 00:48:17 - [TEST_STEP][PASSED] - pages.WriteExcel.demoKey(resText, datText, resColumn, datCloumn, fileLoc, nameSheet, row): pages.WriteExcel.demoKey is PASSED

2024-05-16 00:48:17 - [MESSAGE][PASSED] - pages.WriteExcel.demoKey is PASSED

2024-05-16 00:48:17 - [TEST_STEP][PASSED] - ExecuteTC = findTestData(dataFile).getValue("Execute", row): null

2024-05-16 00:48:17 - [TEST_STEP][PASSED] - out.println("Value of Execute is : " + ExecuteTC): null

2024-05-16 00:48:17 - [TEST_STEP][PASSED] - switch (executionProfile): null

2024-05-16 00:48:17 - [TEST_STEP][PASSED] - case "QA2Profile":: null

2024-05-16 00:48:17 - [TEST_STEP][PASSED] - appID = findTestData(dataFile).getValue("AppIDQA", row): null

2024-05-16 00:48:17 - [TEST_STEP][PASSED] - username = findTestData(dataFile).getValue("UsernameQA", row): null

2024-05-16 00:48:17 - [TEST_STEP][PASSED] - password = findTestData(dataFile).getValue("PasswordQA", row): null

2024-05-16 00:48:17 - [TEST_STEP][PASSED] - break: null

2024-05-16 00:48:17 - [TEST_STEP][PASSED] - if (ExecuteTC.equalsIgnoreCase("Y")): null

2024-05-16 00:48:17 - [TEST_STEP][PASSED] - out.println("Begin Record Number: " + row): null

2024-05-16 00:48:17 - [TEST_STEP][PASSED] - today = new java.util.Date(): null

2024-05-16 00:48:17 - [TEST_STEP][PASSED] - println(today): null

2024-05-16 00:48:17 - [TEST_STEP][PASSED] - datText = today: null

2024-05-16 00:48:17 - [TEST_STEP][PASSED] - checkType = findTestData(dataFile).getValue("CheckType", row): null

2024-05-16 00:48:17 - [TEST_STEP][PASSED] - acNumber = findTestData(dataFile).getValue("AcNumber", row): null

2024-05-16 00:48:17 - [TEST_STEP][PASSED] - company = findTestData(dataFile).getValue("Company", row): null

2024-05-16 00:48:17 - [TEST_STEP][PASSED] - acType = findTestData(dataFile).getValue("AcType", row): null

2024-05-16 00:48:17 - [TEST_STEP][PASSED] - rtn = findTestData(dataFile).getValue("RTN", row): null

2024-05-16 00:48:17 - [TEST_STEP][PASSED] - amount = findTestData(dataFile).getValue("Amount", row): null

2024-05-16 00:48:17 - [TEST_STEP][PASSED] - sec = findTestData(dataFile).getValue("SEC", row): null

2024-05-16 00:48:18 - [TEST_STEP][PASSED] - openBrowser(VLinkURL + "debit.html"): Browser is opened with url: 'https://dev-algorithm.govolution.com/vlinktest/QA2/version_2_0/debit.html'

2024-05-16 00:48:18 - [MESSAGE][WARNING] - A browser is already opened. Closing browser and opening a new one

2024-05-16 00:48:19 - [MESSAGE][INFO] - Starting 'Chrome' driver

2024-05-16 00:48:19 - [MESSAGE][INFO] - User set preference: ['acceptInsecureCerts', 'true']

2024-05-16 00:48:19 - [MESSAGE][INFO] - Action delay is set to 0 milliseconds

2024-05-16 00:48:21 - [MESSAGE][PASSED] - Browser is opened with url: 'https://dev-algorithm.govolution.com/vlinktest/QA2/version_2_0/debit.html'

2024-05-16 00:48:21 - [TEST_STEP][PASSED] - maximizeWindow(): Current window maximized

2024-05-16 00:48:21 - [MESSAGE][PASSED] - Current window maximized

2024-05-16 00:48:21 - [TEST_STEP][PASSED] - genRemID = RandomStringUtils.random(12, true, true): null

2024-05-16 00:48:21 - [TEST_STEP][PASSED] - setText(findTestObject("RecAndPlayBk/Page-Vlink-Debit/input_Remittance Id"), genRemID): Text 'UP8EbEe8wHhX' is set on object 'Object Repository/RecAndPlayBk/Page-Vlink-Debit/input_Remittance Id'

2024-05-16 00:48:22 - [MESSAGE][PASSED] - Text 'UP8EbEe8wHhX' is set on object 'Object Repository/RecAndPlayBk/Page-Vlink-Debit/input_Remittance Id'

2024-05-16 00:48:22 - [TEST_STEP][PASSED] - setText(findTestObject("RecAndPlayBk/Page-Vlink-Debit/input_Application Id"), appID): Text '234' is set on object 'Object Repository/RecAndPlayBk/Page-Vlink-Debit/input_Application Id'

2024-05-16 00:48:23 - [MESSAGE][PASSED] - Text '234' is set on object 'Object Repository/RecAndPlayBk/Page-Vlink-Debit/input_Application Id'

2024-05-16 00:48:23 - [TEST_STEP][PASSED] - setText(findTestObject("RecAndPlayBk/Page-Vlink-Debit/input_Username"), username): Text 'username' is set on object 'Object Repository/RecAndPlayBk/Page-Vlink-Debit/input_Username'

2024-05-16 00:48:23 - [MESSAGE][PASSED] - Text 'username' is set on object 'Object Repository/RecAndPlayBk/Page-Vlink-Debit/input_Username'

2024-05-16 00:48:23 - [TEST_STEP][PASSED] - setText(findTestObject("RecAndPlayBk/Page-Vlink-Debit/input_Password"), password): Text 'password' is set on object 'Object Repository/RecAndPlayBk/Page-Vlink-Debit/input_Password'

2024-05-16 00:48:24 - [MESSAGE][PASSED] - Text 'password' is set on object 'Object Repository/RecAndPlayBk/Page-Vlink-Debit/input_Password'

2024-05-16 00:48:24 - [TEST_STEP][PASSED] - setText(findTestObject("RecAndPlayBk/Page-Vlink-Debit/input_Check Type"), checkType): Text 'P' is set on object 'Object Repository/RecAndPlayBk/Page-Vlink-Debit/input_Check Type'

2024-05-16 00:48:24 - [MESSAGE][PASSED] - Text 'P' is set on object 'Object Repository/RecAndPlayBk/Page-Vlink-Debit/input_Check Type'

2024-05-16 00:48:24 - [TEST_STEP][PASSED] - setText(findTestObject("RecAndPlayBk/Page-Vlink-Debit/input_Account_check"), acNumber): Text '58963214' is set on object 'Object Repository/RecAndPlayBk/Page-Vlink-Debit/input_Account_check'

2024-05-16 00:48:25 - [MESSAGE][PASSED] - Text '58963214' is set on object 'Object Repository/RecAndPlayBk/Page-Vlink-Debit/input_Account_check'

2024-05-16 00:48:25 - [TEST_STEP][PASSED] - setText(findTestObject("RecAndPlayBk/Page-Vlink-Debit/input_Company_check"), company): Text '' is set on object 'Object Repository/RecAndPlayBk/Page-Vlink-Debit/input_Company_check'

2024-05-16 00:48:26 - [MESSAGE][PASSED] - Text '' is set on object 'Object Repository/RecAndPlayBk/Page-Vlink-Debit/input_Company_check'

2024-05-16 00:48:26 - [TEST_STEP][PASSED] - setText(findTestObject("RecAndPlayBk/Page-Vlink-Debit/input_Account Type"), acType): Text '2' is set on object 'Object Repository/RecAndPlayBk/Page-Vlink-Debit/input_Account Type'

2024-05-16 00:48:26 - [MESSAGE][PASSED] - Text '2' is set on object 'Object Repository/RecAndPlayBk/Page-Vlink-Debit/input_Account Type'

2024-05-16 00:48:26 - [TEST_STEP][PASSED] - setText(findTestObject("RecAndPlayBk/Page-Vlink-Debit/input_Routing Number"), rtn): Text '256072691' is set on object 'Object Repository/RecAndPlayBk/Page-Vlink-Debit/input_Routing Number'

2024-05-16 00:48:27 - [MESSAGE][PASSED] - Text '256072691' is set on object 'Object Repository/RecAndPlayBk/Page-Vlink-Debit/input_Routing Number'

2024-05-16 00:48:27 - [TEST_STEP][PASSED] - setText(findTestObject("RecAndPlayBk/Page-Vlink-Debit/input_Amount"), amount): Text '12.50' is set on object 'Object Repository/RecAndPlayBk/Page-Vlink-Debit/input_Amount'

2024-05-16 00:48:28 - [MESSAGE][PASSED] - Text '12.50' is set on object 'Object Repository/RecAndPlayBk/Page-Vlink-Debit/input_Amount'

2024-05-16 00:48:28 - [TEST_STEP][PASSED] - setText(findTestObject("RecAndPlayBk/Page-Vlink-Debit/input_Check Email"), ""): Text '' is set on object 'Object Repository/RecAndPlayBk/Page-Vlink-Debit/input_Check Email'

2024-05-16 00:48:28 - [MESSAGE][PASSED] - Text '' is set on object 'Object Repository/RecAndPlayBk/Page-Vlink-Debit/input_Check Email'

2024-05-16 00:48:28 - [TEST_STEP][PASSED] - setText(findTestObject("Object Repository/RecAndPlayBk/Page-Vlink-Debit/input_concat(CheckWriter, , s SSN)_check_ssn"), ""): Text '' is set on object 'Object Repository/RecAndPlayBk/Page-Vlink-Debit/input_concat(CheckWriter, , s SSN)_check_ssn'

2024-05-16 00:48:29 - [MESSAGE][PASSED] - Text '' is set on object 'Object Repository/RecAndPlayBk/Page-Vlink-Debit/input_concat(CheckWriter, , s SSN)_check_ssn'

2024-05-16 00:48:29 - [TEST_STEP][PASSED] - setText(findTestObject("Object Repository/RecAndPlayBk/Page-Vlink-Debit/input_concat(CheckWriter, , s License Numbe_020fef"), ""): Text '' is set on object 'Object Repository/RecAndPlayBk/Page-Vlink-Debit/input_concat(CheckWriter, , s License Numbe_020fef'

2024-05-16 00:48:30 - [MESSAGE][PASSED] - Text '' is set on object 'Object Repository/RecAndPlayBk/Page-Vlink-Debit/input_concat(CheckWriter, , s License Numbe_020fef'

2024-05-16 00:48:30 - [TEST_STEP][PASSED] - setText(findTestObject("Object Repository/RecAndPlayBk/Page-Vlink-Debit/input_concat(CheckWriter, , s License State_21e3e7"), ""): Text '' is set on object 'Object Repository/RecAndPlayBk/Page-Vlink-Debit/input_concat(CheckWriter, , s License State_21e3e7'

2024-05-16 00:48:30 - [MESSAGE][PASSED] - Text '' is set on object 'Object Repository/RecAndPlayBk/Page-Vlink-Debit/input_concat(CheckWriter, , s License State_21e3e7'

2024-05-16 00:48:30 - [TEST_STEP][PASSED] - setText(findTestObject("RecAndPlayBk/Page-Vlink-Debit/input_Standard Entry Class"), sec): Text 'TEL' is set on object 'Object Repository/RecAndPlayBk/Page-Vlink-Debit/input_Standard Entry Class'

2024-05-16 00:48:31 - [MESSAGE][PASSED] - Text 'TEL' is set on object 'Object Repository/RecAndPlayBk/Page-Vlink-Debit/input_Standard Entry Class'

2024-05-16 00:48:31 - [TEST_STEP][PASSED] - click(findTestObject("Object Repository/RecAndPlayBk/Page-Vlink-Debit/input")): Object: 'Object Repository/RecAndPlayBk/Page-Vlink-Debit/input' is clicked on

2024-05-16 00:48:32 - [MESSAGE][PASSED] - Object: 'Object Repository/RecAndPlayBk/Page-Vlink-Debit/input' is clicked on

2024-05-16 00:48:32 - [TEST_STEP][PASSED] - if (verifyTextPresent("Transaction approved, no errors", true)): null

2024-05-16 00:48:32 - [MESSAGE][PASSED] - Text 'Transaction approved, no errors' is present on page  using regular expression

2024-05-16 00:48:32 - [TEST_STEP][PASSED] - println("Transaction Approved, no errors text is present on the Confirmation page"): null

2024-05-16 00:48:32 - [TEST_STEP][PASSED] - sdfo = getText(findTestObject("Object Repository/Page_VLinkReceipt/pre_STX")): Text of object 'Object Repository/Page_VLinkReceipt/pre_STX' is: '<STX>UP8EbEe8wHhX                  12151734            0  Transaction approved, no errors                   0                                                                                                              <ETX>'

2024-05-16 00:48:32 - [MESSAGE][PASSED] - Text of object 'Object Repository/Page_VLinkReceipt/pre_STX' is: '<STX>UP8EbEe8wHhX                  12151734            0  Transaction approved, no errors                   0                                                                                                              <ETX>'

2024-05-16 00:48:32 - [TEST_STEP][PASSED] - out.println("sdfo: " + sdfo): null

2024-05-16 00:48:32 - [TEST_STEP][PASSED] - remID = substring(5, 35).trim(): null

2024-05-16 00:48:32 - [TEST_STEP][PASSED] - out.println("remID: " + remID): null

2024-05-16 00:48:32 - [TEST_STEP][PASSED] - traxID = substring(35, 55).trim(): null

2024-05-16 00:48:32 - [TEST_STEP][PASSED] - out.println("traxID: " + traxID): null

2024-05-16 00:48:32 - [TEST_STEP][PASSED] - VLinkSaleRemID = remID: null

2024-05-16 00:48:32 - [TEST_STEP][PASSED] - VLinkSaleTranxID = traxID: null

2024-05-16 00:48:32 - [TEST_STEP][PASSED] - openBrowser(VLinkURL + "ACH_credit.html"): Browser is opened with url: 'https://dev-algorithm.govolution.com/vlinktest/QA2/version_2_0/ACH_credit.html'

2024-05-16 00:48:32 - [MESSAGE][WARNING] - A browser is already opened. Closing browser and opening a new one

2024-05-16 00:48:34 - [MESSAGE][INFO] - Starting 'Chrome' driver

2024-05-16 00:48:34 - [MESSAGE][INFO] - User set preference: ['acceptInsecureCerts', 'true']

2024-05-16 00:48:34 - [MESSAGE][INFO] - Action delay is set to 0 milliseconds

2024-05-16 00:48:36 - [MESSAGE][PASSED] - Browser is opened with url: 'https://dev-algorithm.govolution.com/vlinktest/QA2/version_2_0/ACH_credit.html'

2024-05-16 00:48:36 - [TEST_STEP][PASSED] - maximizeWindow(): Current window maximized

2024-05-16 00:48:36 - [MESSAGE][PASSED] - Current window maximized

2024-05-16 00:48:36 - [TEST_STEP][PASSED] - setText(findTestObject("Object Repository/RecAndPlayBk/Page-Vlink-ACH-Credit/input_Remittance Id"), VLinkSaleRemID): Text 'UP8EbEe8wHhX' is set on object 'Object Repository/RecAndPlayBk/Page-Vlink-ACH-Credit/input_Remittance Id'

2024-05-16 00:48:37 - [MESSAGE][PASSED] - Text 'UP8EbEe8wHhX' is set on object 'Object Repository/RecAndPlayBk/Page-Vlink-ACH-Credit/input_Remittance Id'

2024-05-16 00:48:37 - [TEST_STEP][PASSED] - setText(findTestObject("Object Repository/RecAndPlayBk/Page-Vlink-ACH-Credit/input_Application Id"), appID): Text '234' is set on object 'Object Repository/RecAndPlayBk/Page-Vlink-ACH-Credit/input_Application Id'

2024-05-16 00:48:37 - [MESSAGE][PASSED] - Text '234' is set on object 'Object Repository/RecAndPlayBk/Page-Vlink-ACH-Credit/input_Application Id'

2024-05-16 00:48:37 - [TEST_STEP][PASSED] - setText(findTestObject("Object Repository/RecAndPlayBk/Page-Vlink-ACH-Credit/input_Username"), username): Text 'username' is set on object 'Object Repository/RecAndPlayBk/Page-Vlink-ACH-Credit/input_Username'

2024-05-16 00:48:38 - [MESSAGE][PASSED] - Text 'username' is set on object 'Object Repository/RecAndPlayBk/Page-Vlink-ACH-Credit/input_Username'

2024-05-16 00:48:38 - [TEST_STEP][PASSED] - setText(findTestObject("Object Repository/RecAndPlayBk/Page-Vlink-ACH-Credit/input_Password"), password): Text 'password' is set on object 'Object Repository/RecAndPlayBk/Page-Vlink-ACH-Credit/input_Password'

2024-05-16 00:48:39 - [MESSAGE][PASSED] - Text 'password' is set on object 'Object Repository/RecAndPlayBk/Page-Vlink-ACH-Credit/input_Password'

2024-05-16 00:48:39 - [TEST_STEP][PASSED] - setText(findTestObject("Object Repository/RecAndPlayBk/Page-Vlink-ACH-Credit/input_Check Type"), checkType): Text 'P' is set on object 'Object Repository/RecAndPlayBk/Page-Vlink-ACH-Credit/input_Check Type'

2024-05-16 00:48:39 - [MESSAGE][PASSED] - Text 'P' is set on object 'Object Repository/RecAndPlayBk/Page-Vlink-ACH-Credit/input_Check Type'

2024-05-16 00:48:39 - [TEST_STEP][PASSED] - setText(findTestObject("Object Repository/RecAndPlayBk/Page-Vlink-ACH-Credit/input_Transaction ID"), VLinkSaleTranxID): Text '12151734' is set on object 'Object Repository/RecAndPlayBk/Page-Vlink-ACH-Credit/input_Transaction ID'

2024-05-16 00:48:40 - [MESSAGE][PASSED] - Text '12151734' is set on object 'Object Repository/RecAndPlayBk/Page-Vlink-ACH-Credit/input_Transaction ID'

2024-05-16 00:48:40 - [TEST_STEP][PASSED] - setText(findTestObject("Object Repository/RecAndPlayBk/Page-Vlink-ACH-Credit/input_Amount"), amount): Text '12.50' is set on object 'Object Repository/RecAndPlayBk/Page-Vlink-ACH-Credit/input_Amount'

2024-05-16 00:48:40 - [MESSAGE][PASSED] - Text '12.50' is set on object 'Object Repository/RecAndPlayBk/Page-Vlink-ACH-Credit/input_Amount'

2024-05-16 00:48:40 - [TEST_STEP][PASSED] - setText(findTestObject("Object Repository/RecAndPlayBk/Page-Vlink-ACH-Credit/input_Standard Entry Class"), sec): Text 'TEL' is set on object 'Object Repository/RecAndPlayBk/Page-Vlink-ACH-Credit/input_Standard Entry Class'

2024-05-16 00:48:41 - [MESSAGE][PASSED] - Text 'TEL' is set on object 'Object Repository/RecAndPlayBk/Page-Vlink-ACH-Credit/input_Standard Entry Class'

2024-05-16 00:48:41 - [TEST_STEP][PASSED] - setText(findTestObject("Object Repository/RecAndPlayBk/Page-Vlink-ACH-Credit/input_Account Number"), acNumber): Text '58963214' is set on object 'Object Repository/RecAndPlayBk/Page-Vlink-ACH-Credit/input_Account Number'

2024-05-16 00:48:42 - [MESSAGE][PASSED] - Text '58963214' is set on object 'Object Repository/RecAndPlayBk/Page-Vlink-ACH-Credit/input_Account Number'

2024-05-16 00:48:42 - [TEST_STEP][PASSED] - setText(findTestObject("Object Repository/RecAndPlayBk/Page-Vlink-ACH-Credit/input_Routing Number"), rtn): Text '256072691' is set on object 'Object Repository/RecAndPlayBk/Page-Vlink-ACH-Credit/input_Routing Number'

2024-05-16 00:48:42 - [MESSAGE][PASSED] - Text '256072691' is set on object 'Object Repository/RecAndPlayBk/Page-Vlink-ACH-Credit/input_Routing Number'

2024-05-16 00:48:42 - [TEST_STEP][PASSED] - click(findTestObject("Object Repository/RecAndPlayBk/Page-Vlink-ACH-Credit/input")): Object: 'Object Repository/RecAndPlayBk/Page-Vlink-ACH-Credit/input' is clicked on

2024-05-16 00:48:43 - [MESSAGE][PASSED] - Object: 'Object Repository/RecAndPlayBk/Page-Vlink-ACH-Credit/input' is clicked on

2024-05-16 00:48:43 - [TEST_STEP][PASSED] - if (verifyTextPresent("Transaction approved, no errors", true)): null

2024-05-16 00:48:43 - [MESSAGE][PASSED] - Text 'Transaction approved, no errors' is present on page  using regular expression

2024-05-16 00:48:43 - [TEST_STEP][PASSED] - println("Transaction Approved, no errors text is present on the Confirmation page"): null

2024-05-16 00:48:43 - [TEST_STEP][PASSED] - sdfo = getText(findTestObject("Object Repository/Page_VLinkReceipt/pre_STX")): Text of object 'Object Repository/Page_VLinkReceipt/pre_STX' is: '<STX>UP8EbEe8wHhX                  12151735            0  Transaction approved, no errors                   0                                                                                                              <ETX>'

2024-05-16 00:48:44 - [MESSAGE][PASSED] - Text of object 'Object Repository/Page_VLinkReceipt/pre_STX' is: '<STX>UP8EbEe8wHhX                  12151735            0  Transaction approved, no errors                   0                                                                                                              <ETX>'

2024-05-16 00:48:44 - [TEST_STEP][PASSED] - out.println("sdfo: " + sdfo): null

2024-05-16 00:48:44 - [TEST_STEP][PASSED] - remID = substring(5, 35).trim(): null

2024-05-16 00:48:44 - [TEST_STEP][PASSED] - out.println("remID: " + remID): null

2024-05-16 00:48:44 - [TEST_STEP][PASSED] - traxID = substring(35, 55).trim(): null

2024-05-16 00:48:44 - [TEST_STEP][PASSED] - out.println("traxID: " + traxID): null

2024-05-16 00:48:44 - [TEST_STEP][PASSED] - VLinkSaleRemID = remID: null

2024-05-16 00:48:44 - [TEST_STEP][PASSED] - VLinkSaleTranxID = traxID: null

2024-05-16 00:48:44 - [TEST_STEP][PASSED] - openBrowser(VLinkURL + "ACH_void.html"): Browser is opened with url: 'https://dev-algorithm.govolution.com/vlinktest/QA2/version_2_0/ACH_void.html'

2024-05-16 00:48:44 - [MESSAGE][WARNING] - A browser is already opened. Closing browser and opening a new one

2024-05-16 00:48:45 - [MESSAGE][INFO] - Starting 'Chrome' driver

2024-05-16 00:48:45 - [MESSAGE][INFO] - User set preference: ['acceptInsecureCerts', 'true']

2024-05-16 00:48:45 - [MESSAGE][INFO] - Action delay is set to 0 milliseconds

2024-05-16 00:48:47 - [MESSAGE][PASSED] - Browser is opened with url: 'https://dev-algorithm.govolution.com/vlinktest/QA2/version_2_0/ACH_void.html'

2024-05-16 00:48:47 - [TEST_STEP][PASSED] - maximizeWindow(): Current window maximized

2024-05-16 00:48:47 - [MESSAGE][PASSED] - Current window maximized

2024-05-16 00:48:47 - [TEST_STEP][PASSED] - setText(findTestObject("Object Repository/RecAndPlayBk/Page-Vlink-ACH-Void/input_Remittance Id"), VLinkSaleRemID): Text 'UP8EbEe8wHhX' is set on object 'Object Repository/RecAndPlayBk/Page-Vlink-ACH-Void/input_Remittance Id'

2024-05-16 00:48:48 - [MESSAGE][PASSED] - Text 'UP8EbEe8wHhX' is set on object 'Object Repository/RecAndPlayBk/Page-Vlink-ACH-Void/input_Remittance Id'

2024-05-16 00:48:48 - [TEST_STEP][PASSED] - setText(findTestObject("Object Repository/RecAndPlayBk/Page-Vlink-ACH-Void/input_Application Id"), appID): Text '234' is set on object 'Object Repository/RecAndPlayBk/Page-Vlink-ACH-Void/input_Application Id'

2024-05-16 00:48:49 - [MESSAGE][PASSED] - Text '234' is set on object 'Object Repository/RecAndPlayBk/Page-Vlink-ACH-Void/input_Application Id'

2024-05-16 00:48:49 - [TEST_STEP][PASSED] - setText(findTestObject("Object Repository/RecAndPlayBk/Page-Vlink-ACH-Void/input_Username"), username): Text 'username' is set on object 'Object Repository/RecAndPlayBk/Page-Vlink-ACH-Void/input_Username'

2024-05-16 00:48:49 - [MESSAGE][PASSED] - Text 'username' is set on object 'Object Repository/RecAndPlayBk/Page-Vlink-ACH-Void/input_Username'

2024-05-16 00:48:49 - [TEST_STEP][PASSED] - setText(findTestObject("Object Repository/RecAndPlayBk/Page-Vlink-ACH-Void/input_Password"), password): Text 'password' is set on object 'Object Repository/RecAndPlayBk/Page-Vlink-ACH-Void/input_Password'

2024-05-16 00:48:50 - [MESSAGE][PASSED] - Text 'password' is set on object 'Object Repository/RecAndPlayBk/Page-Vlink-ACH-Void/input_Password'

2024-05-16 00:48:50 - [TEST_STEP][PASSED] - setText(findTestObject("Object Repository/RecAndPlayBk/Page-Vlink-ACH-Void/input_Check Type"), checkType): Text 'P' is set on object 'Object Repository/RecAndPlayBk/Page-Vlink-ACH-Void/input_Check Type'

2024-05-16 00:48:51 - [MESSAGE][PASSED] - Text 'P' is set on object 'Object Repository/RecAndPlayBk/Page-Vlink-ACH-Void/input_Check Type'

2024-05-16 00:48:51 - [TEST_STEP][PASSED] - setText(findTestObject("Object Repository/RecAndPlayBk/Page-Vlink-ACH-Void/input_Standard Entry Class"), sec): Text 'TEL' is set on object 'Object Repository/RecAndPlayBk/Page-Vlink-ACH-Void/input_Standard Entry Class'

2024-05-16 00:48:51 - [MESSAGE][PASSED] - Text 'TEL' is set on object 'Object Repository/RecAndPlayBk/Page-Vlink-ACH-Void/input_Standard Entry Class'

2024-05-16 00:48:51 - [TEST_STEP][PASSED] - setText(findTestObject("Object Repository/RecAndPlayBk/Page-Vlink-ACH-Void/input_Transaction ID"), VLinkSaleTranxID): Text '12151735' is set on object 'Object Repository/RecAndPlayBk/Page-Vlink-ACH-Void/input_Transaction ID'

2024-05-16 00:48:52 - [MESSAGE][PASSED] - Text '12151735' is set on object 'Object Repository/RecAndPlayBk/Page-Vlink-ACH-Void/input_Transaction ID'

2024-05-16 00:48:52 - [TEST_STEP][PASSED] - setText(findTestObject("Object Repository/RecAndPlayBk/Page-Vlink-ACH-Void/input_Original Transaction Type"), "201"): Text '201' is set on object 'Object Repository/RecAndPlayBk/Page-Vlink-ACH-Void/input_Original Transaction Type'

2024-05-16 00:48:52 - [MESSAGE][PASSED] - Text '201' is set on object 'Object Repository/RecAndPlayBk/Page-Vlink-ACH-Void/input_Original Transaction Type'

2024-05-16 00:48:52 - [TEST_STEP][PASSED] - click(findTestObject("Object Repository/RecAndPlayBk/Page-Vlink-ACH-Void/input")): Object: 'Object Repository/RecAndPlayBk/Page-Vlink-ACH-Void/input' is clicked on

2024-05-16 00:48:53 - [MESSAGE][PASSED] - Object: 'Object Repository/RecAndPlayBk/Page-Vlink-ACH-Void/input' is clicked on

2024-05-16 00:48:53 - [TEST_STEP][PASSED] - if (verifyTextPresent("Transaction approved, no errors", true)): null

2024-05-16 00:48:54 - [MESSAGE][PASSED] - Text 'Transaction approved, no errors' is present on page  using regular expression

2024-05-16 00:48:54 - [TEST_STEP][PASSED] - println("Transaction Approved, no errors text is present on the Confirmation page"): null

2024-05-16 00:48:54 - [TEST_STEP][PASSED] - out.println("Pass Record Number: " + row): null

2024-05-16 00:48:54 - [TEST_STEP][PASSED] - resText = "Pass": null

2024-05-16 00:48:54 - [TEST_STEP][PASSED] - pages.WriteExcel.demoKey(resText, datText, resColumn, datCloumn, fileLoc, nameSheet, row): pages.WriteExcel.demoKey is PASSED

2024-05-16 00:48:54 - [MESSAGE][PASSED] - pages.WriteExcel.demoKey is PASSED

2024-05-16 00:48:54 - [TEST_STEP][PASSED] - ExecuteTC = findTestData(dataFile).getValue("Execute", row): null

2024-05-16 00:48:54 - [TEST_STEP][PASSED] - out.println("Value of Execute is : " + ExecuteTC): null

2024-05-16 00:48:54 - [TEST_STEP][PASSED] - switch (executionProfile): null

2024-05-16 00:48:54 - [TEST_STEP][PASSED] - case "QA2Profile":: null

2024-05-16 00:48:54 - [TEST_STEP][PASSED] - appID = findTestData(dataFile).getValue("AppIDQA", row): null

2024-05-16 00:48:54 - [TEST_STEP][PASSED] - username = findTestData(dataFile).getValue("UsernameQA", row): null

2024-05-16 00:48:54 - [TEST_STEP][PASSED] - password = findTestData(dataFile).getValue("PasswordQA", row): null

2024-05-16 00:48:54 - [TEST_STEP][PASSED] - break: null

2024-05-16 00:48:54 - [TEST_STEP][PASSED] - if (ExecuteTC.equalsIgnoreCase("Y")): null

2024-05-16 00:48:54 - [TEST_STEP][PASSED] - out.println("Begin Record Number: " + row): null

2024-05-16 00:48:54 - [TEST_STEP][PASSED] - today = new java.util.Date(): null

2024-05-16 00:48:54 - [TEST_STEP][PASSED] - println(today): null

2024-05-16 00:48:54 - [TEST_STEP][PASSED] - datText = today: null

2024-05-16 00:48:54 - [TEST_STEP][PASSED] - checkType = findTestData(dataFile).getValue("CheckType", row): null

2024-05-16 00:48:54 - [TEST_STEP][PASSED] - acNumber = findTestData(dataFile).getValue("AcNumber", row): null

2024-05-16 00:48:54 - [TEST_STEP][PASSED] - company = findTestData(dataFile).getValue("Company", row): null

2024-05-16 00:48:54 - [TEST_STEP][PASSED] - acType = findTestData(dataFile).getValue("AcType", row): null

2024-05-16 00:48:54 - [TEST_STEP][PASSED] - rtn = findTestData(dataFile).getValue("RTN", row): null

2024-05-16 00:48:54 - [TEST_STEP][PASSED] - amount = findTestData(dataFile).getValue("Amount", row): null

2024-05-16 00:48:54 - [TEST_STEP][PASSED] - sec = findTestData(dataFile).getValue("SEC", row): null

2024-05-16 00:48:54 - [TEST_STEP][PASSED] - openBrowser(VLinkURL + "debit.html"): Browser is opened with url: 'https://dev-algorithm.govolution.com/vlinktest/QA2/version_2_0/debit.html'

2024-05-16 00:48:54 - [MESSAGE][WARNING] - A browser is already opened. Closing browser and opening a new one

2024-05-16 00:48:56 - [MESSAGE][INFO] - Starting 'Chrome' driver

2024-05-16 00:48:56 - [MESSAGE][INFO] - User set preference: ['acceptInsecureCerts', 'true']

2024-05-16 00:48:56 - [MESSAGE][INFO] - Action delay is set to 0 milliseconds

2024-05-16 00:48:58 - [MESSAGE][PASSED] - Browser is opened with url: 'https://dev-algorithm.govolution.com/vlinktest/QA2/version_2_0/debit.html'

2024-05-16 00:48:58 - [TEST_STEP][PASSED] - maximizeWindow(): Current window maximized

2024-05-16 00:48:58 - [MESSAGE][PASSED] - Current window maximized

2024-05-16 00:48:58 - [TEST_STEP][PASSED] - genRemID = RandomStringUtils.random(12, true, true): null

2024-05-16 00:48:58 - [TEST_STEP][PASSED] - setText(findTestObject("RecAndPlayBk/Page-Vlink-Debit/input_Remittance Id"), genRemID): Text '6OaLwtXwY0UO' is set on object 'Object Repository/RecAndPlayBk/Page-Vlink-Debit/input_Remittance Id'

2024-05-16 00:48:59 - [MESSAGE][PASSED] - Text '6OaLwtXwY0UO' is set on object 'Object Repository/RecAndPlayBk/Page-Vlink-Debit/input_Remittance Id'

2024-05-16 00:48:59 - [TEST_STEP][PASSED] - setText(findTestObject("RecAndPlayBk/Page-Vlink-Debit/input_Application Id"), appID): Text '234' is set on object 'Object Repository/RecAndPlayBk/Page-Vlink-Debit/input_Application Id'

2024-05-16 00:48:59 - [MESSAGE][PASSED] - Text '234' is set on object 'Object Repository/RecAndPlayBk/Page-Vlink-Debit/input_Application Id'

2024-05-16 00:48:59 - [TEST_STEP][PASSED] - setText(findTestObject("RecAndPlayBk/Page-Vlink-Debit/input_Username"), username): Text 'username' is set on object 'Object Repository/RecAndPlayBk/Page-Vlink-Debit/input_Username'

2024-05-16 00:49:00 - [MESSAGE][PASSED] - Text 'username' is set on object 'Object Repository/RecAndPlayBk/Page-Vlink-Debit/input_Username'

2024-05-16 00:49:00 - [TEST_STEP][PASSED] - setText(findTestObject("RecAndPlayBk/Page-Vlink-Debit/input_Password"), password): Text 'password' is set on object 'Object Repository/RecAndPlayBk/Page-Vlink-Debit/input_Password'

2024-05-16 00:49:01 - [MESSAGE][PASSED] - Text 'password' is set on object 'Object Repository/RecAndPlayBk/Page-Vlink-Debit/input_Password'

2024-05-16 00:49:01 - [TEST_STEP][PASSED] - setText(findTestObject("RecAndPlayBk/Page-Vlink-Debit/input_Check Type"), checkType): Text 'P' is set on object 'Object Repository/RecAndPlayBk/Page-Vlink-Debit/input_Check Type'

2024-05-16 00:49:01 - [MESSAGE][PASSED] - Text 'P' is set on object 'Object Repository/RecAndPlayBk/Page-Vlink-Debit/input_Check Type'

2024-05-16 00:49:01 - [TEST_STEP][PASSED] - setText(findTestObject("RecAndPlayBk/Page-Vlink-Debit/input_Account_check"), acNumber): Text '58963214' is set on object 'Object Repository/RecAndPlayBk/Page-Vlink-Debit/input_Account_check'

2024-05-16 00:49:02 - [MESSAGE][PASSED] - Text '58963214' is set on object 'Object Repository/RecAndPlayBk/Page-Vlink-Debit/input_Account_check'

2024-05-16 00:49:02 - [TEST_STEP][PASSED] - setText(findTestObject("RecAndPlayBk/Page-Vlink-Debit/input_Company_check"), company): Text '' is set on object 'Object Repository/RecAndPlayBk/Page-Vlink-Debit/input_Company_check'

2024-05-16 00:49:03 - [MESSAGE][PASSED] - Text '' is set on object 'Object Repository/RecAndPlayBk/Page-Vlink-Debit/input_Company_check'

2024-05-16 00:49:03 - [TEST_STEP][PASSED] - setText(findTestObject("RecAndPlayBk/Page-Vlink-Debit/input_Account Type"), acType): Text '2' is set on object 'Object Repository/RecAndPlayBk/Page-Vlink-Debit/input_Account Type'

2024-05-16 00:49:03 - [MESSAGE][PASSED] - Text '2' is set on object 'Object Repository/RecAndPlayBk/Page-Vlink-Debit/input_Account Type'

2024-05-16 00:49:03 - [TEST_STEP][PASSED] - setText(findTestObject("RecAndPlayBk/Page-Vlink-Debit/input_Routing Number"), rtn): Text '256072691' is set on object 'Object Repository/RecAndPlayBk/Page-Vlink-Debit/input_Routing Number'

2024-05-16 00:49:04 - [MESSAGE][PASSED] - Text '256072691' is set on object 'Object Repository/RecAndPlayBk/Page-Vlink-Debit/input_Routing Number'

2024-05-16 00:49:04 - [TEST_STEP][PASSED] - setText(findTestObject("RecAndPlayBk/Page-Vlink-Debit/input_Amount"), amount): Text '12.50' is set on object 'Object Repository/RecAndPlayBk/Page-Vlink-Debit/input_Amount'

2024-05-16 00:49:04 - [MESSAGE][PASSED] - Text '12.50' is set on object 'Object Repository/RecAndPlayBk/Page-Vlink-Debit/input_Amount'

2024-05-16 00:49:04 - [TEST_STEP][PASSED] - setText(findTestObject("RecAndPlayBk/Page-Vlink-Debit/input_Check Email"), ""): Text '' is set on object 'Object Repository/RecAndPlayBk/Page-Vlink-Debit/input_Check Email'

2024-05-16 00:49:05 - [MESSAGE][PASSED] - Text '' is set on object 'Object Repository/RecAndPlayBk/Page-Vlink-Debit/input_Check Email'

2024-05-16 00:49:05 - [TEST_STEP][PASSED] - setText(findTestObject("Object Repository/RecAndPlayBk/Page-Vlink-Debit/input_concat(CheckWriter, , s SSN)_check_ssn"), ""): Text '' is set on object 'Object Repository/RecAndPlayBk/Page-Vlink-Debit/input_concat(CheckWriter, , s SSN)_check_ssn'

2024-05-16 00:49:06 - [MESSAGE][PASSED] - Text '' is set on object 'Object Repository/RecAndPlayBk/Page-Vlink-Debit/input_concat(CheckWriter, , s SSN)_check_ssn'

2024-05-16 00:49:06 - [TEST_STEP][PASSED] - setText(findTestObject("Object Repository/RecAndPlayBk/Page-Vlink-Debit/input_concat(CheckWriter, , s License Numbe_020fef"), ""): Text '' is set on object 'Object Repository/RecAndPlayBk/Page-Vlink-Debit/input_concat(CheckWriter, , s License Numbe_020fef'

2024-05-16 00:49:06 - [MESSAGE][PASSED] - Text '' is set on object 'Object Repository/RecAndPlayBk/Page-Vlink-Debit/input_concat(CheckWriter, , s License Numbe_020fef'

2024-05-16 00:49:06 - [TEST_STEP][PASSED] - setText(findTestObject("Object Repository/RecAndPlayBk/Page-Vlink-Debit/input_concat(CheckWriter, , s License State_21e3e7"), ""): Text '' is set on object 'Object Repository/RecAndPlayBk/Page-Vlink-Debit/input_concat(CheckWriter, , s License State_21e3e7'

2024-05-16 00:49:07 - [MESSAGE][PASSED] - Text '' is set on object 'Object Repository/RecAndPlayBk/Page-Vlink-Debit/input_concat(CheckWriter, , s License State_21e3e7'

2024-05-16 00:49:07 - [TEST_STEP][PASSED] - setText(findTestObject("RecAndPlayBk/Page-Vlink-Debit/input_Standard Entry Class"), sec): Text 'PPD' is set on object 'Object Repository/RecAndPlayBk/Page-Vlink-Debit/input_Standard Entry Class'

2024-05-16 00:49:08 - [MESSAGE][PASSED] - Text 'PPD' is set on object 'Object Repository/RecAndPlayBk/Page-Vlink-Debit/input_Standard Entry Class'

2024-05-16 00:49:08 - [TEST_STEP][PASSED] - click(findTestObject("Object Repository/RecAndPlayBk/Page-Vlink-Debit/input")): Object: 'Object Repository/RecAndPlayBk/Page-Vlink-Debit/input' is clicked on

2024-05-16 00:49:08 - [MESSAGE][PASSED] - Object: 'Object Repository/RecAndPlayBk/Page-Vlink-Debit/input' is clicked on

2024-05-16 00:49:08 - [TEST_STEP][PASSED] - if (verifyTextPresent("Transaction approved, no errors", true)): null

2024-05-16 00:49:09 - [MESSAGE][PASSED] - Text 'Transaction approved, no errors' is present on page  using regular expression

2024-05-16 00:49:09 - [TEST_STEP][PASSED] - println("Transaction Approved, no errors text is present on the Confirmation page"): null

2024-05-16 00:49:09 - [TEST_STEP][PASSED] - sdfo = getText(findTestObject("Object Repository/Page_VLinkReceipt/pre_STX")): Text of object 'Object Repository/Page_VLinkReceipt/pre_STX' is: '<STX>6OaLwtXwY0UO                  12151737            0  Transaction approved, no errors                   0                                                                                                              <ETX>'

2024-05-16 00:49:09 - [MESSAGE][PASSED] - Text of object 'Object Repository/Page_VLinkReceipt/pre_STX' is: '<STX>6OaLwtXwY0UO                  12151737            0  Transaction approved, no errors                   0                                                                                                              <ETX>'

2024-05-16 00:49:09 - [TEST_STEP][PASSED] - out.println("sdfo: " + sdfo): null

2024-05-16 00:49:09 - [TEST_STEP][PASSED] - remID = substring(5, 35).trim(): null

2024-05-16 00:49:09 - [TEST_STEP][PASSED] - out.println("remID: " + remID): null

2024-05-16 00:49:09 - [TEST_STEP][PASSED] - traxID = substring(35, 55).trim(): null

2024-05-16 00:49:09 - [TEST_STEP][PASSED] - out.println("traxID: " + traxID): null

2024-05-16 00:49:09 - [TEST_STEP][PASSED] - VLinkSaleRemID = remID: null

2024-05-16 00:49:09 - [TEST_STEP][PASSED] - VLinkSaleTranxID = traxID: null

2024-05-16 00:49:09 - [TEST_STEP][PASSED] - openBrowser(VLinkURL + "ACH_credit.html"): Browser is opened with url: 'https://dev-algorithm.govolution.com/vlinktest/QA2/version_2_0/ACH_credit.html'

2024-05-16 00:49:09 - [MESSAGE][WARNING] - A browser is already opened. Closing browser and opening a new one

2024-05-16 00:49:10 - [MESSAGE][INFO] - Starting 'Chrome' driver

2024-05-16 00:49:10 - [MESSAGE][INFO] - User set preference: ['acceptInsecureCerts', 'true']

2024-05-16 00:49:10 - [MESSAGE][INFO] - Action delay is set to 0 milliseconds

2024-05-16 00:49:12 - [MESSAGE][PASSED] - Browser is opened with url: 'https://dev-algorithm.govolution.com/vlinktest/QA2/version_2_0/ACH_credit.html'

2024-05-16 00:49:12 - [TEST_STEP][PASSED] - maximizeWindow(): Current window maximized

2024-05-16 00:49:13 - [MESSAGE][PASSED] - Current window maximized

2024-05-16 00:49:13 - [TEST_STEP][PASSED] - setText(findTestObject("Object Repository/RecAndPlayBk/Page-Vlink-ACH-Credit/input_Remittance Id"), VLinkSaleRemID): Text '6OaLwtXwY0UO' is set on object 'Object Repository/RecAndPlayBk/Page-Vlink-ACH-Credit/input_Remittance Id'

2024-05-16 00:49:13 - [MESSAGE][PASSED] - Text '6OaLwtXwY0UO' is set on object 'Object Repository/RecAndPlayBk/Page-Vlink-ACH-Credit/input_Remittance Id'

2024-05-16 00:49:13 - [TEST_STEP][PASSED] - setText(findTestObject("Object Repository/RecAndPlayBk/Page-Vlink-ACH-Credit/input_Application Id"), appID): Text '234' is set on object 'Object Repository/RecAndPlayBk/Page-Vlink-ACH-Credit/input_Application Id'

2024-05-16 00:49:14 - [MESSAGE][PASSED] - Text '234' is set on object 'Object Repository/RecAndPlayBk/Page-Vlink-ACH-Credit/input_Application Id'

2024-05-16 00:49:14 - [TEST_STEP][PASSED] - setText(findTestObject("Object Repository/RecAndPlayBk/Page-Vlink-ACH-Credit/input_Username"), username): Text 'username' is set on object 'Object Repository/RecAndPlayBk/Page-Vlink-ACH-Credit/input_Username'

2024-05-16 00:49:15 - [MESSAGE][PASSED] - Text 'username' is set on object 'Object Repository/RecAndPlayBk/Page-Vlink-ACH-Credit/input_Username'

2024-05-16 00:49:15 - [TEST_STEP][PASSED] - setText(findTestObject("Object Repository/RecAndPlayBk/Page-Vlink-ACH-Credit/input_Password"), password): Text 'password' is set on object 'Object Repository/RecAndPlayBk/Page-Vlink-ACH-Credit/input_Password'

2024-05-16 00:49:15 - [MESSAGE][PASSED] - Text 'password' is set on object 'Object Repository/RecAndPlayBk/Page-Vlink-ACH-Credit/input_Password'

2024-05-16 00:49:15 - [TEST_STEP][PASSED] - setText(findTestObject("Object Repository/RecAndPlayBk/Page-Vlink-ACH-Credit/input_Check Type"), checkType): Text 'P' is set on object 'Object Repository/RecAndPlayBk/Page-Vlink-ACH-Credit/input_Check Type'

2024-05-16 00:49:16 - [MESSAGE][PASSED] - Text 'P' is set on object 'Object Repository/RecAndPlayBk/Page-Vlink-ACH-Credit/input_Check Type'

2024-05-16 00:49:16 - [TEST_STEP][PASSED] - setText(findTestObject("Object Repository/RecAndPlayBk/Page-Vlink-ACH-Credit/input_Transaction ID"), VLinkSaleTranxID): Text '12151737' is set on object 'Object Repository/RecAndPlayBk/Page-Vlink-ACH-Credit/input_Transaction ID'

2024-05-16 00:49:17 - [MESSAGE][PASSED] - Text '12151737' is set on object 'Object Repository/RecAndPlayBk/Page-Vlink-ACH-Credit/input_Transaction ID'

2024-05-16 00:49:17 - [TEST_STEP][PASSED] - setText(findTestObject("Object Repository/RecAndPlayBk/Page-Vlink-ACH-Credit/input_Amount"), amount): Text '12.50' is set on object 'Object Repository/RecAndPlayBk/Page-Vlink-ACH-Credit/input_Amount'

2024-05-16 00:49:17 - [MESSAGE][PASSED] - Text '12.50' is set on object 'Object Repository/RecAndPlayBk/Page-Vlink-ACH-Credit/input_Amount'

2024-05-16 00:49:17 - [TEST_STEP][PASSED] - setText(findTestObject("Object Repository/RecAndPlayBk/Page-Vlink-ACH-Credit/input_Standard Entry Class"), sec): Text 'PPD' is set on object 'Object Repository/RecAndPlayBk/Page-Vlink-ACH-Credit/input_Standard Entry Class'

2024-05-16 00:49:18 - [MESSAGE][PASSED] - Text 'PPD' is set on object 'Object Repository/RecAndPlayBk/Page-Vlink-ACH-Credit/input_Standard Entry Class'

2024-05-16 00:49:18 - [TEST_STEP][PASSED] - setText(findTestObject("Object Repository/RecAndPlayBk/Page-Vlink-ACH-Credit/input_Account Number"), acNumber): Text '58963214' is set on object 'Object Repository/RecAndPlayBk/Page-Vlink-ACH-Credit/input_Account Number'

2024-05-16 00:49:19 - [MESSAGE][PASSED] - Text '58963214' is set on object 'Object Repository/RecAndPlayBk/Page-Vlink-ACH-Credit/input_Account Number'

2024-05-16 00:49:19 - [TEST_STEP][PASSED] - setText(findTestObject("Object Repository/RecAndPlayBk/Page-Vlink-ACH-Credit/input_Routing Number"), rtn): Text '256072691' is set on object 'Object Repository/RecAndPlayBk/Page-Vlink-ACH-Credit/input_Routing Number'

2024-05-16 00:49:19 - [MESSAGE][PASSED] - Text '256072691' is set on object 'Object Repository/RecAndPlayBk/Page-Vlink-ACH-Credit/input_Routing Number'

2024-05-16 00:49:19 - [TEST_STEP][PASSED] - click(findTestObject("Object Repository/RecAndPlayBk/Page-Vlink-ACH-Credit/input")): Object: 'Object Repository/RecAndPlayBk/Page-Vlink-ACH-Credit/input' is clicked on

2024-05-16 00:49:20 - [MESSAGE][PASSED] - Object: 'Object Repository/RecAndPlayBk/Page-Vlink-ACH-Credit/input' is clicked on

2024-05-16 00:49:20 - [TEST_STEP][PASSED] - if (verifyTextPresent("Transaction approved, no errors", true)): null

2024-05-16 00:49:20 - [MESSAGE][PASSED] - Text 'Transaction approved, no errors' is present on page  using regular expression

2024-05-16 00:49:20 - [TEST_STEP][PASSED] - println("Transaction Approved, no errors text is present on the Confirmation page"): null

2024-05-16 00:49:20 - [TEST_STEP][PASSED] - sdfo = getText(findTestObject("Object Repository/Page_VLinkReceipt/pre_STX")): Text of object 'Object Repository/Page_VLinkReceipt/pre_STX' is: '<STX>6OaLwtXwY0UO                  12151738            0  Transaction approved, no errors                   0                                                                                                              <ETX>'

2024-05-16 00:49:21 - [MESSAGE][PASSED] - Text of object 'Object Repository/Page_VLinkReceipt/pre_STX' is: '<STX>6OaLwtXwY0UO                  12151738            0  Transaction approved, no errors                   0                                                                                                              <ETX>'

2024-05-16 00:49:21 - [TEST_STEP][PASSED] - out.println("sdfo: " + sdfo): null

2024-05-16 00:49:21 - [TEST_STEP][PASSED] - remID = substring(5, 35).trim(): null

2024-05-16 00:49:21 - [TEST_STEP][PASSED] - out.println("remID: " + remID): null

2024-05-16 00:49:21 - [TEST_STEP][PASSED] - traxID = substring(35, 55).trim(): null

2024-05-16 00:49:21 - [TEST_STEP][PASSED] - out.println("traxID: " + traxID): null

2024-05-16 00:49:21 - [TEST_STEP][PASSED] - VLinkSaleRemID = remID: null

2024-05-16 00:49:21 - [TEST_STEP][PASSED] - VLinkSaleTranxID = traxID: null

2024-05-16 00:49:21 - [TEST_STEP][PASSED] - openBrowser(VLinkURL + "ACH_void.html"): Browser is opened with url: 'https://dev-algorithm.govolution.com/vlinktest/QA2/version_2_0/ACH_void.html'

2024-05-16 00:49:21 - [MESSAGE][WARNING] - A browser is already opened. Closing browser and opening a new one

2024-05-16 00:49:22 - [MESSAGE][INFO] - Starting 'Chrome' driver

2024-05-16 00:49:22 - [MESSAGE][INFO] - User set preference: ['acceptInsecureCerts', 'true']

2024-05-16 00:49:22 - [MESSAGE][INFO] - Action delay is set to 0 milliseconds

2024-05-16 00:49:24 - [MESSAGE][PASSED] - Browser is opened with url: 'https://dev-algorithm.govolution.com/vlinktest/QA2/version_2_0/ACH_void.html'

2024-05-16 00:49:24 - [TEST_STEP][PASSED] - maximizeWindow(): Current window maximized

2024-05-16 00:49:24 - [MESSAGE][PASSED] - Current window maximized

2024-05-16 00:49:24 - [TEST_STEP][PASSED] - setText(findTestObject("Object Repository/RecAndPlayBk/Page-Vlink-ACH-Void/input_Remittance Id"), VLinkSaleRemID): Text '6OaLwtXwY0UO' is set on object 'Object Repository/RecAndPlayBk/Page-Vlink-ACH-Void/input_Remittance Id'

2024-05-16 00:49:25 - [MESSAGE][PASSED] - Text '6OaLwtXwY0UO' is set on object 'Object Repository/RecAndPlayBk/Page-Vlink-ACH-Void/input_Remittance Id'

2024-05-16 00:49:25 - [TEST_STEP][PASSED] - setText(findTestObject("Object Repository/RecAndPlayBk/Page-Vlink-ACH-Void/input_Application Id"), appID): Text '234' is set on object 'Object Repository/RecAndPlayBk/Page-Vlink-ACH-Void/input_Application Id'

2024-05-16 00:49:25 - [MESSAGE][PASSED] - Text '234' is set on object 'Object Repository/RecAndPlayBk/Page-Vlink-ACH-Void/input_Application Id'

2024-05-16 00:49:25 - [TEST_STEP][PASSED] - setText(findTestObject("Object Repository/RecAndPlayBk/Page-Vlink-ACH-Void/input_Username"), username): Text 'username' is set on object 'Object Repository/RecAndPlayBk/Page-Vlink-ACH-Void/input_Username'

2024-05-16 00:49:26 - [MESSAGE][PASSED] - Text 'username' is set on object 'Object Repository/RecAndPlayBk/Page-Vlink-ACH-Void/input_Username'

2024-05-16 00:49:26 - [TEST_STEP][PASSED] - setText(findTestObject("Object Repository/RecAndPlayBk/Page-Vlink-ACH-Void/input_Password"), password): Text 'password' is set on object 'Object Repository/RecAndPlayBk/Page-Vlink-ACH-Void/input_Password'

2024-05-16 00:49:27 - [MESSAGE][PASSED] - Text 'password' is set on object 'Object Repository/RecAndPlayBk/Page-Vlink-ACH-Void/input_Password'

2024-05-16 00:49:27 - [TEST_STEP][PASSED] - setText(findTestObject("Object Repository/RecAndPlayBk/Page-Vlink-ACH-Void/input_Check Type"), checkType): Text 'P' is set on object 'Object Repository/RecAndPlayBk/Page-Vlink-ACH-Void/input_Check Type'

2024-05-16 00:49:27 - [MESSAGE][PASSED] - Text 'P' is set on object 'Object Repository/RecAndPlayBk/Page-Vlink-ACH-Void/input_Check Type'

2024-05-16 00:49:27 - [TEST_STEP][PASSED] - setText(findTestObject("Object Repository/RecAndPlayBk/Page-Vlink-ACH-Void/input_Standard Entry Class"), sec): Text 'PPD' is set on object 'Object Repository/RecAndPlayBk/Page-Vlink-ACH-Void/input_Standard Entry Class'

2024-05-16 00:49:28 - [MESSAGE][PASSED] - Text 'PPD' is set on object 'Object Repository/RecAndPlayBk/Page-Vlink-ACH-Void/input_Standard Entry Class'

2024-05-16 00:49:28 - [TEST_STEP][PASSED] - setText(findTestObject("Object Repository/RecAndPlayBk/Page-Vlink-ACH-Void/input_Transaction ID"), VLinkSaleTranxID): Text '12151738' is set on object 'Object Repository/RecAndPlayBk/Page-Vlink-ACH-Void/input_Transaction ID'

2024-05-16 00:49:29 - [MESSAGE][PASSED] - Text '12151738' is set on object 'Object Repository/RecAndPlayBk/Page-Vlink-ACH-Void/input_Transaction ID'

2024-05-16 00:49:29 - [TEST_STEP][PASSED] - setText(findTestObject("Object Repository/RecAndPlayBk/Page-Vlink-ACH-Void/input_Original Transaction Type"), "201"): Text '201' is set on object 'Object Repository/RecAndPlayBk/Page-Vlink-ACH-Void/input_Original Transaction Type'

2024-05-16 00:49:29 - [MESSAGE][PASSED] - Text '201' is set on object 'Object Repository/RecAndPlayBk/Page-Vlink-ACH-Void/input_Original Transaction Type'

2024-05-16 00:49:29 - [TEST_STEP][PASSED] - click(findTestObject("Object Repository/RecAndPlayBk/Page-Vlink-ACH-Void/input")): Object: 'Object Repository/RecAndPlayBk/Page-Vlink-ACH-Void/input' is clicked on

2024-05-16 00:49:30 - [MESSAGE][PASSED] - Object: 'Object Repository/RecAndPlayBk/Page-Vlink-ACH-Void/input' is clicked on

2024-05-16 00:49:30 - [TEST_STEP][PASSED] - if (verifyTextPresent("Transaction approved, no errors", true)): null

2024-05-16 00:49:31 - [MESSAGE][PASSED] - Text 'Transaction approved, no errors' is present on page  using regular expression

2024-05-16 00:49:31 - [TEST_STEP][PASSED] - println("Transaction Approved, no errors text is present on the Confirmation page"): null

2024-05-16 00:49:31 - [TEST_STEP][PASSED] - out.println("Pass Record Number: " + row): null

2024-05-16 00:49:31 - [TEST_STEP][PASSED] - resText = "Pass": null

2024-05-16 00:49:31 - [TEST_STEP][PASSED] - pages.WriteExcel.demoKey(resText, datText, resColumn, datCloumn, fileLoc, nameSheet, row): pages.WriteExcel.demoKey is PASSED

2024-05-16 00:49:31 - [MESSAGE][PASSED] - pages.WriteExcel.demoKey is PASSED

2024-05-16 00:49:31 - [TEST_STEP][PASSED] - ExecuteTC = findTestData(dataFile).getValue("Execute", row): null

2024-05-16 00:49:31 - [TEST_STEP][PASSED] - out.println("Value of Execute is : " + ExecuteTC): null

2024-05-16 00:49:31 - [TEST_STEP][PASSED] - switch (executionProfile): null

2024-05-16 00:49:31 - [TEST_STEP][PASSED] - case "QA2Profile":: null

2024-05-16 00:49:31 - [TEST_STEP][PASSED] - appID = findTestData(dataFile).getValue("AppIDQA", row): null

2024-05-16 00:49:31 - [TEST_STEP][PASSED] - username = findTestData(dataFile).getValue("UsernameQA", row): null

2024-05-16 00:49:31 - [TEST_STEP][PASSED] - password = findTestData(dataFile).getValue("PasswordQA", row): null

2024-05-16 00:49:31 - [TEST_STEP][PASSED] - break: null

2024-05-16 00:49:31 - [TEST_STEP][PASSED] - if (ExecuteTC.equalsIgnoreCase("Y")): null

2024-05-16 00:49:31 - [TEST_STEP][PASSED] - out.println("Begin Record Number: " + row): null

2024-05-16 00:49:31 - [TEST_STEP][PASSED] - today = new java.util.Date(): null

2024-05-16 00:49:31 - [TEST_STEP][PASSED] - println(today): null

2024-05-16 00:49:31 - [TEST_STEP][PASSED] - datText = today: null

2024-05-16 00:49:31 - [TEST_STEP][PASSED] - checkType = findTestData(dataFile).getValue("CheckType", row): null

2024-05-16 00:49:31 - [TEST_STEP][PASSED] - acNumber = findTestData(dataFile).getValue("AcNumber", row): null

2024-05-16 00:49:31 - [TEST_STEP][PASSED] - company = findTestData(dataFile).getValue("Company", row): null

2024-05-16 00:49:31 - [TEST_STEP][PASSED] - acType = findTestData(dataFile).getValue("AcType", row): null

2024-05-16 00:49:31 - [TEST_STEP][PASSED] - rtn = findTestData(dataFile).getValue("RTN", row): null

2024-05-16 00:49:31 - [TEST_STEP][PASSED] - amount = findTestData(dataFile).getValue("Amount", row): null

2024-05-16 00:49:31 - [TEST_STEP][PASSED] - sec = findTestData(dataFile).getValue("SEC", row): null

2024-05-16 00:49:31 - [TEST_STEP][PASSED] - openBrowser(VLinkURL + "debit.html"): Browser is opened with url: 'https://dev-algorithm.govolution.com/vlinktest/QA2/version_2_0/debit.html'

2024-05-16 00:49:31 - [MESSAGE][WARNING] - A browser is already opened. Closing browser and opening a new one

2024-05-16 00:49:33 - [MESSAGE][INFO] - Starting 'Chrome' driver

2024-05-16 00:49:33 - [MESSAGE][INFO] - User set preference: ['acceptInsecureCerts', 'true']

2024-05-16 00:49:33 - [MESSAGE][INFO] - Action delay is set to 0 milliseconds

2024-05-16 00:49:34 - [MESSAGE][PASSED] - Browser is opened with url: 'https://dev-algorithm.govolution.com/vlinktest/QA2/version_2_0/debit.html'

2024-05-16 00:49:34 - [TEST_STEP][PASSED] - maximizeWindow(): Current window maximized

2024-05-16 00:49:35 - [MESSAGE][PASSED] - Current window maximized

2024-05-16 00:49:35 - [TEST_STEP][PASSED] - genRemID = RandomStringUtils.random(12, true, true): null

2024-05-16 00:49:35 - [TEST_STEP][PASSED] - setText(findTestObject("RecAndPlayBk/Page-Vlink-Debit/input_Remittance Id"), genRemID): Text 'nSMS20TX6lbl' is set on object 'Object Repository/RecAndPlayBk/Page-Vlink-Debit/input_Remittance Id'

2024-05-16 00:49:36 - [MESSAGE][PASSED] - Text 'nSMS20TX6lbl' is set on object 'Object Repository/RecAndPlayBk/Page-Vlink-Debit/input_Remittance Id'

2024-05-16 00:49:36 - [TEST_STEP][PASSED] - setText(findTestObject("RecAndPlayBk/Page-Vlink-Debit/input_Application Id"), appID): Text '234' is set on object 'Object Repository/RecAndPlayBk/Page-Vlink-Debit/input_Application Id'

2024-05-16 00:49:36 - [MESSAGE][PASSED] - Text '234' is set on object 'Object Repository/RecAndPlayBk/Page-Vlink-Debit/input_Application Id'

2024-05-16 00:49:36 - [TEST_STEP][PASSED] - setText(findTestObject("RecAndPlayBk/Page-Vlink-Debit/input_Username"), username): Text 'username' is set on object 'Object Repository/RecAndPlayBk/Page-Vlink-Debit/input_Username'

2024-05-16 00:49:37 - [MESSAGE][PASSED] - Text 'username' is set on object 'Object Repository/RecAndPlayBk/Page-Vlink-Debit/input_Username'

2024-05-16 00:49:37 - [TEST_STEP][PASSED] - setText(findTestObject("RecAndPlayBk/Page-Vlink-Debit/input_Password"), password): Text 'password' is set on object 'Object Repository/RecAndPlayBk/Page-Vlink-Debit/input_Password'

2024-05-16 00:49:38 - [MESSAGE][PASSED] - Text 'password' is set on object 'Object Repository/RecAndPlayBk/Page-Vlink-Debit/input_Password'

2024-05-16 00:49:38 - [TEST_STEP][PASSED] - setText(findTestObject("RecAndPlayBk/Page-Vlink-Debit/input_Check Type"), checkType): Text 'C' is set on object 'Object Repository/RecAndPlayBk/Page-Vlink-Debit/input_Check Type'

2024-05-16 00:49:38 - [MESSAGE][PASSED] - Text 'C' is set on object 'Object Repository/RecAndPlayBk/Page-Vlink-Debit/input_Check Type'

2024-05-16 00:49:38 - [TEST_STEP][PASSED] - setText(findTestObject("RecAndPlayBk/Page-Vlink-Debit/input_Account_check"), acNumber): Text '58963214' is set on object 'Object Repository/RecAndPlayBk/Page-Vlink-Debit/input_Account_check'

2024-05-16 00:49:39 - [MESSAGE][PASSED] - Text '58963214' is set on object 'Object Repository/RecAndPlayBk/Page-Vlink-Debit/input_Account_check'

2024-05-16 00:49:39 - [TEST_STEP][PASSED] - setText(findTestObject("RecAndPlayBk/Page-Vlink-Debit/input_Company_check"), company): Text 'My Company' is set on object 'Object Repository/RecAndPlayBk/Page-Vlink-Debit/input_Company_check'

2024-05-16 00:49:39 - [MESSAGE][PASSED] - Text 'My Company' is set on object 'Object Repository/RecAndPlayBk/Page-Vlink-Debit/input_Company_check'

2024-05-16 00:49:39 - [TEST_STEP][PASSED] - setText(findTestObject("RecAndPlayBk/Page-Vlink-Debit/input_Account Type"), acType): Text '' is set on object 'Object Repository/RecAndPlayBk/Page-Vlink-Debit/input_Account Type'

2024-05-16 00:49:40 - [MESSAGE][PASSED] - Text '' is set on object 'Object Repository/RecAndPlayBk/Page-Vlink-Debit/input_Account Type'

2024-05-16 00:49:40 - [TEST_STEP][PASSED] - setText(findTestObject("RecAndPlayBk/Page-Vlink-Debit/input_Routing Number"), rtn): Text '256072691' is set on object 'Object Repository/RecAndPlayBk/Page-Vlink-Debit/input_Routing Number'

2024-05-16 00:49:41 - [MESSAGE][PASSED] - Text '256072691' is set on object 'Object Repository/RecAndPlayBk/Page-Vlink-Debit/input_Routing Number'

2024-05-16 00:49:41 - [TEST_STEP][PASSED] - setText(findTestObject("RecAndPlayBk/Page-Vlink-Debit/input_Amount"), amount): Text '12.50' is set on object 'Object Repository/RecAndPlayBk/Page-Vlink-Debit/input_Amount'

2024-05-16 00:49:41 - [MESSAGE][PASSED] - Text '12.50' is set on object 'Object Repository/RecAndPlayBk/Page-Vlink-Debit/input_Amount'

2024-05-16 00:49:41 - [TEST_STEP][PASSED] - setText(findTestObject("RecAndPlayBk/Page-Vlink-Debit/input_Check Email"), ""): Text '' is set on object 'Object Repository/RecAndPlayBk/Page-Vlink-Debit/input_Check Email'

2024-05-16 00:49:42 - [MESSAGE][PASSED] - Text '' is set on object 'Object Repository/RecAndPlayBk/Page-Vlink-Debit/input_Check Email'

2024-05-16 00:49:42 - [TEST_STEP][PASSED] - setText(findTestObject("Object Repository/RecAndPlayBk/Page-Vlink-Debit/input_concat(CheckWriter, , s SSN)_check_ssn"), ""): Text '' is set on object 'Object Repository/RecAndPlayBk/Page-Vlink-Debit/input_concat(CheckWriter, , s SSN)_check_ssn'

2024-05-16 00:49:43 - [MESSAGE][PASSED] - Text '' is set on object 'Object Repository/RecAndPlayBk/Page-Vlink-Debit/input_concat(CheckWriter, , s SSN)_check_ssn'

2024-05-16 00:49:43 - [TEST_STEP][PASSED] - setText(findTestObject("Object Repository/RecAndPlayBk/Page-Vlink-Debit/input_concat(CheckWriter, , s License Numbe_020fef"), ""): Text '' is set on object 'Object Repository/RecAndPlayBk/Page-Vlink-Debit/input_concat(CheckWriter, , s License Numbe_020fef'

2024-05-16 00:49:43 - [MESSAGE][PASSED] - Text '' is set on object 'Object Repository/RecAndPlayBk/Page-Vlink-Debit/input_concat(CheckWriter, , s License Numbe_020fef'

2024-05-16 00:49:43 - [TEST_STEP][PASSED] - setText(findTestObject("Object Repository/RecAndPlayBk/Page-Vlink-Debit/input_concat(CheckWriter, , s License State_21e3e7"), ""): Text '' is set on object 'Object Repository/RecAndPlayBk/Page-Vlink-Debit/input_concat(CheckWriter, , s License State_21e3e7'

2024-05-16 00:49:44 - [MESSAGE][PASSED] - Text '' is set on object 'Object Repository/RecAndPlayBk/Page-Vlink-Debit/input_concat(CheckWriter, , s License State_21e3e7'

2024-05-16 00:49:44 - [TEST_STEP][PASSED] - setText(findTestObject("RecAndPlayBk/Page-Vlink-Debit/input_Standard Entry Class"), sec): Text 'CCD' is set on object 'Object Repository/RecAndPlayBk/Page-Vlink-Debit/input_Standard Entry Class'

2024-05-16 00:49:45 - [MESSAGE][PASSED] - Text 'CCD' is set on object 'Object Repository/RecAndPlayBk/Page-Vlink-Debit/input_Standard Entry Class'

2024-05-16 00:49:45 - [TEST_STEP][PASSED] - click(findTestObject("Object Repository/RecAndPlayBk/Page-Vlink-Debit/input")): Object: 'Object Repository/RecAndPlayBk/Page-Vlink-Debit/input' is clicked on

2024-05-16 00:49:46 - [MESSAGE][PASSED] - Object: 'Object Repository/RecAndPlayBk/Page-Vlink-Debit/input' is clicked on

2024-05-16 00:49:46 - [TEST_STEP][PASSED] - if (verifyTextPresent("Transaction approved, no errors", true)): null

2024-05-16 00:49:46 - [MESSAGE][PASSED] - Text 'Transaction approved, no errors' is present on page  using regular expression

2024-05-16 00:49:46 - [TEST_STEP][PASSED] - println("Transaction Approved, no errors text is present on the Confirmation page"): null

2024-05-16 00:49:46 - [TEST_STEP][PASSED] - sdfo = getText(findTestObject("Object Repository/Page_VLinkReceipt/pre_STX")): Text of object 'Object Repository/Page_VLinkReceipt/pre_STX' is: '<STX>nSMS20TX6lbl                  12151740            0  Transaction approved, no errors                   0                                                                                                              <ETX>'

2024-05-16 00:49:46 - [MESSAGE][PASSED] - Text of object 'Object Repository/Page_VLinkReceipt/pre_STX' is: '<STX>nSMS20TX6lbl                  12151740            0  Transaction approved, no errors                   0                                                                                                              <ETX>'

2024-05-16 00:49:46 - [TEST_STEP][PASSED] - out.println("sdfo: " + sdfo): null

2024-05-16 00:49:46 - [TEST_STEP][PASSED] - remID = substring(5, 35).trim(): null

2024-05-16 00:49:46 - [TEST_STEP][PASSED] - out.println("remID: " + remID): null

2024-05-16 00:49:46 - [TEST_STEP][PASSED] - traxID = substring(35, 55).trim(): null

2024-05-16 00:49:46 - [TEST_STEP][PASSED] - out.println("traxID: " + traxID): null

2024-05-16 00:49:46 - [TEST_STEP][PASSED] - VLinkSaleRemID = remID: null

2024-05-16 00:49:46 - [TEST_STEP][PASSED] - VLinkSaleTranxID = traxID: null

2024-05-16 00:49:46 - [TEST_STEP][PASSED] - openBrowser(VLinkURL + "ACH_credit.html"): Browser is opened with url: 'https://dev-algorithm.govolution.com/vlinktest/QA2/version_2_0/ACH_credit.html'

2024-05-16 00:49:46 - [MESSAGE][WARNING] - A browser is already opened. Closing browser and opening a new one

2024-05-16 00:49:47 - [MESSAGE][INFO] - Starting 'Chrome' driver

2024-05-16 00:49:47 - [MESSAGE][INFO] - User set preference: ['acceptInsecureCerts', 'true']

2024-05-16 00:49:47 - [MESSAGE][INFO] - Action delay is set to 0 milliseconds

2024-05-16 00:49:49 - [MESSAGE][PASSED] - Browser is opened with url: 'https://dev-algorithm.govolution.com/vlinktest/QA2/version_2_0/ACH_credit.html'

2024-05-16 00:49:49 - [TEST_STEP][PASSED] - maximizeWindow(): Current window maximized

2024-05-16 00:49:50 - [MESSAGE][PASSED] - Current window maximized

2024-05-16 00:49:50 - [TEST_STEP][PASSED] - setText(findTestObject("Object Repository/RecAndPlayBk/Page-Vlink-ACH-Credit/input_Remittance Id"), VLinkSaleRemID): Text 'nSMS20TX6lbl' is set on object 'Object Repository/RecAndPlayBk/Page-Vlink-ACH-Credit/input_Remittance Id'

2024-05-16 00:49:50 - [MESSAGE][PASSED] - Text 'nSMS20TX6lbl' is set on object 'Object Repository/RecAndPlayBk/Page-Vlink-ACH-Credit/input_Remittance Id'

2024-05-16 00:49:50 - [TEST_STEP][PASSED] - setText(findTestObject("Object Repository/RecAndPlayBk/Page-Vlink-ACH-Credit/input_Application Id"), appID): Text '234' is set on object 'Object Repository/RecAndPlayBk/Page-Vlink-ACH-Credit/input_Application Id'

2024-05-16 00:49:51 - [MESSAGE][PASSED] - Text '234' is set on object 'Object Repository/RecAndPlayBk/Page-Vlink-ACH-Credit/input_Application Id'

2024-05-16 00:49:51 - [TEST_STEP][PASSED] - setText(findTestObject("Object Repository/RecAndPlayBk/Page-Vlink-ACH-Credit/input_Username"), username): Text 'username' is set on object 'Object Repository/RecAndPlayBk/Page-Vlink-ACH-Credit/input_Username'

2024-05-16 00:49:52 - [MESSAGE][PASSED] - Text 'username' is set on object 'Object Repository/RecAndPlayBk/Page-Vlink-ACH-Credit/input_Username'

2024-05-16 00:49:52 - [TEST_STEP][PASSED] - setText(findTestObject("Object Repository/RecAndPlayBk/Page-Vlink-ACH-Credit/input_Password"), password): Text 'password' is set on object 'Object Repository/RecAndPlayBk/Page-Vlink-ACH-Credit/input_Password'

2024-05-16 00:49:52 - [MESSAGE][PASSED] - Text 'password' is set on object 'Object Repository/RecAndPlayBk/Page-Vlink-ACH-Credit/input_Password'

2024-05-16 00:49:52 - [TEST_STEP][PASSED] - setText(findTestObject("Object Repository/RecAndPlayBk/Page-Vlink-ACH-Credit/input_Check Type"), checkType): Text 'C' is set on object 'Object Repository/RecAndPlayBk/Page-Vlink-ACH-Credit/input_Check Type'

2024-05-16 00:49:53 - [MESSAGE][PASSED] - Text 'C' is set on object 'Object Repository/RecAndPlayBk/Page-Vlink-ACH-Credit/input_Check Type'

2024-05-16 00:49:53 - [TEST_STEP][PASSED] - setText(findTestObject("Object Repository/RecAndPlayBk/Page-Vlink-ACH-Credit/input_Transaction ID"), VLinkSaleTranxID): Text '12151740' is set on object 'Object Repository/RecAndPlayBk/Page-Vlink-ACH-Credit/input_Transaction ID'

2024-05-16 00:49:54 - [MESSAGE][PASSED] - Text '12151740' is set on object 'Object Repository/RecAndPlayBk/Page-Vlink-ACH-Credit/input_Transaction ID'

2024-05-16 00:49:54 - [TEST_STEP][PASSED] - setText(findTestObject("Object Repository/RecAndPlayBk/Page-Vlink-ACH-Credit/input_Amount"), amount): Text '12.50' is set on object 'Object Repository/RecAndPlayBk/Page-Vlink-ACH-Credit/input_Amount'

2024-05-16 00:49:54 - [MESSAGE][PASSED] - Text '12.50' is set on object 'Object Repository/RecAndPlayBk/Page-Vlink-ACH-Credit/input_Amount'

2024-05-16 00:49:54 - [TEST_STEP][PASSED] - setText(findTestObject("Object Repository/RecAndPlayBk/Page-Vlink-ACH-Credit/input_Standard Entry Class"), sec): Text 'CCD' is set on object 'Object Repository/RecAndPlayBk/Page-Vlink-ACH-Credit/input_Standard Entry Class'

2024-05-16 00:49:55 - [MESSAGE][PASSED] - Text 'CCD' is set on object 'Object Repository/RecAndPlayBk/Page-Vlink-ACH-Credit/input_Standard Entry Class'

2024-05-16 00:49:55 - [TEST_STEP][PASSED] - setText(findTestObject("Object Repository/RecAndPlayBk/Page-Vlink-ACH-Credit/input_Account Number"), acNumber): Text '58963214' is set on object 'Object Repository/RecAndPlayBk/Page-Vlink-ACH-Credit/input_Account Number'

2024-05-16 00:49:56 - [MESSAGE][PASSED] - Text '58963214' is set on object 'Object Repository/RecAndPlayBk/Page-Vlink-ACH-Credit/input_Account Number'

2024-05-16 00:49:56 - [TEST_STEP][PASSED] - setText(findTestObject("Object Repository/RecAndPlayBk/Page-Vlink-ACH-Credit/input_Routing Number"), rtn): Text '256072691' is set on object 'Object Repository/RecAndPlayBk/Page-Vlink-ACH-Credit/input_Routing Number'

2024-05-16 00:49:56 - [MESSAGE][PASSED] - Text '256072691' is set on object 'Object Repository/RecAndPlayBk/Page-Vlink-ACH-Credit/input_Routing Number'

2024-05-16 00:49:56 - [TEST_STEP][PASSED] - click(findTestObject("Object Repository/RecAndPlayBk/Page-Vlink-ACH-Credit/input")): Object: 'Object Repository/RecAndPlayBk/Page-Vlink-ACH-Credit/input' is clicked on

2024-05-16 00:49:57 - [MESSAGE][PASSED] - Object: 'Object Repository/RecAndPlayBk/Page-Vlink-ACH-Credit/input' is clicked on

2024-05-16 00:49:57 - [TEST_STEP][PASSED] - if (verifyTextPresent("Transaction approved, no errors", true)): null

2024-05-16 00:49:57 - [MESSAGE][PASSED] - Text 'Transaction approved, no errors' is present on page  using regular expression

2024-05-16 00:49:57 - [TEST_STEP][PASSED] - println("Transaction Approved, no errors text is present on the Confirmation page"): null

2024-05-16 00:49:57 - [TEST_STEP][PASSED] - sdfo = getText(findTestObject("Object Repository/Page_VLinkReceipt/pre_STX")): Text of object 'Object Repository/Page_VLinkReceipt/pre_STX' is: '<STX>nSMS20TX6lbl                  12151741            0  Transaction approved, no errors                   0                                                                                                              <ETX>'

2024-05-16 00:49:58 - [MESSAGE][PASSED] - Text of object 'Object Repository/Page_VLinkReceipt/pre_STX' is: '<STX>nSMS20TX6lbl                  12151741            0  Transaction approved, no errors                   0                                                                                                              <ETX>'

2024-05-16 00:49:58 - [TEST_STEP][PASSED] - out.println("sdfo: " + sdfo): null

2024-05-16 00:49:58 - [TEST_STEP][PASSED] - remID = substring(5, 35).trim(): null

2024-05-16 00:49:58 - [TEST_STEP][PASSED] - out.println("remID: " + remID): null

2024-05-16 00:49:58 - [TEST_STEP][PASSED] - traxID = substring(35, 55).trim(): null

2024-05-16 00:49:58 - [TEST_STEP][PASSED] - out.println("traxID: " + traxID): null

2024-05-16 00:49:58 - [TEST_STEP][PASSED] - VLinkSaleRemID = remID: null

2024-05-16 00:49:58 - [TEST_STEP][PASSED] - VLinkSaleTranxID = traxID: null

2024-05-16 00:49:58 - [TEST_STEP][PASSED] - openBrowser(VLinkURL + "ACH_void.html"): Browser is opened with url: 'https://dev-algorithm.govolution.com/vlinktest/QA2/version_2_0/ACH_void.html'

2024-05-16 00:49:58 - [MESSAGE][WARNING] - A browser is already opened. Closing browser and opening a new one

2024-05-16 00:49:59 - [MESSAGE][INFO] - Starting 'Chrome' driver

2024-05-16 00:49:59 - [MESSAGE][INFO] - User set preference: ['acceptInsecureCerts', 'true']

2024-05-16 00:49:59 - [MESSAGE][INFO] - Action delay is set to 0 milliseconds

2024-05-16 00:50:01 - [MESSAGE][PASSED] - Browser is opened with url: 'https://dev-algorithm.govolution.com/vlinktest/QA2/version_2_0/ACH_void.html'

2024-05-16 00:50:01 - [TEST_STEP][PASSED] - maximizeWindow(): Current window maximized

2024-05-16 00:50:01 - [MESSAGE][PASSED] - Current window maximized

2024-05-16 00:50:01 - [TEST_STEP][PASSED] - setText(findTestObject("Object Repository/RecAndPlayBk/Page-Vlink-ACH-Void/input_Remittance Id"), VLinkSaleRemID): Text 'nSMS20TX6lbl' is set on object 'Object Repository/RecAndPlayBk/Page-Vlink-ACH-Void/input_Remittance Id'

2024-05-16 00:50:02 - [MESSAGE][PASSED] - Text 'nSMS20TX6lbl' is set on object 'Object Repository/RecAndPlayBk/Page-Vlink-ACH-Void/input_Remittance Id'

2024-05-16 00:50:02 - [TEST_STEP][PASSED] - setText(findTestObject("Object Repository/RecAndPlayBk/Page-Vlink-ACH-Void/input_Application Id"), appID): Text '234' is set on object 'Object Repository/RecAndPlayBk/Page-Vlink-ACH-Void/input_Application Id'

2024-05-16 00:50:02 - [MESSAGE][PASSED] - Text '234' is set on object 'Object Repository/RecAndPlayBk/Page-Vlink-ACH-Void/input_Application Id'

2024-05-16 00:50:02 - [TEST_STEP][PASSED] - setText(findTestObject("Object Repository/RecAndPlayBk/Page-Vlink-ACH-Void/input_Username"), username): Text 'username' is set on object 'Object Repository/RecAndPlayBk/Page-Vlink-ACH-Void/input_Username'

2024-05-16 00:50:03 - [MESSAGE][PASSED] - Text 'username' is set on object 'Object Repository/RecAndPlayBk/Page-Vlink-ACH-Void/input_Username'

2024-05-16 00:50:03 - [TEST_STEP][PASSED] - setText(findTestObject("Object Repository/RecAndPlayBk/Page-Vlink-ACH-Void/input_Password"), password): Text 'password' is set on object 'Object Repository/RecAndPlayBk/Page-Vlink-ACH-Void/input_Password'

2024-05-16 00:50:04 - [MESSAGE][PASSED] - Text 'password' is set on object 'Object Repository/RecAndPlayBk/Page-Vlink-ACH-Void/input_Password'

2024-05-16 00:50:04 - [TEST_STEP][PASSED] - setText(findTestObject("Object Repository/RecAndPlayBk/Page-Vlink-ACH-Void/input_Check Type"), checkType): Text 'C' is set on object 'Object Repository/RecAndPlayBk/Page-Vlink-ACH-Void/input_Check Type'

2024-05-16 00:50:04 - [MESSAGE][PASSED] - Text 'C' is set on object 'Object Repository/RecAndPlayBk/Page-Vlink-ACH-Void/input_Check Type'

2024-05-16 00:50:04 - [TEST_STEP][PASSED] - setText(findTestObject("Object Repository/RecAndPlayBk/Page-Vlink-ACH-Void/input_Standard Entry Class"), sec): Text 'CCD' is set on object 'Object Repository/RecAndPlayBk/Page-Vlink-ACH-Void/input_Standard Entry Class'

2024-05-16 00:50:05 - [MESSAGE][PASSED] - Text 'CCD' is set on object 'Object Repository/RecAndPlayBk/Page-Vlink-ACH-Void/input_Standard Entry Class'

2024-05-16 00:50:05 - [TEST_STEP][PASSED] - setText(findTestObject("Object Repository/RecAndPlayBk/Page-Vlink-ACH-Void/input_Transaction ID"), VLinkSaleTranxID): Text '12151741' is set on object 'Object Repository/RecAndPlayBk/Page-Vlink-ACH-Void/input_Transaction ID'

2024-05-16 00:50:06 - [MESSAGE][PASSED] - Text '12151741' is set on object 'Object Repository/RecAndPlayBk/Page-Vlink-ACH-Void/input_Transaction ID'

2024-05-16 00:50:06 - [TEST_STEP][PASSED] - setText(findTestObject("Object Repository/RecAndPlayBk/Page-Vlink-ACH-Void/input_Original Transaction Type"), "201"): Text '201' is set on object 'Object Repository/RecAndPlayBk/Page-Vlink-ACH-Void/input_Original Transaction Type'

2024-05-16 00:50:06 - [MESSAGE][PASSED] - Text '201' is set on object 'Object Repository/RecAndPlayBk/Page-Vlink-ACH-Void/input_Original Transaction Type'

2024-05-16 00:50:06 - [TEST_STEP][PASSED] - click(findTestObject("Object Repository/RecAndPlayBk/Page-Vlink-ACH-Void/input")): Object: 'Object Repository/RecAndPlayBk/Page-Vlink-ACH-Void/input' is clicked on

2024-05-16 00:50:07 - [MESSAGE][PASSED] - Object: 'Object Repository/RecAndPlayBk/Page-Vlink-ACH-Void/input' is clicked on

2024-05-16 00:50:07 - [TEST_STEP][PASSED] - if (verifyTextPresent("Transaction approved, no errors", true)): null

2024-05-16 00:50:07 - [MESSAGE][PASSED] - Text 'Transaction approved, no errors' is present on page  using regular expression

2024-05-16 00:50:07 - [TEST_STEP][PASSED] - println("Transaction Approved, no errors text is present on the Confirmation page"): null

2024-05-16 00:50:07 - [TEST_STEP][PASSED] - out.println("Pass Record Number: " + row): null

2024-05-16 00:50:07 - [TEST_STEP][PASSED] - resText = "Pass": null

2024-05-16 00:50:07 - [TEST_STEP][PASSED] - pages.WriteExcel.demoKey(resText, datText, resColumn, datCloumn, fileLoc, nameSheet, row): pages.WriteExcel.demoKey is PASSED

2024-05-16 00:50:07 - [MESSAGE][PASSED] - pages.WriteExcel.demoKey is PASSED]]></system-out>
         <system-err><![CDATA[]]></system-err>
      </testcase>
      <testcase name="Test Cases/RecAndPlayBk/VLink/Debit-MRF" time="415.647" classname="Test Cases/RecAndPlayBk/VLink/Debit-MRF" status="PASSED">
         <system-out><![CDATA[2024-05-16 00:50:07 - [TEST_CASE][PASSED] - Test Cases/RecAndPlayBk/VLink/Debit-MRF: Test Cases/RecAndPlayBk/VLink/Debit-MRF

2024-05-16 00:50:08 - [TEST_STEP][PASSED] - executionProfile = getExecutionProfile(): null

2024-05-16 00:50:08 - [TEST_STEP][PASSED] - out.println("executionProfile : " + executionProfile): null

2024-05-16 00:50:08 - [TEST_STEP][PASSED] - resText = "Fail": null

2024-05-16 00:50:08 - [TEST_STEP][PASSED] - resColumn = "Result": null

2024-05-16 00:50:08 - [TEST_STEP][PASSED] - datCloumn = "Date": null

2024-05-16 00:50:08 - [TEST_STEP][PASSED] - fileLoc = "KatalonData/VLinkSmokeDataACH.xlsx": null

2024-05-16 00:50:08 - [TEST_STEP][PASSED] - numOfRows = <not implemented yet for class: org.codehaus.groovy.ast.expr.EmptyExpression>: null

2024-05-16 00:50:08 - [TEST_STEP][PASSED] - dataFile = <not implemented yet for class: org.codehaus.groovy.ast.expr.EmptyExpression>: null

2024-05-16 00:50:08 - [TEST_STEP][PASSED] - nameSheet = <not implemented yet for class: org.codehaus.groovy.ast.expr.EmptyExpression>: null

2024-05-16 00:50:08 - [TEST_STEP][PASSED] - nameSheet = "Debit-MRF": null

2024-05-16 00:50:08 - [TEST_STEP][PASSED] - numOfRows = findTestData("QA/VLinkTestData/VLinkDebitMRFData").getRowNumbers(): null

2024-05-16 00:50:08 - [TEST_STEP][PASSED] - println("Number of Records: " + numOfRows): null

2024-05-16 00:50:08 - [TEST_STEP][PASSED] - dataFile = "QA/VLinkTestData/VLinkDebitMRFData": null

2024-05-16 00:50:08 - [TEST_STEP][PASSED] - for ([row = 1, row <= numOfRows, (row++)]): null

2024-05-16 00:50:08 - [TEST_STEP][PASSED] - ExecuteTC = findTestData(dataFile).getValue("Execute", row): null

2024-05-16 00:50:08 - [TEST_STEP][PASSED] - out.println("Value of Execute is : " + ExecuteTC): null

2024-05-16 00:50:08 - [TEST_STEP][PASSED] - if (ExecuteTC.equalsIgnoreCase("Y")): null

2024-05-16 00:50:08 - [TEST_STEP][PASSED] - out.println("Begin Record Number: " + row): null

2024-05-16 00:50:08 - [TEST_STEP][PASSED] - today = new java.util.Date(): null

2024-05-16 00:50:08 - [TEST_STEP][PASSED] - println(today): null

2024-05-16 00:50:08 - [TEST_STEP][PASSED] - datText = today: null

2024-05-16 00:50:08 - [TEST_STEP][PASSED] - appID = findTestData(dataFile).getValue("AppID", row): null

2024-05-16 00:50:08 - [TEST_STEP][PASSED] - username = findTestData(dataFile).getValue("Username", row): null

2024-05-16 00:50:08 - [TEST_STEP][PASSED] - password = findTestData(dataFile).getValue("Password", row): null

2024-05-16 00:50:08 - [TEST_STEP][PASSED] - errorMsg = findTestData(dataFile).getValue("ErrorMsg", row): null

2024-05-16 00:50:08 - [TEST_STEP][PASSED] - tranType = findTestData(dataFile).getValue("TranType", row): null

2024-05-16 00:50:09 - [TEST_STEP][PASSED] - mv = findTestData(dataFile).getValue("MV", row): null

2024-05-16 00:50:09 - [TEST_STEP][PASSED] - resFormat = findTestData(dataFile).getValue("ResFormat", row): null

2024-05-16 00:50:09 - [TEST_STEP][PASSED] - fName = findTestData(dataFile).getValue("Fname", row): null

2024-05-16 00:50:09 - [TEST_STEP][PASSED] - lName = findTestData(dataFile).getValue("Lname", row): null

2024-05-16 00:50:09 - [TEST_STEP][PASSED] - al1 = findTestData(dataFile).getValue("AL1", row): null

2024-05-16 00:50:09 - [TEST_STEP][PASSED] - city = findTestData(dataFile).getValue("City", row): null

2024-05-16 00:50:09 - [TEST_STEP][PASSED] - state = findTestData(dataFile).getValue("State", row): null

2024-05-16 00:50:09 - [TEST_STEP][PASSED] - zip = findTestData(dataFile).getValue("ZIP", row): null

2024-05-16 00:50:09 - [TEST_STEP][PASSED] - checkType = findTestData(dataFile).getValue("CheckType", row): null

2024-05-16 00:50:09 - [TEST_STEP][PASSED] - acNumber = findTestData(dataFile).getValue("AcNumber", row): null

2024-05-16 00:50:09 - [TEST_STEP][PASSED] - company = findTestData(dataFile).getValue("Company", row): null

2024-05-16 00:50:09 - [TEST_STEP][PASSED] - acType = findTestData(dataFile).getValue("AcType", row): null

2024-05-16 00:50:09 - [TEST_STEP][PASSED] - rtn = findTestData(dataFile).getValue("RTN", row): null

2024-05-16 00:50:09 - [TEST_STEP][PASSED] - amount = findTestData(dataFile).getValue("Amount", row): null

2024-05-16 00:50:09 - [TEST_STEP][PASSED] - sec = findTestData(dataFile).getValue("SEC", row): null

2024-05-16 00:50:09 - [TEST_STEP][PASSED] - openBrowser(VLinkURL + "debit.html"): Browser is opened with url: 'https://dev-algorithm.govolution.com/vlinktest/QA2/version_2_0/debit.html'

2024-05-16 00:50:09 - [MESSAGE][WARNING] - A browser is already opened. Closing browser and opening a new one

2024-05-16 00:50:11 - [MESSAGE][INFO] - Starting 'Chrome' driver

2024-05-16 00:50:11 - [MESSAGE][INFO] - User set preference: ['acceptInsecureCerts', 'true']

2024-05-16 00:50:11 - [MESSAGE][INFO] - Action delay is set to 0 milliseconds

2024-05-16 00:50:13 - [MESSAGE][PASSED] - Browser is opened with url: 'https://dev-algorithm.govolution.com/vlinktest/QA2/version_2_0/debit.html'

2024-05-16 00:50:13 - [TEST_STEP][PASSED] - maximizeWindow(): Current window maximized

2024-05-16 00:50:13 - [MESSAGE][PASSED] - Current window maximized

2024-05-16 00:50:13 - [TEST_STEP][PASSED] - setText(findTestObject("Object Repository/RecAndPlayBk/Page-Vlink-Debit/input_Transaction Type"), tranType): Text '' is set on object 'Object Repository/RecAndPlayBk/Page-Vlink-Debit/input_Transaction Type'

2024-05-16 00:50:14 - [MESSAGE][PASSED] - Text '' is set on object 'Object Repository/RecAndPlayBk/Page-Vlink-Debit/input_Transaction Type'

2024-05-16 00:50:14 - [TEST_STEP][PASSED] - setText(findTestObject("Object Repository/RecAndPlayBk/Page-Vlink-Debit/input_Message Version"), mv): Text '2.0A' is set on object 'Object Repository/RecAndPlayBk/Page-Vlink-Debit/input_Message Version'

2024-05-16 00:50:14 - [MESSAGE][PASSED] - Text '2.0A' is set on object 'Object Repository/RecAndPlayBk/Page-Vlink-Debit/input_Message Version'

2024-05-16 00:50:14 - [TEST_STEP][PASSED] - genRemID = RandomStringUtils.random(12, true, true): null

2024-05-16 00:50:14 - [TEST_STEP][PASSED] - setText(findTestObject("RecAndPlayBk/Page-Vlink-Debit/input_Remittance Id"), genRemID): Text 't9mqm7tJY3Ht' is set on object 'Object Repository/RecAndPlayBk/Page-Vlink-Debit/input_Remittance Id'

2024-05-16 00:50:15 - [MESSAGE][PASSED] - Text 't9mqm7tJY3Ht' is set on object 'Object Repository/RecAndPlayBk/Page-Vlink-Debit/input_Remittance Id'

2024-05-16 00:50:15 - [TEST_STEP][PASSED] - setText(findTestObject("RecAndPlayBk/Page-Vlink-Debit/input_Application Id"), appID): Text '234' is set on object 'Object Repository/RecAndPlayBk/Page-Vlink-Debit/input_Application Id'

2024-05-16 00:50:16 - [MESSAGE][PASSED] - Text '234' is set on object 'Object Repository/RecAndPlayBk/Page-Vlink-Debit/input_Application Id'

2024-05-16 00:50:16 - [TEST_STEP][PASSED] - setText(findTestObject("RecAndPlayBk/Page-Vlink-Debit/input_Username"), username): Text 'username' is set on object 'Object Repository/RecAndPlayBk/Page-Vlink-Debit/input_Username'

2024-05-16 00:50:16 - [MESSAGE][PASSED] - Text 'username' is set on object 'Object Repository/RecAndPlayBk/Page-Vlink-Debit/input_Username'

2024-05-16 00:50:16 - [TEST_STEP][PASSED] - setText(findTestObject("RecAndPlayBk/Page-Vlink-Debit/input_Password"), password): Text 'password' is set on object 'Object Repository/RecAndPlayBk/Page-Vlink-Debit/input_Password'

2024-05-16 00:50:17 - [MESSAGE][PASSED] - Text 'password' is set on object 'Object Repository/RecAndPlayBk/Page-Vlink-Debit/input_Password'

2024-05-16 00:50:17 - [TEST_STEP][PASSED] - setText(findTestObject("Object Repository/RecAndPlayBk/Page-Vlink-Debit/input_Response Format"), resFormat): Text 'fixed_width' is set on object 'Object Repository/RecAndPlayBk/Page-Vlink-Debit/input_Response Format'

2024-05-16 00:50:18 - [MESSAGE][PASSED] - Text 'fixed_width' is set on object 'Object Repository/RecAndPlayBk/Page-Vlink-Debit/input_Response Format'

2024-05-16 00:50:18 - [TEST_STEP][PASSED] - setText(findTestObject("RecAndPlayBk/Page-Vlink-Debit/input_Check Type"), checkType): Text 'P' is set on object 'Object Repository/RecAndPlayBk/Page-Vlink-Debit/input_Check Type'

2024-05-16 00:50:18 - [MESSAGE][PASSED] - Text 'P' is set on object 'Object Repository/RecAndPlayBk/Page-Vlink-Debit/input_Check Type'

2024-05-16 00:50:18 - [TEST_STEP][PASSED] - setText(findTestObject("Object Repository/RecAndPlayBk/Page-Vlink-Debit/input_First Name"), fName): Text 'Andy' is set on object 'Object Repository/RecAndPlayBk/Page-Vlink-Debit/input_First Name'

2024-05-16 00:50:19 - [MESSAGE][PASSED] - Text 'Andy' is set on object 'Object Repository/RecAndPlayBk/Page-Vlink-Debit/input_First Name'

2024-05-16 00:50:19 - [TEST_STEP][PASSED] - setText(findTestObject("Object Repository/RecAndPlayBk/Page-Vlink-Debit/input_Last Name"), lName): Text 'Roberts' is set on object 'Object Repository/RecAndPlayBk/Page-Vlink-Debit/input_Last Name'

2024-05-16 00:50:19 - [MESSAGE][PASSED] - Text 'Roberts' is set on object 'Object Repository/RecAndPlayBk/Page-Vlink-Debit/input_Last Name'

2024-05-16 00:50:19 - [TEST_STEP][PASSED] - setText(findTestObject("Object Repository/RecAndPlayBk/Page-Vlink-Debit/input_Address"), al1): Text '145 Main Street' is set on object 'Object Repository/RecAndPlayBk/Page-Vlink-Debit/input_Address'

2024-05-16 00:50:20 - [MESSAGE][PASSED] - Text '145 Main Street' is set on object 'Object Repository/RecAndPlayBk/Page-Vlink-Debit/input_Address'

2024-05-16 00:50:20 - [TEST_STEP][PASSED] - setText(findTestObject("Object Repository/RecAndPlayBk/Page-Vlink-Debit/input_City"), city): Text 'Arlington' is set on object 'Object Repository/RecAndPlayBk/Page-Vlink-Debit/input_City'

2024-05-16 00:50:21 - [MESSAGE][PASSED] - Text 'Arlington' is set on object 'Object Repository/RecAndPlayBk/Page-Vlink-Debit/input_City'

2024-05-16 00:50:21 - [TEST_STEP][PASSED] - setText(findTestObject("Object Repository/RecAndPlayBk/Page-Vlink-Debit/input_State"), state): Text 'VA' is set on object 'Object Repository/RecAndPlayBk/Page-Vlink-Debit/input_State'

2024-05-16 00:50:22 - [MESSAGE][PASSED] - Text 'VA' is set on object 'Object Repository/RecAndPlayBk/Page-Vlink-Debit/input_State'

2024-05-16 00:50:22 - [TEST_STEP][PASSED] - setText(findTestObject("Object Repository/RecAndPlayBk/Page-Vlink-Debit/input_Zip"), zip): Text '22201' is set on object 'Object Repository/RecAndPlayBk/Page-Vlink-Debit/input_Zip'

2024-05-16 00:50:22 - [MESSAGE][PASSED] - Text '22201' is set on object 'Object Repository/RecAndPlayBk/Page-Vlink-Debit/input_Zip'

2024-05-16 00:50:22 - [TEST_STEP][PASSED] - setText(findTestObject("RecAndPlayBk/Page-Vlink-Debit/input_Account_check"), acNumber): Text '58963214' is set on object 'Object Repository/RecAndPlayBk/Page-Vlink-Debit/input_Account_check'

2024-05-16 00:50:23 - [MESSAGE][PASSED] - Text '58963214' is set on object 'Object Repository/RecAndPlayBk/Page-Vlink-Debit/input_Account_check'

2024-05-16 00:50:23 - [TEST_STEP][PASSED] - setText(findTestObject("RecAndPlayBk/Page-Vlink-Debit/input_Company_check"), company): Text '' is set on object 'Object Repository/RecAndPlayBk/Page-Vlink-Debit/input_Company_check'

2024-05-16 00:50:24 - [MESSAGE][PASSED] - Text '' is set on object 'Object Repository/RecAndPlayBk/Page-Vlink-Debit/input_Company_check'

2024-05-16 00:50:24 - [TEST_STEP][PASSED] - setText(findTestObject("RecAndPlayBk/Page-Vlink-Debit/input_Account Type"), acType): Text '1' is set on object 'Object Repository/RecAndPlayBk/Page-Vlink-Debit/input_Account Type'

2024-05-16 00:50:24 - [MESSAGE][PASSED] - Text '1' is set on object 'Object Repository/RecAndPlayBk/Page-Vlink-Debit/input_Account Type'

2024-05-16 00:50:24 - [TEST_STEP][PASSED] - setText(findTestObject("RecAndPlayBk/Page-Vlink-Debit/input_Routing Number"), rtn): Text '256072691' is set on object 'Object Repository/RecAndPlayBk/Page-Vlink-Debit/input_Routing Number'

2024-05-16 00:50:25 - [MESSAGE][PASSED] - Text '256072691' is set on object 'Object Repository/RecAndPlayBk/Page-Vlink-Debit/input_Routing Number'

2024-05-16 00:50:25 - [TEST_STEP][PASSED] - setText(findTestObject("RecAndPlayBk/Page-Vlink-Debit/input_Amount"), amount): Text '12.50' is set on object 'Object Repository/RecAndPlayBk/Page-Vlink-Debit/input_Amount'

2024-05-16 00:50:26 - [MESSAGE][PASSED] - Text '12.50' is set on object 'Object Repository/RecAndPlayBk/Page-Vlink-Debit/input_Amount'

2024-05-16 00:50:26 - [TEST_STEP][PASSED] - setText(findTestObject("RecAndPlayBk/Page-Vlink-Debit/input_Check Email"), ""): Text '' is set on object 'Object Repository/RecAndPlayBk/Page-Vlink-Debit/input_Check Email'

2024-05-16 00:50:26 - [MESSAGE][PASSED] - Text '' is set on object 'Object Repository/RecAndPlayBk/Page-Vlink-Debit/input_Check Email'

2024-05-16 00:50:26 - [TEST_STEP][PASSED] - setText(findTestObject("Object Repository/RecAndPlayBk/Page-Vlink-Debit/input_concat(CheckWriter, , s SSN)_check_ssn"), ""): Text '' is set on object 'Object Repository/RecAndPlayBk/Page-Vlink-Debit/input_concat(CheckWriter, , s SSN)_check_ssn'

2024-05-16 00:50:27 - [MESSAGE][PASSED] - Text '' is set on object 'Object Repository/RecAndPlayBk/Page-Vlink-Debit/input_concat(CheckWriter, , s SSN)_check_ssn'

2024-05-16 00:50:27 - [TEST_STEP][PASSED] - setText(findTestObject("Object Repository/RecAndPlayBk/Page-Vlink-Debit/input_concat(CheckWriter, , s License Numbe_020fef"), ""): Text '' is set on object 'Object Repository/RecAndPlayBk/Page-Vlink-Debit/input_concat(CheckWriter, , s License Numbe_020fef'

2024-05-16 00:50:28 - [MESSAGE][PASSED] - Text '' is set on object 'Object Repository/RecAndPlayBk/Page-Vlink-Debit/input_concat(CheckWriter, , s License Numbe_020fef'

2024-05-16 00:50:28 - [TEST_STEP][PASSED] - setText(findTestObject("Object Repository/RecAndPlayBk/Page-Vlink-Debit/input_concat(CheckWriter, , s License State_21e3e7"), ""): Text '' is set on object 'Object Repository/RecAndPlayBk/Page-Vlink-Debit/input_concat(CheckWriter, , s License State_21e3e7'

2024-05-16 00:50:28 - [MESSAGE][PASSED] - Text '' is set on object 'Object Repository/RecAndPlayBk/Page-Vlink-Debit/input_concat(CheckWriter, , s License State_21e3e7'

2024-05-16 00:50:28 - [TEST_STEP][PASSED] - setText(findTestObject("RecAndPlayBk/Page-Vlink-Debit/input_Standard Entry Class"), sec): Text 'WEB' is set on object 'Object Repository/RecAndPlayBk/Page-Vlink-Debit/input_Standard Entry Class'

2024-05-16 00:50:29 - [MESSAGE][PASSED] - Text 'WEB' is set on object 'Object Repository/RecAndPlayBk/Page-Vlink-Debit/input_Standard Entry Class'

2024-05-16 00:50:29 - [TEST_STEP][PASSED] - click(findTestObject("Object Repository/RecAndPlayBk/Page-Vlink-Debit/input")): Object: 'Object Repository/RecAndPlayBk/Page-Vlink-Debit/input' is clicked on

2024-05-16 00:50:29 - [MESSAGE][PASSED] - Object: 'Object Repository/RecAndPlayBk/Page-Vlink-Debit/input' is clicked on

2024-05-16 00:50:29 - [TEST_STEP][PASSED] - if (verifyTextPresent(errorMsg, true)): null

2024-05-16 00:50:30 - [MESSAGE][PASSED] - Text 'Invalid transaction type' is present on page  using regular expression

2024-05-16 00:50:30 - [TEST_STEP][PASSED] - println("Error Message is present on the Confirmation page"): null

2024-05-16 00:50:30 - [TEST_STEP][PASSED] - out.println("Pass Record Number: " + row): null

2024-05-16 00:50:30 - [TEST_STEP][PASSED] - resText = "Pass": null

2024-05-16 00:50:30 - [TEST_STEP][PASSED] - pages.WriteExcel.demoKey(resText, datText, resColumn, datCloumn, fileLoc, nameSheet, row): pages.WriteExcel.demoKey is PASSED

2024-05-16 00:50:30 - [MESSAGE][PASSED] - pages.WriteExcel.demoKey is PASSED

2024-05-16 00:50:30 - [TEST_STEP][PASSED] - ExecuteTC = findTestData(dataFile).getValue("Execute", row): null

2024-05-16 00:50:30 - [TEST_STEP][PASSED] - out.println("Value of Execute is : " + ExecuteTC): null

2024-05-16 00:50:30 - [TEST_STEP][PASSED] - if (ExecuteTC.equalsIgnoreCase("Y")): null

2024-05-16 00:50:30 - [TEST_STEP][PASSED] - out.println("Begin Record Number: " + row): null

2024-05-16 00:50:30 - [TEST_STEP][PASSED] - today = new java.util.Date(): null

2024-05-16 00:50:30 - [TEST_STEP][PASSED] - println(today): null

2024-05-16 00:50:30 - [TEST_STEP][PASSED] - datText = today: null

2024-05-16 00:50:30 - [TEST_STEP][PASSED] - appID = findTestData(dataFile).getValue("AppID", row): null

2024-05-16 00:50:30 - [TEST_STEP][PASSED] - username = findTestData(dataFile).getValue("Username", row): null

2024-05-16 00:50:30 - [TEST_STEP][PASSED] - password = findTestData(dataFile).getValue("Password", row): null

2024-05-16 00:50:30 - [TEST_STEP][PASSED] - errorMsg = findTestData(dataFile).getValue("ErrorMsg", row): null

2024-05-16 00:50:30 - [TEST_STEP][PASSED] - tranType = findTestData(dataFile).getValue("TranType", row): null

2024-05-16 00:50:30 - [TEST_STEP][PASSED] - mv = findTestData(dataFile).getValue("MV", row): null

2024-05-16 00:50:30 - [TEST_STEP][PASSED] - resFormat = findTestData(dataFile).getValue("ResFormat", row): null

2024-05-16 00:50:30 - [TEST_STEP][PASSED] - fName = findTestData(dataFile).getValue("Fname", row): null

2024-05-16 00:50:30 - [TEST_STEP][PASSED] - lName = findTestData(dataFile).getValue("Lname", row): null

2024-05-16 00:50:30 - [TEST_STEP][PASSED] - al1 = findTestData(dataFile).getValue("AL1", row): null

2024-05-16 00:50:31 - [TEST_STEP][PASSED] - city = findTestData(dataFile).getValue("City", row): null

2024-05-16 00:50:31 - [TEST_STEP][PASSED] - state = findTestData(dataFile).getValue("State", row): null

2024-05-16 00:50:31 - [TEST_STEP][PASSED] - zip = findTestData(dataFile).getValue("ZIP", row): null

2024-05-16 00:50:31 - [TEST_STEP][PASSED] - checkType = findTestData(dataFile).getValue("CheckType", row): null

2024-05-16 00:50:31 - [TEST_STEP][PASSED] - acNumber = findTestData(dataFile).getValue("AcNumber", row): null

2024-05-16 00:50:31 - [TEST_STEP][PASSED] - company = findTestData(dataFile).getValue("Company", row): null

2024-05-16 00:50:31 - [TEST_STEP][PASSED] - acType = findTestData(dataFile).getValue("AcType", row): null

2024-05-16 00:50:31 - [TEST_STEP][PASSED] - rtn = findTestData(dataFile).getValue("RTN", row): null

2024-05-16 00:50:31 - [TEST_STEP][PASSED] - amount = findTestData(dataFile).getValue("Amount", row): null

2024-05-16 00:50:31 - [TEST_STEP][PASSED] - sec = findTestData(dataFile).getValue("SEC", row): null

2024-05-16 00:50:31 - [TEST_STEP][PASSED] - openBrowser(VLinkURL + "debit.html"): Browser is opened with url: 'https://dev-algorithm.govolution.com/vlinktest/QA2/version_2_0/debit.html'

2024-05-16 00:50:31 - [MESSAGE][WARNING] - A browser is already opened. Closing browser and opening a new one

2024-05-16 00:50:32 - [MESSAGE][INFO] - Starting 'Chrome' driver

2024-05-16 00:50:32 - [MESSAGE][INFO] - User set preference: ['acceptInsecureCerts', 'true']

2024-05-16 00:50:32 - [MESSAGE][INFO] - Action delay is set to 0 milliseconds

2024-05-16 00:50:35 - [MESSAGE][PASSED] - Browser is opened with url: 'https://dev-algorithm.govolution.com/vlinktest/QA2/version_2_0/debit.html'

2024-05-16 00:50:35 - [TEST_STEP][PASSED] - maximizeWindow(): Current window maximized

2024-05-16 00:50:35 - [MESSAGE][PASSED] - Current window maximized

2024-05-16 00:50:35 - [TEST_STEP][PASSED] - setText(findTestObject("Object Repository/RecAndPlayBk/Page-Vlink-Debit/input_Transaction Type"), tranType): Text '200' is set on object 'Object Repository/RecAndPlayBk/Page-Vlink-Debit/input_Transaction Type'

2024-05-16 00:50:36 - [MESSAGE][PASSED] - Text '200' is set on object 'Object Repository/RecAndPlayBk/Page-Vlink-Debit/input_Transaction Type'

2024-05-16 00:50:36 - [TEST_STEP][PASSED] - setText(findTestObject("Object Repository/RecAndPlayBk/Page-Vlink-Debit/input_Message Version"), mv): Text '' is set on object 'Object Repository/RecAndPlayBk/Page-Vlink-Debit/input_Message Version'

2024-05-16 00:50:36 - [MESSAGE][PASSED] - Text '' is set on object 'Object Repository/RecAndPlayBk/Page-Vlink-Debit/input_Message Version'

2024-05-16 00:50:36 - [TEST_STEP][PASSED] - genRemID = RandomStringUtils.random(12, true, true): null

2024-05-16 00:50:36 - [TEST_STEP][PASSED] - setText(findTestObject("RecAndPlayBk/Page-Vlink-Debit/input_Remittance Id"), genRemID): Text 'KK3X0tyxCiHS' is set on object 'Object Repository/RecAndPlayBk/Page-Vlink-Debit/input_Remittance Id'

2024-05-16 00:50:37 - [MESSAGE][PASSED] - Text 'KK3X0tyxCiHS' is set on object 'Object Repository/RecAndPlayBk/Page-Vlink-Debit/input_Remittance Id'

2024-05-16 00:50:37 - [TEST_STEP][PASSED] - setText(findTestObject("RecAndPlayBk/Page-Vlink-Debit/input_Application Id"), appID): Text '234' is set on object 'Object Repository/RecAndPlayBk/Page-Vlink-Debit/input_Application Id'

2024-05-16 00:50:37 - [MESSAGE][PASSED] - Text '234' is set on object 'Object Repository/RecAndPlayBk/Page-Vlink-Debit/input_Application Id'

2024-05-16 00:50:37 - [TEST_STEP][PASSED] - setText(findTestObject("RecAndPlayBk/Page-Vlink-Debit/input_Username"), username): Text 'username' is set on object 'Object Repository/RecAndPlayBk/Page-Vlink-Debit/input_Username'

2024-05-16 00:50:38 - [MESSAGE][PASSED] - Text 'username' is set on object 'Object Repository/RecAndPlayBk/Page-Vlink-Debit/input_Username'

2024-05-16 00:50:38 - [TEST_STEP][PASSED] - setText(findTestObject("RecAndPlayBk/Page-Vlink-Debit/input_Password"), password): Text 'password' is set on object 'Object Repository/RecAndPlayBk/Page-Vlink-Debit/input_Password'

2024-05-16 00:50:39 - [MESSAGE][PASSED] - Text 'password' is set on object 'Object Repository/RecAndPlayBk/Page-Vlink-Debit/input_Password'

2024-05-16 00:50:39 - [TEST_STEP][PASSED] - setText(findTestObject("Object Repository/RecAndPlayBk/Page-Vlink-Debit/input_Response Format"), resFormat): Text 'fixed_width' is set on object 'Object Repository/RecAndPlayBk/Page-Vlink-Debit/input_Response Format'

2024-05-16 00:50:39 - [MESSAGE][PASSED] - Text 'fixed_width' is set on object 'Object Repository/RecAndPlayBk/Page-Vlink-Debit/input_Response Format'

2024-05-16 00:50:39 - [TEST_STEP][PASSED] - setText(findTestObject("RecAndPlayBk/Page-Vlink-Debit/input_Check Type"), checkType): Text 'P' is set on object 'Object Repository/RecAndPlayBk/Page-Vlink-Debit/input_Check Type'

2024-05-16 00:50:40 - [MESSAGE][PASSED] - Text 'P' is set on object 'Object Repository/RecAndPlayBk/Page-Vlink-Debit/input_Check Type'

2024-05-16 00:50:40 - [TEST_STEP][PASSED] - setText(findTestObject("Object Repository/RecAndPlayBk/Page-Vlink-Debit/input_First Name"), fName): Text 'Andy' is set on object 'Object Repository/RecAndPlayBk/Page-Vlink-Debit/input_First Name'

2024-05-16 00:50:41 - [MESSAGE][PASSED] - Text 'Andy' is set on object 'Object Repository/RecAndPlayBk/Page-Vlink-Debit/input_First Name'

2024-05-16 00:50:41 - [TEST_STEP][PASSED] - setText(findTestObject("Object Repository/RecAndPlayBk/Page-Vlink-Debit/input_Last Name"), lName): Text 'Roberts' is set on object 'Object Repository/RecAndPlayBk/Page-Vlink-Debit/input_Last Name'

2024-05-16 00:50:41 - [MESSAGE][PASSED] - Text 'Roberts' is set on object 'Object Repository/RecAndPlayBk/Page-Vlink-Debit/input_Last Name'

2024-05-16 00:50:41 - [TEST_STEP][PASSED] - setText(findTestObject("Object Repository/RecAndPlayBk/Page-Vlink-Debit/input_Address"), al1): Text '145 Main Street' is set on object 'Object Repository/RecAndPlayBk/Page-Vlink-Debit/input_Address'

2024-05-16 00:50:42 - [MESSAGE][PASSED] - Text '145 Main Street' is set on object 'Object Repository/RecAndPlayBk/Page-Vlink-Debit/input_Address'

2024-05-16 00:50:42 - [TEST_STEP][PASSED] - setText(findTestObject("Object Repository/RecAndPlayBk/Page-Vlink-Debit/input_City"), city): Text 'Arlington' is set on object 'Object Repository/RecAndPlayBk/Page-Vlink-Debit/input_City'

2024-05-16 00:50:43 - [MESSAGE][PASSED] - Text 'Arlington' is set on object 'Object Repository/RecAndPlayBk/Page-Vlink-Debit/input_City'

2024-05-16 00:50:43 - [TEST_STEP][PASSED] - setText(findTestObject("Object Repository/RecAndPlayBk/Page-Vlink-Debit/input_State"), state): Text 'VA' is set on object 'Object Repository/RecAndPlayBk/Page-Vlink-Debit/input_State'

2024-05-16 00:50:43 - [MESSAGE][PASSED] - Text 'VA' is set on object 'Object Repository/RecAndPlayBk/Page-Vlink-Debit/input_State'

2024-05-16 00:50:43 - [TEST_STEP][PASSED] - setText(findTestObject("Object Repository/RecAndPlayBk/Page-Vlink-Debit/input_Zip"), zip): Text '22201' is set on object 'Object Repository/RecAndPlayBk/Page-Vlink-Debit/input_Zip'

2024-05-16 00:50:44 - [MESSAGE][PASSED] - Text '22201' is set on object 'Object Repository/RecAndPlayBk/Page-Vlink-Debit/input_Zip'

2024-05-16 00:50:44 - [TEST_STEP][PASSED] - setText(findTestObject("RecAndPlayBk/Page-Vlink-Debit/input_Account_check"), acNumber): Text '58963214' is set on object 'Object Repository/RecAndPlayBk/Page-Vlink-Debit/input_Account_check'

2024-05-16 00:50:45 - [MESSAGE][PASSED] - Text '58963214' is set on object 'Object Repository/RecAndPlayBk/Page-Vlink-Debit/input_Account_check'

2024-05-16 00:50:45 - [TEST_STEP][PASSED] - setText(findTestObject("RecAndPlayBk/Page-Vlink-Debit/input_Company_check"), company): Text '' is set on object 'Object Repository/RecAndPlayBk/Page-Vlink-Debit/input_Company_check'

2024-05-16 00:50:45 - [MESSAGE][PASSED] - Text '' is set on object 'Object Repository/RecAndPlayBk/Page-Vlink-Debit/input_Company_check'

2024-05-16 00:50:45 - [TEST_STEP][PASSED] - setText(findTestObject("RecAndPlayBk/Page-Vlink-Debit/input_Account Type"), acType): Text '1' is set on object 'Object Repository/RecAndPlayBk/Page-Vlink-Debit/input_Account Type'

2024-05-16 00:50:46 - [MESSAGE][PASSED] - Text '1' is set on object 'Object Repository/RecAndPlayBk/Page-Vlink-Debit/input_Account Type'

2024-05-16 00:50:46 - [TEST_STEP][PASSED] - setText(findTestObject("RecAndPlayBk/Page-Vlink-Debit/input_Routing Number"), rtn): Text '256072691' is set on object 'Object Repository/RecAndPlayBk/Page-Vlink-Debit/input_Routing Number'

2024-05-16 00:50:47 - [MESSAGE][PASSED] - Text '256072691' is set on object 'Object Repository/RecAndPlayBk/Page-Vlink-Debit/input_Routing Number'

2024-05-16 00:50:47 - [TEST_STEP][PASSED] - setText(findTestObject("RecAndPlayBk/Page-Vlink-Debit/input_Amount"), amount): Text '12.50' is set on object 'Object Repository/RecAndPlayBk/Page-Vlink-Debit/input_Amount'

2024-05-16 00:50:47 - [MESSAGE][PASSED] - Text '12.50' is set on object 'Object Repository/RecAndPlayBk/Page-Vlink-Debit/input_Amount'

2024-05-16 00:50:47 - [TEST_STEP][PASSED] - setText(findTestObject("RecAndPlayBk/Page-Vlink-Debit/input_Check Email"), ""): Text '' is set on object 'Object Repository/RecAndPlayBk/Page-Vlink-Debit/input_Check Email'

2024-05-16 00:50:48 - [MESSAGE][PASSED] - Text '' is set on object 'Object Repository/RecAndPlayBk/Page-Vlink-Debit/input_Check Email'

2024-05-16 00:50:48 - [TEST_STEP][PASSED] - setText(findTestObject("Object Repository/RecAndPlayBk/Page-Vlink-Debit/input_concat(CheckWriter, , s SSN)_check_ssn"), ""): Text '' is set on object 'Object Repository/RecAndPlayBk/Page-Vlink-Debit/input_concat(CheckWriter, , s SSN)_check_ssn'

2024-05-16 00:50:49 - [MESSAGE][PASSED] - Text '' is set on object 'Object Repository/RecAndPlayBk/Page-Vlink-Debit/input_concat(CheckWriter, , s SSN)_check_ssn'

2024-05-16 00:50:49 - [TEST_STEP][PASSED] - setText(findTestObject("Object Repository/RecAndPlayBk/Page-Vlink-Debit/input_concat(CheckWriter, , s License Numbe_020fef"), ""): Text '' is set on object 'Object Repository/RecAndPlayBk/Page-Vlink-Debit/input_concat(CheckWriter, , s License Numbe_020fef'

2024-05-16 00:50:49 - [MESSAGE][PASSED] - Text '' is set on object 'Object Repository/RecAndPlayBk/Page-Vlink-Debit/input_concat(CheckWriter, , s License Numbe_020fef'

2024-05-16 00:50:49 - [TEST_STEP][PASSED] - setText(findTestObject("Object Repository/RecAndPlayBk/Page-Vlink-Debit/input_concat(CheckWriter, , s License State_21e3e7"), ""): Text '' is set on object 'Object Repository/RecAndPlayBk/Page-Vlink-Debit/input_concat(CheckWriter, , s License State_21e3e7'

2024-05-16 00:50:50 - [MESSAGE][PASSED] - Text '' is set on object 'Object Repository/RecAndPlayBk/Page-Vlink-Debit/input_concat(CheckWriter, , s License State_21e3e7'

2024-05-16 00:50:50 - [TEST_STEP][PASSED] - setText(findTestObject("RecAndPlayBk/Page-Vlink-Debit/input_Standard Entry Class"), sec): Text 'TEL' is set on object 'Object Repository/RecAndPlayBk/Page-Vlink-Debit/input_Standard Entry Class'

2024-05-16 00:50:51 - [MESSAGE][PASSED] - Text 'TEL' is set on object 'Object Repository/RecAndPlayBk/Page-Vlink-Debit/input_Standard Entry Class'

2024-05-16 00:50:51 - [TEST_STEP][PASSED] - click(findTestObject("Object Repository/RecAndPlayBk/Page-Vlink-Debit/input")): Object: 'Object Repository/RecAndPlayBk/Page-Vlink-Debit/input' is clicked on

2024-05-16 00:50:51 - [MESSAGE][PASSED] - Object: 'Object Repository/RecAndPlayBk/Page-Vlink-Debit/input' is clicked on

2024-05-16 00:50:51 - [TEST_STEP][PASSED] - if (verifyTextPresent(errorMsg, true)): null

2024-05-16 00:50:51 - [MESSAGE][PASSED] - Text 'Missing parameter: message_version' is present on page  using regular expression

2024-05-16 00:50:51 - [TEST_STEP][PASSED] - println("Error Message is present on the Confirmation page"): null

2024-05-16 00:50:51 - [TEST_STEP][PASSED] - out.println("Pass Record Number: " + row): null

2024-05-16 00:50:51 - [TEST_STEP][PASSED] - resText = "Pass": null

2024-05-16 00:50:51 - [TEST_STEP][PASSED] - pages.WriteExcel.demoKey(resText, datText, resColumn, datCloumn, fileLoc, nameSheet, row): pages.WriteExcel.demoKey is PASSED

2024-05-16 00:50:52 - [MESSAGE][PASSED] - pages.WriteExcel.demoKey is PASSED

2024-05-16 00:50:52 - [TEST_STEP][PASSED] - ExecuteTC = findTestData(dataFile).getValue("Execute", row): null

2024-05-16 00:50:52 - [TEST_STEP][PASSED] - out.println("Value of Execute is : " + ExecuteTC): null

2024-05-16 00:50:52 - [TEST_STEP][PASSED] - if (ExecuteTC.equalsIgnoreCase("Y")): null

2024-05-16 00:50:52 - [TEST_STEP][PASSED] - out.println("Begin Record Number: " + row): null

2024-05-16 00:50:52 - [TEST_STEP][PASSED] - today = new java.util.Date(): null

2024-05-16 00:50:52 - [TEST_STEP][PASSED] - println(today): null

2024-05-16 00:50:52 - [TEST_STEP][PASSED] - datText = today: null

2024-05-16 00:50:52 - [TEST_STEP][PASSED] - appID = findTestData(dataFile).getValue("AppID", row): null

2024-05-16 00:50:52 - [TEST_STEP][PASSED] - username = findTestData(dataFile).getValue("Username", row): null

2024-05-16 00:50:52 - [TEST_STEP][PASSED] - password = findTestData(dataFile).getValue("Password", row): null

2024-05-16 00:50:52 - [TEST_STEP][PASSED] - errorMsg = findTestData(dataFile).getValue("ErrorMsg", row): null

2024-05-16 00:50:52 - [TEST_STEP][PASSED] - tranType = findTestData(dataFile).getValue("TranType", row): null

2024-05-16 00:50:52 - [TEST_STEP][PASSED] - mv = findTestData(dataFile).getValue("MV", row): null

2024-05-16 00:50:52 - [TEST_STEP][PASSED] - resFormat = findTestData(dataFile).getValue("ResFormat", row): null

2024-05-16 00:50:52 - [TEST_STEP][PASSED] - fName = findTestData(dataFile).getValue("Fname", row): null

2024-05-16 00:50:52 - [TEST_STEP][PASSED] - lName = findTestData(dataFile).getValue("Lname", row): null

2024-05-16 00:50:52 - [TEST_STEP][PASSED] - al1 = findTestData(dataFile).getValue("AL1", row): null

2024-05-16 00:50:52 - [TEST_STEP][PASSED] - city = findTestData(dataFile).getValue("City", row): null

2024-05-16 00:50:52 - [TEST_STEP][PASSED] - state = findTestData(dataFile).getValue("State", row): null

2024-05-16 00:50:52 - [TEST_STEP][PASSED] - zip = findTestData(dataFile).getValue("ZIP", row): null

2024-05-16 00:50:52 - [TEST_STEP][PASSED] - checkType = findTestData(dataFile).getValue("CheckType", row): null

2024-05-16 00:50:53 - [TEST_STEP][PASSED] - acNumber = findTestData(dataFile).getValue("AcNumber", row): null

2024-05-16 00:50:53 - [TEST_STEP][PASSED] - company = findTestData(dataFile).getValue("Company", row): null

2024-05-16 00:50:53 - [TEST_STEP][PASSED] - acType = findTestData(dataFile).getValue("AcType", row): null

2024-05-16 00:50:53 - [TEST_STEP][PASSED] - rtn = findTestData(dataFile).getValue("RTN", row): null

2024-05-16 00:50:53 - [TEST_STEP][PASSED] - amount = findTestData(dataFile).getValue("Amount", row): null

2024-05-16 00:50:53 - [TEST_STEP][PASSED] - sec = findTestData(dataFile).getValue("SEC", row): null

2024-05-16 00:50:53 - [TEST_STEP][PASSED] - openBrowser(VLinkURL + "debit.html"): Browser is opened with url: 'https://dev-algorithm.govolution.com/vlinktest/QA2/version_2_0/debit.html'

2024-05-16 00:50:53 - [MESSAGE][WARNING] - A browser is already opened. Closing browser and opening a new one

2024-05-16 00:50:54 - [MESSAGE][INFO] - Starting 'Chrome' driver

2024-05-16 00:50:54 - [MESSAGE][INFO] - User set preference: ['acceptInsecureCerts', 'true']

2024-05-16 00:50:54 - [MESSAGE][INFO] - Action delay is set to 0 milliseconds

2024-05-16 00:50:56 - [MESSAGE][PASSED] - Browser is opened with url: 'https://dev-algorithm.govolution.com/vlinktest/QA2/version_2_0/debit.html'

2024-05-16 00:50:56 - [TEST_STEP][PASSED] - maximizeWindow(): Current window maximized

2024-05-16 00:50:57 - [MESSAGE][PASSED] - Current window maximized

2024-05-16 00:50:57 - [TEST_STEP][PASSED] - setText(findTestObject("Object Repository/RecAndPlayBk/Page-Vlink-Debit/input_Transaction Type"), tranType): Text '200' is set on object 'Object Repository/RecAndPlayBk/Page-Vlink-Debit/input_Transaction Type'

2024-05-16 00:50:57 - [MESSAGE][PASSED] - Text '200' is set on object 'Object Repository/RecAndPlayBk/Page-Vlink-Debit/input_Transaction Type'

2024-05-16 00:50:57 - [TEST_STEP][PASSED] - setText(findTestObject("Object Repository/RecAndPlayBk/Page-Vlink-Debit/input_Message Version"), mv): Text '2.0A' is set on object 'Object Repository/RecAndPlayBk/Page-Vlink-Debit/input_Message Version'

2024-05-16 00:50:58 - [MESSAGE][PASSED] - Text '2.0A' is set on object 'Object Repository/RecAndPlayBk/Page-Vlink-Debit/input_Message Version'

2024-05-16 00:50:58 - [TEST_STEP][PASSED] - genRemID = RandomStringUtils.random(12, true, true): null

2024-05-16 00:50:58 - [TEST_STEP][PASSED] - setText(findTestObject("RecAndPlayBk/Page-Vlink-Debit/input_Remittance Id"), genRemID): Text 'UHULiiUsjRKM' is set on object 'Object Repository/RecAndPlayBk/Page-Vlink-Debit/input_Remittance Id'

2024-05-16 00:50:59 - [MESSAGE][PASSED] - Text 'UHULiiUsjRKM' is set on object 'Object Repository/RecAndPlayBk/Page-Vlink-Debit/input_Remittance Id'

2024-05-16 00:50:59 - [TEST_STEP][PASSED] - setText(findTestObject("RecAndPlayBk/Page-Vlink-Debit/input_Application Id"), appID): Text '' is set on object 'Object Repository/RecAndPlayBk/Page-Vlink-Debit/input_Application Id'

2024-05-16 00:50:59 - [MESSAGE][PASSED] - Text '' is set on object 'Object Repository/RecAndPlayBk/Page-Vlink-Debit/input_Application Id'

2024-05-16 00:50:59 - [TEST_STEP][PASSED] - setText(findTestObject("RecAndPlayBk/Page-Vlink-Debit/input_Username"), username): Text 'username' is set on object 'Object Repository/RecAndPlayBk/Page-Vlink-Debit/input_Username'

2024-05-16 00:51:00 - [MESSAGE][PASSED] - Text 'username' is set on object 'Object Repository/RecAndPlayBk/Page-Vlink-Debit/input_Username'

2024-05-16 00:51:00 - [TEST_STEP][PASSED] - setText(findTestObject("RecAndPlayBk/Page-Vlink-Debit/input_Password"), password): Text 'password' is set on object 'Object Repository/RecAndPlayBk/Page-Vlink-Debit/input_Password'

2024-05-16 00:51:01 - [MESSAGE][PASSED] - Text 'password' is set on object 'Object Repository/RecAndPlayBk/Page-Vlink-Debit/input_Password'

2024-05-16 00:51:01 - [TEST_STEP][PASSED] - setText(findTestObject("Object Repository/RecAndPlayBk/Page-Vlink-Debit/input_Response Format"), resFormat): Text 'fixed_width' is set on object 'Object Repository/RecAndPlayBk/Page-Vlink-Debit/input_Response Format'

2024-05-16 00:51:01 - [MESSAGE][PASSED] - Text 'fixed_width' is set on object 'Object Repository/RecAndPlayBk/Page-Vlink-Debit/input_Response Format'

2024-05-16 00:51:01 - [TEST_STEP][PASSED] - setText(findTestObject("RecAndPlayBk/Page-Vlink-Debit/input_Check Type"), checkType): Text 'P' is set on object 'Object Repository/RecAndPlayBk/Page-Vlink-Debit/input_Check Type'

2024-05-16 00:51:02 - [MESSAGE][PASSED] - Text 'P' is set on object 'Object Repository/RecAndPlayBk/Page-Vlink-Debit/input_Check Type'

2024-05-16 00:51:02 - [TEST_STEP][PASSED] - setText(findTestObject("Object Repository/RecAndPlayBk/Page-Vlink-Debit/input_First Name"), fName): Text 'Andy' is set on object 'Object Repository/RecAndPlayBk/Page-Vlink-Debit/input_First Name'

2024-05-16 00:51:02 - [MESSAGE][PASSED] - Text 'Andy' is set on object 'Object Repository/RecAndPlayBk/Page-Vlink-Debit/input_First Name'

2024-05-16 00:51:02 - [TEST_STEP][PASSED] - setText(findTestObject("Object Repository/RecAndPlayBk/Page-Vlink-Debit/input_Last Name"), lName): Text 'Roberts' is set on object 'Object Repository/RecAndPlayBk/Page-Vlink-Debit/input_Last Name'

2024-05-16 00:51:03 - [MESSAGE][PASSED] - Text 'Roberts' is set on object 'Object Repository/RecAndPlayBk/Page-Vlink-Debit/input_Last Name'

2024-05-16 00:51:03 - [TEST_STEP][PASSED] - setText(findTestObject("Object Repository/RecAndPlayBk/Page-Vlink-Debit/input_Address"), al1): Text '145 Main Street' is set on object 'Object Repository/RecAndPlayBk/Page-Vlink-Debit/input_Address'

2024-05-16 00:51:04 - [MESSAGE][PASSED] - Text '145 Main Street' is set on object 'Object Repository/RecAndPlayBk/Page-Vlink-Debit/input_Address'

2024-05-16 00:51:04 - [TEST_STEP][PASSED] - setText(findTestObject("Object Repository/RecAndPlayBk/Page-Vlink-Debit/input_City"), city): Text 'Arlington' is set on object 'Object Repository/RecAndPlayBk/Page-Vlink-Debit/input_City'

2024-05-16 00:51:04 - [MESSAGE][PASSED] - Text 'Arlington' is set on object 'Object Repository/RecAndPlayBk/Page-Vlink-Debit/input_City'

2024-05-16 00:51:04 - [TEST_STEP][PASSED] - setText(findTestObject("Object Repository/RecAndPlayBk/Page-Vlink-Debit/input_State"), state): Text 'VA' is set on object 'Object Repository/RecAndPlayBk/Page-Vlink-Debit/input_State'

2024-05-16 00:51:05 - [MESSAGE][PASSED] - Text 'VA' is set on object 'Object Repository/RecAndPlayBk/Page-Vlink-Debit/input_State'

2024-05-16 00:51:05 - [TEST_STEP][PASSED] - setText(findTestObject("Object Repository/RecAndPlayBk/Page-Vlink-Debit/input_Zip"), zip): Text '22201' is set on object 'Object Repository/RecAndPlayBk/Page-Vlink-Debit/input_Zip'

2024-05-16 00:51:06 - [MESSAGE][PASSED] - Text '22201' is set on object 'Object Repository/RecAndPlayBk/Page-Vlink-Debit/input_Zip'

2024-05-16 00:51:06 - [TEST_STEP][PASSED] - setText(findTestObject("RecAndPlayBk/Page-Vlink-Debit/input_Account_check"), acNumber): Text '58963214' is set on object 'Object Repository/RecAndPlayBk/Page-Vlink-Debit/input_Account_check'

2024-05-16 00:51:06 - [MESSAGE][PASSED] - Text '58963214' is set on object 'Object Repository/RecAndPlayBk/Page-Vlink-Debit/input_Account_check'

2024-05-16 00:51:06 - [TEST_STEP][PASSED] - setText(findTestObject("RecAndPlayBk/Page-Vlink-Debit/input_Company_check"), company): Text '' is set on object 'Object Repository/RecAndPlayBk/Page-Vlink-Debit/input_Company_check'

2024-05-16 00:51:07 - [MESSAGE][PASSED] - Text '' is set on object 'Object Repository/RecAndPlayBk/Page-Vlink-Debit/input_Company_check'

2024-05-16 00:51:07 - [TEST_STEP][PASSED] - setText(findTestObject("RecAndPlayBk/Page-Vlink-Debit/input_Account Type"), acType): Text '1' is set on object 'Object Repository/RecAndPlayBk/Page-Vlink-Debit/input_Account Type'

2024-05-16 00:51:08 - [MESSAGE][PASSED] - Text '1' is set on object 'Object Repository/RecAndPlayBk/Page-Vlink-Debit/input_Account Type'

2024-05-16 00:51:08 - [TEST_STEP][PASSED] - setText(findTestObject("RecAndPlayBk/Page-Vlink-Debit/input_Routing Number"), rtn): Text '256072691' is set on object 'Object Repository/RecAndPlayBk/Page-Vlink-Debit/input_Routing Number'

2024-05-16 00:51:09 - [MESSAGE][PASSED] - Text '256072691' is set on object 'Object Repository/RecAndPlayBk/Page-Vlink-Debit/input_Routing Number'

2024-05-16 00:51:09 - [TEST_STEP][PASSED] - setText(findTestObject("RecAndPlayBk/Page-Vlink-Debit/input_Amount"), amount): Text '12.50' is set on object 'Object Repository/RecAndPlayBk/Page-Vlink-Debit/input_Amount'

2024-05-16 00:51:09 - [MESSAGE][PASSED] - Text '12.50' is set on object 'Object Repository/RecAndPlayBk/Page-Vlink-Debit/input_Amount'

2024-05-16 00:51:09 - [TEST_STEP][PASSED] - setText(findTestObject("RecAndPlayBk/Page-Vlink-Debit/input_Check Email"), ""): Text '' is set on object 'Object Repository/RecAndPlayBk/Page-Vlink-Debit/input_Check Email'

2024-05-16 00:51:10 - [MESSAGE][PASSED] - Text '' is set on object 'Object Repository/RecAndPlayBk/Page-Vlink-Debit/input_Check Email'

2024-05-16 00:51:10 - [TEST_STEP][PASSED] - setText(findTestObject("Object Repository/RecAndPlayBk/Page-Vlink-Debit/input_concat(CheckWriter, , s SSN)_check_ssn"), ""): Text '' is set on object 'Object Repository/RecAndPlayBk/Page-Vlink-Debit/input_concat(CheckWriter, , s SSN)_check_ssn'

2024-05-16 00:51:10 - [MESSAGE][PASSED] - Text '' is set on object 'Object Repository/RecAndPlayBk/Page-Vlink-Debit/input_concat(CheckWriter, , s SSN)_check_ssn'

2024-05-16 00:51:10 - [TEST_STEP][PASSED] - setText(findTestObject("Object Repository/RecAndPlayBk/Page-Vlink-Debit/input_concat(CheckWriter, , s License Numbe_020fef"), ""): Text '' is set on object 'Object Repository/RecAndPlayBk/Page-Vlink-Debit/input_concat(CheckWriter, , s License Numbe_020fef'

2024-05-16 00:51:11 - [MESSAGE][PASSED] - Text '' is set on object 'Object Repository/RecAndPlayBk/Page-Vlink-Debit/input_concat(CheckWriter, , s License Numbe_020fef'

2024-05-16 00:51:11 - [TEST_STEP][PASSED] - setText(findTestObject("Object Repository/RecAndPlayBk/Page-Vlink-Debit/input_concat(CheckWriter, , s License State_21e3e7"), ""): Text '' is set on object 'Object Repository/RecAndPlayBk/Page-Vlink-Debit/input_concat(CheckWriter, , s License State_21e3e7'

2024-05-16 00:51:12 - [MESSAGE][PASSED] - Text '' is set on object 'Object Repository/RecAndPlayBk/Page-Vlink-Debit/input_concat(CheckWriter, , s License State_21e3e7'

2024-05-16 00:51:12 - [TEST_STEP][PASSED] - setText(findTestObject("RecAndPlayBk/Page-Vlink-Debit/input_Standard Entry Class"), sec): Text 'PPD' is set on object 'Object Repository/RecAndPlayBk/Page-Vlink-Debit/input_Standard Entry Class'

2024-05-16 00:51:12 - [MESSAGE][PASSED] - Text 'PPD' is set on object 'Object Repository/RecAndPlayBk/Page-Vlink-Debit/input_Standard Entry Class'

2024-05-16 00:51:12 - [TEST_STEP][PASSED] - click(findTestObject("Object Repository/RecAndPlayBk/Page-Vlink-Debit/input")): Object: 'Object Repository/RecAndPlayBk/Page-Vlink-Debit/input' is clicked on

2024-05-16 00:51:13 - [MESSAGE][PASSED] - Object: 'Object Repository/RecAndPlayBk/Page-Vlink-Debit/input' is clicked on

2024-05-16 00:51:13 - [TEST_STEP][PASSED] - if (verifyTextPresent(errorMsg, true)): null

2024-05-16 00:51:13 - [MESSAGE][PASSED] - Text 'Missing parameter: application_id' is present on page  using regular expression

2024-05-16 00:51:13 - [TEST_STEP][PASSED] - println("Error Message is present on the Confirmation page"): null

2024-05-16 00:51:13 - [TEST_STEP][PASSED] - out.println("Pass Record Number: " + row): null

2024-05-16 00:51:13 - [TEST_STEP][PASSED] - resText = "Pass": null

2024-05-16 00:51:13 - [TEST_STEP][PASSED] - pages.WriteExcel.demoKey(resText, datText, resColumn, datCloumn, fileLoc, nameSheet, row): pages.WriteExcel.demoKey is PASSED

2024-05-16 00:51:13 - [MESSAGE][PASSED] - pages.WriteExcel.demoKey is PASSED

2024-05-16 00:51:13 - [TEST_STEP][PASSED] - ExecuteTC = findTestData(dataFile).getValue("Execute", row): null

2024-05-16 00:51:13 - [TEST_STEP][PASSED] - out.println("Value of Execute is : " + ExecuteTC): null

2024-05-16 00:51:13 - [TEST_STEP][PASSED] - if (ExecuteTC.equalsIgnoreCase("Y")): null

2024-05-16 00:51:13 - [TEST_STEP][PASSED] - out.println("Begin Record Number: " + row): null

2024-05-16 00:51:13 - [TEST_STEP][PASSED] - today = new java.util.Date(): null

2024-05-16 00:51:13 - [TEST_STEP][PASSED] - println(today): null

2024-05-16 00:51:13 - [TEST_STEP][PASSED] - datText = today: null

2024-05-16 00:51:13 - [TEST_STEP][PASSED] - appID = findTestData(dataFile).getValue("AppID", row): null

2024-05-16 00:51:14 - [TEST_STEP][PASSED] - username = findTestData(dataFile).getValue("Username", row): null

2024-05-16 00:51:14 - [TEST_STEP][PASSED] - password = findTestData(dataFile).getValue("Password", row): null

2024-05-16 00:51:14 - [TEST_STEP][PASSED] - errorMsg = findTestData(dataFile).getValue("ErrorMsg", row): null

2024-05-16 00:51:14 - [TEST_STEP][PASSED] - tranType = findTestData(dataFile).getValue("TranType", row): null

2024-05-16 00:51:14 - [TEST_STEP][PASSED] - mv = findTestData(dataFile).getValue("MV", row): null

2024-05-16 00:51:14 - [TEST_STEP][PASSED] - resFormat = findTestData(dataFile).getValue("ResFormat", row): null

2024-05-16 00:51:14 - [TEST_STEP][PASSED] - fName = findTestData(dataFile).getValue("Fname", row): null

2024-05-16 00:51:14 - [TEST_STEP][PASSED] - lName = findTestData(dataFile).getValue("Lname", row): null

2024-05-16 00:51:14 - [TEST_STEP][PASSED] - al1 = findTestData(dataFile).getValue("AL1", row): null

2024-05-16 00:51:14 - [TEST_STEP][PASSED] - city = findTestData(dataFile).getValue("City", row): null

2024-05-16 00:51:14 - [TEST_STEP][PASSED] - state = findTestData(dataFile).getValue("State", row): null

2024-05-16 00:51:14 - [TEST_STEP][PASSED] - zip = findTestData(dataFile).getValue("ZIP", row): null

2024-05-16 00:51:14 - [TEST_STEP][PASSED] - checkType = findTestData(dataFile).getValue("CheckType", row): null

2024-05-16 00:51:14 - [TEST_STEP][PASSED] - acNumber = findTestData(dataFile).getValue("AcNumber", row): null

2024-05-16 00:51:14 - [TEST_STEP][PASSED] - company = findTestData(dataFile).getValue("Company", row): null

2024-05-16 00:51:14 - [TEST_STEP][PASSED] - acType = findTestData(dataFile).getValue("AcType", row): null

2024-05-16 00:51:15 - [TEST_STEP][PASSED] - rtn = findTestData(dataFile).getValue("RTN", row): null

2024-05-16 00:51:15 - [TEST_STEP][PASSED] - amount = findTestData(dataFile).getValue("Amount", row): null

2024-05-16 00:51:15 - [TEST_STEP][PASSED] - sec = findTestData(dataFile).getValue("SEC", row): null

2024-05-16 00:51:15 - [TEST_STEP][PASSED] - openBrowser(VLinkURL + "debit.html"): Browser is opened with url: 'https://dev-algorithm.govolution.com/vlinktest/QA2/version_2_0/debit.html'

2024-05-16 00:51:15 - [MESSAGE][WARNING] - A browser is already opened. Closing browser and opening a new one

2024-05-16 00:51:16 - [MESSAGE][INFO] - Starting 'Chrome' driver

2024-05-16 00:51:16 - [MESSAGE][INFO] - User set preference: ['acceptInsecureCerts', 'true']

2024-05-16 00:51:16 - [MESSAGE][INFO] - Action delay is set to 0 milliseconds

2024-05-16 00:51:18 - [MESSAGE][PASSED] - Browser is opened with url: 'https://dev-algorithm.govolution.com/vlinktest/QA2/version_2_0/debit.html'

2024-05-16 00:51:18 - [TEST_STEP][PASSED] - maximizeWindow(): Current window maximized

2024-05-16 00:51:19 - [MESSAGE][PASSED] - Current window maximized

2024-05-16 00:51:19 - [TEST_STEP][PASSED] - setText(findTestObject("Object Repository/RecAndPlayBk/Page-Vlink-Debit/input_Transaction Type"), tranType): Text '200' is set on object 'Object Repository/RecAndPlayBk/Page-Vlink-Debit/input_Transaction Type'

2024-05-16 00:51:19 - [MESSAGE][PASSED] - Text '200' is set on object 'Object Repository/RecAndPlayBk/Page-Vlink-Debit/input_Transaction Type'

2024-05-16 00:51:19 - [TEST_STEP][PASSED] - setText(findTestObject("Object Repository/RecAndPlayBk/Page-Vlink-Debit/input_Message Version"), mv): Text '2.0A' is set on object 'Object Repository/RecAndPlayBk/Page-Vlink-Debit/input_Message Version'

2024-05-16 00:51:20 - [MESSAGE][PASSED] - Text '2.0A' is set on object 'Object Repository/RecAndPlayBk/Page-Vlink-Debit/input_Message Version'

2024-05-16 00:51:20 - [TEST_STEP][PASSED] - genRemID = RandomStringUtils.random(12, true, true): null

2024-05-16 00:51:20 - [TEST_STEP][PASSED] - setText(findTestObject("RecAndPlayBk/Page-Vlink-Debit/input_Remittance Id"), genRemID): Text 'iBniGU2bkhzs' is set on object 'Object Repository/RecAndPlayBk/Page-Vlink-Debit/input_Remittance Id'

2024-05-16 00:51:21 - [MESSAGE][PASSED] - Text 'iBniGU2bkhzs' is set on object 'Object Repository/RecAndPlayBk/Page-Vlink-Debit/input_Remittance Id'

2024-05-16 00:51:21 - [TEST_STEP][PASSED] - setText(findTestObject("RecAndPlayBk/Page-Vlink-Debit/input_Application Id"), appID): Text '234' is set on object 'Object Repository/RecAndPlayBk/Page-Vlink-Debit/input_Application Id'

2024-05-16 00:51:21 - [MESSAGE][PASSED] - Text '234' is set on object 'Object Repository/RecAndPlayBk/Page-Vlink-Debit/input_Application Id'

2024-05-16 00:51:21 - [TEST_STEP][PASSED] - setText(findTestObject("RecAndPlayBk/Page-Vlink-Debit/input_Username"), username): Text '' is set on object 'Object Repository/RecAndPlayBk/Page-Vlink-Debit/input_Username'

2024-05-16 00:51:22 - [MESSAGE][PASSED] - Text '' is set on object 'Object Repository/RecAndPlayBk/Page-Vlink-Debit/input_Username'

2024-05-16 00:51:22 - [TEST_STEP][PASSED] - setText(findTestObject("RecAndPlayBk/Page-Vlink-Debit/input_Password"), password): Text 'password' is set on object 'Object Repository/RecAndPlayBk/Page-Vlink-Debit/input_Password'

2024-05-16 00:51:23 - [MESSAGE][PASSED] - Text 'password' is set on object 'Object Repository/RecAndPlayBk/Page-Vlink-Debit/input_Password'

2024-05-16 00:51:23 - [TEST_STEP][PASSED] - setText(findTestObject("Object Repository/RecAndPlayBk/Page-Vlink-Debit/input_Response Format"), resFormat): Text 'fixed_width' is set on object 'Object Repository/RecAndPlayBk/Page-Vlink-Debit/input_Response Format'

2024-05-16 00:51:23 - [MESSAGE][PASSED] - Text 'fixed_width' is set on object 'Object Repository/RecAndPlayBk/Page-Vlink-Debit/input_Response Format'

2024-05-16 00:51:23 - [TEST_STEP][PASSED] - setText(findTestObject("RecAndPlayBk/Page-Vlink-Debit/input_Check Type"), checkType): Text 'P' is set on object 'Object Repository/RecAndPlayBk/Page-Vlink-Debit/input_Check Type'

2024-05-16 00:51:24 - [MESSAGE][PASSED] - Text 'P' is set on object 'Object Repository/RecAndPlayBk/Page-Vlink-Debit/input_Check Type'

2024-05-16 00:51:24 - [TEST_STEP][PASSED] - setText(findTestObject("Object Repository/RecAndPlayBk/Page-Vlink-Debit/input_First Name"), fName): Text 'Andy' is set on object 'Object Repository/RecAndPlayBk/Page-Vlink-Debit/input_First Name'

2024-05-16 00:51:25 - [MESSAGE][PASSED] - Text 'Andy' is set on object 'Object Repository/RecAndPlayBk/Page-Vlink-Debit/input_First Name'

2024-05-16 00:51:25 - [TEST_STEP][PASSED] - setText(findTestObject("Object Repository/RecAndPlayBk/Page-Vlink-Debit/input_Last Name"), lName): Text 'Roberts' is set on object 'Object Repository/RecAndPlayBk/Page-Vlink-Debit/input_Last Name'

2024-05-16 00:51:25 - [MESSAGE][PASSED] - Text 'Roberts' is set on object 'Object Repository/RecAndPlayBk/Page-Vlink-Debit/input_Last Name'

2024-05-16 00:51:25 - [TEST_STEP][PASSED] - setText(findTestObject("Object Repository/RecAndPlayBk/Page-Vlink-Debit/input_Address"), al1): Text '145 Main Street' is set on object 'Object Repository/RecAndPlayBk/Page-Vlink-Debit/input_Address'

2024-05-16 00:51:26 - [MESSAGE][PASSED] - Text '145 Main Street' is set on object 'Object Repository/RecAndPlayBk/Page-Vlink-Debit/input_Address'

2024-05-16 00:51:26 - [TEST_STEP][PASSED] - setText(findTestObject("Object Repository/RecAndPlayBk/Page-Vlink-Debit/input_City"), city): Text 'Arlington' is set on object 'Object Repository/RecAndPlayBk/Page-Vlink-Debit/input_City'

2024-05-16 00:51:26 - [MESSAGE][PASSED] - Text 'Arlington' is set on object 'Object Repository/RecAndPlayBk/Page-Vlink-Debit/input_City'

2024-05-16 00:51:26 - [TEST_STEP][PASSED] - setText(findTestObject("Object Repository/RecAndPlayBk/Page-Vlink-Debit/input_State"), state): Text 'VA' is set on object 'Object Repository/RecAndPlayBk/Page-Vlink-Debit/input_State'

2024-05-16 00:51:27 - [MESSAGE][PASSED] - Text 'VA' is set on object 'Object Repository/RecAndPlayBk/Page-Vlink-Debit/input_State'

2024-05-16 00:51:27 - [TEST_STEP][PASSED] - setText(findTestObject("Object Repository/RecAndPlayBk/Page-Vlink-Debit/input_Zip"), zip): Text '22201' is set on object 'Object Repository/RecAndPlayBk/Page-Vlink-Debit/input_Zip'

2024-05-16 00:51:28 - [MESSAGE][PASSED] - Text '22201' is set on object 'Object Repository/RecAndPlayBk/Page-Vlink-Debit/input_Zip'

2024-05-16 00:51:28 - [TEST_STEP][PASSED] - setText(findTestObject("RecAndPlayBk/Page-Vlink-Debit/input_Account_check"), acNumber): Text '58963214' is set on object 'Object Repository/RecAndPlayBk/Page-Vlink-Debit/input_Account_check'

2024-05-16 00:51:29 - [MESSAGE][PASSED] - Text '58963214' is set on object 'Object Repository/RecAndPlayBk/Page-Vlink-Debit/input_Account_check'

2024-05-16 00:51:29 - [TEST_STEP][PASSED] - setText(findTestObject("RecAndPlayBk/Page-Vlink-Debit/input_Company_check"), company): Text '' is set on object 'Object Repository/RecAndPlayBk/Page-Vlink-Debit/input_Company_check'

2024-05-16 00:51:29 - [MESSAGE][PASSED] - Text '' is set on object 'Object Repository/RecAndPlayBk/Page-Vlink-Debit/input_Company_check'

2024-05-16 00:51:29 - [TEST_STEP][PASSED] - setText(findTestObject("RecAndPlayBk/Page-Vlink-Debit/input_Account Type"), acType): Text '2' is set on object 'Object Repository/RecAndPlayBk/Page-Vlink-Debit/input_Account Type'

2024-05-16 00:51:30 - [MESSAGE][PASSED] - Text '2' is set on object 'Object Repository/RecAndPlayBk/Page-Vlink-Debit/input_Account Type'

2024-05-16 00:51:30 - [TEST_STEP][PASSED] - setText(findTestObject("RecAndPlayBk/Page-Vlink-Debit/input_Routing Number"), rtn): Text '256072691' is set on object 'Object Repository/RecAndPlayBk/Page-Vlink-Debit/input_Routing Number'

2024-05-16 00:51:30 - [MESSAGE][PASSED] - Text '256072691' is set on object 'Object Repository/RecAndPlayBk/Page-Vlink-Debit/input_Routing Number'

2024-05-16 00:51:30 - [TEST_STEP][PASSED] - setText(findTestObject("RecAndPlayBk/Page-Vlink-Debit/input_Amount"), amount): Text '12.50' is set on object 'Object Repository/RecAndPlayBk/Page-Vlink-Debit/input_Amount'

2024-05-16 00:51:31 - [MESSAGE][PASSED] - Text '12.50' is set on object 'Object Repository/RecAndPlayBk/Page-Vlink-Debit/input_Amount'

2024-05-16 00:51:31 - [TEST_STEP][PASSED] - setText(findTestObject("RecAndPlayBk/Page-Vlink-Debit/input_Check Email"), ""): Text '' is set on object 'Object Repository/RecAndPlayBk/Page-Vlink-Debit/input_Check Email'

2024-05-16 00:51:32 - [MESSAGE][PASSED] - Text '' is set on object 'Object Repository/RecAndPlayBk/Page-Vlink-Debit/input_Check Email'

2024-05-16 00:51:32 - [TEST_STEP][PASSED] - setText(findTestObject("Object Repository/RecAndPlayBk/Page-Vlink-Debit/input_concat(CheckWriter, , s SSN)_check_ssn"), ""): Text '' is set on object 'Object Repository/RecAndPlayBk/Page-Vlink-Debit/input_concat(CheckWriter, , s SSN)_check_ssn'

2024-05-16 00:51:32 - [MESSAGE][PASSED] - Text '' is set on object 'Object Repository/RecAndPlayBk/Page-Vlink-Debit/input_concat(CheckWriter, , s SSN)_check_ssn'

2024-05-16 00:51:32 - [TEST_STEP][PASSED] - setText(findTestObject("Object Repository/RecAndPlayBk/Page-Vlink-Debit/input_concat(CheckWriter, , s License Numbe_020fef"), ""): Text '' is set on object 'Object Repository/RecAndPlayBk/Page-Vlink-Debit/input_concat(CheckWriter, , s License Numbe_020fef'

2024-05-16 00:51:33 - [MESSAGE][PASSED] - Text '' is set on object 'Object Repository/RecAndPlayBk/Page-Vlink-Debit/input_concat(CheckWriter, , s License Numbe_020fef'

2024-05-16 00:51:33 - [TEST_STEP][PASSED] - setText(findTestObject("Object Repository/RecAndPlayBk/Page-Vlink-Debit/input_concat(CheckWriter, , s License State_21e3e7"), ""): Text '' is set on object 'Object Repository/RecAndPlayBk/Page-Vlink-Debit/input_concat(CheckWriter, , s License State_21e3e7'

2024-05-16 00:51:34 - [MESSAGE][PASSED] - Text '' is set on object 'Object Repository/RecAndPlayBk/Page-Vlink-Debit/input_concat(CheckWriter, , s License State_21e3e7'

2024-05-16 00:51:34 - [TEST_STEP][PASSED] - setText(findTestObject("RecAndPlayBk/Page-Vlink-Debit/input_Standard Entry Class"), sec): Text 'WEB' is set on object 'Object Repository/RecAndPlayBk/Page-Vlink-Debit/input_Standard Entry Class'

2024-05-16 00:51:34 - [MESSAGE][PASSED] - Text 'WEB' is set on object 'Object Repository/RecAndPlayBk/Page-Vlink-Debit/input_Standard Entry Class'

2024-05-16 00:51:34 - [TEST_STEP][PASSED] - click(findTestObject("Object Repository/RecAndPlayBk/Page-Vlink-Debit/input")): Object: 'Object Repository/RecAndPlayBk/Page-Vlink-Debit/input' is clicked on

2024-05-16 00:51:35 - [MESSAGE][PASSED] - Object: 'Object Repository/RecAndPlayBk/Page-Vlink-Debit/input' is clicked on

2024-05-16 00:51:35 - [TEST_STEP][PASSED] - if (verifyTextPresent(errorMsg, true)): null

2024-05-16 00:51:35 - [MESSAGE][PASSED] - Text 'Signon authentication error' is present on page  using regular expression

2024-05-16 00:51:35 - [TEST_STEP][PASSED] - println("Error Message is present on the Confirmation page"): null

2024-05-16 00:51:35 - [TEST_STEP][PASSED] - out.println("Pass Record Number: " + row): null

2024-05-16 00:51:35 - [TEST_STEP][PASSED] - resText = "Pass": null

2024-05-16 00:51:35 - [TEST_STEP][PASSED] - pages.WriteExcel.demoKey(resText, datText, resColumn, datCloumn, fileLoc, nameSheet, row): pages.WriteExcel.demoKey is PASSED

2024-05-16 00:51:35 - [MESSAGE][PASSED] - pages.WriteExcel.demoKey is PASSED

2024-05-16 00:51:35 - [TEST_STEP][PASSED] - ExecuteTC = findTestData(dataFile).getValue("Execute", row): null

2024-05-16 00:51:35 - [TEST_STEP][PASSED] - out.println("Value of Execute is : " + ExecuteTC): null

2024-05-16 00:51:35 - [TEST_STEP][PASSED] - if (ExecuteTC.equalsIgnoreCase("Y")): null

2024-05-16 00:51:35 - [TEST_STEP][PASSED] - out.println("Begin Record Number: " + row): null

2024-05-16 00:51:35 - [TEST_STEP][PASSED] - today = new java.util.Date(): null

2024-05-16 00:51:35 - [TEST_STEP][PASSED] - println(today): null

2024-05-16 00:51:35 - [TEST_STEP][PASSED] - datText = today: null

2024-05-16 00:51:35 - [TEST_STEP][PASSED] - appID = findTestData(dataFile).getValue("AppID", row): null

2024-05-16 00:51:35 - [TEST_STEP][PASSED] - username = findTestData(dataFile).getValue("Username", row): null

2024-05-16 00:51:35 - [TEST_STEP][PASSED] - password = findTestData(dataFile).getValue("Password", row): null

2024-05-16 00:51:36 - [TEST_STEP][PASSED] - errorMsg = findTestData(dataFile).getValue("ErrorMsg", row): null

2024-05-16 00:51:36 - [TEST_STEP][PASSED] - tranType = findTestData(dataFile).getValue("TranType", row): null

2024-05-16 00:51:36 - [TEST_STEP][PASSED] - mv = findTestData(dataFile).getValue("MV", row): null

2024-05-16 00:51:36 - [TEST_STEP][PASSED] - resFormat = findTestData(dataFile).getValue("ResFormat", row): null

2024-05-16 00:51:36 - [TEST_STEP][PASSED] - fName = findTestData(dataFile).getValue("Fname", row): null

2024-05-16 00:51:36 - [TEST_STEP][PASSED] - lName = findTestData(dataFile).getValue("Lname", row): null

2024-05-16 00:51:36 - [TEST_STEP][PASSED] - al1 = findTestData(dataFile).getValue("AL1", row): null

2024-05-16 00:51:36 - [TEST_STEP][PASSED] - city = findTestData(dataFile).getValue("City", row): null

2024-05-16 00:51:36 - [TEST_STEP][PASSED] - state = findTestData(dataFile).getValue("State", row): null

2024-05-16 00:51:36 - [TEST_STEP][PASSED] - zip = findTestData(dataFile).getValue("ZIP", row): null

2024-05-16 00:51:36 - [TEST_STEP][PASSED] - checkType = findTestData(dataFile).getValue("CheckType", row): null

2024-05-16 00:51:36 - [TEST_STEP][PASSED] - acNumber = findTestData(dataFile).getValue("AcNumber", row): null

2024-05-16 00:51:36 - [TEST_STEP][PASSED] - company = findTestData(dataFile).getValue("Company", row): null

2024-05-16 00:51:36 - [TEST_STEP][PASSED] - acType = findTestData(dataFile).getValue("AcType", row): null

2024-05-16 00:51:36 - [TEST_STEP][PASSED] - rtn = findTestData(dataFile).getValue("RTN", row): null

2024-05-16 00:51:36 - [TEST_STEP][PASSED] - amount = findTestData(dataFile).getValue("Amount", row): null

2024-05-16 00:51:37 - [TEST_STEP][PASSED] - sec = findTestData(dataFile).getValue("SEC", row): null

2024-05-16 00:51:37 - [TEST_STEP][PASSED] - openBrowser(VLinkURL + "debit.html"): Browser is opened with url: 'https://dev-algorithm.govolution.com/vlinktest/QA2/version_2_0/debit.html'

2024-05-16 00:51:37 - [MESSAGE][WARNING] - A browser is already opened. Closing browser and opening a new one

2024-05-16 00:51:38 - [MESSAGE][INFO] - Starting 'Chrome' driver

2024-05-16 00:51:38 - [MESSAGE][INFO] - User set preference: ['acceptInsecureCerts', 'true']

2024-05-16 00:51:38 - [MESSAGE][INFO] - Action delay is set to 0 milliseconds

2024-05-16 00:51:40 - [MESSAGE][PASSED] - Browser is opened with url: 'https://dev-algorithm.govolution.com/vlinktest/QA2/version_2_0/debit.html'

2024-05-16 00:51:40 - [TEST_STEP][PASSED] - maximizeWindow(): Current window maximized

2024-05-16 00:51:40 - [MESSAGE][PASSED] - Current window maximized

2024-05-16 00:51:40 - [TEST_STEP][PASSED] - setText(findTestObject("Object Repository/RecAndPlayBk/Page-Vlink-Debit/input_Transaction Type"), tranType): Text '200' is set on object 'Object Repository/RecAndPlayBk/Page-Vlink-Debit/input_Transaction Type'

2024-05-16 00:51:41 - [MESSAGE][PASSED] - Text '200' is set on object 'Object Repository/RecAndPlayBk/Page-Vlink-Debit/input_Transaction Type'

2024-05-16 00:51:41 - [TEST_STEP][PASSED] - setText(findTestObject("Object Repository/RecAndPlayBk/Page-Vlink-Debit/input_Message Version"), mv): Text '2.0A' is set on object 'Object Repository/RecAndPlayBk/Page-Vlink-Debit/input_Message Version'

2024-05-16 00:51:42 - [MESSAGE][PASSED] - Text '2.0A' is set on object 'Object Repository/RecAndPlayBk/Page-Vlink-Debit/input_Message Version'

2024-05-16 00:51:42 - [TEST_STEP][PASSED] - genRemID = RandomStringUtils.random(12, true, true): null

2024-05-16 00:51:42 - [TEST_STEP][PASSED] - setText(findTestObject("RecAndPlayBk/Page-Vlink-Debit/input_Remittance Id"), genRemID): Text 'bvSReYDXzJ6g' is set on object 'Object Repository/RecAndPlayBk/Page-Vlink-Debit/input_Remittance Id'

2024-05-16 00:51:42 - [MESSAGE][PASSED] - Text 'bvSReYDXzJ6g' is set on object 'Object Repository/RecAndPlayBk/Page-Vlink-Debit/input_Remittance Id'

2024-05-16 00:51:42 - [TEST_STEP][PASSED] - setText(findTestObject("RecAndPlayBk/Page-Vlink-Debit/input_Application Id"), appID): Text '234' is set on object 'Object Repository/RecAndPlayBk/Page-Vlink-Debit/input_Application Id'

2024-05-16 00:51:43 - [MESSAGE][PASSED] - Text '234' is set on object 'Object Repository/RecAndPlayBk/Page-Vlink-Debit/input_Application Id'

2024-05-16 00:51:43 - [TEST_STEP][PASSED] - setText(findTestObject("RecAndPlayBk/Page-Vlink-Debit/input_Username"), username): Text 'username' is set on object 'Object Repository/RecAndPlayBk/Page-Vlink-Debit/input_Username'

2024-05-16 00:51:44 - [MESSAGE][PASSED] - Text 'username' is set on object 'Object Repository/RecAndPlayBk/Page-Vlink-Debit/input_Username'

2024-05-16 00:51:44 - [TEST_STEP][PASSED] - setText(findTestObject("RecAndPlayBk/Page-Vlink-Debit/input_Password"), password): Text '' is set on object 'Object Repository/RecAndPlayBk/Page-Vlink-Debit/input_Password'

2024-05-16 00:51:44 - [MESSAGE][PASSED] - Text '' is set on object 'Object Repository/RecAndPlayBk/Page-Vlink-Debit/input_Password'

2024-05-16 00:51:44 - [TEST_STEP][PASSED] - setText(findTestObject("Object Repository/RecAndPlayBk/Page-Vlink-Debit/input_Response Format"), resFormat): Text 'fixed_width' is set on object 'Object Repository/RecAndPlayBk/Page-Vlink-Debit/input_Response Format'

2024-05-16 00:51:45 - [MESSAGE][PASSED] - Text 'fixed_width' is set on object 'Object Repository/RecAndPlayBk/Page-Vlink-Debit/input_Response Format'

2024-05-16 00:51:45 - [TEST_STEP][PASSED] - setText(findTestObject("RecAndPlayBk/Page-Vlink-Debit/input_Check Type"), checkType): Text 'P' is set on object 'Object Repository/RecAndPlayBk/Page-Vlink-Debit/input_Check Type'

2024-05-16 00:51:46 - [MESSAGE][PASSED] - Text 'P' is set on object 'Object Repository/RecAndPlayBk/Page-Vlink-Debit/input_Check Type'

2024-05-16 00:51:46 - [TEST_STEP][PASSED] - setText(findTestObject("Object Repository/RecAndPlayBk/Page-Vlink-Debit/input_First Name"), fName): Text 'Andy' is set on object 'Object Repository/RecAndPlayBk/Page-Vlink-Debit/input_First Name'

2024-05-16 00:51:46 - [MESSAGE][PASSED] - Text 'Andy' is set on object 'Object Repository/RecAndPlayBk/Page-Vlink-Debit/input_First Name'

2024-05-16 00:51:46 - [TEST_STEP][PASSED] - setText(findTestObject("Object Repository/RecAndPlayBk/Page-Vlink-Debit/input_Last Name"), lName): Text 'Roberts' is set on object 'Object Repository/RecAndPlayBk/Page-Vlink-Debit/input_Last Name'

2024-05-16 00:51:47 - [MESSAGE][PASSED] - Text 'Roberts' is set on object 'Object Repository/RecAndPlayBk/Page-Vlink-Debit/input_Last Name'

2024-05-16 00:51:47 - [TEST_STEP][PASSED] - setText(findTestObject("Object Repository/RecAndPlayBk/Page-Vlink-Debit/input_Address"), al1): Text '145 Main Street' is set on object 'Object Repository/RecAndPlayBk/Page-Vlink-Debit/input_Address'

2024-05-16 00:51:48 - [MESSAGE][PASSED] - Text '145 Main Street' is set on object 'Object Repository/RecAndPlayBk/Page-Vlink-Debit/input_Address'

2024-05-16 00:51:48 - [TEST_STEP][PASSED] - setText(findTestObject("Object Repository/RecAndPlayBk/Page-Vlink-Debit/input_City"), city): Text 'Arlington' is set on object 'Object Repository/RecAndPlayBk/Page-Vlink-Debit/input_City'

2024-05-16 00:51:48 - [MESSAGE][PASSED] - Text 'Arlington' is set on object 'Object Repository/RecAndPlayBk/Page-Vlink-Debit/input_City'

2024-05-16 00:51:48 - [TEST_STEP][PASSED] - setText(findTestObject("Object Repository/RecAndPlayBk/Page-Vlink-Debit/input_State"), state): Text 'VA' is set on object 'Object Repository/RecAndPlayBk/Page-Vlink-Debit/input_State'

2024-05-16 00:51:49 - [MESSAGE][PASSED] - Text 'VA' is set on object 'Object Repository/RecAndPlayBk/Page-Vlink-Debit/input_State'

2024-05-16 00:51:49 - [TEST_STEP][PASSED] - setText(findTestObject("Object Repository/RecAndPlayBk/Page-Vlink-Debit/input_Zip"), zip): Text '22201' is set on object 'Object Repository/RecAndPlayBk/Page-Vlink-Debit/input_Zip'

2024-05-16 00:51:49 - [MESSAGE][PASSED] - Text '22201' is set on object 'Object Repository/RecAndPlayBk/Page-Vlink-Debit/input_Zip'

2024-05-16 00:51:49 - [TEST_STEP][PASSED] - setText(findTestObject("RecAndPlayBk/Page-Vlink-Debit/input_Account_check"), acNumber): Text '58963214' is set on object 'Object Repository/RecAndPlayBk/Page-Vlink-Debit/input_Account_check'

2024-05-16 00:51:50 - [MESSAGE][PASSED] - Text '58963214' is set on object 'Object Repository/RecAndPlayBk/Page-Vlink-Debit/input_Account_check'

2024-05-16 00:51:50 - [TEST_STEP][PASSED] - setText(findTestObject("RecAndPlayBk/Page-Vlink-Debit/input_Company_check"), company): Text '' is set on object 'Object Repository/RecAndPlayBk/Page-Vlink-Debit/input_Company_check'

2024-05-16 00:51:51 - [MESSAGE][PASSED] - Text '' is set on object 'Object Repository/RecAndPlayBk/Page-Vlink-Debit/input_Company_check'

2024-05-16 00:51:51 - [TEST_STEP][PASSED] - setText(findTestObject("RecAndPlayBk/Page-Vlink-Debit/input_Account Type"), acType): Text '2' is set on object 'Object Repository/RecAndPlayBk/Page-Vlink-Debit/input_Account Type'

2024-05-16 00:51:52 - [MESSAGE][PASSED] - Text '2' is set on object 'Object Repository/RecAndPlayBk/Page-Vlink-Debit/input_Account Type'

2024-05-16 00:51:52 - [TEST_STEP][PASSED] - setText(findTestObject("RecAndPlayBk/Page-Vlink-Debit/input_Routing Number"), rtn): Text '256072691' is set on object 'Object Repository/RecAndPlayBk/Page-Vlink-Debit/input_Routing Number'

2024-05-16 00:51:52 - [MESSAGE][PASSED] - Text '256072691' is set on object 'Object Repository/RecAndPlayBk/Page-Vlink-Debit/input_Routing Number'

2024-05-16 00:51:52 - [TEST_STEP][PASSED] - setText(findTestObject("RecAndPlayBk/Page-Vlink-Debit/input_Amount"), amount): Text '12.50' is set on object 'Object Repository/RecAndPlayBk/Page-Vlink-Debit/input_Amount'

2024-05-16 00:51:53 - [MESSAGE][PASSED] - Text '12.50' is set on object 'Object Repository/RecAndPlayBk/Page-Vlink-Debit/input_Amount'

2024-05-16 00:51:53 - [TEST_STEP][PASSED] - setText(findTestObject("RecAndPlayBk/Page-Vlink-Debit/input_Check Email"), ""): Text '' is set on object 'Object Repository/RecAndPlayBk/Page-Vlink-Debit/input_Check Email'

2024-05-16 00:51:54 - [MESSAGE][PASSED] - Text '' is set on object 'Object Repository/RecAndPlayBk/Page-Vlink-Debit/input_Check Email'

2024-05-16 00:51:54 - [TEST_STEP][PASSED] - setText(findTestObject("Object Repository/RecAndPlayBk/Page-Vlink-Debit/input_concat(CheckWriter, , s SSN)_check_ssn"), ""): Text '' is set on object 'Object Repository/RecAndPlayBk/Page-Vlink-Debit/input_concat(CheckWriter, , s SSN)_check_ssn'

2024-05-16 00:51:54 - [MESSAGE][PASSED] - Text '' is set on object 'Object Repository/RecAndPlayBk/Page-Vlink-Debit/input_concat(CheckWriter, , s SSN)_check_ssn'

2024-05-16 00:51:54 - [TEST_STEP][PASSED] - setText(findTestObject("Object Repository/RecAndPlayBk/Page-Vlink-Debit/input_concat(CheckWriter, , s License Numbe_020fef"), ""): Text '' is set on object 'Object Repository/RecAndPlayBk/Page-Vlink-Debit/input_concat(CheckWriter, , s License Numbe_020fef'

2024-05-16 00:51:55 - [MESSAGE][PASSED] - Text '' is set on object 'Object Repository/RecAndPlayBk/Page-Vlink-Debit/input_concat(CheckWriter, , s License Numbe_020fef'

2024-05-16 00:51:55 - [TEST_STEP][PASSED] - setText(findTestObject("Object Repository/RecAndPlayBk/Page-Vlink-Debit/input_concat(CheckWriter, , s License State_21e3e7"), ""): Text '' is set on object 'Object Repository/RecAndPlayBk/Page-Vlink-Debit/input_concat(CheckWriter, , s License State_21e3e7'

2024-05-16 00:51:55 - [MESSAGE][PASSED] - Text '' is set on object 'Object Repository/RecAndPlayBk/Page-Vlink-Debit/input_concat(CheckWriter, , s License State_21e3e7'

2024-05-16 00:51:55 - [TEST_STEP][PASSED] - setText(findTestObject("RecAndPlayBk/Page-Vlink-Debit/input_Standard Entry Class"), sec): Text 'TEL' is set on object 'Object Repository/RecAndPlayBk/Page-Vlink-Debit/input_Standard Entry Class'

2024-05-16 00:51:56 - [MESSAGE][PASSED] - Text 'TEL' is set on object 'Object Repository/RecAndPlayBk/Page-Vlink-Debit/input_Standard Entry Class'

2024-05-16 00:51:56 - [TEST_STEP][PASSED] - click(findTestObject("Object Repository/RecAndPlayBk/Page-Vlink-Debit/input")): Object: 'Object Repository/RecAndPlayBk/Page-Vlink-Debit/input' is clicked on

2024-05-16 00:51:57 - [MESSAGE][PASSED] - Object: 'Object Repository/RecAndPlayBk/Page-Vlink-Debit/input' is clicked on

2024-05-16 00:51:57 - [TEST_STEP][PASSED] - if (verifyTextPresent(errorMsg, true)): null

2024-05-16 00:51:57 - [MESSAGE][PASSED] - Text 'Signon authentication error' is present on page  using regular expression

2024-05-16 00:51:57 - [TEST_STEP][PASSED] - println("Error Message is present on the Confirmation page"): null

2024-05-16 00:51:57 - [TEST_STEP][PASSED] - out.println("Pass Record Number: " + row): null

2024-05-16 00:51:57 - [TEST_STEP][PASSED] - resText = "Pass": null

2024-05-16 00:51:57 - [TEST_STEP][PASSED] - pages.WriteExcel.demoKey(resText, datText, resColumn, datCloumn, fileLoc, nameSheet, row): pages.WriteExcel.demoKey is PASSED

2024-05-16 00:51:57 - [MESSAGE][PASSED] - pages.WriteExcel.demoKey is PASSED

2024-05-16 00:51:57 - [TEST_STEP][PASSED] - ExecuteTC = findTestData(dataFile).getValue("Execute", row): null

2024-05-16 00:51:57 - [TEST_STEP][PASSED] - out.println("Value of Execute is : " + ExecuteTC): null

2024-05-16 00:51:57 - [TEST_STEP][PASSED] - if (ExecuteTC.equalsIgnoreCase("Y")): null

2024-05-16 00:51:57 - [TEST_STEP][PASSED] - out.println("Begin Record Number: " + row): null

2024-05-16 00:51:57 - [TEST_STEP][PASSED] - today = new java.util.Date(): null

2024-05-16 00:51:57 - [TEST_STEP][PASSED] - println(today): null

2024-05-16 00:51:57 - [TEST_STEP][PASSED] - datText = today: null

2024-05-16 00:51:57 - [TEST_STEP][PASSED] - appID = findTestData(dataFile).getValue("AppID", row): null

2024-05-16 00:51:57 - [TEST_STEP][PASSED] - username = findTestData(dataFile).getValue("Username", row): null

2024-05-16 00:51:57 - [TEST_STEP][PASSED] - password = findTestData(dataFile).getValue("Password", row): null

2024-05-16 00:51:57 - [TEST_STEP][PASSED] - errorMsg = findTestData(dataFile).getValue("ErrorMsg", row): null

2024-05-16 00:51:57 - [TEST_STEP][PASSED] - tranType = findTestData(dataFile).getValue("TranType", row): null

2024-05-16 00:51:57 - [TEST_STEP][PASSED] - mv = findTestData(dataFile).getValue("MV", row): null

2024-05-16 00:51:58 - [TEST_STEP][PASSED] - resFormat = findTestData(dataFile).getValue("ResFormat", row): null

2024-05-16 00:51:58 - [TEST_STEP][PASSED] - fName = findTestData(dataFile).getValue("Fname", row): null

2024-05-16 00:51:58 - [TEST_STEP][PASSED] - lName = findTestData(dataFile).getValue("Lname", row): null

2024-05-16 00:51:58 - [TEST_STEP][PASSED] - al1 = findTestData(dataFile).getValue("AL1", row): null

2024-05-16 00:51:58 - [TEST_STEP][PASSED] - city = findTestData(dataFile).getValue("City", row): null

2024-05-16 00:51:58 - [TEST_STEP][PASSED] - state = findTestData(dataFile).getValue("State", row): null

2024-05-16 00:51:58 - [TEST_STEP][PASSED] - zip = findTestData(dataFile).getValue("ZIP", row): null

2024-05-16 00:51:58 - [TEST_STEP][PASSED] - checkType = findTestData(dataFile).getValue("CheckType", row): null

2024-05-16 00:51:58 - [TEST_STEP][PASSED] - acNumber = findTestData(dataFile).getValue("AcNumber", row): null

2024-05-16 00:51:58 - [TEST_STEP][PASSED] - company = findTestData(dataFile).getValue("Company", row): null

2024-05-16 00:51:58 - [TEST_STEP][PASSED] - acType = findTestData(dataFile).getValue("AcType", row): null

2024-05-16 00:51:58 - [TEST_STEP][PASSED] - rtn = findTestData(dataFile).getValue("RTN", row): null

2024-05-16 00:51:58 - [TEST_STEP][PASSED] - amount = findTestData(dataFile).getValue("Amount", row): null

2024-05-16 00:51:58 - [TEST_STEP][PASSED] - sec = findTestData(dataFile).getValue("SEC", row): null

2024-05-16 00:51:58 - [TEST_STEP][PASSED] - openBrowser(VLinkURL + "debit.html"): Browser is opened with url: 'https://dev-algorithm.govolution.com/vlinktest/QA2/version_2_0/debit.html'

2024-05-16 00:51:58 - [MESSAGE][WARNING] - A browser is already opened. Closing browser and opening a new one

2024-05-16 00:52:00 - [MESSAGE][INFO] - Starting 'Chrome' driver

2024-05-16 00:52:00 - [MESSAGE][INFO] - User set preference: ['acceptInsecureCerts', 'true']

2024-05-16 00:52:00 - [MESSAGE][INFO] - Action delay is set to 0 milliseconds

2024-05-16 00:52:02 - [MESSAGE][PASSED] - Browser is opened with url: 'https://dev-algorithm.govolution.com/vlinktest/QA2/version_2_0/debit.html'

2024-05-16 00:52:02 - [TEST_STEP][PASSED] - maximizeWindow(): Current window maximized

2024-05-16 00:52:02 - [MESSAGE][PASSED] - Current window maximized

2024-05-16 00:52:02 - [TEST_STEP][PASSED] - setText(findTestObject("Object Repository/RecAndPlayBk/Page-Vlink-Debit/input_Transaction Type"), tranType): Text '200' is set on object 'Object Repository/RecAndPlayBk/Page-Vlink-Debit/input_Transaction Type'

2024-05-16 00:52:03 - [MESSAGE][PASSED] - Text '200' is set on object 'Object Repository/RecAndPlayBk/Page-Vlink-Debit/input_Transaction Type'

2024-05-16 00:52:03 - [TEST_STEP][PASSED] - setText(findTestObject("Object Repository/RecAndPlayBk/Page-Vlink-Debit/input_Message Version"), mv): Text '2.0A' is set on object 'Object Repository/RecAndPlayBk/Page-Vlink-Debit/input_Message Version'

2024-05-16 00:52:04 - [MESSAGE][PASSED] - Text '2.0A' is set on object 'Object Repository/RecAndPlayBk/Page-Vlink-Debit/input_Message Version'

2024-05-16 00:52:04 - [TEST_STEP][PASSED] - genRemID = RandomStringUtils.random(12, true, true): null

2024-05-16 00:52:04 - [TEST_STEP][PASSED] - setText(findTestObject("RecAndPlayBk/Page-Vlink-Debit/input_Remittance Id"), genRemID): Text 'qBMH2l6n1YZ3' is set on object 'Object Repository/RecAndPlayBk/Page-Vlink-Debit/input_Remittance Id'

2024-05-16 00:52:04 - [MESSAGE][PASSED] - Text 'qBMH2l6n1YZ3' is set on object 'Object Repository/RecAndPlayBk/Page-Vlink-Debit/input_Remittance Id'

2024-05-16 00:52:04 - [TEST_STEP][PASSED] - setText(findTestObject("RecAndPlayBk/Page-Vlink-Debit/input_Application Id"), appID): Text '234' is set on object 'Object Repository/RecAndPlayBk/Page-Vlink-Debit/input_Application Id'

2024-05-16 00:52:05 - [MESSAGE][PASSED] - Text '234' is set on object 'Object Repository/RecAndPlayBk/Page-Vlink-Debit/input_Application Id'

2024-05-16 00:52:05 - [TEST_STEP][PASSED] - setText(findTestObject("RecAndPlayBk/Page-Vlink-Debit/input_Username"), username): Text 'username' is set on object 'Object Repository/RecAndPlayBk/Page-Vlink-Debit/input_Username'

2024-05-16 00:52:05 - [MESSAGE][PASSED] - Text 'username' is set on object 'Object Repository/RecAndPlayBk/Page-Vlink-Debit/input_Username'

2024-05-16 00:52:05 - [TEST_STEP][PASSED] - setText(findTestObject("RecAndPlayBk/Page-Vlink-Debit/input_Password"), password): Text 'password' is set on object 'Object Repository/RecAndPlayBk/Page-Vlink-Debit/input_Password'

2024-05-16 00:52:06 - [MESSAGE][PASSED] - Text 'password' is set on object 'Object Repository/RecAndPlayBk/Page-Vlink-Debit/input_Password'

2024-05-16 00:52:06 - [TEST_STEP][PASSED] - setText(findTestObject("Object Repository/RecAndPlayBk/Page-Vlink-Debit/input_Response Format"), resFormat): Text '' is set on object 'Object Repository/RecAndPlayBk/Page-Vlink-Debit/input_Response Format'

2024-05-16 00:52:07 - [MESSAGE][PASSED] - Text '' is set on object 'Object Repository/RecAndPlayBk/Page-Vlink-Debit/input_Response Format'

2024-05-16 00:52:07 - [TEST_STEP][PASSED] - setText(findTestObject("RecAndPlayBk/Page-Vlink-Debit/input_Check Type"), checkType): Text 'P' is set on object 'Object Repository/RecAndPlayBk/Page-Vlink-Debit/input_Check Type'

2024-05-16 00:52:07 - [MESSAGE][PASSED] - Text 'P' is set on object 'Object Repository/RecAndPlayBk/Page-Vlink-Debit/input_Check Type'

2024-05-16 00:52:07 - [TEST_STEP][PASSED] - setText(findTestObject("Object Repository/RecAndPlayBk/Page-Vlink-Debit/input_First Name"), fName): Text 'Andy' is set on object 'Object Repository/RecAndPlayBk/Page-Vlink-Debit/input_First Name'

2024-05-16 00:52:08 - [MESSAGE][PASSED] - Text 'Andy' is set on object 'Object Repository/RecAndPlayBk/Page-Vlink-Debit/input_First Name'

2024-05-16 00:52:08 - [TEST_STEP][PASSED] - setText(findTestObject("Object Repository/RecAndPlayBk/Page-Vlink-Debit/input_Last Name"), lName): Text 'Roberts' is set on object 'Object Repository/RecAndPlayBk/Page-Vlink-Debit/input_Last Name'

2024-05-16 00:52:09 - [MESSAGE][PASSED] - Text 'Roberts' is set on object 'Object Repository/RecAndPlayBk/Page-Vlink-Debit/input_Last Name'

2024-05-16 00:52:09 - [TEST_STEP][PASSED] - setText(findTestObject("Object Repository/RecAndPlayBk/Page-Vlink-Debit/input_Address"), al1): Text '145 Main Street' is set on object 'Object Repository/RecAndPlayBk/Page-Vlink-Debit/input_Address'

2024-05-16 00:52:09 - [MESSAGE][PASSED] - Text '145 Main Street' is set on object 'Object Repository/RecAndPlayBk/Page-Vlink-Debit/input_Address'

2024-05-16 00:52:09 - [TEST_STEP][PASSED] - setText(findTestObject("Object Repository/RecAndPlayBk/Page-Vlink-Debit/input_City"), city): Text 'Arlington' is set on object 'Object Repository/RecAndPlayBk/Page-Vlink-Debit/input_City'

2024-05-16 00:52:10 - [MESSAGE][PASSED] - Text 'Arlington' is set on object 'Object Repository/RecAndPlayBk/Page-Vlink-Debit/input_City'

2024-05-16 00:52:10 - [TEST_STEP][PASSED] - setText(findTestObject("Object Repository/RecAndPlayBk/Page-Vlink-Debit/input_State"), state): Text 'VA' is set on object 'Object Repository/RecAndPlayBk/Page-Vlink-Debit/input_State'

2024-05-16 00:52:11 - [MESSAGE][PASSED] - Text 'VA' is set on object 'Object Repository/RecAndPlayBk/Page-Vlink-Debit/input_State'

2024-05-16 00:52:11 - [TEST_STEP][PASSED] - setText(findTestObject("Object Repository/RecAndPlayBk/Page-Vlink-Debit/input_Zip"), zip): Text '22201' is set on object 'Object Repository/RecAndPlayBk/Page-Vlink-Debit/input_Zip'

2024-05-16 00:52:11 - [MESSAGE][PASSED] - Text '22201' is set on object 'Object Repository/RecAndPlayBk/Page-Vlink-Debit/input_Zip'

2024-05-16 00:52:11 - [TEST_STEP][PASSED] - setText(findTestObject("RecAndPlayBk/Page-Vlink-Debit/input_Account_check"), acNumber): Text '58963214' is set on object 'Object Repository/RecAndPlayBk/Page-Vlink-Debit/input_Account_check'

2024-05-16 00:52:12 - [MESSAGE][PASSED] - Text '58963214' is set on object 'Object Repository/RecAndPlayBk/Page-Vlink-Debit/input_Account_check'

2024-05-16 00:52:12 - [TEST_STEP][PASSED] - setText(findTestObject("RecAndPlayBk/Page-Vlink-Debit/input_Company_check"), company): Text '' is set on object 'Object Repository/RecAndPlayBk/Page-Vlink-Debit/input_Company_check'

2024-05-16 00:52:13 - [MESSAGE][PASSED] - Text '' is set on object 'Object Repository/RecAndPlayBk/Page-Vlink-Debit/input_Company_check'

2024-05-16 00:52:13 - [TEST_STEP][PASSED] - setText(findTestObject("RecAndPlayBk/Page-Vlink-Debit/input_Account Type"), acType): Text '2' is set on object 'Object Repository/RecAndPlayBk/Page-Vlink-Debit/input_Account Type'

2024-05-16 00:52:13 - [MESSAGE][PASSED] - Text '2' is set on object 'Object Repository/RecAndPlayBk/Page-Vlink-Debit/input_Account Type'

2024-05-16 00:52:13 - [TEST_STEP][PASSED] - setText(findTestObject("RecAndPlayBk/Page-Vlink-Debit/input_Routing Number"), rtn): Text '256072691' is set on object 'Object Repository/RecAndPlayBk/Page-Vlink-Debit/input_Routing Number'

2024-05-16 00:52:14 - [MESSAGE][PASSED] - Text '256072691' is set on object 'Object Repository/RecAndPlayBk/Page-Vlink-Debit/input_Routing Number'

2024-05-16 00:52:14 - [TEST_STEP][PASSED] - setText(findTestObject("RecAndPlayBk/Page-Vlink-Debit/input_Amount"), amount): Text '12.50' is set on object 'Object Repository/RecAndPlayBk/Page-Vlink-Debit/input_Amount'

2024-05-16 00:52:15 - [MESSAGE][PASSED] - Text '12.50' is set on object 'Object Repository/RecAndPlayBk/Page-Vlink-Debit/input_Amount'

2024-05-16 00:52:15 - [TEST_STEP][PASSED] - setText(findTestObject("RecAndPlayBk/Page-Vlink-Debit/input_Check Email"), ""): Text '' is set on object 'Object Repository/RecAndPlayBk/Page-Vlink-Debit/input_Check Email'

2024-05-16 00:52:15 - [MESSAGE][PASSED] - Text '' is set on object 'Object Repository/RecAndPlayBk/Page-Vlink-Debit/input_Check Email'

2024-05-16 00:52:15 - [TEST_STEP][PASSED] - setText(findTestObject("Object Repository/RecAndPlayBk/Page-Vlink-Debit/input_concat(CheckWriter, , s SSN)_check_ssn"), ""): Text '' is set on object 'Object Repository/RecAndPlayBk/Page-Vlink-Debit/input_concat(CheckWriter, , s SSN)_check_ssn'

2024-05-16 00:52:16 - [MESSAGE][PASSED] - Text '' is set on object 'Object Repository/RecAndPlayBk/Page-Vlink-Debit/input_concat(CheckWriter, , s SSN)_check_ssn'

2024-05-16 00:52:16 - [TEST_STEP][PASSED] - setText(findTestObject("Object Repository/RecAndPlayBk/Page-Vlink-Debit/input_concat(CheckWriter, , s License Numbe_020fef"), ""): Text '' is set on object 'Object Repository/RecAndPlayBk/Page-Vlink-Debit/input_concat(CheckWriter, , s License Numbe_020fef'

2024-05-16 00:52:16 - [MESSAGE][PASSED] - Text '' is set on object 'Object Repository/RecAndPlayBk/Page-Vlink-Debit/input_concat(CheckWriter, , s License Numbe_020fef'

2024-05-16 00:52:16 - [TEST_STEP][PASSED] - setText(findTestObject("Object Repository/RecAndPlayBk/Page-Vlink-Debit/input_concat(CheckWriter, , s License State_21e3e7"), ""): Text '' is set on object 'Object Repository/RecAndPlayBk/Page-Vlink-Debit/input_concat(CheckWriter, , s License State_21e3e7'

2024-05-16 00:52:17 - [MESSAGE][PASSED] - Text '' is set on object 'Object Repository/RecAndPlayBk/Page-Vlink-Debit/input_concat(CheckWriter, , s License State_21e3e7'

2024-05-16 00:52:17 - [TEST_STEP][PASSED] - setText(findTestObject("RecAndPlayBk/Page-Vlink-Debit/input_Standard Entry Class"), sec): Text 'PPD' is set on object 'Object Repository/RecAndPlayBk/Page-Vlink-Debit/input_Standard Entry Class'

2024-05-16 00:52:18 - [MESSAGE][PASSED] - Text 'PPD' is set on object 'Object Repository/RecAndPlayBk/Page-Vlink-Debit/input_Standard Entry Class'

2024-05-16 00:52:18 - [TEST_STEP][PASSED] - click(findTestObject("Object Repository/RecAndPlayBk/Page-Vlink-Debit/input")): Object: 'Object Repository/RecAndPlayBk/Page-Vlink-Debit/input' is clicked on

2024-05-16 00:52:18 - [MESSAGE][PASSED] - Object: 'Object Repository/RecAndPlayBk/Page-Vlink-Debit/input' is clicked on

2024-05-16 00:52:18 - [TEST_STEP][PASSED] - if (verifyTextPresent(errorMsg, true)): null

2024-05-16 00:52:19 - [MESSAGE][PASSED] - Text 'response_format' is present on page  using regular expression

2024-05-16 00:52:19 - [TEST_STEP][PASSED] - println("Error Message is present on the Confirmation page"): null

2024-05-16 00:52:19 - [TEST_STEP][PASSED] - out.println("Pass Record Number: " + row): null

2024-05-16 00:52:19 - [TEST_STEP][PASSED] - resText = "Pass": null

2024-05-16 00:52:19 - [TEST_STEP][PASSED] - pages.WriteExcel.demoKey(resText, datText, resColumn, datCloumn, fileLoc, nameSheet, row): pages.WriteExcel.demoKey is PASSED

2024-05-16 00:52:19 - [MESSAGE][PASSED] - pages.WriteExcel.demoKey is PASSED

2024-05-16 00:52:19 - [TEST_STEP][PASSED] - ExecuteTC = findTestData(dataFile).getValue("Execute", row): null

2024-05-16 00:52:19 - [TEST_STEP][PASSED] - out.println("Value of Execute is : " + ExecuteTC): null

2024-05-16 00:52:19 - [TEST_STEP][PASSED] - if (ExecuteTC.equalsIgnoreCase("Y")): null

2024-05-16 00:52:19 - [TEST_STEP][PASSED] - out.println("Begin Record Number: " + row): null

2024-05-16 00:52:19 - [TEST_STEP][PASSED] - today = new java.util.Date(): null

2024-05-16 00:52:19 - [TEST_STEP][PASSED] - println(today): null

2024-05-16 00:52:19 - [TEST_STEP][PASSED] - datText = today: null

2024-05-16 00:52:19 - [TEST_STEP][PASSED] - appID = findTestData(dataFile).getValue("AppID", row): null

2024-05-16 00:52:19 - [TEST_STEP][PASSED] - username = findTestData(dataFile).getValue("Username", row): null

2024-05-16 00:52:19 - [TEST_STEP][PASSED] - password = findTestData(dataFile).getValue("Password", row): null

2024-05-16 00:52:19 - [TEST_STEP][PASSED] - errorMsg = findTestData(dataFile).getValue("ErrorMsg", row): null

2024-05-16 00:52:19 - [TEST_STEP][PASSED] - tranType = findTestData(dataFile).getValue("TranType", row): null

2024-05-16 00:52:19 - [TEST_STEP][PASSED] - mv = findTestData(dataFile).getValue("MV", row): null

2024-05-16 00:52:19 - [TEST_STEP][PASSED] - resFormat = findTestData(dataFile).getValue("ResFormat", row): null

2024-05-16 00:52:19 - [TEST_STEP][PASSED] - fName = findTestData(dataFile).getValue("Fname", row): null

2024-05-16 00:52:19 - [TEST_STEP][PASSED] - lName = findTestData(dataFile).getValue("Lname", row): null

2024-05-16 00:52:19 - [TEST_STEP][PASSED] - al1 = findTestData(dataFile).getValue("AL1", row): null

2024-05-16 00:52:20 - [TEST_STEP][PASSED] - city = findTestData(dataFile).getValue("City", row): null

2024-05-16 00:52:20 - [TEST_STEP][PASSED] - state = findTestData(dataFile).getValue("State", row): null

2024-05-16 00:52:20 - [TEST_STEP][PASSED] - zip = findTestData(dataFile).getValue("ZIP", row): null

2024-05-16 00:52:20 - [TEST_STEP][PASSED] - checkType = findTestData(dataFile).getValue("CheckType", row): null

2024-05-16 00:52:20 - [TEST_STEP][PASSED] - acNumber = findTestData(dataFile).getValue("AcNumber", row): null

2024-05-16 00:52:20 - [TEST_STEP][PASSED] - company = findTestData(dataFile).getValue("Company", row): null

2024-05-16 00:52:20 - [TEST_STEP][PASSED] - acType = findTestData(dataFile).getValue("AcType", row): null

2024-05-16 00:52:20 - [TEST_STEP][PASSED] - rtn = findTestData(dataFile).getValue("RTN", row): null

2024-05-16 00:52:20 - [TEST_STEP][PASSED] - amount = findTestData(dataFile).getValue("Amount", row): null

2024-05-16 00:52:20 - [TEST_STEP][PASSED] - sec = findTestData(dataFile).getValue("SEC", row): null

2024-05-16 00:52:20 - [TEST_STEP][PASSED] - openBrowser(VLinkURL + "debit.html"): Browser is opened with url: 'https://dev-algorithm.govolution.com/vlinktest/QA2/version_2_0/debit.html'

2024-05-16 00:52:20 - [MESSAGE][WARNING] - A browser is already opened. Closing browser and opening a new one

2024-05-16 00:52:21 - [MESSAGE][INFO] - Starting 'Chrome' driver

2024-05-16 00:52:21 - [MESSAGE][INFO] - User set preference: ['acceptInsecureCerts', 'true']

2024-05-16 00:52:21 - [MESSAGE][INFO] - Action delay is set to 0 milliseconds

2024-05-16 00:52:23 - [MESSAGE][PASSED] - Browser is opened with url: 'https://dev-algorithm.govolution.com/vlinktest/QA2/version_2_0/debit.html'

2024-05-16 00:52:23 - [TEST_STEP][PASSED] - maximizeWindow(): Current window maximized

2024-05-16 00:52:24 - [MESSAGE][PASSED] - Current window maximized

2024-05-16 00:52:24 - [TEST_STEP][PASSED] - setText(findTestObject("Object Repository/RecAndPlayBk/Page-Vlink-Debit/input_Transaction Type"), tranType): Text '200' is set on object 'Object Repository/RecAndPlayBk/Page-Vlink-Debit/input_Transaction Type'

2024-05-16 00:52:25 - [MESSAGE][PASSED] - Text '200' is set on object 'Object Repository/RecAndPlayBk/Page-Vlink-Debit/input_Transaction Type'

2024-05-16 00:52:25 - [TEST_STEP][PASSED] - setText(findTestObject("Object Repository/RecAndPlayBk/Page-Vlink-Debit/input_Message Version"), mv): Text '2.0A' is set on object 'Object Repository/RecAndPlayBk/Page-Vlink-Debit/input_Message Version'

2024-05-16 00:52:25 - [MESSAGE][PASSED] - Text '2.0A' is set on object 'Object Repository/RecAndPlayBk/Page-Vlink-Debit/input_Message Version'

2024-05-16 00:52:25 - [TEST_STEP][PASSED] - genRemID = RandomStringUtils.random(12, true, true): null

2024-05-16 00:52:25 - [TEST_STEP][PASSED] - setText(findTestObject("RecAndPlayBk/Page-Vlink-Debit/input_Remittance Id"), genRemID): Text 'tIwBR2v0v7qt' is set on object 'Object Repository/RecAndPlayBk/Page-Vlink-Debit/input_Remittance Id'

2024-05-16 00:52:26 - [MESSAGE][PASSED] - Text 'tIwBR2v0v7qt' is set on object 'Object Repository/RecAndPlayBk/Page-Vlink-Debit/input_Remittance Id'

2024-05-16 00:52:26 - [TEST_STEP][PASSED] - setText(findTestObject("RecAndPlayBk/Page-Vlink-Debit/input_Application Id"), appID): Text '234' is set on object 'Object Repository/RecAndPlayBk/Page-Vlink-Debit/input_Application Id'

2024-05-16 00:52:27 - [MESSAGE][PASSED] - Text '234' is set on object 'Object Repository/RecAndPlayBk/Page-Vlink-Debit/input_Application Id'

2024-05-16 00:52:27 - [TEST_STEP][PASSED] - setText(findTestObject("RecAndPlayBk/Page-Vlink-Debit/input_Username"), username): Text 'username' is set on object 'Object Repository/RecAndPlayBk/Page-Vlink-Debit/input_Username'

2024-05-16 00:52:27 - [MESSAGE][PASSED] - Text 'username' is set on object 'Object Repository/RecAndPlayBk/Page-Vlink-Debit/input_Username'

2024-05-16 00:52:27 - [TEST_STEP][PASSED] - setText(findTestObject("RecAndPlayBk/Page-Vlink-Debit/input_Password"), password): Text 'password' is set on object 'Object Repository/RecAndPlayBk/Page-Vlink-Debit/input_Password'

2024-05-16 00:52:28 - [MESSAGE][PASSED] - Text 'password' is set on object 'Object Repository/RecAndPlayBk/Page-Vlink-Debit/input_Password'

2024-05-16 00:52:28 - [TEST_STEP][PASSED] - setText(findTestObject("Object Repository/RecAndPlayBk/Page-Vlink-Debit/input_Response Format"), resFormat): Text 'fixed_width' is set on object 'Object Repository/RecAndPlayBk/Page-Vlink-Debit/input_Response Format'

2024-05-16 00:52:28 - [MESSAGE][PASSED] - Text 'fixed_width' is set on object 'Object Repository/RecAndPlayBk/Page-Vlink-Debit/input_Response Format'

2024-05-16 00:52:28 - [TEST_STEP][PASSED] - setText(findTestObject("RecAndPlayBk/Page-Vlink-Debit/input_Check Type"), checkType): Text '' is set on object 'Object Repository/RecAndPlayBk/Page-Vlink-Debit/input_Check Type'

2024-05-16 00:52:29 - [MESSAGE][PASSED] - Text '' is set on object 'Object Repository/RecAndPlayBk/Page-Vlink-Debit/input_Check Type'

2024-05-16 00:52:29 - [TEST_STEP][PASSED] - setText(findTestObject("Object Repository/RecAndPlayBk/Page-Vlink-Debit/input_First Name"), fName): Text 'Andy' is set on object 'Object Repository/RecAndPlayBk/Page-Vlink-Debit/input_First Name'

2024-05-16 00:52:30 - [MESSAGE][PASSED] - Text 'Andy' is set on object 'Object Repository/RecAndPlayBk/Page-Vlink-Debit/input_First Name'

2024-05-16 00:52:30 - [TEST_STEP][PASSED] - setText(findTestObject("Object Repository/RecAndPlayBk/Page-Vlink-Debit/input_Last Name"), lName): Text 'Roberts' is set on object 'Object Repository/RecAndPlayBk/Page-Vlink-Debit/input_Last Name'

2024-05-16 00:52:30 - [MESSAGE][PASSED] - Text 'Roberts' is set on object 'Object Repository/RecAndPlayBk/Page-Vlink-Debit/input_Last Name'

2024-05-16 00:52:30 - [TEST_STEP][PASSED] - setText(findTestObject("Object Repository/RecAndPlayBk/Page-Vlink-Debit/input_Address"), al1): Text '145 Main Street' is set on object 'Object Repository/RecAndPlayBk/Page-Vlink-Debit/input_Address'

2024-05-16 00:52:31 - [MESSAGE][PASSED] - Text '145 Main Street' is set on object 'Object Repository/RecAndPlayBk/Page-Vlink-Debit/input_Address'

2024-05-16 00:52:31 - [TEST_STEP][PASSED] - setText(findTestObject("Object Repository/RecAndPlayBk/Page-Vlink-Debit/input_City"), city): Text 'Arlington' is set on object 'Object Repository/RecAndPlayBk/Page-Vlink-Debit/input_City'

2024-05-16 00:52:32 - [MESSAGE][PASSED] - Text 'Arlington' is set on object 'Object Repository/RecAndPlayBk/Page-Vlink-Debit/input_City'

2024-05-16 00:52:32 - [TEST_STEP][PASSED] - setText(findTestObject("Object Repository/RecAndPlayBk/Page-Vlink-Debit/input_State"), state): Text 'VA' is set on object 'Object Repository/RecAndPlayBk/Page-Vlink-Debit/input_State'

2024-05-16 00:52:32 - [MESSAGE][PASSED] - Text 'VA' is set on object 'Object Repository/RecAndPlayBk/Page-Vlink-Debit/input_State'

2024-05-16 00:52:32 - [TEST_STEP][PASSED] - setText(findTestObject("Object Repository/RecAndPlayBk/Page-Vlink-Debit/input_Zip"), zip): Text '22201' is set on object 'Object Repository/RecAndPlayBk/Page-Vlink-Debit/input_Zip'

2024-05-16 00:52:33 - [MESSAGE][PASSED] - Text '22201' is set on object 'Object Repository/RecAndPlayBk/Page-Vlink-Debit/input_Zip'

2024-05-16 00:52:33 - [TEST_STEP][PASSED] - setText(findTestObject("RecAndPlayBk/Page-Vlink-Debit/input_Account_check"), acNumber): Text '58963214' is set on object 'Object Repository/RecAndPlayBk/Page-Vlink-Debit/input_Account_check'

2024-05-16 00:52:34 - [MESSAGE][PASSED] - Text '58963214' is set on object 'Object Repository/RecAndPlayBk/Page-Vlink-Debit/input_Account_check'

2024-05-16 00:52:34 - [TEST_STEP][PASSED] - setText(findTestObject("RecAndPlayBk/Page-Vlink-Debit/input_Company_check"), company): Text '' is set on object 'Object Repository/RecAndPlayBk/Page-Vlink-Debit/input_Company_check'

2024-05-16 00:52:34 - [MESSAGE][PASSED] - Text '' is set on object 'Object Repository/RecAndPlayBk/Page-Vlink-Debit/input_Company_check'

2024-05-16 00:52:34 - [TEST_STEP][PASSED] - setText(findTestObject("RecAndPlayBk/Page-Vlink-Debit/input_Account Type"), acType): Text '1' is set on object 'Object Repository/RecAndPlayBk/Page-Vlink-Debit/input_Account Type'

2024-05-16 00:52:35 - [MESSAGE][PASSED] - Text '1' is set on object 'Object Repository/RecAndPlayBk/Page-Vlink-Debit/input_Account Type'

2024-05-16 00:52:35 - [TEST_STEP][PASSED] - setText(findTestObject("RecAndPlayBk/Page-Vlink-Debit/input_Routing Number"), rtn): Text '256072691' is set on object 'Object Repository/RecAndPlayBk/Page-Vlink-Debit/input_Routing Number'

2024-05-16 00:52:36 - [MESSAGE][PASSED] - Text '256072691' is set on object 'Object Repository/RecAndPlayBk/Page-Vlink-Debit/input_Routing Number'

2024-05-16 00:52:36 - [TEST_STEP][PASSED] - setText(findTestObject("RecAndPlayBk/Page-Vlink-Debit/input_Amount"), amount): Text '12.50' is set on object 'Object Repository/RecAndPlayBk/Page-Vlink-Debit/input_Amount'

2024-05-16 00:52:36 - [MESSAGE][PASSED] - Text '12.50' is set on object 'Object Repository/RecAndPlayBk/Page-Vlink-Debit/input_Amount'

2024-05-16 00:52:36 - [TEST_STEP][PASSED] - setText(findTestObject("RecAndPlayBk/Page-Vlink-Debit/input_Check Email"), ""): Text '' is set on object 'Object Repository/RecAndPlayBk/Page-Vlink-Debit/input_Check Email'

2024-05-16 00:52:37 - [MESSAGE][PASSED] - Text '' is set on object 'Object Repository/RecAndPlayBk/Page-Vlink-Debit/input_Check Email'

2024-05-16 00:52:37 - [TEST_STEP][PASSED] - setText(findTestObject("Object Repository/RecAndPlayBk/Page-Vlink-Debit/input_concat(CheckWriter, , s SSN)_check_ssn"), ""): Text '' is set on object 'Object Repository/RecAndPlayBk/Page-Vlink-Debit/input_concat(CheckWriter, , s SSN)_check_ssn'

2024-05-16 00:52:38 - [MESSAGE][PASSED] - Text '' is set on object 'Object Repository/RecAndPlayBk/Page-Vlink-Debit/input_concat(CheckWriter, , s SSN)_check_ssn'

2024-05-16 00:52:38 - [TEST_STEP][PASSED] - setText(findTestObject("Object Repository/RecAndPlayBk/Page-Vlink-Debit/input_concat(CheckWriter, , s License Numbe_020fef"), ""): Text '' is set on object 'Object Repository/RecAndPlayBk/Page-Vlink-Debit/input_concat(CheckWriter, , s License Numbe_020fef'

2024-05-16 00:52:38 - [MESSAGE][PASSED] - Text '' is set on object 'Object Repository/RecAndPlayBk/Page-Vlink-Debit/input_concat(CheckWriter, , s License Numbe_020fef'

2024-05-16 00:52:38 - [TEST_STEP][PASSED] - setText(findTestObject("Object Repository/RecAndPlayBk/Page-Vlink-Debit/input_concat(CheckWriter, , s License State_21e3e7"), ""): Text '' is set on object 'Object Repository/RecAndPlayBk/Page-Vlink-Debit/input_concat(CheckWriter, , s License State_21e3e7'

2024-05-16 00:52:39 - [MESSAGE][PASSED] - Text '' is set on object 'Object Repository/RecAndPlayBk/Page-Vlink-Debit/input_concat(CheckWriter, , s License State_21e3e7'

2024-05-16 00:52:39 - [TEST_STEP][PASSED] - setText(findTestObject("RecAndPlayBk/Page-Vlink-Debit/input_Standard Entry Class"), sec): Text 'WEB' is set on object 'Object Repository/RecAndPlayBk/Page-Vlink-Debit/input_Standard Entry Class'

2024-05-16 00:52:39 - [MESSAGE][PASSED] - Text 'WEB' is set on object 'Object Repository/RecAndPlayBk/Page-Vlink-Debit/input_Standard Entry Class'

2024-05-16 00:52:39 - [TEST_STEP][PASSED] - click(findTestObject("Object Repository/RecAndPlayBk/Page-Vlink-Debit/input")): Object: 'Object Repository/RecAndPlayBk/Page-Vlink-Debit/input' is clicked on

2024-05-16 00:52:40 - [MESSAGE][PASSED] - Object: 'Object Repository/RecAndPlayBk/Page-Vlink-Debit/input' is clicked on

2024-05-16 00:52:40 - [TEST_STEP][PASSED] - if (verifyTextPresent(errorMsg, true)): null

2024-05-16 00:52:40 - [MESSAGE][PASSED] - Text 'Bank Account type not valid' is present on page  using regular expression

2024-05-16 00:52:40 - [TEST_STEP][PASSED] - println("Error Message is present on the Confirmation page"): null

2024-05-16 00:52:40 - [TEST_STEP][PASSED] - out.println("Pass Record Number: " + row): null

2024-05-16 00:52:40 - [TEST_STEP][PASSED] - resText = "Pass": null

2024-05-16 00:52:40 - [TEST_STEP][PASSED] - pages.WriteExcel.demoKey(resText, datText, resColumn, datCloumn, fileLoc, nameSheet, row): pages.WriteExcel.demoKey is PASSED

2024-05-16 00:52:41 - [MESSAGE][PASSED] - pages.WriteExcel.demoKey is PASSED

2024-05-16 00:52:41 - [TEST_STEP][PASSED] - ExecuteTC = findTestData(dataFile).getValue("Execute", row): null

2024-05-16 00:52:41 - [TEST_STEP][PASSED] - out.println("Value of Execute is : " + ExecuteTC): null

2024-05-16 00:52:41 - [TEST_STEP][PASSED] - if (ExecuteTC.equalsIgnoreCase("Y")): null

2024-05-16 00:52:41 - [TEST_STEP][PASSED] - out.println("Begin Record Number: " + row): null

2024-05-16 00:52:41 - [TEST_STEP][PASSED] - today = new java.util.Date(): null

2024-05-16 00:52:41 - [TEST_STEP][PASSED] - println(today): null

2024-05-16 00:52:41 - [TEST_STEP][PASSED] - datText = today: null

2024-05-16 00:52:41 - [TEST_STEP][PASSED] - appID = findTestData(dataFile).getValue("AppID", row): null

2024-05-16 00:52:41 - [TEST_STEP][PASSED] - username = findTestData(dataFile).getValue("Username", row): null

2024-05-16 00:52:41 - [TEST_STEP][PASSED] - password = findTestData(dataFile).getValue("Password", row): null

2024-05-16 00:52:41 - [TEST_STEP][PASSED] - errorMsg = findTestData(dataFile).getValue("ErrorMsg", row): null

2024-05-16 00:52:41 - [TEST_STEP][PASSED] - tranType = findTestData(dataFile).getValue("TranType", row): null

2024-05-16 00:52:41 - [TEST_STEP][PASSED] - mv = findTestData(dataFile).getValue("MV", row): null

2024-05-16 00:52:41 - [TEST_STEP][PASSED] - resFormat = findTestData(dataFile).getValue("ResFormat", row): null

2024-05-16 00:52:41 - [TEST_STEP][PASSED] - fName = findTestData(dataFile).getValue("Fname", row): null

2024-05-16 00:52:41 - [TEST_STEP][PASSED] - lName = findTestData(dataFile).getValue("Lname", row): null

2024-05-16 00:52:41 - [TEST_STEP][PASSED] - al1 = findTestData(dataFile).getValue("AL1", row): null

2024-05-16 00:52:41 - [TEST_STEP][PASSED] - city = findTestData(dataFile).getValue("City", row): null

2024-05-16 00:52:41 - [TEST_STEP][PASSED] - state = findTestData(dataFile).getValue("State", row): null

2024-05-16 00:52:41 - [TEST_STEP][PASSED] - zip = findTestData(dataFile).getValue("ZIP", row): null

2024-05-16 00:52:41 - [TEST_STEP][PASSED] - checkType = findTestData(dataFile).getValue("CheckType", row): null

2024-05-16 00:52:41 - [TEST_STEP][PASSED] - acNumber = findTestData(dataFile).getValue("AcNumber", row): null

2024-05-16 00:52:42 - [TEST_STEP][PASSED] - company = findTestData(dataFile).getValue("Company", row): null

2024-05-16 00:52:42 - [TEST_STEP][PASSED] - acType = findTestData(dataFile).getValue("AcType", row): null

2024-05-16 00:52:42 - [TEST_STEP][PASSED] - rtn = findTestData(dataFile).getValue("RTN", row): null

2024-05-16 00:52:42 - [TEST_STEP][PASSED] - amount = findTestData(dataFile).getValue("Amount", row): null

2024-05-16 00:52:42 - [TEST_STEP][PASSED] - sec = findTestData(dataFile).getValue("SEC", row): null

2024-05-16 00:52:42 - [TEST_STEP][PASSED] - openBrowser(VLinkURL + "debit.html"): Browser is opened with url: 'https://dev-algorithm.govolution.com/vlinktest/QA2/version_2_0/debit.html'

2024-05-16 00:52:42 - [MESSAGE][WARNING] - A browser is already opened. Closing browser and opening a new one

2024-05-16 00:52:43 - [MESSAGE][INFO] - Starting 'Chrome' driver

2024-05-16 00:52:43 - [MESSAGE][INFO] - User set preference: ['acceptInsecureCerts', 'true']

2024-05-16 00:52:43 - [MESSAGE][INFO] - Action delay is set to 0 milliseconds

2024-05-16 00:52:45 - [MESSAGE][PASSED] - Browser is opened with url: 'https://dev-algorithm.govolution.com/vlinktest/QA2/version_2_0/debit.html'

2024-05-16 00:52:45 - [TEST_STEP][PASSED] - maximizeWindow(): Current window maximized

2024-05-16 00:52:45 - [MESSAGE][PASSED] - Current window maximized

2024-05-16 00:52:45 - [TEST_STEP][PASSED] - setText(findTestObject("Object Repository/RecAndPlayBk/Page-Vlink-Debit/input_Transaction Type"), tranType): Text '200' is set on object 'Object Repository/RecAndPlayBk/Page-Vlink-Debit/input_Transaction Type'

2024-05-16 00:52:46 - [MESSAGE][PASSED] - Text '200' is set on object 'Object Repository/RecAndPlayBk/Page-Vlink-Debit/input_Transaction Type'

2024-05-16 00:52:46 - [TEST_STEP][PASSED] - setText(findTestObject("Object Repository/RecAndPlayBk/Page-Vlink-Debit/input_Message Version"), mv): Text '2.0A' is set on object 'Object Repository/RecAndPlayBk/Page-Vlink-Debit/input_Message Version'

2024-05-16 00:52:47 - [MESSAGE][PASSED] - Text '2.0A' is set on object 'Object Repository/RecAndPlayBk/Page-Vlink-Debit/input_Message Version'

2024-05-16 00:52:47 - [TEST_STEP][PASSED] - genRemID = RandomStringUtils.random(12, true, true): null

2024-05-16 00:52:47 - [TEST_STEP][PASSED] - setText(findTestObject("RecAndPlayBk/Page-Vlink-Debit/input_Remittance Id"), genRemID): Text 'rhD1Dgj7nqjG' is set on object 'Object Repository/RecAndPlayBk/Page-Vlink-Debit/input_Remittance Id'

2024-05-16 00:52:47 - [MESSAGE][PASSED] - Text 'rhD1Dgj7nqjG' is set on object 'Object Repository/RecAndPlayBk/Page-Vlink-Debit/input_Remittance Id'

2024-05-16 00:52:47 - [TEST_STEP][PASSED] - setText(findTestObject("RecAndPlayBk/Page-Vlink-Debit/input_Application Id"), appID): Text '234' is set on object 'Object Repository/RecAndPlayBk/Page-Vlink-Debit/input_Application Id'

2024-05-16 00:52:48 - [MESSAGE][PASSED] - Text '234' is set on object 'Object Repository/RecAndPlayBk/Page-Vlink-Debit/input_Application Id'

2024-05-16 00:52:48 - [TEST_STEP][PASSED] - setText(findTestObject("RecAndPlayBk/Page-Vlink-Debit/input_Username"), username): Text 'username' is set on object 'Object Repository/RecAndPlayBk/Page-Vlink-Debit/input_Username'

2024-05-16 00:52:49 - [MESSAGE][PASSED] - Text 'username' is set on object 'Object Repository/RecAndPlayBk/Page-Vlink-Debit/input_Username'

2024-05-16 00:52:49 - [TEST_STEP][PASSED] - setText(findTestObject("RecAndPlayBk/Page-Vlink-Debit/input_Password"), password): Text 'password' is set on object 'Object Repository/RecAndPlayBk/Page-Vlink-Debit/input_Password'

2024-05-16 00:52:49 - [MESSAGE][PASSED] - Text 'password' is set on object 'Object Repository/RecAndPlayBk/Page-Vlink-Debit/input_Password'

2024-05-16 00:52:49 - [TEST_STEP][PASSED] - setText(findTestObject("Object Repository/RecAndPlayBk/Page-Vlink-Debit/input_Response Format"), resFormat): Text 'fixed_width' is set on object 'Object Repository/RecAndPlayBk/Page-Vlink-Debit/input_Response Format'

2024-05-16 00:52:50 - [MESSAGE][PASSED] - Text 'fixed_width' is set on object 'Object Repository/RecAndPlayBk/Page-Vlink-Debit/input_Response Format'

2024-05-16 00:52:50 - [TEST_STEP][PASSED] - setText(findTestObject("RecAndPlayBk/Page-Vlink-Debit/input_Check Type"), checkType): Text 'P' is set on object 'Object Repository/RecAndPlayBk/Page-Vlink-Debit/input_Check Type'

2024-05-16 00:52:51 - [MESSAGE][PASSED] - Text 'P' is set on object 'Object Repository/RecAndPlayBk/Page-Vlink-Debit/input_Check Type'

2024-05-16 00:52:51 - [TEST_STEP][PASSED] - setText(findTestObject("Object Repository/RecAndPlayBk/Page-Vlink-Debit/input_First Name"), fName): Text '' is set on object 'Object Repository/RecAndPlayBk/Page-Vlink-Debit/input_First Name'

2024-05-16 00:52:51 - [MESSAGE][PASSED] - Text '' is set on object 'Object Repository/RecAndPlayBk/Page-Vlink-Debit/input_First Name'

2024-05-16 00:52:51 - [TEST_STEP][PASSED] - setText(findTestObject("Object Repository/RecAndPlayBk/Page-Vlink-Debit/input_Last Name"), lName): Text 'Roberts' is set on object 'Object Repository/RecAndPlayBk/Page-Vlink-Debit/input_Last Name'

2024-05-16 00:52:52 - [MESSAGE][PASSED] - Text 'Roberts' is set on object 'Object Repository/RecAndPlayBk/Page-Vlink-Debit/input_Last Name'

2024-05-16 00:52:52 - [TEST_STEP][PASSED] - setText(findTestObject("Object Repository/RecAndPlayBk/Page-Vlink-Debit/input_Address"), al1): Text '145 Main Street' is set on object 'Object Repository/RecAndPlayBk/Page-Vlink-Debit/input_Address'

2024-05-16 00:52:53 - [MESSAGE][PASSED] - Text '145 Main Street' is set on object 'Object Repository/RecAndPlayBk/Page-Vlink-Debit/input_Address'

2024-05-16 00:52:53 - [TEST_STEP][PASSED] - setText(findTestObject("Object Repository/RecAndPlayBk/Page-Vlink-Debit/input_City"), city): Text 'Arlington' is set on object 'Object Repository/RecAndPlayBk/Page-Vlink-Debit/input_City'

2024-05-16 00:52:53 - [MESSAGE][PASSED] - Text 'Arlington' is set on object 'Object Repository/RecAndPlayBk/Page-Vlink-Debit/input_City'

2024-05-16 00:52:53 - [TEST_STEP][PASSED] - setText(findTestObject("Object Repository/RecAndPlayBk/Page-Vlink-Debit/input_State"), state): Text 'VA' is set on object 'Object Repository/RecAndPlayBk/Page-Vlink-Debit/input_State'

2024-05-16 00:52:54 - [MESSAGE][PASSED] - Text 'VA' is set on object 'Object Repository/RecAndPlayBk/Page-Vlink-Debit/input_State'

2024-05-16 00:52:54 - [TEST_STEP][PASSED] - setText(findTestObject("Object Repository/RecAndPlayBk/Page-Vlink-Debit/input_Zip"), zip): Text '22201' is set on object 'Object Repository/RecAndPlayBk/Page-Vlink-Debit/input_Zip'

2024-05-16 00:52:55 - [MESSAGE][PASSED] - Text '22201' is set on object 'Object Repository/RecAndPlayBk/Page-Vlink-Debit/input_Zip'

2024-05-16 00:52:55 - [TEST_STEP][PASSED] - setText(findTestObject("RecAndPlayBk/Page-Vlink-Debit/input_Account_check"), acNumber): Text '58963214' is set on object 'Object Repository/RecAndPlayBk/Page-Vlink-Debit/input_Account_check'

2024-05-16 00:52:55 - [MESSAGE][PASSED] - Text '58963214' is set on object 'Object Repository/RecAndPlayBk/Page-Vlink-Debit/input_Account_check'

2024-05-16 00:52:55 - [TEST_STEP][PASSED] - setText(findTestObject("RecAndPlayBk/Page-Vlink-Debit/input_Company_check"), company): Text '' is set on object 'Object Repository/RecAndPlayBk/Page-Vlink-Debit/input_Company_check'

2024-05-16 00:52:56 - [MESSAGE][PASSED] - Text '' is set on object 'Object Repository/RecAndPlayBk/Page-Vlink-Debit/input_Company_check'

2024-05-16 00:52:56 - [TEST_STEP][PASSED] - setText(findTestObject("RecAndPlayBk/Page-Vlink-Debit/input_Account Type"), acType): Text '1' is set on object 'Object Repository/RecAndPlayBk/Page-Vlink-Debit/input_Account Type'

2024-05-16 00:52:57 - [MESSAGE][PASSED] - Text '1' is set on object 'Object Repository/RecAndPlayBk/Page-Vlink-Debit/input_Account Type'

2024-05-16 00:52:57 - [TEST_STEP][PASSED] - setText(findTestObject("RecAndPlayBk/Page-Vlink-Debit/input_Routing Number"), rtn): Text '256072691' is set on object 'Object Repository/RecAndPlayBk/Page-Vlink-Debit/input_Routing Number'

2024-05-16 00:52:57 - [MESSAGE][PASSED] - Text '256072691' is set on object 'Object Repository/RecAndPlayBk/Page-Vlink-Debit/input_Routing Number'

2024-05-16 00:52:57 - [TEST_STEP][PASSED] - setText(findTestObject("RecAndPlayBk/Page-Vlink-Debit/input_Amount"), amount): Text '12.50' is set on object 'Object Repository/RecAndPlayBk/Page-Vlink-Debit/input_Amount'

2024-05-16 00:52:58 - [MESSAGE][PASSED] - Text '12.50' is set on object 'Object Repository/RecAndPlayBk/Page-Vlink-Debit/input_Amount'

2024-05-16 00:52:58 - [TEST_STEP][PASSED] - setText(findTestObject("RecAndPlayBk/Page-Vlink-Debit/input_Check Email"), ""): Text '' is set on object 'Object Repository/RecAndPlayBk/Page-Vlink-Debit/input_Check Email'

2024-05-16 00:52:59 - [MESSAGE][PASSED] - Text '' is set on object 'Object Repository/RecAndPlayBk/Page-Vlink-Debit/input_Check Email'

2024-05-16 00:52:59 - [TEST_STEP][PASSED] - setText(findTestObject("Object Repository/RecAndPlayBk/Page-Vlink-Debit/input_concat(CheckWriter, , s SSN)_check_ssn"), ""): Text '' is set on object 'Object Repository/RecAndPlayBk/Page-Vlink-Debit/input_concat(CheckWriter, , s SSN)_check_ssn'

2024-05-16 00:52:59 - [MESSAGE][PASSED] - Text '' is set on object 'Object Repository/RecAndPlayBk/Page-Vlink-Debit/input_concat(CheckWriter, , s SSN)_check_ssn'

2024-05-16 00:52:59 - [TEST_STEP][PASSED] - setText(findTestObject("Object Repository/RecAndPlayBk/Page-Vlink-Debit/input_concat(CheckWriter, , s License Numbe_020fef"), ""): Text '' is set on object 'Object Repository/RecAndPlayBk/Page-Vlink-Debit/input_concat(CheckWriter, , s License Numbe_020fef'

2024-05-16 00:53:00 - [MESSAGE][PASSED] - Text '' is set on object 'Object Repository/RecAndPlayBk/Page-Vlink-Debit/input_concat(CheckWriter, , s License Numbe_020fef'

2024-05-16 00:53:00 - [TEST_STEP][PASSED] - setText(findTestObject("Object Repository/RecAndPlayBk/Page-Vlink-Debit/input_concat(CheckWriter, , s License State_21e3e7"), ""): Text '' is set on object 'Object Repository/RecAndPlayBk/Page-Vlink-Debit/input_concat(CheckWriter, , s License State_21e3e7'

2024-05-16 00:53:00 - [MESSAGE][PASSED] - Text '' is set on object 'Object Repository/RecAndPlayBk/Page-Vlink-Debit/input_concat(CheckWriter, , s License State_21e3e7'

2024-05-16 00:53:00 - [TEST_STEP][PASSED] - setText(findTestObject("RecAndPlayBk/Page-Vlink-Debit/input_Standard Entry Class"), sec): Text 'WEB' is set on object 'Object Repository/RecAndPlayBk/Page-Vlink-Debit/input_Standard Entry Class'

2024-05-16 00:53:01 - [MESSAGE][PASSED] - Text 'WEB' is set on object 'Object Repository/RecAndPlayBk/Page-Vlink-Debit/input_Standard Entry Class'

2024-05-16 00:53:01 - [TEST_STEP][PASSED] - click(findTestObject("Object Repository/RecAndPlayBk/Page-Vlink-Debit/input")): Object: 'Object Repository/RecAndPlayBk/Page-Vlink-Debit/input' is clicked on

2024-05-16 00:53:02 - [MESSAGE][PASSED] - Object: 'Object Repository/RecAndPlayBk/Page-Vlink-Debit/input' is clicked on

2024-05-16 00:53:02 - [TEST_STEP][PASSED] - if (verifyTextPresent(errorMsg, true)): null

2024-05-16 00:53:02 - [MESSAGE][PASSED] - Text 'check_first_name' is present on page  using regular expression

2024-05-16 00:53:02 - [TEST_STEP][PASSED] - println("Error Message is present on the Confirmation page"): null

2024-05-16 00:53:02 - [TEST_STEP][PASSED] - out.println("Pass Record Number: " + row): null

2024-05-16 00:53:02 - [TEST_STEP][PASSED] - resText = "Pass": null

2024-05-16 00:53:02 - [TEST_STEP][PASSED] - pages.WriteExcel.demoKey(resText, datText, resColumn, datCloumn, fileLoc, nameSheet, row): pages.WriteExcel.demoKey is PASSED

2024-05-16 00:53:02 - [MESSAGE][PASSED] - pages.WriteExcel.demoKey is PASSED

2024-05-16 00:53:02 - [TEST_STEP][PASSED] - ExecuteTC = findTestData(dataFile).getValue("Execute", row): null

2024-05-16 00:53:02 - [TEST_STEP][PASSED] - out.println("Value of Execute is : " + ExecuteTC): null

2024-05-16 00:53:02 - [TEST_STEP][PASSED] - if (ExecuteTC.equalsIgnoreCase("Y")): null

2024-05-16 00:53:02 - [TEST_STEP][PASSED] - out.println("Begin Record Number: " + row): null

2024-05-16 00:53:02 - [TEST_STEP][PASSED] - today = new java.util.Date(): null

2024-05-16 00:53:02 - [TEST_STEP][PASSED] - println(today): null

2024-05-16 00:53:02 - [TEST_STEP][PASSED] - datText = today: null

2024-05-16 00:53:02 - [TEST_STEP][PASSED] - appID = findTestData(dataFile).getValue("AppID", row): null

2024-05-16 00:53:02 - [TEST_STEP][PASSED] - username = findTestData(dataFile).getValue("Username", row): null

2024-05-16 00:53:02 - [TEST_STEP][PASSED] - password = findTestData(dataFile).getValue("Password", row): null

2024-05-16 00:53:02 - [TEST_STEP][PASSED] - errorMsg = findTestData(dataFile).getValue("ErrorMsg", row): null

2024-05-16 00:53:03 - [TEST_STEP][PASSED] - tranType = findTestData(dataFile).getValue("TranType", row): null

2024-05-16 00:53:03 - [TEST_STEP][PASSED] - mv = findTestData(dataFile).getValue("MV", row): null

2024-05-16 00:53:03 - [TEST_STEP][PASSED] - resFormat = findTestData(dataFile).getValue("ResFormat", row): null

2024-05-16 00:53:03 - [TEST_STEP][PASSED] - fName = findTestData(dataFile).getValue("Fname", row): null

2024-05-16 00:53:03 - [TEST_STEP][PASSED] - lName = findTestData(dataFile).getValue("Lname", row): null

2024-05-16 00:53:03 - [TEST_STEP][PASSED] - al1 = findTestData(dataFile).getValue("AL1", row): null

2024-05-16 00:53:03 - [TEST_STEP][PASSED] - city = findTestData(dataFile).getValue("City", row): null

2024-05-16 00:53:03 - [TEST_STEP][PASSED] - state = findTestData(dataFile).getValue("State", row): null

2024-05-16 00:53:03 - [TEST_STEP][PASSED] - zip = findTestData(dataFile).getValue("ZIP", row): null

2024-05-16 00:53:03 - [TEST_STEP][PASSED] - checkType = findTestData(dataFile).getValue("CheckType", row): null

2024-05-16 00:53:03 - [TEST_STEP][PASSED] - acNumber = findTestData(dataFile).getValue("AcNumber", row): null

2024-05-16 00:53:03 - [TEST_STEP][PASSED] - company = findTestData(dataFile).getValue("Company", row): null

2024-05-16 00:53:03 - [TEST_STEP][PASSED] - acType = findTestData(dataFile).getValue("AcType", row): null

2024-05-16 00:53:03 - [TEST_STEP][PASSED] - rtn = findTestData(dataFile).getValue("RTN", row): null

2024-05-16 00:53:03 - [TEST_STEP][PASSED] - amount = findTestData(dataFile).getValue("Amount", row): null

2024-05-16 00:53:03 - [TEST_STEP][PASSED] - sec = findTestData(dataFile).getValue("SEC", row): null

2024-05-16 00:53:04 - [TEST_STEP][PASSED] - openBrowser(VLinkURL + "debit.html"): Browser is opened with url: 'https://dev-algorithm.govolution.com/vlinktest/QA2/version_2_0/debit.html'

2024-05-16 00:53:04 - [MESSAGE][WARNING] - A browser is already opened. Closing browser and opening a new one

2024-05-16 00:53:05 - [MESSAGE][INFO] - Starting 'Chrome' driver

2024-05-16 00:53:05 - [MESSAGE][INFO] - User set preference: ['acceptInsecureCerts', 'true']

2024-05-16 00:53:05 - [MESSAGE][INFO] - Action delay is set to 0 milliseconds

2024-05-16 00:53:07 - [MESSAGE][PASSED] - Browser is opened with url: 'https://dev-algorithm.govolution.com/vlinktest/QA2/version_2_0/debit.html'

2024-05-16 00:53:07 - [TEST_STEP][PASSED] - maximizeWindow(): Current window maximized

2024-05-16 00:53:07 - [MESSAGE][PASSED] - Current window maximized

2024-05-16 00:53:07 - [TEST_STEP][PASSED] - setText(findTestObject("Object Repository/RecAndPlayBk/Page-Vlink-Debit/input_Transaction Type"), tranType): Text '200' is set on object 'Object Repository/RecAndPlayBk/Page-Vlink-Debit/input_Transaction Type'

2024-05-16 00:53:08 - [MESSAGE][PASSED] - Text '200' is set on object 'Object Repository/RecAndPlayBk/Page-Vlink-Debit/input_Transaction Type'

2024-05-16 00:53:08 - [TEST_STEP][PASSED] - setText(findTestObject("Object Repository/RecAndPlayBk/Page-Vlink-Debit/input_Message Version"), mv): Text '2.0A' is set on object 'Object Repository/RecAndPlayBk/Page-Vlink-Debit/input_Message Version'

2024-05-16 00:53:09 - [MESSAGE][PASSED] - Text '2.0A' is set on object 'Object Repository/RecAndPlayBk/Page-Vlink-Debit/input_Message Version'

2024-05-16 00:53:09 - [TEST_STEP][PASSED] - genRemID = RandomStringUtils.random(12, true, true): null

2024-05-16 00:53:09 - [TEST_STEP][PASSED] - setText(findTestObject("RecAndPlayBk/Page-Vlink-Debit/input_Remittance Id"), genRemID): Text 'E3USzlvxWxcs' is set on object 'Object Repository/RecAndPlayBk/Page-Vlink-Debit/input_Remittance Id'

2024-05-16 00:53:10 - [MESSAGE][PASSED] - Text 'E3USzlvxWxcs' is set on object 'Object Repository/RecAndPlayBk/Page-Vlink-Debit/input_Remittance Id'

2024-05-16 00:53:10 - [TEST_STEP][PASSED] - setText(findTestObject("RecAndPlayBk/Page-Vlink-Debit/input_Application Id"), appID): Text '234' is set on object 'Object Repository/RecAndPlayBk/Page-Vlink-Debit/input_Application Id'

2024-05-16 00:53:10 - [MESSAGE][PASSED] - Text '234' is set on object 'Object Repository/RecAndPlayBk/Page-Vlink-Debit/input_Application Id'

2024-05-16 00:53:10 - [TEST_STEP][PASSED] - setText(findTestObject("RecAndPlayBk/Page-Vlink-Debit/input_Username"), username): Text 'username' is set on object 'Object Repository/RecAndPlayBk/Page-Vlink-Debit/input_Username'

2024-05-16 00:53:11 - [MESSAGE][PASSED] - Text 'username' is set on object 'Object Repository/RecAndPlayBk/Page-Vlink-Debit/input_Username'

2024-05-16 00:53:11 - [TEST_STEP][PASSED] - setText(findTestObject("RecAndPlayBk/Page-Vlink-Debit/input_Password"), password): Text 'password' is set on object 'Object Repository/RecAndPlayBk/Page-Vlink-Debit/input_Password'

2024-05-16 00:53:11 - [MESSAGE][PASSED] - Text 'password' is set on object 'Object Repository/RecAndPlayBk/Page-Vlink-Debit/input_Password'

2024-05-16 00:53:11 - [TEST_STEP][PASSED] - setText(findTestObject("Object Repository/RecAndPlayBk/Page-Vlink-Debit/input_Response Format"), resFormat): Text 'fixed_width' is set on object 'Object Repository/RecAndPlayBk/Page-Vlink-Debit/input_Response Format'

2024-05-16 00:53:12 - [MESSAGE][PASSED] - Text 'fixed_width' is set on object 'Object Repository/RecAndPlayBk/Page-Vlink-Debit/input_Response Format'

2024-05-16 00:53:12 - [TEST_STEP][PASSED] - setText(findTestObject("RecAndPlayBk/Page-Vlink-Debit/input_Check Type"), checkType): Text 'P' is set on object 'Object Repository/RecAndPlayBk/Page-Vlink-Debit/input_Check Type'

2024-05-16 00:53:13 - [MESSAGE][PASSED] - Text 'P' is set on object 'Object Repository/RecAndPlayBk/Page-Vlink-Debit/input_Check Type'

2024-05-16 00:53:13 - [TEST_STEP][PASSED] - setText(findTestObject("Object Repository/RecAndPlayBk/Page-Vlink-Debit/input_First Name"), fName): Text 'Andy' is set on object 'Object Repository/RecAndPlayBk/Page-Vlink-Debit/input_First Name'

2024-05-16 00:53:13 - [MESSAGE][PASSED] - Text 'Andy' is set on object 'Object Repository/RecAndPlayBk/Page-Vlink-Debit/input_First Name'

2024-05-16 00:53:13 - [TEST_STEP][PASSED] - setText(findTestObject("Object Repository/RecAndPlayBk/Page-Vlink-Debit/input_Last Name"), lName): Text '' is set on object 'Object Repository/RecAndPlayBk/Page-Vlink-Debit/input_Last Name'

2024-05-16 00:53:14 - [MESSAGE][PASSED] - Text '' is set on object 'Object Repository/RecAndPlayBk/Page-Vlink-Debit/input_Last Name'

2024-05-16 00:53:14 - [TEST_STEP][PASSED] - setText(findTestObject("Object Repository/RecAndPlayBk/Page-Vlink-Debit/input_Address"), al1): Text '145 Main Street' is set on object 'Object Repository/RecAndPlayBk/Page-Vlink-Debit/input_Address'

2024-05-16 00:53:15 - [MESSAGE][PASSED] - Text '145 Main Street' is set on object 'Object Repository/RecAndPlayBk/Page-Vlink-Debit/input_Address'

2024-05-16 00:53:15 - [TEST_STEP][PASSED] - setText(findTestObject("Object Repository/RecAndPlayBk/Page-Vlink-Debit/input_City"), city): Text 'Arlington' is set on object 'Object Repository/RecAndPlayBk/Page-Vlink-Debit/input_City'

2024-05-16 00:53:15 - [MESSAGE][PASSED] - Text 'Arlington' is set on object 'Object Repository/RecAndPlayBk/Page-Vlink-Debit/input_City'

2024-05-16 00:53:15 - [TEST_STEP][PASSED] - setText(findTestObject("Object Repository/RecAndPlayBk/Page-Vlink-Debit/input_State"), state): Text 'VA' is set on object 'Object Repository/RecAndPlayBk/Page-Vlink-Debit/input_State'

2024-05-16 00:53:16 - [MESSAGE][PASSED] - Text 'VA' is set on object 'Object Repository/RecAndPlayBk/Page-Vlink-Debit/input_State'

2024-05-16 00:53:16 - [TEST_STEP][PASSED] - setText(findTestObject("Object Repository/RecAndPlayBk/Page-Vlink-Debit/input_Zip"), zip): Text '22201' is set on object 'Object Repository/RecAndPlayBk/Page-Vlink-Debit/input_Zip'

2024-05-16 00:53:17 - [MESSAGE][PASSED] - Text '22201' is set on object 'Object Repository/RecAndPlayBk/Page-Vlink-Debit/input_Zip'

2024-05-16 00:53:17 - [TEST_STEP][PASSED] - setText(findTestObject("RecAndPlayBk/Page-Vlink-Debit/input_Account_check"), acNumber): Text '58963214' is set on object 'Object Repository/RecAndPlayBk/Page-Vlink-Debit/input_Account_check'

2024-05-16 00:53:18 - [MESSAGE][PASSED] - Text '58963214' is set on object 'Object Repository/RecAndPlayBk/Page-Vlink-Debit/input_Account_check'

2024-05-16 00:53:18 - [TEST_STEP][PASSED] - setText(findTestObject("RecAndPlayBk/Page-Vlink-Debit/input_Company_check"), company): Text '' is set on object 'Object Repository/RecAndPlayBk/Page-Vlink-Debit/input_Company_check'

2024-05-16 00:53:18 - [MESSAGE][PASSED] - Text '' is set on object 'Object Repository/RecAndPlayBk/Page-Vlink-Debit/input_Company_check'

2024-05-16 00:53:18 - [TEST_STEP][PASSED] - setText(findTestObject("RecAndPlayBk/Page-Vlink-Debit/input_Account Type"), acType): Text '1' is set on object 'Object Repository/RecAndPlayBk/Page-Vlink-Debit/input_Account Type'

2024-05-16 00:53:19 - [MESSAGE][PASSED] - Text '1' is set on object 'Object Repository/RecAndPlayBk/Page-Vlink-Debit/input_Account Type'

2024-05-16 00:53:19 - [TEST_STEP][PASSED] - setText(findTestObject("RecAndPlayBk/Page-Vlink-Debit/input_Routing Number"), rtn): Text '256072691' is set on object 'Object Repository/RecAndPlayBk/Page-Vlink-Debit/input_Routing Number'

2024-05-16 00:53:19 - [MESSAGE][PASSED] - Text '256072691' is set on object 'Object Repository/RecAndPlayBk/Page-Vlink-Debit/input_Routing Number'

2024-05-16 00:53:19 - [TEST_STEP][PASSED] - setText(findTestObject("RecAndPlayBk/Page-Vlink-Debit/input_Amount"), amount): Text '12.50' is set on object 'Object Repository/RecAndPlayBk/Page-Vlink-Debit/input_Amount'

2024-05-16 00:53:20 - [MESSAGE][PASSED] - Text '12.50' is set on object 'Object Repository/RecAndPlayBk/Page-Vlink-Debit/input_Amount'

2024-05-16 00:53:20 - [TEST_STEP][PASSED] - setText(findTestObject("RecAndPlayBk/Page-Vlink-Debit/input_Check Email"), ""): Text '' is set on object 'Object Repository/RecAndPlayBk/Page-Vlink-Debit/input_Check Email'

2024-05-16 00:53:21 - [MESSAGE][PASSED] - Text '' is set on object 'Object Repository/RecAndPlayBk/Page-Vlink-Debit/input_Check Email'

2024-05-16 00:53:21 - [TEST_STEP][PASSED] - setText(findTestObject("Object Repository/RecAndPlayBk/Page-Vlink-Debit/input_concat(CheckWriter, , s SSN)_check_ssn"), ""): Text '' is set on object 'Object Repository/RecAndPlayBk/Page-Vlink-Debit/input_concat(CheckWriter, , s SSN)_check_ssn'

2024-05-16 00:53:21 - [MESSAGE][PASSED] - Text '' is set on object 'Object Repository/RecAndPlayBk/Page-Vlink-Debit/input_concat(CheckWriter, , s SSN)_check_ssn'

2024-05-16 00:53:21 - [TEST_STEP][PASSED] - setText(findTestObject("Object Repository/RecAndPlayBk/Page-Vlink-Debit/input_concat(CheckWriter, , s License Numbe_020fef"), ""): Text '' is set on object 'Object Repository/RecAndPlayBk/Page-Vlink-Debit/input_concat(CheckWriter, , s License Numbe_020fef'

2024-05-16 00:53:22 - [MESSAGE][PASSED] - Text '' is set on object 'Object Repository/RecAndPlayBk/Page-Vlink-Debit/input_concat(CheckWriter, , s License Numbe_020fef'

2024-05-16 00:53:22 - [TEST_STEP][PASSED] - setText(findTestObject("Object Repository/RecAndPlayBk/Page-Vlink-Debit/input_concat(CheckWriter, , s License State_21e3e7"), ""): Text '' is set on object 'Object Repository/RecAndPlayBk/Page-Vlink-Debit/input_concat(CheckWriter, , s License State_21e3e7'

2024-05-16 00:53:23 - [MESSAGE][PASSED] - Text '' is set on object 'Object Repository/RecAndPlayBk/Page-Vlink-Debit/input_concat(CheckWriter, , s License State_21e3e7'

2024-05-16 00:53:23 - [TEST_STEP][PASSED] - setText(findTestObject("RecAndPlayBk/Page-Vlink-Debit/input_Standard Entry Class"), sec): Text 'WEB' is set on object 'Object Repository/RecAndPlayBk/Page-Vlink-Debit/input_Standard Entry Class'

2024-05-16 00:53:23 - [MESSAGE][PASSED] - Text 'WEB' is set on object 'Object Repository/RecAndPlayBk/Page-Vlink-Debit/input_Standard Entry Class'

2024-05-16 00:53:23 - [TEST_STEP][PASSED] - click(findTestObject("Object Repository/RecAndPlayBk/Page-Vlink-Debit/input")): Object: 'Object Repository/RecAndPlayBk/Page-Vlink-Debit/input' is clicked on

2024-05-16 00:53:24 - [MESSAGE][PASSED] - Object: 'Object Repository/RecAndPlayBk/Page-Vlink-Debit/input' is clicked on

2024-05-16 00:53:24 - [TEST_STEP][PASSED] - if (verifyTextPresent(errorMsg, true)): null

2024-05-16 00:53:24 - [MESSAGE][PASSED] - Text 'check_last_name' is present on page  using regular expression

2024-05-16 00:53:24 - [TEST_STEP][PASSED] - println("Error Message is present on the Confirmation page"): null

2024-05-16 00:53:24 - [TEST_STEP][PASSED] - out.println("Pass Record Number: " + row): null

2024-05-16 00:53:24 - [TEST_STEP][PASSED] - resText = "Pass": null

2024-05-16 00:53:24 - [TEST_STEP][PASSED] - pages.WriteExcel.demoKey(resText, datText, resColumn, datCloumn, fileLoc, nameSheet, row): pages.WriteExcel.demoKey is PASSED

2024-05-16 00:53:24 - [MESSAGE][PASSED] - pages.WriteExcel.demoKey is PASSED

2024-05-16 00:53:24 - [TEST_STEP][PASSED] - ExecuteTC = findTestData(dataFile).getValue("Execute", row): null

2024-05-16 00:53:24 - [TEST_STEP][PASSED] - out.println("Value of Execute is : " + ExecuteTC): null

2024-05-16 00:53:24 - [TEST_STEP][PASSED] - if (ExecuteTC.equalsIgnoreCase("Y")): null

2024-05-16 00:53:24 - [TEST_STEP][PASSED] - out.println("Begin Record Number: " + row): null

2024-05-16 00:53:24 - [TEST_STEP][PASSED] - today = new java.util.Date(): null

2024-05-16 00:53:24 - [TEST_STEP][PASSED] - println(today): null

2024-05-16 00:53:24 - [TEST_STEP][PASSED] - datText = today: null

2024-05-16 00:53:24 - [TEST_STEP][PASSED] - appID = findTestData(dataFile).getValue("AppID", row): null

2024-05-16 00:53:24 - [TEST_STEP][PASSED] - username = findTestData(dataFile).getValue("Username", row): null

2024-05-16 00:53:25 - [TEST_STEP][PASSED] - password = findTestData(dataFile).getValue("Password", row): null

2024-05-16 00:53:25 - [TEST_STEP][PASSED] - errorMsg = findTestData(dataFile).getValue("ErrorMsg", row): null

2024-05-16 00:53:25 - [TEST_STEP][PASSED] - tranType = findTestData(dataFile).getValue("TranType", row): null

2024-05-16 00:53:25 - [TEST_STEP][PASSED] - mv = findTestData(dataFile).getValue("MV", row): null

2024-05-16 00:53:25 - [TEST_STEP][PASSED] - resFormat = findTestData(dataFile).getValue("ResFormat", row): null

2024-05-16 00:53:25 - [TEST_STEP][PASSED] - fName = findTestData(dataFile).getValue("Fname", row): null

2024-05-16 00:53:25 - [TEST_STEP][PASSED] - lName = findTestData(dataFile).getValue("Lname", row): null

2024-05-16 00:53:25 - [TEST_STEP][PASSED] - al1 = findTestData(dataFile).getValue("AL1", row): null

2024-05-16 00:53:25 - [TEST_STEP][PASSED] - city = findTestData(dataFile).getValue("City", row): null

2024-05-16 00:53:25 - [TEST_STEP][PASSED] - state = findTestData(dataFile).getValue("State", row): null

2024-05-16 00:53:25 - [TEST_STEP][PASSED] - zip = findTestData(dataFile).getValue("ZIP", row): null

2024-05-16 00:53:25 - [TEST_STEP][PASSED] - checkType = findTestData(dataFile).getValue("CheckType", row): null

2024-05-16 00:53:25 - [TEST_STEP][PASSED] - acNumber = findTestData(dataFile).getValue("AcNumber", row): null

2024-05-16 00:53:25 - [TEST_STEP][PASSED] - company = findTestData(dataFile).getValue("Company", row): null

2024-05-16 00:53:25 - [TEST_STEP][PASSED] - acType = findTestData(dataFile).getValue("AcType", row): null

2024-05-16 00:53:25 - [TEST_STEP][PASSED] - rtn = findTestData(dataFile).getValue("RTN", row): null

2024-05-16 00:53:26 - [TEST_STEP][PASSED] - amount = findTestData(dataFile).getValue("Amount", row): null

2024-05-16 00:53:26 - [TEST_STEP][PASSED] - sec = findTestData(dataFile).getValue("SEC", row): null

2024-05-16 00:53:26 - [TEST_STEP][PASSED] - openBrowser(VLinkURL + "debit.html"): Browser is opened with url: 'https://dev-algorithm.govolution.com/vlinktest/QA2/version_2_0/debit.html'

2024-05-16 00:53:26 - [MESSAGE][WARNING] - A browser is already opened. Closing browser and opening a new one

2024-05-16 00:53:27 - [MESSAGE][INFO] - Starting 'Chrome' driver

2024-05-16 00:53:27 - [MESSAGE][INFO] - User set preference: ['acceptInsecureCerts', 'true']

2024-05-16 00:53:27 - [MESSAGE][INFO] - Action delay is set to 0 milliseconds

2024-05-16 00:53:29 - [MESSAGE][PASSED] - Browser is opened with url: 'https://dev-algorithm.govolution.com/vlinktest/QA2/version_2_0/debit.html'

2024-05-16 00:53:29 - [TEST_STEP][PASSED] - maximizeWindow(): Current window maximized

2024-05-16 00:53:29 - [MESSAGE][PASSED] - Current window maximized

2024-05-16 00:53:29 - [TEST_STEP][PASSED] - setText(findTestObject("Object Repository/RecAndPlayBk/Page-Vlink-Debit/input_Transaction Type"), tranType): Text '200' is set on object 'Object Repository/RecAndPlayBk/Page-Vlink-Debit/input_Transaction Type'

2024-05-16 00:53:30 - [MESSAGE][PASSED] - Text '200' is set on object 'Object Repository/RecAndPlayBk/Page-Vlink-Debit/input_Transaction Type'

2024-05-16 00:53:30 - [TEST_STEP][PASSED] - setText(findTestObject("Object Repository/RecAndPlayBk/Page-Vlink-Debit/input_Message Version"), mv): Text '2.0A' is set on object 'Object Repository/RecAndPlayBk/Page-Vlink-Debit/input_Message Version'

2024-05-16 00:53:31 - [MESSAGE][PASSED] - Text '2.0A' is set on object 'Object Repository/RecAndPlayBk/Page-Vlink-Debit/input_Message Version'

2024-05-16 00:53:31 - [TEST_STEP][PASSED] - genRemID = RandomStringUtils.random(12, true, true): null

2024-05-16 00:53:31 - [TEST_STEP][PASSED] - setText(findTestObject("RecAndPlayBk/Page-Vlink-Debit/input_Remittance Id"), genRemID): Text 'Zuu2IWeeDxXB' is set on object 'Object Repository/RecAndPlayBk/Page-Vlink-Debit/input_Remittance Id'

2024-05-16 00:53:32 - [MESSAGE][PASSED] - Text 'Zuu2IWeeDxXB' is set on object 'Object Repository/RecAndPlayBk/Page-Vlink-Debit/input_Remittance Id'

2024-05-16 00:53:32 - [TEST_STEP][PASSED] - setText(findTestObject("RecAndPlayBk/Page-Vlink-Debit/input_Application Id"), appID): Text '234' is set on object 'Object Repository/RecAndPlayBk/Page-Vlink-Debit/input_Application Id'

2024-05-16 00:53:32 - [MESSAGE][PASSED] - Text '234' is set on object 'Object Repository/RecAndPlayBk/Page-Vlink-Debit/input_Application Id'

2024-05-16 00:53:32 - [TEST_STEP][PASSED] - setText(findTestObject("RecAndPlayBk/Page-Vlink-Debit/input_Username"), username): Text 'username' is set on object 'Object Repository/RecAndPlayBk/Page-Vlink-Debit/input_Username'

2024-05-16 00:53:33 - [MESSAGE][PASSED] - Text 'username' is set on object 'Object Repository/RecAndPlayBk/Page-Vlink-Debit/input_Username'

2024-05-16 00:53:33 - [TEST_STEP][PASSED] - setText(findTestObject("RecAndPlayBk/Page-Vlink-Debit/input_Password"), password): Text 'password' is set on object 'Object Repository/RecAndPlayBk/Page-Vlink-Debit/input_Password'

2024-05-16 00:53:33 - [MESSAGE][PASSED] - Text 'password' is set on object 'Object Repository/RecAndPlayBk/Page-Vlink-Debit/input_Password'

2024-05-16 00:53:33 - [TEST_STEP][PASSED] - setText(findTestObject("Object Repository/RecAndPlayBk/Page-Vlink-Debit/input_Response Format"), resFormat): Text 'fixed_width' is set on object 'Object Repository/RecAndPlayBk/Page-Vlink-Debit/input_Response Format'

2024-05-16 00:53:34 - [MESSAGE][PASSED] - Text 'fixed_width' is set on object 'Object Repository/RecAndPlayBk/Page-Vlink-Debit/input_Response Format'

2024-05-16 00:53:34 - [TEST_STEP][PASSED] - setText(findTestObject("RecAndPlayBk/Page-Vlink-Debit/input_Check Type"), checkType): Text 'P' is set on object 'Object Repository/RecAndPlayBk/Page-Vlink-Debit/input_Check Type'

2024-05-16 00:53:35 - [MESSAGE][PASSED] - Text 'P' is set on object 'Object Repository/RecAndPlayBk/Page-Vlink-Debit/input_Check Type'

2024-05-16 00:53:35 - [TEST_STEP][PASSED] - setText(findTestObject("Object Repository/RecAndPlayBk/Page-Vlink-Debit/input_First Name"), fName): Text 'Andy' is set on object 'Object Repository/RecAndPlayBk/Page-Vlink-Debit/input_First Name'

2024-05-16 00:53:35 - [MESSAGE][PASSED] - Text 'Andy' is set on object 'Object Repository/RecAndPlayBk/Page-Vlink-Debit/input_First Name'

2024-05-16 00:53:35 - [TEST_STEP][PASSED] - setText(findTestObject("Object Repository/RecAndPlayBk/Page-Vlink-Debit/input_Last Name"), lName): Text 'Roberts' is set on object 'Object Repository/RecAndPlayBk/Page-Vlink-Debit/input_Last Name'

2024-05-16 00:53:36 - [MESSAGE][PASSED] - Text 'Roberts' is set on object 'Object Repository/RecAndPlayBk/Page-Vlink-Debit/input_Last Name'

2024-05-16 00:53:36 - [TEST_STEP][PASSED] - setText(findTestObject("Object Repository/RecAndPlayBk/Page-Vlink-Debit/input_Address"), al1): Text '' is set on object 'Object Repository/RecAndPlayBk/Page-Vlink-Debit/input_Address'

2024-05-16 00:53:37 - [MESSAGE][PASSED] - Text '' is set on object 'Object Repository/RecAndPlayBk/Page-Vlink-Debit/input_Address'

2024-05-16 00:53:37 - [TEST_STEP][PASSED] - setText(findTestObject("Object Repository/RecAndPlayBk/Page-Vlink-Debit/input_City"), city): Text 'Arlington' is set on object 'Object Repository/RecAndPlayBk/Page-Vlink-Debit/input_City'

2024-05-16 00:53:37 - [MESSAGE][PASSED] - Text 'Arlington' is set on object 'Object Repository/RecAndPlayBk/Page-Vlink-Debit/input_City'

2024-05-16 00:53:37 - [TEST_STEP][PASSED] - setText(findTestObject("Object Repository/RecAndPlayBk/Page-Vlink-Debit/input_State"), state): Text 'VA' is set on object 'Object Repository/RecAndPlayBk/Page-Vlink-Debit/input_State'

2024-05-16 00:53:38 - [MESSAGE][PASSED] - Text 'VA' is set on object 'Object Repository/RecAndPlayBk/Page-Vlink-Debit/input_State'

2024-05-16 00:53:38 - [TEST_STEP][PASSED] - setText(findTestObject("Object Repository/RecAndPlayBk/Page-Vlink-Debit/input_Zip"), zip): Text '22201' is set on object 'Object Repository/RecAndPlayBk/Page-Vlink-Debit/input_Zip'

2024-05-16 00:53:39 - [MESSAGE][PASSED] - Text '22201' is set on object 'Object Repository/RecAndPlayBk/Page-Vlink-Debit/input_Zip'

2024-05-16 00:53:39 - [TEST_STEP][PASSED] - setText(findTestObject("RecAndPlayBk/Page-Vlink-Debit/input_Account_check"), acNumber): Text '58963214' is set on object 'Object Repository/RecAndPlayBk/Page-Vlink-Debit/input_Account_check'

2024-05-16 00:53:39 - [MESSAGE][PASSED] - Text '58963214' is set on object 'Object Repository/RecAndPlayBk/Page-Vlink-Debit/input_Account_check'

2024-05-16 00:53:39 - [TEST_STEP][PASSED] - setText(findTestObject("RecAndPlayBk/Page-Vlink-Debit/input_Company_check"), company): Text '' is set on object 'Object Repository/RecAndPlayBk/Page-Vlink-Debit/input_Company_check'

2024-05-16 00:53:40 - [MESSAGE][PASSED] - Text '' is set on object 'Object Repository/RecAndPlayBk/Page-Vlink-Debit/input_Company_check'

2024-05-16 00:53:40 - [TEST_STEP][PASSED] - setText(findTestObject("RecAndPlayBk/Page-Vlink-Debit/input_Account Type"), acType): Text '1' is set on object 'Object Repository/RecAndPlayBk/Page-Vlink-Debit/input_Account Type'

2024-05-16 00:53:41 - [MESSAGE][PASSED] - Text '1' is set on object 'Object Repository/RecAndPlayBk/Page-Vlink-Debit/input_Account Type'

2024-05-16 00:53:41 - [TEST_STEP][PASSED] - setText(findTestObject("RecAndPlayBk/Page-Vlink-Debit/input_Routing Number"), rtn): Text '256072691' is set on object 'Object Repository/RecAndPlayBk/Page-Vlink-Debit/input_Routing Number'

2024-05-16 00:53:41 - [MESSAGE][PASSED] - Text '256072691' is set on object 'Object Repository/RecAndPlayBk/Page-Vlink-Debit/input_Routing Number'

2024-05-16 00:53:41 - [TEST_STEP][PASSED] - setText(findTestObject("RecAndPlayBk/Page-Vlink-Debit/input_Amount"), amount): Text '12.50' is set on object 'Object Repository/RecAndPlayBk/Page-Vlink-Debit/input_Amount'

2024-05-16 00:53:42 - [MESSAGE][PASSED] - Text '12.50' is set on object 'Object Repository/RecAndPlayBk/Page-Vlink-Debit/input_Amount'

2024-05-16 00:53:42 - [TEST_STEP][PASSED] - setText(findTestObject("RecAndPlayBk/Page-Vlink-Debit/input_Check Email"), ""): Text '' is set on object 'Object Repository/RecAndPlayBk/Page-Vlink-Debit/input_Check Email'

2024-05-16 00:53:43 - [MESSAGE][PASSED] - Text '' is set on object 'Object Repository/RecAndPlayBk/Page-Vlink-Debit/input_Check Email'

2024-05-16 00:53:43 - [TEST_STEP][PASSED] - setText(findTestObject("Object Repository/RecAndPlayBk/Page-Vlink-Debit/input_concat(CheckWriter, , s SSN)_check_ssn"), ""): Text '' is set on object 'Object Repository/RecAndPlayBk/Page-Vlink-Debit/input_concat(CheckWriter, , s SSN)_check_ssn'

2024-05-16 00:53:43 - [MESSAGE][PASSED] - Text '' is set on object 'Object Repository/RecAndPlayBk/Page-Vlink-Debit/input_concat(CheckWriter, , s SSN)_check_ssn'

2024-05-16 00:53:43 - [TEST_STEP][PASSED] - setText(findTestObject("Object Repository/RecAndPlayBk/Page-Vlink-Debit/input_concat(CheckWriter, , s License Numbe_020fef"), ""): Text '' is set on object 'Object Repository/RecAndPlayBk/Page-Vlink-Debit/input_concat(CheckWriter, , s License Numbe_020fef'

2024-05-16 00:53:44 - [MESSAGE][PASSED] - Text '' is set on object 'Object Repository/RecAndPlayBk/Page-Vlink-Debit/input_concat(CheckWriter, , s License Numbe_020fef'

2024-05-16 00:53:44 - [TEST_STEP][PASSED] - setText(findTestObject("Object Repository/RecAndPlayBk/Page-Vlink-Debit/input_concat(CheckWriter, , s License State_21e3e7"), ""): Text '' is set on object 'Object Repository/RecAndPlayBk/Page-Vlink-Debit/input_concat(CheckWriter, , s License State_21e3e7'

2024-05-16 00:53:45 - [MESSAGE][PASSED] - Text '' is set on object 'Object Repository/RecAndPlayBk/Page-Vlink-Debit/input_concat(CheckWriter, , s License State_21e3e7'

2024-05-16 00:53:45 - [TEST_STEP][PASSED] - setText(findTestObject("RecAndPlayBk/Page-Vlink-Debit/input_Standard Entry Class"), sec): Text 'WEB' is set on object 'Object Repository/RecAndPlayBk/Page-Vlink-Debit/input_Standard Entry Class'

2024-05-16 00:53:45 - [MESSAGE][PASSED] - Text 'WEB' is set on object 'Object Repository/RecAndPlayBk/Page-Vlink-Debit/input_Standard Entry Class'

2024-05-16 00:53:45 - [TEST_STEP][PASSED] - click(findTestObject("Object Repository/RecAndPlayBk/Page-Vlink-Debit/input")): Object: 'Object Repository/RecAndPlayBk/Page-Vlink-Debit/input' is clicked on

2024-05-16 00:53:46 - [MESSAGE][PASSED] - Object: 'Object Repository/RecAndPlayBk/Page-Vlink-Debit/input' is clicked on

2024-05-16 00:53:46 - [TEST_STEP][PASSED] - if (verifyTextPresent(errorMsg, true)): null

2024-05-16 00:53:46 - [MESSAGE][PASSED] - Text 'check_address' is present on page  using regular expression

2024-05-16 00:53:46 - [TEST_STEP][PASSED] - println("Error Message is present on the Confirmation page"): null

2024-05-16 00:53:46 - [TEST_STEP][PASSED] - out.println("Pass Record Number: " + row): null

2024-05-16 00:53:46 - [TEST_STEP][PASSED] - resText = "Pass": null

2024-05-16 00:53:46 - [TEST_STEP][PASSED] - pages.WriteExcel.demoKey(resText, datText, resColumn, datCloumn, fileLoc, nameSheet, row): pages.WriteExcel.demoKey is PASSED

2024-05-16 00:53:46 - [MESSAGE][PASSED] - pages.WriteExcel.demoKey is PASSED

2024-05-16 00:53:46 - [TEST_STEP][PASSED] - ExecuteTC = findTestData(dataFile).getValue("Execute", row): null

2024-05-16 00:53:46 - [TEST_STEP][PASSED] - out.println("Value of Execute is : " + ExecuteTC): null

2024-05-16 00:53:46 - [TEST_STEP][PASSED] - if (ExecuteTC.equalsIgnoreCase("Y")): null

2024-05-16 00:53:46 - [TEST_STEP][PASSED] - out.println("Begin Record Number: " + row): null

2024-05-16 00:53:46 - [TEST_STEP][PASSED] - today = new java.util.Date(): null

2024-05-16 00:53:46 - [TEST_STEP][PASSED] - println(today): null

2024-05-16 00:53:46 - [TEST_STEP][PASSED] - datText = today: null

2024-05-16 00:53:46 - [TEST_STEP][PASSED] - appID = findTestData(dataFile).getValue("AppID", row): null

2024-05-16 00:53:46 - [TEST_STEP][PASSED] - username = findTestData(dataFile).getValue("Username", row): null

2024-05-16 00:53:46 - [TEST_STEP][PASSED] - password = findTestData(dataFile).getValue("Password", row): null

2024-05-16 00:53:47 - [TEST_STEP][PASSED] - errorMsg = findTestData(dataFile).getValue("ErrorMsg", row): null

2024-05-16 00:53:47 - [TEST_STEP][PASSED] - tranType = findTestData(dataFile).getValue("TranType", row): null

2024-05-16 00:53:47 - [TEST_STEP][PASSED] - mv = findTestData(dataFile).getValue("MV", row): null

2024-05-16 00:53:47 - [TEST_STEP][PASSED] - resFormat = findTestData(dataFile).getValue("ResFormat", row): null

2024-05-16 00:53:47 - [TEST_STEP][PASSED] - fName = findTestData(dataFile).getValue("Fname", row): null

2024-05-16 00:53:47 - [TEST_STEP][PASSED] - lName = findTestData(dataFile).getValue("Lname", row): null

2024-05-16 00:53:47 - [TEST_STEP][PASSED] - al1 = findTestData(dataFile).getValue("AL1", row): null

2024-05-16 00:53:47 - [TEST_STEP][PASSED] - city = findTestData(dataFile).getValue("City", row): null

2024-05-16 00:53:47 - [TEST_STEP][PASSED] - state = findTestData(dataFile).getValue("State", row): null

2024-05-16 00:53:47 - [TEST_STEP][PASSED] - zip = findTestData(dataFile).getValue("ZIP", row): null

2024-05-16 00:53:47 - [TEST_STEP][PASSED] - checkType = findTestData(dataFile).getValue("CheckType", row): null

2024-05-16 00:53:47 - [TEST_STEP][PASSED] - acNumber = findTestData(dataFile).getValue("AcNumber", row): null

2024-05-16 00:53:47 - [TEST_STEP][PASSED] - company = findTestData(dataFile).getValue("Company", row): null

2024-05-16 00:53:47 - [TEST_STEP][PASSED] - acType = findTestData(dataFile).getValue("AcType", row): null

2024-05-16 00:53:47 - [TEST_STEP][PASSED] - rtn = findTestData(dataFile).getValue("RTN", row): null

2024-05-16 00:53:47 - [TEST_STEP][PASSED] - amount = findTestData(dataFile).getValue("Amount", row): null

2024-05-16 00:53:48 - [TEST_STEP][PASSED] - sec = findTestData(dataFile).getValue("SEC", row): null

2024-05-16 00:53:48 - [TEST_STEP][PASSED] - openBrowser(VLinkURL + "debit.html"): Browser is opened with url: 'https://dev-algorithm.govolution.com/vlinktest/QA2/version_2_0/debit.html'

2024-05-16 00:53:48 - [MESSAGE][WARNING] - A browser is already opened. Closing browser and opening a new one

2024-05-16 00:53:49 - [MESSAGE][INFO] - Starting 'Chrome' driver

2024-05-16 00:53:49 - [MESSAGE][INFO] - User set preference: ['acceptInsecureCerts', 'true']

2024-05-16 00:53:49 - [MESSAGE][INFO] - Action delay is set to 0 milliseconds

2024-05-16 00:53:51 - [MESSAGE][PASSED] - Browser is opened with url: 'https://dev-algorithm.govolution.com/vlinktest/QA2/version_2_0/debit.html'

2024-05-16 00:53:51 - [TEST_STEP][PASSED] - maximizeWindow(): Current window maximized

2024-05-16 00:53:52 - [MESSAGE][PASSED] - Current window maximized

2024-05-16 00:53:52 - [TEST_STEP][PASSED] - setText(findTestObject("Object Repository/RecAndPlayBk/Page-Vlink-Debit/input_Transaction Type"), tranType): Text '200' is set on object 'Object Repository/RecAndPlayBk/Page-Vlink-Debit/input_Transaction Type'

2024-05-16 00:53:52 - [MESSAGE][PASSED] - Text '200' is set on object 'Object Repository/RecAndPlayBk/Page-Vlink-Debit/input_Transaction Type'

2024-05-16 00:53:52 - [TEST_STEP][PASSED] - setText(findTestObject("Object Repository/RecAndPlayBk/Page-Vlink-Debit/input_Message Version"), mv): Text '2.0A' is set on object 'Object Repository/RecAndPlayBk/Page-Vlink-Debit/input_Message Version'

2024-05-16 00:53:53 - [MESSAGE][PASSED] - Text '2.0A' is set on object 'Object Repository/RecAndPlayBk/Page-Vlink-Debit/input_Message Version'

2024-05-16 00:53:53 - [TEST_STEP][PASSED] - genRemID = RandomStringUtils.random(12, true, true): null

2024-05-16 00:53:53 - [TEST_STEP][PASSED] - setText(findTestObject("RecAndPlayBk/Page-Vlink-Debit/input_Remittance Id"), genRemID): Text 'fd4jclWfNzZn' is set on object 'Object Repository/RecAndPlayBk/Page-Vlink-Debit/input_Remittance Id'

2024-05-16 00:53:54 - [MESSAGE][PASSED] - Text 'fd4jclWfNzZn' is set on object 'Object Repository/RecAndPlayBk/Page-Vlink-Debit/input_Remittance Id'

2024-05-16 00:53:54 - [TEST_STEP][PASSED] - setText(findTestObject("RecAndPlayBk/Page-Vlink-Debit/input_Application Id"), appID): Text '234' is set on object 'Object Repository/RecAndPlayBk/Page-Vlink-Debit/input_Application Id'

2024-05-16 00:53:54 - [MESSAGE][PASSED] - Text '234' is set on object 'Object Repository/RecAndPlayBk/Page-Vlink-Debit/input_Application Id'

2024-05-16 00:53:54 - [TEST_STEP][PASSED] - setText(findTestObject("RecAndPlayBk/Page-Vlink-Debit/input_Username"), username): Text 'username' is set on object 'Object Repository/RecAndPlayBk/Page-Vlink-Debit/input_Username'

2024-05-16 00:53:55 - [MESSAGE][PASSED] - Text 'username' is set on object 'Object Repository/RecAndPlayBk/Page-Vlink-Debit/input_Username'

2024-05-16 00:53:55 - [TEST_STEP][PASSED] - setText(findTestObject("RecAndPlayBk/Page-Vlink-Debit/input_Password"), password): Text 'password' is set on object 'Object Repository/RecAndPlayBk/Page-Vlink-Debit/input_Password'

2024-05-16 00:53:56 - [MESSAGE][PASSED] - Text 'password' is set on object 'Object Repository/RecAndPlayBk/Page-Vlink-Debit/input_Password'

2024-05-16 00:53:56 - [TEST_STEP][PASSED] - setText(findTestObject("Object Repository/RecAndPlayBk/Page-Vlink-Debit/input_Response Format"), resFormat): Text 'fixed_width' is set on object 'Object Repository/RecAndPlayBk/Page-Vlink-Debit/input_Response Format'

2024-05-16 00:53:56 - [MESSAGE][PASSED] - Text 'fixed_width' is set on object 'Object Repository/RecAndPlayBk/Page-Vlink-Debit/input_Response Format'

2024-05-16 00:53:56 - [TEST_STEP][PASSED] - setText(findTestObject("RecAndPlayBk/Page-Vlink-Debit/input_Check Type"), checkType): Text 'P' is set on object 'Object Repository/RecAndPlayBk/Page-Vlink-Debit/input_Check Type'

2024-05-16 00:53:57 - [MESSAGE][PASSED] - Text 'P' is set on object 'Object Repository/RecAndPlayBk/Page-Vlink-Debit/input_Check Type'

2024-05-16 00:53:57 - [TEST_STEP][PASSED] - setText(findTestObject("Object Repository/RecAndPlayBk/Page-Vlink-Debit/input_First Name"), fName): Text 'Andy' is set on object 'Object Repository/RecAndPlayBk/Page-Vlink-Debit/input_First Name'

2024-05-16 00:53:58 - [MESSAGE][PASSED] - Text 'Andy' is set on object 'Object Repository/RecAndPlayBk/Page-Vlink-Debit/input_First Name'

2024-05-16 00:53:58 - [TEST_STEP][PASSED] - setText(findTestObject("Object Repository/RecAndPlayBk/Page-Vlink-Debit/input_Last Name"), lName): Text 'Roberts' is set on object 'Object Repository/RecAndPlayBk/Page-Vlink-Debit/input_Last Name'

2024-05-16 00:53:58 - [MESSAGE][PASSED] - Text 'Roberts' is set on object 'Object Repository/RecAndPlayBk/Page-Vlink-Debit/input_Last Name'

2024-05-16 00:53:58 - [TEST_STEP][PASSED] - setText(findTestObject("Object Repository/RecAndPlayBk/Page-Vlink-Debit/input_Address"), al1): Text '145 Main Street' is set on object 'Object Repository/RecAndPlayBk/Page-Vlink-Debit/input_Address'

2024-05-16 00:53:59 - [MESSAGE][PASSED] - Text '145 Main Street' is set on object 'Object Repository/RecAndPlayBk/Page-Vlink-Debit/input_Address'

2024-05-16 00:53:59 - [TEST_STEP][PASSED] - setText(findTestObject("Object Repository/RecAndPlayBk/Page-Vlink-Debit/input_City"), city): Text '' is set on object 'Object Repository/RecAndPlayBk/Page-Vlink-Debit/input_City'

2024-05-16 00:53:59 - [MESSAGE][PASSED] - Text '' is set on object 'Object Repository/RecAndPlayBk/Page-Vlink-Debit/input_City'

2024-05-16 00:53:59 - [TEST_STEP][PASSED] - setText(findTestObject("Object Repository/RecAndPlayBk/Page-Vlink-Debit/input_State"), state): Text 'VA' is set on object 'Object Repository/RecAndPlayBk/Page-Vlink-Debit/input_State'

2024-05-16 00:54:00 - [MESSAGE][PASSED] - Text 'VA' is set on object 'Object Repository/RecAndPlayBk/Page-Vlink-Debit/input_State'

2024-05-16 00:54:00 - [TEST_STEP][PASSED] - setText(findTestObject("Object Repository/RecAndPlayBk/Page-Vlink-Debit/input_Zip"), zip): Text '22201' is set on object 'Object Repository/RecAndPlayBk/Page-Vlink-Debit/input_Zip'

2024-05-16 00:54:01 - [MESSAGE][PASSED] - Text '22201' is set on object 'Object Repository/RecAndPlayBk/Page-Vlink-Debit/input_Zip'

2024-05-16 00:54:01 - [TEST_STEP][PASSED] - setText(findTestObject("RecAndPlayBk/Page-Vlink-Debit/input_Account_check"), acNumber): Text '58963214' is set on object 'Object Repository/RecAndPlayBk/Page-Vlink-Debit/input_Account_check'

2024-05-16 00:54:02 - [MESSAGE][PASSED] - Text '58963214' is set on object 'Object Repository/RecAndPlayBk/Page-Vlink-Debit/input_Account_check'

2024-05-16 00:54:02 - [TEST_STEP][PASSED] - setText(findTestObject("RecAndPlayBk/Page-Vlink-Debit/input_Company_check"), company): Text '' is set on object 'Object Repository/RecAndPlayBk/Page-Vlink-Debit/input_Company_check'

2024-05-16 00:54:02 - [MESSAGE][PASSED] - Text '' is set on object 'Object Repository/RecAndPlayBk/Page-Vlink-Debit/input_Company_check'

2024-05-16 00:54:02 - [TEST_STEP][PASSED] - setText(findTestObject("RecAndPlayBk/Page-Vlink-Debit/input_Account Type"), acType): Text '1' is set on object 'Object Repository/RecAndPlayBk/Page-Vlink-Debit/input_Account Type'

2024-05-16 00:54:03 - [MESSAGE][PASSED] - Text '1' is set on object 'Object Repository/RecAndPlayBk/Page-Vlink-Debit/input_Account Type'

2024-05-16 00:54:03 - [TEST_STEP][PASSED] - setText(findTestObject("RecAndPlayBk/Page-Vlink-Debit/input_Routing Number"), rtn): Text '256072691' is set on object 'Object Repository/RecAndPlayBk/Page-Vlink-Debit/input_Routing Number'

2024-05-16 00:54:04 - [MESSAGE][PASSED] - Text '256072691' is set on object 'Object Repository/RecAndPlayBk/Page-Vlink-Debit/input_Routing Number'

2024-05-16 00:54:04 - [TEST_STEP][PASSED] - setText(findTestObject("RecAndPlayBk/Page-Vlink-Debit/input_Amount"), amount): Text '12.50' is set on object 'Object Repository/RecAndPlayBk/Page-Vlink-Debit/input_Amount'

2024-05-16 00:54:04 - [MESSAGE][PASSED] - Text '12.50' is set on object 'Object Repository/RecAndPlayBk/Page-Vlink-Debit/input_Amount'

2024-05-16 00:54:04 - [TEST_STEP][PASSED] - setText(findTestObject("RecAndPlayBk/Page-Vlink-Debit/input_Check Email"), ""): Text '' is set on object 'Object Repository/RecAndPlayBk/Page-Vlink-Debit/input_Check Email'

2024-05-16 00:54:05 - [MESSAGE][PASSED] - Text '' is set on object 'Object Repository/RecAndPlayBk/Page-Vlink-Debit/input_Check Email'

2024-05-16 00:54:05 - [TEST_STEP][PASSED] - setText(findTestObject("Object Repository/RecAndPlayBk/Page-Vlink-Debit/input_concat(CheckWriter, , s SSN)_check_ssn"), ""): Text '' is set on object 'Object Repository/RecAndPlayBk/Page-Vlink-Debit/input_concat(CheckWriter, , s SSN)_check_ssn'

2024-05-16 00:54:05 - [MESSAGE][PASSED] - Text '' is set on object 'Object Repository/RecAndPlayBk/Page-Vlink-Debit/input_concat(CheckWriter, , s SSN)_check_ssn'

2024-05-16 00:54:05 - [TEST_STEP][PASSED] - setText(findTestObject("Object Repository/RecAndPlayBk/Page-Vlink-Debit/input_concat(CheckWriter, , s License Numbe_020fef"), ""): Text '' is set on object 'Object Repository/RecAndPlayBk/Page-Vlink-Debit/input_concat(CheckWriter, , s License Numbe_020fef'

2024-05-16 00:54:06 - [MESSAGE][PASSED] - Text '' is set on object 'Object Repository/RecAndPlayBk/Page-Vlink-Debit/input_concat(CheckWriter, , s License Numbe_020fef'

2024-05-16 00:54:06 - [TEST_STEP][PASSED] - setText(findTestObject("Object Repository/RecAndPlayBk/Page-Vlink-Debit/input_concat(CheckWriter, , s License State_21e3e7"), ""): Text '' is set on object 'Object Repository/RecAndPlayBk/Page-Vlink-Debit/input_concat(CheckWriter, , s License State_21e3e7'

2024-05-16 00:54:07 - [MESSAGE][PASSED] - Text '' is set on object 'Object Repository/RecAndPlayBk/Page-Vlink-Debit/input_concat(CheckWriter, , s License State_21e3e7'

2024-05-16 00:54:07 - [TEST_STEP][PASSED] - setText(findTestObject("RecAndPlayBk/Page-Vlink-Debit/input_Standard Entry Class"), sec): Text 'WEB' is set on object 'Object Repository/RecAndPlayBk/Page-Vlink-Debit/input_Standard Entry Class'

2024-05-16 00:54:07 - [MESSAGE][PASSED] - Text 'WEB' is set on object 'Object Repository/RecAndPlayBk/Page-Vlink-Debit/input_Standard Entry Class'

2024-05-16 00:54:07 - [TEST_STEP][PASSED] - click(findTestObject("Object Repository/RecAndPlayBk/Page-Vlink-Debit/input")): Object: 'Object Repository/RecAndPlayBk/Page-Vlink-Debit/input' is clicked on

2024-05-16 00:54:08 - [MESSAGE][PASSED] - Object: 'Object Repository/RecAndPlayBk/Page-Vlink-Debit/input' is clicked on

2024-05-16 00:54:08 - [TEST_STEP][PASSED] - if (verifyTextPresent(errorMsg, true)): null

2024-05-16 00:54:08 - [MESSAGE][PASSED] - Text 'check_city' is present on page  using regular expression

2024-05-16 00:54:08 - [TEST_STEP][PASSED] - println("Error Message is present on the Confirmation page"): null

2024-05-16 00:54:08 - [TEST_STEP][PASSED] - out.println("Pass Record Number: " + row): null

2024-05-16 00:54:08 - [TEST_STEP][PASSED] - resText = "Pass": null

2024-05-16 00:54:08 - [TEST_STEP][PASSED] - pages.WriteExcel.demoKey(resText, datText, resColumn, datCloumn, fileLoc, nameSheet, row): pages.WriteExcel.demoKey is PASSED

2024-05-16 00:54:08 - [MESSAGE][PASSED] - pages.WriteExcel.demoKey is PASSED

2024-05-16 00:54:08 - [TEST_STEP][PASSED] - ExecuteTC = findTestData(dataFile).getValue("Execute", row): null

2024-05-16 00:54:08 - [TEST_STEP][PASSED] - out.println("Value of Execute is : " + ExecuteTC): null

2024-05-16 00:54:08 - [TEST_STEP][PASSED] - if (ExecuteTC.equalsIgnoreCase("Y")): null

2024-05-16 00:54:08 - [TEST_STEP][PASSED] - out.println("Begin Record Number: " + row): null

2024-05-16 00:54:08 - [TEST_STEP][PASSED] - today = new java.util.Date(): null

2024-05-16 00:54:08 - [TEST_STEP][PASSED] - println(today): null

2024-05-16 00:54:08 - [TEST_STEP][PASSED] - datText = today: null

2024-05-16 00:54:08 - [TEST_STEP][PASSED] - appID = findTestData(dataFile).getValue("AppID", row): null

2024-05-16 00:54:08 - [TEST_STEP][PASSED] - username = findTestData(dataFile).getValue("Username", row): null

2024-05-16 00:54:09 - [TEST_STEP][PASSED] - password = findTestData(dataFile).getValue("Password", row): null

2024-05-16 00:54:09 - [TEST_STEP][PASSED] - errorMsg = findTestData(dataFile).getValue("ErrorMsg", row): null

2024-05-16 00:54:09 - [TEST_STEP][PASSED] - tranType = findTestData(dataFile).getValue("TranType", row): null

2024-05-16 00:54:09 - [TEST_STEP][PASSED] - mv = findTestData(dataFile).getValue("MV", row): null

2024-05-16 00:54:09 - [TEST_STEP][PASSED] - resFormat = findTestData(dataFile).getValue("ResFormat", row): null

2024-05-16 00:54:09 - [TEST_STEP][PASSED] - fName = findTestData(dataFile).getValue("Fname", row): null

2024-05-16 00:54:09 - [TEST_STEP][PASSED] - lName = findTestData(dataFile).getValue("Lname", row): null

2024-05-16 00:54:09 - [TEST_STEP][PASSED] - al1 = findTestData(dataFile).getValue("AL1", row): null

2024-05-16 00:54:09 - [TEST_STEP][PASSED] - city = findTestData(dataFile).getValue("City", row): null

2024-05-16 00:54:09 - [TEST_STEP][PASSED] - state = findTestData(dataFile).getValue("State", row): null

2024-05-16 00:54:09 - [TEST_STEP][PASSED] - zip = findTestData(dataFile).getValue("ZIP", row): null

2024-05-16 00:54:09 - [TEST_STEP][PASSED] - checkType = findTestData(dataFile).getValue("CheckType", row): null

2024-05-16 00:54:09 - [TEST_STEP][PASSED] - acNumber = findTestData(dataFile).getValue("AcNumber", row): null

2024-05-16 00:54:09 - [TEST_STEP][PASSED] - company = findTestData(dataFile).getValue("Company", row): null

2024-05-16 00:54:09 - [TEST_STEP][PASSED] - acType = findTestData(dataFile).getValue("AcType", row): null

2024-05-16 00:54:10 - [TEST_STEP][PASSED] - rtn = findTestData(dataFile).getValue("RTN", row): null

2024-05-16 00:54:10 - [TEST_STEP][PASSED] - amount = findTestData(dataFile).getValue("Amount", row): null

2024-05-16 00:54:10 - [TEST_STEP][PASSED] - sec = findTestData(dataFile).getValue("SEC", row): null

2024-05-16 00:54:10 - [TEST_STEP][PASSED] - openBrowser(VLinkURL + "debit.html"): Browser is opened with url: 'https://dev-algorithm.govolution.com/vlinktest/QA2/version_2_0/debit.html'

2024-05-16 00:54:10 - [MESSAGE][WARNING] - A browser is already opened. Closing browser and opening a new one

2024-05-16 00:54:11 - [MESSAGE][INFO] - Starting 'Chrome' driver

2024-05-16 00:54:11 - [MESSAGE][INFO] - User set preference: ['acceptInsecureCerts', 'true']

2024-05-16 00:54:11 - [MESSAGE][INFO] - Action delay is set to 0 milliseconds

2024-05-16 00:54:13 - [MESSAGE][PASSED] - Browser is opened with url: 'https://dev-algorithm.govolution.com/vlinktest/QA2/version_2_0/debit.html'

2024-05-16 00:54:13 - [TEST_STEP][PASSED] - maximizeWindow(): Current window maximized

2024-05-16 00:54:14 - [MESSAGE][PASSED] - Current window maximized

2024-05-16 00:54:14 - [TEST_STEP][PASSED] - setText(findTestObject("Object Repository/RecAndPlayBk/Page-Vlink-Debit/input_Transaction Type"), tranType): Text '200' is set on object 'Object Repository/RecAndPlayBk/Page-Vlink-Debit/input_Transaction Type'

2024-05-16 00:54:15 - [MESSAGE][PASSED] - Text '200' is set on object 'Object Repository/RecAndPlayBk/Page-Vlink-Debit/input_Transaction Type'

2024-05-16 00:54:15 - [TEST_STEP][PASSED] - setText(findTestObject("Object Repository/RecAndPlayBk/Page-Vlink-Debit/input_Message Version"), mv): Text '2.0A' is set on object 'Object Repository/RecAndPlayBk/Page-Vlink-Debit/input_Message Version'

2024-05-16 00:54:15 - [MESSAGE][PASSED] - Text '2.0A' is set on object 'Object Repository/RecAndPlayBk/Page-Vlink-Debit/input_Message Version'

2024-05-16 00:54:15 - [TEST_STEP][PASSED] - genRemID = RandomStringUtils.random(12, true, true): null

2024-05-16 00:54:15 - [TEST_STEP][PASSED] - setText(findTestObject("RecAndPlayBk/Page-Vlink-Debit/input_Remittance Id"), genRemID): Text 'zoYG9beUEshk' is set on object 'Object Repository/RecAndPlayBk/Page-Vlink-Debit/input_Remittance Id'

2024-05-16 00:54:16 - [MESSAGE][PASSED] - Text 'zoYG9beUEshk' is set on object 'Object Repository/RecAndPlayBk/Page-Vlink-Debit/input_Remittance Id'

2024-05-16 00:54:16 - [TEST_STEP][PASSED] - setText(findTestObject("RecAndPlayBk/Page-Vlink-Debit/input_Application Id"), appID): Text '234' is set on object 'Object Repository/RecAndPlayBk/Page-Vlink-Debit/input_Application Id'

2024-05-16 00:54:17 - [MESSAGE][PASSED] - Text '234' is set on object 'Object Repository/RecAndPlayBk/Page-Vlink-Debit/input_Application Id'

2024-05-16 00:54:17 - [TEST_STEP][PASSED] - setText(findTestObject("RecAndPlayBk/Page-Vlink-Debit/input_Username"), username): Text 'username' is set on object 'Object Repository/RecAndPlayBk/Page-Vlink-Debit/input_Username'

2024-05-16 00:54:17 - [MESSAGE][PASSED] - Text 'username' is set on object 'Object Repository/RecAndPlayBk/Page-Vlink-Debit/input_Username'

2024-05-16 00:54:17 - [TEST_STEP][PASSED] - setText(findTestObject("RecAndPlayBk/Page-Vlink-Debit/input_Password"), password): Text 'password' is set on object 'Object Repository/RecAndPlayBk/Page-Vlink-Debit/input_Password'

2024-05-16 00:54:18 - [MESSAGE][PASSED] - Text 'password' is set on object 'Object Repository/RecAndPlayBk/Page-Vlink-Debit/input_Password'

2024-05-16 00:54:18 - [TEST_STEP][PASSED] - setText(findTestObject("Object Repository/RecAndPlayBk/Page-Vlink-Debit/input_Response Format"), resFormat): Text 'fixed_width' is set on object 'Object Repository/RecAndPlayBk/Page-Vlink-Debit/input_Response Format'

2024-05-16 00:54:18 - [MESSAGE][PASSED] - Text 'fixed_width' is set on object 'Object Repository/RecAndPlayBk/Page-Vlink-Debit/input_Response Format'

2024-05-16 00:54:18 - [TEST_STEP][PASSED] - setText(findTestObject("RecAndPlayBk/Page-Vlink-Debit/input_Check Type"), checkType): Text 'P' is set on object 'Object Repository/RecAndPlayBk/Page-Vlink-Debit/input_Check Type'

2024-05-16 00:54:19 - [MESSAGE][PASSED] - Text 'P' is set on object 'Object Repository/RecAndPlayBk/Page-Vlink-Debit/input_Check Type'

2024-05-16 00:54:19 - [TEST_STEP][PASSED] - setText(findTestObject("Object Repository/RecAndPlayBk/Page-Vlink-Debit/input_First Name"), fName): Text 'Andy' is set on object 'Object Repository/RecAndPlayBk/Page-Vlink-Debit/input_First Name'

2024-05-16 00:54:20 - [MESSAGE][PASSED] - Text 'Andy' is set on object 'Object Repository/RecAndPlayBk/Page-Vlink-Debit/input_First Name'

2024-05-16 00:54:20 - [TEST_STEP][PASSED] - setText(findTestObject("Object Repository/RecAndPlayBk/Page-Vlink-Debit/input_Last Name"), lName): Text 'Roberts' is set on object 'Object Repository/RecAndPlayBk/Page-Vlink-Debit/input_Last Name'

2024-05-16 00:54:20 - [MESSAGE][PASSED] - Text 'Roberts' is set on object 'Object Repository/RecAndPlayBk/Page-Vlink-Debit/input_Last Name'

2024-05-16 00:54:20 - [TEST_STEP][PASSED] - setText(findTestObject("Object Repository/RecAndPlayBk/Page-Vlink-Debit/input_Address"), al1): Text '145 Main Street' is set on object 'Object Repository/RecAndPlayBk/Page-Vlink-Debit/input_Address'

2024-05-16 00:54:21 - [MESSAGE][PASSED] - Text '145 Main Street' is set on object 'Object Repository/RecAndPlayBk/Page-Vlink-Debit/input_Address'

2024-05-16 00:54:21 - [TEST_STEP][PASSED] - setText(findTestObject("Object Repository/RecAndPlayBk/Page-Vlink-Debit/input_City"), city): Text 'Arlington' is set on object 'Object Repository/RecAndPlayBk/Page-Vlink-Debit/input_City'

2024-05-16 00:54:22 - [MESSAGE][PASSED] - Text 'Arlington' is set on object 'Object Repository/RecAndPlayBk/Page-Vlink-Debit/input_City'

2024-05-16 00:54:22 - [TEST_STEP][PASSED] - setText(findTestObject("Object Repository/RecAndPlayBk/Page-Vlink-Debit/input_State"), state): Text '' is set on object 'Object Repository/RecAndPlayBk/Page-Vlink-Debit/input_State'

2024-05-16 00:54:22 - [MESSAGE][PASSED] - Text '' is set on object 'Object Repository/RecAndPlayBk/Page-Vlink-Debit/input_State'

2024-05-16 00:54:22 - [TEST_STEP][PASSED] - setText(findTestObject("Object Repository/RecAndPlayBk/Page-Vlink-Debit/input_Zip"), zip): Text '22201' is set on object 'Object Repository/RecAndPlayBk/Page-Vlink-Debit/input_Zip'

2024-05-16 00:54:23 - [MESSAGE][PASSED] - Text '22201' is set on object 'Object Repository/RecAndPlayBk/Page-Vlink-Debit/input_Zip'

2024-05-16 00:54:23 - [TEST_STEP][PASSED] - setText(findTestObject("RecAndPlayBk/Page-Vlink-Debit/input_Account_check"), acNumber): Text '58963214' is set on object 'Object Repository/RecAndPlayBk/Page-Vlink-Debit/input_Account_check'

2024-05-16 00:54:24 - [MESSAGE][PASSED] - Text '58963214' is set on object 'Object Repository/RecAndPlayBk/Page-Vlink-Debit/input_Account_check'

2024-05-16 00:54:24 - [TEST_STEP][PASSED] - setText(findTestObject("RecAndPlayBk/Page-Vlink-Debit/input_Company_check"), company): Text '' is set on object 'Object Repository/RecAndPlayBk/Page-Vlink-Debit/input_Company_check'

2024-05-16 00:54:25 - [MESSAGE][PASSED] - Text '' is set on object 'Object Repository/RecAndPlayBk/Page-Vlink-Debit/input_Company_check'

2024-05-16 00:54:25 - [TEST_STEP][PASSED] - setText(findTestObject("RecAndPlayBk/Page-Vlink-Debit/input_Account Type"), acType): Text '1' is set on object 'Object Repository/RecAndPlayBk/Page-Vlink-Debit/input_Account Type'

2024-05-16 00:54:25 - [MESSAGE][PASSED] - Text '1' is set on object 'Object Repository/RecAndPlayBk/Page-Vlink-Debit/input_Account Type'

2024-05-16 00:54:25 - [TEST_STEP][PASSED] - setText(findTestObject("RecAndPlayBk/Page-Vlink-Debit/input_Routing Number"), rtn): Text '256072691' is set on object 'Object Repository/RecAndPlayBk/Page-Vlink-Debit/input_Routing Number'

2024-05-16 00:54:26 - [MESSAGE][PASSED] - Text '256072691' is set on object 'Object Repository/RecAndPlayBk/Page-Vlink-Debit/input_Routing Number'

2024-05-16 00:54:26 - [TEST_STEP][PASSED] - setText(findTestObject("RecAndPlayBk/Page-Vlink-Debit/input_Amount"), amount): Text '12.50' is set on object 'Object Repository/RecAndPlayBk/Page-Vlink-Debit/input_Amount'

2024-05-16 00:54:27 - [MESSAGE][PASSED] - Text '12.50' is set on object 'Object Repository/RecAndPlayBk/Page-Vlink-Debit/input_Amount'

2024-05-16 00:54:27 - [TEST_STEP][PASSED] - setText(findTestObject("RecAndPlayBk/Page-Vlink-Debit/input_Check Email"), ""): Text '' is set on object 'Object Repository/RecAndPlayBk/Page-Vlink-Debit/input_Check Email'

2024-05-16 00:54:27 - [MESSAGE][PASSED] - Text '' is set on object 'Object Repository/RecAndPlayBk/Page-Vlink-Debit/input_Check Email'

2024-05-16 00:54:27 - [TEST_STEP][PASSED] - setText(findTestObject("Object Repository/RecAndPlayBk/Page-Vlink-Debit/input_concat(CheckWriter, , s SSN)_check_ssn"), ""): Text '' is set on object 'Object Repository/RecAndPlayBk/Page-Vlink-Debit/input_concat(CheckWriter, , s SSN)_check_ssn'

2024-05-16 00:54:28 - [MESSAGE][PASSED] - Text '' is set on object 'Object Repository/RecAndPlayBk/Page-Vlink-Debit/input_concat(CheckWriter, , s SSN)_check_ssn'

2024-05-16 00:54:28 - [TEST_STEP][PASSED] - setText(findTestObject("Object Repository/RecAndPlayBk/Page-Vlink-Debit/input_concat(CheckWriter, , s License Numbe_020fef"), ""): Text '' is set on object 'Object Repository/RecAndPlayBk/Page-Vlink-Debit/input_concat(CheckWriter, , s License Numbe_020fef'

2024-05-16 00:54:28 - [MESSAGE][PASSED] - Text '' is set on object 'Object Repository/RecAndPlayBk/Page-Vlink-Debit/input_concat(CheckWriter, , s License Numbe_020fef'

2024-05-16 00:54:28 - [TEST_STEP][PASSED] - setText(findTestObject("Object Repository/RecAndPlayBk/Page-Vlink-Debit/input_concat(CheckWriter, , s License State_21e3e7"), ""): Text '' is set on object 'Object Repository/RecAndPlayBk/Page-Vlink-Debit/input_concat(CheckWriter, , s License State_21e3e7'

2024-05-16 00:54:29 - [MESSAGE][PASSED] - Text '' is set on object 'Object Repository/RecAndPlayBk/Page-Vlink-Debit/input_concat(CheckWriter, , s License State_21e3e7'

2024-05-16 00:54:29 - [TEST_STEP][PASSED] - setText(findTestObject("RecAndPlayBk/Page-Vlink-Debit/input_Standard Entry Class"), sec): Text 'WEB' is set on object 'Object Repository/RecAndPlayBk/Page-Vlink-Debit/input_Standard Entry Class'

2024-05-16 00:54:30 - [MESSAGE][PASSED] - Text 'WEB' is set on object 'Object Repository/RecAndPlayBk/Page-Vlink-Debit/input_Standard Entry Class'

2024-05-16 00:54:30 - [TEST_STEP][PASSED] - click(findTestObject("Object Repository/RecAndPlayBk/Page-Vlink-Debit/input")): Object: 'Object Repository/RecAndPlayBk/Page-Vlink-Debit/input' is clicked on

2024-05-16 00:54:30 - [MESSAGE][PASSED] - Object: 'Object Repository/RecAndPlayBk/Page-Vlink-Debit/input' is clicked on

2024-05-16 00:54:30 - [TEST_STEP][PASSED] - if (verifyTextPresent(errorMsg, true)): null

2024-05-16 00:54:31 - [MESSAGE][PASSED] - Text 'check_state' is present on page  using regular expression

2024-05-16 00:54:31 - [TEST_STEP][PASSED] - println("Error Message is present on the Confirmation page"): null

2024-05-16 00:54:31 - [TEST_STEP][PASSED] - out.println("Pass Record Number: " + row): null

2024-05-16 00:54:31 - [TEST_STEP][PASSED] - resText = "Pass": null

2024-05-16 00:54:31 - [TEST_STEP][PASSED] - pages.WriteExcel.demoKey(resText, datText, resColumn, datCloumn, fileLoc, nameSheet, row): pages.WriteExcel.demoKey is PASSED

2024-05-16 00:54:31 - [MESSAGE][PASSED] - pages.WriteExcel.demoKey is PASSED

2024-05-16 00:54:31 - [TEST_STEP][PASSED] - ExecuteTC = findTestData(dataFile).getValue("Execute", row): null

2024-05-16 00:54:31 - [TEST_STEP][PASSED] - out.println("Value of Execute is : " + ExecuteTC): null

2024-05-16 00:54:31 - [TEST_STEP][PASSED] - if (ExecuteTC.equalsIgnoreCase("Y")): null

2024-05-16 00:54:31 - [TEST_STEP][PASSED] - out.println("Begin Record Number: " + row): null

2024-05-16 00:54:31 - [TEST_STEP][PASSED] - today = new java.util.Date(): null

2024-05-16 00:54:31 - [TEST_STEP][PASSED] - println(today): null

2024-05-16 00:54:31 - [TEST_STEP][PASSED] - datText = today: null

2024-05-16 00:54:31 - [TEST_STEP][PASSED] - appID = findTestData(dataFile).getValue("AppID", row): null

2024-05-16 00:54:31 - [TEST_STEP][PASSED] - username = findTestData(dataFile).getValue("Username", row): null

2024-05-16 00:54:31 - [TEST_STEP][PASSED] - password = findTestData(dataFile).getValue("Password", row): null

2024-05-16 00:54:31 - [TEST_STEP][PASSED] - errorMsg = findTestData(dataFile).getValue("ErrorMsg", row): null

2024-05-16 00:54:31 - [TEST_STEP][PASSED] - tranType = findTestData(dataFile).getValue("TranType", row): null

2024-05-16 00:54:31 - [TEST_STEP][PASSED] - mv = findTestData(dataFile).getValue("MV", row): null

2024-05-16 00:54:31 - [TEST_STEP][PASSED] - resFormat = findTestData(dataFile).getValue("ResFormat", row): null

2024-05-16 00:54:31 - [TEST_STEP][PASSED] - fName = findTestData(dataFile).getValue("Fname", row): null

2024-05-16 00:54:31 - [TEST_STEP][PASSED] - lName = findTestData(dataFile).getValue("Lname", row): null

2024-05-16 00:54:31 - [TEST_STEP][PASSED] - al1 = findTestData(dataFile).getValue("AL1", row): null

2024-05-16 00:54:31 - [TEST_STEP][PASSED] - city = findTestData(dataFile).getValue("City", row): null

2024-05-16 00:54:31 - [TEST_STEP][PASSED] - state = findTestData(dataFile).getValue("State", row): null

2024-05-16 00:54:32 - [TEST_STEP][PASSED] - zip = findTestData(dataFile).getValue("ZIP", row): null

2024-05-16 00:54:32 - [TEST_STEP][PASSED] - checkType = findTestData(dataFile).getValue("CheckType", row): null

2024-05-16 00:54:32 - [TEST_STEP][PASSED] - acNumber = findTestData(dataFile).getValue("AcNumber", row): null

2024-05-16 00:54:32 - [TEST_STEP][PASSED] - company = findTestData(dataFile).getValue("Company", row): null

2024-05-16 00:54:32 - [TEST_STEP][PASSED] - acType = findTestData(dataFile).getValue("AcType", row): null

2024-05-16 00:54:32 - [TEST_STEP][PASSED] - rtn = findTestData(dataFile).getValue("RTN", row): null

2024-05-16 00:54:32 - [TEST_STEP][PASSED] - amount = findTestData(dataFile).getValue("Amount", row): null

2024-05-16 00:54:32 - [TEST_STEP][PASSED] - sec = findTestData(dataFile).getValue("SEC", row): null

2024-05-16 00:54:32 - [TEST_STEP][PASSED] - openBrowser(VLinkURL + "debit.html"): Browser is opened with url: 'https://dev-algorithm.govolution.com/vlinktest/QA2/version_2_0/debit.html'

2024-05-16 00:54:32 - [MESSAGE][WARNING] - A browser is already opened. Closing browser and opening a new one

2024-05-16 00:54:33 - [MESSAGE][INFO] - Starting 'Chrome' driver

2024-05-16 00:54:33 - [MESSAGE][INFO] - User set preference: ['acceptInsecureCerts', 'true']

2024-05-16 00:54:33 - [MESSAGE][INFO] - Action delay is set to 0 milliseconds

2024-05-16 00:54:35 - [MESSAGE][PASSED] - Browser is opened with url: 'https://dev-algorithm.govolution.com/vlinktest/QA2/version_2_0/debit.html'

2024-05-16 00:54:35 - [TEST_STEP][PASSED] - maximizeWindow(): Current window maximized

2024-05-16 00:54:36 - [MESSAGE][PASSED] - Current window maximized

2024-05-16 00:54:36 - [TEST_STEP][PASSED] - setText(findTestObject("Object Repository/RecAndPlayBk/Page-Vlink-Debit/input_Transaction Type"), tranType): Text '200' is set on object 'Object Repository/RecAndPlayBk/Page-Vlink-Debit/input_Transaction Type'

2024-05-16 00:54:36 - [MESSAGE][PASSED] - Text '200' is set on object 'Object Repository/RecAndPlayBk/Page-Vlink-Debit/input_Transaction Type'

2024-05-16 00:54:36 - [TEST_STEP][PASSED] - setText(findTestObject("Object Repository/RecAndPlayBk/Page-Vlink-Debit/input_Message Version"), mv): Text '2.0A' is set on object 'Object Repository/RecAndPlayBk/Page-Vlink-Debit/input_Message Version'

2024-05-16 00:54:37 - [MESSAGE][PASSED] - Text '2.0A' is set on object 'Object Repository/RecAndPlayBk/Page-Vlink-Debit/input_Message Version'

2024-05-16 00:54:37 - [TEST_STEP][PASSED] - genRemID = RandomStringUtils.random(12, true, true): null

2024-05-16 00:54:37 - [TEST_STEP][PASSED] - setText(findTestObject("RecAndPlayBk/Page-Vlink-Debit/input_Remittance Id"), genRemID): Text 'iJGHhabVm1QC' is set on object 'Object Repository/RecAndPlayBk/Page-Vlink-Debit/input_Remittance Id'

2024-05-16 00:54:38 - [MESSAGE][PASSED] - Text 'iJGHhabVm1QC' is set on object 'Object Repository/RecAndPlayBk/Page-Vlink-Debit/input_Remittance Id'

2024-05-16 00:54:38 - [TEST_STEP][PASSED] - setText(findTestObject("RecAndPlayBk/Page-Vlink-Debit/input_Application Id"), appID): Text '234' is set on object 'Object Repository/RecAndPlayBk/Page-Vlink-Debit/input_Application Id'

2024-05-16 00:54:39 - [MESSAGE][PASSED] - Text '234' is set on object 'Object Repository/RecAndPlayBk/Page-Vlink-Debit/input_Application Id'

2024-05-16 00:54:39 - [TEST_STEP][PASSED] - setText(findTestObject("RecAndPlayBk/Page-Vlink-Debit/input_Username"), username): Text 'username' is set on object 'Object Repository/RecAndPlayBk/Page-Vlink-Debit/input_Username'

2024-05-16 00:54:39 - [MESSAGE][PASSED] - Text 'username' is set on object 'Object Repository/RecAndPlayBk/Page-Vlink-Debit/input_Username'

2024-05-16 00:54:39 - [TEST_STEP][PASSED] - setText(findTestObject("RecAndPlayBk/Page-Vlink-Debit/input_Password"), password): Text 'password' is set on object 'Object Repository/RecAndPlayBk/Page-Vlink-Debit/input_Password'

2024-05-16 00:54:40 - [MESSAGE][PASSED] - Text 'password' is set on object 'Object Repository/RecAndPlayBk/Page-Vlink-Debit/input_Password'

2024-05-16 00:54:40 - [TEST_STEP][PASSED] - setText(findTestObject("Object Repository/RecAndPlayBk/Page-Vlink-Debit/input_Response Format"), resFormat): Text 'fixed_width' is set on object 'Object Repository/RecAndPlayBk/Page-Vlink-Debit/input_Response Format'

2024-05-16 00:54:40 - [MESSAGE][PASSED] - Text 'fixed_width' is set on object 'Object Repository/RecAndPlayBk/Page-Vlink-Debit/input_Response Format'

2024-05-16 00:54:40 - [TEST_STEP][PASSED] - setText(findTestObject("RecAndPlayBk/Page-Vlink-Debit/input_Check Type"), checkType): Text 'P' is set on object 'Object Repository/RecAndPlayBk/Page-Vlink-Debit/input_Check Type'

2024-05-16 00:54:41 - [MESSAGE][PASSED] - Text 'P' is set on object 'Object Repository/RecAndPlayBk/Page-Vlink-Debit/input_Check Type'

2024-05-16 00:54:41 - [TEST_STEP][PASSED] - setText(findTestObject("Object Repository/RecAndPlayBk/Page-Vlink-Debit/input_First Name"), fName): Text 'Andy' is set on object 'Object Repository/RecAndPlayBk/Page-Vlink-Debit/input_First Name'

2024-05-16 00:54:42 - [MESSAGE][PASSED] - Text 'Andy' is set on object 'Object Repository/RecAndPlayBk/Page-Vlink-Debit/input_First Name'

2024-05-16 00:54:42 - [TEST_STEP][PASSED] - setText(findTestObject("Object Repository/RecAndPlayBk/Page-Vlink-Debit/input_Last Name"), lName): Text 'Roberts' is set on object 'Object Repository/RecAndPlayBk/Page-Vlink-Debit/input_Last Name'

2024-05-16 00:54:42 - [MESSAGE][PASSED] - Text 'Roberts' is set on object 'Object Repository/RecAndPlayBk/Page-Vlink-Debit/input_Last Name'

2024-05-16 00:54:42 - [TEST_STEP][PASSED] - setText(findTestObject("Object Repository/RecAndPlayBk/Page-Vlink-Debit/input_Address"), al1): Text '145 Main Street' is set on object 'Object Repository/RecAndPlayBk/Page-Vlink-Debit/input_Address'

2024-05-16 00:54:43 - [MESSAGE][PASSED] - Text '145 Main Street' is set on object 'Object Repository/RecAndPlayBk/Page-Vlink-Debit/input_Address'

2024-05-16 00:54:43 - [TEST_STEP][PASSED] - setText(findTestObject("Object Repository/RecAndPlayBk/Page-Vlink-Debit/input_City"), city): Text 'Arlington' is set on object 'Object Repository/RecAndPlayBk/Page-Vlink-Debit/input_City'

2024-05-16 00:54:44 - [MESSAGE][PASSED] - Text 'Arlington' is set on object 'Object Repository/RecAndPlayBk/Page-Vlink-Debit/input_City'

2024-05-16 00:54:44 - [TEST_STEP][PASSED] - setText(findTestObject("Object Repository/RecAndPlayBk/Page-Vlink-Debit/input_State"), state): Text 'VA' is set on object 'Object Repository/RecAndPlayBk/Page-Vlink-Debit/input_State'

2024-05-16 00:54:44 - [MESSAGE][PASSED] - Text 'VA' is set on object 'Object Repository/RecAndPlayBk/Page-Vlink-Debit/input_State'

2024-05-16 00:54:44 - [TEST_STEP][PASSED] - setText(findTestObject("Object Repository/RecAndPlayBk/Page-Vlink-Debit/input_Zip"), zip): Text '' is set on object 'Object Repository/RecAndPlayBk/Page-Vlink-Debit/input_Zip'

2024-05-16 00:54:45 - [MESSAGE][PASSED] - Text '' is set on object 'Object Repository/RecAndPlayBk/Page-Vlink-Debit/input_Zip'

2024-05-16 00:54:45 - [TEST_STEP][PASSED] - setText(findTestObject("RecAndPlayBk/Page-Vlink-Debit/input_Account_check"), acNumber): Text '58963214' is set on object 'Object Repository/RecAndPlayBk/Page-Vlink-Debit/input_Account_check'

2024-05-16 00:54:46 - [MESSAGE][PASSED] - Text '58963214' is set on object 'Object Repository/RecAndPlayBk/Page-Vlink-Debit/input_Account_check'

2024-05-16 00:54:46 - [TEST_STEP][PASSED] - setText(findTestObject("RecAndPlayBk/Page-Vlink-Debit/input_Company_check"), company): Text '' is set on object 'Object Repository/RecAndPlayBk/Page-Vlink-Debit/input_Company_check'

2024-05-16 00:54:46 - [MESSAGE][PASSED] - Text '' is set on object 'Object Repository/RecAndPlayBk/Page-Vlink-Debit/input_Company_check'

2024-05-16 00:54:46 - [TEST_STEP][PASSED] - setText(findTestObject("RecAndPlayBk/Page-Vlink-Debit/input_Account Type"), acType): Text '1' is set on object 'Object Repository/RecAndPlayBk/Page-Vlink-Debit/input_Account Type'

2024-05-16 00:54:47 - [MESSAGE][PASSED] - Text '1' is set on object 'Object Repository/RecAndPlayBk/Page-Vlink-Debit/input_Account Type'

2024-05-16 00:54:47 - [TEST_STEP][PASSED] - setText(findTestObject("RecAndPlayBk/Page-Vlink-Debit/input_Routing Number"), rtn): Text '256072691' is set on object 'Object Repository/RecAndPlayBk/Page-Vlink-Debit/input_Routing Number'

2024-05-16 00:54:48 - [MESSAGE][PASSED] - Text '256072691' is set on object 'Object Repository/RecAndPlayBk/Page-Vlink-Debit/input_Routing Number'

2024-05-16 00:54:48 - [TEST_STEP][PASSED] - setText(findTestObject("RecAndPlayBk/Page-Vlink-Debit/input_Amount"), amount): Text '12.50' is set on object 'Object Repository/RecAndPlayBk/Page-Vlink-Debit/input_Amount'

2024-05-16 00:54:48 - [MESSAGE][PASSED] - Text '12.50' is set on object 'Object Repository/RecAndPlayBk/Page-Vlink-Debit/input_Amount'

2024-05-16 00:54:48 - [TEST_STEP][PASSED] - setText(findTestObject("RecAndPlayBk/Page-Vlink-Debit/input_Check Email"), ""): Text '' is set on object 'Object Repository/RecAndPlayBk/Page-Vlink-Debit/input_Check Email'

2024-05-16 00:54:49 - [MESSAGE][PASSED] - Text '' is set on object 'Object Repository/RecAndPlayBk/Page-Vlink-Debit/input_Check Email'

2024-05-16 00:54:49 - [TEST_STEP][PASSED] - setText(findTestObject("Object Repository/RecAndPlayBk/Page-Vlink-Debit/input_concat(CheckWriter, , s SSN)_check_ssn"), ""): Text '' is set on object 'Object Repository/RecAndPlayBk/Page-Vlink-Debit/input_concat(CheckWriter, , s SSN)_check_ssn'

2024-05-16 00:54:50 - [MESSAGE][PASSED] - Text '' is set on object 'Object Repository/RecAndPlayBk/Page-Vlink-Debit/input_concat(CheckWriter, , s SSN)_check_ssn'

2024-05-16 00:54:50 - [TEST_STEP][PASSED] - setText(findTestObject("Object Repository/RecAndPlayBk/Page-Vlink-Debit/input_concat(CheckWriter, , s License Numbe_020fef"), ""): Text '' is set on object 'Object Repository/RecAndPlayBk/Page-Vlink-Debit/input_concat(CheckWriter, , s License Numbe_020fef'

2024-05-16 00:54:50 - [MESSAGE][PASSED] - Text '' is set on object 'Object Repository/RecAndPlayBk/Page-Vlink-Debit/input_concat(CheckWriter, , s License Numbe_020fef'

2024-05-16 00:54:50 - [TEST_STEP][PASSED] - setText(findTestObject("Object Repository/RecAndPlayBk/Page-Vlink-Debit/input_concat(CheckWriter, , s License State_21e3e7"), ""): Text '' is set on object 'Object Repository/RecAndPlayBk/Page-Vlink-Debit/input_concat(CheckWriter, , s License State_21e3e7'

2024-05-16 00:54:51 - [MESSAGE][PASSED] - Text '' is set on object 'Object Repository/RecAndPlayBk/Page-Vlink-Debit/input_concat(CheckWriter, , s License State_21e3e7'

2024-05-16 00:54:51 - [TEST_STEP][PASSED] - setText(findTestObject("RecAndPlayBk/Page-Vlink-Debit/input_Standard Entry Class"), sec): Text 'WEB' is set on object 'Object Repository/RecAndPlayBk/Page-Vlink-Debit/input_Standard Entry Class'

2024-05-16 00:54:51 - [MESSAGE][PASSED] - Text 'WEB' is set on object 'Object Repository/RecAndPlayBk/Page-Vlink-Debit/input_Standard Entry Class'

2024-05-16 00:54:51 - [TEST_STEP][PASSED] - click(findTestObject("Object Repository/RecAndPlayBk/Page-Vlink-Debit/input")): Object: 'Object Repository/RecAndPlayBk/Page-Vlink-Debit/input' is clicked on

2024-05-16 00:54:52 - [MESSAGE][PASSED] - Object: 'Object Repository/RecAndPlayBk/Page-Vlink-Debit/input' is clicked on

2024-05-16 00:54:52 - [TEST_STEP][PASSED] - if (verifyTextPresent(errorMsg, true)): null

2024-05-16 00:54:52 - [MESSAGE][PASSED] - Text 'check_zip' is present on page  using regular expression

2024-05-16 00:54:52 - [TEST_STEP][PASSED] - println("Error Message is present on the Confirmation page"): null

2024-05-16 00:54:52 - [TEST_STEP][PASSED] - out.println("Pass Record Number: " + row): null

2024-05-16 00:54:52 - [TEST_STEP][PASSED] - resText = "Pass": null

2024-05-16 00:54:52 - [TEST_STEP][PASSED] - pages.WriteExcel.demoKey(resText, datText, resColumn, datCloumn, fileLoc, nameSheet, row): pages.WriteExcel.demoKey is PASSED

2024-05-16 00:54:53 - [MESSAGE][PASSED] - pages.WriteExcel.demoKey is PASSED

2024-05-16 00:54:53 - [TEST_STEP][PASSED] - ExecuteTC = findTestData(dataFile).getValue("Execute", row): null

2024-05-16 00:54:53 - [TEST_STEP][PASSED] - out.println("Value of Execute is : " + ExecuteTC): null

2024-05-16 00:54:53 - [TEST_STEP][PASSED] - if (ExecuteTC.equalsIgnoreCase("Y")): null

2024-05-16 00:54:53 - [TEST_STEP][PASSED] - out.println("Begin Record Number: " + row): null

2024-05-16 00:54:53 - [TEST_STEP][PASSED] - today = new java.util.Date(): null

2024-05-16 00:54:53 - [TEST_STEP][PASSED] - println(today): null

2024-05-16 00:54:53 - [TEST_STEP][PASSED] - datText = today: null

2024-05-16 00:54:53 - [TEST_STEP][PASSED] - appID = findTestData(dataFile).getValue("AppID", row): null

2024-05-16 00:54:53 - [TEST_STEP][PASSED] - username = findTestData(dataFile).getValue("Username", row): null

2024-05-16 00:54:53 - [TEST_STEP][PASSED] - password = findTestData(dataFile).getValue("Password", row): null

2024-05-16 00:54:53 - [TEST_STEP][PASSED] - errorMsg = findTestData(dataFile).getValue("ErrorMsg", row): null

2024-05-16 00:54:53 - [TEST_STEP][PASSED] - tranType = findTestData(dataFile).getValue("TranType", row): null

2024-05-16 00:54:53 - [TEST_STEP][PASSED] - mv = findTestData(dataFile).getValue("MV", row): null

2024-05-16 00:54:53 - [TEST_STEP][PASSED] - resFormat = findTestData(dataFile).getValue("ResFormat", row): null

2024-05-16 00:54:53 - [TEST_STEP][PASSED] - fName = findTestData(dataFile).getValue("Fname", row): null

2024-05-16 00:54:53 - [TEST_STEP][PASSED] - lName = findTestData(dataFile).getValue("Lname", row): null

2024-05-16 00:54:53 - [TEST_STEP][PASSED] - al1 = findTestData(dataFile).getValue("AL1", row): null

2024-05-16 00:54:53 - [TEST_STEP][PASSED] - city = findTestData(dataFile).getValue("City", row): null

2024-05-16 00:54:53 - [TEST_STEP][PASSED] - state = findTestData(dataFile).getValue("State", row): null

2024-05-16 00:54:53 - [TEST_STEP][PASSED] - zip = findTestData(dataFile).getValue("ZIP", row): null

2024-05-16 00:54:53 - [TEST_STEP][PASSED] - checkType = findTestData(dataFile).getValue("CheckType", row): null

2024-05-16 00:54:53 - [TEST_STEP][PASSED] - acNumber = findTestData(dataFile).getValue("AcNumber", row): null

2024-05-16 00:54:54 - [TEST_STEP][PASSED] - company = findTestData(dataFile).getValue("Company", row): null

2024-05-16 00:54:54 - [TEST_STEP][PASSED] - acType = findTestData(dataFile).getValue("AcType", row): null

2024-05-16 00:54:54 - [TEST_STEP][PASSED] - rtn = findTestData(dataFile).getValue("RTN", row): null

2024-05-16 00:54:54 - [TEST_STEP][PASSED] - amount = findTestData(dataFile).getValue("Amount", row): null

2024-05-16 00:54:54 - [TEST_STEP][PASSED] - sec = findTestData(dataFile).getValue("SEC", row): null

2024-05-16 00:54:54 - [TEST_STEP][PASSED] - openBrowser(VLinkURL + "debit.html"): Browser is opened with url: 'https://dev-algorithm.govolution.com/vlinktest/QA2/version_2_0/debit.html'

2024-05-16 00:54:54 - [MESSAGE][WARNING] - A browser is already opened. Closing browser and opening a new one

2024-05-16 00:54:55 - [MESSAGE][INFO] - Starting 'Chrome' driver

2024-05-16 00:54:55 - [MESSAGE][INFO] - User set preference: ['acceptInsecureCerts', 'true']

2024-05-16 00:54:55 - [MESSAGE][INFO] - Action delay is set to 0 milliseconds

2024-05-16 00:54:57 - [MESSAGE][PASSED] - Browser is opened with url: 'https://dev-algorithm.govolution.com/vlinktest/QA2/version_2_0/debit.html'

2024-05-16 00:54:57 - [TEST_STEP][PASSED] - maximizeWindow(): Current window maximized

2024-05-16 00:54:58 - [MESSAGE][PASSED] - Current window maximized

2024-05-16 00:54:58 - [TEST_STEP][PASSED] - setText(findTestObject("Object Repository/RecAndPlayBk/Page-Vlink-Debit/input_Transaction Type"), tranType): Text '200' is set on object 'Object Repository/RecAndPlayBk/Page-Vlink-Debit/input_Transaction Type'

2024-05-16 00:54:58 - [MESSAGE][PASSED] - Text '200' is set on object 'Object Repository/RecAndPlayBk/Page-Vlink-Debit/input_Transaction Type'

2024-05-16 00:54:58 - [TEST_STEP][PASSED] - setText(findTestObject("Object Repository/RecAndPlayBk/Page-Vlink-Debit/input_Message Version"), mv): Text '2.0A' is set on object 'Object Repository/RecAndPlayBk/Page-Vlink-Debit/input_Message Version'

2024-05-16 00:54:59 - [MESSAGE][PASSED] - Text '2.0A' is set on object 'Object Repository/RecAndPlayBk/Page-Vlink-Debit/input_Message Version'

2024-05-16 00:54:59 - [TEST_STEP][PASSED] - genRemID = RandomStringUtils.random(12, true, true): null

2024-05-16 00:54:59 - [TEST_STEP][PASSED] - setText(findTestObject("RecAndPlayBk/Page-Vlink-Debit/input_Remittance Id"), genRemID): Text 'XSFKXldDqln5' is set on object 'Object Repository/RecAndPlayBk/Page-Vlink-Debit/input_Remittance Id'

2024-05-16 00:55:00 - [MESSAGE][PASSED] - Text 'XSFKXldDqln5' is set on object 'Object Repository/RecAndPlayBk/Page-Vlink-Debit/input_Remittance Id'

2024-05-16 00:55:00 - [TEST_STEP][PASSED] - setText(findTestObject("RecAndPlayBk/Page-Vlink-Debit/input_Application Id"), appID): Text '234' is set on object 'Object Repository/RecAndPlayBk/Page-Vlink-Debit/input_Application Id'

2024-05-16 00:55:00 - [MESSAGE][PASSED] - Text '234' is set on object 'Object Repository/RecAndPlayBk/Page-Vlink-Debit/input_Application Id'

2024-05-16 00:55:00 - [TEST_STEP][PASSED] - setText(findTestObject("RecAndPlayBk/Page-Vlink-Debit/input_Username"), username): Text 'username' is set on object 'Object Repository/RecAndPlayBk/Page-Vlink-Debit/input_Username'

2024-05-16 00:55:01 - [MESSAGE][PASSED] - Text 'username' is set on object 'Object Repository/RecAndPlayBk/Page-Vlink-Debit/input_Username'

2024-05-16 00:55:01 - [TEST_STEP][PASSED] - setText(findTestObject("RecAndPlayBk/Page-Vlink-Debit/input_Password"), password): Text 'password' is set on object 'Object Repository/RecAndPlayBk/Page-Vlink-Debit/input_Password'

2024-05-16 00:55:02 - [MESSAGE][PASSED] - Text 'password' is set on object 'Object Repository/RecAndPlayBk/Page-Vlink-Debit/input_Password'

2024-05-16 00:55:02 - [TEST_STEP][PASSED] - setText(findTestObject("Object Repository/RecAndPlayBk/Page-Vlink-Debit/input_Response Format"), resFormat): Text 'fixed_width' is set on object 'Object Repository/RecAndPlayBk/Page-Vlink-Debit/input_Response Format'

2024-05-16 00:55:02 - [MESSAGE][PASSED] - Text 'fixed_width' is set on object 'Object Repository/RecAndPlayBk/Page-Vlink-Debit/input_Response Format'

2024-05-16 00:55:02 - [TEST_STEP][PASSED] - setText(findTestObject("RecAndPlayBk/Page-Vlink-Debit/input_Check Type"), checkType): Text 'P' is set on object 'Object Repository/RecAndPlayBk/Page-Vlink-Debit/input_Check Type'

2024-05-16 00:55:03 - [MESSAGE][PASSED] - Text 'P' is set on object 'Object Repository/RecAndPlayBk/Page-Vlink-Debit/input_Check Type'

2024-05-16 00:55:03 - [TEST_STEP][PASSED] - setText(findTestObject("Object Repository/RecAndPlayBk/Page-Vlink-Debit/input_First Name"), fName): Text 'Andy' is set on object 'Object Repository/RecAndPlayBk/Page-Vlink-Debit/input_First Name'

2024-05-16 00:55:03 - [MESSAGE][PASSED] - Text 'Andy' is set on object 'Object Repository/RecAndPlayBk/Page-Vlink-Debit/input_First Name'

2024-05-16 00:55:03 - [TEST_STEP][PASSED] - setText(findTestObject("Object Repository/RecAndPlayBk/Page-Vlink-Debit/input_Last Name"), lName): Text 'Roberts' is set on object 'Object Repository/RecAndPlayBk/Page-Vlink-Debit/input_Last Name'

2024-05-16 00:55:04 - [MESSAGE][PASSED] - Text 'Roberts' is set on object 'Object Repository/RecAndPlayBk/Page-Vlink-Debit/input_Last Name'

2024-05-16 00:55:04 - [TEST_STEP][PASSED] - setText(findTestObject("Object Repository/RecAndPlayBk/Page-Vlink-Debit/input_Address"), al1): Text '145 Main Street' is set on object 'Object Repository/RecAndPlayBk/Page-Vlink-Debit/input_Address'

2024-05-16 00:55:05 - [MESSAGE][PASSED] - Text '145 Main Street' is set on object 'Object Repository/RecAndPlayBk/Page-Vlink-Debit/input_Address'

2024-05-16 00:55:05 - [TEST_STEP][PASSED] - setText(findTestObject("Object Repository/RecAndPlayBk/Page-Vlink-Debit/input_City"), city): Text 'Arlington' is set on object 'Object Repository/RecAndPlayBk/Page-Vlink-Debit/input_City'

2024-05-16 00:55:05 - [MESSAGE][PASSED] - Text 'Arlington' is set on object 'Object Repository/RecAndPlayBk/Page-Vlink-Debit/input_City'

2024-05-16 00:55:05 - [TEST_STEP][PASSED] - setText(findTestObject("Object Repository/RecAndPlayBk/Page-Vlink-Debit/input_State"), state): Text 'VA' is set on object 'Object Repository/RecAndPlayBk/Page-Vlink-Debit/input_State'

2024-05-16 00:55:06 - [MESSAGE][PASSED] - Text 'VA' is set on object 'Object Repository/RecAndPlayBk/Page-Vlink-Debit/input_State'

2024-05-16 00:55:06 - [TEST_STEP][PASSED] - setText(findTestObject("Object Repository/RecAndPlayBk/Page-Vlink-Debit/input_Zip"), zip): Text '22201' is set on object 'Object Repository/RecAndPlayBk/Page-Vlink-Debit/input_Zip'

2024-05-16 00:55:07 - [MESSAGE][PASSED] - Text '22201' is set on object 'Object Repository/RecAndPlayBk/Page-Vlink-Debit/input_Zip'

2024-05-16 00:55:07 - [TEST_STEP][PASSED] - setText(findTestObject("RecAndPlayBk/Page-Vlink-Debit/input_Account_check"), acNumber): Text '' is set on object 'Object Repository/RecAndPlayBk/Page-Vlink-Debit/input_Account_check'

2024-05-16 00:55:07 - [MESSAGE][PASSED] - Text '' is set on object 'Object Repository/RecAndPlayBk/Page-Vlink-Debit/input_Account_check'

2024-05-16 00:55:07 - [TEST_STEP][PASSED] - setText(findTestObject("RecAndPlayBk/Page-Vlink-Debit/input_Company_check"), company): Text '' is set on object 'Object Repository/RecAndPlayBk/Page-Vlink-Debit/input_Company_check'

2024-05-16 00:55:08 - [MESSAGE][PASSED] - Text '' is set on object 'Object Repository/RecAndPlayBk/Page-Vlink-Debit/input_Company_check'

2024-05-16 00:55:08 - [TEST_STEP][PASSED] - setText(findTestObject("RecAndPlayBk/Page-Vlink-Debit/input_Account Type"), acType): Text '1' is set on object 'Object Repository/RecAndPlayBk/Page-Vlink-Debit/input_Account Type'

2024-05-16 00:55:09 - [MESSAGE][PASSED] - Text '1' is set on object 'Object Repository/RecAndPlayBk/Page-Vlink-Debit/input_Account Type'

2024-05-16 00:55:09 - [TEST_STEP][PASSED] - setText(findTestObject("RecAndPlayBk/Page-Vlink-Debit/input_Routing Number"), rtn): Text '256072691' is set on object 'Object Repository/RecAndPlayBk/Page-Vlink-Debit/input_Routing Number'

2024-05-16 00:55:09 - [MESSAGE][PASSED] - Text '256072691' is set on object 'Object Repository/RecAndPlayBk/Page-Vlink-Debit/input_Routing Number'

2024-05-16 00:55:09 - [TEST_STEP][PASSED] - setText(findTestObject("RecAndPlayBk/Page-Vlink-Debit/input_Amount"), amount): Text '12.50' is set on object 'Object Repository/RecAndPlayBk/Page-Vlink-Debit/input_Amount'

2024-05-16 00:55:10 - [MESSAGE][PASSED] - Text '12.50' is set on object 'Object Repository/RecAndPlayBk/Page-Vlink-Debit/input_Amount'

2024-05-16 00:55:10 - [TEST_STEP][PASSED] - setText(findTestObject("RecAndPlayBk/Page-Vlink-Debit/input_Check Email"), ""): Text '' is set on object 'Object Repository/RecAndPlayBk/Page-Vlink-Debit/input_Check Email'

2024-05-16 00:55:11 - [MESSAGE][PASSED] - Text '' is set on object 'Object Repository/RecAndPlayBk/Page-Vlink-Debit/input_Check Email'

2024-05-16 00:55:11 - [TEST_STEP][PASSED] - setText(findTestObject("Object Repository/RecAndPlayBk/Page-Vlink-Debit/input_concat(CheckWriter, , s SSN)_check_ssn"), ""): Text '' is set on object 'Object Repository/RecAndPlayBk/Page-Vlink-Debit/input_concat(CheckWriter, , s SSN)_check_ssn'

2024-05-16 00:55:11 - [MESSAGE][PASSED] - Text '' is set on object 'Object Repository/RecAndPlayBk/Page-Vlink-Debit/input_concat(CheckWriter, , s SSN)_check_ssn'

2024-05-16 00:55:11 - [TEST_STEP][PASSED] - setText(findTestObject("Object Repository/RecAndPlayBk/Page-Vlink-Debit/input_concat(CheckWriter, , s License Numbe_020fef"), ""): Text '' is set on object 'Object Repository/RecAndPlayBk/Page-Vlink-Debit/input_concat(CheckWriter, , s License Numbe_020fef'

2024-05-16 00:55:12 - [MESSAGE][PASSED] - Text '' is set on object 'Object Repository/RecAndPlayBk/Page-Vlink-Debit/input_concat(CheckWriter, , s License Numbe_020fef'

2024-05-16 00:55:12 - [TEST_STEP][PASSED] - setText(findTestObject("Object Repository/RecAndPlayBk/Page-Vlink-Debit/input_concat(CheckWriter, , s License State_21e3e7"), ""): Text '' is set on object 'Object Repository/RecAndPlayBk/Page-Vlink-Debit/input_concat(CheckWriter, , s License State_21e3e7'

2024-05-16 00:55:13 - [MESSAGE][PASSED] - Text '' is set on object 'Object Repository/RecAndPlayBk/Page-Vlink-Debit/input_concat(CheckWriter, , s License State_21e3e7'

2024-05-16 00:55:13 - [TEST_STEP][PASSED] - setText(findTestObject("RecAndPlayBk/Page-Vlink-Debit/input_Standard Entry Class"), sec): Text 'WEB' is set on object 'Object Repository/RecAndPlayBk/Page-Vlink-Debit/input_Standard Entry Class'

2024-05-16 00:55:13 - [MESSAGE][PASSED] - Text 'WEB' is set on object 'Object Repository/RecAndPlayBk/Page-Vlink-Debit/input_Standard Entry Class'

2024-05-16 00:55:13 - [TEST_STEP][PASSED] - click(findTestObject("Object Repository/RecAndPlayBk/Page-Vlink-Debit/input")): Object: 'Object Repository/RecAndPlayBk/Page-Vlink-Debit/input' is clicked on

2024-05-16 00:55:14 - [MESSAGE][PASSED] - Object: 'Object Repository/RecAndPlayBk/Page-Vlink-Debit/input' is clicked on

2024-05-16 00:55:14 - [TEST_STEP][PASSED] - if (verifyTextPresent(errorMsg, true)): null

2024-05-16 00:55:14 - [MESSAGE][PASSED] - Text 'check_account' is present on page  using regular expression

2024-05-16 00:55:14 - [TEST_STEP][PASSED] - println("Error Message is present on the Confirmation page"): null

2024-05-16 00:55:14 - [TEST_STEP][PASSED] - out.println("Pass Record Number: " + row): null

2024-05-16 00:55:14 - [TEST_STEP][PASSED] - resText = "Pass": null

2024-05-16 00:55:14 - [TEST_STEP][PASSED] - pages.WriteExcel.demoKey(resText, datText, resColumn, datCloumn, fileLoc, nameSheet, row): pages.WriteExcel.demoKey is PASSED

2024-05-16 00:55:14 - [MESSAGE][PASSED] - pages.WriteExcel.demoKey is PASSED

2024-05-16 00:55:14 - [TEST_STEP][PASSED] - ExecuteTC = findTestData(dataFile).getValue("Execute", row): null

2024-05-16 00:55:14 - [TEST_STEP][PASSED] - out.println("Value of Execute is : " + ExecuteTC): null

2024-05-16 00:55:14 - [TEST_STEP][PASSED] - if (ExecuteTC.equalsIgnoreCase("Y")): null

2024-05-16 00:55:14 - [TEST_STEP][PASSED] - out.println("Begin Record Number: " + row): null

2024-05-16 00:55:14 - [TEST_STEP][PASSED] - today = new java.util.Date(): null

2024-05-16 00:55:14 - [TEST_STEP][PASSED] - println(today): null

2024-05-16 00:55:14 - [TEST_STEP][PASSED] - datText = today: null

2024-05-16 00:55:14 - [TEST_STEP][PASSED] - appID = findTestData(dataFile).getValue("AppID", row): null

2024-05-16 00:55:14 - [TEST_STEP][PASSED] - username = findTestData(dataFile).getValue("Username", row): null

2024-05-16 00:55:14 - [TEST_STEP][PASSED] - password = findTestData(dataFile).getValue("Password", row): null

2024-05-16 00:55:15 - [TEST_STEP][PASSED] - errorMsg = findTestData(dataFile).getValue("ErrorMsg", row): null

2024-05-16 00:55:15 - [TEST_STEP][PASSED] - tranType = findTestData(dataFile).getValue("TranType", row): null

2024-05-16 00:55:15 - [TEST_STEP][PASSED] - mv = findTestData(dataFile).getValue("MV", row): null

2024-05-16 00:55:15 - [TEST_STEP][PASSED] - resFormat = findTestData(dataFile).getValue("ResFormat", row): null

2024-05-16 00:55:15 - [TEST_STEP][PASSED] - fName = findTestData(dataFile).getValue("Fname", row): null

2024-05-16 00:55:15 - [TEST_STEP][PASSED] - lName = findTestData(dataFile).getValue("Lname", row): null

2024-05-16 00:55:15 - [TEST_STEP][PASSED] - al1 = findTestData(dataFile).getValue("AL1", row): null

2024-05-16 00:55:15 - [TEST_STEP][PASSED] - city = findTestData(dataFile).getValue("City", row): null

2024-05-16 00:55:15 - [TEST_STEP][PASSED] - state = findTestData(dataFile).getValue("State", row): null

2024-05-16 00:55:15 - [TEST_STEP][PASSED] - zip = findTestData(dataFile).getValue("ZIP", row): null

2024-05-16 00:55:15 - [TEST_STEP][PASSED] - checkType = findTestData(dataFile).getValue("CheckType", row): null

2024-05-16 00:55:15 - [TEST_STEP][PASSED] - acNumber = findTestData(dataFile).getValue("AcNumber", row): null

2024-05-16 00:55:15 - [TEST_STEP][PASSED] - company = findTestData(dataFile).getValue("Company", row): null

2024-05-16 00:55:15 - [TEST_STEP][PASSED] - acType = findTestData(dataFile).getValue("AcType", row): null

2024-05-16 00:55:15 - [TEST_STEP][PASSED] - rtn = findTestData(dataFile).getValue("RTN", row): null

2024-05-16 00:55:15 - [TEST_STEP][PASSED] - amount = findTestData(dataFile).getValue("Amount", row): null

2024-05-16 00:55:16 - [TEST_STEP][PASSED] - sec = findTestData(dataFile).getValue("SEC", row): null

2024-05-16 00:55:16 - [TEST_STEP][PASSED] - openBrowser(VLinkURL + "debit.html"): Browser is opened with url: 'https://dev-algorithm.govolution.com/vlinktest/QA2/version_2_0/debit.html'

2024-05-16 00:55:16 - [MESSAGE][WARNING] - A browser is already opened. Closing browser and opening a new one

2024-05-16 00:55:17 - [MESSAGE][INFO] - Starting 'Chrome' driver

2024-05-16 00:55:17 - [MESSAGE][INFO] - User set preference: ['acceptInsecureCerts', 'true']

2024-05-16 00:55:17 - [MESSAGE][INFO] - Action delay is set to 0 milliseconds

2024-05-16 00:55:19 - [MESSAGE][PASSED] - Browser is opened with url: 'https://dev-algorithm.govolution.com/vlinktest/QA2/version_2_0/debit.html'

2024-05-16 00:55:19 - [TEST_STEP][PASSED] - maximizeWindow(): Current window maximized

2024-05-16 00:55:19 - [MESSAGE][PASSED] - Current window maximized

2024-05-16 00:55:19 - [TEST_STEP][PASSED] - setText(findTestObject("Object Repository/RecAndPlayBk/Page-Vlink-Debit/input_Transaction Type"), tranType): Text '200' is set on object 'Object Repository/RecAndPlayBk/Page-Vlink-Debit/input_Transaction Type'

2024-05-16 00:55:20 - [MESSAGE][PASSED] - Text '200' is set on object 'Object Repository/RecAndPlayBk/Page-Vlink-Debit/input_Transaction Type'

2024-05-16 00:55:20 - [TEST_STEP][PASSED] - setText(findTestObject("Object Repository/RecAndPlayBk/Page-Vlink-Debit/input_Message Version"), mv): Text '2.0A' is set on object 'Object Repository/RecAndPlayBk/Page-Vlink-Debit/input_Message Version'

2024-05-16 00:55:21 - [MESSAGE][PASSED] - Text '2.0A' is set on object 'Object Repository/RecAndPlayBk/Page-Vlink-Debit/input_Message Version'

2024-05-16 00:55:21 - [TEST_STEP][PASSED] - genRemID = RandomStringUtils.random(12, true, true): null

2024-05-16 00:55:21 - [TEST_STEP][PASSED] - setText(findTestObject("RecAndPlayBk/Page-Vlink-Debit/input_Remittance Id"), genRemID): Text '0R4dZ1S7L8Wt' is set on object 'Object Repository/RecAndPlayBk/Page-Vlink-Debit/input_Remittance Id'

2024-05-16 00:55:21 - [MESSAGE][PASSED] - Text '0R4dZ1S7L8Wt' is set on object 'Object Repository/RecAndPlayBk/Page-Vlink-Debit/input_Remittance Id'

2024-05-16 00:55:21 - [TEST_STEP][PASSED] - setText(findTestObject("RecAndPlayBk/Page-Vlink-Debit/input_Application Id"), appID): Text '234' is set on object 'Object Repository/RecAndPlayBk/Page-Vlink-Debit/input_Application Id'

2024-05-16 00:55:22 - [MESSAGE][PASSED] - Text '234' is set on object 'Object Repository/RecAndPlayBk/Page-Vlink-Debit/input_Application Id'

2024-05-16 00:55:22 - [TEST_STEP][PASSED] - setText(findTestObject("RecAndPlayBk/Page-Vlink-Debit/input_Username"), username): Text 'username' is set on object 'Object Repository/RecAndPlayBk/Page-Vlink-Debit/input_Username'

2024-05-16 00:55:23 - [MESSAGE][PASSED] - Text 'username' is set on object 'Object Repository/RecAndPlayBk/Page-Vlink-Debit/input_Username'

2024-05-16 00:55:23 - [TEST_STEP][PASSED] - setText(findTestObject("RecAndPlayBk/Page-Vlink-Debit/input_Password"), password): Text 'password' is set on object 'Object Repository/RecAndPlayBk/Page-Vlink-Debit/input_Password'

2024-05-16 00:55:23 - [MESSAGE][PASSED] - Text 'password' is set on object 'Object Repository/RecAndPlayBk/Page-Vlink-Debit/input_Password'

2024-05-16 00:55:23 - [TEST_STEP][PASSED] - setText(findTestObject("Object Repository/RecAndPlayBk/Page-Vlink-Debit/input_Response Format"), resFormat): Text 'fixed_width' is set on object 'Object Repository/RecAndPlayBk/Page-Vlink-Debit/input_Response Format'

2024-05-16 00:55:24 - [MESSAGE][PASSED] - Text 'fixed_width' is set on object 'Object Repository/RecAndPlayBk/Page-Vlink-Debit/input_Response Format'

2024-05-16 00:55:24 - [TEST_STEP][PASSED] - setText(findTestObject("RecAndPlayBk/Page-Vlink-Debit/input_Check Type"), checkType): Text 'P' is set on object 'Object Repository/RecAndPlayBk/Page-Vlink-Debit/input_Check Type'

2024-05-16 00:55:24 - [MESSAGE][PASSED] - Text 'P' is set on object 'Object Repository/RecAndPlayBk/Page-Vlink-Debit/input_Check Type'

2024-05-16 00:55:24 - [TEST_STEP][PASSED] - setText(findTestObject("Object Repository/RecAndPlayBk/Page-Vlink-Debit/input_First Name"), fName): Text 'Andy' is set on object 'Object Repository/RecAndPlayBk/Page-Vlink-Debit/input_First Name'

2024-05-16 00:55:25 - [MESSAGE][PASSED] - Text 'Andy' is set on object 'Object Repository/RecAndPlayBk/Page-Vlink-Debit/input_First Name'

2024-05-16 00:55:25 - [TEST_STEP][PASSED] - setText(findTestObject("Object Repository/RecAndPlayBk/Page-Vlink-Debit/input_Last Name"), lName): Text 'Roberts' is set on object 'Object Repository/RecAndPlayBk/Page-Vlink-Debit/input_Last Name'

2024-05-16 00:55:26 - [MESSAGE][PASSED] - Text 'Roberts' is set on object 'Object Repository/RecAndPlayBk/Page-Vlink-Debit/input_Last Name'

2024-05-16 00:55:26 - [TEST_STEP][PASSED] - setText(findTestObject("Object Repository/RecAndPlayBk/Page-Vlink-Debit/input_Address"), al1): Text '145 Main Street' is set on object 'Object Repository/RecAndPlayBk/Page-Vlink-Debit/input_Address'

2024-05-16 00:55:26 - [MESSAGE][PASSED] - Text '145 Main Street' is set on object 'Object Repository/RecAndPlayBk/Page-Vlink-Debit/input_Address'

2024-05-16 00:55:26 - [TEST_STEP][PASSED] - setText(findTestObject("Object Repository/RecAndPlayBk/Page-Vlink-Debit/input_City"), city): Text 'Arlington' is set on object 'Object Repository/RecAndPlayBk/Page-Vlink-Debit/input_City'

2024-05-16 00:55:27 - [MESSAGE][PASSED] - Text 'Arlington' is set on object 'Object Repository/RecAndPlayBk/Page-Vlink-Debit/input_City'

2024-05-16 00:55:27 - [TEST_STEP][PASSED] - setText(findTestObject("Object Repository/RecAndPlayBk/Page-Vlink-Debit/input_State"), state): Text 'VA' is set on object 'Object Repository/RecAndPlayBk/Page-Vlink-Debit/input_State'

2024-05-16 00:55:28 - [MESSAGE][PASSED] - Text 'VA' is set on object 'Object Repository/RecAndPlayBk/Page-Vlink-Debit/input_State'

2024-05-16 00:55:28 - [TEST_STEP][PASSED] - setText(findTestObject("Object Repository/RecAndPlayBk/Page-Vlink-Debit/input_Zip"), zip): Text '22201' is set on object 'Object Repository/RecAndPlayBk/Page-Vlink-Debit/input_Zip'

2024-05-16 00:55:28 - [MESSAGE][PASSED] - Text '22201' is set on object 'Object Repository/RecAndPlayBk/Page-Vlink-Debit/input_Zip'

2024-05-16 00:55:28 - [TEST_STEP][PASSED] - setText(findTestObject("RecAndPlayBk/Page-Vlink-Debit/input_Account_check"), acNumber): Text '58963214' is set on object 'Object Repository/RecAndPlayBk/Page-Vlink-Debit/input_Account_check'

2024-05-16 00:55:29 - [MESSAGE][PASSED] - Text '58963214' is set on object 'Object Repository/RecAndPlayBk/Page-Vlink-Debit/input_Account_check'

2024-05-16 00:55:29 - [TEST_STEP][PASSED] - setText(findTestObject("RecAndPlayBk/Page-Vlink-Debit/input_Company_check"), company): Text '' is set on object 'Object Repository/RecAndPlayBk/Page-Vlink-Debit/input_Company_check'

2024-05-16 00:55:30 - [MESSAGE][PASSED] - Text '' is set on object 'Object Repository/RecAndPlayBk/Page-Vlink-Debit/input_Company_check'

2024-05-16 00:55:30 - [TEST_STEP][PASSED] - setText(findTestObject("RecAndPlayBk/Page-Vlink-Debit/input_Account Type"), acType): Text '' is set on object 'Object Repository/RecAndPlayBk/Page-Vlink-Debit/input_Account Type'

2024-05-16 00:55:31 - [MESSAGE][PASSED] - Text '' is set on object 'Object Repository/RecAndPlayBk/Page-Vlink-Debit/input_Account Type'

2024-05-16 00:55:31 - [TEST_STEP][PASSED] - setText(findTestObject("RecAndPlayBk/Page-Vlink-Debit/input_Routing Number"), rtn): Text '256072691' is set on object 'Object Repository/RecAndPlayBk/Page-Vlink-Debit/input_Routing Number'

2024-05-16 00:55:31 - [MESSAGE][PASSED] - Text '256072691' is set on object 'Object Repository/RecAndPlayBk/Page-Vlink-Debit/input_Routing Number'

2024-05-16 00:55:31 - [TEST_STEP][PASSED] - setText(findTestObject("RecAndPlayBk/Page-Vlink-Debit/input_Amount"), amount): Text '12.50' is set on object 'Object Repository/RecAndPlayBk/Page-Vlink-Debit/input_Amount'

2024-05-16 00:55:32 - [MESSAGE][PASSED] - Text '12.50' is set on object 'Object Repository/RecAndPlayBk/Page-Vlink-Debit/input_Amount'

2024-05-16 00:55:32 - [TEST_STEP][PASSED] - setText(findTestObject("RecAndPlayBk/Page-Vlink-Debit/input_Check Email"), ""): Text '' is set on object 'Object Repository/RecAndPlayBk/Page-Vlink-Debit/input_Check Email'

2024-05-16 00:55:33 - [MESSAGE][PASSED] - Text '' is set on object 'Object Repository/RecAndPlayBk/Page-Vlink-Debit/input_Check Email'

2024-05-16 00:55:33 - [TEST_STEP][PASSED] - setText(findTestObject("Object Repository/RecAndPlayBk/Page-Vlink-Debit/input_concat(CheckWriter, , s SSN)_check_ssn"), ""): Text '' is set on object 'Object Repository/RecAndPlayBk/Page-Vlink-Debit/input_concat(CheckWriter, , s SSN)_check_ssn'

2024-05-16 00:55:33 - [MESSAGE][PASSED] - Text '' is set on object 'Object Repository/RecAndPlayBk/Page-Vlink-Debit/input_concat(CheckWriter, , s SSN)_check_ssn'

2024-05-16 00:55:33 - [TEST_STEP][PASSED] - setText(findTestObject("Object Repository/RecAndPlayBk/Page-Vlink-Debit/input_concat(CheckWriter, , s License Numbe_020fef"), ""): Text '' is set on object 'Object Repository/RecAndPlayBk/Page-Vlink-Debit/input_concat(CheckWriter, , s License Numbe_020fef'

2024-05-16 00:55:34 - [MESSAGE][PASSED] - Text '' is set on object 'Object Repository/RecAndPlayBk/Page-Vlink-Debit/input_concat(CheckWriter, , s License Numbe_020fef'

2024-05-16 00:55:34 - [TEST_STEP][PASSED] - setText(findTestObject("Object Repository/RecAndPlayBk/Page-Vlink-Debit/input_concat(CheckWriter, , s License State_21e3e7"), ""): Text '' is set on object 'Object Repository/RecAndPlayBk/Page-Vlink-Debit/input_concat(CheckWriter, , s License State_21e3e7'

2024-05-16 00:55:34 - [MESSAGE][PASSED] - Text '' is set on object 'Object Repository/RecAndPlayBk/Page-Vlink-Debit/input_concat(CheckWriter, , s License State_21e3e7'

2024-05-16 00:55:34 - [TEST_STEP][PASSED] - setText(findTestObject("RecAndPlayBk/Page-Vlink-Debit/input_Standard Entry Class"), sec): Text 'WEB' is set on object 'Object Repository/RecAndPlayBk/Page-Vlink-Debit/input_Standard Entry Class'

2024-05-16 00:55:35 - [MESSAGE][PASSED] - Text 'WEB' is set on object 'Object Repository/RecAndPlayBk/Page-Vlink-Debit/input_Standard Entry Class'

2024-05-16 00:55:35 - [TEST_STEP][PASSED] - click(findTestObject("Object Repository/RecAndPlayBk/Page-Vlink-Debit/input")): Object: 'Object Repository/RecAndPlayBk/Page-Vlink-Debit/input' is clicked on

2024-05-16 00:55:36 - [MESSAGE][PASSED] - Object: 'Object Repository/RecAndPlayBk/Page-Vlink-Debit/input' is clicked on

2024-05-16 00:55:36 - [TEST_STEP][PASSED] - if (verifyTextPresent(errorMsg, true)): null

2024-05-16 00:55:36 - [MESSAGE][PASSED] - Text 'account_type' is present on page  using regular expression

2024-05-16 00:55:36 - [TEST_STEP][PASSED] - println("Error Message is present on the Confirmation page"): null

2024-05-16 00:55:36 - [TEST_STEP][PASSED] - out.println("Pass Record Number: " + row): null

2024-05-16 00:55:36 - [TEST_STEP][PASSED] - resText = "Pass": null

2024-05-16 00:55:36 - [TEST_STEP][PASSED] - pages.WriteExcel.demoKey(resText, datText, resColumn, datCloumn, fileLoc, nameSheet, row): pages.WriteExcel.demoKey is PASSED

2024-05-16 00:55:36 - [MESSAGE][PASSED] - pages.WriteExcel.demoKey is PASSED

2024-05-16 00:55:36 - [TEST_STEP][PASSED] - ExecuteTC = findTestData(dataFile).getValue("Execute", row): null

2024-05-16 00:55:36 - [TEST_STEP][PASSED] - out.println("Value of Execute is : " + ExecuteTC): null

2024-05-16 00:55:36 - [TEST_STEP][PASSED] - if (ExecuteTC.equalsIgnoreCase("Y")): null

2024-05-16 00:55:36 - [TEST_STEP][PASSED] - out.println("Begin Record Number: " + row): null

2024-05-16 00:55:36 - [TEST_STEP][PASSED] - today = new java.util.Date(): null

2024-05-16 00:55:36 - [TEST_STEP][PASSED] - println(today): null

2024-05-16 00:55:36 - [TEST_STEP][PASSED] - datText = today: null

2024-05-16 00:55:36 - [TEST_STEP][PASSED] - appID = findTestData(dataFile).getValue("AppID", row): null

2024-05-16 00:55:36 - [TEST_STEP][PASSED] - username = findTestData(dataFile).getValue("Username", row): null

2024-05-16 00:55:36 - [TEST_STEP][PASSED] - password = findTestData(dataFile).getValue("Password", row): null

2024-05-16 00:55:36 - [TEST_STEP][PASSED] - errorMsg = findTestData(dataFile).getValue("ErrorMsg", row): null

2024-05-16 00:55:36 - [TEST_STEP][PASSED] - tranType = findTestData(dataFile).getValue("TranType", row): null

2024-05-16 00:55:36 - [TEST_STEP][PASSED] - mv = findTestData(dataFile).getValue("MV", row): null

2024-05-16 00:55:37 - [TEST_STEP][PASSED] - resFormat = findTestData(dataFile).getValue("ResFormat", row): null

2024-05-16 00:55:37 - [TEST_STEP][PASSED] - fName = findTestData(dataFile).getValue("Fname", row): null

2024-05-16 00:55:37 - [TEST_STEP][PASSED] - lName = findTestData(dataFile).getValue("Lname", row): null

2024-05-16 00:55:37 - [TEST_STEP][PASSED] - al1 = findTestData(dataFile).getValue("AL1", row): null

2024-05-16 00:55:37 - [TEST_STEP][PASSED] - city = findTestData(dataFile).getValue("City", row): null

2024-05-16 00:55:37 - [TEST_STEP][PASSED] - state = findTestData(dataFile).getValue("State", row): null

2024-05-16 00:55:37 - [TEST_STEP][PASSED] - zip = findTestData(dataFile).getValue("ZIP", row): null

2024-05-16 00:55:37 - [TEST_STEP][PASSED] - checkType = findTestData(dataFile).getValue("CheckType", row): null

2024-05-16 00:55:37 - [TEST_STEP][PASSED] - acNumber = findTestData(dataFile).getValue("AcNumber", row): null

2024-05-16 00:55:37 - [TEST_STEP][PASSED] - company = findTestData(dataFile).getValue("Company", row): null

2024-05-16 00:55:37 - [TEST_STEP][PASSED] - acType = findTestData(dataFile).getValue("AcType", row): null

2024-05-16 00:55:37 - [TEST_STEP][PASSED] - rtn = findTestData(dataFile).getValue("RTN", row): null

2024-05-16 00:55:37 - [TEST_STEP][PASSED] - amount = findTestData(dataFile).getValue("Amount", row): null

2024-05-16 00:55:37 - [TEST_STEP][PASSED] - sec = findTestData(dataFile).getValue("SEC", row): null

2024-05-16 00:55:37 - [TEST_STEP][PASSED] - openBrowser(VLinkURL + "debit.html"): Browser is opened with url: 'https://dev-algorithm.govolution.com/vlinktest/QA2/version_2_0/debit.html'

2024-05-16 00:55:37 - [MESSAGE][WARNING] - A browser is already opened. Closing browser and opening a new one

2024-05-16 00:55:39 - [MESSAGE][INFO] - Starting 'Chrome' driver

2024-05-16 00:55:39 - [MESSAGE][INFO] - User set preference: ['acceptInsecureCerts', 'true']

2024-05-16 00:55:39 - [MESSAGE][INFO] - Action delay is set to 0 milliseconds

2024-05-16 00:55:41 - [MESSAGE][PASSED] - Browser is opened with url: 'https://dev-algorithm.govolution.com/vlinktest/QA2/version_2_0/debit.html'

2024-05-16 00:55:41 - [TEST_STEP][PASSED] - maximizeWindow(): Current window maximized

2024-05-16 00:55:41 - [MESSAGE][PASSED] - Current window maximized

2024-05-16 00:55:41 - [TEST_STEP][PASSED] - setText(findTestObject("Object Repository/RecAndPlayBk/Page-Vlink-Debit/input_Transaction Type"), tranType): Text '200' is set on object 'Object Repository/RecAndPlayBk/Page-Vlink-Debit/input_Transaction Type'

2024-05-16 00:55:42 - [MESSAGE][PASSED] - Text '200' is set on object 'Object Repository/RecAndPlayBk/Page-Vlink-Debit/input_Transaction Type'

2024-05-16 00:55:42 - [TEST_STEP][PASSED] - setText(findTestObject("Object Repository/RecAndPlayBk/Page-Vlink-Debit/input_Message Version"), mv): Text '2.0A' is set on object 'Object Repository/RecAndPlayBk/Page-Vlink-Debit/input_Message Version'

2024-05-16 00:55:42 - [MESSAGE][PASSED] - Text '2.0A' is set on object 'Object Repository/RecAndPlayBk/Page-Vlink-Debit/input_Message Version'

2024-05-16 00:55:42 - [TEST_STEP][PASSED] - genRemID = RandomStringUtils.random(12, true, true): null

2024-05-16 00:55:42 - [TEST_STEP][PASSED] - setText(findTestObject("RecAndPlayBk/Page-Vlink-Debit/input_Remittance Id"), genRemID): Text 'r1H4BsebRWf7' is set on object 'Object Repository/RecAndPlayBk/Page-Vlink-Debit/input_Remittance Id'

2024-05-16 00:55:43 - [MESSAGE][PASSED] - Text 'r1H4BsebRWf7' is set on object 'Object Repository/RecAndPlayBk/Page-Vlink-Debit/input_Remittance Id'

2024-05-16 00:55:43 - [TEST_STEP][PASSED] - setText(findTestObject("RecAndPlayBk/Page-Vlink-Debit/input_Application Id"), appID): Text '234' is set on object 'Object Repository/RecAndPlayBk/Page-Vlink-Debit/input_Application Id'

2024-05-16 00:55:44 - [MESSAGE][PASSED] - Text '234' is set on object 'Object Repository/RecAndPlayBk/Page-Vlink-Debit/input_Application Id'

2024-05-16 00:55:44 - [TEST_STEP][PASSED] - setText(findTestObject("RecAndPlayBk/Page-Vlink-Debit/input_Username"), username): Text 'username' is set on object 'Object Repository/RecAndPlayBk/Page-Vlink-Debit/input_Username'

2024-05-16 00:55:44 - [MESSAGE][PASSED] - Text 'username' is set on object 'Object Repository/RecAndPlayBk/Page-Vlink-Debit/input_Username'

2024-05-16 00:55:44 - [TEST_STEP][PASSED] - setText(findTestObject("RecAndPlayBk/Page-Vlink-Debit/input_Password"), password): Text 'password' is set on object 'Object Repository/RecAndPlayBk/Page-Vlink-Debit/input_Password'

2024-05-16 00:55:45 - [MESSAGE][PASSED] - Text 'password' is set on object 'Object Repository/RecAndPlayBk/Page-Vlink-Debit/input_Password'

2024-05-16 00:55:45 - [TEST_STEP][PASSED] - setText(findTestObject("Object Repository/RecAndPlayBk/Page-Vlink-Debit/input_Response Format"), resFormat): Text 'fixed_width' is set on object 'Object Repository/RecAndPlayBk/Page-Vlink-Debit/input_Response Format'

2024-05-16 00:55:45 - [MESSAGE][PASSED] - Text 'fixed_width' is set on object 'Object Repository/RecAndPlayBk/Page-Vlink-Debit/input_Response Format'

2024-05-16 00:55:46 - [TEST_STEP][PASSED] - setText(findTestObject("RecAndPlayBk/Page-Vlink-Debit/input_Check Type"), checkType): Text 'P' is set on object 'Object Repository/RecAndPlayBk/Page-Vlink-Debit/input_Check Type'

2024-05-16 00:55:46 - [MESSAGE][PASSED] - Text 'P' is set on object 'Object Repository/RecAndPlayBk/Page-Vlink-Debit/input_Check Type'

2024-05-16 00:55:46 - [TEST_STEP][PASSED] - setText(findTestObject("Object Repository/RecAndPlayBk/Page-Vlink-Debit/input_First Name"), fName): Text 'Andy' is set on object 'Object Repository/RecAndPlayBk/Page-Vlink-Debit/input_First Name'

2024-05-16 00:55:47 - [MESSAGE][PASSED] - Text 'Andy' is set on object 'Object Repository/RecAndPlayBk/Page-Vlink-Debit/input_First Name'

2024-05-16 00:55:47 - [TEST_STEP][PASSED] - setText(findTestObject("Object Repository/RecAndPlayBk/Page-Vlink-Debit/input_Last Name"), lName): Text 'Roberts' is set on object 'Object Repository/RecAndPlayBk/Page-Vlink-Debit/input_Last Name'

2024-05-16 00:55:47 - [MESSAGE][PASSED] - Text 'Roberts' is set on object 'Object Repository/RecAndPlayBk/Page-Vlink-Debit/input_Last Name'

2024-05-16 00:55:47 - [TEST_STEP][PASSED] - setText(findTestObject("Object Repository/RecAndPlayBk/Page-Vlink-Debit/input_Address"), al1): Text '145 Main Street' is set on object 'Object Repository/RecAndPlayBk/Page-Vlink-Debit/input_Address'

2024-05-16 00:55:48 - [MESSAGE][PASSED] - Text '145 Main Street' is set on object 'Object Repository/RecAndPlayBk/Page-Vlink-Debit/input_Address'

2024-05-16 00:55:48 - [TEST_STEP][PASSED] - setText(findTestObject("Object Repository/RecAndPlayBk/Page-Vlink-Debit/input_City"), city): Text 'Arlington' is set on object 'Object Repository/RecAndPlayBk/Page-Vlink-Debit/input_City'

2024-05-16 00:55:49 - [MESSAGE][PASSED] - Text 'Arlington' is set on object 'Object Repository/RecAndPlayBk/Page-Vlink-Debit/input_City'

2024-05-16 00:55:49 - [TEST_STEP][PASSED] - setText(findTestObject("Object Repository/RecAndPlayBk/Page-Vlink-Debit/input_State"), state): Text 'VA' is set on object 'Object Repository/RecAndPlayBk/Page-Vlink-Debit/input_State'

2024-05-16 00:55:49 - [MESSAGE][PASSED] - Text 'VA' is set on object 'Object Repository/RecAndPlayBk/Page-Vlink-Debit/input_State'

2024-05-16 00:55:49 - [TEST_STEP][PASSED] - setText(findTestObject("Object Repository/RecAndPlayBk/Page-Vlink-Debit/input_Zip"), zip): Text '22201' is set on object 'Object Repository/RecAndPlayBk/Page-Vlink-Debit/input_Zip'

2024-05-16 00:55:50 - [MESSAGE][PASSED] - Text '22201' is set on object 'Object Repository/RecAndPlayBk/Page-Vlink-Debit/input_Zip'

2024-05-16 00:55:50 - [TEST_STEP][PASSED] - setText(findTestObject("RecAndPlayBk/Page-Vlink-Debit/input_Account_check"), acNumber): Text '58963214' is set on object 'Object Repository/RecAndPlayBk/Page-Vlink-Debit/input_Account_check'

2024-05-16 00:55:51 - [MESSAGE][PASSED] - Text '58963214' is set on object 'Object Repository/RecAndPlayBk/Page-Vlink-Debit/input_Account_check'

2024-05-16 00:55:51 - [TEST_STEP][PASSED] - setText(findTestObject("RecAndPlayBk/Page-Vlink-Debit/input_Company_check"), company): Text '' is set on object 'Object Repository/RecAndPlayBk/Page-Vlink-Debit/input_Company_check'

2024-05-16 00:55:52 - [MESSAGE][PASSED] - Text '' is set on object 'Object Repository/RecAndPlayBk/Page-Vlink-Debit/input_Company_check'

2024-05-16 00:55:52 - [TEST_STEP][PASSED] - setText(findTestObject("RecAndPlayBk/Page-Vlink-Debit/input_Account Type"), acType): Text '1' is set on object 'Object Repository/RecAndPlayBk/Page-Vlink-Debit/input_Account Type'

2024-05-16 00:55:52 - [MESSAGE][PASSED] - Text '1' is set on object 'Object Repository/RecAndPlayBk/Page-Vlink-Debit/input_Account Type'

2024-05-16 00:55:52 - [TEST_STEP][PASSED] - setText(findTestObject("RecAndPlayBk/Page-Vlink-Debit/input_Routing Number"), rtn): Text '' is set on object 'Object Repository/RecAndPlayBk/Page-Vlink-Debit/input_Routing Number'

2024-05-16 00:55:53 - [MESSAGE][PASSED] - Text '' is set on object 'Object Repository/RecAndPlayBk/Page-Vlink-Debit/input_Routing Number'

2024-05-16 00:55:53 - [TEST_STEP][PASSED] - setText(findTestObject("RecAndPlayBk/Page-Vlink-Debit/input_Amount"), amount): Text '12.50' is set on object 'Object Repository/RecAndPlayBk/Page-Vlink-Debit/input_Amount'

2024-05-16 00:55:54 - [MESSAGE][PASSED] - Text '12.50' is set on object 'Object Repository/RecAndPlayBk/Page-Vlink-Debit/input_Amount'

2024-05-16 00:55:54 - [TEST_STEP][PASSED] - setText(findTestObject("RecAndPlayBk/Page-Vlink-Debit/input_Check Email"), ""): Text '' is set on object 'Object Repository/RecAndPlayBk/Page-Vlink-Debit/input_Check Email'

2024-05-16 00:55:54 - [MESSAGE][PASSED] - Text '' is set on object 'Object Repository/RecAndPlayBk/Page-Vlink-Debit/input_Check Email'

2024-05-16 00:55:54 - [TEST_STEP][PASSED] - setText(findTestObject("Object Repository/RecAndPlayBk/Page-Vlink-Debit/input_concat(CheckWriter, , s SSN)_check_ssn"), ""): Text '' is set on object 'Object Repository/RecAndPlayBk/Page-Vlink-Debit/input_concat(CheckWriter, , s SSN)_check_ssn'

2024-05-16 00:55:55 - [MESSAGE][PASSED] - Text '' is set on object 'Object Repository/RecAndPlayBk/Page-Vlink-Debit/input_concat(CheckWriter, , s SSN)_check_ssn'

2024-05-16 00:55:55 - [TEST_STEP][PASSED] - setText(findTestObject("Object Repository/RecAndPlayBk/Page-Vlink-Debit/input_concat(CheckWriter, , s License Numbe_020fef"), ""): Text '' is set on object 'Object Repository/RecAndPlayBk/Page-Vlink-Debit/input_concat(CheckWriter, , s License Numbe_020fef'

2024-05-16 00:55:55 - [MESSAGE][PASSED] - Text '' is set on object 'Object Repository/RecAndPlayBk/Page-Vlink-Debit/input_concat(CheckWriter, , s License Numbe_020fef'

2024-05-16 00:55:55 - [TEST_STEP][PASSED] - setText(findTestObject("Object Repository/RecAndPlayBk/Page-Vlink-Debit/input_concat(CheckWriter, , s License State_21e3e7"), ""): Text '' is set on object 'Object Repository/RecAndPlayBk/Page-Vlink-Debit/input_concat(CheckWriter, , s License State_21e3e7'

2024-05-16 00:55:56 - [MESSAGE][PASSED] - Text '' is set on object 'Object Repository/RecAndPlayBk/Page-Vlink-Debit/input_concat(CheckWriter, , s License State_21e3e7'

2024-05-16 00:55:56 - [TEST_STEP][PASSED] - setText(findTestObject("RecAndPlayBk/Page-Vlink-Debit/input_Standard Entry Class"), sec): Text 'WEB' is set on object 'Object Repository/RecAndPlayBk/Page-Vlink-Debit/input_Standard Entry Class'

2024-05-16 00:55:57 - [MESSAGE][PASSED] - Text 'WEB' is set on object 'Object Repository/RecAndPlayBk/Page-Vlink-Debit/input_Standard Entry Class'

2024-05-16 00:55:57 - [TEST_STEP][PASSED] - click(findTestObject("Object Repository/RecAndPlayBk/Page-Vlink-Debit/input")): Object: 'Object Repository/RecAndPlayBk/Page-Vlink-Debit/input' is clicked on

2024-05-16 00:55:57 - [MESSAGE][PASSED] - Object: 'Object Repository/RecAndPlayBk/Page-Vlink-Debit/input' is clicked on

2024-05-16 00:55:57 - [TEST_STEP][PASSED] - if (verifyTextPresent(errorMsg, true)): null

2024-05-16 00:55:58 - [MESSAGE][PASSED] - Text 'routing_number' is present on page  using regular expression

2024-05-16 00:55:58 - [TEST_STEP][PASSED] - println("Error Message is present on the Confirmation page"): null

2024-05-16 00:55:58 - [TEST_STEP][PASSED] - out.println("Pass Record Number: " + row): null

2024-05-16 00:55:58 - [TEST_STEP][PASSED] - resText = "Pass": null

2024-05-16 00:55:58 - [TEST_STEP][PASSED] - pages.WriteExcel.demoKey(resText, datText, resColumn, datCloumn, fileLoc, nameSheet, row): pages.WriteExcel.demoKey is PASSED

2024-05-16 00:55:58 - [MESSAGE][PASSED] - pages.WriteExcel.demoKey is PASSED

2024-05-16 00:55:58 - [TEST_STEP][PASSED] - ExecuteTC = findTestData(dataFile).getValue("Execute", row): null

2024-05-16 00:55:58 - [TEST_STEP][PASSED] - out.println("Value of Execute is : " + ExecuteTC): null

2024-05-16 00:55:58 - [TEST_STEP][PASSED] - if (ExecuteTC.equalsIgnoreCase("Y")): null

2024-05-16 00:55:58 - [TEST_STEP][PASSED] - out.println("Begin Record Number: " + row): null

2024-05-16 00:55:58 - [TEST_STEP][PASSED] - today = new java.util.Date(): null

2024-05-16 00:55:58 - [TEST_STEP][PASSED] - println(today): null

2024-05-16 00:55:58 - [TEST_STEP][PASSED] - datText = today: null

2024-05-16 00:55:58 - [TEST_STEP][PASSED] - appID = findTestData(dataFile).getValue("AppID", row): null

2024-05-16 00:55:58 - [TEST_STEP][PASSED] - username = findTestData(dataFile).getValue("Username", row): null

2024-05-16 00:55:58 - [TEST_STEP][PASSED] - password = findTestData(dataFile).getValue("Password", row): null

2024-05-16 00:55:58 - [TEST_STEP][PASSED] - errorMsg = findTestData(dataFile).getValue("ErrorMsg", row): null

2024-05-16 00:55:58 - [TEST_STEP][PASSED] - tranType = findTestData(dataFile).getValue("TranType", row): null

2024-05-16 00:55:58 - [TEST_STEP][PASSED] - mv = findTestData(dataFile).getValue("MV", row): null

2024-05-16 00:55:58 - [TEST_STEP][PASSED] - resFormat = findTestData(dataFile).getValue("ResFormat", row): null

2024-05-16 00:55:58 - [TEST_STEP][PASSED] - fName = findTestData(dataFile).getValue("Fname", row): null

2024-05-16 00:55:58 - [TEST_STEP][PASSED] - lName = findTestData(dataFile).getValue("Lname", row): null

2024-05-16 00:55:58 - [TEST_STEP][PASSED] - al1 = findTestData(dataFile).getValue("AL1", row): null

2024-05-16 00:55:58 - [TEST_STEP][PASSED] - city = findTestData(dataFile).getValue("City", row): null

2024-05-16 00:55:59 - [TEST_STEP][PASSED] - state = findTestData(dataFile).getValue("State", row): null

2024-05-16 00:55:59 - [TEST_STEP][PASSED] - zip = findTestData(dataFile).getValue("ZIP", row): null

2024-05-16 00:55:59 - [TEST_STEP][PASSED] - checkType = findTestData(dataFile).getValue("CheckType", row): null

2024-05-16 00:55:59 - [TEST_STEP][PASSED] - acNumber = findTestData(dataFile).getValue("AcNumber", row): null

2024-05-16 00:55:59 - [TEST_STEP][PASSED] - company = findTestData(dataFile).getValue("Company", row): null

2024-05-16 00:55:59 - [TEST_STEP][PASSED] - acType = findTestData(dataFile).getValue("AcType", row): null

2024-05-16 00:55:59 - [TEST_STEP][PASSED] - rtn = findTestData(dataFile).getValue("RTN", row): null

2024-05-16 00:55:59 - [TEST_STEP][PASSED] - amount = findTestData(dataFile).getValue("Amount", row): null

2024-05-16 00:55:59 - [TEST_STEP][PASSED] - sec = findTestData(dataFile).getValue("SEC", row): null

2024-05-16 00:55:59 - [TEST_STEP][PASSED] - openBrowser(VLinkURL + "debit.html"): Browser is opened with url: 'https://dev-algorithm.govolution.com/vlinktest/QA2/version_2_0/debit.html'

2024-05-16 00:55:59 - [MESSAGE][WARNING] - A browser is already opened. Closing browser and opening a new one

2024-05-16 00:56:00 - [MESSAGE][INFO] - Starting 'Chrome' driver

2024-05-16 00:56:00 - [MESSAGE][INFO] - User set preference: ['acceptInsecureCerts', 'true']

2024-05-16 00:56:00 - [MESSAGE][INFO] - Action delay is set to 0 milliseconds

2024-05-16 00:56:02 - [MESSAGE][PASSED] - Browser is opened with url: 'https://dev-algorithm.govolution.com/vlinktest/QA2/version_2_0/debit.html'

2024-05-16 00:56:02 - [TEST_STEP][PASSED] - maximizeWindow(): Current window maximized

2024-05-16 00:56:03 - [MESSAGE][PASSED] - Current window maximized

2024-05-16 00:56:03 - [TEST_STEP][PASSED] - setText(findTestObject("Object Repository/RecAndPlayBk/Page-Vlink-Debit/input_Transaction Type"), tranType): Text '200' is set on object 'Object Repository/RecAndPlayBk/Page-Vlink-Debit/input_Transaction Type'

2024-05-16 00:56:04 - [MESSAGE][PASSED] - Text '200' is set on object 'Object Repository/RecAndPlayBk/Page-Vlink-Debit/input_Transaction Type'

2024-05-16 00:56:04 - [TEST_STEP][PASSED] - setText(findTestObject("Object Repository/RecAndPlayBk/Page-Vlink-Debit/input_Message Version"), mv): Text '2.0A' is set on object 'Object Repository/RecAndPlayBk/Page-Vlink-Debit/input_Message Version'

2024-05-16 00:56:04 - [MESSAGE][PASSED] - Text '2.0A' is set on object 'Object Repository/RecAndPlayBk/Page-Vlink-Debit/input_Message Version'

2024-05-16 00:56:04 - [TEST_STEP][PASSED] - genRemID = RandomStringUtils.random(12, true, true): null

2024-05-16 00:56:04 - [TEST_STEP][PASSED] - setText(findTestObject("RecAndPlayBk/Page-Vlink-Debit/input_Remittance Id"), genRemID): Text 'juNIyMt3Xma3' is set on object 'Object Repository/RecAndPlayBk/Page-Vlink-Debit/input_Remittance Id'

2024-05-16 00:56:05 - [MESSAGE][PASSED] - Text 'juNIyMt3Xma3' is set on object 'Object Repository/RecAndPlayBk/Page-Vlink-Debit/input_Remittance Id'

2024-05-16 00:56:05 - [TEST_STEP][PASSED] - setText(findTestObject("RecAndPlayBk/Page-Vlink-Debit/input_Application Id"), appID): Text '234' is set on object 'Object Repository/RecAndPlayBk/Page-Vlink-Debit/input_Application Id'

2024-05-16 00:56:06 - [MESSAGE][PASSED] - Text '234' is set on object 'Object Repository/RecAndPlayBk/Page-Vlink-Debit/input_Application Id'

2024-05-16 00:56:06 - [TEST_STEP][PASSED] - setText(findTestObject("RecAndPlayBk/Page-Vlink-Debit/input_Username"), username): Text 'username' is set on object 'Object Repository/RecAndPlayBk/Page-Vlink-Debit/input_Username'

2024-05-16 00:56:06 - [MESSAGE][PASSED] - Text 'username' is set on object 'Object Repository/RecAndPlayBk/Page-Vlink-Debit/input_Username'

2024-05-16 00:56:06 - [TEST_STEP][PASSED] - setText(findTestObject("RecAndPlayBk/Page-Vlink-Debit/input_Password"), password): Text 'password' is set on object 'Object Repository/RecAndPlayBk/Page-Vlink-Debit/input_Password'

2024-05-16 00:56:07 - [MESSAGE][PASSED] - Text 'password' is set on object 'Object Repository/RecAndPlayBk/Page-Vlink-Debit/input_Password'

2024-05-16 00:56:07 - [TEST_STEP][PASSED] - setText(findTestObject("Object Repository/RecAndPlayBk/Page-Vlink-Debit/input_Response Format"), resFormat): Text 'fixed_width' is set on object 'Object Repository/RecAndPlayBk/Page-Vlink-Debit/input_Response Format'

2024-05-16 00:56:08 - [MESSAGE][PASSED] - Text 'fixed_width' is set on object 'Object Repository/RecAndPlayBk/Page-Vlink-Debit/input_Response Format'

2024-05-16 00:56:08 - [TEST_STEP][PASSED] - setText(findTestObject("RecAndPlayBk/Page-Vlink-Debit/input_Check Type"), checkType): Text 'P' is set on object 'Object Repository/RecAndPlayBk/Page-Vlink-Debit/input_Check Type'

2024-05-16 00:56:08 - [MESSAGE][PASSED] - Text 'P' is set on object 'Object Repository/RecAndPlayBk/Page-Vlink-Debit/input_Check Type'

2024-05-16 00:56:08 - [TEST_STEP][PASSED] - setText(findTestObject("Object Repository/RecAndPlayBk/Page-Vlink-Debit/input_First Name"), fName): Text 'Andy' is set on object 'Object Repository/RecAndPlayBk/Page-Vlink-Debit/input_First Name'

2024-05-16 00:56:09 - [MESSAGE][PASSED] - Text 'Andy' is set on object 'Object Repository/RecAndPlayBk/Page-Vlink-Debit/input_First Name'

2024-05-16 00:56:09 - [TEST_STEP][PASSED] - setText(findTestObject("Object Repository/RecAndPlayBk/Page-Vlink-Debit/input_Last Name"), lName): Text 'Roberts' is set on object 'Object Repository/RecAndPlayBk/Page-Vlink-Debit/input_Last Name'

2024-05-16 00:56:09 - [MESSAGE][PASSED] - Text 'Roberts' is set on object 'Object Repository/RecAndPlayBk/Page-Vlink-Debit/input_Last Name'

2024-05-16 00:56:09 - [TEST_STEP][PASSED] - setText(findTestObject("Object Repository/RecAndPlayBk/Page-Vlink-Debit/input_Address"), al1): Text '145 Main Street' is set on object 'Object Repository/RecAndPlayBk/Page-Vlink-Debit/input_Address'

2024-05-16 00:56:10 - [MESSAGE][PASSED] - Text '145 Main Street' is set on object 'Object Repository/RecAndPlayBk/Page-Vlink-Debit/input_Address'

2024-05-16 00:56:10 - [TEST_STEP][PASSED] - setText(findTestObject("Object Repository/RecAndPlayBk/Page-Vlink-Debit/input_City"), city): Text 'Arlington' is set on object 'Object Repository/RecAndPlayBk/Page-Vlink-Debit/input_City'

2024-05-16 00:56:11 - [MESSAGE][PASSED] - Text 'Arlington' is set on object 'Object Repository/RecAndPlayBk/Page-Vlink-Debit/input_City'

2024-05-16 00:56:11 - [TEST_STEP][PASSED] - setText(findTestObject("Object Repository/RecAndPlayBk/Page-Vlink-Debit/input_State"), state): Text 'VA' is set on object 'Object Repository/RecAndPlayBk/Page-Vlink-Debit/input_State'

2024-05-16 00:56:11 - [MESSAGE][PASSED] - Text 'VA' is set on object 'Object Repository/RecAndPlayBk/Page-Vlink-Debit/input_State'

2024-05-16 00:56:11 - [TEST_STEP][PASSED] - setText(findTestObject("Object Repository/RecAndPlayBk/Page-Vlink-Debit/input_Zip"), zip): Text '22201' is set on object 'Object Repository/RecAndPlayBk/Page-Vlink-Debit/input_Zip'

2024-05-16 00:56:12 - [MESSAGE][PASSED] - Text '22201' is set on object 'Object Repository/RecAndPlayBk/Page-Vlink-Debit/input_Zip'

2024-05-16 00:56:12 - [TEST_STEP][PASSED] - setText(findTestObject("RecAndPlayBk/Page-Vlink-Debit/input_Account_check"), acNumber): Text '58963214' is set on object 'Object Repository/RecAndPlayBk/Page-Vlink-Debit/input_Account_check'

2024-05-16 00:56:13 - [MESSAGE][PASSED] - Text '58963214' is set on object 'Object Repository/RecAndPlayBk/Page-Vlink-Debit/input_Account_check'

2024-05-16 00:56:13 - [TEST_STEP][PASSED] - setText(findTestObject("RecAndPlayBk/Page-Vlink-Debit/input_Company_check"), company): Text '' is set on object 'Object Repository/RecAndPlayBk/Page-Vlink-Debit/input_Company_check'

2024-05-16 00:56:14 - [MESSAGE][PASSED] - Text '' is set on object 'Object Repository/RecAndPlayBk/Page-Vlink-Debit/input_Company_check'

2024-05-16 00:56:14 - [TEST_STEP][PASSED] - setText(findTestObject("RecAndPlayBk/Page-Vlink-Debit/input_Account Type"), acType): Text '1' is set on object 'Object Repository/RecAndPlayBk/Page-Vlink-Debit/input_Account Type'

2024-05-16 00:56:14 - [MESSAGE][PASSED] - Text '1' is set on object 'Object Repository/RecAndPlayBk/Page-Vlink-Debit/input_Account Type'

2024-05-16 00:56:14 - [TEST_STEP][PASSED] - setText(findTestObject("RecAndPlayBk/Page-Vlink-Debit/input_Routing Number"), rtn): Text '256072691' is set on object 'Object Repository/RecAndPlayBk/Page-Vlink-Debit/input_Routing Number'

2024-05-16 00:56:15 - [MESSAGE][PASSED] - Text '256072691' is set on object 'Object Repository/RecAndPlayBk/Page-Vlink-Debit/input_Routing Number'

2024-05-16 00:56:15 - [TEST_STEP][PASSED] - setText(findTestObject("RecAndPlayBk/Page-Vlink-Debit/input_Amount"), amount): Text '' is set on object 'Object Repository/RecAndPlayBk/Page-Vlink-Debit/input_Amount'

2024-05-16 00:56:15 - [MESSAGE][PASSED] - Text '' is set on object 'Object Repository/RecAndPlayBk/Page-Vlink-Debit/input_Amount'

2024-05-16 00:56:15 - [TEST_STEP][PASSED] - setText(findTestObject("RecAndPlayBk/Page-Vlink-Debit/input_Check Email"), ""): Text '' is set on object 'Object Repository/RecAndPlayBk/Page-Vlink-Debit/input_Check Email'

2024-05-16 00:56:16 - [MESSAGE][PASSED] - Text '' is set on object 'Object Repository/RecAndPlayBk/Page-Vlink-Debit/input_Check Email'

2024-05-16 00:56:16 - [TEST_STEP][PASSED] - setText(findTestObject("Object Repository/RecAndPlayBk/Page-Vlink-Debit/input_concat(CheckWriter, , s SSN)_check_ssn"), ""): Text '' is set on object 'Object Repository/RecAndPlayBk/Page-Vlink-Debit/input_concat(CheckWriter, , s SSN)_check_ssn'

2024-05-16 00:56:17 - [MESSAGE][PASSED] - Text '' is set on object 'Object Repository/RecAndPlayBk/Page-Vlink-Debit/input_concat(CheckWriter, , s SSN)_check_ssn'

2024-05-16 00:56:17 - [TEST_STEP][PASSED] - setText(findTestObject("Object Repository/RecAndPlayBk/Page-Vlink-Debit/input_concat(CheckWriter, , s License Numbe_020fef"), ""): Text '' is set on object 'Object Repository/RecAndPlayBk/Page-Vlink-Debit/input_concat(CheckWriter, , s License Numbe_020fef'

2024-05-16 00:56:17 - [MESSAGE][PASSED] - Text '' is set on object 'Object Repository/RecAndPlayBk/Page-Vlink-Debit/input_concat(CheckWriter, , s License Numbe_020fef'

2024-05-16 00:56:17 - [TEST_STEP][PASSED] - setText(findTestObject("Object Repository/RecAndPlayBk/Page-Vlink-Debit/input_concat(CheckWriter, , s License State_21e3e7"), ""): Text '' is set on object 'Object Repository/RecAndPlayBk/Page-Vlink-Debit/input_concat(CheckWriter, , s License State_21e3e7'

2024-05-16 00:56:18 - [MESSAGE][PASSED] - Text '' is set on object 'Object Repository/RecAndPlayBk/Page-Vlink-Debit/input_concat(CheckWriter, , s License State_21e3e7'

2024-05-16 00:56:18 - [TEST_STEP][PASSED] - setText(findTestObject("RecAndPlayBk/Page-Vlink-Debit/input_Standard Entry Class"), sec): Text 'WEB' is set on object 'Object Repository/RecAndPlayBk/Page-Vlink-Debit/input_Standard Entry Class'

2024-05-16 00:56:19 - [MESSAGE][PASSED] - Text 'WEB' is set on object 'Object Repository/RecAndPlayBk/Page-Vlink-Debit/input_Standard Entry Class'

2024-05-16 00:56:19 - [TEST_STEP][PASSED] - click(findTestObject("Object Repository/RecAndPlayBk/Page-Vlink-Debit/input")): Object: 'Object Repository/RecAndPlayBk/Page-Vlink-Debit/input' is clicked on

2024-05-16 00:56:19 - [MESSAGE][PASSED] - Object: 'Object Repository/RecAndPlayBk/Page-Vlink-Debit/input' is clicked on

2024-05-16 00:56:19 - [TEST_STEP][PASSED] - if (verifyTextPresent(errorMsg, true)): null

2024-05-16 00:56:20 - [MESSAGE][PASSED] - Text 'amount' is present on page  using regular expression

2024-05-16 00:56:20 - [TEST_STEP][PASSED] - println("Error Message is present on the Confirmation page"): null

2024-05-16 00:56:20 - [TEST_STEP][PASSED] - out.println("Pass Record Number: " + row): null

2024-05-16 00:56:20 - [TEST_STEP][PASSED] - resText = "Pass": null

2024-05-16 00:56:20 - [TEST_STEP][PASSED] - pages.WriteExcel.demoKey(resText, datText, resColumn, datCloumn, fileLoc, nameSheet, row): pages.WriteExcel.demoKey is PASSED

2024-05-16 00:56:20 - [MESSAGE][PASSED] - pages.WriteExcel.demoKey is PASSED

2024-05-16 00:56:20 - [TEST_STEP][PASSED] - ExecuteTC = findTestData(dataFile).getValue("Execute", row): null

2024-05-16 00:56:20 - [TEST_STEP][PASSED] - out.println("Value of Execute is : " + ExecuteTC): null

2024-05-16 00:56:20 - [TEST_STEP][PASSED] - if (ExecuteTC.equalsIgnoreCase("Y")): null

2024-05-16 00:56:20 - [TEST_STEP][PASSED] - out.println("Begin Record Number: " + row): null

2024-05-16 00:56:20 - [TEST_STEP][PASSED] - today = new java.util.Date(): null

2024-05-16 00:56:20 - [TEST_STEP][PASSED] - println(today): null

2024-05-16 00:56:20 - [TEST_STEP][PASSED] - datText = today: null

2024-05-16 00:56:20 - [TEST_STEP][PASSED] - appID = findTestData(dataFile).getValue("AppID", row): null

2024-05-16 00:56:20 - [TEST_STEP][PASSED] - username = findTestData(dataFile).getValue("Username", row): null

2024-05-16 00:56:20 - [TEST_STEP][PASSED] - password = findTestData(dataFile).getValue("Password", row): null

2024-05-16 00:56:20 - [TEST_STEP][PASSED] - errorMsg = findTestData(dataFile).getValue("ErrorMsg", row): null

2024-05-16 00:56:20 - [TEST_STEP][PASSED] - tranType = findTestData(dataFile).getValue("TranType", row): null

2024-05-16 00:56:20 - [TEST_STEP][PASSED] - mv = findTestData(dataFile).getValue("MV", row): null

2024-05-16 00:56:20 - [TEST_STEP][PASSED] - resFormat = findTestData(dataFile).getValue("ResFormat", row): null

2024-05-16 00:56:20 - [TEST_STEP][PASSED] - fName = findTestData(dataFile).getValue("Fname", row): null

2024-05-16 00:56:20 - [TEST_STEP][PASSED] - lName = findTestData(dataFile).getValue("Lname", row): null

2024-05-16 00:56:20 - [TEST_STEP][PASSED] - al1 = findTestData(dataFile).getValue("AL1", row): null

2024-05-16 00:56:20 - [TEST_STEP][PASSED] - city = findTestData(dataFile).getValue("City", row): null

2024-05-16 00:56:20 - [TEST_STEP][PASSED] - state = findTestData(dataFile).getValue("State", row): null

2024-05-16 00:56:21 - [TEST_STEP][PASSED] - zip = findTestData(dataFile).getValue("ZIP", row): null

2024-05-16 00:56:21 - [TEST_STEP][PASSED] - checkType = findTestData(dataFile).getValue("CheckType", row): null

2024-05-16 00:56:21 - [TEST_STEP][PASSED] - acNumber = findTestData(dataFile).getValue("AcNumber", row): null

2024-05-16 00:56:21 - [TEST_STEP][PASSED] - company = findTestData(dataFile).getValue("Company", row): null

2024-05-16 00:56:21 - [TEST_STEP][PASSED] - acType = findTestData(dataFile).getValue("AcType", row): null

2024-05-16 00:56:21 - [TEST_STEP][PASSED] - rtn = findTestData(dataFile).getValue("RTN", row): null

2024-05-16 00:56:21 - [TEST_STEP][PASSED] - amount = findTestData(dataFile).getValue("Amount", row): null

2024-05-16 00:56:21 - [TEST_STEP][PASSED] - sec = findTestData(dataFile).getValue("SEC", row): null

2024-05-16 00:56:21 - [TEST_STEP][PASSED] - openBrowser(VLinkURL + "debit.html"): Browser is opened with url: 'https://dev-algorithm.govolution.com/vlinktest/QA2/version_2_0/debit.html'

2024-05-16 00:56:21 - [MESSAGE][WARNING] - A browser is already opened. Closing browser and opening a new one

2024-05-16 00:56:22 - [MESSAGE][INFO] - Starting 'Chrome' driver

2024-05-16 00:56:22 - [MESSAGE][INFO] - User set preference: ['acceptInsecureCerts', 'true']

2024-05-16 00:56:22 - [MESSAGE][INFO] - Action delay is set to 0 milliseconds

2024-05-16 00:56:24 - [MESSAGE][PASSED] - Browser is opened with url: 'https://dev-algorithm.govolution.com/vlinktest/QA2/version_2_0/debit.html'

2024-05-16 00:56:24 - [TEST_STEP][PASSED] - maximizeWindow(): Current window maximized

2024-05-16 00:56:25 - [MESSAGE][PASSED] - Current window maximized

2024-05-16 00:56:25 - [TEST_STEP][PASSED] - setText(findTestObject("Object Repository/RecAndPlayBk/Page-Vlink-Debit/input_Transaction Type"), tranType): Text '200' is set on object 'Object Repository/RecAndPlayBk/Page-Vlink-Debit/input_Transaction Type'

2024-05-16 00:56:26 - [MESSAGE][PASSED] - Text '200' is set on object 'Object Repository/RecAndPlayBk/Page-Vlink-Debit/input_Transaction Type'

2024-05-16 00:56:26 - [TEST_STEP][PASSED] - setText(findTestObject("Object Repository/RecAndPlayBk/Page-Vlink-Debit/input_Message Version"), mv): Text '2.0A' is set on object 'Object Repository/RecAndPlayBk/Page-Vlink-Debit/input_Message Version'

2024-05-16 00:56:26 - [MESSAGE][PASSED] - Text '2.0A' is set on object 'Object Repository/RecAndPlayBk/Page-Vlink-Debit/input_Message Version'

2024-05-16 00:56:26 - [TEST_STEP][PASSED] - genRemID = RandomStringUtils.random(12, true, true): null

2024-05-16 00:56:26 - [TEST_STEP][PASSED] - setText(findTestObject("RecAndPlayBk/Page-Vlink-Debit/input_Remittance Id"), genRemID): Text '3941l1dvXgFa' is set on object 'Object Repository/RecAndPlayBk/Page-Vlink-Debit/input_Remittance Id'

2024-05-16 00:56:27 - [MESSAGE][PASSED] - Text '3941l1dvXgFa' is set on object 'Object Repository/RecAndPlayBk/Page-Vlink-Debit/input_Remittance Id'

2024-05-16 00:56:27 - [TEST_STEP][PASSED] - setText(findTestObject("RecAndPlayBk/Page-Vlink-Debit/input_Application Id"), appID): Text '234' is set on object 'Object Repository/RecAndPlayBk/Page-Vlink-Debit/input_Application Id'

2024-05-16 00:56:27 - [MESSAGE][PASSED] - Text '234' is set on object 'Object Repository/RecAndPlayBk/Page-Vlink-Debit/input_Application Id'

2024-05-16 00:56:27 - [TEST_STEP][PASSED] - setText(findTestObject("RecAndPlayBk/Page-Vlink-Debit/input_Username"), username): Text 'username' is set on object 'Object Repository/RecAndPlayBk/Page-Vlink-Debit/input_Username'

2024-05-16 00:56:28 - [MESSAGE][PASSED] - Text 'username' is set on object 'Object Repository/RecAndPlayBk/Page-Vlink-Debit/input_Username'

2024-05-16 00:56:28 - [TEST_STEP][PASSED] - setText(findTestObject("RecAndPlayBk/Page-Vlink-Debit/input_Password"), password): Text 'password' is set on object 'Object Repository/RecAndPlayBk/Page-Vlink-Debit/input_Password'

2024-05-16 00:56:29 - [MESSAGE][PASSED] - Text 'password' is set on object 'Object Repository/RecAndPlayBk/Page-Vlink-Debit/input_Password'

2024-05-16 00:56:29 - [TEST_STEP][PASSED] - setText(findTestObject("Object Repository/RecAndPlayBk/Page-Vlink-Debit/input_Response Format"), resFormat): Text 'fixed_width' is set on object 'Object Repository/RecAndPlayBk/Page-Vlink-Debit/input_Response Format'

2024-05-16 00:56:29 - [MESSAGE][PASSED] - Text 'fixed_width' is set on object 'Object Repository/RecAndPlayBk/Page-Vlink-Debit/input_Response Format'

2024-05-16 00:56:29 - [TEST_STEP][PASSED] - setText(findTestObject("RecAndPlayBk/Page-Vlink-Debit/input_Check Type"), checkType): Text 'P' is set on object 'Object Repository/RecAndPlayBk/Page-Vlink-Debit/input_Check Type'

2024-05-16 00:56:30 - [MESSAGE][PASSED] - Text 'P' is set on object 'Object Repository/RecAndPlayBk/Page-Vlink-Debit/input_Check Type'

2024-05-16 00:56:30 - [TEST_STEP][PASSED] - setText(findTestObject("Object Repository/RecAndPlayBk/Page-Vlink-Debit/input_First Name"), fName): Text 'Andy' is set on object 'Object Repository/RecAndPlayBk/Page-Vlink-Debit/input_First Name'

2024-05-16 00:56:31 - [MESSAGE][PASSED] - Text 'Andy' is set on object 'Object Repository/RecAndPlayBk/Page-Vlink-Debit/input_First Name'

2024-05-16 00:56:31 - [TEST_STEP][PASSED] - setText(findTestObject("Object Repository/RecAndPlayBk/Page-Vlink-Debit/input_Last Name"), lName): Text 'Roberts' is set on object 'Object Repository/RecAndPlayBk/Page-Vlink-Debit/input_Last Name'

2024-05-16 00:56:31 - [MESSAGE][PASSED] - Text 'Roberts' is set on object 'Object Repository/RecAndPlayBk/Page-Vlink-Debit/input_Last Name'

2024-05-16 00:56:31 - [TEST_STEP][PASSED] - setText(findTestObject("Object Repository/RecAndPlayBk/Page-Vlink-Debit/input_Address"), al1): Text '145 Main Street' is set on object 'Object Repository/RecAndPlayBk/Page-Vlink-Debit/input_Address'

2024-05-16 00:56:32 - [MESSAGE][PASSED] - Text '145 Main Street' is set on object 'Object Repository/RecAndPlayBk/Page-Vlink-Debit/input_Address'

2024-05-16 00:56:32 - [TEST_STEP][PASSED] - setText(findTestObject("Object Repository/RecAndPlayBk/Page-Vlink-Debit/input_City"), city): Text 'Arlington' is set on object 'Object Repository/RecAndPlayBk/Page-Vlink-Debit/input_City'

2024-05-16 00:56:33 - [MESSAGE][PASSED] - Text 'Arlington' is set on object 'Object Repository/RecAndPlayBk/Page-Vlink-Debit/input_City'

2024-05-16 00:56:33 - [TEST_STEP][PASSED] - setText(findTestObject("Object Repository/RecAndPlayBk/Page-Vlink-Debit/input_State"), state): Text 'VA' is set on object 'Object Repository/RecAndPlayBk/Page-Vlink-Debit/input_State'

2024-05-16 00:56:33 - [MESSAGE][PASSED] - Text 'VA' is set on object 'Object Repository/RecAndPlayBk/Page-Vlink-Debit/input_State'

2024-05-16 00:56:33 - [TEST_STEP][PASSED] - setText(findTestObject("Object Repository/RecAndPlayBk/Page-Vlink-Debit/input_Zip"), zip): Text '22201' is set on object 'Object Repository/RecAndPlayBk/Page-Vlink-Debit/input_Zip'

2024-05-16 00:56:34 - [MESSAGE][PASSED] - Text '22201' is set on object 'Object Repository/RecAndPlayBk/Page-Vlink-Debit/input_Zip'

2024-05-16 00:56:34 - [TEST_STEP][PASSED] - setText(findTestObject("RecAndPlayBk/Page-Vlink-Debit/input_Account_check"), acNumber): Text '58963214' is set on object 'Object Repository/RecAndPlayBk/Page-Vlink-Debit/input_Account_check'

2024-05-16 00:56:35 - [MESSAGE][PASSED] - Text '58963214' is set on object 'Object Repository/RecAndPlayBk/Page-Vlink-Debit/input_Account_check'

2024-05-16 00:56:35 - [TEST_STEP][PASSED] - setText(findTestObject("RecAndPlayBk/Page-Vlink-Debit/input_Company_check"), company): Text '' is set on object 'Object Repository/RecAndPlayBk/Page-Vlink-Debit/input_Company_check'

2024-05-16 00:56:35 - [MESSAGE][PASSED] - Text '' is set on object 'Object Repository/RecAndPlayBk/Page-Vlink-Debit/input_Company_check'

2024-05-16 00:56:35 - [TEST_STEP][PASSED] - setText(findTestObject("RecAndPlayBk/Page-Vlink-Debit/input_Account Type"), acType): Text '1' is set on object 'Object Repository/RecAndPlayBk/Page-Vlink-Debit/input_Account Type'

2024-05-16 00:56:36 - [MESSAGE][PASSED] - Text '1' is set on object 'Object Repository/RecAndPlayBk/Page-Vlink-Debit/input_Account Type'

2024-05-16 00:56:36 - [TEST_STEP][PASSED] - setText(findTestObject("RecAndPlayBk/Page-Vlink-Debit/input_Routing Number"), rtn): Text '256072691' is set on object 'Object Repository/RecAndPlayBk/Page-Vlink-Debit/input_Routing Number'

2024-05-16 00:56:37 - [MESSAGE][PASSED] - Text '256072691' is set on object 'Object Repository/RecAndPlayBk/Page-Vlink-Debit/input_Routing Number'

2024-05-16 00:56:37 - [TEST_STEP][PASSED] - setText(findTestObject("RecAndPlayBk/Page-Vlink-Debit/input_Amount"), amount): Text '12.50' is set on object 'Object Repository/RecAndPlayBk/Page-Vlink-Debit/input_Amount'

2024-05-16 00:56:37 - [MESSAGE][PASSED] - Text '12.50' is set on object 'Object Repository/RecAndPlayBk/Page-Vlink-Debit/input_Amount'

2024-05-16 00:56:37 - [TEST_STEP][PASSED] - setText(findTestObject("RecAndPlayBk/Page-Vlink-Debit/input_Check Email"), ""): Text '' is set on object 'Object Repository/RecAndPlayBk/Page-Vlink-Debit/input_Check Email'

2024-05-16 00:56:38 - [MESSAGE][PASSED] - Text '' is set on object 'Object Repository/RecAndPlayBk/Page-Vlink-Debit/input_Check Email'

2024-05-16 00:56:38 - [TEST_STEP][PASSED] - setText(findTestObject("Object Repository/RecAndPlayBk/Page-Vlink-Debit/input_concat(CheckWriter, , s SSN)_check_ssn"), ""): Text '' is set on object 'Object Repository/RecAndPlayBk/Page-Vlink-Debit/input_concat(CheckWriter, , s SSN)_check_ssn'

2024-05-16 00:56:39 - [MESSAGE][PASSED] - Text '' is set on object 'Object Repository/RecAndPlayBk/Page-Vlink-Debit/input_concat(CheckWriter, , s SSN)_check_ssn'

2024-05-16 00:56:39 - [TEST_STEP][PASSED] - setText(findTestObject("Object Repository/RecAndPlayBk/Page-Vlink-Debit/input_concat(CheckWriter, , s License Numbe_020fef"), ""): Text '' is set on object 'Object Repository/RecAndPlayBk/Page-Vlink-Debit/input_concat(CheckWriter, , s License Numbe_020fef'

2024-05-16 00:56:39 - [MESSAGE][PASSED] - Text '' is set on object 'Object Repository/RecAndPlayBk/Page-Vlink-Debit/input_concat(CheckWriter, , s License Numbe_020fef'

2024-05-16 00:56:39 - [TEST_STEP][PASSED] - setText(findTestObject("Object Repository/RecAndPlayBk/Page-Vlink-Debit/input_concat(CheckWriter, , s License State_21e3e7"), ""): Text '' is set on object 'Object Repository/RecAndPlayBk/Page-Vlink-Debit/input_concat(CheckWriter, , s License State_21e3e7'

2024-05-16 00:56:40 - [MESSAGE][PASSED] - Text '' is set on object 'Object Repository/RecAndPlayBk/Page-Vlink-Debit/input_concat(CheckWriter, , s License State_21e3e7'

2024-05-16 00:56:40 - [TEST_STEP][PASSED] - setText(findTestObject("RecAndPlayBk/Page-Vlink-Debit/input_Standard Entry Class"), sec): Text '' is set on object 'Object Repository/RecAndPlayBk/Page-Vlink-Debit/input_Standard Entry Class'

2024-05-16 00:56:41 - [MESSAGE][PASSED] - Text '' is set on object 'Object Repository/RecAndPlayBk/Page-Vlink-Debit/input_Standard Entry Class'

2024-05-16 00:56:41 - [TEST_STEP][PASSED] - click(findTestObject("Object Repository/RecAndPlayBk/Page-Vlink-Debit/input")): Object: 'Object Repository/RecAndPlayBk/Page-Vlink-Debit/input' is clicked on

2024-05-16 00:56:41 - [MESSAGE][PASSED] - Object: 'Object Repository/RecAndPlayBk/Page-Vlink-Debit/input' is clicked on

2024-05-16 00:56:41 - [TEST_STEP][PASSED] - if (verifyTextPresent(errorMsg, true)): null

2024-05-16 00:56:41 - [MESSAGE][PASSED] - Text 'standard_entry_class' is present on page  using regular expression

2024-05-16 00:56:41 - [TEST_STEP][PASSED] - println("Error Message is present on the Confirmation page"): null

2024-05-16 00:56:41 - [TEST_STEP][PASSED] - out.println("Pass Record Number: " + row): null

2024-05-16 00:56:41 - [TEST_STEP][PASSED] - resText = "Pass": null

2024-05-16 00:56:41 - [TEST_STEP][PASSED] - pages.WriteExcel.demoKey(resText, datText, resColumn, datCloumn, fileLoc, nameSheet, row): pages.WriteExcel.demoKey is PASSED

2024-05-16 00:56:42 - [MESSAGE][PASSED] - pages.WriteExcel.demoKey is PASSED

2024-05-16 00:56:42 - [TEST_STEP][PASSED] - ExecuteTC = findTestData(dataFile).getValue("Execute", row): null

2024-05-16 00:56:42 - [TEST_STEP][PASSED] - out.println("Value of Execute is : " + ExecuteTC): null

2024-05-16 00:56:42 - [TEST_STEP][PASSED] - if (ExecuteTC.equalsIgnoreCase("Y")): null

2024-05-16 00:56:42 - [TEST_STEP][PASSED] - out.println("Begin Record Number: " + row): null

2024-05-16 00:56:42 - [TEST_STEP][PASSED] - today = new java.util.Date(): null

2024-05-16 00:56:42 - [TEST_STEP][PASSED] - println(today): null

2024-05-16 00:56:42 - [TEST_STEP][PASSED] - datText = today: null

2024-05-16 00:56:42 - [TEST_STEP][PASSED] - appID = findTestData(dataFile).getValue("AppID", row): null

2024-05-16 00:56:42 - [TEST_STEP][PASSED] - username = findTestData(dataFile).getValue("Username", row): null

2024-05-16 00:56:42 - [TEST_STEP][PASSED] - password = findTestData(dataFile).getValue("Password", row): null

2024-05-16 00:56:42 - [TEST_STEP][PASSED] - errorMsg = findTestData(dataFile).getValue("ErrorMsg", row): null

2024-05-16 00:56:42 - [TEST_STEP][PASSED] - tranType = findTestData(dataFile).getValue("TranType", row): null

2024-05-16 00:56:42 - [TEST_STEP][PASSED] - mv = findTestData(dataFile).getValue("MV", row): null

2024-05-16 00:56:42 - [TEST_STEP][PASSED] - resFormat = findTestData(dataFile).getValue("ResFormat", row): null

2024-05-16 00:56:42 - [TEST_STEP][PASSED] - fName = findTestData(dataFile).getValue("Fname", row): null

2024-05-16 00:56:42 - [TEST_STEP][PASSED] - lName = findTestData(dataFile).getValue("Lname", row): null

2024-05-16 00:56:42 - [TEST_STEP][PASSED] - al1 = findTestData(dataFile).getValue("AL1", row): null

2024-05-16 00:56:42 - [TEST_STEP][PASSED] - city = findTestData(dataFile).getValue("City", row): null

2024-05-16 00:56:42 - [TEST_STEP][PASSED] - state = findTestData(dataFile).getValue("State", row): null

2024-05-16 00:56:42 - [TEST_STEP][PASSED] - zip = findTestData(dataFile).getValue("ZIP", row): null

2024-05-16 00:56:43 - [TEST_STEP][PASSED] - checkType = findTestData(dataFile).getValue("CheckType", row): null

2024-05-16 00:56:43 - [TEST_STEP][PASSED] - acNumber = findTestData(dataFile).getValue("AcNumber", row): null

2024-05-16 00:56:43 - [TEST_STEP][PASSED] - company = findTestData(dataFile).getValue("Company", row): null

2024-05-16 00:56:43 - [TEST_STEP][PASSED] - acType = findTestData(dataFile).getValue("AcType", row): null

2024-05-16 00:56:43 - [TEST_STEP][PASSED] - rtn = findTestData(dataFile).getValue("RTN", row): null

2024-05-16 00:56:43 - [TEST_STEP][PASSED] - amount = findTestData(dataFile).getValue("Amount", row): null

2024-05-16 00:56:43 - [TEST_STEP][PASSED] - sec = findTestData(dataFile).getValue("SEC", row): null

2024-05-16 00:56:43 - [TEST_STEP][PASSED] - openBrowser(VLinkURL + "debit.html"): Browser is opened with url: 'https://dev-algorithm.govolution.com/vlinktest/QA2/version_2_0/debit.html'

2024-05-16 00:56:43 - [MESSAGE][WARNING] - A browser is already opened. Closing browser and opening a new one

2024-05-16 00:56:44 - [MESSAGE][INFO] - Starting 'Chrome' driver

2024-05-16 00:56:44 - [MESSAGE][INFO] - User set preference: ['acceptInsecureCerts', 'true']

2024-05-16 00:56:44 - [MESSAGE][INFO] - Action delay is set to 0 milliseconds

2024-05-16 00:56:46 - [MESSAGE][PASSED] - Browser is opened with url: 'https://dev-algorithm.govolution.com/vlinktest/QA2/version_2_0/debit.html'

2024-05-16 00:56:46 - [TEST_STEP][PASSED] - maximizeWindow(): Current window maximized

2024-05-16 00:56:46 - [MESSAGE][PASSED] - Current window maximized

2024-05-16 00:56:46 - [TEST_STEP][PASSED] - setText(findTestObject("Object Repository/RecAndPlayBk/Page-Vlink-Debit/input_Transaction Type"), tranType): Text '200' is set on object 'Object Repository/RecAndPlayBk/Page-Vlink-Debit/input_Transaction Type'

2024-05-16 00:56:47 - [MESSAGE][PASSED] - Text '200' is set on object 'Object Repository/RecAndPlayBk/Page-Vlink-Debit/input_Transaction Type'

2024-05-16 00:56:47 - [TEST_STEP][PASSED] - setText(findTestObject("Object Repository/RecAndPlayBk/Page-Vlink-Debit/input_Message Version"), mv): Text '2.0A' is set on object 'Object Repository/RecAndPlayBk/Page-Vlink-Debit/input_Message Version'

2024-05-16 00:56:48 - [MESSAGE][PASSED] - Text '2.0A' is set on object 'Object Repository/RecAndPlayBk/Page-Vlink-Debit/input_Message Version'

2024-05-16 00:56:48 - [TEST_STEP][PASSED] - genRemID = RandomStringUtils.random(12, true, true): null

2024-05-16 00:56:48 - [TEST_STEP][PASSED] - setText(findTestObject("RecAndPlayBk/Page-Vlink-Debit/input_Remittance Id"), genRemID): Text 'xPYkL9rKIOV3' is set on object 'Object Repository/RecAndPlayBk/Page-Vlink-Debit/input_Remittance Id'

2024-05-16 00:56:48 - [MESSAGE][PASSED] - Text 'xPYkL9rKIOV3' is set on object 'Object Repository/RecAndPlayBk/Page-Vlink-Debit/input_Remittance Id'

2024-05-16 00:56:48 - [TEST_STEP][PASSED] - setText(findTestObject("RecAndPlayBk/Page-Vlink-Debit/input_Application Id"), appID): Text '234' is set on object 'Object Repository/RecAndPlayBk/Page-Vlink-Debit/input_Application Id'

2024-05-16 00:56:49 - [MESSAGE][PASSED] - Text '234' is set on object 'Object Repository/RecAndPlayBk/Page-Vlink-Debit/input_Application Id'

2024-05-16 00:56:49 - [TEST_STEP][PASSED] - setText(findTestObject("RecAndPlayBk/Page-Vlink-Debit/input_Username"), username): Text 'username' is set on object 'Object Repository/RecAndPlayBk/Page-Vlink-Debit/input_Username'

2024-05-16 00:56:50 - [MESSAGE][PASSED] - Text 'username' is set on object 'Object Repository/RecAndPlayBk/Page-Vlink-Debit/input_Username'

2024-05-16 00:56:50 - [TEST_STEP][PASSED] - setText(findTestObject("RecAndPlayBk/Page-Vlink-Debit/input_Password"), password): Text 'password' is set on object 'Object Repository/RecAndPlayBk/Page-Vlink-Debit/input_Password'

2024-05-16 00:56:50 - [MESSAGE][PASSED] - Text 'password' is set on object 'Object Repository/RecAndPlayBk/Page-Vlink-Debit/input_Password'

2024-05-16 00:56:50 - [TEST_STEP][PASSED] - setText(findTestObject("Object Repository/RecAndPlayBk/Page-Vlink-Debit/input_Response Format"), resFormat): Text 'fixed_width' is set on object 'Object Repository/RecAndPlayBk/Page-Vlink-Debit/input_Response Format'

2024-05-16 00:56:51 - [MESSAGE][PASSED] - Text 'fixed_width' is set on object 'Object Repository/RecAndPlayBk/Page-Vlink-Debit/input_Response Format'

2024-05-16 00:56:51 - [TEST_STEP][PASSED] - setText(findTestObject("RecAndPlayBk/Page-Vlink-Debit/input_Check Type"), checkType): Text 'C' is set on object 'Object Repository/RecAndPlayBk/Page-Vlink-Debit/input_Check Type'

2024-05-16 00:56:52 - [MESSAGE][PASSED] - Text 'C' is set on object 'Object Repository/RecAndPlayBk/Page-Vlink-Debit/input_Check Type'

2024-05-16 00:56:52 - [TEST_STEP][PASSED] - setText(findTestObject("Object Repository/RecAndPlayBk/Page-Vlink-Debit/input_First Name"), fName): Text 'Andy' is set on object 'Object Repository/RecAndPlayBk/Page-Vlink-Debit/input_First Name'

2024-05-16 00:56:52 - [MESSAGE][PASSED] - Text 'Andy' is set on object 'Object Repository/RecAndPlayBk/Page-Vlink-Debit/input_First Name'

2024-05-16 00:56:52 - [TEST_STEP][PASSED] - setText(findTestObject("Object Repository/RecAndPlayBk/Page-Vlink-Debit/input_Last Name"), lName): Text 'Roberts' is set on object 'Object Repository/RecAndPlayBk/Page-Vlink-Debit/input_Last Name'

2024-05-16 00:56:53 - [MESSAGE][PASSED] - Text 'Roberts' is set on object 'Object Repository/RecAndPlayBk/Page-Vlink-Debit/input_Last Name'

2024-05-16 00:56:53 - [TEST_STEP][PASSED] - setText(findTestObject("Object Repository/RecAndPlayBk/Page-Vlink-Debit/input_Address"), al1): Text '145 Main Street' is set on object 'Object Repository/RecAndPlayBk/Page-Vlink-Debit/input_Address'

2024-05-16 00:56:54 - [MESSAGE][PASSED] - Text '145 Main Street' is set on object 'Object Repository/RecAndPlayBk/Page-Vlink-Debit/input_Address'

2024-05-16 00:56:54 - [TEST_STEP][PASSED] - setText(findTestObject("Object Repository/RecAndPlayBk/Page-Vlink-Debit/input_City"), city): Text 'Arlington' is set on object 'Object Repository/RecAndPlayBk/Page-Vlink-Debit/input_City'

2024-05-16 00:56:54 - [MESSAGE][PASSED] - Text 'Arlington' is set on object 'Object Repository/RecAndPlayBk/Page-Vlink-Debit/input_City'

2024-05-16 00:56:54 - [TEST_STEP][PASSED] - setText(findTestObject("Object Repository/RecAndPlayBk/Page-Vlink-Debit/input_State"), state): Text 'VA' is set on object 'Object Repository/RecAndPlayBk/Page-Vlink-Debit/input_State'

2024-05-16 00:56:55 - [MESSAGE][PASSED] - Text 'VA' is set on object 'Object Repository/RecAndPlayBk/Page-Vlink-Debit/input_State'

2024-05-16 00:56:55 - [TEST_STEP][PASSED] - setText(findTestObject("Object Repository/RecAndPlayBk/Page-Vlink-Debit/input_Zip"), zip): Text '22201' is set on object 'Object Repository/RecAndPlayBk/Page-Vlink-Debit/input_Zip'

2024-05-16 00:56:56 - [MESSAGE][PASSED] - Text '22201' is set on object 'Object Repository/RecAndPlayBk/Page-Vlink-Debit/input_Zip'

2024-05-16 00:56:56 - [TEST_STEP][PASSED] - setText(findTestObject("RecAndPlayBk/Page-Vlink-Debit/input_Account_check"), acNumber): Text '58963214' is set on object 'Object Repository/RecAndPlayBk/Page-Vlink-Debit/input_Account_check'

2024-05-16 00:56:56 - [MESSAGE][PASSED] - Text '58963214' is set on object 'Object Repository/RecAndPlayBk/Page-Vlink-Debit/input_Account_check'

2024-05-16 00:56:56 - [TEST_STEP][PASSED] - setText(findTestObject("RecAndPlayBk/Page-Vlink-Debit/input_Company_check"), company): Text '' is set on object 'Object Repository/RecAndPlayBk/Page-Vlink-Debit/input_Company_check'

2024-05-16 00:56:57 - [MESSAGE][PASSED] - Text '' is set on object 'Object Repository/RecAndPlayBk/Page-Vlink-Debit/input_Company_check'

2024-05-16 00:56:57 - [TEST_STEP][PASSED] - setText(findTestObject("RecAndPlayBk/Page-Vlink-Debit/input_Account Type"), acType): Text '' is set on object 'Object Repository/RecAndPlayBk/Page-Vlink-Debit/input_Account Type'

2024-05-16 00:56:58 - [MESSAGE][PASSED] - Text '' is set on object 'Object Repository/RecAndPlayBk/Page-Vlink-Debit/input_Account Type'

2024-05-16 00:56:58 - [TEST_STEP][PASSED] - setText(findTestObject("RecAndPlayBk/Page-Vlink-Debit/input_Routing Number"), rtn): Text '256072691' is set on object 'Object Repository/RecAndPlayBk/Page-Vlink-Debit/input_Routing Number'

2024-05-16 00:56:58 - [MESSAGE][PASSED] - Text '256072691' is set on object 'Object Repository/RecAndPlayBk/Page-Vlink-Debit/input_Routing Number'

2024-05-16 00:56:58 - [TEST_STEP][PASSED] - setText(findTestObject("RecAndPlayBk/Page-Vlink-Debit/input_Amount"), amount): Text '12.50' is set on object 'Object Repository/RecAndPlayBk/Page-Vlink-Debit/input_Amount'

2024-05-16 00:56:59 - [MESSAGE][PASSED] - Text '12.50' is set on object 'Object Repository/RecAndPlayBk/Page-Vlink-Debit/input_Amount'

2024-05-16 00:56:59 - [TEST_STEP][PASSED] - setText(findTestObject("RecAndPlayBk/Page-Vlink-Debit/input_Check Email"), ""): Text '' is set on object 'Object Repository/RecAndPlayBk/Page-Vlink-Debit/input_Check Email'

2024-05-16 00:57:00 - [MESSAGE][PASSED] - Text '' is set on object 'Object Repository/RecAndPlayBk/Page-Vlink-Debit/input_Check Email'

2024-05-16 00:57:00 - [TEST_STEP][PASSED] - setText(findTestObject("Object Repository/RecAndPlayBk/Page-Vlink-Debit/input_concat(CheckWriter, , s SSN)_check_ssn"), ""): Text '' is set on object 'Object Repository/RecAndPlayBk/Page-Vlink-Debit/input_concat(CheckWriter, , s SSN)_check_ssn'

2024-05-16 00:57:00 - [MESSAGE][PASSED] - Text '' is set on object 'Object Repository/RecAndPlayBk/Page-Vlink-Debit/input_concat(CheckWriter, , s SSN)_check_ssn'

2024-05-16 00:57:00 - [TEST_STEP][PASSED] - setText(findTestObject("Object Repository/RecAndPlayBk/Page-Vlink-Debit/input_concat(CheckWriter, , s License Numbe_020fef"), ""): Text '' is set on object 'Object Repository/RecAndPlayBk/Page-Vlink-Debit/input_concat(CheckWriter, , s License Numbe_020fef'

2024-05-16 00:57:01 - [MESSAGE][PASSED] - Text '' is set on object 'Object Repository/RecAndPlayBk/Page-Vlink-Debit/input_concat(CheckWriter, , s License Numbe_020fef'

2024-05-16 00:57:01 - [TEST_STEP][PASSED] - setText(findTestObject("Object Repository/RecAndPlayBk/Page-Vlink-Debit/input_concat(CheckWriter, , s License State_21e3e7"), ""): Text '' is set on object 'Object Repository/RecAndPlayBk/Page-Vlink-Debit/input_concat(CheckWriter, , s License State_21e3e7'

2024-05-16 00:57:01 - [MESSAGE][PASSED] - Text '' is set on object 'Object Repository/RecAndPlayBk/Page-Vlink-Debit/input_concat(CheckWriter, , s License State_21e3e7'

2024-05-16 00:57:01 - [TEST_STEP][PASSED] - setText(findTestObject("RecAndPlayBk/Page-Vlink-Debit/input_Standard Entry Class"), sec): Text 'CCD' is set on object 'Object Repository/RecAndPlayBk/Page-Vlink-Debit/input_Standard Entry Class'

2024-05-16 00:57:02 - [MESSAGE][PASSED] - Text 'CCD' is set on object 'Object Repository/RecAndPlayBk/Page-Vlink-Debit/input_Standard Entry Class'

2024-05-16 00:57:02 - [TEST_STEP][PASSED] - click(findTestObject("Object Repository/RecAndPlayBk/Page-Vlink-Debit/input")): Object: 'Object Repository/RecAndPlayBk/Page-Vlink-Debit/input' is clicked on

2024-05-16 00:57:03 - [MESSAGE][PASSED] - Object: 'Object Repository/RecAndPlayBk/Page-Vlink-Debit/input' is clicked on

2024-05-16 00:57:03 - [TEST_STEP][PASSED] - if (verifyTextPresent(errorMsg, true)): null

2024-05-16 00:57:03 - [MESSAGE][PASSED] - Text 'check_company, check_company' is present on page  using regular expression

2024-05-16 00:57:03 - [TEST_STEP][PASSED] - println("Error Message is present on the Confirmation page"): null

2024-05-16 00:57:03 - [TEST_STEP][PASSED] - out.println("Pass Record Number: " + row): null

2024-05-16 00:57:03 - [TEST_STEP][PASSED] - resText = "Pass": null

2024-05-16 00:57:03 - [TEST_STEP][PASSED] - pages.WriteExcel.demoKey(resText, datText, resColumn, datCloumn, fileLoc, nameSheet, row): pages.WriteExcel.demoKey is PASSED

2024-05-16 00:57:03 - [MESSAGE][PASSED] - pages.WriteExcel.demoKey is PASSED]]></system-out>
         <system-err><![CDATA[]]></system-err>
      </testcase>
      <testcase name="Test Cases/RecAndPlayBk/VLink/ACH-Void-MRF" time="125.675" classname="Test Cases/RecAndPlayBk/VLink/ACH-Void-MRF" status="PASSED">
         <system-out><![CDATA[2024-05-16 00:57:03 - [TEST_CASE][PASSED] - Test Cases/RecAndPlayBk/VLink/ACH-Void-MRF: Test Cases/RecAndPlayBk/VLink/ACH-Void-MRF

2024-05-16 00:57:04 - [TEST_STEP][PASSED] - executionProfile = getExecutionProfile(): null

2024-05-16 00:57:04 - [TEST_STEP][PASSED] - out.println("executionProfile : " + executionProfile): null

2024-05-16 00:57:04 - [TEST_STEP][PASSED] - resText = "Fail": null

2024-05-16 00:57:04 - [TEST_STEP][PASSED] - resColumn = "Result": null

2024-05-16 00:57:04 - [TEST_STEP][PASSED] - datCloumn = "Date": null

2024-05-16 00:57:04 - [TEST_STEP][PASSED] - fileLoc = "KatalonData/VLinkSmokeDataACH.xlsx": null

2024-05-16 00:57:04 - [TEST_STEP][PASSED] - numOfRows = <not implemented yet for class: org.codehaus.groovy.ast.expr.EmptyExpression>: null

2024-05-16 00:57:04 - [TEST_STEP][PASSED] - dataFile = <not implemented yet for class: org.codehaus.groovy.ast.expr.EmptyExpression>: null

2024-05-16 00:57:04 - [TEST_STEP][PASSED] - nameSheet = <not implemented yet for class: org.codehaus.groovy.ast.expr.EmptyExpression>: null

2024-05-16 00:57:04 - [TEST_STEP][PASSED] - nameSheet = "Void-MRF": null

2024-05-16 00:57:04 - [TEST_STEP][PASSED] - numOfRows = findTestData("QA/VLinkTestData/VLinkACHVoidMRFData").getRowNumbers(): null

2024-05-16 00:57:04 - [TEST_STEP][PASSED] - println("Number of Records: " + numOfRows): null

2024-05-16 00:57:04 - [TEST_STEP][PASSED] - dataFile = "QA/VLinkTestData/VLinkACHVoidMRFData": null

2024-05-16 00:57:04 - [TEST_STEP][PASSED] - for ([row = 1, row <= numOfRows, (row++)]): null

2024-05-16 00:57:04 - [TEST_STEP][PASSED] - ExecuteTC = findTestData(dataFile).getValue("Execute", row): null

2024-05-16 00:57:04 - [TEST_STEP][PASSED] - out.println("Value of Execute is : " + ExecuteTC): null

2024-05-16 00:57:04 - [TEST_STEP][PASSED] - if (ExecuteTC.equalsIgnoreCase("Y")): null

2024-05-16 00:57:04 - [TEST_STEP][PASSED] - out.println("Begin Record Number: " + row): null

2024-05-16 00:57:04 - [TEST_STEP][PASSED] - today = new java.util.Date(): null

2024-05-16 00:57:04 - [TEST_STEP][PASSED] - println(today): null

2024-05-16 00:57:04 - [TEST_STEP][PASSED] - datText = today: null

2024-05-16 00:57:04 - [TEST_STEP][PASSED] - appID = findTestData(dataFile).getValue("AppID", row): null

2024-05-16 00:57:04 - [TEST_STEP][PASSED] - username = findTestData(dataFile).getValue("Username", row): null

2024-05-16 00:57:04 - [TEST_STEP][PASSED] - password = findTestData(dataFile).getValue("Password", row): null

2024-05-16 00:57:04 - [TEST_STEP][PASSED] - errorMsg = findTestData(dataFile).getValue("ErrorMsg", row): null

2024-05-16 00:57:04 - [TEST_STEP][PASSED] - tranType = findTestData(dataFile).getValue("TranType", row): null

2024-05-16 00:57:04 - [TEST_STEP][PASSED] - mv = findTestData(dataFile).getValue("MV", row): null

2024-05-16 00:57:04 - [TEST_STEP][PASSED] - resFormat = findTestData(dataFile).getValue("ResFormat", row): null

2024-05-16 00:57:04 - [TEST_STEP][PASSED] - checkType = findTestData(dataFile).getValue("CheckType", row): null

2024-05-16 00:57:04 - [TEST_STEP][PASSED] - sec = findTestData(dataFile).getValue("SEC", row): null

2024-05-16 00:57:04 - [TEST_STEP][PASSED] - tranID = findTestData(dataFile).getValue("TranxID", row): null

2024-05-16 00:57:05 - [TEST_STEP][PASSED] - origTranType = findTestData(dataFile).getValue("OriginalTranType", row): null

2024-05-16 00:57:05 - [TEST_STEP][PASSED] - openBrowser(VLinkURL + "ACH_void.html"): Browser is opened with url: 'https://dev-algorithm.govolution.com/vlinktest/QA2/version_2_0/ACH_void.html'

2024-05-16 00:57:05 - [MESSAGE][WARNING] - A browser is already opened. Closing browser and opening a new one

2024-05-16 00:57:06 - [MESSAGE][INFO] - Starting 'Chrome' driver

2024-05-16 00:57:06 - [MESSAGE][INFO] - User set preference: ['acceptInsecureCerts', 'true']

2024-05-16 00:57:06 - [MESSAGE][INFO] - Action delay is set to 0 milliseconds

2024-05-16 00:57:08 - [MESSAGE][PASSED] - Browser is opened with url: 'https://dev-algorithm.govolution.com/vlinktest/QA2/version_2_0/ACH_void.html'

2024-05-16 00:57:08 - [TEST_STEP][PASSED] - maximizeWindow(): Current window maximized

2024-05-16 00:57:08 - [MESSAGE][PASSED] - Current window maximized

2024-05-16 00:57:08 - [TEST_STEP][PASSED] - setText(findTestObject("Object Repository/RecAndPlayBk/Page-Vlink-ACH-Void/input_Transaction Type"), tranType): Text '' is set on object 'Object Repository/RecAndPlayBk/Page-Vlink-ACH-Void/input_Transaction Type'

2024-05-16 00:57:09 - [MESSAGE][PASSED] - Text '' is set on object 'Object Repository/RecAndPlayBk/Page-Vlink-ACH-Void/input_Transaction Type'

2024-05-16 00:57:09 - [TEST_STEP][PASSED] - setText(findTestObject("Object Repository/RecAndPlayBk/Page-Vlink-ACH-Void/input_Message Version"), mv): Text '2.0A' is set on object 'Object Repository/RecAndPlayBk/Page-Vlink-ACH-Void/input_Message Version'

2024-05-16 00:57:10 - [MESSAGE][PASSED] - Text '2.0A' is set on object 'Object Repository/RecAndPlayBk/Page-Vlink-ACH-Void/input_Message Version'

2024-05-16 00:57:10 - [TEST_STEP][PASSED] - genRemID = RandomStringUtils.random(12, true, true): null

2024-05-16 00:57:10 - [TEST_STEP][PASSED] - setText(findTestObject("Object Repository/RecAndPlayBk/Page-Vlink-ACH-Void/input_Remittance Id"), genRemID): Text 'i3K2SnJrn2uS' is set on object 'Object Repository/RecAndPlayBk/Page-Vlink-ACH-Void/input_Remittance Id'

2024-05-16 00:57:10 - [MESSAGE][PASSED] - Text 'i3K2SnJrn2uS' is set on object 'Object Repository/RecAndPlayBk/Page-Vlink-ACH-Void/input_Remittance Id'

2024-05-16 00:57:10 - [TEST_STEP][PASSED] - setText(findTestObject("Object Repository/RecAndPlayBk/Page-Vlink-ACH-Void/input_Application Id"), appID): Text '234' is set on object 'Object Repository/RecAndPlayBk/Page-Vlink-ACH-Void/input_Application Id'

2024-05-16 00:57:11 - [MESSAGE][PASSED] - Text '234' is set on object 'Object Repository/RecAndPlayBk/Page-Vlink-ACH-Void/input_Application Id'

2024-05-16 00:57:11 - [TEST_STEP][PASSED] - setText(findTestObject("Object Repository/RecAndPlayBk/Page-Vlink-ACH-Void/input_Username"), username): Text 'username' is set on object 'Object Repository/RecAndPlayBk/Page-Vlink-ACH-Void/input_Username'

2024-05-16 00:57:12 - [MESSAGE][PASSED] - Text 'username' is set on object 'Object Repository/RecAndPlayBk/Page-Vlink-ACH-Void/input_Username'

2024-05-16 00:57:12 - [TEST_STEP][PASSED] - setText(findTestObject("Object Repository/RecAndPlayBk/Page-Vlink-ACH-Void/input_Password"), password): Text 'password' is set on object 'Object Repository/RecAndPlayBk/Page-Vlink-ACH-Void/input_Password'

2024-05-16 00:57:12 - [MESSAGE][PASSED] - Text 'password' is set on object 'Object Repository/RecAndPlayBk/Page-Vlink-ACH-Void/input_Password'

2024-05-16 00:57:12 - [TEST_STEP][PASSED] - setText(findTestObject("Object Repository/RecAndPlayBk/Page-Vlink-ACH-Void/input_Response Format"), resFormat): Text 'fixed_width' is set on object 'Object Repository/RecAndPlayBk/Page-Vlink-ACH-Void/input_Response Format'

2024-05-16 00:57:13 - [MESSAGE][PASSED] - Text 'fixed_width' is set on object 'Object Repository/RecAndPlayBk/Page-Vlink-ACH-Void/input_Response Format'

2024-05-16 00:57:13 - [TEST_STEP][PASSED] - setText(findTestObject("Object Repository/RecAndPlayBk/Page-Vlink-ACH-Void/input_Check Type"), checkType): Text 'P' is set on object 'Object Repository/RecAndPlayBk/Page-Vlink-ACH-Void/input_Check Type'

2024-05-16 00:57:13 - [MESSAGE][PASSED] - Text 'P' is set on object 'Object Repository/RecAndPlayBk/Page-Vlink-ACH-Void/input_Check Type'

2024-05-16 00:57:13 - [TEST_STEP][PASSED] - setText(findTestObject("Object Repository/RecAndPlayBk/Page-Vlink-ACH-Void/input_Standard Entry Class"), sec): Text 'WEB' is set on object 'Object Repository/RecAndPlayBk/Page-Vlink-ACH-Void/input_Standard Entry Class'

2024-05-16 00:57:14 - [MESSAGE][PASSED] - Text 'WEB' is set on object 'Object Repository/RecAndPlayBk/Page-Vlink-ACH-Void/input_Standard Entry Class'

2024-05-16 00:57:14 - [TEST_STEP][PASSED] - setText(findTestObject("Object Repository/RecAndPlayBk/Page-Vlink-ACH-Void/input_Transaction ID"), tranID): Text '12124566' is set on object 'Object Repository/RecAndPlayBk/Page-Vlink-ACH-Void/input_Transaction ID'

2024-05-16 00:57:15 - [MESSAGE][PASSED] - Text '12124566' is set on object 'Object Repository/RecAndPlayBk/Page-Vlink-ACH-Void/input_Transaction ID'

2024-05-16 00:57:15 - [TEST_STEP][PASSED] - setText(findTestObject("Object Repository/RecAndPlayBk/Page-Vlink-ACH-Void/input_Original Transaction Type"), origTranType): Text '200' is set on object 'Object Repository/RecAndPlayBk/Page-Vlink-ACH-Void/input_Original Transaction Type'

2024-05-16 00:57:15 - [MESSAGE][PASSED] - Text '200' is set on object 'Object Repository/RecAndPlayBk/Page-Vlink-ACH-Void/input_Original Transaction Type'

2024-05-16 00:57:15 - [TEST_STEP][PASSED] - click(findTestObject("Object Repository/RecAndPlayBk/Page-Vlink-ACH-Void/input")): Object: 'Object Repository/RecAndPlayBk/Page-Vlink-ACH-Void/input' is clicked on

2024-05-16 00:57:16 - [MESSAGE][PASSED] - Object: 'Object Repository/RecAndPlayBk/Page-Vlink-ACH-Void/input' is clicked on

2024-05-16 00:57:16 - [TEST_STEP][PASSED] - if (verifyTextPresent(errorMsg, true)): null

2024-05-16 00:57:16 - [MESSAGE][PASSED] - Text 'Invalid transaction type' is present on page  using regular expression

2024-05-16 00:57:16 - [TEST_STEP][PASSED] - println("Error Message is present on the Confirmation page"): null

2024-05-16 00:57:16 - [TEST_STEP][PASSED] - out.println("Pass Record Number: " + row): null

2024-05-16 00:57:16 - [TEST_STEP][PASSED] - resText = "Pass": null

2024-05-16 00:57:16 - [TEST_STEP][PASSED] - pages.WriteExcel.demoKey(resText, datText, resColumn, datCloumn, fileLoc, nameSheet, row): pages.WriteExcel.demoKey is PASSED

2024-05-16 00:57:16 - [MESSAGE][PASSED] - pages.WriteExcel.demoKey is PASSED

2024-05-16 00:57:16 - [TEST_STEP][PASSED] - ExecuteTC = findTestData(dataFile).getValue("Execute", row): null

2024-05-16 00:57:17 - [TEST_STEP][PASSED] - out.println("Value of Execute is : " + ExecuteTC): null

2024-05-16 00:57:17 - [TEST_STEP][PASSED] - if (ExecuteTC.equalsIgnoreCase("Y")): null

2024-05-16 00:57:17 - [TEST_STEP][PASSED] - out.println("Begin Record Number: " + row): null

2024-05-16 00:57:17 - [TEST_STEP][PASSED] - today = new java.util.Date(): null

2024-05-16 00:57:17 - [TEST_STEP][PASSED] - println(today): null

2024-05-16 00:57:17 - [TEST_STEP][PASSED] - datText = today: null

2024-05-16 00:57:17 - [TEST_STEP][PASSED] - appID = findTestData(dataFile).getValue("AppID", row): null

2024-05-16 00:57:17 - [TEST_STEP][PASSED] - username = findTestData(dataFile).getValue("Username", row): null

2024-05-16 00:57:17 - [TEST_STEP][PASSED] - password = findTestData(dataFile).getValue("Password", row): null

2024-05-16 00:57:17 - [TEST_STEP][PASSED] - errorMsg = findTestData(dataFile).getValue("ErrorMsg", row): null

2024-05-16 00:57:17 - [TEST_STEP][PASSED] - tranType = findTestData(dataFile).getValue("TranType", row): null

2024-05-16 00:57:17 - [TEST_STEP][PASSED] - mv = findTestData(dataFile).getValue("MV", row): null

2024-05-16 00:57:17 - [TEST_STEP][PASSED] - resFormat = findTestData(dataFile).getValue("ResFormat", row): null

2024-05-16 00:57:17 - [TEST_STEP][PASSED] - checkType = findTestData(dataFile).getValue("CheckType", row): null

2024-05-16 00:57:17 - [TEST_STEP][PASSED] - sec = findTestData(dataFile).getValue("SEC", row): null

2024-05-16 00:57:17 - [TEST_STEP][PASSED] - tranID = findTestData(dataFile).getValue("TranxID", row): null

2024-05-16 00:57:17 - [TEST_STEP][PASSED] - origTranType = findTestData(dataFile).getValue("OriginalTranType", row): null

2024-05-16 00:57:17 - [TEST_STEP][PASSED] - openBrowser(VLinkURL + "ACH_void.html"): Browser is opened with url: 'https://dev-algorithm.govolution.com/vlinktest/QA2/version_2_0/ACH_void.html'

2024-05-16 00:57:17 - [MESSAGE][WARNING] - A browser is already opened. Closing browser and opening a new one

2024-05-16 00:57:19 - [MESSAGE][INFO] - Starting 'Chrome' driver

2024-05-16 00:57:19 - [MESSAGE][INFO] - User set preference: ['acceptInsecureCerts', 'true']

2024-05-16 00:57:19 - [MESSAGE][INFO] - Action delay is set to 0 milliseconds

2024-05-16 00:57:21 - [MESSAGE][PASSED] - Browser is opened with url: 'https://dev-algorithm.govolution.com/vlinktest/QA2/version_2_0/ACH_void.html'

2024-05-16 00:57:21 - [TEST_STEP][PASSED] - maximizeWindow(): Current window maximized

2024-05-16 00:57:21 - [MESSAGE][PASSED] - Current window maximized

2024-05-16 00:57:21 - [TEST_STEP][PASSED] - setText(findTestObject("Object Repository/RecAndPlayBk/Page-Vlink-ACH-Void/input_Transaction Type"), tranType): Text '200' is set on object 'Object Repository/RecAndPlayBk/Page-Vlink-ACH-Void/input_Transaction Type'

2024-05-16 00:57:22 - [MESSAGE][PASSED] - Text '200' is set on object 'Object Repository/RecAndPlayBk/Page-Vlink-ACH-Void/input_Transaction Type'

2024-05-16 00:57:22 - [TEST_STEP][PASSED] - setText(findTestObject("Object Repository/RecAndPlayBk/Page-Vlink-ACH-Void/input_Message Version"), mv): Text '' is set on object 'Object Repository/RecAndPlayBk/Page-Vlink-ACH-Void/input_Message Version'

2024-05-16 00:57:23 - [MESSAGE][PASSED] - Text '' is set on object 'Object Repository/RecAndPlayBk/Page-Vlink-ACH-Void/input_Message Version'

2024-05-16 00:57:23 - [TEST_STEP][PASSED] - genRemID = RandomStringUtils.random(12, true, true): null

2024-05-16 00:57:23 - [TEST_STEP][PASSED] - setText(findTestObject("Object Repository/RecAndPlayBk/Page-Vlink-ACH-Void/input_Remittance Id"), genRemID): Text '5M3XXaFvz0SA' is set on object 'Object Repository/RecAndPlayBk/Page-Vlink-ACH-Void/input_Remittance Id'

2024-05-16 00:57:23 - [MESSAGE][PASSED] - Text '5M3XXaFvz0SA' is set on object 'Object Repository/RecAndPlayBk/Page-Vlink-ACH-Void/input_Remittance Id'

2024-05-16 00:57:23 - [TEST_STEP][PASSED] - setText(findTestObject("Object Repository/RecAndPlayBk/Page-Vlink-ACH-Void/input_Application Id"), appID): Text '234' is set on object 'Object Repository/RecAndPlayBk/Page-Vlink-ACH-Void/input_Application Id'

2024-05-16 00:57:24 - [MESSAGE][PASSED] - Text '234' is set on object 'Object Repository/RecAndPlayBk/Page-Vlink-ACH-Void/input_Application Id'

2024-05-16 00:57:24 - [TEST_STEP][PASSED] - setText(findTestObject("Object Repository/RecAndPlayBk/Page-Vlink-ACH-Void/input_Username"), username): Text 'username' is set on object 'Object Repository/RecAndPlayBk/Page-Vlink-ACH-Void/input_Username'

2024-05-16 00:57:25 - [MESSAGE][PASSED] - Text 'username' is set on object 'Object Repository/RecAndPlayBk/Page-Vlink-ACH-Void/input_Username'

2024-05-16 00:57:25 - [TEST_STEP][PASSED] - setText(findTestObject("Object Repository/RecAndPlayBk/Page-Vlink-ACH-Void/input_Password"), password): Text 'password' is set on object 'Object Repository/RecAndPlayBk/Page-Vlink-ACH-Void/input_Password'

2024-05-16 00:57:25 - [MESSAGE][PASSED] - Text 'password' is set on object 'Object Repository/RecAndPlayBk/Page-Vlink-ACH-Void/input_Password'

2024-05-16 00:57:25 - [TEST_STEP][PASSED] - setText(findTestObject("Object Repository/RecAndPlayBk/Page-Vlink-ACH-Void/input_Response Format"), resFormat): Text 'fixed_width' is set on object 'Object Repository/RecAndPlayBk/Page-Vlink-ACH-Void/input_Response Format'

2024-05-16 00:57:26 - [MESSAGE][PASSED] - Text 'fixed_width' is set on object 'Object Repository/RecAndPlayBk/Page-Vlink-ACH-Void/input_Response Format'

2024-05-16 00:57:26 - [TEST_STEP][PASSED] - setText(findTestObject("Object Repository/RecAndPlayBk/Page-Vlink-ACH-Void/input_Check Type"), checkType): Text 'P' is set on object 'Object Repository/RecAndPlayBk/Page-Vlink-ACH-Void/input_Check Type'

2024-05-16 00:57:26 - [MESSAGE][PASSED] - Text 'P' is set on object 'Object Repository/RecAndPlayBk/Page-Vlink-ACH-Void/input_Check Type'

2024-05-16 00:57:26 - [TEST_STEP][PASSED] - setText(findTestObject("Object Repository/RecAndPlayBk/Page-Vlink-ACH-Void/input_Standard Entry Class"), sec): Text 'TEL' is set on object 'Object Repository/RecAndPlayBk/Page-Vlink-ACH-Void/input_Standard Entry Class'

2024-05-16 00:57:27 - [MESSAGE][PASSED] - Text 'TEL' is set on object 'Object Repository/RecAndPlayBk/Page-Vlink-ACH-Void/input_Standard Entry Class'

2024-05-16 00:57:27 - [TEST_STEP][PASSED] - setText(findTestObject("Object Repository/RecAndPlayBk/Page-Vlink-ACH-Void/input_Transaction ID"), tranID): Text '12124566' is set on object 'Object Repository/RecAndPlayBk/Page-Vlink-ACH-Void/input_Transaction ID'

2024-05-16 00:57:28 - [MESSAGE][PASSED] - Text '12124566' is set on object 'Object Repository/RecAndPlayBk/Page-Vlink-ACH-Void/input_Transaction ID'

2024-05-16 00:57:28 - [TEST_STEP][PASSED] - setText(findTestObject("Object Repository/RecAndPlayBk/Page-Vlink-ACH-Void/input_Original Transaction Type"), origTranType): Text '200' is set on object 'Object Repository/RecAndPlayBk/Page-Vlink-ACH-Void/input_Original Transaction Type'

2024-05-16 00:57:28 - [MESSAGE][PASSED] - Text '200' is set on object 'Object Repository/RecAndPlayBk/Page-Vlink-ACH-Void/input_Original Transaction Type'

2024-05-16 00:57:28 - [TEST_STEP][PASSED] - click(findTestObject("Object Repository/RecAndPlayBk/Page-Vlink-ACH-Void/input")): Object: 'Object Repository/RecAndPlayBk/Page-Vlink-ACH-Void/input' is clicked on

2024-05-16 00:57:29 - [MESSAGE][PASSED] - Object: 'Object Repository/RecAndPlayBk/Page-Vlink-ACH-Void/input' is clicked on

2024-05-16 00:57:29 - [TEST_STEP][PASSED] - if (verifyTextPresent(errorMsg, true)): null

2024-05-16 00:57:29 - [MESSAGE][PASSED] - Text 'Missing parameter: message_version' is present on page  using regular expression

2024-05-16 00:57:29 - [TEST_STEP][PASSED] - println("Error Message is present on the Confirmation page"): null

2024-05-16 00:57:29 - [TEST_STEP][PASSED] - out.println("Pass Record Number: " + row): null

2024-05-16 00:57:29 - [TEST_STEP][PASSED] - resText = "Pass": null

2024-05-16 00:57:29 - [TEST_STEP][PASSED] - pages.WriteExcel.demoKey(resText, datText, resColumn, datCloumn, fileLoc, nameSheet, row): pages.WriteExcel.demoKey is PASSED

2024-05-16 00:57:29 - [MESSAGE][PASSED] - pages.WriteExcel.demoKey is PASSED

2024-05-16 00:57:29 - [TEST_STEP][PASSED] - ExecuteTC = findTestData(dataFile).getValue("Execute", row): null

2024-05-16 00:57:29 - [TEST_STEP][PASSED] - out.println("Value of Execute is : " + ExecuteTC): null

2024-05-16 00:57:29 - [TEST_STEP][PASSED] - if (ExecuteTC.equalsIgnoreCase("Y")): null

2024-05-16 00:57:29 - [TEST_STEP][PASSED] - out.println("Begin Record Number: " + row): null

2024-05-16 00:57:29 - [TEST_STEP][PASSED] - today = new java.util.Date(): null

2024-05-16 00:57:29 - [TEST_STEP][PASSED] - println(today): null

2024-05-16 00:57:29 - [TEST_STEP][PASSED] - datText = today: null

2024-05-16 00:57:29 - [TEST_STEP][PASSED] - appID = findTestData(dataFile).getValue("AppID", row): null

2024-05-16 00:57:30 - [TEST_STEP][PASSED] - username = findTestData(dataFile).getValue("Username", row): null

2024-05-16 00:57:30 - [TEST_STEP][PASSED] - password = findTestData(dataFile).getValue("Password", row): null

2024-05-16 00:57:30 - [TEST_STEP][PASSED] - errorMsg = findTestData(dataFile).getValue("ErrorMsg", row): null

2024-05-16 00:57:30 - [TEST_STEP][PASSED] - tranType = findTestData(dataFile).getValue("TranType", row): null

2024-05-16 00:57:30 - [TEST_STEP][PASSED] - mv = findTestData(dataFile).getValue("MV", row): null

2024-05-16 00:57:30 - [TEST_STEP][PASSED] - resFormat = findTestData(dataFile).getValue("ResFormat", row): null

2024-05-16 00:57:30 - [TEST_STEP][PASSED] - checkType = findTestData(dataFile).getValue("CheckType", row): null

2024-05-16 00:57:30 - [TEST_STEP][PASSED] - sec = findTestData(dataFile).getValue("SEC", row): null

2024-05-16 00:57:30 - [TEST_STEP][PASSED] - tranID = findTestData(dataFile).getValue("TranxID", row): null

2024-05-16 00:57:30 - [TEST_STEP][PASSED] - origTranType = findTestData(dataFile).getValue("OriginalTranType", row): null

2024-05-16 00:57:30 - [TEST_STEP][PASSED] - openBrowser(VLinkURL + "ACH_void.html"): Browser is opened with url: 'https://dev-algorithm.govolution.com/vlinktest/QA2/version_2_0/ACH_void.html'

2024-05-16 00:57:30 - [MESSAGE][WARNING] - A browser is already opened. Closing browser and opening a new one

2024-05-16 00:57:31 - [MESSAGE][INFO] - Starting 'Chrome' driver

2024-05-16 00:57:31 - [MESSAGE][INFO] - User set preference: ['acceptInsecureCerts', 'true']

2024-05-16 00:57:31 - [MESSAGE][INFO] - Action delay is set to 0 milliseconds

2024-05-16 00:57:33 - [MESSAGE][PASSED] - Browser is opened with url: 'https://dev-algorithm.govolution.com/vlinktest/QA2/version_2_0/ACH_void.html'

2024-05-16 00:57:33 - [TEST_STEP][PASSED] - maximizeWindow(): Current window maximized

2024-05-16 00:57:34 - [MESSAGE][PASSED] - Current window maximized

2024-05-16 00:57:34 - [TEST_STEP][PASSED] - setText(findTestObject("Object Repository/RecAndPlayBk/Page-Vlink-ACH-Void/input_Transaction Type"), tranType): Text '200' is set on object 'Object Repository/RecAndPlayBk/Page-Vlink-ACH-Void/input_Transaction Type'

2024-05-16 00:57:34 - [MESSAGE][PASSED] - Text '200' is set on object 'Object Repository/RecAndPlayBk/Page-Vlink-ACH-Void/input_Transaction Type'

2024-05-16 00:57:34 - [TEST_STEP][PASSED] - setText(findTestObject("Object Repository/RecAndPlayBk/Page-Vlink-ACH-Void/input_Message Version"), mv): Text '2.0A' is set on object 'Object Repository/RecAndPlayBk/Page-Vlink-ACH-Void/input_Message Version'

2024-05-16 00:57:35 - [MESSAGE][PASSED] - Text '2.0A' is set on object 'Object Repository/RecAndPlayBk/Page-Vlink-ACH-Void/input_Message Version'

2024-05-16 00:57:35 - [TEST_STEP][PASSED] - genRemID = RandomStringUtils.random(12, true, true): null

2024-05-16 00:57:35 - [TEST_STEP][PASSED] - setText(findTestObject("Object Repository/RecAndPlayBk/Page-Vlink-ACH-Void/input_Remittance Id"), genRemID): Text 'CGjDPslN6ufJ' is set on object 'Object Repository/RecAndPlayBk/Page-Vlink-ACH-Void/input_Remittance Id'

2024-05-16 00:57:36 - [MESSAGE][PASSED] - Text 'CGjDPslN6ufJ' is set on object 'Object Repository/RecAndPlayBk/Page-Vlink-ACH-Void/input_Remittance Id'

2024-05-16 00:57:36 - [TEST_STEP][PASSED] - setText(findTestObject("Object Repository/RecAndPlayBk/Page-Vlink-ACH-Void/input_Application Id"), appID): Text '' is set on object 'Object Repository/RecAndPlayBk/Page-Vlink-ACH-Void/input_Application Id'

2024-05-16 00:57:36 - [MESSAGE][PASSED] - Text '' is set on object 'Object Repository/RecAndPlayBk/Page-Vlink-ACH-Void/input_Application Id'

2024-05-16 00:57:36 - [TEST_STEP][PASSED] - setText(findTestObject("Object Repository/RecAndPlayBk/Page-Vlink-ACH-Void/input_Username"), username): Text 'username' is set on object 'Object Repository/RecAndPlayBk/Page-Vlink-ACH-Void/input_Username'

2024-05-16 00:57:37 - [MESSAGE][PASSED] - Text 'username' is set on object 'Object Repository/RecAndPlayBk/Page-Vlink-ACH-Void/input_Username'

2024-05-16 00:57:37 - [TEST_STEP][PASSED] - setText(findTestObject("Object Repository/RecAndPlayBk/Page-Vlink-ACH-Void/input_Password"), password): Text 'password' is set on object 'Object Repository/RecAndPlayBk/Page-Vlink-ACH-Void/input_Password'

2024-05-16 00:57:38 - [MESSAGE][PASSED] - Text 'password' is set on object 'Object Repository/RecAndPlayBk/Page-Vlink-ACH-Void/input_Password'

2024-05-16 00:57:38 - [TEST_STEP][PASSED] - setText(findTestObject("Object Repository/RecAndPlayBk/Page-Vlink-ACH-Void/input_Response Format"), resFormat): Text 'fixed_width' is set on object 'Object Repository/RecAndPlayBk/Page-Vlink-ACH-Void/input_Response Format'

2024-05-16 00:57:38 - [MESSAGE][PASSED] - Text 'fixed_width' is set on object 'Object Repository/RecAndPlayBk/Page-Vlink-ACH-Void/input_Response Format'

2024-05-16 00:57:38 - [TEST_STEP][PASSED] - setText(findTestObject("Object Repository/RecAndPlayBk/Page-Vlink-ACH-Void/input_Check Type"), checkType): Text 'P' is set on object 'Object Repository/RecAndPlayBk/Page-Vlink-ACH-Void/input_Check Type'

2024-05-16 00:57:39 - [MESSAGE][PASSED] - Text 'P' is set on object 'Object Repository/RecAndPlayBk/Page-Vlink-ACH-Void/input_Check Type'

2024-05-16 00:57:39 - [TEST_STEP][PASSED] - setText(findTestObject("Object Repository/RecAndPlayBk/Page-Vlink-ACH-Void/input_Standard Entry Class"), sec): Text 'PPD' is set on object 'Object Repository/RecAndPlayBk/Page-Vlink-ACH-Void/input_Standard Entry Class'

2024-05-16 00:57:39 - [MESSAGE][PASSED] - Text 'PPD' is set on object 'Object Repository/RecAndPlayBk/Page-Vlink-ACH-Void/input_Standard Entry Class'

2024-05-16 00:57:39 - [TEST_STEP][PASSED] - setText(findTestObject("Object Repository/RecAndPlayBk/Page-Vlink-ACH-Void/input_Transaction ID"), tranID): Text '12124566' is set on object 'Object Repository/RecAndPlayBk/Page-Vlink-ACH-Void/input_Transaction ID'

2024-05-16 00:57:40 - [MESSAGE][PASSED] - Text '12124566' is set on object 'Object Repository/RecAndPlayBk/Page-Vlink-ACH-Void/input_Transaction ID'

2024-05-16 00:57:40 - [TEST_STEP][PASSED] - setText(findTestObject("Object Repository/RecAndPlayBk/Page-Vlink-ACH-Void/input_Original Transaction Type"), origTranType): Text '200' is set on object 'Object Repository/RecAndPlayBk/Page-Vlink-ACH-Void/input_Original Transaction Type'

2024-05-16 00:57:41 - [MESSAGE][PASSED] - Text '200' is set on object 'Object Repository/RecAndPlayBk/Page-Vlink-ACH-Void/input_Original Transaction Type'

2024-05-16 00:57:41 - [TEST_STEP][PASSED] - click(findTestObject("Object Repository/RecAndPlayBk/Page-Vlink-ACH-Void/input")): Object: 'Object Repository/RecAndPlayBk/Page-Vlink-ACH-Void/input' is clicked on

2024-05-16 00:57:41 - [MESSAGE][PASSED] - Object: 'Object Repository/RecAndPlayBk/Page-Vlink-ACH-Void/input' is clicked on

2024-05-16 00:57:41 - [TEST_STEP][PASSED] - if (verifyTextPresent(errorMsg, true)): null

2024-05-16 00:57:42 - [MESSAGE][PASSED] - Text 'Missing parameter: application_id' is present on page  using regular expression

2024-05-16 00:57:42 - [TEST_STEP][PASSED] - println("Error Message is present on the Confirmation page"): null

2024-05-16 00:57:42 - [TEST_STEP][PASSED] - out.println("Pass Record Number: " + row): null

2024-05-16 00:57:42 - [TEST_STEP][PASSED] - resText = "Pass": null

2024-05-16 00:57:42 - [TEST_STEP][PASSED] - pages.WriteExcel.demoKey(resText, datText, resColumn, datCloumn, fileLoc, nameSheet, row): pages.WriteExcel.demoKey is PASSED

2024-05-16 00:57:42 - [MESSAGE][PASSED] - pages.WriteExcel.demoKey is PASSED

2024-05-16 00:57:42 - [TEST_STEP][PASSED] - ExecuteTC = findTestData(dataFile).getValue("Execute", row): null

2024-05-16 00:57:42 - [TEST_STEP][PASSED] - out.println("Value of Execute is : " + ExecuteTC): null

2024-05-16 00:57:42 - [TEST_STEP][PASSED] - if (ExecuteTC.equalsIgnoreCase("Y")): null

2024-05-16 00:57:42 - [TEST_STEP][PASSED] - out.println("Begin Record Number: " + row): null

2024-05-16 00:57:42 - [TEST_STEP][PASSED] - today = new java.util.Date(): null

2024-05-16 00:57:42 - [TEST_STEP][PASSED] - println(today): null

2024-05-16 00:57:42 - [TEST_STEP][PASSED] - datText = today: null

2024-05-16 00:57:42 - [TEST_STEP][PASSED] - appID = findTestData(dataFile).getValue("AppID", row): null

2024-05-16 00:57:42 - [TEST_STEP][PASSED] - username = findTestData(dataFile).getValue("Username", row): null

2024-05-16 00:57:42 - [TEST_STEP][PASSED] - password = findTestData(dataFile).getValue("Password", row): null

2024-05-16 00:57:42 - [TEST_STEP][PASSED] - errorMsg = findTestData(dataFile).getValue("ErrorMsg", row): null

2024-05-16 00:57:42 - [TEST_STEP][PASSED] - tranType = findTestData(dataFile).getValue("TranType", row): null

2024-05-16 00:57:42 - [TEST_STEP][PASSED] - mv = findTestData(dataFile).getValue("MV", row): null

2024-05-16 00:57:42 - [TEST_STEP][PASSED] - resFormat = findTestData(dataFile).getValue("ResFormat", row): null

2024-05-16 00:57:42 - [TEST_STEP][PASSED] - checkType = findTestData(dataFile).getValue("CheckType", row): null

2024-05-16 00:57:42 - [TEST_STEP][PASSED] - sec = findTestData(dataFile).getValue("SEC", row): null

2024-05-16 00:57:42 - [TEST_STEP][PASSED] - tranID = findTestData(dataFile).getValue("TranxID", row): null

2024-05-16 00:57:43 - [TEST_STEP][PASSED] - origTranType = findTestData(dataFile).getValue("OriginalTranType", row): null

2024-05-16 00:57:43 - [TEST_STEP][PASSED] - openBrowser(VLinkURL + "ACH_void.html"): Browser is opened with url: 'https://dev-algorithm.govolution.com/vlinktest/QA2/version_2_0/ACH_void.html'

2024-05-16 00:57:43 - [MESSAGE][WARNING] - A browser is already opened. Closing browser and opening a new one

2024-05-16 00:57:44 - [MESSAGE][INFO] - Starting 'Chrome' driver

2024-05-16 00:57:44 - [MESSAGE][INFO] - User set preference: ['acceptInsecureCerts', 'true']

2024-05-16 00:57:44 - [MESSAGE][INFO] - Action delay is set to 0 milliseconds

2024-05-16 00:57:46 - [MESSAGE][PASSED] - Browser is opened with url: 'https://dev-algorithm.govolution.com/vlinktest/QA2/version_2_0/ACH_void.html'

2024-05-16 00:57:46 - [TEST_STEP][PASSED] - maximizeWindow(): Current window maximized

2024-05-16 00:57:46 - [MESSAGE][PASSED] - Current window maximized

2024-05-16 00:57:46 - [TEST_STEP][PASSED] - setText(findTestObject("Object Repository/RecAndPlayBk/Page-Vlink-ACH-Void/input_Transaction Type"), tranType): Text '200' is set on object 'Object Repository/RecAndPlayBk/Page-Vlink-ACH-Void/input_Transaction Type'

2024-05-16 00:57:47 - [MESSAGE][PASSED] - Text '200' is set on object 'Object Repository/RecAndPlayBk/Page-Vlink-ACH-Void/input_Transaction Type'

2024-05-16 00:57:47 - [TEST_STEP][PASSED] - setText(findTestObject("Object Repository/RecAndPlayBk/Page-Vlink-ACH-Void/input_Message Version"), mv): Text '2.0A' is set on object 'Object Repository/RecAndPlayBk/Page-Vlink-ACH-Void/input_Message Version'

2024-05-16 00:57:47 - [MESSAGE][PASSED] - Text '2.0A' is set on object 'Object Repository/RecAndPlayBk/Page-Vlink-ACH-Void/input_Message Version'

2024-05-16 00:57:47 - [TEST_STEP][PASSED] - genRemID = RandomStringUtils.random(12, true, true): null

2024-05-16 00:57:47 - [TEST_STEP][PASSED] - setText(findTestObject("Object Repository/RecAndPlayBk/Page-Vlink-ACH-Void/input_Remittance Id"), genRemID): Text '3uCnYUD9rTjw' is set on object 'Object Repository/RecAndPlayBk/Page-Vlink-ACH-Void/input_Remittance Id'

2024-05-16 00:57:48 - [MESSAGE][PASSED] - Text '3uCnYUD9rTjw' is set on object 'Object Repository/RecAndPlayBk/Page-Vlink-ACH-Void/input_Remittance Id'

2024-05-16 00:57:48 - [TEST_STEP][PASSED] - setText(findTestObject("Object Repository/RecAndPlayBk/Page-Vlink-ACH-Void/input_Application Id"), appID): Text '234' is set on object 'Object Repository/RecAndPlayBk/Page-Vlink-ACH-Void/input_Application Id'

2024-05-16 00:57:49 - [MESSAGE][PASSED] - Text '234' is set on object 'Object Repository/RecAndPlayBk/Page-Vlink-ACH-Void/input_Application Id'

2024-05-16 00:57:49 - [TEST_STEP][PASSED] - setText(findTestObject("Object Repository/RecAndPlayBk/Page-Vlink-ACH-Void/input_Username"), username): Text '' is set on object 'Object Repository/RecAndPlayBk/Page-Vlink-ACH-Void/input_Username'

2024-05-16 00:57:49 - [MESSAGE][PASSED] - Text '' is set on object 'Object Repository/RecAndPlayBk/Page-Vlink-ACH-Void/input_Username'

2024-05-16 00:57:49 - [TEST_STEP][PASSED] - setText(findTestObject("Object Repository/RecAndPlayBk/Page-Vlink-ACH-Void/input_Password"), password): Text 'password' is set on object 'Object Repository/RecAndPlayBk/Page-Vlink-ACH-Void/input_Password'

2024-05-16 00:57:50 - [MESSAGE][PASSED] - Text 'password' is set on object 'Object Repository/RecAndPlayBk/Page-Vlink-ACH-Void/input_Password'

2024-05-16 00:57:50 - [TEST_STEP][PASSED] - setText(findTestObject("Object Repository/RecAndPlayBk/Page-Vlink-ACH-Void/input_Response Format"), resFormat): Text 'fixed_width' is set on object 'Object Repository/RecAndPlayBk/Page-Vlink-ACH-Void/input_Response Format'

2024-05-16 00:57:51 - [MESSAGE][PASSED] - Text 'fixed_width' is set on object 'Object Repository/RecAndPlayBk/Page-Vlink-ACH-Void/input_Response Format'

2024-05-16 00:57:51 - [TEST_STEP][PASSED] - setText(findTestObject("Object Repository/RecAndPlayBk/Page-Vlink-ACH-Void/input_Check Type"), checkType): Text 'P' is set on object 'Object Repository/RecAndPlayBk/Page-Vlink-ACH-Void/input_Check Type'

2024-05-16 00:57:51 - [MESSAGE][PASSED] - Text 'P' is set on object 'Object Repository/RecAndPlayBk/Page-Vlink-ACH-Void/input_Check Type'

2024-05-16 00:57:51 - [TEST_STEP][PASSED] - setText(findTestObject("Object Repository/RecAndPlayBk/Page-Vlink-ACH-Void/input_Standard Entry Class"), sec): Text 'WEB' is set on object 'Object Repository/RecAndPlayBk/Page-Vlink-ACH-Void/input_Standard Entry Class'

2024-05-16 00:57:52 - [MESSAGE][PASSED] - Text 'WEB' is set on object 'Object Repository/RecAndPlayBk/Page-Vlink-ACH-Void/input_Standard Entry Class'

2024-05-16 00:57:52 - [TEST_STEP][PASSED] - setText(findTestObject("Object Repository/RecAndPlayBk/Page-Vlink-ACH-Void/input_Transaction ID"), tranID): Text '12124566' is set on object 'Object Repository/RecAndPlayBk/Page-Vlink-ACH-Void/input_Transaction ID'

2024-05-16 00:57:52 - [MESSAGE][PASSED] - Text '12124566' is set on object 'Object Repository/RecAndPlayBk/Page-Vlink-ACH-Void/input_Transaction ID'

2024-05-16 00:57:52 - [TEST_STEP][PASSED] - setText(findTestObject("Object Repository/RecAndPlayBk/Page-Vlink-ACH-Void/input_Original Transaction Type"), origTranType): Text '200' is set on object 'Object Repository/RecAndPlayBk/Page-Vlink-ACH-Void/input_Original Transaction Type'

2024-05-16 00:57:53 - [MESSAGE][PASSED] - Text '200' is set on object 'Object Repository/RecAndPlayBk/Page-Vlink-ACH-Void/input_Original Transaction Type'

2024-05-16 00:57:53 - [TEST_STEP][PASSED] - click(findTestObject("Object Repository/RecAndPlayBk/Page-Vlink-ACH-Void/input")): Object: 'Object Repository/RecAndPlayBk/Page-Vlink-ACH-Void/input' is clicked on

2024-05-16 00:57:54 - [MESSAGE][PASSED] - Object: 'Object Repository/RecAndPlayBk/Page-Vlink-ACH-Void/input' is clicked on

2024-05-16 00:57:54 - [TEST_STEP][PASSED] - if (verifyTextPresent(errorMsg, true)): null

2024-05-16 00:57:54 - [MESSAGE][PASSED] - Text 'Signon authentication error' is present on page  using regular expression

2024-05-16 00:57:54 - [TEST_STEP][PASSED] - println("Error Message is present on the Confirmation page"): null

2024-05-16 00:57:54 - [TEST_STEP][PASSED] - out.println("Pass Record Number: " + row): null

2024-05-16 00:57:54 - [TEST_STEP][PASSED] - resText = "Pass": null

2024-05-16 00:57:54 - [TEST_STEP][PASSED] - pages.WriteExcel.demoKey(resText, datText, resColumn, datCloumn, fileLoc, nameSheet, row): pages.WriteExcel.demoKey is PASSED

2024-05-16 00:57:54 - [MESSAGE][PASSED] - pages.WriteExcel.demoKey is PASSED

2024-05-16 00:57:54 - [TEST_STEP][PASSED] - ExecuteTC = findTestData(dataFile).getValue("Execute", row): null

2024-05-16 00:57:54 - [TEST_STEP][PASSED] - out.println("Value of Execute is : " + ExecuteTC): null

2024-05-16 00:57:54 - [TEST_STEP][PASSED] - if (ExecuteTC.equalsIgnoreCase("Y")): null

2024-05-16 00:57:54 - [TEST_STEP][PASSED] - out.println("Begin Record Number: " + row): null

2024-05-16 00:57:54 - [TEST_STEP][PASSED] - today = new java.util.Date(): null

2024-05-16 00:57:54 - [TEST_STEP][PASSED] - println(today): null

2024-05-16 00:57:54 - [TEST_STEP][PASSED] - datText = today: null

2024-05-16 00:57:54 - [TEST_STEP][PASSED] - appID = findTestData(dataFile).getValue("AppID", row): null

2024-05-16 00:57:54 - [TEST_STEP][PASSED] - username = findTestData(dataFile).getValue("Username", row): null

2024-05-16 00:57:54 - [TEST_STEP][PASSED] - password = findTestData(dataFile).getValue("Password", row): null

2024-05-16 00:57:54 - [TEST_STEP][PASSED] - errorMsg = findTestData(dataFile).getValue("ErrorMsg", row): null

2024-05-16 00:57:54 - [TEST_STEP][PASSED] - tranType = findTestData(dataFile).getValue("TranType", row): null

2024-05-16 00:57:54 - [TEST_STEP][PASSED] - mv = findTestData(dataFile).getValue("MV", row): null

2024-05-16 00:57:55 - [TEST_STEP][PASSED] - resFormat = findTestData(dataFile).getValue("ResFormat", row): null

2024-05-16 00:57:55 - [TEST_STEP][PASSED] - checkType = findTestData(dataFile).getValue("CheckType", row): null

2024-05-16 00:57:55 - [TEST_STEP][PASSED] - sec = findTestData(dataFile).getValue("SEC", row): null

2024-05-16 00:57:55 - [TEST_STEP][PASSED] - tranID = findTestData(dataFile).getValue("TranxID", row): null

2024-05-16 00:57:55 - [TEST_STEP][PASSED] - origTranType = findTestData(dataFile).getValue("OriginalTranType", row): null

2024-05-16 00:57:55 - [TEST_STEP][PASSED] - openBrowser(VLinkURL + "ACH_void.html"): Browser is opened with url: 'https://dev-algorithm.govolution.com/vlinktest/QA2/version_2_0/ACH_void.html'

2024-05-16 00:57:55 - [MESSAGE][WARNING] - A browser is already opened. Closing browser and opening a new one

2024-05-16 00:57:56 - [MESSAGE][INFO] - Starting 'Chrome' driver

2024-05-16 00:57:56 - [MESSAGE][INFO] - User set preference: ['acceptInsecureCerts', 'true']

2024-05-16 00:57:56 - [MESSAGE][INFO] - Action delay is set to 0 milliseconds

2024-05-16 00:57:58 - [MESSAGE][PASSED] - Browser is opened with url: 'https://dev-algorithm.govolution.com/vlinktest/QA2/version_2_0/ACH_void.html'

2024-05-16 00:57:58 - [TEST_STEP][PASSED] - maximizeWindow(): Current window maximized

2024-05-16 00:57:58 - [MESSAGE][PASSED] - Current window maximized

2024-05-16 00:57:58 - [TEST_STEP][PASSED] - setText(findTestObject("Object Repository/RecAndPlayBk/Page-Vlink-ACH-Void/input_Transaction Type"), tranType): Text '200' is set on object 'Object Repository/RecAndPlayBk/Page-Vlink-ACH-Void/input_Transaction Type'

2024-05-16 00:57:59 - [MESSAGE][PASSED] - Text '200' is set on object 'Object Repository/RecAndPlayBk/Page-Vlink-ACH-Void/input_Transaction Type'

2024-05-16 00:57:59 - [TEST_STEP][PASSED] - setText(findTestObject("Object Repository/RecAndPlayBk/Page-Vlink-ACH-Void/input_Message Version"), mv): Text '2.0A' is set on object 'Object Repository/RecAndPlayBk/Page-Vlink-ACH-Void/input_Message Version'

2024-05-16 00:58:00 - [MESSAGE][PASSED] - Text '2.0A' is set on object 'Object Repository/RecAndPlayBk/Page-Vlink-ACH-Void/input_Message Version'

2024-05-16 00:58:00 - [TEST_STEP][PASSED] - genRemID = RandomStringUtils.random(12, true, true): null

2024-05-16 00:58:00 - [TEST_STEP][PASSED] - setText(findTestObject("Object Repository/RecAndPlayBk/Page-Vlink-ACH-Void/input_Remittance Id"), genRemID): Text '8ty3DQxPVOWY' is set on object 'Object Repository/RecAndPlayBk/Page-Vlink-ACH-Void/input_Remittance Id'

2024-05-16 00:58:01 - [MESSAGE][PASSED] - Text '8ty3DQxPVOWY' is set on object 'Object Repository/RecAndPlayBk/Page-Vlink-ACH-Void/input_Remittance Id'

2024-05-16 00:58:01 - [TEST_STEP][PASSED] - setText(findTestObject("Object Repository/RecAndPlayBk/Page-Vlink-ACH-Void/input_Application Id"), appID): Text '234' is set on object 'Object Repository/RecAndPlayBk/Page-Vlink-ACH-Void/input_Application Id'

2024-05-16 00:58:01 - [MESSAGE][PASSED] - Text '234' is set on object 'Object Repository/RecAndPlayBk/Page-Vlink-ACH-Void/input_Application Id'

2024-05-16 00:58:01 - [TEST_STEP][PASSED] - setText(findTestObject("Object Repository/RecAndPlayBk/Page-Vlink-ACH-Void/input_Username"), username): Text 'username' is set on object 'Object Repository/RecAndPlayBk/Page-Vlink-ACH-Void/input_Username'

2024-05-16 00:58:02 - [MESSAGE][PASSED] - Text 'username' is set on object 'Object Repository/RecAndPlayBk/Page-Vlink-ACH-Void/input_Username'

2024-05-16 00:58:02 - [TEST_STEP][PASSED] - setText(findTestObject("Object Repository/RecAndPlayBk/Page-Vlink-ACH-Void/input_Password"), password): Text '' is set on object 'Object Repository/RecAndPlayBk/Page-Vlink-ACH-Void/input_Password'

2024-05-16 00:58:02 - [MESSAGE][PASSED] - Text '' is set on object 'Object Repository/RecAndPlayBk/Page-Vlink-ACH-Void/input_Password'

2024-05-16 00:58:02 - [TEST_STEP][PASSED] - setText(findTestObject("Object Repository/RecAndPlayBk/Page-Vlink-ACH-Void/input_Response Format"), resFormat): Text 'fixed_width' is set on object 'Object Repository/RecAndPlayBk/Page-Vlink-ACH-Void/input_Response Format'

2024-05-16 00:58:03 - [MESSAGE][PASSED] - Text 'fixed_width' is set on object 'Object Repository/RecAndPlayBk/Page-Vlink-ACH-Void/input_Response Format'

2024-05-16 00:58:03 - [TEST_STEP][PASSED] - setText(findTestObject("Object Repository/RecAndPlayBk/Page-Vlink-ACH-Void/input_Check Type"), checkType): Text 'P' is set on object 'Object Repository/RecAndPlayBk/Page-Vlink-ACH-Void/input_Check Type'

2024-05-16 00:58:04 - [MESSAGE][PASSED] - Text 'P' is set on object 'Object Repository/RecAndPlayBk/Page-Vlink-ACH-Void/input_Check Type'

2024-05-16 00:58:04 - [TEST_STEP][PASSED] - setText(findTestObject("Object Repository/RecAndPlayBk/Page-Vlink-ACH-Void/input_Standard Entry Class"), sec): Text 'TEL' is set on object 'Object Repository/RecAndPlayBk/Page-Vlink-ACH-Void/input_Standard Entry Class'

2024-05-16 00:58:04 - [MESSAGE][PASSED] - Text 'TEL' is set on object 'Object Repository/RecAndPlayBk/Page-Vlink-ACH-Void/input_Standard Entry Class'

2024-05-16 00:58:04 - [TEST_STEP][PASSED] - setText(findTestObject("Object Repository/RecAndPlayBk/Page-Vlink-ACH-Void/input_Transaction ID"), tranID): Text '12124566' is set on object 'Object Repository/RecAndPlayBk/Page-Vlink-ACH-Void/input_Transaction ID'

2024-05-16 00:58:05 - [MESSAGE][PASSED] - Text '12124566' is set on object 'Object Repository/RecAndPlayBk/Page-Vlink-ACH-Void/input_Transaction ID'

2024-05-16 00:58:05 - [TEST_STEP][PASSED] - setText(findTestObject("Object Repository/RecAndPlayBk/Page-Vlink-ACH-Void/input_Original Transaction Type"), origTranType): Text '200' is set on object 'Object Repository/RecAndPlayBk/Page-Vlink-ACH-Void/input_Original Transaction Type'

2024-05-16 00:58:06 - [MESSAGE][PASSED] - Text '200' is set on object 'Object Repository/RecAndPlayBk/Page-Vlink-ACH-Void/input_Original Transaction Type'

2024-05-16 00:58:06 - [TEST_STEP][PASSED] - click(findTestObject("Object Repository/RecAndPlayBk/Page-Vlink-ACH-Void/input")): Object: 'Object Repository/RecAndPlayBk/Page-Vlink-ACH-Void/input' is clicked on

2024-05-16 00:58:06 - [MESSAGE][PASSED] - Object: 'Object Repository/RecAndPlayBk/Page-Vlink-ACH-Void/input' is clicked on

2024-05-16 00:58:06 - [TEST_STEP][PASSED] - if (verifyTextPresent(errorMsg, true)): null

2024-05-16 00:58:07 - [MESSAGE][PASSED] - Text 'Signon authentication error' is present on page  using regular expression

2024-05-16 00:58:07 - [TEST_STEP][PASSED] - println("Error Message is present on the Confirmation page"): null

2024-05-16 00:58:07 - [TEST_STEP][PASSED] - out.println("Pass Record Number: " + row): null

2024-05-16 00:58:07 - [TEST_STEP][PASSED] - resText = "Pass": null

2024-05-16 00:58:07 - [TEST_STEP][PASSED] - pages.WriteExcel.demoKey(resText, datText, resColumn, datCloumn, fileLoc, nameSheet, row): pages.WriteExcel.demoKey is PASSED

2024-05-16 00:58:07 - [MESSAGE][PASSED] - pages.WriteExcel.demoKey is PASSED

2024-05-16 00:58:07 - [TEST_STEP][PASSED] - ExecuteTC = findTestData(dataFile).getValue("Execute", row): null

2024-05-16 00:58:07 - [TEST_STEP][PASSED] - out.println("Value of Execute is : " + ExecuteTC): null

2024-05-16 00:58:07 - [TEST_STEP][PASSED] - if (ExecuteTC.equalsIgnoreCase("Y")): null

2024-05-16 00:58:07 - [TEST_STEP][PASSED] - out.println("Begin Record Number: " + row): null

2024-05-16 00:58:07 - [TEST_STEP][PASSED] - today = new java.util.Date(): null

2024-05-16 00:58:07 - [TEST_STEP][PASSED] - println(today): null

2024-05-16 00:58:07 - [TEST_STEP][PASSED] - datText = today: null

2024-05-16 00:58:07 - [TEST_STEP][PASSED] - appID = findTestData(dataFile).getValue("AppID", row): null

2024-05-16 00:58:07 - [TEST_STEP][PASSED] - username = findTestData(dataFile).getValue("Username", row): null

2024-05-16 00:58:07 - [TEST_STEP][PASSED] - password = findTestData(dataFile).getValue("Password", row): null

2024-05-16 00:58:07 - [TEST_STEP][PASSED] - errorMsg = findTestData(dataFile).getValue("ErrorMsg", row): null

2024-05-16 00:58:07 - [TEST_STEP][PASSED] - tranType = findTestData(dataFile).getValue("TranType", row): null

2024-05-16 00:58:07 - [TEST_STEP][PASSED] - mv = findTestData(dataFile).getValue("MV", row): null

2024-05-16 00:58:07 - [TEST_STEP][PASSED] - resFormat = findTestData(dataFile).getValue("ResFormat", row): null

2024-05-16 00:58:07 - [TEST_STEP][PASSED] - checkType = findTestData(dataFile).getValue("CheckType", row): null

2024-05-16 00:58:07 - [TEST_STEP][PASSED] - sec = findTestData(dataFile).getValue("SEC", row): null

2024-05-16 00:58:07 - [TEST_STEP][PASSED] - tranID = findTestData(dataFile).getValue("TranxID", row): null

2024-05-16 00:58:07 - [TEST_STEP][PASSED] - origTranType = findTestData(dataFile).getValue("OriginalTranType", row): null

2024-05-16 00:58:07 - [TEST_STEP][PASSED] - openBrowser(VLinkURL + "ACH_void.html"): Browser is opened with url: 'https://dev-algorithm.govolution.com/vlinktest/QA2/version_2_0/ACH_void.html'

2024-05-16 00:58:07 - [MESSAGE][WARNING] - A browser is already opened. Closing browser and opening a new one

2024-05-16 00:58:09 - [MESSAGE][INFO] - Starting 'Chrome' driver

2024-05-16 00:58:09 - [MESSAGE][INFO] - User set preference: ['acceptInsecureCerts', 'true']

2024-05-16 00:58:09 - [MESSAGE][INFO] - Action delay is set to 0 milliseconds

2024-05-16 00:58:11 - [MESSAGE][PASSED] - Browser is opened with url: 'https://dev-algorithm.govolution.com/vlinktest/QA2/version_2_0/ACH_void.html'

2024-05-16 00:58:11 - [TEST_STEP][PASSED] - maximizeWindow(): Current window maximized

2024-05-16 00:58:11 - [MESSAGE][PASSED] - Current window maximized

2024-05-16 00:58:11 - [TEST_STEP][PASSED] - setText(findTestObject("Object Repository/RecAndPlayBk/Page-Vlink-ACH-Void/input_Transaction Type"), tranType): Text '200' is set on object 'Object Repository/RecAndPlayBk/Page-Vlink-ACH-Void/input_Transaction Type'

2024-05-16 00:58:12 - [MESSAGE][PASSED] - Text '200' is set on object 'Object Repository/RecAndPlayBk/Page-Vlink-ACH-Void/input_Transaction Type'

2024-05-16 00:58:12 - [TEST_STEP][PASSED] - setText(findTestObject("Object Repository/RecAndPlayBk/Page-Vlink-ACH-Void/input_Message Version"), mv): Text '2.0A' is set on object 'Object Repository/RecAndPlayBk/Page-Vlink-ACH-Void/input_Message Version'

2024-05-16 00:58:13 - [MESSAGE][PASSED] - Text '2.0A' is set on object 'Object Repository/RecAndPlayBk/Page-Vlink-ACH-Void/input_Message Version'

2024-05-16 00:58:13 - [TEST_STEP][PASSED] - genRemID = RandomStringUtils.random(12, true, true): null

2024-05-16 00:58:13 - [TEST_STEP][PASSED] - setText(findTestObject("Object Repository/RecAndPlayBk/Page-Vlink-ACH-Void/input_Remittance Id"), genRemID): Text 'Bcs2ijCYaRwg' is set on object 'Object Repository/RecAndPlayBk/Page-Vlink-ACH-Void/input_Remittance Id'

2024-05-16 00:58:13 - [MESSAGE][PASSED] - Text 'Bcs2ijCYaRwg' is set on object 'Object Repository/RecAndPlayBk/Page-Vlink-ACH-Void/input_Remittance Id'

2024-05-16 00:58:13 - [TEST_STEP][PASSED] - setText(findTestObject("Object Repository/RecAndPlayBk/Page-Vlink-ACH-Void/input_Application Id"), appID): Text '234' is set on object 'Object Repository/RecAndPlayBk/Page-Vlink-ACH-Void/input_Application Id'

2024-05-16 00:58:14 - [MESSAGE][PASSED] - Text '234' is set on object 'Object Repository/RecAndPlayBk/Page-Vlink-ACH-Void/input_Application Id'

2024-05-16 00:58:14 - [TEST_STEP][PASSED] - setText(findTestObject("Object Repository/RecAndPlayBk/Page-Vlink-ACH-Void/input_Username"), username): Text 'username' is set on object 'Object Repository/RecAndPlayBk/Page-Vlink-ACH-Void/input_Username'

2024-05-16 00:58:15 - [MESSAGE][PASSED] - Text 'username' is set on object 'Object Repository/RecAndPlayBk/Page-Vlink-ACH-Void/input_Username'

2024-05-16 00:58:15 - [TEST_STEP][PASSED] - setText(findTestObject("Object Repository/RecAndPlayBk/Page-Vlink-ACH-Void/input_Password"), password): Text 'password' is set on object 'Object Repository/RecAndPlayBk/Page-Vlink-ACH-Void/input_Password'

2024-05-16 00:58:15 - [MESSAGE][PASSED] - Text 'password' is set on object 'Object Repository/RecAndPlayBk/Page-Vlink-ACH-Void/input_Password'

2024-05-16 00:58:15 - [TEST_STEP][PASSED] - setText(findTestObject("Object Repository/RecAndPlayBk/Page-Vlink-ACH-Void/input_Response Format"), resFormat): Text '' is set on object 'Object Repository/RecAndPlayBk/Page-Vlink-ACH-Void/input_Response Format'

2024-05-16 00:58:16 - [MESSAGE][PASSED] - Text '' is set on object 'Object Repository/RecAndPlayBk/Page-Vlink-ACH-Void/input_Response Format'

2024-05-16 00:58:16 - [TEST_STEP][PASSED] - setText(findTestObject("Object Repository/RecAndPlayBk/Page-Vlink-ACH-Void/input_Check Type"), checkType): Text 'P' is set on object 'Object Repository/RecAndPlayBk/Page-Vlink-ACH-Void/input_Check Type'

2024-05-16 00:58:16 - [MESSAGE][PASSED] - Text 'P' is set on object 'Object Repository/RecAndPlayBk/Page-Vlink-ACH-Void/input_Check Type'

2024-05-16 00:58:16 - [TEST_STEP][PASSED] - setText(findTestObject("Object Repository/RecAndPlayBk/Page-Vlink-ACH-Void/input_Standard Entry Class"), sec): Text 'PPD' is set on object 'Object Repository/RecAndPlayBk/Page-Vlink-ACH-Void/input_Standard Entry Class'

2024-05-16 00:58:17 - [MESSAGE][PASSED] - Text 'PPD' is set on object 'Object Repository/RecAndPlayBk/Page-Vlink-ACH-Void/input_Standard Entry Class'

2024-05-16 00:58:17 - [TEST_STEP][PASSED] - setText(findTestObject("Object Repository/RecAndPlayBk/Page-Vlink-ACH-Void/input_Transaction ID"), tranID): Text '12124566' is set on object 'Object Repository/RecAndPlayBk/Page-Vlink-ACH-Void/input_Transaction ID'

2024-05-16 00:58:18 - [MESSAGE][PASSED] - Text '12124566' is set on object 'Object Repository/RecAndPlayBk/Page-Vlink-ACH-Void/input_Transaction ID'

2024-05-16 00:58:18 - [TEST_STEP][PASSED] - setText(findTestObject("Object Repository/RecAndPlayBk/Page-Vlink-ACH-Void/input_Original Transaction Type"), origTranType): Text '200' is set on object 'Object Repository/RecAndPlayBk/Page-Vlink-ACH-Void/input_Original Transaction Type'

2024-05-16 00:58:18 - [MESSAGE][PASSED] - Text '200' is set on object 'Object Repository/RecAndPlayBk/Page-Vlink-ACH-Void/input_Original Transaction Type'

2024-05-16 00:58:18 - [TEST_STEP][PASSED] - click(findTestObject("Object Repository/RecAndPlayBk/Page-Vlink-ACH-Void/input")): Object: 'Object Repository/RecAndPlayBk/Page-Vlink-ACH-Void/input' is clicked on

2024-05-16 00:58:19 - [MESSAGE][PASSED] - Object: 'Object Repository/RecAndPlayBk/Page-Vlink-ACH-Void/input' is clicked on

2024-05-16 00:58:19 - [TEST_STEP][PASSED] - if (verifyTextPresent(errorMsg, true)): null

2024-05-16 00:58:19 - [MESSAGE][PASSED] - Text 'check_first_name, check_last_name, check_address, check_city' is present on page  using regular expression

2024-05-16 00:58:19 - [TEST_STEP][PASSED] - println("Error Message is present on the Confirmation page"): null

2024-05-16 00:58:19 - [TEST_STEP][PASSED] - out.println("Pass Record Number: " + row): null

2024-05-16 00:58:19 - [TEST_STEP][PASSED] - resText = "Pass": null

2024-05-16 00:58:19 - [TEST_STEP][PASSED] - pages.WriteExcel.demoKey(resText, datText, resColumn, datCloumn, fileLoc, nameSheet, row): pages.WriteExcel.demoKey is PASSED

2024-05-16 00:58:19 - [MESSAGE][PASSED] - pages.WriteExcel.demoKey is PASSED

2024-05-16 00:58:19 - [TEST_STEP][PASSED] - ExecuteTC = findTestData(dataFile).getValue("Execute", row): null

2024-05-16 00:58:19 - [TEST_STEP][PASSED] - out.println("Value of Execute is : " + ExecuteTC): null

2024-05-16 00:58:19 - [TEST_STEP][PASSED] - if (ExecuteTC.equalsIgnoreCase("Y")): null

2024-05-16 00:58:19 - [TEST_STEP][PASSED] - out.println("Begin Record Number: " + row): null

2024-05-16 00:58:19 - [TEST_STEP][PASSED] - today = new java.util.Date(): null

2024-05-16 00:58:19 - [TEST_STEP][PASSED] - println(today): null

2024-05-16 00:58:19 - [TEST_STEP][PASSED] - datText = today: null

2024-05-16 00:58:19 - [TEST_STEP][PASSED] - appID = findTestData(dataFile).getValue("AppID", row): null

2024-05-16 00:58:19 - [TEST_STEP][PASSED] - username = findTestData(dataFile).getValue("Username", row): null

2024-05-16 00:58:20 - [TEST_STEP][PASSED] - password = findTestData(dataFile).getValue("Password", row): null

2024-05-16 00:58:20 - [TEST_STEP][PASSED] - errorMsg = findTestData(dataFile).getValue("ErrorMsg", row): null

2024-05-16 00:58:20 - [TEST_STEP][PASSED] - tranType = findTestData(dataFile).getValue("TranType", row): null

2024-05-16 00:58:20 - [TEST_STEP][PASSED] - mv = findTestData(dataFile).getValue("MV", row): null

2024-05-16 00:58:20 - [TEST_STEP][PASSED] - resFormat = findTestData(dataFile).getValue("ResFormat", row): null

2024-05-16 00:58:20 - [TEST_STEP][PASSED] - checkType = findTestData(dataFile).getValue("CheckType", row): null

2024-05-16 00:58:20 - [TEST_STEP][PASSED] - sec = findTestData(dataFile).getValue("SEC", row): null

2024-05-16 00:58:20 - [TEST_STEP][PASSED] - tranID = findTestData(dataFile).getValue("TranxID", row): null

2024-05-16 00:58:20 - [TEST_STEP][PASSED] - origTranType = findTestData(dataFile).getValue("OriginalTranType", row): null

2024-05-16 00:58:20 - [TEST_STEP][PASSED] - openBrowser(VLinkURL + "ACH_void.html"): Browser is opened with url: 'https://dev-algorithm.govolution.com/vlinktest/QA2/version_2_0/ACH_void.html'

2024-05-16 00:58:20 - [MESSAGE][WARNING] - A browser is already opened. Closing browser and opening a new one

2024-05-16 00:58:21 - [MESSAGE][INFO] - Starting 'Chrome' driver

2024-05-16 00:58:21 - [MESSAGE][INFO] - User set preference: ['acceptInsecureCerts', 'true']

2024-05-16 00:58:21 - [MESSAGE][INFO] - Action delay is set to 0 milliseconds

2024-05-16 00:58:23 - [MESSAGE][PASSED] - Browser is opened with url: 'https://dev-algorithm.govolution.com/vlinktest/QA2/version_2_0/ACH_void.html'

2024-05-16 00:58:23 - [TEST_STEP][PASSED] - maximizeWindow(): Current window maximized

2024-05-16 00:58:24 - [MESSAGE][PASSED] - Current window maximized

2024-05-16 00:58:24 - [TEST_STEP][PASSED] - setText(findTestObject("Object Repository/RecAndPlayBk/Page-Vlink-ACH-Void/input_Transaction Type"), tranType): Text '200' is set on object 'Object Repository/RecAndPlayBk/Page-Vlink-ACH-Void/input_Transaction Type'

2024-05-16 00:58:24 - [MESSAGE][PASSED] - Text '200' is set on object 'Object Repository/RecAndPlayBk/Page-Vlink-ACH-Void/input_Transaction Type'

2024-05-16 00:58:24 - [TEST_STEP][PASSED] - setText(findTestObject("Object Repository/RecAndPlayBk/Page-Vlink-ACH-Void/input_Message Version"), mv): Text '2.0A' is set on object 'Object Repository/RecAndPlayBk/Page-Vlink-ACH-Void/input_Message Version'

2024-05-16 00:58:25 - [MESSAGE][PASSED] - Text '2.0A' is set on object 'Object Repository/RecAndPlayBk/Page-Vlink-ACH-Void/input_Message Version'

2024-05-16 00:58:25 - [TEST_STEP][PASSED] - genRemID = RandomStringUtils.random(12, true, true): null

2024-05-16 00:58:25 - [TEST_STEP][PASSED] - setText(findTestObject("Object Repository/RecAndPlayBk/Page-Vlink-ACH-Void/input_Remittance Id"), genRemID): Text 'Tnc76DfUHc6P' is set on object 'Object Repository/RecAndPlayBk/Page-Vlink-ACH-Void/input_Remittance Id'

2024-05-16 00:58:26 - [MESSAGE][PASSED] - Text 'Tnc76DfUHc6P' is set on object 'Object Repository/RecAndPlayBk/Page-Vlink-ACH-Void/input_Remittance Id'

2024-05-16 00:58:26 - [TEST_STEP][PASSED] - setText(findTestObject("Object Repository/RecAndPlayBk/Page-Vlink-ACH-Void/input_Application Id"), appID): Text '234' is set on object 'Object Repository/RecAndPlayBk/Page-Vlink-ACH-Void/input_Application Id'

2024-05-16 00:58:26 - [MESSAGE][PASSED] - Text '234' is set on object 'Object Repository/RecAndPlayBk/Page-Vlink-ACH-Void/input_Application Id'

2024-05-16 00:58:26 - [TEST_STEP][PASSED] - setText(findTestObject("Object Repository/RecAndPlayBk/Page-Vlink-ACH-Void/input_Username"), username): Text 'username' is set on object 'Object Repository/RecAndPlayBk/Page-Vlink-ACH-Void/input_Username'

2024-05-16 00:58:27 - [MESSAGE][PASSED] - Text 'username' is set on object 'Object Repository/RecAndPlayBk/Page-Vlink-ACH-Void/input_Username'

2024-05-16 00:58:27 - [TEST_STEP][PASSED] - setText(findTestObject("Object Repository/RecAndPlayBk/Page-Vlink-ACH-Void/input_Password"), password): Text 'password' is set on object 'Object Repository/RecAndPlayBk/Page-Vlink-ACH-Void/input_Password'

2024-05-16 00:58:28 - [MESSAGE][PASSED] - Text 'password' is set on object 'Object Repository/RecAndPlayBk/Page-Vlink-ACH-Void/input_Password'

2024-05-16 00:58:28 - [TEST_STEP][PASSED] - setText(findTestObject("Object Repository/RecAndPlayBk/Page-Vlink-ACH-Void/input_Response Format"), resFormat): Text 'fixed_width' is set on object 'Object Repository/RecAndPlayBk/Page-Vlink-ACH-Void/input_Response Format'

2024-05-16 00:58:28 - [MESSAGE][PASSED] - Text 'fixed_width' is set on object 'Object Repository/RecAndPlayBk/Page-Vlink-ACH-Void/input_Response Format'

2024-05-16 00:58:28 - [TEST_STEP][PASSED] - setText(findTestObject("Object Repository/RecAndPlayBk/Page-Vlink-ACH-Void/input_Check Type"), checkType): Text '' is set on object 'Object Repository/RecAndPlayBk/Page-Vlink-ACH-Void/input_Check Type'

2024-05-16 00:58:29 - [MESSAGE][PASSED] - Text '' is set on object 'Object Repository/RecAndPlayBk/Page-Vlink-ACH-Void/input_Check Type'

2024-05-16 00:58:29 - [TEST_STEP][PASSED] - setText(findTestObject("Object Repository/RecAndPlayBk/Page-Vlink-ACH-Void/input_Standard Entry Class"), sec): Text 'WEB' is set on object 'Object Repository/RecAndPlayBk/Page-Vlink-ACH-Void/input_Standard Entry Class'

2024-05-16 00:58:29 - [MESSAGE][PASSED] - Text 'WEB' is set on object 'Object Repository/RecAndPlayBk/Page-Vlink-ACH-Void/input_Standard Entry Class'

2024-05-16 00:58:29 - [TEST_STEP][PASSED] - setText(findTestObject("Object Repository/RecAndPlayBk/Page-Vlink-ACH-Void/input_Transaction ID"), tranID): Text '12124566' is set on object 'Object Repository/RecAndPlayBk/Page-Vlink-ACH-Void/input_Transaction ID'

2024-05-16 00:58:30 - [MESSAGE][PASSED] - Text '12124566' is set on object 'Object Repository/RecAndPlayBk/Page-Vlink-ACH-Void/input_Transaction ID'

2024-05-16 00:58:30 - [TEST_STEP][PASSED] - setText(findTestObject("Object Repository/RecAndPlayBk/Page-Vlink-ACH-Void/input_Original Transaction Type"), origTranType): Text '200' is set on object 'Object Repository/RecAndPlayBk/Page-Vlink-ACH-Void/input_Original Transaction Type'

2024-05-16 00:58:31 - [MESSAGE][PASSED] - Text '200' is set on object 'Object Repository/RecAndPlayBk/Page-Vlink-ACH-Void/input_Original Transaction Type'

2024-05-16 00:58:31 - [TEST_STEP][PASSED] - click(findTestObject("Object Repository/RecAndPlayBk/Page-Vlink-ACH-Void/input")): Object: 'Object Repository/RecAndPlayBk/Page-Vlink-ACH-Void/input' is clicked on

2024-05-16 00:58:31 - [MESSAGE][PASSED] - Object: 'Object Repository/RecAndPlayBk/Page-Vlink-ACH-Void/input' is clicked on

2024-05-16 00:58:31 - [TEST_STEP][PASSED] - if (verifyTextPresent(errorMsg, true)): null

2024-05-16 00:58:32 - [MESSAGE][PASSED] - Text 'Bank Account type not valid' is present on page  using regular expression

2024-05-16 00:58:32 - [TEST_STEP][PASSED] - println("Error Message is present on the Confirmation page"): null

2024-05-16 00:58:32 - [TEST_STEP][PASSED] - out.println("Pass Record Number: " + row): null

2024-05-16 00:58:32 - [TEST_STEP][PASSED] - resText = "Pass": null

2024-05-16 00:58:32 - [TEST_STEP][PASSED] - pages.WriteExcel.demoKey(resText, datText, resColumn, datCloumn, fileLoc, nameSheet, row): pages.WriteExcel.demoKey is PASSED

2024-05-16 00:58:32 - [MESSAGE][PASSED] - pages.WriteExcel.demoKey is PASSED

2024-05-16 00:58:32 - [TEST_STEP][PASSED] - ExecuteTC = findTestData(dataFile).getValue("Execute", row): null

2024-05-16 00:58:32 - [TEST_STEP][PASSED] - out.println("Value of Execute is : " + ExecuteTC): null

2024-05-16 00:58:32 - [TEST_STEP][PASSED] - if (ExecuteTC.equalsIgnoreCase("Y")): null

2024-05-16 00:58:32 - [TEST_STEP][PASSED] - out.println("Begin Record Number: " + row): null

2024-05-16 00:58:32 - [TEST_STEP][PASSED] - today = new java.util.Date(): null

2024-05-16 00:58:32 - [TEST_STEP][PASSED] - println(today): null

2024-05-16 00:58:32 - [TEST_STEP][PASSED] - datText = today: null

2024-05-16 00:58:32 - [TEST_STEP][PASSED] - appID = findTestData(dataFile).getValue("AppID", row): null

2024-05-16 00:58:32 - [TEST_STEP][PASSED] - username = findTestData(dataFile).getValue("Username", row): null

2024-05-16 00:58:32 - [TEST_STEP][PASSED] - password = findTestData(dataFile).getValue("Password", row): null

2024-05-16 00:58:32 - [TEST_STEP][PASSED] - errorMsg = findTestData(dataFile).getValue("ErrorMsg", row): null

2024-05-16 00:58:32 - [TEST_STEP][PASSED] - tranType = findTestData(dataFile).getValue("TranType", row): null

2024-05-16 00:58:32 - [TEST_STEP][PASSED] - mv = findTestData(dataFile).getValue("MV", row): null

2024-05-16 00:58:32 - [TEST_STEP][PASSED] - resFormat = findTestData(dataFile).getValue("ResFormat", row): null

2024-05-16 00:58:32 - [TEST_STEP][PASSED] - checkType = findTestData(dataFile).getValue("CheckType", row): null

2024-05-16 00:58:32 - [TEST_STEP][PASSED] - sec = findTestData(dataFile).getValue("SEC", row): null

2024-05-16 00:58:32 - [TEST_STEP][PASSED] - tranID = findTestData(dataFile).getValue("TranxID", row): null

2024-05-16 00:58:32 - [TEST_STEP][PASSED] - origTranType = findTestData(dataFile).getValue("OriginalTranType", row): null

2024-05-16 00:58:32 - [TEST_STEP][PASSED] - openBrowser(VLinkURL + "ACH_void.html"): Browser is opened with url: 'https://dev-algorithm.govolution.com/vlinktest/QA2/version_2_0/ACH_void.html'

2024-05-16 00:58:32 - [MESSAGE][WARNING] - A browser is already opened. Closing browser and opening a new one

2024-05-16 00:58:34 - [MESSAGE][INFO] - Starting 'Chrome' driver

2024-05-16 00:58:34 - [MESSAGE][INFO] - User set preference: ['acceptInsecureCerts', 'true']

2024-05-16 00:58:34 - [MESSAGE][INFO] - Action delay is set to 0 milliseconds

2024-05-16 00:58:36 - [MESSAGE][PASSED] - Browser is opened with url: 'https://dev-algorithm.govolution.com/vlinktest/QA2/version_2_0/ACH_void.html'

2024-05-16 00:58:36 - [TEST_STEP][PASSED] - maximizeWindow(): Current window maximized

2024-05-16 00:58:36 - [MESSAGE][PASSED] - Current window maximized

2024-05-16 00:58:36 - [TEST_STEP][PASSED] - setText(findTestObject("Object Repository/RecAndPlayBk/Page-Vlink-ACH-Void/input_Transaction Type"), tranType): Text '200' is set on object 'Object Repository/RecAndPlayBk/Page-Vlink-ACH-Void/input_Transaction Type'

2024-05-16 00:58:37 - [MESSAGE][PASSED] - Text '200' is set on object 'Object Repository/RecAndPlayBk/Page-Vlink-ACH-Void/input_Transaction Type'

2024-05-16 00:58:37 - [TEST_STEP][PASSED] - setText(findTestObject("Object Repository/RecAndPlayBk/Page-Vlink-ACH-Void/input_Message Version"), mv): Text '2.0A' is set on object 'Object Repository/RecAndPlayBk/Page-Vlink-ACH-Void/input_Message Version'

2024-05-16 00:58:37 - [MESSAGE][PASSED] - Text '2.0A' is set on object 'Object Repository/RecAndPlayBk/Page-Vlink-ACH-Void/input_Message Version'

2024-05-16 00:58:37 - [TEST_STEP][PASSED] - genRemID = RandomStringUtils.random(12, true, true): null

2024-05-16 00:58:37 - [TEST_STEP][PASSED] - setText(findTestObject("Object Repository/RecAndPlayBk/Page-Vlink-ACH-Void/input_Remittance Id"), genRemID): Text 'dQ2QekRYWO9A' is set on object 'Object Repository/RecAndPlayBk/Page-Vlink-ACH-Void/input_Remittance Id'

2024-05-16 00:58:38 - [MESSAGE][PASSED] - Text 'dQ2QekRYWO9A' is set on object 'Object Repository/RecAndPlayBk/Page-Vlink-ACH-Void/input_Remittance Id'

2024-05-16 00:58:38 - [TEST_STEP][PASSED] - setText(findTestObject("Object Repository/RecAndPlayBk/Page-Vlink-ACH-Void/input_Application Id"), appID): Text '234' is set on object 'Object Repository/RecAndPlayBk/Page-Vlink-ACH-Void/input_Application Id'

2024-05-16 00:58:39 - [MESSAGE][PASSED] - Text '234' is set on object 'Object Repository/RecAndPlayBk/Page-Vlink-ACH-Void/input_Application Id'

2024-05-16 00:58:39 - [TEST_STEP][PASSED] - setText(findTestObject("Object Repository/RecAndPlayBk/Page-Vlink-ACH-Void/input_Username"), username): Text 'username' is set on object 'Object Repository/RecAndPlayBk/Page-Vlink-ACH-Void/input_Username'

2024-05-16 00:58:39 - [MESSAGE][PASSED] - Text 'username' is set on object 'Object Repository/RecAndPlayBk/Page-Vlink-ACH-Void/input_Username'

2024-05-16 00:58:39 - [TEST_STEP][PASSED] - setText(findTestObject("Object Repository/RecAndPlayBk/Page-Vlink-ACH-Void/input_Password"), password): Text 'password' is set on object 'Object Repository/RecAndPlayBk/Page-Vlink-ACH-Void/input_Password'

2024-05-16 00:58:40 - [MESSAGE][PASSED] - Text 'password' is set on object 'Object Repository/RecAndPlayBk/Page-Vlink-ACH-Void/input_Password'

2024-05-16 00:58:40 - [TEST_STEP][PASSED] - setText(findTestObject("Object Repository/RecAndPlayBk/Page-Vlink-ACH-Void/input_Response Format"), resFormat): Text 'fixed_width' is set on object 'Object Repository/RecAndPlayBk/Page-Vlink-ACH-Void/input_Response Format'

2024-05-16 00:58:40 - [MESSAGE][PASSED] - Text 'fixed_width' is set on object 'Object Repository/RecAndPlayBk/Page-Vlink-ACH-Void/input_Response Format'

2024-05-16 00:58:40 - [TEST_STEP][PASSED] - setText(findTestObject("Object Repository/RecAndPlayBk/Page-Vlink-ACH-Void/input_Check Type"), checkType): Text 'P' is set on object 'Object Repository/RecAndPlayBk/Page-Vlink-ACH-Void/input_Check Type'

2024-05-16 00:58:41 - [MESSAGE][PASSED] - Text 'P' is set on object 'Object Repository/RecAndPlayBk/Page-Vlink-ACH-Void/input_Check Type'

2024-05-16 00:58:41 - [TEST_STEP][PASSED] - setText(findTestObject("Object Repository/RecAndPlayBk/Page-Vlink-ACH-Void/input_Standard Entry Class"), sec): Text '' is set on object 'Object Repository/RecAndPlayBk/Page-Vlink-ACH-Void/input_Standard Entry Class'

2024-05-16 00:58:42 - [MESSAGE][PASSED] - Text '' is set on object 'Object Repository/RecAndPlayBk/Page-Vlink-ACH-Void/input_Standard Entry Class'

2024-05-16 00:58:42 - [TEST_STEP][PASSED] - setText(findTestObject("Object Repository/RecAndPlayBk/Page-Vlink-ACH-Void/input_Transaction ID"), tranID): Text '12124566' is set on object 'Object Repository/RecAndPlayBk/Page-Vlink-ACH-Void/input_Transaction ID'

2024-05-16 00:58:42 - [MESSAGE][PASSED] - Text '12124566' is set on object 'Object Repository/RecAndPlayBk/Page-Vlink-ACH-Void/input_Transaction ID'

2024-05-16 00:58:42 - [TEST_STEP][PASSED] - setText(findTestObject("Object Repository/RecAndPlayBk/Page-Vlink-ACH-Void/input_Original Transaction Type"), origTranType): Text '200' is set on object 'Object Repository/RecAndPlayBk/Page-Vlink-ACH-Void/input_Original Transaction Type'

2024-05-16 00:58:43 - [MESSAGE][PASSED] - Text '200' is set on object 'Object Repository/RecAndPlayBk/Page-Vlink-ACH-Void/input_Original Transaction Type'

2024-05-16 00:58:43 - [TEST_STEP][PASSED] - click(findTestObject("Object Repository/RecAndPlayBk/Page-Vlink-ACH-Void/input")): Object: 'Object Repository/RecAndPlayBk/Page-Vlink-ACH-Void/input' is clicked on

2024-05-16 00:58:44 - [MESSAGE][PASSED] - Object: 'Object Repository/RecAndPlayBk/Page-Vlink-ACH-Void/input' is clicked on

2024-05-16 00:58:44 - [TEST_STEP][PASSED] - if (verifyTextPresent(errorMsg, true)): null

2024-05-16 00:58:44 - [MESSAGE][PASSED] - Text 'check_first_name, check_last_name, check_address, check_city, check_state, che' is present on page  using regular expression

2024-05-16 00:58:44 - [TEST_STEP][PASSED] - println("Error Message is present on the Confirmation page"): null

2024-05-16 00:58:44 - [TEST_STEP][PASSED] - out.println("Pass Record Number: " + row): null

2024-05-16 00:58:44 - [TEST_STEP][PASSED] - resText = "Pass": null

2024-05-16 00:58:44 - [TEST_STEP][PASSED] - pages.WriteExcel.demoKey(resText, datText, resColumn, datCloumn, fileLoc, nameSheet, row): pages.WriteExcel.demoKey is PASSED

2024-05-16 00:58:44 - [MESSAGE][PASSED] - pages.WriteExcel.demoKey is PASSED

2024-05-16 00:58:44 - [TEST_STEP][PASSED] - ExecuteTC = findTestData(dataFile).getValue("Execute", row): null

2024-05-16 00:58:44 - [TEST_STEP][PASSED] - out.println("Value of Execute is : " + ExecuteTC): null

2024-05-16 00:58:44 - [TEST_STEP][PASSED] - if (ExecuteTC.equalsIgnoreCase("Y")): null

2024-05-16 00:58:44 - [TEST_STEP][PASSED] - out.println("Begin Record Number: " + row): null

2024-05-16 00:58:44 - [TEST_STEP][PASSED] - today = new java.util.Date(): null

2024-05-16 00:58:44 - [TEST_STEP][PASSED] - println(today): null

2024-05-16 00:58:44 - [TEST_STEP][PASSED] - datText = today: null

2024-05-16 00:58:44 - [TEST_STEP][PASSED] - appID = findTestData(dataFile).getValue("AppID", row): null

2024-05-16 00:58:44 - [TEST_STEP][PASSED] - username = findTestData(dataFile).getValue("Username", row): null

2024-05-16 00:58:44 - [TEST_STEP][PASSED] - password = findTestData(dataFile).getValue("Password", row): null

2024-05-16 00:58:44 - [TEST_STEP][PASSED] - errorMsg = findTestData(dataFile).getValue("ErrorMsg", row): null

2024-05-16 00:58:44 - [TEST_STEP][PASSED] - tranType = findTestData(dataFile).getValue("TranType", row): null

2024-05-16 00:58:44 - [TEST_STEP][PASSED] - mv = findTestData(dataFile).getValue("MV", row): null

2024-05-16 00:58:44 - [TEST_STEP][PASSED] - resFormat = findTestData(dataFile).getValue("ResFormat", row): null

2024-05-16 00:58:45 - [TEST_STEP][PASSED] - checkType = findTestData(dataFile).getValue("CheckType", row): null

2024-05-16 00:58:45 - [TEST_STEP][PASSED] - sec = findTestData(dataFile).getValue("SEC", row): null

2024-05-16 00:58:45 - [TEST_STEP][PASSED] - tranID = findTestData(dataFile).getValue("TranxID", row): null

2024-05-16 00:58:45 - [TEST_STEP][PASSED] - origTranType = findTestData(dataFile).getValue("OriginalTranType", row): null

2024-05-16 00:58:45 - [TEST_STEP][PASSED] - openBrowser(VLinkURL + "ACH_void.html"): Browser is opened with url: 'https://dev-algorithm.govolution.com/vlinktest/QA2/version_2_0/ACH_void.html'

2024-05-16 00:58:45 - [MESSAGE][WARNING] - A browser is already opened. Closing browser and opening a new one

2024-05-16 00:58:46 - [MESSAGE][INFO] - Starting 'Chrome' driver

2024-05-16 00:58:46 - [MESSAGE][INFO] - User set preference: ['acceptInsecureCerts', 'true']

2024-05-16 00:58:46 - [MESSAGE][INFO] - Action delay is set to 0 milliseconds

2024-05-16 00:58:48 - [MESSAGE][PASSED] - Browser is opened with url: 'https://dev-algorithm.govolution.com/vlinktest/QA2/version_2_0/ACH_void.html'

2024-05-16 00:58:48 - [TEST_STEP][PASSED] - maximizeWindow(): Current window maximized

2024-05-16 00:58:48 - [MESSAGE][PASSED] - Current window maximized

2024-05-16 00:58:48 - [TEST_STEP][PASSED] - setText(findTestObject("Object Repository/RecAndPlayBk/Page-Vlink-ACH-Void/input_Transaction Type"), tranType): Text '200' is set on object 'Object Repository/RecAndPlayBk/Page-Vlink-ACH-Void/input_Transaction Type'

2024-05-16 00:58:49 - [MESSAGE][PASSED] - Text '200' is set on object 'Object Repository/RecAndPlayBk/Page-Vlink-ACH-Void/input_Transaction Type'

2024-05-16 00:58:49 - [TEST_STEP][PASSED] - setText(findTestObject("Object Repository/RecAndPlayBk/Page-Vlink-ACH-Void/input_Message Version"), mv): Text '2.0A' is set on object 'Object Repository/RecAndPlayBk/Page-Vlink-ACH-Void/input_Message Version'

2024-05-16 00:58:50 - [MESSAGE][PASSED] - Text '2.0A' is set on object 'Object Repository/RecAndPlayBk/Page-Vlink-ACH-Void/input_Message Version'

2024-05-16 00:58:50 - [TEST_STEP][PASSED] - genRemID = RandomStringUtils.random(12, true, true): null

2024-05-16 00:58:50 - [TEST_STEP][PASSED] - setText(findTestObject("Object Repository/RecAndPlayBk/Page-Vlink-ACH-Void/input_Remittance Id"), genRemID): Text '0W228aLWdkha' is set on object 'Object Repository/RecAndPlayBk/Page-Vlink-ACH-Void/input_Remittance Id'

2024-05-16 00:58:50 - [MESSAGE][PASSED] - Text '0W228aLWdkha' is set on object 'Object Repository/RecAndPlayBk/Page-Vlink-ACH-Void/input_Remittance Id'

2024-05-16 00:58:50 - [TEST_STEP][PASSED] - setText(findTestObject("Object Repository/RecAndPlayBk/Page-Vlink-ACH-Void/input_Application Id"), appID): Text '234' is set on object 'Object Repository/RecAndPlayBk/Page-Vlink-ACH-Void/input_Application Id'

2024-05-16 00:58:51 - [MESSAGE][PASSED] - Text '234' is set on object 'Object Repository/RecAndPlayBk/Page-Vlink-ACH-Void/input_Application Id'

2024-05-16 00:58:51 - [TEST_STEP][PASSED] - setText(findTestObject("Object Repository/RecAndPlayBk/Page-Vlink-ACH-Void/input_Username"), username): Text 'username' is set on object 'Object Repository/RecAndPlayBk/Page-Vlink-ACH-Void/input_Username'

2024-05-16 00:58:52 - [MESSAGE][PASSED] - Text 'username' is set on object 'Object Repository/RecAndPlayBk/Page-Vlink-ACH-Void/input_Username'

2024-05-16 00:58:52 - [TEST_STEP][PASSED] - setText(findTestObject("Object Repository/RecAndPlayBk/Page-Vlink-ACH-Void/input_Password"), password): Text 'password' is set on object 'Object Repository/RecAndPlayBk/Page-Vlink-ACH-Void/input_Password'

2024-05-16 00:58:52 - [MESSAGE][PASSED] - Text 'password' is set on object 'Object Repository/RecAndPlayBk/Page-Vlink-ACH-Void/input_Password'

2024-05-16 00:58:52 - [TEST_STEP][PASSED] - setText(findTestObject("Object Repository/RecAndPlayBk/Page-Vlink-ACH-Void/input_Response Format"), resFormat): Text 'fixed_width' is set on object 'Object Repository/RecAndPlayBk/Page-Vlink-ACH-Void/input_Response Format'

2024-05-16 00:58:53 - [MESSAGE][PASSED] - Text 'fixed_width' is set on object 'Object Repository/RecAndPlayBk/Page-Vlink-ACH-Void/input_Response Format'

2024-05-16 00:58:53 - [TEST_STEP][PASSED] - setText(findTestObject("Object Repository/RecAndPlayBk/Page-Vlink-ACH-Void/input_Check Type"), checkType): Text 'P' is set on object 'Object Repository/RecAndPlayBk/Page-Vlink-ACH-Void/input_Check Type'

2024-05-16 00:58:53 - [MESSAGE][PASSED] - Text 'P' is set on object 'Object Repository/RecAndPlayBk/Page-Vlink-ACH-Void/input_Check Type'

2024-05-16 00:58:53 - [TEST_STEP][PASSED] - setText(findTestObject("Object Repository/RecAndPlayBk/Page-Vlink-ACH-Void/input_Standard Entry Class"), sec): Text 'WEB' is set on object 'Object Repository/RecAndPlayBk/Page-Vlink-ACH-Void/input_Standard Entry Class'

2024-05-16 00:58:54 - [MESSAGE][PASSED] - Text 'WEB' is set on object 'Object Repository/RecAndPlayBk/Page-Vlink-ACH-Void/input_Standard Entry Class'

2024-05-16 00:58:54 - [TEST_STEP][PASSED] - setText(findTestObject("Object Repository/RecAndPlayBk/Page-Vlink-ACH-Void/input_Transaction ID"), tranID): Text '12124566' is set on object 'Object Repository/RecAndPlayBk/Page-Vlink-ACH-Void/input_Transaction ID'

2024-05-16 00:58:55 - [MESSAGE][PASSED] - Text '12124566' is set on object 'Object Repository/RecAndPlayBk/Page-Vlink-ACH-Void/input_Transaction ID'

2024-05-16 00:58:55 - [TEST_STEP][PASSED] - setText(findTestObject("Object Repository/RecAndPlayBk/Page-Vlink-ACH-Void/input_Original Transaction Type"), origTranType): Text '' is set on object 'Object Repository/RecAndPlayBk/Page-Vlink-ACH-Void/input_Original Transaction Type'

2024-05-16 00:58:55 - [MESSAGE][PASSED] - Text '' is set on object 'Object Repository/RecAndPlayBk/Page-Vlink-ACH-Void/input_Original Transaction Type'

2024-05-16 00:58:55 - [TEST_STEP][PASSED] - click(findTestObject("Object Repository/RecAndPlayBk/Page-Vlink-ACH-Void/input")): Object: 'Object Repository/RecAndPlayBk/Page-Vlink-ACH-Void/input' is clicked on

2024-05-16 00:58:56 - [MESSAGE][PASSED] - Object: 'Object Repository/RecAndPlayBk/Page-Vlink-ACH-Void/input' is clicked on

2024-05-16 00:58:56 - [TEST_STEP][PASSED] - if (verifyTextPresent(errorMsg, true)): null

2024-05-16 00:58:56 - [MESSAGE][PASSED] - Text 'check_first_name, check_last_name, check_address, check_city, check_state, che' is present on page  using regular expression

2024-05-16 00:58:56 - [TEST_STEP][PASSED] - println("Error Message is present on the Confirmation page"): null

2024-05-16 00:58:56 - [TEST_STEP][PASSED] - out.println("Pass Record Number: " + row): null

2024-05-16 00:58:56 - [TEST_STEP][PASSED] - resText = "Pass": null

2024-05-16 00:58:56 - [TEST_STEP][PASSED] - pages.WriteExcel.demoKey(resText, datText, resColumn, datCloumn, fileLoc, nameSheet, row): pages.WriteExcel.demoKey is PASSED

2024-05-16 00:58:56 - [MESSAGE][PASSED] - pages.WriteExcel.demoKey is PASSED

2024-05-16 00:58:56 - [TEST_STEP][PASSED] - ExecuteTC = findTestData(dataFile).getValue("Execute", row): null

2024-05-16 00:58:56 - [TEST_STEP][PASSED] - out.println("Value of Execute is : " + ExecuteTC): null

2024-05-16 00:58:56 - [TEST_STEP][PASSED] - if (ExecuteTC.equalsIgnoreCase("Y")): null

2024-05-16 00:58:56 - [TEST_STEP][PASSED] - out.println("Begin Record Number: " + row): null

2024-05-16 00:58:56 - [TEST_STEP][PASSED] - today = new java.util.Date(): null

2024-05-16 00:58:56 - [TEST_STEP][PASSED] - println(today): null

2024-05-16 00:58:56 - [TEST_STEP][PASSED] - datText = today: null

2024-05-16 00:58:56 - [TEST_STEP][PASSED] - appID = findTestData(dataFile).getValue("AppID", row): null

2024-05-16 00:58:57 - [TEST_STEP][PASSED] - username = findTestData(dataFile).getValue("Username", row): null

2024-05-16 00:58:57 - [TEST_STEP][PASSED] - password = findTestData(dataFile).getValue("Password", row): null

2024-05-16 00:58:57 - [TEST_STEP][PASSED] - errorMsg = findTestData(dataFile).getValue("ErrorMsg", row): null

2024-05-16 00:58:57 - [TEST_STEP][PASSED] - tranType = findTestData(dataFile).getValue("TranType", row): null

2024-05-16 00:58:57 - [TEST_STEP][PASSED] - mv = findTestData(dataFile).getValue("MV", row): null

2024-05-16 00:58:57 - [TEST_STEP][PASSED] - resFormat = findTestData(dataFile).getValue("ResFormat", row): null

2024-05-16 00:58:57 - [TEST_STEP][PASSED] - checkType = findTestData(dataFile).getValue("CheckType", row): null

2024-05-16 00:58:57 - [TEST_STEP][PASSED] - sec = findTestData(dataFile).getValue("SEC", row): null

2024-05-16 00:58:57 - [TEST_STEP][PASSED] - tranID = findTestData(dataFile).getValue("TranxID", row): null

2024-05-16 00:58:57 - [TEST_STEP][PASSED] - origTranType = findTestData(dataFile).getValue("OriginalTranType", row): null

2024-05-16 00:58:57 - [TEST_STEP][PASSED] - openBrowser(VLinkURL + "ACH_void.html"): Browser is opened with url: 'https://dev-algorithm.govolution.com/vlinktest/QA2/version_2_0/ACH_void.html'

2024-05-16 00:58:57 - [MESSAGE][WARNING] - A browser is already opened. Closing browser and opening a new one

2024-05-16 00:58:58 - [MESSAGE][INFO] - Starting 'Chrome' driver

2024-05-16 00:58:58 - [MESSAGE][INFO] - User set preference: ['acceptInsecureCerts', 'true']

2024-05-16 00:58:58 - [MESSAGE][INFO] - Action delay is set to 0 milliseconds

2024-05-16 00:59:00 - [MESSAGE][PASSED] - Browser is opened with url: 'https://dev-algorithm.govolution.com/vlinktest/QA2/version_2_0/ACH_void.html'

2024-05-16 00:59:00 - [TEST_STEP][PASSED] - maximizeWindow(): Current window maximized

2024-05-16 00:59:01 - [MESSAGE][PASSED] - Current window maximized

2024-05-16 00:59:01 - [TEST_STEP][PASSED] - setText(findTestObject("Object Repository/RecAndPlayBk/Page-Vlink-ACH-Void/input_Transaction Type"), tranType): Text '200' is set on object 'Object Repository/RecAndPlayBk/Page-Vlink-ACH-Void/input_Transaction Type'

2024-05-16 00:59:02 - [MESSAGE][PASSED] - Text '200' is set on object 'Object Repository/RecAndPlayBk/Page-Vlink-ACH-Void/input_Transaction Type'

2024-05-16 00:59:02 - [TEST_STEP][PASSED] - setText(findTestObject("Object Repository/RecAndPlayBk/Page-Vlink-ACH-Void/input_Message Version"), mv): Text '2.0A' is set on object 'Object Repository/RecAndPlayBk/Page-Vlink-ACH-Void/input_Message Version'

2024-05-16 00:59:02 - [MESSAGE][PASSED] - Text '2.0A' is set on object 'Object Repository/RecAndPlayBk/Page-Vlink-ACH-Void/input_Message Version'

2024-05-16 00:59:02 - [TEST_STEP][PASSED] - genRemID = RandomStringUtils.random(12, true, true): null

2024-05-16 00:59:02 - [TEST_STEP][PASSED] - setText(findTestObject("Object Repository/RecAndPlayBk/Page-Vlink-ACH-Void/input_Remittance Id"), genRemID): Text '8VOFv63H4ons' is set on object 'Object Repository/RecAndPlayBk/Page-Vlink-ACH-Void/input_Remittance Id'

2024-05-16 00:59:03 - [MESSAGE][PASSED] - Text '8VOFv63H4ons' is set on object 'Object Repository/RecAndPlayBk/Page-Vlink-ACH-Void/input_Remittance Id'

2024-05-16 00:59:03 - [TEST_STEP][PASSED] - setText(findTestObject("Object Repository/RecAndPlayBk/Page-Vlink-ACH-Void/input_Application Id"), appID): Text '234' is set on object 'Object Repository/RecAndPlayBk/Page-Vlink-ACH-Void/input_Application Id'

2024-05-16 00:59:03 - [MESSAGE][PASSED] - Text '234' is set on object 'Object Repository/RecAndPlayBk/Page-Vlink-ACH-Void/input_Application Id'

2024-05-16 00:59:03 - [TEST_STEP][PASSED] - setText(findTestObject("Object Repository/RecAndPlayBk/Page-Vlink-ACH-Void/input_Username"), username): Text 'username' is set on object 'Object Repository/RecAndPlayBk/Page-Vlink-ACH-Void/input_Username'

2024-05-16 00:59:04 - [MESSAGE][PASSED] - Text 'username' is set on object 'Object Repository/RecAndPlayBk/Page-Vlink-ACH-Void/input_Username'

2024-05-16 00:59:04 - [TEST_STEP][PASSED] - setText(findTestObject("Object Repository/RecAndPlayBk/Page-Vlink-ACH-Void/input_Password"), password): Text 'password' is set on object 'Object Repository/RecAndPlayBk/Page-Vlink-ACH-Void/input_Password'

2024-05-16 00:59:05 - [MESSAGE][PASSED] - Text 'password' is set on object 'Object Repository/RecAndPlayBk/Page-Vlink-ACH-Void/input_Password'

2024-05-16 00:59:05 - [TEST_STEP][PASSED] - setText(findTestObject("Object Repository/RecAndPlayBk/Page-Vlink-ACH-Void/input_Response Format"), resFormat): Text 'fixed_width' is set on object 'Object Repository/RecAndPlayBk/Page-Vlink-ACH-Void/input_Response Format'

2024-05-16 00:59:05 - [MESSAGE][PASSED] - Text 'fixed_width' is set on object 'Object Repository/RecAndPlayBk/Page-Vlink-ACH-Void/input_Response Format'

2024-05-16 00:59:05 - [TEST_STEP][PASSED] - setText(findTestObject("Object Repository/RecAndPlayBk/Page-Vlink-ACH-Void/input_Check Type"), checkType): Text 'P' is set on object 'Object Repository/RecAndPlayBk/Page-Vlink-ACH-Void/input_Check Type'

2024-05-16 00:59:06 - [MESSAGE][PASSED] - Text 'P' is set on object 'Object Repository/RecAndPlayBk/Page-Vlink-ACH-Void/input_Check Type'

2024-05-16 00:59:06 - [TEST_STEP][PASSED] - setText(findTestObject("Object Repository/RecAndPlayBk/Page-Vlink-ACH-Void/input_Standard Entry Class"), sec): Text 'WEB' is set on object 'Object Repository/RecAndPlayBk/Page-Vlink-ACH-Void/input_Standard Entry Class'

2024-05-16 00:59:07 - [MESSAGE][PASSED] - Text 'WEB' is set on object 'Object Repository/RecAndPlayBk/Page-Vlink-ACH-Void/input_Standard Entry Class'

2024-05-16 00:59:07 - [TEST_STEP][PASSED] - setText(findTestObject("Object Repository/RecAndPlayBk/Page-Vlink-ACH-Void/input_Transaction ID"), tranID): Text '' is set on object 'Object Repository/RecAndPlayBk/Page-Vlink-ACH-Void/input_Transaction ID'

2024-05-16 00:59:07 - [MESSAGE][PASSED] - Text '' is set on object 'Object Repository/RecAndPlayBk/Page-Vlink-ACH-Void/input_Transaction ID'

2024-05-16 00:59:07 - [TEST_STEP][PASSED] - setText(findTestObject("Object Repository/RecAndPlayBk/Page-Vlink-ACH-Void/input_Original Transaction Type"), origTranType): Text '200' is set on object 'Object Repository/RecAndPlayBk/Page-Vlink-ACH-Void/input_Original Transaction Type'

2024-05-16 00:59:08 - [MESSAGE][PASSED] - Text '200' is set on object 'Object Repository/RecAndPlayBk/Page-Vlink-ACH-Void/input_Original Transaction Type'

2024-05-16 00:59:08 - [TEST_STEP][PASSED] - click(findTestObject("Object Repository/RecAndPlayBk/Page-Vlink-ACH-Void/input")): Object: 'Object Repository/RecAndPlayBk/Page-Vlink-ACH-Void/input' is clicked on

2024-05-16 00:59:08 - [MESSAGE][PASSED] - Object: 'Object Repository/RecAndPlayBk/Page-Vlink-ACH-Void/input' is clicked on

2024-05-16 00:59:08 - [TEST_STEP][PASSED] - if (verifyTextPresent(errorMsg, true)): null

2024-05-16 00:59:09 - [MESSAGE][PASSED] - Text 'check_first_name, check_last_name, check_address, check_city, check_state, che' is present on page  using regular expression

2024-05-16 00:59:09 - [TEST_STEP][PASSED] - println("Error Message is present on the Confirmation page"): null

2024-05-16 00:59:09 - [TEST_STEP][PASSED] - out.println("Pass Record Number: " + row): null

2024-05-16 00:59:09 - [TEST_STEP][PASSED] - resText = "Pass": null

2024-05-16 00:59:09 - [TEST_STEP][PASSED] - pages.WriteExcel.demoKey(resText, datText, resColumn, datCloumn, fileLoc, nameSheet, row): pages.WriteExcel.demoKey is PASSED

2024-05-16 00:59:09 - [MESSAGE][PASSED] - pages.WriteExcel.demoKey is PASSED]]></system-out>
         <system-err><![CDATA[]]></system-err>
      </testcase>
      <testcase name="Test Cases/RecAndPlayBk/VLink/ACH-Credit-MRF" time="175.14" classname="Test Cases/RecAndPlayBk/VLink/ACH-Credit-MRF" status="PASSED">
         <system-out><![CDATA[2024-05-16 00:59:09 - [TEST_CASE][PASSED] - Test Cases/RecAndPlayBk/VLink/ACH-Credit-MRF: Test Cases/RecAndPlayBk/VLink/ACH-Credit-MRF

2024-05-16 00:59:09 - [TEST_STEP][PASSED] - executionProfile = getExecutionProfile(): null

2024-05-16 00:59:09 - [TEST_STEP][PASSED] - out.println("executionProfile : " + executionProfile): null

2024-05-16 00:59:09 - [TEST_STEP][PASSED] - resText = "Fail": null

2024-05-16 00:59:09 - [TEST_STEP][PASSED] - resColumn = "Result": null

2024-05-16 00:59:09 - [TEST_STEP][PASSED] - datCloumn = "Date": null

2024-05-16 00:59:09 - [TEST_STEP][PASSED] - fileLoc = "KatalonData/VLinkSmokeDataACH.xlsx": null

2024-05-16 00:59:09 - [TEST_STEP][PASSED] - numOfRows = <not implemented yet for class: org.codehaus.groovy.ast.expr.EmptyExpression>: null

2024-05-16 00:59:09 - [TEST_STEP][PASSED] - dataFile = <not implemented yet for class: org.codehaus.groovy.ast.expr.EmptyExpression>: null

2024-05-16 00:59:09 - [TEST_STEP][PASSED] - nameSheet = <not implemented yet for class: org.codehaus.groovy.ast.expr.EmptyExpression>: null

2024-05-16 00:59:09 - [TEST_STEP][PASSED] - nameSheet = "Credit-MRF": null

2024-05-16 00:59:09 - [TEST_STEP][PASSED] - numOfRows = findTestData("QA/VLinkTestData/VLinkACHCreditMRFData").getRowNumbers(): null

2024-05-16 00:59:09 - [TEST_STEP][PASSED] - println("Number of Records: " + numOfRows): null

2024-05-16 00:59:09 - [TEST_STEP][PASSED] - dataFile = "QA/VLinkTestData/VLinkACHCreditMRFData": null

2024-05-16 00:59:09 - [TEST_STEP][PASSED] - for ([row = 1, row <= numOfRows, (row++)]): null

2024-05-16 00:59:09 - [TEST_STEP][PASSED] - ExecuteTC = findTestData(dataFile).getValue("Execute", row): null

2024-05-16 00:59:10 - [TEST_STEP][PASSED] - out.println("Value of Execute is : " + ExecuteTC): null

2024-05-16 00:59:10 - [TEST_STEP][PASSED] - if (ExecuteTC.equalsIgnoreCase("Y")): null

2024-05-16 00:59:10 - [TEST_STEP][PASSED] - out.println("Begin Record Number: " + row): null

2024-05-16 00:59:10 - [TEST_STEP][PASSED] - today = new java.util.Date(): null

2024-05-16 00:59:10 - [TEST_STEP][PASSED] - println(today): null

2024-05-16 00:59:10 - [TEST_STEP][PASSED] - datText = today: null

2024-05-16 00:59:10 - [TEST_STEP][PASSED] - appID = findTestData(dataFile).getValue("AppID", row): null

2024-05-16 00:59:10 - [TEST_STEP][PASSED] - username = findTestData(dataFile).getValue("Username", row): null

2024-05-16 00:59:10 - [TEST_STEP][PASSED] - password = findTestData(dataFile).getValue("Password", row): null

2024-05-16 00:59:10 - [TEST_STEP][PASSED] - errorMsg = findTestData(dataFile).getValue("ErrorMsg", row): null

2024-05-16 00:59:10 - [TEST_STEP][PASSED] - tranType = findTestData(dataFile).getValue("TranType", row): null

2024-05-16 00:59:10 - [TEST_STEP][PASSED] - mv = findTestData(dataFile).getValue("MV", row): null

2024-05-16 00:59:10 - [TEST_STEP][PASSED] - resFormat = findTestData(dataFile).getValue("ResFormat", row): null

2024-05-16 00:59:10 - [TEST_STEP][PASSED] - checkType = findTestData(dataFile).getValue("CheckType", row): null

2024-05-16 00:59:10 - [TEST_STEP][PASSED] - sec = findTestData(dataFile).getValue("SEC", row): null

2024-05-16 00:59:10 - [TEST_STEP][PASSED] - tranID = findTestData(dataFile).getValue("TranxID", row): null

2024-05-16 00:59:11 - [TEST_STEP][PASSED] - amount = findTestData(dataFile).getValue("Amount", row): null

2024-05-16 00:59:11 - [TEST_STEP][PASSED] - acNumber = findTestData(dataFile).getValue("AcNumber", row): null

2024-05-16 00:59:11 - [TEST_STEP][PASSED] - rtn = findTestData(dataFile).getValue("RTN", row): null

2024-05-16 00:59:11 - [TEST_STEP][PASSED] - openBrowser(VLinkURL + "ACH_credit.html"): Browser is opened with url: 'https://dev-algorithm.govolution.com/vlinktest/QA2/version_2_0/ACH_credit.html'

2024-05-16 00:59:11 - [MESSAGE][WARNING] - A browser is already opened. Closing browser and opening a new one

2024-05-16 00:59:12 - [MESSAGE][INFO] - Starting 'Chrome' driver

2024-05-16 00:59:12 - [MESSAGE][INFO] - User set preference: ['acceptInsecureCerts', 'true']

2024-05-16 00:59:12 - [MESSAGE][INFO] - Action delay is set to 0 milliseconds

2024-05-16 00:59:14 - [MESSAGE][PASSED] - Browser is opened with url: 'https://dev-algorithm.govolution.com/vlinktest/QA2/version_2_0/ACH_credit.html'

2024-05-16 00:59:14 - [TEST_STEP][PASSED] - maximizeWindow(): Current window maximized

2024-05-16 00:59:15 - [MESSAGE][PASSED] - Current window maximized

2024-05-16 00:59:15 - [TEST_STEP][PASSED] - setText(findTestObject("Object Repository/RecAndPlayBk/Page-Vlink-ACH-Credit/input_Transaction Type"), tranType): Text '' is set on object 'Object Repository/RecAndPlayBk/Page-Vlink-ACH-Credit/input_Transaction Type'

2024-05-16 00:59:15 - [MESSAGE][PASSED] - Text '' is set on object 'Object Repository/RecAndPlayBk/Page-Vlink-ACH-Credit/input_Transaction Type'

2024-05-16 00:59:15 - [TEST_STEP][PASSED] - setText(findTestObject("Object Repository/RecAndPlayBk/Page-Vlink-ACH-Credit/input_Message Version"), mv): Text '2.0A' is set on object 'Object Repository/RecAndPlayBk/Page-Vlink-ACH-Credit/input_Message Version'

2024-05-16 00:59:16 - [MESSAGE][PASSED] - Text '2.0A' is set on object 'Object Repository/RecAndPlayBk/Page-Vlink-ACH-Credit/input_Message Version'

2024-05-16 00:59:16 - [TEST_STEP][PASSED] - genRemID = RandomStringUtils.random(12, true, true): null

2024-05-16 00:59:16 - [TEST_STEP][PASSED] - setText(findTestObject("Object Repository/RecAndPlayBk/Page-Vlink-ACH-Credit/input_Remittance Id"), genRemID): Text 'Ry8pxj62nhpP' is set on object 'Object Repository/RecAndPlayBk/Page-Vlink-ACH-Credit/input_Remittance Id'

2024-05-16 00:59:16 - [MESSAGE][PASSED] - Text 'Ry8pxj62nhpP' is set on object 'Object Repository/RecAndPlayBk/Page-Vlink-ACH-Credit/input_Remittance Id'

2024-05-16 00:59:16 - [TEST_STEP][PASSED] - setText(findTestObject("Object Repository/RecAndPlayBk/Page-Vlink-ACH-Credit/input_Application Id"), appID): Text '234' is set on object 'Object Repository/RecAndPlayBk/Page-Vlink-ACH-Credit/input_Application Id'

2024-05-16 00:59:17 - [MESSAGE][PASSED] - Text '234' is set on object 'Object Repository/RecAndPlayBk/Page-Vlink-ACH-Credit/input_Application Id'

2024-05-16 00:59:17 - [TEST_STEP][PASSED] - setText(findTestObject("Object Repository/RecAndPlayBk/Page-Vlink-ACH-Credit/input_Username"), username): Text 'username' is set on object 'Object Repository/RecAndPlayBk/Page-Vlink-ACH-Credit/input_Username'

2024-05-16 00:59:18 - [MESSAGE][PASSED] - Text 'username' is set on object 'Object Repository/RecAndPlayBk/Page-Vlink-ACH-Credit/input_Username'

2024-05-16 00:59:18 - [TEST_STEP][PASSED] - setText(findTestObject("Object Repository/RecAndPlayBk/Page-Vlink-ACH-Credit/input_Password"), password): Text 'password' is set on object 'Object Repository/RecAndPlayBk/Page-Vlink-ACH-Credit/input_Password'

2024-05-16 00:59:18 - [MESSAGE][PASSED] - Text 'password' is set on object 'Object Repository/RecAndPlayBk/Page-Vlink-ACH-Credit/input_Password'

2024-05-16 00:59:18 - [TEST_STEP][PASSED] - setText(findTestObject("Object Repository/RecAndPlayBk/Page-Vlink-ACH-Credit/input_Response Format"), resFormat): Text 'fixed_width' is set on object 'Object Repository/RecAndPlayBk/Page-Vlink-ACH-Credit/input_Response Format'

2024-05-16 00:59:19 - [MESSAGE][PASSED] - Text 'fixed_width' is set on object 'Object Repository/RecAndPlayBk/Page-Vlink-ACH-Credit/input_Response Format'

2024-05-16 00:59:19 - [TEST_STEP][PASSED] - setText(findTestObject("Object Repository/RecAndPlayBk/Page-Vlink-ACH-Credit/input_Check Type"), checkType): Text 'P' is set on object 'Object Repository/RecAndPlayBk/Page-Vlink-ACH-Credit/input_Check Type'

2024-05-16 00:59:20 - [MESSAGE][PASSED] - Text 'P' is set on object 'Object Repository/RecAndPlayBk/Page-Vlink-ACH-Credit/input_Check Type'

2024-05-16 00:59:20 - [TEST_STEP][PASSED] - setText(findTestObject("Object Repository/RecAndPlayBk/Page-Vlink-ACH-Credit/input_Transaction ID"), tranID): Text '12124566' is set on object 'Object Repository/RecAndPlayBk/Page-Vlink-ACH-Credit/input_Transaction ID'

2024-05-16 00:59:20 - [MESSAGE][PASSED] - Text '12124566' is set on object 'Object Repository/RecAndPlayBk/Page-Vlink-ACH-Credit/input_Transaction ID'

2024-05-16 00:59:20 - [TEST_STEP][PASSED] - setText(findTestObject("Object Repository/RecAndPlayBk/Page-Vlink-ACH-Credit/input_Amount"), amount): Text '12.50' is set on object 'Object Repository/RecAndPlayBk/Page-Vlink-ACH-Credit/input_Amount'

2024-05-16 00:59:21 - [MESSAGE][PASSED] - Text '12.50' is set on object 'Object Repository/RecAndPlayBk/Page-Vlink-ACH-Credit/input_Amount'

2024-05-16 00:59:21 - [TEST_STEP][PASSED] - setText(findTestObject("Object Repository/RecAndPlayBk/Page-Vlink-ACH-Credit/input_Standard Entry Class"), sec): Text 'WEB' is set on object 'Object Repository/RecAndPlayBk/Page-Vlink-ACH-Credit/input_Standard Entry Class'

2024-05-16 00:59:22 - [MESSAGE][PASSED] - Text 'WEB' is set on object 'Object Repository/RecAndPlayBk/Page-Vlink-ACH-Credit/input_Standard Entry Class'

2024-05-16 00:59:22 - [TEST_STEP][PASSED] - setText(findTestObject("Object Repository/RecAndPlayBk/Page-Vlink-ACH-Credit/input_Account Number"), acNumber): Text '12345678' is set on object 'Object Repository/RecAndPlayBk/Page-Vlink-ACH-Credit/input_Account Number'

2024-05-16 00:59:22 - [MESSAGE][PASSED] - Text '12345678' is set on object 'Object Repository/RecAndPlayBk/Page-Vlink-ACH-Credit/input_Account Number'

2024-05-16 00:59:22 - [TEST_STEP][PASSED] - setText(findTestObject("Object Repository/RecAndPlayBk/Page-Vlink-ACH-Credit/input_Routing Number"), rtn): Text '256072691' is set on object 'Object Repository/RecAndPlayBk/Page-Vlink-ACH-Credit/input_Routing Number'

2024-05-16 00:59:23 - [MESSAGE][PASSED] - Text '256072691' is set on object 'Object Repository/RecAndPlayBk/Page-Vlink-ACH-Credit/input_Routing Number'

2024-05-16 00:59:23 - [TEST_STEP][PASSED] - click(findTestObject("Object Repository/RecAndPlayBk/Page-Vlink-ACH-Credit/input")): Object: 'Object Repository/RecAndPlayBk/Page-Vlink-ACH-Credit/input' is clicked on

2024-05-16 00:59:23 - [MESSAGE][PASSED] - Object: 'Object Repository/RecAndPlayBk/Page-Vlink-ACH-Credit/input' is clicked on

2024-05-16 00:59:23 - [TEST_STEP][PASSED] - if (verifyTextPresent(errorMsg, true)): null

2024-05-16 00:59:24 - [MESSAGE][PASSED] - Text 'Invalid transaction type' is present on page  using regular expression

2024-05-16 00:59:24 - [TEST_STEP][PASSED] - println("Error Message is present on the Confirmation page"): null

2024-05-16 00:59:24 - [TEST_STEP][PASSED] - out.println("Pass Record Number: " + row): null

2024-05-16 00:59:24 - [TEST_STEP][PASSED] - resText = "Pass": null

2024-05-16 00:59:24 - [TEST_STEP][PASSED] - pages.WriteExcel.demoKey(resText, datText, resColumn, datCloumn, fileLoc, nameSheet, row): pages.WriteExcel.demoKey is PASSED

2024-05-16 00:59:24 - [MESSAGE][PASSED] - pages.WriteExcel.demoKey is PASSED

2024-05-16 00:59:24 - [TEST_STEP][PASSED] - ExecuteTC = findTestData(dataFile).getValue("Execute", row): null

2024-05-16 00:59:24 - [TEST_STEP][PASSED] - out.println("Value of Execute is : " + ExecuteTC): null

2024-05-16 00:59:24 - [TEST_STEP][PASSED] - if (ExecuteTC.equalsIgnoreCase("Y")): null

2024-05-16 00:59:24 - [TEST_STEP][PASSED] - out.println("Begin Record Number: " + row): null

2024-05-16 00:59:24 - [TEST_STEP][PASSED] - today = new java.util.Date(): null

2024-05-16 00:59:24 - [TEST_STEP][PASSED] - println(today): null

2024-05-16 00:59:24 - [TEST_STEP][PASSED] - datText = today: null

2024-05-16 00:59:24 - [TEST_STEP][PASSED] - appID = findTestData(dataFile).getValue("AppID", row): null

2024-05-16 00:59:24 - [TEST_STEP][PASSED] - username = findTestData(dataFile).getValue("Username", row): null

2024-05-16 00:59:24 - [TEST_STEP][PASSED] - password = findTestData(dataFile).getValue("Password", row): null

2024-05-16 00:59:24 - [TEST_STEP][PASSED] - errorMsg = findTestData(dataFile).getValue("ErrorMsg", row): null

2024-05-16 00:59:24 - [TEST_STEP][PASSED] - tranType = findTestData(dataFile).getValue("TranType", row): null

2024-05-16 00:59:24 - [TEST_STEP][PASSED] - mv = findTestData(dataFile).getValue("MV", row): null

2024-05-16 00:59:25 - [TEST_STEP][PASSED] - resFormat = findTestData(dataFile).getValue("ResFormat", row): null

2024-05-16 00:59:25 - [TEST_STEP][PASSED] - checkType = findTestData(dataFile).getValue("CheckType", row): null

2024-05-16 00:59:25 - [TEST_STEP][PASSED] - sec = findTestData(dataFile).getValue("SEC", row): null

2024-05-16 00:59:25 - [TEST_STEP][PASSED] - tranID = findTestData(dataFile).getValue("TranxID", row): null

2024-05-16 00:59:25 - [TEST_STEP][PASSED] - amount = findTestData(dataFile).getValue("Amount", row): null

2024-05-16 00:59:25 - [TEST_STEP][PASSED] - acNumber = findTestData(dataFile).getValue("AcNumber", row): null

2024-05-16 00:59:25 - [TEST_STEP][PASSED] - rtn = findTestData(dataFile).getValue("RTN", row): null

2024-05-16 00:59:25 - [TEST_STEP][PASSED] - openBrowser(VLinkURL + "ACH_credit.html"): Browser is opened with url: 'https://dev-algorithm.govolution.com/vlinktest/QA2/version_2_0/ACH_credit.html'

2024-05-16 00:59:25 - [MESSAGE][WARNING] - A browser is already opened. Closing browser and opening a new one

2024-05-16 00:59:27 - [MESSAGE][INFO] - Starting 'Chrome' driver

2024-05-16 00:59:27 - [MESSAGE][INFO] - User set preference: ['acceptInsecureCerts', 'true']

2024-05-16 00:59:27 - [MESSAGE][INFO] - Action delay is set to 0 milliseconds

2024-05-16 00:59:29 - [MESSAGE][PASSED] - Browser is opened with url: 'https://dev-algorithm.govolution.com/vlinktest/QA2/version_2_0/ACH_credit.html'

2024-05-16 00:59:29 - [TEST_STEP][PASSED] - maximizeWindow(): Current window maximized

2024-05-16 00:59:29 - [MESSAGE][PASSED] - Current window maximized

2024-05-16 00:59:29 - [TEST_STEP][PASSED] - setText(findTestObject("Object Repository/RecAndPlayBk/Page-Vlink-ACH-Credit/input_Transaction Type"), tranType): Text '200' is set on object 'Object Repository/RecAndPlayBk/Page-Vlink-ACH-Credit/input_Transaction Type'

2024-05-16 00:59:30 - [MESSAGE][PASSED] - Text '200' is set on object 'Object Repository/RecAndPlayBk/Page-Vlink-ACH-Credit/input_Transaction Type'

2024-05-16 00:59:30 - [TEST_STEP][PASSED] - setText(findTestObject("Object Repository/RecAndPlayBk/Page-Vlink-ACH-Credit/input_Message Version"), mv): Text '' is set on object 'Object Repository/RecAndPlayBk/Page-Vlink-ACH-Credit/input_Message Version'

2024-05-16 00:59:30 - [MESSAGE][PASSED] - Text '' is set on object 'Object Repository/RecAndPlayBk/Page-Vlink-ACH-Credit/input_Message Version'

2024-05-16 00:59:30 - [TEST_STEP][PASSED] - genRemID = RandomStringUtils.random(12, true, true): null

2024-05-16 00:59:30 - [TEST_STEP][PASSED] - setText(findTestObject("Object Repository/RecAndPlayBk/Page-Vlink-ACH-Credit/input_Remittance Id"), genRemID): Text 'L0LSc5k4UTEH' is set on object 'Object Repository/RecAndPlayBk/Page-Vlink-ACH-Credit/input_Remittance Id'

2024-05-16 00:59:31 - [MESSAGE][PASSED] - Text 'L0LSc5k4UTEH' is set on object 'Object Repository/RecAndPlayBk/Page-Vlink-ACH-Credit/input_Remittance Id'

2024-05-16 00:59:31 - [TEST_STEP][PASSED] - setText(findTestObject("Object Repository/RecAndPlayBk/Page-Vlink-ACH-Credit/input_Application Id"), appID): Text '234' is set on object 'Object Repository/RecAndPlayBk/Page-Vlink-ACH-Credit/input_Application Id'

2024-05-16 00:59:32 - [MESSAGE][PASSED] - Text '234' is set on object 'Object Repository/RecAndPlayBk/Page-Vlink-ACH-Credit/input_Application Id'

2024-05-16 00:59:32 - [TEST_STEP][PASSED] - setText(findTestObject("Object Repository/RecAndPlayBk/Page-Vlink-ACH-Credit/input_Username"), username): Text 'username' is set on object 'Object Repository/RecAndPlayBk/Page-Vlink-ACH-Credit/input_Username'

2024-05-16 00:59:32 - [MESSAGE][PASSED] - Text 'username' is set on object 'Object Repository/RecAndPlayBk/Page-Vlink-ACH-Credit/input_Username'

2024-05-16 00:59:32 - [TEST_STEP][PASSED] - setText(findTestObject("Object Repository/RecAndPlayBk/Page-Vlink-ACH-Credit/input_Password"), password): Text 'password' is set on object 'Object Repository/RecAndPlayBk/Page-Vlink-ACH-Credit/input_Password'

2024-05-16 00:59:33 - [MESSAGE][PASSED] - Text 'password' is set on object 'Object Repository/RecAndPlayBk/Page-Vlink-ACH-Credit/input_Password'

2024-05-16 00:59:33 - [TEST_STEP][PASSED] - setText(findTestObject("Object Repository/RecAndPlayBk/Page-Vlink-ACH-Credit/input_Response Format"), resFormat): Text 'fixed_width' is set on object 'Object Repository/RecAndPlayBk/Page-Vlink-ACH-Credit/input_Response Format'

2024-05-16 00:59:34 - [MESSAGE][PASSED] - Text 'fixed_width' is set on object 'Object Repository/RecAndPlayBk/Page-Vlink-ACH-Credit/input_Response Format'

2024-05-16 00:59:34 - [TEST_STEP][PASSED] - setText(findTestObject("Object Repository/RecAndPlayBk/Page-Vlink-ACH-Credit/input_Check Type"), checkType): Text 'P' is set on object 'Object Repository/RecAndPlayBk/Page-Vlink-ACH-Credit/input_Check Type'

2024-05-16 00:59:34 - [MESSAGE][PASSED] - Text 'P' is set on object 'Object Repository/RecAndPlayBk/Page-Vlink-ACH-Credit/input_Check Type'

2024-05-16 00:59:34 - [TEST_STEP][PASSED] - setText(findTestObject("Object Repository/RecAndPlayBk/Page-Vlink-ACH-Credit/input_Transaction ID"), tranID): Text '12124566' is set on object 'Object Repository/RecAndPlayBk/Page-Vlink-ACH-Credit/input_Transaction ID'

2024-05-16 00:59:35 - [MESSAGE][PASSED] - Text '12124566' is set on object 'Object Repository/RecAndPlayBk/Page-Vlink-ACH-Credit/input_Transaction ID'

2024-05-16 00:59:35 - [TEST_STEP][PASSED] - setText(findTestObject("Object Repository/RecAndPlayBk/Page-Vlink-ACH-Credit/input_Amount"), amount): Text '12.50' is set on object 'Object Repository/RecAndPlayBk/Page-Vlink-ACH-Credit/input_Amount'

2024-05-16 00:59:35 - [MESSAGE][PASSED] - Text '12.50' is set on object 'Object Repository/RecAndPlayBk/Page-Vlink-ACH-Credit/input_Amount'

2024-05-16 00:59:35 - [TEST_STEP][PASSED] - setText(findTestObject("Object Repository/RecAndPlayBk/Page-Vlink-ACH-Credit/input_Standard Entry Class"), sec): Text 'TEL' is set on object 'Object Repository/RecAndPlayBk/Page-Vlink-ACH-Credit/input_Standard Entry Class'

2024-05-16 00:59:36 - [MESSAGE][PASSED] - Text 'TEL' is set on object 'Object Repository/RecAndPlayBk/Page-Vlink-ACH-Credit/input_Standard Entry Class'

2024-05-16 00:59:36 - [TEST_STEP][PASSED] - setText(findTestObject("Object Repository/RecAndPlayBk/Page-Vlink-ACH-Credit/input_Account Number"), acNumber): Text '12345678' is set on object 'Object Repository/RecAndPlayBk/Page-Vlink-ACH-Credit/input_Account Number'

2024-05-16 00:59:37 - [MESSAGE][PASSED] - Text '12345678' is set on object 'Object Repository/RecAndPlayBk/Page-Vlink-ACH-Credit/input_Account Number'

2024-05-16 00:59:37 - [TEST_STEP][PASSED] - setText(findTestObject("Object Repository/RecAndPlayBk/Page-Vlink-ACH-Credit/input_Routing Number"), rtn): Text '256072691' is set on object 'Object Repository/RecAndPlayBk/Page-Vlink-ACH-Credit/input_Routing Number'

2024-05-16 00:59:37 - [MESSAGE][PASSED] - Text '256072691' is set on object 'Object Repository/RecAndPlayBk/Page-Vlink-ACH-Credit/input_Routing Number'

2024-05-16 00:59:37 - [TEST_STEP][PASSED] - click(findTestObject("Object Repository/RecAndPlayBk/Page-Vlink-ACH-Credit/input")): Object: 'Object Repository/RecAndPlayBk/Page-Vlink-ACH-Credit/input' is clicked on

2024-05-16 00:59:38 - [MESSAGE][PASSED] - Object: 'Object Repository/RecAndPlayBk/Page-Vlink-ACH-Credit/input' is clicked on

2024-05-16 00:59:38 - [TEST_STEP][PASSED] - if (verifyTextPresent(errorMsg, true)): null

2024-05-16 00:59:38 - [MESSAGE][PASSED] - Text 'Missing parameter: message_version' is present on page  using regular expression

2024-05-16 00:59:38 - [TEST_STEP][PASSED] - println("Error Message is present on the Confirmation page"): null

2024-05-16 00:59:38 - [TEST_STEP][PASSED] - out.println("Pass Record Number: " + row): null

2024-05-16 00:59:38 - [TEST_STEP][PASSED] - resText = "Pass": null

2024-05-16 00:59:38 - [TEST_STEP][PASSED] - pages.WriteExcel.demoKey(resText, datText, resColumn, datCloumn, fileLoc, nameSheet, row): pages.WriteExcel.demoKey is PASSED

2024-05-16 00:59:39 - [MESSAGE][PASSED] - pages.WriteExcel.demoKey is PASSED

2024-05-16 00:59:39 - [TEST_STEP][PASSED] - ExecuteTC = findTestData(dataFile).getValue("Execute", row): null

2024-05-16 00:59:39 - [TEST_STEP][PASSED] - out.println("Value of Execute is : " + ExecuteTC): null

2024-05-16 00:59:39 - [TEST_STEP][PASSED] - if (ExecuteTC.equalsIgnoreCase("Y")): null

2024-05-16 00:59:39 - [TEST_STEP][PASSED] - out.println("Begin Record Number: " + row): null

2024-05-16 00:59:39 - [TEST_STEP][PASSED] - today = new java.util.Date(): null

2024-05-16 00:59:39 - [TEST_STEP][PASSED] - println(today): null

2024-05-16 00:59:39 - [TEST_STEP][PASSED] - datText = today: null

2024-05-16 00:59:39 - [TEST_STEP][PASSED] - appID = findTestData(dataFile).getValue("AppID", row): null

2024-05-16 00:59:39 - [TEST_STEP][PASSED] - username = findTestData(dataFile).getValue("Username", row): null

2024-05-16 00:59:39 - [TEST_STEP][PASSED] - password = findTestData(dataFile).getValue("Password", row): null

2024-05-16 00:59:39 - [TEST_STEP][PASSED] - errorMsg = findTestData(dataFile).getValue("ErrorMsg", row): null

2024-05-16 00:59:39 - [TEST_STEP][PASSED] - tranType = findTestData(dataFile).getValue("TranType", row): null

2024-05-16 00:59:39 - [TEST_STEP][PASSED] - mv = findTestData(dataFile).getValue("MV", row): null

2024-05-16 00:59:39 - [TEST_STEP][PASSED] - resFormat = findTestData(dataFile).getValue("ResFormat", row): null

2024-05-16 00:59:39 - [TEST_STEP][PASSED] - checkType = findTestData(dataFile).getValue("CheckType", row): null

2024-05-16 00:59:39 - [TEST_STEP][PASSED] - sec = findTestData(dataFile).getValue("SEC", row): null

2024-05-16 00:59:39 - [TEST_STEP][PASSED] - tranID = findTestData(dataFile).getValue("TranxID", row): null

2024-05-16 00:59:40 - [TEST_STEP][PASSED] - amount = findTestData(dataFile).getValue("Amount", row): null

2024-05-16 00:59:40 - [TEST_STEP][PASSED] - acNumber = findTestData(dataFile).getValue("AcNumber", row): null

2024-05-16 00:59:40 - [TEST_STEP][PASSED] - rtn = findTestData(dataFile).getValue("RTN", row): null

2024-05-16 00:59:40 - [TEST_STEP][PASSED] - openBrowser(VLinkURL + "ACH_credit.html"): Browser is opened with url: 'https://dev-algorithm.govolution.com/vlinktest/QA2/version_2_0/ACH_credit.html'

2024-05-16 00:59:40 - [MESSAGE][WARNING] - A browser is already opened. Closing browser and opening a new one

2024-05-16 00:59:41 - [MESSAGE][INFO] - Starting 'Chrome' driver

2024-05-16 00:59:41 - [MESSAGE][INFO] - User set preference: ['acceptInsecureCerts', 'true']

2024-05-16 00:59:41 - [MESSAGE][INFO] - Action delay is set to 0 milliseconds

2024-05-16 00:59:43 - [MESSAGE][PASSED] - Browser is opened with url: 'https://dev-algorithm.govolution.com/vlinktest/QA2/version_2_0/ACH_credit.html'

2024-05-16 00:59:43 - [TEST_STEP][PASSED] - maximizeWindow(): Current window maximized

2024-05-16 00:59:44 - [MESSAGE][PASSED] - Current window maximized

2024-05-16 00:59:44 - [TEST_STEP][PASSED] - setText(findTestObject("Object Repository/RecAndPlayBk/Page-Vlink-ACH-Credit/input_Transaction Type"), tranType): Text '200' is set on object 'Object Repository/RecAndPlayBk/Page-Vlink-ACH-Credit/input_Transaction Type'

2024-05-16 00:59:44 - [MESSAGE][PASSED] - Text '200' is set on object 'Object Repository/RecAndPlayBk/Page-Vlink-ACH-Credit/input_Transaction Type'

2024-05-16 00:59:44 - [TEST_STEP][PASSED] - setText(findTestObject("Object Repository/RecAndPlayBk/Page-Vlink-ACH-Credit/input_Message Version"), mv): Text '2.0A' is set on object 'Object Repository/RecAndPlayBk/Page-Vlink-ACH-Credit/input_Message Version'

2024-05-16 00:59:45 - [MESSAGE][PASSED] - Text '2.0A' is set on object 'Object Repository/RecAndPlayBk/Page-Vlink-ACH-Credit/input_Message Version'

2024-05-16 00:59:45 - [TEST_STEP][PASSED] - genRemID = RandomStringUtils.random(12, true, true): null

2024-05-16 00:59:45 - [TEST_STEP][PASSED] - setText(findTestObject("Object Repository/RecAndPlayBk/Page-Vlink-ACH-Credit/input_Remittance Id"), genRemID): Text 'DMQ8nanAQ0uM' is set on object 'Object Repository/RecAndPlayBk/Page-Vlink-ACH-Credit/input_Remittance Id'

2024-05-16 00:59:46 - [MESSAGE][PASSED] - Text 'DMQ8nanAQ0uM' is set on object 'Object Repository/RecAndPlayBk/Page-Vlink-ACH-Credit/input_Remittance Id'

2024-05-16 00:59:46 - [TEST_STEP][PASSED] - setText(findTestObject("Object Repository/RecAndPlayBk/Page-Vlink-ACH-Credit/input_Application Id"), appID): Text '' is set on object 'Object Repository/RecAndPlayBk/Page-Vlink-ACH-Credit/input_Application Id'

2024-05-16 00:59:46 - [MESSAGE][PASSED] - Text '' is set on object 'Object Repository/RecAndPlayBk/Page-Vlink-ACH-Credit/input_Application Id'

2024-05-16 00:59:46 - [TEST_STEP][PASSED] - setText(findTestObject("Object Repository/RecAndPlayBk/Page-Vlink-ACH-Credit/input_Username"), username): Text 'username' is set on object 'Object Repository/RecAndPlayBk/Page-Vlink-ACH-Credit/input_Username'

2024-05-16 00:59:47 - [MESSAGE][PASSED] - Text 'username' is set on object 'Object Repository/RecAndPlayBk/Page-Vlink-ACH-Credit/input_Username'

2024-05-16 00:59:47 - [TEST_STEP][PASSED] - setText(findTestObject("Object Repository/RecAndPlayBk/Page-Vlink-ACH-Credit/input_Password"), password): Text 'password' is set on object 'Object Repository/RecAndPlayBk/Page-Vlink-ACH-Credit/input_Password'

2024-05-16 00:59:48 - [MESSAGE][PASSED] - Text 'password' is set on object 'Object Repository/RecAndPlayBk/Page-Vlink-ACH-Credit/input_Password'

2024-05-16 00:59:48 - [TEST_STEP][PASSED] - setText(findTestObject("Object Repository/RecAndPlayBk/Page-Vlink-ACH-Credit/input_Response Format"), resFormat): Text 'fixed_width' is set on object 'Object Repository/RecAndPlayBk/Page-Vlink-ACH-Credit/input_Response Format'

2024-05-16 00:59:48 - [MESSAGE][PASSED] - Text 'fixed_width' is set on object 'Object Repository/RecAndPlayBk/Page-Vlink-ACH-Credit/input_Response Format'

2024-05-16 00:59:48 - [TEST_STEP][PASSED] - setText(findTestObject("Object Repository/RecAndPlayBk/Page-Vlink-ACH-Credit/input_Check Type"), checkType): Text 'P' is set on object 'Object Repository/RecAndPlayBk/Page-Vlink-ACH-Credit/input_Check Type'

2024-05-16 00:59:49 - [MESSAGE][PASSED] - Text 'P' is set on object 'Object Repository/RecAndPlayBk/Page-Vlink-ACH-Credit/input_Check Type'

2024-05-16 00:59:49 - [TEST_STEP][PASSED] - setText(findTestObject("Object Repository/RecAndPlayBk/Page-Vlink-ACH-Credit/input_Transaction ID"), tranID): Text '12124566' is set on object 'Object Repository/RecAndPlayBk/Page-Vlink-ACH-Credit/input_Transaction ID'

2024-05-16 00:59:50 - [MESSAGE][PASSED] - Text '12124566' is set on object 'Object Repository/RecAndPlayBk/Page-Vlink-ACH-Credit/input_Transaction ID'

2024-05-16 00:59:50 - [TEST_STEP][PASSED] - setText(findTestObject("Object Repository/RecAndPlayBk/Page-Vlink-ACH-Credit/input_Amount"), amount): Text '12.50' is set on object 'Object Repository/RecAndPlayBk/Page-Vlink-ACH-Credit/input_Amount'

2024-05-16 00:59:50 - [MESSAGE][PASSED] - Text '12.50' is set on object 'Object Repository/RecAndPlayBk/Page-Vlink-ACH-Credit/input_Amount'

2024-05-16 00:59:50 - [TEST_STEP][PASSED] - setText(findTestObject("Object Repository/RecAndPlayBk/Page-Vlink-ACH-Credit/input_Standard Entry Class"), sec): Text 'PPD' is set on object 'Object Repository/RecAndPlayBk/Page-Vlink-ACH-Credit/input_Standard Entry Class'

2024-05-16 00:59:51 - [MESSAGE][PASSED] - Text 'PPD' is set on object 'Object Repository/RecAndPlayBk/Page-Vlink-ACH-Credit/input_Standard Entry Class'

2024-05-16 00:59:51 - [TEST_STEP][PASSED] - setText(findTestObject("Object Repository/RecAndPlayBk/Page-Vlink-ACH-Credit/input_Account Number"), acNumber): Text '12345678' is set on object 'Object Repository/RecAndPlayBk/Page-Vlink-ACH-Credit/input_Account Number'

2024-05-16 00:59:51 - [MESSAGE][PASSED] - Text '12345678' is set on object 'Object Repository/RecAndPlayBk/Page-Vlink-ACH-Credit/input_Account Number'

2024-05-16 00:59:51 - [TEST_STEP][PASSED] - setText(findTestObject("Object Repository/RecAndPlayBk/Page-Vlink-ACH-Credit/input_Routing Number"), rtn): Text '256072691' is set on object 'Object Repository/RecAndPlayBk/Page-Vlink-ACH-Credit/input_Routing Number'

2024-05-16 00:59:52 - [MESSAGE][PASSED] - Text '256072691' is set on object 'Object Repository/RecAndPlayBk/Page-Vlink-ACH-Credit/input_Routing Number'

2024-05-16 00:59:52 - [TEST_STEP][PASSED] - click(findTestObject("Object Repository/RecAndPlayBk/Page-Vlink-ACH-Credit/input")): Object: 'Object Repository/RecAndPlayBk/Page-Vlink-ACH-Credit/input' is clicked on

2024-05-16 00:59:53 - [MESSAGE][PASSED] - Object: 'Object Repository/RecAndPlayBk/Page-Vlink-ACH-Credit/input' is clicked on

2024-05-16 00:59:53 - [TEST_STEP][PASSED] - if (verifyTextPresent(errorMsg, true)): null

2024-05-16 00:59:53 - [MESSAGE][PASSED] - Text 'Missing parameter: application_id' is present on page  using regular expression

2024-05-16 00:59:53 - [TEST_STEP][PASSED] - println("Error Message is present on the Confirmation page"): null

2024-05-16 00:59:53 - [TEST_STEP][PASSED] - out.println("Pass Record Number: " + row): null

2024-05-16 00:59:53 - [TEST_STEP][PASSED] - resText = "Pass": null

2024-05-16 00:59:53 - [TEST_STEP][PASSED] - pages.WriteExcel.demoKey(resText, datText, resColumn, datCloumn, fileLoc, nameSheet, row): pages.WriteExcel.demoKey is PASSED

2024-05-16 00:59:53 - [MESSAGE][PASSED] - pages.WriteExcel.demoKey is PASSED

2024-05-16 00:59:53 - [TEST_STEP][PASSED] - ExecuteTC = findTestData(dataFile).getValue("Execute", row): null

2024-05-16 00:59:53 - [TEST_STEP][PASSED] - out.println("Value of Execute is : " + ExecuteTC): null

2024-05-16 00:59:53 - [TEST_STEP][PASSED] - if (ExecuteTC.equalsIgnoreCase("Y")): null

2024-05-16 00:59:53 - [TEST_STEP][PASSED] - out.println("Begin Record Number: " + row): null

2024-05-16 00:59:53 - [TEST_STEP][PASSED] - today = new java.util.Date(): null

2024-05-16 00:59:53 - [TEST_STEP][PASSED] - println(today): null

2024-05-16 00:59:53 - [TEST_STEP][PASSED] - datText = today: null

2024-05-16 00:59:53 - [TEST_STEP][PASSED] - appID = findTestData(dataFile).getValue("AppID", row): null

2024-05-16 00:59:53 - [TEST_STEP][PASSED] - username = findTestData(dataFile).getValue("Username", row): null

2024-05-16 00:59:54 - [TEST_STEP][PASSED] - password = findTestData(dataFile).getValue("Password", row): null

2024-05-16 00:59:54 - [TEST_STEP][PASSED] - errorMsg = findTestData(dataFile).getValue("ErrorMsg", row): null

2024-05-16 00:59:54 - [TEST_STEP][PASSED] - tranType = findTestData(dataFile).getValue("TranType", row): null

2024-05-16 00:59:54 - [TEST_STEP][PASSED] - mv = findTestData(dataFile).getValue("MV", row): null

2024-05-16 00:59:54 - [TEST_STEP][PASSED] - resFormat = findTestData(dataFile).getValue("ResFormat", row): null

2024-05-16 00:59:54 - [TEST_STEP][PASSED] - checkType = findTestData(dataFile).getValue("CheckType", row): null

2024-05-16 00:59:54 - [TEST_STEP][PASSED] - sec = findTestData(dataFile).getValue("SEC", row): null

2024-05-16 00:59:54 - [TEST_STEP][PASSED] - tranID = findTestData(dataFile).getValue("TranxID", row): null

2024-05-16 00:59:54 - [TEST_STEP][PASSED] - amount = findTestData(dataFile).getValue("Amount", row): null

2024-05-16 00:59:54 - [TEST_STEP][PASSED] - acNumber = findTestData(dataFile).getValue("AcNumber", row): null

2024-05-16 00:59:54 - [TEST_STEP][PASSED] - rtn = findTestData(dataFile).getValue("RTN", row): null

2024-05-16 00:59:54 - [TEST_STEP][PASSED] - openBrowser(VLinkURL + "ACH_credit.html"): Browser is opened with url: 'https://dev-algorithm.govolution.com/vlinktest/QA2/version_2_0/ACH_credit.html'

2024-05-16 00:59:55 - [MESSAGE][WARNING] - A browser is already opened. Closing browser and opening a new one

2024-05-16 00:59:56 - [MESSAGE][INFO] - Starting 'Chrome' driver

2024-05-16 00:59:56 - [MESSAGE][INFO] - User set preference: ['acceptInsecureCerts', 'true']

2024-05-16 00:59:56 - [MESSAGE][INFO] - Action delay is set to 0 milliseconds

2024-05-16 00:59:58 - [MESSAGE][PASSED] - Browser is opened with url: 'https://dev-algorithm.govolution.com/vlinktest/QA2/version_2_0/ACH_credit.html'

2024-05-16 00:59:58 - [TEST_STEP][PASSED] - maximizeWindow(): Current window maximized

2024-05-16 00:59:58 - [MESSAGE][PASSED] - Current window maximized

2024-05-16 00:59:58 - [TEST_STEP][PASSED] - setText(findTestObject("Object Repository/RecAndPlayBk/Page-Vlink-ACH-Credit/input_Transaction Type"), tranType): Text '200' is set on object 'Object Repository/RecAndPlayBk/Page-Vlink-ACH-Credit/input_Transaction Type'

2024-05-16 00:59:59 - [MESSAGE][PASSED] - Text '200' is set on object 'Object Repository/RecAndPlayBk/Page-Vlink-ACH-Credit/input_Transaction Type'

2024-05-16 00:59:59 - [TEST_STEP][PASSED] - setText(findTestObject("Object Repository/RecAndPlayBk/Page-Vlink-ACH-Credit/input_Message Version"), mv): Text '2.0A' is set on object 'Object Repository/RecAndPlayBk/Page-Vlink-ACH-Credit/input_Message Version'

2024-05-16 01:00:00 - [MESSAGE][PASSED] - Text '2.0A' is set on object 'Object Repository/RecAndPlayBk/Page-Vlink-ACH-Credit/input_Message Version'

2024-05-16 01:00:00 - [TEST_STEP][PASSED] - genRemID = RandomStringUtils.random(12, true, true): null

2024-05-16 01:00:00 - [TEST_STEP][PASSED] - setText(findTestObject("Object Repository/RecAndPlayBk/Page-Vlink-ACH-Credit/input_Remittance Id"), genRemID): Text '0ecxcfdlvW8F' is set on object 'Object Repository/RecAndPlayBk/Page-Vlink-ACH-Credit/input_Remittance Id'

2024-05-16 01:00:00 - [MESSAGE][PASSED] - Text '0ecxcfdlvW8F' is set on object 'Object Repository/RecAndPlayBk/Page-Vlink-ACH-Credit/input_Remittance Id'

2024-05-16 01:00:00 - [TEST_STEP][PASSED] - setText(findTestObject("Object Repository/RecAndPlayBk/Page-Vlink-ACH-Credit/input_Application Id"), appID): Text '234' is set on object 'Object Repository/RecAndPlayBk/Page-Vlink-ACH-Credit/input_Application Id'

2024-05-16 01:00:01 - [MESSAGE][PASSED] - Text '234' is set on object 'Object Repository/RecAndPlayBk/Page-Vlink-ACH-Credit/input_Application Id'

2024-05-16 01:00:01 - [TEST_STEP][PASSED] - setText(findTestObject("Object Repository/RecAndPlayBk/Page-Vlink-ACH-Credit/input_Username"), username): Text '' is set on object 'Object Repository/RecAndPlayBk/Page-Vlink-ACH-Credit/input_Username'

2024-05-16 01:00:01 - [MESSAGE][PASSED] - Text '' is set on object 'Object Repository/RecAndPlayBk/Page-Vlink-ACH-Credit/input_Username'

2024-05-16 01:00:01 - [TEST_STEP][PASSED] - setText(findTestObject("Object Repository/RecAndPlayBk/Page-Vlink-ACH-Credit/input_Password"), password): Text 'password' is set on object 'Object Repository/RecAndPlayBk/Page-Vlink-ACH-Credit/input_Password'

2024-05-16 01:00:02 - [MESSAGE][PASSED] - Text 'password' is set on object 'Object Repository/RecAndPlayBk/Page-Vlink-ACH-Credit/input_Password'

2024-05-16 01:00:02 - [TEST_STEP][PASSED] - setText(findTestObject("Object Repository/RecAndPlayBk/Page-Vlink-ACH-Credit/input_Response Format"), resFormat): Text 'fixed_width' is set on object 'Object Repository/RecAndPlayBk/Page-Vlink-ACH-Credit/input_Response Format'

2024-05-16 01:00:03 - [MESSAGE][PASSED] - Text 'fixed_width' is set on object 'Object Repository/RecAndPlayBk/Page-Vlink-ACH-Credit/input_Response Format'

2024-05-16 01:00:03 - [TEST_STEP][PASSED] - setText(findTestObject("Object Repository/RecAndPlayBk/Page-Vlink-ACH-Credit/input_Check Type"), checkType): Text 'P' is set on object 'Object Repository/RecAndPlayBk/Page-Vlink-ACH-Credit/input_Check Type'

2024-05-16 01:00:03 - [MESSAGE][PASSED] - Text 'P' is set on object 'Object Repository/RecAndPlayBk/Page-Vlink-ACH-Credit/input_Check Type'

2024-05-16 01:00:03 - [TEST_STEP][PASSED] - setText(findTestObject("Object Repository/RecAndPlayBk/Page-Vlink-ACH-Credit/input_Transaction ID"), tranID): Text '12124566' is set on object 'Object Repository/RecAndPlayBk/Page-Vlink-ACH-Credit/input_Transaction ID'

2024-05-16 01:00:04 - [MESSAGE][PASSED] - Text '12124566' is set on object 'Object Repository/RecAndPlayBk/Page-Vlink-ACH-Credit/input_Transaction ID'

2024-05-16 01:00:04 - [TEST_STEP][PASSED] - setText(findTestObject("Object Repository/RecAndPlayBk/Page-Vlink-ACH-Credit/input_Amount"), amount): Text '12.50' is set on object 'Object Repository/RecAndPlayBk/Page-Vlink-ACH-Credit/input_Amount'

2024-05-16 01:00:05 - [MESSAGE][PASSED] - Text '12.50' is set on object 'Object Repository/RecAndPlayBk/Page-Vlink-ACH-Credit/input_Amount'

2024-05-16 01:00:05 - [TEST_STEP][PASSED] - setText(findTestObject("Object Repository/RecAndPlayBk/Page-Vlink-ACH-Credit/input_Standard Entry Class"), sec): Text 'WEB' is set on object 'Object Repository/RecAndPlayBk/Page-Vlink-ACH-Credit/input_Standard Entry Class'

2024-05-16 01:00:05 - [MESSAGE][PASSED] - Text 'WEB' is set on object 'Object Repository/RecAndPlayBk/Page-Vlink-ACH-Credit/input_Standard Entry Class'

2024-05-16 01:00:05 - [TEST_STEP][PASSED] - setText(findTestObject("Object Repository/RecAndPlayBk/Page-Vlink-ACH-Credit/input_Account Number"), acNumber): Text '12345678' is set on object 'Object Repository/RecAndPlayBk/Page-Vlink-ACH-Credit/input_Account Number'

2024-05-16 01:00:06 - [MESSAGE][PASSED] - Text '12345678' is set on object 'Object Repository/RecAndPlayBk/Page-Vlink-ACH-Credit/input_Account Number'

2024-05-16 01:00:06 - [TEST_STEP][PASSED] - setText(findTestObject("Object Repository/RecAndPlayBk/Page-Vlink-ACH-Credit/input_Routing Number"), rtn): Text '256072691' is set on object 'Object Repository/RecAndPlayBk/Page-Vlink-ACH-Credit/input_Routing Number'

2024-05-16 01:00:06 - [MESSAGE][PASSED] - Text '256072691' is set on object 'Object Repository/RecAndPlayBk/Page-Vlink-ACH-Credit/input_Routing Number'

2024-05-16 01:00:06 - [TEST_STEP][PASSED] - click(findTestObject("Object Repository/RecAndPlayBk/Page-Vlink-ACH-Credit/input")): Object: 'Object Repository/RecAndPlayBk/Page-Vlink-ACH-Credit/input' is clicked on

2024-05-16 01:00:07 - [MESSAGE][PASSED] - Object: 'Object Repository/RecAndPlayBk/Page-Vlink-ACH-Credit/input' is clicked on

2024-05-16 01:00:07 - [TEST_STEP][PASSED] - if (verifyTextPresent(errorMsg, true)): null

2024-05-16 01:00:07 - [MESSAGE][PASSED] - Text 'Signon authentication error' is present on page  using regular expression

2024-05-16 01:00:07 - [TEST_STEP][PASSED] - println("Error Message is present on the Confirmation page"): null

2024-05-16 01:00:07 - [TEST_STEP][PASSED] - out.println("Pass Record Number: " + row): null

2024-05-16 01:00:07 - [TEST_STEP][PASSED] - resText = "Pass": null

2024-05-16 01:00:07 - [TEST_STEP][PASSED] - pages.WriteExcel.demoKey(resText, datText, resColumn, datCloumn, fileLoc, nameSheet, row): pages.WriteExcel.demoKey is PASSED

2024-05-16 01:00:08 - [MESSAGE][PASSED] - pages.WriteExcel.demoKey is PASSED

2024-05-16 01:00:08 - [TEST_STEP][PASSED] - ExecuteTC = findTestData(dataFile).getValue("Execute", row): null

2024-05-16 01:00:08 - [TEST_STEP][PASSED] - out.println("Value of Execute is : " + ExecuteTC): null

2024-05-16 01:00:08 - [TEST_STEP][PASSED] - if (ExecuteTC.equalsIgnoreCase("Y")): null

2024-05-16 01:00:08 - [TEST_STEP][PASSED] - out.println("Begin Record Number: " + row): null

2024-05-16 01:00:08 - [TEST_STEP][PASSED] - today = new java.util.Date(): null

2024-05-16 01:00:08 - [TEST_STEP][PASSED] - println(today): null

2024-05-16 01:00:08 - [TEST_STEP][PASSED] - datText = today: null

2024-05-16 01:00:08 - [TEST_STEP][PASSED] - appID = findTestData(dataFile).getValue("AppID", row): null

2024-05-16 01:00:08 - [TEST_STEP][PASSED] - username = findTestData(dataFile).getValue("Username", row): null

2024-05-16 01:00:08 - [TEST_STEP][PASSED] - password = findTestData(dataFile).getValue("Password", row): null

2024-05-16 01:00:08 - [TEST_STEP][PASSED] - errorMsg = findTestData(dataFile).getValue("ErrorMsg", row): null

2024-05-16 01:00:08 - [TEST_STEP][PASSED] - tranType = findTestData(dataFile).getValue("TranType", row): null

2024-05-16 01:00:08 - [TEST_STEP][PASSED] - mv = findTestData(dataFile).getValue("MV", row): null

2024-05-16 01:00:08 - [TEST_STEP][PASSED] - resFormat = findTestData(dataFile).getValue("ResFormat", row): null

2024-05-16 01:00:08 - [TEST_STEP][PASSED] - checkType = findTestData(dataFile).getValue("CheckType", row): null

2024-05-16 01:00:08 - [TEST_STEP][PASSED] - sec = findTestData(dataFile).getValue("SEC", row): null

2024-05-16 01:00:09 - [TEST_STEP][PASSED] - tranID = findTestData(dataFile).getValue("TranxID", row): null

2024-05-16 01:00:09 - [TEST_STEP][PASSED] - amount = findTestData(dataFile).getValue("Amount", row): null

2024-05-16 01:00:09 - [TEST_STEP][PASSED] - acNumber = findTestData(dataFile).getValue("AcNumber", row): null

2024-05-16 01:00:09 - [TEST_STEP][PASSED] - rtn = findTestData(dataFile).getValue("RTN", row): null

2024-05-16 01:00:09 - [TEST_STEP][PASSED] - openBrowser(VLinkURL + "ACH_credit.html"): Browser is opened with url: 'https://dev-algorithm.govolution.com/vlinktest/QA2/version_2_0/ACH_credit.html'

2024-05-16 01:00:09 - [MESSAGE][WARNING] - A browser is already opened. Closing browser and opening a new one

2024-05-16 01:00:11 - [MESSAGE][INFO] - Starting 'Chrome' driver

2024-05-16 01:00:11 - [MESSAGE][INFO] - User set preference: ['acceptInsecureCerts', 'true']

2024-05-16 01:00:11 - [MESSAGE][INFO] - Action delay is set to 0 milliseconds

2024-05-16 01:00:13 - [MESSAGE][PASSED] - Browser is opened with url: 'https://dev-algorithm.govolution.com/vlinktest/QA2/version_2_0/ACH_credit.html'

2024-05-16 01:00:13 - [TEST_STEP][PASSED] - maximizeWindow(): Current window maximized

2024-05-16 01:00:13 - [MESSAGE][PASSED] - Current window maximized

2024-05-16 01:00:13 - [TEST_STEP][PASSED] - setText(findTestObject("Object Repository/RecAndPlayBk/Page-Vlink-ACH-Credit/input_Transaction Type"), tranType): Text '200' is set on object 'Object Repository/RecAndPlayBk/Page-Vlink-ACH-Credit/input_Transaction Type'

2024-05-16 01:00:14 - [MESSAGE][PASSED] - Text '200' is set on object 'Object Repository/RecAndPlayBk/Page-Vlink-ACH-Credit/input_Transaction Type'

2024-05-16 01:00:14 - [TEST_STEP][PASSED] - setText(findTestObject("Object Repository/RecAndPlayBk/Page-Vlink-ACH-Credit/input_Message Version"), mv): Text '2.0A' is set on object 'Object Repository/RecAndPlayBk/Page-Vlink-ACH-Credit/input_Message Version'

2024-05-16 01:00:14 - [MESSAGE][PASSED] - Text '2.0A' is set on object 'Object Repository/RecAndPlayBk/Page-Vlink-ACH-Credit/input_Message Version'

2024-05-16 01:00:14 - [TEST_STEP][PASSED] - genRemID = RandomStringUtils.random(12, true, true): null

2024-05-16 01:00:14 - [TEST_STEP][PASSED] - setText(findTestObject("Object Repository/RecAndPlayBk/Page-Vlink-ACH-Credit/input_Remittance Id"), genRemID): Text 'I9mVJMTGlTg4' is set on object 'Object Repository/RecAndPlayBk/Page-Vlink-ACH-Credit/input_Remittance Id'

2024-05-16 01:00:15 - [MESSAGE][PASSED] - Text 'I9mVJMTGlTg4' is set on object 'Object Repository/RecAndPlayBk/Page-Vlink-ACH-Credit/input_Remittance Id'

2024-05-16 01:00:15 - [TEST_STEP][PASSED] - setText(findTestObject("Object Repository/RecAndPlayBk/Page-Vlink-ACH-Credit/input_Application Id"), appID): Text '234' is set on object 'Object Repository/RecAndPlayBk/Page-Vlink-ACH-Credit/input_Application Id'

2024-05-16 01:00:15 - [MESSAGE][PASSED] - Text '234' is set on object 'Object Repository/RecAndPlayBk/Page-Vlink-ACH-Credit/input_Application Id'

2024-05-16 01:00:15 - [TEST_STEP][PASSED] - setText(findTestObject("Object Repository/RecAndPlayBk/Page-Vlink-ACH-Credit/input_Username"), username): Text 'username' is set on object 'Object Repository/RecAndPlayBk/Page-Vlink-ACH-Credit/input_Username'

2024-05-16 01:00:16 - [MESSAGE][PASSED] - Text 'username' is set on object 'Object Repository/RecAndPlayBk/Page-Vlink-ACH-Credit/input_Username'

2024-05-16 01:00:16 - [TEST_STEP][PASSED] - setText(findTestObject("Object Repository/RecAndPlayBk/Page-Vlink-ACH-Credit/input_Password"), password): Text '' is set on object 'Object Repository/RecAndPlayBk/Page-Vlink-ACH-Credit/input_Password'

2024-05-16 01:00:17 - [MESSAGE][PASSED] - Text '' is set on object 'Object Repository/RecAndPlayBk/Page-Vlink-ACH-Credit/input_Password'

2024-05-16 01:00:17 - [TEST_STEP][PASSED] - setText(findTestObject("Object Repository/RecAndPlayBk/Page-Vlink-ACH-Credit/input_Response Format"), resFormat): Text 'fixed_width' is set on object 'Object Repository/RecAndPlayBk/Page-Vlink-ACH-Credit/input_Response Format'

2024-05-16 01:00:17 - [MESSAGE][PASSED] - Text 'fixed_width' is set on object 'Object Repository/RecAndPlayBk/Page-Vlink-ACH-Credit/input_Response Format'

2024-05-16 01:00:17 - [TEST_STEP][PASSED] - setText(findTestObject("Object Repository/RecAndPlayBk/Page-Vlink-ACH-Credit/input_Check Type"), checkType): Text 'P' is set on object 'Object Repository/RecAndPlayBk/Page-Vlink-ACH-Credit/input_Check Type'

2024-05-16 01:00:18 - [MESSAGE][PASSED] - Text 'P' is set on object 'Object Repository/RecAndPlayBk/Page-Vlink-ACH-Credit/input_Check Type'

2024-05-16 01:00:18 - [TEST_STEP][PASSED] - setText(findTestObject("Object Repository/RecAndPlayBk/Page-Vlink-ACH-Credit/input_Transaction ID"), tranID): Text '12124566' is set on object 'Object Repository/RecAndPlayBk/Page-Vlink-ACH-Credit/input_Transaction ID'

2024-05-16 01:00:19 - [MESSAGE][PASSED] - Text '12124566' is set on object 'Object Repository/RecAndPlayBk/Page-Vlink-ACH-Credit/input_Transaction ID'

2024-05-16 01:00:19 - [TEST_STEP][PASSED] - setText(findTestObject("Object Repository/RecAndPlayBk/Page-Vlink-ACH-Credit/input_Amount"), amount): Text '12.50' is set on object 'Object Repository/RecAndPlayBk/Page-Vlink-ACH-Credit/input_Amount'

2024-05-16 01:00:19 - [MESSAGE][PASSED] - Text '12.50' is set on object 'Object Repository/RecAndPlayBk/Page-Vlink-ACH-Credit/input_Amount'

2024-05-16 01:00:19 - [TEST_STEP][PASSED] - setText(findTestObject("Object Repository/RecAndPlayBk/Page-Vlink-ACH-Credit/input_Standard Entry Class"), sec): Text 'TEL' is set on object 'Object Repository/RecAndPlayBk/Page-Vlink-ACH-Credit/input_Standard Entry Class'

2024-05-16 01:00:20 - [MESSAGE][PASSED] - Text 'TEL' is set on object 'Object Repository/RecAndPlayBk/Page-Vlink-ACH-Credit/input_Standard Entry Class'

2024-05-16 01:00:20 - [TEST_STEP][PASSED] - setText(findTestObject("Object Repository/RecAndPlayBk/Page-Vlink-ACH-Credit/input_Account Number"), acNumber): Text '12345678' is set on object 'Object Repository/RecAndPlayBk/Page-Vlink-ACH-Credit/input_Account Number'

2024-05-16 01:00:21 - [MESSAGE][PASSED] - Text '12345678' is set on object 'Object Repository/RecAndPlayBk/Page-Vlink-ACH-Credit/input_Account Number'

2024-05-16 01:00:21 - [TEST_STEP][PASSED] - setText(findTestObject("Object Repository/RecAndPlayBk/Page-Vlink-ACH-Credit/input_Routing Number"), rtn): Text '256072691' is set on object 'Object Repository/RecAndPlayBk/Page-Vlink-ACH-Credit/input_Routing Number'

2024-05-16 01:00:21 - [MESSAGE][PASSED] - Text '256072691' is set on object 'Object Repository/RecAndPlayBk/Page-Vlink-ACH-Credit/input_Routing Number'

2024-05-16 01:00:21 - [TEST_STEP][PASSED] - click(findTestObject("Object Repository/RecAndPlayBk/Page-Vlink-ACH-Credit/input")): Object: 'Object Repository/RecAndPlayBk/Page-Vlink-ACH-Credit/input' is clicked on

2024-05-16 01:00:22 - [MESSAGE][PASSED] - Object: 'Object Repository/RecAndPlayBk/Page-Vlink-ACH-Credit/input' is clicked on

2024-05-16 01:00:22 - [TEST_STEP][PASSED] - if (verifyTextPresent(errorMsg, true)): null

2024-05-16 01:00:22 - [MESSAGE][PASSED] - Text 'Signon authentication error' is present on page  using regular expression

2024-05-16 01:00:22 - [TEST_STEP][PASSED] - println("Error Message is present on the Confirmation page"): null

2024-05-16 01:00:22 - [TEST_STEP][PASSED] - out.println("Pass Record Number: " + row): null

2024-05-16 01:00:22 - [TEST_STEP][PASSED] - resText = "Pass": null

2024-05-16 01:00:22 - [TEST_STEP][PASSED] - pages.WriteExcel.demoKey(resText, datText, resColumn, datCloumn, fileLoc, nameSheet, row): pages.WriteExcel.demoKey is PASSED

2024-05-16 01:00:22 - [MESSAGE][PASSED] - pages.WriteExcel.demoKey is PASSED

2024-05-16 01:00:22 - [TEST_STEP][PASSED] - ExecuteTC = findTestData(dataFile).getValue("Execute", row): null

2024-05-16 01:00:22 - [TEST_STEP][PASSED] - out.println("Value of Execute is : " + ExecuteTC): null

2024-05-16 01:00:22 - [TEST_STEP][PASSED] - if (ExecuteTC.equalsIgnoreCase("Y")): null

2024-05-16 01:00:22 - [TEST_STEP][PASSED] - out.println("Begin Record Number: " + row): null

2024-05-16 01:00:22 - [TEST_STEP][PASSED] - today = new java.util.Date(): null

2024-05-16 01:00:22 - [TEST_STEP][PASSED] - println(today): null

2024-05-16 01:00:22 - [TEST_STEP][PASSED] - datText = today: null

2024-05-16 01:00:22 - [TEST_STEP][PASSED] - appID = findTestData(dataFile).getValue("AppID", row): null

2024-05-16 01:00:23 - [TEST_STEP][PASSED] - username = findTestData(dataFile).getValue("Username", row): null

2024-05-16 01:00:23 - [TEST_STEP][PASSED] - password = findTestData(dataFile).getValue("Password", row): null

2024-05-16 01:00:23 - [TEST_STEP][PASSED] - errorMsg = findTestData(dataFile).getValue("ErrorMsg", row): null

2024-05-16 01:00:23 - [TEST_STEP][PASSED] - tranType = findTestData(dataFile).getValue("TranType", row): null

2024-05-16 01:00:23 - [TEST_STEP][PASSED] - mv = findTestData(dataFile).getValue("MV", row): null

2024-05-16 01:00:23 - [TEST_STEP][PASSED] - resFormat = findTestData(dataFile).getValue("ResFormat", row): null

2024-05-16 01:00:23 - [TEST_STEP][PASSED] - checkType = findTestData(dataFile).getValue("CheckType", row): null

2024-05-16 01:00:23 - [TEST_STEP][PASSED] - sec = findTestData(dataFile).getValue("SEC", row): null

2024-05-16 01:00:23 - [TEST_STEP][PASSED] - tranID = findTestData(dataFile).getValue("TranxID", row): null

2024-05-16 01:00:23 - [TEST_STEP][PASSED] - amount = findTestData(dataFile).getValue("Amount", row): null

2024-05-16 01:00:23 - [TEST_STEP][PASSED] - acNumber = findTestData(dataFile).getValue("AcNumber", row): null

2024-05-16 01:00:24 - [TEST_STEP][PASSED] - rtn = findTestData(dataFile).getValue("RTN", row): null

2024-05-16 01:00:24 - [TEST_STEP][PASSED] - openBrowser(VLinkURL + "ACH_credit.html"): Browser is opened with url: 'https://dev-algorithm.govolution.com/vlinktest/QA2/version_2_0/ACH_credit.html'

2024-05-16 01:00:24 - [MESSAGE][WARNING] - A browser is already opened. Closing browser and opening a new one

2024-05-16 01:00:25 - [MESSAGE][INFO] - Starting 'Chrome' driver

2024-05-16 01:00:25 - [MESSAGE][INFO] - User set preference: ['acceptInsecureCerts', 'true']

2024-05-16 01:00:25 - [MESSAGE][INFO] - Action delay is set to 0 milliseconds

2024-05-16 01:00:27 - [MESSAGE][PASSED] - Browser is opened with url: 'https://dev-algorithm.govolution.com/vlinktest/QA2/version_2_0/ACH_credit.html'

2024-05-16 01:00:27 - [TEST_STEP][PASSED] - maximizeWindow(): Current window maximized

2024-05-16 01:00:28 - [MESSAGE][PASSED] - Current window maximized

2024-05-16 01:00:28 - [TEST_STEP][PASSED] - setText(findTestObject("Object Repository/RecAndPlayBk/Page-Vlink-ACH-Credit/input_Transaction Type"), tranType): Text '200' is set on object 'Object Repository/RecAndPlayBk/Page-Vlink-ACH-Credit/input_Transaction Type'

2024-05-16 01:00:28 - [MESSAGE][PASSED] - Text '200' is set on object 'Object Repository/RecAndPlayBk/Page-Vlink-ACH-Credit/input_Transaction Type'

2024-05-16 01:00:28 - [TEST_STEP][PASSED] - setText(findTestObject("Object Repository/RecAndPlayBk/Page-Vlink-ACH-Credit/input_Message Version"), mv): Text '2.0A' is set on object 'Object Repository/RecAndPlayBk/Page-Vlink-ACH-Credit/input_Message Version'

2024-05-16 01:00:29 - [MESSAGE][PASSED] - Text '2.0A' is set on object 'Object Repository/RecAndPlayBk/Page-Vlink-ACH-Credit/input_Message Version'

2024-05-16 01:00:29 - [TEST_STEP][PASSED] - genRemID = RandomStringUtils.random(12, true, true): null

2024-05-16 01:00:29 - [TEST_STEP][PASSED] - setText(findTestObject("Object Repository/RecAndPlayBk/Page-Vlink-ACH-Credit/input_Remittance Id"), genRemID): Text '5rejJOGI3Gj5' is set on object 'Object Repository/RecAndPlayBk/Page-Vlink-ACH-Credit/input_Remittance Id'

2024-05-16 01:00:30 - [MESSAGE][PASSED] - Text '5rejJOGI3Gj5' is set on object 'Object Repository/RecAndPlayBk/Page-Vlink-ACH-Credit/input_Remittance Id'

2024-05-16 01:00:30 - [TEST_STEP][PASSED] - setText(findTestObject("Object Repository/RecAndPlayBk/Page-Vlink-ACH-Credit/input_Application Id"), appID): Text '234' is set on object 'Object Repository/RecAndPlayBk/Page-Vlink-ACH-Credit/input_Application Id'

2024-05-16 01:00:30 - [MESSAGE][PASSED] - Text '234' is set on object 'Object Repository/RecAndPlayBk/Page-Vlink-ACH-Credit/input_Application Id'

2024-05-16 01:00:30 - [TEST_STEP][PASSED] - setText(findTestObject("Object Repository/RecAndPlayBk/Page-Vlink-ACH-Credit/input_Username"), username): Text 'username' is set on object 'Object Repository/RecAndPlayBk/Page-Vlink-ACH-Credit/input_Username'

2024-05-16 01:00:31 - [MESSAGE][PASSED] - Text 'username' is set on object 'Object Repository/RecAndPlayBk/Page-Vlink-ACH-Credit/input_Username'

2024-05-16 01:00:31 - [TEST_STEP][PASSED] - setText(findTestObject("Object Repository/RecAndPlayBk/Page-Vlink-ACH-Credit/input_Password"), password): Text 'password' is set on object 'Object Repository/RecAndPlayBk/Page-Vlink-ACH-Credit/input_Password'

2024-05-16 01:00:31 - [MESSAGE][PASSED] - Text 'password' is set on object 'Object Repository/RecAndPlayBk/Page-Vlink-ACH-Credit/input_Password'

2024-05-16 01:00:31 - [TEST_STEP][PASSED] - setText(findTestObject("Object Repository/RecAndPlayBk/Page-Vlink-ACH-Credit/input_Response Format"), resFormat): Text '' is set on object 'Object Repository/RecAndPlayBk/Page-Vlink-ACH-Credit/input_Response Format'

2024-05-16 01:00:32 - [MESSAGE][PASSED] - Text '' is set on object 'Object Repository/RecAndPlayBk/Page-Vlink-ACH-Credit/input_Response Format'

2024-05-16 01:00:32 - [TEST_STEP][PASSED] - setText(findTestObject("Object Repository/RecAndPlayBk/Page-Vlink-ACH-Credit/input_Check Type"), checkType): Text 'P' is set on object 'Object Repository/RecAndPlayBk/Page-Vlink-ACH-Credit/input_Check Type'

2024-05-16 01:00:33 - [MESSAGE][PASSED] - Text 'P' is set on object 'Object Repository/RecAndPlayBk/Page-Vlink-ACH-Credit/input_Check Type'

2024-05-16 01:00:33 - [TEST_STEP][PASSED] - setText(findTestObject("Object Repository/RecAndPlayBk/Page-Vlink-ACH-Credit/input_Transaction ID"), tranID): Text '12124566' is set on object 'Object Repository/RecAndPlayBk/Page-Vlink-ACH-Credit/input_Transaction ID'

2024-05-16 01:00:33 - [MESSAGE][PASSED] - Text '12124566' is set on object 'Object Repository/RecAndPlayBk/Page-Vlink-ACH-Credit/input_Transaction ID'

2024-05-16 01:00:33 - [TEST_STEP][PASSED] - setText(findTestObject("Object Repository/RecAndPlayBk/Page-Vlink-ACH-Credit/input_Amount"), amount): Text '12.50' is set on object 'Object Repository/RecAndPlayBk/Page-Vlink-ACH-Credit/input_Amount'

2024-05-16 01:00:34 - [MESSAGE][PASSED] - Text '12.50' is set on object 'Object Repository/RecAndPlayBk/Page-Vlink-ACH-Credit/input_Amount'

2024-05-16 01:00:34 - [TEST_STEP][PASSED] - setText(findTestObject("Object Repository/RecAndPlayBk/Page-Vlink-ACH-Credit/input_Standard Entry Class"), sec): Text 'PPD' is set on object 'Object Repository/RecAndPlayBk/Page-Vlink-ACH-Credit/input_Standard Entry Class'

2024-05-16 01:00:35 - [MESSAGE][PASSED] - Text 'PPD' is set on object 'Object Repository/RecAndPlayBk/Page-Vlink-ACH-Credit/input_Standard Entry Class'

2024-05-16 01:00:35 - [TEST_STEP][PASSED] - setText(findTestObject("Object Repository/RecAndPlayBk/Page-Vlink-ACH-Credit/input_Account Number"), acNumber): Text '12345678' is set on object 'Object Repository/RecAndPlayBk/Page-Vlink-ACH-Credit/input_Account Number'

2024-05-16 01:00:35 - [MESSAGE][PASSED] - Text '12345678' is set on object 'Object Repository/RecAndPlayBk/Page-Vlink-ACH-Credit/input_Account Number'

2024-05-16 01:00:35 - [TEST_STEP][PASSED] - setText(findTestObject("Object Repository/RecAndPlayBk/Page-Vlink-ACH-Credit/input_Routing Number"), rtn): Text '256072691' is set on object 'Object Repository/RecAndPlayBk/Page-Vlink-ACH-Credit/input_Routing Number'

2024-05-16 01:00:36 - [MESSAGE][PASSED] - Text '256072691' is set on object 'Object Repository/RecAndPlayBk/Page-Vlink-ACH-Credit/input_Routing Number'

2024-05-16 01:00:36 - [TEST_STEP][PASSED] - click(findTestObject("Object Repository/RecAndPlayBk/Page-Vlink-ACH-Credit/input")): Object: 'Object Repository/RecAndPlayBk/Page-Vlink-ACH-Credit/input' is clicked on

2024-05-16 01:00:36 - [MESSAGE][PASSED] - Object: 'Object Repository/RecAndPlayBk/Page-Vlink-ACH-Credit/input' is clicked on

2024-05-16 01:00:36 - [TEST_STEP][PASSED] - if (verifyTextPresent(errorMsg, true)): null

2024-05-16 01:00:37 - [MESSAGE][PASSED] - Text 'response_format, check_first_name, check_last_name, check_address, check_city' is present on page  using regular expression

2024-05-16 01:00:37 - [TEST_STEP][PASSED] - println("Error Message is present on the Confirmation page"): null

2024-05-16 01:00:37 - [TEST_STEP][PASSED] - out.println("Pass Record Number: " + row): null

2024-05-16 01:00:37 - [TEST_STEP][PASSED] - resText = "Pass": null

2024-05-16 01:00:37 - [TEST_STEP][PASSED] - pages.WriteExcel.demoKey(resText, datText, resColumn, datCloumn, fileLoc, nameSheet, row): pages.WriteExcel.demoKey is PASSED

2024-05-16 01:00:37 - [MESSAGE][PASSED] - pages.WriteExcel.demoKey is PASSED

2024-05-16 01:00:37 - [TEST_STEP][PASSED] - ExecuteTC = findTestData(dataFile).getValue("Execute", row): null

2024-05-16 01:00:37 - [TEST_STEP][PASSED] - out.println("Value of Execute is : " + ExecuteTC): null

2024-05-16 01:00:37 - [TEST_STEP][PASSED] - if (ExecuteTC.equalsIgnoreCase("Y")): null

2024-05-16 01:00:37 - [TEST_STEP][PASSED] - out.println("Begin Record Number: " + row): null

2024-05-16 01:00:37 - [TEST_STEP][PASSED] - today = new java.util.Date(): null

2024-05-16 01:00:37 - [TEST_STEP][PASSED] - println(today): null

2024-05-16 01:00:37 - [TEST_STEP][PASSED] - datText = today: null

2024-05-16 01:00:37 - [TEST_STEP][PASSED] - appID = findTestData(dataFile).getValue("AppID", row): null

2024-05-16 01:00:37 - [TEST_STEP][PASSED] - username = findTestData(dataFile).getValue("Username", row): null

2024-05-16 01:00:37 - [TEST_STEP][PASSED] - password = findTestData(dataFile).getValue("Password", row): null

2024-05-16 01:00:37 - [TEST_STEP][PASSED] - errorMsg = findTestData(dataFile).getValue("ErrorMsg", row): null

2024-05-16 01:00:37 - [TEST_STEP][PASSED] - tranType = findTestData(dataFile).getValue("TranType", row): null

2024-05-16 01:00:38 - [TEST_STEP][PASSED] - mv = findTestData(dataFile).getValue("MV", row): null

2024-05-16 01:00:38 - [TEST_STEP][PASSED] - resFormat = findTestData(dataFile).getValue("ResFormat", row): null

2024-05-16 01:00:38 - [TEST_STEP][PASSED] - checkType = findTestData(dataFile).getValue("CheckType", row): null

2024-05-16 01:00:38 - [TEST_STEP][PASSED] - sec = findTestData(dataFile).getValue("SEC", row): null

2024-05-16 01:00:38 - [TEST_STEP][PASSED] - tranID = findTestData(dataFile).getValue("TranxID", row): null

2024-05-16 01:00:38 - [TEST_STEP][PASSED] - amount = findTestData(dataFile).getValue("Amount", row): null

2024-05-16 01:00:38 - [TEST_STEP][PASSED] - acNumber = findTestData(dataFile).getValue("AcNumber", row): null

2024-05-16 01:00:38 - [TEST_STEP][PASSED] - rtn = findTestData(dataFile).getValue("RTN", row): null

2024-05-16 01:00:38 - [TEST_STEP][PASSED] - openBrowser(VLinkURL + "ACH_credit.html"): Browser is opened with url: 'https://dev-algorithm.govolution.com/vlinktest/QA2/version_2_0/ACH_credit.html'

2024-05-16 01:00:38 - [MESSAGE][WARNING] - A browser is already opened. Closing browser and opening a new one

2024-05-16 01:00:40 - [MESSAGE][INFO] - Starting 'Chrome' driver

2024-05-16 01:00:40 - [MESSAGE][INFO] - User set preference: ['acceptInsecureCerts', 'true']

2024-05-16 01:00:40 - [MESSAGE][INFO] - Action delay is set to 0 milliseconds

2024-05-16 01:00:42 - [MESSAGE][PASSED] - Browser is opened with url: 'https://dev-algorithm.govolution.com/vlinktest/QA2/version_2_0/ACH_credit.html'

2024-05-16 01:00:42 - [TEST_STEP][PASSED] - maximizeWindow(): Current window maximized

2024-05-16 01:00:42 - [MESSAGE][PASSED] - Current window maximized

2024-05-16 01:00:42 - [TEST_STEP][PASSED] - setText(findTestObject("Object Repository/RecAndPlayBk/Page-Vlink-ACH-Credit/input_Transaction Type"), tranType): Text '200' is set on object 'Object Repository/RecAndPlayBk/Page-Vlink-ACH-Credit/input_Transaction Type'

2024-05-16 01:00:43 - [MESSAGE][PASSED] - Text '200' is set on object 'Object Repository/RecAndPlayBk/Page-Vlink-ACH-Credit/input_Transaction Type'

2024-05-16 01:00:43 - [TEST_STEP][PASSED] - setText(findTestObject("Object Repository/RecAndPlayBk/Page-Vlink-ACH-Credit/input_Message Version"), mv): Text '2.0A' is set on object 'Object Repository/RecAndPlayBk/Page-Vlink-ACH-Credit/input_Message Version'

2024-05-16 01:00:43 - [MESSAGE][PASSED] - Text '2.0A' is set on object 'Object Repository/RecAndPlayBk/Page-Vlink-ACH-Credit/input_Message Version'

2024-05-16 01:00:43 - [TEST_STEP][PASSED] - genRemID = RandomStringUtils.random(12, true, true): null

2024-05-16 01:00:43 - [TEST_STEP][PASSED] - setText(findTestObject("Object Repository/RecAndPlayBk/Page-Vlink-ACH-Credit/input_Remittance Id"), genRemID): Text 'Sm2HZsBK3keZ' is set on object 'Object Repository/RecAndPlayBk/Page-Vlink-ACH-Credit/input_Remittance Id'

2024-05-16 01:00:44 - [MESSAGE][PASSED] - Text 'Sm2HZsBK3keZ' is set on object 'Object Repository/RecAndPlayBk/Page-Vlink-ACH-Credit/input_Remittance Id'

2024-05-16 01:00:44 - [TEST_STEP][PASSED] - setText(findTestObject("Object Repository/RecAndPlayBk/Page-Vlink-ACH-Credit/input_Application Id"), appID): Text '234' is set on object 'Object Repository/RecAndPlayBk/Page-Vlink-ACH-Credit/input_Application Id'

2024-05-16 01:00:45 - [MESSAGE][PASSED] - Text '234' is set on object 'Object Repository/RecAndPlayBk/Page-Vlink-ACH-Credit/input_Application Id'

2024-05-16 01:00:45 - [TEST_STEP][PASSED] - setText(findTestObject("Object Repository/RecAndPlayBk/Page-Vlink-ACH-Credit/input_Username"), username): Text 'username' is set on object 'Object Repository/RecAndPlayBk/Page-Vlink-ACH-Credit/input_Username'

2024-05-16 01:00:45 - [MESSAGE][PASSED] - Text 'username' is set on object 'Object Repository/RecAndPlayBk/Page-Vlink-ACH-Credit/input_Username'

2024-05-16 01:00:45 - [TEST_STEP][PASSED] - setText(findTestObject("Object Repository/RecAndPlayBk/Page-Vlink-ACH-Credit/input_Password"), password): Text 'password' is set on object 'Object Repository/RecAndPlayBk/Page-Vlink-ACH-Credit/input_Password'

2024-05-16 01:00:46 - [MESSAGE][PASSED] - Text 'password' is set on object 'Object Repository/RecAndPlayBk/Page-Vlink-ACH-Credit/input_Password'

2024-05-16 01:00:46 - [TEST_STEP][PASSED] - setText(findTestObject("Object Repository/RecAndPlayBk/Page-Vlink-ACH-Credit/input_Response Format"), resFormat): Text 'fixed_width' is set on object 'Object Repository/RecAndPlayBk/Page-Vlink-ACH-Credit/input_Response Format'

2024-05-16 01:00:46 - [MESSAGE][PASSED] - Text 'fixed_width' is set on object 'Object Repository/RecAndPlayBk/Page-Vlink-ACH-Credit/input_Response Format'

2024-05-16 01:00:46 - [TEST_STEP][PASSED] - setText(findTestObject("Object Repository/RecAndPlayBk/Page-Vlink-ACH-Credit/input_Check Type"), checkType): Text '' is set on object 'Object Repository/RecAndPlayBk/Page-Vlink-ACH-Credit/input_Check Type'

2024-05-16 01:00:47 - [MESSAGE][PASSED] - Text '' is set on object 'Object Repository/RecAndPlayBk/Page-Vlink-ACH-Credit/input_Check Type'

2024-05-16 01:00:47 - [TEST_STEP][PASSED] - setText(findTestObject("Object Repository/RecAndPlayBk/Page-Vlink-ACH-Credit/input_Transaction ID"), tranID): Text '12124566' is set on object 'Object Repository/RecAndPlayBk/Page-Vlink-ACH-Credit/input_Transaction ID'

2024-05-16 01:00:48 - [MESSAGE][PASSED] - Text '12124566' is set on object 'Object Repository/RecAndPlayBk/Page-Vlink-ACH-Credit/input_Transaction ID'

2024-05-16 01:00:48 - [TEST_STEP][PASSED] - setText(findTestObject("Object Repository/RecAndPlayBk/Page-Vlink-ACH-Credit/input_Amount"), amount): Text '12.50' is set on object 'Object Repository/RecAndPlayBk/Page-Vlink-ACH-Credit/input_Amount'

2024-05-16 01:00:48 - [MESSAGE][PASSED] - Text '12.50' is set on object 'Object Repository/RecAndPlayBk/Page-Vlink-ACH-Credit/input_Amount'

2024-05-16 01:00:48 - [TEST_STEP][PASSED] - setText(findTestObject("Object Repository/RecAndPlayBk/Page-Vlink-ACH-Credit/input_Standard Entry Class"), sec): Text 'WEB' is set on object 'Object Repository/RecAndPlayBk/Page-Vlink-ACH-Credit/input_Standard Entry Class'

2024-05-16 01:00:49 - [MESSAGE][PASSED] - Text 'WEB' is set on object 'Object Repository/RecAndPlayBk/Page-Vlink-ACH-Credit/input_Standard Entry Class'

2024-05-16 01:00:49 - [TEST_STEP][PASSED] - setText(findTestObject("Object Repository/RecAndPlayBk/Page-Vlink-ACH-Credit/input_Account Number"), acNumber): Text '12345678' is set on object 'Object Repository/RecAndPlayBk/Page-Vlink-ACH-Credit/input_Account Number'

2024-05-16 01:00:50 - [MESSAGE][PASSED] - Text '12345678' is set on object 'Object Repository/RecAndPlayBk/Page-Vlink-ACH-Credit/input_Account Number'

2024-05-16 01:00:50 - [TEST_STEP][PASSED] - setText(findTestObject("Object Repository/RecAndPlayBk/Page-Vlink-ACH-Credit/input_Routing Number"), rtn): Text '256072691' is set on object 'Object Repository/RecAndPlayBk/Page-Vlink-ACH-Credit/input_Routing Number'

2024-05-16 01:00:50 - [MESSAGE][PASSED] - Text '256072691' is set on object 'Object Repository/RecAndPlayBk/Page-Vlink-ACH-Credit/input_Routing Number'

2024-05-16 01:00:50 - [TEST_STEP][PASSED] - click(findTestObject("Object Repository/RecAndPlayBk/Page-Vlink-ACH-Credit/input")): Object: 'Object Repository/RecAndPlayBk/Page-Vlink-ACH-Credit/input' is clicked on

2024-05-16 01:00:51 - [MESSAGE][PASSED] - Object: 'Object Repository/RecAndPlayBk/Page-Vlink-ACH-Credit/input' is clicked on

2024-05-16 01:00:51 - [TEST_STEP][PASSED] - if (verifyTextPresent(errorMsg, true)): null

2024-05-16 01:00:51 - [MESSAGE][PASSED] - Text 'Bank Account type not valid' is present on page  using regular expression

2024-05-16 01:00:51 - [TEST_STEP][PASSED] - println("Error Message is present on the Confirmation page"): null

2024-05-16 01:00:51 - [TEST_STEP][PASSED] - out.println("Pass Record Number: " + row): null

2024-05-16 01:00:51 - [TEST_STEP][PASSED] - resText = "Pass": null

2024-05-16 01:00:51 - [TEST_STEP][PASSED] - pages.WriteExcel.demoKey(resText, datText, resColumn, datCloumn, fileLoc, nameSheet, row): pages.WriteExcel.demoKey is PASSED

2024-05-16 01:00:51 - [MESSAGE][PASSED] - pages.WriteExcel.demoKey is PASSED

2024-05-16 01:00:51 - [TEST_STEP][PASSED] - ExecuteTC = findTestData(dataFile).getValue("Execute", row): null

2024-05-16 01:00:52 - [TEST_STEP][PASSED] - out.println("Value of Execute is : " + ExecuteTC): null

2024-05-16 01:00:52 - [TEST_STEP][PASSED] - if (ExecuteTC.equalsIgnoreCase("Y")): null

2024-05-16 01:00:52 - [TEST_STEP][PASSED] - out.println("Begin Record Number: " + row): null

2024-05-16 01:00:52 - [TEST_STEP][PASSED] - today = new java.util.Date(): null

2024-05-16 01:00:52 - [TEST_STEP][PASSED] - println(today): null

2024-05-16 01:00:52 - [TEST_STEP][PASSED] - datText = today: null

2024-05-16 01:00:52 - [TEST_STEP][PASSED] - appID = findTestData(dataFile).getValue("AppID", row): null

2024-05-16 01:00:52 - [TEST_STEP][PASSED] - username = findTestData(dataFile).getValue("Username", row): null

2024-05-16 01:00:52 - [TEST_STEP][PASSED] - password = findTestData(dataFile).getValue("Password", row): null

2024-05-16 01:00:52 - [TEST_STEP][PASSED] - errorMsg = findTestData(dataFile).getValue("ErrorMsg", row): null

2024-05-16 01:00:52 - [TEST_STEP][PASSED] - tranType = findTestData(dataFile).getValue("TranType", row): null

2024-05-16 01:00:52 - [TEST_STEP][PASSED] - mv = findTestData(dataFile).getValue("MV", row): null

2024-05-16 01:00:52 - [TEST_STEP][PASSED] - resFormat = findTestData(dataFile).getValue("ResFormat", row): null

2024-05-16 01:00:52 - [TEST_STEP][PASSED] - checkType = findTestData(dataFile).getValue("CheckType", row): null

2024-05-16 01:00:52 - [TEST_STEP][PASSED] - sec = findTestData(dataFile).getValue("SEC", row): null

2024-05-16 01:00:52 - [TEST_STEP][PASSED] - tranID = findTestData(dataFile).getValue("TranxID", row): null

2024-05-16 01:00:52 - [TEST_STEP][PASSED] - amount = findTestData(dataFile).getValue("Amount", row): null

2024-05-16 01:00:52 - [TEST_STEP][PASSED] - acNumber = findTestData(dataFile).getValue("AcNumber", row): null

2024-05-16 01:00:53 - [TEST_STEP][PASSED] - rtn = findTestData(dataFile).getValue("RTN", row): null

2024-05-16 01:00:53 - [TEST_STEP][PASSED] - openBrowser(VLinkURL + "ACH_credit.html"): Browser is opened with url: 'https://dev-algorithm.govolution.com/vlinktest/QA2/version_2_0/ACH_credit.html'

2024-05-16 01:00:53 - [MESSAGE][WARNING] - A browser is already opened. Closing browser and opening a new one

2024-05-16 01:00:54 - [MESSAGE][INFO] - Starting 'Chrome' driver

2024-05-16 01:00:54 - [MESSAGE][INFO] - User set preference: ['acceptInsecureCerts', 'true']

2024-05-16 01:00:54 - [MESSAGE][INFO] - Action delay is set to 0 milliseconds

2024-05-16 01:00:56 - [MESSAGE][PASSED] - Browser is opened with url: 'https://dev-algorithm.govolution.com/vlinktest/QA2/version_2_0/ACH_credit.html'

2024-05-16 01:00:56 - [TEST_STEP][PASSED] - maximizeWindow(): Current window maximized

2024-05-16 01:00:56 - [MESSAGE][PASSED] - Current window maximized

2024-05-16 01:00:56 - [TEST_STEP][PASSED] - setText(findTestObject("Object Repository/RecAndPlayBk/Page-Vlink-ACH-Credit/input_Transaction Type"), tranType): Text '200' is set on object 'Object Repository/RecAndPlayBk/Page-Vlink-ACH-Credit/input_Transaction Type'

2024-05-16 01:00:57 - [MESSAGE][PASSED] - Text '200' is set on object 'Object Repository/RecAndPlayBk/Page-Vlink-ACH-Credit/input_Transaction Type'

2024-05-16 01:00:57 - [TEST_STEP][PASSED] - setText(findTestObject("Object Repository/RecAndPlayBk/Page-Vlink-ACH-Credit/input_Message Version"), mv): Text '2.0A' is set on object 'Object Repository/RecAndPlayBk/Page-Vlink-ACH-Credit/input_Message Version'

2024-05-16 01:00:58 - [MESSAGE][PASSED] - Text '2.0A' is set on object 'Object Repository/RecAndPlayBk/Page-Vlink-ACH-Credit/input_Message Version'

2024-05-16 01:00:58 - [TEST_STEP][PASSED] - genRemID = RandomStringUtils.random(12, true, true): null

2024-05-16 01:00:58 - [TEST_STEP][PASSED] - setText(findTestObject("Object Repository/RecAndPlayBk/Page-Vlink-ACH-Credit/input_Remittance Id"), genRemID): Text 'oDiKudGzkB8O' is set on object 'Object Repository/RecAndPlayBk/Page-Vlink-ACH-Credit/input_Remittance Id'

2024-05-16 01:00:58 - [MESSAGE][PASSED] - Text 'oDiKudGzkB8O' is set on object 'Object Repository/RecAndPlayBk/Page-Vlink-ACH-Credit/input_Remittance Id'

2024-05-16 01:00:58 - [TEST_STEP][PASSED] - setText(findTestObject("Object Repository/RecAndPlayBk/Page-Vlink-ACH-Credit/input_Application Id"), appID): Text '234' is set on object 'Object Repository/RecAndPlayBk/Page-Vlink-ACH-Credit/input_Application Id'

2024-05-16 01:00:59 - [MESSAGE][PASSED] - Text '234' is set on object 'Object Repository/RecAndPlayBk/Page-Vlink-ACH-Credit/input_Application Id'

2024-05-16 01:00:59 - [TEST_STEP][PASSED] - setText(findTestObject("Object Repository/RecAndPlayBk/Page-Vlink-ACH-Credit/input_Username"), username): Text 'username' is set on object 'Object Repository/RecAndPlayBk/Page-Vlink-ACH-Credit/input_Username'

2024-05-16 01:01:00 - [MESSAGE][PASSED] - Text 'username' is set on object 'Object Repository/RecAndPlayBk/Page-Vlink-ACH-Credit/input_Username'

2024-05-16 01:01:00 - [TEST_STEP][PASSED] - setText(findTestObject("Object Repository/RecAndPlayBk/Page-Vlink-ACH-Credit/input_Password"), password): Text 'password' is set on object 'Object Repository/RecAndPlayBk/Page-Vlink-ACH-Credit/input_Password'

2024-05-16 01:01:00 - [MESSAGE][PASSED] - Text 'password' is set on object 'Object Repository/RecAndPlayBk/Page-Vlink-ACH-Credit/input_Password'

2024-05-16 01:01:00 - [TEST_STEP][PASSED] - setText(findTestObject("Object Repository/RecAndPlayBk/Page-Vlink-ACH-Credit/input_Response Format"), resFormat): Text 'fixed_width' is set on object 'Object Repository/RecAndPlayBk/Page-Vlink-ACH-Credit/input_Response Format'

2024-05-16 01:01:01 - [MESSAGE][PASSED] - Text 'fixed_width' is set on object 'Object Repository/RecAndPlayBk/Page-Vlink-ACH-Credit/input_Response Format'

2024-05-16 01:01:01 - [TEST_STEP][PASSED] - setText(findTestObject("Object Repository/RecAndPlayBk/Page-Vlink-ACH-Credit/input_Check Type"), checkType): Text 'P' is set on object 'Object Repository/RecAndPlayBk/Page-Vlink-ACH-Credit/input_Check Type'

2024-05-16 01:01:01 - [MESSAGE][PASSED] - Text 'P' is set on object 'Object Repository/RecAndPlayBk/Page-Vlink-ACH-Credit/input_Check Type'

2024-05-16 01:01:01 - [TEST_STEP][PASSED] - setText(findTestObject("Object Repository/RecAndPlayBk/Page-Vlink-ACH-Credit/input_Transaction ID"), tranID): Text '12124566' is set on object 'Object Repository/RecAndPlayBk/Page-Vlink-ACH-Credit/input_Transaction ID'

2024-05-16 01:01:02 - [MESSAGE][PASSED] - Text '12124566' is set on object 'Object Repository/RecAndPlayBk/Page-Vlink-ACH-Credit/input_Transaction ID'

2024-05-16 01:01:02 - [TEST_STEP][PASSED] - setText(findTestObject("Object Repository/RecAndPlayBk/Page-Vlink-ACH-Credit/input_Amount"), amount): Text '12.50' is set on object 'Object Repository/RecAndPlayBk/Page-Vlink-ACH-Credit/input_Amount'

2024-05-16 01:01:03 - [MESSAGE][PASSED] - Text '12.50' is set on object 'Object Repository/RecAndPlayBk/Page-Vlink-ACH-Credit/input_Amount'

2024-05-16 01:01:03 - [TEST_STEP][PASSED] - setText(findTestObject("Object Repository/RecAndPlayBk/Page-Vlink-ACH-Credit/input_Standard Entry Class"), sec): Text '' is set on object 'Object Repository/RecAndPlayBk/Page-Vlink-ACH-Credit/input_Standard Entry Class'

2024-05-16 01:01:03 - [MESSAGE][PASSED] - Text '' is set on object 'Object Repository/RecAndPlayBk/Page-Vlink-ACH-Credit/input_Standard Entry Class'

2024-05-16 01:01:03 - [TEST_STEP][PASSED] - setText(findTestObject("Object Repository/RecAndPlayBk/Page-Vlink-ACH-Credit/input_Account Number"), acNumber): Text '12345678' is set on object 'Object Repository/RecAndPlayBk/Page-Vlink-ACH-Credit/input_Account Number'

2024-05-16 01:01:04 - [MESSAGE][PASSED] - Text '12345678' is set on object 'Object Repository/RecAndPlayBk/Page-Vlink-ACH-Credit/input_Account Number'

2024-05-16 01:01:04 - [TEST_STEP][PASSED] - setText(findTestObject("Object Repository/RecAndPlayBk/Page-Vlink-ACH-Credit/input_Routing Number"), rtn): Text '256072691' is set on object 'Object Repository/RecAndPlayBk/Page-Vlink-ACH-Credit/input_Routing Number'

2024-05-16 01:01:05 - [MESSAGE][PASSED] - Text '256072691' is set on object 'Object Repository/RecAndPlayBk/Page-Vlink-ACH-Credit/input_Routing Number'

2024-05-16 01:01:05 - [TEST_STEP][PASSED] - click(findTestObject("Object Repository/RecAndPlayBk/Page-Vlink-ACH-Credit/input")): Object: 'Object Repository/RecAndPlayBk/Page-Vlink-ACH-Credit/input' is clicked on

2024-05-16 01:01:05 - [MESSAGE][PASSED] - Object: 'Object Repository/RecAndPlayBk/Page-Vlink-ACH-Credit/input' is clicked on

2024-05-16 01:01:05 - [TEST_STEP][PASSED] - if (verifyTextPresent(errorMsg, true)): null

2024-05-16 01:01:06 - [MESSAGE][PASSED] - Text 'check_first_name, check_last_name, check_address, check_city, check_state, che' is present on page  using regular expression

2024-05-16 01:01:06 - [TEST_STEP][PASSED] - println("Error Message is present on the Confirmation page"): null

2024-05-16 01:01:06 - [TEST_STEP][PASSED] - out.println("Pass Record Number: " + row): null

2024-05-16 01:01:06 - [TEST_STEP][PASSED] - resText = "Pass": null

2024-05-16 01:01:06 - [TEST_STEP][PASSED] - pages.WriteExcel.demoKey(resText, datText, resColumn, datCloumn, fileLoc, nameSheet, row): pages.WriteExcel.demoKey is PASSED

2024-05-16 01:01:06 - [MESSAGE][PASSED] - pages.WriteExcel.demoKey is PASSED

2024-05-16 01:01:06 - [TEST_STEP][PASSED] - ExecuteTC = findTestData(dataFile).getValue("Execute", row): null

2024-05-16 01:01:06 - [TEST_STEP][PASSED] - out.println("Value of Execute is : " + ExecuteTC): null

2024-05-16 01:01:06 - [TEST_STEP][PASSED] - if (ExecuteTC.equalsIgnoreCase("Y")): null

2024-05-16 01:01:06 - [TEST_STEP][PASSED] - out.println("Begin Record Number: " + row): null

2024-05-16 01:01:06 - [TEST_STEP][PASSED] - today = new java.util.Date(): null

2024-05-16 01:01:06 - [TEST_STEP][PASSED] - println(today): null

2024-05-16 01:01:06 - [TEST_STEP][PASSED] - datText = today: null

2024-05-16 01:01:06 - [TEST_STEP][PASSED] - appID = findTestData(dataFile).getValue("AppID", row): null

2024-05-16 01:01:06 - [TEST_STEP][PASSED] - username = findTestData(dataFile).getValue("Username", row): null

2024-05-16 01:01:06 - [TEST_STEP][PASSED] - password = findTestData(dataFile).getValue("Password", row): null

2024-05-16 01:01:06 - [TEST_STEP][PASSED] - errorMsg = findTestData(dataFile).getValue("ErrorMsg", row): null

2024-05-16 01:01:06 - [TEST_STEP][PASSED] - tranType = findTestData(dataFile).getValue("TranType", row): null

2024-05-16 01:01:06 - [TEST_STEP][PASSED] - mv = findTestData(dataFile).getValue("MV", row): null

2024-05-16 01:01:06 - [TEST_STEP][PASSED] - resFormat = findTestData(dataFile).getValue("ResFormat", row): null

2024-05-16 01:01:06 - [TEST_STEP][PASSED] - checkType = findTestData(dataFile).getValue("CheckType", row): null

2024-05-16 01:01:07 - [TEST_STEP][PASSED] - sec = findTestData(dataFile).getValue("SEC", row): null

2024-05-16 01:01:07 - [TEST_STEP][PASSED] - tranID = findTestData(dataFile).getValue("TranxID", row): null

2024-05-16 01:01:07 - [TEST_STEP][PASSED] - amount = findTestData(dataFile).getValue("Amount", row): null

2024-05-16 01:01:07 - [TEST_STEP][PASSED] - acNumber = findTestData(dataFile).getValue("AcNumber", row): null

2024-05-16 01:01:07 - [TEST_STEP][PASSED] - rtn = findTestData(dataFile).getValue("RTN", row): null

2024-05-16 01:01:07 - [TEST_STEP][PASSED] - openBrowser(VLinkURL + "ACH_credit.html"): Browser is opened with url: 'https://dev-algorithm.govolution.com/vlinktest/QA2/version_2_0/ACH_credit.html'

2024-05-16 01:01:07 - [MESSAGE][WARNING] - A browser is already opened. Closing browser and opening a new one

2024-05-16 01:01:08 - [MESSAGE][INFO] - Starting 'Chrome' driver

2024-05-16 01:01:08 - [MESSAGE][INFO] - User set preference: ['acceptInsecureCerts', 'true']

2024-05-16 01:01:08 - [MESSAGE][INFO] - Action delay is set to 0 milliseconds

2024-05-16 01:01:11 - [MESSAGE][PASSED] - Browser is opened with url: 'https://dev-algorithm.govolution.com/vlinktest/QA2/version_2_0/ACH_credit.html'

2024-05-16 01:01:11 - [TEST_STEP][PASSED] - maximizeWindow(): Current window maximized

2024-05-16 01:01:11 - [MESSAGE][PASSED] - Current window maximized

2024-05-16 01:01:11 - [TEST_STEP][PASSED] - setText(findTestObject("Object Repository/RecAndPlayBk/Page-Vlink-ACH-Credit/input_Transaction Type"), tranType): Text '200' is set on object 'Object Repository/RecAndPlayBk/Page-Vlink-ACH-Credit/input_Transaction Type'

2024-05-16 01:01:12 - [MESSAGE][PASSED] - Text '200' is set on object 'Object Repository/RecAndPlayBk/Page-Vlink-ACH-Credit/input_Transaction Type'

2024-05-16 01:01:12 - [TEST_STEP][PASSED] - setText(findTestObject("Object Repository/RecAndPlayBk/Page-Vlink-ACH-Credit/input_Message Version"), mv): Text '2.0A' is set on object 'Object Repository/RecAndPlayBk/Page-Vlink-ACH-Credit/input_Message Version'

2024-05-16 01:01:12 - [MESSAGE][PASSED] - Text '2.0A' is set on object 'Object Repository/RecAndPlayBk/Page-Vlink-ACH-Credit/input_Message Version'

2024-05-16 01:01:12 - [TEST_STEP][PASSED] - genRemID = RandomStringUtils.random(12, true, true): null

2024-05-16 01:01:12 - [TEST_STEP][PASSED] - setText(findTestObject("Object Repository/RecAndPlayBk/Page-Vlink-ACH-Credit/input_Remittance Id"), genRemID): Text 'DPOxSY3WrvXW' is set on object 'Object Repository/RecAndPlayBk/Page-Vlink-ACH-Credit/input_Remittance Id'

2024-05-16 01:01:13 - [MESSAGE][PASSED] - Text 'DPOxSY3WrvXW' is set on object 'Object Repository/RecAndPlayBk/Page-Vlink-ACH-Credit/input_Remittance Id'

2024-05-16 01:01:13 - [TEST_STEP][PASSED] - setText(findTestObject("Object Repository/RecAndPlayBk/Page-Vlink-ACH-Credit/input_Application Id"), appID): Text '234' is set on object 'Object Repository/RecAndPlayBk/Page-Vlink-ACH-Credit/input_Application Id'

2024-05-16 01:01:14 - [MESSAGE][PASSED] - Text '234' is set on object 'Object Repository/RecAndPlayBk/Page-Vlink-ACH-Credit/input_Application Id'

2024-05-16 01:01:14 - [TEST_STEP][PASSED] - setText(findTestObject("Object Repository/RecAndPlayBk/Page-Vlink-ACH-Credit/input_Username"), username): Text 'username' is set on object 'Object Repository/RecAndPlayBk/Page-Vlink-ACH-Credit/input_Username'

2024-05-16 01:01:14 - [MESSAGE][PASSED] - Text 'username' is set on object 'Object Repository/RecAndPlayBk/Page-Vlink-ACH-Credit/input_Username'

2024-05-16 01:01:14 - [TEST_STEP][PASSED] - setText(findTestObject("Object Repository/RecAndPlayBk/Page-Vlink-ACH-Credit/input_Password"), password): Text 'password' is set on object 'Object Repository/RecAndPlayBk/Page-Vlink-ACH-Credit/input_Password'

2024-05-16 01:01:15 - [MESSAGE][PASSED] - Text 'password' is set on object 'Object Repository/RecAndPlayBk/Page-Vlink-ACH-Credit/input_Password'

2024-05-16 01:01:15 - [TEST_STEP][PASSED] - setText(findTestObject("Object Repository/RecAndPlayBk/Page-Vlink-ACH-Credit/input_Response Format"), resFormat): Text 'fixed_width' is set on object 'Object Repository/RecAndPlayBk/Page-Vlink-ACH-Credit/input_Response Format'

2024-05-16 01:01:16 - [MESSAGE][PASSED] - Text 'fixed_width' is set on object 'Object Repository/RecAndPlayBk/Page-Vlink-ACH-Credit/input_Response Format'

2024-05-16 01:01:16 - [TEST_STEP][PASSED] - setText(findTestObject("Object Repository/RecAndPlayBk/Page-Vlink-ACH-Credit/input_Check Type"), checkType): Text 'P' is set on object 'Object Repository/RecAndPlayBk/Page-Vlink-ACH-Credit/input_Check Type'

2024-05-16 01:01:16 - [MESSAGE][PASSED] - Text 'P' is set on object 'Object Repository/RecAndPlayBk/Page-Vlink-ACH-Credit/input_Check Type'

2024-05-16 01:01:16 - [TEST_STEP][PASSED] - setText(findTestObject("Object Repository/RecAndPlayBk/Page-Vlink-ACH-Credit/input_Transaction ID"), tranID): Text '12124566' is set on object 'Object Repository/RecAndPlayBk/Page-Vlink-ACH-Credit/input_Transaction ID'

2024-05-16 01:01:17 - [MESSAGE][PASSED] - Text '12124566' is set on object 'Object Repository/RecAndPlayBk/Page-Vlink-ACH-Credit/input_Transaction ID'

2024-05-16 01:01:17 - [TEST_STEP][PASSED] - setText(findTestObject("Object Repository/RecAndPlayBk/Page-Vlink-ACH-Credit/input_Amount"), amount): Text '' is set on object 'Object Repository/RecAndPlayBk/Page-Vlink-ACH-Credit/input_Amount'

2024-05-16 01:01:17 - [MESSAGE][PASSED] - Text '' is set on object 'Object Repository/RecAndPlayBk/Page-Vlink-ACH-Credit/input_Amount'

2024-05-16 01:01:17 - [TEST_STEP][PASSED] - setText(findTestObject("Object Repository/RecAndPlayBk/Page-Vlink-ACH-Credit/input_Standard Entry Class"), sec): Text 'WEB' is set on object 'Object Repository/RecAndPlayBk/Page-Vlink-ACH-Credit/input_Standard Entry Class'

2024-05-16 01:01:18 - [MESSAGE][PASSED] - Text 'WEB' is set on object 'Object Repository/RecAndPlayBk/Page-Vlink-ACH-Credit/input_Standard Entry Class'

2024-05-16 01:01:18 - [TEST_STEP][PASSED] - setText(findTestObject("Object Repository/RecAndPlayBk/Page-Vlink-ACH-Credit/input_Account Number"), acNumber): Text '12345678' is set on object 'Object Repository/RecAndPlayBk/Page-Vlink-ACH-Credit/input_Account Number'

2024-05-16 01:01:19 - [MESSAGE][PASSED] - Text '12345678' is set on object 'Object Repository/RecAndPlayBk/Page-Vlink-ACH-Credit/input_Account Number'

2024-05-16 01:01:19 - [TEST_STEP][PASSED] - setText(findTestObject("Object Repository/RecAndPlayBk/Page-Vlink-ACH-Credit/input_Routing Number"), rtn): Text '256072691' is set on object 'Object Repository/RecAndPlayBk/Page-Vlink-ACH-Credit/input_Routing Number'

2024-05-16 01:01:19 - [MESSAGE][PASSED] - Text '256072691' is set on object 'Object Repository/RecAndPlayBk/Page-Vlink-ACH-Credit/input_Routing Number'

2024-05-16 01:01:19 - [TEST_STEP][PASSED] - click(findTestObject("Object Repository/RecAndPlayBk/Page-Vlink-ACH-Credit/input")): Object: 'Object Repository/RecAndPlayBk/Page-Vlink-ACH-Credit/input' is clicked on

2024-05-16 01:01:20 - [MESSAGE][PASSED] - Object: 'Object Repository/RecAndPlayBk/Page-Vlink-ACH-Credit/input' is clicked on

2024-05-16 01:01:20 - [TEST_STEP][PASSED] - if (verifyTextPresent(errorMsg, true)): null

2024-05-16 01:01:20 - [MESSAGE][PASSED] - Text 'check_first_name, check_last_name, check_address, check_city, check_state, che' is present on page  using regular expression

2024-05-16 01:01:20 - [TEST_STEP][PASSED] - println("Error Message is present on the Confirmation page"): null

2024-05-16 01:01:20 - [TEST_STEP][PASSED] - out.println("Pass Record Number: " + row): null

2024-05-16 01:01:20 - [TEST_STEP][PASSED] - resText = "Pass": null

2024-05-16 01:01:20 - [TEST_STEP][PASSED] - pages.WriteExcel.demoKey(resText, datText, resColumn, datCloumn, fileLoc, nameSheet, row): pages.WriteExcel.demoKey is PASSED

2024-05-16 01:01:20 - [MESSAGE][PASSED] - pages.WriteExcel.demoKey is PASSED

2024-05-16 01:01:20 - [TEST_STEP][PASSED] - ExecuteTC = findTestData(dataFile).getValue("Execute", row): null

2024-05-16 01:01:21 - [TEST_STEP][PASSED] - out.println("Value of Execute is : " + ExecuteTC): null

2024-05-16 01:01:21 - [TEST_STEP][PASSED] - if (ExecuteTC.equalsIgnoreCase("Y")): null

2024-05-16 01:01:21 - [TEST_STEP][PASSED] - out.println("Begin Record Number: " + row): null

2024-05-16 01:01:21 - [TEST_STEP][PASSED] - today = new java.util.Date(): null

2024-05-16 01:01:21 - [TEST_STEP][PASSED] - println(today): null

2024-05-16 01:01:21 - [TEST_STEP][PASSED] - datText = today: null

2024-05-16 01:01:21 - [TEST_STEP][PASSED] - appID = findTestData(dataFile).getValue("AppID", row): null

2024-05-16 01:01:21 - [TEST_STEP][PASSED] - username = findTestData(dataFile).getValue("Username", row): null

2024-05-16 01:01:21 - [TEST_STEP][PASSED] - password = findTestData(dataFile).getValue("Password", row): null

2024-05-16 01:01:21 - [TEST_STEP][PASSED] - errorMsg = findTestData(dataFile).getValue("ErrorMsg", row): null

2024-05-16 01:01:21 - [TEST_STEP][PASSED] - tranType = findTestData(dataFile).getValue("TranType", row): null

2024-05-16 01:01:21 - [TEST_STEP][PASSED] - mv = findTestData(dataFile).getValue("MV", row): null

2024-05-16 01:01:21 - [TEST_STEP][PASSED] - resFormat = findTestData(dataFile).getValue("ResFormat", row): null

2024-05-16 01:01:21 - [TEST_STEP][PASSED] - checkType = findTestData(dataFile).getValue("CheckType", row): null

2024-05-16 01:01:21 - [TEST_STEP][PASSED] - sec = findTestData(dataFile).getValue("SEC", row): null

2024-05-16 01:01:21 - [TEST_STEP][PASSED] - tranID = findTestData(dataFile).getValue("TranxID", row): null

2024-05-16 01:01:21 - [TEST_STEP][PASSED] - amount = findTestData(dataFile).getValue("Amount", row): null

2024-05-16 01:01:21 - [TEST_STEP][PASSED] - acNumber = findTestData(dataFile).getValue("AcNumber", row): null

2024-05-16 01:01:22 - [TEST_STEP][PASSED] - rtn = findTestData(dataFile).getValue("RTN", row): null

2024-05-16 01:01:22 - [TEST_STEP][PASSED] - openBrowser(VLinkURL + "ACH_credit.html"): Browser is opened with url: 'https://dev-algorithm.govolution.com/vlinktest/QA2/version_2_0/ACH_credit.html'

2024-05-16 01:01:22 - [MESSAGE][WARNING] - A browser is already opened. Closing browser and opening a new one

2024-05-16 01:01:23 - [MESSAGE][INFO] - Starting 'Chrome' driver

2024-05-16 01:01:23 - [MESSAGE][INFO] - User set preference: ['acceptInsecureCerts', 'true']

2024-05-16 01:01:23 - [MESSAGE][INFO] - Action delay is set to 0 milliseconds

2024-05-16 01:01:25 - [MESSAGE][PASSED] - Browser is opened with url: 'https://dev-algorithm.govolution.com/vlinktest/QA2/version_2_0/ACH_credit.html'

2024-05-16 01:01:25 - [TEST_STEP][PASSED] - maximizeWindow(): Current window maximized

2024-05-16 01:01:25 - [MESSAGE][PASSED] - Current window maximized

2024-05-16 01:01:25 - [TEST_STEP][PASSED] - setText(findTestObject("Object Repository/RecAndPlayBk/Page-Vlink-ACH-Credit/input_Transaction Type"), tranType): Text '200' is set on object 'Object Repository/RecAndPlayBk/Page-Vlink-ACH-Credit/input_Transaction Type'

2024-05-16 01:01:26 - [MESSAGE][PASSED] - Text '200' is set on object 'Object Repository/RecAndPlayBk/Page-Vlink-ACH-Credit/input_Transaction Type'

2024-05-16 01:01:26 - [TEST_STEP][PASSED] - setText(findTestObject("Object Repository/RecAndPlayBk/Page-Vlink-ACH-Credit/input_Message Version"), mv): Text '2.0A' is set on object 'Object Repository/RecAndPlayBk/Page-Vlink-ACH-Credit/input_Message Version'

2024-05-16 01:01:27 - [MESSAGE][PASSED] - Text '2.0A' is set on object 'Object Repository/RecAndPlayBk/Page-Vlink-ACH-Credit/input_Message Version'

2024-05-16 01:01:27 - [TEST_STEP][PASSED] - genRemID = RandomStringUtils.random(12, true, true): null

2024-05-16 01:01:27 - [TEST_STEP][PASSED] - setText(findTestObject("Object Repository/RecAndPlayBk/Page-Vlink-ACH-Credit/input_Remittance Id"), genRemID): Text 'v661P6z8GdDp' is set on object 'Object Repository/RecAndPlayBk/Page-Vlink-ACH-Credit/input_Remittance Id'

2024-05-16 01:01:28 - [MESSAGE][PASSED] - Text 'v661P6z8GdDp' is set on object 'Object Repository/RecAndPlayBk/Page-Vlink-ACH-Credit/input_Remittance Id'

2024-05-16 01:01:28 - [TEST_STEP][PASSED] - setText(findTestObject("Object Repository/RecAndPlayBk/Page-Vlink-ACH-Credit/input_Application Id"), appID): Text '234' is set on object 'Object Repository/RecAndPlayBk/Page-Vlink-ACH-Credit/input_Application Id'

2024-05-16 01:01:28 - [MESSAGE][PASSED] - Text '234' is set on object 'Object Repository/RecAndPlayBk/Page-Vlink-ACH-Credit/input_Application Id'

2024-05-16 01:01:28 - [TEST_STEP][PASSED] - setText(findTestObject("Object Repository/RecAndPlayBk/Page-Vlink-ACH-Credit/input_Username"), username): Text 'username' is set on object 'Object Repository/RecAndPlayBk/Page-Vlink-ACH-Credit/input_Username'

2024-05-16 01:01:29 - [MESSAGE][PASSED] - Text 'username' is set on object 'Object Repository/RecAndPlayBk/Page-Vlink-ACH-Credit/input_Username'

2024-05-16 01:01:29 - [TEST_STEP][PASSED] - setText(findTestObject("Object Repository/RecAndPlayBk/Page-Vlink-ACH-Credit/input_Password"), password): Text 'password' is set on object 'Object Repository/RecAndPlayBk/Page-Vlink-ACH-Credit/input_Password'

2024-05-16 01:01:29 - [MESSAGE][PASSED] - Text 'password' is set on object 'Object Repository/RecAndPlayBk/Page-Vlink-ACH-Credit/input_Password'

2024-05-16 01:01:29 - [TEST_STEP][PASSED] - setText(findTestObject("Object Repository/RecAndPlayBk/Page-Vlink-ACH-Credit/input_Response Format"), resFormat): Text 'fixed_width' is set on object 'Object Repository/RecAndPlayBk/Page-Vlink-ACH-Credit/input_Response Format'

2024-05-16 01:01:30 - [MESSAGE][PASSED] - Text 'fixed_width' is set on object 'Object Repository/RecAndPlayBk/Page-Vlink-ACH-Credit/input_Response Format'

2024-05-16 01:01:30 - [TEST_STEP][PASSED] - setText(findTestObject("Object Repository/RecAndPlayBk/Page-Vlink-ACH-Credit/input_Check Type"), checkType): Text 'P' is set on object 'Object Repository/RecAndPlayBk/Page-Vlink-ACH-Credit/input_Check Type'

2024-05-16 01:01:31 - [MESSAGE][PASSED] - Text 'P' is set on object 'Object Repository/RecAndPlayBk/Page-Vlink-ACH-Credit/input_Check Type'

2024-05-16 01:01:31 - [TEST_STEP][PASSED] - setText(findTestObject("Object Repository/RecAndPlayBk/Page-Vlink-ACH-Credit/input_Transaction ID"), tranID): Text '' is set on object 'Object Repository/RecAndPlayBk/Page-Vlink-ACH-Credit/input_Transaction ID'

2024-05-16 01:01:31 - [MESSAGE][PASSED] - Text '' is set on object 'Object Repository/RecAndPlayBk/Page-Vlink-ACH-Credit/input_Transaction ID'

2024-05-16 01:01:31 - [TEST_STEP][PASSED] - setText(findTestObject("Object Repository/RecAndPlayBk/Page-Vlink-ACH-Credit/input_Amount"), amount): Text '12.50' is set on object 'Object Repository/RecAndPlayBk/Page-Vlink-ACH-Credit/input_Amount'

2024-05-16 01:01:32 - [MESSAGE][PASSED] - Text '12.50' is set on object 'Object Repository/RecAndPlayBk/Page-Vlink-ACH-Credit/input_Amount'

2024-05-16 01:01:32 - [TEST_STEP][PASSED] - setText(findTestObject("Object Repository/RecAndPlayBk/Page-Vlink-ACH-Credit/input_Standard Entry Class"), sec): Text 'WEB' is set on object 'Object Repository/RecAndPlayBk/Page-Vlink-ACH-Credit/input_Standard Entry Class'

2024-05-16 01:01:33 - [MESSAGE][PASSED] - Text 'WEB' is set on object 'Object Repository/RecAndPlayBk/Page-Vlink-ACH-Credit/input_Standard Entry Class'

2024-05-16 01:01:33 - [TEST_STEP][PASSED] - setText(findTestObject("Object Repository/RecAndPlayBk/Page-Vlink-ACH-Credit/input_Account Number"), acNumber): Text '12345678' is set on object 'Object Repository/RecAndPlayBk/Page-Vlink-ACH-Credit/input_Account Number'

2024-05-16 01:01:33 - [MESSAGE][PASSED] - Text '12345678' is set on object 'Object Repository/RecAndPlayBk/Page-Vlink-ACH-Credit/input_Account Number'

2024-05-16 01:01:33 - [TEST_STEP][PASSED] - setText(findTestObject("Object Repository/RecAndPlayBk/Page-Vlink-ACH-Credit/input_Routing Number"), rtn): Text '256072691' is set on object 'Object Repository/RecAndPlayBk/Page-Vlink-ACH-Credit/input_Routing Number'

2024-05-16 01:01:34 - [MESSAGE][PASSED] - Text '256072691' is set on object 'Object Repository/RecAndPlayBk/Page-Vlink-ACH-Credit/input_Routing Number'

2024-05-16 01:01:34 - [TEST_STEP][PASSED] - click(findTestObject("Object Repository/RecAndPlayBk/Page-Vlink-ACH-Credit/input")): Object: 'Object Repository/RecAndPlayBk/Page-Vlink-ACH-Credit/input' is clicked on

2024-05-16 01:01:35 - [MESSAGE][PASSED] - Object: 'Object Repository/RecAndPlayBk/Page-Vlink-ACH-Credit/input' is clicked on

2024-05-16 01:01:35 - [TEST_STEP][PASSED] - if (verifyTextPresent(errorMsg, true)): null

2024-05-16 01:01:35 - [MESSAGE][PASSED] - Text 'check_first_name, check_last_name, check_address, check_city, check_state, che' is present on page  using regular expression

2024-05-16 01:01:35 - [TEST_STEP][PASSED] - println("Error Message is present on the Confirmation page"): null

2024-05-16 01:01:35 - [TEST_STEP][PASSED] - out.println("Pass Record Number: " + row): null

2024-05-16 01:01:35 - [TEST_STEP][PASSED] - resText = "Pass": null

2024-05-16 01:01:35 - [TEST_STEP][PASSED] - pages.WriteExcel.demoKey(resText, datText, resColumn, datCloumn, fileLoc, nameSheet, row): pages.WriteExcel.demoKey is PASSED

2024-05-16 01:01:35 - [MESSAGE][PASSED] - pages.WriteExcel.demoKey is PASSED

2024-05-16 01:01:35 - [TEST_STEP][PASSED] - ExecuteTC = findTestData(dataFile).getValue("Execute", row): null

2024-05-16 01:01:35 - [TEST_STEP][PASSED] - out.println("Value of Execute is : " + ExecuteTC): null

2024-05-16 01:01:35 - [TEST_STEP][PASSED] - if (ExecuteTC.equalsIgnoreCase("Y")): null

2024-05-16 01:01:35 - [TEST_STEP][PASSED] - out.println("Begin Record Number: " + row): null

2024-05-16 01:01:35 - [TEST_STEP][PASSED] - today = new java.util.Date(): null

2024-05-16 01:01:35 - [TEST_STEP][PASSED] - println(today): null

2024-05-16 01:01:35 - [TEST_STEP][PASSED] - datText = today: null

2024-05-16 01:01:35 - [TEST_STEP][PASSED] - appID = findTestData(dataFile).getValue("AppID", row): null

2024-05-16 01:01:35 - [TEST_STEP][PASSED] - username = findTestData(dataFile).getValue("Username", row): null

2024-05-16 01:01:35 - [TEST_STEP][PASSED] - password = findTestData(dataFile).getValue("Password", row): null

2024-05-16 01:01:35 - [TEST_STEP][PASSED] - errorMsg = findTestData(dataFile).getValue("ErrorMsg", row): null

2024-05-16 01:01:36 - [TEST_STEP][PASSED] - tranType = findTestData(dataFile).getValue("TranType", row): null

2024-05-16 01:01:36 - [TEST_STEP][PASSED] - mv = findTestData(dataFile).getValue("MV", row): null

2024-05-16 01:01:36 - [TEST_STEP][PASSED] - resFormat = findTestData(dataFile).getValue("ResFormat", row): null

2024-05-16 01:01:36 - [TEST_STEP][PASSED] - checkType = findTestData(dataFile).getValue("CheckType", row): null

2024-05-16 01:01:36 - [TEST_STEP][PASSED] - sec = findTestData(dataFile).getValue("SEC", row): null

2024-05-16 01:01:36 - [TEST_STEP][PASSED] - tranID = findTestData(dataFile).getValue("TranxID", row): null

2024-05-16 01:01:36 - [TEST_STEP][PASSED] - amount = findTestData(dataFile).getValue("Amount", row): null

2024-05-16 01:01:36 - [TEST_STEP][PASSED] - acNumber = findTestData(dataFile).getValue("AcNumber", row): null

2024-05-16 01:01:36 - [TEST_STEP][PASSED] - rtn = findTestData(dataFile).getValue("RTN", row): null

2024-05-16 01:01:36 - [TEST_STEP][PASSED] - openBrowser(VLinkURL + "ACH_credit.html"): Browser is opened with url: 'https://dev-algorithm.govolution.com/vlinktest/QA2/version_2_0/ACH_credit.html'

2024-05-16 01:01:36 - [MESSAGE][WARNING] - A browser is already opened. Closing browser and opening a new one

2024-05-16 01:01:38 - [MESSAGE][INFO] - Starting 'Chrome' driver

2024-05-16 01:01:38 - [MESSAGE][INFO] - User set preference: ['acceptInsecureCerts', 'true']

2024-05-16 01:01:38 - [MESSAGE][INFO] - Action delay is set to 0 milliseconds

2024-05-16 01:01:40 - [MESSAGE][PASSED] - Browser is opened with url: 'https://dev-algorithm.govolution.com/vlinktest/QA2/version_2_0/ACH_credit.html'

2024-05-16 01:01:40 - [TEST_STEP][PASSED] - maximizeWindow(): Current window maximized

2024-05-16 01:01:40 - [MESSAGE][PASSED] - Current window maximized

2024-05-16 01:01:40 - [TEST_STEP][PASSED] - setText(findTestObject("Object Repository/RecAndPlayBk/Page-Vlink-ACH-Credit/input_Transaction Type"), tranType): Text '200' is set on object 'Object Repository/RecAndPlayBk/Page-Vlink-ACH-Credit/input_Transaction Type'

2024-05-16 01:01:41 - [MESSAGE][PASSED] - Text '200' is set on object 'Object Repository/RecAndPlayBk/Page-Vlink-ACH-Credit/input_Transaction Type'

2024-05-16 01:01:41 - [TEST_STEP][PASSED] - setText(findTestObject("Object Repository/RecAndPlayBk/Page-Vlink-ACH-Credit/input_Message Version"), mv): Text '2.0A' is set on object 'Object Repository/RecAndPlayBk/Page-Vlink-ACH-Credit/input_Message Version'

2024-05-16 01:01:41 - [MESSAGE][PASSED] - Text '2.0A' is set on object 'Object Repository/RecAndPlayBk/Page-Vlink-ACH-Credit/input_Message Version'

2024-05-16 01:01:41 - [TEST_STEP][PASSED] - genRemID = RandomStringUtils.random(12, true, true): null

2024-05-16 01:01:41 - [TEST_STEP][PASSED] - setText(findTestObject("Object Repository/RecAndPlayBk/Page-Vlink-ACH-Credit/input_Remittance Id"), genRemID): Text '0D5Xh5DqxM6O' is set on object 'Object Repository/RecAndPlayBk/Page-Vlink-ACH-Credit/input_Remittance Id'

2024-05-16 01:01:42 - [MESSAGE][PASSED] - Text '0D5Xh5DqxM6O' is set on object 'Object Repository/RecAndPlayBk/Page-Vlink-ACH-Credit/input_Remittance Id'

2024-05-16 01:01:42 - [TEST_STEP][PASSED] - setText(findTestObject("Object Repository/RecAndPlayBk/Page-Vlink-ACH-Credit/input_Application Id"), appID): Text '234' is set on object 'Object Repository/RecAndPlayBk/Page-Vlink-ACH-Credit/input_Application Id'

2024-05-16 01:01:43 - [MESSAGE][PASSED] - Text '234' is set on object 'Object Repository/RecAndPlayBk/Page-Vlink-ACH-Credit/input_Application Id'

2024-05-16 01:01:43 - [TEST_STEP][PASSED] - setText(findTestObject("Object Repository/RecAndPlayBk/Page-Vlink-ACH-Credit/input_Username"), username): Text 'username' is set on object 'Object Repository/RecAndPlayBk/Page-Vlink-ACH-Credit/input_Username'

2024-05-16 01:01:43 - [MESSAGE][PASSED] - Text 'username' is set on object 'Object Repository/RecAndPlayBk/Page-Vlink-ACH-Credit/input_Username'

2024-05-16 01:01:43 - [TEST_STEP][PASSED] - setText(findTestObject("Object Repository/RecAndPlayBk/Page-Vlink-ACH-Credit/input_Password"), password): Text 'password' is set on object 'Object Repository/RecAndPlayBk/Page-Vlink-ACH-Credit/input_Password'

2024-05-16 01:01:44 - [MESSAGE][PASSED] - Text 'password' is set on object 'Object Repository/RecAndPlayBk/Page-Vlink-ACH-Credit/input_Password'

2024-05-16 01:01:44 - [TEST_STEP][PASSED] - setText(findTestObject("Object Repository/RecAndPlayBk/Page-Vlink-ACH-Credit/input_Response Format"), resFormat): Text 'fixed_width' is set on object 'Object Repository/RecAndPlayBk/Page-Vlink-ACH-Credit/input_Response Format'

2024-05-16 01:01:45 - [MESSAGE][PASSED] - Text 'fixed_width' is set on object 'Object Repository/RecAndPlayBk/Page-Vlink-ACH-Credit/input_Response Format'

2024-05-16 01:01:45 - [TEST_STEP][PASSED] - setText(findTestObject("Object Repository/RecAndPlayBk/Page-Vlink-ACH-Credit/input_Check Type"), checkType): Text 'P' is set on object 'Object Repository/RecAndPlayBk/Page-Vlink-ACH-Credit/input_Check Type'

2024-05-16 01:01:45 - [MESSAGE][PASSED] - Text 'P' is set on object 'Object Repository/RecAndPlayBk/Page-Vlink-ACH-Credit/input_Check Type'

2024-05-16 01:01:45 - [TEST_STEP][PASSED] - setText(findTestObject("Object Repository/RecAndPlayBk/Page-Vlink-ACH-Credit/input_Transaction ID"), tranID): Text '12124566' is set on object 'Object Repository/RecAndPlayBk/Page-Vlink-ACH-Credit/input_Transaction ID'

2024-05-16 01:01:46 - [MESSAGE][PASSED] - Text '12124566' is set on object 'Object Repository/RecAndPlayBk/Page-Vlink-ACH-Credit/input_Transaction ID'

2024-05-16 01:01:46 - [TEST_STEP][PASSED] - setText(findTestObject("Object Repository/RecAndPlayBk/Page-Vlink-ACH-Credit/input_Amount"), amount): Text '12.50' is set on object 'Object Repository/RecAndPlayBk/Page-Vlink-ACH-Credit/input_Amount'

2024-05-16 01:01:47 - [MESSAGE][PASSED] - Text '12.50' is set on object 'Object Repository/RecAndPlayBk/Page-Vlink-ACH-Credit/input_Amount'

2024-05-16 01:01:47 - [TEST_STEP][PASSED] - setText(findTestObject("Object Repository/RecAndPlayBk/Page-Vlink-ACH-Credit/input_Standard Entry Class"), sec): Text 'WEB' is set on object 'Object Repository/RecAndPlayBk/Page-Vlink-ACH-Credit/input_Standard Entry Class'

2024-05-16 01:01:47 - [MESSAGE][PASSED] - Text 'WEB' is set on object 'Object Repository/RecAndPlayBk/Page-Vlink-ACH-Credit/input_Standard Entry Class'

2024-05-16 01:01:47 - [TEST_STEP][PASSED] - setText(findTestObject("Object Repository/RecAndPlayBk/Page-Vlink-ACH-Credit/input_Account Number"), acNumber): Text '' is set on object 'Object Repository/RecAndPlayBk/Page-Vlink-ACH-Credit/input_Account Number'

2024-05-16 01:01:48 - [MESSAGE][PASSED] - Text '' is set on object 'Object Repository/RecAndPlayBk/Page-Vlink-ACH-Credit/input_Account Number'

2024-05-16 01:01:48 - [TEST_STEP][PASSED] - setText(findTestObject("Object Repository/RecAndPlayBk/Page-Vlink-ACH-Credit/input_Routing Number"), rtn): Text '256072691' is set on object 'Object Repository/RecAndPlayBk/Page-Vlink-ACH-Credit/input_Routing Number'

2024-05-16 01:01:48 - [MESSAGE][PASSED] - Text '256072691' is set on object 'Object Repository/RecAndPlayBk/Page-Vlink-ACH-Credit/input_Routing Number'

2024-05-16 01:01:48 - [TEST_STEP][PASSED] - click(findTestObject("Object Repository/RecAndPlayBk/Page-Vlink-ACH-Credit/input")): Object: 'Object Repository/RecAndPlayBk/Page-Vlink-ACH-Credit/input' is clicked on

2024-05-16 01:01:49 - [MESSAGE][PASSED] - Object: 'Object Repository/RecAndPlayBk/Page-Vlink-ACH-Credit/input' is clicked on

2024-05-16 01:01:49 - [TEST_STEP][PASSED] - if (verifyTextPresent(errorMsg, true)): null

2024-05-16 01:01:49 - [MESSAGE][PASSED] - Text 'check_first_name, check_last_name, check_address, check_city, check_state, che' is present on page  using regular expression

2024-05-16 01:01:49 - [TEST_STEP][PASSED] - println("Error Message is present on the Confirmation page"): null

2024-05-16 01:01:49 - [TEST_STEP][PASSED] - out.println("Pass Record Number: " + row): null

2024-05-16 01:01:49 - [TEST_STEP][PASSED] - resText = "Pass": null

2024-05-16 01:01:49 - [TEST_STEP][PASSED] - pages.WriteExcel.demoKey(resText, datText, resColumn, datCloumn, fileLoc, nameSheet, row): pages.WriteExcel.demoKey is PASSED

2024-05-16 01:01:50 - [MESSAGE][PASSED] - pages.WriteExcel.demoKey is PASSED

2024-05-16 01:01:50 - [TEST_STEP][PASSED] - ExecuteTC = findTestData(dataFile).getValue("Execute", row): null

2024-05-16 01:01:50 - [TEST_STEP][PASSED] - out.println("Value of Execute is : " + ExecuteTC): null

2024-05-16 01:01:50 - [TEST_STEP][PASSED] - if (ExecuteTC.equalsIgnoreCase("Y")): null

2024-05-16 01:01:50 - [TEST_STEP][PASSED] - out.println("Begin Record Number: " + row): null

2024-05-16 01:01:50 - [TEST_STEP][PASSED] - today = new java.util.Date(): null

2024-05-16 01:01:50 - [TEST_STEP][PASSED] - println(today): null

2024-05-16 01:01:50 - [TEST_STEP][PASSED] - datText = today: null

2024-05-16 01:01:50 - [TEST_STEP][PASSED] - appID = findTestData(dataFile).getValue("AppID", row): null

2024-05-16 01:01:50 - [TEST_STEP][PASSED] - username = findTestData(dataFile).getValue("Username", row): null

2024-05-16 01:01:50 - [TEST_STEP][PASSED] - password = findTestData(dataFile).getValue("Password", row): null

2024-05-16 01:01:50 - [TEST_STEP][PASSED] - errorMsg = findTestData(dataFile).getValue("ErrorMsg", row): null

2024-05-16 01:01:50 - [TEST_STEP][PASSED] - tranType = findTestData(dataFile).getValue("TranType", row): null

2024-05-16 01:01:50 - [TEST_STEP][PASSED] - mv = findTestData(dataFile).getValue("MV", row): null

2024-05-16 01:01:50 - [TEST_STEP][PASSED] - resFormat = findTestData(dataFile).getValue("ResFormat", row): null

2024-05-16 01:01:50 - [TEST_STEP][PASSED] - checkType = findTestData(dataFile).getValue("CheckType", row): null

2024-05-16 01:01:51 - [TEST_STEP][PASSED] - sec = findTestData(dataFile).getValue("SEC", row): null

2024-05-16 01:01:51 - [TEST_STEP][PASSED] - tranID = findTestData(dataFile).getValue("TranxID", row): null

2024-05-16 01:01:51 - [TEST_STEP][PASSED] - amount = findTestData(dataFile).getValue("Amount", row): null

2024-05-16 01:01:51 - [TEST_STEP][PASSED] - acNumber = findTestData(dataFile).getValue("AcNumber", row): null

2024-05-16 01:01:51 - [TEST_STEP][PASSED] - rtn = findTestData(dataFile).getValue("RTN", row): null

2024-05-16 01:01:51 - [TEST_STEP][PASSED] - openBrowser(VLinkURL + "ACH_credit.html"): Browser is opened with url: 'https://dev-algorithm.govolution.com/vlinktest/QA2/version_2_0/ACH_credit.html'

2024-05-16 01:01:51 - [MESSAGE][WARNING] - A browser is already opened. Closing browser and opening a new one

2024-05-16 01:01:52 - [MESSAGE][INFO] - Starting 'Chrome' driver

2024-05-16 01:01:52 - [MESSAGE][INFO] - User set preference: ['acceptInsecureCerts', 'true']

2024-05-16 01:01:52 - [MESSAGE][INFO] - Action delay is set to 0 milliseconds

2024-05-16 01:01:54 - [MESSAGE][PASSED] - Browser is opened with url: 'https://dev-algorithm.govolution.com/vlinktest/QA2/version_2_0/ACH_credit.html'

2024-05-16 01:01:54 - [TEST_STEP][PASSED] - maximizeWindow(): Current window maximized

2024-05-16 01:01:55 - [MESSAGE][PASSED] - Current window maximized

2024-05-16 01:01:55 - [TEST_STEP][PASSED] - setText(findTestObject("Object Repository/RecAndPlayBk/Page-Vlink-ACH-Credit/input_Transaction Type"), tranType): Text '200' is set on object 'Object Repository/RecAndPlayBk/Page-Vlink-ACH-Credit/input_Transaction Type'

2024-05-16 01:01:55 - [MESSAGE][PASSED] - Text '200' is set on object 'Object Repository/RecAndPlayBk/Page-Vlink-ACH-Credit/input_Transaction Type'

2024-05-16 01:01:55 - [TEST_STEP][PASSED] - setText(findTestObject("Object Repository/RecAndPlayBk/Page-Vlink-ACH-Credit/input_Message Version"), mv): Text '2.0A' is set on object 'Object Repository/RecAndPlayBk/Page-Vlink-ACH-Credit/input_Message Version'

2024-05-16 01:01:56 - [MESSAGE][PASSED] - Text '2.0A' is set on object 'Object Repository/RecAndPlayBk/Page-Vlink-ACH-Credit/input_Message Version'

2024-05-16 01:01:56 - [TEST_STEP][PASSED] - genRemID = RandomStringUtils.random(12, true, true): null

2024-05-16 01:01:56 - [TEST_STEP][PASSED] - setText(findTestObject("Object Repository/RecAndPlayBk/Page-Vlink-ACH-Credit/input_Remittance Id"), genRemID): Text 'GWLD5wrGoN3r' is set on object 'Object Repository/RecAndPlayBk/Page-Vlink-ACH-Credit/input_Remittance Id'

2024-05-16 01:01:57 - [MESSAGE][PASSED] - Text 'GWLD5wrGoN3r' is set on object 'Object Repository/RecAndPlayBk/Page-Vlink-ACH-Credit/input_Remittance Id'

2024-05-16 01:01:57 - [TEST_STEP][PASSED] - setText(findTestObject("Object Repository/RecAndPlayBk/Page-Vlink-ACH-Credit/input_Application Id"), appID): Text '234' is set on object 'Object Repository/RecAndPlayBk/Page-Vlink-ACH-Credit/input_Application Id'

2024-05-16 01:01:57 - [MESSAGE][PASSED] - Text '234' is set on object 'Object Repository/RecAndPlayBk/Page-Vlink-ACH-Credit/input_Application Id'

2024-05-16 01:01:57 - [TEST_STEP][PASSED] - setText(findTestObject("Object Repository/RecAndPlayBk/Page-Vlink-ACH-Credit/input_Username"), username): Text 'username' is set on object 'Object Repository/RecAndPlayBk/Page-Vlink-ACH-Credit/input_Username'

2024-05-16 01:01:58 - [MESSAGE][PASSED] - Text 'username' is set on object 'Object Repository/RecAndPlayBk/Page-Vlink-ACH-Credit/input_Username'

2024-05-16 01:01:58 - [TEST_STEP][PASSED] - setText(findTestObject("Object Repository/RecAndPlayBk/Page-Vlink-ACH-Credit/input_Password"), password): Text 'password' is set on object 'Object Repository/RecAndPlayBk/Page-Vlink-ACH-Credit/input_Password'

2024-05-16 01:01:58 - [MESSAGE][PASSED] - Text 'password' is set on object 'Object Repository/RecAndPlayBk/Page-Vlink-ACH-Credit/input_Password'

2024-05-16 01:01:58 - [TEST_STEP][PASSED] - setText(findTestObject("Object Repository/RecAndPlayBk/Page-Vlink-ACH-Credit/input_Response Format"), resFormat): Text 'fixed_width' is set on object 'Object Repository/RecAndPlayBk/Page-Vlink-ACH-Credit/input_Response Format'

2024-05-16 01:01:59 - [MESSAGE][PASSED] - Text 'fixed_width' is set on object 'Object Repository/RecAndPlayBk/Page-Vlink-ACH-Credit/input_Response Format'

2024-05-16 01:01:59 - [TEST_STEP][PASSED] - setText(findTestObject("Object Repository/RecAndPlayBk/Page-Vlink-ACH-Credit/input_Check Type"), checkType): Text 'P' is set on object 'Object Repository/RecAndPlayBk/Page-Vlink-ACH-Credit/input_Check Type'

2024-05-16 01:02:00 - [MESSAGE][PASSED] - Text 'P' is set on object 'Object Repository/RecAndPlayBk/Page-Vlink-ACH-Credit/input_Check Type'

2024-05-16 01:02:00 - [TEST_STEP][PASSED] - setText(findTestObject("Object Repository/RecAndPlayBk/Page-Vlink-ACH-Credit/input_Transaction ID"), tranID): Text '12124566' is set on object 'Object Repository/RecAndPlayBk/Page-Vlink-ACH-Credit/input_Transaction ID'

2024-05-16 01:02:00 - [MESSAGE][PASSED] - Text '12124566' is set on object 'Object Repository/RecAndPlayBk/Page-Vlink-ACH-Credit/input_Transaction ID'

2024-05-16 01:02:00 - [TEST_STEP][PASSED] - setText(findTestObject("Object Repository/RecAndPlayBk/Page-Vlink-ACH-Credit/input_Amount"), amount): Text '12.50' is set on object 'Object Repository/RecAndPlayBk/Page-Vlink-ACH-Credit/input_Amount'

2024-05-16 01:02:01 - [MESSAGE][PASSED] - Text '12.50' is set on object 'Object Repository/RecAndPlayBk/Page-Vlink-ACH-Credit/input_Amount'

2024-05-16 01:02:01 - [TEST_STEP][PASSED] - setText(findTestObject("Object Repository/RecAndPlayBk/Page-Vlink-ACH-Credit/input_Standard Entry Class"), sec): Text 'WEB' is set on object 'Object Repository/RecAndPlayBk/Page-Vlink-ACH-Credit/input_Standard Entry Class'

2024-05-16 01:02:02 - [MESSAGE][PASSED] - Text 'WEB' is set on object 'Object Repository/RecAndPlayBk/Page-Vlink-ACH-Credit/input_Standard Entry Class'

2024-05-16 01:02:02 - [TEST_STEP][PASSED] - setText(findTestObject("Object Repository/RecAndPlayBk/Page-Vlink-ACH-Credit/input_Account Number"), acNumber): Text '12345678' is set on object 'Object Repository/RecAndPlayBk/Page-Vlink-ACH-Credit/input_Account Number'

2024-05-16 01:02:02 - [MESSAGE][PASSED] - Text '12345678' is set on object 'Object Repository/RecAndPlayBk/Page-Vlink-ACH-Credit/input_Account Number'

2024-05-16 01:02:02 - [TEST_STEP][PASSED] - setText(findTestObject("Object Repository/RecAndPlayBk/Page-Vlink-ACH-Credit/input_Routing Number"), rtn): Text '' is set on object 'Object Repository/RecAndPlayBk/Page-Vlink-ACH-Credit/input_Routing Number'

2024-05-16 01:02:03 - [MESSAGE][PASSED] - Text '' is set on object 'Object Repository/RecAndPlayBk/Page-Vlink-ACH-Credit/input_Routing Number'

2024-05-16 01:02:03 - [TEST_STEP][PASSED] - click(findTestObject("Object Repository/RecAndPlayBk/Page-Vlink-ACH-Credit/input")): Object: 'Object Repository/RecAndPlayBk/Page-Vlink-ACH-Credit/input' is clicked on

2024-05-16 01:02:04 - [MESSAGE][PASSED] - Object: 'Object Repository/RecAndPlayBk/Page-Vlink-ACH-Credit/input' is clicked on

2024-05-16 01:02:04 - [TEST_STEP][PASSED] - if (verifyTextPresent(errorMsg, true)): null

2024-05-16 01:02:04 - [MESSAGE][PASSED] - Text 'check_first_name, check_last_name, check_address, check_city, check_state, che' is present on page  using regular expression

2024-05-16 01:02:04 - [TEST_STEP][PASSED] - println("Error Message is present on the Confirmation page"): null

2024-05-16 01:02:04 - [TEST_STEP][PASSED] - out.println("Pass Record Number: " + row): null

2024-05-16 01:02:04 - [TEST_STEP][PASSED] - resText = "Pass": null

2024-05-16 01:02:04 - [TEST_STEP][PASSED] - pages.WriteExcel.demoKey(resText, datText, resColumn, datCloumn, fileLoc, nameSheet, row): pages.WriteExcel.demoKey is PASSED

2024-05-16 01:02:04 - [MESSAGE][PASSED] - pages.WriteExcel.demoKey is PASSED]]></system-out>
         <system-err><![CDATA[]]></system-err>
      </testcase>
      <testcase name="Test Cases/RecAndPlayBk/VLink/Debit-Credit-RemID-Pipe" time="190.819" classname="Test Cases/RecAndPlayBk/VLink/Debit-Credit-RemID-Pipe" status="PASSED">
         <system-out><![CDATA[2024-05-16 01:02:04 - [TEST_CASE][PASSED] - Test Cases/RecAndPlayBk/VLink/Debit-Credit-RemID-Pipe: Test Cases/RecAndPlayBk/VLink/Debit-Credit-RemID-Pipe

2024-05-16 01:02:05 - [TEST_STEP][PASSED] - executionProfile = getExecutionProfile(): null

2024-05-16 01:02:05 - [TEST_STEP][PASSED] - out.println("executionProfile : " + executionProfile): null

2024-05-16 01:02:05 - [TEST_STEP][PASSED] - resText = "Fail": null

2024-05-16 01:02:05 - [TEST_STEP][PASSED] - resColumn = "Result": null

2024-05-16 01:02:05 - [TEST_STEP][PASSED] - datCloumn = "Date": null

2024-05-16 01:02:05 - [TEST_STEP][PASSED] - fileLoc = "KatalonData/VLinkSmokeDataACH.xlsx": null

2024-05-16 01:02:05 - [TEST_STEP][PASSED] - numOfRows = <not implemented yet for class: org.codehaus.groovy.ast.expr.EmptyExpression>: null

2024-05-16 01:02:05 - [TEST_STEP][PASSED] - dataFile = <not implemented yet for class: org.codehaus.groovy.ast.expr.EmptyExpression>: null

2024-05-16 01:02:05 - [TEST_STEP][PASSED] - nameSheet = <not implemented yet for class: org.codehaus.groovy.ast.expr.EmptyExpression>: null

2024-05-16 01:02:05 - [TEST_STEP][PASSED] - nameSheet = "DebitCredit-RemID-Pipe": null

2024-05-16 01:02:05 - [TEST_STEP][PASSED] - numOfRows = findTestData("QA/VLinkTestData/VLinkDebitCreditRemIDPipeData").getRowNumbers(): null

2024-05-16 01:02:05 - [TEST_STEP][PASSED] - println("Number of Records: " + numOfRows): null

2024-05-16 01:02:05 - [TEST_STEP][PASSED] - dataFile = "QA/VLinkTestData/VLinkDebitCreditRemIDPipeData": null

2024-05-16 01:02:05 - [TEST_STEP][PASSED] - for ([row = 1, row <= numOfRows, (row++)]): null

2024-05-16 01:02:05 - [TEST_STEP][PASSED] - ExecuteTC = findTestData(dataFile).getValue("Execute", row): null

2024-05-16 01:02:05 - [TEST_STEP][PASSED] - out.println("Value of Execute is : " + ExecuteTC): null

2024-05-16 01:02:05 - [TEST_STEP][PASSED] - switch (executionProfile): null

2024-05-16 01:02:05 - [TEST_STEP][PASSED] - case "QA2Profile":: null

2024-05-16 01:02:05 - [TEST_STEP][PASSED] - appID = findTestData(dataFile).getValue("AppIDQA", row): null

2024-05-16 01:02:05 - [TEST_STEP][PASSED] - username = findTestData(dataFile).getValue("UsernameQA", row): null

2024-05-16 01:02:05 - [TEST_STEP][PASSED] - password = findTestData(dataFile).getValue("PasswordQA", row): null

2024-05-16 01:02:05 - [TEST_STEP][PASSED] - break: null

2024-05-16 01:02:05 - [TEST_STEP][PASSED] - if (ExecuteTC.equalsIgnoreCase("Y")): null

2024-05-16 01:02:05 - [TEST_STEP][PASSED] - out.println("Begin Record Number: " + row): null

2024-05-16 01:02:05 - [TEST_STEP][PASSED] - today = new java.util.Date(): null

2024-05-16 01:02:05 - [TEST_STEP][PASSED] - println(today): null

2024-05-16 01:02:05 - [TEST_STEP][PASSED] - datText = today: null

2024-05-16 01:02:05 - [TEST_STEP][PASSED] - checkType = findTestData(dataFile).getValue("CheckType", row): null

2024-05-16 01:02:05 - [TEST_STEP][PASSED] - acNumber = findTestData(dataFile).getValue("AcNumber", row): null

2024-05-16 01:02:06 - [TEST_STEP][PASSED] - company = findTestData(dataFile).getValue("Company", row): null

2024-05-16 01:02:06 - [TEST_STEP][PASSED] - acType = findTestData(dataFile).getValue("AcType", row): null

2024-05-16 01:02:06 - [TEST_STEP][PASSED] - rtn = findTestData(dataFile).getValue("RTN", row): null

2024-05-16 01:02:06 - [TEST_STEP][PASSED] - amount = findTestData(dataFile).getValue("Amount", row): null

2024-05-16 01:02:06 - [TEST_STEP][PASSED] - sec = findTestData(dataFile).getValue("SEC", row): null

2024-05-16 01:02:06 - [TEST_STEP][PASSED] - openBrowser(VLinkURL + "debit.html"): Browser is opened with url: 'https://dev-algorithm.govolution.com/vlinktest/QA2/version_2_0/debit.html'

2024-05-16 01:02:06 - [MESSAGE][WARNING] - A browser is already opened. Closing browser and opening a new one

2024-05-16 01:02:07 - [MESSAGE][INFO] - Starting 'Chrome' driver

2024-05-16 01:02:07 - [MESSAGE][INFO] - User set preference: ['acceptInsecureCerts', 'true']

2024-05-16 01:02:07 - [MESSAGE][INFO] - Action delay is set to 0 milliseconds

2024-05-16 01:02:09 - [MESSAGE][PASSED] - Browser is opened with url: 'https://dev-algorithm.govolution.com/vlinktest/QA2/version_2_0/debit.html'

2024-05-16 01:02:09 - [TEST_STEP][PASSED] - maximizeWindow(): Current window maximized

2024-05-16 01:02:10 - [MESSAGE][PASSED] - Current window maximized

2024-05-16 01:02:10 - [TEST_STEP][PASSED] - genRemID1 = random() * 99999).toInteger(): null

2024-05-16 01:02:10 - [TEST_STEP][PASSED] - genRemID2 = random() * 99999).toInteger(): null

2024-05-16 01:02:10 - [TEST_STEP][PASSED] - genRemID3 = random() * 99999).toInteger(): null

2024-05-16 01:02:10 - [TEST_STEP][PASSED] - println(genRemID1): null

2024-05-16 01:02:10 - [TEST_STEP][PASSED] - println(genRemID2): null

2024-05-16 01:02:10 - [TEST_STEP][PASSED] - println(genRemID3): null

2024-05-16 01:02:10 - [TEST_STEP][PASSED] - genRemID = genRemID1 + "|" + genRemID2 + "|" + genRemID3: null

2024-05-16 01:02:10 - [TEST_STEP][PASSED] - println(genRemID): null

2024-05-16 01:02:10 - [TEST_STEP][PASSED] - setText(findTestObject("RecAndPlayBk/Page-Vlink-Debit/input_Remittance Id"), genRemID): Text '16182|78889|165' is set on object 'Object Repository/RecAndPlayBk/Page-Vlink-Debit/input_Remittance Id'

2024-05-16 01:02:10 - [MESSAGE][PASSED] - Text '16182|78889|165' is set on object 'Object Repository/RecAndPlayBk/Page-Vlink-Debit/input_Remittance Id'

2024-05-16 01:02:10 - [TEST_STEP][PASSED] - setText(findTestObject("RecAndPlayBk/Page-Vlink-Debit/input_Application Id"), appID): Text '234' is set on object 'Object Repository/RecAndPlayBk/Page-Vlink-Debit/input_Application Id'

2024-05-16 01:02:11 - [MESSAGE][PASSED] - Text '234' is set on object 'Object Repository/RecAndPlayBk/Page-Vlink-Debit/input_Application Id'

2024-05-16 01:02:11 - [TEST_STEP][PASSED] - setText(findTestObject("RecAndPlayBk/Page-Vlink-Debit/input_Username"), username): Text 'username' is set on object 'Object Repository/RecAndPlayBk/Page-Vlink-Debit/input_Username'

2024-05-16 01:02:12 - [MESSAGE][PASSED] - Text 'username' is set on object 'Object Repository/RecAndPlayBk/Page-Vlink-Debit/input_Username'

2024-05-16 01:02:12 - [TEST_STEP][PASSED] - setText(findTestObject("RecAndPlayBk/Page-Vlink-Debit/input_Password"), password): Text 'password' is set on object 'Object Repository/RecAndPlayBk/Page-Vlink-Debit/input_Password'

2024-05-16 01:02:12 - [MESSAGE][PASSED] - Text 'password' is set on object 'Object Repository/RecAndPlayBk/Page-Vlink-Debit/input_Password'

2024-05-16 01:02:12 - [TEST_STEP][PASSED] - setText(findTestObject("RecAndPlayBk/Page-Vlink-Debit/input_Check Type"), checkType): Text 'P' is set on object 'Object Repository/RecAndPlayBk/Page-Vlink-Debit/input_Check Type'

2024-05-16 01:02:13 - [MESSAGE][PASSED] - Text 'P' is set on object 'Object Repository/RecAndPlayBk/Page-Vlink-Debit/input_Check Type'

2024-05-16 01:02:13 - [TEST_STEP][PASSED] - setText(findTestObject("RecAndPlayBk/Page-Vlink-Debit/input_Account_check"), acNumber): Text '58963214' is set on object 'Object Repository/RecAndPlayBk/Page-Vlink-Debit/input_Account_check'

2024-05-16 01:02:14 - [MESSAGE][PASSED] - Text '58963214' is set on object 'Object Repository/RecAndPlayBk/Page-Vlink-Debit/input_Account_check'

2024-05-16 01:02:14 - [TEST_STEP][PASSED] - setText(findTestObject("RecAndPlayBk/Page-Vlink-Debit/input_Company_check"), company): Text '' is set on object 'Object Repository/RecAndPlayBk/Page-Vlink-Debit/input_Company_check'

2024-05-16 01:02:14 - [MESSAGE][PASSED] - Text '' is set on object 'Object Repository/RecAndPlayBk/Page-Vlink-Debit/input_Company_check'

2024-05-16 01:02:14 - [TEST_STEP][PASSED] - setText(findTestObject("RecAndPlayBk/Page-Vlink-Debit/input_Account Type"), acType): Text '1' is set on object 'Object Repository/RecAndPlayBk/Page-Vlink-Debit/input_Account Type'

2024-05-16 01:02:15 - [MESSAGE][PASSED] - Text '1' is set on object 'Object Repository/RecAndPlayBk/Page-Vlink-Debit/input_Account Type'

2024-05-16 01:02:15 - [TEST_STEP][PASSED] - setText(findTestObject("RecAndPlayBk/Page-Vlink-Debit/input_Routing Number"), rtn): Text '256072691' is set on object 'Object Repository/RecAndPlayBk/Page-Vlink-Debit/input_Routing Number'

2024-05-16 01:02:16 - [MESSAGE][PASSED] - Text '256072691' is set on object 'Object Repository/RecAndPlayBk/Page-Vlink-Debit/input_Routing Number'

2024-05-16 01:02:16 - [TEST_STEP][PASSED] - setText(findTestObject("RecAndPlayBk/Page-Vlink-Debit/input_Amount"), amount): Text '12.50' is set on object 'Object Repository/RecAndPlayBk/Page-Vlink-Debit/input_Amount'

2024-05-16 01:02:16 - [MESSAGE][PASSED] - Text '12.50' is set on object 'Object Repository/RecAndPlayBk/Page-Vlink-Debit/input_Amount'

2024-05-16 01:02:16 - [TEST_STEP][PASSED] - setText(findTestObject("RecAndPlayBk/Page-Vlink-Debit/input_Check Email"), ""): Text '' is set on object 'Object Repository/RecAndPlayBk/Page-Vlink-Debit/input_Check Email'

2024-05-16 01:02:17 - [MESSAGE][PASSED] - Text '' is set on object 'Object Repository/RecAndPlayBk/Page-Vlink-Debit/input_Check Email'

2024-05-16 01:02:17 - [TEST_STEP][PASSED] - setText(findTestObject("Object Repository/RecAndPlayBk/Page-Vlink-Debit/input_concat(CheckWriter, , s SSN)_check_ssn"), ""): Text '' is set on object 'Object Repository/RecAndPlayBk/Page-Vlink-Debit/input_concat(CheckWriter, , s SSN)_check_ssn'

2024-05-16 01:02:17 - [MESSAGE][PASSED] - Text '' is set on object 'Object Repository/RecAndPlayBk/Page-Vlink-Debit/input_concat(CheckWriter, , s SSN)_check_ssn'

2024-05-16 01:02:17 - [TEST_STEP][PASSED] - setText(findTestObject("Object Repository/RecAndPlayBk/Page-Vlink-Debit/input_concat(CheckWriter, , s License Numbe_020fef"), ""): Text '' is set on object 'Object Repository/RecAndPlayBk/Page-Vlink-Debit/input_concat(CheckWriter, , s License Numbe_020fef'

2024-05-16 01:02:18 - [MESSAGE][PASSED] - Text '' is set on object 'Object Repository/RecAndPlayBk/Page-Vlink-Debit/input_concat(CheckWriter, , s License Numbe_020fef'

2024-05-16 01:02:18 - [TEST_STEP][PASSED] - setText(findTestObject("Object Repository/RecAndPlayBk/Page-Vlink-Debit/input_concat(CheckWriter, , s License State_21e3e7"), ""): Text '' is set on object 'Object Repository/RecAndPlayBk/Page-Vlink-Debit/input_concat(CheckWriter, , s License State_21e3e7'

2024-05-16 01:02:19 - [MESSAGE][PASSED] - Text '' is set on object 'Object Repository/RecAndPlayBk/Page-Vlink-Debit/input_concat(CheckWriter, , s License State_21e3e7'

2024-05-16 01:02:19 - [TEST_STEP][PASSED] - setText(findTestObject("RecAndPlayBk/Page-Vlink-Debit/input_Standard Entry Class"), sec): Text 'WEB' is set on object 'Object Repository/RecAndPlayBk/Page-Vlink-Debit/input_Standard Entry Class'

2024-05-16 01:02:19 - [MESSAGE][PASSED] - Text 'WEB' is set on object 'Object Repository/RecAndPlayBk/Page-Vlink-Debit/input_Standard Entry Class'

2024-05-16 01:02:19 - [TEST_STEP][PASSED] - click(findTestObject("Object Repository/RecAndPlayBk/Page-Vlink-Debit/input")): Object: 'Object Repository/RecAndPlayBk/Page-Vlink-Debit/input' is clicked on

2024-05-16 01:02:20 - [MESSAGE][PASSED] - Object: 'Object Repository/RecAndPlayBk/Page-Vlink-Debit/input' is clicked on

2024-05-16 01:02:20 - [TEST_STEP][PASSED] - if (verifyTextPresent("Transaction approved, no errors", true)): null

2024-05-16 01:02:21 - [MESSAGE][PASSED] - Text 'Transaction approved, no errors' is present on page  using regular expression

2024-05-16 01:02:21 - [TEST_STEP][PASSED] - println("Transaction Approved, no errors text is present on the Confirmation page"): null

2024-05-16 01:02:21 - [TEST_STEP][PASSED] - sdfo = getText(findTestObject("Object Repository/Page_VLinkReceipt/pre_STX")): Text of object 'Object Repository/Page_VLinkReceipt/pre_STX' is: '<STX>16182|78889|165               12151743            0  Transaction approved, no errors                   0                                                                                                              <ETX>'

2024-05-16 01:02:21 - [MESSAGE][PASSED] - Text of object 'Object Repository/Page_VLinkReceipt/pre_STX' is: '<STX>16182|78889|165               12151743            0  Transaction approved, no errors                   0                                                                                                              <ETX>'

2024-05-16 01:02:21 - [TEST_STEP][PASSED] - out.println("sdfo: " + sdfo): null

2024-05-16 01:02:21 - [TEST_STEP][PASSED] - remID = substring(5, 35).trim(): null

2024-05-16 01:02:21 - [TEST_STEP][PASSED] - out.println("remID: " + remID): null

2024-05-16 01:02:21 - [TEST_STEP][PASSED] - traxID = substring(35, 55).trim(): null

2024-05-16 01:02:21 - [TEST_STEP][PASSED] - out.println("traxID: " + traxID): null

2024-05-16 01:02:21 - [TEST_STEP][PASSED] - VLinkSaleRemID = remID: null

2024-05-16 01:02:21 - [TEST_STEP][PASSED] - VLinkSaleTranxID = traxID: null

2024-05-16 01:02:21 - [TEST_STEP][PASSED] - openBrowser(VLinkURL + "ACH_credit.html"): Browser is opened with url: 'https://dev-algorithm.govolution.com/vlinktest/QA2/version_2_0/ACH_credit.html'

2024-05-16 01:02:21 - [MESSAGE][WARNING] - A browser is already opened. Closing browser and opening a new one

2024-05-16 01:02:22 - [MESSAGE][INFO] - Starting 'Chrome' driver

2024-05-16 01:02:22 - [MESSAGE][INFO] - User set preference: ['acceptInsecureCerts', 'true']

2024-05-16 01:02:22 - [MESSAGE][INFO] - Action delay is set to 0 milliseconds

2024-05-16 01:02:24 - [MESSAGE][PASSED] - Browser is opened with url: 'https://dev-algorithm.govolution.com/vlinktest/QA2/version_2_0/ACH_credit.html'

2024-05-16 01:02:24 - [TEST_STEP][PASSED] - maximizeWindow(): Current window maximized

2024-05-16 01:02:25 - [MESSAGE][PASSED] - Current window maximized

2024-05-16 01:02:25 - [TEST_STEP][PASSED] - setText(findTestObject("Object Repository/RecAndPlayBk/Page-Vlink-ACH-Credit/input_Remittance Id"), VLinkSaleRemID): Text '16182|78889|165' is set on object 'Object Repository/RecAndPlayBk/Page-Vlink-ACH-Credit/input_Remittance Id'

2024-05-16 01:02:25 - [MESSAGE][PASSED] - Text '16182|78889|165' is set on object 'Object Repository/RecAndPlayBk/Page-Vlink-ACH-Credit/input_Remittance Id'

2024-05-16 01:02:25 - [TEST_STEP][PASSED] - setText(findTestObject("Object Repository/RecAndPlayBk/Page-Vlink-ACH-Credit/input_Application Id"), appID): Text '234' is set on object 'Object Repository/RecAndPlayBk/Page-Vlink-ACH-Credit/input_Application Id'

2024-05-16 01:02:26 - [MESSAGE][PASSED] - Text '234' is set on object 'Object Repository/RecAndPlayBk/Page-Vlink-ACH-Credit/input_Application Id'

2024-05-16 01:02:26 - [TEST_STEP][PASSED] - setText(findTestObject("Object Repository/RecAndPlayBk/Page-Vlink-ACH-Credit/input_Username"), username): Text 'username' is set on object 'Object Repository/RecAndPlayBk/Page-Vlink-ACH-Credit/input_Username'

2024-05-16 01:02:27 - [MESSAGE][PASSED] - Text 'username' is set on object 'Object Repository/RecAndPlayBk/Page-Vlink-ACH-Credit/input_Username'

2024-05-16 01:02:27 - [TEST_STEP][PASSED] - setText(findTestObject("Object Repository/RecAndPlayBk/Page-Vlink-ACH-Credit/input_Password"), password): Text 'password' is set on object 'Object Repository/RecAndPlayBk/Page-Vlink-ACH-Credit/input_Password'

2024-05-16 01:02:27 - [MESSAGE][PASSED] - Text 'password' is set on object 'Object Repository/RecAndPlayBk/Page-Vlink-ACH-Credit/input_Password'

2024-05-16 01:02:27 - [TEST_STEP][PASSED] - setText(findTestObject("Object Repository/RecAndPlayBk/Page-Vlink-ACH-Credit/input_Check Type"), checkType): Text 'P' is set on object 'Object Repository/RecAndPlayBk/Page-Vlink-ACH-Credit/input_Check Type'

2024-05-16 01:02:28 - [MESSAGE][PASSED] - Text 'P' is set on object 'Object Repository/RecAndPlayBk/Page-Vlink-ACH-Credit/input_Check Type'

2024-05-16 01:02:28 - [TEST_STEP][PASSED] - setText(findTestObject("Object Repository/RecAndPlayBk/Page-Vlink-ACH-Credit/input_Transaction ID"), VLinkSaleTranxID): Text '12151743' is set on object 'Object Repository/RecAndPlayBk/Page-Vlink-ACH-Credit/input_Transaction ID'

2024-05-16 01:02:29 - [MESSAGE][PASSED] - Text '12151743' is set on object 'Object Repository/RecAndPlayBk/Page-Vlink-ACH-Credit/input_Transaction ID'

2024-05-16 01:02:29 - [TEST_STEP][PASSED] - setText(findTestObject("Object Repository/RecAndPlayBk/Page-Vlink-ACH-Credit/input_Amount"), amount): Text '12.50' is set on object 'Object Repository/RecAndPlayBk/Page-Vlink-ACH-Credit/input_Amount'

2024-05-16 01:02:29 - [MESSAGE][PASSED] - Text '12.50' is set on object 'Object Repository/RecAndPlayBk/Page-Vlink-ACH-Credit/input_Amount'

2024-05-16 01:02:29 - [TEST_STEP][PASSED] - setText(findTestObject("Object Repository/RecAndPlayBk/Page-Vlink-ACH-Credit/input_Standard Entry Class"), sec): Text 'WEB' is set on object 'Object Repository/RecAndPlayBk/Page-Vlink-ACH-Credit/input_Standard Entry Class'

2024-05-16 01:02:30 - [MESSAGE][PASSED] - Text 'WEB' is set on object 'Object Repository/RecAndPlayBk/Page-Vlink-ACH-Credit/input_Standard Entry Class'

2024-05-16 01:02:30 - [TEST_STEP][PASSED] - setText(findTestObject("Object Repository/RecAndPlayBk/Page-Vlink-ACH-Credit/input_Account Number"), acNumber): Text '58963214' is set on object 'Object Repository/RecAndPlayBk/Page-Vlink-ACH-Credit/input_Account Number'

2024-05-16 01:02:31 - [MESSAGE][PASSED] - Text '58963214' is set on object 'Object Repository/RecAndPlayBk/Page-Vlink-ACH-Credit/input_Account Number'

2024-05-16 01:02:31 - [TEST_STEP][PASSED] - setText(findTestObject("Object Repository/RecAndPlayBk/Page-Vlink-ACH-Credit/input_Routing Number"), rtn): Text '256072691' is set on object 'Object Repository/RecAndPlayBk/Page-Vlink-ACH-Credit/input_Routing Number'

2024-05-16 01:02:31 - [MESSAGE][PASSED] - Text '256072691' is set on object 'Object Repository/RecAndPlayBk/Page-Vlink-ACH-Credit/input_Routing Number'

2024-05-16 01:02:31 - [TEST_STEP][PASSED] - click(findTestObject("Object Repository/RecAndPlayBk/Page-Vlink-ACH-Credit/input")): Object: 'Object Repository/RecAndPlayBk/Page-Vlink-ACH-Credit/input' is clicked on

2024-05-16 01:02:32 - [MESSAGE][PASSED] - Object: 'Object Repository/RecAndPlayBk/Page-Vlink-ACH-Credit/input' is clicked on

2024-05-16 01:02:32 - [TEST_STEP][PASSED] - if (verifyTextPresent("Transaction approved, no errors", true)): null

2024-05-16 01:02:32 - [MESSAGE][PASSED] - Text 'Transaction approved, no errors' is present on page  using regular expression

2024-05-16 01:02:32 - [TEST_STEP][PASSED] - println("Transaction Approved, no errors text is present on the Confirmation page"): null

2024-05-16 01:02:32 - [TEST_STEP][PASSED] - out.println("Pass Record Number: " + row): null

2024-05-16 01:02:32 - [TEST_STEP][PASSED] - resText = "Pass": null

2024-05-16 01:02:32 - [TEST_STEP][PASSED] - pages.WriteExcel.demoKey(resText, datText, resColumn, datCloumn, fileLoc, nameSheet, row): pages.WriteExcel.demoKey is PASSED

2024-05-16 01:02:33 - [MESSAGE][PASSED] - pages.WriteExcel.demoKey is PASSED

2024-05-16 01:02:33 - [TEST_STEP][PASSED] - ExecuteTC = findTestData(dataFile).getValue("Execute", row): null

2024-05-16 01:02:33 - [TEST_STEP][PASSED] - out.println("Value of Execute is : " + ExecuteTC): null

2024-05-16 01:02:33 - [TEST_STEP][PASSED] - switch (executionProfile): null

2024-05-16 01:02:33 - [TEST_STEP][PASSED] - case "QA2Profile":: null

2024-05-16 01:02:33 - [TEST_STEP][PASSED] - appID = findTestData(dataFile).getValue("AppIDQA", row): null

2024-05-16 01:02:33 - [TEST_STEP][PASSED] - username = findTestData(dataFile).getValue("UsernameQA", row): null

2024-05-16 01:02:33 - [TEST_STEP][PASSED] - password = findTestData(dataFile).getValue("PasswordQA", row): null

2024-05-16 01:02:33 - [TEST_STEP][PASSED] - break: null

2024-05-16 01:02:33 - [TEST_STEP][PASSED] - if (ExecuteTC.equalsIgnoreCase("Y")): null

2024-05-16 01:02:33 - [TEST_STEP][PASSED] - out.println("Begin Record Number: " + row): null

2024-05-16 01:02:33 - [TEST_STEP][PASSED] - today = new java.util.Date(): null

2024-05-16 01:02:33 - [TEST_STEP][PASSED] - println(today): null

2024-05-16 01:02:33 - [TEST_STEP][PASSED] - datText = today: null

2024-05-16 01:02:33 - [TEST_STEP][PASSED] - checkType = findTestData(dataFile).getValue("CheckType", row): null

2024-05-16 01:02:33 - [TEST_STEP][PASSED] - acNumber = findTestData(dataFile).getValue("AcNumber", row): null

2024-05-16 01:02:33 - [TEST_STEP][PASSED] - company = findTestData(dataFile).getValue("Company", row): null

2024-05-16 01:02:33 - [TEST_STEP][PASSED] - acType = findTestData(dataFile).getValue("AcType", row): null

2024-05-16 01:02:33 - [TEST_STEP][PASSED] - rtn = findTestData(dataFile).getValue("RTN", row): null

2024-05-16 01:02:33 - [TEST_STEP][PASSED] - amount = findTestData(dataFile).getValue("Amount", row): null

2024-05-16 01:02:33 - [TEST_STEP][PASSED] - sec = findTestData(dataFile).getValue("SEC", row): null

2024-05-16 01:02:33 - [TEST_STEP][PASSED] - openBrowser(VLinkURL + "debit.html"): Browser is opened with url: 'https://dev-algorithm.govolution.com/vlinktest/QA2/version_2_0/debit.html'

2024-05-16 01:02:33 - [MESSAGE][WARNING] - A browser is already opened. Closing browser and opening a new one

2024-05-16 01:02:34 - [MESSAGE][INFO] - Starting 'Chrome' driver

2024-05-16 01:02:34 - [MESSAGE][INFO] - User set preference: ['acceptInsecureCerts', 'true']

2024-05-16 01:02:34 - [MESSAGE][INFO] - Action delay is set to 0 milliseconds

2024-05-16 01:02:36 - [MESSAGE][PASSED] - Browser is opened with url: 'https://dev-algorithm.govolution.com/vlinktest/QA2/version_2_0/debit.html'

2024-05-16 01:02:36 - [TEST_STEP][PASSED] - maximizeWindow(): Current window maximized

2024-05-16 01:02:37 - [MESSAGE][PASSED] - Current window maximized

2024-05-16 01:02:37 - [TEST_STEP][PASSED] - genRemID1 = random() * 99999).toInteger(): null

2024-05-16 01:02:37 - [TEST_STEP][PASSED] - genRemID2 = random() * 99999).toInteger(): null

2024-05-16 01:02:37 - [TEST_STEP][PASSED] - genRemID3 = random() * 99999).toInteger(): null

2024-05-16 01:02:37 - [TEST_STEP][PASSED] - println(genRemID1): null

2024-05-16 01:02:37 - [TEST_STEP][PASSED] - println(genRemID2): null

2024-05-16 01:02:37 - [TEST_STEP][PASSED] - println(genRemID3): null

2024-05-16 01:02:37 - [TEST_STEP][PASSED] - genRemID = genRemID1 + "|" + genRemID2 + "|" + genRemID3: null

2024-05-16 01:02:37 - [TEST_STEP][PASSED] - println(genRemID): null

2024-05-16 01:02:37 - [TEST_STEP][PASSED] - setText(findTestObject("RecAndPlayBk/Page-Vlink-Debit/input_Remittance Id"), genRemID): Text '21160|27213|20589' is set on object 'Object Repository/RecAndPlayBk/Page-Vlink-Debit/input_Remittance Id'

2024-05-16 01:02:38 - [MESSAGE][PASSED] - Text '21160|27213|20589' is set on object 'Object Repository/RecAndPlayBk/Page-Vlink-Debit/input_Remittance Id'

2024-05-16 01:02:38 - [TEST_STEP][PASSED] - setText(findTestObject("RecAndPlayBk/Page-Vlink-Debit/input_Application Id"), appID): Text '234' is set on object 'Object Repository/RecAndPlayBk/Page-Vlink-Debit/input_Application Id'

2024-05-16 01:02:38 - [MESSAGE][PASSED] - Text '234' is set on object 'Object Repository/RecAndPlayBk/Page-Vlink-Debit/input_Application Id'

2024-05-16 01:02:38 - [TEST_STEP][PASSED] - setText(findTestObject("RecAndPlayBk/Page-Vlink-Debit/input_Username"), username): Text 'username' is set on object 'Object Repository/RecAndPlayBk/Page-Vlink-Debit/input_Username'

2024-05-16 01:02:39 - [MESSAGE][PASSED] - Text 'username' is set on object 'Object Repository/RecAndPlayBk/Page-Vlink-Debit/input_Username'

2024-05-16 01:02:39 - [TEST_STEP][PASSED] - setText(findTestObject("RecAndPlayBk/Page-Vlink-Debit/input_Password"), password): Text 'password' is set on object 'Object Repository/RecAndPlayBk/Page-Vlink-Debit/input_Password'

2024-05-16 01:02:39 - [MESSAGE][PASSED] - Text 'password' is set on object 'Object Repository/RecAndPlayBk/Page-Vlink-Debit/input_Password'

2024-05-16 01:02:39 - [TEST_STEP][PASSED] - setText(findTestObject("RecAndPlayBk/Page-Vlink-Debit/input_Check Type"), checkType): Text 'P' is set on object 'Object Repository/RecAndPlayBk/Page-Vlink-Debit/input_Check Type'

2024-05-16 01:02:40 - [MESSAGE][PASSED] - Text 'P' is set on object 'Object Repository/RecAndPlayBk/Page-Vlink-Debit/input_Check Type'

2024-05-16 01:02:40 - [TEST_STEP][PASSED] - setText(findTestObject("RecAndPlayBk/Page-Vlink-Debit/input_Account_check"), acNumber): Text '58963214' is set on object 'Object Repository/RecAndPlayBk/Page-Vlink-Debit/input_Account_check'

2024-05-16 01:02:41 - [MESSAGE][PASSED] - Text '58963214' is set on object 'Object Repository/RecAndPlayBk/Page-Vlink-Debit/input_Account_check'

2024-05-16 01:02:41 - [TEST_STEP][PASSED] - setText(findTestObject("RecAndPlayBk/Page-Vlink-Debit/input_Company_check"), company): Text '' is set on object 'Object Repository/RecAndPlayBk/Page-Vlink-Debit/input_Company_check'

2024-05-16 01:02:41 - [MESSAGE][PASSED] - Text '' is set on object 'Object Repository/RecAndPlayBk/Page-Vlink-Debit/input_Company_check'

2024-05-16 01:02:41 - [TEST_STEP][PASSED] - setText(findTestObject("RecAndPlayBk/Page-Vlink-Debit/input_Account Type"), acType): Text '1' is set on object 'Object Repository/RecAndPlayBk/Page-Vlink-Debit/input_Account Type'

2024-05-16 01:02:42 - [MESSAGE][PASSED] - Text '1' is set on object 'Object Repository/RecAndPlayBk/Page-Vlink-Debit/input_Account Type'

2024-05-16 01:02:42 - [TEST_STEP][PASSED] - setText(findTestObject("RecAndPlayBk/Page-Vlink-Debit/input_Routing Number"), rtn): Text '256072691' is set on object 'Object Repository/RecAndPlayBk/Page-Vlink-Debit/input_Routing Number'

2024-05-16 01:02:43 - [MESSAGE][PASSED] - Text '256072691' is set on object 'Object Repository/RecAndPlayBk/Page-Vlink-Debit/input_Routing Number'

2024-05-16 01:02:43 - [TEST_STEP][PASSED] - setText(findTestObject("RecAndPlayBk/Page-Vlink-Debit/input_Amount"), amount): Text '12.50' is set on object 'Object Repository/RecAndPlayBk/Page-Vlink-Debit/input_Amount'

2024-05-16 01:02:43 - [MESSAGE][PASSED] - Text '12.50' is set on object 'Object Repository/RecAndPlayBk/Page-Vlink-Debit/input_Amount'

2024-05-16 01:02:43 - [TEST_STEP][PASSED] - setText(findTestObject("RecAndPlayBk/Page-Vlink-Debit/input_Check Email"), ""): Text '' is set on object 'Object Repository/RecAndPlayBk/Page-Vlink-Debit/input_Check Email'

2024-05-16 01:02:44 - [MESSAGE][PASSED] - Text '' is set on object 'Object Repository/RecAndPlayBk/Page-Vlink-Debit/input_Check Email'

2024-05-16 01:02:44 - [TEST_STEP][PASSED] - setText(findTestObject("Object Repository/RecAndPlayBk/Page-Vlink-Debit/input_concat(CheckWriter, , s SSN)_check_ssn"), ""): Text '' is set on object 'Object Repository/RecAndPlayBk/Page-Vlink-Debit/input_concat(CheckWriter, , s SSN)_check_ssn'

2024-05-16 01:02:45 - [MESSAGE][PASSED] - Text '' is set on object 'Object Repository/RecAndPlayBk/Page-Vlink-Debit/input_concat(CheckWriter, , s SSN)_check_ssn'

2024-05-16 01:02:45 - [TEST_STEP][PASSED] - setText(findTestObject("Object Repository/RecAndPlayBk/Page-Vlink-Debit/input_concat(CheckWriter, , s License Numbe_020fef"), ""): Text '' is set on object 'Object Repository/RecAndPlayBk/Page-Vlink-Debit/input_concat(CheckWriter, , s License Numbe_020fef'

2024-05-16 01:02:45 - [MESSAGE][PASSED] - Text '' is set on object 'Object Repository/RecAndPlayBk/Page-Vlink-Debit/input_concat(CheckWriter, , s License Numbe_020fef'

2024-05-16 01:02:45 - [TEST_STEP][PASSED] - setText(findTestObject("Object Repository/RecAndPlayBk/Page-Vlink-Debit/input_concat(CheckWriter, , s License State_21e3e7"), ""): Text '' is set on object 'Object Repository/RecAndPlayBk/Page-Vlink-Debit/input_concat(CheckWriter, , s License State_21e3e7'

2024-05-16 01:02:46 - [MESSAGE][PASSED] - Text '' is set on object 'Object Repository/RecAndPlayBk/Page-Vlink-Debit/input_concat(CheckWriter, , s License State_21e3e7'

2024-05-16 01:02:46 - [TEST_STEP][PASSED] - setText(findTestObject("RecAndPlayBk/Page-Vlink-Debit/input_Standard Entry Class"), sec): Text 'TEL' is set on object 'Object Repository/RecAndPlayBk/Page-Vlink-Debit/input_Standard Entry Class'

2024-05-16 01:02:46 - [MESSAGE][PASSED] - Text 'TEL' is set on object 'Object Repository/RecAndPlayBk/Page-Vlink-Debit/input_Standard Entry Class'

2024-05-16 01:02:46 - [TEST_STEP][PASSED] - click(findTestObject("Object Repository/RecAndPlayBk/Page-Vlink-Debit/input")): Object: 'Object Repository/RecAndPlayBk/Page-Vlink-Debit/input' is clicked on

2024-05-16 01:02:47 - [MESSAGE][PASSED] - Object: 'Object Repository/RecAndPlayBk/Page-Vlink-Debit/input' is clicked on

2024-05-16 01:02:47 - [TEST_STEP][PASSED] - if (verifyTextPresent("Transaction approved, no errors", true)): null

2024-05-16 01:02:48 - [MESSAGE][PASSED] - Text 'Transaction approved, no errors' is present on page  using regular expression

2024-05-16 01:02:48 - [TEST_STEP][PASSED] - println("Transaction Approved, no errors text is present on the Confirmation page"): null

2024-05-16 01:02:48 - [TEST_STEP][PASSED] - sdfo = getText(findTestObject("Object Repository/Page_VLinkReceipt/pre_STX")): Text of object 'Object Repository/Page_VLinkReceipt/pre_STX' is: '<STX>21160|27213|20589             12151745            0  Transaction approved, no errors                   0                                                                                                              <ETX>'

2024-05-16 01:02:48 - [MESSAGE][PASSED] - Text of object 'Object Repository/Page_VLinkReceipt/pre_STX' is: '<STX>21160|27213|20589             12151745            0  Transaction approved, no errors                   0                                                                                                              <ETX>'

2024-05-16 01:02:48 - [TEST_STEP][PASSED] - out.println("sdfo: " + sdfo): null

2024-05-16 01:02:48 - [TEST_STEP][PASSED] - remID = substring(5, 35).trim(): null

2024-05-16 01:02:48 - [TEST_STEP][PASSED] - out.println("remID: " + remID): null

2024-05-16 01:02:48 - [TEST_STEP][PASSED] - traxID = substring(35, 55).trim(): null

2024-05-16 01:02:48 - [TEST_STEP][PASSED] - out.println("traxID: " + traxID): null

2024-05-16 01:02:48 - [TEST_STEP][PASSED] - VLinkSaleRemID = remID: null

2024-05-16 01:02:48 - [TEST_STEP][PASSED] - VLinkSaleTranxID = traxID: null

2024-05-16 01:02:48 - [TEST_STEP][PASSED] - openBrowser(VLinkURL + "ACH_credit.html"): Browser is opened with url: 'https://dev-algorithm.govolution.com/vlinktest/QA2/version_2_0/ACH_credit.html'

2024-05-16 01:02:48 - [MESSAGE][WARNING] - A browser is already opened. Closing browser and opening a new one

2024-05-16 01:02:49 - [MESSAGE][INFO] - Starting 'Chrome' driver

2024-05-16 01:02:49 - [MESSAGE][INFO] - User set preference: ['acceptInsecureCerts', 'true']

2024-05-16 01:02:49 - [MESSAGE][INFO] - Action delay is set to 0 milliseconds

2024-05-16 01:02:51 - [MESSAGE][PASSED] - Browser is opened with url: 'https://dev-algorithm.govolution.com/vlinktest/QA2/version_2_0/ACH_credit.html'

2024-05-16 01:02:51 - [TEST_STEP][PASSED] - maximizeWindow(): Current window maximized

2024-05-16 01:02:52 - [MESSAGE][PASSED] - Current window maximized

2024-05-16 01:02:52 - [TEST_STEP][PASSED] - setText(findTestObject("Object Repository/RecAndPlayBk/Page-Vlink-ACH-Credit/input_Remittance Id"), VLinkSaleRemID): Text '21160|27213|20589' is set on object 'Object Repository/RecAndPlayBk/Page-Vlink-ACH-Credit/input_Remittance Id'

2024-05-16 01:02:52 - [MESSAGE][PASSED] - Text '21160|27213|20589' is set on object 'Object Repository/RecAndPlayBk/Page-Vlink-ACH-Credit/input_Remittance Id'

2024-05-16 01:02:52 - [TEST_STEP][PASSED] - setText(findTestObject("Object Repository/RecAndPlayBk/Page-Vlink-ACH-Credit/input_Application Id"), appID): Text '234' is set on object 'Object Repository/RecAndPlayBk/Page-Vlink-ACH-Credit/input_Application Id'

2024-05-16 01:02:53 - [MESSAGE][PASSED] - Text '234' is set on object 'Object Repository/RecAndPlayBk/Page-Vlink-ACH-Credit/input_Application Id'

2024-05-16 01:02:53 - [TEST_STEP][PASSED] - setText(findTestObject("Object Repository/RecAndPlayBk/Page-Vlink-ACH-Credit/input_Username"), username): Text 'username' is set on object 'Object Repository/RecAndPlayBk/Page-Vlink-ACH-Credit/input_Username'

2024-05-16 01:02:54 - [MESSAGE][PASSED] - Text 'username' is set on object 'Object Repository/RecAndPlayBk/Page-Vlink-ACH-Credit/input_Username'

2024-05-16 01:02:54 - [TEST_STEP][PASSED] - setText(findTestObject("Object Repository/RecAndPlayBk/Page-Vlink-ACH-Credit/input_Password"), password): Text 'password' is set on object 'Object Repository/RecAndPlayBk/Page-Vlink-ACH-Credit/input_Password'

2024-05-16 01:02:54 - [MESSAGE][PASSED] - Text 'password' is set on object 'Object Repository/RecAndPlayBk/Page-Vlink-ACH-Credit/input_Password'

2024-05-16 01:02:54 - [TEST_STEP][PASSED] - setText(findTestObject("Object Repository/RecAndPlayBk/Page-Vlink-ACH-Credit/input_Check Type"), checkType): Text 'P' is set on object 'Object Repository/RecAndPlayBk/Page-Vlink-ACH-Credit/input_Check Type'

2024-05-16 01:02:55 - [MESSAGE][PASSED] - Text 'P' is set on object 'Object Repository/RecAndPlayBk/Page-Vlink-ACH-Credit/input_Check Type'

2024-05-16 01:02:55 - [TEST_STEP][PASSED] - setText(findTestObject("Object Repository/RecAndPlayBk/Page-Vlink-ACH-Credit/input_Transaction ID"), VLinkSaleTranxID): Text '12151745' is set on object 'Object Repository/RecAndPlayBk/Page-Vlink-ACH-Credit/input_Transaction ID'

2024-05-16 01:02:56 - [MESSAGE][PASSED] - Text '12151745' is set on object 'Object Repository/RecAndPlayBk/Page-Vlink-ACH-Credit/input_Transaction ID'

2024-05-16 01:02:56 - [TEST_STEP][PASSED] - setText(findTestObject("Object Repository/RecAndPlayBk/Page-Vlink-ACH-Credit/input_Amount"), amount): Text '12.50' is set on object 'Object Repository/RecAndPlayBk/Page-Vlink-ACH-Credit/input_Amount'

2024-05-16 01:02:56 - [MESSAGE][PASSED] - Text '12.50' is set on object 'Object Repository/RecAndPlayBk/Page-Vlink-ACH-Credit/input_Amount'

2024-05-16 01:02:56 - [TEST_STEP][PASSED] - setText(findTestObject("Object Repository/RecAndPlayBk/Page-Vlink-ACH-Credit/input_Standard Entry Class"), sec): Text 'TEL' is set on object 'Object Repository/RecAndPlayBk/Page-Vlink-ACH-Credit/input_Standard Entry Class'

2024-05-16 01:02:57 - [MESSAGE][PASSED] - Text 'TEL' is set on object 'Object Repository/RecAndPlayBk/Page-Vlink-ACH-Credit/input_Standard Entry Class'

2024-05-16 01:02:57 - [TEST_STEP][PASSED] - setText(findTestObject("Object Repository/RecAndPlayBk/Page-Vlink-ACH-Credit/input_Account Number"), acNumber): Text '58963214' is set on object 'Object Repository/RecAndPlayBk/Page-Vlink-ACH-Credit/input_Account Number'

2024-05-16 01:02:57 - [MESSAGE][PASSED] - Text '58963214' is set on object 'Object Repository/RecAndPlayBk/Page-Vlink-ACH-Credit/input_Account Number'

2024-05-16 01:02:57 - [TEST_STEP][PASSED] - setText(findTestObject("Object Repository/RecAndPlayBk/Page-Vlink-ACH-Credit/input_Routing Number"), rtn): Text '256072691' is set on object 'Object Repository/RecAndPlayBk/Page-Vlink-ACH-Credit/input_Routing Number'

2024-05-16 01:02:58 - [MESSAGE][PASSED] - Text '256072691' is set on object 'Object Repository/RecAndPlayBk/Page-Vlink-ACH-Credit/input_Routing Number'

2024-05-16 01:02:58 - [TEST_STEP][PASSED] - click(findTestObject("Object Repository/RecAndPlayBk/Page-Vlink-ACH-Credit/input")): Object: 'Object Repository/RecAndPlayBk/Page-Vlink-ACH-Credit/input' is clicked on

2024-05-16 01:02:59 - [MESSAGE][PASSED] - Object: 'Object Repository/RecAndPlayBk/Page-Vlink-ACH-Credit/input' is clicked on

2024-05-16 01:02:59 - [TEST_STEP][PASSED] - if (verifyTextPresent("Transaction approved, no errors", true)): null

2024-05-16 01:02:59 - [MESSAGE][PASSED] - Text 'Transaction approved, no errors' is present on page  using regular expression

2024-05-16 01:02:59 - [TEST_STEP][PASSED] - println("Transaction Approved, no errors text is present on the Confirmation page"): null

2024-05-16 01:02:59 - [TEST_STEP][PASSED] - out.println("Pass Record Number: " + row): null

2024-05-16 01:02:59 - [TEST_STEP][PASSED] - resText = "Pass": null

2024-05-16 01:02:59 - [TEST_STEP][PASSED] - pages.WriteExcel.demoKey(resText, datText, resColumn, datCloumn, fileLoc, nameSheet, row): pages.WriteExcel.demoKey is PASSED

2024-05-16 01:02:59 - [MESSAGE][PASSED] - pages.WriteExcel.demoKey is PASSED

2024-05-16 01:02:59 - [TEST_STEP][PASSED] - ExecuteTC = findTestData(dataFile).getValue("Execute", row): null

2024-05-16 01:02:59 - [TEST_STEP][PASSED] - out.println("Value of Execute is : " + ExecuteTC): null

2024-05-16 01:02:59 - [TEST_STEP][PASSED] - switch (executionProfile): null

2024-05-16 01:02:59 - [TEST_STEP][PASSED] - case "QA2Profile":: null

2024-05-16 01:02:59 - [TEST_STEP][PASSED] - appID = findTestData(dataFile).getValue("AppIDQA", row): null

2024-05-16 01:03:00 - [TEST_STEP][PASSED] - username = findTestData(dataFile).getValue("UsernameQA", row): null

2024-05-16 01:03:00 - [TEST_STEP][PASSED] - password = findTestData(dataFile).getValue("PasswordQA", row): null

2024-05-16 01:03:00 - [TEST_STEP][PASSED] - break: null

2024-05-16 01:03:00 - [TEST_STEP][PASSED] - if (ExecuteTC.equalsIgnoreCase("Y")): null

2024-05-16 01:03:00 - [TEST_STEP][PASSED] - out.println("Begin Record Number: " + row): null

2024-05-16 01:03:00 - [TEST_STEP][PASSED] - today = new java.util.Date(): null

2024-05-16 01:03:00 - [TEST_STEP][PASSED] - println(today): null

2024-05-16 01:03:00 - [TEST_STEP][PASSED] - datText = today: null

2024-05-16 01:03:00 - [TEST_STEP][PASSED] - checkType = findTestData(dataFile).getValue("CheckType", row): null

2024-05-16 01:03:00 - [TEST_STEP][PASSED] - acNumber = findTestData(dataFile).getValue("AcNumber", row): null

2024-05-16 01:03:00 - [TEST_STEP][PASSED] - company = findTestData(dataFile).getValue("Company", row): null

2024-05-16 01:03:00 - [TEST_STEP][PASSED] - acType = findTestData(dataFile).getValue("AcType", row): null

2024-05-16 01:03:00 - [TEST_STEP][PASSED] - rtn = findTestData(dataFile).getValue("RTN", row): null

2024-05-16 01:03:00 - [TEST_STEP][PASSED] - amount = findTestData(dataFile).getValue("Amount", row): null

2024-05-16 01:03:00 - [TEST_STEP][PASSED] - sec = findTestData(dataFile).getValue("SEC", row): null

2024-05-16 01:03:00 - [TEST_STEP][PASSED] - openBrowser(VLinkURL + "debit.html"): Browser is opened with url: 'https://dev-algorithm.govolution.com/vlinktest/QA2/version_2_0/debit.html'

2024-05-16 01:03:00 - [MESSAGE][WARNING] - A browser is already opened. Closing browser and opening a new one

2024-05-16 01:03:01 - [MESSAGE][INFO] - Starting 'Chrome' driver

2024-05-16 01:03:01 - [MESSAGE][INFO] - User set preference: ['acceptInsecureCerts', 'true']

2024-05-16 01:03:01 - [MESSAGE][INFO] - Action delay is set to 0 milliseconds

2024-05-16 01:03:03 - [MESSAGE][PASSED] - Browser is opened with url: 'https://dev-algorithm.govolution.com/vlinktest/QA2/version_2_0/debit.html'

2024-05-16 01:03:03 - [TEST_STEP][PASSED] - maximizeWindow(): Current window maximized

2024-05-16 01:03:04 - [MESSAGE][PASSED] - Current window maximized

2024-05-16 01:03:04 - [TEST_STEP][PASSED] - genRemID1 = random() * 99999).toInteger(): null

2024-05-16 01:03:04 - [TEST_STEP][PASSED] - genRemID2 = random() * 99999).toInteger(): null

2024-05-16 01:03:04 - [TEST_STEP][PASSED] - genRemID3 = random() * 99999).toInteger(): null

2024-05-16 01:03:04 - [TEST_STEP][PASSED] - println(genRemID1): null

2024-05-16 01:03:04 - [TEST_STEP][PASSED] - println(genRemID2): null

2024-05-16 01:03:04 - [TEST_STEP][PASSED] - println(genRemID3): null

2024-05-16 01:03:04 - [TEST_STEP][PASSED] - genRemID = genRemID1 + "|" + genRemID2 + "|" + genRemID3: null

2024-05-16 01:03:04 - [TEST_STEP][PASSED] - println(genRemID): null

2024-05-16 01:03:04 - [TEST_STEP][PASSED] - setText(findTestObject("RecAndPlayBk/Page-Vlink-Debit/input_Remittance Id"), genRemID): Text '1489|45617|43795' is set on object 'Object Repository/RecAndPlayBk/Page-Vlink-Debit/input_Remittance Id'

2024-05-16 01:03:05 - [MESSAGE][PASSED] - Text '1489|45617|43795' is set on object 'Object Repository/RecAndPlayBk/Page-Vlink-Debit/input_Remittance Id'

2024-05-16 01:03:05 - [TEST_STEP][PASSED] - setText(findTestObject("RecAndPlayBk/Page-Vlink-Debit/input_Application Id"), appID): Text '234' is set on object 'Object Repository/RecAndPlayBk/Page-Vlink-Debit/input_Application Id'

2024-05-16 01:03:05 - [MESSAGE][PASSED] - Text '234' is set on object 'Object Repository/RecAndPlayBk/Page-Vlink-Debit/input_Application Id'

2024-05-16 01:03:05 - [TEST_STEP][PASSED] - setText(findTestObject("RecAndPlayBk/Page-Vlink-Debit/input_Username"), username): Text 'username' is set on object 'Object Repository/RecAndPlayBk/Page-Vlink-Debit/input_Username'

2024-05-16 01:03:06 - [MESSAGE][PASSED] - Text 'username' is set on object 'Object Repository/RecAndPlayBk/Page-Vlink-Debit/input_Username'

2024-05-16 01:03:06 - [TEST_STEP][PASSED] - setText(findTestObject("RecAndPlayBk/Page-Vlink-Debit/input_Password"), password): Text 'password' is set on object 'Object Repository/RecAndPlayBk/Page-Vlink-Debit/input_Password'

2024-05-16 01:03:06 - [MESSAGE][PASSED] - Text 'password' is set on object 'Object Repository/RecAndPlayBk/Page-Vlink-Debit/input_Password'

2024-05-16 01:03:06 - [TEST_STEP][PASSED] - setText(findTestObject("RecAndPlayBk/Page-Vlink-Debit/input_Check Type"), checkType): Text 'P' is set on object 'Object Repository/RecAndPlayBk/Page-Vlink-Debit/input_Check Type'

2024-05-16 01:03:07 - [MESSAGE][PASSED] - Text 'P' is set on object 'Object Repository/RecAndPlayBk/Page-Vlink-Debit/input_Check Type'

2024-05-16 01:03:07 - [TEST_STEP][PASSED] - setText(findTestObject("RecAndPlayBk/Page-Vlink-Debit/input_Account_check"), acNumber): Text '58963214' is set on object 'Object Repository/RecAndPlayBk/Page-Vlink-Debit/input_Account_check'

2024-05-16 01:03:08 - [MESSAGE][PASSED] - Text '58963214' is set on object 'Object Repository/RecAndPlayBk/Page-Vlink-Debit/input_Account_check'

2024-05-16 01:03:08 - [TEST_STEP][PASSED] - setText(findTestObject("RecAndPlayBk/Page-Vlink-Debit/input_Company_check"), company): Text '' is set on object 'Object Repository/RecAndPlayBk/Page-Vlink-Debit/input_Company_check'

2024-05-16 01:03:08 - [MESSAGE][PASSED] - Text '' is set on object 'Object Repository/RecAndPlayBk/Page-Vlink-Debit/input_Company_check'

2024-05-16 01:03:08 - [TEST_STEP][PASSED] - setText(findTestObject("RecAndPlayBk/Page-Vlink-Debit/input_Account Type"), acType): Text '1' is set on object 'Object Repository/RecAndPlayBk/Page-Vlink-Debit/input_Account Type'

2024-05-16 01:03:09 - [MESSAGE][PASSED] - Text '1' is set on object 'Object Repository/RecAndPlayBk/Page-Vlink-Debit/input_Account Type'

2024-05-16 01:03:09 - [TEST_STEP][PASSED] - setText(findTestObject("RecAndPlayBk/Page-Vlink-Debit/input_Routing Number"), rtn): Text '256072691' is set on object 'Object Repository/RecAndPlayBk/Page-Vlink-Debit/input_Routing Number'

2024-05-16 01:03:10 - [MESSAGE][PASSED] - Text '256072691' is set on object 'Object Repository/RecAndPlayBk/Page-Vlink-Debit/input_Routing Number'

2024-05-16 01:03:10 - [TEST_STEP][PASSED] - setText(findTestObject("RecAndPlayBk/Page-Vlink-Debit/input_Amount"), amount): Text '12.50' is set on object 'Object Repository/RecAndPlayBk/Page-Vlink-Debit/input_Amount'

2024-05-16 01:03:10 - [MESSAGE][PASSED] - Text '12.50' is set on object 'Object Repository/RecAndPlayBk/Page-Vlink-Debit/input_Amount'

2024-05-16 01:03:10 - [TEST_STEP][PASSED] - setText(findTestObject("RecAndPlayBk/Page-Vlink-Debit/input_Check Email"), ""): Text '' is set on object 'Object Repository/RecAndPlayBk/Page-Vlink-Debit/input_Check Email'

2024-05-16 01:03:11 - [MESSAGE][PASSED] - Text '' is set on object 'Object Repository/RecAndPlayBk/Page-Vlink-Debit/input_Check Email'

2024-05-16 01:03:11 - [TEST_STEP][PASSED] - setText(findTestObject("Object Repository/RecAndPlayBk/Page-Vlink-Debit/input_concat(CheckWriter, , s SSN)_check_ssn"), ""): Text '' is set on object 'Object Repository/RecAndPlayBk/Page-Vlink-Debit/input_concat(CheckWriter, , s SSN)_check_ssn'

2024-05-16 01:03:12 - [MESSAGE][PASSED] - Text '' is set on object 'Object Repository/RecAndPlayBk/Page-Vlink-Debit/input_concat(CheckWriter, , s SSN)_check_ssn'

2024-05-16 01:03:12 - [TEST_STEP][PASSED] - setText(findTestObject("Object Repository/RecAndPlayBk/Page-Vlink-Debit/input_concat(CheckWriter, , s License Numbe_020fef"), ""): Text '' is set on object 'Object Repository/RecAndPlayBk/Page-Vlink-Debit/input_concat(CheckWriter, , s License Numbe_020fef'

2024-05-16 01:03:12 - [MESSAGE][PASSED] - Text '' is set on object 'Object Repository/RecAndPlayBk/Page-Vlink-Debit/input_concat(CheckWriter, , s License Numbe_020fef'

2024-05-16 01:03:12 - [TEST_STEP][PASSED] - setText(findTestObject("Object Repository/RecAndPlayBk/Page-Vlink-Debit/input_concat(CheckWriter, , s License State_21e3e7"), ""): Text '' is set on object 'Object Repository/RecAndPlayBk/Page-Vlink-Debit/input_concat(CheckWriter, , s License State_21e3e7'

2024-05-16 01:03:13 - [MESSAGE][PASSED] - Text '' is set on object 'Object Repository/RecAndPlayBk/Page-Vlink-Debit/input_concat(CheckWriter, , s License State_21e3e7'

2024-05-16 01:03:13 - [TEST_STEP][PASSED] - setText(findTestObject("RecAndPlayBk/Page-Vlink-Debit/input_Standard Entry Class"), sec): Text 'PPD' is set on object 'Object Repository/RecAndPlayBk/Page-Vlink-Debit/input_Standard Entry Class'

2024-05-16 01:03:14 - [MESSAGE][PASSED] - Text 'PPD' is set on object 'Object Repository/RecAndPlayBk/Page-Vlink-Debit/input_Standard Entry Class'

2024-05-16 01:03:14 - [TEST_STEP][PASSED] - click(findTestObject("Object Repository/RecAndPlayBk/Page-Vlink-Debit/input")): Object: 'Object Repository/RecAndPlayBk/Page-Vlink-Debit/input' is clicked on

2024-05-16 01:03:15 - [MESSAGE][PASSED] - Object: 'Object Repository/RecAndPlayBk/Page-Vlink-Debit/input' is clicked on

2024-05-16 01:03:15 - [TEST_STEP][PASSED] - if (verifyTextPresent("Transaction approved, no errors", true)): null

2024-05-16 01:03:15 - [MESSAGE][PASSED] - Text 'Transaction approved, no errors' is present on page  using regular expression

2024-05-16 01:03:15 - [TEST_STEP][PASSED] - println("Transaction Approved, no errors text is present on the Confirmation page"): null

2024-05-16 01:03:15 - [TEST_STEP][PASSED] - sdfo = getText(findTestObject("Object Repository/Page_VLinkReceipt/pre_STX")): Text of object 'Object Repository/Page_VLinkReceipt/pre_STX' is: '<STX>1489|45617|43795              12151747            0  Transaction approved, no errors                   0                                                                                                              <ETX>'

2024-05-16 01:03:15 - [MESSAGE][PASSED] - Text of object 'Object Repository/Page_VLinkReceipt/pre_STX' is: '<STX>1489|45617|43795              12151747            0  Transaction approved, no errors                   0                                                                                                              <ETX>'

2024-05-16 01:03:15 - [TEST_STEP][PASSED] - out.println("sdfo: " + sdfo): null

2024-05-16 01:03:15 - [TEST_STEP][PASSED] - remID = substring(5, 35).trim(): null

2024-05-16 01:03:15 - [TEST_STEP][PASSED] - out.println("remID: " + remID): null

2024-05-16 01:03:15 - [TEST_STEP][PASSED] - traxID = substring(35, 55).trim(): null

2024-05-16 01:03:15 - [TEST_STEP][PASSED] - out.println("traxID: " + traxID): null

2024-05-16 01:03:15 - [TEST_STEP][PASSED] - VLinkSaleRemID = remID: null

2024-05-16 01:03:15 - [TEST_STEP][PASSED] - VLinkSaleTranxID = traxID: null

2024-05-16 01:03:15 - [TEST_STEP][PASSED] - openBrowser(VLinkURL + "ACH_credit.html"): Browser is opened with url: 'https://dev-algorithm.govolution.com/vlinktest/QA2/version_2_0/ACH_credit.html'

2024-05-16 01:03:15 - [MESSAGE][WARNING] - A browser is already opened. Closing browser and opening a new one

2024-05-16 01:03:16 - [MESSAGE][INFO] - Starting 'Chrome' driver

2024-05-16 01:03:16 - [MESSAGE][INFO] - User set preference: ['acceptInsecureCerts', 'true']

2024-05-16 01:03:16 - [MESSAGE][INFO] - Action delay is set to 0 milliseconds

2024-05-16 01:03:18 - [MESSAGE][PASSED] - Browser is opened with url: 'https://dev-algorithm.govolution.com/vlinktest/QA2/version_2_0/ACH_credit.html'

2024-05-16 01:03:18 - [TEST_STEP][PASSED] - maximizeWindow(): Current window maximized

2024-05-16 01:03:19 - [MESSAGE][PASSED] - Current window maximized

2024-05-16 01:03:19 - [TEST_STEP][PASSED] - setText(findTestObject("Object Repository/RecAndPlayBk/Page-Vlink-ACH-Credit/input_Remittance Id"), VLinkSaleRemID): Text '1489|45617|43795' is set on object 'Object Repository/RecAndPlayBk/Page-Vlink-ACH-Credit/input_Remittance Id'

2024-05-16 01:03:19 - [MESSAGE][PASSED] - Text '1489|45617|43795' is set on object 'Object Repository/RecAndPlayBk/Page-Vlink-ACH-Credit/input_Remittance Id'

2024-05-16 01:03:19 - [TEST_STEP][PASSED] - setText(findTestObject("Object Repository/RecAndPlayBk/Page-Vlink-ACH-Credit/input_Application Id"), appID): Text '234' is set on object 'Object Repository/RecAndPlayBk/Page-Vlink-ACH-Credit/input_Application Id'

2024-05-16 01:03:20 - [MESSAGE][PASSED] - Text '234' is set on object 'Object Repository/RecAndPlayBk/Page-Vlink-ACH-Credit/input_Application Id'

2024-05-16 01:03:20 - [TEST_STEP][PASSED] - setText(findTestObject("Object Repository/RecAndPlayBk/Page-Vlink-ACH-Credit/input_Username"), username): Text 'username' is set on object 'Object Repository/RecAndPlayBk/Page-Vlink-ACH-Credit/input_Username'

2024-05-16 01:03:21 - [MESSAGE][PASSED] - Text 'username' is set on object 'Object Repository/RecAndPlayBk/Page-Vlink-ACH-Credit/input_Username'

2024-05-16 01:03:21 - [TEST_STEP][PASSED] - setText(findTestObject("Object Repository/RecAndPlayBk/Page-Vlink-ACH-Credit/input_Password"), password): Text 'password' is set on object 'Object Repository/RecAndPlayBk/Page-Vlink-ACH-Credit/input_Password'

2024-05-16 01:03:21 - [MESSAGE][PASSED] - Text 'password' is set on object 'Object Repository/RecAndPlayBk/Page-Vlink-ACH-Credit/input_Password'

2024-05-16 01:03:21 - [TEST_STEP][PASSED] - setText(findTestObject("Object Repository/RecAndPlayBk/Page-Vlink-ACH-Credit/input_Check Type"), checkType): Text 'P' is set on object 'Object Repository/RecAndPlayBk/Page-Vlink-ACH-Credit/input_Check Type'

2024-05-16 01:03:22 - [MESSAGE][PASSED] - Text 'P' is set on object 'Object Repository/RecAndPlayBk/Page-Vlink-ACH-Credit/input_Check Type'

2024-05-16 01:03:22 - [TEST_STEP][PASSED] - setText(findTestObject("Object Repository/RecAndPlayBk/Page-Vlink-ACH-Credit/input_Transaction ID"), VLinkSaleTranxID): Text '12151747' is set on object 'Object Repository/RecAndPlayBk/Page-Vlink-ACH-Credit/input_Transaction ID'

2024-05-16 01:03:23 - [MESSAGE][PASSED] - Text '12151747' is set on object 'Object Repository/RecAndPlayBk/Page-Vlink-ACH-Credit/input_Transaction ID'

2024-05-16 01:03:23 - [TEST_STEP][PASSED] - setText(findTestObject("Object Repository/RecAndPlayBk/Page-Vlink-ACH-Credit/input_Amount"), amount): Text '12.50' is set on object 'Object Repository/RecAndPlayBk/Page-Vlink-ACH-Credit/input_Amount'

2024-05-16 01:03:23 - [MESSAGE][PASSED] - Text '12.50' is set on object 'Object Repository/RecAndPlayBk/Page-Vlink-ACH-Credit/input_Amount'

2024-05-16 01:03:23 - [TEST_STEP][PASSED] - setText(findTestObject("Object Repository/RecAndPlayBk/Page-Vlink-ACH-Credit/input_Standard Entry Class"), sec): Text 'PPD' is set on object 'Object Repository/RecAndPlayBk/Page-Vlink-ACH-Credit/input_Standard Entry Class'

2024-05-16 01:03:24 - [MESSAGE][PASSED] - Text 'PPD' is set on object 'Object Repository/RecAndPlayBk/Page-Vlink-ACH-Credit/input_Standard Entry Class'

2024-05-16 01:03:24 - [TEST_STEP][PASSED] - setText(findTestObject("Object Repository/RecAndPlayBk/Page-Vlink-ACH-Credit/input_Account Number"), acNumber): Text '58963214' is set on object 'Object Repository/RecAndPlayBk/Page-Vlink-ACH-Credit/input_Account Number'

2024-05-16 01:03:25 - [MESSAGE][PASSED] - Text '58963214' is set on object 'Object Repository/RecAndPlayBk/Page-Vlink-ACH-Credit/input_Account Number'

2024-05-16 01:03:25 - [TEST_STEP][PASSED] - setText(findTestObject("Object Repository/RecAndPlayBk/Page-Vlink-ACH-Credit/input_Routing Number"), rtn): Text '256072691' is set on object 'Object Repository/RecAndPlayBk/Page-Vlink-ACH-Credit/input_Routing Number'

2024-05-16 01:03:25 - [MESSAGE][PASSED] - Text '256072691' is set on object 'Object Repository/RecAndPlayBk/Page-Vlink-ACH-Credit/input_Routing Number'

2024-05-16 01:03:25 - [TEST_STEP][PASSED] - click(findTestObject("Object Repository/RecAndPlayBk/Page-Vlink-ACH-Credit/input")): Object: 'Object Repository/RecAndPlayBk/Page-Vlink-ACH-Credit/input' is clicked on

2024-05-16 01:03:26 - [MESSAGE][PASSED] - Object: 'Object Repository/RecAndPlayBk/Page-Vlink-ACH-Credit/input' is clicked on

2024-05-16 01:03:26 - [TEST_STEP][PASSED] - if (verifyTextPresent("Transaction approved, no errors", true)): null

2024-05-16 01:03:26 - [MESSAGE][PASSED] - Text 'Transaction approved, no errors' is present on page  using regular expression

2024-05-16 01:03:26 - [TEST_STEP][PASSED] - println("Transaction Approved, no errors text is present on the Confirmation page"): null

2024-05-16 01:03:26 - [TEST_STEP][PASSED] - out.println("Pass Record Number: " + row): null

2024-05-16 01:03:26 - [TEST_STEP][PASSED] - resText = "Pass": null

2024-05-16 01:03:26 - [TEST_STEP][PASSED] - pages.WriteExcel.demoKey(resText, datText, resColumn, datCloumn, fileLoc, nameSheet, row): pages.WriteExcel.demoKey is PASSED

2024-05-16 01:03:27 - [MESSAGE][PASSED] - pages.WriteExcel.demoKey is PASSED

2024-05-16 01:03:27 - [TEST_STEP][PASSED] - ExecuteTC = findTestData(dataFile).getValue("Execute", row): null

2024-05-16 01:03:27 - [TEST_STEP][PASSED] - out.println("Value of Execute is : " + ExecuteTC): null

2024-05-16 01:03:27 - [TEST_STEP][PASSED] - switch (executionProfile): null

2024-05-16 01:03:27 - [TEST_STEP][PASSED] - case "QA2Profile":: null

2024-05-16 01:03:27 - [TEST_STEP][PASSED] - appID = findTestData(dataFile).getValue("AppIDQA", row): null

2024-05-16 01:03:27 - [TEST_STEP][PASSED] - username = findTestData(dataFile).getValue("UsernameQA", row): null

2024-05-16 01:03:27 - [TEST_STEP][PASSED] - password = findTestData(dataFile).getValue("PasswordQA", row): null

2024-05-16 01:03:27 - [TEST_STEP][PASSED] - break: null

2024-05-16 01:03:27 - [TEST_STEP][PASSED] - if (ExecuteTC.equalsIgnoreCase("Y")): null

2024-05-16 01:03:27 - [TEST_STEP][PASSED] - out.println("Begin Record Number: " + row): null

2024-05-16 01:03:27 - [TEST_STEP][PASSED] - today = new java.util.Date(): null

2024-05-16 01:03:27 - [TEST_STEP][PASSED] - println(today): null

2024-05-16 01:03:27 - [TEST_STEP][PASSED] - datText = today: null

2024-05-16 01:03:27 - [TEST_STEP][PASSED] - checkType = findTestData(dataFile).getValue("CheckType", row): null

2024-05-16 01:03:27 - [TEST_STEP][PASSED] - acNumber = findTestData(dataFile).getValue("AcNumber", row): null

2024-05-16 01:03:27 - [TEST_STEP][PASSED] - company = findTestData(dataFile).getValue("Company", row): null

2024-05-16 01:03:27 - [TEST_STEP][PASSED] - acType = findTestData(dataFile).getValue("AcType", row): null

2024-05-16 01:03:27 - [TEST_STEP][PASSED] - rtn = findTestData(dataFile).getValue("RTN", row): null

2024-05-16 01:03:27 - [TEST_STEP][PASSED] - amount = findTestData(dataFile).getValue("Amount", row): null

2024-05-16 01:03:27 - [TEST_STEP][PASSED] - sec = findTestData(dataFile).getValue("SEC", row): null

2024-05-16 01:03:27 - [TEST_STEP][PASSED] - openBrowser(VLinkURL + "debit.html"): Browser is opened with url: 'https://dev-algorithm.govolution.com/vlinktest/QA2/version_2_0/debit.html'

2024-05-16 01:03:27 - [MESSAGE][WARNING] - A browser is already opened. Closing browser and opening a new one

2024-05-16 01:03:29 - [MESSAGE][INFO] - Starting 'Chrome' driver

2024-05-16 01:03:29 - [MESSAGE][INFO] - User set preference: ['acceptInsecureCerts', 'true']

2024-05-16 01:03:29 - [MESSAGE][INFO] - Action delay is set to 0 milliseconds

2024-05-16 01:03:30 - [MESSAGE][PASSED] - Browser is opened with url: 'https://dev-algorithm.govolution.com/vlinktest/QA2/version_2_0/debit.html'

2024-05-16 01:03:30 - [TEST_STEP][PASSED] - maximizeWindow(): Current window maximized

2024-05-16 01:03:31 - [MESSAGE][PASSED] - Current window maximized

2024-05-16 01:03:31 - [TEST_STEP][PASSED] - genRemID1 = random() * 99999).toInteger(): null

2024-05-16 01:03:31 - [TEST_STEP][PASSED] - genRemID2 = random() * 99999).toInteger(): null

2024-05-16 01:03:31 - [TEST_STEP][PASSED] - genRemID3 = random() * 99999).toInteger(): null

2024-05-16 01:03:31 - [TEST_STEP][PASSED] - println(genRemID1): null

2024-05-16 01:03:31 - [TEST_STEP][PASSED] - println(genRemID2): null

2024-05-16 01:03:31 - [TEST_STEP][PASSED] - println(genRemID3): null

2024-05-16 01:03:31 - [TEST_STEP][PASSED] - genRemID = genRemID1 + "|" + genRemID2 + "|" + genRemID3: null

2024-05-16 01:03:31 - [TEST_STEP][PASSED] - println(genRemID): null

2024-05-16 01:03:31 - [TEST_STEP][PASSED] - setText(findTestObject("RecAndPlayBk/Page-Vlink-Debit/input_Remittance Id"), genRemID): Text '86843|29712|47837' is set on object 'Object Repository/RecAndPlayBk/Page-Vlink-Debit/input_Remittance Id'

2024-05-16 01:03:32 - [MESSAGE][PASSED] - Text '86843|29712|47837' is set on object 'Object Repository/RecAndPlayBk/Page-Vlink-Debit/input_Remittance Id'

2024-05-16 01:03:32 - [TEST_STEP][PASSED] - setText(findTestObject("RecAndPlayBk/Page-Vlink-Debit/input_Application Id"), appID): Text '234' is set on object 'Object Repository/RecAndPlayBk/Page-Vlink-Debit/input_Application Id'

2024-05-16 01:03:32 - [MESSAGE][PASSED] - Text '234' is set on object 'Object Repository/RecAndPlayBk/Page-Vlink-Debit/input_Application Id'

2024-05-16 01:03:32 - [TEST_STEP][PASSED] - setText(findTestObject("RecAndPlayBk/Page-Vlink-Debit/input_Username"), username): Text 'username' is set on object 'Object Repository/RecAndPlayBk/Page-Vlink-Debit/input_Username'

2024-05-16 01:03:33 - [MESSAGE][PASSED] - Text 'username' is set on object 'Object Repository/RecAndPlayBk/Page-Vlink-Debit/input_Username'

2024-05-16 01:03:33 - [TEST_STEP][PASSED] - setText(findTestObject("RecAndPlayBk/Page-Vlink-Debit/input_Password"), password): Text 'password' is set on object 'Object Repository/RecAndPlayBk/Page-Vlink-Debit/input_Password'

2024-05-16 01:03:34 - [MESSAGE][PASSED] - Text 'password' is set on object 'Object Repository/RecAndPlayBk/Page-Vlink-Debit/input_Password'

2024-05-16 01:03:34 - [TEST_STEP][PASSED] - setText(findTestObject("RecAndPlayBk/Page-Vlink-Debit/input_Check Type"), checkType): Text 'P' is set on object 'Object Repository/RecAndPlayBk/Page-Vlink-Debit/input_Check Type'

2024-05-16 01:03:34 - [MESSAGE][PASSED] - Text 'P' is set on object 'Object Repository/RecAndPlayBk/Page-Vlink-Debit/input_Check Type'

2024-05-16 01:03:34 - [TEST_STEP][PASSED] - setText(findTestObject("RecAndPlayBk/Page-Vlink-Debit/input_Account_check"), acNumber): Text '58963214' is set on object 'Object Repository/RecAndPlayBk/Page-Vlink-Debit/input_Account_check'

2024-05-16 01:03:35 - [MESSAGE][PASSED] - Text '58963214' is set on object 'Object Repository/RecAndPlayBk/Page-Vlink-Debit/input_Account_check'

2024-05-16 01:03:35 - [TEST_STEP][PASSED] - setText(findTestObject("RecAndPlayBk/Page-Vlink-Debit/input_Company_check"), company): Text '' is set on object 'Object Repository/RecAndPlayBk/Page-Vlink-Debit/input_Company_check'

2024-05-16 01:03:36 - [MESSAGE][PASSED] - Text '' is set on object 'Object Repository/RecAndPlayBk/Page-Vlink-Debit/input_Company_check'

2024-05-16 01:03:36 - [TEST_STEP][PASSED] - setText(findTestObject("RecAndPlayBk/Page-Vlink-Debit/input_Account Type"), acType): Text '2' is set on object 'Object Repository/RecAndPlayBk/Page-Vlink-Debit/input_Account Type'

2024-05-16 01:03:36 - [MESSAGE][PASSED] - Text '2' is set on object 'Object Repository/RecAndPlayBk/Page-Vlink-Debit/input_Account Type'

2024-05-16 01:03:36 - [TEST_STEP][PASSED] - setText(findTestObject("RecAndPlayBk/Page-Vlink-Debit/input_Routing Number"), rtn): Text '256072691' is set on object 'Object Repository/RecAndPlayBk/Page-Vlink-Debit/input_Routing Number'

2024-05-16 01:03:37 - [MESSAGE][PASSED] - Text '256072691' is set on object 'Object Repository/RecAndPlayBk/Page-Vlink-Debit/input_Routing Number'

2024-05-16 01:03:37 - [TEST_STEP][PASSED] - setText(findTestObject("RecAndPlayBk/Page-Vlink-Debit/input_Amount"), amount): Text '12.50' is set on object 'Object Repository/RecAndPlayBk/Page-Vlink-Debit/input_Amount'

2024-05-16 01:03:37 - [MESSAGE][PASSED] - Text '12.50' is set on object 'Object Repository/RecAndPlayBk/Page-Vlink-Debit/input_Amount'

2024-05-16 01:03:37 - [TEST_STEP][PASSED] - setText(findTestObject("RecAndPlayBk/Page-Vlink-Debit/input_Check Email"), ""): Text '' is set on object 'Object Repository/RecAndPlayBk/Page-Vlink-Debit/input_Check Email'

2024-05-16 01:03:38 - [MESSAGE][PASSED] - Text '' is set on object 'Object Repository/RecAndPlayBk/Page-Vlink-Debit/input_Check Email'

2024-05-16 01:03:38 - [TEST_STEP][PASSED] - setText(findTestObject("Object Repository/RecAndPlayBk/Page-Vlink-Debit/input_concat(CheckWriter, , s SSN)_check_ssn"), ""): Text '' is set on object 'Object Repository/RecAndPlayBk/Page-Vlink-Debit/input_concat(CheckWriter, , s SSN)_check_ssn'

2024-05-16 01:03:39 - [MESSAGE][PASSED] - Text '' is set on object 'Object Repository/RecAndPlayBk/Page-Vlink-Debit/input_concat(CheckWriter, , s SSN)_check_ssn'

2024-05-16 01:03:39 - [TEST_STEP][PASSED] - setText(findTestObject("Object Repository/RecAndPlayBk/Page-Vlink-Debit/input_concat(CheckWriter, , s License Numbe_020fef"), ""): Text '' is set on object 'Object Repository/RecAndPlayBk/Page-Vlink-Debit/input_concat(CheckWriter, , s License Numbe_020fef'

2024-05-16 01:03:39 - [MESSAGE][PASSED] - Text '' is set on object 'Object Repository/RecAndPlayBk/Page-Vlink-Debit/input_concat(CheckWriter, , s License Numbe_020fef'

2024-05-16 01:03:39 - [TEST_STEP][PASSED] - setText(findTestObject("Object Repository/RecAndPlayBk/Page-Vlink-Debit/input_concat(CheckWriter, , s License State_21e3e7"), ""): Text '' is set on object 'Object Repository/RecAndPlayBk/Page-Vlink-Debit/input_concat(CheckWriter, , s License State_21e3e7'

2024-05-16 01:03:40 - [MESSAGE][PASSED] - Text '' is set on object 'Object Repository/RecAndPlayBk/Page-Vlink-Debit/input_concat(CheckWriter, , s License State_21e3e7'

2024-05-16 01:03:40 - [TEST_STEP][PASSED] - setText(findTestObject("RecAndPlayBk/Page-Vlink-Debit/input_Standard Entry Class"), sec): Text 'WEB' is set on object 'Object Repository/RecAndPlayBk/Page-Vlink-Debit/input_Standard Entry Class'

2024-05-16 01:03:41 - [MESSAGE][PASSED] - Text 'WEB' is set on object 'Object Repository/RecAndPlayBk/Page-Vlink-Debit/input_Standard Entry Class'

2024-05-16 01:03:41 - [TEST_STEP][PASSED] - click(findTestObject("Object Repository/RecAndPlayBk/Page-Vlink-Debit/input")): Object: 'Object Repository/RecAndPlayBk/Page-Vlink-Debit/input' is clicked on

2024-05-16 01:03:42 - [MESSAGE][PASSED] - Object: 'Object Repository/RecAndPlayBk/Page-Vlink-Debit/input' is clicked on

2024-05-16 01:03:42 - [TEST_STEP][PASSED] - if (verifyTextPresent("Transaction approved, no errors", true)): null

2024-05-16 01:03:42 - [MESSAGE][PASSED] - Text 'Transaction approved, no errors' is present on page  using regular expression

2024-05-16 01:03:42 - [TEST_STEP][PASSED] - println("Transaction Approved, no errors text is present on the Confirmation page"): null

2024-05-16 01:03:42 - [TEST_STEP][PASSED] - sdfo = getText(findTestObject("Object Repository/Page_VLinkReceipt/pre_STX")): Text of object 'Object Repository/Page_VLinkReceipt/pre_STX' is: '<STX>86843|29712|47837             12151749            0  Transaction approved, no errors                   0                                                                                                              <ETX>'

2024-05-16 01:03:42 - [MESSAGE][PASSED] - Text of object 'Object Repository/Page_VLinkReceipt/pre_STX' is: '<STX>86843|29712|47837             12151749            0  Transaction approved, no errors                   0                                                                                                              <ETX>'

2024-05-16 01:03:42 - [TEST_STEP][PASSED] - out.println("sdfo: " + sdfo): null

2024-05-16 01:03:42 - [TEST_STEP][PASSED] - remID = substring(5, 35).trim(): null

2024-05-16 01:03:42 - [TEST_STEP][PASSED] - out.println("remID: " + remID): null

2024-05-16 01:03:42 - [TEST_STEP][PASSED] - traxID = substring(35, 55).trim(): null

2024-05-16 01:03:42 - [TEST_STEP][PASSED] - out.println("traxID: " + traxID): null

2024-05-16 01:03:42 - [TEST_STEP][PASSED] - VLinkSaleRemID = remID: null

2024-05-16 01:03:42 - [TEST_STEP][PASSED] - VLinkSaleTranxID = traxID: null

2024-05-16 01:03:42 - [TEST_STEP][PASSED] - openBrowser(VLinkURL + "ACH_credit.html"): Browser is opened with url: 'https://dev-algorithm.govolution.com/vlinktest/QA2/version_2_0/ACH_credit.html'

2024-05-16 01:03:42 - [MESSAGE][WARNING] - A browser is already opened. Closing browser and opening a new one

2024-05-16 01:03:43 - [MESSAGE][INFO] - Starting 'Chrome' driver

2024-05-16 01:03:43 - [MESSAGE][INFO] - User set preference: ['acceptInsecureCerts', 'true']

2024-05-16 01:03:43 - [MESSAGE][INFO] - Action delay is set to 0 milliseconds

2024-05-16 01:03:45 - [MESSAGE][PASSED] - Browser is opened with url: 'https://dev-algorithm.govolution.com/vlinktest/QA2/version_2_0/ACH_credit.html'

2024-05-16 01:03:45 - [TEST_STEP][PASSED] - maximizeWindow(): Current window maximized

2024-05-16 01:03:46 - [MESSAGE][PASSED] - Current window maximized

2024-05-16 01:03:46 - [TEST_STEP][PASSED] - setText(findTestObject("Object Repository/RecAndPlayBk/Page-Vlink-ACH-Credit/input_Remittance Id"), VLinkSaleRemID): Text '86843|29712|47837' is set on object 'Object Repository/RecAndPlayBk/Page-Vlink-ACH-Credit/input_Remittance Id'

2024-05-16 01:03:46 - [MESSAGE][PASSED] - Text '86843|29712|47837' is set on object 'Object Repository/RecAndPlayBk/Page-Vlink-ACH-Credit/input_Remittance Id'

2024-05-16 01:03:46 - [TEST_STEP][PASSED] - setText(findTestObject("Object Repository/RecAndPlayBk/Page-Vlink-ACH-Credit/input_Application Id"), appID): Text '234' is set on object 'Object Repository/RecAndPlayBk/Page-Vlink-ACH-Credit/input_Application Id'

2024-05-16 01:03:47 - [MESSAGE][PASSED] - Text '234' is set on object 'Object Repository/RecAndPlayBk/Page-Vlink-ACH-Credit/input_Application Id'

2024-05-16 01:03:47 - [TEST_STEP][PASSED] - setText(findTestObject("Object Repository/RecAndPlayBk/Page-Vlink-ACH-Credit/input_Username"), username): Text 'username' is set on object 'Object Repository/RecAndPlayBk/Page-Vlink-ACH-Credit/input_Username'

2024-05-16 01:03:48 - [MESSAGE][PASSED] - Text 'username' is set on object 'Object Repository/RecAndPlayBk/Page-Vlink-ACH-Credit/input_Username'

2024-05-16 01:03:48 - [TEST_STEP][PASSED] - setText(findTestObject("Object Repository/RecAndPlayBk/Page-Vlink-ACH-Credit/input_Password"), password): Text 'password' is set on object 'Object Repository/RecAndPlayBk/Page-Vlink-ACH-Credit/input_Password'

2024-05-16 01:03:48 - [MESSAGE][PASSED] - Text 'password' is set on object 'Object Repository/RecAndPlayBk/Page-Vlink-ACH-Credit/input_Password'

2024-05-16 01:03:48 - [TEST_STEP][PASSED] - setText(findTestObject("Object Repository/RecAndPlayBk/Page-Vlink-ACH-Credit/input_Check Type"), checkType): Text 'P' is set on object 'Object Repository/RecAndPlayBk/Page-Vlink-ACH-Credit/input_Check Type'

2024-05-16 01:03:49 - [MESSAGE][PASSED] - Text 'P' is set on object 'Object Repository/RecAndPlayBk/Page-Vlink-ACH-Credit/input_Check Type'

2024-05-16 01:03:49 - [TEST_STEP][PASSED] - setText(findTestObject("Object Repository/RecAndPlayBk/Page-Vlink-ACH-Credit/input_Transaction ID"), VLinkSaleTranxID): Text '12151749' is set on object 'Object Repository/RecAndPlayBk/Page-Vlink-ACH-Credit/input_Transaction ID'

2024-05-16 01:03:50 - [MESSAGE][PASSED] - Text '12151749' is set on object 'Object Repository/RecAndPlayBk/Page-Vlink-ACH-Credit/input_Transaction ID'

2024-05-16 01:03:50 - [TEST_STEP][PASSED] - setText(findTestObject("Object Repository/RecAndPlayBk/Page-Vlink-ACH-Credit/input_Amount"), amount): Text '12.50' is set on object 'Object Repository/RecAndPlayBk/Page-Vlink-ACH-Credit/input_Amount'

2024-05-16 01:03:50 - [MESSAGE][PASSED] - Text '12.50' is set on object 'Object Repository/RecAndPlayBk/Page-Vlink-ACH-Credit/input_Amount'

2024-05-16 01:03:50 - [TEST_STEP][PASSED] - setText(findTestObject("Object Repository/RecAndPlayBk/Page-Vlink-ACH-Credit/input_Standard Entry Class"), sec): Text 'WEB' is set on object 'Object Repository/RecAndPlayBk/Page-Vlink-ACH-Credit/input_Standard Entry Class'

2024-05-16 01:03:51 - [MESSAGE][PASSED] - Text 'WEB' is set on object 'Object Repository/RecAndPlayBk/Page-Vlink-ACH-Credit/input_Standard Entry Class'

2024-05-16 01:03:51 - [TEST_STEP][PASSED] - setText(findTestObject("Object Repository/RecAndPlayBk/Page-Vlink-ACH-Credit/input_Account Number"), acNumber): Text '58963214' is set on object 'Object Repository/RecAndPlayBk/Page-Vlink-ACH-Credit/input_Account Number'

2024-05-16 01:03:52 - [MESSAGE][PASSED] - Text '58963214' is set on object 'Object Repository/RecAndPlayBk/Page-Vlink-ACH-Credit/input_Account Number'

2024-05-16 01:03:52 - [TEST_STEP][PASSED] - setText(findTestObject("Object Repository/RecAndPlayBk/Page-Vlink-ACH-Credit/input_Routing Number"), rtn): Text '256072691' is set on object 'Object Repository/RecAndPlayBk/Page-Vlink-ACH-Credit/input_Routing Number'

2024-05-16 01:03:52 - [MESSAGE][PASSED] - Text '256072691' is set on object 'Object Repository/RecAndPlayBk/Page-Vlink-ACH-Credit/input_Routing Number'

2024-05-16 01:03:52 - [TEST_STEP][PASSED] - click(findTestObject("Object Repository/RecAndPlayBk/Page-Vlink-ACH-Credit/input")): Object: 'Object Repository/RecAndPlayBk/Page-Vlink-ACH-Credit/input' is clicked on

2024-05-16 01:03:53 - [MESSAGE][PASSED] - Object: 'Object Repository/RecAndPlayBk/Page-Vlink-ACH-Credit/input' is clicked on

2024-05-16 01:03:53 - [TEST_STEP][PASSED] - if (verifyTextPresent("Transaction approved, no errors", true)): null

2024-05-16 01:03:53 - [MESSAGE][PASSED] - Text 'Transaction approved, no errors' is present on page  using regular expression

2024-05-16 01:03:53 - [TEST_STEP][PASSED] - println("Transaction Approved, no errors text is present on the Confirmation page"): null

2024-05-16 01:03:53 - [TEST_STEP][PASSED] - out.println("Pass Record Number: " + row): null

2024-05-16 01:03:53 - [TEST_STEP][PASSED] - resText = "Pass": null

2024-05-16 01:03:53 - [TEST_STEP][PASSED] - pages.WriteExcel.demoKey(resText, datText, resColumn, datCloumn, fileLoc, nameSheet, row): pages.WriteExcel.demoKey is PASSED

2024-05-16 01:03:53 - [MESSAGE][PASSED] - pages.WriteExcel.demoKey is PASSED

2024-05-16 01:03:53 - [TEST_STEP][PASSED] - ExecuteTC = findTestData(dataFile).getValue("Execute", row): null

2024-05-16 01:03:53 - [TEST_STEP][PASSED] - out.println("Value of Execute is : " + ExecuteTC): null

2024-05-16 01:03:53 - [TEST_STEP][PASSED] - switch (executionProfile): null

2024-05-16 01:03:53 - [TEST_STEP][PASSED] - case "QA2Profile":: null

2024-05-16 01:03:53 - [TEST_STEP][PASSED] - appID = findTestData(dataFile).getValue("AppIDQA", row): null

2024-05-16 01:03:54 - [TEST_STEP][PASSED] - username = findTestData(dataFile).getValue("UsernameQA", row): null

2024-05-16 01:03:54 - [TEST_STEP][PASSED] - password = findTestData(dataFile).getValue("PasswordQA", row): null

2024-05-16 01:03:54 - [TEST_STEP][PASSED] - break: null

2024-05-16 01:03:54 - [TEST_STEP][PASSED] - if (ExecuteTC.equalsIgnoreCase("Y")): null

2024-05-16 01:03:54 - [TEST_STEP][PASSED] - out.println("Begin Record Number: " + row): null

2024-05-16 01:03:54 - [TEST_STEP][PASSED] - today = new java.util.Date(): null

2024-05-16 01:03:54 - [TEST_STEP][PASSED] - println(today): null

2024-05-16 01:03:54 - [TEST_STEP][PASSED] - datText = today: null

2024-05-16 01:03:54 - [TEST_STEP][PASSED] - checkType = findTestData(dataFile).getValue("CheckType", row): null

2024-05-16 01:03:54 - [TEST_STEP][PASSED] - acNumber = findTestData(dataFile).getValue("AcNumber", row): null

2024-05-16 01:03:54 - [TEST_STEP][PASSED] - company = findTestData(dataFile).getValue("Company", row): null

2024-05-16 01:03:54 - [TEST_STEP][PASSED] - acType = findTestData(dataFile).getValue("AcType", row): null

2024-05-16 01:03:54 - [TEST_STEP][PASSED] - rtn = findTestData(dataFile).getValue("RTN", row): null

2024-05-16 01:03:54 - [TEST_STEP][PASSED] - amount = findTestData(dataFile).getValue("Amount", row): null

2024-05-16 01:03:54 - [TEST_STEP][PASSED] - sec = findTestData(dataFile).getValue("SEC", row): null

2024-05-16 01:03:54 - [TEST_STEP][PASSED] - openBrowser(VLinkURL + "debit.html"): Browser is opened with url: 'https://dev-algorithm.govolution.com/vlinktest/QA2/version_2_0/debit.html'

2024-05-16 01:03:54 - [MESSAGE][WARNING] - A browser is already opened. Closing browser and opening a new one

2024-05-16 01:03:55 - [MESSAGE][INFO] - Starting 'Chrome' driver

2024-05-16 01:03:55 - [MESSAGE][INFO] - User set preference: ['acceptInsecureCerts', 'true']

2024-05-16 01:03:55 - [MESSAGE][INFO] - Action delay is set to 0 milliseconds

2024-05-16 01:03:57 - [MESSAGE][PASSED] - Browser is opened with url: 'https://dev-algorithm.govolution.com/vlinktest/QA2/version_2_0/debit.html'

2024-05-16 01:03:57 - [TEST_STEP][PASSED] - maximizeWindow(): Current window maximized

2024-05-16 01:03:58 - [MESSAGE][PASSED] - Current window maximized

2024-05-16 01:03:58 - [TEST_STEP][PASSED] - genRemID1 = random() * 99999).toInteger(): null

2024-05-16 01:03:58 - [TEST_STEP][PASSED] - genRemID2 = random() * 99999).toInteger(): null

2024-05-16 01:03:58 - [TEST_STEP][PASSED] - genRemID3 = random() * 99999).toInteger(): null

2024-05-16 01:03:58 - [TEST_STEP][PASSED] - println(genRemID1): null

2024-05-16 01:03:58 - [TEST_STEP][PASSED] - println(genRemID2): null

2024-05-16 01:03:58 - [TEST_STEP][PASSED] - println(genRemID3): null

2024-05-16 01:03:58 - [TEST_STEP][PASSED] - genRemID = genRemID1 + "|" + genRemID2 + "|" + genRemID3: null

2024-05-16 01:03:58 - [TEST_STEP][PASSED] - println(genRemID): null

2024-05-16 01:03:58 - [TEST_STEP][PASSED] - setText(findTestObject("RecAndPlayBk/Page-Vlink-Debit/input_Remittance Id"), genRemID): Text '96118|17472|13895' is set on object 'Object Repository/RecAndPlayBk/Page-Vlink-Debit/input_Remittance Id'

2024-05-16 01:03:58 - [MESSAGE][PASSED] - Text '96118|17472|13895' is set on object 'Object Repository/RecAndPlayBk/Page-Vlink-Debit/input_Remittance Id'

2024-05-16 01:03:58 - [TEST_STEP][PASSED] - setText(findTestObject("RecAndPlayBk/Page-Vlink-Debit/input_Application Id"), appID): Text '234' is set on object 'Object Repository/RecAndPlayBk/Page-Vlink-Debit/input_Application Id'

2024-05-16 01:03:59 - [MESSAGE][PASSED] - Text '234' is set on object 'Object Repository/RecAndPlayBk/Page-Vlink-Debit/input_Application Id'

2024-05-16 01:03:59 - [TEST_STEP][PASSED] - setText(findTestObject("RecAndPlayBk/Page-Vlink-Debit/input_Username"), username): Text 'username' is set on object 'Object Repository/RecAndPlayBk/Page-Vlink-Debit/input_Username'

2024-05-16 01:04:00 - [MESSAGE][PASSED] - Text 'username' is set on object 'Object Repository/RecAndPlayBk/Page-Vlink-Debit/input_Username'

2024-05-16 01:04:00 - [TEST_STEP][PASSED] - setText(findTestObject("RecAndPlayBk/Page-Vlink-Debit/input_Password"), password): Text 'password' is set on object 'Object Repository/RecAndPlayBk/Page-Vlink-Debit/input_Password'

2024-05-16 01:04:00 - [MESSAGE][PASSED] - Text 'password' is set on object 'Object Repository/RecAndPlayBk/Page-Vlink-Debit/input_Password'

2024-05-16 01:04:00 - [TEST_STEP][PASSED] - setText(findTestObject("RecAndPlayBk/Page-Vlink-Debit/input_Check Type"), checkType): Text 'P' is set on object 'Object Repository/RecAndPlayBk/Page-Vlink-Debit/input_Check Type'

2024-05-16 01:04:01 - [MESSAGE][PASSED] - Text 'P' is set on object 'Object Repository/RecAndPlayBk/Page-Vlink-Debit/input_Check Type'

2024-05-16 01:04:01 - [TEST_STEP][PASSED] - setText(findTestObject("RecAndPlayBk/Page-Vlink-Debit/input_Account_check"), acNumber): Text '58963214' is set on object 'Object Repository/RecAndPlayBk/Page-Vlink-Debit/input_Account_check'

2024-05-16 01:04:02 - [MESSAGE][PASSED] - Text '58963214' is set on object 'Object Repository/RecAndPlayBk/Page-Vlink-Debit/input_Account_check'

2024-05-16 01:04:02 - [TEST_STEP][PASSED] - setText(findTestObject("RecAndPlayBk/Page-Vlink-Debit/input_Company_check"), company): Text '' is set on object 'Object Repository/RecAndPlayBk/Page-Vlink-Debit/input_Company_check'

2024-05-16 01:04:02 - [MESSAGE][PASSED] - Text '' is set on object 'Object Repository/RecAndPlayBk/Page-Vlink-Debit/input_Company_check'

2024-05-16 01:04:02 - [TEST_STEP][PASSED] - setText(findTestObject("RecAndPlayBk/Page-Vlink-Debit/input_Account Type"), acType): Text '2' is set on object 'Object Repository/RecAndPlayBk/Page-Vlink-Debit/input_Account Type'

2024-05-16 01:04:03 - [MESSAGE][PASSED] - Text '2' is set on object 'Object Repository/RecAndPlayBk/Page-Vlink-Debit/input_Account Type'

2024-05-16 01:04:03 - [TEST_STEP][PASSED] - setText(findTestObject("RecAndPlayBk/Page-Vlink-Debit/input_Routing Number"), rtn): Text '256072691' is set on object 'Object Repository/RecAndPlayBk/Page-Vlink-Debit/input_Routing Number'

2024-05-16 01:04:04 - [MESSAGE][PASSED] - Text '256072691' is set on object 'Object Repository/RecAndPlayBk/Page-Vlink-Debit/input_Routing Number'

2024-05-16 01:04:04 - [TEST_STEP][PASSED] - setText(findTestObject("RecAndPlayBk/Page-Vlink-Debit/input_Amount"), amount): Text '12.50' is set on object 'Object Repository/RecAndPlayBk/Page-Vlink-Debit/input_Amount'

2024-05-16 01:04:04 - [MESSAGE][PASSED] - Text '12.50' is set on object 'Object Repository/RecAndPlayBk/Page-Vlink-Debit/input_Amount'

2024-05-16 01:04:04 - [TEST_STEP][PASSED] - setText(findTestObject("RecAndPlayBk/Page-Vlink-Debit/input_Check Email"), ""): Text '' is set on object 'Object Repository/RecAndPlayBk/Page-Vlink-Debit/input_Check Email'

2024-05-16 01:04:05 - [MESSAGE][PASSED] - Text '' is set on object 'Object Repository/RecAndPlayBk/Page-Vlink-Debit/input_Check Email'

2024-05-16 01:04:05 - [TEST_STEP][PASSED] - setText(findTestObject("Object Repository/RecAndPlayBk/Page-Vlink-Debit/input_concat(CheckWriter, , s SSN)_check_ssn"), ""): Text '' is set on object 'Object Repository/RecAndPlayBk/Page-Vlink-Debit/input_concat(CheckWriter, , s SSN)_check_ssn'

2024-05-16 01:04:05 - [MESSAGE][PASSED] - Text '' is set on object 'Object Repository/RecAndPlayBk/Page-Vlink-Debit/input_concat(CheckWriter, , s SSN)_check_ssn'

2024-05-16 01:04:05 - [TEST_STEP][PASSED] - setText(findTestObject("Object Repository/RecAndPlayBk/Page-Vlink-Debit/input_concat(CheckWriter, , s License Numbe_020fef"), ""): Text '' is set on object 'Object Repository/RecAndPlayBk/Page-Vlink-Debit/input_concat(CheckWriter, , s License Numbe_020fef'

2024-05-16 01:04:06 - [MESSAGE][PASSED] - Text '' is set on object 'Object Repository/RecAndPlayBk/Page-Vlink-Debit/input_concat(CheckWriter, , s License Numbe_020fef'

2024-05-16 01:04:06 - [TEST_STEP][PASSED] - setText(findTestObject("Object Repository/RecAndPlayBk/Page-Vlink-Debit/input_concat(CheckWriter, , s License State_21e3e7"), ""): Text '' is set on object 'Object Repository/RecAndPlayBk/Page-Vlink-Debit/input_concat(CheckWriter, , s License State_21e3e7'

2024-05-16 01:04:07 - [MESSAGE][PASSED] - Text '' is set on object 'Object Repository/RecAndPlayBk/Page-Vlink-Debit/input_concat(CheckWriter, , s License State_21e3e7'

2024-05-16 01:04:07 - [TEST_STEP][PASSED] - setText(findTestObject("RecAndPlayBk/Page-Vlink-Debit/input_Standard Entry Class"), sec): Text 'TEL' is set on object 'Object Repository/RecAndPlayBk/Page-Vlink-Debit/input_Standard Entry Class'

2024-05-16 01:04:07 - [MESSAGE][PASSED] - Text 'TEL' is set on object 'Object Repository/RecAndPlayBk/Page-Vlink-Debit/input_Standard Entry Class'

2024-05-16 01:04:07 - [TEST_STEP][PASSED] - click(findTestObject("Object Repository/RecAndPlayBk/Page-Vlink-Debit/input")): Object: 'Object Repository/RecAndPlayBk/Page-Vlink-Debit/input' is clicked on

2024-05-16 01:04:08 - [MESSAGE][PASSED] - Object: 'Object Repository/RecAndPlayBk/Page-Vlink-Debit/input' is clicked on

2024-05-16 01:04:08 - [TEST_STEP][PASSED] - if (verifyTextPresent("Transaction approved, no errors", true)): null

2024-05-16 01:04:09 - [MESSAGE][PASSED] - Text 'Transaction approved, no errors' is present on page  using regular expression

2024-05-16 01:04:09 - [TEST_STEP][PASSED] - println("Transaction Approved, no errors text is present on the Confirmation page"): null

2024-05-16 01:04:09 - [TEST_STEP][PASSED] - sdfo = getText(findTestObject("Object Repository/Page_VLinkReceipt/pre_STX")): Text of object 'Object Repository/Page_VLinkReceipt/pre_STX' is: '<STX>96118|17472|13895             12151751            0  Transaction approved, no errors                   0                                                                                                              <ETX>'

2024-05-16 01:04:09 - [MESSAGE][PASSED] - Text of object 'Object Repository/Page_VLinkReceipt/pre_STX' is: '<STX>96118|17472|13895             12151751            0  Transaction approved, no errors                   0                                                                                                              <ETX>'

2024-05-16 01:04:09 - [TEST_STEP][PASSED] - out.println("sdfo: " + sdfo): null

2024-05-16 01:04:09 - [TEST_STEP][PASSED] - remID = substring(5, 35).trim(): null

2024-05-16 01:04:09 - [TEST_STEP][PASSED] - out.println("remID: " + remID): null

2024-05-16 01:04:09 - [TEST_STEP][PASSED] - traxID = substring(35, 55).trim(): null

2024-05-16 01:04:09 - [TEST_STEP][PASSED] - out.println("traxID: " + traxID): null

2024-05-16 01:04:09 - [TEST_STEP][PASSED] - VLinkSaleRemID = remID: null

2024-05-16 01:04:09 - [TEST_STEP][PASSED] - VLinkSaleTranxID = traxID: null

2024-05-16 01:04:09 - [TEST_STEP][PASSED] - openBrowser(VLinkURL + "ACH_credit.html"): Browser is opened with url: 'https://dev-algorithm.govolution.com/vlinktest/QA2/version_2_0/ACH_credit.html'

2024-05-16 01:04:09 - [MESSAGE][WARNING] - A browser is already opened. Closing browser and opening a new one

2024-05-16 01:04:10 - [MESSAGE][INFO] - Starting 'Chrome' driver

2024-05-16 01:04:10 - [MESSAGE][INFO] - User set preference: ['acceptInsecureCerts', 'true']

2024-05-16 01:04:10 - [MESSAGE][INFO] - Action delay is set to 0 milliseconds

2024-05-16 01:04:12 - [MESSAGE][PASSED] - Browser is opened with url: 'https://dev-algorithm.govolution.com/vlinktest/QA2/version_2_0/ACH_credit.html'

2024-05-16 01:04:12 - [TEST_STEP][PASSED] - maximizeWindow(): Current window maximized

2024-05-16 01:04:13 - [MESSAGE][PASSED] - Current window maximized

2024-05-16 01:04:13 - [TEST_STEP][PASSED] - setText(findTestObject("Object Repository/RecAndPlayBk/Page-Vlink-ACH-Credit/input_Remittance Id"), VLinkSaleRemID): Text '96118|17472|13895' is set on object 'Object Repository/RecAndPlayBk/Page-Vlink-ACH-Credit/input_Remittance Id'

2024-05-16 01:04:13 - [MESSAGE][PASSED] - Text '96118|17472|13895' is set on object 'Object Repository/RecAndPlayBk/Page-Vlink-ACH-Credit/input_Remittance Id'

2024-05-16 01:04:13 - [TEST_STEP][PASSED] - setText(findTestObject("Object Repository/RecAndPlayBk/Page-Vlink-ACH-Credit/input_Application Id"), appID): Text '234' is set on object 'Object Repository/RecAndPlayBk/Page-Vlink-ACH-Credit/input_Application Id'

2024-05-16 01:04:14 - [MESSAGE][PASSED] - Text '234' is set on object 'Object Repository/RecAndPlayBk/Page-Vlink-ACH-Credit/input_Application Id'

2024-05-16 01:04:14 - [TEST_STEP][PASSED] - setText(findTestObject("Object Repository/RecAndPlayBk/Page-Vlink-ACH-Credit/input_Username"), username): Text 'username' is set on object 'Object Repository/RecAndPlayBk/Page-Vlink-ACH-Credit/input_Username'

2024-05-16 01:04:15 - [MESSAGE][PASSED] - Text 'username' is set on object 'Object Repository/RecAndPlayBk/Page-Vlink-ACH-Credit/input_Username'

2024-05-16 01:04:15 - [TEST_STEP][PASSED] - setText(findTestObject("Object Repository/RecAndPlayBk/Page-Vlink-ACH-Credit/input_Password"), password): Text 'password' is set on object 'Object Repository/RecAndPlayBk/Page-Vlink-ACH-Credit/input_Password'

2024-05-16 01:04:15 - [MESSAGE][PASSED] - Text 'password' is set on object 'Object Repository/RecAndPlayBk/Page-Vlink-ACH-Credit/input_Password'

2024-05-16 01:04:15 - [TEST_STEP][PASSED] - setText(findTestObject("Object Repository/RecAndPlayBk/Page-Vlink-ACH-Credit/input_Check Type"), checkType): Text 'P' is set on object 'Object Repository/RecAndPlayBk/Page-Vlink-ACH-Credit/input_Check Type'

2024-05-16 01:04:16 - [MESSAGE][PASSED] - Text 'P' is set on object 'Object Repository/RecAndPlayBk/Page-Vlink-ACH-Credit/input_Check Type'

2024-05-16 01:04:16 - [TEST_STEP][PASSED] - setText(findTestObject("Object Repository/RecAndPlayBk/Page-Vlink-ACH-Credit/input_Transaction ID"), VLinkSaleTranxID): Text '12151751' is set on object 'Object Repository/RecAndPlayBk/Page-Vlink-ACH-Credit/input_Transaction ID'

2024-05-16 01:04:17 - [MESSAGE][PASSED] - Text '12151751' is set on object 'Object Repository/RecAndPlayBk/Page-Vlink-ACH-Credit/input_Transaction ID'

2024-05-16 01:04:17 - [TEST_STEP][PASSED] - setText(findTestObject("Object Repository/RecAndPlayBk/Page-Vlink-ACH-Credit/input_Amount"), amount): Text '12.50' is set on object 'Object Repository/RecAndPlayBk/Page-Vlink-ACH-Credit/input_Amount'

2024-05-16 01:04:17 - [MESSAGE][PASSED] - Text '12.50' is set on object 'Object Repository/RecAndPlayBk/Page-Vlink-ACH-Credit/input_Amount'

2024-05-16 01:04:17 - [TEST_STEP][PASSED] - setText(findTestObject("Object Repository/RecAndPlayBk/Page-Vlink-ACH-Credit/input_Standard Entry Class"), sec): Text 'TEL' is set on object 'Object Repository/RecAndPlayBk/Page-Vlink-ACH-Credit/input_Standard Entry Class'

2024-05-16 01:04:18 - [MESSAGE][PASSED] - Text 'TEL' is set on object 'Object Repository/RecAndPlayBk/Page-Vlink-ACH-Credit/input_Standard Entry Class'

2024-05-16 01:04:18 - [TEST_STEP][PASSED] - setText(findTestObject("Object Repository/RecAndPlayBk/Page-Vlink-ACH-Credit/input_Account Number"), acNumber): Text '58963214' is set on object 'Object Repository/RecAndPlayBk/Page-Vlink-ACH-Credit/input_Account Number'

2024-05-16 01:04:19 - [MESSAGE][PASSED] - Text '58963214' is set on object 'Object Repository/RecAndPlayBk/Page-Vlink-ACH-Credit/input_Account Number'

2024-05-16 01:04:19 - [TEST_STEP][PASSED] - setText(findTestObject("Object Repository/RecAndPlayBk/Page-Vlink-ACH-Credit/input_Routing Number"), rtn): Text '256072691' is set on object 'Object Repository/RecAndPlayBk/Page-Vlink-ACH-Credit/input_Routing Number'

2024-05-16 01:04:19 - [MESSAGE][PASSED] - Text '256072691' is set on object 'Object Repository/RecAndPlayBk/Page-Vlink-ACH-Credit/input_Routing Number'

2024-05-16 01:04:19 - [TEST_STEP][PASSED] - click(findTestObject("Object Repository/RecAndPlayBk/Page-Vlink-ACH-Credit/input")): Object: 'Object Repository/RecAndPlayBk/Page-Vlink-ACH-Credit/input' is clicked on

2024-05-16 01:04:20 - [MESSAGE][PASSED] - Object: 'Object Repository/RecAndPlayBk/Page-Vlink-ACH-Credit/input' is clicked on

2024-05-16 01:04:20 - [TEST_STEP][PASSED] - if (verifyTextPresent("Transaction approved, no errors", true)): null

2024-05-16 01:04:20 - [MESSAGE][PASSED] - Text 'Transaction approved, no errors' is present on page  using regular expression

2024-05-16 01:04:20 - [TEST_STEP][PASSED] - println("Transaction Approved, no errors text is present on the Confirmation page"): null

2024-05-16 01:04:20 - [TEST_STEP][PASSED] - out.println("Pass Record Number: " + row): null

2024-05-16 01:04:20 - [TEST_STEP][PASSED] - resText = "Pass": null

2024-05-16 01:04:20 - [TEST_STEP][PASSED] - pages.WriteExcel.demoKey(resText, datText, resColumn, datCloumn, fileLoc, nameSheet, row): pages.WriteExcel.demoKey is PASSED

2024-05-16 01:04:20 - [MESSAGE][PASSED] - pages.WriteExcel.demoKey is PASSED

2024-05-16 01:04:20 - [TEST_STEP][PASSED] - ExecuteTC = findTestData(dataFile).getValue("Execute", row): null

2024-05-16 01:04:21 - [TEST_STEP][PASSED] - out.println("Value of Execute is : " + ExecuteTC): null

2024-05-16 01:04:21 - [TEST_STEP][PASSED] - switch (executionProfile): null

2024-05-16 01:04:21 - [TEST_STEP][PASSED] - case "QA2Profile":: null

2024-05-16 01:04:21 - [TEST_STEP][PASSED] - appID = findTestData(dataFile).getValue("AppIDQA", row): null

2024-05-16 01:04:21 - [TEST_STEP][PASSED] - username = findTestData(dataFile).getValue("UsernameQA", row): null

2024-05-16 01:04:21 - [TEST_STEP][PASSED] - password = findTestData(dataFile).getValue("PasswordQA", row): null

2024-05-16 01:04:21 - [TEST_STEP][PASSED] - break: null

2024-05-16 01:04:21 - [TEST_STEP][PASSED] - if (ExecuteTC.equalsIgnoreCase("Y")): null

2024-05-16 01:04:21 - [TEST_STEP][PASSED] - out.println("Begin Record Number: " + row): null

2024-05-16 01:04:21 - [TEST_STEP][PASSED] - today = new java.util.Date(): null

2024-05-16 01:04:21 - [TEST_STEP][PASSED] - println(today): null

2024-05-16 01:04:21 - [TEST_STEP][PASSED] - datText = today: null

2024-05-16 01:04:21 - [TEST_STEP][PASSED] - checkType = findTestData(dataFile).getValue("CheckType", row): null

2024-05-16 01:04:21 - [TEST_STEP][PASSED] - acNumber = findTestData(dataFile).getValue("AcNumber", row): null

2024-05-16 01:04:21 - [TEST_STEP][PASSED] - company = findTestData(dataFile).getValue("Company", row): null

2024-05-16 01:04:21 - [TEST_STEP][PASSED] - acType = findTestData(dataFile).getValue("AcType", row): null

2024-05-16 01:04:21 - [TEST_STEP][PASSED] - rtn = findTestData(dataFile).getValue("RTN", row): null

2024-05-16 01:04:21 - [TEST_STEP][PASSED] - amount = findTestData(dataFile).getValue("Amount", row): null

2024-05-16 01:04:21 - [TEST_STEP][PASSED] - sec = findTestData(dataFile).getValue("SEC", row): null

2024-05-16 01:04:21 - [TEST_STEP][PASSED] - openBrowser(VLinkURL + "debit.html"): Browser is opened with url: 'https://dev-algorithm.govolution.com/vlinktest/QA2/version_2_0/debit.html'

2024-05-16 01:04:21 - [MESSAGE][WARNING] - A browser is already opened. Closing browser and opening a new one

2024-05-16 01:04:22 - [MESSAGE][INFO] - Starting 'Chrome' driver

2024-05-16 01:04:22 - [MESSAGE][INFO] - User set preference: ['acceptInsecureCerts', 'true']

2024-05-16 01:04:22 - [MESSAGE][INFO] - Action delay is set to 0 milliseconds

2024-05-16 01:04:24 - [MESSAGE][PASSED] - Browser is opened with url: 'https://dev-algorithm.govolution.com/vlinktest/QA2/version_2_0/debit.html'

2024-05-16 01:04:24 - [TEST_STEP][PASSED] - maximizeWindow(): Current window maximized

2024-05-16 01:04:25 - [MESSAGE][PASSED] - Current window maximized

2024-05-16 01:04:25 - [TEST_STEP][PASSED] - genRemID1 = random() * 99999).toInteger(): null

2024-05-16 01:04:25 - [TEST_STEP][PASSED] - genRemID2 = random() * 99999).toInteger(): null

2024-05-16 01:04:25 - [TEST_STEP][PASSED] - genRemID3 = random() * 99999).toInteger(): null

2024-05-16 01:04:25 - [TEST_STEP][PASSED] - println(genRemID1): null

2024-05-16 01:04:25 - [TEST_STEP][PASSED] - println(genRemID2): null

2024-05-16 01:04:25 - [TEST_STEP][PASSED] - println(genRemID3): null

2024-05-16 01:04:25 - [TEST_STEP][PASSED] - genRemID = genRemID1 + "|" + genRemID2 + "|" + genRemID3: null

2024-05-16 01:04:25 - [TEST_STEP][PASSED] - println(genRemID): null

2024-05-16 01:04:25 - [TEST_STEP][PASSED] - setText(findTestObject("RecAndPlayBk/Page-Vlink-Debit/input_Remittance Id"), genRemID): Text '66299|47809|85843' is set on object 'Object Repository/RecAndPlayBk/Page-Vlink-Debit/input_Remittance Id'

2024-05-16 01:04:26 - [MESSAGE][PASSED] - Text '66299|47809|85843' is set on object 'Object Repository/RecAndPlayBk/Page-Vlink-Debit/input_Remittance Id'

2024-05-16 01:04:26 - [TEST_STEP][PASSED] - setText(findTestObject("RecAndPlayBk/Page-Vlink-Debit/input_Application Id"), appID): Text '234' is set on object 'Object Repository/RecAndPlayBk/Page-Vlink-Debit/input_Application Id'

2024-05-16 01:04:26 - [MESSAGE][PASSED] - Text '234' is set on object 'Object Repository/RecAndPlayBk/Page-Vlink-Debit/input_Application Id'

2024-05-16 01:04:26 - [TEST_STEP][PASSED] - setText(findTestObject("RecAndPlayBk/Page-Vlink-Debit/input_Username"), username): Text 'username' is set on object 'Object Repository/RecAndPlayBk/Page-Vlink-Debit/input_Username'

2024-05-16 01:04:27 - [MESSAGE][PASSED] - Text 'username' is set on object 'Object Repository/RecAndPlayBk/Page-Vlink-Debit/input_Username'

2024-05-16 01:04:27 - [TEST_STEP][PASSED] - setText(findTestObject("RecAndPlayBk/Page-Vlink-Debit/input_Password"), password): Text 'password' is set on object 'Object Repository/RecAndPlayBk/Page-Vlink-Debit/input_Password'

2024-05-16 01:04:28 - [MESSAGE][PASSED] - Text 'password' is set on object 'Object Repository/RecAndPlayBk/Page-Vlink-Debit/input_Password'

2024-05-16 01:04:28 - [TEST_STEP][PASSED] - setText(findTestObject("RecAndPlayBk/Page-Vlink-Debit/input_Check Type"), checkType): Text 'P' is set on object 'Object Repository/RecAndPlayBk/Page-Vlink-Debit/input_Check Type'

2024-05-16 01:04:28 - [MESSAGE][PASSED] - Text 'P' is set on object 'Object Repository/RecAndPlayBk/Page-Vlink-Debit/input_Check Type'

2024-05-16 01:04:28 - [TEST_STEP][PASSED] - setText(findTestObject("RecAndPlayBk/Page-Vlink-Debit/input_Account_check"), acNumber): Text '58963214' is set on object 'Object Repository/RecAndPlayBk/Page-Vlink-Debit/input_Account_check'

2024-05-16 01:04:29 - [MESSAGE][PASSED] - Text '58963214' is set on object 'Object Repository/RecAndPlayBk/Page-Vlink-Debit/input_Account_check'

2024-05-16 01:04:29 - [TEST_STEP][PASSED] - setText(findTestObject("RecAndPlayBk/Page-Vlink-Debit/input_Company_check"), company): Text '' is set on object 'Object Repository/RecAndPlayBk/Page-Vlink-Debit/input_Company_check'

2024-05-16 01:04:29 - [MESSAGE][PASSED] - Text '' is set on object 'Object Repository/RecAndPlayBk/Page-Vlink-Debit/input_Company_check'

2024-05-16 01:04:29 - [TEST_STEP][PASSED] - setText(findTestObject("RecAndPlayBk/Page-Vlink-Debit/input_Account Type"), acType): Text '2' is set on object 'Object Repository/RecAndPlayBk/Page-Vlink-Debit/input_Account Type'

2024-05-16 01:04:30 - [MESSAGE][PASSED] - Text '2' is set on object 'Object Repository/RecAndPlayBk/Page-Vlink-Debit/input_Account Type'

2024-05-16 01:04:30 - [TEST_STEP][PASSED] - setText(findTestObject("RecAndPlayBk/Page-Vlink-Debit/input_Routing Number"), rtn): Text '256072691' is set on object 'Object Repository/RecAndPlayBk/Page-Vlink-Debit/input_Routing Number'

2024-05-16 01:04:31 - [MESSAGE][PASSED] - Text '256072691' is set on object 'Object Repository/RecAndPlayBk/Page-Vlink-Debit/input_Routing Number'

2024-05-16 01:04:31 - [TEST_STEP][PASSED] - setText(findTestObject("RecAndPlayBk/Page-Vlink-Debit/input_Amount"), amount): Text '12.50' is set on object 'Object Repository/RecAndPlayBk/Page-Vlink-Debit/input_Amount'

2024-05-16 01:04:31 - [MESSAGE][PASSED] - Text '12.50' is set on object 'Object Repository/RecAndPlayBk/Page-Vlink-Debit/input_Amount'

2024-05-16 01:04:31 - [TEST_STEP][PASSED] - setText(findTestObject("RecAndPlayBk/Page-Vlink-Debit/input_Check Email"), ""): Text '' is set on object 'Object Repository/RecAndPlayBk/Page-Vlink-Debit/input_Check Email'

2024-05-16 01:04:32 - [MESSAGE][PASSED] - Text '' is set on object 'Object Repository/RecAndPlayBk/Page-Vlink-Debit/input_Check Email'

2024-05-16 01:04:32 - [TEST_STEP][PASSED] - setText(findTestObject("Object Repository/RecAndPlayBk/Page-Vlink-Debit/input_concat(CheckWriter, , s SSN)_check_ssn"), ""): Text '' is set on object 'Object Repository/RecAndPlayBk/Page-Vlink-Debit/input_concat(CheckWriter, , s SSN)_check_ssn'

2024-05-16 01:04:33 - [MESSAGE][PASSED] - Text '' is set on object 'Object Repository/RecAndPlayBk/Page-Vlink-Debit/input_concat(CheckWriter, , s SSN)_check_ssn'

2024-05-16 01:04:33 - [TEST_STEP][PASSED] - setText(findTestObject("Object Repository/RecAndPlayBk/Page-Vlink-Debit/input_concat(CheckWriter, , s License Numbe_020fef"), ""): Text '' is set on object 'Object Repository/RecAndPlayBk/Page-Vlink-Debit/input_concat(CheckWriter, , s License Numbe_020fef'

2024-05-16 01:04:33 - [MESSAGE][PASSED] - Text '' is set on object 'Object Repository/RecAndPlayBk/Page-Vlink-Debit/input_concat(CheckWriter, , s License Numbe_020fef'

2024-05-16 01:04:33 - [TEST_STEP][PASSED] - setText(findTestObject("Object Repository/RecAndPlayBk/Page-Vlink-Debit/input_concat(CheckWriter, , s License State_21e3e7"), ""): Text '' is set on object 'Object Repository/RecAndPlayBk/Page-Vlink-Debit/input_concat(CheckWriter, , s License State_21e3e7'

2024-05-16 01:04:34 - [MESSAGE][PASSED] - Text '' is set on object 'Object Repository/RecAndPlayBk/Page-Vlink-Debit/input_concat(CheckWriter, , s License State_21e3e7'

2024-05-16 01:04:34 - [TEST_STEP][PASSED] - setText(findTestObject("RecAndPlayBk/Page-Vlink-Debit/input_Standard Entry Class"), sec): Text 'PPD' is set on object 'Object Repository/RecAndPlayBk/Page-Vlink-Debit/input_Standard Entry Class'

2024-05-16 01:04:35 - [MESSAGE][PASSED] - Text 'PPD' is set on object 'Object Repository/RecAndPlayBk/Page-Vlink-Debit/input_Standard Entry Class'

2024-05-16 01:04:35 - [TEST_STEP][PASSED] - click(findTestObject("Object Repository/RecAndPlayBk/Page-Vlink-Debit/input")): Object: 'Object Repository/RecAndPlayBk/Page-Vlink-Debit/input' is clicked on

2024-05-16 01:04:36 - [MESSAGE][PASSED] - Object: 'Object Repository/RecAndPlayBk/Page-Vlink-Debit/input' is clicked on

2024-05-16 01:04:36 - [TEST_STEP][PASSED] - if (verifyTextPresent("Transaction approved, no errors", true)): null

2024-05-16 01:04:36 - [MESSAGE][PASSED] - Text 'Transaction approved, no errors' is present on page  using regular expression

2024-05-16 01:04:36 - [TEST_STEP][PASSED] - println("Transaction Approved, no errors text is present on the Confirmation page"): null

2024-05-16 01:04:36 - [TEST_STEP][PASSED] - sdfo = getText(findTestObject("Object Repository/Page_VLinkReceipt/pre_STX")): Text of object 'Object Repository/Page_VLinkReceipt/pre_STX' is: '<STX>66299|47809|85843             12151753            0  Transaction approved, no errors                   0                                                                                                              <ETX>'

2024-05-16 01:04:36 - [MESSAGE][PASSED] - Text of object 'Object Repository/Page_VLinkReceipt/pre_STX' is: '<STX>66299|47809|85843             12151753            0  Transaction approved, no errors                   0                                                                                                              <ETX>'

2024-05-16 01:04:36 - [TEST_STEP][PASSED] - out.println("sdfo: " + sdfo): null

2024-05-16 01:04:36 - [TEST_STEP][PASSED] - remID = substring(5, 35).trim(): null

2024-05-16 01:04:36 - [TEST_STEP][PASSED] - out.println("remID: " + remID): null

2024-05-16 01:04:36 - [TEST_STEP][PASSED] - traxID = substring(35, 55).trim(): null

2024-05-16 01:04:36 - [TEST_STEP][PASSED] - out.println("traxID: " + traxID): null

2024-05-16 01:04:36 - [TEST_STEP][PASSED] - VLinkSaleRemID = remID: null

2024-05-16 01:04:36 - [TEST_STEP][PASSED] - VLinkSaleTranxID = traxID: null

2024-05-16 01:04:36 - [TEST_STEP][PASSED] - openBrowser(VLinkURL + "ACH_credit.html"): Browser is opened with url: 'https://dev-algorithm.govolution.com/vlinktest/QA2/version_2_0/ACH_credit.html'

2024-05-16 01:04:36 - [MESSAGE][WARNING] - A browser is already opened. Closing browser and opening a new one

2024-05-16 01:04:38 - [MESSAGE][INFO] - Starting 'Chrome' driver

2024-05-16 01:04:38 - [MESSAGE][INFO] - User set preference: ['acceptInsecureCerts', 'true']

2024-05-16 01:04:38 - [MESSAGE][INFO] - Action delay is set to 0 milliseconds

2024-05-16 01:04:40 - [MESSAGE][PASSED] - Browser is opened with url: 'https://dev-algorithm.govolution.com/vlinktest/QA2/version_2_0/ACH_credit.html'

2024-05-16 01:04:40 - [TEST_STEP][PASSED] - maximizeWindow(): Current window maximized

2024-05-16 01:04:40 - [MESSAGE][PASSED] - Current window maximized

2024-05-16 01:04:40 - [TEST_STEP][PASSED] - setText(findTestObject("Object Repository/RecAndPlayBk/Page-Vlink-ACH-Credit/input_Remittance Id"), VLinkSaleRemID): Text '66299|47809|85843' is set on object 'Object Repository/RecAndPlayBk/Page-Vlink-ACH-Credit/input_Remittance Id'

2024-05-16 01:04:41 - [MESSAGE][PASSED] - Text '66299|47809|85843' is set on object 'Object Repository/RecAndPlayBk/Page-Vlink-ACH-Credit/input_Remittance Id'

2024-05-16 01:04:41 - [TEST_STEP][PASSED] - setText(findTestObject("Object Repository/RecAndPlayBk/Page-Vlink-ACH-Credit/input_Application Id"), appID): Text '234' is set on object 'Object Repository/RecAndPlayBk/Page-Vlink-ACH-Credit/input_Application Id'

2024-05-16 01:04:41 - [MESSAGE][PASSED] - Text '234' is set on object 'Object Repository/RecAndPlayBk/Page-Vlink-ACH-Credit/input_Application Id'

2024-05-16 01:04:41 - [TEST_STEP][PASSED] - setText(findTestObject("Object Repository/RecAndPlayBk/Page-Vlink-ACH-Credit/input_Username"), username): Text 'username' is set on object 'Object Repository/RecAndPlayBk/Page-Vlink-ACH-Credit/input_Username'

2024-05-16 01:04:42 - [MESSAGE][PASSED] - Text 'username' is set on object 'Object Repository/RecAndPlayBk/Page-Vlink-ACH-Credit/input_Username'

2024-05-16 01:04:42 - [TEST_STEP][PASSED] - setText(findTestObject("Object Repository/RecAndPlayBk/Page-Vlink-ACH-Credit/input_Password"), password): Text 'password' is set on object 'Object Repository/RecAndPlayBk/Page-Vlink-ACH-Credit/input_Password'

2024-05-16 01:04:43 - [MESSAGE][PASSED] - Text 'password' is set on object 'Object Repository/RecAndPlayBk/Page-Vlink-ACH-Credit/input_Password'

2024-05-16 01:04:43 - [TEST_STEP][PASSED] - setText(findTestObject("Object Repository/RecAndPlayBk/Page-Vlink-ACH-Credit/input_Check Type"), checkType): Text 'P' is set on object 'Object Repository/RecAndPlayBk/Page-Vlink-ACH-Credit/input_Check Type'

2024-05-16 01:04:43 - [MESSAGE][PASSED] - Text 'P' is set on object 'Object Repository/RecAndPlayBk/Page-Vlink-ACH-Credit/input_Check Type'

2024-05-16 01:04:43 - [TEST_STEP][PASSED] - setText(findTestObject("Object Repository/RecAndPlayBk/Page-Vlink-ACH-Credit/input_Transaction ID"), VLinkSaleTranxID): Text '12151753' is set on object 'Object Repository/RecAndPlayBk/Page-Vlink-ACH-Credit/input_Transaction ID'

2024-05-16 01:04:44 - [MESSAGE][PASSED] - Text '12151753' is set on object 'Object Repository/RecAndPlayBk/Page-Vlink-ACH-Credit/input_Transaction ID'

2024-05-16 01:04:44 - [TEST_STEP][PASSED] - setText(findTestObject("Object Repository/RecAndPlayBk/Page-Vlink-ACH-Credit/input_Amount"), amount): Text '12.50' is set on object 'Object Repository/RecAndPlayBk/Page-Vlink-ACH-Credit/input_Amount'

2024-05-16 01:04:44 - [MESSAGE][PASSED] - Text '12.50' is set on object 'Object Repository/RecAndPlayBk/Page-Vlink-ACH-Credit/input_Amount'

2024-05-16 01:04:44 - [TEST_STEP][PASSED] - setText(findTestObject("Object Repository/RecAndPlayBk/Page-Vlink-ACH-Credit/input_Standard Entry Class"), sec): Text 'PPD' is set on object 'Object Repository/RecAndPlayBk/Page-Vlink-ACH-Credit/input_Standard Entry Class'

2024-05-16 01:04:45 - [MESSAGE][PASSED] - Text 'PPD' is set on object 'Object Repository/RecAndPlayBk/Page-Vlink-ACH-Credit/input_Standard Entry Class'

2024-05-16 01:04:45 - [TEST_STEP][PASSED] - setText(findTestObject("Object Repository/RecAndPlayBk/Page-Vlink-ACH-Credit/input_Account Number"), acNumber): Text '58963214' is set on object 'Object Repository/RecAndPlayBk/Page-Vlink-ACH-Credit/input_Account Number'

2024-05-16 01:04:46 - [MESSAGE][PASSED] - Text '58963214' is set on object 'Object Repository/RecAndPlayBk/Page-Vlink-ACH-Credit/input_Account Number'

2024-05-16 01:04:46 - [TEST_STEP][PASSED] - setText(findTestObject("Object Repository/RecAndPlayBk/Page-Vlink-ACH-Credit/input_Routing Number"), rtn): Text '256072691' is set on object 'Object Repository/RecAndPlayBk/Page-Vlink-ACH-Credit/input_Routing Number'

2024-05-16 01:04:46 - [MESSAGE][PASSED] - Text '256072691' is set on object 'Object Repository/RecAndPlayBk/Page-Vlink-ACH-Credit/input_Routing Number'

2024-05-16 01:04:46 - [TEST_STEP][PASSED] - click(findTestObject("Object Repository/RecAndPlayBk/Page-Vlink-ACH-Credit/input")): Object: 'Object Repository/RecAndPlayBk/Page-Vlink-ACH-Credit/input' is clicked on

2024-05-16 01:04:47 - [MESSAGE][PASSED] - Object: 'Object Repository/RecAndPlayBk/Page-Vlink-ACH-Credit/input' is clicked on

2024-05-16 01:04:47 - [TEST_STEP][PASSED] - if (verifyTextPresent("Transaction approved, no errors", true)): null

2024-05-16 01:04:48 - [MESSAGE][PASSED] - Text 'Transaction approved, no errors' is present on page  using regular expression

2024-05-16 01:04:48 - [TEST_STEP][PASSED] - println("Transaction Approved, no errors text is present on the Confirmation page"): null

2024-05-16 01:04:48 - [TEST_STEP][PASSED] - out.println("Pass Record Number: " + row): null

2024-05-16 01:04:48 - [TEST_STEP][PASSED] - resText = "Pass": null

2024-05-16 01:04:48 - [TEST_STEP][PASSED] - pages.WriteExcel.demoKey(resText, datText, resColumn, datCloumn, fileLoc, nameSheet, row): pages.WriteExcel.demoKey is PASSED

2024-05-16 01:04:48 - [MESSAGE][PASSED] - pages.WriteExcel.demoKey is PASSED

2024-05-16 01:04:48 - [TEST_STEP][PASSED] - ExecuteTC = findTestData(dataFile).getValue("Execute", row): null

2024-05-16 01:04:48 - [TEST_STEP][PASSED] - out.println("Value of Execute is : " + ExecuteTC): null

2024-05-16 01:04:48 - [TEST_STEP][PASSED] - switch (executionProfile): null

2024-05-16 01:04:48 - [TEST_STEP][PASSED] - case "QA2Profile":: null

2024-05-16 01:04:48 - [TEST_STEP][PASSED] - appID = findTestData(dataFile).getValue("AppIDQA", row): null

2024-05-16 01:04:48 - [TEST_STEP][PASSED] - username = findTestData(dataFile).getValue("UsernameQA", row): null

2024-05-16 01:04:48 - [TEST_STEP][PASSED] - password = findTestData(dataFile).getValue("PasswordQA", row): null

2024-05-16 01:04:48 - [TEST_STEP][PASSED] - break: null

2024-05-16 01:04:48 - [TEST_STEP][PASSED] - if (ExecuteTC.equalsIgnoreCase("Y")): null

2024-05-16 01:04:48 - [TEST_STEP][PASSED] - out.println("Begin Record Number: " + row): null

2024-05-16 01:04:48 - [TEST_STEP][PASSED] - today = new java.util.Date(): null

2024-05-16 01:04:48 - [TEST_STEP][PASSED] - println(today): null

2024-05-16 01:04:48 - [TEST_STEP][PASSED] - datText = today: null

2024-05-16 01:04:48 - [TEST_STEP][PASSED] - checkType = findTestData(dataFile).getValue("CheckType", row): null

2024-05-16 01:04:48 - [TEST_STEP][PASSED] - acNumber = findTestData(dataFile).getValue("AcNumber", row): null

2024-05-16 01:04:48 - [TEST_STEP][PASSED] - company = findTestData(dataFile).getValue("Company", row): null

2024-05-16 01:04:48 - [TEST_STEP][PASSED] - acType = findTestData(dataFile).getValue("AcType", row): null

2024-05-16 01:04:48 - [TEST_STEP][PASSED] - rtn = findTestData(dataFile).getValue("RTN", row): null

2024-05-16 01:04:48 - [TEST_STEP][PASSED] - amount = findTestData(dataFile).getValue("Amount", row): null

2024-05-16 01:04:48 - [TEST_STEP][PASSED] - sec = findTestData(dataFile).getValue("SEC", row): null

2024-05-16 01:04:48 - [TEST_STEP][PASSED] - openBrowser(VLinkURL + "debit.html"): Browser is opened with url: 'https://dev-algorithm.govolution.com/vlinktest/QA2/version_2_0/debit.html'

2024-05-16 01:04:48 - [MESSAGE][WARNING] - A browser is already opened. Closing browser and opening a new one

2024-05-16 01:04:50 - [MESSAGE][INFO] - Starting 'Chrome' driver

2024-05-16 01:04:50 - [MESSAGE][INFO] - User set preference: ['acceptInsecureCerts', 'true']

2024-05-16 01:04:50 - [MESSAGE][INFO] - Action delay is set to 0 milliseconds

2024-05-16 01:04:52 - [MESSAGE][PASSED] - Browser is opened with url: 'https://dev-algorithm.govolution.com/vlinktest/QA2/version_2_0/debit.html'

2024-05-16 01:04:52 - [TEST_STEP][PASSED] - maximizeWindow(): Current window maximized

2024-05-16 01:04:52 - [MESSAGE][PASSED] - Current window maximized

2024-05-16 01:04:52 - [TEST_STEP][PASSED] - genRemID1 = random() * 99999).toInteger(): null

2024-05-16 01:04:52 - [TEST_STEP][PASSED] - genRemID2 = random() * 99999).toInteger(): null

2024-05-16 01:04:52 - [TEST_STEP][PASSED] - genRemID3 = random() * 99999).toInteger(): null

2024-05-16 01:04:52 - [TEST_STEP][PASSED] - println(genRemID1): null

2024-05-16 01:04:52 - [TEST_STEP][PASSED] - println(genRemID2): null

2024-05-16 01:04:52 - [TEST_STEP][PASSED] - println(genRemID3): null

2024-05-16 01:04:52 - [TEST_STEP][PASSED] - genRemID = genRemID1 + "|" + genRemID2 + "|" + genRemID3: null

2024-05-16 01:04:52 - [TEST_STEP][PASSED] - println(genRemID): null

2024-05-16 01:04:52 - [TEST_STEP][PASSED] - setText(findTestObject("RecAndPlayBk/Page-Vlink-Debit/input_Remittance Id"), genRemID): Text '84816|18579|74989' is set on object 'Object Repository/RecAndPlayBk/Page-Vlink-Debit/input_Remittance Id'

2024-05-16 01:04:53 - [MESSAGE][PASSED] - Text '84816|18579|74989' is set on object 'Object Repository/RecAndPlayBk/Page-Vlink-Debit/input_Remittance Id'

2024-05-16 01:04:53 - [TEST_STEP][PASSED] - setText(findTestObject("RecAndPlayBk/Page-Vlink-Debit/input_Application Id"), appID): Text '234' is set on object 'Object Repository/RecAndPlayBk/Page-Vlink-Debit/input_Application Id'

2024-05-16 01:04:53 - [MESSAGE][PASSED] - Text '234' is set on object 'Object Repository/RecAndPlayBk/Page-Vlink-Debit/input_Application Id'

2024-05-16 01:04:53 - [TEST_STEP][PASSED] - setText(findTestObject("RecAndPlayBk/Page-Vlink-Debit/input_Username"), username): Text 'username' is set on object 'Object Repository/RecAndPlayBk/Page-Vlink-Debit/input_Username'

2024-05-16 01:04:54 - [MESSAGE][PASSED] - Text 'username' is set on object 'Object Repository/RecAndPlayBk/Page-Vlink-Debit/input_Username'

2024-05-16 01:04:54 - [TEST_STEP][PASSED] - setText(findTestObject("RecAndPlayBk/Page-Vlink-Debit/input_Password"), password): Text 'password' is set on object 'Object Repository/RecAndPlayBk/Page-Vlink-Debit/input_Password'

2024-05-16 01:04:55 - [MESSAGE][PASSED] - Text 'password' is set on object 'Object Repository/RecAndPlayBk/Page-Vlink-Debit/input_Password'

2024-05-16 01:04:55 - [TEST_STEP][PASSED] - setText(findTestObject("RecAndPlayBk/Page-Vlink-Debit/input_Check Type"), checkType): Text 'C' is set on object 'Object Repository/RecAndPlayBk/Page-Vlink-Debit/input_Check Type'

2024-05-16 01:04:55 - [MESSAGE][PASSED] - Text 'C' is set on object 'Object Repository/RecAndPlayBk/Page-Vlink-Debit/input_Check Type'

2024-05-16 01:04:55 - [TEST_STEP][PASSED] - setText(findTestObject("RecAndPlayBk/Page-Vlink-Debit/input_Account_check"), acNumber): Text '58963214' is set on object 'Object Repository/RecAndPlayBk/Page-Vlink-Debit/input_Account_check'

2024-05-16 01:04:56 - [MESSAGE][PASSED] - Text '58963214' is set on object 'Object Repository/RecAndPlayBk/Page-Vlink-Debit/input_Account_check'

2024-05-16 01:04:56 - [TEST_STEP][PASSED] - setText(findTestObject("RecAndPlayBk/Page-Vlink-Debit/input_Company_check"), company): Text 'My Company' is set on object 'Object Repository/RecAndPlayBk/Page-Vlink-Debit/input_Company_check'

2024-05-16 01:04:57 - [MESSAGE][PASSED] - Text 'My Company' is set on object 'Object Repository/RecAndPlayBk/Page-Vlink-Debit/input_Company_check'

2024-05-16 01:04:57 - [TEST_STEP][PASSED] - setText(findTestObject("RecAndPlayBk/Page-Vlink-Debit/input_Account Type"), acType): Text '' is set on object 'Object Repository/RecAndPlayBk/Page-Vlink-Debit/input_Account Type'

2024-05-16 01:04:57 - [MESSAGE][PASSED] - Text '' is set on object 'Object Repository/RecAndPlayBk/Page-Vlink-Debit/input_Account Type'

2024-05-16 01:04:57 - [TEST_STEP][PASSED] - setText(findTestObject("RecAndPlayBk/Page-Vlink-Debit/input_Routing Number"), rtn): Text '256072691' is set on object 'Object Repository/RecAndPlayBk/Page-Vlink-Debit/input_Routing Number'

2024-05-16 01:04:58 - [MESSAGE][PASSED] - Text '256072691' is set on object 'Object Repository/RecAndPlayBk/Page-Vlink-Debit/input_Routing Number'

2024-05-16 01:04:58 - [TEST_STEP][PASSED] - setText(findTestObject("RecAndPlayBk/Page-Vlink-Debit/input_Amount"), amount): Text '12.50' is set on object 'Object Repository/RecAndPlayBk/Page-Vlink-Debit/input_Amount'

2024-05-16 01:04:59 - [MESSAGE][PASSED] - Text '12.50' is set on object 'Object Repository/RecAndPlayBk/Page-Vlink-Debit/input_Amount'

2024-05-16 01:04:59 - [TEST_STEP][PASSED] - setText(findTestObject("RecAndPlayBk/Page-Vlink-Debit/input_Check Email"), ""): Text '' is set on object 'Object Repository/RecAndPlayBk/Page-Vlink-Debit/input_Check Email'

2024-05-16 01:04:59 - [MESSAGE][PASSED] - Text '' is set on object 'Object Repository/RecAndPlayBk/Page-Vlink-Debit/input_Check Email'

2024-05-16 01:04:59 - [TEST_STEP][PASSED] - setText(findTestObject("Object Repository/RecAndPlayBk/Page-Vlink-Debit/input_concat(CheckWriter, , s SSN)_check_ssn"), ""): Text '' is set on object 'Object Repository/RecAndPlayBk/Page-Vlink-Debit/input_concat(CheckWriter, , s SSN)_check_ssn'

2024-05-16 01:05:00 - [MESSAGE][PASSED] - Text '' is set on object 'Object Repository/RecAndPlayBk/Page-Vlink-Debit/input_concat(CheckWriter, , s SSN)_check_ssn'

2024-05-16 01:05:00 - [TEST_STEP][PASSED] - setText(findTestObject("Object Repository/RecAndPlayBk/Page-Vlink-Debit/input_concat(CheckWriter, , s License Numbe_020fef"), ""): Text '' is set on object 'Object Repository/RecAndPlayBk/Page-Vlink-Debit/input_concat(CheckWriter, , s License Numbe_020fef'

2024-05-16 01:05:00 - [MESSAGE][PASSED] - Text '' is set on object 'Object Repository/RecAndPlayBk/Page-Vlink-Debit/input_concat(CheckWriter, , s License Numbe_020fef'

2024-05-16 01:05:00 - [TEST_STEP][PASSED] - setText(findTestObject("Object Repository/RecAndPlayBk/Page-Vlink-Debit/input_concat(CheckWriter, , s License State_21e3e7"), ""): Text '' is set on object 'Object Repository/RecAndPlayBk/Page-Vlink-Debit/input_concat(CheckWriter, , s License State_21e3e7'

2024-05-16 01:05:01 - [MESSAGE][PASSED] - Text '' is set on object 'Object Repository/RecAndPlayBk/Page-Vlink-Debit/input_concat(CheckWriter, , s License State_21e3e7'

2024-05-16 01:05:01 - [TEST_STEP][PASSED] - setText(findTestObject("RecAndPlayBk/Page-Vlink-Debit/input_Standard Entry Class"), sec): Text 'CCD' is set on object 'Object Repository/RecAndPlayBk/Page-Vlink-Debit/input_Standard Entry Class'

2024-05-16 01:05:02 - [MESSAGE][PASSED] - Text 'CCD' is set on object 'Object Repository/RecAndPlayBk/Page-Vlink-Debit/input_Standard Entry Class'

2024-05-16 01:05:02 - [TEST_STEP][PASSED] - click(findTestObject("Object Repository/RecAndPlayBk/Page-Vlink-Debit/input")): Object: 'Object Repository/RecAndPlayBk/Page-Vlink-Debit/input' is clicked on

2024-05-16 01:05:03 - [MESSAGE][PASSED] - Object: 'Object Repository/RecAndPlayBk/Page-Vlink-Debit/input' is clicked on

2024-05-16 01:05:03 - [TEST_STEP][PASSED] - if (verifyTextPresent("Transaction approved, no errors", true)): null

2024-05-16 01:05:03 - [MESSAGE][PASSED] - Text 'Transaction approved, no errors' is present on page  using regular expression

2024-05-16 01:05:03 - [TEST_STEP][PASSED] - println("Transaction Approved, no errors text is present on the Confirmation page"): null

2024-05-16 01:05:03 - [TEST_STEP][PASSED] - sdfo = getText(findTestObject("Object Repository/Page_VLinkReceipt/pre_STX")): Text of object 'Object Repository/Page_VLinkReceipt/pre_STX' is: '<STX>84816|18579|74989             12151755            0  Transaction approved, no errors                   0                                                                                                              <ETX>'

2024-05-16 01:05:03 - [MESSAGE][PASSED] - Text of object 'Object Repository/Page_VLinkReceipt/pre_STX' is: '<STX>84816|18579|74989             12151755            0  Transaction approved, no errors                   0                                                                                                              <ETX>'

2024-05-16 01:05:03 - [TEST_STEP][PASSED] - out.println("sdfo: " + sdfo): null

2024-05-16 01:05:03 - [TEST_STEP][PASSED] - remID = substring(5, 35).trim(): null

2024-05-16 01:05:03 - [TEST_STEP][PASSED] - out.println("remID: " + remID): null

2024-05-16 01:05:03 - [TEST_STEP][PASSED] - traxID = substring(35, 55).trim(): null

2024-05-16 01:05:03 - [TEST_STEP][PASSED] - out.println("traxID: " + traxID): null

2024-05-16 01:05:03 - [TEST_STEP][PASSED] - VLinkSaleRemID = remID: null

2024-05-16 01:05:03 - [TEST_STEP][PASSED] - VLinkSaleTranxID = traxID: null

2024-05-16 01:05:03 - [TEST_STEP][PASSED] - openBrowser(VLinkURL + "ACH_credit.html"): Browser is opened with url: 'https://dev-algorithm.govolution.com/vlinktest/QA2/version_2_0/ACH_credit.html'

2024-05-16 01:05:03 - [MESSAGE][WARNING] - A browser is already opened. Closing browser and opening a new one

2024-05-16 01:05:05 - [MESSAGE][INFO] - Starting 'Chrome' driver

2024-05-16 01:05:05 - [MESSAGE][INFO] - User set preference: ['acceptInsecureCerts', 'true']

2024-05-16 01:05:05 - [MESSAGE][INFO] - Action delay is set to 0 milliseconds

2024-05-16 01:05:07 - [MESSAGE][PASSED] - Browser is opened with url: 'https://dev-algorithm.govolution.com/vlinktest/QA2/version_2_0/ACH_credit.html'

2024-05-16 01:05:07 - [TEST_STEP][PASSED] - maximizeWindow(): Current window maximized

2024-05-16 01:05:07 - [MESSAGE][PASSED] - Current window maximized

2024-05-16 01:05:07 - [TEST_STEP][PASSED] - setText(findTestObject("Object Repository/RecAndPlayBk/Page-Vlink-ACH-Credit/input_Remittance Id"), VLinkSaleRemID): Text '84816|18579|74989' is set on object 'Object Repository/RecAndPlayBk/Page-Vlink-ACH-Credit/input_Remittance Id'

2024-05-16 01:05:08 - [MESSAGE][PASSED] - Text '84816|18579|74989' is set on object 'Object Repository/RecAndPlayBk/Page-Vlink-ACH-Credit/input_Remittance Id'

2024-05-16 01:05:08 - [TEST_STEP][PASSED] - setText(findTestObject("Object Repository/RecAndPlayBk/Page-Vlink-ACH-Credit/input_Application Id"), appID): Text '234' is set on object 'Object Repository/RecAndPlayBk/Page-Vlink-ACH-Credit/input_Application Id'

2024-05-16 01:05:08 - [MESSAGE][PASSED] - Text '234' is set on object 'Object Repository/RecAndPlayBk/Page-Vlink-ACH-Credit/input_Application Id'

2024-05-16 01:05:08 - [TEST_STEP][PASSED] - setText(findTestObject("Object Repository/RecAndPlayBk/Page-Vlink-ACH-Credit/input_Username"), username): Text 'username' is set on object 'Object Repository/RecAndPlayBk/Page-Vlink-ACH-Credit/input_Username'

2024-05-16 01:05:09 - [MESSAGE][PASSED] - Text 'username' is set on object 'Object Repository/RecAndPlayBk/Page-Vlink-ACH-Credit/input_Username'

2024-05-16 01:05:09 - [TEST_STEP][PASSED] - setText(findTestObject("Object Repository/RecAndPlayBk/Page-Vlink-ACH-Credit/input_Password"), password): Text 'password' is set on object 'Object Repository/RecAndPlayBk/Page-Vlink-ACH-Credit/input_Password'

2024-05-16 01:05:10 - [MESSAGE][PASSED] - Text 'password' is set on object 'Object Repository/RecAndPlayBk/Page-Vlink-ACH-Credit/input_Password'

2024-05-16 01:05:10 - [TEST_STEP][PASSED] - setText(findTestObject("Object Repository/RecAndPlayBk/Page-Vlink-ACH-Credit/input_Check Type"), checkType): Text 'C' is set on object 'Object Repository/RecAndPlayBk/Page-Vlink-ACH-Credit/input_Check Type'

2024-05-16 01:05:10 - [MESSAGE][PASSED] - Text 'C' is set on object 'Object Repository/RecAndPlayBk/Page-Vlink-ACH-Credit/input_Check Type'

2024-05-16 01:05:10 - [TEST_STEP][PASSED] - setText(findTestObject("Object Repository/RecAndPlayBk/Page-Vlink-ACH-Credit/input_Transaction ID"), VLinkSaleTranxID): Text '12151755' is set on object 'Object Repository/RecAndPlayBk/Page-Vlink-ACH-Credit/input_Transaction ID'

2024-05-16 01:05:11 - [MESSAGE][PASSED] - Text '12151755' is set on object 'Object Repository/RecAndPlayBk/Page-Vlink-ACH-Credit/input_Transaction ID'

2024-05-16 01:05:11 - [TEST_STEP][PASSED] - setText(findTestObject("Object Repository/RecAndPlayBk/Page-Vlink-ACH-Credit/input_Amount"), amount): Text '12.50' is set on object 'Object Repository/RecAndPlayBk/Page-Vlink-ACH-Credit/input_Amount'

2024-05-16 01:05:12 - [MESSAGE][PASSED] - Text '12.50' is set on object 'Object Repository/RecAndPlayBk/Page-Vlink-ACH-Credit/input_Amount'

2024-05-16 01:05:12 - [TEST_STEP][PASSED] - setText(findTestObject("Object Repository/RecAndPlayBk/Page-Vlink-ACH-Credit/input_Standard Entry Class"), sec): Text 'CCD' is set on object 'Object Repository/RecAndPlayBk/Page-Vlink-ACH-Credit/input_Standard Entry Class'

2024-05-16 01:05:12 - [MESSAGE][PASSED] - Text 'CCD' is set on object 'Object Repository/RecAndPlayBk/Page-Vlink-ACH-Credit/input_Standard Entry Class'

2024-05-16 01:05:12 - [TEST_STEP][PASSED] - setText(findTestObject("Object Repository/RecAndPlayBk/Page-Vlink-ACH-Credit/input_Account Number"), acNumber): Text '58963214' is set on object 'Object Repository/RecAndPlayBk/Page-Vlink-ACH-Credit/input_Account Number'

2024-05-16 01:05:13 - [MESSAGE][PASSED] - Text '58963214' is set on object 'Object Repository/RecAndPlayBk/Page-Vlink-ACH-Credit/input_Account Number'

2024-05-16 01:05:13 - [TEST_STEP][PASSED] - setText(findTestObject("Object Repository/RecAndPlayBk/Page-Vlink-ACH-Credit/input_Routing Number"), rtn): Text '256072691' is set on object 'Object Repository/RecAndPlayBk/Page-Vlink-ACH-Credit/input_Routing Number'

2024-05-16 01:05:14 - [MESSAGE][PASSED] - Text '256072691' is set on object 'Object Repository/RecAndPlayBk/Page-Vlink-ACH-Credit/input_Routing Number'

2024-05-16 01:05:14 - [TEST_STEP][PASSED] - click(findTestObject("Object Repository/RecAndPlayBk/Page-Vlink-ACH-Credit/input")): Object: 'Object Repository/RecAndPlayBk/Page-Vlink-ACH-Credit/input' is clicked on

2024-05-16 01:05:14 - [MESSAGE][PASSED] - Object: 'Object Repository/RecAndPlayBk/Page-Vlink-ACH-Credit/input' is clicked on

2024-05-16 01:05:14 - [TEST_STEP][PASSED] - if (verifyTextPresent("Transaction approved, no errors", true)): null

2024-05-16 01:05:15 - [MESSAGE][PASSED] - Text 'Transaction approved, no errors' is present on page  using regular expression

2024-05-16 01:05:15 - [TEST_STEP][PASSED] - println("Transaction Approved, no errors text is present on the Confirmation page"): null

2024-05-16 01:05:15 - [TEST_STEP][PASSED] - out.println("Pass Record Number: " + row): null

2024-05-16 01:05:15 - [TEST_STEP][PASSED] - resText = "Pass": null

2024-05-16 01:05:15 - [TEST_STEP][PASSED] - pages.WriteExcel.demoKey(resText, datText, resColumn, datCloumn, fileLoc, nameSheet, row): pages.WriteExcel.demoKey is PASSED

2024-05-16 01:05:15 - [MESSAGE][PASSED] - pages.WriteExcel.demoKey is PASSED]]></system-out>
         <system-err><![CDATA[]]></system-err>
      </testcase>
      <testcase name="Test Cases/RecAndPlayBk/VLink/Debit-RemID-Pipe" time="111.164" classname="Test Cases/RecAndPlayBk/VLink/Debit-RemID-Pipe" status="PASSED">
         <system-out><![CDATA[2024-05-16 01:05:15 - [TEST_CASE][PASSED] - Test Cases/RecAndPlayBk/VLink/Debit-RemID-Pipe: Test Cases/RecAndPlayBk/VLink/Debit-RemID-Pipe

2024-05-16 01:05:15 - [TEST_STEP][PASSED] - executionProfile = getExecutionProfile(): null

2024-05-16 01:05:15 - [TEST_STEP][PASSED] - out.println("executionProfile : " + executionProfile): null

2024-05-16 01:05:15 - [TEST_STEP][PASSED] - resText = "Fail": null

2024-05-16 01:05:15 - [TEST_STEP][PASSED] - resColumn = "Result": null

2024-05-16 01:05:15 - [TEST_STEP][PASSED] - datCloumn = "Date": null

2024-05-16 01:05:15 - [TEST_STEP][PASSED] - fileLoc = "KatalonData/VLinkSmokeDataACH.xlsx": null

2024-05-16 01:05:15 - [TEST_STEP][PASSED] - numOfRows = <not implemented yet for class: org.codehaus.groovy.ast.expr.EmptyExpression>: null

2024-05-16 01:05:15 - [TEST_STEP][PASSED] - dataFile = <not implemented yet for class: org.codehaus.groovy.ast.expr.EmptyExpression>: null

2024-05-16 01:05:15 - [TEST_STEP][PASSED] - nameSheet = <not implemented yet for class: org.codehaus.groovy.ast.expr.EmptyExpression>: null

2024-05-16 01:05:15 - [TEST_STEP][PASSED] - nameSheet = "Debit-RemID-Pipe": null

2024-05-16 01:05:15 - [TEST_STEP][PASSED] - numOfRows = findTestData("QA/VLinkTestData/VLinkDebitRemIDPipeData").getRowNumbers(): null

2024-05-16 01:05:15 - [TEST_STEP][PASSED] - println("Number of Records: " + numOfRows): null

2024-05-16 01:05:15 - [TEST_STEP][PASSED] - dataFile = "QA/VLinkTestData/VLinkDebitRemIDPipeData": null

2024-05-16 01:05:15 - [TEST_STEP][PASSED] - for ([row = 1, row <= numOfRows, (row++)]): null

2024-05-16 01:05:15 - [TEST_STEP][PASSED] - ExecuteTC = findTestData(dataFile).getValue("Execute", row): null

2024-05-16 01:05:16 - [TEST_STEP][PASSED] - out.println("Value of Execute is : " + ExecuteTC): null

2024-05-16 01:05:16 - [TEST_STEP][PASSED] - switch (executionProfile): null

2024-05-16 01:05:16 - [TEST_STEP][PASSED] - case "QA2Profile":: null

2024-05-16 01:05:16 - [TEST_STEP][PASSED] - appID = findTestData(dataFile).getValue("AppIDQA", row): null

2024-05-16 01:05:16 - [TEST_STEP][PASSED] - username = findTestData(dataFile).getValue("UsernameQA", row): null

2024-05-16 01:05:16 - [TEST_STEP][PASSED] - password = findTestData(dataFile).getValue("PasswordQA", row): null

2024-05-16 01:05:16 - [TEST_STEP][PASSED] - break: null

2024-05-16 01:05:16 - [TEST_STEP][PASSED] - if (ExecuteTC.equalsIgnoreCase("Y")): null

2024-05-16 01:05:16 - [TEST_STEP][PASSED] - out.println("Begin Record Number: " + row): null

2024-05-16 01:05:16 - [TEST_STEP][PASSED] - today = new java.util.Date(): null

2024-05-16 01:05:16 - [TEST_STEP][PASSED] - println(today): null

2024-05-16 01:05:16 - [TEST_STEP][PASSED] - datText = today: null

2024-05-16 01:05:16 - [TEST_STEP][PASSED] - checkType = findTestData(dataFile).getValue("CheckType", row): null

2024-05-16 01:05:16 - [TEST_STEP][PASSED] - acNumber = findTestData(dataFile).getValue("AcNumber", row): null

2024-05-16 01:05:16 - [TEST_STEP][PASSED] - company = findTestData(dataFile).getValue("Company", row): null

2024-05-16 01:05:16 - [TEST_STEP][PASSED] - acType = findTestData(dataFile).getValue("AcType", row): null

2024-05-16 01:05:16 - [TEST_STEP][PASSED] - rtn = findTestData(dataFile).getValue("RTN", row): null

2024-05-16 01:05:16 - [TEST_STEP][PASSED] - amount = findTestData(dataFile).getValue("Amount", row): null

2024-05-16 01:05:16 - [TEST_STEP][PASSED] - sec = findTestData(dataFile).getValue("SEC", row): null

2024-05-16 01:05:16 - [TEST_STEP][PASSED] - openBrowser(VLinkURL + "debit.html"): Browser is opened with url: 'https://dev-algorithm.govolution.com/vlinktest/QA2/version_2_0/debit.html'

2024-05-16 01:05:16 - [MESSAGE][WARNING] - A browser is already opened. Closing browser and opening a new one

2024-05-16 01:05:18 - [MESSAGE][INFO] - Starting 'Chrome' driver

2024-05-16 01:05:18 - [MESSAGE][INFO] - User set preference: ['acceptInsecureCerts', 'true']

2024-05-16 01:05:18 - [MESSAGE][INFO] - Action delay is set to 0 milliseconds

2024-05-16 01:05:20 - [MESSAGE][PASSED] - Browser is opened with url: 'https://dev-algorithm.govolution.com/vlinktest/QA2/version_2_0/debit.html'

2024-05-16 01:05:20 - [TEST_STEP][PASSED] - maximizeWindow(): Current window maximized

2024-05-16 01:05:20 - [MESSAGE][PASSED] - Current window maximized

2024-05-16 01:05:20 - [TEST_STEP][PASSED] - genRemID1 = random() * 99999).toInteger(): null

2024-05-16 01:05:20 - [TEST_STEP][PASSED] - genRemID2 = random() * 99999).toInteger(): null

2024-05-16 01:05:20 - [TEST_STEP][PASSED] - genRemID3 = random() * 99999).toInteger(): null

2024-05-16 01:05:20 - [TEST_STEP][PASSED] - println(genRemID1): null

2024-05-16 01:05:20 - [TEST_STEP][PASSED] - println(genRemID2): null

2024-05-16 01:05:20 - [TEST_STEP][PASSED] - println(genRemID3): null

2024-05-16 01:05:20 - [TEST_STEP][PASSED] - genRemID = genRemID1 + "|" + genRemID2 + "|" + genRemID3: null

2024-05-16 01:05:20 - [TEST_STEP][PASSED] - println(genRemID): null

2024-05-16 01:05:20 - [TEST_STEP][PASSED] - setText(findTestObject("RecAndPlayBk/Page-Vlink-Debit/input_Remittance Id"), genRemID): Text '58616|87295|78683' is set on object 'Object Repository/RecAndPlayBk/Page-Vlink-Debit/input_Remittance Id'

2024-05-16 01:05:21 - [MESSAGE][PASSED] - Text '58616|87295|78683' is set on object 'Object Repository/RecAndPlayBk/Page-Vlink-Debit/input_Remittance Id'

2024-05-16 01:05:21 - [TEST_STEP][PASSED] - setText(findTestObject("RecAndPlayBk/Page-Vlink-Debit/input_Application Id"), appID): Text '234' is set on object 'Object Repository/RecAndPlayBk/Page-Vlink-Debit/input_Application Id'

2024-05-16 01:05:22 - [MESSAGE][PASSED] - Text '234' is set on object 'Object Repository/RecAndPlayBk/Page-Vlink-Debit/input_Application Id'

2024-05-16 01:05:22 - [TEST_STEP][PASSED] - setText(findTestObject("RecAndPlayBk/Page-Vlink-Debit/input_Username"), username): Text 'username' is set on object 'Object Repository/RecAndPlayBk/Page-Vlink-Debit/input_Username'

2024-05-16 01:05:22 - [MESSAGE][PASSED] - Text 'username' is set on object 'Object Repository/RecAndPlayBk/Page-Vlink-Debit/input_Username'

2024-05-16 01:05:22 - [TEST_STEP][PASSED] - setText(findTestObject("RecAndPlayBk/Page-Vlink-Debit/input_Password"), password): Text 'password' is set on object 'Object Repository/RecAndPlayBk/Page-Vlink-Debit/input_Password'

2024-05-16 01:05:23 - [MESSAGE][PASSED] - Text 'password' is set on object 'Object Repository/RecAndPlayBk/Page-Vlink-Debit/input_Password'

2024-05-16 01:05:23 - [TEST_STEP][PASSED] - setText(findTestObject("RecAndPlayBk/Page-Vlink-Debit/input_Check Type"), checkType): Text 'P' is set on object 'Object Repository/RecAndPlayBk/Page-Vlink-Debit/input_Check Type'

2024-05-16 01:05:24 - [MESSAGE][PASSED] - Text 'P' is set on object 'Object Repository/RecAndPlayBk/Page-Vlink-Debit/input_Check Type'

2024-05-16 01:05:24 - [TEST_STEP][PASSED] - setText(findTestObject("RecAndPlayBk/Page-Vlink-Debit/input_Account_check"), acNumber): Text '58963214' is set on object 'Object Repository/RecAndPlayBk/Page-Vlink-Debit/input_Account_check'

2024-05-16 01:05:24 - [MESSAGE][PASSED] - Text '58963214' is set on object 'Object Repository/RecAndPlayBk/Page-Vlink-Debit/input_Account_check'

2024-05-16 01:05:24 - [TEST_STEP][PASSED] - setText(findTestObject("RecAndPlayBk/Page-Vlink-Debit/input_Company_check"), company): Text '' is set on object 'Object Repository/RecAndPlayBk/Page-Vlink-Debit/input_Company_check'

2024-05-16 01:05:25 - [MESSAGE][PASSED] - Text '' is set on object 'Object Repository/RecAndPlayBk/Page-Vlink-Debit/input_Company_check'

2024-05-16 01:05:25 - [TEST_STEP][PASSED] - setText(findTestObject("RecAndPlayBk/Page-Vlink-Debit/input_Account Type"), acType): Text '1' is set on object 'Object Repository/RecAndPlayBk/Page-Vlink-Debit/input_Account Type'

2024-05-16 01:05:26 - [MESSAGE][PASSED] - Text '1' is set on object 'Object Repository/RecAndPlayBk/Page-Vlink-Debit/input_Account Type'

2024-05-16 01:05:26 - [TEST_STEP][PASSED] - setText(findTestObject("RecAndPlayBk/Page-Vlink-Debit/input_Routing Number"), rtn): Text '256072691' is set on object 'Object Repository/RecAndPlayBk/Page-Vlink-Debit/input_Routing Number'

2024-05-16 01:05:26 - [MESSAGE][PASSED] - Text '256072691' is set on object 'Object Repository/RecAndPlayBk/Page-Vlink-Debit/input_Routing Number'

2024-05-16 01:05:26 - [TEST_STEP][PASSED] - setText(findTestObject("RecAndPlayBk/Page-Vlink-Debit/input_Amount"), amount): Text '12.50' is set on object 'Object Repository/RecAndPlayBk/Page-Vlink-Debit/input_Amount'

2024-05-16 01:05:27 - [MESSAGE][PASSED] - Text '12.50' is set on object 'Object Repository/RecAndPlayBk/Page-Vlink-Debit/input_Amount'

2024-05-16 01:05:27 - [TEST_STEP][PASSED] - setText(findTestObject("RecAndPlayBk/Page-Vlink-Debit/input_Check Email"), ""): Text '' is set on object 'Object Repository/RecAndPlayBk/Page-Vlink-Debit/input_Check Email'

2024-05-16 01:05:27 - [MESSAGE][PASSED] - Text '' is set on object 'Object Repository/RecAndPlayBk/Page-Vlink-Debit/input_Check Email'

2024-05-16 01:05:27 - [TEST_STEP][PASSED] - setText(findTestObject("Object Repository/RecAndPlayBk/Page-Vlink-Debit/input_concat(CheckWriter, , s SSN)_check_ssn"), ""): Text '' is set on object 'Object Repository/RecAndPlayBk/Page-Vlink-Debit/input_concat(CheckWriter, , s SSN)_check_ssn'

2024-05-16 01:05:28 - [MESSAGE][PASSED] - Text '' is set on object 'Object Repository/RecAndPlayBk/Page-Vlink-Debit/input_concat(CheckWriter, , s SSN)_check_ssn'

2024-05-16 01:05:28 - [TEST_STEP][PASSED] - setText(findTestObject("Object Repository/RecAndPlayBk/Page-Vlink-Debit/input_concat(CheckWriter, , s License Numbe_020fef"), ""): Text '' is set on object 'Object Repository/RecAndPlayBk/Page-Vlink-Debit/input_concat(CheckWriter, , s License Numbe_020fef'

2024-05-16 01:05:29 - [MESSAGE][PASSED] - Text '' is set on object 'Object Repository/RecAndPlayBk/Page-Vlink-Debit/input_concat(CheckWriter, , s License Numbe_020fef'

2024-05-16 01:05:29 - [TEST_STEP][PASSED] - setText(findTestObject("Object Repository/RecAndPlayBk/Page-Vlink-Debit/input_concat(CheckWriter, , s License State_21e3e7"), ""): Text '' is set on object 'Object Repository/RecAndPlayBk/Page-Vlink-Debit/input_concat(CheckWriter, , s License State_21e3e7'

2024-05-16 01:05:29 - [MESSAGE][PASSED] - Text '' is set on object 'Object Repository/RecAndPlayBk/Page-Vlink-Debit/input_concat(CheckWriter, , s License State_21e3e7'

2024-05-16 01:05:29 - [TEST_STEP][PASSED] - setText(findTestObject("RecAndPlayBk/Page-Vlink-Debit/input_Standard Entry Class"), sec): Text 'WEB' is set on object 'Object Repository/RecAndPlayBk/Page-Vlink-Debit/input_Standard Entry Class'

2024-05-16 01:05:30 - [MESSAGE][PASSED] - Text 'WEB' is set on object 'Object Repository/RecAndPlayBk/Page-Vlink-Debit/input_Standard Entry Class'

2024-05-16 01:05:30 - [TEST_STEP][PASSED] - click(findTestObject("Object Repository/RecAndPlayBk/Page-Vlink-Debit/input")): Object: 'Object Repository/RecAndPlayBk/Page-Vlink-Debit/input' is clicked on

2024-05-16 01:05:31 - [MESSAGE][PASSED] - Object: 'Object Repository/RecAndPlayBk/Page-Vlink-Debit/input' is clicked on

2024-05-16 01:05:31 - [TEST_STEP][PASSED] - if (verifyTextPresent("Transaction approved, no errors", true)): null

2024-05-16 01:05:31 - [MESSAGE][PASSED] - Text 'Transaction approved, no errors' is present on page  using regular expression

2024-05-16 01:05:31 - [TEST_STEP][PASSED] - println("Transaction Approved, no errors text is present on the Confirmation page"): null

2024-05-16 01:05:31 - [TEST_STEP][PASSED] - out.println("Pass Record Number: " + row): null

2024-05-16 01:05:31 - [TEST_STEP][PASSED] - resText = "Pass": null

2024-05-16 01:05:31 - [TEST_STEP][PASSED] - pages.WriteExcel.demoKey(resText, datText, resColumn, datCloumn, fileLoc, nameSheet, row): pages.WriteExcel.demoKey is PASSED

2024-05-16 01:05:31 - [MESSAGE][PASSED] - pages.WriteExcel.demoKey is PASSED

2024-05-16 01:05:31 - [TEST_STEP][PASSED] - ExecuteTC = findTestData(dataFile).getValue("Execute", row): null

2024-05-16 01:05:31 - [TEST_STEP][PASSED] - out.println("Value of Execute is : " + ExecuteTC): null

2024-05-16 01:05:31 - [TEST_STEP][PASSED] - switch (executionProfile): null

2024-05-16 01:05:31 - [TEST_STEP][PASSED] - case "QA2Profile":: null

2024-05-16 01:05:31 - [TEST_STEP][PASSED] - appID = findTestData(dataFile).getValue("AppIDQA", row): null

2024-05-16 01:05:32 - [TEST_STEP][PASSED] - username = findTestData(dataFile).getValue("UsernameQA", row): null

2024-05-16 01:05:32 - [TEST_STEP][PASSED] - password = findTestData(dataFile).getValue("PasswordQA", row): null

2024-05-16 01:05:32 - [TEST_STEP][PASSED] - break: null

2024-05-16 01:05:32 - [TEST_STEP][PASSED] - if (ExecuteTC.equalsIgnoreCase("Y")): null

2024-05-16 01:05:32 - [TEST_STEP][PASSED] - out.println("Begin Record Number: " + row): null

2024-05-16 01:05:32 - [TEST_STEP][PASSED] - today = new java.util.Date(): null

2024-05-16 01:05:32 - [TEST_STEP][PASSED] - println(today): null

2024-05-16 01:05:32 - [TEST_STEP][PASSED] - datText = today: null

2024-05-16 01:05:32 - [TEST_STEP][PASSED] - checkType = findTestData(dataFile).getValue("CheckType", row): null

2024-05-16 01:05:32 - [TEST_STEP][PASSED] - acNumber = findTestData(dataFile).getValue("AcNumber", row): null

2024-05-16 01:05:32 - [TEST_STEP][PASSED] - company = findTestData(dataFile).getValue("Company", row): null

2024-05-16 01:05:32 - [TEST_STEP][PASSED] - acType = findTestData(dataFile).getValue("AcType", row): null

2024-05-16 01:05:32 - [TEST_STEP][PASSED] - rtn = findTestData(dataFile).getValue("RTN", row): null

2024-05-16 01:05:32 - [TEST_STEP][PASSED] - amount = findTestData(dataFile).getValue("Amount", row): null

2024-05-16 01:05:32 - [TEST_STEP][PASSED] - sec = findTestData(dataFile).getValue("SEC", row): null

2024-05-16 01:05:32 - [TEST_STEP][PASSED] - openBrowser(VLinkURL + "debit.html"): Browser is opened with url: 'https://dev-algorithm.govolution.com/vlinktest/QA2/version_2_0/debit.html'

2024-05-16 01:05:32 - [MESSAGE][WARNING] - A browser is already opened. Closing browser and opening a new one

2024-05-16 01:05:33 - [MESSAGE][INFO] - Starting 'Chrome' driver

2024-05-16 01:05:33 - [MESSAGE][INFO] - User set preference: ['acceptInsecureCerts', 'true']

2024-05-16 01:05:33 - [MESSAGE][INFO] - Action delay is set to 0 milliseconds

2024-05-16 01:05:36 - [MESSAGE][PASSED] - Browser is opened with url: 'https://dev-algorithm.govolution.com/vlinktest/QA2/version_2_0/debit.html'

2024-05-16 01:05:36 - [TEST_STEP][PASSED] - maximizeWindow(): Current window maximized

2024-05-16 01:05:36 - [MESSAGE][PASSED] - Current window maximized

2024-05-16 01:05:36 - [TEST_STEP][PASSED] - genRemID1 = random() * 99999).toInteger(): null

2024-05-16 01:05:36 - [TEST_STEP][PASSED] - genRemID2 = random() * 99999).toInteger(): null

2024-05-16 01:05:36 - [TEST_STEP][PASSED] - genRemID3 = random() * 99999).toInteger(): null

2024-05-16 01:05:36 - [TEST_STEP][PASSED] - println(genRemID1): null

2024-05-16 01:05:36 - [TEST_STEP][PASSED] - println(genRemID2): null

2024-05-16 01:05:36 - [TEST_STEP][PASSED] - println(genRemID3): null

2024-05-16 01:05:36 - [TEST_STEP][PASSED] - genRemID = genRemID1 + "|" + genRemID2 + "|" + genRemID3: null

2024-05-16 01:05:36 - [TEST_STEP][PASSED] - println(genRemID): null

2024-05-16 01:05:36 - [TEST_STEP][PASSED] - setText(findTestObject("RecAndPlayBk/Page-Vlink-Debit/input_Remittance Id"), genRemID): Text '79315|11884|36144' is set on object 'Object Repository/RecAndPlayBk/Page-Vlink-Debit/input_Remittance Id'

2024-05-16 01:05:37 - [MESSAGE][PASSED] - Text '79315|11884|36144' is set on object 'Object Repository/RecAndPlayBk/Page-Vlink-Debit/input_Remittance Id'

2024-05-16 01:05:37 - [TEST_STEP][PASSED] - setText(findTestObject("RecAndPlayBk/Page-Vlink-Debit/input_Application Id"), appID): Text '234' is set on object 'Object Repository/RecAndPlayBk/Page-Vlink-Debit/input_Application Id'

2024-05-16 01:05:37 - [MESSAGE][PASSED] - Text '234' is set on object 'Object Repository/RecAndPlayBk/Page-Vlink-Debit/input_Application Id'

2024-05-16 01:05:37 - [TEST_STEP][PASSED] - setText(findTestObject("RecAndPlayBk/Page-Vlink-Debit/input_Username"), username): Text 'username' is set on object 'Object Repository/RecAndPlayBk/Page-Vlink-Debit/input_Username'

2024-05-16 01:05:38 - [MESSAGE][PASSED] - Text 'username' is set on object 'Object Repository/RecAndPlayBk/Page-Vlink-Debit/input_Username'

2024-05-16 01:05:38 - [TEST_STEP][PASSED] - setText(findTestObject("RecAndPlayBk/Page-Vlink-Debit/input_Password"), password): Text 'password' is set on object 'Object Repository/RecAndPlayBk/Page-Vlink-Debit/input_Password'

2024-05-16 01:05:39 - [MESSAGE][PASSED] - Text 'password' is set on object 'Object Repository/RecAndPlayBk/Page-Vlink-Debit/input_Password'

2024-05-16 01:05:39 - [TEST_STEP][PASSED] - setText(findTestObject("RecAndPlayBk/Page-Vlink-Debit/input_Check Type"), checkType): Text 'P' is set on object 'Object Repository/RecAndPlayBk/Page-Vlink-Debit/input_Check Type'

2024-05-16 01:05:39 - [MESSAGE][PASSED] - Text 'P' is set on object 'Object Repository/RecAndPlayBk/Page-Vlink-Debit/input_Check Type'

2024-05-16 01:05:39 - [TEST_STEP][PASSED] - setText(findTestObject("RecAndPlayBk/Page-Vlink-Debit/input_Account_check"), acNumber): Text '58963214' is set on object 'Object Repository/RecAndPlayBk/Page-Vlink-Debit/input_Account_check'

2024-05-16 01:05:40 - [MESSAGE][PASSED] - Text '58963214' is set on object 'Object Repository/RecAndPlayBk/Page-Vlink-Debit/input_Account_check'

2024-05-16 01:05:40 - [TEST_STEP][PASSED] - setText(findTestObject("RecAndPlayBk/Page-Vlink-Debit/input_Company_check"), company): Text '' is set on object 'Object Repository/RecAndPlayBk/Page-Vlink-Debit/input_Company_check'

2024-05-16 01:05:40 - [MESSAGE][PASSED] - Text '' is set on object 'Object Repository/RecAndPlayBk/Page-Vlink-Debit/input_Company_check'

2024-05-16 01:05:40 - [TEST_STEP][PASSED] - setText(findTestObject("RecAndPlayBk/Page-Vlink-Debit/input_Account Type"), acType): Text '1' is set on object 'Object Repository/RecAndPlayBk/Page-Vlink-Debit/input_Account Type'

2024-05-16 01:05:41 - [MESSAGE][PASSED] - Text '1' is set on object 'Object Repository/RecAndPlayBk/Page-Vlink-Debit/input_Account Type'

2024-05-16 01:05:41 - [TEST_STEP][PASSED] - setText(findTestObject("RecAndPlayBk/Page-Vlink-Debit/input_Routing Number"), rtn): Text '256072691' is set on object 'Object Repository/RecAndPlayBk/Page-Vlink-Debit/input_Routing Number'

2024-05-16 01:05:42 - [MESSAGE][PASSED] - Text '256072691' is set on object 'Object Repository/RecAndPlayBk/Page-Vlink-Debit/input_Routing Number'

2024-05-16 01:05:42 - [TEST_STEP][PASSED] - setText(findTestObject("RecAndPlayBk/Page-Vlink-Debit/input_Amount"), amount): Text '12.50' is set on object 'Object Repository/RecAndPlayBk/Page-Vlink-Debit/input_Amount'

2024-05-16 01:05:42 - [MESSAGE][PASSED] - Text '12.50' is set on object 'Object Repository/RecAndPlayBk/Page-Vlink-Debit/input_Amount'

2024-05-16 01:05:42 - [TEST_STEP][PASSED] - setText(findTestObject("RecAndPlayBk/Page-Vlink-Debit/input_Check Email"), ""): Text '' is set on object 'Object Repository/RecAndPlayBk/Page-Vlink-Debit/input_Check Email'

2024-05-16 01:05:43 - [MESSAGE][PASSED] - Text '' is set on object 'Object Repository/RecAndPlayBk/Page-Vlink-Debit/input_Check Email'

2024-05-16 01:05:43 - [TEST_STEP][PASSED] - setText(findTestObject("Object Repository/RecAndPlayBk/Page-Vlink-Debit/input_concat(CheckWriter, , s SSN)_check_ssn"), ""): Text '' is set on object 'Object Repository/RecAndPlayBk/Page-Vlink-Debit/input_concat(CheckWriter, , s SSN)_check_ssn'

2024-05-16 01:05:44 - [MESSAGE][PASSED] - Text '' is set on object 'Object Repository/RecAndPlayBk/Page-Vlink-Debit/input_concat(CheckWriter, , s SSN)_check_ssn'

2024-05-16 01:05:44 - [TEST_STEP][PASSED] - setText(findTestObject("Object Repository/RecAndPlayBk/Page-Vlink-Debit/input_concat(CheckWriter, , s License Numbe_020fef"), ""): Text '' is set on object 'Object Repository/RecAndPlayBk/Page-Vlink-Debit/input_concat(CheckWriter, , s License Numbe_020fef'

2024-05-16 01:05:44 - [MESSAGE][PASSED] - Text '' is set on object 'Object Repository/RecAndPlayBk/Page-Vlink-Debit/input_concat(CheckWriter, , s License Numbe_020fef'

2024-05-16 01:05:44 - [TEST_STEP][PASSED] - setText(findTestObject("Object Repository/RecAndPlayBk/Page-Vlink-Debit/input_concat(CheckWriter, , s License State_21e3e7"), ""): Text '' is set on object 'Object Repository/RecAndPlayBk/Page-Vlink-Debit/input_concat(CheckWriter, , s License State_21e3e7'

2024-05-16 01:05:45 - [MESSAGE][PASSED] - Text '' is set on object 'Object Repository/RecAndPlayBk/Page-Vlink-Debit/input_concat(CheckWriter, , s License State_21e3e7'

2024-05-16 01:05:45 - [TEST_STEP][PASSED] - setText(findTestObject("RecAndPlayBk/Page-Vlink-Debit/input_Standard Entry Class"), sec): Text 'TEL' is set on object 'Object Repository/RecAndPlayBk/Page-Vlink-Debit/input_Standard Entry Class'

2024-05-16 01:05:46 - [MESSAGE][PASSED] - Text 'TEL' is set on object 'Object Repository/RecAndPlayBk/Page-Vlink-Debit/input_Standard Entry Class'

2024-05-16 01:05:46 - [TEST_STEP][PASSED] - click(findTestObject("Object Repository/RecAndPlayBk/Page-Vlink-Debit/input")): Object: 'Object Repository/RecAndPlayBk/Page-Vlink-Debit/input' is clicked on

2024-05-16 01:05:46 - [MESSAGE][PASSED] - Object: 'Object Repository/RecAndPlayBk/Page-Vlink-Debit/input' is clicked on

2024-05-16 01:05:46 - [TEST_STEP][PASSED] - if (verifyTextPresent("Transaction approved, no errors", true)): null

2024-05-16 01:05:47 - [MESSAGE][PASSED] - Text 'Transaction approved, no errors' is present on page  using regular expression

2024-05-16 01:05:47 - [TEST_STEP][PASSED] - println("Transaction Approved, no errors text is present on the Confirmation page"): null

2024-05-16 01:05:47 - [TEST_STEP][PASSED] - out.println("Pass Record Number: " + row): null

2024-05-16 01:05:47 - [TEST_STEP][PASSED] - resText = "Pass": null

2024-05-16 01:05:47 - [TEST_STEP][PASSED] - pages.WriteExcel.demoKey(resText, datText, resColumn, datCloumn, fileLoc, nameSheet, row): pages.WriteExcel.demoKey is PASSED

2024-05-16 01:05:47 - [MESSAGE][PASSED] - pages.WriteExcel.demoKey is PASSED

2024-05-16 01:05:47 - [TEST_STEP][PASSED] - ExecuteTC = findTestData(dataFile).getValue("Execute", row): null

2024-05-16 01:05:47 - [TEST_STEP][PASSED] - out.println("Value of Execute is : " + ExecuteTC): null

2024-05-16 01:05:47 - [TEST_STEP][PASSED] - switch (executionProfile): null

2024-05-16 01:05:47 - [TEST_STEP][PASSED] - case "QA2Profile":: null

2024-05-16 01:05:47 - [TEST_STEP][PASSED] - appID = findTestData(dataFile).getValue("AppIDQA", row): null

2024-05-16 01:05:47 - [TEST_STEP][PASSED] - username = findTestData(dataFile).getValue("UsernameQA", row): null

2024-05-16 01:05:47 - [TEST_STEP][PASSED] - password = findTestData(dataFile).getValue("PasswordQA", row): null

2024-05-16 01:05:47 - [TEST_STEP][PASSED] - break: null

2024-05-16 01:05:47 - [TEST_STEP][PASSED] - if (ExecuteTC.equalsIgnoreCase("Y")): null

2024-05-16 01:05:47 - [TEST_STEP][PASSED] - out.println("Begin Record Number: " + row): null

2024-05-16 01:05:47 - [TEST_STEP][PASSED] - today = new java.util.Date(): null

2024-05-16 01:05:47 - [TEST_STEP][PASSED] - println(today): null

2024-05-16 01:05:47 - [TEST_STEP][PASSED] - datText = today: null

2024-05-16 01:05:47 - [TEST_STEP][PASSED] - checkType = findTestData(dataFile).getValue("CheckType", row): null

2024-05-16 01:05:47 - [TEST_STEP][PASSED] - acNumber = findTestData(dataFile).getValue("AcNumber", row): null

2024-05-16 01:05:47 - [TEST_STEP][PASSED] - company = findTestData(dataFile).getValue("Company", row): null

2024-05-16 01:05:47 - [TEST_STEP][PASSED] - acType = findTestData(dataFile).getValue("AcType", row): null

2024-05-16 01:05:47 - [TEST_STEP][PASSED] - rtn = findTestData(dataFile).getValue("RTN", row): null

2024-05-16 01:05:47 - [TEST_STEP][PASSED] - amount = findTestData(dataFile).getValue("Amount", row): null

2024-05-16 01:05:48 - [TEST_STEP][PASSED] - sec = findTestData(dataFile).getValue("SEC", row): null

2024-05-16 01:05:48 - [TEST_STEP][PASSED] - openBrowser(VLinkURL + "debit.html"): Browser is opened with url: 'https://dev-algorithm.govolution.com/vlinktest/QA2/version_2_0/debit.html'

2024-05-16 01:05:48 - [MESSAGE][WARNING] - A browser is already opened. Closing browser and opening a new one

2024-05-16 01:05:49 - [MESSAGE][INFO] - Starting 'Chrome' driver

2024-05-16 01:05:49 - [MESSAGE][INFO] - User set preference: ['acceptInsecureCerts', 'true']

2024-05-16 01:05:49 - [MESSAGE][INFO] - Action delay is set to 0 milliseconds

2024-05-16 01:05:51 - [MESSAGE][PASSED] - Browser is opened with url: 'https://dev-algorithm.govolution.com/vlinktest/QA2/version_2_0/debit.html'

2024-05-16 01:05:51 - [TEST_STEP][PASSED] - maximizeWindow(): Current window maximized

2024-05-16 01:05:51 - [MESSAGE][PASSED] - Current window maximized

2024-05-16 01:05:51 - [TEST_STEP][PASSED] - genRemID1 = random() * 99999).toInteger(): null

2024-05-16 01:05:51 - [TEST_STEP][PASSED] - genRemID2 = random() * 99999).toInteger(): null

2024-05-16 01:05:51 - [TEST_STEP][PASSED] - genRemID3 = random() * 99999).toInteger(): null

2024-05-16 01:05:51 - [TEST_STEP][PASSED] - println(genRemID1): null

2024-05-16 01:05:51 - [TEST_STEP][PASSED] - println(genRemID2): null

2024-05-16 01:05:51 - [TEST_STEP][PASSED] - println(genRemID3): null

2024-05-16 01:05:51 - [TEST_STEP][PASSED] - genRemID = genRemID1 + "|" + genRemID2 + "|" + genRemID3: null

2024-05-16 01:05:51 - [TEST_STEP][PASSED] - println(genRemID): null

2024-05-16 01:05:51 - [TEST_STEP][PASSED] - setText(findTestObject("RecAndPlayBk/Page-Vlink-Debit/input_Remittance Id"), genRemID): Text '79998|71153|70878' is set on object 'Object Repository/RecAndPlayBk/Page-Vlink-Debit/input_Remittance Id'

2024-05-16 01:05:52 - [MESSAGE][PASSED] - Text '79998|71153|70878' is set on object 'Object Repository/RecAndPlayBk/Page-Vlink-Debit/input_Remittance Id'

2024-05-16 01:05:52 - [TEST_STEP][PASSED] - setText(findTestObject("RecAndPlayBk/Page-Vlink-Debit/input_Application Id"), appID): Text '234' is set on object 'Object Repository/RecAndPlayBk/Page-Vlink-Debit/input_Application Id'

2024-05-16 01:05:53 - [MESSAGE][PASSED] - Text '234' is set on object 'Object Repository/RecAndPlayBk/Page-Vlink-Debit/input_Application Id'

2024-05-16 01:05:53 - [TEST_STEP][PASSED] - setText(findTestObject("RecAndPlayBk/Page-Vlink-Debit/input_Username"), username): Text 'username' is set on object 'Object Repository/RecAndPlayBk/Page-Vlink-Debit/input_Username'

2024-05-16 01:05:53 - [MESSAGE][PASSED] - Text 'username' is set on object 'Object Repository/RecAndPlayBk/Page-Vlink-Debit/input_Username'

2024-05-16 01:05:53 - [TEST_STEP][PASSED] - setText(findTestObject("RecAndPlayBk/Page-Vlink-Debit/input_Password"), password): Text 'password' is set on object 'Object Repository/RecAndPlayBk/Page-Vlink-Debit/input_Password'

2024-05-16 01:05:54 - [MESSAGE][PASSED] - Text 'password' is set on object 'Object Repository/RecAndPlayBk/Page-Vlink-Debit/input_Password'

2024-05-16 01:05:54 - [TEST_STEP][PASSED] - setText(findTestObject("RecAndPlayBk/Page-Vlink-Debit/input_Check Type"), checkType): Text 'P' is set on object 'Object Repository/RecAndPlayBk/Page-Vlink-Debit/input_Check Type'

2024-05-16 01:05:55 - [MESSAGE][PASSED] - Text 'P' is set on object 'Object Repository/RecAndPlayBk/Page-Vlink-Debit/input_Check Type'

2024-05-16 01:05:55 - [TEST_STEP][PASSED] - setText(findTestObject("RecAndPlayBk/Page-Vlink-Debit/input_Account_check"), acNumber): Text '58963214' is set on object 'Object Repository/RecAndPlayBk/Page-Vlink-Debit/input_Account_check'

2024-05-16 01:05:55 - [MESSAGE][PASSED] - Text '58963214' is set on object 'Object Repository/RecAndPlayBk/Page-Vlink-Debit/input_Account_check'

2024-05-16 01:05:55 - [TEST_STEP][PASSED] - setText(findTestObject("RecAndPlayBk/Page-Vlink-Debit/input_Company_check"), company): Text '' is set on object 'Object Repository/RecAndPlayBk/Page-Vlink-Debit/input_Company_check'

2024-05-16 01:05:56 - [MESSAGE][PASSED] - Text '' is set on object 'Object Repository/RecAndPlayBk/Page-Vlink-Debit/input_Company_check'

2024-05-16 01:05:56 - [TEST_STEP][PASSED] - setText(findTestObject("RecAndPlayBk/Page-Vlink-Debit/input_Account Type"), acType): Text '1' is set on object 'Object Repository/RecAndPlayBk/Page-Vlink-Debit/input_Account Type'

2024-05-16 01:05:57 - [MESSAGE][PASSED] - Text '1' is set on object 'Object Repository/RecAndPlayBk/Page-Vlink-Debit/input_Account Type'

2024-05-16 01:05:57 - [TEST_STEP][PASSED] - setText(findTestObject("RecAndPlayBk/Page-Vlink-Debit/input_Routing Number"), rtn): Text '256072691' is set on object 'Object Repository/RecAndPlayBk/Page-Vlink-Debit/input_Routing Number'

2024-05-16 01:05:57 - [MESSAGE][PASSED] - Text '256072691' is set on object 'Object Repository/RecAndPlayBk/Page-Vlink-Debit/input_Routing Number'

2024-05-16 01:05:57 - [TEST_STEP][PASSED] - setText(findTestObject("RecAndPlayBk/Page-Vlink-Debit/input_Amount"), amount): Text '12.50' is set on object 'Object Repository/RecAndPlayBk/Page-Vlink-Debit/input_Amount'

2024-05-16 01:05:58 - [MESSAGE][PASSED] - Text '12.50' is set on object 'Object Repository/RecAndPlayBk/Page-Vlink-Debit/input_Amount'

2024-05-16 01:05:58 - [TEST_STEP][PASSED] - setText(findTestObject("RecAndPlayBk/Page-Vlink-Debit/input_Check Email"), ""): Text '' is set on object 'Object Repository/RecAndPlayBk/Page-Vlink-Debit/input_Check Email'

2024-05-16 01:05:58 - [MESSAGE][PASSED] - Text '' is set on object 'Object Repository/RecAndPlayBk/Page-Vlink-Debit/input_Check Email'

2024-05-16 01:05:58 - [TEST_STEP][PASSED] - setText(findTestObject("Object Repository/RecAndPlayBk/Page-Vlink-Debit/input_concat(CheckWriter, , s SSN)_check_ssn"), ""): Text '' is set on object 'Object Repository/RecAndPlayBk/Page-Vlink-Debit/input_concat(CheckWriter, , s SSN)_check_ssn'

2024-05-16 01:05:59 - [MESSAGE][PASSED] - Text '' is set on object 'Object Repository/RecAndPlayBk/Page-Vlink-Debit/input_concat(CheckWriter, , s SSN)_check_ssn'

2024-05-16 01:05:59 - [TEST_STEP][PASSED] - setText(findTestObject("Object Repository/RecAndPlayBk/Page-Vlink-Debit/input_concat(CheckWriter, , s License Numbe_020fef"), ""): Text '' is set on object 'Object Repository/RecAndPlayBk/Page-Vlink-Debit/input_concat(CheckWriter, , s License Numbe_020fef'

2024-05-16 01:06:00 - [MESSAGE][PASSED] - Text '' is set on object 'Object Repository/RecAndPlayBk/Page-Vlink-Debit/input_concat(CheckWriter, , s License Numbe_020fef'

2024-05-16 01:06:00 - [TEST_STEP][PASSED] - setText(findTestObject("Object Repository/RecAndPlayBk/Page-Vlink-Debit/input_concat(CheckWriter, , s License State_21e3e7"), ""): Text '' is set on object 'Object Repository/RecAndPlayBk/Page-Vlink-Debit/input_concat(CheckWriter, , s License State_21e3e7'

2024-05-16 01:06:00 - [MESSAGE][PASSED] - Text '' is set on object 'Object Repository/RecAndPlayBk/Page-Vlink-Debit/input_concat(CheckWriter, , s License State_21e3e7'

2024-05-16 01:06:00 - [TEST_STEP][PASSED] - setText(findTestObject("RecAndPlayBk/Page-Vlink-Debit/input_Standard Entry Class"), sec): Text 'PPD' is set on object 'Object Repository/RecAndPlayBk/Page-Vlink-Debit/input_Standard Entry Class'

2024-05-16 01:06:01 - [MESSAGE][PASSED] - Text 'PPD' is set on object 'Object Repository/RecAndPlayBk/Page-Vlink-Debit/input_Standard Entry Class'

2024-05-16 01:06:01 - [TEST_STEP][PASSED] - click(findTestObject("Object Repository/RecAndPlayBk/Page-Vlink-Debit/input")): Object: 'Object Repository/RecAndPlayBk/Page-Vlink-Debit/input' is clicked on

2024-05-16 01:06:02 - [MESSAGE][PASSED] - Object: 'Object Repository/RecAndPlayBk/Page-Vlink-Debit/input' is clicked on

2024-05-16 01:06:02 - [TEST_STEP][PASSED] - if (verifyTextPresent("Transaction approved, no errors", true)): null

2024-05-16 01:06:02 - [MESSAGE][PASSED] - Text 'Transaction approved, no errors' is present on page  using regular expression

2024-05-16 01:06:02 - [TEST_STEP][PASSED] - println("Transaction Approved, no errors text is present on the Confirmation page"): null

2024-05-16 01:06:02 - [TEST_STEP][PASSED] - out.println("Pass Record Number: " + row): null

2024-05-16 01:06:02 - [TEST_STEP][PASSED] - resText = "Pass": null

2024-05-16 01:06:02 - [TEST_STEP][PASSED] - pages.WriteExcel.demoKey(resText, datText, resColumn, datCloumn, fileLoc, nameSheet, row): pages.WriteExcel.demoKey is PASSED

2024-05-16 01:06:03 - [MESSAGE][PASSED] - pages.WriteExcel.demoKey is PASSED

2024-05-16 01:06:03 - [TEST_STEP][PASSED] - ExecuteTC = findTestData(dataFile).getValue("Execute", row): null

2024-05-16 01:06:03 - [TEST_STEP][PASSED] - out.println("Value of Execute is : " + ExecuteTC): null

2024-05-16 01:06:03 - [TEST_STEP][PASSED] - switch (executionProfile): null

2024-05-16 01:06:03 - [TEST_STEP][PASSED] - case "QA2Profile":: null

2024-05-16 01:06:03 - [TEST_STEP][PASSED] - appID = findTestData(dataFile).getValue("AppIDQA", row): null

2024-05-16 01:06:03 - [TEST_STEP][PASSED] - username = findTestData(dataFile).getValue("UsernameQA", row): null

2024-05-16 01:06:03 - [TEST_STEP][PASSED] - password = findTestData(dataFile).getValue("PasswordQA", row): null

2024-05-16 01:06:03 - [TEST_STEP][PASSED] - break: null

2024-05-16 01:06:03 - [TEST_STEP][PASSED] - if (ExecuteTC.equalsIgnoreCase("Y")): null

2024-05-16 01:06:03 - [TEST_STEP][PASSED] - out.println("Begin Record Number: " + row): null

2024-05-16 01:06:03 - [TEST_STEP][PASSED] - today = new java.util.Date(): null

2024-05-16 01:06:03 - [TEST_STEP][PASSED] - println(today): null

2024-05-16 01:06:03 - [TEST_STEP][PASSED] - datText = today: null

2024-05-16 01:06:03 - [TEST_STEP][PASSED] - checkType = findTestData(dataFile).getValue("CheckType", row): null

2024-05-16 01:06:03 - [TEST_STEP][PASSED] - acNumber = findTestData(dataFile).getValue("AcNumber", row): null

2024-05-16 01:06:03 - [TEST_STEP][PASSED] - company = findTestData(dataFile).getValue("Company", row): null

2024-05-16 01:06:03 - [TEST_STEP][PASSED] - acType = findTestData(dataFile).getValue("AcType", row): null

2024-05-16 01:06:03 - [TEST_STEP][PASSED] - rtn = findTestData(dataFile).getValue("RTN", row): null

2024-05-16 01:06:03 - [TEST_STEP][PASSED] - amount = findTestData(dataFile).getValue("Amount", row): null

2024-05-16 01:06:03 - [TEST_STEP][PASSED] - sec = findTestData(dataFile).getValue("SEC", row): null

2024-05-16 01:06:03 - [TEST_STEP][PASSED] - openBrowser(VLinkURL + "debit.html"): Browser is opened with url: 'https://dev-algorithm.govolution.com/vlinktest/QA2/version_2_0/debit.html'

2024-05-16 01:06:03 - [MESSAGE][WARNING] - A browser is already opened. Closing browser and opening a new one

2024-05-16 01:06:05 - [MESSAGE][INFO] - Starting 'Chrome' driver

2024-05-16 01:06:05 - [MESSAGE][INFO] - User set preference: ['acceptInsecureCerts', 'true']

2024-05-16 01:06:05 - [MESSAGE][INFO] - Action delay is set to 0 milliseconds

2024-05-16 01:06:07 - [MESSAGE][PASSED] - Browser is opened with url: 'https://dev-algorithm.govolution.com/vlinktest/QA2/version_2_0/debit.html'

2024-05-16 01:06:07 - [TEST_STEP][PASSED] - maximizeWindow(): Current window maximized

2024-05-16 01:06:07 - [MESSAGE][PASSED] - Current window maximized

2024-05-16 01:06:07 - [TEST_STEP][PASSED] - genRemID1 = random() * 99999).toInteger(): null

2024-05-16 01:06:07 - [TEST_STEP][PASSED] - genRemID2 = random() * 99999).toInteger(): null

2024-05-16 01:06:07 - [TEST_STEP][PASSED] - genRemID3 = random() * 99999).toInteger(): null

2024-05-16 01:06:07 - [TEST_STEP][PASSED] - println(genRemID1): null

2024-05-16 01:06:07 - [TEST_STEP][PASSED] - println(genRemID2): null

2024-05-16 01:06:07 - [TEST_STEP][PASSED] - println(genRemID3): null

2024-05-16 01:06:07 - [TEST_STEP][PASSED] - genRemID = genRemID1 + "|" + genRemID2 + "|" + genRemID3: null

2024-05-16 01:06:07 - [TEST_STEP][PASSED] - println(genRemID): null

2024-05-16 01:06:07 - [TEST_STEP][PASSED] - setText(findTestObject("RecAndPlayBk/Page-Vlink-Debit/input_Remittance Id"), genRemID): Text '48471|71990|84159' is set on object 'Object Repository/RecAndPlayBk/Page-Vlink-Debit/input_Remittance Id'

2024-05-16 01:06:08 - [MESSAGE][PASSED] - Text '48471|71990|84159' is set on object 'Object Repository/RecAndPlayBk/Page-Vlink-Debit/input_Remittance Id'

2024-05-16 01:06:08 - [TEST_STEP][PASSED] - setText(findTestObject("RecAndPlayBk/Page-Vlink-Debit/input_Application Id"), appID): Text '234' is set on object 'Object Repository/RecAndPlayBk/Page-Vlink-Debit/input_Application Id'

2024-05-16 01:06:08 - [MESSAGE][PASSED] - Text '234' is set on object 'Object Repository/RecAndPlayBk/Page-Vlink-Debit/input_Application Id'

2024-05-16 01:06:08 - [TEST_STEP][PASSED] - setText(findTestObject("RecAndPlayBk/Page-Vlink-Debit/input_Username"), username): Text 'username' is set on object 'Object Repository/RecAndPlayBk/Page-Vlink-Debit/input_Username'

2024-05-16 01:06:09 - [MESSAGE][PASSED] - Text 'username' is set on object 'Object Repository/RecAndPlayBk/Page-Vlink-Debit/input_Username'

2024-05-16 01:06:09 - [TEST_STEP][PASSED] - setText(findTestObject("RecAndPlayBk/Page-Vlink-Debit/input_Password"), password): Text 'password' is set on object 'Object Repository/RecAndPlayBk/Page-Vlink-Debit/input_Password'

2024-05-16 01:06:10 - [MESSAGE][PASSED] - Text 'password' is set on object 'Object Repository/RecAndPlayBk/Page-Vlink-Debit/input_Password'

2024-05-16 01:06:10 - [TEST_STEP][PASSED] - setText(findTestObject("RecAndPlayBk/Page-Vlink-Debit/input_Check Type"), checkType): Text 'P' is set on object 'Object Repository/RecAndPlayBk/Page-Vlink-Debit/input_Check Type'

2024-05-16 01:06:10 - [MESSAGE][PASSED] - Text 'P' is set on object 'Object Repository/RecAndPlayBk/Page-Vlink-Debit/input_Check Type'

2024-05-16 01:06:10 - [TEST_STEP][PASSED] - setText(findTestObject("RecAndPlayBk/Page-Vlink-Debit/input_Account_check"), acNumber): Text '58963214' is set on object 'Object Repository/RecAndPlayBk/Page-Vlink-Debit/input_Account_check'

2024-05-16 01:06:11 - [MESSAGE][PASSED] - Text '58963214' is set on object 'Object Repository/RecAndPlayBk/Page-Vlink-Debit/input_Account_check'

2024-05-16 01:06:11 - [TEST_STEP][PASSED] - setText(findTestObject("RecAndPlayBk/Page-Vlink-Debit/input_Company_check"), company): Text '' is set on object 'Object Repository/RecAndPlayBk/Page-Vlink-Debit/input_Company_check'

2024-05-16 01:06:12 - [MESSAGE][PASSED] - Text '' is set on object 'Object Repository/RecAndPlayBk/Page-Vlink-Debit/input_Company_check'

2024-05-16 01:06:12 - [TEST_STEP][PASSED] - setText(findTestObject("RecAndPlayBk/Page-Vlink-Debit/input_Account Type"), acType): Text '2' is set on object 'Object Repository/RecAndPlayBk/Page-Vlink-Debit/input_Account Type'

2024-05-16 01:06:12 - [MESSAGE][PASSED] - Text '2' is set on object 'Object Repository/RecAndPlayBk/Page-Vlink-Debit/input_Account Type'

2024-05-16 01:06:12 - [TEST_STEP][PASSED] - setText(findTestObject("RecAndPlayBk/Page-Vlink-Debit/input_Routing Number"), rtn): Text '256072691' is set on object 'Object Repository/RecAndPlayBk/Page-Vlink-Debit/input_Routing Number'

2024-05-16 01:06:13 - [MESSAGE][PASSED] - Text '256072691' is set on object 'Object Repository/RecAndPlayBk/Page-Vlink-Debit/input_Routing Number'

2024-05-16 01:06:13 - [TEST_STEP][PASSED] - setText(findTestObject("RecAndPlayBk/Page-Vlink-Debit/input_Amount"), amount): Text '12.50' is set on object 'Object Repository/RecAndPlayBk/Page-Vlink-Debit/input_Amount'

2024-05-16 01:06:14 - [MESSAGE][PASSED] - Text '12.50' is set on object 'Object Repository/RecAndPlayBk/Page-Vlink-Debit/input_Amount'

2024-05-16 01:06:14 - [TEST_STEP][PASSED] - setText(findTestObject("RecAndPlayBk/Page-Vlink-Debit/input_Check Email"), ""): Text '' is set on object 'Object Repository/RecAndPlayBk/Page-Vlink-Debit/input_Check Email'

2024-05-16 01:06:14 - [MESSAGE][PASSED] - Text '' is set on object 'Object Repository/RecAndPlayBk/Page-Vlink-Debit/input_Check Email'

2024-05-16 01:06:14 - [TEST_STEP][PASSED] - setText(findTestObject("Object Repository/RecAndPlayBk/Page-Vlink-Debit/input_concat(CheckWriter, , s SSN)_check_ssn"), ""): Text '' is set on object 'Object Repository/RecAndPlayBk/Page-Vlink-Debit/input_concat(CheckWriter, , s SSN)_check_ssn'

2024-05-16 01:06:15 - [MESSAGE][PASSED] - Text '' is set on object 'Object Repository/RecAndPlayBk/Page-Vlink-Debit/input_concat(CheckWriter, , s SSN)_check_ssn'

2024-05-16 01:06:15 - [TEST_STEP][PASSED] - setText(findTestObject("Object Repository/RecAndPlayBk/Page-Vlink-Debit/input_concat(CheckWriter, , s License Numbe_020fef"), ""): Text '' is set on object 'Object Repository/RecAndPlayBk/Page-Vlink-Debit/input_concat(CheckWriter, , s License Numbe_020fef'

2024-05-16 01:06:15 - [MESSAGE][PASSED] - Text '' is set on object 'Object Repository/RecAndPlayBk/Page-Vlink-Debit/input_concat(CheckWriter, , s License Numbe_020fef'

2024-05-16 01:06:15 - [TEST_STEP][PASSED] - setText(findTestObject("Object Repository/RecAndPlayBk/Page-Vlink-Debit/input_concat(CheckWriter, , s License State_21e3e7"), ""): Text '' is set on object 'Object Repository/RecAndPlayBk/Page-Vlink-Debit/input_concat(CheckWriter, , s License State_21e3e7'

2024-05-16 01:06:16 - [MESSAGE][PASSED] - Text '' is set on object 'Object Repository/RecAndPlayBk/Page-Vlink-Debit/input_concat(CheckWriter, , s License State_21e3e7'

2024-05-16 01:06:16 - [TEST_STEP][PASSED] - setText(findTestObject("RecAndPlayBk/Page-Vlink-Debit/input_Standard Entry Class"), sec): Text 'WEB' is set on object 'Object Repository/RecAndPlayBk/Page-Vlink-Debit/input_Standard Entry Class'

2024-05-16 01:06:17 - [MESSAGE][PASSED] - Text 'WEB' is set on object 'Object Repository/RecAndPlayBk/Page-Vlink-Debit/input_Standard Entry Class'

2024-05-16 01:06:17 - [TEST_STEP][PASSED] - click(findTestObject("Object Repository/RecAndPlayBk/Page-Vlink-Debit/input")): Object: 'Object Repository/RecAndPlayBk/Page-Vlink-Debit/input' is clicked on

2024-05-16 01:06:18 - [MESSAGE][PASSED] - Object: 'Object Repository/RecAndPlayBk/Page-Vlink-Debit/input' is clicked on

2024-05-16 01:06:18 - [TEST_STEP][PASSED] - if (verifyTextPresent("Transaction approved, no errors", true)): null

2024-05-16 01:06:18 - [MESSAGE][PASSED] - Text 'Transaction approved, no errors' is present on page  using regular expression

2024-05-16 01:06:18 - [TEST_STEP][PASSED] - println("Transaction Approved, no errors text is present on the Confirmation page"): null

2024-05-16 01:06:18 - [TEST_STEP][PASSED] - out.println("Pass Record Number: " + row): null

2024-05-16 01:06:18 - [TEST_STEP][PASSED] - resText = "Pass": null

2024-05-16 01:06:18 - [TEST_STEP][PASSED] - pages.WriteExcel.demoKey(resText, datText, resColumn, datCloumn, fileLoc, nameSheet, row): pages.WriteExcel.demoKey is PASSED

2024-05-16 01:06:18 - [MESSAGE][PASSED] - pages.WriteExcel.demoKey is PASSED

2024-05-16 01:06:18 - [TEST_STEP][PASSED] - ExecuteTC = findTestData(dataFile).getValue("Execute", row): null

2024-05-16 01:06:18 - [TEST_STEP][PASSED] - out.println("Value of Execute is : " + ExecuteTC): null

2024-05-16 01:06:18 - [TEST_STEP][PASSED] - switch (executionProfile): null

2024-05-16 01:06:18 - [TEST_STEP][PASSED] - case "QA2Profile":: null

2024-05-16 01:06:18 - [TEST_STEP][PASSED] - appID = findTestData(dataFile).getValue("AppIDQA", row): null

2024-05-16 01:06:18 - [TEST_STEP][PASSED] - username = findTestData(dataFile).getValue("UsernameQA", row): null

2024-05-16 01:06:19 - [TEST_STEP][PASSED] - password = findTestData(dataFile).getValue("PasswordQA", row): null

2024-05-16 01:06:19 - [TEST_STEP][PASSED] - break: null

2024-05-16 01:06:19 - [TEST_STEP][PASSED] - if (ExecuteTC.equalsIgnoreCase("Y")): null

2024-05-16 01:06:19 - [TEST_STEP][PASSED] - out.println("Begin Record Number: " + row): null

2024-05-16 01:06:19 - [TEST_STEP][PASSED] - today = new java.util.Date(): null

2024-05-16 01:06:19 - [TEST_STEP][PASSED] - println(today): null

2024-05-16 01:06:19 - [TEST_STEP][PASSED] - datText = today: null

2024-05-16 01:06:19 - [TEST_STEP][PASSED] - checkType = findTestData(dataFile).getValue("CheckType", row): null

2024-05-16 01:06:19 - [TEST_STEP][PASSED] - acNumber = findTestData(dataFile).getValue("AcNumber", row): null

2024-05-16 01:06:19 - [TEST_STEP][PASSED] - company = findTestData(dataFile).getValue("Company", row): null

2024-05-16 01:06:19 - [TEST_STEP][PASSED] - acType = findTestData(dataFile).getValue("AcType", row): null

2024-05-16 01:06:19 - [TEST_STEP][PASSED] - rtn = findTestData(dataFile).getValue("RTN", row): null

2024-05-16 01:06:19 - [TEST_STEP][PASSED] - amount = findTestData(dataFile).getValue("Amount", row): null

2024-05-16 01:06:19 - [TEST_STEP][PASSED] - sec = findTestData(dataFile).getValue("SEC", row): null

2024-05-16 01:06:19 - [TEST_STEP][PASSED] - openBrowser(VLinkURL + "debit.html"): Browser is opened with url: 'https://dev-algorithm.govolution.com/vlinktest/QA2/version_2_0/debit.html'

2024-05-16 01:06:19 - [MESSAGE][WARNING] - A browser is already opened. Closing browser and opening a new one

2024-05-16 01:06:20 - [MESSAGE][INFO] - Starting 'Chrome' driver

2024-05-16 01:06:20 - [MESSAGE][INFO] - User set preference: ['acceptInsecureCerts', 'true']

2024-05-16 01:06:20 - [MESSAGE][INFO] - Action delay is set to 0 milliseconds

2024-05-16 01:06:22 - [MESSAGE][PASSED] - Browser is opened with url: 'https://dev-algorithm.govolution.com/vlinktest/QA2/version_2_0/debit.html'

2024-05-16 01:06:22 - [TEST_STEP][PASSED] - maximizeWindow(): Current window maximized

2024-05-16 01:06:23 - [MESSAGE][PASSED] - Current window maximized

2024-05-16 01:06:23 - [TEST_STEP][PASSED] - genRemID1 = random() * 99999).toInteger(): null

2024-05-16 01:06:23 - [TEST_STEP][PASSED] - genRemID2 = random() * 99999).toInteger(): null

2024-05-16 01:06:23 - [TEST_STEP][PASSED] - genRemID3 = random() * 99999).toInteger(): null

2024-05-16 01:06:23 - [TEST_STEP][PASSED] - println(genRemID1): null

2024-05-16 01:06:23 - [TEST_STEP][PASSED] - println(genRemID2): null

2024-05-16 01:06:23 - [TEST_STEP][PASSED] - println(genRemID3): null

2024-05-16 01:06:23 - [TEST_STEP][PASSED] - genRemID = genRemID1 + "|" + genRemID2 + "|" + genRemID3: null

2024-05-16 01:06:23 - [TEST_STEP][PASSED] - println(genRemID): null

2024-05-16 01:06:23 - [TEST_STEP][PASSED] - setText(findTestObject("RecAndPlayBk/Page-Vlink-Debit/input_Remittance Id"), genRemID): Text '25632|86686|83085' is set on object 'Object Repository/RecAndPlayBk/Page-Vlink-Debit/input_Remittance Id'

2024-05-16 01:06:24 - [MESSAGE][PASSED] - Text '25632|86686|83085' is set on object 'Object Repository/RecAndPlayBk/Page-Vlink-Debit/input_Remittance Id'

2024-05-16 01:06:24 - [TEST_STEP][PASSED] - setText(findTestObject("RecAndPlayBk/Page-Vlink-Debit/input_Application Id"), appID): Text '234' is set on object 'Object Repository/RecAndPlayBk/Page-Vlink-Debit/input_Application Id'

2024-05-16 01:06:24 - [MESSAGE][PASSED] - Text '234' is set on object 'Object Repository/RecAndPlayBk/Page-Vlink-Debit/input_Application Id'

2024-05-16 01:06:24 - [TEST_STEP][PASSED] - setText(findTestObject("RecAndPlayBk/Page-Vlink-Debit/input_Username"), username): Text 'username' is set on object 'Object Repository/RecAndPlayBk/Page-Vlink-Debit/input_Username'

2024-05-16 01:06:25 - [MESSAGE][PASSED] - Text 'username' is set on object 'Object Repository/RecAndPlayBk/Page-Vlink-Debit/input_Username'

2024-05-16 01:06:25 - [TEST_STEP][PASSED] - setText(findTestObject("RecAndPlayBk/Page-Vlink-Debit/input_Password"), password): Text 'password' is set on object 'Object Repository/RecAndPlayBk/Page-Vlink-Debit/input_Password'

2024-05-16 01:06:25 - [MESSAGE][PASSED] - Text 'password' is set on object 'Object Repository/RecAndPlayBk/Page-Vlink-Debit/input_Password'

2024-05-16 01:06:25 - [TEST_STEP][PASSED] - setText(findTestObject("RecAndPlayBk/Page-Vlink-Debit/input_Check Type"), checkType): Text 'P' is set on object 'Object Repository/RecAndPlayBk/Page-Vlink-Debit/input_Check Type'

2024-05-16 01:06:26 - [MESSAGE][PASSED] - Text 'P' is set on object 'Object Repository/RecAndPlayBk/Page-Vlink-Debit/input_Check Type'

2024-05-16 01:06:26 - [TEST_STEP][PASSED] - setText(findTestObject("RecAndPlayBk/Page-Vlink-Debit/input_Account_check"), acNumber): Text '58963214' is set on object 'Object Repository/RecAndPlayBk/Page-Vlink-Debit/input_Account_check'

2024-05-16 01:06:27 - [MESSAGE][PASSED] - Text '58963214' is set on object 'Object Repository/RecAndPlayBk/Page-Vlink-Debit/input_Account_check'

2024-05-16 01:06:27 - [TEST_STEP][PASSED] - setText(findTestObject("RecAndPlayBk/Page-Vlink-Debit/input_Company_check"), company): Text '' is set on object 'Object Repository/RecAndPlayBk/Page-Vlink-Debit/input_Company_check'

2024-05-16 01:06:27 - [MESSAGE][PASSED] - Text '' is set on object 'Object Repository/RecAndPlayBk/Page-Vlink-Debit/input_Company_check'

2024-05-16 01:06:27 - [TEST_STEP][PASSED] - setText(findTestObject("RecAndPlayBk/Page-Vlink-Debit/input_Account Type"), acType): Text '2' is set on object 'Object Repository/RecAndPlayBk/Page-Vlink-Debit/input_Account Type'

2024-05-16 01:06:28 - [MESSAGE][PASSED] - Text '2' is set on object 'Object Repository/RecAndPlayBk/Page-Vlink-Debit/input_Account Type'

2024-05-16 01:06:28 - [TEST_STEP][PASSED] - setText(findTestObject("RecAndPlayBk/Page-Vlink-Debit/input_Routing Number"), rtn): Text '256072691' is set on object 'Object Repository/RecAndPlayBk/Page-Vlink-Debit/input_Routing Number'

2024-05-16 01:06:29 - [MESSAGE][PASSED] - Text '256072691' is set on object 'Object Repository/RecAndPlayBk/Page-Vlink-Debit/input_Routing Number'

2024-05-16 01:06:29 - [TEST_STEP][PASSED] - setText(findTestObject("RecAndPlayBk/Page-Vlink-Debit/input_Amount"), amount): Text '12.50' is set on object 'Object Repository/RecAndPlayBk/Page-Vlink-Debit/input_Amount'

2024-05-16 01:06:29 - [MESSAGE][PASSED] - Text '12.50' is set on object 'Object Repository/RecAndPlayBk/Page-Vlink-Debit/input_Amount'

2024-05-16 01:06:29 - [TEST_STEP][PASSED] - setText(findTestObject("RecAndPlayBk/Page-Vlink-Debit/input_Check Email"), ""): Text '' is set on object 'Object Repository/RecAndPlayBk/Page-Vlink-Debit/input_Check Email'

2024-05-16 01:06:30 - [MESSAGE][PASSED] - Text '' is set on object 'Object Repository/RecAndPlayBk/Page-Vlink-Debit/input_Check Email'

2024-05-16 01:06:30 - [TEST_STEP][PASSED] - setText(findTestObject("Object Repository/RecAndPlayBk/Page-Vlink-Debit/input_concat(CheckWriter, , s SSN)_check_ssn"), ""): Text '' is set on object 'Object Repository/RecAndPlayBk/Page-Vlink-Debit/input_concat(CheckWriter, , s SSN)_check_ssn'

2024-05-16 01:06:30 - [MESSAGE][PASSED] - Text '' is set on object 'Object Repository/RecAndPlayBk/Page-Vlink-Debit/input_concat(CheckWriter, , s SSN)_check_ssn'

2024-05-16 01:06:30 - [TEST_STEP][PASSED] - setText(findTestObject("Object Repository/RecAndPlayBk/Page-Vlink-Debit/input_concat(CheckWriter, , s License Numbe_020fef"), ""): Text '' is set on object 'Object Repository/RecAndPlayBk/Page-Vlink-Debit/input_concat(CheckWriter, , s License Numbe_020fef'

2024-05-16 01:06:31 - [MESSAGE][PASSED] - Text '' is set on object 'Object Repository/RecAndPlayBk/Page-Vlink-Debit/input_concat(CheckWriter, , s License Numbe_020fef'

2024-05-16 01:06:31 - [TEST_STEP][PASSED] - setText(findTestObject("Object Repository/RecAndPlayBk/Page-Vlink-Debit/input_concat(CheckWriter, , s License State_21e3e7"), ""): Text '' is set on object 'Object Repository/RecAndPlayBk/Page-Vlink-Debit/input_concat(CheckWriter, , s License State_21e3e7'

2024-05-16 01:06:32 - [MESSAGE][PASSED] - Text '' is set on object 'Object Repository/RecAndPlayBk/Page-Vlink-Debit/input_concat(CheckWriter, , s License State_21e3e7'

2024-05-16 01:06:32 - [TEST_STEP][PASSED] - setText(findTestObject("RecAndPlayBk/Page-Vlink-Debit/input_Standard Entry Class"), sec): Text 'TEL' is set on object 'Object Repository/RecAndPlayBk/Page-Vlink-Debit/input_Standard Entry Class'

2024-05-16 01:06:33 - [MESSAGE][PASSED] - Text 'TEL' is set on object 'Object Repository/RecAndPlayBk/Page-Vlink-Debit/input_Standard Entry Class'

2024-05-16 01:06:33 - [TEST_STEP][PASSED] - click(findTestObject("Object Repository/RecAndPlayBk/Page-Vlink-Debit/input")): Object: 'Object Repository/RecAndPlayBk/Page-Vlink-Debit/input' is clicked on

2024-05-16 01:06:33 - [MESSAGE][PASSED] - Object: 'Object Repository/RecAndPlayBk/Page-Vlink-Debit/input' is clicked on

2024-05-16 01:06:33 - [TEST_STEP][PASSED] - if (verifyTextPresent("Transaction approved, no errors", true)): null

2024-05-16 01:06:34 - [MESSAGE][PASSED] - Text 'Transaction approved, no errors' is present on page  using regular expression

2024-05-16 01:06:34 - [TEST_STEP][PASSED] - println("Transaction Approved, no errors text is present on the Confirmation page"): null

2024-05-16 01:06:34 - [TEST_STEP][PASSED] - out.println("Pass Record Number: " + row): null

2024-05-16 01:06:34 - [TEST_STEP][PASSED] - resText = "Pass": null

2024-05-16 01:06:34 - [TEST_STEP][PASSED] - pages.WriteExcel.demoKey(resText, datText, resColumn, datCloumn, fileLoc, nameSheet, row): pages.WriteExcel.demoKey is PASSED

2024-05-16 01:06:34 - [MESSAGE][PASSED] - pages.WriteExcel.demoKey is PASSED

2024-05-16 01:06:34 - [TEST_STEP][PASSED] - ExecuteTC = findTestData(dataFile).getValue("Execute", row): null

2024-05-16 01:06:34 - [TEST_STEP][PASSED] - out.println("Value of Execute is : " + ExecuteTC): null

2024-05-16 01:06:34 - [TEST_STEP][PASSED] - switch (executionProfile): null

2024-05-16 01:06:34 - [TEST_STEP][PASSED] - case "QA2Profile":: null

2024-05-16 01:06:34 - [TEST_STEP][PASSED] - appID = findTestData(dataFile).getValue("AppIDQA", row): null

2024-05-16 01:06:34 - [TEST_STEP][PASSED] - username = findTestData(dataFile).getValue("UsernameQA", row): null

2024-05-16 01:06:34 - [TEST_STEP][PASSED] - password = findTestData(dataFile).getValue("PasswordQA", row): null

2024-05-16 01:06:34 - [TEST_STEP][PASSED] - break: null

2024-05-16 01:06:34 - [TEST_STEP][PASSED] - if (ExecuteTC.equalsIgnoreCase("Y")): null

2024-05-16 01:06:34 - [TEST_STEP][PASSED] - out.println("Begin Record Number: " + row): null

2024-05-16 01:06:34 - [TEST_STEP][PASSED] - today = new java.util.Date(): null

2024-05-16 01:06:34 - [TEST_STEP][PASSED] - println(today): null

2024-05-16 01:06:34 - [TEST_STEP][PASSED] - datText = today: null

2024-05-16 01:06:34 - [TEST_STEP][PASSED] - checkType = findTestData(dataFile).getValue("CheckType", row): null

2024-05-16 01:06:34 - [TEST_STEP][PASSED] - acNumber = findTestData(dataFile).getValue("AcNumber", row): null

2024-05-16 01:06:34 - [TEST_STEP][PASSED] - company = findTestData(dataFile).getValue("Company", row): null

2024-05-16 01:06:34 - [TEST_STEP][PASSED] - acType = findTestData(dataFile).getValue("AcType", row): null

2024-05-16 01:06:34 - [TEST_STEP][PASSED] - rtn = findTestData(dataFile).getValue("RTN", row): null

2024-05-16 01:06:35 - [TEST_STEP][PASSED] - amount = findTestData(dataFile).getValue("Amount", row): null

2024-05-16 01:06:35 - [TEST_STEP][PASSED] - sec = findTestData(dataFile).getValue("SEC", row): null

2024-05-16 01:06:35 - [TEST_STEP][PASSED] - openBrowser(VLinkURL + "debit.html"): Browser is opened with url: 'https://dev-algorithm.govolution.com/vlinktest/QA2/version_2_0/debit.html'

2024-05-16 01:06:35 - [MESSAGE][WARNING] - A browser is already opened. Closing browser and opening a new one

2024-05-16 01:06:36 - [MESSAGE][INFO] - Starting 'Chrome' driver

2024-05-16 01:06:36 - [MESSAGE][INFO] - User set preference: ['acceptInsecureCerts', 'true']

2024-05-16 01:06:36 - [MESSAGE][INFO] - Action delay is set to 0 milliseconds

2024-05-16 01:06:38 - [MESSAGE][PASSED] - Browser is opened with url: 'https://dev-algorithm.govolution.com/vlinktest/QA2/version_2_0/debit.html'

2024-05-16 01:06:38 - [TEST_STEP][PASSED] - maximizeWindow(): Current window maximized

2024-05-16 01:06:39 - [MESSAGE][PASSED] - Current window maximized

2024-05-16 01:06:39 - [TEST_STEP][PASSED] - genRemID1 = random() * 99999).toInteger(): null

2024-05-16 01:06:39 - [TEST_STEP][PASSED] - genRemID2 = random() * 99999).toInteger(): null

2024-05-16 01:06:39 - [TEST_STEP][PASSED] - genRemID3 = random() * 99999).toInteger(): null

2024-05-16 01:06:39 - [TEST_STEP][PASSED] - println(genRemID1): null

2024-05-16 01:06:39 - [TEST_STEP][PASSED] - println(genRemID2): null

2024-05-16 01:06:39 - [TEST_STEP][PASSED] - println(genRemID3): null

2024-05-16 01:06:39 - [TEST_STEP][PASSED] - genRemID = genRemID1 + "|" + genRemID2 + "|" + genRemID3: null

2024-05-16 01:06:39 - [TEST_STEP][PASSED] - println(genRemID): null

2024-05-16 01:06:39 - [TEST_STEP][PASSED] - setText(findTestObject("RecAndPlayBk/Page-Vlink-Debit/input_Remittance Id"), genRemID): Text '85733|63352|76329' is set on object 'Object Repository/RecAndPlayBk/Page-Vlink-Debit/input_Remittance Id'

2024-05-16 01:06:40 - [MESSAGE][PASSED] - Text '85733|63352|76329' is set on object 'Object Repository/RecAndPlayBk/Page-Vlink-Debit/input_Remittance Id'

2024-05-16 01:06:40 - [TEST_STEP][PASSED] - setText(findTestObject("RecAndPlayBk/Page-Vlink-Debit/input_Application Id"), appID): Text '234' is set on object 'Object Repository/RecAndPlayBk/Page-Vlink-Debit/input_Application Id'

2024-05-16 01:06:40 - [MESSAGE][PASSED] - Text '234' is set on object 'Object Repository/RecAndPlayBk/Page-Vlink-Debit/input_Application Id'

2024-05-16 01:06:40 - [TEST_STEP][PASSED] - setText(findTestObject("RecAndPlayBk/Page-Vlink-Debit/input_Username"), username): Text 'username' is set on object 'Object Repository/RecAndPlayBk/Page-Vlink-Debit/input_Username'

2024-05-16 01:06:41 - [MESSAGE][PASSED] - Text 'username' is set on object 'Object Repository/RecAndPlayBk/Page-Vlink-Debit/input_Username'

2024-05-16 01:06:41 - [TEST_STEP][PASSED] - setText(findTestObject("RecAndPlayBk/Page-Vlink-Debit/input_Password"), password): Text 'password' is set on object 'Object Repository/RecAndPlayBk/Page-Vlink-Debit/input_Password'

2024-05-16 01:06:42 - [MESSAGE][PASSED] - Text 'password' is set on object 'Object Repository/RecAndPlayBk/Page-Vlink-Debit/input_Password'

2024-05-16 01:06:42 - [TEST_STEP][PASSED] - setText(findTestObject("RecAndPlayBk/Page-Vlink-Debit/input_Check Type"), checkType): Text 'P' is set on object 'Object Repository/RecAndPlayBk/Page-Vlink-Debit/input_Check Type'

2024-05-16 01:06:42 - [MESSAGE][PASSED] - Text 'P' is set on object 'Object Repository/RecAndPlayBk/Page-Vlink-Debit/input_Check Type'

2024-05-16 01:06:42 - [TEST_STEP][PASSED] - setText(findTestObject("RecAndPlayBk/Page-Vlink-Debit/input_Account_check"), acNumber): Text '58963214' is set on object 'Object Repository/RecAndPlayBk/Page-Vlink-Debit/input_Account_check'

2024-05-16 01:06:43 - [MESSAGE][PASSED] - Text '58963214' is set on object 'Object Repository/RecAndPlayBk/Page-Vlink-Debit/input_Account_check'

2024-05-16 01:06:43 - [TEST_STEP][PASSED] - setText(findTestObject("RecAndPlayBk/Page-Vlink-Debit/input_Company_check"), company): Text '' is set on object 'Object Repository/RecAndPlayBk/Page-Vlink-Debit/input_Company_check'

2024-05-16 01:06:43 - [MESSAGE][PASSED] - Text '' is set on object 'Object Repository/RecAndPlayBk/Page-Vlink-Debit/input_Company_check'

2024-05-16 01:06:43 - [TEST_STEP][PASSED] - setText(findTestObject("RecAndPlayBk/Page-Vlink-Debit/input_Account Type"), acType): Text '2' is set on object 'Object Repository/RecAndPlayBk/Page-Vlink-Debit/input_Account Type'

2024-05-16 01:06:44 - [MESSAGE][PASSED] - Text '2' is set on object 'Object Repository/RecAndPlayBk/Page-Vlink-Debit/input_Account Type'

2024-05-16 01:06:44 - [TEST_STEP][PASSED] - setText(findTestObject("RecAndPlayBk/Page-Vlink-Debit/input_Routing Number"), rtn): Text '256072691' is set on object 'Object Repository/RecAndPlayBk/Page-Vlink-Debit/input_Routing Number'

2024-05-16 01:06:45 - [MESSAGE][PASSED] - Text '256072691' is set on object 'Object Repository/RecAndPlayBk/Page-Vlink-Debit/input_Routing Number'

2024-05-16 01:06:45 - [TEST_STEP][PASSED] - setText(findTestObject("RecAndPlayBk/Page-Vlink-Debit/input_Amount"), amount): Text '12.50' is set on object 'Object Repository/RecAndPlayBk/Page-Vlink-Debit/input_Amount'

2024-05-16 01:06:45 - [MESSAGE][PASSED] - Text '12.50' is set on object 'Object Repository/RecAndPlayBk/Page-Vlink-Debit/input_Amount'

2024-05-16 01:06:45 - [TEST_STEP][PASSED] - setText(findTestObject("RecAndPlayBk/Page-Vlink-Debit/input_Check Email"), ""): Text '' is set on object 'Object Repository/RecAndPlayBk/Page-Vlink-Debit/input_Check Email'

2024-05-16 01:06:46 - [MESSAGE][PASSED] - Text '' is set on object 'Object Repository/RecAndPlayBk/Page-Vlink-Debit/input_Check Email'

2024-05-16 01:06:46 - [TEST_STEP][PASSED] - setText(findTestObject("Object Repository/RecAndPlayBk/Page-Vlink-Debit/input_concat(CheckWriter, , s SSN)_check_ssn"), ""): Text '' is set on object 'Object Repository/RecAndPlayBk/Page-Vlink-Debit/input_concat(CheckWriter, , s SSN)_check_ssn'

2024-05-16 01:06:47 - [MESSAGE][PASSED] - Text '' is set on object 'Object Repository/RecAndPlayBk/Page-Vlink-Debit/input_concat(CheckWriter, , s SSN)_check_ssn'

2024-05-16 01:06:47 - [TEST_STEP][PASSED] - setText(findTestObject("Object Repository/RecAndPlayBk/Page-Vlink-Debit/input_concat(CheckWriter, , s License Numbe_020fef"), ""): Text '' is set on object 'Object Repository/RecAndPlayBk/Page-Vlink-Debit/input_concat(CheckWriter, , s License Numbe_020fef'

2024-05-16 01:06:47 - [MESSAGE][PASSED] - Text '' is set on object 'Object Repository/RecAndPlayBk/Page-Vlink-Debit/input_concat(CheckWriter, , s License Numbe_020fef'

2024-05-16 01:06:47 - [TEST_STEP][PASSED] - setText(findTestObject("Object Repository/RecAndPlayBk/Page-Vlink-Debit/input_concat(CheckWriter, , s License State_21e3e7"), ""): Text '' is set on object 'Object Repository/RecAndPlayBk/Page-Vlink-Debit/input_concat(CheckWriter, , s License State_21e3e7'

2024-05-16 01:06:48 - [MESSAGE][PASSED] - Text '' is set on object 'Object Repository/RecAndPlayBk/Page-Vlink-Debit/input_concat(CheckWriter, , s License State_21e3e7'

2024-05-16 01:06:48 - [TEST_STEP][PASSED] - setText(findTestObject("RecAndPlayBk/Page-Vlink-Debit/input_Standard Entry Class"), sec): Text 'PPD' is set on object 'Object Repository/RecAndPlayBk/Page-Vlink-Debit/input_Standard Entry Class'

2024-05-16 01:06:49 - [MESSAGE][PASSED] - Text 'PPD' is set on object 'Object Repository/RecAndPlayBk/Page-Vlink-Debit/input_Standard Entry Class'

2024-05-16 01:06:49 - [TEST_STEP][PASSED] - click(findTestObject("Object Repository/RecAndPlayBk/Page-Vlink-Debit/input")): Object: 'Object Repository/RecAndPlayBk/Page-Vlink-Debit/input' is clicked on

2024-05-16 01:06:50 - [MESSAGE][PASSED] - Object: 'Object Repository/RecAndPlayBk/Page-Vlink-Debit/input' is clicked on

2024-05-16 01:06:50 - [TEST_STEP][PASSED] - if (verifyTextPresent("Transaction approved, no errors", true)): null

2024-05-16 01:06:50 - [MESSAGE][PASSED] - Text 'Transaction approved, no errors' is present on page  using regular expression

2024-05-16 01:06:50 - [TEST_STEP][PASSED] - println("Transaction Approved, no errors text is present on the Confirmation page"): null

2024-05-16 01:06:50 - [TEST_STEP][PASSED] - out.println("Pass Record Number: " + row): null

2024-05-16 01:06:50 - [TEST_STEP][PASSED] - resText = "Pass": null

2024-05-16 01:06:50 - [TEST_STEP][PASSED] - pages.WriteExcel.demoKey(resText, datText, resColumn, datCloumn, fileLoc, nameSheet, row): pages.WriteExcel.demoKey is PASSED

2024-05-16 01:06:50 - [MESSAGE][PASSED] - pages.WriteExcel.demoKey is PASSED

2024-05-16 01:06:50 - [TEST_STEP][PASSED] - ExecuteTC = findTestData(dataFile).getValue("Execute", row): null

2024-05-16 01:06:50 - [TEST_STEP][PASSED] - out.println("Value of Execute is : " + ExecuteTC): null

2024-05-16 01:06:50 - [TEST_STEP][PASSED] - switch (executionProfile): null

2024-05-16 01:06:50 - [TEST_STEP][PASSED] - case "QA2Profile":: null

2024-05-16 01:06:50 - [TEST_STEP][PASSED] - appID = findTestData(dataFile).getValue("AppIDQA", row): null

2024-05-16 01:06:50 - [TEST_STEP][PASSED] - username = findTestData(dataFile).getValue("UsernameQA", row): null

2024-05-16 01:06:51 - [TEST_STEP][PASSED] - password = findTestData(dataFile).getValue("PasswordQA", row): null

2024-05-16 01:06:51 - [TEST_STEP][PASSED] - break: null

2024-05-16 01:06:51 - [TEST_STEP][PASSED] - if (ExecuteTC.equalsIgnoreCase("Y")): null

2024-05-16 01:06:51 - [TEST_STEP][PASSED] - out.println("Begin Record Number: " + row): null

2024-05-16 01:06:51 - [TEST_STEP][PASSED] - today = new java.util.Date(): null

2024-05-16 01:06:51 - [TEST_STEP][PASSED] - println(today): null

2024-05-16 01:06:51 - [TEST_STEP][PASSED] - datText = today: null

2024-05-16 01:06:51 - [TEST_STEP][PASSED] - checkType = findTestData(dataFile).getValue("CheckType", row): null

2024-05-16 01:06:51 - [TEST_STEP][PASSED] - acNumber = findTestData(dataFile).getValue("AcNumber", row): null

2024-05-16 01:06:51 - [TEST_STEP][PASSED] - company = findTestData(dataFile).getValue("Company", row): null

2024-05-16 01:06:51 - [TEST_STEP][PASSED] - acType = findTestData(dataFile).getValue("AcType", row): null

2024-05-16 01:06:51 - [TEST_STEP][PASSED] - rtn = findTestData(dataFile).getValue("RTN", row): null

2024-05-16 01:06:51 - [TEST_STEP][PASSED] - amount = findTestData(dataFile).getValue("Amount", row): null

2024-05-16 01:06:51 - [TEST_STEP][PASSED] - sec = findTestData(dataFile).getValue("SEC", row): null

2024-05-16 01:06:51 - [TEST_STEP][PASSED] - openBrowser(VLinkURL + "debit.html"): Browser is opened with url: 'https://dev-algorithm.govolution.com/vlinktest/QA2/version_2_0/debit.html'

2024-05-16 01:06:51 - [MESSAGE][WARNING] - A browser is already opened. Closing browser and opening a new one

2024-05-16 01:06:52 - [MESSAGE][INFO] - Starting 'Chrome' driver

2024-05-16 01:06:52 - [MESSAGE][INFO] - User set preference: ['acceptInsecureCerts', 'true']

2024-05-16 01:06:52 - [MESSAGE][INFO] - Action delay is set to 0 milliseconds

2024-05-16 01:06:54 - [MESSAGE][PASSED] - Browser is opened with url: 'https://dev-algorithm.govolution.com/vlinktest/QA2/version_2_0/debit.html'

2024-05-16 01:06:54 - [TEST_STEP][PASSED] - maximizeWindow(): Current window maximized

2024-05-16 01:06:55 - [MESSAGE][PASSED] - Current window maximized

2024-05-16 01:06:55 - [TEST_STEP][PASSED] - genRemID1 = random() * 99999).toInteger(): null

2024-05-16 01:06:55 - [TEST_STEP][PASSED] - genRemID2 = random() * 99999).toInteger(): null

2024-05-16 01:06:55 - [TEST_STEP][PASSED] - genRemID3 = random() * 99999).toInteger(): null

2024-05-16 01:06:55 - [TEST_STEP][PASSED] - println(genRemID1): null

2024-05-16 01:06:55 - [TEST_STEP][PASSED] - println(genRemID2): null

2024-05-16 01:06:55 - [TEST_STEP][PASSED] - println(genRemID3): null

2024-05-16 01:06:55 - [TEST_STEP][PASSED] - genRemID = genRemID1 + "|" + genRemID2 + "|" + genRemID3: null

2024-05-16 01:06:55 - [TEST_STEP][PASSED] - println(genRemID): null

2024-05-16 01:06:55 - [TEST_STEP][PASSED] - setText(findTestObject("RecAndPlayBk/Page-Vlink-Debit/input_Remittance Id"), genRemID): Text '19638|29182|49817' is set on object 'Object Repository/RecAndPlayBk/Page-Vlink-Debit/input_Remittance Id'

2024-05-16 01:06:56 - [MESSAGE][PASSED] - Text '19638|29182|49817' is set on object 'Object Repository/RecAndPlayBk/Page-Vlink-Debit/input_Remittance Id'

2024-05-16 01:06:56 - [TEST_STEP][PASSED] - setText(findTestObject("RecAndPlayBk/Page-Vlink-Debit/input_Application Id"), appID): Text '234' is set on object 'Object Repository/RecAndPlayBk/Page-Vlink-Debit/input_Application Id'

2024-05-16 01:06:56 - [MESSAGE][PASSED] - Text '234' is set on object 'Object Repository/RecAndPlayBk/Page-Vlink-Debit/input_Application Id'

2024-05-16 01:06:56 - [TEST_STEP][PASSED] - setText(findTestObject("RecAndPlayBk/Page-Vlink-Debit/input_Username"), username): Text 'username' is set on object 'Object Repository/RecAndPlayBk/Page-Vlink-Debit/input_Username'

2024-05-16 01:06:57 - [MESSAGE][PASSED] - Text 'username' is set on object 'Object Repository/RecAndPlayBk/Page-Vlink-Debit/input_Username'

2024-05-16 01:06:57 - [TEST_STEP][PASSED] - setText(findTestObject("RecAndPlayBk/Page-Vlink-Debit/input_Password"), password): Text 'password' is set on object 'Object Repository/RecAndPlayBk/Page-Vlink-Debit/input_Password'

2024-05-16 01:06:57 - [MESSAGE][PASSED] - Text 'password' is set on object 'Object Repository/RecAndPlayBk/Page-Vlink-Debit/input_Password'

2024-05-16 01:06:57 - [TEST_STEP][PASSED] - setText(findTestObject("RecAndPlayBk/Page-Vlink-Debit/input_Check Type"), checkType): Text 'C' is set on object 'Object Repository/RecAndPlayBk/Page-Vlink-Debit/input_Check Type'

2024-05-16 01:06:58 - [MESSAGE][PASSED] - Text 'C' is set on object 'Object Repository/RecAndPlayBk/Page-Vlink-Debit/input_Check Type'

2024-05-16 01:06:58 - [TEST_STEP][PASSED] - setText(findTestObject("RecAndPlayBk/Page-Vlink-Debit/input_Account_check"), acNumber): Text '58963214' is set on object 'Object Repository/RecAndPlayBk/Page-Vlink-Debit/input_Account_check'

2024-05-16 01:06:59 - [MESSAGE][PASSED] - Text '58963214' is set on object 'Object Repository/RecAndPlayBk/Page-Vlink-Debit/input_Account_check'

2024-05-16 01:06:59 - [TEST_STEP][PASSED] - setText(findTestObject("RecAndPlayBk/Page-Vlink-Debit/input_Company_check"), company): Text 'My Company' is set on object 'Object Repository/RecAndPlayBk/Page-Vlink-Debit/input_Company_check'

2024-05-16 01:06:59 - [MESSAGE][PASSED] - Text 'My Company' is set on object 'Object Repository/RecAndPlayBk/Page-Vlink-Debit/input_Company_check'

2024-05-16 01:06:59 - [TEST_STEP][PASSED] - setText(findTestObject("RecAndPlayBk/Page-Vlink-Debit/input_Account Type"), acType): Text '' is set on object 'Object Repository/RecAndPlayBk/Page-Vlink-Debit/input_Account Type'

2024-05-16 01:07:00 - [MESSAGE][PASSED] - Text '' is set on object 'Object Repository/RecAndPlayBk/Page-Vlink-Debit/input_Account Type'

2024-05-16 01:07:00 - [TEST_STEP][PASSED] - setText(findTestObject("RecAndPlayBk/Page-Vlink-Debit/input_Routing Number"), rtn): Text '256072691' is set on object 'Object Repository/RecAndPlayBk/Page-Vlink-Debit/input_Routing Number'

2024-05-16 01:07:01 - [MESSAGE][PASSED] - Text '256072691' is set on object 'Object Repository/RecAndPlayBk/Page-Vlink-Debit/input_Routing Number'

2024-05-16 01:07:01 - [TEST_STEP][PASSED] - setText(findTestObject("RecAndPlayBk/Page-Vlink-Debit/input_Amount"), amount): Text '12.50' is set on object 'Object Repository/RecAndPlayBk/Page-Vlink-Debit/input_Amount'

2024-05-16 01:07:01 - [MESSAGE][PASSED] - Text '12.50' is set on object 'Object Repository/RecAndPlayBk/Page-Vlink-Debit/input_Amount'

2024-05-16 01:07:01 - [TEST_STEP][PASSED] - setText(findTestObject("RecAndPlayBk/Page-Vlink-Debit/input_Check Email"), ""): Text '' is set on object 'Object Repository/RecAndPlayBk/Page-Vlink-Debit/input_Check Email'

2024-05-16 01:07:02 - [MESSAGE][PASSED] - Text '' is set on object 'Object Repository/RecAndPlayBk/Page-Vlink-Debit/input_Check Email'

2024-05-16 01:07:02 - [TEST_STEP][PASSED] - setText(findTestObject("Object Repository/RecAndPlayBk/Page-Vlink-Debit/input_concat(CheckWriter, , s SSN)_check_ssn"), ""): Text '' is set on object 'Object Repository/RecAndPlayBk/Page-Vlink-Debit/input_concat(CheckWriter, , s SSN)_check_ssn'

2024-05-16 01:07:03 - [MESSAGE][PASSED] - Text '' is set on object 'Object Repository/RecAndPlayBk/Page-Vlink-Debit/input_concat(CheckWriter, , s SSN)_check_ssn'

2024-05-16 01:07:03 - [TEST_STEP][PASSED] - setText(findTestObject("Object Repository/RecAndPlayBk/Page-Vlink-Debit/input_concat(CheckWriter, , s License Numbe_020fef"), ""): Text '' is set on object 'Object Repository/RecAndPlayBk/Page-Vlink-Debit/input_concat(CheckWriter, , s License Numbe_020fef'

2024-05-16 01:07:03 - [MESSAGE][PASSED] - Text '' is set on object 'Object Repository/RecAndPlayBk/Page-Vlink-Debit/input_concat(CheckWriter, , s License Numbe_020fef'

2024-05-16 01:07:03 - [TEST_STEP][PASSED] - setText(findTestObject("Object Repository/RecAndPlayBk/Page-Vlink-Debit/input_concat(CheckWriter, , s License State_21e3e7"), ""): Text '' is set on object 'Object Repository/RecAndPlayBk/Page-Vlink-Debit/input_concat(CheckWriter, , s License State_21e3e7'

2024-05-16 01:07:04 - [MESSAGE][PASSED] - Text '' is set on object 'Object Repository/RecAndPlayBk/Page-Vlink-Debit/input_concat(CheckWriter, , s License State_21e3e7'

2024-05-16 01:07:04 - [TEST_STEP][PASSED] - setText(findTestObject("RecAndPlayBk/Page-Vlink-Debit/input_Standard Entry Class"), sec): Text 'CCD' is set on object 'Object Repository/RecAndPlayBk/Page-Vlink-Debit/input_Standard Entry Class'

2024-05-16 01:07:05 - [MESSAGE][PASSED] - Text 'CCD' is set on object 'Object Repository/RecAndPlayBk/Page-Vlink-Debit/input_Standard Entry Class'

2024-05-16 01:07:05 - [TEST_STEP][PASSED] - click(findTestObject("Object Repository/RecAndPlayBk/Page-Vlink-Debit/input")): Object: 'Object Repository/RecAndPlayBk/Page-Vlink-Debit/input' is clicked on

2024-05-16 01:07:05 - [MESSAGE][PASSED] - Object: 'Object Repository/RecAndPlayBk/Page-Vlink-Debit/input' is clicked on

2024-05-16 01:07:05 - [TEST_STEP][PASSED] - if (verifyTextPresent("Transaction approved, no errors", true)): null

2024-05-16 01:07:06 - [MESSAGE][PASSED] - Text 'Transaction approved, no errors' is present on page  using regular expression

2024-05-16 01:07:06 - [TEST_STEP][PASSED] - println("Transaction Approved, no errors text is present on the Confirmation page"): null

2024-05-16 01:07:06 - [TEST_STEP][PASSED] - out.println("Pass Record Number: " + row): null

2024-05-16 01:07:06 - [TEST_STEP][PASSED] - resText = "Pass": null

2024-05-16 01:07:06 - [TEST_STEP][PASSED] - pages.WriteExcel.demoKey(resText, datText, resColumn, datCloumn, fileLoc, nameSheet, row): pages.WriteExcel.demoKey is PASSED

2024-05-16 01:07:06 - [MESSAGE][PASSED] - pages.WriteExcel.demoKey is PASSED]]></system-out>
         <system-err><![CDATA[]]></system-err>
      </testcase>
      <testcase name="Test Cases/RecAndPlayBk/VLink/Debit-Void-RemID-Pipe" time="184.122" classname="Test Cases/RecAndPlayBk/VLink/Debit-Void-RemID-Pipe" status="PASSED">
         <system-out><![CDATA[2024-05-16 01:07:06 - [TEST_CASE][PASSED] - Test Cases/RecAndPlayBk/VLink/Debit-Void-RemID-Pipe: Test Cases/RecAndPlayBk/VLink/Debit-Void-RemID-Pipe

2024-05-16 01:07:07 - [TEST_STEP][PASSED] - executionProfile = getExecutionProfile(): null

2024-05-16 01:07:07 - [TEST_STEP][PASSED] - out.println("executionProfile : " + executionProfile): null

2024-05-16 01:07:07 - [TEST_STEP][PASSED] - resText = "Fail": null

2024-05-16 01:07:07 - [TEST_STEP][PASSED] - resColumn = "Result": null

2024-05-16 01:07:07 - [TEST_STEP][PASSED] - datCloumn = "Date": null

2024-05-16 01:07:07 - [TEST_STEP][PASSED] - fileLoc = "KatalonData/VLinkSmokeDataACH.xlsx": null

2024-05-16 01:07:07 - [TEST_STEP][PASSED] - numOfRows = <not implemented yet for class: org.codehaus.groovy.ast.expr.EmptyExpression>: null

2024-05-16 01:07:07 - [TEST_STEP][PASSED] - dataFile = <not implemented yet for class: org.codehaus.groovy.ast.expr.EmptyExpression>: null

2024-05-16 01:07:07 - [TEST_STEP][PASSED] - nameSheet = <not implemented yet for class: org.codehaus.groovy.ast.expr.EmptyExpression>: null

2024-05-16 01:07:07 - [TEST_STEP][PASSED] - nameSheet = "DebitVoid-RemID-Pipe": null

2024-05-16 01:07:07 - [TEST_STEP][PASSED] - numOfRows = findTestData("QA/VLinkTestData/VLinkDebitVoidRemIDPipeData").getRowNumbers(): null

2024-05-16 01:07:07 - [TEST_STEP][PASSED] - println("Number of Records: " + numOfRows): null

2024-05-16 01:07:07 - [TEST_STEP][PASSED] - dataFile = "QA/VLinkTestData/VLinkDebitVoidRemIDPipeData": null

2024-05-16 01:07:07 - [TEST_STEP][PASSED] - for ([row = 1, row <= numOfRows, (row++)]): null

2024-05-16 01:07:07 - [TEST_STEP][PASSED] - ExecuteTC = findTestData(dataFile).getValue("Execute", row): null

2024-05-16 01:07:07 - [TEST_STEP][PASSED] - out.println("Value of Execute is : " + ExecuteTC): null

2024-05-16 01:07:07 - [TEST_STEP][PASSED] - switch (executionProfile): null

2024-05-16 01:07:07 - [TEST_STEP][PASSED] - case "QA2Profile":: null

2024-05-16 01:07:07 - [TEST_STEP][PASSED] - appID = findTestData(dataFile).getValue("AppIDQA", row): null

2024-05-16 01:07:07 - [TEST_STEP][PASSED] - username = findTestData(dataFile).getValue("UsernameQA", row): null

2024-05-16 01:07:07 - [TEST_STEP][PASSED] - password = findTestData(dataFile).getValue("PasswordQA", row): null

2024-05-16 01:07:07 - [TEST_STEP][PASSED] - break: null

2024-05-16 01:07:07 - [TEST_STEP][PASSED] - if (ExecuteTC.equalsIgnoreCase("Y")): null

2024-05-16 01:07:07 - [TEST_STEP][PASSED] - out.println("Begin Record Number: " + row): null

2024-05-16 01:07:07 - [TEST_STEP][PASSED] - today = new java.util.Date(): null

2024-05-16 01:07:07 - [TEST_STEP][PASSED] - println(today): null

2024-05-16 01:07:07 - [TEST_STEP][PASSED] - datText = today: null

2024-05-16 01:07:07 - [TEST_STEP][PASSED] - checkType = findTestData(dataFile).getValue("CheckType", row): null

2024-05-16 01:07:07 - [TEST_STEP][PASSED] - acNumber = findTestData(dataFile).getValue("AcNumber", row): null

2024-05-16 01:07:07 - [TEST_STEP][PASSED] - company = findTestData(dataFile).getValue("Company", row): null

2024-05-16 01:07:07 - [TEST_STEP][PASSED] - acType = findTestData(dataFile).getValue("AcType", row): null

2024-05-16 01:07:07 - [TEST_STEP][PASSED] - rtn = findTestData(dataFile).getValue("RTN", row): null

2024-05-16 01:07:07 - [TEST_STEP][PASSED] - amount = findTestData(dataFile).getValue("Amount", row): null

2024-05-16 01:07:08 - [TEST_STEP][PASSED] - sec = findTestData(dataFile).getValue("SEC", row): null

2024-05-16 01:07:08 - [TEST_STEP][PASSED] - openBrowser(VLinkURL + "debit.html"): Browser is opened with url: 'https://dev-algorithm.govolution.com/vlinktest/QA2/version_2_0/debit.html'

2024-05-16 01:07:08 - [MESSAGE][WARNING] - A browser is already opened. Closing browser and opening a new one

2024-05-16 01:07:09 - [MESSAGE][INFO] - Starting 'Chrome' driver

2024-05-16 01:07:09 - [MESSAGE][INFO] - User set preference: ['acceptInsecureCerts', 'true']

2024-05-16 01:07:09 - [MESSAGE][INFO] - Action delay is set to 0 milliseconds

2024-05-16 01:07:11 - [MESSAGE][PASSED] - Browser is opened with url: 'https://dev-algorithm.govolution.com/vlinktest/QA2/version_2_0/debit.html'

2024-05-16 01:07:11 - [TEST_STEP][PASSED] - maximizeWindow(): Current window maximized

2024-05-16 01:07:11 - [MESSAGE][PASSED] - Current window maximized

2024-05-16 01:07:11 - [TEST_STEP][PASSED] - genRemID1 = random() * 99999).toInteger(): null

2024-05-16 01:07:11 - [TEST_STEP][PASSED] - genRemID2 = random() * 99999).toInteger(): null

2024-05-16 01:07:11 - [TEST_STEP][PASSED] - genRemID3 = random() * 99999).toInteger(): null

2024-05-16 01:07:11 - [TEST_STEP][PASSED] - println(genRemID1): null

2024-05-16 01:07:11 - [TEST_STEP][PASSED] - println(genRemID2): null

2024-05-16 01:07:11 - [TEST_STEP][PASSED] - println(genRemID3): null

2024-05-16 01:07:11 - [TEST_STEP][PASSED] - genRemID = genRemID1 + "|" + genRemID2 + "|" + genRemID3: null

2024-05-16 01:07:11 - [TEST_STEP][PASSED] - println(genRemID): null

2024-05-16 01:07:11 - [TEST_STEP][PASSED] - setText(findTestObject("RecAndPlayBk/Page-Vlink-Debit/input_Remittance Id"), genRemID): Text '20794|61415|52887' is set on object 'Object Repository/RecAndPlayBk/Page-Vlink-Debit/input_Remittance Id'

2024-05-16 01:07:12 - [MESSAGE][PASSED] - Text '20794|61415|52887' is set on object 'Object Repository/RecAndPlayBk/Page-Vlink-Debit/input_Remittance Id'

2024-05-16 01:07:12 - [TEST_STEP][PASSED] - setText(findTestObject("RecAndPlayBk/Page-Vlink-Debit/input_Application Id"), appID): Text '234' is set on object 'Object Repository/RecAndPlayBk/Page-Vlink-Debit/input_Application Id'

2024-05-16 01:07:13 - [MESSAGE][PASSED] - Text '234' is set on object 'Object Repository/RecAndPlayBk/Page-Vlink-Debit/input_Application Id'

2024-05-16 01:07:13 - [TEST_STEP][PASSED] - setText(findTestObject("RecAndPlayBk/Page-Vlink-Debit/input_Username"), username): Text 'username' is set on object 'Object Repository/RecAndPlayBk/Page-Vlink-Debit/input_Username'

2024-05-16 01:07:14 - [MESSAGE][PASSED] - Text 'username' is set on object 'Object Repository/RecAndPlayBk/Page-Vlink-Debit/input_Username'

2024-05-16 01:07:14 - [TEST_STEP][PASSED] - setText(findTestObject("RecAndPlayBk/Page-Vlink-Debit/input_Password"), password): Text 'password' is set on object 'Object Repository/RecAndPlayBk/Page-Vlink-Debit/input_Password'

2024-05-16 01:07:14 - [MESSAGE][PASSED] - Text 'password' is set on object 'Object Repository/RecAndPlayBk/Page-Vlink-Debit/input_Password'

2024-05-16 01:07:14 - [TEST_STEP][PASSED] - setText(findTestObject("RecAndPlayBk/Page-Vlink-Debit/input_Check Type"), checkType): Text 'P' is set on object 'Object Repository/RecAndPlayBk/Page-Vlink-Debit/input_Check Type'

2024-05-16 01:07:15 - [MESSAGE][PASSED] - Text 'P' is set on object 'Object Repository/RecAndPlayBk/Page-Vlink-Debit/input_Check Type'

2024-05-16 01:07:15 - [TEST_STEP][PASSED] - setText(findTestObject("RecAndPlayBk/Page-Vlink-Debit/input_Account_check"), acNumber): Text '58963214' is set on object 'Object Repository/RecAndPlayBk/Page-Vlink-Debit/input_Account_check'

2024-05-16 01:07:16 - [MESSAGE][PASSED] - Text '58963214' is set on object 'Object Repository/RecAndPlayBk/Page-Vlink-Debit/input_Account_check'

2024-05-16 01:07:16 - [TEST_STEP][PASSED] - setText(findTestObject("RecAndPlayBk/Page-Vlink-Debit/input_Company_check"), company): Text '' is set on object 'Object Repository/RecAndPlayBk/Page-Vlink-Debit/input_Company_check'

2024-05-16 01:07:16 - [MESSAGE][PASSED] - Text '' is set on object 'Object Repository/RecAndPlayBk/Page-Vlink-Debit/input_Company_check'

2024-05-16 01:07:16 - [TEST_STEP][PASSED] - setText(findTestObject("RecAndPlayBk/Page-Vlink-Debit/input_Account Type"), acType): Text '1' is set on object 'Object Repository/RecAndPlayBk/Page-Vlink-Debit/input_Account Type'

2024-05-16 01:07:17 - [MESSAGE][PASSED] - Text '1' is set on object 'Object Repository/RecAndPlayBk/Page-Vlink-Debit/input_Account Type'

2024-05-16 01:07:17 - [TEST_STEP][PASSED] - setText(findTestObject("RecAndPlayBk/Page-Vlink-Debit/input_Routing Number"), rtn): Text '256072691' is set on object 'Object Repository/RecAndPlayBk/Page-Vlink-Debit/input_Routing Number'

2024-05-16 01:07:17 - [MESSAGE][PASSED] - Text '256072691' is set on object 'Object Repository/RecAndPlayBk/Page-Vlink-Debit/input_Routing Number'

2024-05-16 01:07:17 - [TEST_STEP][PASSED] - setText(findTestObject("RecAndPlayBk/Page-Vlink-Debit/input_Amount"), amount): Text '12.50' is set on object 'Object Repository/RecAndPlayBk/Page-Vlink-Debit/input_Amount'

2024-05-16 01:07:18 - [MESSAGE][PASSED] - Text '12.50' is set on object 'Object Repository/RecAndPlayBk/Page-Vlink-Debit/input_Amount'

2024-05-16 01:07:18 - [TEST_STEP][PASSED] - setText(findTestObject("RecAndPlayBk/Page-Vlink-Debit/input_Check Email"), ""): Text '' is set on object 'Object Repository/RecAndPlayBk/Page-Vlink-Debit/input_Check Email'

2024-05-16 01:07:19 - [MESSAGE][PASSED] - Text '' is set on object 'Object Repository/RecAndPlayBk/Page-Vlink-Debit/input_Check Email'

2024-05-16 01:07:19 - [TEST_STEP][PASSED] - setText(findTestObject("Object Repository/RecAndPlayBk/Page-Vlink-Debit/input_concat(CheckWriter, , s SSN)_check_ssn"), ""): Text '' is set on object 'Object Repository/RecAndPlayBk/Page-Vlink-Debit/input_concat(CheckWriter, , s SSN)_check_ssn'

2024-05-16 01:07:19 - [MESSAGE][PASSED] - Text '' is set on object 'Object Repository/RecAndPlayBk/Page-Vlink-Debit/input_concat(CheckWriter, , s SSN)_check_ssn'

2024-05-16 01:07:19 - [TEST_STEP][PASSED] - setText(findTestObject("Object Repository/RecAndPlayBk/Page-Vlink-Debit/input_concat(CheckWriter, , s License Numbe_020fef"), ""): Text '' is set on object 'Object Repository/RecAndPlayBk/Page-Vlink-Debit/input_concat(CheckWriter, , s License Numbe_020fef'

2024-05-16 01:07:20 - [MESSAGE][PASSED] - Text '' is set on object 'Object Repository/RecAndPlayBk/Page-Vlink-Debit/input_concat(CheckWriter, , s License Numbe_020fef'

2024-05-16 01:07:20 - [TEST_STEP][PASSED] - setText(findTestObject("Object Repository/RecAndPlayBk/Page-Vlink-Debit/input_concat(CheckWriter, , s License State_21e3e7"), ""): Text '' is set on object 'Object Repository/RecAndPlayBk/Page-Vlink-Debit/input_concat(CheckWriter, , s License State_21e3e7'

2024-05-16 01:07:21 - [MESSAGE][PASSED] - Text '' is set on object 'Object Repository/RecAndPlayBk/Page-Vlink-Debit/input_concat(CheckWriter, , s License State_21e3e7'

2024-05-16 01:07:21 - [TEST_STEP][PASSED] - setText(findTestObject("RecAndPlayBk/Page-Vlink-Debit/input_Standard Entry Class"), sec): Text 'WEB' is set on object 'Object Repository/RecAndPlayBk/Page-Vlink-Debit/input_Standard Entry Class'

2024-05-16 01:07:21 - [MESSAGE][PASSED] - Text 'WEB' is set on object 'Object Repository/RecAndPlayBk/Page-Vlink-Debit/input_Standard Entry Class'

2024-05-16 01:07:21 - [TEST_STEP][PASSED] - click(findTestObject("Object Repository/RecAndPlayBk/Page-Vlink-Debit/input")): Object: 'Object Repository/RecAndPlayBk/Page-Vlink-Debit/input' is clicked on

2024-05-16 01:07:22 - [MESSAGE][PASSED] - Object: 'Object Repository/RecAndPlayBk/Page-Vlink-Debit/input' is clicked on

2024-05-16 01:07:22 - [TEST_STEP][PASSED] - if (verifyTextPresent("Transaction approved, no errors", true)): null

2024-05-16 01:07:23 - [MESSAGE][PASSED] - Text 'Transaction approved, no errors' is present on page  using regular expression

2024-05-16 01:07:23 - [TEST_STEP][PASSED] - println("Transaction Approved, no errors text is present on the Confirmation page"): null

2024-05-16 01:07:23 - [TEST_STEP][PASSED] - sdfo = getText(findTestObject("Object Repository/Page_VLinkReceipt/pre_STX")): Text of object 'Object Repository/Page_VLinkReceipt/pre_STX' is: '<STX>20794|61415|52887             12151764            0  Transaction approved, no errors                   0                                                                                                              <ETX>'

2024-05-16 01:07:23 - [MESSAGE][PASSED] - Text of object 'Object Repository/Page_VLinkReceipt/pre_STX' is: '<STX>20794|61415|52887             12151764            0  Transaction approved, no errors                   0                                                                                                              <ETX>'

2024-05-16 01:07:23 - [TEST_STEP][PASSED] - out.println("sdfo: " + sdfo): null

2024-05-16 01:07:23 - [TEST_STEP][PASSED] - remID = substring(5, 35).trim(): null

2024-05-16 01:07:23 - [TEST_STEP][PASSED] - out.println("remID: " + remID): null

2024-05-16 01:07:23 - [TEST_STEP][PASSED] - traxID = substring(35, 55).trim(): null

2024-05-16 01:07:23 - [TEST_STEP][PASSED] - out.println("traxID: " + traxID): null

2024-05-16 01:07:23 - [TEST_STEP][PASSED] - VLinkSaleRemID = remID: null

2024-05-16 01:07:23 - [TEST_STEP][PASSED] - VLinkSaleTranxID = traxID: null

2024-05-16 01:07:23 - [TEST_STEP][PASSED] - openBrowser(VLinkURL + "ACH_void.html"): Browser is opened with url: 'https://dev-algorithm.govolution.com/vlinktest/QA2/version_2_0/ACH_void.html'

2024-05-16 01:07:23 - [MESSAGE][WARNING] - A browser is already opened. Closing browser and opening a new one

2024-05-16 01:07:24 - [MESSAGE][INFO] - Starting 'Chrome' driver

2024-05-16 01:07:24 - [MESSAGE][INFO] - User set preference: ['acceptInsecureCerts', 'true']

2024-05-16 01:07:24 - [MESSAGE][INFO] - Action delay is set to 0 milliseconds

2024-05-16 01:07:26 - [MESSAGE][PASSED] - Browser is opened with url: 'https://dev-algorithm.govolution.com/vlinktest/QA2/version_2_0/ACH_void.html'

2024-05-16 01:07:26 - [TEST_STEP][PASSED] - maximizeWindow(): Current window maximized

2024-05-16 01:07:27 - [MESSAGE][PASSED] - Current window maximized

2024-05-16 01:07:27 - [TEST_STEP][PASSED] - setText(findTestObject("Object Repository/RecAndPlayBk/Page-Vlink-ACH-Void/input_Remittance Id"), VLinkSaleRemID): Text '20794|61415|52887' is set on object 'Object Repository/RecAndPlayBk/Page-Vlink-ACH-Void/input_Remittance Id'

2024-05-16 01:07:27 - [MESSAGE][PASSED] - Text '20794|61415|52887' is set on object 'Object Repository/RecAndPlayBk/Page-Vlink-ACH-Void/input_Remittance Id'

2024-05-16 01:07:27 - [TEST_STEP][PASSED] - setText(findTestObject("Object Repository/RecAndPlayBk/Page-Vlink-ACH-Void/input_Application Id"), appID): Text '234' is set on object 'Object Repository/RecAndPlayBk/Page-Vlink-ACH-Void/input_Application Id'

2024-05-16 01:07:28 - [MESSAGE][PASSED] - Text '234' is set on object 'Object Repository/RecAndPlayBk/Page-Vlink-ACH-Void/input_Application Id'

2024-05-16 01:07:28 - [TEST_STEP][PASSED] - setText(findTestObject("Object Repository/RecAndPlayBk/Page-Vlink-ACH-Void/input_Username"), username): Text 'username' is set on object 'Object Repository/RecAndPlayBk/Page-Vlink-ACH-Void/input_Username'

2024-05-16 01:07:29 - [MESSAGE][PASSED] - Text 'username' is set on object 'Object Repository/RecAndPlayBk/Page-Vlink-ACH-Void/input_Username'

2024-05-16 01:07:29 - [TEST_STEP][PASSED] - setText(findTestObject("Object Repository/RecAndPlayBk/Page-Vlink-ACH-Void/input_Password"), password): Text 'password' is set on object 'Object Repository/RecAndPlayBk/Page-Vlink-ACH-Void/input_Password'

2024-05-16 01:07:29 - [MESSAGE][PASSED] - Text 'password' is set on object 'Object Repository/RecAndPlayBk/Page-Vlink-ACH-Void/input_Password'

2024-05-16 01:07:29 - [TEST_STEP][PASSED] - setText(findTestObject("Object Repository/RecAndPlayBk/Page-Vlink-ACH-Void/input_Check Type"), checkType): Text 'P' is set on object 'Object Repository/RecAndPlayBk/Page-Vlink-ACH-Void/input_Check Type'

2024-05-16 01:07:30 - [MESSAGE][PASSED] - Text 'P' is set on object 'Object Repository/RecAndPlayBk/Page-Vlink-ACH-Void/input_Check Type'

2024-05-16 01:07:30 - [TEST_STEP][PASSED] - setText(findTestObject("Object Repository/RecAndPlayBk/Page-Vlink-ACH-Void/input_Standard Entry Class"), sec): Text 'WEB' is set on object 'Object Repository/RecAndPlayBk/Page-Vlink-ACH-Void/input_Standard Entry Class'

2024-05-16 01:07:31 - [MESSAGE][PASSED] - Text 'WEB' is set on object 'Object Repository/RecAndPlayBk/Page-Vlink-ACH-Void/input_Standard Entry Class'

2024-05-16 01:07:31 - [TEST_STEP][PASSED] - setText(findTestObject("Object Repository/RecAndPlayBk/Page-Vlink-ACH-Void/input_Transaction ID"), VLinkSaleTranxID): Text '12151764' is set on object 'Object Repository/RecAndPlayBk/Page-Vlink-ACH-Void/input_Transaction ID'

2024-05-16 01:07:31 - [MESSAGE][PASSED] - Text '12151764' is set on object 'Object Repository/RecAndPlayBk/Page-Vlink-ACH-Void/input_Transaction ID'

2024-05-16 01:07:31 - [TEST_STEP][PASSED] - setText(findTestObject("Object Repository/RecAndPlayBk/Page-Vlink-ACH-Void/input_Original Transaction Type"), "200"): Text '200' is set on object 'Object Repository/RecAndPlayBk/Page-Vlink-ACH-Void/input_Original Transaction Type'

2024-05-16 01:07:32 - [MESSAGE][PASSED] - Text '200' is set on object 'Object Repository/RecAndPlayBk/Page-Vlink-ACH-Void/input_Original Transaction Type'

2024-05-16 01:07:32 - [TEST_STEP][PASSED] - click(findTestObject("Object Repository/RecAndPlayBk/Page-Vlink-ACH-Void/input")): Object: 'Object Repository/RecAndPlayBk/Page-Vlink-ACH-Void/input' is clicked on

2024-05-16 01:07:33 - [MESSAGE][PASSED] - Object: 'Object Repository/RecAndPlayBk/Page-Vlink-ACH-Void/input' is clicked on

2024-05-16 01:07:33 - [TEST_STEP][PASSED] - if (verifyTextPresent("Transaction approved, no errors", true)): null

2024-05-16 01:07:33 - [MESSAGE][PASSED] - Text 'Transaction approved, no errors' is present on page  using regular expression

2024-05-16 01:07:33 - [TEST_STEP][PASSED] - println("Transaction Approved, no errors text is present on the Confirmation page"): null

2024-05-16 01:07:33 - [TEST_STEP][PASSED] - out.println("Pass Record Number: " + row): null

2024-05-16 01:07:33 - [TEST_STEP][PASSED] - resText = "Pass": null

2024-05-16 01:07:33 - [TEST_STEP][PASSED] - pages.WriteExcel.demoKey(resText, datText, resColumn, datCloumn, fileLoc, nameSheet, row): pages.WriteExcel.demoKey is PASSED

2024-05-16 01:07:33 - [MESSAGE][PASSED] - pages.WriteExcel.demoKey is PASSED

2024-05-16 01:07:33 - [TEST_STEP][PASSED] - ExecuteTC = findTestData(dataFile).getValue("Execute", row): null

2024-05-16 01:07:34 - [TEST_STEP][PASSED] - out.println("Value of Execute is : " + ExecuteTC): null

2024-05-16 01:07:34 - [TEST_STEP][PASSED] - switch (executionProfile): null

2024-05-16 01:07:34 - [TEST_STEP][PASSED] - case "QA2Profile":: null

2024-05-16 01:07:34 - [TEST_STEP][PASSED] - appID = findTestData(dataFile).getValue("AppIDQA", row): null

2024-05-16 01:07:34 - [TEST_STEP][PASSED] - username = findTestData(dataFile).getValue("UsernameQA", row): null

2024-05-16 01:07:34 - [TEST_STEP][PASSED] - password = findTestData(dataFile).getValue("PasswordQA", row): null

2024-05-16 01:07:34 - [TEST_STEP][PASSED] - break: null

2024-05-16 01:07:34 - [TEST_STEP][PASSED] - if (ExecuteTC.equalsIgnoreCase("Y")): null

2024-05-16 01:07:34 - [TEST_STEP][PASSED] - out.println("Begin Record Number: " + row): null

2024-05-16 01:07:34 - [TEST_STEP][PASSED] - today = new java.util.Date(): null

2024-05-16 01:07:34 - [TEST_STEP][PASSED] - println(today): null

2024-05-16 01:07:34 - [TEST_STEP][PASSED] - datText = today: null

2024-05-16 01:07:34 - [TEST_STEP][PASSED] - checkType = findTestData(dataFile).getValue("CheckType", row): null

2024-05-16 01:07:34 - [TEST_STEP][PASSED] - acNumber = findTestData(dataFile).getValue("AcNumber", row): null

2024-05-16 01:07:34 - [TEST_STEP][PASSED] - company = findTestData(dataFile).getValue("Company", row): null

2024-05-16 01:07:34 - [TEST_STEP][PASSED] - acType = findTestData(dataFile).getValue("AcType", row): null

2024-05-16 01:07:34 - [TEST_STEP][PASSED] - rtn = findTestData(dataFile).getValue("RTN", row): null

2024-05-16 01:07:34 - [TEST_STEP][PASSED] - amount = findTestData(dataFile).getValue("Amount", row): null

2024-05-16 01:07:34 - [TEST_STEP][PASSED] - sec = findTestData(dataFile).getValue("SEC", row): null

2024-05-16 01:07:34 - [TEST_STEP][PASSED] - openBrowser(VLinkURL + "debit.html"): Browser is opened with url: 'https://dev-algorithm.govolution.com/vlinktest/QA2/version_2_0/debit.html'

2024-05-16 01:07:34 - [MESSAGE][WARNING] - A browser is already opened. Closing browser and opening a new one

2024-05-16 01:07:35 - [MESSAGE][INFO] - Starting 'Chrome' driver

2024-05-16 01:07:35 - [MESSAGE][INFO] - User set preference: ['acceptInsecureCerts', 'true']

2024-05-16 01:07:35 - [MESSAGE][INFO] - Action delay is set to 0 milliseconds

2024-05-16 01:07:37 - [MESSAGE][PASSED] - Browser is opened with url: 'https://dev-algorithm.govolution.com/vlinktest/QA2/version_2_0/debit.html'

2024-05-16 01:07:37 - [TEST_STEP][PASSED] - maximizeWindow(): Current window maximized

2024-05-16 01:07:38 - [MESSAGE][PASSED] - Current window maximized

2024-05-16 01:07:38 - [TEST_STEP][PASSED] - genRemID1 = random() * 99999).toInteger(): null

2024-05-16 01:07:38 - [TEST_STEP][PASSED] - genRemID2 = random() * 99999).toInteger(): null

2024-05-16 01:07:38 - [TEST_STEP][PASSED] - genRemID3 = random() * 99999).toInteger(): null

2024-05-16 01:07:38 - [TEST_STEP][PASSED] - println(genRemID1): null

2024-05-16 01:07:38 - [TEST_STEP][PASSED] - println(genRemID2): null

2024-05-16 01:07:38 - [TEST_STEP][PASSED] - println(genRemID3): null

2024-05-16 01:07:38 - [TEST_STEP][PASSED] - genRemID = genRemID1 + "|" + genRemID2 + "|" + genRemID3: null

2024-05-16 01:07:38 - [TEST_STEP][PASSED] - println(genRemID): null

2024-05-16 01:07:38 - [TEST_STEP][PASSED] - setText(findTestObject("RecAndPlayBk/Page-Vlink-Debit/input_Remittance Id"), genRemID): Text '86664|21012|97764' is set on object 'Object Repository/RecAndPlayBk/Page-Vlink-Debit/input_Remittance Id'

2024-05-16 01:07:38 - [MESSAGE][PASSED] - Text '86664|21012|97764' is set on object 'Object Repository/RecAndPlayBk/Page-Vlink-Debit/input_Remittance Id'

2024-05-16 01:07:38 - [TEST_STEP][PASSED] - setText(findTestObject("RecAndPlayBk/Page-Vlink-Debit/input_Application Id"), appID): Text '234' is set on object 'Object Repository/RecAndPlayBk/Page-Vlink-Debit/input_Application Id'

2024-05-16 01:07:39 - [MESSAGE][PASSED] - Text '234' is set on object 'Object Repository/RecAndPlayBk/Page-Vlink-Debit/input_Application Id'

2024-05-16 01:07:39 - [TEST_STEP][PASSED] - setText(findTestObject("RecAndPlayBk/Page-Vlink-Debit/input_Username"), username): Text 'username' is set on object 'Object Repository/RecAndPlayBk/Page-Vlink-Debit/input_Username'

2024-05-16 01:07:40 - [MESSAGE][PASSED] - Text 'username' is set on object 'Object Repository/RecAndPlayBk/Page-Vlink-Debit/input_Username'

2024-05-16 01:07:40 - [TEST_STEP][PASSED] - setText(findTestObject("RecAndPlayBk/Page-Vlink-Debit/input_Password"), password): Text 'password' is set on object 'Object Repository/RecAndPlayBk/Page-Vlink-Debit/input_Password'

2024-05-16 01:07:40 - [MESSAGE][PASSED] - Text 'password' is set on object 'Object Repository/RecAndPlayBk/Page-Vlink-Debit/input_Password'

2024-05-16 01:07:40 - [TEST_STEP][PASSED] - setText(findTestObject("RecAndPlayBk/Page-Vlink-Debit/input_Check Type"), checkType): Text 'P' is set on object 'Object Repository/RecAndPlayBk/Page-Vlink-Debit/input_Check Type'

2024-05-16 01:07:41 - [MESSAGE][PASSED] - Text 'P' is set on object 'Object Repository/RecAndPlayBk/Page-Vlink-Debit/input_Check Type'

2024-05-16 01:07:41 - [TEST_STEP][PASSED] - setText(findTestObject("RecAndPlayBk/Page-Vlink-Debit/input_Account_check"), acNumber): Text '58963214' is set on object 'Object Repository/RecAndPlayBk/Page-Vlink-Debit/input_Account_check'

2024-05-16 01:07:42 - [MESSAGE][PASSED] - Text '58963214' is set on object 'Object Repository/RecAndPlayBk/Page-Vlink-Debit/input_Account_check'

2024-05-16 01:07:42 - [TEST_STEP][PASSED] - setText(findTestObject("RecAndPlayBk/Page-Vlink-Debit/input_Company_check"), company): Text '' is set on object 'Object Repository/RecAndPlayBk/Page-Vlink-Debit/input_Company_check'

2024-05-16 01:07:42 - [MESSAGE][PASSED] - Text '' is set on object 'Object Repository/RecAndPlayBk/Page-Vlink-Debit/input_Company_check'

2024-05-16 01:07:42 - [TEST_STEP][PASSED] - setText(findTestObject("RecAndPlayBk/Page-Vlink-Debit/input_Account Type"), acType): Text '1' is set on object 'Object Repository/RecAndPlayBk/Page-Vlink-Debit/input_Account Type'

2024-05-16 01:07:43 - [MESSAGE][PASSED] - Text '1' is set on object 'Object Repository/RecAndPlayBk/Page-Vlink-Debit/input_Account Type'

2024-05-16 01:07:43 - [TEST_STEP][PASSED] - setText(findTestObject("RecAndPlayBk/Page-Vlink-Debit/input_Routing Number"), rtn): Text '256072691' is set on object 'Object Repository/RecAndPlayBk/Page-Vlink-Debit/input_Routing Number'

2024-05-16 01:07:44 - [MESSAGE][PASSED] - Text '256072691' is set on object 'Object Repository/RecAndPlayBk/Page-Vlink-Debit/input_Routing Number'

2024-05-16 01:07:44 - [TEST_STEP][PASSED] - setText(findTestObject("RecAndPlayBk/Page-Vlink-Debit/input_Amount"), amount): Text '12.50' is set on object 'Object Repository/RecAndPlayBk/Page-Vlink-Debit/input_Amount'

2024-05-16 01:07:44 - [MESSAGE][PASSED] - Text '12.50' is set on object 'Object Repository/RecAndPlayBk/Page-Vlink-Debit/input_Amount'

2024-05-16 01:07:44 - [TEST_STEP][PASSED] - setText(findTestObject("RecAndPlayBk/Page-Vlink-Debit/input_Check Email"), ""): Text '' is set on object 'Object Repository/RecAndPlayBk/Page-Vlink-Debit/input_Check Email'

2024-05-16 01:07:45 - [MESSAGE][PASSED] - Text '' is set on object 'Object Repository/RecAndPlayBk/Page-Vlink-Debit/input_Check Email'

2024-05-16 01:07:45 - [TEST_STEP][PASSED] - setText(findTestObject("Object Repository/RecAndPlayBk/Page-Vlink-Debit/input_concat(CheckWriter, , s SSN)_check_ssn"), ""): Text '' is set on object 'Object Repository/RecAndPlayBk/Page-Vlink-Debit/input_concat(CheckWriter, , s SSN)_check_ssn'

2024-05-16 01:07:46 - [MESSAGE][PASSED] - Text '' is set on object 'Object Repository/RecAndPlayBk/Page-Vlink-Debit/input_concat(CheckWriter, , s SSN)_check_ssn'

2024-05-16 01:07:46 - [TEST_STEP][PASSED] - setText(findTestObject("Object Repository/RecAndPlayBk/Page-Vlink-Debit/input_concat(CheckWriter, , s License Numbe_020fef"), ""): Text '' is set on object 'Object Repository/RecAndPlayBk/Page-Vlink-Debit/input_concat(CheckWriter, , s License Numbe_020fef'

2024-05-16 01:07:46 - [MESSAGE][PASSED] - Text '' is set on object 'Object Repository/RecAndPlayBk/Page-Vlink-Debit/input_concat(CheckWriter, , s License Numbe_020fef'

2024-05-16 01:07:46 - [TEST_STEP][PASSED] - setText(findTestObject("Object Repository/RecAndPlayBk/Page-Vlink-Debit/input_concat(CheckWriter, , s License State_21e3e7"), ""): Text '' is set on object 'Object Repository/RecAndPlayBk/Page-Vlink-Debit/input_concat(CheckWriter, , s License State_21e3e7'

2024-05-16 01:07:47 - [MESSAGE][PASSED] - Text '' is set on object 'Object Repository/RecAndPlayBk/Page-Vlink-Debit/input_concat(CheckWriter, , s License State_21e3e7'

2024-05-16 01:07:47 - [TEST_STEP][PASSED] - setText(findTestObject("RecAndPlayBk/Page-Vlink-Debit/input_Standard Entry Class"), sec): Text 'TEL' is set on object 'Object Repository/RecAndPlayBk/Page-Vlink-Debit/input_Standard Entry Class'

2024-05-16 01:07:48 - [MESSAGE][PASSED] - Text 'TEL' is set on object 'Object Repository/RecAndPlayBk/Page-Vlink-Debit/input_Standard Entry Class'

2024-05-16 01:07:48 - [TEST_STEP][PASSED] - click(findTestObject("Object Repository/RecAndPlayBk/Page-Vlink-Debit/input")): Object: 'Object Repository/RecAndPlayBk/Page-Vlink-Debit/input' is clicked on

2024-05-16 01:07:49 - [MESSAGE][PASSED] - Object: 'Object Repository/RecAndPlayBk/Page-Vlink-Debit/input' is clicked on

2024-05-16 01:07:49 - [TEST_STEP][PASSED] - if (verifyTextPresent("Transaction approved, no errors", true)): null

2024-05-16 01:07:49 - [MESSAGE][PASSED] - Text 'Transaction approved, no errors' is present on page  using regular expression

2024-05-16 01:07:49 - [TEST_STEP][PASSED] - println("Transaction Approved, no errors text is present on the Confirmation page"): null

2024-05-16 01:07:49 - [TEST_STEP][PASSED] - sdfo = getText(findTestObject("Object Repository/Page_VLinkReceipt/pre_STX")): Text of object 'Object Repository/Page_VLinkReceipt/pre_STX' is: '<STX>86664|21012|97764             12151766            0  Transaction approved, no errors                   0                                                                                                              <ETX>'

2024-05-16 01:07:49 - [MESSAGE][PASSED] - Text of object 'Object Repository/Page_VLinkReceipt/pre_STX' is: '<STX>86664|21012|97764             12151766            0  Transaction approved, no errors                   0                                                                                                              <ETX>'

2024-05-16 01:07:49 - [TEST_STEP][PASSED] - out.println("sdfo: " + sdfo): null

2024-05-16 01:07:49 - [TEST_STEP][PASSED] - remID = substring(5, 35).trim(): null

2024-05-16 01:07:49 - [TEST_STEP][PASSED] - out.println("remID: " + remID): null

2024-05-16 01:07:49 - [TEST_STEP][PASSED] - traxID = substring(35, 55).trim(): null

2024-05-16 01:07:49 - [TEST_STEP][PASSED] - out.println("traxID: " + traxID): null

2024-05-16 01:07:49 - [TEST_STEP][PASSED] - VLinkSaleRemID = remID: null

2024-05-16 01:07:49 - [TEST_STEP][PASSED] - VLinkSaleTranxID = traxID: null

2024-05-16 01:07:49 - [TEST_STEP][PASSED] - openBrowser(VLinkURL + "ACH_void.html"): Browser is opened with url: 'https://dev-algorithm.govolution.com/vlinktest/QA2/version_2_0/ACH_void.html'

2024-05-16 01:07:49 - [MESSAGE][WARNING] - A browser is already opened. Closing browser and opening a new one

2024-05-16 01:07:50 - [MESSAGE][INFO] - Starting 'Chrome' driver

2024-05-16 01:07:50 - [MESSAGE][INFO] - User set preference: ['acceptInsecureCerts', 'true']

2024-05-16 01:07:50 - [MESSAGE][INFO] - Action delay is set to 0 milliseconds

2024-05-16 01:07:52 - [MESSAGE][PASSED] - Browser is opened with url: 'https://dev-algorithm.govolution.com/vlinktest/QA2/version_2_0/ACH_void.html'

2024-05-16 01:07:52 - [TEST_STEP][PASSED] - maximizeWindow(): Current window maximized

2024-05-16 01:07:53 - [MESSAGE][PASSED] - Current window maximized

2024-05-16 01:07:53 - [TEST_STEP][PASSED] - setText(findTestObject("Object Repository/RecAndPlayBk/Page-Vlink-ACH-Void/input_Remittance Id"), VLinkSaleRemID): Text '86664|21012|97764' is set on object 'Object Repository/RecAndPlayBk/Page-Vlink-ACH-Void/input_Remittance Id'

2024-05-16 01:07:53 - [MESSAGE][PASSED] - Text '86664|21012|97764' is set on object 'Object Repository/RecAndPlayBk/Page-Vlink-ACH-Void/input_Remittance Id'

2024-05-16 01:07:53 - [TEST_STEP][PASSED] - setText(findTestObject("Object Repository/RecAndPlayBk/Page-Vlink-ACH-Void/input_Application Id"), appID): Text '234' is set on object 'Object Repository/RecAndPlayBk/Page-Vlink-ACH-Void/input_Application Id'

2024-05-16 01:07:54 - [MESSAGE][PASSED] - Text '234' is set on object 'Object Repository/RecAndPlayBk/Page-Vlink-ACH-Void/input_Application Id'

2024-05-16 01:07:54 - [TEST_STEP][PASSED] - setText(findTestObject("Object Repository/RecAndPlayBk/Page-Vlink-ACH-Void/input_Username"), username): Text 'username' is set on object 'Object Repository/RecAndPlayBk/Page-Vlink-ACH-Void/input_Username'

2024-05-16 01:07:55 - [MESSAGE][PASSED] - Text 'username' is set on object 'Object Repository/RecAndPlayBk/Page-Vlink-ACH-Void/input_Username'

2024-05-16 01:07:55 - [TEST_STEP][PASSED] - setText(findTestObject("Object Repository/RecAndPlayBk/Page-Vlink-ACH-Void/input_Password"), password): Text 'password' is set on object 'Object Repository/RecAndPlayBk/Page-Vlink-ACH-Void/input_Password'

2024-05-16 01:07:55 - [MESSAGE][PASSED] - Text 'password' is set on object 'Object Repository/RecAndPlayBk/Page-Vlink-ACH-Void/input_Password'

2024-05-16 01:07:55 - [TEST_STEP][PASSED] - setText(findTestObject("Object Repository/RecAndPlayBk/Page-Vlink-ACH-Void/input_Check Type"), checkType): Text 'P' is set on object 'Object Repository/RecAndPlayBk/Page-Vlink-ACH-Void/input_Check Type'

2024-05-16 01:07:56 - [MESSAGE][PASSED] - Text 'P' is set on object 'Object Repository/RecAndPlayBk/Page-Vlink-ACH-Void/input_Check Type'

2024-05-16 01:07:56 - [TEST_STEP][PASSED] - setText(findTestObject("Object Repository/RecAndPlayBk/Page-Vlink-ACH-Void/input_Standard Entry Class"), sec): Text 'TEL' is set on object 'Object Repository/RecAndPlayBk/Page-Vlink-ACH-Void/input_Standard Entry Class'

2024-05-16 01:07:57 - [MESSAGE][PASSED] - Text 'TEL' is set on object 'Object Repository/RecAndPlayBk/Page-Vlink-ACH-Void/input_Standard Entry Class'

2024-05-16 01:07:57 - [TEST_STEP][PASSED] - setText(findTestObject("Object Repository/RecAndPlayBk/Page-Vlink-ACH-Void/input_Transaction ID"), VLinkSaleTranxID): Text '12151766' is set on object 'Object Repository/RecAndPlayBk/Page-Vlink-ACH-Void/input_Transaction ID'

2024-05-16 01:07:57 - [MESSAGE][PASSED] - Text '12151766' is set on object 'Object Repository/RecAndPlayBk/Page-Vlink-ACH-Void/input_Transaction ID'

2024-05-16 01:07:57 - [TEST_STEP][PASSED] - setText(findTestObject("Object Repository/RecAndPlayBk/Page-Vlink-ACH-Void/input_Original Transaction Type"), "200"): Text '200' is set on object 'Object Repository/RecAndPlayBk/Page-Vlink-ACH-Void/input_Original Transaction Type'

2024-05-16 01:07:58 - [MESSAGE][PASSED] - Text '200' is set on object 'Object Repository/RecAndPlayBk/Page-Vlink-ACH-Void/input_Original Transaction Type'

2024-05-16 01:07:58 - [TEST_STEP][PASSED] - click(findTestObject("Object Repository/RecAndPlayBk/Page-Vlink-ACH-Void/input")): Object: 'Object Repository/RecAndPlayBk/Page-Vlink-ACH-Void/input' is clicked on

2024-05-16 01:07:59 - [MESSAGE][PASSED] - Object: 'Object Repository/RecAndPlayBk/Page-Vlink-ACH-Void/input' is clicked on

2024-05-16 01:07:59 - [TEST_STEP][PASSED] - if (verifyTextPresent("Transaction approved, no errors", true)): null

2024-05-16 01:07:59 - [MESSAGE][PASSED] - Text 'Transaction approved, no errors' is present on page  using regular expression

2024-05-16 01:07:59 - [TEST_STEP][PASSED] - println("Transaction Approved, no errors text is present on the Confirmation page"): null

2024-05-16 01:07:59 - [TEST_STEP][PASSED] - out.println("Pass Record Number: " + row): null

2024-05-16 01:07:59 - [TEST_STEP][PASSED] - resText = "Pass": null

2024-05-16 01:07:59 - [TEST_STEP][PASSED] - pages.WriteExcel.demoKey(resText, datText, resColumn, datCloumn, fileLoc, nameSheet, row): pages.WriteExcel.demoKey is PASSED

2024-05-16 01:07:59 - [MESSAGE][PASSED] - pages.WriteExcel.demoKey is PASSED

2024-05-16 01:07:59 - [TEST_STEP][PASSED] - ExecuteTC = findTestData(dataFile).getValue("Execute", row): null

2024-05-16 01:08:00 - [TEST_STEP][PASSED] - out.println("Value of Execute is : " + ExecuteTC): null

2024-05-16 01:08:00 - [TEST_STEP][PASSED] - switch (executionProfile): null

2024-05-16 01:08:00 - [TEST_STEP][PASSED] - case "QA2Profile":: null

2024-05-16 01:08:00 - [TEST_STEP][PASSED] - appID = findTestData(dataFile).getValue("AppIDQA", row): null

2024-05-16 01:08:00 - [TEST_STEP][PASSED] - username = findTestData(dataFile).getValue("UsernameQA", row): null

2024-05-16 01:08:00 - [TEST_STEP][PASSED] - password = findTestData(dataFile).getValue("PasswordQA", row): null

2024-05-16 01:08:00 - [TEST_STEP][PASSED] - break: null

2024-05-16 01:08:00 - [TEST_STEP][PASSED] - if (ExecuteTC.equalsIgnoreCase("Y")): null

2024-05-16 01:08:00 - [TEST_STEP][PASSED] - out.println("Begin Record Number: " + row): null

2024-05-16 01:08:00 - [TEST_STEP][PASSED] - today = new java.util.Date(): null

2024-05-16 01:08:00 - [TEST_STEP][PASSED] - println(today): null

2024-05-16 01:08:00 - [TEST_STEP][PASSED] - datText = today: null

2024-05-16 01:08:00 - [TEST_STEP][PASSED] - checkType = findTestData(dataFile).getValue("CheckType", row): null

2024-05-16 01:08:00 - [TEST_STEP][PASSED] - acNumber = findTestData(dataFile).getValue("AcNumber", row): null

2024-05-16 01:08:00 - [TEST_STEP][PASSED] - company = findTestData(dataFile).getValue("Company", row): null

2024-05-16 01:08:00 - [TEST_STEP][PASSED] - acType = findTestData(dataFile).getValue("AcType", row): null

2024-05-16 01:08:00 - [TEST_STEP][PASSED] - rtn = findTestData(dataFile).getValue("RTN", row): null

2024-05-16 01:08:00 - [TEST_STEP][PASSED] - amount = findTestData(dataFile).getValue("Amount", row): null

2024-05-16 01:08:00 - [TEST_STEP][PASSED] - sec = findTestData(dataFile).getValue("SEC", row): null

2024-05-16 01:08:00 - [TEST_STEP][PASSED] - openBrowser(VLinkURL + "debit.html"): Browser is opened with url: 'https://dev-algorithm.govolution.com/vlinktest/QA2/version_2_0/debit.html'

2024-05-16 01:08:00 - [MESSAGE][WARNING] - A browser is already opened. Closing browser and opening a new one

2024-05-16 01:08:02 - [MESSAGE][INFO] - Starting 'Chrome' driver

2024-05-16 01:08:02 - [MESSAGE][INFO] - User set preference: ['acceptInsecureCerts', 'true']

2024-05-16 01:08:02 - [MESSAGE][INFO] - Action delay is set to 0 milliseconds

2024-05-16 01:08:05 - [MESSAGE][PASSED] - Browser is opened with url: 'https://dev-algorithm.govolution.com/vlinktest/QA2/version_2_0/debit.html'

2024-05-16 01:08:05 - [TEST_STEP][PASSED] - maximizeWindow(): Current window maximized

2024-05-16 01:08:05 - [MESSAGE][PASSED] - Current window maximized

2024-05-16 01:08:05 - [TEST_STEP][PASSED] - genRemID1 = random() * 99999).toInteger(): null

2024-05-16 01:08:05 - [TEST_STEP][PASSED] - genRemID2 = random() * 99999).toInteger(): null

2024-05-16 01:08:05 - [TEST_STEP][PASSED] - genRemID3 = random() * 99999).toInteger(): null

2024-05-16 01:08:05 - [TEST_STEP][PASSED] - println(genRemID1): null

2024-05-16 01:08:05 - [TEST_STEP][PASSED] - println(genRemID2): null

2024-05-16 01:08:05 - [TEST_STEP][PASSED] - println(genRemID3): null

2024-05-16 01:08:05 - [TEST_STEP][PASSED] - genRemID = genRemID1 + "|" + genRemID2 + "|" + genRemID3: null

2024-05-16 01:08:05 - [TEST_STEP][PASSED] - println(genRemID): null

2024-05-16 01:08:05 - [TEST_STEP][PASSED] - setText(findTestObject("RecAndPlayBk/Page-Vlink-Debit/input_Remittance Id"), genRemID): Text '69386|69274|22358' is set on object 'Object Repository/RecAndPlayBk/Page-Vlink-Debit/input_Remittance Id'

2024-05-16 01:08:06 - [MESSAGE][PASSED] - Text '69386|69274|22358' is set on object 'Object Repository/RecAndPlayBk/Page-Vlink-Debit/input_Remittance Id'

2024-05-16 01:08:06 - [TEST_STEP][PASSED] - setText(findTestObject("RecAndPlayBk/Page-Vlink-Debit/input_Application Id"), appID): Text '234' is set on object 'Object Repository/RecAndPlayBk/Page-Vlink-Debit/input_Application Id'

2024-05-16 01:08:06 - [MESSAGE][PASSED] - Text '234' is set on object 'Object Repository/RecAndPlayBk/Page-Vlink-Debit/input_Application Id'

2024-05-16 01:08:06 - [TEST_STEP][PASSED] - setText(findTestObject("RecAndPlayBk/Page-Vlink-Debit/input_Username"), username): Text 'username' is set on object 'Object Repository/RecAndPlayBk/Page-Vlink-Debit/input_Username'

2024-05-16 01:08:07 - [MESSAGE][PASSED] - Text 'username' is set on object 'Object Repository/RecAndPlayBk/Page-Vlink-Debit/input_Username'

2024-05-16 01:08:07 - [TEST_STEP][PASSED] - setText(findTestObject("RecAndPlayBk/Page-Vlink-Debit/input_Password"), password): Text 'password' is set on object 'Object Repository/RecAndPlayBk/Page-Vlink-Debit/input_Password'

2024-05-16 01:08:08 - [MESSAGE][PASSED] - Text 'password' is set on object 'Object Repository/RecAndPlayBk/Page-Vlink-Debit/input_Password'

2024-05-16 01:08:08 - [TEST_STEP][PASSED] - setText(findTestObject("RecAndPlayBk/Page-Vlink-Debit/input_Check Type"), checkType): Text 'P' is set on object 'Object Repository/RecAndPlayBk/Page-Vlink-Debit/input_Check Type'

2024-05-16 01:08:08 - [MESSAGE][PASSED] - Text 'P' is set on object 'Object Repository/RecAndPlayBk/Page-Vlink-Debit/input_Check Type'

2024-05-16 01:08:08 - [TEST_STEP][PASSED] - setText(findTestObject("RecAndPlayBk/Page-Vlink-Debit/input_Account_check"), acNumber): Text '58963214' is set on object 'Object Repository/RecAndPlayBk/Page-Vlink-Debit/input_Account_check'

2024-05-16 01:08:09 - [MESSAGE][PASSED] - Text '58963214' is set on object 'Object Repository/RecAndPlayBk/Page-Vlink-Debit/input_Account_check'

2024-05-16 01:08:09 - [TEST_STEP][PASSED] - setText(findTestObject("RecAndPlayBk/Page-Vlink-Debit/input_Company_check"), company): Text '' is set on object 'Object Repository/RecAndPlayBk/Page-Vlink-Debit/input_Company_check'

2024-05-16 01:08:10 - [MESSAGE][PASSED] - Text '' is set on object 'Object Repository/RecAndPlayBk/Page-Vlink-Debit/input_Company_check'

2024-05-16 01:08:10 - [TEST_STEP][PASSED] - setText(findTestObject("RecAndPlayBk/Page-Vlink-Debit/input_Account Type"), acType): Text '1' is set on object 'Object Repository/RecAndPlayBk/Page-Vlink-Debit/input_Account Type'

2024-05-16 01:08:10 - [MESSAGE][PASSED] - Text '1' is set on object 'Object Repository/RecAndPlayBk/Page-Vlink-Debit/input_Account Type'

2024-05-16 01:08:10 - [TEST_STEP][PASSED] - setText(findTestObject("RecAndPlayBk/Page-Vlink-Debit/input_Routing Number"), rtn): Text '256072691' is set on object 'Object Repository/RecAndPlayBk/Page-Vlink-Debit/input_Routing Number'

2024-05-16 01:08:11 - [MESSAGE][PASSED] - Text '256072691' is set on object 'Object Repository/RecAndPlayBk/Page-Vlink-Debit/input_Routing Number'

2024-05-16 01:08:11 - [TEST_STEP][PASSED] - setText(findTestObject("RecAndPlayBk/Page-Vlink-Debit/input_Amount"), amount): Text '12.50' is set on object 'Object Repository/RecAndPlayBk/Page-Vlink-Debit/input_Amount'

2024-05-16 01:08:12 - [MESSAGE][PASSED] - Text '12.50' is set on object 'Object Repository/RecAndPlayBk/Page-Vlink-Debit/input_Amount'

2024-05-16 01:08:12 - [TEST_STEP][PASSED] - setText(findTestObject("RecAndPlayBk/Page-Vlink-Debit/input_Check Email"), ""): Text '' is set on object 'Object Repository/RecAndPlayBk/Page-Vlink-Debit/input_Check Email'

2024-05-16 01:08:12 - [MESSAGE][PASSED] - Text '' is set on object 'Object Repository/RecAndPlayBk/Page-Vlink-Debit/input_Check Email'

2024-05-16 01:08:12 - [TEST_STEP][PASSED] - setText(findTestObject("Object Repository/RecAndPlayBk/Page-Vlink-Debit/input_concat(CheckWriter, , s SSN)_check_ssn"), ""): Text '' is set on object 'Object Repository/RecAndPlayBk/Page-Vlink-Debit/input_concat(CheckWriter, , s SSN)_check_ssn'

2024-05-16 01:08:13 - [MESSAGE][PASSED] - Text '' is set on object 'Object Repository/RecAndPlayBk/Page-Vlink-Debit/input_concat(CheckWriter, , s SSN)_check_ssn'

2024-05-16 01:08:13 - [TEST_STEP][PASSED] - setText(findTestObject("Object Repository/RecAndPlayBk/Page-Vlink-Debit/input_concat(CheckWriter, , s License Numbe_020fef"), ""): Text '' is set on object 'Object Repository/RecAndPlayBk/Page-Vlink-Debit/input_concat(CheckWriter, , s License Numbe_020fef'

2024-05-16 01:08:13 - [MESSAGE][PASSED] - Text '' is set on object 'Object Repository/RecAndPlayBk/Page-Vlink-Debit/input_concat(CheckWriter, , s License Numbe_020fef'

2024-05-16 01:08:13 - [TEST_STEP][PASSED] - setText(findTestObject("Object Repository/RecAndPlayBk/Page-Vlink-Debit/input_concat(CheckWriter, , s License State_21e3e7"), ""): Text '' is set on object 'Object Repository/RecAndPlayBk/Page-Vlink-Debit/input_concat(CheckWriter, , s License State_21e3e7'

2024-05-16 01:08:14 - [MESSAGE][PASSED] - Text '' is set on object 'Object Repository/RecAndPlayBk/Page-Vlink-Debit/input_concat(CheckWriter, , s License State_21e3e7'

2024-05-16 01:08:14 - [TEST_STEP][PASSED] - setText(findTestObject("RecAndPlayBk/Page-Vlink-Debit/input_Standard Entry Class"), sec): Text 'PPD' is set on object 'Object Repository/RecAndPlayBk/Page-Vlink-Debit/input_Standard Entry Class'

2024-05-16 01:08:15 - [MESSAGE][PASSED] - Text 'PPD' is set on object 'Object Repository/RecAndPlayBk/Page-Vlink-Debit/input_Standard Entry Class'

2024-05-16 01:08:15 - [TEST_STEP][PASSED] - click(findTestObject("Object Repository/RecAndPlayBk/Page-Vlink-Debit/input")): Object: 'Object Repository/RecAndPlayBk/Page-Vlink-Debit/input' is clicked on

2024-05-16 01:08:16 - [MESSAGE][PASSED] - Object: 'Object Repository/RecAndPlayBk/Page-Vlink-Debit/input' is clicked on

2024-05-16 01:08:16 - [TEST_STEP][PASSED] - if (verifyTextPresent("Transaction approved, no errors", true)): null

2024-05-16 01:08:16 - [MESSAGE][PASSED] - Text 'Transaction approved, no errors' is present on page  using regular expression

2024-05-16 01:08:16 - [TEST_STEP][PASSED] - println("Transaction Approved, no errors text is present on the Confirmation page"): null

2024-05-16 01:08:16 - [TEST_STEP][PASSED] - sdfo = getText(findTestObject("Object Repository/Page_VLinkReceipt/pre_STX")): Text of object 'Object Repository/Page_VLinkReceipt/pre_STX' is: '<STX>69386|69274|22358             12151768            0  Transaction approved, no errors                   0                                                                                                              <ETX>'

2024-05-16 01:08:16 - [MESSAGE][PASSED] - Text of object 'Object Repository/Page_VLinkReceipt/pre_STX' is: '<STX>69386|69274|22358             12151768            0  Transaction approved, no errors                   0                                                                                                              <ETX>'

2024-05-16 01:08:16 - [TEST_STEP][PASSED] - out.println("sdfo: " + sdfo): null

2024-05-16 01:08:16 - [TEST_STEP][PASSED] - remID = substring(5, 35).trim(): null

2024-05-16 01:08:16 - [TEST_STEP][PASSED] - out.println("remID: " + remID): null

2024-05-16 01:08:16 - [TEST_STEP][PASSED] - traxID = substring(35, 55).trim(): null

2024-05-16 01:08:16 - [TEST_STEP][PASSED] - out.println("traxID: " + traxID): null

2024-05-16 01:08:16 - [TEST_STEP][PASSED] - VLinkSaleRemID = remID: null

2024-05-16 01:08:16 - [TEST_STEP][PASSED] - VLinkSaleTranxID = traxID: null

2024-05-16 01:08:16 - [TEST_STEP][PASSED] - openBrowser(VLinkURL + "ACH_void.html"): Browser is opened with url: 'https://dev-algorithm.govolution.com/vlinktest/QA2/version_2_0/ACH_void.html'

2024-05-16 01:08:16 - [MESSAGE][WARNING] - A browser is already opened. Closing browser and opening a new one

2024-05-16 01:08:18 - [MESSAGE][INFO] - Starting 'Chrome' driver

2024-05-16 01:08:18 - [MESSAGE][INFO] - User set preference: ['acceptInsecureCerts', 'true']

2024-05-16 01:08:18 - [MESSAGE][INFO] - Action delay is set to 0 milliseconds

2024-05-16 01:08:20 - [MESSAGE][PASSED] - Browser is opened with url: 'https://dev-algorithm.govolution.com/vlinktest/QA2/version_2_0/ACH_void.html'

2024-05-16 01:08:20 - [TEST_STEP][PASSED] - maximizeWindow(): Current window maximized

2024-05-16 01:08:20 - [MESSAGE][PASSED] - Current window maximized

2024-05-16 01:08:20 - [TEST_STEP][PASSED] - setText(findTestObject("Object Repository/RecAndPlayBk/Page-Vlink-ACH-Void/input_Remittance Id"), VLinkSaleRemID): Text '69386|69274|22358' is set on object 'Object Repository/RecAndPlayBk/Page-Vlink-ACH-Void/input_Remittance Id'

2024-05-16 01:08:21 - [MESSAGE][PASSED] - Text '69386|69274|22358' is set on object 'Object Repository/RecAndPlayBk/Page-Vlink-ACH-Void/input_Remittance Id'

2024-05-16 01:08:21 - [TEST_STEP][PASSED] - setText(findTestObject("Object Repository/RecAndPlayBk/Page-Vlink-ACH-Void/input_Application Id"), appID): Text '234' is set on object 'Object Repository/RecAndPlayBk/Page-Vlink-ACH-Void/input_Application Id'

2024-05-16 01:08:21 - [MESSAGE][PASSED] - Text '234' is set on object 'Object Repository/RecAndPlayBk/Page-Vlink-ACH-Void/input_Application Id'

2024-05-16 01:08:21 - [TEST_STEP][PASSED] - setText(findTestObject("Object Repository/RecAndPlayBk/Page-Vlink-ACH-Void/input_Username"), username): Text 'username' is set on object 'Object Repository/RecAndPlayBk/Page-Vlink-ACH-Void/input_Username'

2024-05-16 01:08:22 - [MESSAGE][PASSED] - Text 'username' is set on object 'Object Repository/RecAndPlayBk/Page-Vlink-ACH-Void/input_Username'

2024-05-16 01:08:22 - [TEST_STEP][PASSED] - setText(findTestObject("Object Repository/RecAndPlayBk/Page-Vlink-ACH-Void/input_Password"), password): Text 'password' is set on object 'Object Repository/RecAndPlayBk/Page-Vlink-ACH-Void/input_Password'

2024-05-16 01:08:23 - [MESSAGE][PASSED] - Text 'password' is set on object 'Object Repository/RecAndPlayBk/Page-Vlink-ACH-Void/input_Password'

2024-05-16 01:08:23 - [TEST_STEP][PASSED] - setText(findTestObject("Object Repository/RecAndPlayBk/Page-Vlink-ACH-Void/input_Check Type"), checkType): Text 'P' is set on object 'Object Repository/RecAndPlayBk/Page-Vlink-ACH-Void/input_Check Type'

2024-05-16 01:08:23 - [MESSAGE][PASSED] - Text 'P' is set on object 'Object Repository/RecAndPlayBk/Page-Vlink-ACH-Void/input_Check Type'

2024-05-16 01:08:23 - [TEST_STEP][PASSED] - setText(findTestObject("Object Repository/RecAndPlayBk/Page-Vlink-ACH-Void/input_Standard Entry Class"), sec): Text 'PPD' is set on object 'Object Repository/RecAndPlayBk/Page-Vlink-ACH-Void/input_Standard Entry Class'

2024-05-16 01:08:24 - [MESSAGE][PASSED] - Text 'PPD' is set on object 'Object Repository/RecAndPlayBk/Page-Vlink-ACH-Void/input_Standard Entry Class'

2024-05-16 01:08:24 - [TEST_STEP][PASSED] - setText(findTestObject("Object Repository/RecAndPlayBk/Page-Vlink-ACH-Void/input_Transaction ID"), VLinkSaleTranxID): Text '12151768' is set on object 'Object Repository/RecAndPlayBk/Page-Vlink-ACH-Void/input_Transaction ID'

2024-05-16 01:08:25 - [MESSAGE][PASSED] - Text '12151768' is set on object 'Object Repository/RecAndPlayBk/Page-Vlink-ACH-Void/input_Transaction ID'

2024-05-16 01:08:25 - [TEST_STEP][PASSED] - setText(findTestObject("Object Repository/RecAndPlayBk/Page-Vlink-ACH-Void/input_Original Transaction Type"), "200"): Text '200' is set on object 'Object Repository/RecAndPlayBk/Page-Vlink-ACH-Void/input_Original Transaction Type'

2024-05-16 01:08:25 - [MESSAGE][PASSED] - Text '200' is set on object 'Object Repository/RecAndPlayBk/Page-Vlink-ACH-Void/input_Original Transaction Type'

2024-05-16 01:08:25 - [TEST_STEP][PASSED] - click(findTestObject("Object Repository/RecAndPlayBk/Page-Vlink-ACH-Void/input")): Object: 'Object Repository/RecAndPlayBk/Page-Vlink-ACH-Void/input' is clicked on

2024-05-16 01:08:26 - [MESSAGE][PASSED] - Object: 'Object Repository/RecAndPlayBk/Page-Vlink-ACH-Void/input' is clicked on

2024-05-16 01:08:26 - [TEST_STEP][PASSED] - if (verifyTextPresent("Transaction approved, no errors", true)): null

2024-05-16 01:08:26 - [MESSAGE][PASSED] - Text 'Transaction approved, no errors' is present on page  using regular expression

2024-05-16 01:08:26 - [TEST_STEP][PASSED] - println("Transaction Approved, no errors text is present on the Confirmation page"): null

2024-05-16 01:08:26 - [TEST_STEP][PASSED] - out.println("Pass Record Number: " + row): null

2024-05-16 01:08:26 - [TEST_STEP][PASSED] - resText = "Pass": null

2024-05-16 01:08:26 - [TEST_STEP][PASSED] - pages.WriteExcel.demoKey(resText, datText, resColumn, datCloumn, fileLoc, nameSheet, row): pages.WriteExcel.demoKey is PASSED

2024-05-16 01:08:27 - [MESSAGE][PASSED] - pages.WriteExcel.demoKey is PASSED

2024-05-16 01:08:27 - [TEST_STEP][PASSED] - ExecuteTC = findTestData(dataFile).getValue("Execute", row): null

2024-05-16 01:08:27 - [TEST_STEP][PASSED] - out.println("Value of Execute is : " + ExecuteTC): null

2024-05-16 01:08:27 - [TEST_STEP][PASSED] - switch (executionProfile): null

2024-05-16 01:08:27 - [TEST_STEP][PASSED] - case "QA2Profile":: null

2024-05-16 01:08:27 - [TEST_STEP][PASSED] - appID = findTestData(dataFile).getValue("AppIDQA", row): null

2024-05-16 01:08:27 - [TEST_STEP][PASSED] - username = findTestData(dataFile).getValue("UsernameQA", row): null

2024-05-16 01:08:27 - [TEST_STEP][PASSED] - password = findTestData(dataFile).getValue("PasswordQA", row): null

2024-05-16 01:08:27 - [TEST_STEP][PASSED] - break: null

2024-05-16 01:08:27 - [TEST_STEP][PASSED] - if (ExecuteTC.equalsIgnoreCase("Y")): null

2024-05-16 01:08:27 - [TEST_STEP][PASSED] - out.println("Begin Record Number: " + row): null

2024-05-16 01:08:27 - [TEST_STEP][PASSED] - today = new java.util.Date(): null

2024-05-16 01:08:27 - [TEST_STEP][PASSED] - println(today): null

2024-05-16 01:08:27 - [TEST_STEP][PASSED] - datText = today: null

2024-05-16 01:08:27 - [TEST_STEP][PASSED] - checkType = findTestData(dataFile).getValue("CheckType", row): null

2024-05-16 01:08:27 - [TEST_STEP][PASSED] - acNumber = findTestData(dataFile).getValue("AcNumber", row): null

2024-05-16 01:08:27 - [TEST_STEP][PASSED] - company = findTestData(dataFile).getValue("Company", row): null

2024-05-16 01:08:27 - [TEST_STEP][PASSED] - acType = findTestData(dataFile).getValue("AcType", row): null

2024-05-16 01:08:27 - [TEST_STEP][PASSED] - rtn = findTestData(dataFile).getValue("RTN", row): null

2024-05-16 01:08:27 - [TEST_STEP][PASSED] - amount = findTestData(dataFile).getValue("Amount", row): null

2024-05-16 01:08:27 - [TEST_STEP][PASSED] - sec = findTestData(dataFile).getValue("SEC", row): null

2024-05-16 01:08:27 - [TEST_STEP][PASSED] - openBrowser(VLinkURL + "debit.html"): Browser is opened with url: 'https://dev-algorithm.govolution.com/vlinktest/QA2/version_2_0/debit.html'

2024-05-16 01:08:27 - [MESSAGE][WARNING] - A browser is already opened. Closing browser and opening a new one

2024-05-16 01:08:29 - [MESSAGE][INFO] - Starting 'Chrome' driver

2024-05-16 01:08:29 - [MESSAGE][INFO] - User set preference: ['acceptInsecureCerts', 'true']

2024-05-16 01:08:29 - [MESSAGE][INFO] - Action delay is set to 0 milliseconds

2024-05-16 01:08:31 - [MESSAGE][PASSED] - Browser is opened with url: 'https://dev-algorithm.govolution.com/vlinktest/QA2/version_2_0/debit.html'

2024-05-16 01:08:31 - [TEST_STEP][PASSED] - maximizeWindow(): Current window maximized

2024-05-16 01:08:31 - [MESSAGE][PASSED] - Current window maximized

2024-05-16 01:08:31 - [TEST_STEP][PASSED] - genRemID1 = random() * 99999).toInteger(): null

2024-05-16 01:08:31 - [TEST_STEP][PASSED] - genRemID2 = random() * 99999).toInteger(): null

2024-05-16 01:08:31 - [TEST_STEP][PASSED] - genRemID3 = random() * 99999).toInteger(): null

2024-05-16 01:08:31 - [TEST_STEP][PASSED] - println(genRemID1): null

2024-05-16 01:08:31 - [TEST_STEP][PASSED] - println(genRemID2): null

2024-05-16 01:08:31 - [TEST_STEP][PASSED] - println(genRemID3): null

2024-05-16 01:08:31 - [TEST_STEP][PASSED] - genRemID = genRemID1 + "|" + genRemID2 + "|" + genRemID3: null

2024-05-16 01:08:31 - [TEST_STEP][PASSED] - println(genRemID): null

2024-05-16 01:08:31 - [TEST_STEP][PASSED] - setText(findTestObject("RecAndPlayBk/Page-Vlink-Debit/input_Remittance Id"), genRemID): Text '85400|2971|70743' is set on object 'Object Repository/RecAndPlayBk/Page-Vlink-Debit/input_Remittance Id'

2024-05-16 01:08:32 - [MESSAGE][PASSED] - Text '85400|2971|70743' is set on object 'Object Repository/RecAndPlayBk/Page-Vlink-Debit/input_Remittance Id'

2024-05-16 01:08:32 - [TEST_STEP][PASSED] - setText(findTestObject("RecAndPlayBk/Page-Vlink-Debit/input_Application Id"), appID): Text '234' is set on object 'Object Repository/RecAndPlayBk/Page-Vlink-Debit/input_Application Id'

2024-05-16 01:08:32 - [MESSAGE][PASSED] - Text '234' is set on object 'Object Repository/RecAndPlayBk/Page-Vlink-Debit/input_Application Id'

2024-05-16 01:08:32 - [TEST_STEP][PASSED] - setText(findTestObject("RecAndPlayBk/Page-Vlink-Debit/input_Username"), username): Text 'username' is set on object 'Object Repository/RecAndPlayBk/Page-Vlink-Debit/input_Username'

2024-05-16 01:08:33 - [MESSAGE][PASSED] - Text 'username' is set on object 'Object Repository/RecAndPlayBk/Page-Vlink-Debit/input_Username'

2024-05-16 01:08:33 - [TEST_STEP][PASSED] - setText(findTestObject("RecAndPlayBk/Page-Vlink-Debit/input_Password"), password): Text 'password' is set on object 'Object Repository/RecAndPlayBk/Page-Vlink-Debit/input_Password'

2024-05-16 01:08:34 - [MESSAGE][PASSED] - Text 'password' is set on object 'Object Repository/RecAndPlayBk/Page-Vlink-Debit/input_Password'

2024-05-16 01:08:34 - [TEST_STEP][PASSED] - setText(findTestObject("RecAndPlayBk/Page-Vlink-Debit/input_Check Type"), checkType): Text 'P' is set on object 'Object Repository/RecAndPlayBk/Page-Vlink-Debit/input_Check Type'

2024-05-16 01:08:34 - [MESSAGE][PASSED] - Text 'P' is set on object 'Object Repository/RecAndPlayBk/Page-Vlink-Debit/input_Check Type'

2024-05-16 01:08:34 - [TEST_STEP][PASSED] - setText(findTestObject("RecAndPlayBk/Page-Vlink-Debit/input_Account_check"), acNumber): Text '58963214' is set on object 'Object Repository/RecAndPlayBk/Page-Vlink-Debit/input_Account_check'

2024-05-16 01:08:35 - [MESSAGE][PASSED] - Text '58963214' is set on object 'Object Repository/RecAndPlayBk/Page-Vlink-Debit/input_Account_check'

2024-05-16 01:08:35 - [TEST_STEP][PASSED] - setText(findTestObject("RecAndPlayBk/Page-Vlink-Debit/input_Company_check"), company): Text '' is set on object 'Object Repository/RecAndPlayBk/Page-Vlink-Debit/input_Company_check'

2024-05-16 01:08:36 - [MESSAGE][PASSED] - Text '' is set on object 'Object Repository/RecAndPlayBk/Page-Vlink-Debit/input_Company_check'

2024-05-16 01:08:36 - [TEST_STEP][PASSED] - setText(findTestObject("RecAndPlayBk/Page-Vlink-Debit/input_Account Type"), acType): Text '2' is set on object 'Object Repository/RecAndPlayBk/Page-Vlink-Debit/input_Account Type'

2024-05-16 01:08:36 - [MESSAGE][PASSED] - Text '2' is set on object 'Object Repository/RecAndPlayBk/Page-Vlink-Debit/input_Account Type'

2024-05-16 01:08:36 - [TEST_STEP][PASSED] - setText(findTestObject("RecAndPlayBk/Page-Vlink-Debit/input_Routing Number"), rtn): Text '256072691' is set on object 'Object Repository/RecAndPlayBk/Page-Vlink-Debit/input_Routing Number'

2024-05-16 01:08:37 - [MESSAGE][PASSED] - Text '256072691' is set on object 'Object Repository/RecAndPlayBk/Page-Vlink-Debit/input_Routing Number'

2024-05-16 01:08:37 - [TEST_STEP][PASSED] - setText(findTestObject("RecAndPlayBk/Page-Vlink-Debit/input_Amount"), amount): Text '12.50' is set on object 'Object Repository/RecAndPlayBk/Page-Vlink-Debit/input_Amount'

2024-05-16 01:08:37 - [MESSAGE][PASSED] - Text '12.50' is set on object 'Object Repository/RecAndPlayBk/Page-Vlink-Debit/input_Amount'

2024-05-16 01:08:37 - [TEST_STEP][PASSED] - setText(findTestObject("RecAndPlayBk/Page-Vlink-Debit/input_Check Email"), ""): Text '' is set on object 'Object Repository/RecAndPlayBk/Page-Vlink-Debit/input_Check Email'

2024-05-16 01:08:38 - [MESSAGE][PASSED] - Text '' is set on object 'Object Repository/RecAndPlayBk/Page-Vlink-Debit/input_Check Email'

2024-05-16 01:08:38 - [TEST_STEP][PASSED] - setText(findTestObject("Object Repository/RecAndPlayBk/Page-Vlink-Debit/input_concat(CheckWriter, , s SSN)_check_ssn"), ""): Text '' is set on object 'Object Repository/RecAndPlayBk/Page-Vlink-Debit/input_concat(CheckWriter, , s SSN)_check_ssn'

2024-05-16 01:08:39 - [MESSAGE][PASSED] - Text '' is set on object 'Object Repository/RecAndPlayBk/Page-Vlink-Debit/input_concat(CheckWriter, , s SSN)_check_ssn'

2024-05-16 01:08:39 - [TEST_STEP][PASSED] - setText(findTestObject("Object Repository/RecAndPlayBk/Page-Vlink-Debit/input_concat(CheckWriter, , s License Numbe_020fef"), ""): Text '' is set on object 'Object Repository/RecAndPlayBk/Page-Vlink-Debit/input_concat(CheckWriter, , s License Numbe_020fef'

2024-05-16 01:08:39 - [MESSAGE][PASSED] - Text '' is set on object 'Object Repository/RecAndPlayBk/Page-Vlink-Debit/input_concat(CheckWriter, , s License Numbe_020fef'

2024-05-16 01:08:39 - [TEST_STEP][PASSED] - setText(findTestObject("Object Repository/RecAndPlayBk/Page-Vlink-Debit/input_concat(CheckWriter, , s License State_21e3e7"), ""): Text '' is set on object 'Object Repository/RecAndPlayBk/Page-Vlink-Debit/input_concat(CheckWriter, , s License State_21e3e7'

2024-05-16 01:08:40 - [MESSAGE][PASSED] - Text '' is set on object 'Object Repository/RecAndPlayBk/Page-Vlink-Debit/input_concat(CheckWriter, , s License State_21e3e7'

2024-05-16 01:08:40 - [TEST_STEP][PASSED] - setText(findTestObject("RecAndPlayBk/Page-Vlink-Debit/input_Standard Entry Class"), sec): Text 'WEB' is set on object 'Object Repository/RecAndPlayBk/Page-Vlink-Debit/input_Standard Entry Class'

2024-05-16 01:08:41 - [MESSAGE][PASSED] - Text 'WEB' is set on object 'Object Repository/RecAndPlayBk/Page-Vlink-Debit/input_Standard Entry Class'

2024-05-16 01:08:41 - [TEST_STEP][PASSED] - click(findTestObject("Object Repository/RecAndPlayBk/Page-Vlink-Debit/input")): Object: 'Object Repository/RecAndPlayBk/Page-Vlink-Debit/input' is clicked on

2024-05-16 01:08:42 - [MESSAGE][PASSED] - Object: 'Object Repository/RecAndPlayBk/Page-Vlink-Debit/input' is clicked on

2024-05-16 01:08:42 - [TEST_STEP][PASSED] - if (verifyTextPresent("Transaction approved, no errors", true)): null

2024-05-16 01:08:42 - [MESSAGE][PASSED] - Text 'Transaction approved, no errors' is present on page  using regular expression

2024-05-16 01:08:42 - [TEST_STEP][PASSED] - println("Transaction Approved, no errors text is present on the Confirmation page"): null

2024-05-16 01:08:42 - [TEST_STEP][PASSED] - sdfo = getText(findTestObject("Object Repository/Page_VLinkReceipt/pre_STX")): Text of object 'Object Repository/Page_VLinkReceipt/pre_STX' is: '<STX>85400|2971|70743              12151770            0  Transaction approved, no errors                   0                                                                                                              <ETX>'

2024-05-16 01:08:42 - [MESSAGE][PASSED] - Text of object 'Object Repository/Page_VLinkReceipt/pre_STX' is: '<STX>85400|2971|70743              12151770            0  Transaction approved, no errors                   0                                                                                                              <ETX>'

2024-05-16 01:08:42 - [TEST_STEP][PASSED] - out.println("sdfo: " + sdfo): null

2024-05-16 01:08:42 - [TEST_STEP][PASSED] - remID = substring(5, 35).trim(): null

2024-05-16 01:08:42 - [TEST_STEP][PASSED] - out.println("remID: " + remID): null

2024-05-16 01:08:42 - [TEST_STEP][PASSED] - traxID = substring(35, 55).trim(): null

2024-05-16 01:08:42 - [TEST_STEP][PASSED] - out.println("traxID: " + traxID): null

2024-05-16 01:08:42 - [TEST_STEP][PASSED] - VLinkSaleRemID = remID: null

2024-05-16 01:08:42 - [TEST_STEP][PASSED] - VLinkSaleTranxID = traxID: null

2024-05-16 01:08:42 - [TEST_STEP][PASSED] - openBrowser(VLinkURL + "ACH_void.html"): Browser is opened with url: 'https://dev-algorithm.govolution.com/vlinktest/QA2/version_2_0/ACH_void.html'

2024-05-16 01:08:42 - [MESSAGE][WARNING] - A browser is already opened. Closing browser and opening a new one

2024-05-16 01:08:44 - [MESSAGE][INFO] - Starting 'Chrome' driver

2024-05-16 01:08:44 - [MESSAGE][INFO] - User set preference: ['acceptInsecureCerts', 'true']

2024-05-16 01:08:44 - [MESSAGE][INFO] - Action delay is set to 0 milliseconds

2024-05-16 01:08:45 - [MESSAGE][PASSED] - Browser is opened with url: 'https://dev-algorithm.govolution.com/vlinktest/QA2/version_2_0/ACH_void.html'

2024-05-16 01:08:45 - [TEST_STEP][PASSED] - maximizeWindow(): Current window maximized

2024-05-16 01:08:46 - [MESSAGE][PASSED] - Current window maximized

2024-05-16 01:08:46 - [TEST_STEP][PASSED] - setText(findTestObject("Object Repository/RecAndPlayBk/Page-Vlink-ACH-Void/input_Remittance Id"), VLinkSaleRemID): Text '85400|2971|70743' is set on object 'Object Repository/RecAndPlayBk/Page-Vlink-ACH-Void/input_Remittance Id'

2024-05-16 01:08:47 - [MESSAGE][PASSED] - Text '85400|2971|70743' is set on object 'Object Repository/RecAndPlayBk/Page-Vlink-ACH-Void/input_Remittance Id'

2024-05-16 01:08:47 - [TEST_STEP][PASSED] - setText(findTestObject("Object Repository/RecAndPlayBk/Page-Vlink-ACH-Void/input_Application Id"), appID): Text '234' is set on object 'Object Repository/RecAndPlayBk/Page-Vlink-ACH-Void/input_Application Id'

2024-05-16 01:08:47 - [MESSAGE][PASSED] - Text '234' is set on object 'Object Repository/RecAndPlayBk/Page-Vlink-ACH-Void/input_Application Id'

2024-05-16 01:08:47 - [TEST_STEP][PASSED] - setText(findTestObject("Object Repository/RecAndPlayBk/Page-Vlink-ACH-Void/input_Username"), username): Text 'username' is set on object 'Object Repository/RecAndPlayBk/Page-Vlink-ACH-Void/input_Username'

2024-05-16 01:08:48 - [MESSAGE][PASSED] - Text 'username' is set on object 'Object Repository/RecAndPlayBk/Page-Vlink-ACH-Void/input_Username'

2024-05-16 01:08:48 - [TEST_STEP][PASSED] - setText(findTestObject("Object Repository/RecAndPlayBk/Page-Vlink-ACH-Void/input_Password"), password): Text 'password' is set on object 'Object Repository/RecAndPlayBk/Page-Vlink-ACH-Void/input_Password'

2024-05-16 01:08:48 - [MESSAGE][PASSED] - Text 'password' is set on object 'Object Repository/RecAndPlayBk/Page-Vlink-ACH-Void/input_Password'

2024-05-16 01:08:48 - [TEST_STEP][PASSED] - setText(findTestObject("Object Repository/RecAndPlayBk/Page-Vlink-ACH-Void/input_Check Type"), checkType): Text 'P' is set on object 'Object Repository/RecAndPlayBk/Page-Vlink-ACH-Void/input_Check Type'

2024-05-16 01:08:49 - [MESSAGE][PASSED] - Text 'P' is set on object 'Object Repository/RecAndPlayBk/Page-Vlink-ACH-Void/input_Check Type'

2024-05-16 01:08:49 - [TEST_STEP][PASSED] - setText(findTestObject("Object Repository/RecAndPlayBk/Page-Vlink-ACH-Void/input_Standard Entry Class"), sec): Text 'WEB' is set on object 'Object Repository/RecAndPlayBk/Page-Vlink-ACH-Void/input_Standard Entry Class'

2024-05-16 01:08:50 - [MESSAGE][PASSED] - Text 'WEB' is set on object 'Object Repository/RecAndPlayBk/Page-Vlink-ACH-Void/input_Standard Entry Class'

2024-05-16 01:08:50 - [TEST_STEP][PASSED] - setText(findTestObject("Object Repository/RecAndPlayBk/Page-Vlink-ACH-Void/input_Transaction ID"), VLinkSaleTranxID): Text '12151770' is set on object 'Object Repository/RecAndPlayBk/Page-Vlink-ACH-Void/input_Transaction ID'

2024-05-16 01:08:50 - [MESSAGE][PASSED] - Text '12151770' is set on object 'Object Repository/RecAndPlayBk/Page-Vlink-ACH-Void/input_Transaction ID'

2024-05-16 01:08:50 - [TEST_STEP][PASSED] - setText(findTestObject("Object Repository/RecAndPlayBk/Page-Vlink-ACH-Void/input_Original Transaction Type"), "200"): Text '200' is set on object 'Object Repository/RecAndPlayBk/Page-Vlink-ACH-Void/input_Original Transaction Type'

2024-05-16 01:08:51 - [MESSAGE][PASSED] - Text '200' is set on object 'Object Repository/RecAndPlayBk/Page-Vlink-ACH-Void/input_Original Transaction Type'

2024-05-16 01:08:51 - [TEST_STEP][PASSED] - click(findTestObject("Object Repository/RecAndPlayBk/Page-Vlink-ACH-Void/input")): Object: 'Object Repository/RecAndPlayBk/Page-Vlink-ACH-Void/input' is clicked on

2024-05-16 01:08:52 - [MESSAGE][PASSED] - Object: 'Object Repository/RecAndPlayBk/Page-Vlink-ACH-Void/input' is clicked on

2024-05-16 01:08:52 - [TEST_STEP][PASSED] - if (verifyTextPresent("Transaction approved, no errors", true)): null

2024-05-16 01:08:52 - [MESSAGE][PASSED] - Text 'Transaction approved, no errors' is present on page  using regular expression

2024-05-16 01:08:52 - [TEST_STEP][PASSED] - println("Transaction Approved, no errors text is present on the Confirmation page"): null

2024-05-16 01:08:52 - [TEST_STEP][PASSED] - out.println("Pass Record Number: " + row): null

2024-05-16 01:08:52 - [TEST_STEP][PASSED] - resText = "Pass": null

2024-05-16 01:08:52 - [TEST_STEP][PASSED] - pages.WriteExcel.demoKey(resText, datText, resColumn, datCloumn, fileLoc, nameSheet, row): pages.WriteExcel.demoKey is PASSED

2024-05-16 01:08:52 - [MESSAGE][PASSED] - pages.WriteExcel.demoKey is PASSED

2024-05-16 01:08:52 - [TEST_STEP][PASSED] - ExecuteTC = findTestData(dataFile).getValue("Execute", row): null

2024-05-16 01:08:52 - [TEST_STEP][PASSED] - out.println("Value of Execute is : " + ExecuteTC): null

2024-05-16 01:08:52 - [TEST_STEP][PASSED] - switch (executionProfile): null

2024-05-16 01:08:52 - [TEST_STEP][PASSED] - case "QA2Profile":: null

2024-05-16 01:08:52 - [TEST_STEP][PASSED] - appID = findTestData(dataFile).getValue("AppIDQA", row): null

2024-05-16 01:08:53 - [TEST_STEP][PASSED] - username = findTestData(dataFile).getValue("UsernameQA", row): null

2024-05-16 01:08:53 - [TEST_STEP][PASSED] - password = findTestData(dataFile).getValue("PasswordQA", row): null

2024-05-16 01:08:53 - [TEST_STEP][PASSED] - break: null

2024-05-16 01:08:53 - [TEST_STEP][PASSED] - if (ExecuteTC.equalsIgnoreCase("Y")): null

2024-05-16 01:08:53 - [TEST_STEP][PASSED] - out.println("Begin Record Number: " + row): null

2024-05-16 01:08:53 - [TEST_STEP][PASSED] - today = new java.util.Date(): null

2024-05-16 01:08:53 - [TEST_STEP][PASSED] - println(today): null

2024-05-16 01:08:53 - [TEST_STEP][PASSED] - datText = today: null

2024-05-16 01:08:53 - [TEST_STEP][PASSED] - checkType = findTestData(dataFile).getValue("CheckType", row): null

2024-05-16 01:08:53 - [TEST_STEP][PASSED] - acNumber = findTestData(dataFile).getValue("AcNumber", row): null

2024-05-16 01:08:53 - [TEST_STEP][PASSED] - company = findTestData(dataFile).getValue("Company", row): null

2024-05-16 01:08:53 - [TEST_STEP][PASSED] - acType = findTestData(dataFile).getValue("AcType", row): null

2024-05-16 01:08:53 - [TEST_STEP][PASSED] - rtn = findTestData(dataFile).getValue("RTN", row): null

2024-05-16 01:08:53 - [TEST_STEP][PASSED] - amount = findTestData(dataFile).getValue("Amount", row): null

2024-05-16 01:08:53 - [TEST_STEP][PASSED] - sec = findTestData(dataFile).getValue("SEC", row): null

2024-05-16 01:08:53 - [TEST_STEP][PASSED] - openBrowser(VLinkURL + "debit.html"): Browser is opened with url: 'https://dev-algorithm.govolution.com/vlinktest/QA2/version_2_0/debit.html'

2024-05-16 01:08:53 - [MESSAGE][WARNING] - A browser is already opened. Closing browser and opening a new one

2024-05-16 01:08:54 - [MESSAGE][INFO] - Starting 'Chrome' driver

2024-05-16 01:08:54 - [MESSAGE][INFO] - User set preference: ['acceptInsecureCerts', 'true']

2024-05-16 01:08:54 - [MESSAGE][INFO] - Action delay is set to 0 milliseconds

2024-05-16 01:08:56 - [MESSAGE][PASSED] - Browser is opened with url: 'https://dev-algorithm.govolution.com/vlinktest/QA2/version_2_0/debit.html'

2024-05-16 01:08:56 - [TEST_STEP][PASSED] - maximizeWindow(): Current window maximized

2024-05-16 01:08:57 - [MESSAGE][PASSED] - Current window maximized

2024-05-16 01:08:57 - [TEST_STEP][PASSED] - genRemID1 = random() * 99999).toInteger(): null

2024-05-16 01:08:57 - [TEST_STEP][PASSED] - genRemID2 = random() * 99999).toInteger(): null

2024-05-16 01:08:57 - [TEST_STEP][PASSED] - genRemID3 = random() * 99999).toInteger(): null

2024-05-16 01:08:57 - [TEST_STEP][PASSED] - println(genRemID1): null

2024-05-16 01:08:57 - [TEST_STEP][PASSED] - println(genRemID2): null

2024-05-16 01:08:57 - [TEST_STEP][PASSED] - println(genRemID3): null

2024-05-16 01:08:57 - [TEST_STEP][PASSED] - genRemID = genRemID1 + "|" + genRemID2 + "|" + genRemID3: null

2024-05-16 01:08:57 - [TEST_STEP][PASSED] - println(genRemID): null

2024-05-16 01:08:57 - [TEST_STEP][PASSED] - setText(findTestObject("RecAndPlayBk/Page-Vlink-Debit/input_Remittance Id"), genRemID): Text '53286|98734|28293' is set on object 'Object Repository/RecAndPlayBk/Page-Vlink-Debit/input_Remittance Id'

2024-05-16 01:08:58 - [MESSAGE][PASSED] - Text '53286|98734|28293' is set on object 'Object Repository/RecAndPlayBk/Page-Vlink-Debit/input_Remittance Id'

2024-05-16 01:08:58 - [TEST_STEP][PASSED] - setText(findTestObject("RecAndPlayBk/Page-Vlink-Debit/input_Application Id"), appID): Text '234' is set on object 'Object Repository/RecAndPlayBk/Page-Vlink-Debit/input_Application Id'

2024-05-16 01:08:58 - [MESSAGE][PASSED] - Text '234' is set on object 'Object Repository/RecAndPlayBk/Page-Vlink-Debit/input_Application Id'

2024-05-16 01:08:58 - [TEST_STEP][PASSED] - setText(findTestObject("RecAndPlayBk/Page-Vlink-Debit/input_Username"), username): Text 'username' is set on object 'Object Repository/RecAndPlayBk/Page-Vlink-Debit/input_Username'

2024-05-16 01:08:59 - [MESSAGE][PASSED] - Text 'username' is set on object 'Object Repository/RecAndPlayBk/Page-Vlink-Debit/input_Username'

2024-05-16 01:08:59 - [TEST_STEP][PASSED] - setText(findTestObject("RecAndPlayBk/Page-Vlink-Debit/input_Password"), password): Text 'password' is set on object 'Object Repository/RecAndPlayBk/Page-Vlink-Debit/input_Password'

2024-05-16 01:09:00 - [MESSAGE][PASSED] - Text 'password' is set on object 'Object Repository/RecAndPlayBk/Page-Vlink-Debit/input_Password'

2024-05-16 01:09:00 - [TEST_STEP][PASSED] - setText(findTestObject("RecAndPlayBk/Page-Vlink-Debit/input_Check Type"), checkType): Text 'P' is set on object 'Object Repository/RecAndPlayBk/Page-Vlink-Debit/input_Check Type'

2024-05-16 01:09:00 - [MESSAGE][PASSED] - Text 'P' is set on object 'Object Repository/RecAndPlayBk/Page-Vlink-Debit/input_Check Type'

2024-05-16 01:09:00 - [TEST_STEP][PASSED] - setText(findTestObject("RecAndPlayBk/Page-Vlink-Debit/input_Account_check"), acNumber): Text '58963214' is set on object 'Object Repository/RecAndPlayBk/Page-Vlink-Debit/input_Account_check'

2024-05-16 01:09:01 - [MESSAGE][PASSED] - Text '58963214' is set on object 'Object Repository/RecAndPlayBk/Page-Vlink-Debit/input_Account_check'

2024-05-16 01:09:01 - [TEST_STEP][PASSED] - setText(findTestObject("RecAndPlayBk/Page-Vlink-Debit/input_Company_check"), company): Text '' is set on object 'Object Repository/RecAndPlayBk/Page-Vlink-Debit/input_Company_check'

2024-05-16 01:09:01 - [MESSAGE][PASSED] - Text '' is set on object 'Object Repository/RecAndPlayBk/Page-Vlink-Debit/input_Company_check'

2024-05-16 01:09:01 - [TEST_STEP][PASSED] - setText(findTestObject("RecAndPlayBk/Page-Vlink-Debit/input_Account Type"), acType): Text '2' is set on object 'Object Repository/RecAndPlayBk/Page-Vlink-Debit/input_Account Type'

2024-05-16 01:09:02 - [MESSAGE][PASSED] - Text '2' is set on object 'Object Repository/RecAndPlayBk/Page-Vlink-Debit/input_Account Type'

2024-05-16 01:09:02 - [TEST_STEP][PASSED] - setText(findTestObject("RecAndPlayBk/Page-Vlink-Debit/input_Routing Number"), rtn): Text '256072691' is set on object 'Object Repository/RecAndPlayBk/Page-Vlink-Debit/input_Routing Number'

2024-05-16 01:09:03 - [MESSAGE][PASSED] - Text '256072691' is set on object 'Object Repository/RecAndPlayBk/Page-Vlink-Debit/input_Routing Number'

2024-05-16 01:09:03 - [TEST_STEP][PASSED] - setText(findTestObject("RecAndPlayBk/Page-Vlink-Debit/input_Amount"), amount): Text '12.50' is set on object 'Object Repository/RecAndPlayBk/Page-Vlink-Debit/input_Amount'

2024-05-16 01:09:03 - [MESSAGE][PASSED] - Text '12.50' is set on object 'Object Repository/RecAndPlayBk/Page-Vlink-Debit/input_Amount'

2024-05-16 01:09:03 - [TEST_STEP][PASSED] - setText(findTestObject("RecAndPlayBk/Page-Vlink-Debit/input_Check Email"), ""): Text '' is set on object 'Object Repository/RecAndPlayBk/Page-Vlink-Debit/input_Check Email'

2024-05-16 01:09:04 - [MESSAGE][PASSED] - Text '' is set on object 'Object Repository/RecAndPlayBk/Page-Vlink-Debit/input_Check Email'

2024-05-16 01:09:04 - [TEST_STEP][PASSED] - setText(findTestObject("Object Repository/RecAndPlayBk/Page-Vlink-Debit/input_concat(CheckWriter, , s SSN)_check_ssn"), ""): Text '' is set on object 'Object Repository/RecAndPlayBk/Page-Vlink-Debit/input_concat(CheckWriter, , s SSN)_check_ssn'

2024-05-16 01:09:05 - [MESSAGE][PASSED] - Text '' is set on object 'Object Repository/RecAndPlayBk/Page-Vlink-Debit/input_concat(CheckWriter, , s SSN)_check_ssn'

2024-05-16 01:09:05 - [TEST_STEP][PASSED] - setText(findTestObject("Object Repository/RecAndPlayBk/Page-Vlink-Debit/input_concat(CheckWriter, , s License Numbe_020fef"), ""): Text '' is set on object 'Object Repository/RecAndPlayBk/Page-Vlink-Debit/input_concat(CheckWriter, , s License Numbe_020fef'

2024-05-16 01:09:05 - [MESSAGE][PASSED] - Text '' is set on object 'Object Repository/RecAndPlayBk/Page-Vlink-Debit/input_concat(CheckWriter, , s License Numbe_020fef'

2024-05-16 01:09:05 - [TEST_STEP][PASSED] - setText(findTestObject("Object Repository/RecAndPlayBk/Page-Vlink-Debit/input_concat(CheckWriter, , s License State_21e3e7"), ""): Text '' is set on object 'Object Repository/RecAndPlayBk/Page-Vlink-Debit/input_concat(CheckWriter, , s License State_21e3e7'

2024-05-16 01:09:06 - [MESSAGE][PASSED] - Text '' is set on object 'Object Repository/RecAndPlayBk/Page-Vlink-Debit/input_concat(CheckWriter, , s License State_21e3e7'

2024-05-16 01:09:06 - [TEST_STEP][PASSED] - setText(findTestObject("RecAndPlayBk/Page-Vlink-Debit/input_Standard Entry Class"), sec): Text 'TEL' is set on object 'Object Repository/RecAndPlayBk/Page-Vlink-Debit/input_Standard Entry Class'

2024-05-16 01:09:07 - [MESSAGE][PASSED] - Text 'TEL' is set on object 'Object Repository/RecAndPlayBk/Page-Vlink-Debit/input_Standard Entry Class'

2024-05-16 01:09:07 - [TEST_STEP][PASSED] - click(findTestObject("Object Repository/RecAndPlayBk/Page-Vlink-Debit/input")): Object: 'Object Repository/RecAndPlayBk/Page-Vlink-Debit/input' is clicked on

2024-05-16 01:09:08 - [MESSAGE][PASSED] - Object: 'Object Repository/RecAndPlayBk/Page-Vlink-Debit/input' is clicked on

2024-05-16 01:09:08 - [TEST_STEP][PASSED] - if (verifyTextPresent("Transaction approved, no errors", true)): null

2024-05-16 01:09:08 - [MESSAGE][PASSED] - Text 'Transaction approved, no errors' is present on page  using regular expression

2024-05-16 01:09:08 - [TEST_STEP][PASSED] - println("Transaction Approved, no errors text is present on the Confirmation page"): null

2024-05-16 01:09:08 - [TEST_STEP][PASSED] - sdfo = getText(findTestObject("Object Repository/Page_VLinkReceipt/pre_STX")): Text of object 'Object Repository/Page_VLinkReceipt/pre_STX' is: '<STX>53286|98734|28293             12151772            0  Transaction approved, no errors                   0                                                                                                              <ETX>'

2024-05-16 01:09:08 - [MESSAGE][PASSED] - Text of object 'Object Repository/Page_VLinkReceipt/pre_STX' is: '<STX>53286|98734|28293             12151772            0  Transaction approved, no errors                   0                                                                                                              <ETX>'

2024-05-16 01:09:08 - [TEST_STEP][PASSED] - out.println("sdfo: " + sdfo): null

2024-05-16 01:09:08 - [TEST_STEP][PASSED] - remID = substring(5, 35).trim(): null

2024-05-16 01:09:08 - [TEST_STEP][PASSED] - out.println("remID: " + remID): null

2024-05-16 01:09:08 - [TEST_STEP][PASSED] - traxID = substring(35, 55).trim(): null

2024-05-16 01:09:08 - [TEST_STEP][PASSED] - out.println("traxID: " + traxID): null

2024-05-16 01:09:08 - [TEST_STEP][PASSED] - VLinkSaleRemID = remID: null

2024-05-16 01:09:08 - [TEST_STEP][PASSED] - VLinkSaleTranxID = traxID: null

2024-05-16 01:09:08 - [TEST_STEP][PASSED] - openBrowser(VLinkURL + "ACH_void.html"): Browser is opened with url: 'https://dev-algorithm.govolution.com/vlinktest/QA2/version_2_0/ACH_void.html'

2024-05-16 01:09:08 - [MESSAGE][WARNING] - A browser is already opened. Closing browser and opening a new one

2024-05-16 01:09:09 - [MESSAGE][INFO] - Starting 'Chrome' driver

2024-05-16 01:09:09 - [MESSAGE][INFO] - User set preference: ['acceptInsecureCerts', 'true']

2024-05-16 01:09:09 - [MESSAGE][INFO] - Action delay is set to 0 milliseconds

2024-05-16 01:09:11 - [MESSAGE][PASSED] - Browser is opened with url: 'https://dev-algorithm.govolution.com/vlinktest/QA2/version_2_0/ACH_void.html'

2024-05-16 01:09:11 - [TEST_STEP][PASSED] - maximizeWindow(): Current window maximized

2024-05-16 01:09:12 - [MESSAGE][PASSED] - Current window maximized

2024-05-16 01:09:12 - [TEST_STEP][PASSED] - setText(findTestObject("Object Repository/RecAndPlayBk/Page-Vlink-ACH-Void/input_Remittance Id"), VLinkSaleRemID): Text '53286|98734|28293' is set on object 'Object Repository/RecAndPlayBk/Page-Vlink-ACH-Void/input_Remittance Id'

2024-05-16 01:09:12 - [MESSAGE][PASSED] - Text '53286|98734|28293' is set on object 'Object Repository/RecAndPlayBk/Page-Vlink-ACH-Void/input_Remittance Id'

2024-05-16 01:09:12 - [TEST_STEP][PASSED] - setText(findTestObject("Object Repository/RecAndPlayBk/Page-Vlink-ACH-Void/input_Application Id"), appID): Text '234' is set on object 'Object Repository/RecAndPlayBk/Page-Vlink-ACH-Void/input_Application Id'

2024-05-16 01:09:13 - [MESSAGE][PASSED] - Text '234' is set on object 'Object Repository/RecAndPlayBk/Page-Vlink-ACH-Void/input_Application Id'

2024-05-16 01:09:13 - [TEST_STEP][PASSED] - setText(findTestObject("Object Repository/RecAndPlayBk/Page-Vlink-ACH-Void/input_Username"), username): Text 'username' is set on object 'Object Repository/RecAndPlayBk/Page-Vlink-ACH-Void/input_Username'

2024-05-16 01:09:14 - [MESSAGE][PASSED] - Text 'username' is set on object 'Object Repository/RecAndPlayBk/Page-Vlink-ACH-Void/input_Username'

2024-05-16 01:09:14 - [TEST_STEP][PASSED] - setText(findTestObject("Object Repository/RecAndPlayBk/Page-Vlink-ACH-Void/input_Password"), password): Text 'password' is set on object 'Object Repository/RecAndPlayBk/Page-Vlink-ACH-Void/input_Password'

2024-05-16 01:09:14 - [MESSAGE][PASSED] - Text 'password' is set on object 'Object Repository/RecAndPlayBk/Page-Vlink-ACH-Void/input_Password'

2024-05-16 01:09:14 - [TEST_STEP][PASSED] - setText(findTestObject("Object Repository/RecAndPlayBk/Page-Vlink-ACH-Void/input_Check Type"), checkType): Text 'P' is set on object 'Object Repository/RecAndPlayBk/Page-Vlink-ACH-Void/input_Check Type'

2024-05-16 01:09:15 - [MESSAGE][PASSED] - Text 'P' is set on object 'Object Repository/RecAndPlayBk/Page-Vlink-ACH-Void/input_Check Type'

2024-05-16 01:09:15 - [TEST_STEP][PASSED] - setText(findTestObject("Object Repository/RecAndPlayBk/Page-Vlink-ACH-Void/input_Standard Entry Class"), sec): Text 'TEL' is set on object 'Object Repository/RecAndPlayBk/Page-Vlink-ACH-Void/input_Standard Entry Class'

2024-05-16 01:09:16 - [MESSAGE][PASSED] - Text 'TEL' is set on object 'Object Repository/RecAndPlayBk/Page-Vlink-ACH-Void/input_Standard Entry Class'

2024-05-16 01:09:16 - [TEST_STEP][PASSED] - setText(findTestObject("Object Repository/RecAndPlayBk/Page-Vlink-ACH-Void/input_Transaction ID"), VLinkSaleTranxID): Text '12151772' is set on object 'Object Repository/RecAndPlayBk/Page-Vlink-ACH-Void/input_Transaction ID'

2024-05-16 01:09:16 - [MESSAGE][PASSED] - Text '12151772' is set on object 'Object Repository/RecAndPlayBk/Page-Vlink-ACH-Void/input_Transaction ID'

2024-05-16 01:09:16 - [TEST_STEP][PASSED] - setText(findTestObject("Object Repository/RecAndPlayBk/Page-Vlink-ACH-Void/input_Original Transaction Type"), "200"): Text '200' is set on object 'Object Repository/RecAndPlayBk/Page-Vlink-ACH-Void/input_Original Transaction Type'

2024-05-16 01:09:17 - [MESSAGE][PASSED] - Text '200' is set on object 'Object Repository/RecAndPlayBk/Page-Vlink-ACH-Void/input_Original Transaction Type'

2024-05-16 01:09:17 - [TEST_STEP][PASSED] - click(findTestObject("Object Repository/RecAndPlayBk/Page-Vlink-ACH-Void/input")): Object: 'Object Repository/RecAndPlayBk/Page-Vlink-ACH-Void/input' is clicked on

2024-05-16 01:09:18 - [MESSAGE][PASSED] - Object: 'Object Repository/RecAndPlayBk/Page-Vlink-ACH-Void/input' is clicked on

2024-05-16 01:09:18 - [TEST_STEP][PASSED] - if (verifyTextPresent("Transaction approved, no errors", true)): null

2024-05-16 01:09:18 - [MESSAGE][PASSED] - Text 'Transaction approved, no errors' is present on page  using regular expression

2024-05-16 01:09:18 - [TEST_STEP][PASSED] - println("Transaction Approved, no errors text is present on the Confirmation page"): null

2024-05-16 01:09:18 - [TEST_STEP][PASSED] - out.println("Pass Record Number: " + row): null

2024-05-16 01:09:18 - [TEST_STEP][PASSED] - resText = "Pass": null

2024-05-16 01:09:18 - [TEST_STEP][PASSED] - pages.WriteExcel.demoKey(resText, datText, resColumn, datCloumn, fileLoc, nameSheet, row): pages.WriteExcel.demoKey is PASSED

2024-05-16 01:09:18 - [MESSAGE][PASSED] - pages.WriteExcel.demoKey is PASSED

2024-05-16 01:09:18 - [TEST_STEP][PASSED] - ExecuteTC = findTestData(dataFile).getValue("Execute", row): null

2024-05-16 01:09:18 - [TEST_STEP][PASSED] - out.println("Value of Execute is : " + ExecuteTC): null

2024-05-16 01:09:18 - [TEST_STEP][PASSED] - switch (executionProfile): null

2024-05-16 01:09:18 - [TEST_STEP][PASSED] - case "QA2Profile":: null

2024-05-16 01:09:18 - [TEST_STEP][PASSED] - appID = findTestData(dataFile).getValue("AppIDQA", row): null

2024-05-16 01:09:18 - [TEST_STEP][PASSED] - username = findTestData(dataFile).getValue("UsernameQA", row): null

2024-05-16 01:09:18 - [TEST_STEP][PASSED] - password = findTestData(dataFile).getValue("PasswordQA", row): null

2024-05-16 01:09:18 - [TEST_STEP][PASSED] - break: null

2024-05-16 01:09:18 - [TEST_STEP][PASSED] - if (ExecuteTC.equalsIgnoreCase("Y")): null

2024-05-16 01:09:18 - [TEST_STEP][PASSED] - out.println("Begin Record Number: " + row): null

2024-05-16 01:09:18 - [TEST_STEP][PASSED] - today = new java.util.Date(): null

2024-05-16 01:09:18 - [TEST_STEP][PASSED] - println(today): null

2024-05-16 01:09:18 - [TEST_STEP][PASSED] - datText = today: null

2024-05-16 01:09:18 - [TEST_STEP][PASSED] - checkType = findTestData(dataFile).getValue("CheckType", row): null

2024-05-16 01:09:19 - [TEST_STEP][PASSED] - acNumber = findTestData(dataFile).getValue("AcNumber", row): null

2024-05-16 01:09:19 - [TEST_STEP][PASSED] - company = findTestData(dataFile).getValue("Company", row): null

2024-05-16 01:09:19 - [TEST_STEP][PASSED] - acType = findTestData(dataFile).getValue("AcType", row): null

2024-05-16 01:09:19 - [TEST_STEP][PASSED] - rtn = findTestData(dataFile).getValue("RTN", row): null

2024-05-16 01:09:19 - [TEST_STEP][PASSED] - amount = findTestData(dataFile).getValue("Amount", row): null

2024-05-16 01:09:19 - [TEST_STEP][PASSED] - sec = findTestData(dataFile).getValue("SEC", row): null

2024-05-16 01:09:19 - [TEST_STEP][PASSED] - openBrowser(VLinkURL + "debit.html"): Browser is opened with url: 'https://dev-algorithm.govolution.com/vlinktest/QA2/version_2_0/debit.html'

2024-05-16 01:09:19 - [MESSAGE][WARNING] - A browser is already opened. Closing browser and opening a new one

2024-05-16 01:09:20 - [MESSAGE][INFO] - Starting 'Chrome' driver

2024-05-16 01:09:20 - [MESSAGE][INFO] - User set preference: ['acceptInsecureCerts', 'true']

2024-05-16 01:09:20 - [MESSAGE][INFO] - Action delay is set to 0 milliseconds

2024-05-16 01:09:22 - [MESSAGE][PASSED] - Browser is opened with url: 'https://dev-algorithm.govolution.com/vlinktest/QA2/version_2_0/debit.html'

2024-05-16 01:09:22 - [TEST_STEP][PASSED] - maximizeWindow(): Current window maximized

2024-05-16 01:09:23 - [MESSAGE][PASSED] - Current window maximized

2024-05-16 01:09:23 - [TEST_STEP][PASSED] - genRemID1 = random() * 99999).toInteger(): null

2024-05-16 01:09:23 - [TEST_STEP][PASSED] - genRemID2 = random() * 99999).toInteger(): null

2024-05-16 01:09:23 - [TEST_STEP][PASSED] - genRemID3 = random() * 99999).toInteger(): null

2024-05-16 01:09:23 - [TEST_STEP][PASSED] - println(genRemID1): null

2024-05-16 01:09:23 - [TEST_STEP][PASSED] - println(genRemID2): null

2024-05-16 01:09:23 - [TEST_STEP][PASSED] - println(genRemID3): null

2024-05-16 01:09:23 - [TEST_STEP][PASSED] - genRemID = genRemID1 + "|" + genRemID2 + "|" + genRemID3: null

2024-05-16 01:09:23 - [TEST_STEP][PASSED] - println(genRemID): null

2024-05-16 01:09:23 - [TEST_STEP][PASSED] - setText(findTestObject("RecAndPlayBk/Page-Vlink-Debit/input_Remittance Id"), genRemID): Text '81535|90657|86701' is set on object 'Object Repository/RecAndPlayBk/Page-Vlink-Debit/input_Remittance Id'

2024-05-16 01:09:23 - [MESSAGE][PASSED] - Text '81535|90657|86701' is set on object 'Object Repository/RecAndPlayBk/Page-Vlink-Debit/input_Remittance Id'

2024-05-16 01:09:23 - [TEST_STEP][PASSED] - setText(findTestObject("RecAndPlayBk/Page-Vlink-Debit/input_Application Id"), appID): Text '234' is set on object 'Object Repository/RecAndPlayBk/Page-Vlink-Debit/input_Application Id'

2024-05-16 01:09:24 - [MESSAGE][PASSED] - Text '234' is set on object 'Object Repository/RecAndPlayBk/Page-Vlink-Debit/input_Application Id'

2024-05-16 01:09:24 - [TEST_STEP][PASSED] - setText(findTestObject("RecAndPlayBk/Page-Vlink-Debit/input_Username"), username): Text 'username' is set on object 'Object Repository/RecAndPlayBk/Page-Vlink-Debit/input_Username'

2024-05-16 01:09:25 - [MESSAGE][PASSED] - Text 'username' is set on object 'Object Repository/RecAndPlayBk/Page-Vlink-Debit/input_Username'

2024-05-16 01:09:25 - [TEST_STEP][PASSED] - setText(findTestObject("RecAndPlayBk/Page-Vlink-Debit/input_Password"), password): Text 'password' is set on object 'Object Repository/RecAndPlayBk/Page-Vlink-Debit/input_Password'

2024-05-16 01:09:25 - [MESSAGE][PASSED] - Text 'password' is set on object 'Object Repository/RecAndPlayBk/Page-Vlink-Debit/input_Password'

2024-05-16 01:09:25 - [TEST_STEP][PASSED] - setText(findTestObject("RecAndPlayBk/Page-Vlink-Debit/input_Check Type"), checkType): Text 'P' is set on object 'Object Repository/RecAndPlayBk/Page-Vlink-Debit/input_Check Type'

2024-05-16 01:09:26 - [MESSAGE][PASSED] - Text 'P' is set on object 'Object Repository/RecAndPlayBk/Page-Vlink-Debit/input_Check Type'

2024-05-16 01:09:26 - [TEST_STEP][PASSED] - setText(findTestObject("RecAndPlayBk/Page-Vlink-Debit/input_Account_check"), acNumber): Text '58963214' is set on object 'Object Repository/RecAndPlayBk/Page-Vlink-Debit/input_Account_check'

2024-05-16 01:09:27 - [MESSAGE][PASSED] - Text '58963214' is set on object 'Object Repository/RecAndPlayBk/Page-Vlink-Debit/input_Account_check'

2024-05-16 01:09:27 - [TEST_STEP][PASSED] - setText(findTestObject("RecAndPlayBk/Page-Vlink-Debit/input_Company_check"), company): Text '' is set on object 'Object Repository/RecAndPlayBk/Page-Vlink-Debit/input_Company_check'

2024-05-16 01:09:27 - [MESSAGE][PASSED] - Text '' is set on object 'Object Repository/RecAndPlayBk/Page-Vlink-Debit/input_Company_check'

2024-05-16 01:09:27 - [TEST_STEP][PASSED] - setText(findTestObject("RecAndPlayBk/Page-Vlink-Debit/input_Account Type"), acType): Text '2' is set on object 'Object Repository/RecAndPlayBk/Page-Vlink-Debit/input_Account Type'

2024-05-16 01:09:28 - [MESSAGE][PASSED] - Text '2' is set on object 'Object Repository/RecAndPlayBk/Page-Vlink-Debit/input_Account Type'

2024-05-16 01:09:28 - [TEST_STEP][PASSED] - setText(findTestObject("RecAndPlayBk/Page-Vlink-Debit/input_Routing Number"), rtn): Text '256072691' is set on object 'Object Repository/RecAndPlayBk/Page-Vlink-Debit/input_Routing Number'

2024-05-16 01:09:28 - [MESSAGE][PASSED] - Text '256072691' is set on object 'Object Repository/RecAndPlayBk/Page-Vlink-Debit/input_Routing Number'

2024-05-16 01:09:28 - [TEST_STEP][PASSED] - setText(findTestObject("RecAndPlayBk/Page-Vlink-Debit/input_Amount"), amount): Text '12.50' is set on object 'Object Repository/RecAndPlayBk/Page-Vlink-Debit/input_Amount'

2024-05-16 01:09:29 - [MESSAGE][PASSED] - Text '12.50' is set on object 'Object Repository/RecAndPlayBk/Page-Vlink-Debit/input_Amount'

2024-05-16 01:09:29 - [TEST_STEP][PASSED] - setText(findTestObject("RecAndPlayBk/Page-Vlink-Debit/input_Check Email"), ""): Text '' is set on object 'Object Repository/RecAndPlayBk/Page-Vlink-Debit/input_Check Email'

2024-05-16 01:09:30 - [MESSAGE][PASSED] - Text '' is set on object 'Object Repository/RecAndPlayBk/Page-Vlink-Debit/input_Check Email'

2024-05-16 01:09:30 - [TEST_STEP][PASSED] - setText(findTestObject("Object Repository/RecAndPlayBk/Page-Vlink-Debit/input_concat(CheckWriter, , s SSN)_check_ssn"), ""): Text '' is set on object 'Object Repository/RecAndPlayBk/Page-Vlink-Debit/input_concat(CheckWriter, , s SSN)_check_ssn'

2024-05-16 01:09:30 - [MESSAGE][PASSED] - Text '' is set on object 'Object Repository/RecAndPlayBk/Page-Vlink-Debit/input_concat(CheckWriter, , s SSN)_check_ssn'

2024-05-16 01:09:30 - [TEST_STEP][PASSED] - setText(findTestObject("Object Repository/RecAndPlayBk/Page-Vlink-Debit/input_concat(CheckWriter, , s License Numbe_020fef"), ""): Text '' is set on object 'Object Repository/RecAndPlayBk/Page-Vlink-Debit/input_concat(CheckWriter, , s License Numbe_020fef'

2024-05-16 01:09:31 - [MESSAGE][PASSED] - Text '' is set on object 'Object Repository/RecAndPlayBk/Page-Vlink-Debit/input_concat(CheckWriter, , s License Numbe_020fef'

2024-05-16 01:09:31 - [TEST_STEP][PASSED] - setText(findTestObject("Object Repository/RecAndPlayBk/Page-Vlink-Debit/input_concat(CheckWriter, , s License State_21e3e7"), ""): Text '' is set on object 'Object Repository/RecAndPlayBk/Page-Vlink-Debit/input_concat(CheckWriter, , s License State_21e3e7'

2024-05-16 01:09:32 - [MESSAGE][PASSED] - Text '' is set on object 'Object Repository/RecAndPlayBk/Page-Vlink-Debit/input_concat(CheckWriter, , s License State_21e3e7'

2024-05-16 01:09:32 - [TEST_STEP][PASSED] - setText(findTestObject("RecAndPlayBk/Page-Vlink-Debit/input_Standard Entry Class"), sec): Text 'PPD' is set on object 'Object Repository/RecAndPlayBk/Page-Vlink-Debit/input_Standard Entry Class'

2024-05-16 01:09:32 - [MESSAGE][PASSED] - Text 'PPD' is set on object 'Object Repository/RecAndPlayBk/Page-Vlink-Debit/input_Standard Entry Class'

2024-05-16 01:09:32 - [TEST_STEP][PASSED] - click(findTestObject("Object Repository/RecAndPlayBk/Page-Vlink-Debit/input")): Object: 'Object Repository/RecAndPlayBk/Page-Vlink-Debit/input' is clicked on

2024-05-16 01:09:33 - [MESSAGE][PASSED] - Object: 'Object Repository/RecAndPlayBk/Page-Vlink-Debit/input' is clicked on

2024-05-16 01:09:33 - [TEST_STEP][PASSED] - if (verifyTextPresent("Transaction approved, no errors", true)): null

2024-05-16 01:09:34 - [MESSAGE][PASSED] - Text 'Transaction approved, no errors' is present on page  using regular expression

2024-05-16 01:09:34 - [TEST_STEP][PASSED] - println("Transaction Approved, no errors text is present on the Confirmation page"): null

2024-05-16 01:09:34 - [TEST_STEP][PASSED] - sdfo = getText(findTestObject("Object Repository/Page_VLinkReceipt/pre_STX")): Text of object 'Object Repository/Page_VLinkReceipt/pre_STX' is: '<STX>81535|90657|86701             12151774            0  Transaction approved, no errors                   0                                                                                                              <ETX>'

2024-05-16 01:09:34 - [MESSAGE][PASSED] - Text of object 'Object Repository/Page_VLinkReceipt/pre_STX' is: '<STX>81535|90657|86701             12151774            0  Transaction approved, no errors                   0                                                                                                              <ETX>'

2024-05-16 01:09:34 - [TEST_STEP][PASSED] - out.println("sdfo: " + sdfo): null

2024-05-16 01:09:34 - [TEST_STEP][PASSED] - remID = substring(5, 35).trim(): null

2024-05-16 01:09:34 - [TEST_STEP][PASSED] - out.println("remID: " + remID): null

2024-05-16 01:09:34 - [TEST_STEP][PASSED] - traxID = substring(35, 55).trim(): null

2024-05-16 01:09:34 - [TEST_STEP][PASSED] - out.println("traxID: " + traxID): null

2024-05-16 01:09:34 - [TEST_STEP][PASSED] - VLinkSaleRemID = remID: null

2024-05-16 01:09:34 - [TEST_STEP][PASSED] - VLinkSaleTranxID = traxID: null

2024-05-16 01:09:34 - [TEST_STEP][PASSED] - openBrowser(VLinkURL + "ACH_void.html"): Browser is opened with url: 'https://dev-algorithm.govolution.com/vlinktest/QA2/version_2_0/ACH_void.html'

2024-05-16 01:09:34 - [MESSAGE][WARNING] - A browser is already opened. Closing browser and opening a new one

2024-05-16 01:09:35 - [MESSAGE][INFO] - Starting 'Chrome' driver

2024-05-16 01:09:35 - [MESSAGE][INFO] - User set preference: ['acceptInsecureCerts', 'true']

2024-05-16 01:09:35 - [MESSAGE][INFO] - Action delay is set to 0 milliseconds

2024-05-16 01:09:37 - [MESSAGE][PASSED] - Browser is opened with url: 'https://dev-algorithm.govolution.com/vlinktest/QA2/version_2_0/ACH_void.html'

2024-05-16 01:09:37 - [TEST_STEP][PASSED] - maximizeWindow(): Current window maximized

2024-05-16 01:09:38 - [MESSAGE][PASSED] - Current window maximized

2024-05-16 01:09:38 - [TEST_STEP][PASSED] - setText(findTestObject("Object Repository/RecAndPlayBk/Page-Vlink-ACH-Void/input_Remittance Id"), VLinkSaleRemID): Text '81535|90657|86701' is set on object 'Object Repository/RecAndPlayBk/Page-Vlink-ACH-Void/input_Remittance Id'

2024-05-16 01:09:38 - [MESSAGE][PASSED] - Text '81535|90657|86701' is set on object 'Object Repository/RecAndPlayBk/Page-Vlink-ACH-Void/input_Remittance Id'

2024-05-16 01:09:38 - [TEST_STEP][PASSED] - setText(findTestObject("Object Repository/RecAndPlayBk/Page-Vlink-ACH-Void/input_Application Id"), appID): Text '234' is set on object 'Object Repository/RecAndPlayBk/Page-Vlink-ACH-Void/input_Application Id'

2024-05-16 01:09:39 - [MESSAGE][PASSED] - Text '234' is set on object 'Object Repository/RecAndPlayBk/Page-Vlink-ACH-Void/input_Application Id'

2024-05-16 01:09:39 - [TEST_STEP][PASSED] - setText(findTestObject("Object Repository/RecAndPlayBk/Page-Vlink-ACH-Void/input_Username"), username): Text 'username' is set on object 'Object Repository/RecAndPlayBk/Page-Vlink-ACH-Void/input_Username'

2024-05-16 01:09:40 - [MESSAGE][PASSED] - Text 'username' is set on object 'Object Repository/RecAndPlayBk/Page-Vlink-ACH-Void/input_Username'

2024-05-16 01:09:40 - [TEST_STEP][PASSED] - setText(findTestObject("Object Repository/RecAndPlayBk/Page-Vlink-ACH-Void/input_Password"), password): Text 'password' is set on object 'Object Repository/RecAndPlayBk/Page-Vlink-ACH-Void/input_Password'

2024-05-16 01:09:40 - [MESSAGE][PASSED] - Text 'password' is set on object 'Object Repository/RecAndPlayBk/Page-Vlink-ACH-Void/input_Password'

2024-05-16 01:09:40 - [TEST_STEP][PASSED] - setText(findTestObject("Object Repository/RecAndPlayBk/Page-Vlink-ACH-Void/input_Check Type"), checkType): Text 'P' is set on object 'Object Repository/RecAndPlayBk/Page-Vlink-ACH-Void/input_Check Type'

2024-05-16 01:09:41 - [MESSAGE][PASSED] - Text 'P' is set on object 'Object Repository/RecAndPlayBk/Page-Vlink-ACH-Void/input_Check Type'

2024-05-16 01:09:41 - [TEST_STEP][PASSED] - setText(findTestObject("Object Repository/RecAndPlayBk/Page-Vlink-ACH-Void/input_Standard Entry Class"), sec): Text 'PPD' is set on object 'Object Repository/RecAndPlayBk/Page-Vlink-ACH-Void/input_Standard Entry Class'

2024-05-16 01:09:42 - [MESSAGE][PASSED] - Text 'PPD' is set on object 'Object Repository/RecAndPlayBk/Page-Vlink-ACH-Void/input_Standard Entry Class'

2024-05-16 01:09:42 - [TEST_STEP][PASSED] - setText(findTestObject("Object Repository/RecAndPlayBk/Page-Vlink-ACH-Void/input_Transaction ID"), VLinkSaleTranxID): Text '12151774' is set on object 'Object Repository/RecAndPlayBk/Page-Vlink-ACH-Void/input_Transaction ID'

2024-05-16 01:09:42 - [MESSAGE][PASSED] - Text '12151774' is set on object 'Object Repository/RecAndPlayBk/Page-Vlink-ACH-Void/input_Transaction ID'

2024-05-16 01:09:42 - [TEST_STEP][PASSED] - setText(findTestObject("Object Repository/RecAndPlayBk/Page-Vlink-ACH-Void/input_Original Transaction Type"), "200"): Text '200' is set on object 'Object Repository/RecAndPlayBk/Page-Vlink-ACH-Void/input_Original Transaction Type'

2024-05-16 01:09:43 - [MESSAGE][PASSED] - Text '200' is set on object 'Object Repository/RecAndPlayBk/Page-Vlink-ACH-Void/input_Original Transaction Type'

2024-05-16 01:09:43 - [TEST_STEP][PASSED] - click(findTestObject("Object Repository/RecAndPlayBk/Page-Vlink-ACH-Void/input")): Object: 'Object Repository/RecAndPlayBk/Page-Vlink-ACH-Void/input' is clicked on

2024-05-16 01:09:44 - [MESSAGE][PASSED] - Object: 'Object Repository/RecAndPlayBk/Page-Vlink-ACH-Void/input' is clicked on

2024-05-16 01:09:44 - [TEST_STEP][PASSED] - if (verifyTextPresent("Transaction approved, no errors", true)): null

2024-05-16 01:09:44 - [MESSAGE][PASSED] - Text 'Transaction approved, no errors' is present on page  using regular expression

2024-05-16 01:09:44 - [TEST_STEP][PASSED] - println("Transaction Approved, no errors text is present on the Confirmation page"): null

2024-05-16 01:09:44 - [TEST_STEP][PASSED] - out.println("Pass Record Number: " + row): null

2024-05-16 01:09:44 - [TEST_STEP][PASSED] - resText = "Pass": null

2024-05-16 01:09:44 - [TEST_STEP][PASSED] - pages.WriteExcel.demoKey(resText, datText, resColumn, datCloumn, fileLoc, nameSheet, row): pages.WriteExcel.demoKey is PASSED

2024-05-16 01:09:44 - [MESSAGE][PASSED] - pages.WriteExcel.demoKey is PASSED

2024-05-16 01:09:44 - [TEST_STEP][PASSED] - ExecuteTC = findTestData(dataFile).getValue("Execute", row): null

2024-05-16 01:09:44 - [TEST_STEP][PASSED] - out.println("Value of Execute is : " + ExecuteTC): null

2024-05-16 01:09:44 - [TEST_STEP][PASSED] - switch (executionProfile): null

2024-05-16 01:09:44 - [TEST_STEP][PASSED] - case "QA2Profile":: null

2024-05-16 01:09:44 - [TEST_STEP][PASSED] - appID = findTestData(dataFile).getValue("AppIDQA", row): null

2024-05-16 01:09:44 - [TEST_STEP][PASSED] - username = findTestData(dataFile).getValue("UsernameQA", row): null

2024-05-16 01:09:44 - [TEST_STEP][PASSED] - password = findTestData(dataFile).getValue("PasswordQA", row): null

2024-05-16 01:09:44 - [TEST_STEP][PASSED] - break: null

2024-05-16 01:09:44 - [TEST_STEP][PASSED] - if (ExecuteTC.equalsIgnoreCase("Y")): null

2024-05-16 01:09:44 - [TEST_STEP][PASSED] - out.println("Begin Record Number: " + row): null

2024-05-16 01:09:44 - [TEST_STEP][PASSED] - today = new java.util.Date(): null

2024-05-16 01:09:44 - [TEST_STEP][PASSED] - println(today): null

2024-05-16 01:09:44 - [TEST_STEP][PASSED] - datText = today: null

2024-05-16 01:09:44 - [TEST_STEP][PASSED] - checkType = findTestData(dataFile).getValue("CheckType", row): null

2024-05-16 01:09:45 - [TEST_STEP][PASSED] - acNumber = findTestData(dataFile).getValue("AcNumber", row): null

2024-05-16 01:09:45 - [TEST_STEP][PASSED] - company = findTestData(dataFile).getValue("Company", row): null

2024-05-16 01:09:45 - [TEST_STEP][PASSED] - acType = findTestData(dataFile).getValue("AcType", row): null

2024-05-16 01:09:45 - [TEST_STEP][PASSED] - rtn = findTestData(dataFile).getValue("RTN", row): null

2024-05-16 01:09:45 - [TEST_STEP][PASSED] - amount = findTestData(dataFile).getValue("Amount", row): null

2024-05-16 01:09:45 - [TEST_STEP][PASSED] - sec = findTestData(dataFile).getValue("SEC", row): null

2024-05-16 01:09:45 - [TEST_STEP][PASSED] - openBrowser(VLinkURL + "debit.html"): Browser is opened with url: 'https://dev-algorithm.govolution.com/vlinktest/QA2/version_2_0/debit.html'

2024-05-16 01:09:45 - [MESSAGE][WARNING] - A browser is already opened. Closing browser and opening a new one

2024-05-16 01:09:46 - [MESSAGE][INFO] - Starting 'Chrome' driver

2024-05-16 01:09:46 - [MESSAGE][INFO] - User set preference: ['acceptInsecureCerts', 'true']

2024-05-16 01:09:46 - [MESSAGE][INFO] - Action delay is set to 0 milliseconds

2024-05-16 01:09:48 - [MESSAGE][PASSED] - Browser is opened with url: 'https://dev-algorithm.govolution.com/vlinktest/QA2/version_2_0/debit.html'

2024-05-16 01:09:48 - [TEST_STEP][PASSED] - maximizeWindow(): Current window maximized

2024-05-16 01:09:48 - [MESSAGE][PASSED] - Current window maximized

2024-05-16 01:09:48 - [TEST_STEP][PASSED] - genRemID1 = random() * 99999).toInteger(): null

2024-05-16 01:09:48 - [TEST_STEP][PASSED] - genRemID2 = random() * 99999).toInteger(): null

2024-05-16 01:09:48 - [TEST_STEP][PASSED] - genRemID3 = random() * 99999).toInteger(): null

2024-05-16 01:09:48 - [TEST_STEP][PASSED] - println(genRemID1): null

2024-05-16 01:09:48 - [TEST_STEP][PASSED] - println(genRemID2): null

2024-05-16 01:09:48 - [TEST_STEP][PASSED] - println(genRemID3): null

2024-05-16 01:09:48 - [TEST_STEP][PASSED] - genRemID = genRemID1 + "|" + genRemID2 + "|" + genRemID3: null

2024-05-16 01:09:48 - [TEST_STEP][PASSED] - println(genRemID): null

2024-05-16 01:09:48 - [TEST_STEP][PASSED] - setText(findTestObject("RecAndPlayBk/Page-Vlink-Debit/input_Remittance Id"), genRemID): Text '34401|41448|85219' is set on object 'Object Repository/RecAndPlayBk/Page-Vlink-Debit/input_Remittance Id'

2024-05-16 01:09:49 - [MESSAGE][PASSED] - Text '34401|41448|85219' is set on object 'Object Repository/RecAndPlayBk/Page-Vlink-Debit/input_Remittance Id'

2024-05-16 01:09:49 - [TEST_STEP][PASSED] - setText(findTestObject("RecAndPlayBk/Page-Vlink-Debit/input_Application Id"), appID): Text '234' is set on object 'Object Repository/RecAndPlayBk/Page-Vlink-Debit/input_Application Id'

2024-05-16 01:09:50 - [MESSAGE][PASSED] - Text '234' is set on object 'Object Repository/RecAndPlayBk/Page-Vlink-Debit/input_Application Id'

2024-05-16 01:09:50 - [TEST_STEP][PASSED] - setText(findTestObject("RecAndPlayBk/Page-Vlink-Debit/input_Username"), username): Text 'username' is set on object 'Object Repository/RecAndPlayBk/Page-Vlink-Debit/input_Username'

2024-05-16 01:09:51 - [MESSAGE][PASSED] - Text 'username' is set on object 'Object Repository/RecAndPlayBk/Page-Vlink-Debit/input_Username'

2024-05-16 01:09:51 - [TEST_STEP][PASSED] - setText(findTestObject("RecAndPlayBk/Page-Vlink-Debit/input_Password"), password): Text 'password' is set on object 'Object Repository/RecAndPlayBk/Page-Vlink-Debit/input_Password'

2024-05-16 01:09:51 - [MESSAGE][PASSED] - Text 'password' is set on object 'Object Repository/RecAndPlayBk/Page-Vlink-Debit/input_Password'

2024-05-16 01:09:51 - [TEST_STEP][PASSED] - setText(findTestObject("RecAndPlayBk/Page-Vlink-Debit/input_Check Type"), checkType): Text 'C' is set on object 'Object Repository/RecAndPlayBk/Page-Vlink-Debit/input_Check Type'

2024-05-16 01:09:52 - [MESSAGE][PASSED] - Text 'C' is set on object 'Object Repository/RecAndPlayBk/Page-Vlink-Debit/input_Check Type'

2024-05-16 01:09:52 - [TEST_STEP][PASSED] - setText(findTestObject("RecAndPlayBk/Page-Vlink-Debit/input_Account_check"), acNumber): Text '58963214' is set on object 'Object Repository/RecAndPlayBk/Page-Vlink-Debit/input_Account_check'

2024-05-16 01:09:53 - [MESSAGE][PASSED] - Text '58963214' is set on object 'Object Repository/RecAndPlayBk/Page-Vlink-Debit/input_Account_check'

2024-05-16 01:09:53 - [TEST_STEP][PASSED] - setText(findTestObject("RecAndPlayBk/Page-Vlink-Debit/input_Company_check"), company): Text 'My Company' is set on object 'Object Repository/RecAndPlayBk/Page-Vlink-Debit/input_Company_check'

2024-05-16 01:09:53 - [MESSAGE][PASSED] - Text 'My Company' is set on object 'Object Repository/RecAndPlayBk/Page-Vlink-Debit/input_Company_check'

2024-05-16 01:09:53 - [TEST_STEP][PASSED] - setText(findTestObject("RecAndPlayBk/Page-Vlink-Debit/input_Account Type"), acType): Text '' is set on object 'Object Repository/RecAndPlayBk/Page-Vlink-Debit/input_Account Type'

2024-05-16 01:09:54 - [MESSAGE][PASSED] - Text '' is set on object 'Object Repository/RecAndPlayBk/Page-Vlink-Debit/input_Account Type'

2024-05-16 01:09:54 - [TEST_STEP][PASSED] - setText(findTestObject("RecAndPlayBk/Page-Vlink-Debit/input_Routing Number"), rtn): Text '256072691' is set on object 'Object Repository/RecAndPlayBk/Page-Vlink-Debit/input_Routing Number'

2024-05-16 01:09:54 - [MESSAGE][PASSED] - Text '256072691' is set on object 'Object Repository/RecAndPlayBk/Page-Vlink-Debit/input_Routing Number'

2024-05-16 01:09:54 - [TEST_STEP][PASSED] - setText(findTestObject("RecAndPlayBk/Page-Vlink-Debit/input_Amount"), amount): Text '12.50' is set on object 'Object Repository/RecAndPlayBk/Page-Vlink-Debit/input_Amount'

2024-05-16 01:09:55 - [MESSAGE][PASSED] - Text '12.50' is set on object 'Object Repository/RecAndPlayBk/Page-Vlink-Debit/input_Amount'

2024-05-16 01:09:55 - [TEST_STEP][PASSED] - setText(findTestObject("RecAndPlayBk/Page-Vlink-Debit/input_Check Email"), ""): Text '' is set on object 'Object Repository/RecAndPlayBk/Page-Vlink-Debit/input_Check Email'

2024-05-16 01:09:56 - [MESSAGE][PASSED] - Text '' is set on object 'Object Repository/RecAndPlayBk/Page-Vlink-Debit/input_Check Email'

2024-05-16 01:09:56 - [TEST_STEP][PASSED] - setText(findTestObject("Object Repository/RecAndPlayBk/Page-Vlink-Debit/input_concat(CheckWriter, , s SSN)_check_ssn"), ""): Text '' is set on object 'Object Repository/RecAndPlayBk/Page-Vlink-Debit/input_concat(CheckWriter, , s SSN)_check_ssn'

2024-05-16 01:09:56 - [MESSAGE][PASSED] - Text '' is set on object 'Object Repository/RecAndPlayBk/Page-Vlink-Debit/input_concat(CheckWriter, , s SSN)_check_ssn'

2024-05-16 01:09:56 - [TEST_STEP][PASSED] - setText(findTestObject("Object Repository/RecAndPlayBk/Page-Vlink-Debit/input_concat(CheckWriter, , s License Numbe_020fef"), ""): Text '' is set on object 'Object Repository/RecAndPlayBk/Page-Vlink-Debit/input_concat(CheckWriter, , s License Numbe_020fef'

2024-05-16 01:09:57 - [MESSAGE][PASSED] - Text '' is set on object 'Object Repository/RecAndPlayBk/Page-Vlink-Debit/input_concat(CheckWriter, , s License Numbe_020fef'

2024-05-16 01:09:57 - [TEST_STEP][PASSED] - setText(findTestObject("Object Repository/RecAndPlayBk/Page-Vlink-Debit/input_concat(CheckWriter, , s License State_21e3e7"), ""): Text '' is set on object 'Object Repository/RecAndPlayBk/Page-Vlink-Debit/input_concat(CheckWriter, , s License State_21e3e7'

2024-05-16 01:09:58 - [MESSAGE][PASSED] - Text '' is set on object 'Object Repository/RecAndPlayBk/Page-Vlink-Debit/input_concat(CheckWriter, , s License State_21e3e7'

2024-05-16 01:09:58 - [TEST_STEP][PASSED] - setText(findTestObject("RecAndPlayBk/Page-Vlink-Debit/input_Standard Entry Class"), sec): Text 'CCD' is set on object 'Object Repository/RecAndPlayBk/Page-Vlink-Debit/input_Standard Entry Class'

2024-05-16 01:09:58 - [MESSAGE][PASSED] - Text 'CCD' is set on object 'Object Repository/RecAndPlayBk/Page-Vlink-Debit/input_Standard Entry Class'

2024-05-16 01:09:58 - [TEST_STEP][PASSED] - click(findTestObject("Object Repository/RecAndPlayBk/Page-Vlink-Debit/input")): Object: 'Object Repository/RecAndPlayBk/Page-Vlink-Debit/input' is clicked on

2024-05-16 01:09:59 - [MESSAGE][PASSED] - Object: 'Object Repository/RecAndPlayBk/Page-Vlink-Debit/input' is clicked on

2024-05-16 01:09:59 - [TEST_STEP][PASSED] - if (verifyTextPresent("Transaction approved, no errors", true)): null

2024-05-16 01:10:00 - [MESSAGE][PASSED] - Text 'Transaction approved, no errors' is present on page  using regular expression

2024-05-16 01:10:00 - [TEST_STEP][PASSED] - println("Transaction Approved, no errors text is present on the Confirmation page"): null

2024-05-16 01:10:00 - [TEST_STEP][PASSED] - sdfo = getText(findTestObject("Object Repository/Page_VLinkReceipt/pre_STX")): Text of object 'Object Repository/Page_VLinkReceipt/pre_STX' is: '<STX>34401|41448|85219             12151776            0  Transaction approved, no errors                   0                                                                                                              <ETX>'

2024-05-16 01:10:00 - [MESSAGE][PASSED] - Text of object 'Object Repository/Page_VLinkReceipt/pre_STX' is: '<STX>34401|41448|85219             12151776            0  Transaction approved, no errors                   0                                                                                                              <ETX>'

2024-05-16 01:10:00 - [TEST_STEP][PASSED] - out.println("sdfo: " + sdfo): null

2024-05-16 01:10:00 - [TEST_STEP][PASSED] - remID = substring(5, 35).trim(): null

2024-05-16 01:10:00 - [TEST_STEP][PASSED] - out.println("remID: " + remID): null

2024-05-16 01:10:00 - [TEST_STEP][PASSED] - traxID = substring(35, 55).trim(): null

2024-05-16 01:10:00 - [TEST_STEP][PASSED] - out.println("traxID: " + traxID): null

2024-05-16 01:10:00 - [TEST_STEP][PASSED] - VLinkSaleRemID = remID: null

2024-05-16 01:10:00 - [TEST_STEP][PASSED] - VLinkSaleTranxID = traxID: null

2024-05-16 01:10:00 - [TEST_STEP][PASSED] - openBrowser(VLinkURL + "ACH_void.html"): Browser is opened with url: 'https://dev-algorithm.govolution.com/vlinktest/QA2/version_2_0/ACH_void.html'

2024-05-16 01:10:00 - [MESSAGE][WARNING] - A browser is already opened. Closing browser and opening a new one

2024-05-16 01:10:01 - [MESSAGE][INFO] - Starting 'Chrome' driver

2024-05-16 01:10:01 - [MESSAGE][INFO] - User set preference: ['acceptInsecureCerts', 'true']

2024-05-16 01:10:01 - [MESSAGE][INFO] - Action delay is set to 0 milliseconds

2024-05-16 01:10:03 - [MESSAGE][PASSED] - Browser is opened with url: 'https://dev-algorithm.govolution.com/vlinktest/QA2/version_2_0/ACH_void.html'

2024-05-16 01:10:03 - [TEST_STEP][PASSED] - maximizeWindow(): Current window maximized

2024-05-16 01:10:04 - [MESSAGE][PASSED] - Current window maximized

2024-05-16 01:10:04 - [TEST_STEP][PASSED] - setText(findTestObject("Object Repository/RecAndPlayBk/Page-Vlink-ACH-Void/input_Remittance Id"), VLinkSaleRemID): Text '34401|41448|85219' is set on object 'Object Repository/RecAndPlayBk/Page-Vlink-ACH-Void/input_Remittance Id'

2024-05-16 01:10:04 - [MESSAGE][PASSED] - Text '34401|41448|85219' is set on object 'Object Repository/RecAndPlayBk/Page-Vlink-ACH-Void/input_Remittance Id'

2024-05-16 01:10:04 - [TEST_STEP][PASSED] - setText(findTestObject("Object Repository/RecAndPlayBk/Page-Vlink-ACH-Void/input_Application Id"), appID): Text '234' is set on object 'Object Repository/RecAndPlayBk/Page-Vlink-ACH-Void/input_Application Id'

2024-05-16 01:10:05 - [MESSAGE][PASSED] - Text '234' is set on object 'Object Repository/RecAndPlayBk/Page-Vlink-ACH-Void/input_Application Id'

2024-05-16 01:10:05 - [TEST_STEP][PASSED] - setText(findTestObject("Object Repository/RecAndPlayBk/Page-Vlink-ACH-Void/input_Username"), username): Text 'username' is set on object 'Object Repository/RecAndPlayBk/Page-Vlink-ACH-Void/input_Username'

2024-05-16 01:10:06 - [MESSAGE][PASSED] - Text 'username' is set on object 'Object Repository/RecAndPlayBk/Page-Vlink-ACH-Void/input_Username'

2024-05-16 01:10:06 - [TEST_STEP][PASSED] - setText(findTestObject("Object Repository/RecAndPlayBk/Page-Vlink-ACH-Void/input_Password"), password): Text 'password' is set on object 'Object Repository/RecAndPlayBk/Page-Vlink-ACH-Void/input_Password'

2024-05-16 01:10:06 - [MESSAGE][PASSED] - Text 'password' is set on object 'Object Repository/RecAndPlayBk/Page-Vlink-ACH-Void/input_Password'

2024-05-16 01:10:06 - [TEST_STEP][PASSED] - setText(findTestObject("Object Repository/RecAndPlayBk/Page-Vlink-ACH-Void/input_Check Type"), checkType): Text 'C' is set on object 'Object Repository/RecAndPlayBk/Page-Vlink-ACH-Void/input_Check Type'

2024-05-16 01:10:07 - [MESSAGE][PASSED] - Text 'C' is set on object 'Object Repository/RecAndPlayBk/Page-Vlink-ACH-Void/input_Check Type'

2024-05-16 01:10:07 - [TEST_STEP][PASSED] - setText(findTestObject("Object Repository/RecAndPlayBk/Page-Vlink-ACH-Void/input_Standard Entry Class"), sec): Text 'CCD' is set on object 'Object Repository/RecAndPlayBk/Page-Vlink-ACH-Void/input_Standard Entry Class'

2024-05-16 01:10:08 - [MESSAGE][PASSED] - Text 'CCD' is set on object 'Object Repository/RecAndPlayBk/Page-Vlink-ACH-Void/input_Standard Entry Class'

2024-05-16 01:10:08 - [TEST_STEP][PASSED] - setText(findTestObject("Object Repository/RecAndPlayBk/Page-Vlink-ACH-Void/input_Transaction ID"), VLinkSaleTranxID): Text '12151776' is set on object 'Object Repository/RecAndPlayBk/Page-Vlink-ACH-Void/input_Transaction ID'

2024-05-16 01:10:08 - [MESSAGE][PASSED] - Text '12151776' is set on object 'Object Repository/RecAndPlayBk/Page-Vlink-ACH-Void/input_Transaction ID'

2024-05-16 01:10:08 - [TEST_STEP][PASSED] - setText(findTestObject("Object Repository/RecAndPlayBk/Page-Vlink-ACH-Void/input_Original Transaction Type"), "200"): Text '200' is set on object 'Object Repository/RecAndPlayBk/Page-Vlink-ACH-Void/input_Original Transaction Type'

2024-05-16 01:10:09 - [MESSAGE][PASSED] - Text '200' is set on object 'Object Repository/RecAndPlayBk/Page-Vlink-ACH-Void/input_Original Transaction Type'

2024-05-16 01:10:09 - [TEST_STEP][PASSED] - click(findTestObject("Object Repository/RecAndPlayBk/Page-Vlink-ACH-Void/input")): Object: 'Object Repository/RecAndPlayBk/Page-Vlink-ACH-Void/input' is clicked on

2024-05-16 01:10:10 - [MESSAGE][PASSED] - Object: 'Object Repository/RecAndPlayBk/Page-Vlink-ACH-Void/input' is clicked on

2024-05-16 01:10:10 - [TEST_STEP][PASSED] - if (verifyTextPresent("Transaction approved, no errors", true)): null

2024-05-16 01:10:10 - [MESSAGE][PASSED] - Text 'Transaction approved, no errors' is present on page  using regular expression

2024-05-16 01:10:10 - [TEST_STEP][PASSED] - println("Transaction Approved, no errors text is present on the Confirmation page"): null

2024-05-16 01:10:10 - [TEST_STEP][PASSED] - out.println("Pass Record Number: " + row): null

2024-05-16 01:10:10 - [TEST_STEP][PASSED] - resText = "Pass": null

2024-05-16 01:10:10 - [TEST_STEP][PASSED] - pages.WriteExcel.demoKey(resText, datText, resColumn, datCloumn, fileLoc, nameSheet, row): pages.WriteExcel.demoKey is PASSED

2024-05-16 01:10:10 - [MESSAGE][PASSED] - pages.WriteExcel.demoKey is PASSED]]></system-out>
         <system-err><![CDATA[]]></system-err>
      </testcase>
      <testcase name="Test Cases/RecAndPlayBk/VLink/Auth-CardNotAccepted-Error" time="48.421" classname="Test Cases/RecAndPlayBk/VLink/Auth-CardNotAccepted-Error" status="PASSED">
         <system-out><![CDATA[2024-05-16 01:10:10 - [TEST_CASE][PASSED] - Test Cases/RecAndPlayBk/VLink/Auth-CardNotAccepted-Error: Test Cases/RecAndPlayBk/VLink/Auth-CardNotAccepted-Error

2024-05-16 01:10:11 - [TEST_STEP][PASSED] - executionProfile = getExecutionProfile(): null

2024-05-16 01:10:11 - [TEST_STEP][PASSED] - out.println("executionProfile : " + executionProfile): null

2024-05-16 01:10:11 - [TEST_STEP][PASSED] - appName = <not implemented yet for class: org.codehaus.groovy.ast.expr.EmptyExpression>: null

2024-05-16 01:10:11 - [TEST_STEP][PASSED] - appID = <not implemented yet for class: org.codehaus.groovy.ast.expr.EmptyExpression>: null

2024-05-16 01:10:11 - [TEST_STEP][PASSED] - username = <not implemented yet for class: org.codehaus.groovy.ast.expr.EmptyExpression>: null

2024-05-16 01:10:11 - [TEST_STEP][PASSED] - password = <not implemented yet for class: org.codehaus.groovy.ast.expr.EmptyExpression>: null

2024-05-16 01:10:11 - [TEST_STEP][PASSED] - cardNameV = <not implemented yet for class: org.codehaus.groovy.ast.expr.EmptyExpression>: null

2024-05-16 01:10:11 - [TEST_STEP][PASSED] - al1V = <not implemented yet for class: org.codehaus.groovy.ast.expr.EmptyExpression>: null

2024-05-16 01:10:11 - [TEST_STEP][PASSED] - al2V = <not implemented yet for class: org.codehaus.groovy.ast.expr.EmptyExpression>: null

2024-05-16 01:10:11 - [TEST_STEP][PASSED] - zipV = <not implemented yet for class: org.codehaus.groovy.ast.expr.EmptyExpression>: null

2024-05-16 01:10:11 - [TEST_STEP][PASSED] - cardTypeV = <not implemented yet for class: org.codehaus.groovy.ast.expr.EmptyExpression>: null

2024-05-16 01:10:11 - [TEST_STEP][PASSED] - last4V = <not implemented yet for class: org.codehaus.groovy.ast.expr.EmptyExpression>: null

2024-05-16 01:10:11 - [TEST_STEP][PASSED] - resText = "Fail": null

2024-05-16 01:10:11 - [TEST_STEP][PASSED] - resColumn = "Result": null

2024-05-16 01:10:11 - [TEST_STEP][PASSED] - datCloumn = "Date": null

2024-05-16 01:10:11 - [TEST_STEP][PASSED] - fileLoc = "KatalonData/VLinkSmokeData.xlsx": null

2024-05-16 01:10:11 - [TEST_STEP][PASSED] - numOfRows = <not implemented yet for class: org.codehaus.groovy.ast.expr.EmptyExpression>: null

2024-05-16 01:10:11 - [TEST_STEP][PASSED] - dataFile = <not implemented yet for class: org.codehaus.groovy.ast.expr.EmptyExpression>: null

2024-05-16 01:10:11 - [TEST_STEP][PASSED] - nameSheet = <not implemented yet for class: org.codehaus.groovy.ast.expr.EmptyExpression>: null

2024-05-16 01:10:11 - [TEST_STEP][PASSED] - nameSheet = "Auth-CardNotAccepted": null

2024-05-16 01:10:11 - [TEST_STEP][PASSED] - numOfRows = findTestData("QA/VLinkTestData/VLinkAuthCardNotAcceptedData").getRowNumbers(): null

2024-05-16 01:10:11 - [TEST_STEP][PASSED] - println("Number of Records: " + numOfRows): null

2024-05-16 01:10:11 - [TEST_STEP][PASSED] - dataFile = "QA/VLinkTestData/VLinkAuthCardNotAcceptedData": null

2024-05-16 01:10:11 - [TEST_STEP][PASSED] - for ([row = 1, row <= numOfRows, (row++)]): null

2024-05-16 01:10:11 - [TEST_STEP][PASSED] - ExecuteTC = findTestData(dataFile).getValue("Execute", row): null

2024-05-16 01:10:11 - [TEST_STEP][PASSED] - out.println("Value of Execute is : " + ExecuteTC): null

2024-05-16 01:10:11 - [TEST_STEP][PASSED] - switch (executionProfile): null

2024-05-16 01:10:11 - [TEST_STEP][PASSED] - case "QA2Profile":: null

2024-05-16 01:10:11 - [TEST_STEP][PASSED] - appID = findTestData(dataFile).getValue("AppIDQA", row): null

2024-05-16 01:10:11 - [TEST_STEP][PASSED] - username = findTestData(dataFile).getValue("UsernameQA", row): null

2024-05-16 01:10:11 - [TEST_STEP][PASSED] - password = findTestData(dataFile).getValue("PasswordQA", row): null

2024-05-16 01:10:11 - [TEST_STEP][PASSED] - break: null

2024-05-16 01:10:11 - [TEST_STEP][PASSED] - if (ExecuteTC.equalsIgnoreCase("Y")): null

2024-05-16 01:10:11 - [TEST_STEP][PASSED] - out.println("Begin Record Number: " + row): null

2024-05-16 01:10:11 - [TEST_STEP][PASSED] - today = new java.util.Date(): null

2024-05-16 01:10:11 - [TEST_STEP][PASSED] - println(today): null

2024-05-16 01:10:11 - [TEST_STEP][PASSED] - datText = today: null

2024-05-16 01:10:11 - [TEST_STEP][PASSED] - category = findTestData(dataFile).getValue("Category", row): null

2024-05-16 01:10:11 - [TEST_STEP][PASSED] - amount = findTestData(dataFile).getValue("Amount", row): null

2024-05-16 01:10:11 - [TEST_STEP][PASSED] - cardNumber = findTestData(dataFile).getValue("CardNumber", row): null

2024-05-16 01:10:12 - [TEST_STEP][PASSED] - exM = findTestData(dataFile).getValue("ExM", row): null

2024-05-16 01:10:12 - [TEST_STEP][PASSED] - exY = findTestData(dataFile).getValue("ExY", row): null

2024-05-16 01:10:12 - [TEST_STEP][PASSED] - openBrowser(VLinkURL + "auth.html"): Browser is opened with url: 'https://dev-algorithm.govolution.com/vlinktest/QA2/version_2_0/auth.html'

2024-05-16 01:10:12 - [MESSAGE][WARNING] - A browser is already opened. Closing browser and opening a new one

2024-05-16 01:10:13 - [MESSAGE][INFO] - Starting 'Chrome' driver

2024-05-16 01:10:13 - [MESSAGE][INFO] - User set preference: ['acceptInsecureCerts', 'true']

2024-05-16 01:10:13 - [MESSAGE][INFO] - Action delay is set to 0 milliseconds

2024-05-16 01:10:15 - [MESSAGE][PASSED] - Browser is opened with url: 'https://dev-algorithm.govolution.com/vlinktest/QA2/version_2_0/auth.html'

2024-05-16 01:10:15 - [TEST_STEP][PASSED] - maximizeWindow(): Current window maximized

2024-05-16 01:10:16 - [MESSAGE][PASSED] - Current window maximized

2024-05-16 01:10:16 - [TEST_STEP][PASSED] - maximizeWindow(): Current window maximized

2024-05-16 01:10:16 - [MESSAGE][PASSED] - Current window maximized

2024-05-16 01:10:16 - [TEST_STEP][PASSED] - genRemID = RandomStringUtils.random(12, true, true): null

2024-05-16 01:10:16 - [TEST_STEP][PASSED] - setText(findTestObject("Object Repository/VLink/Page_CCSale/txt_RemID"), genRemID): Text 'aZ7ru9TrsKV7' is set on object 'Object Repository/VLink/Page_CCSale/txt_RemID'

2024-05-16 01:10:16 - [MESSAGE][PASSED] - Text 'aZ7ru9TrsKV7' is set on object 'Object Repository/VLink/Page_CCSale/txt_RemID'

2024-05-16 01:10:16 - [TEST_STEP][PASSED] - setText(findTestObject("Object Repository/RecAndPlayBk/Page-Vlink-AuthOnly/input_Remittance Id_remittance_id"), genRemID): Text 'aZ7ru9TrsKV7' is set on object 'Object Repository/RecAndPlayBk/Page-Vlink-AuthOnly/input_Remittance Id_remittance_id'

2024-05-16 01:10:17 - [MESSAGE][PASSED] - Text 'aZ7ru9TrsKV7' is set on object 'Object Repository/RecAndPlayBk/Page-Vlink-AuthOnly/input_Remittance Id_remittance_id'

2024-05-16 01:10:17 - [TEST_STEP][PASSED] - setText(findTestObject("Object Repository/RecAndPlayBk/Page-Vlink-AuthOnly/input_Application Id_application_id"), appID): Text '656' is set on object 'Object Repository/RecAndPlayBk/Page-Vlink-AuthOnly/input_Application Id_application_id'

2024-05-16 01:10:18 - [MESSAGE][PASSED] - Text '656' is set on object 'Object Repository/RecAndPlayBk/Page-Vlink-AuthOnly/input_Application Id_application_id'

2024-05-16 01:10:18 - [TEST_STEP][PASSED] - setText(findTestObject("Object Repository/RecAndPlayBk/Page-Vlink-AuthOnly/input_Username_username"), username): Text 'username' is set on object 'Object Repository/RecAndPlayBk/Page-Vlink-AuthOnly/input_Username_username'

2024-05-16 01:10:18 - [MESSAGE][PASSED] - Text 'username' is set on object 'Object Repository/RecAndPlayBk/Page-Vlink-AuthOnly/input_Username_username'

2024-05-16 01:10:18 - [TEST_STEP][PASSED] - setText(findTestObject("Object Repository/RecAndPlayBk/Page-Vlink-AuthOnly/input_Password_password"), password): Text 'password' is set on object 'Object Repository/RecAndPlayBk/Page-Vlink-AuthOnly/input_Password_password'

2024-05-16 01:10:19 - [MESSAGE][PASSED] - Text 'password' is set on object 'Object Repository/RecAndPlayBk/Page-Vlink-AuthOnly/input_Password_password'

2024-05-16 01:10:19 - [TEST_STEP][PASSED] - setText(findTestObject("Object Repository/RecAndPlayBk/Page-Vlink-AuthOnly/input_Category_category"), category): Text 'ECOM' is set on object 'Object Repository/RecAndPlayBk/Page-Vlink-AuthOnly/input_Category_category'

2024-05-16 01:10:20 - [MESSAGE][PASSED] - Text 'ECOM' is set on object 'Object Repository/RecAndPlayBk/Page-Vlink-AuthOnly/input_Category_category'

2024-05-16 01:10:20 - [TEST_STEP][PASSED] - setText(findTestObject("Object Repository/RecAndPlayBk/Page-Vlink-AuthOnly/input_Amount_amount"), amount): Text '10.5' is set on object 'Object Repository/RecAndPlayBk/Page-Vlink-AuthOnly/input_Amount_amount'

2024-05-16 01:10:20 - [MESSAGE][PASSED] - Text '10.5' is set on object 'Object Repository/RecAndPlayBk/Page-Vlink-AuthOnly/input_Amount_amount'

2024-05-16 01:10:20 - [TEST_STEP][PASSED] - doubleClick(findTestObject("Object Repository/RecAndPlayBk/Page-Vlink-AuthOnly/input_Card number_card_number")): Object: 'Object Repository/RecAndPlayBk/Page-Vlink-AuthOnly/input_Card number_card_number' is double clicked on

2024-05-16 01:10:21 - [MESSAGE][PASSED] - Object: 'Object Repository/RecAndPlayBk/Page-Vlink-AuthOnly/input_Card number_card_number' is double clicked on

2024-05-16 01:10:21 - [TEST_STEP][PASSED] - setText(findTestObject("Object Repository/RecAndPlayBk/Page-Vlink-AuthOnly/input_Card number_card_number"), cardNumber): Text '374245002771003' is set on object 'Object Repository/RecAndPlayBk/Page-Vlink-AuthOnly/input_Card number_card_number'

2024-05-16 01:10:21 - [MESSAGE][PASSED] - Text '374245002771003' is set on object 'Object Repository/RecAndPlayBk/Page-Vlink-AuthOnly/input_Card number_card_number'

2024-05-16 01:10:21 - [TEST_STEP][PASSED] - setText(findTestObject("Object Repository/RecAndPlayBk/Page-Vlink-AuthOnly/input_Card ex month_card_exmo"), exM): Text '12' is set on object 'Object Repository/RecAndPlayBk/Page-Vlink-AuthOnly/input_Card ex month_card_exmo'

2024-05-16 01:10:22 - [MESSAGE][PASSED] - Text '12' is set on object 'Object Repository/RecAndPlayBk/Page-Vlink-AuthOnly/input_Card ex month_card_exmo'

2024-05-16 01:10:22 - [TEST_STEP][PASSED] - setText(findTestObject("Object Repository/RecAndPlayBk/Page-Vlink-AuthOnly/input_Card ex year_card_exyr"), exY): Text '2029' is set on object 'Object Repository/RecAndPlayBk/Page-Vlink-AuthOnly/input_Card ex year_card_exyr'

2024-05-16 01:10:23 - [MESSAGE][PASSED] - Text '2029' is set on object 'Object Repository/RecAndPlayBk/Page-Vlink-AuthOnly/input_Card ex year_card_exyr'

2024-05-16 01:10:23 - [TEST_STEP][PASSED] - click(findTestObject("Object Repository/RecAndPlayBk/Page-Vlink-AuthOnly/input_Track Data_track_data")): Object: 'Object Repository/RecAndPlayBk/Page-Vlink-AuthOnly/input_Track Data_track_data' is clicked on

2024-05-16 01:10:23 - [MESSAGE][PASSED] - Object: 'Object Repository/RecAndPlayBk/Page-Vlink-AuthOnly/input_Track Data_track_data' is clicked on

2024-05-16 01:10:23 - [TEST_STEP][PASSED] - click(findTestObject("Object Repository/RecAndPlayBk/Page-Vlink-AuthOnly/input_CVV state_cvv_state")): Object: 'Object Repository/RecAndPlayBk/Page-Vlink-AuthOnly/input_CVV state_cvv_state' is clicked on

2024-05-16 01:10:23 - [MESSAGE][PASSED] - Object: 'Object Repository/RecAndPlayBk/Page-Vlink-AuthOnly/input_CVV state_cvv_state' is clicked on

2024-05-16 01:10:23 - [TEST_STEP][PASSED] - setText(findTestObject("Object Repository/RecAndPlayBk/Page-Vlink-AuthOnly/input_Track Data_track_data"), ""): Text '' is set on object 'Object Repository/RecAndPlayBk/Page-Vlink-AuthOnly/input_Track Data_track_data'

2024-05-16 01:10:24 - [MESSAGE][PASSED] - Text '' is set on object 'Object Repository/RecAndPlayBk/Page-Vlink-AuthOnly/input_Track Data_track_data'

2024-05-16 01:10:24 - [TEST_STEP][PASSED] - setText(findTestObject("Object Repository/RecAndPlayBk/Page-Vlink-AuthOnly/input_concat(Cardholder, , s email)_email"), ""): Text '' is set on object 'Object Repository/RecAndPlayBk/Page-Vlink-AuthOnly/input_concat(Cardholder, , s email)_email'

2024-05-16 01:10:25 - [MESSAGE][PASSED] - Text '' is set on object 'Object Repository/RecAndPlayBk/Page-Vlink-AuthOnly/input_concat(Cardholder, , s email)_email'

2024-05-16 01:10:25 - [TEST_STEP][PASSED] - click(findTestObject("Object Repository/RecAndPlayBk/Page-Vlink-AuthOnly/input_user_defined10_user_defined10")): Object: 'Object Repository/RecAndPlayBk/Page-Vlink-AuthOnly/input_user_defined10_user_defined10' is clicked on

2024-05-16 01:10:25 - [MESSAGE][PASSED] - Object: 'Object Repository/RecAndPlayBk/Page-Vlink-AuthOnly/input_user_defined10_user_defined10' is clicked on

2024-05-16 01:10:25 - [TEST_STEP][PASSED] - if (executionProfile.equalsIgnoreCase("QAProfile")): null

2024-05-16 01:10:25 - [TEST_STEP][PASSED] - click(findTestObject("Object Repository/RecAndPlayBk/Page-Vlink-AuthOnly/input")): Object: 'Object Repository/RecAndPlayBk/Page-Vlink-AuthOnly/input' is clicked on

2024-05-16 01:10:27 - [MESSAGE][PASSED] - Object: 'Object Repository/RecAndPlayBk/Page-Vlink-AuthOnly/input' is clicked on

2024-05-16 01:10:27 - [TEST_STEP][PASSED] - if (verifyTextPresent("Card type not valid", true)): null

2024-05-16 01:10:27 - [MESSAGE][PASSED] - Text 'Card type not valid' is present on page  using regular expression

2024-05-16 01:10:27 - [TEST_STEP][PASSED] - println("Card type not valid text is present on the Confirmation page"): null

2024-05-16 01:10:27 - [TEST_STEP][PASSED] - out.println("Pass Record Number: " + row): null

2024-05-16 01:10:27 - [TEST_STEP][PASSED] - resText = "Pass": null

2024-05-16 01:10:27 - [TEST_STEP][PASSED] - pages.WriteExcel.demoKey(resText, datText, resColumn, datCloumn, fileLoc, nameSheet, row): pages.WriteExcel.demoKey is PASSED

2024-05-16 01:10:27 - [MESSAGE][PASSED] - pages.WriteExcel.demoKey is PASSED

2024-05-16 01:10:27 - [TEST_STEP][PASSED] - ExecuteTC = findTestData(dataFile).getValue("Execute", row): null

2024-05-16 01:10:27 - [TEST_STEP][PASSED] - out.println("Value of Execute is : " + ExecuteTC): null

2024-05-16 01:10:27 - [TEST_STEP][PASSED] - switch (executionProfile): null

2024-05-16 01:10:27 - [TEST_STEP][PASSED] - case "QA2Profile":: null

2024-05-16 01:10:27 - [TEST_STEP][PASSED] - appID = findTestData(dataFile).getValue("AppIDQA", row): null

2024-05-16 01:10:27 - [TEST_STEP][PASSED] - username = findTestData(dataFile).getValue("UsernameQA", row): null

2024-05-16 01:10:27 - [TEST_STEP][PASSED] - password = findTestData(dataFile).getValue("PasswordQA", row): null

2024-05-16 01:10:27 - [TEST_STEP][PASSED] - break: null

2024-05-16 01:10:27 - [TEST_STEP][PASSED] - if (ExecuteTC.equalsIgnoreCase("Y")): null

2024-05-16 01:10:27 - [TEST_STEP][PASSED] - out.println("Begin Record Number: " + row): null

2024-05-16 01:10:27 - [TEST_STEP][PASSED] - today = new java.util.Date(): null

2024-05-16 01:10:27 - [TEST_STEP][PASSED] - println(today): null

2024-05-16 01:10:27 - [TEST_STEP][PASSED] - datText = today: null

2024-05-16 01:10:27 - [TEST_STEP][PASSED] - category = findTestData(dataFile).getValue("Category", row): null

2024-05-16 01:10:28 - [TEST_STEP][PASSED] - amount = findTestData(dataFile).getValue("Amount", row): null

2024-05-16 01:10:28 - [TEST_STEP][PASSED] - cardNumber = findTestData(dataFile).getValue("CardNumber", row): null

2024-05-16 01:10:28 - [TEST_STEP][PASSED] - exM = findTestData(dataFile).getValue("ExM", row): null

2024-05-16 01:10:28 - [TEST_STEP][PASSED] - exY = findTestData(dataFile).getValue("ExY", row): null

2024-05-16 01:10:28 - [TEST_STEP][PASSED] - openBrowser(VLinkURL + "auth.html"): Browser is opened with url: 'https://dev-algorithm.govolution.com/vlinktest/QA2/version_2_0/auth.html'

2024-05-16 01:10:28 - [MESSAGE][WARNING] - A browser is already opened. Closing browser and opening a new one

2024-05-16 01:10:29 - [MESSAGE][INFO] - Starting 'Chrome' driver

2024-05-16 01:10:29 - [MESSAGE][INFO] - User set preference: ['acceptInsecureCerts', 'true']

2024-05-16 01:10:29 - [MESSAGE][INFO] - Action delay is set to 0 milliseconds

2024-05-16 01:10:31 - [MESSAGE][PASSED] - Browser is opened with url: 'https://dev-algorithm.govolution.com/vlinktest/QA2/version_2_0/auth.html'

2024-05-16 01:10:31 - [TEST_STEP][PASSED] - maximizeWindow(): Current window maximized

2024-05-16 01:10:32 - [MESSAGE][PASSED] - Current window maximized

2024-05-16 01:10:32 - [TEST_STEP][PASSED] - maximizeWindow(): Current window maximized

2024-05-16 01:10:32 - [MESSAGE][PASSED] - Current window maximized

2024-05-16 01:10:32 - [TEST_STEP][PASSED] - genRemID = RandomStringUtils.random(12, true, true): null

2024-05-16 01:10:32 - [TEST_STEP][PASSED] - setText(findTestObject("Object Repository/VLink/Page_CCSale/txt_RemID"), genRemID): Text 'hWF0SiIebaeV' is set on object 'Object Repository/VLink/Page_CCSale/txt_RemID'

2024-05-16 01:10:32 - [MESSAGE][PASSED] - Text 'hWF0SiIebaeV' is set on object 'Object Repository/VLink/Page_CCSale/txt_RemID'

2024-05-16 01:10:32 - [TEST_STEP][PASSED] - setText(findTestObject("Object Repository/RecAndPlayBk/Page-Vlink-AuthOnly/input_Remittance Id_remittance_id"), genRemID): Text 'hWF0SiIebaeV' is set on object 'Object Repository/RecAndPlayBk/Page-Vlink-AuthOnly/input_Remittance Id_remittance_id'

2024-05-16 01:10:33 - [MESSAGE][PASSED] - Text 'hWF0SiIebaeV' is set on object 'Object Repository/RecAndPlayBk/Page-Vlink-AuthOnly/input_Remittance Id_remittance_id'

2024-05-16 01:10:33 - [TEST_STEP][PASSED] - setText(findTestObject("Object Repository/RecAndPlayBk/Page-Vlink-AuthOnly/input_Application Id_application_id"), appID): Text '656' is set on object 'Object Repository/RecAndPlayBk/Page-Vlink-AuthOnly/input_Application Id_application_id'

2024-05-16 01:10:34 - [MESSAGE][PASSED] - Text '656' is set on object 'Object Repository/RecAndPlayBk/Page-Vlink-AuthOnly/input_Application Id_application_id'

2024-05-16 01:10:34 - [TEST_STEP][PASSED] - setText(findTestObject("Object Repository/RecAndPlayBk/Page-Vlink-AuthOnly/input_Username_username"), username): Text 'username' is set on object 'Object Repository/RecAndPlayBk/Page-Vlink-AuthOnly/input_Username_username'

2024-05-16 01:10:35 - [MESSAGE][PASSED] - Text 'username' is set on object 'Object Repository/RecAndPlayBk/Page-Vlink-AuthOnly/input_Username_username'

2024-05-16 01:10:35 - [TEST_STEP][PASSED] - setText(findTestObject("Object Repository/RecAndPlayBk/Page-Vlink-AuthOnly/input_Password_password"), password): Text 'password' is set on object 'Object Repository/RecAndPlayBk/Page-Vlink-AuthOnly/input_Password_password'

2024-05-16 01:10:35 - [MESSAGE][PASSED] - Text 'password' is set on object 'Object Repository/RecAndPlayBk/Page-Vlink-AuthOnly/input_Password_password'

2024-05-16 01:10:35 - [TEST_STEP][PASSED] - setText(findTestObject("Object Repository/RecAndPlayBk/Page-Vlink-AuthOnly/input_Category_category"), category): Text 'MOTO' is set on object 'Object Repository/RecAndPlayBk/Page-Vlink-AuthOnly/input_Category_category'

2024-05-16 01:10:36 - [MESSAGE][PASSED] - Text 'MOTO' is set on object 'Object Repository/RecAndPlayBk/Page-Vlink-AuthOnly/input_Category_category'

2024-05-16 01:10:36 - [TEST_STEP][PASSED] - setText(findTestObject("Object Repository/RecAndPlayBk/Page-Vlink-AuthOnly/input_Amount_amount"), amount): Text '10.5' is set on object 'Object Repository/RecAndPlayBk/Page-Vlink-AuthOnly/input_Amount_amount'

2024-05-16 01:10:37 - [MESSAGE][PASSED] - Text '10.5' is set on object 'Object Repository/RecAndPlayBk/Page-Vlink-AuthOnly/input_Amount_amount'

2024-05-16 01:10:37 - [TEST_STEP][PASSED] - doubleClick(findTestObject("Object Repository/RecAndPlayBk/Page-Vlink-AuthOnly/input_Card number_card_number")): Object: 'Object Repository/RecAndPlayBk/Page-Vlink-AuthOnly/input_Card number_card_number' is double clicked on

2024-05-16 01:10:37 - [MESSAGE][PASSED] - Object: 'Object Repository/RecAndPlayBk/Page-Vlink-AuthOnly/input_Card number_card_number' is double clicked on

2024-05-16 01:10:37 - [TEST_STEP][PASSED] - setText(findTestObject("Object Repository/RecAndPlayBk/Page-Vlink-AuthOnly/input_Card number_card_number"), cardNumber): Text '374245002771003' is set on object 'Object Repository/RecAndPlayBk/Page-Vlink-AuthOnly/input_Card number_card_number'

2024-05-16 01:10:38 - [MESSAGE][PASSED] - Text '374245002771003' is set on object 'Object Repository/RecAndPlayBk/Page-Vlink-AuthOnly/input_Card number_card_number'

2024-05-16 01:10:38 - [TEST_STEP][PASSED] - setText(findTestObject("Object Repository/RecAndPlayBk/Page-Vlink-AuthOnly/input_Card ex month_card_exmo"), exM): Text '12' is set on object 'Object Repository/RecAndPlayBk/Page-Vlink-AuthOnly/input_Card ex month_card_exmo'

2024-05-16 01:10:38 - [MESSAGE][PASSED] - Text '12' is set on object 'Object Repository/RecAndPlayBk/Page-Vlink-AuthOnly/input_Card ex month_card_exmo'

2024-05-16 01:10:38 - [TEST_STEP][PASSED] - setText(findTestObject("Object Repository/RecAndPlayBk/Page-Vlink-AuthOnly/input_Card ex year_card_exyr"), exY): Text '2029' is set on object 'Object Repository/RecAndPlayBk/Page-Vlink-AuthOnly/input_Card ex year_card_exyr'

2024-05-16 01:10:39 - [MESSAGE][PASSED] - Text '2029' is set on object 'Object Repository/RecAndPlayBk/Page-Vlink-AuthOnly/input_Card ex year_card_exyr'

2024-05-16 01:10:39 - [TEST_STEP][PASSED] - click(findTestObject("Object Repository/RecAndPlayBk/Page-Vlink-AuthOnly/input_Track Data_track_data")): Object: 'Object Repository/RecAndPlayBk/Page-Vlink-AuthOnly/input_Track Data_track_data' is clicked on

2024-05-16 01:10:39 - [MESSAGE][PASSED] - Object: 'Object Repository/RecAndPlayBk/Page-Vlink-AuthOnly/input_Track Data_track_data' is clicked on

2024-05-16 01:10:39 - [TEST_STEP][PASSED] - click(findTestObject("Object Repository/RecAndPlayBk/Page-Vlink-AuthOnly/input_CVV state_cvv_state")): Object: 'Object Repository/RecAndPlayBk/Page-Vlink-AuthOnly/input_CVV state_cvv_state' is clicked on

2024-05-16 01:10:40 - [MESSAGE][PASSED] - Object: 'Object Repository/RecAndPlayBk/Page-Vlink-AuthOnly/input_CVV state_cvv_state' is clicked on

2024-05-16 01:10:40 - [TEST_STEP][PASSED] - setText(findTestObject("Object Repository/RecAndPlayBk/Page-Vlink-AuthOnly/input_Track Data_track_data"), ""): Text '' is set on object 'Object Repository/RecAndPlayBk/Page-Vlink-AuthOnly/input_Track Data_track_data'

2024-05-16 01:10:40 - [MESSAGE][PASSED] - Text '' is set on object 'Object Repository/RecAndPlayBk/Page-Vlink-AuthOnly/input_Track Data_track_data'

2024-05-16 01:10:40 - [TEST_STEP][PASSED] - setText(findTestObject("Object Repository/RecAndPlayBk/Page-Vlink-AuthOnly/input_concat(Cardholder, , s email)_email"), ""): Text '' is set on object 'Object Repository/RecAndPlayBk/Page-Vlink-AuthOnly/input_concat(Cardholder, , s email)_email'

2024-05-16 01:10:41 - [MESSAGE][PASSED] - Text '' is set on object 'Object Repository/RecAndPlayBk/Page-Vlink-AuthOnly/input_concat(Cardholder, , s email)_email'

2024-05-16 01:10:41 - [TEST_STEP][PASSED] - click(findTestObject("Object Repository/RecAndPlayBk/Page-Vlink-AuthOnly/input_user_defined10_user_defined10")): Object: 'Object Repository/RecAndPlayBk/Page-Vlink-AuthOnly/input_user_defined10_user_defined10' is clicked on

2024-05-16 01:10:41 - [MESSAGE][PASSED] - Object: 'Object Repository/RecAndPlayBk/Page-Vlink-AuthOnly/input_user_defined10_user_defined10' is clicked on

2024-05-16 01:10:41 - [TEST_STEP][PASSED] - if (executionProfile.equalsIgnoreCase("QAProfile")): null

2024-05-16 01:10:41 - [TEST_STEP][PASSED] - click(findTestObject("Object Repository/RecAndPlayBk/Page-Vlink-AuthOnly/input")): Object: 'Object Repository/RecAndPlayBk/Page-Vlink-AuthOnly/input' is clicked on

2024-05-16 01:10:42 - [MESSAGE][PASSED] - Object: 'Object Repository/RecAndPlayBk/Page-Vlink-AuthOnly/input' is clicked on

2024-05-16 01:10:42 - [TEST_STEP][PASSED] - if (verifyTextPresent("Card type not valid", true)): null

2024-05-16 01:10:43 - [MESSAGE][PASSED] - Text 'Card type not valid' is present on page  using regular expression

2024-05-16 01:10:43 - [TEST_STEP][PASSED] - println("Card type not valid text is present on the Confirmation page"): null

2024-05-16 01:10:43 - [TEST_STEP][PASSED] - out.println("Pass Record Number: " + row): null

2024-05-16 01:10:43 - [TEST_STEP][PASSED] - resText = "Pass": null

2024-05-16 01:10:43 - [TEST_STEP][PASSED] - pages.WriteExcel.demoKey(resText, datText, resColumn, datCloumn, fileLoc, nameSheet, row): pages.WriteExcel.demoKey is PASSED

2024-05-16 01:10:43 - [MESSAGE][PASSED] - pages.WriteExcel.demoKey is PASSED

2024-05-16 01:10:43 - [TEST_STEP][PASSED] - ExecuteTC = findTestData(dataFile).getValue("Execute", row): null

2024-05-16 01:10:43 - [TEST_STEP][PASSED] - out.println("Value of Execute is : " + ExecuteTC): null

2024-05-16 01:10:43 - [TEST_STEP][PASSED] - switch (executionProfile): null

2024-05-16 01:10:43 - [TEST_STEP][PASSED] - case "QA2Profile":: null

2024-05-16 01:10:43 - [TEST_STEP][PASSED] - appID = findTestData(dataFile).getValue("AppIDQA", row): null

2024-05-16 01:10:43 - [TEST_STEP][PASSED] - username = findTestData(dataFile).getValue("UsernameQA", row): null

2024-05-16 01:10:43 - [TEST_STEP][PASSED] - password = findTestData(dataFile).getValue("PasswordQA", row): null

2024-05-16 01:10:43 - [TEST_STEP][PASSED] - break: null

2024-05-16 01:10:43 - [TEST_STEP][PASSED] - if (ExecuteTC.equalsIgnoreCase("Y")): null

2024-05-16 01:10:43 - [TEST_STEP][PASSED] - out.println("Begin Record Number: " + row): null

2024-05-16 01:10:43 - [TEST_STEP][PASSED] - today = new java.util.Date(): null

2024-05-16 01:10:43 - [TEST_STEP][PASSED] - println(today): null

2024-05-16 01:10:43 - [TEST_STEP][PASSED] - datText = today: null

2024-05-16 01:10:43 - [TEST_STEP][PASSED] - category = findTestData(dataFile).getValue("Category", row): null

2024-05-16 01:10:43 - [TEST_STEP][PASSED] - amount = findTestData(dataFile).getValue("Amount", row): null

2024-05-16 01:10:44 - [TEST_STEP][PASSED] - cardNumber = findTestData(dataFile).getValue("CardNumber", row): null

2024-05-16 01:10:44 - [TEST_STEP][PASSED] - exM = findTestData(dataFile).getValue("ExM", row): null

2024-05-16 01:10:44 - [TEST_STEP][PASSED] - exY = findTestData(dataFile).getValue("ExY", row): null

2024-05-16 01:10:44 - [TEST_STEP][PASSED] - openBrowser(VLinkURL + "auth.html"): Browser is opened with url: 'https://dev-algorithm.govolution.com/vlinktest/QA2/version_2_0/auth.html'

2024-05-16 01:10:44 - [MESSAGE][WARNING] - A browser is already opened. Closing browser and opening a new one

2024-05-16 01:10:45 - [MESSAGE][INFO] - Starting 'Chrome' driver

2024-05-16 01:10:45 - [MESSAGE][INFO] - User set preference: ['acceptInsecureCerts', 'true']

2024-05-16 01:10:45 - [MESSAGE][INFO] - Action delay is set to 0 milliseconds

2024-05-16 01:10:47 - [MESSAGE][PASSED] - Browser is opened with url: 'https://dev-algorithm.govolution.com/vlinktest/QA2/version_2_0/auth.html'

2024-05-16 01:10:47 - [TEST_STEP][PASSED] - maximizeWindow(): Current window maximized

2024-05-16 01:10:48 - [MESSAGE][PASSED] - Current window maximized

2024-05-16 01:10:48 - [TEST_STEP][PASSED] - maximizeWindow(): Current window maximized

2024-05-16 01:10:48 - [MESSAGE][PASSED] - Current window maximized

2024-05-16 01:10:48 - [TEST_STEP][PASSED] - genRemID = RandomStringUtils.random(12, true, true): null

2024-05-16 01:10:48 - [TEST_STEP][PASSED] - setText(findTestObject("Object Repository/VLink/Page_CCSale/txt_RemID"), genRemID): Text 'PlAlTF6TQ4yf' is set on object 'Object Repository/VLink/Page_CCSale/txt_RemID'

2024-05-16 01:10:48 - [MESSAGE][PASSED] - Text 'PlAlTF6TQ4yf' is set on object 'Object Repository/VLink/Page_CCSale/txt_RemID'

2024-05-16 01:10:48 - [TEST_STEP][PASSED] - setText(findTestObject("Object Repository/RecAndPlayBk/Page-Vlink-AuthOnly/input_Remittance Id_remittance_id"), genRemID): Text 'PlAlTF6TQ4yf' is set on object 'Object Repository/RecAndPlayBk/Page-Vlink-AuthOnly/input_Remittance Id_remittance_id'

2024-05-16 01:10:49 - [MESSAGE][PASSED] - Text 'PlAlTF6TQ4yf' is set on object 'Object Repository/RecAndPlayBk/Page-Vlink-AuthOnly/input_Remittance Id_remittance_id'

2024-05-16 01:10:49 - [TEST_STEP][PASSED] - setText(findTestObject("Object Repository/RecAndPlayBk/Page-Vlink-AuthOnly/input_Application Id_application_id"), appID): Text '656' is set on object 'Object Repository/RecAndPlayBk/Page-Vlink-AuthOnly/input_Application Id_application_id'

2024-05-16 01:10:50 - [MESSAGE][PASSED] - Text '656' is set on object 'Object Repository/RecAndPlayBk/Page-Vlink-AuthOnly/input_Application Id_application_id'

2024-05-16 01:10:50 - [TEST_STEP][PASSED] - setText(findTestObject("Object Repository/RecAndPlayBk/Page-Vlink-AuthOnly/input_Username_username"), username): Text 'username' is set on object 'Object Repository/RecAndPlayBk/Page-Vlink-AuthOnly/input_Username_username'

2024-05-16 01:10:50 - [MESSAGE][PASSED] - Text 'username' is set on object 'Object Repository/RecAndPlayBk/Page-Vlink-AuthOnly/input_Username_username'

2024-05-16 01:10:50 - [TEST_STEP][PASSED] - setText(findTestObject("Object Repository/RecAndPlayBk/Page-Vlink-AuthOnly/input_Password_password"), password): Text 'password' is set on object 'Object Repository/RecAndPlayBk/Page-Vlink-AuthOnly/input_Password_password'

2024-05-16 01:10:51 - [MESSAGE][PASSED] - Text 'password' is set on object 'Object Repository/RecAndPlayBk/Page-Vlink-AuthOnly/input_Password_password'

2024-05-16 01:10:51 - [TEST_STEP][PASSED] - setText(findTestObject("Object Repository/RecAndPlayBk/Page-Vlink-AuthOnly/input_Category_category"), category): Text 'RETL' is set on object 'Object Repository/RecAndPlayBk/Page-Vlink-AuthOnly/input_Category_category'

2024-05-16 01:10:52 - [MESSAGE][PASSED] - Text 'RETL' is set on object 'Object Repository/RecAndPlayBk/Page-Vlink-AuthOnly/input_Category_category'

2024-05-16 01:10:52 - [TEST_STEP][PASSED] - setText(findTestObject("Object Repository/RecAndPlayBk/Page-Vlink-AuthOnly/input_Amount_amount"), amount): Text '10.5' is set on object 'Object Repository/RecAndPlayBk/Page-Vlink-AuthOnly/input_Amount_amount'

2024-05-16 01:10:52 - [MESSAGE][PASSED] - Text '10.5' is set on object 'Object Repository/RecAndPlayBk/Page-Vlink-AuthOnly/input_Amount_amount'

2024-05-16 01:10:52 - [TEST_STEP][PASSED] - doubleClick(findTestObject("Object Repository/RecAndPlayBk/Page-Vlink-AuthOnly/input_Card number_card_number")): Object: 'Object Repository/RecAndPlayBk/Page-Vlink-AuthOnly/input_Card number_card_number' is double clicked on

2024-05-16 01:10:53 - [MESSAGE][PASSED] - Object: 'Object Repository/RecAndPlayBk/Page-Vlink-AuthOnly/input_Card number_card_number' is double clicked on

2024-05-16 01:10:53 - [TEST_STEP][PASSED] - setText(findTestObject("Object Repository/RecAndPlayBk/Page-Vlink-AuthOnly/input_Card number_card_number"), cardNumber): Text '374245002771003' is set on object 'Object Repository/RecAndPlayBk/Page-Vlink-AuthOnly/input_Card number_card_number'

2024-05-16 01:10:53 - [MESSAGE][PASSED] - Text '374245002771003' is set on object 'Object Repository/RecAndPlayBk/Page-Vlink-AuthOnly/input_Card number_card_number'

2024-05-16 01:10:53 - [TEST_STEP][PASSED] - setText(findTestObject("Object Repository/RecAndPlayBk/Page-Vlink-AuthOnly/input_Card ex month_card_exmo"), exM): Text '12' is set on object 'Object Repository/RecAndPlayBk/Page-Vlink-AuthOnly/input_Card ex month_card_exmo'

2024-05-16 01:10:54 - [MESSAGE][PASSED] - Text '12' is set on object 'Object Repository/RecAndPlayBk/Page-Vlink-AuthOnly/input_Card ex month_card_exmo'

2024-05-16 01:10:54 - [TEST_STEP][PASSED] - setText(findTestObject("Object Repository/RecAndPlayBk/Page-Vlink-AuthOnly/input_Card ex year_card_exyr"), exY): Text '2029' is set on object 'Object Repository/RecAndPlayBk/Page-Vlink-AuthOnly/input_Card ex year_card_exyr'

2024-05-16 01:10:55 - [MESSAGE][PASSED] - Text '2029' is set on object 'Object Repository/RecAndPlayBk/Page-Vlink-AuthOnly/input_Card ex year_card_exyr'

2024-05-16 01:10:55 - [TEST_STEP][PASSED] - click(findTestObject("Object Repository/RecAndPlayBk/Page-Vlink-AuthOnly/input_Track Data_track_data")): Object: 'Object Repository/RecAndPlayBk/Page-Vlink-AuthOnly/input_Track Data_track_data' is clicked on

2024-05-16 01:10:55 - [MESSAGE][PASSED] - Object: 'Object Repository/RecAndPlayBk/Page-Vlink-AuthOnly/input_Track Data_track_data' is clicked on

2024-05-16 01:10:55 - [TEST_STEP][PASSED] - click(findTestObject("Object Repository/RecAndPlayBk/Page-Vlink-AuthOnly/input_CVV state_cvv_state")): Object: 'Object Repository/RecAndPlayBk/Page-Vlink-AuthOnly/input_CVV state_cvv_state' is clicked on

2024-05-16 01:10:55 - [MESSAGE][PASSED] - Object: 'Object Repository/RecAndPlayBk/Page-Vlink-AuthOnly/input_CVV state_cvv_state' is clicked on

2024-05-16 01:10:55 - [TEST_STEP][PASSED] - setText(findTestObject("Object Repository/RecAndPlayBk/Page-Vlink-AuthOnly/input_Track Data_track_data"), ""): Text '' is set on object 'Object Repository/RecAndPlayBk/Page-Vlink-AuthOnly/input_Track Data_track_data'

2024-05-16 01:10:56 - [MESSAGE][PASSED] - Text '' is set on object 'Object Repository/RecAndPlayBk/Page-Vlink-AuthOnly/input_Track Data_track_data'

2024-05-16 01:10:56 - [TEST_STEP][PASSED] - setText(findTestObject("Object Repository/RecAndPlayBk/Page-Vlink-AuthOnly/input_concat(Cardholder, , s email)_email"), ""): Text '' is set on object 'Object Repository/RecAndPlayBk/Page-Vlink-AuthOnly/input_concat(Cardholder, , s email)_email'

2024-05-16 01:10:57 - [MESSAGE][PASSED] - Text '' is set on object 'Object Repository/RecAndPlayBk/Page-Vlink-AuthOnly/input_concat(Cardholder, , s email)_email'

2024-05-16 01:10:57 - [TEST_STEP][PASSED] - click(findTestObject("Object Repository/RecAndPlayBk/Page-Vlink-AuthOnly/input_user_defined10_user_defined10")): Object: 'Object Repository/RecAndPlayBk/Page-Vlink-AuthOnly/input_user_defined10_user_defined10' is clicked on

2024-05-16 01:10:57 - [MESSAGE][PASSED] - Object: 'Object Repository/RecAndPlayBk/Page-Vlink-AuthOnly/input_user_defined10_user_defined10' is clicked on

2024-05-16 01:10:57 - [TEST_STEP][PASSED] - if (executionProfile.equalsIgnoreCase("QAProfile")): null

2024-05-16 01:10:57 - [TEST_STEP][PASSED] - click(findTestObject("Object Repository/RecAndPlayBk/Page-Vlink-AuthOnly/input")): Object: 'Object Repository/RecAndPlayBk/Page-Vlink-AuthOnly/input' is clicked on

2024-05-16 01:10:58 - [MESSAGE][PASSED] - Object: 'Object Repository/RecAndPlayBk/Page-Vlink-AuthOnly/input' is clicked on

2024-05-16 01:10:58 - [TEST_STEP][PASSED] - if (verifyTextPresent("Card type not valid", true)): null

2024-05-16 01:10:58 - [MESSAGE][PASSED] - Text 'Card type not valid' is present on page  using regular expression

2024-05-16 01:10:58 - [TEST_STEP][PASSED] - println("Card type not valid text is present on the Confirmation page"): null

2024-05-16 01:10:58 - [TEST_STEP][PASSED] - out.println("Pass Record Number: " + row): null

2024-05-16 01:10:58 - [TEST_STEP][PASSED] - resText = "Pass": null

2024-05-16 01:10:58 - [TEST_STEP][PASSED] - pages.WriteExcel.demoKey(resText, datText, resColumn, datCloumn, fileLoc, nameSheet, row): pages.WriteExcel.demoKey is PASSED

2024-05-16 01:10:59 - [MESSAGE][PASSED] - pages.WriteExcel.demoKey is PASSED]]></system-out>
         <system-err><![CDATA[]]></system-err>
      </testcase>
      <testcase name="Test Cases/RecAndPlayBk/VLink/Sale-CardNotAccepted-Error" time="46.755" classname="Test Cases/RecAndPlayBk/VLink/Sale-CardNotAccepted-Error" status="PASSED">
         <system-out><![CDATA[2024-05-16 01:10:59 - [TEST_CASE][PASSED] - Test Cases/RecAndPlayBk/VLink/Sale-CardNotAccepted-Error: Test Cases/RecAndPlayBk/VLink/Sale-CardNotAccepted-Error

2024-05-16 01:10:59 - [TEST_STEP][PASSED] - executionProfile = getExecutionProfile(): null

2024-05-16 01:10:59 - [TEST_STEP][PASSED] - out.println("executionProfile : " + executionProfile): null

2024-05-16 01:10:59 - [TEST_STEP][PASSED] - appName = <not implemented yet for class: org.codehaus.groovy.ast.expr.EmptyExpression>: null

2024-05-16 01:10:59 - [TEST_STEP][PASSED] - appID = <not implemented yet for class: org.codehaus.groovy.ast.expr.EmptyExpression>: null

2024-05-16 01:10:59 - [TEST_STEP][PASSED] - username = <not implemented yet for class: org.codehaus.groovy.ast.expr.EmptyExpression>: null

2024-05-16 01:10:59 - [TEST_STEP][PASSED] - password = <not implemented yet for class: org.codehaus.groovy.ast.expr.EmptyExpression>: null

2024-05-16 01:10:59 - [TEST_STEP][PASSED] - cardNameV = <not implemented yet for class: org.codehaus.groovy.ast.expr.EmptyExpression>: null

2024-05-16 01:10:59 - [TEST_STEP][PASSED] - al1V = <not implemented yet for class: org.codehaus.groovy.ast.expr.EmptyExpression>: null

2024-05-16 01:10:59 - [TEST_STEP][PASSED] - al2V = <not implemented yet for class: org.codehaus.groovy.ast.expr.EmptyExpression>: null

2024-05-16 01:10:59 - [TEST_STEP][PASSED] - zipV = <not implemented yet for class: org.codehaus.groovy.ast.expr.EmptyExpression>: null

2024-05-16 01:10:59 - [TEST_STEP][PASSED] - cardTypeV = <not implemented yet for class: org.codehaus.groovy.ast.expr.EmptyExpression>: null

2024-05-16 01:10:59 - [TEST_STEP][PASSED] - last4V = <not implemented yet for class: org.codehaus.groovy.ast.expr.EmptyExpression>: null

2024-05-16 01:10:59 - [TEST_STEP][PASSED] - resText = "Fail": null

2024-05-16 01:10:59 - [TEST_STEP][PASSED] - resColumn = "Result": null

2024-05-16 01:10:59 - [TEST_STEP][PASSED] - datCloumn = "Date": null

2024-05-16 01:10:59 - [TEST_STEP][PASSED] - fileLoc = "KatalonData/VLinkSmokeData.xlsx": null

2024-05-16 01:10:59 - [TEST_STEP][PASSED] - numOfRows = <not implemented yet for class: org.codehaus.groovy.ast.expr.EmptyExpression>: null

2024-05-16 01:10:59 - [TEST_STEP][PASSED] - dataFile = <not implemented yet for class: org.codehaus.groovy.ast.expr.EmptyExpression>: null

2024-05-16 01:10:59 - [TEST_STEP][PASSED] - nameSheet = <not implemented yet for class: org.codehaus.groovy.ast.expr.EmptyExpression>: null

2024-05-16 01:10:59 - [TEST_STEP][PASSED] - nameSheet = "Sale-CardNotAccepted": null

2024-05-16 01:10:59 - [TEST_STEP][PASSED] - numOfRows = findTestData("QA/VLinkTestData/VLinkSaleCardNotAcceptedData").getRowNumbers(): null

2024-05-16 01:10:59 - [TEST_STEP][PASSED] - println("Number of Records: " + numOfRows): null

2024-05-16 01:10:59 - [TEST_STEP][PASSED] - dataFile = "QA/VLinkTestData/VLinkSaleCardNotAcceptedData": null

2024-05-16 01:10:59 - [TEST_STEP][PASSED] - for ([row = 1, row <= numOfRows, (row++)]): null

2024-05-16 01:10:59 - [TEST_STEP][PASSED] - ExecuteTC = findTestData(dataFile).getValue("Execute", row): null

2024-05-16 01:10:59 - [TEST_STEP][PASSED] - out.println("Value of Execute is : " + ExecuteTC): null

2024-05-16 01:10:59 - [TEST_STEP][PASSED] - switch (executionProfile): null

2024-05-16 01:10:59 - [TEST_STEP][PASSED] - case "QA2Profile":: null

2024-05-16 01:10:59 - [TEST_STEP][PASSED] - appID = findTestData(dataFile).getValue("AppIDQA", row): null

2024-05-16 01:11:00 - [TEST_STEP][PASSED] - username = findTestData(dataFile).getValue("UsernameQA", row): null

2024-05-16 01:11:00 - [TEST_STEP][PASSED] - password = findTestData(dataFile).getValue("PasswordQA", row): null

2024-05-16 01:11:00 - [TEST_STEP][PASSED] - break: null

2024-05-16 01:11:00 - [TEST_STEP][PASSED] - if (ExecuteTC.equalsIgnoreCase("Y")): null

2024-05-16 01:11:00 - [TEST_STEP][PASSED] - out.println("Begin Record Number: " + row): null

2024-05-16 01:11:00 - [TEST_STEP][PASSED] - today = new java.util.Date(): null

2024-05-16 01:11:00 - [TEST_STEP][PASSED] - println(today): null

2024-05-16 01:11:00 - [TEST_STEP][PASSED] - datText = today: null

2024-05-16 01:11:00 - [TEST_STEP][PASSED] - category = findTestData(dataFile).getValue("Category", row): null

2024-05-16 01:11:00 - [TEST_STEP][PASSED] - amount = findTestData(dataFile).getValue("Amount", row): null

2024-05-16 01:11:00 - [TEST_STEP][PASSED] - cardNumber = findTestData(dataFile).getValue("CardNumber", row): null

2024-05-16 01:11:00 - [TEST_STEP][PASSED] - exM = findTestData(dataFile).getValue("ExM", row): null

2024-05-16 01:11:00 - [TEST_STEP][PASSED] - exY = findTestData(dataFile).getValue("ExY", row): null

2024-05-16 01:11:00 - [TEST_STEP][PASSED] - openBrowser(VLinkURL + "authcap.html"): Browser is opened with url: 'https://dev-algorithm.govolution.com/vlinktest/QA2/version_2_0/authcap.html'

2024-05-16 01:11:00 - [MESSAGE][WARNING] - A browser is already opened. Closing browser and opening a new one

2024-05-16 01:11:02 - [MESSAGE][INFO] - Starting 'Chrome' driver

2024-05-16 01:11:02 - [MESSAGE][INFO] - User set preference: ['acceptInsecureCerts', 'true']

2024-05-16 01:11:02 - [MESSAGE][INFO] - Action delay is set to 0 milliseconds

2024-05-16 01:11:04 - [MESSAGE][PASSED] - Browser is opened with url: 'https://dev-algorithm.govolution.com/vlinktest/QA2/version_2_0/authcap.html'

2024-05-16 01:11:04 - [TEST_STEP][PASSED] - maximizeWindow(): Current window maximized

2024-05-16 01:11:04 - [MESSAGE][PASSED] - Current window maximized

2024-05-16 01:11:04 - [TEST_STEP][PASSED] - maximizeWindow(): Current window maximized

2024-05-16 01:11:04 - [MESSAGE][PASSED] - Current window maximized

2024-05-16 01:11:04 - [TEST_STEP][PASSED] - genRemID = RandomStringUtils.random(12, true, true): null

2024-05-16 01:11:04 - [TEST_STEP][PASSED] - setText(findTestObject("Object Repository/RecAndPlayBk/Page-Vlink-Sale/input_Remittance Id_remittance_id"), genRemID): Text '35jcuNWp8EBz' is set on object 'Object Repository/RecAndPlayBk/Page-Vlink-Sale/input_Remittance Id_remittance_id'

2024-05-16 01:11:05 - [MESSAGE][PASSED] - Text '35jcuNWp8EBz' is set on object 'Object Repository/RecAndPlayBk/Page-Vlink-Sale/input_Remittance Id_remittance_id'

2024-05-16 01:11:05 - [TEST_STEP][PASSED] - setText(findTestObject("Object Repository/RecAndPlayBk/Page-Vlink-Sale/input_Application Id_application_id"), appID): Text '656' is set on object 'Object Repository/RecAndPlayBk/Page-Vlink-Sale/input_Application Id_application_id'

2024-05-16 01:11:06 - [MESSAGE][PASSED] - Text '656' is set on object 'Object Repository/RecAndPlayBk/Page-Vlink-Sale/input_Application Id_application_id'

2024-05-16 01:11:06 - [TEST_STEP][PASSED] - setText(findTestObject("Object Repository/RecAndPlayBk/Page-Vlink-Sale/input_Username_username"), username): Text 'username' is set on object 'Object Repository/RecAndPlayBk/Page-Vlink-Sale/input_Username_username'

2024-05-16 01:11:06 - [MESSAGE][PASSED] - Text 'username' is set on object 'Object Repository/RecAndPlayBk/Page-Vlink-Sale/input_Username_username'

2024-05-16 01:11:06 - [TEST_STEP][PASSED] - setText(findTestObject("Object Repository/RecAndPlayBk/Page-Vlink-Sale/input_Password_password"), password): Text 'password' is set on object 'Object Repository/RecAndPlayBk/Page-Vlink-Sale/input_Password_password'

2024-05-16 01:11:07 - [MESSAGE][PASSED] - Text 'password' is set on object 'Object Repository/RecAndPlayBk/Page-Vlink-Sale/input_Password_password'

2024-05-16 01:11:07 - [TEST_STEP][PASSED] - setText(findTestObject("Object Repository/RecAndPlayBk/Page-Vlink-Sale/input_Category_category"), category): Text 'ECOM' is set on object 'Object Repository/RecAndPlayBk/Page-Vlink-Sale/input_Category_category'

2024-05-16 01:11:08 - [MESSAGE][PASSED] - Text 'ECOM' is set on object 'Object Repository/RecAndPlayBk/Page-Vlink-Sale/input_Category_category'

2024-05-16 01:11:08 - [TEST_STEP][PASSED] - setText(findTestObject("Object Repository/RecAndPlayBk/Page-Vlink-Sale/input_Amount_amount"), amount): Text '10.5' is set on object 'Object Repository/RecAndPlayBk/Page-Vlink-Sale/input_Amount_amount'

2024-05-16 01:11:08 - [MESSAGE][PASSED] - Text '10.5' is set on object 'Object Repository/RecAndPlayBk/Page-Vlink-Sale/input_Amount_amount'

2024-05-16 01:11:08 - [TEST_STEP][PASSED] - doubleClick(findTestObject("Object Repository/RecAndPlayBk/Page-Vlink-Sale/input_Card number_card_number")): Object: 'Object Repository/RecAndPlayBk/Page-Vlink-Sale/input_Card number_card_number' is double clicked on

2024-05-16 01:11:09 - [MESSAGE][PASSED] - Object: 'Object Repository/RecAndPlayBk/Page-Vlink-Sale/input_Card number_card_number' is double clicked on

2024-05-16 01:11:09 - [TEST_STEP][PASSED] - setText(findTestObject("Object Repository/RecAndPlayBk/Page-Vlink-Sale/input_Card number_card_number"), cardNumber): Text '374245002771003' is set on object 'Object Repository/RecAndPlayBk/Page-Vlink-Sale/input_Card number_card_number'

2024-05-16 01:11:09 - [MESSAGE][PASSED] - Text '374245002771003' is set on object 'Object Repository/RecAndPlayBk/Page-Vlink-Sale/input_Card number_card_number'

2024-05-16 01:11:09 - [TEST_STEP][PASSED] - setText(findTestObject("Object Repository/RecAndPlayBk/Page-Vlink-Sale/input_Card ex month_card_exmo"), exM): Text '12' is set on object 'Object Repository/RecAndPlayBk/Page-Vlink-Sale/input_Card ex month_card_exmo'

2024-05-16 01:11:10 - [MESSAGE][PASSED] - Text '12' is set on object 'Object Repository/RecAndPlayBk/Page-Vlink-Sale/input_Card ex month_card_exmo'

2024-05-16 01:11:10 - [TEST_STEP][PASSED] - setText(findTestObject("Object Repository/RecAndPlayBk/Page-Vlink-Sale/input_Card ex year_card_exyr"), exY): Text '2029' is set on object 'Object Repository/RecAndPlayBk/Page-Vlink-Sale/input_Card ex year_card_exyr'

2024-05-16 01:11:11 - [MESSAGE][PASSED] - Text '2029' is set on object 'Object Repository/RecAndPlayBk/Page-Vlink-Sale/input_Card ex year_card_exyr'

2024-05-16 01:11:11 - [TEST_STEP][PASSED] - click(findTestObject("Object Repository/RecAndPlayBk/Page-Vlink-Sale/input_Track Data_track_data")): Object: 'Object Repository/RecAndPlayBk/Page-Vlink-Sale/input_Track Data_track_data' is clicked on

2024-05-16 01:11:11 - [MESSAGE][PASSED] - Object: 'Object Repository/RecAndPlayBk/Page-Vlink-Sale/input_Track Data_track_data' is clicked on

2024-05-16 01:11:11 - [TEST_STEP][PASSED] - click(findTestObject("Object Repository/RecAndPlayBk/Page-Vlink-Sale/input_CVV state_cvv_state")): Object: 'Object Repository/RecAndPlayBk/Page-Vlink-Sale/input_CVV state_cvv_state' is clicked on

2024-05-16 01:11:11 - [MESSAGE][PASSED] - Object: 'Object Repository/RecAndPlayBk/Page-Vlink-Sale/input_CVV state_cvv_state' is clicked on

2024-05-16 01:11:11 - [TEST_STEP][PASSED] - setText(findTestObject("Object Repository/RecAndPlayBk/Page-Vlink-Sale/input_Track Data_track_data"), ""): Text '' is set on object 'Object Repository/RecAndPlayBk/Page-Vlink-Sale/input_Track Data_track_data'

2024-05-16 01:11:12 - [MESSAGE][PASSED] - Text '' is set on object 'Object Repository/RecAndPlayBk/Page-Vlink-Sale/input_Track Data_track_data'

2024-05-16 01:11:12 - [TEST_STEP][PASSED] - setText(findTestObject("Object Repository/RecAndPlayBk/Page-Vlink-Sale/input_concat(Cardholder, , s email)_email"), ""): Text '' is set on object 'Object Repository/RecAndPlayBk/Page-Vlink-Sale/input_concat(Cardholder, , s email)_email'

2024-05-16 01:11:13 - [MESSAGE][PASSED] - Text '' is set on object 'Object Repository/RecAndPlayBk/Page-Vlink-Sale/input_concat(Cardholder, , s email)_email'

2024-05-16 01:11:13 - [TEST_STEP][PASSED] - click(findTestObject("Object Repository/RecAndPlayBk/Page-Vlink-Sale/input_user_defined10_user_defined10")): Object: 'Object Repository/RecAndPlayBk/Page-Vlink-Sale/input_user_defined10_user_defined10' is clicked on

2024-05-16 01:11:13 - [MESSAGE][PASSED] - Object: 'Object Repository/RecAndPlayBk/Page-Vlink-Sale/input_user_defined10_user_defined10' is clicked on

2024-05-16 01:11:13 - [TEST_STEP][PASSED] - if (executionProfile.equalsIgnoreCase("QAProfile") || executionProfile.equalsIgnoreCase("DemoProfile")): null

2024-05-16 01:11:13 - [TEST_STEP][PASSED] - click(findTestObject("Object Repository/RecAndPlayBk/Page-Vlink-Sale/input")): Object: 'Object Repository/RecAndPlayBk/Page-Vlink-Sale/input' is clicked on

2024-05-16 01:11:14 - [MESSAGE][PASSED] - Object: 'Object Repository/RecAndPlayBk/Page-Vlink-Sale/input' is clicked on

2024-05-16 01:11:14 - [TEST_STEP][PASSED] - if (verifyTextPresent("Card type not valid", true)): null

2024-05-16 01:11:15 - [MESSAGE][PASSED] - Text 'Card type not valid' is present on page  using regular expression

2024-05-16 01:11:15 - [TEST_STEP][PASSED] - println("Card type not valid text is present on the Confirmation page"): null

2024-05-16 01:11:15 - [TEST_STEP][PASSED] - out.println("Pass Record Number: " + row): null

2024-05-16 01:11:15 - [TEST_STEP][PASSED] - resText = "Pass": null

2024-05-16 01:11:15 - [TEST_STEP][PASSED] - pages.WriteExcel.demoKey(resText, datText, resColumn, datCloumn, fileLoc, nameSheet, row): pages.WriteExcel.demoKey is PASSED

2024-05-16 01:11:15 - [MESSAGE][PASSED] - pages.WriteExcel.demoKey is PASSED

2024-05-16 01:11:15 - [TEST_STEP][PASSED] - ExecuteTC = findTestData(dataFile).getValue("Execute", row): null

2024-05-16 01:11:15 - [TEST_STEP][PASSED] - out.println("Value of Execute is : " + ExecuteTC): null

2024-05-16 01:11:15 - [TEST_STEP][PASSED] - switch (executionProfile): null

2024-05-16 01:11:15 - [TEST_STEP][PASSED] - case "QA2Profile":: null

2024-05-16 01:11:15 - [TEST_STEP][PASSED] - appID = findTestData(dataFile).getValue("AppIDQA", row): null

2024-05-16 01:11:15 - [TEST_STEP][PASSED] - username = findTestData(dataFile).getValue("UsernameQA", row): null

2024-05-16 01:11:15 - [TEST_STEP][PASSED] - password = findTestData(dataFile).getValue("PasswordQA", row): null

2024-05-16 01:11:15 - [TEST_STEP][PASSED] - break: null

2024-05-16 01:11:15 - [TEST_STEP][PASSED] - if (ExecuteTC.equalsIgnoreCase("Y")): null

2024-05-16 01:11:15 - [TEST_STEP][PASSED] - out.println("Begin Record Number: " + row): null

2024-05-16 01:11:15 - [TEST_STEP][PASSED] - today = new java.util.Date(): null

2024-05-16 01:11:15 - [TEST_STEP][PASSED] - println(today): null

2024-05-16 01:11:15 - [TEST_STEP][PASSED] - datText = today: null

2024-05-16 01:11:15 - [TEST_STEP][PASSED] - category = findTestData(dataFile).getValue("Category", row): null

2024-05-16 01:11:15 - [TEST_STEP][PASSED] - amount = findTestData(dataFile).getValue("Amount", row): null

2024-05-16 01:11:15 - [TEST_STEP][PASSED] - cardNumber = findTestData(dataFile).getValue("CardNumber", row): null

2024-05-16 01:11:15 - [TEST_STEP][PASSED] - exM = findTestData(dataFile).getValue("ExM", row): null

2024-05-16 01:11:16 - [TEST_STEP][PASSED] - exY = findTestData(dataFile).getValue("ExY", row): null

2024-05-16 01:11:16 - [TEST_STEP][PASSED] - openBrowser(VLinkURL + "authcap.html"): Browser is opened with url: 'https://dev-algorithm.govolution.com/vlinktest/QA2/version_2_0/authcap.html'

2024-05-16 01:11:16 - [MESSAGE][WARNING] - A browser is already opened. Closing browser and opening a new one

2024-05-16 01:11:17 - [MESSAGE][INFO] - Starting 'Chrome' driver

2024-05-16 01:11:17 - [MESSAGE][INFO] - User set preference: ['acceptInsecureCerts', 'true']

2024-05-16 01:11:17 - [MESSAGE][INFO] - Action delay is set to 0 milliseconds

2024-05-16 01:11:19 - [MESSAGE][PASSED] - Browser is opened with url: 'https://dev-algorithm.govolution.com/vlinktest/QA2/version_2_0/authcap.html'

2024-05-16 01:11:19 - [TEST_STEP][PASSED] - maximizeWindow(): Current window maximized

2024-05-16 01:11:20 - [MESSAGE][PASSED] - Current window maximized

2024-05-16 01:11:20 - [TEST_STEP][PASSED] - maximizeWindow(): Current window maximized

2024-05-16 01:11:20 - [MESSAGE][PASSED] - Current window maximized

2024-05-16 01:11:20 - [TEST_STEP][PASSED] - genRemID = RandomStringUtils.random(12, true, true): null

2024-05-16 01:11:20 - [TEST_STEP][PASSED] - setText(findTestObject("Object Repository/RecAndPlayBk/Page-Vlink-Sale/input_Remittance Id_remittance_id"), genRemID): Text 'j4vEEvBvuF8p' is set on object 'Object Repository/RecAndPlayBk/Page-Vlink-Sale/input_Remittance Id_remittance_id'

2024-05-16 01:11:20 - [MESSAGE][PASSED] - Text 'j4vEEvBvuF8p' is set on object 'Object Repository/RecAndPlayBk/Page-Vlink-Sale/input_Remittance Id_remittance_id'

2024-05-16 01:11:20 - [TEST_STEP][PASSED] - setText(findTestObject("Object Repository/RecAndPlayBk/Page-Vlink-Sale/input_Application Id_application_id"), appID): Text '656' is set on object 'Object Repository/RecAndPlayBk/Page-Vlink-Sale/input_Application Id_application_id'

2024-05-16 01:11:21 - [MESSAGE][PASSED] - Text '656' is set on object 'Object Repository/RecAndPlayBk/Page-Vlink-Sale/input_Application Id_application_id'

2024-05-16 01:11:21 - [TEST_STEP][PASSED] - setText(findTestObject("Object Repository/RecAndPlayBk/Page-Vlink-Sale/input_Username_username"), username): Text 'username' is set on object 'Object Repository/RecAndPlayBk/Page-Vlink-Sale/input_Username_username'

2024-05-16 01:11:22 - [MESSAGE][PASSED] - Text 'username' is set on object 'Object Repository/RecAndPlayBk/Page-Vlink-Sale/input_Username_username'

2024-05-16 01:11:22 - [TEST_STEP][PASSED] - setText(findTestObject("Object Repository/RecAndPlayBk/Page-Vlink-Sale/input_Password_password"), password): Text 'password' is set on object 'Object Repository/RecAndPlayBk/Page-Vlink-Sale/input_Password_password'

2024-05-16 01:11:22 - [MESSAGE][PASSED] - Text 'password' is set on object 'Object Repository/RecAndPlayBk/Page-Vlink-Sale/input_Password_password'

2024-05-16 01:11:22 - [TEST_STEP][PASSED] - setText(findTestObject("Object Repository/RecAndPlayBk/Page-Vlink-Sale/input_Category_category"), category): Text 'MOTO' is set on object 'Object Repository/RecAndPlayBk/Page-Vlink-Sale/input_Category_category'

2024-05-16 01:11:23 - [MESSAGE][PASSED] - Text 'MOTO' is set on object 'Object Repository/RecAndPlayBk/Page-Vlink-Sale/input_Category_category'

2024-05-16 01:11:23 - [TEST_STEP][PASSED] - setText(findTestObject("Object Repository/RecAndPlayBk/Page-Vlink-Sale/input_Amount_amount"), amount): Text '10.5' is set on object 'Object Repository/RecAndPlayBk/Page-Vlink-Sale/input_Amount_amount'

2024-05-16 01:11:24 - [MESSAGE][PASSED] - Text '10.5' is set on object 'Object Repository/RecAndPlayBk/Page-Vlink-Sale/input_Amount_amount'

2024-05-16 01:11:24 - [TEST_STEP][PASSED] - doubleClick(findTestObject("Object Repository/RecAndPlayBk/Page-Vlink-Sale/input_Card number_card_number")): Object: 'Object Repository/RecAndPlayBk/Page-Vlink-Sale/input_Card number_card_number' is double clicked on

2024-05-16 01:11:24 - [MESSAGE][PASSED] - Object: 'Object Repository/RecAndPlayBk/Page-Vlink-Sale/input_Card number_card_number' is double clicked on

2024-05-16 01:11:24 - [TEST_STEP][PASSED] - setText(findTestObject("Object Repository/RecAndPlayBk/Page-Vlink-Sale/input_Card number_card_number"), cardNumber): Text '374245002771003' is set on object 'Object Repository/RecAndPlayBk/Page-Vlink-Sale/input_Card number_card_number'

2024-05-16 01:11:25 - [MESSAGE][PASSED] - Text '374245002771003' is set on object 'Object Repository/RecAndPlayBk/Page-Vlink-Sale/input_Card number_card_number'

2024-05-16 01:11:25 - [TEST_STEP][PASSED] - setText(findTestObject("Object Repository/RecAndPlayBk/Page-Vlink-Sale/input_Card ex month_card_exmo"), exM): Text '12' is set on object 'Object Repository/RecAndPlayBk/Page-Vlink-Sale/input_Card ex month_card_exmo'

2024-05-16 01:11:25 - [MESSAGE][PASSED] - Text '12' is set on object 'Object Repository/RecAndPlayBk/Page-Vlink-Sale/input_Card ex month_card_exmo'

2024-05-16 01:11:25 - [TEST_STEP][PASSED] - setText(findTestObject("Object Repository/RecAndPlayBk/Page-Vlink-Sale/input_Card ex year_card_exyr"), exY): Text '2029' is set on object 'Object Repository/RecAndPlayBk/Page-Vlink-Sale/input_Card ex year_card_exyr'

2024-05-16 01:11:26 - [MESSAGE][PASSED] - Text '2029' is set on object 'Object Repository/RecAndPlayBk/Page-Vlink-Sale/input_Card ex year_card_exyr'

2024-05-16 01:11:26 - [TEST_STEP][PASSED] - click(findTestObject("Object Repository/RecAndPlayBk/Page-Vlink-Sale/input_Track Data_track_data")): Object: 'Object Repository/RecAndPlayBk/Page-Vlink-Sale/input_Track Data_track_data' is clicked on

2024-05-16 01:11:26 - [MESSAGE][PASSED] - Object: 'Object Repository/RecAndPlayBk/Page-Vlink-Sale/input_Track Data_track_data' is clicked on

2024-05-16 01:11:26 - [TEST_STEP][PASSED] - click(findTestObject("Object Repository/RecAndPlayBk/Page-Vlink-Sale/input_CVV state_cvv_state")): Object: 'Object Repository/RecAndPlayBk/Page-Vlink-Sale/input_CVV state_cvv_state' is clicked on

2024-05-16 01:11:27 - [MESSAGE][PASSED] - Object: 'Object Repository/RecAndPlayBk/Page-Vlink-Sale/input_CVV state_cvv_state' is clicked on

2024-05-16 01:11:27 - [TEST_STEP][PASSED] - setText(findTestObject("Object Repository/RecAndPlayBk/Page-Vlink-Sale/input_Track Data_track_data"), ""): Text '' is set on object 'Object Repository/RecAndPlayBk/Page-Vlink-Sale/input_Track Data_track_data'

2024-05-16 01:11:27 - [MESSAGE][PASSED] - Text '' is set on object 'Object Repository/RecAndPlayBk/Page-Vlink-Sale/input_Track Data_track_data'

2024-05-16 01:11:27 - [TEST_STEP][PASSED] - setText(findTestObject("Object Repository/RecAndPlayBk/Page-Vlink-Sale/input_concat(Cardholder, , s email)_email"), ""): Text '' is set on object 'Object Repository/RecAndPlayBk/Page-Vlink-Sale/input_concat(Cardholder, , s email)_email'

2024-05-16 01:11:28 - [MESSAGE][PASSED] - Text '' is set on object 'Object Repository/RecAndPlayBk/Page-Vlink-Sale/input_concat(Cardholder, , s email)_email'

2024-05-16 01:11:28 - [TEST_STEP][PASSED] - click(findTestObject("Object Repository/RecAndPlayBk/Page-Vlink-Sale/input_user_defined10_user_defined10")): Object: 'Object Repository/RecAndPlayBk/Page-Vlink-Sale/input_user_defined10_user_defined10' is clicked on

2024-05-16 01:11:28 - [MESSAGE][PASSED] - Object: 'Object Repository/RecAndPlayBk/Page-Vlink-Sale/input_user_defined10_user_defined10' is clicked on

2024-05-16 01:11:28 - [TEST_STEP][PASSED] - if (executionProfile.equalsIgnoreCase("QAProfile") || executionProfile.equalsIgnoreCase("DemoProfile")): null

2024-05-16 01:11:28 - [TEST_STEP][PASSED] - click(findTestObject("Object Repository/RecAndPlayBk/Page-Vlink-Sale/input")): Object: 'Object Repository/RecAndPlayBk/Page-Vlink-Sale/input' is clicked on

2024-05-16 01:11:29 - [MESSAGE][PASSED] - Object: 'Object Repository/RecAndPlayBk/Page-Vlink-Sale/input' is clicked on

2024-05-16 01:11:29 - [TEST_STEP][PASSED] - if (verifyTextPresent("Card type not valid", true)): null

2024-05-16 01:11:30 - [MESSAGE][PASSED] - Text 'Card type not valid' is present on page  using regular expression

2024-05-16 01:11:30 - [TEST_STEP][PASSED] - println("Card type not valid text is present on the Confirmation page"): null

2024-05-16 01:11:30 - [TEST_STEP][PASSED] - out.println("Pass Record Number: " + row): null

2024-05-16 01:11:30 - [TEST_STEP][PASSED] - resText = "Pass": null

2024-05-16 01:11:30 - [TEST_STEP][PASSED] - pages.WriteExcel.demoKey(resText, datText, resColumn, datCloumn, fileLoc, nameSheet, row): pages.WriteExcel.demoKey is PASSED

2024-05-16 01:11:30 - [MESSAGE][PASSED] - pages.WriteExcel.demoKey is PASSED

2024-05-16 01:11:30 - [TEST_STEP][PASSED] - ExecuteTC = findTestData(dataFile).getValue("Execute", row): null

2024-05-16 01:11:30 - [TEST_STEP][PASSED] - out.println("Value of Execute is : " + ExecuteTC): null

2024-05-16 01:11:30 - [TEST_STEP][PASSED] - switch (executionProfile): null

2024-05-16 01:11:30 - [TEST_STEP][PASSED] - case "QA2Profile":: null

2024-05-16 01:11:30 - [TEST_STEP][PASSED] - appID = findTestData(dataFile).getValue("AppIDQA", row): null

2024-05-16 01:11:30 - [TEST_STEP][PASSED] - username = findTestData(dataFile).getValue("UsernameQA", row): null

2024-05-16 01:11:30 - [TEST_STEP][PASSED] - password = findTestData(dataFile).getValue("PasswordQA", row): null

2024-05-16 01:11:31 - [TEST_STEP][PASSED] - break: null

2024-05-16 01:11:31 - [TEST_STEP][PASSED] - if (ExecuteTC.equalsIgnoreCase("Y")): null

2024-05-16 01:11:31 - [TEST_STEP][PASSED] - out.println("Begin Record Number: " + row): null

2024-05-16 01:11:31 - [TEST_STEP][PASSED] - today = new java.util.Date(): null

2024-05-16 01:11:31 - [TEST_STEP][PASSED] - println(today): null

2024-05-16 01:11:31 - [TEST_STEP][PASSED] - datText = today: null

2024-05-16 01:11:31 - [TEST_STEP][PASSED] - category = findTestData(dataFile).getValue("Category", row): null

2024-05-16 01:11:31 - [TEST_STEP][PASSED] - amount = findTestData(dataFile).getValue("Amount", row): null

2024-05-16 01:11:31 - [TEST_STEP][PASSED] - cardNumber = findTestData(dataFile).getValue("CardNumber", row): null

2024-05-16 01:11:31 - [TEST_STEP][PASSED] - exM = findTestData(dataFile).getValue("ExM", row): null

2024-05-16 01:11:31 - [TEST_STEP][PASSED] - exY = findTestData(dataFile).getValue("ExY", row): null

2024-05-16 01:11:31 - [TEST_STEP][PASSED] - openBrowser(VLinkURL + "authcap.html"): Browser is opened with url: 'https://dev-algorithm.govolution.com/vlinktest/QA2/version_2_0/authcap.html'

2024-05-16 01:11:31 - [MESSAGE][WARNING] - A browser is already opened. Closing browser and opening a new one

2024-05-16 01:11:32 - [MESSAGE][INFO] - Starting 'Chrome' driver

2024-05-16 01:11:32 - [MESSAGE][INFO] - User set preference: ['acceptInsecureCerts', 'true']

2024-05-16 01:11:32 - [MESSAGE][INFO] - Action delay is set to 0 milliseconds

2024-05-16 01:11:35 - [MESSAGE][PASSED] - Browser is opened with url: 'https://dev-algorithm.govolution.com/vlinktest/QA2/version_2_0/authcap.html'

2024-05-16 01:11:35 - [TEST_STEP][PASSED] - maximizeWindow(): Current window maximized

2024-05-16 01:11:35 - [MESSAGE][PASSED] - Current window maximized

2024-05-16 01:11:35 - [TEST_STEP][PASSED] - maximizeWindow(): Current window maximized

2024-05-16 01:11:35 - [MESSAGE][PASSED] - Current window maximized

2024-05-16 01:11:35 - [TEST_STEP][PASSED] - genRemID = RandomStringUtils.random(12, true, true): null

2024-05-16 01:11:35 - [TEST_STEP][PASSED] - setText(findTestObject("Object Repository/RecAndPlayBk/Page-Vlink-Sale/input_Remittance Id_remittance_id"), genRemID): Text 'xAFHWVhe0PjY' is set on object 'Object Repository/RecAndPlayBk/Page-Vlink-Sale/input_Remittance Id_remittance_id'

2024-05-16 01:11:36 - [MESSAGE][PASSED] - Text 'xAFHWVhe0PjY' is set on object 'Object Repository/RecAndPlayBk/Page-Vlink-Sale/input_Remittance Id_remittance_id'

2024-05-16 01:11:36 - [TEST_STEP][PASSED] - setText(findTestObject("Object Repository/RecAndPlayBk/Page-Vlink-Sale/input_Application Id_application_id"), appID): Text '656' is set on object 'Object Repository/RecAndPlayBk/Page-Vlink-Sale/input_Application Id_application_id'

2024-05-16 01:11:36 - [MESSAGE][PASSED] - Text '656' is set on object 'Object Repository/RecAndPlayBk/Page-Vlink-Sale/input_Application Id_application_id'

2024-05-16 01:11:36 - [TEST_STEP][PASSED] - setText(findTestObject("Object Repository/RecAndPlayBk/Page-Vlink-Sale/input_Username_username"), username): Text 'username' is set on object 'Object Repository/RecAndPlayBk/Page-Vlink-Sale/input_Username_username'

2024-05-16 01:11:37 - [MESSAGE][PASSED] - Text 'username' is set on object 'Object Repository/RecAndPlayBk/Page-Vlink-Sale/input_Username_username'

2024-05-16 01:11:37 - [TEST_STEP][PASSED] - setText(findTestObject("Object Repository/RecAndPlayBk/Page-Vlink-Sale/input_Password_password"), password): Text 'password' is set on object 'Object Repository/RecAndPlayBk/Page-Vlink-Sale/input_Password_password'

2024-05-16 01:11:38 - [MESSAGE][PASSED] - Text 'password' is set on object 'Object Repository/RecAndPlayBk/Page-Vlink-Sale/input_Password_password'

2024-05-16 01:11:38 - [TEST_STEP][PASSED] - setText(findTestObject("Object Repository/RecAndPlayBk/Page-Vlink-Sale/input_Category_category"), category): Text 'RETL' is set on object 'Object Repository/RecAndPlayBk/Page-Vlink-Sale/input_Category_category'

2024-05-16 01:11:38 - [MESSAGE][PASSED] - Text 'RETL' is set on object 'Object Repository/RecAndPlayBk/Page-Vlink-Sale/input_Category_category'

2024-05-16 01:11:38 - [TEST_STEP][PASSED] - setText(findTestObject("Object Repository/RecAndPlayBk/Page-Vlink-Sale/input_Amount_amount"), amount): Text '10.5' is set on object 'Object Repository/RecAndPlayBk/Page-Vlink-Sale/input_Amount_amount'

2024-05-16 01:11:39 - [MESSAGE][PASSED] - Text '10.5' is set on object 'Object Repository/RecAndPlayBk/Page-Vlink-Sale/input_Amount_amount'

2024-05-16 01:11:39 - [TEST_STEP][PASSED] - doubleClick(findTestObject("Object Repository/RecAndPlayBk/Page-Vlink-Sale/input_Card number_card_number")): Object: 'Object Repository/RecAndPlayBk/Page-Vlink-Sale/input_Card number_card_number' is double clicked on

2024-05-16 01:11:39 - [MESSAGE][PASSED] - Object: 'Object Repository/RecAndPlayBk/Page-Vlink-Sale/input_Card number_card_number' is double clicked on

2024-05-16 01:11:39 - [TEST_STEP][PASSED] - setText(findTestObject("Object Repository/RecAndPlayBk/Page-Vlink-Sale/input_Card number_card_number"), cardNumber): Text '374245002771003' is set on object 'Object Repository/RecAndPlayBk/Page-Vlink-Sale/input_Card number_card_number'

2024-05-16 01:11:40 - [MESSAGE][PASSED] - Text '374245002771003' is set on object 'Object Repository/RecAndPlayBk/Page-Vlink-Sale/input_Card number_card_number'

2024-05-16 01:11:40 - [TEST_STEP][PASSED] - setText(findTestObject("Object Repository/RecAndPlayBk/Page-Vlink-Sale/input_Card ex month_card_exmo"), exM): Text '12' is set on object 'Object Repository/RecAndPlayBk/Page-Vlink-Sale/input_Card ex month_card_exmo'

2024-05-16 01:11:41 - [MESSAGE][PASSED] - Text '12' is set on object 'Object Repository/RecAndPlayBk/Page-Vlink-Sale/input_Card ex month_card_exmo'

2024-05-16 01:11:41 - [TEST_STEP][PASSED] - setText(findTestObject("Object Repository/RecAndPlayBk/Page-Vlink-Sale/input_Card ex year_card_exyr"), exY): Text '2029' is set on object 'Object Repository/RecAndPlayBk/Page-Vlink-Sale/input_Card ex year_card_exyr'

2024-05-16 01:11:41 - [MESSAGE][PASSED] - Text '2029' is set on object 'Object Repository/RecAndPlayBk/Page-Vlink-Sale/input_Card ex year_card_exyr'

2024-05-16 01:11:41 - [TEST_STEP][PASSED] - click(findTestObject("Object Repository/RecAndPlayBk/Page-Vlink-Sale/input_Track Data_track_data")): Object: 'Object Repository/RecAndPlayBk/Page-Vlink-Sale/input_Track Data_track_data' is clicked on

2024-05-16 01:11:42 - [MESSAGE][PASSED] - Object: 'Object Repository/RecAndPlayBk/Page-Vlink-Sale/input_Track Data_track_data' is clicked on

2024-05-16 01:11:42 - [TEST_STEP][PASSED] - click(findTestObject("Object Repository/RecAndPlayBk/Page-Vlink-Sale/input_CVV state_cvv_state")): Object: 'Object Repository/RecAndPlayBk/Page-Vlink-Sale/input_CVV state_cvv_state' is clicked on

2024-05-16 01:11:42 - [MESSAGE][PASSED] - Object: 'Object Repository/RecAndPlayBk/Page-Vlink-Sale/input_CVV state_cvv_state' is clicked on

2024-05-16 01:11:42 - [TEST_STEP][PASSED] - setText(findTestObject("Object Repository/RecAndPlayBk/Page-Vlink-Sale/input_Track Data_track_data"), ""): Text '' is set on object 'Object Repository/RecAndPlayBk/Page-Vlink-Sale/input_Track Data_track_data'

2024-05-16 01:11:43 - [MESSAGE][PASSED] - Text '' is set on object 'Object Repository/RecAndPlayBk/Page-Vlink-Sale/input_Track Data_track_data'

2024-05-16 01:11:43 - [TEST_STEP][PASSED] - setText(findTestObject("Object Repository/RecAndPlayBk/Page-Vlink-Sale/input_concat(Cardholder, , s email)_email"), ""): Text '' is set on object 'Object Repository/RecAndPlayBk/Page-Vlink-Sale/input_concat(Cardholder, , s email)_email'

2024-05-16 01:11:43 - [MESSAGE][PASSED] - Text '' is set on object 'Object Repository/RecAndPlayBk/Page-Vlink-Sale/input_concat(Cardholder, , s email)_email'

2024-05-16 01:11:43 - [TEST_STEP][PASSED] - click(findTestObject("Object Repository/RecAndPlayBk/Page-Vlink-Sale/input_user_defined10_user_defined10")): Object: 'Object Repository/RecAndPlayBk/Page-Vlink-Sale/input_user_defined10_user_defined10' is clicked on

2024-05-16 01:11:44 - [MESSAGE][PASSED] - Object: 'Object Repository/RecAndPlayBk/Page-Vlink-Sale/input_user_defined10_user_defined10' is clicked on

2024-05-16 01:11:44 - [TEST_STEP][PASSED] - if (executionProfile.equalsIgnoreCase("QAProfile") || executionProfile.equalsIgnoreCase("DemoProfile")): null

2024-05-16 01:11:44 - [TEST_STEP][PASSED] - click(findTestObject("Object Repository/RecAndPlayBk/Page-Vlink-Sale/input")): Object: 'Object Repository/RecAndPlayBk/Page-Vlink-Sale/input' is clicked on

2024-05-16 01:11:45 - [MESSAGE][PASSED] - Object: 'Object Repository/RecAndPlayBk/Page-Vlink-Sale/input' is clicked on

2024-05-16 01:11:45 - [TEST_STEP][PASSED] - if (verifyTextPresent("Card type not valid", true)): null

2024-05-16 01:11:45 - [MESSAGE][PASSED] - Text 'Card type not valid' is present on page  using regular expression

2024-05-16 01:11:45 - [TEST_STEP][PASSED] - println("Card type not valid text is present on the Confirmation page"): null

2024-05-16 01:11:45 - [TEST_STEP][PASSED] - out.println("Pass Record Number: " + row): null

2024-05-16 01:11:45 - [TEST_STEP][PASSED] - resText = "Pass": null

2024-05-16 01:11:45 - [TEST_STEP][PASSED] - pages.WriteExcel.demoKey(resText, datText, resColumn, datCloumn, fileLoc, nameSheet, row): pages.WriteExcel.demoKey is PASSED

2024-05-16 01:11:45 - [MESSAGE][PASSED] - pages.WriteExcel.demoKey is PASSED]]></system-out>
         <system-err><![CDATA[]]></system-err>
      </testcase>
      <system-out><![CDATA[2024-05-15 23:30:21 - [TEST_SUITE][PASSED] - QA_Smoke_Test: Test Cases/RecAndPlayBk/VLink/Sale-CardNotAccepted-Error]]></system-out>
      <system-err><![CDATA[]]></system-err>
   </testsuite>
</testsuites>
