<?xml version="1.0" encoding="UTF-8"?>
<testsuites name="QA_Smoke_Test" time="1076.734" tests="39" failures="7" errors="21">
   <testsuite name="QA_Smoke_Test" tests="39" failures="7" errors="21" time="1076.734" skipped="0" timestamp="2023-02-15 21:33:20" hostname="imtiaz - DESKTOP-B2QI6NS.govolution.com" id="Test Suites/QA/VLink/QA_Smoke_Test">
      <properties>
         <property name="deviceName" value=""/>
         <property name="devicePlatform" value=""/>
         <property name="logFolder" value="E:\\Cloned-Project-Katalon\\VPS-Katalon\\Reports\\20230215_213314\\QA\\VLink\\QA_Smoke_Test\\20230215_213314"/>
         <property name="logFiles" value="E:\\Cloned-Project-Katalon\\VPS-Katalon\\Reports\\20230215_213314\\QA\\VLink\\QA_Smoke_Test\\20230215_213314\\execution0.log"/>
         <property name="attachments" value=""/>
         <property name="hostName" value="imtiaz - DESKTOP-B2QI6NS.govolution.com"/>
         <property name="os" value="Windows 10 64bit"/>
         <property name="katalonVersion" value="8.2.5.208"/>
         <property name="browser" value="Chrome 110.0.0.0"/>
         <property name="hostAddress" value="172.31.253.135"/>
         <property name="sessionId" value="052da3cd131cdbfb0af24bb2bf208fc7"/>
         <property name="seleniumVersion" value="3.141.59"/>
         <property name="proxyInformation" value="ProxyInformation { proxyOption=NO_PROXY, proxyServerType=HTTP, username=, password=********, proxyServerAddress=, proxyServerPort=0, executionList=&quot;&quot;, isApplyToDesiredCapabilities=true }"/>
         <property name="platform" value="Windows 10"/>
      </properties>
      <testcase name="Test Cases/RecAndPlayBk/VLink/AuthOnly" time="95.114" classname="Test Cases/RecAndPlayBk/VLink/AuthOnly" status="FAILED">
         <failure type="FAILED" message="Test Cases/RecAndPlayBk/VLink/AuthOnly FAILED.
Reason:
com.kms.katalon.core.exception.StepFailedException: Text 'Transaction approved, no errors' is not present on page  using regular expression (Root cause: com.kms.katalon.core.exception.StepFailedException: Text 'Transaction approved, no errors' is not present on page  using regular expression
	at com.kms.katalon.core.webui.keyword.internal.WebUIKeywordMain.stepFailed(WebUIKeywordMain.groovy:64)
	at com.kms.katalon.core.webui.keyword.builtin.VerifyTextPresentKeyword$_verifyTextPresent_closure1.doCall(VerifyTextPresentKeyword.groovy:79)
	at com.kms.katalon.core.webui.keyword.builtin.VerifyTextPresentKeyword$_verifyTextPresent_closure1.call(VerifyTextPresentKeyword.groovy)
	at com.kms.katalon.core.webui.keyword.internal.WebUIKeywordMain.runKeyword(WebUIKeywordMain.groovy:20)
	at com.kms.katalon.core.webui.keyword.builtin.VerifyTextPresentKeyword.verifyTextPresent(VerifyTextPresentKeyword.groovy:83)
	at com.kms.katalon.core.webui.keyword.builtin.VerifyTextPresentKeyword.execute(VerifyTextPresentKeyword.groovy:68)
	at com.kms.katalon.core.keyword.internal.KeywordExecutor.executeKeywordForPlatform(KeywordExecutor.groovy:74)
	at com.kms.katalon.core.webui.keyword.WebUiBuiltInKeywords.verifyTextPresent(WebUiBuiltInKeywords.groovy:1723)
	at com.kms.katalon.core.webui.keyword.WebUiBuiltInKeywords$verifyTextPresent$4.call(Unknown Source)
	at AuthOnly.run(AuthOnly:157)
	at com.kms.katalon.core.main.ScriptEngine.run(ScriptEngine.java:194)
	at com.kms.katalon.core.main.ScriptEngine.runScriptAsRawText(ScriptEngine.java:119)
	at com.kms.katalon.core.main.TestCaseExecutor.runScript(TestCaseExecutor.java:442)
	at com.kms.katalon.core.main.TestCaseExecutor.doExecute(TestCaseExecutor.java:433)
	at com.kms.katalon.core.main.TestCaseExecutor.processExecutionPhase(TestCaseExecutor.java:412)
	at com.kms.katalon.core.main.TestCaseExecutor.accessMainPhase(TestCaseExecutor.java:404)
	at com.kms.katalon.core.main.TestCaseExecutor.execute(TestCaseExecutor.java:281)
	at com.kms.katalon.core.main.TestSuiteExecutor.accessTestCaseMainPhase(TestSuiteExecutor.java:202)
	at com.kms.katalon.core.main.TestSuiteExecutor.accessTestSuiteMainPhase(TestSuiteExecutor.java:164)
	at com.kms.katalon.core.main.TestSuiteExecutor.execute(TestSuiteExecutor.java:105)
	at com.kms.katalon.core.main.TestCaseMain.startTestSuite(TestCaseMain.java:185)
	at com.kms.katalon.core.main.TestCaseMain$startTestSuite$0.call(Unknown Source)
	at TempTestSuite1676514794135.run(TempTestSuite1676514794135.groovy:36)
)
	at com.kms.katalon.core.keyword.internal.KeywordMain.stepFailed(KeywordMain.groovy:39)
	at com.kms.katalon.core.webui.keyword.internal.WebUIKeywordMain.stepFailed(WebUIKeywordMain.groovy:64)
	at com.kms.katalon.core.webui.keyword.builtin.VerifyTextPresentKeyword$_verifyTextPresent_closure1.doCall(VerifyTextPresentKeyword.groovy:79)
	at com.kms.katalon.core.webui.keyword.builtin.VerifyTextPresentKeyword$_verifyTextPresent_closure1.call(VerifyTextPresentKeyword.groovy)
	at com.kms.katalon.core.webui.keyword.internal.WebUIKeywordMain.runKeyword(WebUIKeywordMain.groovy:20)
	at com.kms.katalon.core.webui.keyword.builtin.VerifyTextPresentKeyword.verifyTextPresent(VerifyTextPresentKeyword.groovy:83)
	at com.kms.katalon.core.webui.keyword.builtin.VerifyTextPresentKeyword.execute(VerifyTextPresentKeyword.groovy:68)
	at com.kms.katalon.core.keyword.internal.KeywordExecutor.executeKeywordForPlatform(KeywordExecutor.groovy:74)
	at com.kms.katalon.core.webui.keyword.WebUiBuiltInKeywords.verifyTextPresent(WebUiBuiltInKeywords.groovy:1723)
	at com.kms.katalon.core.webui.keyword.WebUiBuiltInKeywords$verifyTextPresent$4.call(Unknown Source)
	at AuthOnly.run(AuthOnly:157)
	at com.kms.katalon.core.main.ScriptEngine.run(ScriptEngine.java:194)
	at com.kms.katalon.core.main.ScriptEngine.runScriptAsRawText(ScriptEngine.java:119)
	at com.kms.katalon.core.main.TestCaseExecutor.runScript(TestCaseExecutor.java:442)
	at com.kms.katalon.core.main.TestCaseExecutor.doExecute(TestCaseExecutor.java:433)
	at com.kms.katalon.core.main.TestCaseExecutor.processExecutionPhase(TestCaseExecutor.java:412)
	at com.kms.katalon.core.main.TestCaseExecutor.accessMainPhase(TestCaseExecutor.java:404)
	at com.kms.katalon.core.main.TestCaseExecutor.execute(TestCaseExecutor.java:281)
	at com.kms.katalon.core.main.TestSuiteExecutor.accessTestCaseMainPhase(TestSuiteExecutor.java:202)
	at com.kms.katalon.core.main.TestSuiteExecutor.accessTestSuiteMainPhase(TestSuiteExecutor.java:164)
	at com.kms.katalon.core.main.TestSuiteExecutor.execute(TestSuiteExecutor.java:105)
	at com.kms.katalon.core.main.TestCaseMain.startTestSuite(TestCaseMain.java:185)
	at com.kms.katalon.core.main.TestCaseMain$startTestSuite$0.call(Unknown Source)
	at TempTestSuite1676514794135.run(TempTestSuite1676514794135.groovy:36)
Caused by: com.kms.katalon.core.exception.StepFailedException: Text 'Transaction approved, no errors' is not present on page  using regular expression
	... 23 more
"/>
         <system-out><![CDATA[2023-02-15 21:33:21 - [TEST_CASE][FAILED] - Test Cases/RecAndPlayBk/VLink/AuthOnly: Test Cases/RecAndPlayBk/VLink/AuthOnly FAILED.
Reason:
com.kms.katalon.core.exception.StepFailedException: Text 'Transaction approved, no errors' is not present on page  using regular expression (Root cause: com.kms.katalon.core.exception.StepFailedException: Text 'Transaction approved, no errors' is not present on page  using regular expression
	at com.kms.katalon.core.webui.keyword.internal.WebUIKeywordMain.stepFailed(WebUIKeywordMain.groovy:64)
	at com.kms.katalon.core.webui.keyword.builtin.VerifyTextPresentKeyword$_verifyTextPresent_closure1.doCall(VerifyTextPresentKeyword.groovy:79)
	at com.kms.katalon.core.webui.keyword.builtin.VerifyTextPresentKeyword$_verifyTextPresent_closure1.call(VerifyTextPresentKeyword.groovy)
	at com.kms.katalon.core.webui.keyword.internal.WebUIKeywordMain.runKeyword(WebUIKeywordMain.groovy:20)
	at com.kms.katalon.core.webui.keyword.builtin.VerifyTextPresentKeyword.verifyTextPresent(VerifyTextPresentKeyword.groovy:83)
	at com.kms.katalon.core.webui.keyword.builtin.VerifyTextPresentKeyword.execute(VerifyTextPresentKeyword.groovy:68)
	at com.kms.katalon.core.keyword.internal.KeywordExecutor.executeKeywordForPlatform(KeywordExecutor.groovy:74)
	at com.kms.katalon.core.webui.keyword.WebUiBuiltInKeywords.verifyTextPresent(WebUiBuiltInKeywords.groovy:1723)
	at com.kms.katalon.core.webui.keyword.WebUiBuiltInKeywords$verifyTextPresent$4.call(Unknown Source)
	at AuthOnly.run(AuthOnly:157)
	at com.kms.katalon.core.main.ScriptEngine.run(ScriptEngine.java:194)
	at com.kms.katalon.core.main.ScriptEngine.runScriptAsRawText(ScriptEngine.java:119)
	at com.kms.katalon.core.main.TestCaseExecutor.runScript(TestCaseExecutor.java:442)
	at com.kms.katalon.core.main.TestCaseExecutor.doExecute(TestCaseExecutor.java:433)
	at com.kms.katalon.core.main.TestCaseExecutor.processExecutionPhase(TestCaseExecutor.java:412)
	at com.kms.katalon.core.main.TestCaseExecutor.accessMainPhase(TestCaseExecutor.java:404)
	at com.kms.katalon.core.main.TestCaseExecutor.execute(TestCaseExecutor.java:281)
	at com.kms.katalon.core.main.TestSuiteExecutor.accessTestCaseMainPhase(TestSuiteExecutor.java:202)
	at com.kms.katalon.core.main.TestSuiteExecutor.accessTestSuiteMainPhase(TestSuiteExecutor.java:164)
	at com.kms.katalon.core.main.TestSuiteExecutor.execute(TestSuiteExecutor.java:105)
	at com.kms.katalon.core.main.TestCaseMain.startTestSuite(TestCaseMain.java:185)
	at com.kms.katalon.core.main.TestCaseMain$startTestSuite$0.call(Unknown Source)
	at TempTestSuite1676514794135.run(TempTestSuite1676514794135.groovy:36)
)
	at com.kms.katalon.core.keyword.internal.KeywordMain.stepFailed(KeywordMain.groovy:39)
	at com.kms.katalon.core.webui.keyword.internal.WebUIKeywordMain.stepFailed(WebUIKeywordMain.groovy:64)
	at com.kms.katalon.core.webui.keyword.builtin.VerifyTextPresentKeyword$_verifyTextPresent_closure1.doCall(VerifyTextPresentKeyword.groovy:79)
	at com.kms.katalon.core.webui.keyword.builtin.VerifyTextPresentKeyword$_verifyTextPresent_closure1.call(VerifyTextPresentKeyword.groovy)
	at com.kms.katalon.core.webui.keyword.internal.WebUIKeywordMain.runKeyword(WebUIKeywordMain.groovy:20)
	at com.kms.katalon.core.webui.keyword.builtin.VerifyTextPresentKeyword.verifyTextPresent(VerifyTextPresentKeyword.groovy:83)
	at com.kms.katalon.core.webui.keyword.builtin.VerifyTextPresentKeyword.execute(VerifyTextPresentKeyword.groovy:68)
	at com.kms.katalon.core.keyword.internal.KeywordExecutor.executeKeywordForPlatform(KeywordExecutor.groovy:74)
	at com.kms.katalon.core.webui.keyword.WebUiBuiltInKeywords.verifyTextPresent(WebUiBuiltInKeywords.groovy:1723)
	at com.kms.katalon.core.webui.keyword.WebUiBuiltInKeywords$verifyTextPresent$4.call(Unknown Source)
	at AuthOnly.run(AuthOnly:157)
	at com.kms.katalon.core.main.ScriptEngine.run(ScriptEngine.java:194)
	at com.kms.katalon.core.main.ScriptEngine.runScriptAsRawText(ScriptEngine.java:119)
	at com.kms.katalon.core.main.TestCaseExecutor.runScript(TestCaseExecutor.java:442)
	at com.kms.katalon.core.main.TestCaseExecutor.doExecute(TestCaseExecutor.java:433)
	at com.kms.katalon.core.main.TestCaseExecutor.processExecutionPhase(TestCaseExecutor.java:412)
	at com.kms.katalon.core.main.TestCaseExecutor.accessMainPhase(TestCaseExecutor.java:404)
	at com.kms.katalon.core.main.TestCaseExecutor.execute(TestCaseExecutor.java:281)
	at com.kms.katalon.core.main.TestSuiteExecutor.accessTestCaseMainPhase(TestSuiteExecutor.java:202)
	at com.kms.katalon.core.main.TestSuiteExecutor.accessTestSuiteMainPhase(TestSuiteExecutor.java:164)
	at com.kms.katalon.core.main.TestSuiteExecutor.execute(TestSuiteExecutor.java:105)
	at com.kms.katalon.core.main.TestCaseMain.startTestSuite(TestCaseMain.java:185)
	at com.kms.katalon.core.main.TestCaseMain$startTestSuite$0.call(Unknown Source)
	at TempTestSuite1676514794135.run(TempTestSuite1676514794135.groovy:36)
Caused by: com.kms.katalon.core.exception.StepFailedException: Text 'Transaction approved, no errors' is not present on page  using regular expression
	... 23 more


2023-02-15 21:33:21 - [TEST_STEP][PASSED] - executionProfile = getExecutionProfile(): null

2023-02-15 21:33:21 - [TEST_STEP][PASSED] - out.println("executionProfile : " + executionProfile): null

2023-02-15 21:33:21 - [TEST_STEP][PASSED] - appName = <not implemented yet for class: org.codehaus.groovy.ast.expr.EmptyExpression>: null

2023-02-15 21:33:21 - [TEST_STEP][PASSED] - appID = <not implemented yet for class: org.codehaus.groovy.ast.expr.EmptyExpression>: null

2023-02-15 21:33:22 - [TEST_STEP][PASSED] - username = <not implemented yet for class: org.codehaus.groovy.ast.expr.EmptyExpression>: null

2023-02-15 21:33:22 - [TEST_STEP][PASSED] - password = <not implemented yet for class: org.codehaus.groovy.ast.expr.EmptyExpression>: null

2023-02-15 21:33:22 - [TEST_STEP][PASSED] - cardNameV = <not implemented yet for class: org.codehaus.groovy.ast.expr.EmptyExpression>: null

2023-02-15 21:33:22 - [TEST_STEP][PASSED] - al1V = <not implemented yet for class: org.codehaus.groovy.ast.expr.EmptyExpression>: null

2023-02-15 21:33:22 - [TEST_STEP][PASSED] - al2V = <not implemented yet for class: org.codehaus.groovy.ast.expr.EmptyExpression>: null

2023-02-15 21:33:22 - [TEST_STEP][PASSED] - zipV = <not implemented yet for class: org.codehaus.groovy.ast.expr.EmptyExpression>: null

2023-02-15 21:33:22 - [TEST_STEP][PASSED] - cardTypeV = <not implemented yet for class: org.codehaus.groovy.ast.expr.EmptyExpression>: null

2023-02-15 21:33:22 - [TEST_STEP][PASSED] - last4V = <not implemented yet for class: org.codehaus.groovy.ast.expr.EmptyExpression>: null

2023-02-15 21:33:22 - [TEST_STEP][PASSED] - resText = "Fail": null

2023-02-15 21:33:22 - [TEST_STEP][PASSED] - resColumn = "Result": null

2023-02-15 21:33:22 - [TEST_STEP][PASSED] - datCloumn = "Date": null

2023-02-15 21:33:22 - [TEST_STEP][PASSED] - fileLoc = "KatalonData/VLinkSmokeData.xlsx": null

2023-02-15 21:33:22 - [TEST_STEP][PASSED] - numOfRows = <not implemented yet for class: org.codehaus.groovy.ast.expr.EmptyExpression>: null

2023-02-15 21:33:22 - [TEST_STEP][PASSED] - dataFile = <not implemented yet for class: org.codehaus.groovy.ast.expr.EmptyExpression>: null

2023-02-15 21:33:22 - [TEST_STEP][PASSED] - nameSheet = <not implemented yet for class: org.codehaus.groovy.ast.expr.EmptyExpression>: null

2023-02-15 21:33:22 - [TEST_STEP][PASSED] - nameSheet = "Auth": null

2023-02-15 21:33:22 - [TEST_STEP][PASSED] - numOfRows = findTestData("QA/VLinkTestData/VLinkSmokeData").getRowNumbers(): null

2023-02-15 21:33:23 - [TEST_STEP][PASSED] - println("Number of Records: " + numOfRows): null

2023-02-15 21:33:23 - [TEST_STEP][PASSED] - dataFile = "QA/VLinkTestData/VLinkSmokeData": null

2023-02-15 21:33:23 - [TEST_STEP][FAILED] - for ([row = 1, row <= numOfRows, (row++)]): null

2023-02-15 21:33:23 - [TEST_STEP][PASSED] - ExecuteTC = findTestData(dataFile).getValue("Execute", row): null

2023-02-15 21:33:23 - [TEST_STEP][PASSED] - out.println("Value of Execute is : " + ExecuteTC): null

2023-02-15 21:33:23 - [TEST_STEP][PASSED] - switch (executionProfile): null

2023-02-15 21:33:23 - [TEST_STEP][PASSED] - case "QAProfile":: null

2023-02-15 21:33:23 - [TEST_STEP][PASSED] - appID = findTestData(dataFile).getValue("AppIDQA", row): null

2023-02-15 21:33:23 - [TEST_STEP][PASSED] - username = findTestData(dataFile).getValue("UsernameQA", row): null

2023-02-15 21:33:24 - [TEST_STEP][PASSED] - password = findTestData(dataFile).getValue("PasswordQA", row): null

2023-02-15 21:33:24 - [TEST_STEP][PASSED] - break: null

2023-02-15 21:33:24 - [TEST_STEP][PASSED] - if (ExecuteTC.equalsIgnoreCase("Y")): null

2023-02-15 21:33:24 - [TEST_STEP][PASSED] - out.println("Begin Record Number: " + row): null

2023-02-15 21:33:24 - [TEST_STEP][PASSED] - today = new java.util.Date(): null

2023-02-15 21:33:24 - [TEST_STEP][PASSED] - println(today): null

2023-02-15 21:33:24 - [TEST_STEP][PASSED] - datText = today: null

2023-02-15 21:33:24 - [TEST_STEP][PASSED] - category = findTestData(dataFile).getValue("Category", row): null

2023-02-15 21:33:24 - [TEST_STEP][PASSED] - amount = findTestData(dataFile).getValue("Amount", row): null

2023-02-15 21:33:24 - [TEST_STEP][PASSED] - cardNumber = findTestData(dataFile).getValue("CardNumber", row): null

2023-02-15 21:33:24 - [TEST_STEP][PASSED] - exM = findTestData(dataFile).getValue("ExM", row): null

2023-02-15 21:33:25 - [TEST_STEP][PASSED] - exY = findTestData(dataFile).getValue("ExY", row): null

2023-02-15 21:33:25 - [TEST_STEP][PASSED] - openBrowser(VLinkURL + "auth.html"): Browser is opened with url: 'https://dev-algorithm.govolution.com/vlinktest/QA/version_2_0/auth.html'

2023-02-15 21:33:26 - [MESSAGE][INFO] - Starting 'Chrome' driver

2023-02-15 21:33:26 - [MESSAGE][INFO] - User set preference: ['acceptInsecureCerts', 'true']

2023-02-15 21:33:26 - [MESSAGE][INFO] - Action delay is set to 0 milliseconds

2023-02-15 21:33:29 - [MESSAGE][PASSED] - Browser is opened with url: 'https://dev-algorithm.govolution.com/vlinktest/QA/version_2_0/auth.html'

2023-02-15 21:33:29 - [TEST_STEP][PASSED] - maximizeWindow(): Current window maximized

2023-02-15 21:33:29 - [MESSAGE][PASSED] - Current window maximized

2023-02-15 21:33:29 - [TEST_STEP][PASSED] - maximizeWindow(): Current window maximized

2023-02-15 21:33:29 - [MESSAGE][PASSED] - Current window maximized

2023-02-15 21:33:29 - [TEST_STEP][PASSED] - genRemID = RandomStringUtils.random(12, true, true): null

2023-02-15 21:33:29 - [TEST_STEP][PASSED] - setText(findTestObject("Object Repository/VLink/Page_CCSale/txt_RemID"), genRemID): Text 'BCrjZcNUYVCD' is set on object 'Object Repository/VLink/Page_CCSale/txt_RemID'

2023-02-15 21:33:30 - [MESSAGE][PASSED] - Text 'BCrjZcNUYVCD' is set on object 'Object Repository/VLink/Page_CCSale/txt_RemID'

2023-02-15 21:33:30 - [TEST_STEP][PASSED] - setText(findTestObject("Object Repository/RecAndPlayBk/Page-Vlink-AuthOnly/input_Remittance Id_remittance_id"), genRemID): Text 'BCrjZcNUYVCD' is set on object 'Object Repository/RecAndPlayBk/Page-Vlink-AuthOnly/input_Remittance Id_remittance_id'

2023-02-15 21:33:30 - [MESSAGE][PASSED] - Text 'BCrjZcNUYVCD' is set on object 'Object Repository/RecAndPlayBk/Page-Vlink-AuthOnly/input_Remittance Id_remittance_id'

2023-02-15 21:33:30 - [TEST_STEP][PASSED] - setText(findTestObject("Object Repository/RecAndPlayBk/Page-Vlink-AuthOnly/input_Application Id_application_id"), appID): Text '234' is set on object 'Object Repository/RecAndPlayBk/Page-Vlink-AuthOnly/input_Application Id_application_id'

2023-02-15 21:33:31 - [MESSAGE][PASSED] - Text '234' is set on object 'Object Repository/RecAndPlayBk/Page-Vlink-AuthOnly/input_Application Id_application_id'

2023-02-15 21:33:31 - [TEST_STEP][PASSED] - setText(findTestObject("Object Repository/RecAndPlayBk/Page-Vlink-AuthOnly/input_Username_username"), username): Text 'username' is set on object 'Object Repository/RecAndPlayBk/Page-Vlink-AuthOnly/input_Username_username'

2023-02-15 21:33:32 - [MESSAGE][PASSED] - Text 'username' is set on object 'Object Repository/RecAndPlayBk/Page-Vlink-AuthOnly/input_Username_username'

2023-02-15 21:33:32 - [TEST_STEP][PASSED] - setText(findTestObject("Object Repository/RecAndPlayBk/Page-Vlink-AuthOnly/input_Password_password"), password): Text 'password' is set on object 'Object Repository/RecAndPlayBk/Page-Vlink-AuthOnly/input_Password_password'

2023-02-15 21:33:32 - [MESSAGE][PASSED] - Text 'password' is set on object 'Object Repository/RecAndPlayBk/Page-Vlink-AuthOnly/input_Password_password'

2023-02-15 21:33:32 - [TEST_STEP][PASSED] - setText(findTestObject("Object Repository/RecAndPlayBk/Page-Vlink-AuthOnly/input_Category_category"), category): Text 'ECOM' is set on object 'Object Repository/RecAndPlayBk/Page-Vlink-AuthOnly/input_Category_category'

2023-02-15 21:33:33 - [MESSAGE][PASSED] - Text 'ECOM' is set on object 'Object Repository/RecAndPlayBk/Page-Vlink-AuthOnly/input_Category_category'

2023-02-15 21:33:33 - [TEST_STEP][PASSED] - setText(findTestObject("Object Repository/RecAndPlayBk/Page-Vlink-AuthOnly/input_Amount_amount"), amount): Text '10.5' is set on object 'Object Repository/RecAndPlayBk/Page-Vlink-AuthOnly/input_Amount_amount'

2023-02-15 21:33:34 - [MESSAGE][PASSED] - Text '10.5' is set on object 'Object Repository/RecAndPlayBk/Page-Vlink-AuthOnly/input_Amount_amount'

2023-02-15 21:33:34 - [TEST_STEP][PASSED] - doubleClick(findTestObject("Object Repository/RecAndPlayBk/Page-Vlink-AuthOnly/input_Card number_card_number")): Object: 'Object Repository/RecAndPlayBk/Page-Vlink-AuthOnly/input_Card number_card_number' is double clicked on

2023-02-15 21:33:34 - [MESSAGE][PASSED] - Object: 'Object Repository/RecAndPlayBk/Page-Vlink-AuthOnly/input_Card number_card_number' is double clicked on

2023-02-15 21:33:34 - [TEST_STEP][PASSED] - setText(findTestObject("Object Repository/RecAndPlayBk/Page-Vlink-AuthOnly/input_Card number_card_number"), cardNumber): Text '4111111111111111' is set on object 'Object Repository/RecAndPlayBk/Page-Vlink-AuthOnly/input_Card number_card_number'

2023-02-15 21:33:35 - [MESSAGE][PASSED] - Text '4111111111111111' is set on object 'Object Repository/RecAndPlayBk/Page-Vlink-AuthOnly/input_Card number_card_number'

2023-02-15 21:33:35 - [TEST_STEP][PASSED] - setText(findTestObject("Object Repository/RecAndPlayBk/Page-Vlink-AuthOnly/input_Card ex month_card_exmo"), exM): Text '12' is set on object 'Object Repository/RecAndPlayBk/Page-Vlink-AuthOnly/input_Card ex month_card_exmo'

2023-02-15 21:33:35 - [MESSAGE][PASSED] - Text '12' is set on object 'Object Repository/RecAndPlayBk/Page-Vlink-AuthOnly/input_Card ex month_card_exmo'

2023-02-15 21:33:35 - [TEST_STEP][PASSED] - setText(findTestObject("Object Repository/RecAndPlayBk/Page-Vlink-AuthOnly/input_Card ex year_card_exyr"), exY): Text '2029' is set on object 'Object Repository/RecAndPlayBk/Page-Vlink-AuthOnly/input_Card ex year_card_exyr'

2023-02-15 21:33:36 - [MESSAGE][PASSED] - Text '2029' is set on object 'Object Repository/RecAndPlayBk/Page-Vlink-AuthOnly/input_Card ex year_card_exyr'

2023-02-15 21:33:36 - [TEST_STEP][PASSED] - click(findTestObject("Object Repository/RecAndPlayBk/Page-Vlink-AuthOnly/input_Track Data_track_data")): Object: 'Object Repository/RecAndPlayBk/Page-Vlink-AuthOnly/input_Track Data_track_data' is clicked on

2023-02-15 21:33:36 - [MESSAGE][PASSED] - Object: 'Object Repository/RecAndPlayBk/Page-Vlink-AuthOnly/input_Track Data_track_data' is clicked on

2023-02-15 21:33:36 - [TEST_STEP][PASSED] - click(findTestObject("Object Repository/RecAndPlayBk/Page-Vlink-AuthOnly/input_CVV state_cvv_state")): Object: 'Object Repository/RecAndPlayBk/Page-Vlink-AuthOnly/input_CVV state_cvv_state' is clicked on

2023-02-15 21:33:37 - [MESSAGE][PASSED] - Object: 'Object Repository/RecAndPlayBk/Page-Vlink-AuthOnly/input_CVV state_cvv_state' is clicked on

2023-02-15 21:33:37 - [TEST_STEP][PASSED] - setText(findTestObject("Object Repository/RecAndPlayBk/Page-Vlink-AuthOnly/input_Track Data_track_data"), ""): Text '' is set on object 'Object Repository/RecAndPlayBk/Page-Vlink-AuthOnly/input_Track Data_track_data'

2023-02-15 21:33:37 - [MESSAGE][PASSED] - Text '' is set on object 'Object Repository/RecAndPlayBk/Page-Vlink-AuthOnly/input_Track Data_track_data'

2023-02-15 21:33:37 - [TEST_STEP][PASSED] - setText(findTestObject("Object Repository/RecAndPlayBk/Page-Vlink-AuthOnly/input_concat(Cardholder, , s email)_email"), ""): Text '' is set on object 'Object Repository/RecAndPlayBk/Page-Vlink-AuthOnly/input_concat(Cardholder, , s email)_email'

2023-02-15 21:33:38 - [MESSAGE][PASSED] - Text '' is set on object 'Object Repository/RecAndPlayBk/Page-Vlink-AuthOnly/input_concat(Cardholder, , s email)_email'

2023-02-15 21:33:38 - [TEST_STEP][PASSED] - click(findTestObject("Object Repository/RecAndPlayBk/Page-Vlink-AuthOnly/input_user_defined10_user_defined10")): Object: 'Object Repository/RecAndPlayBk/Page-Vlink-AuthOnly/input_user_defined10_user_defined10' is clicked on

2023-02-15 21:33:38 - [MESSAGE][PASSED] - Object: 'Object Repository/RecAndPlayBk/Page-Vlink-AuthOnly/input_user_defined10_user_defined10' is clicked on

2023-02-15 21:33:38 - [TEST_STEP][PASSED] - if (executionProfile.equalsIgnoreCase("QAProfile")): Text '' is set on object 'Object Repository/RecAndPlayBk/Page-Vlink-AuthOnly/input_COF Transaction Initiated by_cof_tran_6cded5'

2023-02-15 21:33:38 - [TEST_STEP][PASSED] - setText(findTestObject("Object Repository/RecAndPlayBk/Page-Vlink-AuthOnly/input_Card on File Indicator_card_on_file_i_157dae"), ""): Text '' is set on object 'Object Repository/RecAndPlayBk/Page-Vlink-AuthOnly/input_Card on File Indicator_card_on_file_i_157dae'

2023-02-15 21:33:39 - [MESSAGE][PASSED] - Text '' is set on object 'Object Repository/RecAndPlayBk/Page-Vlink-AuthOnly/input_Card on File Indicator_card_on_file_i_157dae'

2023-02-15 21:33:39 - [TEST_STEP][PASSED] - setText(findTestObject("Object Repository/RecAndPlayBk/Page-Vlink-AuthOnly/input_Stored Credential Indicator_stored_cr_4ae73c"), ""): Text '' is set on object 'Object Repository/RecAndPlayBk/Page-Vlink-AuthOnly/input_Stored Credential Indicator_stored_cr_4ae73c'

2023-02-15 21:33:40 - [MESSAGE][PASSED] - Text '' is set on object 'Object Repository/RecAndPlayBk/Page-Vlink-AuthOnly/input_Stored Credential Indicator_stored_cr_4ae73c'

2023-02-15 21:33:40 - [TEST_STEP][PASSED] - setText(findTestObject("Object Repository/RecAndPlayBk/Page-Vlink-AuthOnly/input_COF Scheduled indicator_cof_scheduled_8df7d8"), ""): Text '' is set on object 'Object Repository/RecAndPlayBk/Page-Vlink-AuthOnly/input_COF Scheduled indicator_cof_scheduled_8df7d8'

2023-02-15 21:33:40 - [MESSAGE][PASSED] - Text '' is set on object 'Object Repository/RecAndPlayBk/Page-Vlink-AuthOnly/input_COF Scheduled indicator_cof_scheduled_8df7d8'

2023-02-15 21:33:40 - [TEST_STEP][PASSED] - setText(findTestObject("Object Repository/RecAndPlayBk/Page-Vlink-AuthOnly/input_COF Transaction Initiated by_cof_tran_6cded5"), ""): Text '' is set on object 'Object Repository/RecAndPlayBk/Page-Vlink-AuthOnly/input_COF Transaction Initiated by_cof_tran_6cded5'

2023-02-15 21:33:41 - [MESSAGE][PASSED] - Text '' is set on object 'Object Repository/RecAndPlayBk/Page-Vlink-AuthOnly/input_COF Transaction Initiated by_cof_tran_6cded5'

2023-02-15 21:33:41 - [TEST_STEP][PASSED] - click(findTestObject("Object Repository/RecAndPlayBk/Page-Vlink-AuthOnly/input")): Object: 'Object Repository/RecAndPlayBk/Page-Vlink-AuthOnly/input' is clicked on

2023-02-15 21:33:43 - [MESSAGE][PASSED] - Object: 'Object Repository/RecAndPlayBk/Page-Vlink-AuthOnly/input' is clicked on

2023-02-15 21:33:43 - [TEST_STEP][PASSED] - if (verifyTextPresent("Transaction approved, no errors", true)): null

2023-02-15 21:33:43 - [MESSAGE][PASSED] - Text 'Transaction approved, no errors' is present on page  using regular expression

2023-02-15 21:33:43 - [TEST_STEP][PASSED] - println("Transaction Approved, no errors text is present on the Confirmation page"): null

2023-02-15 21:33:43 - [TEST_STEP][PASSED] - out.println("Pass Record Number: " + row): null

2023-02-15 21:33:43 - [TEST_STEP][PASSED] - resText = "Pass": null

2023-02-15 21:33:43 - [TEST_STEP][PASSED] - pages.WriteExcel.demoKey(resText, datText, resColumn, datCloumn, fileLoc, nameSheet, row): pages.WriteExcel.demoKey is PASSED

2023-02-15 21:33:44 - [MESSAGE][PASSED] - pages.WriteExcel.demoKey is PASSED

2023-02-15 21:33:44 - [TEST_STEP][PASSED] - ExecuteTC = findTestData(dataFile).getValue("Execute", row): null

2023-02-15 21:33:44 - [TEST_STEP][PASSED] - out.println("Value of Execute is : " + ExecuteTC): null

2023-02-15 21:33:44 - [TEST_STEP][PASSED] - switch (executionProfile): null

2023-02-15 21:33:44 - [TEST_STEP][PASSED] - case "QAProfile":: null

2023-02-15 21:33:44 - [TEST_STEP][PASSED] - appID = findTestData(dataFile).getValue("AppIDQA", row): null

2023-02-15 21:33:44 - [TEST_STEP][PASSED] - username = findTestData(dataFile).getValue("UsernameQA", row): null

2023-02-15 21:33:44 - [TEST_STEP][PASSED] - password = findTestData(dataFile).getValue("PasswordQA", row): null

2023-02-15 21:33:45 - [TEST_STEP][PASSED] - break: null

2023-02-15 21:33:45 - [TEST_STEP][PASSED] - if (ExecuteTC.equalsIgnoreCase("Y")): null

2023-02-15 21:33:45 - [TEST_STEP][PASSED] - out.println("Begin Record Number: " + row): null

2023-02-15 21:33:45 - [TEST_STEP][PASSED] - today = new java.util.Date(): null

2023-02-15 21:33:45 - [TEST_STEP][PASSED] - println(today): null

2023-02-15 21:33:45 - [TEST_STEP][PASSED] - datText = today: null

2023-02-15 21:33:45 - [TEST_STEP][PASSED] - category = findTestData(dataFile).getValue("Category", row): null

2023-02-15 21:33:45 - [TEST_STEP][PASSED] - amount = findTestData(dataFile).getValue("Amount", row): null

2023-02-15 21:33:45 - [TEST_STEP][PASSED] - cardNumber = findTestData(dataFile).getValue("CardNumber", row): null

2023-02-15 21:33:45 - [TEST_STEP][PASSED] - exM = findTestData(dataFile).getValue("ExM", row): null

2023-02-15 21:33:45 - [TEST_STEP][PASSED] - exY = findTestData(dataFile).getValue("ExY", row): null

2023-02-15 21:33:46 - [TEST_STEP][PASSED] - openBrowser(VLinkURL + "auth.html"): Browser is opened with url: 'https://dev-algorithm.govolution.com/vlinktest/QA/version_2_0/auth.html'

2023-02-15 21:33:46 - [MESSAGE][WARNING] - A browser is already opened. Closing browser and opening a new one

2023-02-15 21:33:46 - [MESSAGE][INFO] - Starting 'Chrome' driver

2023-02-15 21:33:47 - [MESSAGE][INFO] - User set preference: ['acceptInsecureCerts', 'true']

2023-02-15 21:33:47 - [MESSAGE][INFO] - Action delay is set to 0 milliseconds

2023-02-15 21:33:48 - [MESSAGE][PASSED] - Browser is opened with url: 'https://dev-algorithm.govolution.com/vlinktest/QA/version_2_0/auth.html'

2023-02-15 21:33:48 - [TEST_STEP][PASSED] - maximizeWindow(): Current window maximized

2023-02-15 21:33:48 - [MESSAGE][PASSED] - Current window maximized

2023-02-15 21:33:48 - [TEST_STEP][PASSED] - maximizeWindow(): Current window maximized

2023-02-15 21:33:48 - [MESSAGE][PASSED] - Current window maximized

2023-02-15 21:33:48 - [TEST_STEP][PASSED] - genRemID = RandomStringUtils.random(12, true, true): null

2023-02-15 21:33:48 - [TEST_STEP][PASSED] - setText(findTestObject("Object Repository/VLink/Page_CCSale/txt_RemID"), genRemID): Text 'ZX05cFxaYk8v' is set on object 'Object Repository/VLink/Page_CCSale/txt_RemID'

2023-02-15 21:33:49 - [MESSAGE][PASSED] - Text 'ZX05cFxaYk8v' is set on object 'Object Repository/VLink/Page_CCSale/txt_RemID'

2023-02-15 21:33:49 - [TEST_STEP][PASSED] - setText(findTestObject("Object Repository/RecAndPlayBk/Page-Vlink-AuthOnly/input_Remittance Id_remittance_id"), genRemID): Text 'ZX05cFxaYk8v' is set on object 'Object Repository/RecAndPlayBk/Page-Vlink-AuthOnly/input_Remittance Id_remittance_id'

2023-02-15 21:33:50 - [MESSAGE][PASSED] - Text 'ZX05cFxaYk8v' is set on object 'Object Repository/RecAndPlayBk/Page-Vlink-AuthOnly/input_Remittance Id_remittance_id'

2023-02-15 21:33:50 - [TEST_STEP][PASSED] - setText(findTestObject("Object Repository/RecAndPlayBk/Page-Vlink-AuthOnly/input_Application Id_application_id"), appID): Text '234' is set on object 'Object Repository/RecAndPlayBk/Page-Vlink-AuthOnly/input_Application Id_application_id'

2023-02-15 21:33:51 - [MESSAGE][PASSED] - Text '234' is set on object 'Object Repository/RecAndPlayBk/Page-Vlink-AuthOnly/input_Application Id_application_id'

2023-02-15 21:33:51 - [TEST_STEP][PASSED] - setText(findTestObject("Object Repository/RecAndPlayBk/Page-Vlink-AuthOnly/input_Username_username"), username): Text 'username' is set on object 'Object Repository/RecAndPlayBk/Page-Vlink-AuthOnly/input_Username_username'

2023-02-15 21:33:51 - [MESSAGE][PASSED] - Text 'username' is set on object 'Object Repository/RecAndPlayBk/Page-Vlink-AuthOnly/input_Username_username'

2023-02-15 21:33:51 - [TEST_STEP][PASSED] - setText(findTestObject("Object Repository/RecAndPlayBk/Page-Vlink-AuthOnly/input_Password_password"), password): Text 'password' is set on object 'Object Repository/RecAndPlayBk/Page-Vlink-AuthOnly/input_Password_password'

2023-02-15 21:33:52 - [MESSAGE][PASSED] - Text 'password' is set on object 'Object Repository/RecAndPlayBk/Page-Vlink-AuthOnly/input_Password_password'

2023-02-15 21:33:52 - [TEST_STEP][PASSED] - setText(findTestObject("Object Repository/RecAndPlayBk/Page-Vlink-AuthOnly/input_Category_category"), category): Text 'MOTO' is set on object 'Object Repository/RecAndPlayBk/Page-Vlink-AuthOnly/input_Category_category'

2023-02-15 21:33:53 - [MESSAGE][PASSED] - Text 'MOTO' is set on object 'Object Repository/RecAndPlayBk/Page-Vlink-AuthOnly/input_Category_category'

2023-02-15 21:33:53 - [TEST_STEP][PASSED] - setText(findTestObject("Object Repository/RecAndPlayBk/Page-Vlink-AuthOnly/input_Amount_amount"), amount): Text '10.5' is set on object 'Object Repository/RecAndPlayBk/Page-Vlink-AuthOnly/input_Amount_amount'

2023-02-15 21:33:53 - [MESSAGE][PASSED] - Text '10.5' is set on object 'Object Repository/RecAndPlayBk/Page-Vlink-AuthOnly/input_Amount_amount'

2023-02-15 21:33:53 - [TEST_STEP][PASSED] - doubleClick(findTestObject("Object Repository/RecAndPlayBk/Page-Vlink-AuthOnly/input_Card number_card_number")): Object: 'Object Repository/RecAndPlayBk/Page-Vlink-AuthOnly/input_Card number_card_number' is double clicked on

2023-02-15 21:33:54 - [MESSAGE][PASSED] - Object: 'Object Repository/RecAndPlayBk/Page-Vlink-AuthOnly/input_Card number_card_number' is double clicked on

2023-02-15 21:33:54 - [TEST_STEP][PASSED] - setText(findTestObject("Object Repository/RecAndPlayBk/Page-Vlink-AuthOnly/input_Card number_card_number"), cardNumber): Text '5424000000000015' is set on object 'Object Repository/RecAndPlayBk/Page-Vlink-AuthOnly/input_Card number_card_number'

2023-02-15 21:33:54 - [MESSAGE][PASSED] - Text '5424000000000015' is set on object 'Object Repository/RecAndPlayBk/Page-Vlink-AuthOnly/input_Card number_card_number'

2023-02-15 21:33:54 - [TEST_STEP][PASSED] - setText(findTestObject("Object Repository/RecAndPlayBk/Page-Vlink-AuthOnly/input_Card ex month_card_exmo"), exM): Text '12' is set on object 'Object Repository/RecAndPlayBk/Page-Vlink-AuthOnly/input_Card ex month_card_exmo'

2023-02-15 21:33:55 - [MESSAGE][PASSED] - Text '12' is set on object 'Object Repository/RecAndPlayBk/Page-Vlink-AuthOnly/input_Card ex month_card_exmo'

2023-02-15 21:33:55 - [TEST_STEP][PASSED] - setText(findTestObject("Object Repository/RecAndPlayBk/Page-Vlink-AuthOnly/input_Card ex year_card_exyr"), exY): Text '2029' is set on object 'Object Repository/RecAndPlayBk/Page-Vlink-AuthOnly/input_Card ex year_card_exyr'

2023-02-15 21:33:56 - [MESSAGE][PASSED] - Text '2029' is set on object 'Object Repository/RecAndPlayBk/Page-Vlink-AuthOnly/input_Card ex year_card_exyr'

2023-02-15 21:33:56 - [TEST_STEP][PASSED] - click(findTestObject("Object Repository/RecAndPlayBk/Page-Vlink-AuthOnly/input_Track Data_track_data")): Object: 'Object Repository/RecAndPlayBk/Page-Vlink-AuthOnly/input_Track Data_track_data' is clicked on

2023-02-15 21:33:56 - [MESSAGE][PASSED] - Object: 'Object Repository/RecAndPlayBk/Page-Vlink-AuthOnly/input_Track Data_track_data' is clicked on

2023-02-15 21:33:56 - [TEST_STEP][PASSED] - click(findTestObject("Object Repository/RecAndPlayBk/Page-Vlink-AuthOnly/input_CVV state_cvv_state")): Object: 'Object Repository/RecAndPlayBk/Page-Vlink-AuthOnly/input_CVV state_cvv_state' is clicked on

2023-02-15 21:33:56 - [MESSAGE][PASSED] - Object: 'Object Repository/RecAndPlayBk/Page-Vlink-AuthOnly/input_CVV state_cvv_state' is clicked on

2023-02-15 21:33:56 - [TEST_STEP][PASSED] - setText(findTestObject("Object Repository/RecAndPlayBk/Page-Vlink-AuthOnly/input_Track Data_track_data"), ""): Text '' is set on object 'Object Repository/RecAndPlayBk/Page-Vlink-AuthOnly/input_Track Data_track_data'

2023-02-15 21:33:57 - [MESSAGE][PASSED] - Text '' is set on object 'Object Repository/RecAndPlayBk/Page-Vlink-AuthOnly/input_Track Data_track_data'

2023-02-15 21:33:57 - [TEST_STEP][PASSED] - setText(findTestObject("Object Repository/RecAndPlayBk/Page-Vlink-AuthOnly/input_concat(Cardholder, , s email)_email"), ""): Text '' is set on object 'Object Repository/RecAndPlayBk/Page-Vlink-AuthOnly/input_concat(Cardholder, , s email)_email'

2023-02-15 21:33:58 - [MESSAGE][PASSED] - Text '' is set on object 'Object Repository/RecAndPlayBk/Page-Vlink-AuthOnly/input_concat(Cardholder, , s email)_email'

2023-02-15 21:33:58 - [TEST_STEP][PASSED] - click(findTestObject("Object Repository/RecAndPlayBk/Page-Vlink-AuthOnly/input_user_defined10_user_defined10")): Object: 'Object Repository/RecAndPlayBk/Page-Vlink-AuthOnly/input_user_defined10_user_defined10' is clicked on

2023-02-15 21:33:58 - [MESSAGE][PASSED] - Object: 'Object Repository/RecAndPlayBk/Page-Vlink-AuthOnly/input_user_defined10_user_defined10' is clicked on

2023-02-15 21:33:58 - [TEST_STEP][PASSED] - if (executionProfile.equalsIgnoreCase("QAProfile")): Text '' is set on object 'Object Repository/RecAndPlayBk/Page-Vlink-AuthOnly/input_COF Transaction Initiated by_cof_tran_6cded5'

2023-02-15 21:33:58 - [TEST_STEP][PASSED] - setText(findTestObject("Object Repository/RecAndPlayBk/Page-Vlink-AuthOnly/input_Card on File Indicator_card_on_file_i_157dae"), ""): Text '' is set on object 'Object Repository/RecAndPlayBk/Page-Vlink-AuthOnly/input_Card on File Indicator_card_on_file_i_157dae'

2023-02-15 21:33:59 - [MESSAGE][PASSED] - Text '' is set on object 'Object Repository/RecAndPlayBk/Page-Vlink-AuthOnly/input_Card on File Indicator_card_on_file_i_157dae'

2023-02-15 21:33:59 - [TEST_STEP][PASSED] - setText(findTestObject("Object Repository/RecAndPlayBk/Page-Vlink-AuthOnly/input_Stored Credential Indicator_stored_cr_4ae73c"), ""): Text '' is set on object 'Object Repository/RecAndPlayBk/Page-Vlink-AuthOnly/input_Stored Credential Indicator_stored_cr_4ae73c'

2023-02-15 21:33:59 - [MESSAGE][PASSED] - Text '' is set on object 'Object Repository/RecAndPlayBk/Page-Vlink-AuthOnly/input_Stored Credential Indicator_stored_cr_4ae73c'

2023-02-15 21:33:59 - [TEST_STEP][PASSED] - setText(findTestObject("Object Repository/RecAndPlayBk/Page-Vlink-AuthOnly/input_COF Scheduled indicator_cof_scheduled_8df7d8"), ""): Text '' is set on object 'Object Repository/RecAndPlayBk/Page-Vlink-AuthOnly/input_COF Scheduled indicator_cof_scheduled_8df7d8'

2023-02-15 21:34:00 - [MESSAGE][PASSED] - Text '' is set on object 'Object Repository/RecAndPlayBk/Page-Vlink-AuthOnly/input_COF Scheduled indicator_cof_scheduled_8df7d8'

2023-02-15 21:34:00 - [TEST_STEP][PASSED] - setText(findTestObject("Object Repository/RecAndPlayBk/Page-Vlink-AuthOnly/input_COF Transaction Initiated by_cof_tran_6cded5"), ""): Text '' is set on object 'Object Repository/RecAndPlayBk/Page-Vlink-AuthOnly/input_COF Transaction Initiated by_cof_tran_6cded5'

2023-02-15 21:34:01 - [MESSAGE][PASSED] - Text '' is set on object 'Object Repository/RecAndPlayBk/Page-Vlink-AuthOnly/input_COF Transaction Initiated by_cof_tran_6cded5'

2023-02-15 21:34:01 - [TEST_STEP][PASSED] - click(findTestObject("Object Repository/RecAndPlayBk/Page-Vlink-AuthOnly/input")): Object: 'Object Repository/RecAndPlayBk/Page-Vlink-AuthOnly/input' is clicked on

2023-02-15 21:34:02 - [MESSAGE][PASSED] - Object: 'Object Repository/RecAndPlayBk/Page-Vlink-AuthOnly/input' is clicked on

2023-02-15 21:34:02 - [TEST_STEP][PASSED] - if (verifyTextPresent("Transaction approved, no errors", true)): null

2023-02-15 21:34:02 - [MESSAGE][PASSED] - Text 'Transaction approved, no errors' is present on page  using regular expression

2023-02-15 21:34:02 - [TEST_STEP][PASSED] - println("Transaction Approved, no errors text is present on the Confirmation page"): null

2023-02-15 21:34:02 - [TEST_STEP][PASSED] - out.println("Pass Record Number: " + row): null

2023-02-15 21:34:02 - [TEST_STEP][PASSED] - resText = "Pass": null

2023-02-15 21:34:02 - [TEST_STEP][PASSED] - pages.WriteExcel.demoKey(resText, datText, resColumn, datCloumn, fileLoc, nameSheet, row): pages.WriteExcel.demoKey is PASSED

2023-02-15 21:34:03 - [MESSAGE][PASSED] - pages.WriteExcel.demoKey is PASSED

2023-02-15 21:34:03 - [TEST_STEP][PASSED] - ExecuteTC = findTestData(dataFile).getValue("Execute", row): null

2023-02-15 21:34:03 - [TEST_STEP][PASSED] - out.println("Value of Execute is : " + ExecuteTC): null

2023-02-15 21:34:03 - [TEST_STEP][PASSED] - switch (executionProfile): null

2023-02-15 21:34:03 - [TEST_STEP][PASSED] - case "QAProfile":: null

2023-02-15 21:34:03 - [TEST_STEP][PASSED] - appID = findTestData(dataFile).getValue("AppIDQA", row): null

2023-02-15 21:34:03 - [TEST_STEP][PASSED] - username = findTestData(dataFile).getValue("UsernameQA", row): null

2023-02-15 21:34:03 - [TEST_STEP][PASSED] - password = findTestData(dataFile).getValue("PasswordQA", row): null

2023-02-15 21:34:03 - [TEST_STEP][PASSED] - break: null

2023-02-15 21:34:03 - [TEST_STEP][FAILED] - if (ExecuteTC.equalsIgnoreCase("Y")): null

2023-02-15 21:34:03 - [TEST_STEP][PASSED] - out.println("Begin Record Number: " + row): null

2023-02-15 21:34:03 - [TEST_STEP][PASSED] - today = new java.util.Date(): null

2023-02-15 21:34:03 - [TEST_STEP][PASSED] - println(today): null

2023-02-15 21:34:03 - [TEST_STEP][PASSED] - datText = today: null

2023-02-15 21:34:03 - [TEST_STEP][PASSED] - category = findTestData(dataFile).getValue("Category", row): null

2023-02-15 21:34:03 - [TEST_STEP][PASSED] - amount = findTestData(dataFile).getValue("Amount", row): null

2023-02-15 21:34:03 - [TEST_STEP][PASSED] - cardNumber = findTestData(dataFile).getValue("CardNumber", row): null

2023-02-15 21:34:03 - [TEST_STEP][PASSED] - exM = findTestData(dataFile).getValue("ExM", row): null

2023-02-15 21:34:04 - [TEST_STEP][PASSED] - exY = findTestData(dataFile).getValue("ExY", row): null

2023-02-15 21:34:04 - [TEST_STEP][PASSED] - openBrowser(VLinkURL + "auth.html"): Browser is opened with url: 'https://dev-algorithm.govolution.com/vlinktest/QA/version_2_0/auth.html'

2023-02-15 21:34:04 - [MESSAGE][WARNING] - A browser is already opened. Closing browser and opening a new one

2023-02-15 21:34:05 - [MESSAGE][INFO] - Starting 'Chrome' driver

2023-02-15 21:34:05 - [MESSAGE][INFO] - User set preference: ['acceptInsecureCerts', 'true']

2023-02-15 21:34:05 - [MESSAGE][INFO] - Action delay is set to 0 milliseconds

2023-02-15 21:34:06 - [MESSAGE][PASSED] - Browser is opened with url: 'https://dev-algorithm.govolution.com/vlinktest/QA/version_2_0/auth.html'

2023-02-15 21:34:06 - [TEST_STEP][PASSED] - maximizeWindow(): Current window maximized

2023-02-15 21:34:07 - [MESSAGE][PASSED] - Current window maximized

2023-02-15 21:34:07 - [TEST_STEP][PASSED] - maximizeWindow(): Current window maximized

2023-02-15 21:34:07 - [MESSAGE][PASSED] - Current window maximized

2023-02-15 21:34:07 - [TEST_STEP][PASSED] - genRemID = RandomStringUtils.random(12, true, true): null

2023-02-15 21:34:07 - [TEST_STEP][PASSED] - setText(findTestObject("Object Repository/VLink/Page_CCSale/txt_RemID"), genRemID): Text '5EvKLi8qlztj' is set on object 'Object Repository/VLink/Page_CCSale/txt_RemID'

2023-02-15 21:34:07 - [MESSAGE][PASSED] - Text '5EvKLi8qlztj' is set on object 'Object Repository/VLink/Page_CCSale/txt_RemID'

2023-02-15 21:34:07 - [TEST_STEP][PASSED] - setText(findTestObject("Object Repository/RecAndPlayBk/Page-Vlink-AuthOnly/input_Remittance Id_remittance_id"), genRemID): Text '5EvKLi8qlztj' is set on object 'Object Repository/RecAndPlayBk/Page-Vlink-AuthOnly/input_Remittance Id_remittance_id'

2023-02-15 21:34:08 - [MESSAGE][PASSED] - Text '5EvKLi8qlztj' is set on object 'Object Repository/RecAndPlayBk/Page-Vlink-AuthOnly/input_Remittance Id_remittance_id'

2023-02-15 21:34:08 - [TEST_STEP][PASSED] - setText(findTestObject("Object Repository/RecAndPlayBk/Page-Vlink-AuthOnly/input_Application Id_application_id"), appID): Text '234' is set on object 'Object Repository/RecAndPlayBk/Page-Vlink-AuthOnly/input_Application Id_application_id'

2023-02-15 21:34:09 - [MESSAGE][PASSED] - Text '234' is set on object 'Object Repository/RecAndPlayBk/Page-Vlink-AuthOnly/input_Application Id_application_id'

2023-02-15 21:34:09 - [TEST_STEP][PASSED] - setText(findTestObject("Object Repository/RecAndPlayBk/Page-Vlink-AuthOnly/input_Username_username"), username): Text 'username' is set on object 'Object Repository/RecAndPlayBk/Page-Vlink-AuthOnly/input_Username_username'

2023-02-15 21:34:09 - [MESSAGE][PASSED] - Text 'username' is set on object 'Object Repository/RecAndPlayBk/Page-Vlink-AuthOnly/input_Username_username'

2023-02-15 21:34:09 - [TEST_STEP][PASSED] - setText(findTestObject("Object Repository/RecAndPlayBk/Page-Vlink-AuthOnly/input_Password_password"), password): Text 'password' is set on object 'Object Repository/RecAndPlayBk/Page-Vlink-AuthOnly/input_Password_password'

2023-02-15 21:34:10 - [MESSAGE][PASSED] - Text 'password' is set on object 'Object Repository/RecAndPlayBk/Page-Vlink-AuthOnly/input_Password_password'

2023-02-15 21:34:10 - [TEST_STEP][PASSED] - setText(findTestObject("Object Repository/RecAndPlayBk/Page-Vlink-AuthOnly/input_Category_category"), category): Text 'RETL' is set on object 'Object Repository/RecAndPlayBk/Page-Vlink-AuthOnly/input_Category_category'

2023-02-15 21:34:11 - [MESSAGE][PASSED] - Text 'RETL' is set on object 'Object Repository/RecAndPlayBk/Page-Vlink-AuthOnly/input_Category_category'

2023-02-15 21:34:11 - [TEST_STEP][PASSED] - setText(findTestObject("Object Repository/RecAndPlayBk/Page-Vlink-AuthOnly/input_Amount_amount"), amount): Text '10.5' is set on object 'Object Repository/RecAndPlayBk/Page-Vlink-AuthOnly/input_Amount_amount'

2023-02-15 21:34:11 - [MESSAGE][PASSED] - Text '10.5' is set on object 'Object Repository/RecAndPlayBk/Page-Vlink-AuthOnly/input_Amount_amount'

2023-02-15 21:34:11 - [TEST_STEP][PASSED] - doubleClick(findTestObject("Object Repository/RecAndPlayBk/Page-Vlink-AuthOnly/input_Card number_card_number")): Object: 'Object Repository/RecAndPlayBk/Page-Vlink-AuthOnly/input_Card number_card_number' is double clicked on

2023-02-15 21:34:12 - [MESSAGE][PASSED] - Object: 'Object Repository/RecAndPlayBk/Page-Vlink-AuthOnly/input_Card number_card_number' is double clicked on

2023-02-15 21:34:12 - [TEST_STEP][PASSED] - setText(findTestObject("Object Repository/RecAndPlayBk/Page-Vlink-AuthOnly/input_Card number_card_number"), cardNumber): Text '370000000000002' is set on object 'Object Repository/RecAndPlayBk/Page-Vlink-AuthOnly/input_Card number_card_number'

2023-02-15 21:34:12 - [MESSAGE][PASSED] - Text '370000000000002' is set on object 'Object Repository/RecAndPlayBk/Page-Vlink-AuthOnly/input_Card number_card_number'

2023-02-15 21:34:12 - [TEST_STEP][PASSED] - setText(findTestObject("Object Repository/RecAndPlayBk/Page-Vlink-AuthOnly/input_Card ex month_card_exmo"), exM): Text '12' is set on object 'Object Repository/RecAndPlayBk/Page-Vlink-AuthOnly/input_Card ex month_card_exmo'

2023-02-15 21:34:13 - [MESSAGE][PASSED] - Text '12' is set on object 'Object Repository/RecAndPlayBk/Page-Vlink-AuthOnly/input_Card ex month_card_exmo'

2023-02-15 21:34:13 - [TEST_STEP][PASSED] - setText(findTestObject("Object Repository/RecAndPlayBk/Page-Vlink-AuthOnly/input_Card ex year_card_exyr"), exY): Text '2029' is set on object 'Object Repository/RecAndPlayBk/Page-Vlink-AuthOnly/input_Card ex year_card_exyr'

2023-02-15 21:34:13 - [MESSAGE][PASSED] - Text '2029' is set on object 'Object Repository/RecAndPlayBk/Page-Vlink-AuthOnly/input_Card ex year_card_exyr'

2023-02-15 21:34:13 - [TEST_STEP][PASSED] - click(findTestObject("Object Repository/RecAndPlayBk/Page-Vlink-AuthOnly/input_Track Data_track_data")): Object: 'Object Repository/RecAndPlayBk/Page-Vlink-AuthOnly/input_Track Data_track_data' is clicked on

2023-02-15 21:34:14 - [MESSAGE][PASSED] - Object: 'Object Repository/RecAndPlayBk/Page-Vlink-AuthOnly/input_Track Data_track_data' is clicked on

2023-02-15 21:34:14 - [TEST_STEP][PASSED] - click(findTestObject("Object Repository/RecAndPlayBk/Page-Vlink-AuthOnly/input_CVV state_cvv_state")): Object: 'Object Repository/RecAndPlayBk/Page-Vlink-AuthOnly/input_CVV state_cvv_state' is clicked on

2023-02-15 21:34:14 - [MESSAGE][PASSED] - Object: 'Object Repository/RecAndPlayBk/Page-Vlink-AuthOnly/input_CVV state_cvv_state' is clicked on

2023-02-15 21:34:14 - [TEST_STEP][PASSED] - setText(findTestObject("Object Repository/RecAndPlayBk/Page-Vlink-AuthOnly/input_Track Data_track_data"), ""): Text '' is set on object 'Object Repository/RecAndPlayBk/Page-Vlink-AuthOnly/input_Track Data_track_data'

2023-02-15 21:34:15 - [MESSAGE][PASSED] - Text '' is set on object 'Object Repository/RecAndPlayBk/Page-Vlink-AuthOnly/input_Track Data_track_data'

2023-02-15 21:34:15 - [TEST_STEP][PASSED] - setText(findTestObject("Object Repository/RecAndPlayBk/Page-Vlink-AuthOnly/input_concat(Cardholder, , s email)_email"), ""): Text '' is set on object 'Object Repository/RecAndPlayBk/Page-Vlink-AuthOnly/input_concat(Cardholder, , s email)_email'

2023-02-15 21:34:15 - [MESSAGE][PASSED] - Text '' is set on object 'Object Repository/RecAndPlayBk/Page-Vlink-AuthOnly/input_concat(Cardholder, , s email)_email'

2023-02-15 21:34:15 - [TEST_STEP][PASSED] - click(findTestObject("Object Repository/RecAndPlayBk/Page-Vlink-AuthOnly/input_user_defined10_user_defined10")): Object: 'Object Repository/RecAndPlayBk/Page-Vlink-AuthOnly/input_user_defined10_user_defined10' is clicked on

2023-02-15 21:34:16 - [MESSAGE][PASSED] - Object: 'Object Repository/RecAndPlayBk/Page-Vlink-AuthOnly/input_user_defined10_user_defined10' is clicked on

2023-02-15 21:34:16 - [TEST_STEP][PASSED] - if (executionProfile.equalsIgnoreCase("QAProfile")): Text '' is set on object 'Object Repository/RecAndPlayBk/Page-Vlink-AuthOnly/input_COF Transaction Initiated by_cof_tran_6cded5'

2023-02-15 21:34:16 - [TEST_STEP][PASSED] - setText(findTestObject("Object Repository/RecAndPlayBk/Page-Vlink-AuthOnly/input_Card on File Indicator_card_on_file_i_157dae"), ""): Text '' is set on object 'Object Repository/RecAndPlayBk/Page-Vlink-AuthOnly/input_Card on File Indicator_card_on_file_i_157dae'

2023-02-15 21:34:16 - [MESSAGE][PASSED] - Text '' is set on object 'Object Repository/RecAndPlayBk/Page-Vlink-AuthOnly/input_Card on File Indicator_card_on_file_i_157dae'

2023-02-15 21:34:16 - [TEST_STEP][PASSED] - setText(findTestObject("Object Repository/RecAndPlayBk/Page-Vlink-AuthOnly/input_Stored Credential Indicator_stored_cr_4ae73c"), ""): Text '' is set on object 'Object Repository/RecAndPlayBk/Page-Vlink-AuthOnly/input_Stored Credential Indicator_stored_cr_4ae73c'

2023-02-15 21:34:17 - [MESSAGE][PASSED] - Text '' is set on object 'Object Repository/RecAndPlayBk/Page-Vlink-AuthOnly/input_Stored Credential Indicator_stored_cr_4ae73c'

2023-02-15 21:34:17 - [TEST_STEP][PASSED] - setText(findTestObject("Object Repository/RecAndPlayBk/Page-Vlink-AuthOnly/input_COF Scheduled indicator_cof_scheduled_8df7d8"), ""): Text '' is set on object 'Object Repository/RecAndPlayBk/Page-Vlink-AuthOnly/input_COF Scheduled indicator_cof_scheduled_8df7d8'

2023-02-15 21:34:18 - [MESSAGE][PASSED] - Text '' is set on object 'Object Repository/RecAndPlayBk/Page-Vlink-AuthOnly/input_COF Scheduled indicator_cof_scheduled_8df7d8'

2023-02-15 21:34:18 - [TEST_STEP][PASSED] - setText(findTestObject("Object Repository/RecAndPlayBk/Page-Vlink-AuthOnly/input_COF Transaction Initiated by_cof_tran_6cded5"), ""): Text '' is set on object 'Object Repository/RecAndPlayBk/Page-Vlink-AuthOnly/input_COF Transaction Initiated by_cof_tran_6cded5'

2023-02-15 21:34:19 - [MESSAGE][PASSED] - Text '' is set on object 'Object Repository/RecAndPlayBk/Page-Vlink-AuthOnly/input_COF Transaction Initiated by_cof_tran_6cded5'

2023-02-15 21:34:19 - [TEST_STEP][PASSED] - click(findTestObject("Object Repository/RecAndPlayBk/Page-Vlink-AuthOnly/input")): Object: 'Object Repository/RecAndPlayBk/Page-Vlink-AuthOnly/input' is clicked on

2023-02-15 21:34:19 - [MESSAGE][PASSED] - Object: 'Object Repository/RecAndPlayBk/Page-Vlink-AuthOnly/input' is clicked on

2023-02-15 21:34:19 - [TEST_STEP][FAILED] - if (verifyTextPresent("Transaction approved, no errors", true)): Text 'Transaction approved, no errors' is not present on page  using regular expression (Root cause: com.kms.katalon.core.exception.StepFailedException: Text 'Transaction approved, no errors' is not present on page  using regular expression
	at com.kms.katalon.core.webui.keyword.internal.WebUIKeywordMain.stepFailed(WebUIKeywordMain.groovy:64)
	at com.kms.katalon.core.webui.keyword.builtin.VerifyTextPresentKeyword$_verifyTextPresent_closure1.doCall(VerifyTextPresentKeyword.groovy:79)
	at com.kms.katalon.core.webui.keyword.builtin.VerifyTextPresentKeyword$_verifyTextPresent_closure1.call(VerifyTextPresentKeyword.groovy)
	at com.kms.katalon.core.webui.keyword.internal.WebUIKeywordMain.runKeyword(WebUIKeywordMain.groovy:20)
	at com.kms.katalon.core.webui.keyword.builtin.VerifyTextPresentKeyword.verifyTextPresent(VerifyTextPresentKeyword.groovy:83)
	at com.kms.katalon.core.webui.keyword.builtin.VerifyTextPresentKeyword.execute(VerifyTextPresentKeyword.groovy:68)
	at com.kms.katalon.core.keyword.internal.KeywordExecutor.executeKeywordForPlatform(KeywordExecutor.groovy:74)
	at com.kms.katalon.core.webui.keyword.WebUiBuiltInKeywords.verifyTextPresent(WebUiBuiltInKeywords.groovy:1723)
	at com.kms.katalon.core.webui.keyword.WebUiBuiltInKeywords$verifyTextPresent$4.call(Unknown Source)
	at AuthOnly.run(AuthOnly:157)
	at com.kms.katalon.core.main.ScriptEngine.run(ScriptEngine.java:194)
	at com.kms.katalon.core.main.ScriptEngine.runScriptAsRawText(ScriptEngine.java:119)
	at com.kms.katalon.core.main.TestCaseExecutor.runScript(TestCaseExecutor.java:442)
	at com.kms.katalon.core.main.TestCaseExecutor.doExecute(TestCaseExecutor.java:433)
	at com.kms.katalon.core.main.TestCaseExecutor.processExecutionPhase(TestCaseExecutor.java:412)
	at com.kms.katalon.core.main.TestCaseExecutor.accessMainPhase(TestCaseExecutor.java:404)
	at com.kms.katalon.core.main.TestCaseExecutor.execute(TestCaseExecutor.java:281)
	at com.kms.katalon.core.main.TestSuiteExecutor.accessTestCaseMainPhase(TestSuiteExecutor.java:202)
	at com.kms.katalon.core.main.TestSuiteExecutor.accessTestSuiteMainPhase(TestSuiteExecutor.java:164)
	at com.kms.katalon.core.main.TestSuiteExecutor.execute(TestSuiteExecutor.java:105)
	at com.kms.katalon.core.main.TestCaseMain.startTestSuite(TestCaseMain.java:185)
	at com.kms.katalon.core.main.TestCaseMain$startTestSuite$0.call(Unknown Source)
	at TempTestSuite1676514794135.run(TempTestSuite1676514794135.groovy:36)
)

2023-02-15 21:34:20 - [MESSAGE][FAILED] - Text 'Transaction approved, no errors' is not present on page  using regular expression (Root cause: com.kms.katalon.core.exception.StepFailedException: Text 'Transaction approved, no errors' is not present on page  using regular expression
	at com.kms.katalon.core.webui.keyword.internal.WebUIKeywordMain.stepFailed(WebUIKeywordMain.groovy:64)
	at com.kms.katalon.core.webui.keyword.builtin.VerifyTextPresentKeyword$_verifyTextPresent_closure1.doCall(VerifyTextPresentKeyword.groovy:79)
	at com.kms.katalon.core.webui.keyword.builtin.VerifyTextPresentKeyword$_verifyTextPresent_closure1.call(VerifyTextPresentKeyword.groovy)
	at com.kms.katalon.core.webui.keyword.internal.WebUIKeywordMain.runKeyword(WebUIKeywordMain.groovy:20)
	at com.kms.katalon.core.webui.keyword.builtin.VerifyTextPresentKeyword.verifyTextPresent(VerifyTextPresentKeyword.groovy:83)
	at com.kms.katalon.core.webui.keyword.builtin.VerifyTextPresentKeyword.execute(VerifyTextPresentKeyword.groovy:68)
	at com.kms.katalon.core.keyword.internal.KeywordExecutor.executeKeywordForPlatform(KeywordExecutor.groovy:74)
	at com.kms.katalon.core.webui.keyword.WebUiBuiltInKeywords.verifyTextPresent(WebUiBuiltInKeywords.groovy:1723)
	at com.kms.katalon.core.webui.keyword.WebUiBuiltInKeywords$verifyTextPresent$4.call(Unknown Source)
	at AuthOnly.run(AuthOnly:157)
	at com.kms.katalon.core.main.ScriptEngine.run(ScriptEngine.java:194)
	at com.kms.katalon.core.main.ScriptEngine.runScriptAsRawText(ScriptEngine.java:119)
	at com.kms.katalon.core.main.TestCaseExecutor.runScript(TestCaseExecutor.java:442)
	at com.kms.katalon.core.main.TestCaseExecutor.doExecute(TestCaseExecutor.java:433)
	at com.kms.katalon.core.main.TestCaseExecutor.processExecutionPhase(TestCaseExecutor.java:412)
	at com.kms.katalon.core.main.TestCaseExecutor.accessMainPhase(TestCaseExecutor.java:404)
	at com.kms.katalon.core.main.TestCaseExecutor.execute(TestCaseExecutor.java:281)
	at com.kms.katalon.core.main.TestSuiteExecutor.accessTestCaseMainPhase(TestSuiteExecutor.java:202)
	at com.kms.katalon.core.main.TestSuiteExecutor.accessTestSuiteMainPhase(TestSuiteExecutor.java:164)
	at com.kms.katalon.core.main.TestSuiteExecutor.execute(TestSuiteExecutor.java:105)
	at com.kms.katalon.core.main.TestCaseMain.startTestSuite(TestCaseMain.java:185)
	at com.kms.katalon.core.main.TestCaseMain$startTestSuite$0.call(Unknown Source)
	at TempTestSuite1676514794135.run(TempTestSuite1676514794135.groovy:36)
)

2023-02-15 21:34:20 - [TEST_STEP][PASSED] - else: pages.WriteExcel.demoKey is PASSED

2023-02-15 21:34:20 - [TEST_STEP][PASSED] - println("Transaction Approved, no errors text is not present on the Confirmation page"): null

2023-02-15 21:34:20 - [TEST_STEP][PASSED] - out.println("Fail Record Number: " + row): null

2023-02-15 21:34:20 - [TEST_STEP][PASSED] - resText = "Fail": null

2023-02-15 21:34:20 - [TEST_STEP][PASSED] - pages.WriteExcel.demoKey(resText, datText, resColumn, datCloumn, fileLoc, nameSheet, row): pages.WriteExcel.demoKey is PASSED

2023-02-15 21:34:20 - [MESSAGE][PASSED] - pages.WriteExcel.demoKey is PASSED

2023-02-15 21:34:20 - [TEST_STEP][PASSED] - ExecuteTC = findTestData(dataFile).getValue("Execute", row): null

2023-02-15 21:34:20 - [TEST_STEP][PASSED] - out.println("Value of Execute is : " + ExecuteTC): null

2023-02-15 21:34:20 - [TEST_STEP][PASSED] - switch (executionProfile): null

2023-02-15 21:34:20 - [TEST_STEP][PASSED] - case "QAProfile":: null

2023-02-15 21:34:20 - [TEST_STEP][PASSED] - appID = findTestData(dataFile).getValue("AppIDQA", row): null

2023-02-15 21:34:20 - [TEST_STEP][PASSED] - username = findTestData(dataFile).getValue("UsernameQA", row): null

2023-02-15 21:34:21 - [TEST_STEP][PASSED] - password = findTestData(dataFile).getValue("PasswordQA", row): null

2023-02-15 21:34:21 - [TEST_STEP][PASSED] - break: null

2023-02-15 21:34:21 - [TEST_STEP][PASSED] - if (ExecuteTC.equalsIgnoreCase("Y")): null

2023-02-15 21:34:21 - [TEST_STEP][PASSED] - out.println("Begin Record Number: " + row): null

2023-02-15 21:34:21 - [TEST_STEP][PASSED] - today = new java.util.Date(): null

2023-02-15 21:34:21 - [TEST_STEP][PASSED] - println(today): null

2023-02-15 21:34:21 - [TEST_STEP][PASSED] - datText = today: null

2023-02-15 21:34:21 - [TEST_STEP][PASSED] - category = findTestData(dataFile).getValue("Category", row): null

2023-02-15 21:34:21 - [TEST_STEP][PASSED] - amount = findTestData(dataFile).getValue("Amount", row): null

2023-02-15 21:34:21 - [TEST_STEP][PASSED] - cardNumber = findTestData(dataFile).getValue("CardNumber", row): null

2023-02-15 21:34:21 - [TEST_STEP][PASSED] - exM = findTestData(dataFile).getValue("ExM", row): null

2023-02-15 21:34:21 - [TEST_STEP][PASSED] - exY = findTestData(dataFile).getValue("ExY", row): null

2023-02-15 21:34:21 - [TEST_STEP][PASSED] - openBrowser(VLinkURL + "auth.html"): Browser is opened with url: 'https://dev-algorithm.govolution.com/vlinktest/QA/version_2_0/auth.html'

2023-02-15 21:34:21 - [MESSAGE][WARNING] - A browser is already opened. Closing browser and opening a new one

2023-02-15 21:34:22 - [MESSAGE][INFO] - Starting 'Chrome' driver

2023-02-15 21:34:22 - [MESSAGE][INFO] - User set preference: ['acceptInsecureCerts', 'true']

2023-02-15 21:34:22 - [MESSAGE][INFO] - Action delay is set to 0 milliseconds

2023-02-15 21:34:24 - [MESSAGE][PASSED] - Browser is opened with url: 'https://dev-algorithm.govolution.com/vlinktest/QA/version_2_0/auth.html'

2023-02-15 21:34:24 - [TEST_STEP][PASSED] - maximizeWindow(): Current window maximized

2023-02-15 21:34:24 - [MESSAGE][PASSED] - Current window maximized

2023-02-15 21:34:24 - [TEST_STEP][PASSED] - maximizeWindow(): Current window maximized

2023-02-15 21:34:24 - [MESSAGE][PASSED] - Current window maximized

2023-02-15 21:34:24 - [TEST_STEP][PASSED] - genRemID = RandomStringUtils.random(12, true, true): null

2023-02-15 21:34:24 - [TEST_STEP][PASSED] - setText(findTestObject("Object Repository/VLink/Page_CCSale/txt_RemID"), genRemID): Text 'oAPR4qBG7JHe' is set on object 'Object Repository/VLink/Page_CCSale/txt_RemID'

2023-02-15 21:34:25 - [MESSAGE][PASSED] - Text 'oAPR4qBG7JHe' is set on object 'Object Repository/VLink/Page_CCSale/txt_RemID'

2023-02-15 21:34:25 - [TEST_STEP][PASSED] - setText(findTestObject("Object Repository/RecAndPlayBk/Page-Vlink-AuthOnly/input_Remittance Id_remittance_id"), genRemID): Text 'oAPR4qBG7JHe' is set on object 'Object Repository/RecAndPlayBk/Page-Vlink-AuthOnly/input_Remittance Id_remittance_id'

2023-02-15 21:34:26 - [MESSAGE][PASSED] - Text 'oAPR4qBG7JHe' is set on object 'Object Repository/RecAndPlayBk/Page-Vlink-AuthOnly/input_Remittance Id_remittance_id'

2023-02-15 21:34:26 - [TEST_STEP][PASSED] - setText(findTestObject("Object Repository/RecAndPlayBk/Page-Vlink-AuthOnly/input_Application Id_application_id"), appID): Text '87' is set on object 'Object Repository/RecAndPlayBk/Page-Vlink-AuthOnly/input_Application Id_application_id'

2023-02-15 21:34:26 - [MESSAGE][PASSED] - Text '87' is set on object 'Object Repository/RecAndPlayBk/Page-Vlink-AuthOnly/input_Application Id_application_id'

2023-02-15 21:34:26 - [TEST_STEP][PASSED] - setText(findTestObject("Object Repository/RecAndPlayBk/Page-Vlink-AuthOnly/input_Username_username"), username): Text 'username' is set on object 'Object Repository/RecAndPlayBk/Page-Vlink-AuthOnly/input_Username_username'

2023-02-15 21:34:27 - [MESSAGE][PASSED] - Text 'username' is set on object 'Object Repository/RecAndPlayBk/Page-Vlink-AuthOnly/input_Username_username'

2023-02-15 21:34:27 - [TEST_STEP][PASSED] - setText(findTestObject("Object Repository/RecAndPlayBk/Page-Vlink-AuthOnly/input_Password_password"), password): Text 'password' is set on object 'Object Repository/RecAndPlayBk/Page-Vlink-AuthOnly/input_Password_password'

2023-02-15 21:34:27 - [MESSAGE][PASSED] - Text 'password' is set on object 'Object Repository/RecAndPlayBk/Page-Vlink-AuthOnly/input_Password_password'

2023-02-15 21:34:27 - [TEST_STEP][PASSED] - setText(findTestObject("Object Repository/RecAndPlayBk/Page-Vlink-AuthOnly/input_Category_category"), category): Text 'ECOM' is set on object 'Object Repository/RecAndPlayBk/Page-Vlink-AuthOnly/input_Category_category'

2023-02-15 21:34:28 - [MESSAGE][PASSED] - Text 'ECOM' is set on object 'Object Repository/RecAndPlayBk/Page-Vlink-AuthOnly/input_Category_category'

2023-02-15 21:34:28 - [TEST_STEP][PASSED] - setText(findTestObject("Object Repository/RecAndPlayBk/Page-Vlink-AuthOnly/input_Amount_amount"), amount): Text '10.5' is set on object 'Object Repository/RecAndPlayBk/Page-Vlink-AuthOnly/input_Amount_amount'

2023-02-15 21:34:29 - [MESSAGE][PASSED] - Text '10.5' is set on object 'Object Repository/RecAndPlayBk/Page-Vlink-AuthOnly/input_Amount_amount'

2023-02-15 21:34:29 - [TEST_STEP][PASSED] - doubleClick(findTestObject("Object Repository/RecAndPlayBk/Page-Vlink-AuthOnly/input_Card number_card_number")): Object: 'Object Repository/RecAndPlayBk/Page-Vlink-AuthOnly/input_Card number_card_number' is double clicked on

2023-02-15 21:34:29 - [MESSAGE][PASSED] - Object: 'Object Repository/RecAndPlayBk/Page-Vlink-AuthOnly/input_Card number_card_number' is double clicked on

2023-02-15 21:34:29 - [TEST_STEP][PASSED] - setText(findTestObject("Object Repository/RecAndPlayBk/Page-Vlink-AuthOnly/input_Card number_card_number"), cardNumber): Text '4012000098765439' is set on object 'Object Repository/RecAndPlayBk/Page-Vlink-AuthOnly/input_Card number_card_number'

2023-02-15 21:34:30 - [MESSAGE][PASSED] - Text '4012000098765439' is set on object 'Object Repository/RecAndPlayBk/Page-Vlink-AuthOnly/input_Card number_card_number'

2023-02-15 21:34:30 - [TEST_STEP][PASSED] - setText(findTestObject("Object Repository/RecAndPlayBk/Page-Vlink-AuthOnly/input_Card ex month_card_exmo"), exM): Text '12' is set on object 'Object Repository/RecAndPlayBk/Page-Vlink-AuthOnly/input_Card ex month_card_exmo'

2023-02-15 21:34:30 - [MESSAGE][PASSED] - Text '12' is set on object 'Object Repository/RecAndPlayBk/Page-Vlink-AuthOnly/input_Card ex month_card_exmo'

2023-02-15 21:34:30 - [TEST_STEP][PASSED] - setText(findTestObject("Object Repository/RecAndPlayBk/Page-Vlink-AuthOnly/input_Card ex year_card_exyr"), exY): Text '2029' is set on object 'Object Repository/RecAndPlayBk/Page-Vlink-AuthOnly/input_Card ex year_card_exyr'

2023-02-15 21:34:31 - [MESSAGE][PASSED] - Text '2029' is set on object 'Object Repository/RecAndPlayBk/Page-Vlink-AuthOnly/input_Card ex year_card_exyr'

2023-02-15 21:34:31 - [TEST_STEP][PASSED] - click(findTestObject("Object Repository/RecAndPlayBk/Page-Vlink-AuthOnly/input_Track Data_track_data")): Object: 'Object Repository/RecAndPlayBk/Page-Vlink-AuthOnly/input_Track Data_track_data' is clicked on

2023-02-15 21:34:31 - [MESSAGE][PASSED] - Object: 'Object Repository/RecAndPlayBk/Page-Vlink-AuthOnly/input_Track Data_track_data' is clicked on

2023-02-15 21:34:31 - [TEST_STEP][PASSED] - click(findTestObject("Object Repository/RecAndPlayBk/Page-Vlink-AuthOnly/input_CVV state_cvv_state")): Object: 'Object Repository/RecAndPlayBk/Page-Vlink-AuthOnly/input_CVV state_cvv_state' is clicked on

2023-02-15 21:34:32 - [MESSAGE][PASSED] - Object: 'Object Repository/RecAndPlayBk/Page-Vlink-AuthOnly/input_CVV state_cvv_state' is clicked on

2023-02-15 21:34:32 - [TEST_STEP][PASSED] - setText(findTestObject("Object Repository/RecAndPlayBk/Page-Vlink-AuthOnly/input_Track Data_track_data"), ""): Text '' is set on object 'Object Repository/RecAndPlayBk/Page-Vlink-AuthOnly/input_Track Data_track_data'

2023-02-15 21:34:32 - [MESSAGE][PASSED] - Text '' is set on object 'Object Repository/RecAndPlayBk/Page-Vlink-AuthOnly/input_Track Data_track_data'

2023-02-15 21:34:32 - [TEST_STEP][PASSED] - setText(findTestObject("Object Repository/RecAndPlayBk/Page-Vlink-AuthOnly/input_concat(Cardholder, , s email)_email"), ""): Text '' is set on object 'Object Repository/RecAndPlayBk/Page-Vlink-AuthOnly/input_concat(Cardholder, , s email)_email'

2023-02-15 21:34:33 - [MESSAGE][PASSED] - Text '' is set on object 'Object Repository/RecAndPlayBk/Page-Vlink-AuthOnly/input_concat(Cardholder, , s email)_email'

2023-02-15 21:34:33 - [TEST_STEP][PASSED] - click(findTestObject("Object Repository/RecAndPlayBk/Page-Vlink-AuthOnly/input_user_defined10_user_defined10")): Object: 'Object Repository/RecAndPlayBk/Page-Vlink-AuthOnly/input_user_defined10_user_defined10' is clicked on

2023-02-15 21:34:33 - [MESSAGE][PASSED] - Object: 'Object Repository/RecAndPlayBk/Page-Vlink-AuthOnly/input_user_defined10_user_defined10' is clicked on

2023-02-15 21:34:33 - [TEST_STEP][PASSED] - if (executionProfile.equalsIgnoreCase("QAProfile")): Text '' is set on object 'Object Repository/RecAndPlayBk/Page-Vlink-AuthOnly/input_COF Transaction Initiated by_cof_tran_6cded5'

2023-02-15 21:34:33 - [TEST_STEP][PASSED] - setText(findTestObject("Object Repository/RecAndPlayBk/Page-Vlink-AuthOnly/input_Card on File Indicator_card_on_file_i_157dae"), ""): Text '' is set on object 'Object Repository/RecAndPlayBk/Page-Vlink-AuthOnly/input_Card on File Indicator_card_on_file_i_157dae'

2023-02-15 21:34:34 - [MESSAGE][PASSED] - Text '' is set on object 'Object Repository/RecAndPlayBk/Page-Vlink-AuthOnly/input_Card on File Indicator_card_on_file_i_157dae'

2023-02-15 21:34:34 - [TEST_STEP][PASSED] - setText(findTestObject("Object Repository/RecAndPlayBk/Page-Vlink-AuthOnly/input_Stored Credential Indicator_stored_cr_4ae73c"), ""): Text '' is set on object 'Object Repository/RecAndPlayBk/Page-Vlink-AuthOnly/input_Stored Credential Indicator_stored_cr_4ae73c'

2023-02-15 21:34:35 - [MESSAGE][PASSED] - Text '' is set on object 'Object Repository/RecAndPlayBk/Page-Vlink-AuthOnly/input_Stored Credential Indicator_stored_cr_4ae73c'

2023-02-15 21:34:35 - [TEST_STEP][PASSED] - setText(findTestObject("Object Repository/RecAndPlayBk/Page-Vlink-AuthOnly/input_COF Scheduled indicator_cof_scheduled_8df7d8"), ""): Text '' is set on object 'Object Repository/RecAndPlayBk/Page-Vlink-AuthOnly/input_COF Scheduled indicator_cof_scheduled_8df7d8'

2023-02-15 21:34:35 - [MESSAGE][PASSED] - Text '' is set on object 'Object Repository/RecAndPlayBk/Page-Vlink-AuthOnly/input_COF Scheduled indicator_cof_scheduled_8df7d8'

2023-02-15 21:34:35 - [TEST_STEP][PASSED] - setText(findTestObject("Object Repository/RecAndPlayBk/Page-Vlink-AuthOnly/input_COF Transaction Initiated by_cof_tran_6cded5"), ""): Text '' is set on object 'Object Repository/RecAndPlayBk/Page-Vlink-AuthOnly/input_COF Transaction Initiated by_cof_tran_6cded5'

2023-02-15 21:34:36 - [MESSAGE][PASSED] - Text '' is set on object 'Object Repository/RecAndPlayBk/Page-Vlink-AuthOnly/input_COF Transaction Initiated by_cof_tran_6cded5'

2023-02-15 21:34:36 - [TEST_STEP][PASSED] - click(findTestObject("Object Repository/RecAndPlayBk/Page-Vlink-AuthOnly/input")): Object: 'Object Repository/RecAndPlayBk/Page-Vlink-AuthOnly/input' is clicked on

2023-02-15 21:34:38 - [MESSAGE][PASSED] - Object: 'Object Repository/RecAndPlayBk/Page-Vlink-AuthOnly/input' is clicked on

2023-02-15 21:34:38 - [TEST_STEP][PASSED] - if (verifyTextPresent("Transaction approved, no errors", true)): null

2023-02-15 21:34:38 - [MESSAGE][PASSED] - Text 'Transaction approved, no errors' is present on page  using regular expression

2023-02-15 21:34:38 - [TEST_STEP][PASSED] - println("Transaction Approved, no errors text is present on the Confirmation page"): null

2023-02-15 21:34:38 - [TEST_STEP][PASSED] - out.println("Pass Record Number: " + row): null

2023-02-15 21:34:38 - [TEST_STEP][PASSED] - resText = "Pass": null

2023-02-15 21:34:38 - [TEST_STEP][PASSED] - pages.WriteExcel.demoKey(resText, datText, resColumn, datCloumn, fileLoc, nameSheet, row): pages.WriteExcel.demoKey is PASSED

2023-02-15 21:34:39 - [MESSAGE][PASSED] - pages.WriteExcel.demoKey is PASSED

2023-02-15 21:34:39 - [TEST_STEP][PASSED] - ExecuteTC = findTestData(dataFile).getValue("Execute", row): null

2023-02-15 21:34:39 - [TEST_STEP][PASSED] - out.println("Value of Execute is : " + ExecuteTC): null

2023-02-15 21:34:39 - [TEST_STEP][PASSED] - switch (executionProfile): null

2023-02-15 21:34:39 - [TEST_STEP][PASSED] - case "QAProfile":: null

2023-02-15 21:34:39 - [TEST_STEP][PASSED] - appID = findTestData(dataFile).getValue("AppIDQA", row): null

2023-02-15 21:34:39 - [TEST_STEP][PASSED] - username = findTestData(dataFile).getValue("UsernameQA", row): null

2023-02-15 21:34:39 - [TEST_STEP][PASSED] - password = findTestData(dataFile).getValue("PasswordQA", row): null

2023-02-15 21:34:39 - [TEST_STEP][PASSED] - break: null

2023-02-15 21:34:39 - [TEST_STEP][PASSED] - if (ExecuteTC.equalsIgnoreCase("Y")): null

2023-02-15 21:34:39 - [TEST_STEP][PASSED] - out.println("Begin Record Number: " + row): null

2023-02-15 21:34:39 - [TEST_STEP][PASSED] - today = new java.util.Date(): null

2023-02-15 21:34:39 - [TEST_STEP][PASSED] - println(today): null

2023-02-15 21:34:39 - [TEST_STEP][PASSED] - datText = today: null

2023-02-15 21:34:39 - [TEST_STEP][PASSED] - category = findTestData(dataFile).getValue("Category", row): null

2023-02-15 21:34:39 - [TEST_STEP][PASSED] - amount = findTestData(dataFile).getValue("Amount", row): null

2023-02-15 21:34:39 - [TEST_STEP][PASSED] - cardNumber = findTestData(dataFile).getValue("CardNumber", row): null

2023-02-15 21:34:39 - [TEST_STEP][PASSED] - exM = findTestData(dataFile).getValue("ExM", row): null

2023-02-15 21:34:39 - [TEST_STEP][PASSED] - exY = findTestData(dataFile).getValue("ExY", row): null

2023-02-15 21:34:39 - [TEST_STEP][PASSED] - openBrowser(VLinkURL + "auth.html"): Browser is opened with url: 'https://dev-algorithm.govolution.com/vlinktest/QA/version_2_0/auth.html'

2023-02-15 21:34:39 - [MESSAGE][WARNING] - A browser is already opened. Closing browser and opening a new one

2023-02-15 21:34:40 - [MESSAGE][INFO] - Starting 'Chrome' driver

2023-02-15 21:34:40 - [MESSAGE][INFO] - User set preference: ['acceptInsecureCerts', 'true']

2023-02-15 21:34:40 - [MESSAGE][INFO] - Action delay is set to 0 milliseconds

2023-02-15 21:34:42 - [MESSAGE][PASSED] - Browser is opened with url: 'https://dev-algorithm.govolution.com/vlinktest/QA/version_2_0/auth.html'

2023-02-15 21:34:42 - [TEST_STEP][PASSED] - maximizeWindow(): Current window maximized

2023-02-15 21:34:42 - [MESSAGE][PASSED] - Current window maximized

2023-02-15 21:34:42 - [TEST_STEP][PASSED] - maximizeWindow(): Current window maximized

2023-02-15 21:34:42 - [MESSAGE][PASSED] - Current window maximized

2023-02-15 21:34:42 - [TEST_STEP][PASSED] - genRemID = RandomStringUtils.random(12, true, true): null

2023-02-15 21:34:42 - [TEST_STEP][PASSED] - setText(findTestObject("Object Repository/VLink/Page_CCSale/txt_RemID"), genRemID): Text 'r8MYowCdJxM1' is set on object 'Object Repository/VLink/Page_CCSale/txt_RemID'

2023-02-15 21:34:43 - [MESSAGE][PASSED] - Text 'r8MYowCdJxM1' is set on object 'Object Repository/VLink/Page_CCSale/txt_RemID'

2023-02-15 21:34:43 - [TEST_STEP][PASSED] - setText(findTestObject("Object Repository/RecAndPlayBk/Page-Vlink-AuthOnly/input_Remittance Id_remittance_id"), genRemID): Text 'r8MYowCdJxM1' is set on object 'Object Repository/RecAndPlayBk/Page-Vlink-AuthOnly/input_Remittance Id_remittance_id'

2023-02-15 21:34:44 - [MESSAGE][PASSED] - Text 'r8MYowCdJxM1' is set on object 'Object Repository/RecAndPlayBk/Page-Vlink-AuthOnly/input_Remittance Id_remittance_id'

2023-02-15 21:34:44 - [TEST_STEP][PASSED] - setText(findTestObject("Object Repository/RecAndPlayBk/Page-Vlink-AuthOnly/input_Application Id_application_id"), appID): Text '581' is set on object 'Object Repository/RecAndPlayBk/Page-Vlink-AuthOnly/input_Application Id_application_id'

2023-02-15 21:34:44 - [MESSAGE][PASSED] - Text '581' is set on object 'Object Repository/RecAndPlayBk/Page-Vlink-AuthOnly/input_Application Id_application_id'

2023-02-15 21:34:44 - [TEST_STEP][PASSED] - setText(findTestObject("Object Repository/RecAndPlayBk/Page-Vlink-AuthOnly/input_Username_username"), username): Text 'usr581' is set on object 'Object Repository/RecAndPlayBk/Page-Vlink-AuthOnly/input_Username_username'

2023-02-15 21:34:45 - [MESSAGE][PASSED] - Text 'usr581' is set on object 'Object Repository/RecAndPlayBk/Page-Vlink-AuthOnly/input_Username_username'

2023-02-15 21:34:45 - [TEST_STEP][PASSED] - setText(findTestObject("Object Repository/RecAndPlayBk/Page-Vlink-AuthOnly/input_Password_password"), password): Text 'pwd581' is set on object 'Object Repository/RecAndPlayBk/Page-Vlink-AuthOnly/input_Password_password'

2023-02-15 21:34:46 - [MESSAGE][PASSED] - Text 'pwd581' is set on object 'Object Repository/RecAndPlayBk/Page-Vlink-AuthOnly/input_Password_password'

2023-02-15 21:34:46 - [TEST_STEP][PASSED] - setText(findTestObject("Object Repository/RecAndPlayBk/Page-Vlink-AuthOnly/input_Category_category"), category): Text 'ECOM' is set on object 'Object Repository/RecAndPlayBk/Page-Vlink-AuthOnly/input_Category_category'

2023-02-15 21:34:46 - [MESSAGE][PASSED] - Text 'ECOM' is set on object 'Object Repository/RecAndPlayBk/Page-Vlink-AuthOnly/input_Category_category'

2023-02-15 21:34:46 - [TEST_STEP][PASSED] - setText(findTestObject("Object Repository/RecAndPlayBk/Page-Vlink-AuthOnly/input_Amount_amount"), amount): Text '10.5' is set on object 'Object Repository/RecAndPlayBk/Page-Vlink-AuthOnly/input_Amount_amount'

2023-02-15 21:34:47 - [MESSAGE][PASSED] - Text '10.5' is set on object 'Object Repository/RecAndPlayBk/Page-Vlink-AuthOnly/input_Amount_amount'

2023-02-15 21:34:47 - [TEST_STEP][PASSED] - doubleClick(findTestObject("Object Repository/RecAndPlayBk/Page-Vlink-AuthOnly/input_Card number_card_number")): Object: 'Object Repository/RecAndPlayBk/Page-Vlink-AuthOnly/input_Card number_card_number' is double clicked on

2023-02-15 21:34:47 - [MESSAGE][PASSED] - Object: 'Object Repository/RecAndPlayBk/Page-Vlink-AuthOnly/input_Card number_card_number' is double clicked on

2023-02-15 21:34:47 - [TEST_STEP][PASSED] - setText(findTestObject("Object Repository/RecAndPlayBk/Page-Vlink-AuthOnly/input_Card number_card_number"), cardNumber): Text '5146312200000035' is set on object 'Object Repository/RecAndPlayBk/Page-Vlink-AuthOnly/input_Card number_card_number'

2023-02-15 21:34:48 - [MESSAGE][PASSED] - Text '5146312200000035' is set on object 'Object Repository/RecAndPlayBk/Page-Vlink-AuthOnly/input_Card number_card_number'

2023-02-15 21:34:48 - [TEST_STEP][PASSED] - setText(findTestObject("Object Repository/RecAndPlayBk/Page-Vlink-AuthOnly/input_Card ex month_card_exmo"), exM): Text '12' is set on object 'Object Repository/RecAndPlayBk/Page-Vlink-AuthOnly/input_Card ex month_card_exmo'

2023-02-15 21:34:49 - [MESSAGE][PASSED] - Text '12' is set on object 'Object Repository/RecAndPlayBk/Page-Vlink-AuthOnly/input_Card ex month_card_exmo'

2023-02-15 21:34:49 - [TEST_STEP][PASSED] - setText(findTestObject("Object Repository/RecAndPlayBk/Page-Vlink-AuthOnly/input_Card ex year_card_exyr"), exY): Text '2029' is set on object 'Object Repository/RecAndPlayBk/Page-Vlink-AuthOnly/input_Card ex year_card_exyr'

2023-02-15 21:34:49 - [MESSAGE][PASSED] - Text '2029' is set on object 'Object Repository/RecAndPlayBk/Page-Vlink-AuthOnly/input_Card ex year_card_exyr'

2023-02-15 21:34:49 - [TEST_STEP][PASSED] - click(findTestObject("Object Repository/RecAndPlayBk/Page-Vlink-AuthOnly/input_Track Data_track_data")): Object: 'Object Repository/RecAndPlayBk/Page-Vlink-AuthOnly/input_Track Data_track_data' is clicked on

2023-02-15 21:34:50 - [MESSAGE][PASSED] - Object: 'Object Repository/RecAndPlayBk/Page-Vlink-AuthOnly/input_Track Data_track_data' is clicked on

2023-02-15 21:34:50 - [TEST_STEP][PASSED] - click(findTestObject("Object Repository/RecAndPlayBk/Page-Vlink-AuthOnly/input_CVV state_cvv_state")): Object: 'Object Repository/RecAndPlayBk/Page-Vlink-AuthOnly/input_CVV state_cvv_state' is clicked on

2023-02-15 21:34:50 - [MESSAGE][PASSED] - Object: 'Object Repository/RecAndPlayBk/Page-Vlink-AuthOnly/input_CVV state_cvv_state' is clicked on

2023-02-15 21:34:50 - [TEST_STEP][PASSED] - setText(findTestObject("Object Repository/RecAndPlayBk/Page-Vlink-AuthOnly/input_Track Data_track_data"), ""): Text '' is set on object 'Object Repository/RecAndPlayBk/Page-Vlink-AuthOnly/input_Track Data_track_data'

2023-02-15 21:34:51 - [MESSAGE][PASSED] - Text '' is set on object 'Object Repository/RecAndPlayBk/Page-Vlink-AuthOnly/input_Track Data_track_data'

2023-02-15 21:34:51 - [TEST_STEP][PASSED] - setText(findTestObject("Object Repository/RecAndPlayBk/Page-Vlink-AuthOnly/input_concat(Cardholder, , s email)_email"), ""): Text '' is set on object 'Object Repository/RecAndPlayBk/Page-Vlink-AuthOnly/input_concat(Cardholder, , s email)_email'

2023-02-15 21:34:51 - [MESSAGE][PASSED] - Text '' is set on object 'Object Repository/RecAndPlayBk/Page-Vlink-AuthOnly/input_concat(Cardholder, , s email)_email'

2023-02-15 21:34:51 - [TEST_STEP][PASSED] - click(findTestObject("Object Repository/RecAndPlayBk/Page-Vlink-AuthOnly/input_user_defined10_user_defined10")): Object: 'Object Repository/RecAndPlayBk/Page-Vlink-AuthOnly/input_user_defined10_user_defined10' is clicked on

2023-02-15 21:34:52 - [MESSAGE][PASSED] - Object: 'Object Repository/RecAndPlayBk/Page-Vlink-AuthOnly/input_user_defined10_user_defined10' is clicked on

2023-02-15 21:34:52 - [TEST_STEP][PASSED] - if (executionProfile.equalsIgnoreCase("QAProfile")): Text '' is set on object 'Object Repository/RecAndPlayBk/Page-Vlink-AuthOnly/input_COF Transaction Initiated by_cof_tran_6cded5'

2023-02-15 21:34:52 - [TEST_STEP][PASSED] - setText(findTestObject("Object Repository/RecAndPlayBk/Page-Vlink-AuthOnly/input_Card on File Indicator_card_on_file_i_157dae"), ""): Text '' is set on object 'Object Repository/RecAndPlayBk/Page-Vlink-AuthOnly/input_Card on File Indicator_card_on_file_i_157dae'

2023-02-15 21:34:52 - [MESSAGE][PASSED] - Text '' is set on object 'Object Repository/RecAndPlayBk/Page-Vlink-AuthOnly/input_Card on File Indicator_card_on_file_i_157dae'

2023-02-15 21:34:52 - [TEST_STEP][PASSED] - setText(findTestObject("Object Repository/RecAndPlayBk/Page-Vlink-AuthOnly/input_Stored Credential Indicator_stored_cr_4ae73c"), ""): Text '' is set on object 'Object Repository/RecAndPlayBk/Page-Vlink-AuthOnly/input_Stored Credential Indicator_stored_cr_4ae73c'

2023-02-15 21:34:53 - [MESSAGE][PASSED] - Text '' is set on object 'Object Repository/RecAndPlayBk/Page-Vlink-AuthOnly/input_Stored Credential Indicator_stored_cr_4ae73c'

2023-02-15 21:34:53 - [TEST_STEP][PASSED] - setText(findTestObject("Object Repository/RecAndPlayBk/Page-Vlink-AuthOnly/input_COF Scheduled indicator_cof_scheduled_8df7d8"), ""): Text '' is set on object 'Object Repository/RecAndPlayBk/Page-Vlink-AuthOnly/input_COF Scheduled indicator_cof_scheduled_8df7d8'

2023-02-15 21:34:54 - [MESSAGE][PASSED] - Text '' is set on object 'Object Repository/RecAndPlayBk/Page-Vlink-AuthOnly/input_COF Scheduled indicator_cof_scheduled_8df7d8'

2023-02-15 21:34:54 - [TEST_STEP][PASSED] - setText(findTestObject("Object Repository/RecAndPlayBk/Page-Vlink-AuthOnly/input_COF Transaction Initiated by_cof_tran_6cded5"), ""): Text '' is set on object 'Object Repository/RecAndPlayBk/Page-Vlink-AuthOnly/input_COF Transaction Initiated by_cof_tran_6cded5'

2023-02-15 21:34:54 - [MESSAGE][PASSED] - Text '' is set on object 'Object Repository/RecAndPlayBk/Page-Vlink-AuthOnly/input_COF Transaction Initiated by_cof_tran_6cded5'

2023-02-15 21:34:54 - [TEST_STEP][PASSED] - click(findTestObject("Object Repository/RecAndPlayBk/Page-Vlink-AuthOnly/input")): Object: 'Object Repository/RecAndPlayBk/Page-Vlink-AuthOnly/input' is clicked on

2023-02-15 21:34:55 - [MESSAGE][PASSED] - Object: 'Object Repository/RecAndPlayBk/Page-Vlink-AuthOnly/input' is clicked on

2023-02-15 21:34:55 - [TEST_STEP][PASSED] - if (verifyTextPresent("Transaction approved, no errors", true)): null

2023-02-15 21:34:56 - [MESSAGE][PASSED] - Text 'Transaction approved, no errors' is present on page  using regular expression

2023-02-15 21:34:56 - [TEST_STEP][PASSED] - println("Transaction Approved, no errors text is present on the Confirmation page"): null

2023-02-15 21:34:56 - [TEST_STEP][PASSED] - out.println("Pass Record Number: " + row): null

2023-02-15 21:34:56 - [TEST_STEP][PASSED] - resText = "Pass": null

2023-02-15 21:34:56 - [TEST_STEP][PASSED] - pages.WriteExcel.demoKey(resText, datText, resColumn, datCloumn, fileLoc, nameSheet, row): pages.WriteExcel.demoKey is PASSED

2023-02-15 21:34:56 - [MESSAGE][PASSED] - pages.WriteExcel.demoKey is PASSED]]></system-out>
         <system-err><![CDATA[2023-02-15 21:33:21 - [TEST_CASE][FAILED] - Test Cases/RecAndPlayBk/VLink/AuthOnly: Test Cases/RecAndPlayBk/VLink/AuthOnly FAILED.
Reason:
com.kms.katalon.core.exception.StepFailedException: Text 'Transaction approved, no errors' is not present on page  using regular expression (Root cause: com.kms.katalon.core.exception.StepFailedException: Text 'Transaction approved, no errors' is not present on page  using regular expression
	at com.kms.katalon.core.webui.keyword.internal.WebUIKeywordMain.stepFailed(WebUIKeywordMain.groovy:64)
	at com.kms.katalon.core.webui.keyword.builtin.VerifyTextPresentKeyword$_verifyTextPresent_closure1.doCall(VerifyTextPresentKeyword.groovy:79)
	at com.kms.katalon.core.webui.keyword.builtin.VerifyTextPresentKeyword$_verifyTextPresent_closure1.call(VerifyTextPresentKeyword.groovy)
	at com.kms.katalon.core.webui.keyword.internal.WebUIKeywordMain.runKeyword(WebUIKeywordMain.groovy:20)
	at com.kms.katalon.core.webui.keyword.builtin.VerifyTextPresentKeyword.verifyTextPresent(VerifyTextPresentKeyword.groovy:83)
	at com.kms.katalon.core.webui.keyword.builtin.VerifyTextPresentKeyword.execute(VerifyTextPresentKeyword.groovy:68)
	at com.kms.katalon.core.keyword.internal.KeywordExecutor.executeKeywordForPlatform(KeywordExecutor.groovy:74)
	at com.kms.katalon.core.webui.keyword.WebUiBuiltInKeywords.verifyTextPresent(WebUiBuiltInKeywords.groovy:1723)
	at com.kms.katalon.core.webui.keyword.WebUiBuiltInKeywords$verifyTextPresent$4.call(Unknown Source)
	at AuthOnly.run(AuthOnly:157)
	at com.kms.katalon.core.main.ScriptEngine.run(ScriptEngine.java:194)
	at com.kms.katalon.core.main.ScriptEngine.runScriptAsRawText(ScriptEngine.java:119)
	at com.kms.katalon.core.main.TestCaseExecutor.runScript(TestCaseExecutor.java:442)
	at com.kms.katalon.core.main.TestCaseExecutor.doExecute(TestCaseExecutor.java:433)
	at com.kms.katalon.core.main.TestCaseExecutor.processExecutionPhase(TestCaseExecutor.java:412)
	at com.kms.katalon.core.main.TestCaseExecutor.accessMainPhase(TestCaseExecutor.java:404)
	at com.kms.katalon.core.main.TestCaseExecutor.execute(TestCaseExecutor.java:281)
	at com.kms.katalon.core.main.TestSuiteExecutor.accessTestCaseMainPhase(TestSuiteExecutor.java:202)
	at com.kms.katalon.core.main.TestSuiteExecutor.accessTestSuiteMainPhase(TestSuiteExecutor.java:164)
	at com.kms.katalon.core.main.TestSuiteExecutor.execute(TestSuiteExecutor.java:105)
	at com.kms.katalon.core.main.TestCaseMain.startTestSuite(TestCaseMain.java:185)
	at com.kms.katalon.core.main.TestCaseMain$startTestSuite$0.call(Unknown Source)
	at TempTestSuite1676514794135.run(TempTestSuite1676514794135.groovy:36)
)
	at com.kms.katalon.core.keyword.internal.KeywordMain.stepFailed(KeywordMain.groovy:39)
	at com.kms.katalon.core.webui.keyword.internal.WebUIKeywordMain.stepFailed(WebUIKeywordMain.groovy:64)
	at com.kms.katalon.core.webui.keyword.builtin.VerifyTextPresentKeyword$_verifyTextPresent_closure1.doCall(VerifyTextPresentKeyword.groovy:79)
	at com.kms.katalon.core.webui.keyword.builtin.VerifyTextPresentKeyword$_verifyTextPresent_closure1.call(VerifyTextPresentKeyword.groovy)
	at com.kms.katalon.core.webui.keyword.internal.WebUIKeywordMain.runKeyword(WebUIKeywordMain.groovy:20)
	at com.kms.katalon.core.webui.keyword.builtin.VerifyTextPresentKeyword.verifyTextPresent(VerifyTextPresentKeyword.groovy:83)
	at com.kms.katalon.core.webui.keyword.builtin.VerifyTextPresentKeyword.execute(VerifyTextPresentKeyword.groovy:68)
	at com.kms.katalon.core.keyword.internal.KeywordExecutor.executeKeywordForPlatform(KeywordExecutor.groovy:74)
	at com.kms.katalon.core.webui.keyword.WebUiBuiltInKeywords.verifyTextPresent(WebUiBuiltInKeywords.groovy:1723)
	at com.kms.katalon.core.webui.keyword.WebUiBuiltInKeywords$verifyTextPresent$4.call(Unknown Source)
	at AuthOnly.run(AuthOnly:157)
	at com.kms.katalon.core.main.ScriptEngine.run(ScriptEngine.java:194)
	at com.kms.katalon.core.main.ScriptEngine.runScriptAsRawText(ScriptEngine.java:119)
	at com.kms.katalon.core.main.TestCaseExecutor.runScript(TestCaseExecutor.java:442)
	at com.kms.katalon.core.main.TestCaseExecutor.doExecute(TestCaseExecutor.java:433)
	at com.kms.katalon.core.main.TestCaseExecutor.processExecutionPhase(TestCaseExecutor.java:412)
	at com.kms.katalon.core.main.TestCaseExecutor.accessMainPhase(TestCaseExecutor.java:404)
	at com.kms.katalon.core.main.TestCaseExecutor.execute(TestCaseExecutor.java:281)
	at com.kms.katalon.core.main.TestSuiteExecutor.accessTestCaseMainPhase(TestSuiteExecutor.java:202)
	at com.kms.katalon.core.main.TestSuiteExecutor.accessTestSuiteMainPhase(TestSuiteExecutor.java:164)
	at com.kms.katalon.core.main.TestSuiteExecutor.execute(TestSuiteExecutor.java:105)
	at com.kms.katalon.core.main.TestCaseMain.startTestSuite(TestCaseMain.java:185)
	at com.kms.katalon.core.main.TestCaseMain$startTestSuite$0.call(Unknown Source)
	at TempTestSuite1676514794135.run(TempTestSuite1676514794135.groovy:36)
Caused by: com.kms.katalon.core.exception.StepFailedException: Text 'Transaction approved, no errors' is not present on page  using regular expression
	... 23 more]]></system-err>
      </testcase>
      <testcase name="Test Cases/RecAndPlayBk/VLink/Auth-Capture" time="120.404" classname="Test Cases/RecAndPlayBk/VLink/Auth-Capture" status="FAILED">
         <failure type="FAILED" message="Test Cases/RecAndPlayBk/VLink/Auth-Capture FAILED.
Reason:
com.kms.katalon.core.exception.StepFailedException: Text 'Transaction approved, no errors' is not present on page  using regular expression (Root cause: com.kms.katalon.core.exception.StepFailedException: Text 'Transaction approved, no errors' is not present on page  using regular expression
	at com.kms.katalon.core.webui.keyword.internal.WebUIKeywordMain.stepFailed(WebUIKeywordMain.groovy:64)
	at com.kms.katalon.core.webui.keyword.builtin.VerifyTextPresentKeyword$_verifyTextPresent_closure1.doCall(VerifyTextPresentKeyword.groovy:79)
	at com.kms.katalon.core.webui.keyword.builtin.VerifyTextPresentKeyword$_verifyTextPresent_closure1.call(VerifyTextPresentKeyword.groovy)
	at com.kms.katalon.core.webui.keyword.internal.WebUIKeywordMain.runKeyword(WebUIKeywordMain.groovy:20)
	at com.kms.katalon.core.webui.keyword.builtin.VerifyTextPresentKeyword.verifyTextPresent(VerifyTextPresentKeyword.groovy:83)
	at com.kms.katalon.core.webui.keyword.builtin.VerifyTextPresentKeyword.execute(VerifyTextPresentKeyword.groovy:68)
	at com.kms.katalon.core.keyword.internal.KeywordExecutor.executeKeywordForPlatform(KeywordExecutor.groovy:74)
	at com.kms.katalon.core.webui.keyword.WebUiBuiltInKeywords.verifyTextPresent(WebUiBuiltInKeywords.groovy:1723)
	at com.kms.katalon.core.webui.keyword.WebUiBuiltInKeywords$verifyTextPresent$4.call(Unknown Source)
	at Auth-Capture.run(Auth-Capture:161)
	at com.kms.katalon.core.main.ScriptEngine.run(ScriptEngine.java:194)
	at com.kms.katalon.core.main.ScriptEngine.runScriptAsRawText(ScriptEngine.java:119)
	at com.kms.katalon.core.main.TestCaseExecutor.runScript(TestCaseExecutor.java:442)
	at com.kms.katalon.core.main.TestCaseExecutor.doExecute(TestCaseExecutor.java:433)
	at com.kms.katalon.core.main.TestCaseExecutor.processExecutionPhase(TestCaseExecutor.java:412)
	at com.kms.katalon.core.main.TestCaseExecutor.accessMainPhase(TestCaseExecutor.java:404)
	at com.kms.katalon.core.main.TestCaseExecutor.execute(TestCaseExecutor.java:281)
	at com.kms.katalon.core.main.TestSuiteExecutor.accessTestCaseMainPhase(TestSuiteExecutor.java:202)
	at com.kms.katalon.core.main.TestSuiteExecutor.accessTestSuiteMainPhase(TestSuiteExecutor.java:164)
	at com.kms.katalon.core.main.TestSuiteExecutor.execute(TestSuiteExecutor.java:105)
	at com.kms.katalon.core.main.TestCaseMain.startTestSuite(TestCaseMain.java:185)
	at com.kms.katalon.core.main.TestCaseMain$startTestSuite$0.call(Unknown Source)
	at TempTestSuite1676514794135.run(TempTestSuite1676514794135.groovy:36)
)
	at com.kms.katalon.core.keyword.internal.KeywordMain.stepFailed(KeywordMain.groovy:39)
	at com.kms.katalon.core.webui.keyword.internal.WebUIKeywordMain.stepFailed(WebUIKeywordMain.groovy:64)
	at com.kms.katalon.core.webui.keyword.builtin.VerifyTextPresentKeyword$_verifyTextPresent_closure1.doCall(VerifyTextPresentKeyword.groovy:79)
	at com.kms.katalon.core.webui.keyword.builtin.VerifyTextPresentKeyword$_verifyTextPresent_closure1.call(VerifyTextPresentKeyword.groovy)
	at com.kms.katalon.core.webui.keyword.internal.WebUIKeywordMain.runKeyword(WebUIKeywordMain.groovy:20)
	at com.kms.katalon.core.webui.keyword.builtin.VerifyTextPresentKeyword.verifyTextPresent(VerifyTextPresentKeyword.groovy:83)
	at com.kms.katalon.core.webui.keyword.builtin.VerifyTextPresentKeyword.execute(VerifyTextPresentKeyword.groovy:68)
	at com.kms.katalon.core.keyword.internal.KeywordExecutor.executeKeywordForPlatform(KeywordExecutor.groovy:74)
	at com.kms.katalon.core.webui.keyword.WebUiBuiltInKeywords.verifyTextPresent(WebUiBuiltInKeywords.groovy:1723)
	at com.kms.katalon.core.webui.keyword.WebUiBuiltInKeywords$verifyTextPresent$4.call(Unknown Source)
	at Auth-Capture.run(Auth-Capture:161)
	at com.kms.katalon.core.main.ScriptEngine.run(ScriptEngine.java:194)
	at com.kms.katalon.core.main.ScriptEngine.runScriptAsRawText(ScriptEngine.java:119)
	at com.kms.katalon.core.main.TestCaseExecutor.runScript(TestCaseExecutor.java:442)
	at com.kms.katalon.core.main.TestCaseExecutor.doExecute(TestCaseExecutor.java:433)
	at com.kms.katalon.core.main.TestCaseExecutor.processExecutionPhase(TestCaseExecutor.java:412)
	at com.kms.katalon.core.main.TestCaseExecutor.accessMainPhase(TestCaseExecutor.java:404)
	at com.kms.katalon.core.main.TestCaseExecutor.execute(TestCaseExecutor.java:281)
	at com.kms.katalon.core.main.TestSuiteExecutor.accessTestCaseMainPhase(TestSuiteExecutor.java:202)
	at com.kms.katalon.core.main.TestSuiteExecutor.accessTestSuiteMainPhase(TestSuiteExecutor.java:164)
	at com.kms.katalon.core.main.TestSuiteExecutor.execute(TestSuiteExecutor.java:105)
	at com.kms.katalon.core.main.TestCaseMain.startTestSuite(TestCaseMain.java:185)
	at com.kms.katalon.core.main.TestCaseMain$startTestSuite$0.call(Unknown Source)
	at TempTestSuite1676514794135.run(TempTestSuite1676514794135.groovy:36)
Caused by: com.kms.katalon.core.exception.StepFailedException: Text 'Transaction approved, no errors' is not present on page  using regular expression
	... 23 more
"/>
         <system-out><![CDATA[2023-02-15 21:34:56 - [TEST_CASE][FAILED] - Test Cases/RecAndPlayBk/VLink/Auth-Capture: Test Cases/RecAndPlayBk/VLink/Auth-Capture FAILED.
Reason:
com.kms.katalon.core.exception.StepFailedException: Text 'Transaction approved, no errors' is not present on page  using regular expression (Root cause: com.kms.katalon.core.exception.StepFailedException: Text 'Transaction approved, no errors' is not present on page  using regular expression
	at com.kms.katalon.core.webui.keyword.internal.WebUIKeywordMain.stepFailed(WebUIKeywordMain.groovy:64)
	at com.kms.katalon.core.webui.keyword.builtin.VerifyTextPresentKeyword$_verifyTextPresent_closure1.doCall(VerifyTextPresentKeyword.groovy:79)
	at com.kms.katalon.core.webui.keyword.builtin.VerifyTextPresentKeyword$_verifyTextPresent_closure1.call(VerifyTextPresentKeyword.groovy)
	at com.kms.katalon.core.webui.keyword.internal.WebUIKeywordMain.runKeyword(WebUIKeywordMain.groovy:20)
	at com.kms.katalon.core.webui.keyword.builtin.VerifyTextPresentKeyword.verifyTextPresent(VerifyTextPresentKeyword.groovy:83)
	at com.kms.katalon.core.webui.keyword.builtin.VerifyTextPresentKeyword.execute(VerifyTextPresentKeyword.groovy:68)
	at com.kms.katalon.core.keyword.internal.KeywordExecutor.executeKeywordForPlatform(KeywordExecutor.groovy:74)
	at com.kms.katalon.core.webui.keyword.WebUiBuiltInKeywords.verifyTextPresent(WebUiBuiltInKeywords.groovy:1723)
	at com.kms.katalon.core.webui.keyword.WebUiBuiltInKeywords$verifyTextPresent$4.call(Unknown Source)
	at Auth-Capture.run(Auth-Capture:161)
	at com.kms.katalon.core.main.ScriptEngine.run(ScriptEngine.java:194)
	at com.kms.katalon.core.main.ScriptEngine.runScriptAsRawText(ScriptEngine.java:119)
	at com.kms.katalon.core.main.TestCaseExecutor.runScript(TestCaseExecutor.java:442)
	at com.kms.katalon.core.main.TestCaseExecutor.doExecute(TestCaseExecutor.java:433)
	at com.kms.katalon.core.main.TestCaseExecutor.processExecutionPhase(TestCaseExecutor.java:412)
	at com.kms.katalon.core.main.TestCaseExecutor.accessMainPhase(TestCaseExecutor.java:404)
	at com.kms.katalon.core.main.TestCaseExecutor.execute(TestCaseExecutor.java:281)
	at com.kms.katalon.core.main.TestSuiteExecutor.accessTestCaseMainPhase(TestSuiteExecutor.java:202)
	at com.kms.katalon.core.main.TestSuiteExecutor.accessTestSuiteMainPhase(TestSuiteExecutor.java:164)
	at com.kms.katalon.core.main.TestSuiteExecutor.execute(TestSuiteExecutor.java:105)
	at com.kms.katalon.core.main.TestCaseMain.startTestSuite(TestCaseMain.java:185)
	at com.kms.katalon.core.main.TestCaseMain$startTestSuite$0.call(Unknown Source)
	at TempTestSuite1676514794135.run(TempTestSuite1676514794135.groovy:36)
)
	at com.kms.katalon.core.keyword.internal.KeywordMain.stepFailed(KeywordMain.groovy:39)
	at com.kms.katalon.core.webui.keyword.internal.WebUIKeywordMain.stepFailed(WebUIKeywordMain.groovy:64)
	at com.kms.katalon.core.webui.keyword.builtin.VerifyTextPresentKeyword$_verifyTextPresent_closure1.doCall(VerifyTextPresentKeyword.groovy:79)
	at com.kms.katalon.core.webui.keyword.builtin.VerifyTextPresentKeyword$_verifyTextPresent_closure1.call(VerifyTextPresentKeyword.groovy)
	at com.kms.katalon.core.webui.keyword.internal.WebUIKeywordMain.runKeyword(WebUIKeywordMain.groovy:20)
	at com.kms.katalon.core.webui.keyword.builtin.VerifyTextPresentKeyword.verifyTextPresent(VerifyTextPresentKeyword.groovy:83)
	at com.kms.katalon.core.webui.keyword.builtin.VerifyTextPresentKeyword.execute(VerifyTextPresentKeyword.groovy:68)
	at com.kms.katalon.core.keyword.internal.KeywordExecutor.executeKeywordForPlatform(KeywordExecutor.groovy:74)
	at com.kms.katalon.core.webui.keyword.WebUiBuiltInKeywords.verifyTextPresent(WebUiBuiltInKeywords.groovy:1723)
	at com.kms.katalon.core.webui.keyword.WebUiBuiltInKeywords$verifyTextPresent$4.call(Unknown Source)
	at Auth-Capture.run(Auth-Capture:161)
	at com.kms.katalon.core.main.ScriptEngine.run(ScriptEngine.java:194)
	at com.kms.katalon.core.main.ScriptEngine.runScriptAsRawText(ScriptEngine.java:119)
	at com.kms.katalon.core.main.TestCaseExecutor.runScript(TestCaseExecutor.java:442)
	at com.kms.katalon.core.main.TestCaseExecutor.doExecute(TestCaseExecutor.java:433)
	at com.kms.katalon.core.main.TestCaseExecutor.processExecutionPhase(TestCaseExecutor.java:412)
	at com.kms.katalon.core.main.TestCaseExecutor.accessMainPhase(TestCaseExecutor.java:404)
	at com.kms.katalon.core.main.TestCaseExecutor.execute(TestCaseExecutor.java:281)
	at com.kms.katalon.core.main.TestSuiteExecutor.accessTestCaseMainPhase(TestSuiteExecutor.java:202)
	at com.kms.katalon.core.main.TestSuiteExecutor.accessTestSuiteMainPhase(TestSuiteExecutor.java:164)
	at com.kms.katalon.core.main.TestSuiteExecutor.execute(TestSuiteExecutor.java:105)
	at com.kms.katalon.core.main.TestCaseMain.startTestSuite(TestCaseMain.java:185)
	at com.kms.katalon.core.main.TestCaseMain$startTestSuite$0.call(Unknown Source)
	at TempTestSuite1676514794135.run(TempTestSuite1676514794135.groovy:36)
Caused by: com.kms.katalon.core.exception.StepFailedException: Text 'Transaction approved, no errors' is not present on page  using regular expression
	... 23 more


2023-02-15 21:34:57 - [TEST_STEP][PASSED] - executionProfile = getExecutionProfile(): null

2023-02-15 21:34:57 - [TEST_STEP][PASSED] - out.println("executionProfile : " + executionProfile): null

2023-02-15 21:34:57 - [TEST_STEP][PASSED] - appName = <not implemented yet for class: org.codehaus.groovy.ast.expr.EmptyExpression>: null

2023-02-15 21:34:57 - [TEST_STEP][PASSED] - appID = <not implemented yet for class: org.codehaus.groovy.ast.expr.EmptyExpression>: null

2023-02-15 21:34:57 - [TEST_STEP][PASSED] - username = <not implemented yet for class: org.codehaus.groovy.ast.expr.EmptyExpression>: null

2023-02-15 21:34:57 - [TEST_STEP][PASSED] - password = <not implemented yet for class: org.codehaus.groovy.ast.expr.EmptyExpression>: null

2023-02-15 21:34:57 - [TEST_STEP][PASSED] - cardNameV = <not implemented yet for class: org.codehaus.groovy.ast.expr.EmptyExpression>: null

2023-02-15 21:34:57 - [TEST_STEP][PASSED] - al1V = <not implemented yet for class: org.codehaus.groovy.ast.expr.EmptyExpression>: null

2023-02-15 21:34:57 - [TEST_STEP][PASSED] - al2V = <not implemented yet for class: org.codehaus.groovy.ast.expr.EmptyExpression>: null

2023-02-15 21:34:57 - [TEST_STEP][PASSED] - zipV = <not implemented yet for class: org.codehaus.groovy.ast.expr.EmptyExpression>: null

2023-02-15 21:34:57 - [TEST_STEP][PASSED] - cardTypeV = <not implemented yet for class: org.codehaus.groovy.ast.expr.EmptyExpression>: null

2023-02-15 21:34:57 - [TEST_STEP][PASSED] - last4V = <not implemented yet for class: org.codehaus.groovy.ast.expr.EmptyExpression>: null

2023-02-15 21:34:57 - [TEST_STEP][PASSED] - resText = "Fail": null

2023-02-15 21:34:57 - [TEST_STEP][PASSED] - resColumn = "Result": null

2023-02-15 21:34:57 - [TEST_STEP][PASSED] - datCloumn = "Date": null

2023-02-15 21:34:57 - [TEST_STEP][PASSED] - fileLoc = "KatalonData/VLinkSmokeData.xlsx": null

2023-02-15 21:34:57 - [TEST_STEP][PASSED] - numOfRows = <not implemented yet for class: org.codehaus.groovy.ast.expr.EmptyExpression>: null

2023-02-15 21:34:57 - [TEST_STEP][PASSED] - dataFile = <not implemented yet for class: org.codehaus.groovy.ast.expr.EmptyExpression>: null

2023-02-15 21:34:57 - [TEST_STEP][PASSED] - nameSheet = <not implemented yet for class: org.codehaus.groovy.ast.expr.EmptyExpression>: null

2023-02-15 21:34:57 - [TEST_STEP][PASSED] - nameSheet = "AuthCapture": null

2023-02-15 21:34:57 - [TEST_STEP][PASSED] - numOfRows = findTestData("QA/VLinkTestData/VLinkAuthCaptureData").getRowNumbers(): null

2023-02-15 21:34:57 - [TEST_STEP][PASSED] - println("Number of Records: " + numOfRows): null

2023-02-15 21:34:57 - [TEST_STEP][PASSED] - dataFile = "QA/VLinkTestData/VLinkAuthCaptureData": null

2023-02-15 21:34:57 - [TEST_STEP][FAILED] - for ([row = 1, row <= numOfRows, (row++)]): null

2023-02-15 21:34:57 - [TEST_STEP][PASSED] - ExecuteTC = findTestData(dataFile).getValue("Execute", row): null

2023-02-15 21:34:57 - [TEST_STEP][PASSED] - out.println("Value of Execute is : " + ExecuteTC): null

2023-02-15 21:34:57 - [TEST_STEP][PASSED] - switch (executionProfile): null

2023-02-15 21:34:57 - [TEST_STEP][PASSED] - case "QAProfile":: null

2023-02-15 21:34:57 - [TEST_STEP][PASSED] - appID = findTestData(dataFile).getValue("AppIDQA", row): null

2023-02-15 21:34:57 - [TEST_STEP][PASSED] - username = findTestData(dataFile).getValue("UsernameQA", row): null

2023-02-15 21:34:57 - [TEST_STEP][PASSED] - password = findTestData(dataFile).getValue("PasswordQA", row): null

2023-02-15 21:34:57 - [TEST_STEP][PASSED] - break: null

2023-02-15 21:34:57 - [TEST_STEP][PASSED] - if (ExecuteTC.equalsIgnoreCase("Y")): null

2023-02-15 21:34:57 - [TEST_STEP][PASSED] - out.println("Begin Record Number: " + row): null

2023-02-15 21:34:57 - [TEST_STEP][PASSED] - today = new java.util.Date(): null

2023-02-15 21:34:57 - [TEST_STEP][PASSED] - println(today): null

2023-02-15 21:34:57 - [TEST_STEP][PASSED] - datText = today: null

2023-02-15 21:34:57 - [TEST_STEP][PASSED] - category = findTestData(dataFile).getValue("Category", row): null

2023-02-15 21:34:57 - [TEST_STEP][PASSED] - amount = findTestData(dataFile).getValue("Amount", row): null

2023-02-15 21:34:57 - [TEST_STEP][PASSED] - cardNumber = findTestData(dataFile).getValue("CardNumber", row): null

2023-02-15 21:34:58 - [TEST_STEP][PASSED] - exM = findTestData(dataFile).getValue("ExM", row): null

2023-02-15 21:34:58 - [TEST_STEP][PASSED] - exY = findTestData(dataFile).getValue("ExY", row): null

2023-02-15 21:34:58 - [TEST_STEP][PASSED] - openBrowser(VLinkURL + "auth.html"): Browser is opened with url: 'https://dev-algorithm.govolution.com/vlinktest/QA/version_2_0/auth.html'

2023-02-15 21:34:58 - [MESSAGE][WARNING] - A browser is already opened. Closing browser and opening a new one

2023-02-15 21:34:59 - [MESSAGE][INFO] - Starting 'Chrome' driver

2023-02-15 21:34:59 - [MESSAGE][INFO] - User set preference: ['acceptInsecureCerts', 'true']

2023-02-15 21:34:59 - [MESSAGE][INFO] - Action delay is set to 0 milliseconds

2023-02-15 21:35:01 - [MESSAGE][PASSED] - Browser is opened with url: 'https://dev-algorithm.govolution.com/vlinktest/QA/version_2_0/auth.html'

2023-02-15 21:35:01 - [TEST_STEP][PASSED] - maximizeWindow(): Current window maximized

2023-02-15 21:35:01 - [MESSAGE][PASSED] - Current window maximized

2023-02-15 21:35:01 - [TEST_STEP][PASSED] - genRemID = RandomStringUtils.random(12, true, true): null

2023-02-15 21:35:01 - [TEST_STEP][PASSED] - setText(findTestObject("Object Repository/RecAndPlayBk/Page-Vlink-AuthOnly/input_Remittance Id_remittance_id"), genRemID): Text 'QuezwT2Cmyk4' is set on object 'Object Repository/RecAndPlayBk/Page-Vlink-AuthOnly/input_Remittance Id_remittance_id'

2023-02-15 21:35:02 - [MESSAGE][PASSED] - Text 'QuezwT2Cmyk4' is set on object 'Object Repository/RecAndPlayBk/Page-Vlink-AuthOnly/input_Remittance Id_remittance_id'

2023-02-15 21:35:02 - [TEST_STEP][PASSED] - setText(findTestObject("Object Repository/RecAndPlayBk/Page-Vlink-AuthOnly/input_Application Id_application_id"), appID): Text '234' is set on object 'Object Repository/RecAndPlayBk/Page-Vlink-AuthOnly/input_Application Id_application_id'

2023-02-15 21:35:02 - [MESSAGE][PASSED] - Text '234' is set on object 'Object Repository/RecAndPlayBk/Page-Vlink-AuthOnly/input_Application Id_application_id'

2023-02-15 21:35:02 - [TEST_STEP][PASSED] - setText(findTestObject("Object Repository/RecAndPlayBk/Page-Vlink-AuthOnly/input_Username_username"), username): Text 'username' is set on object 'Object Repository/RecAndPlayBk/Page-Vlink-AuthOnly/input_Username_username'

2023-02-15 21:35:03 - [MESSAGE][PASSED] - Text 'username' is set on object 'Object Repository/RecAndPlayBk/Page-Vlink-AuthOnly/input_Username_username'

2023-02-15 21:35:03 - [TEST_STEP][PASSED] - setText(findTestObject("Object Repository/RecAndPlayBk/Page-Vlink-AuthOnly/input_Password_password"), password): Text 'password' is set on object 'Object Repository/RecAndPlayBk/Page-Vlink-AuthOnly/input_Password_password'

2023-02-15 21:35:04 - [MESSAGE][PASSED] - Text 'password' is set on object 'Object Repository/RecAndPlayBk/Page-Vlink-AuthOnly/input_Password_password'

2023-02-15 21:35:04 - [TEST_STEP][PASSED] - setText(findTestObject("Object Repository/RecAndPlayBk/Page-Vlink-AuthOnly/input_Category_category"), category): Text 'ECOM' is set on object 'Object Repository/RecAndPlayBk/Page-Vlink-AuthOnly/input_Category_category'

2023-02-15 21:35:04 - [MESSAGE][PASSED] - Text 'ECOM' is set on object 'Object Repository/RecAndPlayBk/Page-Vlink-AuthOnly/input_Category_category'

2023-02-15 21:35:04 - [TEST_STEP][PASSED] - setText(findTestObject("Object Repository/RecAndPlayBk/Page-Vlink-AuthOnly/input_Amount_amount"), amount): Text '10.5' is set on object 'Object Repository/RecAndPlayBk/Page-Vlink-AuthOnly/input_Amount_amount'

2023-02-15 21:35:05 - [MESSAGE][PASSED] - Text '10.5' is set on object 'Object Repository/RecAndPlayBk/Page-Vlink-AuthOnly/input_Amount_amount'

2023-02-15 21:35:05 - [TEST_STEP][PASSED] - doubleClick(findTestObject("Object Repository/RecAndPlayBk/Page-Vlink-AuthOnly/input_Card number_card_number")): Object: 'Object Repository/RecAndPlayBk/Page-Vlink-AuthOnly/input_Card number_card_number' is double clicked on

2023-02-15 21:35:05 - [MESSAGE][PASSED] - Object: 'Object Repository/RecAndPlayBk/Page-Vlink-AuthOnly/input_Card number_card_number' is double clicked on

2023-02-15 21:35:05 - [TEST_STEP][PASSED] - setText(findTestObject("Object Repository/RecAndPlayBk/Page-Vlink-AuthOnly/input_Card number_card_number"), cardNumber): Text '4111111111111111' is set on object 'Object Repository/RecAndPlayBk/Page-Vlink-AuthOnly/input_Card number_card_number'

2023-02-15 21:35:06 - [MESSAGE][PASSED] - Text '4111111111111111' is set on object 'Object Repository/RecAndPlayBk/Page-Vlink-AuthOnly/input_Card number_card_number'

2023-02-15 21:35:06 - [TEST_STEP][PASSED] - setText(findTestObject("Object Repository/RecAndPlayBk/Page-Vlink-AuthOnly/input_Card ex month_card_exmo"), exM): Text '12' is set on object 'Object Repository/RecAndPlayBk/Page-Vlink-AuthOnly/input_Card ex month_card_exmo'

2023-02-15 21:35:07 - [MESSAGE][PASSED] - Text '12' is set on object 'Object Repository/RecAndPlayBk/Page-Vlink-AuthOnly/input_Card ex month_card_exmo'

2023-02-15 21:35:07 - [TEST_STEP][PASSED] - setText(findTestObject("Object Repository/RecAndPlayBk/Page-Vlink-AuthOnly/input_Card ex year_card_exyr"), exY): Text '2029' is set on object 'Object Repository/RecAndPlayBk/Page-Vlink-AuthOnly/input_Card ex year_card_exyr'

2023-02-15 21:35:07 - [MESSAGE][PASSED] - Text '2029' is set on object 'Object Repository/RecAndPlayBk/Page-Vlink-AuthOnly/input_Card ex year_card_exyr'

2023-02-15 21:35:07 - [TEST_STEP][PASSED] - click(findTestObject("Object Repository/RecAndPlayBk/Page-Vlink-AuthOnly/input_Track Data_track_data")): Object: 'Object Repository/RecAndPlayBk/Page-Vlink-AuthOnly/input_Track Data_track_data' is clicked on

2023-02-15 21:35:08 - [MESSAGE][PASSED] - Object: 'Object Repository/RecAndPlayBk/Page-Vlink-AuthOnly/input_Track Data_track_data' is clicked on

2023-02-15 21:35:08 - [TEST_STEP][PASSED] - click(findTestObject("Object Repository/RecAndPlayBk/Page-Vlink-AuthOnly/input_CVV state_cvv_state")): Object: 'Object Repository/RecAndPlayBk/Page-Vlink-AuthOnly/input_CVV state_cvv_state' is clicked on

2023-02-15 21:35:08 - [MESSAGE][PASSED] - Object: 'Object Repository/RecAndPlayBk/Page-Vlink-AuthOnly/input_CVV state_cvv_state' is clicked on

2023-02-15 21:35:08 - [TEST_STEP][PASSED] - setText(findTestObject("Object Repository/RecAndPlayBk/Page-Vlink-AuthOnly/input_Track Data_track_data"), ""): Text '' is set on object 'Object Repository/RecAndPlayBk/Page-Vlink-AuthOnly/input_Track Data_track_data'

2023-02-15 21:35:09 - [MESSAGE][PASSED] - Text '' is set on object 'Object Repository/RecAndPlayBk/Page-Vlink-AuthOnly/input_Track Data_track_data'

2023-02-15 21:35:09 - [TEST_STEP][PASSED] - setText(findTestObject("Object Repository/RecAndPlayBk/Page-Vlink-AuthOnly/input_concat(Cardholder, , s email)_email"), ""): Text '' is set on object 'Object Repository/RecAndPlayBk/Page-Vlink-AuthOnly/input_concat(Cardholder, , s email)_email'

2023-02-15 21:35:09 - [MESSAGE][PASSED] - Text '' is set on object 'Object Repository/RecAndPlayBk/Page-Vlink-AuthOnly/input_concat(Cardholder, , s email)_email'

2023-02-15 21:35:09 - [TEST_STEP][PASSED] - click(findTestObject("Object Repository/RecAndPlayBk/Page-Vlink-AuthOnly/input_user_defined10_user_defined10")): Object: 'Object Repository/RecAndPlayBk/Page-Vlink-AuthOnly/input_user_defined10_user_defined10' is clicked on

2023-02-15 21:35:10 - [MESSAGE][PASSED] - Object: 'Object Repository/RecAndPlayBk/Page-Vlink-AuthOnly/input_user_defined10_user_defined10' is clicked on

2023-02-15 21:35:10 - [TEST_STEP][PASSED] - if (executionProfile.equalsIgnoreCase("QAProfile")): Text '' is set on object 'Object Repository/RecAndPlayBk/Page-Vlink-AuthOnly/input_COF Transaction Initiated by_cof_tran_6cded5'

2023-02-15 21:35:10 - [TEST_STEP][PASSED] - setText(findTestObject("Object Repository/RecAndPlayBk/Page-Vlink-AuthOnly/input_Card on File Indicator_card_on_file_i_157dae"), ""): Text '' is set on object 'Object Repository/RecAndPlayBk/Page-Vlink-AuthOnly/input_Card on File Indicator_card_on_file_i_157dae'

2023-02-15 21:35:10 - [MESSAGE][PASSED] - Text '' is set on object 'Object Repository/RecAndPlayBk/Page-Vlink-AuthOnly/input_Card on File Indicator_card_on_file_i_157dae'

2023-02-15 21:35:10 - [TEST_STEP][PASSED] - setText(findTestObject("Object Repository/RecAndPlayBk/Page-Vlink-AuthOnly/input_Stored Credential Indicator_stored_cr_4ae73c"), ""): Text '' is set on object 'Object Repository/RecAndPlayBk/Page-Vlink-AuthOnly/input_Stored Credential Indicator_stored_cr_4ae73c'

2023-02-15 21:35:11 - [MESSAGE][PASSED] - Text '' is set on object 'Object Repository/RecAndPlayBk/Page-Vlink-AuthOnly/input_Stored Credential Indicator_stored_cr_4ae73c'

2023-02-15 21:35:11 - [TEST_STEP][PASSED] - setText(findTestObject("Object Repository/RecAndPlayBk/Page-Vlink-AuthOnly/input_COF Scheduled indicator_cof_scheduled_8df7d8"), ""): Text '' is set on object 'Object Repository/RecAndPlayBk/Page-Vlink-AuthOnly/input_COF Scheduled indicator_cof_scheduled_8df7d8'

2023-02-15 21:35:12 - [MESSAGE][PASSED] - Text '' is set on object 'Object Repository/RecAndPlayBk/Page-Vlink-AuthOnly/input_COF Scheduled indicator_cof_scheduled_8df7d8'

2023-02-15 21:35:12 - [TEST_STEP][PASSED] - setText(findTestObject("Object Repository/RecAndPlayBk/Page-Vlink-AuthOnly/input_COF Transaction Initiated by_cof_tran_6cded5"), ""): Text '' is set on object 'Object Repository/RecAndPlayBk/Page-Vlink-AuthOnly/input_COF Transaction Initiated by_cof_tran_6cded5'

2023-02-15 21:35:12 - [MESSAGE][PASSED] - Text '' is set on object 'Object Repository/RecAndPlayBk/Page-Vlink-AuthOnly/input_COF Transaction Initiated by_cof_tran_6cded5'

2023-02-15 21:35:12 - [TEST_STEP][PASSED] - click(findTestObject("Object Repository/RecAndPlayBk/Page-Vlink-AuthOnly/input")): Object: 'Object Repository/RecAndPlayBk/Page-Vlink-AuthOnly/input' is clicked on

2023-02-15 21:35:13 - [MESSAGE][PASSED] - Object: 'Object Repository/RecAndPlayBk/Page-Vlink-AuthOnly/input' is clicked on

2023-02-15 21:35:13 - [TEST_STEP][PASSED] - if (verifyTextPresent("Transaction approved, no errors", true)): null

2023-02-15 21:35:14 - [MESSAGE][PASSED] - Text 'Transaction approved, no errors' is present on page  using regular expression

2023-02-15 21:35:14 - [TEST_STEP][PASSED] - out.println("Auth was successful, Capture now"): null

2023-02-15 21:35:14 - [TEST_STEP][PASSED] - sdfo = getText(findTestObject("Object Repository/Page_VLinkReceipt/pre_STX")): Text of object 'Object Repository/Page_VLinkReceipt/pre_STX' is: '<STX>QuezwT2Cmyk4                  12126527            0  Transaction approved, no errors                   0                                                                                  Y 286931569<ETX>'

2023-02-15 21:35:14 - [MESSAGE][PASSED] - Text of object 'Object Repository/Page_VLinkReceipt/pre_STX' is: '<STX>QuezwT2Cmyk4                  12126527            0  Transaction approved, no errors                   0                                                                                  Y 286931569<ETX>'

2023-02-15 21:35:14 - [TEST_STEP][PASSED] - out.println("sdfo: " + sdfo): null

2023-02-15 21:35:14 - [TEST_STEP][PASSED] - remID = substring(5, 35).trim(): null

2023-02-15 21:35:14 - [TEST_STEP][PASSED] - out.println("remID: " + remID): null

2023-02-15 21:35:14 - [TEST_STEP][PASSED] - traxID = substring(35, 55).trim(): null

2023-02-15 21:35:14 - [TEST_STEP][PASSED] - out.println("traxID: " + traxID): null

2023-02-15 21:35:14 - [TEST_STEP][PASSED] - VLinkSaleRemID = remID: null

2023-02-15 21:35:14 - [TEST_STEP][PASSED] - VLinkSaleTranxID = traxID: null

2023-02-15 21:35:14 - [TEST_STEP][PASSED] - openBrowser(VLinkURL + "capture.html"): Browser is opened with url: 'https://dev-algorithm.govolution.com/vlinktest/QA/version_2_0/capture.html'

2023-02-15 21:35:14 - [MESSAGE][WARNING] - A browser is already opened. Closing browser and opening a new one

2023-02-15 21:35:15 - [MESSAGE][INFO] - Starting 'Chrome' driver

2023-02-15 21:35:15 - [MESSAGE][INFO] - User set preference: ['acceptInsecureCerts', 'true']

2023-02-15 21:35:15 - [MESSAGE][INFO] - Action delay is set to 0 milliseconds

2023-02-15 21:35:17 - [MESSAGE][PASSED] - Browser is opened with url: 'https://dev-algorithm.govolution.com/vlinktest/QA/version_2_0/capture.html'

2023-02-15 21:35:17 - [TEST_STEP][PASSED] - maximizeWindow(): Current window maximized

2023-02-15 21:35:17 - [MESSAGE][PASSED] - Current window maximized

2023-02-15 21:35:17 - [TEST_STEP][PASSED] - setText(findTestObject("Object Repository/RecAndPlayBk/Page-VLink-Capture/input_Remittance Id_remittance_id"), VLinkSaleRemID): Text 'QuezwT2Cmyk4' is set on object 'Object Repository/RecAndPlayBk/Page-VLink-Capture/input_Remittance Id_remittance_id'

2023-02-15 21:35:17 - [MESSAGE][PASSED] - Text 'QuezwT2Cmyk4' is set on object 'Object Repository/RecAndPlayBk/Page-VLink-Capture/input_Remittance Id_remittance_id'

2023-02-15 21:35:17 - [TEST_STEP][PASSED] - setText(findTestObject("Object Repository/RecAndPlayBk/Page-VLink-Capture/input_Application Id_application_id"), appID): Text '234' is set on object 'Object Repository/RecAndPlayBk/Page-VLink-Capture/input_Application Id_application_id'

2023-02-15 21:35:18 - [MESSAGE][PASSED] - Text '234' is set on object 'Object Repository/RecAndPlayBk/Page-VLink-Capture/input_Application Id_application_id'

2023-02-15 21:35:18 - [TEST_STEP][PASSED] - setText(findTestObject("Object Repository/RecAndPlayBk/Page-VLink-Capture/input_Username_username"), username): Text 'username' is set on object 'Object Repository/RecAndPlayBk/Page-VLink-Capture/input_Username_username'

2023-02-15 21:35:19 - [MESSAGE][PASSED] - Text 'username' is set on object 'Object Repository/RecAndPlayBk/Page-VLink-Capture/input_Username_username'

2023-02-15 21:35:19 - [TEST_STEP][PASSED] - setText(findTestObject("Object Repository/RecAndPlayBk/Page-VLink-Capture/input_Password_password"), password): Text 'password' is set on object 'Object Repository/RecAndPlayBk/Page-VLink-Capture/input_Password_password'

2023-02-15 21:35:19 - [MESSAGE][PASSED] - Text 'password' is set on object 'Object Repository/RecAndPlayBk/Page-VLink-Capture/input_Password_password'

2023-02-15 21:35:19 - [TEST_STEP][PASSED] - setText(findTestObject("Object Repository/RecAndPlayBk/Page-VLink-Capture/input_Transaction ID_transaction_id"), VLinkSaleTranxID): Text '12126527' is set on object 'Object Repository/RecAndPlayBk/Page-VLink-Capture/input_Transaction ID_transaction_id'

2023-02-15 21:35:20 - [MESSAGE][PASSED] - Text '12126527' is set on object 'Object Repository/RecAndPlayBk/Page-VLink-Capture/input_Transaction ID_transaction_id'

2023-02-15 21:35:20 - [TEST_STEP][PASSED] - setText(findTestObject("Object Repository/RecAndPlayBk/Page-VLink-Capture/input_Amount_amount"), amount): Text '10.5' is set on object 'Object Repository/RecAndPlayBk/Page-VLink-Capture/input_Amount_amount'

2023-02-15 21:35:21 - [MESSAGE][PASSED] - Text '10.5' is set on object 'Object Repository/RecAndPlayBk/Page-VLink-Capture/input_Amount_amount'

2023-02-15 21:35:21 - [TEST_STEP][PASSED] - click(findTestObject("Object Repository/RecAndPlayBk/Page-VLink-Capture/input")): Object: 'Object Repository/RecAndPlayBk/Page-VLink-Capture/input' is clicked on

2023-02-15 21:35:22 - [MESSAGE][PASSED] - Object: 'Object Repository/RecAndPlayBk/Page-VLink-Capture/input' is clicked on

2023-02-15 21:35:22 - [TEST_STEP][PASSED] - if (verifyTextPresent("Transaction approved, no errors", true)): null

2023-02-15 21:35:22 - [MESSAGE][PASSED] - Text 'Transaction approved, no errors' is present on page  using regular expression

2023-02-15 21:35:22 - [TEST_STEP][PASSED] - println("Transaction Approved, no errors text is present on the Confirmation page"): null

2023-02-15 21:35:22 - [TEST_STEP][PASSED] - out.println("Pass Record Number: " + row): null

2023-02-15 21:35:22 - [TEST_STEP][PASSED] - resText = "Pass": null

2023-02-15 21:35:22 - [TEST_STEP][PASSED] - pages.WriteExcel.demoKey(resText, datText, resColumn, datCloumn, fileLoc, nameSheet, row): pages.WriteExcel.demoKey is PASSED

2023-02-15 21:35:22 - [MESSAGE][PASSED] - pages.WriteExcel.demoKey is PASSED

2023-02-15 21:35:22 - [TEST_STEP][PASSED] - ExecuteTC = findTestData(dataFile).getValue("Execute", row): null

2023-02-15 21:35:22 - [TEST_STEP][PASSED] - out.println("Value of Execute is : " + ExecuteTC): null

2023-02-15 21:35:22 - [TEST_STEP][PASSED] - switch (executionProfile): null

2023-02-15 21:35:22 - [TEST_STEP][PASSED] - case "QAProfile":: null

2023-02-15 21:35:22 - [TEST_STEP][PASSED] - appID = findTestData(dataFile).getValue("AppIDQA", row): null

2023-02-15 21:35:23 - [TEST_STEP][PASSED] - username = findTestData(dataFile).getValue("UsernameQA", row): null

2023-02-15 21:35:23 - [TEST_STEP][PASSED] - password = findTestData(dataFile).getValue("PasswordQA", row): null

2023-02-15 21:35:23 - [TEST_STEP][PASSED] - break: null

2023-02-15 21:35:23 - [TEST_STEP][PASSED] - if (ExecuteTC.equalsIgnoreCase("Y")): null

2023-02-15 21:35:23 - [TEST_STEP][PASSED] - out.println("Begin Record Number: " + row): null

2023-02-15 21:35:23 - [TEST_STEP][PASSED] - today = new java.util.Date(): null

2023-02-15 21:35:23 - [TEST_STEP][PASSED] - println(today): null

2023-02-15 21:35:23 - [TEST_STEP][PASSED] - datText = today: null

2023-02-15 21:35:23 - [TEST_STEP][PASSED] - category = findTestData(dataFile).getValue("Category", row): null

2023-02-15 21:35:23 - [TEST_STEP][PASSED] - amount = findTestData(dataFile).getValue("Amount", row): null

2023-02-15 21:35:23 - [TEST_STEP][PASSED] - cardNumber = findTestData(dataFile).getValue("CardNumber", row): null

2023-02-15 21:35:23 - [TEST_STEP][PASSED] - exM = findTestData(dataFile).getValue("ExM", row): null

2023-02-15 21:35:23 - [TEST_STEP][PASSED] - exY = findTestData(dataFile).getValue("ExY", row): null

2023-02-15 21:35:23 - [TEST_STEP][PASSED] - openBrowser(VLinkURL + "auth.html"): Browser is opened with url: 'https://dev-algorithm.govolution.com/vlinktest/QA/version_2_0/auth.html'

2023-02-15 21:35:23 - [MESSAGE][WARNING] - A browser is already opened. Closing browser and opening a new one

2023-02-15 21:35:24 - [MESSAGE][INFO] - Starting 'Chrome' driver

2023-02-15 21:35:24 - [MESSAGE][INFO] - User set preference: ['acceptInsecureCerts', 'true']

2023-02-15 21:35:24 - [MESSAGE][INFO] - Action delay is set to 0 milliseconds

2023-02-15 21:35:26 - [MESSAGE][PASSED] - Browser is opened with url: 'https://dev-algorithm.govolution.com/vlinktest/QA/version_2_0/auth.html'

2023-02-15 21:35:26 - [TEST_STEP][PASSED] - maximizeWindow(): Current window maximized

2023-02-15 21:35:26 - [MESSAGE][PASSED] - Current window maximized

2023-02-15 21:35:26 - [TEST_STEP][PASSED] - genRemID = RandomStringUtils.random(12, true, true): null

2023-02-15 21:35:26 - [TEST_STEP][PASSED] - setText(findTestObject("Object Repository/RecAndPlayBk/Page-Vlink-AuthOnly/input_Remittance Id_remittance_id"), genRemID): Text '4ANlcor88Igk' is set on object 'Object Repository/RecAndPlayBk/Page-Vlink-AuthOnly/input_Remittance Id_remittance_id'

2023-02-15 21:35:27 - [MESSAGE][PASSED] - Text '4ANlcor88Igk' is set on object 'Object Repository/RecAndPlayBk/Page-Vlink-AuthOnly/input_Remittance Id_remittance_id'

2023-02-15 21:35:27 - [TEST_STEP][PASSED] - setText(findTestObject("Object Repository/RecAndPlayBk/Page-Vlink-AuthOnly/input_Application Id_application_id"), appID): Text '234' is set on object 'Object Repository/RecAndPlayBk/Page-Vlink-AuthOnly/input_Application Id_application_id'

2023-02-15 21:35:28 - [MESSAGE][PASSED] - Text '234' is set on object 'Object Repository/RecAndPlayBk/Page-Vlink-AuthOnly/input_Application Id_application_id'

2023-02-15 21:35:28 - [TEST_STEP][PASSED] - setText(findTestObject("Object Repository/RecAndPlayBk/Page-Vlink-AuthOnly/input_Username_username"), username): Text 'username' is set on object 'Object Repository/RecAndPlayBk/Page-Vlink-AuthOnly/input_Username_username'

2023-02-15 21:35:28 - [MESSAGE][PASSED] - Text 'username' is set on object 'Object Repository/RecAndPlayBk/Page-Vlink-AuthOnly/input_Username_username'

2023-02-15 21:35:28 - [TEST_STEP][PASSED] - setText(findTestObject("Object Repository/RecAndPlayBk/Page-Vlink-AuthOnly/input_Password_password"), password): Text 'password' is set on object 'Object Repository/RecAndPlayBk/Page-Vlink-AuthOnly/input_Password_password'

2023-02-15 21:35:29 - [MESSAGE][PASSED] - Text 'password' is set on object 'Object Repository/RecAndPlayBk/Page-Vlink-AuthOnly/input_Password_password'

2023-02-15 21:35:29 - [TEST_STEP][PASSED] - setText(findTestObject("Object Repository/RecAndPlayBk/Page-Vlink-AuthOnly/input_Category_category"), category): Text 'MOTO' is set on object 'Object Repository/RecAndPlayBk/Page-Vlink-AuthOnly/input_Category_category'

2023-02-15 21:35:30 - [MESSAGE][PASSED] - Text 'MOTO' is set on object 'Object Repository/RecAndPlayBk/Page-Vlink-AuthOnly/input_Category_category'

2023-02-15 21:35:30 - [TEST_STEP][PASSED] - setText(findTestObject("Object Repository/RecAndPlayBk/Page-Vlink-AuthOnly/input_Amount_amount"), amount): Text '10.5' is set on object 'Object Repository/RecAndPlayBk/Page-Vlink-AuthOnly/input_Amount_amount'

2023-02-15 21:35:30 - [MESSAGE][PASSED] - Text '10.5' is set on object 'Object Repository/RecAndPlayBk/Page-Vlink-AuthOnly/input_Amount_amount'

2023-02-15 21:35:30 - [TEST_STEP][PASSED] - doubleClick(findTestObject("Object Repository/RecAndPlayBk/Page-Vlink-AuthOnly/input_Card number_card_number")): Object: 'Object Repository/RecAndPlayBk/Page-Vlink-AuthOnly/input_Card number_card_number' is double clicked on

2023-02-15 21:35:31 - [MESSAGE][PASSED] - Object: 'Object Repository/RecAndPlayBk/Page-Vlink-AuthOnly/input_Card number_card_number' is double clicked on

2023-02-15 21:35:31 - [TEST_STEP][PASSED] - setText(findTestObject("Object Repository/RecAndPlayBk/Page-Vlink-AuthOnly/input_Card number_card_number"), cardNumber): Text '5424000000000015' is set on object 'Object Repository/RecAndPlayBk/Page-Vlink-AuthOnly/input_Card number_card_number'

2023-02-15 21:35:31 - [MESSAGE][PASSED] - Text '5424000000000015' is set on object 'Object Repository/RecAndPlayBk/Page-Vlink-AuthOnly/input_Card number_card_number'

2023-02-15 21:35:31 - [TEST_STEP][PASSED] - setText(findTestObject("Object Repository/RecAndPlayBk/Page-Vlink-AuthOnly/input_Card ex month_card_exmo"), exM): Text '12' is set on object 'Object Repository/RecAndPlayBk/Page-Vlink-AuthOnly/input_Card ex month_card_exmo'

2023-02-15 21:35:32 - [MESSAGE][PASSED] - Text '12' is set on object 'Object Repository/RecAndPlayBk/Page-Vlink-AuthOnly/input_Card ex month_card_exmo'

2023-02-15 21:35:32 - [TEST_STEP][PASSED] - setText(findTestObject("Object Repository/RecAndPlayBk/Page-Vlink-AuthOnly/input_Card ex year_card_exyr"), exY): Text '2029' is set on object 'Object Repository/RecAndPlayBk/Page-Vlink-AuthOnly/input_Card ex year_card_exyr'

2023-02-15 21:35:33 - [MESSAGE][PASSED] - Text '2029' is set on object 'Object Repository/RecAndPlayBk/Page-Vlink-AuthOnly/input_Card ex year_card_exyr'

2023-02-15 21:35:33 - [TEST_STEP][PASSED] - click(findTestObject("Object Repository/RecAndPlayBk/Page-Vlink-AuthOnly/input_Track Data_track_data")): Object: 'Object Repository/RecAndPlayBk/Page-Vlink-AuthOnly/input_Track Data_track_data' is clicked on

2023-02-15 21:35:33 - [MESSAGE][PASSED] - Object: 'Object Repository/RecAndPlayBk/Page-Vlink-AuthOnly/input_Track Data_track_data' is clicked on

2023-02-15 21:35:33 - [TEST_STEP][PASSED] - click(findTestObject("Object Repository/RecAndPlayBk/Page-Vlink-AuthOnly/input_CVV state_cvv_state")): Object: 'Object Repository/RecAndPlayBk/Page-Vlink-AuthOnly/input_CVV state_cvv_state' is clicked on

2023-02-15 21:35:33 - [MESSAGE][PASSED] - Object: 'Object Repository/RecAndPlayBk/Page-Vlink-AuthOnly/input_CVV state_cvv_state' is clicked on

2023-02-15 21:35:33 - [TEST_STEP][PASSED] - setText(findTestObject("Object Repository/RecAndPlayBk/Page-Vlink-AuthOnly/input_Track Data_track_data"), ""): Text '' is set on object 'Object Repository/RecAndPlayBk/Page-Vlink-AuthOnly/input_Track Data_track_data'

2023-02-15 21:35:34 - [MESSAGE][PASSED] - Text '' is set on object 'Object Repository/RecAndPlayBk/Page-Vlink-AuthOnly/input_Track Data_track_data'

2023-02-15 21:35:34 - [TEST_STEP][PASSED] - setText(findTestObject("Object Repository/RecAndPlayBk/Page-Vlink-AuthOnly/input_concat(Cardholder, , s email)_email"), ""): Text '' is set on object 'Object Repository/RecAndPlayBk/Page-Vlink-AuthOnly/input_concat(Cardholder, , s email)_email'

2023-02-15 21:35:35 - [MESSAGE][PASSED] - Text '' is set on object 'Object Repository/RecAndPlayBk/Page-Vlink-AuthOnly/input_concat(Cardholder, , s email)_email'

2023-02-15 21:35:35 - [TEST_STEP][PASSED] - click(findTestObject("Object Repository/RecAndPlayBk/Page-Vlink-AuthOnly/input_user_defined10_user_defined10")): Object: 'Object Repository/RecAndPlayBk/Page-Vlink-AuthOnly/input_user_defined10_user_defined10' is clicked on

2023-02-15 21:35:35 - [MESSAGE][PASSED] - Object: 'Object Repository/RecAndPlayBk/Page-Vlink-AuthOnly/input_user_defined10_user_defined10' is clicked on

2023-02-15 21:35:35 - [TEST_STEP][PASSED] - if (executionProfile.equalsIgnoreCase("QAProfile")): Text '' is set on object 'Object Repository/RecAndPlayBk/Page-Vlink-AuthOnly/input_COF Transaction Initiated by_cof_tran_6cded5'

2023-02-15 21:35:35 - [TEST_STEP][PASSED] - setText(findTestObject("Object Repository/RecAndPlayBk/Page-Vlink-AuthOnly/input_Card on File Indicator_card_on_file_i_157dae"), ""): Text '' is set on object 'Object Repository/RecAndPlayBk/Page-Vlink-AuthOnly/input_Card on File Indicator_card_on_file_i_157dae'

2023-02-15 21:35:36 - [MESSAGE][PASSED] - Text '' is set on object 'Object Repository/RecAndPlayBk/Page-Vlink-AuthOnly/input_Card on File Indicator_card_on_file_i_157dae'

2023-02-15 21:35:36 - [TEST_STEP][PASSED] - setText(findTestObject("Object Repository/RecAndPlayBk/Page-Vlink-AuthOnly/input_Stored Credential Indicator_stored_cr_4ae73c"), ""): Text '' is set on object 'Object Repository/RecAndPlayBk/Page-Vlink-AuthOnly/input_Stored Credential Indicator_stored_cr_4ae73c'

2023-02-15 21:35:36 - [MESSAGE][PASSED] - Text '' is set on object 'Object Repository/RecAndPlayBk/Page-Vlink-AuthOnly/input_Stored Credential Indicator_stored_cr_4ae73c'

2023-02-15 21:35:36 - [TEST_STEP][PASSED] - setText(findTestObject("Object Repository/RecAndPlayBk/Page-Vlink-AuthOnly/input_COF Scheduled indicator_cof_scheduled_8df7d8"), ""): Text '' is set on object 'Object Repository/RecAndPlayBk/Page-Vlink-AuthOnly/input_COF Scheduled indicator_cof_scheduled_8df7d8'

2023-02-15 21:35:37 - [MESSAGE][PASSED] - Text '' is set on object 'Object Repository/RecAndPlayBk/Page-Vlink-AuthOnly/input_COF Scheduled indicator_cof_scheduled_8df7d8'

2023-02-15 21:35:37 - [TEST_STEP][PASSED] - setText(findTestObject("Object Repository/RecAndPlayBk/Page-Vlink-AuthOnly/input_COF Transaction Initiated by_cof_tran_6cded5"), ""): Text '' is set on object 'Object Repository/RecAndPlayBk/Page-Vlink-AuthOnly/input_COF Transaction Initiated by_cof_tran_6cded5'

2023-02-15 21:35:38 - [MESSAGE][PASSED] - Text '' is set on object 'Object Repository/RecAndPlayBk/Page-Vlink-AuthOnly/input_COF Transaction Initiated by_cof_tran_6cded5'

2023-02-15 21:35:38 - [TEST_STEP][PASSED] - click(findTestObject("Object Repository/RecAndPlayBk/Page-Vlink-AuthOnly/input")): Object: 'Object Repository/RecAndPlayBk/Page-Vlink-AuthOnly/input' is clicked on

2023-02-15 21:35:39 - [MESSAGE][PASSED] - Object: 'Object Repository/RecAndPlayBk/Page-Vlink-AuthOnly/input' is clicked on

2023-02-15 21:35:39 - [TEST_STEP][PASSED] - if (verifyTextPresent("Transaction approved, no errors", true)): null

2023-02-15 21:35:39 - [MESSAGE][PASSED] - Text 'Transaction approved, no errors' is present on page  using regular expression

2023-02-15 21:35:39 - [TEST_STEP][PASSED] - out.println("Auth was successful, Capture now"): null

2023-02-15 21:35:39 - [TEST_STEP][PASSED] - sdfo = getText(findTestObject("Object Repository/Page_VLinkReceipt/pre_STX")): Text of object 'Object Repository/Page_VLinkReceipt/pre_STX' is: '<STX>4ANlcor88Igk                  12126529            0  Transaction approved, no errors                   0                                                                                  Y 054960609<ETX>'

2023-02-15 21:35:39 - [MESSAGE][PASSED] - Text of object 'Object Repository/Page_VLinkReceipt/pre_STX' is: '<STX>4ANlcor88Igk                  12126529            0  Transaction approved, no errors                   0                                                                                  Y 054960609<ETX>'

2023-02-15 21:35:39 - [TEST_STEP][PASSED] - out.println("sdfo: " + sdfo): null

2023-02-15 21:35:39 - [TEST_STEP][PASSED] - remID = substring(5, 35).trim(): null

2023-02-15 21:35:39 - [TEST_STEP][PASSED] - out.println("remID: " + remID): null

2023-02-15 21:35:39 - [TEST_STEP][PASSED] - traxID = substring(35, 55).trim(): null

2023-02-15 21:35:39 - [TEST_STEP][PASSED] - out.println("traxID: " + traxID): null

2023-02-15 21:35:39 - [TEST_STEP][PASSED] - VLinkSaleRemID = remID: null

2023-02-15 21:35:39 - [TEST_STEP][PASSED] - VLinkSaleTranxID = traxID: null

2023-02-15 21:35:39 - [TEST_STEP][PASSED] - openBrowser(VLinkURL + "capture.html"): Browser is opened with url: 'https://dev-algorithm.govolution.com/vlinktest/QA/version_2_0/capture.html'

2023-02-15 21:35:39 - [MESSAGE][WARNING] - A browser is already opened. Closing browser and opening a new one

2023-02-15 21:35:40 - [MESSAGE][INFO] - Starting 'Chrome' driver

2023-02-15 21:35:40 - [MESSAGE][INFO] - User set preference: ['acceptInsecureCerts', 'true']

2023-02-15 21:35:40 - [MESSAGE][INFO] - Action delay is set to 0 milliseconds

2023-02-15 21:35:42 - [MESSAGE][PASSED] - Browser is opened with url: 'https://dev-algorithm.govolution.com/vlinktest/QA/version_2_0/capture.html'

2023-02-15 21:35:42 - [TEST_STEP][PASSED] - maximizeWindow(): Current window maximized

2023-02-15 21:35:42 - [MESSAGE][PASSED] - Current window maximized

2023-02-15 21:35:42 - [TEST_STEP][PASSED] - setText(findTestObject("Object Repository/RecAndPlayBk/Page-VLink-Capture/input_Remittance Id_remittance_id"), VLinkSaleRemID): Text '4ANlcor88Igk' is set on object 'Object Repository/RecAndPlayBk/Page-VLink-Capture/input_Remittance Id_remittance_id'

2023-02-15 21:35:43 - [MESSAGE][PASSED] - Text '4ANlcor88Igk' is set on object 'Object Repository/RecAndPlayBk/Page-VLink-Capture/input_Remittance Id_remittance_id'

2023-02-15 21:35:43 - [TEST_STEP][PASSED] - setText(findTestObject("Object Repository/RecAndPlayBk/Page-VLink-Capture/input_Application Id_application_id"), appID): Text '234' is set on object 'Object Repository/RecAndPlayBk/Page-VLink-Capture/input_Application Id_application_id'

2023-02-15 21:35:44 - [MESSAGE][PASSED] - Text '234' is set on object 'Object Repository/RecAndPlayBk/Page-VLink-Capture/input_Application Id_application_id'

2023-02-15 21:35:44 - [TEST_STEP][PASSED] - setText(findTestObject("Object Repository/RecAndPlayBk/Page-VLink-Capture/input_Username_username"), username): Text 'username' is set on object 'Object Repository/RecAndPlayBk/Page-VLink-Capture/input_Username_username'

2023-02-15 21:35:44 - [MESSAGE][PASSED] - Text 'username' is set on object 'Object Repository/RecAndPlayBk/Page-VLink-Capture/input_Username_username'

2023-02-15 21:35:44 - [TEST_STEP][PASSED] - setText(findTestObject("Object Repository/RecAndPlayBk/Page-VLink-Capture/input_Password_password"), password): Text 'password' is set on object 'Object Repository/RecAndPlayBk/Page-VLink-Capture/input_Password_password'

2023-02-15 21:35:45 - [MESSAGE][PASSED] - Text 'password' is set on object 'Object Repository/RecAndPlayBk/Page-VLink-Capture/input_Password_password'

2023-02-15 21:35:45 - [TEST_STEP][PASSED] - setText(findTestObject("Object Repository/RecAndPlayBk/Page-VLink-Capture/input_Transaction ID_transaction_id"), VLinkSaleTranxID): Text '12126529' is set on object 'Object Repository/RecAndPlayBk/Page-VLink-Capture/input_Transaction ID_transaction_id'

2023-02-15 21:35:46 - [MESSAGE][PASSED] - Text '12126529' is set on object 'Object Repository/RecAndPlayBk/Page-VLink-Capture/input_Transaction ID_transaction_id'

2023-02-15 21:35:46 - [TEST_STEP][PASSED] - setText(findTestObject("Object Repository/RecAndPlayBk/Page-VLink-Capture/input_Amount_amount"), amount): Text '10.5' is set on object 'Object Repository/RecAndPlayBk/Page-VLink-Capture/input_Amount_amount'

2023-02-15 21:35:46 - [MESSAGE][PASSED] - Text '10.5' is set on object 'Object Repository/RecAndPlayBk/Page-VLink-Capture/input_Amount_amount'

2023-02-15 21:35:46 - [TEST_STEP][PASSED] - click(findTestObject("Object Repository/RecAndPlayBk/Page-VLink-Capture/input")): Object: 'Object Repository/RecAndPlayBk/Page-VLink-Capture/input' is clicked on

2023-02-15 21:35:48 - [MESSAGE][PASSED] - Object: 'Object Repository/RecAndPlayBk/Page-VLink-Capture/input' is clicked on

2023-02-15 21:35:48 - [TEST_STEP][PASSED] - if (verifyTextPresent("Transaction approved, no errors", true)): null

2023-02-15 21:35:48 - [MESSAGE][PASSED] - Text 'Transaction approved, no errors' is present on page  using regular expression

2023-02-15 21:35:48 - [TEST_STEP][PASSED] - println("Transaction Approved, no errors text is present on the Confirmation page"): null

2023-02-15 21:35:48 - [TEST_STEP][PASSED] - out.println("Pass Record Number: " + row): null

2023-02-15 21:35:48 - [TEST_STEP][PASSED] - resText = "Pass": null

2023-02-15 21:35:48 - [TEST_STEP][PASSED] - pages.WriteExcel.demoKey(resText, datText, resColumn, datCloumn, fileLoc, nameSheet, row): pages.WriteExcel.demoKey is PASSED

2023-02-15 21:35:48 - [MESSAGE][PASSED] - pages.WriteExcel.demoKey is PASSED

2023-02-15 21:35:48 - [TEST_STEP][PASSED] - ExecuteTC = findTestData(dataFile).getValue("Execute", row): null

2023-02-15 21:35:48 - [TEST_STEP][PASSED] - out.println("Value of Execute is : " + ExecuteTC): null

2023-02-15 21:35:48 - [TEST_STEP][PASSED] - switch (executionProfile): null

2023-02-15 21:35:48 - [TEST_STEP][PASSED] - case "QAProfile":: null

2023-02-15 21:35:48 - [TEST_STEP][PASSED] - appID = findTestData(dataFile).getValue("AppIDQA", row): null

2023-02-15 21:35:48 - [TEST_STEP][PASSED] - username = findTestData(dataFile).getValue("UsernameQA", row): null

2023-02-15 21:35:48 - [TEST_STEP][PASSED] - password = findTestData(dataFile).getValue("PasswordQA", row): null

2023-02-15 21:35:48 - [TEST_STEP][PASSED] - break: null

2023-02-15 21:35:48 - [TEST_STEP][FAILED] - if (ExecuteTC.equalsIgnoreCase("Y")): null

2023-02-15 21:35:48 - [TEST_STEP][PASSED] - out.println("Begin Record Number: " + row): null

2023-02-15 21:35:48 - [TEST_STEP][PASSED] - today = new java.util.Date(): null

2023-02-15 21:35:48 - [TEST_STEP][PASSED] - println(today): null

2023-02-15 21:35:48 - [TEST_STEP][PASSED] - datText = today: null

2023-02-15 21:35:48 - [TEST_STEP][PASSED] - category = findTestData(dataFile).getValue("Category", row): null

2023-02-15 21:35:48 - [TEST_STEP][PASSED] - amount = findTestData(dataFile).getValue("Amount", row): null

2023-02-15 21:35:49 - [TEST_STEP][PASSED] - cardNumber = findTestData(dataFile).getValue("CardNumber", row): null

2023-02-15 21:35:49 - [TEST_STEP][PASSED] - exM = findTestData(dataFile).getValue("ExM", row): null

2023-02-15 21:35:49 - [TEST_STEP][PASSED] - exY = findTestData(dataFile).getValue("ExY", row): null

2023-02-15 21:35:49 - [TEST_STEP][PASSED] - openBrowser(VLinkURL + "auth.html"): Browser is opened with url: 'https://dev-algorithm.govolution.com/vlinktest/QA/version_2_0/auth.html'

2023-02-15 21:35:49 - [MESSAGE][WARNING] - A browser is already opened. Closing browser and opening a new one

2023-02-15 21:35:50 - [MESSAGE][INFO] - Starting 'Chrome' driver

2023-02-15 21:35:50 - [MESSAGE][INFO] - User set preference: ['acceptInsecureCerts', 'true']

2023-02-15 21:35:50 - [MESSAGE][INFO] - Action delay is set to 0 milliseconds

2023-02-15 21:35:52 - [MESSAGE][PASSED] - Browser is opened with url: 'https://dev-algorithm.govolution.com/vlinktest/QA/version_2_0/auth.html'

2023-02-15 21:35:52 - [TEST_STEP][PASSED] - maximizeWindow(): Current window maximized

2023-02-15 21:35:52 - [MESSAGE][PASSED] - Current window maximized

2023-02-15 21:35:52 - [TEST_STEP][PASSED] - genRemID = RandomStringUtils.random(12, true, true): null

2023-02-15 21:35:52 - [TEST_STEP][PASSED] - setText(findTestObject("Object Repository/RecAndPlayBk/Page-Vlink-AuthOnly/input_Remittance Id_remittance_id"), genRemID): Text 'apNrMlyJmaP4' is set on object 'Object Repository/RecAndPlayBk/Page-Vlink-AuthOnly/input_Remittance Id_remittance_id'

2023-02-15 21:35:53 - [MESSAGE][PASSED] - Text 'apNrMlyJmaP4' is set on object 'Object Repository/RecAndPlayBk/Page-Vlink-AuthOnly/input_Remittance Id_remittance_id'

2023-02-15 21:35:53 - [TEST_STEP][PASSED] - setText(findTestObject("Object Repository/RecAndPlayBk/Page-Vlink-AuthOnly/input_Application Id_application_id"), appID): Text '234' is set on object 'Object Repository/RecAndPlayBk/Page-Vlink-AuthOnly/input_Application Id_application_id'

2023-02-15 21:35:53 - [MESSAGE][PASSED] - Text '234' is set on object 'Object Repository/RecAndPlayBk/Page-Vlink-AuthOnly/input_Application Id_application_id'

2023-02-15 21:35:53 - [TEST_STEP][PASSED] - setText(findTestObject("Object Repository/RecAndPlayBk/Page-Vlink-AuthOnly/input_Username_username"), username): Text 'username' is set on object 'Object Repository/RecAndPlayBk/Page-Vlink-AuthOnly/input_Username_username'

2023-02-15 21:35:54 - [MESSAGE][PASSED] - Text 'username' is set on object 'Object Repository/RecAndPlayBk/Page-Vlink-AuthOnly/input_Username_username'

2023-02-15 21:35:54 - [TEST_STEP][PASSED] - setText(findTestObject("Object Repository/RecAndPlayBk/Page-Vlink-AuthOnly/input_Password_password"), password): Text 'password' is set on object 'Object Repository/RecAndPlayBk/Page-Vlink-AuthOnly/input_Password_password'

2023-02-15 21:35:54 - [MESSAGE][PASSED] - Text 'password' is set on object 'Object Repository/RecAndPlayBk/Page-Vlink-AuthOnly/input_Password_password'

2023-02-15 21:35:54 - [TEST_STEP][PASSED] - setText(findTestObject("Object Repository/RecAndPlayBk/Page-Vlink-AuthOnly/input_Category_category"), category): Text 'RETL' is set on object 'Object Repository/RecAndPlayBk/Page-Vlink-AuthOnly/input_Category_category'

2023-02-15 21:35:55 - [MESSAGE][PASSED] - Text 'RETL' is set on object 'Object Repository/RecAndPlayBk/Page-Vlink-AuthOnly/input_Category_category'

2023-02-15 21:35:55 - [TEST_STEP][PASSED] - setText(findTestObject("Object Repository/RecAndPlayBk/Page-Vlink-AuthOnly/input_Amount_amount"), amount): Text '10.5' is set on object 'Object Repository/RecAndPlayBk/Page-Vlink-AuthOnly/input_Amount_amount'

2023-02-15 21:35:56 - [MESSAGE][PASSED] - Text '10.5' is set on object 'Object Repository/RecAndPlayBk/Page-Vlink-AuthOnly/input_Amount_amount'

2023-02-15 21:35:56 - [TEST_STEP][PASSED] - doubleClick(findTestObject("Object Repository/RecAndPlayBk/Page-Vlink-AuthOnly/input_Card number_card_number")): Object: 'Object Repository/RecAndPlayBk/Page-Vlink-AuthOnly/input_Card number_card_number' is double clicked on

2023-02-15 21:35:56 - [MESSAGE][PASSED] - Object: 'Object Repository/RecAndPlayBk/Page-Vlink-AuthOnly/input_Card number_card_number' is double clicked on

2023-02-15 21:35:56 - [TEST_STEP][PASSED] - setText(findTestObject("Object Repository/RecAndPlayBk/Page-Vlink-AuthOnly/input_Card number_card_number"), cardNumber): Text '370000000000002' is set on object 'Object Repository/RecAndPlayBk/Page-Vlink-AuthOnly/input_Card number_card_number'

2023-02-15 21:35:57 - [MESSAGE][PASSED] - Text '370000000000002' is set on object 'Object Repository/RecAndPlayBk/Page-Vlink-AuthOnly/input_Card number_card_number'

2023-02-15 21:35:57 - [TEST_STEP][PASSED] - setText(findTestObject("Object Repository/RecAndPlayBk/Page-Vlink-AuthOnly/input_Card ex month_card_exmo"), exM): Text '12' is set on object 'Object Repository/RecAndPlayBk/Page-Vlink-AuthOnly/input_Card ex month_card_exmo'

2023-02-15 21:35:57 - [MESSAGE][PASSED] - Text '12' is set on object 'Object Repository/RecAndPlayBk/Page-Vlink-AuthOnly/input_Card ex month_card_exmo'

2023-02-15 21:35:57 - [TEST_STEP][PASSED] - setText(findTestObject("Object Repository/RecAndPlayBk/Page-Vlink-AuthOnly/input_Card ex year_card_exyr"), exY): Text '2029' is set on object 'Object Repository/RecAndPlayBk/Page-Vlink-AuthOnly/input_Card ex year_card_exyr'

2023-02-15 21:35:58 - [MESSAGE][PASSED] - Text '2029' is set on object 'Object Repository/RecAndPlayBk/Page-Vlink-AuthOnly/input_Card ex year_card_exyr'

2023-02-15 21:35:58 - [TEST_STEP][PASSED] - click(findTestObject("Object Repository/RecAndPlayBk/Page-Vlink-AuthOnly/input_Track Data_track_data")): Object: 'Object Repository/RecAndPlayBk/Page-Vlink-AuthOnly/input_Track Data_track_data' is clicked on

2023-02-15 21:35:58 - [MESSAGE][PASSED] - Object: 'Object Repository/RecAndPlayBk/Page-Vlink-AuthOnly/input_Track Data_track_data' is clicked on

2023-02-15 21:35:58 - [TEST_STEP][PASSED] - click(findTestObject("Object Repository/RecAndPlayBk/Page-Vlink-AuthOnly/input_CVV state_cvv_state")): Object: 'Object Repository/RecAndPlayBk/Page-Vlink-AuthOnly/input_CVV state_cvv_state' is clicked on

2023-02-15 21:35:59 - [MESSAGE][PASSED] - Object: 'Object Repository/RecAndPlayBk/Page-Vlink-AuthOnly/input_CVV state_cvv_state' is clicked on

2023-02-15 21:35:59 - [TEST_STEP][PASSED] - setText(findTestObject("Object Repository/RecAndPlayBk/Page-Vlink-AuthOnly/input_Track Data_track_data"), ""): Text '' is set on object 'Object Repository/RecAndPlayBk/Page-Vlink-AuthOnly/input_Track Data_track_data'

2023-02-15 21:35:59 - [MESSAGE][PASSED] - Text '' is set on object 'Object Repository/RecAndPlayBk/Page-Vlink-AuthOnly/input_Track Data_track_data'

2023-02-15 21:35:59 - [TEST_STEP][PASSED] - setText(findTestObject("Object Repository/RecAndPlayBk/Page-Vlink-AuthOnly/input_concat(Cardholder, , s email)_email"), ""): Text '' is set on object 'Object Repository/RecAndPlayBk/Page-Vlink-AuthOnly/input_concat(Cardholder, , s email)_email'

2023-02-15 21:36:00 - [MESSAGE][PASSED] - Text '' is set on object 'Object Repository/RecAndPlayBk/Page-Vlink-AuthOnly/input_concat(Cardholder, , s email)_email'

2023-02-15 21:36:00 - [TEST_STEP][PASSED] - click(findTestObject("Object Repository/RecAndPlayBk/Page-Vlink-AuthOnly/input_user_defined10_user_defined10")): Object: 'Object Repository/RecAndPlayBk/Page-Vlink-AuthOnly/input_user_defined10_user_defined10' is clicked on

2023-02-15 21:36:00 - [MESSAGE][PASSED] - Object: 'Object Repository/RecAndPlayBk/Page-Vlink-AuthOnly/input_user_defined10_user_defined10' is clicked on

2023-02-15 21:36:00 - [TEST_STEP][PASSED] - if (executionProfile.equalsIgnoreCase("QAProfile")): Text '' is set on object 'Object Repository/RecAndPlayBk/Page-Vlink-AuthOnly/input_COF Transaction Initiated by_cof_tran_6cded5'

2023-02-15 21:36:00 - [TEST_STEP][PASSED] - setText(findTestObject("Object Repository/RecAndPlayBk/Page-Vlink-AuthOnly/input_Card on File Indicator_card_on_file_i_157dae"), ""): Text '' is set on object 'Object Repository/RecAndPlayBk/Page-Vlink-AuthOnly/input_Card on File Indicator_card_on_file_i_157dae'

2023-02-15 21:36:01 - [MESSAGE][PASSED] - Text '' is set on object 'Object Repository/RecAndPlayBk/Page-Vlink-AuthOnly/input_Card on File Indicator_card_on_file_i_157dae'

2023-02-15 21:36:01 - [TEST_STEP][PASSED] - setText(findTestObject("Object Repository/RecAndPlayBk/Page-Vlink-AuthOnly/input_Stored Credential Indicator_stored_cr_4ae73c"), ""): Text '' is set on object 'Object Repository/RecAndPlayBk/Page-Vlink-AuthOnly/input_Stored Credential Indicator_stored_cr_4ae73c'

2023-02-15 21:36:02 - [MESSAGE][PASSED] - Text '' is set on object 'Object Repository/RecAndPlayBk/Page-Vlink-AuthOnly/input_Stored Credential Indicator_stored_cr_4ae73c'

2023-02-15 21:36:02 - [TEST_STEP][PASSED] - setText(findTestObject("Object Repository/RecAndPlayBk/Page-Vlink-AuthOnly/input_COF Scheduled indicator_cof_scheduled_8df7d8"), ""): Text '' is set on object 'Object Repository/RecAndPlayBk/Page-Vlink-AuthOnly/input_COF Scheduled indicator_cof_scheduled_8df7d8'

2023-02-15 21:36:02 - [MESSAGE][PASSED] - Text '' is set on object 'Object Repository/RecAndPlayBk/Page-Vlink-AuthOnly/input_COF Scheduled indicator_cof_scheduled_8df7d8'

2023-02-15 21:36:02 - [TEST_STEP][PASSED] - setText(findTestObject("Object Repository/RecAndPlayBk/Page-Vlink-AuthOnly/input_COF Transaction Initiated by_cof_tran_6cded5"), ""): Text '' is set on object 'Object Repository/RecAndPlayBk/Page-Vlink-AuthOnly/input_COF Transaction Initiated by_cof_tran_6cded5'

2023-02-15 21:36:03 - [MESSAGE][PASSED] - Text '' is set on object 'Object Repository/RecAndPlayBk/Page-Vlink-AuthOnly/input_COF Transaction Initiated by_cof_tran_6cded5'

2023-02-15 21:36:03 - [TEST_STEP][PASSED] - click(findTestObject("Object Repository/RecAndPlayBk/Page-Vlink-AuthOnly/input")): Object: 'Object Repository/RecAndPlayBk/Page-Vlink-AuthOnly/input' is clicked on

2023-02-15 21:36:04 - [MESSAGE][PASSED] - Object: 'Object Repository/RecAndPlayBk/Page-Vlink-AuthOnly/input' is clicked on

2023-02-15 21:36:04 - [TEST_STEP][FAILED] - if (verifyTextPresent("Transaction approved, no errors", true)): Text 'Transaction approved, no errors' is not present on page  using regular expression (Root cause: com.kms.katalon.core.exception.StepFailedException: Text 'Transaction approved, no errors' is not present on page  using regular expression
	at com.kms.katalon.core.webui.keyword.internal.WebUIKeywordMain.stepFailed(WebUIKeywordMain.groovy:64)
	at com.kms.katalon.core.webui.keyword.builtin.VerifyTextPresentKeyword$_verifyTextPresent_closure1.doCall(VerifyTextPresentKeyword.groovy:79)
	at com.kms.katalon.core.webui.keyword.builtin.VerifyTextPresentKeyword$_verifyTextPresent_closure1.call(VerifyTextPresentKeyword.groovy)
	at com.kms.katalon.core.webui.keyword.internal.WebUIKeywordMain.runKeyword(WebUIKeywordMain.groovy:20)
	at com.kms.katalon.core.webui.keyword.builtin.VerifyTextPresentKeyword.verifyTextPresent(VerifyTextPresentKeyword.groovy:83)
	at com.kms.katalon.core.webui.keyword.builtin.VerifyTextPresentKeyword.execute(VerifyTextPresentKeyword.groovy:68)
	at com.kms.katalon.core.keyword.internal.KeywordExecutor.executeKeywordForPlatform(KeywordExecutor.groovy:74)
	at com.kms.katalon.core.webui.keyword.WebUiBuiltInKeywords.verifyTextPresent(WebUiBuiltInKeywords.groovy:1723)
	at com.kms.katalon.core.webui.keyword.WebUiBuiltInKeywords$verifyTextPresent$4.call(Unknown Source)
	at Auth-Capture.run(Auth-Capture:161)
	at com.kms.katalon.core.main.ScriptEngine.run(ScriptEngine.java:194)
	at com.kms.katalon.core.main.ScriptEngine.runScriptAsRawText(ScriptEngine.java:119)
	at com.kms.katalon.core.main.TestCaseExecutor.runScript(TestCaseExecutor.java:442)
	at com.kms.katalon.core.main.TestCaseExecutor.doExecute(TestCaseExecutor.java:433)
	at com.kms.katalon.core.main.TestCaseExecutor.processExecutionPhase(TestCaseExecutor.java:412)
	at com.kms.katalon.core.main.TestCaseExecutor.accessMainPhase(TestCaseExecutor.java:404)
	at com.kms.katalon.core.main.TestCaseExecutor.execute(TestCaseExecutor.java:281)
	at com.kms.katalon.core.main.TestSuiteExecutor.accessTestCaseMainPhase(TestSuiteExecutor.java:202)
	at com.kms.katalon.core.main.TestSuiteExecutor.accessTestSuiteMainPhase(TestSuiteExecutor.java:164)
	at com.kms.katalon.core.main.TestSuiteExecutor.execute(TestSuiteExecutor.java:105)
	at com.kms.katalon.core.main.TestCaseMain.startTestSuite(TestCaseMain.java:185)
	at com.kms.katalon.core.main.TestCaseMain$startTestSuite$0.call(Unknown Source)
	at TempTestSuite1676514794135.run(TempTestSuite1676514794135.groovy:36)
)

2023-02-15 21:36:04 - [MESSAGE][FAILED] - Text 'Transaction approved, no errors' is not present on page  using regular expression (Root cause: com.kms.katalon.core.exception.StepFailedException: Text 'Transaction approved, no errors' is not present on page  using regular expression
	at com.kms.katalon.core.webui.keyword.internal.WebUIKeywordMain.stepFailed(WebUIKeywordMain.groovy:64)
	at com.kms.katalon.core.webui.keyword.builtin.VerifyTextPresentKeyword$_verifyTextPresent_closure1.doCall(VerifyTextPresentKeyword.groovy:79)
	at com.kms.katalon.core.webui.keyword.builtin.VerifyTextPresentKeyword$_verifyTextPresent_closure1.call(VerifyTextPresentKeyword.groovy)
	at com.kms.katalon.core.webui.keyword.internal.WebUIKeywordMain.runKeyword(WebUIKeywordMain.groovy:20)
	at com.kms.katalon.core.webui.keyword.builtin.VerifyTextPresentKeyword.verifyTextPresent(VerifyTextPresentKeyword.groovy:83)
	at com.kms.katalon.core.webui.keyword.builtin.VerifyTextPresentKeyword.execute(VerifyTextPresentKeyword.groovy:68)
	at com.kms.katalon.core.keyword.internal.KeywordExecutor.executeKeywordForPlatform(KeywordExecutor.groovy:74)
	at com.kms.katalon.core.webui.keyword.WebUiBuiltInKeywords.verifyTextPresent(WebUiBuiltInKeywords.groovy:1723)
	at com.kms.katalon.core.webui.keyword.WebUiBuiltInKeywords$verifyTextPresent$4.call(Unknown Source)
	at Auth-Capture.run(Auth-Capture:161)
	at com.kms.katalon.core.main.ScriptEngine.run(ScriptEngine.java:194)
	at com.kms.katalon.core.main.ScriptEngine.runScriptAsRawText(ScriptEngine.java:119)
	at com.kms.katalon.core.main.TestCaseExecutor.runScript(TestCaseExecutor.java:442)
	at com.kms.katalon.core.main.TestCaseExecutor.doExecute(TestCaseExecutor.java:433)
	at com.kms.katalon.core.main.TestCaseExecutor.processExecutionPhase(TestCaseExecutor.java:412)
	at com.kms.katalon.core.main.TestCaseExecutor.accessMainPhase(TestCaseExecutor.java:404)
	at com.kms.katalon.core.main.TestCaseExecutor.execute(TestCaseExecutor.java:281)
	at com.kms.katalon.core.main.TestSuiteExecutor.accessTestCaseMainPhase(TestSuiteExecutor.java:202)
	at com.kms.katalon.core.main.TestSuiteExecutor.accessTestSuiteMainPhase(TestSuiteExecutor.java:164)
	at com.kms.katalon.core.main.TestSuiteExecutor.execute(TestSuiteExecutor.java:105)
	at com.kms.katalon.core.main.TestCaseMain.startTestSuite(TestCaseMain.java:185)
	at com.kms.katalon.core.main.TestCaseMain$startTestSuite$0.call(Unknown Source)
	at TempTestSuite1676514794135.run(TempTestSuite1676514794135.groovy:36)
)

2023-02-15 21:36:04 - [TEST_STEP][PASSED] - else: pages.WriteExcel.demoKey is PASSED

2023-02-15 21:36:04 - [TEST_STEP][PASSED] - out.println("Auth was not successful, Dont Capture"): null

2023-02-15 21:36:04 - [TEST_STEP][PASSED] - println("Transaction Approved, no errors text is not present on the Confirmation page"): null

2023-02-15 21:36:04 - [TEST_STEP][PASSED] - out.println("Fail Record Number: " + row): null

2023-02-15 21:36:04 - [TEST_STEP][PASSED] - resText = "Fail": null

2023-02-15 21:36:04 - [TEST_STEP][PASSED] - pages.WriteExcel.demoKey(resText, datText, resColumn, datCloumn, fileLoc, nameSheet, row): pages.WriteExcel.demoKey is PASSED

2023-02-15 21:36:04 - [MESSAGE][PASSED] - pages.WriteExcel.demoKey is PASSED

2023-02-15 21:36:04 - [TEST_STEP][PASSED] - ExecuteTC = findTestData(dataFile).getValue("Execute", row): null

2023-02-15 21:36:04 - [TEST_STEP][PASSED] - out.println("Value of Execute is : " + ExecuteTC): null

2023-02-15 21:36:04 - [TEST_STEP][PASSED] - switch (executionProfile): null

2023-02-15 21:36:04 - [TEST_STEP][PASSED] - case "QAProfile":: null

2023-02-15 21:36:04 - [TEST_STEP][PASSED] - appID = findTestData(dataFile).getValue("AppIDQA", row): null

2023-02-15 21:36:04 - [TEST_STEP][PASSED] - username = findTestData(dataFile).getValue("UsernameQA", row): null

2023-02-15 21:36:05 - [TEST_STEP][PASSED] - password = findTestData(dataFile).getValue("PasswordQA", row): null

2023-02-15 21:36:05 - [TEST_STEP][PASSED] - break: null

2023-02-15 21:36:05 - [TEST_STEP][PASSED] - if (ExecuteTC.equalsIgnoreCase("Y")): null

2023-02-15 21:36:05 - [TEST_STEP][PASSED] - out.println("Begin Record Number: " + row): null

2023-02-15 21:36:05 - [TEST_STEP][PASSED] - today = new java.util.Date(): null

2023-02-15 21:36:05 - [TEST_STEP][PASSED] - println(today): null

2023-02-15 21:36:05 - [TEST_STEP][PASSED] - datText = today: null

2023-02-15 21:36:05 - [TEST_STEP][PASSED] - category = findTestData(dataFile).getValue("Category", row): null

2023-02-15 21:36:05 - [TEST_STEP][PASSED] - amount = findTestData(dataFile).getValue("Amount", row): null

2023-02-15 21:36:05 - [TEST_STEP][PASSED] - cardNumber = findTestData(dataFile).getValue("CardNumber", row): null

2023-02-15 21:36:05 - [TEST_STEP][PASSED] - exM = findTestData(dataFile).getValue("ExM", row): null

2023-02-15 21:36:06 - [TEST_STEP][PASSED] - exY = findTestData(dataFile).getValue("ExY", row): null

2023-02-15 21:36:06 - [TEST_STEP][PASSED] - openBrowser(VLinkURL + "auth.html"): Browser is opened with url: 'https://dev-algorithm.govolution.com/vlinktest/QA/version_2_0/auth.html'

2023-02-15 21:36:06 - [MESSAGE][WARNING] - A browser is already opened. Closing browser and opening a new one

2023-02-15 21:36:07 - [MESSAGE][INFO] - Starting 'Chrome' driver

2023-02-15 21:36:07 - [MESSAGE][INFO] - User set preference: ['acceptInsecureCerts', 'true']

2023-02-15 21:36:07 - [MESSAGE][INFO] - Action delay is set to 0 milliseconds

2023-02-15 21:36:08 - [MESSAGE][PASSED] - Browser is opened with url: 'https://dev-algorithm.govolution.com/vlinktest/QA/version_2_0/auth.html'

2023-02-15 21:36:08 - [TEST_STEP][PASSED] - maximizeWindow(): Current window maximized

2023-02-15 21:36:09 - [MESSAGE][PASSED] - Current window maximized

2023-02-15 21:36:09 - [TEST_STEP][PASSED] - genRemID = RandomStringUtils.random(12, true, true): null

2023-02-15 21:36:09 - [TEST_STEP][PASSED] - setText(findTestObject("Object Repository/RecAndPlayBk/Page-Vlink-AuthOnly/input_Remittance Id_remittance_id"), genRemID): Text 'XpcxPflG6b6v' is set on object 'Object Repository/RecAndPlayBk/Page-Vlink-AuthOnly/input_Remittance Id_remittance_id'

2023-02-15 21:36:09 - [MESSAGE][PASSED] - Text 'XpcxPflG6b6v' is set on object 'Object Repository/RecAndPlayBk/Page-Vlink-AuthOnly/input_Remittance Id_remittance_id'

2023-02-15 21:36:09 - [TEST_STEP][PASSED] - setText(findTestObject("Object Repository/RecAndPlayBk/Page-Vlink-AuthOnly/input_Application Id_application_id"), appID): Text '87' is set on object 'Object Repository/RecAndPlayBk/Page-Vlink-AuthOnly/input_Application Id_application_id'

2023-02-15 21:36:10 - [MESSAGE][PASSED] - Text '87' is set on object 'Object Repository/RecAndPlayBk/Page-Vlink-AuthOnly/input_Application Id_application_id'

2023-02-15 21:36:10 - [TEST_STEP][PASSED] - setText(findTestObject("Object Repository/RecAndPlayBk/Page-Vlink-AuthOnly/input_Username_username"), username): Text 'username' is set on object 'Object Repository/RecAndPlayBk/Page-Vlink-AuthOnly/input_Username_username'

2023-02-15 21:36:11 - [MESSAGE][PASSED] - Text 'username' is set on object 'Object Repository/RecAndPlayBk/Page-Vlink-AuthOnly/input_Username_username'

2023-02-15 21:36:11 - [TEST_STEP][PASSED] - setText(findTestObject("Object Repository/RecAndPlayBk/Page-Vlink-AuthOnly/input_Password_password"), password): Text 'password' is set on object 'Object Repository/RecAndPlayBk/Page-Vlink-AuthOnly/input_Password_password'

2023-02-15 21:36:11 - [MESSAGE][PASSED] - Text 'password' is set on object 'Object Repository/RecAndPlayBk/Page-Vlink-AuthOnly/input_Password_password'

2023-02-15 21:36:11 - [TEST_STEP][PASSED] - setText(findTestObject("Object Repository/RecAndPlayBk/Page-Vlink-AuthOnly/input_Category_category"), category): Text 'ECOM' is set on object 'Object Repository/RecAndPlayBk/Page-Vlink-AuthOnly/input_Category_category'

2023-02-15 21:36:12 - [MESSAGE][PASSED] - Text 'ECOM' is set on object 'Object Repository/RecAndPlayBk/Page-Vlink-AuthOnly/input_Category_category'

2023-02-15 21:36:12 - [TEST_STEP][PASSED] - setText(findTestObject("Object Repository/RecAndPlayBk/Page-Vlink-AuthOnly/input_Amount_amount"), amount): Text '10.5' is set on object 'Object Repository/RecAndPlayBk/Page-Vlink-AuthOnly/input_Amount_amount'

2023-02-15 21:36:13 - [MESSAGE][PASSED] - Text '10.5' is set on object 'Object Repository/RecAndPlayBk/Page-Vlink-AuthOnly/input_Amount_amount'

2023-02-15 21:36:13 - [TEST_STEP][PASSED] - doubleClick(findTestObject("Object Repository/RecAndPlayBk/Page-Vlink-AuthOnly/input_Card number_card_number")): Object: 'Object Repository/RecAndPlayBk/Page-Vlink-AuthOnly/input_Card number_card_number' is double clicked on

2023-02-15 21:36:13 - [MESSAGE][PASSED] - Object: 'Object Repository/RecAndPlayBk/Page-Vlink-AuthOnly/input_Card number_card_number' is double clicked on

2023-02-15 21:36:13 - [TEST_STEP][PASSED] - setText(findTestObject("Object Repository/RecAndPlayBk/Page-Vlink-AuthOnly/input_Card number_card_number"), cardNumber): Text '4012000098765439' is set on object 'Object Repository/RecAndPlayBk/Page-Vlink-AuthOnly/input_Card number_card_number'

2023-02-15 21:36:14 - [MESSAGE][PASSED] - Text '4012000098765439' is set on object 'Object Repository/RecAndPlayBk/Page-Vlink-AuthOnly/input_Card number_card_number'

2023-02-15 21:36:14 - [TEST_STEP][PASSED] - setText(findTestObject("Object Repository/RecAndPlayBk/Page-Vlink-AuthOnly/input_Card ex month_card_exmo"), exM): Text '12' is set on object 'Object Repository/RecAndPlayBk/Page-Vlink-AuthOnly/input_Card ex month_card_exmo'

2023-02-15 21:36:14 - [MESSAGE][PASSED] - Text '12' is set on object 'Object Repository/RecAndPlayBk/Page-Vlink-AuthOnly/input_Card ex month_card_exmo'

2023-02-15 21:36:14 - [TEST_STEP][PASSED] - setText(findTestObject("Object Repository/RecAndPlayBk/Page-Vlink-AuthOnly/input_Card ex year_card_exyr"), exY): Text '2029' is set on object 'Object Repository/RecAndPlayBk/Page-Vlink-AuthOnly/input_Card ex year_card_exyr'

2023-02-15 21:36:15 - [MESSAGE][PASSED] - Text '2029' is set on object 'Object Repository/RecAndPlayBk/Page-Vlink-AuthOnly/input_Card ex year_card_exyr'

2023-02-15 21:36:15 - [TEST_STEP][PASSED] - click(findTestObject("Object Repository/RecAndPlayBk/Page-Vlink-AuthOnly/input_Track Data_track_data")): Object: 'Object Repository/RecAndPlayBk/Page-Vlink-AuthOnly/input_Track Data_track_data' is clicked on

2023-02-15 21:36:15 - [MESSAGE][PASSED] - Object: 'Object Repository/RecAndPlayBk/Page-Vlink-AuthOnly/input_Track Data_track_data' is clicked on

2023-02-15 21:36:15 - [TEST_STEP][PASSED] - click(findTestObject("Object Repository/RecAndPlayBk/Page-Vlink-AuthOnly/input_CVV state_cvv_state")): Object: 'Object Repository/RecAndPlayBk/Page-Vlink-AuthOnly/input_CVV state_cvv_state' is clicked on

2023-02-15 21:36:16 - [MESSAGE][PASSED] - Object: 'Object Repository/RecAndPlayBk/Page-Vlink-AuthOnly/input_CVV state_cvv_state' is clicked on

2023-02-15 21:36:16 - [TEST_STEP][PASSED] - setText(findTestObject("Object Repository/RecAndPlayBk/Page-Vlink-AuthOnly/input_Track Data_track_data"), ""): Text '' is set on object 'Object Repository/RecAndPlayBk/Page-Vlink-AuthOnly/input_Track Data_track_data'

2023-02-15 21:36:16 - [MESSAGE][PASSED] - Text '' is set on object 'Object Repository/RecAndPlayBk/Page-Vlink-AuthOnly/input_Track Data_track_data'

2023-02-15 21:36:16 - [TEST_STEP][PASSED] - setText(findTestObject("Object Repository/RecAndPlayBk/Page-Vlink-AuthOnly/input_concat(Cardholder, , s email)_email"), ""): Text '' is set on object 'Object Repository/RecAndPlayBk/Page-Vlink-AuthOnly/input_concat(Cardholder, , s email)_email'

2023-02-15 21:36:17 - [MESSAGE][PASSED] - Text '' is set on object 'Object Repository/RecAndPlayBk/Page-Vlink-AuthOnly/input_concat(Cardholder, , s email)_email'

2023-02-15 21:36:17 - [TEST_STEP][PASSED] - click(findTestObject("Object Repository/RecAndPlayBk/Page-Vlink-AuthOnly/input_user_defined10_user_defined10")): Object: 'Object Repository/RecAndPlayBk/Page-Vlink-AuthOnly/input_user_defined10_user_defined10' is clicked on

2023-02-15 21:36:17 - [MESSAGE][PASSED] - Object: 'Object Repository/RecAndPlayBk/Page-Vlink-AuthOnly/input_user_defined10_user_defined10' is clicked on

2023-02-15 21:36:17 - [TEST_STEP][PASSED] - if (executionProfile.equalsIgnoreCase("QAProfile")): Text '' is set on object 'Object Repository/RecAndPlayBk/Page-Vlink-AuthOnly/input_COF Transaction Initiated by_cof_tran_6cded5'

2023-02-15 21:36:17 - [TEST_STEP][PASSED] - setText(findTestObject("Object Repository/RecAndPlayBk/Page-Vlink-AuthOnly/input_Card on File Indicator_card_on_file_i_157dae"), ""): Text '' is set on object 'Object Repository/RecAndPlayBk/Page-Vlink-AuthOnly/input_Card on File Indicator_card_on_file_i_157dae'

2023-02-15 21:36:18 - [MESSAGE][PASSED] - Text '' is set on object 'Object Repository/RecAndPlayBk/Page-Vlink-AuthOnly/input_Card on File Indicator_card_on_file_i_157dae'

2023-02-15 21:36:18 - [TEST_STEP][PASSED] - setText(findTestObject("Object Repository/RecAndPlayBk/Page-Vlink-AuthOnly/input_Stored Credential Indicator_stored_cr_4ae73c"), ""): Text '' is set on object 'Object Repository/RecAndPlayBk/Page-Vlink-AuthOnly/input_Stored Credential Indicator_stored_cr_4ae73c'

2023-02-15 21:36:18 - [MESSAGE][PASSED] - Text '' is set on object 'Object Repository/RecAndPlayBk/Page-Vlink-AuthOnly/input_Stored Credential Indicator_stored_cr_4ae73c'

2023-02-15 21:36:18 - [TEST_STEP][PASSED] - setText(findTestObject("Object Repository/RecAndPlayBk/Page-Vlink-AuthOnly/input_COF Scheduled indicator_cof_scheduled_8df7d8"), ""): Text '' is set on object 'Object Repository/RecAndPlayBk/Page-Vlink-AuthOnly/input_COF Scheduled indicator_cof_scheduled_8df7d8'

2023-02-15 21:36:19 - [MESSAGE][PASSED] - Text '' is set on object 'Object Repository/RecAndPlayBk/Page-Vlink-AuthOnly/input_COF Scheduled indicator_cof_scheduled_8df7d8'

2023-02-15 21:36:19 - [TEST_STEP][PASSED] - setText(findTestObject("Object Repository/RecAndPlayBk/Page-Vlink-AuthOnly/input_COF Transaction Initiated by_cof_tran_6cded5"), ""): Text '' is set on object 'Object Repository/RecAndPlayBk/Page-Vlink-AuthOnly/input_COF Transaction Initiated by_cof_tran_6cded5'

2023-02-15 21:36:20 - [MESSAGE][PASSED] - Text '' is set on object 'Object Repository/RecAndPlayBk/Page-Vlink-AuthOnly/input_COF Transaction Initiated by_cof_tran_6cded5'

2023-02-15 21:36:20 - [TEST_STEP][PASSED] - click(findTestObject("Object Repository/RecAndPlayBk/Page-Vlink-AuthOnly/input")): Object: 'Object Repository/RecAndPlayBk/Page-Vlink-AuthOnly/input' is clicked on

2023-02-15 21:36:21 - [MESSAGE][PASSED] - Object: 'Object Repository/RecAndPlayBk/Page-Vlink-AuthOnly/input' is clicked on

2023-02-15 21:36:21 - [TEST_STEP][PASSED] - if (verifyTextPresent("Transaction approved, no errors", true)): null

2023-02-15 21:36:22 - [MESSAGE][PASSED] - Text 'Transaction approved, no errors' is present on page  using regular expression

2023-02-15 21:36:22 - [TEST_STEP][PASSED] - out.println("Auth was successful, Capture now"): null

2023-02-15 21:36:22 - [TEST_STEP][PASSED] - sdfo = getText(findTestObject("Object Repository/Page_VLinkReceipt/pre_STX")): Text of object 'Object Repository/Page_VLinkReceipt/pre_STX' is: '<STX>XpcxPflG6b6v                  12126532            0  Transaction approved, no errors                   0                                                                                  N TAS482   <ETX>'

2023-02-15 21:36:22 - [MESSAGE][PASSED] - Text of object 'Object Repository/Page_VLinkReceipt/pre_STX' is: '<STX>XpcxPflG6b6v                  12126532            0  Transaction approved, no errors                   0                                                                                  N TAS482   <ETX>'

2023-02-15 21:36:22 - [TEST_STEP][PASSED] - out.println("sdfo: " + sdfo): null

2023-02-15 21:36:22 - [TEST_STEP][PASSED] - remID = substring(5, 35).trim(): null

2023-02-15 21:36:22 - [TEST_STEP][PASSED] - out.println("remID: " + remID): null

2023-02-15 21:36:22 - [TEST_STEP][PASSED] - traxID = substring(35, 55).trim(): null

2023-02-15 21:36:22 - [TEST_STEP][PASSED] - out.println("traxID: " + traxID): null

2023-02-15 21:36:22 - [TEST_STEP][PASSED] - VLinkSaleRemID = remID: null

2023-02-15 21:36:22 - [TEST_STEP][PASSED] - VLinkSaleTranxID = traxID: null

2023-02-15 21:36:22 - [TEST_STEP][PASSED] - openBrowser(VLinkURL + "capture.html"): Browser is opened with url: 'https://dev-algorithm.govolution.com/vlinktest/QA/version_2_0/capture.html'

2023-02-15 21:36:22 - [MESSAGE][WARNING] - A browser is already opened. Closing browser and opening a new one

2023-02-15 21:36:23 - [MESSAGE][INFO] - Starting 'Chrome' driver

2023-02-15 21:36:23 - [MESSAGE][INFO] - User set preference: ['acceptInsecureCerts', 'true']

2023-02-15 21:36:23 - [MESSAGE][INFO] - Action delay is set to 0 milliseconds

2023-02-15 21:36:25 - [MESSAGE][PASSED] - Browser is opened with url: 'https://dev-algorithm.govolution.com/vlinktest/QA/version_2_0/capture.html'

2023-02-15 21:36:25 - [TEST_STEP][PASSED] - maximizeWindow(): Current window maximized

2023-02-15 21:36:25 - [MESSAGE][PASSED] - Current window maximized

2023-02-15 21:36:25 - [TEST_STEP][PASSED] - setText(findTestObject("Object Repository/RecAndPlayBk/Page-VLink-Capture/input_Remittance Id_remittance_id"), VLinkSaleRemID): Text 'XpcxPflG6b6v' is set on object 'Object Repository/RecAndPlayBk/Page-VLink-Capture/input_Remittance Id_remittance_id'

2023-02-15 21:36:26 - [MESSAGE][PASSED] - Text 'XpcxPflG6b6v' is set on object 'Object Repository/RecAndPlayBk/Page-VLink-Capture/input_Remittance Id_remittance_id'

2023-02-15 21:36:26 - [TEST_STEP][PASSED] - setText(findTestObject("Object Repository/RecAndPlayBk/Page-VLink-Capture/input_Application Id_application_id"), appID): Text '87' is set on object 'Object Repository/RecAndPlayBk/Page-VLink-Capture/input_Application Id_application_id'

2023-02-15 21:36:26 - [MESSAGE][PASSED] - Text '87' is set on object 'Object Repository/RecAndPlayBk/Page-VLink-Capture/input_Application Id_application_id'

2023-02-15 21:36:26 - [TEST_STEP][PASSED] - setText(findTestObject("Object Repository/RecAndPlayBk/Page-VLink-Capture/input_Username_username"), username): Text 'username' is set on object 'Object Repository/RecAndPlayBk/Page-VLink-Capture/input_Username_username'

2023-02-15 21:36:27 - [MESSAGE][PASSED] - Text 'username' is set on object 'Object Repository/RecAndPlayBk/Page-VLink-Capture/input_Username_username'

2023-02-15 21:36:27 - [TEST_STEP][PASSED] - setText(findTestObject("Object Repository/RecAndPlayBk/Page-VLink-Capture/input_Password_password"), password): Text 'password' is set on object 'Object Repository/RecAndPlayBk/Page-VLink-Capture/input_Password_password'

2023-02-15 21:36:28 - [MESSAGE][PASSED] - Text 'password' is set on object 'Object Repository/RecAndPlayBk/Page-VLink-Capture/input_Password_password'

2023-02-15 21:36:28 - [TEST_STEP][PASSED] - setText(findTestObject("Object Repository/RecAndPlayBk/Page-VLink-Capture/input_Transaction ID_transaction_id"), VLinkSaleTranxID): Text '12126532' is set on object 'Object Repository/RecAndPlayBk/Page-VLink-Capture/input_Transaction ID_transaction_id'

2023-02-15 21:36:28 - [MESSAGE][PASSED] - Text '12126532' is set on object 'Object Repository/RecAndPlayBk/Page-VLink-Capture/input_Transaction ID_transaction_id'

2023-02-15 21:36:28 - [TEST_STEP][PASSED] - setText(findTestObject("Object Repository/RecAndPlayBk/Page-VLink-Capture/input_Amount_amount"), amount): Text '10.5' is set on object 'Object Repository/RecAndPlayBk/Page-VLink-Capture/input_Amount_amount'

2023-02-15 21:36:29 - [MESSAGE][PASSED] - Text '10.5' is set on object 'Object Repository/RecAndPlayBk/Page-VLink-Capture/input_Amount_amount'

2023-02-15 21:36:29 - [TEST_STEP][PASSED] - click(findTestObject("Object Repository/RecAndPlayBk/Page-VLink-Capture/input")): Object: 'Object Repository/RecAndPlayBk/Page-VLink-Capture/input' is clicked on

2023-02-15 21:36:31 - [MESSAGE][PASSED] - Object: 'Object Repository/RecAndPlayBk/Page-VLink-Capture/input' is clicked on

2023-02-15 21:36:31 - [TEST_STEP][PASSED] - if (verifyTextPresent("Transaction approved, no errors", true)): null

2023-02-15 21:36:31 - [MESSAGE][PASSED] - Text 'Transaction approved, no errors' is present on page  using regular expression

2023-02-15 21:36:31 - [TEST_STEP][PASSED] - println("Transaction Approved, no errors text is present on the Confirmation page"): null

2023-02-15 21:36:31 - [TEST_STEP][PASSED] - out.println("Pass Record Number: " + row): null

2023-02-15 21:36:31 - [TEST_STEP][PASSED] - resText = "Pass": null

2023-02-15 21:36:31 - [TEST_STEP][PASSED] - pages.WriteExcel.demoKey(resText, datText, resColumn, datCloumn, fileLoc, nameSheet, row): pages.WriteExcel.demoKey is PASSED

2023-02-15 21:36:31 - [MESSAGE][PASSED] - pages.WriteExcel.demoKey is PASSED

2023-02-15 21:36:31 - [TEST_STEP][PASSED] - ExecuteTC = findTestData(dataFile).getValue("Execute", row): null

2023-02-15 21:36:31 - [TEST_STEP][PASSED] - out.println("Value of Execute is : " + ExecuteTC): null

2023-02-15 21:36:31 - [TEST_STEP][PASSED] - switch (executionProfile): null

2023-02-15 21:36:31 - [TEST_STEP][PASSED] - case "QAProfile":: null

2023-02-15 21:36:31 - [TEST_STEP][PASSED] - appID = findTestData(dataFile).getValue("AppIDQA", row): null

2023-02-15 21:36:31 - [TEST_STEP][PASSED] - username = findTestData(dataFile).getValue("UsernameQA", row): null

2023-02-15 21:36:31 - [TEST_STEP][PASSED] - password = findTestData(dataFile).getValue("PasswordQA", row): null

2023-02-15 21:36:31 - [TEST_STEP][PASSED] - break: null

2023-02-15 21:36:31 - [TEST_STEP][PASSED] - if (ExecuteTC.equalsIgnoreCase("Y")): null

2023-02-15 21:36:31 - [TEST_STEP][PASSED] - out.println("Begin Record Number: " + row): null

2023-02-15 21:36:31 - [TEST_STEP][PASSED] - today = new java.util.Date(): null

2023-02-15 21:36:31 - [TEST_STEP][PASSED] - println(today): null

2023-02-15 21:36:31 - [TEST_STEP][PASSED] - datText = today: null

2023-02-15 21:36:31 - [TEST_STEP][PASSED] - category = findTestData(dataFile).getValue("Category", row): null

2023-02-15 21:36:31 - [TEST_STEP][PASSED] - amount = findTestData(dataFile).getValue("Amount", row): null

2023-02-15 21:36:32 - [TEST_STEP][PASSED] - cardNumber = findTestData(dataFile).getValue("CardNumber", row): null

2023-02-15 21:36:32 - [TEST_STEP][PASSED] - exM = findTestData(dataFile).getValue("ExM", row): null

2023-02-15 21:36:32 - [TEST_STEP][PASSED] - exY = findTestData(dataFile).getValue("ExY", row): null

2023-02-15 21:36:32 - [TEST_STEP][PASSED] - openBrowser(VLinkURL + "auth.html"): Browser is opened with url: 'https://dev-algorithm.govolution.com/vlinktest/QA/version_2_0/auth.html'

2023-02-15 21:36:32 - [MESSAGE][WARNING] - A browser is already opened. Closing browser and opening a new one

2023-02-15 21:36:33 - [MESSAGE][INFO] - Starting 'Chrome' driver

2023-02-15 21:36:33 - [MESSAGE][INFO] - User set preference: ['acceptInsecureCerts', 'true']

2023-02-15 21:36:33 - [MESSAGE][INFO] - Action delay is set to 0 milliseconds

2023-02-15 21:36:35 - [MESSAGE][PASSED] - Browser is opened with url: 'https://dev-algorithm.govolution.com/vlinktest/QA/version_2_0/auth.html'

2023-02-15 21:36:35 - [TEST_STEP][PASSED] - maximizeWindow(): Current window maximized

2023-02-15 21:36:35 - [MESSAGE][PASSED] - Current window maximized

2023-02-15 21:36:35 - [TEST_STEP][PASSED] - genRemID = RandomStringUtils.random(12, true, true): null

2023-02-15 21:36:35 - [TEST_STEP][PASSED] - setText(findTestObject("Object Repository/RecAndPlayBk/Page-Vlink-AuthOnly/input_Remittance Id_remittance_id"), genRemID): Text 'HII2FvDtbzVU' is set on object 'Object Repository/RecAndPlayBk/Page-Vlink-AuthOnly/input_Remittance Id_remittance_id'

2023-02-15 21:36:36 - [MESSAGE][PASSED] - Text 'HII2FvDtbzVU' is set on object 'Object Repository/RecAndPlayBk/Page-Vlink-AuthOnly/input_Remittance Id_remittance_id'

2023-02-15 21:36:36 - [TEST_STEP][PASSED] - setText(findTestObject("Object Repository/RecAndPlayBk/Page-Vlink-AuthOnly/input_Application Id_application_id"), appID): Text '581' is set on object 'Object Repository/RecAndPlayBk/Page-Vlink-AuthOnly/input_Application Id_application_id'

2023-02-15 21:36:36 - [MESSAGE][PASSED] - Text '581' is set on object 'Object Repository/RecAndPlayBk/Page-Vlink-AuthOnly/input_Application Id_application_id'

2023-02-15 21:36:36 - [TEST_STEP][PASSED] - setText(findTestObject("Object Repository/RecAndPlayBk/Page-Vlink-AuthOnly/input_Username_username"), username): Text 'usr581' is set on object 'Object Repository/RecAndPlayBk/Page-Vlink-AuthOnly/input_Username_username'

2023-02-15 21:36:37 - [MESSAGE][PASSED] - Text 'usr581' is set on object 'Object Repository/RecAndPlayBk/Page-Vlink-AuthOnly/input_Username_username'

2023-02-15 21:36:37 - [TEST_STEP][PASSED] - setText(findTestObject("Object Repository/RecAndPlayBk/Page-Vlink-AuthOnly/input_Password_password"), password): Text 'pwd581' is set on object 'Object Repository/RecAndPlayBk/Page-Vlink-AuthOnly/input_Password_password'

2023-02-15 21:36:38 - [MESSAGE][PASSED] - Text 'pwd581' is set on object 'Object Repository/RecAndPlayBk/Page-Vlink-AuthOnly/input_Password_password'

2023-02-15 21:36:38 - [TEST_STEP][PASSED] - setText(findTestObject("Object Repository/RecAndPlayBk/Page-Vlink-AuthOnly/input_Category_category"), category): Text 'ECOM' is set on object 'Object Repository/RecAndPlayBk/Page-Vlink-AuthOnly/input_Category_category'

2023-02-15 21:36:38 - [MESSAGE][PASSED] - Text 'ECOM' is set on object 'Object Repository/RecAndPlayBk/Page-Vlink-AuthOnly/input_Category_category'

2023-02-15 21:36:38 - [TEST_STEP][PASSED] - setText(findTestObject("Object Repository/RecAndPlayBk/Page-Vlink-AuthOnly/input_Amount_amount"), amount): Text '10.5' is set on object 'Object Repository/RecAndPlayBk/Page-Vlink-AuthOnly/input_Amount_amount'

2023-02-15 21:36:39 - [MESSAGE][PASSED] - Text '10.5' is set on object 'Object Repository/RecAndPlayBk/Page-Vlink-AuthOnly/input_Amount_amount'

2023-02-15 21:36:39 - [TEST_STEP][PASSED] - doubleClick(findTestObject("Object Repository/RecAndPlayBk/Page-Vlink-AuthOnly/input_Card number_card_number")): Object: 'Object Repository/RecAndPlayBk/Page-Vlink-AuthOnly/input_Card number_card_number' is double clicked on

2023-02-15 21:36:39 - [MESSAGE][PASSED] - Object: 'Object Repository/RecAndPlayBk/Page-Vlink-AuthOnly/input_Card number_card_number' is double clicked on

2023-02-15 21:36:39 - [TEST_STEP][PASSED] - setText(findTestObject("Object Repository/RecAndPlayBk/Page-Vlink-AuthOnly/input_Card number_card_number"), cardNumber): Text '5146312200000035' is set on object 'Object Repository/RecAndPlayBk/Page-Vlink-AuthOnly/input_Card number_card_number'

2023-02-15 21:36:40 - [MESSAGE][PASSED] - Text '5146312200000035' is set on object 'Object Repository/RecAndPlayBk/Page-Vlink-AuthOnly/input_Card number_card_number'

2023-02-15 21:36:40 - [TEST_STEP][PASSED] - setText(findTestObject("Object Repository/RecAndPlayBk/Page-Vlink-AuthOnly/input_Card ex month_card_exmo"), exM): Text '12' is set on object 'Object Repository/RecAndPlayBk/Page-Vlink-AuthOnly/input_Card ex month_card_exmo'

2023-02-15 21:36:40 - [MESSAGE][PASSED] - Text '12' is set on object 'Object Repository/RecAndPlayBk/Page-Vlink-AuthOnly/input_Card ex month_card_exmo'

2023-02-15 21:36:40 - [TEST_STEP][PASSED] - setText(findTestObject("Object Repository/RecAndPlayBk/Page-Vlink-AuthOnly/input_Card ex year_card_exyr"), exY): Text '2029' is set on object 'Object Repository/RecAndPlayBk/Page-Vlink-AuthOnly/input_Card ex year_card_exyr'

2023-02-15 21:36:41 - [MESSAGE][PASSED] - Text '2029' is set on object 'Object Repository/RecAndPlayBk/Page-Vlink-AuthOnly/input_Card ex year_card_exyr'

2023-02-15 21:36:41 - [TEST_STEP][PASSED] - click(findTestObject("Object Repository/RecAndPlayBk/Page-Vlink-AuthOnly/input_Track Data_track_data")): Object: 'Object Repository/RecAndPlayBk/Page-Vlink-AuthOnly/input_Track Data_track_data' is clicked on

2023-02-15 21:36:41 - [MESSAGE][PASSED] - Object: 'Object Repository/RecAndPlayBk/Page-Vlink-AuthOnly/input_Track Data_track_data' is clicked on

2023-02-15 21:36:41 - [TEST_STEP][PASSED] - click(findTestObject("Object Repository/RecAndPlayBk/Page-Vlink-AuthOnly/input_CVV state_cvv_state")): Object: 'Object Repository/RecAndPlayBk/Page-Vlink-AuthOnly/input_CVV state_cvv_state' is clicked on

2023-02-15 21:36:42 - [MESSAGE][PASSED] - Object: 'Object Repository/RecAndPlayBk/Page-Vlink-AuthOnly/input_CVV state_cvv_state' is clicked on

2023-02-15 21:36:42 - [TEST_STEP][PASSED] - setText(findTestObject("Object Repository/RecAndPlayBk/Page-Vlink-AuthOnly/input_Track Data_track_data"), ""): Text '' is set on object 'Object Repository/RecAndPlayBk/Page-Vlink-AuthOnly/input_Track Data_track_data'

2023-02-15 21:36:42 - [MESSAGE][PASSED] - Text '' is set on object 'Object Repository/RecAndPlayBk/Page-Vlink-AuthOnly/input_Track Data_track_data'

2023-02-15 21:36:42 - [TEST_STEP][PASSED] - setText(findTestObject("Object Repository/RecAndPlayBk/Page-Vlink-AuthOnly/input_concat(Cardholder, , s email)_email"), ""): Text '' is set on object 'Object Repository/RecAndPlayBk/Page-Vlink-AuthOnly/input_concat(Cardholder, , s email)_email'

2023-02-15 21:36:43 - [MESSAGE][PASSED] - Text '' is set on object 'Object Repository/RecAndPlayBk/Page-Vlink-AuthOnly/input_concat(Cardholder, , s email)_email'

2023-02-15 21:36:43 - [TEST_STEP][PASSED] - click(findTestObject("Object Repository/RecAndPlayBk/Page-Vlink-AuthOnly/input_user_defined10_user_defined10")): Object: 'Object Repository/RecAndPlayBk/Page-Vlink-AuthOnly/input_user_defined10_user_defined10' is clicked on

2023-02-15 21:36:43 - [MESSAGE][PASSED] - Object: 'Object Repository/RecAndPlayBk/Page-Vlink-AuthOnly/input_user_defined10_user_defined10' is clicked on

2023-02-15 21:36:43 - [TEST_STEP][PASSED] - if (executionProfile.equalsIgnoreCase("QAProfile")): Text '' is set on object 'Object Repository/RecAndPlayBk/Page-Vlink-AuthOnly/input_COF Transaction Initiated by_cof_tran_6cded5'

2023-02-15 21:36:43 - [TEST_STEP][PASSED] - setText(findTestObject("Object Repository/RecAndPlayBk/Page-Vlink-AuthOnly/input_Card on File Indicator_card_on_file_i_157dae"), ""): Text '' is set on object 'Object Repository/RecAndPlayBk/Page-Vlink-AuthOnly/input_Card on File Indicator_card_on_file_i_157dae'

2023-02-15 21:36:44 - [MESSAGE][PASSED] - Text '' is set on object 'Object Repository/RecAndPlayBk/Page-Vlink-AuthOnly/input_Card on File Indicator_card_on_file_i_157dae'

2023-02-15 21:36:44 - [TEST_STEP][PASSED] - setText(findTestObject("Object Repository/RecAndPlayBk/Page-Vlink-AuthOnly/input_Stored Credential Indicator_stored_cr_4ae73c"), ""): Text '' is set on object 'Object Repository/RecAndPlayBk/Page-Vlink-AuthOnly/input_Stored Credential Indicator_stored_cr_4ae73c'

2023-02-15 21:36:45 - [MESSAGE][PASSED] - Text '' is set on object 'Object Repository/RecAndPlayBk/Page-Vlink-AuthOnly/input_Stored Credential Indicator_stored_cr_4ae73c'

2023-02-15 21:36:45 - [TEST_STEP][PASSED] - setText(findTestObject("Object Repository/RecAndPlayBk/Page-Vlink-AuthOnly/input_COF Scheduled indicator_cof_scheduled_8df7d8"), ""): Text '' is set on object 'Object Repository/RecAndPlayBk/Page-Vlink-AuthOnly/input_COF Scheduled indicator_cof_scheduled_8df7d8'

2023-02-15 21:36:45 - [MESSAGE][PASSED] - Text '' is set on object 'Object Repository/RecAndPlayBk/Page-Vlink-AuthOnly/input_COF Scheduled indicator_cof_scheduled_8df7d8'

2023-02-15 21:36:45 - [TEST_STEP][PASSED] - setText(findTestObject("Object Repository/RecAndPlayBk/Page-Vlink-AuthOnly/input_COF Transaction Initiated by_cof_tran_6cded5"), ""): Text '' is set on object 'Object Repository/RecAndPlayBk/Page-Vlink-AuthOnly/input_COF Transaction Initiated by_cof_tran_6cded5'

2023-02-15 21:36:46 - [MESSAGE][PASSED] - Text '' is set on object 'Object Repository/RecAndPlayBk/Page-Vlink-AuthOnly/input_COF Transaction Initiated by_cof_tran_6cded5'

2023-02-15 21:36:46 - [TEST_STEP][PASSED] - click(findTestObject("Object Repository/RecAndPlayBk/Page-Vlink-AuthOnly/input")): Object: 'Object Repository/RecAndPlayBk/Page-Vlink-AuthOnly/input' is clicked on

2023-02-15 21:36:47 - [MESSAGE][PASSED] - Object: 'Object Repository/RecAndPlayBk/Page-Vlink-AuthOnly/input' is clicked on

2023-02-15 21:36:47 - [TEST_STEP][PASSED] - if (verifyTextPresent("Transaction approved, no errors", true)): null

2023-02-15 21:36:47 - [MESSAGE][PASSED] - Text 'Transaction approved, no errors' is present on page  using regular expression

2023-02-15 21:36:47 - [TEST_STEP][PASSED] - out.println("Auth was successful, Capture now"): null

2023-02-15 21:36:47 - [TEST_STEP][PASSED] - sdfo = getText(findTestObject("Object Repository/Page_VLinkReceipt/pre_STX")): Text of object 'Object Repository/Page_VLinkReceipt/pre_STX' is: '<STX>HII2FvDtbzVU                  12126534            0  Transaction approved, no errors                   0                                                                                  YM000037   <ETX>'

2023-02-15 21:36:48 - [MESSAGE][PASSED] - Text of object 'Object Repository/Page_VLinkReceipt/pre_STX' is: '<STX>HII2FvDtbzVU                  12126534            0  Transaction approved, no errors                   0                                                                                  YM000037   <ETX>'

2023-02-15 21:36:48 - [TEST_STEP][PASSED] - out.println("sdfo: " + sdfo): null

2023-02-15 21:36:48 - [TEST_STEP][PASSED] - remID = substring(5, 35).trim(): null

2023-02-15 21:36:48 - [TEST_STEP][PASSED] - out.println("remID: " + remID): null

2023-02-15 21:36:48 - [TEST_STEP][PASSED] - traxID = substring(35, 55).trim(): null

2023-02-15 21:36:48 - [TEST_STEP][PASSED] - out.println("traxID: " + traxID): null

2023-02-15 21:36:48 - [TEST_STEP][PASSED] - VLinkSaleRemID = remID: null

2023-02-15 21:36:48 - [TEST_STEP][PASSED] - VLinkSaleTranxID = traxID: null

2023-02-15 21:36:48 - [TEST_STEP][PASSED] - openBrowser(VLinkURL + "capture.html"): Browser is opened with url: 'https://dev-algorithm.govolution.com/vlinktest/QA/version_2_0/capture.html'

2023-02-15 21:36:48 - [MESSAGE][WARNING] - A browser is already opened. Closing browser and opening a new one

2023-02-15 21:36:48 - [MESSAGE][INFO] - Starting 'Chrome' driver

2023-02-15 21:36:48 - [MESSAGE][INFO] - User set preference: ['acceptInsecureCerts', 'true']

2023-02-15 21:36:48 - [MESSAGE][INFO] - Action delay is set to 0 milliseconds

2023-02-15 21:36:50 - [MESSAGE][PASSED] - Browser is opened with url: 'https://dev-algorithm.govolution.com/vlinktest/QA/version_2_0/capture.html'

2023-02-15 21:36:50 - [TEST_STEP][PASSED] - maximizeWindow(): Current window maximized

2023-02-15 21:36:50 - [MESSAGE][PASSED] - Current window maximized

2023-02-15 21:36:50 - [TEST_STEP][PASSED] - setText(findTestObject("Object Repository/RecAndPlayBk/Page-VLink-Capture/input_Remittance Id_remittance_id"), VLinkSaleRemID): Text 'HII2FvDtbzVU' is set on object 'Object Repository/RecAndPlayBk/Page-VLink-Capture/input_Remittance Id_remittance_id'

2023-02-15 21:36:51 - [MESSAGE][PASSED] - Text 'HII2FvDtbzVU' is set on object 'Object Repository/RecAndPlayBk/Page-VLink-Capture/input_Remittance Id_remittance_id'

2023-02-15 21:36:51 - [TEST_STEP][PASSED] - setText(findTestObject("Object Repository/RecAndPlayBk/Page-VLink-Capture/input_Application Id_application_id"), appID): Text '581' is set on object 'Object Repository/RecAndPlayBk/Page-VLink-Capture/input_Application Id_application_id'

2023-02-15 21:36:52 - [MESSAGE][PASSED] - Text '581' is set on object 'Object Repository/RecAndPlayBk/Page-VLink-Capture/input_Application Id_application_id'

2023-02-15 21:36:52 - [TEST_STEP][PASSED] - setText(findTestObject("Object Repository/RecAndPlayBk/Page-VLink-Capture/input_Username_username"), username): Text 'usr581' is set on object 'Object Repository/RecAndPlayBk/Page-VLink-Capture/input_Username_username'

2023-02-15 21:36:53 - [MESSAGE][PASSED] - Text 'usr581' is set on object 'Object Repository/RecAndPlayBk/Page-VLink-Capture/input_Username_username'

2023-02-15 21:36:53 - [TEST_STEP][PASSED] - setText(findTestObject("Object Repository/RecAndPlayBk/Page-VLink-Capture/input_Password_password"), password): Text 'pwd581' is set on object 'Object Repository/RecAndPlayBk/Page-VLink-Capture/input_Password_password'

2023-02-15 21:36:53 - [MESSAGE][PASSED] - Text 'pwd581' is set on object 'Object Repository/RecAndPlayBk/Page-VLink-Capture/input_Password_password'

2023-02-15 21:36:53 - [TEST_STEP][PASSED] - setText(findTestObject("Object Repository/RecAndPlayBk/Page-VLink-Capture/input_Transaction ID_transaction_id"), VLinkSaleTranxID): Text '12126534' is set on object 'Object Repository/RecAndPlayBk/Page-VLink-Capture/input_Transaction ID_transaction_id'

2023-02-15 21:36:54 - [MESSAGE][PASSED] - Text '12126534' is set on object 'Object Repository/RecAndPlayBk/Page-VLink-Capture/input_Transaction ID_transaction_id'

2023-02-15 21:36:54 - [TEST_STEP][PASSED] - setText(findTestObject("Object Repository/RecAndPlayBk/Page-VLink-Capture/input_Amount_amount"), amount): Text '10.5' is set on object 'Object Repository/RecAndPlayBk/Page-VLink-Capture/input_Amount_amount'

2023-02-15 21:36:54 - [MESSAGE][PASSED] - Text '10.5' is set on object 'Object Repository/RecAndPlayBk/Page-VLink-Capture/input_Amount_amount'

2023-02-15 21:36:54 - [TEST_STEP][PASSED] - click(findTestObject("Object Repository/RecAndPlayBk/Page-VLink-Capture/input")): Object: 'Object Repository/RecAndPlayBk/Page-VLink-Capture/input' is clicked on

2023-02-15 21:36:56 - [MESSAGE][PASSED] - Object: 'Object Repository/RecAndPlayBk/Page-VLink-Capture/input' is clicked on

2023-02-15 21:36:56 - [TEST_STEP][PASSED] - if (verifyTextPresent("Transaction approved, no errors", true)): null

2023-02-15 21:36:56 - [MESSAGE][PASSED] - Text 'Transaction approved, no errors' is present on page  using regular expression

2023-02-15 21:36:56 - [TEST_STEP][PASSED] - println("Transaction Approved, no errors text is present on the Confirmation page"): null

2023-02-15 21:36:56 - [TEST_STEP][PASSED] - out.println("Pass Record Number: " + row): null

2023-02-15 21:36:56 - [TEST_STEP][PASSED] - resText = "Pass": null

2023-02-15 21:36:56 - [TEST_STEP][PASSED] - pages.WriteExcel.demoKey(resText, datText, resColumn, datCloumn, fileLoc, nameSheet, row): pages.WriteExcel.demoKey is PASSED

2023-02-15 21:36:56 - [MESSAGE][PASSED] - pages.WriteExcel.demoKey is PASSED]]></system-out>
         <system-err><![CDATA[2023-02-15 21:34:56 - [TEST_CASE][FAILED] - Test Cases/RecAndPlayBk/VLink/Auth-Capture: Test Cases/RecAndPlayBk/VLink/Auth-Capture FAILED.
Reason:
com.kms.katalon.core.exception.StepFailedException: Text 'Transaction approved, no errors' is not present on page  using regular expression (Root cause: com.kms.katalon.core.exception.StepFailedException: Text 'Transaction approved, no errors' is not present on page  using regular expression
	at com.kms.katalon.core.webui.keyword.internal.WebUIKeywordMain.stepFailed(WebUIKeywordMain.groovy:64)
	at com.kms.katalon.core.webui.keyword.builtin.VerifyTextPresentKeyword$_verifyTextPresent_closure1.doCall(VerifyTextPresentKeyword.groovy:79)
	at com.kms.katalon.core.webui.keyword.builtin.VerifyTextPresentKeyword$_verifyTextPresent_closure1.call(VerifyTextPresentKeyword.groovy)
	at com.kms.katalon.core.webui.keyword.internal.WebUIKeywordMain.runKeyword(WebUIKeywordMain.groovy:20)
	at com.kms.katalon.core.webui.keyword.builtin.VerifyTextPresentKeyword.verifyTextPresent(VerifyTextPresentKeyword.groovy:83)
	at com.kms.katalon.core.webui.keyword.builtin.VerifyTextPresentKeyword.execute(VerifyTextPresentKeyword.groovy:68)
	at com.kms.katalon.core.keyword.internal.KeywordExecutor.executeKeywordForPlatform(KeywordExecutor.groovy:74)
	at com.kms.katalon.core.webui.keyword.WebUiBuiltInKeywords.verifyTextPresent(WebUiBuiltInKeywords.groovy:1723)
	at com.kms.katalon.core.webui.keyword.WebUiBuiltInKeywords$verifyTextPresent$4.call(Unknown Source)
	at Auth-Capture.run(Auth-Capture:161)
	at com.kms.katalon.core.main.ScriptEngine.run(ScriptEngine.java:194)
	at com.kms.katalon.core.main.ScriptEngine.runScriptAsRawText(ScriptEngine.java:119)
	at com.kms.katalon.core.main.TestCaseExecutor.runScript(TestCaseExecutor.java:442)
	at com.kms.katalon.core.main.TestCaseExecutor.doExecute(TestCaseExecutor.java:433)
	at com.kms.katalon.core.main.TestCaseExecutor.processExecutionPhase(TestCaseExecutor.java:412)
	at com.kms.katalon.core.main.TestCaseExecutor.accessMainPhase(TestCaseExecutor.java:404)
	at com.kms.katalon.core.main.TestCaseExecutor.execute(TestCaseExecutor.java:281)
	at com.kms.katalon.core.main.TestSuiteExecutor.accessTestCaseMainPhase(TestSuiteExecutor.java:202)
	at com.kms.katalon.core.main.TestSuiteExecutor.accessTestSuiteMainPhase(TestSuiteExecutor.java:164)
	at com.kms.katalon.core.main.TestSuiteExecutor.execute(TestSuiteExecutor.java:105)
	at com.kms.katalon.core.main.TestCaseMain.startTestSuite(TestCaseMain.java:185)
	at com.kms.katalon.core.main.TestCaseMain$startTestSuite$0.call(Unknown Source)
	at TempTestSuite1676514794135.run(TempTestSuite1676514794135.groovy:36)
)
	at com.kms.katalon.core.keyword.internal.KeywordMain.stepFailed(KeywordMain.groovy:39)
	at com.kms.katalon.core.webui.keyword.internal.WebUIKeywordMain.stepFailed(WebUIKeywordMain.groovy:64)
	at com.kms.katalon.core.webui.keyword.builtin.VerifyTextPresentKeyword$_verifyTextPresent_closure1.doCall(VerifyTextPresentKeyword.groovy:79)
	at com.kms.katalon.core.webui.keyword.builtin.VerifyTextPresentKeyword$_verifyTextPresent_closure1.call(VerifyTextPresentKeyword.groovy)
	at com.kms.katalon.core.webui.keyword.internal.WebUIKeywordMain.runKeyword(WebUIKeywordMain.groovy:20)
	at com.kms.katalon.core.webui.keyword.builtin.VerifyTextPresentKeyword.verifyTextPresent(VerifyTextPresentKeyword.groovy:83)
	at com.kms.katalon.core.webui.keyword.builtin.VerifyTextPresentKeyword.execute(VerifyTextPresentKeyword.groovy:68)
	at com.kms.katalon.core.keyword.internal.KeywordExecutor.executeKeywordForPlatform(KeywordExecutor.groovy:74)
	at com.kms.katalon.core.webui.keyword.WebUiBuiltInKeywords.verifyTextPresent(WebUiBuiltInKeywords.groovy:1723)
	at com.kms.katalon.core.webui.keyword.WebUiBuiltInKeywords$verifyTextPresent$4.call(Unknown Source)
	at Auth-Capture.run(Auth-Capture:161)
	at com.kms.katalon.core.main.ScriptEngine.run(ScriptEngine.java:194)
	at com.kms.katalon.core.main.ScriptEngine.runScriptAsRawText(ScriptEngine.java:119)
	at com.kms.katalon.core.main.TestCaseExecutor.runScript(TestCaseExecutor.java:442)
	at com.kms.katalon.core.main.TestCaseExecutor.doExecute(TestCaseExecutor.java:433)
	at com.kms.katalon.core.main.TestCaseExecutor.processExecutionPhase(TestCaseExecutor.java:412)
	at com.kms.katalon.core.main.TestCaseExecutor.accessMainPhase(TestCaseExecutor.java:404)
	at com.kms.katalon.core.main.TestCaseExecutor.execute(TestCaseExecutor.java:281)
	at com.kms.katalon.core.main.TestSuiteExecutor.accessTestCaseMainPhase(TestSuiteExecutor.java:202)
	at com.kms.katalon.core.main.TestSuiteExecutor.accessTestSuiteMainPhase(TestSuiteExecutor.java:164)
	at com.kms.katalon.core.main.TestSuiteExecutor.execute(TestSuiteExecutor.java:105)
	at com.kms.katalon.core.main.TestCaseMain.startTestSuite(TestCaseMain.java:185)
	at com.kms.katalon.core.main.TestCaseMain$startTestSuite$0.call(Unknown Source)
	at TempTestSuite1676514794135.run(TempTestSuite1676514794135.groovy:36)
Caused by: com.kms.katalon.core.exception.StepFailedException: Text 'Transaction approved, no errors' is not present on page  using regular expression
	... 23 more]]></system-err>
      </testcase>
      <testcase name="Test Cases/VLink/Imported-SelIDE/VLinkXMLTests/AuthCaptureRemIDPipe" time="12.272" classname="Test Cases/VLink/Imported-SelIDE/VLinkXMLTests/AuthCaptureRemIDPipe" status="PASSED">
         <system-out><![CDATA[2023-02-15 21:36:56 - [TEST_CASE][PASSED] - Test Cases/VLink/Imported-SelIDE/VLinkXMLTests/AuthCaptureRemIDPipe: Test Cases/VLink/Imported-SelIDE/VLinkXMLTests/AuthCaptureRemIDPipe

2023-02-15 21:36:57 - [TEST_STEP][PASSED] - softAssertion = new org.testng.asserts.SoftAssert(): null

2023-02-15 21:36:57 - [TEST_STEP][PASSED] - openBrowser("https://www.google.com/"): Browser is opened with url: 'https://www.google.com/'

2023-02-15 21:36:57 - [MESSAGE][WARNING] - A browser is already opened. Closing browser and opening a new one

2023-02-15 21:36:58 - [MESSAGE][INFO] - Starting 'Chrome' driver

2023-02-15 21:36:58 - [MESSAGE][INFO] - User set preference: ['acceptInsecureCerts', 'true']

2023-02-15 21:36:58 - [MESSAGE][INFO] - Action delay is set to 0 milliseconds

2023-02-15 21:37:00 - [MESSAGE][PASSED] - Browser is opened with url: 'https://www.google.com/'

2023-02-15 21:37:00 - [TEST_STEP][PASSED] - driver = getWebDriver(): null

2023-02-15 21:37:00 - [TEST_STEP][PASSED] - baseUrl = "https://www.google.com/": null

2023-02-15 21:37:00 - [TEST_STEP][PASSED] - selenium = new com.thoughtworks.selenium.webdriven.WebDriverBackedSelenium(driver, baseUrl): null

2023-02-15 21:37:01 - [TEST_STEP][PASSED] - ran1 = random() * 99999)").toInteger(): null

2023-02-15 21:37:01 - [TEST_STEP][PASSED] - println(ran1): null

2023-02-15 21:37:01 - [TEST_STEP][PASSED] - ran2 = random() * 999)").toInteger(): null

2023-02-15 21:37:01 - [TEST_STEP][PASSED] - println(ran2): null

2023-02-15 21:37:01 - [TEST_STEP][PASSED] - ran3 = random() * 9999)").toInteger(): null

2023-02-15 21:37:01 - [TEST_STEP][PASSED] - println(ran3): null

2023-02-15 21:37:01 - [TEST_STEP][PASSED] - println(ran1 + "|" + ran2 + "|" + ran3): null

2023-02-15 21:37:01 - [TEST_STEP][PASSED] - selenium.open("https://dev-algorithm.govolution.com/vlinktest/QA/version_2_0/auth.html"): null

2023-02-15 21:37:01 - [TEST_STEP][PASSED] - selenium.type("name=transaction_type", "100"): null

2023-02-15 21:37:01 - [TEST_STEP][PASSED] - selenium.type("name=message_version", 0C".toString()): null

2023-02-15 21:37:01 - [TEST_STEP][PASSED] - selenium.type("name=remittance_id", ran1 + "|" + ran2 + "|" + ran3.toString()): null

2023-02-15 21:37:01 - [TEST_STEP][PASSED] - selenium.type("name=application_id", "234"): null

2023-02-15 21:37:01 - [TEST_STEP][PASSED] - selenium.type("name=username", "username"): null

2023-02-15 21:37:01 - [TEST_STEP][PASSED] - selenium.type("name=password", "password"): null

2023-02-15 21:37:01 - [TEST_STEP][PASSED] - selenium.type("name=response_format", "fixed_width"): null

2023-02-15 21:37:02 - [TEST_STEP][PASSED] - selenium.type("name=category", "ECOM"): null

2023-02-15 21:37:02 - [TEST_STEP][PASSED] - selenium.type("name=transaction_id", ""): null

2023-02-15 21:37:02 - [TEST_STEP][PASSED] - selenium.type("name=approval_code", ""): null

2023-02-15 21:37:02 - [TEST_STEP][PASSED] - selenium.type("name=card_name", "Michael Slater".toString()): null

2023-02-15 21:37:02 - [TEST_STEP][PASSED] - selenium.type("name=card_address", "2000 14th street".toString()): null

2023-02-15 21:37:02 - [TEST_STEP][PASSED] - selenium.type("name=card_address2", ""): null

2023-02-15 21:37:02 - [TEST_STEP][PASSED] - selenium.type("name=card_city", "Arlington"): null

2023-02-15 21:37:02 - [TEST_STEP][PASSED] - selenium.type("name=card_state", "VA"): null

2023-02-15 21:37:02 - [TEST_STEP][PASSED] - selenium.type("name=card_zip", "22201"): null

2023-02-15 21:37:02 - [TEST_STEP][PASSED] - selenium.type("name=country_id", ""): null

2023-02-15 21:37:02 - [TEST_STEP][PASSED] - selenium.type("name=amount", 50".toString()): null

2023-02-15 21:37:02 - [TEST_STEP][PASSED] - selenium.type("name=card_number", "4111111111111111"): null

2023-02-15 21:37:02 - [TEST_STEP][PASSED] - selenium.type("name=card_exmo", "06"): null

2023-02-15 21:37:02 - [TEST_STEP][PASSED] - selenium.type("name=card_exyr", "2025"): null

2023-02-15 21:37:02 - [TEST_STEP][PASSED] - selenium.type("name=cvv_data", ""): null

2023-02-15 21:37:02 - [TEST_STEP][PASSED] - selenium.type("name=cvv_state", ""): null

2023-02-15 21:37:02 - [TEST_STEP][PASSED] - selenium.type("name=track_data", ""): null

2023-02-15 21:37:02 - [TEST_STEP][PASSED] - selenium.type("name=track_1_data", ""): null

2023-02-15 21:37:02 - [TEST_STEP][PASSED] - selenium.type("name=track_2_data", ""): null

2023-02-15 21:37:02 - [TEST_STEP][PASSED] - selenium.type("name=entry_mode", ""): null

2023-02-15 21:37:02 - [TEST_STEP][PASSED] - selenium.type("name=email", ""): null

2023-02-15 21:37:02 - [TEST_STEP][PASSED] - selenium.type("name=order_number", ""): null

2023-02-15 21:37:03 - [TEST_STEP][PASSED] - selenium.type("name=tax_amount", ""): null

2023-02-15 21:37:03 - [TEST_STEP][PASSED] - selenium.type("name=charge_description", ""): null

2023-02-15 21:37:03 - [TEST_STEP][PASSED] - selenium.type("name=client_account_number", ""): null

2023-02-15 21:37:03 - [TEST_STEP][PASSED] - selenium.type("name=bill_payment_indicator", ""): null

2023-02-15 21:37:03 - [TEST_STEP][PASSED] - selenium.type("name=user_defined1", ""): null

2023-02-15 21:37:03 - [TEST_STEP][PASSED] - selenium.type("name=user_defined2", ""): null

2023-02-15 21:37:03 - [TEST_STEP][PASSED] - selenium.type("name=user_defined3", ""): null

2023-02-15 21:37:03 - [TEST_STEP][PASSED] - selenium.type("name=user_defined4", ""): null

2023-02-15 21:37:03 - [TEST_STEP][PASSED] - selenium.type("name=user_defined5", ""): null

2023-02-15 21:37:03 - [TEST_STEP][PASSED] - selenium.type("name=user_defined6", ""): null

2023-02-15 21:37:03 - [TEST_STEP][PASSED] - selenium.type("name=user_defined7", ""): null

2023-02-15 21:37:03 - [TEST_STEP][PASSED] - selenium.type("name=user_defined8", ""): null

2023-02-15 21:37:03 - [TEST_STEP][PASSED] - selenium.type("name=user_defined9", ""): null

2023-02-15 21:37:03 - [TEST_STEP][PASSED] - selenium.type("name=user_defined10", ""): null

2023-02-15 21:37:03 - [TEST_STEP][PASSED] - selenium.type("name=card_on_file_indicator", ""): null

2023-02-15 21:37:03 - [TEST_STEP][PASSED] - selenium.type("name=stored_credential_indicator", ""): null

2023-02-15 21:37:03 - [TEST_STEP][PASSED] - selenium.type("name=cof_scheduled_indicator", ""): null

2023-02-15 21:37:03 - [TEST_STEP][PASSED] - selenium.type("name=cof_transaction_init_indicator", ""): null

2023-02-15 21:37:03 - [TEST_STEP][PASSED] - selenium.click("css=input[type="submit"]"): null

2023-02-15 21:37:04 - [TEST_STEP][PASSED] - selenium.waitForPageToLoad("30000"): null

2023-02-15 21:37:05 - [TEST_STEP][PASSED] - verifyTextPresent("Transaction approved, no errors", true): Text 'Transaction approved, no errors' is present on page  using regular expression

2023-02-15 21:37:05 - [MESSAGE][PASSED] - Text 'Transaction approved, no errors' is present on page  using regular expression

2023-02-15 21:37:05 - [TEST_STEP][PASSED] - resText = selenium.getText("css=pre"): null

2023-02-15 21:37:05 - [TEST_STEP][PASSED] - println(resText): null

2023-02-15 21:37:05 - [TEST_STEP][PASSED] - tranID = substring(35, 44).trim(): null

2023-02-15 21:37:05 - [TEST_STEP][PASSED] - println(tranID): null

2023-02-15 21:37:05 - [TEST_STEP][PASSED] - selenium.open("https://dev-algorithm.govolution.com/vlinktest/QA/version_2_0/capture.html"): null

2023-02-15 21:37:06 - [TEST_STEP][PASSED] - selenium.type("name=transaction_type", "102"): null

2023-02-15 21:37:06 - [TEST_STEP][PASSED] - selenium.type("name=message_version", 0C".toString()): null

2023-02-15 21:37:06 - [TEST_STEP][PASSED] - selenium.type("name=remittance_id", ran1 + "|" + ran2 + "|" + ran3.toString()): null

2023-02-15 21:37:06 - [TEST_STEP][PASSED] - selenium.type("name=application_id", "234"): null

2023-02-15 21:37:06 - [TEST_STEP][PASSED] - selenium.type("name=username", "username"): null

2023-02-15 21:37:06 - [TEST_STEP][PASSED] - selenium.type("name=password", "password"): null

2023-02-15 21:37:06 - [TEST_STEP][PASSED] - selenium.type("name=response_format", "fixed_width"): null

2023-02-15 21:37:06 - [TEST_STEP][PASSED] - selenium.type("name=transaction_id", tranID): null

2023-02-15 21:37:06 - [TEST_STEP][PASSED] - selenium.type("name=amount", 50".toString()): null

2023-02-15 21:37:06 - [TEST_STEP][PASSED] - selenium.type("name=order_number", ""): null

2023-02-15 21:37:06 - [TEST_STEP][PASSED] - selenium.type("name=tax_amount", ""): null

2023-02-15 21:37:06 - [TEST_STEP][PASSED] - selenium.type("name=charge_description", ""): null

2023-02-15 21:37:06 - [TEST_STEP][PASSED] - selenium.type("name=client_account_number", ""): null

2023-02-15 21:37:06 - [TEST_STEP][PASSED] - selenium.type("name=bill_payment_indicator", ""): null

2023-02-15 21:37:06 - [TEST_STEP][PASSED] - selenium.type("name=user_defined1", ""): null

2023-02-15 21:37:06 - [TEST_STEP][PASSED] - selenium.type("name=user_defined2", ""): null

2023-02-15 21:37:06 - [TEST_STEP][PASSED] - selenium.type("name=user_defined3", ""): null

2023-02-15 21:37:06 - [TEST_STEP][PASSED] - selenium.type("name=user_defined4", ""): null

2023-02-15 21:37:06 - [TEST_STEP][PASSED] - selenium.type("name=user_defined5", ""): null

2023-02-15 21:37:06 - [TEST_STEP][PASSED] - selenium.type("name=user_defined6", ""): null

2023-02-15 21:37:06 - [TEST_STEP][PASSED] - selenium.type("name=user_defined7", ""): null

2023-02-15 21:37:06 - [TEST_STEP][PASSED] - selenium.type("name=user_defined8", ""): null

2023-02-15 21:37:06 - [TEST_STEP][PASSED] - selenium.type("name=user_defined9", ""): null

2023-02-15 21:37:07 - [TEST_STEP][PASSED] - selenium.type("name=user_defined10", ""): null

2023-02-15 21:37:07 - [TEST_STEP][PASSED] - selenium.click("css=input[type="submit"]"): null

2023-02-15 21:37:08 - [TEST_STEP][PASSED] - selenium.waitForPageToLoad("30000"): null

2023-02-15 21:37:08 - [TEST_STEP][PASSED] - verifyTextPresent("Transaction approved, no errors", true): Text 'Transaction approved, no errors' is present on page  using regular expression

2023-02-15 21:37:08 - [MESSAGE][PASSED] - Text 'Transaction approved, no errors' is present on page  using regular expression

2023-02-15 21:37:08 - [TEST_STEP][PASSED] - resTextCap = selenium.getText("css=pre"): null

2023-02-15 21:37:09 - [TEST_STEP][PASSED] - println(resTextCap): null

2023-02-15 21:37:09 - [TEST_STEP][PASSED] - tranIDCap = selenium.getEval(" var ran1 = "" + ran1 + "";var ran2 = "" + ran2 + "";var ran3 = "" + ran3 + "";var resText = "" + resText + "";var tranID = "" + tranID + "";var resTextCap = "" + resTextCap + "";var storedVars = { 'ran1': ran1,'ran2': ran2,'ran3': ran3,'resText': resText,'tranID': tranID,'resTextCap': resTextCap }; " + "storedVars['resTextCap'].substring(19,28).trim()"): null

2023-02-15 21:37:09 - [TEST_STEP][PASSED] - println(tranIDCap): null]]></system-out>
         <system-err><![CDATA[]]></system-err>
      </testcase>
      <testcase name="Test Cases/VLink/Imported-SelIDE/VLinkXMLTests/EncryptedRemIDPipe" time="10.805" classname="Test Cases/VLink/Imported-SelIDE/VLinkXMLTests/EncryptedRemIDPipe" status="PASSED">
         <system-out><![CDATA[2023-02-15 21:37:09 - [TEST_CASE][PASSED] - Test Cases/VLink/Imported-SelIDE/VLinkXMLTests/EncryptedRemIDPipe: Test Cases/VLink/Imported-SelIDE/VLinkXMLTests/EncryptedRemIDPipe

2023-02-15 21:37:09 - [TEST_STEP][PASSED] - softAssertion = new org.testng.asserts.SoftAssert(): null

2023-02-15 21:37:09 - [TEST_STEP][PASSED] - openBrowser("https://www.google.com/"): Browser is opened with url: 'https://www.google.com/'

2023-02-15 21:37:09 - [MESSAGE][WARNING] - A browser is already opened. Closing browser and opening a new one

2023-02-15 21:37:10 - [MESSAGE][INFO] - Starting 'Chrome' driver

2023-02-15 21:37:10 - [MESSAGE][INFO] - User set preference: ['acceptInsecureCerts', 'true']

2023-02-15 21:37:10 - [MESSAGE][INFO] - Action delay is set to 0 milliseconds

2023-02-15 21:37:14 - [MESSAGE][PASSED] - Browser is opened with url: 'https://www.google.com/'

2023-02-15 21:37:14 - [TEST_STEP][PASSED] - driver = getWebDriver(): null

2023-02-15 21:37:14 - [TEST_STEP][PASSED] - baseUrl = "https://www.google.com/": null

2023-02-15 21:37:14 - [TEST_STEP][PASSED] - selenium = new com.thoughtworks.selenium.webdriven.WebDriverBackedSelenium(driver, baseUrl): null

2023-02-15 21:37:14 - [TEST_STEP][PASSED] - ran1 = random() * 99999)").toInteger(): null

2023-02-15 21:37:14 - [TEST_STEP][PASSED] - println(ran1): null

2023-02-15 21:37:14 - [TEST_STEP][PASSED] - ran2 = random() * 999)").toInteger(): null

2023-02-15 21:37:14 - [TEST_STEP][PASSED] - println(ran2): null

2023-02-15 21:37:14 - [TEST_STEP][PASSED] - ran3 = random() * 9999)").toInteger(): null

2023-02-15 21:37:14 - [TEST_STEP][PASSED] - println(ran3): null

2023-02-15 21:37:14 - [TEST_STEP][PASSED] - println(ran1 + "|" + ran2 + "|" + ran3): null

2023-02-15 21:37:14 - [TEST_STEP][PASSED] - selenium.open("https://dev-algorithm.govolution.com/vlinktest/QA/version_2_0/vlinkEncryptedSwipe.html"): null

2023-02-15 21:37:14 - [TEST_STEP][PASSED] - selenium.type("name=transaction_type", "104"): null

2023-02-15 21:37:15 - [TEST_STEP][PASSED] - selenium.type("name=message_version", 0C".toString()): null

2023-02-15 21:37:15 - [TEST_STEP][PASSED] - selenium.type("name=remittance_id", ran1 + "|" + ran2 + "|" + ran3.toString()): null

2023-02-15 21:37:15 - [TEST_STEP][PASSED] - selenium.type("name=application_id", "234"): null

2023-02-15 21:37:15 - [TEST_STEP][PASSED] - selenium.type("name=username", "username"): null

2023-02-15 21:37:15 - [TEST_STEP][PASSED] - selenium.type("name=password", "password"): null

2023-02-15 21:37:15 - [TEST_STEP][PASSED] - selenium.type("name=response_format", "fixed_width"): null

2023-02-15 21:37:15 - [TEST_STEP][PASSED] - selenium.type("name=category", "RETL"): null

2023-02-15 21:37:15 - [TEST_STEP][PASSED] - selenium.type("name=transaction_id", ""): null

2023-02-15 21:37:15 - [TEST_STEP][PASSED] - selenium.type("name=approval_code", ""): null

2023-02-15 21:37:15 - [TEST_STEP][PASSED] - selenium.type("name=card_name", ""): null

2023-02-15 21:37:15 - [TEST_STEP][PASSED] - selenium.type("name=card_address", "2311 york road".toString()): null

2023-02-15 21:37:15 - [TEST_STEP][PASSED] - selenium.type("name=card_address2", ""): null

2023-02-15 21:37:15 - [TEST_STEP][PASSED] - selenium.type("name=card_city", "Arlington"): null

2023-02-15 21:37:15 - [TEST_STEP][PASSED] - selenium.type("name=card_state", "VA"): null

2023-02-15 21:37:15 - [TEST_STEP][PASSED] - selenium.type("name=card_zip", "22201"): null

2023-02-15 21:37:15 - [TEST_STEP][PASSED] - selenium.type("name=country_id", ""): null

2023-02-15 21:37:15 - [TEST_STEP][PASSED] - selenium.type("name=amount", 00".toString()): null

2023-02-15 21:37:15 - [TEST_STEP][PASSED] - selenium.type("name=card_number", ""): null

2023-02-15 21:37:16 - [TEST_STEP][PASSED] - selenium.type("name=card_exmo", ""): null

2023-02-15 21:37:16 - [TEST_STEP][PASSED] - selenium.type("name=card_exyr", ""): null

2023-02-15 21:37:16 - [TEST_STEP][PASSED] - selenium.type("name=cvv_data", ""): null

2023-02-15 21:37:16 - [TEST_STEP][PASSED] - selenium.type("name=cvv_state", ""): null

2023-02-15 21:37:16 - [TEST_STEP][PASSED] - selenium.type("name=track_data", ""): null

2023-02-15 21:37:16 - [TEST_STEP][PASSED] - selenium.type("name=track_1_data", ""): null

2023-02-15 21:37:16 - [TEST_STEP][PASSED] - selenium.type("name=track_2_data", ""): null

2023-02-15 21:37:16 - [TEST_STEP][PASSED] - selenium.type("name=entry_mode", "track"): null

2023-02-15 21:37:16 - [TEST_STEP][PASSED] - selenium.type("name=email", ""): null

2023-02-15 21:37:16 - [TEST_STEP][PASSED] - selenium.type("name=order_number", ""): null

2023-02-15 21:37:16 - [TEST_STEP][PASSED] - selenium.type("name=tax_amount", ""): null

2023-02-15 21:37:16 - [TEST_STEP][PASSED] - selenium.type("name=charge_description", ""): null

2023-02-15 21:37:16 - [TEST_STEP][PASSED] - selenium.type("name=client_account_number", ""): null

2023-02-15 21:37:16 - [TEST_STEP][PASSED] - selenium.type("name=bill_payment_indicator", ""): null

2023-02-15 21:37:16 - [TEST_STEP][PASSED] - selenium.type("name=user_defined1", ""): null

2023-02-15 21:37:16 - [TEST_STEP][PASSED] - selenium.type("name=user_defined2", ""): null

2023-02-15 21:37:16 - [TEST_STEP][PASSED] - selenium.type("name=user_defined3", ""): null

2023-02-15 21:37:16 - [TEST_STEP][PASSED] - selenium.type("name=user_defined4", ""): null

2023-02-15 21:37:16 - [TEST_STEP][PASSED] - selenium.type("name=user_defined5", ""): null

2023-02-15 21:37:16 - [TEST_STEP][PASSED] - selenium.type("name=user_defined6", ""): null

2023-02-15 21:37:16 - [TEST_STEP][PASSED] - selenium.type("name=user_defined7", ""): null

2023-02-15 21:37:16 - [TEST_STEP][PASSED] - selenium.type("name=user_defined8", ""): null

2023-02-15 21:37:16 - [TEST_STEP][PASSED] - selenium.type("name=user_defined9", ""): null

2023-02-15 21:37:17 - [TEST_STEP][PASSED] - selenium.type("name=user_defined10", ""): null

2023-02-15 21:37:17 - [TEST_STEP][PASSED] - selenium.type("name=encrypted_track_1_data", "8CC5F2E7D8E5F1B8B3D7E884E119C94C968815CAD2DFD5FC9E6C5A470F98215174A2FC6703FF121CABA8263000A6E77B2C64A319A559F013554E12A5FA8122E7DC5F398937E52B55425F08DCB1C73C9CE2DB0C5F4E322B5B9C7A39E8C6765E96"): null

2023-02-15 21:37:17 - [TEST_STEP][PASSED] - selenium.type("name=encrypted_track_2_data", ""): null

2023-02-15 21:37:17 - [TEST_STEP][PASSED] - selenium.type("name=slot_number", "11"): null

2023-02-15 21:37:17 - [TEST_STEP][PASSED] - selenium.type("name=ksn", "FFFF862134D00140005A"): null

2023-02-15 21:37:17 - [TEST_STEP][PASSED] - selenium.click("css=input[type="submit"]"): null

2023-02-15 21:37:18 - [TEST_STEP][PASSED] - selenium.waitForPageToLoad("30000"): null

2023-02-15 21:37:19 - [TEST_STEP][PASSED] - verifyTextPresent("Transaction approved, no errors", true): Text 'Transaction approved, no errors' is present on page  using regular expression

2023-02-15 21:37:19 - [MESSAGE][PASSED] - Text 'Transaction approved, no errors' is present on page  using regular expression

2023-02-15 21:37:19 - [TEST_STEP][PASSED] - resText = selenium.getText("css=pre"): null

2023-02-15 21:37:19 - [TEST_STEP][PASSED] - println(resText): null

2023-02-15 21:37:19 - [TEST_STEP][PASSED] - tranID = selenium.getEval(" var ran1 = "" + ran1 + "";var ran2 = "" + ran2 + "";var ran3 = "" + ran3 + "";var resText = "" + resText + "";var storedVars = { 'ran1': ran1,'ran2': ran2,'ran3': ran3,'resText': resText }; " + "storedVars['resText'].substring(19,28).trim()"): null

2023-02-15 21:37:19 - [TEST_STEP][PASSED] - println(tranID): null]]></system-out>
         <system-err><![CDATA[]]></system-err>
      </testcase>
      <testcase name="Test Cases/VLink/Imported-SelIDE/VLinkXMLTests/IncorrectPassword" time="8.367" classname="Test Cases/VLink/Imported-SelIDE/VLinkXMLTests/IncorrectPassword" status="PASSED">
         <system-out><![CDATA[2023-02-15 21:37:19 - [TEST_CASE][PASSED] - Test Cases/VLink/Imported-SelIDE/VLinkXMLTests/IncorrectPassword: Test Cases/VLink/Imported-SelIDE/VLinkXMLTests/IncorrectPassword

2023-02-15 21:37:20 - [TEST_STEP][PASSED] - softAssertion = new org.testng.asserts.SoftAssert(): null

2023-02-15 21:37:20 - [TEST_STEP][PASSED] - openBrowser("https://www.google.com/"): Browser is opened with url: 'https://www.google.com/'

2023-02-15 21:37:20 - [MESSAGE][WARNING] - A browser is already opened. Closing browser and opening a new one

2023-02-15 21:37:21 - [MESSAGE][INFO] - Starting 'Chrome' driver

2023-02-15 21:37:21 - [MESSAGE][INFO] - User set preference: ['acceptInsecureCerts', 'true']

2023-02-15 21:37:21 - [MESSAGE][INFO] - Action delay is set to 0 milliseconds

2023-02-15 21:37:23 - [MESSAGE][PASSED] - Browser is opened with url: 'https://www.google.com/'

2023-02-15 21:37:23 - [TEST_STEP][PASSED] - driver = getWebDriver(): null

2023-02-15 21:37:23 - [TEST_STEP][PASSED] - baseUrl = "https://www.google.com/": null

2023-02-15 21:37:23 - [TEST_STEP][PASSED] - selenium = new com.thoughtworks.selenium.webdriven.WebDriverBackedSelenium(driver, baseUrl): null

2023-02-15 21:37:23 - [TEST_STEP][PASSED] - selenium.open("https://dev-algorithm.govolution.com/vlinktest/QA/version_2_0/authcap.html"): null

2023-02-15 21:37:24 - [TEST_STEP][PASSED] - selenium.type("name=transaction_type", "104"): null

2023-02-15 21:37:24 - [TEST_STEP][PASSED] - selenium.type("name=message_version", 0C".toString()): null

2023-02-15 21:37:24 - [TEST_STEP][PASSED] - genRemID = RandomStringUtils.random(12, true, true): null

2023-02-15 21:37:24 - [TEST_STEP][PASSED] - setText(findTestObject("Object Repository/RecAndPlayBk/Page-Vlink-AuthOnly/input_Remittance Id_remittance_id"), genRemID): Text 'Fj1cJbFpaxjq' is set on object 'Object Repository/RecAndPlayBk/Page-Vlink-AuthOnly/input_Remittance Id_remittance_id'

2023-02-15 21:37:25 - [MESSAGE][PASSED] - Text 'Fj1cJbFpaxjq' is set on object 'Object Repository/RecAndPlayBk/Page-Vlink-AuthOnly/input_Remittance Id_remittance_id'

2023-02-15 21:37:25 - [TEST_STEP][PASSED] - selenium.type("name=application_id", "180"): null

2023-02-15 21:37:25 - [TEST_STEP][PASSED] - selenium.type("name=username", "junit"): null

2023-02-15 21:37:25 - [TEST_STEP][PASSED] - selenium.type("name=password", "hello"): null

2023-02-15 21:37:25 - [TEST_STEP][PASSED] - selenium.type("name=response_format", "fixed_width"): null

2023-02-15 21:37:25 - [TEST_STEP][PASSED] - selenium.type("name=category", "ECOM"): null

2023-02-15 21:37:25 - [TEST_STEP][PASSED] - selenium.type("name=transaction_id", ""): null

2023-02-15 21:37:25 - [TEST_STEP][PASSED] - selenium.type("name=approval_code", ""): null

2023-02-15 21:37:25 - [TEST_STEP][PASSED] - selenium.type("name=card_name", "John Smith".toString()): null

2023-02-15 21:37:25 - [TEST_STEP][PASSED] - selenium.type("name=card_address", "2311 york road".toString()): null

2023-02-15 21:37:25 - [TEST_STEP][PASSED] - selenium.type("name=card_address2", ""): null

2023-02-15 21:37:25 - [TEST_STEP][PASSED] - selenium.type("name=card_city", "Arlington"): null

2023-02-15 21:37:25 - [TEST_STEP][PASSED] - selenium.type("name=card_state", "VA"): null

2023-02-15 21:37:25 - [TEST_STEP][PASSED] - selenium.type("name=card_zip", "22201"): null

2023-02-15 21:37:25 - [TEST_STEP][PASSED] - selenium.type("name=country_id", ""): null

2023-02-15 21:37:25 - [TEST_STEP][PASSED] - selenium.type("name=amount", 00".toString()): null

2023-02-15 21:37:25 - [TEST_STEP][PASSED] - selenium.type("name=card_number", "4111111111111111"): null

2023-02-15 21:37:25 - [TEST_STEP][PASSED] - selenium.type("name=card_exmo", "12"): null

2023-02-15 21:37:25 - [TEST_STEP][PASSED] - selenium.type("name=card_exyr", "2020"): null

2023-02-15 21:37:26 - [TEST_STEP][PASSED] - selenium.type("name=cvv_data", ""): null

2023-02-15 21:37:26 - [TEST_STEP][PASSED] - selenium.type("name=cvv_state", ""): null

2023-02-15 21:37:26 - [TEST_STEP][PASSED] - selenium.type("name=track_data", ""): null

2023-02-15 21:37:26 - [TEST_STEP][PASSED] - selenium.type("name=track_1_data", ""): null

2023-02-15 21:37:26 - [TEST_STEP][PASSED] - selenium.type("name=track_2_data", ""): null

2023-02-15 21:37:26 - [TEST_STEP][PASSED] - selenium.type("name=entry_mode", "manual"): null

2023-02-15 21:37:26 - [TEST_STEP][PASSED] - selenium.type("name=email", ""): null

2023-02-15 21:37:26 - [TEST_STEP][PASSED] - selenium.type("name=order_number", ""): null

2023-02-15 21:37:26 - [TEST_STEP][PASSED] - selenium.type("name=tax_amount", ""): null

2023-02-15 21:37:26 - [TEST_STEP][PASSED] - selenium.type("name=charge_description", ""): null

2023-02-15 21:37:26 - [TEST_STEP][PASSED] - selenium.type("name=client_account_number", ""): null

2023-02-15 21:37:26 - [TEST_STEP][PASSED] - selenium.type("name=bill_payment_indicator", ""): null

2023-02-15 21:37:26 - [TEST_STEP][PASSED] - selenium.type("name=user_defined1", ""): null

2023-02-15 21:37:26 - [TEST_STEP][PASSED] - selenium.type("name=user_defined2", ""): null

2023-02-15 21:37:26 - [TEST_STEP][PASSED] - selenium.type("name=user_defined3", ""): null

2023-02-15 21:37:26 - [TEST_STEP][PASSED] - selenium.type("name=user_defined4", ""): null

2023-02-15 21:37:26 - [TEST_STEP][PASSED] - selenium.type("name=user_defined5", ""): null

2023-02-15 21:37:26 - [TEST_STEP][PASSED] - selenium.type("name=user_defined6", ""): null

2023-02-15 21:37:26 - [TEST_STEP][PASSED] - selenium.type("name=user_defined7", ""): null

2023-02-15 21:37:26 - [TEST_STEP][PASSED] - selenium.type("name=user_defined8", ""): null

2023-02-15 21:37:26 - [TEST_STEP][PASSED] - selenium.type("name=user_defined9", ""): null

2023-02-15 21:37:26 - [TEST_STEP][PASSED] - selenium.type("name=user_defined10", ""): null

2023-02-15 21:37:26 - [TEST_STEP][PASSED] - selenium.click("css=input[type="submit"]"): null

2023-02-15 21:37:27 - [TEST_STEP][PASSED] - selenium.waitForPageToLoad("30000"): null

2023-02-15 21:37:28 - [TEST_STEP][PASSED] - selenium.selectWindow("null"): null

2023-02-15 21:37:28 - [TEST_STEP][PASSED] - verifyTextPresent("Signon authentication error.", true): Text 'Signon authentication error.' is present on page  using regular expression

2023-02-15 21:37:28 - [MESSAGE][PASSED] - Text 'Signon authentication error.' is present on page  using regular expression]]></system-out>
         <system-err><![CDATA[]]></system-err>
      </testcase>
      <testcase name="Test Cases/VLink/Imported-SelIDE/VLinkXMLTests/IncorrectUsername" time="8.812" classname="Test Cases/VLink/Imported-SelIDE/VLinkXMLTests/IncorrectUsername" status="PASSED">
         <system-out><![CDATA[2023-02-15 21:37:28 - [TEST_CASE][PASSED] - Test Cases/VLink/Imported-SelIDE/VLinkXMLTests/IncorrectUsername: Test Cases/VLink/Imported-SelIDE/VLinkXMLTests/IncorrectUsername

2023-02-15 21:37:28 - [TEST_STEP][PASSED] - softAssertion = new org.testng.asserts.SoftAssert(): null

2023-02-15 21:37:28 - [TEST_STEP][PASSED] - openBrowser("https://www.google.com/"): Browser is opened with url: 'https://www.google.com/'

2023-02-15 21:37:28 - [MESSAGE][WARNING] - A browser is already opened. Closing browser and opening a new one

2023-02-15 21:37:29 - [MESSAGE][INFO] - Starting 'Chrome' driver

2023-02-15 21:37:29 - [MESSAGE][INFO] - User set preference: ['acceptInsecureCerts', 'true']

2023-02-15 21:37:29 - [MESSAGE][INFO] - Action delay is set to 0 milliseconds

2023-02-15 21:37:32 - [MESSAGE][PASSED] - Browser is opened with url: 'https://www.google.com/'

2023-02-15 21:37:32 - [TEST_STEP][PASSED] - driver = getWebDriver(): null

2023-02-15 21:37:32 - [TEST_STEP][PASSED] - baseUrl = "https://www.google.com/": null

2023-02-15 21:37:32 - [TEST_STEP][PASSED] - selenium = new com.thoughtworks.selenium.webdriven.WebDriverBackedSelenium(driver, baseUrl): null

2023-02-15 21:37:32 - [TEST_STEP][PASSED] - selenium.open("https://dev-algorithm.govolution.com/vlinktest/QA/version_2_0/authcap.html"): null

2023-02-15 21:37:32 - [TEST_STEP][PASSED] - selenium.type("name=transaction_type", "104"): null

2023-02-15 21:37:32 - [TEST_STEP][PASSED] - selenium.type("name=message_version", 0C".toString()): null

2023-02-15 21:37:33 - [TEST_STEP][PASSED] - genRemID = RandomStringUtils.random(12, true, true): null

2023-02-15 21:37:33 - [TEST_STEP][PASSED] - setText(findTestObject("Object Repository/RecAndPlayBk/Page-Vlink-AuthOnly/input_Remittance Id_remittance_id"), genRemID): Text 'P8Pbi3HwCA3o' is set on object 'Object Repository/RecAndPlayBk/Page-Vlink-AuthOnly/input_Remittance Id_remittance_id'

2023-02-15 21:37:33 - [MESSAGE][PASSED] - Text 'P8Pbi3HwCA3o' is set on object 'Object Repository/RecAndPlayBk/Page-Vlink-AuthOnly/input_Remittance Id_remittance_id'

2023-02-15 21:37:33 - [TEST_STEP][PASSED] - selenium.type("name=application_id", "180"): null

2023-02-15 21:37:33 - [TEST_STEP][PASSED] - selenium.type("name=username", "hello"): null

2023-02-15 21:37:33 - [TEST_STEP][PASSED] - selenium.type("name=password", "testing"): null

2023-02-15 21:37:33 - [TEST_STEP][PASSED] - selenium.type("name=response_format", "fixed_width"): null

2023-02-15 21:37:34 - [TEST_STEP][PASSED] - selenium.type("name=category", "ECOM"): null

2023-02-15 21:37:34 - [TEST_STEP][PASSED] - selenium.type("name=transaction_id", ""): null

2023-02-15 21:37:34 - [TEST_STEP][PASSED] - selenium.type("name=approval_code", ""): null

2023-02-15 21:37:34 - [TEST_STEP][PASSED] - selenium.type("name=card_name", "John Smith".toString()): null

2023-02-15 21:37:34 - [TEST_STEP][PASSED] - selenium.type("name=card_address", "2311 york road".toString()): null

2023-02-15 21:37:34 - [TEST_STEP][PASSED] - selenium.type("name=card_address2", ""): null

2023-02-15 21:37:34 - [TEST_STEP][PASSED] - selenium.type("name=card_city", "Arlington"): null

2023-02-15 21:37:34 - [TEST_STEP][PASSED] - selenium.type("name=card_state", "VA"): null

2023-02-15 21:37:34 - [TEST_STEP][PASSED] - selenium.type("name=card_zip", "22201"): null

2023-02-15 21:37:34 - [TEST_STEP][PASSED] - selenium.type("name=country_id", ""): null

2023-02-15 21:37:34 - [TEST_STEP][PASSED] - selenium.type("name=amount", 00".toString()): null

2023-02-15 21:37:34 - [TEST_STEP][PASSED] - selenium.type("name=card_number", "4111111111111111"): null

2023-02-15 21:37:34 - [TEST_STEP][PASSED] - selenium.type("name=card_exmo", "12"): null

2023-02-15 21:37:34 - [TEST_STEP][PASSED] - selenium.type("name=card_exyr", "2020"): null

2023-02-15 21:37:34 - [TEST_STEP][PASSED] - selenium.type("name=cvv_data", ""): null

2023-02-15 21:37:34 - [TEST_STEP][PASSED] - selenium.type("name=cvv_state", ""): null

2023-02-15 21:37:34 - [TEST_STEP][PASSED] - selenium.type("name=track_data", ""): null

2023-02-15 21:37:34 - [TEST_STEP][PASSED] - selenium.type("name=track_1_data", ""): null

2023-02-15 21:37:34 - [TEST_STEP][PASSED] - selenium.type("name=track_2_data", ""): null

2023-02-15 21:37:34 - [TEST_STEP][PASSED] - selenium.type("name=entry_mode", "manual"): null

2023-02-15 21:37:34 - [TEST_STEP][PASSED] - selenium.type("name=email", ""): null

2023-02-15 21:37:34 - [TEST_STEP][PASSED] - selenium.type("name=order_number", ""): null

2023-02-15 21:37:35 - [TEST_STEP][PASSED] - selenium.type("name=tax_amount", ""): null

2023-02-15 21:37:35 - [TEST_STEP][PASSED] - selenium.type("name=charge_description", ""): null

2023-02-15 21:37:35 - [TEST_STEP][PASSED] - selenium.type("name=client_account_number", ""): null

2023-02-15 21:37:35 - [TEST_STEP][PASSED] - selenium.type("name=bill_payment_indicator", ""): null

2023-02-15 21:37:35 - [TEST_STEP][PASSED] - selenium.type("name=user_defined1", ""): null

2023-02-15 21:37:35 - [TEST_STEP][PASSED] - selenium.type("name=user_defined2", ""): null

2023-02-15 21:37:35 - [TEST_STEP][PASSED] - selenium.type("name=user_defined3", ""): null

2023-02-15 21:37:35 - [TEST_STEP][PASSED] - selenium.type("name=user_defined4", ""): null

2023-02-15 21:37:35 - [TEST_STEP][PASSED] - selenium.type("name=user_defined5", ""): null

2023-02-15 21:37:35 - [TEST_STEP][PASSED] - selenium.type("name=user_defined6", ""): null

2023-02-15 21:37:35 - [TEST_STEP][PASSED] - selenium.type("name=user_defined7", ""): null

2023-02-15 21:37:35 - [TEST_STEP][PASSED] - selenium.type("name=user_defined8", ""): null

2023-02-15 21:37:35 - [TEST_STEP][PASSED] - selenium.type("name=user_defined9", ""): null

2023-02-15 21:37:35 - [TEST_STEP][PASSED] - selenium.type("name=user_defined10", ""): null

2023-02-15 21:37:35 - [TEST_STEP][PASSED] - selenium.click("css=input[type="submit"]"): null

2023-02-15 21:37:36 - [TEST_STEP][PASSED] - selenium.waitForPageToLoad("30000"): null

2023-02-15 21:37:36 - [TEST_STEP][PASSED] - selenium.selectWindow("null"): null

2023-02-15 21:37:36 - [TEST_STEP][PASSED] - verifyTextPresent("Signon authentication error.", true): Text 'Signon authentication error.' is present on page  using regular expression

2023-02-15 21:37:37 - [MESSAGE][PASSED] - Text 'Signon authentication error.' is present on page  using regular expression]]></system-out>
         <system-err><![CDATA[]]></system-err>
      </testcase>
      <testcase name="Test Cases/VLink/Imported-SelIDE/VLinkXMLTests/IncorrectUsernameAndPassword" time="8.509" classname="Test Cases/VLink/Imported-SelIDE/VLinkXMLTests/IncorrectUsernameAndPassword" status="PASSED">
         <system-out><![CDATA[2023-02-15 21:37:37 - [TEST_CASE][PASSED] - Test Cases/VLink/Imported-SelIDE/VLinkXMLTests/IncorrectUsernameAndPassword: Test Cases/VLink/Imported-SelIDE/VLinkXMLTests/IncorrectUsernameAndPassword

2023-02-15 21:37:37 - [TEST_STEP][PASSED] - softAssertion = new org.testng.asserts.SoftAssert(): null

2023-02-15 21:37:37 - [TEST_STEP][PASSED] - openBrowser("https://www.google.com/"): Browser is opened with url: 'https://www.google.com/'

2023-02-15 21:37:37 - [MESSAGE][WARNING] - A browser is already opened. Closing browser and opening a new one

2023-02-15 21:37:38 - [MESSAGE][INFO] - Starting 'Chrome' driver

2023-02-15 21:37:38 - [MESSAGE][INFO] - User set preference: ['acceptInsecureCerts', 'true']

2023-02-15 21:37:38 - [MESSAGE][INFO] - Action delay is set to 0 milliseconds

2023-02-15 21:37:41 - [MESSAGE][PASSED] - Browser is opened with url: 'https://www.google.com/'

2023-02-15 21:37:41 - [TEST_STEP][PASSED] - driver = getWebDriver(): null

2023-02-15 21:37:41 - [TEST_STEP][PASSED] - baseUrl = "https://www.google.com/": null

2023-02-15 21:37:41 - [TEST_STEP][PASSED] - selenium = new com.thoughtworks.selenium.webdriven.WebDriverBackedSelenium(driver, baseUrl): null

2023-02-15 21:37:41 - [TEST_STEP][PASSED] - selenium.open("https://dev-algorithm.govolution.com/vlinktest/QA/version_2_0/authcap.html"): null

2023-02-15 21:37:41 - [TEST_STEP][PASSED] - selenium.type("name=transaction_type", "104"): null

2023-02-15 21:37:41 - [TEST_STEP][PASSED] - selenium.type("name=message_version", 0C".toString()): null

2023-02-15 21:37:41 - [TEST_STEP][PASSED] - genRemID = RandomStringUtils.random(12, true, true): null

2023-02-15 21:37:41 - [TEST_STEP][PASSED] - setText(findTestObject("Object Repository/RecAndPlayBk/Page-Vlink-AuthOnly/input_Remittance Id_remittance_id"), genRemID): Text 'zhwCmsPb47u9' is set on object 'Object Repository/RecAndPlayBk/Page-Vlink-AuthOnly/input_Remittance Id_remittance_id'

2023-02-15 21:37:42 - [MESSAGE][PASSED] - Text 'zhwCmsPb47u9' is set on object 'Object Repository/RecAndPlayBk/Page-Vlink-AuthOnly/input_Remittance Id_remittance_id'

2023-02-15 21:37:42 - [TEST_STEP][PASSED] - selenium.type("name=application_id", "180"): null

2023-02-15 21:37:42 - [TEST_STEP][PASSED] - selenium.type("name=username", "hello"): null

2023-02-15 21:37:42 - [TEST_STEP][PASSED] - selenium.type("name=password", "world"): null

2023-02-15 21:37:42 - [TEST_STEP][PASSED] - selenium.type("name=response_format", "fixed_width"): null

2023-02-15 21:37:42 - [TEST_STEP][PASSED] - selenium.type("name=category", "ECOM"): null

2023-02-15 21:37:42 - [TEST_STEP][PASSED] - selenium.type("name=transaction_id", ""): null

2023-02-15 21:37:42 - [TEST_STEP][PASSED] - selenium.type("name=approval_code", ""): null

2023-02-15 21:37:42 - [TEST_STEP][PASSED] - selenium.type("name=card_name", "John Smith".toString()): null

2023-02-15 21:37:42 - [TEST_STEP][PASSED] - selenium.type("name=card_address", "2311 york road".toString()): null

2023-02-15 21:37:42 - [TEST_STEP][PASSED] - selenium.type("name=card_address2", ""): null

2023-02-15 21:37:42 - [TEST_STEP][PASSED] - selenium.type("name=card_city", "Arlington"): null

2023-02-15 21:37:43 - [TEST_STEP][PASSED] - selenium.type("name=card_state", "VA"): null

2023-02-15 21:37:43 - [TEST_STEP][PASSED] - selenium.type("name=card_zip", "22201"): null

2023-02-15 21:37:43 - [TEST_STEP][PASSED] - selenium.type("name=country_id", ""): null

2023-02-15 21:37:43 - [TEST_STEP][PASSED] - selenium.type("name=amount", 00".toString()): null

2023-02-15 21:37:43 - [TEST_STEP][PASSED] - selenium.type("name=card_number", "4111111111111111"): null

2023-02-15 21:37:43 - [TEST_STEP][PASSED] - selenium.type("name=card_exmo", "12"): null

2023-02-15 21:37:43 - [TEST_STEP][PASSED] - selenium.type("name=card_exyr", "2020"): null

2023-02-15 21:37:43 - [TEST_STEP][PASSED] - selenium.type("name=cvv_data", ""): null

2023-02-15 21:37:43 - [TEST_STEP][PASSED] - selenium.type("name=cvv_state", ""): null

2023-02-15 21:37:43 - [TEST_STEP][PASSED] - selenium.type("name=track_data", ""): null

2023-02-15 21:37:43 - [TEST_STEP][PASSED] - selenium.type("name=track_1_data", ""): null

2023-02-15 21:37:43 - [TEST_STEP][PASSED] - selenium.type("name=track_2_data", ""): null

2023-02-15 21:37:43 - [TEST_STEP][PASSED] - selenium.type("name=entry_mode", "manual"): null

2023-02-15 21:37:43 - [TEST_STEP][PASSED] - selenium.type("name=email", ""): null

2023-02-15 21:37:43 - [TEST_STEP][PASSED] - selenium.type("name=order_number", ""): null

2023-02-15 21:37:43 - [TEST_STEP][PASSED] - selenium.type("name=tax_amount", ""): null

2023-02-15 21:37:43 - [TEST_STEP][PASSED] - selenium.type("name=charge_description", ""): null

2023-02-15 21:37:43 - [TEST_STEP][PASSED] - selenium.type("name=client_account_number", ""): null

2023-02-15 21:37:43 - [TEST_STEP][PASSED] - selenium.type("name=bill_payment_indicator", ""): null

2023-02-15 21:37:43 - [TEST_STEP][PASSED] - selenium.type("name=user_defined1", ""): null

2023-02-15 21:37:43 - [TEST_STEP][PASSED] - selenium.type("name=user_defined2", ""): null

2023-02-15 21:37:43 - [TEST_STEP][PASSED] - selenium.type("name=user_defined3", ""): null

2023-02-15 21:37:43 - [TEST_STEP][PASSED] - selenium.type("name=user_defined4", ""): null

2023-02-15 21:37:44 - [TEST_STEP][PASSED] - selenium.type("name=user_defined5", ""): null

2023-02-15 21:37:44 - [TEST_STEP][PASSED] - selenium.type("name=user_defined6", ""): null

2023-02-15 21:37:44 - [TEST_STEP][PASSED] - selenium.type("name=user_defined7", ""): null

2023-02-15 21:37:44 - [TEST_STEP][PASSED] - selenium.type("name=user_defined8", ""): null

2023-02-15 21:37:44 - [TEST_STEP][PASSED] - selenium.type("name=user_defined9", ""): null

2023-02-15 21:37:44 - [TEST_STEP][PASSED] - selenium.type("name=user_defined10", ""): null

2023-02-15 21:37:44 - [TEST_STEP][PASSED] - selenium.click("css=input[type="submit"]"): null

2023-02-15 21:37:44 - [TEST_STEP][PASSED] - selenium.waitForPageToLoad("30000"): null

2023-02-15 21:37:45 - [TEST_STEP][PASSED] - selenium.selectWindow("null"): null

2023-02-15 21:37:45 - [TEST_STEP][PASSED] - verifyTextPresent("Signon authentication error", true): Text 'Signon authentication error' is present on page  using regular expression

2023-02-15 21:37:45 - [MESSAGE][PASSED] - Text 'Signon authentication error' is present on page  using regular expression]]></system-out>
         <system-err><![CDATA[]]></system-err>
      </testcase>
      <testcase name="Test Cases/VLink/Imported-SelIDE/VLinkXMLTests/MissingUsernameAndPassword" time="8.373" classname="Test Cases/VLink/Imported-SelIDE/VLinkXMLTests/MissingUsernameAndPassword" status="PASSED">
         <system-out><![CDATA[2023-02-15 21:37:45 - [TEST_CASE][PASSED] - Test Cases/VLink/Imported-SelIDE/VLinkXMLTests/MissingUsernameAndPassword: Test Cases/VLink/Imported-SelIDE/VLinkXMLTests/MissingUsernameAndPassword

2023-02-15 21:37:46 - [TEST_STEP][PASSED] - softAssertion = new org.testng.asserts.SoftAssert(): null

2023-02-15 21:37:46 - [TEST_STEP][PASSED] - openBrowser("https://www.google.com/"): Browser is opened with url: 'https://www.google.com/'

2023-02-15 21:37:46 - [MESSAGE][WARNING] - A browser is already opened. Closing browser and opening a new one

2023-02-15 21:37:46 - [MESSAGE][INFO] - Starting 'Chrome' driver

2023-02-15 21:37:46 - [MESSAGE][INFO] - User set preference: ['acceptInsecureCerts', 'true']

2023-02-15 21:37:46 - [MESSAGE][INFO] - Action delay is set to 0 milliseconds

2023-02-15 21:37:49 - [MESSAGE][PASSED] - Browser is opened with url: 'https://www.google.com/'

2023-02-15 21:37:49 - [TEST_STEP][PASSED] - driver = getWebDriver(): null

2023-02-15 21:37:49 - [TEST_STEP][PASSED] - baseUrl = "https://www.google.com/": null

2023-02-15 21:37:49 - [TEST_STEP][PASSED] - selenium = new com.thoughtworks.selenium.webdriven.WebDriverBackedSelenium(driver, baseUrl): null

2023-02-15 21:37:49 - [TEST_STEP][PASSED] - selenium.open("https://dev-algorithm.govolution.com/vlinktest/QA/version_2_0/authcap.html"): null

2023-02-15 21:37:50 - [TEST_STEP][PASSED] - selenium.type("name=transaction_type", "104"): null

2023-02-15 21:37:50 - [TEST_STEP][PASSED] - selenium.type("name=message_version", 0C".toString()): null

2023-02-15 21:37:50 - [TEST_STEP][PASSED] - genRemID = RandomStringUtils.random(12, true, true): null

2023-02-15 21:37:50 - [TEST_STEP][PASSED] - setText(findTestObject("Object Repository/RecAndPlayBk/Page-Vlink-AuthOnly/input_Remittance Id_remittance_id"), genRemID): Text 'gRcRSdx1I7tt' is set on object 'Object Repository/RecAndPlayBk/Page-Vlink-AuthOnly/input_Remittance Id_remittance_id'

2023-02-15 21:37:50 - [MESSAGE][PASSED] - Text 'gRcRSdx1I7tt' is set on object 'Object Repository/RecAndPlayBk/Page-Vlink-AuthOnly/input_Remittance Id_remittance_id'

2023-02-15 21:37:50 - [TEST_STEP][PASSED] - selenium.type("name=application_id", "180"): null

2023-02-15 21:37:50 - [TEST_STEP][PASSED] - selenium.type("name=username", ""): null

2023-02-15 21:37:50 - [TEST_STEP][PASSED] - selenium.type("name=password", ""): null

2023-02-15 21:37:50 - [TEST_STEP][PASSED] - selenium.type("name=response_format", "fixed_width"): null

2023-02-15 21:37:50 - [TEST_STEP][PASSED] - selenium.type("name=category", "ECOM"): null

2023-02-15 21:37:51 - [TEST_STEP][PASSED] - selenium.type("name=transaction_id", ""): null

2023-02-15 21:37:51 - [TEST_STEP][PASSED] - selenium.type("name=approval_code", ""): null

2023-02-15 21:37:51 - [TEST_STEP][PASSED] - selenium.type("name=card_name", "John Smith".toString()): null

2023-02-15 21:37:51 - [TEST_STEP][PASSED] - selenium.type("name=card_address", "2311 york road".toString()): null

2023-02-15 21:37:51 - [TEST_STEP][PASSED] - selenium.type("name=card_address2", ""): null

2023-02-15 21:37:51 - [TEST_STEP][PASSED] - selenium.type("name=card_city", "Arlington"): null

2023-02-15 21:37:51 - [TEST_STEP][PASSED] - selenium.type("name=card_state", "VA"): null

2023-02-15 21:37:51 - [TEST_STEP][PASSED] - selenium.type("name=card_zip", "22201"): null

2023-02-15 21:37:51 - [TEST_STEP][PASSED] - selenium.type("name=country_id", ""): null

2023-02-15 21:37:51 - [TEST_STEP][PASSED] - selenium.type("name=amount", 00".toString()): null

2023-02-15 21:37:51 - [TEST_STEP][PASSED] - selenium.type("name=card_number", "4111111111111111"): null

2023-02-15 21:37:51 - [TEST_STEP][PASSED] - selenium.type("name=card_exmo", "12"): null

2023-02-15 21:37:51 - [TEST_STEP][PASSED] - selenium.type("name=card_exyr", "2020"): null

2023-02-15 21:37:51 - [TEST_STEP][PASSED] - selenium.type("name=cvv_data", ""): null

2023-02-15 21:37:51 - [TEST_STEP][PASSED] - selenium.type("name=cvv_state", ""): null

2023-02-15 21:37:51 - [TEST_STEP][PASSED] - selenium.type("name=track_data", ""): null

2023-02-15 21:37:51 - [TEST_STEP][PASSED] - selenium.type("name=track_1_data", ""): null

2023-02-15 21:37:51 - [TEST_STEP][PASSED] - selenium.type("name=track_2_data", ""): null

2023-02-15 21:37:51 - [TEST_STEP][PASSED] - selenium.type("name=entry_mode", "manual"): null

2023-02-15 21:37:51 - [TEST_STEP][PASSED] - selenium.type("name=email", ""): null

2023-02-15 21:37:51 - [TEST_STEP][PASSED] - selenium.type("name=order_number", ""): null

2023-02-15 21:37:51 - [TEST_STEP][PASSED] - selenium.type("name=tax_amount", ""): null

2023-02-15 21:37:52 - [TEST_STEP][PASSED] - selenium.type("name=charge_description", ""): null

2023-02-15 21:37:52 - [TEST_STEP][PASSED] - selenium.type("name=client_account_number", ""): null

2023-02-15 21:37:52 - [TEST_STEP][PASSED] - selenium.type("name=bill_payment_indicator", ""): null

2023-02-15 21:37:52 - [TEST_STEP][PASSED] - selenium.type("name=user_defined1", ""): null

2023-02-15 21:37:52 - [TEST_STEP][PASSED] - selenium.type("name=user_defined2", ""): null

2023-02-15 21:37:52 - [TEST_STEP][PASSED] - selenium.type("name=user_defined3", ""): null

2023-02-15 21:37:52 - [TEST_STEP][PASSED] - selenium.type("name=user_defined4", ""): null

2023-02-15 21:37:52 - [TEST_STEP][PASSED] - selenium.type("name=user_defined5", ""): null

2023-02-15 21:37:52 - [TEST_STEP][PASSED] - selenium.type("name=user_defined6", ""): null

2023-02-15 21:37:52 - [TEST_STEP][PASSED] - selenium.type("name=user_defined7", ""): null

2023-02-15 21:37:52 - [TEST_STEP][PASSED] - selenium.type("name=user_defined8", ""): null

2023-02-15 21:37:52 - [TEST_STEP][PASSED] - selenium.type("name=user_defined9", ""): null

2023-02-15 21:37:52 - [TEST_STEP][PASSED] - selenium.type("name=user_defined10", ""): null

2023-02-15 21:37:52 - [TEST_STEP][PASSED] - selenium.click("css=input[type="submit"]"): null

2023-02-15 21:37:53 - [TEST_STEP][PASSED] - selenium.waitForPageToLoad("30000"): null

2023-02-15 21:37:53 - [TEST_STEP][PASSED] - selenium.selectWindow("null"): null

2023-02-15 21:37:53 - [TEST_STEP][PASSED] - verifyTextPresent("Signon authentication error", true): Text 'Signon authentication error' is present on page  using regular expression

2023-02-15 21:37:54 - [MESSAGE][PASSED] - Text 'Signon authentication error' is present on page  using regular expression]]></system-out>
         <system-err><![CDATA[]]></system-err>
      </testcase>
      <testcase name="Test Cases/VLink/Imported-SelIDE/VLinkXMLTests/SaleCreditRemIDPipe" time="11.698" classname="Test Cases/VLink/Imported-SelIDE/VLinkXMLTests/SaleCreditRemIDPipe" status="PASSED">
         <system-out><![CDATA[2023-02-15 21:37:54 - [TEST_CASE][PASSED] - Test Cases/VLink/Imported-SelIDE/VLinkXMLTests/SaleCreditRemIDPipe: Test Cases/VLink/Imported-SelIDE/VLinkXMLTests/SaleCreditRemIDPipe

2023-02-15 21:37:54 - [TEST_STEP][PASSED] - softAssertion = new org.testng.asserts.SoftAssert(): null

2023-02-15 21:37:54 - [TEST_STEP][PASSED] - openBrowser("https://www.google.com/"): Browser is opened with url: 'https://www.google.com/'

2023-02-15 21:37:54 - [MESSAGE][WARNING] - A browser is already opened. Closing browser and opening a new one

2023-02-15 21:37:55 - [MESSAGE][INFO] - Starting 'Chrome' driver

2023-02-15 21:37:55 - [MESSAGE][INFO] - User set preference: ['acceptInsecureCerts', 'true']

2023-02-15 21:37:55 - [MESSAGE][INFO] - Action delay is set to 0 milliseconds

2023-02-15 21:37:57 - [MESSAGE][PASSED] - Browser is opened with url: 'https://www.google.com/'

2023-02-15 21:37:57 - [TEST_STEP][PASSED] - driver = getWebDriver(): null

2023-02-15 21:37:57 - [TEST_STEP][PASSED] - baseUrl = "https://www.google.com/": null

2023-02-15 21:37:57 - [TEST_STEP][PASSED] - selenium = new com.thoughtworks.selenium.webdriven.WebDriverBackedSelenium(driver, baseUrl): null

2023-02-15 21:37:57 - [TEST_STEP][PASSED] - ran1 = random() * 99999)").toInteger(): null

2023-02-15 21:37:58 - [TEST_STEP][PASSED] - println(ran1): null

2023-02-15 21:37:58 - [TEST_STEP][PASSED] - ran2 = random() * 999)").toInteger(): null

2023-02-15 21:37:58 - [TEST_STEP][PASSED] - println(ran2): null

2023-02-15 21:37:58 - [TEST_STEP][PASSED] - ran3 = random() * 9999)").toInteger(): null

2023-02-15 21:37:58 - [TEST_STEP][PASSED] - println(ran3): null

2023-02-15 21:37:58 - [TEST_STEP][PASSED] - println(ran1 + "|" + ran2 + "|" + ran3): null

2023-02-15 21:37:58 - [TEST_STEP][PASSED] - selenium.open("https://dev-algorithm.govolution.com/vlinktest/QA/version_2_0/authcap.html"): null

2023-02-15 21:37:58 - [TEST_STEP][PASSED] - selenium.type("name=transaction_type", "104"): null

2023-02-15 21:37:58 - [TEST_STEP][PASSED] - selenium.type("name=message_version", 0C".toString()): null

2023-02-15 21:37:58 - [TEST_STEP][PASSED] - selenium.type("name=remittance_id", ran1 + "|" + ran2 + "|" + ran3.toString()): null

2023-02-15 21:37:58 - [TEST_STEP][PASSED] - selenium.type("name=application_id", "234"): null

2023-02-15 21:37:58 - [TEST_STEP][PASSED] - selenium.type("name=username", "username"): null

2023-02-15 21:37:58 - [TEST_STEP][PASSED] - selenium.type("name=password", "password"): null

2023-02-15 21:37:58 - [TEST_STEP][PASSED] - selenium.type("name=response_format", "fixed_width"): null

2023-02-15 21:37:58 - [TEST_STEP][PASSED] - selenium.type("name=category", "ECOM"): null

2023-02-15 21:37:58 - [TEST_STEP][PASSED] - selenium.type("name=transaction_id", ""): null

2023-02-15 21:37:58 - [TEST_STEP][PASSED] - selenium.type("name=approval_code", ""): null

2023-02-15 21:37:58 - [TEST_STEP][PASSED] - selenium.type("name=card_name", "Jim Corbett".toString()): null

2023-02-15 21:37:58 - [TEST_STEP][PASSED] - selenium.type("name=card_address", "2311 york road".toString()): null

2023-02-15 21:37:59 - [TEST_STEP][PASSED] - selenium.type("name=card_address2", ""): null

2023-02-15 21:37:59 - [TEST_STEP][PASSED] - selenium.type("name=card_city", "Arlington"): null

2023-02-15 21:37:59 - [TEST_STEP][PASSED] - selenium.type("name=card_state", "VA"): null

2023-02-15 21:37:59 - [TEST_STEP][PASSED] - selenium.type("name=card_zip", "22201"): null

2023-02-15 21:37:59 - [TEST_STEP][PASSED] - selenium.type("name=country_id", ""): null

2023-02-15 21:37:59 - [TEST_STEP][PASSED] - selenium.type("name=amount", 50".toString()): null

2023-02-15 21:37:59 - [TEST_STEP][PASSED] - selenium.type("name=card_number", "4111111111111111"): null

2023-02-15 21:37:59 - [TEST_STEP][PASSED] - selenium.type("name=card_exmo", "12"): null

2023-02-15 21:37:59 - [TEST_STEP][PASSED] - selenium.type("name=card_exyr", "2025"): null

2023-02-15 21:37:59 - [TEST_STEP][PASSED] - selenium.type("name=cvv_data", ""): null

2023-02-15 21:37:59 - [TEST_STEP][PASSED] - selenium.type("name=cvv_state", ""): null

2023-02-15 21:37:59 - [TEST_STEP][PASSED] - selenium.type("name=track_data", ""): null

2023-02-15 21:37:59 - [TEST_STEP][PASSED] - selenium.type("name=track_1_data", ""): null

2023-02-15 21:37:59 - [TEST_STEP][PASSED] - selenium.type("name=track_2_data", ""): null

2023-02-15 21:37:59 - [TEST_STEP][PASSED] - selenium.type("name=entry_mode", "manual"): null

2023-02-15 21:37:59 - [TEST_STEP][PASSED] - selenium.type("name=email", ""): null

2023-02-15 21:37:59 - [TEST_STEP][PASSED] - selenium.type("name=order_number", ""): null

2023-02-15 21:37:59 - [TEST_STEP][PASSED] - selenium.type("name=tax_amount", ""): null

2023-02-15 21:37:59 - [TEST_STEP][PASSED] - selenium.type("name=charge_description", ""): null

2023-02-15 21:37:59 - [TEST_STEP][PASSED] - selenium.type("name=client_account_number", ""): null

2023-02-15 21:37:59 - [TEST_STEP][PASSED] - selenium.type("name=bill_payment_indicator", ""): null

2023-02-15 21:37:59 - [TEST_STEP][PASSED] - selenium.type("name=user_defined1", ""): null

2023-02-15 21:37:59 - [TEST_STEP][PASSED] - selenium.type("name=user_defined2", ""): null

2023-02-15 21:38:00 - [TEST_STEP][PASSED] - selenium.type("name=user_defined3", ""): null

2023-02-15 21:38:00 - [TEST_STEP][PASSED] - selenium.type("name=user_defined4", ""): null

2023-02-15 21:38:00 - [TEST_STEP][PASSED] - selenium.type("name=user_defined5", ""): null

2023-02-15 21:38:00 - [TEST_STEP][PASSED] - selenium.type("name=user_defined6", ""): null

2023-02-15 21:38:00 - [TEST_STEP][PASSED] - selenium.type("name=user_defined7", ""): null

2023-02-15 21:38:00 - [TEST_STEP][PASSED] - selenium.type("name=user_defined8", ""): null

2023-02-15 21:38:00 - [TEST_STEP][PASSED] - selenium.type("name=user_defined9", ""): null

2023-02-15 21:38:00 - [TEST_STEP][PASSED] - selenium.type("name=user_defined10", ""): null

2023-02-15 21:38:00 - [TEST_STEP][PASSED] - selenium.click("css=input[type="submit"]"): null

2023-02-15 21:38:01 - [TEST_STEP][PASSED] - selenium.waitForPageToLoad("30000"): null

2023-02-15 21:38:01 - [TEST_STEP][PASSED] - verifyTextPresent("Transaction approved, no errors", true): Text 'Transaction approved, no errors' is present on page  using regular expression

2023-02-15 21:38:02 - [MESSAGE][PASSED] - Text 'Transaction approved, no errors' is present on page  using regular expression

2023-02-15 21:38:02 - [TEST_STEP][PASSED] - resText = selenium.getText("css=pre"): null

2023-02-15 21:38:02 - [TEST_STEP][PASSED] - println(resText): null

2023-02-15 21:38:02 - [TEST_STEP][PASSED] - tranID = substring(35, 44).trim(): null

2023-02-15 21:38:02 - [TEST_STEP][PASSED] - println(tranID): null

2023-02-15 21:38:02 - [TEST_STEP][PASSED] - selenium.open("https://dev-algorithm.govolution.com/vlinktest/QA/version_2_0/CC_credit.html"): null

2023-02-15 21:38:02 - [TEST_STEP][PASSED] - selenium.type("name=transaction_type", "103"): null

2023-02-15 21:38:02 - [TEST_STEP][PASSED] - selenium.type("name=message_version", 0C".toString()): null

2023-02-15 21:38:02 - [TEST_STEP][PASSED] - selenium.type("name=remittance_id", ran1 + "|" + ran2 + "|" + ran3.toString()): null

2023-02-15 21:38:02 - [TEST_STEP][PASSED] - selenium.type("name=application_id", "234"): null

2023-02-15 21:38:02 - [TEST_STEP][PASSED] - selenium.type("name=username", "username"): null

2023-02-15 21:38:02 - [TEST_STEP][PASSED] - selenium.type("name=password", "password"): null

2023-02-15 21:38:02 - [TEST_STEP][PASSED] - selenium.type("name=transaction_id", tranID): null

2023-02-15 21:38:02 - [TEST_STEP][PASSED] - selenium.type("name=response_format", "fixed_width"): null

2023-02-15 21:38:03 - [TEST_STEP][PASSED] - selenium.type("name=amount", 50".toString()): null

2023-02-15 21:38:03 - [TEST_STEP][PASSED] - selenium.type("name=order_number", ""): null

2023-02-15 21:38:03 - [TEST_STEP][PASSED] - selenium.type("name=tax_amount", ""): null

2023-02-15 21:38:03 - [TEST_STEP][PASSED] - selenium.type("name=charge_description", ""): null

2023-02-15 21:38:03 - [TEST_STEP][PASSED] - selenium.type("name=card_number", ""): null

2023-02-15 21:38:03 - [TEST_STEP][PASSED] - selenium.type("name=card_exmo", ""): null

2023-02-15 21:38:03 - [TEST_STEP][PASSED] - selenium.type("name=card_exyr", ""): null

2023-02-15 21:38:03 - [TEST_STEP][PASSED] - selenium.type("name=track_data", ""): null

2023-02-15 21:38:03 - [TEST_STEP][PASSED] - selenium.type("name=track_1_data", ""): null

2023-02-15 21:38:03 - [TEST_STEP][PASSED] - selenium.type("name=track_2_data", ""): null

2023-02-15 21:38:03 - [TEST_STEP][PASSED] - selenium.type("name=category", ""): null

2023-02-15 21:38:03 - [TEST_STEP][PASSED] - selenium.type("name=client_account_number", ""): null

2023-02-15 21:38:03 - [TEST_STEP][PASSED] - selenium.click("css=input[type="submit"]"): null

2023-02-15 21:38:04 - [TEST_STEP][PASSED] - selenium.waitForPageToLoad("30000"): null

2023-02-15 21:38:05 - [TEST_STEP][PASSED] - verifyTextPresent("Transaction approved, no errors", true): Text 'Transaction approved, no errors' is present on page  using regular expression

2023-02-15 21:38:05 - [MESSAGE][PASSED] - Text 'Transaction approved, no errors' is present on page  using regular expression

2023-02-15 21:38:05 - [TEST_STEP][PASSED] - resTextVoid = selenium.getText("css=pre"): null

2023-02-15 21:38:05 - [TEST_STEP][PASSED] - println(resTextVoid): null

2023-02-15 21:38:05 - [TEST_STEP][PASSED] - tranIDVoid = selenium.getEval(" var ran1 = "" + ran1 + "";var ran2 = "" + ran2 + "";var ran3 = "" + ran3 + "";var resText = "" + resText + "";var tranID = "" + tranID + "";var resTextVoid = "" + resTextVoid + "";var storedVars = { 'ran1': ran1,'ran2': ran2,'ran3': ran3,'resText': resText,'tranID': tranID,'resTextVoid': resTextVoid }; " + "storedVars['resTextVoid'].substring(19,28).trim()"): null

2023-02-15 21:38:05 - [TEST_STEP][PASSED] - println(tranIDVoid): null]]></system-out>
         <system-err><![CDATA[]]></system-err>
      </testcase>
      <testcase name="Test Cases/VLink/Imported-SelIDE/VLinkXMLTests/UnencryptedRemIDPipe" time="8.536" classname="Test Cases/VLink/Imported-SelIDE/VLinkXMLTests/UnencryptedRemIDPipe" status="PASSED">
         <system-out><![CDATA[2023-02-15 21:38:05 - [TEST_CASE][PASSED] - Test Cases/VLink/Imported-SelIDE/VLinkXMLTests/UnencryptedRemIDPipe: Test Cases/VLink/Imported-SelIDE/VLinkXMLTests/UnencryptedRemIDPipe

2023-02-15 21:38:06 - [TEST_STEP][PASSED] - softAssertion = new org.testng.asserts.SoftAssert(): null

2023-02-15 21:38:06 - [TEST_STEP][PASSED] - openBrowser("https://www.google.com/"): Browser is opened with url: 'https://www.google.com/'

2023-02-15 21:38:06 - [MESSAGE][WARNING] - A browser is already opened. Closing browser and opening a new one

2023-02-15 21:38:06 - [MESSAGE][INFO] - Starting 'Chrome' driver

2023-02-15 21:38:06 - [MESSAGE][INFO] - User set preference: ['acceptInsecureCerts', 'true']

2023-02-15 21:38:06 - [MESSAGE][INFO] - Action delay is set to 0 milliseconds

2023-02-15 21:38:09 - [MESSAGE][PASSED] - Browser is opened with url: 'https://www.google.com/'

2023-02-15 21:38:09 - [TEST_STEP][PASSED] - driver = getWebDriver(): null

2023-02-15 21:38:09 - [TEST_STEP][PASSED] - baseUrl = "https://www.google.com/": null

2023-02-15 21:38:09 - [TEST_STEP][PASSED] - selenium = new com.thoughtworks.selenium.webdriven.WebDriverBackedSelenium(driver, baseUrl): null

2023-02-15 21:38:09 - [TEST_STEP][PASSED] - ran1 = random() * 99999)").toInteger(): null

2023-02-15 21:38:09 - [TEST_STEP][PASSED] - println(ran1): null

2023-02-15 21:38:09 - [TEST_STEP][PASSED] - ran2 = random() * 999)").toInteger(): null

2023-02-15 21:38:09 - [TEST_STEP][PASSED] - println(ran2): null

2023-02-15 21:38:09 - [TEST_STEP][PASSED] - ran3 = random() * 9999)").toInteger(): null

2023-02-15 21:38:09 - [TEST_STEP][PASSED] - println(ran3): null

2023-02-15 21:38:09 - [TEST_STEP][PASSED] - println(ran1 + "|" + ran2 + "|" + ran3): null

2023-02-15 21:38:09 - [TEST_STEP][PASSED] - selenium.open("https://dev-algorithm.govolution.com/vlinktest/QA/version_2_0/authcap.html"): null

2023-02-15 21:38:09 - [TEST_STEP][PASSED] - selenium.type("name=transaction_type", "104"): null

2023-02-15 21:38:10 - [TEST_STEP][PASSED] - selenium.type("name=message_version", 0C".toString()): null

2023-02-15 21:38:10 - [TEST_STEP][PASSED] - selenium.type("name=remittance_id", ran1 + "|" + ran2 + "|" + ran3.toString()): null

2023-02-15 21:38:10 - [TEST_STEP][PASSED] - selenium.type("name=application_id", "234"): null

2023-02-15 21:38:10 - [TEST_STEP][PASSED] - selenium.type("name=username", "username"): null

2023-02-15 21:38:10 - [TEST_STEP][PASSED] - selenium.type("name=password", "password"): null

2023-02-15 21:38:10 - [TEST_STEP][PASSED] - selenium.type("name=response_format", "fixed_width"): null

2023-02-15 21:38:10 - [TEST_STEP][PASSED] - selenium.type("name=category", "RETL"): null

2023-02-15 21:38:10 - [TEST_STEP][PASSED] - selenium.type("name=transaction_id", ""): null

2023-02-15 21:38:10 - [TEST_STEP][PASSED] - selenium.type("name=approval_code", ""): null

2023-02-15 21:38:10 - [TEST_STEP][PASSED] - selenium.type("name=card_name", "Jon Latham".toString()): null

2023-02-15 21:38:10 - [TEST_STEP][PASSED] - selenium.type("name=card_address", "2311 york road".toString()): null

2023-02-15 21:38:10 - [TEST_STEP][PASSED] - selenium.type("name=card_address2", ""): null

2023-02-15 21:38:10 - [TEST_STEP][PASSED] - selenium.type("name=card_city", "Arlington"): null

2023-02-15 21:38:10 - [TEST_STEP][PASSED] - selenium.type("name=card_state", "VA"): null

2023-02-15 21:38:10 - [TEST_STEP][PASSED] - selenium.type("name=card_zip", "22201"): null

2023-02-15 21:38:10 - [TEST_STEP][PASSED] - selenium.type("name=country_id", ""): null

2023-02-15 21:38:10 - [TEST_STEP][PASSED] - selenium.type("name=amount", 00".toString()): null

2023-02-15 21:38:10 - [TEST_STEP][PASSED] - selenium.type("name=card_number", ""): null

2023-02-15 21:38:11 - [TEST_STEP][PASSED] - selenium.type("name=card_exmo", ""): null

2023-02-15 21:38:11 - [TEST_STEP][PASSED] - selenium.type("name=card_exyr", ""): null

2023-02-15 21:38:11 - [TEST_STEP][PASSED] - selenium.type("name=cvv_data", ""): null

2023-02-15 21:38:11 - [TEST_STEP][PASSED] - selenium.type("name=cvv_state", ""): null

2023-02-15 21:38:11 - [TEST_STEP][PASSED] - selenium.type("name=track_data", "%B4012000033330026^FDMS TEST CARD&nbsp;&nbsp;&nbsp;/VISA^251210054321000000000000000&nbsp;&nbsp;150&nbsp;&nbsp;A?;4012000033330026=25121011000012345678?".toString()): null

2023-02-15 21:38:11 - [TEST_STEP][PASSED] - selenium.type("name=track_1_data", ""): null

2023-02-15 21:38:11 - [TEST_STEP][PASSED] - selenium.type("name=track_2_data", ""): null

2023-02-15 21:38:11 - [TEST_STEP][PASSED] - selenium.type("name=entry_mode", "track"): null

2023-02-15 21:38:11 - [TEST_STEP][PASSED] - selenium.type("name=email", ""): null

2023-02-15 21:38:11 - [TEST_STEP][PASSED] - selenium.type("name=order_number", ""): null

2023-02-15 21:38:11 - [TEST_STEP][PASSED] - selenium.type("name=tax_amount", ""): null

2023-02-15 21:38:11 - [TEST_STEP][PASSED] - selenium.type("name=charge_description", ""): null

2023-02-15 21:38:11 - [TEST_STEP][PASSED] - selenium.type("name=client_account_number", ""): null

2023-02-15 21:38:11 - [TEST_STEP][PASSED] - selenium.type("name=bill_payment_indicator", ""): null

2023-02-15 21:38:11 - [TEST_STEP][PASSED] - selenium.type("name=user_defined1", ""): null

2023-02-15 21:38:11 - [TEST_STEP][PASSED] - selenium.type("name=user_defined2", ""): null

2023-02-15 21:38:11 - [TEST_STEP][PASSED] - selenium.type("name=user_defined3", ""): null

2023-02-15 21:38:11 - [TEST_STEP][PASSED] - selenium.type("name=user_defined4", ""): null

2023-02-15 21:38:11 - [TEST_STEP][PASSED] - selenium.type("name=user_defined5", ""): null

2023-02-15 21:38:11 - [TEST_STEP][PASSED] - selenium.type("name=user_defined6", ""): null

2023-02-15 21:38:11 - [TEST_STEP][PASSED] - selenium.type("name=user_defined7", ""): null

2023-02-15 21:38:11 - [TEST_STEP][PASSED] - selenium.type("name=user_defined8", ""): null

2023-02-15 21:38:11 - [TEST_STEP][PASSED] - selenium.type("name=user_defined9", ""): null

2023-02-15 21:38:12 - [TEST_STEP][PASSED] - selenium.type("name=user_defined10", ""): null

2023-02-15 21:38:12 - [TEST_STEP][PASSED] - selenium.click("css=input[type="submit"]"): null

2023-02-15 21:38:13 - [TEST_STEP][PASSED] - selenium.waitForPageToLoad("30000"): null

2023-02-15 21:38:13 - [TEST_STEP][PASSED] - softAssertion.assertEquals(selenium.isTextPresent("Transaction approved, no errors"), true): null

2023-02-15 21:38:13 - [TEST_STEP][PASSED] - verifyTextPresent("Transaction approved, no errors", true): Text 'Transaction approved, no errors' is present on page  using regular expression

2023-02-15 21:38:13 - [MESSAGE][PASSED] - Text 'Transaction approved, no errors' is present on page  using regular expression

2023-02-15 21:38:13 - [TEST_STEP][PASSED] - resText = selenium.getText("css=pre"): null

2023-02-15 21:38:14 - [TEST_STEP][PASSED] - println(resText): null

2023-02-15 21:38:14 - [TEST_STEP][PASSED] - tranID = selenium.getEval(" var ran1 = "" + ran1 + "";var ran2 = "" + ran2 + "";var ran3 = "" + ran3 + "";var resText = "" + resText + "";var storedVars = { 'ran1': ran1,'ran2': ran2,'ran3': ran3,'resText': resText }; " + "storedVars['resText'].substring(19,28).trim()"): null

2023-02-15 21:38:14 - [TEST_STEP][PASSED] - println(tranID): null]]></system-out>
         <system-err><![CDATA[]]></system-err>
      </testcase>
      <testcase name="Test Cases/VLink/Imported-SelIDE/VLinkXMLTests/SaleVoidRemIDPipe" time="11.449" classname="Test Cases/VLink/Imported-SelIDE/VLinkXMLTests/SaleVoidRemIDPipe" status="PASSED">
         <system-out><![CDATA[2023-02-15 21:38:14 - [TEST_CASE][PASSED] - Test Cases/VLink/Imported-SelIDE/VLinkXMLTests/SaleVoidRemIDPipe: Test Cases/VLink/Imported-SelIDE/VLinkXMLTests/SaleVoidRemIDPipe

2023-02-15 21:38:14 - [TEST_STEP][PASSED] - softAssertion = new org.testng.asserts.SoftAssert(): null

2023-02-15 21:38:14 - [TEST_STEP][PASSED] - openBrowser("https://www.google.com/"): Browser is opened with url: 'https://www.google.com/'

2023-02-15 21:38:14 - [MESSAGE][WARNING] - A browser is already opened. Closing browser and opening a new one

2023-02-15 21:38:15 - [MESSAGE][INFO] - Starting 'Chrome' driver

2023-02-15 21:38:15 - [MESSAGE][INFO] - User set preference: ['acceptInsecureCerts', 'true']

2023-02-15 21:38:15 - [MESSAGE][INFO] - Action delay is set to 0 milliseconds

2023-02-15 21:38:18 - [MESSAGE][PASSED] - Browser is opened with url: 'https://www.google.com/'

2023-02-15 21:38:18 - [TEST_STEP][PASSED] - driver = getWebDriver(): null

2023-02-15 21:38:18 - [TEST_STEP][PASSED] - baseUrl = "https://www.google.com/": null

2023-02-15 21:38:18 - [TEST_STEP][PASSED] - selenium = new com.thoughtworks.selenium.webdriven.WebDriverBackedSelenium(driver, baseUrl): null

2023-02-15 21:38:18 - [TEST_STEP][PASSED] - ran1 = random() * 99999)").toInteger(): null

2023-02-15 21:38:18 - [TEST_STEP][PASSED] - println(ran1): null

2023-02-15 21:38:18 - [TEST_STEP][PASSED] - ran2 = random() * 999)").toInteger(): null

2023-02-15 21:38:18 - [TEST_STEP][PASSED] - println(ran2): null

2023-02-15 21:38:18 - [TEST_STEP][PASSED] - ran3 = random() * 9999)").toInteger(): null

2023-02-15 21:38:18 - [TEST_STEP][PASSED] - println(ran3): null

2023-02-15 21:38:18 - [TEST_STEP][PASSED] - println(ran1 + "|" + ran2 + "|" + ran3): null

2023-02-15 21:38:18 - [TEST_STEP][PASSED] - selenium.open("https://dev-algorithm.govolution.com/vlinktest/QA/version_2_0/authcap.html"): null

2023-02-15 21:38:18 - [TEST_STEP][PASSED] - selenium.type("name=transaction_type", "104"): null

2023-02-15 21:38:18 - [TEST_STEP][PASSED] - selenium.type("name=message_version", 0C".toString()): null

2023-02-15 21:38:18 - [TEST_STEP][PASSED] - selenium.type("name=remittance_id", ran1 + "|" + ran2 + "|" + ran3.toString()): null

2023-02-15 21:38:18 - [TEST_STEP][PASSED] - selenium.type("name=application_id", "234"): null

2023-02-15 21:38:18 - [TEST_STEP][PASSED] - selenium.type("name=username", "username"): null

2023-02-15 21:38:18 - [TEST_STEP][PASSED] - selenium.type("name=password", "password"): null

2023-02-15 21:38:18 - [TEST_STEP][PASSED] - selenium.type("name=response_format", "fixed_width"): null

2023-02-15 21:38:18 - [TEST_STEP][PASSED] - selenium.type("name=category", "ECOM"): null

2023-02-15 21:38:19 - [TEST_STEP][PASSED] - selenium.type("name=transaction_id", ""): null

2023-02-15 21:38:19 - [TEST_STEP][PASSED] - selenium.type("name=approval_code", ""): null

2023-02-15 21:38:19 - [TEST_STEP][PASSED] - selenium.type("name=card_name", "Jim Corbett".toString()): null

2023-02-15 21:38:19 - [TEST_STEP][PASSED] - selenium.type("name=card_address", "2311 york road".toString()): null

2023-02-15 21:38:19 - [TEST_STEP][PASSED] - selenium.type("name=card_address2", ""): null

2023-02-15 21:38:19 - [TEST_STEP][PASSED] - selenium.type("name=card_city", "Arlington"): null

2023-02-15 21:38:19 - [TEST_STEP][PASSED] - selenium.type("name=card_state", "VA"): null

2023-02-15 21:38:19 - [TEST_STEP][PASSED] - selenium.type("name=card_zip", "22201"): null

2023-02-15 21:38:19 - [TEST_STEP][PASSED] - selenium.type("name=country_id", ""): null

2023-02-15 21:38:19 - [TEST_STEP][PASSED] - selenium.type("name=amount", 50".toString()): null

2023-02-15 21:38:19 - [TEST_STEP][PASSED] - selenium.type("name=card_number", "4111111111111111"): null

2023-02-15 21:38:19 - [TEST_STEP][PASSED] - selenium.type("name=card_exmo", "12"): null

2023-02-15 21:38:19 - [TEST_STEP][PASSED] - selenium.type("name=card_exyr", "2025"): null

2023-02-15 21:38:19 - [TEST_STEP][PASSED] - selenium.type("name=cvv_data", ""): null

2023-02-15 21:38:19 - [TEST_STEP][PASSED] - selenium.type("name=cvv_state", ""): null

2023-02-15 21:38:19 - [TEST_STEP][PASSED] - selenium.type("name=track_data", ""): null

2023-02-15 21:38:19 - [TEST_STEP][PASSED] - selenium.type("name=track_1_data", ""): null

2023-02-15 21:38:19 - [TEST_STEP][PASSED] - selenium.type("name=track_2_data", ""): null

2023-02-15 21:38:19 - [TEST_STEP][PASSED] - selenium.type("name=entry_mode", "manual"): null

2023-02-15 21:38:19 - [TEST_STEP][PASSED] - selenium.type("name=email", ""): null

2023-02-15 21:38:19 - [TEST_STEP][PASSED] - selenium.type("name=order_number", ""): null

2023-02-15 21:38:19 - [TEST_STEP][PASSED] - selenium.type("name=tax_amount", ""): null

2023-02-15 21:38:20 - [TEST_STEP][PASSED] - selenium.type("name=charge_description", ""): null

2023-02-15 21:38:20 - [TEST_STEP][PASSED] - selenium.type("name=client_account_number", ""): null

2023-02-15 21:38:20 - [TEST_STEP][PASSED] - selenium.type("name=bill_payment_indicator", ""): null

2023-02-15 21:38:20 - [TEST_STEP][PASSED] - selenium.type("name=user_defined1", ""): null

2023-02-15 21:38:20 - [TEST_STEP][PASSED] - selenium.type("name=user_defined2", ""): null

2023-02-15 21:38:20 - [TEST_STEP][PASSED] - selenium.type("name=user_defined3", ""): null

2023-02-15 21:38:20 - [TEST_STEP][PASSED] - selenium.type("name=user_defined4", ""): null

2023-02-15 21:38:20 - [TEST_STEP][PASSED] - selenium.type("name=user_defined5", ""): null

2023-02-15 21:38:20 - [TEST_STEP][PASSED] - selenium.type("name=user_defined6", ""): null

2023-02-15 21:38:20 - [TEST_STEP][PASSED] - selenium.type("name=user_defined7", ""): null

2023-02-15 21:38:20 - [TEST_STEP][PASSED] - selenium.type("name=user_defined8", ""): null

2023-02-15 21:38:20 - [TEST_STEP][PASSED] - selenium.type("name=user_defined9", ""): null

2023-02-15 21:38:20 - [TEST_STEP][PASSED] - selenium.type("name=user_defined10", ""): null

2023-02-15 21:38:20 - [TEST_STEP][PASSED] - selenium.click("css=input[type="submit"]"): null

2023-02-15 21:38:21 - [TEST_STEP][PASSED] - selenium.waitForPageToLoad("30000"): null

2023-02-15 21:38:22 - [TEST_STEP][PASSED] - verifyTextPresent("Transaction approved, no errors", true): Text 'Transaction approved, no errors' is present on page  using regular expression

2023-02-15 21:38:22 - [MESSAGE][PASSED] - Text 'Transaction approved, no errors' is present on page  using regular expression

2023-02-15 21:38:22 - [TEST_STEP][PASSED] - resText = selenium.getText("css=pre"): null

2023-02-15 21:38:22 - [TEST_STEP][PASSED] - println(resText): null

2023-02-15 21:38:22 - [TEST_STEP][PASSED] - tranID = substring(35, 44).trim(): null

2023-02-15 21:38:22 - [TEST_STEP][PASSED] - println(tranID): null

2023-02-15 21:38:22 - [TEST_STEP][PASSED] - selenium.open("https://dev-algorithm.govolution.com/vlinktest/QA/version_2_0/CC_void.html"): null

2023-02-15 21:38:22 - [TEST_STEP][PASSED] - selenium.type("name=transaction_type", "106"): null

2023-02-15 21:38:22 - [TEST_STEP][PASSED] - selenium.type("name=message_version", 0C".toString()): null

2023-02-15 21:38:22 - [TEST_STEP][PASSED] - selenium.type("name=remittance_id", ran1 + "|" + ran2 + "|" + ran3.toString()): null

2023-02-15 21:38:23 - [TEST_STEP][PASSED] - selenium.type("name=application_id", "234"): null

2023-02-15 21:38:23 - [TEST_STEP][PASSED] - selenium.type("name=username", "username"): null

2023-02-15 21:38:23 - [TEST_STEP][PASSED] - selenium.type("name=password", "password"): null

2023-02-15 21:38:23 - [TEST_STEP][PASSED] - selenium.type("name=response_format", "fixed_width"): null

2023-02-15 21:38:23 - [TEST_STEP][PASSED] - selenium.type("name=transaction_id", tranID): null

2023-02-15 21:38:23 - [TEST_STEP][PASSED] - selenium.type("name=original_transaction_type", "104"): null

2023-02-15 21:38:23 - [TEST_STEP][PASSED] - selenium.type("name=track_data", ""): null

2023-02-15 21:38:23 - [TEST_STEP][PASSED] - selenium.type("name=track_1_data", ""): null

2023-02-15 21:38:23 - [TEST_STEP][PASSED] - selenium.type("name=track_2_data", ""): null

2023-02-15 21:38:23 - [TEST_STEP][PASSED] - selenium.type("name=tax_amount", ""): null

2023-02-15 21:38:23 - [TEST_STEP][PASSED] - selenium.type("name=client_account_number", ""): null

2023-02-15 21:38:23 - [TEST_STEP][PASSED] - selenium.click("css=input[type="submit"]"): null

2023-02-15 21:38:24 - [TEST_STEP][PASSED] - selenium.waitForPageToLoad("30000"): null

2023-02-15 21:38:25 - [TEST_STEP][PASSED] - verifyTextPresent("Transaction approved, no errors", true): Text 'Transaction approved, no errors' is present on page  using regular expression

2023-02-15 21:38:25 - [MESSAGE][PASSED] - Text 'Transaction approved, no errors' is present on page  using regular expression

2023-02-15 21:38:25 - [TEST_STEP][PASSED] - resTextVoid = selenium.getText("css=pre"): null

2023-02-15 21:38:25 - [TEST_STEP][PASSED] - println(resTextVoid): null

2023-02-15 21:38:25 - [TEST_STEP][PASSED] - tranIDVoid = selenium.getEval(" var ran1 = "" + ran1 + "";var ran2 = "" + ran2 + "";var ran3 = "" + ran3 + "";var resText = "" + resText + "";var tranID = "" + tranID + "";var resTextVoid = "" + resTextVoid + "";var storedVars = { 'ran1': ran1,'ran2': ran2,'ran3': ran3,'resText': resText,'tranID': tranID,'resTextVoid': resTextVoid }; " + "storedVars['resTextVoid'].substring(19,28).trim()"): null

2023-02-15 21:38:25 - [TEST_STEP][PASSED] - println(tranIDVoid): null]]></system-out>
         <system-err><![CDATA[]]></system-err>
      </testcase>
      <testcase name="Test Cases/RecAndPlayBk/VLink/Sale" time="83.157" classname="Test Cases/RecAndPlayBk/VLink/Sale" status="FAILED">
         <failure type="FAILED" message="Test Cases/RecAndPlayBk/VLink/Sale FAILED.
Reason:
com.kms.katalon.core.exception.StepFailedException: Text 'Transaction approved, no errors' is not present on page  using regular expression (Root cause: com.kms.katalon.core.exception.StepFailedException: Text 'Transaction approved, no errors' is not present on page  using regular expression
	at com.kms.katalon.core.webui.keyword.internal.WebUIKeywordMain.stepFailed(WebUIKeywordMain.groovy:64)
	at com.kms.katalon.core.webui.keyword.builtin.VerifyTextPresentKeyword$_verifyTextPresent_closure1.doCall(VerifyTextPresentKeyword.groovy:79)
	at com.kms.katalon.core.webui.keyword.builtin.VerifyTextPresentKeyword$_verifyTextPresent_closure1.call(VerifyTextPresentKeyword.groovy)
	at com.kms.katalon.core.webui.keyword.internal.WebUIKeywordMain.runKeyword(WebUIKeywordMain.groovy:20)
	at com.kms.katalon.core.webui.keyword.builtin.VerifyTextPresentKeyword.verifyTextPresent(VerifyTextPresentKeyword.groovy:83)
	at com.kms.katalon.core.webui.keyword.builtin.VerifyTextPresentKeyword.execute(VerifyTextPresentKeyword.groovy:68)
	at com.kms.katalon.core.keyword.internal.KeywordExecutor.executeKeywordForPlatform(KeywordExecutor.groovy:74)
	at com.kms.katalon.core.webui.keyword.WebUiBuiltInKeywords.verifyTextPresent(WebUiBuiltInKeywords.groovy:1723)
	at com.kms.katalon.core.webui.keyword.WebUiBuiltInKeywords$verifyTextPresent$4.call(Unknown Source)
	at Sale.run(Sale:155)
	at com.kms.katalon.core.main.ScriptEngine.run(ScriptEngine.java:194)
	at com.kms.katalon.core.main.ScriptEngine.runScriptAsRawText(ScriptEngine.java:119)
	at com.kms.katalon.core.main.TestCaseExecutor.runScript(TestCaseExecutor.java:442)
	at com.kms.katalon.core.main.TestCaseExecutor.doExecute(TestCaseExecutor.java:433)
	at com.kms.katalon.core.main.TestCaseExecutor.processExecutionPhase(TestCaseExecutor.java:412)
	at com.kms.katalon.core.main.TestCaseExecutor.accessMainPhase(TestCaseExecutor.java:404)
	at com.kms.katalon.core.main.TestCaseExecutor.execute(TestCaseExecutor.java:281)
	at com.kms.katalon.core.main.TestSuiteExecutor.accessTestCaseMainPhase(TestSuiteExecutor.java:202)
	at com.kms.katalon.core.main.TestSuiteExecutor.accessTestSuiteMainPhase(TestSuiteExecutor.java:164)
	at com.kms.katalon.core.main.TestSuiteExecutor.execute(TestSuiteExecutor.java:105)
	at com.kms.katalon.core.main.TestCaseMain.startTestSuite(TestCaseMain.java:185)
	at com.kms.katalon.core.main.TestCaseMain$startTestSuite$0.call(Unknown Source)
	at TempTestSuite1676514794135.run(TempTestSuite1676514794135.groovy:36)
)
	at com.kms.katalon.core.keyword.internal.KeywordMain.stepFailed(KeywordMain.groovy:39)
	at com.kms.katalon.core.webui.keyword.internal.WebUIKeywordMain.stepFailed(WebUIKeywordMain.groovy:64)
	at com.kms.katalon.core.webui.keyword.builtin.VerifyTextPresentKeyword$_verifyTextPresent_closure1.doCall(VerifyTextPresentKeyword.groovy:79)
	at com.kms.katalon.core.webui.keyword.builtin.VerifyTextPresentKeyword$_verifyTextPresent_closure1.call(VerifyTextPresentKeyword.groovy)
	at com.kms.katalon.core.webui.keyword.internal.WebUIKeywordMain.runKeyword(WebUIKeywordMain.groovy:20)
	at com.kms.katalon.core.webui.keyword.builtin.VerifyTextPresentKeyword.verifyTextPresent(VerifyTextPresentKeyword.groovy:83)
	at com.kms.katalon.core.webui.keyword.builtin.VerifyTextPresentKeyword.execute(VerifyTextPresentKeyword.groovy:68)
	at com.kms.katalon.core.keyword.internal.KeywordExecutor.executeKeywordForPlatform(KeywordExecutor.groovy:74)
	at com.kms.katalon.core.webui.keyword.WebUiBuiltInKeywords.verifyTextPresent(WebUiBuiltInKeywords.groovy:1723)
	at com.kms.katalon.core.webui.keyword.WebUiBuiltInKeywords$verifyTextPresent$4.call(Unknown Source)
	at Sale.run(Sale:155)
	at com.kms.katalon.core.main.ScriptEngine.run(ScriptEngine.java:194)
	at com.kms.katalon.core.main.ScriptEngine.runScriptAsRawText(ScriptEngine.java:119)
	at com.kms.katalon.core.main.TestCaseExecutor.runScript(TestCaseExecutor.java:442)
	at com.kms.katalon.core.main.TestCaseExecutor.doExecute(TestCaseExecutor.java:433)
	at com.kms.katalon.core.main.TestCaseExecutor.processExecutionPhase(TestCaseExecutor.java:412)
	at com.kms.katalon.core.main.TestCaseExecutor.accessMainPhase(TestCaseExecutor.java:404)
	at com.kms.katalon.core.main.TestCaseExecutor.execute(TestCaseExecutor.java:281)
	at com.kms.katalon.core.main.TestSuiteExecutor.accessTestCaseMainPhase(TestSuiteExecutor.java:202)
	at com.kms.katalon.core.main.TestSuiteExecutor.accessTestSuiteMainPhase(TestSuiteExecutor.java:164)
	at com.kms.katalon.core.main.TestSuiteExecutor.execute(TestSuiteExecutor.java:105)
	at com.kms.katalon.core.main.TestCaseMain.startTestSuite(TestCaseMain.java:185)
	at com.kms.katalon.core.main.TestCaseMain$startTestSuite$0.call(Unknown Source)
	at TempTestSuite1676514794135.run(TempTestSuite1676514794135.groovy:36)
Caused by: com.kms.katalon.core.exception.StepFailedException: Text 'Transaction approved, no errors' is not present on page  using regular expression
	... 23 more
"/>
         <system-out><![CDATA[2023-02-15 21:38:25 - [TEST_CASE][FAILED] - Test Cases/RecAndPlayBk/VLink/Sale: Test Cases/RecAndPlayBk/VLink/Sale FAILED.
Reason:
com.kms.katalon.core.exception.StepFailedException: Text 'Transaction approved, no errors' is not present on page  using regular expression (Root cause: com.kms.katalon.core.exception.StepFailedException: Text 'Transaction approved, no errors' is not present on page  using regular expression
	at com.kms.katalon.core.webui.keyword.internal.WebUIKeywordMain.stepFailed(WebUIKeywordMain.groovy:64)
	at com.kms.katalon.core.webui.keyword.builtin.VerifyTextPresentKeyword$_verifyTextPresent_closure1.doCall(VerifyTextPresentKeyword.groovy:79)
	at com.kms.katalon.core.webui.keyword.builtin.VerifyTextPresentKeyword$_verifyTextPresent_closure1.call(VerifyTextPresentKeyword.groovy)
	at com.kms.katalon.core.webui.keyword.internal.WebUIKeywordMain.runKeyword(WebUIKeywordMain.groovy:20)
	at com.kms.katalon.core.webui.keyword.builtin.VerifyTextPresentKeyword.verifyTextPresent(VerifyTextPresentKeyword.groovy:83)
	at com.kms.katalon.core.webui.keyword.builtin.VerifyTextPresentKeyword.execute(VerifyTextPresentKeyword.groovy:68)
	at com.kms.katalon.core.keyword.internal.KeywordExecutor.executeKeywordForPlatform(KeywordExecutor.groovy:74)
	at com.kms.katalon.core.webui.keyword.WebUiBuiltInKeywords.verifyTextPresent(WebUiBuiltInKeywords.groovy:1723)
	at com.kms.katalon.core.webui.keyword.WebUiBuiltInKeywords$verifyTextPresent$4.call(Unknown Source)
	at Sale.run(Sale:155)
	at com.kms.katalon.core.main.ScriptEngine.run(ScriptEngine.java:194)
	at com.kms.katalon.core.main.ScriptEngine.runScriptAsRawText(ScriptEngine.java:119)
	at com.kms.katalon.core.main.TestCaseExecutor.runScript(TestCaseExecutor.java:442)
	at com.kms.katalon.core.main.TestCaseExecutor.doExecute(TestCaseExecutor.java:433)
	at com.kms.katalon.core.main.TestCaseExecutor.processExecutionPhase(TestCaseExecutor.java:412)
	at com.kms.katalon.core.main.TestCaseExecutor.accessMainPhase(TestCaseExecutor.java:404)
	at com.kms.katalon.core.main.TestCaseExecutor.execute(TestCaseExecutor.java:281)
	at com.kms.katalon.core.main.TestSuiteExecutor.accessTestCaseMainPhase(TestSuiteExecutor.java:202)
	at com.kms.katalon.core.main.TestSuiteExecutor.accessTestSuiteMainPhase(TestSuiteExecutor.java:164)
	at com.kms.katalon.core.main.TestSuiteExecutor.execute(TestSuiteExecutor.java:105)
	at com.kms.katalon.core.main.TestCaseMain.startTestSuite(TestCaseMain.java:185)
	at com.kms.katalon.core.main.TestCaseMain$startTestSuite$0.call(Unknown Source)
	at TempTestSuite1676514794135.run(TempTestSuite1676514794135.groovy:36)
)
	at com.kms.katalon.core.keyword.internal.KeywordMain.stepFailed(KeywordMain.groovy:39)
	at com.kms.katalon.core.webui.keyword.internal.WebUIKeywordMain.stepFailed(WebUIKeywordMain.groovy:64)
	at com.kms.katalon.core.webui.keyword.builtin.VerifyTextPresentKeyword$_verifyTextPresent_closure1.doCall(VerifyTextPresentKeyword.groovy:79)
	at com.kms.katalon.core.webui.keyword.builtin.VerifyTextPresentKeyword$_verifyTextPresent_closure1.call(VerifyTextPresentKeyword.groovy)
	at com.kms.katalon.core.webui.keyword.internal.WebUIKeywordMain.runKeyword(WebUIKeywordMain.groovy:20)
	at com.kms.katalon.core.webui.keyword.builtin.VerifyTextPresentKeyword.verifyTextPresent(VerifyTextPresentKeyword.groovy:83)
	at com.kms.katalon.core.webui.keyword.builtin.VerifyTextPresentKeyword.execute(VerifyTextPresentKeyword.groovy:68)
	at com.kms.katalon.core.keyword.internal.KeywordExecutor.executeKeywordForPlatform(KeywordExecutor.groovy:74)
	at com.kms.katalon.core.webui.keyword.WebUiBuiltInKeywords.verifyTextPresent(WebUiBuiltInKeywords.groovy:1723)
	at com.kms.katalon.core.webui.keyword.WebUiBuiltInKeywords$verifyTextPresent$4.call(Unknown Source)
	at Sale.run(Sale:155)
	at com.kms.katalon.core.main.ScriptEngine.run(ScriptEngine.java:194)
	at com.kms.katalon.core.main.ScriptEngine.runScriptAsRawText(ScriptEngine.java:119)
	at com.kms.katalon.core.main.TestCaseExecutor.runScript(TestCaseExecutor.java:442)
	at com.kms.katalon.core.main.TestCaseExecutor.doExecute(TestCaseExecutor.java:433)
	at com.kms.katalon.core.main.TestCaseExecutor.processExecutionPhase(TestCaseExecutor.java:412)
	at com.kms.katalon.core.main.TestCaseExecutor.accessMainPhase(TestCaseExecutor.java:404)
	at com.kms.katalon.core.main.TestCaseExecutor.execute(TestCaseExecutor.java:281)
	at com.kms.katalon.core.main.TestSuiteExecutor.accessTestCaseMainPhase(TestSuiteExecutor.java:202)
	at com.kms.katalon.core.main.TestSuiteExecutor.accessTestSuiteMainPhase(TestSuiteExecutor.java:164)
	at com.kms.katalon.core.main.TestSuiteExecutor.execute(TestSuiteExecutor.java:105)
	at com.kms.katalon.core.main.TestCaseMain.startTestSuite(TestCaseMain.java:185)
	at com.kms.katalon.core.main.TestCaseMain$startTestSuite$0.call(Unknown Source)
	at TempTestSuite1676514794135.run(TempTestSuite1676514794135.groovy:36)
Caused by: com.kms.katalon.core.exception.StepFailedException: Text 'Transaction approved, no errors' is not present on page  using regular expression
	... 23 more


2023-02-15 21:38:26 - [TEST_STEP][PASSED] - executionProfile = getExecutionProfile(): null

2023-02-15 21:38:26 - [TEST_STEP][PASSED] - out.println("executionProfile : " + executionProfile): null

2023-02-15 21:38:26 - [TEST_STEP][PASSED] - appName = <not implemented yet for class: org.codehaus.groovy.ast.expr.EmptyExpression>: null

2023-02-15 21:38:26 - [TEST_STEP][PASSED] - appID = <not implemented yet for class: org.codehaus.groovy.ast.expr.EmptyExpression>: null

2023-02-15 21:38:26 - [TEST_STEP][PASSED] - username = <not implemented yet for class: org.codehaus.groovy.ast.expr.EmptyExpression>: null

2023-02-15 21:38:26 - [TEST_STEP][PASSED] - password = <not implemented yet for class: org.codehaus.groovy.ast.expr.EmptyExpression>: null

2023-02-15 21:38:26 - [TEST_STEP][PASSED] - cardNameV = <not implemented yet for class: org.codehaus.groovy.ast.expr.EmptyExpression>: null

2023-02-15 21:38:26 - [TEST_STEP][PASSED] - al1V = <not implemented yet for class: org.codehaus.groovy.ast.expr.EmptyExpression>: null

2023-02-15 21:38:26 - [TEST_STEP][PASSED] - al2V = <not implemented yet for class: org.codehaus.groovy.ast.expr.EmptyExpression>: null

2023-02-15 21:38:26 - [TEST_STEP][PASSED] - zipV = <not implemented yet for class: org.codehaus.groovy.ast.expr.EmptyExpression>: null

2023-02-15 21:38:26 - [TEST_STEP][PASSED] - cardTypeV = <not implemented yet for class: org.codehaus.groovy.ast.expr.EmptyExpression>: null

2023-02-15 21:38:26 - [TEST_STEP][PASSED] - last4V = <not implemented yet for class: org.codehaus.groovy.ast.expr.EmptyExpression>: null

2023-02-15 21:38:26 - [TEST_STEP][PASSED] - resText = "Fail": null

2023-02-15 21:38:26 - [TEST_STEP][PASSED] - resColumn = "Result": null

2023-02-15 21:38:26 - [TEST_STEP][PASSED] - datCloumn = "Date": null

2023-02-15 21:38:26 - [TEST_STEP][PASSED] - fileLoc = "KatalonData/VLinkSmokeData.xlsx": null

2023-02-15 21:38:26 - [TEST_STEP][PASSED] - numOfRows = <not implemented yet for class: org.codehaus.groovy.ast.expr.EmptyExpression>: null

2023-02-15 21:38:26 - [TEST_STEP][PASSED] - dataFile = <not implemented yet for class: org.codehaus.groovy.ast.expr.EmptyExpression>: null

2023-02-15 21:38:26 - [TEST_STEP][PASSED] - nameSheet = <not implemented yet for class: org.codehaus.groovy.ast.expr.EmptyExpression>: null

2023-02-15 21:38:26 - [TEST_STEP][PASSED] - nameSheet = "Sale": null

2023-02-15 21:38:26 - [TEST_STEP][PASSED] - numOfRows = findTestData("QA/VLinkTestData/VLinkSaleData").getRowNumbers(): null

2023-02-15 21:38:26 - [TEST_STEP][PASSED] - println("Number of Records: " + numOfRows): null

2023-02-15 21:38:26 - [TEST_STEP][PASSED] - dataFile = "QA/VLinkTestData/VLinkSaleData": null

2023-02-15 21:38:26 - [TEST_STEP][FAILED] - for ([row = 1, row <= numOfRows, (row++)]): null

2023-02-15 21:38:26 - [TEST_STEP][PASSED] - ExecuteTC = findTestData(dataFile).getValue("Execute", row): null

2023-02-15 21:38:26 - [TEST_STEP][PASSED] - out.println("Value of Execute is : " + ExecuteTC): null

2023-02-15 21:38:26 - [TEST_STEP][PASSED] - switch (executionProfile): null

2023-02-15 21:38:26 - [TEST_STEP][PASSED] - case "QAProfile":: null

2023-02-15 21:38:26 - [TEST_STEP][PASSED] - appID = findTestData(dataFile).getValue("AppIDQA", row): null

2023-02-15 21:38:26 - [TEST_STEP][PASSED] - username = findTestData(dataFile).getValue("UsernameQA", row): null

2023-02-15 21:38:26 - [TEST_STEP][PASSED] - password = findTestData(dataFile).getValue("PasswordQA", row): null

2023-02-15 21:38:26 - [TEST_STEP][PASSED] - break: null

2023-02-15 21:38:26 - [TEST_STEP][PASSED] - if (ExecuteTC.equalsIgnoreCase("Y")): null

2023-02-15 21:38:26 - [TEST_STEP][PASSED] - out.println("Begin Record Number: " + row): null

2023-02-15 21:38:26 - [TEST_STEP][PASSED] - today = new java.util.Date(): null

2023-02-15 21:38:26 - [TEST_STEP][PASSED] - println(today): null

2023-02-15 21:38:26 - [TEST_STEP][PASSED] - datText = today: null

2023-02-15 21:38:26 - [TEST_STEP][PASSED] - category = findTestData(dataFile).getValue("Category", row): null

2023-02-15 21:38:26 - [TEST_STEP][PASSED] - amount = findTestData(dataFile).getValue("Amount", row): null

2023-02-15 21:38:26 - [TEST_STEP][PASSED] - cardNumber = findTestData(dataFile).getValue("CardNumber", row): null

2023-02-15 21:38:26 - [TEST_STEP][PASSED] - exM = findTestData(dataFile).getValue("ExM", row): null

2023-02-15 21:38:26 - [TEST_STEP][PASSED] - exY = findTestData(dataFile).getValue("ExY", row): null

2023-02-15 21:38:27 - [TEST_STEP][PASSED] - openBrowser(VLinkURL + "authcap.html"): Browser is opened with url: 'https://dev-algorithm.govolution.com/vlinktest/QA/version_2_0/authcap.html'

2023-02-15 21:38:27 - [MESSAGE][WARNING] - A browser is already opened. Closing browser and opening a new one

2023-02-15 21:38:27 - [MESSAGE][INFO] - Starting 'Chrome' driver

2023-02-15 21:38:27 - [MESSAGE][INFO] - User set preference: ['acceptInsecureCerts', 'true']

2023-02-15 21:38:27 - [MESSAGE][INFO] - Action delay is set to 0 milliseconds

2023-02-15 21:38:29 - [MESSAGE][PASSED] - Browser is opened with url: 'https://dev-algorithm.govolution.com/vlinktest/QA/version_2_0/authcap.html'

2023-02-15 21:38:29 - [TEST_STEP][PASSED] - maximizeWindow(): Current window maximized

2023-02-15 21:38:29 - [MESSAGE][PASSED] - Current window maximized

2023-02-15 21:38:29 - [TEST_STEP][PASSED] - maximizeWindow(): Current window maximized

2023-02-15 21:38:29 - [MESSAGE][PASSED] - Current window maximized

2023-02-15 21:38:29 - [TEST_STEP][PASSED] - genRemID = RandomStringUtils.random(12, true, true): null

2023-02-15 21:38:29 - [TEST_STEP][PASSED] - setText(findTestObject("Object Repository/RecAndPlayBk/Page-Vlink-Sale/input_Remittance Id_remittance_id"), genRemID): Text 'WjY7l8uGQfUd' is set on object 'Object Repository/RecAndPlayBk/Page-Vlink-Sale/input_Remittance Id_remittance_id'

2023-02-15 21:38:30 - [MESSAGE][PASSED] - Text 'WjY7l8uGQfUd' is set on object 'Object Repository/RecAndPlayBk/Page-Vlink-Sale/input_Remittance Id_remittance_id'

2023-02-15 21:38:30 - [TEST_STEP][PASSED] - setText(findTestObject("Object Repository/RecAndPlayBk/Page-Vlink-Sale/input_Application Id_application_id"), appID): Text '234' is set on object 'Object Repository/RecAndPlayBk/Page-Vlink-Sale/input_Application Id_application_id'

2023-02-15 21:38:31 - [MESSAGE][PASSED] - Text '234' is set on object 'Object Repository/RecAndPlayBk/Page-Vlink-Sale/input_Application Id_application_id'

2023-02-15 21:38:31 - [TEST_STEP][PASSED] - setText(findTestObject("Object Repository/RecAndPlayBk/Page-Vlink-Sale/input_Username_username"), username): Text 'username' is set on object 'Object Repository/RecAndPlayBk/Page-Vlink-Sale/input_Username_username'

2023-02-15 21:38:31 - [MESSAGE][PASSED] - Text 'username' is set on object 'Object Repository/RecAndPlayBk/Page-Vlink-Sale/input_Username_username'

2023-02-15 21:38:31 - [TEST_STEP][PASSED] - setText(findTestObject("Object Repository/RecAndPlayBk/Page-Vlink-Sale/input_Password_password"), password): Text 'password' is set on object 'Object Repository/RecAndPlayBk/Page-Vlink-Sale/input_Password_password'

2023-02-15 21:38:32 - [MESSAGE][PASSED] - Text 'password' is set on object 'Object Repository/RecAndPlayBk/Page-Vlink-Sale/input_Password_password'

2023-02-15 21:38:32 - [TEST_STEP][PASSED] - setText(findTestObject("Object Repository/RecAndPlayBk/Page-Vlink-Sale/input_Category_category"), category): Text 'ECOM' is set on object 'Object Repository/RecAndPlayBk/Page-Vlink-Sale/input_Category_category'

2023-02-15 21:38:33 - [MESSAGE][PASSED] - Text 'ECOM' is set on object 'Object Repository/RecAndPlayBk/Page-Vlink-Sale/input_Category_category'

2023-02-15 21:38:33 - [TEST_STEP][PASSED] - setText(findTestObject("Object Repository/RecAndPlayBk/Page-Vlink-Sale/input_Amount_amount"), amount): Text '10.5' is set on object 'Object Repository/RecAndPlayBk/Page-Vlink-Sale/input_Amount_amount'

2023-02-15 21:38:33 - [MESSAGE][PASSED] - Text '10.5' is set on object 'Object Repository/RecAndPlayBk/Page-Vlink-Sale/input_Amount_amount'

2023-02-15 21:38:33 - [TEST_STEP][PASSED] - doubleClick(findTestObject("Object Repository/RecAndPlayBk/Page-Vlink-Sale/input_Card number_card_number")): Object: 'Object Repository/RecAndPlayBk/Page-Vlink-Sale/input_Card number_card_number' is double clicked on

2023-02-15 21:38:34 - [MESSAGE][PASSED] - Object: 'Object Repository/RecAndPlayBk/Page-Vlink-Sale/input_Card number_card_number' is double clicked on

2023-02-15 21:38:34 - [TEST_STEP][PASSED] - setText(findTestObject("Object Repository/RecAndPlayBk/Page-Vlink-Sale/input_Card number_card_number"), cardNumber): Text '4111111111111111' is set on object 'Object Repository/RecAndPlayBk/Page-Vlink-Sale/input_Card number_card_number'

2023-02-15 21:38:34 - [MESSAGE][PASSED] - Text '4111111111111111' is set on object 'Object Repository/RecAndPlayBk/Page-Vlink-Sale/input_Card number_card_number'

2023-02-15 21:38:34 - [TEST_STEP][PASSED] - setText(findTestObject("Object Repository/RecAndPlayBk/Page-Vlink-Sale/input_Card ex month_card_exmo"), exM): Text '12' is set on object 'Object Repository/RecAndPlayBk/Page-Vlink-Sale/input_Card ex month_card_exmo'

2023-02-15 21:38:35 - [MESSAGE][PASSED] - Text '12' is set on object 'Object Repository/RecAndPlayBk/Page-Vlink-Sale/input_Card ex month_card_exmo'

2023-02-15 21:38:35 - [TEST_STEP][PASSED] - setText(findTestObject("Object Repository/RecAndPlayBk/Page-Vlink-Sale/input_Card ex year_card_exyr"), exY): Text '2029' is set on object 'Object Repository/RecAndPlayBk/Page-Vlink-Sale/input_Card ex year_card_exyr'

2023-02-15 21:38:35 - [MESSAGE][PASSED] - Text '2029' is set on object 'Object Repository/RecAndPlayBk/Page-Vlink-Sale/input_Card ex year_card_exyr'

2023-02-15 21:38:35 - [TEST_STEP][PASSED] - click(findTestObject("Object Repository/RecAndPlayBk/Page-Vlink-Sale/input_Track Data_track_data")): Object: 'Object Repository/RecAndPlayBk/Page-Vlink-Sale/input_Track Data_track_data' is clicked on

2023-02-15 21:38:36 - [MESSAGE][PASSED] - Object: 'Object Repository/RecAndPlayBk/Page-Vlink-Sale/input_Track Data_track_data' is clicked on

2023-02-15 21:38:36 - [TEST_STEP][PASSED] - click(findTestObject("Object Repository/RecAndPlayBk/Page-Vlink-Sale/input_CVV state_cvv_state")): Object: 'Object Repository/RecAndPlayBk/Page-Vlink-Sale/input_CVV state_cvv_state' is clicked on

2023-02-15 21:38:36 - [MESSAGE][PASSED] - Object: 'Object Repository/RecAndPlayBk/Page-Vlink-Sale/input_CVV state_cvv_state' is clicked on

2023-02-15 21:38:36 - [TEST_STEP][PASSED] - setText(findTestObject("Object Repository/RecAndPlayBk/Page-Vlink-Sale/input_Track Data_track_data"), ""): Text '' is set on object 'Object Repository/RecAndPlayBk/Page-Vlink-Sale/input_Track Data_track_data'

2023-02-15 21:38:37 - [MESSAGE][PASSED] - Text '' is set on object 'Object Repository/RecAndPlayBk/Page-Vlink-Sale/input_Track Data_track_data'

2023-02-15 21:38:37 - [TEST_STEP][PASSED] - setText(findTestObject("Object Repository/RecAndPlayBk/Page-Vlink-Sale/input_concat(Cardholder, , s email)_email"), ""): Text '' is set on object 'Object Repository/RecAndPlayBk/Page-Vlink-Sale/input_concat(Cardholder, , s email)_email'

2023-02-15 21:38:37 - [MESSAGE][PASSED] - Text '' is set on object 'Object Repository/RecAndPlayBk/Page-Vlink-Sale/input_concat(Cardholder, , s email)_email'

2023-02-15 21:38:37 - [TEST_STEP][PASSED] - click(findTestObject("Object Repository/RecAndPlayBk/Page-Vlink-Sale/input_user_defined10_user_defined10")): Object: 'Object Repository/RecAndPlayBk/Page-Vlink-Sale/input_user_defined10_user_defined10' is clicked on

2023-02-15 21:38:38 - [MESSAGE][PASSED] - Object: 'Object Repository/RecAndPlayBk/Page-Vlink-Sale/input_user_defined10_user_defined10' is clicked on

2023-02-15 21:38:38 - [TEST_STEP][PASSED] - if (executionProfile.equalsIgnoreCase("QAProfile") || executionProfile.equalsIgnoreCase("DemoProfile")): Text '' is set on object 'Object Repository/RecAndPlayBk/Page-Vlink-Sale/input_COF Transaction Initiated by_cof_tran_6cded5'

2023-02-15 21:38:38 - [TEST_STEP][PASSED] - setText(findTestObject("Object Repository/RecAndPlayBk/Page-Vlink-Sale/input_Card on File Indicator_card_on_file_i_157dae"), ""): Text '' is set on object 'Object Repository/RecAndPlayBk/Page-Vlink-Sale/input_Card on File Indicator_card_on_file_i_157dae'

2023-02-15 21:38:38 - [MESSAGE][PASSED] - Text '' is set on object 'Object Repository/RecAndPlayBk/Page-Vlink-Sale/input_Card on File Indicator_card_on_file_i_157dae'

2023-02-15 21:38:38 - [TEST_STEP][PASSED] - setText(findTestObject("Object Repository/RecAndPlayBk/Page-Vlink-Sale/input_Stored Credential Indicator_stored_cr_4ae73c"), ""): Text '' is set on object 'Object Repository/RecAndPlayBk/Page-Vlink-Sale/input_Stored Credential Indicator_stored_cr_4ae73c'

2023-02-15 21:38:39 - [MESSAGE][PASSED] - Text '' is set on object 'Object Repository/RecAndPlayBk/Page-Vlink-Sale/input_Stored Credential Indicator_stored_cr_4ae73c'

2023-02-15 21:38:39 - [TEST_STEP][PASSED] - setText(findTestObject("Object Repository/RecAndPlayBk/Page-Vlink-Sale/input_COF Scheduled indicator_cof_scheduled_8df7d8"), ""): Text '' is set on object 'Object Repository/RecAndPlayBk/Page-Vlink-Sale/input_COF Scheduled indicator_cof_scheduled_8df7d8'

2023-02-15 21:38:40 - [MESSAGE][PASSED] - Text '' is set on object 'Object Repository/RecAndPlayBk/Page-Vlink-Sale/input_COF Scheduled indicator_cof_scheduled_8df7d8'

2023-02-15 21:38:40 - [TEST_STEP][PASSED] - setText(findTestObject("Object Repository/RecAndPlayBk/Page-Vlink-Sale/input_COF Transaction Initiated by_cof_tran_6cded5"), ""): Text '' is set on object 'Object Repository/RecAndPlayBk/Page-Vlink-Sale/input_COF Transaction Initiated by_cof_tran_6cded5'

2023-02-15 21:38:40 - [MESSAGE][PASSED] - Text '' is set on object 'Object Repository/RecAndPlayBk/Page-Vlink-Sale/input_COF Transaction Initiated by_cof_tran_6cded5'

2023-02-15 21:38:40 - [TEST_STEP][PASSED] - click(findTestObject("Object Repository/RecAndPlayBk/Page-Vlink-Sale/input")): Object: 'Object Repository/RecAndPlayBk/Page-Vlink-Sale/input' is clicked on

2023-02-15 21:38:41 - [MESSAGE][PASSED] - Object: 'Object Repository/RecAndPlayBk/Page-Vlink-Sale/input' is clicked on

2023-02-15 21:38:41 - [TEST_STEP][PASSED] - if (verifyTextPresent("Transaction approved, no errors", true)): null

2023-02-15 21:38:42 - [MESSAGE][PASSED] - Text 'Transaction approved, no errors' is present on page  using regular expression

2023-02-15 21:38:42 - [TEST_STEP][PASSED] - println("Transaction Approved, no errors text is present on the Confirmation page"): null

2023-02-15 21:38:42 - [TEST_STEP][PASSED] - out.println("Pass Record Number: " + row): null

2023-02-15 21:38:42 - [TEST_STEP][PASSED] - resText = "Pass": null

2023-02-15 21:38:42 - [TEST_STEP][PASSED] - pages.WriteExcel.demoKey(resText, datText, resColumn, datCloumn, fileLoc, nameSheet, row): pages.WriteExcel.demoKey is PASSED

2023-02-15 21:38:42 - [MESSAGE][PASSED] - pages.WriteExcel.demoKey is PASSED

2023-02-15 21:38:42 - [TEST_STEP][PASSED] - ExecuteTC = findTestData(dataFile).getValue("Execute", row): null

2023-02-15 21:38:42 - [TEST_STEP][PASSED] - out.println("Value of Execute is : " + ExecuteTC): null

2023-02-15 21:38:42 - [TEST_STEP][PASSED] - switch (executionProfile): null

2023-02-15 21:38:42 - [TEST_STEP][PASSED] - case "QAProfile":: null

2023-02-15 21:38:42 - [TEST_STEP][PASSED] - appID = findTestData(dataFile).getValue("AppIDQA", row): null

2023-02-15 21:38:42 - [TEST_STEP][PASSED] - username = findTestData(dataFile).getValue("UsernameQA", row): null

2023-02-15 21:38:42 - [TEST_STEP][PASSED] - password = findTestData(dataFile).getValue("PasswordQA", row): null

2023-02-15 21:38:42 - [TEST_STEP][PASSED] - break: null

2023-02-15 21:38:42 - [TEST_STEP][PASSED] - if (ExecuteTC.equalsIgnoreCase("Y")): null

2023-02-15 21:38:42 - [TEST_STEP][PASSED] - out.println("Begin Record Number: " + row): null

2023-02-15 21:38:42 - [TEST_STEP][PASSED] - today = new java.util.Date(): null

2023-02-15 21:38:42 - [TEST_STEP][PASSED] - println(today): null

2023-02-15 21:38:42 - [TEST_STEP][PASSED] - datText = today: null

2023-02-15 21:38:42 - [TEST_STEP][PASSED] - category = findTestData(dataFile).getValue("Category", row): null

2023-02-15 21:38:42 - [TEST_STEP][PASSED] - amount = findTestData(dataFile).getValue("Amount", row): null

2023-02-15 21:38:42 - [TEST_STEP][PASSED] - cardNumber = findTestData(dataFile).getValue("CardNumber", row): null

2023-02-15 21:38:43 - [TEST_STEP][PASSED] - exM = findTestData(dataFile).getValue("ExM", row): null

2023-02-15 21:38:43 - [TEST_STEP][PASSED] - exY = findTestData(dataFile).getValue("ExY", row): null

2023-02-15 21:38:43 - [TEST_STEP][PASSED] - openBrowser(VLinkURL + "authcap.html"): Browser is opened with url: 'https://dev-algorithm.govolution.com/vlinktest/QA/version_2_0/authcap.html'

2023-02-15 21:38:43 - [MESSAGE][WARNING] - A browser is already opened. Closing browser and opening a new one

2023-02-15 21:38:44 - [MESSAGE][INFO] - Starting 'Chrome' driver

2023-02-15 21:38:44 - [MESSAGE][INFO] - User set preference: ['acceptInsecureCerts', 'true']

2023-02-15 21:38:44 - [MESSAGE][INFO] - Action delay is set to 0 milliseconds

2023-02-15 21:38:45 - [MESSAGE][PASSED] - Browser is opened with url: 'https://dev-algorithm.govolution.com/vlinktest/QA/version_2_0/authcap.html'

2023-02-15 21:38:45 - [TEST_STEP][PASSED] - maximizeWindow(): Current window maximized

2023-02-15 21:38:46 - [MESSAGE][PASSED] - Current window maximized

2023-02-15 21:38:46 - [TEST_STEP][PASSED] - maximizeWindow(): Current window maximized

2023-02-15 21:38:46 - [MESSAGE][PASSED] - Current window maximized

2023-02-15 21:38:46 - [TEST_STEP][PASSED] - genRemID = RandomStringUtils.random(12, true, true): null

2023-02-15 21:38:46 - [TEST_STEP][PASSED] - setText(findTestObject("Object Repository/RecAndPlayBk/Page-Vlink-Sale/input_Remittance Id_remittance_id"), genRemID): Text 'bCNew1yDHIWV' is set on object 'Object Repository/RecAndPlayBk/Page-Vlink-Sale/input_Remittance Id_remittance_id'

2023-02-15 21:38:46 - [MESSAGE][PASSED] - Text 'bCNew1yDHIWV' is set on object 'Object Repository/RecAndPlayBk/Page-Vlink-Sale/input_Remittance Id_remittance_id'

2023-02-15 21:38:46 - [TEST_STEP][PASSED] - setText(findTestObject("Object Repository/RecAndPlayBk/Page-Vlink-Sale/input_Application Id_application_id"), appID): Text '234' is set on object 'Object Repository/RecAndPlayBk/Page-Vlink-Sale/input_Application Id_application_id'

2023-02-15 21:38:47 - [MESSAGE][PASSED] - Text '234' is set on object 'Object Repository/RecAndPlayBk/Page-Vlink-Sale/input_Application Id_application_id'

2023-02-15 21:38:47 - [TEST_STEP][PASSED] - setText(findTestObject("Object Repository/RecAndPlayBk/Page-Vlink-Sale/input_Username_username"), username): Text 'username' is set on object 'Object Repository/RecAndPlayBk/Page-Vlink-Sale/input_Username_username'

2023-02-15 21:38:48 - [MESSAGE][PASSED] - Text 'username' is set on object 'Object Repository/RecAndPlayBk/Page-Vlink-Sale/input_Username_username'

2023-02-15 21:38:48 - [TEST_STEP][PASSED] - setText(findTestObject("Object Repository/RecAndPlayBk/Page-Vlink-Sale/input_Password_password"), password): Text 'password' is set on object 'Object Repository/RecAndPlayBk/Page-Vlink-Sale/input_Password_password'

2023-02-15 21:38:48 - [MESSAGE][PASSED] - Text 'password' is set on object 'Object Repository/RecAndPlayBk/Page-Vlink-Sale/input_Password_password'

2023-02-15 21:38:48 - [TEST_STEP][PASSED] - setText(findTestObject("Object Repository/RecAndPlayBk/Page-Vlink-Sale/input_Category_category"), category): Text 'MOTO' is set on object 'Object Repository/RecAndPlayBk/Page-Vlink-Sale/input_Category_category'

2023-02-15 21:38:49 - [MESSAGE][PASSED] - Text 'MOTO' is set on object 'Object Repository/RecAndPlayBk/Page-Vlink-Sale/input_Category_category'

2023-02-15 21:38:49 - [TEST_STEP][PASSED] - setText(findTestObject("Object Repository/RecAndPlayBk/Page-Vlink-Sale/input_Amount_amount"), amount): Text '10.5' is set on object 'Object Repository/RecAndPlayBk/Page-Vlink-Sale/input_Amount_amount'

2023-02-15 21:38:49 - [MESSAGE][PASSED] - Text '10.5' is set on object 'Object Repository/RecAndPlayBk/Page-Vlink-Sale/input_Amount_amount'

2023-02-15 21:38:49 - [TEST_STEP][PASSED] - doubleClick(findTestObject("Object Repository/RecAndPlayBk/Page-Vlink-Sale/input_Card number_card_number")): Object: 'Object Repository/RecAndPlayBk/Page-Vlink-Sale/input_Card number_card_number' is double clicked on

2023-02-15 21:38:50 - [MESSAGE][PASSED] - Object: 'Object Repository/RecAndPlayBk/Page-Vlink-Sale/input_Card number_card_number' is double clicked on

2023-02-15 21:38:50 - [TEST_STEP][PASSED] - setText(findTestObject("Object Repository/RecAndPlayBk/Page-Vlink-Sale/input_Card number_card_number"), cardNumber): Text '5424000000000015' is set on object 'Object Repository/RecAndPlayBk/Page-Vlink-Sale/input_Card number_card_number'

2023-02-15 21:38:51 - [MESSAGE][PASSED] - Text '5424000000000015' is set on object 'Object Repository/RecAndPlayBk/Page-Vlink-Sale/input_Card number_card_number'

2023-02-15 21:38:51 - [TEST_STEP][PASSED] - setText(findTestObject("Object Repository/RecAndPlayBk/Page-Vlink-Sale/input_Card ex month_card_exmo"), exM): Text '12' is set on object 'Object Repository/RecAndPlayBk/Page-Vlink-Sale/input_Card ex month_card_exmo'

2023-02-15 21:38:51 - [MESSAGE][PASSED] - Text '12' is set on object 'Object Repository/RecAndPlayBk/Page-Vlink-Sale/input_Card ex month_card_exmo'

2023-02-15 21:38:51 - [TEST_STEP][PASSED] - setText(findTestObject("Object Repository/RecAndPlayBk/Page-Vlink-Sale/input_Card ex year_card_exyr"), exY): Text '2029' is set on object 'Object Repository/RecAndPlayBk/Page-Vlink-Sale/input_Card ex year_card_exyr'

2023-02-15 21:38:52 - [MESSAGE][PASSED] - Text '2029' is set on object 'Object Repository/RecAndPlayBk/Page-Vlink-Sale/input_Card ex year_card_exyr'

2023-02-15 21:38:52 - [TEST_STEP][PASSED] - click(findTestObject("Object Repository/RecAndPlayBk/Page-Vlink-Sale/input_Track Data_track_data")): Object: 'Object Repository/RecAndPlayBk/Page-Vlink-Sale/input_Track Data_track_data' is clicked on

2023-02-15 21:38:52 - [MESSAGE][PASSED] - Object: 'Object Repository/RecAndPlayBk/Page-Vlink-Sale/input_Track Data_track_data' is clicked on

2023-02-15 21:38:52 - [TEST_STEP][PASSED] - click(findTestObject("Object Repository/RecAndPlayBk/Page-Vlink-Sale/input_CVV state_cvv_state")): Object: 'Object Repository/RecAndPlayBk/Page-Vlink-Sale/input_CVV state_cvv_state' is clicked on

2023-02-15 21:38:52 - [MESSAGE][PASSED] - Object: 'Object Repository/RecAndPlayBk/Page-Vlink-Sale/input_CVV state_cvv_state' is clicked on

2023-02-15 21:38:52 - [TEST_STEP][PASSED] - setText(findTestObject("Object Repository/RecAndPlayBk/Page-Vlink-Sale/input_Track Data_track_data"), ""): Text '' is set on object 'Object Repository/RecAndPlayBk/Page-Vlink-Sale/input_Track Data_track_data'

2023-02-15 21:38:53 - [MESSAGE][PASSED] - Text '' is set on object 'Object Repository/RecAndPlayBk/Page-Vlink-Sale/input_Track Data_track_data'

2023-02-15 21:38:53 - [TEST_STEP][PASSED] - setText(findTestObject("Object Repository/RecAndPlayBk/Page-Vlink-Sale/input_concat(Cardholder, , s email)_email"), ""): Text '' is set on object 'Object Repository/RecAndPlayBk/Page-Vlink-Sale/input_concat(Cardholder, , s email)_email'

2023-02-15 21:38:54 - [MESSAGE][PASSED] - Text '' is set on object 'Object Repository/RecAndPlayBk/Page-Vlink-Sale/input_concat(Cardholder, , s email)_email'

2023-02-15 21:38:54 - [TEST_STEP][PASSED] - click(findTestObject("Object Repository/RecAndPlayBk/Page-Vlink-Sale/input_user_defined10_user_defined10")): Object: 'Object Repository/RecAndPlayBk/Page-Vlink-Sale/input_user_defined10_user_defined10' is clicked on

2023-02-15 21:38:54 - [MESSAGE][PASSED] - Object: 'Object Repository/RecAndPlayBk/Page-Vlink-Sale/input_user_defined10_user_defined10' is clicked on

2023-02-15 21:38:54 - [TEST_STEP][PASSED] - if (executionProfile.equalsIgnoreCase("QAProfile") || executionProfile.equalsIgnoreCase("DemoProfile")): Text '' is set on object 'Object Repository/RecAndPlayBk/Page-Vlink-Sale/input_COF Transaction Initiated by_cof_tran_6cded5'

2023-02-15 21:38:54 - [TEST_STEP][PASSED] - setText(findTestObject("Object Repository/RecAndPlayBk/Page-Vlink-Sale/input_Card on File Indicator_card_on_file_i_157dae"), ""): Text '' is set on object 'Object Repository/RecAndPlayBk/Page-Vlink-Sale/input_Card on File Indicator_card_on_file_i_157dae'

2023-02-15 21:38:55 - [MESSAGE][PASSED] - Text '' is set on object 'Object Repository/RecAndPlayBk/Page-Vlink-Sale/input_Card on File Indicator_card_on_file_i_157dae'

2023-02-15 21:38:55 - [TEST_STEP][PASSED] - setText(findTestObject("Object Repository/RecAndPlayBk/Page-Vlink-Sale/input_Stored Credential Indicator_stored_cr_4ae73c"), ""): Text '' is set on object 'Object Repository/RecAndPlayBk/Page-Vlink-Sale/input_Stored Credential Indicator_stored_cr_4ae73c'

2023-02-15 21:38:55 - [MESSAGE][PASSED] - Text '' is set on object 'Object Repository/RecAndPlayBk/Page-Vlink-Sale/input_Stored Credential Indicator_stored_cr_4ae73c'

2023-02-15 21:38:55 - [TEST_STEP][PASSED] - setText(findTestObject("Object Repository/RecAndPlayBk/Page-Vlink-Sale/input_COF Scheduled indicator_cof_scheduled_8df7d8"), ""): Text '' is set on object 'Object Repository/RecAndPlayBk/Page-Vlink-Sale/input_COF Scheduled indicator_cof_scheduled_8df7d8'

2023-02-15 21:38:56 - [MESSAGE][PASSED] - Text '' is set on object 'Object Repository/RecAndPlayBk/Page-Vlink-Sale/input_COF Scheduled indicator_cof_scheduled_8df7d8'

2023-02-15 21:38:56 - [TEST_STEP][PASSED] - setText(findTestObject("Object Repository/RecAndPlayBk/Page-Vlink-Sale/input_COF Transaction Initiated by_cof_tran_6cded5"), ""): Text '' is set on object 'Object Repository/RecAndPlayBk/Page-Vlink-Sale/input_COF Transaction Initiated by_cof_tran_6cded5'

2023-02-15 21:38:56 - [MESSAGE][PASSED] - Text '' is set on object 'Object Repository/RecAndPlayBk/Page-Vlink-Sale/input_COF Transaction Initiated by_cof_tran_6cded5'

2023-02-15 21:38:56 - [TEST_STEP][PASSED] - click(findTestObject("Object Repository/RecAndPlayBk/Page-Vlink-Sale/input")): Object: 'Object Repository/RecAndPlayBk/Page-Vlink-Sale/input' is clicked on

2023-02-15 21:38:57 - [MESSAGE][PASSED] - Object: 'Object Repository/RecAndPlayBk/Page-Vlink-Sale/input' is clicked on

2023-02-15 21:38:57 - [TEST_STEP][PASSED] - if (verifyTextPresent("Transaction approved, no errors", true)): null

2023-02-15 21:38:58 - [MESSAGE][PASSED] - Text 'Transaction approved, no errors' is present on page  using regular expression

2023-02-15 21:38:58 - [TEST_STEP][PASSED] - println("Transaction Approved, no errors text is present on the Confirmation page"): null

2023-02-15 21:38:58 - [TEST_STEP][PASSED] - out.println("Pass Record Number: " + row): null

2023-02-15 21:38:58 - [TEST_STEP][PASSED] - resText = "Pass": null

2023-02-15 21:38:58 - [TEST_STEP][PASSED] - pages.WriteExcel.demoKey(resText, datText, resColumn, datCloumn, fileLoc, nameSheet, row): pages.WriteExcel.demoKey is PASSED

2023-02-15 21:38:58 - [MESSAGE][PASSED] - pages.WriteExcel.demoKey is PASSED

2023-02-15 21:38:58 - [TEST_STEP][PASSED] - ExecuteTC = findTestData(dataFile).getValue("Execute", row): null

2023-02-15 21:38:58 - [TEST_STEP][PASSED] - out.println("Value of Execute is : " + ExecuteTC): null

2023-02-15 21:38:58 - [TEST_STEP][PASSED] - switch (executionProfile): null

2023-02-15 21:38:58 - [TEST_STEP][PASSED] - case "QAProfile":: null

2023-02-15 21:38:58 - [TEST_STEP][PASSED] - appID = findTestData(dataFile).getValue("AppIDQA", row): null

2023-02-15 21:38:58 - [TEST_STEP][PASSED] - username = findTestData(dataFile).getValue("UsernameQA", row): null

2023-02-15 21:38:58 - [TEST_STEP][PASSED] - password = findTestData(dataFile).getValue("PasswordQA", row): null

2023-02-15 21:38:58 - [TEST_STEP][PASSED] - break: null

2023-02-15 21:38:58 - [TEST_STEP][FAILED] - if (ExecuteTC.equalsIgnoreCase("Y")): null

2023-02-15 21:38:58 - [TEST_STEP][PASSED] - out.println("Begin Record Number: " + row): null

2023-02-15 21:38:58 - [TEST_STEP][PASSED] - today = new java.util.Date(): null

2023-02-15 21:38:58 - [TEST_STEP][PASSED] - println(today): null

2023-02-15 21:38:58 - [TEST_STEP][PASSED] - datText = today: null

2023-02-15 21:38:58 - [TEST_STEP][PASSED] - category = findTestData(dataFile).getValue("Category", row): null

2023-02-15 21:38:58 - [TEST_STEP][PASSED] - amount = findTestData(dataFile).getValue("Amount", row): null

2023-02-15 21:38:58 - [TEST_STEP][PASSED] - cardNumber = findTestData(dataFile).getValue("CardNumber", row): null

2023-02-15 21:38:58 - [TEST_STEP][PASSED] - exM = findTestData(dataFile).getValue("ExM", row): null

2023-02-15 21:38:59 - [TEST_STEP][PASSED] - exY = findTestData(dataFile).getValue("ExY", row): null

2023-02-15 21:38:59 - [TEST_STEP][PASSED] - openBrowser(VLinkURL + "authcap.html"): Browser is opened with url: 'https://dev-algorithm.govolution.com/vlinktest/QA/version_2_0/authcap.html'

2023-02-15 21:38:59 - [MESSAGE][WARNING] - A browser is already opened. Closing browser and opening a new one

2023-02-15 21:38:59 - [MESSAGE][INFO] - Starting 'Chrome' driver

2023-02-15 21:38:59 - [MESSAGE][INFO] - User set preference: ['acceptInsecureCerts', 'true']

2023-02-15 21:38:59 - [MESSAGE][INFO] - Action delay is set to 0 milliseconds

2023-02-15 21:39:01 - [MESSAGE][PASSED] - Browser is opened with url: 'https://dev-algorithm.govolution.com/vlinktest/QA/version_2_0/authcap.html'

2023-02-15 21:39:01 - [TEST_STEP][PASSED] - maximizeWindow(): Current window maximized

2023-02-15 21:39:01 - [MESSAGE][PASSED] - Current window maximized

2023-02-15 21:39:01 - [TEST_STEP][PASSED] - maximizeWindow(): Current window maximized

2023-02-15 21:39:01 - [MESSAGE][PASSED] - Current window maximized

2023-02-15 21:39:01 - [TEST_STEP][PASSED] - genRemID = RandomStringUtils.random(12, true, true): null

2023-02-15 21:39:01 - [TEST_STEP][PASSED] - setText(findTestObject("Object Repository/RecAndPlayBk/Page-Vlink-Sale/input_Remittance Id_remittance_id"), genRemID): Text 'dPrC1nTY3SyV' is set on object 'Object Repository/RecAndPlayBk/Page-Vlink-Sale/input_Remittance Id_remittance_id'

2023-02-15 21:39:02 - [MESSAGE][PASSED] - Text 'dPrC1nTY3SyV' is set on object 'Object Repository/RecAndPlayBk/Page-Vlink-Sale/input_Remittance Id_remittance_id'

2023-02-15 21:39:02 - [TEST_STEP][PASSED] - setText(findTestObject("Object Repository/RecAndPlayBk/Page-Vlink-Sale/input_Application Id_application_id"), appID): Text '234' is set on object 'Object Repository/RecAndPlayBk/Page-Vlink-Sale/input_Application Id_application_id'

2023-02-15 21:39:03 - [MESSAGE][PASSED] - Text '234' is set on object 'Object Repository/RecAndPlayBk/Page-Vlink-Sale/input_Application Id_application_id'

2023-02-15 21:39:03 - [TEST_STEP][PASSED] - setText(findTestObject("Object Repository/RecAndPlayBk/Page-Vlink-Sale/input_Username_username"), username): Text 'username' is set on object 'Object Repository/RecAndPlayBk/Page-Vlink-Sale/input_Username_username'

2023-02-15 21:39:03 - [MESSAGE][PASSED] - Text 'username' is set on object 'Object Repository/RecAndPlayBk/Page-Vlink-Sale/input_Username_username'

2023-02-15 21:39:03 - [TEST_STEP][PASSED] - setText(findTestObject("Object Repository/RecAndPlayBk/Page-Vlink-Sale/input_Password_password"), password): Text 'password' is set on object 'Object Repository/RecAndPlayBk/Page-Vlink-Sale/input_Password_password'

2023-02-15 21:39:04 - [MESSAGE][PASSED] - Text 'password' is set on object 'Object Repository/RecAndPlayBk/Page-Vlink-Sale/input_Password_password'

2023-02-15 21:39:04 - [TEST_STEP][PASSED] - setText(findTestObject("Object Repository/RecAndPlayBk/Page-Vlink-Sale/input_Category_category"), category): Text 'RETL' is set on object 'Object Repository/RecAndPlayBk/Page-Vlink-Sale/input_Category_category'

2023-02-15 21:39:05 - [MESSAGE][PASSED] - Text 'RETL' is set on object 'Object Repository/RecAndPlayBk/Page-Vlink-Sale/input_Category_category'

2023-02-15 21:39:05 - [TEST_STEP][PASSED] - setText(findTestObject("Object Repository/RecAndPlayBk/Page-Vlink-Sale/input_Amount_amount"), amount): Text '10.5' is set on object 'Object Repository/RecAndPlayBk/Page-Vlink-Sale/input_Amount_amount'

2023-02-15 21:39:05 - [MESSAGE][PASSED] - Text '10.5' is set on object 'Object Repository/RecAndPlayBk/Page-Vlink-Sale/input_Amount_amount'

2023-02-15 21:39:05 - [TEST_STEP][PASSED] - doubleClick(findTestObject("Object Repository/RecAndPlayBk/Page-Vlink-Sale/input_Card number_card_number")): Object: 'Object Repository/RecAndPlayBk/Page-Vlink-Sale/input_Card number_card_number' is double clicked on

2023-02-15 21:39:06 - [MESSAGE][PASSED] - Object: 'Object Repository/RecAndPlayBk/Page-Vlink-Sale/input_Card number_card_number' is double clicked on

2023-02-15 21:39:06 - [TEST_STEP][PASSED] - setText(findTestObject("Object Repository/RecAndPlayBk/Page-Vlink-Sale/input_Card number_card_number"), cardNumber): Text '370000000000002' is set on object 'Object Repository/RecAndPlayBk/Page-Vlink-Sale/input_Card number_card_number'

2023-02-15 21:39:06 - [MESSAGE][PASSED] - Text '370000000000002' is set on object 'Object Repository/RecAndPlayBk/Page-Vlink-Sale/input_Card number_card_number'

2023-02-15 21:39:06 - [TEST_STEP][PASSED] - setText(findTestObject("Object Repository/RecAndPlayBk/Page-Vlink-Sale/input_Card ex month_card_exmo"), exM): Text '12' is set on object 'Object Repository/RecAndPlayBk/Page-Vlink-Sale/input_Card ex month_card_exmo'

2023-02-15 21:39:07 - [MESSAGE][PASSED] - Text '12' is set on object 'Object Repository/RecAndPlayBk/Page-Vlink-Sale/input_Card ex month_card_exmo'

2023-02-15 21:39:07 - [TEST_STEP][PASSED] - setText(findTestObject("Object Repository/RecAndPlayBk/Page-Vlink-Sale/input_Card ex year_card_exyr"), exY): Text '2029' is set on object 'Object Repository/RecAndPlayBk/Page-Vlink-Sale/input_Card ex year_card_exyr'

2023-02-15 21:39:07 - [MESSAGE][PASSED] - Text '2029' is set on object 'Object Repository/RecAndPlayBk/Page-Vlink-Sale/input_Card ex year_card_exyr'

2023-02-15 21:39:07 - [TEST_STEP][PASSED] - click(findTestObject("Object Repository/RecAndPlayBk/Page-Vlink-Sale/input_Track Data_track_data")): Object: 'Object Repository/RecAndPlayBk/Page-Vlink-Sale/input_Track Data_track_data' is clicked on

2023-02-15 21:39:08 - [MESSAGE][PASSED] - Object: 'Object Repository/RecAndPlayBk/Page-Vlink-Sale/input_Track Data_track_data' is clicked on

2023-02-15 21:39:08 - [TEST_STEP][PASSED] - click(findTestObject("Object Repository/RecAndPlayBk/Page-Vlink-Sale/input_CVV state_cvv_state")): Object: 'Object Repository/RecAndPlayBk/Page-Vlink-Sale/input_CVV state_cvv_state' is clicked on

2023-02-15 21:39:08 - [MESSAGE][PASSED] - Object: 'Object Repository/RecAndPlayBk/Page-Vlink-Sale/input_CVV state_cvv_state' is clicked on

2023-02-15 21:39:08 - [TEST_STEP][PASSED] - setText(findTestObject("Object Repository/RecAndPlayBk/Page-Vlink-Sale/input_Track Data_track_data"), ""): Text '' is set on object 'Object Repository/RecAndPlayBk/Page-Vlink-Sale/input_Track Data_track_data'

2023-02-15 21:39:09 - [MESSAGE][PASSED] - Text '' is set on object 'Object Repository/RecAndPlayBk/Page-Vlink-Sale/input_Track Data_track_data'

2023-02-15 21:39:09 - [TEST_STEP][PASSED] - setText(findTestObject("Object Repository/RecAndPlayBk/Page-Vlink-Sale/input_concat(Cardholder, , s email)_email"), ""): Text '' is set on object 'Object Repository/RecAndPlayBk/Page-Vlink-Sale/input_concat(Cardholder, , s email)_email'

2023-02-15 21:39:09 - [MESSAGE][PASSED] - Text '' is set on object 'Object Repository/RecAndPlayBk/Page-Vlink-Sale/input_concat(Cardholder, , s email)_email'

2023-02-15 21:39:09 - [TEST_STEP][PASSED] - click(findTestObject("Object Repository/RecAndPlayBk/Page-Vlink-Sale/input_user_defined10_user_defined10")): Object: 'Object Repository/RecAndPlayBk/Page-Vlink-Sale/input_user_defined10_user_defined10' is clicked on

2023-02-15 21:39:10 - [MESSAGE][PASSED] - Object: 'Object Repository/RecAndPlayBk/Page-Vlink-Sale/input_user_defined10_user_defined10' is clicked on

2023-02-15 21:39:10 - [TEST_STEP][PASSED] - if (executionProfile.equalsIgnoreCase("QAProfile") || executionProfile.equalsIgnoreCase("DemoProfile")): Text '' is set on object 'Object Repository/RecAndPlayBk/Page-Vlink-Sale/input_COF Transaction Initiated by_cof_tran_6cded5'

2023-02-15 21:39:10 - [TEST_STEP][PASSED] - setText(findTestObject("Object Repository/RecAndPlayBk/Page-Vlink-Sale/input_Card on File Indicator_card_on_file_i_157dae"), ""): Text '' is set on object 'Object Repository/RecAndPlayBk/Page-Vlink-Sale/input_Card on File Indicator_card_on_file_i_157dae'

2023-02-15 21:39:10 - [MESSAGE][PASSED] - Text '' is set on object 'Object Repository/RecAndPlayBk/Page-Vlink-Sale/input_Card on File Indicator_card_on_file_i_157dae'

2023-02-15 21:39:10 - [TEST_STEP][PASSED] - setText(findTestObject("Object Repository/RecAndPlayBk/Page-Vlink-Sale/input_Stored Credential Indicator_stored_cr_4ae73c"), ""): Text '' is set on object 'Object Repository/RecAndPlayBk/Page-Vlink-Sale/input_Stored Credential Indicator_stored_cr_4ae73c'

2023-02-15 21:39:11 - [MESSAGE][PASSED] - Text '' is set on object 'Object Repository/RecAndPlayBk/Page-Vlink-Sale/input_Stored Credential Indicator_stored_cr_4ae73c'

2023-02-15 21:39:11 - [TEST_STEP][PASSED] - setText(findTestObject("Object Repository/RecAndPlayBk/Page-Vlink-Sale/input_COF Scheduled indicator_cof_scheduled_8df7d8"), ""): Text '' is set on object 'Object Repository/RecAndPlayBk/Page-Vlink-Sale/input_COF Scheduled indicator_cof_scheduled_8df7d8'

2023-02-15 21:39:12 - [MESSAGE][PASSED] - Text '' is set on object 'Object Repository/RecAndPlayBk/Page-Vlink-Sale/input_COF Scheduled indicator_cof_scheduled_8df7d8'

2023-02-15 21:39:12 - [TEST_STEP][PASSED] - setText(findTestObject("Object Repository/RecAndPlayBk/Page-Vlink-Sale/input_COF Transaction Initiated by_cof_tran_6cded5"), ""): Text '' is set on object 'Object Repository/RecAndPlayBk/Page-Vlink-Sale/input_COF Transaction Initiated by_cof_tran_6cded5'

2023-02-15 21:39:12 - [MESSAGE][PASSED] - Text '' is set on object 'Object Repository/RecAndPlayBk/Page-Vlink-Sale/input_COF Transaction Initiated by_cof_tran_6cded5'

2023-02-15 21:39:12 - [TEST_STEP][PASSED] - click(findTestObject("Object Repository/RecAndPlayBk/Page-Vlink-Sale/input")): Object: 'Object Repository/RecAndPlayBk/Page-Vlink-Sale/input' is clicked on

2023-02-15 21:39:13 - [MESSAGE][PASSED] - Object: 'Object Repository/RecAndPlayBk/Page-Vlink-Sale/input' is clicked on

2023-02-15 21:39:13 - [TEST_STEP][FAILED] - if (verifyTextPresent("Transaction approved, no errors", true)): Text 'Transaction approved, no errors' is not present on page  using regular expression (Root cause: com.kms.katalon.core.exception.StepFailedException: Text 'Transaction approved, no errors' is not present on page  using regular expression
	at com.kms.katalon.core.webui.keyword.internal.WebUIKeywordMain.stepFailed(WebUIKeywordMain.groovy:64)
	at com.kms.katalon.core.webui.keyword.builtin.VerifyTextPresentKeyword$_verifyTextPresent_closure1.doCall(VerifyTextPresentKeyword.groovy:79)
	at com.kms.katalon.core.webui.keyword.builtin.VerifyTextPresentKeyword$_verifyTextPresent_closure1.call(VerifyTextPresentKeyword.groovy)
	at com.kms.katalon.core.webui.keyword.internal.WebUIKeywordMain.runKeyword(WebUIKeywordMain.groovy:20)
	at com.kms.katalon.core.webui.keyword.builtin.VerifyTextPresentKeyword.verifyTextPresent(VerifyTextPresentKeyword.groovy:83)
	at com.kms.katalon.core.webui.keyword.builtin.VerifyTextPresentKeyword.execute(VerifyTextPresentKeyword.groovy:68)
	at com.kms.katalon.core.keyword.internal.KeywordExecutor.executeKeywordForPlatform(KeywordExecutor.groovy:74)
	at com.kms.katalon.core.webui.keyword.WebUiBuiltInKeywords.verifyTextPresent(WebUiBuiltInKeywords.groovy:1723)
	at com.kms.katalon.core.webui.keyword.WebUiBuiltInKeywords$verifyTextPresent$4.call(Unknown Source)
	at Sale.run(Sale:155)
	at com.kms.katalon.core.main.ScriptEngine.run(ScriptEngine.java:194)
	at com.kms.katalon.core.main.ScriptEngine.runScriptAsRawText(ScriptEngine.java:119)
	at com.kms.katalon.core.main.TestCaseExecutor.runScript(TestCaseExecutor.java:442)
	at com.kms.katalon.core.main.TestCaseExecutor.doExecute(TestCaseExecutor.java:433)
	at com.kms.katalon.core.main.TestCaseExecutor.processExecutionPhase(TestCaseExecutor.java:412)
	at com.kms.katalon.core.main.TestCaseExecutor.accessMainPhase(TestCaseExecutor.java:404)
	at com.kms.katalon.core.main.TestCaseExecutor.execute(TestCaseExecutor.java:281)
	at com.kms.katalon.core.main.TestSuiteExecutor.accessTestCaseMainPhase(TestSuiteExecutor.java:202)
	at com.kms.katalon.core.main.TestSuiteExecutor.accessTestSuiteMainPhase(TestSuiteExecutor.java:164)
	at com.kms.katalon.core.main.TestSuiteExecutor.execute(TestSuiteExecutor.java:105)
	at com.kms.katalon.core.main.TestCaseMain.startTestSuite(TestCaseMain.java:185)
	at com.kms.katalon.core.main.TestCaseMain$startTestSuite$0.call(Unknown Source)
	at TempTestSuite1676514794135.run(TempTestSuite1676514794135.groovy:36)
)

2023-02-15 21:39:14 - [MESSAGE][FAILED] - Text 'Transaction approved, no errors' is not present on page  using regular expression (Root cause: com.kms.katalon.core.exception.StepFailedException: Text 'Transaction approved, no errors' is not present on page  using regular expression
	at com.kms.katalon.core.webui.keyword.internal.WebUIKeywordMain.stepFailed(WebUIKeywordMain.groovy:64)
	at com.kms.katalon.core.webui.keyword.builtin.VerifyTextPresentKeyword$_verifyTextPresent_closure1.doCall(VerifyTextPresentKeyword.groovy:79)
	at com.kms.katalon.core.webui.keyword.builtin.VerifyTextPresentKeyword$_verifyTextPresent_closure1.call(VerifyTextPresentKeyword.groovy)
	at com.kms.katalon.core.webui.keyword.internal.WebUIKeywordMain.runKeyword(WebUIKeywordMain.groovy:20)
	at com.kms.katalon.core.webui.keyword.builtin.VerifyTextPresentKeyword.verifyTextPresent(VerifyTextPresentKeyword.groovy:83)
	at com.kms.katalon.core.webui.keyword.builtin.VerifyTextPresentKeyword.execute(VerifyTextPresentKeyword.groovy:68)
	at com.kms.katalon.core.keyword.internal.KeywordExecutor.executeKeywordForPlatform(KeywordExecutor.groovy:74)
	at com.kms.katalon.core.webui.keyword.WebUiBuiltInKeywords.verifyTextPresent(WebUiBuiltInKeywords.groovy:1723)
	at com.kms.katalon.core.webui.keyword.WebUiBuiltInKeywords$verifyTextPresent$4.call(Unknown Source)
	at Sale.run(Sale:155)
	at com.kms.katalon.core.main.ScriptEngine.run(ScriptEngine.java:194)
	at com.kms.katalon.core.main.ScriptEngine.runScriptAsRawText(ScriptEngine.java:119)
	at com.kms.katalon.core.main.TestCaseExecutor.runScript(TestCaseExecutor.java:442)
	at com.kms.katalon.core.main.TestCaseExecutor.doExecute(TestCaseExecutor.java:433)
	at com.kms.katalon.core.main.TestCaseExecutor.processExecutionPhase(TestCaseExecutor.java:412)
	at com.kms.katalon.core.main.TestCaseExecutor.accessMainPhase(TestCaseExecutor.java:404)
	at com.kms.katalon.core.main.TestCaseExecutor.execute(TestCaseExecutor.java:281)
	at com.kms.katalon.core.main.TestSuiteExecutor.accessTestCaseMainPhase(TestSuiteExecutor.java:202)
	at com.kms.katalon.core.main.TestSuiteExecutor.accessTestSuiteMainPhase(TestSuiteExecutor.java:164)
	at com.kms.katalon.core.main.TestSuiteExecutor.execute(TestSuiteExecutor.java:105)
	at com.kms.katalon.core.main.TestCaseMain.startTestSuite(TestCaseMain.java:185)
	at com.kms.katalon.core.main.TestCaseMain$startTestSuite$0.call(Unknown Source)
	at TempTestSuite1676514794135.run(TempTestSuite1676514794135.groovy:36)
)

2023-02-15 21:39:14 - [TEST_STEP][PASSED] - else: pages.WriteExcel.demoKey is PASSED

2023-02-15 21:39:14 - [TEST_STEP][PASSED] - println("Transaction Approved, no errors text is not present on the Confirmation page"): null

2023-02-15 21:39:14 - [TEST_STEP][PASSED] - out.println("Fail Record Number: " + row): null

2023-02-15 21:39:14 - [TEST_STEP][PASSED] - resText = "Fail": null

2023-02-15 21:39:14 - [TEST_STEP][PASSED] - pages.WriteExcel.demoKey(resText, datText, resColumn, datCloumn, fileLoc, nameSheet, row): pages.WriteExcel.demoKey is PASSED

2023-02-15 21:39:14 - [MESSAGE][PASSED] - pages.WriteExcel.demoKey is PASSED

2023-02-15 21:39:14 - [TEST_STEP][PASSED] - ExecuteTC = findTestData(dataFile).getValue("Execute", row): null

2023-02-15 21:39:14 - [TEST_STEP][PASSED] - out.println("Value of Execute is : " + ExecuteTC): null

2023-02-15 21:39:14 - [TEST_STEP][PASSED] - switch (executionProfile): null

2023-02-15 21:39:14 - [TEST_STEP][PASSED] - case "QAProfile":: null

2023-02-15 21:39:14 - [TEST_STEP][PASSED] - appID = findTestData(dataFile).getValue("AppIDQA", row): null

2023-02-15 21:39:14 - [TEST_STEP][PASSED] - username = findTestData(dataFile).getValue("UsernameQA", row): null

2023-02-15 21:39:14 - [TEST_STEP][PASSED] - password = findTestData(dataFile).getValue("PasswordQA", row): null

2023-02-15 21:39:14 - [TEST_STEP][PASSED] - break: null

2023-02-15 21:39:14 - [TEST_STEP][PASSED] - if (ExecuteTC.equalsIgnoreCase("Y")): null

2023-02-15 21:39:14 - [TEST_STEP][PASSED] - out.println("Begin Record Number: " + row): null

2023-02-15 21:39:14 - [TEST_STEP][PASSED] - today = new java.util.Date(): null

2023-02-15 21:39:14 - [TEST_STEP][PASSED] - println(today): null

2023-02-15 21:39:14 - [TEST_STEP][PASSED] - datText = today: null

2023-02-15 21:39:14 - [TEST_STEP][PASSED] - category = findTestData(dataFile).getValue("Category", row): null

2023-02-15 21:39:14 - [TEST_STEP][PASSED] - amount = findTestData(dataFile).getValue("Amount", row): null

2023-02-15 21:39:14 - [TEST_STEP][PASSED] - cardNumber = findTestData(dataFile).getValue("CardNumber", row): null

2023-02-15 21:39:15 - [TEST_STEP][PASSED] - exM = findTestData(dataFile).getValue("ExM", row): null

2023-02-15 21:39:15 - [TEST_STEP][PASSED] - exY = findTestData(dataFile).getValue("ExY", row): null

2023-02-15 21:39:15 - [TEST_STEP][PASSED] - openBrowser(VLinkURL + "authcap.html"): Browser is opened with url: 'https://dev-algorithm.govolution.com/vlinktest/QA/version_2_0/authcap.html'

2023-02-15 21:39:15 - [MESSAGE][WARNING] - A browser is already opened. Closing browser and opening a new one

2023-02-15 21:39:16 - [MESSAGE][INFO] - Starting 'Chrome' driver

2023-02-15 21:39:16 - [MESSAGE][INFO] - User set preference: ['acceptInsecureCerts', 'true']

2023-02-15 21:39:16 - [MESSAGE][INFO] - Action delay is set to 0 milliseconds

2023-02-15 21:39:17 - [MESSAGE][PASSED] - Browser is opened with url: 'https://dev-algorithm.govolution.com/vlinktest/QA/version_2_0/authcap.html'

2023-02-15 21:39:17 - [TEST_STEP][PASSED] - maximizeWindow(): Current window maximized

2023-02-15 21:39:18 - [MESSAGE][PASSED] - Current window maximized

2023-02-15 21:39:18 - [TEST_STEP][PASSED] - maximizeWindow(): Current window maximized

2023-02-15 21:39:18 - [MESSAGE][PASSED] - Current window maximized

2023-02-15 21:39:18 - [TEST_STEP][PASSED] - genRemID = RandomStringUtils.random(12, true, true): null

2023-02-15 21:39:18 - [TEST_STEP][PASSED] - setText(findTestObject("Object Repository/RecAndPlayBk/Page-Vlink-Sale/input_Remittance Id_remittance_id"), genRemID): Text 'Cg6TSiZqGEij' is set on object 'Object Repository/RecAndPlayBk/Page-Vlink-Sale/input_Remittance Id_remittance_id'

2023-02-15 21:39:18 - [MESSAGE][PASSED] - Text 'Cg6TSiZqGEij' is set on object 'Object Repository/RecAndPlayBk/Page-Vlink-Sale/input_Remittance Id_remittance_id'

2023-02-15 21:39:18 - [TEST_STEP][PASSED] - setText(findTestObject("Object Repository/RecAndPlayBk/Page-Vlink-Sale/input_Application Id_application_id"), appID): Text '87' is set on object 'Object Repository/RecAndPlayBk/Page-Vlink-Sale/input_Application Id_application_id'

2023-02-15 21:39:19 - [MESSAGE][PASSED] - Text '87' is set on object 'Object Repository/RecAndPlayBk/Page-Vlink-Sale/input_Application Id_application_id'

2023-02-15 21:39:19 - [TEST_STEP][PASSED] - setText(findTestObject("Object Repository/RecAndPlayBk/Page-Vlink-Sale/input_Username_username"), username): Text 'username' is set on object 'Object Repository/RecAndPlayBk/Page-Vlink-Sale/input_Username_username'

2023-02-15 21:39:20 - [MESSAGE][PASSED] - Text 'username' is set on object 'Object Repository/RecAndPlayBk/Page-Vlink-Sale/input_Username_username'

2023-02-15 21:39:20 - [TEST_STEP][PASSED] - setText(findTestObject("Object Repository/RecAndPlayBk/Page-Vlink-Sale/input_Password_password"), password): Text 'password' is set on object 'Object Repository/RecAndPlayBk/Page-Vlink-Sale/input_Password_password'

2023-02-15 21:39:20 - [MESSAGE][PASSED] - Text 'password' is set on object 'Object Repository/RecAndPlayBk/Page-Vlink-Sale/input_Password_password'

2023-02-15 21:39:20 - [TEST_STEP][PASSED] - setText(findTestObject("Object Repository/RecAndPlayBk/Page-Vlink-Sale/input_Category_category"), category): Text 'ECOM' is set on object 'Object Repository/RecAndPlayBk/Page-Vlink-Sale/input_Category_category'

2023-02-15 21:39:21 - [MESSAGE][PASSED] - Text 'ECOM' is set on object 'Object Repository/RecAndPlayBk/Page-Vlink-Sale/input_Category_category'

2023-02-15 21:39:21 - [TEST_STEP][PASSED] - setText(findTestObject("Object Repository/RecAndPlayBk/Page-Vlink-Sale/input_Amount_amount"), amount): Text '10.5' is set on object 'Object Repository/RecAndPlayBk/Page-Vlink-Sale/input_Amount_amount'

2023-02-15 21:39:22 - [MESSAGE][PASSED] - Text '10.5' is set on object 'Object Repository/RecAndPlayBk/Page-Vlink-Sale/input_Amount_amount'

2023-02-15 21:39:22 - [TEST_STEP][PASSED] - doubleClick(findTestObject("Object Repository/RecAndPlayBk/Page-Vlink-Sale/input_Card number_card_number")): Object: 'Object Repository/RecAndPlayBk/Page-Vlink-Sale/input_Card number_card_number' is double clicked on

2023-02-15 21:39:22 - [MESSAGE][PASSED] - Object: 'Object Repository/RecAndPlayBk/Page-Vlink-Sale/input_Card number_card_number' is double clicked on

2023-02-15 21:39:22 - [TEST_STEP][PASSED] - setText(findTestObject("Object Repository/RecAndPlayBk/Page-Vlink-Sale/input_Card number_card_number"), cardNumber): Text '4012000098765439' is set on object 'Object Repository/RecAndPlayBk/Page-Vlink-Sale/input_Card number_card_number'

2023-02-15 21:39:23 - [MESSAGE][PASSED] - Text '4012000098765439' is set on object 'Object Repository/RecAndPlayBk/Page-Vlink-Sale/input_Card number_card_number'

2023-02-15 21:39:23 - [TEST_STEP][PASSED] - setText(findTestObject("Object Repository/RecAndPlayBk/Page-Vlink-Sale/input_Card ex month_card_exmo"), exM): Text '12' is set on object 'Object Repository/RecAndPlayBk/Page-Vlink-Sale/input_Card ex month_card_exmo'

2023-02-15 21:39:23 - [MESSAGE][PASSED] - Text '12' is set on object 'Object Repository/RecAndPlayBk/Page-Vlink-Sale/input_Card ex month_card_exmo'

2023-02-15 21:39:23 - [TEST_STEP][PASSED] - setText(findTestObject("Object Repository/RecAndPlayBk/Page-Vlink-Sale/input_Card ex year_card_exyr"), exY): Text '2029' is set on object 'Object Repository/RecAndPlayBk/Page-Vlink-Sale/input_Card ex year_card_exyr'

2023-02-15 21:39:24 - [MESSAGE][PASSED] - Text '2029' is set on object 'Object Repository/RecAndPlayBk/Page-Vlink-Sale/input_Card ex year_card_exyr'

2023-02-15 21:39:24 - [TEST_STEP][PASSED] - click(findTestObject("Object Repository/RecAndPlayBk/Page-Vlink-Sale/input_Track Data_track_data")): Object: 'Object Repository/RecAndPlayBk/Page-Vlink-Sale/input_Track Data_track_data' is clicked on

2023-02-15 21:39:24 - [MESSAGE][PASSED] - Object: 'Object Repository/RecAndPlayBk/Page-Vlink-Sale/input_Track Data_track_data' is clicked on

2023-02-15 21:39:24 - [TEST_STEP][PASSED] - click(findTestObject("Object Repository/RecAndPlayBk/Page-Vlink-Sale/input_CVV state_cvv_state")): Object: 'Object Repository/RecAndPlayBk/Page-Vlink-Sale/input_CVV state_cvv_state' is clicked on

2023-02-15 21:39:24 - [MESSAGE][PASSED] - Object: 'Object Repository/RecAndPlayBk/Page-Vlink-Sale/input_CVV state_cvv_state' is clicked on

2023-02-15 21:39:24 - [TEST_STEP][PASSED] - setText(findTestObject("Object Repository/RecAndPlayBk/Page-Vlink-Sale/input_Track Data_track_data"), ""): Text '' is set on object 'Object Repository/RecAndPlayBk/Page-Vlink-Sale/input_Track Data_track_data'

2023-02-15 21:39:25 - [MESSAGE][PASSED] - Text '' is set on object 'Object Repository/RecAndPlayBk/Page-Vlink-Sale/input_Track Data_track_data'

2023-02-15 21:39:25 - [TEST_STEP][PASSED] - setText(findTestObject("Object Repository/RecAndPlayBk/Page-Vlink-Sale/input_concat(Cardholder, , s email)_email"), ""): Text '' is set on object 'Object Repository/RecAndPlayBk/Page-Vlink-Sale/input_concat(Cardholder, , s email)_email'

2023-02-15 21:39:26 - [MESSAGE][PASSED] - Text '' is set on object 'Object Repository/RecAndPlayBk/Page-Vlink-Sale/input_concat(Cardholder, , s email)_email'

2023-02-15 21:39:26 - [TEST_STEP][PASSED] - click(findTestObject("Object Repository/RecAndPlayBk/Page-Vlink-Sale/input_user_defined10_user_defined10")): Object: 'Object Repository/RecAndPlayBk/Page-Vlink-Sale/input_user_defined10_user_defined10' is clicked on

2023-02-15 21:39:26 - [MESSAGE][PASSED] - Object: 'Object Repository/RecAndPlayBk/Page-Vlink-Sale/input_user_defined10_user_defined10' is clicked on

2023-02-15 21:39:26 - [TEST_STEP][PASSED] - if (executionProfile.equalsIgnoreCase("QAProfile") || executionProfile.equalsIgnoreCase("DemoProfile")): Text '' is set on object 'Object Repository/RecAndPlayBk/Page-Vlink-Sale/input_COF Transaction Initiated by_cof_tran_6cded5'

2023-02-15 21:39:26 - [TEST_STEP][PASSED] - setText(findTestObject("Object Repository/RecAndPlayBk/Page-Vlink-Sale/input_Card on File Indicator_card_on_file_i_157dae"), ""): Text '' is set on object 'Object Repository/RecAndPlayBk/Page-Vlink-Sale/input_Card on File Indicator_card_on_file_i_157dae'

2023-02-15 21:39:27 - [MESSAGE][PASSED] - Text '' is set on object 'Object Repository/RecAndPlayBk/Page-Vlink-Sale/input_Card on File Indicator_card_on_file_i_157dae'

2023-02-15 21:39:27 - [TEST_STEP][PASSED] - setText(findTestObject("Object Repository/RecAndPlayBk/Page-Vlink-Sale/input_Stored Credential Indicator_stored_cr_4ae73c"), ""): Text '' is set on object 'Object Repository/RecAndPlayBk/Page-Vlink-Sale/input_Stored Credential Indicator_stored_cr_4ae73c'

2023-02-15 21:39:27 - [MESSAGE][PASSED] - Text '' is set on object 'Object Repository/RecAndPlayBk/Page-Vlink-Sale/input_Stored Credential Indicator_stored_cr_4ae73c'

2023-02-15 21:39:27 - [TEST_STEP][PASSED] - setText(findTestObject("Object Repository/RecAndPlayBk/Page-Vlink-Sale/input_COF Scheduled indicator_cof_scheduled_8df7d8"), ""): Text '' is set on object 'Object Repository/RecAndPlayBk/Page-Vlink-Sale/input_COF Scheduled indicator_cof_scheduled_8df7d8'

2023-02-15 21:39:28 - [MESSAGE][PASSED] - Text '' is set on object 'Object Repository/RecAndPlayBk/Page-Vlink-Sale/input_COF Scheduled indicator_cof_scheduled_8df7d8'

2023-02-15 21:39:28 - [TEST_STEP][PASSED] - setText(findTestObject("Object Repository/RecAndPlayBk/Page-Vlink-Sale/input_COF Transaction Initiated by_cof_tran_6cded5"), ""): Text '' is set on object 'Object Repository/RecAndPlayBk/Page-Vlink-Sale/input_COF Transaction Initiated by_cof_tran_6cded5'

2023-02-15 21:39:29 - [MESSAGE][PASSED] - Text '' is set on object 'Object Repository/RecAndPlayBk/Page-Vlink-Sale/input_COF Transaction Initiated by_cof_tran_6cded5'

2023-02-15 21:39:29 - [TEST_STEP][PASSED] - click(findTestObject("Object Repository/RecAndPlayBk/Page-Vlink-Sale/input")): Object: 'Object Repository/RecAndPlayBk/Page-Vlink-Sale/input' is clicked on

2023-02-15 21:39:32 - [MESSAGE][PASSED] - Object: 'Object Repository/RecAndPlayBk/Page-Vlink-Sale/input' is clicked on

2023-02-15 21:39:32 - [TEST_STEP][PASSED] - if (verifyTextPresent("Transaction approved, no errors", true)): null

2023-02-15 21:39:32 - [MESSAGE][PASSED] - Text 'Transaction approved, no errors' is present on page  using regular expression

2023-02-15 21:39:32 - [TEST_STEP][PASSED] - println("Transaction Approved, no errors text is present on the Confirmation page"): null

2023-02-15 21:39:32 - [TEST_STEP][PASSED] - out.println("Pass Record Number: " + row): null

2023-02-15 21:39:32 - [TEST_STEP][PASSED] - resText = "Pass": null

2023-02-15 21:39:32 - [TEST_STEP][PASSED] - pages.WriteExcel.demoKey(resText, datText, resColumn, datCloumn, fileLoc, nameSheet, row): pages.WriteExcel.demoKey is PASSED

2023-02-15 21:39:32 - [MESSAGE][PASSED] - pages.WriteExcel.demoKey is PASSED

2023-02-15 21:39:32 - [TEST_STEP][PASSED] - ExecuteTC = findTestData(dataFile).getValue("Execute", row): null

2023-02-15 21:39:32 - [TEST_STEP][PASSED] - out.println("Value of Execute is : " + ExecuteTC): null

2023-02-15 21:39:32 - [TEST_STEP][PASSED] - switch (executionProfile): null

2023-02-15 21:39:32 - [TEST_STEP][PASSED] - case "QAProfile":: null

2023-02-15 21:39:32 - [TEST_STEP][PASSED] - appID = findTestData(dataFile).getValue("AppIDQA", row): null

2023-02-15 21:39:32 - [TEST_STEP][PASSED] - username = findTestData(dataFile).getValue("UsernameQA", row): null

2023-02-15 21:39:33 - [TEST_STEP][PASSED] - password = findTestData(dataFile).getValue("PasswordQA", row): null

2023-02-15 21:39:33 - [TEST_STEP][PASSED] - break: null

2023-02-15 21:39:33 - [TEST_STEP][PASSED] - if (ExecuteTC.equalsIgnoreCase("Y")): null

2023-02-15 21:39:33 - [TEST_STEP][PASSED] - out.println("Begin Record Number: " + row): null

2023-02-15 21:39:33 - [TEST_STEP][PASSED] - today = new java.util.Date(): null

2023-02-15 21:39:33 - [TEST_STEP][PASSED] - println(today): null

2023-02-15 21:39:33 - [TEST_STEP][PASSED] - datText = today: null

2023-02-15 21:39:33 - [TEST_STEP][PASSED] - category = findTestData(dataFile).getValue("Category", row): null

2023-02-15 21:39:33 - [TEST_STEP][PASSED] - amount = findTestData(dataFile).getValue("Amount", row): null

2023-02-15 21:39:33 - [TEST_STEP][PASSED] - cardNumber = findTestData(dataFile).getValue("CardNumber", row): null

2023-02-15 21:39:33 - [TEST_STEP][PASSED] - exM = findTestData(dataFile).getValue("ExM", row): null

2023-02-15 21:39:33 - [TEST_STEP][PASSED] - exY = findTestData(dataFile).getValue("ExY", row): null

2023-02-15 21:39:33 - [TEST_STEP][PASSED] - openBrowser(VLinkURL + "authcap.html"): Browser is opened with url: 'https://dev-algorithm.govolution.com/vlinktest/QA/version_2_0/authcap.html'

2023-02-15 21:39:33 - [MESSAGE][WARNING] - A browser is already opened. Closing browser and opening a new one

2023-02-15 21:39:34 - [MESSAGE][INFO] - Starting 'Chrome' driver

2023-02-15 21:39:34 - [MESSAGE][INFO] - User set preference: ['acceptInsecureCerts', 'true']

2023-02-15 21:39:34 - [MESSAGE][INFO] - Action delay is set to 0 milliseconds

2023-02-15 21:39:36 - [MESSAGE][PASSED] - Browser is opened with url: 'https://dev-algorithm.govolution.com/vlinktest/QA/version_2_0/authcap.html'

2023-02-15 21:39:36 - [TEST_STEP][PASSED] - maximizeWindow(): Current window maximized

2023-02-15 21:39:36 - [MESSAGE][PASSED] - Current window maximized

2023-02-15 21:39:36 - [TEST_STEP][PASSED] - maximizeWindow(): Current window maximized

2023-02-15 21:39:36 - [MESSAGE][PASSED] - Current window maximized

2023-02-15 21:39:36 - [TEST_STEP][PASSED] - genRemID = RandomStringUtils.random(12, true, true): null

2023-02-15 21:39:36 - [TEST_STEP][PASSED] - setText(findTestObject("Object Repository/RecAndPlayBk/Page-Vlink-Sale/input_Remittance Id_remittance_id"), genRemID): Text 'uNErj0q7vsrT' is set on object 'Object Repository/RecAndPlayBk/Page-Vlink-Sale/input_Remittance Id_remittance_id'

2023-02-15 21:39:37 - [MESSAGE][PASSED] - Text 'uNErj0q7vsrT' is set on object 'Object Repository/RecAndPlayBk/Page-Vlink-Sale/input_Remittance Id_remittance_id'

2023-02-15 21:39:37 - [TEST_STEP][PASSED] - setText(findTestObject("Object Repository/RecAndPlayBk/Page-Vlink-Sale/input_Application Id_application_id"), appID): Text '581' is set on object 'Object Repository/RecAndPlayBk/Page-Vlink-Sale/input_Application Id_application_id'

2023-02-15 21:39:37 - [MESSAGE][PASSED] - Text '581' is set on object 'Object Repository/RecAndPlayBk/Page-Vlink-Sale/input_Application Id_application_id'

2023-02-15 21:39:37 - [TEST_STEP][PASSED] - setText(findTestObject("Object Repository/RecAndPlayBk/Page-Vlink-Sale/input_Username_username"), username): Text 'usr581' is set on object 'Object Repository/RecAndPlayBk/Page-Vlink-Sale/input_Username_username'

2023-02-15 21:39:38 - [MESSAGE][PASSED] - Text 'usr581' is set on object 'Object Repository/RecAndPlayBk/Page-Vlink-Sale/input_Username_username'

2023-02-15 21:39:38 - [TEST_STEP][PASSED] - setText(findTestObject("Object Repository/RecAndPlayBk/Page-Vlink-Sale/input_Password_password"), password): Text 'pwd581' is set on object 'Object Repository/RecAndPlayBk/Page-Vlink-Sale/input_Password_password'

2023-02-15 21:39:39 - [MESSAGE][PASSED] - Text 'pwd581' is set on object 'Object Repository/RecAndPlayBk/Page-Vlink-Sale/input_Password_password'

2023-02-15 21:39:39 - [TEST_STEP][PASSED] - setText(findTestObject("Object Repository/RecAndPlayBk/Page-Vlink-Sale/input_Category_category"), category): Text 'ECOM' is set on object 'Object Repository/RecAndPlayBk/Page-Vlink-Sale/input_Category_category'

2023-02-15 21:39:39 - [MESSAGE][PASSED] - Text 'ECOM' is set on object 'Object Repository/RecAndPlayBk/Page-Vlink-Sale/input_Category_category'

2023-02-15 21:39:39 - [TEST_STEP][PASSED] - setText(findTestObject("Object Repository/RecAndPlayBk/Page-Vlink-Sale/input_Amount_amount"), amount): Text '10.5' is set on object 'Object Repository/RecAndPlayBk/Page-Vlink-Sale/input_Amount_amount'

2023-02-15 21:39:40 - [MESSAGE][PASSED] - Text '10.5' is set on object 'Object Repository/RecAndPlayBk/Page-Vlink-Sale/input_Amount_amount'

2023-02-15 21:39:40 - [TEST_STEP][PASSED] - doubleClick(findTestObject("Object Repository/RecAndPlayBk/Page-Vlink-Sale/input_Card number_card_number")): Object: 'Object Repository/RecAndPlayBk/Page-Vlink-Sale/input_Card number_card_number' is double clicked on

2023-02-15 21:39:40 - [MESSAGE][PASSED] - Object: 'Object Repository/RecAndPlayBk/Page-Vlink-Sale/input_Card number_card_number' is double clicked on

2023-02-15 21:39:40 - [TEST_STEP][PASSED] - setText(findTestObject("Object Repository/RecAndPlayBk/Page-Vlink-Sale/input_Card number_card_number"), cardNumber): Text '5146312200000035' is set on object 'Object Repository/RecAndPlayBk/Page-Vlink-Sale/input_Card number_card_number'

2023-02-15 21:39:41 - [MESSAGE][PASSED] - Text '5146312200000035' is set on object 'Object Repository/RecAndPlayBk/Page-Vlink-Sale/input_Card number_card_number'

2023-02-15 21:39:41 - [TEST_STEP][PASSED] - setText(findTestObject("Object Repository/RecAndPlayBk/Page-Vlink-Sale/input_Card ex month_card_exmo"), exM): Text '12' is set on object 'Object Repository/RecAndPlayBk/Page-Vlink-Sale/input_Card ex month_card_exmo'

2023-02-15 21:39:41 - [MESSAGE][PASSED] - Text '12' is set on object 'Object Repository/RecAndPlayBk/Page-Vlink-Sale/input_Card ex month_card_exmo'

2023-02-15 21:39:41 - [TEST_STEP][PASSED] - setText(findTestObject("Object Repository/RecAndPlayBk/Page-Vlink-Sale/input_Card ex year_card_exyr"), exY): Text '2029' is set on object 'Object Repository/RecAndPlayBk/Page-Vlink-Sale/input_Card ex year_card_exyr'

2023-02-15 21:39:42 - [MESSAGE][PASSED] - Text '2029' is set on object 'Object Repository/RecAndPlayBk/Page-Vlink-Sale/input_Card ex year_card_exyr'

2023-02-15 21:39:42 - [TEST_STEP][PASSED] - click(findTestObject("Object Repository/RecAndPlayBk/Page-Vlink-Sale/input_Track Data_track_data")): Object: 'Object Repository/RecAndPlayBk/Page-Vlink-Sale/input_Track Data_track_data' is clicked on

2023-02-15 21:39:42 - [MESSAGE][PASSED] - Object: 'Object Repository/RecAndPlayBk/Page-Vlink-Sale/input_Track Data_track_data' is clicked on

2023-02-15 21:39:42 - [TEST_STEP][PASSED] - click(findTestObject("Object Repository/RecAndPlayBk/Page-Vlink-Sale/input_CVV state_cvv_state")): Object: 'Object Repository/RecAndPlayBk/Page-Vlink-Sale/input_CVV state_cvv_state' is clicked on

2023-02-15 21:39:43 - [MESSAGE][PASSED] - Object: 'Object Repository/RecAndPlayBk/Page-Vlink-Sale/input_CVV state_cvv_state' is clicked on

2023-02-15 21:39:43 - [TEST_STEP][PASSED] - setText(findTestObject("Object Repository/RecAndPlayBk/Page-Vlink-Sale/input_Track Data_track_data"), ""): Text '' is set on object 'Object Repository/RecAndPlayBk/Page-Vlink-Sale/input_Track Data_track_data'

2023-02-15 21:39:43 - [MESSAGE][PASSED] - Text '' is set on object 'Object Repository/RecAndPlayBk/Page-Vlink-Sale/input_Track Data_track_data'

2023-02-15 21:39:43 - [TEST_STEP][PASSED] - setText(findTestObject("Object Repository/RecAndPlayBk/Page-Vlink-Sale/input_concat(Cardholder, , s email)_email"), ""): Text '' is set on object 'Object Repository/RecAndPlayBk/Page-Vlink-Sale/input_concat(Cardholder, , s email)_email'

2023-02-15 21:39:44 - [MESSAGE][PASSED] - Text '' is set on object 'Object Repository/RecAndPlayBk/Page-Vlink-Sale/input_concat(Cardholder, , s email)_email'

2023-02-15 21:39:44 - [TEST_STEP][PASSED] - click(findTestObject("Object Repository/RecAndPlayBk/Page-Vlink-Sale/input_user_defined10_user_defined10")): Object: 'Object Repository/RecAndPlayBk/Page-Vlink-Sale/input_user_defined10_user_defined10' is clicked on

2023-02-15 21:39:44 - [MESSAGE][PASSED] - Object: 'Object Repository/RecAndPlayBk/Page-Vlink-Sale/input_user_defined10_user_defined10' is clicked on

2023-02-15 21:39:44 - [TEST_STEP][PASSED] - if (executionProfile.equalsIgnoreCase("QAProfile") || executionProfile.equalsIgnoreCase("DemoProfile")): Text '' is set on object 'Object Repository/RecAndPlayBk/Page-Vlink-Sale/input_COF Transaction Initiated by_cof_tran_6cded5'

2023-02-15 21:39:44 - [TEST_STEP][PASSED] - setText(findTestObject("Object Repository/RecAndPlayBk/Page-Vlink-Sale/input_Card on File Indicator_card_on_file_i_157dae"), ""): Text '' is set on object 'Object Repository/RecAndPlayBk/Page-Vlink-Sale/input_Card on File Indicator_card_on_file_i_157dae'

2023-02-15 21:39:45 - [MESSAGE][PASSED] - Text '' is set on object 'Object Repository/RecAndPlayBk/Page-Vlink-Sale/input_Card on File Indicator_card_on_file_i_157dae'

2023-02-15 21:39:45 - [TEST_STEP][PASSED] - setText(findTestObject("Object Repository/RecAndPlayBk/Page-Vlink-Sale/input_Stored Credential Indicator_stored_cr_4ae73c"), ""): Text '' is set on object 'Object Repository/RecAndPlayBk/Page-Vlink-Sale/input_Stored Credential Indicator_stored_cr_4ae73c'

2023-02-15 21:39:46 - [MESSAGE][PASSED] - Text '' is set on object 'Object Repository/RecAndPlayBk/Page-Vlink-Sale/input_Stored Credential Indicator_stored_cr_4ae73c'

2023-02-15 21:39:46 - [TEST_STEP][PASSED] - setText(findTestObject("Object Repository/RecAndPlayBk/Page-Vlink-Sale/input_COF Scheduled indicator_cof_scheduled_8df7d8"), ""): Text '' is set on object 'Object Repository/RecAndPlayBk/Page-Vlink-Sale/input_COF Scheduled indicator_cof_scheduled_8df7d8'

2023-02-15 21:39:46 - [MESSAGE][PASSED] - Text '' is set on object 'Object Repository/RecAndPlayBk/Page-Vlink-Sale/input_COF Scheduled indicator_cof_scheduled_8df7d8'

2023-02-15 21:39:46 - [TEST_STEP][PASSED] - setText(findTestObject("Object Repository/RecAndPlayBk/Page-Vlink-Sale/input_COF Transaction Initiated by_cof_tran_6cded5"), ""): Text '' is set on object 'Object Repository/RecAndPlayBk/Page-Vlink-Sale/input_COF Transaction Initiated by_cof_tran_6cded5'

2023-02-15 21:39:47 - [MESSAGE][PASSED] - Text '' is set on object 'Object Repository/RecAndPlayBk/Page-Vlink-Sale/input_COF Transaction Initiated by_cof_tran_6cded5'

2023-02-15 21:39:47 - [TEST_STEP][PASSED] - click(findTestObject("Object Repository/RecAndPlayBk/Page-Vlink-Sale/input")): Object: 'Object Repository/RecAndPlayBk/Page-Vlink-Sale/input' is clicked on

2023-02-15 21:39:48 - [MESSAGE][PASSED] - Object: 'Object Repository/RecAndPlayBk/Page-Vlink-Sale/input' is clicked on

2023-02-15 21:39:48 - [TEST_STEP][PASSED] - if (verifyTextPresent("Transaction approved, no errors", true)): null

2023-02-15 21:39:48 - [MESSAGE][PASSED] - Text 'Transaction approved, no errors' is present on page  using regular expression

2023-02-15 21:39:48 - [TEST_STEP][PASSED] - println("Transaction Approved, no errors text is present on the Confirmation page"): null

2023-02-15 21:39:48 - [TEST_STEP][PASSED] - out.println("Pass Record Number: " + row): null

2023-02-15 21:39:48 - [TEST_STEP][PASSED] - resText = "Pass": null

2023-02-15 21:39:48 - [TEST_STEP][PASSED] - pages.WriteExcel.demoKey(resText, datText, resColumn, datCloumn, fileLoc, nameSheet, row): pages.WriteExcel.demoKey is PASSED

2023-02-15 21:39:48 - [MESSAGE][PASSED] - pages.WriteExcel.demoKey is PASSED]]></system-out>
         <system-err><![CDATA[2023-02-15 21:38:25 - [TEST_CASE][FAILED] - Test Cases/RecAndPlayBk/VLink/Sale: Test Cases/RecAndPlayBk/VLink/Sale FAILED.
Reason:
com.kms.katalon.core.exception.StepFailedException: Text 'Transaction approved, no errors' is not present on page  using regular expression (Root cause: com.kms.katalon.core.exception.StepFailedException: Text 'Transaction approved, no errors' is not present on page  using regular expression
	at com.kms.katalon.core.webui.keyword.internal.WebUIKeywordMain.stepFailed(WebUIKeywordMain.groovy:64)
	at com.kms.katalon.core.webui.keyword.builtin.VerifyTextPresentKeyword$_verifyTextPresent_closure1.doCall(VerifyTextPresentKeyword.groovy:79)
	at com.kms.katalon.core.webui.keyword.builtin.VerifyTextPresentKeyword$_verifyTextPresent_closure1.call(VerifyTextPresentKeyword.groovy)
	at com.kms.katalon.core.webui.keyword.internal.WebUIKeywordMain.runKeyword(WebUIKeywordMain.groovy:20)
	at com.kms.katalon.core.webui.keyword.builtin.VerifyTextPresentKeyword.verifyTextPresent(VerifyTextPresentKeyword.groovy:83)
	at com.kms.katalon.core.webui.keyword.builtin.VerifyTextPresentKeyword.execute(VerifyTextPresentKeyword.groovy:68)
	at com.kms.katalon.core.keyword.internal.KeywordExecutor.executeKeywordForPlatform(KeywordExecutor.groovy:74)
	at com.kms.katalon.core.webui.keyword.WebUiBuiltInKeywords.verifyTextPresent(WebUiBuiltInKeywords.groovy:1723)
	at com.kms.katalon.core.webui.keyword.WebUiBuiltInKeywords$verifyTextPresent$4.call(Unknown Source)
	at Sale.run(Sale:155)
	at com.kms.katalon.core.main.ScriptEngine.run(ScriptEngine.java:194)
	at com.kms.katalon.core.main.ScriptEngine.runScriptAsRawText(ScriptEngine.java:119)
	at com.kms.katalon.core.main.TestCaseExecutor.runScript(TestCaseExecutor.java:442)
	at com.kms.katalon.core.main.TestCaseExecutor.doExecute(TestCaseExecutor.java:433)
	at com.kms.katalon.core.main.TestCaseExecutor.processExecutionPhase(TestCaseExecutor.java:412)
	at com.kms.katalon.core.main.TestCaseExecutor.accessMainPhase(TestCaseExecutor.java:404)
	at com.kms.katalon.core.main.TestCaseExecutor.execute(TestCaseExecutor.java:281)
	at com.kms.katalon.core.main.TestSuiteExecutor.accessTestCaseMainPhase(TestSuiteExecutor.java:202)
	at com.kms.katalon.core.main.TestSuiteExecutor.accessTestSuiteMainPhase(TestSuiteExecutor.java:164)
	at com.kms.katalon.core.main.TestSuiteExecutor.execute(TestSuiteExecutor.java:105)
	at com.kms.katalon.core.main.TestCaseMain.startTestSuite(TestCaseMain.java:185)
	at com.kms.katalon.core.main.TestCaseMain$startTestSuite$0.call(Unknown Source)
	at TempTestSuite1676514794135.run(TempTestSuite1676514794135.groovy:36)
)
	at com.kms.katalon.core.keyword.internal.KeywordMain.stepFailed(KeywordMain.groovy:39)
	at com.kms.katalon.core.webui.keyword.internal.WebUIKeywordMain.stepFailed(WebUIKeywordMain.groovy:64)
	at com.kms.katalon.core.webui.keyword.builtin.VerifyTextPresentKeyword$_verifyTextPresent_closure1.doCall(VerifyTextPresentKeyword.groovy:79)
	at com.kms.katalon.core.webui.keyword.builtin.VerifyTextPresentKeyword$_verifyTextPresent_closure1.call(VerifyTextPresentKeyword.groovy)
	at com.kms.katalon.core.webui.keyword.internal.WebUIKeywordMain.runKeyword(WebUIKeywordMain.groovy:20)
	at com.kms.katalon.core.webui.keyword.builtin.VerifyTextPresentKeyword.verifyTextPresent(VerifyTextPresentKeyword.groovy:83)
	at com.kms.katalon.core.webui.keyword.builtin.VerifyTextPresentKeyword.execute(VerifyTextPresentKeyword.groovy:68)
	at com.kms.katalon.core.keyword.internal.KeywordExecutor.executeKeywordForPlatform(KeywordExecutor.groovy:74)
	at com.kms.katalon.core.webui.keyword.WebUiBuiltInKeywords.verifyTextPresent(WebUiBuiltInKeywords.groovy:1723)
	at com.kms.katalon.core.webui.keyword.WebUiBuiltInKeywords$verifyTextPresent$4.call(Unknown Source)
	at Sale.run(Sale:155)
	at com.kms.katalon.core.main.ScriptEngine.run(ScriptEngine.java:194)
	at com.kms.katalon.core.main.ScriptEngine.runScriptAsRawText(ScriptEngine.java:119)
	at com.kms.katalon.core.main.TestCaseExecutor.runScript(TestCaseExecutor.java:442)
	at com.kms.katalon.core.main.TestCaseExecutor.doExecute(TestCaseExecutor.java:433)
	at com.kms.katalon.core.main.TestCaseExecutor.processExecutionPhase(TestCaseExecutor.java:412)
	at com.kms.katalon.core.main.TestCaseExecutor.accessMainPhase(TestCaseExecutor.java:404)
	at com.kms.katalon.core.main.TestCaseExecutor.execute(TestCaseExecutor.java:281)
	at com.kms.katalon.core.main.TestSuiteExecutor.accessTestCaseMainPhase(TestSuiteExecutor.java:202)
	at com.kms.katalon.core.main.TestSuiteExecutor.accessTestSuiteMainPhase(TestSuiteExecutor.java:164)
	at com.kms.katalon.core.main.TestSuiteExecutor.execute(TestSuiteExecutor.java:105)
	at com.kms.katalon.core.main.TestCaseMain.startTestSuite(TestCaseMain.java:185)
	at com.kms.katalon.core.main.TestCaseMain$startTestSuite$0.call(Unknown Source)
	at TempTestSuite1676514794135.run(TempTestSuite1676514794135.groovy:36)
Caused by: com.kms.katalon.core.exception.StepFailedException: Text 'Transaction approved, no errors' is not present on page  using regular expression
	... 23 more]]></system-err>
      </testcase>
      <testcase name="Test Cases/RecAndPlayBk/VLink/Sale-Void" time="119.839" classname="Test Cases/RecAndPlayBk/VLink/Sale-Void" status="FAILED">
         <failure type="FAILED" message="Test Cases/RecAndPlayBk/VLink/Sale-Void FAILED.
Reason:
com.kms.katalon.core.exception.StepFailedException: Text 'Transaction approved, no errors' is not present on page  using regular expression (Root cause: com.kms.katalon.core.exception.StepFailedException: Text 'Transaction approved, no errors' is not present on page  using regular expression
	at com.kms.katalon.core.webui.keyword.internal.WebUIKeywordMain.stepFailed(WebUIKeywordMain.groovy:64)
	at com.kms.katalon.core.webui.keyword.builtin.VerifyTextPresentKeyword$_verifyTextPresent_closure1.doCall(VerifyTextPresentKeyword.groovy:79)
	at com.kms.katalon.core.webui.keyword.builtin.VerifyTextPresentKeyword$_verifyTextPresent_closure1.call(VerifyTextPresentKeyword.groovy)
	at com.kms.katalon.core.webui.keyword.internal.WebUIKeywordMain.runKeyword(WebUIKeywordMain.groovy:20)
	at com.kms.katalon.core.webui.keyword.builtin.VerifyTextPresentKeyword.verifyTextPresent(VerifyTextPresentKeyword.groovy:83)
	at com.kms.katalon.core.webui.keyword.builtin.VerifyTextPresentKeyword.execute(VerifyTextPresentKeyword.groovy:68)
	at com.kms.katalon.core.keyword.internal.KeywordExecutor.executeKeywordForPlatform(KeywordExecutor.groovy:74)
	at com.kms.katalon.core.webui.keyword.WebUiBuiltInKeywords.verifyTextPresent(WebUiBuiltInKeywords.groovy:1723)
	at com.kms.katalon.core.webui.keyword.WebUiBuiltInKeywords$verifyTextPresent$4.call(Unknown Source)
	at Sale-Void.run(Sale-Void:155)
	at com.kms.katalon.core.main.ScriptEngine.run(ScriptEngine.java:194)
	at com.kms.katalon.core.main.ScriptEngine.runScriptAsRawText(ScriptEngine.java:119)
	at com.kms.katalon.core.main.TestCaseExecutor.runScript(TestCaseExecutor.java:442)
	at com.kms.katalon.core.main.TestCaseExecutor.doExecute(TestCaseExecutor.java:433)
	at com.kms.katalon.core.main.TestCaseExecutor.processExecutionPhase(TestCaseExecutor.java:412)
	at com.kms.katalon.core.main.TestCaseExecutor.accessMainPhase(TestCaseExecutor.java:404)
	at com.kms.katalon.core.main.TestCaseExecutor.execute(TestCaseExecutor.java:281)
	at com.kms.katalon.core.main.TestSuiteExecutor.accessTestCaseMainPhase(TestSuiteExecutor.java:202)
	at com.kms.katalon.core.main.TestSuiteExecutor.accessTestSuiteMainPhase(TestSuiteExecutor.java:164)
	at com.kms.katalon.core.main.TestSuiteExecutor.execute(TestSuiteExecutor.java:105)
	at com.kms.katalon.core.main.TestCaseMain.startTestSuite(TestCaseMain.java:185)
	at com.kms.katalon.core.main.TestCaseMain$startTestSuite$0.call(Unknown Source)
	at TempTestSuite1676514794135.run(TempTestSuite1676514794135.groovy:36)
)
	at com.kms.katalon.core.keyword.internal.KeywordMain.stepFailed(KeywordMain.groovy:39)
	at com.kms.katalon.core.webui.keyword.internal.WebUIKeywordMain.stepFailed(WebUIKeywordMain.groovy:64)
	at com.kms.katalon.core.webui.keyword.builtin.VerifyTextPresentKeyword$_verifyTextPresent_closure1.doCall(VerifyTextPresentKeyword.groovy:79)
	at com.kms.katalon.core.webui.keyword.builtin.VerifyTextPresentKeyword$_verifyTextPresent_closure1.call(VerifyTextPresentKeyword.groovy)
	at com.kms.katalon.core.webui.keyword.internal.WebUIKeywordMain.runKeyword(WebUIKeywordMain.groovy:20)
	at com.kms.katalon.core.webui.keyword.builtin.VerifyTextPresentKeyword.verifyTextPresent(VerifyTextPresentKeyword.groovy:83)
	at com.kms.katalon.core.webui.keyword.builtin.VerifyTextPresentKeyword.execute(VerifyTextPresentKeyword.groovy:68)
	at com.kms.katalon.core.keyword.internal.KeywordExecutor.executeKeywordForPlatform(KeywordExecutor.groovy:74)
	at com.kms.katalon.core.webui.keyword.WebUiBuiltInKeywords.verifyTextPresent(WebUiBuiltInKeywords.groovy:1723)
	at com.kms.katalon.core.webui.keyword.WebUiBuiltInKeywords$verifyTextPresent$4.call(Unknown Source)
	at Sale-Void.run(Sale-Void:155)
	at com.kms.katalon.core.main.ScriptEngine.run(ScriptEngine.java:194)
	at com.kms.katalon.core.main.ScriptEngine.runScriptAsRawText(ScriptEngine.java:119)
	at com.kms.katalon.core.main.TestCaseExecutor.runScript(TestCaseExecutor.java:442)
	at com.kms.katalon.core.main.TestCaseExecutor.doExecute(TestCaseExecutor.java:433)
	at com.kms.katalon.core.main.TestCaseExecutor.processExecutionPhase(TestCaseExecutor.java:412)
	at com.kms.katalon.core.main.TestCaseExecutor.accessMainPhase(TestCaseExecutor.java:404)
	at com.kms.katalon.core.main.TestCaseExecutor.execute(TestCaseExecutor.java:281)
	at com.kms.katalon.core.main.TestSuiteExecutor.accessTestCaseMainPhase(TestSuiteExecutor.java:202)
	at com.kms.katalon.core.main.TestSuiteExecutor.accessTestSuiteMainPhase(TestSuiteExecutor.java:164)
	at com.kms.katalon.core.main.TestSuiteExecutor.execute(TestSuiteExecutor.java:105)
	at com.kms.katalon.core.main.TestCaseMain.startTestSuite(TestCaseMain.java:185)
	at com.kms.katalon.core.main.TestCaseMain$startTestSuite$0.call(Unknown Source)
	at TempTestSuite1676514794135.run(TempTestSuite1676514794135.groovy:36)
Caused by: com.kms.katalon.core.exception.StepFailedException: Text 'Transaction approved, no errors' is not present on page  using regular expression
	... 23 more
"/>
         <system-out><![CDATA[2023-02-15 21:39:48 - [TEST_CASE][FAILED] - Test Cases/RecAndPlayBk/VLink/Sale-Void: Test Cases/RecAndPlayBk/VLink/Sale-Void FAILED.
Reason:
com.kms.katalon.core.exception.StepFailedException: Text 'Transaction approved, no errors' is not present on page  using regular expression (Root cause: com.kms.katalon.core.exception.StepFailedException: Text 'Transaction approved, no errors' is not present on page  using regular expression
	at com.kms.katalon.core.webui.keyword.internal.WebUIKeywordMain.stepFailed(WebUIKeywordMain.groovy:64)
	at com.kms.katalon.core.webui.keyword.builtin.VerifyTextPresentKeyword$_verifyTextPresent_closure1.doCall(VerifyTextPresentKeyword.groovy:79)
	at com.kms.katalon.core.webui.keyword.builtin.VerifyTextPresentKeyword$_verifyTextPresent_closure1.call(VerifyTextPresentKeyword.groovy)
	at com.kms.katalon.core.webui.keyword.internal.WebUIKeywordMain.runKeyword(WebUIKeywordMain.groovy:20)
	at com.kms.katalon.core.webui.keyword.builtin.VerifyTextPresentKeyword.verifyTextPresent(VerifyTextPresentKeyword.groovy:83)
	at com.kms.katalon.core.webui.keyword.builtin.VerifyTextPresentKeyword.execute(VerifyTextPresentKeyword.groovy:68)
	at com.kms.katalon.core.keyword.internal.KeywordExecutor.executeKeywordForPlatform(KeywordExecutor.groovy:74)
	at com.kms.katalon.core.webui.keyword.WebUiBuiltInKeywords.verifyTextPresent(WebUiBuiltInKeywords.groovy:1723)
	at com.kms.katalon.core.webui.keyword.WebUiBuiltInKeywords$verifyTextPresent$4.call(Unknown Source)
	at Sale-Void.run(Sale-Void:155)
	at com.kms.katalon.core.main.ScriptEngine.run(ScriptEngine.java:194)
	at com.kms.katalon.core.main.ScriptEngine.runScriptAsRawText(ScriptEngine.java:119)
	at com.kms.katalon.core.main.TestCaseExecutor.runScript(TestCaseExecutor.java:442)
	at com.kms.katalon.core.main.TestCaseExecutor.doExecute(TestCaseExecutor.java:433)
	at com.kms.katalon.core.main.TestCaseExecutor.processExecutionPhase(TestCaseExecutor.java:412)
	at com.kms.katalon.core.main.TestCaseExecutor.accessMainPhase(TestCaseExecutor.java:404)
	at com.kms.katalon.core.main.TestCaseExecutor.execute(TestCaseExecutor.java:281)
	at com.kms.katalon.core.main.TestSuiteExecutor.accessTestCaseMainPhase(TestSuiteExecutor.java:202)
	at com.kms.katalon.core.main.TestSuiteExecutor.accessTestSuiteMainPhase(TestSuiteExecutor.java:164)
	at com.kms.katalon.core.main.TestSuiteExecutor.execute(TestSuiteExecutor.java:105)
	at com.kms.katalon.core.main.TestCaseMain.startTestSuite(TestCaseMain.java:185)
	at com.kms.katalon.core.main.TestCaseMain$startTestSuite$0.call(Unknown Source)
	at TempTestSuite1676514794135.run(TempTestSuite1676514794135.groovy:36)
)
	at com.kms.katalon.core.keyword.internal.KeywordMain.stepFailed(KeywordMain.groovy:39)
	at com.kms.katalon.core.webui.keyword.internal.WebUIKeywordMain.stepFailed(WebUIKeywordMain.groovy:64)
	at com.kms.katalon.core.webui.keyword.builtin.VerifyTextPresentKeyword$_verifyTextPresent_closure1.doCall(VerifyTextPresentKeyword.groovy:79)
	at com.kms.katalon.core.webui.keyword.builtin.VerifyTextPresentKeyword$_verifyTextPresent_closure1.call(VerifyTextPresentKeyword.groovy)
	at com.kms.katalon.core.webui.keyword.internal.WebUIKeywordMain.runKeyword(WebUIKeywordMain.groovy:20)
	at com.kms.katalon.core.webui.keyword.builtin.VerifyTextPresentKeyword.verifyTextPresent(VerifyTextPresentKeyword.groovy:83)
	at com.kms.katalon.core.webui.keyword.builtin.VerifyTextPresentKeyword.execute(VerifyTextPresentKeyword.groovy:68)
	at com.kms.katalon.core.keyword.internal.KeywordExecutor.executeKeywordForPlatform(KeywordExecutor.groovy:74)
	at com.kms.katalon.core.webui.keyword.WebUiBuiltInKeywords.verifyTextPresent(WebUiBuiltInKeywords.groovy:1723)
	at com.kms.katalon.core.webui.keyword.WebUiBuiltInKeywords$verifyTextPresent$4.call(Unknown Source)
	at Sale-Void.run(Sale-Void:155)
	at com.kms.katalon.core.main.ScriptEngine.run(ScriptEngine.java:194)
	at com.kms.katalon.core.main.ScriptEngine.runScriptAsRawText(ScriptEngine.java:119)
	at com.kms.katalon.core.main.TestCaseExecutor.runScript(TestCaseExecutor.java:442)
	at com.kms.katalon.core.main.TestCaseExecutor.doExecute(TestCaseExecutor.java:433)
	at com.kms.katalon.core.main.TestCaseExecutor.processExecutionPhase(TestCaseExecutor.java:412)
	at com.kms.katalon.core.main.TestCaseExecutor.accessMainPhase(TestCaseExecutor.java:404)
	at com.kms.katalon.core.main.TestCaseExecutor.execute(TestCaseExecutor.java:281)
	at com.kms.katalon.core.main.TestSuiteExecutor.accessTestCaseMainPhase(TestSuiteExecutor.java:202)
	at com.kms.katalon.core.main.TestSuiteExecutor.accessTestSuiteMainPhase(TestSuiteExecutor.java:164)
	at com.kms.katalon.core.main.TestSuiteExecutor.execute(TestSuiteExecutor.java:105)
	at com.kms.katalon.core.main.TestCaseMain.startTestSuite(TestCaseMain.java:185)
	at com.kms.katalon.core.main.TestCaseMain$startTestSuite$0.call(Unknown Source)
	at TempTestSuite1676514794135.run(TempTestSuite1676514794135.groovy:36)
Caused by: com.kms.katalon.core.exception.StepFailedException: Text 'Transaction approved, no errors' is not present on page  using regular expression
	... 23 more


2023-02-15 21:39:49 - [TEST_STEP][PASSED] - executionProfile = getExecutionProfile(): null

2023-02-15 21:39:49 - [TEST_STEP][PASSED] - out.println("executionProfile : " + executionProfile): null

2023-02-15 21:39:49 - [TEST_STEP][PASSED] - appName = <not implemented yet for class: org.codehaus.groovy.ast.expr.EmptyExpression>: null

2023-02-15 21:39:49 - [TEST_STEP][PASSED] - appID = <not implemented yet for class: org.codehaus.groovy.ast.expr.EmptyExpression>: null

2023-02-15 21:39:49 - [TEST_STEP][PASSED] - username = <not implemented yet for class: org.codehaus.groovy.ast.expr.EmptyExpression>: null

2023-02-15 21:39:49 - [TEST_STEP][PASSED] - password = <not implemented yet for class: org.codehaus.groovy.ast.expr.EmptyExpression>: null

2023-02-15 21:39:49 - [TEST_STEP][PASSED] - cardNameV = <not implemented yet for class: org.codehaus.groovy.ast.expr.EmptyExpression>: null

2023-02-15 21:39:49 - [TEST_STEP][PASSED] - al1V = <not implemented yet for class: org.codehaus.groovy.ast.expr.EmptyExpression>: null

2023-02-15 21:39:49 - [TEST_STEP][PASSED] - al2V = <not implemented yet for class: org.codehaus.groovy.ast.expr.EmptyExpression>: null

2023-02-15 21:39:49 - [TEST_STEP][PASSED] - zipV = <not implemented yet for class: org.codehaus.groovy.ast.expr.EmptyExpression>: null

2023-02-15 21:39:49 - [TEST_STEP][PASSED] - cardTypeV = <not implemented yet for class: org.codehaus.groovy.ast.expr.EmptyExpression>: null

2023-02-15 21:39:49 - [TEST_STEP][PASSED] - last4V = <not implemented yet for class: org.codehaus.groovy.ast.expr.EmptyExpression>: null

2023-02-15 21:39:49 - [TEST_STEP][PASSED] - resText = "Fail": null

2023-02-15 21:39:49 - [TEST_STEP][PASSED] - resColumn = "Result": null

2023-02-15 21:39:49 - [TEST_STEP][PASSED] - datCloumn = "Date": null

2023-02-15 21:39:49 - [TEST_STEP][PASSED] - fileLoc = "KatalonData/VLinkSmokeData.xlsx": null

2023-02-15 21:39:49 - [TEST_STEP][PASSED] - numOfRows = <not implemented yet for class: org.codehaus.groovy.ast.expr.EmptyExpression>: null

2023-02-15 21:39:49 - [TEST_STEP][PASSED] - dataFile = <not implemented yet for class: org.codehaus.groovy.ast.expr.EmptyExpression>: null

2023-02-15 21:39:49 - [TEST_STEP][PASSED] - nameSheet = <not implemented yet for class: org.codehaus.groovy.ast.expr.EmptyExpression>: null

2023-02-15 21:39:49 - [TEST_STEP][PASSED] - nameSheet = "Sale-Void": null

2023-02-15 21:39:49 - [TEST_STEP][PASSED] - numOfRows = findTestData("QA/VLinkTestData/VLinkSaleVoidData").getRowNumbers(): null

2023-02-15 21:39:50 - [TEST_STEP][PASSED] - println("Number of Records: " + numOfRows): null

2023-02-15 21:39:50 - [TEST_STEP][PASSED] - dataFile = "QA/VLinkTestData/VLinkSaleVoidData": null

2023-02-15 21:39:50 - [TEST_STEP][FAILED] - for ([row = 1, row <= numOfRows, (row++)]): null

2023-02-15 21:39:50 - [TEST_STEP][PASSED] - ExecuteTC = findTestData(dataFile).getValue("Execute", row): null

2023-02-15 21:39:50 - [TEST_STEP][PASSED] - out.println("Value of Execute is : " + ExecuteTC): null

2023-02-15 21:39:50 - [TEST_STEP][PASSED] - switch (executionProfile): null

2023-02-15 21:39:50 - [TEST_STEP][PASSED] - case "QAProfile":: null

2023-02-15 21:39:50 - [TEST_STEP][PASSED] - appID = findTestData(dataFile).getValue("AppIDQA", row): null

2023-02-15 21:39:50 - [TEST_STEP][PASSED] - username = findTestData(dataFile).getValue("UsernameQA", row): null

2023-02-15 21:39:50 - [TEST_STEP][PASSED] - password = findTestData(dataFile).getValue("PasswordQA", row): null

2023-02-15 21:39:50 - [TEST_STEP][PASSED] - break: null

2023-02-15 21:39:50 - [TEST_STEP][PASSED] - if (ExecuteTC.equalsIgnoreCase("Y")): null

2023-02-15 21:39:50 - [TEST_STEP][PASSED] - out.println("Begin Record Number: " + row): null

2023-02-15 21:39:50 - [TEST_STEP][PASSED] - today = new java.util.Date(): null

2023-02-15 21:39:50 - [TEST_STEP][PASSED] - println(today): null

2023-02-15 21:39:50 - [TEST_STEP][PASSED] - datText = today: null

2023-02-15 21:39:50 - [TEST_STEP][PASSED] - category = findTestData(dataFile).getValue("Category", row): null

2023-02-15 21:39:50 - [TEST_STEP][PASSED] - amount = findTestData(dataFile).getValue("Amount", row): null

2023-02-15 21:39:50 - [TEST_STEP][PASSED] - cardNumber = findTestData(dataFile).getValue("CardNumber", row): null

2023-02-15 21:39:50 - [TEST_STEP][PASSED] - exM = findTestData(dataFile).getValue("ExM", row): null

2023-02-15 21:39:50 - [TEST_STEP][PASSED] - exY = findTestData(dataFile).getValue("ExY", row): null

2023-02-15 21:39:50 - [TEST_STEP][PASSED] - openBrowser(VLinkURL + "authcap.html"): Browser is opened with url: 'https://dev-algorithm.govolution.com/vlinktest/QA/version_2_0/authcap.html'

2023-02-15 21:39:50 - [MESSAGE][WARNING] - A browser is already opened. Closing browser and opening a new one

2023-02-15 21:39:51 - [MESSAGE][INFO] - Starting 'Chrome' driver

2023-02-15 21:39:51 - [MESSAGE][INFO] - User set preference: ['acceptInsecureCerts', 'true']

2023-02-15 21:39:51 - [MESSAGE][INFO] - Action delay is set to 0 milliseconds

2023-02-15 21:39:53 - [MESSAGE][PASSED] - Browser is opened with url: 'https://dev-algorithm.govolution.com/vlinktest/QA/version_2_0/authcap.html'

2023-02-15 21:39:53 - [TEST_STEP][PASSED] - maximizeWindow(): Current window maximized

2023-02-15 21:39:53 - [MESSAGE][PASSED] - Current window maximized

2023-02-15 21:39:53 - [TEST_STEP][PASSED] - maximizeWindow(): Current window maximized

2023-02-15 21:39:53 - [MESSAGE][PASSED] - Current window maximized

2023-02-15 21:39:53 - [TEST_STEP][PASSED] - genRemID = RandomStringUtils.random(12, true, true): null

2023-02-15 21:39:53 - [TEST_STEP][PASSED] - setText(findTestObject("Object Repository/RecAndPlayBk/Page-Vlink-Sale/input_Remittance Id_remittance_id"), genRemID): Text 'Wgte6h3Wx5W3' is set on object 'Object Repository/RecAndPlayBk/Page-Vlink-Sale/input_Remittance Id_remittance_id'

2023-02-15 21:39:54 - [MESSAGE][PASSED] - Text 'Wgte6h3Wx5W3' is set on object 'Object Repository/RecAndPlayBk/Page-Vlink-Sale/input_Remittance Id_remittance_id'

2023-02-15 21:39:54 - [TEST_STEP][PASSED] - setText(findTestObject("Object Repository/RecAndPlayBk/Page-Vlink-Sale/input_Application Id_application_id"), appID): Text '234' is set on object 'Object Repository/RecAndPlayBk/Page-Vlink-Sale/input_Application Id_application_id'

2023-02-15 21:39:55 - [MESSAGE][PASSED] - Text '234' is set on object 'Object Repository/RecAndPlayBk/Page-Vlink-Sale/input_Application Id_application_id'

2023-02-15 21:39:55 - [TEST_STEP][PASSED] - setText(findTestObject("Object Repository/RecAndPlayBk/Page-Vlink-Sale/input_Username_username"), username): Text 'username' is set on object 'Object Repository/RecAndPlayBk/Page-Vlink-Sale/input_Username_username'

2023-02-15 21:39:55 - [MESSAGE][PASSED] - Text 'username' is set on object 'Object Repository/RecAndPlayBk/Page-Vlink-Sale/input_Username_username'

2023-02-15 21:39:55 - [TEST_STEP][PASSED] - setText(findTestObject("Object Repository/RecAndPlayBk/Page-Vlink-Sale/input_Password_password"), password): Text 'password' is set on object 'Object Repository/RecAndPlayBk/Page-Vlink-Sale/input_Password_password'

2023-02-15 21:39:56 - [MESSAGE][PASSED] - Text 'password' is set on object 'Object Repository/RecAndPlayBk/Page-Vlink-Sale/input_Password_password'

2023-02-15 21:39:56 - [TEST_STEP][PASSED] - setText(findTestObject("Object Repository/RecAndPlayBk/Page-Vlink-Sale/input_Category_category"), category): Text 'ECOM' is set on object 'Object Repository/RecAndPlayBk/Page-Vlink-Sale/input_Category_category'

2023-02-15 21:39:56 - [MESSAGE][PASSED] - Text 'ECOM' is set on object 'Object Repository/RecAndPlayBk/Page-Vlink-Sale/input_Category_category'

2023-02-15 21:39:56 - [TEST_STEP][PASSED] - setText(findTestObject("Object Repository/RecAndPlayBk/Page-Vlink-Sale/input_Amount_amount"), amount): Text '10.5' is set on object 'Object Repository/RecAndPlayBk/Page-Vlink-Sale/input_Amount_amount'

2023-02-15 21:39:57 - [MESSAGE][PASSED] - Text '10.5' is set on object 'Object Repository/RecAndPlayBk/Page-Vlink-Sale/input_Amount_amount'

2023-02-15 21:39:57 - [TEST_STEP][PASSED] - doubleClick(findTestObject("Object Repository/RecAndPlayBk/Page-Vlink-Sale/input_Card number_card_number")): Object: 'Object Repository/RecAndPlayBk/Page-Vlink-Sale/input_Card number_card_number' is double clicked on

2023-02-15 21:39:57 - [MESSAGE][PASSED] - Object: 'Object Repository/RecAndPlayBk/Page-Vlink-Sale/input_Card number_card_number' is double clicked on

2023-02-15 21:39:57 - [TEST_STEP][PASSED] - setText(findTestObject("Object Repository/RecAndPlayBk/Page-Vlink-Sale/input_Card number_card_number"), cardNumber): Text '4111111111111111' is set on object 'Object Repository/RecAndPlayBk/Page-Vlink-Sale/input_Card number_card_number'

2023-02-15 21:39:58 - [MESSAGE][PASSED] - Text '4111111111111111' is set on object 'Object Repository/RecAndPlayBk/Page-Vlink-Sale/input_Card number_card_number'

2023-02-15 21:39:58 - [TEST_STEP][PASSED] - setText(findTestObject("Object Repository/RecAndPlayBk/Page-Vlink-Sale/input_Card ex month_card_exmo"), exM): Text '12' is set on object 'Object Repository/RecAndPlayBk/Page-Vlink-Sale/input_Card ex month_card_exmo'

2023-02-15 21:39:59 - [MESSAGE][PASSED] - Text '12' is set on object 'Object Repository/RecAndPlayBk/Page-Vlink-Sale/input_Card ex month_card_exmo'

2023-02-15 21:39:59 - [TEST_STEP][PASSED] - setText(findTestObject("Object Repository/RecAndPlayBk/Page-Vlink-Sale/input_Card ex year_card_exyr"), exY): Text '2029' is set on object 'Object Repository/RecAndPlayBk/Page-Vlink-Sale/input_Card ex year_card_exyr'

2023-02-15 21:39:59 - [MESSAGE][PASSED] - Text '2029' is set on object 'Object Repository/RecAndPlayBk/Page-Vlink-Sale/input_Card ex year_card_exyr'

2023-02-15 21:39:59 - [TEST_STEP][PASSED] - click(findTestObject("Object Repository/RecAndPlayBk/Page-Vlink-Sale/input_Track Data_track_data")): Object: 'Object Repository/RecAndPlayBk/Page-Vlink-Sale/input_Track Data_track_data' is clicked on

2023-02-15 21:40:00 - [MESSAGE][PASSED] - Object: 'Object Repository/RecAndPlayBk/Page-Vlink-Sale/input_Track Data_track_data' is clicked on

2023-02-15 21:40:00 - [TEST_STEP][PASSED] - click(findTestObject("Object Repository/RecAndPlayBk/Page-Vlink-Sale/input_CVV state_cvv_state")): Object: 'Object Repository/RecAndPlayBk/Page-Vlink-Sale/input_CVV state_cvv_state' is clicked on

2023-02-15 21:40:00 - [MESSAGE][PASSED] - Object: 'Object Repository/RecAndPlayBk/Page-Vlink-Sale/input_CVV state_cvv_state' is clicked on

2023-02-15 21:40:00 - [TEST_STEP][PASSED] - setText(findTestObject("Object Repository/RecAndPlayBk/Page-Vlink-Sale/input_Track Data_track_data"), ""): Text '' is set on object 'Object Repository/RecAndPlayBk/Page-Vlink-Sale/input_Track Data_track_data'

2023-02-15 21:40:01 - [MESSAGE][PASSED] - Text '' is set on object 'Object Repository/RecAndPlayBk/Page-Vlink-Sale/input_Track Data_track_data'

2023-02-15 21:40:01 - [TEST_STEP][PASSED] - setText(findTestObject("Object Repository/RecAndPlayBk/Page-Vlink-Sale/input_concat(Cardholder, , s email)_email"), ""): Text '' is set on object 'Object Repository/RecAndPlayBk/Page-Vlink-Sale/input_concat(Cardholder, , s email)_email'

2023-02-15 21:40:01 - [MESSAGE][PASSED] - Text '' is set on object 'Object Repository/RecAndPlayBk/Page-Vlink-Sale/input_concat(Cardholder, , s email)_email'

2023-02-15 21:40:01 - [TEST_STEP][PASSED] - click(findTestObject("Object Repository/RecAndPlayBk/Page-Vlink-Sale/input_user_defined10_user_defined10")): Object: 'Object Repository/RecAndPlayBk/Page-Vlink-Sale/input_user_defined10_user_defined10' is clicked on

2023-02-15 21:40:02 - [MESSAGE][PASSED] - Object: 'Object Repository/RecAndPlayBk/Page-Vlink-Sale/input_user_defined10_user_defined10' is clicked on

2023-02-15 21:40:02 - [TEST_STEP][PASSED] - if (executionProfile.equalsIgnoreCase("QAProfile") || executionProfile.equalsIgnoreCase("DemoProfile")): Text '' is set on object 'Object Repository/RecAndPlayBk/Page-Vlink-Sale/input_COF Transaction Initiated by_cof_tran_6cded5'

2023-02-15 21:40:02 - [TEST_STEP][PASSED] - setText(findTestObject("Object Repository/RecAndPlayBk/Page-Vlink-Sale/input_Card on File Indicator_card_on_file_i_157dae"), ""): Text '' is set on object 'Object Repository/RecAndPlayBk/Page-Vlink-Sale/input_Card on File Indicator_card_on_file_i_157dae'

2023-02-15 21:40:02 - [MESSAGE][PASSED] - Text '' is set on object 'Object Repository/RecAndPlayBk/Page-Vlink-Sale/input_Card on File Indicator_card_on_file_i_157dae'

2023-02-15 21:40:02 - [TEST_STEP][PASSED] - setText(findTestObject("Object Repository/RecAndPlayBk/Page-Vlink-Sale/input_Stored Credential Indicator_stored_cr_4ae73c"), ""): Text '' is set on object 'Object Repository/RecAndPlayBk/Page-Vlink-Sale/input_Stored Credential Indicator_stored_cr_4ae73c'

2023-02-15 21:40:03 - [MESSAGE][PASSED] - Text '' is set on object 'Object Repository/RecAndPlayBk/Page-Vlink-Sale/input_Stored Credential Indicator_stored_cr_4ae73c'

2023-02-15 21:40:03 - [TEST_STEP][PASSED] - setText(findTestObject("Object Repository/RecAndPlayBk/Page-Vlink-Sale/input_COF Scheduled indicator_cof_scheduled_8df7d8"), ""): Text '' is set on object 'Object Repository/RecAndPlayBk/Page-Vlink-Sale/input_COF Scheduled indicator_cof_scheduled_8df7d8'

2023-02-15 21:40:04 - [MESSAGE][PASSED] - Text '' is set on object 'Object Repository/RecAndPlayBk/Page-Vlink-Sale/input_COF Scheduled indicator_cof_scheduled_8df7d8'

2023-02-15 21:40:04 - [TEST_STEP][PASSED] - setText(findTestObject("Object Repository/RecAndPlayBk/Page-Vlink-Sale/input_COF Transaction Initiated by_cof_tran_6cded5"), ""): Text '' is set on object 'Object Repository/RecAndPlayBk/Page-Vlink-Sale/input_COF Transaction Initiated by_cof_tran_6cded5'

2023-02-15 21:40:04 - [MESSAGE][PASSED] - Text '' is set on object 'Object Repository/RecAndPlayBk/Page-Vlink-Sale/input_COF Transaction Initiated by_cof_tran_6cded5'

2023-02-15 21:40:04 - [TEST_STEP][PASSED] - click(findTestObject("Object Repository/RecAndPlayBk/Page-Vlink-Sale/input")): Object: 'Object Repository/RecAndPlayBk/Page-Vlink-Sale/input' is clicked on

2023-02-15 21:40:05 - [MESSAGE][PASSED] - Object: 'Object Repository/RecAndPlayBk/Page-Vlink-Sale/input' is clicked on

2023-02-15 21:40:05 - [TEST_STEP][PASSED] - if (verifyTextPresent("Transaction approved, no errors", true)): null

2023-02-15 21:40:06 - [MESSAGE][PASSED] - Text 'Transaction approved, no errors' is present on page  using regular expression

2023-02-15 21:40:06 - [TEST_STEP][PASSED] - println("Transaction Approved, no errors text is present on the Confirmation page"): null

2023-02-15 21:40:06 - [TEST_STEP][PASSED] - sdfo = getText(findTestObject("Object Repository/Page_VLinkReceipt/pre_STX")): Text of object 'Object Repository/Page_VLinkReceipt/pre_STX' is: '<STX>Wgte6h3Wx5W3                  12126549            0  Transaction approved, no errors                   0                                                                                  Y 806742362<ETX>'

2023-02-15 21:40:06 - [MESSAGE][PASSED] - Text of object 'Object Repository/Page_VLinkReceipt/pre_STX' is: '<STX>Wgte6h3Wx5W3                  12126549            0  Transaction approved, no errors                   0                                                                                  Y 806742362<ETX>'

2023-02-15 21:40:06 - [TEST_STEP][PASSED] - out.println("sdfo: " + sdfo): null

2023-02-15 21:40:06 - [TEST_STEP][PASSED] - remID = substring(5, 35).trim(): null

2023-02-15 21:40:06 - [TEST_STEP][PASSED] - out.println("remID: " + remID): null

2023-02-15 21:40:06 - [TEST_STEP][PASSED] - traxID = substring(35, 55).trim(): null

2023-02-15 21:40:06 - [TEST_STEP][PASSED] - out.println("traxID: " + traxID): null

2023-02-15 21:40:06 - [TEST_STEP][PASSED] - VLinkSaleRemID = remID: null

2023-02-15 21:40:06 - [TEST_STEP][PASSED] - VLinkSaleTranxID = traxID: null

2023-02-15 21:40:06 - [TEST_STEP][PASSED] - openBrowser(VLinkURL + "CC_void.html"): Browser is opened with url: 'https://dev-algorithm.govolution.com/vlinktest/QA/version_2_0/CC_void.html'

2023-02-15 21:40:06 - [MESSAGE][WARNING] - A browser is already opened. Closing browser and opening a new one

2023-02-15 21:40:07 - [MESSAGE][INFO] - Starting 'Chrome' driver

2023-02-15 21:40:07 - [MESSAGE][INFO] - User set preference: ['acceptInsecureCerts', 'true']

2023-02-15 21:40:07 - [MESSAGE][INFO] - Action delay is set to 0 milliseconds

2023-02-15 21:40:09 - [MESSAGE][PASSED] - Browser is opened with url: 'https://dev-algorithm.govolution.com/vlinktest/QA/version_2_0/CC_void.html'

2023-02-15 21:40:09 - [TEST_STEP][PASSED] - maximizeWindow(): Current window maximized

2023-02-15 21:40:09 - [MESSAGE][PASSED] - Current window maximized

2023-02-15 21:40:09 - [TEST_STEP][PASSED] - setText(findTestObject("Object Repository/RecAndPlayBk/Page-Vlink-CC-Void/txt_RemID"), VLinkSaleRemID): Text 'Wgte6h3Wx5W3' is set on object 'Object Repository/RecAndPlayBk/Page-Vlink-CC-Void/txt_RemID'

2023-02-15 21:40:09 - [MESSAGE][PASSED] - Text 'Wgte6h3Wx5W3' is set on object 'Object Repository/RecAndPlayBk/Page-Vlink-CC-Void/txt_RemID'

2023-02-15 21:40:09 - [TEST_STEP][PASSED] - setText(findTestObject("Object Repository/RecAndPlayBk/Page-Vlink-CC-Void/txt_ApplicationID"), appID): Text '234' is set on object 'Object Repository/RecAndPlayBk/Page-Vlink-CC-Void/txt_ApplicationID'

2023-02-15 21:40:10 - [MESSAGE][PASSED] - Text '234' is set on object 'Object Repository/RecAndPlayBk/Page-Vlink-CC-Void/txt_ApplicationID'

2023-02-15 21:40:10 - [TEST_STEP][PASSED] - setText(findTestObject("Object Repository/RecAndPlayBk/Page-Vlink-CC-Void/txt_Username"), username): Text 'username' is set on object 'Object Repository/RecAndPlayBk/Page-Vlink-CC-Void/txt_Username'

2023-02-15 21:40:11 - [MESSAGE][PASSED] - Text 'username' is set on object 'Object Repository/RecAndPlayBk/Page-Vlink-CC-Void/txt_Username'

2023-02-15 21:40:11 - [TEST_STEP][PASSED] - setText(findTestObject("Object Repository/RecAndPlayBk/Page-Vlink-CC-Void/txt_Password"), password): Text 'password' is set on object 'Object Repository/RecAndPlayBk/Page-Vlink-CC-Void/txt_Password'

2023-02-15 21:40:11 - [MESSAGE][PASSED] - Text 'password' is set on object 'Object Repository/RecAndPlayBk/Page-Vlink-CC-Void/txt_Password'

2023-02-15 21:40:11 - [TEST_STEP][PASSED] - setText(findTestObject("Object Repository/RecAndPlayBk/Page-Vlink-CC-Void/txt_TransactionID"), VLinkSaleTranxID): Text '12126549' is set on object 'Object Repository/RecAndPlayBk/Page-Vlink-CC-Void/txt_TransactionID'

2023-02-15 21:40:12 - [MESSAGE][PASSED] - Text '12126549' is set on object 'Object Repository/RecAndPlayBk/Page-Vlink-CC-Void/txt_TransactionID'

2023-02-15 21:40:12 - [TEST_STEP][PASSED] - setText(findTestObject("Object Repository/RecAndPlayBk/Page-Vlink-CC-Void/txt_OriginalTransactionType"), "104"): Text '104' is set on object 'Object Repository/RecAndPlayBk/Page-Vlink-CC-Void/txt_OriginalTransactionType'

2023-02-15 21:40:13 - [MESSAGE][PASSED] - Text '104' is set on object 'Object Repository/RecAndPlayBk/Page-Vlink-CC-Void/txt_OriginalTransactionType'

2023-02-15 21:40:13 - [TEST_STEP][PASSED] - setText(findTestObject("Object Repository/RecAndPlayBk/Page-Vlink-CC-Void/txt_TrackData"), ""): Text '' is set on object 'Object Repository/RecAndPlayBk/Page-Vlink-CC-Void/txt_TrackData'

2023-02-15 21:40:13 - [MESSAGE][PASSED] - Text '' is set on object 'Object Repository/RecAndPlayBk/Page-Vlink-CC-Void/txt_TrackData'

2023-02-15 21:40:13 - [TEST_STEP][PASSED] - click(findTestObject("Object Repository/RecAndPlayBk/Page-Vlink-CC-Void/btn_ProcessVLinkTransaction")): Object: 'Object Repository/RecAndPlayBk/Page-Vlink-CC-Void/btn_ProcessVLinkTransaction' is clicked on

2023-02-15 21:40:15 - [MESSAGE][PASSED] - Object: 'Object Repository/RecAndPlayBk/Page-Vlink-CC-Void/btn_ProcessVLinkTransaction' is clicked on

2023-02-15 21:40:15 - [TEST_STEP][PASSED] - if (verifyTextPresent("Transaction approved, no errors", true)): null

2023-02-15 21:40:15 - [MESSAGE][PASSED] - Text 'Transaction approved, no errors' is present on page  using regular expression

2023-02-15 21:40:15 - [TEST_STEP][PASSED] - println("Transaction Approved, no errors text is present on the Confirmation page"): null

2023-02-15 21:40:15 - [TEST_STEP][PASSED] - out.println("Pass Record Number: " + row): null

2023-02-15 21:40:15 - [TEST_STEP][PASSED] - resText = "Pass": null

2023-02-15 21:40:15 - [TEST_STEP][PASSED] - pages.WriteExcel.demoKey(resText, datText, resColumn, datCloumn, fileLoc, nameSheet, row): pages.WriteExcel.demoKey is PASSED

2023-02-15 21:40:15 - [MESSAGE][PASSED] - pages.WriteExcel.demoKey is PASSED

2023-02-15 21:40:15 - [TEST_STEP][PASSED] - ExecuteTC = findTestData(dataFile).getValue("Execute", row): null

2023-02-15 21:40:15 - [TEST_STEP][PASSED] - out.println("Value of Execute is : " + ExecuteTC): null

2023-02-15 21:40:15 - [TEST_STEP][PASSED] - switch (executionProfile): null

2023-02-15 21:40:15 - [TEST_STEP][PASSED] - case "QAProfile":: null

2023-02-15 21:40:15 - [TEST_STEP][PASSED] - appID = findTestData(dataFile).getValue("AppIDQA", row): null

2023-02-15 21:40:15 - [TEST_STEP][PASSED] - username = findTestData(dataFile).getValue("UsernameQA", row): null

2023-02-15 21:40:15 - [TEST_STEP][PASSED] - password = findTestData(dataFile).getValue("PasswordQA", row): null

2023-02-15 21:40:15 - [TEST_STEP][PASSED] - break: null

2023-02-15 21:40:15 - [TEST_STEP][PASSED] - if (ExecuteTC.equalsIgnoreCase("Y")): null

2023-02-15 21:40:15 - [TEST_STEP][PASSED] - out.println("Begin Record Number: " + row): null

2023-02-15 21:40:15 - [TEST_STEP][PASSED] - today = new java.util.Date(): null

2023-02-15 21:40:15 - [TEST_STEP][PASSED] - println(today): null

2023-02-15 21:40:15 - [TEST_STEP][PASSED] - datText = today: null

2023-02-15 21:40:15 - [TEST_STEP][PASSED] - category = findTestData(dataFile).getValue("Category", row): null

2023-02-15 21:40:15 - [TEST_STEP][PASSED] - amount = findTestData(dataFile).getValue("Amount", row): null

2023-02-15 21:40:15 - [TEST_STEP][PASSED] - cardNumber = findTestData(dataFile).getValue("CardNumber", row): null

2023-02-15 21:40:16 - [TEST_STEP][PASSED] - exM = findTestData(dataFile).getValue("ExM", row): null

2023-02-15 21:40:16 - [TEST_STEP][PASSED] - exY = findTestData(dataFile).getValue("ExY", row): null

2023-02-15 21:40:16 - [TEST_STEP][PASSED] - openBrowser(VLinkURL + "authcap.html"): Browser is opened with url: 'https://dev-algorithm.govolution.com/vlinktest/QA/version_2_0/authcap.html'

2023-02-15 21:40:16 - [MESSAGE][WARNING] - A browser is already opened. Closing browser and opening a new one

2023-02-15 21:40:17 - [MESSAGE][INFO] - Starting 'Chrome' driver

2023-02-15 21:40:17 - [MESSAGE][INFO] - User set preference: ['acceptInsecureCerts', 'true']

2023-02-15 21:40:17 - [MESSAGE][INFO] - Action delay is set to 0 milliseconds

2023-02-15 21:40:18 - [MESSAGE][PASSED] - Browser is opened with url: 'https://dev-algorithm.govolution.com/vlinktest/QA/version_2_0/authcap.html'

2023-02-15 21:40:18 - [TEST_STEP][PASSED] - maximizeWindow(): Current window maximized

2023-02-15 21:40:18 - [MESSAGE][PASSED] - Current window maximized

2023-02-15 21:40:18 - [TEST_STEP][PASSED] - maximizeWindow(): Current window maximized

2023-02-15 21:40:18 - [MESSAGE][PASSED] - Current window maximized

2023-02-15 21:40:18 - [TEST_STEP][PASSED] - genRemID = RandomStringUtils.random(12, true, true): null

2023-02-15 21:40:18 - [TEST_STEP][PASSED] - setText(findTestObject("Object Repository/RecAndPlayBk/Page-Vlink-Sale/input_Remittance Id_remittance_id"), genRemID): Text 'De8ISfCFE5Kl' is set on object 'Object Repository/RecAndPlayBk/Page-Vlink-Sale/input_Remittance Id_remittance_id'

2023-02-15 21:40:19 - [MESSAGE][PASSED] - Text 'De8ISfCFE5Kl' is set on object 'Object Repository/RecAndPlayBk/Page-Vlink-Sale/input_Remittance Id_remittance_id'

2023-02-15 21:40:19 - [TEST_STEP][PASSED] - setText(findTestObject("Object Repository/RecAndPlayBk/Page-Vlink-Sale/input_Application Id_application_id"), appID): Text '234' is set on object 'Object Repository/RecAndPlayBk/Page-Vlink-Sale/input_Application Id_application_id'

2023-02-15 21:40:20 - [MESSAGE][PASSED] - Text '234' is set on object 'Object Repository/RecAndPlayBk/Page-Vlink-Sale/input_Application Id_application_id'

2023-02-15 21:40:20 - [TEST_STEP][PASSED] - setText(findTestObject("Object Repository/RecAndPlayBk/Page-Vlink-Sale/input_Username_username"), username): Text 'username' is set on object 'Object Repository/RecAndPlayBk/Page-Vlink-Sale/input_Username_username'

2023-02-15 21:40:21 - [MESSAGE][PASSED] - Text 'username' is set on object 'Object Repository/RecAndPlayBk/Page-Vlink-Sale/input_Username_username'

2023-02-15 21:40:21 - [TEST_STEP][PASSED] - setText(findTestObject("Object Repository/RecAndPlayBk/Page-Vlink-Sale/input_Password_password"), password): Text 'password' is set on object 'Object Repository/RecAndPlayBk/Page-Vlink-Sale/input_Password_password'

2023-02-15 21:40:21 - [MESSAGE][PASSED] - Text 'password' is set on object 'Object Repository/RecAndPlayBk/Page-Vlink-Sale/input_Password_password'

2023-02-15 21:40:21 - [TEST_STEP][PASSED] - setText(findTestObject("Object Repository/RecAndPlayBk/Page-Vlink-Sale/input_Category_category"), category): Text 'MOTO' is set on object 'Object Repository/RecAndPlayBk/Page-Vlink-Sale/input_Category_category'

2023-02-15 21:40:22 - [MESSAGE][PASSED] - Text 'MOTO' is set on object 'Object Repository/RecAndPlayBk/Page-Vlink-Sale/input_Category_category'

2023-02-15 21:40:22 - [TEST_STEP][PASSED] - setText(findTestObject("Object Repository/RecAndPlayBk/Page-Vlink-Sale/input_Amount_amount"), amount): Text '10.5' is set on object 'Object Repository/RecAndPlayBk/Page-Vlink-Sale/input_Amount_amount'

2023-02-15 21:40:22 - [MESSAGE][PASSED] - Text '10.5' is set on object 'Object Repository/RecAndPlayBk/Page-Vlink-Sale/input_Amount_amount'

2023-02-15 21:40:22 - [TEST_STEP][PASSED] - doubleClick(findTestObject("Object Repository/RecAndPlayBk/Page-Vlink-Sale/input_Card number_card_number")): Object: 'Object Repository/RecAndPlayBk/Page-Vlink-Sale/input_Card number_card_number' is double clicked on

2023-02-15 21:40:23 - [MESSAGE][PASSED] - Object: 'Object Repository/RecAndPlayBk/Page-Vlink-Sale/input_Card number_card_number' is double clicked on

2023-02-15 21:40:23 - [TEST_STEP][PASSED] - setText(findTestObject("Object Repository/RecAndPlayBk/Page-Vlink-Sale/input_Card number_card_number"), cardNumber): Text '5424000000000015' is set on object 'Object Repository/RecAndPlayBk/Page-Vlink-Sale/input_Card number_card_number'

2023-02-15 21:40:23 - [MESSAGE][PASSED] - Text '5424000000000015' is set on object 'Object Repository/RecAndPlayBk/Page-Vlink-Sale/input_Card number_card_number'

2023-02-15 21:40:23 - [TEST_STEP][PASSED] - setText(findTestObject("Object Repository/RecAndPlayBk/Page-Vlink-Sale/input_Card ex month_card_exmo"), exM): Text '12' is set on object 'Object Repository/RecAndPlayBk/Page-Vlink-Sale/input_Card ex month_card_exmo'

2023-02-15 21:40:24 - [MESSAGE][PASSED] - Text '12' is set on object 'Object Repository/RecAndPlayBk/Page-Vlink-Sale/input_Card ex month_card_exmo'

2023-02-15 21:40:24 - [TEST_STEP][PASSED] - setText(findTestObject("Object Repository/RecAndPlayBk/Page-Vlink-Sale/input_Card ex year_card_exyr"), exY): Text '2029' is set on object 'Object Repository/RecAndPlayBk/Page-Vlink-Sale/input_Card ex year_card_exyr'

2023-02-15 21:40:25 - [MESSAGE][PASSED] - Text '2029' is set on object 'Object Repository/RecAndPlayBk/Page-Vlink-Sale/input_Card ex year_card_exyr'

2023-02-15 21:40:25 - [TEST_STEP][PASSED] - click(findTestObject("Object Repository/RecAndPlayBk/Page-Vlink-Sale/input_Track Data_track_data")): Object: 'Object Repository/RecAndPlayBk/Page-Vlink-Sale/input_Track Data_track_data' is clicked on

2023-02-15 21:40:25 - [MESSAGE][PASSED] - Object: 'Object Repository/RecAndPlayBk/Page-Vlink-Sale/input_Track Data_track_data' is clicked on

2023-02-15 21:40:25 - [TEST_STEP][PASSED] - click(findTestObject("Object Repository/RecAndPlayBk/Page-Vlink-Sale/input_CVV state_cvv_state")): Object: 'Object Repository/RecAndPlayBk/Page-Vlink-Sale/input_CVV state_cvv_state' is clicked on

2023-02-15 21:40:25 - [MESSAGE][PASSED] - Object: 'Object Repository/RecAndPlayBk/Page-Vlink-Sale/input_CVV state_cvv_state' is clicked on

2023-02-15 21:40:25 - [TEST_STEP][PASSED] - setText(findTestObject("Object Repository/RecAndPlayBk/Page-Vlink-Sale/input_Track Data_track_data"), ""): Text '' is set on object 'Object Repository/RecAndPlayBk/Page-Vlink-Sale/input_Track Data_track_data'

2023-02-15 21:40:26 - [MESSAGE][PASSED] - Text '' is set on object 'Object Repository/RecAndPlayBk/Page-Vlink-Sale/input_Track Data_track_data'

2023-02-15 21:40:26 - [TEST_STEP][PASSED] - setText(findTestObject("Object Repository/RecAndPlayBk/Page-Vlink-Sale/input_concat(Cardholder, , s email)_email"), ""): Text '' is set on object 'Object Repository/RecAndPlayBk/Page-Vlink-Sale/input_concat(Cardholder, , s email)_email'

2023-02-15 21:40:26 - [MESSAGE][PASSED] - Text '' is set on object 'Object Repository/RecAndPlayBk/Page-Vlink-Sale/input_concat(Cardholder, , s email)_email'

2023-02-15 21:40:26 - [TEST_STEP][PASSED] - click(findTestObject("Object Repository/RecAndPlayBk/Page-Vlink-Sale/input_user_defined10_user_defined10")): Object: 'Object Repository/RecAndPlayBk/Page-Vlink-Sale/input_user_defined10_user_defined10' is clicked on

2023-02-15 21:40:27 - [MESSAGE][PASSED] - Object: 'Object Repository/RecAndPlayBk/Page-Vlink-Sale/input_user_defined10_user_defined10' is clicked on

2023-02-15 21:40:27 - [TEST_STEP][PASSED] - if (executionProfile.equalsIgnoreCase("QAProfile") || executionProfile.equalsIgnoreCase("DemoProfile")): Text '' is set on object 'Object Repository/RecAndPlayBk/Page-Vlink-Sale/input_COF Transaction Initiated by_cof_tran_6cded5'

2023-02-15 21:40:27 - [TEST_STEP][PASSED] - setText(findTestObject("Object Repository/RecAndPlayBk/Page-Vlink-Sale/input_Card on File Indicator_card_on_file_i_157dae"), ""): Text '' is set on object 'Object Repository/RecAndPlayBk/Page-Vlink-Sale/input_Card on File Indicator_card_on_file_i_157dae'

2023-02-15 21:40:27 - [MESSAGE][PASSED] - Text '' is set on object 'Object Repository/RecAndPlayBk/Page-Vlink-Sale/input_Card on File Indicator_card_on_file_i_157dae'

2023-02-15 21:40:27 - [TEST_STEP][PASSED] - setText(findTestObject("Object Repository/RecAndPlayBk/Page-Vlink-Sale/input_Stored Credential Indicator_stored_cr_4ae73c"), ""): Text '' is set on object 'Object Repository/RecAndPlayBk/Page-Vlink-Sale/input_Stored Credential Indicator_stored_cr_4ae73c'

2023-02-15 21:40:28 - [MESSAGE][PASSED] - Text '' is set on object 'Object Repository/RecAndPlayBk/Page-Vlink-Sale/input_Stored Credential Indicator_stored_cr_4ae73c'

2023-02-15 21:40:28 - [TEST_STEP][PASSED] - setText(findTestObject("Object Repository/RecAndPlayBk/Page-Vlink-Sale/input_COF Scheduled indicator_cof_scheduled_8df7d8"), ""): Text '' is set on object 'Object Repository/RecAndPlayBk/Page-Vlink-Sale/input_COF Scheduled indicator_cof_scheduled_8df7d8'

2023-02-15 21:40:29 - [MESSAGE][PASSED] - Text '' is set on object 'Object Repository/RecAndPlayBk/Page-Vlink-Sale/input_COF Scheduled indicator_cof_scheduled_8df7d8'

2023-02-15 21:40:29 - [TEST_STEP][PASSED] - setText(findTestObject("Object Repository/RecAndPlayBk/Page-Vlink-Sale/input_COF Transaction Initiated by_cof_tran_6cded5"), ""): Text '' is set on object 'Object Repository/RecAndPlayBk/Page-Vlink-Sale/input_COF Transaction Initiated by_cof_tran_6cded5'

2023-02-15 21:40:30 - [MESSAGE][PASSED] - Text '' is set on object 'Object Repository/RecAndPlayBk/Page-Vlink-Sale/input_COF Transaction Initiated by_cof_tran_6cded5'

2023-02-15 21:40:30 - [TEST_STEP][PASSED] - click(findTestObject("Object Repository/RecAndPlayBk/Page-Vlink-Sale/input")): Object: 'Object Repository/RecAndPlayBk/Page-Vlink-Sale/input' is clicked on

2023-02-15 21:40:30 - [MESSAGE][PASSED] - Object: 'Object Repository/RecAndPlayBk/Page-Vlink-Sale/input' is clicked on

2023-02-15 21:40:30 - [TEST_STEP][PASSED] - if (verifyTextPresent("Transaction approved, no errors", true)): null

2023-02-15 21:40:31 - [MESSAGE][PASSED] - Text 'Transaction approved, no errors' is present on page  using regular expression

2023-02-15 21:40:31 - [TEST_STEP][PASSED] - println("Transaction Approved, no errors text is present on the Confirmation page"): null

2023-02-15 21:40:31 - [TEST_STEP][PASSED] - sdfo = getText(findTestObject("Object Repository/Page_VLinkReceipt/pre_STX")): Text of object 'Object Repository/Page_VLinkReceipt/pre_STX' is: '<STX>De8ISfCFE5Kl                  12126551            0  Transaction approved, no errors                   0                                                                                  Y 310359158<ETX>'

2023-02-15 21:40:31 - [MESSAGE][PASSED] - Text of object 'Object Repository/Page_VLinkReceipt/pre_STX' is: '<STX>De8ISfCFE5Kl                  12126551            0  Transaction approved, no errors                   0                                                                                  Y 310359158<ETX>'

2023-02-15 21:40:31 - [TEST_STEP][PASSED] - out.println("sdfo: " + sdfo): null

2023-02-15 21:40:31 - [TEST_STEP][PASSED] - remID = substring(5, 35).trim(): null

2023-02-15 21:40:31 - [TEST_STEP][PASSED] - out.println("remID: " + remID): null

2023-02-15 21:40:31 - [TEST_STEP][PASSED] - traxID = substring(35, 55).trim(): null

2023-02-15 21:40:31 - [TEST_STEP][PASSED] - out.println("traxID: " + traxID): null

2023-02-15 21:40:31 - [TEST_STEP][PASSED] - VLinkSaleRemID = remID: null

2023-02-15 21:40:31 - [TEST_STEP][PASSED] - VLinkSaleTranxID = traxID: null

2023-02-15 21:40:31 - [TEST_STEP][PASSED] - openBrowser(VLinkURL + "CC_void.html"): Browser is opened with url: 'https://dev-algorithm.govolution.com/vlinktest/QA/version_2_0/CC_void.html'

2023-02-15 21:40:31 - [MESSAGE][WARNING] - A browser is already opened. Closing browser and opening a new one

2023-02-15 21:40:32 - [MESSAGE][INFO] - Starting 'Chrome' driver

2023-02-15 21:40:32 - [MESSAGE][INFO] - User set preference: ['acceptInsecureCerts', 'true']

2023-02-15 21:40:32 - [MESSAGE][INFO] - Action delay is set to 0 milliseconds

2023-02-15 21:40:34 - [MESSAGE][PASSED] - Browser is opened with url: 'https://dev-algorithm.govolution.com/vlinktest/QA/version_2_0/CC_void.html'

2023-02-15 21:40:34 - [TEST_STEP][PASSED] - maximizeWindow(): Current window maximized

2023-02-15 21:40:34 - [MESSAGE][PASSED] - Current window maximized

2023-02-15 21:40:34 - [TEST_STEP][PASSED] - setText(findTestObject("Object Repository/RecAndPlayBk/Page-Vlink-CC-Void/txt_RemID"), VLinkSaleRemID): Text 'De8ISfCFE5Kl' is set on object 'Object Repository/RecAndPlayBk/Page-Vlink-CC-Void/txt_RemID'

2023-02-15 21:40:35 - [MESSAGE][PASSED] - Text 'De8ISfCFE5Kl' is set on object 'Object Repository/RecAndPlayBk/Page-Vlink-CC-Void/txt_RemID'

2023-02-15 21:40:35 - [TEST_STEP][PASSED] - setText(findTestObject("Object Repository/RecAndPlayBk/Page-Vlink-CC-Void/txt_ApplicationID"), appID): Text '234' is set on object 'Object Repository/RecAndPlayBk/Page-Vlink-CC-Void/txt_ApplicationID'

2023-02-15 21:40:35 - [MESSAGE][PASSED] - Text '234' is set on object 'Object Repository/RecAndPlayBk/Page-Vlink-CC-Void/txt_ApplicationID'

2023-02-15 21:40:35 - [TEST_STEP][PASSED] - setText(findTestObject("Object Repository/RecAndPlayBk/Page-Vlink-CC-Void/txt_Username"), username): Text 'username' is set on object 'Object Repository/RecAndPlayBk/Page-Vlink-CC-Void/txt_Username'

2023-02-15 21:40:36 - [MESSAGE][PASSED] - Text 'username' is set on object 'Object Repository/RecAndPlayBk/Page-Vlink-CC-Void/txt_Username'

2023-02-15 21:40:36 - [TEST_STEP][PASSED] - setText(findTestObject("Object Repository/RecAndPlayBk/Page-Vlink-CC-Void/txt_Password"), password): Text 'password' is set on object 'Object Repository/RecAndPlayBk/Page-Vlink-CC-Void/txt_Password'

2023-02-15 21:40:36 - [MESSAGE][PASSED] - Text 'password' is set on object 'Object Repository/RecAndPlayBk/Page-Vlink-CC-Void/txt_Password'

2023-02-15 21:40:36 - [TEST_STEP][PASSED] - setText(findTestObject("Object Repository/RecAndPlayBk/Page-Vlink-CC-Void/txt_TransactionID"), VLinkSaleTranxID): Text '12126551' is set on object 'Object Repository/RecAndPlayBk/Page-Vlink-CC-Void/txt_TransactionID'

2023-02-15 21:40:37 - [MESSAGE][PASSED] - Text '12126551' is set on object 'Object Repository/RecAndPlayBk/Page-Vlink-CC-Void/txt_TransactionID'

2023-02-15 21:40:37 - [TEST_STEP][PASSED] - setText(findTestObject("Object Repository/RecAndPlayBk/Page-Vlink-CC-Void/txt_OriginalTransactionType"), "104"): Text '104' is set on object 'Object Repository/RecAndPlayBk/Page-Vlink-CC-Void/txt_OriginalTransactionType'

2023-02-15 21:40:38 - [MESSAGE][PASSED] - Text '104' is set on object 'Object Repository/RecAndPlayBk/Page-Vlink-CC-Void/txt_OriginalTransactionType'

2023-02-15 21:40:38 - [TEST_STEP][PASSED] - setText(findTestObject("Object Repository/RecAndPlayBk/Page-Vlink-CC-Void/txt_TrackData"), ""): Text '' is set on object 'Object Repository/RecAndPlayBk/Page-Vlink-CC-Void/txt_TrackData'

2023-02-15 21:40:38 - [MESSAGE][PASSED] - Text '' is set on object 'Object Repository/RecAndPlayBk/Page-Vlink-CC-Void/txt_TrackData'

2023-02-15 21:40:38 - [TEST_STEP][PASSED] - click(findTestObject("Object Repository/RecAndPlayBk/Page-Vlink-CC-Void/btn_ProcessVLinkTransaction")): Object: 'Object Repository/RecAndPlayBk/Page-Vlink-CC-Void/btn_ProcessVLinkTransaction' is clicked on

2023-02-15 21:40:40 - [MESSAGE][PASSED] - Object: 'Object Repository/RecAndPlayBk/Page-Vlink-CC-Void/btn_ProcessVLinkTransaction' is clicked on

2023-02-15 21:40:40 - [TEST_STEP][PASSED] - if (verifyTextPresent("Transaction approved, no errors", true)): null

2023-02-15 21:40:40 - [MESSAGE][PASSED] - Text 'Transaction approved, no errors' is present on page  using regular expression

2023-02-15 21:40:40 - [TEST_STEP][PASSED] - println("Transaction Approved, no errors text is present on the Confirmation page"): null

2023-02-15 21:40:40 - [TEST_STEP][PASSED] - out.println("Pass Record Number: " + row): null

2023-02-15 21:40:40 - [TEST_STEP][PASSED] - resText = "Pass": null

2023-02-15 21:40:40 - [TEST_STEP][PASSED] - pages.WriteExcel.demoKey(resText, datText, resColumn, datCloumn, fileLoc, nameSheet, row): pages.WriteExcel.demoKey is PASSED

2023-02-15 21:40:40 - [MESSAGE][PASSED] - pages.WriteExcel.demoKey is PASSED

2023-02-15 21:40:40 - [TEST_STEP][PASSED] - ExecuteTC = findTestData(dataFile).getValue("Execute", row): null

2023-02-15 21:40:40 - [TEST_STEP][PASSED] - out.println("Value of Execute is : " + ExecuteTC): null

2023-02-15 21:40:40 - [TEST_STEP][PASSED] - switch (executionProfile): null

2023-02-15 21:40:40 - [TEST_STEP][PASSED] - case "QAProfile":: null

2023-02-15 21:40:40 - [TEST_STEP][PASSED] - appID = findTestData(dataFile).getValue("AppIDQA", row): null

2023-02-15 21:40:40 - [TEST_STEP][PASSED] - username = findTestData(dataFile).getValue("UsernameQA", row): null

2023-02-15 21:40:40 - [TEST_STEP][PASSED] - password = findTestData(dataFile).getValue("PasswordQA", row): null

2023-02-15 21:40:40 - [TEST_STEP][PASSED] - break: null

2023-02-15 21:40:40 - [TEST_STEP][FAILED] - if (ExecuteTC.equalsIgnoreCase("Y")): null

2023-02-15 21:40:40 - [TEST_STEP][PASSED] - out.println("Begin Record Number: " + row): null

2023-02-15 21:40:40 - [TEST_STEP][PASSED] - today = new java.util.Date(): null

2023-02-15 21:40:40 - [TEST_STEP][PASSED] - println(today): null

2023-02-15 21:40:40 - [TEST_STEP][PASSED] - datText = today: null

2023-02-15 21:40:40 - [TEST_STEP][PASSED] - category = findTestData(dataFile).getValue("Category", row): null

2023-02-15 21:40:40 - [TEST_STEP][PASSED] - amount = findTestData(dataFile).getValue("Amount", row): null

2023-02-15 21:40:41 - [TEST_STEP][PASSED] - cardNumber = findTestData(dataFile).getValue("CardNumber", row): null

2023-02-15 21:40:41 - [TEST_STEP][PASSED] - exM = findTestData(dataFile).getValue("ExM", row): null

2023-02-15 21:40:41 - [TEST_STEP][PASSED] - exY = findTestData(dataFile).getValue("ExY", row): null

2023-02-15 21:40:41 - [TEST_STEP][PASSED] - openBrowser(VLinkURL + "authcap.html"): Browser is opened with url: 'https://dev-algorithm.govolution.com/vlinktest/QA/version_2_0/authcap.html'

2023-02-15 21:40:41 - [MESSAGE][WARNING] - A browser is already opened. Closing browser and opening a new one

2023-02-15 21:40:42 - [MESSAGE][INFO] - Starting 'Chrome' driver

2023-02-15 21:40:42 - [MESSAGE][INFO] - User set preference: ['acceptInsecureCerts', 'true']

2023-02-15 21:40:42 - [MESSAGE][INFO] - Action delay is set to 0 milliseconds

2023-02-15 21:40:44 - [MESSAGE][PASSED] - Browser is opened with url: 'https://dev-algorithm.govolution.com/vlinktest/QA/version_2_0/authcap.html'

2023-02-15 21:40:44 - [TEST_STEP][PASSED] - maximizeWindow(): Current window maximized

2023-02-15 21:40:44 - [MESSAGE][PASSED] - Current window maximized

2023-02-15 21:40:44 - [TEST_STEP][PASSED] - maximizeWindow(): Current window maximized

2023-02-15 21:40:44 - [MESSAGE][PASSED] - Current window maximized

2023-02-15 21:40:44 - [TEST_STEP][PASSED] - genRemID = RandomStringUtils.random(12, true, true): null

2023-02-15 21:40:44 - [TEST_STEP][PASSED] - setText(findTestObject("Object Repository/RecAndPlayBk/Page-Vlink-Sale/input_Remittance Id_remittance_id"), genRemID): Text 'DSholCENDO9V' is set on object 'Object Repository/RecAndPlayBk/Page-Vlink-Sale/input_Remittance Id_remittance_id'

2023-02-15 21:40:44 - [MESSAGE][PASSED] - Text 'DSholCENDO9V' is set on object 'Object Repository/RecAndPlayBk/Page-Vlink-Sale/input_Remittance Id_remittance_id'

2023-02-15 21:40:44 - [TEST_STEP][PASSED] - setText(findTestObject("Object Repository/RecAndPlayBk/Page-Vlink-Sale/input_Application Id_application_id"), appID): Text '234' is set on object 'Object Repository/RecAndPlayBk/Page-Vlink-Sale/input_Application Id_application_id'

2023-02-15 21:40:45 - [MESSAGE][PASSED] - Text '234' is set on object 'Object Repository/RecAndPlayBk/Page-Vlink-Sale/input_Application Id_application_id'

2023-02-15 21:40:45 - [TEST_STEP][PASSED] - setText(findTestObject("Object Repository/RecAndPlayBk/Page-Vlink-Sale/input_Username_username"), username): Text 'username' is set on object 'Object Repository/RecAndPlayBk/Page-Vlink-Sale/input_Username_username'

2023-02-15 21:40:46 - [MESSAGE][PASSED] - Text 'username' is set on object 'Object Repository/RecAndPlayBk/Page-Vlink-Sale/input_Username_username'

2023-02-15 21:40:46 - [TEST_STEP][PASSED] - setText(findTestObject("Object Repository/RecAndPlayBk/Page-Vlink-Sale/input_Password_password"), password): Text 'password' is set on object 'Object Repository/RecAndPlayBk/Page-Vlink-Sale/input_Password_password'

2023-02-15 21:40:46 - [MESSAGE][PASSED] - Text 'password' is set on object 'Object Repository/RecAndPlayBk/Page-Vlink-Sale/input_Password_password'

2023-02-15 21:40:46 - [TEST_STEP][PASSED] - setText(findTestObject("Object Repository/RecAndPlayBk/Page-Vlink-Sale/input_Category_category"), category): Text 'RETL' is set on object 'Object Repository/RecAndPlayBk/Page-Vlink-Sale/input_Category_category'

2023-02-15 21:40:47 - [MESSAGE][PASSED] - Text 'RETL' is set on object 'Object Repository/RecAndPlayBk/Page-Vlink-Sale/input_Category_category'

2023-02-15 21:40:47 - [TEST_STEP][PASSED] - setText(findTestObject("Object Repository/RecAndPlayBk/Page-Vlink-Sale/input_Amount_amount"), amount): Text '10.5' is set on object 'Object Repository/RecAndPlayBk/Page-Vlink-Sale/input_Amount_amount'

2023-02-15 21:40:48 - [MESSAGE][PASSED] - Text '10.5' is set on object 'Object Repository/RecAndPlayBk/Page-Vlink-Sale/input_Amount_amount'

2023-02-15 21:40:48 - [TEST_STEP][PASSED] - doubleClick(findTestObject("Object Repository/RecAndPlayBk/Page-Vlink-Sale/input_Card number_card_number")): Object: 'Object Repository/RecAndPlayBk/Page-Vlink-Sale/input_Card number_card_number' is double clicked on

2023-02-15 21:40:48 - [MESSAGE][PASSED] - Object: 'Object Repository/RecAndPlayBk/Page-Vlink-Sale/input_Card number_card_number' is double clicked on

2023-02-15 21:40:48 - [TEST_STEP][PASSED] - setText(findTestObject("Object Repository/RecAndPlayBk/Page-Vlink-Sale/input_Card number_card_number"), cardNumber): Text '370000000000002' is set on object 'Object Repository/RecAndPlayBk/Page-Vlink-Sale/input_Card number_card_number'

2023-02-15 21:40:49 - [MESSAGE][PASSED] - Text '370000000000002' is set on object 'Object Repository/RecAndPlayBk/Page-Vlink-Sale/input_Card number_card_number'

2023-02-15 21:40:49 - [TEST_STEP][PASSED] - setText(findTestObject("Object Repository/RecAndPlayBk/Page-Vlink-Sale/input_Card ex month_card_exmo"), exM): Text '12' is set on object 'Object Repository/RecAndPlayBk/Page-Vlink-Sale/input_Card ex month_card_exmo'

2023-02-15 21:40:49 - [MESSAGE][PASSED] - Text '12' is set on object 'Object Repository/RecAndPlayBk/Page-Vlink-Sale/input_Card ex month_card_exmo'

2023-02-15 21:40:49 - [TEST_STEP][PASSED] - setText(findTestObject("Object Repository/RecAndPlayBk/Page-Vlink-Sale/input_Card ex year_card_exyr"), exY): Text '2029' is set on object 'Object Repository/RecAndPlayBk/Page-Vlink-Sale/input_Card ex year_card_exyr'

2023-02-15 21:40:50 - [MESSAGE][PASSED] - Text '2029' is set on object 'Object Repository/RecAndPlayBk/Page-Vlink-Sale/input_Card ex year_card_exyr'

2023-02-15 21:40:50 - [TEST_STEP][PASSED] - click(findTestObject("Object Repository/RecAndPlayBk/Page-Vlink-Sale/input_Track Data_track_data")): Object: 'Object Repository/RecAndPlayBk/Page-Vlink-Sale/input_Track Data_track_data' is clicked on

2023-02-15 21:40:50 - [MESSAGE][PASSED] - Object: 'Object Repository/RecAndPlayBk/Page-Vlink-Sale/input_Track Data_track_data' is clicked on

2023-02-15 21:40:50 - [TEST_STEP][PASSED] - click(findTestObject("Object Repository/RecAndPlayBk/Page-Vlink-Sale/input_CVV state_cvv_state")): Object: 'Object Repository/RecAndPlayBk/Page-Vlink-Sale/input_CVV state_cvv_state' is clicked on

2023-02-15 21:40:50 - [MESSAGE][PASSED] - Object: 'Object Repository/RecAndPlayBk/Page-Vlink-Sale/input_CVV state_cvv_state' is clicked on

2023-02-15 21:40:50 - [TEST_STEP][PASSED] - setText(findTestObject("Object Repository/RecAndPlayBk/Page-Vlink-Sale/input_Track Data_track_data"), ""): Text '' is set on object 'Object Repository/RecAndPlayBk/Page-Vlink-Sale/input_Track Data_track_data'

2023-02-15 21:40:51 - [MESSAGE][PASSED] - Text '' is set on object 'Object Repository/RecAndPlayBk/Page-Vlink-Sale/input_Track Data_track_data'

2023-02-15 21:40:51 - [TEST_STEP][PASSED] - setText(findTestObject("Object Repository/RecAndPlayBk/Page-Vlink-Sale/input_concat(Cardholder, , s email)_email"), ""): Text '' is set on object 'Object Repository/RecAndPlayBk/Page-Vlink-Sale/input_concat(Cardholder, , s email)_email'

2023-02-15 21:40:52 - [MESSAGE][PASSED] - Text '' is set on object 'Object Repository/RecAndPlayBk/Page-Vlink-Sale/input_concat(Cardholder, , s email)_email'

2023-02-15 21:40:52 - [TEST_STEP][PASSED] - click(findTestObject("Object Repository/RecAndPlayBk/Page-Vlink-Sale/input_user_defined10_user_defined10")): Object: 'Object Repository/RecAndPlayBk/Page-Vlink-Sale/input_user_defined10_user_defined10' is clicked on

2023-02-15 21:40:52 - [MESSAGE][PASSED] - Object: 'Object Repository/RecAndPlayBk/Page-Vlink-Sale/input_user_defined10_user_defined10' is clicked on

2023-02-15 21:40:52 - [TEST_STEP][PASSED] - if (executionProfile.equalsIgnoreCase("QAProfile") || executionProfile.equalsIgnoreCase("DemoProfile")): Text '' is set on object 'Object Repository/RecAndPlayBk/Page-Vlink-Sale/input_COF Transaction Initiated by_cof_tran_6cded5'

2023-02-15 21:40:52 - [TEST_STEP][PASSED] - setText(findTestObject("Object Repository/RecAndPlayBk/Page-Vlink-Sale/input_Card on File Indicator_card_on_file_i_157dae"), ""): Text '' is set on object 'Object Repository/RecAndPlayBk/Page-Vlink-Sale/input_Card on File Indicator_card_on_file_i_157dae'

2023-02-15 21:40:53 - [MESSAGE][PASSED] - Text '' is set on object 'Object Repository/RecAndPlayBk/Page-Vlink-Sale/input_Card on File Indicator_card_on_file_i_157dae'

2023-02-15 21:40:53 - [TEST_STEP][PASSED] - setText(findTestObject("Object Repository/RecAndPlayBk/Page-Vlink-Sale/input_Stored Credential Indicator_stored_cr_4ae73c"), ""): Text '' is set on object 'Object Repository/RecAndPlayBk/Page-Vlink-Sale/input_Stored Credential Indicator_stored_cr_4ae73c'

2023-02-15 21:40:53 - [MESSAGE][PASSED] - Text '' is set on object 'Object Repository/RecAndPlayBk/Page-Vlink-Sale/input_Stored Credential Indicator_stored_cr_4ae73c'

2023-02-15 21:40:53 - [TEST_STEP][PASSED] - setText(findTestObject("Object Repository/RecAndPlayBk/Page-Vlink-Sale/input_COF Scheduled indicator_cof_scheduled_8df7d8"), ""): Text '' is set on object 'Object Repository/RecAndPlayBk/Page-Vlink-Sale/input_COF Scheduled indicator_cof_scheduled_8df7d8'

2023-02-15 21:40:54 - [MESSAGE][PASSED] - Text '' is set on object 'Object Repository/RecAndPlayBk/Page-Vlink-Sale/input_COF Scheduled indicator_cof_scheduled_8df7d8'

2023-02-15 21:40:54 - [TEST_STEP][PASSED] - setText(findTestObject("Object Repository/RecAndPlayBk/Page-Vlink-Sale/input_COF Transaction Initiated by_cof_tran_6cded5"), ""): Text '' is set on object 'Object Repository/RecAndPlayBk/Page-Vlink-Sale/input_COF Transaction Initiated by_cof_tran_6cded5'

2023-02-15 21:40:55 - [MESSAGE][PASSED] - Text '' is set on object 'Object Repository/RecAndPlayBk/Page-Vlink-Sale/input_COF Transaction Initiated by_cof_tran_6cded5'

2023-02-15 21:40:55 - [TEST_STEP][PASSED] - click(findTestObject("Object Repository/RecAndPlayBk/Page-Vlink-Sale/input")): Object: 'Object Repository/RecAndPlayBk/Page-Vlink-Sale/input' is clicked on

2023-02-15 21:40:55 - [MESSAGE][PASSED] - Object: 'Object Repository/RecAndPlayBk/Page-Vlink-Sale/input' is clicked on

2023-02-15 21:40:55 - [TEST_STEP][FAILED] - if (verifyTextPresent("Transaction approved, no errors", true)): Text 'Transaction approved, no errors' is not present on page  using regular expression (Root cause: com.kms.katalon.core.exception.StepFailedException: Text 'Transaction approved, no errors' is not present on page  using regular expression
	at com.kms.katalon.core.webui.keyword.internal.WebUIKeywordMain.stepFailed(WebUIKeywordMain.groovy:64)
	at com.kms.katalon.core.webui.keyword.builtin.VerifyTextPresentKeyword$_verifyTextPresent_closure1.doCall(VerifyTextPresentKeyword.groovy:79)
	at com.kms.katalon.core.webui.keyword.builtin.VerifyTextPresentKeyword$_verifyTextPresent_closure1.call(VerifyTextPresentKeyword.groovy)
	at com.kms.katalon.core.webui.keyword.internal.WebUIKeywordMain.runKeyword(WebUIKeywordMain.groovy:20)
	at com.kms.katalon.core.webui.keyword.builtin.VerifyTextPresentKeyword.verifyTextPresent(VerifyTextPresentKeyword.groovy:83)
	at com.kms.katalon.core.webui.keyword.builtin.VerifyTextPresentKeyword.execute(VerifyTextPresentKeyword.groovy:68)
	at com.kms.katalon.core.keyword.internal.KeywordExecutor.executeKeywordForPlatform(KeywordExecutor.groovy:74)
	at com.kms.katalon.core.webui.keyword.WebUiBuiltInKeywords.verifyTextPresent(WebUiBuiltInKeywords.groovy:1723)
	at com.kms.katalon.core.webui.keyword.WebUiBuiltInKeywords$verifyTextPresent$4.call(Unknown Source)
	at Sale-Void.run(Sale-Void:155)
	at com.kms.katalon.core.main.ScriptEngine.run(ScriptEngine.java:194)
	at com.kms.katalon.core.main.ScriptEngine.runScriptAsRawText(ScriptEngine.java:119)
	at com.kms.katalon.core.main.TestCaseExecutor.runScript(TestCaseExecutor.java:442)
	at com.kms.katalon.core.main.TestCaseExecutor.doExecute(TestCaseExecutor.java:433)
	at com.kms.katalon.core.main.TestCaseExecutor.processExecutionPhase(TestCaseExecutor.java:412)
	at com.kms.katalon.core.main.TestCaseExecutor.accessMainPhase(TestCaseExecutor.java:404)
	at com.kms.katalon.core.main.TestCaseExecutor.execute(TestCaseExecutor.java:281)
	at com.kms.katalon.core.main.TestSuiteExecutor.accessTestCaseMainPhase(TestSuiteExecutor.java:202)
	at com.kms.katalon.core.main.TestSuiteExecutor.accessTestSuiteMainPhase(TestSuiteExecutor.java:164)
	at com.kms.katalon.core.main.TestSuiteExecutor.execute(TestSuiteExecutor.java:105)
	at com.kms.katalon.core.main.TestCaseMain.startTestSuite(TestCaseMain.java:185)
	at com.kms.katalon.core.main.TestCaseMain$startTestSuite$0.call(Unknown Source)
	at TempTestSuite1676514794135.run(TempTestSuite1676514794135.groovy:36)
)

2023-02-15 21:40:56 - [MESSAGE][FAILED] - Text 'Transaction approved, no errors' is not present on page  using regular expression (Root cause: com.kms.katalon.core.exception.StepFailedException: Text 'Transaction approved, no errors' is not present on page  using regular expression
	at com.kms.katalon.core.webui.keyword.internal.WebUIKeywordMain.stepFailed(WebUIKeywordMain.groovy:64)
	at com.kms.katalon.core.webui.keyword.builtin.VerifyTextPresentKeyword$_verifyTextPresent_closure1.doCall(VerifyTextPresentKeyword.groovy:79)
	at com.kms.katalon.core.webui.keyword.builtin.VerifyTextPresentKeyword$_verifyTextPresent_closure1.call(VerifyTextPresentKeyword.groovy)
	at com.kms.katalon.core.webui.keyword.internal.WebUIKeywordMain.runKeyword(WebUIKeywordMain.groovy:20)
	at com.kms.katalon.core.webui.keyword.builtin.VerifyTextPresentKeyword.verifyTextPresent(VerifyTextPresentKeyword.groovy:83)
	at com.kms.katalon.core.webui.keyword.builtin.VerifyTextPresentKeyword.execute(VerifyTextPresentKeyword.groovy:68)
	at com.kms.katalon.core.keyword.internal.KeywordExecutor.executeKeywordForPlatform(KeywordExecutor.groovy:74)
	at com.kms.katalon.core.webui.keyword.WebUiBuiltInKeywords.verifyTextPresent(WebUiBuiltInKeywords.groovy:1723)
	at com.kms.katalon.core.webui.keyword.WebUiBuiltInKeywords$verifyTextPresent$4.call(Unknown Source)
	at Sale-Void.run(Sale-Void:155)
	at com.kms.katalon.core.main.ScriptEngine.run(ScriptEngine.java:194)
	at com.kms.katalon.core.main.ScriptEngine.runScriptAsRawText(ScriptEngine.java:119)
	at com.kms.katalon.core.main.TestCaseExecutor.runScript(TestCaseExecutor.java:442)
	at com.kms.katalon.core.main.TestCaseExecutor.doExecute(TestCaseExecutor.java:433)
	at com.kms.katalon.core.main.TestCaseExecutor.processExecutionPhase(TestCaseExecutor.java:412)
	at com.kms.katalon.core.main.TestCaseExecutor.accessMainPhase(TestCaseExecutor.java:404)
	at com.kms.katalon.core.main.TestCaseExecutor.execute(TestCaseExecutor.java:281)
	at com.kms.katalon.core.main.TestSuiteExecutor.accessTestCaseMainPhase(TestSuiteExecutor.java:202)
	at com.kms.katalon.core.main.TestSuiteExecutor.accessTestSuiteMainPhase(TestSuiteExecutor.java:164)
	at com.kms.katalon.core.main.TestSuiteExecutor.execute(TestSuiteExecutor.java:105)
	at com.kms.katalon.core.main.TestCaseMain.startTestSuite(TestCaseMain.java:185)
	at com.kms.katalon.core.main.TestCaseMain$startTestSuite$0.call(Unknown Source)
	at TempTestSuite1676514794135.run(TempTestSuite1676514794135.groovy:36)
)

2023-02-15 21:40:56 - [TEST_STEP][PASSED] - else: pages.WriteExcel.demoKey is PASSED

2023-02-15 21:40:56 - [TEST_STEP][PASSED] - println("Transaction Approved, no errors text is not present on the Confirmation page"): null

2023-02-15 21:40:56 - [TEST_STEP][PASSED] - out.println("Fail Record Number: " + row): null

2023-02-15 21:40:56 - [TEST_STEP][PASSED] - resText = "Fail": null

2023-02-15 21:40:56 - [TEST_STEP][PASSED] - pages.WriteExcel.demoKey(resText, datText, resColumn, datCloumn, fileLoc, nameSheet, row): pages.WriteExcel.demoKey is PASSED

2023-02-15 21:40:56 - [MESSAGE][PASSED] - pages.WriteExcel.demoKey is PASSED

2023-02-15 21:40:56 - [TEST_STEP][PASSED] - ExecuteTC = findTestData(dataFile).getValue("Execute", row): null

2023-02-15 21:40:56 - [TEST_STEP][PASSED] - out.println("Value of Execute is : " + ExecuteTC): null

2023-02-15 21:40:56 - [TEST_STEP][PASSED] - switch (executionProfile): null

2023-02-15 21:40:56 - [TEST_STEP][PASSED] - case "QAProfile":: null

2023-02-15 21:40:56 - [TEST_STEP][PASSED] - appID = findTestData(dataFile).getValue("AppIDQA", row): null

2023-02-15 21:40:56 - [TEST_STEP][PASSED] - username = findTestData(dataFile).getValue("UsernameQA", row): null

2023-02-15 21:40:56 - [TEST_STEP][PASSED] - password = findTestData(dataFile).getValue("PasswordQA", row): null

2023-02-15 21:40:56 - [TEST_STEP][PASSED] - break: null

2023-02-15 21:40:56 - [TEST_STEP][PASSED] - if (ExecuteTC.equalsIgnoreCase("Y")): null

2023-02-15 21:40:56 - [TEST_STEP][PASSED] - out.println("Begin Record Number: " + row): null

2023-02-15 21:40:56 - [TEST_STEP][PASSED] - today = new java.util.Date(): null

2023-02-15 21:40:56 - [TEST_STEP][PASSED] - println(today): null

2023-02-15 21:40:56 - [TEST_STEP][PASSED] - datText = today: null

2023-02-15 21:40:56 - [TEST_STEP][PASSED] - category = findTestData(dataFile).getValue("Category", row): null

2023-02-15 21:40:57 - [TEST_STEP][PASSED] - amount = findTestData(dataFile).getValue("Amount", row): null

2023-02-15 21:40:57 - [TEST_STEP][PASSED] - cardNumber = findTestData(dataFile).getValue("CardNumber", row): null

2023-02-15 21:40:57 - [TEST_STEP][PASSED] - exM = findTestData(dataFile).getValue("ExM", row): null

2023-02-15 21:40:57 - [TEST_STEP][PASSED] - exY = findTestData(dataFile).getValue("ExY", row): null

2023-02-15 21:40:57 - [TEST_STEP][PASSED] - openBrowser(VLinkURL + "authcap.html"): Browser is opened with url: 'https://dev-algorithm.govolution.com/vlinktest/QA/version_2_0/authcap.html'

2023-02-15 21:40:57 - [MESSAGE][WARNING] - A browser is already opened. Closing browser and opening a new one

2023-02-15 21:40:58 - [MESSAGE][INFO] - Starting 'Chrome' driver

2023-02-15 21:40:58 - [MESSAGE][INFO] - User set preference: ['acceptInsecureCerts', 'true']

2023-02-15 21:40:58 - [MESSAGE][INFO] - Action delay is set to 0 milliseconds

2023-02-15 21:41:00 - [MESSAGE][PASSED] - Browser is opened with url: 'https://dev-algorithm.govolution.com/vlinktest/QA/version_2_0/authcap.html'

2023-02-15 21:41:00 - [TEST_STEP][PASSED] - maximizeWindow(): Current window maximized

2023-02-15 21:41:00 - [MESSAGE][PASSED] - Current window maximized

2023-02-15 21:41:00 - [TEST_STEP][PASSED] - maximizeWindow(): Current window maximized

2023-02-15 21:41:00 - [MESSAGE][PASSED] - Current window maximized

2023-02-15 21:41:00 - [TEST_STEP][PASSED] - genRemID = RandomStringUtils.random(12, true, true): null

2023-02-15 21:41:00 - [TEST_STEP][PASSED] - setText(findTestObject("Object Repository/RecAndPlayBk/Page-Vlink-Sale/input_Remittance Id_remittance_id"), genRemID): Text 'IZnNhvTSfgA1' is set on object 'Object Repository/RecAndPlayBk/Page-Vlink-Sale/input_Remittance Id_remittance_id'

2023-02-15 21:41:01 - [MESSAGE][PASSED] - Text 'IZnNhvTSfgA1' is set on object 'Object Repository/RecAndPlayBk/Page-Vlink-Sale/input_Remittance Id_remittance_id'

2023-02-15 21:41:01 - [TEST_STEP][PASSED] - setText(findTestObject("Object Repository/RecAndPlayBk/Page-Vlink-Sale/input_Application Id_application_id"), appID): Text '87' is set on object 'Object Repository/RecAndPlayBk/Page-Vlink-Sale/input_Application Id_application_id'

2023-02-15 21:41:01 - [MESSAGE][PASSED] - Text '87' is set on object 'Object Repository/RecAndPlayBk/Page-Vlink-Sale/input_Application Id_application_id'

2023-02-15 21:41:01 - [TEST_STEP][PASSED] - setText(findTestObject("Object Repository/RecAndPlayBk/Page-Vlink-Sale/input_Username_username"), username): Text 'username' is set on object 'Object Repository/RecAndPlayBk/Page-Vlink-Sale/input_Username_username'

2023-02-15 21:41:02 - [MESSAGE][PASSED] - Text 'username' is set on object 'Object Repository/RecAndPlayBk/Page-Vlink-Sale/input_Username_username'

2023-02-15 21:41:02 - [TEST_STEP][PASSED] - setText(findTestObject("Object Repository/RecAndPlayBk/Page-Vlink-Sale/input_Password_password"), password): Text 'password' is set on object 'Object Repository/RecAndPlayBk/Page-Vlink-Sale/input_Password_password'

2023-02-15 21:41:03 - [MESSAGE][PASSED] - Text 'password' is set on object 'Object Repository/RecAndPlayBk/Page-Vlink-Sale/input_Password_password'

2023-02-15 21:41:03 - [TEST_STEP][PASSED] - setText(findTestObject("Object Repository/RecAndPlayBk/Page-Vlink-Sale/input_Category_category"), category): Text 'ECOM' is set on object 'Object Repository/RecAndPlayBk/Page-Vlink-Sale/input_Category_category'

2023-02-15 21:41:03 - [MESSAGE][PASSED] - Text 'ECOM' is set on object 'Object Repository/RecAndPlayBk/Page-Vlink-Sale/input_Category_category'

2023-02-15 21:41:03 - [TEST_STEP][PASSED] - setText(findTestObject("Object Repository/RecAndPlayBk/Page-Vlink-Sale/input_Amount_amount"), amount): Text '10.5' is set on object 'Object Repository/RecAndPlayBk/Page-Vlink-Sale/input_Amount_amount'

2023-02-15 21:41:04 - [MESSAGE][PASSED] - Text '10.5' is set on object 'Object Repository/RecAndPlayBk/Page-Vlink-Sale/input_Amount_amount'

2023-02-15 21:41:04 - [TEST_STEP][PASSED] - doubleClick(findTestObject("Object Repository/RecAndPlayBk/Page-Vlink-Sale/input_Card number_card_number")): Object: 'Object Repository/RecAndPlayBk/Page-Vlink-Sale/input_Card number_card_number' is double clicked on

2023-02-15 21:41:04 - [MESSAGE][PASSED] - Object: 'Object Repository/RecAndPlayBk/Page-Vlink-Sale/input_Card number_card_number' is double clicked on

2023-02-15 21:41:04 - [TEST_STEP][PASSED] - setText(findTestObject("Object Repository/RecAndPlayBk/Page-Vlink-Sale/input_Card number_card_number"), cardNumber): Text '4012000098765439' is set on object 'Object Repository/RecAndPlayBk/Page-Vlink-Sale/input_Card number_card_number'

2023-02-15 21:41:05 - [MESSAGE][PASSED] - Text '4012000098765439' is set on object 'Object Repository/RecAndPlayBk/Page-Vlink-Sale/input_Card number_card_number'

2023-02-15 21:41:05 - [TEST_STEP][PASSED] - setText(findTestObject("Object Repository/RecAndPlayBk/Page-Vlink-Sale/input_Card ex month_card_exmo"), exM): Text '12' is set on object 'Object Repository/RecAndPlayBk/Page-Vlink-Sale/input_Card ex month_card_exmo'

2023-02-15 21:41:05 - [MESSAGE][PASSED] - Text '12' is set on object 'Object Repository/RecAndPlayBk/Page-Vlink-Sale/input_Card ex month_card_exmo'

2023-02-15 21:41:05 - [TEST_STEP][PASSED] - setText(findTestObject("Object Repository/RecAndPlayBk/Page-Vlink-Sale/input_Card ex year_card_exyr"), exY): Text '2029' is set on object 'Object Repository/RecAndPlayBk/Page-Vlink-Sale/input_Card ex year_card_exyr'

2023-02-15 21:41:06 - [MESSAGE][PASSED] - Text '2029' is set on object 'Object Repository/RecAndPlayBk/Page-Vlink-Sale/input_Card ex year_card_exyr'

2023-02-15 21:41:06 - [TEST_STEP][PASSED] - click(findTestObject("Object Repository/RecAndPlayBk/Page-Vlink-Sale/input_Track Data_track_data")): Object: 'Object Repository/RecAndPlayBk/Page-Vlink-Sale/input_Track Data_track_data' is clicked on

2023-02-15 21:41:06 - [MESSAGE][PASSED] - Object: 'Object Repository/RecAndPlayBk/Page-Vlink-Sale/input_Track Data_track_data' is clicked on

2023-02-15 21:41:06 - [TEST_STEP][PASSED] - click(findTestObject("Object Repository/RecAndPlayBk/Page-Vlink-Sale/input_CVV state_cvv_state")): Object: 'Object Repository/RecAndPlayBk/Page-Vlink-Sale/input_CVV state_cvv_state' is clicked on

2023-02-15 21:41:07 - [MESSAGE][PASSED] - Object: 'Object Repository/RecAndPlayBk/Page-Vlink-Sale/input_CVV state_cvv_state' is clicked on

2023-02-15 21:41:07 - [TEST_STEP][PASSED] - setText(findTestObject("Object Repository/RecAndPlayBk/Page-Vlink-Sale/input_Track Data_track_data"), ""): Text '' is set on object 'Object Repository/RecAndPlayBk/Page-Vlink-Sale/input_Track Data_track_data'

2023-02-15 21:41:07 - [MESSAGE][PASSED] - Text '' is set on object 'Object Repository/RecAndPlayBk/Page-Vlink-Sale/input_Track Data_track_data'

2023-02-15 21:41:07 - [TEST_STEP][PASSED] - setText(findTestObject("Object Repository/RecAndPlayBk/Page-Vlink-Sale/input_concat(Cardholder, , s email)_email"), ""): Text '' is set on object 'Object Repository/RecAndPlayBk/Page-Vlink-Sale/input_concat(Cardholder, , s email)_email'

2023-02-15 21:41:08 - [MESSAGE][PASSED] - Text '' is set on object 'Object Repository/RecAndPlayBk/Page-Vlink-Sale/input_concat(Cardholder, , s email)_email'

2023-02-15 21:41:08 - [TEST_STEP][PASSED] - click(findTestObject("Object Repository/RecAndPlayBk/Page-Vlink-Sale/input_user_defined10_user_defined10")): Object: 'Object Repository/RecAndPlayBk/Page-Vlink-Sale/input_user_defined10_user_defined10' is clicked on

2023-02-15 21:41:08 - [MESSAGE][PASSED] - Object: 'Object Repository/RecAndPlayBk/Page-Vlink-Sale/input_user_defined10_user_defined10' is clicked on

2023-02-15 21:41:08 - [TEST_STEP][PASSED] - if (executionProfile.equalsIgnoreCase("QAProfile") || executionProfile.equalsIgnoreCase("DemoProfile")): Text '' is set on object 'Object Repository/RecAndPlayBk/Page-Vlink-Sale/input_COF Transaction Initiated by_cof_tran_6cded5'

2023-02-15 21:41:08 - [TEST_STEP][PASSED] - setText(findTestObject("Object Repository/RecAndPlayBk/Page-Vlink-Sale/input_Card on File Indicator_card_on_file_i_157dae"), ""): Text '' is set on object 'Object Repository/RecAndPlayBk/Page-Vlink-Sale/input_Card on File Indicator_card_on_file_i_157dae'

2023-02-15 21:41:09 - [MESSAGE][PASSED] - Text '' is set on object 'Object Repository/RecAndPlayBk/Page-Vlink-Sale/input_Card on File Indicator_card_on_file_i_157dae'

2023-02-15 21:41:09 - [TEST_STEP][PASSED] - setText(findTestObject("Object Repository/RecAndPlayBk/Page-Vlink-Sale/input_Stored Credential Indicator_stored_cr_4ae73c"), ""): Text '' is set on object 'Object Repository/RecAndPlayBk/Page-Vlink-Sale/input_Stored Credential Indicator_stored_cr_4ae73c'

2023-02-15 21:41:09 - [MESSAGE][PASSED] - Text '' is set on object 'Object Repository/RecAndPlayBk/Page-Vlink-Sale/input_Stored Credential Indicator_stored_cr_4ae73c'

2023-02-15 21:41:09 - [TEST_STEP][PASSED] - setText(findTestObject("Object Repository/RecAndPlayBk/Page-Vlink-Sale/input_COF Scheduled indicator_cof_scheduled_8df7d8"), ""): Text '' is set on object 'Object Repository/RecAndPlayBk/Page-Vlink-Sale/input_COF Scheduled indicator_cof_scheduled_8df7d8'

2023-02-15 21:41:10 - [MESSAGE][PASSED] - Text '' is set on object 'Object Repository/RecAndPlayBk/Page-Vlink-Sale/input_COF Scheduled indicator_cof_scheduled_8df7d8'

2023-02-15 21:41:10 - [TEST_STEP][PASSED] - setText(findTestObject("Object Repository/RecAndPlayBk/Page-Vlink-Sale/input_COF Transaction Initiated by_cof_tran_6cded5"), ""): Text '' is set on object 'Object Repository/RecAndPlayBk/Page-Vlink-Sale/input_COF Transaction Initiated by_cof_tran_6cded5'

2023-02-15 21:41:11 - [MESSAGE][PASSED] - Text '' is set on object 'Object Repository/RecAndPlayBk/Page-Vlink-Sale/input_COF Transaction Initiated by_cof_tran_6cded5'

2023-02-15 21:41:11 - [TEST_STEP][PASSED] - click(findTestObject("Object Repository/RecAndPlayBk/Page-Vlink-Sale/input")): Object: 'Object Repository/RecAndPlayBk/Page-Vlink-Sale/input' is clicked on

2023-02-15 21:41:12 - [MESSAGE][PASSED] - Object: 'Object Repository/RecAndPlayBk/Page-Vlink-Sale/input' is clicked on

2023-02-15 21:41:12 - [TEST_STEP][PASSED] - if (verifyTextPresent("Transaction approved, no errors", true)): null

2023-02-15 21:41:13 - [MESSAGE][PASSED] - Text 'Transaction approved, no errors' is present on page  using regular expression

2023-02-15 21:41:13 - [TEST_STEP][PASSED] - println("Transaction Approved, no errors text is present on the Confirmation page"): null

2023-02-15 21:41:13 - [TEST_STEP][PASSED] - sdfo = getText(findTestObject("Object Repository/Page_VLinkReceipt/pre_STX")): Text of object 'Object Repository/Page_VLinkReceipt/pre_STX' is: '<STX>IZnNhvTSfgA1                  12126554            0  Transaction approved, no errors                   0                                                                                  N TAS549   <ETX>'

2023-02-15 21:41:13 - [MESSAGE][PASSED] - Text of object 'Object Repository/Page_VLinkReceipt/pre_STX' is: '<STX>IZnNhvTSfgA1                  12126554            0  Transaction approved, no errors                   0                                                                                  N TAS549   <ETX>'

2023-02-15 21:41:13 - [TEST_STEP][PASSED] - out.println("sdfo: " + sdfo): null

2023-02-15 21:41:13 - [TEST_STEP][PASSED] - remID = substring(5, 35).trim(): null

2023-02-15 21:41:13 - [TEST_STEP][PASSED] - out.println("remID: " + remID): null

2023-02-15 21:41:13 - [TEST_STEP][PASSED] - traxID = substring(35, 55).trim(): null

2023-02-15 21:41:13 - [TEST_STEP][PASSED] - out.println("traxID: " + traxID): null

2023-02-15 21:41:13 - [TEST_STEP][PASSED] - VLinkSaleRemID = remID: null

2023-02-15 21:41:13 - [TEST_STEP][PASSED] - VLinkSaleTranxID = traxID: null

2023-02-15 21:41:13 - [TEST_STEP][PASSED] - openBrowser(VLinkURL + "CC_void.html"): Browser is opened with url: 'https://dev-algorithm.govolution.com/vlinktest/QA/version_2_0/CC_void.html'

2023-02-15 21:41:13 - [MESSAGE][WARNING] - A browser is already opened. Closing browser and opening a new one

2023-02-15 21:41:14 - [MESSAGE][INFO] - Starting 'Chrome' driver

2023-02-15 21:41:14 - [MESSAGE][INFO] - User set preference: ['acceptInsecureCerts', 'true']

2023-02-15 21:41:14 - [MESSAGE][INFO] - Action delay is set to 0 milliseconds

2023-02-15 21:41:15 - [MESSAGE][PASSED] - Browser is opened with url: 'https://dev-algorithm.govolution.com/vlinktest/QA/version_2_0/CC_void.html'

2023-02-15 21:41:15 - [TEST_STEP][PASSED] - maximizeWindow(): Current window maximized

2023-02-15 21:41:16 - [MESSAGE][PASSED] - Current window maximized

2023-02-15 21:41:16 - [TEST_STEP][PASSED] - setText(findTestObject("Object Repository/RecAndPlayBk/Page-Vlink-CC-Void/txt_RemID"), VLinkSaleRemID): Text 'IZnNhvTSfgA1' is set on object 'Object Repository/RecAndPlayBk/Page-Vlink-CC-Void/txt_RemID'

2023-02-15 21:41:16 - [MESSAGE][PASSED] - Text 'IZnNhvTSfgA1' is set on object 'Object Repository/RecAndPlayBk/Page-Vlink-CC-Void/txt_RemID'

2023-02-15 21:41:16 - [TEST_STEP][PASSED] - setText(findTestObject("Object Repository/RecAndPlayBk/Page-Vlink-CC-Void/txt_ApplicationID"), appID): Text '87' is set on object 'Object Repository/RecAndPlayBk/Page-Vlink-CC-Void/txt_ApplicationID'

2023-02-15 21:41:17 - [MESSAGE][PASSED] - Text '87' is set on object 'Object Repository/RecAndPlayBk/Page-Vlink-CC-Void/txt_ApplicationID'

2023-02-15 21:41:17 - [TEST_STEP][PASSED] - setText(findTestObject("Object Repository/RecAndPlayBk/Page-Vlink-CC-Void/txt_Username"), username): Text 'username' is set on object 'Object Repository/RecAndPlayBk/Page-Vlink-CC-Void/txt_Username'

2023-02-15 21:41:18 - [MESSAGE][PASSED] - Text 'username' is set on object 'Object Repository/RecAndPlayBk/Page-Vlink-CC-Void/txt_Username'

2023-02-15 21:41:18 - [TEST_STEP][PASSED] - setText(findTestObject("Object Repository/RecAndPlayBk/Page-Vlink-CC-Void/txt_Password"), password): Text 'password' is set on object 'Object Repository/RecAndPlayBk/Page-Vlink-CC-Void/txt_Password'

2023-02-15 21:41:18 - [MESSAGE][PASSED] - Text 'password' is set on object 'Object Repository/RecAndPlayBk/Page-Vlink-CC-Void/txt_Password'

2023-02-15 21:41:18 - [TEST_STEP][PASSED] - setText(findTestObject("Object Repository/RecAndPlayBk/Page-Vlink-CC-Void/txt_TransactionID"), VLinkSaleTranxID): Text '12126554' is set on object 'Object Repository/RecAndPlayBk/Page-Vlink-CC-Void/txt_TransactionID'

2023-02-15 21:41:19 - [MESSAGE][PASSED] - Text '12126554' is set on object 'Object Repository/RecAndPlayBk/Page-Vlink-CC-Void/txt_TransactionID'

2023-02-15 21:41:19 - [TEST_STEP][PASSED] - setText(findTestObject("Object Repository/RecAndPlayBk/Page-Vlink-CC-Void/txt_OriginalTransactionType"), "104"): Text '104' is set on object 'Object Repository/RecAndPlayBk/Page-Vlink-CC-Void/txt_OriginalTransactionType'

2023-02-15 21:41:19 - [MESSAGE][PASSED] - Text '104' is set on object 'Object Repository/RecAndPlayBk/Page-Vlink-CC-Void/txt_OriginalTransactionType'

2023-02-15 21:41:19 - [TEST_STEP][PASSED] - setText(findTestObject("Object Repository/RecAndPlayBk/Page-Vlink-CC-Void/txt_TrackData"), ""): Text '' is set on object 'Object Repository/RecAndPlayBk/Page-Vlink-CC-Void/txt_TrackData'

2023-02-15 21:41:20 - [MESSAGE][PASSED] - Text '' is set on object 'Object Repository/RecAndPlayBk/Page-Vlink-CC-Void/txt_TrackData'

2023-02-15 21:41:20 - [TEST_STEP][PASSED] - click(findTestObject("Object Repository/RecAndPlayBk/Page-Vlink-CC-Void/btn_ProcessVLinkTransaction")): Object: 'Object Repository/RecAndPlayBk/Page-Vlink-CC-Void/btn_ProcessVLinkTransaction' is clicked on

2023-02-15 21:41:22 - [MESSAGE][PASSED] - Object: 'Object Repository/RecAndPlayBk/Page-Vlink-CC-Void/btn_ProcessVLinkTransaction' is clicked on

2023-02-15 21:41:22 - [TEST_STEP][PASSED] - if (verifyTextPresent("Transaction approved, no errors", true)): null

2023-02-15 21:41:23 - [MESSAGE][PASSED] - Text 'Transaction approved, no errors' is present on page  using regular expression

2023-02-15 21:41:23 - [TEST_STEP][PASSED] - println("Transaction Approved, no errors text is present on the Confirmation page"): null

2023-02-15 21:41:23 - [TEST_STEP][PASSED] - out.println("Pass Record Number: " + row): null

2023-02-15 21:41:23 - [TEST_STEP][PASSED] - resText = "Pass": null

2023-02-15 21:41:23 - [TEST_STEP][PASSED] - pages.WriteExcel.demoKey(resText, datText, resColumn, datCloumn, fileLoc, nameSheet, row): pages.WriteExcel.demoKey is PASSED

2023-02-15 21:41:23 - [MESSAGE][PASSED] - pages.WriteExcel.demoKey is PASSED

2023-02-15 21:41:23 - [TEST_STEP][PASSED] - ExecuteTC = findTestData(dataFile).getValue("Execute", row): null

2023-02-15 21:41:23 - [TEST_STEP][PASSED] - out.println("Value of Execute is : " + ExecuteTC): null

2023-02-15 21:41:23 - [TEST_STEP][PASSED] - switch (executionProfile): null

2023-02-15 21:41:23 - [TEST_STEP][PASSED] - case "QAProfile":: null

2023-02-15 21:41:23 - [TEST_STEP][PASSED] - appID = findTestData(dataFile).getValue("AppIDQA", row): null

2023-02-15 21:41:23 - [TEST_STEP][PASSED] - username = findTestData(dataFile).getValue("UsernameQA", row): null

2023-02-15 21:41:23 - [TEST_STEP][PASSED] - password = findTestData(dataFile).getValue("PasswordQA", row): null

2023-02-15 21:41:23 - [TEST_STEP][PASSED] - break: null

2023-02-15 21:41:23 - [TEST_STEP][PASSED] - if (ExecuteTC.equalsIgnoreCase("Y")): null

2023-02-15 21:41:23 - [TEST_STEP][PASSED] - out.println("Begin Record Number: " + row): null

2023-02-15 21:41:23 - [TEST_STEP][PASSED] - today = new java.util.Date(): null

2023-02-15 21:41:23 - [TEST_STEP][PASSED] - println(today): null

2023-02-15 21:41:23 - [TEST_STEP][PASSED] - datText = today: null

2023-02-15 21:41:23 - [TEST_STEP][PASSED] - category = findTestData(dataFile).getValue("Category", row): null

2023-02-15 21:41:23 - [TEST_STEP][PASSED] - amount = findTestData(dataFile).getValue("Amount", row): null

2023-02-15 21:41:23 - [TEST_STEP][PASSED] - cardNumber = findTestData(dataFile).getValue("CardNumber", row): null

2023-02-15 21:41:23 - [TEST_STEP][PASSED] - exM = findTestData(dataFile).getValue("ExM", row): null

2023-02-15 21:41:23 - [TEST_STEP][PASSED] - exY = findTestData(dataFile).getValue("ExY", row): null

2023-02-15 21:41:24 - [TEST_STEP][PASSED] - openBrowser(VLinkURL + "authcap.html"): Browser is opened with url: 'https://dev-algorithm.govolution.com/vlinktest/QA/version_2_0/authcap.html'

2023-02-15 21:41:24 - [MESSAGE][WARNING] - A browser is already opened. Closing browser and opening a new one

2023-02-15 21:41:24 - [MESSAGE][INFO] - Starting 'Chrome' driver

2023-02-15 21:41:24 - [MESSAGE][INFO] - User set preference: ['acceptInsecureCerts', 'true']

2023-02-15 21:41:24 - [MESSAGE][INFO] - Action delay is set to 0 milliseconds

2023-02-15 21:41:26 - [MESSAGE][PASSED] - Browser is opened with url: 'https://dev-algorithm.govolution.com/vlinktest/QA/version_2_0/authcap.html'

2023-02-15 21:41:26 - [TEST_STEP][PASSED] - maximizeWindow(): Current window maximized

2023-02-15 21:41:26 - [MESSAGE][PASSED] - Current window maximized

2023-02-15 21:41:26 - [TEST_STEP][PASSED] - maximizeWindow(): Current window maximized

2023-02-15 21:41:26 - [MESSAGE][PASSED] - Current window maximized

2023-02-15 21:41:26 - [TEST_STEP][PASSED] - genRemID = RandomStringUtils.random(12, true, true): null

2023-02-15 21:41:26 - [TEST_STEP][PASSED] - setText(findTestObject("Object Repository/RecAndPlayBk/Page-Vlink-Sale/input_Remittance Id_remittance_id"), genRemID): Text 'qmu3CExe9wx7' is set on object 'Object Repository/RecAndPlayBk/Page-Vlink-Sale/input_Remittance Id_remittance_id'

2023-02-15 21:41:27 - [MESSAGE][PASSED] - Text 'qmu3CExe9wx7' is set on object 'Object Repository/RecAndPlayBk/Page-Vlink-Sale/input_Remittance Id_remittance_id'

2023-02-15 21:41:27 - [TEST_STEP][PASSED] - setText(findTestObject("Object Repository/RecAndPlayBk/Page-Vlink-Sale/input_Application Id_application_id"), appID): Text '581' is set on object 'Object Repository/RecAndPlayBk/Page-Vlink-Sale/input_Application Id_application_id'

2023-02-15 21:41:28 - [MESSAGE][PASSED] - Text '581' is set on object 'Object Repository/RecAndPlayBk/Page-Vlink-Sale/input_Application Id_application_id'

2023-02-15 21:41:28 - [TEST_STEP][PASSED] - setText(findTestObject("Object Repository/RecAndPlayBk/Page-Vlink-Sale/input_Username_username"), username): Text 'usr581' is set on object 'Object Repository/RecAndPlayBk/Page-Vlink-Sale/input_Username_username'

2023-02-15 21:41:28 - [MESSAGE][PASSED] - Text 'usr581' is set on object 'Object Repository/RecAndPlayBk/Page-Vlink-Sale/input_Username_username'

2023-02-15 21:41:28 - [TEST_STEP][PASSED] - setText(findTestObject("Object Repository/RecAndPlayBk/Page-Vlink-Sale/input_Password_password"), password): Text 'pwd581' is set on object 'Object Repository/RecAndPlayBk/Page-Vlink-Sale/input_Password_password'

2023-02-15 21:41:29 - [MESSAGE][PASSED] - Text 'pwd581' is set on object 'Object Repository/RecAndPlayBk/Page-Vlink-Sale/input_Password_password'

2023-02-15 21:41:29 - [TEST_STEP][PASSED] - setText(findTestObject("Object Repository/RecAndPlayBk/Page-Vlink-Sale/input_Category_category"), category): Text 'ECOM' is set on object 'Object Repository/RecAndPlayBk/Page-Vlink-Sale/input_Category_category'

2023-02-15 21:41:30 - [MESSAGE][PASSED] - Text 'ECOM' is set on object 'Object Repository/RecAndPlayBk/Page-Vlink-Sale/input_Category_category'

2023-02-15 21:41:30 - [TEST_STEP][PASSED] - setText(findTestObject("Object Repository/RecAndPlayBk/Page-Vlink-Sale/input_Amount_amount"), amount): Text '10.5' is set on object 'Object Repository/RecAndPlayBk/Page-Vlink-Sale/input_Amount_amount'

2023-02-15 21:41:30 - [MESSAGE][PASSED] - Text '10.5' is set on object 'Object Repository/RecAndPlayBk/Page-Vlink-Sale/input_Amount_amount'

2023-02-15 21:41:30 - [TEST_STEP][PASSED] - doubleClick(findTestObject("Object Repository/RecAndPlayBk/Page-Vlink-Sale/input_Card number_card_number")): Object: 'Object Repository/RecAndPlayBk/Page-Vlink-Sale/input_Card number_card_number' is double clicked on

2023-02-15 21:41:31 - [MESSAGE][PASSED] - Object: 'Object Repository/RecAndPlayBk/Page-Vlink-Sale/input_Card number_card_number' is double clicked on

2023-02-15 21:41:31 - [TEST_STEP][PASSED] - setText(findTestObject("Object Repository/RecAndPlayBk/Page-Vlink-Sale/input_Card number_card_number"), cardNumber): Text '5146312200000035' is set on object 'Object Repository/RecAndPlayBk/Page-Vlink-Sale/input_Card number_card_number'

2023-02-15 21:41:31 - [MESSAGE][PASSED] - Text '5146312200000035' is set on object 'Object Repository/RecAndPlayBk/Page-Vlink-Sale/input_Card number_card_number'

2023-02-15 21:41:31 - [TEST_STEP][PASSED] - setText(findTestObject("Object Repository/RecAndPlayBk/Page-Vlink-Sale/input_Card ex month_card_exmo"), exM): Text '12' is set on object 'Object Repository/RecAndPlayBk/Page-Vlink-Sale/input_Card ex month_card_exmo'

2023-02-15 21:41:32 - [MESSAGE][PASSED] - Text '12' is set on object 'Object Repository/RecAndPlayBk/Page-Vlink-Sale/input_Card ex month_card_exmo'

2023-02-15 21:41:32 - [TEST_STEP][PASSED] - setText(findTestObject("Object Repository/RecAndPlayBk/Page-Vlink-Sale/input_Card ex year_card_exyr"), exY): Text '2029' is set on object 'Object Repository/RecAndPlayBk/Page-Vlink-Sale/input_Card ex year_card_exyr'

2023-02-15 21:41:32 - [MESSAGE][PASSED] - Text '2029' is set on object 'Object Repository/RecAndPlayBk/Page-Vlink-Sale/input_Card ex year_card_exyr'

2023-02-15 21:41:32 - [TEST_STEP][PASSED] - click(findTestObject("Object Repository/RecAndPlayBk/Page-Vlink-Sale/input_Track Data_track_data")): Object: 'Object Repository/RecAndPlayBk/Page-Vlink-Sale/input_Track Data_track_data' is clicked on

2023-02-15 21:41:33 - [MESSAGE][PASSED] - Object: 'Object Repository/RecAndPlayBk/Page-Vlink-Sale/input_Track Data_track_data' is clicked on

2023-02-15 21:41:33 - [TEST_STEP][PASSED] - click(findTestObject("Object Repository/RecAndPlayBk/Page-Vlink-Sale/input_CVV state_cvv_state")): Object: 'Object Repository/RecAndPlayBk/Page-Vlink-Sale/input_CVV state_cvv_state' is clicked on

2023-02-15 21:41:33 - [MESSAGE][PASSED] - Object: 'Object Repository/RecAndPlayBk/Page-Vlink-Sale/input_CVV state_cvv_state' is clicked on

2023-02-15 21:41:33 - [TEST_STEP][PASSED] - setText(findTestObject("Object Repository/RecAndPlayBk/Page-Vlink-Sale/input_Track Data_track_data"), ""): Text '' is set on object 'Object Repository/RecAndPlayBk/Page-Vlink-Sale/input_Track Data_track_data'

2023-02-15 21:41:34 - [MESSAGE][PASSED] - Text '' is set on object 'Object Repository/RecAndPlayBk/Page-Vlink-Sale/input_Track Data_track_data'

2023-02-15 21:41:34 - [TEST_STEP][PASSED] - setText(findTestObject("Object Repository/RecAndPlayBk/Page-Vlink-Sale/input_concat(Cardholder, , s email)_email"), ""): Text '' is set on object 'Object Repository/RecAndPlayBk/Page-Vlink-Sale/input_concat(Cardholder, , s email)_email'

2023-02-15 21:41:34 - [MESSAGE][PASSED] - Text '' is set on object 'Object Repository/RecAndPlayBk/Page-Vlink-Sale/input_concat(Cardholder, , s email)_email'

2023-02-15 21:41:34 - [TEST_STEP][PASSED] - click(findTestObject("Object Repository/RecAndPlayBk/Page-Vlink-Sale/input_user_defined10_user_defined10")): Object: 'Object Repository/RecAndPlayBk/Page-Vlink-Sale/input_user_defined10_user_defined10' is clicked on

2023-02-15 21:41:35 - [MESSAGE][PASSED] - Object: 'Object Repository/RecAndPlayBk/Page-Vlink-Sale/input_user_defined10_user_defined10' is clicked on

2023-02-15 21:41:35 - [TEST_STEP][PASSED] - if (executionProfile.equalsIgnoreCase("QAProfile") || executionProfile.equalsIgnoreCase("DemoProfile")): Text '' is set on object 'Object Repository/RecAndPlayBk/Page-Vlink-Sale/input_COF Transaction Initiated by_cof_tran_6cded5'

2023-02-15 21:41:35 - [TEST_STEP][PASSED] - setText(findTestObject("Object Repository/RecAndPlayBk/Page-Vlink-Sale/input_Card on File Indicator_card_on_file_i_157dae"), ""): Text '' is set on object 'Object Repository/RecAndPlayBk/Page-Vlink-Sale/input_Card on File Indicator_card_on_file_i_157dae'

2023-02-15 21:41:35 - [MESSAGE][PASSED] - Text '' is set on object 'Object Repository/RecAndPlayBk/Page-Vlink-Sale/input_Card on File Indicator_card_on_file_i_157dae'

2023-02-15 21:41:35 - [TEST_STEP][PASSED] - setText(findTestObject("Object Repository/RecAndPlayBk/Page-Vlink-Sale/input_Stored Credential Indicator_stored_cr_4ae73c"), ""): Text '' is set on object 'Object Repository/RecAndPlayBk/Page-Vlink-Sale/input_Stored Credential Indicator_stored_cr_4ae73c'

2023-02-15 21:41:36 - [MESSAGE][PASSED] - Text '' is set on object 'Object Repository/RecAndPlayBk/Page-Vlink-Sale/input_Stored Credential Indicator_stored_cr_4ae73c'

2023-02-15 21:41:36 - [TEST_STEP][PASSED] - setText(findTestObject("Object Repository/RecAndPlayBk/Page-Vlink-Sale/input_COF Scheduled indicator_cof_scheduled_8df7d8"), ""): Text '' is set on object 'Object Repository/RecAndPlayBk/Page-Vlink-Sale/input_COF Scheduled indicator_cof_scheduled_8df7d8'

2023-02-15 21:41:37 - [MESSAGE][PASSED] - Text '' is set on object 'Object Repository/RecAndPlayBk/Page-Vlink-Sale/input_COF Scheduled indicator_cof_scheduled_8df7d8'

2023-02-15 21:41:37 - [TEST_STEP][PASSED] - setText(findTestObject("Object Repository/RecAndPlayBk/Page-Vlink-Sale/input_COF Transaction Initiated by_cof_tran_6cded5"), ""): Text '' is set on object 'Object Repository/RecAndPlayBk/Page-Vlink-Sale/input_COF Transaction Initiated by_cof_tran_6cded5'

2023-02-15 21:41:37 - [MESSAGE][PASSED] - Text '' is set on object 'Object Repository/RecAndPlayBk/Page-Vlink-Sale/input_COF Transaction Initiated by_cof_tran_6cded5'

2023-02-15 21:41:37 - [TEST_STEP][PASSED] - click(findTestObject("Object Repository/RecAndPlayBk/Page-Vlink-Sale/input")): Object: 'Object Repository/RecAndPlayBk/Page-Vlink-Sale/input' is clicked on

2023-02-15 21:41:38 - [MESSAGE][PASSED] - Object: 'Object Repository/RecAndPlayBk/Page-Vlink-Sale/input' is clicked on

2023-02-15 21:41:38 - [TEST_STEP][PASSED] - if (verifyTextPresent("Transaction approved, no errors", true)): null

2023-02-15 21:41:39 - [MESSAGE][PASSED] - Text 'Transaction approved, no errors' is present on page  using regular expression

2023-02-15 21:41:39 - [TEST_STEP][PASSED] - println("Transaction Approved, no errors text is present on the Confirmation page"): null

2023-02-15 21:41:39 - [TEST_STEP][PASSED] - sdfo = getText(findTestObject("Object Repository/Page_VLinkReceipt/pre_STX")): Text of object 'Object Repository/Page_VLinkReceipt/pre_STX' is: '<STX>qmu3CExe9wx7                  12126556            0  Transaction approved, no errors                   0                                                                                  Y 000040   <ETX>'

2023-02-15 21:41:39 - [MESSAGE][PASSED] - Text of object 'Object Repository/Page_VLinkReceipt/pre_STX' is: '<STX>qmu3CExe9wx7                  12126556            0  Transaction approved, no errors                   0                                                                                  Y 000040   <ETX>'

2023-02-15 21:41:39 - [TEST_STEP][PASSED] - out.println("sdfo: " + sdfo): null

2023-02-15 21:41:39 - [TEST_STEP][PASSED] - remID = substring(5, 35).trim(): null

2023-02-15 21:41:39 - [TEST_STEP][PASSED] - out.println("remID: " + remID): null

2023-02-15 21:41:39 - [TEST_STEP][PASSED] - traxID = substring(35, 55).trim(): null

2023-02-15 21:41:39 - [TEST_STEP][PASSED] - out.println("traxID: " + traxID): null

2023-02-15 21:41:39 - [TEST_STEP][PASSED] - VLinkSaleRemID = remID: null

2023-02-15 21:41:39 - [TEST_STEP][PASSED] - VLinkSaleTranxID = traxID: null

2023-02-15 21:41:39 - [TEST_STEP][PASSED] - openBrowser(VLinkURL + "CC_void.html"): Browser is opened with url: 'https://dev-algorithm.govolution.com/vlinktest/QA/version_2_0/CC_void.html'

2023-02-15 21:41:39 - [MESSAGE][WARNING] - A browser is already opened. Closing browser and opening a new one

2023-02-15 21:41:40 - [MESSAGE][INFO] - Starting 'Chrome' driver

2023-02-15 21:41:40 - [MESSAGE][INFO] - User set preference: ['acceptInsecureCerts', 'true']

2023-02-15 21:41:40 - [MESSAGE][INFO] - Action delay is set to 0 milliseconds

2023-02-15 21:41:42 - [MESSAGE][PASSED] - Browser is opened with url: 'https://dev-algorithm.govolution.com/vlinktest/QA/version_2_0/CC_void.html'

2023-02-15 21:41:42 - [TEST_STEP][PASSED] - maximizeWindow(): Current window maximized

2023-02-15 21:41:42 - [MESSAGE][PASSED] - Current window maximized

2023-02-15 21:41:42 - [TEST_STEP][PASSED] - setText(findTestObject("Object Repository/RecAndPlayBk/Page-Vlink-CC-Void/txt_RemID"), VLinkSaleRemID): Text 'qmu3CExe9wx7' is set on object 'Object Repository/RecAndPlayBk/Page-Vlink-CC-Void/txt_RemID'

2023-02-15 21:41:42 - [MESSAGE][PASSED] - Text 'qmu3CExe9wx7' is set on object 'Object Repository/RecAndPlayBk/Page-Vlink-CC-Void/txt_RemID'

2023-02-15 21:41:42 - [TEST_STEP][PASSED] - setText(findTestObject("Object Repository/RecAndPlayBk/Page-Vlink-CC-Void/txt_ApplicationID"), appID): Text '581' is set on object 'Object Repository/RecAndPlayBk/Page-Vlink-CC-Void/txt_ApplicationID'

2023-02-15 21:41:43 - [MESSAGE][PASSED] - Text '581' is set on object 'Object Repository/RecAndPlayBk/Page-Vlink-CC-Void/txt_ApplicationID'

2023-02-15 21:41:43 - [TEST_STEP][PASSED] - setText(findTestObject("Object Repository/RecAndPlayBk/Page-Vlink-CC-Void/txt_Username"), username): Text 'usr581' is set on object 'Object Repository/RecAndPlayBk/Page-Vlink-CC-Void/txt_Username'

2023-02-15 21:41:44 - [MESSAGE][PASSED] - Text 'usr581' is set on object 'Object Repository/RecAndPlayBk/Page-Vlink-CC-Void/txt_Username'

2023-02-15 21:41:44 - [TEST_STEP][PASSED] - setText(findTestObject("Object Repository/RecAndPlayBk/Page-Vlink-CC-Void/txt_Password"), password): Text 'pwd581' is set on object 'Object Repository/RecAndPlayBk/Page-Vlink-CC-Void/txt_Password'

2023-02-15 21:41:44 - [MESSAGE][PASSED] - Text 'pwd581' is set on object 'Object Repository/RecAndPlayBk/Page-Vlink-CC-Void/txt_Password'

2023-02-15 21:41:44 - [TEST_STEP][PASSED] - setText(findTestObject("Object Repository/RecAndPlayBk/Page-Vlink-CC-Void/txt_TransactionID"), VLinkSaleTranxID): Text '12126556' is set on object 'Object Repository/RecAndPlayBk/Page-Vlink-CC-Void/txt_TransactionID'

2023-02-15 21:41:45 - [MESSAGE][PASSED] - Text '12126556' is set on object 'Object Repository/RecAndPlayBk/Page-Vlink-CC-Void/txt_TransactionID'

2023-02-15 21:41:45 - [TEST_STEP][PASSED] - setText(findTestObject("Object Repository/RecAndPlayBk/Page-Vlink-CC-Void/txt_OriginalTransactionType"), "104"): Text '104' is set on object 'Object Repository/RecAndPlayBk/Page-Vlink-CC-Void/txt_OriginalTransactionType'

2023-02-15 21:41:46 - [MESSAGE][PASSED] - Text '104' is set on object 'Object Repository/RecAndPlayBk/Page-Vlink-CC-Void/txt_OriginalTransactionType'

2023-02-15 21:41:46 - [TEST_STEP][PASSED] - setText(findTestObject("Object Repository/RecAndPlayBk/Page-Vlink-CC-Void/txt_TrackData"), ""): Text '' is set on object 'Object Repository/RecAndPlayBk/Page-Vlink-CC-Void/txt_TrackData'

2023-02-15 21:41:46 - [MESSAGE][PASSED] - Text '' is set on object 'Object Repository/RecAndPlayBk/Page-Vlink-CC-Void/txt_TrackData'

2023-02-15 21:41:46 - [TEST_STEP][PASSED] - click(findTestObject("Object Repository/RecAndPlayBk/Page-Vlink-CC-Void/btn_ProcessVLinkTransaction")): Object: 'Object Repository/RecAndPlayBk/Page-Vlink-CC-Void/btn_ProcessVLinkTransaction' is clicked on

2023-02-15 21:41:48 - [MESSAGE][PASSED] - Object: 'Object Repository/RecAndPlayBk/Page-Vlink-CC-Void/btn_ProcessVLinkTransaction' is clicked on

2023-02-15 21:41:48 - [TEST_STEP][PASSED] - if (verifyTextPresent("Transaction approved, no errors", true)): null

2023-02-15 21:41:48 - [MESSAGE][PASSED] - Text 'Transaction approved, no errors' is present on page  using regular expression

2023-02-15 21:41:48 - [TEST_STEP][PASSED] - println("Transaction Approved, no errors text is present on the Confirmation page"): null

2023-02-15 21:41:48 - [TEST_STEP][PASSED] - out.println("Pass Record Number: " + row): null

2023-02-15 21:41:48 - [TEST_STEP][PASSED] - resText = "Pass": null

2023-02-15 21:41:48 - [TEST_STEP][PASSED] - pages.WriteExcel.demoKey(resText, datText, resColumn, datCloumn, fileLoc, nameSheet, row): pages.WriteExcel.demoKey is PASSED

2023-02-15 21:41:48 - [MESSAGE][PASSED] - pages.WriteExcel.demoKey is PASSED]]></system-out>
         <system-err><![CDATA[2023-02-15 21:39:48 - [TEST_CASE][FAILED] - Test Cases/RecAndPlayBk/VLink/Sale-Void: Test Cases/RecAndPlayBk/VLink/Sale-Void FAILED.
Reason:
com.kms.katalon.core.exception.StepFailedException: Text 'Transaction approved, no errors' is not present on page  using regular expression (Root cause: com.kms.katalon.core.exception.StepFailedException: Text 'Transaction approved, no errors' is not present on page  using regular expression
	at com.kms.katalon.core.webui.keyword.internal.WebUIKeywordMain.stepFailed(WebUIKeywordMain.groovy:64)
	at com.kms.katalon.core.webui.keyword.builtin.VerifyTextPresentKeyword$_verifyTextPresent_closure1.doCall(VerifyTextPresentKeyword.groovy:79)
	at com.kms.katalon.core.webui.keyword.builtin.VerifyTextPresentKeyword$_verifyTextPresent_closure1.call(VerifyTextPresentKeyword.groovy)
	at com.kms.katalon.core.webui.keyword.internal.WebUIKeywordMain.runKeyword(WebUIKeywordMain.groovy:20)
	at com.kms.katalon.core.webui.keyword.builtin.VerifyTextPresentKeyword.verifyTextPresent(VerifyTextPresentKeyword.groovy:83)
	at com.kms.katalon.core.webui.keyword.builtin.VerifyTextPresentKeyword.execute(VerifyTextPresentKeyword.groovy:68)
	at com.kms.katalon.core.keyword.internal.KeywordExecutor.executeKeywordForPlatform(KeywordExecutor.groovy:74)
	at com.kms.katalon.core.webui.keyword.WebUiBuiltInKeywords.verifyTextPresent(WebUiBuiltInKeywords.groovy:1723)
	at com.kms.katalon.core.webui.keyword.WebUiBuiltInKeywords$verifyTextPresent$4.call(Unknown Source)
	at Sale-Void.run(Sale-Void:155)
	at com.kms.katalon.core.main.ScriptEngine.run(ScriptEngine.java:194)
	at com.kms.katalon.core.main.ScriptEngine.runScriptAsRawText(ScriptEngine.java:119)
	at com.kms.katalon.core.main.TestCaseExecutor.runScript(TestCaseExecutor.java:442)
	at com.kms.katalon.core.main.TestCaseExecutor.doExecute(TestCaseExecutor.java:433)
	at com.kms.katalon.core.main.TestCaseExecutor.processExecutionPhase(TestCaseExecutor.java:412)
	at com.kms.katalon.core.main.TestCaseExecutor.accessMainPhase(TestCaseExecutor.java:404)
	at com.kms.katalon.core.main.TestCaseExecutor.execute(TestCaseExecutor.java:281)
	at com.kms.katalon.core.main.TestSuiteExecutor.accessTestCaseMainPhase(TestSuiteExecutor.java:202)
	at com.kms.katalon.core.main.TestSuiteExecutor.accessTestSuiteMainPhase(TestSuiteExecutor.java:164)
	at com.kms.katalon.core.main.TestSuiteExecutor.execute(TestSuiteExecutor.java:105)
	at com.kms.katalon.core.main.TestCaseMain.startTestSuite(TestCaseMain.java:185)
	at com.kms.katalon.core.main.TestCaseMain$startTestSuite$0.call(Unknown Source)
	at TempTestSuite1676514794135.run(TempTestSuite1676514794135.groovy:36)
)
	at com.kms.katalon.core.keyword.internal.KeywordMain.stepFailed(KeywordMain.groovy:39)
	at com.kms.katalon.core.webui.keyword.internal.WebUIKeywordMain.stepFailed(WebUIKeywordMain.groovy:64)
	at com.kms.katalon.core.webui.keyword.builtin.VerifyTextPresentKeyword$_verifyTextPresent_closure1.doCall(VerifyTextPresentKeyword.groovy:79)
	at com.kms.katalon.core.webui.keyword.builtin.VerifyTextPresentKeyword$_verifyTextPresent_closure1.call(VerifyTextPresentKeyword.groovy)
	at com.kms.katalon.core.webui.keyword.internal.WebUIKeywordMain.runKeyword(WebUIKeywordMain.groovy:20)
	at com.kms.katalon.core.webui.keyword.builtin.VerifyTextPresentKeyword.verifyTextPresent(VerifyTextPresentKeyword.groovy:83)
	at com.kms.katalon.core.webui.keyword.builtin.VerifyTextPresentKeyword.execute(VerifyTextPresentKeyword.groovy:68)
	at com.kms.katalon.core.keyword.internal.KeywordExecutor.executeKeywordForPlatform(KeywordExecutor.groovy:74)
	at com.kms.katalon.core.webui.keyword.WebUiBuiltInKeywords.verifyTextPresent(WebUiBuiltInKeywords.groovy:1723)
	at com.kms.katalon.core.webui.keyword.WebUiBuiltInKeywords$verifyTextPresent$4.call(Unknown Source)
	at Sale-Void.run(Sale-Void:155)
	at com.kms.katalon.core.main.ScriptEngine.run(ScriptEngine.java:194)
	at com.kms.katalon.core.main.ScriptEngine.runScriptAsRawText(ScriptEngine.java:119)
	at com.kms.katalon.core.main.TestCaseExecutor.runScript(TestCaseExecutor.java:442)
	at com.kms.katalon.core.main.TestCaseExecutor.doExecute(TestCaseExecutor.java:433)
	at com.kms.katalon.core.main.TestCaseExecutor.processExecutionPhase(TestCaseExecutor.java:412)
	at com.kms.katalon.core.main.TestCaseExecutor.accessMainPhase(TestCaseExecutor.java:404)
	at com.kms.katalon.core.main.TestCaseExecutor.execute(TestCaseExecutor.java:281)
	at com.kms.katalon.core.main.TestSuiteExecutor.accessTestCaseMainPhase(TestSuiteExecutor.java:202)
	at com.kms.katalon.core.main.TestSuiteExecutor.accessTestSuiteMainPhase(TestSuiteExecutor.java:164)
	at com.kms.katalon.core.main.TestSuiteExecutor.execute(TestSuiteExecutor.java:105)
	at com.kms.katalon.core.main.TestCaseMain.startTestSuite(TestCaseMain.java:185)
	at com.kms.katalon.core.main.TestCaseMain$startTestSuite$0.call(Unknown Source)
	at TempTestSuite1676514794135.run(TempTestSuite1676514794135.groovy:36)
Caused by: com.kms.katalon.core.exception.StepFailedException: Text 'Transaction approved, no errors' is not present on page  using regular expression
	... 23 more]]></system-err>
      </testcase>
      <testcase name="Test Cases/RecAndPlayBk/VLink/Sale-Credit" time="128.852" classname="Test Cases/RecAndPlayBk/VLink/Sale-Credit" status="FAILED">
         <failure type="FAILED" message="Test Cases/RecAndPlayBk/VLink/Sale-Credit FAILED.
Reason:
com.kms.katalon.core.exception.StepFailedException: Text 'Transaction approved, no errors' is not present on page  using regular expression (Root cause: com.kms.katalon.core.exception.StepFailedException: Text 'Transaction approved, no errors' is not present on page  using regular expression
	at com.kms.katalon.core.webui.keyword.internal.WebUIKeywordMain.stepFailed(WebUIKeywordMain.groovy:64)
	at com.kms.katalon.core.webui.keyword.builtin.VerifyTextPresentKeyword$_verifyTextPresent_closure1.doCall(VerifyTextPresentKeyword.groovy:79)
	at com.kms.katalon.core.webui.keyword.builtin.VerifyTextPresentKeyword$_verifyTextPresent_closure1.call(VerifyTextPresentKeyword.groovy)
	at com.kms.katalon.core.webui.keyword.internal.WebUIKeywordMain.runKeyword(WebUIKeywordMain.groovy:20)
	at com.kms.katalon.core.webui.keyword.builtin.VerifyTextPresentKeyword.verifyTextPresent(VerifyTextPresentKeyword.groovy:83)
	at com.kms.katalon.core.webui.keyword.builtin.VerifyTextPresentKeyword.execute(VerifyTextPresentKeyword.groovy:68)
	at com.kms.katalon.core.keyword.internal.KeywordExecutor.executeKeywordForPlatform(KeywordExecutor.groovy:74)
	at com.kms.katalon.core.webui.keyword.WebUiBuiltInKeywords.verifyTextPresent(WebUiBuiltInKeywords.groovy:1723)
	at com.kms.katalon.core.webui.keyword.WebUiBuiltInKeywords$verifyTextPresent$4.call(Unknown Source)
	at Sale-Credit.run(Sale-Credit:155)
	at com.kms.katalon.core.main.ScriptEngine.run(ScriptEngine.java:194)
	at com.kms.katalon.core.main.ScriptEngine.runScriptAsRawText(ScriptEngine.java:119)
	at com.kms.katalon.core.main.TestCaseExecutor.runScript(TestCaseExecutor.java:442)
	at com.kms.katalon.core.main.TestCaseExecutor.doExecute(TestCaseExecutor.java:433)
	at com.kms.katalon.core.main.TestCaseExecutor.processExecutionPhase(TestCaseExecutor.java:412)
	at com.kms.katalon.core.main.TestCaseExecutor.accessMainPhase(TestCaseExecutor.java:404)
	at com.kms.katalon.core.main.TestCaseExecutor.execute(TestCaseExecutor.java:281)
	at com.kms.katalon.core.main.TestSuiteExecutor.accessTestCaseMainPhase(TestSuiteExecutor.java:202)
	at com.kms.katalon.core.main.TestSuiteExecutor.accessTestSuiteMainPhase(TestSuiteExecutor.java:164)
	at com.kms.katalon.core.main.TestSuiteExecutor.execute(TestSuiteExecutor.java:105)
	at com.kms.katalon.core.main.TestCaseMain.startTestSuite(TestCaseMain.java:185)
	at com.kms.katalon.core.main.TestCaseMain$startTestSuite$0.call(Unknown Source)
	at TempTestSuite1676514794135.run(TempTestSuite1676514794135.groovy:36)
)
	at com.kms.katalon.core.keyword.internal.KeywordMain.stepFailed(KeywordMain.groovy:39)
	at com.kms.katalon.core.webui.keyword.internal.WebUIKeywordMain.stepFailed(WebUIKeywordMain.groovy:64)
	at com.kms.katalon.core.webui.keyword.builtin.VerifyTextPresentKeyword$_verifyTextPresent_closure1.doCall(VerifyTextPresentKeyword.groovy:79)
	at com.kms.katalon.core.webui.keyword.builtin.VerifyTextPresentKeyword$_verifyTextPresent_closure1.call(VerifyTextPresentKeyword.groovy)
	at com.kms.katalon.core.webui.keyword.internal.WebUIKeywordMain.runKeyword(WebUIKeywordMain.groovy:20)
	at com.kms.katalon.core.webui.keyword.builtin.VerifyTextPresentKeyword.verifyTextPresent(VerifyTextPresentKeyword.groovy:83)
	at com.kms.katalon.core.webui.keyword.builtin.VerifyTextPresentKeyword.execute(VerifyTextPresentKeyword.groovy:68)
	at com.kms.katalon.core.keyword.internal.KeywordExecutor.executeKeywordForPlatform(KeywordExecutor.groovy:74)
	at com.kms.katalon.core.webui.keyword.WebUiBuiltInKeywords.verifyTextPresent(WebUiBuiltInKeywords.groovy:1723)
	at com.kms.katalon.core.webui.keyword.WebUiBuiltInKeywords$verifyTextPresent$4.call(Unknown Source)
	at Sale-Credit.run(Sale-Credit:155)
	at com.kms.katalon.core.main.ScriptEngine.run(ScriptEngine.java:194)
	at com.kms.katalon.core.main.ScriptEngine.runScriptAsRawText(ScriptEngine.java:119)
	at com.kms.katalon.core.main.TestCaseExecutor.runScript(TestCaseExecutor.java:442)
	at com.kms.katalon.core.main.TestCaseExecutor.doExecute(TestCaseExecutor.java:433)
	at com.kms.katalon.core.main.TestCaseExecutor.processExecutionPhase(TestCaseExecutor.java:412)
	at com.kms.katalon.core.main.TestCaseExecutor.accessMainPhase(TestCaseExecutor.java:404)
	at com.kms.katalon.core.main.TestCaseExecutor.execute(TestCaseExecutor.java:281)
	at com.kms.katalon.core.main.TestSuiteExecutor.accessTestCaseMainPhase(TestSuiteExecutor.java:202)
	at com.kms.katalon.core.main.TestSuiteExecutor.accessTestSuiteMainPhase(TestSuiteExecutor.java:164)
	at com.kms.katalon.core.main.TestSuiteExecutor.execute(TestSuiteExecutor.java:105)
	at com.kms.katalon.core.main.TestCaseMain.startTestSuite(TestCaseMain.java:185)
	at com.kms.katalon.core.main.TestCaseMain$startTestSuite$0.call(Unknown Source)
	at TempTestSuite1676514794135.run(TempTestSuite1676514794135.groovy:36)
Caused by: com.kms.katalon.core.exception.StepFailedException: Text 'Transaction approved, no errors' is not present on page  using regular expression
	... 23 more
"/>
         <system-out><![CDATA[2023-02-15 21:41:48 - [TEST_CASE][FAILED] - Test Cases/RecAndPlayBk/VLink/Sale-Credit: Test Cases/RecAndPlayBk/VLink/Sale-Credit FAILED.
Reason:
com.kms.katalon.core.exception.StepFailedException: Text 'Transaction approved, no errors' is not present on page  using regular expression (Root cause: com.kms.katalon.core.exception.StepFailedException: Text 'Transaction approved, no errors' is not present on page  using regular expression
	at com.kms.katalon.core.webui.keyword.internal.WebUIKeywordMain.stepFailed(WebUIKeywordMain.groovy:64)
	at com.kms.katalon.core.webui.keyword.builtin.VerifyTextPresentKeyword$_verifyTextPresent_closure1.doCall(VerifyTextPresentKeyword.groovy:79)
	at com.kms.katalon.core.webui.keyword.builtin.VerifyTextPresentKeyword$_verifyTextPresent_closure1.call(VerifyTextPresentKeyword.groovy)
	at com.kms.katalon.core.webui.keyword.internal.WebUIKeywordMain.runKeyword(WebUIKeywordMain.groovy:20)
	at com.kms.katalon.core.webui.keyword.builtin.VerifyTextPresentKeyword.verifyTextPresent(VerifyTextPresentKeyword.groovy:83)
	at com.kms.katalon.core.webui.keyword.builtin.VerifyTextPresentKeyword.execute(VerifyTextPresentKeyword.groovy:68)
	at com.kms.katalon.core.keyword.internal.KeywordExecutor.executeKeywordForPlatform(KeywordExecutor.groovy:74)
	at com.kms.katalon.core.webui.keyword.WebUiBuiltInKeywords.verifyTextPresent(WebUiBuiltInKeywords.groovy:1723)
	at com.kms.katalon.core.webui.keyword.WebUiBuiltInKeywords$verifyTextPresent$4.call(Unknown Source)
	at Sale-Credit.run(Sale-Credit:155)
	at com.kms.katalon.core.main.ScriptEngine.run(ScriptEngine.java:194)
	at com.kms.katalon.core.main.ScriptEngine.runScriptAsRawText(ScriptEngine.java:119)
	at com.kms.katalon.core.main.TestCaseExecutor.runScript(TestCaseExecutor.java:442)
	at com.kms.katalon.core.main.TestCaseExecutor.doExecute(TestCaseExecutor.java:433)
	at com.kms.katalon.core.main.TestCaseExecutor.processExecutionPhase(TestCaseExecutor.java:412)
	at com.kms.katalon.core.main.TestCaseExecutor.accessMainPhase(TestCaseExecutor.java:404)
	at com.kms.katalon.core.main.TestCaseExecutor.execute(TestCaseExecutor.java:281)
	at com.kms.katalon.core.main.TestSuiteExecutor.accessTestCaseMainPhase(TestSuiteExecutor.java:202)
	at com.kms.katalon.core.main.TestSuiteExecutor.accessTestSuiteMainPhase(TestSuiteExecutor.java:164)
	at com.kms.katalon.core.main.TestSuiteExecutor.execute(TestSuiteExecutor.java:105)
	at com.kms.katalon.core.main.TestCaseMain.startTestSuite(TestCaseMain.java:185)
	at com.kms.katalon.core.main.TestCaseMain$startTestSuite$0.call(Unknown Source)
	at TempTestSuite1676514794135.run(TempTestSuite1676514794135.groovy:36)
)
	at com.kms.katalon.core.keyword.internal.KeywordMain.stepFailed(KeywordMain.groovy:39)
	at com.kms.katalon.core.webui.keyword.internal.WebUIKeywordMain.stepFailed(WebUIKeywordMain.groovy:64)
	at com.kms.katalon.core.webui.keyword.builtin.VerifyTextPresentKeyword$_verifyTextPresent_closure1.doCall(VerifyTextPresentKeyword.groovy:79)
	at com.kms.katalon.core.webui.keyword.builtin.VerifyTextPresentKeyword$_verifyTextPresent_closure1.call(VerifyTextPresentKeyword.groovy)
	at com.kms.katalon.core.webui.keyword.internal.WebUIKeywordMain.runKeyword(WebUIKeywordMain.groovy:20)
	at com.kms.katalon.core.webui.keyword.builtin.VerifyTextPresentKeyword.verifyTextPresent(VerifyTextPresentKeyword.groovy:83)
	at com.kms.katalon.core.webui.keyword.builtin.VerifyTextPresentKeyword.execute(VerifyTextPresentKeyword.groovy:68)
	at com.kms.katalon.core.keyword.internal.KeywordExecutor.executeKeywordForPlatform(KeywordExecutor.groovy:74)
	at com.kms.katalon.core.webui.keyword.WebUiBuiltInKeywords.verifyTextPresent(WebUiBuiltInKeywords.groovy:1723)
	at com.kms.katalon.core.webui.keyword.WebUiBuiltInKeywords$verifyTextPresent$4.call(Unknown Source)
	at Sale-Credit.run(Sale-Credit:155)
	at com.kms.katalon.core.main.ScriptEngine.run(ScriptEngine.java:194)
	at com.kms.katalon.core.main.ScriptEngine.runScriptAsRawText(ScriptEngine.java:119)
	at com.kms.katalon.core.main.TestCaseExecutor.runScript(TestCaseExecutor.java:442)
	at com.kms.katalon.core.main.TestCaseExecutor.doExecute(TestCaseExecutor.java:433)
	at com.kms.katalon.core.main.TestCaseExecutor.processExecutionPhase(TestCaseExecutor.java:412)
	at com.kms.katalon.core.main.TestCaseExecutor.accessMainPhase(TestCaseExecutor.java:404)
	at com.kms.katalon.core.main.TestCaseExecutor.execute(TestCaseExecutor.java:281)
	at com.kms.katalon.core.main.TestSuiteExecutor.accessTestCaseMainPhase(TestSuiteExecutor.java:202)
	at com.kms.katalon.core.main.TestSuiteExecutor.accessTestSuiteMainPhase(TestSuiteExecutor.java:164)
	at com.kms.katalon.core.main.TestSuiteExecutor.execute(TestSuiteExecutor.java:105)
	at com.kms.katalon.core.main.TestCaseMain.startTestSuite(TestCaseMain.java:185)
	at com.kms.katalon.core.main.TestCaseMain$startTestSuite$0.call(Unknown Source)
	at TempTestSuite1676514794135.run(TempTestSuite1676514794135.groovy:36)
Caused by: com.kms.katalon.core.exception.StepFailedException: Text 'Transaction approved, no errors' is not present on page  using regular expression
	... 23 more


2023-02-15 21:41:49 - [TEST_STEP][PASSED] - executionProfile = getExecutionProfile(): null

2023-02-15 21:41:49 - [TEST_STEP][PASSED] - out.println("executionProfile : " + executionProfile): null

2023-02-15 21:41:49 - [TEST_STEP][PASSED] - appName = <not implemented yet for class: org.codehaus.groovy.ast.expr.EmptyExpression>: null

2023-02-15 21:41:49 - [TEST_STEP][PASSED] - appID = <not implemented yet for class: org.codehaus.groovy.ast.expr.EmptyExpression>: null

2023-02-15 21:41:49 - [TEST_STEP][PASSED] - username = <not implemented yet for class: org.codehaus.groovy.ast.expr.EmptyExpression>: null

2023-02-15 21:41:49 - [TEST_STEP][PASSED] - password = <not implemented yet for class: org.codehaus.groovy.ast.expr.EmptyExpression>: null

2023-02-15 21:41:49 - [TEST_STEP][PASSED] - cardNameV = <not implemented yet for class: org.codehaus.groovy.ast.expr.EmptyExpression>: null

2023-02-15 21:41:49 - [TEST_STEP][PASSED] - al1V = <not implemented yet for class: org.codehaus.groovy.ast.expr.EmptyExpression>: null

2023-02-15 21:41:49 - [TEST_STEP][PASSED] - al2V = <not implemented yet for class: org.codehaus.groovy.ast.expr.EmptyExpression>: null

2023-02-15 21:41:49 - [TEST_STEP][PASSED] - zipV = <not implemented yet for class: org.codehaus.groovy.ast.expr.EmptyExpression>: null

2023-02-15 21:41:49 - [TEST_STEP][PASSED] - cardTypeV = <not implemented yet for class: org.codehaus.groovy.ast.expr.EmptyExpression>: null

2023-02-15 21:41:49 - [TEST_STEP][PASSED] - last4V = <not implemented yet for class: org.codehaus.groovy.ast.expr.EmptyExpression>: null

2023-02-15 21:41:49 - [TEST_STEP][PASSED] - resText = "Fail": null

2023-02-15 21:41:49 - [TEST_STEP][PASSED] - resColumn = "Result": null

2023-02-15 21:41:49 - [TEST_STEP][PASSED] - datCloumn = "Date": null

2023-02-15 21:41:49 - [TEST_STEP][PASSED] - fileLoc = "KatalonData/VLinkSmokeData.xlsx": null

2023-02-15 21:41:49 - [TEST_STEP][PASSED] - numOfRows = <not implemented yet for class: org.codehaus.groovy.ast.expr.EmptyExpression>: null

2023-02-15 21:41:49 - [TEST_STEP][PASSED] - dataFile = <not implemented yet for class: org.codehaus.groovy.ast.expr.EmptyExpression>: null

2023-02-15 21:41:49 - [TEST_STEP][PASSED] - nameSheet = <not implemented yet for class: org.codehaus.groovy.ast.expr.EmptyExpression>: null

2023-02-15 21:41:49 - [TEST_STEP][PASSED] - nameSheet = "Sale-Credit": null

2023-02-15 21:41:49 - [TEST_STEP][PASSED] - numOfRows = findTestData("QA/VLinkTestData/VLinkSaleCreditData").getRowNumbers(): null

2023-02-15 21:41:49 - [TEST_STEP][PASSED] - println("Number of Records: " + numOfRows): null

2023-02-15 21:41:49 - [TEST_STEP][PASSED] - dataFile = "QA/VLinkTestData/VLinkSaleCreditData": null

2023-02-15 21:41:49 - [TEST_STEP][FAILED] - for ([row = 1, row <= numOfRows, (row++)]): null

2023-02-15 21:41:49 - [TEST_STEP][PASSED] - ExecuteTC = findTestData(dataFile).getValue("Execute", row): null

2023-02-15 21:41:49 - [TEST_STEP][PASSED] - out.println("Value of Execute is : " + ExecuteTC): null

2023-02-15 21:41:49 - [TEST_STEP][PASSED] - switch (executionProfile): null

2023-02-15 21:41:49 - [TEST_STEP][PASSED] - case "QAProfile":: null

2023-02-15 21:41:49 - [TEST_STEP][PASSED] - appID = findTestData(dataFile).getValue("AppIDQA", row): null

2023-02-15 21:41:49 - [TEST_STEP][PASSED] - username = findTestData(dataFile).getValue("UsernameQA", row): null

2023-02-15 21:41:49 - [TEST_STEP][PASSED] - password = findTestData(dataFile).getValue("PasswordQA", row): null

2023-02-15 21:41:49 - [TEST_STEP][PASSED] - break: null

2023-02-15 21:41:49 - [TEST_STEP][PASSED] - if (ExecuteTC.equalsIgnoreCase("Y")): null

2023-02-15 21:41:49 - [TEST_STEP][PASSED] - out.println("Begin Record Number: " + row): null

2023-02-15 21:41:49 - [TEST_STEP][PASSED] - today = new java.util.Date(): null

2023-02-15 21:41:49 - [TEST_STEP][PASSED] - println(today): null

2023-02-15 21:41:49 - [TEST_STEP][PASSED] - datText = today: null

2023-02-15 21:41:49 - [TEST_STEP][PASSED] - category = findTestData(dataFile).getValue("Category", row): null

2023-02-15 21:41:49 - [TEST_STEP][PASSED] - amount = findTestData(dataFile).getValue("Amount", row): null

2023-02-15 21:41:49 - [TEST_STEP][PASSED] - cardNumber = findTestData(dataFile).getValue("CardNumber", row): null

2023-02-15 21:41:49 - [TEST_STEP][PASSED] - exM = findTestData(dataFile).getValue("ExM", row): null

2023-02-15 21:41:49 - [TEST_STEP][PASSED] - exY = findTestData(dataFile).getValue("ExY", row): null

2023-02-15 21:41:50 - [TEST_STEP][PASSED] - openBrowser(VLinkURL + "authcap.html"): Browser is opened with url: 'https://dev-algorithm.govolution.com/vlinktest/QA/version_2_0/authcap.html'

2023-02-15 21:41:50 - [MESSAGE][WARNING] - A browser is already opened. Closing browser and opening a new one

2023-02-15 21:41:50 - [MESSAGE][INFO] - Starting 'Chrome' driver

2023-02-15 21:41:50 - [MESSAGE][INFO] - User set preference: ['acceptInsecureCerts', 'true']

2023-02-15 21:41:50 - [MESSAGE][INFO] - Action delay is set to 0 milliseconds

2023-02-15 21:41:52 - [MESSAGE][PASSED] - Browser is opened with url: 'https://dev-algorithm.govolution.com/vlinktest/QA/version_2_0/authcap.html'

2023-02-15 21:41:52 - [TEST_STEP][PASSED] - maximizeWindow(): Current window maximized

2023-02-15 21:41:52 - [MESSAGE][PASSED] - Current window maximized

2023-02-15 21:41:52 - [TEST_STEP][PASSED] - maximizeWindow(): Current window maximized

2023-02-15 21:41:52 - [MESSAGE][PASSED] - Current window maximized

2023-02-15 21:41:52 - [TEST_STEP][PASSED] - genRemID = RandomStringUtils.random(12, true, true): null

2023-02-15 21:41:52 - [TEST_STEP][PASSED] - setText(findTestObject("Object Repository/RecAndPlayBk/Page-Vlink-Sale/input_Remittance Id_remittance_id"), genRemID): Text 'Cz5QjCHaWBy3' is set on object 'Object Repository/RecAndPlayBk/Page-Vlink-Sale/input_Remittance Id_remittance_id'

2023-02-15 21:41:53 - [MESSAGE][PASSED] - Text 'Cz5QjCHaWBy3' is set on object 'Object Repository/RecAndPlayBk/Page-Vlink-Sale/input_Remittance Id_remittance_id'

2023-02-15 21:41:53 - [TEST_STEP][PASSED] - setText(findTestObject("Object Repository/RecAndPlayBk/Page-Vlink-Sale/input_Application Id_application_id"), appID): Text '234' is set on object 'Object Repository/RecAndPlayBk/Page-Vlink-Sale/input_Application Id_application_id'

2023-02-15 21:41:54 - [MESSAGE][PASSED] - Text '234' is set on object 'Object Repository/RecAndPlayBk/Page-Vlink-Sale/input_Application Id_application_id'

2023-02-15 21:41:54 - [TEST_STEP][PASSED] - setText(findTestObject("Object Repository/RecAndPlayBk/Page-Vlink-Sale/input_Username_username"), username): Text 'username' is set on object 'Object Repository/RecAndPlayBk/Page-Vlink-Sale/input_Username_username'

2023-02-15 21:41:54 - [MESSAGE][PASSED] - Text 'username' is set on object 'Object Repository/RecAndPlayBk/Page-Vlink-Sale/input_Username_username'

2023-02-15 21:41:54 - [TEST_STEP][PASSED] - setText(findTestObject("Object Repository/RecAndPlayBk/Page-Vlink-Sale/input_Password_password"), password): Text 'password' is set on object 'Object Repository/RecAndPlayBk/Page-Vlink-Sale/input_Password_password'

2023-02-15 21:41:55 - [MESSAGE][PASSED] - Text 'password' is set on object 'Object Repository/RecAndPlayBk/Page-Vlink-Sale/input_Password_password'

2023-02-15 21:41:55 - [TEST_STEP][PASSED] - setText(findTestObject("Object Repository/RecAndPlayBk/Page-Vlink-Sale/input_Category_category"), category): Text 'ECOM' is set on object 'Object Repository/RecAndPlayBk/Page-Vlink-Sale/input_Category_category'

2023-02-15 21:41:56 - [MESSAGE][PASSED] - Text 'ECOM' is set on object 'Object Repository/RecAndPlayBk/Page-Vlink-Sale/input_Category_category'

2023-02-15 21:41:56 - [TEST_STEP][PASSED] - setText(findTestObject("Object Repository/RecAndPlayBk/Page-Vlink-Sale/input_Amount_amount"), amount): Text '10.5' is set on object 'Object Repository/RecAndPlayBk/Page-Vlink-Sale/input_Amount_amount'

2023-02-15 21:41:56 - [MESSAGE][PASSED] - Text '10.5' is set on object 'Object Repository/RecAndPlayBk/Page-Vlink-Sale/input_Amount_amount'

2023-02-15 21:41:56 - [TEST_STEP][PASSED] - doubleClick(findTestObject("Object Repository/RecAndPlayBk/Page-Vlink-Sale/input_Card number_card_number")): Object: 'Object Repository/RecAndPlayBk/Page-Vlink-Sale/input_Card number_card_number' is double clicked on

2023-02-15 21:41:57 - [MESSAGE][PASSED] - Object: 'Object Repository/RecAndPlayBk/Page-Vlink-Sale/input_Card number_card_number' is double clicked on

2023-02-15 21:41:57 - [TEST_STEP][PASSED] - setText(findTestObject("Object Repository/RecAndPlayBk/Page-Vlink-Sale/input_Card number_card_number"), cardNumber): Text '4111111111111111' is set on object 'Object Repository/RecAndPlayBk/Page-Vlink-Sale/input_Card number_card_number'

2023-02-15 21:41:57 - [MESSAGE][PASSED] - Text '4111111111111111' is set on object 'Object Repository/RecAndPlayBk/Page-Vlink-Sale/input_Card number_card_number'

2023-02-15 21:41:57 - [TEST_STEP][PASSED] - setText(findTestObject("Object Repository/RecAndPlayBk/Page-Vlink-Sale/input_Card ex month_card_exmo"), exM): Text '12' is set on object 'Object Repository/RecAndPlayBk/Page-Vlink-Sale/input_Card ex month_card_exmo'

2023-02-15 21:41:58 - [MESSAGE][PASSED] - Text '12' is set on object 'Object Repository/RecAndPlayBk/Page-Vlink-Sale/input_Card ex month_card_exmo'

2023-02-15 21:41:58 - [TEST_STEP][PASSED] - setText(findTestObject("Object Repository/RecAndPlayBk/Page-Vlink-Sale/input_Card ex year_card_exyr"), exY): Text '2029' is set on object 'Object Repository/RecAndPlayBk/Page-Vlink-Sale/input_Card ex year_card_exyr'

2023-02-15 21:41:58 - [MESSAGE][PASSED] - Text '2029' is set on object 'Object Repository/RecAndPlayBk/Page-Vlink-Sale/input_Card ex year_card_exyr'

2023-02-15 21:41:58 - [TEST_STEP][PASSED] - click(findTestObject("Object Repository/RecAndPlayBk/Page-Vlink-Sale/input_Track Data_track_data")): Object: 'Object Repository/RecAndPlayBk/Page-Vlink-Sale/input_Track Data_track_data' is clicked on

2023-02-15 21:41:59 - [MESSAGE][PASSED] - Object: 'Object Repository/RecAndPlayBk/Page-Vlink-Sale/input_Track Data_track_data' is clicked on

2023-02-15 21:41:59 - [TEST_STEP][PASSED] - click(findTestObject("Object Repository/RecAndPlayBk/Page-Vlink-Sale/input_CVV state_cvv_state")): Object: 'Object Repository/RecAndPlayBk/Page-Vlink-Sale/input_CVV state_cvv_state' is clicked on

2023-02-15 21:41:59 - [MESSAGE][PASSED] - Object: 'Object Repository/RecAndPlayBk/Page-Vlink-Sale/input_CVV state_cvv_state' is clicked on

2023-02-15 21:41:59 - [TEST_STEP][PASSED] - setText(findTestObject("Object Repository/RecAndPlayBk/Page-Vlink-Sale/input_Track Data_track_data"), ""): Text '' is set on object 'Object Repository/RecAndPlayBk/Page-Vlink-Sale/input_Track Data_track_data'

2023-02-15 21:42:00 - [MESSAGE][PASSED] - Text '' is set on object 'Object Repository/RecAndPlayBk/Page-Vlink-Sale/input_Track Data_track_data'

2023-02-15 21:42:00 - [TEST_STEP][PASSED] - setText(findTestObject("Object Repository/RecAndPlayBk/Page-Vlink-Sale/input_concat(Cardholder, , s email)_email"), ""): Text '' is set on object 'Object Repository/RecAndPlayBk/Page-Vlink-Sale/input_concat(Cardholder, , s email)_email'

2023-02-15 21:42:00 - [MESSAGE][PASSED] - Text '' is set on object 'Object Repository/RecAndPlayBk/Page-Vlink-Sale/input_concat(Cardholder, , s email)_email'

2023-02-15 21:42:00 - [TEST_STEP][PASSED] - click(findTestObject("Object Repository/RecAndPlayBk/Page-Vlink-Sale/input_user_defined10_user_defined10")): Object: 'Object Repository/RecAndPlayBk/Page-Vlink-Sale/input_user_defined10_user_defined10' is clicked on

2023-02-15 21:42:01 - [MESSAGE][PASSED] - Object: 'Object Repository/RecAndPlayBk/Page-Vlink-Sale/input_user_defined10_user_defined10' is clicked on

2023-02-15 21:42:01 - [TEST_STEP][PASSED] - if (executionProfile.equalsIgnoreCase("QAProfile") || executionProfile.equalsIgnoreCase("DemoProfile")): Text '' is set on object 'Object Repository/RecAndPlayBk/Page-Vlink-Sale/input_COF Transaction Initiated by_cof_tran_6cded5'

2023-02-15 21:42:01 - [TEST_STEP][PASSED] - setText(findTestObject("Object Repository/RecAndPlayBk/Page-Vlink-Sale/input_Card on File Indicator_card_on_file_i_157dae"), ""): Text '' is set on object 'Object Repository/RecAndPlayBk/Page-Vlink-Sale/input_Card on File Indicator_card_on_file_i_157dae'

2023-02-15 21:42:01 - [MESSAGE][PASSED] - Text '' is set on object 'Object Repository/RecAndPlayBk/Page-Vlink-Sale/input_Card on File Indicator_card_on_file_i_157dae'

2023-02-15 21:42:01 - [TEST_STEP][PASSED] - setText(findTestObject("Object Repository/RecAndPlayBk/Page-Vlink-Sale/input_Stored Credential Indicator_stored_cr_4ae73c"), ""): Text '' is set on object 'Object Repository/RecAndPlayBk/Page-Vlink-Sale/input_Stored Credential Indicator_stored_cr_4ae73c'

2023-02-15 21:42:02 - [MESSAGE][PASSED] - Text '' is set on object 'Object Repository/RecAndPlayBk/Page-Vlink-Sale/input_Stored Credential Indicator_stored_cr_4ae73c'

2023-02-15 21:42:02 - [TEST_STEP][PASSED] - setText(findTestObject("Object Repository/RecAndPlayBk/Page-Vlink-Sale/input_COF Scheduled indicator_cof_scheduled_8df7d8"), ""): Text '' is set on object 'Object Repository/RecAndPlayBk/Page-Vlink-Sale/input_COF Scheduled indicator_cof_scheduled_8df7d8'

2023-02-15 21:42:03 - [MESSAGE][PASSED] - Text '' is set on object 'Object Repository/RecAndPlayBk/Page-Vlink-Sale/input_COF Scheduled indicator_cof_scheduled_8df7d8'

2023-02-15 21:42:03 - [TEST_STEP][PASSED] - setText(findTestObject("Object Repository/RecAndPlayBk/Page-Vlink-Sale/input_COF Transaction Initiated by_cof_tran_6cded5"), ""): Text '' is set on object 'Object Repository/RecAndPlayBk/Page-Vlink-Sale/input_COF Transaction Initiated by_cof_tran_6cded5'

2023-02-15 21:42:03 - [MESSAGE][PASSED] - Text '' is set on object 'Object Repository/RecAndPlayBk/Page-Vlink-Sale/input_COF Transaction Initiated by_cof_tran_6cded5'

2023-02-15 21:42:03 - [TEST_STEP][PASSED] - click(findTestObject("Object Repository/RecAndPlayBk/Page-Vlink-Sale/input")): Object: 'Object Repository/RecAndPlayBk/Page-Vlink-Sale/input' is clicked on

2023-02-15 21:42:04 - [MESSAGE][PASSED] - Object: 'Object Repository/RecAndPlayBk/Page-Vlink-Sale/input' is clicked on

2023-02-15 21:42:04 - [TEST_STEP][PASSED] - if (verifyTextPresent("Transaction approved, no errors", true)): null

2023-02-15 21:42:05 - [MESSAGE][PASSED] - Text 'Transaction approved, no errors' is present on page  using regular expression

2023-02-15 21:42:05 - [TEST_STEP][PASSED] - println("Transaction Approved, no errors text is present on the Confirmation page"): null

2023-02-15 21:42:05 - [TEST_STEP][PASSED] - sdfo = getText(findTestObject("Object Repository/Page_VLinkReceipt/pre_STX")): Text of object 'Object Repository/Page_VLinkReceipt/pre_STX' is: '<STX>Cz5QjCHaWBy3                  12126558            0  Transaction approved, no errors                   0                                                                                  Y 001156668<ETX>'

2023-02-15 21:42:05 - [MESSAGE][PASSED] - Text of object 'Object Repository/Page_VLinkReceipt/pre_STX' is: '<STX>Cz5QjCHaWBy3                  12126558            0  Transaction approved, no errors                   0                                                                                  Y 001156668<ETX>'

2023-02-15 21:42:05 - [TEST_STEP][PASSED] - out.println("sdfo: " + sdfo): null

2023-02-15 21:42:05 - [TEST_STEP][PASSED] - remID = substring(5, 35).trim(): null

2023-02-15 21:42:05 - [TEST_STEP][PASSED] - out.println("remID: " + remID): null

2023-02-15 21:42:05 - [TEST_STEP][PASSED] - traxID = substring(35, 55).trim(): null

2023-02-15 21:42:05 - [TEST_STEP][PASSED] - out.println("traxID: " + traxID): null

2023-02-15 21:42:05 - [TEST_STEP][PASSED] - VLinkSaleRemID = remID: null

2023-02-15 21:42:05 - [TEST_STEP][PASSED] - VLinkSaleTranxID = traxID: null

2023-02-15 21:42:05 - [TEST_STEP][PASSED] - openBrowser(VLinkURL + "CC_credit.html"): Browser is opened with url: 'https://dev-algorithm.govolution.com/vlinktest/QA/version_2_0/CC_credit.html'

2023-02-15 21:42:05 - [MESSAGE][WARNING] - A browser is already opened. Closing browser and opening a new one

2023-02-15 21:42:06 - [MESSAGE][INFO] - Starting 'Chrome' driver

2023-02-15 21:42:06 - [MESSAGE][INFO] - User set preference: ['acceptInsecureCerts', 'true']

2023-02-15 21:42:06 - [MESSAGE][INFO] - Action delay is set to 0 milliseconds

2023-02-15 21:42:08 - [MESSAGE][PASSED] - Browser is opened with url: 'https://dev-algorithm.govolution.com/vlinktest/QA/version_2_0/CC_credit.html'

2023-02-15 21:42:08 - [TEST_STEP][PASSED] - maximizeWindow(): Current window maximized

2023-02-15 21:42:08 - [MESSAGE][PASSED] - Current window maximized

2023-02-15 21:42:08 - [TEST_STEP][PASSED] - setText(findTestObject("Object Repository/RecAndPlayBk/Page-Vlink-CC-Credit/input_Remittance Id"), VLinkSaleRemID): Text 'Cz5QjCHaWBy3' is set on object 'Object Repository/RecAndPlayBk/Page-Vlink-CC-Credit/input_Remittance Id'

2023-02-15 21:42:08 - [MESSAGE][PASSED] - Text 'Cz5QjCHaWBy3' is set on object 'Object Repository/RecAndPlayBk/Page-Vlink-CC-Credit/input_Remittance Id'

2023-02-15 21:42:08 - [TEST_STEP][PASSED] - setText(findTestObject("Object Repository/RecAndPlayBk/Page-Vlink-CC-Credit/input_Application Id"), appID): Text '234' is set on object 'Object Repository/RecAndPlayBk/Page-Vlink-CC-Credit/input_Application Id'

2023-02-15 21:42:09 - [MESSAGE][PASSED] - Text '234' is set on object 'Object Repository/RecAndPlayBk/Page-Vlink-CC-Credit/input_Application Id'

2023-02-15 21:42:09 - [TEST_STEP][PASSED] - setText(findTestObject("Object Repository/RecAndPlayBk/Page-Vlink-CC-Credit/input_Username"), username): Text 'username' is set on object 'Object Repository/RecAndPlayBk/Page-Vlink-CC-Credit/input_Username'

2023-02-15 21:42:10 - [MESSAGE][PASSED] - Text 'username' is set on object 'Object Repository/RecAndPlayBk/Page-Vlink-CC-Credit/input_Username'

2023-02-15 21:42:10 - [TEST_STEP][PASSED] - setText(findTestObject("Object Repository/RecAndPlayBk/Page-Vlink-CC-Credit/input_Password"), password): Text 'password' is set on object 'Object Repository/RecAndPlayBk/Page-Vlink-CC-Credit/input_Password'

2023-02-15 21:42:10 - [MESSAGE][PASSED] - Text 'password' is set on object 'Object Repository/RecAndPlayBk/Page-Vlink-CC-Credit/input_Password'

2023-02-15 21:42:10 - [TEST_STEP][PASSED] - setText(findTestObject("Object Repository/RecAndPlayBk/Page-Vlink-CC-Credit/input_Transaction ID"), VLinkSaleTranxID): Text '12126558' is set on object 'Object Repository/RecAndPlayBk/Page-Vlink-CC-Credit/input_Transaction ID'

2023-02-15 21:42:11 - [MESSAGE][PASSED] - Text '12126558' is set on object 'Object Repository/RecAndPlayBk/Page-Vlink-CC-Credit/input_Transaction ID'

2023-02-15 21:42:11 - [TEST_STEP][PASSED] - setText(findTestObject("Object Repository/RecAndPlayBk/Page-Vlink-CC-Credit/input_Amount"), amount): Text '10.5' is set on object 'Object Repository/RecAndPlayBk/Page-Vlink-CC-Credit/input_Amount'

2023-02-15 21:42:12 - [MESSAGE][PASSED] - Text '10.5' is set on object 'Object Repository/RecAndPlayBk/Page-Vlink-CC-Credit/input_Amount'

2023-02-15 21:42:12 - [TEST_STEP][PASSED] - setText(findTestObject("Object Repository/RecAndPlayBk/Page-Vlink-CC-Credit/input_Card number"), ""): Text '' is set on object 'Object Repository/RecAndPlayBk/Page-Vlink-CC-Credit/input_Card number'

2023-02-15 21:42:12 - [MESSAGE][PASSED] - Text '' is set on object 'Object Repository/RecAndPlayBk/Page-Vlink-CC-Credit/input_Card number'

2023-02-15 21:42:12 - [TEST_STEP][PASSED] - setText(findTestObject("Object Repository/RecAndPlayBk/Page-Vlink-CC-Credit/input_Card ex month"), ""): Text '' is set on object 'Object Repository/RecAndPlayBk/Page-Vlink-CC-Credit/input_Card ex month'

2023-02-15 21:42:13 - [MESSAGE][PASSED] - Text '' is set on object 'Object Repository/RecAndPlayBk/Page-Vlink-CC-Credit/input_Card ex month'

2023-02-15 21:42:13 - [TEST_STEP][PASSED] - setText(findTestObject("Object Repository/RecAndPlayBk/Page-Vlink-CC-Credit/input_Card ex year"), ""): Text '' is set on object 'Object Repository/RecAndPlayBk/Page-Vlink-CC-Credit/input_Card ex year'

2023-02-15 21:42:13 - [MESSAGE][PASSED] - Text '' is set on object 'Object Repository/RecAndPlayBk/Page-Vlink-CC-Credit/input_Card ex year'

2023-02-15 21:42:13 - [TEST_STEP][PASSED] - setText(findTestObject("Object Repository/RecAndPlayBk/Page-Vlink-CC-Credit/input_Track Data"), ""): Text '' is set on object 'Object Repository/RecAndPlayBk/Page-Vlink-CC-Credit/input_Track Data'

2023-02-15 21:42:14 - [MESSAGE][PASSED] - Text '' is set on object 'Object Repository/RecAndPlayBk/Page-Vlink-CC-Credit/input_Track Data'

2023-02-15 21:42:14 - [TEST_STEP][PASSED] - setText(findTestObject("Object Repository/RecAndPlayBk/Page-Vlink-CC-Credit/input_Category Code"), category): Text 'ECOM' is set on object 'Object Repository/RecAndPlayBk/Page-Vlink-CC-Credit/input_Category Code'

2023-02-15 21:42:15 - [MESSAGE][PASSED] - Text 'ECOM' is set on object 'Object Repository/RecAndPlayBk/Page-Vlink-CC-Credit/input_Category Code'

2023-02-15 21:42:15 - [TEST_STEP][PASSED] - click(findTestObject("Object Repository/RecAndPlayBk/Page-Vlink-CC-Credit/input")): Object: 'Object Repository/RecAndPlayBk/Page-Vlink-CC-Credit/input' is clicked on

2023-02-15 21:42:16 - [MESSAGE][PASSED] - Object: 'Object Repository/RecAndPlayBk/Page-Vlink-CC-Credit/input' is clicked on

2023-02-15 21:42:16 - [TEST_STEP][PASSED] - if (verifyTextPresent("Transaction approved, no errors", true)): null

2023-02-15 21:42:16 - [MESSAGE][PASSED] - Text 'Transaction approved, no errors' is present on page  using regular expression

2023-02-15 21:42:16 - [TEST_STEP][PASSED] - println("Transaction Approved, no errors text is present on the Confirmation page"): null

2023-02-15 21:42:16 - [TEST_STEP][PASSED] - out.println("Pass Record Number: " + row): null

2023-02-15 21:42:16 - [TEST_STEP][PASSED] - resText = "Pass": null

2023-02-15 21:42:16 - [TEST_STEP][PASSED] - pages.WriteExcel.demoKey(resText, datText, resColumn, datCloumn, fileLoc, nameSheet, row): pages.WriteExcel.demoKey is PASSED

2023-02-15 21:42:16 - [MESSAGE][PASSED] - pages.WriteExcel.demoKey is PASSED

2023-02-15 21:42:16 - [TEST_STEP][PASSED] - ExecuteTC = findTestData(dataFile).getValue("Execute", row): null

2023-02-15 21:42:16 - [TEST_STEP][PASSED] - out.println("Value of Execute is : " + ExecuteTC): null

2023-02-15 21:42:16 - [TEST_STEP][PASSED] - switch (executionProfile): null

2023-02-15 21:42:16 - [TEST_STEP][PASSED] - case "QAProfile":: null

2023-02-15 21:42:16 - [TEST_STEP][PASSED] - appID = findTestData(dataFile).getValue("AppIDQA", row): null

2023-02-15 21:42:16 - [TEST_STEP][PASSED] - username = findTestData(dataFile).getValue("UsernameQA", row): null

2023-02-15 21:42:17 - [TEST_STEP][PASSED] - password = findTestData(dataFile).getValue("PasswordQA", row): null

2023-02-15 21:42:17 - [TEST_STEP][PASSED] - break: null

2023-02-15 21:42:17 - [TEST_STEP][PASSED] - if (ExecuteTC.equalsIgnoreCase("Y")): null

2023-02-15 21:42:17 - [TEST_STEP][PASSED] - out.println("Begin Record Number: " + row): null

2023-02-15 21:42:17 - [TEST_STEP][PASSED] - today = new java.util.Date(): null

2023-02-15 21:42:17 - [TEST_STEP][PASSED] - println(today): null

2023-02-15 21:42:17 - [TEST_STEP][PASSED] - datText = today: null

2023-02-15 21:42:17 - [TEST_STEP][PASSED] - category = findTestData(dataFile).getValue("Category", row): null

2023-02-15 21:42:17 - [TEST_STEP][PASSED] - amount = findTestData(dataFile).getValue("Amount", row): null

2023-02-15 21:42:17 - [TEST_STEP][PASSED] - cardNumber = findTestData(dataFile).getValue("CardNumber", row): null

2023-02-15 21:42:17 - [TEST_STEP][PASSED] - exM = findTestData(dataFile).getValue("ExM", row): null

2023-02-15 21:42:17 - [TEST_STEP][PASSED] - exY = findTestData(dataFile).getValue("ExY", row): null

2023-02-15 21:42:17 - [TEST_STEP][PASSED] - openBrowser(VLinkURL + "authcap.html"): Browser is opened with url: 'https://dev-algorithm.govolution.com/vlinktest/QA/version_2_0/authcap.html'

2023-02-15 21:42:17 - [MESSAGE][WARNING] - A browser is already opened. Closing browser and opening a new one

2023-02-15 21:42:18 - [MESSAGE][INFO] - Starting 'Chrome' driver

2023-02-15 21:42:18 - [MESSAGE][INFO] - User set preference: ['acceptInsecureCerts', 'true']

2023-02-15 21:42:18 - [MESSAGE][INFO] - Action delay is set to 0 milliseconds

2023-02-15 21:42:20 - [MESSAGE][PASSED] - Browser is opened with url: 'https://dev-algorithm.govolution.com/vlinktest/QA/version_2_0/authcap.html'

2023-02-15 21:42:20 - [TEST_STEP][PASSED] - maximizeWindow(): Current window maximized

2023-02-15 21:42:20 - [MESSAGE][PASSED] - Current window maximized

2023-02-15 21:42:20 - [TEST_STEP][PASSED] - maximizeWindow(): Current window maximized

2023-02-15 21:42:20 - [MESSAGE][PASSED] - Current window maximized

2023-02-15 21:42:20 - [TEST_STEP][PASSED] - genRemID = RandomStringUtils.random(12, true, true): null

2023-02-15 21:42:20 - [TEST_STEP][PASSED] - setText(findTestObject("Object Repository/RecAndPlayBk/Page-Vlink-Sale/input_Remittance Id_remittance_id"), genRemID): Text 'mCJ8sDhuDshL' is set on object 'Object Repository/RecAndPlayBk/Page-Vlink-Sale/input_Remittance Id_remittance_id'

2023-02-15 21:42:21 - [MESSAGE][PASSED] - Text 'mCJ8sDhuDshL' is set on object 'Object Repository/RecAndPlayBk/Page-Vlink-Sale/input_Remittance Id_remittance_id'

2023-02-15 21:42:21 - [TEST_STEP][PASSED] - setText(findTestObject("Object Repository/RecAndPlayBk/Page-Vlink-Sale/input_Application Id_application_id"), appID): Text '234' is set on object 'Object Repository/RecAndPlayBk/Page-Vlink-Sale/input_Application Id_application_id'

2023-02-15 21:42:21 - [MESSAGE][PASSED] - Text '234' is set on object 'Object Repository/RecAndPlayBk/Page-Vlink-Sale/input_Application Id_application_id'

2023-02-15 21:42:21 - [TEST_STEP][PASSED] - setText(findTestObject("Object Repository/RecAndPlayBk/Page-Vlink-Sale/input_Username_username"), username): Text 'username' is set on object 'Object Repository/RecAndPlayBk/Page-Vlink-Sale/input_Username_username'

2023-02-15 21:42:22 - [MESSAGE][PASSED] - Text 'username' is set on object 'Object Repository/RecAndPlayBk/Page-Vlink-Sale/input_Username_username'

2023-02-15 21:42:22 - [TEST_STEP][PASSED] - setText(findTestObject("Object Repository/RecAndPlayBk/Page-Vlink-Sale/input_Password_password"), password): Text 'password' is set on object 'Object Repository/RecAndPlayBk/Page-Vlink-Sale/input_Password_password'

2023-02-15 21:42:23 - [MESSAGE][PASSED] - Text 'password' is set on object 'Object Repository/RecAndPlayBk/Page-Vlink-Sale/input_Password_password'

2023-02-15 21:42:23 - [TEST_STEP][PASSED] - setText(findTestObject("Object Repository/RecAndPlayBk/Page-Vlink-Sale/input_Category_category"), category): Text 'MOTO' is set on object 'Object Repository/RecAndPlayBk/Page-Vlink-Sale/input_Category_category'

2023-02-15 21:42:23 - [MESSAGE][PASSED] - Text 'MOTO' is set on object 'Object Repository/RecAndPlayBk/Page-Vlink-Sale/input_Category_category'

2023-02-15 21:42:23 - [TEST_STEP][PASSED] - setText(findTestObject("Object Repository/RecAndPlayBk/Page-Vlink-Sale/input_Amount_amount"), amount): Text '10.5' is set on object 'Object Repository/RecAndPlayBk/Page-Vlink-Sale/input_Amount_amount'

2023-02-15 21:42:24 - [MESSAGE][PASSED] - Text '10.5' is set on object 'Object Repository/RecAndPlayBk/Page-Vlink-Sale/input_Amount_amount'

2023-02-15 21:42:24 - [TEST_STEP][PASSED] - doubleClick(findTestObject("Object Repository/RecAndPlayBk/Page-Vlink-Sale/input_Card number_card_number")): Object: 'Object Repository/RecAndPlayBk/Page-Vlink-Sale/input_Card number_card_number' is double clicked on

2023-02-15 21:42:24 - [MESSAGE][PASSED] - Object: 'Object Repository/RecAndPlayBk/Page-Vlink-Sale/input_Card number_card_number' is double clicked on

2023-02-15 21:42:24 - [TEST_STEP][PASSED] - setText(findTestObject("Object Repository/RecAndPlayBk/Page-Vlink-Sale/input_Card number_card_number"), cardNumber): Text '5424000000000015' is set on object 'Object Repository/RecAndPlayBk/Page-Vlink-Sale/input_Card number_card_number'

2023-02-15 21:42:25 - [MESSAGE][PASSED] - Text '5424000000000015' is set on object 'Object Repository/RecAndPlayBk/Page-Vlink-Sale/input_Card number_card_number'

2023-02-15 21:42:25 - [TEST_STEP][PASSED] - setText(findTestObject("Object Repository/RecAndPlayBk/Page-Vlink-Sale/input_Card ex month_card_exmo"), exM): Text '12' is set on object 'Object Repository/RecAndPlayBk/Page-Vlink-Sale/input_Card ex month_card_exmo'

2023-02-15 21:42:25 - [MESSAGE][PASSED] - Text '12' is set on object 'Object Repository/RecAndPlayBk/Page-Vlink-Sale/input_Card ex month_card_exmo'

2023-02-15 21:42:25 - [TEST_STEP][PASSED] - setText(findTestObject("Object Repository/RecAndPlayBk/Page-Vlink-Sale/input_Card ex year_card_exyr"), exY): Text '2029' is set on object 'Object Repository/RecAndPlayBk/Page-Vlink-Sale/input_Card ex year_card_exyr'

2023-02-15 21:42:26 - [MESSAGE][PASSED] - Text '2029' is set on object 'Object Repository/RecAndPlayBk/Page-Vlink-Sale/input_Card ex year_card_exyr'

2023-02-15 21:42:26 - [TEST_STEP][PASSED] - click(findTestObject("Object Repository/RecAndPlayBk/Page-Vlink-Sale/input_Track Data_track_data")): Object: 'Object Repository/RecAndPlayBk/Page-Vlink-Sale/input_Track Data_track_data' is clicked on

2023-02-15 21:42:26 - [MESSAGE][PASSED] - Object: 'Object Repository/RecAndPlayBk/Page-Vlink-Sale/input_Track Data_track_data' is clicked on

2023-02-15 21:42:26 - [TEST_STEP][PASSED] - click(findTestObject("Object Repository/RecAndPlayBk/Page-Vlink-Sale/input_CVV state_cvv_state")): Object: 'Object Repository/RecAndPlayBk/Page-Vlink-Sale/input_CVV state_cvv_state' is clicked on

2023-02-15 21:42:27 - [MESSAGE][PASSED] - Object: 'Object Repository/RecAndPlayBk/Page-Vlink-Sale/input_CVV state_cvv_state' is clicked on

2023-02-15 21:42:27 - [TEST_STEP][PASSED] - setText(findTestObject("Object Repository/RecAndPlayBk/Page-Vlink-Sale/input_Track Data_track_data"), ""): Text '' is set on object 'Object Repository/RecAndPlayBk/Page-Vlink-Sale/input_Track Data_track_data'

2023-02-15 21:42:27 - [MESSAGE][PASSED] - Text '' is set on object 'Object Repository/RecAndPlayBk/Page-Vlink-Sale/input_Track Data_track_data'

2023-02-15 21:42:27 - [TEST_STEP][PASSED] - setText(findTestObject("Object Repository/RecAndPlayBk/Page-Vlink-Sale/input_concat(Cardholder, , s email)_email"), ""): Text '' is set on object 'Object Repository/RecAndPlayBk/Page-Vlink-Sale/input_concat(Cardholder, , s email)_email'

2023-02-15 21:42:28 - [MESSAGE][PASSED] - Text '' is set on object 'Object Repository/RecAndPlayBk/Page-Vlink-Sale/input_concat(Cardholder, , s email)_email'

2023-02-15 21:42:28 - [TEST_STEP][PASSED] - click(findTestObject("Object Repository/RecAndPlayBk/Page-Vlink-Sale/input_user_defined10_user_defined10")): Object: 'Object Repository/RecAndPlayBk/Page-Vlink-Sale/input_user_defined10_user_defined10' is clicked on

2023-02-15 21:42:28 - [MESSAGE][PASSED] - Object: 'Object Repository/RecAndPlayBk/Page-Vlink-Sale/input_user_defined10_user_defined10' is clicked on

2023-02-15 21:42:28 - [TEST_STEP][PASSED] - if (executionProfile.equalsIgnoreCase("QAProfile") || executionProfile.equalsIgnoreCase("DemoProfile")): Text '' is set on object 'Object Repository/RecAndPlayBk/Page-Vlink-Sale/input_COF Transaction Initiated by_cof_tran_6cded5'

2023-02-15 21:42:28 - [TEST_STEP][PASSED] - setText(findTestObject("Object Repository/RecAndPlayBk/Page-Vlink-Sale/input_Card on File Indicator_card_on_file_i_157dae"), ""): Text '' is set on object 'Object Repository/RecAndPlayBk/Page-Vlink-Sale/input_Card on File Indicator_card_on_file_i_157dae'

2023-02-15 21:42:29 - [MESSAGE][PASSED] - Text '' is set on object 'Object Repository/RecAndPlayBk/Page-Vlink-Sale/input_Card on File Indicator_card_on_file_i_157dae'

2023-02-15 21:42:29 - [TEST_STEP][PASSED] - setText(findTestObject("Object Repository/RecAndPlayBk/Page-Vlink-Sale/input_Stored Credential Indicator_stored_cr_4ae73c"), ""): Text '' is set on object 'Object Repository/RecAndPlayBk/Page-Vlink-Sale/input_Stored Credential Indicator_stored_cr_4ae73c'

2023-02-15 21:42:30 - [MESSAGE][PASSED] - Text '' is set on object 'Object Repository/RecAndPlayBk/Page-Vlink-Sale/input_Stored Credential Indicator_stored_cr_4ae73c'

2023-02-15 21:42:30 - [TEST_STEP][PASSED] - setText(findTestObject("Object Repository/RecAndPlayBk/Page-Vlink-Sale/input_COF Scheduled indicator_cof_scheduled_8df7d8"), ""): Text '' is set on object 'Object Repository/RecAndPlayBk/Page-Vlink-Sale/input_COF Scheduled indicator_cof_scheduled_8df7d8'

2023-02-15 21:42:30 - [MESSAGE][PASSED] - Text '' is set on object 'Object Repository/RecAndPlayBk/Page-Vlink-Sale/input_COF Scheduled indicator_cof_scheduled_8df7d8'

2023-02-15 21:42:30 - [TEST_STEP][PASSED] - setText(findTestObject("Object Repository/RecAndPlayBk/Page-Vlink-Sale/input_COF Transaction Initiated by_cof_tran_6cded5"), ""): Text '' is set on object 'Object Repository/RecAndPlayBk/Page-Vlink-Sale/input_COF Transaction Initiated by_cof_tran_6cded5'

2023-02-15 21:42:31 - [MESSAGE][PASSED] - Text '' is set on object 'Object Repository/RecAndPlayBk/Page-Vlink-Sale/input_COF Transaction Initiated by_cof_tran_6cded5'

2023-02-15 21:42:31 - [TEST_STEP][PASSED] - click(findTestObject("Object Repository/RecAndPlayBk/Page-Vlink-Sale/input")): Object: 'Object Repository/RecAndPlayBk/Page-Vlink-Sale/input' is clicked on

2023-02-15 21:42:32 - [MESSAGE][PASSED] - Object: 'Object Repository/RecAndPlayBk/Page-Vlink-Sale/input' is clicked on

2023-02-15 21:42:32 - [TEST_STEP][PASSED] - if (verifyTextPresent("Transaction approved, no errors", true)): null

2023-02-15 21:42:32 - [MESSAGE][PASSED] - Text 'Transaction approved, no errors' is present on page  using regular expression

2023-02-15 21:42:32 - [TEST_STEP][PASSED] - println("Transaction Approved, no errors text is present on the Confirmation page"): null

2023-02-15 21:42:32 - [TEST_STEP][PASSED] - sdfo = getText(findTestObject("Object Repository/Page_VLinkReceipt/pre_STX")): Text of object 'Object Repository/Page_VLinkReceipt/pre_STX' is: '<STX>mCJ8sDhuDshL                  12126560            0  Transaction approved, no errors                   0                                                                                  Y 927041060<ETX>'

2023-02-15 21:42:32 - [MESSAGE][PASSED] - Text of object 'Object Repository/Page_VLinkReceipt/pre_STX' is: '<STX>mCJ8sDhuDshL                  12126560            0  Transaction approved, no errors                   0                                                                                  Y 927041060<ETX>'

2023-02-15 21:42:32 - [TEST_STEP][PASSED] - out.println("sdfo: " + sdfo): null

2023-02-15 21:42:32 - [TEST_STEP][PASSED] - remID = substring(5, 35).trim(): null

2023-02-15 21:42:32 - [TEST_STEP][PASSED] - out.println("remID: " + remID): null

2023-02-15 21:42:32 - [TEST_STEP][PASSED] - traxID = substring(35, 55).trim(): null

2023-02-15 21:42:32 - [TEST_STEP][PASSED] - out.println("traxID: " + traxID): null

2023-02-15 21:42:32 - [TEST_STEP][PASSED] - VLinkSaleRemID = remID: null

2023-02-15 21:42:32 - [TEST_STEP][PASSED] - VLinkSaleTranxID = traxID: null

2023-02-15 21:42:32 - [TEST_STEP][PASSED] - openBrowser(VLinkURL + "CC_credit.html"): Browser is opened with url: 'https://dev-algorithm.govolution.com/vlinktest/QA/version_2_0/CC_credit.html'

2023-02-15 21:42:32 - [MESSAGE][WARNING] - A browser is already opened. Closing browser and opening a new one

2023-02-15 21:42:33 - [MESSAGE][INFO] - Starting 'Chrome' driver

2023-02-15 21:42:33 - [MESSAGE][INFO] - User set preference: ['acceptInsecureCerts', 'true']

2023-02-15 21:42:33 - [MESSAGE][INFO] - Action delay is set to 0 milliseconds

2023-02-15 21:42:35 - [MESSAGE][PASSED] - Browser is opened with url: 'https://dev-algorithm.govolution.com/vlinktest/QA/version_2_0/CC_credit.html'

2023-02-15 21:42:35 - [TEST_STEP][PASSED] - maximizeWindow(): Current window maximized

2023-02-15 21:42:35 - [MESSAGE][PASSED] - Current window maximized

2023-02-15 21:42:35 - [TEST_STEP][PASSED] - setText(findTestObject("Object Repository/RecAndPlayBk/Page-Vlink-CC-Credit/input_Remittance Id"), VLinkSaleRemID): Text 'mCJ8sDhuDshL' is set on object 'Object Repository/RecAndPlayBk/Page-Vlink-CC-Credit/input_Remittance Id'

2023-02-15 21:42:36 - [MESSAGE][PASSED] - Text 'mCJ8sDhuDshL' is set on object 'Object Repository/RecAndPlayBk/Page-Vlink-CC-Credit/input_Remittance Id'

2023-02-15 21:42:36 - [TEST_STEP][PASSED] - setText(findTestObject("Object Repository/RecAndPlayBk/Page-Vlink-CC-Credit/input_Application Id"), appID): Text '234' is set on object 'Object Repository/RecAndPlayBk/Page-Vlink-CC-Credit/input_Application Id'

2023-02-15 21:42:37 - [MESSAGE][PASSED] - Text '234' is set on object 'Object Repository/RecAndPlayBk/Page-Vlink-CC-Credit/input_Application Id'

2023-02-15 21:42:37 - [TEST_STEP][PASSED] - setText(findTestObject("Object Repository/RecAndPlayBk/Page-Vlink-CC-Credit/input_Username"), username): Text 'username' is set on object 'Object Repository/RecAndPlayBk/Page-Vlink-CC-Credit/input_Username'

2023-02-15 21:42:37 - [MESSAGE][PASSED] - Text 'username' is set on object 'Object Repository/RecAndPlayBk/Page-Vlink-CC-Credit/input_Username'

2023-02-15 21:42:37 - [TEST_STEP][PASSED] - setText(findTestObject("Object Repository/RecAndPlayBk/Page-Vlink-CC-Credit/input_Password"), password): Text 'password' is set on object 'Object Repository/RecAndPlayBk/Page-Vlink-CC-Credit/input_Password'

2023-02-15 21:42:38 - [MESSAGE][PASSED] - Text 'password' is set on object 'Object Repository/RecAndPlayBk/Page-Vlink-CC-Credit/input_Password'

2023-02-15 21:42:38 - [TEST_STEP][PASSED] - setText(findTestObject("Object Repository/RecAndPlayBk/Page-Vlink-CC-Credit/input_Transaction ID"), VLinkSaleTranxID): Text '12126560' is set on object 'Object Repository/RecAndPlayBk/Page-Vlink-CC-Credit/input_Transaction ID'

2023-02-15 21:42:39 - [MESSAGE][PASSED] - Text '12126560' is set on object 'Object Repository/RecAndPlayBk/Page-Vlink-CC-Credit/input_Transaction ID'

2023-02-15 21:42:39 - [TEST_STEP][PASSED] - setText(findTestObject("Object Repository/RecAndPlayBk/Page-Vlink-CC-Credit/input_Amount"), amount): Text '10.5' is set on object 'Object Repository/RecAndPlayBk/Page-Vlink-CC-Credit/input_Amount'

2023-02-15 21:42:39 - [MESSAGE][PASSED] - Text '10.5' is set on object 'Object Repository/RecAndPlayBk/Page-Vlink-CC-Credit/input_Amount'

2023-02-15 21:42:39 - [TEST_STEP][PASSED] - setText(findTestObject("Object Repository/RecAndPlayBk/Page-Vlink-CC-Credit/input_Card number"), ""): Text '' is set on object 'Object Repository/RecAndPlayBk/Page-Vlink-CC-Credit/input_Card number'

2023-02-15 21:42:40 - [MESSAGE][PASSED] - Text '' is set on object 'Object Repository/RecAndPlayBk/Page-Vlink-CC-Credit/input_Card number'

2023-02-15 21:42:40 - [TEST_STEP][PASSED] - setText(findTestObject("Object Repository/RecAndPlayBk/Page-Vlink-CC-Credit/input_Card ex month"), ""): Text '' is set on object 'Object Repository/RecAndPlayBk/Page-Vlink-CC-Credit/input_Card ex month'

2023-02-15 21:42:40 - [MESSAGE][PASSED] - Text '' is set on object 'Object Repository/RecAndPlayBk/Page-Vlink-CC-Credit/input_Card ex month'

2023-02-15 21:42:40 - [TEST_STEP][PASSED] - setText(findTestObject("Object Repository/RecAndPlayBk/Page-Vlink-CC-Credit/input_Card ex year"), ""): Text '' is set on object 'Object Repository/RecAndPlayBk/Page-Vlink-CC-Credit/input_Card ex year'

2023-02-15 21:42:41 - [MESSAGE][PASSED] - Text '' is set on object 'Object Repository/RecAndPlayBk/Page-Vlink-CC-Credit/input_Card ex year'

2023-02-15 21:42:41 - [TEST_STEP][PASSED] - setText(findTestObject("Object Repository/RecAndPlayBk/Page-Vlink-CC-Credit/input_Track Data"), ""): Text '' is set on object 'Object Repository/RecAndPlayBk/Page-Vlink-CC-Credit/input_Track Data'

2023-02-15 21:42:42 - [MESSAGE][PASSED] - Text '' is set on object 'Object Repository/RecAndPlayBk/Page-Vlink-CC-Credit/input_Track Data'

2023-02-15 21:42:42 - [TEST_STEP][PASSED] - setText(findTestObject("Object Repository/RecAndPlayBk/Page-Vlink-CC-Credit/input_Category Code"), category): Text 'MOTO' is set on object 'Object Repository/RecAndPlayBk/Page-Vlink-CC-Credit/input_Category Code'

2023-02-15 21:42:42 - [MESSAGE][PASSED] - Text 'MOTO' is set on object 'Object Repository/RecAndPlayBk/Page-Vlink-CC-Credit/input_Category Code'

2023-02-15 21:42:42 - [TEST_STEP][PASSED] - click(findTestObject("Object Repository/RecAndPlayBk/Page-Vlink-CC-Credit/input")): Object: 'Object Repository/RecAndPlayBk/Page-Vlink-CC-Credit/input' is clicked on

2023-02-15 21:42:43 - [MESSAGE][PASSED] - Object: 'Object Repository/RecAndPlayBk/Page-Vlink-CC-Credit/input' is clicked on

2023-02-15 21:42:43 - [TEST_STEP][PASSED] - if (verifyTextPresent("Transaction approved, no errors", true)): null

2023-02-15 21:42:44 - [MESSAGE][PASSED] - Text 'Transaction approved, no errors' is present on page  using regular expression

2023-02-15 21:42:44 - [TEST_STEP][PASSED] - println("Transaction Approved, no errors text is present on the Confirmation page"): null

2023-02-15 21:42:44 - [TEST_STEP][PASSED] - out.println("Pass Record Number: " + row): null

2023-02-15 21:42:44 - [TEST_STEP][PASSED] - resText = "Pass": null

2023-02-15 21:42:44 - [TEST_STEP][PASSED] - pages.WriteExcel.demoKey(resText, datText, resColumn, datCloumn, fileLoc, nameSheet, row): pages.WriteExcel.demoKey is PASSED

2023-02-15 21:42:44 - [MESSAGE][PASSED] - pages.WriteExcel.demoKey is PASSED

2023-02-15 21:42:44 - [TEST_STEP][PASSED] - ExecuteTC = findTestData(dataFile).getValue("Execute", row): null

2023-02-15 21:42:44 - [TEST_STEP][PASSED] - out.println("Value of Execute is : " + ExecuteTC): null

2023-02-15 21:42:44 - [TEST_STEP][PASSED] - switch (executionProfile): null

2023-02-15 21:42:44 - [TEST_STEP][PASSED] - case "QAProfile":: null

2023-02-15 21:42:44 - [TEST_STEP][PASSED] - appID = findTestData(dataFile).getValue("AppIDQA", row): null

2023-02-15 21:42:44 - [TEST_STEP][PASSED] - username = findTestData(dataFile).getValue("UsernameQA", row): null

2023-02-15 21:42:44 - [TEST_STEP][PASSED] - password = findTestData(dataFile).getValue("PasswordQA", row): null

2023-02-15 21:42:44 - [TEST_STEP][PASSED] - break: null

2023-02-15 21:42:44 - [TEST_STEP][FAILED] - if (ExecuteTC.equalsIgnoreCase("Y")): null

2023-02-15 21:42:44 - [TEST_STEP][PASSED] - out.println("Begin Record Number: " + row): null

2023-02-15 21:42:44 - [TEST_STEP][PASSED] - today = new java.util.Date(): null

2023-02-15 21:42:44 - [TEST_STEP][PASSED] - println(today): null

2023-02-15 21:42:44 - [TEST_STEP][PASSED] - datText = today: null

2023-02-15 21:42:44 - [TEST_STEP][PASSED] - category = findTestData(dataFile).getValue("Category", row): null

2023-02-15 21:42:44 - [TEST_STEP][PASSED] - amount = findTestData(dataFile).getValue("Amount", row): null

2023-02-15 21:42:44 - [TEST_STEP][PASSED] - cardNumber = findTestData(dataFile).getValue("CardNumber", row): null

2023-02-15 21:42:44 - [TEST_STEP][PASSED] - exM = findTestData(dataFile).getValue("ExM", row): null

2023-02-15 21:42:44 - [TEST_STEP][PASSED] - exY = findTestData(dataFile).getValue("ExY", row): null

2023-02-15 21:42:45 - [TEST_STEP][PASSED] - openBrowser(VLinkURL + "authcap.html"): Browser is opened with url: 'https://dev-algorithm.govolution.com/vlinktest/QA/version_2_0/authcap.html'

2023-02-15 21:42:45 - [MESSAGE][WARNING] - A browser is already opened. Closing browser and opening a new one

2023-02-15 21:42:45 - [MESSAGE][INFO] - Starting 'Chrome' driver

2023-02-15 21:42:45 - [MESSAGE][INFO] - User set preference: ['acceptInsecureCerts', 'true']

2023-02-15 21:42:45 - [MESSAGE][INFO] - Action delay is set to 0 milliseconds

2023-02-15 21:42:47 - [MESSAGE][PASSED] - Browser is opened with url: 'https://dev-algorithm.govolution.com/vlinktest/QA/version_2_0/authcap.html'

2023-02-15 21:42:47 - [TEST_STEP][PASSED] - maximizeWindow(): Current window maximized

2023-02-15 21:42:47 - [MESSAGE][PASSED] - Current window maximized

2023-02-15 21:42:47 - [TEST_STEP][PASSED] - maximizeWindow(): Current window maximized

2023-02-15 21:42:47 - [MESSAGE][PASSED] - Current window maximized

2023-02-15 21:42:47 - [TEST_STEP][PASSED] - genRemID = RandomStringUtils.random(12, true, true): null

2023-02-15 21:42:47 - [TEST_STEP][PASSED] - setText(findTestObject("Object Repository/RecAndPlayBk/Page-Vlink-Sale/input_Remittance Id_remittance_id"), genRemID): Text 'LUudQUelOfZn' is set on object 'Object Repository/RecAndPlayBk/Page-Vlink-Sale/input_Remittance Id_remittance_id'

2023-02-15 21:42:48 - [MESSAGE][PASSED] - Text 'LUudQUelOfZn' is set on object 'Object Repository/RecAndPlayBk/Page-Vlink-Sale/input_Remittance Id_remittance_id'

2023-02-15 21:42:48 - [TEST_STEP][PASSED] - setText(findTestObject("Object Repository/RecAndPlayBk/Page-Vlink-Sale/input_Application Id_application_id"), appID): Text '234' is set on object 'Object Repository/RecAndPlayBk/Page-Vlink-Sale/input_Application Id_application_id'

2023-02-15 21:42:49 - [MESSAGE][PASSED] - Text '234' is set on object 'Object Repository/RecAndPlayBk/Page-Vlink-Sale/input_Application Id_application_id'

2023-02-15 21:42:49 - [TEST_STEP][PASSED] - setText(findTestObject("Object Repository/RecAndPlayBk/Page-Vlink-Sale/input_Username_username"), username): Text 'username' is set on object 'Object Repository/RecAndPlayBk/Page-Vlink-Sale/input_Username_username'

2023-02-15 21:42:49 - [MESSAGE][PASSED] - Text 'username' is set on object 'Object Repository/RecAndPlayBk/Page-Vlink-Sale/input_Username_username'

2023-02-15 21:42:49 - [TEST_STEP][PASSED] - setText(findTestObject("Object Repository/RecAndPlayBk/Page-Vlink-Sale/input_Password_password"), password): Text 'password' is set on object 'Object Repository/RecAndPlayBk/Page-Vlink-Sale/input_Password_password'

2023-02-15 21:42:50 - [MESSAGE][PASSED] - Text 'password' is set on object 'Object Repository/RecAndPlayBk/Page-Vlink-Sale/input_Password_password'

2023-02-15 21:42:50 - [TEST_STEP][PASSED] - setText(findTestObject("Object Repository/RecAndPlayBk/Page-Vlink-Sale/input_Category_category"), category): Text 'RETL' is set on object 'Object Repository/RecAndPlayBk/Page-Vlink-Sale/input_Category_category'

2023-02-15 21:42:51 - [MESSAGE][PASSED] - Text 'RETL' is set on object 'Object Repository/RecAndPlayBk/Page-Vlink-Sale/input_Category_category'

2023-02-15 21:42:51 - [TEST_STEP][PASSED] - setText(findTestObject("Object Repository/RecAndPlayBk/Page-Vlink-Sale/input_Amount_amount"), amount): Text '10.5' is set on object 'Object Repository/RecAndPlayBk/Page-Vlink-Sale/input_Amount_amount'

2023-02-15 21:42:51 - [MESSAGE][PASSED] - Text '10.5' is set on object 'Object Repository/RecAndPlayBk/Page-Vlink-Sale/input_Amount_amount'

2023-02-15 21:42:51 - [TEST_STEP][PASSED] - doubleClick(findTestObject("Object Repository/RecAndPlayBk/Page-Vlink-Sale/input_Card number_card_number")): Object: 'Object Repository/RecAndPlayBk/Page-Vlink-Sale/input_Card number_card_number' is double clicked on

2023-02-15 21:42:52 - [MESSAGE][PASSED] - Object: 'Object Repository/RecAndPlayBk/Page-Vlink-Sale/input_Card number_card_number' is double clicked on

2023-02-15 21:42:52 - [TEST_STEP][PASSED] - setText(findTestObject("Object Repository/RecAndPlayBk/Page-Vlink-Sale/input_Card number_card_number"), cardNumber): Text '370000000000002' is set on object 'Object Repository/RecAndPlayBk/Page-Vlink-Sale/input_Card number_card_number'

2023-02-15 21:42:52 - [MESSAGE][PASSED] - Text '370000000000002' is set on object 'Object Repository/RecAndPlayBk/Page-Vlink-Sale/input_Card number_card_number'

2023-02-15 21:42:52 - [TEST_STEP][PASSED] - setText(findTestObject("Object Repository/RecAndPlayBk/Page-Vlink-Sale/input_Card ex month_card_exmo"), exM): Text '12' is set on object 'Object Repository/RecAndPlayBk/Page-Vlink-Sale/input_Card ex month_card_exmo'

2023-02-15 21:42:53 - [MESSAGE][PASSED] - Text '12' is set on object 'Object Repository/RecAndPlayBk/Page-Vlink-Sale/input_Card ex month_card_exmo'

2023-02-15 21:42:53 - [TEST_STEP][PASSED] - setText(findTestObject("Object Repository/RecAndPlayBk/Page-Vlink-Sale/input_Card ex year_card_exyr"), exY): Text '2029' is set on object 'Object Repository/RecAndPlayBk/Page-Vlink-Sale/input_Card ex year_card_exyr'

2023-02-15 21:42:53 - [MESSAGE][PASSED] - Text '2029' is set on object 'Object Repository/RecAndPlayBk/Page-Vlink-Sale/input_Card ex year_card_exyr'

2023-02-15 21:42:53 - [TEST_STEP][PASSED] - click(findTestObject("Object Repository/RecAndPlayBk/Page-Vlink-Sale/input_Track Data_track_data")): Object: 'Object Repository/RecAndPlayBk/Page-Vlink-Sale/input_Track Data_track_data' is clicked on

2023-02-15 21:42:54 - [MESSAGE][PASSED] - Object: 'Object Repository/RecAndPlayBk/Page-Vlink-Sale/input_Track Data_track_data' is clicked on

2023-02-15 21:42:54 - [TEST_STEP][PASSED] - click(findTestObject("Object Repository/RecAndPlayBk/Page-Vlink-Sale/input_CVV state_cvv_state")): Object: 'Object Repository/RecAndPlayBk/Page-Vlink-Sale/input_CVV state_cvv_state' is clicked on

2023-02-15 21:42:54 - [MESSAGE][PASSED] - Object: 'Object Repository/RecAndPlayBk/Page-Vlink-Sale/input_CVV state_cvv_state' is clicked on

2023-02-15 21:42:54 - [TEST_STEP][PASSED] - setText(findTestObject("Object Repository/RecAndPlayBk/Page-Vlink-Sale/input_Track Data_track_data"), ""): Text '' is set on object 'Object Repository/RecAndPlayBk/Page-Vlink-Sale/input_Track Data_track_data'

2023-02-15 21:42:55 - [MESSAGE][PASSED] - Text '' is set on object 'Object Repository/RecAndPlayBk/Page-Vlink-Sale/input_Track Data_track_data'

2023-02-15 21:42:55 - [TEST_STEP][PASSED] - setText(findTestObject("Object Repository/RecAndPlayBk/Page-Vlink-Sale/input_concat(Cardholder, , s email)_email"), ""): Text '' is set on object 'Object Repository/RecAndPlayBk/Page-Vlink-Sale/input_concat(Cardholder, , s email)_email'

2023-02-15 21:42:55 - [MESSAGE][PASSED] - Text '' is set on object 'Object Repository/RecAndPlayBk/Page-Vlink-Sale/input_concat(Cardholder, , s email)_email'

2023-02-15 21:42:55 - [TEST_STEP][PASSED] - click(findTestObject("Object Repository/RecAndPlayBk/Page-Vlink-Sale/input_user_defined10_user_defined10")): Object: 'Object Repository/RecAndPlayBk/Page-Vlink-Sale/input_user_defined10_user_defined10' is clicked on

2023-02-15 21:42:56 - [MESSAGE][PASSED] - Object: 'Object Repository/RecAndPlayBk/Page-Vlink-Sale/input_user_defined10_user_defined10' is clicked on

2023-02-15 21:42:56 - [TEST_STEP][PASSED] - if (executionProfile.equalsIgnoreCase("QAProfile") || executionProfile.equalsIgnoreCase("DemoProfile")): Text '' is set on object 'Object Repository/RecAndPlayBk/Page-Vlink-Sale/input_COF Transaction Initiated by_cof_tran_6cded5'

2023-02-15 21:42:56 - [TEST_STEP][PASSED] - setText(findTestObject("Object Repository/RecAndPlayBk/Page-Vlink-Sale/input_Card on File Indicator_card_on_file_i_157dae"), ""): Text '' is set on object 'Object Repository/RecAndPlayBk/Page-Vlink-Sale/input_Card on File Indicator_card_on_file_i_157dae'

2023-02-15 21:42:56 - [MESSAGE][PASSED] - Text '' is set on object 'Object Repository/RecAndPlayBk/Page-Vlink-Sale/input_Card on File Indicator_card_on_file_i_157dae'

2023-02-15 21:42:56 - [TEST_STEP][PASSED] - setText(findTestObject("Object Repository/RecAndPlayBk/Page-Vlink-Sale/input_Stored Credential Indicator_stored_cr_4ae73c"), ""): Text '' is set on object 'Object Repository/RecAndPlayBk/Page-Vlink-Sale/input_Stored Credential Indicator_stored_cr_4ae73c'

2023-02-15 21:42:57 - [MESSAGE][PASSED] - Text '' is set on object 'Object Repository/RecAndPlayBk/Page-Vlink-Sale/input_Stored Credential Indicator_stored_cr_4ae73c'

2023-02-15 21:42:57 - [TEST_STEP][PASSED] - setText(findTestObject("Object Repository/RecAndPlayBk/Page-Vlink-Sale/input_COF Scheduled indicator_cof_scheduled_8df7d8"), ""): Text '' is set on object 'Object Repository/RecAndPlayBk/Page-Vlink-Sale/input_COF Scheduled indicator_cof_scheduled_8df7d8'

2023-02-15 21:42:58 - [MESSAGE][PASSED] - Text '' is set on object 'Object Repository/RecAndPlayBk/Page-Vlink-Sale/input_COF Scheduled indicator_cof_scheduled_8df7d8'

2023-02-15 21:42:58 - [TEST_STEP][PASSED] - setText(findTestObject("Object Repository/RecAndPlayBk/Page-Vlink-Sale/input_COF Transaction Initiated by_cof_tran_6cded5"), ""): Text '' is set on object 'Object Repository/RecAndPlayBk/Page-Vlink-Sale/input_COF Transaction Initiated by_cof_tran_6cded5'

2023-02-15 21:42:58 - [MESSAGE][PASSED] - Text '' is set on object 'Object Repository/RecAndPlayBk/Page-Vlink-Sale/input_COF Transaction Initiated by_cof_tran_6cded5'

2023-02-15 21:42:58 - [TEST_STEP][PASSED] - click(findTestObject("Object Repository/RecAndPlayBk/Page-Vlink-Sale/input")): Object: 'Object Repository/RecAndPlayBk/Page-Vlink-Sale/input' is clicked on

2023-02-15 21:42:59 - [MESSAGE][PASSED] - Object: 'Object Repository/RecAndPlayBk/Page-Vlink-Sale/input' is clicked on

2023-02-15 21:42:59 - [TEST_STEP][FAILED] - if (verifyTextPresent("Transaction approved, no errors", true)): Text 'Transaction approved, no errors' is not present on page  using regular expression (Root cause: com.kms.katalon.core.exception.StepFailedException: Text 'Transaction approved, no errors' is not present on page  using regular expression
	at com.kms.katalon.core.webui.keyword.internal.WebUIKeywordMain.stepFailed(WebUIKeywordMain.groovy:64)
	at com.kms.katalon.core.webui.keyword.builtin.VerifyTextPresentKeyword$_verifyTextPresent_closure1.doCall(VerifyTextPresentKeyword.groovy:79)
	at com.kms.katalon.core.webui.keyword.builtin.VerifyTextPresentKeyword$_verifyTextPresent_closure1.call(VerifyTextPresentKeyword.groovy)
	at com.kms.katalon.core.webui.keyword.internal.WebUIKeywordMain.runKeyword(WebUIKeywordMain.groovy:20)
	at com.kms.katalon.core.webui.keyword.builtin.VerifyTextPresentKeyword.verifyTextPresent(VerifyTextPresentKeyword.groovy:83)
	at com.kms.katalon.core.webui.keyword.builtin.VerifyTextPresentKeyword.execute(VerifyTextPresentKeyword.groovy:68)
	at com.kms.katalon.core.keyword.internal.KeywordExecutor.executeKeywordForPlatform(KeywordExecutor.groovy:74)
	at com.kms.katalon.core.webui.keyword.WebUiBuiltInKeywords.verifyTextPresent(WebUiBuiltInKeywords.groovy:1723)
	at com.kms.katalon.core.webui.keyword.WebUiBuiltInKeywords$verifyTextPresent$4.call(Unknown Source)
	at Sale-Credit.run(Sale-Credit:155)
	at com.kms.katalon.core.main.ScriptEngine.run(ScriptEngine.java:194)
	at com.kms.katalon.core.main.ScriptEngine.runScriptAsRawText(ScriptEngine.java:119)
	at com.kms.katalon.core.main.TestCaseExecutor.runScript(TestCaseExecutor.java:442)
	at com.kms.katalon.core.main.TestCaseExecutor.doExecute(TestCaseExecutor.java:433)
	at com.kms.katalon.core.main.TestCaseExecutor.processExecutionPhase(TestCaseExecutor.java:412)
	at com.kms.katalon.core.main.TestCaseExecutor.accessMainPhase(TestCaseExecutor.java:404)
	at com.kms.katalon.core.main.TestCaseExecutor.execute(TestCaseExecutor.java:281)
	at com.kms.katalon.core.main.TestSuiteExecutor.accessTestCaseMainPhase(TestSuiteExecutor.java:202)
	at com.kms.katalon.core.main.TestSuiteExecutor.accessTestSuiteMainPhase(TestSuiteExecutor.java:164)
	at com.kms.katalon.core.main.TestSuiteExecutor.execute(TestSuiteExecutor.java:105)
	at com.kms.katalon.core.main.TestCaseMain.startTestSuite(TestCaseMain.java:185)
	at com.kms.katalon.core.main.TestCaseMain$startTestSuite$0.call(Unknown Source)
	at TempTestSuite1676514794135.run(TempTestSuite1676514794135.groovy:36)
)

2023-02-15 21:42:59 - [MESSAGE][FAILED] - Text 'Transaction approved, no errors' is not present on page  using regular expression (Root cause: com.kms.katalon.core.exception.StepFailedException: Text 'Transaction approved, no errors' is not present on page  using regular expression
	at com.kms.katalon.core.webui.keyword.internal.WebUIKeywordMain.stepFailed(WebUIKeywordMain.groovy:64)
	at com.kms.katalon.core.webui.keyword.builtin.VerifyTextPresentKeyword$_verifyTextPresent_closure1.doCall(VerifyTextPresentKeyword.groovy:79)
	at com.kms.katalon.core.webui.keyword.builtin.VerifyTextPresentKeyword$_verifyTextPresent_closure1.call(VerifyTextPresentKeyword.groovy)
	at com.kms.katalon.core.webui.keyword.internal.WebUIKeywordMain.runKeyword(WebUIKeywordMain.groovy:20)
	at com.kms.katalon.core.webui.keyword.builtin.VerifyTextPresentKeyword.verifyTextPresent(VerifyTextPresentKeyword.groovy:83)
	at com.kms.katalon.core.webui.keyword.builtin.VerifyTextPresentKeyword.execute(VerifyTextPresentKeyword.groovy:68)
	at com.kms.katalon.core.keyword.internal.KeywordExecutor.executeKeywordForPlatform(KeywordExecutor.groovy:74)
	at com.kms.katalon.core.webui.keyword.WebUiBuiltInKeywords.verifyTextPresent(WebUiBuiltInKeywords.groovy:1723)
	at com.kms.katalon.core.webui.keyword.WebUiBuiltInKeywords$verifyTextPresent$4.call(Unknown Source)
	at Sale-Credit.run(Sale-Credit:155)
	at com.kms.katalon.core.main.ScriptEngine.run(ScriptEngine.java:194)
	at com.kms.katalon.core.main.ScriptEngine.runScriptAsRawText(ScriptEngine.java:119)
	at com.kms.katalon.core.main.TestCaseExecutor.runScript(TestCaseExecutor.java:442)
	at com.kms.katalon.core.main.TestCaseExecutor.doExecute(TestCaseExecutor.java:433)
	at com.kms.katalon.core.main.TestCaseExecutor.processExecutionPhase(TestCaseExecutor.java:412)
	at com.kms.katalon.core.main.TestCaseExecutor.accessMainPhase(TestCaseExecutor.java:404)
	at com.kms.katalon.core.main.TestCaseExecutor.execute(TestCaseExecutor.java:281)
	at com.kms.katalon.core.main.TestSuiteExecutor.accessTestCaseMainPhase(TestSuiteExecutor.java:202)
	at com.kms.katalon.core.main.TestSuiteExecutor.accessTestSuiteMainPhase(TestSuiteExecutor.java:164)
	at com.kms.katalon.core.main.TestSuiteExecutor.execute(TestSuiteExecutor.java:105)
	at com.kms.katalon.core.main.TestCaseMain.startTestSuite(TestCaseMain.java:185)
	at com.kms.katalon.core.main.TestCaseMain$startTestSuite$0.call(Unknown Source)
	at TempTestSuite1676514794135.run(TempTestSuite1676514794135.groovy:36)
)

2023-02-15 21:42:59 - [TEST_STEP][PASSED] - else: pages.WriteExcel.demoKey is PASSED

2023-02-15 21:42:59 - [TEST_STEP][PASSED] - println("Transaction Approved, no errors text is not present on the Confirmation page"): null

2023-02-15 21:42:59 - [TEST_STEP][PASSED] - out.println("Fail Record Number: " + row): null

2023-02-15 21:42:59 - [TEST_STEP][PASSED] - resText = "Fail": null

2023-02-15 21:42:59 - [TEST_STEP][PASSED] - pages.WriteExcel.demoKey(resText, datText, resColumn, datCloumn, fileLoc, nameSheet, row): pages.WriteExcel.demoKey is PASSED

2023-02-15 21:43:00 - [MESSAGE][PASSED] - pages.WriteExcel.demoKey is PASSED

2023-02-15 21:43:00 - [TEST_STEP][PASSED] - ExecuteTC = findTestData(dataFile).getValue("Execute", row): null

2023-02-15 21:43:00 - [TEST_STEP][PASSED] - out.println("Value of Execute is : " + ExecuteTC): null

2023-02-15 21:43:00 - [TEST_STEP][PASSED] - switch (executionProfile): null

2023-02-15 21:43:00 - [TEST_STEP][PASSED] - case "QAProfile":: null

2023-02-15 21:43:00 - [TEST_STEP][PASSED] - appID = findTestData(dataFile).getValue("AppIDQA", row): null

2023-02-15 21:43:00 - [TEST_STEP][PASSED] - username = findTestData(dataFile).getValue("UsernameQA", row): null

2023-02-15 21:43:00 - [TEST_STEP][PASSED] - password = findTestData(dataFile).getValue("PasswordQA", row): null

2023-02-15 21:43:00 - [TEST_STEP][PASSED] - break: null

2023-02-15 21:43:00 - [TEST_STEP][PASSED] - if (ExecuteTC.equalsIgnoreCase("Y")): null

2023-02-15 21:43:00 - [TEST_STEP][PASSED] - out.println("Begin Record Number: " + row): null

2023-02-15 21:43:00 - [TEST_STEP][PASSED] - today = new java.util.Date(): null

2023-02-15 21:43:00 - [TEST_STEP][PASSED] - println(today): null

2023-02-15 21:43:00 - [TEST_STEP][PASSED] - datText = today: null

2023-02-15 21:43:00 - [TEST_STEP][PASSED] - category = findTestData(dataFile).getValue("Category", row): null

2023-02-15 21:43:00 - [TEST_STEP][PASSED] - amount = findTestData(dataFile).getValue("Amount", row): null

2023-02-15 21:43:00 - [TEST_STEP][PASSED] - cardNumber = findTestData(dataFile).getValue("CardNumber", row): null

2023-02-15 21:43:00 - [TEST_STEP][PASSED] - exM = findTestData(dataFile).getValue("ExM", row): null

2023-02-15 21:43:00 - [TEST_STEP][PASSED] - exY = findTestData(dataFile).getValue("ExY", row): null

2023-02-15 21:43:01 - [TEST_STEP][PASSED] - openBrowser(VLinkURL + "authcap.html"): Browser is opened with url: 'https://dev-algorithm.govolution.com/vlinktest/QA/version_2_0/authcap.html'

2023-02-15 21:43:01 - [MESSAGE][WARNING] - A browser is already opened. Closing browser and opening a new one

2023-02-15 21:43:01 - [MESSAGE][INFO] - Starting 'Chrome' driver

2023-02-15 21:43:01 - [MESSAGE][INFO] - User set preference: ['acceptInsecureCerts', 'true']

2023-02-15 21:43:01 - [MESSAGE][INFO] - Action delay is set to 0 milliseconds

2023-02-15 21:43:03 - [MESSAGE][PASSED] - Browser is opened with url: 'https://dev-algorithm.govolution.com/vlinktest/QA/version_2_0/authcap.html'

2023-02-15 21:43:03 - [TEST_STEP][PASSED] - maximizeWindow(): Current window maximized

2023-02-15 21:43:03 - [MESSAGE][PASSED] - Current window maximized

2023-02-15 21:43:03 - [TEST_STEP][PASSED] - maximizeWindow(): Current window maximized

2023-02-15 21:43:03 - [MESSAGE][PASSED] - Current window maximized

2023-02-15 21:43:03 - [TEST_STEP][PASSED] - genRemID = RandomStringUtils.random(12, true, true): null

2023-02-15 21:43:03 - [TEST_STEP][PASSED] - setText(findTestObject("Object Repository/RecAndPlayBk/Page-Vlink-Sale/input_Remittance Id_remittance_id"), genRemID): Text 'THbPRrXkMzGD' is set on object 'Object Repository/RecAndPlayBk/Page-Vlink-Sale/input_Remittance Id_remittance_id'

2023-02-15 21:43:04 - [MESSAGE][PASSED] - Text 'THbPRrXkMzGD' is set on object 'Object Repository/RecAndPlayBk/Page-Vlink-Sale/input_Remittance Id_remittance_id'

2023-02-15 21:43:04 - [TEST_STEP][PASSED] - setText(findTestObject("Object Repository/RecAndPlayBk/Page-Vlink-Sale/input_Application Id_application_id"), appID): Text '87' is set on object 'Object Repository/RecAndPlayBk/Page-Vlink-Sale/input_Application Id_application_id'

2023-02-15 21:43:05 - [MESSAGE][PASSED] - Text '87' is set on object 'Object Repository/RecAndPlayBk/Page-Vlink-Sale/input_Application Id_application_id'

2023-02-15 21:43:05 - [TEST_STEP][PASSED] - setText(findTestObject("Object Repository/RecAndPlayBk/Page-Vlink-Sale/input_Username_username"), username): Text 'username' is set on object 'Object Repository/RecAndPlayBk/Page-Vlink-Sale/input_Username_username'

2023-02-15 21:43:05 - [MESSAGE][PASSED] - Text 'username' is set on object 'Object Repository/RecAndPlayBk/Page-Vlink-Sale/input_Username_username'

2023-02-15 21:43:05 - [TEST_STEP][PASSED] - setText(findTestObject("Object Repository/RecAndPlayBk/Page-Vlink-Sale/input_Password_password"), password): Text 'password' is set on object 'Object Repository/RecAndPlayBk/Page-Vlink-Sale/input_Password_password'

2023-02-15 21:43:06 - [MESSAGE][PASSED] - Text 'password' is set on object 'Object Repository/RecAndPlayBk/Page-Vlink-Sale/input_Password_password'

2023-02-15 21:43:06 - [TEST_STEP][PASSED] - setText(findTestObject("Object Repository/RecAndPlayBk/Page-Vlink-Sale/input_Category_category"), category): Text 'ECOM' is set on object 'Object Repository/RecAndPlayBk/Page-Vlink-Sale/input_Category_category'

2023-02-15 21:43:07 - [MESSAGE][PASSED] - Text 'ECOM' is set on object 'Object Repository/RecAndPlayBk/Page-Vlink-Sale/input_Category_category'

2023-02-15 21:43:07 - [TEST_STEP][PASSED] - setText(findTestObject("Object Repository/RecAndPlayBk/Page-Vlink-Sale/input_Amount_amount"), amount): Text '10.5' is set on object 'Object Repository/RecAndPlayBk/Page-Vlink-Sale/input_Amount_amount'

2023-02-15 21:43:07 - [MESSAGE][PASSED] - Text '10.5' is set on object 'Object Repository/RecAndPlayBk/Page-Vlink-Sale/input_Amount_amount'

2023-02-15 21:43:07 - [TEST_STEP][PASSED] - doubleClick(findTestObject("Object Repository/RecAndPlayBk/Page-Vlink-Sale/input_Card number_card_number")): Object: 'Object Repository/RecAndPlayBk/Page-Vlink-Sale/input_Card number_card_number' is double clicked on

2023-02-15 21:43:08 - [MESSAGE][PASSED] - Object: 'Object Repository/RecAndPlayBk/Page-Vlink-Sale/input_Card number_card_number' is double clicked on

2023-02-15 21:43:08 - [TEST_STEP][PASSED] - setText(findTestObject("Object Repository/RecAndPlayBk/Page-Vlink-Sale/input_Card number_card_number"), cardNumber): Text '4012000098765439' is set on object 'Object Repository/RecAndPlayBk/Page-Vlink-Sale/input_Card number_card_number'

2023-02-15 21:43:08 - [MESSAGE][PASSED] - Text '4012000098765439' is set on object 'Object Repository/RecAndPlayBk/Page-Vlink-Sale/input_Card number_card_number'

2023-02-15 21:43:08 - [TEST_STEP][PASSED] - setText(findTestObject("Object Repository/RecAndPlayBk/Page-Vlink-Sale/input_Card ex month_card_exmo"), exM): Text '12' is set on object 'Object Repository/RecAndPlayBk/Page-Vlink-Sale/input_Card ex month_card_exmo'

2023-02-15 21:43:09 - [MESSAGE][PASSED] - Text '12' is set on object 'Object Repository/RecAndPlayBk/Page-Vlink-Sale/input_Card ex month_card_exmo'

2023-02-15 21:43:09 - [TEST_STEP][PASSED] - setText(findTestObject("Object Repository/RecAndPlayBk/Page-Vlink-Sale/input_Card ex year_card_exyr"), exY): Text '2029' is set on object 'Object Repository/RecAndPlayBk/Page-Vlink-Sale/input_Card ex year_card_exyr'

2023-02-15 21:43:10 - [MESSAGE][PASSED] - Text '2029' is set on object 'Object Repository/RecAndPlayBk/Page-Vlink-Sale/input_Card ex year_card_exyr'

2023-02-15 21:43:10 - [TEST_STEP][PASSED] - click(findTestObject("Object Repository/RecAndPlayBk/Page-Vlink-Sale/input_Track Data_track_data")): Object: 'Object Repository/RecAndPlayBk/Page-Vlink-Sale/input_Track Data_track_data' is clicked on

2023-02-15 21:43:10 - [MESSAGE][PASSED] - Object: 'Object Repository/RecAndPlayBk/Page-Vlink-Sale/input_Track Data_track_data' is clicked on

2023-02-15 21:43:10 - [TEST_STEP][PASSED] - click(findTestObject("Object Repository/RecAndPlayBk/Page-Vlink-Sale/input_CVV state_cvv_state")): Object: 'Object Repository/RecAndPlayBk/Page-Vlink-Sale/input_CVV state_cvv_state' is clicked on

2023-02-15 21:43:10 - [MESSAGE][PASSED] - Object: 'Object Repository/RecAndPlayBk/Page-Vlink-Sale/input_CVV state_cvv_state' is clicked on

2023-02-15 21:43:10 - [TEST_STEP][PASSED] - setText(findTestObject("Object Repository/RecAndPlayBk/Page-Vlink-Sale/input_Track Data_track_data"), ""): Text '' is set on object 'Object Repository/RecAndPlayBk/Page-Vlink-Sale/input_Track Data_track_data'

2023-02-15 21:43:11 - [MESSAGE][PASSED] - Text '' is set on object 'Object Repository/RecAndPlayBk/Page-Vlink-Sale/input_Track Data_track_data'

2023-02-15 21:43:11 - [TEST_STEP][PASSED] - setText(findTestObject("Object Repository/RecAndPlayBk/Page-Vlink-Sale/input_concat(Cardholder, , s email)_email"), ""): Text '' is set on object 'Object Repository/RecAndPlayBk/Page-Vlink-Sale/input_concat(Cardholder, , s email)_email'

2023-02-15 21:43:11 - [MESSAGE][PASSED] - Text '' is set on object 'Object Repository/RecAndPlayBk/Page-Vlink-Sale/input_concat(Cardholder, , s email)_email'

2023-02-15 21:43:11 - [TEST_STEP][PASSED] - click(findTestObject("Object Repository/RecAndPlayBk/Page-Vlink-Sale/input_user_defined10_user_defined10")): Object: 'Object Repository/RecAndPlayBk/Page-Vlink-Sale/input_user_defined10_user_defined10' is clicked on

2023-02-15 21:43:12 - [MESSAGE][PASSED] - Object: 'Object Repository/RecAndPlayBk/Page-Vlink-Sale/input_user_defined10_user_defined10' is clicked on

2023-02-15 21:43:12 - [TEST_STEP][PASSED] - if (executionProfile.equalsIgnoreCase("QAProfile") || executionProfile.equalsIgnoreCase("DemoProfile")): Text '' is set on object 'Object Repository/RecAndPlayBk/Page-Vlink-Sale/input_COF Transaction Initiated by_cof_tran_6cded5'

2023-02-15 21:43:12 - [TEST_STEP][PASSED] - setText(findTestObject("Object Repository/RecAndPlayBk/Page-Vlink-Sale/input_Card on File Indicator_card_on_file_i_157dae"), ""): Text '' is set on object 'Object Repository/RecAndPlayBk/Page-Vlink-Sale/input_Card on File Indicator_card_on_file_i_157dae'

2023-02-15 21:43:12 - [MESSAGE][PASSED] - Text '' is set on object 'Object Repository/RecAndPlayBk/Page-Vlink-Sale/input_Card on File Indicator_card_on_file_i_157dae'

2023-02-15 21:43:12 - [TEST_STEP][PASSED] - setText(findTestObject("Object Repository/RecAndPlayBk/Page-Vlink-Sale/input_Stored Credential Indicator_stored_cr_4ae73c"), ""): Text '' is set on object 'Object Repository/RecAndPlayBk/Page-Vlink-Sale/input_Stored Credential Indicator_stored_cr_4ae73c'

2023-02-15 21:43:13 - [MESSAGE][PASSED] - Text '' is set on object 'Object Repository/RecAndPlayBk/Page-Vlink-Sale/input_Stored Credential Indicator_stored_cr_4ae73c'

2023-02-15 21:43:13 - [TEST_STEP][PASSED] - setText(findTestObject("Object Repository/RecAndPlayBk/Page-Vlink-Sale/input_COF Scheduled indicator_cof_scheduled_8df7d8"), ""): Text '' is set on object 'Object Repository/RecAndPlayBk/Page-Vlink-Sale/input_COF Scheduled indicator_cof_scheduled_8df7d8'

2023-02-15 21:43:14 - [MESSAGE][PASSED] - Text '' is set on object 'Object Repository/RecAndPlayBk/Page-Vlink-Sale/input_COF Scheduled indicator_cof_scheduled_8df7d8'

2023-02-15 21:43:14 - [TEST_STEP][PASSED] - setText(findTestObject("Object Repository/RecAndPlayBk/Page-Vlink-Sale/input_COF Transaction Initiated by_cof_tran_6cded5"), ""): Text '' is set on object 'Object Repository/RecAndPlayBk/Page-Vlink-Sale/input_COF Transaction Initiated by_cof_tran_6cded5'

2023-02-15 21:43:14 - [MESSAGE][PASSED] - Text '' is set on object 'Object Repository/RecAndPlayBk/Page-Vlink-Sale/input_COF Transaction Initiated by_cof_tran_6cded5'

2023-02-15 21:43:14 - [TEST_STEP][PASSED] - click(findTestObject("Object Repository/RecAndPlayBk/Page-Vlink-Sale/input")): Object: 'Object Repository/RecAndPlayBk/Page-Vlink-Sale/input' is clicked on

2023-02-15 21:43:16 - [MESSAGE][PASSED] - Object: 'Object Repository/RecAndPlayBk/Page-Vlink-Sale/input' is clicked on

2023-02-15 21:43:16 - [TEST_STEP][PASSED] - if (verifyTextPresent("Transaction approved, no errors", true)): null

2023-02-15 21:43:16 - [MESSAGE][PASSED] - Text 'Transaction approved, no errors' is present on page  using regular expression

2023-02-15 21:43:16 - [TEST_STEP][PASSED] - println("Transaction Approved, no errors text is present on the Confirmation page"): null

2023-02-15 21:43:16 - [TEST_STEP][PASSED] - sdfo = getText(findTestObject("Object Repository/Page_VLinkReceipt/pre_STX")): Text of object 'Object Repository/Page_VLinkReceipt/pre_STX' is: '<STX>THbPRrXkMzGD                  12126563            0  Transaction approved, no errors                   0                                                                                  N TAS565   <ETX>'

2023-02-15 21:43:17 - [MESSAGE][PASSED] - Text of object 'Object Repository/Page_VLinkReceipt/pre_STX' is: '<STX>THbPRrXkMzGD                  12126563            0  Transaction approved, no errors                   0                                                                                  N TAS565   <ETX>'

2023-02-15 21:43:17 - [TEST_STEP][PASSED] - out.println("sdfo: " + sdfo): null

2023-02-15 21:43:17 - [TEST_STEP][PASSED] - remID = substring(5, 35).trim(): null

2023-02-15 21:43:17 - [TEST_STEP][PASSED] - out.println("remID: " + remID): null

2023-02-15 21:43:17 - [TEST_STEP][PASSED] - traxID = substring(35, 55).trim(): null

2023-02-15 21:43:17 - [TEST_STEP][PASSED] - out.println("traxID: " + traxID): null

2023-02-15 21:43:17 - [TEST_STEP][PASSED] - VLinkSaleRemID = remID: null

2023-02-15 21:43:17 - [TEST_STEP][PASSED] - VLinkSaleTranxID = traxID: null

2023-02-15 21:43:17 - [TEST_STEP][PASSED] - openBrowser(VLinkURL + "CC_credit.html"): Browser is opened with url: 'https://dev-algorithm.govolution.com/vlinktest/QA/version_2_0/CC_credit.html'

2023-02-15 21:43:17 - [MESSAGE][WARNING] - A browser is already opened. Closing browser and opening a new one

2023-02-15 21:43:18 - [MESSAGE][INFO] - Starting 'Chrome' driver

2023-02-15 21:43:18 - [MESSAGE][INFO] - User set preference: ['acceptInsecureCerts', 'true']

2023-02-15 21:43:18 - [MESSAGE][INFO] - Action delay is set to 0 milliseconds

2023-02-15 21:43:19 - [MESSAGE][PASSED] - Browser is opened with url: 'https://dev-algorithm.govolution.com/vlinktest/QA/version_2_0/CC_credit.html'

2023-02-15 21:43:19 - [TEST_STEP][PASSED] - maximizeWindow(): Current window maximized

2023-02-15 21:43:19 - [MESSAGE][PASSED] - Current window maximized

2023-02-15 21:43:19 - [TEST_STEP][PASSED] - setText(findTestObject("Object Repository/RecAndPlayBk/Page-Vlink-CC-Credit/input_Remittance Id"), VLinkSaleRemID): Text 'THbPRrXkMzGD' is set on object 'Object Repository/RecAndPlayBk/Page-Vlink-CC-Credit/input_Remittance Id'

2023-02-15 21:43:20 - [MESSAGE][PASSED] - Text 'THbPRrXkMzGD' is set on object 'Object Repository/RecAndPlayBk/Page-Vlink-CC-Credit/input_Remittance Id'

2023-02-15 21:43:20 - [TEST_STEP][PASSED] - setText(findTestObject("Object Repository/RecAndPlayBk/Page-Vlink-CC-Credit/input_Application Id"), appID): Text '87' is set on object 'Object Repository/RecAndPlayBk/Page-Vlink-CC-Credit/input_Application Id'

2023-02-15 21:43:21 - [MESSAGE][PASSED] - Text '87' is set on object 'Object Repository/RecAndPlayBk/Page-Vlink-CC-Credit/input_Application Id'

2023-02-15 21:43:21 - [TEST_STEP][PASSED] - setText(findTestObject("Object Repository/RecAndPlayBk/Page-Vlink-CC-Credit/input_Username"), username): Text 'username' is set on object 'Object Repository/RecAndPlayBk/Page-Vlink-CC-Credit/input_Username'

2023-02-15 21:43:22 - [MESSAGE][PASSED] - Text 'username' is set on object 'Object Repository/RecAndPlayBk/Page-Vlink-CC-Credit/input_Username'

2023-02-15 21:43:22 - [TEST_STEP][PASSED] - setText(findTestObject("Object Repository/RecAndPlayBk/Page-Vlink-CC-Credit/input_Password"), password): Text 'password' is set on object 'Object Repository/RecAndPlayBk/Page-Vlink-CC-Credit/input_Password'

2023-02-15 21:43:22 - [MESSAGE][PASSED] - Text 'password' is set on object 'Object Repository/RecAndPlayBk/Page-Vlink-CC-Credit/input_Password'

2023-02-15 21:43:22 - [TEST_STEP][PASSED] - setText(findTestObject("Object Repository/RecAndPlayBk/Page-Vlink-CC-Credit/input_Transaction ID"), VLinkSaleTranxID): Text '12126563' is set on object 'Object Repository/RecAndPlayBk/Page-Vlink-CC-Credit/input_Transaction ID'

2023-02-15 21:43:23 - [MESSAGE][PASSED] - Text '12126563' is set on object 'Object Repository/RecAndPlayBk/Page-Vlink-CC-Credit/input_Transaction ID'

2023-02-15 21:43:23 - [TEST_STEP][PASSED] - setText(findTestObject("Object Repository/RecAndPlayBk/Page-Vlink-CC-Credit/input_Amount"), amount): Text '10.5' is set on object 'Object Repository/RecAndPlayBk/Page-Vlink-CC-Credit/input_Amount'

2023-02-15 21:43:24 - [MESSAGE][PASSED] - Text '10.5' is set on object 'Object Repository/RecAndPlayBk/Page-Vlink-CC-Credit/input_Amount'

2023-02-15 21:43:24 - [TEST_STEP][PASSED] - setText(findTestObject("Object Repository/RecAndPlayBk/Page-Vlink-CC-Credit/input_Card number"), ""): Text '' is set on object 'Object Repository/RecAndPlayBk/Page-Vlink-CC-Credit/input_Card number'

2023-02-15 21:43:24 - [MESSAGE][PASSED] - Text '' is set on object 'Object Repository/RecAndPlayBk/Page-Vlink-CC-Credit/input_Card number'

2023-02-15 21:43:24 - [TEST_STEP][PASSED] - setText(findTestObject("Object Repository/RecAndPlayBk/Page-Vlink-CC-Credit/input_Card ex month"), ""): Text '' is set on object 'Object Repository/RecAndPlayBk/Page-Vlink-CC-Credit/input_Card ex month'

2023-02-15 21:43:25 - [MESSAGE][PASSED] - Text '' is set on object 'Object Repository/RecAndPlayBk/Page-Vlink-CC-Credit/input_Card ex month'

2023-02-15 21:43:25 - [TEST_STEP][PASSED] - setText(findTestObject("Object Repository/RecAndPlayBk/Page-Vlink-CC-Credit/input_Card ex year"), ""): Text '' is set on object 'Object Repository/RecAndPlayBk/Page-Vlink-CC-Credit/input_Card ex year'

2023-02-15 21:43:26 - [MESSAGE][PASSED] - Text '' is set on object 'Object Repository/RecAndPlayBk/Page-Vlink-CC-Credit/input_Card ex year'

2023-02-15 21:43:26 - [TEST_STEP][PASSED] - setText(findTestObject("Object Repository/RecAndPlayBk/Page-Vlink-CC-Credit/input_Track Data"), ""): Text '' is set on object 'Object Repository/RecAndPlayBk/Page-Vlink-CC-Credit/input_Track Data'

2023-02-15 21:43:26 - [MESSAGE][PASSED] - Text '' is set on object 'Object Repository/RecAndPlayBk/Page-Vlink-CC-Credit/input_Track Data'

2023-02-15 21:43:26 - [TEST_STEP][PASSED] - setText(findTestObject("Object Repository/RecAndPlayBk/Page-Vlink-CC-Credit/input_Category Code"), category): Text 'ECOM' is set on object 'Object Repository/RecAndPlayBk/Page-Vlink-CC-Credit/input_Category Code'

2023-02-15 21:43:27 - [MESSAGE][PASSED] - Text 'ECOM' is set on object 'Object Repository/RecAndPlayBk/Page-Vlink-CC-Credit/input_Category Code'

2023-02-15 21:43:27 - [TEST_STEP][PASSED] - click(findTestObject("Object Repository/RecAndPlayBk/Page-Vlink-CC-Credit/input")): Object: 'Object Repository/RecAndPlayBk/Page-Vlink-CC-Credit/input' is clicked on

2023-02-15 21:43:29 - [MESSAGE][PASSED] - Object: 'Object Repository/RecAndPlayBk/Page-Vlink-CC-Credit/input' is clicked on

2023-02-15 21:43:29 - [TEST_STEP][PASSED] - if (verifyTextPresent("Transaction approved, no errors", true)): null

2023-02-15 21:43:29 - [MESSAGE][PASSED] - Text 'Transaction approved, no errors' is present on page  using regular expression

2023-02-15 21:43:29 - [TEST_STEP][PASSED] - println("Transaction Approved, no errors text is present on the Confirmation page"): null

2023-02-15 21:43:29 - [TEST_STEP][PASSED] - out.println("Pass Record Number: " + row): null

2023-02-15 21:43:29 - [TEST_STEP][PASSED] - resText = "Pass": null

2023-02-15 21:43:29 - [TEST_STEP][PASSED] - pages.WriteExcel.demoKey(resText, datText, resColumn, datCloumn, fileLoc, nameSheet, row): pages.WriteExcel.demoKey is PASSED

2023-02-15 21:43:29 - [MESSAGE][PASSED] - pages.WriteExcel.demoKey is PASSED

2023-02-15 21:43:29 - [TEST_STEP][PASSED] - ExecuteTC = findTestData(dataFile).getValue("Execute", row): null

2023-02-15 21:43:30 - [TEST_STEP][PASSED] - out.println("Value of Execute is : " + ExecuteTC): null

2023-02-15 21:43:30 - [TEST_STEP][PASSED] - switch (executionProfile): null

2023-02-15 21:43:30 - [TEST_STEP][PASSED] - case "QAProfile":: null

2023-02-15 21:43:30 - [TEST_STEP][PASSED] - appID = findTestData(dataFile).getValue("AppIDQA", row): null

2023-02-15 21:43:30 - [TEST_STEP][PASSED] - username = findTestData(dataFile).getValue("UsernameQA", row): null

2023-02-15 21:43:30 - [TEST_STEP][PASSED] - password = findTestData(dataFile).getValue("PasswordQA", row): null

2023-02-15 21:43:30 - [TEST_STEP][PASSED] - break: null

2023-02-15 21:43:30 - [TEST_STEP][PASSED] - if (ExecuteTC.equalsIgnoreCase("Y")): null

2023-02-15 21:43:30 - [TEST_STEP][PASSED] - out.println("Begin Record Number: " + row): null

2023-02-15 21:43:30 - [TEST_STEP][PASSED] - today = new java.util.Date(): null

2023-02-15 21:43:30 - [TEST_STEP][PASSED] - println(today): null

2023-02-15 21:43:30 - [TEST_STEP][PASSED] - datText = today: null

2023-02-15 21:43:30 - [TEST_STEP][PASSED] - category = findTestData(dataFile).getValue("Category", row): null

2023-02-15 21:43:30 - [TEST_STEP][PASSED] - amount = findTestData(dataFile).getValue("Amount", row): null

2023-02-15 21:43:30 - [TEST_STEP][PASSED] - cardNumber = findTestData(dataFile).getValue("CardNumber", row): null

2023-02-15 21:43:30 - [TEST_STEP][PASSED] - exM = findTestData(dataFile).getValue("ExM", row): null

2023-02-15 21:43:30 - [TEST_STEP][PASSED] - exY = findTestData(dataFile).getValue("ExY", row): null

2023-02-15 21:43:30 - [TEST_STEP][PASSED] - openBrowser(VLinkURL + "authcap.html"): Browser is opened with url: 'https://dev-algorithm.govolution.com/vlinktest/QA/version_2_0/authcap.html'

2023-02-15 21:43:30 - [MESSAGE][WARNING] - A browser is already opened. Closing browser and opening a new one

2023-02-15 21:43:31 - [MESSAGE][INFO] - Starting 'Chrome' driver

2023-02-15 21:43:31 - [MESSAGE][INFO] - User set preference: ['acceptInsecureCerts', 'true']

2023-02-15 21:43:31 - [MESSAGE][INFO] - Action delay is set to 0 milliseconds

2023-02-15 21:43:33 - [MESSAGE][PASSED] - Browser is opened with url: 'https://dev-algorithm.govolution.com/vlinktest/QA/version_2_0/authcap.html'

2023-02-15 21:43:33 - [TEST_STEP][PASSED] - maximizeWindow(): Current window maximized

2023-02-15 21:43:33 - [MESSAGE][PASSED] - Current window maximized

2023-02-15 21:43:33 - [TEST_STEP][PASSED] - maximizeWindow(): Current window maximized

2023-02-15 21:43:33 - [MESSAGE][PASSED] - Current window maximized

2023-02-15 21:43:33 - [TEST_STEP][PASSED] - genRemID = RandomStringUtils.random(12, true, true): null

2023-02-15 21:43:33 - [TEST_STEP][PASSED] - setText(findTestObject("Object Repository/RecAndPlayBk/Page-Vlink-Sale/input_Remittance Id_remittance_id"), genRemID): Text 'RcBquLk1HDly' is set on object 'Object Repository/RecAndPlayBk/Page-Vlink-Sale/input_Remittance Id_remittance_id'

2023-02-15 21:43:34 - [MESSAGE][PASSED] - Text 'RcBquLk1HDly' is set on object 'Object Repository/RecAndPlayBk/Page-Vlink-Sale/input_Remittance Id_remittance_id'

2023-02-15 21:43:34 - [TEST_STEP][PASSED] - setText(findTestObject("Object Repository/RecAndPlayBk/Page-Vlink-Sale/input_Application Id_application_id"), appID): Text '581' is set on object 'Object Repository/RecAndPlayBk/Page-Vlink-Sale/input_Application Id_application_id'

2023-02-15 21:43:34 - [MESSAGE][PASSED] - Text '581' is set on object 'Object Repository/RecAndPlayBk/Page-Vlink-Sale/input_Application Id_application_id'

2023-02-15 21:43:34 - [TEST_STEP][PASSED] - setText(findTestObject("Object Repository/RecAndPlayBk/Page-Vlink-Sale/input_Username_username"), username): Text 'usr581' is set on object 'Object Repository/RecAndPlayBk/Page-Vlink-Sale/input_Username_username'

2023-02-15 21:43:35 - [MESSAGE][PASSED] - Text 'usr581' is set on object 'Object Repository/RecAndPlayBk/Page-Vlink-Sale/input_Username_username'

2023-02-15 21:43:35 - [TEST_STEP][PASSED] - setText(findTestObject("Object Repository/RecAndPlayBk/Page-Vlink-Sale/input_Password_password"), password): Text 'pwd581' is set on object 'Object Repository/RecAndPlayBk/Page-Vlink-Sale/input_Password_password'

2023-02-15 21:43:36 - [MESSAGE][PASSED] - Text 'pwd581' is set on object 'Object Repository/RecAndPlayBk/Page-Vlink-Sale/input_Password_password'

2023-02-15 21:43:36 - [TEST_STEP][PASSED] - setText(findTestObject("Object Repository/RecAndPlayBk/Page-Vlink-Sale/input_Category_category"), category): Text 'ECOM' is set on object 'Object Repository/RecAndPlayBk/Page-Vlink-Sale/input_Category_category'

2023-02-15 21:43:36 - [MESSAGE][PASSED] - Text 'ECOM' is set on object 'Object Repository/RecAndPlayBk/Page-Vlink-Sale/input_Category_category'

2023-02-15 21:43:36 - [TEST_STEP][PASSED] - setText(findTestObject("Object Repository/RecAndPlayBk/Page-Vlink-Sale/input_Amount_amount"), amount): Text '10.5' is set on object 'Object Repository/RecAndPlayBk/Page-Vlink-Sale/input_Amount_amount'

2023-02-15 21:43:37 - [MESSAGE][PASSED] - Text '10.5' is set on object 'Object Repository/RecAndPlayBk/Page-Vlink-Sale/input_Amount_amount'

2023-02-15 21:43:37 - [TEST_STEP][PASSED] - doubleClick(findTestObject("Object Repository/RecAndPlayBk/Page-Vlink-Sale/input_Card number_card_number")): Object: 'Object Repository/RecAndPlayBk/Page-Vlink-Sale/input_Card number_card_number' is double clicked on

2023-02-15 21:43:37 - [MESSAGE][PASSED] - Object: 'Object Repository/RecAndPlayBk/Page-Vlink-Sale/input_Card number_card_number' is double clicked on

2023-02-15 21:43:37 - [TEST_STEP][PASSED] - setText(findTestObject("Object Repository/RecAndPlayBk/Page-Vlink-Sale/input_Card number_card_number"), cardNumber): Text '5146312200000035' is set on object 'Object Repository/RecAndPlayBk/Page-Vlink-Sale/input_Card number_card_number'

2023-02-15 21:43:38 - [MESSAGE][PASSED] - Text '5146312200000035' is set on object 'Object Repository/RecAndPlayBk/Page-Vlink-Sale/input_Card number_card_number'

2023-02-15 21:43:38 - [TEST_STEP][PASSED] - setText(findTestObject("Object Repository/RecAndPlayBk/Page-Vlink-Sale/input_Card ex month_card_exmo"), exM): Text '12' is set on object 'Object Repository/RecAndPlayBk/Page-Vlink-Sale/input_Card ex month_card_exmo'

2023-02-15 21:43:38 - [MESSAGE][PASSED] - Text '12' is set on object 'Object Repository/RecAndPlayBk/Page-Vlink-Sale/input_Card ex month_card_exmo'

2023-02-15 21:43:38 - [TEST_STEP][PASSED] - setText(findTestObject("Object Repository/RecAndPlayBk/Page-Vlink-Sale/input_Card ex year_card_exyr"), exY): Text '2029' is set on object 'Object Repository/RecAndPlayBk/Page-Vlink-Sale/input_Card ex year_card_exyr'

2023-02-15 21:43:39 - [MESSAGE][PASSED] - Text '2029' is set on object 'Object Repository/RecAndPlayBk/Page-Vlink-Sale/input_Card ex year_card_exyr'

2023-02-15 21:43:39 - [TEST_STEP][PASSED] - click(findTestObject("Object Repository/RecAndPlayBk/Page-Vlink-Sale/input_Track Data_track_data")): Object: 'Object Repository/RecAndPlayBk/Page-Vlink-Sale/input_Track Data_track_data' is clicked on

2023-02-15 21:43:39 - [MESSAGE][PASSED] - Object: 'Object Repository/RecAndPlayBk/Page-Vlink-Sale/input_Track Data_track_data' is clicked on

2023-02-15 21:43:39 - [TEST_STEP][PASSED] - click(findTestObject("Object Repository/RecAndPlayBk/Page-Vlink-Sale/input_CVV state_cvv_state")): Object: 'Object Repository/RecAndPlayBk/Page-Vlink-Sale/input_CVV state_cvv_state' is clicked on

2023-02-15 21:43:40 - [MESSAGE][PASSED] - Object: 'Object Repository/RecAndPlayBk/Page-Vlink-Sale/input_CVV state_cvv_state' is clicked on

2023-02-15 21:43:40 - [TEST_STEP][PASSED] - setText(findTestObject("Object Repository/RecAndPlayBk/Page-Vlink-Sale/input_Track Data_track_data"), ""): Text '' is set on object 'Object Repository/RecAndPlayBk/Page-Vlink-Sale/input_Track Data_track_data'

2023-02-15 21:43:40 - [MESSAGE][PASSED] - Text '' is set on object 'Object Repository/RecAndPlayBk/Page-Vlink-Sale/input_Track Data_track_data'

2023-02-15 21:43:40 - [TEST_STEP][PASSED] - setText(findTestObject("Object Repository/RecAndPlayBk/Page-Vlink-Sale/input_concat(Cardholder, , s email)_email"), ""): Text '' is set on object 'Object Repository/RecAndPlayBk/Page-Vlink-Sale/input_concat(Cardholder, , s email)_email'

2023-02-15 21:43:41 - [MESSAGE][PASSED] - Text '' is set on object 'Object Repository/RecAndPlayBk/Page-Vlink-Sale/input_concat(Cardholder, , s email)_email'

2023-02-15 21:43:41 - [TEST_STEP][PASSED] - click(findTestObject("Object Repository/RecAndPlayBk/Page-Vlink-Sale/input_user_defined10_user_defined10")): Object: 'Object Repository/RecAndPlayBk/Page-Vlink-Sale/input_user_defined10_user_defined10' is clicked on

2023-02-15 21:43:41 - [MESSAGE][PASSED] - Object: 'Object Repository/RecAndPlayBk/Page-Vlink-Sale/input_user_defined10_user_defined10' is clicked on

2023-02-15 21:43:41 - [TEST_STEP][PASSED] - if (executionProfile.equalsIgnoreCase("QAProfile") || executionProfile.equalsIgnoreCase("DemoProfile")): Text '' is set on object 'Object Repository/RecAndPlayBk/Page-Vlink-Sale/input_COF Transaction Initiated by_cof_tran_6cded5'

2023-02-15 21:43:41 - [TEST_STEP][PASSED] - setText(findTestObject("Object Repository/RecAndPlayBk/Page-Vlink-Sale/input_Card on File Indicator_card_on_file_i_157dae"), ""): Text '' is set on object 'Object Repository/RecAndPlayBk/Page-Vlink-Sale/input_Card on File Indicator_card_on_file_i_157dae'

2023-02-15 21:43:42 - [MESSAGE][PASSED] - Text '' is set on object 'Object Repository/RecAndPlayBk/Page-Vlink-Sale/input_Card on File Indicator_card_on_file_i_157dae'

2023-02-15 21:43:42 - [TEST_STEP][PASSED] - setText(findTestObject("Object Repository/RecAndPlayBk/Page-Vlink-Sale/input_Stored Credential Indicator_stored_cr_4ae73c"), ""): Text '' is set on object 'Object Repository/RecAndPlayBk/Page-Vlink-Sale/input_Stored Credential Indicator_stored_cr_4ae73c'

2023-02-15 21:43:43 - [MESSAGE][PASSED] - Text '' is set on object 'Object Repository/RecAndPlayBk/Page-Vlink-Sale/input_Stored Credential Indicator_stored_cr_4ae73c'

2023-02-15 21:43:43 - [TEST_STEP][PASSED] - setText(findTestObject("Object Repository/RecAndPlayBk/Page-Vlink-Sale/input_COF Scheduled indicator_cof_scheduled_8df7d8"), ""): Text '' is set on object 'Object Repository/RecAndPlayBk/Page-Vlink-Sale/input_COF Scheduled indicator_cof_scheduled_8df7d8'

2023-02-15 21:43:43 - [MESSAGE][PASSED] - Text '' is set on object 'Object Repository/RecAndPlayBk/Page-Vlink-Sale/input_COF Scheduled indicator_cof_scheduled_8df7d8'

2023-02-15 21:43:43 - [TEST_STEP][PASSED] - setText(findTestObject("Object Repository/RecAndPlayBk/Page-Vlink-Sale/input_COF Transaction Initiated by_cof_tran_6cded5"), ""): Text '' is set on object 'Object Repository/RecAndPlayBk/Page-Vlink-Sale/input_COF Transaction Initiated by_cof_tran_6cded5'

2023-02-15 21:43:44 - [MESSAGE][PASSED] - Text '' is set on object 'Object Repository/RecAndPlayBk/Page-Vlink-Sale/input_COF Transaction Initiated by_cof_tran_6cded5'

2023-02-15 21:43:44 - [TEST_STEP][PASSED] - click(findTestObject("Object Repository/RecAndPlayBk/Page-Vlink-Sale/input")): Object: 'Object Repository/RecAndPlayBk/Page-Vlink-Sale/input' is clicked on

2023-02-15 21:43:45 - [MESSAGE][PASSED] - Object: 'Object Repository/RecAndPlayBk/Page-Vlink-Sale/input' is clicked on

2023-02-15 21:43:45 - [TEST_STEP][PASSED] - if (verifyTextPresent("Transaction approved, no errors", true)): null

2023-02-15 21:43:45 - [MESSAGE][PASSED] - Text 'Transaction approved, no errors' is present on page  using regular expression

2023-02-15 21:43:45 - [TEST_STEP][PASSED] - println("Transaction Approved, no errors text is present on the Confirmation page"): null

2023-02-15 21:43:45 - [TEST_STEP][PASSED] - sdfo = getText(findTestObject("Object Repository/Page_VLinkReceipt/pre_STX")): Text of object 'Object Repository/Page_VLinkReceipt/pre_STX' is: '<STX>RcBquLk1HDly                  12126565            0  Transaction approved, no errors                   0                                                                                  Y 000042   <ETX>'

2023-02-15 21:43:46 - [MESSAGE][PASSED] - Text of object 'Object Repository/Page_VLinkReceipt/pre_STX' is: '<STX>RcBquLk1HDly                  12126565            0  Transaction approved, no errors                   0                                                                                  Y 000042   <ETX>'

2023-02-15 21:43:46 - [TEST_STEP][PASSED] - out.println("sdfo: " + sdfo): null

2023-02-15 21:43:46 - [TEST_STEP][PASSED] - remID = substring(5, 35).trim(): null

2023-02-15 21:43:46 - [TEST_STEP][PASSED] - out.println("remID: " + remID): null

2023-02-15 21:43:46 - [TEST_STEP][PASSED] - traxID = substring(35, 55).trim(): null

2023-02-15 21:43:46 - [TEST_STEP][PASSED] - out.println("traxID: " + traxID): null

2023-02-15 21:43:46 - [TEST_STEP][PASSED] - VLinkSaleRemID = remID: null

2023-02-15 21:43:46 - [TEST_STEP][PASSED] - VLinkSaleTranxID = traxID: null

2023-02-15 21:43:46 - [TEST_STEP][PASSED] - openBrowser(VLinkURL + "CC_credit.html"): Browser is opened with url: 'https://dev-algorithm.govolution.com/vlinktest/QA/version_2_0/CC_credit.html'

2023-02-15 21:43:46 - [MESSAGE][WARNING] - A browser is already opened. Closing browser and opening a new one

2023-02-15 21:43:47 - [MESSAGE][INFO] - Starting 'Chrome' driver

2023-02-15 21:43:47 - [MESSAGE][INFO] - User set preference: ['acceptInsecureCerts', 'true']

2023-02-15 21:43:47 - [MESSAGE][INFO] - Action delay is set to 0 milliseconds

2023-02-15 21:43:48 - [MESSAGE][PASSED] - Browser is opened with url: 'https://dev-algorithm.govolution.com/vlinktest/QA/version_2_0/CC_credit.html'

2023-02-15 21:43:48 - [TEST_STEP][PASSED] - maximizeWindow(): Current window maximized

2023-02-15 21:43:48 - [MESSAGE][PASSED] - Current window maximized

2023-02-15 21:43:48 - [TEST_STEP][PASSED] - setText(findTestObject("Object Repository/RecAndPlayBk/Page-Vlink-CC-Credit/input_Remittance Id"), VLinkSaleRemID): Text 'RcBquLk1HDly' is set on object 'Object Repository/RecAndPlayBk/Page-Vlink-CC-Credit/input_Remittance Id'

2023-02-15 21:43:49 - [MESSAGE][PASSED] - Text 'RcBquLk1HDly' is set on object 'Object Repository/RecAndPlayBk/Page-Vlink-CC-Credit/input_Remittance Id'

2023-02-15 21:43:49 - [TEST_STEP][PASSED] - setText(findTestObject("Object Repository/RecAndPlayBk/Page-Vlink-CC-Credit/input_Application Id"), appID): Text '581' is set on object 'Object Repository/RecAndPlayBk/Page-Vlink-CC-Credit/input_Application Id'

2023-02-15 21:43:50 - [MESSAGE][PASSED] - Text '581' is set on object 'Object Repository/RecAndPlayBk/Page-Vlink-CC-Credit/input_Application Id'

2023-02-15 21:43:50 - [TEST_STEP][PASSED] - setText(findTestObject("Object Repository/RecAndPlayBk/Page-Vlink-CC-Credit/input_Username"), username): Text 'usr581' is set on object 'Object Repository/RecAndPlayBk/Page-Vlink-CC-Credit/input_Username'

2023-02-15 21:43:50 - [MESSAGE][PASSED] - Text 'usr581' is set on object 'Object Repository/RecAndPlayBk/Page-Vlink-CC-Credit/input_Username'

2023-02-15 21:43:50 - [TEST_STEP][PASSED] - setText(findTestObject("Object Repository/RecAndPlayBk/Page-Vlink-CC-Credit/input_Password"), password): Text 'pwd581' is set on object 'Object Repository/RecAndPlayBk/Page-Vlink-CC-Credit/input_Password'

2023-02-15 21:43:51 - [MESSAGE][PASSED] - Text 'pwd581' is set on object 'Object Repository/RecAndPlayBk/Page-Vlink-CC-Credit/input_Password'

2023-02-15 21:43:51 - [TEST_STEP][PASSED] - setText(findTestObject("Object Repository/RecAndPlayBk/Page-Vlink-CC-Credit/input_Transaction ID"), VLinkSaleTranxID): Text '12126565' is set on object 'Object Repository/RecAndPlayBk/Page-Vlink-CC-Credit/input_Transaction ID'

2023-02-15 21:43:52 - [MESSAGE][PASSED] - Text '12126565' is set on object 'Object Repository/RecAndPlayBk/Page-Vlink-CC-Credit/input_Transaction ID'

2023-02-15 21:43:52 - [TEST_STEP][PASSED] - setText(findTestObject("Object Repository/RecAndPlayBk/Page-Vlink-CC-Credit/input_Amount"), amount): Text '10.5' is set on object 'Object Repository/RecAndPlayBk/Page-Vlink-CC-Credit/input_Amount'

2023-02-15 21:43:52 - [MESSAGE][PASSED] - Text '10.5' is set on object 'Object Repository/RecAndPlayBk/Page-Vlink-CC-Credit/input_Amount'

2023-02-15 21:43:52 - [TEST_STEP][PASSED] - setText(findTestObject("Object Repository/RecAndPlayBk/Page-Vlink-CC-Credit/input_Card number"), ""): Text '' is set on object 'Object Repository/RecAndPlayBk/Page-Vlink-CC-Credit/input_Card number'

2023-02-15 21:43:53 - [MESSAGE][PASSED] - Text '' is set on object 'Object Repository/RecAndPlayBk/Page-Vlink-CC-Credit/input_Card number'

2023-02-15 21:43:53 - [TEST_STEP][PASSED] - setText(findTestObject("Object Repository/RecAndPlayBk/Page-Vlink-CC-Credit/input_Card ex month"), ""): Text '' is set on object 'Object Repository/RecAndPlayBk/Page-Vlink-CC-Credit/input_Card ex month'

2023-02-15 21:43:53 - [MESSAGE][PASSED] - Text '' is set on object 'Object Repository/RecAndPlayBk/Page-Vlink-CC-Credit/input_Card ex month'

2023-02-15 21:43:53 - [TEST_STEP][PASSED] - setText(findTestObject("Object Repository/RecAndPlayBk/Page-Vlink-CC-Credit/input_Card ex year"), ""): Text '' is set on object 'Object Repository/RecAndPlayBk/Page-Vlink-CC-Credit/input_Card ex year'

2023-02-15 21:43:54 - [MESSAGE][PASSED] - Text '' is set on object 'Object Repository/RecAndPlayBk/Page-Vlink-CC-Credit/input_Card ex year'

2023-02-15 21:43:54 - [TEST_STEP][PASSED] - setText(findTestObject("Object Repository/RecAndPlayBk/Page-Vlink-CC-Credit/input_Track Data"), ""): Text '' is set on object 'Object Repository/RecAndPlayBk/Page-Vlink-CC-Credit/input_Track Data'

2023-02-15 21:43:55 - [MESSAGE][PASSED] - Text '' is set on object 'Object Repository/RecAndPlayBk/Page-Vlink-CC-Credit/input_Track Data'

2023-02-15 21:43:55 - [TEST_STEP][PASSED] - setText(findTestObject("Object Repository/RecAndPlayBk/Page-Vlink-CC-Credit/input_Category Code"), category): Text 'ECOM' is set on object 'Object Repository/RecAndPlayBk/Page-Vlink-CC-Credit/input_Category Code'

2023-02-15 21:43:55 - [MESSAGE][PASSED] - Text 'ECOM' is set on object 'Object Repository/RecAndPlayBk/Page-Vlink-CC-Credit/input_Category Code'

2023-02-15 21:43:55 - [TEST_STEP][PASSED] - click(findTestObject("Object Repository/RecAndPlayBk/Page-Vlink-CC-Credit/input")): Object: 'Object Repository/RecAndPlayBk/Page-Vlink-CC-Credit/input' is clicked on

2023-02-15 21:43:57 - [MESSAGE][PASSED] - Object: 'Object Repository/RecAndPlayBk/Page-Vlink-CC-Credit/input' is clicked on

2023-02-15 21:43:57 - [TEST_STEP][PASSED] - if (verifyTextPresent("Transaction approved, no errors", true)): null

2023-02-15 21:43:57 - [MESSAGE][PASSED] - Text 'Transaction approved, no errors' is present on page  using regular expression

2023-02-15 21:43:57 - [TEST_STEP][PASSED] - println("Transaction Approved, no errors text is present on the Confirmation page"): null

2023-02-15 21:43:57 - [TEST_STEP][PASSED] - out.println("Pass Record Number: " + row): null

2023-02-15 21:43:57 - [TEST_STEP][PASSED] - resText = "Pass": null

2023-02-15 21:43:57 - [TEST_STEP][PASSED] - pages.WriteExcel.demoKey(resText, datText, resColumn, datCloumn, fileLoc, nameSheet, row): pages.WriteExcel.demoKey is PASSED

2023-02-15 21:43:57 - [MESSAGE][PASSED] - pages.WriteExcel.demoKey is PASSED]]></system-out>
         <system-err><![CDATA[2023-02-15 21:41:48 - [TEST_CASE][FAILED] - Test Cases/RecAndPlayBk/VLink/Sale-Credit: Test Cases/RecAndPlayBk/VLink/Sale-Credit FAILED.
Reason:
com.kms.katalon.core.exception.StepFailedException: Text 'Transaction approved, no errors' is not present on page  using regular expression (Root cause: com.kms.katalon.core.exception.StepFailedException: Text 'Transaction approved, no errors' is not present on page  using regular expression
	at com.kms.katalon.core.webui.keyword.internal.WebUIKeywordMain.stepFailed(WebUIKeywordMain.groovy:64)
	at com.kms.katalon.core.webui.keyword.builtin.VerifyTextPresentKeyword$_verifyTextPresent_closure1.doCall(VerifyTextPresentKeyword.groovy:79)
	at com.kms.katalon.core.webui.keyword.builtin.VerifyTextPresentKeyword$_verifyTextPresent_closure1.call(VerifyTextPresentKeyword.groovy)
	at com.kms.katalon.core.webui.keyword.internal.WebUIKeywordMain.runKeyword(WebUIKeywordMain.groovy:20)
	at com.kms.katalon.core.webui.keyword.builtin.VerifyTextPresentKeyword.verifyTextPresent(VerifyTextPresentKeyword.groovy:83)
	at com.kms.katalon.core.webui.keyword.builtin.VerifyTextPresentKeyword.execute(VerifyTextPresentKeyword.groovy:68)
	at com.kms.katalon.core.keyword.internal.KeywordExecutor.executeKeywordForPlatform(KeywordExecutor.groovy:74)
	at com.kms.katalon.core.webui.keyword.WebUiBuiltInKeywords.verifyTextPresent(WebUiBuiltInKeywords.groovy:1723)
	at com.kms.katalon.core.webui.keyword.WebUiBuiltInKeywords$verifyTextPresent$4.call(Unknown Source)
	at Sale-Credit.run(Sale-Credit:155)
	at com.kms.katalon.core.main.ScriptEngine.run(ScriptEngine.java:194)
	at com.kms.katalon.core.main.ScriptEngine.runScriptAsRawText(ScriptEngine.java:119)
	at com.kms.katalon.core.main.TestCaseExecutor.runScript(TestCaseExecutor.java:442)
	at com.kms.katalon.core.main.TestCaseExecutor.doExecute(TestCaseExecutor.java:433)
	at com.kms.katalon.core.main.TestCaseExecutor.processExecutionPhase(TestCaseExecutor.java:412)
	at com.kms.katalon.core.main.TestCaseExecutor.accessMainPhase(TestCaseExecutor.java:404)
	at com.kms.katalon.core.main.TestCaseExecutor.execute(TestCaseExecutor.java:281)
	at com.kms.katalon.core.main.TestSuiteExecutor.accessTestCaseMainPhase(TestSuiteExecutor.java:202)
	at com.kms.katalon.core.main.TestSuiteExecutor.accessTestSuiteMainPhase(TestSuiteExecutor.java:164)
	at com.kms.katalon.core.main.TestSuiteExecutor.execute(TestSuiteExecutor.java:105)
	at com.kms.katalon.core.main.TestCaseMain.startTestSuite(TestCaseMain.java:185)
	at com.kms.katalon.core.main.TestCaseMain$startTestSuite$0.call(Unknown Source)
	at TempTestSuite1676514794135.run(TempTestSuite1676514794135.groovy:36)
)
	at com.kms.katalon.core.keyword.internal.KeywordMain.stepFailed(KeywordMain.groovy:39)
	at com.kms.katalon.core.webui.keyword.internal.WebUIKeywordMain.stepFailed(WebUIKeywordMain.groovy:64)
	at com.kms.katalon.core.webui.keyword.builtin.VerifyTextPresentKeyword$_verifyTextPresent_closure1.doCall(VerifyTextPresentKeyword.groovy:79)
	at com.kms.katalon.core.webui.keyword.builtin.VerifyTextPresentKeyword$_verifyTextPresent_closure1.call(VerifyTextPresentKeyword.groovy)
	at com.kms.katalon.core.webui.keyword.internal.WebUIKeywordMain.runKeyword(WebUIKeywordMain.groovy:20)
	at com.kms.katalon.core.webui.keyword.builtin.VerifyTextPresentKeyword.verifyTextPresent(VerifyTextPresentKeyword.groovy:83)
	at com.kms.katalon.core.webui.keyword.builtin.VerifyTextPresentKeyword.execute(VerifyTextPresentKeyword.groovy:68)
	at com.kms.katalon.core.keyword.internal.KeywordExecutor.executeKeywordForPlatform(KeywordExecutor.groovy:74)
	at com.kms.katalon.core.webui.keyword.WebUiBuiltInKeywords.verifyTextPresent(WebUiBuiltInKeywords.groovy:1723)
	at com.kms.katalon.core.webui.keyword.WebUiBuiltInKeywords$verifyTextPresent$4.call(Unknown Source)
	at Sale-Credit.run(Sale-Credit:155)
	at com.kms.katalon.core.main.ScriptEngine.run(ScriptEngine.java:194)
	at com.kms.katalon.core.main.ScriptEngine.runScriptAsRawText(ScriptEngine.java:119)
	at com.kms.katalon.core.main.TestCaseExecutor.runScript(TestCaseExecutor.java:442)
	at com.kms.katalon.core.main.TestCaseExecutor.doExecute(TestCaseExecutor.java:433)
	at com.kms.katalon.core.main.TestCaseExecutor.processExecutionPhase(TestCaseExecutor.java:412)
	at com.kms.katalon.core.main.TestCaseExecutor.accessMainPhase(TestCaseExecutor.java:404)
	at com.kms.katalon.core.main.TestCaseExecutor.execute(TestCaseExecutor.java:281)
	at com.kms.katalon.core.main.TestSuiteExecutor.accessTestCaseMainPhase(TestSuiteExecutor.java:202)
	at com.kms.katalon.core.main.TestSuiteExecutor.accessTestSuiteMainPhase(TestSuiteExecutor.java:164)
	at com.kms.katalon.core.main.TestSuiteExecutor.execute(TestSuiteExecutor.java:105)
	at com.kms.katalon.core.main.TestCaseMain.startTestSuite(TestCaseMain.java:185)
	at com.kms.katalon.core.main.TestCaseMain$startTestSuite$0.call(Unknown Source)
	at TempTestSuite1676514794135.run(TempTestSuite1676514794135.groovy:36)
Caused by: com.kms.katalon.core.exception.StepFailedException: Text 'Transaction approved, no errors' is not present on page  using regular expression
	... 23 more]]></system-err>
      </testcase>
      <testcase name="Test Cases/RecAndPlayBk/VLink/Sale-Unencrypted" time="48.056" classname="Test Cases/RecAndPlayBk/VLink/Sale-Unencrypted" status="PASSED">
         <system-out><![CDATA[2023-02-15 21:43:57 - [TEST_CASE][PASSED] - Test Cases/RecAndPlayBk/VLink/Sale-Unencrypted: Test Cases/RecAndPlayBk/VLink/Sale-Unencrypted

2023-02-15 21:43:58 - [TEST_STEP][PASSED] - executionProfile = getExecutionProfile(): null

2023-02-15 21:43:58 - [TEST_STEP][PASSED] - out.println("executionProfile : " + executionProfile): null

2023-02-15 21:43:58 - [TEST_STEP][PASSED] - appName = <not implemented yet for class: org.codehaus.groovy.ast.expr.EmptyExpression>: null

2023-02-15 21:43:58 - [TEST_STEP][PASSED] - appID = <not implemented yet for class: org.codehaus.groovy.ast.expr.EmptyExpression>: null

2023-02-15 21:43:58 - [TEST_STEP][PASSED] - username = <not implemented yet for class: org.codehaus.groovy.ast.expr.EmptyExpression>: null

2023-02-15 21:43:58 - [TEST_STEP][PASSED] - password = <not implemented yet for class: org.codehaus.groovy.ast.expr.EmptyExpression>: null

2023-02-15 21:43:58 - [TEST_STEP][PASSED] - cardNameV = <not implemented yet for class: org.codehaus.groovy.ast.expr.EmptyExpression>: null

2023-02-15 21:43:58 - [TEST_STEP][PASSED] - al1V = <not implemented yet for class: org.codehaus.groovy.ast.expr.EmptyExpression>: null

2023-02-15 21:43:58 - [TEST_STEP][PASSED] - al2V = <not implemented yet for class: org.codehaus.groovy.ast.expr.EmptyExpression>: null

2023-02-15 21:43:58 - [TEST_STEP][PASSED] - zipV = <not implemented yet for class: org.codehaus.groovy.ast.expr.EmptyExpression>: null

2023-02-15 21:43:58 - [TEST_STEP][PASSED] - cardTypeV = <not implemented yet for class: org.codehaus.groovy.ast.expr.EmptyExpression>: null

2023-02-15 21:43:58 - [TEST_STEP][PASSED] - last4V = <not implemented yet for class: org.codehaus.groovy.ast.expr.EmptyExpression>: null

2023-02-15 21:43:58 - [TEST_STEP][PASSED] - trackData = <not implemented yet for class: org.codehaus.groovy.ast.expr.EmptyExpression>: null

2023-02-15 21:43:58 - [TEST_STEP][PASSED] - resText = "Fail": null

2023-02-15 21:43:58 - [TEST_STEP][PASSED] - resColumn = "Result": null

2023-02-15 21:43:58 - [TEST_STEP][PASSED] - datCloumn = "Date": null

2023-02-15 21:43:58 - [TEST_STEP][PASSED] - fileLoc = "KatalonData/VLinkSmokeData.xlsx": null

2023-02-15 21:43:58 - [TEST_STEP][PASSED] - numOfRows = <not implemented yet for class: org.codehaus.groovy.ast.expr.EmptyExpression>: null

2023-02-15 21:43:58 - [TEST_STEP][PASSED] - dataFile = <not implemented yet for class: org.codehaus.groovy.ast.expr.EmptyExpression>: null

2023-02-15 21:43:58 - [TEST_STEP][PASSED] - nameSheet = <not implemented yet for class: org.codehaus.groovy.ast.expr.EmptyExpression>: null

2023-02-15 21:43:58 - [TEST_STEP][PASSED] - nameSheet = "Sale-Unencrypted": null

2023-02-15 21:43:58 - [TEST_STEP][PASSED] - numOfRows = findTestData("QA/VLinkTestData/VLinkSaleUnencryptedData").getRowNumbers(): null

2023-02-15 21:43:58 - [TEST_STEP][PASSED] - println("Number of Records: " + numOfRows): null

2023-02-15 21:43:58 - [TEST_STEP][PASSED] - dataFile = "QA/VLinkTestData/VLinkSaleUnencryptedData": null

2023-02-15 21:43:58 - [TEST_STEP][PASSED] - for ([row = 1, row <= numOfRows, (row++)]): null

2023-02-15 21:43:58 - [TEST_STEP][PASSED] - ExecuteTC = findTestData(dataFile).getValue("Execute", row): null

2023-02-15 21:43:58 - [TEST_STEP][PASSED] - out.println("Value of Execute is : " + ExecuteTC): null

2023-02-15 21:43:58 - [TEST_STEP][PASSED] - switch (executionProfile): null

2023-02-15 21:43:58 - [TEST_STEP][PASSED] - case "QAProfile":: null

2023-02-15 21:43:58 - [TEST_STEP][PASSED] - appID = findTestData(dataFile).getValue("AppIDQA", row): null

2023-02-15 21:43:58 - [TEST_STEP][PASSED] - username = findTestData(dataFile).getValue("UsernameQA", row): null

2023-02-15 21:43:58 - [TEST_STEP][PASSED] - password = findTestData(dataFile).getValue("PasswordQA", row): null

2023-02-15 21:43:58 - [TEST_STEP][PASSED] - break: null

2023-02-15 21:43:58 - [TEST_STEP][PASSED] - if (ExecuteTC.equalsIgnoreCase("Y")): null

2023-02-15 21:43:58 - [TEST_STEP][PASSED] - out.println("Begin Record Number: " + row): null

2023-02-15 21:43:58 - [TEST_STEP][PASSED] - today = new java.util.Date(): null

2023-02-15 21:43:58 - [TEST_STEP][PASSED] - println(today): null

2023-02-15 21:43:58 - [TEST_STEP][PASSED] - datText = today: null

2023-02-15 21:43:58 - [TEST_STEP][PASSED] - category = findTestData(dataFile).getValue("Category", row): null

2023-02-15 21:43:58 - [TEST_STEP][PASSED] - amount = findTestData(dataFile).getValue("Amount", row): null

2023-02-15 21:43:58 - [TEST_STEP][PASSED] - trackData = findTestData(dataFile).getValue("TrackData", row): null

2023-02-15 21:43:58 - [TEST_STEP][PASSED] - openBrowser(VLinkURL + "authcap.html"): Browser is opened with url: 'https://dev-algorithm.govolution.com/vlinktest/QA/version_2_0/authcap.html'

2023-02-15 21:43:58 - [MESSAGE][WARNING] - A browser is already opened. Closing browser and opening a new one

2023-02-15 21:43:59 - [MESSAGE][INFO] - Starting 'Chrome' driver

2023-02-15 21:43:59 - [MESSAGE][INFO] - User set preference: ['acceptInsecureCerts', 'true']

2023-02-15 21:43:59 - [MESSAGE][INFO] - Action delay is set to 0 milliseconds

2023-02-15 21:44:01 - [MESSAGE][PASSED] - Browser is opened with url: 'https://dev-algorithm.govolution.com/vlinktest/QA/version_2_0/authcap.html'

2023-02-15 21:44:01 - [TEST_STEP][PASSED] - maximizeWindow(): Current window maximized

2023-02-15 21:44:01 - [MESSAGE][PASSED] - Current window maximized

2023-02-15 21:44:01 - [TEST_STEP][PASSED] - maximizeWindow(): Current window maximized

2023-02-15 21:44:01 - [MESSAGE][PASSED] - Current window maximized

2023-02-15 21:44:01 - [TEST_STEP][PASSED] - genRemID = RandomStringUtils.random(12, true, true): null

2023-02-15 21:44:01 - [TEST_STEP][PASSED] - setText(findTestObject("Object Repository/RecAndPlayBk/Page-Vlink-Sale/input_Remittance Id_remittance_id"), genRemID): Text 'KEyLu5F91sGS' is set on object 'Object Repository/RecAndPlayBk/Page-Vlink-Sale/input_Remittance Id_remittance_id'

2023-02-15 21:44:02 - [MESSAGE][PASSED] - Text 'KEyLu5F91sGS' is set on object 'Object Repository/RecAndPlayBk/Page-Vlink-Sale/input_Remittance Id_remittance_id'

2023-02-15 21:44:02 - [TEST_STEP][PASSED] - setText(findTestObject("Object Repository/RecAndPlayBk/Page-Vlink-Sale/input_Application Id_application_id"), appID): Text '234' is set on object 'Object Repository/RecAndPlayBk/Page-Vlink-Sale/input_Application Id_application_id'

2023-02-15 21:44:03 - [MESSAGE][PASSED] - Text '234' is set on object 'Object Repository/RecAndPlayBk/Page-Vlink-Sale/input_Application Id_application_id'

2023-02-15 21:44:03 - [TEST_STEP][PASSED] - setText(findTestObject("Object Repository/RecAndPlayBk/Page-Vlink-Sale/input_Username_username"), username): Text 'username' is set on object 'Object Repository/RecAndPlayBk/Page-Vlink-Sale/input_Username_username'

2023-02-15 21:44:03 - [MESSAGE][PASSED] - Text 'username' is set on object 'Object Repository/RecAndPlayBk/Page-Vlink-Sale/input_Username_username'

2023-02-15 21:44:03 - [TEST_STEP][PASSED] - setText(findTestObject("Object Repository/RecAndPlayBk/Page-Vlink-Sale/input_Password_password"), password): Text 'password' is set on object 'Object Repository/RecAndPlayBk/Page-Vlink-Sale/input_Password_password'

2023-02-15 21:44:04 - [MESSAGE][PASSED] - Text 'password' is set on object 'Object Repository/RecAndPlayBk/Page-Vlink-Sale/input_Password_password'

2023-02-15 21:44:04 - [TEST_STEP][PASSED] - setText(findTestObject("Object Repository/RecAndPlayBk/Page-Vlink-Sale/input_Category_category"), category): Text 'RETL' is set on object 'Object Repository/RecAndPlayBk/Page-Vlink-Sale/input_Category_category'

2023-02-15 21:44:04 - [MESSAGE][PASSED] - Text 'RETL' is set on object 'Object Repository/RecAndPlayBk/Page-Vlink-Sale/input_Category_category'

2023-02-15 21:44:04 - [TEST_STEP][PASSED] - setText(findTestObject("Object Repository/RecAndPlayBk/Page-Vlink-Sale/input_Amount_amount"), amount): Text '10.5' is set on object 'Object Repository/RecAndPlayBk/Page-Vlink-Sale/input_Amount_amount'

2023-02-15 21:44:05 - [MESSAGE][PASSED] - Text '10.5' is set on object 'Object Repository/RecAndPlayBk/Page-Vlink-Sale/input_Amount_amount'

2023-02-15 21:44:05 - [TEST_STEP][PASSED] - setText(findTestObject("Object Repository/RecAndPlayBk/Page-Vlink-Sale/input_Card number_card_number"), ""): Text '' is set on object 'Object Repository/RecAndPlayBk/Page-Vlink-Sale/input_Card number_card_number'

2023-02-15 21:44:06 - [MESSAGE][PASSED] - Text '' is set on object 'Object Repository/RecAndPlayBk/Page-Vlink-Sale/input_Card number_card_number'

2023-02-15 21:44:06 - [TEST_STEP][PASSED] - setText(findTestObject("Object Repository/RecAndPlayBk/Page-Vlink-Sale/input_Card ex month_card_exmo"), ""): Text '' is set on object 'Object Repository/RecAndPlayBk/Page-Vlink-Sale/input_Card ex month_card_exmo'

2023-02-15 21:44:06 - [MESSAGE][PASSED] - Text '' is set on object 'Object Repository/RecAndPlayBk/Page-Vlink-Sale/input_Card ex month_card_exmo'

2023-02-15 21:44:06 - [TEST_STEP][PASSED] - setText(findTestObject("Object Repository/RecAndPlayBk/Page-Vlink-Sale/input_Card ex year_card_exyr"), ""): Text '' is set on object 'Object Repository/RecAndPlayBk/Page-Vlink-Sale/input_Card ex year_card_exyr'

2023-02-15 21:44:07 - [MESSAGE][PASSED] - Text '' is set on object 'Object Repository/RecAndPlayBk/Page-Vlink-Sale/input_Card ex year_card_exyr'

2023-02-15 21:44:07 - [TEST_STEP][PASSED] - setText(findTestObject("Object Repository/RecAndPlayBk/Page-Vlink-Sale/input_Track Data_track_data"), trackData): Text '%B5567080011582646^AHMED/IMTIAZ              ^2303201090200000000000354000015?;5567080011582646=23032010902035400015?' is set on object 'Object Repository/RecAndPlayBk/Page-Vlink-Sale/input_Track Data_track_data'

2023-02-15 21:44:08 - [MESSAGE][PASSED] - Text '%B5567080011582646^AHMED/IMTIAZ              ^2303201090200000000000354000015?;5567080011582646=23032010902035400015?' is set on object 'Object Repository/RecAndPlayBk/Page-Vlink-Sale/input_Track Data_track_data'

2023-02-15 21:44:08 - [TEST_STEP][PASSED] - setText(findTestObject("Object Repository/RecAndPlayBk/Page-Vlink-Sale/txt_POSEntryMode"), "track"): Text 'track' is set on object 'Object Repository/RecAndPlayBk/Page-Vlink-Sale/txt_POSEntryMode'

2023-02-15 21:44:08 - [MESSAGE][PASSED] - Text 'track' is set on object 'Object Repository/RecAndPlayBk/Page-Vlink-Sale/txt_POSEntryMode'

2023-02-15 21:44:08 - [TEST_STEP][PASSED] - setText(findTestObject("Object Repository/RecAndPlayBk/Page-Vlink-Sale/input_concat(Cardholder, , s email)_email"), ""): Text '' is set on object 'Object Repository/RecAndPlayBk/Page-Vlink-Sale/input_concat(Cardholder, , s email)_email'

2023-02-15 21:44:09 - [MESSAGE][PASSED] - Text '' is set on object 'Object Repository/RecAndPlayBk/Page-Vlink-Sale/input_concat(Cardholder, , s email)_email'

2023-02-15 21:44:09 - [TEST_STEP][PASSED] - click(findTestObject("Object Repository/RecAndPlayBk/Page-Vlink-Sale/input_user_defined10_user_defined10")): Object: 'Object Repository/RecAndPlayBk/Page-Vlink-Sale/input_user_defined10_user_defined10' is clicked on

2023-02-15 21:44:09 - [MESSAGE][PASSED] - Object: 'Object Repository/RecAndPlayBk/Page-Vlink-Sale/input_user_defined10_user_defined10' is clicked on

2023-02-15 21:44:09 - [TEST_STEP][PASSED] - if (executionProfile.equalsIgnoreCase("QAProfile") || executionProfile.equalsIgnoreCase("DemoProfile")): Text '' is set on object 'Object Repository/RecAndPlayBk/Page-Vlink-Sale/input_COF Transaction Initiated by_cof_tran_6cded5'

2023-02-15 21:44:09 - [TEST_STEP][PASSED] - setText(findTestObject("Object Repository/RecAndPlayBk/Page-Vlink-Sale/input_Card on File Indicator_card_on_file_i_157dae"), ""): Text '' is set on object 'Object Repository/RecAndPlayBk/Page-Vlink-Sale/input_Card on File Indicator_card_on_file_i_157dae'

2023-02-15 21:44:10 - [MESSAGE][PASSED] - Text '' is set on object 'Object Repository/RecAndPlayBk/Page-Vlink-Sale/input_Card on File Indicator_card_on_file_i_157dae'

2023-02-15 21:44:10 - [TEST_STEP][PASSED] - setText(findTestObject("Object Repository/RecAndPlayBk/Page-Vlink-Sale/input_Stored Credential Indicator_stored_cr_4ae73c"), ""): Text '' is set on object 'Object Repository/RecAndPlayBk/Page-Vlink-Sale/input_Stored Credential Indicator_stored_cr_4ae73c'

2023-02-15 21:44:10 - [MESSAGE][PASSED] - Text '' is set on object 'Object Repository/RecAndPlayBk/Page-Vlink-Sale/input_Stored Credential Indicator_stored_cr_4ae73c'

2023-02-15 21:44:10 - [TEST_STEP][PASSED] - setText(findTestObject("Object Repository/RecAndPlayBk/Page-Vlink-Sale/input_COF Scheduled indicator_cof_scheduled_8df7d8"), ""): Text '' is set on object 'Object Repository/RecAndPlayBk/Page-Vlink-Sale/input_COF Scheduled indicator_cof_scheduled_8df7d8'

2023-02-15 21:44:11 - [MESSAGE][PASSED] - Text '' is set on object 'Object Repository/RecAndPlayBk/Page-Vlink-Sale/input_COF Scheduled indicator_cof_scheduled_8df7d8'

2023-02-15 21:44:11 - [TEST_STEP][PASSED] - setText(findTestObject("Object Repository/RecAndPlayBk/Page-Vlink-Sale/input_COF Transaction Initiated by_cof_tran_6cded5"), ""): Text '' is set on object 'Object Repository/RecAndPlayBk/Page-Vlink-Sale/input_COF Transaction Initiated by_cof_tran_6cded5'

2023-02-15 21:44:12 - [MESSAGE][PASSED] - Text '' is set on object 'Object Repository/RecAndPlayBk/Page-Vlink-Sale/input_COF Transaction Initiated by_cof_tran_6cded5'

2023-02-15 21:44:12 - [TEST_STEP][PASSED] - click(findTestObject("Object Repository/RecAndPlayBk/Page-Vlink-Sale/input")): Object: 'Object Repository/RecAndPlayBk/Page-Vlink-Sale/input' is clicked on

2023-02-15 21:44:13 - [MESSAGE][PASSED] - Object: 'Object Repository/RecAndPlayBk/Page-Vlink-Sale/input' is clicked on

2023-02-15 21:44:13 - [TEST_STEP][PASSED] - if (verifyTextPresent("Transaction approved, no errors", true)): null

2023-02-15 21:44:13 - [MESSAGE][PASSED] - Text 'Transaction approved, no errors' is present on page  using regular expression

2023-02-15 21:44:13 - [TEST_STEP][PASSED] - println("Transaction Approved, no errors text is present on the Confirmation page"): null

2023-02-15 21:44:13 - [TEST_STEP][PASSED] - out.println("Pass Record Number: " + row): null

2023-02-15 21:44:13 - [TEST_STEP][PASSED] - resText = "Pass": null

2023-02-15 21:44:13 - [TEST_STEP][PASSED] - pages.WriteExcel.demoKey(resText, datText, resColumn, datCloumn, fileLoc, nameSheet, row): pages.WriteExcel.demoKey is PASSED

2023-02-15 21:44:13 - [MESSAGE][PASSED] - pages.WriteExcel.demoKey is PASSED

2023-02-15 21:44:13 - [TEST_STEP][PASSED] - ExecuteTC = findTestData(dataFile).getValue("Execute", row): null

2023-02-15 21:44:13 - [TEST_STEP][PASSED] - out.println("Value of Execute is : " + ExecuteTC): null

2023-02-15 21:44:13 - [TEST_STEP][PASSED] - switch (executionProfile): null

2023-02-15 21:44:13 - [TEST_STEP][PASSED] - case "QAProfile":: null

2023-02-15 21:44:13 - [TEST_STEP][PASSED] - appID = findTestData(dataFile).getValue("AppIDQA", row): null

2023-02-15 21:44:13 - [TEST_STEP][PASSED] - username = findTestData(dataFile).getValue("UsernameQA", row): null

2023-02-15 21:44:13 - [TEST_STEP][PASSED] - password = findTestData(dataFile).getValue("PasswordQA", row): null

2023-02-15 21:44:13 - [TEST_STEP][PASSED] - break: null

2023-02-15 21:44:13 - [TEST_STEP][PASSED] - if (ExecuteTC.equalsIgnoreCase("Y")): null

2023-02-15 21:44:13 - [TEST_STEP][PASSED] - out.println("Begin Record Number: " + row): null

2023-02-15 21:44:13 - [TEST_STEP][PASSED] - today = new java.util.Date(): null

2023-02-15 21:44:13 - [TEST_STEP][PASSED] - println(today): null

2023-02-15 21:44:13 - [TEST_STEP][PASSED] - datText = today: null

2023-02-15 21:44:13 - [TEST_STEP][PASSED] - category = findTestData(dataFile).getValue("Category", row): null

2023-02-15 21:44:14 - [TEST_STEP][PASSED] - amount = findTestData(dataFile).getValue("Amount", row): null

2023-02-15 21:44:14 - [TEST_STEP][PASSED] - trackData = findTestData(dataFile).getValue("TrackData", row): null

2023-02-15 21:44:14 - [TEST_STEP][PASSED] - openBrowser(VLinkURL + "authcap.html"): Browser is opened with url: 'https://dev-algorithm.govolution.com/vlinktest/QA/version_2_0/authcap.html'

2023-02-15 21:44:14 - [MESSAGE][WARNING] - A browser is already opened. Closing browser and opening a new one

2023-02-15 21:44:15 - [MESSAGE][INFO] - Starting 'Chrome' driver

2023-02-15 21:44:15 - [MESSAGE][INFO] - User set preference: ['acceptInsecureCerts', 'true']

2023-02-15 21:44:15 - [MESSAGE][INFO] - Action delay is set to 0 milliseconds

2023-02-15 21:44:17 - [MESSAGE][PASSED] - Browser is opened with url: 'https://dev-algorithm.govolution.com/vlinktest/QA/version_2_0/authcap.html'

2023-02-15 21:44:17 - [TEST_STEP][PASSED] - maximizeWindow(): Current window maximized

2023-02-15 21:44:17 - [MESSAGE][PASSED] - Current window maximized

2023-02-15 21:44:17 - [TEST_STEP][PASSED] - maximizeWindow(): Current window maximized

2023-02-15 21:44:17 - [MESSAGE][PASSED] - Current window maximized

2023-02-15 21:44:17 - [TEST_STEP][PASSED] - genRemID = RandomStringUtils.random(12, true, true): null

2023-02-15 21:44:17 - [TEST_STEP][PASSED] - setText(findTestObject("Object Repository/RecAndPlayBk/Page-Vlink-Sale/input_Remittance Id_remittance_id"), genRemID): Text '6kLnOMGrlc7j' is set on object 'Object Repository/RecAndPlayBk/Page-Vlink-Sale/input_Remittance Id_remittance_id'

2023-02-15 21:44:17 - [MESSAGE][PASSED] - Text '6kLnOMGrlc7j' is set on object 'Object Repository/RecAndPlayBk/Page-Vlink-Sale/input_Remittance Id_remittance_id'

2023-02-15 21:44:17 - [TEST_STEP][PASSED] - setText(findTestObject("Object Repository/RecAndPlayBk/Page-Vlink-Sale/input_Application Id_application_id"), appID): Text '87' is set on object 'Object Repository/RecAndPlayBk/Page-Vlink-Sale/input_Application Id_application_id'

2023-02-15 21:44:18 - [MESSAGE][PASSED] - Text '87' is set on object 'Object Repository/RecAndPlayBk/Page-Vlink-Sale/input_Application Id_application_id'

2023-02-15 21:44:18 - [TEST_STEP][PASSED] - setText(findTestObject("Object Repository/RecAndPlayBk/Page-Vlink-Sale/input_Username_username"), username): Text 'username' is set on object 'Object Repository/RecAndPlayBk/Page-Vlink-Sale/input_Username_username'

2023-02-15 21:44:19 - [MESSAGE][PASSED] - Text 'username' is set on object 'Object Repository/RecAndPlayBk/Page-Vlink-Sale/input_Username_username'

2023-02-15 21:44:19 - [TEST_STEP][PASSED] - setText(findTestObject("Object Repository/RecAndPlayBk/Page-Vlink-Sale/input_Password_password"), password): Text 'password' is set on object 'Object Repository/RecAndPlayBk/Page-Vlink-Sale/input_Password_password'

2023-02-15 21:44:19 - [MESSAGE][PASSED] - Text 'password' is set on object 'Object Repository/RecAndPlayBk/Page-Vlink-Sale/input_Password_password'

2023-02-15 21:44:19 - [TEST_STEP][PASSED] - setText(findTestObject("Object Repository/RecAndPlayBk/Page-Vlink-Sale/input_Category_category"), category): Text 'RETL' is set on object 'Object Repository/RecAndPlayBk/Page-Vlink-Sale/input_Category_category'

2023-02-15 21:44:20 - [MESSAGE][PASSED] - Text 'RETL' is set on object 'Object Repository/RecAndPlayBk/Page-Vlink-Sale/input_Category_category'

2023-02-15 21:44:20 - [TEST_STEP][PASSED] - setText(findTestObject("Object Repository/RecAndPlayBk/Page-Vlink-Sale/input_Amount_amount"), amount): Text '10.5' is set on object 'Object Repository/RecAndPlayBk/Page-Vlink-Sale/input_Amount_amount'

2023-02-15 21:44:21 - [MESSAGE][PASSED] - Text '10.5' is set on object 'Object Repository/RecAndPlayBk/Page-Vlink-Sale/input_Amount_amount'

2023-02-15 21:44:21 - [TEST_STEP][PASSED] - setText(findTestObject("Object Repository/RecAndPlayBk/Page-Vlink-Sale/input_Card number_card_number"), ""): Text '' is set on object 'Object Repository/RecAndPlayBk/Page-Vlink-Sale/input_Card number_card_number'

2023-02-15 21:44:21 - [MESSAGE][PASSED] - Text '' is set on object 'Object Repository/RecAndPlayBk/Page-Vlink-Sale/input_Card number_card_number'

2023-02-15 21:44:21 - [TEST_STEP][PASSED] - setText(findTestObject("Object Repository/RecAndPlayBk/Page-Vlink-Sale/input_Card ex month_card_exmo"), ""): Text '' is set on object 'Object Repository/RecAndPlayBk/Page-Vlink-Sale/input_Card ex month_card_exmo'

2023-02-15 21:44:22 - [MESSAGE][PASSED] - Text '' is set on object 'Object Repository/RecAndPlayBk/Page-Vlink-Sale/input_Card ex month_card_exmo'

2023-02-15 21:44:22 - [TEST_STEP][PASSED] - setText(findTestObject("Object Repository/RecAndPlayBk/Page-Vlink-Sale/input_Card ex year_card_exyr"), ""): Text '' is set on object 'Object Repository/RecAndPlayBk/Page-Vlink-Sale/input_Card ex year_card_exyr'

2023-02-15 21:44:22 - [MESSAGE][PASSED] - Text '' is set on object 'Object Repository/RecAndPlayBk/Page-Vlink-Sale/input_Card ex year_card_exyr'

2023-02-15 21:44:22 - [TEST_STEP][PASSED] - setText(findTestObject("Object Repository/RecAndPlayBk/Page-Vlink-Sale/input_Track Data_track_data"), trackData): Text '%B5567080011582646^AHMED/IMTIAZ              ^2303201090200000000000354000015?;5567080011582646=23032010902035400015?' is set on object 'Object Repository/RecAndPlayBk/Page-Vlink-Sale/input_Track Data_track_data'

2023-02-15 21:44:23 - [MESSAGE][PASSED] - Text '%B5567080011582646^AHMED/IMTIAZ              ^2303201090200000000000354000015?;5567080011582646=23032010902035400015?' is set on object 'Object Repository/RecAndPlayBk/Page-Vlink-Sale/input_Track Data_track_data'

2023-02-15 21:44:23 - [TEST_STEP][PASSED] - setText(findTestObject("Object Repository/RecAndPlayBk/Page-Vlink-Sale/txt_POSEntryMode"), "track"): Text 'track' is set on object 'Object Repository/RecAndPlayBk/Page-Vlink-Sale/txt_POSEntryMode'

2023-02-15 21:44:24 - [MESSAGE][PASSED] - Text 'track' is set on object 'Object Repository/RecAndPlayBk/Page-Vlink-Sale/txt_POSEntryMode'

2023-02-15 21:44:24 - [TEST_STEP][PASSED] - setText(findTestObject("Object Repository/RecAndPlayBk/Page-Vlink-Sale/input_concat(Cardholder, , s email)_email"), ""): Text '' is set on object 'Object Repository/RecAndPlayBk/Page-Vlink-Sale/input_concat(Cardholder, , s email)_email'

2023-02-15 21:44:24 - [MESSAGE][PASSED] - Text '' is set on object 'Object Repository/RecAndPlayBk/Page-Vlink-Sale/input_concat(Cardholder, , s email)_email'

2023-02-15 21:44:24 - [TEST_STEP][PASSED] - click(findTestObject("Object Repository/RecAndPlayBk/Page-Vlink-Sale/input_user_defined10_user_defined10")): Object: 'Object Repository/RecAndPlayBk/Page-Vlink-Sale/input_user_defined10_user_defined10' is clicked on

2023-02-15 21:44:25 - [MESSAGE][PASSED] - Object: 'Object Repository/RecAndPlayBk/Page-Vlink-Sale/input_user_defined10_user_defined10' is clicked on

2023-02-15 21:44:25 - [TEST_STEP][PASSED] - if (executionProfile.equalsIgnoreCase("QAProfile") || executionProfile.equalsIgnoreCase("DemoProfile")): Text '' is set on object 'Object Repository/RecAndPlayBk/Page-Vlink-Sale/input_COF Transaction Initiated by_cof_tran_6cded5'

2023-02-15 21:44:25 - [TEST_STEP][PASSED] - setText(findTestObject("Object Repository/RecAndPlayBk/Page-Vlink-Sale/input_Card on File Indicator_card_on_file_i_157dae"), ""): Text '' is set on object 'Object Repository/RecAndPlayBk/Page-Vlink-Sale/input_Card on File Indicator_card_on_file_i_157dae'

2023-02-15 21:44:25 - [MESSAGE][PASSED] - Text '' is set on object 'Object Repository/RecAndPlayBk/Page-Vlink-Sale/input_Card on File Indicator_card_on_file_i_157dae'

2023-02-15 21:44:25 - [TEST_STEP][PASSED] - setText(findTestObject("Object Repository/RecAndPlayBk/Page-Vlink-Sale/input_Stored Credential Indicator_stored_cr_4ae73c"), ""): Text '' is set on object 'Object Repository/RecAndPlayBk/Page-Vlink-Sale/input_Stored Credential Indicator_stored_cr_4ae73c'

2023-02-15 21:44:26 - [MESSAGE][PASSED] - Text '' is set on object 'Object Repository/RecAndPlayBk/Page-Vlink-Sale/input_Stored Credential Indicator_stored_cr_4ae73c'

2023-02-15 21:44:26 - [TEST_STEP][PASSED] - setText(findTestObject("Object Repository/RecAndPlayBk/Page-Vlink-Sale/input_COF Scheduled indicator_cof_scheduled_8df7d8"), ""): Text '' is set on object 'Object Repository/RecAndPlayBk/Page-Vlink-Sale/input_COF Scheduled indicator_cof_scheduled_8df7d8'

2023-02-15 21:44:27 - [MESSAGE][PASSED] - Text '' is set on object 'Object Repository/RecAndPlayBk/Page-Vlink-Sale/input_COF Scheduled indicator_cof_scheduled_8df7d8'

2023-02-15 21:44:27 - [TEST_STEP][PASSED] - setText(findTestObject("Object Repository/RecAndPlayBk/Page-Vlink-Sale/input_COF Transaction Initiated by_cof_tran_6cded5"), ""): Text '' is set on object 'Object Repository/RecAndPlayBk/Page-Vlink-Sale/input_COF Transaction Initiated by_cof_tran_6cded5'

2023-02-15 21:44:27 - [MESSAGE][PASSED] - Text '' is set on object 'Object Repository/RecAndPlayBk/Page-Vlink-Sale/input_COF Transaction Initiated by_cof_tran_6cded5'

2023-02-15 21:44:27 - [TEST_STEP][PASSED] - click(findTestObject("Object Repository/RecAndPlayBk/Page-Vlink-Sale/input")): Object: 'Object Repository/RecAndPlayBk/Page-Vlink-Sale/input' is clicked on

2023-02-15 21:44:29 - [MESSAGE][PASSED] - Object: 'Object Repository/RecAndPlayBk/Page-Vlink-Sale/input' is clicked on

2023-02-15 21:44:29 - [TEST_STEP][PASSED] - if (verifyTextPresent("Transaction approved, no errors", true)): null

2023-02-15 21:44:29 - [MESSAGE][PASSED] - Text 'Transaction approved, no errors' is present on page  using regular expression

2023-02-15 21:44:29 - [TEST_STEP][PASSED] - println("Transaction Approved, no errors text is present on the Confirmation page"): null

2023-02-15 21:44:29 - [TEST_STEP][PASSED] - out.println("Pass Record Number: " + row): null

2023-02-15 21:44:29 - [TEST_STEP][PASSED] - resText = "Pass": null

2023-02-15 21:44:29 - [TEST_STEP][PASSED] - pages.WriteExcel.demoKey(resText, datText, resColumn, datCloumn, fileLoc, nameSheet, row): pages.WriteExcel.demoKey is PASSED

2023-02-15 21:44:29 - [MESSAGE][PASSED] - pages.WriteExcel.demoKey is PASSED

2023-02-15 21:44:29 - [TEST_STEP][PASSED] - ExecuteTC = findTestData(dataFile).getValue("Execute", row): null

2023-02-15 21:44:30 - [TEST_STEP][PASSED] - out.println("Value of Execute is : " + ExecuteTC): null

2023-02-15 21:44:30 - [TEST_STEP][PASSED] - switch (executionProfile): null

2023-02-15 21:44:30 - [TEST_STEP][PASSED] - case "QAProfile":: null

2023-02-15 21:44:30 - [TEST_STEP][PASSED] - appID = findTestData(dataFile).getValue("AppIDQA", row): null

2023-02-15 21:44:30 - [TEST_STEP][PASSED] - username = findTestData(dataFile).getValue("UsernameQA", row): null

2023-02-15 21:44:30 - [TEST_STEP][PASSED] - password = findTestData(dataFile).getValue("PasswordQA", row): null

2023-02-15 21:44:30 - [TEST_STEP][PASSED] - break: null

2023-02-15 21:44:30 - [TEST_STEP][PASSED] - if (ExecuteTC.equalsIgnoreCase("Y")): null

2023-02-15 21:44:30 - [TEST_STEP][PASSED] - out.println("Begin Record Number: " + row): null

2023-02-15 21:44:30 - [TEST_STEP][PASSED] - today = new java.util.Date(): null

2023-02-15 21:44:30 - [TEST_STEP][PASSED] - println(today): null

2023-02-15 21:44:30 - [TEST_STEP][PASSED] - datText = today: null

2023-02-15 21:44:30 - [TEST_STEP][PASSED] - category = findTestData(dataFile).getValue("Category", row): null

2023-02-15 21:44:30 - [TEST_STEP][PASSED] - amount = findTestData(dataFile).getValue("Amount", row): null

2023-02-15 21:44:30 - [TEST_STEP][PASSED] - trackData = findTestData(dataFile).getValue("TrackData", row): null

2023-02-15 21:44:30 - [TEST_STEP][PASSED] - openBrowser(VLinkURL + "authcap.html"): Browser is opened with url: 'https://dev-algorithm.govolution.com/vlinktest/QA/version_2_0/authcap.html'

2023-02-15 21:44:30 - [MESSAGE][WARNING] - A browser is already opened. Closing browser and opening a new one

2023-02-15 21:44:31 - [MESSAGE][INFO] - Starting 'Chrome' driver

2023-02-15 21:44:31 - [MESSAGE][INFO] - User set preference: ['acceptInsecureCerts', 'true']

2023-02-15 21:44:31 - [MESSAGE][INFO] - Action delay is set to 0 milliseconds

2023-02-15 21:44:33 - [MESSAGE][PASSED] - Browser is opened with url: 'https://dev-algorithm.govolution.com/vlinktest/QA/version_2_0/authcap.html'

2023-02-15 21:44:33 - [TEST_STEP][PASSED] - maximizeWindow(): Current window maximized

2023-02-15 21:44:33 - [MESSAGE][PASSED] - Current window maximized

2023-02-15 21:44:33 - [TEST_STEP][PASSED] - maximizeWindow(): Current window maximized

2023-02-15 21:44:33 - [MESSAGE][PASSED] - Current window maximized

2023-02-15 21:44:33 - [TEST_STEP][PASSED] - genRemID = RandomStringUtils.random(12, true, true): null

2023-02-15 21:44:33 - [TEST_STEP][PASSED] - setText(findTestObject("Object Repository/RecAndPlayBk/Page-Vlink-Sale/input_Remittance Id_remittance_id"), genRemID): Text 'jBsnnJkClatT' is set on object 'Object Repository/RecAndPlayBk/Page-Vlink-Sale/input_Remittance Id_remittance_id'

2023-02-15 21:44:34 - [MESSAGE][PASSED] - Text 'jBsnnJkClatT' is set on object 'Object Repository/RecAndPlayBk/Page-Vlink-Sale/input_Remittance Id_remittance_id'

2023-02-15 21:44:34 - [TEST_STEP][PASSED] - setText(findTestObject("Object Repository/RecAndPlayBk/Page-Vlink-Sale/input_Application Id_application_id"), appID): Text '581' is set on object 'Object Repository/RecAndPlayBk/Page-Vlink-Sale/input_Application Id_application_id'

2023-02-15 21:44:34 - [MESSAGE][PASSED] - Text '581' is set on object 'Object Repository/RecAndPlayBk/Page-Vlink-Sale/input_Application Id_application_id'

2023-02-15 21:44:34 - [TEST_STEP][PASSED] - setText(findTestObject("Object Repository/RecAndPlayBk/Page-Vlink-Sale/input_Username_username"), username): Text 'usr581' is set on object 'Object Repository/RecAndPlayBk/Page-Vlink-Sale/input_Username_username'

2023-02-15 21:44:35 - [MESSAGE][PASSED] - Text 'usr581' is set on object 'Object Repository/RecAndPlayBk/Page-Vlink-Sale/input_Username_username'

2023-02-15 21:44:35 - [TEST_STEP][PASSED] - setText(findTestObject("Object Repository/RecAndPlayBk/Page-Vlink-Sale/input_Password_password"), password): Text 'pwd581' is set on object 'Object Repository/RecAndPlayBk/Page-Vlink-Sale/input_Password_password'

2023-02-15 21:44:36 - [MESSAGE][PASSED] - Text 'pwd581' is set on object 'Object Repository/RecAndPlayBk/Page-Vlink-Sale/input_Password_password'

2023-02-15 21:44:36 - [TEST_STEP][PASSED] - setText(findTestObject("Object Repository/RecAndPlayBk/Page-Vlink-Sale/input_Category_category"), category): Text 'RETL' is set on object 'Object Repository/RecAndPlayBk/Page-Vlink-Sale/input_Category_category'

2023-02-15 21:44:36 - [MESSAGE][PASSED] - Text 'RETL' is set on object 'Object Repository/RecAndPlayBk/Page-Vlink-Sale/input_Category_category'

2023-02-15 21:44:36 - [TEST_STEP][PASSED] - setText(findTestObject("Object Repository/RecAndPlayBk/Page-Vlink-Sale/input_Amount_amount"), amount): Text '10.5' is set on object 'Object Repository/RecAndPlayBk/Page-Vlink-Sale/input_Amount_amount'

2023-02-15 21:44:37 - [MESSAGE][PASSED] - Text '10.5' is set on object 'Object Repository/RecAndPlayBk/Page-Vlink-Sale/input_Amount_amount'

2023-02-15 21:44:37 - [TEST_STEP][PASSED] - setText(findTestObject("Object Repository/RecAndPlayBk/Page-Vlink-Sale/input_Card number_card_number"), ""): Text '' is set on object 'Object Repository/RecAndPlayBk/Page-Vlink-Sale/input_Card number_card_number'

2023-02-15 21:44:37 - [MESSAGE][PASSED] - Text '' is set on object 'Object Repository/RecAndPlayBk/Page-Vlink-Sale/input_Card number_card_number'

2023-02-15 21:44:37 - [TEST_STEP][PASSED] - setText(findTestObject("Object Repository/RecAndPlayBk/Page-Vlink-Sale/input_Card ex month_card_exmo"), ""): Text '' is set on object 'Object Repository/RecAndPlayBk/Page-Vlink-Sale/input_Card ex month_card_exmo'

2023-02-15 21:44:38 - [MESSAGE][PASSED] - Text '' is set on object 'Object Repository/RecAndPlayBk/Page-Vlink-Sale/input_Card ex month_card_exmo'

2023-02-15 21:44:38 - [TEST_STEP][PASSED] - setText(findTestObject("Object Repository/RecAndPlayBk/Page-Vlink-Sale/input_Card ex year_card_exyr"), ""): Text '' is set on object 'Object Repository/RecAndPlayBk/Page-Vlink-Sale/input_Card ex year_card_exyr'

2023-02-15 21:44:39 - [MESSAGE][PASSED] - Text '' is set on object 'Object Repository/RecAndPlayBk/Page-Vlink-Sale/input_Card ex year_card_exyr'

2023-02-15 21:44:39 - [TEST_STEP][PASSED] - setText(findTestObject("Object Repository/RecAndPlayBk/Page-Vlink-Sale/input_Track Data_track_data"), trackData): Text '%B5567080011582646^AHMED/IMTIAZ              ^2303201090200000000000354000015?;5567080011582646=23032010902035400015?' is set on object 'Object Repository/RecAndPlayBk/Page-Vlink-Sale/input_Track Data_track_data'

2023-02-15 21:44:39 - [MESSAGE][PASSED] - Text '%B5567080011582646^AHMED/IMTIAZ              ^2303201090200000000000354000015?;5567080011582646=23032010902035400015?' is set on object 'Object Repository/RecAndPlayBk/Page-Vlink-Sale/input_Track Data_track_data'

2023-02-15 21:44:39 - [TEST_STEP][PASSED] - setText(findTestObject("Object Repository/RecAndPlayBk/Page-Vlink-Sale/txt_POSEntryMode"), "track"): Text 'track' is set on object 'Object Repository/RecAndPlayBk/Page-Vlink-Sale/txt_POSEntryMode'

2023-02-15 21:44:40 - [MESSAGE][PASSED] - Text 'track' is set on object 'Object Repository/RecAndPlayBk/Page-Vlink-Sale/txt_POSEntryMode'

2023-02-15 21:44:40 - [TEST_STEP][PASSED] - setText(findTestObject("Object Repository/RecAndPlayBk/Page-Vlink-Sale/input_concat(Cardholder, , s email)_email"), ""): Text '' is set on object 'Object Repository/RecAndPlayBk/Page-Vlink-Sale/input_concat(Cardholder, , s email)_email'

2023-02-15 21:44:41 - [MESSAGE][PASSED] - Text '' is set on object 'Object Repository/RecAndPlayBk/Page-Vlink-Sale/input_concat(Cardholder, , s email)_email'

2023-02-15 21:44:41 - [TEST_STEP][PASSED] - click(findTestObject("Object Repository/RecAndPlayBk/Page-Vlink-Sale/input_user_defined10_user_defined10")): Object: 'Object Repository/RecAndPlayBk/Page-Vlink-Sale/input_user_defined10_user_defined10' is clicked on

2023-02-15 21:44:41 - [MESSAGE][PASSED] - Object: 'Object Repository/RecAndPlayBk/Page-Vlink-Sale/input_user_defined10_user_defined10' is clicked on

2023-02-15 21:44:41 - [TEST_STEP][PASSED] - if (executionProfile.equalsIgnoreCase("QAProfile") || executionProfile.equalsIgnoreCase("DemoProfile")): Text '' is set on object 'Object Repository/RecAndPlayBk/Page-Vlink-Sale/input_COF Transaction Initiated by_cof_tran_6cded5'

2023-02-15 21:44:41 - [TEST_STEP][PASSED] - setText(findTestObject("Object Repository/RecAndPlayBk/Page-Vlink-Sale/input_Card on File Indicator_card_on_file_i_157dae"), ""): Text '' is set on object 'Object Repository/RecAndPlayBk/Page-Vlink-Sale/input_Card on File Indicator_card_on_file_i_157dae'

2023-02-15 21:44:42 - [MESSAGE][PASSED] - Text '' is set on object 'Object Repository/RecAndPlayBk/Page-Vlink-Sale/input_Card on File Indicator_card_on_file_i_157dae'

2023-02-15 21:44:42 - [TEST_STEP][PASSED] - setText(findTestObject("Object Repository/RecAndPlayBk/Page-Vlink-Sale/input_Stored Credential Indicator_stored_cr_4ae73c"), ""): Text '' is set on object 'Object Repository/RecAndPlayBk/Page-Vlink-Sale/input_Stored Credential Indicator_stored_cr_4ae73c'

2023-02-15 21:44:42 - [MESSAGE][PASSED] - Text '' is set on object 'Object Repository/RecAndPlayBk/Page-Vlink-Sale/input_Stored Credential Indicator_stored_cr_4ae73c'

2023-02-15 21:44:42 - [TEST_STEP][PASSED] - setText(findTestObject("Object Repository/RecAndPlayBk/Page-Vlink-Sale/input_COF Scheduled indicator_cof_scheduled_8df7d8"), ""): Text '' is set on object 'Object Repository/RecAndPlayBk/Page-Vlink-Sale/input_COF Scheduled indicator_cof_scheduled_8df7d8'

2023-02-15 21:44:43 - [MESSAGE][PASSED] - Text '' is set on object 'Object Repository/RecAndPlayBk/Page-Vlink-Sale/input_COF Scheduled indicator_cof_scheduled_8df7d8'

2023-02-15 21:44:43 - [TEST_STEP][PASSED] - setText(findTestObject("Object Repository/RecAndPlayBk/Page-Vlink-Sale/input_COF Transaction Initiated by_cof_tran_6cded5"), ""): Text '' is set on object 'Object Repository/RecAndPlayBk/Page-Vlink-Sale/input_COF Transaction Initiated by_cof_tran_6cded5'

2023-02-15 21:44:44 - [MESSAGE][PASSED] - Text '' is set on object 'Object Repository/RecAndPlayBk/Page-Vlink-Sale/input_COF Transaction Initiated by_cof_tran_6cded5'

2023-02-15 21:44:44 - [TEST_STEP][PASSED] - click(findTestObject("Object Repository/RecAndPlayBk/Page-Vlink-Sale/input")): Object: 'Object Repository/RecAndPlayBk/Page-Vlink-Sale/input' is clicked on

2023-02-15 21:44:45 - [MESSAGE][PASSED] - Object: 'Object Repository/RecAndPlayBk/Page-Vlink-Sale/input' is clicked on

2023-02-15 21:44:45 - [TEST_STEP][PASSED] - if (verifyTextPresent("Transaction approved, no errors", true)): null

2023-02-15 21:44:45 - [MESSAGE][PASSED] - Text 'Transaction approved, no errors' is present on page  using regular expression

2023-02-15 21:44:45 - [TEST_STEP][PASSED] - println("Transaction Approved, no errors text is present on the Confirmation page"): null

2023-02-15 21:44:45 - [TEST_STEP][PASSED] - out.println("Pass Record Number: " + row): null

2023-02-15 21:44:45 - [TEST_STEP][PASSED] - resText = "Pass": null

2023-02-15 21:44:45 - [TEST_STEP][PASSED] - pages.WriteExcel.demoKey(resText, datText, resColumn, datCloumn, fileLoc, nameSheet, row): pages.WriteExcel.demoKey is PASSED

2023-02-15 21:44:45 - [MESSAGE][PASSED] - pages.WriteExcel.demoKey is PASSED]]></system-out>
         <system-err><![CDATA[]]></system-err>
      </testcase>
      <testcase name="Test Cases/RecAndPlayBk/VLink/Sale-ZeroDollar-Error" time="73.792" classname="Test Cases/RecAndPlayBk/VLink/Sale-ZeroDollar-Error" status="PASSED">
         <system-out><![CDATA[2023-02-15 21:44:45 - [TEST_CASE][PASSED] - Test Cases/RecAndPlayBk/VLink/Sale-ZeroDollar-Error: Test Cases/RecAndPlayBk/VLink/Sale-ZeroDollar-Error

2023-02-15 21:44:46 - [TEST_STEP][PASSED] - executionProfile = getExecutionProfile(): null

2023-02-15 21:44:46 - [TEST_STEP][PASSED] - out.println("executionProfile : " + executionProfile): null

2023-02-15 21:44:46 - [TEST_STEP][PASSED] - appName = <not implemented yet for class: org.codehaus.groovy.ast.expr.EmptyExpression>: null

2023-02-15 21:44:46 - [TEST_STEP][PASSED] - appID = <not implemented yet for class: org.codehaus.groovy.ast.expr.EmptyExpression>: null

2023-02-15 21:44:46 - [TEST_STEP][PASSED] - username = <not implemented yet for class: org.codehaus.groovy.ast.expr.EmptyExpression>: null

2023-02-15 21:44:46 - [TEST_STEP][PASSED] - password = <not implemented yet for class: org.codehaus.groovy.ast.expr.EmptyExpression>: null

2023-02-15 21:44:46 - [TEST_STEP][PASSED] - cardNameV = <not implemented yet for class: org.codehaus.groovy.ast.expr.EmptyExpression>: null

2023-02-15 21:44:46 - [TEST_STEP][PASSED] - al1V = <not implemented yet for class: org.codehaus.groovy.ast.expr.EmptyExpression>: null

2023-02-15 21:44:46 - [TEST_STEP][PASSED] - al2V = <not implemented yet for class: org.codehaus.groovy.ast.expr.EmptyExpression>: null

2023-02-15 21:44:46 - [TEST_STEP][PASSED] - zipV = <not implemented yet for class: org.codehaus.groovy.ast.expr.EmptyExpression>: null

2023-02-15 21:44:46 - [TEST_STEP][PASSED] - cardTypeV = <not implemented yet for class: org.codehaus.groovy.ast.expr.EmptyExpression>: null

2023-02-15 21:44:46 - [TEST_STEP][PASSED] - last4V = <not implemented yet for class: org.codehaus.groovy.ast.expr.EmptyExpression>: null

2023-02-15 21:44:46 - [TEST_STEP][PASSED] - resText = "Fail": null

2023-02-15 21:44:46 - [TEST_STEP][PASSED] - resColumn = "Result": null

2023-02-15 21:44:46 - [TEST_STEP][PASSED] - datCloumn = "Date": null

2023-02-15 21:44:46 - [TEST_STEP][PASSED] - fileLoc = "KatalonData/VLinkSmokeData.xlsx": null

2023-02-15 21:44:46 - [TEST_STEP][PASSED] - numOfRows = <not implemented yet for class: org.codehaus.groovy.ast.expr.EmptyExpression>: null

2023-02-15 21:44:46 - [TEST_STEP][PASSED] - dataFile = <not implemented yet for class: org.codehaus.groovy.ast.expr.EmptyExpression>: null

2023-02-15 21:44:46 - [TEST_STEP][PASSED] - nameSheet = <not implemented yet for class: org.codehaus.groovy.ast.expr.EmptyExpression>: null

2023-02-15 21:44:46 - [TEST_STEP][PASSED] - nameSheet = "Sale-ZeroDollar": null

2023-02-15 21:44:46 - [TEST_STEP][PASSED] - numOfRows = findTestData("QA/VLinkTestData/VLinkSaleZeroDollar").getRowNumbers(): null

2023-02-15 21:44:46 - [TEST_STEP][PASSED] - println("Number of Records: " + numOfRows): null

2023-02-15 21:44:46 - [TEST_STEP][PASSED] - dataFile = "QA/VLinkTestData/VLinkSaleZeroDollar": null

2023-02-15 21:44:46 - [TEST_STEP][PASSED] - for ([row = 1, row <= numOfRows, (row++)]): null

2023-02-15 21:44:46 - [TEST_STEP][PASSED] - ExecuteTC = findTestData(dataFile).getValue("Execute", row): null

2023-02-15 21:44:46 - [TEST_STEP][PASSED] - out.println("Value of Execute is : " + ExecuteTC): null

2023-02-15 21:44:46 - [TEST_STEP][PASSED] - switch (executionProfile): null

2023-02-15 21:44:46 - [TEST_STEP][PASSED] - case "QAProfile":: null

2023-02-15 21:44:46 - [TEST_STEP][PASSED] - appID = findTestData(dataFile).getValue("AppIDQA", row): null

2023-02-15 21:44:46 - [TEST_STEP][PASSED] - username = findTestData(dataFile).getValue("UsernameQA", row): null

2023-02-15 21:44:46 - [TEST_STEP][PASSED] - password = findTestData(dataFile).getValue("PasswordQA", row): null

2023-02-15 21:44:46 - [TEST_STEP][PASSED] - break: null

2023-02-15 21:44:46 - [TEST_STEP][PASSED] - if (ExecuteTC.equalsIgnoreCase("Y")): null

2023-02-15 21:44:46 - [TEST_STEP][PASSED] - out.println("Begin Record Number: " + row): null

2023-02-15 21:44:46 - [TEST_STEP][PASSED] - today = new java.util.Date(): null

2023-02-15 21:44:46 - [TEST_STEP][PASSED] - println(today): null

2023-02-15 21:44:46 - [TEST_STEP][PASSED] - datText = today: null

2023-02-15 21:44:46 - [TEST_STEP][PASSED] - category = findTestData(dataFile).getValue("Category", row): null

2023-02-15 21:44:46 - [TEST_STEP][PASSED] - amount = findTestData(dataFile).getValue("Amount", row): null

2023-02-15 21:44:47 - [TEST_STEP][PASSED] - cardNumber = findTestData(dataFile).getValue("CardNumber", row): null

2023-02-15 21:44:47 - [TEST_STEP][PASSED] - exM = findTestData(dataFile).getValue("ExM", row): null

2023-02-15 21:44:47 - [TEST_STEP][PASSED] - exY = findTestData(dataFile).getValue("ExY", row): null

2023-02-15 21:44:47 - [TEST_STEP][PASSED] - openBrowser(VLinkURL + "authcap.html"): Browser is opened with url: 'https://dev-algorithm.govolution.com/vlinktest/QA/version_2_0/authcap.html'

2023-02-15 21:44:47 - [MESSAGE][WARNING] - A browser is already opened. Closing browser and opening a new one

2023-02-15 21:44:48 - [MESSAGE][INFO] - Starting 'Chrome' driver

2023-02-15 21:44:48 - [MESSAGE][INFO] - User set preference: ['acceptInsecureCerts', 'true']

2023-02-15 21:44:48 - [MESSAGE][INFO] - Action delay is set to 0 milliseconds

2023-02-15 21:44:50 - [MESSAGE][PASSED] - Browser is opened with url: 'https://dev-algorithm.govolution.com/vlinktest/QA/version_2_0/authcap.html'

2023-02-15 21:44:50 - [TEST_STEP][PASSED] - maximizeWindow(): Current window maximized

2023-02-15 21:44:50 - [MESSAGE][PASSED] - Current window maximized

2023-02-15 21:44:50 - [TEST_STEP][PASSED] - maximizeWindow(): Current window maximized

2023-02-15 21:44:50 - [MESSAGE][PASSED] - Current window maximized

2023-02-15 21:44:50 - [TEST_STEP][PASSED] - genRemID = RandomStringUtils.random(12, true, true): null

2023-02-15 21:44:50 - [TEST_STEP][PASSED] - setText(findTestObject("Object Repository/RecAndPlayBk/Page-Vlink-Sale/input_Remittance Id_remittance_id"), genRemID): Text 'emnCkPLpfYOO' is set on object 'Object Repository/RecAndPlayBk/Page-Vlink-Sale/input_Remittance Id_remittance_id'

2023-02-15 21:44:50 - [MESSAGE][PASSED] - Text 'emnCkPLpfYOO' is set on object 'Object Repository/RecAndPlayBk/Page-Vlink-Sale/input_Remittance Id_remittance_id'

2023-02-15 21:44:50 - [TEST_STEP][PASSED] - setText(findTestObject("Object Repository/RecAndPlayBk/Page-Vlink-Sale/input_Application Id_application_id"), appID): Text '234' is set on object 'Object Repository/RecAndPlayBk/Page-Vlink-Sale/input_Application Id_application_id'

2023-02-15 21:44:51 - [MESSAGE][PASSED] - Text '234' is set on object 'Object Repository/RecAndPlayBk/Page-Vlink-Sale/input_Application Id_application_id'

2023-02-15 21:44:51 - [TEST_STEP][PASSED] - setText(findTestObject("Object Repository/RecAndPlayBk/Page-Vlink-Sale/input_Username_username"), username): Text 'username' is set on object 'Object Repository/RecAndPlayBk/Page-Vlink-Sale/input_Username_username'

2023-02-15 21:44:52 - [MESSAGE][PASSED] - Text 'username' is set on object 'Object Repository/RecAndPlayBk/Page-Vlink-Sale/input_Username_username'

2023-02-15 21:44:52 - [TEST_STEP][PASSED] - setText(findTestObject("Object Repository/RecAndPlayBk/Page-Vlink-Sale/input_Password_password"), password): Text 'password' is set on object 'Object Repository/RecAndPlayBk/Page-Vlink-Sale/input_Password_password'

2023-02-15 21:44:52 - [MESSAGE][PASSED] - Text 'password' is set on object 'Object Repository/RecAndPlayBk/Page-Vlink-Sale/input_Password_password'

2023-02-15 21:44:52 - [TEST_STEP][PASSED] - setText(findTestObject("Object Repository/RecAndPlayBk/Page-Vlink-Sale/input_Category_category"), category): Text 'ECOM' is set on object 'Object Repository/RecAndPlayBk/Page-Vlink-Sale/input_Category_category'

2023-02-15 21:44:53 - [MESSAGE][PASSED] - Text 'ECOM' is set on object 'Object Repository/RecAndPlayBk/Page-Vlink-Sale/input_Category_category'

2023-02-15 21:44:53 - [TEST_STEP][PASSED] - setText(findTestObject("Object Repository/RecAndPlayBk/Page-Vlink-Sale/input_Amount_amount"), amount): Text '0' is set on object 'Object Repository/RecAndPlayBk/Page-Vlink-Sale/input_Amount_amount'

2023-02-15 21:44:54 - [MESSAGE][PASSED] - Text '0' is set on object 'Object Repository/RecAndPlayBk/Page-Vlink-Sale/input_Amount_amount'

2023-02-15 21:44:54 - [TEST_STEP][PASSED] - setText(findTestObject("Object Repository/RecAndPlayBk/Page-Vlink-Sale/input_Card number_card_number"), cardNumber): Text '4111111111111111' is set on object 'Object Repository/RecAndPlayBk/Page-Vlink-Sale/input_Card number_card_number'

2023-02-15 21:44:54 - [MESSAGE][PASSED] - Text '4111111111111111' is set on object 'Object Repository/RecAndPlayBk/Page-Vlink-Sale/input_Card number_card_number'

2023-02-15 21:44:54 - [TEST_STEP][PASSED] - setText(findTestObject("Object Repository/RecAndPlayBk/Page-Vlink-Sale/input_Card ex month_card_exmo"), exM): Text '12' is set on object 'Object Repository/RecAndPlayBk/Page-Vlink-Sale/input_Card ex month_card_exmo'

2023-02-15 21:44:55 - [MESSAGE][PASSED] - Text '12' is set on object 'Object Repository/RecAndPlayBk/Page-Vlink-Sale/input_Card ex month_card_exmo'

2023-02-15 21:44:55 - [TEST_STEP][PASSED] - setText(findTestObject("Object Repository/RecAndPlayBk/Page-Vlink-Sale/input_Card ex year_card_exyr"), exY): Text '2029' is set on object 'Object Repository/RecAndPlayBk/Page-Vlink-Sale/input_Card ex year_card_exyr'

2023-02-15 21:44:55 - [MESSAGE][PASSED] - Text '2029' is set on object 'Object Repository/RecAndPlayBk/Page-Vlink-Sale/input_Card ex year_card_exyr'

2023-02-15 21:44:55 - [TEST_STEP][PASSED] - setText(findTestObject("Object Repository/RecAndPlayBk/Page-Vlink-Sale/input_Track Data_track_data"), ""): Text '' is set on object 'Object Repository/RecAndPlayBk/Page-Vlink-Sale/input_Track Data_track_data'

2023-02-15 21:44:56 - [MESSAGE][PASSED] - Text '' is set on object 'Object Repository/RecAndPlayBk/Page-Vlink-Sale/input_Track Data_track_data'

2023-02-15 21:44:56 - [TEST_STEP][PASSED] - setText(findTestObject("Object Repository/RecAndPlayBk/Page-Vlink-Sale/input_concat(Cardholder, , s email)_email"), ""): Text '' is set on object 'Object Repository/RecAndPlayBk/Page-Vlink-Sale/input_concat(Cardholder, , s email)_email'

2023-02-15 21:44:57 - [MESSAGE][PASSED] - Text '' is set on object 'Object Repository/RecAndPlayBk/Page-Vlink-Sale/input_concat(Cardholder, , s email)_email'

2023-02-15 21:44:57 - [TEST_STEP][PASSED] - click(findTestObject("Object Repository/RecAndPlayBk/Page-Vlink-Sale/input_user_defined10_user_defined10")): Object: 'Object Repository/RecAndPlayBk/Page-Vlink-Sale/input_user_defined10_user_defined10' is clicked on

2023-02-15 21:44:57 - [MESSAGE][PASSED] - Object: 'Object Repository/RecAndPlayBk/Page-Vlink-Sale/input_user_defined10_user_defined10' is clicked on

2023-02-15 21:44:57 - [TEST_STEP][PASSED] - if (executionProfile.equalsIgnoreCase("QAProfile") || executionProfile.equalsIgnoreCase("DemoProfile")): Text '' is set on object 'Object Repository/RecAndPlayBk/Page-Vlink-Sale/input_COF Transaction Initiated by_cof_tran_6cded5'

2023-02-15 21:44:57 - [TEST_STEP][PASSED] - setText(findTestObject("Object Repository/RecAndPlayBk/Page-Vlink-Sale/input_Card on File Indicator_card_on_file_i_157dae"), ""): Text '' is set on object 'Object Repository/RecAndPlayBk/Page-Vlink-Sale/input_Card on File Indicator_card_on_file_i_157dae'

2023-02-15 21:44:58 - [MESSAGE][PASSED] - Text '' is set on object 'Object Repository/RecAndPlayBk/Page-Vlink-Sale/input_Card on File Indicator_card_on_file_i_157dae'

2023-02-15 21:44:58 - [TEST_STEP][PASSED] - setText(findTestObject("Object Repository/RecAndPlayBk/Page-Vlink-Sale/input_Stored Credential Indicator_stored_cr_4ae73c"), ""): Text '' is set on object 'Object Repository/RecAndPlayBk/Page-Vlink-Sale/input_Stored Credential Indicator_stored_cr_4ae73c'

2023-02-15 21:44:58 - [MESSAGE][PASSED] - Text '' is set on object 'Object Repository/RecAndPlayBk/Page-Vlink-Sale/input_Stored Credential Indicator_stored_cr_4ae73c'

2023-02-15 21:44:58 - [TEST_STEP][PASSED] - setText(findTestObject("Object Repository/RecAndPlayBk/Page-Vlink-Sale/input_COF Scheduled indicator_cof_scheduled_8df7d8"), ""): Text '' is set on object 'Object Repository/RecAndPlayBk/Page-Vlink-Sale/input_COF Scheduled indicator_cof_scheduled_8df7d8'

2023-02-15 21:44:59 - [MESSAGE][PASSED] - Text '' is set on object 'Object Repository/RecAndPlayBk/Page-Vlink-Sale/input_COF Scheduled indicator_cof_scheduled_8df7d8'

2023-02-15 21:44:59 - [TEST_STEP][PASSED] - setText(findTestObject("Object Repository/RecAndPlayBk/Page-Vlink-Sale/input_COF Transaction Initiated by_cof_tran_6cded5"), ""): Text '' is set on object 'Object Repository/RecAndPlayBk/Page-Vlink-Sale/input_COF Transaction Initiated by_cof_tran_6cded5'

2023-02-15 21:45:00 - [MESSAGE][PASSED] - Text '' is set on object 'Object Repository/RecAndPlayBk/Page-Vlink-Sale/input_COF Transaction Initiated by_cof_tran_6cded5'

2023-02-15 21:45:00 - [TEST_STEP][PASSED] - click(findTestObject("Object Repository/RecAndPlayBk/Page-Vlink-Sale/input")): Object: 'Object Repository/RecAndPlayBk/Page-Vlink-Sale/input' is clicked on

2023-02-15 21:45:00 - [MESSAGE][PASSED] - Object: 'Object Repository/RecAndPlayBk/Page-Vlink-Sale/input' is clicked on

2023-02-15 21:45:00 - [TEST_STEP][PASSED] - if (verifyTextPresent("invalid: amount", true)): null

2023-02-15 21:45:00 - [MESSAGE][PASSED] - Text 'invalid: amount' is present on page  using regular expression

2023-02-15 21:45:00 - [TEST_STEP][PASSED] - println("Parameter value(s) invalid: amount text is present on the Confirmation page"): null

2023-02-15 21:45:00 - [TEST_STEP][PASSED] - out.println("Pass Record Number: " + row): null

2023-02-15 21:45:00 - [TEST_STEP][PASSED] - resText = "Pass": null

2023-02-15 21:45:00 - [TEST_STEP][PASSED] - pages.WriteExcel.demoKey(resText, datText, resColumn, datCloumn, fileLoc, nameSheet, row): pages.WriteExcel.demoKey is PASSED

2023-02-15 21:45:01 - [MESSAGE][PASSED] - pages.WriteExcel.demoKey is PASSED

2023-02-15 21:45:01 - [TEST_STEP][PASSED] - ExecuteTC = findTestData(dataFile).getValue("Execute", row): null

2023-02-15 21:45:01 - [TEST_STEP][PASSED] - out.println("Value of Execute is : " + ExecuteTC): null

2023-02-15 21:45:01 - [TEST_STEP][PASSED] - switch (executionProfile): null

2023-02-15 21:45:01 - [TEST_STEP][PASSED] - case "QAProfile":: null

2023-02-15 21:45:01 - [TEST_STEP][PASSED] - appID = findTestData(dataFile).getValue("AppIDQA", row): null

2023-02-15 21:45:01 - [TEST_STEP][PASSED] - username = findTestData(dataFile).getValue("UsernameQA", row): null

2023-02-15 21:45:01 - [TEST_STEP][PASSED] - password = findTestData(dataFile).getValue("PasswordQA", row): null

2023-02-15 21:45:01 - [TEST_STEP][PASSED] - break: null

2023-02-15 21:45:01 - [TEST_STEP][PASSED] - if (ExecuteTC.equalsIgnoreCase("Y")): null

2023-02-15 21:45:01 - [TEST_STEP][PASSED] - out.println("Begin Record Number: " + row): null

2023-02-15 21:45:01 - [TEST_STEP][PASSED] - today = new java.util.Date(): null

2023-02-15 21:45:01 - [TEST_STEP][PASSED] - println(today): null

2023-02-15 21:45:01 - [TEST_STEP][PASSED] - datText = today: null

2023-02-15 21:45:01 - [TEST_STEP][PASSED] - category = findTestData(dataFile).getValue("Category", row): null

2023-02-15 21:45:01 - [TEST_STEP][PASSED] - amount = findTestData(dataFile).getValue("Amount", row): null

2023-02-15 21:45:01 - [TEST_STEP][PASSED] - cardNumber = findTestData(dataFile).getValue("CardNumber", row): null

2023-02-15 21:45:01 - [TEST_STEP][PASSED] - exM = findTestData(dataFile).getValue("ExM", row): null

2023-02-15 21:45:01 - [TEST_STEP][PASSED] - exY = findTestData(dataFile).getValue("ExY", row): null

2023-02-15 21:45:01 - [TEST_STEP][PASSED] - openBrowser(VLinkURL + "authcap.html"): Browser is opened with url: 'https://dev-algorithm.govolution.com/vlinktest/QA/version_2_0/authcap.html'

2023-02-15 21:45:01 - [MESSAGE][WARNING] - A browser is already opened. Closing browser and opening a new one

2023-02-15 21:45:02 - [MESSAGE][INFO] - Starting 'Chrome' driver

2023-02-15 21:45:02 - [MESSAGE][INFO] - User set preference: ['acceptInsecureCerts', 'true']

2023-02-15 21:45:02 - [MESSAGE][INFO] - Action delay is set to 0 milliseconds

2023-02-15 21:45:04 - [MESSAGE][PASSED] - Browser is opened with url: 'https://dev-algorithm.govolution.com/vlinktest/QA/version_2_0/authcap.html'

2023-02-15 21:45:04 - [TEST_STEP][PASSED] - maximizeWindow(): Current window maximized

2023-02-15 21:45:04 - [MESSAGE][PASSED] - Current window maximized

2023-02-15 21:45:04 - [TEST_STEP][PASSED] - maximizeWindow(): Current window maximized

2023-02-15 21:45:04 - [MESSAGE][PASSED] - Current window maximized

2023-02-15 21:45:04 - [TEST_STEP][PASSED] - genRemID = RandomStringUtils.random(12, true, true): null

2023-02-15 21:45:04 - [TEST_STEP][PASSED] - setText(findTestObject("Object Repository/RecAndPlayBk/Page-Vlink-Sale/input_Remittance Id_remittance_id"), genRemID): Text 'EerajCsy5CnN' is set on object 'Object Repository/RecAndPlayBk/Page-Vlink-Sale/input_Remittance Id_remittance_id'

2023-02-15 21:45:05 - [MESSAGE][PASSED] - Text 'EerajCsy5CnN' is set on object 'Object Repository/RecAndPlayBk/Page-Vlink-Sale/input_Remittance Id_remittance_id'

2023-02-15 21:45:05 - [TEST_STEP][PASSED] - setText(findTestObject("Object Repository/RecAndPlayBk/Page-Vlink-Sale/input_Application Id_application_id"), appID): Text '234' is set on object 'Object Repository/RecAndPlayBk/Page-Vlink-Sale/input_Application Id_application_id'

2023-02-15 21:45:06 - [MESSAGE][PASSED] - Text '234' is set on object 'Object Repository/RecAndPlayBk/Page-Vlink-Sale/input_Application Id_application_id'

2023-02-15 21:45:06 - [TEST_STEP][PASSED] - setText(findTestObject("Object Repository/RecAndPlayBk/Page-Vlink-Sale/input_Username_username"), username): Text 'username' is set on object 'Object Repository/RecAndPlayBk/Page-Vlink-Sale/input_Username_username'

2023-02-15 21:45:06 - [MESSAGE][PASSED] - Text 'username' is set on object 'Object Repository/RecAndPlayBk/Page-Vlink-Sale/input_Username_username'

2023-02-15 21:45:06 - [TEST_STEP][PASSED] - setText(findTestObject("Object Repository/RecAndPlayBk/Page-Vlink-Sale/input_Password_password"), password): Text 'password' is set on object 'Object Repository/RecAndPlayBk/Page-Vlink-Sale/input_Password_password'

2023-02-15 21:45:07 - [MESSAGE][PASSED] - Text 'password' is set on object 'Object Repository/RecAndPlayBk/Page-Vlink-Sale/input_Password_password'

2023-02-15 21:45:07 - [TEST_STEP][PASSED] - setText(findTestObject("Object Repository/RecAndPlayBk/Page-Vlink-Sale/input_Category_category"), category): Text 'MOTO' is set on object 'Object Repository/RecAndPlayBk/Page-Vlink-Sale/input_Category_category'

2023-02-15 21:45:08 - [MESSAGE][PASSED] - Text 'MOTO' is set on object 'Object Repository/RecAndPlayBk/Page-Vlink-Sale/input_Category_category'

2023-02-15 21:45:08 - [TEST_STEP][PASSED] - setText(findTestObject("Object Repository/RecAndPlayBk/Page-Vlink-Sale/input_Amount_amount"), amount): Text '0' is set on object 'Object Repository/RecAndPlayBk/Page-Vlink-Sale/input_Amount_amount'

2023-02-15 21:45:08 - [MESSAGE][PASSED] - Text '0' is set on object 'Object Repository/RecAndPlayBk/Page-Vlink-Sale/input_Amount_amount'

2023-02-15 21:45:08 - [TEST_STEP][PASSED] - setText(findTestObject("Object Repository/RecAndPlayBk/Page-Vlink-Sale/input_Card number_card_number"), cardNumber): Text '5424000000000015' is set on object 'Object Repository/RecAndPlayBk/Page-Vlink-Sale/input_Card number_card_number'

2023-02-15 21:45:09 - [MESSAGE][PASSED] - Text '5424000000000015' is set on object 'Object Repository/RecAndPlayBk/Page-Vlink-Sale/input_Card number_card_number'

2023-02-15 21:45:09 - [TEST_STEP][PASSED] - setText(findTestObject("Object Repository/RecAndPlayBk/Page-Vlink-Sale/input_Card ex month_card_exmo"), exM): Text '12' is set on object 'Object Repository/RecAndPlayBk/Page-Vlink-Sale/input_Card ex month_card_exmo'

2023-02-15 21:45:10 - [MESSAGE][PASSED] - Text '12' is set on object 'Object Repository/RecAndPlayBk/Page-Vlink-Sale/input_Card ex month_card_exmo'

2023-02-15 21:45:10 - [TEST_STEP][PASSED] - setText(findTestObject("Object Repository/RecAndPlayBk/Page-Vlink-Sale/input_Card ex year_card_exyr"), exY): Text '2029' is set on object 'Object Repository/RecAndPlayBk/Page-Vlink-Sale/input_Card ex year_card_exyr'

2023-02-15 21:45:10 - [MESSAGE][PASSED] - Text '2029' is set on object 'Object Repository/RecAndPlayBk/Page-Vlink-Sale/input_Card ex year_card_exyr'

2023-02-15 21:45:10 - [TEST_STEP][PASSED] - setText(findTestObject("Object Repository/RecAndPlayBk/Page-Vlink-Sale/input_Track Data_track_data"), ""): Text '' is set on object 'Object Repository/RecAndPlayBk/Page-Vlink-Sale/input_Track Data_track_data'

2023-02-15 21:45:11 - [MESSAGE][PASSED] - Text '' is set on object 'Object Repository/RecAndPlayBk/Page-Vlink-Sale/input_Track Data_track_data'

2023-02-15 21:45:11 - [TEST_STEP][PASSED] - setText(findTestObject("Object Repository/RecAndPlayBk/Page-Vlink-Sale/input_concat(Cardholder, , s email)_email"), ""): Text '' is set on object 'Object Repository/RecAndPlayBk/Page-Vlink-Sale/input_concat(Cardholder, , s email)_email'

2023-02-15 21:45:12 - [MESSAGE][PASSED] - Text '' is set on object 'Object Repository/RecAndPlayBk/Page-Vlink-Sale/input_concat(Cardholder, , s email)_email'

2023-02-15 21:45:12 - [TEST_STEP][PASSED] - click(findTestObject("Object Repository/RecAndPlayBk/Page-Vlink-Sale/input_user_defined10_user_defined10")): Object: 'Object Repository/RecAndPlayBk/Page-Vlink-Sale/input_user_defined10_user_defined10' is clicked on

2023-02-15 21:45:12 - [MESSAGE][PASSED] - Object: 'Object Repository/RecAndPlayBk/Page-Vlink-Sale/input_user_defined10_user_defined10' is clicked on

2023-02-15 21:45:12 - [TEST_STEP][PASSED] - if (executionProfile.equalsIgnoreCase("QAProfile") || executionProfile.equalsIgnoreCase("DemoProfile")): Text '' is set on object 'Object Repository/RecAndPlayBk/Page-Vlink-Sale/input_COF Transaction Initiated by_cof_tran_6cded5'

2023-02-15 21:45:12 - [TEST_STEP][PASSED] - setText(findTestObject("Object Repository/RecAndPlayBk/Page-Vlink-Sale/input_Card on File Indicator_card_on_file_i_157dae"), ""): Text '' is set on object 'Object Repository/RecAndPlayBk/Page-Vlink-Sale/input_Card on File Indicator_card_on_file_i_157dae'

2023-02-15 21:45:13 - [MESSAGE][PASSED] - Text '' is set on object 'Object Repository/RecAndPlayBk/Page-Vlink-Sale/input_Card on File Indicator_card_on_file_i_157dae'

2023-02-15 21:45:13 - [TEST_STEP][PASSED] - setText(findTestObject("Object Repository/RecAndPlayBk/Page-Vlink-Sale/input_Stored Credential Indicator_stored_cr_4ae73c"), ""): Text '' is set on object 'Object Repository/RecAndPlayBk/Page-Vlink-Sale/input_Stored Credential Indicator_stored_cr_4ae73c'

2023-02-15 21:45:13 - [MESSAGE][PASSED] - Text '' is set on object 'Object Repository/RecAndPlayBk/Page-Vlink-Sale/input_Stored Credential Indicator_stored_cr_4ae73c'

2023-02-15 21:45:13 - [TEST_STEP][PASSED] - setText(findTestObject("Object Repository/RecAndPlayBk/Page-Vlink-Sale/input_COF Scheduled indicator_cof_scheduled_8df7d8"), ""): Text '' is set on object 'Object Repository/RecAndPlayBk/Page-Vlink-Sale/input_COF Scheduled indicator_cof_scheduled_8df7d8'

2023-02-15 21:45:14 - [MESSAGE][PASSED] - Text '' is set on object 'Object Repository/RecAndPlayBk/Page-Vlink-Sale/input_COF Scheduled indicator_cof_scheduled_8df7d8'

2023-02-15 21:45:14 - [TEST_STEP][PASSED] - setText(findTestObject("Object Repository/RecAndPlayBk/Page-Vlink-Sale/input_COF Transaction Initiated by_cof_tran_6cded5"), ""): Text '' is set on object 'Object Repository/RecAndPlayBk/Page-Vlink-Sale/input_COF Transaction Initiated by_cof_tran_6cded5'

2023-02-15 21:45:15 - [MESSAGE][PASSED] - Text '' is set on object 'Object Repository/RecAndPlayBk/Page-Vlink-Sale/input_COF Transaction Initiated by_cof_tran_6cded5'

2023-02-15 21:45:15 - [TEST_STEP][PASSED] - click(findTestObject("Object Repository/RecAndPlayBk/Page-Vlink-Sale/input")): Object: 'Object Repository/RecAndPlayBk/Page-Vlink-Sale/input' is clicked on

2023-02-15 21:45:15 - [MESSAGE][PASSED] - Object: 'Object Repository/RecAndPlayBk/Page-Vlink-Sale/input' is clicked on

2023-02-15 21:45:15 - [TEST_STEP][PASSED] - if (verifyTextPresent("invalid: amount", true)): null

2023-02-15 21:45:16 - [MESSAGE][PASSED] - Text 'invalid: amount' is present on page  using regular expression

2023-02-15 21:45:16 - [TEST_STEP][PASSED] - println("Parameter value(s) invalid: amount text is present on the Confirmation page"): null

2023-02-15 21:45:16 - [TEST_STEP][PASSED] - out.println("Pass Record Number: " + row): null

2023-02-15 21:45:16 - [TEST_STEP][PASSED] - resText = "Pass": null

2023-02-15 21:45:16 - [TEST_STEP][PASSED] - pages.WriteExcel.demoKey(resText, datText, resColumn, datCloumn, fileLoc, nameSheet, row): pages.WriteExcel.demoKey is PASSED

2023-02-15 21:45:16 - [MESSAGE][PASSED] - pages.WriteExcel.demoKey is PASSED

2023-02-15 21:45:16 - [TEST_STEP][PASSED] - ExecuteTC = findTestData(dataFile).getValue("Execute", row): null

2023-02-15 21:45:16 - [TEST_STEP][PASSED] - out.println("Value of Execute is : " + ExecuteTC): null

2023-02-15 21:45:16 - [TEST_STEP][PASSED] - switch (executionProfile): null

2023-02-15 21:45:16 - [TEST_STEP][PASSED] - case "QAProfile":: null

2023-02-15 21:45:16 - [TEST_STEP][PASSED] - appID = findTestData(dataFile).getValue("AppIDQA", row): null

2023-02-15 21:45:16 - [TEST_STEP][PASSED] - username = findTestData(dataFile).getValue("UsernameQA", row): null

2023-02-15 21:45:16 - [TEST_STEP][PASSED] - password = findTestData(dataFile).getValue("PasswordQA", row): null

2023-02-15 21:45:16 - [TEST_STEP][PASSED] - break: null

2023-02-15 21:45:16 - [TEST_STEP][PASSED] - if (ExecuteTC.equalsIgnoreCase("Y")): null

2023-02-15 21:45:16 - [TEST_STEP][PASSED] - out.println("Begin Record Number: " + row): null

2023-02-15 21:45:16 - [TEST_STEP][PASSED] - today = new java.util.Date(): null

2023-02-15 21:45:16 - [TEST_STEP][PASSED] - println(today): null

2023-02-15 21:45:16 - [TEST_STEP][PASSED] - datText = today: null

2023-02-15 21:45:16 - [TEST_STEP][PASSED] - category = findTestData(dataFile).getValue("Category", row): null

2023-02-15 21:45:16 - [TEST_STEP][PASSED] - amount = findTestData(dataFile).getValue("Amount", row): null

2023-02-15 21:45:16 - [TEST_STEP][PASSED] - cardNumber = findTestData(dataFile).getValue("CardNumber", row): null

2023-02-15 21:45:16 - [TEST_STEP][PASSED] - exM = findTestData(dataFile).getValue("ExM", row): null

2023-02-15 21:45:17 - [TEST_STEP][PASSED] - exY = findTestData(dataFile).getValue("ExY", row): null

2023-02-15 21:45:17 - [TEST_STEP][PASSED] - openBrowser(VLinkURL + "authcap.html"): Browser is opened with url: 'https://dev-algorithm.govolution.com/vlinktest/QA/version_2_0/authcap.html'

2023-02-15 21:45:17 - [MESSAGE][WARNING] - A browser is already opened. Closing browser and opening a new one

2023-02-15 21:45:18 - [MESSAGE][INFO] - Starting 'Chrome' driver

2023-02-15 21:45:18 - [MESSAGE][INFO] - User set preference: ['acceptInsecureCerts', 'true']

2023-02-15 21:45:18 - [MESSAGE][INFO] - Action delay is set to 0 milliseconds

2023-02-15 21:45:19 - [MESSAGE][PASSED] - Browser is opened with url: 'https://dev-algorithm.govolution.com/vlinktest/QA/version_2_0/authcap.html'

2023-02-15 21:45:19 - [TEST_STEP][PASSED] - maximizeWindow(): Current window maximized

2023-02-15 21:45:19 - [MESSAGE][PASSED] - Current window maximized

2023-02-15 21:45:19 - [TEST_STEP][PASSED] - maximizeWindow(): Current window maximized

2023-02-15 21:45:19 - [MESSAGE][PASSED] - Current window maximized

2023-02-15 21:45:19 - [TEST_STEP][PASSED] - genRemID = RandomStringUtils.random(12, true, true): null

2023-02-15 21:45:19 - [TEST_STEP][PASSED] - setText(findTestObject("Object Repository/RecAndPlayBk/Page-Vlink-Sale/input_Remittance Id_remittance_id"), genRemID): Text 'HnKzlAYPGaMC' is set on object 'Object Repository/RecAndPlayBk/Page-Vlink-Sale/input_Remittance Id_remittance_id'

2023-02-15 21:45:20 - [MESSAGE][PASSED] - Text 'HnKzlAYPGaMC' is set on object 'Object Repository/RecAndPlayBk/Page-Vlink-Sale/input_Remittance Id_remittance_id'

2023-02-15 21:45:20 - [TEST_STEP][PASSED] - setText(findTestObject("Object Repository/RecAndPlayBk/Page-Vlink-Sale/input_Application Id_application_id"), appID): Text '234' is set on object 'Object Repository/RecAndPlayBk/Page-Vlink-Sale/input_Application Id_application_id'

2023-02-15 21:45:21 - [MESSAGE][PASSED] - Text '234' is set on object 'Object Repository/RecAndPlayBk/Page-Vlink-Sale/input_Application Id_application_id'

2023-02-15 21:45:21 - [TEST_STEP][PASSED] - setText(findTestObject("Object Repository/RecAndPlayBk/Page-Vlink-Sale/input_Username_username"), username): Text 'username' is set on object 'Object Repository/RecAndPlayBk/Page-Vlink-Sale/input_Username_username'

2023-02-15 21:45:21 - [MESSAGE][PASSED] - Text 'username' is set on object 'Object Repository/RecAndPlayBk/Page-Vlink-Sale/input_Username_username'

2023-02-15 21:45:21 - [TEST_STEP][PASSED] - setText(findTestObject("Object Repository/RecAndPlayBk/Page-Vlink-Sale/input_Password_password"), password): Text 'password' is set on object 'Object Repository/RecAndPlayBk/Page-Vlink-Sale/input_Password_password'

2023-02-15 21:45:22 - [MESSAGE][PASSED] - Text 'password' is set on object 'Object Repository/RecAndPlayBk/Page-Vlink-Sale/input_Password_password'

2023-02-15 21:45:22 - [TEST_STEP][PASSED] - setText(findTestObject("Object Repository/RecAndPlayBk/Page-Vlink-Sale/input_Category_category"), category): Text 'RETL' is set on object 'Object Repository/RecAndPlayBk/Page-Vlink-Sale/input_Category_category'

2023-02-15 21:45:23 - [MESSAGE][PASSED] - Text 'RETL' is set on object 'Object Repository/RecAndPlayBk/Page-Vlink-Sale/input_Category_category'

2023-02-15 21:45:23 - [TEST_STEP][PASSED] - setText(findTestObject("Object Repository/RecAndPlayBk/Page-Vlink-Sale/input_Amount_amount"), amount): Text '0' is set on object 'Object Repository/RecAndPlayBk/Page-Vlink-Sale/input_Amount_amount'

2023-02-15 21:45:23 - [MESSAGE][PASSED] - Text '0' is set on object 'Object Repository/RecAndPlayBk/Page-Vlink-Sale/input_Amount_amount'

2023-02-15 21:45:23 - [TEST_STEP][PASSED] - setText(findTestObject("Object Repository/RecAndPlayBk/Page-Vlink-Sale/input_Card number_card_number"), cardNumber): Text '370000000000002' is set on object 'Object Repository/RecAndPlayBk/Page-Vlink-Sale/input_Card number_card_number'

2023-02-15 21:45:24 - [MESSAGE][PASSED] - Text '370000000000002' is set on object 'Object Repository/RecAndPlayBk/Page-Vlink-Sale/input_Card number_card_number'

2023-02-15 21:45:24 - [TEST_STEP][PASSED] - setText(findTestObject("Object Repository/RecAndPlayBk/Page-Vlink-Sale/input_Card ex month_card_exmo"), exM): Text '12' is set on object 'Object Repository/RecAndPlayBk/Page-Vlink-Sale/input_Card ex month_card_exmo'

2023-02-15 21:45:25 - [MESSAGE][PASSED] - Text '12' is set on object 'Object Repository/RecAndPlayBk/Page-Vlink-Sale/input_Card ex month_card_exmo'

2023-02-15 21:45:25 - [TEST_STEP][PASSED] - setText(findTestObject("Object Repository/RecAndPlayBk/Page-Vlink-Sale/input_Card ex year_card_exyr"), exY): Text '2029' is set on object 'Object Repository/RecAndPlayBk/Page-Vlink-Sale/input_Card ex year_card_exyr'

2023-02-15 21:45:25 - [MESSAGE][PASSED] - Text '2029' is set on object 'Object Repository/RecAndPlayBk/Page-Vlink-Sale/input_Card ex year_card_exyr'

2023-02-15 21:45:25 - [TEST_STEP][PASSED] - setText(findTestObject("Object Repository/RecAndPlayBk/Page-Vlink-Sale/input_Track Data_track_data"), ""): Text '' is set on object 'Object Repository/RecAndPlayBk/Page-Vlink-Sale/input_Track Data_track_data'

2023-02-15 21:45:26 - [MESSAGE][PASSED] - Text '' is set on object 'Object Repository/RecAndPlayBk/Page-Vlink-Sale/input_Track Data_track_data'

2023-02-15 21:45:26 - [TEST_STEP][PASSED] - setText(findTestObject("Object Repository/RecAndPlayBk/Page-Vlink-Sale/input_concat(Cardholder, , s email)_email"), ""): Text '' is set on object 'Object Repository/RecAndPlayBk/Page-Vlink-Sale/input_concat(Cardholder, , s email)_email'

2023-02-15 21:45:26 - [MESSAGE][PASSED] - Text '' is set on object 'Object Repository/RecAndPlayBk/Page-Vlink-Sale/input_concat(Cardholder, , s email)_email'

2023-02-15 21:45:26 - [TEST_STEP][PASSED] - click(findTestObject("Object Repository/RecAndPlayBk/Page-Vlink-Sale/input_user_defined10_user_defined10")): Object: 'Object Repository/RecAndPlayBk/Page-Vlink-Sale/input_user_defined10_user_defined10' is clicked on

2023-02-15 21:45:27 - [MESSAGE][PASSED] - Object: 'Object Repository/RecAndPlayBk/Page-Vlink-Sale/input_user_defined10_user_defined10' is clicked on

2023-02-15 21:45:27 - [TEST_STEP][PASSED] - if (executionProfile.equalsIgnoreCase("QAProfile") || executionProfile.equalsIgnoreCase("DemoProfile")): Text '' is set on object 'Object Repository/RecAndPlayBk/Page-Vlink-Sale/input_COF Transaction Initiated by_cof_tran_6cded5'

2023-02-15 21:45:27 - [TEST_STEP][PASSED] - setText(findTestObject("Object Repository/RecAndPlayBk/Page-Vlink-Sale/input_Card on File Indicator_card_on_file_i_157dae"), ""): Text '' is set on object 'Object Repository/RecAndPlayBk/Page-Vlink-Sale/input_Card on File Indicator_card_on_file_i_157dae'

2023-02-15 21:45:27 - [MESSAGE][PASSED] - Text '' is set on object 'Object Repository/RecAndPlayBk/Page-Vlink-Sale/input_Card on File Indicator_card_on_file_i_157dae'

2023-02-15 21:45:27 - [TEST_STEP][PASSED] - setText(findTestObject("Object Repository/RecAndPlayBk/Page-Vlink-Sale/input_Stored Credential Indicator_stored_cr_4ae73c"), ""): Text '' is set on object 'Object Repository/RecAndPlayBk/Page-Vlink-Sale/input_Stored Credential Indicator_stored_cr_4ae73c'

2023-02-15 21:45:28 - [MESSAGE][PASSED] - Text '' is set on object 'Object Repository/RecAndPlayBk/Page-Vlink-Sale/input_Stored Credential Indicator_stored_cr_4ae73c'

2023-02-15 21:45:28 - [TEST_STEP][PASSED] - setText(findTestObject("Object Repository/RecAndPlayBk/Page-Vlink-Sale/input_COF Scheduled indicator_cof_scheduled_8df7d8"), ""): Text '' is set on object 'Object Repository/RecAndPlayBk/Page-Vlink-Sale/input_COF Scheduled indicator_cof_scheduled_8df7d8'

2023-02-15 21:45:29 - [MESSAGE][PASSED] - Text '' is set on object 'Object Repository/RecAndPlayBk/Page-Vlink-Sale/input_COF Scheduled indicator_cof_scheduled_8df7d8'

2023-02-15 21:45:29 - [TEST_STEP][PASSED] - setText(findTestObject("Object Repository/RecAndPlayBk/Page-Vlink-Sale/input_COF Transaction Initiated by_cof_tran_6cded5"), ""): Text '' is set on object 'Object Repository/RecAndPlayBk/Page-Vlink-Sale/input_COF Transaction Initiated by_cof_tran_6cded5'

2023-02-15 21:45:29 - [MESSAGE][PASSED] - Text '' is set on object 'Object Repository/RecAndPlayBk/Page-Vlink-Sale/input_COF Transaction Initiated by_cof_tran_6cded5'

2023-02-15 21:45:29 - [TEST_STEP][PASSED] - click(findTestObject("Object Repository/RecAndPlayBk/Page-Vlink-Sale/input")): Object: 'Object Repository/RecAndPlayBk/Page-Vlink-Sale/input' is clicked on

2023-02-15 21:45:30 - [MESSAGE][PASSED] - Object: 'Object Repository/RecAndPlayBk/Page-Vlink-Sale/input' is clicked on

2023-02-15 21:45:30 - [TEST_STEP][PASSED] - if (verifyTextPresent("invalid: amount", true)): null

2023-02-15 21:45:30 - [MESSAGE][PASSED] - Text 'invalid: amount' is present on page  using regular expression

2023-02-15 21:45:30 - [TEST_STEP][PASSED] - println("Parameter value(s) invalid: amount text is present on the Confirmation page"): null

2023-02-15 21:45:30 - [TEST_STEP][PASSED] - out.println("Pass Record Number: " + row): null

2023-02-15 21:45:30 - [TEST_STEP][PASSED] - resText = "Pass": null

2023-02-15 21:45:30 - [TEST_STEP][PASSED] - pages.WriteExcel.demoKey(resText, datText, resColumn, datCloumn, fileLoc, nameSheet, row): pages.WriteExcel.demoKey is PASSED

2023-02-15 21:45:30 - [MESSAGE][PASSED] - pages.WriteExcel.demoKey is PASSED

2023-02-15 21:45:30 - [TEST_STEP][PASSED] - ExecuteTC = findTestData(dataFile).getValue("Execute", row): null

2023-02-15 21:45:30 - [TEST_STEP][PASSED] - out.println("Value of Execute is : " + ExecuteTC): null

2023-02-15 21:45:30 - [TEST_STEP][PASSED] - switch (executionProfile): null

2023-02-15 21:45:30 - [TEST_STEP][PASSED] - case "QAProfile":: null

2023-02-15 21:45:30 - [TEST_STEP][PASSED] - appID = findTestData(dataFile).getValue("AppIDQA", row): null

2023-02-15 21:45:30 - [TEST_STEP][PASSED] - username = findTestData(dataFile).getValue("UsernameQA", row): null

2023-02-15 21:45:31 - [TEST_STEP][PASSED] - password = findTestData(dataFile).getValue("PasswordQA", row): null

2023-02-15 21:45:31 - [TEST_STEP][PASSED] - break: null

2023-02-15 21:45:31 - [TEST_STEP][PASSED] - if (ExecuteTC.equalsIgnoreCase("Y")): null

2023-02-15 21:45:31 - [TEST_STEP][PASSED] - out.println("Begin Record Number: " + row): null

2023-02-15 21:45:31 - [TEST_STEP][PASSED] - today = new java.util.Date(): null

2023-02-15 21:45:31 - [TEST_STEP][PASSED] - println(today): null

2023-02-15 21:45:31 - [TEST_STEP][PASSED] - datText = today: null

2023-02-15 21:45:31 - [TEST_STEP][PASSED] - category = findTestData(dataFile).getValue("Category", row): null

2023-02-15 21:45:31 - [TEST_STEP][PASSED] - amount = findTestData(dataFile).getValue("Amount", row): null

2023-02-15 21:45:31 - [TEST_STEP][PASSED] - cardNumber = findTestData(dataFile).getValue("CardNumber", row): null

2023-02-15 21:45:31 - [TEST_STEP][PASSED] - exM = findTestData(dataFile).getValue("ExM", row): null

2023-02-15 21:45:31 - [TEST_STEP][PASSED] - exY = findTestData(dataFile).getValue("ExY", row): null

2023-02-15 21:45:31 - [TEST_STEP][PASSED] - openBrowser(VLinkURL + "authcap.html"): Browser is opened with url: 'https://dev-algorithm.govolution.com/vlinktest/QA/version_2_0/authcap.html'

2023-02-15 21:45:31 - [MESSAGE][WARNING] - A browser is already opened. Closing browser and opening a new one

2023-02-15 21:45:32 - [MESSAGE][INFO] - Starting 'Chrome' driver

2023-02-15 21:45:32 - [MESSAGE][INFO] - User set preference: ['acceptInsecureCerts', 'true']

2023-02-15 21:45:32 - [MESSAGE][INFO] - Action delay is set to 0 milliseconds

2023-02-15 21:45:34 - [MESSAGE][PASSED] - Browser is opened with url: 'https://dev-algorithm.govolution.com/vlinktest/QA/version_2_0/authcap.html'

2023-02-15 21:45:34 - [TEST_STEP][PASSED] - maximizeWindow(): Current window maximized

2023-02-15 21:45:34 - [MESSAGE][PASSED] - Current window maximized

2023-02-15 21:45:34 - [TEST_STEP][PASSED] - maximizeWindow(): Current window maximized

2023-02-15 21:45:34 - [MESSAGE][PASSED] - Current window maximized

2023-02-15 21:45:34 - [TEST_STEP][PASSED] - genRemID = RandomStringUtils.random(12, true, true): null

2023-02-15 21:45:34 - [TEST_STEP][PASSED] - setText(findTestObject("Object Repository/RecAndPlayBk/Page-Vlink-Sale/input_Remittance Id_remittance_id"), genRemID): Text 'RwN0NsffSZ31' is set on object 'Object Repository/RecAndPlayBk/Page-Vlink-Sale/input_Remittance Id_remittance_id'

2023-02-15 21:45:35 - [MESSAGE][PASSED] - Text 'RwN0NsffSZ31' is set on object 'Object Repository/RecAndPlayBk/Page-Vlink-Sale/input_Remittance Id_remittance_id'

2023-02-15 21:45:35 - [TEST_STEP][PASSED] - setText(findTestObject("Object Repository/RecAndPlayBk/Page-Vlink-Sale/input_Application Id_application_id"), appID): Text '87' is set on object 'Object Repository/RecAndPlayBk/Page-Vlink-Sale/input_Application Id_application_id'

2023-02-15 21:45:35 - [MESSAGE][PASSED] - Text '87' is set on object 'Object Repository/RecAndPlayBk/Page-Vlink-Sale/input_Application Id_application_id'

2023-02-15 21:45:35 - [TEST_STEP][PASSED] - setText(findTestObject("Object Repository/RecAndPlayBk/Page-Vlink-Sale/input_Username_username"), username): Text 'username' is set on object 'Object Repository/RecAndPlayBk/Page-Vlink-Sale/input_Username_username'

2023-02-15 21:45:36 - [MESSAGE][PASSED] - Text 'username' is set on object 'Object Repository/RecAndPlayBk/Page-Vlink-Sale/input_Username_username'

2023-02-15 21:45:36 - [TEST_STEP][PASSED] - setText(findTestObject("Object Repository/RecAndPlayBk/Page-Vlink-Sale/input_Password_password"), password): Text 'password' is set on object 'Object Repository/RecAndPlayBk/Page-Vlink-Sale/input_Password_password'

2023-02-15 21:45:36 - [MESSAGE][PASSED] - Text 'password' is set on object 'Object Repository/RecAndPlayBk/Page-Vlink-Sale/input_Password_password'

2023-02-15 21:45:36 - [TEST_STEP][PASSED] - setText(findTestObject("Object Repository/RecAndPlayBk/Page-Vlink-Sale/input_Category_category"), category): Text 'ECOM' is set on object 'Object Repository/RecAndPlayBk/Page-Vlink-Sale/input_Category_category'

2023-02-15 21:45:37 - [MESSAGE][PASSED] - Text 'ECOM' is set on object 'Object Repository/RecAndPlayBk/Page-Vlink-Sale/input_Category_category'

2023-02-15 21:45:37 - [TEST_STEP][PASSED] - setText(findTestObject("Object Repository/RecAndPlayBk/Page-Vlink-Sale/input_Amount_amount"), amount): Text '0' is set on object 'Object Repository/RecAndPlayBk/Page-Vlink-Sale/input_Amount_amount'

2023-02-15 21:45:38 - [MESSAGE][PASSED] - Text '0' is set on object 'Object Repository/RecAndPlayBk/Page-Vlink-Sale/input_Amount_amount'

2023-02-15 21:45:38 - [TEST_STEP][PASSED] - setText(findTestObject("Object Repository/RecAndPlayBk/Page-Vlink-Sale/input_Card number_card_number"), cardNumber): Text '4012000098765439' is set on object 'Object Repository/RecAndPlayBk/Page-Vlink-Sale/input_Card number_card_number'

2023-02-15 21:45:38 - [MESSAGE][PASSED] - Text '4012000098765439' is set on object 'Object Repository/RecAndPlayBk/Page-Vlink-Sale/input_Card number_card_number'

2023-02-15 21:45:38 - [TEST_STEP][PASSED] - setText(findTestObject("Object Repository/RecAndPlayBk/Page-Vlink-Sale/input_Card ex month_card_exmo"), exM): Text '12' is set on object 'Object Repository/RecAndPlayBk/Page-Vlink-Sale/input_Card ex month_card_exmo'

2023-02-15 21:45:39 - [MESSAGE][PASSED] - Text '12' is set on object 'Object Repository/RecAndPlayBk/Page-Vlink-Sale/input_Card ex month_card_exmo'

2023-02-15 21:45:39 - [TEST_STEP][PASSED] - setText(findTestObject("Object Repository/RecAndPlayBk/Page-Vlink-Sale/input_Card ex year_card_exyr"), exY): Text '2029' is set on object 'Object Repository/RecAndPlayBk/Page-Vlink-Sale/input_Card ex year_card_exyr'

2023-02-15 21:45:39 - [MESSAGE][PASSED] - Text '2029' is set on object 'Object Repository/RecAndPlayBk/Page-Vlink-Sale/input_Card ex year_card_exyr'

2023-02-15 21:45:39 - [TEST_STEP][PASSED] - setText(findTestObject("Object Repository/RecAndPlayBk/Page-Vlink-Sale/input_Track Data_track_data"), ""): Text '' is set on object 'Object Repository/RecAndPlayBk/Page-Vlink-Sale/input_Track Data_track_data'

2023-02-15 21:45:40 - [MESSAGE][PASSED] - Text '' is set on object 'Object Repository/RecAndPlayBk/Page-Vlink-Sale/input_Track Data_track_data'

2023-02-15 21:45:40 - [TEST_STEP][PASSED] - setText(findTestObject("Object Repository/RecAndPlayBk/Page-Vlink-Sale/input_concat(Cardholder, , s email)_email"), ""): Text '' is set on object 'Object Repository/RecAndPlayBk/Page-Vlink-Sale/input_concat(Cardholder, , s email)_email'

2023-02-15 21:45:41 - [MESSAGE][PASSED] - Text '' is set on object 'Object Repository/RecAndPlayBk/Page-Vlink-Sale/input_concat(Cardholder, , s email)_email'

2023-02-15 21:45:41 - [TEST_STEP][PASSED] - click(findTestObject("Object Repository/RecAndPlayBk/Page-Vlink-Sale/input_user_defined10_user_defined10")): Object: 'Object Repository/RecAndPlayBk/Page-Vlink-Sale/input_user_defined10_user_defined10' is clicked on

2023-02-15 21:45:41 - [MESSAGE][PASSED] - Object: 'Object Repository/RecAndPlayBk/Page-Vlink-Sale/input_user_defined10_user_defined10' is clicked on

2023-02-15 21:45:41 - [TEST_STEP][PASSED] - if (executionProfile.equalsIgnoreCase("QAProfile") || executionProfile.equalsIgnoreCase("DemoProfile")): Text '' is set on object 'Object Repository/RecAndPlayBk/Page-Vlink-Sale/input_COF Transaction Initiated by_cof_tran_6cded5'

2023-02-15 21:45:41 - [TEST_STEP][PASSED] - setText(findTestObject("Object Repository/RecAndPlayBk/Page-Vlink-Sale/input_Card on File Indicator_card_on_file_i_157dae"), ""): Text '' is set on object 'Object Repository/RecAndPlayBk/Page-Vlink-Sale/input_Card on File Indicator_card_on_file_i_157dae'

2023-02-15 21:45:42 - [MESSAGE][PASSED] - Text '' is set on object 'Object Repository/RecAndPlayBk/Page-Vlink-Sale/input_Card on File Indicator_card_on_file_i_157dae'

2023-02-15 21:45:42 - [TEST_STEP][PASSED] - setText(findTestObject("Object Repository/RecAndPlayBk/Page-Vlink-Sale/input_Stored Credential Indicator_stored_cr_4ae73c"), ""): Text '' is set on object 'Object Repository/RecAndPlayBk/Page-Vlink-Sale/input_Stored Credential Indicator_stored_cr_4ae73c'

2023-02-15 21:45:42 - [MESSAGE][PASSED] - Text '' is set on object 'Object Repository/RecAndPlayBk/Page-Vlink-Sale/input_Stored Credential Indicator_stored_cr_4ae73c'

2023-02-15 21:45:42 - [TEST_STEP][PASSED] - setText(findTestObject("Object Repository/RecAndPlayBk/Page-Vlink-Sale/input_COF Scheduled indicator_cof_scheduled_8df7d8"), ""): Text '' is set on object 'Object Repository/RecAndPlayBk/Page-Vlink-Sale/input_COF Scheduled indicator_cof_scheduled_8df7d8'

2023-02-15 21:45:43 - [MESSAGE][PASSED] - Text '' is set on object 'Object Repository/RecAndPlayBk/Page-Vlink-Sale/input_COF Scheduled indicator_cof_scheduled_8df7d8'

2023-02-15 21:45:43 - [TEST_STEP][PASSED] - setText(findTestObject("Object Repository/RecAndPlayBk/Page-Vlink-Sale/input_COF Transaction Initiated by_cof_tran_6cded5"), ""): Text '' is set on object 'Object Repository/RecAndPlayBk/Page-Vlink-Sale/input_COF Transaction Initiated by_cof_tran_6cded5'

2023-02-15 21:45:44 - [MESSAGE][PASSED] - Text '' is set on object 'Object Repository/RecAndPlayBk/Page-Vlink-Sale/input_COF Transaction Initiated by_cof_tran_6cded5'

2023-02-15 21:45:44 - [TEST_STEP][PASSED] - click(findTestObject("Object Repository/RecAndPlayBk/Page-Vlink-Sale/input")): Object: 'Object Repository/RecAndPlayBk/Page-Vlink-Sale/input' is clicked on

2023-02-15 21:45:44 - [MESSAGE][PASSED] - Object: 'Object Repository/RecAndPlayBk/Page-Vlink-Sale/input' is clicked on

2023-02-15 21:45:44 - [TEST_STEP][PASSED] - if (verifyTextPresent("invalid: amount", true)): null

2023-02-15 21:45:45 - [MESSAGE][PASSED] - Text 'invalid: amount' is present on page  using regular expression

2023-02-15 21:45:45 - [TEST_STEP][PASSED] - println("Parameter value(s) invalid: amount text is present on the Confirmation page"): null

2023-02-15 21:45:45 - [TEST_STEP][PASSED] - out.println("Pass Record Number: " + row): null

2023-02-15 21:45:45 - [TEST_STEP][PASSED] - resText = "Pass": null

2023-02-15 21:45:45 - [TEST_STEP][PASSED] - pages.WriteExcel.demoKey(resText, datText, resColumn, datCloumn, fileLoc, nameSheet, row): pages.WriteExcel.demoKey is PASSED

2023-02-15 21:45:45 - [MESSAGE][PASSED] - pages.WriteExcel.demoKey is PASSED

2023-02-15 21:45:45 - [TEST_STEP][PASSED] - ExecuteTC = findTestData(dataFile).getValue("Execute", row): null

2023-02-15 21:45:45 - [TEST_STEP][PASSED] - out.println("Value of Execute is : " + ExecuteTC): null

2023-02-15 21:45:45 - [TEST_STEP][PASSED] - switch (executionProfile): null

2023-02-15 21:45:45 - [TEST_STEP][PASSED] - case "QAProfile":: null

2023-02-15 21:45:45 - [TEST_STEP][PASSED] - appID = findTestData(dataFile).getValue("AppIDQA", row): null

2023-02-15 21:45:45 - [TEST_STEP][PASSED] - username = findTestData(dataFile).getValue("UsernameQA", row): null

2023-02-15 21:45:45 - [TEST_STEP][PASSED] - password = findTestData(dataFile).getValue("PasswordQA", row): null

2023-02-15 21:45:45 - [TEST_STEP][PASSED] - break: null

2023-02-15 21:45:45 - [TEST_STEP][PASSED] - if (ExecuteTC.equalsIgnoreCase("Y")): null

2023-02-15 21:45:45 - [TEST_STEP][PASSED] - out.println("Begin Record Number: " + row): null

2023-02-15 21:45:45 - [TEST_STEP][PASSED] - today = new java.util.Date(): null

2023-02-15 21:45:45 - [TEST_STEP][PASSED] - println(today): null

2023-02-15 21:45:45 - [TEST_STEP][PASSED] - datText = today: null

2023-02-15 21:45:45 - [TEST_STEP][PASSED] - category = findTestData(dataFile).getValue("Category", row): null

2023-02-15 21:45:45 - [TEST_STEP][PASSED] - amount = findTestData(dataFile).getValue("Amount", row): null

2023-02-15 21:45:45 - [TEST_STEP][PASSED] - cardNumber = findTestData(dataFile).getValue("CardNumber", row): null

2023-02-15 21:45:45 - [TEST_STEP][PASSED] - exM = findTestData(dataFile).getValue("ExM", row): null

2023-02-15 21:45:45 - [TEST_STEP][PASSED] - exY = findTestData(dataFile).getValue("ExY", row): null

2023-02-15 21:45:45 - [TEST_STEP][PASSED] - openBrowser(VLinkURL + "authcap.html"): Browser is opened with url: 'https://dev-algorithm.govolution.com/vlinktest/QA/version_2_0/authcap.html'

2023-02-15 21:45:45 - [MESSAGE][WARNING] - A browser is already opened. Closing browser and opening a new one

2023-02-15 21:45:46 - [MESSAGE][INFO] - Starting 'Chrome' driver

2023-02-15 21:45:46 - [MESSAGE][INFO] - User set preference: ['acceptInsecureCerts', 'true']

2023-02-15 21:45:46 - [MESSAGE][INFO] - Action delay is set to 0 milliseconds

2023-02-15 21:45:48 - [MESSAGE][PASSED] - Browser is opened with url: 'https://dev-algorithm.govolution.com/vlinktest/QA/version_2_0/authcap.html'

2023-02-15 21:45:48 - [TEST_STEP][PASSED] - maximizeWindow(): Current window maximized

2023-02-15 21:45:48 - [MESSAGE][PASSED] - Current window maximized

2023-02-15 21:45:48 - [TEST_STEP][PASSED] - maximizeWindow(): Current window maximized

2023-02-15 21:45:48 - [MESSAGE][PASSED] - Current window maximized

2023-02-15 21:45:48 - [TEST_STEP][PASSED] - genRemID = RandomStringUtils.random(12, true, true): null

2023-02-15 21:45:48 - [TEST_STEP][PASSED] - setText(findTestObject("Object Repository/RecAndPlayBk/Page-Vlink-Sale/input_Remittance Id_remittance_id"), genRemID): Text 'Z3A4yWnaymz7' is set on object 'Object Repository/RecAndPlayBk/Page-Vlink-Sale/input_Remittance Id_remittance_id'

2023-02-15 21:45:49 - [MESSAGE][PASSED] - Text 'Z3A4yWnaymz7' is set on object 'Object Repository/RecAndPlayBk/Page-Vlink-Sale/input_Remittance Id_remittance_id'

2023-02-15 21:45:49 - [TEST_STEP][PASSED] - setText(findTestObject("Object Repository/RecAndPlayBk/Page-Vlink-Sale/input_Application Id_application_id"), appID): Text '581' is set on object 'Object Repository/RecAndPlayBk/Page-Vlink-Sale/input_Application Id_application_id'

2023-02-15 21:45:50 - [MESSAGE][PASSED] - Text '581' is set on object 'Object Repository/RecAndPlayBk/Page-Vlink-Sale/input_Application Id_application_id'

2023-02-15 21:45:50 - [TEST_STEP][PASSED] - setText(findTestObject("Object Repository/RecAndPlayBk/Page-Vlink-Sale/input_Username_username"), username): Text 'usr581' is set on object 'Object Repository/RecAndPlayBk/Page-Vlink-Sale/input_Username_username'

2023-02-15 21:45:50 - [MESSAGE][PASSED] - Text 'usr581' is set on object 'Object Repository/RecAndPlayBk/Page-Vlink-Sale/input_Username_username'

2023-02-15 21:45:50 - [TEST_STEP][PASSED] - setText(findTestObject("Object Repository/RecAndPlayBk/Page-Vlink-Sale/input_Password_password"), password): Text 'pwd581' is set on object 'Object Repository/RecAndPlayBk/Page-Vlink-Sale/input_Password_password'

2023-02-15 21:45:51 - [MESSAGE][PASSED] - Text 'pwd581' is set on object 'Object Repository/RecAndPlayBk/Page-Vlink-Sale/input_Password_password'

2023-02-15 21:45:51 - [TEST_STEP][PASSED] - setText(findTestObject("Object Repository/RecAndPlayBk/Page-Vlink-Sale/input_Category_category"), category): Text 'ECOM' is set on object 'Object Repository/RecAndPlayBk/Page-Vlink-Sale/input_Category_category'

2023-02-15 21:45:51 - [MESSAGE][PASSED] - Text 'ECOM' is set on object 'Object Repository/RecAndPlayBk/Page-Vlink-Sale/input_Category_category'

2023-02-15 21:45:51 - [TEST_STEP][PASSED] - setText(findTestObject("Object Repository/RecAndPlayBk/Page-Vlink-Sale/input_Amount_amount"), amount): Text '0' is set on object 'Object Repository/RecAndPlayBk/Page-Vlink-Sale/input_Amount_amount'

2023-02-15 21:45:52 - [MESSAGE][PASSED] - Text '0' is set on object 'Object Repository/RecAndPlayBk/Page-Vlink-Sale/input_Amount_amount'

2023-02-15 21:45:52 - [TEST_STEP][PASSED] - setText(findTestObject("Object Repository/RecAndPlayBk/Page-Vlink-Sale/input_Card number_card_number"), cardNumber): Text '5146312200000035' is set on object 'Object Repository/RecAndPlayBk/Page-Vlink-Sale/input_Card number_card_number'

2023-02-15 21:45:53 - [MESSAGE][PASSED] - Text '5146312200000035' is set on object 'Object Repository/RecAndPlayBk/Page-Vlink-Sale/input_Card number_card_number'

2023-02-15 21:45:53 - [TEST_STEP][PASSED] - setText(findTestObject("Object Repository/RecAndPlayBk/Page-Vlink-Sale/input_Card ex month_card_exmo"), exM): Text '12' is set on object 'Object Repository/RecAndPlayBk/Page-Vlink-Sale/input_Card ex month_card_exmo'

2023-02-15 21:45:53 - [MESSAGE][PASSED] - Text '12' is set on object 'Object Repository/RecAndPlayBk/Page-Vlink-Sale/input_Card ex month_card_exmo'

2023-02-15 21:45:53 - [TEST_STEP][PASSED] - setText(findTestObject("Object Repository/RecAndPlayBk/Page-Vlink-Sale/input_Card ex year_card_exyr"), exY): Text '2029' is set on object 'Object Repository/RecAndPlayBk/Page-Vlink-Sale/input_Card ex year_card_exyr'

2023-02-15 21:45:54 - [MESSAGE][PASSED] - Text '2029' is set on object 'Object Repository/RecAndPlayBk/Page-Vlink-Sale/input_Card ex year_card_exyr'

2023-02-15 21:45:54 - [TEST_STEP][PASSED] - setText(findTestObject("Object Repository/RecAndPlayBk/Page-Vlink-Sale/input_Track Data_track_data"), ""): Text '' is set on object 'Object Repository/RecAndPlayBk/Page-Vlink-Sale/input_Track Data_track_data'

2023-02-15 21:45:54 - [MESSAGE][PASSED] - Text '' is set on object 'Object Repository/RecAndPlayBk/Page-Vlink-Sale/input_Track Data_track_data'

2023-02-15 21:45:54 - [TEST_STEP][PASSED] - setText(findTestObject("Object Repository/RecAndPlayBk/Page-Vlink-Sale/input_concat(Cardholder, , s email)_email"), ""): Text '' is set on object 'Object Repository/RecAndPlayBk/Page-Vlink-Sale/input_concat(Cardholder, , s email)_email'

2023-02-15 21:45:55 - [MESSAGE][PASSED] - Text '' is set on object 'Object Repository/RecAndPlayBk/Page-Vlink-Sale/input_concat(Cardholder, , s email)_email'

2023-02-15 21:45:55 - [TEST_STEP][PASSED] - click(findTestObject("Object Repository/RecAndPlayBk/Page-Vlink-Sale/input_user_defined10_user_defined10")): Object: 'Object Repository/RecAndPlayBk/Page-Vlink-Sale/input_user_defined10_user_defined10' is clicked on

2023-02-15 21:45:55 - [MESSAGE][PASSED] - Object: 'Object Repository/RecAndPlayBk/Page-Vlink-Sale/input_user_defined10_user_defined10' is clicked on

2023-02-15 21:45:55 - [TEST_STEP][PASSED] - if (executionProfile.equalsIgnoreCase("QAProfile") || executionProfile.equalsIgnoreCase("DemoProfile")): Text '' is set on object 'Object Repository/RecAndPlayBk/Page-Vlink-Sale/input_COF Transaction Initiated by_cof_tran_6cded5'

2023-02-15 21:45:55 - [TEST_STEP][PASSED] - setText(findTestObject("Object Repository/RecAndPlayBk/Page-Vlink-Sale/input_Card on File Indicator_card_on_file_i_157dae"), ""): Text '' is set on object 'Object Repository/RecAndPlayBk/Page-Vlink-Sale/input_Card on File Indicator_card_on_file_i_157dae'

2023-02-15 21:45:56 - [MESSAGE][PASSED] - Text '' is set on object 'Object Repository/RecAndPlayBk/Page-Vlink-Sale/input_Card on File Indicator_card_on_file_i_157dae'

2023-02-15 21:45:56 - [TEST_STEP][PASSED] - setText(findTestObject("Object Repository/RecAndPlayBk/Page-Vlink-Sale/input_Stored Credential Indicator_stored_cr_4ae73c"), ""): Text '' is set on object 'Object Repository/RecAndPlayBk/Page-Vlink-Sale/input_Stored Credential Indicator_stored_cr_4ae73c'

2023-02-15 21:45:57 - [MESSAGE][PASSED] - Text '' is set on object 'Object Repository/RecAndPlayBk/Page-Vlink-Sale/input_Stored Credential Indicator_stored_cr_4ae73c'

2023-02-15 21:45:57 - [TEST_STEP][PASSED] - setText(findTestObject("Object Repository/RecAndPlayBk/Page-Vlink-Sale/input_COF Scheduled indicator_cof_scheduled_8df7d8"), ""): Text '' is set on object 'Object Repository/RecAndPlayBk/Page-Vlink-Sale/input_COF Scheduled indicator_cof_scheduled_8df7d8'

2023-02-15 21:45:57 - [MESSAGE][PASSED] - Text '' is set on object 'Object Repository/RecAndPlayBk/Page-Vlink-Sale/input_COF Scheduled indicator_cof_scheduled_8df7d8'

2023-02-15 21:45:57 - [TEST_STEP][PASSED] - setText(findTestObject("Object Repository/RecAndPlayBk/Page-Vlink-Sale/input_COF Transaction Initiated by_cof_tran_6cded5"), ""): Text '' is set on object 'Object Repository/RecAndPlayBk/Page-Vlink-Sale/input_COF Transaction Initiated by_cof_tran_6cded5'

2023-02-15 21:45:58 - [MESSAGE][PASSED] - Text '' is set on object 'Object Repository/RecAndPlayBk/Page-Vlink-Sale/input_COF Transaction Initiated by_cof_tran_6cded5'

2023-02-15 21:45:58 - [TEST_STEP][PASSED] - click(findTestObject("Object Repository/RecAndPlayBk/Page-Vlink-Sale/input")): Object: 'Object Repository/RecAndPlayBk/Page-Vlink-Sale/input' is clicked on

2023-02-15 21:45:59 - [MESSAGE][PASSED] - Object: 'Object Repository/RecAndPlayBk/Page-Vlink-Sale/input' is clicked on

2023-02-15 21:45:59 - [TEST_STEP][PASSED] - if (verifyTextPresent("invalid: amount", true)): null

2023-02-15 21:45:59 - [MESSAGE][PASSED] - Text 'invalid: amount' is present on page  using regular expression

2023-02-15 21:45:59 - [TEST_STEP][PASSED] - println("Parameter value(s) invalid: amount text is present on the Confirmation page"): null

2023-02-15 21:45:59 - [TEST_STEP][PASSED] - out.println("Pass Record Number: " + row): null

2023-02-15 21:45:59 - [TEST_STEP][PASSED] - resText = "Pass": null

2023-02-15 21:45:59 - [TEST_STEP][PASSED] - pages.WriteExcel.demoKey(resText, datText, resColumn, datCloumn, fileLoc, nameSheet, row): pages.WriteExcel.demoKey is PASSED

2023-02-15 21:45:59 - [MESSAGE][PASSED] - pages.WriteExcel.demoKey is PASSED]]></system-out>
         <system-err><![CDATA[]]></system-err>
      </testcase>
      <testcase name="Test Cases/RecAndPlayBk/VLink/Sale-Void-NoTranxID" time="118.607" classname="Test Cases/RecAndPlayBk/VLink/Sale-Void-NoTranxID" status="FAILED">
         <failure type="FAILED" message="Test Cases/RecAndPlayBk/VLink/Sale-Void-NoTranxID FAILED.
Reason:
com.kms.katalon.core.exception.StepFailedException: Text 'Transaction approved, no errors' is not present on page  using regular expression (Root cause: com.kms.katalon.core.exception.StepFailedException: Text 'Transaction approved, no errors' is not present on page  using regular expression
	at com.kms.katalon.core.webui.keyword.internal.WebUIKeywordMain.stepFailed(WebUIKeywordMain.groovy:64)
	at com.kms.katalon.core.webui.keyword.builtin.VerifyTextPresentKeyword$_verifyTextPresent_closure1.doCall(VerifyTextPresentKeyword.groovy:79)
	at com.kms.katalon.core.webui.keyword.builtin.VerifyTextPresentKeyword$_verifyTextPresent_closure1.call(VerifyTextPresentKeyword.groovy)
	at com.kms.katalon.core.webui.keyword.internal.WebUIKeywordMain.runKeyword(WebUIKeywordMain.groovy:20)
	at com.kms.katalon.core.webui.keyword.builtin.VerifyTextPresentKeyword.verifyTextPresent(VerifyTextPresentKeyword.groovy:83)
	at com.kms.katalon.core.webui.keyword.builtin.VerifyTextPresentKeyword.execute(VerifyTextPresentKeyword.groovy:68)
	at com.kms.katalon.core.keyword.internal.KeywordExecutor.executeKeywordForPlatform(KeywordExecutor.groovy:74)
	at com.kms.katalon.core.webui.keyword.WebUiBuiltInKeywords.verifyTextPresent(WebUiBuiltInKeywords.groovy:1723)
	at com.kms.katalon.core.webui.keyword.WebUiBuiltInKeywords$verifyTextPresent$4.call(Unknown Source)
	at Sale-Void-NoTranxID.run(Sale-Void-NoTranxID:155)
	at com.kms.katalon.core.main.ScriptEngine.run(ScriptEngine.java:194)
	at com.kms.katalon.core.main.ScriptEngine.runScriptAsRawText(ScriptEngine.java:119)
	at com.kms.katalon.core.main.TestCaseExecutor.runScript(TestCaseExecutor.java:442)
	at com.kms.katalon.core.main.TestCaseExecutor.doExecute(TestCaseExecutor.java:433)
	at com.kms.katalon.core.main.TestCaseExecutor.processExecutionPhase(TestCaseExecutor.java:412)
	at com.kms.katalon.core.main.TestCaseExecutor.accessMainPhase(TestCaseExecutor.java:404)
	at com.kms.katalon.core.main.TestCaseExecutor.execute(TestCaseExecutor.java:281)
	at com.kms.katalon.core.main.TestSuiteExecutor.accessTestCaseMainPhase(TestSuiteExecutor.java:202)
	at com.kms.katalon.core.main.TestSuiteExecutor.accessTestSuiteMainPhase(TestSuiteExecutor.java:164)
	at com.kms.katalon.core.main.TestSuiteExecutor.execute(TestSuiteExecutor.java:105)
	at com.kms.katalon.core.main.TestCaseMain.startTestSuite(TestCaseMain.java:185)
	at com.kms.katalon.core.main.TestCaseMain$startTestSuite$0.call(Unknown Source)
	at TempTestSuite1676514794135.run(TempTestSuite1676514794135.groovy:36)
)
	at com.kms.katalon.core.keyword.internal.KeywordMain.stepFailed(KeywordMain.groovy:39)
	at com.kms.katalon.core.webui.keyword.internal.WebUIKeywordMain.stepFailed(WebUIKeywordMain.groovy:64)
	at com.kms.katalon.core.webui.keyword.builtin.VerifyTextPresentKeyword$_verifyTextPresent_closure1.doCall(VerifyTextPresentKeyword.groovy:79)
	at com.kms.katalon.core.webui.keyword.builtin.VerifyTextPresentKeyword$_verifyTextPresent_closure1.call(VerifyTextPresentKeyword.groovy)
	at com.kms.katalon.core.webui.keyword.internal.WebUIKeywordMain.runKeyword(WebUIKeywordMain.groovy:20)
	at com.kms.katalon.core.webui.keyword.builtin.VerifyTextPresentKeyword.verifyTextPresent(VerifyTextPresentKeyword.groovy:83)
	at com.kms.katalon.core.webui.keyword.builtin.VerifyTextPresentKeyword.execute(VerifyTextPresentKeyword.groovy:68)
	at com.kms.katalon.core.keyword.internal.KeywordExecutor.executeKeywordForPlatform(KeywordExecutor.groovy:74)
	at com.kms.katalon.core.webui.keyword.WebUiBuiltInKeywords.verifyTextPresent(WebUiBuiltInKeywords.groovy:1723)
	at com.kms.katalon.core.webui.keyword.WebUiBuiltInKeywords$verifyTextPresent$4.call(Unknown Source)
	at Sale-Void-NoTranxID.run(Sale-Void-NoTranxID:155)
	at com.kms.katalon.core.main.ScriptEngine.run(ScriptEngine.java:194)
	at com.kms.katalon.core.main.ScriptEngine.runScriptAsRawText(ScriptEngine.java:119)
	at com.kms.katalon.core.main.TestCaseExecutor.runScript(TestCaseExecutor.java:442)
	at com.kms.katalon.core.main.TestCaseExecutor.doExecute(TestCaseExecutor.java:433)
	at com.kms.katalon.core.main.TestCaseExecutor.processExecutionPhase(TestCaseExecutor.java:412)
	at com.kms.katalon.core.main.TestCaseExecutor.accessMainPhase(TestCaseExecutor.java:404)
	at com.kms.katalon.core.main.TestCaseExecutor.execute(TestCaseExecutor.java:281)
	at com.kms.katalon.core.main.TestSuiteExecutor.accessTestCaseMainPhase(TestSuiteExecutor.java:202)
	at com.kms.katalon.core.main.TestSuiteExecutor.accessTestSuiteMainPhase(TestSuiteExecutor.java:164)
	at com.kms.katalon.core.main.TestSuiteExecutor.execute(TestSuiteExecutor.java:105)
	at com.kms.katalon.core.main.TestCaseMain.startTestSuite(TestCaseMain.java:185)
	at com.kms.katalon.core.main.TestCaseMain$startTestSuite$0.call(Unknown Source)
	at TempTestSuite1676514794135.run(TempTestSuite1676514794135.groovy:36)
Caused by: com.kms.katalon.core.exception.StepFailedException: Text 'Transaction approved, no errors' is not present on page  using regular expression
	... 23 more
"/>
         <system-out><![CDATA[2023-02-15 21:45:59 - [TEST_CASE][FAILED] - Test Cases/RecAndPlayBk/VLink/Sale-Void-NoTranxID: Test Cases/RecAndPlayBk/VLink/Sale-Void-NoTranxID FAILED.
Reason:
com.kms.katalon.core.exception.StepFailedException: Text 'Transaction approved, no errors' is not present on page  using regular expression (Root cause: com.kms.katalon.core.exception.StepFailedException: Text 'Transaction approved, no errors' is not present on page  using regular expression
	at com.kms.katalon.core.webui.keyword.internal.WebUIKeywordMain.stepFailed(WebUIKeywordMain.groovy:64)
	at com.kms.katalon.core.webui.keyword.builtin.VerifyTextPresentKeyword$_verifyTextPresent_closure1.doCall(VerifyTextPresentKeyword.groovy:79)
	at com.kms.katalon.core.webui.keyword.builtin.VerifyTextPresentKeyword$_verifyTextPresent_closure1.call(VerifyTextPresentKeyword.groovy)
	at com.kms.katalon.core.webui.keyword.internal.WebUIKeywordMain.runKeyword(WebUIKeywordMain.groovy:20)
	at com.kms.katalon.core.webui.keyword.builtin.VerifyTextPresentKeyword.verifyTextPresent(VerifyTextPresentKeyword.groovy:83)
	at com.kms.katalon.core.webui.keyword.builtin.VerifyTextPresentKeyword.execute(VerifyTextPresentKeyword.groovy:68)
	at com.kms.katalon.core.keyword.internal.KeywordExecutor.executeKeywordForPlatform(KeywordExecutor.groovy:74)
	at com.kms.katalon.core.webui.keyword.WebUiBuiltInKeywords.verifyTextPresent(WebUiBuiltInKeywords.groovy:1723)
	at com.kms.katalon.core.webui.keyword.WebUiBuiltInKeywords$verifyTextPresent$4.call(Unknown Source)
	at Sale-Void-NoTranxID.run(Sale-Void-NoTranxID:155)
	at com.kms.katalon.core.main.ScriptEngine.run(ScriptEngine.java:194)
	at com.kms.katalon.core.main.ScriptEngine.runScriptAsRawText(ScriptEngine.java:119)
	at com.kms.katalon.core.main.TestCaseExecutor.runScript(TestCaseExecutor.java:442)
	at com.kms.katalon.core.main.TestCaseExecutor.doExecute(TestCaseExecutor.java:433)
	at com.kms.katalon.core.main.TestCaseExecutor.processExecutionPhase(TestCaseExecutor.java:412)
	at com.kms.katalon.core.main.TestCaseExecutor.accessMainPhase(TestCaseExecutor.java:404)
	at com.kms.katalon.core.main.TestCaseExecutor.execute(TestCaseExecutor.java:281)
	at com.kms.katalon.core.main.TestSuiteExecutor.accessTestCaseMainPhase(TestSuiteExecutor.java:202)
	at com.kms.katalon.core.main.TestSuiteExecutor.accessTestSuiteMainPhase(TestSuiteExecutor.java:164)
	at com.kms.katalon.core.main.TestSuiteExecutor.execute(TestSuiteExecutor.java:105)
	at com.kms.katalon.core.main.TestCaseMain.startTestSuite(TestCaseMain.java:185)
	at com.kms.katalon.core.main.TestCaseMain$startTestSuite$0.call(Unknown Source)
	at TempTestSuite1676514794135.run(TempTestSuite1676514794135.groovy:36)
)
	at com.kms.katalon.core.keyword.internal.KeywordMain.stepFailed(KeywordMain.groovy:39)
	at com.kms.katalon.core.webui.keyword.internal.WebUIKeywordMain.stepFailed(WebUIKeywordMain.groovy:64)
	at com.kms.katalon.core.webui.keyword.builtin.VerifyTextPresentKeyword$_verifyTextPresent_closure1.doCall(VerifyTextPresentKeyword.groovy:79)
	at com.kms.katalon.core.webui.keyword.builtin.VerifyTextPresentKeyword$_verifyTextPresent_closure1.call(VerifyTextPresentKeyword.groovy)
	at com.kms.katalon.core.webui.keyword.internal.WebUIKeywordMain.runKeyword(WebUIKeywordMain.groovy:20)
	at com.kms.katalon.core.webui.keyword.builtin.VerifyTextPresentKeyword.verifyTextPresent(VerifyTextPresentKeyword.groovy:83)
	at com.kms.katalon.core.webui.keyword.builtin.VerifyTextPresentKeyword.execute(VerifyTextPresentKeyword.groovy:68)
	at com.kms.katalon.core.keyword.internal.KeywordExecutor.executeKeywordForPlatform(KeywordExecutor.groovy:74)
	at com.kms.katalon.core.webui.keyword.WebUiBuiltInKeywords.verifyTextPresent(WebUiBuiltInKeywords.groovy:1723)
	at com.kms.katalon.core.webui.keyword.WebUiBuiltInKeywords$verifyTextPresent$4.call(Unknown Source)
	at Sale-Void-NoTranxID.run(Sale-Void-NoTranxID:155)
	at com.kms.katalon.core.main.ScriptEngine.run(ScriptEngine.java:194)
	at com.kms.katalon.core.main.ScriptEngine.runScriptAsRawText(ScriptEngine.java:119)
	at com.kms.katalon.core.main.TestCaseExecutor.runScript(TestCaseExecutor.java:442)
	at com.kms.katalon.core.main.TestCaseExecutor.doExecute(TestCaseExecutor.java:433)
	at com.kms.katalon.core.main.TestCaseExecutor.processExecutionPhase(TestCaseExecutor.java:412)
	at com.kms.katalon.core.main.TestCaseExecutor.accessMainPhase(TestCaseExecutor.java:404)
	at com.kms.katalon.core.main.TestCaseExecutor.execute(TestCaseExecutor.java:281)
	at com.kms.katalon.core.main.TestSuiteExecutor.accessTestCaseMainPhase(TestSuiteExecutor.java:202)
	at com.kms.katalon.core.main.TestSuiteExecutor.accessTestSuiteMainPhase(TestSuiteExecutor.java:164)
	at com.kms.katalon.core.main.TestSuiteExecutor.execute(TestSuiteExecutor.java:105)
	at com.kms.katalon.core.main.TestCaseMain.startTestSuite(TestCaseMain.java:185)
	at com.kms.katalon.core.main.TestCaseMain$startTestSuite$0.call(Unknown Source)
	at TempTestSuite1676514794135.run(TempTestSuite1676514794135.groovy:36)
Caused by: com.kms.katalon.core.exception.StepFailedException: Text 'Transaction approved, no errors' is not present on page  using regular expression
	... 23 more


2023-02-15 21:45:59 - [TEST_STEP][PASSED] - executionProfile = getExecutionProfile(): null

2023-02-15 21:45:59 - [TEST_STEP][PASSED] - out.println("executionProfile : " + executionProfile): null

2023-02-15 21:45:59 - [TEST_STEP][PASSED] - appName = <not implemented yet for class: org.codehaus.groovy.ast.expr.EmptyExpression>: null

2023-02-15 21:45:59 - [TEST_STEP][PASSED] - appID = <not implemented yet for class: org.codehaus.groovy.ast.expr.EmptyExpression>: null

2023-02-15 21:45:59 - [TEST_STEP][PASSED] - username = <not implemented yet for class: org.codehaus.groovy.ast.expr.EmptyExpression>: null

2023-02-15 21:45:59 - [TEST_STEP][PASSED] - password = <not implemented yet for class: org.codehaus.groovy.ast.expr.EmptyExpression>: null

2023-02-15 21:45:59 - [TEST_STEP][PASSED] - cardNameV = <not implemented yet for class: org.codehaus.groovy.ast.expr.EmptyExpression>: null

2023-02-15 21:45:59 - [TEST_STEP][PASSED] - al1V = <not implemented yet for class: org.codehaus.groovy.ast.expr.EmptyExpression>: null

2023-02-15 21:45:59 - [TEST_STEP][PASSED] - al2V = <not implemented yet for class: org.codehaus.groovy.ast.expr.EmptyExpression>: null

2023-02-15 21:45:59 - [TEST_STEP][PASSED] - zipV = <not implemented yet for class: org.codehaus.groovy.ast.expr.EmptyExpression>: null

2023-02-15 21:45:59 - [TEST_STEP][PASSED] - cardTypeV = <not implemented yet for class: org.codehaus.groovy.ast.expr.EmptyExpression>: null

2023-02-15 21:45:59 - [TEST_STEP][PASSED] - last4V = <not implemented yet for class: org.codehaus.groovy.ast.expr.EmptyExpression>: null

2023-02-15 21:45:59 - [TEST_STEP][PASSED] - resText = "Fail": null

2023-02-15 21:45:59 - [TEST_STEP][PASSED] - resColumn = "Result": null

2023-02-15 21:45:59 - [TEST_STEP][PASSED] - datCloumn = "Date": null

2023-02-15 21:45:59 - [TEST_STEP][PASSED] - fileLoc = "KatalonData/VLinkSmokeData.xlsx": null

2023-02-15 21:45:59 - [TEST_STEP][PASSED] - numOfRows = <not implemented yet for class: org.codehaus.groovy.ast.expr.EmptyExpression>: null

2023-02-15 21:45:59 - [TEST_STEP][PASSED] - dataFile = <not implemented yet for class: org.codehaus.groovy.ast.expr.EmptyExpression>: null

2023-02-15 21:45:59 - [TEST_STEP][PASSED] - nameSheet = <not implemented yet for class: org.codehaus.groovy.ast.expr.EmptyExpression>: null

2023-02-15 21:45:59 - [TEST_STEP][PASSED] - nameSheet = "Sale-Void-NoTranxID": null

2023-02-15 21:45:59 - [TEST_STEP][PASSED] - numOfRows = findTestData("QA/VLinkTestData/VLinkSaleVoidNoTranxID").getRowNumbers(): null

2023-02-15 21:45:59 - [TEST_STEP][PASSED] - println("Number of Records: " + numOfRows): null

2023-02-15 21:45:59 - [TEST_STEP][PASSED] - dataFile = "QA/VLinkTestData/VLinkSaleVoidNoTranxID": null

2023-02-15 21:45:59 - [TEST_STEP][FAILED] - for ([row = 1, row <= numOfRows, (row++)]): null

2023-02-15 21:45:59 - [TEST_STEP][PASSED] - ExecuteTC = findTestData(dataFile).getValue("Execute", row): null

2023-02-15 21:46:00 - [TEST_STEP][PASSED] - out.println("Value of Execute is : " + ExecuteTC): null

2023-02-15 21:46:00 - [TEST_STEP][PASSED] - switch (executionProfile): null

2023-02-15 21:46:00 - [TEST_STEP][PASSED] - case "QAProfile":: null

2023-02-15 21:46:00 - [TEST_STEP][PASSED] - appID = findTestData(dataFile).getValue("AppIDQA", row): null

2023-02-15 21:46:00 - [TEST_STEP][PASSED] - username = findTestData(dataFile).getValue("UsernameQA", row): null

2023-02-15 21:46:00 - [TEST_STEP][PASSED] - password = findTestData(dataFile).getValue("PasswordQA", row): null

2023-02-15 21:46:00 - [TEST_STEP][PASSED] - break: null

2023-02-15 21:46:00 - [TEST_STEP][PASSED] - if (ExecuteTC.equalsIgnoreCase("Y")): null

2023-02-15 21:46:00 - [TEST_STEP][PASSED] - out.println("Begin Record Number: " + row): null

2023-02-15 21:46:00 - [TEST_STEP][PASSED] - today = new java.util.Date(): null

2023-02-15 21:46:00 - [TEST_STEP][PASSED] - println(today): null

2023-02-15 21:46:00 - [TEST_STEP][PASSED] - datText = today: null

2023-02-15 21:46:00 - [TEST_STEP][PASSED] - category = findTestData(dataFile).getValue("Category", row): null

2023-02-15 21:46:00 - [TEST_STEP][PASSED] - amount = findTestData(dataFile).getValue("Amount", row): null

2023-02-15 21:46:00 - [TEST_STEP][PASSED] - cardNumber = findTestData(dataFile).getValue("CardNumber", row): null

2023-02-15 21:46:00 - [TEST_STEP][PASSED] - exM = findTestData(dataFile).getValue("ExM", row): null

2023-02-15 21:46:00 - [TEST_STEP][PASSED] - exY = findTestData(dataFile).getValue("ExY", row): null

2023-02-15 21:46:00 - [TEST_STEP][PASSED] - openBrowser(VLinkURL + "authcap.html"): Browser is opened with url: 'https://dev-algorithm.govolution.com/vlinktest/QA/version_2_0/authcap.html'

2023-02-15 21:46:00 - [MESSAGE][WARNING] - A browser is already opened. Closing browser and opening a new one

2023-02-15 21:46:01 - [MESSAGE][INFO] - Starting 'Chrome' driver

2023-02-15 21:46:01 - [MESSAGE][INFO] - User set preference: ['acceptInsecureCerts', 'true']

2023-02-15 21:46:01 - [MESSAGE][INFO] - Action delay is set to 0 milliseconds

2023-02-15 21:46:03 - [MESSAGE][PASSED] - Browser is opened with url: 'https://dev-algorithm.govolution.com/vlinktest/QA/version_2_0/authcap.html'

2023-02-15 21:46:03 - [TEST_STEP][PASSED] - maximizeWindow(): Current window maximized

2023-02-15 21:46:03 - [MESSAGE][PASSED] - Current window maximized

2023-02-15 21:46:03 - [TEST_STEP][PASSED] - maximizeWindow(): Current window maximized

2023-02-15 21:46:03 - [MESSAGE][PASSED] - Current window maximized

2023-02-15 21:46:03 - [TEST_STEP][PASSED] - genRemID = RandomStringUtils.random(12, true, true): null

2023-02-15 21:46:03 - [TEST_STEP][PASSED] - setText(findTestObject("Object Repository/RecAndPlayBk/Page-Vlink-Sale/input_Remittance Id_remittance_id"), genRemID): Text '391FIJjOOe5X' is set on object 'Object Repository/RecAndPlayBk/Page-Vlink-Sale/input_Remittance Id_remittance_id'

2023-02-15 21:46:04 - [MESSAGE][PASSED] - Text '391FIJjOOe5X' is set on object 'Object Repository/RecAndPlayBk/Page-Vlink-Sale/input_Remittance Id_remittance_id'

2023-02-15 21:46:04 - [TEST_STEP][PASSED] - setText(findTestObject("Object Repository/RecAndPlayBk/Page-Vlink-Sale/input_Application Id_application_id"), appID): Text '234' is set on object 'Object Repository/RecAndPlayBk/Page-Vlink-Sale/input_Application Id_application_id'

2023-02-15 21:46:04 - [MESSAGE][PASSED] - Text '234' is set on object 'Object Repository/RecAndPlayBk/Page-Vlink-Sale/input_Application Id_application_id'

2023-02-15 21:46:04 - [TEST_STEP][PASSED] - setText(findTestObject("Object Repository/RecAndPlayBk/Page-Vlink-Sale/input_Username_username"), username): Text 'username' is set on object 'Object Repository/RecAndPlayBk/Page-Vlink-Sale/input_Username_username'

2023-02-15 21:46:05 - [MESSAGE][PASSED] - Text 'username' is set on object 'Object Repository/RecAndPlayBk/Page-Vlink-Sale/input_Username_username'

2023-02-15 21:46:05 - [TEST_STEP][PASSED] - setText(findTestObject("Object Repository/RecAndPlayBk/Page-Vlink-Sale/input_Password_password"), password): Text 'password' is set on object 'Object Repository/RecAndPlayBk/Page-Vlink-Sale/input_Password_password'

2023-02-15 21:46:06 - [MESSAGE][PASSED] - Text 'password' is set on object 'Object Repository/RecAndPlayBk/Page-Vlink-Sale/input_Password_password'

2023-02-15 21:46:06 - [TEST_STEP][PASSED] - setText(findTestObject("Object Repository/RecAndPlayBk/Page-Vlink-Sale/input_Category_category"), category): Text 'ECOM' is set on object 'Object Repository/RecAndPlayBk/Page-Vlink-Sale/input_Category_category'

2023-02-15 21:46:06 - [MESSAGE][PASSED] - Text 'ECOM' is set on object 'Object Repository/RecAndPlayBk/Page-Vlink-Sale/input_Category_category'

2023-02-15 21:46:06 - [TEST_STEP][PASSED] - setText(findTestObject("Object Repository/RecAndPlayBk/Page-Vlink-Sale/input_Amount_amount"), amount): Text '10.5' is set on object 'Object Repository/RecAndPlayBk/Page-Vlink-Sale/input_Amount_amount'

2023-02-15 21:46:07 - [MESSAGE][PASSED] - Text '10.5' is set on object 'Object Repository/RecAndPlayBk/Page-Vlink-Sale/input_Amount_amount'

2023-02-15 21:46:07 - [TEST_STEP][PASSED] - doubleClick(findTestObject("Object Repository/RecAndPlayBk/Page-Vlink-Sale/input_Card number_card_number")): Object: 'Object Repository/RecAndPlayBk/Page-Vlink-Sale/input_Card number_card_number' is double clicked on

2023-02-15 21:46:07 - [MESSAGE][PASSED] - Object: 'Object Repository/RecAndPlayBk/Page-Vlink-Sale/input_Card number_card_number' is double clicked on

2023-02-15 21:46:07 - [TEST_STEP][PASSED] - setText(findTestObject("Object Repository/RecAndPlayBk/Page-Vlink-Sale/input_Card number_card_number"), cardNumber): Text '4111111111111111' is set on object 'Object Repository/RecAndPlayBk/Page-Vlink-Sale/input_Card number_card_number'

2023-02-15 21:46:08 - [MESSAGE][PASSED] - Text '4111111111111111' is set on object 'Object Repository/RecAndPlayBk/Page-Vlink-Sale/input_Card number_card_number'

2023-02-15 21:46:08 - [TEST_STEP][PASSED] - setText(findTestObject("Object Repository/RecAndPlayBk/Page-Vlink-Sale/input_Card ex month_card_exmo"), exM): Text '12' is set on object 'Object Repository/RecAndPlayBk/Page-Vlink-Sale/input_Card ex month_card_exmo'

2023-02-15 21:46:08 - [MESSAGE][PASSED] - Text '12' is set on object 'Object Repository/RecAndPlayBk/Page-Vlink-Sale/input_Card ex month_card_exmo'

2023-02-15 21:46:08 - [TEST_STEP][PASSED] - setText(findTestObject("Object Repository/RecAndPlayBk/Page-Vlink-Sale/input_Card ex year_card_exyr"), exY): Text '2029' is set on object 'Object Repository/RecAndPlayBk/Page-Vlink-Sale/input_Card ex year_card_exyr'

2023-02-15 21:46:09 - [MESSAGE][PASSED] - Text '2029' is set on object 'Object Repository/RecAndPlayBk/Page-Vlink-Sale/input_Card ex year_card_exyr'

2023-02-15 21:46:09 - [TEST_STEP][PASSED] - click(findTestObject("Object Repository/RecAndPlayBk/Page-Vlink-Sale/input_Track Data_track_data")): Object: 'Object Repository/RecAndPlayBk/Page-Vlink-Sale/input_Track Data_track_data' is clicked on

2023-02-15 21:46:09 - [MESSAGE][PASSED] - Object: 'Object Repository/RecAndPlayBk/Page-Vlink-Sale/input_Track Data_track_data' is clicked on

2023-02-15 21:46:09 - [TEST_STEP][PASSED] - click(findTestObject("Object Repository/RecAndPlayBk/Page-Vlink-Sale/input_CVV state_cvv_state")): Object: 'Object Repository/RecAndPlayBk/Page-Vlink-Sale/input_CVV state_cvv_state' is clicked on

2023-02-15 21:46:10 - [MESSAGE][PASSED] - Object: 'Object Repository/RecAndPlayBk/Page-Vlink-Sale/input_CVV state_cvv_state' is clicked on

2023-02-15 21:46:10 - [TEST_STEP][PASSED] - setText(findTestObject("Object Repository/RecAndPlayBk/Page-Vlink-Sale/input_Track Data_track_data"), ""): Text '' is set on object 'Object Repository/RecAndPlayBk/Page-Vlink-Sale/input_Track Data_track_data'

2023-02-15 21:46:10 - [MESSAGE][PASSED] - Text '' is set on object 'Object Repository/RecAndPlayBk/Page-Vlink-Sale/input_Track Data_track_data'

2023-02-15 21:46:10 - [TEST_STEP][PASSED] - setText(findTestObject("Object Repository/RecAndPlayBk/Page-Vlink-Sale/input_concat(Cardholder, , s email)_email"), ""): Text '' is set on object 'Object Repository/RecAndPlayBk/Page-Vlink-Sale/input_concat(Cardholder, , s email)_email'

2023-02-15 21:46:11 - [MESSAGE][PASSED] - Text '' is set on object 'Object Repository/RecAndPlayBk/Page-Vlink-Sale/input_concat(Cardholder, , s email)_email'

2023-02-15 21:46:11 - [TEST_STEP][PASSED] - click(findTestObject("Object Repository/RecAndPlayBk/Page-Vlink-Sale/input_user_defined10_user_defined10")): Object: 'Object Repository/RecAndPlayBk/Page-Vlink-Sale/input_user_defined10_user_defined10' is clicked on

2023-02-15 21:46:11 - [MESSAGE][PASSED] - Object: 'Object Repository/RecAndPlayBk/Page-Vlink-Sale/input_user_defined10_user_defined10' is clicked on

2023-02-15 21:46:11 - [TEST_STEP][PASSED] - if (executionProfile.equalsIgnoreCase("QAProfile") || executionProfile.equalsIgnoreCase("DemoProfile")): Text '' is set on object 'Object Repository/RecAndPlayBk/Page-Vlink-Sale/input_COF Transaction Initiated by_cof_tran_6cded5'

2023-02-15 21:46:11 - [TEST_STEP][PASSED] - setText(findTestObject("Object Repository/RecAndPlayBk/Page-Vlink-Sale/input_Card on File Indicator_card_on_file_i_157dae"), ""): Text '' is set on object 'Object Repository/RecAndPlayBk/Page-Vlink-Sale/input_Card on File Indicator_card_on_file_i_157dae'

2023-02-15 21:46:12 - [MESSAGE][PASSED] - Text '' is set on object 'Object Repository/RecAndPlayBk/Page-Vlink-Sale/input_Card on File Indicator_card_on_file_i_157dae'

2023-02-15 21:46:12 - [TEST_STEP][PASSED] - setText(findTestObject("Object Repository/RecAndPlayBk/Page-Vlink-Sale/input_Stored Credential Indicator_stored_cr_4ae73c"), ""): Text '' is set on object 'Object Repository/RecAndPlayBk/Page-Vlink-Sale/input_Stored Credential Indicator_stored_cr_4ae73c'

2023-02-15 21:46:13 - [MESSAGE][PASSED] - Text '' is set on object 'Object Repository/RecAndPlayBk/Page-Vlink-Sale/input_Stored Credential Indicator_stored_cr_4ae73c'

2023-02-15 21:46:13 - [TEST_STEP][PASSED] - setText(findTestObject("Object Repository/RecAndPlayBk/Page-Vlink-Sale/input_COF Scheduled indicator_cof_scheduled_8df7d8"), ""): Text '' is set on object 'Object Repository/RecAndPlayBk/Page-Vlink-Sale/input_COF Scheduled indicator_cof_scheduled_8df7d8'

2023-02-15 21:46:13 - [MESSAGE][PASSED] - Text '' is set on object 'Object Repository/RecAndPlayBk/Page-Vlink-Sale/input_COF Scheduled indicator_cof_scheduled_8df7d8'

2023-02-15 21:46:13 - [TEST_STEP][PASSED] - setText(findTestObject("Object Repository/RecAndPlayBk/Page-Vlink-Sale/input_COF Transaction Initiated by_cof_tran_6cded5"), ""): Text '' is set on object 'Object Repository/RecAndPlayBk/Page-Vlink-Sale/input_COF Transaction Initiated by_cof_tran_6cded5'

2023-02-15 21:46:14 - [MESSAGE][PASSED] - Text '' is set on object 'Object Repository/RecAndPlayBk/Page-Vlink-Sale/input_COF Transaction Initiated by_cof_tran_6cded5'

2023-02-15 21:46:14 - [TEST_STEP][PASSED] - click(findTestObject("Object Repository/RecAndPlayBk/Page-Vlink-Sale/input")): Object: 'Object Repository/RecAndPlayBk/Page-Vlink-Sale/input' is clicked on

2023-02-15 21:46:15 - [MESSAGE][PASSED] - Object: 'Object Repository/RecAndPlayBk/Page-Vlink-Sale/input' is clicked on

2023-02-15 21:46:15 - [TEST_STEP][PASSED] - if (verifyTextPresent("Transaction approved, no errors", true)): null

2023-02-15 21:46:15 - [MESSAGE][PASSED] - Text 'Transaction approved, no errors' is present on page  using regular expression

2023-02-15 21:46:15 - [TEST_STEP][PASSED] - println("Transaction Approved, no errors text is present on the Confirmation page"): null

2023-02-15 21:46:15 - [TEST_STEP][PASSED] - sdfo = getText(findTestObject("Object Repository/Page_VLinkReceipt/pre_STX")): Text of object 'Object Repository/Page_VLinkReceipt/pre_STX' is: '<STX>391FIJjOOe5X                  12126570            0  Transaction approved, no errors                   0                                                                                  Y 195989974<ETX>'

2023-02-15 21:46:15 - [MESSAGE][PASSED] - Text of object 'Object Repository/Page_VLinkReceipt/pre_STX' is: '<STX>391FIJjOOe5X                  12126570            0  Transaction approved, no errors                   0                                                                                  Y 195989974<ETX>'

2023-02-15 21:46:15 - [TEST_STEP][PASSED] - out.println("sdfo: " + sdfo): null

2023-02-15 21:46:15 - [TEST_STEP][PASSED] - remID = substring(5, 35).trim(): null

2023-02-15 21:46:15 - [TEST_STEP][PASSED] - out.println("remID: " + remID): null

2023-02-15 21:46:15 - [TEST_STEP][PASSED] - traxID = substring(35, 55).trim(): null

2023-02-15 21:46:15 - [TEST_STEP][PASSED] - out.println("traxID: " + traxID): null

2023-02-15 21:46:15 - [TEST_STEP][PASSED] - VLinkSaleRemID = remID: null

2023-02-15 21:46:15 - [TEST_STEP][PASSED] - VLinkSaleTranxID = traxID: null

2023-02-15 21:46:15 - [TEST_STEP][PASSED] - openBrowser(VLinkURL + "CC_void.html"): Browser is opened with url: 'https://dev-algorithm.govolution.com/vlinktest/QA/version_2_0/CC_void.html'

2023-02-15 21:46:15 - [MESSAGE][WARNING] - A browser is already opened. Closing browser and opening a new one

2023-02-15 21:46:16 - [MESSAGE][INFO] - Starting 'Chrome' driver

2023-02-15 21:46:16 - [MESSAGE][INFO] - User set preference: ['acceptInsecureCerts', 'true']

2023-02-15 21:46:16 - [MESSAGE][INFO] - Action delay is set to 0 milliseconds

2023-02-15 21:46:18 - [MESSAGE][PASSED] - Browser is opened with url: 'https://dev-algorithm.govolution.com/vlinktest/QA/version_2_0/CC_void.html'

2023-02-15 21:46:18 - [TEST_STEP][PASSED] - maximizeWindow(): Current window maximized

2023-02-15 21:46:18 - [MESSAGE][PASSED] - Current window maximized

2023-02-15 21:46:18 - [TEST_STEP][PASSED] - setText(findTestObject("Object Repository/RecAndPlayBk/Page-Vlink-CC-Void/txt_RemID"), VLinkSaleRemID): Text '391FIJjOOe5X' is set on object 'Object Repository/RecAndPlayBk/Page-Vlink-CC-Void/txt_RemID'

2023-02-15 21:46:19 - [MESSAGE][PASSED] - Text '391FIJjOOe5X' is set on object 'Object Repository/RecAndPlayBk/Page-Vlink-CC-Void/txt_RemID'

2023-02-15 21:46:19 - [TEST_STEP][PASSED] - setText(findTestObject("Object Repository/RecAndPlayBk/Page-Vlink-CC-Void/txt_ApplicationID"), appID): Text '234' is set on object 'Object Repository/RecAndPlayBk/Page-Vlink-CC-Void/txt_ApplicationID'

2023-02-15 21:46:19 - [MESSAGE][PASSED] - Text '234' is set on object 'Object Repository/RecAndPlayBk/Page-Vlink-CC-Void/txt_ApplicationID'

2023-02-15 21:46:19 - [TEST_STEP][PASSED] - setText(findTestObject("Object Repository/RecAndPlayBk/Page-Vlink-CC-Void/txt_Username"), username): Text 'username' is set on object 'Object Repository/RecAndPlayBk/Page-Vlink-CC-Void/txt_Username'

2023-02-15 21:46:20 - [MESSAGE][PASSED] - Text 'username' is set on object 'Object Repository/RecAndPlayBk/Page-Vlink-CC-Void/txt_Username'

2023-02-15 21:46:20 - [TEST_STEP][PASSED] - setText(findTestObject("Object Repository/RecAndPlayBk/Page-Vlink-CC-Void/txt_Password"), password): Text 'password' is set on object 'Object Repository/RecAndPlayBk/Page-Vlink-CC-Void/txt_Password'

2023-02-15 21:46:21 - [MESSAGE][PASSED] - Text 'password' is set on object 'Object Repository/RecAndPlayBk/Page-Vlink-CC-Void/txt_Password'

2023-02-15 21:46:21 - [TEST_STEP][PASSED] - setText(findTestObject("Object Repository/RecAndPlayBk/Page-Vlink-CC-Void/txt_TransactionID"), "-1"): Text '-1' is set on object 'Object Repository/RecAndPlayBk/Page-Vlink-CC-Void/txt_TransactionID'

2023-02-15 21:46:21 - [MESSAGE][PASSED] - Text '-1' is set on object 'Object Repository/RecAndPlayBk/Page-Vlink-CC-Void/txt_TransactionID'

2023-02-15 21:46:21 - [TEST_STEP][PASSED] - setText(findTestObject("Object Repository/RecAndPlayBk/Page-Vlink-CC-Void/txt_OriginalTransactionType"), "104"): Text '104' is set on object 'Object Repository/RecAndPlayBk/Page-Vlink-CC-Void/txt_OriginalTransactionType'

2023-02-15 21:46:22 - [MESSAGE][PASSED] - Text '104' is set on object 'Object Repository/RecAndPlayBk/Page-Vlink-CC-Void/txt_OriginalTransactionType'

2023-02-15 21:46:22 - [TEST_STEP][PASSED] - setText(findTestObject("Object Repository/RecAndPlayBk/Page-Vlink-CC-Void/txt_TrackData"), ""): Text '' is set on object 'Object Repository/RecAndPlayBk/Page-Vlink-CC-Void/txt_TrackData'

2023-02-15 21:46:22 - [MESSAGE][PASSED] - Text '' is set on object 'Object Repository/RecAndPlayBk/Page-Vlink-CC-Void/txt_TrackData'

2023-02-15 21:46:22 - [TEST_STEP][PASSED] - click(findTestObject("Object Repository/RecAndPlayBk/Page-Vlink-CC-Void/btn_ProcessVLinkTransaction")): Object: 'Object Repository/RecAndPlayBk/Page-Vlink-CC-Void/btn_ProcessVLinkTransaction' is clicked on

2023-02-15 21:46:24 - [MESSAGE][PASSED] - Object: 'Object Repository/RecAndPlayBk/Page-Vlink-CC-Void/btn_ProcessVLinkTransaction' is clicked on

2023-02-15 21:46:24 - [TEST_STEP][PASSED] - if (verifyTextPresent("Transaction approved, no errors", true)): null

2023-02-15 21:46:24 - [MESSAGE][PASSED] - Text 'Transaction approved, no errors' is present on page  using regular expression

2023-02-15 21:46:24 - [TEST_STEP][PASSED] - println("Transaction Approved, no errors text is present on the Confirmation page"): null

2023-02-15 21:46:24 - [TEST_STEP][PASSED] - out.println("Pass Record Number: " + row): null

2023-02-15 21:46:24 - [TEST_STEP][PASSED] - resText = "Pass": null

2023-02-15 21:46:24 - [TEST_STEP][PASSED] - pages.WriteExcel.demoKey(resText, datText, resColumn, datCloumn, fileLoc, nameSheet, row): pages.WriteExcel.demoKey is PASSED

2023-02-15 21:46:24 - [MESSAGE][PASSED] - pages.WriteExcel.demoKey is PASSED

2023-02-15 21:46:24 - [TEST_STEP][PASSED] - ExecuteTC = findTestData(dataFile).getValue("Execute", row): null

2023-02-15 21:46:24 - [TEST_STEP][PASSED] - out.println("Value of Execute is : " + ExecuteTC): null

2023-02-15 21:46:24 - [TEST_STEP][PASSED] - switch (executionProfile): null

2023-02-15 21:46:24 - [TEST_STEP][PASSED] - case "QAProfile":: null

2023-02-15 21:46:24 - [TEST_STEP][PASSED] - appID = findTestData(dataFile).getValue("AppIDQA", row): null

2023-02-15 21:46:24 - [TEST_STEP][PASSED] - username = findTestData(dataFile).getValue("UsernameQA", row): null

2023-02-15 21:46:24 - [TEST_STEP][PASSED] - password = findTestData(dataFile).getValue("PasswordQA", row): null

2023-02-15 21:46:25 - [TEST_STEP][PASSED] - break: null

2023-02-15 21:46:25 - [TEST_STEP][PASSED] - if (ExecuteTC.equalsIgnoreCase("Y")): null

2023-02-15 21:46:25 - [TEST_STEP][PASSED] - out.println("Begin Record Number: " + row): null

2023-02-15 21:46:25 - [TEST_STEP][PASSED] - today = new java.util.Date(): null

2023-02-15 21:46:25 - [TEST_STEP][PASSED] - println(today): null

2023-02-15 21:46:25 - [TEST_STEP][PASSED] - datText = today: null

2023-02-15 21:46:25 - [TEST_STEP][PASSED] - category = findTestData(dataFile).getValue("Category", row): null

2023-02-15 21:46:25 - [TEST_STEP][PASSED] - amount = findTestData(dataFile).getValue("Amount", row): null

2023-02-15 21:46:25 - [TEST_STEP][PASSED] - cardNumber = findTestData(dataFile).getValue("CardNumber", row): null

2023-02-15 21:46:25 - [TEST_STEP][PASSED] - exM = findTestData(dataFile).getValue("ExM", row): null

2023-02-15 21:46:25 - [TEST_STEP][PASSED] - exY = findTestData(dataFile).getValue("ExY", row): null

2023-02-15 21:46:25 - [TEST_STEP][PASSED] - openBrowser(VLinkURL + "authcap.html"): Browser is opened with url: 'https://dev-algorithm.govolution.com/vlinktest/QA/version_2_0/authcap.html'

2023-02-15 21:46:25 - [MESSAGE][WARNING] - A browser is already opened. Closing browser and opening a new one

2023-02-15 21:46:26 - [MESSAGE][INFO] - Starting 'Chrome' driver

2023-02-15 21:46:26 - [MESSAGE][INFO] - User set preference: ['acceptInsecureCerts', 'true']

2023-02-15 21:46:26 - [MESSAGE][INFO] - Action delay is set to 0 milliseconds

2023-02-15 21:46:28 - [MESSAGE][PASSED] - Browser is opened with url: 'https://dev-algorithm.govolution.com/vlinktest/QA/version_2_0/authcap.html'

2023-02-15 21:46:28 - [TEST_STEP][PASSED] - maximizeWindow(): Current window maximized

2023-02-15 21:46:28 - [MESSAGE][PASSED] - Current window maximized

2023-02-15 21:46:28 - [TEST_STEP][PASSED] - maximizeWindow(): Current window maximized

2023-02-15 21:46:28 - [MESSAGE][PASSED] - Current window maximized

2023-02-15 21:46:28 - [TEST_STEP][PASSED] - genRemID = RandomStringUtils.random(12, true, true): null

2023-02-15 21:46:28 - [TEST_STEP][PASSED] - setText(findTestObject("Object Repository/RecAndPlayBk/Page-Vlink-Sale/input_Remittance Id_remittance_id"), genRemID): Text 'HGQkufAtNC5U' is set on object 'Object Repository/RecAndPlayBk/Page-Vlink-Sale/input_Remittance Id_remittance_id'

2023-02-15 21:46:28 - [MESSAGE][PASSED] - Text 'HGQkufAtNC5U' is set on object 'Object Repository/RecAndPlayBk/Page-Vlink-Sale/input_Remittance Id_remittance_id'

2023-02-15 21:46:28 - [TEST_STEP][PASSED] - setText(findTestObject("Object Repository/RecAndPlayBk/Page-Vlink-Sale/input_Application Id_application_id"), appID): Text '234' is set on object 'Object Repository/RecAndPlayBk/Page-Vlink-Sale/input_Application Id_application_id'

2023-02-15 21:46:29 - [MESSAGE][PASSED] - Text '234' is set on object 'Object Repository/RecAndPlayBk/Page-Vlink-Sale/input_Application Id_application_id'

2023-02-15 21:46:29 - [TEST_STEP][PASSED] - setText(findTestObject("Object Repository/RecAndPlayBk/Page-Vlink-Sale/input_Username_username"), username): Text 'username' is set on object 'Object Repository/RecAndPlayBk/Page-Vlink-Sale/input_Username_username'

2023-02-15 21:46:30 - [MESSAGE][PASSED] - Text 'username' is set on object 'Object Repository/RecAndPlayBk/Page-Vlink-Sale/input_Username_username'

2023-02-15 21:46:30 - [TEST_STEP][PASSED] - setText(findTestObject("Object Repository/RecAndPlayBk/Page-Vlink-Sale/input_Password_password"), password): Text 'password' is set on object 'Object Repository/RecAndPlayBk/Page-Vlink-Sale/input_Password_password'

2023-02-15 21:46:30 - [MESSAGE][PASSED] - Text 'password' is set on object 'Object Repository/RecAndPlayBk/Page-Vlink-Sale/input_Password_password'

2023-02-15 21:46:30 - [TEST_STEP][PASSED] - setText(findTestObject("Object Repository/RecAndPlayBk/Page-Vlink-Sale/input_Category_category"), category): Text 'MOTO' is set on object 'Object Repository/RecAndPlayBk/Page-Vlink-Sale/input_Category_category'

2023-02-15 21:46:31 - [MESSAGE][PASSED] - Text 'MOTO' is set on object 'Object Repository/RecAndPlayBk/Page-Vlink-Sale/input_Category_category'

2023-02-15 21:46:31 - [TEST_STEP][PASSED] - setText(findTestObject("Object Repository/RecAndPlayBk/Page-Vlink-Sale/input_Amount_amount"), amount): Text '10.5' is set on object 'Object Repository/RecAndPlayBk/Page-Vlink-Sale/input_Amount_amount'

2023-02-15 21:46:32 - [MESSAGE][PASSED] - Text '10.5' is set on object 'Object Repository/RecAndPlayBk/Page-Vlink-Sale/input_Amount_amount'

2023-02-15 21:46:32 - [TEST_STEP][PASSED] - doubleClick(findTestObject("Object Repository/RecAndPlayBk/Page-Vlink-Sale/input_Card number_card_number")): Object: 'Object Repository/RecAndPlayBk/Page-Vlink-Sale/input_Card number_card_number' is double clicked on

2023-02-15 21:46:32 - [MESSAGE][PASSED] - Object: 'Object Repository/RecAndPlayBk/Page-Vlink-Sale/input_Card number_card_number' is double clicked on

2023-02-15 21:46:32 - [TEST_STEP][PASSED] - setText(findTestObject("Object Repository/RecAndPlayBk/Page-Vlink-Sale/input_Card number_card_number"), cardNumber): Text '5424000000000015' is set on object 'Object Repository/RecAndPlayBk/Page-Vlink-Sale/input_Card number_card_number'

2023-02-15 21:46:33 - [MESSAGE][PASSED] - Text '5424000000000015' is set on object 'Object Repository/RecAndPlayBk/Page-Vlink-Sale/input_Card number_card_number'

2023-02-15 21:46:33 - [TEST_STEP][PASSED] - setText(findTestObject("Object Repository/RecAndPlayBk/Page-Vlink-Sale/input_Card ex month_card_exmo"), exM): Text '12' is set on object 'Object Repository/RecAndPlayBk/Page-Vlink-Sale/input_Card ex month_card_exmo'

2023-02-15 21:46:33 - [MESSAGE][PASSED] - Text '12' is set on object 'Object Repository/RecAndPlayBk/Page-Vlink-Sale/input_Card ex month_card_exmo'

2023-02-15 21:46:33 - [TEST_STEP][PASSED] - setText(findTestObject("Object Repository/RecAndPlayBk/Page-Vlink-Sale/input_Card ex year_card_exyr"), exY): Text '2029' is set on object 'Object Repository/RecAndPlayBk/Page-Vlink-Sale/input_Card ex year_card_exyr'

2023-02-15 21:46:34 - [MESSAGE][PASSED] - Text '2029' is set on object 'Object Repository/RecAndPlayBk/Page-Vlink-Sale/input_Card ex year_card_exyr'

2023-02-15 21:46:34 - [TEST_STEP][PASSED] - click(findTestObject("Object Repository/RecAndPlayBk/Page-Vlink-Sale/input_Track Data_track_data")): Object: 'Object Repository/RecAndPlayBk/Page-Vlink-Sale/input_Track Data_track_data' is clicked on

2023-02-15 21:46:34 - [MESSAGE][PASSED] - Object: 'Object Repository/RecAndPlayBk/Page-Vlink-Sale/input_Track Data_track_data' is clicked on

2023-02-15 21:46:34 - [TEST_STEP][PASSED] - click(findTestObject("Object Repository/RecAndPlayBk/Page-Vlink-Sale/input_CVV state_cvv_state")): Object: 'Object Repository/RecAndPlayBk/Page-Vlink-Sale/input_CVV state_cvv_state' is clicked on

2023-02-15 21:46:34 - [MESSAGE][PASSED] - Object: 'Object Repository/RecAndPlayBk/Page-Vlink-Sale/input_CVV state_cvv_state' is clicked on

2023-02-15 21:46:34 - [TEST_STEP][PASSED] - setText(findTestObject("Object Repository/RecAndPlayBk/Page-Vlink-Sale/input_Track Data_track_data"), ""): Text '' is set on object 'Object Repository/RecAndPlayBk/Page-Vlink-Sale/input_Track Data_track_data'

2023-02-15 21:46:35 - [MESSAGE][PASSED] - Text '' is set on object 'Object Repository/RecAndPlayBk/Page-Vlink-Sale/input_Track Data_track_data'

2023-02-15 21:46:35 - [TEST_STEP][PASSED] - setText(findTestObject("Object Repository/RecAndPlayBk/Page-Vlink-Sale/input_concat(Cardholder, , s email)_email"), ""): Text '' is set on object 'Object Repository/RecAndPlayBk/Page-Vlink-Sale/input_concat(Cardholder, , s email)_email'

2023-02-15 21:46:36 - [MESSAGE][PASSED] - Text '' is set on object 'Object Repository/RecAndPlayBk/Page-Vlink-Sale/input_concat(Cardholder, , s email)_email'

2023-02-15 21:46:36 - [TEST_STEP][PASSED] - click(findTestObject("Object Repository/RecAndPlayBk/Page-Vlink-Sale/input_user_defined10_user_defined10")): Object: 'Object Repository/RecAndPlayBk/Page-Vlink-Sale/input_user_defined10_user_defined10' is clicked on

2023-02-15 21:46:36 - [MESSAGE][PASSED] - Object: 'Object Repository/RecAndPlayBk/Page-Vlink-Sale/input_user_defined10_user_defined10' is clicked on

2023-02-15 21:46:36 - [TEST_STEP][PASSED] - if (executionProfile.equalsIgnoreCase("QAProfile") || executionProfile.equalsIgnoreCase("DemoProfile")): Text '' is set on object 'Object Repository/RecAndPlayBk/Page-Vlink-Sale/input_COF Transaction Initiated by_cof_tran_6cded5'

2023-02-15 21:46:36 - [TEST_STEP][PASSED] - setText(findTestObject("Object Repository/RecAndPlayBk/Page-Vlink-Sale/input_Card on File Indicator_card_on_file_i_157dae"), ""): Text '' is set on object 'Object Repository/RecAndPlayBk/Page-Vlink-Sale/input_Card on File Indicator_card_on_file_i_157dae'

2023-02-15 21:46:37 - [MESSAGE][PASSED] - Text '' is set on object 'Object Repository/RecAndPlayBk/Page-Vlink-Sale/input_Card on File Indicator_card_on_file_i_157dae'

2023-02-15 21:46:37 - [TEST_STEP][PASSED] - setText(findTestObject("Object Repository/RecAndPlayBk/Page-Vlink-Sale/input_Stored Credential Indicator_stored_cr_4ae73c"), ""): Text '' is set on object 'Object Repository/RecAndPlayBk/Page-Vlink-Sale/input_Stored Credential Indicator_stored_cr_4ae73c'

2023-02-15 21:46:37 - [MESSAGE][PASSED] - Text '' is set on object 'Object Repository/RecAndPlayBk/Page-Vlink-Sale/input_Stored Credential Indicator_stored_cr_4ae73c'

2023-02-15 21:46:37 - [TEST_STEP][PASSED] - setText(findTestObject("Object Repository/RecAndPlayBk/Page-Vlink-Sale/input_COF Scheduled indicator_cof_scheduled_8df7d8"), ""): Text '' is set on object 'Object Repository/RecAndPlayBk/Page-Vlink-Sale/input_COF Scheduled indicator_cof_scheduled_8df7d8'

2023-02-15 21:46:38 - [MESSAGE][PASSED] - Text '' is set on object 'Object Repository/RecAndPlayBk/Page-Vlink-Sale/input_COF Scheduled indicator_cof_scheduled_8df7d8'

2023-02-15 21:46:38 - [TEST_STEP][PASSED] - setText(findTestObject("Object Repository/RecAndPlayBk/Page-Vlink-Sale/input_COF Transaction Initiated by_cof_tran_6cded5"), ""): Text '' is set on object 'Object Repository/RecAndPlayBk/Page-Vlink-Sale/input_COF Transaction Initiated by_cof_tran_6cded5'

2023-02-15 21:46:39 - [MESSAGE][PASSED] - Text '' is set on object 'Object Repository/RecAndPlayBk/Page-Vlink-Sale/input_COF Transaction Initiated by_cof_tran_6cded5'

2023-02-15 21:46:39 - [TEST_STEP][PASSED] - click(findTestObject("Object Repository/RecAndPlayBk/Page-Vlink-Sale/input")): Object: 'Object Repository/RecAndPlayBk/Page-Vlink-Sale/input' is clicked on

2023-02-15 21:46:40 - [MESSAGE][PASSED] - Object: 'Object Repository/RecAndPlayBk/Page-Vlink-Sale/input' is clicked on

2023-02-15 21:46:40 - [TEST_STEP][PASSED] - if (verifyTextPresent("Transaction approved, no errors", true)): null

2023-02-15 21:46:40 - [MESSAGE][PASSED] - Text 'Transaction approved, no errors' is present on page  using regular expression

2023-02-15 21:46:40 - [TEST_STEP][PASSED] - println("Transaction Approved, no errors text is present on the Confirmation page"): null

2023-02-15 21:46:40 - [TEST_STEP][PASSED] - sdfo = getText(findTestObject("Object Repository/Page_VLinkReceipt/pre_STX")): Text of object 'Object Repository/Page_VLinkReceipt/pre_STX' is: '<STX>HGQkufAtNC5U                  12126572            0  Transaction approved, no errors                   0                                                                                  Y 117900999<ETX>'

2023-02-15 21:46:40 - [MESSAGE][PASSED] - Text of object 'Object Repository/Page_VLinkReceipt/pre_STX' is: '<STX>HGQkufAtNC5U                  12126572            0  Transaction approved, no errors                   0                                                                                  Y 117900999<ETX>'

2023-02-15 21:46:40 - [TEST_STEP][PASSED] - out.println("sdfo: " + sdfo): null

2023-02-15 21:46:40 - [TEST_STEP][PASSED] - remID = substring(5, 35).trim(): null

2023-02-15 21:46:40 - [TEST_STEP][PASSED] - out.println("remID: " + remID): null

2023-02-15 21:46:40 - [TEST_STEP][PASSED] - traxID = substring(35, 55).trim(): null

2023-02-15 21:46:40 - [TEST_STEP][PASSED] - out.println("traxID: " + traxID): null

2023-02-15 21:46:40 - [TEST_STEP][PASSED] - VLinkSaleRemID = remID: null

2023-02-15 21:46:40 - [TEST_STEP][PASSED] - VLinkSaleTranxID = traxID: null

2023-02-15 21:46:40 - [TEST_STEP][PASSED] - openBrowser(VLinkURL + "CC_void.html"): Browser is opened with url: 'https://dev-algorithm.govolution.com/vlinktest/QA/version_2_0/CC_void.html'

2023-02-15 21:46:40 - [MESSAGE][WARNING] - A browser is already opened. Closing browser and opening a new one

2023-02-15 21:46:41 - [MESSAGE][INFO] - Starting 'Chrome' driver

2023-02-15 21:46:41 - [MESSAGE][INFO] - User set preference: ['acceptInsecureCerts', 'true']

2023-02-15 21:46:41 - [MESSAGE][INFO] - Action delay is set to 0 milliseconds

2023-02-15 21:46:43 - [MESSAGE][PASSED] - Browser is opened with url: 'https://dev-algorithm.govolution.com/vlinktest/QA/version_2_0/CC_void.html'

2023-02-15 21:46:43 - [TEST_STEP][PASSED] - maximizeWindow(): Current window maximized

2023-02-15 21:46:43 - [MESSAGE][PASSED] - Current window maximized

2023-02-15 21:46:43 - [TEST_STEP][PASSED] - setText(findTestObject("Object Repository/RecAndPlayBk/Page-Vlink-CC-Void/txt_RemID"), VLinkSaleRemID): Text 'HGQkufAtNC5U' is set on object 'Object Repository/RecAndPlayBk/Page-Vlink-CC-Void/txt_RemID'

2023-02-15 21:46:44 - [MESSAGE][PASSED] - Text 'HGQkufAtNC5U' is set on object 'Object Repository/RecAndPlayBk/Page-Vlink-CC-Void/txt_RemID'

2023-02-15 21:46:44 - [TEST_STEP][PASSED] - setText(findTestObject("Object Repository/RecAndPlayBk/Page-Vlink-CC-Void/txt_ApplicationID"), appID): Text '234' is set on object 'Object Repository/RecAndPlayBk/Page-Vlink-CC-Void/txt_ApplicationID'

2023-02-15 21:46:44 - [MESSAGE][PASSED] - Text '234' is set on object 'Object Repository/RecAndPlayBk/Page-Vlink-CC-Void/txt_ApplicationID'

2023-02-15 21:46:44 - [TEST_STEP][PASSED] - setText(findTestObject("Object Repository/RecAndPlayBk/Page-Vlink-CC-Void/txt_Username"), username): Text 'username' is set on object 'Object Repository/RecAndPlayBk/Page-Vlink-CC-Void/txt_Username'

2023-02-15 21:46:45 - [MESSAGE][PASSED] - Text 'username' is set on object 'Object Repository/RecAndPlayBk/Page-Vlink-CC-Void/txt_Username'

2023-02-15 21:46:45 - [TEST_STEP][PASSED] - setText(findTestObject("Object Repository/RecAndPlayBk/Page-Vlink-CC-Void/txt_Password"), password): Text 'password' is set on object 'Object Repository/RecAndPlayBk/Page-Vlink-CC-Void/txt_Password'

2023-02-15 21:46:46 - [MESSAGE][PASSED] - Text 'password' is set on object 'Object Repository/RecAndPlayBk/Page-Vlink-CC-Void/txt_Password'

2023-02-15 21:46:46 - [TEST_STEP][PASSED] - setText(findTestObject("Object Repository/RecAndPlayBk/Page-Vlink-CC-Void/txt_TransactionID"), "-1"): Text '-1' is set on object 'Object Repository/RecAndPlayBk/Page-Vlink-CC-Void/txt_TransactionID'

2023-02-15 21:46:46 - [MESSAGE][PASSED] - Text '-1' is set on object 'Object Repository/RecAndPlayBk/Page-Vlink-CC-Void/txt_TransactionID'

2023-02-15 21:46:46 - [TEST_STEP][PASSED] - setText(findTestObject("Object Repository/RecAndPlayBk/Page-Vlink-CC-Void/txt_OriginalTransactionType"), "104"): Text '104' is set on object 'Object Repository/RecAndPlayBk/Page-Vlink-CC-Void/txt_OriginalTransactionType'

2023-02-15 21:46:47 - [MESSAGE][PASSED] - Text '104' is set on object 'Object Repository/RecAndPlayBk/Page-Vlink-CC-Void/txt_OriginalTransactionType'

2023-02-15 21:46:47 - [TEST_STEP][PASSED] - setText(findTestObject("Object Repository/RecAndPlayBk/Page-Vlink-CC-Void/txt_TrackData"), ""): Text '' is set on object 'Object Repository/RecAndPlayBk/Page-Vlink-CC-Void/txt_TrackData'

2023-02-15 21:46:47 - [MESSAGE][PASSED] - Text '' is set on object 'Object Repository/RecAndPlayBk/Page-Vlink-CC-Void/txt_TrackData'

2023-02-15 21:46:47 - [TEST_STEP][PASSED] - click(findTestObject("Object Repository/RecAndPlayBk/Page-Vlink-CC-Void/btn_ProcessVLinkTransaction")): Object: 'Object Repository/RecAndPlayBk/Page-Vlink-CC-Void/btn_ProcessVLinkTransaction' is clicked on

2023-02-15 21:46:49 - [MESSAGE][PASSED] - Object: 'Object Repository/RecAndPlayBk/Page-Vlink-CC-Void/btn_ProcessVLinkTransaction' is clicked on

2023-02-15 21:46:49 - [TEST_STEP][PASSED] - if (verifyTextPresent("Transaction approved, no errors", true)): null

2023-02-15 21:46:49 - [MESSAGE][PASSED] - Text 'Transaction approved, no errors' is present on page  using regular expression

2023-02-15 21:46:49 - [TEST_STEP][PASSED] - println("Transaction Approved, no errors text is present on the Confirmation page"): null

2023-02-15 21:46:49 - [TEST_STEP][PASSED] - out.println("Pass Record Number: " + row): null

2023-02-15 21:46:49 - [TEST_STEP][PASSED] - resText = "Pass": null

2023-02-15 21:46:49 - [TEST_STEP][PASSED] - pages.WriteExcel.demoKey(resText, datText, resColumn, datCloumn, fileLoc, nameSheet, row): pages.WriteExcel.demoKey is PASSED

2023-02-15 21:46:49 - [MESSAGE][PASSED] - pages.WriteExcel.demoKey is PASSED

2023-02-15 21:46:49 - [TEST_STEP][PASSED] - ExecuteTC = findTestData(dataFile).getValue("Execute", row): null

2023-02-15 21:46:49 - [TEST_STEP][PASSED] - out.println("Value of Execute is : " + ExecuteTC): null

2023-02-15 21:46:49 - [TEST_STEP][PASSED] - switch (executionProfile): null

2023-02-15 21:46:49 - [TEST_STEP][PASSED] - case "QAProfile":: null

2023-02-15 21:46:49 - [TEST_STEP][PASSED] - appID = findTestData(dataFile).getValue("AppIDQA", row): null

2023-02-15 21:46:49 - [TEST_STEP][PASSED] - username = findTestData(dataFile).getValue("UsernameQA", row): null

2023-02-15 21:46:49 - [TEST_STEP][PASSED] - password = findTestData(dataFile).getValue("PasswordQA", row): null

2023-02-15 21:46:49 - [TEST_STEP][PASSED] - break: null

2023-02-15 21:46:49 - [TEST_STEP][FAILED] - if (ExecuteTC.equalsIgnoreCase("Y")): null

2023-02-15 21:46:49 - [TEST_STEP][PASSED] - out.println("Begin Record Number: " + row): null

2023-02-15 21:46:49 - [TEST_STEP][PASSED] - today = new java.util.Date(): null

2023-02-15 21:46:49 - [TEST_STEP][PASSED] - println(today): null

2023-02-15 21:46:49 - [TEST_STEP][PASSED] - datText = today: null

2023-02-15 21:46:49 - [TEST_STEP][PASSED] - category = findTestData(dataFile).getValue("Category", row): null

2023-02-15 21:46:49 - [TEST_STEP][PASSED] - amount = findTestData(dataFile).getValue("Amount", row): null

2023-02-15 21:46:50 - [TEST_STEP][PASSED] - cardNumber = findTestData(dataFile).getValue("CardNumber", row): null

2023-02-15 21:46:50 - [TEST_STEP][PASSED] - exM = findTestData(dataFile).getValue("ExM", row): null

2023-02-15 21:46:50 - [TEST_STEP][PASSED] - exY = findTestData(dataFile).getValue("ExY", row): null

2023-02-15 21:46:50 - [TEST_STEP][PASSED] - openBrowser(VLinkURL + "authcap.html"): Browser is opened with url: 'https://dev-algorithm.govolution.com/vlinktest/QA/version_2_0/authcap.html'

2023-02-15 21:46:50 - [MESSAGE][WARNING] - A browser is already opened. Closing browser and opening a new one

2023-02-15 21:46:51 - [MESSAGE][INFO] - Starting 'Chrome' driver

2023-02-15 21:46:51 - [MESSAGE][INFO] - User set preference: ['acceptInsecureCerts', 'true']

2023-02-15 21:46:51 - [MESSAGE][INFO] - Action delay is set to 0 milliseconds

2023-02-15 21:46:52 - [MESSAGE][PASSED] - Browser is opened with url: 'https://dev-algorithm.govolution.com/vlinktest/QA/version_2_0/authcap.html'

2023-02-15 21:46:52 - [TEST_STEP][PASSED] - maximizeWindow(): Current window maximized

2023-02-15 21:46:53 - [MESSAGE][PASSED] - Current window maximized

2023-02-15 21:46:53 - [TEST_STEP][PASSED] - maximizeWindow(): Current window maximized

2023-02-15 21:46:53 - [MESSAGE][PASSED] - Current window maximized

2023-02-15 21:46:53 - [TEST_STEP][PASSED] - genRemID = RandomStringUtils.random(12, true, true): null

2023-02-15 21:46:53 - [TEST_STEP][PASSED] - setText(findTestObject("Object Repository/RecAndPlayBk/Page-Vlink-Sale/input_Remittance Id_remittance_id"), genRemID): Text 'IBWdNpfWfsJ4' is set on object 'Object Repository/RecAndPlayBk/Page-Vlink-Sale/input_Remittance Id_remittance_id'

2023-02-15 21:46:53 - [MESSAGE][PASSED] - Text 'IBWdNpfWfsJ4' is set on object 'Object Repository/RecAndPlayBk/Page-Vlink-Sale/input_Remittance Id_remittance_id'

2023-02-15 21:46:53 - [TEST_STEP][PASSED] - setText(findTestObject("Object Repository/RecAndPlayBk/Page-Vlink-Sale/input_Application Id_application_id"), appID): Text '234' is set on object 'Object Repository/RecAndPlayBk/Page-Vlink-Sale/input_Application Id_application_id'

2023-02-15 21:46:54 - [MESSAGE][PASSED] - Text '234' is set on object 'Object Repository/RecAndPlayBk/Page-Vlink-Sale/input_Application Id_application_id'

2023-02-15 21:46:54 - [TEST_STEP][PASSED] - setText(findTestObject("Object Repository/RecAndPlayBk/Page-Vlink-Sale/input_Username_username"), username): Text 'username' is set on object 'Object Repository/RecAndPlayBk/Page-Vlink-Sale/input_Username_username'

2023-02-15 21:46:55 - [MESSAGE][PASSED] - Text 'username' is set on object 'Object Repository/RecAndPlayBk/Page-Vlink-Sale/input_Username_username'

2023-02-15 21:46:55 - [TEST_STEP][PASSED] - setText(findTestObject("Object Repository/RecAndPlayBk/Page-Vlink-Sale/input_Password_password"), password): Text 'password' is set on object 'Object Repository/RecAndPlayBk/Page-Vlink-Sale/input_Password_password'

2023-02-15 21:46:55 - [MESSAGE][PASSED] - Text 'password' is set on object 'Object Repository/RecAndPlayBk/Page-Vlink-Sale/input_Password_password'

2023-02-15 21:46:55 - [TEST_STEP][PASSED] - setText(findTestObject("Object Repository/RecAndPlayBk/Page-Vlink-Sale/input_Category_category"), category): Text 'RETL' is set on object 'Object Repository/RecAndPlayBk/Page-Vlink-Sale/input_Category_category'

2023-02-15 21:46:56 - [MESSAGE][PASSED] - Text 'RETL' is set on object 'Object Repository/RecAndPlayBk/Page-Vlink-Sale/input_Category_category'

2023-02-15 21:46:56 - [TEST_STEP][PASSED] - setText(findTestObject("Object Repository/RecAndPlayBk/Page-Vlink-Sale/input_Amount_amount"), amount): Text '10.5' is set on object 'Object Repository/RecAndPlayBk/Page-Vlink-Sale/input_Amount_amount'

2023-02-15 21:46:57 - [MESSAGE][PASSED] - Text '10.5' is set on object 'Object Repository/RecAndPlayBk/Page-Vlink-Sale/input_Amount_amount'

2023-02-15 21:46:57 - [TEST_STEP][PASSED] - doubleClick(findTestObject("Object Repository/RecAndPlayBk/Page-Vlink-Sale/input_Card number_card_number")): Object: 'Object Repository/RecAndPlayBk/Page-Vlink-Sale/input_Card number_card_number' is double clicked on

2023-02-15 21:46:57 - [MESSAGE][PASSED] - Object: 'Object Repository/RecAndPlayBk/Page-Vlink-Sale/input_Card number_card_number' is double clicked on

2023-02-15 21:46:57 - [TEST_STEP][PASSED] - setText(findTestObject("Object Repository/RecAndPlayBk/Page-Vlink-Sale/input_Card number_card_number"), cardNumber): Text '370000000000002' is set on object 'Object Repository/RecAndPlayBk/Page-Vlink-Sale/input_Card number_card_number'

2023-02-15 21:46:58 - [MESSAGE][PASSED] - Text '370000000000002' is set on object 'Object Repository/RecAndPlayBk/Page-Vlink-Sale/input_Card number_card_number'

2023-02-15 21:46:58 - [TEST_STEP][PASSED] - setText(findTestObject("Object Repository/RecAndPlayBk/Page-Vlink-Sale/input_Card ex month_card_exmo"), exM): Text '12' is set on object 'Object Repository/RecAndPlayBk/Page-Vlink-Sale/input_Card ex month_card_exmo'

2023-02-15 21:46:58 - [MESSAGE][PASSED] - Text '12' is set on object 'Object Repository/RecAndPlayBk/Page-Vlink-Sale/input_Card ex month_card_exmo'

2023-02-15 21:46:58 - [TEST_STEP][PASSED] - setText(findTestObject("Object Repository/RecAndPlayBk/Page-Vlink-Sale/input_Card ex year_card_exyr"), exY): Text '2029' is set on object 'Object Repository/RecAndPlayBk/Page-Vlink-Sale/input_Card ex year_card_exyr'

2023-02-15 21:46:59 - [MESSAGE][PASSED] - Text '2029' is set on object 'Object Repository/RecAndPlayBk/Page-Vlink-Sale/input_Card ex year_card_exyr'

2023-02-15 21:46:59 - [TEST_STEP][PASSED] - click(findTestObject("Object Repository/RecAndPlayBk/Page-Vlink-Sale/input_Track Data_track_data")): Object: 'Object Repository/RecAndPlayBk/Page-Vlink-Sale/input_Track Data_track_data' is clicked on

2023-02-15 21:46:59 - [MESSAGE][PASSED] - Object: 'Object Repository/RecAndPlayBk/Page-Vlink-Sale/input_Track Data_track_data' is clicked on

2023-02-15 21:46:59 - [TEST_STEP][PASSED] - click(findTestObject("Object Repository/RecAndPlayBk/Page-Vlink-Sale/input_CVV state_cvv_state")): Object: 'Object Repository/RecAndPlayBk/Page-Vlink-Sale/input_CVV state_cvv_state' is clicked on

2023-02-15 21:46:59 - [MESSAGE][PASSED] - Object: 'Object Repository/RecAndPlayBk/Page-Vlink-Sale/input_CVV state_cvv_state' is clicked on

2023-02-15 21:46:59 - [TEST_STEP][PASSED] - setText(findTestObject("Object Repository/RecAndPlayBk/Page-Vlink-Sale/input_Track Data_track_data"), ""): Text '' is set on object 'Object Repository/RecAndPlayBk/Page-Vlink-Sale/input_Track Data_track_data'

2023-02-15 21:47:00 - [MESSAGE][PASSED] - Text '' is set on object 'Object Repository/RecAndPlayBk/Page-Vlink-Sale/input_Track Data_track_data'

2023-02-15 21:47:00 - [TEST_STEP][PASSED] - setText(findTestObject("Object Repository/RecAndPlayBk/Page-Vlink-Sale/input_concat(Cardholder, , s email)_email"), ""): Text '' is set on object 'Object Repository/RecAndPlayBk/Page-Vlink-Sale/input_concat(Cardholder, , s email)_email'

2023-02-15 21:47:01 - [MESSAGE][PASSED] - Text '' is set on object 'Object Repository/RecAndPlayBk/Page-Vlink-Sale/input_concat(Cardholder, , s email)_email'

2023-02-15 21:47:01 - [TEST_STEP][PASSED] - click(findTestObject("Object Repository/RecAndPlayBk/Page-Vlink-Sale/input_user_defined10_user_defined10")): Object: 'Object Repository/RecAndPlayBk/Page-Vlink-Sale/input_user_defined10_user_defined10' is clicked on

2023-02-15 21:47:01 - [MESSAGE][PASSED] - Object: 'Object Repository/RecAndPlayBk/Page-Vlink-Sale/input_user_defined10_user_defined10' is clicked on

2023-02-15 21:47:01 - [TEST_STEP][PASSED] - if (executionProfile.equalsIgnoreCase("QAProfile") || executionProfile.equalsIgnoreCase("DemoProfile")): Text '' is set on object 'Object Repository/RecAndPlayBk/Page-Vlink-Sale/input_COF Transaction Initiated by_cof_tran_6cded5'

2023-02-15 21:47:01 - [TEST_STEP][PASSED] - setText(findTestObject("Object Repository/RecAndPlayBk/Page-Vlink-Sale/input_Card on File Indicator_card_on_file_i_157dae"), ""): Text '' is set on object 'Object Repository/RecAndPlayBk/Page-Vlink-Sale/input_Card on File Indicator_card_on_file_i_157dae'

2023-02-15 21:47:02 - [MESSAGE][PASSED] - Text '' is set on object 'Object Repository/RecAndPlayBk/Page-Vlink-Sale/input_Card on File Indicator_card_on_file_i_157dae'

2023-02-15 21:47:02 - [TEST_STEP][PASSED] - setText(findTestObject("Object Repository/RecAndPlayBk/Page-Vlink-Sale/input_Stored Credential Indicator_stored_cr_4ae73c"), ""): Text '' is set on object 'Object Repository/RecAndPlayBk/Page-Vlink-Sale/input_Stored Credential Indicator_stored_cr_4ae73c'

2023-02-15 21:47:02 - [MESSAGE][PASSED] - Text '' is set on object 'Object Repository/RecAndPlayBk/Page-Vlink-Sale/input_Stored Credential Indicator_stored_cr_4ae73c'

2023-02-15 21:47:02 - [TEST_STEP][PASSED] - setText(findTestObject("Object Repository/RecAndPlayBk/Page-Vlink-Sale/input_COF Scheduled indicator_cof_scheduled_8df7d8"), ""): Text '' is set on object 'Object Repository/RecAndPlayBk/Page-Vlink-Sale/input_COF Scheduled indicator_cof_scheduled_8df7d8'

2023-02-15 21:47:03 - [MESSAGE][PASSED] - Text '' is set on object 'Object Repository/RecAndPlayBk/Page-Vlink-Sale/input_COF Scheduled indicator_cof_scheduled_8df7d8'

2023-02-15 21:47:03 - [TEST_STEP][PASSED] - setText(findTestObject("Object Repository/RecAndPlayBk/Page-Vlink-Sale/input_COF Transaction Initiated by_cof_tran_6cded5"), ""): Text '' is set on object 'Object Repository/RecAndPlayBk/Page-Vlink-Sale/input_COF Transaction Initiated by_cof_tran_6cded5'

2023-02-15 21:47:04 - [MESSAGE][PASSED] - Text '' is set on object 'Object Repository/RecAndPlayBk/Page-Vlink-Sale/input_COF Transaction Initiated by_cof_tran_6cded5'

2023-02-15 21:47:04 - [TEST_STEP][PASSED] - click(findTestObject("Object Repository/RecAndPlayBk/Page-Vlink-Sale/input")): Object: 'Object Repository/RecAndPlayBk/Page-Vlink-Sale/input' is clicked on

2023-02-15 21:47:05 - [MESSAGE][PASSED] - Object: 'Object Repository/RecAndPlayBk/Page-Vlink-Sale/input' is clicked on

2023-02-15 21:47:05 - [TEST_STEP][FAILED] - if (verifyTextPresent("Transaction approved, no errors", true)): Text 'Transaction approved, no errors' is not present on page  using regular expression (Root cause: com.kms.katalon.core.exception.StepFailedException: Text 'Transaction approved, no errors' is not present on page  using regular expression
	at com.kms.katalon.core.webui.keyword.internal.WebUIKeywordMain.stepFailed(WebUIKeywordMain.groovy:64)
	at com.kms.katalon.core.webui.keyword.builtin.VerifyTextPresentKeyword$_verifyTextPresent_closure1.doCall(VerifyTextPresentKeyword.groovy:79)
	at com.kms.katalon.core.webui.keyword.builtin.VerifyTextPresentKeyword$_verifyTextPresent_closure1.call(VerifyTextPresentKeyword.groovy)
	at com.kms.katalon.core.webui.keyword.internal.WebUIKeywordMain.runKeyword(WebUIKeywordMain.groovy:20)
	at com.kms.katalon.core.webui.keyword.builtin.VerifyTextPresentKeyword.verifyTextPresent(VerifyTextPresentKeyword.groovy:83)
	at com.kms.katalon.core.webui.keyword.builtin.VerifyTextPresentKeyword.execute(VerifyTextPresentKeyword.groovy:68)
	at com.kms.katalon.core.keyword.internal.KeywordExecutor.executeKeywordForPlatform(KeywordExecutor.groovy:74)
	at com.kms.katalon.core.webui.keyword.WebUiBuiltInKeywords.verifyTextPresent(WebUiBuiltInKeywords.groovy:1723)
	at com.kms.katalon.core.webui.keyword.WebUiBuiltInKeywords$verifyTextPresent$4.call(Unknown Source)
	at Sale-Void-NoTranxID.run(Sale-Void-NoTranxID:155)
	at com.kms.katalon.core.main.ScriptEngine.run(ScriptEngine.java:194)
	at com.kms.katalon.core.main.ScriptEngine.runScriptAsRawText(ScriptEngine.java:119)
	at com.kms.katalon.core.main.TestCaseExecutor.runScript(TestCaseExecutor.java:442)
	at com.kms.katalon.core.main.TestCaseExecutor.doExecute(TestCaseExecutor.java:433)
	at com.kms.katalon.core.main.TestCaseExecutor.processExecutionPhase(TestCaseExecutor.java:412)
	at com.kms.katalon.core.main.TestCaseExecutor.accessMainPhase(TestCaseExecutor.java:404)
	at com.kms.katalon.core.main.TestCaseExecutor.execute(TestCaseExecutor.java:281)
	at com.kms.katalon.core.main.TestSuiteExecutor.accessTestCaseMainPhase(TestSuiteExecutor.java:202)
	at com.kms.katalon.core.main.TestSuiteExecutor.accessTestSuiteMainPhase(TestSuiteExecutor.java:164)
	at com.kms.katalon.core.main.TestSuiteExecutor.execute(TestSuiteExecutor.java:105)
	at com.kms.katalon.core.main.TestCaseMain.startTestSuite(TestCaseMain.java:185)
	at com.kms.katalon.core.main.TestCaseMain$startTestSuite$0.call(Unknown Source)
	at TempTestSuite1676514794135.run(TempTestSuite1676514794135.groovy:36)
)

2023-02-15 21:47:05 - [MESSAGE][FAILED] - Text 'Transaction approved, no errors' is not present on page  using regular expression (Root cause: com.kms.katalon.core.exception.StepFailedException: Text 'Transaction approved, no errors' is not present on page  using regular expression
	at com.kms.katalon.core.webui.keyword.internal.WebUIKeywordMain.stepFailed(WebUIKeywordMain.groovy:64)
	at com.kms.katalon.core.webui.keyword.builtin.VerifyTextPresentKeyword$_verifyTextPresent_closure1.doCall(VerifyTextPresentKeyword.groovy:79)
	at com.kms.katalon.core.webui.keyword.builtin.VerifyTextPresentKeyword$_verifyTextPresent_closure1.call(VerifyTextPresentKeyword.groovy)
	at com.kms.katalon.core.webui.keyword.internal.WebUIKeywordMain.runKeyword(WebUIKeywordMain.groovy:20)
	at com.kms.katalon.core.webui.keyword.builtin.VerifyTextPresentKeyword.verifyTextPresent(VerifyTextPresentKeyword.groovy:83)
	at com.kms.katalon.core.webui.keyword.builtin.VerifyTextPresentKeyword.execute(VerifyTextPresentKeyword.groovy:68)
	at com.kms.katalon.core.keyword.internal.KeywordExecutor.executeKeywordForPlatform(KeywordExecutor.groovy:74)
	at com.kms.katalon.core.webui.keyword.WebUiBuiltInKeywords.verifyTextPresent(WebUiBuiltInKeywords.groovy:1723)
	at com.kms.katalon.core.webui.keyword.WebUiBuiltInKeywords$verifyTextPresent$4.call(Unknown Source)
	at Sale-Void-NoTranxID.run(Sale-Void-NoTranxID:155)
	at com.kms.katalon.core.main.ScriptEngine.run(ScriptEngine.java:194)
	at com.kms.katalon.core.main.ScriptEngine.runScriptAsRawText(ScriptEngine.java:119)
	at com.kms.katalon.core.main.TestCaseExecutor.runScript(TestCaseExecutor.java:442)
	at com.kms.katalon.core.main.TestCaseExecutor.doExecute(TestCaseExecutor.java:433)
	at com.kms.katalon.core.main.TestCaseExecutor.processExecutionPhase(TestCaseExecutor.java:412)
	at com.kms.katalon.core.main.TestCaseExecutor.accessMainPhase(TestCaseExecutor.java:404)
	at com.kms.katalon.core.main.TestCaseExecutor.execute(TestCaseExecutor.java:281)
	at com.kms.katalon.core.main.TestSuiteExecutor.accessTestCaseMainPhase(TestSuiteExecutor.java:202)
	at com.kms.katalon.core.main.TestSuiteExecutor.accessTestSuiteMainPhase(TestSuiteExecutor.java:164)
	at com.kms.katalon.core.main.TestSuiteExecutor.execute(TestSuiteExecutor.java:105)
	at com.kms.katalon.core.main.TestCaseMain.startTestSuite(TestCaseMain.java:185)
	at com.kms.katalon.core.main.TestCaseMain$startTestSuite$0.call(Unknown Source)
	at TempTestSuite1676514794135.run(TempTestSuite1676514794135.groovy:36)
)

2023-02-15 21:47:05 - [TEST_STEP][PASSED] - else: pages.WriteExcel.demoKey is PASSED

2023-02-15 21:47:05 - [TEST_STEP][PASSED] - println("Transaction Approved, no errors text is not present on the Confirmation page"): null

2023-02-15 21:47:05 - [TEST_STEP][PASSED] - out.println("Fail Record Number: " + row): null

2023-02-15 21:47:05 - [TEST_STEP][PASSED] - resText = "Fail": null

2023-02-15 21:47:05 - [TEST_STEP][PASSED] - pages.WriteExcel.demoKey(resText, datText, resColumn, datCloumn, fileLoc, nameSheet, row): pages.WriteExcel.demoKey is PASSED

2023-02-15 21:47:05 - [MESSAGE][PASSED] - pages.WriteExcel.demoKey is PASSED

2023-02-15 21:47:05 - [TEST_STEP][PASSED] - ExecuteTC = findTestData(dataFile).getValue("Execute", row): null

2023-02-15 21:47:05 - [TEST_STEP][PASSED] - out.println("Value of Execute is : " + ExecuteTC): null

2023-02-15 21:47:05 - [TEST_STEP][PASSED] - switch (executionProfile): null

2023-02-15 21:47:05 - [TEST_STEP][PASSED] - case "QAProfile":: null

2023-02-15 21:47:05 - [TEST_STEP][PASSED] - appID = findTestData(dataFile).getValue("AppIDQA", row): null

2023-02-15 21:47:05 - [TEST_STEP][PASSED] - username = findTestData(dataFile).getValue("UsernameQA", row): null

2023-02-15 21:47:05 - [TEST_STEP][PASSED] - password = findTestData(dataFile).getValue("PasswordQA", row): null

2023-02-15 21:47:05 - [TEST_STEP][PASSED] - break: null

2023-02-15 21:47:05 - [TEST_STEP][PASSED] - if (ExecuteTC.equalsIgnoreCase("Y")): null

2023-02-15 21:47:05 - [TEST_STEP][PASSED] - out.println("Begin Record Number: " + row): null

2023-02-15 21:47:05 - [TEST_STEP][PASSED] - today = new java.util.Date(): null

2023-02-15 21:47:05 - [TEST_STEP][PASSED] - println(today): null

2023-02-15 21:47:05 - [TEST_STEP][PASSED] - datText = today: null

2023-02-15 21:47:05 - [TEST_STEP][PASSED] - category = findTestData(dataFile).getValue("Category", row): null

2023-02-15 21:47:05 - [TEST_STEP][PASSED] - amount = findTestData(dataFile).getValue("Amount", row): null

2023-02-15 21:47:05 - [TEST_STEP][PASSED] - cardNumber = findTestData(dataFile).getValue("CardNumber", row): null

2023-02-15 21:47:05 - [TEST_STEP][PASSED] - exM = findTestData(dataFile).getValue("ExM", row): null

2023-02-15 21:47:06 - [TEST_STEP][PASSED] - exY = findTestData(dataFile).getValue("ExY", row): null

2023-02-15 21:47:06 - [TEST_STEP][PASSED] - openBrowser(VLinkURL + "authcap.html"): Browser is opened with url: 'https://dev-algorithm.govolution.com/vlinktest/QA/version_2_0/authcap.html'

2023-02-15 21:47:06 - [MESSAGE][WARNING] - A browser is already opened. Closing browser and opening a new one

2023-02-15 21:47:06 - [MESSAGE][INFO] - Starting 'Chrome' driver

2023-02-15 21:47:06 - [MESSAGE][INFO] - User set preference: ['acceptInsecureCerts', 'true']

2023-02-15 21:47:06 - [MESSAGE][INFO] - Action delay is set to 0 milliseconds

2023-02-15 21:47:08 - [MESSAGE][PASSED] - Browser is opened with url: 'https://dev-algorithm.govolution.com/vlinktest/QA/version_2_0/authcap.html'

2023-02-15 21:47:08 - [TEST_STEP][PASSED] - maximizeWindow(): Current window maximized

2023-02-15 21:47:08 - [MESSAGE][PASSED] - Current window maximized

2023-02-15 21:47:08 - [TEST_STEP][PASSED] - maximizeWindow(): Current window maximized

2023-02-15 21:47:08 - [MESSAGE][PASSED] - Current window maximized

2023-02-15 21:47:08 - [TEST_STEP][PASSED] - genRemID = RandomStringUtils.random(12, true, true): null

2023-02-15 21:47:08 - [TEST_STEP][PASSED] - setText(findTestObject("Object Repository/RecAndPlayBk/Page-Vlink-Sale/input_Remittance Id_remittance_id"), genRemID): Text 'iUSIFLQU6L50' is set on object 'Object Repository/RecAndPlayBk/Page-Vlink-Sale/input_Remittance Id_remittance_id'

2023-02-15 21:47:09 - [MESSAGE][PASSED] - Text 'iUSIFLQU6L50' is set on object 'Object Repository/RecAndPlayBk/Page-Vlink-Sale/input_Remittance Id_remittance_id'

2023-02-15 21:47:09 - [TEST_STEP][PASSED] - setText(findTestObject("Object Repository/RecAndPlayBk/Page-Vlink-Sale/input_Application Id_application_id"), appID): Text '87' is set on object 'Object Repository/RecAndPlayBk/Page-Vlink-Sale/input_Application Id_application_id'

2023-02-15 21:47:10 - [MESSAGE][PASSED] - Text '87' is set on object 'Object Repository/RecAndPlayBk/Page-Vlink-Sale/input_Application Id_application_id'

2023-02-15 21:47:10 - [TEST_STEP][PASSED] - setText(findTestObject("Object Repository/RecAndPlayBk/Page-Vlink-Sale/input_Username_username"), username): Text 'username' is set on object 'Object Repository/RecAndPlayBk/Page-Vlink-Sale/input_Username_username'

2023-02-15 21:47:11 - [MESSAGE][PASSED] - Text 'username' is set on object 'Object Repository/RecAndPlayBk/Page-Vlink-Sale/input_Username_username'

2023-02-15 21:47:11 - [TEST_STEP][PASSED] - setText(findTestObject("Object Repository/RecAndPlayBk/Page-Vlink-Sale/input_Password_password"), password): Text 'password' is set on object 'Object Repository/RecAndPlayBk/Page-Vlink-Sale/input_Password_password'

2023-02-15 21:47:11 - [MESSAGE][PASSED] - Text 'password' is set on object 'Object Repository/RecAndPlayBk/Page-Vlink-Sale/input_Password_password'

2023-02-15 21:47:11 - [TEST_STEP][PASSED] - setText(findTestObject("Object Repository/RecAndPlayBk/Page-Vlink-Sale/input_Category_category"), category): Text 'ECOM' is set on object 'Object Repository/RecAndPlayBk/Page-Vlink-Sale/input_Category_category'

2023-02-15 21:47:12 - [MESSAGE][PASSED] - Text 'ECOM' is set on object 'Object Repository/RecAndPlayBk/Page-Vlink-Sale/input_Category_category'

2023-02-15 21:47:12 - [TEST_STEP][PASSED] - setText(findTestObject("Object Repository/RecAndPlayBk/Page-Vlink-Sale/input_Amount_amount"), amount): Text '10.5' is set on object 'Object Repository/RecAndPlayBk/Page-Vlink-Sale/input_Amount_amount'

2023-02-15 21:47:13 - [MESSAGE][PASSED] - Text '10.5' is set on object 'Object Repository/RecAndPlayBk/Page-Vlink-Sale/input_Amount_amount'

2023-02-15 21:47:13 - [TEST_STEP][PASSED] - doubleClick(findTestObject("Object Repository/RecAndPlayBk/Page-Vlink-Sale/input_Card number_card_number")): Object: 'Object Repository/RecAndPlayBk/Page-Vlink-Sale/input_Card number_card_number' is double clicked on

2023-02-15 21:47:13 - [MESSAGE][PASSED] - Object: 'Object Repository/RecAndPlayBk/Page-Vlink-Sale/input_Card number_card_number' is double clicked on

2023-02-15 21:47:13 - [TEST_STEP][PASSED] - setText(findTestObject("Object Repository/RecAndPlayBk/Page-Vlink-Sale/input_Card number_card_number"), cardNumber): Text '4012000098765439' is set on object 'Object Repository/RecAndPlayBk/Page-Vlink-Sale/input_Card number_card_number'

2023-02-15 21:47:14 - [MESSAGE][PASSED] - Text '4012000098765439' is set on object 'Object Repository/RecAndPlayBk/Page-Vlink-Sale/input_Card number_card_number'

2023-02-15 21:47:14 - [TEST_STEP][PASSED] - setText(findTestObject("Object Repository/RecAndPlayBk/Page-Vlink-Sale/input_Card ex month_card_exmo"), exM): Text '12' is set on object 'Object Repository/RecAndPlayBk/Page-Vlink-Sale/input_Card ex month_card_exmo'

2023-02-15 21:47:14 - [MESSAGE][PASSED] - Text '12' is set on object 'Object Repository/RecAndPlayBk/Page-Vlink-Sale/input_Card ex month_card_exmo'

2023-02-15 21:47:14 - [TEST_STEP][PASSED] - setText(findTestObject("Object Repository/RecAndPlayBk/Page-Vlink-Sale/input_Card ex year_card_exyr"), exY): Text '2029' is set on object 'Object Repository/RecAndPlayBk/Page-Vlink-Sale/input_Card ex year_card_exyr'

2023-02-15 21:47:15 - [MESSAGE][PASSED] - Text '2029' is set on object 'Object Repository/RecAndPlayBk/Page-Vlink-Sale/input_Card ex year_card_exyr'

2023-02-15 21:47:15 - [TEST_STEP][PASSED] - click(findTestObject("Object Repository/RecAndPlayBk/Page-Vlink-Sale/input_Track Data_track_data")): Object: 'Object Repository/RecAndPlayBk/Page-Vlink-Sale/input_Track Data_track_data' is clicked on

2023-02-15 21:47:15 - [MESSAGE][PASSED] - Object: 'Object Repository/RecAndPlayBk/Page-Vlink-Sale/input_Track Data_track_data' is clicked on

2023-02-15 21:47:15 - [TEST_STEP][PASSED] - click(findTestObject("Object Repository/RecAndPlayBk/Page-Vlink-Sale/input_CVV state_cvv_state")): Object: 'Object Repository/RecAndPlayBk/Page-Vlink-Sale/input_CVV state_cvv_state' is clicked on

2023-02-15 21:47:16 - [MESSAGE][PASSED] - Object: 'Object Repository/RecAndPlayBk/Page-Vlink-Sale/input_CVV state_cvv_state' is clicked on

2023-02-15 21:47:16 - [TEST_STEP][PASSED] - setText(findTestObject("Object Repository/RecAndPlayBk/Page-Vlink-Sale/input_Track Data_track_data"), ""): Text '' is set on object 'Object Repository/RecAndPlayBk/Page-Vlink-Sale/input_Track Data_track_data'

2023-02-15 21:47:16 - [MESSAGE][PASSED] - Text '' is set on object 'Object Repository/RecAndPlayBk/Page-Vlink-Sale/input_Track Data_track_data'

2023-02-15 21:47:16 - [TEST_STEP][PASSED] - setText(findTestObject("Object Repository/RecAndPlayBk/Page-Vlink-Sale/input_concat(Cardholder, , s email)_email"), ""): Text '' is set on object 'Object Repository/RecAndPlayBk/Page-Vlink-Sale/input_concat(Cardholder, , s email)_email'

2023-02-15 21:47:17 - [MESSAGE][PASSED] - Text '' is set on object 'Object Repository/RecAndPlayBk/Page-Vlink-Sale/input_concat(Cardholder, , s email)_email'

2023-02-15 21:47:17 - [TEST_STEP][PASSED] - click(findTestObject("Object Repository/RecAndPlayBk/Page-Vlink-Sale/input_user_defined10_user_defined10")): Object: 'Object Repository/RecAndPlayBk/Page-Vlink-Sale/input_user_defined10_user_defined10' is clicked on

2023-02-15 21:47:17 - [MESSAGE][PASSED] - Object: 'Object Repository/RecAndPlayBk/Page-Vlink-Sale/input_user_defined10_user_defined10' is clicked on

2023-02-15 21:47:17 - [TEST_STEP][PASSED] - if (executionProfile.equalsIgnoreCase("QAProfile") || executionProfile.equalsIgnoreCase("DemoProfile")): Text '' is set on object 'Object Repository/RecAndPlayBk/Page-Vlink-Sale/input_COF Transaction Initiated by_cof_tran_6cded5'

2023-02-15 21:47:17 - [TEST_STEP][PASSED] - setText(findTestObject("Object Repository/RecAndPlayBk/Page-Vlink-Sale/input_Card on File Indicator_card_on_file_i_157dae"), ""): Text '' is set on object 'Object Repository/RecAndPlayBk/Page-Vlink-Sale/input_Card on File Indicator_card_on_file_i_157dae'

2023-02-15 21:47:18 - [MESSAGE][PASSED] - Text '' is set on object 'Object Repository/RecAndPlayBk/Page-Vlink-Sale/input_Card on File Indicator_card_on_file_i_157dae'

2023-02-15 21:47:18 - [TEST_STEP][PASSED] - setText(findTestObject("Object Repository/RecAndPlayBk/Page-Vlink-Sale/input_Stored Credential Indicator_stored_cr_4ae73c"), ""): Text '' is set on object 'Object Repository/RecAndPlayBk/Page-Vlink-Sale/input_Stored Credential Indicator_stored_cr_4ae73c'

2023-02-15 21:47:19 - [MESSAGE][PASSED] - Text '' is set on object 'Object Repository/RecAndPlayBk/Page-Vlink-Sale/input_Stored Credential Indicator_stored_cr_4ae73c'

2023-02-15 21:47:19 - [TEST_STEP][PASSED] - setText(findTestObject("Object Repository/RecAndPlayBk/Page-Vlink-Sale/input_COF Scheduled indicator_cof_scheduled_8df7d8"), ""): Text '' is set on object 'Object Repository/RecAndPlayBk/Page-Vlink-Sale/input_COF Scheduled indicator_cof_scheduled_8df7d8'

2023-02-15 21:47:19 - [MESSAGE][PASSED] - Text '' is set on object 'Object Repository/RecAndPlayBk/Page-Vlink-Sale/input_COF Scheduled indicator_cof_scheduled_8df7d8'

2023-02-15 21:47:19 - [TEST_STEP][PASSED] - setText(findTestObject("Object Repository/RecAndPlayBk/Page-Vlink-Sale/input_COF Transaction Initiated by_cof_tran_6cded5"), ""): Text '' is set on object 'Object Repository/RecAndPlayBk/Page-Vlink-Sale/input_COF Transaction Initiated by_cof_tran_6cded5'

2023-02-15 21:47:20 - [MESSAGE][PASSED] - Text '' is set on object 'Object Repository/RecAndPlayBk/Page-Vlink-Sale/input_COF Transaction Initiated by_cof_tran_6cded5'

2023-02-15 21:47:20 - [TEST_STEP][PASSED] - click(findTestObject("Object Repository/RecAndPlayBk/Page-Vlink-Sale/input")): Object: 'Object Repository/RecAndPlayBk/Page-Vlink-Sale/input' is clicked on

2023-02-15 21:47:22 - [MESSAGE][PASSED] - Object: 'Object Repository/RecAndPlayBk/Page-Vlink-Sale/input' is clicked on

2023-02-15 21:47:22 - [TEST_STEP][PASSED] - if (verifyTextPresent("Transaction approved, no errors", true)): null

2023-02-15 21:47:22 - [MESSAGE][PASSED] - Text 'Transaction approved, no errors' is present on page  using regular expression

2023-02-15 21:47:22 - [TEST_STEP][PASSED] - println("Transaction Approved, no errors text is present on the Confirmation page"): null

2023-02-15 21:47:22 - [TEST_STEP][PASSED] - sdfo = getText(findTestObject("Object Repository/Page_VLinkReceipt/pre_STX")): Text of object 'Object Repository/Page_VLinkReceipt/pre_STX' is: '<STX>iUSIFLQU6L50                  12126575            0  Transaction approved, no errors                   0                                                                                  N TAS624   <ETX>'

2023-02-15 21:47:22 - [MESSAGE][PASSED] - Text of object 'Object Repository/Page_VLinkReceipt/pre_STX' is: '<STX>iUSIFLQU6L50                  12126575            0  Transaction approved, no errors                   0                                                                                  N TAS624   <ETX>'

2023-02-15 21:47:22 - [TEST_STEP][PASSED] - out.println("sdfo: " + sdfo): null

2023-02-15 21:47:22 - [TEST_STEP][PASSED] - remID = substring(5, 35).trim(): null

2023-02-15 21:47:22 - [TEST_STEP][PASSED] - out.println("remID: " + remID): null

2023-02-15 21:47:22 - [TEST_STEP][PASSED] - traxID = substring(35, 55).trim(): null

2023-02-15 21:47:22 - [TEST_STEP][PASSED] - out.println("traxID: " + traxID): null

2023-02-15 21:47:22 - [TEST_STEP][PASSED] - VLinkSaleRemID = remID: null

2023-02-15 21:47:22 - [TEST_STEP][PASSED] - VLinkSaleTranxID = traxID: null

2023-02-15 21:47:22 - [TEST_STEP][PASSED] - openBrowser(VLinkURL + "CC_void.html"): Browser is opened with url: 'https://dev-algorithm.govolution.com/vlinktest/QA/version_2_0/CC_void.html'

2023-02-15 21:47:22 - [MESSAGE][WARNING] - A browser is already opened. Closing browser and opening a new one

2023-02-15 21:47:23 - [MESSAGE][INFO] - Starting 'Chrome' driver

2023-02-15 21:47:23 - [MESSAGE][INFO] - User set preference: ['acceptInsecureCerts', 'true']

2023-02-15 21:47:23 - [MESSAGE][INFO] - Action delay is set to 0 milliseconds

2023-02-15 21:47:25 - [MESSAGE][PASSED] - Browser is opened with url: 'https://dev-algorithm.govolution.com/vlinktest/QA/version_2_0/CC_void.html'

2023-02-15 21:47:25 - [TEST_STEP][PASSED] - maximizeWindow(): Current window maximized

2023-02-15 21:47:25 - [MESSAGE][PASSED] - Current window maximized

2023-02-15 21:47:25 - [TEST_STEP][PASSED] - setText(findTestObject("Object Repository/RecAndPlayBk/Page-Vlink-CC-Void/txt_RemID"), VLinkSaleRemID): Text 'iUSIFLQU6L50' is set on object 'Object Repository/RecAndPlayBk/Page-Vlink-CC-Void/txt_RemID'

2023-02-15 21:47:26 - [MESSAGE][PASSED] - Text 'iUSIFLQU6L50' is set on object 'Object Repository/RecAndPlayBk/Page-Vlink-CC-Void/txt_RemID'

2023-02-15 21:47:26 - [TEST_STEP][PASSED] - setText(findTestObject("Object Repository/RecAndPlayBk/Page-Vlink-CC-Void/txt_ApplicationID"), appID): Text '87' is set on object 'Object Repository/RecAndPlayBk/Page-Vlink-CC-Void/txt_ApplicationID'

2023-02-15 21:47:27 - [MESSAGE][PASSED] - Text '87' is set on object 'Object Repository/RecAndPlayBk/Page-Vlink-CC-Void/txt_ApplicationID'

2023-02-15 21:47:27 - [TEST_STEP][PASSED] - setText(findTestObject("Object Repository/RecAndPlayBk/Page-Vlink-CC-Void/txt_Username"), username): Text 'username' is set on object 'Object Repository/RecAndPlayBk/Page-Vlink-CC-Void/txt_Username'

2023-02-15 21:47:27 - [MESSAGE][PASSED] - Text 'username' is set on object 'Object Repository/RecAndPlayBk/Page-Vlink-CC-Void/txt_Username'

2023-02-15 21:47:27 - [TEST_STEP][PASSED] - setText(findTestObject("Object Repository/RecAndPlayBk/Page-Vlink-CC-Void/txt_Password"), password): Text 'password' is set on object 'Object Repository/RecAndPlayBk/Page-Vlink-CC-Void/txt_Password'

2023-02-15 21:47:28 - [MESSAGE][PASSED] - Text 'password' is set on object 'Object Repository/RecAndPlayBk/Page-Vlink-CC-Void/txt_Password'

2023-02-15 21:47:28 - [TEST_STEP][PASSED] - setText(findTestObject("Object Repository/RecAndPlayBk/Page-Vlink-CC-Void/txt_TransactionID"), "-1"): Text '-1' is set on object 'Object Repository/RecAndPlayBk/Page-Vlink-CC-Void/txt_TransactionID'

2023-02-15 21:47:29 - [MESSAGE][PASSED] - Text '-1' is set on object 'Object Repository/RecAndPlayBk/Page-Vlink-CC-Void/txt_TransactionID'

2023-02-15 21:47:29 - [TEST_STEP][PASSED] - setText(findTestObject("Object Repository/RecAndPlayBk/Page-Vlink-CC-Void/txt_OriginalTransactionType"), "104"): Text '104' is set on object 'Object Repository/RecAndPlayBk/Page-Vlink-CC-Void/txt_OriginalTransactionType'

2023-02-15 21:47:29 - [MESSAGE][PASSED] - Text '104' is set on object 'Object Repository/RecAndPlayBk/Page-Vlink-CC-Void/txt_OriginalTransactionType'

2023-02-15 21:47:29 - [TEST_STEP][PASSED] - setText(findTestObject("Object Repository/RecAndPlayBk/Page-Vlink-CC-Void/txt_TrackData"), ""): Text '' is set on object 'Object Repository/RecAndPlayBk/Page-Vlink-CC-Void/txt_TrackData'

2023-02-15 21:47:30 - [MESSAGE][PASSED] - Text '' is set on object 'Object Repository/RecAndPlayBk/Page-Vlink-CC-Void/txt_TrackData'

2023-02-15 21:47:30 - [TEST_STEP][PASSED] - click(findTestObject("Object Repository/RecAndPlayBk/Page-Vlink-CC-Void/btn_ProcessVLinkTransaction")): Object: 'Object Repository/RecAndPlayBk/Page-Vlink-CC-Void/btn_ProcessVLinkTransaction' is clicked on

2023-02-15 21:47:32 - [MESSAGE][PASSED] - Object: 'Object Repository/RecAndPlayBk/Page-Vlink-CC-Void/btn_ProcessVLinkTransaction' is clicked on

2023-02-15 21:47:32 - [TEST_STEP][PASSED] - if (verifyTextPresent("Transaction approved, no errors", true)): null

2023-02-15 21:47:32 - [MESSAGE][PASSED] - Text 'Transaction approved, no errors' is present on page  using regular expression

2023-02-15 21:47:32 - [TEST_STEP][PASSED] - println("Transaction Approved, no errors text is present on the Confirmation page"): null

2023-02-15 21:47:32 - [TEST_STEP][PASSED] - out.println("Pass Record Number: " + row): null

2023-02-15 21:47:32 - [TEST_STEP][PASSED] - resText = "Pass": null

2023-02-15 21:47:32 - [TEST_STEP][PASSED] - pages.WriteExcel.demoKey(resText, datText, resColumn, datCloumn, fileLoc, nameSheet, row): pages.WriteExcel.demoKey is PASSED

2023-02-15 21:47:32 - [MESSAGE][PASSED] - pages.WriteExcel.demoKey is PASSED

2023-02-15 21:47:32 - [TEST_STEP][PASSED] - ExecuteTC = findTestData(dataFile).getValue("Execute", row): null

2023-02-15 21:47:32 - [TEST_STEP][PASSED] - out.println("Value of Execute is : " + ExecuteTC): null

2023-02-15 21:47:32 - [TEST_STEP][PASSED] - switch (executionProfile): null

2023-02-15 21:47:32 - [TEST_STEP][PASSED] - case "QAProfile":: null

2023-02-15 21:47:32 - [TEST_STEP][PASSED] - appID = findTestData(dataFile).getValue("AppIDQA", row): null

2023-02-15 21:47:32 - [TEST_STEP][PASSED] - username = findTestData(dataFile).getValue("UsernameQA", row): null

2023-02-15 21:47:32 - [TEST_STEP][PASSED] - password = findTestData(dataFile).getValue("PasswordQA", row): null

2023-02-15 21:47:33 - [TEST_STEP][PASSED] - break: null

2023-02-15 21:47:33 - [TEST_STEP][PASSED] - if (ExecuteTC.equalsIgnoreCase("Y")): null

2023-02-15 21:47:33 - [TEST_STEP][PASSED] - out.println("Begin Record Number: " + row): null

2023-02-15 21:47:33 - [TEST_STEP][PASSED] - today = new java.util.Date(): null

2023-02-15 21:47:33 - [TEST_STEP][PASSED] - println(today): null

2023-02-15 21:47:33 - [TEST_STEP][PASSED] - datText = today: null

2023-02-15 21:47:33 - [TEST_STEP][PASSED] - category = findTestData(dataFile).getValue("Category", row): null

2023-02-15 21:47:33 - [TEST_STEP][PASSED] - amount = findTestData(dataFile).getValue("Amount", row): null

2023-02-15 21:47:33 - [TEST_STEP][PASSED] - cardNumber = findTestData(dataFile).getValue("CardNumber", row): null

2023-02-15 21:47:33 - [TEST_STEP][PASSED] - exM = findTestData(dataFile).getValue("ExM", row): null

2023-02-15 21:47:33 - [TEST_STEP][PASSED] - exY = findTestData(dataFile).getValue("ExY", row): null

2023-02-15 21:47:33 - [TEST_STEP][PASSED] - openBrowser(VLinkURL + "authcap.html"): Browser is opened with url: 'https://dev-algorithm.govolution.com/vlinktest/QA/version_2_0/authcap.html'

2023-02-15 21:47:33 - [MESSAGE][WARNING] - A browser is already opened. Closing browser and opening a new one

2023-02-15 21:47:34 - [MESSAGE][INFO] - Starting 'Chrome' driver

2023-02-15 21:47:34 - [MESSAGE][INFO] - User set preference: ['acceptInsecureCerts', 'true']

2023-02-15 21:47:34 - [MESSAGE][INFO] - Action delay is set to 0 milliseconds

2023-02-15 21:47:36 - [MESSAGE][PASSED] - Browser is opened with url: 'https://dev-algorithm.govolution.com/vlinktest/QA/version_2_0/authcap.html'

2023-02-15 21:47:36 - [TEST_STEP][PASSED] - maximizeWindow(): Current window maximized

2023-02-15 21:47:36 - [MESSAGE][PASSED] - Current window maximized

2023-02-15 21:47:36 - [TEST_STEP][PASSED] - maximizeWindow(): Current window maximized

2023-02-15 21:47:36 - [MESSAGE][PASSED] - Current window maximized

2023-02-15 21:47:36 - [TEST_STEP][PASSED] - genRemID = RandomStringUtils.random(12, true, true): null

2023-02-15 21:47:36 - [TEST_STEP][PASSED] - setText(findTestObject("Object Repository/RecAndPlayBk/Page-Vlink-Sale/input_Remittance Id_remittance_id"), genRemID): Text 'LsDZTzjlyXB4' is set on object 'Object Repository/RecAndPlayBk/Page-Vlink-Sale/input_Remittance Id_remittance_id'

2023-02-15 21:47:36 - [MESSAGE][PASSED] - Text 'LsDZTzjlyXB4' is set on object 'Object Repository/RecAndPlayBk/Page-Vlink-Sale/input_Remittance Id_remittance_id'

2023-02-15 21:47:36 - [TEST_STEP][PASSED] - setText(findTestObject("Object Repository/RecAndPlayBk/Page-Vlink-Sale/input_Application Id_application_id"), appID): Text '581' is set on object 'Object Repository/RecAndPlayBk/Page-Vlink-Sale/input_Application Id_application_id'

2023-02-15 21:47:37 - [MESSAGE][PASSED] - Text '581' is set on object 'Object Repository/RecAndPlayBk/Page-Vlink-Sale/input_Application Id_application_id'

2023-02-15 21:47:37 - [TEST_STEP][PASSED] - setText(findTestObject("Object Repository/RecAndPlayBk/Page-Vlink-Sale/input_Username_username"), username): Text 'usr581' is set on object 'Object Repository/RecAndPlayBk/Page-Vlink-Sale/input_Username_username'

2023-02-15 21:47:38 - [MESSAGE][PASSED] - Text 'usr581' is set on object 'Object Repository/RecAndPlayBk/Page-Vlink-Sale/input_Username_username'

2023-02-15 21:47:38 - [TEST_STEP][PASSED] - setText(findTestObject("Object Repository/RecAndPlayBk/Page-Vlink-Sale/input_Password_password"), password): Text 'pwd581' is set on object 'Object Repository/RecAndPlayBk/Page-Vlink-Sale/input_Password_password'

2023-02-15 21:47:38 - [MESSAGE][PASSED] - Text 'pwd581' is set on object 'Object Repository/RecAndPlayBk/Page-Vlink-Sale/input_Password_password'

2023-02-15 21:47:38 - [TEST_STEP][PASSED] - setText(findTestObject("Object Repository/RecAndPlayBk/Page-Vlink-Sale/input_Category_category"), category): Text 'ECOM' is set on object 'Object Repository/RecAndPlayBk/Page-Vlink-Sale/input_Category_category'

2023-02-15 21:47:39 - [MESSAGE][PASSED] - Text 'ECOM' is set on object 'Object Repository/RecAndPlayBk/Page-Vlink-Sale/input_Category_category'

2023-02-15 21:47:39 - [TEST_STEP][PASSED] - setText(findTestObject("Object Repository/RecAndPlayBk/Page-Vlink-Sale/input_Amount_amount"), amount): Text '10.5' is set on object 'Object Repository/RecAndPlayBk/Page-Vlink-Sale/input_Amount_amount'

2023-02-15 21:47:40 - [MESSAGE][PASSED] - Text '10.5' is set on object 'Object Repository/RecAndPlayBk/Page-Vlink-Sale/input_Amount_amount'

2023-02-15 21:47:40 - [TEST_STEP][PASSED] - doubleClick(findTestObject("Object Repository/RecAndPlayBk/Page-Vlink-Sale/input_Card number_card_number")): Object: 'Object Repository/RecAndPlayBk/Page-Vlink-Sale/input_Card number_card_number' is double clicked on

2023-02-15 21:47:40 - [MESSAGE][PASSED] - Object: 'Object Repository/RecAndPlayBk/Page-Vlink-Sale/input_Card number_card_number' is double clicked on

2023-02-15 21:47:40 - [TEST_STEP][PASSED] - setText(findTestObject("Object Repository/RecAndPlayBk/Page-Vlink-Sale/input_Card number_card_number"), cardNumber): Text '5146312200000035' is set on object 'Object Repository/RecAndPlayBk/Page-Vlink-Sale/input_Card number_card_number'

2023-02-15 21:47:41 - [MESSAGE][PASSED] - Text '5146312200000035' is set on object 'Object Repository/RecAndPlayBk/Page-Vlink-Sale/input_Card number_card_number'

2023-02-15 21:47:41 - [TEST_STEP][PASSED] - setText(findTestObject("Object Repository/RecAndPlayBk/Page-Vlink-Sale/input_Card ex month_card_exmo"), exM): Text '12' is set on object 'Object Repository/RecAndPlayBk/Page-Vlink-Sale/input_Card ex month_card_exmo'

2023-02-15 21:47:41 - [MESSAGE][PASSED] - Text '12' is set on object 'Object Repository/RecAndPlayBk/Page-Vlink-Sale/input_Card ex month_card_exmo'

2023-02-15 21:47:41 - [TEST_STEP][PASSED] - setText(findTestObject("Object Repository/RecAndPlayBk/Page-Vlink-Sale/input_Card ex year_card_exyr"), exY): Text '2029' is set on object 'Object Repository/RecAndPlayBk/Page-Vlink-Sale/input_Card ex year_card_exyr'

2023-02-15 21:47:42 - [MESSAGE][PASSED] - Text '2029' is set on object 'Object Repository/RecAndPlayBk/Page-Vlink-Sale/input_Card ex year_card_exyr'

2023-02-15 21:47:42 - [TEST_STEP][PASSED] - click(findTestObject("Object Repository/RecAndPlayBk/Page-Vlink-Sale/input_Track Data_track_data")): Object: 'Object Repository/RecAndPlayBk/Page-Vlink-Sale/input_Track Data_track_data' is clicked on

2023-02-15 21:47:42 - [MESSAGE][PASSED] - Object: 'Object Repository/RecAndPlayBk/Page-Vlink-Sale/input_Track Data_track_data' is clicked on

2023-02-15 21:47:42 - [TEST_STEP][PASSED] - click(findTestObject("Object Repository/RecAndPlayBk/Page-Vlink-Sale/input_CVV state_cvv_state")): Object: 'Object Repository/RecAndPlayBk/Page-Vlink-Sale/input_CVV state_cvv_state' is clicked on

2023-02-15 21:47:42 - [MESSAGE][PASSED] - Object: 'Object Repository/RecAndPlayBk/Page-Vlink-Sale/input_CVV state_cvv_state' is clicked on

2023-02-15 21:47:42 - [TEST_STEP][PASSED] - setText(findTestObject("Object Repository/RecAndPlayBk/Page-Vlink-Sale/input_Track Data_track_data"), ""): Text '' is set on object 'Object Repository/RecAndPlayBk/Page-Vlink-Sale/input_Track Data_track_data'

2023-02-15 21:47:43 - [MESSAGE][PASSED] - Text '' is set on object 'Object Repository/RecAndPlayBk/Page-Vlink-Sale/input_Track Data_track_data'

2023-02-15 21:47:43 - [TEST_STEP][PASSED] - setText(findTestObject("Object Repository/RecAndPlayBk/Page-Vlink-Sale/input_concat(Cardholder, , s email)_email"), ""): Text '' is set on object 'Object Repository/RecAndPlayBk/Page-Vlink-Sale/input_concat(Cardholder, , s email)_email'

2023-02-15 21:47:44 - [MESSAGE][PASSED] - Text '' is set on object 'Object Repository/RecAndPlayBk/Page-Vlink-Sale/input_concat(Cardholder, , s email)_email'

2023-02-15 21:47:44 - [TEST_STEP][PASSED] - click(findTestObject("Object Repository/RecAndPlayBk/Page-Vlink-Sale/input_user_defined10_user_defined10")): Object: 'Object Repository/RecAndPlayBk/Page-Vlink-Sale/input_user_defined10_user_defined10' is clicked on

2023-02-15 21:47:44 - [MESSAGE][PASSED] - Object: 'Object Repository/RecAndPlayBk/Page-Vlink-Sale/input_user_defined10_user_defined10' is clicked on

2023-02-15 21:47:44 - [TEST_STEP][PASSED] - if (executionProfile.equalsIgnoreCase("QAProfile") || executionProfile.equalsIgnoreCase("DemoProfile")): Text '' is set on object 'Object Repository/RecAndPlayBk/Page-Vlink-Sale/input_COF Transaction Initiated by_cof_tran_6cded5'

2023-02-15 21:47:44 - [TEST_STEP][PASSED] - setText(findTestObject("Object Repository/RecAndPlayBk/Page-Vlink-Sale/input_Card on File Indicator_card_on_file_i_157dae"), ""): Text '' is set on object 'Object Repository/RecAndPlayBk/Page-Vlink-Sale/input_Card on File Indicator_card_on_file_i_157dae'

2023-02-15 21:47:45 - [MESSAGE][PASSED] - Text '' is set on object 'Object Repository/RecAndPlayBk/Page-Vlink-Sale/input_Card on File Indicator_card_on_file_i_157dae'

2023-02-15 21:47:45 - [TEST_STEP][PASSED] - setText(findTestObject("Object Repository/RecAndPlayBk/Page-Vlink-Sale/input_Stored Credential Indicator_stored_cr_4ae73c"), ""): Text '' is set on object 'Object Repository/RecAndPlayBk/Page-Vlink-Sale/input_Stored Credential Indicator_stored_cr_4ae73c'

2023-02-15 21:47:45 - [MESSAGE][PASSED] - Text '' is set on object 'Object Repository/RecAndPlayBk/Page-Vlink-Sale/input_Stored Credential Indicator_stored_cr_4ae73c'

2023-02-15 21:47:45 - [TEST_STEP][PASSED] - setText(findTestObject("Object Repository/RecAndPlayBk/Page-Vlink-Sale/input_COF Scheduled indicator_cof_scheduled_8df7d8"), ""): Text '' is set on object 'Object Repository/RecAndPlayBk/Page-Vlink-Sale/input_COF Scheduled indicator_cof_scheduled_8df7d8'

2023-02-15 21:47:46 - [MESSAGE][PASSED] - Text '' is set on object 'Object Repository/RecAndPlayBk/Page-Vlink-Sale/input_COF Scheduled indicator_cof_scheduled_8df7d8'

2023-02-15 21:47:46 - [TEST_STEP][PASSED] - setText(findTestObject("Object Repository/RecAndPlayBk/Page-Vlink-Sale/input_COF Transaction Initiated by_cof_tran_6cded5"), ""): Text '' is set on object 'Object Repository/RecAndPlayBk/Page-Vlink-Sale/input_COF Transaction Initiated by_cof_tran_6cded5'

2023-02-15 21:47:47 - [MESSAGE][PASSED] - Text '' is set on object 'Object Repository/RecAndPlayBk/Page-Vlink-Sale/input_COF Transaction Initiated by_cof_tran_6cded5'

2023-02-15 21:47:47 - [TEST_STEP][PASSED] - click(findTestObject("Object Repository/RecAndPlayBk/Page-Vlink-Sale/input")): Object: 'Object Repository/RecAndPlayBk/Page-Vlink-Sale/input' is clicked on

2023-02-15 21:47:48 - [MESSAGE][PASSED] - Object: 'Object Repository/RecAndPlayBk/Page-Vlink-Sale/input' is clicked on

2023-02-15 21:47:48 - [TEST_STEP][PASSED] - if (verifyTextPresent("Transaction approved, no errors", true)): null

2023-02-15 21:47:48 - [MESSAGE][PASSED] - Text 'Transaction approved, no errors' is present on page  using regular expression

2023-02-15 21:47:48 - [TEST_STEP][PASSED] - println("Transaction Approved, no errors text is present on the Confirmation page"): null

2023-02-15 21:47:48 - [TEST_STEP][PASSED] - sdfo = getText(findTestObject("Object Repository/Page_VLinkReceipt/pre_STX")): Text of object 'Object Repository/Page_VLinkReceipt/pre_STX' is: '<STX>LsDZTzjlyXB4                  12126577            0  Transaction approved, no errors                   0                                                                                  Y 000045   <ETX>'

2023-02-15 21:47:48 - [MESSAGE][PASSED] - Text of object 'Object Repository/Page_VLinkReceipt/pre_STX' is: '<STX>LsDZTzjlyXB4                  12126577            0  Transaction approved, no errors                   0                                                                                  Y 000045   <ETX>'

2023-02-15 21:47:48 - [TEST_STEP][PASSED] - out.println("sdfo: " + sdfo): null

2023-02-15 21:47:48 - [TEST_STEP][PASSED] - remID = substring(5, 35).trim(): null

2023-02-15 21:47:48 - [TEST_STEP][PASSED] - out.println("remID: " + remID): null

2023-02-15 21:47:48 - [TEST_STEP][PASSED] - traxID = substring(35, 55).trim(): null

2023-02-15 21:47:48 - [TEST_STEP][PASSED] - out.println("traxID: " + traxID): null

2023-02-15 21:47:48 - [TEST_STEP][PASSED] - VLinkSaleRemID = remID: null

2023-02-15 21:47:48 - [TEST_STEP][PASSED] - VLinkSaleTranxID = traxID: null

2023-02-15 21:47:48 - [TEST_STEP][PASSED] - openBrowser(VLinkURL + "CC_void.html"): Browser is opened with url: 'https://dev-algorithm.govolution.com/vlinktest/QA/version_2_0/CC_void.html'

2023-02-15 21:47:48 - [MESSAGE][WARNING] - A browser is already opened. Closing browser and opening a new one

2023-02-15 21:47:49 - [MESSAGE][INFO] - Starting 'Chrome' driver

2023-02-15 21:47:49 - [MESSAGE][INFO] - User set preference: ['acceptInsecureCerts', 'true']

2023-02-15 21:47:49 - [MESSAGE][INFO] - Action delay is set to 0 milliseconds

2023-02-15 21:47:51 - [MESSAGE][PASSED] - Browser is opened with url: 'https://dev-algorithm.govolution.com/vlinktest/QA/version_2_0/CC_void.html'

2023-02-15 21:47:51 - [TEST_STEP][PASSED] - maximizeWindow(): Current window maximized

2023-02-15 21:47:51 - [MESSAGE][PASSED] - Current window maximized

2023-02-15 21:47:51 - [TEST_STEP][PASSED] - setText(findTestObject("Object Repository/RecAndPlayBk/Page-Vlink-CC-Void/txt_RemID"), VLinkSaleRemID): Text 'LsDZTzjlyXB4' is set on object 'Object Repository/RecAndPlayBk/Page-Vlink-CC-Void/txt_RemID'

2023-02-15 21:47:52 - [MESSAGE][PASSED] - Text 'LsDZTzjlyXB4' is set on object 'Object Repository/RecAndPlayBk/Page-Vlink-CC-Void/txt_RemID'

2023-02-15 21:47:52 - [TEST_STEP][PASSED] - setText(findTestObject("Object Repository/RecAndPlayBk/Page-Vlink-CC-Void/txt_ApplicationID"), appID): Text '581' is set on object 'Object Repository/RecAndPlayBk/Page-Vlink-CC-Void/txt_ApplicationID'

2023-02-15 21:47:52 - [MESSAGE][PASSED] - Text '581' is set on object 'Object Repository/RecAndPlayBk/Page-Vlink-CC-Void/txt_ApplicationID'

2023-02-15 21:47:52 - [TEST_STEP][PASSED] - setText(findTestObject("Object Repository/RecAndPlayBk/Page-Vlink-CC-Void/txt_Username"), username): Text 'usr581' is set on object 'Object Repository/RecAndPlayBk/Page-Vlink-CC-Void/txt_Username'

2023-02-15 21:47:53 - [MESSAGE][PASSED] - Text 'usr581' is set on object 'Object Repository/RecAndPlayBk/Page-Vlink-CC-Void/txt_Username'

2023-02-15 21:47:53 - [TEST_STEP][PASSED] - setText(findTestObject("Object Repository/RecAndPlayBk/Page-Vlink-CC-Void/txt_Password"), password): Text 'pwd581' is set on object 'Object Repository/RecAndPlayBk/Page-Vlink-CC-Void/txt_Password'

2023-02-15 21:47:54 - [MESSAGE][PASSED] - Text 'pwd581' is set on object 'Object Repository/RecAndPlayBk/Page-Vlink-CC-Void/txt_Password'

2023-02-15 21:47:54 - [TEST_STEP][PASSED] - setText(findTestObject("Object Repository/RecAndPlayBk/Page-Vlink-CC-Void/txt_TransactionID"), "-1"): Text '-1' is set on object 'Object Repository/RecAndPlayBk/Page-Vlink-CC-Void/txt_TransactionID'

2023-02-15 21:47:54 - [MESSAGE][PASSED] - Text '-1' is set on object 'Object Repository/RecAndPlayBk/Page-Vlink-CC-Void/txt_TransactionID'

2023-02-15 21:47:54 - [TEST_STEP][PASSED] - setText(findTestObject("Object Repository/RecAndPlayBk/Page-Vlink-CC-Void/txt_OriginalTransactionType"), "104"): Text '104' is set on object 'Object Repository/RecAndPlayBk/Page-Vlink-CC-Void/txt_OriginalTransactionType'

2023-02-15 21:47:55 - [MESSAGE][PASSED] - Text '104' is set on object 'Object Repository/RecAndPlayBk/Page-Vlink-CC-Void/txt_OriginalTransactionType'

2023-02-15 21:47:55 - [TEST_STEP][PASSED] - setText(findTestObject("Object Repository/RecAndPlayBk/Page-Vlink-CC-Void/txt_TrackData"), ""): Text '' is set on object 'Object Repository/RecAndPlayBk/Page-Vlink-CC-Void/txt_TrackData'

2023-02-15 21:47:55 - [MESSAGE][PASSED] - Text '' is set on object 'Object Repository/RecAndPlayBk/Page-Vlink-CC-Void/txt_TrackData'

2023-02-15 21:47:55 - [TEST_STEP][PASSED] - click(findTestObject("Object Repository/RecAndPlayBk/Page-Vlink-CC-Void/btn_ProcessVLinkTransaction")): Object: 'Object Repository/RecAndPlayBk/Page-Vlink-CC-Void/btn_ProcessVLinkTransaction' is clicked on

2023-02-15 21:47:57 - [MESSAGE][PASSED] - Object: 'Object Repository/RecAndPlayBk/Page-Vlink-CC-Void/btn_ProcessVLinkTransaction' is clicked on

2023-02-15 21:47:57 - [TEST_STEP][PASSED] - if (verifyTextPresent("Transaction approved, no errors", true)): null

2023-02-15 21:47:57 - [MESSAGE][PASSED] - Text 'Transaction approved, no errors' is present on page  using regular expression

2023-02-15 21:47:57 - [TEST_STEP][PASSED] - println("Transaction Approved, no errors text is present on the Confirmation page"): null

2023-02-15 21:47:57 - [TEST_STEP][PASSED] - out.println("Pass Record Number: " + row): null

2023-02-15 21:47:57 - [TEST_STEP][PASSED] - resText = "Pass": null

2023-02-15 21:47:57 - [TEST_STEP][PASSED] - pages.WriteExcel.demoKey(resText, datText, resColumn, datCloumn, fileLoc, nameSheet, row): pages.WriteExcel.demoKey is PASSED

2023-02-15 21:47:58 - [MESSAGE][PASSED] - pages.WriteExcel.demoKey is PASSED]]></system-out>
         <system-err><![CDATA[2023-02-15 21:45:59 - [TEST_CASE][FAILED] - Test Cases/RecAndPlayBk/VLink/Sale-Void-NoTranxID: Test Cases/RecAndPlayBk/VLink/Sale-Void-NoTranxID FAILED.
Reason:
com.kms.katalon.core.exception.StepFailedException: Text 'Transaction approved, no errors' is not present on page  using regular expression (Root cause: com.kms.katalon.core.exception.StepFailedException: Text 'Transaction approved, no errors' is not present on page  using regular expression
	at com.kms.katalon.core.webui.keyword.internal.WebUIKeywordMain.stepFailed(WebUIKeywordMain.groovy:64)
	at com.kms.katalon.core.webui.keyword.builtin.VerifyTextPresentKeyword$_verifyTextPresent_closure1.doCall(VerifyTextPresentKeyword.groovy:79)
	at com.kms.katalon.core.webui.keyword.builtin.VerifyTextPresentKeyword$_verifyTextPresent_closure1.call(VerifyTextPresentKeyword.groovy)
	at com.kms.katalon.core.webui.keyword.internal.WebUIKeywordMain.runKeyword(WebUIKeywordMain.groovy:20)
	at com.kms.katalon.core.webui.keyword.builtin.VerifyTextPresentKeyword.verifyTextPresent(VerifyTextPresentKeyword.groovy:83)
	at com.kms.katalon.core.webui.keyword.builtin.VerifyTextPresentKeyword.execute(VerifyTextPresentKeyword.groovy:68)
	at com.kms.katalon.core.keyword.internal.KeywordExecutor.executeKeywordForPlatform(KeywordExecutor.groovy:74)
	at com.kms.katalon.core.webui.keyword.WebUiBuiltInKeywords.verifyTextPresent(WebUiBuiltInKeywords.groovy:1723)
	at com.kms.katalon.core.webui.keyword.WebUiBuiltInKeywords$verifyTextPresent$4.call(Unknown Source)
	at Sale-Void-NoTranxID.run(Sale-Void-NoTranxID:155)
	at com.kms.katalon.core.main.ScriptEngine.run(ScriptEngine.java:194)
	at com.kms.katalon.core.main.ScriptEngine.runScriptAsRawText(ScriptEngine.java:119)
	at com.kms.katalon.core.main.TestCaseExecutor.runScript(TestCaseExecutor.java:442)
	at com.kms.katalon.core.main.TestCaseExecutor.doExecute(TestCaseExecutor.java:433)
	at com.kms.katalon.core.main.TestCaseExecutor.processExecutionPhase(TestCaseExecutor.java:412)
	at com.kms.katalon.core.main.TestCaseExecutor.accessMainPhase(TestCaseExecutor.java:404)
	at com.kms.katalon.core.main.TestCaseExecutor.execute(TestCaseExecutor.java:281)
	at com.kms.katalon.core.main.TestSuiteExecutor.accessTestCaseMainPhase(TestSuiteExecutor.java:202)
	at com.kms.katalon.core.main.TestSuiteExecutor.accessTestSuiteMainPhase(TestSuiteExecutor.java:164)
	at com.kms.katalon.core.main.TestSuiteExecutor.execute(TestSuiteExecutor.java:105)
	at com.kms.katalon.core.main.TestCaseMain.startTestSuite(TestCaseMain.java:185)
	at com.kms.katalon.core.main.TestCaseMain$startTestSuite$0.call(Unknown Source)
	at TempTestSuite1676514794135.run(TempTestSuite1676514794135.groovy:36)
)
	at com.kms.katalon.core.keyword.internal.KeywordMain.stepFailed(KeywordMain.groovy:39)
	at com.kms.katalon.core.webui.keyword.internal.WebUIKeywordMain.stepFailed(WebUIKeywordMain.groovy:64)
	at com.kms.katalon.core.webui.keyword.builtin.VerifyTextPresentKeyword$_verifyTextPresent_closure1.doCall(VerifyTextPresentKeyword.groovy:79)
	at com.kms.katalon.core.webui.keyword.builtin.VerifyTextPresentKeyword$_verifyTextPresent_closure1.call(VerifyTextPresentKeyword.groovy)
	at com.kms.katalon.core.webui.keyword.internal.WebUIKeywordMain.runKeyword(WebUIKeywordMain.groovy:20)
	at com.kms.katalon.core.webui.keyword.builtin.VerifyTextPresentKeyword.verifyTextPresent(VerifyTextPresentKeyword.groovy:83)
	at com.kms.katalon.core.webui.keyword.builtin.VerifyTextPresentKeyword.execute(VerifyTextPresentKeyword.groovy:68)
	at com.kms.katalon.core.keyword.internal.KeywordExecutor.executeKeywordForPlatform(KeywordExecutor.groovy:74)
	at com.kms.katalon.core.webui.keyword.WebUiBuiltInKeywords.verifyTextPresent(WebUiBuiltInKeywords.groovy:1723)
	at com.kms.katalon.core.webui.keyword.WebUiBuiltInKeywords$verifyTextPresent$4.call(Unknown Source)
	at Sale-Void-NoTranxID.run(Sale-Void-NoTranxID:155)
	at com.kms.katalon.core.main.ScriptEngine.run(ScriptEngine.java:194)
	at com.kms.katalon.core.main.ScriptEngine.runScriptAsRawText(ScriptEngine.java:119)
	at com.kms.katalon.core.main.TestCaseExecutor.runScript(TestCaseExecutor.java:442)
	at com.kms.katalon.core.main.TestCaseExecutor.doExecute(TestCaseExecutor.java:433)
	at com.kms.katalon.core.main.TestCaseExecutor.processExecutionPhase(TestCaseExecutor.java:412)
	at com.kms.katalon.core.main.TestCaseExecutor.accessMainPhase(TestCaseExecutor.java:404)
	at com.kms.katalon.core.main.TestCaseExecutor.execute(TestCaseExecutor.java:281)
	at com.kms.katalon.core.main.TestSuiteExecutor.accessTestCaseMainPhase(TestSuiteExecutor.java:202)
	at com.kms.katalon.core.main.TestSuiteExecutor.accessTestSuiteMainPhase(TestSuiteExecutor.java:164)
	at com.kms.katalon.core.main.TestSuiteExecutor.execute(TestSuiteExecutor.java:105)
	at com.kms.katalon.core.main.TestCaseMain.startTestSuite(TestCaseMain.java:185)
	at com.kms.katalon.core.main.TestCaseMain$startTestSuite$0.call(Unknown Source)
	at TempTestSuite1676514794135.run(TempTestSuite1676514794135.groovy:36)
Caused by: com.kms.katalon.core.exception.StepFailedException: Text 'Transaction approved, no errors' is not present on page  using regular expression
	... 23 more]]></system-err>
      </testcase>
      <testcase name="Test Cases/RecAndPlayBk/VLink/Sale-Credit-Void" time="166.046" classname="Test Cases/RecAndPlayBk/VLink/Sale-Credit-Void" status="FAILED">
         <failure type="FAILED" message="Test Cases/RecAndPlayBk/VLink/Sale-Credit-Void FAILED.
Reason:
com.kms.katalon.core.exception.StepFailedException: Text 'Transaction approved, no errors' is not present on page  using regular expression (Root cause: com.kms.katalon.core.exception.StepFailedException: Text 'Transaction approved, no errors' is not present on page  using regular expression
	at com.kms.katalon.core.webui.keyword.internal.WebUIKeywordMain.stepFailed(WebUIKeywordMain.groovy:64)
	at com.kms.katalon.core.webui.keyword.builtin.VerifyTextPresentKeyword$_verifyTextPresent_closure1.doCall(VerifyTextPresentKeyword.groovy:79)
	at com.kms.katalon.core.webui.keyword.builtin.VerifyTextPresentKeyword$_verifyTextPresent_closure1.call(VerifyTextPresentKeyword.groovy)
	at com.kms.katalon.core.webui.keyword.internal.WebUIKeywordMain.runKeyword(WebUIKeywordMain.groovy:20)
	at com.kms.katalon.core.webui.keyword.builtin.VerifyTextPresentKeyword.verifyTextPresent(VerifyTextPresentKeyword.groovy:83)
	at com.kms.katalon.core.webui.keyword.builtin.VerifyTextPresentKeyword.execute(VerifyTextPresentKeyword.groovy:68)
	at com.kms.katalon.core.keyword.internal.KeywordExecutor.executeKeywordForPlatform(KeywordExecutor.groovy:74)
	at com.kms.katalon.core.webui.keyword.WebUiBuiltInKeywords.verifyTextPresent(WebUiBuiltInKeywords.groovy:1723)
	at com.kms.katalon.core.webui.keyword.WebUiBuiltInKeywords$verifyTextPresent$4.call(Unknown Source)
	at Sale-Credit-Void.run(Sale-Credit-Void:155)
	at com.kms.katalon.core.main.ScriptEngine.run(ScriptEngine.java:194)
	at com.kms.katalon.core.main.ScriptEngine.runScriptAsRawText(ScriptEngine.java:119)
	at com.kms.katalon.core.main.TestCaseExecutor.runScript(TestCaseExecutor.java:442)
	at com.kms.katalon.core.main.TestCaseExecutor.doExecute(TestCaseExecutor.java:433)
	at com.kms.katalon.core.main.TestCaseExecutor.processExecutionPhase(TestCaseExecutor.java:412)
	at com.kms.katalon.core.main.TestCaseExecutor.accessMainPhase(TestCaseExecutor.java:404)
	at com.kms.katalon.core.main.TestCaseExecutor.execute(TestCaseExecutor.java:281)
	at com.kms.katalon.core.main.TestSuiteExecutor.accessTestCaseMainPhase(TestSuiteExecutor.java:202)
	at com.kms.katalon.core.main.TestSuiteExecutor.accessTestSuiteMainPhase(TestSuiteExecutor.java:164)
	at com.kms.katalon.core.main.TestSuiteExecutor.execute(TestSuiteExecutor.java:105)
	at com.kms.katalon.core.main.TestCaseMain.startTestSuite(TestCaseMain.java:185)
	at com.kms.katalon.core.main.TestCaseMain$startTestSuite$0.call(Unknown Source)
	at TempTestSuite1676514794135.run(TempTestSuite1676514794135.groovy:36)
)
	at com.kms.katalon.core.keyword.internal.KeywordMain.stepFailed(KeywordMain.groovy:39)
	at com.kms.katalon.core.webui.keyword.internal.WebUIKeywordMain.stepFailed(WebUIKeywordMain.groovy:64)
	at com.kms.katalon.core.webui.keyword.builtin.VerifyTextPresentKeyword$_verifyTextPresent_closure1.doCall(VerifyTextPresentKeyword.groovy:79)
	at com.kms.katalon.core.webui.keyword.builtin.VerifyTextPresentKeyword$_verifyTextPresent_closure1.call(VerifyTextPresentKeyword.groovy)
	at com.kms.katalon.core.webui.keyword.internal.WebUIKeywordMain.runKeyword(WebUIKeywordMain.groovy:20)
	at com.kms.katalon.core.webui.keyword.builtin.VerifyTextPresentKeyword.verifyTextPresent(VerifyTextPresentKeyword.groovy:83)
	at com.kms.katalon.core.webui.keyword.builtin.VerifyTextPresentKeyword.execute(VerifyTextPresentKeyword.groovy:68)
	at com.kms.katalon.core.keyword.internal.KeywordExecutor.executeKeywordForPlatform(KeywordExecutor.groovy:74)
	at com.kms.katalon.core.webui.keyword.WebUiBuiltInKeywords.verifyTextPresent(WebUiBuiltInKeywords.groovy:1723)
	at com.kms.katalon.core.webui.keyword.WebUiBuiltInKeywords$verifyTextPresent$4.call(Unknown Source)
	at Sale-Credit-Void.run(Sale-Credit-Void:155)
	at com.kms.katalon.core.main.ScriptEngine.run(ScriptEngine.java:194)
	at com.kms.katalon.core.main.ScriptEngine.runScriptAsRawText(ScriptEngine.java:119)
	at com.kms.katalon.core.main.TestCaseExecutor.runScript(TestCaseExecutor.java:442)
	at com.kms.katalon.core.main.TestCaseExecutor.doExecute(TestCaseExecutor.java:433)
	at com.kms.katalon.core.main.TestCaseExecutor.processExecutionPhase(TestCaseExecutor.java:412)
	at com.kms.katalon.core.main.TestCaseExecutor.accessMainPhase(TestCaseExecutor.java:404)
	at com.kms.katalon.core.main.TestCaseExecutor.execute(TestCaseExecutor.java:281)
	at com.kms.katalon.core.main.TestSuiteExecutor.accessTestCaseMainPhase(TestSuiteExecutor.java:202)
	at com.kms.katalon.core.main.TestSuiteExecutor.accessTestSuiteMainPhase(TestSuiteExecutor.java:164)
	at com.kms.katalon.core.main.TestSuiteExecutor.execute(TestSuiteExecutor.java:105)
	at com.kms.katalon.core.main.TestCaseMain.startTestSuite(TestCaseMain.java:185)
	at com.kms.katalon.core.main.TestCaseMain$startTestSuite$0.call(Unknown Source)
	at TempTestSuite1676514794135.run(TempTestSuite1676514794135.groovy:36)
Caused by: com.kms.katalon.core.exception.StepFailedException: Text 'Transaction approved, no errors' is not present on page  using regular expression
	... 23 more
"/>
         <system-out><![CDATA[2023-02-15 21:47:58 - [TEST_CASE][FAILED] - Test Cases/RecAndPlayBk/VLink/Sale-Credit-Void: Test Cases/RecAndPlayBk/VLink/Sale-Credit-Void FAILED.
Reason:
com.kms.katalon.core.exception.StepFailedException: Text 'Transaction approved, no errors' is not present on page  using regular expression (Root cause: com.kms.katalon.core.exception.StepFailedException: Text 'Transaction approved, no errors' is not present on page  using regular expression
	at com.kms.katalon.core.webui.keyword.internal.WebUIKeywordMain.stepFailed(WebUIKeywordMain.groovy:64)
	at com.kms.katalon.core.webui.keyword.builtin.VerifyTextPresentKeyword$_verifyTextPresent_closure1.doCall(VerifyTextPresentKeyword.groovy:79)
	at com.kms.katalon.core.webui.keyword.builtin.VerifyTextPresentKeyword$_verifyTextPresent_closure1.call(VerifyTextPresentKeyword.groovy)
	at com.kms.katalon.core.webui.keyword.internal.WebUIKeywordMain.runKeyword(WebUIKeywordMain.groovy:20)
	at com.kms.katalon.core.webui.keyword.builtin.VerifyTextPresentKeyword.verifyTextPresent(VerifyTextPresentKeyword.groovy:83)
	at com.kms.katalon.core.webui.keyword.builtin.VerifyTextPresentKeyword.execute(VerifyTextPresentKeyword.groovy:68)
	at com.kms.katalon.core.keyword.internal.KeywordExecutor.executeKeywordForPlatform(KeywordExecutor.groovy:74)
	at com.kms.katalon.core.webui.keyword.WebUiBuiltInKeywords.verifyTextPresent(WebUiBuiltInKeywords.groovy:1723)
	at com.kms.katalon.core.webui.keyword.WebUiBuiltInKeywords$verifyTextPresent$4.call(Unknown Source)
	at Sale-Credit-Void.run(Sale-Credit-Void:155)
	at com.kms.katalon.core.main.ScriptEngine.run(ScriptEngine.java:194)
	at com.kms.katalon.core.main.ScriptEngine.runScriptAsRawText(ScriptEngine.java:119)
	at com.kms.katalon.core.main.TestCaseExecutor.runScript(TestCaseExecutor.java:442)
	at com.kms.katalon.core.main.TestCaseExecutor.doExecute(TestCaseExecutor.java:433)
	at com.kms.katalon.core.main.TestCaseExecutor.processExecutionPhase(TestCaseExecutor.java:412)
	at com.kms.katalon.core.main.TestCaseExecutor.accessMainPhase(TestCaseExecutor.java:404)
	at com.kms.katalon.core.main.TestCaseExecutor.execute(TestCaseExecutor.java:281)
	at com.kms.katalon.core.main.TestSuiteExecutor.accessTestCaseMainPhase(TestSuiteExecutor.java:202)
	at com.kms.katalon.core.main.TestSuiteExecutor.accessTestSuiteMainPhase(TestSuiteExecutor.java:164)
	at com.kms.katalon.core.main.TestSuiteExecutor.execute(TestSuiteExecutor.java:105)
	at com.kms.katalon.core.main.TestCaseMain.startTestSuite(TestCaseMain.java:185)
	at com.kms.katalon.core.main.TestCaseMain$startTestSuite$0.call(Unknown Source)
	at TempTestSuite1676514794135.run(TempTestSuite1676514794135.groovy:36)
)
	at com.kms.katalon.core.keyword.internal.KeywordMain.stepFailed(KeywordMain.groovy:39)
	at com.kms.katalon.core.webui.keyword.internal.WebUIKeywordMain.stepFailed(WebUIKeywordMain.groovy:64)
	at com.kms.katalon.core.webui.keyword.builtin.VerifyTextPresentKeyword$_verifyTextPresent_closure1.doCall(VerifyTextPresentKeyword.groovy:79)
	at com.kms.katalon.core.webui.keyword.builtin.VerifyTextPresentKeyword$_verifyTextPresent_closure1.call(VerifyTextPresentKeyword.groovy)
	at com.kms.katalon.core.webui.keyword.internal.WebUIKeywordMain.runKeyword(WebUIKeywordMain.groovy:20)
	at com.kms.katalon.core.webui.keyword.builtin.VerifyTextPresentKeyword.verifyTextPresent(VerifyTextPresentKeyword.groovy:83)
	at com.kms.katalon.core.webui.keyword.builtin.VerifyTextPresentKeyword.execute(VerifyTextPresentKeyword.groovy:68)
	at com.kms.katalon.core.keyword.internal.KeywordExecutor.executeKeywordForPlatform(KeywordExecutor.groovy:74)
	at com.kms.katalon.core.webui.keyword.WebUiBuiltInKeywords.verifyTextPresent(WebUiBuiltInKeywords.groovy:1723)
	at com.kms.katalon.core.webui.keyword.WebUiBuiltInKeywords$verifyTextPresent$4.call(Unknown Source)
	at Sale-Credit-Void.run(Sale-Credit-Void:155)
	at com.kms.katalon.core.main.ScriptEngine.run(ScriptEngine.java:194)
	at com.kms.katalon.core.main.ScriptEngine.runScriptAsRawText(ScriptEngine.java:119)
	at com.kms.katalon.core.main.TestCaseExecutor.runScript(TestCaseExecutor.java:442)
	at com.kms.katalon.core.main.TestCaseExecutor.doExecute(TestCaseExecutor.java:433)
	at com.kms.katalon.core.main.TestCaseExecutor.processExecutionPhase(TestCaseExecutor.java:412)
	at com.kms.katalon.core.main.TestCaseExecutor.accessMainPhase(TestCaseExecutor.java:404)
	at com.kms.katalon.core.main.TestCaseExecutor.execute(TestCaseExecutor.java:281)
	at com.kms.katalon.core.main.TestSuiteExecutor.accessTestCaseMainPhase(TestSuiteExecutor.java:202)
	at com.kms.katalon.core.main.TestSuiteExecutor.accessTestSuiteMainPhase(TestSuiteExecutor.java:164)
	at com.kms.katalon.core.main.TestSuiteExecutor.execute(TestSuiteExecutor.java:105)
	at com.kms.katalon.core.main.TestCaseMain.startTestSuite(TestCaseMain.java:185)
	at com.kms.katalon.core.main.TestCaseMain$startTestSuite$0.call(Unknown Source)
	at TempTestSuite1676514794135.run(TempTestSuite1676514794135.groovy:36)
Caused by: com.kms.katalon.core.exception.StepFailedException: Text 'Transaction approved, no errors' is not present on page  using regular expression
	... 23 more


2023-02-15 21:47:58 - [TEST_STEP][PASSED] - executionProfile = getExecutionProfile(): null

2023-02-15 21:47:58 - [TEST_STEP][PASSED] - out.println("executionProfile : " + executionProfile): null

2023-02-15 21:47:58 - [TEST_STEP][PASSED] - appName = <not implemented yet for class: org.codehaus.groovy.ast.expr.EmptyExpression>: null

2023-02-15 21:47:58 - [TEST_STEP][PASSED] - appID = <not implemented yet for class: org.codehaus.groovy.ast.expr.EmptyExpression>: null

2023-02-15 21:47:58 - [TEST_STEP][PASSED] - username = <not implemented yet for class: org.codehaus.groovy.ast.expr.EmptyExpression>: null

2023-02-15 21:47:58 - [TEST_STEP][PASSED] - password = <not implemented yet for class: org.codehaus.groovy.ast.expr.EmptyExpression>: null

2023-02-15 21:47:58 - [TEST_STEP][PASSED] - cardNameV = <not implemented yet for class: org.codehaus.groovy.ast.expr.EmptyExpression>: null

2023-02-15 21:47:58 - [TEST_STEP][PASSED] - al1V = <not implemented yet for class: org.codehaus.groovy.ast.expr.EmptyExpression>: null

2023-02-15 21:47:58 - [TEST_STEP][PASSED] - al2V = <not implemented yet for class: org.codehaus.groovy.ast.expr.EmptyExpression>: null

2023-02-15 21:47:58 - [TEST_STEP][PASSED] - zipV = <not implemented yet for class: org.codehaus.groovy.ast.expr.EmptyExpression>: null

2023-02-15 21:47:58 - [TEST_STEP][PASSED] - cardTypeV = <not implemented yet for class: org.codehaus.groovy.ast.expr.EmptyExpression>: null

2023-02-15 21:47:58 - [TEST_STEP][PASSED] - last4V = <not implemented yet for class: org.codehaus.groovy.ast.expr.EmptyExpression>: null

2023-02-15 21:47:58 - [TEST_STEP][PASSED] - resText = "Fail": null

2023-02-15 21:47:58 - [TEST_STEP][PASSED] - resColumn = "Result": null

2023-02-15 21:47:58 - [TEST_STEP][PASSED] - datCloumn = "Date": null

2023-02-15 21:47:58 - [TEST_STEP][PASSED] - fileLoc = "KatalonData/VLinkSmokeData.xlsx": null

2023-02-15 21:47:58 - [TEST_STEP][PASSED] - numOfRows = <not implemented yet for class: org.codehaus.groovy.ast.expr.EmptyExpression>: null

2023-02-15 21:47:58 - [TEST_STEP][PASSED] - dataFile = <not implemented yet for class: org.codehaus.groovy.ast.expr.EmptyExpression>: null

2023-02-15 21:47:58 - [TEST_STEP][PASSED] - nameSheet = <not implemented yet for class: org.codehaus.groovy.ast.expr.EmptyExpression>: null

2023-02-15 21:47:58 - [TEST_STEP][PASSED] - nameSheet = "Sale-Credit-Void": null

2023-02-15 21:47:58 - [TEST_STEP][PASSED] - numOfRows = findTestData("QA/VLinkTestData/VLinkSaleCreditVoidData").getRowNumbers(): null

2023-02-15 21:47:58 - [TEST_STEP][PASSED] - println("Number of Records: " + numOfRows): null

2023-02-15 21:47:58 - [TEST_STEP][PASSED] - dataFile = "QA/VLinkTestData/VLinkSaleCreditVoidData": null

2023-02-15 21:47:58 - [TEST_STEP][FAILED] - for ([row = 1, row <= numOfRows, (row++)]): null

2023-02-15 21:47:58 - [TEST_STEP][PASSED] - ExecuteTC = findTestData(dataFile).getValue("Execute", row): null

2023-02-15 21:47:58 - [TEST_STEP][PASSED] - out.println("Value of Execute is : " + ExecuteTC): null

2023-02-15 21:47:58 - [TEST_STEP][PASSED] - switch (executionProfile): null

2023-02-15 21:47:58 - [TEST_STEP][PASSED] - case "QAProfile":: null

2023-02-15 21:47:58 - [TEST_STEP][PASSED] - appID = findTestData(dataFile).getValue("AppIDQA", row): null

2023-02-15 21:47:58 - [TEST_STEP][PASSED] - username = findTestData(dataFile).getValue("UsernameQA", row): null

2023-02-15 21:47:58 - [TEST_STEP][PASSED] - password = findTestData(dataFile).getValue("PasswordQA", row): null

2023-02-15 21:47:59 - [TEST_STEP][PASSED] - break: null

2023-02-15 21:47:59 - [TEST_STEP][PASSED] - if (ExecuteTC.equalsIgnoreCase("Y")): null

2023-02-15 21:47:59 - [TEST_STEP][PASSED] - out.println("Begin Record Number: " + row): null

2023-02-15 21:47:59 - [TEST_STEP][PASSED] - today = new java.util.Date(): null

2023-02-15 21:47:59 - [TEST_STEP][PASSED] - println(today): null

2023-02-15 21:47:59 - [TEST_STEP][PASSED] - datText = today: null

2023-02-15 21:47:59 - [TEST_STEP][PASSED] - category = findTestData(dataFile).getValue("Category", row): null

2023-02-15 21:47:59 - [TEST_STEP][PASSED] - amount = findTestData(dataFile).getValue("Amount", row): null

2023-02-15 21:47:59 - [TEST_STEP][PASSED] - cardNumber = findTestData(dataFile).getValue("CardNumber", row): null

2023-02-15 21:47:59 - [TEST_STEP][PASSED] - exM = findTestData(dataFile).getValue("ExM", row): null

2023-02-15 21:47:59 - [TEST_STEP][PASSED] - exY = findTestData(dataFile).getValue("ExY", row): null

2023-02-15 21:47:59 - [TEST_STEP][PASSED] - openBrowser(VLinkURL + "authcap.html"): Browser is opened with url: 'https://dev-algorithm.govolution.com/vlinktest/QA/version_2_0/authcap.html'

2023-02-15 21:47:59 - [MESSAGE][WARNING] - A browser is already opened. Closing browser and opening a new one

2023-02-15 21:48:00 - [MESSAGE][INFO] - Starting 'Chrome' driver

2023-02-15 21:48:00 - [MESSAGE][INFO] - User set preference: ['acceptInsecureCerts', 'true']

2023-02-15 21:48:00 - [MESSAGE][INFO] - Action delay is set to 0 milliseconds

2023-02-15 21:48:02 - [MESSAGE][PASSED] - Browser is opened with url: 'https://dev-algorithm.govolution.com/vlinktest/QA/version_2_0/authcap.html'

2023-02-15 21:48:02 - [TEST_STEP][PASSED] - maximizeWindow(): Current window maximized

2023-02-15 21:48:02 - [MESSAGE][PASSED] - Current window maximized

2023-02-15 21:48:02 - [TEST_STEP][PASSED] - maximizeWindow(): Current window maximized

2023-02-15 21:48:02 - [MESSAGE][PASSED] - Current window maximized

2023-02-15 21:48:02 - [TEST_STEP][PASSED] - genRemID = RandomStringUtils.random(12, true, true): null

2023-02-15 21:48:02 - [TEST_STEP][PASSED] - setText(findTestObject("Object Repository/RecAndPlayBk/Page-Vlink-Sale/input_Remittance Id_remittance_id"), genRemID): Text 'YiYuVNcPtpPn' is set on object 'Object Repository/RecAndPlayBk/Page-Vlink-Sale/input_Remittance Id_remittance_id'

2023-02-15 21:48:02 - [MESSAGE][PASSED] - Text 'YiYuVNcPtpPn' is set on object 'Object Repository/RecAndPlayBk/Page-Vlink-Sale/input_Remittance Id_remittance_id'

2023-02-15 21:48:02 - [TEST_STEP][PASSED] - setText(findTestObject("Object Repository/RecAndPlayBk/Page-Vlink-Sale/input_Application Id_application_id"), appID): Text '234' is set on object 'Object Repository/RecAndPlayBk/Page-Vlink-Sale/input_Application Id_application_id'

2023-02-15 21:48:03 - [MESSAGE][PASSED] - Text '234' is set on object 'Object Repository/RecAndPlayBk/Page-Vlink-Sale/input_Application Id_application_id'

2023-02-15 21:48:03 - [TEST_STEP][PASSED] - setText(findTestObject("Object Repository/RecAndPlayBk/Page-Vlink-Sale/input_Username_username"), username): Text 'username' is set on object 'Object Repository/RecAndPlayBk/Page-Vlink-Sale/input_Username_username'

2023-02-15 21:48:04 - [MESSAGE][PASSED] - Text 'username' is set on object 'Object Repository/RecAndPlayBk/Page-Vlink-Sale/input_Username_username'

2023-02-15 21:48:04 - [TEST_STEP][PASSED] - setText(findTestObject("Object Repository/RecAndPlayBk/Page-Vlink-Sale/input_Password_password"), password): Text 'password' is set on object 'Object Repository/RecAndPlayBk/Page-Vlink-Sale/input_Password_password'

2023-02-15 21:48:04 - [MESSAGE][PASSED] - Text 'password' is set on object 'Object Repository/RecAndPlayBk/Page-Vlink-Sale/input_Password_password'

2023-02-15 21:48:04 - [TEST_STEP][PASSED] - setText(findTestObject("Object Repository/RecAndPlayBk/Page-Vlink-Sale/input_Category_category"), category): Text 'ECOM' is set on object 'Object Repository/RecAndPlayBk/Page-Vlink-Sale/input_Category_category'

2023-02-15 21:48:05 - [MESSAGE][PASSED] - Text 'ECOM' is set on object 'Object Repository/RecAndPlayBk/Page-Vlink-Sale/input_Category_category'

2023-02-15 21:48:05 - [TEST_STEP][PASSED] - setText(findTestObject("Object Repository/RecAndPlayBk/Page-Vlink-Sale/input_Amount_amount"), amount): Text '10.5' is set on object 'Object Repository/RecAndPlayBk/Page-Vlink-Sale/input_Amount_amount'

2023-02-15 21:48:06 - [MESSAGE][PASSED] - Text '10.5' is set on object 'Object Repository/RecAndPlayBk/Page-Vlink-Sale/input_Amount_amount'

2023-02-15 21:48:06 - [TEST_STEP][PASSED] - doubleClick(findTestObject("Object Repository/RecAndPlayBk/Page-Vlink-Sale/input_Card number_card_number")): Object: 'Object Repository/RecAndPlayBk/Page-Vlink-Sale/input_Card number_card_number' is double clicked on

2023-02-15 21:48:06 - [MESSAGE][PASSED] - Object: 'Object Repository/RecAndPlayBk/Page-Vlink-Sale/input_Card number_card_number' is double clicked on

2023-02-15 21:48:06 - [TEST_STEP][PASSED] - setText(findTestObject("Object Repository/RecAndPlayBk/Page-Vlink-Sale/input_Card number_card_number"), cardNumber): Text '4111111111111111' is set on object 'Object Repository/RecAndPlayBk/Page-Vlink-Sale/input_Card number_card_number'

2023-02-15 21:48:07 - [MESSAGE][PASSED] - Text '4111111111111111' is set on object 'Object Repository/RecAndPlayBk/Page-Vlink-Sale/input_Card number_card_number'

2023-02-15 21:48:07 - [TEST_STEP][PASSED] - setText(findTestObject("Object Repository/RecAndPlayBk/Page-Vlink-Sale/input_Card ex month_card_exmo"), exM): Text '12' is set on object 'Object Repository/RecAndPlayBk/Page-Vlink-Sale/input_Card ex month_card_exmo'

2023-02-15 21:48:07 - [MESSAGE][PASSED] - Text '12' is set on object 'Object Repository/RecAndPlayBk/Page-Vlink-Sale/input_Card ex month_card_exmo'

2023-02-15 21:48:07 - [TEST_STEP][PASSED] - setText(findTestObject("Object Repository/RecAndPlayBk/Page-Vlink-Sale/input_Card ex year_card_exyr"), exY): Text '2029' is set on object 'Object Repository/RecAndPlayBk/Page-Vlink-Sale/input_Card ex year_card_exyr'

2023-02-15 21:48:08 - [MESSAGE][PASSED] - Text '2029' is set on object 'Object Repository/RecAndPlayBk/Page-Vlink-Sale/input_Card ex year_card_exyr'

2023-02-15 21:48:08 - [TEST_STEP][PASSED] - click(findTestObject("Object Repository/RecAndPlayBk/Page-Vlink-Sale/input_Track Data_track_data")): Object: 'Object Repository/RecAndPlayBk/Page-Vlink-Sale/input_Track Data_track_data' is clicked on

2023-02-15 21:48:08 - [MESSAGE][PASSED] - Object: 'Object Repository/RecAndPlayBk/Page-Vlink-Sale/input_Track Data_track_data' is clicked on

2023-02-15 21:48:08 - [TEST_STEP][PASSED] - click(findTestObject("Object Repository/RecAndPlayBk/Page-Vlink-Sale/input_CVV state_cvv_state")): Object: 'Object Repository/RecAndPlayBk/Page-Vlink-Sale/input_CVV state_cvv_state' is clicked on

2023-02-15 21:48:09 - [MESSAGE][PASSED] - Object: 'Object Repository/RecAndPlayBk/Page-Vlink-Sale/input_CVV state_cvv_state' is clicked on

2023-02-15 21:48:09 - [TEST_STEP][PASSED] - setText(findTestObject("Object Repository/RecAndPlayBk/Page-Vlink-Sale/input_Track Data_track_data"), ""): Text '' is set on object 'Object Repository/RecAndPlayBk/Page-Vlink-Sale/input_Track Data_track_data'

2023-02-15 21:48:09 - [MESSAGE][PASSED] - Text '' is set on object 'Object Repository/RecAndPlayBk/Page-Vlink-Sale/input_Track Data_track_data'

2023-02-15 21:48:09 - [TEST_STEP][PASSED] - setText(findTestObject("Object Repository/RecAndPlayBk/Page-Vlink-Sale/input_concat(Cardholder, , s email)_email"), ""): Text '' is set on object 'Object Repository/RecAndPlayBk/Page-Vlink-Sale/input_concat(Cardholder, , s email)_email'

2023-02-15 21:48:10 - [MESSAGE][PASSED] - Text '' is set on object 'Object Repository/RecAndPlayBk/Page-Vlink-Sale/input_concat(Cardholder, , s email)_email'

2023-02-15 21:48:10 - [TEST_STEP][PASSED] - click(findTestObject("Object Repository/RecAndPlayBk/Page-Vlink-Sale/input_user_defined10_user_defined10")): Object: 'Object Repository/RecAndPlayBk/Page-Vlink-Sale/input_user_defined10_user_defined10' is clicked on

2023-02-15 21:48:10 - [MESSAGE][PASSED] - Object: 'Object Repository/RecAndPlayBk/Page-Vlink-Sale/input_user_defined10_user_defined10' is clicked on

2023-02-15 21:48:10 - [TEST_STEP][PASSED] - if (executionProfile.equalsIgnoreCase("QAProfile") || executionProfile.equalsIgnoreCase("DemoProfile")): Text '' is set on object 'Object Repository/RecAndPlayBk/Page-Vlink-Sale/input_COF Transaction Initiated by_cof_tran_6cded5'

2023-02-15 21:48:10 - [TEST_STEP][PASSED] - setText(findTestObject("Object Repository/RecAndPlayBk/Page-Vlink-Sale/input_Card on File Indicator_card_on_file_i_157dae"), ""): Text '' is set on object 'Object Repository/RecAndPlayBk/Page-Vlink-Sale/input_Card on File Indicator_card_on_file_i_157dae'

2023-02-15 21:48:11 - [MESSAGE][PASSED] - Text '' is set on object 'Object Repository/RecAndPlayBk/Page-Vlink-Sale/input_Card on File Indicator_card_on_file_i_157dae'

2023-02-15 21:48:11 - [TEST_STEP][PASSED] - setText(findTestObject("Object Repository/RecAndPlayBk/Page-Vlink-Sale/input_Stored Credential Indicator_stored_cr_4ae73c"), ""): Text '' is set on object 'Object Repository/RecAndPlayBk/Page-Vlink-Sale/input_Stored Credential Indicator_stored_cr_4ae73c'

2023-02-15 21:48:11 - [MESSAGE][PASSED] - Text '' is set on object 'Object Repository/RecAndPlayBk/Page-Vlink-Sale/input_Stored Credential Indicator_stored_cr_4ae73c'

2023-02-15 21:48:11 - [TEST_STEP][PASSED] - setText(findTestObject("Object Repository/RecAndPlayBk/Page-Vlink-Sale/input_COF Scheduled indicator_cof_scheduled_8df7d8"), ""): Text '' is set on object 'Object Repository/RecAndPlayBk/Page-Vlink-Sale/input_COF Scheduled indicator_cof_scheduled_8df7d8'

2023-02-15 21:48:12 - [MESSAGE][PASSED] - Text '' is set on object 'Object Repository/RecAndPlayBk/Page-Vlink-Sale/input_COF Scheduled indicator_cof_scheduled_8df7d8'

2023-02-15 21:48:12 - [TEST_STEP][PASSED] - setText(findTestObject("Object Repository/RecAndPlayBk/Page-Vlink-Sale/input_COF Transaction Initiated by_cof_tran_6cded5"), ""): Text '' is set on object 'Object Repository/RecAndPlayBk/Page-Vlink-Sale/input_COF Transaction Initiated by_cof_tran_6cded5'

2023-02-15 21:48:13 - [MESSAGE][PASSED] - Text '' is set on object 'Object Repository/RecAndPlayBk/Page-Vlink-Sale/input_COF Transaction Initiated by_cof_tran_6cded5'

2023-02-15 21:48:13 - [TEST_STEP][PASSED] - click(findTestObject("Object Repository/RecAndPlayBk/Page-Vlink-Sale/input")): Object: 'Object Repository/RecAndPlayBk/Page-Vlink-Sale/input' is clicked on

2023-02-15 21:48:14 - [MESSAGE][PASSED] - Object: 'Object Repository/RecAndPlayBk/Page-Vlink-Sale/input' is clicked on

2023-02-15 21:48:14 - [TEST_STEP][PASSED] - if (verifyTextPresent("Transaction approved, no errors", true)): null

2023-02-15 21:48:14 - [MESSAGE][PASSED] - Text 'Transaction approved, no errors' is present on page  using regular expression

2023-02-15 21:48:14 - [TEST_STEP][PASSED] - println("Transaction Approved, no errors text is present on the Confirmation page"): null

2023-02-15 21:48:14 - [TEST_STEP][PASSED] - sdfo = getText(findTestObject("Object Repository/Page_VLinkReceipt/pre_STX")): Text of object 'Object Repository/Page_VLinkReceipt/pre_STX' is: '<STX>YiYuVNcPtpPn                  12126579            0  Transaction approved, no errors                   0                                                                                  Y 622072266<ETX>'

2023-02-15 21:48:14 - [MESSAGE][PASSED] - Text of object 'Object Repository/Page_VLinkReceipt/pre_STX' is: '<STX>YiYuVNcPtpPn                  12126579            0  Transaction approved, no errors                   0                                                                                  Y 622072266<ETX>'

2023-02-15 21:48:14 - [TEST_STEP][PASSED] - out.println("sdfo: " + sdfo): null

2023-02-15 21:48:14 - [TEST_STEP][PASSED] - remID = substring(5, 35).trim(): null

2023-02-15 21:48:14 - [TEST_STEP][PASSED] - out.println("remID: " + remID): null

2023-02-15 21:48:14 - [TEST_STEP][PASSED] - traxID = substring(35, 55).trim(): null

2023-02-15 21:48:14 - [TEST_STEP][PASSED] - out.println("traxID: " + traxID): null

2023-02-15 21:48:14 - [TEST_STEP][PASSED] - VLinkSaleRemID = remID: null

2023-02-15 21:48:14 - [TEST_STEP][PASSED] - VLinkSaleTranxID = traxID: null

2023-02-15 21:48:14 - [TEST_STEP][PASSED] - openBrowser(VLinkURL + "CC_credit.html"): Browser is opened with url: 'https://dev-algorithm.govolution.com/vlinktest/QA/version_2_0/CC_credit.html'

2023-02-15 21:48:14 - [MESSAGE][WARNING] - A browser is already opened. Closing browser and opening a new one

2023-02-15 21:48:15 - [MESSAGE][INFO] - Starting 'Chrome' driver

2023-02-15 21:48:15 - [MESSAGE][INFO] - User set preference: ['acceptInsecureCerts', 'true']

2023-02-15 21:48:15 - [MESSAGE][INFO] - Action delay is set to 0 milliseconds

2023-02-15 21:48:17 - [MESSAGE][PASSED] - Browser is opened with url: 'https://dev-algorithm.govolution.com/vlinktest/QA/version_2_0/CC_credit.html'

2023-02-15 21:48:17 - [TEST_STEP][PASSED] - maximizeWindow(): Current window maximized

2023-02-15 21:48:17 - [MESSAGE][PASSED] - Current window maximized

2023-02-15 21:48:17 - [TEST_STEP][PASSED] - setText(findTestObject("Object Repository/RecAndPlayBk/Page-Vlink-CC-Credit/input_Remittance Id"), VLinkSaleRemID): Text 'YiYuVNcPtpPn' is set on object 'Object Repository/RecAndPlayBk/Page-Vlink-CC-Credit/input_Remittance Id'

2023-02-15 21:48:18 - [MESSAGE][PASSED] - Text 'YiYuVNcPtpPn' is set on object 'Object Repository/RecAndPlayBk/Page-Vlink-CC-Credit/input_Remittance Id'

2023-02-15 21:48:18 - [TEST_STEP][PASSED] - setText(findTestObject("Object Repository/RecAndPlayBk/Page-Vlink-CC-Credit/input_Application Id"), appID): Text '234' is set on object 'Object Repository/RecAndPlayBk/Page-Vlink-CC-Credit/input_Application Id'

2023-02-15 21:48:19 - [MESSAGE][PASSED] - Text '234' is set on object 'Object Repository/RecAndPlayBk/Page-Vlink-CC-Credit/input_Application Id'

2023-02-15 21:48:19 - [TEST_STEP][PASSED] - setText(findTestObject("Object Repository/RecAndPlayBk/Page-Vlink-CC-Credit/input_Username"), username): Text 'username' is set on object 'Object Repository/RecAndPlayBk/Page-Vlink-CC-Credit/input_Username'

2023-02-15 21:48:19 - [MESSAGE][PASSED] - Text 'username' is set on object 'Object Repository/RecAndPlayBk/Page-Vlink-CC-Credit/input_Username'

2023-02-15 21:48:19 - [TEST_STEP][PASSED] - setText(findTestObject("Object Repository/RecAndPlayBk/Page-Vlink-CC-Credit/input_Password"), password): Text 'password' is set on object 'Object Repository/RecAndPlayBk/Page-Vlink-CC-Credit/input_Password'

2023-02-15 21:48:20 - [MESSAGE][PASSED] - Text 'password' is set on object 'Object Repository/RecAndPlayBk/Page-Vlink-CC-Credit/input_Password'

2023-02-15 21:48:20 - [TEST_STEP][PASSED] - setText(findTestObject("Object Repository/RecAndPlayBk/Page-Vlink-CC-Credit/input_Transaction ID"), VLinkSaleTranxID): Text '12126579' is set on object 'Object Repository/RecAndPlayBk/Page-Vlink-CC-Credit/input_Transaction ID'

2023-02-15 21:48:20 - [MESSAGE][PASSED] - Text '12126579' is set on object 'Object Repository/RecAndPlayBk/Page-Vlink-CC-Credit/input_Transaction ID'

2023-02-15 21:48:20 - [TEST_STEP][PASSED] - setText(findTestObject("Object Repository/RecAndPlayBk/Page-Vlink-CC-Credit/input_Amount"), amount): Text '10.5' is set on object 'Object Repository/RecAndPlayBk/Page-Vlink-CC-Credit/input_Amount'

2023-02-15 21:48:21 - [MESSAGE][PASSED] - Text '10.5' is set on object 'Object Repository/RecAndPlayBk/Page-Vlink-CC-Credit/input_Amount'

2023-02-15 21:48:21 - [TEST_STEP][PASSED] - setText(findTestObject("Object Repository/RecAndPlayBk/Page-Vlink-CC-Credit/input_Card number"), ""): Text '' is set on object 'Object Repository/RecAndPlayBk/Page-Vlink-CC-Credit/input_Card number'

2023-02-15 21:48:22 - [MESSAGE][PASSED] - Text '' is set on object 'Object Repository/RecAndPlayBk/Page-Vlink-CC-Credit/input_Card number'

2023-02-15 21:48:22 - [TEST_STEP][PASSED] - setText(findTestObject("Object Repository/RecAndPlayBk/Page-Vlink-CC-Credit/input_Card ex month"), ""): Text '' is set on object 'Object Repository/RecAndPlayBk/Page-Vlink-CC-Credit/input_Card ex month'

2023-02-15 21:48:22 - [MESSAGE][PASSED] - Text '' is set on object 'Object Repository/RecAndPlayBk/Page-Vlink-CC-Credit/input_Card ex month'

2023-02-15 21:48:22 - [TEST_STEP][PASSED] - setText(findTestObject("Object Repository/RecAndPlayBk/Page-Vlink-CC-Credit/input_Card ex year"), ""): Text '' is set on object 'Object Repository/RecAndPlayBk/Page-Vlink-CC-Credit/input_Card ex year'

2023-02-15 21:48:23 - [MESSAGE][PASSED] - Text '' is set on object 'Object Repository/RecAndPlayBk/Page-Vlink-CC-Credit/input_Card ex year'

2023-02-15 21:48:23 - [TEST_STEP][PASSED] - setText(findTestObject("Object Repository/RecAndPlayBk/Page-Vlink-CC-Credit/input_Track Data"), ""): Text '' is set on object 'Object Repository/RecAndPlayBk/Page-Vlink-CC-Credit/input_Track Data'

2023-02-15 21:48:23 - [MESSAGE][PASSED] - Text '' is set on object 'Object Repository/RecAndPlayBk/Page-Vlink-CC-Credit/input_Track Data'

2023-02-15 21:48:23 - [TEST_STEP][PASSED] - setText(findTestObject("Object Repository/RecAndPlayBk/Page-Vlink-CC-Credit/input_Category Code"), category): Text 'ECOM' is set on object 'Object Repository/RecAndPlayBk/Page-Vlink-CC-Credit/input_Category Code'

2023-02-15 21:48:24 - [MESSAGE][PASSED] - Text 'ECOM' is set on object 'Object Repository/RecAndPlayBk/Page-Vlink-CC-Credit/input_Category Code'

2023-02-15 21:48:24 - [TEST_STEP][PASSED] - click(findTestObject("Object Repository/RecAndPlayBk/Page-Vlink-CC-Credit/input")): Object: 'Object Repository/RecAndPlayBk/Page-Vlink-CC-Credit/input' is clicked on

2023-02-15 21:48:25 - [MESSAGE][PASSED] - Object: 'Object Repository/RecAndPlayBk/Page-Vlink-CC-Credit/input' is clicked on

2023-02-15 21:48:25 - [TEST_STEP][PASSED] - if (verifyTextPresent("Transaction approved, no errors", true)): null

2023-02-15 21:48:25 - [MESSAGE][PASSED] - Text 'Transaction approved, no errors' is present on page  using regular expression

2023-02-15 21:48:25 - [TEST_STEP][PASSED] - sdfo = getText(findTestObject("Object Repository/Page_VLinkReceipt/pre_STX")): Text of object 'Object Repository/Page_VLinkReceipt/pre_STX' is: '<STX>YiYuVNcPtpPn                  12126580            0  Transaction approved, no errors                   0                                                                                             <ETX>'

2023-02-15 21:48:26 - [MESSAGE][PASSED] - Text of object 'Object Repository/Page_VLinkReceipt/pre_STX' is: '<STX>YiYuVNcPtpPn                  12126580            0  Transaction approved, no errors                   0                                                                                             <ETX>'

2023-02-15 21:48:26 - [TEST_STEP][PASSED] - out.println("sdfo: " + sdfo): null

2023-02-15 21:48:26 - [TEST_STEP][PASSED] - remID = substring(5, 35).trim(): null

2023-02-15 21:48:26 - [TEST_STEP][PASSED] - out.println("remID: " + remID): null

2023-02-15 21:48:26 - [TEST_STEP][PASSED] - traxID = substring(35, 55).trim(): null

2023-02-15 21:48:26 - [TEST_STEP][PASSED] - out.println("traxID: " + traxID): null

2023-02-15 21:48:26 - [TEST_STEP][PASSED] - VLinkSaleRemID = remID: null

2023-02-15 21:48:26 - [TEST_STEP][PASSED] - VLinkSaleTranxID = traxID: null

2023-02-15 21:48:26 - [TEST_STEP][PASSED] - openBrowser(VLinkURL + "CC_void.html"): Browser is opened with url: 'https://dev-algorithm.govolution.com/vlinktest/QA/version_2_0/CC_void.html'

2023-02-15 21:48:26 - [MESSAGE][WARNING] - A browser is already opened. Closing browser and opening a new one

2023-02-15 21:48:27 - [MESSAGE][INFO] - Starting 'Chrome' driver

2023-02-15 21:48:27 - [MESSAGE][INFO] - User set preference: ['acceptInsecureCerts', 'true']

2023-02-15 21:48:27 - [MESSAGE][INFO] - Action delay is set to 0 milliseconds

2023-02-15 21:48:28 - [MESSAGE][PASSED] - Browser is opened with url: 'https://dev-algorithm.govolution.com/vlinktest/QA/version_2_0/CC_void.html'

2023-02-15 21:48:28 - [TEST_STEP][PASSED] - maximizeWindow(): Current window maximized

2023-02-15 21:48:28 - [MESSAGE][PASSED] - Current window maximized

2023-02-15 21:48:28 - [TEST_STEP][PASSED] - setText(findTestObject("Object Repository/RecAndPlayBk/Page-Vlink-CC-Void/txt_RemID"), VLinkSaleRemID): Text 'YiYuVNcPtpPn' is set on object 'Object Repository/RecAndPlayBk/Page-Vlink-CC-Void/txt_RemID'

2023-02-15 21:48:29 - [MESSAGE][PASSED] - Text 'YiYuVNcPtpPn' is set on object 'Object Repository/RecAndPlayBk/Page-Vlink-CC-Void/txt_RemID'

2023-02-15 21:48:29 - [TEST_STEP][PASSED] - setText(findTestObject("Object Repository/RecAndPlayBk/Page-Vlink-CC-Void/txt_ApplicationID"), appID): Text '234' is set on object 'Object Repository/RecAndPlayBk/Page-Vlink-CC-Void/txt_ApplicationID'

2023-02-15 21:48:30 - [MESSAGE][PASSED] - Text '234' is set on object 'Object Repository/RecAndPlayBk/Page-Vlink-CC-Void/txt_ApplicationID'

2023-02-15 21:48:30 - [TEST_STEP][PASSED] - setText(findTestObject("Object Repository/RecAndPlayBk/Page-Vlink-CC-Void/txt_Username"), username): Text 'username' is set on object 'Object Repository/RecAndPlayBk/Page-Vlink-CC-Void/txt_Username'

2023-02-15 21:48:31 - [MESSAGE][PASSED] - Text 'username' is set on object 'Object Repository/RecAndPlayBk/Page-Vlink-CC-Void/txt_Username'

2023-02-15 21:48:31 - [TEST_STEP][PASSED] - setText(findTestObject("Object Repository/RecAndPlayBk/Page-Vlink-CC-Void/txt_Password"), password): Text 'password' is set on object 'Object Repository/RecAndPlayBk/Page-Vlink-CC-Void/txt_Password'

2023-02-15 21:48:31 - [MESSAGE][PASSED] - Text 'password' is set on object 'Object Repository/RecAndPlayBk/Page-Vlink-CC-Void/txt_Password'

2023-02-15 21:48:31 - [TEST_STEP][PASSED] - setText(findTestObject("Object Repository/RecAndPlayBk/Page-Vlink-CC-Void/txt_TransactionID"), VLinkSaleTranxID): Text '12126580' is set on object 'Object Repository/RecAndPlayBk/Page-Vlink-CC-Void/txt_TransactionID'

2023-02-15 21:48:32 - [MESSAGE][PASSED] - Text '12126580' is set on object 'Object Repository/RecAndPlayBk/Page-Vlink-CC-Void/txt_TransactionID'

2023-02-15 21:48:32 - [TEST_STEP][PASSED] - setText(findTestObject("Object Repository/RecAndPlayBk/Page-Vlink-CC-Void/txt_OriginalTransactionType"), "104"): Text '104' is set on object 'Object Repository/RecAndPlayBk/Page-Vlink-CC-Void/txt_OriginalTransactionType'

2023-02-15 21:48:32 - [MESSAGE][PASSED] - Text '104' is set on object 'Object Repository/RecAndPlayBk/Page-Vlink-CC-Void/txt_OriginalTransactionType'

2023-02-15 21:48:32 - [TEST_STEP][PASSED] - setText(findTestObject("Object Repository/RecAndPlayBk/Page-Vlink-CC-Void/txt_TrackData"), ""): Text '' is set on object 'Object Repository/RecAndPlayBk/Page-Vlink-CC-Void/txt_TrackData'

2023-02-15 21:48:33 - [MESSAGE][PASSED] - Text '' is set on object 'Object Repository/RecAndPlayBk/Page-Vlink-CC-Void/txt_TrackData'

2023-02-15 21:48:33 - [TEST_STEP][PASSED] - click(findTestObject("Object Repository/RecAndPlayBk/Page-Vlink-CC-Void/btn_ProcessVLinkTransaction")): Object: 'Object Repository/RecAndPlayBk/Page-Vlink-CC-Void/btn_ProcessVLinkTransaction' is clicked on

2023-02-15 21:48:34 - [MESSAGE][PASSED] - Object: 'Object Repository/RecAndPlayBk/Page-Vlink-CC-Void/btn_ProcessVLinkTransaction' is clicked on

2023-02-15 21:48:34 - [TEST_STEP][PASSED] - if (verifyTextPresent("Transaction approved, no errors", true)): null

2023-02-15 21:48:35 - [MESSAGE][PASSED] - Text 'Transaction approved, no errors' is present on page  using regular expression

2023-02-15 21:48:35 - [TEST_STEP][PASSED] - println("Transaction Approved, no errors text is present on the Confirmation page"): null

2023-02-15 21:48:35 - [TEST_STEP][PASSED] - out.println("Pass Record Number: " + row): null

2023-02-15 21:48:35 - [TEST_STEP][PASSED] - resText = "Pass": null

2023-02-15 21:48:35 - [TEST_STEP][PASSED] - pages.WriteExcel.demoKey(resText, datText, resColumn, datCloumn, fileLoc, nameSheet, row): pages.WriteExcel.demoKey is PASSED

2023-02-15 21:48:35 - [MESSAGE][PASSED] - pages.WriteExcel.demoKey is PASSED

2023-02-15 21:48:35 - [TEST_STEP][PASSED] - ExecuteTC = findTestData(dataFile).getValue("Execute", row): null

2023-02-15 21:48:35 - [TEST_STEP][PASSED] - out.println("Value of Execute is : " + ExecuteTC): null

2023-02-15 21:48:35 - [TEST_STEP][PASSED] - switch (executionProfile): null

2023-02-15 21:48:35 - [TEST_STEP][PASSED] - case "QAProfile":: null

2023-02-15 21:48:35 - [TEST_STEP][PASSED] - appID = findTestData(dataFile).getValue("AppIDQA", row): null

2023-02-15 21:48:35 - [TEST_STEP][PASSED] - username = findTestData(dataFile).getValue("UsernameQA", row): null

2023-02-15 21:48:35 - [TEST_STEP][PASSED] - password = findTestData(dataFile).getValue("PasswordQA", row): null

2023-02-15 21:48:35 - [TEST_STEP][PASSED] - break: null

2023-02-15 21:48:35 - [TEST_STEP][PASSED] - if (ExecuteTC.equalsIgnoreCase("Y")): null

2023-02-15 21:48:35 - [TEST_STEP][PASSED] - out.println("Begin Record Number: " + row): null

2023-02-15 21:48:35 - [TEST_STEP][PASSED] - today = new java.util.Date(): null

2023-02-15 21:48:35 - [TEST_STEP][PASSED] - println(today): null

2023-02-15 21:48:35 - [TEST_STEP][PASSED] - datText = today: null

2023-02-15 21:48:35 - [TEST_STEP][PASSED] - category = findTestData(dataFile).getValue("Category", row): null

2023-02-15 21:48:35 - [TEST_STEP][PASSED] - amount = findTestData(dataFile).getValue("Amount", row): null

2023-02-15 21:48:35 - [TEST_STEP][PASSED] - cardNumber = findTestData(dataFile).getValue("CardNumber", row): null

2023-02-15 21:48:35 - [TEST_STEP][PASSED] - exM = findTestData(dataFile).getValue("ExM", row): null

2023-02-15 21:48:35 - [TEST_STEP][PASSED] - exY = findTestData(dataFile).getValue("ExY", row): null

2023-02-15 21:48:35 - [TEST_STEP][PASSED] - openBrowser(VLinkURL + "authcap.html"): Browser is opened with url: 'https://dev-algorithm.govolution.com/vlinktest/QA/version_2_0/authcap.html'

2023-02-15 21:48:35 - [MESSAGE][WARNING] - A browser is already opened. Closing browser and opening a new one

2023-02-15 21:48:36 - [MESSAGE][INFO] - Starting 'Chrome' driver

2023-02-15 21:48:36 - [MESSAGE][INFO] - User set preference: ['acceptInsecureCerts', 'true']

2023-02-15 21:48:36 - [MESSAGE][INFO] - Action delay is set to 0 milliseconds

2023-02-15 21:48:38 - [MESSAGE][PASSED] - Browser is opened with url: 'https://dev-algorithm.govolution.com/vlinktest/QA/version_2_0/authcap.html'

2023-02-15 21:48:38 - [TEST_STEP][PASSED] - maximizeWindow(): Current window maximized

2023-02-15 21:48:38 - [MESSAGE][PASSED] - Current window maximized

2023-02-15 21:48:38 - [TEST_STEP][PASSED] - maximizeWindow(): Current window maximized

2023-02-15 21:48:38 - [MESSAGE][PASSED] - Current window maximized

2023-02-15 21:48:38 - [TEST_STEP][PASSED] - genRemID = RandomStringUtils.random(12, true, true): null

2023-02-15 21:48:38 - [TEST_STEP][PASSED] - setText(findTestObject("Object Repository/RecAndPlayBk/Page-Vlink-Sale/input_Remittance Id_remittance_id"), genRemID): Text 'KEeV9qnJDsMs' is set on object 'Object Repository/RecAndPlayBk/Page-Vlink-Sale/input_Remittance Id_remittance_id'

2023-02-15 21:48:39 - [MESSAGE][PASSED] - Text 'KEeV9qnJDsMs' is set on object 'Object Repository/RecAndPlayBk/Page-Vlink-Sale/input_Remittance Id_remittance_id'

2023-02-15 21:48:39 - [TEST_STEP][PASSED] - setText(findTestObject("Object Repository/RecAndPlayBk/Page-Vlink-Sale/input_Application Id_application_id"), appID): Text '234' is set on object 'Object Repository/RecAndPlayBk/Page-Vlink-Sale/input_Application Id_application_id'

2023-02-15 21:48:40 - [MESSAGE][PASSED] - Text '234' is set on object 'Object Repository/RecAndPlayBk/Page-Vlink-Sale/input_Application Id_application_id'

2023-02-15 21:48:40 - [TEST_STEP][PASSED] - setText(findTestObject("Object Repository/RecAndPlayBk/Page-Vlink-Sale/input_Username_username"), username): Text 'username' is set on object 'Object Repository/RecAndPlayBk/Page-Vlink-Sale/input_Username_username'

2023-02-15 21:48:40 - [MESSAGE][PASSED] - Text 'username' is set on object 'Object Repository/RecAndPlayBk/Page-Vlink-Sale/input_Username_username'

2023-02-15 21:48:40 - [TEST_STEP][PASSED] - setText(findTestObject("Object Repository/RecAndPlayBk/Page-Vlink-Sale/input_Password_password"), password): Text 'password' is set on object 'Object Repository/RecAndPlayBk/Page-Vlink-Sale/input_Password_password'

2023-02-15 21:48:41 - [MESSAGE][PASSED] - Text 'password' is set on object 'Object Repository/RecAndPlayBk/Page-Vlink-Sale/input_Password_password'

2023-02-15 21:48:41 - [TEST_STEP][PASSED] - setText(findTestObject("Object Repository/RecAndPlayBk/Page-Vlink-Sale/input_Category_category"), category): Text 'MOTO' is set on object 'Object Repository/RecAndPlayBk/Page-Vlink-Sale/input_Category_category'

2023-02-15 21:48:42 - [MESSAGE][PASSED] - Text 'MOTO' is set on object 'Object Repository/RecAndPlayBk/Page-Vlink-Sale/input_Category_category'

2023-02-15 21:48:42 - [TEST_STEP][PASSED] - setText(findTestObject("Object Repository/RecAndPlayBk/Page-Vlink-Sale/input_Amount_amount"), amount): Text '10.5' is set on object 'Object Repository/RecAndPlayBk/Page-Vlink-Sale/input_Amount_amount'

2023-02-15 21:48:42 - [MESSAGE][PASSED] - Text '10.5' is set on object 'Object Repository/RecAndPlayBk/Page-Vlink-Sale/input_Amount_amount'

2023-02-15 21:48:42 - [TEST_STEP][PASSED] - doubleClick(findTestObject("Object Repository/RecAndPlayBk/Page-Vlink-Sale/input_Card number_card_number")): Object: 'Object Repository/RecAndPlayBk/Page-Vlink-Sale/input_Card number_card_number' is double clicked on

2023-02-15 21:48:43 - [MESSAGE][PASSED] - Object: 'Object Repository/RecAndPlayBk/Page-Vlink-Sale/input_Card number_card_number' is double clicked on

2023-02-15 21:48:43 - [TEST_STEP][PASSED] - setText(findTestObject("Object Repository/RecAndPlayBk/Page-Vlink-Sale/input_Card number_card_number"), cardNumber): Text '5424000000000015' is set on object 'Object Repository/RecAndPlayBk/Page-Vlink-Sale/input_Card number_card_number'

2023-02-15 21:48:43 - [MESSAGE][PASSED] - Text '5424000000000015' is set on object 'Object Repository/RecAndPlayBk/Page-Vlink-Sale/input_Card number_card_number'

2023-02-15 21:48:43 - [TEST_STEP][PASSED] - setText(findTestObject("Object Repository/RecAndPlayBk/Page-Vlink-Sale/input_Card ex month_card_exmo"), exM): Text '12' is set on object 'Object Repository/RecAndPlayBk/Page-Vlink-Sale/input_Card ex month_card_exmo'

2023-02-15 21:48:44 - [MESSAGE][PASSED] - Text '12' is set on object 'Object Repository/RecAndPlayBk/Page-Vlink-Sale/input_Card ex month_card_exmo'

2023-02-15 21:48:44 - [TEST_STEP][PASSED] - setText(findTestObject("Object Repository/RecAndPlayBk/Page-Vlink-Sale/input_Card ex year_card_exyr"), exY): Text '2029' is set on object 'Object Repository/RecAndPlayBk/Page-Vlink-Sale/input_Card ex year_card_exyr'

2023-02-15 21:48:44 - [MESSAGE][PASSED] - Text '2029' is set on object 'Object Repository/RecAndPlayBk/Page-Vlink-Sale/input_Card ex year_card_exyr'

2023-02-15 21:48:44 - [TEST_STEP][PASSED] - click(findTestObject("Object Repository/RecAndPlayBk/Page-Vlink-Sale/input_Track Data_track_data")): Object: 'Object Repository/RecAndPlayBk/Page-Vlink-Sale/input_Track Data_track_data' is clicked on

2023-02-15 21:48:45 - [MESSAGE][PASSED] - Object: 'Object Repository/RecAndPlayBk/Page-Vlink-Sale/input_Track Data_track_data' is clicked on

2023-02-15 21:48:45 - [TEST_STEP][PASSED] - click(findTestObject("Object Repository/RecAndPlayBk/Page-Vlink-Sale/input_CVV state_cvv_state")): Object: 'Object Repository/RecAndPlayBk/Page-Vlink-Sale/input_CVV state_cvv_state' is clicked on

2023-02-15 21:48:45 - [MESSAGE][PASSED] - Object: 'Object Repository/RecAndPlayBk/Page-Vlink-Sale/input_CVV state_cvv_state' is clicked on

2023-02-15 21:48:45 - [TEST_STEP][PASSED] - setText(findTestObject("Object Repository/RecAndPlayBk/Page-Vlink-Sale/input_Track Data_track_data"), ""): Text '' is set on object 'Object Repository/RecAndPlayBk/Page-Vlink-Sale/input_Track Data_track_data'

2023-02-15 21:48:46 - [MESSAGE][PASSED] - Text '' is set on object 'Object Repository/RecAndPlayBk/Page-Vlink-Sale/input_Track Data_track_data'

2023-02-15 21:48:46 - [TEST_STEP][PASSED] - setText(findTestObject("Object Repository/RecAndPlayBk/Page-Vlink-Sale/input_concat(Cardholder, , s email)_email"), ""): Text '' is set on object 'Object Repository/RecAndPlayBk/Page-Vlink-Sale/input_concat(Cardholder, , s email)_email'

2023-02-15 21:48:46 - [MESSAGE][PASSED] - Text '' is set on object 'Object Repository/RecAndPlayBk/Page-Vlink-Sale/input_concat(Cardholder, , s email)_email'

2023-02-15 21:48:46 - [TEST_STEP][PASSED] - click(findTestObject("Object Repository/RecAndPlayBk/Page-Vlink-Sale/input_user_defined10_user_defined10")): Object: 'Object Repository/RecAndPlayBk/Page-Vlink-Sale/input_user_defined10_user_defined10' is clicked on

2023-02-15 21:48:47 - [MESSAGE][PASSED] - Object: 'Object Repository/RecAndPlayBk/Page-Vlink-Sale/input_user_defined10_user_defined10' is clicked on

2023-02-15 21:48:47 - [TEST_STEP][PASSED] - if (executionProfile.equalsIgnoreCase("QAProfile") || executionProfile.equalsIgnoreCase("DemoProfile")): Text '' is set on object 'Object Repository/RecAndPlayBk/Page-Vlink-Sale/input_COF Transaction Initiated by_cof_tran_6cded5'

2023-02-15 21:48:47 - [TEST_STEP][PASSED] - setText(findTestObject("Object Repository/RecAndPlayBk/Page-Vlink-Sale/input_Card on File Indicator_card_on_file_i_157dae"), ""): Text '' is set on object 'Object Repository/RecAndPlayBk/Page-Vlink-Sale/input_Card on File Indicator_card_on_file_i_157dae'

2023-02-15 21:48:47 - [MESSAGE][PASSED] - Text '' is set on object 'Object Repository/RecAndPlayBk/Page-Vlink-Sale/input_Card on File Indicator_card_on_file_i_157dae'

2023-02-15 21:48:47 - [TEST_STEP][PASSED] - setText(findTestObject("Object Repository/RecAndPlayBk/Page-Vlink-Sale/input_Stored Credential Indicator_stored_cr_4ae73c"), ""): Text '' is set on object 'Object Repository/RecAndPlayBk/Page-Vlink-Sale/input_Stored Credential Indicator_stored_cr_4ae73c'

2023-02-15 21:48:48 - [MESSAGE][PASSED] - Text '' is set on object 'Object Repository/RecAndPlayBk/Page-Vlink-Sale/input_Stored Credential Indicator_stored_cr_4ae73c'

2023-02-15 21:48:48 - [TEST_STEP][PASSED] - setText(findTestObject("Object Repository/RecAndPlayBk/Page-Vlink-Sale/input_COF Scheduled indicator_cof_scheduled_8df7d8"), ""): Text '' is set on object 'Object Repository/RecAndPlayBk/Page-Vlink-Sale/input_COF Scheduled indicator_cof_scheduled_8df7d8'

2023-02-15 21:48:49 - [MESSAGE][PASSED] - Text '' is set on object 'Object Repository/RecAndPlayBk/Page-Vlink-Sale/input_COF Scheduled indicator_cof_scheduled_8df7d8'

2023-02-15 21:48:49 - [TEST_STEP][PASSED] - setText(findTestObject("Object Repository/RecAndPlayBk/Page-Vlink-Sale/input_COF Transaction Initiated by_cof_tran_6cded5"), ""): Text '' is set on object 'Object Repository/RecAndPlayBk/Page-Vlink-Sale/input_COF Transaction Initiated by_cof_tran_6cded5'

2023-02-15 21:48:49 - [MESSAGE][PASSED] - Text '' is set on object 'Object Repository/RecAndPlayBk/Page-Vlink-Sale/input_COF Transaction Initiated by_cof_tran_6cded5'

2023-02-15 21:48:49 - [TEST_STEP][PASSED] - click(findTestObject("Object Repository/RecAndPlayBk/Page-Vlink-Sale/input")): Object: 'Object Repository/RecAndPlayBk/Page-Vlink-Sale/input' is clicked on

2023-02-15 21:48:50 - [MESSAGE][PASSED] - Object: 'Object Repository/RecAndPlayBk/Page-Vlink-Sale/input' is clicked on

2023-02-15 21:48:50 - [TEST_STEP][PASSED] - if (verifyTextPresent("Transaction approved, no errors", true)): null

2023-02-15 21:48:50 - [MESSAGE][PASSED] - Text 'Transaction approved, no errors' is present on page  using regular expression

2023-02-15 21:48:50 - [TEST_STEP][PASSED] - println("Transaction Approved, no errors text is present on the Confirmation page"): null

2023-02-15 21:48:50 - [TEST_STEP][PASSED] - sdfo = getText(findTestObject("Object Repository/Page_VLinkReceipt/pre_STX")): Text of object 'Object Repository/Page_VLinkReceipt/pre_STX' is: '<STX>KEeV9qnJDsMs                  12126582            0  Transaction approved, no errors                   0                                                                                  Y 134839426<ETX>'

2023-02-15 21:48:51 - [MESSAGE][PASSED] - Text of object 'Object Repository/Page_VLinkReceipt/pre_STX' is: '<STX>KEeV9qnJDsMs                  12126582            0  Transaction approved, no errors                   0                                                                                  Y 134839426<ETX>'

2023-02-15 21:48:51 - [TEST_STEP][PASSED] - out.println("sdfo: " + sdfo): null

2023-02-15 21:48:51 - [TEST_STEP][PASSED] - remID = substring(5, 35).trim(): null

2023-02-15 21:48:51 - [TEST_STEP][PASSED] - out.println("remID: " + remID): null

2023-02-15 21:48:51 - [TEST_STEP][PASSED] - traxID = substring(35, 55).trim(): null

2023-02-15 21:48:51 - [TEST_STEP][PASSED] - out.println("traxID: " + traxID): null

2023-02-15 21:48:51 - [TEST_STEP][PASSED] - VLinkSaleRemID = remID: null

2023-02-15 21:48:51 - [TEST_STEP][PASSED] - VLinkSaleTranxID = traxID: null

2023-02-15 21:48:51 - [TEST_STEP][PASSED] - openBrowser(VLinkURL + "CC_credit.html"): Browser is opened with url: 'https://dev-algorithm.govolution.com/vlinktest/QA/version_2_0/CC_credit.html'

2023-02-15 21:48:51 - [MESSAGE][WARNING] - A browser is already opened. Closing browser and opening a new one

2023-02-15 21:48:52 - [MESSAGE][INFO] - Starting 'Chrome' driver

2023-02-15 21:48:52 - [MESSAGE][INFO] - User set preference: ['acceptInsecureCerts', 'true']

2023-02-15 21:48:52 - [MESSAGE][INFO] - Action delay is set to 0 milliseconds

2023-02-15 21:48:53 - [MESSAGE][PASSED] - Browser is opened with url: 'https://dev-algorithm.govolution.com/vlinktest/QA/version_2_0/CC_credit.html'

2023-02-15 21:48:53 - [TEST_STEP][PASSED] - maximizeWindow(): Current window maximized

2023-02-15 21:48:53 - [MESSAGE][PASSED] - Current window maximized

2023-02-15 21:48:53 - [TEST_STEP][PASSED] - setText(findTestObject("Object Repository/RecAndPlayBk/Page-Vlink-CC-Credit/input_Remittance Id"), VLinkSaleRemID): Text 'KEeV9qnJDsMs' is set on object 'Object Repository/RecAndPlayBk/Page-Vlink-CC-Credit/input_Remittance Id'

2023-02-15 21:48:54 - [MESSAGE][PASSED] - Text 'KEeV9qnJDsMs' is set on object 'Object Repository/RecAndPlayBk/Page-Vlink-CC-Credit/input_Remittance Id'

2023-02-15 21:48:54 - [TEST_STEP][PASSED] - setText(findTestObject("Object Repository/RecAndPlayBk/Page-Vlink-CC-Credit/input_Application Id"), appID): Text '234' is set on object 'Object Repository/RecAndPlayBk/Page-Vlink-CC-Credit/input_Application Id'

2023-02-15 21:48:55 - [MESSAGE][PASSED] - Text '234' is set on object 'Object Repository/RecAndPlayBk/Page-Vlink-CC-Credit/input_Application Id'

2023-02-15 21:48:55 - [TEST_STEP][PASSED] - setText(findTestObject("Object Repository/RecAndPlayBk/Page-Vlink-CC-Credit/input_Username"), username): Text 'username' is set on object 'Object Repository/RecAndPlayBk/Page-Vlink-CC-Credit/input_Username'

2023-02-15 21:48:56 - [MESSAGE][PASSED] - Text 'username' is set on object 'Object Repository/RecAndPlayBk/Page-Vlink-CC-Credit/input_Username'

2023-02-15 21:48:56 - [TEST_STEP][PASSED] - setText(findTestObject("Object Repository/RecAndPlayBk/Page-Vlink-CC-Credit/input_Password"), password): Text 'password' is set on object 'Object Repository/RecAndPlayBk/Page-Vlink-CC-Credit/input_Password'

2023-02-15 21:48:56 - [MESSAGE][PASSED] - Text 'password' is set on object 'Object Repository/RecAndPlayBk/Page-Vlink-CC-Credit/input_Password'

2023-02-15 21:48:56 - [TEST_STEP][PASSED] - setText(findTestObject("Object Repository/RecAndPlayBk/Page-Vlink-CC-Credit/input_Transaction ID"), VLinkSaleTranxID): Text '12126582' is set on object 'Object Repository/RecAndPlayBk/Page-Vlink-CC-Credit/input_Transaction ID'

2023-02-15 21:48:57 - [MESSAGE][PASSED] - Text '12126582' is set on object 'Object Repository/RecAndPlayBk/Page-Vlink-CC-Credit/input_Transaction ID'

2023-02-15 21:48:57 - [TEST_STEP][PASSED] - setText(findTestObject("Object Repository/RecAndPlayBk/Page-Vlink-CC-Credit/input_Amount"), amount): Text '10.5' is set on object 'Object Repository/RecAndPlayBk/Page-Vlink-CC-Credit/input_Amount'

2023-02-15 21:48:57 - [MESSAGE][PASSED] - Text '10.5' is set on object 'Object Repository/RecAndPlayBk/Page-Vlink-CC-Credit/input_Amount'

2023-02-15 21:48:57 - [TEST_STEP][PASSED] - setText(findTestObject("Object Repository/RecAndPlayBk/Page-Vlink-CC-Credit/input_Card number"), ""): Text '' is set on object 'Object Repository/RecAndPlayBk/Page-Vlink-CC-Credit/input_Card number'

2023-02-15 21:48:58 - [MESSAGE][PASSED] - Text '' is set on object 'Object Repository/RecAndPlayBk/Page-Vlink-CC-Credit/input_Card number'

2023-02-15 21:48:58 - [TEST_STEP][PASSED] - setText(findTestObject("Object Repository/RecAndPlayBk/Page-Vlink-CC-Credit/input_Card ex month"), ""): Text '' is set on object 'Object Repository/RecAndPlayBk/Page-Vlink-CC-Credit/input_Card ex month'

2023-02-15 21:48:59 - [MESSAGE][PASSED] - Text '' is set on object 'Object Repository/RecAndPlayBk/Page-Vlink-CC-Credit/input_Card ex month'

2023-02-15 21:48:59 - [TEST_STEP][PASSED] - setText(findTestObject("Object Repository/RecAndPlayBk/Page-Vlink-CC-Credit/input_Card ex year"), ""): Text '' is set on object 'Object Repository/RecAndPlayBk/Page-Vlink-CC-Credit/input_Card ex year'

2023-02-15 21:48:59 - [MESSAGE][PASSED] - Text '' is set on object 'Object Repository/RecAndPlayBk/Page-Vlink-CC-Credit/input_Card ex year'

2023-02-15 21:48:59 - [TEST_STEP][PASSED] - setText(findTestObject("Object Repository/RecAndPlayBk/Page-Vlink-CC-Credit/input_Track Data"), ""): Text '' is set on object 'Object Repository/RecAndPlayBk/Page-Vlink-CC-Credit/input_Track Data'

2023-02-15 21:49:00 - [MESSAGE][PASSED] - Text '' is set on object 'Object Repository/RecAndPlayBk/Page-Vlink-CC-Credit/input_Track Data'

2023-02-15 21:49:00 - [TEST_STEP][PASSED] - setText(findTestObject("Object Repository/RecAndPlayBk/Page-Vlink-CC-Credit/input_Category Code"), category): Text 'MOTO' is set on object 'Object Repository/RecAndPlayBk/Page-Vlink-CC-Credit/input_Category Code'

2023-02-15 21:49:00 - [MESSAGE][PASSED] - Text 'MOTO' is set on object 'Object Repository/RecAndPlayBk/Page-Vlink-CC-Credit/input_Category Code'

2023-02-15 21:49:00 - [TEST_STEP][PASSED] - click(findTestObject("Object Repository/RecAndPlayBk/Page-Vlink-CC-Credit/input")): Object: 'Object Repository/RecAndPlayBk/Page-Vlink-CC-Credit/input' is clicked on

2023-02-15 21:49:02 - [MESSAGE][PASSED] - Object: 'Object Repository/RecAndPlayBk/Page-Vlink-CC-Credit/input' is clicked on

2023-02-15 21:49:02 - [TEST_STEP][PASSED] - if (verifyTextPresent("Transaction approved, no errors", true)): null

2023-02-15 21:49:02 - [MESSAGE][PASSED] - Text 'Transaction approved, no errors' is present on page  using regular expression

2023-02-15 21:49:02 - [TEST_STEP][PASSED] - sdfo = getText(findTestObject("Object Repository/Page_VLinkReceipt/pre_STX")): Text of object 'Object Repository/Page_VLinkReceipt/pre_STX' is: '<STX>KEeV9qnJDsMs                  12126583            0  Transaction approved, no errors                   0                                                                                             <ETX>'

2023-02-15 21:49:02 - [MESSAGE][PASSED] - Text of object 'Object Repository/Page_VLinkReceipt/pre_STX' is: '<STX>KEeV9qnJDsMs                  12126583            0  Transaction approved, no errors                   0                                                                                             <ETX>'

2023-02-15 21:49:02 - [TEST_STEP][PASSED] - out.println("sdfo: " + sdfo): null

2023-02-15 21:49:02 - [TEST_STEP][PASSED] - remID = substring(5, 35).trim(): null

2023-02-15 21:49:02 - [TEST_STEP][PASSED] - out.println("remID: " + remID): null

2023-02-15 21:49:02 - [TEST_STEP][PASSED] - traxID = substring(35, 55).trim(): null

2023-02-15 21:49:02 - [TEST_STEP][PASSED] - out.println("traxID: " + traxID): null

2023-02-15 21:49:02 - [TEST_STEP][PASSED] - VLinkSaleRemID = remID: null

2023-02-15 21:49:02 - [TEST_STEP][PASSED] - VLinkSaleTranxID = traxID: null

2023-02-15 21:49:02 - [TEST_STEP][PASSED] - openBrowser(VLinkURL + "CC_void.html"): Browser is opened with url: 'https://dev-algorithm.govolution.com/vlinktest/QA/version_2_0/CC_void.html'

2023-02-15 21:49:02 - [MESSAGE][WARNING] - A browser is already opened. Closing browser and opening a new one

2023-02-15 21:49:03 - [MESSAGE][INFO] - Starting 'Chrome' driver

2023-02-15 21:49:03 - [MESSAGE][INFO] - User set preference: ['acceptInsecureCerts', 'true']

2023-02-15 21:49:03 - [MESSAGE][INFO] - Action delay is set to 0 milliseconds

2023-02-15 21:49:05 - [MESSAGE][PASSED] - Browser is opened with url: 'https://dev-algorithm.govolution.com/vlinktest/QA/version_2_0/CC_void.html'

2023-02-15 21:49:05 - [TEST_STEP][PASSED] - maximizeWindow(): Current window maximized

2023-02-15 21:49:05 - [MESSAGE][PASSED] - Current window maximized

2023-02-15 21:49:05 - [TEST_STEP][PASSED] - setText(findTestObject("Object Repository/RecAndPlayBk/Page-Vlink-CC-Void/txt_RemID"), VLinkSaleRemID): Text 'KEeV9qnJDsMs' is set on object 'Object Repository/RecAndPlayBk/Page-Vlink-CC-Void/txt_RemID'

2023-02-15 21:49:06 - [MESSAGE][PASSED] - Text 'KEeV9qnJDsMs' is set on object 'Object Repository/RecAndPlayBk/Page-Vlink-CC-Void/txt_RemID'

2023-02-15 21:49:06 - [TEST_STEP][PASSED] - setText(findTestObject("Object Repository/RecAndPlayBk/Page-Vlink-CC-Void/txt_ApplicationID"), appID): Text '234' is set on object 'Object Repository/RecAndPlayBk/Page-Vlink-CC-Void/txt_ApplicationID'

2023-02-15 21:49:06 - [MESSAGE][PASSED] - Text '234' is set on object 'Object Repository/RecAndPlayBk/Page-Vlink-CC-Void/txt_ApplicationID'

2023-02-15 21:49:06 - [TEST_STEP][PASSED] - setText(findTestObject("Object Repository/RecAndPlayBk/Page-Vlink-CC-Void/txt_Username"), username): Text 'username' is set on object 'Object Repository/RecAndPlayBk/Page-Vlink-CC-Void/txt_Username'

2023-02-15 21:49:07 - [MESSAGE][PASSED] - Text 'username' is set on object 'Object Repository/RecAndPlayBk/Page-Vlink-CC-Void/txt_Username'

2023-02-15 21:49:07 - [TEST_STEP][PASSED] - setText(findTestObject("Object Repository/RecAndPlayBk/Page-Vlink-CC-Void/txt_Password"), password): Text 'password' is set on object 'Object Repository/RecAndPlayBk/Page-Vlink-CC-Void/txt_Password'

2023-02-15 21:49:08 - [MESSAGE][PASSED] - Text 'password' is set on object 'Object Repository/RecAndPlayBk/Page-Vlink-CC-Void/txt_Password'

2023-02-15 21:49:08 - [TEST_STEP][PASSED] - setText(findTestObject("Object Repository/RecAndPlayBk/Page-Vlink-CC-Void/txt_TransactionID"), VLinkSaleTranxID): Text '12126583' is set on object 'Object Repository/RecAndPlayBk/Page-Vlink-CC-Void/txt_TransactionID'

2023-02-15 21:49:08 - [MESSAGE][PASSED] - Text '12126583' is set on object 'Object Repository/RecAndPlayBk/Page-Vlink-CC-Void/txt_TransactionID'

2023-02-15 21:49:08 - [TEST_STEP][PASSED] - setText(findTestObject("Object Repository/RecAndPlayBk/Page-Vlink-CC-Void/txt_OriginalTransactionType"), "104"): Text '104' is set on object 'Object Repository/RecAndPlayBk/Page-Vlink-CC-Void/txt_OriginalTransactionType'

2023-02-15 21:49:09 - [MESSAGE][PASSED] - Text '104' is set on object 'Object Repository/RecAndPlayBk/Page-Vlink-CC-Void/txt_OriginalTransactionType'

2023-02-15 21:49:09 - [TEST_STEP][PASSED] - setText(findTestObject("Object Repository/RecAndPlayBk/Page-Vlink-CC-Void/txt_TrackData"), ""): Text '' is set on object 'Object Repository/RecAndPlayBk/Page-Vlink-CC-Void/txt_TrackData'

2023-02-15 21:49:09 - [MESSAGE][PASSED] - Text '' is set on object 'Object Repository/RecAndPlayBk/Page-Vlink-CC-Void/txt_TrackData'

2023-02-15 21:49:09 - [TEST_STEP][PASSED] - click(findTestObject("Object Repository/RecAndPlayBk/Page-Vlink-CC-Void/btn_ProcessVLinkTransaction")): Object: 'Object Repository/RecAndPlayBk/Page-Vlink-CC-Void/btn_ProcessVLinkTransaction' is clicked on

2023-02-15 21:49:11 - [MESSAGE][PASSED] - Object: 'Object Repository/RecAndPlayBk/Page-Vlink-CC-Void/btn_ProcessVLinkTransaction' is clicked on

2023-02-15 21:49:11 - [TEST_STEP][PASSED] - if (verifyTextPresent("Transaction approved, no errors", true)): null

2023-02-15 21:49:11 - [MESSAGE][PASSED] - Text 'Transaction approved, no errors' is present on page  using regular expression

2023-02-15 21:49:11 - [TEST_STEP][PASSED] - println("Transaction Approved, no errors text is present on the Confirmation page"): null

2023-02-15 21:49:11 - [TEST_STEP][PASSED] - out.println("Pass Record Number: " + row): null

2023-02-15 21:49:11 - [TEST_STEP][PASSED] - resText = "Pass": null

2023-02-15 21:49:11 - [TEST_STEP][PASSED] - pages.WriteExcel.demoKey(resText, datText, resColumn, datCloumn, fileLoc, nameSheet, row): pages.WriteExcel.demoKey is PASSED

2023-02-15 21:49:11 - [MESSAGE][PASSED] - pages.WriteExcel.demoKey is PASSED

2023-02-15 21:49:11 - [TEST_STEP][PASSED] - ExecuteTC = findTestData(dataFile).getValue("Execute", row): null

2023-02-15 21:49:11 - [TEST_STEP][PASSED] - out.println("Value of Execute is : " + ExecuteTC): null

2023-02-15 21:49:11 - [TEST_STEP][PASSED] - switch (executionProfile): null

2023-02-15 21:49:11 - [TEST_STEP][PASSED] - case "QAProfile":: null

2023-02-15 21:49:11 - [TEST_STEP][PASSED] - appID = findTestData(dataFile).getValue("AppIDQA", row): null

2023-02-15 21:49:11 - [TEST_STEP][PASSED] - username = findTestData(dataFile).getValue("UsernameQA", row): null

2023-02-15 21:49:11 - [TEST_STEP][PASSED] - password = findTestData(dataFile).getValue("PasswordQA", row): null

2023-02-15 21:49:11 - [TEST_STEP][PASSED] - break: null

2023-02-15 21:49:11 - [TEST_STEP][FAILED] - if (ExecuteTC.equalsIgnoreCase("Y")): null

2023-02-15 21:49:11 - [TEST_STEP][PASSED] - out.println("Begin Record Number: " + row): null

2023-02-15 21:49:11 - [TEST_STEP][PASSED] - today = new java.util.Date(): null

2023-02-15 21:49:11 - [TEST_STEP][PASSED] - println(today): null

2023-02-15 21:49:11 - [TEST_STEP][PASSED] - datText = today: null

2023-02-15 21:49:11 - [TEST_STEP][PASSED] - category = findTestData(dataFile).getValue("Category", row): null

2023-02-15 21:49:12 - [TEST_STEP][PASSED] - amount = findTestData(dataFile).getValue("Amount", row): null

2023-02-15 21:49:12 - [TEST_STEP][PASSED] - cardNumber = findTestData(dataFile).getValue("CardNumber", row): null

2023-02-15 21:49:12 - [TEST_STEP][PASSED] - exM = findTestData(dataFile).getValue("ExM", row): null

2023-02-15 21:49:12 - [TEST_STEP][PASSED] - exY = findTestData(dataFile).getValue("ExY", row): null

2023-02-15 21:49:12 - [TEST_STEP][PASSED] - openBrowser(VLinkURL + "authcap.html"): Browser is opened with url: 'https://dev-algorithm.govolution.com/vlinktest/QA/version_2_0/authcap.html'

2023-02-15 21:49:12 - [MESSAGE][WARNING] - A browser is already opened. Closing browser and opening a new one

2023-02-15 21:49:13 - [MESSAGE][INFO] - Starting 'Chrome' driver

2023-02-15 21:49:13 - [MESSAGE][INFO] - User set preference: ['acceptInsecureCerts', 'true']

2023-02-15 21:49:13 - [MESSAGE][INFO] - Action delay is set to 0 milliseconds

2023-02-15 21:49:14 - [MESSAGE][PASSED] - Browser is opened with url: 'https://dev-algorithm.govolution.com/vlinktest/QA/version_2_0/authcap.html'

2023-02-15 21:49:14 - [TEST_STEP][PASSED] - maximizeWindow(): Current window maximized

2023-02-15 21:49:15 - [MESSAGE][PASSED] - Current window maximized

2023-02-15 21:49:15 - [TEST_STEP][PASSED] - maximizeWindow(): Current window maximized

2023-02-15 21:49:15 - [MESSAGE][PASSED] - Current window maximized

2023-02-15 21:49:15 - [TEST_STEP][PASSED] - genRemID = RandomStringUtils.random(12, true, true): null

2023-02-15 21:49:15 - [TEST_STEP][PASSED] - setText(findTestObject("Object Repository/RecAndPlayBk/Page-Vlink-Sale/input_Remittance Id_remittance_id"), genRemID): Text 'a7YR9XNF1kpu' is set on object 'Object Repository/RecAndPlayBk/Page-Vlink-Sale/input_Remittance Id_remittance_id'

2023-02-15 21:49:15 - [MESSAGE][PASSED] - Text 'a7YR9XNF1kpu' is set on object 'Object Repository/RecAndPlayBk/Page-Vlink-Sale/input_Remittance Id_remittance_id'

2023-02-15 21:49:15 - [TEST_STEP][PASSED] - setText(findTestObject("Object Repository/RecAndPlayBk/Page-Vlink-Sale/input_Application Id_application_id"), appID): Text '234' is set on object 'Object Repository/RecAndPlayBk/Page-Vlink-Sale/input_Application Id_application_id'

2023-02-15 21:49:16 - [MESSAGE][PASSED] - Text '234' is set on object 'Object Repository/RecAndPlayBk/Page-Vlink-Sale/input_Application Id_application_id'

2023-02-15 21:49:16 - [TEST_STEP][PASSED] - setText(findTestObject("Object Repository/RecAndPlayBk/Page-Vlink-Sale/input_Username_username"), username): Text 'username' is set on object 'Object Repository/RecAndPlayBk/Page-Vlink-Sale/input_Username_username'

2023-02-15 21:49:17 - [MESSAGE][PASSED] - Text 'username' is set on object 'Object Repository/RecAndPlayBk/Page-Vlink-Sale/input_Username_username'

2023-02-15 21:49:17 - [TEST_STEP][PASSED] - setText(findTestObject("Object Repository/RecAndPlayBk/Page-Vlink-Sale/input_Password_password"), password): Text 'password' is set on object 'Object Repository/RecAndPlayBk/Page-Vlink-Sale/input_Password_password'

2023-02-15 21:49:17 - [MESSAGE][PASSED] - Text 'password' is set on object 'Object Repository/RecAndPlayBk/Page-Vlink-Sale/input_Password_password'

2023-02-15 21:49:17 - [TEST_STEP][PASSED] - setText(findTestObject("Object Repository/RecAndPlayBk/Page-Vlink-Sale/input_Category_category"), category): Text 'RETL' is set on object 'Object Repository/RecAndPlayBk/Page-Vlink-Sale/input_Category_category'

2023-02-15 21:49:18 - [MESSAGE][PASSED] - Text 'RETL' is set on object 'Object Repository/RecAndPlayBk/Page-Vlink-Sale/input_Category_category'

2023-02-15 21:49:18 - [TEST_STEP][PASSED] - setText(findTestObject("Object Repository/RecAndPlayBk/Page-Vlink-Sale/input_Amount_amount"), amount): Text '10.5' is set on object 'Object Repository/RecAndPlayBk/Page-Vlink-Sale/input_Amount_amount'

2023-02-15 21:49:19 - [MESSAGE][PASSED] - Text '10.5' is set on object 'Object Repository/RecAndPlayBk/Page-Vlink-Sale/input_Amount_amount'

2023-02-15 21:49:19 - [TEST_STEP][PASSED] - doubleClick(findTestObject("Object Repository/RecAndPlayBk/Page-Vlink-Sale/input_Card number_card_number")): Object: 'Object Repository/RecAndPlayBk/Page-Vlink-Sale/input_Card number_card_number' is double clicked on

2023-02-15 21:49:19 - [MESSAGE][PASSED] - Object: 'Object Repository/RecAndPlayBk/Page-Vlink-Sale/input_Card number_card_number' is double clicked on

2023-02-15 21:49:19 - [TEST_STEP][PASSED] - setText(findTestObject("Object Repository/RecAndPlayBk/Page-Vlink-Sale/input_Card number_card_number"), cardNumber): Text '370000000000002' is set on object 'Object Repository/RecAndPlayBk/Page-Vlink-Sale/input_Card number_card_number'

2023-02-15 21:49:20 - [MESSAGE][PASSED] - Text '370000000000002' is set on object 'Object Repository/RecAndPlayBk/Page-Vlink-Sale/input_Card number_card_number'

2023-02-15 21:49:20 - [TEST_STEP][PASSED] - setText(findTestObject("Object Repository/RecAndPlayBk/Page-Vlink-Sale/input_Card ex month_card_exmo"), exM): Text '12' is set on object 'Object Repository/RecAndPlayBk/Page-Vlink-Sale/input_Card ex month_card_exmo'

2023-02-15 21:49:20 - [MESSAGE][PASSED] - Text '12' is set on object 'Object Repository/RecAndPlayBk/Page-Vlink-Sale/input_Card ex month_card_exmo'

2023-02-15 21:49:20 - [TEST_STEP][PASSED] - setText(findTestObject("Object Repository/RecAndPlayBk/Page-Vlink-Sale/input_Card ex year_card_exyr"), exY): Text '2029' is set on object 'Object Repository/RecAndPlayBk/Page-Vlink-Sale/input_Card ex year_card_exyr'

2023-02-15 21:49:21 - [MESSAGE][PASSED] - Text '2029' is set on object 'Object Repository/RecAndPlayBk/Page-Vlink-Sale/input_Card ex year_card_exyr'

2023-02-15 21:49:21 - [TEST_STEP][PASSED] - click(findTestObject("Object Repository/RecAndPlayBk/Page-Vlink-Sale/input_Track Data_track_data")): Object: 'Object Repository/RecAndPlayBk/Page-Vlink-Sale/input_Track Data_track_data' is clicked on

2023-02-15 21:49:21 - [MESSAGE][PASSED] - Object: 'Object Repository/RecAndPlayBk/Page-Vlink-Sale/input_Track Data_track_data' is clicked on

2023-02-15 21:49:21 - [TEST_STEP][PASSED] - click(findTestObject("Object Repository/RecAndPlayBk/Page-Vlink-Sale/input_CVV state_cvv_state")): Object: 'Object Repository/RecAndPlayBk/Page-Vlink-Sale/input_CVV state_cvv_state' is clicked on

2023-02-15 21:49:21 - [MESSAGE][PASSED] - Object: 'Object Repository/RecAndPlayBk/Page-Vlink-Sale/input_CVV state_cvv_state' is clicked on

2023-02-15 21:49:21 - [TEST_STEP][PASSED] - setText(findTestObject("Object Repository/RecAndPlayBk/Page-Vlink-Sale/input_Track Data_track_data"), ""): Text '' is set on object 'Object Repository/RecAndPlayBk/Page-Vlink-Sale/input_Track Data_track_data'

2023-02-15 21:49:22 - [MESSAGE][PASSED] - Text '' is set on object 'Object Repository/RecAndPlayBk/Page-Vlink-Sale/input_Track Data_track_data'

2023-02-15 21:49:22 - [TEST_STEP][PASSED] - setText(findTestObject("Object Repository/RecAndPlayBk/Page-Vlink-Sale/input_concat(Cardholder, , s email)_email"), ""): Text '' is set on object 'Object Repository/RecAndPlayBk/Page-Vlink-Sale/input_concat(Cardholder, , s email)_email'

2023-02-15 21:49:23 - [MESSAGE][PASSED] - Text '' is set on object 'Object Repository/RecAndPlayBk/Page-Vlink-Sale/input_concat(Cardholder, , s email)_email'

2023-02-15 21:49:23 - [TEST_STEP][PASSED] - click(findTestObject("Object Repository/RecAndPlayBk/Page-Vlink-Sale/input_user_defined10_user_defined10")): Object: 'Object Repository/RecAndPlayBk/Page-Vlink-Sale/input_user_defined10_user_defined10' is clicked on

2023-02-15 21:49:23 - [MESSAGE][PASSED] - Object: 'Object Repository/RecAndPlayBk/Page-Vlink-Sale/input_user_defined10_user_defined10' is clicked on

2023-02-15 21:49:23 - [TEST_STEP][PASSED] - if (executionProfile.equalsIgnoreCase("QAProfile") || executionProfile.equalsIgnoreCase("DemoProfile")): Text '' is set on object 'Object Repository/RecAndPlayBk/Page-Vlink-Sale/input_COF Transaction Initiated by_cof_tran_6cded5'

2023-02-15 21:49:23 - [TEST_STEP][PASSED] - setText(findTestObject("Object Repository/RecAndPlayBk/Page-Vlink-Sale/input_Card on File Indicator_card_on_file_i_157dae"), ""): Text '' is set on object 'Object Repository/RecAndPlayBk/Page-Vlink-Sale/input_Card on File Indicator_card_on_file_i_157dae'

2023-02-15 21:49:24 - [MESSAGE][PASSED] - Text '' is set on object 'Object Repository/RecAndPlayBk/Page-Vlink-Sale/input_Card on File Indicator_card_on_file_i_157dae'

2023-02-15 21:49:24 - [TEST_STEP][PASSED] - setText(findTestObject("Object Repository/RecAndPlayBk/Page-Vlink-Sale/input_Stored Credential Indicator_stored_cr_4ae73c"), ""): Text '' is set on object 'Object Repository/RecAndPlayBk/Page-Vlink-Sale/input_Stored Credential Indicator_stored_cr_4ae73c'

2023-02-15 21:49:24 - [MESSAGE][PASSED] - Text '' is set on object 'Object Repository/RecAndPlayBk/Page-Vlink-Sale/input_Stored Credential Indicator_stored_cr_4ae73c'

2023-02-15 21:49:24 - [TEST_STEP][PASSED] - setText(findTestObject("Object Repository/RecAndPlayBk/Page-Vlink-Sale/input_COF Scheduled indicator_cof_scheduled_8df7d8"), ""): Text '' is set on object 'Object Repository/RecAndPlayBk/Page-Vlink-Sale/input_COF Scheduled indicator_cof_scheduled_8df7d8'

2023-02-15 21:49:25 - [MESSAGE][PASSED] - Text '' is set on object 'Object Repository/RecAndPlayBk/Page-Vlink-Sale/input_COF Scheduled indicator_cof_scheduled_8df7d8'

2023-02-15 21:49:25 - [TEST_STEP][PASSED] - setText(findTestObject("Object Repository/RecAndPlayBk/Page-Vlink-Sale/input_COF Transaction Initiated by_cof_tran_6cded5"), ""): Text '' is set on object 'Object Repository/RecAndPlayBk/Page-Vlink-Sale/input_COF Transaction Initiated by_cof_tran_6cded5'

2023-02-15 21:49:25 - [MESSAGE][PASSED] - Text '' is set on object 'Object Repository/RecAndPlayBk/Page-Vlink-Sale/input_COF Transaction Initiated by_cof_tran_6cded5'

2023-02-15 21:49:25 - [TEST_STEP][PASSED] - click(findTestObject("Object Repository/RecAndPlayBk/Page-Vlink-Sale/input")): Object: 'Object Repository/RecAndPlayBk/Page-Vlink-Sale/input' is clicked on

2023-02-15 21:49:26 - [MESSAGE][PASSED] - Object: 'Object Repository/RecAndPlayBk/Page-Vlink-Sale/input' is clicked on

2023-02-15 21:49:26 - [TEST_STEP][FAILED] - if (verifyTextPresent("Transaction approved, no errors", true)): Text 'Transaction approved, no errors' is not present on page  using regular expression (Root cause: com.kms.katalon.core.exception.StepFailedException: Text 'Transaction approved, no errors' is not present on page  using regular expression
	at com.kms.katalon.core.webui.keyword.internal.WebUIKeywordMain.stepFailed(WebUIKeywordMain.groovy:64)
	at com.kms.katalon.core.webui.keyword.builtin.VerifyTextPresentKeyword$_verifyTextPresent_closure1.doCall(VerifyTextPresentKeyword.groovy:79)
	at com.kms.katalon.core.webui.keyword.builtin.VerifyTextPresentKeyword$_verifyTextPresent_closure1.call(VerifyTextPresentKeyword.groovy)
	at com.kms.katalon.core.webui.keyword.internal.WebUIKeywordMain.runKeyword(WebUIKeywordMain.groovy:20)
	at com.kms.katalon.core.webui.keyword.builtin.VerifyTextPresentKeyword.verifyTextPresent(VerifyTextPresentKeyword.groovy:83)
	at com.kms.katalon.core.webui.keyword.builtin.VerifyTextPresentKeyword.execute(VerifyTextPresentKeyword.groovy:68)
	at com.kms.katalon.core.keyword.internal.KeywordExecutor.executeKeywordForPlatform(KeywordExecutor.groovy:74)
	at com.kms.katalon.core.webui.keyword.WebUiBuiltInKeywords.verifyTextPresent(WebUiBuiltInKeywords.groovy:1723)
	at com.kms.katalon.core.webui.keyword.WebUiBuiltInKeywords$verifyTextPresent$4.call(Unknown Source)
	at Sale-Credit-Void.run(Sale-Credit-Void:155)
	at com.kms.katalon.core.main.ScriptEngine.run(ScriptEngine.java:194)
	at com.kms.katalon.core.main.ScriptEngine.runScriptAsRawText(ScriptEngine.java:119)
	at com.kms.katalon.core.main.TestCaseExecutor.runScript(TestCaseExecutor.java:442)
	at com.kms.katalon.core.main.TestCaseExecutor.doExecute(TestCaseExecutor.java:433)
	at com.kms.katalon.core.main.TestCaseExecutor.processExecutionPhase(TestCaseExecutor.java:412)
	at com.kms.katalon.core.main.TestCaseExecutor.accessMainPhase(TestCaseExecutor.java:404)
	at com.kms.katalon.core.main.TestCaseExecutor.execute(TestCaseExecutor.java:281)
	at com.kms.katalon.core.main.TestSuiteExecutor.accessTestCaseMainPhase(TestSuiteExecutor.java:202)
	at com.kms.katalon.core.main.TestSuiteExecutor.accessTestSuiteMainPhase(TestSuiteExecutor.java:164)
	at com.kms.katalon.core.main.TestSuiteExecutor.execute(TestSuiteExecutor.java:105)
	at com.kms.katalon.core.main.TestCaseMain.startTestSuite(TestCaseMain.java:185)
	at com.kms.katalon.core.main.TestCaseMain$startTestSuite$0.call(Unknown Source)
	at TempTestSuite1676514794135.run(TempTestSuite1676514794135.groovy:36)
)

2023-02-15 21:49:26 - [MESSAGE][FAILED] - Text 'Transaction approved, no errors' is not present on page  using regular expression (Root cause: com.kms.katalon.core.exception.StepFailedException: Text 'Transaction approved, no errors' is not present on page  using regular expression
	at com.kms.katalon.core.webui.keyword.internal.WebUIKeywordMain.stepFailed(WebUIKeywordMain.groovy:64)
	at com.kms.katalon.core.webui.keyword.builtin.VerifyTextPresentKeyword$_verifyTextPresent_closure1.doCall(VerifyTextPresentKeyword.groovy:79)
	at com.kms.katalon.core.webui.keyword.builtin.VerifyTextPresentKeyword$_verifyTextPresent_closure1.call(VerifyTextPresentKeyword.groovy)
	at com.kms.katalon.core.webui.keyword.internal.WebUIKeywordMain.runKeyword(WebUIKeywordMain.groovy:20)
	at com.kms.katalon.core.webui.keyword.builtin.VerifyTextPresentKeyword.verifyTextPresent(VerifyTextPresentKeyword.groovy:83)
	at com.kms.katalon.core.webui.keyword.builtin.VerifyTextPresentKeyword.execute(VerifyTextPresentKeyword.groovy:68)
	at com.kms.katalon.core.keyword.internal.KeywordExecutor.executeKeywordForPlatform(KeywordExecutor.groovy:74)
	at com.kms.katalon.core.webui.keyword.WebUiBuiltInKeywords.verifyTextPresent(WebUiBuiltInKeywords.groovy:1723)
	at com.kms.katalon.core.webui.keyword.WebUiBuiltInKeywords$verifyTextPresent$4.call(Unknown Source)
	at Sale-Credit-Void.run(Sale-Credit-Void:155)
	at com.kms.katalon.core.main.ScriptEngine.run(ScriptEngine.java:194)
	at com.kms.katalon.core.main.ScriptEngine.runScriptAsRawText(ScriptEngine.java:119)
	at com.kms.katalon.core.main.TestCaseExecutor.runScript(TestCaseExecutor.java:442)
	at com.kms.katalon.core.main.TestCaseExecutor.doExecute(TestCaseExecutor.java:433)
	at com.kms.katalon.core.main.TestCaseExecutor.processExecutionPhase(TestCaseExecutor.java:412)
	at com.kms.katalon.core.main.TestCaseExecutor.accessMainPhase(TestCaseExecutor.java:404)
	at com.kms.katalon.core.main.TestCaseExecutor.execute(TestCaseExecutor.java:281)
	at com.kms.katalon.core.main.TestSuiteExecutor.accessTestCaseMainPhase(TestSuiteExecutor.java:202)
	at com.kms.katalon.core.main.TestSuiteExecutor.accessTestSuiteMainPhase(TestSuiteExecutor.java:164)
	at com.kms.katalon.core.main.TestSuiteExecutor.execute(TestSuiteExecutor.java:105)
	at com.kms.katalon.core.main.TestCaseMain.startTestSuite(TestCaseMain.java:185)
	at com.kms.katalon.core.main.TestCaseMain$startTestSuite$0.call(Unknown Source)
	at TempTestSuite1676514794135.run(TempTestSuite1676514794135.groovy:36)
)

2023-02-15 21:49:26 - [TEST_STEP][PASSED] - else: pages.WriteExcel.demoKey is PASSED

2023-02-15 21:49:26 - [TEST_STEP][PASSED] - println("Transaction Approved, no errors text is not present on the Confirmation page"): null

2023-02-15 21:49:26 - [TEST_STEP][PASSED] - out.println("Fail Record Number: " + row): null

2023-02-15 21:49:26 - [TEST_STEP][PASSED] - resText = "Fail": null

2023-02-15 21:49:26 - [TEST_STEP][PASSED] - pages.WriteExcel.demoKey(resText, datText, resColumn, datCloumn, fileLoc, nameSheet, row): pages.WriteExcel.demoKey is PASSED

2023-02-15 21:49:27 - [MESSAGE][PASSED] - pages.WriteExcel.demoKey is PASSED

2023-02-15 21:49:27 - [TEST_STEP][PASSED] - ExecuteTC = findTestData(dataFile).getValue("Execute", row): null

2023-02-15 21:49:27 - [TEST_STEP][PASSED] - out.println("Value of Execute is : " + ExecuteTC): null

2023-02-15 21:49:27 - [TEST_STEP][PASSED] - switch (executionProfile): null

2023-02-15 21:49:27 - [TEST_STEP][PASSED] - case "QAProfile":: null

2023-02-15 21:49:27 - [TEST_STEP][PASSED] - appID = findTestData(dataFile).getValue("AppIDQA", row): null

2023-02-15 21:49:27 - [TEST_STEP][PASSED] - username = findTestData(dataFile).getValue("UsernameQA", row): null

2023-02-15 21:49:27 - [TEST_STEP][PASSED] - password = findTestData(dataFile).getValue("PasswordQA", row): null

2023-02-15 21:49:27 - [TEST_STEP][PASSED] - break: null

2023-02-15 21:49:27 - [TEST_STEP][PASSED] - if (ExecuteTC.equalsIgnoreCase("Y")): null

2023-02-15 21:49:27 - [TEST_STEP][PASSED] - out.println("Begin Record Number: " + row): null

2023-02-15 21:49:27 - [TEST_STEP][PASSED] - today = new java.util.Date(): null

2023-02-15 21:49:27 - [TEST_STEP][PASSED] - println(today): null

2023-02-15 21:49:27 - [TEST_STEP][PASSED] - datText = today: null

2023-02-15 21:49:27 - [TEST_STEP][PASSED] - category = findTestData(dataFile).getValue("Category", row): null

2023-02-15 21:49:27 - [TEST_STEP][PASSED] - amount = findTestData(dataFile).getValue("Amount", row): null

2023-02-15 21:49:27 - [TEST_STEP][PASSED] - cardNumber = findTestData(dataFile).getValue("CardNumber", row): null

2023-02-15 21:49:27 - [TEST_STEP][PASSED] - exM = findTestData(dataFile).getValue("ExM", row): null

2023-02-15 21:49:27 - [TEST_STEP][PASSED] - exY = findTestData(dataFile).getValue("ExY", row): null

2023-02-15 21:49:28 - [TEST_STEP][PASSED] - openBrowser(VLinkURL + "authcap.html"): Browser is opened with url: 'https://dev-algorithm.govolution.com/vlinktest/QA/version_2_0/authcap.html'

2023-02-15 21:49:28 - [MESSAGE][WARNING] - A browser is already opened. Closing browser and opening a new one

2023-02-15 21:49:29 - [MESSAGE][INFO] - Starting 'Chrome' driver

2023-02-15 21:49:29 - [MESSAGE][INFO] - User set preference: ['acceptInsecureCerts', 'true']

2023-02-15 21:49:29 - [MESSAGE][INFO] - Action delay is set to 0 milliseconds

2023-02-15 21:49:30 - [MESSAGE][PASSED] - Browser is opened with url: 'https://dev-algorithm.govolution.com/vlinktest/QA/version_2_0/authcap.html'

2023-02-15 21:49:30 - [TEST_STEP][PASSED] - maximizeWindow(): Current window maximized

2023-02-15 21:49:30 - [MESSAGE][PASSED] - Current window maximized

2023-02-15 21:49:30 - [TEST_STEP][PASSED] - maximizeWindow(): Current window maximized

2023-02-15 21:49:30 - [MESSAGE][PASSED] - Current window maximized

2023-02-15 21:49:30 - [TEST_STEP][PASSED] - genRemID = RandomStringUtils.random(12, true, true): null

2023-02-15 21:49:30 - [TEST_STEP][PASSED] - setText(findTestObject("Object Repository/RecAndPlayBk/Page-Vlink-Sale/input_Remittance Id_remittance_id"), genRemID): Text 'Q6vs5SMzxUVk' is set on object 'Object Repository/RecAndPlayBk/Page-Vlink-Sale/input_Remittance Id_remittance_id'

2023-02-15 21:49:31 - [MESSAGE][PASSED] - Text 'Q6vs5SMzxUVk' is set on object 'Object Repository/RecAndPlayBk/Page-Vlink-Sale/input_Remittance Id_remittance_id'

2023-02-15 21:49:31 - [TEST_STEP][PASSED] - setText(findTestObject("Object Repository/RecAndPlayBk/Page-Vlink-Sale/input_Application Id_application_id"), appID): Text '87' is set on object 'Object Repository/RecAndPlayBk/Page-Vlink-Sale/input_Application Id_application_id'

2023-02-15 21:49:32 - [MESSAGE][PASSED] - Text '87' is set on object 'Object Repository/RecAndPlayBk/Page-Vlink-Sale/input_Application Id_application_id'

2023-02-15 21:49:32 - [TEST_STEP][PASSED] - setText(findTestObject("Object Repository/RecAndPlayBk/Page-Vlink-Sale/input_Username_username"), username): Text 'username' is set on object 'Object Repository/RecAndPlayBk/Page-Vlink-Sale/input_Username_username'

2023-02-15 21:49:33 - [MESSAGE][PASSED] - Text 'username' is set on object 'Object Repository/RecAndPlayBk/Page-Vlink-Sale/input_Username_username'

2023-02-15 21:49:33 - [TEST_STEP][PASSED] - setText(findTestObject("Object Repository/RecAndPlayBk/Page-Vlink-Sale/input_Password_password"), password): Text 'password' is set on object 'Object Repository/RecAndPlayBk/Page-Vlink-Sale/input_Password_password'

2023-02-15 21:49:33 - [MESSAGE][PASSED] - Text 'password' is set on object 'Object Repository/RecAndPlayBk/Page-Vlink-Sale/input_Password_password'

2023-02-15 21:49:33 - [TEST_STEP][PASSED] - setText(findTestObject("Object Repository/RecAndPlayBk/Page-Vlink-Sale/input_Category_category"), category): Text 'ECOM' is set on object 'Object Repository/RecAndPlayBk/Page-Vlink-Sale/input_Category_category'

2023-02-15 21:49:34 - [MESSAGE][PASSED] - Text 'ECOM' is set on object 'Object Repository/RecAndPlayBk/Page-Vlink-Sale/input_Category_category'

2023-02-15 21:49:34 - [TEST_STEP][PASSED] - setText(findTestObject("Object Repository/RecAndPlayBk/Page-Vlink-Sale/input_Amount_amount"), amount): Text '10.5' is set on object 'Object Repository/RecAndPlayBk/Page-Vlink-Sale/input_Amount_amount'

2023-02-15 21:49:34 - [MESSAGE][PASSED] - Text '10.5' is set on object 'Object Repository/RecAndPlayBk/Page-Vlink-Sale/input_Amount_amount'

2023-02-15 21:49:34 - [TEST_STEP][PASSED] - doubleClick(findTestObject("Object Repository/RecAndPlayBk/Page-Vlink-Sale/input_Card number_card_number")): Object: 'Object Repository/RecAndPlayBk/Page-Vlink-Sale/input_Card number_card_number' is double clicked on

2023-02-15 21:49:35 - [MESSAGE][PASSED] - Object: 'Object Repository/RecAndPlayBk/Page-Vlink-Sale/input_Card number_card_number' is double clicked on

2023-02-15 21:49:35 - [TEST_STEP][PASSED] - setText(findTestObject("Object Repository/RecAndPlayBk/Page-Vlink-Sale/input_Card number_card_number"), cardNumber): Text '4012000098765439' is set on object 'Object Repository/RecAndPlayBk/Page-Vlink-Sale/input_Card number_card_number'

2023-02-15 21:49:35 - [MESSAGE][PASSED] - Text '4012000098765439' is set on object 'Object Repository/RecAndPlayBk/Page-Vlink-Sale/input_Card number_card_number'

2023-02-15 21:49:35 - [TEST_STEP][PASSED] - setText(findTestObject("Object Repository/RecAndPlayBk/Page-Vlink-Sale/input_Card ex month_card_exmo"), exM): Text '12' is set on object 'Object Repository/RecAndPlayBk/Page-Vlink-Sale/input_Card ex month_card_exmo'

2023-02-15 21:49:36 - [MESSAGE][PASSED] - Text '12' is set on object 'Object Repository/RecAndPlayBk/Page-Vlink-Sale/input_Card ex month_card_exmo'

2023-02-15 21:49:36 - [TEST_STEP][PASSED] - setText(findTestObject("Object Repository/RecAndPlayBk/Page-Vlink-Sale/input_Card ex year_card_exyr"), exY): Text '2029' is set on object 'Object Repository/RecAndPlayBk/Page-Vlink-Sale/input_Card ex year_card_exyr'

2023-02-15 21:49:37 - [MESSAGE][PASSED] - Text '2029' is set on object 'Object Repository/RecAndPlayBk/Page-Vlink-Sale/input_Card ex year_card_exyr'

2023-02-15 21:49:37 - [TEST_STEP][PASSED] - click(findTestObject("Object Repository/RecAndPlayBk/Page-Vlink-Sale/input_Track Data_track_data")): Object: 'Object Repository/RecAndPlayBk/Page-Vlink-Sale/input_Track Data_track_data' is clicked on

2023-02-15 21:49:37 - [MESSAGE][PASSED] - Object: 'Object Repository/RecAndPlayBk/Page-Vlink-Sale/input_Track Data_track_data' is clicked on

2023-02-15 21:49:37 - [TEST_STEP][PASSED] - click(findTestObject("Object Repository/RecAndPlayBk/Page-Vlink-Sale/input_CVV state_cvv_state")): Object: 'Object Repository/RecAndPlayBk/Page-Vlink-Sale/input_CVV state_cvv_state' is clicked on

2023-02-15 21:49:37 - [MESSAGE][PASSED] - Object: 'Object Repository/RecAndPlayBk/Page-Vlink-Sale/input_CVV state_cvv_state' is clicked on

2023-02-15 21:49:37 - [TEST_STEP][PASSED] - setText(findTestObject("Object Repository/RecAndPlayBk/Page-Vlink-Sale/input_Track Data_track_data"), ""): Text '' is set on object 'Object Repository/RecAndPlayBk/Page-Vlink-Sale/input_Track Data_track_data'

2023-02-15 21:49:38 - [MESSAGE][PASSED] - Text '' is set on object 'Object Repository/RecAndPlayBk/Page-Vlink-Sale/input_Track Data_track_data'

2023-02-15 21:49:38 - [TEST_STEP][PASSED] - setText(findTestObject("Object Repository/RecAndPlayBk/Page-Vlink-Sale/input_concat(Cardholder, , s email)_email"), ""): Text '' is set on object 'Object Repository/RecAndPlayBk/Page-Vlink-Sale/input_concat(Cardholder, , s email)_email'

2023-02-15 21:49:38 - [MESSAGE][PASSED] - Text '' is set on object 'Object Repository/RecAndPlayBk/Page-Vlink-Sale/input_concat(Cardholder, , s email)_email'

2023-02-15 21:49:38 - [TEST_STEP][PASSED] - click(findTestObject("Object Repository/RecAndPlayBk/Page-Vlink-Sale/input_user_defined10_user_defined10")): Object: 'Object Repository/RecAndPlayBk/Page-Vlink-Sale/input_user_defined10_user_defined10' is clicked on

2023-02-15 21:49:39 - [MESSAGE][PASSED] - Object: 'Object Repository/RecAndPlayBk/Page-Vlink-Sale/input_user_defined10_user_defined10' is clicked on

2023-02-15 21:49:39 - [TEST_STEP][PASSED] - if (executionProfile.equalsIgnoreCase("QAProfile") || executionProfile.equalsIgnoreCase("DemoProfile")): Text '' is set on object 'Object Repository/RecAndPlayBk/Page-Vlink-Sale/input_COF Transaction Initiated by_cof_tran_6cded5'

2023-02-15 21:49:39 - [TEST_STEP][PASSED] - setText(findTestObject("Object Repository/RecAndPlayBk/Page-Vlink-Sale/input_Card on File Indicator_card_on_file_i_157dae"), ""): Text '' is set on object 'Object Repository/RecAndPlayBk/Page-Vlink-Sale/input_Card on File Indicator_card_on_file_i_157dae'

2023-02-15 21:49:39 - [MESSAGE][PASSED] - Text '' is set on object 'Object Repository/RecAndPlayBk/Page-Vlink-Sale/input_Card on File Indicator_card_on_file_i_157dae'

2023-02-15 21:49:39 - [TEST_STEP][PASSED] - setText(findTestObject("Object Repository/RecAndPlayBk/Page-Vlink-Sale/input_Stored Credential Indicator_stored_cr_4ae73c"), ""): Text '' is set on object 'Object Repository/RecAndPlayBk/Page-Vlink-Sale/input_Stored Credential Indicator_stored_cr_4ae73c'

2023-02-15 21:49:40 - [MESSAGE][PASSED] - Text '' is set on object 'Object Repository/RecAndPlayBk/Page-Vlink-Sale/input_Stored Credential Indicator_stored_cr_4ae73c'

2023-02-15 21:49:40 - [TEST_STEP][PASSED] - setText(findTestObject("Object Repository/RecAndPlayBk/Page-Vlink-Sale/input_COF Scheduled indicator_cof_scheduled_8df7d8"), ""): Text '' is set on object 'Object Repository/RecAndPlayBk/Page-Vlink-Sale/input_COF Scheduled indicator_cof_scheduled_8df7d8'

2023-02-15 21:49:41 - [MESSAGE][PASSED] - Text '' is set on object 'Object Repository/RecAndPlayBk/Page-Vlink-Sale/input_COF Scheduled indicator_cof_scheduled_8df7d8'

2023-02-15 21:49:41 - [TEST_STEP][PASSED] - setText(findTestObject("Object Repository/RecAndPlayBk/Page-Vlink-Sale/input_COF Transaction Initiated by_cof_tran_6cded5"), ""): Text '' is set on object 'Object Repository/RecAndPlayBk/Page-Vlink-Sale/input_COF Transaction Initiated by_cof_tran_6cded5'

2023-02-15 21:49:41 - [MESSAGE][PASSED] - Text '' is set on object 'Object Repository/RecAndPlayBk/Page-Vlink-Sale/input_COF Transaction Initiated by_cof_tran_6cded5'

2023-02-15 21:49:41 - [TEST_STEP][PASSED] - click(findTestObject("Object Repository/RecAndPlayBk/Page-Vlink-Sale/input")): Object: 'Object Repository/RecAndPlayBk/Page-Vlink-Sale/input' is clicked on

2023-02-15 21:49:43 - [MESSAGE][PASSED] - Object: 'Object Repository/RecAndPlayBk/Page-Vlink-Sale/input' is clicked on

2023-02-15 21:49:43 - [TEST_STEP][PASSED] - if (verifyTextPresent("Transaction approved, no errors", true)): null

2023-02-15 21:49:43 - [MESSAGE][PASSED] - Text 'Transaction approved, no errors' is present on page  using regular expression

2023-02-15 21:49:43 - [TEST_STEP][PASSED] - println("Transaction Approved, no errors text is present on the Confirmation page"): null

2023-02-15 21:49:43 - [TEST_STEP][PASSED] - sdfo = getText(findTestObject("Object Repository/Page_VLinkReceipt/pre_STX")): Text of object 'Object Repository/Page_VLinkReceipt/pre_STX' is: '<STX>Q6vs5SMzxUVk                  12126586            0  Transaction approved, no errors                   0                                                                                  N TAS670   <ETX>'

2023-02-15 21:49:44 - [MESSAGE][PASSED] - Text of object 'Object Repository/Page_VLinkReceipt/pre_STX' is: '<STX>Q6vs5SMzxUVk                  12126586            0  Transaction approved, no errors                   0                                                                                  N TAS670   <ETX>'

2023-02-15 21:49:44 - [TEST_STEP][PASSED] - out.println("sdfo: " + sdfo): null

2023-02-15 21:49:44 - [TEST_STEP][PASSED] - remID = substring(5, 35).trim(): null

2023-02-15 21:49:44 - [TEST_STEP][PASSED] - out.println("remID: " + remID): null

2023-02-15 21:49:44 - [TEST_STEP][PASSED] - traxID = substring(35, 55).trim(): null

2023-02-15 21:49:44 - [TEST_STEP][PASSED] - out.println("traxID: " + traxID): null

2023-02-15 21:49:44 - [TEST_STEP][PASSED] - VLinkSaleRemID = remID: null

2023-02-15 21:49:44 - [TEST_STEP][PASSED] - VLinkSaleTranxID = traxID: null

2023-02-15 21:49:44 - [TEST_STEP][PASSED] - openBrowser(VLinkURL + "CC_credit.html"): Browser is opened with url: 'https://dev-algorithm.govolution.com/vlinktest/QA/version_2_0/CC_credit.html'

2023-02-15 21:49:44 - [MESSAGE][WARNING] - A browser is already opened. Closing browser and opening a new one

2023-02-15 21:49:44 - [MESSAGE][INFO] - Starting 'Chrome' driver

2023-02-15 21:49:44 - [MESSAGE][INFO] - User set preference: ['acceptInsecureCerts', 'true']

2023-02-15 21:49:45 - [MESSAGE][INFO] - Action delay is set to 0 milliseconds

2023-02-15 21:49:46 - [MESSAGE][PASSED] - Browser is opened with url: 'https://dev-algorithm.govolution.com/vlinktest/QA/version_2_0/CC_credit.html'

2023-02-15 21:49:46 - [TEST_STEP][PASSED] - maximizeWindow(): Current window maximized

2023-02-15 21:49:46 - [MESSAGE][PASSED] - Current window maximized

2023-02-15 21:49:46 - [TEST_STEP][PASSED] - setText(findTestObject("Object Repository/RecAndPlayBk/Page-Vlink-CC-Credit/input_Remittance Id"), VLinkSaleRemID): Text 'Q6vs5SMzxUVk' is set on object 'Object Repository/RecAndPlayBk/Page-Vlink-CC-Credit/input_Remittance Id'

2023-02-15 21:49:47 - [MESSAGE][PASSED] - Text 'Q6vs5SMzxUVk' is set on object 'Object Repository/RecAndPlayBk/Page-Vlink-CC-Credit/input_Remittance Id'

2023-02-15 21:49:47 - [TEST_STEP][PASSED] - setText(findTestObject("Object Repository/RecAndPlayBk/Page-Vlink-CC-Credit/input_Application Id"), appID): Text '87' is set on object 'Object Repository/RecAndPlayBk/Page-Vlink-CC-Credit/input_Application Id'

2023-02-15 21:49:48 - [MESSAGE][PASSED] - Text '87' is set on object 'Object Repository/RecAndPlayBk/Page-Vlink-CC-Credit/input_Application Id'

2023-02-15 21:49:48 - [TEST_STEP][PASSED] - setText(findTestObject("Object Repository/RecAndPlayBk/Page-Vlink-CC-Credit/input_Username"), username): Text 'username' is set on object 'Object Repository/RecAndPlayBk/Page-Vlink-CC-Credit/input_Username'

2023-02-15 21:49:48 - [MESSAGE][PASSED] - Text 'username' is set on object 'Object Repository/RecAndPlayBk/Page-Vlink-CC-Credit/input_Username'

2023-02-15 21:49:48 - [TEST_STEP][PASSED] - setText(findTestObject("Object Repository/RecAndPlayBk/Page-Vlink-CC-Credit/input_Password"), password): Text 'password' is set on object 'Object Repository/RecAndPlayBk/Page-Vlink-CC-Credit/input_Password'

2023-02-15 21:49:49 - [MESSAGE][PASSED] - Text 'password' is set on object 'Object Repository/RecAndPlayBk/Page-Vlink-CC-Credit/input_Password'

2023-02-15 21:49:49 - [TEST_STEP][PASSED] - setText(findTestObject("Object Repository/RecAndPlayBk/Page-Vlink-CC-Credit/input_Transaction ID"), VLinkSaleTranxID): Text '12126586' is set on object 'Object Repository/RecAndPlayBk/Page-Vlink-CC-Credit/input_Transaction ID'

2023-02-15 21:49:50 - [MESSAGE][PASSED] - Text '12126586' is set on object 'Object Repository/RecAndPlayBk/Page-Vlink-CC-Credit/input_Transaction ID'

2023-02-15 21:49:50 - [TEST_STEP][PASSED] - setText(findTestObject("Object Repository/RecAndPlayBk/Page-Vlink-CC-Credit/input_Amount"), amount): Text '10.5' is set on object 'Object Repository/RecAndPlayBk/Page-Vlink-CC-Credit/input_Amount'

2023-02-15 21:49:50 - [MESSAGE][PASSED] - Text '10.5' is set on object 'Object Repository/RecAndPlayBk/Page-Vlink-CC-Credit/input_Amount'

2023-02-15 21:49:50 - [TEST_STEP][PASSED] - setText(findTestObject("Object Repository/RecAndPlayBk/Page-Vlink-CC-Credit/input_Card number"), ""): Text '' is set on object 'Object Repository/RecAndPlayBk/Page-Vlink-CC-Credit/input_Card number'

2023-02-15 21:49:51 - [MESSAGE][PASSED] - Text '' is set on object 'Object Repository/RecAndPlayBk/Page-Vlink-CC-Credit/input_Card number'

2023-02-15 21:49:51 - [TEST_STEP][PASSED] - setText(findTestObject("Object Repository/RecAndPlayBk/Page-Vlink-CC-Credit/input_Card ex month"), ""): Text '' is set on object 'Object Repository/RecAndPlayBk/Page-Vlink-CC-Credit/input_Card ex month'

2023-02-15 21:49:51 - [MESSAGE][PASSED] - Text '' is set on object 'Object Repository/RecAndPlayBk/Page-Vlink-CC-Credit/input_Card ex month'

2023-02-15 21:49:51 - [TEST_STEP][PASSED] - setText(findTestObject("Object Repository/RecAndPlayBk/Page-Vlink-CC-Credit/input_Card ex year"), ""): Text '' is set on object 'Object Repository/RecAndPlayBk/Page-Vlink-CC-Credit/input_Card ex year'

2023-02-15 21:49:52 - [MESSAGE][PASSED] - Text '' is set on object 'Object Repository/RecAndPlayBk/Page-Vlink-CC-Credit/input_Card ex year'

2023-02-15 21:49:52 - [TEST_STEP][PASSED] - setText(findTestObject("Object Repository/RecAndPlayBk/Page-Vlink-CC-Credit/input_Track Data"), ""): Text '' is set on object 'Object Repository/RecAndPlayBk/Page-Vlink-CC-Credit/input_Track Data'

2023-02-15 21:49:53 - [MESSAGE][PASSED] - Text '' is set on object 'Object Repository/RecAndPlayBk/Page-Vlink-CC-Credit/input_Track Data'

2023-02-15 21:49:53 - [TEST_STEP][PASSED] - setText(findTestObject("Object Repository/RecAndPlayBk/Page-Vlink-CC-Credit/input_Category Code"), category): Text 'ECOM' is set on object 'Object Repository/RecAndPlayBk/Page-Vlink-CC-Credit/input_Category Code'

2023-02-15 21:49:53 - [MESSAGE][PASSED] - Text 'ECOM' is set on object 'Object Repository/RecAndPlayBk/Page-Vlink-CC-Credit/input_Category Code'

2023-02-15 21:49:53 - [TEST_STEP][PASSED] - click(findTestObject("Object Repository/RecAndPlayBk/Page-Vlink-CC-Credit/input")): Object: 'Object Repository/RecAndPlayBk/Page-Vlink-CC-Credit/input' is clicked on

2023-02-15 21:49:55 - [MESSAGE][PASSED] - Object: 'Object Repository/RecAndPlayBk/Page-Vlink-CC-Credit/input' is clicked on

2023-02-15 21:49:55 - [TEST_STEP][PASSED] - if (verifyTextPresent("Transaction approved, no errors", true)): null

2023-02-15 21:49:55 - [MESSAGE][PASSED] - Text 'Transaction approved, no errors' is present on page  using regular expression

2023-02-15 21:49:55 - [TEST_STEP][PASSED] - sdfo = getText(findTestObject("Object Repository/Page_VLinkReceipt/pre_STX")): Text of object 'Object Repository/Page_VLinkReceipt/pre_STX' is: '<STX>Q6vs5SMzxUVk                  12126587            0  Transaction approved, no errors                   0                                                                                  N TAS680   <ETX>'

2023-02-15 21:49:56 - [MESSAGE][PASSED] - Text of object 'Object Repository/Page_VLinkReceipt/pre_STX' is: '<STX>Q6vs5SMzxUVk                  12126587            0  Transaction approved, no errors                   0                                                                                  N TAS680   <ETX>'

2023-02-15 21:49:56 - [TEST_STEP][PASSED] - out.println("sdfo: " + sdfo): null

2023-02-15 21:49:56 - [TEST_STEP][PASSED] - remID = substring(5, 35).trim(): null

2023-02-15 21:49:56 - [TEST_STEP][PASSED] - out.println("remID: " + remID): null

2023-02-15 21:49:56 - [TEST_STEP][PASSED] - traxID = substring(35, 55).trim(): null

2023-02-15 21:49:56 - [TEST_STEP][PASSED] - out.println("traxID: " + traxID): null

2023-02-15 21:49:56 - [TEST_STEP][PASSED] - VLinkSaleRemID = remID: null

2023-02-15 21:49:56 - [TEST_STEP][PASSED] - VLinkSaleTranxID = traxID: null

2023-02-15 21:49:56 - [TEST_STEP][PASSED] - openBrowser(VLinkURL + "CC_void.html"): Browser is opened with url: 'https://dev-algorithm.govolution.com/vlinktest/QA/version_2_0/CC_void.html'

2023-02-15 21:49:56 - [MESSAGE][WARNING] - A browser is already opened. Closing browser and opening a new one

2023-02-15 21:49:57 - [MESSAGE][INFO] - Starting 'Chrome' driver

2023-02-15 21:49:57 - [MESSAGE][INFO] - User set preference: ['acceptInsecureCerts', 'true']

2023-02-15 21:49:57 - [MESSAGE][INFO] - Action delay is set to 0 milliseconds

2023-02-15 21:49:58 - [MESSAGE][PASSED] - Browser is opened with url: 'https://dev-algorithm.govolution.com/vlinktest/QA/version_2_0/CC_void.html'

2023-02-15 21:49:58 - [TEST_STEP][PASSED] - maximizeWindow(): Current window maximized

2023-02-15 21:49:58 - [MESSAGE][PASSED] - Current window maximized

2023-02-15 21:49:58 - [TEST_STEP][PASSED] - setText(findTestObject("Object Repository/RecAndPlayBk/Page-Vlink-CC-Void/txt_RemID"), VLinkSaleRemID): Text 'Q6vs5SMzxUVk' is set on object 'Object Repository/RecAndPlayBk/Page-Vlink-CC-Void/txt_RemID'

2023-02-15 21:49:59 - [MESSAGE][PASSED] - Text 'Q6vs5SMzxUVk' is set on object 'Object Repository/RecAndPlayBk/Page-Vlink-CC-Void/txt_RemID'

2023-02-15 21:49:59 - [TEST_STEP][PASSED] - setText(findTestObject("Object Repository/RecAndPlayBk/Page-Vlink-CC-Void/txt_ApplicationID"), appID): Text '87' is set on object 'Object Repository/RecAndPlayBk/Page-Vlink-CC-Void/txt_ApplicationID'

2023-02-15 21:50:00 - [MESSAGE][PASSED] - Text '87' is set on object 'Object Repository/RecAndPlayBk/Page-Vlink-CC-Void/txt_ApplicationID'

2023-02-15 21:50:00 - [TEST_STEP][PASSED] - setText(findTestObject("Object Repository/RecAndPlayBk/Page-Vlink-CC-Void/txt_Username"), username): Text 'username' is set on object 'Object Repository/RecAndPlayBk/Page-Vlink-CC-Void/txt_Username'

2023-02-15 21:50:00 - [MESSAGE][PASSED] - Text 'username' is set on object 'Object Repository/RecAndPlayBk/Page-Vlink-CC-Void/txt_Username'

2023-02-15 21:50:00 - [TEST_STEP][PASSED] - setText(findTestObject("Object Repository/RecAndPlayBk/Page-Vlink-CC-Void/txt_Password"), password): Text 'password' is set on object 'Object Repository/RecAndPlayBk/Page-Vlink-CC-Void/txt_Password'

2023-02-15 21:50:01 - [MESSAGE][PASSED] - Text 'password' is set on object 'Object Repository/RecAndPlayBk/Page-Vlink-CC-Void/txt_Password'

2023-02-15 21:50:01 - [TEST_STEP][PASSED] - setText(findTestObject("Object Repository/RecAndPlayBk/Page-Vlink-CC-Void/txt_TransactionID"), VLinkSaleTranxID): Text '12126587' is set on object 'Object Repository/RecAndPlayBk/Page-Vlink-CC-Void/txt_TransactionID'

2023-02-15 21:50:02 - [MESSAGE][PASSED] - Text '12126587' is set on object 'Object Repository/RecAndPlayBk/Page-Vlink-CC-Void/txt_TransactionID'

2023-02-15 21:50:02 - [TEST_STEP][PASSED] - setText(findTestObject("Object Repository/RecAndPlayBk/Page-Vlink-CC-Void/txt_OriginalTransactionType"), "104"): Text '104' is set on object 'Object Repository/RecAndPlayBk/Page-Vlink-CC-Void/txt_OriginalTransactionType'

2023-02-15 21:50:02 - [MESSAGE][PASSED] - Text '104' is set on object 'Object Repository/RecAndPlayBk/Page-Vlink-CC-Void/txt_OriginalTransactionType'

2023-02-15 21:50:02 - [TEST_STEP][PASSED] - setText(findTestObject("Object Repository/RecAndPlayBk/Page-Vlink-CC-Void/txt_TrackData"), ""): Text '' is set on object 'Object Repository/RecAndPlayBk/Page-Vlink-CC-Void/txt_TrackData'

2023-02-15 21:50:03 - [MESSAGE][PASSED] - Text '' is set on object 'Object Repository/RecAndPlayBk/Page-Vlink-CC-Void/txt_TrackData'

2023-02-15 21:50:03 - [TEST_STEP][PASSED] - click(findTestObject("Object Repository/RecAndPlayBk/Page-Vlink-CC-Void/btn_ProcessVLinkTransaction")): Object: 'Object Repository/RecAndPlayBk/Page-Vlink-CC-Void/btn_ProcessVLinkTransaction' is clicked on

2023-02-15 21:50:05 - [MESSAGE][PASSED] - Object: 'Object Repository/RecAndPlayBk/Page-Vlink-CC-Void/btn_ProcessVLinkTransaction' is clicked on

2023-02-15 21:50:05 - [TEST_STEP][PASSED] - if (verifyTextPresent("Transaction approved, no errors", true)): null

2023-02-15 21:50:05 - [MESSAGE][PASSED] - Text 'Transaction approved, no errors' is present on page  using regular expression

2023-02-15 21:50:05 - [TEST_STEP][PASSED] - println("Transaction Approved, no errors text is present on the Confirmation page"): null

2023-02-15 21:50:05 - [TEST_STEP][PASSED] - out.println("Pass Record Number: " + row): null

2023-02-15 21:50:05 - [TEST_STEP][PASSED] - resText = "Pass": null

2023-02-15 21:50:05 - [TEST_STEP][PASSED] - pages.WriteExcel.demoKey(resText, datText, resColumn, datCloumn, fileLoc, nameSheet, row): pages.WriteExcel.demoKey is PASSED

2023-02-15 21:50:06 - [MESSAGE][PASSED] - pages.WriteExcel.demoKey is PASSED

2023-02-15 21:50:06 - [TEST_STEP][PASSED] - ExecuteTC = findTestData(dataFile).getValue("Execute", row): null

2023-02-15 21:50:06 - [TEST_STEP][PASSED] - out.println("Value of Execute is : " + ExecuteTC): null

2023-02-15 21:50:06 - [TEST_STEP][PASSED] - switch (executionProfile): null

2023-02-15 21:50:06 - [TEST_STEP][PASSED] - case "QAProfile":: null

2023-02-15 21:50:06 - [TEST_STEP][PASSED] - appID = findTestData(dataFile).getValue("AppIDQA", row): null

2023-02-15 21:50:06 - [TEST_STEP][PASSED] - username = findTestData(dataFile).getValue("UsernameQA", row): null

2023-02-15 21:50:06 - [TEST_STEP][PASSED] - password = findTestData(dataFile).getValue("PasswordQA", row): null

2023-02-15 21:50:06 - [TEST_STEP][PASSED] - break: null

2023-02-15 21:50:06 - [TEST_STEP][PASSED] - if (ExecuteTC.equalsIgnoreCase("Y")): null

2023-02-15 21:50:06 - [TEST_STEP][PASSED] - out.println("Begin Record Number: " + row): null

2023-02-15 21:50:06 - [TEST_STEP][PASSED] - today = new java.util.Date(): null

2023-02-15 21:50:06 - [TEST_STEP][PASSED] - println(today): null

2023-02-15 21:50:06 - [TEST_STEP][PASSED] - datText = today: null

2023-02-15 21:50:06 - [TEST_STEP][PASSED] - category = findTestData(dataFile).getValue("Category", row): null

2023-02-15 21:50:06 - [TEST_STEP][PASSED] - amount = findTestData(dataFile).getValue("Amount", row): null

2023-02-15 21:50:06 - [TEST_STEP][PASSED] - cardNumber = findTestData(dataFile).getValue("CardNumber", row): null

2023-02-15 21:50:06 - [TEST_STEP][PASSED] - exM = findTestData(dataFile).getValue("ExM", row): null

2023-02-15 21:50:06 - [TEST_STEP][PASSED] - exY = findTestData(dataFile).getValue("ExY", row): null

2023-02-15 21:50:06 - [TEST_STEP][PASSED] - openBrowser(VLinkURL + "authcap.html"): Browser is opened with url: 'https://dev-algorithm.govolution.com/vlinktest/QA/version_2_0/authcap.html'

2023-02-15 21:50:06 - [MESSAGE][WARNING] - A browser is already opened. Closing browser and opening a new one

2023-02-15 21:50:07 - [MESSAGE][INFO] - Starting 'Chrome' driver

2023-02-15 21:50:07 - [MESSAGE][INFO] - User set preference: ['acceptInsecureCerts', 'true']

2023-02-15 21:50:07 - [MESSAGE][INFO] - Action delay is set to 0 milliseconds

2023-02-15 21:50:09 - [MESSAGE][PASSED] - Browser is opened with url: 'https://dev-algorithm.govolution.com/vlinktest/QA/version_2_0/authcap.html'

2023-02-15 21:50:09 - [TEST_STEP][PASSED] - maximizeWindow(): Current window maximized

2023-02-15 21:50:09 - [MESSAGE][PASSED] - Current window maximized

2023-02-15 21:50:09 - [TEST_STEP][PASSED] - maximizeWindow(): Current window maximized

2023-02-15 21:50:09 - [MESSAGE][PASSED] - Current window maximized

2023-02-15 21:50:09 - [TEST_STEP][PASSED] - genRemID = RandomStringUtils.random(12, true, true): null

2023-02-15 21:50:09 - [TEST_STEP][PASSED] - setText(findTestObject("Object Repository/RecAndPlayBk/Page-Vlink-Sale/input_Remittance Id_remittance_id"), genRemID): Text 'ZmLO7W2P7d0X' is set on object 'Object Repository/RecAndPlayBk/Page-Vlink-Sale/input_Remittance Id_remittance_id'

2023-02-15 21:50:10 - [MESSAGE][PASSED] - Text 'ZmLO7W2P7d0X' is set on object 'Object Repository/RecAndPlayBk/Page-Vlink-Sale/input_Remittance Id_remittance_id'

2023-02-15 21:50:10 - [TEST_STEP][PASSED] - setText(findTestObject("Object Repository/RecAndPlayBk/Page-Vlink-Sale/input_Application Id_application_id"), appID): Text '581' is set on object 'Object Repository/RecAndPlayBk/Page-Vlink-Sale/input_Application Id_application_id'

2023-02-15 21:50:10 - [MESSAGE][PASSED] - Text '581' is set on object 'Object Repository/RecAndPlayBk/Page-Vlink-Sale/input_Application Id_application_id'

2023-02-15 21:50:10 - [TEST_STEP][PASSED] - setText(findTestObject("Object Repository/RecAndPlayBk/Page-Vlink-Sale/input_Username_username"), username): Text 'usr581' is set on object 'Object Repository/RecAndPlayBk/Page-Vlink-Sale/input_Username_username'

2023-02-15 21:50:11 - [MESSAGE][PASSED] - Text 'usr581' is set on object 'Object Repository/RecAndPlayBk/Page-Vlink-Sale/input_Username_username'

2023-02-15 21:50:11 - [TEST_STEP][PASSED] - setText(findTestObject("Object Repository/RecAndPlayBk/Page-Vlink-Sale/input_Password_password"), password): Text 'pwd581' is set on object 'Object Repository/RecAndPlayBk/Page-Vlink-Sale/input_Password_password'

2023-02-15 21:50:12 - [MESSAGE][PASSED] - Text 'pwd581' is set on object 'Object Repository/RecAndPlayBk/Page-Vlink-Sale/input_Password_password'

2023-02-15 21:50:12 - [TEST_STEP][PASSED] - setText(findTestObject("Object Repository/RecAndPlayBk/Page-Vlink-Sale/input_Category_category"), category): Text 'ECOM' is set on object 'Object Repository/RecAndPlayBk/Page-Vlink-Sale/input_Category_category'

2023-02-15 21:50:12 - [MESSAGE][PASSED] - Text 'ECOM' is set on object 'Object Repository/RecAndPlayBk/Page-Vlink-Sale/input_Category_category'

2023-02-15 21:50:12 - [TEST_STEP][PASSED] - setText(findTestObject("Object Repository/RecAndPlayBk/Page-Vlink-Sale/input_Amount_amount"), amount): Text '10.5' is set on object 'Object Repository/RecAndPlayBk/Page-Vlink-Sale/input_Amount_amount'

2023-02-15 21:50:13 - [MESSAGE][PASSED] - Text '10.5' is set on object 'Object Repository/RecAndPlayBk/Page-Vlink-Sale/input_Amount_amount'

2023-02-15 21:50:13 - [TEST_STEP][PASSED] - doubleClick(findTestObject("Object Repository/RecAndPlayBk/Page-Vlink-Sale/input_Card number_card_number")): Object: 'Object Repository/RecAndPlayBk/Page-Vlink-Sale/input_Card number_card_number' is double clicked on

2023-02-15 21:50:13 - [MESSAGE][PASSED] - Object: 'Object Repository/RecAndPlayBk/Page-Vlink-Sale/input_Card number_card_number' is double clicked on

2023-02-15 21:50:13 - [TEST_STEP][PASSED] - setText(findTestObject("Object Repository/RecAndPlayBk/Page-Vlink-Sale/input_Card number_card_number"), cardNumber): Text '5146312200000035' is set on object 'Object Repository/RecAndPlayBk/Page-Vlink-Sale/input_Card number_card_number'

2023-02-15 21:50:14 - [MESSAGE][PASSED] - Text '5146312200000035' is set on object 'Object Repository/RecAndPlayBk/Page-Vlink-Sale/input_Card number_card_number'

2023-02-15 21:50:14 - [TEST_STEP][PASSED] - setText(findTestObject("Object Repository/RecAndPlayBk/Page-Vlink-Sale/input_Card ex month_card_exmo"), exM): Text '12' is set on object 'Object Repository/RecAndPlayBk/Page-Vlink-Sale/input_Card ex month_card_exmo'

2023-02-15 21:50:15 - [MESSAGE][PASSED] - Text '12' is set on object 'Object Repository/RecAndPlayBk/Page-Vlink-Sale/input_Card ex month_card_exmo'

2023-02-15 21:50:15 - [TEST_STEP][PASSED] - setText(findTestObject("Object Repository/RecAndPlayBk/Page-Vlink-Sale/input_Card ex year_card_exyr"), exY): Text '2029' is set on object 'Object Repository/RecAndPlayBk/Page-Vlink-Sale/input_Card ex year_card_exyr'

2023-02-15 21:50:15 - [MESSAGE][PASSED] - Text '2029' is set on object 'Object Repository/RecAndPlayBk/Page-Vlink-Sale/input_Card ex year_card_exyr'

2023-02-15 21:50:15 - [TEST_STEP][PASSED] - click(findTestObject("Object Repository/RecAndPlayBk/Page-Vlink-Sale/input_Track Data_track_data")): Object: 'Object Repository/RecAndPlayBk/Page-Vlink-Sale/input_Track Data_track_data' is clicked on

2023-02-15 21:50:15 - [MESSAGE][PASSED] - Object: 'Object Repository/RecAndPlayBk/Page-Vlink-Sale/input_Track Data_track_data' is clicked on

2023-02-15 21:50:15 - [TEST_STEP][PASSED] - click(findTestObject("Object Repository/RecAndPlayBk/Page-Vlink-Sale/input_CVV state_cvv_state")): Object: 'Object Repository/RecAndPlayBk/Page-Vlink-Sale/input_CVV state_cvv_state' is clicked on

2023-02-15 21:50:16 - [MESSAGE][PASSED] - Object: 'Object Repository/RecAndPlayBk/Page-Vlink-Sale/input_CVV state_cvv_state' is clicked on

2023-02-15 21:50:16 - [TEST_STEP][PASSED] - setText(findTestObject("Object Repository/RecAndPlayBk/Page-Vlink-Sale/input_Track Data_track_data"), ""): Text '' is set on object 'Object Repository/RecAndPlayBk/Page-Vlink-Sale/input_Track Data_track_data'

2023-02-15 21:50:16 - [MESSAGE][PASSED] - Text '' is set on object 'Object Repository/RecAndPlayBk/Page-Vlink-Sale/input_Track Data_track_data'

2023-02-15 21:50:16 - [TEST_STEP][PASSED] - setText(findTestObject("Object Repository/RecAndPlayBk/Page-Vlink-Sale/input_concat(Cardholder, , s email)_email"), ""): Text '' is set on object 'Object Repository/RecAndPlayBk/Page-Vlink-Sale/input_concat(Cardholder, , s email)_email'

2023-02-15 21:50:17 - [MESSAGE][PASSED] - Text '' is set on object 'Object Repository/RecAndPlayBk/Page-Vlink-Sale/input_concat(Cardholder, , s email)_email'

2023-02-15 21:50:17 - [TEST_STEP][PASSED] - click(findTestObject("Object Repository/RecAndPlayBk/Page-Vlink-Sale/input_user_defined10_user_defined10")): Object: 'Object Repository/RecAndPlayBk/Page-Vlink-Sale/input_user_defined10_user_defined10' is clicked on

2023-02-15 21:50:17 - [MESSAGE][PASSED] - Object: 'Object Repository/RecAndPlayBk/Page-Vlink-Sale/input_user_defined10_user_defined10' is clicked on

2023-02-15 21:50:17 - [TEST_STEP][PASSED] - if (executionProfile.equalsIgnoreCase("QAProfile") || executionProfile.equalsIgnoreCase("DemoProfile")): Text '' is set on object 'Object Repository/RecAndPlayBk/Page-Vlink-Sale/input_COF Transaction Initiated by_cof_tran_6cded5'

2023-02-15 21:50:17 - [TEST_STEP][PASSED] - setText(findTestObject("Object Repository/RecAndPlayBk/Page-Vlink-Sale/input_Card on File Indicator_card_on_file_i_157dae"), ""): Text '' is set on object 'Object Repository/RecAndPlayBk/Page-Vlink-Sale/input_Card on File Indicator_card_on_file_i_157dae'

2023-02-15 21:50:18 - [MESSAGE][PASSED] - Text '' is set on object 'Object Repository/RecAndPlayBk/Page-Vlink-Sale/input_Card on File Indicator_card_on_file_i_157dae'

2023-02-15 21:50:18 - [TEST_STEP][PASSED] - setText(findTestObject("Object Repository/RecAndPlayBk/Page-Vlink-Sale/input_Stored Credential Indicator_stored_cr_4ae73c"), ""): Text '' is set on object 'Object Repository/RecAndPlayBk/Page-Vlink-Sale/input_Stored Credential Indicator_stored_cr_4ae73c'

2023-02-15 21:50:19 - [MESSAGE][PASSED] - Text '' is set on object 'Object Repository/RecAndPlayBk/Page-Vlink-Sale/input_Stored Credential Indicator_stored_cr_4ae73c'

2023-02-15 21:50:19 - [TEST_STEP][PASSED] - setText(findTestObject("Object Repository/RecAndPlayBk/Page-Vlink-Sale/input_COF Scheduled indicator_cof_scheduled_8df7d8"), ""): Text '' is set on object 'Object Repository/RecAndPlayBk/Page-Vlink-Sale/input_COF Scheduled indicator_cof_scheduled_8df7d8'

2023-02-15 21:50:19 - [MESSAGE][PASSED] - Text '' is set on object 'Object Repository/RecAndPlayBk/Page-Vlink-Sale/input_COF Scheduled indicator_cof_scheduled_8df7d8'

2023-02-15 21:50:19 - [TEST_STEP][PASSED] - setText(findTestObject("Object Repository/RecAndPlayBk/Page-Vlink-Sale/input_COF Transaction Initiated by_cof_tran_6cded5"), ""): Text '' is set on object 'Object Repository/RecAndPlayBk/Page-Vlink-Sale/input_COF Transaction Initiated by_cof_tran_6cded5'

2023-02-15 21:50:20 - [MESSAGE][PASSED] - Text '' is set on object 'Object Repository/RecAndPlayBk/Page-Vlink-Sale/input_COF Transaction Initiated by_cof_tran_6cded5'

2023-02-15 21:50:20 - [TEST_STEP][PASSED] - click(findTestObject("Object Repository/RecAndPlayBk/Page-Vlink-Sale/input")): Object: 'Object Repository/RecAndPlayBk/Page-Vlink-Sale/input' is clicked on

2023-02-15 21:50:21 - [MESSAGE][PASSED] - Object: 'Object Repository/RecAndPlayBk/Page-Vlink-Sale/input' is clicked on

2023-02-15 21:50:21 - [TEST_STEP][PASSED] - if (verifyTextPresent("Transaction approved, no errors", true)): null

2023-02-15 21:50:21 - [MESSAGE][PASSED] - Text 'Transaction approved, no errors' is present on page  using regular expression

2023-02-15 21:50:21 - [TEST_STEP][PASSED] - println("Transaction Approved, no errors text is present on the Confirmation page"): null

2023-02-15 21:50:21 - [TEST_STEP][PASSED] - sdfo = getText(findTestObject("Object Repository/Page_VLinkReceipt/pre_STX")): Text of object 'Object Repository/Page_VLinkReceipt/pre_STX' is: '<STX>ZmLO7W2P7d0X                  12126589            0  Transaction approved, no errors                   0                                                                                  Y 000047   <ETX>'

2023-02-15 21:50:22 - [MESSAGE][PASSED] - Text of object 'Object Repository/Page_VLinkReceipt/pre_STX' is: '<STX>ZmLO7W2P7d0X                  12126589            0  Transaction approved, no errors                   0                                                                                  Y 000047   <ETX>'

2023-02-15 21:50:22 - [TEST_STEP][PASSED] - out.println("sdfo: " + sdfo): null

2023-02-15 21:50:22 - [TEST_STEP][PASSED] - remID = substring(5, 35).trim(): null

2023-02-15 21:50:22 - [TEST_STEP][PASSED] - out.println("remID: " + remID): null

2023-02-15 21:50:22 - [TEST_STEP][PASSED] - traxID = substring(35, 55).trim(): null

2023-02-15 21:50:22 - [TEST_STEP][PASSED] - out.println("traxID: " + traxID): null

2023-02-15 21:50:22 - [TEST_STEP][PASSED] - VLinkSaleRemID = remID: null

2023-02-15 21:50:22 - [TEST_STEP][PASSED] - VLinkSaleTranxID = traxID: null

2023-02-15 21:50:22 - [TEST_STEP][PASSED] - openBrowser(VLinkURL + "CC_credit.html"): Browser is opened with url: 'https://dev-algorithm.govolution.com/vlinktest/QA/version_2_0/CC_credit.html'

2023-02-15 21:50:22 - [MESSAGE][WARNING] - A browser is already opened. Closing browser and opening a new one

2023-02-15 21:50:22 - [MESSAGE][INFO] - Starting 'Chrome' driver

2023-02-15 21:50:22 - [MESSAGE][INFO] - User set preference: ['acceptInsecureCerts', 'true']

2023-02-15 21:50:22 - [MESSAGE][INFO] - Action delay is set to 0 milliseconds

2023-02-15 21:50:24 - [MESSAGE][PASSED] - Browser is opened with url: 'https://dev-algorithm.govolution.com/vlinktest/QA/version_2_0/CC_credit.html'

2023-02-15 21:50:24 - [TEST_STEP][PASSED] - maximizeWindow(): Current window maximized

2023-02-15 21:50:24 - [MESSAGE][PASSED] - Current window maximized

2023-02-15 21:50:24 - [TEST_STEP][PASSED] - setText(findTestObject("Object Repository/RecAndPlayBk/Page-Vlink-CC-Credit/input_Remittance Id"), VLinkSaleRemID): Text 'ZmLO7W2P7d0X' is set on object 'Object Repository/RecAndPlayBk/Page-Vlink-CC-Credit/input_Remittance Id'

2023-02-15 21:50:25 - [MESSAGE][PASSED] - Text 'ZmLO7W2P7d0X' is set on object 'Object Repository/RecAndPlayBk/Page-Vlink-CC-Credit/input_Remittance Id'

2023-02-15 21:50:25 - [TEST_STEP][PASSED] - setText(findTestObject("Object Repository/RecAndPlayBk/Page-Vlink-CC-Credit/input_Application Id"), appID): Text '581' is set on object 'Object Repository/RecAndPlayBk/Page-Vlink-CC-Credit/input_Application Id'

2023-02-15 21:50:26 - [MESSAGE][PASSED] - Text '581' is set on object 'Object Repository/RecAndPlayBk/Page-Vlink-CC-Credit/input_Application Id'

2023-02-15 21:50:26 - [TEST_STEP][PASSED] - setText(findTestObject("Object Repository/RecAndPlayBk/Page-Vlink-CC-Credit/input_Username"), username): Text 'usr581' is set on object 'Object Repository/RecAndPlayBk/Page-Vlink-CC-Credit/input_Username'

2023-02-15 21:50:26 - [MESSAGE][PASSED] - Text 'usr581' is set on object 'Object Repository/RecAndPlayBk/Page-Vlink-CC-Credit/input_Username'

2023-02-15 21:50:26 - [TEST_STEP][PASSED] - setText(findTestObject("Object Repository/RecAndPlayBk/Page-Vlink-CC-Credit/input_Password"), password): Text 'pwd581' is set on object 'Object Repository/RecAndPlayBk/Page-Vlink-CC-Credit/input_Password'

2023-02-15 21:50:27 - [MESSAGE][PASSED] - Text 'pwd581' is set on object 'Object Repository/RecAndPlayBk/Page-Vlink-CC-Credit/input_Password'

2023-02-15 21:50:27 - [TEST_STEP][PASSED] - setText(findTestObject("Object Repository/RecAndPlayBk/Page-Vlink-CC-Credit/input_Transaction ID"), VLinkSaleTranxID): Text '12126589' is set on object 'Object Repository/RecAndPlayBk/Page-Vlink-CC-Credit/input_Transaction ID'

2023-02-15 21:50:28 - [MESSAGE][PASSED] - Text '12126589' is set on object 'Object Repository/RecAndPlayBk/Page-Vlink-CC-Credit/input_Transaction ID'

2023-02-15 21:50:28 - [TEST_STEP][PASSED] - setText(findTestObject("Object Repository/RecAndPlayBk/Page-Vlink-CC-Credit/input_Amount"), amount): Text '10.5' is set on object 'Object Repository/RecAndPlayBk/Page-Vlink-CC-Credit/input_Amount'

2023-02-15 21:50:28 - [MESSAGE][PASSED] - Text '10.5' is set on object 'Object Repository/RecAndPlayBk/Page-Vlink-CC-Credit/input_Amount'

2023-02-15 21:50:28 - [TEST_STEP][PASSED] - setText(findTestObject("Object Repository/RecAndPlayBk/Page-Vlink-CC-Credit/input_Card number"), ""): Text '' is set on object 'Object Repository/RecAndPlayBk/Page-Vlink-CC-Credit/input_Card number'

2023-02-15 21:50:29 - [MESSAGE][PASSED] - Text '' is set on object 'Object Repository/RecAndPlayBk/Page-Vlink-CC-Credit/input_Card number'

2023-02-15 21:50:29 - [TEST_STEP][PASSED] - setText(findTestObject("Object Repository/RecAndPlayBk/Page-Vlink-CC-Credit/input_Card ex month"), ""): Text '' is set on object 'Object Repository/RecAndPlayBk/Page-Vlink-CC-Credit/input_Card ex month'

2023-02-15 21:50:29 - [MESSAGE][PASSED] - Text '' is set on object 'Object Repository/RecAndPlayBk/Page-Vlink-CC-Credit/input_Card ex month'

2023-02-15 21:50:29 - [TEST_STEP][PASSED] - setText(findTestObject("Object Repository/RecAndPlayBk/Page-Vlink-CC-Credit/input_Card ex year"), ""): Text '' is set on object 'Object Repository/RecAndPlayBk/Page-Vlink-CC-Credit/input_Card ex year'

2023-02-15 21:50:30 - [MESSAGE][PASSED] - Text '' is set on object 'Object Repository/RecAndPlayBk/Page-Vlink-CC-Credit/input_Card ex year'

2023-02-15 21:50:30 - [TEST_STEP][PASSED] - setText(findTestObject("Object Repository/RecAndPlayBk/Page-Vlink-CC-Credit/input_Track Data"), ""): Text '' is set on object 'Object Repository/RecAndPlayBk/Page-Vlink-CC-Credit/input_Track Data'

2023-02-15 21:50:31 - [MESSAGE][PASSED] - Text '' is set on object 'Object Repository/RecAndPlayBk/Page-Vlink-CC-Credit/input_Track Data'

2023-02-15 21:50:31 - [TEST_STEP][PASSED] - setText(findTestObject("Object Repository/RecAndPlayBk/Page-Vlink-CC-Credit/input_Category Code"), category): Text 'ECOM' is set on object 'Object Repository/RecAndPlayBk/Page-Vlink-CC-Credit/input_Category Code'

2023-02-15 21:50:31 - [MESSAGE][PASSED] - Text 'ECOM' is set on object 'Object Repository/RecAndPlayBk/Page-Vlink-CC-Credit/input_Category Code'

2023-02-15 21:50:31 - [TEST_STEP][PASSED] - click(findTestObject("Object Repository/RecAndPlayBk/Page-Vlink-CC-Credit/input")): Object: 'Object Repository/RecAndPlayBk/Page-Vlink-CC-Credit/input' is clicked on

2023-02-15 21:50:33 - [MESSAGE][PASSED] - Object: 'Object Repository/RecAndPlayBk/Page-Vlink-CC-Credit/input' is clicked on

2023-02-15 21:50:33 - [TEST_STEP][PASSED] - if (verifyTextPresent("Transaction approved, no errors", true)): null

2023-02-15 21:50:33 - [MESSAGE][PASSED] - Text 'Transaction approved, no errors' is present on page  using regular expression

2023-02-15 21:50:33 - [TEST_STEP][PASSED] - sdfo = getText(findTestObject("Object Repository/Page_VLinkReceipt/pre_STX")): Text of object 'Object Repository/Page_VLinkReceipt/pre_STX' is: '<STX>ZmLO7W2P7d0X                  12126590            0  Transaction approved, no errors                   0                                                                                    000048   <ETX>'

2023-02-15 21:50:33 - [MESSAGE][PASSED] - Text of object 'Object Repository/Page_VLinkReceipt/pre_STX' is: '<STX>ZmLO7W2P7d0X                  12126590            0  Transaction approved, no errors                   0                                                                                    000048   <ETX>'

2023-02-15 21:50:33 - [TEST_STEP][PASSED] - out.println("sdfo: " + sdfo): null

2023-02-15 21:50:33 - [TEST_STEP][PASSED] - remID = substring(5, 35).trim(): null

2023-02-15 21:50:33 - [TEST_STEP][PASSED] - out.println("remID: " + remID): null

2023-02-15 21:50:33 - [TEST_STEP][PASSED] - traxID = substring(35, 55).trim(): null

2023-02-15 21:50:33 - [TEST_STEP][PASSED] - out.println("traxID: " + traxID): null

2023-02-15 21:50:33 - [TEST_STEP][PASSED] - VLinkSaleRemID = remID: null

2023-02-15 21:50:33 - [TEST_STEP][PASSED] - VLinkSaleTranxID = traxID: null

2023-02-15 21:50:33 - [TEST_STEP][PASSED] - openBrowser(VLinkURL + "CC_void.html"): Browser is opened with url: 'https://dev-algorithm.govolution.com/vlinktest/QA/version_2_0/CC_void.html'

2023-02-15 21:50:33 - [MESSAGE][WARNING] - A browser is already opened. Closing browser and opening a new one

2023-02-15 21:50:34 - [MESSAGE][INFO] - Starting 'Chrome' driver

2023-02-15 21:50:34 - [MESSAGE][INFO] - User set preference: ['acceptInsecureCerts', 'true']

2023-02-15 21:50:34 - [MESSAGE][INFO] - Action delay is set to 0 milliseconds

2023-02-15 21:50:36 - [MESSAGE][PASSED] - Browser is opened with url: 'https://dev-algorithm.govolution.com/vlinktest/QA/version_2_0/CC_void.html'

2023-02-15 21:50:36 - [TEST_STEP][PASSED] - maximizeWindow(): Current window maximized

2023-02-15 21:50:37 - [MESSAGE][PASSED] - Current window maximized

2023-02-15 21:50:37 - [TEST_STEP][PASSED] - setText(findTestObject("Object Repository/RecAndPlayBk/Page-Vlink-CC-Void/txt_RemID"), VLinkSaleRemID): Text 'ZmLO7W2P7d0X' is set on object 'Object Repository/RecAndPlayBk/Page-Vlink-CC-Void/txt_RemID'

2023-02-15 21:50:38 - [MESSAGE][PASSED] - Text 'ZmLO7W2P7d0X' is set on object 'Object Repository/RecAndPlayBk/Page-Vlink-CC-Void/txt_RemID'

2023-02-15 21:50:38 - [TEST_STEP][PASSED] - setText(findTestObject("Object Repository/RecAndPlayBk/Page-Vlink-CC-Void/txt_ApplicationID"), appID): Text '581' is set on object 'Object Repository/RecAndPlayBk/Page-Vlink-CC-Void/txt_ApplicationID'

2023-02-15 21:50:38 - [MESSAGE][PASSED] - Text '581' is set on object 'Object Repository/RecAndPlayBk/Page-Vlink-CC-Void/txt_ApplicationID'

2023-02-15 21:50:38 - [TEST_STEP][PASSED] - setText(findTestObject("Object Repository/RecAndPlayBk/Page-Vlink-CC-Void/txt_Username"), username): Text 'usr581' is set on object 'Object Repository/RecAndPlayBk/Page-Vlink-CC-Void/txt_Username'

2023-02-15 21:50:39 - [MESSAGE][PASSED] - Text 'usr581' is set on object 'Object Repository/RecAndPlayBk/Page-Vlink-CC-Void/txt_Username'

2023-02-15 21:50:39 - [TEST_STEP][PASSED] - setText(findTestObject("Object Repository/RecAndPlayBk/Page-Vlink-CC-Void/txt_Password"), password): Text 'pwd581' is set on object 'Object Repository/RecAndPlayBk/Page-Vlink-CC-Void/txt_Password'

2023-02-15 21:50:40 - [MESSAGE][PASSED] - Text 'pwd581' is set on object 'Object Repository/RecAndPlayBk/Page-Vlink-CC-Void/txt_Password'

2023-02-15 21:50:40 - [TEST_STEP][PASSED] - setText(findTestObject("Object Repository/RecAndPlayBk/Page-Vlink-CC-Void/txt_TransactionID"), VLinkSaleTranxID): Text '12126590' is set on object 'Object Repository/RecAndPlayBk/Page-Vlink-CC-Void/txt_TransactionID'

2023-02-15 21:50:40 - [MESSAGE][PASSED] - Text '12126590' is set on object 'Object Repository/RecAndPlayBk/Page-Vlink-CC-Void/txt_TransactionID'

2023-02-15 21:50:40 - [TEST_STEP][PASSED] - setText(findTestObject("Object Repository/RecAndPlayBk/Page-Vlink-CC-Void/txt_OriginalTransactionType"), "104"): Text '104' is set on object 'Object Repository/RecAndPlayBk/Page-Vlink-CC-Void/txt_OriginalTransactionType'

2023-02-15 21:50:41 - [MESSAGE][PASSED] - Text '104' is set on object 'Object Repository/RecAndPlayBk/Page-Vlink-CC-Void/txt_OriginalTransactionType'

2023-02-15 21:50:41 - [TEST_STEP][PASSED] - setText(findTestObject("Object Repository/RecAndPlayBk/Page-Vlink-CC-Void/txt_TrackData"), ""): Text '' is set on object 'Object Repository/RecAndPlayBk/Page-Vlink-CC-Void/txt_TrackData'

2023-02-15 21:50:42 - [MESSAGE][PASSED] - Text '' is set on object 'Object Repository/RecAndPlayBk/Page-Vlink-CC-Void/txt_TrackData'

2023-02-15 21:50:42 - [TEST_STEP][PASSED] - click(findTestObject("Object Repository/RecAndPlayBk/Page-Vlink-CC-Void/btn_ProcessVLinkTransaction")): Object: 'Object Repository/RecAndPlayBk/Page-Vlink-CC-Void/btn_ProcessVLinkTransaction' is clicked on

2023-02-15 21:50:43 - [MESSAGE][PASSED] - Object: 'Object Repository/RecAndPlayBk/Page-Vlink-CC-Void/btn_ProcessVLinkTransaction' is clicked on

2023-02-15 21:50:43 - [TEST_STEP][PASSED] - if (verifyTextPresent("Transaction approved, no errors", true)): null

2023-02-15 21:50:43 - [MESSAGE][PASSED] - Text 'Transaction approved, no errors' is present on page  using regular expression

2023-02-15 21:50:43 - [TEST_STEP][PASSED] - println("Transaction Approved, no errors text is present on the Confirmation page"): null

2023-02-15 21:50:43 - [TEST_STEP][PASSED] - out.println("Pass Record Number: " + row): null

2023-02-15 21:50:43 - [TEST_STEP][PASSED] - resText = "Pass": null

2023-02-15 21:50:43 - [TEST_STEP][PASSED] - pages.WriteExcel.demoKey(resText, datText, resColumn, datCloumn, fileLoc, nameSheet, row): pages.WriteExcel.demoKey is PASSED

2023-02-15 21:50:44 - [MESSAGE][PASSED] - pages.WriteExcel.demoKey is PASSED]]></system-out>
         <system-err><![CDATA[2023-02-15 21:47:58 - [TEST_CASE][FAILED] - Test Cases/RecAndPlayBk/VLink/Sale-Credit-Void: Test Cases/RecAndPlayBk/VLink/Sale-Credit-Void FAILED.
Reason:
com.kms.katalon.core.exception.StepFailedException: Text 'Transaction approved, no errors' is not present on page  using regular expression (Root cause: com.kms.katalon.core.exception.StepFailedException: Text 'Transaction approved, no errors' is not present on page  using regular expression
	at com.kms.katalon.core.webui.keyword.internal.WebUIKeywordMain.stepFailed(WebUIKeywordMain.groovy:64)
	at com.kms.katalon.core.webui.keyword.builtin.VerifyTextPresentKeyword$_verifyTextPresent_closure1.doCall(VerifyTextPresentKeyword.groovy:79)
	at com.kms.katalon.core.webui.keyword.builtin.VerifyTextPresentKeyword$_verifyTextPresent_closure1.call(VerifyTextPresentKeyword.groovy)
	at com.kms.katalon.core.webui.keyword.internal.WebUIKeywordMain.runKeyword(WebUIKeywordMain.groovy:20)
	at com.kms.katalon.core.webui.keyword.builtin.VerifyTextPresentKeyword.verifyTextPresent(VerifyTextPresentKeyword.groovy:83)
	at com.kms.katalon.core.webui.keyword.builtin.VerifyTextPresentKeyword.execute(VerifyTextPresentKeyword.groovy:68)
	at com.kms.katalon.core.keyword.internal.KeywordExecutor.executeKeywordForPlatform(KeywordExecutor.groovy:74)
	at com.kms.katalon.core.webui.keyword.WebUiBuiltInKeywords.verifyTextPresent(WebUiBuiltInKeywords.groovy:1723)
	at com.kms.katalon.core.webui.keyword.WebUiBuiltInKeywords$verifyTextPresent$4.call(Unknown Source)
	at Sale-Credit-Void.run(Sale-Credit-Void:155)
	at com.kms.katalon.core.main.ScriptEngine.run(ScriptEngine.java:194)
	at com.kms.katalon.core.main.ScriptEngine.runScriptAsRawText(ScriptEngine.java:119)
	at com.kms.katalon.core.main.TestCaseExecutor.runScript(TestCaseExecutor.java:442)
	at com.kms.katalon.core.main.TestCaseExecutor.doExecute(TestCaseExecutor.java:433)
	at com.kms.katalon.core.main.TestCaseExecutor.processExecutionPhase(TestCaseExecutor.java:412)
	at com.kms.katalon.core.main.TestCaseExecutor.accessMainPhase(TestCaseExecutor.java:404)
	at com.kms.katalon.core.main.TestCaseExecutor.execute(TestCaseExecutor.java:281)
	at com.kms.katalon.core.main.TestSuiteExecutor.accessTestCaseMainPhase(TestSuiteExecutor.java:202)
	at com.kms.katalon.core.main.TestSuiteExecutor.accessTestSuiteMainPhase(TestSuiteExecutor.java:164)
	at com.kms.katalon.core.main.TestSuiteExecutor.execute(TestSuiteExecutor.java:105)
	at com.kms.katalon.core.main.TestCaseMain.startTestSuite(TestCaseMain.java:185)
	at com.kms.katalon.core.main.TestCaseMain$startTestSuite$0.call(Unknown Source)
	at TempTestSuite1676514794135.run(TempTestSuite1676514794135.groovy:36)
)
	at com.kms.katalon.core.keyword.internal.KeywordMain.stepFailed(KeywordMain.groovy:39)
	at com.kms.katalon.core.webui.keyword.internal.WebUIKeywordMain.stepFailed(WebUIKeywordMain.groovy:64)
	at com.kms.katalon.core.webui.keyword.builtin.VerifyTextPresentKeyword$_verifyTextPresent_closure1.doCall(VerifyTextPresentKeyword.groovy:79)
	at com.kms.katalon.core.webui.keyword.builtin.VerifyTextPresentKeyword$_verifyTextPresent_closure1.call(VerifyTextPresentKeyword.groovy)
	at com.kms.katalon.core.webui.keyword.internal.WebUIKeywordMain.runKeyword(WebUIKeywordMain.groovy:20)
	at com.kms.katalon.core.webui.keyword.builtin.VerifyTextPresentKeyword.verifyTextPresent(VerifyTextPresentKeyword.groovy:83)
	at com.kms.katalon.core.webui.keyword.builtin.VerifyTextPresentKeyword.execute(VerifyTextPresentKeyword.groovy:68)
	at com.kms.katalon.core.keyword.internal.KeywordExecutor.executeKeywordForPlatform(KeywordExecutor.groovy:74)
	at com.kms.katalon.core.webui.keyword.WebUiBuiltInKeywords.verifyTextPresent(WebUiBuiltInKeywords.groovy:1723)
	at com.kms.katalon.core.webui.keyword.WebUiBuiltInKeywords$verifyTextPresent$4.call(Unknown Source)
	at Sale-Credit-Void.run(Sale-Credit-Void:155)
	at com.kms.katalon.core.main.ScriptEngine.run(ScriptEngine.java:194)
	at com.kms.katalon.core.main.ScriptEngine.runScriptAsRawText(ScriptEngine.java:119)
	at com.kms.katalon.core.main.TestCaseExecutor.runScript(TestCaseExecutor.java:442)
	at com.kms.katalon.core.main.TestCaseExecutor.doExecute(TestCaseExecutor.java:433)
	at com.kms.katalon.core.main.TestCaseExecutor.processExecutionPhase(TestCaseExecutor.java:412)
	at com.kms.katalon.core.main.TestCaseExecutor.accessMainPhase(TestCaseExecutor.java:404)
	at com.kms.katalon.core.main.TestCaseExecutor.execute(TestCaseExecutor.java:281)
	at com.kms.katalon.core.main.TestSuiteExecutor.accessTestCaseMainPhase(TestSuiteExecutor.java:202)
	at com.kms.katalon.core.main.TestSuiteExecutor.accessTestSuiteMainPhase(TestSuiteExecutor.java:164)
	at com.kms.katalon.core.main.TestSuiteExecutor.execute(TestSuiteExecutor.java:105)
	at com.kms.katalon.core.main.TestCaseMain.startTestSuite(TestCaseMain.java:185)
	at com.kms.katalon.core.main.TestCaseMain$startTestSuite$0.call(Unknown Source)
	at TempTestSuite1676514794135.run(TempTestSuite1676514794135.groovy:36)
Caused by: com.kms.katalon.core.exception.StepFailedException: Text 'Transaction approved, no errors' is not present on page  using regular expression
	... 23 more]]></system-err>
      </testcase>
      <testcase name="Test Cases/RecAndPlayBk/VLink/Auth-Cap-Void" time="7.785" classname="Test Cases/RecAndPlayBk/VLink/Auth-Cap-Void" status="ERROR">
         <error type="ERROR" message="Test Cases/RecAndPlayBk/VLink/Auth-Cap-Void FAILED.
Reason:
java.lang.ClassFormatError: Illegal method name &quot;adminSuiteBootstrap.debitCorporatesetData.debitCorporate_DataDriven&quot; in class CustomKeywords
	at com.kms.katalon.core.main.ScriptEngine.getScript(ScriptEngine.java:199)
	at com.kms.katalon.core.main.ScriptEngine.run(ScriptEngine.java:194)
	at com.kms.katalon.core.main.ScriptEngine.runScriptAsRawText(ScriptEngine.java:119)
	at com.kms.katalon.core.main.TestCaseExecutor.runScript(TestCaseExecutor.java:442)
	at com.kms.katalon.core.main.TestCaseExecutor.doExecute(TestCaseExecutor.java:433)
	at com.kms.katalon.core.main.TestCaseExecutor.processExecutionPhase(TestCaseExecutor.java:412)
	at com.kms.katalon.core.main.TestCaseExecutor.accessMainPhase(TestCaseExecutor.java:404)
	at com.kms.katalon.core.main.TestCaseExecutor.execute(TestCaseExecutor.java:281)
	at com.kms.katalon.core.main.TestSuiteExecutor.accessTestCaseMainPhase(TestSuiteExecutor.java:202)
	at com.kms.katalon.core.main.TestSuiteExecutor.accessTestSuiteMainPhase(TestSuiteExecutor.java:164)
	at com.kms.katalon.core.main.TestSuiteExecutor.execute(TestSuiteExecutor.java:105)
	at com.kms.katalon.core.main.TestCaseMain.startTestSuite(TestCaseMain.java:185)
	at com.kms.katalon.core.main.TestCaseMain$startTestSuite$0.call(Unknown Source)
	at TempTestSuite1676514794135.run(TempTestSuite1676514794135.groovy:36)
"/>
         <system-out><![CDATA[2023-02-15 21:50:44 - [TEST_CASE][ERROR] - Test Cases/RecAndPlayBk/VLink/Auth-Cap-Void: Test Cases/RecAndPlayBk/VLink/Auth-Cap-Void FAILED.
Reason:
java.lang.ClassFormatError: Illegal method name "adminSuiteBootstrap.debitCorporatesetData.debitCorporate_DataDriven" in class CustomKeywords
	at com.kms.katalon.core.main.ScriptEngine.getScript(ScriptEngine.java:199)
	at com.kms.katalon.core.main.ScriptEngine.run(ScriptEngine.java:194)
	at com.kms.katalon.core.main.ScriptEngine.runScriptAsRawText(ScriptEngine.java:119)
	at com.kms.katalon.core.main.TestCaseExecutor.runScript(TestCaseExecutor.java:442)
	at com.kms.katalon.core.main.TestCaseExecutor.doExecute(TestCaseExecutor.java:433)
	at com.kms.katalon.core.main.TestCaseExecutor.processExecutionPhase(TestCaseExecutor.java:412)
	at com.kms.katalon.core.main.TestCaseExecutor.accessMainPhase(TestCaseExecutor.java:404)
	at com.kms.katalon.core.main.TestCaseExecutor.execute(TestCaseExecutor.java:281)
	at com.kms.katalon.core.main.TestSuiteExecutor.accessTestCaseMainPhase(TestSuiteExecutor.java:202)
	at com.kms.katalon.core.main.TestSuiteExecutor.accessTestSuiteMainPhase(TestSuiteExecutor.java:164)
	at com.kms.katalon.core.main.TestSuiteExecutor.execute(TestSuiteExecutor.java:105)
	at com.kms.katalon.core.main.TestCaseMain.startTestSuite(TestCaseMain.java:185)
	at com.kms.katalon.core.main.TestCaseMain$startTestSuite$0.call(Unknown Source)
	at TempTestSuite1676514794135.run(TempTestSuite1676514794135.groovy:36)]]></system-out>
         <system-err><![CDATA[2023-02-15 21:50:44 - [TEST_CASE][ERROR] - Test Cases/RecAndPlayBk/VLink/Auth-Cap-Void: Test Cases/RecAndPlayBk/VLink/Auth-Cap-Void FAILED.
Reason:
java.lang.ClassFormatError: Illegal method name "adminSuiteBootstrap.debitCorporatesetData.debitCorporate_DataDriven" in class CustomKeywords
	at com.kms.katalon.core.main.ScriptEngine.getScript(ScriptEngine.java:199)
	at com.kms.katalon.core.main.ScriptEngine.run(ScriptEngine.java:194)
	at com.kms.katalon.core.main.ScriptEngine.runScriptAsRawText(ScriptEngine.java:119)
	at com.kms.katalon.core.main.TestCaseExecutor.runScript(TestCaseExecutor.java:442)
	at com.kms.katalon.core.main.TestCaseExecutor.doExecute(TestCaseExecutor.java:433)
	at com.kms.katalon.core.main.TestCaseExecutor.processExecutionPhase(TestCaseExecutor.java:412)
	at com.kms.katalon.core.main.TestCaseExecutor.accessMainPhase(TestCaseExecutor.java:404)
	at com.kms.katalon.core.main.TestCaseExecutor.execute(TestCaseExecutor.java:281)
	at com.kms.katalon.core.main.TestSuiteExecutor.accessTestCaseMainPhase(TestSuiteExecutor.java:202)
	at com.kms.katalon.core.main.TestSuiteExecutor.accessTestSuiteMainPhase(TestSuiteExecutor.java:164)
	at com.kms.katalon.core.main.TestSuiteExecutor.execute(TestSuiteExecutor.java:105)
	at com.kms.katalon.core.main.TestCaseMain.startTestSuite(TestCaseMain.java:185)
	at com.kms.katalon.core.main.TestCaseMain$startTestSuite$0.call(Unknown Source)
	at TempTestSuite1676514794135.run(TempTestSuite1676514794135.groovy:36)]]></system-err>
      </testcase>
      <testcase name="Test Cases/RecAndPlayBk/VLink/Auth-Cap-Credit" time="1.154" classname="Test Cases/RecAndPlayBk/VLink/Auth-Cap-Credit" status="ERROR">
         <error type="ERROR" message="Test Cases/RecAndPlayBk/VLink/Auth-Cap-Credit FAILED.
Reason:
java.lang.ClassFormatError: Illegal method name &quot;adminSuiteBootstrap.debitCorporatesetData.debitCorporate_DataDriven&quot; in class CustomKeywords
	at com.kms.katalon.core.main.ScriptEngine.getScript(ScriptEngine.java:199)
	at com.kms.katalon.core.main.ScriptEngine.run(ScriptEngine.java:194)
	at com.kms.katalon.core.main.ScriptEngine.runScriptAsRawText(ScriptEngine.java:119)
	at com.kms.katalon.core.main.TestCaseExecutor.runScript(TestCaseExecutor.java:442)
	at com.kms.katalon.core.main.TestCaseExecutor.doExecute(TestCaseExecutor.java:433)
	at com.kms.katalon.core.main.TestCaseExecutor.processExecutionPhase(TestCaseExecutor.java:412)
	at com.kms.katalon.core.main.TestCaseExecutor.accessMainPhase(TestCaseExecutor.java:404)
	at com.kms.katalon.core.main.TestCaseExecutor.execute(TestCaseExecutor.java:281)
	at com.kms.katalon.core.main.TestSuiteExecutor.accessTestCaseMainPhase(TestSuiteExecutor.java:202)
	at com.kms.katalon.core.main.TestSuiteExecutor.accessTestSuiteMainPhase(TestSuiteExecutor.java:164)
	at com.kms.katalon.core.main.TestSuiteExecutor.execute(TestSuiteExecutor.java:105)
	at com.kms.katalon.core.main.TestCaseMain.startTestSuite(TestCaseMain.java:185)
	at com.kms.katalon.core.main.TestCaseMain$startTestSuite$0.call(Unknown Source)
	at TempTestSuite1676514794135.run(TempTestSuite1676514794135.groovy:36)
"/>
         <system-out><![CDATA[2023-02-15 21:50:51 - [TEST_CASE][ERROR] - Test Cases/RecAndPlayBk/VLink/Auth-Cap-Credit: Test Cases/RecAndPlayBk/VLink/Auth-Cap-Credit FAILED.
Reason:
java.lang.ClassFormatError: Illegal method name "adminSuiteBootstrap.debitCorporatesetData.debitCorporate_DataDriven" in class CustomKeywords
	at com.kms.katalon.core.main.ScriptEngine.getScript(ScriptEngine.java:199)
	at com.kms.katalon.core.main.ScriptEngine.run(ScriptEngine.java:194)
	at com.kms.katalon.core.main.ScriptEngine.runScriptAsRawText(ScriptEngine.java:119)
	at com.kms.katalon.core.main.TestCaseExecutor.runScript(TestCaseExecutor.java:442)
	at com.kms.katalon.core.main.TestCaseExecutor.doExecute(TestCaseExecutor.java:433)
	at com.kms.katalon.core.main.TestCaseExecutor.processExecutionPhase(TestCaseExecutor.java:412)
	at com.kms.katalon.core.main.TestCaseExecutor.accessMainPhase(TestCaseExecutor.java:404)
	at com.kms.katalon.core.main.TestCaseExecutor.execute(TestCaseExecutor.java:281)
	at com.kms.katalon.core.main.TestSuiteExecutor.accessTestCaseMainPhase(TestSuiteExecutor.java:202)
	at com.kms.katalon.core.main.TestSuiteExecutor.accessTestSuiteMainPhase(TestSuiteExecutor.java:164)
	at com.kms.katalon.core.main.TestSuiteExecutor.execute(TestSuiteExecutor.java:105)
	at com.kms.katalon.core.main.TestCaseMain.startTestSuite(TestCaseMain.java:185)
	at com.kms.katalon.core.main.TestCaseMain$startTestSuite$0.call(Unknown Source)
	at TempTestSuite1676514794135.run(TempTestSuite1676514794135.groovy:36)]]></system-out>
         <system-err><![CDATA[2023-02-15 21:50:51 - [TEST_CASE][ERROR] - Test Cases/RecAndPlayBk/VLink/Auth-Cap-Credit: Test Cases/RecAndPlayBk/VLink/Auth-Cap-Credit FAILED.
Reason:
java.lang.ClassFormatError: Illegal method name "adminSuiteBootstrap.debitCorporatesetData.debitCorporate_DataDriven" in class CustomKeywords
	at com.kms.katalon.core.main.ScriptEngine.getScript(ScriptEngine.java:199)
	at com.kms.katalon.core.main.ScriptEngine.run(ScriptEngine.java:194)
	at com.kms.katalon.core.main.ScriptEngine.runScriptAsRawText(ScriptEngine.java:119)
	at com.kms.katalon.core.main.TestCaseExecutor.runScript(TestCaseExecutor.java:442)
	at com.kms.katalon.core.main.TestCaseExecutor.doExecute(TestCaseExecutor.java:433)
	at com.kms.katalon.core.main.TestCaseExecutor.processExecutionPhase(TestCaseExecutor.java:412)
	at com.kms.katalon.core.main.TestCaseExecutor.accessMainPhase(TestCaseExecutor.java:404)
	at com.kms.katalon.core.main.TestCaseExecutor.execute(TestCaseExecutor.java:281)
	at com.kms.katalon.core.main.TestSuiteExecutor.accessTestCaseMainPhase(TestSuiteExecutor.java:202)
	at com.kms.katalon.core.main.TestSuiteExecutor.accessTestSuiteMainPhase(TestSuiteExecutor.java:164)
	at com.kms.katalon.core.main.TestSuiteExecutor.execute(TestSuiteExecutor.java:105)
	at com.kms.katalon.core.main.TestCaseMain.startTestSuite(TestCaseMain.java:185)
	at com.kms.katalon.core.main.TestCaseMain$startTestSuite$0.call(Unknown Source)
	at TempTestSuite1676514794135.run(TempTestSuite1676514794135.groovy:36)]]></system-err>
      </testcase>
      <testcase name="Test Cases/RecAndPlayBk/VLink/Sale-Encrypted" time="1.059" classname="Test Cases/RecAndPlayBk/VLink/Sale-Encrypted" status="ERROR">
         <error type="ERROR" message="Test Cases/RecAndPlayBk/VLink/Sale-Encrypted FAILED.
Reason:
java.lang.ClassFormatError: Illegal method name &quot;adminSuiteBootstrap.debitCorporatesetData.debitCorporate_DataDriven&quot; in class CustomKeywords
	at com.kms.katalon.core.main.ScriptEngine.getScript(ScriptEngine.java:199)
	at com.kms.katalon.core.main.ScriptEngine.run(ScriptEngine.java:194)
	at com.kms.katalon.core.main.ScriptEngine.runScriptAsRawText(ScriptEngine.java:119)
	at com.kms.katalon.core.main.TestCaseExecutor.runScript(TestCaseExecutor.java:442)
	at com.kms.katalon.core.main.TestCaseExecutor.doExecute(TestCaseExecutor.java:433)
	at com.kms.katalon.core.main.TestCaseExecutor.processExecutionPhase(TestCaseExecutor.java:412)
	at com.kms.katalon.core.main.TestCaseExecutor.accessMainPhase(TestCaseExecutor.java:404)
	at com.kms.katalon.core.main.TestCaseExecutor.execute(TestCaseExecutor.java:281)
	at com.kms.katalon.core.main.TestSuiteExecutor.accessTestCaseMainPhase(TestSuiteExecutor.java:202)
	at com.kms.katalon.core.main.TestSuiteExecutor.accessTestSuiteMainPhase(TestSuiteExecutor.java:164)
	at com.kms.katalon.core.main.TestSuiteExecutor.execute(TestSuiteExecutor.java:105)
	at com.kms.katalon.core.main.TestCaseMain.startTestSuite(TestCaseMain.java:185)
	at com.kms.katalon.core.main.TestCaseMain$startTestSuite$0.call(Unknown Source)
	at TempTestSuite1676514794135.run(TempTestSuite1676514794135.groovy:36)
"/>
         <system-out><![CDATA[2023-02-15 21:50:53 - [TEST_CASE][ERROR] - Test Cases/RecAndPlayBk/VLink/Sale-Encrypted: Test Cases/RecAndPlayBk/VLink/Sale-Encrypted FAILED.
Reason:
java.lang.ClassFormatError: Illegal method name "adminSuiteBootstrap.debitCorporatesetData.debitCorporate_DataDriven" in class CustomKeywords
	at com.kms.katalon.core.main.ScriptEngine.getScript(ScriptEngine.java:199)
	at com.kms.katalon.core.main.ScriptEngine.run(ScriptEngine.java:194)
	at com.kms.katalon.core.main.ScriptEngine.runScriptAsRawText(ScriptEngine.java:119)
	at com.kms.katalon.core.main.TestCaseExecutor.runScript(TestCaseExecutor.java:442)
	at com.kms.katalon.core.main.TestCaseExecutor.doExecute(TestCaseExecutor.java:433)
	at com.kms.katalon.core.main.TestCaseExecutor.processExecutionPhase(TestCaseExecutor.java:412)
	at com.kms.katalon.core.main.TestCaseExecutor.accessMainPhase(TestCaseExecutor.java:404)
	at com.kms.katalon.core.main.TestCaseExecutor.execute(TestCaseExecutor.java:281)
	at com.kms.katalon.core.main.TestSuiteExecutor.accessTestCaseMainPhase(TestSuiteExecutor.java:202)
	at com.kms.katalon.core.main.TestSuiteExecutor.accessTestSuiteMainPhase(TestSuiteExecutor.java:164)
	at com.kms.katalon.core.main.TestSuiteExecutor.execute(TestSuiteExecutor.java:105)
	at com.kms.katalon.core.main.TestCaseMain.startTestSuite(TestCaseMain.java:185)
	at com.kms.katalon.core.main.TestCaseMain$startTestSuite$0.call(Unknown Source)
	at TempTestSuite1676514794135.run(TempTestSuite1676514794135.groovy:36)]]></system-out>
         <system-err><![CDATA[2023-02-15 21:50:53 - [TEST_CASE][ERROR] - Test Cases/RecAndPlayBk/VLink/Sale-Encrypted: Test Cases/RecAndPlayBk/VLink/Sale-Encrypted FAILED.
Reason:
java.lang.ClassFormatError: Illegal method name "adminSuiteBootstrap.debitCorporatesetData.debitCorporate_DataDriven" in class CustomKeywords
	at com.kms.katalon.core.main.ScriptEngine.getScript(ScriptEngine.java:199)
	at com.kms.katalon.core.main.ScriptEngine.run(ScriptEngine.java:194)
	at com.kms.katalon.core.main.ScriptEngine.runScriptAsRawText(ScriptEngine.java:119)
	at com.kms.katalon.core.main.TestCaseExecutor.runScript(TestCaseExecutor.java:442)
	at com.kms.katalon.core.main.TestCaseExecutor.doExecute(TestCaseExecutor.java:433)
	at com.kms.katalon.core.main.TestCaseExecutor.processExecutionPhase(TestCaseExecutor.java:412)
	at com.kms.katalon.core.main.TestCaseExecutor.accessMainPhase(TestCaseExecutor.java:404)
	at com.kms.katalon.core.main.TestCaseExecutor.execute(TestCaseExecutor.java:281)
	at com.kms.katalon.core.main.TestSuiteExecutor.accessTestCaseMainPhase(TestSuiteExecutor.java:202)
	at com.kms.katalon.core.main.TestSuiteExecutor.accessTestSuiteMainPhase(TestSuiteExecutor.java:164)
	at com.kms.katalon.core.main.TestSuiteExecutor.execute(TestSuiteExecutor.java:105)
	at com.kms.katalon.core.main.TestCaseMain.startTestSuite(TestCaseMain.java:185)
	at com.kms.katalon.core.main.TestCaseMain$startTestSuite$0.call(Unknown Source)
	at TempTestSuite1676514794135.run(TempTestSuite1676514794135.groovy:36)]]></system-err>
      </testcase>
      <testcase name="Test Cases/RecAndPlayBk/VLink/Sale-MRF" time="0.931" classname="Test Cases/RecAndPlayBk/VLink/Sale-MRF" status="ERROR">
         <error type="ERROR" message="Test Cases/RecAndPlayBk/VLink/Sale-MRF FAILED.
Reason:
java.lang.ClassFormatError: Illegal method name &quot;adminSuiteBootstrap.debitCorporatesetData.debitCorporate_DataDriven&quot; in class CustomKeywords
	at com.kms.katalon.core.main.ScriptEngine.getScript(ScriptEngine.java:199)
	at com.kms.katalon.core.main.ScriptEngine.run(ScriptEngine.java:194)
	at com.kms.katalon.core.main.ScriptEngine.runScriptAsRawText(ScriptEngine.java:119)
	at com.kms.katalon.core.main.TestCaseExecutor.runScript(TestCaseExecutor.java:442)
	at com.kms.katalon.core.main.TestCaseExecutor.doExecute(TestCaseExecutor.java:433)
	at com.kms.katalon.core.main.TestCaseExecutor.processExecutionPhase(TestCaseExecutor.java:412)
	at com.kms.katalon.core.main.TestCaseExecutor.accessMainPhase(TestCaseExecutor.java:404)
	at com.kms.katalon.core.main.TestCaseExecutor.execute(TestCaseExecutor.java:281)
	at com.kms.katalon.core.main.TestSuiteExecutor.accessTestCaseMainPhase(TestSuiteExecutor.java:202)
	at com.kms.katalon.core.main.TestSuiteExecutor.accessTestSuiteMainPhase(TestSuiteExecutor.java:164)
	at com.kms.katalon.core.main.TestSuiteExecutor.execute(TestSuiteExecutor.java:105)
	at com.kms.katalon.core.main.TestCaseMain.startTestSuite(TestCaseMain.java:185)
	at com.kms.katalon.core.main.TestCaseMain$startTestSuite$0.call(Unknown Source)
	at TempTestSuite1676514794135.run(TempTestSuite1676514794135.groovy:36)
"/>
         <system-out><![CDATA[2023-02-15 21:50:54 - [TEST_CASE][ERROR] - Test Cases/RecAndPlayBk/VLink/Sale-MRF: Test Cases/RecAndPlayBk/VLink/Sale-MRF FAILED.
Reason:
java.lang.ClassFormatError: Illegal method name "adminSuiteBootstrap.debitCorporatesetData.debitCorporate_DataDriven" in class CustomKeywords
	at com.kms.katalon.core.main.ScriptEngine.getScript(ScriptEngine.java:199)
	at com.kms.katalon.core.main.ScriptEngine.run(ScriptEngine.java:194)
	at com.kms.katalon.core.main.ScriptEngine.runScriptAsRawText(ScriptEngine.java:119)
	at com.kms.katalon.core.main.TestCaseExecutor.runScript(TestCaseExecutor.java:442)
	at com.kms.katalon.core.main.TestCaseExecutor.doExecute(TestCaseExecutor.java:433)
	at com.kms.katalon.core.main.TestCaseExecutor.processExecutionPhase(TestCaseExecutor.java:412)
	at com.kms.katalon.core.main.TestCaseExecutor.accessMainPhase(TestCaseExecutor.java:404)
	at com.kms.katalon.core.main.TestCaseExecutor.execute(TestCaseExecutor.java:281)
	at com.kms.katalon.core.main.TestSuiteExecutor.accessTestCaseMainPhase(TestSuiteExecutor.java:202)
	at com.kms.katalon.core.main.TestSuiteExecutor.accessTestSuiteMainPhase(TestSuiteExecutor.java:164)
	at com.kms.katalon.core.main.TestSuiteExecutor.execute(TestSuiteExecutor.java:105)
	at com.kms.katalon.core.main.TestCaseMain.startTestSuite(TestCaseMain.java:185)
	at com.kms.katalon.core.main.TestCaseMain$startTestSuite$0.call(Unknown Source)
	at TempTestSuite1676514794135.run(TempTestSuite1676514794135.groovy:36)]]></system-out>
         <system-err><![CDATA[2023-02-15 21:50:54 - [TEST_CASE][ERROR] - Test Cases/RecAndPlayBk/VLink/Sale-MRF: Test Cases/RecAndPlayBk/VLink/Sale-MRF FAILED.
Reason:
java.lang.ClassFormatError: Illegal method name "adminSuiteBootstrap.debitCorporatesetData.debitCorporate_DataDriven" in class CustomKeywords
	at com.kms.katalon.core.main.ScriptEngine.getScript(ScriptEngine.java:199)
	at com.kms.katalon.core.main.ScriptEngine.run(ScriptEngine.java:194)
	at com.kms.katalon.core.main.ScriptEngine.runScriptAsRawText(ScriptEngine.java:119)
	at com.kms.katalon.core.main.TestCaseExecutor.runScript(TestCaseExecutor.java:442)
	at com.kms.katalon.core.main.TestCaseExecutor.doExecute(TestCaseExecutor.java:433)
	at com.kms.katalon.core.main.TestCaseExecutor.processExecutionPhase(TestCaseExecutor.java:412)
	at com.kms.katalon.core.main.TestCaseExecutor.accessMainPhase(TestCaseExecutor.java:404)
	at com.kms.katalon.core.main.TestCaseExecutor.execute(TestCaseExecutor.java:281)
	at com.kms.katalon.core.main.TestSuiteExecutor.accessTestCaseMainPhase(TestSuiteExecutor.java:202)
	at com.kms.katalon.core.main.TestSuiteExecutor.accessTestSuiteMainPhase(TestSuiteExecutor.java:164)
	at com.kms.katalon.core.main.TestSuiteExecutor.execute(TestSuiteExecutor.java:105)
	at com.kms.katalon.core.main.TestCaseMain.startTestSuite(TestCaseMain.java:185)
	at com.kms.katalon.core.main.TestCaseMain$startTestSuite$0.call(Unknown Source)
	at TempTestSuite1676514794135.run(TempTestSuite1676514794135.groovy:36)]]></system-err>
      </testcase>
      <testcase name="Test Cases/RecAndPlayBk/VLink/Auth-MRF" time="0.937" classname="Test Cases/RecAndPlayBk/VLink/Auth-MRF" status="ERROR">
         <error type="ERROR" message="Test Cases/RecAndPlayBk/VLink/Auth-MRF FAILED.
Reason:
java.lang.ClassFormatError: Illegal method name &quot;adminSuiteBootstrap.debitCorporatesetData.debitCorporate_DataDriven&quot; in class CustomKeywords
	at com.kms.katalon.core.main.ScriptEngine.getScript(ScriptEngine.java:199)
	at com.kms.katalon.core.main.ScriptEngine.run(ScriptEngine.java:194)
	at com.kms.katalon.core.main.ScriptEngine.runScriptAsRawText(ScriptEngine.java:119)
	at com.kms.katalon.core.main.TestCaseExecutor.runScript(TestCaseExecutor.java:442)
	at com.kms.katalon.core.main.TestCaseExecutor.doExecute(TestCaseExecutor.java:433)
	at com.kms.katalon.core.main.TestCaseExecutor.processExecutionPhase(TestCaseExecutor.java:412)
	at com.kms.katalon.core.main.TestCaseExecutor.accessMainPhase(TestCaseExecutor.java:404)
	at com.kms.katalon.core.main.TestCaseExecutor.execute(TestCaseExecutor.java:281)
	at com.kms.katalon.core.main.TestSuiteExecutor.accessTestCaseMainPhase(TestSuiteExecutor.java:202)
	at com.kms.katalon.core.main.TestSuiteExecutor.accessTestSuiteMainPhase(TestSuiteExecutor.java:164)
	at com.kms.katalon.core.main.TestSuiteExecutor.execute(TestSuiteExecutor.java:105)
	at com.kms.katalon.core.main.TestCaseMain.startTestSuite(TestCaseMain.java:185)
	at com.kms.katalon.core.main.TestCaseMain$startTestSuite$0.call(Unknown Source)
	at TempTestSuite1676514794135.run(TempTestSuite1676514794135.groovy:36)
"/>
         <system-out><![CDATA[2023-02-15 21:50:55 - [TEST_CASE][ERROR] - Test Cases/RecAndPlayBk/VLink/Auth-MRF: Test Cases/RecAndPlayBk/VLink/Auth-MRF FAILED.
Reason:
java.lang.ClassFormatError: Illegal method name "adminSuiteBootstrap.debitCorporatesetData.debitCorporate_DataDriven" in class CustomKeywords
	at com.kms.katalon.core.main.ScriptEngine.getScript(ScriptEngine.java:199)
	at com.kms.katalon.core.main.ScriptEngine.run(ScriptEngine.java:194)
	at com.kms.katalon.core.main.ScriptEngine.runScriptAsRawText(ScriptEngine.java:119)
	at com.kms.katalon.core.main.TestCaseExecutor.runScript(TestCaseExecutor.java:442)
	at com.kms.katalon.core.main.TestCaseExecutor.doExecute(TestCaseExecutor.java:433)
	at com.kms.katalon.core.main.TestCaseExecutor.processExecutionPhase(TestCaseExecutor.java:412)
	at com.kms.katalon.core.main.TestCaseExecutor.accessMainPhase(TestCaseExecutor.java:404)
	at com.kms.katalon.core.main.TestCaseExecutor.execute(TestCaseExecutor.java:281)
	at com.kms.katalon.core.main.TestSuiteExecutor.accessTestCaseMainPhase(TestSuiteExecutor.java:202)
	at com.kms.katalon.core.main.TestSuiteExecutor.accessTestSuiteMainPhase(TestSuiteExecutor.java:164)
	at com.kms.katalon.core.main.TestSuiteExecutor.execute(TestSuiteExecutor.java:105)
	at com.kms.katalon.core.main.TestCaseMain.startTestSuite(TestCaseMain.java:185)
	at com.kms.katalon.core.main.TestCaseMain$startTestSuite$0.call(Unknown Source)
	at TempTestSuite1676514794135.run(TempTestSuite1676514794135.groovy:36)]]></system-out>
         <system-err><![CDATA[2023-02-15 21:50:55 - [TEST_CASE][ERROR] - Test Cases/RecAndPlayBk/VLink/Auth-MRF: Test Cases/RecAndPlayBk/VLink/Auth-MRF FAILED.
Reason:
java.lang.ClassFormatError: Illegal method name "adminSuiteBootstrap.debitCorporatesetData.debitCorporate_DataDriven" in class CustomKeywords
	at com.kms.katalon.core.main.ScriptEngine.getScript(ScriptEngine.java:199)
	at com.kms.katalon.core.main.ScriptEngine.run(ScriptEngine.java:194)
	at com.kms.katalon.core.main.ScriptEngine.runScriptAsRawText(ScriptEngine.java:119)
	at com.kms.katalon.core.main.TestCaseExecutor.runScript(TestCaseExecutor.java:442)
	at com.kms.katalon.core.main.TestCaseExecutor.doExecute(TestCaseExecutor.java:433)
	at com.kms.katalon.core.main.TestCaseExecutor.processExecutionPhase(TestCaseExecutor.java:412)
	at com.kms.katalon.core.main.TestCaseExecutor.accessMainPhase(TestCaseExecutor.java:404)
	at com.kms.katalon.core.main.TestCaseExecutor.execute(TestCaseExecutor.java:281)
	at com.kms.katalon.core.main.TestSuiteExecutor.accessTestCaseMainPhase(TestSuiteExecutor.java:202)
	at com.kms.katalon.core.main.TestSuiteExecutor.accessTestSuiteMainPhase(TestSuiteExecutor.java:164)
	at com.kms.katalon.core.main.TestSuiteExecutor.execute(TestSuiteExecutor.java:105)
	at com.kms.katalon.core.main.TestCaseMain.startTestSuite(TestCaseMain.java:185)
	at com.kms.katalon.core.main.TestCaseMain$startTestSuite$0.call(Unknown Source)
	at TempTestSuite1676514794135.run(TempTestSuite1676514794135.groovy:36)]]></system-err>
      </testcase>
      <testcase name="Test Cases/RecAndPlayBk/VLink/Cap-MRF" time="0.937" classname="Test Cases/RecAndPlayBk/VLink/Cap-MRF" status="ERROR">
         <error type="ERROR" message="Test Cases/RecAndPlayBk/VLink/Cap-MRF FAILED.
Reason:
java.lang.ClassFormatError: Illegal method name &quot;adminSuiteBootstrap.debitCorporatesetData.debitCorporate_DataDriven&quot; in class CustomKeywords
	at com.kms.katalon.core.main.ScriptEngine.getScript(ScriptEngine.java:199)
	at com.kms.katalon.core.main.ScriptEngine.run(ScriptEngine.java:194)
	at com.kms.katalon.core.main.ScriptEngine.runScriptAsRawText(ScriptEngine.java:119)
	at com.kms.katalon.core.main.TestCaseExecutor.runScript(TestCaseExecutor.java:442)
	at com.kms.katalon.core.main.TestCaseExecutor.doExecute(TestCaseExecutor.java:433)
	at com.kms.katalon.core.main.TestCaseExecutor.processExecutionPhase(TestCaseExecutor.java:412)
	at com.kms.katalon.core.main.TestCaseExecutor.accessMainPhase(TestCaseExecutor.java:404)
	at com.kms.katalon.core.main.TestCaseExecutor.execute(TestCaseExecutor.java:281)
	at com.kms.katalon.core.main.TestSuiteExecutor.accessTestCaseMainPhase(TestSuiteExecutor.java:202)
	at com.kms.katalon.core.main.TestSuiteExecutor.accessTestSuiteMainPhase(TestSuiteExecutor.java:164)
	at com.kms.katalon.core.main.TestSuiteExecutor.execute(TestSuiteExecutor.java:105)
	at com.kms.katalon.core.main.TestCaseMain.startTestSuite(TestCaseMain.java:185)
	at com.kms.katalon.core.main.TestCaseMain$startTestSuite$0.call(Unknown Source)
	at TempTestSuite1676514794135.run(TempTestSuite1676514794135.groovy:36)
"/>
         <system-out><![CDATA[2023-02-15 21:50:56 - [TEST_CASE][ERROR] - Test Cases/RecAndPlayBk/VLink/Cap-MRF: Test Cases/RecAndPlayBk/VLink/Cap-MRF FAILED.
Reason:
java.lang.ClassFormatError: Illegal method name "adminSuiteBootstrap.debitCorporatesetData.debitCorporate_DataDriven" in class CustomKeywords
	at com.kms.katalon.core.main.ScriptEngine.getScript(ScriptEngine.java:199)
	at com.kms.katalon.core.main.ScriptEngine.run(ScriptEngine.java:194)
	at com.kms.katalon.core.main.ScriptEngine.runScriptAsRawText(ScriptEngine.java:119)
	at com.kms.katalon.core.main.TestCaseExecutor.runScript(TestCaseExecutor.java:442)
	at com.kms.katalon.core.main.TestCaseExecutor.doExecute(TestCaseExecutor.java:433)
	at com.kms.katalon.core.main.TestCaseExecutor.processExecutionPhase(TestCaseExecutor.java:412)
	at com.kms.katalon.core.main.TestCaseExecutor.accessMainPhase(TestCaseExecutor.java:404)
	at com.kms.katalon.core.main.TestCaseExecutor.execute(TestCaseExecutor.java:281)
	at com.kms.katalon.core.main.TestSuiteExecutor.accessTestCaseMainPhase(TestSuiteExecutor.java:202)
	at com.kms.katalon.core.main.TestSuiteExecutor.accessTestSuiteMainPhase(TestSuiteExecutor.java:164)
	at com.kms.katalon.core.main.TestSuiteExecutor.execute(TestSuiteExecutor.java:105)
	at com.kms.katalon.core.main.TestCaseMain.startTestSuite(TestCaseMain.java:185)
	at com.kms.katalon.core.main.TestCaseMain$startTestSuite$0.call(Unknown Source)
	at TempTestSuite1676514794135.run(TempTestSuite1676514794135.groovy:36)]]></system-out>
         <system-err><![CDATA[2023-02-15 21:50:56 - [TEST_CASE][ERROR] - Test Cases/RecAndPlayBk/VLink/Cap-MRF: Test Cases/RecAndPlayBk/VLink/Cap-MRF FAILED.
Reason:
java.lang.ClassFormatError: Illegal method name "adminSuiteBootstrap.debitCorporatesetData.debitCorporate_DataDriven" in class CustomKeywords
	at com.kms.katalon.core.main.ScriptEngine.getScript(ScriptEngine.java:199)
	at com.kms.katalon.core.main.ScriptEngine.run(ScriptEngine.java:194)
	at com.kms.katalon.core.main.ScriptEngine.runScriptAsRawText(ScriptEngine.java:119)
	at com.kms.katalon.core.main.TestCaseExecutor.runScript(TestCaseExecutor.java:442)
	at com.kms.katalon.core.main.TestCaseExecutor.doExecute(TestCaseExecutor.java:433)
	at com.kms.katalon.core.main.TestCaseExecutor.processExecutionPhase(TestCaseExecutor.java:412)
	at com.kms.katalon.core.main.TestCaseExecutor.accessMainPhase(TestCaseExecutor.java:404)
	at com.kms.katalon.core.main.TestCaseExecutor.execute(TestCaseExecutor.java:281)
	at com.kms.katalon.core.main.TestSuiteExecutor.accessTestCaseMainPhase(TestSuiteExecutor.java:202)
	at com.kms.katalon.core.main.TestSuiteExecutor.accessTestSuiteMainPhase(TestSuiteExecutor.java:164)
	at com.kms.katalon.core.main.TestSuiteExecutor.execute(TestSuiteExecutor.java:105)
	at com.kms.katalon.core.main.TestCaseMain.startTestSuite(TestCaseMain.java:185)
	at com.kms.katalon.core.main.TestCaseMain$startTestSuite$0.call(Unknown Source)
	at TempTestSuite1676514794135.run(TempTestSuite1676514794135.groovy:36)]]></system-err>
      </testcase>
      <testcase name="Test Cases/RecAndPlayBk/VLink/Void-MRF" time="0.923" classname="Test Cases/RecAndPlayBk/VLink/Void-MRF" status="ERROR">
         <error type="ERROR" message="Test Cases/RecAndPlayBk/VLink/Void-MRF FAILED.
Reason:
java.lang.ClassFormatError: Illegal method name &quot;adminSuiteBootstrap.debitCorporatesetData.debitCorporate_DataDriven&quot; in class CustomKeywords
	at com.kms.katalon.core.main.ScriptEngine.getScript(ScriptEngine.java:199)
	at com.kms.katalon.core.main.ScriptEngine.run(ScriptEngine.java:194)
	at com.kms.katalon.core.main.ScriptEngine.runScriptAsRawText(ScriptEngine.java:119)
	at com.kms.katalon.core.main.TestCaseExecutor.runScript(TestCaseExecutor.java:442)
	at com.kms.katalon.core.main.TestCaseExecutor.doExecute(TestCaseExecutor.java:433)
	at com.kms.katalon.core.main.TestCaseExecutor.processExecutionPhase(TestCaseExecutor.java:412)
	at com.kms.katalon.core.main.TestCaseExecutor.accessMainPhase(TestCaseExecutor.java:404)
	at com.kms.katalon.core.main.TestCaseExecutor.execute(TestCaseExecutor.java:281)
	at com.kms.katalon.core.main.TestSuiteExecutor.accessTestCaseMainPhase(TestSuiteExecutor.java:202)
	at com.kms.katalon.core.main.TestSuiteExecutor.accessTestSuiteMainPhase(TestSuiteExecutor.java:164)
	at com.kms.katalon.core.main.TestSuiteExecutor.execute(TestSuiteExecutor.java:105)
	at com.kms.katalon.core.main.TestCaseMain.startTestSuite(TestCaseMain.java:185)
	at com.kms.katalon.core.main.TestCaseMain$startTestSuite$0.call(Unknown Source)
	at TempTestSuite1676514794135.run(TempTestSuite1676514794135.groovy:36)
"/>
         <system-out><![CDATA[2023-02-15 21:50:56 - [TEST_CASE][ERROR] - Test Cases/RecAndPlayBk/VLink/Void-MRF: Test Cases/RecAndPlayBk/VLink/Void-MRF FAILED.
Reason:
java.lang.ClassFormatError: Illegal method name "adminSuiteBootstrap.debitCorporatesetData.debitCorporate_DataDriven" in class CustomKeywords
	at com.kms.katalon.core.main.ScriptEngine.getScript(ScriptEngine.java:199)
	at com.kms.katalon.core.main.ScriptEngine.run(ScriptEngine.java:194)
	at com.kms.katalon.core.main.ScriptEngine.runScriptAsRawText(ScriptEngine.java:119)
	at com.kms.katalon.core.main.TestCaseExecutor.runScript(TestCaseExecutor.java:442)
	at com.kms.katalon.core.main.TestCaseExecutor.doExecute(TestCaseExecutor.java:433)
	at com.kms.katalon.core.main.TestCaseExecutor.processExecutionPhase(TestCaseExecutor.java:412)
	at com.kms.katalon.core.main.TestCaseExecutor.accessMainPhase(TestCaseExecutor.java:404)
	at com.kms.katalon.core.main.TestCaseExecutor.execute(TestCaseExecutor.java:281)
	at com.kms.katalon.core.main.TestSuiteExecutor.accessTestCaseMainPhase(TestSuiteExecutor.java:202)
	at com.kms.katalon.core.main.TestSuiteExecutor.accessTestSuiteMainPhase(TestSuiteExecutor.java:164)
	at com.kms.katalon.core.main.TestSuiteExecutor.execute(TestSuiteExecutor.java:105)
	at com.kms.katalon.core.main.TestCaseMain.startTestSuite(TestCaseMain.java:185)
	at com.kms.katalon.core.main.TestCaseMain$startTestSuite$0.call(Unknown Source)
	at TempTestSuite1676514794135.run(TempTestSuite1676514794135.groovy:36)]]></system-out>
         <system-err><![CDATA[2023-02-15 21:50:56 - [TEST_CASE][ERROR] - Test Cases/RecAndPlayBk/VLink/Void-MRF: Test Cases/RecAndPlayBk/VLink/Void-MRF FAILED.
Reason:
java.lang.ClassFormatError: Illegal method name "adminSuiteBootstrap.debitCorporatesetData.debitCorporate_DataDriven" in class CustomKeywords
	at com.kms.katalon.core.main.ScriptEngine.getScript(ScriptEngine.java:199)
	at com.kms.katalon.core.main.ScriptEngine.run(ScriptEngine.java:194)
	at com.kms.katalon.core.main.ScriptEngine.runScriptAsRawText(ScriptEngine.java:119)
	at com.kms.katalon.core.main.TestCaseExecutor.runScript(TestCaseExecutor.java:442)
	at com.kms.katalon.core.main.TestCaseExecutor.doExecute(TestCaseExecutor.java:433)
	at com.kms.katalon.core.main.TestCaseExecutor.processExecutionPhase(TestCaseExecutor.java:412)
	at com.kms.katalon.core.main.TestCaseExecutor.accessMainPhase(TestCaseExecutor.java:404)
	at com.kms.katalon.core.main.TestCaseExecutor.execute(TestCaseExecutor.java:281)
	at com.kms.katalon.core.main.TestSuiteExecutor.accessTestCaseMainPhase(TestSuiteExecutor.java:202)
	at com.kms.katalon.core.main.TestSuiteExecutor.accessTestSuiteMainPhase(TestSuiteExecutor.java:164)
	at com.kms.katalon.core.main.TestSuiteExecutor.execute(TestSuiteExecutor.java:105)
	at com.kms.katalon.core.main.TestCaseMain.startTestSuite(TestCaseMain.java:185)
	at com.kms.katalon.core.main.TestCaseMain$startTestSuite$0.call(Unknown Source)
	at TempTestSuite1676514794135.run(TempTestSuite1676514794135.groovy:36)]]></system-err>
      </testcase>
      <testcase name="Test Cases/RecAndPlayBk/VLink/Credit-MRF" time="0.932" classname="Test Cases/RecAndPlayBk/VLink/Credit-MRF" status="ERROR">
         <error type="ERROR" message="Test Cases/RecAndPlayBk/VLink/Credit-MRF FAILED.
Reason:
java.lang.ClassFormatError: Illegal method name &quot;adminSuiteBootstrap.debitCorporatesetData.debitCorporate_DataDriven&quot; in class CustomKeywords
	at com.kms.katalon.core.main.ScriptEngine.getScript(ScriptEngine.java:199)
	at com.kms.katalon.core.main.ScriptEngine.run(ScriptEngine.java:194)
	at com.kms.katalon.core.main.ScriptEngine.runScriptAsRawText(ScriptEngine.java:119)
	at com.kms.katalon.core.main.TestCaseExecutor.runScript(TestCaseExecutor.java:442)
	at com.kms.katalon.core.main.TestCaseExecutor.doExecute(TestCaseExecutor.java:433)
	at com.kms.katalon.core.main.TestCaseExecutor.processExecutionPhase(TestCaseExecutor.java:412)
	at com.kms.katalon.core.main.TestCaseExecutor.accessMainPhase(TestCaseExecutor.java:404)
	at com.kms.katalon.core.main.TestCaseExecutor.execute(TestCaseExecutor.java:281)
	at com.kms.katalon.core.main.TestSuiteExecutor.accessTestCaseMainPhase(TestSuiteExecutor.java:202)
	at com.kms.katalon.core.main.TestSuiteExecutor.accessTestSuiteMainPhase(TestSuiteExecutor.java:164)
	at com.kms.katalon.core.main.TestSuiteExecutor.execute(TestSuiteExecutor.java:105)
	at com.kms.katalon.core.main.TestCaseMain.startTestSuite(TestCaseMain.java:185)
	at com.kms.katalon.core.main.TestCaseMain$startTestSuite$0.call(Unknown Source)
	at TempTestSuite1676514794135.run(TempTestSuite1676514794135.groovy:36)
"/>
         <system-out><![CDATA[2023-02-15 21:50:57 - [TEST_CASE][ERROR] - Test Cases/RecAndPlayBk/VLink/Credit-MRF: Test Cases/RecAndPlayBk/VLink/Credit-MRF FAILED.
Reason:
java.lang.ClassFormatError: Illegal method name "adminSuiteBootstrap.debitCorporatesetData.debitCorporate_DataDriven" in class CustomKeywords
	at com.kms.katalon.core.main.ScriptEngine.getScript(ScriptEngine.java:199)
	at com.kms.katalon.core.main.ScriptEngine.run(ScriptEngine.java:194)
	at com.kms.katalon.core.main.ScriptEngine.runScriptAsRawText(ScriptEngine.java:119)
	at com.kms.katalon.core.main.TestCaseExecutor.runScript(TestCaseExecutor.java:442)
	at com.kms.katalon.core.main.TestCaseExecutor.doExecute(TestCaseExecutor.java:433)
	at com.kms.katalon.core.main.TestCaseExecutor.processExecutionPhase(TestCaseExecutor.java:412)
	at com.kms.katalon.core.main.TestCaseExecutor.accessMainPhase(TestCaseExecutor.java:404)
	at com.kms.katalon.core.main.TestCaseExecutor.execute(TestCaseExecutor.java:281)
	at com.kms.katalon.core.main.TestSuiteExecutor.accessTestCaseMainPhase(TestSuiteExecutor.java:202)
	at com.kms.katalon.core.main.TestSuiteExecutor.accessTestSuiteMainPhase(TestSuiteExecutor.java:164)
	at com.kms.katalon.core.main.TestSuiteExecutor.execute(TestSuiteExecutor.java:105)
	at com.kms.katalon.core.main.TestCaseMain.startTestSuite(TestCaseMain.java:185)
	at com.kms.katalon.core.main.TestCaseMain$startTestSuite$0.call(Unknown Source)
	at TempTestSuite1676514794135.run(TempTestSuite1676514794135.groovy:36)]]></system-out>
         <system-err><![CDATA[2023-02-15 21:50:57 - [TEST_CASE][ERROR] - Test Cases/RecAndPlayBk/VLink/Credit-MRF: Test Cases/RecAndPlayBk/VLink/Credit-MRF FAILED.
Reason:
java.lang.ClassFormatError: Illegal method name "adminSuiteBootstrap.debitCorporatesetData.debitCorporate_DataDriven" in class CustomKeywords
	at com.kms.katalon.core.main.ScriptEngine.getScript(ScriptEngine.java:199)
	at com.kms.katalon.core.main.ScriptEngine.run(ScriptEngine.java:194)
	at com.kms.katalon.core.main.ScriptEngine.runScriptAsRawText(ScriptEngine.java:119)
	at com.kms.katalon.core.main.TestCaseExecutor.runScript(TestCaseExecutor.java:442)
	at com.kms.katalon.core.main.TestCaseExecutor.doExecute(TestCaseExecutor.java:433)
	at com.kms.katalon.core.main.TestCaseExecutor.processExecutionPhase(TestCaseExecutor.java:412)
	at com.kms.katalon.core.main.TestCaseExecutor.accessMainPhase(TestCaseExecutor.java:404)
	at com.kms.katalon.core.main.TestCaseExecutor.execute(TestCaseExecutor.java:281)
	at com.kms.katalon.core.main.TestSuiteExecutor.accessTestCaseMainPhase(TestSuiteExecutor.java:202)
	at com.kms.katalon.core.main.TestSuiteExecutor.accessTestSuiteMainPhase(TestSuiteExecutor.java:164)
	at com.kms.katalon.core.main.TestSuiteExecutor.execute(TestSuiteExecutor.java:105)
	at com.kms.katalon.core.main.TestCaseMain.startTestSuite(TestCaseMain.java:185)
	at com.kms.katalon.core.main.TestCaseMain$startTestSuite$0.call(Unknown Source)
	at TempTestSuite1676514794135.run(TempTestSuite1676514794135.groovy:36)]]></system-err>
      </testcase>
      <testcase name="Test Cases/RecAndPlayBk/VLink/Debit" time="0.992" classname="Test Cases/RecAndPlayBk/VLink/Debit" status="ERROR">
         <error type="ERROR" message="Test Cases/RecAndPlayBk/VLink/Debit FAILED.
Reason:
java.lang.ClassFormatError: Illegal method name &quot;adminSuiteBootstrap.debitCorporatesetData.debitCorporate_DataDriven&quot; in class CustomKeywords
	at com.kms.katalon.core.main.ScriptEngine.getScript(ScriptEngine.java:199)
	at com.kms.katalon.core.main.ScriptEngine.run(ScriptEngine.java:194)
	at com.kms.katalon.core.main.ScriptEngine.runScriptAsRawText(ScriptEngine.java:119)
	at com.kms.katalon.core.main.TestCaseExecutor.runScript(TestCaseExecutor.java:442)
	at com.kms.katalon.core.main.TestCaseExecutor.doExecute(TestCaseExecutor.java:433)
	at com.kms.katalon.core.main.TestCaseExecutor.processExecutionPhase(TestCaseExecutor.java:412)
	at com.kms.katalon.core.main.TestCaseExecutor.accessMainPhase(TestCaseExecutor.java:404)
	at com.kms.katalon.core.main.TestCaseExecutor.execute(TestCaseExecutor.java:281)
	at com.kms.katalon.core.main.TestSuiteExecutor.accessTestCaseMainPhase(TestSuiteExecutor.java:202)
	at com.kms.katalon.core.main.TestSuiteExecutor.accessTestSuiteMainPhase(TestSuiteExecutor.java:164)
	at com.kms.katalon.core.main.TestSuiteExecutor.execute(TestSuiteExecutor.java:105)
	at com.kms.katalon.core.main.TestCaseMain.startTestSuite(TestCaseMain.java:185)
	at com.kms.katalon.core.main.TestCaseMain$startTestSuite$0.call(Unknown Source)
	at TempTestSuite1676514794135.run(TempTestSuite1676514794135.groovy:36)
"/>
         <system-out><![CDATA[2023-02-15 21:50:58 - [TEST_CASE][ERROR] - Test Cases/RecAndPlayBk/VLink/Debit: Test Cases/RecAndPlayBk/VLink/Debit FAILED.
Reason:
java.lang.ClassFormatError: Illegal method name "adminSuiteBootstrap.debitCorporatesetData.debitCorporate_DataDriven" in class CustomKeywords
	at com.kms.katalon.core.main.ScriptEngine.getScript(ScriptEngine.java:199)
	at com.kms.katalon.core.main.ScriptEngine.run(ScriptEngine.java:194)
	at com.kms.katalon.core.main.ScriptEngine.runScriptAsRawText(ScriptEngine.java:119)
	at com.kms.katalon.core.main.TestCaseExecutor.runScript(TestCaseExecutor.java:442)
	at com.kms.katalon.core.main.TestCaseExecutor.doExecute(TestCaseExecutor.java:433)
	at com.kms.katalon.core.main.TestCaseExecutor.processExecutionPhase(TestCaseExecutor.java:412)
	at com.kms.katalon.core.main.TestCaseExecutor.accessMainPhase(TestCaseExecutor.java:404)
	at com.kms.katalon.core.main.TestCaseExecutor.execute(TestCaseExecutor.java:281)
	at com.kms.katalon.core.main.TestSuiteExecutor.accessTestCaseMainPhase(TestSuiteExecutor.java:202)
	at com.kms.katalon.core.main.TestSuiteExecutor.accessTestSuiteMainPhase(TestSuiteExecutor.java:164)
	at com.kms.katalon.core.main.TestSuiteExecutor.execute(TestSuiteExecutor.java:105)
	at com.kms.katalon.core.main.TestCaseMain.startTestSuite(TestCaseMain.java:185)
	at com.kms.katalon.core.main.TestCaseMain$startTestSuite$0.call(Unknown Source)
	at TempTestSuite1676514794135.run(TempTestSuite1676514794135.groovy:36)]]></system-out>
         <system-err><![CDATA[2023-02-15 21:50:58 - [TEST_CASE][ERROR] - Test Cases/RecAndPlayBk/VLink/Debit: Test Cases/RecAndPlayBk/VLink/Debit FAILED.
Reason:
java.lang.ClassFormatError: Illegal method name "adminSuiteBootstrap.debitCorporatesetData.debitCorporate_DataDriven" in class CustomKeywords
	at com.kms.katalon.core.main.ScriptEngine.getScript(ScriptEngine.java:199)
	at com.kms.katalon.core.main.ScriptEngine.run(ScriptEngine.java:194)
	at com.kms.katalon.core.main.ScriptEngine.runScriptAsRawText(ScriptEngine.java:119)
	at com.kms.katalon.core.main.TestCaseExecutor.runScript(TestCaseExecutor.java:442)
	at com.kms.katalon.core.main.TestCaseExecutor.doExecute(TestCaseExecutor.java:433)
	at com.kms.katalon.core.main.TestCaseExecutor.processExecutionPhase(TestCaseExecutor.java:412)
	at com.kms.katalon.core.main.TestCaseExecutor.accessMainPhase(TestCaseExecutor.java:404)
	at com.kms.katalon.core.main.TestCaseExecutor.execute(TestCaseExecutor.java:281)
	at com.kms.katalon.core.main.TestSuiteExecutor.accessTestCaseMainPhase(TestSuiteExecutor.java:202)
	at com.kms.katalon.core.main.TestSuiteExecutor.accessTestSuiteMainPhase(TestSuiteExecutor.java:164)
	at com.kms.katalon.core.main.TestSuiteExecutor.execute(TestSuiteExecutor.java:105)
	at com.kms.katalon.core.main.TestCaseMain.startTestSuite(TestCaseMain.java:185)
	at com.kms.katalon.core.main.TestCaseMain$startTestSuite$0.call(Unknown Source)
	at TempTestSuite1676514794135.run(TempTestSuite1676514794135.groovy:36)]]></system-err>
      </testcase>
      <testcase name="Test Cases/RecAndPlayBk/VLink/Debit-ZeroDollar-Error" time="0.967" classname="Test Cases/RecAndPlayBk/VLink/Debit-ZeroDollar-Error" status="ERROR">
         <error type="ERROR" message="Test Cases/RecAndPlayBk/VLink/Debit-ZeroDollar-Error FAILED.
Reason:
java.lang.ClassFormatError: Illegal method name &quot;adminSuiteBootstrap.debitCorporatesetData.debitCorporate_DataDriven&quot; in class CustomKeywords
	at com.kms.katalon.core.main.ScriptEngine.getScript(ScriptEngine.java:199)
	at com.kms.katalon.core.main.ScriptEngine.run(ScriptEngine.java:194)
	at com.kms.katalon.core.main.ScriptEngine.runScriptAsRawText(ScriptEngine.java:119)
	at com.kms.katalon.core.main.TestCaseExecutor.runScript(TestCaseExecutor.java:442)
	at com.kms.katalon.core.main.TestCaseExecutor.doExecute(TestCaseExecutor.java:433)
	at com.kms.katalon.core.main.TestCaseExecutor.processExecutionPhase(TestCaseExecutor.java:412)
	at com.kms.katalon.core.main.TestCaseExecutor.accessMainPhase(TestCaseExecutor.java:404)
	at com.kms.katalon.core.main.TestCaseExecutor.execute(TestCaseExecutor.java:281)
	at com.kms.katalon.core.main.TestSuiteExecutor.accessTestCaseMainPhase(TestSuiteExecutor.java:202)
	at com.kms.katalon.core.main.TestSuiteExecutor.accessTestSuiteMainPhase(TestSuiteExecutor.java:164)
	at com.kms.katalon.core.main.TestSuiteExecutor.execute(TestSuiteExecutor.java:105)
	at com.kms.katalon.core.main.TestCaseMain.startTestSuite(TestCaseMain.java:185)
	at com.kms.katalon.core.main.TestCaseMain$startTestSuite$0.call(Unknown Source)
	at TempTestSuite1676514794135.run(TempTestSuite1676514794135.groovy:36)
"/>
         <system-out><![CDATA[2023-02-15 21:50:59 - [TEST_CASE][ERROR] - Test Cases/RecAndPlayBk/VLink/Debit-ZeroDollar-Error: Test Cases/RecAndPlayBk/VLink/Debit-ZeroDollar-Error FAILED.
Reason:
java.lang.ClassFormatError: Illegal method name "adminSuiteBootstrap.debitCorporatesetData.debitCorporate_DataDriven" in class CustomKeywords
	at com.kms.katalon.core.main.ScriptEngine.getScript(ScriptEngine.java:199)
	at com.kms.katalon.core.main.ScriptEngine.run(ScriptEngine.java:194)
	at com.kms.katalon.core.main.ScriptEngine.runScriptAsRawText(ScriptEngine.java:119)
	at com.kms.katalon.core.main.TestCaseExecutor.runScript(TestCaseExecutor.java:442)
	at com.kms.katalon.core.main.TestCaseExecutor.doExecute(TestCaseExecutor.java:433)
	at com.kms.katalon.core.main.TestCaseExecutor.processExecutionPhase(TestCaseExecutor.java:412)
	at com.kms.katalon.core.main.TestCaseExecutor.accessMainPhase(TestCaseExecutor.java:404)
	at com.kms.katalon.core.main.TestCaseExecutor.execute(TestCaseExecutor.java:281)
	at com.kms.katalon.core.main.TestSuiteExecutor.accessTestCaseMainPhase(TestSuiteExecutor.java:202)
	at com.kms.katalon.core.main.TestSuiteExecutor.accessTestSuiteMainPhase(TestSuiteExecutor.java:164)
	at com.kms.katalon.core.main.TestSuiteExecutor.execute(TestSuiteExecutor.java:105)
	at com.kms.katalon.core.main.TestCaseMain.startTestSuite(TestCaseMain.java:185)
	at com.kms.katalon.core.main.TestCaseMain$startTestSuite$0.call(Unknown Source)
	at TempTestSuite1676514794135.run(TempTestSuite1676514794135.groovy:36)]]></system-out>
         <system-err><![CDATA[2023-02-15 21:50:59 - [TEST_CASE][ERROR] - Test Cases/RecAndPlayBk/VLink/Debit-ZeroDollar-Error: Test Cases/RecAndPlayBk/VLink/Debit-ZeroDollar-Error FAILED.
Reason:
java.lang.ClassFormatError: Illegal method name "adminSuiteBootstrap.debitCorporatesetData.debitCorporate_DataDriven" in class CustomKeywords
	at com.kms.katalon.core.main.ScriptEngine.getScript(ScriptEngine.java:199)
	at com.kms.katalon.core.main.ScriptEngine.run(ScriptEngine.java:194)
	at com.kms.katalon.core.main.ScriptEngine.runScriptAsRawText(ScriptEngine.java:119)
	at com.kms.katalon.core.main.TestCaseExecutor.runScript(TestCaseExecutor.java:442)
	at com.kms.katalon.core.main.TestCaseExecutor.doExecute(TestCaseExecutor.java:433)
	at com.kms.katalon.core.main.TestCaseExecutor.processExecutionPhase(TestCaseExecutor.java:412)
	at com.kms.katalon.core.main.TestCaseExecutor.accessMainPhase(TestCaseExecutor.java:404)
	at com.kms.katalon.core.main.TestCaseExecutor.execute(TestCaseExecutor.java:281)
	at com.kms.katalon.core.main.TestSuiteExecutor.accessTestCaseMainPhase(TestSuiteExecutor.java:202)
	at com.kms.katalon.core.main.TestSuiteExecutor.accessTestSuiteMainPhase(TestSuiteExecutor.java:164)
	at com.kms.katalon.core.main.TestSuiteExecutor.execute(TestSuiteExecutor.java:105)
	at com.kms.katalon.core.main.TestCaseMain.startTestSuite(TestCaseMain.java:185)
	at com.kms.katalon.core.main.TestCaseMain$startTestSuite$0.call(Unknown Source)
	at TempTestSuite1676514794135.run(TempTestSuite1676514794135.groovy:36)]]></system-err>
      </testcase>
      <testcase name="Test Cases/RecAndPlayBk/VLink/Debit-Void" time="0.981" classname="Test Cases/RecAndPlayBk/VLink/Debit-Void" status="ERROR">
         <error type="ERROR" message="Test Cases/RecAndPlayBk/VLink/Debit-Void FAILED.
Reason:
java.lang.ClassFormatError: Illegal method name &quot;adminSuiteBootstrap.debitCorporatesetData.debitCorporate_DataDriven&quot; in class CustomKeywords
	at com.kms.katalon.core.main.ScriptEngine.getScript(ScriptEngine.java:199)
	at com.kms.katalon.core.main.ScriptEngine.run(ScriptEngine.java:194)
	at com.kms.katalon.core.main.ScriptEngine.runScriptAsRawText(ScriptEngine.java:119)
	at com.kms.katalon.core.main.TestCaseExecutor.runScript(TestCaseExecutor.java:442)
	at com.kms.katalon.core.main.TestCaseExecutor.doExecute(TestCaseExecutor.java:433)
	at com.kms.katalon.core.main.TestCaseExecutor.processExecutionPhase(TestCaseExecutor.java:412)
	at com.kms.katalon.core.main.TestCaseExecutor.accessMainPhase(TestCaseExecutor.java:404)
	at com.kms.katalon.core.main.TestCaseExecutor.execute(TestCaseExecutor.java:281)
	at com.kms.katalon.core.main.TestSuiteExecutor.accessTestCaseMainPhase(TestSuiteExecutor.java:202)
	at com.kms.katalon.core.main.TestSuiteExecutor.accessTestSuiteMainPhase(TestSuiteExecutor.java:164)
	at com.kms.katalon.core.main.TestSuiteExecutor.execute(TestSuiteExecutor.java:105)
	at com.kms.katalon.core.main.TestCaseMain.startTestSuite(TestCaseMain.java:185)
	at com.kms.katalon.core.main.TestCaseMain$startTestSuite$0.call(Unknown Source)
	at TempTestSuite1676514794135.run(TempTestSuite1676514794135.groovy:36)
"/>
         <system-out><![CDATA[2023-02-15 21:51:00 - [TEST_CASE][ERROR] - Test Cases/RecAndPlayBk/VLink/Debit-Void: Test Cases/RecAndPlayBk/VLink/Debit-Void FAILED.
Reason:
java.lang.ClassFormatError: Illegal method name "adminSuiteBootstrap.debitCorporatesetData.debitCorporate_DataDriven" in class CustomKeywords
	at com.kms.katalon.core.main.ScriptEngine.getScript(ScriptEngine.java:199)
	at com.kms.katalon.core.main.ScriptEngine.run(ScriptEngine.java:194)
	at com.kms.katalon.core.main.ScriptEngine.runScriptAsRawText(ScriptEngine.java:119)
	at com.kms.katalon.core.main.TestCaseExecutor.runScript(TestCaseExecutor.java:442)
	at com.kms.katalon.core.main.TestCaseExecutor.doExecute(TestCaseExecutor.java:433)
	at com.kms.katalon.core.main.TestCaseExecutor.processExecutionPhase(TestCaseExecutor.java:412)
	at com.kms.katalon.core.main.TestCaseExecutor.accessMainPhase(TestCaseExecutor.java:404)
	at com.kms.katalon.core.main.TestCaseExecutor.execute(TestCaseExecutor.java:281)
	at com.kms.katalon.core.main.TestSuiteExecutor.accessTestCaseMainPhase(TestSuiteExecutor.java:202)
	at com.kms.katalon.core.main.TestSuiteExecutor.accessTestSuiteMainPhase(TestSuiteExecutor.java:164)
	at com.kms.katalon.core.main.TestSuiteExecutor.execute(TestSuiteExecutor.java:105)
	at com.kms.katalon.core.main.TestCaseMain.startTestSuite(TestCaseMain.java:185)
	at com.kms.katalon.core.main.TestCaseMain$startTestSuite$0.call(Unknown Source)
	at TempTestSuite1676514794135.run(TempTestSuite1676514794135.groovy:36)]]></system-out>
         <system-err><![CDATA[2023-02-15 21:51:00 - [TEST_CASE][ERROR] - Test Cases/RecAndPlayBk/VLink/Debit-Void: Test Cases/RecAndPlayBk/VLink/Debit-Void FAILED.
Reason:
java.lang.ClassFormatError: Illegal method name "adminSuiteBootstrap.debitCorporatesetData.debitCorporate_DataDriven" in class CustomKeywords
	at com.kms.katalon.core.main.ScriptEngine.getScript(ScriptEngine.java:199)
	at com.kms.katalon.core.main.ScriptEngine.run(ScriptEngine.java:194)
	at com.kms.katalon.core.main.ScriptEngine.runScriptAsRawText(ScriptEngine.java:119)
	at com.kms.katalon.core.main.TestCaseExecutor.runScript(TestCaseExecutor.java:442)
	at com.kms.katalon.core.main.TestCaseExecutor.doExecute(TestCaseExecutor.java:433)
	at com.kms.katalon.core.main.TestCaseExecutor.processExecutionPhase(TestCaseExecutor.java:412)
	at com.kms.katalon.core.main.TestCaseExecutor.accessMainPhase(TestCaseExecutor.java:404)
	at com.kms.katalon.core.main.TestCaseExecutor.execute(TestCaseExecutor.java:281)
	at com.kms.katalon.core.main.TestSuiteExecutor.accessTestCaseMainPhase(TestSuiteExecutor.java:202)
	at com.kms.katalon.core.main.TestSuiteExecutor.accessTestSuiteMainPhase(TestSuiteExecutor.java:164)
	at com.kms.katalon.core.main.TestSuiteExecutor.execute(TestSuiteExecutor.java:105)
	at com.kms.katalon.core.main.TestCaseMain.startTestSuite(TestCaseMain.java:185)
	at com.kms.katalon.core.main.TestCaseMain$startTestSuite$0.call(Unknown Source)
	at TempTestSuite1676514794135.run(TempTestSuite1676514794135.groovy:36)]]></system-err>
      </testcase>
      <testcase name="Test Cases/RecAndPlayBk/VLink/Debit-Credit" time="1.031" classname="Test Cases/RecAndPlayBk/VLink/Debit-Credit" status="ERROR">
         <error type="ERROR" message="Test Cases/RecAndPlayBk/VLink/Debit-Credit FAILED.
Reason:
java.lang.ClassFormatError: Illegal method name &quot;adminSuiteBootstrap.debitCorporatesetData.debitCorporate_DataDriven&quot; in class CustomKeywords
	at com.kms.katalon.core.main.ScriptEngine.getScript(ScriptEngine.java:199)
	at com.kms.katalon.core.main.ScriptEngine.run(ScriptEngine.java:194)
	at com.kms.katalon.core.main.ScriptEngine.runScriptAsRawText(ScriptEngine.java:119)
	at com.kms.katalon.core.main.TestCaseExecutor.runScript(TestCaseExecutor.java:442)
	at com.kms.katalon.core.main.TestCaseExecutor.doExecute(TestCaseExecutor.java:433)
	at com.kms.katalon.core.main.TestCaseExecutor.processExecutionPhase(TestCaseExecutor.java:412)
	at com.kms.katalon.core.main.TestCaseExecutor.accessMainPhase(TestCaseExecutor.java:404)
	at com.kms.katalon.core.main.TestCaseExecutor.execute(TestCaseExecutor.java:281)
	at com.kms.katalon.core.main.TestSuiteExecutor.accessTestCaseMainPhase(TestSuiteExecutor.java:202)
	at com.kms.katalon.core.main.TestSuiteExecutor.accessTestSuiteMainPhase(TestSuiteExecutor.java:164)
	at com.kms.katalon.core.main.TestSuiteExecutor.execute(TestSuiteExecutor.java:105)
	at com.kms.katalon.core.main.TestCaseMain.startTestSuite(TestCaseMain.java:185)
	at com.kms.katalon.core.main.TestCaseMain$startTestSuite$0.call(Unknown Source)
	at TempTestSuite1676514794135.run(TempTestSuite1676514794135.groovy:36)
"/>
         <system-out><![CDATA[2023-02-15 21:51:01 - [TEST_CASE][ERROR] - Test Cases/RecAndPlayBk/VLink/Debit-Credit: Test Cases/RecAndPlayBk/VLink/Debit-Credit FAILED.
Reason:
java.lang.ClassFormatError: Illegal method name "adminSuiteBootstrap.debitCorporatesetData.debitCorporate_DataDriven" in class CustomKeywords
	at com.kms.katalon.core.main.ScriptEngine.getScript(ScriptEngine.java:199)
	at com.kms.katalon.core.main.ScriptEngine.run(ScriptEngine.java:194)
	at com.kms.katalon.core.main.ScriptEngine.runScriptAsRawText(ScriptEngine.java:119)
	at com.kms.katalon.core.main.TestCaseExecutor.runScript(TestCaseExecutor.java:442)
	at com.kms.katalon.core.main.TestCaseExecutor.doExecute(TestCaseExecutor.java:433)
	at com.kms.katalon.core.main.TestCaseExecutor.processExecutionPhase(TestCaseExecutor.java:412)
	at com.kms.katalon.core.main.TestCaseExecutor.accessMainPhase(TestCaseExecutor.java:404)
	at com.kms.katalon.core.main.TestCaseExecutor.execute(TestCaseExecutor.java:281)
	at com.kms.katalon.core.main.TestSuiteExecutor.accessTestCaseMainPhase(TestSuiteExecutor.java:202)
	at com.kms.katalon.core.main.TestSuiteExecutor.accessTestSuiteMainPhase(TestSuiteExecutor.java:164)
	at com.kms.katalon.core.main.TestSuiteExecutor.execute(TestSuiteExecutor.java:105)
	at com.kms.katalon.core.main.TestCaseMain.startTestSuite(TestCaseMain.java:185)
	at com.kms.katalon.core.main.TestCaseMain$startTestSuite$0.call(Unknown Source)
	at TempTestSuite1676514794135.run(TempTestSuite1676514794135.groovy:36)]]></system-out>
         <system-err><![CDATA[2023-02-15 21:51:01 - [TEST_CASE][ERROR] - Test Cases/RecAndPlayBk/VLink/Debit-Credit: Test Cases/RecAndPlayBk/VLink/Debit-Credit FAILED.
Reason:
java.lang.ClassFormatError: Illegal method name "adminSuiteBootstrap.debitCorporatesetData.debitCorporate_DataDriven" in class CustomKeywords
	at com.kms.katalon.core.main.ScriptEngine.getScript(ScriptEngine.java:199)
	at com.kms.katalon.core.main.ScriptEngine.run(ScriptEngine.java:194)
	at com.kms.katalon.core.main.ScriptEngine.runScriptAsRawText(ScriptEngine.java:119)
	at com.kms.katalon.core.main.TestCaseExecutor.runScript(TestCaseExecutor.java:442)
	at com.kms.katalon.core.main.TestCaseExecutor.doExecute(TestCaseExecutor.java:433)
	at com.kms.katalon.core.main.TestCaseExecutor.processExecutionPhase(TestCaseExecutor.java:412)
	at com.kms.katalon.core.main.TestCaseExecutor.accessMainPhase(TestCaseExecutor.java:404)
	at com.kms.katalon.core.main.TestCaseExecutor.execute(TestCaseExecutor.java:281)
	at com.kms.katalon.core.main.TestSuiteExecutor.accessTestCaseMainPhase(TestSuiteExecutor.java:202)
	at com.kms.katalon.core.main.TestSuiteExecutor.accessTestSuiteMainPhase(TestSuiteExecutor.java:164)
	at com.kms.katalon.core.main.TestSuiteExecutor.execute(TestSuiteExecutor.java:105)
	at com.kms.katalon.core.main.TestCaseMain.startTestSuite(TestCaseMain.java:185)
	at com.kms.katalon.core.main.TestCaseMain$startTestSuite$0.call(Unknown Source)
	at TempTestSuite1676514794135.run(TempTestSuite1676514794135.groovy:36)]]></system-err>
      </testcase>
      <testcase name="Test Cases/RecAndPlayBk/VLink/Debit-Credit-Void" time="0.958" classname="Test Cases/RecAndPlayBk/VLink/Debit-Credit-Void" status="ERROR">
         <error type="ERROR" message="Test Cases/RecAndPlayBk/VLink/Debit-Credit-Void FAILED.
Reason:
java.lang.ClassFormatError: Illegal method name &quot;adminSuiteBootstrap.debitCorporatesetData.debitCorporate_DataDriven&quot; in class CustomKeywords
	at com.kms.katalon.core.main.ScriptEngine.getScript(ScriptEngine.java:199)
	at com.kms.katalon.core.main.ScriptEngine.run(ScriptEngine.java:194)
	at com.kms.katalon.core.main.ScriptEngine.runScriptAsRawText(ScriptEngine.java:119)
	at com.kms.katalon.core.main.TestCaseExecutor.runScript(TestCaseExecutor.java:442)
	at com.kms.katalon.core.main.TestCaseExecutor.doExecute(TestCaseExecutor.java:433)
	at com.kms.katalon.core.main.TestCaseExecutor.processExecutionPhase(TestCaseExecutor.java:412)
	at com.kms.katalon.core.main.TestCaseExecutor.accessMainPhase(TestCaseExecutor.java:404)
	at com.kms.katalon.core.main.TestCaseExecutor.execute(TestCaseExecutor.java:281)
	at com.kms.katalon.core.main.TestSuiteExecutor.accessTestCaseMainPhase(TestSuiteExecutor.java:202)
	at com.kms.katalon.core.main.TestSuiteExecutor.accessTestSuiteMainPhase(TestSuiteExecutor.java:164)
	at com.kms.katalon.core.main.TestSuiteExecutor.execute(TestSuiteExecutor.java:105)
	at com.kms.katalon.core.main.TestCaseMain.startTestSuite(TestCaseMain.java:185)
	at com.kms.katalon.core.main.TestCaseMain$startTestSuite$0.call(Unknown Source)
	at TempTestSuite1676514794135.run(TempTestSuite1676514794135.groovy:36)
"/>
         <system-out><![CDATA[2023-02-15 21:51:02 - [TEST_CASE][ERROR] - Test Cases/RecAndPlayBk/VLink/Debit-Credit-Void: Test Cases/RecAndPlayBk/VLink/Debit-Credit-Void FAILED.
Reason:
java.lang.ClassFormatError: Illegal method name "adminSuiteBootstrap.debitCorporatesetData.debitCorporate_DataDriven" in class CustomKeywords
	at com.kms.katalon.core.main.ScriptEngine.getScript(ScriptEngine.java:199)
	at com.kms.katalon.core.main.ScriptEngine.run(ScriptEngine.java:194)
	at com.kms.katalon.core.main.ScriptEngine.runScriptAsRawText(ScriptEngine.java:119)
	at com.kms.katalon.core.main.TestCaseExecutor.runScript(TestCaseExecutor.java:442)
	at com.kms.katalon.core.main.TestCaseExecutor.doExecute(TestCaseExecutor.java:433)
	at com.kms.katalon.core.main.TestCaseExecutor.processExecutionPhase(TestCaseExecutor.java:412)
	at com.kms.katalon.core.main.TestCaseExecutor.accessMainPhase(TestCaseExecutor.java:404)
	at com.kms.katalon.core.main.TestCaseExecutor.execute(TestCaseExecutor.java:281)
	at com.kms.katalon.core.main.TestSuiteExecutor.accessTestCaseMainPhase(TestSuiteExecutor.java:202)
	at com.kms.katalon.core.main.TestSuiteExecutor.accessTestSuiteMainPhase(TestSuiteExecutor.java:164)
	at com.kms.katalon.core.main.TestSuiteExecutor.execute(TestSuiteExecutor.java:105)
	at com.kms.katalon.core.main.TestCaseMain.startTestSuite(TestCaseMain.java:185)
	at com.kms.katalon.core.main.TestCaseMain$startTestSuite$0.call(Unknown Source)
	at TempTestSuite1676514794135.run(TempTestSuite1676514794135.groovy:36)]]></system-out>
         <system-err><![CDATA[2023-02-15 21:51:02 - [TEST_CASE][ERROR] - Test Cases/RecAndPlayBk/VLink/Debit-Credit-Void: Test Cases/RecAndPlayBk/VLink/Debit-Credit-Void FAILED.
Reason:
java.lang.ClassFormatError: Illegal method name "adminSuiteBootstrap.debitCorporatesetData.debitCorporate_DataDriven" in class CustomKeywords
	at com.kms.katalon.core.main.ScriptEngine.getScript(ScriptEngine.java:199)
	at com.kms.katalon.core.main.ScriptEngine.run(ScriptEngine.java:194)
	at com.kms.katalon.core.main.ScriptEngine.runScriptAsRawText(ScriptEngine.java:119)
	at com.kms.katalon.core.main.TestCaseExecutor.runScript(TestCaseExecutor.java:442)
	at com.kms.katalon.core.main.TestCaseExecutor.doExecute(TestCaseExecutor.java:433)
	at com.kms.katalon.core.main.TestCaseExecutor.processExecutionPhase(TestCaseExecutor.java:412)
	at com.kms.katalon.core.main.TestCaseExecutor.accessMainPhase(TestCaseExecutor.java:404)
	at com.kms.katalon.core.main.TestCaseExecutor.execute(TestCaseExecutor.java:281)
	at com.kms.katalon.core.main.TestSuiteExecutor.accessTestCaseMainPhase(TestSuiteExecutor.java:202)
	at com.kms.katalon.core.main.TestSuiteExecutor.accessTestSuiteMainPhase(TestSuiteExecutor.java:164)
	at com.kms.katalon.core.main.TestSuiteExecutor.execute(TestSuiteExecutor.java:105)
	at com.kms.katalon.core.main.TestCaseMain.startTestSuite(TestCaseMain.java:185)
	at com.kms.katalon.core.main.TestCaseMain$startTestSuite$0.call(Unknown Source)
	at TempTestSuite1676514794135.run(TempTestSuite1676514794135.groovy:36)]]></system-err>
      </testcase>
      <testcase name="Test Cases/RecAndPlayBk/VLink/Debit-MRF" time="0.953" classname="Test Cases/RecAndPlayBk/VLink/Debit-MRF" status="ERROR">
         <error type="ERROR" message="Test Cases/RecAndPlayBk/VLink/Debit-MRF FAILED.
Reason:
java.lang.ClassFormatError: Illegal method name &quot;adminSuiteBootstrap.debitCorporatesetData.debitCorporate_DataDriven&quot; in class CustomKeywords
	at com.kms.katalon.core.main.ScriptEngine.getScript(ScriptEngine.java:199)
	at com.kms.katalon.core.main.ScriptEngine.run(ScriptEngine.java:194)
	at com.kms.katalon.core.main.ScriptEngine.runScriptAsRawText(ScriptEngine.java:119)
	at com.kms.katalon.core.main.TestCaseExecutor.runScript(TestCaseExecutor.java:442)
	at com.kms.katalon.core.main.TestCaseExecutor.doExecute(TestCaseExecutor.java:433)
	at com.kms.katalon.core.main.TestCaseExecutor.processExecutionPhase(TestCaseExecutor.java:412)
	at com.kms.katalon.core.main.TestCaseExecutor.accessMainPhase(TestCaseExecutor.java:404)
	at com.kms.katalon.core.main.TestCaseExecutor.execute(TestCaseExecutor.java:281)
	at com.kms.katalon.core.main.TestSuiteExecutor.accessTestCaseMainPhase(TestSuiteExecutor.java:202)
	at com.kms.katalon.core.main.TestSuiteExecutor.accessTestSuiteMainPhase(TestSuiteExecutor.java:164)
	at com.kms.katalon.core.main.TestSuiteExecutor.execute(TestSuiteExecutor.java:105)
	at com.kms.katalon.core.main.TestCaseMain.startTestSuite(TestCaseMain.java:185)
	at com.kms.katalon.core.main.TestCaseMain$startTestSuite$0.call(Unknown Source)
	at TempTestSuite1676514794135.run(TempTestSuite1676514794135.groovy:36)
"/>
         <system-out><![CDATA[2023-02-15 21:51:03 - [TEST_CASE][ERROR] - Test Cases/RecAndPlayBk/VLink/Debit-MRF: Test Cases/RecAndPlayBk/VLink/Debit-MRF FAILED.
Reason:
java.lang.ClassFormatError: Illegal method name "adminSuiteBootstrap.debitCorporatesetData.debitCorporate_DataDriven" in class CustomKeywords
	at com.kms.katalon.core.main.ScriptEngine.getScript(ScriptEngine.java:199)
	at com.kms.katalon.core.main.ScriptEngine.run(ScriptEngine.java:194)
	at com.kms.katalon.core.main.ScriptEngine.runScriptAsRawText(ScriptEngine.java:119)
	at com.kms.katalon.core.main.TestCaseExecutor.runScript(TestCaseExecutor.java:442)
	at com.kms.katalon.core.main.TestCaseExecutor.doExecute(TestCaseExecutor.java:433)
	at com.kms.katalon.core.main.TestCaseExecutor.processExecutionPhase(TestCaseExecutor.java:412)
	at com.kms.katalon.core.main.TestCaseExecutor.accessMainPhase(TestCaseExecutor.java:404)
	at com.kms.katalon.core.main.TestCaseExecutor.execute(TestCaseExecutor.java:281)
	at com.kms.katalon.core.main.TestSuiteExecutor.accessTestCaseMainPhase(TestSuiteExecutor.java:202)
	at com.kms.katalon.core.main.TestSuiteExecutor.accessTestSuiteMainPhase(TestSuiteExecutor.java:164)
	at com.kms.katalon.core.main.TestSuiteExecutor.execute(TestSuiteExecutor.java:105)
	at com.kms.katalon.core.main.TestCaseMain.startTestSuite(TestCaseMain.java:185)
	at com.kms.katalon.core.main.TestCaseMain$startTestSuite$0.call(Unknown Source)
	at TempTestSuite1676514794135.run(TempTestSuite1676514794135.groovy:36)]]></system-out>
         <system-err><![CDATA[2023-02-15 21:51:03 - [TEST_CASE][ERROR] - Test Cases/RecAndPlayBk/VLink/Debit-MRF: Test Cases/RecAndPlayBk/VLink/Debit-MRF FAILED.
Reason:
java.lang.ClassFormatError: Illegal method name "adminSuiteBootstrap.debitCorporatesetData.debitCorporate_DataDriven" in class CustomKeywords
	at com.kms.katalon.core.main.ScriptEngine.getScript(ScriptEngine.java:199)
	at com.kms.katalon.core.main.ScriptEngine.run(ScriptEngine.java:194)
	at com.kms.katalon.core.main.ScriptEngine.runScriptAsRawText(ScriptEngine.java:119)
	at com.kms.katalon.core.main.TestCaseExecutor.runScript(TestCaseExecutor.java:442)
	at com.kms.katalon.core.main.TestCaseExecutor.doExecute(TestCaseExecutor.java:433)
	at com.kms.katalon.core.main.TestCaseExecutor.processExecutionPhase(TestCaseExecutor.java:412)
	at com.kms.katalon.core.main.TestCaseExecutor.accessMainPhase(TestCaseExecutor.java:404)
	at com.kms.katalon.core.main.TestCaseExecutor.execute(TestCaseExecutor.java:281)
	at com.kms.katalon.core.main.TestSuiteExecutor.accessTestCaseMainPhase(TestSuiteExecutor.java:202)
	at com.kms.katalon.core.main.TestSuiteExecutor.accessTestSuiteMainPhase(TestSuiteExecutor.java:164)
	at com.kms.katalon.core.main.TestSuiteExecutor.execute(TestSuiteExecutor.java:105)
	at com.kms.katalon.core.main.TestCaseMain.startTestSuite(TestCaseMain.java:185)
	at com.kms.katalon.core.main.TestCaseMain$startTestSuite$0.call(Unknown Source)
	at TempTestSuite1676514794135.run(TempTestSuite1676514794135.groovy:36)]]></system-err>
      </testcase>
      <testcase name="Test Cases/RecAndPlayBk/VLink/ACH-Void-MRF" time="1.058" classname="Test Cases/RecAndPlayBk/VLink/ACH-Void-MRF" status="ERROR">
         <error type="ERROR" message="Test Cases/RecAndPlayBk/VLink/ACH-Void-MRF FAILED.
Reason:
java.lang.ClassFormatError: Illegal method name &quot;adminSuiteBootstrap.debitCorporatesetData.debitCorporate_DataDriven&quot; in class CustomKeywords
	at com.kms.katalon.core.main.ScriptEngine.getScript(ScriptEngine.java:199)
	at com.kms.katalon.core.main.ScriptEngine.run(ScriptEngine.java:194)
	at com.kms.katalon.core.main.ScriptEngine.runScriptAsRawText(ScriptEngine.java:119)
	at com.kms.katalon.core.main.TestCaseExecutor.runScript(TestCaseExecutor.java:442)
	at com.kms.katalon.core.main.TestCaseExecutor.doExecute(TestCaseExecutor.java:433)
	at com.kms.katalon.core.main.TestCaseExecutor.processExecutionPhase(TestCaseExecutor.java:412)
	at com.kms.katalon.core.main.TestCaseExecutor.accessMainPhase(TestCaseExecutor.java:404)
	at com.kms.katalon.core.main.TestCaseExecutor.execute(TestCaseExecutor.java:281)
	at com.kms.katalon.core.main.TestSuiteExecutor.accessTestCaseMainPhase(TestSuiteExecutor.java:202)
	at com.kms.katalon.core.main.TestSuiteExecutor.accessTestSuiteMainPhase(TestSuiteExecutor.java:164)
	at com.kms.katalon.core.main.TestSuiteExecutor.execute(TestSuiteExecutor.java:105)
	at com.kms.katalon.core.main.TestCaseMain.startTestSuite(TestCaseMain.java:185)
	at com.kms.katalon.core.main.TestCaseMain$startTestSuite$0.call(Unknown Source)
	at TempTestSuite1676514794135.run(TempTestSuite1676514794135.groovy:36)
"/>
         <system-out><![CDATA[2023-02-15 21:51:04 - [TEST_CASE][ERROR] - Test Cases/RecAndPlayBk/VLink/ACH-Void-MRF: Test Cases/RecAndPlayBk/VLink/ACH-Void-MRF FAILED.
Reason:
java.lang.ClassFormatError: Illegal method name "adminSuiteBootstrap.debitCorporatesetData.debitCorporate_DataDriven" in class CustomKeywords
	at com.kms.katalon.core.main.ScriptEngine.getScript(ScriptEngine.java:199)
	at com.kms.katalon.core.main.ScriptEngine.run(ScriptEngine.java:194)
	at com.kms.katalon.core.main.ScriptEngine.runScriptAsRawText(ScriptEngine.java:119)
	at com.kms.katalon.core.main.TestCaseExecutor.runScript(TestCaseExecutor.java:442)
	at com.kms.katalon.core.main.TestCaseExecutor.doExecute(TestCaseExecutor.java:433)
	at com.kms.katalon.core.main.TestCaseExecutor.processExecutionPhase(TestCaseExecutor.java:412)
	at com.kms.katalon.core.main.TestCaseExecutor.accessMainPhase(TestCaseExecutor.java:404)
	at com.kms.katalon.core.main.TestCaseExecutor.execute(TestCaseExecutor.java:281)
	at com.kms.katalon.core.main.TestSuiteExecutor.accessTestCaseMainPhase(TestSuiteExecutor.java:202)
	at com.kms.katalon.core.main.TestSuiteExecutor.accessTestSuiteMainPhase(TestSuiteExecutor.java:164)
	at com.kms.katalon.core.main.TestSuiteExecutor.execute(TestSuiteExecutor.java:105)
	at com.kms.katalon.core.main.TestCaseMain.startTestSuite(TestCaseMain.java:185)
	at com.kms.katalon.core.main.TestCaseMain$startTestSuite$0.call(Unknown Source)
	at TempTestSuite1676514794135.run(TempTestSuite1676514794135.groovy:36)]]></system-out>
         <system-err><![CDATA[2023-02-15 21:51:04 - [TEST_CASE][ERROR] - Test Cases/RecAndPlayBk/VLink/ACH-Void-MRF: Test Cases/RecAndPlayBk/VLink/ACH-Void-MRF FAILED.
Reason:
java.lang.ClassFormatError: Illegal method name "adminSuiteBootstrap.debitCorporatesetData.debitCorporate_DataDriven" in class CustomKeywords
	at com.kms.katalon.core.main.ScriptEngine.getScript(ScriptEngine.java:199)
	at com.kms.katalon.core.main.ScriptEngine.run(ScriptEngine.java:194)
	at com.kms.katalon.core.main.ScriptEngine.runScriptAsRawText(ScriptEngine.java:119)
	at com.kms.katalon.core.main.TestCaseExecutor.runScript(TestCaseExecutor.java:442)
	at com.kms.katalon.core.main.TestCaseExecutor.doExecute(TestCaseExecutor.java:433)
	at com.kms.katalon.core.main.TestCaseExecutor.processExecutionPhase(TestCaseExecutor.java:412)
	at com.kms.katalon.core.main.TestCaseExecutor.accessMainPhase(TestCaseExecutor.java:404)
	at com.kms.katalon.core.main.TestCaseExecutor.execute(TestCaseExecutor.java:281)
	at com.kms.katalon.core.main.TestSuiteExecutor.accessTestCaseMainPhase(TestSuiteExecutor.java:202)
	at com.kms.katalon.core.main.TestSuiteExecutor.accessTestSuiteMainPhase(TestSuiteExecutor.java:164)
	at com.kms.katalon.core.main.TestSuiteExecutor.execute(TestSuiteExecutor.java:105)
	at com.kms.katalon.core.main.TestCaseMain.startTestSuite(TestCaseMain.java:185)
	at com.kms.katalon.core.main.TestCaseMain$startTestSuite$0.call(Unknown Source)
	at TempTestSuite1676514794135.run(TempTestSuite1676514794135.groovy:36)]]></system-err>
      </testcase>
      <testcase name="Test Cases/RecAndPlayBk/VLink/ACH-Credit-MRF" time="0.992" classname="Test Cases/RecAndPlayBk/VLink/ACH-Credit-MRF" status="ERROR">
         <error type="ERROR" message="Test Cases/RecAndPlayBk/VLink/ACH-Credit-MRF FAILED.
Reason:
java.lang.ClassFormatError: Illegal method name &quot;adminSuiteBootstrap.debitCorporatesetData.debitCorporate_DataDriven&quot; in class CustomKeywords
	at com.kms.katalon.core.main.ScriptEngine.getScript(ScriptEngine.java:199)
	at com.kms.katalon.core.main.ScriptEngine.run(ScriptEngine.java:194)
	at com.kms.katalon.core.main.ScriptEngine.runScriptAsRawText(ScriptEngine.java:119)
	at com.kms.katalon.core.main.TestCaseExecutor.runScript(TestCaseExecutor.java:442)
	at com.kms.katalon.core.main.TestCaseExecutor.doExecute(TestCaseExecutor.java:433)
	at com.kms.katalon.core.main.TestCaseExecutor.processExecutionPhase(TestCaseExecutor.java:412)
	at com.kms.katalon.core.main.TestCaseExecutor.accessMainPhase(TestCaseExecutor.java:404)
	at com.kms.katalon.core.main.TestCaseExecutor.execute(TestCaseExecutor.java:281)
	at com.kms.katalon.core.main.TestSuiteExecutor.accessTestCaseMainPhase(TestSuiteExecutor.java:202)
	at com.kms.katalon.core.main.TestSuiteExecutor.accessTestSuiteMainPhase(TestSuiteExecutor.java:164)
	at com.kms.katalon.core.main.TestSuiteExecutor.execute(TestSuiteExecutor.java:105)
	at com.kms.katalon.core.main.TestCaseMain.startTestSuite(TestCaseMain.java:185)
	at com.kms.katalon.core.main.TestCaseMain$startTestSuite$0.call(Unknown Source)
	at TempTestSuite1676514794135.run(TempTestSuite1676514794135.groovy:36)
"/>
         <system-out><![CDATA[2023-02-15 21:51:05 - [TEST_CASE][ERROR] - Test Cases/RecAndPlayBk/VLink/ACH-Credit-MRF: Test Cases/RecAndPlayBk/VLink/ACH-Credit-MRF FAILED.
Reason:
java.lang.ClassFormatError: Illegal method name "adminSuiteBootstrap.debitCorporatesetData.debitCorporate_DataDriven" in class CustomKeywords
	at com.kms.katalon.core.main.ScriptEngine.getScript(ScriptEngine.java:199)
	at com.kms.katalon.core.main.ScriptEngine.run(ScriptEngine.java:194)
	at com.kms.katalon.core.main.ScriptEngine.runScriptAsRawText(ScriptEngine.java:119)
	at com.kms.katalon.core.main.TestCaseExecutor.runScript(TestCaseExecutor.java:442)
	at com.kms.katalon.core.main.TestCaseExecutor.doExecute(TestCaseExecutor.java:433)
	at com.kms.katalon.core.main.TestCaseExecutor.processExecutionPhase(TestCaseExecutor.java:412)
	at com.kms.katalon.core.main.TestCaseExecutor.accessMainPhase(TestCaseExecutor.java:404)
	at com.kms.katalon.core.main.TestCaseExecutor.execute(TestCaseExecutor.java:281)
	at com.kms.katalon.core.main.TestSuiteExecutor.accessTestCaseMainPhase(TestSuiteExecutor.java:202)
	at com.kms.katalon.core.main.TestSuiteExecutor.accessTestSuiteMainPhase(TestSuiteExecutor.java:164)
	at com.kms.katalon.core.main.TestSuiteExecutor.execute(TestSuiteExecutor.java:105)
	at com.kms.katalon.core.main.TestCaseMain.startTestSuite(TestCaseMain.java:185)
	at com.kms.katalon.core.main.TestCaseMain$startTestSuite$0.call(Unknown Source)
	at TempTestSuite1676514794135.run(TempTestSuite1676514794135.groovy:36)]]></system-out>
         <system-err><![CDATA[2023-02-15 21:51:05 - [TEST_CASE][ERROR] - Test Cases/RecAndPlayBk/VLink/ACH-Credit-MRF: Test Cases/RecAndPlayBk/VLink/ACH-Credit-MRF FAILED.
Reason:
java.lang.ClassFormatError: Illegal method name "adminSuiteBootstrap.debitCorporatesetData.debitCorporate_DataDriven" in class CustomKeywords
	at com.kms.katalon.core.main.ScriptEngine.getScript(ScriptEngine.java:199)
	at com.kms.katalon.core.main.ScriptEngine.run(ScriptEngine.java:194)
	at com.kms.katalon.core.main.ScriptEngine.runScriptAsRawText(ScriptEngine.java:119)
	at com.kms.katalon.core.main.TestCaseExecutor.runScript(TestCaseExecutor.java:442)
	at com.kms.katalon.core.main.TestCaseExecutor.doExecute(TestCaseExecutor.java:433)
	at com.kms.katalon.core.main.TestCaseExecutor.processExecutionPhase(TestCaseExecutor.java:412)
	at com.kms.katalon.core.main.TestCaseExecutor.accessMainPhase(TestCaseExecutor.java:404)
	at com.kms.katalon.core.main.TestCaseExecutor.execute(TestCaseExecutor.java:281)
	at com.kms.katalon.core.main.TestSuiteExecutor.accessTestCaseMainPhase(TestSuiteExecutor.java:202)
	at com.kms.katalon.core.main.TestSuiteExecutor.accessTestSuiteMainPhase(TestSuiteExecutor.java:164)
	at com.kms.katalon.core.main.TestSuiteExecutor.execute(TestSuiteExecutor.java:105)
	at com.kms.katalon.core.main.TestCaseMain.startTestSuite(TestCaseMain.java:185)
	at com.kms.katalon.core.main.TestCaseMain$startTestSuite$0.call(Unknown Source)
	at TempTestSuite1676514794135.run(TempTestSuite1676514794135.groovy:36)]]></system-err>
      </testcase>
      <testcase name="Test Cases/RecAndPlayBk/VLink/Debit-Credit-RemID-Pipe" time="0.922" classname="Test Cases/RecAndPlayBk/VLink/Debit-Credit-RemID-Pipe" status="ERROR">
         <error type="ERROR" message="Test Cases/RecAndPlayBk/VLink/Debit-Credit-RemID-Pipe FAILED.
Reason:
java.lang.ClassFormatError: Illegal method name &quot;adminSuiteBootstrap.debitCorporatesetData.debitCorporate_DataDriven&quot; in class CustomKeywords
	at com.kms.katalon.core.main.ScriptEngine.getScript(ScriptEngine.java:199)
	at com.kms.katalon.core.main.ScriptEngine.run(ScriptEngine.java:194)
	at com.kms.katalon.core.main.ScriptEngine.runScriptAsRawText(ScriptEngine.java:119)
	at com.kms.katalon.core.main.TestCaseExecutor.runScript(TestCaseExecutor.java:442)
	at com.kms.katalon.core.main.TestCaseExecutor.doExecute(TestCaseExecutor.java:433)
	at com.kms.katalon.core.main.TestCaseExecutor.processExecutionPhase(TestCaseExecutor.java:412)
	at com.kms.katalon.core.main.TestCaseExecutor.accessMainPhase(TestCaseExecutor.java:404)
	at com.kms.katalon.core.main.TestCaseExecutor.execute(TestCaseExecutor.java:281)
	at com.kms.katalon.core.main.TestSuiteExecutor.accessTestCaseMainPhase(TestSuiteExecutor.java:202)
	at com.kms.katalon.core.main.TestSuiteExecutor.accessTestSuiteMainPhase(TestSuiteExecutor.java:164)
	at com.kms.katalon.core.main.TestSuiteExecutor.execute(TestSuiteExecutor.java:105)
	at com.kms.katalon.core.main.TestCaseMain.startTestSuite(TestCaseMain.java:185)
	at com.kms.katalon.core.main.TestCaseMain$startTestSuite$0.call(Unknown Source)
	at TempTestSuite1676514794135.run(TempTestSuite1676514794135.groovy:36)
"/>
         <system-out><![CDATA[2023-02-15 21:51:06 - [TEST_CASE][ERROR] - Test Cases/RecAndPlayBk/VLink/Debit-Credit-RemID-Pipe: Test Cases/RecAndPlayBk/VLink/Debit-Credit-RemID-Pipe FAILED.
Reason:
java.lang.ClassFormatError: Illegal method name "adminSuiteBootstrap.debitCorporatesetData.debitCorporate_DataDriven" in class CustomKeywords
	at com.kms.katalon.core.main.ScriptEngine.getScript(ScriptEngine.java:199)
	at com.kms.katalon.core.main.ScriptEngine.run(ScriptEngine.java:194)
	at com.kms.katalon.core.main.ScriptEngine.runScriptAsRawText(ScriptEngine.java:119)
	at com.kms.katalon.core.main.TestCaseExecutor.runScript(TestCaseExecutor.java:442)
	at com.kms.katalon.core.main.TestCaseExecutor.doExecute(TestCaseExecutor.java:433)
	at com.kms.katalon.core.main.TestCaseExecutor.processExecutionPhase(TestCaseExecutor.java:412)
	at com.kms.katalon.core.main.TestCaseExecutor.accessMainPhase(TestCaseExecutor.java:404)
	at com.kms.katalon.core.main.TestCaseExecutor.execute(TestCaseExecutor.java:281)
	at com.kms.katalon.core.main.TestSuiteExecutor.accessTestCaseMainPhase(TestSuiteExecutor.java:202)
	at com.kms.katalon.core.main.TestSuiteExecutor.accessTestSuiteMainPhase(TestSuiteExecutor.java:164)
	at com.kms.katalon.core.main.TestSuiteExecutor.execute(TestSuiteExecutor.java:105)
	at com.kms.katalon.core.main.TestCaseMain.startTestSuite(TestCaseMain.java:185)
	at com.kms.katalon.core.main.TestCaseMain$startTestSuite$0.call(Unknown Source)
	at TempTestSuite1676514794135.run(TempTestSuite1676514794135.groovy:36)]]></system-out>
         <system-err><![CDATA[2023-02-15 21:51:06 - [TEST_CASE][ERROR] - Test Cases/RecAndPlayBk/VLink/Debit-Credit-RemID-Pipe: Test Cases/RecAndPlayBk/VLink/Debit-Credit-RemID-Pipe FAILED.
Reason:
java.lang.ClassFormatError: Illegal method name "adminSuiteBootstrap.debitCorporatesetData.debitCorporate_DataDriven" in class CustomKeywords
	at com.kms.katalon.core.main.ScriptEngine.getScript(ScriptEngine.java:199)
	at com.kms.katalon.core.main.ScriptEngine.run(ScriptEngine.java:194)
	at com.kms.katalon.core.main.ScriptEngine.runScriptAsRawText(ScriptEngine.java:119)
	at com.kms.katalon.core.main.TestCaseExecutor.runScript(TestCaseExecutor.java:442)
	at com.kms.katalon.core.main.TestCaseExecutor.doExecute(TestCaseExecutor.java:433)
	at com.kms.katalon.core.main.TestCaseExecutor.processExecutionPhase(TestCaseExecutor.java:412)
	at com.kms.katalon.core.main.TestCaseExecutor.accessMainPhase(TestCaseExecutor.java:404)
	at com.kms.katalon.core.main.TestCaseExecutor.execute(TestCaseExecutor.java:281)
	at com.kms.katalon.core.main.TestSuiteExecutor.accessTestCaseMainPhase(TestSuiteExecutor.java:202)
	at com.kms.katalon.core.main.TestSuiteExecutor.accessTestSuiteMainPhase(TestSuiteExecutor.java:164)
	at com.kms.katalon.core.main.TestSuiteExecutor.execute(TestSuiteExecutor.java:105)
	at com.kms.katalon.core.main.TestCaseMain.startTestSuite(TestCaseMain.java:185)
	at com.kms.katalon.core.main.TestCaseMain$startTestSuite$0.call(Unknown Source)
	at TempTestSuite1676514794135.run(TempTestSuite1676514794135.groovy:36)]]></system-err>
      </testcase>
      <testcase name="Test Cases/RecAndPlayBk/VLink/Debit-RemID-Pipe" time="0.85" classname="Test Cases/RecAndPlayBk/VLink/Debit-RemID-Pipe" status="ERROR">
         <error type="ERROR" message="Test Cases/RecAndPlayBk/VLink/Debit-RemID-Pipe FAILED.
Reason:
java.lang.ClassFormatError: Illegal method name &quot;adminSuiteBootstrap.debitCorporatesetData.debitCorporate_DataDriven&quot; in class CustomKeywords
	at com.kms.katalon.core.main.ScriptEngine.getScript(ScriptEngine.java:199)
	at com.kms.katalon.core.main.ScriptEngine.run(ScriptEngine.java:194)
	at com.kms.katalon.core.main.ScriptEngine.runScriptAsRawText(ScriptEngine.java:119)
	at com.kms.katalon.core.main.TestCaseExecutor.runScript(TestCaseExecutor.java:442)
	at com.kms.katalon.core.main.TestCaseExecutor.doExecute(TestCaseExecutor.java:433)
	at com.kms.katalon.core.main.TestCaseExecutor.processExecutionPhase(TestCaseExecutor.java:412)
	at com.kms.katalon.core.main.TestCaseExecutor.accessMainPhase(TestCaseExecutor.java:404)
	at com.kms.katalon.core.main.TestCaseExecutor.execute(TestCaseExecutor.java:281)
	at com.kms.katalon.core.main.TestSuiteExecutor.accessTestCaseMainPhase(TestSuiteExecutor.java:202)
	at com.kms.katalon.core.main.TestSuiteExecutor.accessTestSuiteMainPhase(TestSuiteExecutor.java:164)
	at com.kms.katalon.core.main.TestSuiteExecutor.execute(TestSuiteExecutor.java:105)
	at com.kms.katalon.core.main.TestCaseMain.startTestSuite(TestCaseMain.java:185)
	at com.kms.katalon.core.main.TestCaseMain$startTestSuite$0.call(Unknown Source)
	at TempTestSuite1676514794135.run(TempTestSuite1676514794135.groovy:36)
"/>
         <system-out><![CDATA[2023-02-15 21:51:07 - [TEST_CASE][ERROR] - Test Cases/RecAndPlayBk/VLink/Debit-RemID-Pipe: Test Cases/RecAndPlayBk/VLink/Debit-RemID-Pipe FAILED.
Reason:
java.lang.ClassFormatError: Illegal method name "adminSuiteBootstrap.debitCorporatesetData.debitCorporate_DataDriven" in class CustomKeywords
	at com.kms.katalon.core.main.ScriptEngine.getScript(ScriptEngine.java:199)
	at com.kms.katalon.core.main.ScriptEngine.run(ScriptEngine.java:194)
	at com.kms.katalon.core.main.ScriptEngine.runScriptAsRawText(ScriptEngine.java:119)
	at com.kms.katalon.core.main.TestCaseExecutor.runScript(TestCaseExecutor.java:442)
	at com.kms.katalon.core.main.TestCaseExecutor.doExecute(TestCaseExecutor.java:433)
	at com.kms.katalon.core.main.TestCaseExecutor.processExecutionPhase(TestCaseExecutor.java:412)
	at com.kms.katalon.core.main.TestCaseExecutor.accessMainPhase(TestCaseExecutor.java:404)
	at com.kms.katalon.core.main.TestCaseExecutor.execute(TestCaseExecutor.java:281)
	at com.kms.katalon.core.main.TestSuiteExecutor.accessTestCaseMainPhase(TestSuiteExecutor.java:202)
	at com.kms.katalon.core.main.TestSuiteExecutor.accessTestSuiteMainPhase(TestSuiteExecutor.java:164)
	at com.kms.katalon.core.main.TestSuiteExecutor.execute(TestSuiteExecutor.java:105)
	at com.kms.katalon.core.main.TestCaseMain.startTestSuite(TestCaseMain.java:185)
	at com.kms.katalon.core.main.TestCaseMain$startTestSuite$0.call(Unknown Source)
	at TempTestSuite1676514794135.run(TempTestSuite1676514794135.groovy:36)]]></system-out>
         <system-err><![CDATA[2023-02-15 21:51:07 - [TEST_CASE][ERROR] - Test Cases/RecAndPlayBk/VLink/Debit-RemID-Pipe: Test Cases/RecAndPlayBk/VLink/Debit-RemID-Pipe FAILED.
Reason:
java.lang.ClassFormatError: Illegal method name "adminSuiteBootstrap.debitCorporatesetData.debitCorporate_DataDriven" in class CustomKeywords
	at com.kms.katalon.core.main.ScriptEngine.getScript(ScriptEngine.java:199)
	at com.kms.katalon.core.main.ScriptEngine.run(ScriptEngine.java:194)
	at com.kms.katalon.core.main.ScriptEngine.runScriptAsRawText(ScriptEngine.java:119)
	at com.kms.katalon.core.main.TestCaseExecutor.runScript(TestCaseExecutor.java:442)
	at com.kms.katalon.core.main.TestCaseExecutor.doExecute(TestCaseExecutor.java:433)
	at com.kms.katalon.core.main.TestCaseExecutor.processExecutionPhase(TestCaseExecutor.java:412)
	at com.kms.katalon.core.main.TestCaseExecutor.accessMainPhase(TestCaseExecutor.java:404)
	at com.kms.katalon.core.main.TestCaseExecutor.execute(TestCaseExecutor.java:281)
	at com.kms.katalon.core.main.TestSuiteExecutor.accessTestCaseMainPhase(TestSuiteExecutor.java:202)
	at com.kms.katalon.core.main.TestSuiteExecutor.accessTestSuiteMainPhase(TestSuiteExecutor.java:164)
	at com.kms.katalon.core.main.TestSuiteExecutor.execute(TestSuiteExecutor.java:105)
	at com.kms.katalon.core.main.TestCaseMain.startTestSuite(TestCaseMain.java:185)
	at com.kms.katalon.core.main.TestCaseMain$startTestSuite$0.call(Unknown Source)
	at TempTestSuite1676514794135.run(TempTestSuite1676514794135.groovy:36)]]></system-err>
      </testcase>
      <testcase name="Test Cases/RecAndPlayBk/VLink/Debit-Void-RemID-Pipe" time="1.746" classname="Test Cases/RecAndPlayBk/VLink/Debit-Void-RemID-Pipe" status="ERROR">
         <error type="ERROR" message="Test Cases/RecAndPlayBk/VLink/Debit-Void-RemID-Pipe FAILED.
Reason:
java.lang.ClassFormatError: Illegal method name &quot;adminSuiteBootstrap.debitCorporatesetData.debitCorporate_DataDriven&quot; in class CustomKeywords
	at com.kms.katalon.core.main.ScriptEngine.getScript(ScriptEngine.java:199)
	at com.kms.katalon.core.main.ScriptEngine.run(ScriptEngine.java:194)
	at com.kms.katalon.core.main.ScriptEngine.runScriptAsRawText(ScriptEngine.java:119)
	at com.kms.katalon.core.main.TestCaseExecutor.runScript(TestCaseExecutor.java:442)
	at com.kms.katalon.core.main.TestCaseExecutor.doExecute(TestCaseExecutor.java:433)
	at com.kms.katalon.core.main.TestCaseExecutor.processExecutionPhase(TestCaseExecutor.java:412)
	at com.kms.katalon.core.main.TestCaseExecutor.accessMainPhase(TestCaseExecutor.java:404)
	at com.kms.katalon.core.main.TestCaseExecutor.execute(TestCaseExecutor.java:281)
	at com.kms.katalon.core.main.TestSuiteExecutor.accessTestCaseMainPhase(TestSuiteExecutor.java:202)
	at com.kms.katalon.core.main.TestSuiteExecutor.accessTestSuiteMainPhase(TestSuiteExecutor.java:164)
	at com.kms.katalon.core.main.TestSuiteExecutor.execute(TestSuiteExecutor.java:105)
	at com.kms.katalon.core.main.TestCaseMain.startTestSuite(TestCaseMain.java:185)
	at com.kms.katalon.core.main.TestCaseMain$startTestSuite$0.call(Unknown Source)
	at TempTestSuite1676514794135.run(TempTestSuite1676514794135.groovy:36)
"/>
         <system-out><![CDATA[2023-02-15 21:51:08 - [TEST_CASE][ERROR] - Test Cases/RecAndPlayBk/VLink/Debit-Void-RemID-Pipe: Test Cases/RecAndPlayBk/VLink/Debit-Void-RemID-Pipe FAILED.
Reason:
java.lang.ClassFormatError: Illegal method name "adminSuiteBootstrap.debitCorporatesetData.debitCorporate_DataDriven" in class CustomKeywords
	at com.kms.katalon.core.main.ScriptEngine.getScript(ScriptEngine.java:199)
	at com.kms.katalon.core.main.ScriptEngine.run(ScriptEngine.java:194)
	at com.kms.katalon.core.main.ScriptEngine.runScriptAsRawText(ScriptEngine.java:119)
	at com.kms.katalon.core.main.TestCaseExecutor.runScript(TestCaseExecutor.java:442)
	at com.kms.katalon.core.main.TestCaseExecutor.doExecute(TestCaseExecutor.java:433)
	at com.kms.katalon.core.main.TestCaseExecutor.processExecutionPhase(TestCaseExecutor.java:412)
	at com.kms.katalon.core.main.TestCaseExecutor.accessMainPhase(TestCaseExecutor.java:404)
	at com.kms.katalon.core.main.TestCaseExecutor.execute(TestCaseExecutor.java:281)
	at com.kms.katalon.core.main.TestSuiteExecutor.accessTestCaseMainPhase(TestSuiteExecutor.java:202)
	at com.kms.katalon.core.main.TestSuiteExecutor.accessTestSuiteMainPhase(TestSuiteExecutor.java:164)
	at com.kms.katalon.core.main.TestSuiteExecutor.execute(TestSuiteExecutor.java:105)
	at com.kms.katalon.core.main.TestCaseMain.startTestSuite(TestCaseMain.java:185)
	at com.kms.katalon.core.main.TestCaseMain$startTestSuite$0.call(Unknown Source)
	at TempTestSuite1676514794135.run(TempTestSuite1676514794135.groovy:36)]]></system-out>
         <system-err><![CDATA[2023-02-15 21:51:08 - [TEST_CASE][ERROR] - Test Cases/RecAndPlayBk/VLink/Debit-Void-RemID-Pipe: Test Cases/RecAndPlayBk/VLink/Debit-Void-RemID-Pipe FAILED.
Reason:
java.lang.ClassFormatError: Illegal method name "adminSuiteBootstrap.debitCorporatesetData.debitCorporate_DataDriven" in class CustomKeywords
	at com.kms.katalon.core.main.ScriptEngine.getScript(ScriptEngine.java:199)
	at com.kms.katalon.core.main.ScriptEngine.run(ScriptEngine.java:194)
	at com.kms.katalon.core.main.ScriptEngine.runScriptAsRawText(ScriptEngine.java:119)
	at com.kms.katalon.core.main.TestCaseExecutor.runScript(TestCaseExecutor.java:442)
	at com.kms.katalon.core.main.TestCaseExecutor.doExecute(TestCaseExecutor.java:433)
	at com.kms.katalon.core.main.TestCaseExecutor.processExecutionPhase(TestCaseExecutor.java:412)
	at com.kms.katalon.core.main.TestCaseExecutor.accessMainPhase(TestCaseExecutor.java:404)
	at com.kms.katalon.core.main.TestCaseExecutor.execute(TestCaseExecutor.java:281)
	at com.kms.katalon.core.main.TestSuiteExecutor.accessTestCaseMainPhase(TestSuiteExecutor.java:202)
	at com.kms.katalon.core.main.TestSuiteExecutor.accessTestSuiteMainPhase(TestSuiteExecutor.java:164)
	at com.kms.katalon.core.main.TestSuiteExecutor.execute(TestSuiteExecutor.java:105)
	at com.kms.katalon.core.main.TestCaseMain.startTestSuite(TestCaseMain.java:185)
	at com.kms.katalon.core.main.TestCaseMain$startTestSuite$0.call(Unknown Source)
	at TempTestSuite1676514794135.run(TempTestSuite1676514794135.groovy:36)]]></system-err>
      </testcase>
      <testcase name="Test Cases/RecAndPlayBk/VLink/Auth-CardNotAccepted-Error" time="5.896" classname="Test Cases/RecAndPlayBk/VLink/Auth-CardNotAccepted-Error" status="ERROR">
         <error type="ERROR" message="Test Cases/RecAndPlayBk/VLink/Auth-CardNotAccepted-Error FAILED.
Reason:
java.lang.ClassFormatError: Illegal method name &quot;adminSuiteBootstrap.debitCorporatesetData.debitCorporate_DataDriven&quot; in class CustomKeywords
	at com.kms.katalon.core.main.ScriptEngine.getScript(ScriptEngine.java:199)
	at com.kms.katalon.core.main.ScriptEngine.run(ScriptEngine.java:194)
	at com.kms.katalon.core.main.ScriptEngine.runScriptAsRawText(ScriptEngine.java:119)
	at com.kms.katalon.core.main.TestCaseExecutor.runScript(TestCaseExecutor.java:442)
	at com.kms.katalon.core.main.TestCaseExecutor.doExecute(TestCaseExecutor.java:433)
	at com.kms.katalon.core.main.TestCaseExecutor.processExecutionPhase(TestCaseExecutor.java:412)
	at com.kms.katalon.core.main.TestCaseExecutor.accessMainPhase(TestCaseExecutor.java:404)
	at com.kms.katalon.core.main.TestCaseExecutor.execute(TestCaseExecutor.java:281)
	at com.kms.katalon.core.main.TestSuiteExecutor.accessTestCaseMainPhase(TestSuiteExecutor.java:202)
	at com.kms.katalon.core.main.TestSuiteExecutor.accessTestSuiteMainPhase(TestSuiteExecutor.java:164)
	at com.kms.katalon.core.main.TestSuiteExecutor.execute(TestSuiteExecutor.java:105)
	at com.kms.katalon.core.main.TestCaseMain.startTestSuite(TestCaseMain.java:185)
	at com.kms.katalon.core.main.TestCaseMain$startTestSuite$0.call(Unknown Source)
	at TempTestSuite1676514794135.run(TempTestSuite1676514794135.groovy:36)
"/>
         <system-out><![CDATA[2023-02-15 21:51:10 - [TEST_CASE][ERROR] - Test Cases/RecAndPlayBk/VLink/Auth-CardNotAccepted-Error: Test Cases/RecAndPlayBk/VLink/Auth-CardNotAccepted-Error FAILED.
Reason:
java.lang.ClassFormatError: Illegal method name "adminSuiteBootstrap.debitCorporatesetData.debitCorporate_DataDriven" in class CustomKeywords
	at com.kms.katalon.core.main.ScriptEngine.getScript(ScriptEngine.java:199)
	at com.kms.katalon.core.main.ScriptEngine.run(ScriptEngine.java:194)
	at com.kms.katalon.core.main.ScriptEngine.runScriptAsRawText(ScriptEngine.java:119)
	at com.kms.katalon.core.main.TestCaseExecutor.runScript(TestCaseExecutor.java:442)
	at com.kms.katalon.core.main.TestCaseExecutor.doExecute(TestCaseExecutor.java:433)
	at com.kms.katalon.core.main.TestCaseExecutor.processExecutionPhase(TestCaseExecutor.java:412)
	at com.kms.katalon.core.main.TestCaseExecutor.accessMainPhase(TestCaseExecutor.java:404)
	at com.kms.katalon.core.main.TestCaseExecutor.execute(TestCaseExecutor.java:281)
	at com.kms.katalon.core.main.TestSuiteExecutor.accessTestCaseMainPhase(TestSuiteExecutor.java:202)
	at com.kms.katalon.core.main.TestSuiteExecutor.accessTestSuiteMainPhase(TestSuiteExecutor.java:164)
	at com.kms.katalon.core.main.TestSuiteExecutor.execute(TestSuiteExecutor.java:105)
	at com.kms.katalon.core.main.TestCaseMain.startTestSuite(TestCaseMain.java:185)
	at com.kms.katalon.core.main.TestCaseMain$startTestSuite$0.call(Unknown Source)
	at TempTestSuite1676514794135.run(TempTestSuite1676514794135.groovy:36)]]></system-out>
         <system-err><![CDATA[2023-02-15 21:51:10 - [TEST_CASE][ERROR] - Test Cases/RecAndPlayBk/VLink/Auth-CardNotAccepted-Error: Test Cases/RecAndPlayBk/VLink/Auth-CardNotAccepted-Error FAILED.
Reason:
java.lang.ClassFormatError: Illegal method name "adminSuiteBootstrap.debitCorporatesetData.debitCorporate_DataDriven" in class CustomKeywords
	at com.kms.katalon.core.main.ScriptEngine.getScript(ScriptEngine.java:199)
	at com.kms.katalon.core.main.ScriptEngine.run(ScriptEngine.java:194)
	at com.kms.katalon.core.main.ScriptEngine.runScriptAsRawText(ScriptEngine.java:119)
	at com.kms.katalon.core.main.TestCaseExecutor.runScript(TestCaseExecutor.java:442)
	at com.kms.katalon.core.main.TestCaseExecutor.doExecute(TestCaseExecutor.java:433)
	at com.kms.katalon.core.main.TestCaseExecutor.processExecutionPhase(TestCaseExecutor.java:412)
	at com.kms.katalon.core.main.TestCaseExecutor.accessMainPhase(TestCaseExecutor.java:404)
	at com.kms.katalon.core.main.TestCaseExecutor.execute(TestCaseExecutor.java:281)
	at com.kms.katalon.core.main.TestSuiteExecutor.accessTestCaseMainPhase(TestSuiteExecutor.java:202)
	at com.kms.katalon.core.main.TestSuiteExecutor.accessTestSuiteMainPhase(TestSuiteExecutor.java:164)
	at com.kms.katalon.core.main.TestSuiteExecutor.execute(TestSuiteExecutor.java:105)
	at com.kms.katalon.core.main.TestCaseMain.startTestSuite(TestCaseMain.java:185)
	at com.kms.katalon.core.main.TestCaseMain$startTestSuite$0.call(Unknown Source)
	at TempTestSuite1676514794135.run(TempTestSuite1676514794135.groovy:36)]]></system-err>
      </testcase>
      <testcase name="Test Cases/RecAndPlayBk/VLink/Sale-CardNotAccepted-Error" time="1.344" classname="Test Cases/RecAndPlayBk/VLink/Sale-CardNotAccepted-Error" status="ERROR">
         <error type="ERROR" message="Test Cases/RecAndPlayBk/VLink/Sale-CardNotAccepted-Error FAILED.
Reason:
java.lang.ClassFormatError: Illegal method name &quot;adminSuiteBootstrap.debitCorporatesetData.debitCorporate_DataDriven&quot; in class CustomKeywords
	at com.kms.katalon.core.main.ScriptEngine.getScript(ScriptEngine.java:199)
	at com.kms.katalon.core.main.ScriptEngine.run(ScriptEngine.java:194)
	at com.kms.katalon.core.main.ScriptEngine.runScriptAsRawText(ScriptEngine.java:119)
	at com.kms.katalon.core.main.TestCaseExecutor.runScript(TestCaseExecutor.java:442)
	at com.kms.katalon.core.main.TestCaseExecutor.doExecute(TestCaseExecutor.java:433)
	at com.kms.katalon.core.main.TestCaseExecutor.processExecutionPhase(TestCaseExecutor.java:412)
	at com.kms.katalon.core.main.TestCaseExecutor.accessMainPhase(TestCaseExecutor.java:404)
	at com.kms.katalon.core.main.TestCaseExecutor.execute(TestCaseExecutor.java:281)
	at com.kms.katalon.core.main.TestSuiteExecutor.accessTestCaseMainPhase(TestSuiteExecutor.java:202)
	at com.kms.katalon.core.main.TestSuiteExecutor.accessTestSuiteMainPhase(TestSuiteExecutor.java:164)
	at com.kms.katalon.core.main.TestSuiteExecutor.execute(TestSuiteExecutor.java:105)
	at com.kms.katalon.core.main.TestCaseMain.startTestSuite(TestCaseMain.java:185)
	at com.kms.katalon.core.main.TestCaseMain$startTestSuite$0.call(Unknown Source)
	at TempTestSuite1676514794135.run(TempTestSuite1676514794135.groovy:36)
"/>
         <system-out><![CDATA[2023-02-15 21:51:16 - [TEST_CASE][ERROR] - Test Cases/RecAndPlayBk/VLink/Sale-CardNotAccepted-Error: Test Cases/RecAndPlayBk/VLink/Sale-CardNotAccepted-Error FAILED.
Reason:
java.lang.ClassFormatError: Illegal method name "adminSuiteBootstrap.debitCorporatesetData.debitCorporate_DataDriven" in class CustomKeywords
	at com.kms.katalon.core.main.ScriptEngine.getScript(ScriptEngine.java:199)
	at com.kms.katalon.core.main.ScriptEngine.run(ScriptEngine.java:194)
	at com.kms.katalon.core.main.ScriptEngine.runScriptAsRawText(ScriptEngine.java:119)
	at com.kms.katalon.core.main.TestCaseExecutor.runScript(TestCaseExecutor.java:442)
	at com.kms.katalon.core.main.TestCaseExecutor.doExecute(TestCaseExecutor.java:433)
	at com.kms.katalon.core.main.TestCaseExecutor.processExecutionPhase(TestCaseExecutor.java:412)
	at com.kms.katalon.core.main.TestCaseExecutor.accessMainPhase(TestCaseExecutor.java:404)
	at com.kms.katalon.core.main.TestCaseExecutor.execute(TestCaseExecutor.java:281)
	at com.kms.katalon.core.main.TestSuiteExecutor.accessTestCaseMainPhase(TestSuiteExecutor.java:202)
	at com.kms.katalon.core.main.TestSuiteExecutor.accessTestSuiteMainPhase(TestSuiteExecutor.java:164)
	at com.kms.katalon.core.main.TestSuiteExecutor.execute(TestSuiteExecutor.java:105)
	at com.kms.katalon.core.main.TestCaseMain.startTestSuite(TestCaseMain.java:185)
	at com.kms.katalon.core.main.TestCaseMain$startTestSuite$0.call(Unknown Source)
	at TempTestSuite1676514794135.run(TempTestSuite1676514794135.groovy:36)]]></system-out>
         <system-err><![CDATA[2023-02-15 21:51:16 - [TEST_CASE][ERROR] - Test Cases/RecAndPlayBk/VLink/Sale-CardNotAccepted-Error: Test Cases/RecAndPlayBk/VLink/Sale-CardNotAccepted-Error FAILED.
Reason:
java.lang.ClassFormatError: Illegal method name "adminSuiteBootstrap.debitCorporatesetData.debitCorporate_DataDriven" in class CustomKeywords
	at com.kms.katalon.core.main.ScriptEngine.getScript(ScriptEngine.java:199)
	at com.kms.katalon.core.main.ScriptEngine.run(ScriptEngine.java:194)
	at com.kms.katalon.core.main.ScriptEngine.runScriptAsRawText(ScriptEngine.java:119)
	at com.kms.katalon.core.main.TestCaseExecutor.runScript(TestCaseExecutor.java:442)
	at com.kms.katalon.core.main.TestCaseExecutor.doExecute(TestCaseExecutor.java:433)
	at com.kms.katalon.core.main.TestCaseExecutor.processExecutionPhase(TestCaseExecutor.java:412)
	at com.kms.katalon.core.main.TestCaseExecutor.accessMainPhase(TestCaseExecutor.java:404)
	at com.kms.katalon.core.main.TestCaseExecutor.execute(TestCaseExecutor.java:281)
	at com.kms.katalon.core.main.TestSuiteExecutor.accessTestCaseMainPhase(TestSuiteExecutor.java:202)
	at com.kms.katalon.core.main.TestSuiteExecutor.accessTestSuiteMainPhase(TestSuiteExecutor.java:164)
	at com.kms.katalon.core.main.TestSuiteExecutor.execute(TestSuiteExecutor.java:105)
	at com.kms.katalon.core.main.TestCaseMain.startTestSuite(TestCaseMain.java:185)
	at com.kms.katalon.core.main.TestCaseMain$startTestSuite$0.call(Unknown Source)
	at TempTestSuite1676514794135.run(TempTestSuite1676514794135.groovy:36)]]></system-err>
      </testcase>
      <system-out><![CDATA[2023-02-15 21:33:20 - [TEST_SUITE][FAILED] - QA_Smoke_Test: Test Cases/RecAndPlayBk/VLink/AuthOnly FAILED.
Reason:
com.kms.katalon.core.exception.StepFailedException: Text 'Transaction approved, no errors' is not present on page  using regular expression (Root cause: com.kms.katalon.core.exception.StepFailedException: Text 'Transaction approved, no errors' is not present on page  using regular expression
	at com.kms.katalon.core.webui.keyword.internal.WebUIKeywordMain.stepFailed(WebUIKeywordMain.groovy:64)
	at com.kms.katalon.core.webui.keyword.builtin.VerifyTextPresentKeyword$_verifyTextPresent_closure1.doCall(VerifyTextPresentKeyword.groovy:79)
	at com.kms.katalon.core.webui.keyword.builtin.VerifyTextPresentKeyword$_verifyTextPresent_closure1.call(VerifyTextPresentKeyword.groovy)
	at com.kms.katalon.core.webui.keyword.internal.WebUIKeywordMain.runKeyword(WebUIKeywordMain.groovy:20)
	at com.kms.katalon.core.webui.keyword.builtin.VerifyTextPresentKeyword.verifyTextPresent(VerifyTextPresentKeyword.groovy:83)
	at com.kms.katalon.core.webui.keyword.builtin.VerifyTextPresentKeyword.execute(VerifyTextPresentKeyword.groovy:68)
	at com.kms.katalon.core.keyword.internal.KeywordExecutor.executeKeywordForPlatform(KeywordExecutor.groovy:74)
	at com.kms.katalon.core.webui.keyword.WebUiBuiltInKeywords.verifyTextPresent(WebUiBuiltInKeywords.groovy:1723)
	at com.kms.katalon.core.webui.keyword.WebUiBuiltInKeywords$verifyTextPresent$4.call(Unknown Source)
	at AuthOnly.run(AuthOnly:157)
	at com.kms.katalon.core.main.ScriptEngine.run(ScriptEngine.java:194)
	at com.kms.katalon.core.main.ScriptEngine.runScriptAsRawText(ScriptEngine.java:119)
	at com.kms.katalon.core.main.TestCaseExecutor.runScript(TestCaseExecutor.java:442)
	at com.kms.katalon.core.main.TestCaseExecutor.doExecute(TestCaseExecutor.java:433)
	at com.kms.katalon.core.main.TestCaseExecutor.processExecutionPhase(TestCaseExecutor.java:412)
	at com.kms.katalon.core.main.TestCaseExecutor.accessMainPhase(TestCaseExecutor.java:404)
	at com.kms.katalon.core.main.TestCaseExecutor.execute(TestCaseExecutor.java:281)
	at com.kms.katalon.core.main.TestSuiteExecutor.accessTestCaseMainPhase(TestSuiteExecutor.java:202)
	at com.kms.katalon.core.main.TestSuiteExecutor.accessTestSuiteMainPhase(TestSuiteExecutor.java:164)
	at com.kms.katalon.core.main.TestSuiteExecutor.execute(TestSuiteExecutor.java:105)
	at com.kms.katalon.core.main.TestCaseMain.startTestSuite(TestCaseMain.java:185)
	at com.kms.katalon.core.main.TestCaseMain$startTestSuite$0.call(Unknown Source)
	at TempTestSuite1676514794135.run(TempTestSuite1676514794135.groovy:36)
)
	at com.kms.katalon.core.keyword.internal.KeywordMain.stepFailed(KeywordMain.groovy:39)
	at com.kms.katalon.core.webui.keyword.internal.WebUIKeywordMain.stepFailed(WebUIKeywordMain.groovy:64)
	at com.kms.katalon.core.webui.keyword.builtin.VerifyTextPresentKeyword$_verifyTextPresent_closure1.doCall(VerifyTextPresentKeyword.groovy:79)
	at com.kms.katalon.core.webui.keyword.builtin.VerifyTextPresentKeyword$_verifyTextPresent_closure1.call(VerifyTextPresentKeyword.groovy)
	at com.kms.katalon.core.webui.keyword.internal.WebUIKeywordMain.runKeyword(WebUIKeywordMain.groovy:20)
	at com.kms.katalon.core.webui.keyword.builtin.VerifyTextPresentKeyword.verifyTextPresent(VerifyTextPresentKeyword.groovy:83)
	at com.kms.katalon.core.webui.keyword.builtin.VerifyTextPresentKeyword.execute(VerifyTextPresentKeyword.groovy:68)
	at com.kms.katalon.core.keyword.internal.KeywordExecutor.executeKeywordForPlatform(KeywordExecutor.groovy:74)
	at com.kms.katalon.core.webui.keyword.WebUiBuiltInKeywords.verifyTextPresent(WebUiBuiltInKeywords.groovy:1723)
	at com.kms.katalon.core.webui.keyword.WebUiBuiltInKeywords$verifyTextPresent$4.call(Unknown Source)
	at AuthOnly.run(AuthOnly:157)
	at com.kms.katalon.core.main.ScriptEngine.run(ScriptEngine.java:194)
	at com.kms.katalon.core.main.ScriptEngine.runScriptAsRawText(ScriptEngine.java:119)
	at com.kms.katalon.core.main.TestCaseExecutor.runScript(TestCaseExecutor.java:442)
	at com.kms.katalon.core.main.TestCaseExecutor.doExecute(TestCaseExecutor.java:433)
	at com.kms.katalon.core.main.TestCaseExecutor.processExecutionPhase(TestCaseExecutor.java:412)
	at com.kms.katalon.core.main.TestCaseExecutor.accessMainPhase(TestCaseExecutor.java:404)
	at com.kms.katalon.core.main.TestCaseExecutor.execute(TestCaseExecutor.java:281)
	at com.kms.katalon.core.main.TestSuiteExecutor.accessTestCaseMainPhase(TestSuiteExecutor.java:202)
	at com.kms.katalon.core.main.TestSuiteExecutor.accessTestSuiteMainPhase(TestSuiteExecutor.java:164)
	at com.kms.katalon.core.main.TestSuiteExecutor.execute(TestSuiteExecutor.java:105)
	at com.kms.katalon.core.main.TestCaseMain.startTestSuite(TestCaseMain.java:185)
	at com.kms.katalon.core.main.TestCaseMain$startTestSuite$0.call(Unknown Source)
	at TempTestSuite1676514794135.run(TempTestSuite1676514794135.groovy:36)
Caused by: com.kms.katalon.core.exception.StepFailedException: Text 'Transaction approved, no errors' is not present on page  using regular expression
	... 23 more]]></system-out>
      <system-err><![CDATA[2023-02-15 21:33:20 - [TEST_SUITE][FAILED] - QA_Smoke_Test: Test Cases/RecAndPlayBk/VLink/AuthOnly FAILED.
Reason:
com.kms.katalon.core.exception.StepFailedException: Text 'Transaction approved, no errors' is not present on page  using regular expression (Root cause: com.kms.katalon.core.exception.StepFailedException: Text 'Transaction approved, no errors' is not present on page  using regular expression
	at com.kms.katalon.core.webui.keyword.internal.WebUIKeywordMain.stepFailed(WebUIKeywordMain.groovy:64)
	at com.kms.katalon.core.webui.keyword.builtin.VerifyTextPresentKeyword$_verifyTextPresent_closure1.doCall(VerifyTextPresentKeyword.groovy:79)
	at com.kms.katalon.core.webui.keyword.builtin.VerifyTextPresentKeyword$_verifyTextPresent_closure1.call(VerifyTextPresentKeyword.groovy)
	at com.kms.katalon.core.webui.keyword.internal.WebUIKeywordMain.runKeyword(WebUIKeywordMain.groovy:20)
	at com.kms.katalon.core.webui.keyword.builtin.VerifyTextPresentKeyword.verifyTextPresent(VerifyTextPresentKeyword.groovy:83)
	at com.kms.katalon.core.webui.keyword.builtin.VerifyTextPresentKeyword.execute(VerifyTextPresentKeyword.groovy:68)
	at com.kms.katalon.core.keyword.internal.KeywordExecutor.executeKeywordForPlatform(KeywordExecutor.groovy:74)
	at com.kms.katalon.core.webui.keyword.WebUiBuiltInKeywords.verifyTextPresent(WebUiBuiltInKeywords.groovy:1723)
	at com.kms.katalon.core.webui.keyword.WebUiBuiltInKeywords$verifyTextPresent$4.call(Unknown Source)
	at AuthOnly.run(AuthOnly:157)
	at com.kms.katalon.core.main.ScriptEngine.run(ScriptEngine.java:194)
	at com.kms.katalon.core.main.ScriptEngine.runScriptAsRawText(ScriptEngine.java:119)
	at com.kms.katalon.core.main.TestCaseExecutor.runScript(TestCaseExecutor.java:442)
	at com.kms.katalon.core.main.TestCaseExecutor.doExecute(TestCaseExecutor.java:433)
	at com.kms.katalon.core.main.TestCaseExecutor.processExecutionPhase(TestCaseExecutor.java:412)
	at com.kms.katalon.core.main.TestCaseExecutor.accessMainPhase(TestCaseExecutor.java:404)
	at com.kms.katalon.core.main.TestCaseExecutor.execute(TestCaseExecutor.java:281)
	at com.kms.katalon.core.main.TestSuiteExecutor.accessTestCaseMainPhase(TestSuiteExecutor.java:202)
	at com.kms.katalon.core.main.TestSuiteExecutor.accessTestSuiteMainPhase(TestSuiteExecutor.java:164)
	at com.kms.katalon.core.main.TestSuiteExecutor.execute(TestSuiteExecutor.java:105)
	at com.kms.katalon.core.main.TestCaseMain.startTestSuite(TestCaseMain.java:185)
	at com.kms.katalon.core.main.TestCaseMain$startTestSuite$0.call(Unknown Source)
	at TempTestSuite1676514794135.run(TempTestSuite1676514794135.groovy:36)
)
	at com.kms.katalon.core.keyword.internal.KeywordMain.stepFailed(KeywordMain.groovy:39)
	at com.kms.katalon.core.webui.keyword.internal.WebUIKeywordMain.stepFailed(WebUIKeywordMain.groovy:64)
	at com.kms.katalon.core.webui.keyword.builtin.VerifyTextPresentKeyword$_verifyTextPresent_closure1.doCall(VerifyTextPresentKeyword.groovy:79)
	at com.kms.katalon.core.webui.keyword.builtin.VerifyTextPresentKeyword$_verifyTextPresent_closure1.call(VerifyTextPresentKeyword.groovy)
	at com.kms.katalon.core.webui.keyword.internal.WebUIKeywordMain.runKeyword(WebUIKeywordMain.groovy:20)
	at com.kms.katalon.core.webui.keyword.builtin.VerifyTextPresentKeyword.verifyTextPresent(VerifyTextPresentKeyword.groovy:83)
	at com.kms.katalon.core.webui.keyword.builtin.VerifyTextPresentKeyword.execute(VerifyTextPresentKeyword.groovy:68)
	at com.kms.katalon.core.keyword.internal.KeywordExecutor.executeKeywordForPlatform(KeywordExecutor.groovy:74)
	at com.kms.katalon.core.webui.keyword.WebUiBuiltInKeywords.verifyTextPresent(WebUiBuiltInKeywords.groovy:1723)
	at com.kms.katalon.core.webui.keyword.WebUiBuiltInKeywords$verifyTextPresent$4.call(Unknown Source)
	at AuthOnly.run(AuthOnly:157)
	at com.kms.katalon.core.main.ScriptEngine.run(ScriptEngine.java:194)
	at com.kms.katalon.core.main.ScriptEngine.runScriptAsRawText(ScriptEngine.java:119)
	at com.kms.katalon.core.main.TestCaseExecutor.runScript(TestCaseExecutor.java:442)
	at com.kms.katalon.core.main.TestCaseExecutor.doExecute(TestCaseExecutor.java:433)
	at com.kms.katalon.core.main.TestCaseExecutor.processExecutionPhase(TestCaseExecutor.java:412)
	at com.kms.katalon.core.main.TestCaseExecutor.accessMainPhase(TestCaseExecutor.java:404)
	at com.kms.katalon.core.main.TestCaseExecutor.execute(TestCaseExecutor.java:281)
	at com.kms.katalon.core.main.TestSuiteExecutor.accessTestCaseMainPhase(TestSuiteExecutor.java:202)
	at com.kms.katalon.core.main.TestSuiteExecutor.accessTestSuiteMainPhase(TestSuiteExecutor.java:164)
	at com.kms.katalon.core.main.TestSuiteExecutor.execute(TestSuiteExecutor.java:105)
	at com.kms.katalon.core.main.TestCaseMain.startTestSuite(TestCaseMain.java:185)
	at com.kms.katalon.core.main.TestCaseMain$startTestSuite$0.call(Unknown Source)
	at TempTestSuite1676514794135.run(TempTestSuite1676514794135.groovy:36)
Caused by: com.kms.katalon.core.exception.StepFailedException: Text 'Transaction approved, no errors' is not present on page  using regular expression
	... 23 more]]></system-err>
   </testsuite>
</testsuites>
