<?xml version="1.0" encoding="UTF-8"?>
<testsuites name="RAD_UI_TestSuite" time="12.943" tests="1" failures="0" errors="0">
   <testsuite name="RAD_UI_TestSuite" tests="1" failures="0" errors="0" time="12.943" skipped="0" timestamp="2021-10-18 22:52:25" hostname="iahmed - DESKTOP-B2QI6NS.govolution.com" id="Test Suites/RAD_TestSuite/RAD_UI_TestSuite">
      <properties>
         <property name="deviceName" value=""/>
         <property name="devicePlatform" value=""/>
         <property name="logFolder" value="E:\\Cloned-Project-Katalon\\VPS-Katalon\\Reports\\20211018_225221\\RAD_TestSuite\\RAD_UI_TestSuite\\20211018_225222"/>
         <property name="logFiles" value="E:\\Cloned-Project-Katalon\\VPS-Katalon\\Reports\\20211018_225221\\RAD_TestSuite\\RAD_UI_TestSuite\\20211018_225222\\execution0.log"/>
         <property name="attachments" value=""/>
         <property name="hostName" value="iahmed - DESKTOP-B2QI6NS.govolution.com"/>
         <property name="os" value="Windows 10 64bit"/>
         <property name="katalonVersion" value="8.0.5.208"/>
         <property name="browser" value="Edge Chromium 94"/>
         <property name="hostAddress" value="172.30.2.167"/>
         <property name="sessionId" value="5aba0a6d827c86e552e319d5d66b7dae"/>
         <property name="seleniumVersion" value="3.141.59"/>
         <property name="proxyInformation" value="ProxyInformation { proxyOption=NO_PROXY, proxyServerType=HTTP, username=, password=********, proxyServerAddress=, proxyServerPort=0, executionList=&quot;&quot;, isApplyToDesiredCapabilities=true }"/>
         <property name="platform" value="Windows 10"/>
      </properties>
      <testcase name="Test Cases/RAD_TestCases/MRF_TestCases/ExtensionPayments_MRF_TC" time="11.315" classname="Test Cases/RAD_TestCases/MRF_TestCases/ExtensionPayments_MRF_TC" status="PASSED">
         <system-out><![CDATA[2021-10-18 22:52:26 - [TEST_CASE][PASSED] - Test Cases/RAD_TestCases/MRF_TestCases/ExtensionPayments_MRF_TC: Test Cases/RAD_TestCases/MRF_TestCases/ExtensionPayments_MRF_TC

2021-10-18 22:52:26 - [TEST_STEP][PASSED] - openBrowser(""): Browser is opened with url: ''

2021-10-18 22:52:27 - [MESSAGE][INFO] - Starting 'Edge Chromium' driver

2021-10-18 22:52:28 - [MESSAGE][INFO] - Action delay is set to 0 milliseconds

2021-10-18 22:52:30 - [MESSAGE][PASSED] - Browser is opened with url: ''

2021-10-18 22:52:30 - [TEST_STEP][PASSED] - maximizeWindow(): Current window maximized

2021-10-18 22:52:30 - [MESSAGE][PASSED] - Current window maximized

2021-10-18 22:52:30 - [TEST_STEP][PASSED] - navigateToUrl(RADurl): Navigate to 'https://qa.velocitypayment.com/client/rad/index.html' successfully

2021-10-18 22:52:32 - [MESSAGE][PASSED] - Navigate to 'https://qa.velocitypayment.com/client/rad/index.html' successfully

2021-10-18 22:52:32 - [TEST_STEP][PASSED] - orPath_Landing = "Object Repository/RAD_Pages/Landing_Page": null

2021-10-18 22:52:32 - [TEST_STEP][PASSED] - orPath_Amount = "Object Repository/RAD_Pages/PaymentAmount_Page": null

2021-10-18 22:52:32 - [TEST_STEP][PASSED] - orPath_FilingStatus = "Object Repository/RAD_Pages/FilingStatus_Page": null

2021-10-18 22:52:32 - [TEST_STEP][PASSED] - selectOptionByLabel(findTestObject(orPath_Landing + "/dd_TaxType"), "Extension Payments", false): All options with label 'Extension Payments' are selected in object 'Object Repository/RAD_Pages/Landing_Page/dd_TaxType' 

2021-10-18 22:52:32 - [MESSAGE][PASSED] - All options with label 'Extension Payments' are selected in object 'Object Repository/RAD_Pages/Landing_Page/dd_TaxType' 

2021-10-18 22:52:32 - [TEST_STEP][PASSED] - scrollToElement(findTestObject(orPath_Landing + "/button_Continue"), 3): Scroll to object 'Object Repository/RAD_Pages/Landing_Page/button_Continue' successfully

2021-10-18 22:52:33 - [MESSAGE][PASSED] - Scroll to object 'Object Repository/RAD_Pages/Landing_Page/button_Continue' successfully

2021-10-18 22:52:33 - [TEST_STEP][PASSED] - click(findTestObject(orPath_Landing + "/button_Continue")): Object: 'Object Repository/RAD_Pages/Landing_Page/button_Continue' is clicked on

2021-10-18 22:52:33 - [MESSAGE][PASSED] - Object: 'Object Repository/RAD_Pages/Landing_Page/button_Continue' is clicked on

2021-10-18 22:52:33 - [TEST_STEP][PASSED] - verifyTextPresent("Select a filing year", true): Text 'Select a filing year' is present on page  using regular expression

2021-10-18 22:52:33 - [MESSAGE][PASSED] - Text 'Select a filing year' is present on page  using regular expression

2021-10-18 22:52:33 - [TEST_STEP][PASSED] - verifyTextPresent("Select a payment type", true): Text 'Select a payment type' is present on page  using regular expression

2021-10-18 22:52:33 - [MESSAGE][PASSED] - Text 'Select a payment type' is present on page  using regular expression

2021-10-18 22:52:33 - [TEST_STEP][PASSED] - verifyTextPresent("Enter first name", true): Text 'Enter first name' is present on page  using regular expression

2021-10-18 22:52:34 - [MESSAGE][PASSED] - Text 'Enter first name' is present on page  using regular expression

2021-10-18 22:52:34 - [TEST_STEP][PASSED] - verifyTextPresent("Enter last name", true): Text 'Enter last name' is present on page  using regular expression

2021-10-18 22:52:34 - [MESSAGE][PASSED] - Text 'Enter last name' is present on page  using regular expression

2021-10-18 22:52:34 - [TEST_STEP][PASSED] - verifyTextPresent("Please enter a valid SSN with 9 digits", true): Text 'Please enter a valid SSN with 9 digits' is present on page  using regular expression

2021-10-18 22:52:34 - [MESSAGE][PASSED] - Text 'Please enter a valid SSN with 9 digits' is present on page  using regular expression

2021-10-18 22:52:34 - [TEST_STEP][PASSED] - verifyTextPresent("The SSN and Re-type SSN do not match", true): Text 'The SSN and Re-type SSN do not match' is present on page  using regular expression

2021-10-18 22:52:34 - [MESSAGE][PASSED] - Text 'The SSN and Re-type SSN do not match' is present on page  using regular expression

2021-10-18 22:52:34 - [TEST_STEP][PASSED] - verifyTextPresent("Select a country", true): Text 'Select a country' is present on page  using regular expression

2021-10-18 22:52:34 - [MESSAGE][PASSED] - Text 'Select a country' is present on page  using regular expression

2021-10-18 22:52:34 - [TEST_STEP][PASSED] - verifyTextPresent("Enter address", true): Text 'Enter address' is present on page  using regular expression

2021-10-18 22:52:34 - [MESSAGE][PASSED] - Text 'Enter address' is present on page  using regular expression

2021-10-18 22:52:34 - [TEST_STEP][PASSED] - verifyTextPresent("Enter city", true): Text 'Enter city' is present on page  using regular expression

2021-10-18 22:52:35 - [MESSAGE][PASSED] - Text 'Enter city' is present on page  using regular expression

2021-10-18 22:52:35 - [TEST_STEP][PASSED] - verifyTextPresent("Select a state", true): Text 'Select a state' is present on page  using regular expression

2021-10-18 22:52:35 - [MESSAGE][PASSED] - Text 'Select a state' is present on page  using regular expression

2021-10-18 22:52:35 - [TEST_STEP][PASSED] - verifyTextPresent("Enter ZIP code", true): Text 'Enter ZIP code' is present on page  using regular expression

2021-10-18 22:52:35 - [MESSAGE][PASSED] - Text 'Enter ZIP code' is present on page  using regular expression

2021-10-18 22:52:35 - [TEST_STEP][PASSED] - verifyTextPresent("Enter a phone number", true): Text 'Enter a phone number' is present on page  using regular expression

2021-10-18 22:52:35 - [MESSAGE][PASSED] - Text 'Enter a phone number' is present on page  using regular expression

2021-10-18 22:52:35 - [TEST_STEP][PASSED] - verifyTextPresent("Enter Email", true): Text 'Enter Email' is present on page  using regular expression

2021-10-18 22:52:35 - [MESSAGE][PASSED] - Text 'Enter Email' is present on page  using regular expression

2021-10-18 22:52:35 - [TEST_STEP][PASSED] - verifyTextPresent("The Email and Re-enter email do not match", true): Text 'The Email and Re-enter email do not match' is present on page  using regular expression

2021-10-18 22:52:35 - [MESSAGE][PASSED] - Text 'The Email and Re-enter email do not match' is present on page  using regular expression

2021-10-18 22:52:35 - [TEST_STEP][PASSED] - verifyTextPresent("Payment amount must be greater than zero and less than 10,000,000", true): Text 'Payment amount must be greater than zero and less than 10,000,000' is present on page  using regular expression

2021-10-18 22:52:35 - [MESSAGE][PASSED] - Text 'Payment amount must be greater than zero and less than 10,000,000' is present on page  using regular expression

2021-10-18 22:52:35 - [TEST_STEP][PASSED] - scrollToElement(findTestObject(orPath_Amount + "/input__paymentAmount"), 3): Scroll to object 'Object Repository/RAD_Pages/PaymentAmount_Page/input__paymentAmount' successfully

2021-10-18 22:52:35 - [MESSAGE][PASSED] - Scroll to object 'Object Repository/RAD_Pages/PaymentAmount_Page/input__paymentAmount' successfully

2021-10-18 22:52:35 - [TEST_STEP][PASSED] - waitForElementClickable(findTestObject(orPath_FilingStatus + "/input_userType_Joint"), 5): Object 'Object Repository/RAD_Pages/FilingStatus_Page/input_userType_Joint' is clickable

2021-10-18 22:52:36 - [MESSAGE][PASSED] - Object 'Object Repository/RAD_Pages/FilingStatus_Page/input_userType_Joint' is clickable

2021-10-18 22:52:36 - [TEST_STEP][PASSED] - click(findTestObject(orPath_FilingStatus + "/input_userType_Joint")): Object: 'Object Repository/RAD_Pages/FilingStatus_Page/input_userType_Joint' is clicked on

2021-10-18 22:52:36 - [MESSAGE][PASSED] - Object: 'Object Repository/RAD_Pages/FilingStatus_Page/input_userType_Joint' is clicked on

2021-10-18 22:52:36 - [TEST_STEP][PASSED] - scrollToElement(findTestObject(orPath_Amount + "/input__paymentAmount"), 3): Scroll to object 'Object Repository/RAD_Pages/PaymentAmount_Page/input__paymentAmount' successfully

2021-10-18 22:52:36 - [MESSAGE][PASSED] - Scroll to object 'Object Repository/RAD_Pages/PaymentAmount_Page/input__paymentAmount' successfully

2021-10-18 22:52:36 - [TEST_STEP][PASSED] - click(findTestObject(orPath_Landing + "/button_Continue")): Object: 'Object Repository/RAD_Pages/Landing_Page/button_Continue' is clicked on

2021-10-18 22:52:36 - [MESSAGE][PASSED] - Object: 'Object Repository/RAD_Pages/Landing_Page/button_Continue' is clicked on

2021-10-18 22:52:36 - [TEST_STEP][PASSED] - verifyTextPresent("Enter joint payer first name", true): Text 'Enter joint payer first name' is present on page  using regular expression

2021-10-18 22:52:37 - [MESSAGE][PASSED] - Text 'Enter joint payer first name' is present on page  using regular expression

2021-10-18 22:52:37 - [TEST_STEP][PASSED] - verifyTextPresent("Enter joint payer last name", true): Text 'Enter joint payer last name' is present on page  using regular expression

2021-10-18 22:52:37 - [MESSAGE][PASSED] - Text 'Enter joint payer last name' is present on page  using regular expression

2021-10-18 22:52:37 - [TEST_STEP][PASSED] - verifyTextPresent("Enter joint payer social security number", true): Text 'Enter joint payer social security number' is present on page  using regular expression

2021-10-18 22:52:37 - [MESSAGE][PASSED] - Text 'Enter joint payer social security number' is present on page  using regular expression

2021-10-18 22:52:37 - [TEST_STEP][PASSED] - verifyTextPresent("The joint payer SSN and Re-enter SSN do not match", true): Text 'The joint payer SSN and Re-enter SSN do not match' is present on page  using regular expression

2021-10-18 22:52:37 - [MESSAGE][PASSED] - Text 'The joint payer SSN and Re-enter SSN do not match' is present on page  using regular expression]]></system-out>
         <system-err><![CDATA[]]></system-err>
      </testcase>
      <system-out><![CDATA[2021-10-18 22:52:25 - [TEST_SUITE][PASSED] - RAD_UI_TestSuite: Test Cases/RAD_TestCases/MRF_TestCases/ExtensionPayments_MRF_TC]]></system-out>
      <system-err><![CDATA[]]></system-err>
   </testsuite>
</testsuites>
