<?xml version="1.0" encoding="UTF-8"?>
<testsuites name="QA_Smoke_Test" time="2328.769" tests="19" failures="10" errors="0">
   <testsuite name="QA_Smoke_Test" tests="19" failures="10" errors="0" time="2328.769" skipped="0" timestamp="2023-02-28 18:18:23" hostname="imtiaz - DESKTOP-B2QI6NS.govolution.com" id="Test Suites/QA/VLink/QA_Smoke_Test">
      <properties>
         <property name="deviceName" value=""/>
         <property name="devicePlatform" value=""/>
         <property name="logFolder" value="E:\\Cloned-Project-Katalon\\VPS-Katalon\\Reports\\20230228_181818\\QA\\VLink\\QA_Smoke_Test\\20230228_181818"/>
         <property name="logFiles" value="E:\\Cloned-Project-Katalon\\VPS-Katalon\\Reports\\20230228_181818\\QA\\VLink\\QA_Smoke_Test\\20230228_181818\\execution0.log"/>
         <property name="attachments" value=""/>
         <property name="hostName" value="imtiaz - DESKTOP-B2QI6NS.govolution.com"/>
         <property name="os" value="Windows 10 64bit"/>
         <property name="katalonVersion" value="8.2.5.208"/>
         <property name="browser" value="Chrome 110.0.0.0"/>
         <property name="hostAddress" value="172.31.253.135"/>
         <property name="sessionId" value="5c012d4dced84cd673cb857c3b2b82dc"/>
         <property name="seleniumVersion" value="3.141.59"/>
         <property name="proxyInformation" value="ProxyInformation { proxyOption=NO_PROXY, proxyServerType=HTTP, username=, password=********, proxyServerAddress=, proxyServerPort=0, executionList=&quot;&quot;, isApplyToDesiredCapabilities=true }"/>
         <property name="platform" value="Windows 10"/>
      </properties>
      <testcase name="Test Cases/RecAndPlayBk/VLink/AuthOnly" time="82.147" classname="Test Cases/RecAndPlayBk/VLink/AuthOnly" status="FAILED">
         <failure type="FAILED" message="Test Cases/RecAndPlayBk/VLink/AuthOnly FAILED.
Reason:
com.kms.katalon.core.exception.StepFailedException: Text 'Transaction approved, no errors' is not present on page  using regular expression (Root cause: com.kms.katalon.core.exception.StepFailedException: Text 'Transaction approved, no errors' is not present on page  using regular expression
	at com.kms.katalon.core.webui.keyword.internal.WebUIKeywordMain.stepFailed(WebUIKeywordMain.groovy:64)
	at com.kms.katalon.core.webui.keyword.builtin.VerifyTextPresentKeyword$_verifyTextPresent_closure1.doCall(VerifyTextPresentKeyword.groovy:79)
	at com.kms.katalon.core.webui.keyword.builtin.VerifyTextPresentKeyword$_verifyTextPresent_closure1.call(VerifyTextPresentKeyword.groovy)
	at com.kms.katalon.core.webui.keyword.internal.WebUIKeywordMain.runKeyword(WebUIKeywordMain.groovy:20)
	at com.kms.katalon.core.webui.keyword.builtin.VerifyTextPresentKeyword.verifyTextPresent(VerifyTextPresentKeyword.groovy:83)
	at com.kms.katalon.core.webui.keyword.builtin.VerifyTextPresentKeyword.execute(VerifyTextPresentKeyword.groovy:68)
	at com.kms.katalon.core.keyword.internal.KeywordExecutor.executeKeywordForPlatform(KeywordExecutor.groovy:74)
	at com.kms.katalon.core.webui.keyword.WebUiBuiltInKeywords.verifyTextPresent(WebUiBuiltInKeywords.groovy:1723)
	at com.kms.katalon.core.webui.keyword.WebUiBuiltInKeywords$verifyTextPresent$4.call(Unknown Source)
	at AuthOnly.run(AuthOnly:163)
	at com.kms.katalon.core.main.ScriptEngine.run(ScriptEngine.java:194)
	at com.kms.katalon.core.main.ScriptEngine.runScriptAsRawText(ScriptEngine.java:119)
	at com.kms.katalon.core.main.TestCaseExecutor.runScript(TestCaseExecutor.java:442)
	at com.kms.katalon.core.main.TestCaseExecutor.doExecute(TestCaseExecutor.java:433)
	at com.kms.katalon.core.main.TestCaseExecutor.processExecutionPhase(TestCaseExecutor.java:412)
	at com.kms.katalon.core.main.TestCaseExecutor.accessMainPhase(TestCaseExecutor.java:404)
	at com.kms.katalon.core.main.TestCaseExecutor.execute(TestCaseExecutor.java:281)
	at com.kms.katalon.core.main.TestSuiteExecutor.accessTestCaseMainPhase(TestSuiteExecutor.java:202)
	at com.kms.katalon.core.main.TestSuiteExecutor.accessTestSuiteMainPhase(TestSuiteExecutor.java:164)
	at com.kms.katalon.core.main.TestSuiteExecutor.execute(TestSuiteExecutor.java:105)
	at com.kms.katalon.core.main.TestCaseMain.startTestSuite(TestCaseMain.java:185)
	at com.kms.katalon.core.main.TestCaseMain$startTestSuite$0.call(Unknown Source)
	at TempTestSuite1677626298320.run(TempTestSuite1677626298320.groovy:36)
)
	at com.kms.katalon.core.keyword.internal.KeywordMain.stepFailed(KeywordMain.groovy:39)
	at com.kms.katalon.core.webui.keyword.internal.WebUIKeywordMain.stepFailed(WebUIKeywordMain.groovy:64)
	at com.kms.katalon.core.webui.keyword.builtin.VerifyTextPresentKeyword$_verifyTextPresent_closure1.doCall(VerifyTextPresentKeyword.groovy:79)
	at com.kms.katalon.core.webui.keyword.builtin.VerifyTextPresentKeyword$_verifyTextPresent_closure1.call(VerifyTextPresentKeyword.groovy)
	at com.kms.katalon.core.webui.keyword.internal.WebUIKeywordMain.runKeyword(WebUIKeywordMain.groovy:20)
	at com.kms.katalon.core.webui.keyword.builtin.VerifyTextPresentKeyword.verifyTextPresent(VerifyTextPresentKeyword.groovy:83)
	at com.kms.katalon.core.webui.keyword.builtin.VerifyTextPresentKeyword.execute(VerifyTextPresentKeyword.groovy:68)
	at com.kms.katalon.core.keyword.internal.KeywordExecutor.executeKeywordForPlatform(KeywordExecutor.groovy:74)
	at com.kms.katalon.core.webui.keyword.WebUiBuiltInKeywords.verifyTextPresent(WebUiBuiltInKeywords.groovy:1723)
	at com.kms.katalon.core.webui.keyword.WebUiBuiltInKeywords$verifyTextPresent$4.call(Unknown Source)
	at AuthOnly.run(AuthOnly:163)
	at com.kms.katalon.core.main.ScriptEngine.run(ScriptEngine.java:194)
	at com.kms.katalon.core.main.ScriptEngine.runScriptAsRawText(ScriptEngine.java:119)
	at com.kms.katalon.core.main.TestCaseExecutor.runScript(TestCaseExecutor.java:442)
	at com.kms.katalon.core.main.TestCaseExecutor.doExecute(TestCaseExecutor.java:433)
	at com.kms.katalon.core.main.TestCaseExecutor.processExecutionPhase(TestCaseExecutor.java:412)
	at com.kms.katalon.core.main.TestCaseExecutor.accessMainPhase(TestCaseExecutor.java:404)
	at com.kms.katalon.core.main.TestCaseExecutor.execute(TestCaseExecutor.java:281)
	at com.kms.katalon.core.main.TestSuiteExecutor.accessTestCaseMainPhase(TestSuiteExecutor.java:202)
	at com.kms.katalon.core.main.TestSuiteExecutor.accessTestSuiteMainPhase(TestSuiteExecutor.java:164)
	at com.kms.katalon.core.main.TestSuiteExecutor.execute(TestSuiteExecutor.java:105)
	at com.kms.katalon.core.main.TestCaseMain.startTestSuite(TestCaseMain.java:185)
	at com.kms.katalon.core.main.TestCaseMain$startTestSuite$0.call(Unknown Source)
	at TempTestSuite1677626298320.run(TempTestSuite1677626298320.groovy:36)
Caused by: com.kms.katalon.core.exception.StepFailedException: Text 'Transaction approved, no errors' is not present on page  using regular expression
	... 23 more
"/>
         <system-out><![CDATA[2023-02-28 18:18:24 - [TEST_CASE][FAILED] - Test Cases/RecAndPlayBk/VLink/AuthOnly: Test Cases/RecAndPlayBk/VLink/AuthOnly FAILED.
Reason:
com.kms.katalon.core.exception.StepFailedException: Text 'Transaction approved, no errors' is not present on page  using regular expression (Root cause: com.kms.katalon.core.exception.StepFailedException: Text 'Transaction approved, no errors' is not present on page  using regular expression
	at com.kms.katalon.core.webui.keyword.internal.WebUIKeywordMain.stepFailed(WebUIKeywordMain.groovy:64)
	at com.kms.katalon.core.webui.keyword.builtin.VerifyTextPresentKeyword$_verifyTextPresent_closure1.doCall(VerifyTextPresentKeyword.groovy:79)
	at com.kms.katalon.core.webui.keyword.builtin.VerifyTextPresentKeyword$_verifyTextPresent_closure1.call(VerifyTextPresentKeyword.groovy)
	at com.kms.katalon.core.webui.keyword.internal.WebUIKeywordMain.runKeyword(WebUIKeywordMain.groovy:20)
	at com.kms.katalon.core.webui.keyword.builtin.VerifyTextPresentKeyword.verifyTextPresent(VerifyTextPresentKeyword.groovy:83)
	at com.kms.katalon.core.webui.keyword.builtin.VerifyTextPresentKeyword.execute(VerifyTextPresentKeyword.groovy:68)
	at com.kms.katalon.core.keyword.internal.KeywordExecutor.executeKeywordForPlatform(KeywordExecutor.groovy:74)
	at com.kms.katalon.core.webui.keyword.WebUiBuiltInKeywords.verifyTextPresent(WebUiBuiltInKeywords.groovy:1723)
	at com.kms.katalon.core.webui.keyword.WebUiBuiltInKeywords$verifyTextPresent$4.call(Unknown Source)
	at AuthOnly.run(AuthOnly:163)
	at com.kms.katalon.core.main.ScriptEngine.run(ScriptEngine.java:194)
	at com.kms.katalon.core.main.ScriptEngine.runScriptAsRawText(ScriptEngine.java:119)
	at com.kms.katalon.core.main.TestCaseExecutor.runScript(TestCaseExecutor.java:442)
	at com.kms.katalon.core.main.TestCaseExecutor.doExecute(TestCaseExecutor.java:433)
	at com.kms.katalon.core.main.TestCaseExecutor.processExecutionPhase(TestCaseExecutor.java:412)
	at com.kms.katalon.core.main.TestCaseExecutor.accessMainPhase(TestCaseExecutor.java:404)
	at com.kms.katalon.core.main.TestCaseExecutor.execute(TestCaseExecutor.java:281)
	at com.kms.katalon.core.main.TestSuiteExecutor.accessTestCaseMainPhase(TestSuiteExecutor.java:202)
	at com.kms.katalon.core.main.TestSuiteExecutor.accessTestSuiteMainPhase(TestSuiteExecutor.java:164)
	at com.kms.katalon.core.main.TestSuiteExecutor.execute(TestSuiteExecutor.java:105)
	at com.kms.katalon.core.main.TestCaseMain.startTestSuite(TestCaseMain.java:185)
	at com.kms.katalon.core.main.TestCaseMain$startTestSuite$0.call(Unknown Source)
	at TempTestSuite1677626298320.run(TempTestSuite1677626298320.groovy:36)
)
	at com.kms.katalon.core.keyword.internal.KeywordMain.stepFailed(KeywordMain.groovy:39)
	at com.kms.katalon.core.webui.keyword.internal.WebUIKeywordMain.stepFailed(WebUIKeywordMain.groovy:64)
	at com.kms.katalon.core.webui.keyword.builtin.VerifyTextPresentKeyword$_verifyTextPresent_closure1.doCall(VerifyTextPresentKeyword.groovy:79)
	at com.kms.katalon.core.webui.keyword.builtin.VerifyTextPresentKeyword$_verifyTextPresent_closure1.call(VerifyTextPresentKeyword.groovy)
	at com.kms.katalon.core.webui.keyword.internal.WebUIKeywordMain.runKeyword(WebUIKeywordMain.groovy:20)
	at com.kms.katalon.core.webui.keyword.builtin.VerifyTextPresentKeyword.verifyTextPresent(VerifyTextPresentKeyword.groovy:83)
	at com.kms.katalon.core.webui.keyword.builtin.VerifyTextPresentKeyword.execute(VerifyTextPresentKeyword.groovy:68)
	at com.kms.katalon.core.keyword.internal.KeywordExecutor.executeKeywordForPlatform(KeywordExecutor.groovy:74)
	at com.kms.katalon.core.webui.keyword.WebUiBuiltInKeywords.verifyTextPresent(WebUiBuiltInKeywords.groovy:1723)
	at com.kms.katalon.core.webui.keyword.WebUiBuiltInKeywords$verifyTextPresent$4.call(Unknown Source)
	at AuthOnly.run(AuthOnly:163)
	at com.kms.katalon.core.main.ScriptEngine.run(ScriptEngine.java:194)
	at com.kms.katalon.core.main.ScriptEngine.runScriptAsRawText(ScriptEngine.java:119)
	at com.kms.katalon.core.main.TestCaseExecutor.runScript(TestCaseExecutor.java:442)
	at com.kms.katalon.core.main.TestCaseExecutor.doExecute(TestCaseExecutor.java:433)
	at com.kms.katalon.core.main.TestCaseExecutor.processExecutionPhase(TestCaseExecutor.java:412)
	at com.kms.katalon.core.main.TestCaseExecutor.accessMainPhase(TestCaseExecutor.java:404)
	at com.kms.katalon.core.main.TestCaseExecutor.execute(TestCaseExecutor.java:281)
	at com.kms.katalon.core.main.TestSuiteExecutor.accessTestCaseMainPhase(TestSuiteExecutor.java:202)
	at com.kms.katalon.core.main.TestSuiteExecutor.accessTestSuiteMainPhase(TestSuiteExecutor.java:164)
	at com.kms.katalon.core.main.TestSuiteExecutor.execute(TestSuiteExecutor.java:105)
	at com.kms.katalon.core.main.TestCaseMain.startTestSuite(TestCaseMain.java:185)
	at com.kms.katalon.core.main.TestCaseMain$startTestSuite$0.call(Unknown Source)
	at TempTestSuite1677626298320.run(TempTestSuite1677626298320.groovy:36)
Caused by: com.kms.katalon.core.exception.StepFailedException: Text 'Transaction approved, no errors' is not present on page  using regular expression
	... 23 more


2023-02-28 18:18:25 - [TEST_STEP][PASSED] - executionProfile = getExecutionProfile(): null

2023-02-28 18:18:25 - [TEST_STEP][PASSED] - out.println("executionProfile : " + executionProfile): null

2023-02-28 18:18:25 - [TEST_STEP][PASSED] - appName = <not implemented yet for class: org.codehaus.groovy.ast.expr.EmptyExpression>: null

2023-02-28 18:18:25 - [TEST_STEP][PASSED] - appID = <not implemented yet for class: org.codehaus.groovy.ast.expr.EmptyExpression>: null

2023-02-28 18:18:25 - [TEST_STEP][PASSED] - username = <not implemented yet for class: org.codehaus.groovy.ast.expr.EmptyExpression>: null

2023-02-28 18:18:25 - [TEST_STEP][PASSED] - password = <not implemented yet for class: org.codehaus.groovy.ast.expr.EmptyExpression>: null

2023-02-28 18:18:25 - [TEST_STEP][PASSED] - cardNameV = <not implemented yet for class: org.codehaus.groovy.ast.expr.EmptyExpression>: null

2023-02-28 18:18:25 - [TEST_STEP][PASSED] - al1V = <not implemented yet for class: org.codehaus.groovy.ast.expr.EmptyExpression>: null

2023-02-28 18:18:25 - [TEST_STEP][PASSED] - al2V = <not implemented yet for class: org.codehaus.groovy.ast.expr.EmptyExpression>: null

2023-02-28 18:18:25 - [TEST_STEP][PASSED] - zipV = <not implemented yet for class: org.codehaus.groovy.ast.expr.EmptyExpression>: null

2023-02-28 18:18:25 - [TEST_STEP][PASSED] - cardTypeV = <not implemented yet for class: org.codehaus.groovy.ast.expr.EmptyExpression>: null

2023-02-28 18:18:25 - [TEST_STEP][PASSED] - last4V = <not implemented yet for class: org.codehaus.groovy.ast.expr.EmptyExpression>: null

2023-02-28 18:18:25 - [TEST_STEP][PASSED] - resText = "Fail": null

2023-02-28 18:18:25 - [TEST_STEP][PASSED] - resColumn = "Result": null

2023-02-28 18:18:25 - [TEST_STEP][PASSED] - datCloumn = "Date": null

2023-02-28 18:18:25 - [TEST_STEP][PASSED] - fileLoc = "KatalonData/VLinkSmokeData.xlsx": null

2023-02-28 18:18:25 - [TEST_STEP][PASSED] - numOfRows = <not implemented yet for class: org.codehaus.groovy.ast.expr.EmptyExpression>: null

2023-02-28 18:18:25 - [TEST_STEP][PASSED] - dataFile = <not implemented yet for class: org.codehaus.groovy.ast.expr.EmptyExpression>: null

2023-02-28 18:18:25 - [TEST_STEP][PASSED] - nameSheet = <not implemented yet for class: org.codehaus.groovy.ast.expr.EmptyExpression>: null

2023-02-28 18:18:25 - [TEST_STEP][PASSED] - nameSheet = "Auth": null

2023-02-28 18:18:25 - [TEST_STEP][PASSED] - numOfRows = findTestData("QA/VLinkTestData/VLinkSmokeData").getRowNumbers(): null

2023-02-28 18:18:26 - [TEST_STEP][PASSED] - println("Number of Records: " + numOfRows): null

2023-02-28 18:18:26 - [TEST_STEP][PASSED] - dataFile = "QA/VLinkTestData/VLinkSmokeData": null

2023-02-28 18:18:26 - [TEST_STEP][FAILED] - for ([row = 1, row <= numOfRows, (row++)]): null

2023-02-28 18:18:26 - [TEST_STEP][PASSED] - ExecuteTC = findTestData(dataFile).getValue("Execute", row): null

2023-02-28 18:18:26 - [TEST_STEP][PASSED] - out.println("Value of Execute is : " + ExecuteTC): null

2023-02-28 18:18:26 - [TEST_STEP][PASSED] - switch (executionProfile): null

2023-02-28 18:18:26 - [TEST_STEP][PASSED] - case "Demo2Profile":: null

2023-02-28 18:18:26 - [TEST_STEP][PASSED] - appID = findTestData(dataFile).getValue("AppIDDemo", row): null

2023-02-28 18:18:26 - [TEST_STEP][PASSED] - username = findTestData(dataFile).getValue("UsernameDemo", row): null

2023-02-28 18:18:26 - [TEST_STEP][PASSED] - password = findTestData(dataFile).getValue("PasswordDemo", row): null

2023-02-28 18:18:27 - [TEST_STEP][PASSED] - break: null

2023-02-28 18:18:27 - [TEST_STEP][PASSED] - if (ExecuteTC.equalsIgnoreCase("Y")): null

2023-02-28 18:18:27 - [TEST_STEP][PASSED] - out.println("Begin Record Number: " + row): null

2023-02-28 18:18:27 - [TEST_STEP][PASSED] - today = new java.util.Date(): null

2023-02-28 18:18:27 - [TEST_STEP][PASSED] - println(today): null

2023-02-28 18:18:27 - [TEST_STEP][PASSED] - datText = today: null

2023-02-28 18:18:27 - [TEST_STEP][PASSED] - category = findTestData(dataFile).getValue("Category", row): null

2023-02-28 18:18:27 - [TEST_STEP][PASSED] - amount = findTestData(dataFile).getValue("Amount", row): null

2023-02-28 18:18:27 - [TEST_STEP][PASSED] - cardNumber = findTestData(dataFile).getValue("CardNumber", row): null

2023-02-28 18:18:27 - [TEST_STEP][PASSED] - exM = findTestData(dataFile).getValue("ExM", row): null

2023-02-28 18:18:27 - [TEST_STEP][PASSED] - exY = findTestData(dataFile).getValue("ExY", row): null

2023-02-28 18:18:27 - [TEST_STEP][PASSED] - openBrowser(VLinkURL + "auth.html"): Browser is opened with url: 'https://dev-algorithm.govolution.com/vlinktest/demo2/version_2_0/auth.html'

2023-02-28 18:18:28 - [MESSAGE][INFO] - Starting 'Chrome' driver

2023-02-28 18:18:28 - [MESSAGE][INFO] - User set preference: ['acceptInsecureCerts', 'true']

2023-02-28 18:18:28 - [MESSAGE][INFO] - Action delay is set to 0 milliseconds

2023-02-28 18:18:31 - [MESSAGE][PASSED] - Browser is opened with url: 'https://dev-algorithm.govolution.com/vlinktest/demo2/version_2_0/auth.html'

2023-02-28 18:18:31 - [TEST_STEP][PASSED] - maximizeWindow(): Current window maximized

2023-02-28 18:18:31 - [MESSAGE][PASSED] - Current window maximized

2023-02-28 18:18:31 - [TEST_STEP][PASSED] - maximizeWindow(): Current window maximized

2023-02-28 18:18:31 - [MESSAGE][PASSED] - Current window maximized

2023-02-28 18:18:31 - [TEST_STEP][PASSED] - genRemID = RandomStringUtils.random(12, true, true): null

2023-02-28 18:18:31 - [TEST_STEP][PASSED] - setText(findTestObject("Object Repository/VLink/Page_CCSale/txt_RemID"), genRemID): Text 'pV0538vfb1MQ' is set on object 'Object Repository/VLink/Page_CCSale/txt_RemID'

2023-02-28 18:18:32 - [MESSAGE][PASSED] - Text 'pV0538vfb1MQ' is set on object 'Object Repository/VLink/Page_CCSale/txt_RemID'

2023-02-28 18:18:32 - [TEST_STEP][PASSED] - setText(findTestObject("Object Repository/RecAndPlayBk/Page-Vlink-AuthOnly/input_Remittance Id_remittance_id"), genRemID): Text 'pV0538vfb1MQ' is set on object 'Object Repository/RecAndPlayBk/Page-Vlink-AuthOnly/input_Remittance Id_remittance_id'

2023-02-28 18:18:33 - [MESSAGE][PASSED] - Text 'pV0538vfb1MQ' is set on object 'Object Repository/RecAndPlayBk/Page-Vlink-AuthOnly/input_Remittance Id_remittance_id'

2023-02-28 18:18:33 - [TEST_STEP][PASSED] - setText(findTestObject("Object Repository/RecAndPlayBk/Page-Vlink-AuthOnly/input_Application Id_application_id"), appID): Text '1773' is set on object 'Object Repository/RecAndPlayBk/Page-Vlink-AuthOnly/input_Application Id_application_id'

2023-02-28 18:18:34 - [MESSAGE][PASSED] - Text '1773' is set on object 'Object Repository/RecAndPlayBk/Page-Vlink-AuthOnly/input_Application Id_application_id'

2023-02-28 18:18:34 - [TEST_STEP][PASSED] - setText(findTestObject("Object Repository/RecAndPlayBk/Page-Vlink-AuthOnly/input_Username_username"), username): Text 'Qq2BV1qtr' is set on object 'Object Repository/RecAndPlayBk/Page-Vlink-AuthOnly/input_Username_username'

2023-02-28 18:18:34 - [MESSAGE][PASSED] - Text 'Qq2BV1qtr' is set on object 'Object Repository/RecAndPlayBk/Page-Vlink-AuthOnly/input_Username_username'

2023-02-28 18:18:34 - [TEST_STEP][PASSED] - setText(findTestObject("Object Repository/RecAndPlayBk/Page-Vlink-AuthOnly/input_Password_password"), password): Text 'tUmWBiLUx' is set on object 'Object Repository/RecAndPlayBk/Page-Vlink-AuthOnly/input_Password_password'

2023-02-28 18:18:35 - [MESSAGE][PASSED] - Text 'tUmWBiLUx' is set on object 'Object Repository/RecAndPlayBk/Page-Vlink-AuthOnly/input_Password_password'

2023-02-28 18:18:35 - [TEST_STEP][PASSED] - setText(findTestObject("Object Repository/RecAndPlayBk/Page-Vlink-AuthOnly/input_Category_category"), category): Text 'ECOM' is set on object 'Object Repository/RecAndPlayBk/Page-Vlink-AuthOnly/input_Category_category'

2023-02-28 18:18:35 - [MESSAGE][PASSED] - Text 'ECOM' is set on object 'Object Repository/RecAndPlayBk/Page-Vlink-AuthOnly/input_Category_category'

2023-02-28 18:18:35 - [TEST_STEP][PASSED] - setText(findTestObject("Object Repository/RecAndPlayBk/Page-Vlink-AuthOnly/input_Amount_amount"), amount): Text '10.5' is set on object 'Object Repository/RecAndPlayBk/Page-Vlink-AuthOnly/input_Amount_amount'

2023-02-28 18:18:36 - [MESSAGE][PASSED] - Text '10.5' is set on object 'Object Repository/RecAndPlayBk/Page-Vlink-AuthOnly/input_Amount_amount'

2023-02-28 18:18:36 - [TEST_STEP][PASSED] - doubleClick(findTestObject("Object Repository/RecAndPlayBk/Page-Vlink-AuthOnly/input_Card number_card_number")): Object: 'Object Repository/RecAndPlayBk/Page-Vlink-AuthOnly/input_Card number_card_number' is double clicked on

2023-02-28 18:18:37 - [MESSAGE][PASSED] - Object: 'Object Repository/RecAndPlayBk/Page-Vlink-AuthOnly/input_Card number_card_number' is double clicked on

2023-02-28 18:18:37 - [TEST_STEP][PASSED] - setText(findTestObject("Object Repository/RecAndPlayBk/Page-Vlink-AuthOnly/input_Card number_card_number"), cardNumber): Text '4111111111111111' is set on object 'Object Repository/RecAndPlayBk/Page-Vlink-AuthOnly/input_Card number_card_number'

2023-02-28 18:18:37 - [MESSAGE][PASSED] - Text '4111111111111111' is set on object 'Object Repository/RecAndPlayBk/Page-Vlink-AuthOnly/input_Card number_card_number'

2023-02-28 18:18:37 - [TEST_STEP][PASSED] - setText(findTestObject("Object Repository/RecAndPlayBk/Page-Vlink-AuthOnly/input_Card ex month_card_exmo"), exM): Text '12' is set on object 'Object Repository/RecAndPlayBk/Page-Vlink-AuthOnly/input_Card ex month_card_exmo'

2023-02-28 18:18:38 - [MESSAGE][PASSED] - Text '12' is set on object 'Object Repository/RecAndPlayBk/Page-Vlink-AuthOnly/input_Card ex month_card_exmo'

2023-02-28 18:18:38 - [TEST_STEP][PASSED] - setText(findTestObject("Object Repository/RecAndPlayBk/Page-Vlink-AuthOnly/input_Card ex year_card_exyr"), exY): Text '2029' is set on object 'Object Repository/RecAndPlayBk/Page-Vlink-AuthOnly/input_Card ex year_card_exyr'

2023-02-28 18:18:38 - [MESSAGE][PASSED] - Text '2029' is set on object 'Object Repository/RecAndPlayBk/Page-Vlink-AuthOnly/input_Card ex year_card_exyr'

2023-02-28 18:18:38 - [TEST_STEP][PASSED] - click(findTestObject("Object Repository/RecAndPlayBk/Page-Vlink-AuthOnly/input_Track Data_track_data")): Object: 'Object Repository/RecAndPlayBk/Page-Vlink-AuthOnly/input_Track Data_track_data' is clicked on

2023-02-28 18:18:39 - [MESSAGE][PASSED] - Object: 'Object Repository/RecAndPlayBk/Page-Vlink-AuthOnly/input_Track Data_track_data' is clicked on

2023-02-28 18:18:39 - [TEST_STEP][PASSED] - click(findTestObject("Object Repository/RecAndPlayBk/Page-Vlink-AuthOnly/input_CVV state_cvv_state")): Object: 'Object Repository/RecAndPlayBk/Page-Vlink-AuthOnly/input_CVV state_cvv_state' is clicked on

2023-02-28 18:18:39 - [MESSAGE][PASSED] - Object: 'Object Repository/RecAndPlayBk/Page-Vlink-AuthOnly/input_CVV state_cvv_state' is clicked on

2023-02-28 18:18:39 - [TEST_STEP][PASSED] - setText(findTestObject("Object Repository/RecAndPlayBk/Page-Vlink-AuthOnly/input_Track Data_track_data"), ""): Text '' is set on object 'Object Repository/RecAndPlayBk/Page-Vlink-AuthOnly/input_Track Data_track_data'

2023-02-28 18:18:40 - [MESSAGE][PASSED] - Text '' is set on object 'Object Repository/RecAndPlayBk/Page-Vlink-AuthOnly/input_Track Data_track_data'

2023-02-28 18:18:40 - [TEST_STEP][PASSED] - setText(findTestObject("Object Repository/RecAndPlayBk/Page-Vlink-AuthOnly/input_concat(Cardholder, , s email)_email"), ""): Text '' is set on object 'Object Repository/RecAndPlayBk/Page-Vlink-AuthOnly/input_concat(Cardholder, , s email)_email'

2023-02-28 18:18:40 - [MESSAGE][PASSED] - Text '' is set on object 'Object Repository/RecAndPlayBk/Page-Vlink-AuthOnly/input_concat(Cardholder, , s email)_email'

2023-02-28 18:18:40 - [TEST_STEP][PASSED] - click(findTestObject("Object Repository/RecAndPlayBk/Page-Vlink-AuthOnly/input_user_defined10_user_defined10")): Object: 'Object Repository/RecAndPlayBk/Page-Vlink-AuthOnly/input_user_defined10_user_defined10' is clicked on

2023-02-28 18:18:41 - [MESSAGE][PASSED] - Object: 'Object Repository/RecAndPlayBk/Page-Vlink-AuthOnly/input_user_defined10_user_defined10' is clicked on

2023-02-28 18:18:41 - [TEST_STEP][PASSED] - if (executionProfile.equalsIgnoreCase("QAProfile")): null

2023-02-28 18:18:41 - [TEST_STEP][PASSED] - click(findTestObject("Object Repository/RecAndPlayBk/Page-Vlink-AuthOnly/input")): Object: 'Object Repository/RecAndPlayBk/Page-Vlink-AuthOnly/input' is clicked on

2023-02-28 18:18:43 - [MESSAGE][PASSED] - Object: 'Object Repository/RecAndPlayBk/Page-Vlink-AuthOnly/input' is clicked on

2023-02-28 18:18:43 - [TEST_STEP][PASSED] - if (verifyTextPresent("Transaction approved, no errors", true)): null

2023-02-28 18:18:43 - [MESSAGE][PASSED] - Text 'Transaction approved, no errors' is present on page  using regular expression

2023-02-28 18:18:43 - [TEST_STEP][PASSED] - println("Transaction Approved, no errors text is present on the Confirmation page"): null

2023-02-28 18:18:43 - [TEST_STEP][PASSED] - out.println("Pass Record Number: " + row): null

2023-02-28 18:18:43 - [TEST_STEP][PASSED] - resText = "Pass": null

2023-02-28 18:18:43 - [TEST_STEP][PASSED] - pages.WriteExcel.demoKey(resText, datText, resColumn, datCloumn, fileLoc, nameSheet, row): pages.WriteExcel.demoKey is PASSED

2023-02-28 18:18:44 - [MESSAGE][PASSED] - pages.WriteExcel.demoKey is PASSED

2023-02-28 18:18:44 - [TEST_STEP][PASSED] - ExecuteTC = findTestData(dataFile).getValue("Execute", row): null

2023-02-28 18:18:44 - [TEST_STEP][PASSED] - out.println("Value of Execute is : " + ExecuteTC): null

2023-02-28 18:18:44 - [TEST_STEP][PASSED] - switch (executionProfile): null

2023-02-28 18:18:44 - [TEST_STEP][PASSED] - case "Demo2Profile":: null

2023-02-28 18:18:44 - [TEST_STEP][PASSED] - appID = findTestData(dataFile).getValue("AppIDDemo", row): null

2023-02-28 18:18:45 - [TEST_STEP][PASSED] - username = findTestData(dataFile).getValue("UsernameDemo", row): null

2023-02-28 18:18:45 - [TEST_STEP][PASSED] - password = findTestData(dataFile).getValue("PasswordDemo", row): null

2023-02-28 18:18:45 - [TEST_STEP][PASSED] - break: null

2023-02-28 18:18:45 - [TEST_STEP][PASSED] - if (ExecuteTC.equalsIgnoreCase("Y")): null

2023-02-28 18:18:45 - [TEST_STEP][PASSED] - out.println("Begin Record Number: " + row): null

2023-02-28 18:18:45 - [TEST_STEP][PASSED] - today = new java.util.Date(): null

2023-02-28 18:18:45 - [TEST_STEP][PASSED] - println(today): null

2023-02-28 18:18:45 - [TEST_STEP][PASSED] - datText = today: null

2023-02-28 18:18:45 - [TEST_STEP][PASSED] - category = findTestData(dataFile).getValue("Category", row): null

2023-02-28 18:18:45 - [TEST_STEP][PASSED] - amount = findTestData(dataFile).getValue("Amount", row): null

2023-02-28 18:18:46 - [TEST_STEP][PASSED] - cardNumber = findTestData(dataFile).getValue("CardNumber", row): null

2023-02-28 18:18:46 - [TEST_STEP][PASSED] - exM = findTestData(dataFile).getValue("ExM", row): null

2023-02-28 18:18:46 - [TEST_STEP][PASSED] - exY = findTestData(dataFile).getValue("ExY", row): null

2023-02-28 18:18:46 - [TEST_STEP][PASSED] - openBrowser(VLinkURL + "auth.html"): Browser is opened with url: 'https://dev-algorithm.govolution.com/vlinktest/demo2/version_2_0/auth.html'

2023-02-28 18:18:46 - [MESSAGE][WARNING] - A browser is already opened. Closing browser and opening a new one

2023-02-28 18:18:47 - [MESSAGE][INFO] - Starting 'Chrome' driver

2023-02-28 18:18:47 - [MESSAGE][INFO] - User set preference: ['acceptInsecureCerts', 'true']

2023-02-28 18:18:47 - [MESSAGE][INFO] - Action delay is set to 0 milliseconds

2023-02-28 18:18:49 - [MESSAGE][PASSED] - Browser is opened with url: 'https://dev-algorithm.govolution.com/vlinktest/demo2/version_2_0/auth.html'

2023-02-28 18:18:49 - [TEST_STEP][PASSED] - maximizeWindow(): Current window maximized

2023-02-28 18:18:49 - [MESSAGE][PASSED] - Current window maximized

2023-02-28 18:18:49 - [TEST_STEP][PASSED] - maximizeWindow(): Current window maximized

2023-02-28 18:18:49 - [MESSAGE][PASSED] - Current window maximized

2023-02-28 18:18:49 - [TEST_STEP][PASSED] - genRemID = RandomStringUtils.random(12, true, true): null

2023-02-28 18:18:49 - [TEST_STEP][PASSED] - setText(findTestObject("Object Repository/VLink/Page_CCSale/txt_RemID"), genRemID): Text 'mWZ3G0JrOrNf' is set on object 'Object Repository/VLink/Page_CCSale/txt_RemID'

2023-02-28 18:18:50 - [MESSAGE][PASSED] - Text 'mWZ3G0JrOrNf' is set on object 'Object Repository/VLink/Page_CCSale/txt_RemID'

2023-02-28 18:18:50 - [TEST_STEP][PASSED] - setText(findTestObject("Object Repository/RecAndPlayBk/Page-Vlink-AuthOnly/input_Remittance Id_remittance_id"), genRemID): Text 'mWZ3G0JrOrNf' is set on object 'Object Repository/RecAndPlayBk/Page-Vlink-AuthOnly/input_Remittance Id_remittance_id'

2023-02-28 18:18:50 - [MESSAGE][PASSED] - Text 'mWZ3G0JrOrNf' is set on object 'Object Repository/RecAndPlayBk/Page-Vlink-AuthOnly/input_Remittance Id_remittance_id'

2023-02-28 18:18:50 - [TEST_STEP][PASSED] - setText(findTestObject("Object Repository/RecAndPlayBk/Page-Vlink-AuthOnly/input_Application Id_application_id"), appID): Text '1773' is set on object 'Object Repository/RecAndPlayBk/Page-Vlink-AuthOnly/input_Application Id_application_id'

2023-02-28 18:18:51 - [MESSAGE][PASSED] - Text '1773' is set on object 'Object Repository/RecAndPlayBk/Page-Vlink-AuthOnly/input_Application Id_application_id'

2023-02-28 18:18:51 - [TEST_STEP][PASSED] - setText(findTestObject("Object Repository/RecAndPlayBk/Page-Vlink-AuthOnly/input_Username_username"), username): Text 'Qq2BV1qtr' is set on object 'Object Repository/RecAndPlayBk/Page-Vlink-AuthOnly/input_Username_username'

2023-02-28 18:18:52 - [MESSAGE][PASSED] - Text 'Qq2BV1qtr' is set on object 'Object Repository/RecAndPlayBk/Page-Vlink-AuthOnly/input_Username_username'

2023-02-28 18:18:52 - [TEST_STEP][PASSED] - setText(findTestObject("Object Repository/RecAndPlayBk/Page-Vlink-AuthOnly/input_Password_password"), password): Text 'tUmWBiLUx' is set on object 'Object Repository/RecAndPlayBk/Page-Vlink-AuthOnly/input_Password_password'

2023-02-28 18:18:52 - [MESSAGE][PASSED] - Text 'tUmWBiLUx' is set on object 'Object Repository/RecAndPlayBk/Page-Vlink-AuthOnly/input_Password_password'

2023-02-28 18:18:52 - [TEST_STEP][PASSED] - setText(findTestObject("Object Repository/RecAndPlayBk/Page-Vlink-AuthOnly/input_Category_category"), category): Text 'MOTO' is set on object 'Object Repository/RecAndPlayBk/Page-Vlink-AuthOnly/input_Category_category'

2023-02-28 18:18:53 - [MESSAGE][PASSED] - Text 'MOTO' is set on object 'Object Repository/RecAndPlayBk/Page-Vlink-AuthOnly/input_Category_category'

2023-02-28 18:18:53 - [TEST_STEP][PASSED] - setText(findTestObject("Object Repository/RecAndPlayBk/Page-Vlink-AuthOnly/input_Amount_amount"), amount): Text '10.5' is set on object 'Object Repository/RecAndPlayBk/Page-Vlink-AuthOnly/input_Amount_amount'

2023-02-28 18:18:54 - [MESSAGE][PASSED] - Text '10.5' is set on object 'Object Repository/RecAndPlayBk/Page-Vlink-AuthOnly/input_Amount_amount'

2023-02-28 18:18:54 - [TEST_STEP][PASSED] - doubleClick(findTestObject("Object Repository/RecAndPlayBk/Page-Vlink-AuthOnly/input_Card number_card_number")): Object: 'Object Repository/RecAndPlayBk/Page-Vlink-AuthOnly/input_Card number_card_number' is double clicked on

2023-02-28 18:18:54 - [MESSAGE][PASSED] - Object: 'Object Repository/RecAndPlayBk/Page-Vlink-AuthOnly/input_Card number_card_number' is double clicked on

2023-02-28 18:18:54 - [TEST_STEP][PASSED] - setText(findTestObject("Object Repository/RecAndPlayBk/Page-Vlink-AuthOnly/input_Card number_card_number"), cardNumber): Text '5424000000000015' is set on object 'Object Repository/RecAndPlayBk/Page-Vlink-AuthOnly/input_Card number_card_number'

2023-02-28 18:18:55 - [MESSAGE][PASSED] - Text '5424000000000015' is set on object 'Object Repository/RecAndPlayBk/Page-Vlink-AuthOnly/input_Card number_card_number'

2023-02-28 18:18:55 - [TEST_STEP][PASSED] - setText(findTestObject("Object Repository/RecAndPlayBk/Page-Vlink-AuthOnly/input_Card ex month_card_exmo"), exM): Text '12' is set on object 'Object Repository/RecAndPlayBk/Page-Vlink-AuthOnly/input_Card ex month_card_exmo'

2023-02-28 18:18:55 - [MESSAGE][PASSED] - Text '12' is set on object 'Object Repository/RecAndPlayBk/Page-Vlink-AuthOnly/input_Card ex month_card_exmo'

2023-02-28 18:18:55 - [TEST_STEP][PASSED] - setText(findTestObject("Object Repository/RecAndPlayBk/Page-Vlink-AuthOnly/input_Card ex year_card_exyr"), exY): Text '2029' is set on object 'Object Repository/RecAndPlayBk/Page-Vlink-AuthOnly/input_Card ex year_card_exyr'

2023-02-28 18:18:56 - [MESSAGE][PASSED] - Text '2029' is set on object 'Object Repository/RecAndPlayBk/Page-Vlink-AuthOnly/input_Card ex year_card_exyr'

2023-02-28 18:18:56 - [TEST_STEP][PASSED] - click(findTestObject("Object Repository/RecAndPlayBk/Page-Vlink-AuthOnly/input_Track Data_track_data")): Object: 'Object Repository/RecAndPlayBk/Page-Vlink-AuthOnly/input_Track Data_track_data' is clicked on

2023-02-28 18:18:56 - [MESSAGE][PASSED] - Object: 'Object Repository/RecAndPlayBk/Page-Vlink-AuthOnly/input_Track Data_track_data' is clicked on

2023-02-28 18:18:56 - [TEST_STEP][PASSED] - click(findTestObject("Object Repository/RecAndPlayBk/Page-Vlink-AuthOnly/input_CVV state_cvv_state")): Object: 'Object Repository/RecAndPlayBk/Page-Vlink-AuthOnly/input_CVV state_cvv_state' is clicked on

2023-02-28 18:18:57 - [MESSAGE][PASSED] - Object: 'Object Repository/RecAndPlayBk/Page-Vlink-AuthOnly/input_CVV state_cvv_state' is clicked on

2023-02-28 18:18:57 - [TEST_STEP][PASSED] - setText(findTestObject("Object Repository/RecAndPlayBk/Page-Vlink-AuthOnly/input_Track Data_track_data"), ""): Text '' is set on object 'Object Repository/RecAndPlayBk/Page-Vlink-AuthOnly/input_Track Data_track_data'

2023-02-28 18:18:57 - [MESSAGE][PASSED] - Text '' is set on object 'Object Repository/RecAndPlayBk/Page-Vlink-AuthOnly/input_Track Data_track_data'

2023-02-28 18:18:57 - [TEST_STEP][PASSED] - setText(findTestObject("Object Repository/RecAndPlayBk/Page-Vlink-AuthOnly/input_concat(Cardholder, , s email)_email"), ""): Text '' is set on object 'Object Repository/RecAndPlayBk/Page-Vlink-AuthOnly/input_concat(Cardholder, , s email)_email'

2023-02-28 18:18:58 - [MESSAGE][PASSED] - Text '' is set on object 'Object Repository/RecAndPlayBk/Page-Vlink-AuthOnly/input_concat(Cardholder, , s email)_email'

2023-02-28 18:18:58 - [TEST_STEP][PASSED] - click(findTestObject("Object Repository/RecAndPlayBk/Page-Vlink-AuthOnly/input_user_defined10_user_defined10")): Object: 'Object Repository/RecAndPlayBk/Page-Vlink-AuthOnly/input_user_defined10_user_defined10' is clicked on

2023-02-28 18:18:58 - [MESSAGE][PASSED] - Object: 'Object Repository/RecAndPlayBk/Page-Vlink-AuthOnly/input_user_defined10_user_defined10' is clicked on

2023-02-28 18:18:58 - [TEST_STEP][PASSED] - if (executionProfile.equalsIgnoreCase("QAProfile")): null

2023-02-28 18:18:58 - [TEST_STEP][PASSED] - click(findTestObject("Object Repository/RecAndPlayBk/Page-Vlink-AuthOnly/input")): Object: 'Object Repository/RecAndPlayBk/Page-Vlink-AuthOnly/input' is clicked on

2023-02-28 18:19:00 - [MESSAGE][PASSED] - Object: 'Object Repository/RecAndPlayBk/Page-Vlink-AuthOnly/input' is clicked on

2023-02-28 18:19:00 - [TEST_STEP][PASSED] - if (verifyTextPresent("Transaction approved, no errors", true)): null

2023-02-28 18:19:01 - [MESSAGE][PASSED] - Text 'Transaction approved, no errors' is present on page  using regular expression

2023-02-28 18:19:01 - [TEST_STEP][PASSED] - println("Transaction Approved, no errors text is present on the Confirmation page"): null

2023-02-28 18:19:01 - [TEST_STEP][PASSED] - out.println("Pass Record Number: " + row): null

2023-02-28 18:19:01 - [TEST_STEP][PASSED] - resText = "Pass": null

2023-02-28 18:19:01 - [TEST_STEP][PASSED] - pages.WriteExcel.demoKey(resText, datText, resColumn, datCloumn, fileLoc, nameSheet, row): pages.WriteExcel.demoKey is PASSED

2023-02-28 18:19:01 - [MESSAGE][PASSED] - pages.WriteExcel.demoKey is PASSED

2023-02-28 18:19:01 - [TEST_STEP][PASSED] - ExecuteTC = findTestData(dataFile).getValue("Execute", row): null

2023-02-28 18:19:01 - [TEST_STEP][PASSED] - out.println("Value of Execute is : " + ExecuteTC): null

2023-02-28 18:19:01 - [TEST_STEP][PASSED] - switch (executionProfile): null

2023-02-28 18:19:01 - [TEST_STEP][PASSED] - case "Demo2Profile":: null

2023-02-28 18:19:01 - [TEST_STEP][PASSED] - appID = findTestData(dataFile).getValue("AppIDDemo", row): null

2023-02-28 18:19:01 - [TEST_STEP][PASSED] - username = findTestData(dataFile).getValue("UsernameDemo", row): null

2023-02-28 18:19:01 - [TEST_STEP][PASSED] - password = findTestData(dataFile).getValue("PasswordDemo", row): null

2023-02-28 18:19:01 - [TEST_STEP][PASSED] - break: null

2023-02-28 18:19:01 - [TEST_STEP][PASSED] - if (ExecuteTC.equalsIgnoreCase("Y")): null

2023-02-28 18:19:01 - [TEST_STEP][PASSED] - out.println("Begin Record Number: " + row): null

2023-02-28 18:19:01 - [TEST_STEP][PASSED] - today = new java.util.Date(): null

2023-02-28 18:19:01 - [TEST_STEP][PASSED] - println(today): null

2023-02-28 18:19:01 - [TEST_STEP][PASSED] - datText = today: null

2023-02-28 18:19:01 - [TEST_STEP][PASSED] - category = findTestData(dataFile).getValue("Category", row): null

2023-02-28 18:19:01 - [TEST_STEP][PASSED] - amount = findTestData(dataFile).getValue("Amount", row): null

2023-02-28 18:19:02 - [TEST_STEP][PASSED] - cardNumber = findTestData(dataFile).getValue("CardNumber", row): null

2023-02-28 18:19:02 - [TEST_STEP][PASSED] - exM = findTestData(dataFile).getValue("ExM", row): null

2023-02-28 18:19:02 - [TEST_STEP][PASSED] - exY = findTestData(dataFile).getValue("ExY", row): null

2023-02-28 18:19:02 - [TEST_STEP][PASSED] - openBrowser(VLinkURL + "auth.html"): Browser is opened with url: 'https://dev-algorithm.govolution.com/vlinktest/demo2/version_2_0/auth.html'

2023-02-28 18:19:02 - [MESSAGE][WARNING] - A browser is already opened. Closing browser and opening a new one

2023-02-28 18:19:03 - [MESSAGE][INFO] - Starting 'Chrome' driver

2023-02-28 18:19:03 - [MESSAGE][INFO] - User set preference: ['acceptInsecureCerts', 'true']

2023-02-28 18:19:03 - [MESSAGE][INFO] - Action delay is set to 0 milliseconds

2023-02-28 18:19:05 - [MESSAGE][PASSED] - Browser is opened with url: 'https://dev-algorithm.govolution.com/vlinktest/demo2/version_2_0/auth.html'

2023-02-28 18:19:05 - [TEST_STEP][PASSED] - maximizeWindow(): Current window maximized

2023-02-28 18:19:05 - [MESSAGE][PASSED] - Current window maximized

2023-02-28 18:19:05 - [TEST_STEP][PASSED] - maximizeWindow(): Current window maximized

2023-02-28 18:19:05 - [MESSAGE][PASSED] - Current window maximized

2023-02-28 18:19:05 - [TEST_STEP][PASSED] - genRemID = RandomStringUtils.random(12, true, true): null

2023-02-28 18:19:05 - [TEST_STEP][PASSED] - setText(findTestObject("Object Repository/VLink/Page_CCSale/txt_RemID"), genRemID): Text 'w4liiboNqtWN' is set on object 'Object Repository/VLink/Page_CCSale/txt_RemID'

2023-02-28 18:19:06 - [MESSAGE][PASSED] - Text 'w4liiboNqtWN' is set on object 'Object Repository/VLink/Page_CCSale/txt_RemID'

2023-02-28 18:19:06 - [TEST_STEP][PASSED] - setText(findTestObject("Object Repository/RecAndPlayBk/Page-Vlink-AuthOnly/input_Remittance Id_remittance_id"), genRemID): Text 'w4liiboNqtWN' is set on object 'Object Repository/RecAndPlayBk/Page-Vlink-AuthOnly/input_Remittance Id_remittance_id'

2023-02-28 18:19:07 - [MESSAGE][PASSED] - Text 'w4liiboNqtWN' is set on object 'Object Repository/RecAndPlayBk/Page-Vlink-AuthOnly/input_Remittance Id_remittance_id'

2023-02-28 18:19:07 - [TEST_STEP][PASSED] - setText(findTestObject("Object Repository/RecAndPlayBk/Page-Vlink-AuthOnly/input_Application Id_application_id"), appID): Text '1773' is set on object 'Object Repository/RecAndPlayBk/Page-Vlink-AuthOnly/input_Application Id_application_id'

2023-02-28 18:19:07 - [MESSAGE][PASSED] - Text '1773' is set on object 'Object Repository/RecAndPlayBk/Page-Vlink-AuthOnly/input_Application Id_application_id'

2023-02-28 18:19:07 - [TEST_STEP][PASSED] - setText(findTestObject("Object Repository/RecAndPlayBk/Page-Vlink-AuthOnly/input_Username_username"), username): Text 'Qq2BV1qtr' is set on object 'Object Repository/RecAndPlayBk/Page-Vlink-AuthOnly/input_Username_username'

2023-02-28 18:19:08 - [MESSAGE][PASSED] - Text 'Qq2BV1qtr' is set on object 'Object Repository/RecAndPlayBk/Page-Vlink-AuthOnly/input_Username_username'

2023-02-28 18:19:08 - [TEST_STEP][PASSED] - setText(findTestObject("Object Repository/RecAndPlayBk/Page-Vlink-AuthOnly/input_Password_password"), password): Text 'tUmWBiLUx' is set on object 'Object Repository/RecAndPlayBk/Page-Vlink-AuthOnly/input_Password_password'

2023-02-28 18:19:09 - [MESSAGE][PASSED] - Text 'tUmWBiLUx' is set on object 'Object Repository/RecAndPlayBk/Page-Vlink-AuthOnly/input_Password_password'

2023-02-28 18:19:09 - [TEST_STEP][PASSED] - setText(findTestObject("Object Repository/RecAndPlayBk/Page-Vlink-AuthOnly/input_Category_category"), category): Text 'RETL' is set on object 'Object Repository/RecAndPlayBk/Page-Vlink-AuthOnly/input_Category_category'

2023-02-28 18:19:09 - [MESSAGE][PASSED] - Text 'RETL' is set on object 'Object Repository/RecAndPlayBk/Page-Vlink-AuthOnly/input_Category_category'

2023-02-28 18:19:09 - [TEST_STEP][PASSED] - setText(findTestObject("Object Repository/RecAndPlayBk/Page-Vlink-AuthOnly/input_Amount_amount"), amount): Text '10.5' is set on object 'Object Repository/RecAndPlayBk/Page-Vlink-AuthOnly/input_Amount_amount'

2023-02-28 18:19:10 - [MESSAGE][PASSED] - Text '10.5' is set on object 'Object Repository/RecAndPlayBk/Page-Vlink-AuthOnly/input_Amount_amount'

2023-02-28 18:19:10 - [TEST_STEP][PASSED] - doubleClick(findTestObject("Object Repository/RecAndPlayBk/Page-Vlink-AuthOnly/input_Card number_card_number")): Object: 'Object Repository/RecAndPlayBk/Page-Vlink-AuthOnly/input_Card number_card_number' is double clicked on

2023-02-28 18:19:10 - [MESSAGE][PASSED] - Object: 'Object Repository/RecAndPlayBk/Page-Vlink-AuthOnly/input_Card number_card_number' is double clicked on

2023-02-28 18:19:10 - [TEST_STEP][PASSED] - setText(findTestObject("Object Repository/RecAndPlayBk/Page-Vlink-AuthOnly/input_Card number_card_number"), cardNumber): Text '370000000000002' is set on object 'Object Repository/RecAndPlayBk/Page-Vlink-AuthOnly/input_Card number_card_number'

2023-02-28 18:19:11 - [MESSAGE][PASSED] - Text '370000000000002' is set on object 'Object Repository/RecAndPlayBk/Page-Vlink-AuthOnly/input_Card number_card_number'

2023-02-28 18:19:11 - [TEST_STEP][PASSED] - setText(findTestObject("Object Repository/RecAndPlayBk/Page-Vlink-AuthOnly/input_Card ex month_card_exmo"), exM): Text '12' is set on object 'Object Repository/RecAndPlayBk/Page-Vlink-AuthOnly/input_Card ex month_card_exmo'

2023-02-28 18:19:11 - [MESSAGE][PASSED] - Text '12' is set on object 'Object Repository/RecAndPlayBk/Page-Vlink-AuthOnly/input_Card ex month_card_exmo'

2023-02-28 18:19:11 - [TEST_STEP][PASSED] - setText(findTestObject("Object Repository/RecAndPlayBk/Page-Vlink-AuthOnly/input_Card ex year_card_exyr"), exY): Text '2029' is set on object 'Object Repository/RecAndPlayBk/Page-Vlink-AuthOnly/input_Card ex year_card_exyr'

2023-02-28 18:19:12 - [MESSAGE][PASSED] - Text '2029' is set on object 'Object Repository/RecAndPlayBk/Page-Vlink-AuthOnly/input_Card ex year_card_exyr'

2023-02-28 18:19:12 - [TEST_STEP][PASSED] - click(findTestObject("Object Repository/RecAndPlayBk/Page-Vlink-AuthOnly/input_Track Data_track_data")): Object: 'Object Repository/RecAndPlayBk/Page-Vlink-AuthOnly/input_Track Data_track_data' is clicked on

2023-02-28 18:19:12 - [MESSAGE][PASSED] - Object: 'Object Repository/RecAndPlayBk/Page-Vlink-AuthOnly/input_Track Data_track_data' is clicked on

2023-02-28 18:19:12 - [TEST_STEP][PASSED] - click(findTestObject("Object Repository/RecAndPlayBk/Page-Vlink-AuthOnly/input_CVV state_cvv_state")): Object: 'Object Repository/RecAndPlayBk/Page-Vlink-AuthOnly/input_CVV state_cvv_state' is clicked on

2023-02-28 18:19:13 - [MESSAGE][PASSED] - Object: 'Object Repository/RecAndPlayBk/Page-Vlink-AuthOnly/input_CVV state_cvv_state' is clicked on

2023-02-28 18:19:13 - [TEST_STEP][PASSED] - setText(findTestObject("Object Repository/RecAndPlayBk/Page-Vlink-AuthOnly/input_Track Data_track_data"), ""): Text '' is set on object 'Object Repository/RecAndPlayBk/Page-Vlink-AuthOnly/input_Track Data_track_data'

2023-02-28 18:19:13 - [MESSAGE][PASSED] - Text '' is set on object 'Object Repository/RecAndPlayBk/Page-Vlink-AuthOnly/input_Track Data_track_data'

2023-02-28 18:19:13 - [TEST_STEP][PASSED] - setText(findTestObject("Object Repository/RecAndPlayBk/Page-Vlink-AuthOnly/input_concat(Cardholder, , s email)_email"), ""): Text '' is set on object 'Object Repository/RecAndPlayBk/Page-Vlink-AuthOnly/input_concat(Cardholder, , s email)_email'

2023-02-28 18:19:14 - [MESSAGE][PASSED] - Text '' is set on object 'Object Repository/RecAndPlayBk/Page-Vlink-AuthOnly/input_concat(Cardholder, , s email)_email'

2023-02-28 18:19:14 - [TEST_STEP][PASSED] - click(findTestObject("Object Repository/RecAndPlayBk/Page-Vlink-AuthOnly/input_user_defined10_user_defined10")): Object: 'Object Repository/RecAndPlayBk/Page-Vlink-AuthOnly/input_user_defined10_user_defined10' is clicked on

2023-02-28 18:19:14 - [MESSAGE][PASSED] - Object: 'Object Repository/RecAndPlayBk/Page-Vlink-AuthOnly/input_user_defined10_user_defined10' is clicked on

2023-02-28 18:19:14 - [TEST_STEP][PASSED] - if (executionProfile.equalsIgnoreCase("QAProfile")): null

2023-02-28 18:19:14 - [TEST_STEP][PASSED] - click(findTestObject("Object Repository/RecAndPlayBk/Page-Vlink-AuthOnly/input")): Object: 'Object Repository/RecAndPlayBk/Page-Vlink-AuthOnly/input' is clicked on

2023-02-28 18:19:16 - [MESSAGE][PASSED] - Object: 'Object Repository/RecAndPlayBk/Page-Vlink-AuthOnly/input' is clicked on

2023-02-28 18:19:16 - [TEST_STEP][PASSED] - if (verifyTextPresent("Transaction approved, no errors", true)): null

2023-02-28 18:19:16 - [MESSAGE][PASSED] - Text 'Transaction approved, no errors' is present on page  using regular expression

2023-02-28 18:19:16 - [TEST_STEP][PASSED] - println("Transaction Approved, no errors text is present on the Confirmation page"): null

2023-02-28 18:19:16 - [TEST_STEP][PASSED] - out.println("Pass Record Number: " + row): null

2023-02-28 18:19:16 - [TEST_STEP][PASSED] - resText = "Pass": null

2023-02-28 18:19:16 - [TEST_STEP][PASSED] - pages.WriteExcel.demoKey(resText, datText, resColumn, datCloumn, fileLoc, nameSheet, row): pages.WriteExcel.demoKey is PASSED

2023-02-28 18:19:16 - [MESSAGE][PASSED] - pages.WriteExcel.demoKey is PASSED

2023-02-28 18:19:16 - [TEST_STEP][PASSED] - ExecuteTC = findTestData(dataFile).getValue("Execute", row): null

2023-02-28 18:19:16 - [TEST_STEP][PASSED] - out.println("Value of Execute is : " + ExecuteTC): null

2023-02-28 18:19:16 - [TEST_STEP][PASSED] - switch (executionProfile): null

2023-02-28 18:19:16 - [TEST_STEP][PASSED] - case "Demo2Profile":: null

2023-02-28 18:19:16 - [TEST_STEP][PASSED] - appID = findTestData(dataFile).getValue("AppIDDemo", row): null

2023-02-28 18:19:16 - [TEST_STEP][PASSED] - username = findTestData(dataFile).getValue("UsernameDemo", row): null

2023-02-28 18:19:16 - [TEST_STEP][PASSED] - password = findTestData(dataFile).getValue("PasswordDemo", row): null

2023-02-28 18:19:16 - [TEST_STEP][PASSED] - break: null

2023-02-28 18:19:16 - [TEST_STEP][FAILED] - if (ExecuteTC.equalsIgnoreCase("Y")): null

2023-02-28 18:19:16 - [TEST_STEP][PASSED] - out.println("Begin Record Number: " + row): null

2023-02-28 18:19:16 - [TEST_STEP][PASSED] - today = new java.util.Date(): null

2023-02-28 18:19:16 - [TEST_STEP][PASSED] - println(today): null

2023-02-28 18:19:16 - [TEST_STEP][PASSED] - datText = today: null

2023-02-28 18:19:16 - [TEST_STEP][PASSED] - category = findTestData(dataFile).getValue("Category", row): null

2023-02-28 18:19:17 - [TEST_STEP][PASSED] - amount = findTestData(dataFile).getValue("Amount", row): null

2023-02-28 18:19:17 - [TEST_STEP][PASSED] - cardNumber = findTestData(dataFile).getValue("CardNumber", row): null

2023-02-28 18:19:17 - [TEST_STEP][PASSED] - exM = findTestData(dataFile).getValue("ExM", row): null

2023-02-28 18:19:17 - [TEST_STEP][PASSED] - exY = findTestData(dataFile).getValue("ExY", row): null

2023-02-28 18:19:17 - [TEST_STEP][PASSED] - openBrowser(VLinkURL + "auth.html"): Browser is opened with url: 'https://dev-algorithm.govolution.com/vlinktest/demo2/version_2_0/auth.html'

2023-02-28 18:19:17 - [MESSAGE][WARNING] - A browser is already opened. Closing browser and opening a new one

2023-02-28 18:19:18 - [MESSAGE][INFO] - Starting 'Chrome' driver

2023-02-28 18:19:18 - [MESSAGE][INFO] - User set preference: ['acceptInsecureCerts', 'true']

2023-02-28 18:19:18 - [MESSAGE][INFO] - Action delay is set to 0 milliseconds

2023-02-28 18:19:20 - [MESSAGE][PASSED] - Browser is opened with url: 'https://dev-algorithm.govolution.com/vlinktest/demo2/version_2_0/auth.html'

2023-02-28 18:19:20 - [TEST_STEP][PASSED] - maximizeWindow(): Current window maximized

2023-02-28 18:19:20 - [MESSAGE][PASSED] - Current window maximized

2023-02-28 18:19:20 - [TEST_STEP][PASSED] - maximizeWindow(): Current window maximized

2023-02-28 18:19:20 - [MESSAGE][PASSED] - Current window maximized

2023-02-28 18:19:20 - [TEST_STEP][PASSED] - genRemID = RandomStringUtils.random(12, true, true): null

2023-02-28 18:19:20 - [TEST_STEP][PASSED] - setText(findTestObject("Object Repository/VLink/Page_CCSale/txt_RemID"), genRemID): Text '0u3ykilzm1nK' is set on object 'Object Repository/VLink/Page_CCSale/txt_RemID'

2023-02-28 18:19:21 - [MESSAGE][PASSED] - Text '0u3ykilzm1nK' is set on object 'Object Repository/VLink/Page_CCSale/txt_RemID'

2023-02-28 18:19:21 - [TEST_STEP][PASSED] - setText(findTestObject("Object Repository/RecAndPlayBk/Page-Vlink-AuthOnly/input_Remittance Id_remittance_id"), genRemID): Text '0u3ykilzm1nK' is set on object 'Object Repository/RecAndPlayBk/Page-Vlink-AuthOnly/input_Remittance Id_remittance_id'

2023-02-28 18:19:22 - [MESSAGE][PASSED] - Text '0u3ykilzm1nK' is set on object 'Object Repository/RecAndPlayBk/Page-Vlink-AuthOnly/input_Remittance Id_remittance_id'

2023-02-28 18:19:22 - [TEST_STEP][PASSED] - setText(findTestObject("Object Repository/RecAndPlayBk/Page-Vlink-AuthOnly/input_Application Id_application_id"), appID): Text '2435' is set on object 'Object Repository/RecAndPlayBk/Page-Vlink-AuthOnly/input_Application Id_application_id'

2023-02-28 18:19:22 - [MESSAGE][PASSED] - Text '2435' is set on object 'Object Repository/RecAndPlayBk/Page-Vlink-AuthOnly/input_Application Id_application_id'

2023-02-28 18:19:22 - [TEST_STEP][PASSED] - setText(findTestObject("Object Repository/RecAndPlayBk/Page-Vlink-AuthOnly/input_Username_username"), username): Text 'health' is set on object 'Object Repository/RecAndPlayBk/Page-Vlink-AuthOnly/input_Username_username'

2023-02-28 18:19:23 - [MESSAGE][PASSED] - Text 'health' is set on object 'Object Repository/RecAndPlayBk/Page-Vlink-AuthOnly/input_Username_username'

2023-02-28 18:19:23 - [TEST_STEP][PASSED] - setText(findTestObject("Object Repository/RecAndPlayBk/Page-Vlink-AuthOnly/input_Password_password"), password): Text '11111111' is set on object 'Object Repository/RecAndPlayBk/Page-Vlink-AuthOnly/input_Password_password'

2023-02-28 18:19:23 - [MESSAGE][PASSED] - Text '11111111' is set on object 'Object Repository/RecAndPlayBk/Page-Vlink-AuthOnly/input_Password_password'

2023-02-28 18:19:23 - [TEST_STEP][PASSED] - setText(findTestObject("Object Repository/RecAndPlayBk/Page-Vlink-AuthOnly/input_Category_category"), category): Text 'ECOM' is set on object 'Object Repository/RecAndPlayBk/Page-Vlink-AuthOnly/input_Category_category'

2023-02-28 18:19:24 - [MESSAGE][PASSED] - Text 'ECOM' is set on object 'Object Repository/RecAndPlayBk/Page-Vlink-AuthOnly/input_Category_category'

2023-02-28 18:19:24 - [TEST_STEP][PASSED] - setText(findTestObject("Object Repository/RecAndPlayBk/Page-Vlink-AuthOnly/input_Amount_amount"), amount): Text '10.5' is set on object 'Object Repository/RecAndPlayBk/Page-Vlink-AuthOnly/input_Amount_amount'

2023-02-28 18:19:25 - [MESSAGE][PASSED] - Text '10.5' is set on object 'Object Repository/RecAndPlayBk/Page-Vlink-AuthOnly/input_Amount_amount'

2023-02-28 18:19:25 - [TEST_STEP][PASSED] - doubleClick(findTestObject("Object Repository/RecAndPlayBk/Page-Vlink-AuthOnly/input_Card number_card_number")): Object: 'Object Repository/RecAndPlayBk/Page-Vlink-AuthOnly/input_Card number_card_number' is double clicked on

2023-02-28 18:19:25 - [MESSAGE][PASSED] - Object: 'Object Repository/RecAndPlayBk/Page-Vlink-AuthOnly/input_Card number_card_number' is double clicked on

2023-02-28 18:19:25 - [TEST_STEP][PASSED] - setText(findTestObject("Object Repository/RecAndPlayBk/Page-Vlink-AuthOnly/input_Card number_card_number"), cardNumber): Text '4012000098765439' is set on object 'Object Repository/RecAndPlayBk/Page-Vlink-AuthOnly/input_Card number_card_number'

2023-02-28 18:19:26 - [MESSAGE][PASSED] - Text '4012000098765439' is set on object 'Object Repository/RecAndPlayBk/Page-Vlink-AuthOnly/input_Card number_card_number'

2023-02-28 18:19:26 - [TEST_STEP][PASSED] - setText(findTestObject("Object Repository/RecAndPlayBk/Page-Vlink-AuthOnly/input_Card ex month_card_exmo"), exM): Text '12' is set on object 'Object Repository/RecAndPlayBk/Page-Vlink-AuthOnly/input_Card ex month_card_exmo'

2023-02-28 18:19:26 - [MESSAGE][PASSED] - Text '12' is set on object 'Object Repository/RecAndPlayBk/Page-Vlink-AuthOnly/input_Card ex month_card_exmo'

2023-02-28 18:19:26 - [TEST_STEP][PASSED] - setText(findTestObject("Object Repository/RecAndPlayBk/Page-Vlink-AuthOnly/input_Card ex year_card_exyr"), exY): Text '2029' is set on object 'Object Repository/RecAndPlayBk/Page-Vlink-AuthOnly/input_Card ex year_card_exyr'

2023-02-28 18:19:27 - [MESSAGE][PASSED] - Text '2029' is set on object 'Object Repository/RecAndPlayBk/Page-Vlink-AuthOnly/input_Card ex year_card_exyr'

2023-02-28 18:19:27 - [TEST_STEP][PASSED] - click(findTestObject("Object Repository/RecAndPlayBk/Page-Vlink-AuthOnly/input_Track Data_track_data")): Object: 'Object Repository/RecAndPlayBk/Page-Vlink-AuthOnly/input_Track Data_track_data' is clicked on

2023-02-28 18:19:27 - [MESSAGE][PASSED] - Object: 'Object Repository/RecAndPlayBk/Page-Vlink-AuthOnly/input_Track Data_track_data' is clicked on

2023-02-28 18:19:27 - [TEST_STEP][PASSED] - click(findTestObject("Object Repository/RecAndPlayBk/Page-Vlink-AuthOnly/input_CVV state_cvv_state")): Object: 'Object Repository/RecAndPlayBk/Page-Vlink-AuthOnly/input_CVV state_cvv_state' is clicked on

2023-02-28 18:19:28 - [MESSAGE][PASSED] - Object: 'Object Repository/RecAndPlayBk/Page-Vlink-AuthOnly/input_CVV state_cvv_state' is clicked on

2023-02-28 18:19:28 - [TEST_STEP][PASSED] - setText(findTestObject("Object Repository/RecAndPlayBk/Page-Vlink-AuthOnly/input_Track Data_track_data"), ""): Text '' is set on object 'Object Repository/RecAndPlayBk/Page-Vlink-AuthOnly/input_Track Data_track_data'

2023-02-28 18:19:28 - [MESSAGE][PASSED] - Text '' is set on object 'Object Repository/RecAndPlayBk/Page-Vlink-AuthOnly/input_Track Data_track_data'

2023-02-28 18:19:28 - [TEST_STEP][PASSED] - setText(findTestObject("Object Repository/RecAndPlayBk/Page-Vlink-AuthOnly/input_concat(Cardholder, , s email)_email"), ""): Text '' is set on object 'Object Repository/RecAndPlayBk/Page-Vlink-AuthOnly/input_concat(Cardholder, , s email)_email'

2023-02-28 18:19:29 - [MESSAGE][PASSED] - Text '' is set on object 'Object Repository/RecAndPlayBk/Page-Vlink-AuthOnly/input_concat(Cardholder, , s email)_email'

2023-02-28 18:19:29 - [TEST_STEP][PASSED] - click(findTestObject("Object Repository/RecAndPlayBk/Page-Vlink-AuthOnly/input_user_defined10_user_defined10")): Object: 'Object Repository/RecAndPlayBk/Page-Vlink-AuthOnly/input_user_defined10_user_defined10' is clicked on

2023-02-28 18:19:29 - [MESSAGE][PASSED] - Object: 'Object Repository/RecAndPlayBk/Page-Vlink-AuthOnly/input_user_defined10_user_defined10' is clicked on

2023-02-28 18:19:29 - [TEST_STEP][PASSED] - if (executionProfile.equalsIgnoreCase("QAProfile")): null

2023-02-28 18:19:29 - [TEST_STEP][PASSED] - click(findTestObject("Object Repository/RecAndPlayBk/Page-Vlink-AuthOnly/input")): Object: 'Object Repository/RecAndPlayBk/Page-Vlink-AuthOnly/input' is clicked on

2023-02-28 18:19:30 - [MESSAGE][PASSED] - Object: 'Object Repository/RecAndPlayBk/Page-Vlink-AuthOnly/input' is clicked on

2023-02-28 18:19:30 - [TEST_STEP][FAILED] - if (verifyTextPresent("Transaction approved, no errors", true)): Text 'Transaction approved, no errors' is not present on page  using regular expression (Root cause: com.kms.katalon.core.exception.StepFailedException: Text 'Transaction approved, no errors' is not present on page  using regular expression
	at com.kms.katalon.core.webui.keyword.internal.WebUIKeywordMain.stepFailed(WebUIKeywordMain.groovy:64)
	at com.kms.katalon.core.webui.keyword.builtin.VerifyTextPresentKeyword$_verifyTextPresent_closure1.doCall(VerifyTextPresentKeyword.groovy:79)
	at com.kms.katalon.core.webui.keyword.builtin.VerifyTextPresentKeyword$_verifyTextPresent_closure1.call(VerifyTextPresentKeyword.groovy)
	at com.kms.katalon.core.webui.keyword.internal.WebUIKeywordMain.runKeyword(WebUIKeywordMain.groovy:20)
	at com.kms.katalon.core.webui.keyword.builtin.VerifyTextPresentKeyword.verifyTextPresent(VerifyTextPresentKeyword.groovy:83)
	at com.kms.katalon.core.webui.keyword.builtin.VerifyTextPresentKeyword.execute(VerifyTextPresentKeyword.groovy:68)
	at com.kms.katalon.core.keyword.internal.KeywordExecutor.executeKeywordForPlatform(KeywordExecutor.groovy:74)
	at com.kms.katalon.core.webui.keyword.WebUiBuiltInKeywords.verifyTextPresent(WebUiBuiltInKeywords.groovy:1723)
	at com.kms.katalon.core.webui.keyword.WebUiBuiltInKeywords$verifyTextPresent$4.call(Unknown Source)
	at AuthOnly.run(AuthOnly:163)
	at com.kms.katalon.core.main.ScriptEngine.run(ScriptEngine.java:194)
	at com.kms.katalon.core.main.ScriptEngine.runScriptAsRawText(ScriptEngine.java:119)
	at com.kms.katalon.core.main.TestCaseExecutor.runScript(TestCaseExecutor.java:442)
	at com.kms.katalon.core.main.TestCaseExecutor.doExecute(TestCaseExecutor.java:433)
	at com.kms.katalon.core.main.TestCaseExecutor.processExecutionPhase(TestCaseExecutor.java:412)
	at com.kms.katalon.core.main.TestCaseExecutor.accessMainPhase(TestCaseExecutor.java:404)
	at com.kms.katalon.core.main.TestCaseExecutor.execute(TestCaseExecutor.java:281)
	at com.kms.katalon.core.main.TestSuiteExecutor.accessTestCaseMainPhase(TestSuiteExecutor.java:202)
	at com.kms.katalon.core.main.TestSuiteExecutor.accessTestSuiteMainPhase(TestSuiteExecutor.java:164)
	at com.kms.katalon.core.main.TestSuiteExecutor.execute(TestSuiteExecutor.java:105)
	at com.kms.katalon.core.main.TestCaseMain.startTestSuite(TestCaseMain.java:185)
	at com.kms.katalon.core.main.TestCaseMain$startTestSuite$0.call(Unknown Source)
	at TempTestSuite1677626298320.run(TempTestSuite1677626298320.groovy:36)
)

2023-02-28 18:19:31 - [MESSAGE][FAILED] - Text 'Transaction approved, no errors' is not present on page  using regular expression (Root cause: com.kms.katalon.core.exception.StepFailedException: Text 'Transaction approved, no errors' is not present on page  using regular expression
	at com.kms.katalon.core.webui.keyword.internal.WebUIKeywordMain.stepFailed(WebUIKeywordMain.groovy:64)
	at com.kms.katalon.core.webui.keyword.builtin.VerifyTextPresentKeyword$_verifyTextPresent_closure1.doCall(VerifyTextPresentKeyword.groovy:79)
	at com.kms.katalon.core.webui.keyword.builtin.VerifyTextPresentKeyword$_verifyTextPresent_closure1.call(VerifyTextPresentKeyword.groovy)
	at com.kms.katalon.core.webui.keyword.internal.WebUIKeywordMain.runKeyword(WebUIKeywordMain.groovy:20)
	at com.kms.katalon.core.webui.keyword.builtin.VerifyTextPresentKeyword.verifyTextPresent(VerifyTextPresentKeyword.groovy:83)
	at com.kms.katalon.core.webui.keyword.builtin.VerifyTextPresentKeyword.execute(VerifyTextPresentKeyword.groovy:68)
	at com.kms.katalon.core.keyword.internal.KeywordExecutor.executeKeywordForPlatform(KeywordExecutor.groovy:74)
	at com.kms.katalon.core.webui.keyword.WebUiBuiltInKeywords.verifyTextPresent(WebUiBuiltInKeywords.groovy:1723)
	at com.kms.katalon.core.webui.keyword.WebUiBuiltInKeywords$verifyTextPresent$4.call(Unknown Source)
	at AuthOnly.run(AuthOnly:163)
	at com.kms.katalon.core.main.ScriptEngine.run(ScriptEngine.java:194)
	at com.kms.katalon.core.main.ScriptEngine.runScriptAsRawText(ScriptEngine.java:119)
	at com.kms.katalon.core.main.TestCaseExecutor.runScript(TestCaseExecutor.java:442)
	at com.kms.katalon.core.main.TestCaseExecutor.doExecute(TestCaseExecutor.java:433)
	at com.kms.katalon.core.main.TestCaseExecutor.processExecutionPhase(TestCaseExecutor.java:412)
	at com.kms.katalon.core.main.TestCaseExecutor.accessMainPhase(TestCaseExecutor.java:404)
	at com.kms.katalon.core.main.TestCaseExecutor.execute(TestCaseExecutor.java:281)
	at com.kms.katalon.core.main.TestSuiteExecutor.accessTestCaseMainPhase(TestSuiteExecutor.java:202)
	at com.kms.katalon.core.main.TestSuiteExecutor.accessTestSuiteMainPhase(TestSuiteExecutor.java:164)
	at com.kms.katalon.core.main.TestSuiteExecutor.execute(TestSuiteExecutor.java:105)
	at com.kms.katalon.core.main.TestCaseMain.startTestSuite(TestCaseMain.java:185)
	at com.kms.katalon.core.main.TestCaseMain$startTestSuite$0.call(Unknown Source)
	at TempTestSuite1677626298320.run(TempTestSuite1677626298320.groovy:36)
)

2023-02-28 18:19:31 - [TEST_STEP][PASSED] - else: pages.WriteExcel.demoKey is PASSED

2023-02-28 18:19:31 - [TEST_STEP][PASSED] - println("Transaction Approved, no errors text is not present on the Confirmation page"): null

2023-02-28 18:19:31 - [TEST_STEP][PASSED] - out.println("Fail Record Number: " + row): null

2023-02-28 18:19:31 - [TEST_STEP][PASSED] - resText = "Fail": null

2023-02-28 18:19:31 - [TEST_STEP][PASSED] - pages.WriteExcel.demoKey(resText, datText, resColumn, datCloumn, fileLoc, nameSheet, row): pages.WriteExcel.demoKey is PASSED

2023-02-28 18:19:31 - [MESSAGE][PASSED] - pages.WriteExcel.demoKey is PASSED

2023-02-28 18:19:31 - [TEST_STEP][PASSED] - ExecuteTC = findTestData(dataFile).getValue("Execute", row): null

2023-02-28 18:19:31 - [TEST_STEP][PASSED] - out.println("Value of Execute is : " + ExecuteTC): null

2023-02-28 18:19:31 - [TEST_STEP][PASSED] - switch (executionProfile): null

2023-02-28 18:19:31 - [TEST_STEP][PASSED] - case "Demo2Profile":: null

2023-02-28 18:19:31 - [TEST_STEP][PASSED] - appID = findTestData(dataFile).getValue("AppIDDemo", row): null

2023-02-28 18:19:31 - [TEST_STEP][PASSED] - username = findTestData(dataFile).getValue("UsernameDemo", row): null

2023-02-28 18:19:31 - [TEST_STEP][PASSED] - password = findTestData(dataFile).getValue("PasswordDemo", row): null

2023-02-28 18:19:31 - [TEST_STEP][PASSED] - break: null

2023-02-28 18:19:31 - [TEST_STEP][FAILED] - if (ExecuteTC.equalsIgnoreCase("Y")): null

2023-02-28 18:19:31 - [TEST_STEP][PASSED] - out.println("Begin Record Number: " + row): null

2023-02-28 18:19:31 - [TEST_STEP][PASSED] - today = new java.util.Date(): null

2023-02-28 18:19:31 - [TEST_STEP][PASSED] - println(today): null

2023-02-28 18:19:31 - [TEST_STEP][PASSED] - datText = today: null

2023-02-28 18:19:31 - [TEST_STEP][PASSED] - category = findTestData(dataFile).getValue("Category", row): null

2023-02-28 18:19:31 - [TEST_STEP][PASSED] - amount = findTestData(dataFile).getValue("Amount", row): null

2023-02-28 18:19:31 - [TEST_STEP][PASSED] - cardNumber = findTestData(dataFile).getValue("CardNumber", row): null

2023-02-28 18:19:31 - [TEST_STEP][PASSED] - exM = findTestData(dataFile).getValue("ExM", row): null

2023-02-28 18:19:32 - [TEST_STEP][PASSED] - exY = findTestData(dataFile).getValue("ExY", row): null

2023-02-28 18:19:32 - [TEST_STEP][PASSED] - openBrowser(VLinkURL + "auth.html"): Browser is opened with url: 'https://dev-algorithm.govolution.com/vlinktest/demo2/version_2_0/auth.html'

2023-02-28 18:19:32 - [MESSAGE][WARNING] - A browser is already opened. Closing browser and opening a new one

2023-02-28 18:19:32 - [MESSAGE][INFO] - Starting 'Chrome' driver

2023-02-28 18:19:32 - [MESSAGE][INFO] - User set preference: ['acceptInsecureCerts', 'true']

2023-02-28 18:19:32 - [MESSAGE][INFO] - Action delay is set to 0 milliseconds

2023-02-28 18:19:34 - [MESSAGE][PASSED] - Browser is opened with url: 'https://dev-algorithm.govolution.com/vlinktest/demo2/version_2_0/auth.html'

2023-02-28 18:19:34 - [TEST_STEP][PASSED] - maximizeWindow(): Current window maximized

2023-02-28 18:19:34 - [MESSAGE][PASSED] - Current window maximized

2023-02-28 18:19:34 - [TEST_STEP][PASSED] - maximizeWindow(): Current window maximized

2023-02-28 18:19:34 - [MESSAGE][PASSED] - Current window maximized

2023-02-28 18:19:34 - [TEST_STEP][PASSED] - genRemID = RandomStringUtils.random(12, true, true): null

2023-02-28 18:19:34 - [TEST_STEP][PASSED] - setText(findTestObject("Object Repository/VLink/Page_CCSale/txt_RemID"), genRemID): Text 'xvilyIsqb8H1' is set on object 'Object Repository/VLink/Page_CCSale/txt_RemID'

2023-02-28 18:19:35 - [MESSAGE][PASSED] - Text 'xvilyIsqb8H1' is set on object 'Object Repository/VLink/Page_CCSale/txt_RemID'

2023-02-28 18:19:35 - [TEST_STEP][PASSED] - setText(findTestObject("Object Repository/RecAndPlayBk/Page-Vlink-AuthOnly/input_Remittance Id_remittance_id"), genRemID): Text 'xvilyIsqb8H1' is set on object 'Object Repository/RecAndPlayBk/Page-Vlink-AuthOnly/input_Remittance Id_remittance_id'

2023-02-28 18:19:36 - [MESSAGE][PASSED] - Text 'xvilyIsqb8H1' is set on object 'Object Repository/RecAndPlayBk/Page-Vlink-AuthOnly/input_Remittance Id_remittance_id'

2023-02-28 18:19:36 - [TEST_STEP][PASSED] - setText(findTestObject("Object Repository/RecAndPlayBk/Page-Vlink-AuthOnly/input_Application Id_application_id"), appID): Text '3136' is set on object 'Object Repository/RecAndPlayBk/Page-Vlink-AuthOnly/input_Application Id_application_id'

2023-02-28 18:19:37 - [MESSAGE][PASSED] - Text '3136' is set on object 'Object Repository/RecAndPlayBk/Page-Vlink-AuthOnly/input_Application Id_application_id'

2023-02-28 18:19:37 - [TEST_STEP][PASSED] - setText(findTestObject("Object Repository/RecAndPlayBk/Page-Vlink-AuthOnly/input_Username_username"), username): Text 'user3136' is set on object 'Object Repository/RecAndPlayBk/Page-Vlink-AuthOnly/input_Username_username'

2023-02-28 18:19:37 - [MESSAGE][PASSED] - Text 'user3136' is set on object 'Object Repository/RecAndPlayBk/Page-Vlink-AuthOnly/input_Username_username'

2023-02-28 18:19:37 - [TEST_STEP][PASSED] - setText(findTestObject("Object Repository/RecAndPlayBk/Page-Vlink-AuthOnly/input_Password_password"), password): Text 'pwd3136' is set on object 'Object Repository/RecAndPlayBk/Page-Vlink-AuthOnly/input_Password_password'

2023-02-28 18:19:38 - [MESSAGE][PASSED] - Text 'pwd3136' is set on object 'Object Repository/RecAndPlayBk/Page-Vlink-AuthOnly/input_Password_password'

2023-02-28 18:19:38 - [TEST_STEP][PASSED] - setText(findTestObject("Object Repository/RecAndPlayBk/Page-Vlink-AuthOnly/input_Category_category"), category): Text 'ECOM' is set on object 'Object Repository/RecAndPlayBk/Page-Vlink-AuthOnly/input_Category_category'

2023-02-28 18:19:39 - [MESSAGE][PASSED] - Text 'ECOM' is set on object 'Object Repository/RecAndPlayBk/Page-Vlink-AuthOnly/input_Category_category'

2023-02-28 18:19:39 - [TEST_STEP][PASSED] - setText(findTestObject("Object Repository/RecAndPlayBk/Page-Vlink-AuthOnly/input_Amount_amount"), amount): Text '10.5' is set on object 'Object Repository/RecAndPlayBk/Page-Vlink-AuthOnly/input_Amount_amount'

2023-02-28 18:19:39 - [MESSAGE][PASSED] - Text '10.5' is set on object 'Object Repository/RecAndPlayBk/Page-Vlink-AuthOnly/input_Amount_amount'

2023-02-28 18:19:39 - [TEST_STEP][PASSED] - doubleClick(findTestObject("Object Repository/RecAndPlayBk/Page-Vlink-AuthOnly/input_Card number_card_number")): Object: 'Object Repository/RecAndPlayBk/Page-Vlink-AuthOnly/input_Card number_card_number' is double clicked on

2023-02-28 18:19:40 - [MESSAGE][PASSED] - Object: 'Object Repository/RecAndPlayBk/Page-Vlink-AuthOnly/input_Card number_card_number' is double clicked on

2023-02-28 18:19:40 - [TEST_STEP][PASSED] - setText(findTestObject("Object Repository/RecAndPlayBk/Page-Vlink-AuthOnly/input_Card number_card_number"), cardNumber): Text '5146312200000035' is set on object 'Object Repository/RecAndPlayBk/Page-Vlink-AuthOnly/input_Card number_card_number'

2023-02-28 18:19:40 - [MESSAGE][PASSED] - Text '5146312200000035' is set on object 'Object Repository/RecAndPlayBk/Page-Vlink-AuthOnly/input_Card number_card_number'

2023-02-28 18:19:40 - [TEST_STEP][PASSED] - setText(findTestObject("Object Repository/RecAndPlayBk/Page-Vlink-AuthOnly/input_Card ex month_card_exmo"), exM): Text '12' is set on object 'Object Repository/RecAndPlayBk/Page-Vlink-AuthOnly/input_Card ex month_card_exmo'

2023-02-28 18:19:41 - [MESSAGE][PASSED] - Text '12' is set on object 'Object Repository/RecAndPlayBk/Page-Vlink-AuthOnly/input_Card ex month_card_exmo'

2023-02-28 18:19:41 - [TEST_STEP][PASSED] - setText(findTestObject("Object Repository/RecAndPlayBk/Page-Vlink-AuthOnly/input_Card ex year_card_exyr"), exY): Text '2029' is set on object 'Object Repository/RecAndPlayBk/Page-Vlink-AuthOnly/input_Card ex year_card_exyr'

2023-02-28 18:19:42 - [MESSAGE][PASSED] - Text '2029' is set on object 'Object Repository/RecAndPlayBk/Page-Vlink-AuthOnly/input_Card ex year_card_exyr'

2023-02-28 18:19:42 - [TEST_STEP][PASSED] - click(findTestObject("Object Repository/RecAndPlayBk/Page-Vlink-AuthOnly/input_Track Data_track_data")): Object: 'Object Repository/RecAndPlayBk/Page-Vlink-AuthOnly/input_Track Data_track_data' is clicked on

2023-02-28 18:19:42 - [MESSAGE][PASSED] - Object: 'Object Repository/RecAndPlayBk/Page-Vlink-AuthOnly/input_Track Data_track_data' is clicked on

2023-02-28 18:19:42 - [TEST_STEP][PASSED] - click(findTestObject("Object Repository/RecAndPlayBk/Page-Vlink-AuthOnly/input_CVV state_cvv_state")): Object: 'Object Repository/RecAndPlayBk/Page-Vlink-AuthOnly/input_CVV state_cvv_state' is clicked on

2023-02-28 18:19:42 - [MESSAGE][PASSED] - Object: 'Object Repository/RecAndPlayBk/Page-Vlink-AuthOnly/input_CVV state_cvv_state' is clicked on

2023-02-28 18:19:42 - [TEST_STEP][PASSED] - setText(findTestObject("Object Repository/RecAndPlayBk/Page-Vlink-AuthOnly/input_Track Data_track_data"), ""): Text '' is set on object 'Object Repository/RecAndPlayBk/Page-Vlink-AuthOnly/input_Track Data_track_data'

2023-02-28 18:19:43 - [MESSAGE][PASSED] - Text '' is set on object 'Object Repository/RecAndPlayBk/Page-Vlink-AuthOnly/input_Track Data_track_data'

2023-02-28 18:19:43 - [TEST_STEP][PASSED] - setText(findTestObject("Object Repository/RecAndPlayBk/Page-Vlink-AuthOnly/input_concat(Cardholder, , s email)_email"), ""): Text '' is set on object 'Object Repository/RecAndPlayBk/Page-Vlink-AuthOnly/input_concat(Cardholder, , s email)_email'

2023-02-28 18:19:43 - [MESSAGE][PASSED] - Text '' is set on object 'Object Repository/RecAndPlayBk/Page-Vlink-AuthOnly/input_concat(Cardholder, , s email)_email'

2023-02-28 18:19:43 - [TEST_STEP][PASSED] - click(findTestObject("Object Repository/RecAndPlayBk/Page-Vlink-AuthOnly/input_user_defined10_user_defined10")): Object: 'Object Repository/RecAndPlayBk/Page-Vlink-AuthOnly/input_user_defined10_user_defined10' is clicked on

2023-02-28 18:19:44 - [MESSAGE][PASSED] - Object: 'Object Repository/RecAndPlayBk/Page-Vlink-AuthOnly/input_user_defined10_user_defined10' is clicked on

2023-02-28 18:19:44 - [TEST_STEP][PASSED] - if (executionProfile.equalsIgnoreCase("QAProfile")): null

2023-02-28 18:19:44 - [TEST_STEP][PASSED] - click(findTestObject("Object Repository/RecAndPlayBk/Page-Vlink-AuthOnly/input")): Object: 'Object Repository/RecAndPlayBk/Page-Vlink-AuthOnly/input' is clicked on

2023-02-28 18:19:46 - [MESSAGE][PASSED] - Object: 'Object Repository/RecAndPlayBk/Page-Vlink-AuthOnly/input' is clicked on

2023-02-28 18:19:46 - [TEST_STEP][FAILED] - if (verifyTextPresent("Transaction approved, no errors", true)): Text 'Transaction approved, no errors' is not present on page  using regular expression (Root cause: com.kms.katalon.core.exception.StepFailedException: Text 'Transaction approved, no errors' is not present on page  using regular expression
	at com.kms.katalon.core.webui.keyword.internal.WebUIKeywordMain.stepFailed(WebUIKeywordMain.groovy:64)
	at com.kms.katalon.core.webui.keyword.builtin.VerifyTextPresentKeyword$_verifyTextPresent_closure1.doCall(VerifyTextPresentKeyword.groovy:79)
	at com.kms.katalon.core.webui.keyword.builtin.VerifyTextPresentKeyword$_verifyTextPresent_closure1.call(VerifyTextPresentKeyword.groovy)
	at com.kms.katalon.core.webui.keyword.internal.WebUIKeywordMain.runKeyword(WebUIKeywordMain.groovy:20)
	at com.kms.katalon.core.webui.keyword.builtin.VerifyTextPresentKeyword.verifyTextPresent(VerifyTextPresentKeyword.groovy:83)
	at com.kms.katalon.core.webui.keyword.builtin.VerifyTextPresentKeyword.execute(VerifyTextPresentKeyword.groovy:68)
	at com.kms.katalon.core.keyword.internal.KeywordExecutor.executeKeywordForPlatform(KeywordExecutor.groovy:74)
	at com.kms.katalon.core.webui.keyword.WebUiBuiltInKeywords.verifyTextPresent(WebUiBuiltInKeywords.groovy:1723)
	at com.kms.katalon.core.webui.keyword.WebUiBuiltInKeywords$verifyTextPresent$4.call(Unknown Source)
	at AuthOnly.run(AuthOnly:163)
	at com.kms.katalon.core.main.ScriptEngine.run(ScriptEngine.java:194)
	at com.kms.katalon.core.main.ScriptEngine.runScriptAsRawText(ScriptEngine.java:119)
	at com.kms.katalon.core.main.TestCaseExecutor.runScript(TestCaseExecutor.java:442)
	at com.kms.katalon.core.main.TestCaseExecutor.doExecute(TestCaseExecutor.java:433)
	at com.kms.katalon.core.main.TestCaseExecutor.processExecutionPhase(TestCaseExecutor.java:412)
	at com.kms.katalon.core.main.TestCaseExecutor.accessMainPhase(TestCaseExecutor.java:404)
	at com.kms.katalon.core.main.TestCaseExecutor.execute(TestCaseExecutor.java:281)
	at com.kms.katalon.core.main.TestSuiteExecutor.accessTestCaseMainPhase(TestSuiteExecutor.java:202)
	at com.kms.katalon.core.main.TestSuiteExecutor.accessTestSuiteMainPhase(TestSuiteExecutor.java:164)
	at com.kms.katalon.core.main.TestSuiteExecutor.execute(TestSuiteExecutor.java:105)
	at com.kms.katalon.core.main.TestCaseMain.startTestSuite(TestCaseMain.java:185)
	at com.kms.katalon.core.main.TestCaseMain$startTestSuite$0.call(Unknown Source)
	at TempTestSuite1677626298320.run(TempTestSuite1677626298320.groovy:36)
)

2023-02-28 18:19:46 - [MESSAGE][FAILED] - Text 'Transaction approved, no errors' is not present on page  using regular expression (Root cause: com.kms.katalon.core.exception.StepFailedException: Text 'Transaction approved, no errors' is not present on page  using regular expression
	at com.kms.katalon.core.webui.keyword.internal.WebUIKeywordMain.stepFailed(WebUIKeywordMain.groovy:64)
	at com.kms.katalon.core.webui.keyword.builtin.VerifyTextPresentKeyword$_verifyTextPresent_closure1.doCall(VerifyTextPresentKeyword.groovy:79)
	at com.kms.katalon.core.webui.keyword.builtin.VerifyTextPresentKeyword$_verifyTextPresent_closure1.call(VerifyTextPresentKeyword.groovy)
	at com.kms.katalon.core.webui.keyword.internal.WebUIKeywordMain.runKeyword(WebUIKeywordMain.groovy:20)
	at com.kms.katalon.core.webui.keyword.builtin.VerifyTextPresentKeyword.verifyTextPresent(VerifyTextPresentKeyword.groovy:83)
	at com.kms.katalon.core.webui.keyword.builtin.VerifyTextPresentKeyword.execute(VerifyTextPresentKeyword.groovy:68)
	at com.kms.katalon.core.keyword.internal.KeywordExecutor.executeKeywordForPlatform(KeywordExecutor.groovy:74)
	at com.kms.katalon.core.webui.keyword.WebUiBuiltInKeywords.verifyTextPresent(WebUiBuiltInKeywords.groovy:1723)
	at com.kms.katalon.core.webui.keyword.WebUiBuiltInKeywords$verifyTextPresent$4.call(Unknown Source)
	at AuthOnly.run(AuthOnly:163)
	at com.kms.katalon.core.main.ScriptEngine.run(ScriptEngine.java:194)
	at com.kms.katalon.core.main.ScriptEngine.runScriptAsRawText(ScriptEngine.java:119)
	at com.kms.katalon.core.main.TestCaseExecutor.runScript(TestCaseExecutor.java:442)
	at com.kms.katalon.core.main.TestCaseExecutor.doExecute(TestCaseExecutor.java:433)
	at com.kms.katalon.core.main.TestCaseExecutor.processExecutionPhase(TestCaseExecutor.java:412)
	at com.kms.katalon.core.main.TestCaseExecutor.accessMainPhase(TestCaseExecutor.java:404)
	at com.kms.katalon.core.main.TestCaseExecutor.execute(TestCaseExecutor.java:281)
	at com.kms.katalon.core.main.TestSuiteExecutor.accessTestCaseMainPhase(TestSuiteExecutor.java:202)
	at com.kms.katalon.core.main.TestSuiteExecutor.accessTestSuiteMainPhase(TestSuiteExecutor.java:164)
	at com.kms.katalon.core.main.TestSuiteExecutor.execute(TestSuiteExecutor.java:105)
	at com.kms.katalon.core.main.TestCaseMain.startTestSuite(TestCaseMain.java:185)
	at com.kms.katalon.core.main.TestCaseMain$startTestSuite$0.call(Unknown Source)
	at TempTestSuite1677626298320.run(TempTestSuite1677626298320.groovy:36)
)

2023-02-28 18:19:46 - [TEST_STEP][PASSED] - else: pages.WriteExcel.demoKey is PASSED

2023-02-28 18:19:46 - [TEST_STEP][PASSED] - println("Transaction Approved, no errors text is not present on the Confirmation page"): null

2023-02-28 18:19:46 - [TEST_STEP][PASSED] - out.println("Fail Record Number: " + row): null

2023-02-28 18:19:46 - [TEST_STEP][PASSED] - resText = "Fail": null

2023-02-28 18:19:46 - [TEST_STEP][PASSED] - pages.WriteExcel.demoKey(resText, datText, resColumn, datCloumn, fileLoc, nameSheet, row): pages.WriteExcel.demoKey is PASSED

2023-02-28 18:19:46 - [MESSAGE][PASSED] - pages.WriteExcel.demoKey is PASSED]]></system-out>
         <system-err><![CDATA[2023-02-28 18:18:24 - [TEST_CASE][FAILED] - Test Cases/RecAndPlayBk/VLink/AuthOnly: Test Cases/RecAndPlayBk/VLink/AuthOnly FAILED.
Reason:
com.kms.katalon.core.exception.StepFailedException: Text 'Transaction approved, no errors' is not present on page  using regular expression (Root cause: com.kms.katalon.core.exception.StepFailedException: Text 'Transaction approved, no errors' is not present on page  using regular expression
	at com.kms.katalon.core.webui.keyword.internal.WebUIKeywordMain.stepFailed(WebUIKeywordMain.groovy:64)
	at com.kms.katalon.core.webui.keyword.builtin.VerifyTextPresentKeyword$_verifyTextPresent_closure1.doCall(VerifyTextPresentKeyword.groovy:79)
	at com.kms.katalon.core.webui.keyword.builtin.VerifyTextPresentKeyword$_verifyTextPresent_closure1.call(VerifyTextPresentKeyword.groovy)
	at com.kms.katalon.core.webui.keyword.internal.WebUIKeywordMain.runKeyword(WebUIKeywordMain.groovy:20)
	at com.kms.katalon.core.webui.keyword.builtin.VerifyTextPresentKeyword.verifyTextPresent(VerifyTextPresentKeyword.groovy:83)
	at com.kms.katalon.core.webui.keyword.builtin.VerifyTextPresentKeyword.execute(VerifyTextPresentKeyword.groovy:68)
	at com.kms.katalon.core.keyword.internal.KeywordExecutor.executeKeywordForPlatform(KeywordExecutor.groovy:74)
	at com.kms.katalon.core.webui.keyword.WebUiBuiltInKeywords.verifyTextPresent(WebUiBuiltInKeywords.groovy:1723)
	at com.kms.katalon.core.webui.keyword.WebUiBuiltInKeywords$verifyTextPresent$4.call(Unknown Source)
	at AuthOnly.run(AuthOnly:163)
	at com.kms.katalon.core.main.ScriptEngine.run(ScriptEngine.java:194)
	at com.kms.katalon.core.main.ScriptEngine.runScriptAsRawText(ScriptEngine.java:119)
	at com.kms.katalon.core.main.TestCaseExecutor.runScript(TestCaseExecutor.java:442)
	at com.kms.katalon.core.main.TestCaseExecutor.doExecute(TestCaseExecutor.java:433)
	at com.kms.katalon.core.main.TestCaseExecutor.processExecutionPhase(TestCaseExecutor.java:412)
	at com.kms.katalon.core.main.TestCaseExecutor.accessMainPhase(TestCaseExecutor.java:404)
	at com.kms.katalon.core.main.TestCaseExecutor.execute(TestCaseExecutor.java:281)
	at com.kms.katalon.core.main.TestSuiteExecutor.accessTestCaseMainPhase(TestSuiteExecutor.java:202)
	at com.kms.katalon.core.main.TestSuiteExecutor.accessTestSuiteMainPhase(TestSuiteExecutor.java:164)
	at com.kms.katalon.core.main.TestSuiteExecutor.execute(TestSuiteExecutor.java:105)
	at com.kms.katalon.core.main.TestCaseMain.startTestSuite(TestCaseMain.java:185)
	at com.kms.katalon.core.main.TestCaseMain$startTestSuite$0.call(Unknown Source)
	at TempTestSuite1677626298320.run(TempTestSuite1677626298320.groovy:36)
)
	at com.kms.katalon.core.keyword.internal.KeywordMain.stepFailed(KeywordMain.groovy:39)
	at com.kms.katalon.core.webui.keyword.internal.WebUIKeywordMain.stepFailed(WebUIKeywordMain.groovy:64)
	at com.kms.katalon.core.webui.keyword.builtin.VerifyTextPresentKeyword$_verifyTextPresent_closure1.doCall(VerifyTextPresentKeyword.groovy:79)
	at com.kms.katalon.core.webui.keyword.builtin.VerifyTextPresentKeyword$_verifyTextPresent_closure1.call(VerifyTextPresentKeyword.groovy)
	at com.kms.katalon.core.webui.keyword.internal.WebUIKeywordMain.runKeyword(WebUIKeywordMain.groovy:20)
	at com.kms.katalon.core.webui.keyword.builtin.VerifyTextPresentKeyword.verifyTextPresent(VerifyTextPresentKeyword.groovy:83)
	at com.kms.katalon.core.webui.keyword.builtin.VerifyTextPresentKeyword.execute(VerifyTextPresentKeyword.groovy:68)
	at com.kms.katalon.core.keyword.internal.KeywordExecutor.executeKeywordForPlatform(KeywordExecutor.groovy:74)
	at com.kms.katalon.core.webui.keyword.WebUiBuiltInKeywords.verifyTextPresent(WebUiBuiltInKeywords.groovy:1723)
	at com.kms.katalon.core.webui.keyword.WebUiBuiltInKeywords$verifyTextPresent$4.call(Unknown Source)
	at AuthOnly.run(AuthOnly:163)
	at com.kms.katalon.core.main.ScriptEngine.run(ScriptEngine.java:194)
	at com.kms.katalon.core.main.ScriptEngine.runScriptAsRawText(ScriptEngine.java:119)
	at com.kms.katalon.core.main.TestCaseExecutor.runScript(TestCaseExecutor.java:442)
	at com.kms.katalon.core.main.TestCaseExecutor.doExecute(TestCaseExecutor.java:433)
	at com.kms.katalon.core.main.TestCaseExecutor.processExecutionPhase(TestCaseExecutor.java:412)
	at com.kms.katalon.core.main.TestCaseExecutor.accessMainPhase(TestCaseExecutor.java:404)
	at com.kms.katalon.core.main.TestCaseExecutor.execute(TestCaseExecutor.java:281)
	at com.kms.katalon.core.main.TestSuiteExecutor.accessTestCaseMainPhase(TestSuiteExecutor.java:202)
	at com.kms.katalon.core.main.TestSuiteExecutor.accessTestSuiteMainPhase(TestSuiteExecutor.java:164)
	at com.kms.katalon.core.main.TestSuiteExecutor.execute(TestSuiteExecutor.java:105)
	at com.kms.katalon.core.main.TestCaseMain.startTestSuite(TestCaseMain.java:185)
	at com.kms.katalon.core.main.TestCaseMain$startTestSuite$0.call(Unknown Source)
	at TempTestSuite1677626298320.run(TempTestSuite1677626298320.groovy:36)
Caused by: com.kms.katalon.core.exception.StepFailedException: Text 'Transaction approved, no errors' is not present on page  using regular expression
	... 23 more]]></system-err>
      </testcase>
      <testcase name="Test Cases/RecAndPlayBk/VLink/Auth-Capture" time="103.689" classname="Test Cases/RecAndPlayBk/VLink/Auth-Capture" status="FAILED">
         <failure type="FAILED" message="Test Cases/RecAndPlayBk/VLink/Auth-Capture FAILED.
Reason:
com.kms.katalon.core.exception.StepFailedException: Text 'Transaction approved, no errors' is not present on page  using regular expression (Root cause: com.kms.katalon.core.exception.StepFailedException: Text 'Transaction approved, no errors' is not present on page  using regular expression
	at com.kms.katalon.core.webui.keyword.internal.WebUIKeywordMain.stepFailed(WebUIKeywordMain.groovy:64)
	at com.kms.katalon.core.webui.keyword.builtin.VerifyTextPresentKeyword$_verifyTextPresent_closure1.doCall(VerifyTextPresentKeyword.groovy:79)
	at com.kms.katalon.core.webui.keyword.builtin.VerifyTextPresentKeyword$_verifyTextPresent_closure1.call(VerifyTextPresentKeyword.groovy)
	at com.kms.katalon.core.webui.keyword.internal.WebUIKeywordMain.runKeyword(WebUIKeywordMain.groovy:20)
	at com.kms.katalon.core.webui.keyword.builtin.VerifyTextPresentKeyword.verifyTextPresent(VerifyTextPresentKeyword.groovy:83)
	at com.kms.katalon.core.webui.keyword.builtin.VerifyTextPresentKeyword.execute(VerifyTextPresentKeyword.groovy:68)
	at com.kms.katalon.core.keyword.internal.KeywordExecutor.executeKeywordForPlatform(KeywordExecutor.groovy:74)
	at com.kms.katalon.core.webui.keyword.WebUiBuiltInKeywords.verifyTextPresent(WebUiBuiltInKeywords.groovy:1723)
	at com.kms.katalon.core.webui.keyword.WebUiBuiltInKeywords$verifyTextPresent$4.call(Unknown Source)
	at Auth-Capture.run(Auth-Capture:167)
	at com.kms.katalon.core.main.ScriptEngine.run(ScriptEngine.java:194)
	at com.kms.katalon.core.main.ScriptEngine.runScriptAsRawText(ScriptEngine.java:119)
	at com.kms.katalon.core.main.TestCaseExecutor.runScript(TestCaseExecutor.java:442)
	at com.kms.katalon.core.main.TestCaseExecutor.doExecute(TestCaseExecutor.java:433)
	at com.kms.katalon.core.main.TestCaseExecutor.processExecutionPhase(TestCaseExecutor.java:412)
	at com.kms.katalon.core.main.TestCaseExecutor.accessMainPhase(TestCaseExecutor.java:404)
	at com.kms.katalon.core.main.TestCaseExecutor.execute(TestCaseExecutor.java:281)
	at com.kms.katalon.core.main.TestSuiteExecutor.accessTestCaseMainPhase(TestSuiteExecutor.java:202)
	at com.kms.katalon.core.main.TestSuiteExecutor.accessTestSuiteMainPhase(TestSuiteExecutor.java:164)
	at com.kms.katalon.core.main.TestSuiteExecutor.execute(TestSuiteExecutor.java:105)
	at com.kms.katalon.core.main.TestCaseMain.startTestSuite(TestCaseMain.java:185)
	at com.kms.katalon.core.main.TestCaseMain$startTestSuite$0.call(Unknown Source)
	at TempTestSuite1677626298320.run(TempTestSuite1677626298320.groovy:36)
)
	at com.kms.katalon.core.keyword.internal.KeywordMain.stepFailed(KeywordMain.groovy:39)
	at com.kms.katalon.core.webui.keyword.internal.WebUIKeywordMain.stepFailed(WebUIKeywordMain.groovy:64)
	at com.kms.katalon.core.webui.keyword.builtin.VerifyTextPresentKeyword$_verifyTextPresent_closure1.doCall(VerifyTextPresentKeyword.groovy:79)
	at com.kms.katalon.core.webui.keyword.builtin.VerifyTextPresentKeyword$_verifyTextPresent_closure1.call(VerifyTextPresentKeyword.groovy)
	at com.kms.katalon.core.webui.keyword.internal.WebUIKeywordMain.runKeyword(WebUIKeywordMain.groovy:20)
	at com.kms.katalon.core.webui.keyword.builtin.VerifyTextPresentKeyword.verifyTextPresent(VerifyTextPresentKeyword.groovy:83)
	at com.kms.katalon.core.webui.keyword.builtin.VerifyTextPresentKeyword.execute(VerifyTextPresentKeyword.groovy:68)
	at com.kms.katalon.core.keyword.internal.KeywordExecutor.executeKeywordForPlatform(KeywordExecutor.groovy:74)
	at com.kms.katalon.core.webui.keyword.WebUiBuiltInKeywords.verifyTextPresent(WebUiBuiltInKeywords.groovy:1723)
	at com.kms.katalon.core.webui.keyword.WebUiBuiltInKeywords$verifyTextPresent$4.call(Unknown Source)
	at Auth-Capture.run(Auth-Capture:167)
	at com.kms.katalon.core.main.ScriptEngine.run(ScriptEngine.java:194)
	at com.kms.katalon.core.main.ScriptEngine.runScriptAsRawText(ScriptEngine.java:119)
	at com.kms.katalon.core.main.TestCaseExecutor.runScript(TestCaseExecutor.java:442)
	at com.kms.katalon.core.main.TestCaseExecutor.doExecute(TestCaseExecutor.java:433)
	at com.kms.katalon.core.main.TestCaseExecutor.processExecutionPhase(TestCaseExecutor.java:412)
	at com.kms.katalon.core.main.TestCaseExecutor.accessMainPhase(TestCaseExecutor.java:404)
	at com.kms.katalon.core.main.TestCaseExecutor.execute(TestCaseExecutor.java:281)
	at com.kms.katalon.core.main.TestSuiteExecutor.accessTestCaseMainPhase(TestSuiteExecutor.java:202)
	at com.kms.katalon.core.main.TestSuiteExecutor.accessTestSuiteMainPhase(TestSuiteExecutor.java:164)
	at com.kms.katalon.core.main.TestSuiteExecutor.execute(TestSuiteExecutor.java:105)
	at com.kms.katalon.core.main.TestCaseMain.startTestSuite(TestCaseMain.java:185)
	at com.kms.katalon.core.main.TestCaseMain$startTestSuite$0.call(Unknown Source)
	at TempTestSuite1677626298320.run(TempTestSuite1677626298320.groovy:36)
Caused by: com.kms.katalon.core.exception.StepFailedException: Text 'Transaction approved, no errors' is not present on page  using regular expression
	... 23 more
"/>
         <system-out><![CDATA[2023-02-28 18:19:46 - [TEST_CASE][FAILED] - Test Cases/RecAndPlayBk/VLink/Auth-Capture: Test Cases/RecAndPlayBk/VLink/Auth-Capture FAILED.
Reason:
com.kms.katalon.core.exception.StepFailedException: Text 'Transaction approved, no errors' is not present on page  using regular expression (Root cause: com.kms.katalon.core.exception.StepFailedException: Text 'Transaction approved, no errors' is not present on page  using regular expression
	at com.kms.katalon.core.webui.keyword.internal.WebUIKeywordMain.stepFailed(WebUIKeywordMain.groovy:64)
	at com.kms.katalon.core.webui.keyword.builtin.VerifyTextPresentKeyword$_verifyTextPresent_closure1.doCall(VerifyTextPresentKeyword.groovy:79)
	at com.kms.katalon.core.webui.keyword.builtin.VerifyTextPresentKeyword$_verifyTextPresent_closure1.call(VerifyTextPresentKeyword.groovy)
	at com.kms.katalon.core.webui.keyword.internal.WebUIKeywordMain.runKeyword(WebUIKeywordMain.groovy:20)
	at com.kms.katalon.core.webui.keyword.builtin.VerifyTextPresentKeyword.verifyTextPresent(VerifyTextPresentKeyword.groovy:83)
	at com.kms.katalon.core.webui.keyword.builtin.VerifyTextPresentKeyword.execute(VerifyTextPresentKeyword.groovy:68)
	at com.kms.katalon.core.keyword.internal.KeywordExecutor.executeKeywordForPlatform(KeywordExecutor.groovy:74)
	at com.kms.katalon.core.webui.keyword.WebUiBuiltInKeywords.verifyTextPresent(WebUiBuiltInKeywords.groovy:1723)
	at com.kms.katalon.core.webui.keyword.WebUiBuiltInKeywords$verifyTextPresent$4.call(Unknown Source)
	at Auth-Capture.run(Auth-Capture:167)
	at com.kms.katalon.core.main.ScriptEngine.run(ScriptEngine.java:194)
	at com.kms.katalon.core.main.ScriptEngine.runScriptAsRawText(ScriptEngine.java:119)
	at com.kms.katalon.core.main.TestCaseExecutor.runScript(TestCaseExecutor.java:442)
	at com.kms.katalon.core.main.TestCaseExecutor.doExecute(TestCaseExecutor.java:433)
	at com.kms.katalon.core.main.TestCaseExecutor.processExecutionPhase(TestCaseExecutor.java:412)
	at com.kms.katalon.core.main.TestCaseExecutor.accessMainPhase(TestCaseExecutor.java:404)
	at com.kms.katalon.core.main.TestCaseExecutor.execute(TestCaseExecutor.java:281)
	at com.kms.katalon.core.main.TestSuiteExecutor.accessTestCaseMainPhase(TestSuiteExecutor.java:202)
	at com.kms.katalon.core.main.TestSuiteExecutor.accessTestSuiteMainPhase(TestSuiteExecutor.java:164)
	at com.kms.katalon.core.main.TestSuiteExecutor.execute(TestSuiteExecutor.java:105)
	at com.kms.katalon.core.main.TestCaseMain.startTestSuite(TestCaseMain.java:185)
	at com.kms.katalon.core.main.TestCaseMain$startTestSuite$0.call(Unknown Source)
	at TempTestSuite1677626298320.run(TempTestSuite1677626298320.groovy:36)
)
	at com.kms.katalon.core.keyword.internal.KeywordMain.stepFailed(KeywordMain.groovy:39)
	at com.kms.katalon.core.webui.keyword.internal.WebUIKeywordMain.stepFailed(WebUIKeywordMain.groovy:64)
	at com.kms.katalon.core.webui.keyword.builtin.VerifyTextPresentKeyword$_verifyTextPresent_closure1.doCall(VerifyTextPresentKeyword.groovy:79)
	at com.kms.katalon.core.webui.keyword.builtin.VerifyTextPresentKeyword$_verifyTextPresent_closure1.call(VerifyTextPresentKeyword.groovy)
	at com.kms.katalon.core.webui.keyword.internal.WebUIKeywordMain.runKeyword(WebUIKeywordMain.groovy:20)
	at com.kms.katalon.core.webui.keyword.builtin.VerifyTextPresentKeyword.verifyTextPresent(VerifyTextPresentKeyword.groovy:83)
	at com.kms.katalon.core.webui.keyword.builtin.VerifyTextPresentKeyword.execute(VerifyTextPresentKeyword.groovy:68)
	at com.kms.katalon.core.keyword.internal.KeywordExecutor.executeKeywordForPlatform(KeywordExecutor.groovy:74)
	at com.kms.katalon.core.webui.keyword.WebUiBuiltInKeywords.verifyTextPresent(WebUiBuiltInKeywords.groovy:1723)
	at com.kms.katalon.core.webui.keyword.WebUiBuiltInKeywords$verifyTextPresent$4.call(Unknown Source)
	at Auth-Capture.run(Auth-Capture:167)
	at com.kms.katalon.core.main.ScriptEngine.run(ScriptEngine.java:194)
	at com.kms.katalon.core.main.ScriptEngine.runScriptAsRawText(ScriptEngine.java:119)
	at com.kms.katalon.core.main.TestCaseExecutor.runScript(TestCaseExecutor.java:442)
	at com.kms.katalon.core.main.TestCaseExecutor.doExecute(TestCaseExecutor.java:433)
	at com.kms.katalon.core.main.TestCaseExecutor.processExecutionPhase(TestCaseExecutor.java:412)
	at com.kms.katalon.core.main.TestCaseExecutor.accessMainPhase(TestCaseExecutor.java:404)
	at com.kms.katalon.core.main.TestCaseExecutor.execute(TestCaseExecutor.java:281)
	at com.kms.katalon.core.main.TestSuiteExecutor.accessTestCaseMainPhase(TestSuiteExecutor.java:202)
	at com.kms.katalon.core.main.TestSuiteExecutor.accessTestSuiteMainPhase(TestSuiteExecutor.java:164)
	at com.kms.katalon.core.main.TestSuiteExecutor.execute(TestSuiteExecutor.java:105)
	at com.kms.katalon.core.main.TestCaseMain.startTestSuite(TestCaseMain.java:185)
	at com.kms.katalon.core.main.TestCaseMain$startTestSuite$0.call(Unknown Source)
	at TempTestSuite1677626298320.run(TempTestSuite1677626298320.groovy:36)
Caused by: com.kms.katalon.core.exception.StepFailedException: Text 'Transaction approved, no errors' is not present on page  using regular expression
	... 23 more


2023-02-28 18:19:47 - [TEST_STEP][PASSED] - executionProfile = getExecutionProfile(): null

2023-02-28 18:19:47 - [TEST_STEP][PASSED] - out.println("executionProfile : " + executionProfile): null

2023-02-28 18:19:47 - [TEST_STEP][PASSED] - appName = <not implemented yet for class: org.codehaus.groovy.ast.expr.EmptyExpression>: null

2023-02-28 18:19:47 - [TEST_STEP][PASSED] - appID = <not implemented yet for class: org.codehaus.groovy.ast.expr.EmptyExpression>: null

2023-02-28 18:19:47 - [TEST_STEP][PASSED] - username = <not implemented yet for class: org.codehaus.groovy.ast.expr.EmptyExpression>: null

2023-02-28 18:19:47 - [TEST_STEP][PASSED] - password = <not implemented yet for class: org.codehaus.groovy.ast.expr.EmptyExpression>: null

2023-02-28 18:19:47 - [TEST_STEP][PASSED] - cardNameV = <not implemented yet for class: org.codehaus.groovy.ast.expr.EmptyExpression>: null

2023-02-28 18:19:47 - [TEST_STEP][PASSED] - al1V = <not implemented yet for class: org.codehaus.groovy.ast.expr.EmptyExpression>: null

2023-02-28 18:19:47 - [TEST_STEP][PASSED] - al2V = <not implemented yet for class: org.codehaus.groovy.ast.expr.EmptyExpression>: null

2023-02-28 18:19:47 - [TEST_STEP][PASSED] - zipV = <not implemented yet for class: org.codehaus.groovy.ast.expr.EmptyExpression>: null

2023-02-28 18:19:47 - [TEST_STEP][PASSED] - cardTypeV = <not implemented yet for class: org.codehaus.groovy.ast.expr.EmptyExpression>: null

2023-02-28 18:19:47 - [TEST_STEP][PASSED] - last4V = <not implemented yet for class: org.codehaus.groovy.ast.expr.EmptyExpression>: null

2023-02-28 18:19:47 - [TEST_STEP][PASSED] - resText = "Fail": null

2023-02-28 18:19:47 - [TEST_STEP][PASSED] - resColumn = "Result": null

2023-02-28 18:19:47 - [TEST_STEP][PASSED] - datCloumn = "Date": null

2023-02-28 18:19:47 - [TEST_STEP][PASSED] - fileLoc = "KatalonData/VLinkSmokeData.xlsx": null

2023-02-28 18:19:47 - [TEST_STEP][PASSED] - numOfRows = <not implemented yet for class: org.codehaus.groovy.ast.expr.EmptyExpression>: null

2023-02-28 18:19:47 - [TEST_STEP][PASSED] - dataFile = <not implemented yet for class: org.codehaus.groovy.ast.expr.EmptyExpression>: null

2023-02-28 18:19:47 - [TEST_STEP][PASSED] - nameSheet = <not implemented yet for class: org.codehaus.groovy.ast.expr.EmptyExpression>: null

2023-02-28 18:19:47 - [TEST_STEP][PASSED] - nameSheet = "AuthCapture": null

2023-02-28 18:19:47 - [TEST_STEP][PASSED] - numOfRows = findTestData("QA/VLinkTestData/VLinkAuthCaptureData").getRowNumbers(): null

2023-02-28 18:19:47 - [TEST_STEP][PASSED] - println("Number of Records: " + numOfRows): null

2023-02-28 18:19:47 - [TEST_STEP][PASSED] - dataFile = "QA/VLinkTestData/VLinkAuthCaptureData": null

2023-02-28 18:19:47 - [TEST_STEP][FAILED] - for ([row = 1, row <= numOfRows, (row++)]): null

2023-02-28 18:19:47 - [TEST_STEP][PASSED] - ExecuteTC = findTestData(dataFile).getValue("Execute", row): null

2023-02-28 18:19:47 - [TEST_STEP][PASSED] - out.println("Value of Execute is : " + ExecuteTC): null

2023-02-28 18:19:47 - [TEST_STEP][PASSED] - switch (executionProfile): null

2023-02-28 18:19:47 - [TEST_STEP][PASSED] - case "Demo2Profile":: null

2023-02-28 18:19:47 - [TEST_STEP][PASSED] - appID = findTestData(dataFile).getValue("AppIDDemo", row): null

2023-02-28 18:19:47 - [TEST_STEP][PASSED] - username = findTestData(dataFile).getValue("UsernameDemo", row): null

2023-02-28 18:19:47 - [TEST_STEP][PASSED] - password = findTestData(dataFile).getValue("PasswordDemo", row): null

2023-02-28 18:19:47 - [TEST_STEP][PASSED] - break: null

2023-02-28 18:19:47 - [TEST_STEP][PASSED] - if (ExecuteTC.equalsIgnoreCase("Y")): null

2023-02-28 18:19:47 - [TEST_STEP][PASSED] - out.println("Begin Record Number: " + row): null

2023-02-28 18:19:47 - [TEST_STEP][PASSED] - today = new java.util.Date(): null

2023-02-28 18:19:47 - [TEST_STEP][PASSED] - println(today): null

2023-02-28 18:19:47 - [TEST_STEP][PASSED] - datText = today: null

2023-02-28 18:19:47 - [TEST_STEP][PASSED] - category = findTestData(dataFile).getValue("Category", row): null

2023-02-28 18:19:47 - [TEST_STEP][PASSED] - amount = findTestData(dataFile).getValue("Amount", row): null

2023-02-28 18:19:47 - [TEST_STEP][PASSED] - cardNumber = findTestData(dataFile).getValue("CardNumber", row): null

2023-02-28 18:19:48 - [TEST_STEP][PASSED] - exM = findTestData(dataFile).getValue("ExM", row): null

2023-02-28 18:19:48 - [TEST_STEP][PASSED] - exY = findTestData(dataFile).getValue("ExY", row): null

2023-02-28 18:19:48 - [TEST_STEP][PASSED] - openBrowser(VLinkURL + "auth.html"): Browser is opened with url: 'https://dev-algorithm.govolution.com/vlinktest/demo2/version_2_0/auth.html'

2023-02-28 18:19:48 - [MESSAGE][WARNING] - A browser is already opened. Closing browser and opening a new one

2023-02-28 18:19:49 - [MESSAGE][INFO] - Starting 'Chrome' driver

2023-02-28 18:19:49 - [MESSAGE][INFO] - User set preference: ['acceptInsecureCerts', 'true']

2023-02-28 18:19:49 - [MESSAGE][INFO] - Action delay is set to 0 milliseconds

2023-02-28 18:19:51 - [MESSAGE][PASSED] - Browser is opened with url: 'https://dev-algorithm.govolution.com/vlinktest/demo2/version_2_0/auth.html'

2023-02-28 18:19:51 - [TEST_STEP][PASSED] - maximizeWindow(): Current window maximized

2023-02-28 18:19:51 - [MESSAGE][PASSED] - Current window maximized

2023-02-28 18:19:51 - [TEST_STEP][PASSED] - genRemID = RandomStringUtils.random(12, true, true): null

2023-02-28 18:19:51 - [TEST_STEP][PASSED] - setText(findTestObject("Object Repository/RecAndPlayBk/Page-Vlink-AuthOnly/input_Remittance Id_remittance_id"), genRemID): Text 'QHVb2MSmGGhP' is set on object 'Object Repository/RecAndPlayBk/Page-Vlink-AuthOnly/input_Remittance Id_remittance_id'

2023-02-28 18:19:52 - [MESSAGE][PASSED] - Text 'QHVb2MSmGGhP' is set on object 'Object Repository/RecAndPlayBk/Page-Vlink-AuthOnly/input_Remittance Id_remittance_id'

2023-02-28 18:19:52 - [TEST_STEP][PASSED] - setText(findTestObject("Object Repository/RecAndPlayBk/Page-Vlink-AuthOnly/input_Application Id_application_id"), appID): Text '1773' is set on object 'Object Repository/RecAndPlayBk/Page-Vlink-AuthOnly/input_Application Id_application_id'

2023-02-28 18:19:53 - [MESSAGE][PASSED] - Text '1773' is set on object 'Object Repository/RecAndPlayBk/Page-Vlink-AuthOnly/input_Application Id_application_id'

2023-02-28 18:19:53 - [TEST_STEP][PASSED] - setText(findTestObject("Object Repository/RecAndPlayBk/Page-Vlink-AuthOnly/input_Username_username"), username): Text 'Qq2BV1qtr' is set on object 'Object Repository/RecAndPlayBk/Page-Vlink-AuthOnly/input_Username_username'

2023-02-28 18:19:53 - [MESSAGE][PASSED] - Text 'Qq2BV1qtr' is set on object 'Object Repository/RecAndPlayBk/Page-Vlink-AuthOnly/input_Username_username'

2023-02-28 18:19:53 - [TEST_STEP][PASSED] - setText(findTestObject("Object Repository/RecAndPlayBk/Page-Vlink-AuthOnly/input_Password_password"), password): Text 'tUmWBiLUx' is set on object 'Object Repository/RecAndPlayBk/Page-Vlink-AuthOnly/input_Password_password'

2023-02-28 18:19:54 - [MESSAGE][PASSED] - Text 'tUmWBiLUx' is set on object 'Object Repository/RecAndPlayBk/Page-Vlink-AuthOnly/input_Password_password'

2023-02-28 18:19:54 - [TEST_STEP][PASSED] - setText(findTestObject("Object Repository/RecAndPlayBk/Page-Vlink-AuthOnly/input_Category_category"), category): Text 'ECOM' is set on object 'Object Repository/RecAndPlayBk/Page-Vlink-AuthOnly/input_Category_category'

2023-02-28 18:19:55 - [MESSAGE][PASSED] - Text 'ECOM' is set on object 'Object Repository/RecAndPlayBk/Page-Vlink-AuthOnly/input_Category_category'

2023-02-28 18:19:55 - [TEST_STEP][PASSED] - setText(findTestObject("Object Repository/RecAndPlayBk/Page-Vlink-AuthOnly/input_Amount_amount"), amount): Text '10.5' is set on object 'Object Repository/RecAndPlayBk/Page-Vlink-AuthOnly/input_Amount_amount'

2023-02-28 18:19:55 - [MESSAGE][PASSED] - Text '10.5' is set on object 'Object Repository/RecAndPlayBk/Page-Vlink-AuthOnly/input_Amount_amount'

2023-02-28 18:19:55 - [TEST_STEP][PASSED] - doubleClick(findTestObject("Object Repository/RecAndPlayBk/Page-Vlink-AuthOnly/input_Card number_card_number")): Object: 'Object Repository/RecAndPlayBk/Page-Vlink-AuthOnly/input_Card number_card_number' is double clicked on

2023-02-28 18:19:56 - [MESSAGE][PASSED] - Object: 'Object Repository/RecAndPlayBk/Page-Vlink-AuthOnly/input_Card number_card_number' is double clicked on

2023-02-28 18:19:56 - [TEST_STEP][PASSED] - setText(findTestObject("Object Repository/RecAndPlayBk/Page-Vlink-AuthOnly/input_Card number_card_number"), cardNumber): Text '4111111111111111' is set on object 'Object Repository/RecAndPlayBk/Page-Vlink-AuthOnly/input_Card number_card_number'

2023-02-28 18:19:57 - [MESSAGE][PASSED] - Text '4111111111111111' is set on object 'Object Repository/RecAndPlayBk/Page-Vlink-AuthOnly/input_Card number_card_number'

2023-02-28 18:19:57 - [TEST_STEP][PASSED] - setText(findTestObject("Object Repository/RecAndPlayBk/Page-Vlink-AuthOnly/input_Card ex month_card_exmo"), exM): Text '12' is set on object 'Object Repository/RecAndPlayBk/Page-Vlink-AuthOnly/input_Card ex month_card_exmo'

2023-02-28 18:19:57 - [MESSAGE][PASSED] - Text '12' is set on object 'Object Repository/RecAndPlayBk/Page-Vlink-AuthOnly/input_Card ex month_card_exmo'

2023-02-28 18:19:57 - [TEST_STEP][PASSED] - setText(findTestObject("Object Repository/RecAndPlayBk/Page-Vlink-AuthOnly/input_Card ex year_card_exyr"), exY): Text '2029' is set on object 'Object Repository/RecAndPlayBk/Page-Vlink-AuthOnly/input_Card ex year_card_exyr'

2023-02-28 18:19:58 - [MESSAGE][PASSED] - Text '2029' is set on object 'Object Repository/RecAndPlayBk/Page-Vlink-AuthOnly/input_Card ex year_card_exyr'

2023-02-28 18:19:58 - [TEST_STEP][PASSED] - click(findTestObject("Object Repository/RecAndPlayBk/Page-Vlink-AuthOnly/input_Track Data_track_data")): Object: 'Object Repository/RecAndPlayBk/Page-Vlink-AuthOnly/input_Track Data_track_data' is clicked on

2023-02-28 18:19:58 - [MESSAGE][PASSED] - Object: 'Object Repository/RecAndPlayBk/Page-Vlink-AuthOnly/input_Track Data_track_data' is clicked on

2023-02-28 18:19:58 - [TEST_STEP][PASSED] - click(findTestObject("Object Repository/RecAndPlayBk/Page-Vlink-AuthOnly/input_CVV state_cvv_state")): Object: 'Object Repository/RecAndPlayBk/Page-Vlink-AuthOnly/input_CVV state_cvv_state' is clicked on

2023-02-28 18:19:59 - [MESSAGE][PASSED] - Object: 'Object Repository/RecAndPlayBk/Page-Vlink-AuthOnly/input_CVV state_cvv_state' is clicked on

2023-02-28 18:19:59 - [TEST_STEP][PASSED] - setText(findTestObject("Object Repository/RecAndPlayBk/Page-Vlink-AuthOnly/input_Track Data_track_data"), ""): Text '' is set on object 'Object Repository/RecAndPlayBk/Page-Vlink-AuthOnly/input_Track Data_track_data'

2023-02-28 18:19:59 - [MESSAGE][PASSED] - Text '' is set on object 'Object Repository/RecAndPlayBk/Page-Vlink-AuthOnly/input_Track Data_track_data'

2023-02-28 18:19:59 - [TEST_STEP][PASSED] - setText(findTestObject("Object Repository/RecAndPlayBk/Page-Vlink-AuthOnly/input_concat(Cardholder, , s email)_email"), ""): Text '' is set on object 'Object Repository/RecAndPlayBk/Page-Vlink-AuthOnly/input_concat(Cardholder, , s email)_email'

2023-02-28 18:20:00 - [MESSAGE][PASSED] - Text '' is set on object 'Object Repository/RecAndPlayBk/Page-Vlink-AuthOnly/input_concat(Cardholder, , s email)_email'

2023-02-28 18:20:00 - [TEST_STEP][PASSED] - click(findTestObject("Object Repository/RecAndPlayBk/Page-Vlink-AuthOnly/input_user_defined10_user_defined10")): Object: 'Object Repository/RecAndPlayBk/Page-Vlink-AuthOnly/input_user_defined10_user_defined10' is clicked on

2023-02-28 18:20:00 - [MESSAGE][PASSED] - Object: 'Object Repository/RecAndPlayBk/Page-Vlink-AuthOnly/input_user_defined10_user_defined10' is clicked on

2023-02-28 18:20:00 - [TEST_STEP][PASSED] - if (executionProfile.equalsIgnoreCase("QAProfile")): null

2023-02-28 18:20:00 - [TEST_STEP][PASSED] - click(findTestObject("Object Repository/RecAndPlayBk/Page-Vlink-AuthOnly/input")): Object: 'Object Repository/RecAndPlayBk/Page-Vlink-AuthOnly/input' is clicked on

2023-02-28 18:20:02 - [MESSAGE][PASSED] - Object: 'Object Repository/RecAndPlayBk/Page-Vlink-AuthOnly/input' is clicked on

2023-02-28 18:20:02 - [TEST_STEP][PASSED] - if (verifyTextPresent("Transaction approved, no errors", true)): null

2023-02-28 18:20:02 - [MESSAGE][PASSED] - Text 'Transaction approved, no errors' is present on page  using regular expression

2023-02-28 18:20:02 - [TEST_STEP][PASSED] - out.println("Auth was successful, Capture now"): null

2023-02-28 18:20:02 - [TEST_STEP][PASSED] - sdfo = getText(findTestObject("Object Repository/Page_VLinkReceipt/pre_STX")): Text of object 'Object Repository/Page_VLinkReceipt/pre_STX' is: '<STX>QHVb2MSmGGhP                  2920732             0  Transaction approved, no errors                   0                                                                                  Y 772079680<ETX>'

2023-02-28 18:20:02 - [MESSAGE][PASSED] - Text of object 'Object Repository/Page_VLinkReceipt/pre_STX' is: '<STX>QHVb2MSmGGhP                  2920732             0  Transaction approved, no errors                   0                                                                                  Y 772079680<ETX>'

2023-02-28 18:20:02 - [TEST_STEP][PASSED] - out.println("sdfo: " + sdfo): null

2023-02-28 18:20:02 - [TEST_STEP][PASSED] - remID = substring(5, 35).trim(): null

2023-02-28 18:20:02 - [TEST_STEP][PASSED] - out.println("remID: " + remID): null

2023-02-28 18:20:02 - [TEST_STEP][PASSED] - traxID = substring(35, 55).trim(): null

2023-02-28 18:20:02 - [TEST_STEP][PASSED] - out.println("traxID: " + traxID): null

2023-02-28 18:20:02 - [TEST_STEP][PASSED] - VLinkSaleRemID = remID: null

2023-02-28 18:20:02 - [TEST_STEP][PASSED] - VLinkSaleTranxID = traxID: null

2023-02-28 18:20:02 - [TEST_STEP][PASSED] - openBrowser(VLinkURL + "capture.html"): Browser is opened with url: 'https://dev-algorithm.govolution.com/vlinktest/demo2/version_2_0/capture.html'

2023-02-28 18:20:02 - [MESSAGE][WARNING] - A browser is already opened. Closing browser and opening a new one

2023-02-28 18:20:03 - [MESSAGE][INFO] - Starting 'Chrome' driver

2023-02-28 18:20:03 - [MESSAGE][INFO] - User set preference: ['acceptInsecureCerts', 'true']

2023-02-28 18:20:03 - [MESSAGE][INFO] - Action delay is set to 0 milliseconds

2023-02-28 18:20:05 - [MESSAGE][PASSED] - Browser is opened with url: 'https://dev-algorithm.govolution.com/vlinktest/demo2/version_2_0/capture.html'

2023-02-28 18:20:05 - [TEST_STEP][PASSED] - maximizeWindow(): Current window maximized

2023-02-28 18:20:05 - [MESSAGE][PASSED] - Current window maximized

2023-02-28 18:20:05 - [TEST_STEP][PASSED] - setText(findTestObject("Object Repository/RecAndPlayBk/Page-VLink-Capture/input_Remittance Id_remittance_id"), VLinkSaleRemID): Text 'QHVb2MSmGGhP' is set on object 'Object Repository/RecAndPlayBk/Page-VLink-Capture/input_Remittance Id_remittance_id'

2023-02-28 18:20:06 - [MESSAGE][PASSED] - Text 'QHVb2MSmGGhP' is set on object 'Object Repository/RecAndPlayBk/Page-VLink-Capture/input_Remittance Id_remittance_id'

2023-02-28 18:20:06 - [TEST_STEP][PASSED] - setText(findTestObject("Object Repository/RecAndPlayBk/Page-VLink-Capture/input_Application Id_application_id"), appID): Text '1773' is set on object 'Object Repository/RecAndPlayBk/Page-VLink-Capture/input_Application Id_application_id'

2023-02-28 18:20:07 - [MESSAGE][PASSED] - Text '1773' is set on object 'Object Repository/RecAndPlayBk/Page-VLink-Capture/input_Application Id_application_id'

2023-02-28 18:20:07 - [TEST_STEP][PASSED] - setText(findTestObject("Object Repository/RecAndPlayBk/Page-VLink-Capture/input_Username_username"), username): Text 'Qq2BV1qtr' is set on object 'Object Repository/RecAndPlayBk/Page-VLink-Capture/input_Username_username'

2023-02-28 18:20:08 - [MESSAGE][PASSED] - Text 'Qq2BV1qtr' is set on object 'Object Repository/RecAndPlayBk/Page-VLink-Capture/input_Username_username'

2023-02-28 18:20:08 - [TEST_STEP][PASSED] - setText(findTestObject("Object Repository/RecAndPlayBk/Page-VLink-Capture/input_Password_password"), password): Text 'tUmWBiLUx' is set on object 'Object Repository/RecAndPlayBk/Page-VLink-Capture/input_Password_password'

2023-02-28 18:20:08 - [MESSAGE][PASSED] - Text 'tUmWBiLUx' is set on object 'Object Repository/RecAndPlayBk/Page-VLink-Capture/input_Password_password'

2023-02-28 18:20:08 - [TEST_STEP][PASSED] - setText(findTestObject("Object Repository/RecAndPlayBk/Page-VLink-Capture/input_Transaction ID_transaction_id"), VLinkSaleTranxID): Text '2920732' is set on object 'Object Repository/RecAndPlayBk/Page-VLink-Capture/input_Transaction ID_transaction_id'

2023-02-28 18:20:09 - [MESSAGE][PASSED] - Text '2920732' is set on object 'Object Repository/RecAndPlayBk/Page-VLink-Capture/input_Transaction ID_transaction_id'

2023-02-28 18:20:09 - [TEST_STEP][PASSED] - setText(findTestObject("Object Repository/RecAndPlayBk/Page-VLink-Capture/input_Amount_amount"), amount): Text '10.5' is set on object 'Object Repository/RecAndPlayBk/Page-VLink-Capture/input_Amount_amount'

2023-02-28 18:20:09 - [MESSAGE][PASSED] - Text '10.5' is set on object 'Object Repository/RecAndPlayBk/Page-VLink-Capture/input_Amount_amount'

2023-02-28 18:20:09 - [TEST_STEP][PASSED] - click(findTestObject("Object Repository/RecAndPlayBk/Page-VLink-Capture/input")): Object: 'Object Repository/RecAndPlayBk/Page-VLink-Capture/input' is clicked on

2023-02-28 18:20:13 - [MESSAGE][PASSED] - Object: 'Object Repository/RecAndPlayBk/Page-VLink-Capture/input' is clicked on

2023-02-28 18:20:13 - [TEST_STEP][PASSED] - if (verifyTextPresent("Transaction approved, no errors", true)): null

2023-02-28 18:20:13 - [MESSAGE][PASSED] - Text 'Transaction approved, no errors' is present on page  using regular expression

2023-02-28 18:20:13 - [TEST_STEP][PASSED] - println("Transaction Approved, no errors text is present on the Confirmation page"): null

2023-02-28 18:20:13 - [TEST_STEP][PASSED] - out.println("Pass Record Number: " + row): null

2023-02-28 18:20:13 - [TEST_STEP][PASSED] - resText = "Pass": null

2023-02-28 18:20:13 - [TEST_STEP][PASSED] - pages.WriteExcel.demoKey(resText, datText, resColumn, datCloumn, fileLoc, nameSheet, row): pages.WriteExcel.demoKey is PASSED

2023-02-28 18:20:13 - [MESSAGE][PASSED] - pages.WriteExcel.demoKey is PASSED

2023-02-28 18:20:13 - [TEST_STEP][PASSED] - ExecuteTC = findTestData(dataFile).getValue("Execute", row): null

2023-02-28 18:20:13 - [TEST_STEP][PASSED] - out.println("Value of Execute is : " + ExecuteTC): null

2023-02-28 18:20:13 - [TEST_STEP][PASSED] - switch (executionProfile): null

2023-02-28 18:20:13 - [TEST_STEP][PASSED] - case "Demo2Profile":: null

2023-02-28 18:20:13 - [TEST_STEP][PASSED] - appID = findTestData(dataFile).getValue("AppIDDemo", row): null

2023-02-28 18:20:14 - [TEST_STEP][PASSED] - username = findTestData(dataFile).getValue("UsernameDemo", row): null

2023-02-28 18:20:14 - [TEST_STEP][PASSED] - password = findTestData(dataFile).getValue("PasswordDemo", row): null

2023-02-28 18:20:14 - [TEST_STEP][PASSED] - break: null

2023-02-28 18:20:14 - [TEST_STEP][PASSED] - if (ExecuteTC.equalsIgnoreCase("Y")): null

2023-02-28 18:20:14 - [TEST_STEP][PASSED] - out.println("Begin Record Number: " + row): null

2023-02-28 18:20:14 - [TEST_STEP][PASSED] - today = new java.util.Date(): null

2023-02-28 18:20:14 - [TEST_STEP][PASSED] - println(today): null

2023-02-28 18:20:14 - [TEST_STEP][PASSED] - datText = today: null

2023-02-28 18:20:14 - [TEST_STEP][PASSED] - category = findTestData(dataFile).getValue("Category", row): null

2023-02-28 18:20:14 - [TEST_STEP][PASSED] - amount = findTestData(dataFile).getValue("Amount", row): null

2023-02-28 18:20:14 - [TEST_STEP][PASSED] - cardNumber = findTestData(dataFile).getValue("CardNumber", row): null

2023-02-28 18:20:14 - [TEST_STEP][PASSED] - exM = findTestData(dataFile).getValue("ExM", row): null

2023-02-28 18:20:14 - [TEST_STEP][PASSED] - exY = findTestData(dataFile).getValue("ExY", row): null

2023-02-28 18:20:14 - [TEST_STEP][PASSED] - openBrowser(VLinkURL + "auth.html"): Browser is opened with url: 'https://dev-algorithm.govolution.com/vlinktest/demo2/version_2_0/auth.html'

2023-02-28 18:20:14 - [MESSAGE][WARNING] - A browser is already opened. Closing browser and opening a new one

2023-02-28 18:20:15 - [MESSAGE][INFO] - Starting 'Chrome' driver

2023-02-28 18:20:15 - [MESSAGE][INFO] - User set preference: ['acceptInsecureCerts', 'true']

2023-02-28 18:20:15 - [MESSAGE][INFO] - Action delay is set to 0 milliseconds

2023-02-28 18:20:17 - [MESSAGE][PASSED] - Browser is opened with url: 'https://dev-algorithm.govolution.com/vlinktest/demo2/version_2_0/auth.html'

2023-02-28 18:20:17 - [TEST_STEP][PASSED] - maximizeWindow(): Current window maximized

2023-02-28 18:20:17 - [MESSAGE][PASSED] - Current window maximized

2023-02-28 18:20:17 - [TEST_STEP][PASSED] - genRemID = RandomStringUtils.random(12, true, true): null

2023-02-28 18:20:17 - [TEST_STEP][PASSED] - setText(findTestObject("Object Repository/RecAndPlayBk/Page-Vlink-AuthOnly/input_Remittance Id_remittance_id"), genRemID): Text 'qL8dDtJ5YSYq' is set on object 'Object Repository/RecAndPlayBk/Page-Vlink-AuthOnly/input_Remittance Id_remittance_id'

2023-02-28 18:20:18 - [MESSAGE][PASSED] - Text 'qL8dDtJ5YSYq' is set on object 'Object Repository/RecAndPlayBk/Page-Vlink-AuthOnly/input_Remittance Id_remittance_id'

2023-02-28 18:20:18 - [TEST_STEP][PASSED] - setText(findTestObject("Object Repository/RecAndPlayBk/Page-Vlink-AuthOnly/input_Application Id_application_id"), appID): Text '1773' is set on object 'Object Repository/RecAndPlayBk/Page-Vlink-AuthOnly/input_Application Id_application_id'

2023-02-28 18:20:19 - [MESSAGE][PASSED] - Text '1773' is set on object 'Object Repository/RecAndPlayBk/Page-Vlink-AuthOnly/input_Application Id_application_id'

2023-02-28 18:20:19 - [TEST_STEP][PASSED] - setText(findTestObject("Object Repository/RecAndPlayBk/Page-Vlink-AuthOnly/input_Username_username"), username): Text 'Qq2BV1qtr' is set on object 'Object Repository/RecAndPlayBk/Page-Vlink-AuthOnly/input_Username_username'

2023-02-28 18:20:19 - [MESSAGE][PASSED] - Text 'Qq2BV1qtr' is set on object 'Object Repository/RecAndPlayBk/Page-Vlink-AuthOnly/input_Username_username'

2023-02-28 18:20:19 - [TEST_STEP][PASSED] - setText(findTestObject("Object Repository/RecAndPlayBk/Page-Vlink-AuthOnly/input_Password_password"), password): Text 'tUmWBiLUx' is set on object 'Object Repository/RecAndPlayBk/Page-Vlink-AuthOnly/input_Password_password'

2023-02-28 18:20:20 - [MESSAGE][PASSED] - Text 'tUmWBiLUx' is set on object 'Object Repository/RecAndPlayBk/Page-Vlink-AuthOnly/input_Password_password'

2023-02-28 18:20:20 - [TEST_STEP][PASSED] - setText(findTestObject("Object Repository/RecAndPlayBk/Page-Vlink-AuthOnly/input_Category_category"), category): Text 'MOTO' is set on object 'Object Repository/RecAndPlayBk/Page-Vlink-AuthOnly/input_Category_category'

2023-02-28 18:20:20 - [MESSAGE][PASSED] - Text 'MOTO' is set on object 'Object Repository/RecAndPlayBk/Page-Vlink-AuthOnly/input_Category_category'

2023-02-28 18:20:20 - [TEST_STEP][PASSED] - setText(findTestObject("Object Repository/RecAndPlayBk/Page-Vlink-AuthOnly/input_Amount_amount"), amount): Text '10.5' is set on object 'Object Repository/RecAndPlayBk/Page-Vlink-AuthOnly/input_Amount_amount'

2023-02-28 18:20:21 - [MESSAGE][PASSED] - Text '10.5' is set on object 'Object Repository/RecAndPlayBk/Page-Vlink-AuthOnly/input_Amount_amount'

2023-02-28 18:20:21 - [TEST_STEP][PASSED] - doubleClick(findTestObject("Object Repository/RecAndPlayBk/Page-Vlink-AuthOnly/input_Card number_card_number")): Object: 'Object Repository/RecAndPlayBk/Page-Vlink-AuthOnly/input_Card number_card_number' is double clicked on

2023-02-28 18:20:22 - [MESSAGE][PASSED] - Object: 'Object Repository/RecAndPlayBk/Page-Vlink-AuthOnly/input_Card number_card_number' is double clicked on

2023-02-28 18:20:22 - [TEST_STEP][PASSED] - setText(findTestObject("Object Repository/RecAndPlayBk/Page-Vlink-AuthOnly/input_Card number_card_number"), cardNumber): Text '5424000000000015' is set on object 'Object Repository/RecAndPlayBk/Page-Vlink-AuthOnly/input_Card number_card_number'

2023-02-28 18:20:22 - [MESSAGE][PASSED] - Text '5424000000000015' is set on object 'Object Repository/RecAndPlayBk/Page-Vlink-AuthOnly/input_Card number_card_number'

2023-02-28 18:20:22 - [TEST_STEP][PASSED] - setText(findTestObject("Object Repository/RecAndPlayBk/Page-Vlink-AuthOnly/input_Card ex month_card_exmo"), exM): Text '12' is set on object 'Object Repository/RecAndPlayBk/Page-Vlink-AuthOnly/input_Card ex month_card_exmo'

2023-02-28 18:20:23 - [MESSAGE][PASSED] - Text '12' is set on object 'Object Repository/RecAndPlayBk/Page-Vlink-AuthOnly/input_Card ex month_card_exmo'

2023-02-28 18:20:23 - [TEST_STEP][PASSED] - setText(findTestObject("Object Repository/RecAndPlayBk/Page-Vlink-AuthOnly/input_Card ex year_card_exyr"), exY): Text '2029' is set on object 'Object Repository/RecAndPlayBk/Page-Vlink-AuthOnly/input_Card ex year_card_exyr'

2023-02-28 18:20:23 - [MESSAGE][PASSED] - Text '2029' is set on object 'Object Repository/RecAndPlayBk/Page-Vlink-AuthOnly/input_Card ex year_card_exyr'

2023-02-28 18:20:23 - [TEST_STEP][PASSED] - click(findTestObject("Object Repository/RecAndPlayBk/Page-Vlink-AuthOnly/input_Track Data_track_data")): Object: 'Object Repository/RecAndPlayBk/Page-Vlink-AuthOnly/input_Track Data_track_data' is clicked on

2023-02-28 18:20:24 - [MESSAGE][PASSED] - Object: 'Object Repository/RecAndPlayBk/Page-Vlink-AuthOnly/input_Track Data_track_data' is clicked on

2023-02-28 18:20:24 - [TEST_STEP][PASSED] - click(findTestObject("Object Repository/RecAndPlayBk/Page-Vlink-AuthOnly/input_CVV state_cvv_state")): Object: 'Object Repository/RecAndPlayBk/Page-Vlink-AuthOnly/input_CVV state_cvv_state' is clicked on

2023-02-28 18:20:24 - [MESSAGE][PASSED] - Object: 'Object Repository/RecAndPlayBk/Page-Vlink-AuthOnly/input_CVV state_cvv_state' is clicked on

2023-02-28 18:20:24 - [TEST_STEP][PASSED] - setText(findTestObject("Object Repository/RecAndPlayBk/Page-Vlink-AuthOnly/input_Track Data_track_data"), ""): Text '' is set on object 'Object Repository/RecAndPlayBk/Page-Vlink-AuthOnly/input_Track Data_track_data'

2023-02-28 18:20:25 - [MESSAGE][PASSED] - Text '' is set on object 'Object Repository/RecAndPlayBk/Page-Vlink-AuthOnly/input_Track Data_track_data'

2023-02-28 18:20:25 - [TEST_STEP][PASSED] - setText(findTestObject("Object Repository/RecAndPlayBk/Page-Vlink-AuthOnly/input_concat(Cardholder, , s email)_email"), ""): Text '' is set on object 'Object Repository/RecAndPlayBk/Page-Vlink-AuthOnly/input_concat(Cardholder, , s email)_email'

2023-02-28 18:20:25 - [MESSAGE][PASSED] - Text '' is set on object 'Object Repository/RecAndPlayBk/Page-Vlink-AuthOnly/input_concat(Cardholder, , s email)_email'

2023-02-28 18:20:25 - [TEST_STEP][PASSED] - click(findTestObject("Object Repository/RecAndPlayBk/Page-Vlink-AuthOnly/input_user_defined10_user_defined10")): Object: 'Object Repository/RecAndPlayBk/Page-Vlink-AuthOnly/input_user_defined10_user_defined10' is clicked on

2023-02-28 18:20:26 - [MESSAGE][PASSED] - Object: 'Object Repository/RecAndPlayBk/Page-Vlink-AuthOnly/input_user_defined10_user_defined10' is clicked on

2023-02-28 18:20:26 - [TEST_STEP][PASSED] - if (executionProfile.equalsIgnoreCase("QAProfile")): null

2023-02-28 18:20:26 - [TEST_STEP][PASSED] - click(findTestObject("Object Repository/RecAndPlayBk/Page-Vlink-AuthOnly/input")): Object: 'Object Repository/RecAndPlayBk/Page-Vlink-AuthOnly/input' is clicked on

2023-02-28 18:20:27 - [MESSAGE][PASSED] - Object: 'Object Repository/RecAndPlayBk/Page-Vlink-AuthOnly/input' is clicked on

2023-02-28 18:20:27 - [TEST_STEP][PASSED] - if (verifyTextPresent("Transaction approved, no errors", true)): null

2023-02-28 18:20:27 - [MESSAGE][PASSED] - Text 'Transaction approved, no errors' is present on page  using regular expression

2023-02-28 18:20:27 - [TEST_STEP][PASSED] - out.println("Auth was successful, Capture now"): null

2023-02-28 18:20:27 - [TEST_STEP][PASSED] - sdfo = getText(findTestObject("Object Repository/Page_VLinkReceipt/pre_STX")): Text of object 'Object Repository/Page_VLinkReceipt/pre_STX' is: '<STX>qL8dDtJ5YSYq                  2920734             0  Transaction approved, no errors                   0                                                                                  Y 682956696<ETX>'

2023-02-28 18:20:27 - [MESSAGE][PASSED] - Text of object 'Object Repository/Page_VLinkReceipt/pre_STX' is: '<STX>qL8dDtJ5YSYq                  2920734             0  Transaction approved, no errors                   0                                                                                  Y 682956696<ETX>'

2023-02-28 18:20:27 - [TEST_STEP][PASSED] - out.println("sdfo: " + sdfo): null

2023-02-28 18:20:27 - [TEST_STEP][PASSED] - remID = substring(5, 35).trim(): null

2023-02-28 18:20:27 - [TEST_STEP][PASSED] - out.println("remID: " + remID): null

2023-02-28 18:20:27 - [TEST_STEP][PASSED] - traxID = substring(35, 55).trim(): null

2023-02-28 18:20:27 - [TEST_STEP][PASSED] - out.println("traxID: " + traxID): null

2023-02-28 18:20:27 - [TEST_STEP][PASSED] - VLinkSaleRemID = remID: null

2023-02-28 18:20:27 - [TEST_STEP][PASSED] - VLinkSaleTranxID = traxID: null

2023-02-28 18:20:27 - [TEST_STEP][PASSED] - openBrowser(VLinkURL + "capture.html"): Browser is opened with url: 'https://dev-algorithm.govolution.com/vlinktest/demo2/version_2_0/capture.html'

2023-02-28 18:20:27 - [MESSAGE][WARNING] - A browser is already opened. Closing browser and opening a new one

2023-02-28 18:20:28 - [MESSAGE][INFO] - Starting 'Chrome' driver

2023-02-28 18:20:28 - [MESSAGE][INFO] - User set preference: ['acceptInsecureCerts', 'true']

2023-02-28 18:20:28 - [MESSAGE][INFO] - Action delay is set to 0 milliseconds

2023-02-28 18:20:30 - [MESSAGE][PASSED] - Browser is opened with url: 'https://dev-algorithm.govolution.com/vlinktest/demo2/version_2_0/capture.html'

2023-02-28 18:20:30 - [TEST_STEP][PASSED] - maximizeWindow(): Current window maximized

2023-02-28 18:20:30 - [MESSAGE][PASSED] - Current window maximized

2023-02-28 18:20:30 - [TEST_STEP][PASSED] - setText(findTestObject("Object Repository/RecAndPlayBk/Page-VLink-Capture/input_Remittance Id_remittance_id"), VLinkSaleRemID): Text 'qL8dDtJ5YSYq' is set on object 'Object Repository/RecAndPlayBk/Page-VLink-Capture/input_Remittance Id_remittance_id'

2023-02-28 18:20:31 - [MESSAGE][PASSED] - Text 'qL8dDtJ5YSYq' is set on object 'Object Repository/RecAndPlayBk/Page-VLink-Capture/input_Remittance Id_remittance_id'

2023-02-28 18:20:31 - [TEST_STEP][PASSED] - setText(findTestObject("Object Repository/RecAndPlayBk/Page-VLink-Capture/input_Application Id_application_id"), appID): Text '1773' is set on object 'Object Repository/RecAndPlayBk/Page-VLink-Capture/input_Application Id_application_id'

2023-02-28 18:20:32 - [MESSAGE][PASSED] - Text '1773' is set on object 'Object Repository/RecAndPlayBk/Page-VLink-Capture/input_Application Id_application_id'

2023-02-28 18:20:32 - [TEST_STEP][PASSED] - setText(findTestObject("Object Repository/RecAndPlayBk/Page-VLink-Capture/input_Username_username"), username): Text 'Qq2BV1qtr' is set on object 'Object Repository/RecAndPlayBk/Page-VLink-Capture/input_Username_username'

2023-02-28 18:20:32 - [MESSAGE][PASSED] - Text 'Qq2BV1qtr' is set on object 'Object Repository/RecAndPlayBk/Page-VLink-Capture/input_Username_username'

2023-02-28 18:20:32 - [TEST_STEP][PASSED] - setText(findTestObject("Object Repository/RecAndPlayBk/Page-VLink-Capture/input_Password_password"), password): Text 'tUmWBiLUx' is set on object 'Object Repository/RecAndPlayBk/Page-VLink-Capture/input_Password_password'

2023-02-28 18:20:33 - [MESSAGE][PASSED] - Text 'tUmWBiLUx' is set on object 'Object Repository/RecAndPlayBk/Page-VLink-Capture/input_Password_password'

2023-02-28 18:20:33 - [TEST_STEP][PASSED] - setText(findTestObject("Object Repository/RecAndPlayBk/Page-VLink-Capture/input_Transaction ID_transaction_id"), VLinkSaleTranxID): Text '2920734' is set on object 'Object Repository/RecAndPlayBk/Page-VLink-Capture/input_Transaction ID_transaction_id'

2023-02-28 18:20:34 - [MESSAGE][PASSED] - Text '2920734' is set on object 'Object Repository/RecAndPlayBk/Page-VLink-Capture/input_Transaction ID_transaction_id'

2023-02-28 18:20:34 - [TEST_STEP][PASSED] - setText(findTestObject("Object Repository/RecAndPlayBk/Page-VLink-Capture/input_Amount_amount"), amount): Text '10.5' is set on object 'Object Repository/RecAndPlayBk/Page-VLink-Capture/input_Amount_amount'

2023-02-28 18:20:34 - [MESSAGE][PASSED] - Text '10.5' is set on object 'Object Repository/RecAndPlayBk/Page-VLink-Capture/input_Amount_amount'

2023-02-28 18:20:34 - [TEST_STEP][PASSED] - click(findTestObject("Object Repository/RecAndPlayBk/Page-VLink-Capture/input")): Object: 'Object Repository/RecAndPlayBk/Page-VLink-Capture/input' is clicked on

2023-02-28 18:20:37 - [MESSAGE][PASSED] - Object: 'Object Repository/RecAndPlayBk/Page-VLink-Capture/input' is clicked on

2023-02-28 18:20:37 - [TEST_STEP][PASSED] - if (verifyTextPresent("Transaction approved, no errors", true)): null

2023-02-28 18:20:37 - [MESSAGE][PASSED] - Text 'Transaction approved, no errors' is present on page  using regular expression

2023-02-28 18:20:37 - [TEST_STEP][PASSED] - println("Transaction Approved, no errors text is present on the Confirmation page"): null

2023-02-28 18:20:37 - [TEST_STEP][PASSED] - out.println("Pass Record Number: " + row): null

2023-02-28 18:20:37 - [TEST_STEP][PASSED] - resText = "Pass": null

2023-02-28 18:20:37 - [TEST_STEP][PASSED] - pages.WriteExcel.demoKey(resText, datText, resColumn, datCloumn, fileLoc, nameSheet, row): pages.WriteExcel.demoKey is PASSED

2023-02-28 18:20:37 - [MESSAGE][PASSED] - pages.WriteExcel.demoKey is PASSED

2023-02-28 18:20:37 - [TEST_STEP][PASSED] - ExecuteTC = findTestData(dataFile).getValue("Execute", row): null

2023-02-28 18:20:37 - [TEST_STEP][PASSED] - out.println("Value of Execute is : " + ExecuteTC): null

2023-02-28 18:20:37 - [TEST_STEP][PASSED] - switch (executionProfile): null

2023-02-28 18:20:37 - [TEST_STEP][PASSED] - case "Demo2Profile":: null

2023-02-28 18:20:37 - [TEST_STEP][PASSED] - appID = findTestData(dataFile).getValue("AppIDDemo", row): null

2023-02-28 18:20:38 - [TEST_STEP][PASSED] - username = findTestData(dataFile).getValue("UsernameDemo", row): null

2023-02-28 18:20:38 - [TEST_STEP][PASSED] - password = findTestData(dataFile).getValue("PasswordDemo", row): null

2023-02-28 18:20:38 - [TEST_STEP][PASSED] - break: null

2023-02-28 18:20:38 - [TEST_STEP][PASSED] - if (ExecuteTC.equalsIgnoreCase("Y")): null

2023-02-28 18:20:38 - [TEST_STEP][PASSED] - out.println("Begin Record Number: " + row): null

2023-02-28 18:20:38 - [TEST_STEP][PASSED] - today = new java.util.Date(): null

2023-02-28 18:20:38 - [TEST_STEP][PASSED] - println(today): null

2023-02-28 18:20:38 - [TEST_STEP][PASSED] - datText = today: null

2023-02-28 18:20:38 - [TEST_STEP][PASSED] - category = findTestData(dataFile).getValue("Category", row): null

2023-02-28 18:20:38 - [TEST_STEP][PASSED] - amount = findTestData(dataFile).getValue("Amount", row): null

2023-02-28 18:20:38 - [TEST_STEP][PASSED] - cardNumber = findTestData(dataFile).getValue("CardNumber", row): null

2023-02-28 18:20:38 - [TEST_STEP][PASSED] - exM = findTestData(dataFile).getValue("ExM", row): null

2023-02-28 18:20:38 - [TEST_STEP][PASSED] - exY = findTestData(dataFile).getValue("ExY", row): null

2023-02-28 18:20:38 - [TEST_STEP][PASSED] - openBrowser(VLinkURL + "auth.html"): Browser is opened with url: 'https://dev-algorithm.govolution.com/vlinktest/demo2/version_2_0/auth.html'

2023-02-28 18:20:38 - [MESSAGE][WARNING] - A browser is already opened. Closing browser and opening a new one

2023-02-28 18:20:39 - [MESSAGE][INFO] - Starting 'Chrome' driver

2023-02-28 18:20:39 - [MESSAGE][INFO] - User set preference: ['acceptInsecureCerts', 'true']

2023-02-28 18:20:39 - [MESSAGE][INFO] - Action delay is set to 0 milliseconds

2023-02-28 18:20:41 - [MESSAGE][PASSED] - Browser is opened with url: 'https://dev-algorithm.govolution.com/vlinktest/demo2/version_2_0/auth.html'

2023-02-28 18:20:41 - [TEST_STEP][PASSED] - maximizeWindow(): Current window maximized

2023-02-28 18:20:41 - [MESSAGE][PASSED] - Current window maximized

2023-02-28 18:20:41 - [TEST_STEP][PASSED] - genRemID = RandomStringUtils.random(12, true, true): null

2023-02-28 18:20:41 - [TEST_STEP][PASSED] - setText(findTestObject("Object Repository/RecAndPlayBk/Page-Vlink-AuthOnly/input_Remittance Id_remittance_id"), genRemID): Text 'w86zvustKRQ4' is set on object 'Object Repository/RecAndPlayBk/Page-Vlink-AuthOnly/input_Remittance Id_remittance_id'

2023-02-28 18:20:42 - [MESSAGE][PASSED] - Text 'w86zvustKRQ4' is set on object 'Object Repository/RecAndPlayBk/Page-Vlink-AuthOnly/input_Remittance Id_remittance_id'

2023-02-28 18:20:42 - [TEST_STEP][PASSED] - setText(findTestObject("Object Repository/RecAndPlayBk/Page-Vlink-AuthOnly/input_Application Id_application_id"), appID): Text '1773' is set on object 'Object Repository/RecAndPlayBk/Page-Vlink-AuthOnly/input_Application Id_application_id'

2023-02-28 18:20:43 - [MESSAGE][PASSED] - Text '1773' is set on object 'Object Repository/RecAndPlayBk/Page-Vlink-AuthOnly/input_Application Id_application_id'

2023-02-28 18:20:43 - [TEST_STEP][PASSED] - setText(findTestObject("Object Repository/RecAndPlayBk/Page-Vlink-AuthOnly/input_Username_username"), username): Text 'Qq2BV1qtr' is set on object 'Object Repository/RecAndPlayBk/Page-Vlink-AuthOnly/input_Username_username'

2023-02-28 18:20:43 - [MESSAGE][PASSED] - Text 'Qq2BV1qtr' is set on object 'Object Repository/RecAndPlayBk/Page-Vlink-AuthOnly/input_Username_username'

2023-02-28 18:20:43 - [TEST_STEP][PASSED] - setText(findTestObject("Object Repository/RecAndPlayBk/Page-Vlink-AuthOnly/input_Password_password"), password): Text 'tUmWBiLUx' is set on object 'Object Repository/RecAndPlayBk/Page-Vlink-AuthOnly/input_Password_password'

2023-02-28 18:20:44 - [MESSAGE][PASSED] - Text 'tUmWBiLUx' is set on object 'Object Repository/RecAndPlayBk/Page-Vlink-AuthOnly/input_Password_password'

2023-02-28 18:20:44 - [TEST_STEP][PASSED] - setText(findTestObject("Object Repository/RecAndPlayBk/Page-Vlink-AuthOnly/input_Category_category"), category): Text 'RETL' is set on object 'Object Repository/RecAndPlayBk/Page-Vlink-AuthOnly/input_Category_category'

2023-02-28 18:20:44 - [MESSAGE][PASSED] - Text 'RETL' is set on object 'Object Repository/RecAndPlayBk/Page-Vlink-AuthOnly/input_Category_category'

2023-02-28 18:20:44 - [TEST_STEP][PASSED] - setText(findTestObject("Object Repository/RecAndPlayBk/Page-Vlink-AuthOnly/input_Amount_amount"), amount): Text '10.5' is set on object 'Object Repository/RecAndPlayBk/Page-Vlink-AuthOnly/input_Amount_amount'

2023-02-28 18:20:45 - [MESSAGE][PASSED] - Text '10.5' is set on object 'Object Repository/RecAndPlayBk/Page-Vlink-AuthOnly/input_Amount_amount'

2023-02-28 18:20:45 - [TEST_STEP][PASSED] - doubleClick(findTestObject("Object Repository/RecAndPlayBk/Page-Vlink-AuthOnly/input_Card number_card_number")): Object: 'Object Repository/RecAndPlayBk/Page-Vlink-AuthOnly/input_Card number_card_number' is double clicked on

2023-02-28 18:20:45 - [MESSAGE][PASSED] - Object: 'Object Repository/RecAndPlayBk/Page-Vlink-AuthOnly/input_Card number_card_number' is double clicked on

2023-02-28 18:20:45 - [TEST_STEP][PASSED] - setText(findTestObject("Object Repository/RecAndPlayBk/Page-Vlink-AuthOnly/input_Card number_card_number"), cardNumber): Text '370000000000002' is set on object 'Object Repository/RecAndPlayBk/Page-Vlink-AuthOnly/input_Card number_card_number'

2023-02-28 18:20:46 - [MESSAGE][PASSED] - Text '370000000000002' is set on object 'Object Repository/RecAndPlayBk/Page-Vlink-AuthOnly/input_Card number_card_number'

2023-02-28 18:20:46 - [TEST_STEP][PASSED] - setText(findTestObject("Object Repository/RecAndPlayBk/Page-Vlink-AuthOnly/input_Card ex month_card_exmo"), exM): Text '12' is set on object 'Object Repository/RecAndPlayBk/Page-Vlink-AuthOnly/input_Card ex month_card_exmo'

2023-02-28 18:20:47 - [MESSAGE][PASSED] - Text '12' is set on object 'Object Repository/RecAndPlayBk/Page-Vlink-AuthOnly/input_Card ex month_card_exmo'

2023-02-28 18:20:47 - [TEST_STEP][PASSED] - setText(findTestObject("Object Repository/RecAndPlayBk/Page-Vlink-AuthOnly/input_Card ex year_card_exyr"), exY): Text '2029' is set on object 'Object Repository/RecAndPlayBk/Page-Vlink-AuthOnly/input_Card ex year_card_exyr'

2023-02-28 18:20:47 - [MESSAGE][PASSED] - Text '2029' is set on object 'Object Repository/RecAndPlayBk/Page-Vlink-AuthOnly/input_Card ex year_card_exyr'

2023-02-28 18:20:47 - [TEST_STEP][PASSED] - click(findTestObject("Object Repository/RecAndPlayBk/Page-Vlink-AuthOnly/input_Track Data_track_data")): Object: 'Object Repository/RecAndPlayBk/Page-Vlink-AuthOnly/input_Track Data_track_data' is clicked on

2023-02-28 18:20:48 - [MESSAGE][PASSED] - Object: 'Object Repository/RecAndPlayBk/Page-Vlink-AuthOnly/input_Track Data_track_data' is clicked on

2023-02-28 18:20:48 - [TEST_STEP][PASSED] - click(findTestObject("Object Repository/RecAndPlayBk/Page-Vlink-AuthOnly/input_CVV state_cvv_state")): Object: 'Object Repository/RecAndPlayBk/Page-Vlink-AuthOnly/input_CVV state_cvv_state' is clicked on

2023-02-28 18:20:48 - [MESSAGE][PASSED] - Object: 'Object Repository/RecAndPlayBk/Page-Vlink-AuthOnly/input_CVV state_cvv_state' is clicked on

2023-02-28 18:20:48 - [TEST_STEP][PASSED] - setText(findTestObject("Object Repository/RecAndPlayBk/Page-Vlink-AuthOnly/input_Track Data_track_data"), ""): Text '' is set on object 'Object Repository/RecAndPlayBk/Page-Vlink-AuthOnly/input_Track Data_track_data'

2023-02-28 18:20:49 - [MESSAGE][PASSED] - Text '' is set on object 'Object Repository/RecAndPlayBk/Page-Vlink-AuthOnly/input_Track Data_track_data'

2023-02-28 18:20:49 - [TEST_STEP][PASSED] - setText(findTestObject("Object Repository/RecAndPlayBk/Page-Vlink-AuthOnly/input_concat(Cardholder, , s email)_email"), ""): Text '' is set on object 'Object Repository/RecAndPlayBk/Page-Vlink-AuthOnly/input_concat(Cardholder, , s email)_email'

2023-02-28 18:20:49 - [MESSAGE][PASSED] - Text '' is set on object 'Object Repository/RecAndPlayBk/Page-Vlink-AuthOnly/input_concat(Cardholder, , s email)_email'

2023-02-28 18:20:49 - [TEST_STEP][PASSED] - click(findTestObject("Object Repository/RecAndPlayBk/Page-Vlink-AuthOnly/input_user_defined10_user_defined10")): Object: 'Object Repository/RecAndPlayBk/Page-Vlink-AuthOnly/input_user_defined10_user_defined10' is clicked on

2023-02-28 18:20:50 - [MESSAGE][PASSED] - Object: 'Object Repository/RecAndPlayBk/Page-Vlink-AuthOnly/input_user_defined10_user_defined10' is clicked on

2023-02-28 18:20:50 - [TEST_STEP][PASSED] - if (executionProfile.equalsIgnoreCase("QAProfile")): null

2023-02-28 18:20:50 - [TEST_STEP][PASSED] - click(findTestObject("Object Repository/RecAndPlayBk/Page-Vlink-AuthOnly/input")): Object: 'Object Repository/RecAndPlayBk/Page-Vlink-AuthOnly/input' is clicked on

2023-02-28 18:20:52 - [MESSAGE][PASSED] - Object: 'Object Repository/RecAndPlayBk/Page-Vlink-AuthOnly/input' is clicked on

2023-02-28 18:20:52 - [TEST_STEP][PASSED] - if (verifyTextPresent("Transaction approved, no errors", true)): null

2023-02-28 18:20:52 - [MESSAGE][PASSED] - Text 'Transaction approved, no errors' is present on page  using regular expression

2023-02-28 18:20:52 - [TEST_STEP][PASSED] - out.println("Auth was successful, Capture now"): null

2023-02-28 18:20:52 - [TEST_STEP][PASSED] - sdfo = getText(findTestObject("Object Repository/Page_VLinkReceipt/pre_STX")): Text of object 'Object Repository/Page_VLinkReceipt/pre_STX' is: '<STX>w86zvustKRQ4                  2920736             0  Transaction approved, no errors                   0                                                                                  Y 287728553<ETX>'

2023-02-28 18:20:52 - [MESSAGE][PASSED] - Text of object 'Object Repository/Page_VLinkReceipt/pre_STX' is: '<STX>w86zvustKRQ4                  2920736             0  Transaction approved, no errors                   0                                                                                  Y 287728553<ETX>'

2023-02-28 18:20:52 - [TEST_STEP][PASSED] - out.println("sdfo: " + sdfo): null

2023-02-28 18:20:52 - [TEST_STEP][PASSED] - remID = substring(5, 35).trim(): null

2023-02-28 18:20:52 - [TEST_STEP][PASSED] - out.println("remID: " + remID): null

2023-02-28 18:20:52 - [TEST_STEP][PASSED] - traxID = substring(35, 55).trim(): null

2023-02-28 18:20:52 - [TEST_STEP][PASSED] - out.println("traxID: " + traxID): null

2023-02-28 18:20:52 - [TEST_STEP][PASSED] - VLinkSaleRemID = remID: null

2023-02-28 18:20:52 - [TEST_STEP][PASSED] - VLinkSaleTranxID = traxID: null

2023-02-28 18:20:52 - [TEST_STEP][PASSED] - openBrowser(VLinkURL + "capture.html"): Browser is opened with url: 'https://dev-algorithm.govolution.com/vlinktest/demo2/version_2_0/capture.html'

2023-02-28 18:20:52 - [MESSAGE][WARNING] - A browser is already opened. Closing browser and opening a new one

2023-02-28 18:20:53 - [MESSAGE][INFO] - Starting 'Chrome' driver

2023-02-28 18:20:53 - [MESSAGE][INFO] - User set preference: ['acceptInsecureCerts', 'true']

2023-02-28 18:20:53 - [MESSAGE][INFO] - Action delay is set to 0 milliseconds

2023-02-28 18:20:55 - [MESSAGE][PASSED] - Browser is opened with url: 'https://dev-algorithm.govolution.com/vlinktest/demo2/version_2_0/capture.html'

2023-02-28 18:20:55 - [TEST_STEP][PASSED] - maximizeWindow(): Current window maximized

2023-02-28 18:20:55 - [MESSAGE][PASSED] - Current window maximized

2023-02-28 18:20:55 - [TEST_STEP][PASSED] - setText(findTestObject("Object Repository/RecAndPlayBk/Page-VLink-Capture/input_Remittance Id_remittance_id"), VLinkSaleRemID): Text 'w86zvustKRQ4' is set on object 'Object Repository/RecAndPlayBk/Page-VLink-Capture/input_Remittance Id_remittance_id'

2023-02-28 18:20:56 - [MESSAGE][PASSED] - Text 'w86zvustKRQ4' is set on object 'Object Repository/RecAndPlayBk/Page-VLink-Capture/input_Remittance Id_remittance_id'

2023-02-28 18:20:56 - [TEST_STEP][PASSED] - setText(findTestObject("Object Repository/RecAndPlayBk/Page-VLink-Capture/input_Application Id_application_id"), appID): Text '1773' is set on object 'Object Repository/RecAndPlayBk/Page-VLink-Capture/input_Application Id_application_id'

2023-02-28 18:20:57 - [MESSAGE][PASSED] - Text '1773' is set on object 'Object Repository/RecAndPlayBk/Page-VLink-Capture/input_Application Id_application_id'

2023-02-28 18:20:57 - [TEST_STEP][PASSED] - setText(findTestObject("Object Repository/RecAndPlayBk/Page-VLink-Capture/input_Username_username"), username): Text 'Qq2BV1qtr' is set on object 'Object Repository/RecAndPlayBk/Page-VLink-Capture/input_Username_username'

2023-02-28 18:20:57 - [MESSAGE][PASSED] - Text 'Qq2BV1qtr' is set on object 'Object Repository/RecAndPlayBk/Page-VLink-Capture/input_Username_username'

2023-02-28 18:20:57 - [TEST_STEP][PASSED] - setText(findTestObject("Object Repository/RecAndPlayBk/Page-VLink-Capture/input_Password_password"), password): Text 'tUmWBiLUx' is set on object 'Object Repository/RecAndPlayBk/Page-VLink-Capture/input_Password_password'

2023-02-28 18:20:58 - [MESSAGE][PASSED] - Text 'tUmWBiLUx' is set on object 'Object Repository/RecAndPlayBk/Page-VLink-Capture/input_Password_password'

2023-02-28 18:20:58 - [TEST_STEP][PASSED] - setText(findTestObject("Object Repository/RecAndPlayBk/Page-VLink-Capture/input_Transaction ID_transaction_id"), VLinkSaleTranxID): Text '2920736' is set on object 'Object Repository/RecAndPlayBk/Page-VLink-Capture/input_Transaction ID_transaction_id'

2023-02-28 18:20:58 - [MESSAGE][PASSED] - Text '2920736' is set on object 'Object Repository/RecAndPlayBk/Page-VLink-Capture/input_Transaction ID_transaction_id'

2023-02-28 18:20:58 - [TEST_STEP][PASSED] - setText(findTestObject("Object Repository/RecAndPlayBk/Page-VLink-Capture/input_Amount_amount"), amount): Text '10.5' is set on object 'Object Repository/RecAndPlayBk/Page-VLink-Capture/input_Amount_amount'

2023-02-28 18:20:59 - [MESSAGE][PASSED] - Text '10.5' is set on object 'Object Repository/RecAndPlayBk/Page-VLink-Capture/input_Amount_amount'

2023-02-28 18:20:59 - [TEST_STEP][PASSED] - click(findTestObject("Object Repository/RecAndPlayBk/Page-VLink-Capture/input")): Object: 'Object Repository/RecAndPlayBk/Page-VLink-Capture/input' is clicked on

2023-02-28 18:21:02 - [MESSAGE][PASSED] - Object: 'Object Repository/RecAndPlayBk/Page-VLink-Capture/input' is clicked on

2023-02-28 18:21:02 - [TEST_STEP][PASSED] - if (verifyTextPresent("Transaction approved, no errors", true)): null

2023-02-28 18:21:02 - [MESSAGE][PASSED] - Text 'Transaction approved, no errors' is present on page  using regular expression

2023-02-28 18:21:02 - [TEST_STEP][PASSED] - println("Transaction Approved, no errors text is present on the Confirmation page"): null

2023-02-28 18:21:02 - [TEST_STEP][PASSED] - out.println("Pass Record Number: " + row): null

2023-02-28 18:21:02 - [TEST_STEP][PASSED] - resText = "Pass": null

2023-02-28 18:21:02 - [TEST_STEP][PASSED] - pages.WriteExcel.demoKey(resText, datText, resColumn, datCloumn, fileLoc, nameSheet, row): pages.WriteExcel.demoKey is PASSED

2023-02-28 18:21:02 - [MESSAGE][PASSED] - pages.WriteExcel.demoKey is PASSED

2023-02-28 18:21:02 - [TEST_STEP][PASSED] - ExecuteTC = findTestData(dataFile).getValue("Execute", row): null

2023-02-28 18:21:02 - [TEST_STEP][PASSED] - out.println("Value of Execute is : " + ExecuteTC): null

2023-02-28 18:21:02 - [TEST_STEP][PASSED] - switch (executionProfile): null

2023-02-28 18:21:02 - [TEST_STEP][PASSED] - case "Demo2Profile":: null

2023-02-28 18:21:02 - [TEST_STEP][PASSED] - appID = findTestData(dataFile).getValue("AppIDDemo", row): null

2023-02-28 18:21:02 - [TEST_STEP][PASSED] - username = findTestData(dataFile).getValue("UsernameDemo", row): null

2023-02-28 18:21:02 - [TEST_STEP][PASSED] - password = findTestData(dataFile).getValue("PasswordDemo", row): null

2023-02-28 18:21:02 - [TEST_STEP][PASSED] - break: null

2023-02-28 18:21:02 - [TEST_STEP][FAILED] - if (ExecuteTC.equalsIgnoreCase("Y")): null

2023-02-28 18:21:02 - [TEST_STEP][PASSED] - out.println("Begin Record Number: " + row): null

2023-02-28 18:21:02 - [TEST_STEP][PASSED] - today = new java.util.Date(): null

2023-02-28 18:21:02 - [TEST_STEP][PASSED] - println(today): null

2023-02-28 18:21:02 - [TEST_STEP][PASSED] - datText = today: null

2023-02-28 18:21:02 - [TEST_STEP][PASSED] - category = findTestData(dataFile).getValue("Category", row): null

2023-02-28 18:21:03 - [TEST_STEP][PASSED] - amount = findTestData(dataFile).getValue("Amount", row): null

2023-02-28 18:21:03 - [TEST_STEP][PASSED] - cardNumber = findTestData(dataFile).getValue("CardNumber", row): null

2023-02-28 18:21:03 - [TEST_STEP][PASSED] - exM = findTestData(dataFile).getValue("ExM", row): null

2023-02-28 18:21:03 - [TEST_STEP][PASSED] - exY = findTestData(dataFile).getValue("ExY", row): null

2023-02-28 18:21:03 - [TEST_STEP][PASSED] - openBrowser(VLinkURL + "auth.html"): Browser is opened with url: 'https://dev-algorithm.govolution.com/vlinktest/demo2/version_2_0/auth.html'

2023-02-28 18:21:03 - [MESSAGE][WARNING] - A browser is already opened. Closing browser and opening a new one

2023-02-28 18:21:04 - [MESSAGE][INFO] - Starting 'Chrome' driver

2023-02-28 18:21:04 - [MESSAGE][INFO] - User set preference: ['acceptInsecureCerts', 'true']

2023-02-28 18:21:04 - [MESSAGE][INFO] - Action delay is set to 0 milliseconds

2023-02-28 18:21:06 - [MESSAGE][PASSED] - Browser is opened with url: 'https://dev-algorithm.govolution.com/vlinktest/demo2/version_2_0/auth.html'

2023-02-28 18:21:06 - [TEST_STEP][PASSED] - maximizeWindow(): Current window maximized

2023-02-28 18:21:06 - [MESSAGE][PASSED] - Current window maximized

2023-02-28 18:21:06 - [TEST_STEP][PASSED] - genRemID = RandomStringUtils.random(12, true, true): null

2023-02-28 18:21:06 - [TEST_STEP][PASSED] - setText(findTestObject("Object Repository/RecAndPlayBk/Page-Vlink-AuthOnly/input_Remittance Id_remittance_id"), genRemID): Text 'h8ZN6Gwz98JL' is set on object 'Object Repository/RecAndPlayBk/Page-Vlink-AuthOnly/input_Remittance Id_remittance_id'

2023-02-28 18:21:07 - [MESSAGE][PASSED] - Text 'h8ZN6Gwz98JL' is set on object 'Object Repository/RecAndPlayBk/Page-Vlink-AuthOnly/input_Remittance Id_remittance_id'

2023-02-28 18:21:07 - [TEST_STEP][PASSED] - setText(findTestObject("Object Repository/RecAndPlayBk/Page-Vlink-AuthOnly/input_Application Id_application_id"), appID): Text '2435' is set on object 'Object Repository/RecAndPlayBk/Page-Vlink-AuthOnly/input_Application Id_application_id'

2023-02-28 18:21:07 - [MESSAGE][PASSED] - Text '2435' is set on object 'Object Repository/RecAndPlayBk/Page-Vlink-AuthOnly/input_Application Id_application_id'

2023-02-28 18:21:07 - [TEST_STEP][PASSED] - setText(findTestObject("Object Repository/RecAndPlayBk/Page-Vlink-AuthOnly/input_Username_username"), username): Text 'health' is set on object 'Object Repository/RecAndPlayBk/Page-Vlink-AuthOnly/input_Username_username'

2023-02-28 18:21:08 - [MESSAGE][PASSED] - Text 'health' is set on object 'Object Repository/RecAndPlayBk/Page-Vlink-AuthOnly/input_Username_username'

2023-02-28 18:21:08 - [TEST_STEP][PASSED] - setText(findTestObject("Object Repository/RecAndPlayBk/Page-Vlink-AuthOnly/input_Password_password"), password): Text '11111111' is set on object 'Object Repository/RecAndPlayBk/Page-Vlink-AuthOnly/input_Password_password'

2023-02-28 18:21:08 - [MESSAGE][PASSED] - Text '11111111' is set on object 'Object Repository/RecAndPlayBk/Page-Vlink-AuthOnly/input_Password_password'

2023-02-28 18:21:08 - [TEST_STEP][PASSED] - setText(findTestObject("Object Repository/RecAndPlayBk/Page-Vlink-AuthOnly/input_Category_category"), category): Text 'ECOM' is set on object 'Object Repository/RecAndPlayBk/Page-Vlink-AuthOnly/input_Category_category'

2023-02-28 18:21:09 - [MESSAGE][PASSED] - Text 'ECOM' is set on object 'Object Repository/RecAndPlayBk/Page-Vlink-AuthOnly/input_Category_category'

2023-02-28 18:21:09 - [TEST_STEP][PASSED] - setText(findTestObject("Object Repository/RecAndPlayBk/Page-Vlink-AuthOnly/input_Amount_amount"), amount): Text '10.5' is set on object 'Object Repository/RecAndPlayBk/Page-Vlink-AuthOnly/input_Amount_amount'

2023-02-28 18:21:10 - [MESSAGE][PASSED] - Text '10.5' is set on object 'Object Repository/RecAndPlayBk/Page-Vlink-AuthOnly/input_Amount_amount'

2023-02-28 18:21:10 - [TEST_STEP][PASSED] - doubleClick(findTestObject("Object Repository/RecAndPlayBk/Page-Vlink-AuthOnly/input_Card number_card_number")): Object: 'Object Repository/RecAndPlayBk/Page-Vlink-AuthOnly/input_Card number_card_number' is double clicked on

2023-02-28 18:21:10 - [MESSAGE][PASSED] - Object: 'Object Repository/RecAndPlayBk/Page-Vlink-AuthOnly/input_Card number_card_number' is double clicked on

2023-02-28 18:21:10 - [TEST_STEP][PASSED] - setText(findTestObject("Object Repository/RecAndPlayBk/Page-Vlink-AuthOnly/input_Card number_card_number"), cardNumber): Text '4012000098765439' is set on object 'Object Repository/RecAndPlayBk/Page-Vlink-AuthOnly/input_Card number_card_number'

2023-02-28 18:21:11 - [MESSAGE][PASSED] - Text '4012000098765439' is set on object 'Object Repository/RecAndPlayBk/Page-Vlink-AuthOnly/input_Card number_card_number'

2023-02-28 18:21:11 - [TEST_STEP][PASSED] - setText(findTestObject("Object Repository/RecAndPlayBk/Page-Vlink-AuthOnly/input_Card ex month_card_exmo"), exM): Text '12' is set on object 'Object Repository/RecAndPlayBk/Page-Vlink-AuthOnly/input_Card ex month_card_exmo'

2023-02-28 18:21:11 - [MESSAGE][PASSED] - Text '12' is set on object 'Object Repository/RecAndPlayBk/Page-Vlink-AuthOnly/input_Card ex month_card_exmo'

2023-02-28 18:21:11 - [TEST_STEP][PASSED] - setText(findTestObject("Object Repository/RecAndPlayBk/Page-Vlink-AuthOnly/input_Card ex year_card_exyr"), exY): Text '2029' is set on object 'Object Repository/RecAndPlayBk/Page-Vlink-AuthOnly/input_Card ex year_card_exyr'

2023-02-28 18:21:12 - [MESSAGE][PASSED] - Text '2029' is set on object 'Object Repository/RecAndPlayBk/Page-Vlink-AuthOnly/input_Card ex year_card_exyr'

2023-02-28 18:21:12 - [TEST_STEP][PASSED] - click(findTestObject("Object Repository/RecAndPlayBk/Page-Vlink-AuthOnly/input_Track Data_track_data")): Object: 'Object Repository/RecAndPlayBk/Page-Vlink-AuthOnly/input_Track Data_track_data' is clicked on

2023-02-28 18:21:12 - [MESSAGE][PASSED] - Object: 'Object Repository/RecAndPlayBk/Page-Vlink-AuthOnly/input_Track Data_track_data' is clicked on

2023-02-28 18:21:12 - [TEST_STEP][PASSED] - click(findTestObject("Object Repository/RecAndPlayBk/Page-Vlink-AuthOnly/input_CVV state_cvv_state")): Object: 'Object Repository/RecAndPlayBk/Page-Vlink-AuthOnly/input_CVV state_cvv_state' is clicked on

2023-02-28 18:21:13 - [MESSAGE][PASSED] - Object: 'Object Repository/RecAndPlayBk/Page-Vlink-AuthOnly/input_CVV state_cvv_state' is clicked on

2023-02-28 18:21:13 - [TEST_STEP][PASSED] - setText(findTestObject("Object Repository/RecAndPlayBk/Page-Vlink-AuthOnly/input_Track Data_track_data"), ""): Text '' is set on object 'Object Repository/RecAndPlayBk/Page-Vlink-AuthOnly/input_Track Data_track_data'

2023-02-28 18:21:13 - [MESSAGE][PASSED] - Text '' is set on object 'Object Repository/RecAndPlayBk/Page-Vlink-AuthOnly/input_Track Data_track_data'

2023-02-28 18:21:13 - [TEST_STEP][PASSED] - setText(findTestObject("Object Repository/RecAndPlayBk/Page-Vlink-AuthOnly/input_concat(Cardholder, , s email)_email"), ""): Text '' is set on object 'Object Repository/RecAndPlayBk/Page-Vlink-AuthOnly/input_concat(Cardholder, , s email)_email'

2023-02-28 18:21:14 - [MESSAGE][PASSED] - Text '' is set on object 'Object Repository/RecAndPlayBk/Page-Vlink-AuthOnly/input_concat(Cardholder, , s email)_email'

2023-02-28 18:21:14 - [TEST_STEP][PASSED] - click(findTestObject("Object Repository/RecAndPlayBk/Page-Vlink-AuthOnly/input_user_defined10_user_defined10")): Object: 'Object Repository/RecAndPlayBk/Page-Vlink-AuthOnly/input_user_defined10_user_defined10' is clicked on

2023-02-28 18:21:14 - [MESSAGE][PASSED] - Object: 'Object Repository/RecAndPlayBk/Page-Vlink-AuthOnly/input_user_defined10_user_defined10' is clicked on

2023-02-28 18:21:14 - [TEST_STEP][PASSED] - if (executionProfile.equalsIgnoreCase("QAProfile")): null

2023-02-28 18:21:14 - [TEST_STEP][PASSED] - click(findTestObject("Object Repository/RecAndPlayBk/Page-Vlink-AuthOnly/input")): Object: 'Object Repository/RecAndPlayBk/Page-Vlink-AuthOnly/input' is clicked on

2023-02-28 18:21:16 - [MESSAGE][PASSED] - Object: 'Object Repository/RecAndPlayBk/Page-Vlink-AuthOnly/input' is clicked on

2023-02-28 18:21:16 - [TEST_STEP][FAILED] - if (verifyTextPresent("Transaction approved, no errors", true)): Text 'Transaction approved, no errors' is not present on page  using regular expression (Root cause: com.kms.katalon.core.exception.StepFailedException: Text 'Transaction approved, no errors' is not present on page  using regular expression
	at com.kms.katalon.core.webui.keyword.internal.WebUIKeywordMain.stepFailed(WebUIKeywordMain.groovy:64)
	at com.kms.katalon.core.webui.keyword.builtin.VerifyTextPresentKeyword$_verifyTextPresent_closure1.doCall(VerifyTextPresentKeyword.groovy:79)
	at com.kms.katalon.core.webui.keyword.builtin.VerifyTextPresentKeyword$_verifyTextPresent_closure1.call(VerifyTextPresentKeyword.groovy)
	at com.kms.katalon.core.webui.keyword.internal.WebUIKeywordMain.runKeyword(WebUIKeywordMain.groovy:20)
	at com.kms.katalon.core.webui.keyword.builtin.VerifyTextPresentKeyword.verifyTextPresent(VerifyTextPresentKeyword.groovy:83)
	at com.kms.katalon.core.webui.keyword.builtin.VerifyTextPresentKeyword.execute(VerifyTextPresentKeyword.groovy:68)
	at com.kms.katalon.core.keyword.internal.KeywordExecutor.executeKeywordForPlatform(KeywordExecutor.groovy:74)
	at com.kms.katalon.core.webui.keyword.WebUiBuiltInKeywords.verifyTextPresent(WebUiBuiltInKeywords.groovy:1723)
	at com.kms.katalon.core.webui.keyword.WebUiBuiltInKeywords$verifyTextPresent$4.call(Unknown Source)
	at Auth-Capture.run(Auth-Capture:167)
	at com.kms.katalon.core.main.ScriptEngine.run(ScriptEngine.java:194)
	at com.kms.katalon.core.main.ScriptEngine.runScriptAsRawText(ScriptEngine.java:119)
	at com.kms.katalon.core.main.TestCaseExecutor.runScript(TestCaseExecutor.java:442)
	at com.kms.katalon.core.main.TestCaseExecutor.doExecute(TestCaseExecutor.java:433)
	at com.kms.katalon.core.main.TestCaseExecutor.processExecutionPhase(TestCaseExecutor.java:412)
	at com.kms.katalon.core.main.TestCaseExecutor.accessMainPhase(TestCaseExecutor.java:404)
	at com.kms.katalon.core.main.TestCaseExecutor.execute(TestCaseExecutor.java:281)
	at com.kms.katalon.core.main.TestSuiteExecutor.accessTestCaseMainPhase(TestSuiteExecutor.java:202)
	at com.kms.katalon.core.main.TestSuiteExecutor.accessTestSuiteMainPhase(TestSuiteExecutor.java:164)
	at com.kms.katalon.core.main.TestSuiteExecutor.execute(TestSuiteExecutor.java:105)
	at com.kms.katalon.core.main.TestCaseMain.startTestSuite(TestCaseMain.java:185)
	at com.kms.katalon.core.main.TestCaseMain$startTestSuite$0.call(Unknown Source)
	at TempTestSuite1677626298320.run(TempTestSuite1677626298320.groovy:36)
)

2023-02-28 18:21:16 - [MESSAGE][FAILED] - Text 'Transaction approved, no errors' is not present on page  using regular expression (Root cause: com.kms.katalon.core.exception.StepFailedException: Text 'Transaction approved, no errors' is not present on page  using regular expression
	at com.kms.katalon.core.webui.keyword.internal.WebUIKeywordMain.stepFailed(WebUIKeywordMain.groovy:64)
	at com.kms.katalon.core.webui.keyword.builtin.VerifyTextPresentKeyword$_verifyTextPresent_closure1.doCall(VerifyTextPresentKeyword.groovy:79)
	at com.kms.katalon.core.webui.keyword.builtin.VerifyTextPresentKeyword$_verifyTextPresent_closure1.call(VerifyTextPresentKeyword.groovy)
	at com.kms.katalon.core.webui.keyword.internal.WebUIKeywordMain.runKeyword(WebUIKeywordMain.groovy:20)
	at com.kms.katalon.core.webui.keyword.builtin.VerifyTextPresentKeyword.verifyTextPresent(VerifyTextPresentKeyword.groovy:83)
	at com.kms.katalon.core.webui.keyword.builtin.VerifyTextPresentKeyword.execute(VerifyTextPresentKeyword.groovy:68)
	at com.kms.katalon.core.keyword.internal.KeywordExecutor.executeKeywordForPlatform(KeywordExecutor.groovy:74)
	at com.kms.katalon.core.webui.keyword.WebUiBuiltInKeywords.verifyTextPresent(WebUiBuiltInKeywords.groovy:1723)
	at com.kms.katalon.core.webui.keyword.WebUiBuiltInKeywords$verifyTextPresent$4.call(Unknown Source)
	at Auth-Capture.run(Auth-Capture:167)
	at com.kms.katalon.core.main.ScriptEngine.run(ScriptEngine.java:194)
	at com.kms.katalon.core.main.ScriptEngine.runScriptAsRawText(ScriptEngine.java:119)
	at com.kms.katalon.core.main.TestCaseExecutor.runScript(TestCaseExecutor.java:442)
	at com.kms.katalon.core.main.TestCaseExecutor.doExecute(TestCaseExecutor.java:433)
	at com.kms.katalon.core.main.TestCaseExecutor.processExecutionPhase(TestCaseExecutor.java:412)
	at com.kms.katalon.core.main.TestCaseExecutor.accessMainPhase(TestCaseExecutor.java:404)
	at com.kms.katalon.core.main.TestCaseExecutor.execute(TestCaseExecutor.java:281)
	at com.kms.katalon.core.main.TestSuiteExecutor.accessTestCaseMainPhase(TestSuiteExecutor.java:202)
	at com.kms.katalon.core.main.TestSuiteExecutor.accessTestSuiteMainPhase(TestSuiteExecutor.java:164)
	at com.kms.katalon.core.main.TestSuiteExecutor.execute(TestSuiteExecutor.java:105)
	at com.kms.katalon.core.main.TestCaseMain.startTestSuite(TestCaseMain.java:185)
	at com.kms.katalon.core.main.TestCaseMain$startTestSuite$0.call(Unknown Source)
	at TempTestSuite1677626298320.run(TempTestSuite1677626298320.groovy:36)
)

2023-02-28 18:21:16 - [TEST_STEP][PASSED] - else: pages.WriteExcel.demoKey is PASSED

2023-02-28 18:21:16 - [TEST_STEP][PASSED] - out.println("Auth was not successful, Dont Capture"): null

2023-02-28 18:21:16 - [TEST_STEP][PASSED] - println("Transaction Approved, no errors text is not present on the Confirmation page"): null

2023-02-28 18:21:16 - [TEST_STEP][PASSED] - out.println("Fail Record Number: " + row): null

2023-02-28 18:21:16 - [TEST_STEP][PASSED] - resText = "Fail": null

2023-02-28 18:21:16 - [TEST_STEP][PASSED] - pages.WriteExcel.demoKey(resText, datText, resColumn, datCloumn, fileLoc, nameSheet, row): pages.WriteExcel.demoKey is PASSED

2023-02-28 18:21:16 - [MESSAGE][PASSED] - pages.WriteExcel.demoKey is PASSED

2023-02-28 18:21:16 - [TEST_STEP][PASSED] - ExecuteTC = findTestData(dataFile).getValue("Execute", row): null

2023-02-28 18:21:16 - [TEST_STEP][PASSED] - out.println("Value of Execute is : " + ExecuteTC): null

2023-02-28 18:21:16 - [TEST_STEP][PASSED] - switch (executionProfile): null

2023-02-28 18:21:16 - [TEST_STEP][PASSED] - case "Demo2Profile":: null

2023-02-28 18:21:16 - [TEST_STEP][PASSED] - appID = findTestData(dataFile).getValue("AppIDDemo", row): null

2023-02-28 18:21:16 - [TEST_STEP][PASSED] - username = findTestData(dataFile).getValue("UsernameDemo", row): null

2023-02-28 18:21:16 - [TEST_STEP][PASSED] - password = findTestData(dataFile).getValue("PasswordDemo", row): null

2023-02-28 18:21:16 - [TEST_STEP][PASSED] - break: null

2023-02-28 18:21:16 - [TEST_STEP][FAILED] - if (ExecuteTC.equalsIgnoreCase("Y")): null

2023-02-28 18:21:16 - [TEST_STEP][PASSED] - out.println("Begin Record Number: " + row): null

2023-02-28 18:21:16 - [TEST_STEP][PASSED] - today = new java.util.Date(): null

2023-02-28 18:21:16 - [TEST_STEP][PASSED] - println(today): null

2023-02-28 18:21:16 - [TEST_STEP][PASSED] - datText = today: null

2023-02-28 18:21:16 - [TEST_STEP][PASSED] - category = findTestData(dataFile).getValue("Category", row): null

2023-02-28 18:21:16 - [TEST_STEP][PASSED] - amount = findTestData(dataFile).getValue("Amount", row): null

2023-02-28 18:21:17 - [TEST_STEP][PASSED] - cardNumber = findTestData(dataFile).getValue("CardNumber", row): null

2023-02-28 18:21:17 - [TEST_STEP][PASSED] - exM = findTestData(dataFile).getValue("ExM", row): null

2023-02-28 18:21:17 - [TEST_STEP][PASSED] - exY = findTestData(dataFile).getValue("ExY", row): null

2023-02-28 18:21:17 - [TEST_STEP][PASSED] - openBrowser(VLinkURL + "auth.html"): Browser is opened with url: 'https://dev-algorithm.govolution.com/vlinktest/demo2/version_2_0/auth.html'

2023-02-28 18:21:17 - [MESSAGE][WARNING] - A browser is already opened. Closing browser and opening a new one

2023-02-28 18:21:18 - [MESSAGE][INFO] - Starting 'Chrome' driver

2023-02-28 18:21:18 - [MESSAGE][INFO] - User set preference: ['acceptInsecureCerts', 'true']

2023-02-28 18:21:18 - [MESSAGE][INFO] - Action delay is set to 0 milliseconds

2023-02-28 18:21:20 - [MESSAGE][PASSED] - Browser is opened with url: 'https://dev-algorithm.govolution.com/vlinktest/demo2/version_2_0/auth.html'

2023-02-28 18:21:20 - [TEST_STEP][PASSED] - maximizeWindow(): Current window maximized

2023-02-28 18:21:20 - [MESSAGE][PASSED] - Current window maximized

2023-02-28 18:21:20 - [TEST_STEP][PASSED] - genRemID = RandomStringUtils.random(12, true, true): null

2023-02-28 18:21:20 - [TEST_STEP][PASSED] - setText(findTestObject("Object Repository/RecAndPlayBk/Page-Vlink-AuthOnly/input_Remittance Id_remittance_id"), genRemID): Text 'QizdIJ1e5PJz' is set on object 'Object Repository/RecAndPlayBk/Page-Vlink-AuthOnly/input_Remittance Id_remittance_id'

2023-02-28 18:21:21 - [MESSAGE][PASSED] - Text 'QizdIJ1e5PJz' is set on object 'Object Repository/RecAndPlayBk/Page-Vlink-AuthOnly/input_Remittance Id_remittance_id'

2023-02-28 18:21:21 - [TEST_STEP][PASSED] - setText(findTestObject("Object Repository/RecAndPlayBk/Page-Vlink-AuthOnly/input_Application Id_application_id"), appID): Text '3136' is set on object 'Object Repository/RecAndPlayBk/Page-Vlink-AuthOnly/input_Application Id_application_id'

2023-02-28 18:21:21 - [MESSAGE][PASSED] - Text '3136' is set on object 'Object Repository/RecAndPlayBk/Page-Vlink-AuthOnly/input_Application Id_application_id'

2023-02-28 18:21:21 - [TEST_STEP][PASSED] - setText(findTestObject("Object Repository/RecAndPlayBk/Page-Vlink-AuthOnly/input_Username_username"), username): Text 'user3136' is set on object 'Object Repository/RecAndPlayBk/Page-Vlink-AuthOnly/input_Username_username'

2023-02-28 18:21:22 - [MESSAGE][PASSED] - Text 'user3136' is set on object 'Object Repository/RecAndPlayBk/Page-Vlink-AuthOnly/input_Username_username'

2023-02-28 18:21:22 - [TEST_STEP][PASSED] - setText(findTestObject("Object Repository/RecAndPlayBk/Page-Vlink-AuthOnly/input_Password_password"), password): Text 'pwd3136' is set on object 'Object Repository/RecAndPlayBk/Page-Vlink-AuthOnly/input_Password_password'

2023-02-28 18:21:23 - [MESSAGE][PASSED] - Text 'pwd3136' is set on object 'Object Repository/RecAndPlayBk/Page-Vlink-AuthOnly/input_Password_password'

2023-02-28 18:21:23 - [TEST_STEP][PASSED] - setText(findTestObject("Object Repository/RecAndPlayBk/Page-Vlink-AuthOnly/input_Category_category"), category): Text 'ECOM' is set on object 'Object Repository/RecAndPlayBk/Page-Vlink-AuthOnly/input_Category_category'

2023-02-28 18:21:23 - [MESSAGE][PASSED] - Text 'ECOM' is set on object 'Object Repository/RecAndPlayBk/Page-Vlink-AuthOnly/input_Category_category'

2023-02-28 18:21:23 - [TEST_STEP][PASSED] - setText(findTestObject("Object Repository/RecAndPlayBk/Page-Vlink-AuthOnly/input_Amount_amount"), amount): Text '10.5' is set on object 'Object Repository/RecAndPlayBk/Page-Vlink-AuthOnly/input_Amount_amount'

2023-02-28 18:21:24 - [MESSAGE][PASSED] - Text '10.5' is set on object 'Object Repository/RecAndPlayBk/Page-Vlink-AuthOnly/input_Amount_amount'

2023-02-28 18:21:24 - [TEST_STEP][PASSED] - doubleClick(findTestObject("Object Repository/RecAndPlayBk/Page-Vlink-AuthOnly/input_Card number_card_number")): Object: 'Object Repository/RecAndPlayBk/Page-Vlink-AuthOnly/input_Card number_card_number' is double clicked on

2023-02-28 18:21:24 - [MESSAGE][PASSED] - Object: 'Object Repository/RecAndPlayBk/Page-Vlink-AuthOnly/input_Card number_card_number' is double clicked on

2023-02-28 18:21:24 - [TEST_STEP][PASSED] - setText(findTestObject("Object Repository/RecAndPlayBk/Page-Vlink-AuthOnly/input_Card number_card_number"), cardNumber): Text '5146312200000035' is set on object 'Object Repository/RecAndPlayBk/Page-Vlink-AuthOnly/input_Card number_card_number'

2023-02-28 18:21:25 - [MESSAGE][PASSED] - Text '5146312200000035' is set on object 'Object Repository/RecAndPlayBk/Page-Vlink-AuthOnly/input_Card number_card_number'

2023-02-28 18:21:25 - [TEST_STEP][PASSED] - setText(findTestObject("Object Repository/RecAndPlayBk/Page-Vlink-AuthOnly/input_Card ex month_card_exmo"), exM): Text '12' is set on object 'Object Repository/RecAndPlayBk/Page-Vlink-AuthOnly/input_Card ex month_card_exmo'

2023-02-28 18:21:25 - [MESSAGE][PASSED] - Text '12' is set on object 'Object Repository/RecAndPlayBk/Page-Vlink-AuthOnly/input_Card ex month_card_exmo'

2023-02-28 18:21:25 - [TEST_STEP][PASSED] - setText(findTestObject("Object Repository/RecAndPlayBk/Page-Vlink-AuthOnly/input_Card ex year_card_exyr"), exY): Text '2029' is set on object 'Object Repository/RecAndPlayBk/Page-Vlink-AuthOnly/input_Card ex year_card_exyr'

2023-02-28 18:21:26 - [MESSAGE][PASSED] - Text '2029' is set on object 'Object Repository/RecAndPlayBk/Page-Vlink-AuthOnly/input_Card ex year_card_exyr'

2023-02-28 18:21:26 - [TEST_STEP][PASSED] - click(findTestObject("Object Repository/RecAndPlayBk/Page-Vlink-AuthOnly/input_Track Data_track_data")): Object: 'Object Repository/RecAndPlayBk/Page-Vlink-AuthOnly/input_Track Data_track_data' is clicked on

2023-02-28 18:21:26 - [MESSAGE][PASSED] - Object: 'Object Repository/RecAndPlayBk/Page-Vlink-AuthOnly/input_Track Data_track_data' is clicked on

2023-02-28 18:21:26 - [TEST_STEP][PASSED] - click(findTestObject("Object Repository/RecAndPlayBk/Page-Vlink-AuthOnly/input_CVV state_cvv_state")): Object: 'Object Repository/RecAndPlayBk/Page-Vlink-AuthOnly/input_CVV state_cvv_state' is clicked on

2023-02-28 18:21:27 - [MESSAGE][PASSED] - Object: 'Object Repository/RecAndPlayBk/Page-Vlink-AuthOnly/input_CVV state_cvv_state' is clicked on

2023-02-28 18:21:27 - [TEST_STEP][PASSED] - setText(findTestObject("Object Repository/RecAndPlayBk/Page-Vlink-AuthOnly/input_Track Data_track_data"), ""): Text '' is set on object 'Object Repository/RecAndPlayBk/Page-Vlink-AuthOnly/input_Track Data_track_data'

2023-02-28 18:21:27 - [MESSAGE][PASSED] - Text '' is set on object 'Object Repository/RecAndPlayBk/Page-Vlink-AuthOnly/input_Track Data_track_data'

2023-02-28 18:21:27 - [TEST_STEP][PASSED] - setText(findTestObject("Object Repository/RecAndPlayBk/Page-Vlink-AuthOnly/input_concat(Cardholder, , s email)_email"), ""): Text '' is set on object 'Object Repository/RecAndPlayBk/Page-Vlink-AuthOnly/input_concat(Cardholder, , s email)_email'

2023-02-28 18:21:28 - [MESSAGE][PASSED] - Text '' is set on object 'Object Repository/RecAndPlayBk/Page-Vlink-AuthOnly/input_concat(Cardholder, , s email)_email'

2023-02-28 18:21:28 - [TEST_STEP][PASSED] - click(findTestObject("Object Repository/RecAndPlayBk/Page-Vlink-AuthOnly/input_user_defined10_user_defined10")): Object: 'Object Repository/RecAndPlayBk/Page-Vlink-AuthOnly/input_user_defined10_user_defined10' is clicked on

2023-02-28 18:21:28 - [MESSAGE][PASSED] - Object: 'Object Repository/RecAndPlayBk/Page-Vlink-AuthOnly/input_user_defined10_user_defined10' is clicked on

2023-02-28 18:21:28 - [TEST_STEP][PASSED] - if (executionProfile.equalsIgnoreCase("QAProfile")): null

2023-02-28 18:21:28 - [TEST_STEP][PASSED] - click(findTestObject("Object Repository/RecAndPlayBk/Page-Vlink-AuthOnly/input")): Object: 'Object Repository/RecAndPlayBk/Page-Vlink-AuthOnly/input' is clicked on

2023-02-28 18:21:29 - [MESSAGE][PASSED] - Object: 'Object Repository/RecAndPlayBk/Page-Vlink-AuthOnly/input' is clicked on

2023-02-28 18:21:29 - [TEST_STEP][FAILED] - if (verifyTextPresent("Transaction approved, no errors", true)): Text 'Transaction approved, no errors' is not present on page  using regular expression (Root cause: com.kms.katalon.core.exception.StepFailedException: Text 'Transaction approved, no errors' is not present on page  using regular expression
	at com.kms.katalon.core.webui.keyword.internal.WebUIKeywordMain.stepFailed(WebUIKeywordMain.groovy:64)
	at com.kms.katalon.core.webui.keyword.builtin.VerifyTextPresentKeyword$_verifyTextPresent_closure1.doCall(VerifyTextPresentKeyword.groovy:79)
	at com.kms.katalon.core.webui.keyword.builtin.VerifyTextPresentKeyword$_verifyTextPresent_closure1.call(VerifyTextPresentKeyword.groovy)
	at com.kms.katalon.core.webui.keyword.internal.WebUIKeywordMain.runKeyword(WebUIKeywordMain.groovy:20)
	at com.kms.katalon.core.webui.keyword.builtin.VerifyTextPresentKeyword.verifyTextPresent(VerifyTextPresentKeyword.groovy:83)
	at com.kms.katalon.core.webui.keyword.builtin.VerifyTextPresentKeyword.execute(VerifyTextPresentKeyword.groovy:68)
	at com.kms.katalon.core.keyword.internal.KeywordExecutor.executeKeywordForPlatform(KeywordExecutor.groovy:74)
	at com.kms.katalon.core.webui.keyword.WebUiBuiltInKeywords.verifyTextPresent(WebUiBuiltInKeywords.groovy:1723)
	at com.kms.katalon.core.webui.keyword.WebUiBuiltInKeywords$verifyTextPresent$4.call(Unknown Source)
	at Auth-Capture.run(Auth-Capture:167)
	at com.kms.katalon.core.main.ScriptEngine.run(ScriptEngine.java:194)
	at com.kms.katalon.core.main.ScriptEngine.runScriptAsRawText(ScriptEngine.java:119)
	at com.kms.katalon.core.main.TestCaseExecutor.runScript(TestCaseExecutor.java:442)
	at com.kms.katalon.core.main.TestCaseExecutor.doExecute(TestCaseExecutor.java:433)
	at com.kms.katalon.core.main.TestCaseExecutor.processExecutionPhase(TestCaseExecutor.java:412)
	at com.kms.katalon.core.main.TestCaseExecutor.accessMainPhase(TestCaseExecutor.java:404)
	at com.kms.katalon.core.main.TestCaseExecutor.execute(TestCaseExecutor.java:281)
	at com.kms.katalon.core.main.TestSuiteExecutor.accessTestCaseMainPhase(TestSuiteExecutor.java:202)
	at com.kms.katalon.core.main.TestSuiteExecutor.accessTestSuiteMainPhase(TestSuiteExecutor.java:164)
	at com.kms.katalon.core.main.TestSuiteExecutor.execute(TestSuiteExecutor.java:105)
	at com.kms.katalon.core.main.TestCaseMain.startTestSuite(TestCaseMain.java:185)
	at com.kms.katalon.core.main.TestCaseMain$startTestSuite$0.call(Unknown Source)
	at TempTestSuite1677626298320.run(TempTestSuite1677626298320.groovy:36)
)

2023-02-28 18:21:30 - [MESSAGE][FAILED] - Text 'Transaction approved, no errors' is not present on page  using regular expression (Root cause: com.kms.katalon.core.exception.StepFailedException: Text 'Transaction approved, no errors' is not present on page  using regular expression
	at com.kms.katalon.core.webui.keyword.internal.WebUIKeywordMain.stepFailed(WebUIKeywordMain.groovy:64)
	at com.kms.katalon.core.webui.keyword.builtin.VerifyTextPresentKeyword$_verifyTextPresent_closure1.doCall(VerifyTextPresentKeyword.groovy:79)
	at com.kms.katalon.core.webui.keyword.builtin.VerifyTextPresentKeyword$_verifyTextPresent_closure1.call(VerifyTextPresentKeyword.groovy)
	at com.kms.katalon.core.webui.keyword.internal.WebUIKeywordMain.runKeyword(WebUIKeywordMain.groovy:20)
	at com.kms.katalon.core.webui.keyword.builtin.VerifyTextPresentKeyword.verifyTextPresent(VerifyTextPresentKeyword.groovy:83)
	at com.kms.katalon.core.webui.keyword.builtin.VerifyTextPresentKeyword.execute(VerifyTextPresentKeyword.groovy:68)
	at com.kms.katalon.core.keyword.internal.KeywordExecutor.executeKeywordForPlatform(KeywordExecutor.groovy:74)
	at com.kms.katalon.core.webui.keyword.WebUiBuiltInKeywords.verifyTextPresent(WebUiBuiltInKeywords.groovy:1723)
	at com.kms.katalon.core.webui.keyword.WebUiBuiltInKeywords$verifyTextPresent$4.call(Unknown Source)
	at Auth-Capture.run(Auth-Capture:167)
	at com.kms.katalon.core.main.ScriptEngine.run(ScriptEngine.java:194)
	at com.kms.katalon.core.main.ScriptEngine.runScriptAsRawText(ScriptEngine.java:119)
	at com.kms.katalon.core.main.TestCaseExecutor.runScript(TestCaseExecutor.java:442)
	at com.kms.katalon.core.main.TestCaseExecutor.doExecute(TestCaseExecutor.java:433)
	at com.kms.katalon.core.main.TestCaseExecutor.processExecutionPhase(TestCaseExecutor.java:412)
	at com.kms.katalon.core.main.TestCaseExecutor.accessMainPhase(TestCaseExecutor.java:404)
	at com.kms.katalon.core.main.TestCaseExecutor.execute(TestCaseExecutor.java:281)
	at com.kms.katalon.core.main.TestSuiteExecutor.accessTestCaseMainPhase(TestSuiteExecutor.java:202)
	at com.kms.katalon.core.main.TestSuiteExecutor.accessTestSuiteMainPhase(TestSuiteExecutor.java:164)
	at com.kms.katalon.core.main.TestSuiteExecutor.execute(TestSuiteExecutor.java:105)
	at com.kms.katalon.core.main.TestCaseMain.startTestSuite(TestCaseMain.java:185)
	at com.kms.katalon.core.main.TestCaseMain$startTestSuite$0.call(Unknown Source)
	at TempTestSuite1677626298320.run(TempTestSuite1677626298320.groovy:36)
)

2023-02-28 18:21:30 - [TEST_STEP][PASSED] - else: pages.WriteExcel.demoKey is PASSED

2023-02-28 18:21:30 - [TEST_STEP][PASSED] - out.println("Auth was not successful, Dont Capture"): null

2023-02-28 18:21:30 - [TEST_STEP][PASSED] - println("Transaction Approved, no errors text is not present on the Confirmation page"): null

2023-02-28 18:21:30 - [TEST_STEP][PASSED] - out.println("Fail Record Number: " + row): null

2023-02-28 18:21:30 - [TEST_STEP][PASSED] - resText = "Fail": null

2023-02-28 18:21:30 - [TEST_STEP][PASSED] - pages.WriteExcel.demoKey(resText, datText, resColumn, datCloumn, fileLoc, nameSheet, row): pages.WriteExcel.demoKey is PASSED

2023-02-28 18:21:30 - [MESSAGE][PASSED] - pages.WriteExcel.demoKey is PASSED]]></system-out>
         <system-err><![CDATA[2023-02-28 18:19:46 - [TEST_CASE][FAILED] - Test Cases/RecAndPlayBk/VLink/Auth-Capture: Test Cases/RecAndPlayBk/VLink/Auth-Capture FAILED.
Reason:
com.kms.katalon.core.exception.StepFailedException: Text 'Transaction approved, no errors' is not present on page  using regular expression (Root cause: com.kms.katalon.core.exception.StepFailedException: Text 'Transaction approved, no errors' is not present on page  using regular expression
	at com.kms.katalon.core.webui.keyword.internal.WebUIKeywordMain.stepFailed(WebUIKeywordMain.groovy:64)
	at com.kms.katalon.core.webui.keyword.builtin.VerifyTextPresentKeyword$_verifyTextPresent_closure1.doCall(VerifyTextPresentKeyword.groovy:79)
	at com.kms.katalon.core.webui.keyword.builtin.VerifyTextPresentKeyword$_verifyTextPresent_closure1.call(VerifyTextPresentKeyword.groovy)
	at com.kms.katalon.core.webui.keyword.internal.WebUIKeywordMain.runKeyword(WebUIKeywordMain.groovy:20)
	at com.kms.katalon.core.webui.keyword.builtin.VerifyTextPresentKeyword.verifyTextPresent(VerifyTextPresentKeyword.groovy:83)
	at com.kms.katalon.core.webui.keyword.builtin.VerifyTextPresentKeyword.execute(VerifyTextPresentKeyword.groovy:68)
	at com.kms.katalon.core.keyword.internal.KeywordExecutor.executeKeywordForPlatform(KeywordExecutor.groovy:74)
	at com.kms.katalon.core.webui.keyword.WebUiBuiltInKeywords.verifyTextPresent(WebUiBuiltInKeywords.groovy:1723)
	at com.kms.katalon.core.webui.keyword.WebUiBuiltInKeywords$verifyTextPresent$4.call(Unknown Source)
	at Auth-Capture.run(Auth-Capture:167)
	at com.kms.katalon.core.main.ScriptEngine.run(ScriptEngine.java:194)
	at com.kms.katalon.core.main.ScriptEngine.runScriptAsRawText(ScriptEngine.java:119)
	at com.kms.katalon.core.main.TestCaseExecutor.runScript(TestCaseExecutor.java:442)
	at com.kms.katalon.core.main.TestCaseExecutor.doExecute(TestCaseExecutor.java:433)
	at com.kms.katalon.core.main.TestCaseExecutor.processExecutionPhase(TestCaseExecutor.java:412)
	at com.kms.katalon.core.main.TestCaseExecutor.accessMainPhase(TestCaseExecutor.java:404)
	at com.kms.katalon.core.main.TestCaseExecutor.execute(TestCaseExecutor.java:281)
	at com.kms.katalon.core.main.TestSuiteExecutor.accessTestCaseMainPhase(TestSuiteExecutor.java:202)
	at com.kms.katalon.core.main.TestSuiteExecutor.accessTestSuiteMainPhase(TestSuiteExecutor.java:164)
	at com.kms.katalon.core.main.TestSuiteExecutor.execute(TestSuiteExecutor.java:105)
	at com.kms.katalon.core.main.TestCaseMain.startTestSuite(TestCaseMain.java:185)
	at com.kms.katalon.core.main.TestCaseMain$startTestSuite$0.call(Unknown Source)
	at TempTestSuite1677626298320.run(TempTestSuite1677626298320.groovy:36)
)
	at com.kms.katalon.core.keyword.internal.KeywordMain.stepFailed(KeywordMain.groovy:39)
	at com.kms.katalon.core.webui.keyword.internal.WebUIKeywordMain.stepFailed(WebUIKeywordMain.groovy:64)
	at com.kms.katalon.core.webui.keyword.builtin.VerifyTextPresentKeyword$_verifyTextPresent_closure1.doCall(VerifyTextPresentKeyword.groovy:79)
	at com.kms.katalon.core.webui.keyword.builtin.VerifyTextPresentKeyword$_verifyTextPresent_closure1.call(VerifyTextPresentKeyword.groovy)
	at com.kms.katalon.core.webui.keyword.internal.WebUIKeywordMain.runKeyword(WebUIKeywordMain.groovy:20)
	at com.kms.katalon.core.webui.keyword.builtin.VerifyTextPresentKeyword.verifyTextPresent(VerifyTextPresentKeyword.groovy:83)
	at com.kms.katalon.core.webui.keyword.builtin.VerifyTextPresentKeyword.execute(VerifyTextPresentKeyword.groovy:68)
	at com.kms.katalon.core.keyword.internal.KeywordExecutor.executeKeywordForPlatform(KeywordExecutor.groovy:74)
	at com.kms.katalon.core.webui.keyword.WebUiBuiltInKeywords.verifyTextPresent(WebUiBuiltInKeywords.groovy:1723)
	at com.kms.katalon.core.webui.keyword.WebUiBuiltInKeywords$verifyTextPresent$4.call(Unknown Source)
	at Auth-Capture.run(Auth-Capture:167)
	at com.kms.katalon.core.main.ScriptEngine.run(ScriptEngine.java:194)
	at com.kms.katalon.core.main.ScriptEngine.runScriptAsRawText(ScriptEngine.java:119)
	at com.kms.katalon.core.main.TestCaseExecutor.runScript(TestCaseExecutor.java:442)
	at com.kms.katalon.core.main.TestCaseExecutor.doExecute(TestCaseExecutor.java:433)
	at com.kms.katalon.core.main.TestCaseExecutor.processExecutionPhase(TestCaseExecutor.java:412)
	at com.kms.katalon.core.main.TestCaseExecutor.accessMainPhase(TestCaseExecutor.java:404)
	at com.kms.katalon.core.main.TestCaseExecutor.execute(TestCaseExecutor.java:281)
	at com.kms.katalon.core.main.TestSuiteExecutor.accessTestCaseMainPhase(TestSuiteExecutor.java:202)
	at com.kms.katalon.core.main.TestSuiteExecutor.accessTestSuiteMainPhase(TestSuiteExecutor.java:164)
	at com.kms.katalon.core.main.TestSuiteExecutor.execute(TestSuiteExecutor.java:105)
	at com.kms.katalon.core.main.TestCaseMain.startTestSuite(TestCaseMain.java:185)
	at com.kms.katalon.core.main.TestCaseMain$startTestSuite$0.call(Unknown Source)
	at TempTestSuite1677626298320.run(TempTestSuite1677626298320.groovy:36)
Caused by: com.kms.katalon.core.exception.StepFailedException: Text 'Transaction approved, no errors' is not present on page  using regular expression
	... 23 more]]></system-err>
      </testcase>
      <testcase name="Test Cases/RecAndPlayBk/VLink/Sale" time="70.861" classname="Test Cases/RecAndPlayBk/VLink/Sale" status="FAILED">
         <failure type="FAILED" message="Test Cases/RecAndPlayBk/VLink/Sale FAILED.
Reason:
com.kms.katalon.core.exception.StepFailedException: Text 'Transaction approved, no errors' is not present on page  using regular expression (Root cause: com.kms.katalon.core.exception.StepFailedException: Text 'Transaction approved, no errors' is not present on page  using regular expression
	at com.kms.katalon.core.webui.keyword.internal.WebUIKeywordMain.stepFailed(WebUIKeywordMain.groovy:64)
	at com.kms.katalon.core.webui.keyword.builtin.VerifyTextPresentKeyword$_verifyTextPresent_closure1.doCall(VerifyTextPresentKeyword.groovy:79)
	at com.kms.katalon.core.webui.keyword.builtin.VerifyTextPresentKeyword$_verifyTextPresent_closure1.call(VerifyTextPresentKeyword.groovy)
	at com.kms.katalon.core.webui.keyword.internal.WebUIKeywordMain.runKeyword(WebUIKeywordMain.groovy:20)
	at com.kms.katalon.core.webui.keyword.builtin.VerifyTextPresentKeyword.verifyTextPresent(VerifyTextPresentKeyword.groovy:83)
	at com.kms.katalon.core.webui.keyword.builtin.VerifyTextPresentKeyword.execute(VerifyTextPresentKeyword.groovy:68)
	at com.kms.katalon.core.keyword.internal.KeywordExecutor.executeKeywordForPlatform(KeywordExecutor.groovy:74)
	at com.kms.katalon.core.webui.keyword.WebUiBuiltInKeywords.verifyTextPresent(WebUiBuiltInKeywords.groovy:1723)
	at com.kms.katalon.core.webui.keyword.WebUiBuiltInKeywords$verifyTextPresent$4.call(Unknown Source)
	at Sale.run(Sale:161)
	at com.kms.katalon.core.main.ScriptEngine.run(ScriptEngine.java:194)
	at com.kms.katalon.core.main.ScriptEngine.runScriptAsRawText(ScriptEngine.java:119)
	at com.kms.katalon.core.main.TestCaseExecutor.runScript(TestCaseExecutor.java:442)
	at com.kms.katalon.core.main.TestCaseExecutor.doExecute(TestCaseExecutor.java:433)
	at com.kms.katalon.core.main.TestCaseExecutor.processExecutionPhase(TestCaseExecutor.java:412)
	at com.kms.katalon.core.main.TestCaseExecutor.accessMainPhase(TestCaseExecutor.java:404)
	at com.kms.katalon.core.main.TestCaseExecutor.execute(TestCaseExecutor.java:281)
	at com.kms.katalon.core.main.TestSuiteExecutor.accessTestCaseMainPhase(TestSuiteExecutor.java:202)
	at com.kms.katalon.core.main.TestSuiteExecutor.accessTestSuiteMainPhase(TestSuiteExecutor.java:164)
	at com.kms.katalon.core.main.TestSuiteExecutor.execute(TestSuiteExecutor.java:105)
	at com.kms.katalon.core.main.TestCaseMain.startTestSuite(TestCaseMain.java:185)
	at com.kms.katalon.core.main.TestCaseMain$startTestSuite$0.call(Unknown Source)
	at TempTestSuite1677626298320.run(TempTestSuite1677626298320.groovy:36)
)
	at com.kms.katalon.core.keyword.internal.KeywordMain.stepFailed(KeywordMain.groovy:39)
	at com.kms.katalon.core.webui.keyword.internal.WebUIKeywordMain.stepFailed(WebUIKeywordMain.groovy:64)
	at com.kms.katalon.core.webui.keyword.builtin.VerifyTextPresentKeyword$_verifyTextPresent_closure1.doCall(VerifyTextPresentKeyword.groovy:79)
	at com.kms.katalon.core.webui.keyword.builtin.VerifyTextPresentKeyword$_verifyTextPresent_closure1.call(VerifyTextPresentKeyword.groovy)
	at com.kms.katalon.core.webui.keyword.internal.WebUIKeywordMain.runKeyword(WebUIKeywordMain.groovy:20)
	at com.kms.katalon.core.webui.keyword.builtin.VerifyTextPresentKeyword.verifyTextPresent(VerifyTextPresentKeyword.groovy:83)
	at com.kms.katalon.core.webui.keyword.builtin.VerifyTextPresentKeyword.execute(VerifyTextPresentKeyword.groovy:68)
	at com.kms.katalon.core.keyword.internal.KeywordExecutor.executeKeywordForPlatform(KeywordExecutor.groovy:74)
	at com.kms.katalon.core.webui.keyword.WebUiBuiltInKeywords.verifyTextPresent(WebUiBuiltInKeywords.groovy:1723)
	at com.kms.katalon.core.webui.keyword.WebUiBuiltInKeywords$verifyTextPresent$4.call(Unknown Source)
	at Sale.run(Sale:161)
	at com.kms.katalon.core.main.ScriptEngine.run(ScriptEngine.java:194)
	at com.kms.katalon.core.main.ScriptEngine.runScriptAsRawText(ScriptEngine.java:119)
	at com.kms.katalon.core.main.TestCaseExecutor.runScript(TestCaseExecutor.java:442)
	at com.kms.katalon.core.main.TestCaseExecutor.doExecute(TestCaseExecutor.java:433)
	at com.kms.katalon.core.main.TestCaseExecutor.processExecutionPhase(TestCaseExecutor.java:412)
	at com.kms.katalon.core.main.TestCaseExecutor.accessMainPhase(TestCaseExecutor.java:404)
	at com.kms.katalon.core.main.TestCaseExecutor.execute(TestCaseExecutor.java:281)
	at com.kms.katalon.core.main.TestSuiteExecutor.accessTestCaseMainPhase(TestSuiteExecutor.java:202)
	at com.kms.katalon.core.main.TestSuiteExecutor.accessTestSuiteMainPhase(TestSuiteExecutor.java:164)
	at com.kms.katalon.core.main.TestSuiteExecutor.execute(TestSuiteExecutor.java:105)
	at com.kms.katalon.core.main.TestCaseMain.startTestSuite(TestCaseMain.java:185)
	at com.kms.katalon.core.main.TestCaseMain$startTestSuite$0.call(Unknown Source)
	at TempTestSuite1677626298320.run(TempTestSuite1677626298320.groovy:36)
Caused by: com.kms.katalon.core.exception.StepFailedException: Text 'Transaction approved, no errors' is not present on page  using regular expression
	... 23 more
"/>
         <system-out><![CDATA[2023-02-28 18:21:30 - [TEST_CASE][FAILED] - Test Cases/RecAndPlayBk/VLink/Sale: Test Cases/RecAndPlayBk/VLink/Sale FAILED.
Reason:
com.kms.katalon.core.exception.StepFailedException: Text 'Transaction approved, no errors' is not present on page  using regular expression (Root cause: com.kms.katalon.core.exception.StepFailedException: Text 'Transaction approved, no errors' is not present on page  using regular expression
	at com.kms.katalon.core.webui.keyword.internal.WebUIKeywordMain.stepFailed(WebUIKeywordMain.groovy:64)
	at com.kms.katalon.core.webui.keyword.builtin.VerifyTextPresentKeyword$_verifyTextPresent_closure1.doCall(VerifyTextPresentKeyword.groovy:79)
	at com.kms.katalon.core.webui.keyword.builtin.VerifyTextPresentKeyword$_verifyTextPresent_closure1.call(VerifyTextPresentKeyword.groovy)
	at com.kms.katalon.core.webui.keyword.internal.WebUIKeywordMain.runKeyword(WebUIKeywordMain.groovy:20)
	at com.kms.katalon.core.webui.keyword.builtin.VerifyTextPresentKeyword.verifyTextPresent(VerifyTextPresentKeyword.groovy:83)
	at com.kms.katalon.core.webui.keyword.builtin.VerifyTextPresentKeyword.execute(VerifyTextPresentKeyword.groovy:68)
	at com.kms.katalon.core.keyword.internal.KeywordExecutor.executeKeywordForPlatform(KeywordExecutor.groovy:74)
	at com.kms.katalon.core.webui.keyword.WebUiBuiltInKeywords.verifyTextPresent(WebUiBuiltInKeywords.groovy:1723)
	at com.kms.katalon.core.webui.keyword.WebUiBuiltInKeywords$verifyTextPresent$4.call(Unknown Source)
	at Sale.run(Sale:161)
	at com.kms.katalon.core.main.ScriptEngine.run(ScriptEngine.java:194)
	at com.kms.katalon.core.main.ScriptEngine.runScriptAsRawText(ScriptEngine.java:119)
	at com.kms.katalon.core.main.TestCaseExecutor.runScript(TestCaseExecutor.java:442)
	at com.kms.katalon.core.main.TestCaseExecutor.doExecute(TestCaseExecutor.java:433)
	at com.kms.katalon.core.main.TestCaseExecutor.processExecutionPhase(TestCaseExecutor.java:412)
	at com.kms.katalon.core.main.TestCaseExecutor.accessMainPhase(TestCaseExecutor.java:404)
	at com.kms.katalon.core.main.TestCaseExecutor.execute(TestCaseExecutor.java:281)
	at com.kms.katalon.core.main.TestSuiteExecutor.accessTestCaseMainPhase(TestSuiteExecutor.java:202)
	at com.kms.katalon.core.main.TestSuiteExecutor.accessTestSuiteMainPhase(TestSuiteExecutor.java:164)
	at com.kms.katalon.core.main.TestSuiteExecutor.execute(TestSuiteExecutor.java:105)
	at com.kms.katalon.core.main.TestCaseMain.startTestSuite(TestCaseMain.java:185)
	at com.kms.katalon.core.main.TestCaseMain$startTestSuite$0.call(Unknown Source)
	at TempTestSuite1677626298320.run(TempTestSuite1677626298320.groovy:36)
)
	at com.kms.katalon.core.keyword.internal.KeywordMain.stepFailed(KeywordMain.groovy:39)
	at com.kms.katalon.core.webui.keyword.internal.WebUIKeywordMain.stepFailed(WebUIKeywordMain.groovy:64)
	at com.kms.katalon.core.webui.keyword.builtin.VerifyTextPresentKeyword$_verifyTextPresent_closure1.doCall(VerifyTextPresentKeyword.groovy:79)
	at com.kms.katalon.core.webui.keyword.builtin.VerifyTextPresentKeyword$_verifyTextPresent_closure1.call(VerifyTextPresentKeyword.groovy)
	at com.kms.katalon.core.webui.keyword.internal.WebUIKeywordMain.runKeyword(WebUIKeywordMain.groovy:20)
	at com.kms.katalon.core.webui.keyword.builtin.VerifyTextPresentKeyword.verifyTextPresent(VerifyTextPresentKeyword.groovy:83)
	at com.kms.katalon.core.webui.keyword.builtin.VerifyTextPresentKeyword.execute(VerifyTextPresentKeyword.groovy:68)
	at com.kms.katalon.core.keyword.internal.KeywordExecutor.executeKeywordForPlatform(KeywordExecutor.groovy:74)
	at com.kms.katalon.core.webui.keyword.WebUiBuiltInKeywords.verifyTextPresent(WebUiBuiltInKeywords.groovy:1723)
	at com.kms.katalon.core.webui.keyword.WebUiBuiltInKeywords$verifyTextPresent$4.call(Unknown Source)
	at Sale.run(Sale:161)
	at com.kms.katalon.core.main.ScriptEngine.run(ScriptEngine.java:194)
	at com.kms.katalon.core.main.ScriptEngine.runScriptAsRawText(ScriptEngine.java:119)
	at com.kms.katalon.core.main.TestCaseExecutor.runScript(TestCaseExecutor.java:442)
	at com.kms.katalon.core.main.TestCaseExecutor.doExecute(TestCaseExecutor.java:433)
	at com.kms.katalon.core.main.TestCaseExecutor.processExecutionPhase(TestCaseExecutor.java:412)
	at com.kms.katalon.core.main.TestCaseExecutor.accessMainPhase(TestCaseExecutor.java:404)
	at com.kms.katalon.core.main.TestCaseExecutor.execute(TestCaseExecutor.java:281)
	at com.kms.katalon.core.main.TestSuiteExecutor.accessTestCaseMainPhase(TestSuiteExecutor.java:202)
	at com.kms.katalon.core.main.TestSuiteExecutor.accessTestSuiteMainPhase(TestSuiteExecutor.java:164)
	at com.kms.katalon.core.main.TestSuiteExecutor.execute(TestSuiteExecutor.java:105)
	at com.kms.katalon.core.main.TestCaseMain.startTestSuite(TestCaseMain.java:185)
	at com.kms.katalon.core.main.TestCaseMain$startTestSuite$0.call(Unknown Source)
	at TempTestSuite1677626298320.run(TempTestSuite1677626298320.groovy:36)
Caused by: com.kms.katalon.core.exception.StepFailedException: Text 'Transaction approved, no errors' is not present on page  using regular expression
	... 23 more


2023-02-28 18:21:30 - [TEST_STEP][PASSED] - executionProfile = getExecutionProfile(): null

2023-02-28 18:21:30 - [TEST_STEP][PASSED] - out.println("executionProfile : " + executionProfile): null

2023-02-28 18:21:30 - [TEST_STEP][PASSED] - appName = <not implemented yet for class: org.codehaus.groovy.ast.expr.EmptyExpression>: null

2023-02-28 18:21:30 - [TEST_STEP][PASSED] - appID = <not implemented yet for class: org.codehaus.groovy.ast.expr.EmptyExpression>: null

2023-02-28 18:21:30 - [TEST_STEP][PASSED] - username = <not implemented yet for class: org.codehaus.groovy.ast.expr.EmptyExpression>: null

2023-02-28 18:21:30 - [TEST_STEP][PASSED] - password = <not implemented yet for class: org.codehaus.groovy.ast.expr.EmptyExpression>: null

2023-02-28 18:21:30 - [TEST_STEP][PASSED] - cardNameV = <not implemented yet for class: org.codehaus.groovy.ast.expr.EmptyExpression>: null

2023-02-28 18:21:30 - [TEST_STEP][PASSED] - al1V = <not implemented yet for class: org.codehaus.groovy.ast.expr.EmptyExpression>: null

2023-02-28 18:21:30 - [TEST_STEP][PASSED] - al2V = <not implemented yet for class: org.codehaus.groovy.ast.expr.EmptyExpression>: null

2023-02-28 18:21:30 - [TEST_STEP][PASSED] - zipV = <not implemented yet for class: org.codehaus.groovy.ast.expr.EmptyExpression>: null

2023-02-28 18:21:30 - [TEST_STEP][PASSED] - cardTypeV = <not implemented yet for class: org.codehaus.groovy.ast.expr.EmptyExpression>: null

2023-02-28 18:21:30 - [TEST_STEP][PASSED] - last4V = <not implemented yet for class: org.codehaus.groovy.ast.expr.EmptyExpression>: null

2023-02-28 18:21:30 - [TEST_STEP][PASSED] - resText = "Fail": null

2023-02-28 18:21:30 - [TEST_STEP][PASSED] - resColumn = "Result": null

2023-02-28 18:21:30 - [TEST_STEP][PASSED] - datCloumn = "Date": null

2023-02-28 18:21:30 - [TEST_STEP][PASSED] - fileLoc = "KatalonData/VLinkSmokeData.xlsx": null

2023-02-28 18:21:30 - [TEST_STEP][PASSED] - numOfRows = <not implemented yet for class: org.codehaus.groovy.ast.expr.EmptyExpression>: null

2023-02-28 18:21:30 - [TEST_STEP][PASSED] - dataFile = <not implemented yet for class: org.codehaus.groovy.ast.expr.EmptyExpression>: null

2023-02-28 18:21:30 - [TEST_STEP][PASSED] - nameSheet = <not implemented yet for class: org.codehaus.groovy.ast.expr.EmptyExpression>: null

2023-02-28 18:21:30 - [TEST_STEP][PASSED] - nameSheet = "Sale": null

2023-02-28 18:21:30 - [TEST_STEP][PASSED] - numOfRows = findTestData("QA/VLinkTestData/VLinkSaleData").getRowNumbers(): null

2023-02-28 18:21:30 - [TEST_STEP][PASSED] - println("Number of Records: " + numOfRows): null

2023-02-28 18:21:30 - [TEST_STEP][PASSED] - dataFile = "QA/VLinkTestData/VLinkSaleData": null

2023-02-28 18:21:30 - [TEST_STEP][FAILED] - for ([row = 1, row <= numOfRows, (row++)]): null

2023-02-28 18:21:30 - [TEST_STEP][PASSED] - ExecuteTC = findTestData(dataFile).getValue("Execute", row): null

2023-02-28 18:21:30 - [TEST_STEP][PASSED] - out.println("Value of Execute is : " + ExecuteTC): null

2023-02-28 18:21:30 - [TEST_STEP][PASSED] - switch (executionProfile): null

2023-02-28 18:21:30 - [TEST_STEP][PASSED] - case "Demo2Profile":: null

2023-02-28 18:21:30 - [TEST_STEP][PASSED] - appID = findTestData(dataFile).getValue("AppIDDemo", row): null

2023-02-28 18:21:31 - [TEST_STEP][PASSED] - username = findTestData(dataFile).getValue("UsernameDemo", row): null

2023-02-28 18:21:31 - [TEST_STEP][PASSED] - password = findTestData(dataFile).getValue("PasswordDemo", row): null

2023-02-28 18:21:31 - [TEST_STEP][PASSED] - break: null

2023-02-28 18:21:31 - [TEST_STEP][PASSED] - if (ExecuteTC.equalsIgnoreCase("Y")): null

2023-02-28 18:21:31 - [TEST_STEP][PASSED] - out.println("Begin Record Number: " + row): null

2023-02-28 18:21:31 - [TEST_STEP][PASSED] - today = new java.util.Date(): null

2023-02-28 18:21:31 - [TEST_STEP][PASSED] - println(today): null

2023-02-28 18:21:31 - [TEST_STEP][PASSED] - datText = today: null

2023-02-28 18:21:31 - [TEST_STEP][PASSED] - category = findTestData(dataFile).getValue("Category", row): null

2023-02-28 18:21:31 - [TEST_STEP][PASSED] - amount = findTestData(dataFile).getValue("Amount", row): null

2023-02-28 18:21:31 - [TEST_STEP][PASSED] - cardNumber = findTestData(dataFile).getValue("CardNumber", row): null

2023-02-28 18:21:31 - [TEST_STEP][PASSED] - exM = findTestData(dataFile).getValue("ExM", row): null

2023-02-28 18:21:31 - [TEST_STEP][PASSED] - exY = findTestData(dataFile).getValue("ExY", row): null

2023-02-28 18:21:31 - [TEST_STEP][PASSED] - openBrowser(VLinkURL + "authcap.html"): Browser is opened with url: 'https://dev-algorithm.govolution.com/vlinktest/demo2/version_2_0/authcap.html'

2023-02-28 18:21:31 - [MESSAGE][WARNING] - A browser is already opened. Closing browser and opening a new one

2023-02-28 18:21:32 - [MESSAGE][INFO] - Starting 'Chrome' driver

2023-02-28 18:21:32 - [MESSAGE][INFO] - User set preference: ['acceptInsecureCerts', 'true']

2023-02-28 18:21:32 - [MESSAGE][INFO] - Action delay is set to 0 milliseconds

2023-02-28 18:21:34 - [MESSAGE][PASSED] - Browser is opened with url: 'https://dev-algorithm.govolution.com/vlinktest/demo2/version_2_0/authcap.html'

2023-02-28 18:21:34 - [TEST_STEP][PASSED] - maximizeWindow(): Current window maximized

2023-02-28 18:21:34 - [MESSAGE][PASSED] - Current window maximized

2023-02-28 18:21:34 - [TEST_STEP][PASSED] - maximizeWindow(): Current window maximized

2023-02-28 18:21:34 - [MESSAGE][PASSED] - Current window maximized

2023-02-28 18:21:34 - [TEST_STEP][PASSED] - genRemID = RandomStringUtils.random(12, true, true): null

2023-02-28 18:21:34 - [TEST_STEP][PASSED] - setText(findTestObject("Object Repository/RecAndPlayBk/Page-Vlink-Sale/input_Remittance Id_remittance_id"), genRemID): Text 'ScGaktlcPPmQ' is set on object 'Object Repository/RecAndPlayBk/Page-Vlink-Sale/input_Remittance Id_remittance_id'

2023-02-28 18:21:35 - [MESSAGE][PASSED] - Text 'ScGaktlcPPmQ' is set on object 'Object Repository/RecAndPlayBk/Page-Vlink-Sale/input_Remittance Id_remittance_id'

2023-02-28 18:21:35 - [TEST_STEP][PASSED] - setText(findTestObject("Object Repository/RecAndPlayBk/Page-Vlink-Sale/input_Application Id_application_id"), appID): Text '1773' is set on object 'Object Repository/RecAndPlayBk/Page-Vlink-Sale/input_Application Id_application_id'

2023-02-28 18:21:36 - [MESSAGE][PASSED] - Text '1773' is set on object 'Object Repository/RecAndPlayBk/Page-Vlink-Sale/input_Application Id_application_id'

2023-02-28 18:21:36 - [TEST_STEP][PASSED] - setText(findTestObject("Object Repository/RecAndPlayBk/Page-Vlink-Sale/input_Username_username"), username): Text 'Qq2BV1qtr' is set on object 'Object Repository/RecAndPlayBk/Page-Vlink-Sale/input_Username_username'

2023-02-28 18:21:36 - [MESSAGE][PASSED] - Text 'Qq2BV1qtr' is set on object 'Object Repository/RecAndPlayBk/Page-Vlink-Sale/input_Username_username'

2023-02-28 18:21:36 - [TEST_STEP][PASSED] - setText(findTestObject("Object Repository/RecAndPlayBk/Page-Vlink-Sale/input_Password_password"), password): Text 'tUmWBiLUx' is set on object 'Object Repository/RecAndPlayBk/Page-Vlink-Sale/input_Password_password'

2023-02-28 18:21:37 - [MESSAGE][PASSED] - Text 'tUmWBiLUx' is set on object 'Object Repository/RecAndPlayBk/Page-Vlink-Sale/input_Password_password'

2023-02-28 18:21:37 - [TEST_STEP][PASSED] - setText(findTestObject("Object Repository/RecAndPlayBk/Page-Vlink-Sale/input_Category_category"), category): Text 'ECOM' is set on object 'Object Repository/RecAndPlayBk/Page-Vlink-Sale/input_Category_category'

2023-02-28 18:21:37 - [MESSAGE][PASSED] - Text 'ECOM' is set on object 'Object Repository/RecAndPlayBk/Page-Vlink-Sale/input_Category_category'

2023-02-28 18:21:37 - [TEST_STEP][PASSED] - setText(findTestObject("Object Repository/RecAndPlayBk/Page-Vlink-Sale/input_Amount_amount"), amount): Text '10.5' is set on object 'Object Repository/RecAndPlayBk/Page-Vlink-Sale/input_Amount_amount'

2023-02-28 18:21:38 - [MESSAGE][PASSED] - Text '10.5' is set on object 'Object Repository/RecAndPlayBk/Page-Vlink-Sale/input_Amount_amount'

2023-02-28 18:21:38 - [TEST_STEP][PASSED] - doubleClick(findTestObject("Object Repository/RecAndPlayBk/Page-Vlink-Sale/input_Card number_card_number")): Object: 'Object Repository/RecAndPlayBk/Page-Vlink-Sale/input_Card number_card_number' is double clicked on

2023-02-28 18:21:38 - [MESSAGE][PASSED] - Object: 'Object Repository/RecAndPlayBk/Page-Vlink-Sale/input_Card number_card_number' is double clicked on

2023-02-28 18:21:38 - [TEST_STEP][PASSED] - setText(findTestObject("Object Repository/RecAndPlayBk/Page-Vlink-Sale/input_Card number_card_number"), cardNumber): Text '4111111111111111' is set on object 'Object Repository/RecAndPlayBk/Page-Vlink-Sale/input_Card number_card_number'

2023-02-28 18:21:39 - [MESSAGE][PASSED] - Text '4111111111111111' is set on object 'Object Repository/RecAndPlayBk/Page-Vlink-Sale/input_Card number_card_number'

2023-02-28 18:21:39 - [TEST_STEP][PASSED] - setText(findTestObject("Object Repository/RecAndPlayBk/Page-Vlink-Sale/input_Card ex month_card_exmo"), exM): Text '12' is set on object 'Object Repository/RecAndPlayBk/Page-Vlink-Sale/input_Card ex month_card_exmo'

2023-02-28 18:21:40 - [MESSAGE][PASSED] - Text '12' is set on object 'Object Repository/RecAndPlayBk/Page-Vlink-Sale/input_Card ex month_card_exmo'

2023-02-28 18:21:40 - [TEST_STEP][PASSED] - setText(findTestObject("Object Repository/RecAndPlayBk/Page-Vlink-Sale/input_Card ex year_card_exyr"), exY): Text '2029' is set on object 'Object Repository/RecAndPlayBk/Page-Vlink-Sale/input_Card ex year_card_exyr'

2023-02-28 18:21:40 - [MESSAGE][PASSED] - Text '2029' is set on object 'Object Repository/RecAndPlayBk/Page-Vlink-Sale/input_Card ex year_card_exyr'

2023-02-28 18:21:40 - [TEST_STEP][PASSED] - click(findTestObject("Object Repository/RecAndPlayBk/Page-Vlink-Sale/input_Track Data_track_data")): Object: 'Object Repository/RecAndPlayBk/Page-Vlink-Sale/input_Track Data_track_data' is clicked on

2023-02-28 18:21:41 - [MESSAGE][PASSED] - Object: 'Object Repository/RecAndPlayBk/Page-Vlink-Sale/input_Track Data_track_data' is clicked on

2023-02-28 18:21:41 - [TEST_STEP][PASSED] - click(findTestObject("Object Repository/RecAndPlayBk/Page-Vlink-Sale/input_CVV state_cvv_state")): Object: 'Object Repository/RecAndPlayBk/Page-Vlink-Sale/input_CVV state_cvv_state' is clicked on

2023-02-28 18:21:41 - [MESSAGE][PASSED] - Object: 'Object Repository/RecAndPlayBk/Page-Vlink-Sale/input_CVV state_cvv_state' is clicked on

2023-02-28 18:21:41 - [TEST_STEP][PASSED] - setText(findTestObject("Object Repository/RecAndPlayBk/Page-Vlink-Sale/input_Track Data_track_data"), ""): Text '' is set on object 'Object Repository/RecAndPlayBk/Page-Vlink-Sale/input_Track Data_track_data'

2023-02-28 18:21:42 - [MESSAGE][PASSED] - Text '' is set on object 'Object Repository/RecAndPlayBk/Page-Vlink-Sale/input_Track Data_track_data'

2023-02-28 18:21:42 - [TEST_STEP][PASSED] - setText(findTestObject("Object Repository/RecAndPlayBk/Page-Vlink-Sale/input_concat(Cardholder, , s email)_email"), ""): Text '' is set on object 'Object Repository/RecAndPlayBk/Page-Vlink-Sale/input_concat(Cardholder, , s email)_email'

2023-02-28 18:21:42 - [MESSAGE][PASSED] - Text '' is set on object 'Object Repository/RecAndPlayBk/Page-Vlink-Sale/input_concat(Cardholder, , s email)_email'

2023-02-28 18:21:42 - [TEST_STEP][PASSED] - click(findTestObject("Object Repository/RecAndPlayBk/Page-Vlink-Sale/input_user_defined10_user_defined10")): Object: 'Object Repository/RecAndPlayBk/Page-Vlink-Sale/input_user_defined10_user_defined10' is clicked on

2023-02-28 18:21:43 - [MESSAGE][PASSED] - Object: 'Object Repository/RecAndPlayBk/Page-Vlink-Sale/input_user_defined10_user_defined10' is clicked on

2023-02-28 18:21:43 - [TEST_STEP][PASSED] - if (executionProfile.equalsIgnoreCase("QAProfile") || executionProfile.equalsIgnoreCase("DemoProfile")): null

2023-02-28 18:21:43 - [TEST_STEP][PASSED] - click(findTestObject("Object Repository/RecAndPlayBk/Page-Vlink-Sale/input")): Object: 'Object Repository/RecAndPlayBk/Page-Vlink-Sale/input' is clicked on

2023-02-28 18:21:44 - [MESSAGE][PASSED] - Object: 'Object Repository/RecAndPlayBk/Page-Vlink-Sale/input' is clicked on

2023-02-28 18:21:44 - [TEST_STEP][PASSED] - if (verifyTextPresent("Transaction approved, no errors", true)): null

2023-02-28 18:21:44 - [MESSAGE][PASSED] - Text 'Transaction approved, no errors' is present on page  using regular expression

2023-02-28 18:21:44 - [TEST_STEP][PASSED] - println("Transaction Approved, no errors text is present on the Confirmation page"): null

2023-02-28 18:21:44 - [TEST_STEP][PASSED] - out.println("Pass Record Number: " + row): null

2023-02-28 18:21:44 - [TEST_STEP][PASSED] - resText = "Pass": null

2023-02-28 18:21:44 - [TEST_STEP][PASSED] - pages.WriteExcel.demoKey(resText, datText, resColumn, datCloumn, fileLoc, nameSheet, row): pages.WriteExcel.demoKey is PASSED

2023-02-28 18:21:44 - [MESSAGE][PASSED] - pages.WriteExcel.demoKey is PASSED

2023-02-28 18:21:44 - [TEST_STEP][PASSED] - ExecuteTC = findTestData(dataFile).getValue("Execute", row): null

2023-02-28 18:21:44 - [TEST_STEP][PASSED] - out.println("Value of Execute is : " + ExecuteTC): null

2023-02-28 18:21:44 - [TEST_STEP][PASSED] - switch (executionProfile): null

2023-02-28 18:21:44 - [TEST_STEP][PASSED] - case "Demo2Profile":: null

2023-02-28 18:21:44 - [TEST_STEP][PASSED] - appID = findTestData(dataFile).getValue("AppIDDemo", row): null

2023-02-28 18:21:44 - [TEST_STEP][PASSED] - username = findTestData(dataFile).getValue("UsernameDemo", row): null

2023-02-28 18:21:44 - [TEST_STEP][PASSED] - password = findTestData(dataFile).getValue("PasswordDemo", row): null

2023-02-28 18:21:44 - [TEST_STEP][PASSED] - break: null

2023-02-28 18:21:44 - [TEST_STEP][PASSED] - if (ExecuteTC.equalsIgnoreCase("Y")): null

2023-02-28 18:21:44 - [TEST_STEP][PASSED] - out.println("Begin Record Number: " + row): null

2023-02-28 18:21:44 - [TEST_STEP][PASSED] - today = new java.util.Date(): null

2023-02-28 18:21:44 - [TEST_STEP][PASSED] - println(today): null

2023-02-28 18:21:44 - [TEST_STEP][PASSED] - datText = today: null

2023-02-28 18:21:44 - [TEST_STEP][PASSED] - category = findTestData(dataFile).getValue("Category", row): null

2023-02-28 18:21:44 - [TEST_STEP][PASSED] - amount = findTestData(dataFile).getValue("Amount", row): null

2023-02-28 18:21:45 - [TEST_STEP][PASSED] - cardNumber = findTestData(dataFile).getValue("CardNumber", row): null

2023-02-28 18:21:45 - [TEST_STEP][PASSED] - exM = findTestData(dataFile).getValue("ExM", row): null

2023-02-28 18:21:45 - [TEST_STEP][PASSED] - exY = findTestData(dataFile).getValue("ExY", row): null

2023-02-28 18:21:45 - [TEST_STEP][PASSED] - openBrowser(VLinkURL + "authcap.html"): Browser is opened with url: 'https://dev-algorithm.govolution.com/vlinktest/demo2/version_2_0/authcap.html'

2023-02-28 18:21:45 - [MESSAGE][WARNING] - A browser is already opened. Closing browser and opening a new one

2023-02-28 18:21:46 - [MESSAGE][INFO] - Starting 'Chrome' driver

2023-02-28 18:21:46 - [MESSAGE][INFO] - User set preference: ['acceptInsecureCerts', 'true']

2023-02-28 18:21:46 - [MESSAGE][INFO] - Action delay is set to 0 milliseconds

2023-02-28 18:21:48 - [MESSAGE][PASSED] - Browser is opened with url: 'https://dev-algorithm.govolution.com/vlinktest/demo2/version_2_0/authcap.html'

2023-02-28 18:21:48 - [TEST_STEP][PASSED] - maximizeWindow(): Current window maximized

2023-02-28 18:21:48 - [MESSAGE][PASSED] - Current window maximized

2023-02-28 18:21:48 - [TEST_STEP][PASSED] - maximizeWindow(): Current window maximized

2023-02-28 18:21:48 - [MESSAGE][PASSED] - Current window maximized

2023-02-28 18:21:48 - [TEST_STEP][PASSED] - genRemID = RandomStringUtils.random(12, true, true): null

2023-02-28 18:21:48 - [TEST_STEP][PASSED] - setText(findTestObject("Object Repository/RecAndPlayBk/Page-Vlink-Sale/input_Remittance Id_remittance_id"), genRemID): Text 'XJWJhRxlJuOM' is set on object 'Object Repository/RecAndPlayBk/Page-Vlink-Sale/input_Remittance Id_remittance_id'

2023-02-28 18:21:49 - [MESSAGE][PASSED] - Text 'XJWJhRxlJuOM' is set on object 'Object Repository/RecAndPlayBk/Page-Vlink-Sale/input_Remittance Id_remittance_id'

2023-02-28 18:21:49 - [TEST_STEP][PASSED] - setText(findTestObject("Object Repository/RecAndPlayBk/Page-Vlink-Sale/input_Application Id_application_id"), appID): Text '1773' is set on object 'Object Repository/RecAndPlayBk/Page-Vlink-Sale/input_Application Id_application_id'

2023-02-28 18:21:49 - [MESSAGE][PASSED] - Text '1773' is set on object 'Object Repository/RecAndPlayBk/Page-Vlink-Sale/input_Application Id_application_id'

2023-02-28 18:21:49 - [TEST_STEP][PASSED] - setText(findTestObject("Object Repository/RecAndPlayBk/Page-Vlink-Sale/input_Username_username"), username): Text 'Qq2BV1qtr' is set on object 'Object Repository/RecAndPlayBk/Page-Vlink-Sale/input_Username_username'

2023-02-28 18:21:50 - [MESSAGE][PASSED] - Text 'Qq2BV1qtr' is set on object 'Object Repository/RecAndPlayBk/Page-Vlink-Sale/input_Username_username'

2023-02-28 18:21:50 - [TEST_STEP][PASSED] - setText(findTestObject("Object Repository/RecAndPlayBk/Page-Vlink-Sale/input_Password_password"), password): Text 'tUmWBiLUx' is set on object 'Object Repository/RecAndPlayBk/Page-Vlink-Sale/input_Password_password'

2023-02-28 18:21:51 - [MESSAGE][PASSED] - Text 'tUmWBiLUx' is set on object 'Object Repository/RecAndPlayBk/Page-Vlink-Sale/input_Password_password'

2023-02-28 18:21:51 - [TEST_STEP][PASSED] - setText(findTestObject("Object Repository/RecAndPlayBk/Page-Vlink-Sale/input_Category_category"), category): Text 'MOTO' is set on object 'Object Repository/RecAndPlayBk/Page-Vlink-Sale/input_Category_category'

2023-02-28 18:21:51 - [MESSAGE][PASSED] - Text 'MOTO' is set on object 'Object Repository/RecAndPlayBk/Page-Vlink-Sale/input_Category_category'

2023-02-28 18:21:51 - [TEST_STEP][PASSED] - setText(findTestObject("Object Repository/RecAndPlayBk/Page-Vlink-Sale/input_Amount_amount"), amount): Text '10.5' is set on object 'Object Repository/RecAndPlayBk/Page-Vlink-Sale/input_Amount_amount'

2023-02-28 18:21:52 - [MESSAGE][PASSED] - Text '10.5' is set on object 'Object Repository/RecAndPlayBk/Page-Vlink-Sale/input_Amount_amount'

2023-02-28 18:21:52 - [TEST_STEP][PASSED] - doubleClick(findTestObject("Object Repository/RecAndPlayBk/Page-Vlink-Sale/input_Card number_card_number")): Object: 'Object Repository/RecAndPlayBk/Page-Vlink-Sale/input_Card number_card_number' is double clicked on

2023-02-28 18:21:52 - [MESSAGE][PASSED] - Object: 'Object Repository/RecAndPlayBk/Page-Vlink-Sale/input_Card number_card_number' is double clicked on

2023-02-28 18:21:52 - [TEST_STEP][PASSED] - setText(findTestObject("Object Repository/RecAndPlayBk/Page-Vlink-Sale/input_Card number_card_number"), cardNumber): Text '5424000000000015' is set on object 'Object Repository/RecAndPlayBk/Page-Vlink-Sale/input_Card number_card_number'

2023-02-28 18:21:53 - [MESSAGE][PASSED] - Text '5424000000000015' is set on object 'Object Repository/RecAndPlayBk/Page-Vlink-Sale/input_Card number_card_number'

2023-02-28 18:21:53 - [TEST_STEP][PASSED] - setText(findTestObject("Object Repository/RecAndPlayBk/Page-Vlink-Sale/input_Card ex month_card_exmo"), exM): Text '12' is set on object 'Object Repository/RecAndPlayBk/Page-Vlink-Sale/input_Card ex month_card_exmo'

2023-02-28 18:21:54 - [MESSAGE][PASSED] - Text '12' is set on object 'Object Repository/RecAndPlayBk/Page-Vlink-Sale/input_Card ex month_card_exmo'

2023-02-28 18:21:54 - [TEST_STEP][PASSED] - setText(findTestObject("Object Repository/RecAndPlayBk/Page-Vlink-Sale/input_Card ex year_card_exyr"), exY): Text '2029' is set on object 'Object Repository/RecAndPlayBk/Page-Vlink-Sale/input_Card ex year_card_exyr'

2023-02-28 18:21:54 - [MESSAGE][PASSED] - Text '2029' is set on object 'Object Repository/RecAndPlayBk/Page-Vlink-Sale/input_Card ex year_card_exyr'

2023-02-28 18:21:54 - [TEST_STEP][PASSED] - click(findTestObject("Object Repository/RecAndPlayBk/Page-Vlink-Sale/input_Track Data_track_data")): Object: 'Object Repository/RecAndPlayBk/Page-Vlink-Sale/input_Track Data_track_data' is clicked on

2023-02-28 18:21:54 - [MESSAGE][PASSED] - Object: 'Object Repository/RecAndPlayBk/Page-Vlink-Sale/input_Track Data_track_data' is clicked on

2023-02-28 18:21:54 - [TEST_STEP][PASSED] - click(findTestObject("Object Repository/RecAndPlayBk/Page-Vlink-Sale/input_CVV state_cvv_state")): Object: 'Object Repository/RecAndPlayBk/Page-Vlink-Sale/input_CVV state_cvv_state' is clicked on

2023-02-28 18:21:55 - [MESSAGE][PASSED] - Object: 'Object Repository/RecAndPlayBk/Page-Vlink-Sale/input_CVV state_cvv_state' is clicked on

2023-02-28 18:21:55 - [TEST_STEP][PASSED] - setText(findTestObject("Object Repository/RecAndPlayBk/Page-Vlink-Sale/input_Track Data_track_data"), ""): Text '' is set on object 'Object Repository/RecAndPlayBk/Page-Vlink-Sale/input_Track Data_track_data'

2023-02-28 18:21:55 - [MESSAGE][PASSED] - Text '' is set on object 'Object Repository/RecAndPlayBk/Page-Vlink-Sale/input_Track Data_track_data'

2023-02-28 18:21:55 - [TEST_STEP][PASSED] - setText(findTestObject("Object Repository/RecAndPlayBk/Page-Vlink-Sale/input_concat(Cardholder, , s email)_email"), ""): Text '' is set on object 'Object Repository/RecAndPlayBk/Page-Vlink-Sale/input_concat(Cardholder, , s email)_email'

2023-02-28 18:21:56 - [MESSAGE][PASSED] - Text '' is set on object 'Object Repository/RecAndPlayBk/Page-Vlink-Sale/input_concat(Cardholder, , s email)_email'

2023-02-28 18:21:56 - [TEST_STEP][PASSED] - click(findTestObject("Object Repository/RecAndPlayBk/Page-Vlink-Sale/input_user_defined10_user_defined10")): Object: 'Object Repository/RecAndPlayBk/Page-Vlink-Sale/input_user_defined10_user_defined10' is clicked on

2023-02-28 18:21:56 - [MESSAGE][PASSED] - Object: 'Object Repository/RecAndPlayBk/Page-Vlink-Sale/input_user_defined10_user_defined10' is clicked on

2023-02-28 18:21:56 - [TEST_STEP][PASSED] - if (executionProfile.equalsIgnoreCase("QAProfile") || executionProfile.equalsIgnoreCase("DemoProfile")): null

2023-02-28 18:21:56 - [TEST_STEP][PASSED] - click(findTestObject("Object Repository/RecAndPlayBk/Page-Vlink-Sale/input")): Object: 'Object Repository/RecAndPlayBk/Page-Vlink-Sale/input' is clicked on

2023-02-28 18:21:58 - [MESSAGE][PASSED] - Object: 'Object Repository/RecAndPlayBk/Page-Vlink-Sale/input' is clicked on

2023-02-28 18:21:58 - [TEST_STEP][PASSED] - if (verifyTextPresent("Transaction approved, no errors", true)): null

2023-02-28 18:21:58 - [MESSAGE][PASSED] - Text 'Transaction approved, no errors' is present on page  using regular expression

2023-02-28 18:21:58 - [TEST_STEP][PASSED] - println("Transaction Approved, no errors text is present on the Confirmation page"): null

2023-02-28 18:21:58 - [TEST_STEP][PASSED] - out.println("Pass Record Number: " + row): null

2023-02-28 18:21:58 - [TEST_STEP][PASSED] - resText = "Pass": null

2023-02-28 18:21:58 - [TEST_STEP][PASSED] - pages.WriteExcel.demoKey(resText, datText, resColumn, datCloumn, fileLoc, nameSheet, row): pages.WriteExcel.demoKey is PASSED

2023-02-28 18:21:58 - [MESSAGE][PASSED] - pages.WriteExcel.demoKey is PASSED

2023-02-28 18:21:58 - [TEST_STEP][PASSED] - ExecuteTC = findTestData(dataFile).getValue("Execute", row): null

2023-02-28 18:21:58 - [TEST_STEP][PASSED] - out.println("Value of Execute is : " + ExecuteTC): null

2023-02-28 18:21:58 - [TEST_STEP][PASSED] - switch (executionProfile): null

2023-02-28 18:21:58 - [TEST_STEP][PASSED] - case "Demo2Profile":: null

2023-02-28 18:21:58 - [TEST_STEP][PASSED] - appID = findTestData(dataFile).getValue("AppIDDemo", row): null

2023-02-28 18:21:58 - [TEST_STEP][PASSED] - username = findTestData(dataFile).getValue("UsernameDemo", row): null

2023-02-28 18:21:58 - [TEST_STEP][PASSED] - password = findTestData(dataFile).getValue("PasswordDemo", row): null

2023-02-28 18:21:58 - [TEST_STEP][PASSED] - break: null

2023-02-28 18:21:58 - [TEST_STEP][PASSED] - if (ExecuteTC.equalsIgnoreCase("Y")): null

2023-02-28 18:21:58 - [TEST_STEP][PASSED] - out.println("Begin Record Number: " + row): null

2023-02-28 18:21:58 - [TEST_STEP][PASSED] - today = new java.util.Date(): null

2023-02-28 18:21:58 - [TEST_STEP][PASSED] - println(today): null

2023-02-28 18:21:58 - [TEST_STEP][PASSED] - datText = today: null

2023-02-28 18:21:58 - [TEST_STEP][PASSED] - category = findTestData(dataFile).getValue("Category", row): null

2023-02-28 18:21:59 - [TEST_STEP][PASSED] - amount = findTestData(dataFile).getValue("Amount", row): null

2023-02-28 18:21:59 - [TEST_STEP][PASSED] - cardNumber = findTestData(dataFile).getValue("CardNumber", row): null

2023-02-28 18:21:59 - [TEST_STEP][PASSED] - exM = findTestData(dataFile).getValue("ExM", row): null

2023-02-28 18:21:59 - [TEST_STEP][PASSED] - exY = findTestData(dataFile).getValue("ExY", row): null

2023-02-28 18:21:59 - [TEST_STEP][PASSED] - openBrowser(VLinkURL + "authcap.html"): Browser is opened with url: 'https://dev-algorithm.govolution.com/vlinktest/demo2/version_2_0/authcap.html'

2023-02-28 18:21:59 - [MESSAGE][WARNING] - A browser is already opened. Closing browser and opening a new one

2023-02-28 18:22:00 - [MESSAGE][INFO] - Starting 'Chrome' driver

2023-02-28 18:22:00 - [MESSAGE][INFO] - User set preference: ['acceptInsecureCerts', 'true']

2023-02-28 18:22:00 - [MESSAGE][INFO] - Action delay is set to 0 milliseconds

2023-02-28 18:22:02 - [MESSAGE][PASSED] - Browser is opened with url: 'https://dev-algorithm.govolution.com/vlinktest/demo2/version_2_0/authcap.html'

2023-02-28 18:22:02 - [TEST_STEP][PASSED] - maximizeWindow(): Current window maximized

2023-02-28 18:22:02 - [MESSAGE][PASSED] - Current window maximized

2023-02-28 18:22:02 - [TEST_STEP][PASSED] - maximizeWindow(): Current window maximized

2023-02-28 18:22:02 - [MESSAGE][PASSED] - Current window maximized

2023-02-28 18:22:02 - [TEST_STEP][PASSED] - genRemID = RandomStringUtils.random(12, true, true): null

2023-02-28 18:22:02 - [TEST_STEP][PASSED] - setText(findTestObject("Object Repository/RecAndPlayBk/Page-Vlink-Sale/input_Remittance Id_remittance_id"), genRemID): Text 'q4FY5Ijdfcgr' is set on object 'Object Repository/RecAndPlayBk/Page-Vlink-Sale/input_Remittance Id_remittance_id'

2023-02-28 18:22:02 - [MESSAGE][PASSED] - Text 'q4FY5Ijdfcgr' is set on object 'Object Repository/RecAndPlayBk/Page-Vlink-Sale/input_Remittance Id_remittance_id'

2023-02-28 18:22:02 - [TEST_STEP][PASSED] - setText(findTestObject("Object Repository/RecAndPlayBk/Page-Vlink-Sale/input_Application Id_application_id"), appID): Text '1773' is set on object 'Object Repository/RecAndPlayBk/Page-Vlink-Sale/input_Application Id_application_id'

2023-02-28 18:22:03 - [MESSAGE][PASSED] - Text '1773' is set on object 'Object Repository/RecAndPlayBk/Page-Vlink-Sale/input_Application Id_application_id'

2023-02-28 18:22:03 - [TEST_STEP][PASSED] - setText(findTestObject("Object Repository/RecAndPlayBk/Page-Vlink-Sale/input_Username_username"), username): Text 'Qq2BV1qtr' is set on object 'Object Repository/RecAndPlayBk/Page-Vlink-Sale/input_Username_username'

2023-02-28 18:22:04 - [MESSAGE][PASSED] - Text 'Qq2BV1qtr' is set on object 'Object Repository/RecAndPlayBk/Page-Vlink-Sale/input_Username_username'

2023-02-28 18:22:04 - [TEST_STEP][PASSED] - setText(findTestObject("Object Repository/RecAndPlayBk/Page-Vlink-Sale/input_Password_password"), password): Text 'tUmWBiLUx' is set on object 'Object Repository/RecAndPlayBk/Page-Vlink-Sale/input_Password_password'

2023-02-28 18:22:04 - [MESSAGE][PASSED] - Text 'tUmWBiLUx' is set on object 'Object Repository/RecAndPlayBk/Page-Vlink-Sale/input_Password_password'

2023-02-28 18:22:04 - [TEST_STEP][PASSED] - setText(findTestObject("Object Repository/RecAndPlayBk/Page-Vlink-Sale/input_Category_category"), category): Text 'RETL' is set on object 'Object Repository/RecAndPlayBk/Page-Vlink-Sale/input_Category_category'

2023-02-28 18:22:05 - [MESSAGE][PASSED] - Text 'RETL' is set on object 'Object Repository/RecAndPlayBk/Page-Vlink-Sale/input_Category_category'

2023-02-28 18:22:05 - [TEST_STEP][PASSED] - setText(findTestObject("Object Repository/RecAndPlayBk/Page-Vlink-Sale/input_Amount_amount"), amount): Text '10.5' is set on object 'Object Repository/RecAndPlayBk/Page-Vlink-Sale/input_Amount_amount'

2023-02-28 18:22:06 - [MESSAGE][PASSED] - Text '10.5' is set on object 'Object Repository/RecAndPlayBk/Page-Vlink-Sale/input_Amount_amount'

2023-02-28 18:22:06 - [TEST_STEP][PASSED] - doubleClick(findTestObject("Object Repository/RecAndPlayBk/Page-Vlink-Sale/input_Card number_card_number")): Object: 'Object Repository/RecAndPlayBk/Page-Vlink-Sale/input_Card number_card_number' is double clicked on

2023-02-28 18:22:06 - [MESSAGE][PASSED] - Object: 'Object Repository/RecAndPlayBk/Page-Vlink-Sale/input_Card number_card_number' is double clicked on

2023-02-28 18:22:06 - [TEST_STEP][PASSED] - setText(findTestObject("Object Repository/RecAndPlayBk/Page-Vlink-Sale/input_Card number_card_number"), cardNumber): Text '370000000000002' is set on object 'Object Repository/RecAndPlayBk/Page-Vlink-Sale/input_Card number_card_number'

2023-02-28 18:22:07 - [MESSAGE][PASSED] - Text '370000000000002' is set on object 'Object Repository/RecAndPlayBk/Page-Vlink-Sale/input_Card number_card_number'

2023-02-28 18:22:07 - [TEST_STEP][PASSED] - setText(findTestObject("Object Repository/RecAndPlayBk/Page-Vlink-Sale/input_Card ex month_card_exmo"), exM): Text '12' is set on object 'Object Repository/RecAndPlayBk/Page-Vlink-Sale/input_Card ex month_card_exmo'

2023-02-28 18:22:07 - [MESSAGE][PASSED] - Text '12' is set on object 'Object Repository/RecAndPlayBk/Page-Vlink-Sale/input_Card ex month_card_exmo'

2023-02-28 18:22:07 - [TEST_STEP][PASSED] - setText(findTestObject("Object Repository/RecAndPlayBk/Page-Vlink-Sale/input_Card ex year_card_exyr"), exY): Text '2029' is set on object 'Object Repository/RecAndPlayBk/Page-Vlink-Sale/input_Card ex year_card_exyr'

2023-02-28 18:22:08 - [MESSAGE][PASSED] - Text '2029' is set on object 'Object Repository/RecAndPlayBk/Page-Vlink-Sale/input_Card ex year_card_exyr'

2023-02-28 18:22:08 - [TEST_STEP][PASSED] - click(findTestObject("Object Repository/RecAndPlayBk/Page-Vlink-Sale/input_Track Data_track_data")): Object: 'Object Repository/RecAndPlayBk/Page-Vlink-Sale/input_Track Data_track_data' is clicked on

2023-02-28 18:22:08 - [MESSAGE][PASSED] - Object: 'Object Repository/RecAndPlayBk/Page-Vlink-Sale/input_Track Data_track_data' is clicked on

2023-02-28 18:22:08 - [TEST_STEP][PASSED] - click(findTestObject("Object Repository/RecAndPlayBk/Page-Vlink-Sale/input_CVV state_cvv_state")): Object: 'Object Repository/RecAndPlayBk/Page-Vlink-Sale/input_CVV state_cvv_state' is clicked on

2023-02-28 18:22:09 - [MESSAGE][PASSED] - Object: 'Object Repository/RecAndPlayBk/Page-Vlink-Sale/input_CVV state_cvv_state' is clicked on

2023-02-28 18:22:09 - [TEST_STEP][PASSED] - setText(findTestObject("Object Repository/RecAndPlayBk/Page-Vlink-Sale/input_Track Data_track_data"), ""): Text '' is set on object 'Object Repository/RecAndPlayBk/Page-Vlink-Sale/input_Track Data_track_data'

2023-02-28 18:22:09 - [MESSAGE][PASSED] - Text '' is set on object 'Object Repository/RecAndPlayBk/Page-Vlink-Sale/input_Track Data_track_data'

2023-02-28 18:22:09 - [TEST_STEP][PASSED] - setText(findTestObject("Object Repository/RecAndPlayBk/Page-Vlink-Sale/input_concat(Cardholder, , s email)_email"), ""): Text '' is set on object 'Object Repository/RecAndPlayBk/Page-Vlink-Sale/input_concat(Cardholder, , s email)_email'

2023-02-28 18:22:10 - [MESSAGE][PASSED] - Text '' is set on object 'Object Repository/RecAndPlayBk/Page-Vlink-Sale/input_concat(Cardholder, , s email)_email'

2023-02-28 18:22:10 - [TEST_STEP][PASSED] - click(findTestObject("Object Repository/RecAndPlayBk/Page-Vlink-Sale/input_user_defined10_user_defined10")): Object: 'Object Repository/RecAndPlayBk/Page-Vlink-Sale/input_user_defined10_user_defined10' is clicked on

2023-02-28 18:22:10 - [MESSAGE][PASSED] - Object: 'Object Repository/RecAndPlayBk/Page-Vlink-Sale/input_user_defined10_user_defined10' is clicked on

2023-02-28 18:22:10 - [TEST_STEP][PASSED] - if (executionProfile.equalsIgnoreCase("QAProfile") || executionProfile.equalsIgnoreCase("DemoProfile")): null

2023-02-28 18:22:10 - [TEST_STEP][PASSED] - click(findTestObject("Object Repository/RecAndPlayBk/Page-Vlink-Sale/input")): Object: 'Object Repository/RecAndPlayBk/Page-Vlink-Sale/input' is clicked on

2023-02-28 18:22:11 - [MESSAGE][PASSED] - Object: 'Object Repository/RecAndPlayBk/Page-Vlink-Sale/input' is clicked on

2023-02-28 18:22:11 - [TEST_STEP][PASSED] - if (verifyTextPresent("Transaction approved, no errors", true)): null

2023-02-28 18:22:12 - [MESSAGE][PASSED] - Text 'Transaction approved, no errors' is present on page  using regular expression

2023-02-28 18:22:12 - [TEST_STEP][PASSED] - println("Transaction Approved, no errors text is present on the Confirmation page"): null

2023-02-28 18:22:12 - [TEST_STEP][PASSED] - out.println("Pass Record Number: " + row): null

2023-02-28 18:22:12 - [TEST_STEP][PASSED] - resText = "Pass": null

2023-02-28 18:22:12 - [TEST_STEP][PASSED] - pages.WriteExcel.demoKey(resText, datText, resColumn, datCloumn, fileLoc, nameSheet, row): pages.WriteExcel.demoKey is PASSED

2023-02-28 18:22:12 - [MESSAGE][PASSED] - pages.WriteExcel.demoKey is PASSED

2023-02-28 18:22:12 - [TEST_STEP][PASSED] - ExecuteTC = findTestData(dataFile).getValue("Execute", row): null

2023-02-28 18:22:12 - [TEST_STEP][PASSED] - out.println("Value of Execute is : " + ExecuteTC): null

2023-02-28 18:22:12 - [TEST_STEP][PASSED] - switch (executionProfile): null

2023-02-28 18:22:12 - [TEST_STEP][PASSED] - case "Demo2Profile":: null

2023-02-28 18:22:12 - [TEST_STEP][PASSED] - appID = findTestData(dataFile).getValue("AppIDDemo", row): null

2023-02-28 18:22:12 - [TEST_STEP][PASSED] - username = findTestData(dataFile).getValue("UsernameDemo", row): null

2023-02-28 18:22:12 - [TEST_STEP][PASSED] - password = findTestData(dataFile).getValue("PasswordDemo", row): null

2023-02-28 18:22:12 - [TEST_STEP][PASSED] - break: null

2023-02-28 18:22:12 - [TEST_STEP][FAILED] - if (ExecuteTC.equalsIgnoreCase("Y")): null

2023-02-28 18:22:12 - [TEST_STEP][PASSED] - out.println("Begin Record Number: " + row): null

2023-02-28 18:22:12 - [TEST_STEP][PASSED] - today = new java.util.Date(): null

2023-02-28 18:22:12 - [TEST_STEP][PASSED] - println(today): null

2023-02-28 18:22:12 - [TEST_STEP][PASSED] - datText = today: null

2023-02-28 18:22:12 - [TEST_STEP][PASSED] - category = findTestData(dataFile).getValue("Category", row): null

2023-02-28 18:22:12 - [TEST_STEP][PASSED] - amount = findTestData(dataFile).getValue("Amount", row): null

2023-02-28 18:22:12 - [TEST_STEP][PASSED] - cardNumber = findTestData(dataFile).getValue("CardNumber", row): null

2023-02-28 18:22:12 - [TEST_STEP][PASSED] - exM = findTestData(dataFile).getValue("ExM", row): null

2023-02-28 18:22:12 - [TEST_STEP][PASSED] - exY = findTestData(dataFile).getValue("ExY", row): null

2023-02-28 18:22:12 - [TEST_STEP][PASSED] - openBrowser(VLinkURL + "authcap.html"): Browser is opened with url: 'https://dev-algorithm.govolution.com/vlinktest/demo2/version_2_0/authcap.html'

2023-02-28 18:22:12 - [MESSAGE][WARNING] - A browser is already opened. Closing browser and opening a new one

2023-02-28 18:22:13 - [MESSAGE][INFO] - Starting 'Chrome' driver

2023-02-28 18:22:13 - [MESSAGE][INFO] - User set preference: ['acceptInsecureCerts', 'true']

2023-02-28 18:22:13 - [MESSAGE][INFO] - Action delay is set to 0 milliseconds

2023-02-28 18:22:15 - [MESSAGE][PASSED] - Browser is opened with url: 'https://dev-algorithm.govolution.com/vlinktest/demo2/version_2_0/authcap.html'

2023-02-28 18:22:15 - [TEST_STEP][PASSED] - maximizeWindow(): Current window maximized

2023-02-28 18:22:15 - [MESSAGE][PASSED] - Current window maximized

2023-02-28 18:22:15 - [TEST_STEP][PASSED] - maximizeWindow(): Current window maximized

2023-02-28 18:22:15 - [MESSAGE][PASSED] - Current window maximized

2023-02-28 18:22:15 - [TEST_STEP][PASSED] - genRemID = RandomStringUtils.random(12, true, true): null

2023-02-28 18:22:15 - [TEST_STEP][PASSED] - setText(findTestObject("Object Repository/RecAndPlayBk/Page-Vlink-Sale/input_Remittance Id_remittance_id"), genRemID): Text 'wCDRbiyBL6ff' is set on object 'Object Repository/RecAndPlayBk/Page-Vlink-Sale/input_Remittance Id_remittance_id'

2023-02-28 18:22:16 - [MESSAGE][PASSED] - Text 'wCDRbiyBL6ff' is set on object 'Object Repository/RecAndPlayBk/Page-Vlink-Sale/input_Remittance Id_remittance_id'

2023-02-28 18:22:16 - [TEST_STEP][PASSED] - setText(findTestObject("Object Repository/RecAndPlayBk/Page-Vlink-Sale/input_Application Id_application_id"), appID): Text '2435' is set on object 'Object Repository/RecAndPlayBk/Page-Vlink-Sale/input_Application Id_application_id'

2023-02-28 18:22:17 - [MESSAGE][PASSED] - Text '2435' is set on object 'Object Repository/RecAndPlayBk/Page-Vlink-Sale/input_Application Id_application_id'

2023-02-28 18:22:17 - [TEST_STEP][PASSED] - setText(findTestObject("Object Repository/RecAndPlayBk/Page-Vlink-Sale/input_Username_username"), username): Text 'health' is set on object 'Object Repository/RecAndPlayBk/Page-Vlink-Sale/input_Username_username'

2023-02-28 18:22:18 - [MESSAGE][PASSED] - Text 'health' is set on object 'Object Repository/RecAndPlayBk/Page-Vlink-Sale/input_Username_username'

2023-02-28 18:22:18 - [TEST_STEP][PASSED] - setText(findTestObject("Object Repository/RecAndPlayBk/Page-Vlink-Sale/input_Password_password"), password): Text '11111111' is set on object 'Object Repository/RecAndPlayBk/Page-Vlink-Sale/input_Password_password'

2023-02-28 18:22:18 - [MESSAGE][PASSED] - Text '11111111' is set on object 'Object Repository/RecAndPlayBk/Page-Vlink-Sale/input_Password_password'

2023-02-28 18:22:18 - [TEST_STEP][PASSED] - setText(findTestObject("Object Repository/RecAndPlayBk/Page-Vlink-Sale/input_Category_category"), category): Text 'ECOM' is set on object 'Object Repository/RecAndPlayBk/Page-Vlink-Sale/input_Category_category'

2023-02-28 18:22:19 - [MESSAGE][PASSED] - Text 'ECOM' is set on object 'Object Repository/RecAndPlayBk/Page-Vlink-Sale/input_Category_category'

2023-02-28 18:22:19 - [TEST_STEP][PASSED] - setText(findTestObject("Object Repository/RecAndPlayBk/Page-Vlink-Sale/input_Amount_amount"), amount): Text '10.5' is set on object 'Object Repository/RecAndPlayBk/Page-Vlink-Sale/input_Amount_amount'

2023-02-28 18:22:19 - [MESSAGE][PASSED] - Text '10.5' is set on object 'Object Repository/RecAndPlayBk/Page-Vlink-Sale/input_Amount_amount'

2023-02-28 18:22:19 - [TEST_STEP][PASSED] - doubleClick(findTestObject("Object Repository/RecAndPlayBk/Page-Vlink-Sale/input_Card number_card_number")): Object: 'Object Repository/RecAndPlayBk/Page-Vlink-Sale/input_Card number_card_number' is double clicked on

2023-02-28 18:22:20 - [MESSAGE][PASSED] - Object: 'Object Repository/RecAndPlayBk/Page-Vlink-Sale/input_Card number_card_number' is double clicked on

2023-02-28 18:22:20 - [TEST_STEP][PASSED] - setText(findTestObject("Object Repository/RecAndPlayBk/Page-Vlink-Sale/input_Card number_card_number"), cardNumber): Text '4012000098765439' is set on object 'Object Repository/RecAndPlayBk/Page-Vlink-Sale/input_Card number_card_number'

2023-02-28 18:22:20 - [MESSAGE][PASSED] - Text '4012000098765439' is set on object 'Object Repository/RecAndPlayBk/Page-Vlink-Sale/input_Card number_card_number'

2023-02-28 18:22:20 - [TEST_STEP][PASSED] - setText(findTestObject("Object Repository/RecAndPlayBk/Page-Vlink-Sale/input_Card ex month_card_exmo"), exM): Text '12' is set on object 'Object Repository/RecAndPlayBk/Page-Vlink-Sale/input_Card ex month_card_exmo'

2023-02-28 18:22:21 - [MESSAGE][PASSED] - Text '12' is set on object 'Object Repository/RecAndPlayBk/Page-Vlink-Sale/input_Card ex month_card_exmo'

2023-02-28 18:22:21 - [TEST_STEP][PASSED] - setText(findTestObject("Object Repository/RecAndPlayBk/Page-Vlink-Sale/input_Card ex year_card_exyr"), exY): Text '2029' is set on object 'Object Repository/RecAndPlayBk/Page-Vlink-Sale/input_Card ex year_card_exyr'

2023-02-28 18:22:22 - [MESSAGE][PASSED] - Text '2029' is set on object 'Object Repository/RecAndPlayBk/Page-Vlink-Sale/input_Card ex year_card_exyr'

2023-02-28 18:22:22 - [TEST_STEP][PASSED] - click(findTestObject("Object Repository/RecAndPlayBk/Page-Vlink-Sale/input_Track Data_track_data")): Object: 'Object Repository/RecAndPlayBk/Page-Vlink-Sale/input_Track Data_track_data' is clicked on

2023-02-28 18:22:22 - [MESSAGE][PASSED] - Object: 'Object Repository/RecAndPlayBk/Page-Vlink-Sale/input_Track Data_track_data' is clicked on

2023-02-28 18:22:22 - [TEST_STEP][PASSED] - click(findTestObject("Object Repository/RecAndPlayBk/Page-Vlink-Sale/input_CVV state_cvv_state")): Object: 'Object Repository/RecAndPlayBk/Page-Vlink-Sale/input_CVV state_cvv_state' is clicked on

2023-02-28 18:22:22 - [MESSAGE][PASSED] - Object: 'Object Repository/RecAndPlayBk/Page-Vlink-Sale/input_CVV state_cvv_state' is clicked on

2023-02-28 18:22:22 - [TEST_STEP][PASSED] - setText(findTestObject("Object Repository/RecAndPlayBk/Page-Vlink-Sale/input_Track Data_track_data"), ""): Text '' is set on object 'Object Repository/RecAndPlayBk/Page-Vlink-Sale/input_Track Data_track_data'

2023-02-28 18:22:23 - [MESSAGE][PASSED] - Text '' is set on object 'Object Repository/RecAndPlayBk/Page-Vlink-Sale/input_Track Data_track_data'

2023-02-28 18:22:23 - [TEST_STEP][PASSED] - setText(findTestObject("Object Repository/RecAndPlayBk/Page-Vlink-Sale/input_concat(Cardholder, , s email)_email"), ""): Text '' is set on object 'Object Repository/RecAndPlayBk/Page-Vlink-Sale/input_concat(Cardholder, , s email)_email'

2023-02-28 18:22:24 - [MESSAGE][PASSED] - Text '' is set on object 'Object Repository/RecAndPlayBk/Page-Vlink-Sale/input_concat(Cardholder, , s email)_email'

2023-02-28 18:22:24 - [TEST_STEP][PASSED] - click(findTestObject("Object Repository/RecAndPlayBk/Page-Vlink-Sale/input_user_defined10_user_defined10")): Object: 'Object Repository/RecAndPlayBk/Page-Vlink-Sale/input_user_defined10_user_defined10' is clicked on

2023-02-28 18:22:24 - [MESSAGE][PASSED] - Object: 'Object Repository/RecAndPlayBk/Page-Vlink-Sale/input_user_defined10_user_defined10' is clicked on

2023-02-28 18:22:24 - [TEST_STEP][PASSED] - if (executionProfile.equalsIgnoreCase("QAProfile") || executionProfile.equalsIgnoreCase("DemoProfile")): null

2023-02-28 18:22:24 - [TEST_STEP][PASSED] - click(findTestObject("Object Repository/RecAndPlayBk/Page-Vlink-Sale/input")): Object: 'Object Repository/RecAndPlayBk/Page-Vlink-Sale/input' is clicked on

2023-02-28 18:22:25 - [MESSAGE][PASSED] - Object: 'Object Repository/RecAndPlayBk/Page-Vlink-Sale/input' is clicked on

2023-02-28 18:22:25 - [TEST_STEP][FAILED] - if (verifyTextPresent("Transaction approved, no errors", true)): Text 'Transaction approved, no errors' is not present on page  using regular expression (Root cause: com.kms.katalon.core.exception.StepFailedException: Text 'Transaction approved, no errors' is not present on page  using regular expression
	at com.kms.katalon.core.webui.keyword.internal.WebUIKeywordMain.stepFailed(WebUIKeywordMain.groovy:64)
	at com.kms.katalon.core.webui.keyword.builtin.VerifyTextPresentKeyword$_verifyTextPresent_closure1.doCall(VerifyTextPresentKeyword.groovy:79)
	at com.kms.katalon.core.webui.keyword.builtin.VerifyTextPresentKeyword$_verifyTextPresent_closure1.call(VerifyTextPresentKeyword.groovy)
	at com.kms.katalon.core.webui.keyword.internal.WebUIKeywordMain.runKeyword(WebUIKeywordMain.groovy:20)
	at com.kms.katalon.core.webui.keyword.builtin.VerifyTextPresentKeyword.verifyTextPresent(VerifyTextPresentKeyword.groovy:83)
	at com.kms.katalon.core.webui.keyword.builtin.VerifyTextPresentKeyword.execute(VerifyTextPresentKeyword.groovy:68)
	at com.kms.katalon.core.keyword.internal.KeywordExecutor.executeKeywordForPlatform(KeywordExecutor.groovy:74)
	at com.kms.katalon.core.webui.keyword.WebUiBuiltInKeywords.verifyTextPresent(WebUiBuiltInKeywords.groovy:1723)
	at com.kms.katalon.core.webui.keyword.WebUiBuiltInKeywords$verifyTextPresent$4.call(Unknown Source)
	at Sale.run(Sale:161)
	at com.kms.katalon.core.main.ScriptEngine.run(ScriptEngine.java:194)
	at com.kms.katalon.core.main.ScriptEngine.runScriptAsRawText(ScriptEngine.java:119)
	at com.kms.katalon.core.main.TestCaseExecutor.runScript(TestCaseExecutor.java:442)
	at com.kms.katalon.core.main.TestCaseExecutor.doExecute(TestCaseExecutor.java:433)
	at com.kms.katalon.core.main.TestCaseExecutor.processExecutionPhase(TestCaseExecutor.java:412)
	at com.kms.katalon.core.main.TestCaseExecutor.accessMainPhase(TestCaseExecutor.java:404)
	at com.kms.katalon.core.main.TestCaseExecutor.execute(TestCaseExecutor.java:281)
	at com.kms.katalon.core.main.TestSuiteExecutor.accessTestCaseMainPhase(TestSuiteExecutor.java:202)
	at com.kms.katalon.core.main.TestSuiteExecutor.accessTestSuiteMainPhase(TestSuiteExecutor.java:164)
	at com.kms.katalon.core.main.TestSuiteExecutor.execute(TestSuiteExecutor.java:105)
	at com.kms.katalon.core.main.TestCaseMain.startTestSuite(TestCaseMain.java:185)
	at com.kms.katalon.core.main.TestCaseMain$startTestSuite$0.call(Unknown Source)
	at TempTestSuite1677626298320.run(TempTestSuite1677626298320.groovy:36)
)

2023-02-28 18:22:25 - [MESSAGE][FAILED] - Text 'Transaction approved, no errors' is not present on page  using regular expression (Root cause: com.kms.katalon.core.exception.StepFailedException: Text 'Transaction approved, no errors' is not present on page  using regular expression
	at com.kms.katalon.core.webui.keyword.internal.WebUIKeywordMain.stepFailed(WebUIKeywordMain.groovy:64)
	at com.kms.katalon.core.webui.keyword.builtin.VerifyTextPresentKeyword$_verifyTextPresent_closure1.doCall(VerifyTextPresentKeyword.groovy:79)
	at com.kms.katalon.core.webui.keyword.builtin.VerifyTextPresentKeyword$_verifyTextPresent_closure1.call(VerifyTextPresentKeyword.groovy)
	at com.kms.katalon.core.webui.keyword.internal.WebUIKeywordMain.runKeyword(WebUIKeywordMain.groovy:20)
	at com.kms.katalon.core.webui.keyword.builtin.VerifyTextPresentKeyword.verifyTextPresent(VerifyTextPresentKeyword.groovy:83)
	at com.kms.katalon.core.webui.keyword.builtin.VerifyTextPresentKeyword.execute(VerifyTextPresentKeyword.groovy:68)
	at com.kms.katalon.core.keyword.internal.KeywordExecutor.executeKeywordForPlatform(KeywordExecutor.groovy:74)
	at com.kms.katalon.core.webui.keyword.WebUiBuiltInKeywords.verifyTextPresent(WebUiBuiltInKeywords.groovy:1723)
	at com.kms.katalon.core.webui.keyword.WebUiBuiltInKeywords$verifyTextPresent$4.call(Unknown Source)
	at Sale.run(Sale:161)
	at com.kms.katalon.core.main.ScriptEngine.run(ScriptEngine.java:194)
	at com.kms.katalon.core.main.ScriptEngine.runScriptAsRawText(ScriptEngine.java:119)
	at com.kms.katalon.core.main.TestCaseExecutor.runScript(TestCaseExecutor.java:442)
	at com.kms.katalon.core.main.TestCaseExecutor.doExecute(TestCaseExecutor.java:433)
	at com.kms.katalon.core.main.TestCaseExecutor.processExecutionPhase(TestCaseExecutor.java:412)
	at com.kms.katalon.core.main.TestCaseExecutor.accessMainPhase(TestCaseExecutor.java:404)
	at com.kms.katalon.core.main.TestCaseExecutor.execute(TestCaseExecutor.java:281)
	at com.kms.katalon.core.main.TestSuiteExecutor.accessTestCaseMainPhase(TestSuiteExecutor.java:202)
	at com.kms.katalon.core.main.TestSuiteExecutor.accessTestSuiteMainPhase(TestSuiteExecutor.java:164)
	at com.kms.katalon.core.main.TestSuiteExecutor.execute(TestSuiteExecutor.java:105)
	at com.kms.katalon.core.main.TestCaseMain.startTestSuite(TestCaseMain.java:185)
	at com.kms.katalon.core.main.TestCaseMain$startTestSuite$0.call(Unknown Source)
	at TempTestSuite1677626298320.run(TempTestSuite1677626298320.groovy:36)
)

2023-02-28 18:22:25 - [TEST_STEP][PASSED] - else: pages.WriteExcel.demoKey is PASSED

2023-02-28 18:22:25 - [TEST_STEP][PASSED] - println("Transaction Approved, no errors text is not present on the Confirmation page"): null

2023-02-28 18:22:25 - [TEST_STEP][PASSED] - out.println("Fail Record Number: " + row): null

2023-02-28 18:22:25 - [TEST_STEP][PASSED] - resText = "Fail": null

2023-02-28 18:22:25 - [TEST_STEP][PASSED] - pages.WriteExcel.demoKey(resText, datText, resColumn, datCloumn, fileLoc, nameSheet, row): pages.WriteExcel.demoKey is PASSED

2023-02-28 18:22:25 - [MESSAGE][PASSED] - pages.WriteExcel.demoKey is PASSED

2023-02-28 18:22:25 - [TEST_STEP][PASSED] - ExecuteTC = findTestData(dataFile).getValue("Execute", row): null

2023-02-28 18:22:26 - [TEST_STEP][PASSED] - out.println("Value of Execute is : " + ExecuteTC): null

2023-02-28 18:22:26 - [TEST_STEP][PASSED] - switch (executionProfile): null

2023-02-28 18:22:26 - [TEST_STEP][PASSED] - case "Demo2Profile":: null

2023-02-28 18:22:26 - [TEST_STEP][PASSED] - appID = findTestData(dataFile).getValue("AppIDDemo", row): null

2023-02-28 18:22:26 - [TEST_STEP][PASSED] - username = findTestData(dataFile).getValue("UsernameDemo", row): null

2023-02-28 18:22:26 - [TEST_STEP][PASSED] - password = findTestData(dataFile).getValue("PasswordDemo", row): null

2023-02-28 18:22:26 - [TEST_STEP][PASSED] - break: null

2023-02-28 18:22:26 - [TEST_STEP][FAILED] - if (ExecuteTC.equalsIgnoreCase("Y")): null

2023-02-28 18:22:26 - [TEST_STEP][PASSED] - out.println("Begin Record Number: " + row): null

2023-02-28 18:22:26 - [TEST_STEP][PASSED] - today = new java.util.Date(): null

2023-02-28 18:22:26 - [TEST_STEP][PASSED] - println(today): null

2023-02-28 18:22:26 - [TEST_STEP][PASSED] - datText = today: null

2023-02-28 18:22:26 - [TEST_STEP][PASSED] - category = findTestData(dataFile).getValue("Category", row): null

2023-02-28 18:22:26 - [TEST_STEP][PASSED] - amount = findTestData(dataFile).getValue("Amount", row): null

2023-02-28 18:22:26 - [TEST_STEP][PASSED] - cardNumber = findTestData(dataFile).getValue("CardNumber", row): null

2023-02-28 18:22:26 - [TEST_STEP][PASSED] - exM = findTestData(dataFile).getValue("ExM", row): null

2023-02-28 18:22:26 - [TEST_STEP][PASSED] - exY = findTestData(dataFile).getValue("ExY", row): null

2023-02-28 18:22:26 - [TEST_STEP][PASSED] - openBrowser(VLinkURL + "authcap.html"): Browser is opened with url: 'https://dev-algorithm.govolution.com/vlinktest/demo2/version_2_0/authcap.html'

2023-02-28 18:22:26 - [MESSAGE][WARNING] - A browser is already opened. Closing browser and opening a new one

2023-02-28 18:22:27 - [MESSAGE][INFO] - Starting 'Chrome' driver

2023-02-28 18:22:27 - [MESSAGE][INFO] - User set preference: ['acceptInsecureCerts', 'true']

2023-02-28 18:22:27 - [MESSAGE][INFO] - Action delay is set to 0 milliseconds

2023-02-28 18:22:29 - [MESSAGE][PASSED] - Browser is opened with url: 'https://dev-algorithm.govolution.com/vlinktest/demo2/version_2_0/authcap.html'

2023-02-28 18:22:29 - [TEST_STEP][PASSED] - maximizeWindow(): Current window maximized

2023-02-28 18:22:29 - [MESSAGE][PASSED] - Current window maximized

2023-02-28 18:22:29 - [TEST_STEP][PASSED] - maximizeWindow(): Current window maximized

2023-02-28 18:22:29 - [MESSAGE][PASSED] - Current window maximized

2023-02-28 18:22:29 - [TEST_STEP][PASSED] - genRemID = RandomStringUtils.random(12, true, true): null

2023-02-28 18:22:29 - [TEST_STEP][PASSED] - setText(findTestObject("Object Repository/RecAndPlayBk/Page-Vlink-Sale/input_Remittance Id_remittance_id"), genRemID): Text 'jnUyB8KugJbE' is set on object 'Object Repository/RecAndPlayBk/Page-Vlink-Sale/input_Remittance Id_remittance_id'

2023-02-28 18:22:30 - [MESSAGE][PASSED] - Text 'jnUyB8KugJbE' is set on object 'Object Repository/RecAndPlayBk/Page-Vlink-Sale/input_Remittance Id_remittance_id'

2023-02-28 18:22:30 - [TEST_STEP][PASSED] - setText(findTestObject("Object Repository/RecAndPlayBk/Page-Vlink-Sale/input_Application Id_application_id"), appID): Text '3136' is set on object 'Object Repository/RecAndPlayBk/Page-Vlink-Sale/input_Application Id_application_id'

2023-02-28 18:22:31 - [MESSAGE][PASSED] - Text '3136' is set on object 'Object Repository/RecAndPlayBk/Page-Vlink-Sale/input_Application Id_application_id'

2023-02-28 18:22:31 - [TEST_STEP][PASSED] - setText(findTestObject("Object Repository/RecAndPlayBk/Page-Vlink-Sale/input_Username_username"), username): Text 'user3136' is set on object 'Object Repository/RecAndPlayBk/Page-Vlink-Sale/input_Username_username'

2023-02-28 18:22:31 - [MESSAGE][PASSED] - Text 'user3136' is set on object 'Object Repository/RecAndPlayBk/Page-Vlink-Sale/input_Username_username'

2023-02-28 18:22:31 - [TEST_STEP][PASSED] - setText(findTestObject("Object Repository/RecAndPlayBk/Page-Vlink-Sale/input_Password_password"), password): Text 'pwd3136' is set on object 'Object Repository/RecAndPlayBk/Page-Vlink-Sale/input_Password_password'

2023-02-28 18:22:32 - [MESSAGE][PASSED] - Text 'pwd3136' is set on object 'Object Repository/RecAndPlayBk/Page-Vlink-Sale/input_Password_password'

2023-02-28 18:22:32 - [TEST_STEP][PASSED] - setText(findTestObject("Object Repository/RecAndPlayBk/Page-Vlink-Sale/input_Category_category"), category): Text 'ECOM' is set on object 'Object Repository/RecAndPlayBk/Page-Vlink-Sale/input_Category_category'

2023-02-28 18:22:32 - [MESSAGE][PASSED] - Text 'ECOM' is set on object 'Object Repository/RecAndPlayBk/Page-Vlink-Sale/input_Category_category'

2023-02-28 18:22:32 - [TEST_STEP][PASSED] - setText(findTestObject("Object Repository/RecAndPlayBk/Page-Vlink-Sale/input_Amount_amount"), amount): Text '10.5' is set on object 'Object Repository/RecAndPlayBk/Page-Vlink-Sale/input_Amount_amount'

2023-02-28 18:22:33 - [MESSAGE][PASSED] - Text '10.5' is set on object 'Object Repository/RecAndPlayBk/Page-Vlink-Sale/input_Amount_amount'

2023-02-28 18:22:33 - [TEST_STEP][PASSED] - doubleClick(findTestObject("Object Repository/RecAndPlayBk/Page-Vlink-Sale/input_Card number_card_number")): Object: 'Object Repository/RecAndPlayBk/Page-Vlink-Sale/input_Card number_card_number' is double clicked on

2023-02-28 18:22:33 - [MESSAGE][PASSED] - Object: 'Object Repository/RecAndPlayBk/Page-Vlink-Sale/input_Card number_card_number' is double clicked on

2023-02-28 18:22:33 - [TEST_STEP][PASSED] - setText(findTestObject("Object Repository/RecAndPlayBk/Page-Vlink-Sale/input_Card number_card_number"), cardNumber): Text '5146312200000035' is set on object 'Object Repository/RecAndPlayBk/Page-Vlink-Sale/input_Card number_card_number'

2023-02-28 18:22:34 - [MESSAGE][PASSED] - Text '5146312200000035' is set on object 'Object Repository/RecAndPlayBk/Page-Vlink-Sale/input_Card number_card_number'

2023-02-28 18:22:34 - [TEST_STEP][PASSED] - setText(findTestObject("Object Repository/RecAndPlayBk/Page-Vlink-Sale/input_Card ex month_card_exmo"), exM): Text '12' is set on object 'Object Repository/RecAndPlayBk/Page-Vlink-Sale/input_Card ex month_card_exmo'

2023-02-28 18:22:35 - [MESSAGE][PASSED] - Text '12' is set on object 'Object Repository/RecAndPlayBk/Page-Vlink-Sale/input_Card ex month_card_exmo'

2023-02-28 18:22:35 - [TEST_STEP][PASSED] - setText(findTestObject("Object Repository/RecAndPlayBk/Page-Vlink-Sale/input_Card ex year_card_exyr"), exY): Text '2029' is set on object 'Object Repository/RecAndPlayBk/Page-Vlink-Sale/input_Card ex year_card_exyr'

2023-02-28 18:22:35 - [MESSAGE][PASSED] - Text '2029' is set on object 'Object Repository/RecAndPlayBk/Page-Vlink-Sale/input_Card ex year_card_exyr'

2023-02-28 18:22:35 - [TEST_STEP][PASSED] - click(findTestObject("Object Repository/RecAndPlayBk/Page-Vlink-Sale/input_Track Data_track_data")): Object: 'Object Repository/RecAndPlayBk/Page-Vlink-Sale/input_Track Data_track_data' is clicked on

2023-02-28 18:22:36 - [MESSAGE][PASSED] - Object: 'Object Repository/RecAndPlayBk/Page-Vlink-Sale/input_Track Data_track_data' is clicked on

2023-02-28 18:22:36 - [TEST_STEP][PASSED] - click(findTestObject("Object Repository/RecAndPlayBk/Page-Vlink-Sale/input_CVV state_cvv_state")): Object: 'Object Repository/RecAndPlayBk/Page-Vlink-Sale/input_CVV state_cvv_state' is clicked on

2023-02-28 18:22:36 - [MESSAGE][PASSED] - Object: 'Object Repository/RecAndPlayBk/Page-Vlink-Sale/input_CVV state_cvv_state' is clicked on

2023-02-28 18:22:36 - [TEST_STEP][PASSED] - setText(findTestObject("Object Repository/RecAndPlayBk/Page-Vlink-Sale/input_Track Data_track_data"), ""): Text '' is set on object 'Object Repository/RecAndPlayBk/Page-Vlink-Sale/input_Track Data_track_data'

2023-02-28 18:22:37 - [MESSAGE][PASSED] - Text '' is set on object 'Object Repository/RecAndPlayBk/Page-Vlink-Sale/input_Track Data_track_data'

2023-02-28 18:22:37 - [TEST_STEP][PASSED] - setText(findTestObject("Object Repository/RecAndPlayBk/Page-Vlink-Sale/input_concat(Cardholder, , s email)_email"), ""): Text '' is set on object 'Object Repository/RecAndPlayBk/Page-Vlink-Sale/input_concat(Cardholder, , s email)_email'

2023-02-28 18:22:37 - [MESSAGE][PASSED] - Text '' is set on object 'Object Repository/RecAndPlayBk/Page-Vlink-Sale/input_concat(Cardholder, , s email)_email'

2023-02-28 18:22:37 - [TEST_STEP][PASSED] - click(findTestObject("Object Repository/RecAndPlayBk/Page-Vlink-Sale/input_user_defined10_user_defined10")): Object: 'Object Repository/RecAndPlayBk/Page-Vlink-Sale/input_user_defined10_user_defined10' is clicked on

2023-02-28 18:22:37 - [MESSAGE][PASSED] - Object: 'Object Repository/RecAndPlayBk/Page-Vlink-Sale/input_user_defined10_user_defined10' is clicked on

2023-02-28 18:22:37 - [TEST_STEP][PASSED] - if (executionProfile.equalsIgnoreCase("QAProfile") || executionProfile.equalsIgnoreCase("DemoProfile")): null

2023-02-28 18:22:37 - [TEST_STEP][PASSED] - click(findTestObject("Object Repository/RecAndPlayBk/Page-Vlink-Sale/input")): Object: 'Object Repository/RecAndPlayBk/Page-Vlink-Sale/input' is clicked on

2023-02-28 18:22:40 - [MESSAGE][PASSED] - Object: 'Object Repository/RecAndPlayBk/Page-Vlink-Sale/input' is clicked on

2023-02-28 18:22:40 - [TEST_STEP][FAILED] - if (verifyTextPresent("Transaction approved, no errors", true)): Text 'Transaction approved, no errors' is not present on page  using regular expression (Root cause: com.kms.katalon.core.exception.StepFailedException: Text 'Transaction approved, no errors' is not present on page  using regular expression
	at com.kms.katalon.core.webui.keyword.internal.WebUIKeywordMain.stepFailed(WebUIKeywordMain.groovy:64)
	at com.kms.katalon.core.webui.keyword.builtin.VerifyTextPresentKeyword$_verifyTextPresent_closure1.doCall(VerifyTextPresentKeyword.groovy:79)
	at com.kms.katalon.core.webui.keyword.builtin.VerifyTextPresentKeyword$_verifyTextPresent_closure1.call(VerifyTextPresentKeyword.groovy)
	at com.kms.katalon.core.webui.keyword.internal.WebUIKeywordMain.runKeyword(WebUIKeywordMain.groovy:20)
	at com.kms.katalon.core.webui.keyword.builtin.VerifyTextPresentKeyword.verifyTextPresent(VerifyTextPresentKeyword.groovy:83)
	at com.kms.katalon.core.webui.keyword.builtin.VerifyTextPresentKeyword.execute(VerifyTextPresentKeyword.groovy:68)
	at com.kms.katalon.core.keyword.internal.KeywordExecutor.executeKeywordForPlatform(KeywordExecutor.groovy:74)
	at com.kms.katalon.core.webui.keyword.WebUiBuiltInKeywords.verifyTextPresent(WebUiBuiltInKeywords.groovy:1723)
	at com.kms.katalon.core.webui.keyword.WebUiBuiltInKeywords$verifyTextPresent$4.call(Unknown Source)
	at Sale.run(Sale:161)
	at com.kms.katalon.core.main.ScriptEngine.run(ScriptEngine.java:194)
	at com.kms.katalon.core.main.ScriptEngine.runScriptAsRawText(ScriptEngine.java:119)
	at com.kms.katalon.core.main.TestCaseExecutor.runScript(TestCaseExecutor.java:442)
	at com.kms.katalon.core.main.TestCaseExecutor.doExecute(TestCaseExecutor.java:433)
	at com.kms.katalon.core.main.TestCaseExecutor.processExecutionPhase(TestCaseExecutor.java:412)
	at com.kms.katalon.core.main.TestCaseExecutor.accessMainPhase(TestCaseExecutor.java:404)
	at com.kms.katalon.core.main.TestCaseExecutor.execute(TestCaseExecutor.java:281)
	at com.kms.katalon.core.main.TestSuiteExecutor.accessTestCaseMainPhase(TestSuiteExecutor.java:202)
	at com.kms.katalon.core.main.TestSuiteExecutor.accessTestSuiteMainPhase(TestSuiteExecutor.java:164)
	at com.kms.katalon.core.main.TestSuiteExecutor.execute(TestSuiteExecutor.java:105)
	at com.kms.katalon.core.main.TestCaseMain.startTestSuite(TestCaseMain.java:185)
	at com.kms.katalon.core.main.TestCaseMain$startTestSuite$0.call(Unknown Source)
	at TempTestSuite1677626298320.run(TempTestSuite1677626298320.groovy:36)
)

2023-02-28 18:22:41 - [MESSAGE][FAILED] - Text 'Transaction approved, no errors' is not present on page  using regular expression (Root cause: com.kms.katalon.core.exception.StepFailedException: Text 'Transaction approved, no errors' is not present on page  using regular expression
	at com.kms.katalon.core.webui.keyword.internal.WebUIKeywordMain.stepFailed(WebUIKeywordMain.groovy:64)
	at com.kms.katalon.core.webui.keyword.builtin.VerifyTextPresentKeyword$_verifyTextPresent_closure1.doCall(VerifyTextPresentKeyword.groovy:79)
	at com.kms.katalon.core.webui.keyword.builtin.VerifyTextPresentKeyword$_verifyTextPresent_closure1.call(VerifyTextPresentKeyword.groovy)
	at com.kms.katalon.core.webui.keyword.internal.WebUIKeywordMain.runKeyword(WebUIKeywordMain.groovy:20)
	at com.kms.katalon.core.webui.keyword.builtin.VerifyTextPresentKeyword.verifyTextPresent(VerifyTextPresentKeyword.groovy:83)
	at com.kms.katalon.core.webui.keyword.builtin.VerifyTextPresentKeyword.execute(VerifyTextPresentKeyword.groovy:68)
	at com.kms.katalon.core.keyword.internal.KeywordExecutor.executeKeywordForPlatform(KeywordExecutor.groovy:74)
	at com.kms.katalon.core.webui.keyword.WebUiBuiltInKeywords.verifyTextPresent(WebUiBuiltInKeywords.groovy:1723)
	at com.kms.katalon.core.webui.keyword.WebUiBuiltInKeywords$verifyTextPresent$4.call(Unknown Source)
	at Sale.run(Sale:161)
	at com.kms.katalon.core.main.ScriptEngine.run(ScriptEngine.java:194)
	at com.kms.katalon.core.main.ScriptEngine.runScriptAsRawText(ScriptEngine.java:119)
	at com.kms.katalon.core.main.TestCaseExecutor.runScript(TestCaseExecutor.java:442)
	at com.kms.katalon.core.main.TestCaseExecutor.doExecute(TestCaseExecutor.java:433)
	at com.kms.katalon.core.main.TestCaseExecutor.processExecutionPhase(TestCaseExecutor.java:412)
	at com.kms.katalon.core.main.TestCaseExecutor.accessMainPhase(TestCaseExecutor.java:404)
	at com.kms.katalon.core.main.TestCaseExecutor.execute(TestCaseExecutor.java:281)
	at com.kms.katalon.core.main.TestSuiteExecutor.accessTestCaseMainPhase(TestSuiteExecutor.java:202)
	at com.kms.katalon.core.main.TestSuiteExecutor.accessTestSuiteMainPhase(TestSuiteExecutor.java:164)
	at com.kms.katalon.core.main.TestSuiteExecutor.execute(TestSuiteExecutor.java:105)
	at com.kms.katalon.core.main.TestCaseMain.startTestSuite(TestCaseMain.java:185)
	at com.kms.katalon.core.main.TestCaseMain$startTestSuite$0.call(Unknown Source)
	at TempTestSuite1677626298320.run(TempTestSuite1677626298320.groovy:36)
)

2023-02-28 18:22:41 - [TEST_STEP][PASSED] - else: pages.WriteExcel.demoKey is PASSED

2023-02-28 18:22:41 - [TEST_STEP][PASSED] - println("Transaction Approved, no errors text is not present on the Confirmation page"): null

2023-02-28 18:22:41 - [TEST_STEP][PASSED] - out.println("Fail Record Number: " + row): null

2023-02-28 18:22:41 - [TEST_STEP][PASSED] - resText = "Fail": null

2023-02-28 18:22:41 - [TEST_STEP][PASSED] - pages.WriteExcel.demoKey(resText, datText, resColumn, datCloumn, fileLoc, nameSheet, row): pages.WriteExcel.demoKey is PASSED

2023-02-28 18:22:41 - [MESSAGE][PASSED] - pages.WriteExcel.demoKey is PASSED]]></system-out>
         <system-err><![CDATA[2023-02-28 18:21:30 - [TEST_CASE][FAILED] - Test Cases/RecAndPlayBk/VLink/Sale: Test Cases/RecAndPlayBk/VLink/Sale FAILED.
Reason:
com.kms.katalon.core.exception.StepFailedException: Text 'Transaction approved, no errors' is not present on page  using regular expression (Root cause: com.kms.katalon.core.exception.StepFailedException: Text 'Transaction approved, no errors' is not present on page  using regular expression
	at com.kms.katalon.core.webui.keyword.internal.WebUIKeywordMain.stepFailed(WebUIKeywordMain.groovy:64)
	at com.kms.katalon.core.webui.keyword.builtin.VerifyTextPresentKeyword$_verifyTextPresent_closure1.doCall(VerifyTextPresentKeyword.groovy:79)
	at com.kms.katalon.core.webui.keyword.builtin.VerifyTextPresentKeyword$_verifyTextPresent_closure1.call(VerifyTextPresentKeyword.groovy)
	at com.kms.katalon.core.webui.keyword.internal.WebUIKeywordMain.runKeyword(WebUIKeywordMain.groovy:20)
	at com.kms.katalon.core.webui.keyword.builtin.VerifyTextPresentKeyword.verifyTextPresent(VerifyTextPresentKeyword.groovy:83)
	at com.kms.katalon.core.webui.keyword.builtin.VerifyTextPresentKeyword.execute(VerifyTextPresentKeyword.groovy:68)
	at com.kms.katalon.core.keyword.internal.KeywordExecutor.executeKeywordForPlatform(KeywordExecutor.groovy:74)
	at com.kms.katalon.core.webui.keyword.WebUiBuiltInKeywords.verifyTextPresent(WebUiBuiltInKeywords.groovy:1723)
	at com.kms.katalon.core.webui.keyword.WebUiBuiltInKeywords$verifyTextPresent$4.call(Unknown Source)
	at Sale.run(Sale:161)
	at com.kms.katalon.core.main.ScriptEngine.run(ScriptEngine.java:194)
	at com.kms.katalon.core.main.ScriptEngine.runScriptAsRawText(ScriptEngine.java:119)
	at com.kms.katalon.core.main.TestCaseExecutor.runScript(TestCaseExecutor.java:442)
	at com.kms.katalon.core.main.TestCaseExecutor.doExecute(TestCaseExecutor.java:433)
	at com.kms.katalon.core.main.TestCaseExecutor.processExecutionPhase(TestCaseExecutor.java:412)
	at com.kms.katalon.core.main.TestCaseExecutor.accessMainPhase(TestCaseExecutor.java:404)
	at com.kms.katalon.core.main.TestCaseExecutor.execute(TestCaseExecutor.java:281)
	at com.kms.katalon.core.main.TestSuiteExecutor.accessTestCaseMainPhase(TestSuiteExecutor.java:202)
	at com.kms.katalon.core.main.TestSuiteExecutor.accessTestSuiteMainPhase(TestSuiteExecutor.java:164)
	at com.kms.katalon.core.main.TestSuiteExecutor.execute(TestSuiteExecutor.java:105)
	at com.kms.katalon.core.main.TestCaseMain.startTestSuite(TestCaseMain.java:185)
	at com.kms.katalon.core.main.TestCaseMain$startTestSuite$0.call(Unknown Source)
	at TempTestSuite1677626298320.run(TempTestSuite1677626298320.groovy:36)
)
	at com.kms.katalon.core.keyword.internal.KeywordMain.stepFailed(KeywordMain.groovy:39)
	at com.kms.katalon.core.webui.keyword.internal.WebUIKeywordMain.stepFailed(WebUIKeywordMain.groovy:64)
	at com.kms.katalon.core.webui.keyword.builtin.VerifyTextPresentKeyword$_verifyTextPresent_closure1.doCall(VerifyTextPresentKeyword.groovy:79)
	at com.kms.katalon.core.webui.keyword.builtin.VerifyTextPresentKeyword$_verifyTextPresent_closure1.call(VerifyTextPresentKeyword.groovy)
	at com.kms.katalon.core.webui.keyword.internal.WebUIKeywordMain.runKeyword(WebUIKeywordMain.groovy:20)
	at com.kms.katalon.core.webui.keyword.builtin.VerifyTextPresentKeyword.verifyTextPresent(VerifyTextPresentKeyword.groovy:83)
	at com.kms.katalon.core.webui.keyword.builtin.VerifyTextPresentKeyword.execute(VerifyTextPresentKeyword.groovy:68)
	at com.kms.katalon.core.keyword.internal.KeywordExecutor.executeKeywordForPlatform(KeywordExecutor.groovy:74)
	at com.kms.katalon.core.webui.keyword.WebUiBuiltInKeywords.verifyTextPresent(WebUiBuiltInKeywords.groovy:1723)
	at com.kms.katalon.core.webui.keyword.WebUiBuiltInKeywords$verifyTextPresent$4.call(Unknown Source)
	at Sale.run(Sale:161)
	at com.kms.katalon.core.main.ScriptEngine.run(ScriptEngine.java:194)
	at com.kms.katalon.core.main.ScriptEngine.runScriptAsRawText(ScriptEngine.java:119)
	at com.kms.katalon.core.main.TestCaseExecutor.runScript(TestCaseExecutor.java:442)
	at com.kms.katalon.core.main.TestCaseExecutor.doExecute(TestCaseExecutor.java:433)
	at com.kms.katalon.core.main.TestCaseExecutor.processExecutionPhase(TestCaseExecutor.java:412)
	at com.kms.katalon.core.main.TestCaseExecutor.accessMainPhase(TestCaseExecutor.java:404)
	at com.kms.katalon.core.main.TestCaseExecutor.execute(TestCaseExecutor.java:281)
	at com.kms.katalon.core.main.TestSuiteExecutor.accessTestCaseMainPhase(TestSuiteExecutor.java:202)
	at com.kms.katalon.core.main.TestSuiteExecutor.accessTestSuiteMainPhase(TestSuiteExecutor.java:164)
	at com.kms.katalon.core.main.TestSuiteExecutor.execute(TestSuiteExecutor.java:105)
	at com.kms.katalon.core.main.TestCaseMain.startTestSuite(TestCaseMain.java:185)
	at com.kms.katalon.core.main.TestCaseMain$startTestSuite$0.call(Unknown Source)
	at TempTestSuite1677626298320.run(TempTestSuite1677626298320.groovy:36)
Caused by: com.kms.katalon.core.exception.StepFailedException: Text 'Transaction approved, no errors' is not present on page  using regular expression
	... 23 more]]></system-err>
      </testcase>
      <testcase name="Test Cases/RecAndPlayBk/VLink/Sale-Void" time="106.711" classname="Test Cases/RecAndPlayBk/VLink/Sale-Void" status="FAILED">
         <failure type="FAILED" message="Test Cases/RecAndPlayBk/VLink/Sale-Void FAILED.
Reason:
com.kms.katalon.core.exception.StepFailedException: Text 'Transaction approved, no errors' is not present on page  using regular expression (Root cause: com.kms.katalon.core.exception.StepFailedException: Text 'Transaction approved, no errors' is not present on page  using regular expression
	at com.kms.katalon.core.webui.keyword.internal.WebUIKeywordMain.stepFailed(WebUIKeywordMain.groovy:64)
	at com.kms.katalon.core.webui.keyword.builtin.VerifyTextPresentKeyword$_verifyTextPresent_closure1.doCall(VerifyTextPresentKeyword.groovy:79)
	at com.kms.katalon.core.webui.keyword.builtin.VerifyTextPresentKeyword$_verifyTextPresent_closure1.call(VerifyTextPresentKeyword.groovy)
	at com.kms.katalon.core.webui.keyword.internal.WebUIKeywordMain.runKeyword(WebUIKeywordMain.groovy:20)
	at com.kms.katalon.core.webui.keyword.builtin.VerifyTextPresentKeyword.verifyTextPresent(VerifyTextPresentKeyword.groovy:83)
	at com.kms.katalon.core.webui.keyword.builtin.VerifyTextPresentKeyword.execute(VerifyTextPresentKeyword.groovy:68)
	at com.kms.katalon.core.keyword.internal.KeywordExecutor.executeKeywordForPlatform(KeywordExecutor.groovy:74)
	at com.kms.katalon.core.webui.keyword.WebUiBuiltInKeywords.verifyTextPresent(WebUiBuiltInKeywords.groovy:1723)
	at com.kms.katalon.core.webui.keyword.WebUiBuiltInKeywords$verifyTextPresent$4.call(Unknown Source)
	at Sale-Void.run(Sale-Void:161)
	at com.kms.katalon.core.main.ScriptEngine.run(ScriptEngine.java:194)
	at com.kms.katalon.core.main.ScriptEngine.runScriptAsRawText(ScriptEngine.java:119)
	at com.kms.katalon.core.main.TestCaseExecutor.runScript(TestCaseExecutor.java:442)
	at com.kms.katalon.core.main.TestCaseExecutor.doExecute(TestCaseExecutor.java:433)
	at com.kms.katalon.core.main.TestCaseExecutor.processExecutionPhase(TestCaseExecutor.java:412)
	at com.kms.katalon.core.main.TestCaseExecutor.accessMainPhase(TestCaseExecutor.java:404)
	at com.kms.katalon.core.main.TestCaseExecutor.execute(TestCaseExecutor.java:281)
	at com.kms.katalon.core.main.TestSuiteExecutor.accessTestCaseMainPhase(TestSuiteExecutor.java:202)
	at com.kms.katalon.core.main.TestSuiteExecutor.accessTestSuiteMainPhase(TestSuiteExecutor.java:164)
	at com.kms.katalon.core.main.TestSuiteExecutor.execute(TestSuiteExecutor.java:105)
	at com.kms.katalon.core.main.TestCaseMain.startTestSuite(TestCaseMain.java:185)
	at com.kms.katalon.core.main.TestCaseMain$startTestSuite$0.call(Unknown Source)
	at TempTestSuite1677626298320.run(TempTestSuite1677626298320.groovy:36)
)
	at com.kms.katalon.core.keyword.internal.KeywordMain.stepFailed(KeywordMain.groovy:39)
	at com.kms.katalon.core.webui.keyword.internal.WebUIKeywordMain.stepFailed(WebUIKeywordMain.groovy:64)
	at com.kms.katalon.core.webui.keyword.builtin.VerifyTextPresentKeyword$_verifyTextPresent_closure1.doCall(VerifyTextPresentKeyword.groovy:79)
	at com.kms.katalon.core.webui.keyword.builtin.VerifyTextPresentKeyword$_verifyTextPresent_closure1.call(VerifyTextPresentKeyword.groovy)
	at com.kms.katalon.core.webui.keyword.internal.WebUIKeywordMain.runKeyword(WebUIKeywordMain.groovy:20)
	at com.kms.katalon.core.webui.keyword.builtin.VerifyTextPresentKeyword.verifyTextPresent(VerifyTextPresentKeyword.groovy:83)
	at com.kms.katalon.core.webui.keyword.builtin.VerifyTextPresentKeyword.execute(VerifyTextPresentKeyword.groovy:68)
	at com.kms.katalon.core.keyword.internal.KeywordExecutor.executeKeywordForPlatform(KeywordExecutor.groovy:74)
	at com.kms.katalon.core.webui.keyword.WebUiBuiltInKeywords.verifyTextPresent(WebUiBuiltInKeywords.groovy:1723)
	at com.kms.katalon.core.webui.keyword.WebUiBuiltInKeywords$verifyTextPresent$4.call(Unknown Source)
	at Sale-Void.run(Sale-Void:161)
	at com.kms.katalon.core.main.ScriptEngine.run(ScriptEngine.java:194)
	at com.kms.katalon.core.main.ScriptEngine.runScriptAsRawText(ScriptEngine.java:119)
	at com.kms.katalon.core.main.TestCaseExecutor.runScript(TestCaseExecutor.java:442)
	at com.kms.katalon.core.main.TestCaseExecutor.doExecute(TestCaseExecutor.java:433)
	at com.kms.katalon.core.main.TestCaseExecutor.processExecutionPhase(TestCaseExecutor.java:412)
	at com.kms.katalon.core.main.TestCaseExecutor.accessMainPhase(TestCaseExecutor.java:404)
	at com.kms.katalon.core.main.TestCaseExecutor.execute(TestCaseExecutor.java:281)
	at com.kms.katalon.core.main.TestSuiteExecutor.accessTestCaseMainPhase(TestSuiteExecutor.java:202)
	at com.kms.katalon.core.main.TestSuiteExecutor.accessTestSuiteMainPhase(TestSuiteExecutor.java:164)
	at com.kms.katalon.core.main.TestSuiteExecutor.execute(TestSuiteExecutor.java:105)
	at com.kms.katalon.core.main.TestCaseMain.startTestSuite(TestCaseMain.java:185)
	at com.kms.katalon.core.main.TestCaseMain$startTestSuite$0.call(Unknown Source)
	at TempTestSuite1677626298320.run(TempTestSuite1677626298320.groovy:36)
Caused by: com.kms.katalon.core.exception.StepFailedException: Text 'Transaction approved, no errors' is not present on page  using regular expression
	... 23 more
"/>
         <system-out><![CDATA[2023-02-28 18:22:41 - [TEST_CASE][FAILED] - Test Cases/RecAndPlayBk/VLink/Sale-Void: Test Cases/RecAndPlayBk/VLink/Sale-Void FAILED.
Reason:
com.kms.katalon.core.exception.StepFailedException: Text 'Transaction approved, no errors' is not present on page  using regular expression (Root cause: com.kms.katalon.core.exception.StepFailedException: Text 'Transaction approved, no errors' is not present on page  using regular expression
	at com.kms.katalon.core.webui.keyword.internal.WebUIKeywordMain.stepFailed(WebUIKeywordMain.groovy:64)
	at com.kms.katalon.core.webui.keyword.builtin.VerifyTextPresentKeyword$_verifyTextPresent_closure1.doCall(VerifyTextPresentKeyword.groovy:79)
	at com.kms.katalon.core.webui.keyword.builtin.VerifyTextPresentKeyword$_verifyTextPresent_closure1.call(VerifyTextPresentKeyword.groovy)
	at com.kms.katalon.core.webui.keyword.internal.WebUIKeywordMain.runKeyword(WebUIKeywordMain.groovy:20)
	at com.kms.katalon.core.webui.keyword.builtin.VerifyTextPresentKeyword.verifyTextPresent(VerifyTextPresentKeyword.groovy:83)
	at com.kms.katalon.core.webui.keyword.builtin.VerifyTextPresentKeyword.execute(VerifyTextPresentKeyword.groovy:68)
	at com.kms.katalon.core.keyword.internal.KeywordExecutor.executeKeywordForPlatform(KeywordExecutor.groovy:74)
	at com.kms.katalon.core.webui.keyword.WebUiBuiltInKeywords.verifyTextPresent(WebUiBuiltInKeywords.groovy:1723)
	at com.kms.katalon.core.webui.keyword.WebUiBuiltInKeywords$verifyTextPresent$4.call(Unknown Source)
	at Sale-Void.run(Sale-Void:161)
	at com.kms.katalon.core.main.ScriptEngine.run(ScriptEngine.java:194)
	at com.kms.katalon.core.main.ScriptEngine.runScriptAsRawText(ScriptEngine.java:119)
	at com.kms.katalon.core.main.TestCaseExecutor.runScript(TestCaseExecutor.java:442)
	at com.kms.katalon.core.main.TestCaseExecutor.doExecute(TestCaseExecutor.java:433)
	at com.kms.katalon.core.main.TestCaseExecutor.processExecutionPhase(TestCaseExecutor.java:412)
	at com.kms.katalon.core.main.TestCaseExecutor.accessMainPhase(TestCaseExecutor.java:404)
	at com.kms.katalon.core.main.TestCaseExecutor.execute(TestCaseExecutor.java:281)
	at com.kms.katalon.core.main.TestSuiteExecutor.accessTestCaseMainPhase(TestSuiteExecutor.java:202)
	at com.kms.katalon.core.main.TestSuiteExecutor.accessTestSuiteMainPhase(TestSuiteExecutor.java:164)
	at com.kms.katalon.core.main.TestSuiteExecutor.execute(TestSuiteExecutor.java:105)
	at com.kms.katalon.core.main.TestCaseMain.startTestSuite(TestCaseMain.java:185)
	at com.kms.katalon.core.main.TestCaseMain$startTestSuite$0.call(Unknown Source)
	at TempTestSuite1677626298320.run(TempTestSuite1677626298320.groovy:36)
)
	at com.kms.katalon.core.keyword.internal.KeywordMain.stepFailed(KeywordMain.groovy:39)
	at com.kms.katalon.core.webui.keyword.internal.WebUIKeywordMain.stepFailed(WebUIKeywordMain.groovy:64)
	at com.kms.katalon.core.webui.keyword.builtin.VerifyTextPresentKeyword$_verifyTextPresent_closure1.doCall(VerifyTextPresentKeyword.groovy:79)
	at com.kms.katalon.core.webui.keyword.builtin.VerifyTextPresentKeyword$_verifyTextPresent_closure1.call(VerifyTextPresentKeyword.groovy)
	at com.kms.katalon.core.webui.keyword.internal.WebUIKeywordMain.runKeyword(WebUIKeywordMain.groovy:20)
	at com.kms.katalon.core.webui.keyword.builtin.VerifyTextPresentKeyword.verifyTextPresent(VerifyTextPresentKeyword.groovy:83)
	at com.kms.katalon.core.webui.keyword.builtin.VerifyTextPresentKeyword.execute(VerifyTextPresentKeyword.groovy:68)
	at com.kms.katalon.core.keyword.internal.KeywordExecutor.executeKeywordForPlatform(KeywordExecutor.groovy:74)
	at com.kms.katalon.core.webui.keyword.WebUiBuiltInKeywords.verifyTextPresent(WebUiBuiltInKeywords.groovy:1723)
	at com.kms.katalon.core.webui.keyword.WebUiBuiltInKeywords$verifyTextPresent$4.call(Unknown Source)
	at Sale-Void.run(Sale-Void:161)
	at com.kms.katalon.core.main.ScriptEngine.run(ScriptEngine.java:194)
	at com.kms.katalon.core.main.ScriptEngine.runScriptAsRawText(ScriptEngine.java:119)
	at com.kms.katalon.core.main.TestCaseExecutor.runScript(TestCaseExecutor.java:442)
	at com.kms.katalon.core.main.TestCaseExecutor.doExecute(TestCaseExecutor.java:433)
	at com.kms.katalon.core.main.TestCaseExecutor.processExecutionPhase(TestCaseExecutor.java:412)
	at com.kms.katalon.core.main.TestCaseExecutor.accessMainPhase(TestCaseExecutor.java:404)
	at com.kms.katalon.core.main.TestCaseExecutor.execute(TestCaseExecutor.java:281)
	at com.kms.katalon.core.main.TestSuiteExecutor.accessTestCaseMainPhase(TestSuiteExecutor.java:202)
	at com.kms.katalon.core.main.TestSuiteExecutor.accessTestSuiteMainPhase(TestSuiteExecutor.java:164)
	at com.kms.katalon.core.main.TestSuiteExecutor.execute(TestSuiteExecutor.java:105)
	at com.kms.katalon.core.main.TestCaseMain.startTestSuite(TestCaseMain.java:185)
	at com.kms.katalon.core.main.TestCaseMain$startTestSuite$0.call(Unknown Source)
	at TempTestSuite1677626298320.run(TempTestSuite1677626298320.groovy:36)
Caused by: com.kms.katalon.core.exception.StepFailedException: Text 'Transaction approved, no errors' is not present on page  using regular expression
	... 23 more


2023-02-28 18:22:41 - [TEST_STEP][PASSED] - executionProfile = getExecutionProfile(): null

2023-02-28 18:22:41 - [TEST_STEP][PASSED] - out.println("executionProfile : " + executionProfile): null

2023-02-28 18:22:41 - [TEST_STEP][PASSED] - appName = <not implemented yet for class: org.codehaus.groovy.ast.expr.EmptyExpression>: null

2023-02-28 18:22:41 - [TEST_STEP][PASSED] - appID = <not implemented yet for class: org.codehaus.groovy.ast.expr.EmptyExpression>: null

2023-02-28 18:22:41 - [TEST_STEP][PASSED] - username = <not implemented yet for class: org.codehaus.groovy.ast.expr.EmptyExpression>: null

2023-02-28 18:22:41 - [TEST_STEP][PASSED] - password = <not implemented yet for class: org.codehaus.groovy.ast.expr.EmptyExpression>: null

2023-02-28 18:22:41 - [TEST_STEP][PASSED] - cardNameV = <not implemented yet for class: org.codehaus.groovy.ast.expr.EmptyExpression>: null

2023-02-28 18:22:41 - [TEST_STEP][PASSED] - al1V = <not implemented yet for class: org.codehaus.groovy.ast.expr.EmptyExpression>: null

2023-02-28 18:22:41 - [TEST_STEP][PASSED] - al2V = <not implemented yet for class: org.codehaus.groovy.ast.expr.EmptyExpression>: null

2023-02-28 18:22:41 - [TEST_STEP][PASSED] - zipV = <not implemented yet for class: org.codehaus.groovy.ast.expr.EmptyExpression>: null

2023-02-28 18:22:41 - [TEST_STEP][PASSED] - cardTypeV = <not implemented yet for class: org.codehaus.groovy.ast.expr.EmptyExpression>: null

2023-02-28 18:22:41 - [TEST_STEP][PASSED] - last4V = <not implemented yet for class: org.codehaus.groovy.ast.expr.EmptyExpression>: null

2023-02-28 18:22:41 - [TEST_STEP][PASSED] - resText = "Fail": null

2023-02-28 18:22:41 - [TEST_STEP][PASSED] - resColumn = "Result": null

2023-02-28 18:22:41 - [TEST_STEP][PASSED] - datCloumn = "Date": null

2023-02-28 18:22:41 - [TEST_STEP][PASSED] - fileLoc = "KatalonData/VLinkSmokeData.xlsx": null

2023-02-28 18:22:41 - [TEST_STEP][PASSED] - numOfRows = <not implemented yet for class: org.codehaus.groovy.ast.expr.EmptyExpression>: null

2023-02-28 18:22:41 - [TEST_STEP][PASSED] - dataFile = <not implemented yet for class: org.codehaus.groovy.ast.expr.EmptyExpression>: null

2023-02-28 18:22:41 - [TEST_STEP][PASSED] - nameSheet = <not implemented yet for class: org.codehaus.groovy.ast.expr.EmptyExpression>: null

2023-02-28 18:22:41 - [TEST_STEP][PASSED] - nameSheet = "Sale-Void": null

2023-02-28 18:22:41 - [TEST_STEP][PASSED] - numOfRows = findTestData("QA/VLinkTestData/VLinkSaleVoidData").getRowNumbers(): null

2023-02-28 18:22:41 - [TEST_STEP][PASSED] - println("Number of Records: " + numOfRows): null

2023-02-28 18:22:41 - [TEST_STEP][PASSED] - dataFile = "QA/VLinkTestData/VLinkSaleVoidData": null

2023-02-28 18:22:41 - [TEST_STEP][FAILED] - for ([row = 1, row <= numOfRows, (row++)]): null

2023-02-28 18:22:41 - [TEST_STEP][PASSED] - ExecuteTC = findTestData(dataFile).getValue("Execute", row): null

2023-02-28 18:22:41 - [TEST_STEP][PASSED] - out.println("Value of Execute is : " + ExecuteTC): null

2023-02-28 18:22:41 - [TEST_STEP][PASSED] - switch (executionProfile): null

2023-02-28 18:22:41 - [TEST_STEP][PASSED] - case "Demo2Profile":: null

2023-02-28 18:22:41 - [TEST_STEP][PASSED] - appID = findTestData(dataFile).getValue("AppIDDemo", row): null

2023-02-28 18:22:41 - [TEST_STEP][PASSED] - username = findTestData(dataFile).getValue("UsernameDemo", row): null

2023-02-28 18:22:42 - [TEST_STEP][PASSED] - password = findTestData(dataFile).getValue("PasswordDemo", row): null

2023-02-28 18:22:42 - [TEST_STEP][PASSED] - break: null

2023-02-28 18:22:42 - [TEST_STEP][PASSED] - if (ExecuteTC.equalsIgnoreCase("Y")): null

2023-02-28 18:22:42 - [TEST_STEP][PASSED] - out.println("Begin Record Number: " + row): null

2023-02-28 18:22:42 - [TEST_STEP][PASSED] - today = new java.util.Date(): null

2023-02-28 18:22:42 - [TEST_STEP][PASSED] - println(today): null

2023-02-28 18:22:42 - [TEST_STEP][PASSED] - datText = today: null

2023-02-28 18:22:42 - [TEST_STEP][PASSED] - category = findTestData(dataFile).getValue("Category", row): null

2023-02-28 18:22:42 - [TEST_STEP][PASSED] - amount = findTestData(dataFile).getValue("Amount", row): null

2023-02-28 18:22:42 - [TEST_STEP][PASSED] - cardNumber = findTestData(dataFile).getValue("CardNumber", row): null

2023-02-28 18:22:42 - [TEST_STEP][PASSED] - exM = findTestData(dataFile).getValue("ExM", row): null

2023-02-28 18:22:43 - [TEST_STEP][PASSED] - exY = findTestData(dataFile).getValue("ExY", row): null

2023-02-28 18:22:43 - [TEST_STEP][PASSED] - openBrowser(VLinkURL + "authcap.html"): Browser is opened with url: 'https://dev-algorithm.govolution.com/vlinktest/demo2/version_2_0/authcap.html'

2023-02-28 18:22:43 - [MESSAGE][WARNING] - A browser is already opened. Closing browser and opening a new one

2023-02-28 18:22:44 - [MESSAGE][INFO] - Starting 'Chrome' driver

2023-02-28 18:22:44 - [MESSAGE][INFO] - User set preference: ['acceptInsecureCerts', 'true']

2023-02-28 18:22:44 - [MESSAGE][INFO] - Action delay is set to 0 milliseconds

2023-02-28 18:22:46 - [MESSAGE][PASSED] - Browser is opened with url: 'https://dev-algorithm.govolution.com/vlinktest/demo2/version_2_0/authcap.html'

2023-02-28 18:22:46 - [TEST_STEP][PASSED] - maximizeWindow(): Current window maximized

2023-02-28 18:22:46 - [MESSAGE][PASSED] - Current window maximized

2023-02-28 18:22:46 - [TEST_STEP][PASSED] - maximizeWindow(): Current window maximized

2023-02-28 18:22:46 - [MESSAGE][PASSED] - Current window maximized

2023-02-28 18:22:46 - [TEST_STEP][PASSED] - genRemID = RandomStringUtils.random(12, true, true): null

2023-02-28 18:22:46 - [TEST_STEP][PASSED] - setText(findTestObject("Object Repository/RecAndPlayBk/Page-Vlink-Sale/input_Remittance Id_remittance_id"), genRemID): Text 'CNMvGAfbE36F' is set on object 'Object Repository/RecAndPlayBk/Page-Vlink-Sale/input_Remittance Id_remittance_id'

2023-02-28 18:22:47 - [MESSAGE][PASSED] - Text 'CNMvGAfbE36F' is set on object 'Object Repository/RecAndPlayBk/Page-Vlink-Sale/input_Remittance Id_remittance_id'

2023-02-28 18:22:47 - [TEST_STEP][PASSED] - setText(findTestObject("Object Repository/RecAndPlayBk/Page-Vlink-Sale/input_Application Id_application_id"), appID): Text '1773' is set on object 'Object Repository/RecAndPlayBk/Page-Vlink-Sale/input_Application Id_application_id'

2023-02-28 18:22:47 - [MESSAGE][PASSED] - Text '1773' is set on object 'Object Repository/RecAndPlayBk/Page-Vlink-Sale/input_Application Id_application_id'

2023-02-28 18:22:47 - [TEST_STEP][PASSED] - setText(findTestObject("Object Repository/RecAndPlayBk/Page-Vlink-Sale/input_Username_username"), username): Text 'Qq2BV1qtr' is set on object 'Object Repository/RecAndPlayBk/Page-Vlink-Sale/input_Username_username'

2023-02-28 18:22:48 - [MESSAGE][PASSED] - Text 'Qq2BV1qtr' is set on object 'Object Repository/RecAndPlayBk/Page-Vlink-Sale/input_Username_username'

2023-02-28 18:22:48 - [TEST_STEP][PASSED] - setText(findTestObject("Object Repository/RecAndPlayBk/Page-Vlink-Sale/input_Password_password"), password): Text 'tUmWBiLUx' is set on object 'Object Repository/RecAndPlayBk/Page-Vlink-Sale/input_Password_password'

2023-02-28 18:22:49 - [MESSAGE][PASSED] - Text 'tUmWBiLUx' is set on object 'Object Repository/RecAndPlayBk/Page-Vlink-Sale/input_Password_password'

2023-02-28 18:22:49 - [TEST_STEP][PASSED] - setText(findTestObject("Object Repository/RecAndPlayBk/Page-Vlink-Sale/input_Category_category"), category): Text 'ECOM' is set on object 'Object Repository/RecAndPlayBk/Page-Vlink-Sale/input_Category_category'

2023-02-28 18:22:49 - [MESSAGE][PASSED] - Text 'ECOM' is set on object 'Object Repository/RecAndPlayBk/Page-Vlink-Sale/input_Category_category'

2023-02-28 18:22:49 - [TEST_STEP][PASSED] - setText(findTestObject("Object Repository/RecAndPlayBk/Page-Vlink-Sale/input_Amount_amount"), amount): Text '10.5' is set on object 'Object Repository/RecAndPlayBk/Page-Vlink-Sale/input_Amount_amount'

2023-02-28 18:22:50 - [MESSAGE][PASSED] - Text '10.5' is set on object 'Object Repository/RecAndPlayBk/Page-Vlink-Sale/input_Amount_amount'

2023-02-28 18:22:50 - [TEST_STEP][PASSED] - doubleClick(findTestObject("Object Repository/RecAndPlayBk/Page-Vlink-Sale/input_Card number_card_number")): Object: 'Object Repository/RecAndPlayBk/Page-Vlink-Sale/input_Card number_card_number' is double clicked on

2023-02-28 18:22:50 - [MESSAGE][PASSED] - Object: 'Object Repository/RecAndPlayBk/Page-Vlink-Sale/input_Card number_card_number' is double clicked on

2023-02-28 18:22:50 - [TEST_STEP][PASSED] - setText(findTestObject("Object Repository/RecAndPlayBk/Page-Vlink-Sale/input_Card number_card_number"), cardNumber): Text '4111111111111111' is set on object 'Object Repository/RecAndPlayBk/Page-Vlink-Sale/input_Card number_card_number'

2023-02-28 18:22:51 - [MESSAGE][PASSED] - Text '4111111111111111' is set on object 'Object Repository/RecAndPlayBk/Page-Vlink-Sale/input_Card number_card_number'

2023-02-28 18:22:51 - [TEST_STEP][PASSED] - setText(findTestObject("Object Repository/RecAndPlayBk/Page-Vlink-Sale/input_Card ex month_card_exmo"), exM): Text '12' is set on object 'Object Repository/RecAndPlayBk/Page-Vlink-Sale/input_Card ex month_card_exmo'

2023-02-28 18:22:52 - [MESSAGE][PASSED] - Text '12' is set on object 'Object Repository/RecAndPlayBk/Page-Vlink-Sale/input_Card ex month_card_exmo'

2023-02-28 18:22:52 - [TEST_STEP][PASSED] - setText(findTestObject("Object Repository/RecAndPlayBk/Page-Vlink-Sale/input_Card ex year_card_exyr"), exY): Text '2029' is set on object 'Object Repository/RecAndPlayBk/Page-Vlink-Sale/input_Card ex year_card_exyr'

2023-02-28 18:22:52 - [MESSAGE][PASSED] - Text '2029' is set on object 'Object Repository/RecAndPlayBk/Page-Vlink-Sale/input_Card ex year_card_exyr'

2023-02-28 18:22:52 - [TEST_STEP][PASSED] - click(findTestObject("Object Repository/RecAndPlayBk/Page-Vlink-Sale/input_Track Data_track_data")): Object: 'Object Repository/RecAndPlayBk/Page-Vlink-Sale/input_Track Data_track_data' is clicked on

2023-02-28 18:22:53 - [MESSAGE][PASSED] - Object: 'Object Repository/RecAndPlayBk/Page-Vlink-Sale/input_Track Data_track_data' is clicked on

2023-02-28 18:22:53 - [TEST_STEP][PASSED] - click(findTestObject("Object Repository/RecAndPlayBk/Page-Vlink-Sale/input_CVV state_cvv_state")): Object: 'Object Repository/RecAndPlayBk/Page-Vlink-Sale/input_CVV state_cvv_state' is clicked on

2023-02-28 18:22:53 - [MESSAGE][PASSED] - Object: 'Object Repository/RecAndPlayBk/Page-Vlink-Sale/input_CVV state_cvv_state' is clicked on

2023-02-28 18:22:53 - [TEST_STEP][PASSED] - setText(findTestObject("Object Repository/RecAndPlayBk/Page-Vlink-Sale/input_Track Data_track_data"), ""): Text '' is set on object 'Object Repository/RecAndPlayBk/Page-Vlink-Sale/input_Track Data_track_data'

2023-02-28 18:22:53 - [MESSAGE][PASSED] - Text '' is set on object 'Object Repository/RecAndPlayBk/Page-Vlink-Sale/input_Track Data_track_data'

2023-02-28 18:22:53 - [TEST_STEP][PASSED] - setText(findTestObject("Object Repository/RecAndPlayBk/Page-Vlink-Sale/input_concat(Cardholder, , s email)_email"), ""): Text '' is set on object 'Object Repository/RecAndPlayBk/Page-Vlink-Sale/input_concat(Cardholder, , s email)_email'

2023-02-28 18:22:54 - [MESSAGE][PASSED] - Text '' is set on object 'Object Repository/RecAndPlayBk/Page-Vlink-Sale/input_concat(Cardholder, , s email)_email'

2023-02-28 18:22:54 - [TEST_STEP][PASSED] - click(findTestObject("Object Repository/RecAndPlayBk/Page-Vlink-Sale/input_user_defined10_user_defined10")): Object: 'Object Repository/RecAndPlayBk/Page-Vlink-Sale/input_user_defined10_user_defined10' is clicked on

2023-02-28 18:22:55 - [MESSAGE][PASSED] - Object: 'Object Repository/RecAndPlayBk/Page-Vlink-Sale/input_user_defined10_user_defined10' is clicked on

2023-02-28 18:22:55 - [TEST_STEP][PASSED] - if (executionProfile.equalsIgnoreCase("QAProfile") || executionProfile.equalsIgnoreCase("DemoProfile")): null

2023-02-28 18:22:55 - [TEST_STEP][PASSED] - click(findTestObject("Object Repository/RecAndPlayBk/Page-Vlink-Sale/input")): Object: 'Object Repository/RecAndPlayBk/Page-Vlink-Sale/input' is clicked on

2023-02-28 18:22:57 - [MESSAGE][PASSED] - Object: 'Object Repository/RecAndPlayBk/Page-Vlink-Sale/input' is clicked on

2023-02-28 18:22:57 - [TEST_STEP][PASSED] - if (verifyTextPresent("Transaction approved, no errors", true)): null

2023-02-28 18:22:57 - [MESSAGE][PASSED] - Text 'Transaction approved, no errors' is present on page  using regular expression

2023-02-28 18:22:57 - [TEST_STEP][PASSED] - println("Transaction Approved, no errors text is present on the Confirmation page"): null

2023-02-28 18:22:57 - [TEST_STEP][PASSED] - sdfo = getText(findTestObject("Object Repository/Page_VLinkReceipt/pre_STX")): Text of object 'Object Repository/Page_VLinkReceipt/pre_STX' is: '<STX>CNMvGAfbE36F                  2920745             0  Transaction approved, no errors                   0                                                                                  Y 454754294<ETX>'

2023-02-28 18:22:58 - [MESSAGE][PASSED] - Text of object 'Object Repository/Page_VLinkReceipt/pre_STX' is: '<STX>CNMvGAfbE36F                  2920745             0  Transaction approved, no errors                   0                                                                                  Y 454754294<ETX>'

2023-02-28 18:22:58 - [TEST_STEP][PASSED] - out.println("sdfo: " + sdfo): null

2023-02-28 18:22:58 - [TEST_STEP][PASSED] - remID = substring(5, 35).trim(): null

2023-02-28 18:22:58 - [TEST_STEP][PASSED] - out.println("remID: " + remID): null

2023-02-28 18:22:58 - [TEST_STEP][PASSED] - traxID = substring(35, 55).trim(): null

2023-02-28 18:22:58 - [TEST_STEP][PASSED] - out.println("traxID: " + traxID): null

2023-02-28 18:22:58 - [TEST_STEP][PASSED] - VLinkSaleRemID = remID: null

2023-02-28 18:22:58 - [TEST_STEP][PASSED] - VLinkSaleTranxID = traxID: null

2023-02-28 18:22:58 - [TEST_STEP][PASSED] - openBrowser(VLinkURL + "CC_void.html"): Browser is opened with url: 'https://dev-algorithm.govolution.com/vlinktest/demo2/version_2_0/CC_void.html'

2023-02-28 18:22:58 - [MESSAGE][WARNING] - A browser is already opened. Closing browser and opening a new one

2023-02-28 18:22:58 - [MESSAGE][INFO] - Starting 'Chrome' driver

2023-02-28 18:22:58 - [MESSAGE][INFO] - User set preference: ['acceptInsecureCerts', 'true']

2023-02-28 18:22:58 - [MESSAGE][INFO] - Action delay is set to 0 milliseconds

2023-02-28 18:23:00 - [MESSAGE][PASSED] - Browser is opened with url: 'https://dev-algorithm.govolution.com/vlinktest/demo2/version_2_0/CC_void.html'

2023-02-28 18:23:00 - [TEST_STEP][PASSED] - maximizeWindow(): Current window maximized

2023-02-28 18:23:01 - [MESSAGE][PASSED] - Current window maximized

2023-02-28 18:23:01 - [TEST_STEP][PASSED] - setText(findTestObject("Object Repository/RecAndPlayBk/Page-Vlink-CC-Void/txt_RemID"), VLinkSaleRemID): Text 'CNMvGAfbE36F' is set on object 'Object Repository/RecAndPlayBk/Page-Vlink-CC-Void/txt_RemID'

2023-02-28 18:23:01 - [MESSAGE][PASSED] - Text 'CNMvGAfbE36F' is set on object 'Object Repository/RecAndPlayBk/Page-Vlink-CC-Void/txt_RemID'

2023-02-28 18:23:01 - [TEST_STEP][PASSED] - setText(findTestObject("Object Repository/RecAndPlayBk/Page-Vlink-CC-Void/txt_ApplicationID"), appID): Text '1773' is set on object 'Object Repository/RecAndPlayBk/Page-Vlink-CC-Void/txt_ApplicationID'

2023-02-28 18:23:02 - [MESSAGE][PASSED] - Text '1773' is set on object 'Object Repository/RecAndPlayBk/Page-Vlink-CC-Void/txt_ApplicationID'

2023-02-28 18:23:02 - [TEST_STEP][PASSED] - setText(findTestObject("Object Repository/RecAndPlayBk/Page-Vlink-CC-Void/txt_Username"), username): Text 'Qq2BV1qtr' is set on object 'Object Repository/RecAndPlayBk/Page-Vlink-CC-Void/txt_Username'

2023-02-28 18:23:03 - [MESSAGE][PASSED] - Text 'Qq2BV1qtr' is set on object 'Object Repository/RecAndPlayBk/Page-Vlink-CC-Void/txt_Username'

2023-02-28 18:23:03 - [TEST_STEP][PASSED] - setText(findTestObject("Object Repository/RecAndPlayBk/Page-Vlink-CC-Void/txt_Password"), password): Text 'tUmWBiLUx' is set on object 'Object Repository/RecAndPlayBk/Page-Vlink-CC-Void/txt_Password'

2023-02-28 18:23:03 - [MESSAGE][PASSED] - Text 'tUmWBiLUx' is set on object 'Object Repository/RecAndPlayBk/Page-Vlink-CC-Void/txt_Password'

2023-02-28 18:23:03 - [TEST_STEP][PASSED] - setText(findTestObject("Object Repository/RecAndPlayBk/Page-Vlink-CC-Void/txt_TransactionID"), VLinkSaleTranxID): Text '2920745' is set on object 'Object Repository/RecAndPlayBk/Page-Vlink-CC-Void/txt_TransactionID'

2023-02-28 18:23:04 - [MESSAGE][PASSED] - Text '2920745' is set on object 'Object Repository/RecAndPlayBk/Page-Vlink-CC-Void/txt_TransactionID'

2023-02-28 18:23:04 - [TEST_STEP][PASSED] - setText(findTestObject("Object Repository/RecAndPlayBk/Page-Vlink-CC-Void/txt_OriginalTransactionType"), "104"): Text '104' is set on object 'Object Repository/RecAndPlayBk/Page-Vlink-CC-Void/txt_OriginalTransactionType'

2023-02-28 18:23:04 - [MESSAGE][PASSED] - Text '104' is set on object 'Object Repository/RecAndPlayBk/Page-Vlink-CC-Void/txt_OriginalTransactionType'

2023-02-28 18:23:04 - [TEST_STEP][PASSED] - setText(findTestObject("Object Repository/RecAndPlayBk/Page-Vlink-CC-Void/txt_TrackData"), ""): Text '' is set on object 'Object Repository/RecAndPlayBk/Page-Vlink-CC-Void/txt_TrackData'

2023-02-28 18:23:05 - [MESSAGE][PASSED] - Text '' is set on object 'Object Repository/RecAndPlayBk/Page-Vlink-CC-Void/txt_TrackData'

2023-02-28 18:23:05 - [TEST_STEP][PASSED] - click(findTestObject("Object Repository/RecAndPlayBk/Page-Vlink-CC-Void/btn_ProcessVLinkTransaction")): Object: 'Object Repository/RecAndPlayBk/Page-Vlink-CC-Void/btn_ProcessVLinkTransaction' is clicked on

2023-02-28 18:23:08 - [MESSAGE][PASSED] - Object: 'Object Repository/RecAndPlayBk/Page-Vlink-CC-Void/btn_ProcessVLinkTransaction' is clicked on

2023-02-28 18:23:08 - [TEST_STEP][PASSED] - if (verifyTextPresent("Transaction approved, no errors", true)): null

2023-02-28 18:23:08 - [MESSAGE][PASSED] - Text 'Transaction approved, no errors' is present on page  using regular expression

2023-02-28 18:23:08 - [TEST_STEP][PASSED] - println("Transaction Approved, no errors text is present on the Confirmation page"): null

2023-02-28 18:23:08 - [TEST_STEP][PASSED] - out.println("Pass Record Number: " + row): null

2023-02-28 18:23:08 - [TEST_STEP][PASSED] - resText = "Pass": null

2023-02-28 18:23:08 - [TEST_STEP][PASSED] - pages.WriteExcel.demoKey(resText, datText, resColumn, datCloumn, fileLoc, nameSheet, row): pages.WriteExcel.demoKey is PASSED

2023-02-28 18:23:08 - [MESSAGE][PASSED] - pages.WriteExcel.demoKey is PASSED

2023-02-28 18:23:08 - [TEST_STEP][PASSED] - ExecuteTC = findTestData(dataFile).getValue("Execute", row): null

2023-02-28 18:23:08 - [TEST_STEP][PASSED] - out.println("Value of Execute is : " + ExecuteTC): null

2023-02-28 18:23:08 - [TEST_STEP][PASSED] - switch (executionProfile): null

2023-02-28 18:23:08 - [TEST_STEP][PASSED] - case "Demo2Profile":: null

2023-02-28 18:23:08 - [TEST_STEP][PASSED] - appID = findTestData(dataFile).getValue("AppIDDemo", row): null

2023-02-28 18:23:08 - [TEST_STEP][PASSED] - username = findTestData(dataFile).getValue("UsernameDemo", row): null

2023-02-28 18:23:08 - [TEST_STEP][PASSED] - password = findTestData(dataFile).getValue("PasswordDemo", row): null

2023-02-28 18:23:08 - [TEST_STEP][PASSED] - break: null

2023-02-28 18:23:08 - [TEST_STEP][PASSED] - if (ExecuteTC.equalsIgnoreCase("Y")): null

2023-02-28 18:23:08 - [TEST_STEP][PASSED] - out.println("Begin Record Number: " + row): null

2023-02-28 18:23:08 - [TEST_STEP][PASSED] - today = new java.util.Date(): null

2023-02-28 18:23:08 - [TEST_STEP][PASSED] - println(today): null

2023-02-28 18:23:08 - [TEST_STEP][PASSED] - datText = today: null

2023-02-28 18:23:08 - [TEST_STEP][PASSED] - category = findTestData(dataFile).getValue("Category", row): null

2023-02-28 18:23:09 - [TEST_STEP][PASSED] - amount = findTestData(dataFile).getValue("Amount", row): null

2023-02-28 18:23:09 - [TEST_STEP][PASSED] - cardNumber = findTestData(dataFile).getValue("CardNumber", row): null

2023-02-28 18:23:09 - [TEST_STEP][PASSED] - exM = findTestData(dataFile).getValue("ExM", row): null

2023-02-28 18:23:09 - [TEST_STEP][PASSED] - exY = findTestData(dataFile).getValue("ExY", row): null

2023-02-28 18:23:09 - [TEST_STEP][PASSED] - openBrowser(VLinkURL + "authcap.html"): Browser is opened with url: 'https://dev-algorithm.govolution.com/vlinktest/demo2/version_2_0/authcap.html'

2023-02-28 18:23:09 - [MESSAGE][WARNING] - A browser is already opened. Closing browser and opening a new one

2023-02-28 18:23:10 - [MESSAGE][INFO] - Starting 'Chrome' driver

2023-02-28 18:23:10 - [MESSAGE][INFO] - User set preference: ['acceptInsecureCerts', 'true']

2023-02-28 18:23:10 - [MESSAGE][INFO] - Action delay is set to 0 milliseconds

2023-02-28 18:23:12 - [MESSAGE][PASSED] - Browser is opened with url: 'https://dev-algorithm.govolution.com/vlinktest/demo2/version_2_0/authcap.html'

2023-02-28 18:23:12 - [TEST_STEP][PASSED] - maximizeWindow(): Current window maximized

2023-02-28 18:23:12 - [MESSAGE][PASSED] - Current window maximized

2023-02-28 18:23:12 - [TEST_STEP][PASSED] - maximizeWindow(): Current window maximized

2023-02-28 18:23:12 - [MESSAGE][PASSED] - Current window maximized

2023-02-28 18:23:12 - [TEST_STEP][PASSED] - genRemID = RandomStringUtils.random(12, true, true): null

2023-02-28 18:23:12 - [TEST_STEP][PASSED] - setText(findTestObject("Object Repository/RecAndPlayBk/Page-Vlink-Sale/input_Remittance Id_remittance_id"), genRemID): Text '59CAFoVmBag3' is set on object 'Object Repository/RecAndPlayBk/Page-Vlink-Sale/input_Remittance Id_remittance_id'

2023-02-28 18:23:13 - [MESSAGE][PASSED] - Text '59CAFoVmBag3' is set on object 'Object Repository/RecAndPlayBk/Page-Vlink-Sale/input_Remittance Id_remittance_id'

2023-02-28 18:23:13 - [TEST_STEP][PASSED] - setText(findTestObject("Object Repository/RecAndPlayBk/Page-Vlink-Sale/input_Application Id_application_id"), appID): Text '1773' is set on object 'Object Repository/RecAndPlayBk/Page-Vlink-Sale/input_Application Id_application_id'

2023-02-28 18:23:13 - [MESSAGE][PASSED] - Text '1773' is set on object 'Object Repository/RecAndPlayBk/Page-Vlink-Sale/input_Application Id_application_id'

2023-02-28 18:23:13 - [TEST_STEP][PASSED] - setText(findTestObject("Object Repository/RecAndPlayBk/Page-Vlink-Sale/input_Username_username"), username): Text 'Qq2BV1qtr' is set on object 'Object Repository/RecAndPlayBk/Page-Vlink-Sale/input_Username_username'

2023-02-28 18:23:14 - [MESSAGE][PASSED] - Text 'Qq2BV1qtr' is set on object 'Object Repository/RecAndPlayBk/Page-Vlink-Sale/input_Username_username'

2023-02-28 18:23:14 - [TEST_STEP][PASSED] - setText(findTestObject("Object Repository/RecAndPlayBk/Page-Vlink-Sale/input_Password_password"), password): Text 'tUmWBiLUx' is set on object 'Object Repository/RecAndPlayBk/Page-Vlink-Sale/input_Password_password'

2023-02-28 18:23:14 - [MESSAGE][PASSED] - Text 'tUmWBiLUx' is set on object 'Object Repository/RecAndPlayBk/Page-Vlink-Sale/input_Password_password'

2023-02-28 18:23:14 - [TEST_STEP][PASSED] - setText(findTestObject("Object Repository/RecAndPlayBk/Page-Vlink-Sale/input_Category_category"), category): Text 'MOTO' is set on object 'Object Repository/RecAndPlayBk/Page-Vlink-Sale/input_Category_category'

2023-02-28 18:23:15 - [MESSAGE][PASSED] - Text 'MOTO' is set on object 'Object Repository/RecAndPlayBk/Page-Vlink-Sale/input_Category_category'

2023-02-28 18:23:15 - [TEST_STEP][PASSED] - setText(findTestObject("Object Repository/RecAndPlayBk/Page-Vlink-Sale/input_Amount_amount"), amount): Text '10.5' is set on object 'Object Repository/RecAndPlayBk/Page-Vlink-Sale/input_Amount_amount'

2023-02-28 18:23:16 - [MESSAGE][PASSED] - Text '10.5' is set on object 'Object Repository/RecAndPlayBk/Page-Vlink-Sale/input_Amount_amount'

2023-02-28 18:23:16 - [TEST_STEP][PASSED] - doubleClick(findTestObject("Object Repository/RecAndPlayBk/Page-Vlink-Sale/input_Card number_card_number")): Object: 'Object Repository/RecAndPlayBk/Page-Vlink-Sale/input_Card number_card_number' is double clicked on

2023-02-28 18:23:16 - [MESSAGE][PASSED] - Object: 'Object Repository/RecAndPlayBk/Page-Vlink-Sale/input_Card number_card_number' is double clicked on

2023-02-28 18:23:16 - [TEST_STEP][PASSED] - setText(findTestObject("Object Repository/RecAndPlayBk/Page-Vlink-Sale/input_Card number_card_number"), cardNumber): Text '5424000000000015' is set on object 'Object Repository/RecAndPlayBk/Page-Vlink-Sale/input_Card number_card_number'

2023-02-28 18:23:17 - [MESSAGE][PASSED] - Text '5424000000000015' is set on object 'Object Repository/RecAndPlayBk/Page-Vlink-Sale/input_Card number_card_number'

2023-02-28 18:23:17 - [TEST_STEP][PASSED] - setText(findTestObject("Object Repository/RecAndPlayBk/Page-Vlink-Sale/input_Card ex month_card_exmo"), exM): Text '12' is set on object 'Object Repository/RecAndPlayBk/Page-Vlink-Sale/input_Card ex month_card_exmo'

2023-02-28 18:23:17 - [MESSAGE][PASSED] - Text '12' is set on object 'Object Repository/RecAndPlayBk/Page-Vlink-Sale/input_Card ex month_card_exmo'

2023-02-28 18:23:17 - [TEST_STEP][PASSED] - setText(findTestObject("Object Repository/RecAndPlayBk/Page-Vlink-Sale/input_Card ex year_card_exyr"), exY): Text '2029' is set on object 'Object Repository/RecAndPlayBk/Page-Vlink-Sale/input_Card ex year_card_exyr'

2023-02-28 18:23:18 - [MESSAGE][PASSED] - Text '2029' is set on object 'Object Repository/RecAndPlayBk/Page-Vlink-Sale/input_Card ex year_card_exyr'

2023-02-28 18:23:18 - [TEST_STEP][PASSED] - click(findTestObject("Object Repository/RecAndPlayBk/Page-Vlink-Sale/input_Track Data_track_data")): Object: 'Object Repository/RecAndPlayBk/Page-Vlink-Sale/input_Track Data_track_data' is clicked on

2023-02-28 18:23:18 - [MESSAGE][PASSED] - Object: 'Object Repository/RecAndPlayBk/Page-Vlink-Sale/input_Track Data_track_data' is clicked on

2023-02-28 18:23:18 - [TEST_STEP][PASSED] - click(findTestObject("Object Repository/RecAndPlayBk/Page-Vlink-Sale/input_CVV state_cvv_state")): Object: 'Object Repository/RecAndPlayBk/Page-Vlink-Sale/input_CVV state_cvv_state' is clicked on

2023-02-28 18:23:19 - [MESSAGE][PASSED] - Object: 'Object Repository/RecAndPlayBk/Page-Vlink-Sale/input_CVV state_cvv_state' is clicked on

2023-02-28 18:23:19 - [TEST_STEP][PASSED] - setText(findTestObject("Object Repository/RecAndPlayBk/Page-Vlink-Sale/input_Track Data_track_data"), ""): Text '' is set on object 'Object Repository/RecAndPlayBk/Page-Vlink-Sale/input_Track Data_track_data'

2023-02-28 18:23:19 - [MESSAGE][PASSED] - Text '' is set on object 'Object Repository/RecAndPlayBk/Page-Vlink-Sale/input_Track Data_track_data'

2023-02-28 18:23:19 - [TEST_STEP][PASSED] - setText(findTestObject("Object Repository/RecAndPlayBk/Page-Vlink-Sale/input_concat(Cardholder, , s email)_email"), ""): Text '' is set on object 'Object Repository/RecAndPlayBk/Page-Vlink-Sale/input_concat(Cardholder, , s email)_email'

2023-02-28 18:23:20 - [MESSAGE][PASSED] - Text '' is set on object 'Object Repository/RecAndPlayBk/Page-Vlink-Sale/input_concat(Cardholder, , s email)_email'

2023-02-28 18:23:20 - [TEST_STEP][PASSED] - click(findTestObject("Object Repository/RecAndPlayBk/Page-Vlink-Sale/input_user_defined10_user_defined10")): Object: 'Object Repository/RecAndPlayBk/Page-Vlink-Sale/input_user_defined10_user_defined10' is clicked on

2023-02-28 18:23:20 - [MESSAGE][PASSED] - Object: 'Object Repository/RecAndPlayBk/Page-Vlink-Sale/input_user_defined10_user_defined10' is clicked on

2023-02-28 18:23:20 - [TEST_STEP][PASSED] - if (executionProfile.equalsIgnoreCase("QAProfile") || executionProfile.equalsIgnoreCase("DemoProfile")): null

2023-02-28 18:23:20 - [TEST_STEP][PASSED] - click(findTestObject("Object Repository/RecAndPlayBk/Page-Vlink-Sale/input")): Object: 'Object Repository/RecAndPlayBk/Page-Vlink-Sale/input' is clicked on

2023-02-28 18:23:22 - [MESSAGE][PASSED] - Object: 'Object Repository/RecAndPlayBk/Page-Vlink-Sale/input' is clicked on

2023-02-28 18:23:22 - [TEST_STEP][PASSED] - if (verifyTextPresent("Transaction approved, no errors", true)): null

2023-02-28 18:23:23 - [MESSAGE][PASSED] - Text 'Transaction approved, no errors' is present on page  using regular expression

2023-02-28 18:23:23 - [TEST_STEP][PASSED] - println("Transaction Approved, no errors text is present on the Confirmation page"): null

2023-02-28 18:23:23 - [TEST_STEP][PASSED] - sdfo = getText(findTestObject("Object Repository/Page_VLinkReceipt/pre_STX")): Text of object 'Object Repository/Page_VLinkReceipt/pre_STX' is: '<STX>59CAFoVmBag3                  2920747             0  Transaction approved, no errors                   0                                                                                  Y 204826797<ETX>'

2023-02-28 18:23:23 - [MESSAGE][PASSED] - Text of object 'Object Repository/Page_VLinkReceipt/pre_STX' is: '<STX>59CAFoVmBag3                  2920747             0  Transaction approved, no errors                   0                                                                                  Y 204826797<ETX>'

2023-02-28 18:23:23 - [TEST_STEP][PASSED] - out.println("sdfo: " + sdfo): null

2023-02-28 18:23:23 - [TEST_STEP][PASSED] - remID = substring(5, 35).trim(): null

2023-02-28 18:23:23 - [TEST_STEP][PASSED] - out.println("remID: " + remID): null

2023-02-28 18:23:23 - [TEST_STEP][PASSED] - traxID = substring(35, 55).trim(): null

2023-02-28 18:23:23 - [TEST_STEP][PASSED] - out.println("traxID: " + traxID): null

2023-02-28 18:23:23 - [TEST_STEP][PASSED] - VLinkSaleRemID = remID: null

2023-02-28 18:23:23 - [TEST_STEP][PASSED] - VLinkSaleTranxID = traxID: null

2023-02-28 18:23:23 - [TEST_STEP][PASSED] - openBrowser(VLinkURL + "CC_void.html"): Browser is opened with url: 'https://dev-algorithm.govolution.com/vlinktest/demo2/version_2_0/CC_void.html'

2023-02-28 18:23:23 - [MESSAGE][WARNING] - A browser is already opened. Closing browser and opening a new one

2023-02-28 18:23:24 - [MESSAGE][INFO] - Starting 'Chrome' driver

2023-02-28 18:23:24 - [MESSAGE][INFO] - User set preference: ['acceptInsecureCerts', 'true']

2023-02-28 18:23:24 - [MESSAGE][INFO] - Action delay is set to 0 milliseconds

2023-02-28 18:23:26 - [MESSAGE][PASSED] - Browser is opened with url: 'https://dev-algorithm.govolution.com/vlinktest/demo2/version_2_0/CC_void.html'

2023-02-28 18:23:26 - [TEST_STEP][PASSED] - maximizeWindow(): Current window maximized

2023-02-28 18:23:26 - [MESSAGE][PASSED] - Current window maximized

2023-02-28 18:23:26 - [TEST_STEP][PASSED] - setText(findTestObject("Object Repository/RecAndPlayBk/Page-Vlink-CC-Void/txt_RemID"), VLinkSaleRemID): Text '59CAFoVmBag3' is set on object 'Object Repository/RecAndPlayBk/Page-Vlink-CC-Void/txt_RemID'

2023-02-28 18:23:27 - [MESSAGE][PASSED] - Text '59CAFoVmBag3' is set on object 'Object Repository/RecAndPlayBk/Page-Vlink-CC-Void/txt_RemID'

2023-02-28 18:23:27 - [TEST_STEP][PASSED] - setText(findTestObject("Object Repository/RecAndPlayBk/Page-Vlink-CC-Void/txt_ApplicationID"), appID): Text '1773' is set on object 'Object Repository/RecAndPlayBk/Page-Vlink-CC-Void/txt_ApplicationID'

2023-02-28 18:23:27 - [MESSAGE][PASSED] - Text '1773' is set on object 'Object Repository/RecAndPlayBk/Page-Vlink-CC-Void/txt_ApplicationID'

2023-02-28 18:23:27 - [TEST_STEP][PASSED] - setText(findTestObject("Object Repository/RecAndPlayBk/Page-Vlink-CC-Void/txt_Username"), username): Text 'Qq2BV1qtr' is set on object 'Object Repository/RecAndPlayBk/Page-Vlink-CC-Void/txt_Username'

2023-02-28 18:23:28 - [MESSAGE][PASSED] - Text 'Qq2BV1qtr' is set on object 'Object Repository/RecAndPlayBk/Page-Vlink-CC-Void/txt_Username'

2023-02-28 18:23:28 - [TEST_STEP][PASSED] - setText(findTestObject("Object Repository/RecAndPlayBk/Page-Vlink-CC-Void/txt_Password"), password): Text 'tUmWBiLUx' is set on object 'Object Repository/RecAndPlayBk/Page-Vlink-CC-Void/txt_Password'

2023-02-28 18:23:28 - [MESSAGE][PASSED] - Text 'tUmWBiLUx' is set on object 'Object Repository/RecAndPlayBk/Page-Vlink-CC-Void/txt_Password'

2023-02-28 18:23:28 - [TEST_STEP][PASSED] - setText(findTestObject("Object Repository/RecAndPlayBk/Page-Vlink-CC-Void/txt_TransactionID"), VLinkSaleTranxID): Text '2920747' is set on object 'Object Repository/RecAndPlayBk/Page-Vlink-CC-Void/txt_TransactionID'

2023-02-28 18:23:29 - [MESSAGE][PASSED] - Text '2920747' is set on object 'Object Repository/RecAndPlayBk/Page-Vlink-CC-Void/txt_TransactionID'

2023-02-28 18:23:29 - [TEST_STEP][PASSED] - setText(findTestObject("Object Repository/RecAndPlayBk/Page-Vlink-CC-Void/txt_OriginalTransactionType"), "104"): Text '104' is set on object 'Object Repository/RecAndPlayBk/Page-Vlink-CC-Void/txt_OriginalTransactionType'

2023-02-28 18:23:30 - [MESSAGE][PASSED] - Text '104' is set on object 'Object Repository/RecAndPlayBk/Page-Vlink-CC-Void/txt_OriginalTransactionType'

2023-02-28 18:23:30 - [TEST_STEP][PASSED] - setText(findTestObject("Object Repository/RecAndPlayBk/Page-Vlink-CC-Void/txt_TrackData"), ""): Text '' is set on object 'Object Repository/RecAndPlayBk/Page-Vlink-CC-Void/txt_TrackData'

2023-02-28 18:23:30 - [MESSAGE][PASSED] - Text '' is set on object 'Object Repository/RecAndPlayBk/Page-Vlink-CC-Void/txt_TrackData'

2023-02-28 18:23:30 - [TEST_STEP][PASSED] - click(findTestObject("Object Repository/RecAndPlayBk/Page-Vlink-CC-Void/btn_ProcessVLinkTransaction")): Object: 'Object Repository/RecAndPlayBk/Page-Vlink-CC-Void/btn_ProcessVLinkTransaction' is clicked on

2023-02-28 18:23:33 - [MESSAGE][PASSED] - Object: 'Object Repository/RecAndPlayBk/Page-Vlink-CC-Void/btn_ProcessVLinkTransaction' is clicked on

2023-02-28 18:23:33 - [TEST_STEP][PASSED] - if (verifyTextPresent("Transaction approved, no errors", true)): null

2023-02-28 18:23:33 - [MESSAGE][PASSED] - Text 'Transaction approved, no errors' is present on page  using regular expression

2023-02-28 18:23:33 - [TEST_STEP][PASSED] - println("Transaction Approved, no errors text is present on the Confirmation page"): null

2023-02-28 18:23:33 - [TEST_STEP][PASSED] - out.println("Pass Record Number: " + row): null

2023-02-28 18:23:33 - [TEST_STEP][PASSED] - resText = "Pass": null

2023-02-28 18:23:33 - [TEST_STEP][PASSED] - pages.WriteExcel.demoKey(resText, datText, resColumn, datCloumn, fileLoc, nameSheet, row): pages.WriteExcel.demoKey is PASSED

2023-02-28 18:23:33 - [MESSAGE][PASSED] - pages.WriteExcel.demoKey is PASSED

2023-02-28 18:23:33 - [TEST_STEP][PASSED] - ExecuteTC = findTestData(dataFile).getValue("Execute", row): null

2023-02-28 18:23:33 - [TEST_STEP][PASSED] - out.println("Value of Execute is : " + ExecuteTC): null

2023-02-28 18:23:33 - [TEST_STEP][PASSED] - switch (executionProfile): null

2023-02-28 18:23:33 - [TEST_STEP][PASSED] - case "Demo2Profile":: null

2023-02-28 18:23:33 - [TEST_STEP][PASSED] - appID = findTestData(dataFile).getValue("AppIDDemo", row): null

2023-02-28 18:23:34 - [TEST_STEP][PASSED] - username = findTestData(dataFile).getValue("UsernameDemo", row): null

2023-02-28 18:23:34 - [TEST_STEP][PASSED] - password = findTestData(dataFile).getValue("PasswordDemo", row): null

2023-02-28 18:23:34 - [TEST_STEP][PASSED] - break: null

2023-02-28 18:23:34 - [TEST_STEP][PASSED] - if (ExecuteTC.equalsIgnoreCase("Y")): null

2023-02-28 18:23:34 - [TEST_STEP][PASSED] - out.println("Begin Record Number: " + row): null

2023-02-28 18:23:34 - [TEST_STEP][PASSED] - today = new java.util.Date(): null

2023-02-28 18:23:34 - [TEST_STEP][PASSED] - println(today): null

2023-02-28 18:23:34 - [TEST_STEP][PASSED] - datText = today: null

2023-02-28 18:23:34 - [TEST_STEP][PASSED] - category = findTestData(dataFile).getValue("Category", row): null

2023-02-28 18:23:34 - [TEST_STEP][PASSED] - amount = findTestData(dataFile).getValue("Amount", row): null

2023-02-28 18:23:34 - [TEST_STEP][PASSED] - cardNumber = findTestData(dataFile).getValue("CardNumber", row): null

2023-02-28 18:23:34 - [TEST_STEP][PASSED] - exM = findTestData(dataFile).getValue("ExM", row): null

2023-02-28 18:23:34 - [TEST_STEP][PASSED] - exY = findTestData(dataFile).getValue("ExY", row): null

2023-02-28 18:23:34 - [TEST_STEP][PASSED] - openBrowser(VLinkURL + "authcap.html"): Browser is opened with url: 'https://dev-algorithm.govolution.com/vlinktest/demo2/version_2_0/authcap.html'

2023-02-28 18:23:34 - [MESSAGE][WARNING] - A browser is already opened. Closing browser and opening a new one

2023-02-28 18:23:35 - [MESSAGE][INFO] - Starting 'Chrome' driver

2023-02-28 18:23:35 - [MESSAGE][INFO] - User set preference: ['acceptInsecureCerts', 'true']

2023-02-28 18:23:35 - [MESSAGE][INFO] - Action delay is set to 0 milliseconds

2023-02-28 18:23:37 - [MESSAGE][PASSED] - Browser is opened with url: 'https://dev-algorithm.govolution.com/vlinktest/demo2/version_2_0/authcap.html'

2023-02-28 18:23:37 - [TEST_STEP][PASSED] - maximizeWindow(): Current window maximized

2023-02-28 18:23:37 - [MESSAGE][PASSED] - Current window maximized

2023-02-28 18:23:37 - [TEST_STEP][PASSED] - maximizeWindow(): Current window maximized

2023-02-28 18:23:37 - [MESSAGE][PASSED] - Current window maximized

2023-02-28 18:23:37 - [TEST_STEP][PASSED] - genRemID = RandomStringUtils.random(12, true, true): null

2023-02-28 18:23:37 - [TEST_STEP][PASSED] - setText(findTestObject("Object Repository/RecAndPlayBk/Page-Vlink-Sale/input_Remittance Id_remittance_id"), genRemID): Text '2SQ9CnU5UlSz' is set on object 'Object Repository/RecAndPlayBk/Page-Vlink-Sale/input_Remittance Id_remittance_id'

2023-02-28 18:23:38 - [MESSAGE][PASSED] - Text '2SQ9CnU5UlSz' is set on object 'Object Repository/RecAndPlayBk/Page-Vlink-Sale/input_Remittance Id_remittance_id'

2023-02-28 18:23:38 - [TEST_STEP][PASSED] - setText(findTestObject("Object Repository/RecAndPlayBk/Page-Vlink-Sale/input_Application Id_application_id"), appID): Text '1773' is set on object 'Object Repository/RecAndPlayBk/Page-Vlink-Sale/input_Application Id_application_id'

2023-02-28 18:23:39 - [MESSAGE][PASSED] - Text '1773' is set on object 'Object Repository/RecAndPlayBk/Page-Vlink-Sale/input_Application Id_application_id'

2023-02-28 18:23:39 - [TEST_STEP][PASSED] - setText(findTestObject("Object Repository/RecAndPlayBk/Page-Vlink-Sale/input_Username_username"), username): Text 'Qq2BV1qtr' is set on object 'Object Repository/RecAndPlayBk/Page-Vlink-Sale/input_Username_username'

2023-02-28 18:23:39 - [MESSAGE][PASSED] - Text 'Qq2BV1qtr' is set on object 'Object Repository/RecAndPlayBk/Page-Vlink-Sale/input_Username_username'

2023-02-28 18:23:39 - [TEST_STEP][PASSED] - setText(findTestObject("Object Repository/RecAndPlayBk/Page-Vlink-Sale/input_Password_password"), password): Text 'tUmWBiLUx' is set on object 'Object Repository/RecAndPlayBk/Page-Vlink-Sale/input_Password_password'

2023-02-28 18:23:40 - [MESSAGE][PASSED] - Text 'tUmWBiLUx' is set on object 'Object Repository/RecAndPlayBk/Page-Vlink-Sale/input_Password_password'

2023-02-28 18:23:40 - [TEST_STEP][PASSED] - setText(findTestObject("Object Repository/RecAndPlayBk/Page-Vlink-Sale/input_Category_category"), category): Text 'RETL' is set on object 'Object Repository/RecAndPlayBk/Page-Vlink-Sale/input_Category_category'

2023-02-28 18:23:40 - [MESSAGE][PASSED] - Text 'RETL' is set on object 'Object Repository/RecAndPlayBk/Page-Vlink-Sale/input_Category_category'

2023-02-28 18:23:40 - [TEST_STEP][PASSED] - setText(findTestObject("Object Repository/RecAndPlayBk/Page-Vlink-Sale/input_Amount_amount"), amount): Text '10.5' is set on object 'Object Repository/RecAndPlayBk/Page-Vlink-Sale/input_Amount_amount'

2023-02-28 18:23:41 - [MESSAGE][PASSED] - Text '10.5' is set on object 'Object Repository/RecAndPlayBk/Page-Vlink-Sale/input_Amount_amount'

2023-02-28 18:23:41 - [TEST_STEP][PASSED] - doubleClick(findTestObject("Object Repository/RecAndPlayBk/Page-Vlink-Sale/input_Card number_card_number")): Object: 'Object Repository/RecAndPlayBk/Page-Vlink-Sale/input_Card number_card_number' is double clicked on

2023-02-28 18:23:41 - [MESSAGE][PASSED] - Object: 'Object Repository/RecAndPlayBk/Page-Vlink-Sale/input_Card number_card_number' is double clicked on

2023-02-28 18:23:41 - [TEST_STEP][PASSED] - setText(findTestObject("Object Repository/RecAndPlayBk/Page-Vlink-Sale/input_Card number_card_number"), cardNumber): Text '370000000000002' is set on object 'Object Repository/RecAndPlayBk/Page-Vlink-Sale/input_Card number_card_number'

2023-02-28 18:23:42 - [MESSAGE][PASSED] - Text '370000000000002' is set on object 'Object Repository/RecAndPlayBk/Page-Vlink-Sale/input_Card number_card_number'

2023-02-28 18:23:42 - [TEST_STEP][PASSED] - setText(findTestObject("Object Repository/RecAndPlayBk/Page-Vlink-Sale/input_Card ex month_card_exmo"), exM): Text '12' is set on object 'Object Repository/RecAndPlayBk/Page-Vlink-Sale/input_Card ex month_card_exmo'

2023-02-28 18:23:43 - [MESSAGE][PASSED] - Text '12' is set on object 'Object Repository/RecAndPlayBk/Page-Vlink-Sale/input_Card ex month_card_exmo'

2023-02-28 18:23:43 - [TEST_STEP][PASSED] - setText(findTestObject("Object Repository/RecAndPlayBk/Page-Vlink-Sale/input_Card ex year_card_exyr"), exY): Text '2029' is set on object 'Object Repository/RecAndPlayBk/Page-Vlink-Sale/input_Card ex year_card_exyr'

2023-02-28 18:23:43 - [MESSAGE][PASSED] - Text '2029' is set on object 'Object Repository/RecAndPlayBk/Page-Vlink-Sale/input_Card ex year_card_exyr'

2023-02-28 18:23:43 - [TEST_STEP][PASSED] - click(findTestObject("Object Repository/RecAndPlayBk/Page-Vlink-Sale/input_Track Data_track_data")): Object: 'Object Repository/RecAndPlayBk/Page-Vlink-Sale/input_Track Data_track_data' is clicked on

2023-02-28 18:23:44 - [MESSAGE][PASSED] - Object: 'Object Repository/RecAndPlayBk/Page-Vlink-Sale/input_Track Data_track_data' is clicked on

2023-02-28 18:23:44 - [TEST_STEP][PASSED] - click(findTestObject("Object Repository/RecAndPlayBk/Page-Vlink-Sale/input_CVV state_cvv_state")): Object: 'Object Repository/RecAndPlayBk/Page-Vlink-Sale/input_CVV state_cvv_state' is clicked on

2023-02-28 18:23:44 - [MESSAGE][PASSED] - Object: 'Object Repository/RecAndPlayBk/Page-Vlink-Sale/input_CVV state_cvv_state' is clicked on

2023-02-28 18:23:44 - [TEST_STEP][PASSED] - setText(findTestObject("Object Repository/RecAndPlayBk/Page-Vlink-Sale/input_Track Data_track_data"), ""): Text '' is set on object 'Object Repository/RecAndPlayBk/Page-Vlink-Sale/input_Track Data_track_data'

2023-02-28 18:23:45 - [MESSAGE][PASSED] - Text '' is set on object 'Object Repository/RecAndPlayBk/Page-Vlink-Sale/input_Track Data_track_data'

2023-02-28 18:23:45 - [TEST_STEP][PASSED] - setText(findTestObject("Object Repository/RecAndPlayBk/Page-Vlink-Sale/input_concat(Cardholder, , s email)_email"), ""): Text '' is set on object 'Object Repository/RecAndPlayBk/Page-Vlink-Sale/input_concat(Cardholder, , s email)_email'

2023-02-28 18:23:45 - [MESSAGE][PASSED] - Text '' is set on object 'Object Repository/RecAndPlayBk/Page-Vlink-Sale/input_concat(Cardholder, , s email)_email'

2023-02-28 18:23:45 - [TEST_STEP][PASSED] - click(findTestObject("Object Repository/RecAndPlayBk/Page-Vlink-Sale/input_user_defined10_user_defined10")): Object: 'Object Repository/RecAndPlayBk/Page-Vlink-Sale/input_user_defined10_user_defined10' is clicked on

2023-02-28 18:23:46 - [MESSAGE][PASSED] - Object: 'Object Repository/RecAndPlayBk/Page-Vlink-Sale/input_user_defined10_user_defined10' is clicked on

2023-02-28 18:23:46 - [TEST_STEP][PASSED] - if (executionProfile.equalsIgnoreCase("QAProfile") || executionProfile.equalsIgnoreCase("DemoProfile")): null

2023-02-28 18:23:46 - [TEST_STEP][PASSED] - click(findTestObject("Object Repository/RecAndPlayBk/Page-Vlink-Sale/input")): Object: 'Object Repository/RecAndPlayBk/Page-Vlink-Sale/input' is clicked on

2023-02-28 18:23:48 - [MESSAGE][PASSED] - Object: 'Object Repository/RecAndPlayBk/Page-Vlink-Sale/input' is clicked on

2023-02-28 18:23:48 - [TEST_STEP][PASSED] - if (verifyTextPresent("Transaction approved, no errors", true)): null

2023-02-28 18:23:48 - [MESSAGE][PASSED] - Text 'Transaction approved, no errors' is present on page  using regular expression

2023-02-28 18:23:48 - [TEST_STEP][PASSED] - println("Transaction Approved, no errors text is present on the Confirmation page"): null

2023-02-28 18:23:48 - [TEST_STEP][PASSED] - sdfo = getText(findTestObject("Object Repository/Page_VLinkReceipt/pre_STX")): Text of object 'Object Repository/Page_VLinkReceipt/pre_STX' is: '<STX>2SQ9CnU5UlSz                  2920749             0  Transaction approved, no errors                   0                                                                                  Y 430061111<ETX>'

2023-02-28 18:23:48 - [MESSAGE][PASSED] - Text of object 'Object Repository/Page_VLinkReceipt/pre_STX' is: '<STX>2SQ9CnU5UlSz                  2920749             0  Transaction approved, no errors                   0                                                                                  Y 430061111<ETX>'

2023-02-28 18:23:48 - [TEST_STEP][PASSED] - out.println("sdfo: " + sdfo): null

2023-02-28 18:23:48 - [TEST_STEP][PASSED] - remID = substring(5, 35).trim(): null

2023-02-28 18:23:48 - [TEST_STEP][PASSED] - out.println("remID: " + remID): null

2023-02-28 18:23:48 - [TEST_STEP][PASSED] - traxID = substring(35, 55).trim(): null

2023-02-28 18:23:48 - [TEST_STEP][PASSED] - out.println("traxID: " + traxID): null

2023-02-28 18:23:48 - [TEST_STEP][PASSED] - VLinkSaleRemID = remID: null

2023-02-28 18:23:48 - [TEST_STEP][PASSED] - VLinkSaleTranxID = traxID: null

2023-02-28 18:23:48 - [TEST_STEP][PASSED] - openBrowser(VLinkURL + "CC_void.html"): Browser is opened with url: 'https://dev-algorithm.govolution.com/vlinktest/demo2/version_2_0/CC_void.html'

2023-02-28 18:23:48 - [MESSAGE][WARNING] - A browser is already opened. Closing browser and opening a new one

2023-02-28 18:23:49 - [MESSAGE][INFO] - Starting 'Chrome' driver

2023-02-28 18:23:49 - [MESSAGE][INFO] - User set preference: ['acceptInsecureCerts', 'true']

2023-02-28 18:23:49 - [MESSAGE][INFO] - Action delay is set to 0 milliseconds

2023-02-28 18:23:51 - [MESSAGE][PASSED] - Browser is opened with url: 'https://dev-algorithm.govolution.com/vlinktest/demo2/version_2_0/CC_void.html'

2023-02-28 18:23:51 - [TEST_STEP][PASSED] - maximizeWindow(): Current window maximized

2023-02-28 18:23:51 - [MESSAGE][PASSED] - Current window maximized

2023-02-28 18:23:51 - [TEST_STEP][PASSED] - setText(findTestObject("Object Repository/RecAndPlayBk/Page-Vlink-CC-Void/txt_RemID"), VLinkSaleRemID): Text '2SQ9CnU5UlSz' is set on object 'Object Repository/RecAndPlayBk/Page-Vlink-CC-Void/txt_RemID'

2023-02-28 18:23:52 - [MESSAGE][PASSED] - Text '2SQ9CnU5UlSz' is set on object 'Object Repository/RecAndPlayBk/Page-Vlink-CC-Void/txt_RemID'

2023-02-28 18:23:52 - [TEST_STEP][PASSED] - setText(findTestObject("Object Repository/RecAndPlayBk/Page-Vlink-CC-Void/txt_ApplicationID"), appID): Text '1773' is set on object 'Object Repository/RecAndPlayBk/Page-Vlink-CC-Void/txt_ApplicationID'

2023-02-28 18:23:53 - [MESSAGE][PASSED] - Text '1773' is set on object 'Object Repository/RecAndPlayBk/Page-Vlink-CC-Void/txt_ApplicationID'

2023-02-28 18:23:53 - [TEST_STEP][PASSED] - setText(findTestObject("Object Repository/RecAndPlayBk/Page-Vlink-CC-Void/txt_Username"), username): Text 'Qq2BV1qtr' is set on object 'Object Repository/RecAndPlayBk/Page-Vlink-CC-Void/txt_Username'

2023-02-28 18:23:53 - [MESSAGE][PASSED] - Text 'Qq2BV1qtr' is set on object 'Object Repository/RecAndPlayBk/Page-Vlink-CC-Void/txt_Username'

2023-02-28 18:23:53 - [TEST_STEP][PASSED] - setText(findTestObject("Object Repository/RecAndPlayBk/Page-Vlink-CC-Void/txt_Password"), password): Text 'tUmWBiLUx' is set on object 'Object Repository/RecAndPlayBk/Page-Vlink-CC-Void/txt_Password'

2023-02-28 18:23:54 - [MESSAGE][PASSED] - Text 'tUmWBiLUx' is set on object 'Object Repository/RecAndPlayBk/Page-Vlink-CC-Void/txt_Password'

2023-02-28 18:23:54 - [TEST_STEP][PASSED] - setText(findTestObject("Object Repository/RecAndPlayBk/Page-Vlink-CC-Void/txt_TransactionID"), VLinkSaleTranxID): Text '2920749' is set on object 'Object Repository/RecAndPlayBk/Page-Vlink-CC-Void/txt_TransactionID'

2023-02-28 18:23:55 - [MESSAGE][PASSED] - Text '2920749' is set on object 'Object Repository/RecAndPlayBk/Page-Vlink-CC-Void/txt_TransactionID'

2023-02-28 18:23:55 - [TEST_STEP][PASSED] - setText(findTestObject("Object Repository/RecAndPlayBk/Page-Vlink-CC-Void/txt_OriginalTransactionType"), "104"): Text '104' is set on object 'Object Repository/RecAndPlayBk/Page-Vlink-CC-Void/txt_OriginalTransactionType'

2023-02-28 18:23:55 - [MESSAGE][PASSED] - Text '104' is set on object 'Object Repository/RecAndPlayBk/Page-Vlink-CC-Void/txt_OriginalTransactionType'

2023-02-28 18:23:55 - [TEST_STEP][PASSED] - setText(findTestObject("Object Repository/RecAndPlayBk/Page-Vlink-CC-Void/txt_TrackData"), ""): Text '' is set on object 'Object Repository/RecAndPlayBk/Page-Vlink-CC-Void/txt_TrackData'

2023-02-28 18:23:56 - [MESSAGE][PASSED] - Text '' is set on object 'Object Repository/RecAndPlayBk/Page-Vlink-CC-Void/txt_TrackData'

2023-02-28 18:23:56 - [TEST_STEP][PASSED] - click(findTestObject("Object Repository/RecAndPlayBk/Page-Vlink-CC-Void/btn_ProcessVLinkTransaction")): Object: 'Object Repository/RecAndPlayBk/Page-Vlink-CC-Void/btn_ProcessVLinkTransaction' is clicked on

2023-02-28 18:23:59 - [MESSAGE][PASSED] - Object: 'Object Repository/RecAndPlayBk/Page-Vlink-CC-Void/btn_ProcessVLinkTransaction' is clicked on

2023-02-28 18:23:59 - [TEST_STEP][PASSED] - if (verifyTextPresent("Transaction approved, no errors", true)): null

2023-02-28 18:23:59 - [MESSAGE][PASSED] - Text 'Transaction approved, no errors' is present on page  using regular expression

2023-02-28 18:23:59 - [TEST_STEP][PASSED] - println("Transaction Approved, no errors text is present on the Confirmation page"): null

2023-02-28 18:23:59 - [TEST_STEP][PASSED] - out.println("Pass Record Number: " + row): null

2023-02-28 18:23:59 - [TEST_STEP][PASSED] - resText = "Pass": null

2023-02-28 18:23:59 - [TEST_STEP][PASSED] - pages.WriteExcel.demoKey(resText, datText, resColumn, datCloumn, fileLoc, nameSheet, row): pages.WriteExcel.demoKey is PASSED

2023-02-28 18:23:59 - [MESSAGE][PASSED] - pages.WriteExcel.demoKey is PASSED

2023-02-28 18:23:59 - [TEST_STEP][PASSED] - ExecuteTC = findTestData(dataFile).getValue("Execute", row): null

2023-02-28 18:23:59 - [TEST_STEP][PASSED] - out.println("Value of Execute is : " + ExecuteTC): null

2023-02-28 18:23:59 - [TEST_STEP][PASSED] - switch (executionProfile): null

2023-02-28 18:23:59 - [TEST_STEP][PASSED] - case "Demo2Profile":: null

2023-02-28 18:23:59 - [TEST_STEP][PASSED] - appID = findTestData(dataFile).getValue("AppIDDemo", row): null

2023-02-28 18:23:59 - [TEST_STEP][PASSED] - username = findTestData(dataFile).getValue("UsernameDemo", row): null

2023-02-28 18:23:59 - [TEST_STEP][PASSED] - password = findTestData(dataFile).getValue("PasswordDemo", row): null

2023-02-28 18:24:00 - [TEST_STEP][PASSED] - break: null

2023-02-28 18:24:00 - [TEST_STEP][FAILED] - if (ExecuteTC.equalsIgnoreCase("Y")): null

2023-02-28 18:24:00 - [TEST_STEP][PASSED] - out.println("Begin Record Number: " + row): null

2023-02-28 18:24:00 - [TEST_STEP][PASSED] - today = new java.util.Date(): null

2023-02-28 18:24:00 - [TEST_STEP][PASSED] - println(today): null

2023-02-28 18:24:00 - [TEST_STEP][PASSED] - datText = today: null

2023-02-28 18:24:00 - [TEST_STEP][PASSED] - category = findTestData(dataFile).getValue("Category", row): null

2023-02-28 18:24:00 - [TEST_STEP][PASSED] - amount = findTestData(dataFile).getValue("Amount", row): null

2023-02-28 18:24:00 - [TEST_STEP][PASSED] - cardNumber = findTestData(dataFile).getValue("CardNumber", row): null

2023-02-28 18:24:00 - [TEST_STEP][PASSED] - exM = findTestData(dataFile).getValue("ExM", row): null

2023-02-28 18:24:00 - [TEST_STEP][PASSED] - exY = findTestData(dataFile).getValue("ExY", row): null

2023-02-28 18:24:00 - [TEST_STEP][PASSED] - openBrowser(VLinkURL + "authcap.html"): Browser is opened with url: 'https://dev-algorithm.govolution.com/vlinktest/demo2/version_2_0/authcap.html'

2023-02-28 18:24:00 - [MESSAGE][WARNING] - A browser is already opened. Closing browser and opening a new one

2023-02-28 18:24:01 - [MESSAGE][INFO] - Starting 'Chrome' driver

2023-02-28 18:24:01 - [MESSAGE][INFO] - User set preference: ['acceptInsecureCerts', 'true']

2023-02-28 18:24:01 - [MESSAGE][INFO] - Action delay is set to 0 milliseconds

2023-02-28 18:24:03 - [MESSAGE][PASSED] - Browser is opened with url: 'https://dev-algorithm.govolution.com/vlinktest/demo2/version_2_0/authcap.html'

2023-02-28 18:24:03 - [TEST_STEP][PASSED] - maximizeWindow(): Current window maximized

2023-02-28 18:24:03 - [MESSAGE][PASSED] - Current window maximized

2023-02-28 18:24:03 - [TEST_STEP][PASSED] - maximizeWindow(): Current window maximized

2023-02-28 18:24:03 - [MESSAGE][PASSED] - Current window maximized

2023-02-28 18:24:03 - [TEST_STEP][PASSED] - genRemID = RandomStringUtils.random(12, true, true): null

2023-02-28 18:24:03 - [TEST_STEP][PASSED] - setText(findTestObject("Object Repository/RecAndPlayBk/Page-Vlink-Sale/input_Remittance Id_remittance_id"), genRemID): Text 'sZa2zKzp5dBe' is set on object 'Object Repository/RecAndPlayBk/Page-Vlink-Sale/input_Remittance Id_remittance_id'

2023-02-28 18:24:04 - [MESSAGE][PASSED] - Text 'sZa2zKzp5dBe' is set on object 'Object Repository/RecAndPlayBk/Page-Vlink-Sale/input_Remittance Id_remittance_id'

2023-02-28 18:24:04 - [TEST_STEP][PASSED] - setText(findTestObject("Object Repository/RecAndPlayBk/Page-Vlink-Sale/input_Application Id_application_id"), appID): Text '2435' is set on object 'Object Repository/RecAndPlayBk/Page-Vlink-Sale/input_Application Id_application_id'

2023-02-28 18:24:04 - [MESSAGE][PASSED] - Text '2435' is set on object 'Object Repository/RecAndPlayBk/Page-Vlink-Sale/input_Application Id_application_id'

2023-02-28 18:24:04 - [TEST_STEP][PASSED] - setText(findTestObject("Object Repository/RecAndPlayBk/Page-Vlink-Sale/input_Username_username"), username): Text 'health' is set on object 'Object Repository/RecAndPlayBk/Page-Vlink-Sale/input_Username_username'

2023-02-28 18:24:05 - [MESSAGE][PASSED] - Text 'health' is set on object 'Object Repository/RecAndPlayBk/Page-Vlink-Sale/input_Username_username'

2023-02-28 18:24:05 - [TEST_STEP][PASSED] - setText(findTestObject("Object Repository/RecAndPlayBk/Page-Vlink-Sale/input_Password_password"), password): Text '11111111' is set on object 'Object Repository/RecAndPlayBk/Page-Vlink-Sale/input_Password_password'

2023-02-28 18:24:06 - [MESSAGE][PASSED] - Text '11111111' is set on object 'Object Repository/RecAndPlayBk/Page-Vlink-Sale/input_Password_password'

2023-02-28 18:24:06 - [TEST_STEP][PASSED] - setText(findTestObject("Object Repository/RecAndPlayBk/Page-Vlink-Sale/input_Category_category"), category): Text 'ECOM' is set on object 'Object Repository/RecAndPlayBk/Page-Vlink-Sale/input_Category_category'

2023-02-28 18:24:06 - [MESSAGE][PASSED] - Text 'ECOM' is set on object 'Object Repository/RecAndPlayBk/Page-Vlink-Sale/input_Category_category'

2023-02-28 18:24:06 - [TEST_STEP][PASSED] - setText(findTestObject("Object Repository/RecAndPlayBk/Page-Vlink-Sale/input_Amount_amount"), amount): Text '10.5' is set on object 'Object Repository/RecAndPlayBk/Page-Vlink-Sale/input_Amount_amount'

2023-02-28 18:24:07 - [MESSAGE][PASSED] - Text '10.5' is set on object 'Object Repository/RecAndPlayBk/Page-Vlink-Sale/input_Amount_amount'

2023-02-28 18:24:07 - [TEST_STEP][PASSED] - doubleClick(findTestObject("Object Repository/RecAndPlayBk/Page-Vlink-Sale/input_Card number_card_number")): Object: 'Object Repository/RecAndPlayBk/Page-Vlink-Sale/input_Card number_card_number' is double clicked on

2023-02-28 18:24:07 - [MESSAGE][PASSED] - Object: 'Object Repository/RecAndPlayBk/Page-Vlink-Sale/input_Card number_card_number' is double clicked on

2023-02-28 18:24:07 - [TEST_STEP][PASSED] - setText(findTestObject("Object Repository/RecAndPlayBk/Page-Vlink-Sale/input_Card number_card_number"), cardNumber): Text '4012000098765439' is set on object 'Object Repository/RecAndPlayBk/Page-Vlink-Sale/input_Card number_card_number'

2023-02-28 18:24:08 - [MESSAGE][PASSED] - Text '4012000098765439' is set on object 'Object Repository/RecAndPlayBk/Page-Vlink-Sale/input_Card number_card_number'

2023-02-28 18:24:08 - [TEST_STEP][PASSED] - setText(findTestObject("Object Repository/RecAndPlayBk/Page-Vlink-Sale/input_Card ex month_card_exmo"), exM): Text '12' is set on object 'Object Repository/RecAndPlayBk/Page-Vlink-Sale/input_Card ex month_card_exmo'

2023-02-28 18:24:08 - [MESSAGE][PASSED] - Text '12' is set on object 'Object Repository/RecAndPlayBk/Page-Vlink-Sale/input_Card ex month_card_exmo'

2023-02-28 18:24:08 - [TEST_STEP][PASSED] - setText(findTestObject("Object Repository/RecAndPlayBk/Page-Vlink-Sale/input_Card ex year_card_exyr"), exY): Text '2029' is set on object 'Object Repository/RecAndPlayBk/Page-Vlink-Sale/input_Card ex year_card_exyr'

2023-02-28 18:24:09 - [MESSAGE][PASSED] - Text '2029' is set on object 'Object Repository/RecAndPlayBk/Page-Vlink-Sale/input_Card ex year_card_exyr'

2023-02-28 18:24:09 - [TEST_STEP][PASSED] - click(findTestObject("Object Repository/RecAndPlayBk/Page-Vlink-Sale/input_Track Data_track_data")): Object: 'Object Repository/RecAndPlayBk/Page-Vlink-Sale/input_Track Data_track_data' is clicked on

2023-02-28 18:24:09 - [MESSAGE][PASSED] - Object: 'Object Repository/RecAndPlayBk/Page-Vlink-Sale/input_Track Data_track_data' is clicked on

2023-02-28 18:24:09 - [TEST_STEP][PASSED] - click(findTestObject("Object Repository/RecAndPlayBk/Page-Vlink-Sale/input_CVV state_cvv_state")): Object: 'Object Repository/RecAndPlayBk/Page-Vlink-Sale/input_CVV state_cvv_state' is clicked on

2023-02-28 18:24:10 - [MESSAGE][PASSED] - Object: 'Object Repository/RecAndPlayBk/Page-Vlink-Sale/input_CVV state_cvv_state' is clicked on

2023-02-28 18:24:10 - [TEST_STEP][PASSED] - setText(findTestObject("Object Repository/RecAndPlayBk/Page-Vlink-Sale/input_Track Data_track_data"), ""): Text '' is set on object 'Object Repository/RecAndPlayBk/Page-Vlink-Sale/input_Track Data_track_data'

2023-02-28 18:24:10 - [MESSAGE][PASSED] - Text '' is set on object 'Object Repository/RecAndPlayBk/Page-Vlink-Sale/input_Track Data_track_data'

2023-02-28 18:24:10 - [TEST_STEP][PASSED] - setText(findTestObject("Object Repository/RecAndPlayBk/Page-Vlink-Sale/input_concat(Cardholder, , s email)_email"), ""): Text '' is set on object 'Object Repository/RecAndPlayBk/Page-Vlink-Sale/input_concat(Cardholder, , s email)_email'

2023-02-28 18:24:11 - [MESSAGE][PASSED] - Text '' is set on object 'Object Repository/RecAndPlayBk/Page-Vlink-Sale/input_concat(Cardholder, , s email)_email'

2023-02-28 18:24:11 - [TEST_STEP][PASSED] - click(findTestObject("Object Repository/RecAndPlayBk/Page-Vlink-Sale/input_user_defined10_user_defined10")): Object: 'Object Repository/RecAndPlayBk/Page-Vlink-Sale/input_user_defined10_user_defined10' is clicked on

2023-02-28 18:24:11 - [MESSAGE][PASSED] - Object: 'Object Repository/RecAndPlayBk/Page-Vlink-Sale/input_user_defined10_user_defined10' is clicked on

2023-02-28 18:24:11 - [TEST_STEP][PASSED] - if (executionProfile.equalsIgnoreCase("QAProfile") || executionProfile.equalsIgnoreCase("DemoProfile")): null

2023-02-28 18:24:11 - [TEST_STEP][PASSED] - click(findTestObject("Object Repository/RecAndPlayBk/Page-Vlink-Sale/input")): Object: 'Object Repository/RecAndPlayBk/Page-Vlink-Sale/input' is clicked on

2023-02-28 18:24:13 - [MESSAGE][PASSED] - Object: 'Object Repository/RecAndPlayBk/Page-Vlink-Sale/input' is clicked on

2023-02-28 18:24:13 - [TEST_STEP][FAILED] - if (verifyTextPresent("Transaction approved, no errors", true)): Text 'Transaction approved, no errors' is not present on page  using regular expression (Root cause: com.kms.katalon.core.exception.StepFailedException: Text 'Transaction approved, no errors' is not present on page  using regular expression
	at com.kms.katalon.core.webui.keyword.internal.WebUIKeywordMain.stepFailed(WebUIKeywordMain.groovy:64)
	at com.kms.katalon.core.webui.keyword.builtin.VerifyTextPresentKeyword$_verifyTextPresent_closure1.doCall(VerifyTextPresentKeyword.groovy:79)
	at com.kms.katalon.core.webui.keyword.builtin.VerifyTextPresentKeyword$_verifyTextPresent_closure1.call(VerifyTextPresentKeyword.groovy)
	at com.kms.katalon.core.webui.keyword.internal.WebUIKeywordMain.runKeyword(WebUIKeywordMain.groovy:20)
	at com.kms.katalon.core.webui.keyword.builtin.VerifyTextPresentKeyword.verifyTextPresent(VerifyTextPresentKeyword.groovy:83)
	at com.kms.katalon.core.webui.keyword.builtin.VerifyTextPresentKeyword.execute(VerifyTextPresentKeyword.groovy:68)
	at com.kms.katalon.core.keyword.internal.KeywordExecutor.executeKeywordForPlatform(KeywordExecutor.groovy:74)
	at com.kms.katalon.core.webui.keyword.WebUiBuiltInKeywords.verifyTextPresent(WebUiBuiltInKeywords.groovy:1723)
	at com.kms.katalon.core.webui.keyword.WebUiBuiltInKeywords$verifyTextPresent$4.call(Unknown Source)
	at Sale-Void.run(Sale-Void:161)
	at com.kms.katalon.core.main.ScriptEngine.run(ScriptEngine.java:194)
	at com.kms.katalon.core.main.ScriptEngine.runScriptAsRawText(ScriptEngine.java:119)
	at com.kms.katalon.core.main.TestCaseExecutor.runScript(TestCaseExecutor.java:442)
	at com.kms.katalon.core.main.TestCaseExecutor.doExecute(TestCaseExecutor.java:433)
	at com.kms.katalon.core.main.TestCaseExecutor.processExecutionPhase(TestCaseExecutor.java:412)
	at com.kms.katalon.core.main.TestCaseExecutor.accessMainPhase(TestCaseExecutor.java:404)
	at com.kms.katalon.core.main.TestCaseExecutor.execute(TestCaseExecutor.java:281)
	at com.kms.katalon.core.main.TestSuiteExecutor.accessTestCaseMainPhase(TestSuiteExecutor.java:202)
	at com.kms.katalon.core.main.TestSuiteExecutor.accessTestSuiteMainPhase(TestSuiteExecutor.java:164)
	at com.kms.katalon.core.main.TestSuiteExecutor.execute(TestSuiteExecutor.java:105)
	at com.kms.katalon.core.main.TestCaseMain.startTestSuite(TestCaseMain.java:185)
	at com.kms.katalon.core.main.TestCaseMain$startTestSuite$0.call(Unknown Source)
	at TempTestSuite1677626298320.run(TempTestSuite1677626298320.groovy:36)
)

2023-02-28 18:24:14 - [MESSAGE][FAILED] - Text 'Transaction approved, no errors' is not present on page  using regular expression (Root cause: com.kms.katalon.core.exception.StepFailedException: Text 'Transaction approved, no errors' is not present on page  using regular expression
	at com.kms.katalon.core.webui.keyword.internal.WebUIKeywordMain.stepFailed(WebUIKeywordMain.groovy:64)
	at com.kms.katalon.core.webui.keyword.builtin.VerifyTextPresentKeyword$_verifyTextPresent_closure1.doCall(VerifyTextPresentKeyword.groovy:79)
	at com.kms.katalon.core.webui.keyword.builtin.VerifyTextPresentKeyword$_verifyTextPresent_closure1.call(VerifyTextPresentKeyword.groovy)
	at com.kms.katalon.core.webui.keyword.internal.WebUIKeywordMain.runKeyword(WebUIKeywordMain.groovy:20)
	at com.kms.katalon.core.webui.keyword.builtin.VerifyTextPresentKeyword.verifyTextPresent(VerifyTextPresentKeyword.groovy:83)
	at com.kms.katalon.core.webui.keyword.builtin.VerifyTextPresentKeyword.execute(VerifyTextPresentKeyword.groovy:68)
	at com.kms.katalon.core.keyword.internal.KeywordExecutor.executeKeywordForPlatform(KeywordExecutor.groovy:74)
	at com.kms.katalon.core.webui.keyword.WebUiBuiltInKeywords.verifyTextPresent(WebUiBuiltInKeywords.groovy:1723)
	at com.kms.katalon.core.webui.keyword.WebUiBuiltInKeywords$verifyTextPresent$4.call(Unknown Source)
	at Sale-Void.run(Sale-Void:161)
	at com.kms.katalon.core.main.ScriptEngine.run(ScriptEngine.java:194)
	at com.kms.katalon.core.main.ScriptEngine.runScriptAsRawText(ScriptEngine.java:119)
	at com.kms.katalon.core.main.TestCaseExecutor.runScript(TestCaseExecutor.java:442)
	at com.kms.katalon.core.main.TestCaseExecutor.doExecute(TestCaseExecutor.java:433)
	at com.kms.katalon.core.main.TestCaseExecutor.processExecutionPhase(TestCaseExecutor.java:412)
	at com.kms.katalon.core.main.TestCaseExecutor.accessMainPhase(TestCaseExecutor.java:404)
	at com.kms.katalon.core.main.TestCaseExecutor.execute(TestCaseExecutor.java:281)
	at com.kms.katalon.core.main.TestSuiteExecutor.accessTestCaseMainPhase(TestSuiteExecutor.java:202)
	at com.kms.katalon.core.main.TestSuiteExecutor.accessTestSuiteMainPhase(TestSuiteExecutor.java:164)
	at com.kms.katalon.core.main.TestSuiteExecutor.execute(TestSuiteExecutor.java:105)
	at com.kms.katalon.core.main.TestCaseMain.startTestSuite(TestCaseMain.java:185)
	at com.kms.katalon.core.main.TestCaseMain$startTestSuite$0.call(Unknown Source)
	at TempTestSuite1677626298320.run(TempTestSuite1677626298320.groovy:36)
)

2023-02-28 18:24:14 - [TEST_STEP][PASSED] - else: pages.WriteExcel.demoKey is PASSED

2023-02-28 18:24:14 - [TEST_STEP][PASSED] - println("Transaction Approved, no errors text is not present on the Confirmation page"): null

2023-02-28 18:24:14 - [TEST_STEP][PASSED] - out.println("Fail Record Number: " + row): null

2023-02-28 18:24:14 - [TEST_STEP][PASSED] - resText = "Fail": null

2023-02-28 18:24:14 - [TEST_STEP][PASSED] - pages.WriteExcel.demoKey(resText, datText, resColumn, datCloumn, fileLoc, nameSheet, row): pages.WriteExcel.demoKey is PASSED

2023-02-28 18:24:14 - [MESSAGE][PASSED] - pages.WriteExcel.demoKey is PASSED

2023-02-28 18:24:14 - [TEST_STEP][PASSED] - ExecuteTC = findTestData(dataFile).getValue("Execute", row): null

2023-02-28 18:24:14 - [TEST_STEP][PASSED] - out.println("Value of Execute is : " + ExecuteTC): null

2023-02-28 18:24:14 - [TEST_STEP][PASSED] - switch (executionProfile): null

2023-02-28 18:24:14 - [TEST_STEP][PASSED] - case "Demo2Profile":: null

2023-02-28 18:24:14 - [TEST_STEP][PASSED] - appID = findTestData(dataFile).getValue("AppIDDemo", row): null

2023-02-28 18:24:14 - [TEST_STEP][PASSED] - username = findTestData(dataFile).getValue("UsernameDemo", row): null

2023-02-28 18:24:14 - [TEST_STEP][PASSED] - password = findTestData(dataFile).getValue("PasswordDemo", row): null

2023-02-28 18:24:14 - [TEST_STEP][PASSED] - break: null

2023-02-28 18:24:14 - [TEST_STEP][FAILED] - if (ExecuteTC.equalsIgnoreCase("Y")): null

2023-02-28 18:24:14 - [TEST_STEP][PASSED] - out.println("Begin Record Number: " + row): null

2023-02-28 18:24:14 - [TEST_STEP][PASSED] - today = new java.util.Date(): null

2023-02-28 18:24:14 - [TEST_STEP][PASSED] - println(today): null

2023-02-28 18:24:14 - [TEST_STEP][PASSED] - datText = today: null

2023-02-28 18:24:14 - [TEST_STEP][PASSED] - category = findTestData(dataFile).getValue("Category", row): null

2023-02-28 18:24:14 - [TEST_STEP][PASSED] - amount = findTestData(dataFile).getValue("Amount", row): null

2023-02-28 18:24:14 - [TEST_STEP][PASSED] - cardNumber = findTestData(dataFile).getValue("CardNumber", row): null

2023-02-28 18:24:14 - [TEST_STEP][PASSED] - exM = findTestData(dataFile).getValue("ExM", row): null

2023-02-28 18:24:14 - [TEST_STEP][PASSED] - exY = findTestData(dataFile).getValue("ExY", row): null

2023-02-28 18:24:14 - [TEST_STEP][PASSED] - openBrowser(VLinkURL + "authcap.html"): Browser is opened with url: 'https://dev-algorithm.govolution.com/vlinktest/demo2/version_2_0/authcap.html'

2023-02-28 18:24:14 - [MESSAGE][WARNING] - A browser is already opened. Closing browser and opening a new one

2023-02-28 18:24:15 - [MESSAGE][INFO] - Starting 'Chrome' driver

2023-02-28 18:24:15 - [MESSAGE][INFO] - User set preference: ['acceptInsecureCerts', 'true']

2023-02-28 18:24:15 - [MESSAGE][INFO] - Action delay is set to 0 milliseconds

2023-02-28 18:24:17 - [MESSAGE][PASSED] - Browser is opened with url: 'https://dev-algorithm.govolution.com/vlinktest/demo2/version_2_0/authcap.html'

2023-02-28 18:24:17 - [TEST_STEP][PASSED] - maximizeWindow(): Current window maximized

2023-02-28 18:24:17 - [MESSAGE][PASSED] - Current window maximized

2023-02-28 18:24:17 - [TEST_STEP][PASSED] - maximizeWindow(): Current window maximized

2023-02-28 18:24:17 - [MESSAGE][PASSED] - Current window maximized

2023-02-28 18:24:17 - [TEST_STEP][PASSED] - genRemID = RandomStringUtils.random(12, true, true): null

2023-02-28 18:24:17 - [TEST_STEP][PASSED] - setText(findTestObject("Object Repository/RecAndPlayBk/Page-Vlink-Sale/input_Remittance Id_remittance_id"), genRemID): Text 'Wq9YrEy53wGu' is set on object 'Object Repository/RecAndPlayBk/Page-Vlink-Sale/input_Remittance Id_remittance_id'

2023-02-28 18:24:18 - [MESSAGE][PASSED] - Text 'Wq9YrEy53wGu' is set on object 'Object Repository/RecAndPlayBk/Page-Vlink-Sale/input_Remittance Id_remittance_id'

2023-02-28 18:24:18 - [TEST_STEP][PASSED] - setText(findTestObject("Object Repository/RecAndPlayBk/Page-Vlink-Sale/input_Application Id_application_id"), appID): Text '3136' is set on object 'Object Repository/RecAndPlayBk/Page-Vlink-Sale/input_Application Id_application_id'

2023-02-28 18:24:19 - [MESSAGE][PASSED] - Text '3136' is set on object 'Object Repository/RecAndPlayBk/Page-Vlink-Sale/input_Application Id_application_id'

2023-02-28 18:24:19 - [TEST_STEP][PASSED] - setText(findTestObject("Object Repository/RecAndPlayBk/Page-Vlink-Sale/input_Username_username"), username): Text 'user3136' is set on object 'Object Repository/RecAndPlayBk/Page-Vlink-Sale/input_Username_username'

2023-02-28 18:24:19 - [MESSAGE][PASSED] - Text 'user3136' is set on object 'Object Repository/RecAndPlayBk/Page-Vlink-Sale/input_Username_username'

2023-02-28 18:24:19 - [TEST_STEP][PASSED] - setText(findTestObject("Object Repository/RecAndPlayBk/Page-Vlink-Sale/input_Password_password"), password): Text 'pwd3136' is set on object 'Object Repository/RecAndPlayBk/Page-Vlink-Sale/input_Password_password'

2023-02-28 18:24:20 - [MESSAGE][PASSED] - Text 'pwd3136' is set on object 'Object Repository/RecAndPlayBk/Page-Vlink-Sale/input_Password_password'

2023-02-28 18:24:20 - [TEST_STEP][PASSED] - setText(findTestObject("Object Repository/RecAndPlayBk/Page-Vlink-Sale/input_Category_category"), category): Text 'ECOM' is set on object 'Object Repository/RecAndPlayBk/Page-Vlink-Sale/input_Category_category'

2023-02-28 18:24:21 - [MESSAGE][PASSED] - Text 'ECOM' is set on object 'Object Repository/RecAndPlayBk/Page-Vlink-Sale/input_Category_category'

2023-02-28 18:24:21 - [TEST_STEP][PASSED] - setText(findTestObject("Object Repository/RecAndPlayBk/Page-Vlink-Sale/input_Amount_amount"), amount): Text '10.5' is set on object 'Object Repository/RecAndPlayBk/Page-Vlink-Sale/input_Amount_amount'

2023-02-28 18:24:21 - [MESSAGE][PASSED] - Text '10.5' is set on object 'Object Repository/RecAndPlayBk/Page-Vlink-Sale/input_Amount_amount'

2023-02-28 18:24:21 - [TEST_STEP][PASSED] - doubleClick(findTestObject("Object Repository/RecAndPlayBk/Page-Vlink-Sale/input_Card number_card_number")): Object: 'Object Repository/RecAndPlayBk/Page-Vlink-Sale/input_Card number_card_number' is double clicked on

2023-02-28 18:24:22 - [MESSAGE][PASSED] - Object: 'Object Repository/RecAndPlayBk/Page-Vlink-Sale/input_Card number_card_number' is double clicked on

2023-02-28 18:24:22 - [TEST_STEP][PASSED] - setText(findTestObject("Object Repository/RecAndPlayBk/Page-Vlink-Sale/input_Card number_card_number"), cardNumber): Text '5146312200000035' is set on object 'Object Repository/RecAndPlayBk/Page-Vlink-Sale/input_Card number_card_number'

2023-02-28 18:24:22 - [MESSAGE][PASSED] - Text '5146312200000035' is set on object 'Object Repository/RecAndPlayBk/Page-Vlink-Sale/input_Card number_card_number'

2023-02-28 18:24:22 - [TEST_STEP][PASSED] - setText(findTestObject("Object Repository/RecAndPlayBk/Page-Vlink-Sale/input_Card ex month_card_exmo"), exM): Text '12' is set on object 'Object Repository/RecAndPlayBk/Page-Vlink-Sale/input_Card ex month_card_exmo'

2023-02-28 18:24:23 - [MESSAGE][PASSED] - Text '12' is set on object 'Object Repository/RecAndPlayBk/Page-Vlink-Sale/input_Card ex month_card_exmo'

2023-02-28 18:24:23 - [TEST_STEP][PASSED] - setText(findTestObject("Object Repository/RecAndPlayBk/Page-Vlink-Sale/input_Card ex year_card_exyr"), exY): Text '2029' is set on object 'Object Repository/RecAndPlayBk/Page-Vlink-Sale/input_Card ex year_card_exyr'

2023-02-28 18:24:24 - [MESSAGE][PASSED] - Text '2029' is set on object 'Object Repository/RecAndPlayBk/Page-Vlink-Sale/input_Card ex year_card_exyr'

2023-02-28 18:24:24 - [TEST_STEP][PASSED] - click(findTestObject("Object Repository/RecAndPlayBk/Page-Vlink-Sale/input_Track Data_track_data")): Object: 'Object Repository/RecAndPlayBk/Page-Vlink-Sale/input_Track Data_track_data' is clicked on

2023-02-28 18:24:24 - [MESSAGE][PASSED] - Object: 'Object Repository/RecAndPlayBk/Page-Vlink-Sale/input_Track Data_track_data' is clicked on

2023-02-28 18:24:24 - [TEST_STEP][PASSED] - click(findTestObject("Object Repository/RecAndPlayBk/Page-Vlink-Sale/input_CVV state_cvv_state")): Object: 'Object Repository/RecAndPlayBk/Page-Vlink-Sale/input_CVV state_cvv_state' is clicked on

2023-02-28 18:24:24 - [MESSAGE][PASSED] - Object: 'Object Repository/RecAndPlayBk/Page-Vlink-Sale/input_CVV state_cvv_state' is clicked on

2023-02-28 18:24:24 - [TEST_STEP][PASSED] - setText(findTestObject("Object Repository/RecAndPlayBk/Page-Vlink-Sale/input_Track Data_track_data"), ""): Text '' is set on object 'Object Repository/RecAndPlayBk/Page-Vlink-Sale/input_Track Data_track_data'

2023-02-28 18:24:25 - [MESSAGE][PASSED] - Text '' is set on object 'Object Repository/RecAndPlayBk/Page-Vlink-Sale/input_Track Data_track_data'

2023-02-28 18:24:25 - [TEST_STEP][PASSED] - setText(findTestObject("Object Repository/RecAndPlayBk/Page-Vlink-Sale/input_concat(Cardholder, , s email)_email"), ""): Text '' is set on object 'Object Repository/RecAndPlayBk/Page-Vlink-Sale/input_concat(Cardholder, , s email)_email'

2023-02-28 18:24:25 - [MESSAGE][PASSED] - Text '' is set on object 'Object Repository/RecAndPlayBk/Page-Vlink-Sale/input_concat(Cardholder, , s email)_email'

2023-02-28 18:24:25 - [TEST_STEP][PASSED] - click(findTestObject("Object Repository/RecAndPlayBk/Page-Vlink-Sale/input_user_defined10_user_defined10")): Object: 'Object Repository/RecAndPlayBk/Page-Vlink-Sale/input_user_defined10_user_defined10' is clicked on

2023-02-28 18:24:26 - [MESSAGE][PASSED] - Object: 'Object Repository/RecAndPlayBk/Page-Vlink-Sale/input_user_defined10_user_defined10' is clicked on

2023-02-28 18:24:26 - [TEST_STEP][PASSED] - if (executionProfile.equalsIgnoreCase("QAProfile") || executionProfile.equalsIgnoreCase("DemoProfile")): null

2023-02-28 18:24:26 - [TEST_STEP][PASSED] - click(findTestObject("Object Repository/RecAndPlayBk/Page-Vlink-Sale/input")): Object: 'Object Repository/RecAndPlayBk/Page-Vlink-Sale/input' is clicked on

2023-02-28 18:24:27 - [MESSAGE][PASSED] - Object: 'Object Repository/RecAndPlayBk/Page-Vlink-Sale/input' is clicked on

2023-02-28 18:24:27 - [TEST_STEP][FAILED] - if (verifyTextPresent("Transaction approved, no errors", true)): Text 'Transaction approved, no errors' is not present on page  using regular expression (Root cause: com.kms.katalon.core.exception.StepFailedException: Text 'Transaction approved, no errors' is not present on page  using regular expression
	at com.kms.katalon.core.webui.keyword.internal.WebUIKeywordMain.stepFailed(WebUIKeywordMain.groovy:64)
	at com.kms.katalon.core.webui.keyword.builtin.VerifyTextPresentKeyword$_verifyTextPresent_closure1.doCall(VerifyTextPresentKeyword.groovy:79)
	at com.kms.katalon.core.webui.keyword.builtin.VerifyTextPresentKeyword$_verifyTextPresent_closure1.call(VerifyTextPresentKeyword.groovy)
	at com.kms.katalon.core.webui.keyword.internal.WebUIKeywordMain.runKeyword(WebUIKeywordMain.groovy:20)
	at com.kms.katalon.core.webui.keyword.builtin.VerifyTextPresentKeyword.verifyTextPresent(VerifyTextPresentKeyword.groovy:83)
	at com.kms.katalon.core.webui.keyword.builtin.VerifyTextPresentKeyword.execute(VerifyTextPresentKeyword.groovy:68)
	at com.kms.katalon.core.keyword.internal.KeywordExecutor.executeKeywordForPlatform(KeywordExecutor.groovy:74)
	at com.kms.katalon.core.webui.keyword.WebUiBuiltInKeywords.verifyTextPresent(WebUiBuiltInKeywords.groovy:1723)
	at com.kms.katalon.core.webui.keyword.WebUiBuiltInKeywords$verifyTextPresent$4.call(Unknown Source)
	at Sale-Void.run(Sale-Void:161)
	at com.kms.katalon.core.main.ScriptEngine.run(ScriptEngine.java:194)
	at com.kms.katalon.core.main.ScriptEngine.runScriptAsRawText(ScriptEngine.java:119)
	at com.kms.katalon.core.main.TestCaseExecutor.runScript(TestCaseExecutor.java:442)
	at com.kms.katalon.core.main.TestCaseExecutor.doExecute(TestCaseExecutor.java:433)
	at com.kms.katalon.core.main.TestCaseExecutor.processExecutionPhase(TestCaseExecutor.java:412)
	at com.kms.katalon.core.main.TestCaseExecutor.accessMainPhase(TestCaseExecutor.java:404)
	at com.kms.katalon.core.main.TestCaseExecutor.execute(TestCaseExecutor.java:281)
	at com.kms.katalon.core.main.TestSuiteExecutor.accessTestCaseMainPhase(TestSuiteExecutor.java:202)
	at com.kms.katalon.core.main.TestSuiteExecutor.accessTestSuiteMainPhase(TestSuiteExecutor.java:164)
	at com.kms.katalon.core.main.TestSuiteExecutor.execute(TestSuiteExecutor.java:105)
	at com.kms.katalon.core.main.TestCaseMain.startTestSuite(TestCaseMain.java:185)
	at com.kms.katalon.core.main.TestCaseMain$startTestSuite$0.call(Unknown Source)
	at TempTestSuite1677626298320.run(TempTestSuite1677626298320.groovy:36)
)

2023-02-28 18:24:27 - [MESSAGE][FAILED] - Text 'Transaction approved, no errors' is not present on page  using regular expression (Root cause: com.kms.katalon.core.exception.StepFailedException: Text 'Transaction approved, no errors' is not present on page  using regular expression
	at com.kms.katalon.core.webui.keyword.internal.WebUIKeywordMain.stepFailed(WebUIKeywordMain.groovy:64)
	at com.kms.katalon.core.webui.keyword.builtin.VerifyTextPresentKeyword$_verifyTextPresent_closure1.doCall(VerifyTextPresentKeyword.groovy:79)
	at com.kms.katalon.core.webui.keyword.builtin.VerifyTextPresentKeyword$_verifyTextPresent_closure1.call(VerifyTextPresentKeyword.groovy)
	at com.kms.katalon.core.webui.keyword.internal.WebUIKeywordMain.runKeyword(WebUIKeywordMain.groovy:20)
	at com.kms.katalon.core.webui.keyword.builtin.VerifyTextPresentKeyword.verifyTextPresent(VerifyTextPresentKeyword.groovy:83)
	at com.kms.katalon.core.webui.keyword.builtin.VerifyTextPresentKeyword.execute(VerifyTextPresentKeyword.groovy:68)
	at com.kms.katalon.core.keyword.internal.KeywordExecutor.executeKeywordForPlatform(KeywordExecutor.groovy:74)
	at com.kms.katalon.core.webui.keyword.WebUiBuiltInKeywords.verifyTextPresent(WebUiBuiltInKeywords.groovy:1723)
	at com.kms.katalon.core.webui.keyword.WebUiBuiltInKeywords$verifyTextPresent$4.call(Unknown Source)
	at Sale-Void.run(Sale-Void:161)
	at com.kms.katalon.core.main.ScriptEngine.run(ScriptEngine.java:194)
	at com.kms.katalon.core.main.ScriptEngine.runScriptAsRawText(ScriptEngine.java:119)
	at com.kms.katalon.core.main.TestCaseExecutor.runScript(TestCaseExecutor.java:442)
	at com.kms.katalon.core.main.TestCaseExecutor.doExecute(TestCaseExecutor.java:433)
	at com.kms.katalon.core.main.TestCaseExecutor.processExecutionPhase(TestCaseExecutor.java:412)
	at com.kms.katalon.core.main.TestCaseExecutor.accessMainPhase(TestCaseExecutor.java:404)
	at com.kms.katalon.core.main.TestCaseExecutor.execute(TestCaseExecutor.java:281)
	at com.kms.katalon.core.main.TestSuiteExecutor.accessTestCaseMainPhase(TestSuiteExecutor.java:202)
	at com.kms.katalon.core.main.TestSuiteExecutor.accessTestSuiteMainPhase(TestSuiteExecutor.java:164)
	at com.kms.katalon.core.main.TestSuiteExecutor.execute(TestSuiteExecutor.java:105)
	at com.kms.katalon.core.main.TestCaseMain.startTestSuite(TestCaseMain.java:185)
	at com.kms.katalon.core.main.TestCaseMain$startTestSuite$0.call(Unknown Source)
	at TempTestSuite1677626298320.run(TempTestSuite1677626298320.groovy:36)
)

2023-02-28 18:24:27 - [TEST_STEP][PASSED] - else: pages.WriteExcel.demoKey is PASSED

2023-02-28 18:24:27 - [TEST_STEP][PASSED] - println("Transaction Approved, no errors text is not present on the Confirmation page"): null

2023-02-28 18:24:27 - [TEST_STEP][PASSED] - out.println("Fail Record Number: " + row): null

2023-02-28 18:24:27 - [TEST_STEP][PASSED] - resText = "Fail": null

2023-02-28 18:24:27 - [TEST_STEP][PASSED] - pages.WriteExcel.demoKey(resText, datText, resColumn, datCloumn, fileLoc, nameSheet, row): pages.WriteExcel.demoKey is PASSED

2023-02-28 18:24:27 - [MESSAGE][PASSED] - pages.WriteExcel.demoKey is PASSED]]></system-out>
         <system-err><![CDATA[2023-02-28 18:22:41 - [TEST_CASE][FAILED] - Test Cases/RecAndPlayBk/VLink/Sale-Void: Test Cases/RecAndPlayBk/VLink/Sale-Void FAILED.
Reason:
com.kms.katalon.core.exception.StepFailedException: Text 'Transaction approved, no errors' is not present on page  using regular expression (Root cause: com.kms.katalon.core.exception.StepFailedException: Text 'Transaction approved, no errors' is not present on page  using regular expression
	at com.kms.katalon.core.webui.keyword.internal.WebUIKeywordMain.stepFailed(WebUIKeywordMain.groovy:64)
	at com.kms.katalon.core.webui.keyword.builtin.VerifyTextPresentKeyword$_verifyTextPresent_closure1.doCall(VerifyTextPresentKeyword.groovy:79)
	at com.kms.katalon.core.webui.keyword.builtin.VerifyTextPresentKeyword$_verifyTextPresent_closure1.call(VerifyTextPresentKeyword.groovy)
	at com.kms.katalon.core.webui.keyword.internal.WebUIKeywordMain.runKeyword(WebUIKeywordMain.groovy:20)
	at com.kms.katalon.core.webui.keyword.builtin.VerifyTextPresentKeyword.verifyTextPresent(VerifyTextPresentKeyword.groovy:83)
	at com.kms.katalon.core.webui.keyword.builtin.VerifyTextPresentKeyword.execute(VerifyTextPresentKeyword.groovy:68)
	at com.kms.katalon.core.keyword.internal.KeywordExecutor.executeKeywordForPlatform(KeywordExecutor.groovy:74)
	at com.kms.katalon.core.webui.keyword.WebUiBuiltInKeywords.verifyTextPresent(WebUiBuiltInKeywords.groovy:1723)
	at com.kms.katalon.core.webui.keyword.WebUiBuiltInKeywords$verifyTextPresent$4.call(Unknown Source)
	at Sale-Void.run(Sale-Void:161)
	at com.kms.katalon.core.main.ScriptEngine.run(ScriptEngine.java:194)
	at com.kms.katalon.core.main.ScriptEngine.runScriptAsRawText(ScriptEngine.java:119)
	at com.kms.katalon.core.main.TestCaseExecutor.runScript(TestCaseExecutor.java:442)
	at com.kms.katalon.core.main.TestCaseExecutor.doExecute(TestCaseExecutor.java:433)
	at com.kms.katalon.core.main.TestCaseExecutor.processExecutionPhase(TestCaseExecutor.java:412)
	at com.kms.katalon.core.main.TestCaseExecutor.accessMainPhase(TestCaseExecutor.java:404)
	at com.kms.katalon.core.main.TestCaseExecutor.execute(TestCaseExecutor.java:281)
	at com.kms.katalon.core.main.TestSuiteExecutor.accessTestCaseMainPhase(TestSuiteExecutor.java:202)
	at com.kms.katalon.core.main.TestSuiteExecutor.accessTestSuiteMainPhase(TestSuiteExecutor.java:164)
	at com.kms.katalon.core.main.TestSuiteExecutor.execute(TestSuiteExecutor.java:105)
	at com.kms.katalon.core.main.TestCaseMain.startTestSuite(TestCaseMain.java:185)
	at com.kms.katalon.core.main.TestCaseMain$startTestSuite$0.call(Unknown Source)
	at TempTestSuite1677626298320.run(TempTestSuite1677626298320.groovy:36)
)
	at com.kms.katalon.core.keyword.internal.KeywordMain.stepFailed(KeywordMain.groovy:39)
	at com.kms.katalon.core.webui.keyword.internal.WebUIKeywordMain.stepFailed(WebUIKeywordMain.groovy:64)
	at com.kms.katalon.core.webui.keyword.builtin.VerifyTextPresentKeyword$_verifyTextPresent_closure1.doCall(VerifyTextPresentKeyword.groovy:79)
	at com.kms.katalon.core.webui.keyword.builtin.VerifyTextPresentKeyword$_verifyTextPresent_closure1.call(VerifyTextPresentKeyword.groovy)
	at com.kms.katalon.core.webui.keyword.internal.WebUIKeywordMain.runKeyword(WebUIKeywordMain.groovy:20)
	at com.kms.katalon.core.webui.keyword.builtin.VerifyTextPresentKeyword.verifyTextPresent(VerifyTextPresentKeyword.groovy:83)
	at com.kms.katalon.core.webui.keyword.builtin.VerifyTextPresentKeyword.execute(VerifyTextPresentKeyword.groovy:68)
	at com.kms.katalon.core.keyword.internal.KeywordExecutor.executeKeywordForPlatform(KeywordExecutor.groovy:74)
	at com.kms.katalon.core.webui.keyword.WebUiBuiltInKeywords.verifyTextPresent(WebUiBuiltInKeywords.groovy:1723)
	at com.kms.katalon.core.webui.keyword.WebUiBuiltInKeywords$verifyTextPresent$4.call(Unknown Source)
	at Sale-Void.run(Sale-Void:161)
	at com.kms.katalon.core.main.ScriptEngine.run(ScriptEngine.java:194)
	at com.kms.katalon.core.main.ScriptEngine.runScriptAsRawText(ScriptEngine.java:119)
	at com.kms.katalon.core.main.TestCaseExecutor.runScript(TestCaseExecutor.java:442)
	at com.kms.katalon.core.main.TestCaseExecutor.doExecute(TestCaseExecutor.java:433)
	at com.kms.katalon.core.main.TestCaseExecutor.processExecutionPhase(TestCaseExecutor.java:412)
	at com.kms.katalon.core.main.TestCaseExecutor.accessMainPhase(TestCaseExecutor.java:404)
	at com.kms.katalon.core.main.TestCaseExecutor.execute(TestCaseExecutor.java:281)
	at com.kms.katalon.core.main.TestSuiteExecutor.accessTestCaseMainPhase(TestSuiteExecutor.java:202)
	at com.kms.katalon.core.main.TestSuiteExecutor.accessTestSuiteMainPhase(TestSuiteExecutor.java:164)
	at com.kms.katalon.core.main.TestSuiteExecutor.execute(TestSuiteExecutor.java:105)
	at com.kms.katalon.core.main.TestCaseMain.startTestSuite(TestCaseMain.java:185)
	at com.kms.katalon.core.main.TestCaseMain$startTestSuite$0.call(Unknown Source)
	at TempTestSuite1677626298320.run(TempTestSuite1677626298320.groovy:36)
Caused by: com.kms.katalon.core.exception.StepFailedException: Text 'Transaction approved, no errors' is not present on page  using regular expression
	... 23 more]]></system-err>
      </testcase>
      <testcase name="Test Cases/RecAndPlayBk/VLink/Sale-Credit" time="112.641" classname="Test Cases/RecAndPlayBk/VLink/Sale-Credit" status="FAILED">
         <failure type="FAILED" message="Test Cases/RecAndPlayBk/VLink/Sale-Credit FAILED.
Reason:
com.kms.katalon.core.exception.StepFailedException: Text 'Transaction approved, no errors' is not present on page  using regular expression (Root cause: com.kms.katalon.core.exception.StepFailedException: Text 'Transaction approved, no errors' is not present on page  using regular expression
	at com.kms.katalon.core.webui.keyword.internal.WebUIKeywordMain.stepFailed(WebUIKeywordMain.groovy:64)
	at com.kms.katalon.core.webui.keyword.builtin.VerifyTextPresentKeyword$_verifyTextPresent_closure1.doCall(VerifyTextPresentKeyword.groovy:79)
	at com.kms.katalon.core.webui.keyword.builtin.VerifyTextPresentKeyword$_verifyTextPresent_closure1.call(VerifyTextPresentKeyword.groovy)
	at com.kms.katalon.core.webui.keyword.internal.WebUIKeywordMain.runKeyword(WebUIKeywordMain.groovy:20)
	at com.kms.katalon.core.webui.keyword.builtin.VerifyTextPresentKeyword.verifyTextPresent(VerifyTextPresentKeyword.groovy:83)
	at com.kms.katalon.core.webui.keyword.builtin.VerifyTextPresentKeyword.execute(VerifyTextPresentKeyword.groovy:68)
	at com.kms.katalon.core.keyword.internal.KeywordExecutor.executeKeywordForPlatform(KeywordExecutor.groovy:74)
	at com.kms.katalon.core.webui.keyword.WebUiBuiltInKeywords.verifyTextPresent(WebUiBuiltInKeywords.groovy:1723)
	at com.kms.katalon.core.webui.keyword.WebUiBuiltInKeywords$verifyTextPresent$4.call(Unknown Source)
	at Sale-Credit.run(Sale-Credit:161)
	at com.kms.katalon.core.main.ScriptEngine.run(ScriptEngine.java:194)
	at com.kms.katalon.core.main.ScriptEngine.runScriptAsRawText(ScriptEngine.java:119)
	at com.kms.katalon.core.main.TestCaseExecutor.runScript(TestCaseExecutor.java:442)
	at com.kms.katalon.core.main.TestCaseExecutor.doExecute(TestCaseExecutor.java:433)
	at com.kms.katalon.core.main.TestCaseExecutor.processExecutionPhase(TestCaseExecutor.java:412)
	at com.kms.katalon.core.main.TestCaseExecutor.accessMainPhase(TestCaseExecutor.java:404)
	at com.kms.katalon.core.main.TestCaseExecutor.execute(TestCaseExecutor.java:281)
	at com.kms.katalon.core.main.TestSuiteExecutor.accessTestCaseMainPhase(TestSuiteExecutor.java:202)
	at com.kms.katalon.core.main.TestSuiteExecutor.accessTestSuiteMainPhase(TestSuiteExecutor.java:164)
	at com.kms.katalon.core.main.TestSuiteExecutor.execute(TestSuiteExecutor.java:105)
	at com.kms.katalon.core.main.TestCaseMain.startTestSuite(TestCaseMain.java:185)
	at com.kms.katalon.core.main.TestCaseMain$startTestSuite$0.call(Unknown Source)
	at TempTestSuite1677626298320.run(TempTestSuite1677626298320.groovy:36)
)
	at com.kms.katalon.core.keyword.internal.KeywordMain.stepFailed(KeywordMain.groovy:39)
	at com.kms.katalon.core.webui.keyword.internal.WebUIKeywordMain.stepFailed(WebUIKeywordMain.groovy:64)
	at com.kms.katalon.core.webui.keyword.builtin.VerifyTextPresentKeyword$_verifyTextPresent_closure1.doCall(VerifyTextPresentKeyword.groovy:79)
	at com.kms.katalon.core.webui.keyword.builtin.VerifyTextPresentKeyword$_verifyTextPresent_closure1.call(VerifyTextPresentKeyword.groovy)
	at com.kms.katalon.core.webui.keyword.internal.WebUIKeywordMain.runKeyword(WebUIKeywordMain.groovy:20)
	at com.kms.katalon.core.webui.keyword.builtin.VerifyTextPresentKeyword.verifyTextPresent(VerifyTextPresentKeyword.groovy:83)
	at com.kms.katalon.core.webui.keyword.builtin.VerifyTextPresentKeyword.execute(VerifyTextPresentKeyword.groovy:68)
	at com.kms.katalon.core.keyword.internal.KeywordExecutor.executeKeywordForPlatform(KeywordExecutor.groovy:74)
	at com.kms.katalon.core.webui.keyword.WebUiBuiltInKeywords.verifyTextPresent(WebUiBuiltInKeywords.groovy:1723)
	at com.kms.katalon.core.webui.keyword.WebUiBuiltInKeywords$verifyTextPresent$4.call(Unknown Source)
	at Sale-Credit.run(Sale-Credit:161)
	at com.kms.katalon.core.main.ScriptEngine.run(ScriptEngine.java:194)
	at com.kms.katalon.core.main.ScriptEngine.runScriptAsRawText(ScriptEngine.java:119)
	at com.kms.katalon.core.main.TestCaseExecutor.runScript(TestCaseExecutor.java:442)
	at com.kms.katalon.core.main.TestCaseExecutor.doExecute(TestCaseExecutor.java:433)
	at com.kms.katalon.core.main.TestCaseExecutor.processExecutionPhase(TestCaseExecutor.java:412)
	at com.kms.katalon.core.main.TestCaseExecutor.accessMainPhase(TestCaseExecutor.java:404)
	at com.kms.katalon.core.main.TestCaseExecutor.execute(TestCaseExecutor.java:281)
	at com.kms.katalon.core.main.TestSuiteExecutor.accessTestCaseMainPhase(TestSuiteExecutor.java:202)
	at com.kms.katalon.core.main.TestSuiteExecutor.accessTestSuiteMainPhase(TestSuiteExecutor.java:164)
	at com.kms.katalon.core.main.TestSuiteExecutor.execute(TestSuiteExecutor.java:105)
	at com.kms.katalon.core.main.TestCaseMain.startTestSuite(TestCaseMain.java:185)
	at com.kms.katalon.core.main.TestCaseMain$startTestSuite$0.call(Unknown Source)
	at TempTestSuite1677626298320.run(TempTestSuite1677626298320.groovy:36)
Caused by: com.kms.katalon.core.exception.StepFailedException: Text 'Transaction approved, no errors' is not present on page  using regular expression
	... 23 more
"/>
         <system-out><![CDATA[2023-02-28 18:24:27 - [TEST_CASE][FAILED] - Test Cases/RecAndPlayBk/VLink/Sale-Credit: Test Cases/RecAndPlayBk/VLink/Sale-Credit FAILED.
Reason:
com.kms.katalon.core.exception.StepFailedException: Text 'Transaction approved, no errors' is not present on page  using regular expression (Root cause: com.kms.katalon.core.exception.StepFailedException: Text 'Transaction approved, no errors' is not present on page  using regular expression
	at com.kms.katalon.core.webui.keyword.internal.WebUIKeywordMain.stepFailed(WebUIKeywordMain.groovy:64)
	at com.kms.katalon.core.webui.keyword.builtin.VerifyTextPresentKeyword$_verifyTextPresent_closure1.doCall(VerifyTextPresentKeyword.groovy:79)
	at com.kms.katalon.core.webui.keyword.builtin.VerifyTextPresentKeyword$_verifyTextPresent_closure1.call(VerifyTextPresentKeyword.groovy)
	at com.kms.katalon.core.webui.keyword.internal.WebUIKeywordMain.runKeyword(WebUIKeywordMain.groovy:20)
	at com.kms.katalon.core.webui.keyword.builtin.VerifyTextPresentKeyword.verifyTextPresent(VerifyTextPresentKeyword.groovy:83)
	at com.kms.katalon.core.webui.keyword.builtin.VerifyTextPresentKeyword.execute(VerifyTextPresentKeyword.groovy:68)
	at com.kms.katalon.core.keyword.internal.KeywordExecutor.executeKeywordForPlatform(KeywordExecutor.groovy:74)
	at com.kms.katalon.core.webui.keyword.WebUiBuiltInKeywords.verifyTextPresent(WebUiBuiltInKeywords.groovy:1723)
	at com.kms.katalon.core.webui.keyword.WebUiBuiltInKeywords$verifyTextPresent$4.call(Unknown Source)
	at Sale-Credit.run(Sale-Credit:161)
	at com.kms.katalon.core.main.ScriptEngine.run(ScriptEngine.java:194)
	at com.kms.katalon.core.main.ScriptEngine.runScriptAsRawText(ScriptEngine.java:119)
	at com.kms.katalon.core.main.TestCaseExecutor.runScript(TestCaseExecutor.java:442)
	at com.kms.katalon.core.main.TestCaseExecutor.doExecute(TestCaseExecutor.java:433)
	at com.kms.katalon.core.main.TestCaseExecutor.processExecutionPhase(TestCaseExecutor.java:412)
	at com.kms.katalon.core.main.TestCaseExecutor.accessMainPhase(TestCaseExecutor.java:404)
	at com.kms.katalon.core.main.TestCaseExecutor.execute(TestCaseExecutor.java:281)
	at com.kms.katalon.core.main.TestSuiteExecutor.accessTestCaseMainPhase(TestSuiteExecutor.java:202)
	at com.kms.katalon.core.main.TestSuiteExecutor.accessTestSuiteMainPhase(TestSuiteExecutor.java:164)
	at com.kms.katalon.core.main.TestSuiteExecutor.execute(TestSuiteExecutor.java:105)
	at com.kms.katalon.core.main.TestCaseMain.startTestSuite(TestCaseMain.java:185)
	at com.kms.katalon.core.main.TestCaseMain$startTestSuite$0.call(Unknown Source)
	at TempTestSuite1677626298320.run(TempTestSuite1677626298320.groovy:36)
)
	at com.kms.katalon.core.keyword.internal.KeywordMain.stepFailed(KeywordMain.groovy:39)
	at com.kms.katalon.core.webui.keyword.internal.WebUIKeywordMain.stepFailed(WebUIKeywordMain.groovy:64)
	at com.kms.katalon.core.webui.keyword.builtin.VerifyTextPresentKeyword$_verifyTextPresent_closure1.doCall(VerifyTextPresentKeyword.groovy:79)
	at com.kms.katalon.core.webui.keyword.builtin.VerifyTextPresentKeyword$_verifyTextPresent_closure1.call(VerifyTextPresentKeyword.groovy)
	at com.kms.katalon.core.webui.keyword.internal.WebUIKeywordMain.runKeyword(WebUIKeywordMain.groovy:20)
	at com.kms.katalon.core.webui.keyword.builtin.VerifyTextPresentKeyword.verifyTextPresent(VerifyTextPresentKeyword.groovy:83)
	at com.kms.katalon.core.webui.keyword.builtin.VerifyTextPresentKeyword.execute(VerifyTextPresentKeyword.groovy:68)
	at com.kms.katalon.core.keyword.internal.KeywordExecutor.executeKeywordForPlatform(KeywordExecutor.groovy:74)
	at com.kms.katalon.core.webui.keyword.WebUiBuiltInKeywords.verifyTextPresent(WebUiBuiltInKeywords.groovy:1723)
	at com.kms.katalon.core.webui.keyword.WebUiBuiltInKeywords$verifyTextPresent$4.call(Unknown Source)
	at Sale-Credit.run(Sale-Credit:161)
	at com.kms.katalon.core.main.ScriptEngine.run(ScriptEngine.java:194)
	at com.kms.katalon.core.main.ScriptEngine.runScriptAsRawText(ScriptEngine.java:119)
	at com.kms.katalon.core.main.TestCaseExecutor.runScript(TestCaseExecutor.java:442)
	at com.kms.katalon.core.main.TestCaseExecutor.doExecute(TestCaseExecutor.java:433)
	at com.kms.katalon.core.main.TestCaseExecutor.processExecutionPhase(TestCaseExecutor.java:412)
	at com.kms.katalon.core.main.TestCaseExecutor.accessMainPhase(TestCaseExecutor.java:404)
	at com.kms.katalon.core.main.TestCaseExecutor.execute(TestCaseExecutor.java:281)
	at com.kms.katalon.core.main.TestSuiteExecutor.accessTestCaseMainPhase(TestSuiteExecutor.java:202)
	at com.kms.katalon.core.main.TestSuiteExecutor.accessTestSuiteMainPhase(TestSuiteExecutor.java:164)
	at com.kms.katalon.core.main.TestSuiteExecutor.execute(TestSuiteExecutor.java:105)
	at com.kms.katalon.core.main.TestCaseMain.startTestSuite(TestCaseMain.java:185)
	at com.kms.katalon.core.main.TestCaseMain$startTestSuite$0.call(Unknown Source)
	at TempTestSuite1677626298320.run(TempTestSuite1677626298320.groovy:36)
Caused by: com.kms.katalon.core.exception.StepFailedException: Text 'Transaction approved, no errors' is not present on page  using regular expression
	... 23 more


2023-02-28 18:24:28 - [TEST_STEP][PASSED] - executionProfile = getExecutionProfile(): null

2023-02-28 18:24:28 - [TEST_STEP][PASSED] - out.println("executionProfile : " + executionProfile): null

2023-02-28 18:24:28 - [TEST_STEP][PASSED] - appName = <not implemented yet for class: org.codehaus.groovy.ast.expr.EmptyExpression>: null

2023-02-28 18:24:28 - [TEST_STEP][PASSED] - appID = <not implemented yet for class: org.codehaus.groovy.ast.expr.EmptyExpression>: null

2023-02-28 18:24:28 - [TEST_STEP][PASSED] - username = <not implemented yet for class: org.codehaus.groovy.ast.expr.EmptyExpression>: null

2023-02-28 18:24:28 - [TEST_STEP][PASSED] - password = <not implemented yet for class: org.codehaus.groovy.ast.expr.EmptyExpression>: null

2023-02-28 18:24:28 - [TEST_STEP][PASSED] - cardNameV = <not implemented yet for class: org.codehaus.groovy.ast.expr.EmptyExpression>: null

2023-02-28 18:24:28 - [TEST_STEP][PASSED] - al1V = <not implemented yet for class: org.codehaus.groovy.ast.expr.EmptyExpression>: null

2023-02-28 18:24:28 - [TEST_STEP][PASSED] - al2V = <not implemented yet for class: org.codehaus.groovy.ast.expr.EmptyExpression>: null

2023-02-28 18:24:28 - [TEST_STEP][PASSED] - zipV = <not implemented yet for class: org.codehaus.groovy.ast.expr.EmptyExpression>: null

2023-02-28 18:24:28 - [TEST_STEP][PASSED] - cardTypeV = <not implemented yet for class: org.codehaus.groovy.ast.expr.EmptyExpression>: null

2023-02-28 18:24:28 - [TEST_STEP][PASSED] - last4V = <not implemented yet for class: org.codehaus.groovy.ast.expr.EmptyExpression>: null

2023-02-28 18:24:28 - [TEST_STEP][PASSED] - resText = "Fail": null

2023-02-28 18:24:28 - [TEST_STEP][PASSED] - resColumn = "Result": null

2023-02-28 18:24:28 - [TEST_STEP][PASSED] - datCloumn = "Date": null

2023-02-28 18:24:28 - [TEST_STEP][PASSED] - fileLoc = "KatalonData/VLinkSmokeData.xlsx": null

2023-02-28 18:24:28 - [TEST_STEP][PASSED] - numOfRows = <not implemented yet for class: org.codehaus.groovy.ast.expr.EmptyExpression>: null

2023-02-28 18:24:28 - [TEST_STEP][PASSED] - dataFile = <not implemented yet for class: org.codehaus.groovy.ast.expr.EmptyExpression>: null

2023-02-28 18:24:28 - [TEST_STEP][PASSED] - nameSheet = <not implemented yet for class: org.codehaus.groovy.ast.expr.EmptyExpression>: null

2023-02-28 18:24:28 - [TEST_STEP][PASSED] - nameSheet = "Sale-Credit": null

2023-02-28 18:24:28 - [TEST_STEP][PASSED] - numOfRows = findTestData("QA/VLinkTestData/VLinkSaleCreditData").getRowNumbers(): null

2023-02-28 18:24:28 - [TEST_STEP][PASSED] - println("Number of Records: " + numOfRows): null

2023-02-28 18:24:28 - [TEST_STEP][PASSED] - dataFile = "QA/VLinkTestData/VLinkSaleCreditData": null

2023-02-28 18:24:28 - [TEST_STEP][FAILED] - for ([row = 1, row <= numOfRows, (row++)]): null

2023-02-28 18:24:28 - [TEST_STEP][PASSED] - ExecuteTC = findTestData(dataFile).getValue("Execute", row): null

2023-02-28 18:24:28 - [TEST_STEP][PASSED] - out.println("Value of Execute is : " + ExecuteTC): null

2023-02-28 18:24:28 - [TEST_STEP][PASSED] - switch (executionProfile): null

2023-02-28 18:24:28 - [TEST_STEP][PASSED] - case "Demo2Profile":: null

2023-02-28 18:24:28 - [TEST_STEP][PASSED] - appID = findTestData(dataFile).getValue("AppIDDemo", row): null

2023-02-28 18:24:28 - [TEST_STEP][PASSED] - username = findTestData(dataFile).getValue("UsernameDemo", row): null

2023-02-28 18:24:28 - [TEST_STEP][PASSED] - password = findTestData(dataFile).getValue("PasswordDemo", row): null

2023-02-28 18:24:28 - [TEST_STEP][PASSED] - break: null

2023-02-28 18:24:28 - [TEST_STEP][PASSED] - if (ExecuteTC.equalsIgnoreCase("Y")): null

2023-02-28 18:24:28 - [TEST_STEP][PASSED] - out.println("Begin Record Number: " + row): null

2023-02-28 18:24:28 - [TEST_STEP][PASSED] - today = new java.util.Date(): null

2023-02-28 18:24:28 - [TEST_STEP][PASSED] - println(today): null

2023-02-28 18:24:28 - [TEST_STEP][PASSED] - datText = today: null

2023-02-28 18:24:28 - [TEST_STEP][PASSED] - category = findTestData(dataFile).getValue("Category", row): null

2023-02-28 18:24:28 - [TEST_STEP][PASSED] - amount = findTestData(dataFile).getValue("Amount", row): null

2023-02-28 18:24:28 - [TEST_STEP][PASSED] - cardNumber = findTestData(dataFile).getValue("CardNumber", row): null

2023-02-28 18:24:29 - [TEST_STEP][PASSED] - exM = findTestData(dataFile).getValue("ExM", row): null

2023-02-28 18:24:29 - [TEST_STEP][PASSED] - exY = findTestData(dataFile).getValue("ExY", row): null

2023-02-28 18:24:29 - [TEST_STEP][PASSED] - openBrowser(VLinkURL + "authcap.html"): Browser is opened with url: 'https://dev-algorithm.govolution.com/vlinktest/demo2/version_2_0/authcap.html'

2023-02-28 18:24:29 - [MESSAGE][WARNING] - A browser is already opened. Closing browser and opening a new one

2023-02-28 18:24:30 - [MESSAGE][INFO] - Starting 'Chrome' driver

2023-02-28 18:24:30 - [MESSAGE][INFO] - User set preference: ['acceptInsecureCerts', 'true']

2023-02-28 18:24:30 - [MESSAGE][INFO] - Action delay is set to 0 milliseconds

2023-02-28 18:24:31 - [MESSAGE][PASSED] - Browser is opened with url: 'https://dev-algorithm.govolution.com/vlinktest/demo2/version_2_0/authcap.html'

2023-02-28 18:24:31 - [TEST_STEP][PASSED] - maximizeWindow(): Current window maximized

2023-02-28 18:24:31 - [MESSAGE][PASSED] - Current window maximized

2023-02-28 18:24:31 - [TEST_STEP][PASSED] - maximizeWindow(): Current window maximized

2023-02-28 18:24:31 - [MESSAGE][PASSED] - Current window maximized

2023-02-28 18:24:31 - [TEST_STEP][PASSED] - genRemID = RandomStringUtils.random(12, true, true): null

2023-02-28 18:24:31 - [TEST_STEP][PASSED] - setText(findTestObject("Object Repository/RecAndPlayBk/Page-Vlink-Sale/input_Remittance Id_remittance_id"), genRemID): Text 'vuAgCMH69mkL' is set on object 'Object Repository/RecAndPlayBk/Page-Vlink-Sale/input_Remittance Id_remittance_id'

2023-02-28 18:24:32 - [MESSAGE][PASSED] - Text 'vuAgCMH69mkL' is set on object 'Object Repository/RecAndPlayBk/Page-Vlink-Sale/input_Remittance Id_remittance_id'

2023-02-28 18:24:32 - [TEST_STEP][PASSED] - setText(findTestObject("Object Repository/RecAndPlayBk/Page-Vlink-Sale/input_Application Id_application_id"), appID): Text '1773' is set on object 'Object Repository/RecAndPlayBk/Page-Vlink-Sale/input_Application Id_application_id'

2023-02-28 18:24:33 - [MESSAGE][PASSED] - Text '1773' is set on object 'Object Repository/RecAndPlayBk/Page-Vlink-Sale/input_Application Id_application_id'

2023-02-28 18:24:33 - [TEST_STEP][PASSED] - setText(findTestObject("Object Repository/RecAndPlayBk/Page-Vlink-Sale/input_Username_username"), username): Text 'Qq2BV1qtr' is set on object 'Object Repository/RecAndPlayBk/Page-Vlink-Sale/input_Username_username'

2023-02-28 18:24:34 - [MESSAGE][PASSED] - Text 'Qq2BV1qtr' is set on object 'Object Repository/RecAndPlayBk/Page-Vlink-Sale/input_Username_username'

2023-02-28 18:24:34 - [TEST_STEP][PASSED] - setText(findTestObject("Object Repository/RecAndPlayBk/Page-Vlink-Sale/input_Password_password"), password): Text 'tUmWBiLUx' is set on object 'Object Repository/RecAndPlayBk/Page-Vlink-Sale/input_Password_password'

2023-02-28 18:24:34 - [MESSAGE][PASSED] - Text 'tUmWBiLUx' is set on object 'Object Repository/RecAndPlayBk/Page-Vlink-Sale/input_Password_password'

2023-02-28 18:24:34 - [TEST_STEP][PASSED] - setText(findTestObject("Object Repository/RecAndPlayBk/Page-Vlink-Sale/input_Category_category"), category): Text 'ECOM' is set on object 'Object Repository/RecAndPlayBk/Page-Vlink-Sale/input_Category_category'

2023-02-28 18:24:35 - [MESSAGE][PASSED] - Text 'ECOM' is set on object 'Object Repository/RecAndPlayBk/Page-Vlink-Sale/input_Category_category'

2023-02-28 18:24:35 - [TEST_STEP][PASSED] - setText(findTestObject("Object Repository/RecAndPlayBk/Page-Vlink-Sale/input_Amount_amount"), amount): Text '10.5' is set on object 'Object Repository/RecAndPlayBk/Page-Vlink-Sale/input_Amount_amount'

2023-02-28 18:24:35 - [MESSAGE][PASSED] - Text '10.5' is set on object 'Object Repository/RecAndPlayBk/Page-Vlink-Sale/input_Amount_amount'

2023-02-28 18:24:35 - [TEST_STEP][PASSED] - doubleClick(findTestObject("Object Repository/RecAndPlayBk/Page-Vlink-Sale/input_Card number_card_number")): Object: 'Object Repository/RecAndPlayBk/Page-Vlink-Sale/input_Card number_card_number' is double clicked on

2023-02-28 18:24:36 - [MESSAGE][PASSED] - Object: 'Object Repository/RecAndPlayBk/Page-Vlink-Sale/input_Card number_card_number' is double clicked on

2023-02-28 18:24:36 - [TEST_STEP][PASSED] - setText(findTestObject("Object Repository/RecAndPlayBk/Page-Vlink-Sale/input_Card number_card_number"), cardNumber): Text '4111111111111111' is set on object 'Object Repository/RecAndPlayBk/Page-Vlink-Sale/input_Card number_card_number'

2023-02-28 18:24:36 - [MESSAGE][PASSED] - Text '4111111111111111' is set on object 'Object Repository/RecAndPlayBk/Page-Vlink-Sale/input_Card number_card_number'

2023-02-28 18:24:36 - [TEST_STEP][PASSED] - setText(findTestObject("Object Repository/RecAndPlayBk/Page-Vlink-Sale/input_Card ex month_card_exmo"), exM): Text '12' is set on object 'Object Repository/RecAndPlayBk/Page-Vlink-Sale/input_Card ex month_card_exmo'

2023-02-28 18:24:37 - [MESSAGE][PASSED] - Text '12' is set on object 'Object Repository/RecAndPlayBk/Page-Vlink-Sale/input_Card ex month_card_exmo'

2023-02-28 18:24:37 - [TEST_STEP][PASSED] - setText(findTestObject("Object Repository/RecAndPlayBk/Page-Vlink-Sale/input_Card ex year_card_exyr"), exY): Text '2029' is set on object 'Object Repository/RecAndPlayBk/Page-Vlink-Sale/input_Card ex year_card_exyr'

2023-02-28 18:24:38 - [MESSAGE][PASSED] - Text '2029' is set on object 'Object Repository/RecAndPlayBk/Page-Vlink-Sale/input_Card ex year_card_exyr'

2023-02-28 18:24:38 - [TEST_STEP][PASSED] - click(findTestObject("Object Repository/RecAndPlayBk/Page-Vlink-Sale/input_Track Data_track_data")): Object: 'Object Repository/RecAndPlayBk/Page-Vlink-Sale/input_Track Data_track_data' is clicked on

2023-02-28 18:24:38 - [MESSAGE][PASSED] - Object: 'Object Repository/RecAndPlayBk/Page-Vlink-Sale/input_Track Data_track_data' is clicked on

2023-02-28 18:24:38 - [TEST_STEP][PASSED] - click(findTestObject("Object Repository/RecAndPlayBk/Page-Vlink-Sale/input_CVV state_cvv_state")): Object: 'Object Repository/RecAndPlayBk/Page-Vlink-Sale/input_CVV state_cvv_state' is clicked on

2023-02-28 18:24:38 - [MESSAGE][PASSED] - Object: 'Object Repository/RecAndPlayBk/Page-Vlink-Sale/input_CVV state_cvv_state' is clicked on

2023-02-28 18:24:38 - [TEST_STEP][PASSED] - setText(findTestObject("Object Repository/RecAndPlayBk/Page-Vlink-Sale/input_Track Data_track_data"), ""): Text '' is set on object 'Object Repository/RecAndPlayBk/Page-Vlink-Sale/input_Track Data_track_data'

2023-02-28 18:24:39 - [MESSAGE][PASSED] - Text '' is set on object 'Object Repository/RecAndPlayBk/Page-Vlink-Sale/input_Track Data_track_data'

2023-02-28 18:24:39 - [TEST_STEP][PASSED] - setText(findTestObject("Object Repository/RecAndPlayBk/Page-Vlink-Sale/input_concat(Cardholder, , s email)_email"), ""): Text '' is set on object 'Object Repository/RecAndPlayBk/Page-Vlink-Sale/input_concat(Cardholder, , s email)_email'

2023-02-28 18:24:40 - [MESSAGE][PASSED] - Text '' is set on object 'Object Repository/RecAndPlayBk/Page-Vlink-Sale/input_concat(Cardholder, , s email)_email'

2023-02-28 18:24:40 - [TEST_STEP][PASSED] - click(findTestObject("Object Repository/RecAndPlayBk/Page-Vlink-Sale/input_user_defined10_user_defined10")): Object: 'Object Repository/RecAndPlayBk/Page-Vlink-Sale/input_user_defined10_user_defined10' is clicked on

2023-02-28 18:24:40 - [MESSAGE][PASSED] - Object: 'Object Repository/RecAndPlayBk/Page-Vlink-Sale/input_user_defined10_user_defined10' is clicked on

2023-02-28 18:24:40 - [TEST_STEP][PASSED] - if (executionProfile.equalsIgnoreCase("QAProfile") || executionProfile.equalsIgnoreCase("DemoProfile")): null

2023-02-28 18:24:40 - [TEST_STEP][PASSED] - click(findTestObject("Object Repository/RecAndPlayBk/Page-Vlink-Sale/input")): Object: 'Object Repository/RecAndPlayBk/Page-Vlink-Sale/input' is clicked on

2023-02-28 18:24:42 - [MESSAGE][PASSED] - Object: 'Object Repository/RecAndPlayBk/Page-Vlink-Sale/input' is clicked on

2023-02-28 18:24:42 - [TEST_STEP][PASSED] - if (verifyTextPresent("Transaction approved, no errors", true)): null

2023-02-28 18:24:42 - [MESSAGE][PASSED] - Text 'Transaction approved, no errors' is present on page  using regular expression

2023-02-28 18:24:42 - [TEST_STEP][PASSED] - println("Transaction Approved, no errors text is present on the Confirmation page"): null

2023-02-28 18:24:42 - [TEST_STEP][PASSED] - sdfo = getText(findTestObject("Object Repository/Page_VLinkReceipt/pre_STX")): Text of object 'Object Repository/Page_VLinkReceipt/pre_STX' is: '<STX>vuAgCMH69mkL                  2920753             0  Transaction approved, no errors                   0                                                                                  Y 646781199<ETX>'

2023-02-28 18:24:42 - [MESSAGE][PASSED] - Text of object 'Object Repository/Page_VLinkReceipt/pre_STX' is: '<STX>vuAgCMH69mkL                  2920753             0  Transaction approved, no errors                   0                                                                                  Y 646781199<ETX>'

2023-02-28 18:24:42 - [TEST_STEP][PASSED] - out.println("sdfo: " + sdfo): null

2023-02-28 18:24:42 - [TEST_STEP][PASSED] - remID = substring(5, 35).trim(): null

2023-02-28 18:24:42 - [TEST_STEP][PASSED] - out.println("remID: " + remID): null

2023-02-28 18:24:42 - [TEST_STEP][PASSED] - traxID = substring(35, 55).trim(): null

2023-02-28 18:24:42 - [TEST_STEP][PASSED] - out.println("traxID: " + traxID): null

2023-02-28 18:24:42 - [TEST_STEP][PASSED] - VLinkSaleRemID = remID: null

2023-02-28 18:24:42 - [TEST_STEP][PASSED] - VLinkSaleTranxID = traxID: null

2023-02-28 18:24:42 - [TEST_STEP][PASSED] - openBrowser(VLinkURL + "CC_credit.html"): Browser is opened with url: 'https://dev-algorithm.govolution.com/vlinktest/demo2/version_2_0/CC_credit.html'

2023-02-28 18:24:42 - [MESSAGE][WARNING] - A browser is already opened. Closing browser and opening a new one

2023-02-28 18:24:43 - [MESSAGE][INFO] - Starting 'Chrome' driver

2023-02-28 18:24:43 - [MESSAGE][INFO] - User set preference: ['acceptInsecureCerts', 'true']

2023-02-28 18:24:43 - [MESSAGE][INFO] - Action delay is set to 0 milliseconds

2023-02-28 18:24:45 - [MESSAGE][PASSED] - Browser is opened with url: 'https://dev-algorithm.govolution.com/vlinktest/demo2/version_2_0/CC_credit.html'

2023-02-28 18:24:45 - [TEST_STEP][PASSED] - maximizeWindow(): Current window maximized

2023-02-28 18:24:45 - [MESSAGE][PASSED] - Current window maximized

2023-02-28 18:24:45 - [TEST_STEP][PASSED] - setText(findTestObject("Object Repository/RecAndPlayBk/Page-Vlink-CC-Credit/input_Remittance Id"), VLinkSaleRemID): Text 'vuAgCMH69mkL' is set on object 'Object Repository/RecAndPlayBk/Page-Vlink-CC-Credit/input_Remittance Id'

2023-02-28 18:24:46 - [MESSAGE][PASSED] - Text 'vuAgCMH69mkL' is set on object 'Object Repository/RecAndPlayBk/Page-Vlink-CC-Credit/input_Remittance Id'

2023-02-28 18:24:46 - [TEST_STEP][PASSED] - setText(findTestObject("Object Repository/RecAndPlayBk/Page-Vlink-CC-Credit/input_Application Id"), appID): Text '1773' is set on object 'Object Repository/RecAndPlayBk/Page-Vlink-CC-Credit/input_Application Id'

2023-02-28 18:24:47 - [MESSAGE][PASSED] - Text '1773' is set on object 'Object Repository/RecAndPlayBk/Page-Vlink-CC-Credit/input_Application Id'

2023-02-28 18:24:47 - [TEST_STEP][PASSED] - setText(findTestObject("Object Repository/RecAndPlayBk/Page-Vlink-CC-Credit/input_Username"), username): Text 'Qq2BV1qtr' is set on object 'Object Repository/RecAndPlayBk/Page-Vlink-CC-Credit/input_Username'

2023-02-28 18:24:47 - [MESSAGE][PASSED] - Text 'Qq2BV1qtr' is set on object 'Object Repository/RecAndPlayBk/Page-Vlink-CC-Credit/input_Username'

2023-02-28 18:24:47 - [TEST_STEP][PASSED] - setText(findTestObject("Object Repository/RecAndPlayBk/Page-Vlink-CC-Credit/input_Password"), password): Text 'tUmWBiLUx' is set on object 'Object Repository/RecAndPlayBk/Page-Vlink-CC-Credit/input_Password'

2023-02-28 18:24:48 - [MESSAGE][PASSED] - Text 'tUmWBiLUx' is set on object 'Object Repository/RecAndPlayBk/Page-Vlink-CC-Credit/input_Password'

2023-02-28 18:24:48 - [TEST_STEP][PASSED] - setText(findTestObject("Object Repository/RecAndPlayBk/Page-Vlink-CC-Credit/input_Transaction ID"), VLinkSaleTranxID): Text '2920753' is set on object 'Object Repository/RecAndPlayBk/Page-Vlink-CC-Credit/input_Transaction ID'

2023-02-28 18:24:49 - [MESSAGE][PASSED] - Text '2920753' is set on object 'Object Repository/RecAndPlayBk/Page-Vlink-CC-Credit/input_Transaction ID'

2023-02-28 18:24:49 - [TEST_STEP][PASSED] - setText(findTestObject("Object Repository/RecAndPlayBk/Page-Vlink-CC-Credit/input_Amount"), amount): Text '10.5' is set on object 'Object Repository/RecAndPlayBk/Page-Vlink-CC-Credit/input_Amount'

2023-02-28 18:24:49 - [MESSAGE][PASSED] - Text '10.5' is set on object 'Object Repository/RecAndPlayBk/Page-Vlink-CC-Credit/input_Amount'

2023-02-28 18:24:49 - [TEST_STEP][PASSED] - setText(findTestObject("Object Repository/RecAndPlayBk/Page-Vlink-CC-Credit/input_Card number"), ""): Text '' is set on object 'Object Repository/RecAndPlayBk/Page-Vlink-CC-Credit/input_Card number'

2023-02-28 18:24:50 - [MESSAGE][PASSED] - Text '' is set on object 'Object Repository/RecAndPlayBk/Page-Vlink-CC-Credit/input_Card number'

2023-02-28 18:24:50 - [TEST_STEP][PASSED] - setText(findTestObject("Object Repository/RecAndPlayBk/Page-Vlink-CC-Credit/input_Card ex month"), ""): Text '' is set on object 'Object Repository/RecAndPlayBk/Page-Vlink-CC-Credit/input_Card ex month'

2023-02-28 18:24:50 - [MESSAGE][PASSED] - Text '' is set on object 'Object Repository/RecAndPlayBk/Page-Vlink-CC-Credit/input_Card ex month'

2023-02-28 18:24:50 - [TEST_STEP][PASSED] - setText(findTestObject("Object Repository/RecAndPlayBk/Page-Vlink-CC-Credit/input_Card ex year"), ""): Text '' is set on object 'Object Repository/RecAndPlayBk/Page-Vlink-CC-Credit/input_Card ex year'

2023-02-28 18:24:51 - [MESSAGE][PASSED] - Text '' is set on object 'Object Repository/RecAndPlayBk/Page-Vlink-CC-Credit/input_Card ex year'

2023-02-28 18:24:51 - [TEST_STEP][PASSED] - setText(findTestObject("Object Repository/RecAndPlayBk/Page-Vlink-CC-Credit/input_Track Data"), ""): Text '' is set on object 'Object Repository/RecAndPlayBk/Page-Vlink-CC-Credit/input_Track Data'

2023-02-28 18:24:52 - [MESSAGE][PASSED] - Text '' is set on object 'Object Repository/RecAndPlayBk/Page-Vlink-CC-Credit/input_Track Data'

2023-02-28 18:24:52 - [TEST_STEP][PASSED] - setText(findTestObject("Object Repository/RecAndPlayBk/Page-Vlink-CC-Credit/input_Category Code"), category): Text 'ECOM' is set on object 'Object Repository/RecAndPlayBk/Page-Vlink-CC-Credit/input_Category Code'

2023-02-28 18:24:52 - [MESSAGE][PASSED] - Text 'ECOM' is set on object 'Object Repository/RecAndPlayBk/Page-Vlink-CC-Credit/input_Category Code'

2023-02-28 18:24:52 - [TEST_STEP][PASSED] - click(findTestObject("Object Repository/RecAndPlayBk/Page-Vlink-CC-Credit/input")): Object: 'Object Repository/RecAndPlayBk/Page-Vlink-CC-Credit/input' is clicked on

2023-02-28 18:24:56 - [MESSAGE][PASSED] - Object: 'Object Repository/RecAndPlayBk/Page-Vlink-CC-Credit/input' is clicked on

2023-02-28 18:24:56 - [TEST_STEP][PASSED] - if (verifyTextPresent("Transaction approved, no errors", true)): null

2023-02-28 18:24:56 - [MESSAGE][PASSED] - Text 'Transaction approved, no errors' is present on page  using regular expression

2023-02-28 18:24:56 - [TEST_STEP][PASSED] - println("Transaction Approved, no errors text is present on the Confirmation page"): null

2023-02-28 18:24:56 - [TEST_STEP][PASSED] - out.println("Pass Record Number: " + row): null

2023-02-28 18:24:56 - [TEST_STEP][PASSED] - resText = "Pass": null

2023-02-28 18:24:56 - [TEST_STEP][PASSED] - pages.WriteExcel.demoKey(resText, datText, resColumn, datCloumn, fileLoc, nameSheet, row): pages.WriteExcel.demoKey is PASSED

2023-02-28 18:24:56 - [MESSAGE][PASSED] - pages.WriteExcel.demoKey is PASSED

2023-02-28 18:24:56 - [TEST_STEP][PASSED] - ExecuteTC = findTestData(dataFile).getValue("Execute", row): null

2023-02-28 18:24:56 - [TEST_STEP][PASSED] - out.println("Value of Execute is : " + ExecuteTC): null

2023-02-28 18:24:56 - [TEST_STEP][PASSED] - switch (executionProfile): null

2023-02-28 18:24:56 - [TEST_STEP][PASSED] - case "Demo2Profile":: null

2023-02-28 18:24:56 - [TEST_STEP][PASSED] - appID = findTestData(dataFile).getValue("AppIDDemo", row): null

2023-02-28 18:24:56 - [TEST_STEP][PASSED] - username = findTestData(dataFile).getValue("UsernameDemo", row): null

2023-02-28 18:24:56 - [TEST_STEP][PASSED] - password = findTestData(dataFile).getValue("PasswordDemo", row): null

2023-02-28 18:24:56 - [TEST_STEP][PASSED] - break: null

2023-02-28 18:24:56 - [TEST_STEP][PASSED] - if (ExecuteTC.equalsIgnoreCase("Y")): null

2023-02-28 18:24:56 - [TEST_STEP][PASSED] - out.println("Begin Record Number: " + row): null

2023-02-28 18:24:56 - [TEST_STEP][PASSED] - today = new java.util.Date(): null

2023-02-28 18:24:56 - [TEST_STEP][PASSED] - println(today): null

2023-02-28 18:24:56 - [TEST_STEP][PASSED] - datText = today: null

2023-02-28 18:24:56 - [TEST_STEP][PASSED] - category = findTestData(dataFile).getValue("Category", row): null

2023-02-28 18:24:56 - [TEST_STEP][PASSED] - amount = findTestData(dataFile).getValue("Amount", row): null

2023-02-28 18:24:56 - [TEST_STEP][PASSED] - cardNumber = findTestData(dataFile).getValue("CardNumber", row): null

2023-02-28 18:24:57 - [TEST_STEP][PASSED] - exM = findTestData(dataFile).getValue("ExM", row): null

2023-02-28 18:24:57 - [TEST_STEP][PASSED] - exY = findTestData(dataFile).getValue("ExY", row): null

2023-02-28 18:24:57 - [TEST_STEP][PASSED] - openBrowser(VLinkURL + "authcap.html"): Browser is opened with url: 'https://dev-algorithm.govolution.com/vlinktest/demo2/version_2_0/authcap.html'

2023-02-28 18:24:57 - [MESSAGE][WARNING] - A browser is already opened. Closing browser and opening a new one

2023-02-28 18:24:58 - [MESSAGE][INFO] - Starting 'Chrome' driver

2023-02-28 18:24:58 - [MESSAGE][INFO] - User set preference: ['acceptInsecureCerts', 'true']

2023-02-28 18:24:58 - [MESSAGE][INFO] - Action delay is set to 0 milliseconds

2023-02-28 18:25:00 - [MESSAGE][PASSED] - Browser is opened with url: 'https://dev-algorithm.govolution.com/vlinktest/demo2/version_2_0/authcap.html'

2023-02-28 18:25:00 - [TEST_STEP][PASSED] - maximizeWindow(): Current window maximized

2023-02-28 18:25:00 - [MESSAGE][PASSED] - Current window maximized

2023-02-28 18:25:00 - [TEST_STEP][PASSED] - maximizeWindow(): Current window maximized

2023-02-28 18:25:00 - [MESSAGE][PASSED] - Current window maximized

2023-02-28 18:25:00 - [TEST_STEP][PASSED] - genRemID = RandomStringUtils.random(12, true, true): null

2023-02-28 18:25:00 - [TEST_STEP][PASSED] - setText(findTestObject("Object Repository/RecAndPlayBk/Page-Vlink-Sale/input_Remittance Id_remittance_id"), genRemID): Text '1BOoquAWHKPE' is set on object 'Object Repository/RecAndPlayBk/Page-Vlink-Sale/input_Remittance Id_remittance_id'

2023-02-28 18:25:01 - [MESSAGE][PASSED] - Text '1BOoquAWHKPE' is set on object 'Object Repository/RecAndPlayBk/Page-Vlink-Sale/input_Remittance Id_remittance_id'

2023-02-28 18:25:01 - [TEST_STEP][PASSED] - setText(findTestObject("Object Repository/RecAndPlayBk/Page-Vlink-Sale/input_Application Id_application_id"), appID): Text '1773' is set on object 'Object Repository/RecAndPlayBk/Page-Vlink-Sale/input_Application Id_application_id'

2023-02-28 18:25:02 - [MESSAGE][PASSED] - Text '1773' is set on object 'Object Repository/RecAndPlayBk/Page-Vlink-Sale/input_Application Id_application_id'

2023-02-28 18:25:02 - [TEST_STEP][PASSED] - setText(findTestObject("Object Repository/RecAndPlayBk/Page-Vlink-Sale/input_Username_username"), username): Text 'Qq2BV1qtr' is set on object 'Object Repository/RecAndPlayBk/Page-Vlink-Sale/input_Username_username'

2023-02-28 18:25:02 - [MESSAGE][PASSED] - Text 'Qq2BV1qtr' is set on object 'Object Repository/RecAndPlayBk/Page-Vlink-Sale/input_Username_username'

2023-02-28 18:25:02 - [TEST_STEP][PASSED] - setText(findTestObject("Object Repository/RecAndPlayBk/Page-Vlink-Sale/input_Password_password"), password): Text 'tUmWBiLUx' is set on object 'Object Repository/RecAndPlayBk/Page-Vlink-Sale/input_Password_password'

2023-02-28 18:25:03 - [MESSAGE][PASSED] - Text 'tUmWBiLUx' is set on object 'Object Repository/RecAndPlayBk/Page-Vlink-Sale/input_Password_password'

2023-02-28 18:25:03 - [TEST_STEP][PASSED] - setText(findTestObject("Object Repository/RecAndPlayBk/Page-Vlink-Sale/input_Category_category"), category): Text 'MOTO' is set on object 'Object Repository/RecAndPlayBk/Page-Vlink-Sale/input_Category_category'

2023-02-28 18:25:03 - [MESSAGE][PASSED] - Text 'MOTO' is set on object 'Object Repository/RecAndPlayBk/Page-Vlink-Sale/input_Category_category'

2023-02-28 18:25:03 - [TEST_STEP][PASSED] - setText(findTestObject("Object Repository/RecAndPlayBk/Page-Vlink-Sale/input_Amount_amount"), amount): Text '10.5' is set on object 'Object Repository/RecAndPlayBk/Page-Vlink-Sale/input_Amount_amount'

2023-02-28 18:25:04 - [MESSAGE][PASSED] - Text '10.5' is set on object 'Object Repository/RecAndPlayBk/Page-Vlink-Sale/input_Amount_amount'

2023-02-28 18:25:04 - [TEST_STEP][PASSED] - doubleClick(findTestObject("Object Repository/RecAndPlayBk/Page-Vlink-Sale/input_Card number_card_number")): Object: 'Object Repository/RecAndPlayBk/Page-Vlink-Sale/input_Card number_card_number' is double clicked on

2023-02-28 18:25:04 - [MESSAGE][PASSED] - Object: 'Object Repository/RecAndPlayBk/Page-Vlink-Sale/input_Card number_card_number' is double clicked on

2023-02-28 18:25:04 - [TEST_STEP][PASSED] - setText(findTestObject("Object Repository/RecAndPlayBk/Page-Vlink-Sale/input_Card number_card_number"), cardNumber): Text '5424000000000015' is set on object 'Object Repository/RecAndPlayBk/Page-Vlink-Sale/input_Card number_card_number'

2023-02-28 18:25:05 - [MESSAGE][PASSED] - Text '5424000000000015' is set on object 'Object Repository/RecAndPlayBk/Page-Vlink-Sale/input_Card number_card_number'

2023-02-28 18:25:05 - [TEST_STEP][PASSED] - setText(findTestObject("Object Repository/RecAndPlayBk/Page-Vlink-Sale/input_Card ex month_card_exmo"), exM): Text '12' is set on object 'Object Repository/RecAndPlayBk/Page-Vlink-Sale/input_Card ex month_card_exmo'

2023-02-28 18:25:06 - [MESSAGE][PASSED] - Text '12' is set on object 'Object Repository/RecAndPlayBk/Page-Vlink-Sale/input_Card ex month_card_exmo'

2023-02-28 18:25:06 - [TEST_STEP][PASSED] - setText(findTestObject("Object Repository/RecAndPlayBk/Page-Vlink-Sale/input_Card ex year_card_exyr"), exY): Text '2029' is set on object 'Object Repository/RecAndPlayBk/Page-Vlink-Sale/input_Card ex year_card_exyr'

2023-02-28 18:25:06 - [MESSAGE][PASSED] - Text '2029' is set on object 'Object Repository/RecAndPlayBk/Page-Vlink-Sale/input_Card ex year_card_exyr'

2023-02-28 18:25:06 - [TEST_STEP][PASSED] - click(findTestObject("Object Repository/RecAndPlayBk/Page-Vlink-Sale/input_Track Data_track_data")): Object: 'Object Repository/RecAndPlayBk/Page-Vlink-Sale/input_Track Data_track_data' is clicked on

2023-02-28 18:25:07 - [MESSAGE][PASSED] - Object: 'Object Repository/RecAndPlayBk/Page-Vlink-Sale/input_Track Data_track_data' is clicked on

2023-02-28 18:25:07 - [TEST_STEP][PASSED] - click(findTestObject("Object Repository/RecAndPlayBk/Page-Vlink-Sale/input_CVV state_cvv_state")): Object: 'Object Repository/RecAndPlayBk/Page-Vlink-Sale/input_CVV state_cvv_state' is clicked on

2023-02-28 18:25:07 - [MESSAGE][PASSED] - Object: 'Object Repository/RecAndPlayBk/Page-Vlink-Sale/input_CVV state_cvv_state' is clicked on

2023-02-28 18:25:07 - [TEST_STEP][PASSED] - setText(findTestObject("Object Repository/RecAndPlayBk/Page-Vlink-Sale/input_Track Data_track_data"), ""): Text '' is set on object 'Object Repository/RecAndPlayBk/Page-Vlink-Sale/input_Track Data_track_data'

2023-02-28 18:25:08 - [MESSAGE][PASSED] - Text '' is set on object 'Object Repository/RecAndPlayBk/Page-Vlink-Sale/input_Track Data_track_data'

2023-02-28 18:25:08 - [TEST_STEP][PASSED] - setText(findTestObject("Object Repository/RecAndPlayBk/Page-Vlink-Sale/input_concat(Cardholder, , s email)_email"), ""): Text '' is set on object 'Object Repository/RecAndPlayBk/Page-Vlink-Sale/input_concat(Cardholder, , s email)_email'

2023-02-28 18:25:08 - [MESSAGE][PASSED] - Text '' is set on object 'Object Repository/RecAndPlayBk/Page-Vlink-Sale/input_concat(Cardholder, , s email)_email'

2023-02-28 18:25:08 - [TEST_STEP][PASSED] - click(findTestObject("Object Repository/RecAndPlayBk/Page-Vlink-Sale/input_user_defined10_user_defined10")): Object: 'Object Repository/RecAndPlayBk/Page-Vlink-Sale/input_user_defined10_user_defined10' is clicked on

2023-02-28 18:25:09 - [MESSAGE][PASSED] - Object: 'Object Repository/RecAndPlayBk/Page-Vlink-Sale/input_user_defined10_user_defined10' is clicked on

2023-02-28 18:25:09 - [TEST_STEP][PASSED] - if (executionProfile.equalsIgnoreCase("QAProfile") || executionProfile.equalsIgnoreCase("DemoProfile")): null

2023-02-28 18:25:09 - [TEST_STEP][PASSED] - click(findTestObject("Object Repository/RecAndPlayBk/Page-Vlink-Sale/input")): Object: 'Object Repository/RecAndPlayBk/Page-Vlink-Sale/input' is clicked on

2023-02-28 18:25:11 - [MESSAGE][PASSED] - Object: 'Object Repository/RecAndPlayBk/Page-Vlink-Sale/input' is clicked on

2023-02-28 18:25:11 - [TEST_STEP][PASSED] - if (verifyTextPresent("Transaction approved, no errors", true)): null

2023-02-28 18:25:11 - [MESSAGE][PASSED] - Text 'Transaction approved, no errors' is present on page  using regular expression

2023-02-28 18:25:11 - [TEST_STEP][PASSED] - println("Transaction Approved, no errors text is present on the Confirmation page"): null

2023-02-28 18:25:11 - [TEST_STEP][PASSED] - sdfo = getText(findTestObject("Object Repository/Page_VLinkReceipt/pre_STX")): Text of object 'Object Repository/Page_VLinkReceipt/pre_STX' is: '<STX>1BOoquAWHKPE                  2920755             0  Transaction approved, no errors                   0                                                                                  Y 305900802<ETX>'

2023-02-28 18:25:11 - [MESSAGE][PASSED] - Text of object 'Object Repository/Page_VLinkReceipt/pre_STX' is: '<STX>1BOoquAWHKPE                  2920755             0  Transaction approved, no errors                   0                                                                                  Y 305900802<ETX>'

2023-02-28 18:25:11 - [TEST_STEP][PASSED] - out.println("sdfo: " + sdfo): null

2023-02-28 18:25:11 - [TEST_STEP][PASSED] - remID = substring(5, 35).trim(): null

2023-02-28 18:25:11 - [TEST_STEP][PASSED] - out.println("remID: " + remID): null

2023-02-28 18:25:11 - [TEST_STEP][PASSED] - traxID = substring(35, 55).trim(): null

2023-02-28 18:25:11 - [TEST_STEP][PASSED] - out.println("traxID: " + traxID): null

2023-02-28 18:25:11 - [TEST_STEP][PASSED] - VLinkSaleRemID = remID: null

2023-02-28 18:25:11 - [TEST_STEP][PASSED] - VLinkSaleTranxID = traxID: null

2023-02-28 18:25:11 - [TEST_STEP][PASSED] - openBrowser(VLinkURL + "CC_credit.html"): Browser is opened with url: 'https://dev-algorithm.govolution.com/vlinktest/demo2/version_2_0/CC_credit.html'

2023-02-28 18:25:11 - [MESSAGE][WARNING] - A browser is already opened. Closing browser and opening a new one

2023-02-28 18:25:12 - [MESSAGE][INFO] - Starting 'Chrome' driver

2023-02-28 18:25:12 - [MESSAGE][INFO] - User set preference: ['acceptInsecureCerts', 'true']

2023-02-28 18:25:12 - [MESSAGE][INFO] - Action delay is set to 0 milliseconds

2023-02-28 18:25:14 - [MESSAGE][PASSED] - Browser is opened with url: 'https://dev-algorithm.govolution.com/vlinktest/demo2/version_2_0/CC_credit.html'

2023-02-28 18:25:14 - [TEST_STEP][PASSED] - maximizeWindow(): Current window maximized

2023-02-28 18:25:14 - [MESSAGE][PASSED] - Current window maximized

2023-02-28 18:25:14 - [TEST_STEP][PASSED] - setText(findTestObject("Object Repository/RecAndPlayBk/Page-Vlink-CC-Credit/input_Remittance Id"), VLinkSaleRemID): Text '1BOoquAWHKPE' is set on object 'Object Repository/RecAndPlayBk/Page-Vlink-CC-Credit/input_Remittance Id'

2023-02-28 18:25:15 - [MESSAGE][PASSED] - Text '1BOoquAWHKPE' is set on object 'Object Repository/RecAndPlayBk/Page-Vlink-CC-Credit/input_Remittance Id'

2023-02-28 18:25:15 - [TEST_STEP][PASSED] - setText(findTestObject("Object Repository/RecAndPlayBk/Page-Vlink-CC-Credit/input_Application Id"), appID): Text '1773' is set on object 'Object Repository/RecAndPlayBk/Page-Vlink-CC-Credit/input_Application Id'

2023-02-28 18:25:15 - [MESSAGE][PASSED] - Text '1773' is set on object 'Object Repository/RecAndPlayBk/Page-Vlink-CC-Credit/input_Application Id'

2023-02-28 18:25:15 - [TEST_STEP][PASSED] - setText(findTestObject("Object Repository/RecAndPlayBk/Page-Vlink-CC-Credit/input_Username"), username): Text 'Qq2BV1qtr' is set on object 'Object Repository/RecAndPlayBk/Page-Vlink-CC-Credit/input_Username'

2023-02-28 18:25:16 - [MESSAGE][PASSED] - Text 'Qq2BV1qtr' is set on object 'Object Repository/RecAndPlayBk/Page-Vlink-CC-Credit/input_Username'

2023-02-28 18:25:16 - [TEST_STEP][PASSED] - setText(findTestObject("Object Repository/RecAndPlayBk/Page-Vlink-CC-Credit/input_Password"), password): Text 'tUmWBiLUx' is set on object 'Object Repository/RecAndPlayBk/Page-Vlink-CC-Credit/input_Password'

2023-02-28 18:25:17 - [MESSAGE][PASSED] - Text 'tUmWBiLUx' is set on object 'Object Repository/RecAndPlayBk/Page-Vlink-CC-Credit/input_Password'

2023-02-28 18:25:17 - [TEST_STEP][PASSED] - setText(findTestObject("Object Repository/RecAndPlayBk/Page-Vlink-CC-Credit/input_Transaction ID"), VLinkSaleTranxID): Text '2920755' is set on object 'Object Repository/RecAndPlayBk/Page-Vlink-CC-Credit/input_Transaction ID'

2023-02-28 18:25:17 - [MESSAGE][PASSED] - Text '2920755' is set on object 'Object Repository/RecAndPlayBk/Page-Vlink-CC-Credit/input_Transaction ID'

2023-02-28 18:25:17 - [TEST_STEP][PASSED] - setText(findTestObject("Object Repository/RecAndPlayBk/Page-Vlink-CC-Credit/input_Amount"), amount): Text '10.5' is set on object 'Object Repository/RecAndPlayBk/Page-Vlink-CC-Credit/input_Amount'

2023-02-28 18:25:18 - [MESSAGE][PASSED] - Text '10.5' is set on object 'Object Repository/RecAndPlayBk/Page-Vlink-CC-Credit/input_Amount'

2023-02-28 18:25:18 - [TEST_STEP][PASSED] - setText(findTestObject("Object Repository/RecAndPlayBk/Page-Vlink-CC-Credit/input_Card number"), ""): Text '' is set on object 'Object Repository/RecAndPlayBk/Page-Vlink-CC-Credit/input_Card number'

2023-02-28 18:25:18 - [MESSAGE][PASSED] - Text '' is set on object 'Object Repository/RecAndPlayBk/Page-Vlink-CC-Credit/input_Card number'

2023-02-28 18:25:18 - [TEST_STEP][PASSED] - setText(findTestObject("Object Repository/RecAndPlayBk/Page-Vlink-CC-Credit/input_Card ex month"), ""): Text '' is set on object 'Object Repository/RecAndPlayBk/Page-Vlink-CC-Credit/input_Card ex month'

2023-02-28 18:25:19 - [MESSAGE][PASSED] - Text '' is set on object 'Object Repository/RecAndPlayBk/Page-Vlink-CC-Credit/input_Card ex month'

2023-02-28 18:25:19 - [TEST_STEP][PASSED] - setText(findTestObject("Object Repository/RecAndPlayBk/Page-Vlink-CC-Credit/input_Card ex year"), ""): Text '' is set on object 'Object Repository/RecAndPlayBk/Page-Vlink-CC-Credit/input_Card ex year'

2023-02-28 18:25:20 - [MESSAGE][PASSED] - Text '' is set on object 'Object Repository/RecAndPlayBk/Page-Vlink-CC-Credit/input_Card ex year'

2023-02-28 18:25:20 - [TEST_STEP][PASSED] - setText(findTestObject("Object Repository/RecAndPlayBk/Page-Vlink-CC-Credit/input_Track Data"), ""): Text '' is set on object 'Object Repository/RecAndPlayBk/Page-Vlink-CC-Credit/input_Track Data'

2023-02-28 18:25:20 - [MESSAGE][PASSED] - Text '' is set on object 'Object Repository/RecAndPlayBk/Page-Vlink-CC-Credit/input_Track Data'

2023-02-28 18:25:20 - [TEST_STEP][PASSED] - setText(findTestObject("Object Repository/RecAndPlayBk/Page-Vlink-CC-Credit/input_Category Code"), category): Text 'MOTO' is set on object 'Object Repository/RecAndPlayBk/Page-Vlink-CC-Credit/input_Category Code'

2023-02-28 18:25:21 - [MESSAGE][PASSED] - Text 'MOTO' is set on object 'Object Repository/RecAndPlayBk/Page-Vlink-CC-Credit/input_Category Code'

2023-02-28 18:25:21 - [TEST_STEP][PASSED] - click(findTestObject("Object Repository/RecAndPlayBk/Page-Vlink-CC-Credit/input")): Object: 'Object Repository/RecAndPlayBk/Page-Vlink-CC-Credit/input' is clicked on

2023-02-28 18:25:23 - [MESSAGE][PASSED] - Object: 'Object Repository/RecAndPlayBk/Page-Vlink-CC-Credit/input' is clicked on

2023-02-28 18:25:23 - [TEST_STEP][PASSED] - if (verifyTextPresent("Transaction approved, no errors", true)): null

2023-02-28 18:25:24 - [MESSAGE][PASSED] - Text 'Transaction approved, no errors' is present on page  using regular expression

2023-02-28 18:25:24 - [TEST_STEP][PASSED] - println("Transaction Approved, no errors text is present on the Confirmation page"): null

2023-02-28 18:25:24 - [TEST_STEP][PASSED] - out.println("Pass Record Number: " + row): null

2023-02-28 18:25:24 - [TEST_STEP][PASSED] - resText = "Pass": null

2023-02-28 18:25:24 - [TEST_STEP][PASSED] - pages.WriteExcel.demoKey(resText, datText, resColumn, datCloumn, fileLoc, nameSheet, row): pages.WriteExcel.demoKey is PASSED

2023-02-28 18:25:24 - [MESSAGE][PASSED] - pages.WriteExcel.demoKey is PASSED

2023-02-28 18:25:24 - [TEST_STEP][PASSED] - ExecuteTC = findTestData(dataFile).getValue("Execute", row): null

2023-02-28 18:25:24 - [TEST_STEP][PASSED] - out.println("Value of Execute is : " + ExecuteTC): null

2023-02-28 18:25:24 - [TEST_STEP][PASSED] - switch (executionProfile): null

2023-02-28 18:25:24 - [TEST_STEP][PASSED] - case "Demo2Profile":: null

2023-02-28 18:25:24 - [TEST_STEP][PASSED] - appID = findTestData(dataFile).getValue("AppIDDemo", row): null

2023-02-28 18:25:24 - [TEST_STEP][PASSED] - username = findTestData(dataFile).getValue("UsernameDemo", row): null

2023-02-28 18:25:24 - [TEST_STEP][PASSED] - password = findTestData(dataFile).getValue("PasswordDemo", row): null

2023-02-28 18:25:24 - [TEST_STEP][PASSED] - break: null

2023-02-28 18:25:24 - [TEST_STEP][PASSED] - if (ExecuteTC.equalsIgnoreCase("Y")): null

2023-02-28 18:25:24 - [TEST_STEP][PASSED] - out.println("Begin Record Number: " + row): null

2023-02-28 18:25:24 - [TEST_STEP][PASSED] - today = new java.util.Date(): null

2023-02-28 18:25:24 - [TEST_STEP][PASSED] - println(today): null

2023-02-28 18:25:24 - [TEST_STEP][PASSED] - datText = today: null

2023-02-28 18:25:24 - [TEST_STEP][PASSED] - category = findTestData(dataFile).getValue("Category", row): null

2023-02-28 18:25:24 - [TEST_STEP][PASSED] - amount = findTestData(dataFile).getValue("Amount", row): null

2023-02-28 18:25:24 - [TEST_STEP][PASSED] - cardNumber = findTestData(dataFile).getValue("CardNumber", row): null

2023-02-28 18:25:24 - [TEST_STEP][PASSED] - exM = findTestData(dataFile).getValue("ExM", row): null

2023-02-28 18:25:25 - [TEST_STEP][PASSED] - exY = findTestData(dataFile).getValue("ExY", row): null

2023-02-28 18:25:25 - [TEST_STEP][PASSED] - openBrowser(VLinkURL + "authcap.html"): Browser is opened with url: 'https://dev-algorithm.govolution.com/vlinktest/demo2/version_2_0/authcap.html'

2023-02-28 18:25:25 - [MESSAGE][WARNING] - A browser is already opened. Closing browser and opening a new one

2023-02-28 18:25:25 - [MESSAGE][INFO] - Starting 'Chrome' driver

2023-02-28 18:25:25 - [MESSAGE][INFO] - User set preference: ['acceptInsecureCerts', 'true']

2023-02-28 18:25:25 - [MESSAGE][INFO] - Action delay is set to 0 milliseconds

2023-02-28 18:25:27 - [MESSAGE][PASSED] - Browser is opened with url: 'https://dev-algorithm.govolution.com/vlinktest/demo2/version_2_0/authcap.html'

2023-02-28 18:25:27 - [TEST_STEP][PASSED] - maximizeWindow(): Current window maximized

2023-02-28 18:25:28 - [MESSAGE][PASSED] - Current window maximized

2023-02-28 18:25:28 - [TEST_STEP][PASSED] - maximizeWindow(): Current window maximized

2023-02-28 18:25:28 - [MESSAGE][PASSED] - Current window maximized

2023-02-28 18:25:28 - [TEST_STEP][PASSED] - genRemID = RandomStringUtils.random(12, true, true): null

2023-02-28 18:25:28 - [TEST_STEP][PASSED] - setText(findTestObject("Object Repository/RecAndPlayBk/Page-Vlink-Sale/input_Remittance Id_remittance_id"), genRemID): Text '50ftpJpqNjX0' is set on object 'Object Repository/RecAndPlayBk/Page-Vlink-Sale/input_Remittance Id_remittance_id'

2023-02-28 18:25:28 - [MESSAGE][PASSED] - Text '50ftpJpqNjX0' is set on object 'Object Repository/RecAndPlayBk/Page-Vlink-Sale/input_Remittance Id_remittance_id'

2023-02-28 18:25:28 - [TEST_STEP][PASSED] - setText(findTestObject("Object Repository/RecAndPlayBk/Page-Vlink-Sale/input_Application Id_application_id"), appID): Text '1773' is set on object 'Object Repository/RecAndPlayBk/Page-Vlink-Sale/input_Application Id_application_id'

2023-02-28 18:25:29 - [MESSAGE][PASSED] - Text '1773' is set on object 'Object Repository/RecAndPlayBk/Page-Vlink-Sale/input_Application Id_application_id'

2023-02-28 18:25:29 - [TEST_STEP][PASSED] - setText(findTestObject("Object Repository/RecAndPlayBk/Page-Vlink-Sale/input_Username_username"), username): Text 'Qq2BV1qtr' is set on object 'Object Repository/RecAndPlayBk/Page-Vlink-Sale/input_Username_username'

2023-02-28 18:25:30 - [MESSAGE][PASSED] - Text 'Qq2BV1qtr' is set on object 'Object Repository/RecAndPlayBk/Page-Vlink-Sale/input_Username_username'

2023-02-28 18:25:30 - [TEST_STEP][PASSED] - setText(findTestObject("Object Repository/RecAndPlayBk/Page-Vlink-Sale/input_Password_password"), password): Text 'tUmWBiLUx' is set on object 'Object Repository/RecAndPlayBk/Page-Vlink-Sale/input_Password_password'

2023-02-28 18:25:30 - [MESSAGE][PASSED] - Text 'tUmWBiLUx' is set on object 'Object Repository/RecAndPlayBk/Page-Vlink-Sale/input_Password_password'

2023-02-28 18:25:30 - [TEST_STEP][PASSED] - setText(findTestObject("Object Repository/RecAndPlayBk/Page-Vlink-Sale/input_Category_category"), category): Text 'RETL' is set on object 'Object Repository/RecAndPlayBk/Page-Vlink-Sale/input_Category_category'

2023-02-28 18:25:31 - [MESSAGE][PASSED] - Text 'RETL' is set on object 'Object Repository/RecAndPlayBk/Page-Vlink-Sale/input_Category_category'

2023-02-28 18:25:31 - [TEST_STEP][PASSED] - setText(findTestObject("Object Repository/RecAndPlayBk/Page-Vlink-Sale/input_Amount_amount"), amount): Text '10.5' is set on object 'Object Repository/RecAndPlayBk/Page-Vlink-Sale/input_Amount_amount'

2023-02-28 18:25:32 - [MESSAGE][PASSED] - Text '10.5' is set on object 'Object Repository/RecAndPlayBk/Page-Vlink-Sale/input_Amount_amount'

2023-02-28 18:25:32 - [TEST_STEP][PASSED] - doubleClick(findTestObject("Object Repository/RecAndPlayBk/Page-Vlink-Sale/input_Card number_card_number")): Object: 'Object Repository/RecAndPlayBk/Page-Vlink-Sale/input_Card number_card_number' is double clicked on

2023-02-28 18:25:32 - [MESSAGE][PASSED] - Object: 'Object Repository/RecAndPlayBk/Page-Vlink-Sale/input_Card number_card_number' is double clicked on

2023-02-28 18:25:32 - [TEST_STEP][PASSED] - setText(findTestObject("Object Repository/RecAndPlayBk/Page-Vlink-Sale/input_Card number_card_number"), cardNumber): Text '370000000000002' is set on object 'Object Repository/RecAndPlayBk/Page-Vlink-Sale/input_Card number_card_number'

2023-02-28 18:25:33 - [MESSAGE][PASSED] - Text '370000000000002' is set on object 'Object Repository/RecAndPlayBk/Page-Vlink-Sale/input_Card number_card_number'

2023-02-28 18:25:33 - [TEST_STEP][PASSED] - setText(findTestObject("Object Repository/RecAndPlayBk/Page-Vlink-Sale/input_Card ex month_card_exmo"), exM): Text '12' is set on object 'Object Repository/RecAndPlayBk/Page-Vlink-Sale/input_Card ex month_card_exmo'

2023-02-28 18:25:33 - [MESSAGE][PASSED] - Text '12' is set on object 'Object Repository/RecAndPlayBk/Page-Vlink-Sale/input_Card ex month_card_exmo'

2023-02-28 18:25:33 - [TEST_STEP][PASSED] - setText(findTestObject("Object Repository/RecAndPlayBk/Page-Vlink-Sale/input_Card ex year_card_exyr"), exY): Text '2029' is set on object 'Object Repository/RecAndPlayBk/Page-Vlink-Sale/input_Card ex year_card_exyr'

2023-02-28 18:25:34 - [MESSAGE][PASSED] - Text '2029' is set on object 'Object Repository/RecAndPlayBk/Page-Vlink-Sale/input_Card ex year_card_exyr'

2023-02-28 18:25:34 - [TEST_STEP][PASSED] - click(findTestObject("Object Repository/RecAndPlayBk/Page-Vlink-Sale/input_Track Data_track_data")): Object: 'Object Repository/RecAndPlayBk/Page-Vlink-Sale/input_Track Data_track_data' is clicked on

2023-02-28 18:25:34 - [MESSAGE][PASSED] - Object: 'Object Repository/RecAndPlayBk/Page-Vlink-Sale/input_Track Data_track_data' is clicked on

2023-02-28 18:25:34 - [TEST_STEP][PASSED] - click(findTestObject("Object Repository/RecAndPlayBk/Page-Vlink-Sale/input_CVV state_cvv_state")): Object: 'Object Repository/RecAndPlayBk/Page-Vlink-Sale/input_CVV state_cvv_state' is clicked on

2023-02-28 18:25:34 - [MESSAGE][PASSED] - Object: 'Object Repository/RecAndPlayBk/Page-Vlink-Sale/input_CVV state_cvv_state' is clicked on

2023-02-28 18:25:34 - [TEST_STEP][PASSED] - setText(findTestObject("Object Repository/RecAndPlayBk/Page-Vlink-Sale/input_Track Data_track_data"), ""): Text '' is set on object 'Object Repository/RecAndPlayBk/Page-Vlink-Sale/input_Track Data_track_data'

2023-02-28 18:25:35 - [MESSAGE][PASSED] - Text '' is set on object 'Object Repository/RecAndPlayBk/Page-Vlink-Sale/input_Track Data_track_data'

2023-02-28 18:25:35 - [TEST_STEP][PASSED] - setText(findTestObject("Object Repository/RecAndPlayBk/Page-Vlink-Sale/input_concat(Cardholder, , s email)_email"), ""): Text '' is set on object 'Object Repository/RecAndPlayBk/Page-Vlink-Sale/input_concat(Cardholder, , s email)_email'

2023-02-28 18:25:36 - [MESSAGE][PASSED] - Text '' is set on object 'Object Repository/RecAndPlayBk/Page-Vlink-Sale/input_concat(Cardholder, , s email)_email'

2023-02-28 18:25:36 - [TEST_STEP][PASSED] - click(findTestObject("Object Repository/RecAndPlayBk/Page-Vlink-Sale/input_user_defined10_user_defined10")): Object: 'Object Repository/RecAndPlayBk/Page-Vlink-Sale/input_user_defined10_user_defined10' is clicked on

2023-02-28 18:25:36 - [MESSAGE][PASSED] - Object: 'Object Repository/RecAndPlayBk/Page-Vlink-Sale/input_user_defined10_user_defined10' is clicked on

2023-02-28 18:25:36 - [TEST_STEP][PASSED] - if (executionProfile.equalsIgnoreCase("QAProfile") || executionProfile.equalsIgnoreCase("DemoProfile")): null

2023-02-28 18:25:36 - [TEST_STEP][PASSED] - click(findTestObject("Object Repository/RecAndPlayBk/Page-Vlink-Sale/input")): Object: 'Object Repository/RecAndPlayBk/Page-Vlink-Sale/input' is clicked on

2023-02-28 18:25:38 - [MESSAGE][PASSED] - Object: 'Object Repository/RecAndPlayBk/Page-Vlink-Sale/input' is clicked on

2023-02-28 18:25:38 - [TEST_STEP][PASSED] - if (verifyTextPresent("Transaction approved, no errors", true)): null

2023-02-28 18:25:38 - [MESSAGE][PASSED] - Text 'Transaction approved, no errors' is present on page  using regular expression

2023-02-28 18:25:38 - [TEST_STEP][PASSED] - println("Transaction Approved, no errors text is present on the Confirmation page"): null

2023-02-28 18:25:38 - [TEST_STEP][PASSED] - sdfo = getText(findTestObject("Object Repository/Page_VLinkReceipt/pre_STX")): Text of object 'Object Repository/Page_VLinkReceipt/pre_STX' is: '<STX>50ftpJpqNjX0                  2920757             0  Transaction approved, no errors                   0                                                                                  Y 051864426<ETX>'

2023-02-28 18:25:39 - [MESSAGE][PASSED] - Text of object 'Object Repository/Page_VLinkReceipt/pre_STX' is: '<STX>50ftpJpqNjX0                  2920757             0  Transaction approved, no errors                   0                                                                                  Y 051864426<ETX>'

2023-02-28 18:25:39 - [TEST_STEP][PASSED] - out.println("sdfo: " + sdfo): null

2023-02-28 18:25:39 - [TEST_STEP][PASSED] - remID = substring(5, 35).trim(): null

2023-02-28 18:25:39 - [TEST_STEP][PASSED] - out.println("remID: " + remID): null

2023-02-28 18:25:39 - [TEST_STEP][PASSED] - traxID = substring(35, 55).trim(): null

2023-02-28 18:25:39 - [TEST_STEP][PASSED] - out.println("traxID: " + traxID): null

2023-02-28 18:25:39 - [TEST_STEP][PASSED] - VLinkSaleRemID = remID: null

2023-02-28 18:25:39 - [TEST_STEP][PASSED] - VLinkSaleTranxID = traxID: null

2023-02-28 18:25:39 - [TEST_STEP][PASSED] - openBrowser(VLinkURL + "CC_credit.html"): Browser is opened with url: 'https://dev-algorithm.govolution.com/vlinktest/demo2/version_2_0/CC_credit.html'

2023-02-28 18:25:39 - [MESSAGE][WARNING] - A browser is already opened. Closing browser and opening a new one

2023-02-28 18:25:40 - [MESSAGE][INFO] - Starting 'Chrome' driver

2023-02-28 18:25:40 - [MESSAGE][INFO] - User set preference: ['acceptInsecureCerts', 'true']

2023-02-28 18:25:40 - [MESSAGE][INFO] - Action delay is set to 0 milliseconds

2023-02-28 18:25:41 - [MESSAGE][PASSED] - Browser is opened with url: 'https://dev-algorithm.govolution.com/vlinktest/demo2/version_2_0/CC_credit.html'

2023-02-28 18:25:41 - [TEST_STEP][PASSED] - maximizeWindow(): Current window maximized

2023-02-28 18:25:41 - [MESSAGE][PASSED] - Current window maximized

2023-02-28 18:25:41 - [TEST_STEP][PASSED] - setText(findTestObject("Object Repository/RecAndPlayBk/Page-Vlink-CC-Credit/input_Remittance Id"), VLinkSaleRemID): Text '50ftpJpqNjX0' is set on object 'Object Repository/RecAndPlayBk/Page-Vlink-CC-Credit/input_Remittance Id'

2023-02-28 18:25:42 - [MESSAGE][PASSED] - Text '50ftpJpqNjX0' is set on object 'Object Repository/RecAndPlayBk/Page-Vlink-CC-Credit/input_Remittance Id'

2023-02-28 18:25:42 - [TEST_STEP][PASSED] - setText(findTestObject("Object Repository/RecAndPlayBk/Page-Vlink-CC-Credit/input_Application Id"), appID): Text '1773' is set on object 'Object Repository/RecAndPlayBk/Page-Vlink-CC-Credit/input_Application Id'

2023-02-28 18:25:43 - [MESSAGE][PASSED] - Text '1773' is set on object 'Object Repository/RecAndPlayBk/Page-Vlink-CC-Credit/input_Application Id'

2023-02-28 18:25:43 - [TEST_STEP][PASSED] - setText(findTestObject("Object Repository/RecAndPlayBk/Page-Vlink-CC-Credit/input_Username"), username): Text 'Qq2BV1qtr' is set on object 'Object Repository/RecAndPlayBk/Page-Vlink-CC-Credit/input_Username'

2023-02-28 18:25:43 - [MESSAGE][PASSED] - Text 'Qq2BV1qtr' is set on object 'Object Repository/RecAndPlayBk/Page-Vlink-CC-Credit/input_Username'

2023-02-28 18:25:43 - [TEST_STEP][PASSED] - setText(findTestObject("Object Repository/RecAndPlayBk/Page-Vlink-CC-Credit/input_Password"), password): Text 'tUmWBiLUx' is set on object 'Object Repository/RecAndPlayBk/Page-Vlink-CC-Credit/input_Password'

2023-02-28 18:25:44 - [MESSAGE][PASSED] - Text 'tUmWBiLUx' is set on object 'Object Repository/RecAndPlayBk/Page-Vlink-CC-Credit/input_Password'

2023-02-28 18:25:44 - [TEST_STEP][PASSED] - setText(findTestObject("Object Repository/RecAndPlayBk/Page-Vlink-CC-Credit/input_Transaction ID"), VLinkSaleTranxID): Text '2920757' is set on object 'Object Repository/RecAndPlayBk/Page-Vlink-CC-Credit/input_Transaction ID'

2023-02-28 18:25:45 - [MESSAGE][PASSED] - Text '2920757' is set on object 'Object Repository/RecAndPlayBk/Page-Vlink-CC-Credit/input_Transaction ID'

2023-02-28 18:25:45 - [TEST_STEP][PASSED] - setText(findTestObject("Object Repository/RecAndPlayBk/Page-Vlink-CC-Credit/input_Amount"), amount): Text '10.5' is set on object 'Object Repository/RecAndPlayBk/Page-Vlink-CC-Credit/input_Amount'

2023-02-28 18:25:45 - [MESSAGE][PASSED] - Text '10.5' is set on object 'Object Repository/RecAndPlayBk/Page-Vlink-CC-Credit/input_Amount'

2023-02-28 18:25:45 - [TEST_STEP][PASSED] - setText(findTestObject("Object Repository/RecAndPlayBk/Page-Vlink-CC-Credit/input_Card number"), ""): Text '' is set on object 'Object Repository/RecAndPlayBk/Page-Vlink-CC-Credit/input_Card number'

2023-02-28 18:25:46 - [MESSAGE][PASSED] - Text '' is set on object 'Object Repository/RecAndPlayBk/Page-Vlink-CC-Credit/input_Card number'

2023-02-28 18:25:46 - [TEST_STEP][PASSED] - setText(findTestObject("Object Repository/RecAndPlayBk/Page-Vlink-CC-Credit/input_Card ex month"), ""): Text '' is set on object 'Object Repository/RecAndPlayBk/Page-Vlink-CC-Credit/input_Card ex month'

2023-02-28 18:25:47 - [MESSAGE][PASSED] - Text '' is set on object 'Object Repository/RecAndPlayBk/Page-Vlink-CC-Credit/input_Card ex month'

2023-02-28 18:25:47 - [TEST_STEP][PASSED] - setText(findTestObject("Object Repository/RecAndPlayBk/Page-Vlink-CC-Credit/input_Card ex year"), ""): Text '' is set on object 'Object Repository/RecAndPlayBk/Page-Vlink-CC-Credit/input_Card ex year'

2023-02-28 18:25:47 - [MESSAGE][PASSED] - Text '' is set on object 'Object Repository/RecAndPlayBk/Page-Vlink-CC-Credit/input_Card ex year'

2023-02-28 18:25:47 - [TEST_STEP][PASSED] - setText(findTestObject("Object Repository/RecAndPlayBk/Page-Vlink-CC-Credit/input_Track Data"), ""): Text '' is set on object 'Object Repository/RecAndPlayBk/Page-Vlink-CC-Credit/input_Track Data'

2023-02-28 18:25:48 - [MESSAGE][PASSED] - Text '' is set on object 'Object Repository/RecAndPlayBk/Page-Vlink-CC-Credit/input_Track Data'

2023-02-28 18:25:48 - [TEST_STEP][PASSED] - setText(findTestObject("Object Repository/RecAndPlayBk/Page-Vlink-CC-Credit/input_Category Code"), category): Text 'RETL' is set on object 'Object Repository/RecAndPlayBk/Page-Vlink-CC-Credit/input_Category Code'

2023-02-28 18:25:48 - [MESSAGE][PASSED] - Text 'RETL' is set on object 'Object Repository/RecAndPlayBk/Page-Vlink-CC-Credit/input_Category Code'

2023-02-28 18:25:48 - [TEST_STEP][PASSED] - click(findTestObject("Object Repository/RecAndPlayBk/Page-Vlink-CC-Credit/input")): Object: 'Object Repository/RecAndPlayBk/Page-Vlink-CC-Credit/input' is clicked on

2023-02-28 18:25:51 - [MESSAGE][PASSED] - Object: 'Object Repository/RecAndPlayBk/Page-Vlink-CC-Credit/input' is clicked on

2023-02-28 18:25:51 - [TEST_STEP][PASSED] - if (verifyTextPresent("Transaction approved, no errors", true)): null

2023-02-28 18:25:51 - [MESSAGE][PASSED] - Text 'Transaction approved, no errors' is present on page  using regular expression

2023-02-28 18:25:51 - [TEST_STEP][PASSED] - println("Transaction Approved, no errors text is present on the Confirmation page"): null

2023-02-28 18:25:51 - [TEST_STEP][PASSED] - out.println("Pass Record Number: " + row): null

2023-02-28 18:25:51 - [TEST_STEP][PASSED] - resText = "Pass": null

2023-02-28 18:25:51 - [TEST_STEP][PASSED] - pages.WriteExcel.demoKey(resText, datText, resColumn, datCloumn, fileLoc, nameSheet, row): pages.WriteExcel.demoKey is PASSED

2023-02-28 18:25:51 - [MESSAGE][PASSED] - pages.WriteExcel.demoKey is PASSED

2023-02-28 18:25:51 - [TEST_STEP][PASSED] - ExecuteTC = findTestData(dataFile).getValue("Execute", row): null

2023-02-28 18:25:51 - [TEST_STEP][PASSED] - out.println("Value of Execute is : " + ExecuteTC): null

2023-02-28 18:25:51 - [TEST_STEP][PASSED] - switch (executionProfile): null

2023-02-28 18:25:51 - [TEST_STEP][PASSED] - case "Demo2Profile":: null

2023-02-28 18:25:51 - [TEST_STEP][PASSED] - appID = findTestData(dataFile).getValue("AppIDDemo", row): null

2023-02-28 18:25:51 - [TEST_STEP][PASSED] - username = findTestData(dataFile).getValue("UsernameDemo", row): null

2023-02-28 18:25:51 - [TEST_STEP][PASSED] - password = findTestData(dataFile).getValue("PasswordDemo", row): null

2023-02-28 18:25:52 - [TEST_STEP][PASSED] - break: null

2023-02-28 18:25:52 - [TEST_STEP][FAILED] - if (ExecuteTC.equalsIgnoreCase("Y")): null

2023-02-28 18:25:52 - [TEST_STEP][PASSED] - out.println("Begin Record Number: " + row): null

2023-02-28 18:25:52 - [TEST_STEP][PASSED] - today = new java.util.Date(): null

2023-02-28 18:25:52 - [TEST_STEP][PASSED] - println(today): null

2023-02-28 18:25:52 - [TEST_STEP][PASSED] - datText = today: null

2023-02-28 18:25:52 - [TEST_STEP][PASSED] - category = findTestData(dataFile).getValue("Category", row): null

2023-02-28 18:25:52 - [TEST_STEP][PASSED] - amount = findTestData(dataFile).getValue("Amount", row): null

2023-02-28 18:25:52 - [TEST_STEP][PASSED] - cardNumber = findTestData(dataFile).getValue("CardNumber", row): null

2023-02-28 18:25:52 - [TEST_STEP][PASSED] - exM = findTestData(dataFile).getValue("ExM", row): null

2023-02-28 18:25:52 - [TEST_STEP][PASSED] - exY = findTestData(dataFile).getValue("ExY", row): null

2023-02-28 18:25:52 - [TEST_STEP][PASSED] - openBrowser(VLinkURL + "authcap.html"): Browser is opened with url: 'https://dev-algorithm.govolution.com/vlinktest/demo2/version_2_0/authcap.html'

2023-02-28 18:25:52 - [MESSAGE][WARNING] - A browser is already opened. Closing browser and opening a new one

2023-02-28 18:25:53 - [MESSAGE][INFO] - Starting 'Chrome' driver

2023-02-28 18:25:53 - [MESSAGE][INFO] - User set preference: ['acceptInsecureCerts', 'true']

2023-02-28 18:25:53 - [MESSAGE][INFO] - Action delay is set to 0 milliseconds

2023-02-28 18:25:55 - [MESSAGE][PASSED] - Browser is opened with url: 'https://dev-algorithm.govolution.com/vlinktest/demo2/version_2_0/authcap.html'

2023-02-28 18:25:55 - [TEST_STEP][PASSED] - maximizeWindow(): Current window maximized

2023-02-28 18:25:55 - [MESSAGE][PASSED] - Current window maximized

2023-02-28 18:25:55 - [TEST_STEP][PASSED] - maximizeWindow(): Current window maximized

2023-02-28 18:25:55 - [MESSAGE][PASSED] - Current window maximized

2023-02-28 18:25:55 - [TEST_STEP][PASSED] - genRemID = RandomStringUtils.random(12, true, true): null

2023-02-28 18:25:55 - [TEST_STEP][PASSED] - setText(findTestObject("Object Repository/RecAndPlayBk/Page-Vlink-Sale/input_Remittance Id_remittance_id"), genRemID): Text 's181OBDYMrmH' is set on object 'Object Repository/RecAndPlayBk/Page-Vlink-Sale/input_Remittance Id_remittance_id'

2023-02-28 18:25:56 - [MESSAGE][PASSED] - Text 's181OBDYMrmH' is set on object 'Object Repository/RecAndPlayBk/Page-Vlink-Sale/input_Remittance Id_remittance_id'

2023-02-28 18:25:56 - [TEST_STEP][PASSED] - setText(findTestObject("Object Repository/RecAndPlayBk/Page-Vlink-Sale/input_Application Id_application_id"), appID): Text '2435' is set on object 'Object Repository/RecAndPlayBk/Page-Vlink-Sale/input_Application Id_application_id'

2023-02-28 18:25:56 - [MESSAGE][PASSED] - Text '2435' is set on object 'Object Repository/RecAndPlayBk/Page-Vlink-Sale/input_Application Id_application_id'

2023-02-28 18:25:56 - [TEST_STEP][PASSED] - setText(findTestObject("Object Repository/RecAndPlayBk/Page-Vlink-Sale/input_Username_username"), username): Text 'health' is set on object 'Object Repository/RecAndPlayBk/Page-Vlink-Sale/input_Username_username'

2023-02-28 18:25:57 - [MESSAGE][PASSED] - Text 'health' is set on object 'Object Repository/RecAndPlayBk/Page-Vlink-Sale/input_Username_username'

2023-02-28 18:25:57 - [TEST_STEP][PASSED] - setText(findTestObject("Object Repository/RecAndPlayBk/Page-Vlink-Sale/input_Password_password"), password): Text '11111111' is set on object 'Object Repository/RecAndPlayBk/Page-Vlink-Sale/input_Password_password'

2023-02-28 18:25:58 - [MESSAGE][PASSED] - Text '11111111' is set on object 'Object Repository/RecAndPlayBk/Page-Vlink-Sale/input_Password_password'

2023-02-28 18:25:58 - [TEST_STEP][PASSED] - setText(findTestObject("Object Repository/RecAndPlayBk/Page-Vlink-Sale/input_Category_category"), category): Text 'ECOM' is set on object 'Object Repository/RecAndPlayBk/Page-Vlink-Sale/input_Category_category'

2023-02-28 18:25:58 - [MESSAGE][PASSED] - Text 'ECOM' is set on object 'Object Repository/RecAndPlayBk/Page-Vlink-Sale/input_Category_category'

2023-02-28 18:25:58 - [TEST_STEP][PASSED] - setText(findTestObject("Object Repository/RecAndPlayBk/Page-Vlink-Sale/input_Amount_amount"), amount): Text '10.5' is set on object 'Object Repository/RecAndPlayBk/Page-Vlink-Sale/input_Amount_amount'

2023-02-28 18:25:59 - [MESSAGE][PASSED] - Text '10.5' is set on object 'Object Repository/RecAndPlayBk/Page-Vlink-Sale/input_Amount_amount'

2023-02-28 18:25:59 - [TEST_STEP][PASSED] - doubleClick(findTestObject("Object Repository/RecAndPlayBk/Page-Vlink-Sale/input_Card number_card_number")): Object: 'Object Repository/RecAndPlayBk/Page-Vlink-Sale/input_Card number_card_number' is double clicked on

2023-02-28 18:25:59 - [MESSAGE][PASSED] - Object: 'Object Repository/RecAndPlayBk/Page-Vlink-Sale/input_Card number_card_number' is double clicked on

2023-02-28 18:25:59 - [TEST_STEP][PASSED] - setText(findTestObject("Object Repository/RecAndPlayBk/Page-Vlink-Sale/input_Card number_card_number"), cardNumber): Text '4012000098765439' is set on object 'Object Repository/RecAndPlayBk/Page-Vlink-Sale/input_Card number_card_number'

2023-02-28 18:26:00 - [MESSAGE][PASSED] - Text '4012000098765439' is set on object 'Object Repository/RecAndPlayBk/Page-Vlink-Sale/input_Card number_card_number'

2023-02-28 18:26:00 - [TEST_STEP][PASSED] - setText(findTestObject("Object Repository/RecAndPlayBk/Page-Vlink-Sale/input_Card ex month_card_exmo"), exM): Text '12' is set on object 'Object Repository/RecAndPlayBk/Page-Vlink-Sale/input_Card ex month_card_exmo'

2023-02-28 18:26:01 - [MESSAGE][PASSED] - Text '12' is set on object 'Object Repository/RecAndPlayBk/Page-Vlink-Sale/input_Card ex month_card_exmo'

2023-02-28 18:26:01 - [TEST_STEP][PASSED] - setText(findTestObject("Object Repository/RecAndPlayBk/Page-Vlink-Sale/input_Card ex year_card_exyr"), exY): Text '2029' is set on object 'Object Repository/RecAndPlayBk/Page-Vlink-Sale/input_Card ex year_card_exyr'

2023-02-28 18:26:01 - [MESSAGE][PASSED] - Text '2029' is set on object 'Object Repository/RecAndPlayBk/Page-Vlink-Sale/input_Card ex year_card_exyr'

2023-02-28 18:26:01 - [TEST_STEP][PASSED] - click(findTestObject("Object Repository/RecAndPlayBk/Page-Vlink-Sale/input_Track Data_track_data")): Object: 'Object Repository/RecAndPlayBk/Page-Vlink-Sale/input_Track Data_track_data' is clicked on

2023-02-28 18:26:02 - [MESSAGE][PASSED] - Object: 'Object Repository/RecAndPlayBk/Page-Vlink-Sale/input_Track Data_track_data' is clicked on

2023-02-28 18:26:02 - [TEST_STEP][PASSED] - click(findTestObject("Object Repository/RecAndPlayBk/Page-Vlink-Sale/input_CVV state_cvv_state")): Object: 'Object Repository/RecAndPlayBk/Page-Vlink-Sale/input_CVV state_cvv_state' is clicked on

2023-02-28 18:26:02 - [MESSAGE][PASSED] - Object: 'Object Repository/RecAndPlayBk/Page-Vlink-Sale/input_CVV state_cvv_state' is clicked on

2023-02-28 18:26:02 - [TEST_STEP][PASSED] - setText(findTestObject("Object Repository/RecAndPlayBk/Page-Vlink-Sale/input_Track Data_track_data"), ""): Text '' is set on object 'Object Repository/RecAndPlayBk/Page-Vlink-Sale/input_Track Data_track_data'

2023-02-28 18:26:03 - [MESSAGE][PASSED] - Text '' is set on object 'Object Repository/RecAndPlayBk/Page-Vlink-Sale/input_Track Data_track_data'

2023-02-28 18:26:03 - [TEST_STEP][PASSED] - setText(findTestObject("Object Repository/RecAndPlayBk/Page-Vlink-Sale/input_concat(Cardholder, , s email)_email"), ""): Text '' is set on object 'Object Repository/RecAndPlayBk/Page-Vlink-Sale/input_concat(Cardholder, , s email)_email'

2023-02-28 18:26:03 - [MESSAGE][PASSED] - Text '' is set on object 'Object Repository/RecAndPlayBk/Page-Vlink-Sale/input_concat(Cardholder, , s email)_email'

2023-02-28 18:26:03 - [TEST_STEP][PASSED] - click(findTestObject("Object Repository/RecAndPlayBk/Page-Vlink-Sale/input_user_defined10_user_defined10")): Object: 'Object Repository/RecAndPlayBk/Page-Vlink-Sale/input_user_defined10_user_defined10' is clicked on

2023-02-28 18:26:03 - [MESSAGE][PASSED] - Object: 'Object Repository/RecAndPlayBk/Page-Vlink-Sale/input_user_defined10_user_defined10' is clicked on

2023-02-28 18:26:03 - [TEST_STEP][PASSED] - if (executionProfile.equalsIgnoreCase("QAProfile") || executionProfile.equalsIgnoreCase("DemoProfile")): null

2023-02-28 18:26:03 - [TEST_STEP][PASSED] - click(findTestObject("Object Repository/RecAndPlayBk/Page-Vlink-Sale/input")): Object: 'Object Repository/RecAndPlayBk/Page-Vlink-Sale/input' is clicked on

2023-02-28 18:26:05 - [MESSAGE][PASSED] - Object: 'Object Repository/RecAndPlayBk/Page-Vlink-Sale/input' is clicked on

2023-02-28 18:26:05 - [TEST_STEP][FAILED] - if (verifyTextPresent("Transaction approved, no errors", true)): Text 'Transaction approved, no errors' is not present on page  using regular expression (Root cause: com.kms.katalon.core.exception.StepFailedException: Text 'Transaction approved, no errors' is not present on page  using regular expression
	at com.kms.katalon.core.webui.keyword.internal.WebUIKeywordMain.stepFailed(WebUIKeywordMain.groovy:64)
	at com.kms.katalon.core.webui.keyword.builtin.VerifyTextPresentKeyword$_verifyTextPresent_closure1.doCall(VerifyTextPresentKeyword.groovy:79)
	at com.kms.katalon.core.webui.keyword.builtin.VerifyTextPresentKeyword$_verifyTextPresent_closure1.call(VerifyTextPresentKeyword.groovy)
	at com.kms.katalon.core.webui.keyword.internal.WebUIKeywordMain.runKeyword(WebUIKeywordMain.groovy:20)
	at com.kms.katalon.core.webui.keyword.builtin.VerifyTextPresentKeyword.verifyTextPresent(VerifyTextPresentKeyword.groovy:83)
	at com.kms.katalon.core.webui.keyword.builtin.VerifyTextPresentKeyword.execute(VerifyTextPresentKeyword.groovy:68)
	at com.kms.katalon.core.keyword.internal.KeywordExecutor.executeKeywordForPlatform(KeywordExecutor.groovy:74)
	at com.kms.katalon.core.webui.keyword.WebUiBuiltInKeywords.verifyTextPresent(WebUiBuiltInKeywords.groovy:1723)
	at com.kms.katalon.core.webui.keyword.WebUiBuiltInKeywords$verifyTextPresent$4.call(Unknown Source)
	at Sale-Credit.run(Sale-Credit:161)
	at com.kms.katalon.core.main.ScriptEngine.run(ScriptEngine.java:194)
	at com.kms.katalon.core.main.ScriptEngine.runScriptAsRawText(ScriptEngine.java:119)
	at com.kms.katalon.core.main.TestCaseExecutor.runScript(TestCaseExecutor.java:442)
	at com.kms.katalon.core.main.TestCaseExecutor.doExecute(TestCaseExecutor.java:433)
	at com.kms.katalon.core.main.TestCaseExecutor.processExecutionPhase(TestCaseExecutor.java:412)
	at com.kms.katalon.core.main.TestCaseExecutor.accessMainPhase(TestCaseExecutor.java:404)
	at com.kms.katalon.core.main.TestCaseExecutor.execute(TestCaseExecutor.java:281)
	at com.kms.katalon.core.main.TestSuiteExecutor.accessTestCaseMainPhase(TestSuiteExecutor.java:202)
	at com.kms.katalon.core.main.TestSuiteExecutor.accessTestSuiteMainPhase(TestSuiteExecutor.java:164)
	at com.kms.katalon.core.main.TestSuiteExecutor.execute(TestSuiteExecutor.java:105)
	at com.kms.katalon.core.main.TestCaseMain.startTestSuite(TestCaseMain.java:185)
	at com.kms.katalon.core.main.TestCaseMain$startTestSuite$0.call(Unknown Source)
	at TempTestSuite1677626298320.run(TempTestSuite1677626298320.groovy:36)
)

2023-02-28 18:26:06 - [MESSAGE][FAILED] - Text 'Transaction approved, no errors' is not present on page  using regular expression (Root cause: com.kms.katalon.core.exception.StepFailedException: Text 'Transaction approved, no errors' is not present on page  using regular expression
	at com.kms.katalon.core.webui.keyword.internal.WebUIKeywordMain.stepFailed(WebUIKeywordMain.groovy:64)
	at com.kms.katalon.core.webui.keyword.builtin.VerifyTextPresentKeyword$_verifyTextPresent_closure1.doCall(VerifyTextPresentKeyword.groovy:79)
	at com.kms.katalon.core.webui.keyword.builtin.VerifyTextPresentKeyword$_verifyTextPresent_closure1.call(VerifyTextPresentKeyword.groovy)
	at com.kms.katalon.core.webui.keyword.internal.WebUIKeywordMain.runKeyword(WebUIKeywordMain.groovy:20)
	at com.kms.katalon.core.webui.keyword.builtin.VerifyTextPresentKeyword.verifyTextPresent(VerifyTextPresentKeyword.groovy:83)
	at com.kms.katalon.core.webui.keyword.builtin.VerifyTextPresentKeyword.execute(VerifyTextPresentKeyword.groovy:68)
	at com.kms.katalon.core.keyword.internal.KeywordExecutor.executeKeywordForPlatform(KeywordExecutor.groovy:74)
	at com.kms.katalon.core.webui.keyword.WebUiBuiltInKeywords.verifyTextPresent(WebUiBuiltInKeywords.groovy:1723)
	at com.kms.katalon.core.webui.keyword.WebUiBuiltInKeywords$verifyTextPresent$4.call(Unknown Source)
	at Sale-Credit.run(Sale-Credit:161)
	at com.kms.katalon.core.main.ScriptEngine.run(ScriptEngine.java:194)
	at com.kms.katalon.core.main.ScriptEngine.runScriptAsRawText(ScriptEngine.java:119)
	at com.kms.katalon.core.main.TestCaseExecutor.runScript(TestCaseExecutor.java:442)
	at com.kms.katalon.core.main.TestCaseExecutor.doExecute(TestCaseExecutor.java:433)
	at com.kms.katalon.core.main.TestCaseExecutor.processExecutionPhase(TestCaseExecutor.java:412)
	at com.kms.katalon.core.main.TestCaseExecutor.accessMainPhase(TestCaseExecutor.java:404)
	at com.kms.katalon.core.main.TestCaseExecutor.execute(TestCaseExecutor.java:281)
	at com.kms.katalon.core.main.TestSuiteExecutor.accessTestCaseMainPhase(TestSuiteExecutor.java:202)
	at com.kms.katalon.core.main.TestSuiteExecutor.accessTestSuiteMainPhase(TestSuiteExecutor.java:164)
	at com.kms.katalon.core.main.TestSuiteExecutor.execute(TestSuiteExecutor.java:105)
	at com.kms.katalon.core.main.TestCaseMain.startTestSuite(TestCaseMain.java:185)
	at com.kms.katalon.core.main.TestCaseMain$startTestSuite$0.call(Unknown Source)
	at TempTestSuite1677626298320.run(TempTestSuite1677626298320.groovy:36)
)

2023-02-28 18:26:06 - [TEST_STEP][PASSED] - else: pages.WriteExcel.demoKey is PASSED

2023-02-28 18:26:06 - [TEST_STEP][PASSED] - println("Transaction Approved, no errors text is not present on the Confirmation page"): null

2023-02-28 18:26:06 - [TEST_STEP][PASSED] - out.println("Fail Record Number: " + row): null

2023-02-28 18:26:06 - [TEST_STEP][PASSED] - resText = "Fail": null

2023-02-28 18:26:06 - [TEST_STEP][PASSED] - pages.WriteExcel.demoKey(resText, datText, resColumn, datCloumn, fileLoc, nameSheet, row): pages.WriteExcel.demoKey is PASSED

2023-02-28 18:26:06 - [MESSAGE][PASSED] - pages.WriteExcel.demoKey is PASSED

2023-02-28 18:26:06 - [TEST_STEP][PASSED] - ExecuteTC = findTestData(dataFile).getValue("Execute", row): null

2023-02-28 18:26:06 - [TEST_STEP][PASSED] - out.println("Value of Execute is : " + ExecuteTC): null

2023-02-28 18:26:06 - [TEST_STEP][PASSED] - switch (executionProfile): null

2023-02-28 18:26:06 - [TEST_STEP][PASSED] - case "Demo2Profile":: null

2023-02-28 18:26:06 - [TEST_STEP][PASSED] - appID = findTestData(dataFile).getValue("AppIDDemo", row): null

2023-02-28 18:26:06 - [TEST_STEP][PASSED] - username = findTestData(dataFile).getValue("UsernameDemo", row): null

2023-02-28 18:26:06 - [TEST_STEP][PASSED] - password = findTestData(dataFile).getValue("PasswordDemo", row): null

2023-02-28 18:26:06 - [TEST_STEP][PASSED] - break: null

2023-02-28 18:26:06 - [TEST_STEP][FAILED] - if (ExecuteTC.equalsIgnoreCase("Y")): null

2023-02-28 18:26:06 - [TEST_STEP][PASSED] - out.println("Begin Record Number: " + row): null

2023-02-28 18:26:06 - [TEST_STEP][PASSED] - today = new java.util.Date(): null

2023-02-28 18:26:06 - [TEST_STEP][PASSED] - println(today): null

2023-02-28 18:26:06 - [TEST_STEP][PASSED] - datText = today: null

2023-02-28 18:26:06 - [TEST_STEP][PASSED] - category = findTestData(dataFile).getValue("Category", row): null

2023-02-28 18:26:06 - [TEST_STEP][PASSED] - amount = findTestData(dataFile).getValue("Amount", row): null

2023-02-28 18:26:06 - [TEST_STEP][PASSED] - cardNumber = findTestData(dataFile).getValue("CardNumber", row): null

2023-02-28 18:26:07 - [TEST_STEP][PASSED] - exM = findTestData(dataFile).getValue("ExM", row): null

2023-02-28 18:26:07 - [TEST_STEP][PASSED] - exY = findTestData(dataFile).getValue("ExY", row): null

2023-02-28 18:26:07 - [TEST_STEP][PASSED] - openBrowser(VLinkURL + "authcap.html"): Browser is opened with url: 'https://dev-algorithm.govolution.com/vlinktest/demo2/version_2_0/authcap.html'

2023-02-28 18:26:07 - [MESSAGE][WARNING] - A browser is already opened. Closing browser and opening a new one

2023-02-28 18:26:08 - [MESSAGE][INFO] - Starting 'Chrome' driver

2023-02-28 18:26:08 - [MESSAGE][INFO] - User set preference: ['acceptInsecureCerts', 'true']

2023-02-28 18:26:08 - [MESSAGE][INFO] - Action delay is set to 0 milliseconds

2023-02-28 18:26:09 - [MESSAGE][PASSED] - Browser is opened with url: 'https://dev-algorithm.govolution.com/vlinktest/demo2/version_2_0/authcap.html'

2023-02-28 18:26:09 - [TEST_STEP][PASSED] - maximizeWindow(): Current window maximized

2023-02-28 18:26:10 - [MESSAGE][PASSED] - Current window maximized

2023-02-28 18:26:10 - [TEST_STEP][PASSED] - maximizeWindow(): Current window maximized

2023-02-28 18:26:10 - [MESSAGE][PASSED] - Current window maximized

2023-02-28 18:26:10 - [TEST_STEP][PASSED] - genRemID = RandomStringUtils.random(12, true, true): null

2023-02-28 18:26:10 - [TEST_STEP][PASSED] - setText(findTestObject("Object Repository/RecAndPlayBk/Page-Vlink-Sale/input_Remittance Id_remittance_id"), genRemID): Text 'TkqCMcETuQNa' is set on object 'Object Repository/RecAndPlayBk/Page-Vlink-Sale/input_Remittance Id_remittance_id'

2023-02-28 18:26:11 - [MESSAGE][PASSED] - Text 'TkqCMcETuQNa' is set on object 'Object Repository/RecAndPlayBk/Page-Vlink-Sale/input_Remittance Id_remittance_id'

2023-02-28 18:26:11 - [TEST_STEP][PASSED] - setText(findTestObject("Object Repository/RecAndPlayBk/Page-Vlink-Sale/input_Application Id_application_id"), appID): Text '3136' is set on object 'Object Repository/RecAndPlayBk/Page-Vlink-Sale/input_Application Id_application_id'

2023-02-28 18:26:11 - [MESSAGE][PASSED] - Text '3136' is set on object 'Object Repository/RecAndPlayBk/Page-Vlink-Sale/input_Application Id_application_id'

2023-02-28 18:26:11 - [TEST_STEP][PASSED] - setText(findTestObject("Object Repository/RecAndPlayBk/Page-Vlink-Sale/input_Username_username"), username): Text 'user3136' is set on object 'Object Repository/RecAndPlayBk/Page-Vlink-Sale/input_Username_username'

2023-02-28 18:26:12 - [MESSAGE][PASSED] - Text 'user3136' is set on object 'Object Repository/RecAndPlayBk/Page-Vlink-Sale/input_Username_username'

2023-02-28 18:26:12 - [TEST_STEP][PASSED] - setText(findTestObject("Object Repository/RecAndPlayBk/Page-Vlink-Sale/input_Password_password"), password): Text 'pwd3136' is set on object 'Object Repository/RecAndPlayBk/Page-Vlink-Sale/input_Password_password'

2023-02-28 18:26:13 - [MESSAGE][PASSED] - Text 'pwd3136' is set on object 'Object Repository/RecAndPlayBk/Page-Vlink-Sale/input_Password_password'

2023-02-28 18:26:13 - [TEST_STEP][PASSED] - setText(findTestObject("Object Repository/RecAndPlayBk/Page-Vlink-Sale/input_Category_category"), category): Text 'ECOM' is set on object 'Object Repository/RecAndPlayBk/Page-Vlink-Sale/input_Category_category'

2023-02-28 18:26:13 - [MESSAGE][PASSED] - Text 'ECOM' is set on object 'Object Repository/RecAndPlayBk/Page-Vlink-Sale/input_Category_category'

2023-02-28 18:26:13 - [TEST_STEP][PASSED] - setText(findTestObject("Object Repository/RecAndPlayBk/Page-Vlink-Sale/input_Amount_amount"), amount): Text '10.5' is set on object 'Object Repository/RecAndPlayBk/Page-Vlink-Sale/input_Amount_amount'

2023-02-28 18:26:14 - [MESSAGE][PASSED] - Text '10.5' is set on object 'Object Repository/RecAndPlayBk/Page-Vlink-Sale/input_Amount_amount'

2023-02-28 18:26:14 - [TEST_STEP][PASSED] - doubleClick(findTestObject("Object Repository/RecAndPlayBk/Page-Vlink-Sale/input_Card number_card_number")): Object: 'Object Repository/RecAndPlayBk/Page-Vlink-Sale/input_Card number_card_number' is double clicked on

2023-02-28 18:26:14 - [MESSAGE][PASSED] - Object: 'Object Repository/RecAndPlayBk/Page-Vlink-Sale/input_Card number_card_number' is double clicked on

2023-02-28 18:26:14 - [TEST_STEP][PASSED] - setText(findTestObject("Object Repository/RecAndPlayBk/Page-Vlink-Sale/input_Card number_card_number"), cardNumber): Text '5146312200000035' is set on object 'Object Repository/RecAndPlayBk/Page-Vlink-Sale/input_Card number_card_number'

2023-02-28 18:26:15 - [MESSAGE][PASSED] - Text '5146312200000035' is set on object 'Object Repository/RecAndPlayBk/Page-Vlink-Sale/input_Card number_card_number'

2023-02-28 18:26:15 - [TEST_STEP][PASSED] - setText(findTestObject("Object Repository/RecAndPlayBk/Page-Vlink-Sale/input_Card ex month_card_exmo"), exM): Text '12' is set on object 'Object Repository/RecAndPlayBk/Page-Vlink-Sale/input_Card ex month_card_exmo'

2023-02-28 18:26:16 - [MESSAGE][PASSED] - Text '12' is set on object 'Object Repository/RecAndPlayBk/Page-Vlink-Sale/input_Card ex month_card_exmo'

2023-02-28 18:26:16 - [TEST_STEP][PASSED] - setText(findTestObject("Object Repository/RecAndPlayBk/Page-Vlink-Sale/input_Card ex year_card_exyr"), exY): Text '2029' is set on object 'Object Repository/RecAndPlayBk/Page-Vlink-Sale/input_Card ex year_card_exyr'

2023-02-28 18:26:16 - [MESSAGE][PASSED] - Text '2029' is set on object 'Object Repository/RecAndPlayBk/Page-Vlink-Sale/input_Card ex year_card_exyr'

2023-02-28 18:26:16 - [TEST_STEP][PASSED] - click(findTestObject("Object Repository/RecAndPlayBk/Page-Vlink-Sale/input_Track Data_track_data")): Object: 'Object Repository/RecAndPlayBk/Page-Vlink-Sale/input_Track Data_track_data' is clicked on

2023-02-28 18:26:16 - [MESSAGE][PASSED] - Object: 'Object Repository/RecAndPlayBk/Page-Vlink-Sale/input_Track Data_track_data' is clicked on

2023-02-28 18:26:16 - [TEST_STEP][PASSED] - click(findTestObject("Object Repository/RecAndPlayBk/Page-Vlink-Sale/input_CVV state_cvv_state")): Object: 'Object Repository/RecAndPlayBk/Page-Vlink-Sale/input_CVV state_cvv_state' is clicked on

2023-02-28 18:26:17 - [MESSAGE][PASSED] - Object: 'Object Repository/RecAndPlayBk/Page-Vlink-Sale/input_CVV state_cvv_state' is clicked on

2023-02-28 18:26:17 - [TEST_STEP][PASSED] - setText(findTestObject("Object Repository/RecAndPlayBk/Page-Vlink-Sale/input_Track Data_track_data"), ""): Text '' is set on object 'Object Repository/RecAndPlayBk/Page-Vlink-Sale/input_Track Data_track_data'

2023-02-28 18:26:17 - [MESSAGE][PASSED] - Text '' is set on object 'Object Repository/RecAndPlayBk/Page-Vlink-Sale/input_Track Data_track_data'

2023-02-28 18:26:17 - [TEST_STEP][PASSED] - setText(findTestObject("Object Repository/RecAndPlayBk/Page-Vlink-Sale/input_concat(Cardholder, , s email)_email"), ""): Text '' is set on object 'Object Repository/RecAndPlayBk/Page-Vlink-Sale/input_concat(Cardholder, , s email)_email'

2023-02-28 18:26:18 - [MESSAGE][PASSED] - Text '' is set on object 'Object Repository/RecAndPlayBk/Page-Vlink-Sale/input_concat(Cardholder, , s email)_email'

2023-02-28 18:26:18 - [TEST_STEP][PASSED] - click(findTestObject("Object Repository/RecAndPlayBk/Page-Vlink-Sale/input_user_defined10_user_defined10")): Object: 'Object Repository/RecAndPlayBk/Page-Vlink-Sale/input_user_defined10_user_defined10' is clicked on

2023-02-28 18:26:18 - [MESSAGE][PASSED] - Object: 'Object Repository/RecAndPlayBk/Page-Vlink-Sale/input_user_defined10_user_defined10' is clicked on

2023-02-28 18:26:18 - [TEST_STEP][PASSED] - if (executionProfile.equalsIgnoreCase("QAProfile") || executionProfile.equalsIgnoreCase("DemoProfile")): null

2023-02-28 18:26:18 - [TEST_STEP][PASSED] - click(findTestObject("Object Repository/RecAndPlayBk/Page-Vlink-Sale/input")): Object: 'Object Repository/RecAndPlayBk/Page-Vlink-Sale/input' is clicked on

2023-02-28 18:26:20 - [MESSAGE][PASSED] - Object: 'Object Repository/RecAndPlayBk/Page-Vlink-Sale/input' is clicked on

2023-02-28 18:26:20 - [TEST_STEP][FAILED] - if (verifyTextPresent("Transaction approved, no errors", true)): Text 'Transaction approved, no errors' is not present on page  using regular expression (Root cause: com.kms.katalon.core.exception.StepFailedException: Text 'Transaction approved, no errors' is not present on page  using regular expression
	at com.kms.katalon.core.webui.keyword.internal.WebUIKeywordMain.stepFailed(WebUIKeywordMain.groovy:64)
	at com.kms.katalon.core.webui.keyword.builtin.VerifyTextPresentKeyword$_verifyTextPresent_closure1.doCall(VerifyTextPresentKeyword.groovy:79)
	at com.kms.katalon.core.webui.keyword.builtin.VerifyTextPresentKeyword$_verifyTextPresent_closure1.call(VerifyTextPresentKeyword.groovy)
	at com.kms.katalon.core.webui.keyword.internal.WebUIKeywordMain.runKeyword(WebUIKeywordMain.groovy:20)
	at com.kms.katalon.core.webui.keyword.builtin.VerifyTextPresentKeyword.verifyTextPresent(VerifyTextPresentKeyword.groovy:83)
	at com.kms.katalon.core.webui.keyword.builtin.VerifyTextPresentKeyword.execute(VerifyTextPresentKeyword.groovy:68)
	at com.kms.katalon.core.keyword.internal.KeywordExecutor.executeKeywordForPlatform(KeywordExecutor.groovy:74)
	at com.kms.katalon.core.webui.keyword.WebUiBuiltInKeywords.verifyTextPresent(WebUiBuiltInKeywords.groovy:1723)
	at com.kms.katalon.core.webui.keyword.WebUiBuiltInKeywords$verifyTextPresent$4.call(Unknown Source)
	at Sale-Credit.run(Sale-Credit:161)
	at com.kms.katalon.core.main.ScriptEngine.run(ScriptEngine.java:194)
	at com.kms.katalon.core.main.ScriptEngine.runScriptAsRawText(ScriptEngine.java:119)
	at com.kms.katalon.core.main.TestCaseExecutor.runScript(TestCaseExecutor.java:442)
	at com.kms.katalon.core.main.TestCaseExecutor.doExecute(TestCaseExecutor.java:433)
	at com.kms.katalon.core.main.TestCaseExecutor.processExecutionPhase(TestCaseExecutor.java:412)
	at com.kms.katalon.core.main.TestCaseExecutor.accessMainPhase(TestCaseExecutor.java:404)
	at com.kms.katalon.core.main.TestCaseExecutor.execute(TestCaseExecutor.java:281)
	at com.kms.katalon.core.main.TestSuiteExecutor.accessTestCaseMainPhase(TestSuiteExecutor.java:202)
	at com.kms.katalon.core.main.TestSuiteExecutor.accessTestSuiteMainPhase(TestSuiteExecutor.java:164)
	at com.kms.katalon.core.main.TestSuiteExecutor.execute(TestSuiteExecutor.java:105)
	at com.kms.katalon.core.main.TestCaseMain.startTestSuite(TestCaseMain.java:185)
	at com.kms.katalon.core.main.TestCaseMain$startTestSuite$0.call(Unknown Source)
	at TempTestSuite1677626298320.run(TempTestSuite1677626298320.groovy:36)
)

2023-02-28 18:26:20 - [MESSAGE][FAILED] - Text 'Transaction approved, no errors' is not present on page  using regular expression (Root cause: com.kms.katalon.core.exception.StepFailedException: Text 'Transaction approved, no errors' is not present on page  using regular expression
	at com.kms.katalon.core.webui.keyword.internal.WebUIKeywordMain.stepFailed(WebUIKeywordMain.groovy:64)
	at com.kms.katalon.core.webui.keyword.builtin.VerifyTextPresentKeyword$_verifyTextPresent_closure1.doCall(VerifyTextPresentKeyword.groovy:79)
	at com.kms.katalon.core.webui.keyword.builtin.VerifyTextPresentKeyword$_verifyTextPresent_closure1.call(VerifyTextPresentKeyword.groovy)
	at com.kms.katalon.core.webui.keyword.internal.WebUIKeywordMain.runKeyword(WebUIKeywordMain.groovy:20)
	at com.kms.katalon.core.webui.keyword.builtin.VerifyTextPresentKeyword.verifyTextPresent(VerifyTextPresentKeyword.groovy:83)
	at com.kms.katalon.core.webui.keyword.builtin.VerifyTextPresentKeyword.execute(VerifyTextPresentKeyword.groovy:68)
	at com.kms.katalon.core.keyword.internal.KeywordExecutor.executeKeywordForPlatform(KeywordExecutor.groovy:74)
	at com.kms.katalon.core.webui.keyword.WebUiBuiltInKeywords.verifyTextPresent(WebUiBuiltInKeywords.groovy:1723)
	at com.kms.katalon.core.webui.keyword.WebUiBuiltInKeywords$verifyTextPresent$4.call(Unknown Source)
	at Sale-Credit.run(Sale-Credit:161)
	at com.kms.katalon.core.main.ScriptEngine.run(ScriptEngine.java:194)
	at com.kms.katalon.core.main.ScriptEngine.runScriptAsRawText(ScriptEngine.java:119)
	at com.kms.katalon.core.main.TestCaseExecutor.runScript(TestCaseExecutor.java:442)
	at com.kms.katalon.core.main.TestCaseExecutor.doExecute(TestCaseExecutor.java:433)
	at com.kms.katalon.core.main.TestCaseExecutor.processExecutionPhase(TestCaseExecutor.java:412)
	at com.kms.katalon.core.main.TestCaseExecutor.accessMainPhase(TestCaseExecutor.java:404)
	at com.kms.katalon.core.main.TestCaseExecutor.execute(TestCaseExecutor.java:281)
	at com.kms.katalon.core.main.TestSuiteExecutor.accessTestCaseMainPhase(TestSuiteExecutor.java:202)
	at com.kms.katalon.core.main.TestSuiteExecutor.accessTestSuiteMainPhase(TestSuiteExecutor.java:164)
	at com.kms.katalon.core.main.TestSuiteExecutor.execute(TestSuiteExecutor.java:105)
	at com.kms.katalon.core.main.TestCaseMain.startTestSuite(TestCaseMain.java:185)
	at com.kms.katalon.core.main.TestCaseMain$startTestSuite$0.call(Unknown Source)
	at TempTestSuite1677626298320.run(TempTestSuite1677626298320.groovy:36)
)

2023-02-28 18:26:20 - [TEST_STEP][PASSED] - else: pages.WriteExcel.demoKey is PASSED

2023-02-28 18:26:20 - [TEST_STEP][PASSED] - println("Transaction Approved, no errors text is not present on the Confirmation page"): null

2023-02-28 18:26:20 - [TEST_STEP][PASSED] - out.println("Fail Record Number: " + row): null

2023-02-28 18:26:20 - [TEST_STEP][PASSED] - resText = "Fail": null

2023-02-28 18:26:20 - [TEST_STEP][PASSED] - pages.WriteExcel.demoKey(resText, datText, resColumn, datCloumn, fileLoc, nameSheet, row): pages.WriteExcel.demoKey is PASSED

2023-02-28 18:26:20 - [MESSAGE][PASSED] - pages.WriteExcel.demoKey is PASSED]]></system-out>
         <system-err><![CDATA[2023-02-28 18:24:27 - [TEST_CASE][FAILED] - Test Cases/RecAndPlayBk/VLink/Sale-Credit: Test Cases/RecAndPlayBk/VLink/Sale-Credit FAILED.
Reason:
com.kms.katalon.core.exception.StepFailedException: Text 'Transaction approved, no errors' is not present on page  using regular expression (Root cause: com.kms.katalon.core.exception.StepFailedException: Text 'Transaction approved, no errors' is not present on page  using regular expression
	at com.kms.katalon.core.webui.keyword.internal.WebUIKeywordMain.stepFailed(WebUIKeywordMain.groovy:64)
	at com.kms.katalon.core.webui.keyword.builtin.VerifyTextPresentKeyword$_verifyTextPresent_closure1.doCall(VerifyTextPresentKeyword.groovy:79)
	at com.kms.katalon.core.webui.keyword.builtin.VerifyTextPresentKeyword$_verifyTextPresent_closure1.call(VerifyTextPresentKeyword.groovy)
	at com.kms.katalon.core.webui.keyword.internal.WebUIKeywordMain.runKeyword(WebUIKeywordMain.groovy:20)
	at com.kms.katalon.core.webui.keyword.builtin.VerifyTextPresentKeyword.verifyTextPresent(VerifyTextPresentKeyword.groovy:83)
	at com.kms.katalon.core.webui.keyword.builtin.VerifyTextPresentKeyword.execute(VerifyTextPresentKeyword.groovy:68)
	at com.kms.katalon.core.keyword.internal.KeywordExecutor.executeKeywordForPlatform(KeywordExecutor.groovy:74)
	at com.kms.katalon.core.webui.keyword.WebUiBuiltInKeywords.verifyTextPresent(WebUiBuiltInKeywords.groovy:1723)
	at com.kms.katalon.core.webui.keyword.WebUiBuiltInKeywords$verifyTextPresent$4.call(Unknown Source)
	at Sale-Credit.run(Sale-Credit:161)
	at com.kms.katalon.core.main.ScriptEngine.run(ScriptEngine.java:194)
	at com.kms.katalon.core.main.ScriptEngine.runScriptAsRawText(ScriptEngine.java:119)
	at com.kms.katalon.core.main.TestCaseExecutor.runScript(TestCaseExecutor.java:442)
	at com.kms.katalon.core.main.TestCaseExecutor.doExecute(TestCaseExecutor.java:433)
	at com.kms.katalon.core.main.TestCaseExecutor.processExecutionPhase(TestCaseExecutor.java:412)
	at com.kms.katalon.core.main.TestCaseExecutor.accessMainPhase(TestCaseExecutor.java:404)
	at com.kms.katalon.core.main.TestCaseExecutor.execute(TestCaseExecutor.java:281)
	at com.kms.katalon.core.main.TestSuiteExecutor.accessTestCaseMainPhase(TestSuiteExecutor.java:202)
	at com.kms.katalon.core.main.TestSuiteExecutor.accessTestSuiteMainPhase(TestSuiteExecutor.java:164)
	at com.kms.katalon.core.main.TestSuiteExecutor.execute(TestSuiteExecutor.java:105)
	at com.kms.katalon.core.main.TestCaseMain.startTestSuite(TestCaseMain.java:185)
	at com.kms.katalon.core.main.TestCaseMain$startTestSuite$0.call(Unknown Source)
	at TempTestSuite1677626298320.run(TempTestSuite1677626298320.groovy:36)
)
	at com.kms.katalon.core.keyword.internal.KeywordMain.stepFailed(KeywordMain.groovy:39)
	at com.kms.katalon.core.webui.keyword.internal.WebUIKeywordMain.stepFailed(WebUIKeywordMain.groovy:64)
	at com.kms.katalon.core.webui.keyword.builtin.VerifyTextPresentKeyword$_verifyTextPresent_closure1.doCall(VerifyTextPresentKeyword.groovy:79)
	at com.kms.katalon.core.webui.keyword.builtin.VerifyTextPresentKeyword$_verifyTextPresent_closure1.call(VerifyTextPresentKeyword.groovy)
	at com.kms.katalon.core.webui.keyword.internal.WebUIKeywordMain.runKeyword(WebUIKeywordMain.groovy:20)
	at com.kms.katalon.core.webui.keyword.builtin.VerifyTextPresentKeyword.verifyTextPresent(VerifyTextPresentKeyword.groovy:83)
	at com.kms.katalon.core.webui.keyword.builtin.VerifyTextPresentKeyword.execute(VerifyTextPresentKeyword.groovy:68)
	at com.kms.katalon.core.keyword.internal.KeywordExecutor.executeKeywordForPlatform(KeywordExecutor.groovy:74)
	at com.kms.katalon.core.webui.keyword.WebUiBuiltInKeywords.verifyTextPresent(WebUiBuiltInKeywords.groovy:1723)
	at com.kms.katalon.core.webui.keyword.WebUiBuiltInKeywords$verifyTextPresent$4.call(Unknown Source)
	at Sale-Credit.run(Sale-Credit:161)
	at com.kms.katalon.core.main.ScriptEngine.run(ScriptEngine.java:194)
	at com.kms.katalon.core.main.ScriptEngine.runScriptAsRawText(ScriptEngine.java:119)
	at com.kms.katalon.core.main.TestCaseExecutor.runScript(TestCaseExecutor.java:442)
	at com.kms.katalon.core.main.TestCaseExecutor.doExecute(TestCaseExecutor.java:433)
	at com.kms.katalon.core.main.TestCaseExecutor.processExecutionPhase(TestCaseExecutor.java:412)
	at com.kms.katalon.core.main.TestCaseExecutor.accessMainPhase(TestCaseExecutor.java:404)
	at com.kms.katalon.core.main.TestCaseExecutor.execute(TestCaseExecutor.java:281)
	at com.kms.katalon.core.main.TestSuiteExecutor.accessTestCaseMainPhase(TestSuiteExecutor.java:202)
	at com.kms.katalon.core.main.TestSuiteExecutor.accessTestSuiteMainPhase(TestSuiteExecutor.java:164)
	at com.kms.katalon.core.main.TestSuiteExecutor.execute(TestSuiteExecutor.java:105)
	at com.kms.katalon.core.main.TestCaseMain.startTestSuite(TestCaseMain.java:185)
	at com.kms.katalon.core.main.TestCaseMain$startTestSuite$0.call(Unknown Source)
	at TempTestSuite1677626298320.run(TempTestSuite1677626298320.groovy:36)
Caused by: com.kms.katalon.core.exception.StepFailedException: Text 'Transaction approved, no errors' is not present on page  using regular expression
	... 23 more]]></system-err>
      </testcase>
      <testcase name="Test Cases/RecAndPlayBk/VLink/Sale-Unencrypted" time="42.87" classname="Test Cases/RecAndPlayBk/VLink/Sale-Unencrypted" status="FAILED">
         <failure type="FAILED" message="Test Cases/RecAndPlayBk/VLink/Sale-Unencrypted FAILED.
Reason:
com.kms.katalon.core.exception.StepFailedException: Text 'Transaction approved, no errors' is not present on page  using regular expression (Root cause: com.kms.katalon.core.exception.StepFailedException: Text 'Transaction approved, no errors' is not present on page  using regular expression
	at com.kms.katalon.core.webui.keyword.internal.WebUIKeywordMain.stepFailed(WebUIKeywordMain.groovy:64)
	at com.kms.katalon.core.webui.keyword.builtin.VerifyTextPresentKeyword$_verifyTextPresent_closure1.doCall(VerifyTextPresentKeyword.groovy:79)
	at com.kms.katalon.core.webui.keyword.builtin.VerifyTextPresentKeyword$_verifyTextPresent_closure1.call(VerifyTextPresentKeyword.groovy)
	at com.kms.katalon.core.webui.keyword.internal.WebUIKeywordMain.runKeyword(WebUIKeywordMain.groovy:20)
	at com.kms.katalon.core.webui.keyword.builtin.VerifyTextPresentKeyword.verifyTextPresent(VerifyTextPresentKeyword.groovy:83)
	at com.kms.katalon.core.webui.keyword.builtin.VerifyTextPresentKeyword.execute(VerifyTextPresentKeyword.groovy:68)
	at com.kms.katalon.core.keyword.internal.KeywordExecutor.executeKeywordForPlatform(KeywordExecutor.groovy:74)
	at com.kms.katalon.core.webui.keyword.WebUiBuiltInKeywords.verifyTextPresent(WebUiBuiltInKeywords.groovy:1723)
	at com.kms.katalon.core.webui.keyword.WebUiBuiltInKeywords$verifyTextPresent$4.call(Unknown Source)
	at Sale-Unencrypted.run(Sale-Unencrypted:155)
	at com.kms.katalon.core.main.ScriptEngine.run(ScriptEngine.java:194)
	at com.kms.katalon.core.main.ScriptEngine.runScriptAsRawText(ScriptEngine.java:119)
	at com.kms.katalon.core.main.TestCaseExecutor.runScript(TestCaseExecutor.java:442)
	at com.kms.katalon.core.main.TestCaseExecutor.doExecute(TestCaseExecutor.java:433)
	at com.kms.katalon.core.main.TestCaseExecutor.processExecutionPhase(TestCaseExecutor.java:412)
	at com.kms.katalon.core.main.TestCaseExecutor.accessMainPhase(TestCaseExecutor.java:404)
	at com.kms.katalon.core.main.TestCaseExecutor.execute(TestCaseExecutor.java:281)
	at com.kms.katalon.core.main.TestSuiteExecutor.accessTestCaseMainPhase(TestSuiteExecutor.java:202)
	at com.kms.katalon.core.main.TestSuiteExecutor.accessTestSuiteMainPhase(TestSuiteExecutor.java:164)
	at com.kms.katalon.core.main.TestSuiteExecutor.execute(TestSuiteExecutor.java:105)
	at com.kms.katalon.core.main.TestCaseMain.startTestSuite(TestCaseMain.java:185)
	at com.kms.katalon.core.main.TestCaseMain$startTestSuite$0.call(Unknown Source)
	at TempTestSuite1677626298320.run(TempTestSuite1677626298320.groovy:36)
)
	at com.kms.katalon.core.keyword.internal.KeywordMain.stepFailed(KeywordMain.groovy:39)
	at com.kms.katalon.core.webui.keyword.internal.WebUIKeywordMain.stepFailed(WebUIKeywordMain.groovy:64)
	at com.kms.katalon.core.webui.keyword.builtin.VerifyTextPresentKeyword$_verifyTextPresent_closure1.doCall(VerifyTextPresentKeyword.groovy:79)
	at com.kms.katalon.core.webui.keyword.builtin.VerifyTextPresentKeyword$_verifyTextPresent_closure1.call(VerifyTextPresentKeyword.groovy)
	at com.kms.katalon.core.webui.keyword.internal.WebUIKeywordMain.runKeyword(WebUIKeywordMain.groovy:20)
	at com.kms.katalon.core.webui.keyword.builtin.VerifyTextPresentKeyword.verifyTextPresent(VerifyTextPresentKeyword.groovy:83)
	at com.kms.katalon.core.webui.keyword.builtin.VerifyTextPresentKeyword.execute(VerifyTextPresentKeyword.groovy:68)
	at com.kms.katalon.core.keyword.internal.KeywordExecutor.executeKeywordForPlatform(KeywordExecutor.groovy:74)
	at com.kms.katalon.core.webui.keyword.WebUiBuiltInKeywords.verifyTextPresent(WebUiBuiltInKeywords.groovy:1723)
	at com.kms.katalon.core.webui.keyword.WebUiBuiltInKeywords$verifyTextPresent$4.call(Unknown Source)
	at Sale-Unencrypted.run(Sale-Unencrypted:155)
	at com.kms.katalon.core.main.ScriptEngine.run(ScriptEngine.java:194)
	at com.kms.katalon.core.main.ScriptEngine.runScriptAsRawText(ScriptEngine.java:119)
	at com.kms.katalon.core.main.TestCaseExecutor.runScript(TestCaseExecutor.java:442)
	at com.kms.katalon.core.main.TestCaseExecutor.doExecute(TestCaseExecutor.java:433)
	at com.kms.katalon.core.main.TestCaseExecutor.processExecutionPhase(TestCaseExecutor.java:412)
	at com.kms.katalon.core.main.TestCaseExecutor.accessMainPhase(TestCaseExecutor.java:404)
	at com.kms.katalon.core.main.TestCaseExecutor.execute(TestCaseExecutor.java:281)
	at com.kms.katalon.core.main.TestSuiteExecutor.accessTestCaseMainPhase(TestSuiteExecutor.java:202)
	at com.kms.katalon.core.main.TestSuiteExecutor.accessTestSuiteMainPhase(TestSuiteExecutor.java:164)
	at com.kms.katalon.core.main.TestSuiteExecutor.execute(TestSuiteExecutor.java:105)
	at com.kms.katalon.core.main.TestCaseMain.startTestSuite(TestCaseMain.java:185)
	at com.kms.katalon.core.main.TestCaseMain$startTestSuite$0.call(Unknown Source)
	at TempTestSuite1677626298320.run(TempTestSuite1677626298320.groovy:36)
Caused by: com.kms.katalon.core.exception.StepFailedException: Text 'Transaction approved, no errors' is not present on page  using regular expression
	... 23 more
"/>
         <system-out><![CDATA[2023-02-28 18:26:20 - [TEST_CASE][FAILED] - Test Cases/RecAndPlayBk/VLink/Sale-Unencrypted: Test Cases/RecAndPlayBk/VLink/Sale-Unencrypted FAILED.
Reason:
com.kms.katalon.core.exception.StepFailedException: Text 'Transaction approved, no errors' is not present on page  using regular expression (Root cause: com.kms.katalon.core.exception.StepFailedException: Text 'Transaction approved, no errors' is not present on page  using regular expression
	at com.kms.katalon.core.webui.keyword.internal.WebUIKeywordMain.stepFailed(WebUIKeywordMain.groovy:64)
	at com.kms.katalon.core.webui.keyword.builtin.VerifyTextPresentKeyword$_verifyTextPresent_closure1.doCall(VerifyTextPresentKeyword.groovy:79)
	at com.kms.katalon.core.webui.keyword.builtin.VerifyTextPresentKeyword$_verifyTextPresent_closure1.call(VerifyTextPresentKeyword.groovy)
	at com.kms.katalon.core.webui.keyword.internal.WebUIKeywordMain.runKeyword(WebUIKeywordMain.groovy:20)
	at com.kms.katalon.core.webui.keyword.builtin.VerifyTextPresentKeyword.verifyTextPresent(VerifyTextPresentKeyword.groovy:83)
	at com.kms.katalon.core.webui.keyword.builtin.VerifyTextPresentKeyword.execute(VerifyTextPresentKeyword.groovy:68)
	at com.kms.katalon.core.keyword.internal.KeywordExecutor.executeKeywordForPlatform(KeywordExecutor.groovy:74)
	at com.kms.katalon.core.webui.keyword.WebUiBuiltInKeywords.verifyTextPresent(WebUiBuiltInKeywords.groovy:1723)
	at com.kms.katalon.core.webui.keyword.WebUiBuiltInKeywords$verifyTextPresent$4.call(Unknown Source)
	at Sale-Unencrypted.run(Sale-Unencrypted:155)
	at com.kms.katalon.core.main.ScriptEngine.run(ScriptEngine.java:194)
	at com.kms.katalon.core.main.ScriptEngine.runScriptAsRawText(ScriptEngine.java:119)
	at com.kms.katalon.core.main.TestCaseExecutor.runScript(TestCaseExecutor.java:442)
	at com.kms.katalon.core.main.TestCaseExecutor.doExecute(TestCaseExecutor.java:433)
	at com.kms.katalon.core.main.TestCaseExecutor.processExecutionPhase(TestCaseExecutor.java:412)
	at com.kms.katalon.core.main.TestCaseExecutor.accessMainPhase(TestCaseExecutor.java:404)
	at com.kms.katalon.core.main.TestCaseExecutor.execute(TestCaseExecutor.java:281)
	at com.kms.katalon.core.main.TestSuiteExecutor.accessTestCaseMainPhase(TestSuiteExecutor.java:202)
	at com.kms.katalon.core.main.TestSuiteExecutor.accessTestSuiteMainPhase(TestSuiteExecutor.java:164)
	at com.kms.katalon.core.main.TestSuiteExecutor.execute(TestSuiteExecutor.java:105)
	at com.kms.katalon.core.main.TestCaseMain.startTestSuite(TestCaseMain.java:185)
	at com.kms.katalon.core.main.TestCaseMain$startTestSuite$0.call(Unknown Source)
	at TempTestSuite1677626298320.run(TempTestSuite1677626298320.groovy:36)
)
	at com.kms.katalon.core.keyword.internal.KeywordMain.stepFailed(KeywordMain.groovy:39)
	at com.kms.katalon.core.webui.keyword.internal.WebUIKeywordMain.stepFailed(WebUIKeywordMain.groovy:64)
	at com.kms.katalon.core.webui.keyword.builtin.VerifyTextPresentKeyword$_verifyTextPresent_closure1.doCall(VerifyTextPresentKeyword.groovy:79)
	at com.kms.katalon.core.webui.keyword.builtin.VerifyTextPresentKeyword$_verifyTextPresent_closure1.call(VerifyTextPresentKeyword.groovy)
	at com.kms.katalon.core.webui.keyword.internal.WebUIKeywordMain.runKeyword(WebUIKeywordMain.groovy:20)
	at com.kms.katalon.core.webui.keyword.builtin.VerifyTextPresentKeyword.verifyTextPresent(VerifyTextPresentKeyword.groovy:83)
	at com.kms.katalon.core.webui.keyword.builtin.VerifyTextPresentKeyword.execute(VerifyTextPresentKeyword.groovy:68)
	at com.kms.katalon.core.keyword.internal.KeywordExecutor.executeKeywordForPlatform(KeywordExecutor.groovy:74)
	at com.kms.katalon.core.webui.keyword.WebUiBuiltInKeywords.verifyTextPresent(WebUiBuiltInKeywords.groovy:1723)
	at com.kms.katalon.core.webui.keyword.WebUiBuiltInKeywords$verifyTextPresent$4.call(Unknown Source)
	at Sale-Unencrypted.run(Sale-Unencrypted:155)
	at com.kms.katalon.core.main.ScriptEngine.run(ScriptEngine.java:194)
	at com.kms.katalon.core.main.ScriptEngine.runScriptAsRawText(ScriptEngine.java:119)
	at com.kms.katalon.core.main.TestCaseExecutor.runScript(TestCaseExecutor.java:442)
	at com.kms.katalon.core.main.TestCaseExecutor.doExecute(TestCaseExecutor.java:433)
	at com.kms.katalon.core.main.TestCaseExecutor.processExecutionPhase(TestCaseExecutor.java:412)
	at com.kms.katalon.core.main.TestCaseExecutor.accessMainPhase(TestCaseExecutor.java:404)
	at com.kms.katalon.core.main.TestCaseExecutor.execute(TestCaseExecutor.java:281)
	at com.kms.katalon.core.main.TestSuiteExecutor.accessTestCaseMainPhase(TestSuiteExecutor.java:202)
	at com.kms.katalon.core.main.TestSuiteExecutor.accessTestSuiteMainPhase(TestSuiteExecutor.java:164)
	at com.kms.katalon.core.main.TestSuiteExecutor.execute(TestSuiteExecutor.java:105)
	at com.kms.katalon.core.main.TestCaseMain.startTestSuite(TestCaseMain.java:185)
	at com.kms.katalon.core.main.TestCaseMain$startTestSuite$0.call(Unknown Source)
	at TempTestSuite1677626298320.run(TempTestSuite1677626298320.groovy:36)
Caused by: com.kms.katalon.core.exception.StepFailedException: Text 'Transaction approved, no errors' is not present on page  using regular expression
	... 23 more


2023-02-28 18:26:20 - [TEST_STEP][PASSED] - executionProfile = getExecutionProfile(): null

2023-02-28 18:26:20 - [TEST_STEP][PASSED] - out.println("executionProfile : " + executionProfile): null

2023-02-28 18:26:20 - [TEST_STEP][PASSED] - appName = <not implemented yet for class: org.codehaus.groovy.ast.expr.EmptyExpression>: null

2023-02-28 18:26:20 - [TEST_STEP][PASSED] - appID = <not implemented yet for class: org.codehaus.groovy.ast.expr.EmptyExpression>: null

2023-02-28 18:26:20 - [TEST_STEP][PASSED] - username = <not implemented yet for class: org.codehaus.groovy.ast.expr.EmptyExpression>: null

2023-02-28 18:26:20 - [TEST_STEP][PASSED] - password = <not implemented yet for class: org.codehaus.groovy.ast.expr.EmptyExpression>: null

2023-02-28 18:26:20 - [TEST_STEP][PASSED] - cardNameV = <not implemented yet for class: org.codehaus.groovy.ast.expr.EmptyExpression>: null

2023-02-28 18:26:20 - [TEST_STEP][PASSED] - al1V = <not implemented yet for class: org.codehaus.groovy.ast.expr.EmptyExpression>: null

2023-02-28 18:26:20 - [TEST_STEP][PASSED] - al2V = <not implemented yet for class: org.codehaus.groovy.ast.expr.EmptyExpression>: null

2023-02-28 18:26:20 - [TEST_STEP][PASSED] - zipV = <not implemented yet for class: org.codehaus.groovy.ast.expr.EmptyExpression>: null

2023-02-28 18:26:21 - [TEST_STEP][PASSED] - cardTypeV = <not implemented yet for class: org.codehaus.groovy.ast.expr.EmptyExpression>: null

2023-02-28 18:26:21 - [TEST_STEP][PASSED] - last4V = <not implemented yet for class: org.codehaus.groovy.ast.expr.EmptyExpression>: null

2023-02-28 18:26:21 - [TEST_STEP][PASSED] - trackData = <not implemented yet for class: org.codehaus.groovy.ast.expr.EmptyExpression>: null

2023-02-28 18:26:21 - [TEST_STEP][PASSED] - resText = "Fail": null

2023-02-28 18:26:21 - [TEST_STEP][PASSED] - resColumn = "Result": null

2023-02-28 18:26:21 - [TEST_STEP][PASSED] - datCloumn = "Date": null

2023-02-28 18:26:21 - [TEST_STEP][PASSED] - fileLoc = "KatalonData/VLinkSmokeData.xlsx": null

2023-02-28 18:26:21 - [TEST_STEP][PASSED] - numOfRows = <not implemented yet for class: org.codehaus.groovy.ast.expr.EmptyExpression>: null

2023-02-28 18:26:21 - [TEST_STEP][PASSED] - dataFile = <not implemented yet for class: org.codehaus.groovy.ast.expr.EmptyExpression>: null

2023-02-28 18:26:21 - [TEST_STEP][PASSED] - nameSheet = <not implemented yet for class: org.codehaus.groovy.ast.expr.EmptyExpression>: null

2023-02-28 18:26:21 - [TEST_STEP][PASSED] - nameSheet = "Sale-Unencrypted": null

2023-02-28 18:26:21 - [TEST_STEP][PASSED] - numOfRows = findTestData("QA/VLinkTestData/VLinkSaleUnencryptedData").getRowNumbers(): null

2023-02-28 18:26:21 - [TEST_STEP][PASSED] - println("Number of Records: " + numOfRows): null

2023-02-28 18:26:21 - [TEST_STEP][PASSED] - dataFile = "QA/VLinkTestData/VLinkSaleUnencryptedData": null

2023-02-28 18:26:21 - [TEST_STEP][FAILED] - for ([row = 1, row <= numOfRows, (row++)]): null

2023-02-28 18:26:21 - [TEST_STEP][PASSED] - ExecuteTC = findTestData(dataFile).getValue("Execute", row): null

2023-02-28 18:26:21 - [TEST_STEP][PASSED] - out.println("Value of Execute is : " + ExecuteTC): null

2023-02-28 18:26:21 - [TEST_STEP][PASSED] - switch (executionProfile): null

2023-02-28 18:26:21 - [TEST_STEP][PASSED] - case "Demo2Profile":: null

2023-02-28 18:26:21 - [TEST_STEP][PASSED] - appID = findTestData(dataFile).getValue("AppIDDemo", row): null

2023-02-28 18:26:21 - [TEST_STEP][PASSED] - username = findTestData(dataFile).getValue("UsernameDemo", row): null

2023-02-28 18:26:21 - [TEST_STEP][PASSED] - password = findTestData(dataFile).getValue("PasswordDemo", row): null

2023-02-28 18:26:21 - [TEST_STEP][PASSED] - break: null

2023-02-28 18:26:21 - [TEST_STEP][PASSED] - if (ExecuteTC.equalsIgnoreCase("Y")): null

2023-02-28 18:26:21 - [TEST_STEP][PASSED] - out.println("Begin Record Number: " + row): null

2023-02-28 18:26:21 - [TEST_STEP][PASSED] - today = new java.util.Date(): null

2023-02-28 18:26:21 - [TEST_STEP][PASSED] - println(today): null

2023-02-28 18:26:21 - [TEST_STEP][PASSED] - datText = today: null

2023-02-28 18:26:21 - [TEST_STEP][PASSED] - category = findTestData(dataFile).getValue("Category", row): null

2023-02-28 18:26:21 - [TEST_STEP][PASSED] - amount = findTestData(dataFile).getValue("Amount", row): null

2023-02-28 18:26:21 - [TEST_STEP][PASSED] - trackData = findTestData(dataFile).getValue("TrackData", row): null

2023-02-28 18:26:21 - [TEST_STEP][PASSED] - openBrowser(VLinkURL + "authcap.html"): Browser is opened with url: 'https://dev-algorithm.govolution.com/vlinktest/demo2/version_2_0/authcap.html'

2023-02-28 18:26:21 - [MESSAGE][WARNING] - A browser is already opened. Closing browser and opening a new one

2023-02-28 18:26:22 - [MESSAGE][INFO] - Starting 'Chrome' driver

2023-02-28 18:26:22 - [MESSAGE][INFO] - User set preference: ['acceptInsecureCerts', 'true']

2023-02-28 18:26:22 - [MESSAGE][INFO] - Action delay is set to 0 milliseconds

2023-02-28 18:26:24 - [MESSAGE][PASSED] - Browser is opened with url: 'https://dev-algorithm.govolution.com/vlinktest/demo2/version_2_0/authcap.html'

2023-02-28 18:26:24 - [TEST_STEP][PASSED] - maximizeWindow(): Current window maximized

2023-02-28 18:26:24 - [MESSAGE][PASSED] - Current window maximized

2023-02-28 18:26:24 - [TEST_STEP][PASSED] - maximizeWindow(): Current window maximized

2023-02-28 18:26:24 - [MESSAGE][PASSED] - Current window maximized

2023-02-28 18:26:24 - [TEST_STEP][PASSED] - genRemID = RandomStringUtils.random(12, true, true): null

2023-02-28 18:26:24 - [TEST_STEP][PASSED] - setText(findTestObject("Object Repository/RecAndPlayBk/Page-Vlink-Sale/input_Remittance Id_remittance_id"), genRemID): Text 'hsk4aEW5El7U' is set on object 'Object Repository/RecAndPlayBk/Page-Vlink-Sale/input_Remittance Id_remittance_id'

2023-02-28 18:26:25 - [MESSAGE][PASSED] - Text 'hsk4aEW5El7U' is set on object 'Object Repository/RecAndPlayBk/Page-Vlink-Sale/input_Remittance Id_remittance_id'

2023-02-28 18:26:25 - [TEST_STEP][PASSED] - setText(findTestObject("Object Repository/RecAndPlayBk/Page-Vlink-Sale/input_Application Id_application_id"), appID): Text '1773' is set on object 'Object Repository/RecAndPlayBk/Page-Vlink-Sale/input_Application Id_application_id'

2023-02-28 18:26:25 - [MESSAGE][PASSED] - Text '1773' is set on object 'Object Repository/RecAndPlayBk/Page-Vlink-Sale/input_Application Id_application_id'

2023-02-28 18:26:25 - [TEST_STEP][PASSED] - setText(findTestObject("Object Repository/RecAndPlayBk/Page-Vlink-Sale/input_Username_username"), username): Text 'Qq2BV1qtr' is set on object 'Object Repository/RecAndPlayBk/Page-Vlink-Sale/input_Username_username'

2023-02-28 18:26:26 - [MESSAGE][PASSED] - Text 'Qq2BV1qtr' is set on object 'Object Repository/RecAndPlayBk/Page-Vlink-Sale/input_Username_username'

2023-02-28 18:26:26 - [TEST_STEP][PASSED] - setText(findTestObject("Object Repository/RecAndPlayBk/Page-Vlink-Sale/input_Password_password"), password): Text 'tUmWBiLUx' is set on object 'Object Repository/RecAndPlayBk/Page-Vlink-Sale/input_Password_password'

2023-02-28 18:26:27 - [MESSAGE][PASSED] - Text 'tUmWBiLUx' is set on object 'Object Repository/RecAndPlayBk/Page-Vlink-Sale/input_Password_password'

2023-02-28 18:26:27 - [TEST_STEP][PASSED] - setText(findTestObject("Object Repository/RecAndPlayBk/Page-Vlink-Sale/input_Category_category"), category): Text 'RETL' is set on object 'Object Repository/RecAndPlayBk/Page-Vlink-Sale/input_Category_category'

2023-02-28 18:26:27 - [MESSAGE][PASSED] - Text 'RETL' is set on object 'Object Repository/RecAndPlayBk/Page-Vlink-Sale/input_Category_category'

2023-02-28 18:26:27 - [TEST_STEP][PASSED] - setText(findTestObject("Object Repository/RecAndPlayBk/Page-Vlink-Sale/input_Amount_amount"), amount): Text '10.5' is set on object 'Object Repository/RecAndPlayBk/Page-Vlink-Sale/input_Amount_amount'

2023-02-28 18:26:28 - [MESSAGE][PASSED] - Text '10.5' is set on object 'Object Repository/RecAndPlayBk/Page-Vlink-Sale/input_Amount_amount'

2023-02-28 18:26:28 - [TEST_STEP][PASSED] - setText(findTestObject("Object Repository/RecAndPlayBk/Page-Vlink-Sale/input_Card number_card_number"), ""): Text '' is set on object 'Object Repository/RecAndPlayBk/Page-Vlink-Sale/input_Card number_card_number'

2023-02-28 18:26:29 - [MESSAGE][PASSED] - Text '' is set on object 'Object Repository/RecAndPlayBk/Page-Vlink-Sale/input_Card number_card_number'

2023-02-28 18:26:29 - [TEST_STEP][PASSED] - setText(findTestObject("Object Repository/RecAndPlayBk/Page-Vlink-Sale/input_Card ex month_card_exmo"), ""): Text '' is set on object 'Object Repository/RecAndPlayBk/Page-Vlink-Sale/input_Card ex month_card_exmo'

2023-02-28 18:26:29 - [MESSAGE][PASSED] - Text '' is set on object 'Object Repository/RecAndPlayBk/Page-Vlink-Sale/input_Card ex month_card_exmo'

2023-02-28 18:26:29 - [TEST_STEP][PASSED] - setText(findTestObject("Object Repository/RecAndPlayBk/Page-Vlink-Sale/input_Card ex year_card_exyr"), ""): Text '' is set on object 'Object Repository/RecAndPlayBk/Page-Vlink-Sale/input_Card ex year_card_exyr'

2023-02-28 18:26:30 - [MESSAGE][PASSED] - Text '' is set on object 'Object Repository/RecAndPlayBk/Page-Vlink-Sale/input_Card ex year_card_exyr'

2023-02-28 18:26:30 - [TEST_STEP][PASSED] - setText(findTestObject("Object Repository/RecAndPlayBk/Page-Vlink-Sale/input_Track Data_track_data"), trackData): Text '%B5567080011582646^AHMED/IMTIAZ              ^2303201090200000000000354000015?;5567080011582646=23032010902035400015?' is set on object 'Object Repository/RecAndPlayBk/Page-Vlink-Sale/input_Track Data_track_data'

2023-02-28 18:26:31 - [MESSAGE][PASSED] - Text '%B5567080011582646^AHMED/IMTIAZ              ^2303201090200000000000354000015?;5567080011582646=23032010902035400015?' is set on object 'Object Repository/RecAndPlayBk/Page-Vlink-Sale/input_Track Data_track_data'

2023-02-28 18:26:31 - [TEST_STEP][PASSED] - setText(findTestObject("Object Repository/RecAndPlayBk/Page-Vlink-Sale/txt_POSEntryMode"), "track"): Text 'track' is set on object 'Object Repository/RecAndPlayBk/Page-Vlink-Sale/txt_POSEntryMode'

2023-02-28 18:26:31 - [MESSAGE][PASSED] - Text 'track' is set on object 'Object Repository/RecAndPlayBk/Page-Vlink-Sale/txt_POSEntryMode'

2023-02-28 18:26:31 - [TEST_STEP][PASSED] - setText(findTestObject("Object Repository/RecAndPlayBk/Page-Vlink-Sale/input_concat(Cardholder, , s email)_email"), ""): Text '' is set on object 'Object Repository/RecAndPlayBk/Page-Vlink-Sale/input_concat(Cardholder, , s email)_email'

2023-02-28 18:26:32 - [MESSAGE][PASSED] - Text '' is set on object 'Object Repository/RecAndPlayBk/Page-Vlink-Sale/input_concat(Cardholder, , s email)_email'

2023-02-28 18:26:32 - [TEST_STEP][PASSED] - click(findTestObject("Object Repository/RecAndPlayBk/Page-Vlink-Sale/input_user_defined10_user_defined10")): Object: 'Object Repository/RecAndPlayBk/Page-Vlink-Sale/input_user_defined10_user_defined10' is clicked on

2023-02-28 18:26:32 - [MESSAGE][PASSED] - Object: 'Object Repository/RecAndPlayBk/Page-Vlink-Sale/input_user_defined10_user_defined10' is clicked on

2023-02-28 18:26:32 - [TEST_STEP][PASSED] - if (executionProfile.equalsIgnoreCase("QAProfile") || executionProfile.equalsIgnoreCase("DemoProfile")): null

2023-02-28 18:26:32 - [TEST_STEP][PASSED] - click(findTestObject("Object Repository/RecAndPlayBk/Page-Vlink-Sale/input")): Object: 'Object Repository/RecAndPlayBk/Page-Vlink-Sale/input' is clicked on

2023-02-28 18:26:34 - [MESSAGE][PASSED] - Object: 'Object Repository/RecAndPlayBk/Page-Vlink-Sale/input' is clicked on

2023-02-28 18:26:34 - [TEST_STEP][PASSED] - if (verifyTextPresent("Transaction approved, no errors", true)): null

2023-02-28 18:26:35 - [MESSAGE][PASSED] - Text 'Transaction approved, no errors' is present on page  using regular expression

2023-02-28 18:26:35 - [TEST_STEP][PASSED] - println("Transaction Approved, no errors text is present on the Confirmation page"): null

2023-02-28 18:26:35 - [TEST_STEP][PASSED] - out.println("Pass Record Number: " + row): null

2023-02-28 18:26:35 - [TEST_STEP][PASSED] - resText = "Pass": null

2023-02-28 18:26:35 - [TEST_STEP][PASSED] - pages.WriteExcel.demoKey(resText, datText, resColumn, datCloumn, fileLoc, nameSheet, row): pages.WriteExcel.demoKey is PASSED

2023-02-28 18:26:35 - [MESSAGE][PASSED] - pages.WriteExcel.demoKey is PASSED

2023-02-28 18:26:35 - [TEST_STEP][PASSED] - ExecuteTC = findTestData(dataFile).getValue("Execute", row): null

2023-02-28 18:26:35 - [TEST_STEP][PASSED] - out.println("Value of Execute is : " + ExecuteTC): null

2023-02-28 18:26:35 - [TEST_STEP][PASSED] - switch (executionProfile): null

2023-02-28 18:26:35 - [TEST_STEP][PASSED] - case "Demo2Profile":: null

2023-02-28 18:26:35 - [TEST_STEP][PASSED] - appID = findTestData(dataFile).getValue("AppIDDemo", row): null

2023-02-28 18:26:35 - [TEST_STEP][PASSED] - username = findTestData(dataFile).getValue("UsernameDemo", row): null

2023-02-28 18:26:35 - [TEST_STEP][PASSED] - password = findTestData(dataFile).getValue("PasswordDemo", row): null

2023-02-28 18:26:35 - [TEST_STEP][PASSED] - break: null

2023-02-28 18:26:35 - [TEST_STEP][FAILED] - if (ExecuteTC.equalsIgnoreCase("Y")): null

2023-02-28 18:26:35 - [TEST_STEP][PASSED] - out.println("Begin Record Number: " + row): null

2023-02-28 18:26:35 - [TEST_STEP][PASSED] - today = new java.util.Date(): null

2023-02-28 18:26:35 - [TEST_STEP][PASSED] - println(today): null

2023-02-28 18:26:35 - [TEST_STEP][PASSED] - datText = today: null

2023-02-28 18:26:35 - [TEST_STEP][PASSED] - category = findTestData(dataFile).getValue("Category", row): null

2023-02-28 18:26:35 - [TEST_STEP][PASSED] - amount = findTestData(dataFile).getValue("Amount", row): null

2023-02-28 18:26:35 - [TEST_STEP][PASSED] - trackData = findTestData(dataFile).getValue("TrackData", row): null

2023-02-28 18:26:35 - [TEST_STEP][PASSED] - openBrowser(VLinkURL + "authcap.html"): Browser is opened with url: 'https://dev-algorithm.govolution.com/vlinktest/demo2/version_2_0/authcap.html'

2023-02-28 18:26:35 - [MESSAGE][WARNING] - A browser is already opened. Closing browser and opening a new one

2023-02-28 18:26:36 - [MESSAGE][INFO] - Starting 'Chrome' driver

2023-02-28 18:26:36 - [MESSAGE][INFO] - User set preference: ['acceptInsecureCerts', 'true']

2023-02-28 18:26:36 - [MESSAGE][INFO] - Action delay is set to 0 milliseconds

2023-02-28 18:26:38 - [MESSAGE][PASSED] - Browser is opened with url: 'https://dev-algorithm.govolution.com/vlinktest/demo2/version_2_0/authcap.html'

2023-02-28 18:26:38 - [TEST_STEP][PASSED] - maximizeWindow(): Current window maximized

2023-02-28 18:26:38 - [MESSAGE][PASSED] - Current window maximized

2023-02-28 18:26:38 - [TEST_STEP][PASSED] - maximizeWindow(): Current window maximized

2023-02-28 18:26:38 - [MESSAGE][PASSED] - Current window maximized

2023-02-28 18:26:38 - [TEST_STEP][PASSED] - genRemID = RandomStringUtils.random(12, true, true): null

2023-02-28 18:26:38 - [TEST_STEP][PASSED] - setText(findTestObject("Object Repository/RecAndPlayBk/Page-Vlink-Sale/input_Remittance Id_remittance_id"), genRemID): Text 'LNWo8d5RvxPy' is set on object 'Object Repository/RecAndPlayBk/Page-Vlink-Sale/input_Remittance Id_remittance_id'

2023-02-28 18:26:39 - [MESSAGE][PASSED] - Text 'LNWo8d5RvxPy' is set on object 'Object Repository/RecAndPlayBk/Page-Vlink-Sale/input_Remittance Id_remittance_id'

2023-02-28 18:26:39 - [TEST_STEP][PASSED] - setText(findTestObject("Object Repository/RecAndPlayBk/Page-Vlink-Sale/input_Application Id_application_id"), appID): Text '2435' is set on object 'Object Repository/RecAndPlayBk/Page-Vlink-Sale/input_Application Id_application_id'

2023-02-28 18:26:40 - [MESSAGE][PASSED] - Text '2435' is set on object 'Object Repository/RecAndPlayBk/Page-Vlink-Sale/input_Application Id_application_id'

2023-02-28 18:26:40 - [TEST_STEP][PASSED] - setText(findTestObject("Object Repository/RecAndPlayBk/Page-Vlink-Sale/input_Username_username"), username): Text 'health' is set on object 'Object Repository/RecAndPlayBk/Page-Vlink-Sale/input_Username_username'

2023-02-28 18:26:40 - [MESSAGE][PASSED] - Text 'health' is set on object 'Object Repository/RecAndPlayBk/Page-Vlink-Sale/input_Username_username'

2023-02-28 18:26:40 - [TEST_STEP][PASSED] - setText(findTestObject("Object Repository/RecAndPlayBk/Page-Vlink-Sale/input_Password_password"), password): Text '11111111' is set on object 'Object Repository/RecAndPlayBk/Page-Vlink-Sale/input_Password_password'

2023-02-28 18:26:41 - [MESSAGE][PASSED] - Text '11111111' is set on object 'Object Repository/RecAndPlayBk/Page-Vlink-Sale/input_Password_password'

2023-02-28 18:26:41 - [TEST_STEP][PASSED] - setText(findTestObject("Object Repository/RecAndPlayBk/Page-Vlink-Sale/input_Category_category"), category): Text 'RETL' is set on object 'Object Repository/RecAndPlayBk/Page-Vlink-Sale/input_Category_category'

2023-02-28 18:26:42 - [MESSAGE][PASSED] - Text 'RETL' is set on object 'Object Repository/RecAndPlayBk/Page-Vlink-Sale/input_Category_category'

2023-02-28 18:26:42 - [TEST_STEP][PASSED] - setText(findTestObject("Object Repository/RecAndPlayBk/Page-Vlink-Sale/input_Amount_amount"), amount): Text '10.5' is set on object 'Object Repository/RecAndPlayBk/Page-Vlink-Sale/input_Amount_amount'

2023-02-28 18:26:42 - [MESSAGE][PASSED] - Text '10.5' is set on object 'Object Repository/RecAndPlayBk/Page-Vlink-Sale/input_Amount_amount'

2023-02-28 18:26:42 - [TEST_STEP][PASSED] - setText(findTestObject("Object Repository/RecAndPlayBk/Page-Vlink-Sale/input_Card number_card_number"), ""): Text '' is set on object 'Object Repository/RecAndPlayBk/Page-Vlink-Sale/input_Card number_card_number'

2023-02-28 18:26:43 - [MESSAGE][PASSED] - Text '' is set on object 'Object Repository/RecAndPlayBk/Page-Vlink-Sale/input_Card number_card_number'

2023-02-28 18:26:43 - [TEST_STEP][PASSED] - setText(findTestObject("Object Repository/RecAndPlayBk/Page-Vlink-Sale/input_Card ex month_card_exmo"), ""): Text '' is set on object 'Object Repository/RecAndPlayBk/Page-Vlink-Sale/input_Card ex month_card_exmo'

2023-02-28 18:26:44 - [MESSAGE][PASSED] - Text '' is set on object 'Object Repository/RecAndPlayBk/Page-Vlink-Sale/input_Card ex month_card_exmo'

2023-02-28 18:26:44 - [TEST_STEP][PASSED] - setText(findTestObject("Object Repository/RecAndPlayBk/Page-Vlink-Sale/input_Card ex year_card_exyr"), ""): Text '' is set on object 'Object Repository/RecAndPlayBk/Page-Vlink-Sale/input_Card ex year_card_exyr'

2023-02-28 18:26:44 - [MESSAGE][PASSED] - Text '' is set on object 'Object Repository/RecAndPlayBk/Page-Vlink-Sale/input_Card ex year_card_exyr'

2023-02-28 18:26:44 - [TEST_STEP][PASSED] - setText(findTestObject("Object Repository/RecAndPlayBk/Page-Vlink-Sale/input_Track Data_track_data"), trackData): Text '%B5567080011582646^AHMED/IMTIAZ              ^2303201090200000000000354000015?;5567080011582646=23032010902035400015?' is set on object 'Object Repository/RecAndPlayBk/Page-Vlink-Sale/input_Track Data_track_data'

2023-02-28 18:26:45 - [MESSAGE][PASSED] - Text '%B5567080011582646^AHMED/IMTIAZ              ^2303201090200000000000354000015?;5567080011582646=23032010902035400015?' is set on object 'Object Repository/RecAndPlayBk/Page-Vlink-Sale/input_Track Data_track_data'

2023-02-28 18:26:45 - [TEST_STEP][PASSED] - setText(findTestObject("Object Repository/RecAndPlayBk/Page-Vlink-Sale/txt_POSEntryMode"), "track"): Text 'track' is set on object 'Object Repository/RecAndPlayBk/Page-Vlink-Sale/txt_POSEntryMode'

2023-02-28 18:26:45 - [MESSAGE][PASSED] - Text 'track' is set on object 'Object Repository/RecAndPlayBk/Page-Vlink-Sale/txt_POSEntryMode'

2023-02-28 18:26:45 - [TEST_STEP][PASSED] - setText(findTestObject("Object Repository/RecAndPlayBk/Page-Vlink-Sale/input_concat(Cardholder, , s email)_email"), ""): Text '' is set on object 'Object Repository/RecAndPlayBk/Page-Vlink-Sale/input_concat(Cardholder, , s email)_email'

2023-02-28 18:26:46 - [MESSAGE][PASSED] - Text '' is set on object 'Object Repository/RecAndPlayBk/Page-Vlink-Sale/input_concat(Cardholder, , s email)_email'

2023-02-28 18:26:46 - [TEST_STEP][PASSED] - click(findTestObject("Object Repository/RecAndPlayBk/Page-Vlink-Sale/input_user_defined10_user_defined10")): Object: 'Object Repository/RecAndPlayBk/Page-Vlink-Sale/input_user_defined10_user_defined10' is clicked on

2023-02-28 18:26:46 - [MESSAGE][PASSED] - Object: 'Object Repository/RecAndPlayBk/Page-Vlink-Sale/input_user_defined10_user_defined10' is clicked on

2023-02-28 18:26:46 - [TEST_STEP][PASSED] - if (executionProfile.equalsIgnoreCase("QAProfile") || executionProfile.equalsIgnoreCase("DemoProfile")): null

2023-02-28 18:26:46 - [TEST_STEP][PASSED] - click(findTestObject("Object Repository/RecAndPlayBk/Page-Vlink-Sale/input")): Object: 'Object Repository/RecAndPlayBk/Page-Vlink-Sale/input' is clicked on

2023-02-28 18:26:48 - [MESSAGE][PASSED] - Object: 'Object Repository/RecAndPlayBk/Page-Vlink-Sale/input' is clicked on

2023-02-28 18:26:48 - [TEST_STEP][FAILED] - if (verifyTextPresent("Transaction approved, no errors", true)): Text 'Transaction approved, no errors' is not present on page  using regular expression (Root cause: com.kms.katalon.core.exception.StepFailedException: Text 'Transaction approved, no errors' is not present on page  using regular expression
	at com.kms.katalon.core.webui.keyword.internal.WebUIKeywordMain.stepFailed(WebUIKeywordMain.groovy:64)
	at com.kms.katalon.core.webui.keyword.builtin.VerifyTextPresentKeyword$_verifyTextPresent_closure1.doCall(VerifyTextPresentKeyword.groovy:79)
	at com.kms.katalon.core.webui.keyword.builtin.VerifyTextPresentKeyword$_verifyTextPresent_closure1.call(VerifyTextPresentKeyword.groovy)
	at com.kms.katalon.core.webui.keyword.internal.WebUIKeywordMain.runKeyword(WebUIKeywordMain.groovy:20)
	at com.kms.katalon.core.webui.keyword.builtin.VerifyTextPresentKeyword.verifyTextPresent(VerifyTextPresentKeyword.groovy:83)
	at com.kms.katalon.core.webui.keyword.builtin.VerifyTextPresentKeyword.execute(VerifyTextPresentKeyword.groovy:68)
	at com.kms.katalon.core.keyword.internal.KeywordExecutor.executeKeywordForPlatform(KeywordExecutor.groovy:74)
	at com.kms.katalon.core.webui.keyword.WebUiBuiltInKeywords.verifyTextPresent(WebUiBuiltInKeywords.groovy:1723)
	at com.kms.katalon.core.webui.keyword.WebUiBuiltInKeywords$verifyTextPresent$4.call(Unknown Source)
	at Sale-Unencrypted.run(Sale-Unencrypted:155)
	at com.kms.katalon.core.main.ScriptEngine.run(ScriptEngine.java:194)
	at com.kms.katalon.core.main.ScriptEngine.runScriptAsRawText(ScriptEngine.java:119)
	at com.kms.katalon.core.main.TestCaseExecutor.runScript(TestCaseExecutor.java:442)
	at com.kms.katalon.core.main.TestCaseExecutor.doExecute(TestCaseExecutor.java:433)
	at com.kms.katalon.core.main.TestCaseExecutor.processExecutionPhase(TestCaseExecutor.java:412)
	at com.kms.katalon.core.main.TestCaseExecutor.accessMainPhase(TestCaseExecutor.java:404)
	at com.kms.katalon.core.main.TestCaseExecutor.execute(TestCaseExecutor.java:281)
	at com.kms.katalon.core.main.TestSuiteExecutor.accessTestCaseMainPhase(TestSuiteExecutor.java:202)
	at com.kms.katalon.core.main.TestSuiteExecutor.accessTestSuiteMainPhase(TestSuiteExecutor.java:164)
	at com.kms.katalon.core.main.TestSuiteExecutor.execute(TestSuiteExecutor.java:105)
	at com.kms.katalon.core.main.TestCaseMain.startTestSuite(TestCaseMain.java:185)
	at com.kms.katalon.core.main.TestCaseMain$startTestSuite$0.call(Unknown Source)
	at TempTestSuite1677626298320.run(TempTestSuite1677626298320.groovy:36)
)

2023-02-28 18:26:49 - [MESSAGE][FAILED] - Text 'Transaction approved, no errors' is not present on page  using regular expression (Root cause: com.kms.katalon.core.exception.StepFailedException: Text 'Transaction approved, no errors' is not present on page  using regular expression
	at com.kms.katalon.core.webui.keyword.internal.WebUIKeywordMain.stepFailed(WebUIKeywordMain.groovy:64)
	at com.kms.katalon.core.webui.keyword.builtin.VerifyTextPresentKeyword$_verifyTextPresent_closure1.doCall(VerifyTextPresentKeyword.groovy:79)
	at com.kms.katalon.core.webui.keyword.builtin.VerifyTextPresentKeyword$_verifyTextPresent_closure1.call(VerifyTextPresentKeyword.groovy)
	at com.kms.katalon.core.webui.keyword.internal.WebUIKeywordMain.runKeyword(WebUIKeywordMain.groovy:20)
	at com.kms.katalon.core.webui.keyword.builtin.VerifyTextPresentKeyword.verifyTextPresent(VerifyTextPresentKeyword.groovy:83)
	at com.kms.katalon.core.webui.keyword.builtin.VerifyTextPresentKeyword.execute(VerifyTextPresentKeyword.groovy:68)
	at com.kms.katalon.core.keyword.internal.KeywordExecutor.executeKeywordForPlatform(KeywordExecutor.groovy:74)
	at com.kms.katalon.core.webui.keyword.WebUiBuiltInKeywords.verifyTextPresent(WebUiBuiltInKeywords.groovy:1723)
	at com.kms.katalon.core.webui.keyword.WebUiBuiltInKeywords$verifyTextPresent$4.call(Unknown Source)
	at Sale-Unencrypted.run(Sale-Unencrypted:155)
	at com.kms.katalon.core.main.ScriptEngine.run(ScriptEngine.java:194)
	at com.kms.katalon.core.main.ScriptEngine.runScriptAsRawText(ScriptEngine.java:119)
	at com.kms.katalon.core.main.TestCaseExecutor.runScript(TestCaseExecutor.java:442)
	at com.kms.katalon.core.main.TestCaseExecutor.doExecute(TestCaseExecutor.java:433)
	at com.kms.katalon.core.main.TestCaseExecutor.processExecutionPhase(TestCaseExecutor.java:412)
	at com.kms.katalon.core.main.TestCaseExecutor.accessMainPhase(TestCaseExecutor.java:404)
	at com.kms.katalon.core.main.TestCaseExecutor.execute(TestCaseExecutor.java:281)
	at com.kms.katalon.core.main.TestSuiteExecutor.accessTestCaseMainPhase(TestSuiteExecutor.java:202)
	at com.kms.katalon.core.main.TestSuiteExecutor.accessTestSuiteMainPhase(TestSuiteExecutor.java:164)
	at com.kms.katalon.core.main.TestSuiteExecutor.execute(TestSuiteExecutor.java:105)
	at com.kms.katalon.core.main.TestCaseMain.startTestSuite(TestCaseMain.java:185)
	at com.kms.katalon.core.main.TestCaseMain$startTestSuite$0.call(Unknown Source)
	at TempTestSuite1677626298320.run(TempTestSuite1677626298320.groovy:36)
)

2023-02-28 18:26:49 - [TEST_STEP][PASSED] - else: pages.WriteExcel.demoKey is PASSED

2023-02-28 18:26:49 - [TEST_STEP][PASSED] - println("Transaction Approved, no errors text is not present on the Confirmation page"): null

2023-02-28 18:26:49 - [TEST_STEP][PASSED] - out.println("Fail Record Number: " + row): null

2023-02-28 18:26:49 - [TEST_STEP][PASSED] - resText = "Fail": null

2023-02-28 18:26:49 - [TEST_STEP][PASSED] - pages.WriteExcel.demoKey(resText, datText, resColumn, datCloumn, fileLoc, nameSheet, row): pages.WriteExcel.demoKey is PASSED

2023-02-28 18:26:49 - [MESSAGE][PASSED] - pages.WriteExcel.demoKey is PASSED

2023-02-28 18:26:49 - [TEST_STEP][PASSED] - ExecuteTC = findTestData(dataFile).getValue("Execute", row): null

2023-02-28 18:26:49 - [TEST_STEP][PASSED] - out.println("Value of Execute is : " + ExecuteTC): null

2023-02-28 18:26:49 - [TEST_STEP][PASSED] - switch (executionProfile): null

2023-02-28 18:26:49 - [TEST_STEP][PASSED] - case "Demo2Profile":: null

2023-02-28 18:26:49 - [TEST_STEP][PASSED] - appID = findTestData(dataFile).getValue("AppIDDemo", row): null

2023-02-28 18:26:49 - [TEST_STEP][PASSED] - username = findTestData(dataFile).getValue("UsernameDemo", row): null

2023-02-28 18:26:49 - [TEST_STEP][PASSED] - password = findTestData(dataFile).getValue("PasswordDemo", row): null

2023-02-28 18:26:49 - [TEST_STEP][PASSED] - break: null

2023-02-28 18:26:49 - [TEST_STEP][FAILED] - if (ExecuteTC.equalsIgnoreCase("Y")): null

2023-02-28 18:26:49 - [TEST_STEP][PASSED] - out.println("Begin Record Number: " + row): null

2023-02-28 18:26:49 - [TEST_STEP][PASSED] - today = new java.util.Date(): null

2023-02-28 18:26:49 - [TEST_STEP][PASSED] - println(today): null

2023-02-28 18:26:49 - [TEST_STEP][PASSED] - datText = today: null

2023-02-28 18:26:49 - [TEST_STEP][PASSED] - category = findTestData(dataFile).getValue("Category", row): null

2023-02-28 18:26:49 - [TEST_STEP][PASSED] - amount = findTestData(dataFile).getValue("Amount", row): null

2023-02-28 18:26:49 - [TEST_STEP][PASSED] - trackData = findTestData(dataFile).getValue("TrackData", row): null

2023-02-28 18:26:50 - [TEST_STEP][PASSED] - openBrowser(VLinkURL + "authcap.html"): Browser is opened with url: 'https://dev-algorithm.govolution.com/vlinktest/demo2/version_2_0/authcap.html'

2023-02-28 18:26:50 - [MESSAGE][WARNING] - A browser is already opened. Closing browser and opening a new one

2023-02-28 18:26:50 - [MESSAGE][INFO] - Starting 'Chrome' driver

2023-02-28 18:26:50 - [MESSAGE][INFO] - User set preference: ['acceptInsecureCerts', 'true']

2023-02-28 18:26:50 - [MESSAGE][INFO] - Action delay is set to 0 milliseconds

2023-02-28 18:26:52 - [MESSAGE][PASSED] - Browser is opened with url: 'https://dev-algorithm.govolution.com/vlinktest/demo2/version_2_0/authcap.html'

2023-02-28 18:26:52 - [TEST_STEP][PASSED] - maximizeWindow(): Current window maximized

2023-02-28 18:26:52 - [MESSAGE][PASSED] - Current window maximized

2023-02-28 18:26:52 - [TEST_STEP][PASSED] - maximizeWindow(): Current window maximized

2023-02-28 18:26:52 - [MESSAGE][PASSED] - Current window maximized

2023-02-28 18:26:52 - [TEST_STEP][PASSED] - genRemID = RandomStringUtils.random(12, true, true): null

2023-02-28 18:26:52 - [TEST_STEP][PASSED] - setText(findTestObject("Object Repository/RecAndPlayBk/Page-Vlink-Sale/input_Remittance Id_remittance_id"), genRemID): Text 'vUzXjnJSGrIy' is set on object 'Object Repository/RecAndPlayBk/Page-Vlink-Sale/input_Remittance Id_remittance_id'

2023-02-28 18:26:53 - [MESSAGE][PASSED] - Text 'vUzXjnJSGrIy' is set on object 'Object Repository/RecAndPlayBk/Page-Vlink-Sale/input_Remittance Id_remittance_id'

2023-02-28 18:26:53 - [TEST_STEP][PASSED] - setText(findTestObject("Object Repository/RecAndPlayBk/Page-Vlink-Sale/input_Application Id_application_id"), appID): Text '3136' is set on object 'Object Repository/RecAndPlayBk/Page-Vlink-Sale/input_Application Id_application_id'

2023-02-28 18:26:54 - [MESSAGE][PASSED] - Text '3136' is set on object 'Object Repository/RecAndPlayBk/Page-Vlink-Sale/input_Application Id_application_id'

2023-02-28 18:26:54 - [TEST_STEP][PASSED] - setText(findTestObject("Object Repository/RecAndPlayBk/Page-Vlink-Sale/input_Username_username"), username): Text 'user3136' is set on object 'Object Repository/RecAndPlayBk/Page-Vlink-Sale/input_Username_username'

2023-02-28 18:26:54 - [MESSAGE][PASSED] - Text 'user3136' is set on object 'Object Repository/RecAndPlayBk/Page-Vlink-Sale/input_Username_username'

2023-02-28 18:26:54 - [TEST_STEP][PASSED] - setText(findTestObject("Object Repository/RecAndPlayBk/Page-Vlink-Sale/input_Password_password"), password): Text 'pwd3136' is set on object 'Object Repository/RecAndPlayBk/Page-Vlink-Sale/input_Password_password'

2023-02-28 18:26:55 - [MESSAGE][PASSED] - Text 'pwd3136' is set on object 'Object Repository/RecAndPlayBk/Page-Vlink-Sale/input_Password_password'

2023-02-28 18:26:55 - [TEST_STEP][PASSED] - setText(findTestObject("Object Repository/RecAndPlayBk/Page-Vlink-Sale/input_Category_category"), category): Text 'RETL' is set on object 'Object Repository/RecAndPlayBk/Page-Vlink-Sale/input_Category_category'

2023-02-28 18:26:56 - [MESSAGE][PASSED] - Text 'RETL' is set on object 'Object Repository/RecAndPlayBk/Page-Vlink-Sale/input_Category_category'

2023-02-28 18:26:56 - [TEST_STEP][PASSED] - setText(findTestObject("Object Repository/RecAndPlayBk/Page-Vlink-Sale/input_Amount_amount"), amount): Text '10.5' is set on object 'Object Repository/RecAndPlayBk/Page-Vlink-Sale/input_Amount_amount'

2023-02-28 18:26:56 - [MESSAGE][PASSED] - Text '10.5' is set on object 'Object Repository/RecAndPlayBk/Page-Vlink-Sale/input_Amount_amount'

2023-02-28 18:26:56 - [TEST_STEP][PASSED] - setText(findTestObject("Object Repository/RecAndPlayBk/Page-Vlink-Sale/input_Card number_card_number"), ""): Text '' is set on object 'Object Repository/RecAndPlayBk/Page-Vlink-Sale/input_Card number_card_number'

2023-02-28 18:26:57 - [MESSAGE][PASSED] - Text '' is set on object 'Object Repository/RecAndPlayBk/Page-Vlink-Sale/input_Card number_card_number'

2023-02-28 18:26:57 - [TEST_STEP][PASSED] - setText(findTestObject("Object Repository/RecAndPlayBk/Page-Vlink-Sale/input_Card ex month_card_exmo"), ""): Text '' is set on object 'Object Repository/RecAndPlayBk/Page-Vlink-Sale/input_Card ex month_card_exmo'

2023-02-28 18:26:58 - [MESSAGE][PASSED] - Text '' is set on object 'Object Repository/RecAndPlayBk/Page-Vlink-Sale/input_Card ex month_card_exmo'

2023-02-28 18:26:58 - [TEST_STEP][PASSED] - setText(findTestObject("Object Repository/RecAndPlayBk/Page-Vlink-Sale/input_Card ex year_card_exyr"), ""): Text '' is set on object 'Object Repository/RecAndPlayBk/Page-Vlink-Sale/input_Card ex year_card_exyr'

2023-02-28 18:26:58 - [MESSAGE][PASSED] - Text '' is set on object 'Object Repository/RecAndPlayBk/Page-Vlink-Sale/input_Card ex year_card_exyr'

2023-02-28 18:26:58 - [TEST_STEP][PASSED] - setText(findTestObject("Object Repository/RecAndPlayBk/Page-Vlink-Sale/input_Track Data_track_data"), trackData): Text '%B5567080011582646^AHMED/IMTIAZ              ^2303201090200000000000354000015?;5567080011582646=23032010902035400015?' is set on object 'Object Repository/RecAndPlayBk/Page-Vlink-Sale/input_Track Data_track_data'

2023-02-28 18:26:59 - [MESSAGE][PASSED] - Text '%B5567080011582646^AHMED/IMTIAZ              ^2303201090200000000000354000015?;5567080011582646=23032010902035400015?' is set on object 'Object Repository/RecAndPlayBk/Page-Vlink-Sale/input_Track Data_track_data'

2023-02-28 18:26:59 - [TEST_STEP][PASSED] - setText(findTestObject("Object Repository/RecAndPlayBk/Page-Vlink-Sale/txt_POSEntryMode"), "track"): Text 'track' is set on object 'Object Repository/RecAndPlayBk/Page-Vlink-Sale/txt_POSEntryMode'

2023-02-28 18:27:00 - [MESSAGE][PASSED] - Text 'track' is set on object 'Object Repository/RecAndPlayBk/Page-Vlink-Sale/txt_POSEntryMode'

2023-02-28 18:27:00 - [TEST_STEP][PASSED] - setText(findTestObject("Object Repository/RecAndPlayBk/Page-Vlink-Sale/input_concat(Cardholder, , s email)_email"), ""): Text '' is set on object 'Object Repository/RecAndPlayBk/Page-Vlink-Sale/input_concat(Cardholder, , s email)_email'

2023-02-28 18:27:00 - [MESSAGE][PASSED] - Text '' is set on object 'Object Repository/RecAndPlayBk/Page-Vlink-Sale/input_concat(Cardholder, , s email)_email'

2023-02-28 18:27:00 - [TEST_STEP][PASSED] - click(findTestObject("Object Repository/RecAndPlayBk/Page-Vlink-Sale/input_user_defined10_user_defined10")): Object: 'Object Repository/RecAndPlayBk/Page-Vlink-Sale/input_user_defined10_user_defined10' is clicked on

2023-02-28 18:27:00 - [MESSAGE][PASSED] - Object: 'Object Repository/RecAndPlayBk/Page-Vlink-Sale/input_user_defined10_user_defined10' is clicked on

2023-02-28 18:27:00 - [TEST_STEP][PASSED] - if (executionProfile.equalsIgnoreCase("QAProfile") || executionProfile.equalsIgnoreCase("DemoProfile")): null

2023-02-28 18:27:00 - [TEST_STEP][PASSED] - click(findTestObject("Object Repository/RecAndPlayBk/Page-Vlink-Sale/input")): Object: 'Object Repository/RecAndPlayBk/Page-Vlink-Sale/input' is clicked on

2023-02-28 18:27:02 - [MESSAGE][PASSED] - Object: 'Object Repository/RecAndPlayBk/Page-Vlink-Sale/input' is clicked on

2023-02-28 18:27:02 - [TEST_STEP][FAILED] - if (verifyTextPresent("Transaction approved, no errors", true)): Text 'Transaction approved, no errors' is not present on page  using regular expression (Root cause: com.kms.katalon.core.exception.StepFailedException: Text 'Transaction approved, no errors' is not present on page  using regular expression
	at com.kms.katalon.core.webui.keyword.internal.WebUIKeywordMain.stepFailed(WebUIKeywordMain.groovy:64)
	at com.kms.katalon.core.webui.keyword.builtin.VerifyTextPresentKeyword$_verifyTextPresent_closure1.doCall(VerifyTextPresentKeyword.groovy:79)
	at com.kms.katalon.core.webui.keyword.builtin.VerifyTextPresentKeyword$_verifyTextPresent_closure1.call(VerifyTextPresentKeyword.groovy)
	at com.kms.katalon.core.webui.keyword.internal.WebUIKeywordMain.runKeyword(WebUIKeywordMain.groovy:20)
	at com.kms.katalon.core.webui.keyword.builtin.VerifyTextPresentKeyword.verifyTextPresent(VerifyTextPresentKeyword.groovy:83)
	at com.kms.katalon.core.webui.keyword.builtin.VerifyTextPresentKeyword.execute(VerifyTextPresentKeyword.groovy:68)
	at com.kms.katalon.core.keyword.internal.KeywordExecutor.executeKeywordForPlatform(KeywordExecutor.groovy:74)
	at com.kms.katalon.core.webui.keyword.WebUiBuiltInKeywords.verifyTextPresent(WebUiBuiltInKeywords.groovy:1723)
	at com.kms.katalon.core.webui.keyword.WebUiBuiltInKeywords$verifyTextPresent$4.call(Unknown Source)
	at Sale-Unencrypted.run(Sale-Unencrypted:155)
	at com.kms.katalon.core.main.ScriptEngine.run(ScriptEngine.java:194)
	at com.kms.katalon.core.main.ScriptEngine.runScriptAsRawText(ScriptEngine.java:119)
	at com.kms.katalon.core.main.TestCaseExecutor.runScript(TestCaseExecutor.java:442)
	at com.kms.katalon.core.main.TestCaseExecutor.doExecute(TestCaseExecutor.java:433)
	at com.kms.katalon.core.main.TestCaseExecutor.processExecutionPhase(TestCaseExecutor.java:412)
	at com.kms.katalon.core.main.TestCaseExecutor.accessMainPhase(TestCaseExecutor.java:404)
	at com.kms.katalon.core.main.TestCaseExecutor.execute(TestCaseExecutor.java:281)
	at com.kms.katalon.core.main.TestSuiteExecutor.accessTestCaseMainPhase(TestSuiteExecutor.java:202)
	at com.kms.katalon.core.main.TestSuiteExecutor.accessTestSuiteMainPhase(TestSuiteExecutor.java:164)
	at com.kms.katalon.core.main.TestSuiteExecutor.execute(TestSuiteExecutor.java:105)
	at com.kms.katalon.core.main.TestCaseMain.startTestSuite(TestCaseMain.java:185)
	at com.kms.katalon.core.main.TestCaseMain$startTestSuite$0.call(Unknown Source)
	at TempTestSuite1677626298320.run(TempTestSuite1677626298320.groovy:36)
)

2023-02-28 18:27:03 - [MESSAGE][FAILED] - Text 'Transaction approved, no errors' is not present on page  using regular expression (Root cause: com.kms.katalon.core.exception.StepFailedException: Text 'Transaction approved, no errors' is not present on page  using regular expression
	at com.kms.katalon.core.webui.keyword.internal.WebUIKeywordMain.stepFailed(WebUIKeywordMain.groovy:64)
	at com.kms.katalon.core.webui.keyword.builtin.VerifyTextPresentKeyword$_verifyTextPresent_closure1.doCall(VerifyTextPresentKeyword.groovy:79)
	at com.kms.katalon.core.webui.keyword.builtin.VerifyTextPresentKeyword$_verifyTextPresent_closure1.call(VerifyTextPresentKeyword.groovy)
	at com.kms.katalon.core.webui.keyword.internal.WebUIKeywordMain.runKeyword(WebUIKeywordMain.groovy:20)
	at com.kms.katalon.core.webui.keyword.builtin.VerifyTextPresentKeyword.verifyTextPresent(VerifyTextPresentKeyword.groovy:83)
	at com.kms.katalon.core.webui.keyword.builtin.VerifyTextPresentKeyword.execute(VerifyTextPresentKeyword.groovy:68)
	at com.kms.katalon.core.keyword.internal.KeywordExecutor.executeKeywordForPlatform(KeywordExecutor.groovy:74)
	at com.kms.katalon.core.webui.keyword.WebUiBuiltInKeywords.verifyTextPresent(WebUiBuiltInKeywords.groovy:1723)
	at com.kms.katalon.core.webui.keyword.WebUiBuiltInKeywords$verifyTextPresent$4.call(Unknown Source)
	at Sale-Unencrypted.run(Sale-Unencrypted:155)
	at com.kms.katalon.core.main.ScriptEngine.run(ScriptEngine.java:194)
	at com.kms.katalon.core.main.ScriptEngine.runScriptAsRawText(ScriptEngine.java:119)
	at com.kms.katalon.core.main.TestCaseExecutor.runScript(TestCaseExecutor.java:442)
	at com.kms.katalon.core.main.TestCaseExecutor.doExecute(TestCaseExecutor.java:433)
	at com.kms.katalon.core.main.TestCaseExecutor.processExecutionPhase(TestCaseExecutor.java:412)
	at com.kms.katalon.core.main.TestCaseExecutor.accessMainPhase(TestCaseExecutor.java:404)
	at com.kms.katalon.core.main.TestCaseExecutor.execute(TestCaseExecutor.java:281)
	at com.kms.katalon.core.main.TestSuiteExecutor.accessTestCaseMainPhase(TestSuiteExecutor.java:202)
	at com.kms.katalon.core.main.TestSuiteExecutor.accessTestSuiteMainPhase(TestSuiteExecutor.java:164)
	at com.kms.katalon.core.main.TestSuiteExecutor.execute(TestSuiteExecutor.java:105)
	at com.kms.katalon.core.main.TestCaseMain.startTestSuite(TestCaseMain.java:185)
	at com.kms.katalon.core.main.TestCaseMain$startTestSuite$0.call(Unknown Source)
	at TempTestSuite1677626298320.run(TempTestSuite1677626298320.groovy:36)
)

2023-02-28 18:27:03 - [TEST_STEP][PASSED] - else: pages.WriteExcel.demoKey is PASSED

2023-02-28 18:27:03 - [TEST_STEP][PASSED] - println("Transaction Approved, no errors text is not present on the Confirmation page"): null

2023-02-28 18:27:03 - [TEST_STEP][PASSED] - out.println("Fail Record Number: " + row): null

2023-02-28 18:27:03 - [TEST_STEP][PASSED] - resText = "Fail": null

2023-02-28 18:27:03 - [TEST_STEP][PASSED] - pages.WriteExcel.demoKey(resText, datText, resColumn, datCloumn, fileLoc, nameSheet, row): pages.WriteExcel.demoKey is PASSED

2023-02-28 18:27:03 - [MESSAGE][PASSED] - pages.WriteExcel.demoKey is PASSED]]></system-out>
         <system-err><![CDATA[2023-02-28 18:26:20 - [TEST_CASE][FAILED] - Test Cases/RecAndPlayBk/VLink/Sale-Unencrypted: Test Cases/RecAndPlayBk/VLink/Sale-Unencrypted FAILED.
Reason:
com.kms.katalon.core.exception.StepFailedException: Text 'Transaction approved, no errors' is not present on page  using regular expression (Root cause: com.kms.katalon.core.exception.StepFailedException: Text 'Transaction approved, no errors' is not present on page  using regular expression
	at com.kms.katalon.core.webui.keyword.internal.WebUIKeywordMain.stepFailed(WebUIKeywordMain.groovy:64)
	at com.kms.katalon.core.webui.keyword.builtin.VerifyTextPresentKeyword$_verifyTextPresent_closure1.doCall(VerifyTextPresentKeyword.groovy:79)
	at com.kms.katalon.core.webui.keyword.builtin.VerifyTextPresentKeyword$_verifyTextPresent_closure1.call(VerifyTextPresentKeyword.groovy)
	at com.kms.katalon.core.webui.keyword.internal.WebUIKeywordMain.runKeyword(WebUIKeywordMain.groovy:20)
	at com.kms.katalon.core.webui.keyword.builtin.VerifyTextPresentKeyword.verifyTextPresent(VerifyTextPresentKeyword.groovy:83)
	at com.kms.katalon.core.webui.keyword.builtin.VerifyTextPresentKeyword.execute(VerifyTextPresentKeyword.groovy:68)
	at com.kms.katalon.core.keyword.internal.KeywordExecutor.executeKeywordForPlatform(KeywordExecutor.groovy:74)
	at com.kms.katalon.core.webui.keyword.WebUiBuiltInKeywords.verifyTextPresent(WebUiBuiltInKeywords.groovy:1723)
	at com.kms.katalon.core.webui.keyword.WebUiBuiltInKeywords$verifyTextPresent$4.call(Unknown Source)
	at Sale-Unencrypted.run(Sale-Unencrypted:155)
	at com.kms.katalon.core.main.ScriptEngine.run(ScriptEngine.java:194)
	at com.kms.katalon.core.main.ScriptEngine.runScriptAsRawText(ScriptEngine.java:119)
	at com.kms.katalon.core.main.TestCaseExecutor.runScript(TestCaseExecutor.java:442)
	at com.kms.katalon.core.main.TestCaseExecutor.doExecute(TestCaseExecutor.java:433)
	at com.kms.katalon.core.main.TestCaseExecutor.processExecutionPhase(TestCaseExecutor.java:412)
	at com.kms.katalon.core.main.TestCaseExecutor.accessMainPhase(TestCaseExecutor.java:404)
	at com.kms.katalon.core.main.TestCaseExecutor.execute(TestCaseExecutor.java:281)
	at com.kms.katalon.core.main.TestSuiteExecutor.accessTestCaseMainPhase(TestSuiteExecutor.java:202)
	at com.kms.katalon.core.main.TestSuiteExecutor.accessTestSuiteMainPhase(TestSuiteExecutor.java:164)
	at com.kms.katalon.core.main.TestSuiteExecutor.execute(TestSuiteExecutor.java:105)
	at com.kms.katalon.core.main.TestCaseMain.startTestSuite(TestCaseMain.java:185)
	at com.kms.katalon.core.main.TestCaseMain$startTestSuite$0.call(Unknown Source)
	at TempTestSuite1677626298320.run(TempTestSuite1677626298320.groovy:36)
)
	at com.kms.katalon.core.keyword.internal.KeywordMain.stepFailed(KeywordMain.groovy:39)
	at com.kms.katalon.core.webui.keyword.internal.WebUIKeywordMain.stepFailed(WebUIKeywordMain.groovy:64)
	at com.kms.katalon.core.webui.keyword.builtin.VerifyTextPresentKeyword$_verifyTextPresent_closure1.doCall(VerifyTextPresentKeyword.groovy:79)
	at com.kms.katalon.core.webui.keyword.builtin.VerifyTextPresentKeyword$_verifyTextPresent_closure1.call(VerifyTextPresentKeyword.groovy)
	at com.kms.katalon.core.webui.keyword.internal.WebUIKeywordMain.runKeyword(WebUIKeywordMain.groovy:20)
	at com.kms.katalon.core.webui.keyword.builtin.VerifyTextPresentKeyword.verifyTextPresent(VerifyTextPresentKeyword.groovy:83)
	at com.kms.katalon.core.webui.keyword.builtin.VerifyTextPresentKeyword.execute(VerifyTextPresentKeyword.groovy:68)
	at com.kms.katalon.core.keyword.internal.KeywordExecutor.executeKeywordForPlatform(KeywordExecutor.groovy:74)
	at com.kms.katalon.core.webui.keyword.WebUiBuiltInKeywords.verifyTextPresent(WebUiBuiltInKeywords.groovy:1723)
	at com.kms.katalon.core.webui.keyword.WebUiBuiltInKeywords$verifyTextPresent$4.call(Unknown Source)
	at Sale-Unencrypted.run(Sale-Unencrypted:155)
	at com.kms.katalon.core.main.ScriptEngine.run(ScriptEngine.java:194)
	at com.kms.katalon.core.main.ScriptEngine.runScriptAsRawText(ScriptEngine.java:119)
	at com.kms.katalon.core.main.TestCaseExecutor.runScript(TestCaseExecutor.java:442)
	at com.kms.katalon.core.main.TestCaseExecutor.doExecute(TestCaseExecutor.java:433)
	at com.kms.katalon.core.main.TestCaseExecutor.processExecutionPhase(TestCaseExecutor.java:412)
	at com.kms.katalon.core.main.TestCaseExecutor.accessMainPhase(TestCaseExecutor.java:404)
	at com.kms.katalon.core.main.TestCaseExecutor.execute(TestCaseExecutor.java:281)
	at com.kms.katalon.core.main.TestSuiteExecutor.accessTestCaseMainPhase(TestSuiteExecutor.java:202)
	at com.kms.katalon.core.main.TestSuiteExecutor.accessTestSuiteMainPhase(TestSuiteExecutor.java:164)
	at com.kms.katalon.core.main.TestSuiteExecutor.execute(TestSuiteExecutor.java:105)
	at com.kms.katalon.core.main.TestCaseMain.startTestSuite(TestCaseMain.java:185)
	at com.kms.katalon.core.main.TestCaseMain$startTestSuite$0.call(Unknown Source)
	at TempTestSuite1677626298320.run(TempTestSuite1677626298320.groovy:36)
Caused by: com.kms.katalon.core.exception.StepFailedException: Text 'Transaction approved, no errors' is not present on page  using regular expression
	... 23 more]]></system-err>
      </testcase>
      <testcase name="Test Cases/RecAndPlayBk/VLink/Sale-ZeroDollar-Error" time="61.567" classname="Test Cases/RecAndPlayBk/VLink/Sale-ZeroDollar-Error" status="PASSED">
         <system-out><![CDATA[2023-02-28 18:27:03 - [TEST_CASE][PASSED] - Test Cases/RecAndPlayBk/VLink/Sale-ZeroDollar-Error: Test Cases/RecAndPlayBk/VLink/Sale-ZeroDollar-Error

2023-02-28 18:27:03 - [TEST_STEP][PASSED] - executionProfile = getExecutionProfile(): null

2023-02-28 18:27:03 - [TEST_STEP][PASSED] - out.println("executionProfile : " + executionProfile): null

2023-02-28 18:27:03 - [TEST_STEP][PASSED] - appName = <not implemented yet for class: org.codehaus.groovy.ast.expr.EmptyExpression>: null

2023-02-28 18:27:03 - [TEST_STEP][PASSED] - appID = <not implemented yet for class: org.codehaus.groovy.ast.expr.EmptyExpression>: null

2023-02-28 18:27:03 - [TEST_STEP][PASSED] - username = <not implemented yet for class: org.codehaus.groovy.ast.expr.EmptyExpression>: null

2023-02-28 18:27:03 - [TEST_STEP][PASSED] - password = <not implemented yet for class: org.codehaus.groovy.ast.expr.EmptyExpression>: null

2023-02-28 18:27:03 - [TEST_STEP][PASSED] - cardNameV = <not implemented yet for class: org.codehaus.groovy.ast.expr.EmptyExpression>: null

2023-02-28 18:27:03 - [TEST_STEP][PASSED] - al1V = <not implemented yet for class: org.codehaus.groovy.ast.expr.EmptyExpression>: null

2023-02-28 18:27:03 - [TEST_STEP][PASSED] - al2V = <not implemented yet for class: org.codehaus.groovy.ast.expr.EmptyExpression>: null

2023-02-28 18:27:03 - [TEST_STEP][PASSED] - zipV = <not implemented yet for class: org.codehaus.groovy.ast.expr.EmptyExpression>: null

2023-02-28 18:27:03 - [TEST_STEP][PASSED] - cardTypeV = <not implemented yet for class: org.codehaus.groovy.ast.expr.EmptyExpression>: null

2023-02-28 18:27:03 - [TEST_STEP][PASSED] - last4V = <not implemented yet for class: org.codehaus.groovy.ast.expr.EmptyExpression>: null

2023-02-28 18:27:03 - [TEST_STEP][PASSED] - resText = "Fail": null

2023-02-28 18:27:03 - [TEST_STEP][PASSED] - resColumn = "Result": null

2023-02-28 18:27:03 - [TEST_STEP][PASSED] - datCloumn = "Date": null

2023-02-28 18:27:03 - [TEST_STEP][PASSED] - fileLoc = "KatalonData/VLinkSmokeData.xlsx": null

2023-02-28 18:27:03 - [TEST_STEP][PASSED] - numOfRows = <not implemented yet for class: org.codehaus.groovy.ast.expr.EmptyExpression>: null

2023-02-28 18:27:03 - [TEST_STEP][PASSED] - dataFile = <not implemented yet for class: org.codehaus.groovy.ast.expr.EmptyExpression>: null

2023-02-28 18:27:03 - [TEST_STEP][PASSED] - nameSheet = <not implemented yet for class: org.codehaus.groovy.ast.expr.EmptyExpression>: null

2023-02-28 18:27:03 - [TEST_STEP][PASSED] - nameSheet = "Sale-ZeroDollar": null

2023-02-28 18:27:03 - [TEST_STEP][PASSED] - numOfRows = findTestData("QA/VLinkTestData/VLinkSaleZeroDollar").getRowNumbers(): null

2023-02-28 18:27:03 - [TEST_STEP][PASSED] - println("Number of Records: " + numOfRows): null

2023-02-28 18:27:03 - [TEST_STEP][PASSED] - dataFile = "QA/VLinkTestData/VLinkSaleZeroDollar": null

2023-02-28 18:27:03 - [TEST_STEP][PASSED] - for ([row = 1, row <= numOfRows, (row++)]): null

2023-02-28 18:27:03 - [TEST_STEP][PASSED] - ExecuteTC = findTestData(dataFile).getValue("Execute", row): null

2023-02-28 18:27:04 - [TEST_STEP][PASSED] - out.println("Value of Execute is : " + ExecuteTC): null

2023-02-28 18:27:04 - [TEST_STEP][PASSED] - switch (executionProfile): null

2023-02-28 18:27:04 - [TEST_STEP][PASSED] - case "Demo2Profile":: null

2023-02-28 18:27:04 - [TEST_STEP][PASSED] - appID = findTestData(dataFile).getValue("AppIDDemo", row): null

2023-02-28 18:27:04 - [TEST_STEP][PASSED] - username = findTestData(dataFile).getValue("UsernameDemo", row): null

2023-02-28 18:27:04 - [TEST_STEP][PASSED] - password = findTestData(dataFile).getValue("PasswordDemo", row): null

2023-02-28 18:27:04 - [TEST_STEP][PASSED] - break: null

2023-02-28 18:27:04 - [TEST_STEP][PASSED] - if (ExecuteTC.equalsIgnoreCase("Y")): null

2023-02-28 18:27:04 - [TEST_STEP][PASSED] - out.println("Begin Record Number: " + row): null

2023-02-28 18:27:04 - [TEST_STEP][PASSED] - today = new java.util.Date(): null

2023-02-28 18:27:04 - [TEST_STEP][PASSED] - println(today): null

2023-02-28 18:27:04 - [TEST_STEP][PASSED] - datText = today: null

2023-02-28 18:27:04 - [TEST_STEP][PASSED] - category = findTestData(dataFile).getValue("Category", row): null

2023-02-28 18:27:04 - [TEST_STEP][PASSED] - amount = findTestData(dataFile).getValue("Amount", row): null

2023-02-28 18:27:04 - [TEST_STEP][PASSED] - cardNumber = findTestData(dataFile).getValue("CardNumber", row): null

2023-02-28 18:27:04 - [TEST_STEP][PASSED] - exM = findTestData(dataFile).getValue("ExM", row): null

2023-02-28 18:27:04 - [TEST_STEP][PASSED] - exY = findTestData(dataFile).getValue("ExY", row): null

2023-02-28 18:27:04 - [TEST_STEP][PASSED] - openBrowser(VLinkURL + "authcap.html"): Browser is opened with url: 'https://dev-algorithm.govolution.com/vlinktest/demo2/version_2_0/authcap.html'

2023-02-28 18:27:04 - [MESSAGE][WARNING] - A browser is already opened. Closing browser and opening a new one

2023-02-28 18:27:05 - [MESSAGE][INFO] - Starting 'Chrome' driver

2023-02-28 18:27:05 - [MESSAGE][INFO] - User set preference: ['acceptInsecureCerts', 'true']

2023-02-28 18:27:05 - [MESSAGE][INFO] - Action delay is set to 0 milliseconds

2023-02-28 18:27:07 - [MESSAGE][PASSED] - Browser is opened with url: 'https://dev-algorithm.govolution.com/vlinktest/demo2/version_2_0/authcap.html'

2023-02-28 18:27:07 - [TEST_STEP][PASSED] - maximizeWindow(): Current window maximized

2023-02-28 18:27:07 - [MESSAGE][PASSED] - Current window maximized

2023-02-28 18:27:07 - [TEST_STEP][PASSED] - maximizeWindow(): Current window maximized

2023-02-28 18:27:07 - [MESSAGE][PASSED] - Current window maximized

2023-02-28 18:27:07 - [TEST_STEP][PASSED] - genRemID = RandomStringUtils.random(12, true, true): null

2023-02-28 18:27:07 - [TEST_STEP][PASSED] - setText(findTestObject("Object Repository/RecAndPlayBk/Page-Vlink-Sale/input_Remittance Id_remittance_id"), genRemID): Text 'NkIyCqP9naUr' is set on object 'Object Repository/RecAndPlayBk/Page-Vlink-Sale/input_Remittance Id_remittance_id'

2023-02-28 18:27:08 - [MESSAGE][PASSED] - Text 'NkIyCqP9naUr' is set on object 'Object Repository/RecAndPlayBk/Page-Vlink-Sale/input_Remittance Id_remittance_id'

2023-02-28 18:27:08 - [TEST_STEP][PASSED] - setText(findTestObject("Object Repository/RecAndPlayBk/Page-Vlink-Sale/input_Application Id_application_id"), appID): Text '1773' is set on object 'Object Repository/RecAndPlayBk/Page-Vlink-Sale/input_Application Id_application_id'

2023-02-28 18:27:09 - [MESSAGE][PASSED] - Text '1773' is set on object 'Object Repository/RecAndPlayBk/Page-Vlink-Sale/input_Application Id_application_id'

2023-02-28 18:27:09 - [TEST_STEP][PASSED] - setText(findTestObject("Object Repository/RecAndPlayBk/Page-Vlink-Sale/input_Username_username"), username): Text 'Qq2BV1qtr' is set on object 'Object Repository/RecAndPlayBk/Page-Vlink-Sale/input_Username_username'

2023-02-28 18:27:09 - [MESSAGE][PASSED] - Text 'Qq2BV1qtr' is set on object 'Object Repository/RecAndPlayBk/Page-Vlink-Sale/input_Username_username'

2023-02-28 18:27:09 - [TEST_STEP][PASSED] - setText(findTestObject("Object Repository/RecAndPlayBk/Page-Vlink-Sale/input_Password_password"), password): Text 'tUmWBiLUx' is set on object 'Object Repository/RecAndPlayBk/Page-Vlink-Sale/input_Password_password'

2023-02-28 18:27:10 - [MESSAGE][PASSED] - Text 'tUmWBiLUx' is set on object 'Object Repository/RecAndPlayBk/Page-Vlink-Sale/input_Password_password'

2023-02-28 18:27:10 - [TEST_STEP][PASSED] - setText(findTestObject("Object Repository/RecAndPlayBk/Page-Vlink-Sale/input_Category_category"), category): Text 'ECOM' is set on object 'Object Repository/RecAndPlayBk/Page-Vlink-Sale/input_Category_category'

2023-02-28 18:27:11 - [MESSAGE][PASSED] - Text 'ECOM' is set on object 'Object Repository/RecAndPlayBk/Page-Vlink-Sale/input_Category_category'

2023-02-28 18:27:11 - [TEST_STEP][PASSED] - setText(findTestObject("Object Repository/RecAndPlayBk/Page-Vlink-Sale/input_Amount_amount"), amount): Text '0' is set on object 'Object Repository/RecAndPlayBk/Page-Vlink-Sale/input_Amount_amount'

2023-02-28 18:27:11 - [MESSAGE][PASSED] - Text '0' is set on object 'Object Repository/RecAndPlayBk/Page-Vlink-Sale/input_Amount_amount'

2023-02-28 18:27:11 - [TEST_STEP][PASSED] - setText(findTestObject("Object Repository/RecAndPlayBk/Page-Vlink-Sale/input_Card number_card_number"), cardNumber): Text '4111111111111111' is set on object 'Object Repository/RecAndPlayBk/Page-Vlink-Sale/input_Card number_card_number'

2023-02-28 18:27:12 - [MESSAGE][PASSED] - Text '4111111111111111' is set on object 'Object Repository/RecAndPlayBk/Page-Vlink-Sale/input_Card number_card_number'

2023-02-28 18:27:12 - [TEST_STEP][PASSED] - setText(findTestObject("Object Repository/RecAndPlayBk/Page-Vlink-Sale/input_Card ex month_card_exmo"), exM): Text '12' is set on object 'Object Repository/RecAndPlayBk/Page-Vlink-Sale/input_Card ex month_card_exmo'

2023-02-28 18:27:12 - [MESSAGE][PASSED] - Text '12' is set on object 'Object Repository/RecAndPlayBk/Page-Vlink-Sale/input_Card ex month_card_exmo'

2023-02-28 18:27:12 - [TEST_STEP][PASSED] - setText(findTestObject("Object Repository/RecAndPlayBk/Page-Vlink-Sale/input_Card ex year_card_exyr"), exY): Text '2029' is set on object 'Object Repository/RecAndPlayBk/Page-Vlink-Sale/input_Card ex year_card_exyr'

2023-02-28 18:27:13 - [MESSAGE][PASSED] - Text '2029' is set on object 'Object Repository/RecAndPlayBk/Page-Vlink-Sale/input_Card ex year_card_exyr'

2023-02-28 18:27:13 - [TEST_STEP][PASSED] - setText(findTestObject("Object Repository/RecAndPlayBk/Page-Vlink-Sale/input_Track Data_track_data"), ""): Text '' is set on object 'Object Repository/RecAndPlayBk/Page-Vlink-Sale/input_Track Data_track_data'

2023-02-28 18:27:14 - [MESSAGE][PASSED] - Text '' is set on object 'Object Repository/RecAndPlayBk/Page-Vlink-Sale/input_Track Data_track_data'

2023-02-28 18:27:14 - [TEST_STEP][PASSED] - setText(findTestObject("Object Repository/RecAndPlayBk/Page-Vlink-Sale/input_concat(Cardholder, , s email)_email"), ""): Text '' is set on object 'Object Repository/RecAndPlayBk/Page-Vlink-Sale/input_concat(Cardholder, , s email)_email'

2023-02-28 18:27:14 - [MESSAGE][PASSED] - Text '' is set on object 'Object Repository/RecAndPlayBk/Page-Vlink-Sale/input_concat(Cardholder, , s email)_email'

2023-02-28 18:27:14 - [TEST_STEP][PASSED] - click(findTestObject("Object Repository/RecAndPlayBk/Page-Vlink-Sale/input_user_defined10_user_defined10")): Object: 'Object Repository/RecAndPlayBk/Page-Vlink-Sale/input_user_defined10_user_defined10' is clicked on

2023-02-28 18:27:15 - [MESSAGE][PASSED] - Object: 'Object Repository/RecAndPlayBk/Page-Vlink-Sale/input_user_defined10_user_defined10' is clicked on

2023-02-28 18:27:15 - [TEST_STEP][PASSED] - if (executionProfile.equalsIgnoreCase("QAProfile") || executionProfile.equalsIgnoreCase("DemoProfile")): null

2023-02-28 18:27:15 - [TEST_STEP][PASSED] - click(findTestObject("Object Repository/RecAndPlayBk/Page-Vlink-Sale/input")): Object: 'Object Repository/RecAndPlayBk/Page-Vlink-Sale/input' is clicked on

2023-02-28 18:27:16 - [MESSAGE][PASSED] - Object: 'Object Repository/RecAndPlayBk/Page-Vlink-Sale/input' is clicked on

2023-02-28 18:27:16 - [TEST_STEP][PASSED] - if (verifyTextPresent("invalid: amount", true)): null

2023-02-28 18:27:16 - [MESSAGE][PASSED] - Text 'invalid: amount' is present on page  using regular expression

2023-02-28 18:27:16 - [TEST_STEP][PASSED] - println("Parameter value(s) invalid: amount text is present on the Confirmation page"): null

2023-02-28 18:27:16 - [TEST_STEP][PASSED] - out.println("Pass Record Number: " + row): null

2023-02-28 18:27:16 - [TEST_STEP][PASSED] - resText = "Pass": null

2023-02-28 18:27:16 - [TEST_STEP][PASSED] - pages.WriteExcel.demoKey(resText, datText, resColumn, datCloumn, fileLoc, nameSheet, row): pages.WriteExcel.demoKey is PASSED

2023-02-28 18:27:16 - [MESSAGE][PASSED] - pages.WriteExcel.demoKey is PASSED

2023-02-28 18:27:16 - [TEST_STEP][PASSED] - ExecuteTC = findTestData(dataFile).getValue("Execute", row): null

2023-02-28 18:27:16 - [TEST_STEP][PASSED] - out.println("Value of Execute is : " + ExecuteTC): null

2023-02-28 18:27:16 - [TEST_STEP][PASSED] - switch (executionProfile): null

2023-02-28 18:27:16 - [TEST_STEP][PASSED] - case "Demo2Profile":: null

2023-02-28 18:27:16 - [TEST_STEP][PASSED] - appID = findTestData(dataFile).getValue("AppIDDemo", row): null

2023-02-28 18:27:16 - [TEST_STEP][PASSED] - username = findTestData(dataFile).getValue("UsernameDemo", row): null

2023-02-28 18:27:16 - [TEST_STEP][PASSED] - password = findTestData(dataFile).getValue("PasswordDemo", row): null

2023-02-28 18:27:16 - [TEST_STEP][PASSED] - break: null

2023-02-28 18:27:16 - [TEST_STEP][PASSED] - if (ExecuteTC.equalsIgnoreCase("Y")): null

2023-02-28 18:27:16 - [TEST_STEP][PASSED] - out.println("Begin Record Number: " + row): null

2023-02-28 18:27:16 - [TEST_STEP][PASSED] - today = new java.util.Date(): null

2023-02-28 18:27:16 - [TEST_STEP][PASSED] - println(today): null

2023-02-28 18:27:16 - [TEST_STEP][PASSED] - datText = today: null

2023-02-28 18:27:16 - [TEST_STEP][PASSED] - category = findTestData(dataFile).getValue("Category", row): null

2023-02-28 18:27:17 - [TEST_STEP][PASSED] - amount = findTestData(dataFile).getValue("Amount", row): null

2023-02-28 18:27:17 - [TEST_STEP][PASSED] - cardNumber = findTestData(dataFile).getValue("CardNumber", row): null

2023-02-28 18:27:17 - [TEST_STEP][PASSED] - exM = findTestData(dataFile).getValue("ExM", row): null

2023-02-28 18:27:17 - [TEST_STEP][PASSED] - exY = findTestData(dataFile).getValue("ExY", row): null

2023-02-28 18:27:17 - [TEST_STEP][PASSED] - openBrowser(VLinkURL + "authcap.html"): Browser is opened with url: 'https://dev-algorithm.govolution.com/vlinktest/demo2/version_2_0/authcap.html'

2023-02-28 18:27:17 - [MESSAGE][WARNING] - A browser is already opened. Closing browser and opening a new one

2023-02-28 18:27:18 - [MESSAGE][INFO] - Starting 'Chrome' driver

2023-02-28 18:27:18 - [MESSAGE][INFO] - User set preference: ['acceptInsecureCerts', 'true']

2023-02-28 18:27:18 - [MESSAGE][INFO] - Action delay is set to 0 milliseconds

2023-02-28 18:27:20 - [MESSAGE][PASSED] - Browser is opened with url: 'https://dev-algorithm.govolution.com/vlinktest/demo2/version_2_0/authcap.html'

2023-02-28 18:27:20 - [TEST_STEP][PASSED] - maximizeWindow(): Current window maximized

2023-02-28 18:27:20 - [MESSAGE][PASSED] - Current window maximized

2023-02-28 18:27:20 - [TEST_STEP][PASSED] - maximizeWindow(): Current window maximized

2023-02-28 18:27:20 - [MESSAGE][PASSED] - Current window maximized

2023-02-28 18:27:20 - [TEST_STEP][PASSED] - genRemID = RandomStringUtils.random(12, true, true): null

2023-02-28 18:27:20 - [TEST_STEP][PASSED] - setText(findTestObject("Object Repository/RecAndPlayBk/Page-Vlink-Sale/input_Remittance Id_remittance_id"), genRemID): Text 'w4jMNtz0hkBP' is set on object 'Object Repository/RecAndPlayBk/Page-Vlink-Sale/input_Remittance Id_remittance_id'

2023-02-28 18:27:21 - [MESSAGE][PASSED] - Text 'w4jMNtz0hkBP' is set on object 'Object Repository/RecAndPlayBk/Page-Vlink-Sale/input_Remittance Id_remittance_id'

2023-02-28 18:27:21 - [TEST_STEP][PASSED] - setText(findTestObject("Object Repository/RecAndPlayBk/Page-Vlink-Sale/input_Application Id_application_id"), appID): Text '1773' is set on object 'Object Repository/RecAndPlayBk/Page-Vlink-Sale/input_Application Id_application_id'

2023-02-28 18:27:21 - [MESSAGE][PASSED] - Text '1773' is set on object 'Object Repository/RecAndPlayBk/Page-Vlink-Sale/input_Application Id_application_id'

2023-02-28 18:27:21 - [TEST_STEP][PASSED] - setText(findTestObject("Object Repository/RecAndPlayBk/Page-Vlink-Sale/input_Username_username"), username): Text 'Qq2BV1qtr' is set on object 'Object Repository/RecAndPlayBk/Page-Vlink-Sale/input_Username_username'

2023-02-28 18:27:22 - [MESSAGE][PASSED] - Text 'Qq2BV1qtr' is set on object 'Object Repository/RecAndPlayBk/Page-Vlink-Sale/input_Username_username'

2023-02-28 18:27:22 - [TEST_STEP][PASSED] - setText(findTestObject("Object Repository/RecAndPlayBk/Page-Vlink-Sale/input_Password_password"), password): Text 'tUmWBiLUx' is set on object 'Object Repository/RecAndPlayBk/Page-Vlink-Sale/input_Password_password'

2023-02-28 18:27:23 - [MESSAGE][PASSED] - Text 'tUmWBiLUx' is set on object 'Object Repository/RecAndPlayBk/Page-Vlink-Sale/input_Password_password'

2023-02-28 18:27:23 - [TEST_STEP][PASSED] - setText(findTestObject("Object Repository/RecAndPlayBk/Page-Vlink-Sale/input_Category_category"), category): Text 'MOTO' is set on object 'Object Repository/RecAndPlayBk/Page-Vlink-Sale/input_Category_category'

2023-02-28 18:27:23 - [MESSAGE][PASSED] - Text 'MOTO' is set on object 'Object Repository/RecAndPlayBk/Page-Vlink-Sale/input_Category_category'

2023-02-28 18:27:23 - [TEST_STEP][PASSED] - setText(findTestObject("Object Repository/RecAndPlayBk/Page-Vlink-Sale/input_Amount_amount"), amount): Text '0' is set on object 'Object Repository/RecAndPlayBk/Page-Vlink-Sale/input_Amount_amount'

2023-02-28 18:27:24 - [MESSAGE][PASSED] - Text '0' is set on object 'Object Repository/RecAndPlayBk/Page-Vlink-Sale/input_Amount_amount'

2023-02-28 18:27:24 - [TEST_STEP][PASSED] - setText(findTestObject("Object Repository/RecAndPlayBk/Page-Vlink-Sale/input_Card number_card_number"), cardNumber): Text '5424000000000015' is set on object 'Object Repository/RecAndPlayBk/Page-Vlink-Sale/input_Card number_card_number'

2023-02-28 18:27:24 - [MESSAGE][PASSED] - Text '5424000000000015' is set on object 'Object Repository/RecAndPlayBk/Page-Vlink-Sale/input_Card number_card_number'

2023-02-28 18:27:24 - [TEST_STEP][PASSED] - setText(findTestObject("Object Repository/RecAndPlayBk/Page-Vlink-Sale/input_Card ex month_card_exmo"), exM): Text '12' is set on object 'Object Repository/RecAndPlayBk/Page-Vlink-Sale/input_Card ex month_card_exmo'

2023-02-28 18:27:25 - [MESSAGE][PASSED] - Text '12' is set on object 'Object Repository/RecAndPlayBk/Page-Vlink-Sale/input_Card ex month_card_exmo'

2023-02-28 18:27:25 - [TEST_STEP][PASSED] - setText(findTestObject("Object Repository/RecAndPlayBk/Page-Vlink-Sale/input_Card ex year_card_exyr"), exY): Text '2029' is set on object 'Object Repository/RecAndPlayBk/Page-Vlink-Sale/input_Card ex year_card_exyr'

2023-02-28 18:27:26 - [MESSAGE][PASSED] - Text '2029' is set on object 'Object Repository/RecAndPlayBk/Page-Vlink-Sale/input_Card ex year_card_exyr'

2023-02-28 18:27:26 - [TEST_STEP][PASSED] - setText(findTestObject("Object Repository/RecAndPlayBk/Page-Vlink-Sale/input_Track Data_track_data"), ""): Text '' is set on object 'Object Repository/RecAndPlayBk/Page-Vlink-Sale/input_Track Data_track_data'

2023-02-28 18:27:26 - [MESSAGE][PASSED] - Text '' is set on object 'Object Repository/RecAndPlayBk/Page-Vlink-Sale/input_Track Data_track_data'

2023-02-28 18:27:26 - [TEST_STEP][PASSED] - setText(findTestObject("Object Repository/RecAndPlayBk/Page-Vlink-Sale/input_concat(Cardholder, , s email)_email"), ""): Text '' is set on object 'Object Repository/RecAndPlayBk/Page-Vlink-Sale/input_concat(Cardholder, , s email)_email'

2023-02-28 18:27:27 - [MESSAGE][PASSED] - Text '' is set on object 'Object Repository/RecAndPlayBk/Page-Vlink-Sale/input_concat(Cardholder, , s email)_email'

2023-02-28 18:27:27 - [TEST_STEP][PASSED] - click(findTestObject("Object Repository/RecAndPlayBk/Page-Vlink-Sale/input_user_defined10_user_defined10")): Object: 'Object Repository/RecAndPlayBk/Page-Vlink-Sale/input_user_defined10_user_defined10' is clicked on

2023-02-28 18:27:27 - [MESSAGE][PASSED] - Object: 'Object Repository/RecAndPlayBk/Page-Vlink-Sale/input_user_defined10_user_defined10' is clicked on

2023-02-28 18:27:27 - [TEST_STEP][PASSED] - if (executionProfile.equalsIgnoreCase("QAProfile") || executionProfile.equalsIgnoreCase("DemoProfile")): null

2023-02-28 18:27:27 - [TEST_STEP][PASSED] - click(findTestObject("Object Repository/RecAndPlayBk/Page-Vlink-Sale/input")): Object: 'Object Repository/RecAndPlayBk/Page-Vlink-Sale/input' is clicked on

2023-02-28 18:27:28 - [MESSAGE][PASSED] - Object: 'Object Repository/RecAndPlayBk/Page-Vlink-Sale/input' is clicked on

2023-02-28 18:27:28 - [TEST_STEP][PASSED] - if (verifyTextPresent("invalid: amount", true)): null

2023-02-28 18:27:28 - [MESSAGE][PASSED] - Text 'invalid: amount' is present on page  using regular expression

2023-02-28 18:27:28 - [TEST_STEP][PASSED] - println("Parameter value(s) invalid: amount text is present on the Confirmation page"): null

2023-02-28 18:27:28 - [TEST_STEP][PASSED] - out.println("Pass Record Number: " + row): null

2023-02-28 18:27:28 - [TEST_STEP][PASSED] - resText = "Pass": null

2023-02-28 18:27:28 - [TEST_STEP][PASSED] - pages.WriteExcel.demoKey(resText, datText, resColumn, datCloumn, fileLoc, nameSheet, row): pages.WriteExcel.demoKey is PASSED

2023-02-28 18:27:28 - [MESSAGE][PASSED] - pages.WriteExcel.demoKey is PASSED

2023-02-28 18:27:28 - [TEST_STEP][PASSED] - ExecuteTC = findTestData(dataFile).getValue("Execute", row): null

2023-02-28 18:27:28 - [TEST_STEP][PASSED] - out.println("Value of Execute is : " + ExecuteTC): null

2023-02-28 18:27:28 - [TEST_STEP][PASSED] - switch (executionProfile): null

2023-02-28 18:27:28 - [TEST_STEP][PASSED] - case "Demo2Profile":: null

2023-02-28 18:27:28 - [TEST_STEP][PASSED] - appID = findTestData(dataFile).getValue("AppIDDemo", row): null

2023-02-28 18:27:28 - [TEST_STEP][PASSED] - username = findTestData(dataFile).getValue("UsernameDemo", row): null

2023-02-28 18:27:29 - [TEST_STEP][PASSED] - password = findTestData(dataFile).getValue("PasswordDemo", row): null

2023-02-28 18:27:29 - [TEST_STEP][PASSED] - break: null

2023-02-28 18:27:29 - [TEST_STEP][PASSED] - if (ExecuteTC.equalsIgnoreCase("Y")): null

2023-02-28 18:27:29 - [TEST_STEP][PASSED] - out.println("Begin Record Number: " + row): null

2023-02-28 18:27:29 - [TEST_STEP][PASSED] - today = new java.util.Date(): null

2023-02-28 18:27:29 - [TEST_STEP][PASSED] - println(today): null

2023-02-28 18:27:29 - [TEST_STEP][PASSED] - datText = today: null

2023-02-28 18:27:29 - [TEST_STEP][PASSED] - category = findTestData(dataFile).getValue("Category", row): null

2023-02-28 18:27:29 - [TEST_STEP][PASSED] - amount = findTestData(dataFile).getValue("Amount", row): null

2023-02-28 18:27:29 - [TEST_STEP][PASSED] - cardNumber = findTestData(dataFile).getValue("CardNumber", row): null

2023-02-28 18:27:29 - [TEST_STEP][PASSED] - exM = findTestData(dataFile).getValue("ExM", row): null

2023-02-28 18:27:29 - [TEST_STEP][PASSED] - exY = findTestData(dataFile).getValue("ExY", row): null

2023-02-28 18:27:29 - [TEST_STEP][PASSED] - openBrowser(VLinkURL + "authcap.html"): Browser is opened with url: 'https://dev-algorithm.govolution.com/vlinktest/demo2/version_2_0/authcap.html'

2023-02-28 18:27:29 - [MESSAGE][WARNING] - A browser is already opened. Closing browser and opening a new one

2023-02-28 18:27:30 - [MESSAGE][INFO] - Starting 'Chrome' driver

2023-02-28 18:27:30 - [MESSAGE][INFO] - User set preference: ['acceptInsecureCerts', 'true']

2023-02-28 18:27:30 - [MESSAGE][INFO] - Action delay is set to 0 milliseconds

2023-02-28 18:27:32 - [MESSAGE][PASSED] - Browser is opened with url: 'https://dev-algorithm.govolution.com/vlinktest/demo2/version_2_0/authcap.html'

2023-02-28 18:27:32 - [TEST_STEP][PASSED] - maximizeWindow(): Current window maximized

2023-02-28 18:27:32 - [MESSAGE][PASSED] - Current window maximized

2023-02-28 18:27:32 - [TEST_STEP][PASSED] - maximizeWindow(): Current window maximized

2023-02-28 18:27:32 - [MESSAGE][PASSED] - Current window maximized

2023-02-28 18:27:32 - [TEST_STEP][PASSED] - genRemID = RandomStringUtils.random(12, true, true): null

2023-02-28 18:27:32 - [TEST_STEP][PASSED] - setText(findTestObject("Object Repository/RecAndPlayBk/Page-Vlink-Sale/input_Remittance Id_remittance_id"), genRemID): Text '2hMoA6mqfr34' is set on object 'Object Repository/RecAndPlayBk/Page-Vlink-Sale/input_Remittance Id_remittance_id'

2023-02-28 18:27:33 - [MESSAGE][PASSED] - Text '2hMoA6mqfr34' is set on object 'Object Repository/RecAndPlayBk/Page-Vlink-Sale/input_Remittance Id_remittance_id'

2023-02-28 18:27:33 - [TEST_STEP][PASSED] - setText(findTestObject("Object Repository/RecAndPlayBk/Page-Vlink-Sale/input_Application Id_application_id"), appID): Text '1773' is set on object 'Object Repository/RecAndPlayBk/Page-Vlink-Sale/input_Application Id_application_id'

2023-02-28 18:27:34 - [MESSAGE][PASSED] - Text '1773' is set on object 'Object Repository/RecAndPlayBk/Page-Vlink-Sale/input_Application Id_application_id'

2023-02-28 18:27:34 - [TEST_STEP][PASSED] - setText(findTestObject("Object Repository/RecAndPlayBk/Page-Vlink-Sale/input_Username_username"), username): Text 'Qq2BV1qtr' is set on object 'Object Repository/RecAndPlayBk/Page-Vlink-Sale/input_Username_username'

2023-02-28 18:27:34 - [MESSAGE][PASSED] - Text 'Qq2BV1qtr' is set on object 'Object Repository/RecAndPlayBk/Page-Vlink-Sale/input_Username_username'

2023-02-28 18:27:34 - [TEST_STEP][PASSED] - setText(findTestObject("Object Repository/RecAndPlayBk/Page-Vlink-Sale/input_Password_password"), password): Text 'tUmWBiLUx' is set on object 'Object Repository/RecAndPlayBk/Page-Vlink-Sale/input_Password_password'

2023-02-28 18:27:35 - [MESSAGE][PASSED] - Text 'tUmWBiLUx' is set on object 'Object Repository/RecAndPlayBk/Page-Vlink-Sale/input_Password_password'

2023-02-28 18:27:35 - [TEST_STEP][PASSED] - setText(findTestObject("Object Repository/RecAndPlayBk/Page-Vlink-Sale/input_Category_category"), category): Text 'RETL' is set on object 'Object Repository/RecAndPlayBk/Page-Vlink-Sale/input_Category_category'

2023-02-28 18:27:35 - [MESSAGE][PASSED] - Text 'RETL' is set on object 'Object Repository/RecAndPlayBk/Page-Vlink-Sale/input_Category_category'

2023-02-28 18:27:35 - [TEST_STEP][PASSED] - setText(findTestObject("Object Repository/RecAndPlayBk/Page-Vlink-Sale/input_Amount_amount"), amount): Text '0' is set on object 'Object Repository/RecAndPlayBk/Page-Vlink-Sale/input_Amount_amount'

2023-02-28 18:27:36 - [MESSAGE][PASSED] - Text '0' is set on object 'Object Repository/RecAndPlayBk/Page-Vlink-Sale/input_Amount_amount'

2023-02-28 18:27:36 - [TEST_STEP][PASSED] - setText(findTestObject("Object Repository/RecAndPlayBk/Page-Vlink-Sale/input_Card number_card_number"), cardNumber): Text '370000000000002' is set on object 'Object Repository/RecAndPlayBk/Page-Vlink-Sale/input_Card number_card_number'

2023-02-28 18:27:37 - [MESSAGE][PASSED] - Text '370000000000002' is set on object 'Object Repository/RecAndPlayBk/Page-Vlink-Sale/input_Card number_card_number'

2023-02-28 18:27:37 - [TEST_STEP][PASSED] - setText(findTestObject("Object Repository/RecAndPlayBk/Page-Vlink-Sale/input_Card ex month_card_exmo"), exM): Text '12' is set on object 'Object Repository/RecAndPlayBk/Page-Vlink-Sale/input_Card ex month_card_exmo'

2023-02-28 18:27:37 - [MESSAGE][PASSED] - Text '12' is set on object 'Object Repository/RecAndPlayBk/Page-Vlink-Sale/input_Card ex month_card_exmo'

2023-02-28 18:27:37 - [TEST_STEP][PASSED] - setText(findTestObject("Object Repository/RecAndPlayBk/Page-Vlink-Sale/input_Card ex year_card_exyr"), exY): Text '2029' is set on object 'Object Repository/RecAndPlayBk/Page-Vlink-Sale/input_Card ex year_card_exyr'

2023-02-28 18:27:38 - [MESSAGE][PASSED] - Text '2029' is set on object 'Object Repository/RecAndPlayBk/Page-Vlink-Sale/input_Card ex year_card_exyr'

2023-02-28 18:27:38 - [TEST_STEP][PASSED] - setText(findTestObject("Object Repository/RecAndPlayBk/Page-Vlink-Sale/input_Track Data_track_data"), ""): Text '' is set on object 'Object Repository/RecAndPlayBk/Page-Vlink-Sale/input_Track Data_track_data'

2023-02-28 18:27:39 - [MESSAGE][PASSED] - Text '' is set on object 'Object Repository/RecAndPlayBk/Page-Vlink-Sale/input_Track Data_track_data'

2023-02-28 18:27:39 - [TEST_STEP][PASSED] - setText(findTestObject("Object Repository/RecAndPlayBk/Page-Vlink-Sale/input_concat(Cardholder, , s email)_email"), ""): Text '' is set on object 'Object Repository/RecAndPlayBk/Page-Vlink-Sale/input_concat(Cardholder, , s email)_email'

2023-02-28 18:27:39 - [MESSAGE][PASSED] - Text '' is set on object 'Object Repository/RecAndPlayBk/Page-Vlink-Sale/input_concat(Cardholder, , s email)_email'

2023-02-28 18:27:39 - [TEST_STEP][PASSED] - click(findTestObject("Object Repository/RecAndPlayBk/Page-Vlink-Sale/input_user_defined10_user_defined10")): Object: 'Object Repository/RecAndPlayBk/Page-Vlink-Sale/input_user_defined10_user_defined10' is clicked on

2023-02-28 18:27:39 - [MESSAGE][PASSED] - Object: 'Object Repository/RecAndPlayBk/Page-Vlink-Sale/input_user_defined10_user_defined10' is clicked on

2023-02-28 18:27:39 - [TEST_STEP][PASSED] - if (executionProfile.equalsIgnoreCase("QAProfile") || executionProfile.equalsIgnoreCase("DemoProfile")): null

2023-02-28 18:27:39 - [TEST_STEP][PASSED] - click(findTestObject("Object Repository/RecAndPlayBk/Page-Vlink-Sale/input")): Object: 'Object Repository/RecAndPlayBk/Page-Vlink-Sale/input' is clicked on

2023-02-28 18:27:40 - [MESSAGE][PASSED] - Object: 'Object Repository/RecAndPlayBk/Page-Vlink-Sale/input' is clicked on

2023-02-28 18:27:40 - [TEST_STEP][PASSED] - if (verifyTextPresent("invalid: amount", true)): null

2023-02-28 18:27:40 - [MESSAGE][PASSED] - Text 'invalid: amount' is present on page  using regular expression

2023-02-28 18:27:40 - [TEST_STEP][PASSED] - println("Parameter value(s) invalid: amount text is present on the Confirmation page"): null

2023-02-28 18:27:40 - [TEST_STEP][PASSED] - out.println("Pass Record Number: " + row): null

2023-02-28 18:27:40 - [TEST_STEP][PASSED] - resText = "Pass": null

2023-02-28 18:27:40 - [TEST_STEP][PASSED] - pages.WriteExcel.demoKey(resText, datText, resColumn, datCloumn, fileLoc, nameSheet, row): pages.WriteExcel.demoKey is PASSED

2023-02-28 18:27:40 - [MESSAGE][PASSED] - pages.WriteExcel.demoKey is PASSED

2023-02-28 18:27:40 - [TEST_STEP][PASSED] - ExecuteTC = findTestData(dataFile).getValue("Execute", row): null

2023-02-28 18:27:41 - [TEST_STEP][PASSED] - out.println("Value of Execute is : " + ExecuteTC): null

2023-02-28 18:27:41 - [TEST_STEP][PASSED] - switch (executionProfile): null

2023-02-28 18:27:41 - [TEST_STEP][PASSED] - case "Demo2Profile":: null

2023-02-28 18:27:41 - [TEST_STEP][PASSED] - appID = findTestData(dataFile).getValue("AppIDDemo", row): null

2023-02-28 18:27:41 - [TEST_STEP][PASSED] - username = findTestData(dataFile).getValue("UsernameDemo", row): null

2023-02-28 18:27:41 - [TEST_STEP][PASSED] - password = findTestData(dataFile).getValue("PasswordDemo", row): null

2023-02-28 18:27:41 - [TEST_STEP][PASSED] - break: null

2023-02-28 18:27:41 - [TEST_STEP][PASSED] - if (ExecuteTC.equalsIgnoreCase("Y")): null

2023-02-28 18:27:41 - [TEST_STEP][PASSED] - out.println("Begin Record Number: " + row): null

2023-02-28 18:27:41 - [TEST_STEP][PASSED] - today = new java.util.Date(): null

2023-02-28 18:27:41 - [TEST_STEP][PASSED] - println(today): null

2023-02-28 18:27:41 - [TEST_STEP][PASSED] - datText = today: null

2023-02-28 18:27:41 - [TEST_STEP][PASSED] - category = findTestData(dataFile).getValue("Category", row): null

2023-02-28 18:27:41 - [TEST_STEP][PASSED] - amount = findTestData(dataFile).getValue("Amount", row): null

2023-02-28 18:27:41 - [TEST_STEP][PASSED] - cardNumber = findTestData(dataFile).getValue("CardNumber", row): null

2023-02-28 18:27:41 - [TEST_STEP][PASSED] - exM = findTestData(dataFile).getValue("ExM", row): null

2023-02-28 18:27:41 - [TEST_STEP][PASSED] - exY = findTestData(dataFile).getValue("ExY", row): null

2023-02-28 18:27:41 - [TEST_STEP][PASSED] - openBrowser(VLinkURL + "authcap.html"): Browser is opened with url: 'https://dev-algorithm.govolution.com/vlinktest/demo2/version_2_0/authcap.html'

2023-02-28 18:27:41 - [MESSAGE][WARNING] - A browser is already opened. Closing browser and opening a new one

2023-02-28 18:27:42 - [MESSAGE][INFO] - Starting 'Chrome' driver

2023-02-28 18:27:42 - [MESSAGE][INFO] - User set preference: ['acceptInsecureCerts', 'true']

2023-02-28 18:27:42 - [MESSAGE][INFO] - Action delay is set to 0 milliseconds

2023-02-28 18:27:44 - [MESSAGE][PASSED] - Browser is opened with url: 'https://dev-algorithm.govolution.com/vlinktest/demo2/version_2_0/authcap.html'

2023-02-28 18:27:44 - [TEST_STEP][PASSED] - maximizeWindow(): Current window maximized

2023-02-28 18:27:44 - [MESSAGE][PASSED] - Current window maximized

2023-02-28 18:27:44 - [TEST_STEP][PASSED] - maximizeWindow(): Current window maximized

2023-02-28 18:27:44 - [MESSAGE][PASSED] - Current window maximized

2023-02-28 18:27:44 - [TEST_STEP][PASSED] - genRemID = RandomStringUtils.random(12, true, true): null

2023-02-28 18:27:44 - [TEST_STEP][PASSED] - setText(findTestObject("Object Repository/RecAndPlayBk/Page-Vlink-Sale/input_Remittance Id_remittance_id"), genRemID): Text 'FBAAeT9ScXH4' is set on object 'Object Repository/RecAndPlayBk/Page-Vlink-Sale/input_Remittance Id_remittance_id'

2023-02-28 18:27:45 - [MESSAGE][PASSED] - Text 'FBAAeT9ScXH4' is set on object 'Object Repository/RecAndPlayBk/Page-Vlink-Sale/input_Remittance Id_remittance_id'

2023-02-28 18:27:45 - [TEST_STEP][PASSED] - setText(findTestObject("Object Repository/RecAndPlayBk/Page-Vlink-Sale/input_Application Id_application_id"), appID): Text '2435' is set on object 'Object Repository/RecAndPlayBk/Page-Vlink-Sale/input_Application Id_application_id'

2023-02-28 18:27:46 - [MESSAGE][PASSED] - Text '2435' is set on object 'Object Repository/RecAndPlayBk/Page-Vlink-Sale/input_Application Id_application_id'

2023-02-28 18:27:46 - [TEST_STEP][PASSED] - setText(findTestObject("Object Repository/RecAndPlayBk/Page-Vlink-Sale/input_Username_username"), username): Text 'health' is set on object 'Object Repository/RecAndPlayBk/Page-Vlink-Sale/input_Username_username'

2023-02-28 18:27:46 - [MESSAGE][PASSED] - Text 'health' is set on object 'Object Repository/RecAndPlayBk/Page-Vlink-Sale/input_Username_username'

2023-02-28 18:27:46 - [TEST_STEP][PASSED] - setText(findTestObject("Object Repository/RecAndPlayBk/Page-Vlink-Sale/input_Password_password"), password): Text '11111111' is set on object 'Object Repository/RecAndPlayBk/Page-Vlink-Sale/input_Password_password'

2023-02-28 18:27:47 - [MESSAGE][PASSED] - Text '11111111' is set on object 'Object Repository/RecAndPlayBk/Page-Vlink-Sale/input_Password_password'

2023-02-28 18:27:47 - [TEST_STEP][PASSED] - setText(findTestObject("Object Repository/RecAndPlayBk/Page-Vlink-Sale/input_Category_category"), category): Text 'ECOM' is set on object 'Object Repository/RecAndPlayBk/Page-Vlink-Sale/input_Category_category'

2023-02-28 18:27:47 - [MESSAGE][PASSED] - Text 'ECOM' is set on object 'Object Repository/RecAndPlayBk/Page-Vlink-Sale/input_Category_category'

2023-02-28 18:27:47 - [TEST_STEP][PASSED] - setText(findTestObject("Object Repository/RecAndPlayBk/Page-Vlink-Sale/input_Amount_amount"), amount): Text '0' is set on object 'Object Repository/RecAndPlayBk/Page-Vlink-Sale/input_Amount_amount'

2023-02-28 18:27:48 - [MESSAGE][PASSED] - Text '0' is set on object 'Object Repository/RecAndPlayBk/Page-Vlink-Sale/input_Amount_amount'

2023-02-28 18:27:48 - [TEST_STEP][PASSED] - setText(findTestObject("Object Repository/RecAndPlayBk/Page-Vlink-Sale/input_Card number_card_number"), cardNumber): Text '4012000098765439' is set on object 'Object Repository/RecAndPlayBk/Page-Vlink-Sale/input_Card number_card_number'

2023-02-28 18:27:49 - [MESSAGE][PASSED] - Text '4012000098765439' is set on object 'Object Repository/RecAndPlayBk/Page-Vlink-Sale/input_Card number_card_number'

2023-02-28 18:27:49 - [TEST_STEP][PASSED] - setText(findTestObject("Object Repository/RecAndPlayBk/Page-Vlink-Sale/input_Card ex month_card_exmo"), exM): Text '12' is set on object 'Object Repository/RecAndPlayBk/Page-Vlink-Sale/input_Card ex month_card_exmo'

2023-02-28 18:27:49 - [MESSAGE][PASSED] - Text '12' is set on object 'Object Repository/RecAndPlayBk/Page-Vlink-Sale/input_Card ex month_card_exmo'

2023-02-28 18:27:49 - [TEST_STEP][PASSED] - setText(findTestObject("Object Repository/RecAndPlayBk/Page-Vlink-Sale/input_Card ex year_card_exyr"), exY): Text '2029' is set on object 'Object Repository/RecAndPlayBk/Page-Vlink-Sale/input_Card ex year_card_exyr'

2023-02-28 18:27:50 - [MESSAGE][PASSED] - Text '2029' is set on object 'Object Repository/RecAndPlayBk/Page-Vlink-Sale/input_Card ex year_card_exyr'

2023-02-28 18:27:50 - [TEST_STEP][PASSED] - setText(findTestObject("Object Repository/RecAndPlayBk/Page-Vlink-Sale/input_Track Data_track_data"), ""): Text '' is set on object 'Object Repository/RecAndPlayBk/Page-Vlink-Sale/input_Track Data_track_data'

2023-02-28 18:27:50 - [MESSAGE][PASSED] - Text '' is set on object 'Object Repository/RecAndPlayBk/Page-Vlink-Sale/input_Track Data_track_data'

2023-02-28 18:27:50 - [TEST_STEP][PASSED] - setText(findTestObject("Object Repository/RecAndPlayBk/Page-Vlink-Sale/input_concat(Cardholder, , s email)_email"), ""): Text '' is set on object 'Object Repository/RecAndPlayBk/Page-Vlink-Sale/input_concat(Cardholder, , s email)_email'

2023-02-28 18:27:51 - [MESSAGE][PASSED] - Text '' is set on object 'Object Repository/RecAndPlayBk/Page-Vlink-Sale/input_concat(Cardholder, , s email)_email'

2023-02-28 18:27:51 - [TEST_STEP][PASSED] - click(findTestObject("Object Repository/RecAndPlayBk/Page-Vlink-Sale/input_user_defined10_user_defined10")): Object: 'Object Repository/RecAndPlayBk/Page-Vlink-Sale/input_user_defined10_user_defined10' is clicked on

2023-02-28 18:27:51 - [MESSAGE][PASSED] - Object: 'Object Repository/RecAndPlayBk/Page-Vlink-Sale/input_user_defined10_user_defined10' is clicked on

2023-02-28 18:27:51 - [TEST_STEP][PASSED] - if (executionProfile.equalsIgnoreCase("QAProfile") || executionProfile.equalsIgnoreCase("DemoProfile")): null

2023-02-28 18:27:51 - [TEST_STEP][PASSED] - click(findTestObject("Object Repository/RecAndPlayBk/Page-Vlink-Sale/input")): Object: 'Object Repository/RecAndPlayBk/Page-Vlink-Sale/input' is clicked on

2023-02-28 18:27:52 - [MESSAGE][PASSED] - Object: 'Object Repository/RecAndPlayBk/Page-Vlink-Sale/input' is clicked on

2023-02-28 18:27:52 - [TEST_STEP][PASSED] - if (verifyTextPresent("invalid: amount", true)): null

2023-02-28 18:27:52 - [MESSAGE][PASSED] - Text 'invalid: amount' is present on page  using regular expression

2023-02-28 18:27:52 - [TEST_STEP][PASSED] - println("Parameter value(s) invalid: amount text is present on the Confirmation page"): null

2023-02-28 18:27:52 - [TEST_STEP][PASSED] - out.println("Pass Record Number: " + row): null

2023-02-28 18:27:52 - [TEST_STEP][PASSED] - resText = "Pass": null

2023-02-28 18:27:52 - [TEST_STEP][PASSED] - pages.WriteExcel.demoKey(resText, datText, resColumn, datCloumn, fileLoc, nameSheet, row): pages.WriteExcel.demoKey is PASSED

2023-02-28 18:27:52 - [MESSAGE][PASSED] - pages.WriteExcel.demoKey is PASSED

2023-02-28 18:27:52 - [TEST_STEP][PASSED] - ExecuteTC = findTestData(dataFile).getValue("Execute", row): null

2023-02-28 18:27:53 - [TEST_STEP][PASSED] - out.println("Value of Execute is : " + ExecuteTC): null

2023-02-28 18:27:53 - [TEST_STEP][PASSED] - switch (executionProfile): null

2023-02-28 18:27:53 - [TEST_STEP][PASSED] - case "Demo2Profile":: null

2023-02-28 18:27:53 - [TEST_STEP][PASSED] - appID = findTestData(dataFile).getValue("AppIDDemo", row): null

2023-02-28 18:27:53 - [TEST_STEP][PASSED] - username = findTestData(dataFile).getValue("UsernameDemo", row): null

2023-02-28 18:27:53 - [TEST_STEP][PASSED] - password = findTestData(dataFile).getValue("PasswordDemo", row): null

2023-02-28 18:27:53 - [TEST_STEP][PASSED] - break: null

2023-02-28 18:27:53 - [TEST_STEP][PASSED] - if (ExecuteTC.equalsIgnoreCase("Y")): null

2023-02-28 18:27:53 - [TEST_STEP][PASSED] - out.println("Begin Record Number: " + row): null

2023-02-28 18:27:53 - [TEST_STEP][PASSED] - today = new java.util.Date(): null

2023-02-28 18:27:53 - [TEST_STEP][PASSED] - println(today): null

2023-02-28 18:27:53 - [TEST_STEP][PASSED] - datText = today: null

2023-02-28 18:27:53 - [TEST_STEP][PASSED] - category = findTestData(dataFile).getValue("Category", row): null

2023-02-28 18:27:53 - [TEST_STEP][PASSED] - amount = findTestData(dataFile).getValue("Amount", row): null

2023-02-28 18:27:53 - [TEST_STEP][PASSED] - cardNumber = findTestData(dataFile).getValue("CardNumber", row): null

2023-02-28 18:27:53 - [TEST_STEP][PASSED] - exM = findTestData(dataFile).getValue("ExM", row): null

2023-02-28 18:27:53 - [TEST_STEP][PASSED] - exY = findTestData(dataFile).getValue("ExY", row): null

2023-02-28 18:27:53 - [TEST_STEP][PASSED] - openBrowser(VLinkURL + "authcap.html"): Browser is opened with url: 'https://dev-algorithm.govolution.com/vlinktest/demo2/version_2_0/authcap.html'

2023-02-28 18:27:53 - [MESSAGE][WARNING] - A browser is already opened. Closing browser and opening a new one

2023-02-28 18:27:54 - [MESSAGE][INFO] - Starting 'Chrome' driver

2023-02-28 18:27:54 - [MESSAGE][INFO] - User set preference: ['acceptInsecureCerts', 'true']

2023-02-28 18:27:54 - [MESSAGE][INFO] - Action delay is set to 0 milliseconds

2023-02-28 18:27:56 - [MESSAGE][PASSED] - Browser is opened with url: 'https://dev-algorithm.govolution.com/vlinktest/demo2/version_2_0/authcap.html'

2023-02-28 18:27:56 - [TEST_STEP][PASSED] - maximizeWindow(): Current window maximized

2023-02-28 18:27:56 - [MESSAGE][PASSED] - Current window maximized

2023-02-28 18:27:56 - [TEST_STEP][PASSED] - maximizeWindow(): Current window maximized

2023-02-28 18:27:56 - [MESSAGE][PASSED] - Current window maximized

2023-02-28 18:27:56 - [TEST_STEP][PASSED] - genRemID = RandomStringUtils.random(12, true, true): null

2023-02-28 18:27:56 - [TEST_STEP][PASSED] - setText(findTestObject("Object Repository/RecAndPlayBk/Page-Vlink-Sale/input_Remittance Id_remittance_id"), genRemID): Text '9xpXgh4b8IXT' is set on object 'Object Repository/RecAndPlayBk/Page-Vlink-Sale/input_Remittance Id_remittance_id'

2023-02-28 18:27:57 - [MESSAGE][PASSED] - Text '9xpXgh4b8IXT' is set on object 'Object Repository/RecAndPlayBk/Page-Vlink-Sale/input_Remittance Id_remittance_id'

2023-02-28 18:27:57 - [TEST_STEP][PASSED] - setText(findTestObject("Object Repository/RecAndPlayBk/Page-Vlink-Sale/input_Application Id_application_id"), appID): Text '3136' is set on object 'Object Repository/RecAndPlayBk/Page-Vlink-Sale/input_Application Id_application_id'

2023-02-28 18:27:58 - [MESSAGE][PASSED] - Text '3136' is set on object 'Object Repository/RecAndPlayBk/Page-Vlink-Sale/input_Application Id_application_id'

2023-02-28 18:27:58 - [TEST_STEP][PASSED] - setText(findTestObject("Object Repository/RecAndPlayBk/Page-Vlink-Sale/input_Username_username"), username): Text 'user3136' is set on object 'Object Repository/RecAndPlayBk/Page-Vlink-Sale/input_Username_username'

2023-02-28 18:27:58 - [MESSAGE][PASSED] - Text 'user3136' is set on object 'Object Repository/RecAndPlayBk/Page-Vlink-Sale/input_Username_username'

2023-02-28 18:27:58 - [TEST_STEP][PASSED] - setText(findTestObject("Object Repository/RecAndPlayBk/Page-Vlink-Sale/input_Password_password"), password): Text 'pwd3136' is set on object 'Object Repository/RecAndPlayBk/Page-Vlink-Sale/input_Password_password'

2023-02-28 18:27:59 - [MESSAGE][PASSED] - Text 'pwd3136' is set on object 'Object Repository/RecAndPlayBk/Page-Vlink-Sale/input_Password_password'

2023-02-28 18:27:59 - [TEST_STEP][PASSED] - setText(findTestObject("Object Repository/RecAndPlayBk/Page-Vlink-Sale/input_Category_category"), category): Text 'ECOM' is set on object 'Object Repository/RecAndPlayBk/Page-Vlink-Sale/input_Category_category'

2023-02-28 18:27:59 - [MESSAGE][PASSED] - Text 'ECOM' is set on object 'Object Repository/RecAndPlayBk/Page-Vlink-Sale/input_Category_category'

2023-02-28 18:27:59 - [TEST_STEP][PASSED] - setText(findTestObject("Object Repository/RecAndPlayBk/Page-Vlink-Sale/input_Amount_amount"), amount): Text '0' is set on object 'Object Repository/RecAndPlayBk/Page-Vlink-Sale/input_Amount_amount'

2023-02-28 18:28:00 - [MESSAGE][PASSED] - Text '0' is set on object 'Object Repository/RecAndPlayBk/Page-Vlink-Sale/input_Amount_amount'

2023-02-28 18:28:00 - [TEST_STEP][PASSED] - setText(findTestObject("Object Repository/RecAndPlayBk/Page-Vlink-Sale/input_Card number_card_number"), cardNumber): Text '5146312200000035' is set on object 'Object Repository/RecAndPlayBk/Page-Vlink-Sale/input_Card number_card_number'

2023-02-28 18:28:01 - [MESSAGE][PASSED] - Text '5146312200000035' is set on object 'Object Repository/RecAndPlayBk/Page-Vlink-Sale/input_Card number_card_number'

2023-02-28 18:28:01 - [TEST_STEP][PASSED] - setText(findTestObject("Object Repository/RecAndPlayBk/Page-Vlink-Sale/input_Card ex month_card_exmo"), exM): Text '12' is set on object 'Object Repository/RecAndPlayBk/Page-Vlink-Sale/input_Card ex month_card_exmo'

2023-02-28 18:28:01 - [MESSAGE][PASSED] - Text '12' is set on object 'Object Repository/RecAndPlayBk/Page-Vlink-Sale/input_Card ex month_card_exmo'

2023-02-28 18:28:01 - [TEST_STEP][PASSED] - setText(findTestObject("Object Repository/RecAndPlayBk/Page-Vlink-Sale/input_Card ex year_card_exyr"), exY): Text '2029' is set on object 'Object Repository/RecAndPlayBk/Page-Vlink-Sale/input_Card ex year_card_exyr'

2023-02-28 18:28:02 - [MESSAGE][PASSED] - Text '2029' is set on object 'Object Repository/RecAndPlayBk/Page-Vlink-Sale/input_Card ex year_card_exyr'

2023-02-28 18:28:02 - [TEST_STEP][PASSED] - setText(findTestObject("Object Repository/RecAndPlayBk/Page-Vlink-Sale/input_Track Data_track_data"), ""): Text '' is set on object 'Object Repository/RecAndPlayBk/Page-Vlink-Sale/input_Track Data_track_data'

2023-02-28 18:28:03 - [MESSAGE][PASSED] - Text '' is set on object 'Object Repository/RecAndPlayBk/Page-Vlink-Sale/input_Track Data_track_data'

2023-02-28 18:28:03 - [TEST_STEP][PASSED] - setText(findTestObject("Object Repository/RecAndPlayBk/Page-Vlink-Sale/input_concat(Cardholder, , s email)_email"), ""): Text '' is set on object 'Object Repository/RecAndPlayBk/Page-Vlink-Sale/input_concat(Cardholder, , s email)_email'

2023-02-28 18:28:03 - [MESSAGE][PASSED] - Text '' is set on object 'Object Repository/RecAndPlayBk/Page-Vlink-Sale/input_concat(Cardholder, , s email)_email'

2023-02-28 18:28:03 - [TEST_STEP][PASSED] - click(findTestObject("Object Repository/RecAndPlayBk/Page-Vlink-Sale/input_user_defined10_user_defined10")): Object: 'Object Repository/RecAndPlayBk/Page-Vlink-Sale/input_user_defined10_user_defined10' is clicked on

2023-02-28 18:28:03 - [MESSAGE][PASSED] - Object: 'Object Repository/RecAndPlayBk/Page-Vlink-Sale/input_user_defined10_user_defined10' is clicked on

2023-02-28 18:28:03 - [TEST_STEP][PASSED] - if (executionProfile.equalsIgnoreCase("QAProfile") || executionProfile.equalsIgnoreCase("DemoProfile")): null

2023-02-28 18:28:03 - [TEST_STEP][PASSED] - click(findTestObject("Object Repository/RecAndPlayBk/Page-Vlink-Sale/input")): Object: 'Object Repository/RecAndPlayBk/Page-Vlink-Sale/input' is clicked on

2023-02-28 18:28:04 - [MESSAGE][PASSED] - Object: 'Object Repository/RecAndPlayBk/Page-Vlink-Sale/input' is clicked on

2023-02-28 18:28:04 - [TEST_STEP][PASSED] - if (verifyTextPresent("invalid: amount", true)): null

2023-02-28 18:28:04 - [MESSAGE][PASSED] - Text 'invalid: amount' is present on page  using regular expression

2023-02-28 18:28:04 - [TEST_STEP][PASSED] - println("Parameter value(s) invalid: amount text is present on the Confirmation page"): null

2023-02-28 18:28:04 - [TEST_STEP][PASSED] - out.println("Pass Record Number: " + row): null

2023-02-28 18:28:04 - [TEST_STEP][PASSED] - resText = "Pass": null

2023-02-28 18:28:04 - [TEST_STEP][PASSED] - pages.WriteExcel.demoKey(resText, datText, resColumn, datCloumn, fileLoc, nameSheet, row): pages.WriteExcel.demoKey is PASSED

2023-02-28 18:28:04 - [MESSAGE][PASSED] - pages.WriteExcel.demoKey is PASSED]]></system-out>
         <system-err><![CDATA[]]></system-err>
      </testcase>
      <testcase name="Test Cases/RecAndPlayBk/VLink/Sale-Void-NoTranxID" time="102.671" classname="Test Cases/RecAndPlayBk/VLink/Sale-Void-NoTranxID" status="FAILED">
         <failure type="FAILED" message="Test Cases/RecAndPlayBk/VLink/Sale-Void-NoTranxID FAILED.
Reason:
com.kms.katalon.core.exception.StepFailedException: Text 'Transaction approved, no errors' is not present on page  using regular expression (Root cause: com.kms.katalon.core.exception.StepFailedException: Text 'Transaction approved, no errors' is not present on page  using regular expression
	at com.kms.katalon.core.webui.keyword.internal.WebUIKeywordMain.stepFailed(WebUIKeywordMain.groovy:64)
	at com.kms.katalon.core.webui.keyword.builtin.VerifyTextPresentKeyword$_verifyTextPresent_closure1.doCall(VerifyTextPresentKeyword.groovy:79)
	at com.kms.katalon.core.webui.keyword.builtin.VerifyTextPresentKeyword$_verifyTextPresent_closure1.call(VerifyTextPresentKeyword.groovy)
	at com.kms.katalon.core.webui.keyword.internal.WebUIKeywordMain.runKeyword(WebUIKeywordMain.groovy:20)
	at com.kms.katalon.core.webui.keyword.builtin.VerifyTextPresentKeyword.verifyTextPresent(VerifyTextPresentKeyword.groovy:83)
	at com.kms.katalon.core.webui.keyword.builtin.VerifyTextPresentKeyword.execute(VerifyTextPresentKeyword.groovy:68)
	at com.kms.katalon.core.keyword.internal.KeywordExecutor.executeKeywordForPlatform(KeywordExecutor.groovy:74)
	at com.kms.katalon.core.webui.keyword.WebUiBuiltInKeywords.verifyTextPresent(WebUiBuiltInKeywords.groovy:1723)
	at com.kms.katalon.core.webui.keyword.WebUiBuiltInKeywords$verifyTextPresent$4.call(Unknown Source)
	at Sale-Void-NoTranxID.run(Sale-Void-NoTranxID:161)
	at com.kms.katalon.core.main.ScriptEngine.run(ScriptEngine.java:194)
	at com.kms.katalon.core.main.ScriptEngine.runScriptAsRawText(ScriptEngine.java:119)
	at com.kms.katalon.core.main.TestCaseExecutor.runScript(TestCaseExecutor.java:442)
	at com.kms.katalon.core.main.TestCaseExecutor.doExecute(TestCaseExecutor.java:433)
	at com.kms.katalon.core.main.TestCaseExecutor.processExecutionPhase(TestCaseExecutor.java:412)
	at com.kms.katalon.core.main.TestCaseExecutor.accessMainPhase(TestCaseExecutor.java:404)
	at com.kms.katalon.core.main.TestCaseExecutor.execute(TestCaseExecutor.java:281)
	at com.kms.katalon.core.main.TestSuiteExecutor.accessTestCaseMainPhase(TestSuiteExecutor.java:202)
	at com.kms.katalon.core.main.TestSuiteExecutor.accessTestSuiteMainPhase(TestSuiteExecutor.java:164)
	at com.kms.katalon.core.main.TestSuiteExecutor.execute(TestSuiteExecutor.java:105)
	at com.kms.katalon.core.main.TestCaseMain.startTestSuite(TestCaseMain.java:185)
	at com.kms.katalon.core.main.TestCaseMain$startTestSuite$0.call(Unknown Source)
	at TempTestSuite1677626298320.run(TempTestSuite1677626298320.groovy:36)
)
	at com.kms.katalon.core.keyword.internal.KeywordMain.stepFailed(KeywordMain.groovy:39)
	at com.kms.katalon.core.webui.keyword.internal.WebUIKeywordMain.stepFailed(WebUIKeywordMain.groovy:64)
	at com.kms.katalon.core.webui.keyword.builtin.VerifyTextPresentKeyword$_verifyTextPresent_closure1.doCall(VerifyTextPresentKeyword.groovy:79)
	at com.kms.katalon.core.webui.keyword.builtin.VerifyTextPresentKeyword$_verifyTextPresent_closure1.call(VerifyTextPresentKeyword.groovy)
	at com.kms.katalon.core.webui.keyword.internal.WebUIKeywordMain.runKeyword(WebUIKeywordMain.groovy:20)
	at com.kms.katalon.core.webui.keyword.builtin.VerifyTextPresentKeyword.verifyTextPresent(VerifyTextPresentKeyword.groovy:83)
	at com.kms.katalon.core.webui.keyword.builtin.VerifyTextPresentKeyword.execute(VerifyTextPresentKeyword.groovy:68)
	at com.kms.katalon.core.keyword.internal.KeywordExecutor.executeKeywordForPlatform(KeywordExecutor.groovy:74)
	at com.kms.katalon.core.webui.keyword.WebUiBuiltInKeywords.verifyTextPresent(WebUiBuiltInKeywords.groovy:1723)
	at com.kms.katalon.core.webui.keyword.WebUiBuiltInKeywords$verifyTextPresent$4.call(Unknown Source)
	at Sale-Void-NoTranxID.run(Sale-Void-NoTranxID:161)
	at com.kms.katalon.core.main.ScriptEngine.run(ScriptEngine.java:194)
	at com.kms.katalon.core.main.ScriptEngine.runScriptAsRawText(ScriptEngine.java:119)
	at com.kms.katalon.core.main.TestCaseExecutor.runScript(TestCaseExecutor.java:442)
	at com.kms.katalon.core.main.TestCaseExecutor.doExecute(TestCaseExecutor.java:433)
	at com.kms.katalon.core.main.TestCaseExecutor.processExecutionPhase(TestCaseExecutor.java:412)
	at com.kms.katalon.core.main.TestCaseExecutor.accessMainPhase(TestCaseExecutor.java:404)
	at com.kms.katalon.core.main.TestCaseExecutor.execute(TestCaseExecutor.java:281)
	at com.kms.katalon.core.main.TestSuiteExecutor.accessTestCaseMainPhase(TestSuiteExecutor.java:202)
	at com.kms.katalon.core.main.TestSuiteExecutor.accessTestSuiteMainPhase(TestSuiteExecutor.java:164)
	at com.kms.katalon.core.main.TestSuiteExecutor.execute(TestSuiteExecutor.java:105)
	at com.kms.katalon.core.main.TestCaseMain.startTestSuite(TestCaseMain.java:185)
	at com.kms.katalon.core.main.TestCaseMain$startTestSuite$0.call(Unknown Source)
	at TempTestSuite1677626298320.run(TempTestSuite1677626298320.groovy:36)
Caused by: com.kms.katalon.core.exception.StepFailedException: Text 'Transaction approved, no errors' is not present on page  using regular expression
	... 23 more
"/>
         <system-out><![CDATA[2023-02-28 18:28:04 - [TEST_CASE][FAILED] - Test Cases/RecAndPlayBk/VLink/Sale-Void-NoTranxID: Test Cases/RecAndPlayBk/VLink/Sale-Void-NoTranxID FAILED.
Reason:
com.kms.katalon.core.exception.StepFailedException: Text 'Transaction approved, no errors' is not present on page  using regular expression (Root cause: com.kms.katalon.core.exception.StepFailedException: Text 'Transaction approved, no errors' is not present on page  using regular expression
	at com.kms.katalon.core.webui.keyword.internal.WebUIKeywordMain.stepFailed(WebUIKeywordMain.groovy:64)
	at com.kms.katalon.core.webui.keyword.builtin.VerifyTextPresentKeyword$_verifyTextPresent_closure1.doCall(VerifyTextPresentKeyword.groovy:79)
	at com.kms.katalon.core.webui.keyword.builtin.VerifyTextPresentKeyword$_verifyTextPresent_closure1.call(VerifyTextPresentKeyword.groovy)
	at com.kms.katalon.core.webui.keyword.internal.WebUIKeywordMain.runKeyword(WebUIKeywordMain.groovy:20)
	at com.kms.katalon.core.webui.keyword.builtin.VerifyTextPresentKeyword.verifyTextPresent(VerifyTextPresentKeyword.groovy:83)
	at com.kms.katalon.core.webui.keyword.builtin.VerifyTextPresentKeyword.execute(VerifyTextPresentKeyword.groovy:68)
	at com.kms.katalon.core.keyword.internal.KeywordExecutor.executeKeywordForPlatform(KeywordExecutor.groovy:74)
	at com.kms.katalon.core.webui.keyword.WebUiBuiltInKeywords.verifyTextPresent(WebUiBuiltInKeywords.groovy:1723)
	at com.kms.katalon.core.webui.keyword.WebUiBuiltInKeywords$verifyTextPresent$4.call(Unknown Source)
	at Sale-Void-NoTranxID.run(Sale-Void-NoTranxID:161)
	at com.kms.katalon.core.main.ScriptEngine.run(ScriptEngine.java:194)
	at com.kms.katalon.core.main.ScriptEngine.runScriptAsRawText(ScriptEngine.java:119)
	at com.kms.katalon.core.main.TestCaseExecutor.runScript(TestCaseExecutor.java:442)
	at com.kms.katalon.core.main.TestCaseExecutor.doExecute(TestCaseExecutor.java:433)
	at com.kms.katalon.core.main.TestCaseExecutor.processExecutionPhase(TestCaseExecutor.java:412)
	at com.kms.katalon.core.main.TestCaseExecutor.accessMainPhase(TestCaseExecutor.java:404)
	at com.kms.katalon.core.main.TestCaseExecutor.execute(TestCaseExecutor.java:281)
	at com.kms.katalon.core.main.TestSuiteExecutor.accessTestCaseMainPhase(TestSuiteExecutor.java:202)
	at com.kms.katalon.core.main.TestSuiteExecutor.accessTestSuiteMainPhase(TestSuiteExecutor.java:164)
	at com.kms.katalon.core.main.TestSuiteExecutor.execute(TestSuiteExecutor.java:105)
	at com.kms.katalon.core.main.TestCaseMain.startTestSuite(TestCaseMain.java:185)
	at com.kms.katalon.core.main.TestCaseMain$startTestSuite$0.call(Unknown Source)
	at TempTestSuite1677626298320.run(TempTestSuite1677626298320.groovy:36)
)
	at com.kms.katalon.core.keyword.internal.KeywordMain.stepFailed(KeywordMain.groovy:39)
	at com.kms.katalon.core.webui.keyword.internal.WebUIKeywordMain.stepFailed(WebUIKeywordMain.groovy:64)
	at com.kms.katalon.core.webui.keyword.builtin.VerifyTextPresentKeyword$_verifyTextPresent_closure1.doCall(VerifyTextPresentKeyword.groovy:79)
	at com.kms.katalon.core.webui.keyword.builtin.VerifyTextPresentKeyword$_verifyTextPresent_closure1.call(VerifyTextPresentKeyword.groovy)
	at com.kms.katalon.core.webui.keyword.internal.WebUIKeywordMain.runKeyword(WebUIKeywordMain.groovy:20)
	at com.kms.katalon.core.webui.keyword.builtin.VerifyTextPresentKeyword.verifyTextPresent(VerifyTextPresentKeyword.groovy:83)
	at com.kms.katalon.core.webui.keyword.builtin.VerifyTextPresentKeyword.execute(VerifyTextPresentKeyword.groovy:68)
	at com.kms.katalon.core.keyword.internal.KeywordExecutor.executeKeywordForPlatform(KeywordExecutor.groovy:74)
	at com.kms.katalon.core.webui.keyword.WebUiBuiltInKeywords.verifyTextPresent(WebUiBuiltInKeywords.groovy:1723)
	at com.kms.katalon.core.webui.keyword.WebUiBuiltInKeywords$verifyTextPresent$4.call(Unknown Source)
	at Sale-Void-NoTranxID.run(Sale-Void-NoTranxID:161)
	at com.kms.katalon.core.main.ScriptEngine.run(ScriptEngine.java:194)
	at com.kms.katalon.core.main.ScriptEngine.runScriptAsRawText(ScriptEngine.java:119)
	at com.kms.katalon.core.main.TestCaseExecutor.runScript(TestCaseExecutor.java:442)
	at com.kms.katalon.core.main.TestCaseExecutor.doExecute(TestCaseExecutor.java:433)
	at com.kms.katalon.core.main.TestCaseExecutor.processExecutionPhase(TestCaseExecutor.java:412)
	at com.kms.katalon.core.main.TestCaseExecutor.accessMainPhase(TestCaseExecutor.java:404)
	at com.kms.katalon.core.main.TestCaseExecutor.execute(TestCaseExecutor.java:281)
	at com.kms.katalon.core.main.TestSuiteExecutor.accessTestCaseMainPhase(TestSuiteExecutor.java:202)
	at com.kms.katalon.core.main.TestSuiteExecutor.accessTestSuiteMainPhase(TestSuiteExecutor.java:164)
	at com.kms.katalon.core.main.TestSuiteExecutor.execute(TestSuiteExecutor.java:105)
	at com.kms.katalon.core.main.TestCaseMain.startTestSuite(TestCaseMain.java:185)
	at com.kms.katalon.core.main.TestCaseMain$startTestSuite$0.call(Unknown Source)
	at TempTestSuite1677626298320.run(TempTestSuite1677626298320.groovy:36)
Caused by: com.kms.katalon.core.exception.StepFailedException: Text 'Transaction approved, no errors' is not present on page  using regular expression
	... 23 more


2023-02-28 18:28:05 - [TEST_STEP][PASSED] - executionProfile = getExecutionProfile(): null

2023-02-28 18:28:05 - [TEST_STEP][PASSED] - out.println("executionProfile : " + executionProfile): null

2023-02-28 18:28:05 - [TEST_STEP][PASSED] - appName = <not implemented yet for class: org.codehaus.groovy.ast.expr.EmptyExpression>: null

2023-02-28 18:28:05 - [TEST_STEP][PASSED] - appID = <not implemented yet for class: org.codehaus.groovy.ast.expr.EmptyExpression>: null

2023-02-28 18:28:05 - [TEST_STEP][PASSED] - username = <not implemented yet for class: org.codehaus.groovy.ast.expr.EmptyExpression>: null

2023-02-28 18:28:05 - [TEST_STEP][PASSED] - password = <not implemented yet for class: org.codehaus.groovy.ast.expr.EmptyExpression>: null

2023-02-28 18:28:05 - [TEST_STEP][PASSED] - cardNameV = <not implemented yet for class: org.codehaus.groovy.ast.expr.EmptyExpression>: null

2023-02-28 18:28:05 - [TEST_STEP][PASSED] - al1V = <not implemented yet for class: org.codehaus.groovy.ast.expr.EmptyExpression>: null

2023-02-28 18:28:05 - [TEST_STEP][PASSED] - al2V = <not implemented yet for class: org.codehaus.groovy.ast.expr.EmptyExpression>: null

2023-02-28 18:28:05 - [TEST_STEP][PASSED] - zipV = <not implemented yet for class: org.codehaus.groovy.ast.expr.EmptyExpression>: null

2023-02-28 18:28:05 - [TEST_STEP][PASSED] - cardTypeV = <not implemented yet for class: org.codehaus.groovy.ast.expr.EmptyExpression>: null

2023-02-28 18:28:05 - [TEST_STEP][PASSED] - last4V = <not implemented yet for class: org.codehaus.groovy.ast.expr.EmptyExpression>: null

2023-02-28 18:28:05 - [TEST_STEP][PASSED] - resText = "Fail": null

2023-02-28 18:28:05 - [TEST_STEP][PASSED] - resColumn = "Result": null

2023-02-28 18:28:05 - [TEST_STEP][PASSED] - datCloumn = "Date": null

2023-02-28 18:28:05 - [TEST_STEP][PASSED] - fileLoc = "KatalonData/VLinkSmokeData.xlsx": null

2023-02-28 18:28:05 - [TEST_STEP][PASSED] - numOfRows = <not implemented yet for class: org.codehaus.groovy.ast.expr.EmptyExpression>: null

2023-02-28 18:28:05 - [TEST_STEP][PASSED] - dataFile = <not implemented yet for class: org.codehaus.groovy.ast.expr.EmptyExpression>: null

2023-02-28 18:28:05 - [TEST_STEP][PASSED] - nameSheet = <not implemented yet for class: org.codehaus.groovy.ast.expr.EmptyExpression>: null

2023-02-28 18:28:05 - [TEST_STEP][PASSED] - nameSheet = "Sale-Void-NoTranxID": null

2023-02-28 18:28:05 - [TEST_STEP][PASSED] - numOfRows = findTestData("QA/VLinkTestData/VLinkSaleVoidNoTranxID").getRowNumbers(): null

2023-02-28 18:28:05 - [TEST_STEP][PASSED] - println("Number of Records: " + numOfRows): null

2023-02-28 18:28:05 - [TEST_STEP][PASSED] - dataFile = "QA/VLinkTestData/VLinkSaleVoidNoTranxID": null

2023-02-28 18:28:05 - [TEST_STEP][FAILED] - for ([row = 1, row <= numOfRows, (row++)]): null

2023-02-28 18:28:05 - [TEST_STEP][PASSED] - ExecuteTC = findTestData(dataFile).getValue("Execute", row): null

2023-02-28 18:28:05 - [TEST_STEP][PASSED] - out.println("Value of Execute is : " + ExecuteTC): null

2023-02-28 18:28:05 - [TEST_STEP][PASSED] - switch (executionProfile): null

2023-02-28 18:28:05 - [TEST_STEP][PASSED] - case "Demo2Profile":: null

2023-02-28 18:28:05 - [TEST_STEP][PASSED] - appID = findTestData(dataFile).getValue("AppIDDemo", row): null

2023-02-28 18:28:05 - [TEST_STEP][PASSED] - username = findTestData(dataFile).getValue("UsernameDemo", row): null

2023-02-28 18:28:05 - [TEST_STEP][PASSED] - password = findTestData(dataFile).getValue("PasswordDemo", row): null

2023-02-28 18:28:05 - [TEST_STEP][PASSED] - break: null

2023-02-28 18:28:05 - [TEST_STEP][PASSED] - if (ExecuteTC.equalsIgnoreCase("Y")): null

2023-02-28 18:28:05 - [TEST_STEP][PASSED] - out.println("Begin Record Number: " + row): null

2023-02-28 18:28:05 - [TEST_STEP][PASSED] - today = new java.util.Date(): null

2023-02-28 18:28:05 - [TEST_STEP][PASSED] - println(today): null

2023-02-28 18:28:05 - [TEST_STEP][PASSED] - datText = today: null

2023-02-28 18:28:05 - [TEST_STEP][PASSED] - category = findTestData(dataFile).getValue("Category", row): null

2023-02-28 18:28:05 - [TEST_STEP][PASSED] - amount = findTestData(dataFile).getValue("Amount", row): null

2023-02-28 18:28:05 - [TEST_STEP][PASSED] - cardNumber = findTestData(dataFile).getValue("CardNumber", row): null

2023-02-28 18:28:06 - [TEST_STEP][PASSED] - exM = findTestData(dataFile).getValue("ExM", row): null

2023-02-28 18:28:06 - [TEST_STEP][PASSED] - exY = findTestData(dataFile).getValue("ExY", row): null

2023-02-28 18:28:06 - [TEST_STEP][PASSED] - openBrowser(VLinkURL + "authcap.html"): Browser is opened with url: 'https://dev-algorithm.govolution.com/vlinktest/demo2/version_2_0/authcap.html'

2023-02-28 18:28:06 - [MESSAGE][WARNING] - A browser is already opened. Closing browser and opening a new one

2023-02-28 18:28:07 - [MESSAGE][INFO] - Starting 'Chrome' driver

2023-02-28 18:28:07 - [MESSAGE][INFO] - User set preference: ['acceptInsecureCerts', 'true']

2023-02-28 18:28:07 - [MESSAGE][INFO] - Action delay is set to 0 milliseconds

2023-02-28 18:28:09 - [MESSAGE][PASSED] - Browser is opened with url: 'https://dev-algorithm.govolution.com/vlinktest/demo2/version_2_0/authcap.html'

2023-02-28 18:28:09 - [TEST_STEP][PASSED] - maximizeWindow(): Current window maximized

2023-02-28 18:28:09 - [MESSAGE][PASSED] - Current window maximized

2023-02-28 18:28:09 - [TEST_STEP][PASSED] - maximizeWindow(): Current window maximized

2023-02-28 18:28:09 - [MESSAGE][PASSED] - Current window maximized

2023-02-28 18:28:09 - [TEST_STEP][PASSED] - genRemID = RandomStringUtils.random(12, true, true): null

2023-02-28 18:28:09 - [TEST_STEP][PASSED] - setText(findTestObject("Object Repository/RecAndPlayBk/Page-Vlink-Sale/input_Remittance Id_remittance_id"), genRemID): Text '5ZG1yoAbQvEX' is set on object 'Object Repository/RecAndPlayBk/Page-Vlink-Sale/input_Remittance Id_remittance_id'

2023-02-28 18:28:09 - [MESSAGE][PASSED] - Text '5ZG1yoAbQvEX' is set on object 'Object Repository/RecAndPlayBk/Page-Vlink-Sale/input_Remittance Id_remittance_id'

2023-02-28 18:28:09 - [TEST_STEP][PASSED] - setText(findTestObject("Object Repository/RecAndPlayBk/Page-Vlink-Sale/input_Application Id_application_id"), appID): Text '1773' is set on object 'Object Repository/RecAndPlayBk/Page-Vlink-Sale/input_Application Id_application_id'

2023-02-28 18:28:10 - [MESSAGE][PASSED] - Text '1773' is set on object 'Object Repository/RecAndPlayBk/Page-Vlink-Sale/input_Application Id_application_id'

2023-02-28 18:28:10 - [TEST_STEP][PASSED] - setText(findTestObject("Object Repository/RecAndPlayBk/Page-Vlink-Sale/input_Username_username"), username): Text 'Qq2BV1qtr' is set on object 'Object Repository/RecAndPlayBk/Page-Vlink-Sale/input_Username_username'

2023-02-28 18:28:11 - [MESSAGE][PASSED] - Text 'Qq2BV1qtr' is set on object 'Object Repository/RecAndPlayBk/Page-Vlink-Sale/input_Username_username'

2023-02-28 18:28:11 - [TEST_STEP][PASSED] - setText(findTestObject("Object Repository/RecAndPlayBk/Page-Vlink-Sale/input_Password_password"), password): Text 'tUmWBiLUx' is set on object 'Object Repository/RecAndPlayBk/Page-Vlink-Sale/input_Password_password'

2023-02-28 18:28:11 - [MESSAGE][PASSED] - Text 'tUmWBiLUx' is set on object 'Object Repository/RecAndPlayBk/Page-Vlink-Sale/input_Password_password'

2023-02-28 18:28:11 - [TEST_STEP][PASSED] - setText(findTestObject("Object Repository/RecAndPlayBk/Page-Vlink-Sale/input_Category_category"), category): Text 'ECOM' is set on object 'Object Repository/RecAndPlayBk/Page-Vlink-Sale/input_Category_category'

2023-02-28 18:28:12 - [MESSAGE][PASSED] - Text 'ECOM' is set on object 'Object Repository/RecAndPlayBk/Page-Vlink-Sale/input_Category_category'

2023-02-28 18:28:12 - [TEST_STEP][PASSED] - setText(findTestObject("Object Repository/RecAndPlayBk/Page-Vlink-Sale/input_Amount_amount"), amount): Text '10.5' is set on object 'Object Repository/RecAndPlayBk/Page-Vlink-Sale/input_Amount_amount'

2023-02-28 18:28:13 - [MESSAGE][PASSED] - Text '10.5' is set on object 'Object Repository/RecAndPlayBk/Page-Vlink-Sale/input_Amount_amount'

2023-02-28 18:28:13 - [TEST_STEP][PASSED] - doubleClick(findTestObject("Object Repository/RecAndPlayBk/Page-Vlink-Sale/input_Card number_card_number")): Object: 'Object Repository/RecAndPlayBk/Page-Vlink-Sale/input_Card number_card_number' is double clicked on

2023-02-28 18:28:13 - [MESSAGE][PASSED] - Object: 'Object Repository/RecAndPlayBk/Page-Vlink-Sale/input_Card number_card_number' is double clicked on

2023-02-28 18:28:13 - [TEST_STEP][PASSED] - setText(findTestObject("Object Repository/RecAndPlayBk/Page-Vlink-Sale/input_Card number_card_number"), cardNumber): Text '4111111111111111' is set on object 'Object Repository/RecAndPlayBk/Page-Vlink-Sale/input_Card number_card_number'

2023-02-28 18:28:14 - [MESSAGE][PASSED] - Text '4111111111111111' is set on object 'Object Repository/RecAndPlayBk/Page-Vlink-Sale/input_Card number_card_number'

2023-02-28 18:28:14 - [TEST_STEP][PASSED] - setText(findTestObject("Object Repository/RecAndPlayBk/Page-Vlink-Sale/input_Card ex month_card_exmo"), exM): Text '12' is set on object 'Object Repository/RecAndPlayBk/Page-Vlink-Sale/input_Card ex month_card_exmo'

2023-02-28 18:28:14 - [MESSAGE][PASSED] - Text '12' is set on object 'Object Repository/RecAndPlayBk/Page-Vlink-Sale/input_Card ex month_card_exmo'

2023-02-28 18:28:14 - [TEST_STEP][PASSED] - setText(findTestObject("Object Repository/RecAndPlayBk/Page-Vlink-Sale/input_Card ex year_card_exyr"), exY): Text '2029' is set on object 'Object Repository/RecAndPlayBk/Page-Vlink-Sale/input_Card ex year_card_exyr'

2023-02-28 18:28:15 - [MESSAGE][PASSED] - Text '2029' is set on object 'Object Repository/RecAndPlayBk/Page-Vlink-Sale/input_Card ex year_card_exyr'

2023-02-28 18:28:15 - [TEST_STEP][PASSED] - click(findTestObject("Object Repository/RecAndPlayBk/Page-Vlink-Sale/input_Track Data_track_data")): Object: 'Object Repository/RecAndPlayBk/Page-Vlink-Sale/input_Track Data_track_data' is clicked on

2023-02-28 18:28:15 - [MESSAGE][PASSED] - Object: 'Object Repository/RecAndPlayBk/Page-Vlink-Sale/input_Track Data_track_data' is clicked on

2023-02-28 18:28:15 - [TEST_STEP][PASSED] - click(findTestObject("Object Repository/RecAndPlayBk/Page-Vlink-Sale/input_CVV state_cvv_state")): Object: 'Object Repository/RecAndPlayBk/Page-Vlink-Sale/input_CVV state_cvv_state' is clicked on

2023-02-28 18:28:16 - [MESSAGE][PASSED] - Object: 'Object Repository/RecAndPlayBk/Page-Vlink-Sale/input_CVV state_cvv_state' is clicked on

2023-02-28 18:28:16 - [TEST_STEP][PASSED] - setText(findTestObject("Object Repository/RecAndPlayBk/Page-Vlink-Sale/input_Track Data_track_data"), ""): Text '' is set on object 'Object Repository/RecAndPlayBk/Page-Vlink-Sale/input_Track Data_track_data'

2023-02-28 18:28:16 - [MESSAGE][PASSED] - Text '' is set on object 'Object Repository/RecAndPlayBk/Page-Vlink-Sale/input_Track Data_track_data'

2023-02-28 18:28:16 - [TEST_STEP][PASSED] - setText(findTestObject("Object Repository/RecAndPlayBk/Page-Vlink-Sale/input_concat(Cardholder, , s email)_email"), ""): Text '' is set on object 'Object Repository/RecAndPlayBk/Page-Vlink-Sale/input_concat(Cardholder, , s email)_email'

2023-02-28 18:28:17 - [MESSAGE][PASSED] - Text '' is set on object 'Object Repository/RecAndPlayBk/Page-Vlink-Sale/input_concat(Cardholder, , s email)_email'

2023-02-28 18:28:17 - [TEST_STEP][PASSED] - click(findTestObject("Object Repository/RecAndPlayBk/Page-Vlink-Sale/input_user_defined10_user_defined10")): Object: 'Object Repository/RecAndPlayBk/Page-Vlink-Sale/input_user_defined10_user_defined10' is clicked on

2023-02-28 18:28:17 - [MESSAGE][PASSED] - Object: 'Object Repository/RecAndPlayBk/Page-Vlink-Sale/input_user_defined10_user_defined10' is clicked on

2023-02-28 18:28:17 - [TEST_STEP][PASSED] - if (executionProfile.equalsIgnoreCase("QAProfile") || executionProfile.equalsIgnoreCase("DemoProfile")): null

2023-02-28 18:28:17 - [TEST_STEP][PASSED] - click(findTestObject("Object Repository/RecAndPlayBk/Page-Vlink-Sale/input")): Object: 'Object Repository/RecAndPlayBk/Page-Vlink-Sale/input' is clicked on

2023-02-28 18:28:18 - [MESSAGE][PASSED] - Object: 'Object Repository/RecAndPlayBk/Page-Vlink-Sale/input' is clicked on

2023-02-28 18:28:18 - [TEST_STEP][PASSED] - if (verifyTextPresent("Transaction approved, no errors", true)): null

2023-02-28 18:28:19 - [MESSAGE][PASSED] - Text 'Transaction approved, no errors' is present on page  using regular expression

2023-02-28 18:28:19 - [TEST_STEP][PASSED] - println("Transaction Approved, no errors text is present on the Confirmation page"): null

2023-02-28 18:28:19 - [TEST_STEP][PASSED] - sdfo = getText(findTestObject("Object Repository/Page_VLinkReceipt/pre_STX")): Text of object 'Object Repository/Page_VLinkReceipt/pre_STX' is: '<STX>5ZG1yoAbQvEX                  2920764             0  Transaction approved, no errors                   0                                                                                  Y 107444472<ETX>'

2023-02-28 18:28:19 - [MESSAGE][PASSED] - Text of object 'Object Repository/Page_VLinkReceipt/pre_STX' is: '<STX>5ZG1yoAbQvEX                  2920764             0  Transaction approved, no errors                   0                                                                                  Y 107444472<ETX>'

2023-02-28 18:28:19 - [TEST_STEP][PASSED] - out.println("sdfo: " + sdfo): null

2023-02-28 18:28:19 - [TEST_STEP][PASSED] - remID = substring(5, 35).trim(): null

2023-02-28 18:28:19 - [TEST_STEP][PASSED] - out.println("remID: " + remID): null

2023-02-28 18:28:19 - [TEST_STEP][PASSED] - traxID = substring(35, 55).trim(): null

2023-02-28 18:28:19 - [TEST_STEP][PASSED] - out.println("traxID: " + traxID): null

2023-02-28 18:28:19 - [TEST_STEP][PASSED] - VLinkSaleRemID = remID: null

2023-02-28 18:28:19 - [TEST_STEP][PASSED] - VLinkSaleTranxID = traxID: null

2023-02-28 18:28:19 - [TEST_STEP][PASSED] - openBrowser(VLinkURL + "CC_void.html"): Browser is opened with url: 'https://dev-algorithm.govolution.com/vlinktest/demo2/version_2_0/CC_void.html'

2023-02-28 18:28:19 - [MESSAGE][WARNING] - A browser is already opened. Closing browser and opening a new one

2023-02-28 18:28:20 - [MESSAGE][INFO] - Starting 'Chrome' driver

2023-02-28 18:28:20 - [MESSAGE][INFO] - User set preference: ['acceptInsecureCerts', 'true']

2023-02-28 18:28:20 - [MESSAGE][INFO] - Action delay is set to 0 milliseconds

2023-02-28 18:28:22 - [MESSAGE][PASSED] - Browser is opened with url: 'https://dev-algorithm.govolution.com/vlinktest/demo2/version_2_0/CC_void.html'

2023-02-28 18:28:22 - [TEST_STEP][PASSED] - maximizeWindow(): Current window maximized

2023-02-28 18:28:22 - [MESSAGE][PASSED] - Current window maximized

2023-02-28 18:28:22 - [TEST_STEP][PASSED] - setText(findTestObject("Object Repository/RecAndPlayBk/Page-Vlink-CC-Void/txt_RemID"), VLinkSaleRemID): Text '5ZG1yoAbQvEX' is set on object 'Object Repository/RecAndPlayBk/Page-Vlink-CC-Void/txt_RemID'

2023-02-28 18:28:22 - [MESSAGE][PASSED] - Text '5ZG1yoAbQvEX' is set on object 'Object Repository/RecAndPlayBk/Page-Vlink-CC-Void/txt_RemID'

2023-02-28 18:28:22 - [TEST_STEP][PASSED] - setText(findTestObject("Object Repository/RecAndPlayBk/Page-Vlink-CC-Void/txt_ApplicationID"), appID): Text '1773' is set on object 'Object Repository/RecAndPlayBk/Page-Vlink-CC-Void/txt_ApplicationID'

2023-02-28 18:28:23 - [MESSAGE][PASSED] - Text '1773' is set on object 'Object Repository/RecAndPlayBk/Page-Vlink-CC-Void/txt_ApplicationID'

2023-02-28 18:28:23 - [TEST_STEP][PASSED] - setText(findTestObject("Object Repository/RecAndPlayBk/Page-Vlink-CC-Void/txt_Username"), username): Text 'Qq2BV1qtr' is set on object 'Object Repository/RecAndPlayBk/Page-Vlink-CC-Void/txt_Username'

2023-02-28 18:28:24 - [MESSAGE][PASSED] - Text 'Qq2BV1qtr' is set on object 'Object Repository/RecAndPlayBk/Page-Vlink-CC-Void/txt_Username'

2023-02-28 18:28:24 - [TEST_STEP][PASSED] - setText(findTestObject("Object Repository/RecAndPlayBk/Page-Vlink-CC-Void/txt_Password"), password): Text 'tUmWBiLUx' is set on object 'Object Repository/RecAndPlayBk/Page-Vlink-CC-Void/txt_Password'

2023-02-28 18:28:24 - [MESSAGE][PASSED] - Text 'tUmWBiLUx' is set on object 'Object Repository/RecAndPlayBk/Page-Vlink-CC-Void/txt_Password'

2023-02-28 18:28:24 - [TEST_STEP][PASSED] - setText(findTestObject("Object Repository/RecAndPlayBk/Page-Vlink-CC-Void/txt_TransactionID"), "-1"): Text '-1' is set on object 'Object Repository/RecAndPlayBk/Page-Vlink-CC-Void/txt_TransactionID'

2023-02-28 18:28:25 - [MESSAGE][PASSED] - Text '-1' is set on object 'Object Repository/RecAndPlayBk/Page-Vlink-CC-Void/txt_TransactionID'

2023-02-28 18:28:25 - [TEST_STEP][PASSED] - setText(findTestObject("Object Repository/RecAndPlayBk/Page-Vlink-CC-Void/txt_OriginalTransactionType"), "104"): Text '104' is set on object 'Object Repository/RecAndPlayBk/Page-Vlink-CC-Void/txt_OriginalTransactionType'

2023-02-28 18:28:26 - [MESSAGE][PASSED] - Text '104' is set on object 'Object Repository/RecAndPlayBk/Page-Vlink-CC-Void/txt_OriginalTransactionType'

2023-02-28 18:28:26 - [TEST_STEP][PASSED] - setText(findTestObject("Object Repository/RecAndPlayBk/Page-Vlink-CC-Void/txt_TrackData"), ""): Text '' is set on object 'Object Repository/RecAndPlayBk/Page-Vlink-CC-Void/txt_TrackData'

2023-02-28 18:28:26 - [MESSAGE][PASSED] - Text '' is set on object 'Object Repository/RecAndPlayBk/Page-Vlink-CC-Void/txt_TrackData'

2023-02-28 18:28:26 - [TEST_STEP][PASSED] - click(findTestObject("Object Repository/RecAndPlayBk/Page-Vlink-CC-Void/btn_ProcessVLinkTransaction")): Object: 'Object Repository/RecAndPlayBk/Page-Vlink-CC-Void/btn_ProcessVLinkTransaction' is clicked on

2023-02-28 18:28:28 - [MESSAGE][PASSED] - Object: 'Object Repository/RecAndPlayBk/Page-Vlink-CC-Void/btn_ProcessVLinkTransaction' is clicked on

2023-02-28 18:28:28 - [TEST_STEP][PASSED] - if (verifyTextPresent("Transaction approved, no errors", true)): null

2023-02-28 18:28:28 - [MESSAGE][PASSED] - Text 'Transaction approved, no errors' is present on page  using regular expression

2023-02-28 18:28:28 - [TEST_STEP][PASSED] - println("Transaction Approved, no errors text is present on the Confirmation page"): null

2023-02-28 18:28:28 - [TEST_STEP][PASSED] - out.println("Pass Record Number: " + row): null

2023-02-28 18:28:28 - [TEST_STEP][PASSED] - resText = "Pass": null

2023-02-28 18:28:28 - [TEST_STEP][PASSED] - pages.WriteExcel.demoKey(resText, datText, resColumn, datCloumn, fileLoc, nameSheet, row): pages.WriteExcel.demoKey is PASSED

2023-02-28 18:28:28 - [MESSAGE][PASSED] - pages.WriteExcel.demoKey is PASSED

2023-02-28 18:28:28 - [TEST_STEP][PASSED] - ExecuteTC = findTestData(dataFile).getValue("Execute", row): null

2023-02-28 18:28:28 - [TEST_STEP][PASSED] - out.println("Value of Execute is : " + ExecuteTC): null

2023-02-28 18:28:28 - [TEST_STEP][PASSED] - switch (executionProfile): null

2023-02-28 18:28:28 - [TEST_STEP][PASSED] - case "Demo2Profile":: null

2023-02-28 18:28:28 - [TEST_STEP][PASSED] - appID = findTestData(dataFile).getValue("AppIDDemo", row): null

2023-02-28 18:28:28 - [TEST_STEP][PASSED] - username = findTestData(dataFile).getValue("UsernameDemo", row): null

2023-02-28 18:28:28 - [TEST_STEP][PASSED] - password = findTestData(dataFile).getValue("PasswordDemo", row): null

2023-02-28 18:28:29 - [TEST_STEP][PASSED] - break: null

2023-02-28 18:28:29 - [TEST_STEP][PASSED] - if (ExecuteTC.equalsIgnoreCase("Y")): null

2023-02-28 18:28:29 - [TEST_STEP][PASSED] - out.println("Begin Record Number: " + row): null

2023-02-28 18:28:29 - [TEST_STEP][PASSED] - today = new java.util.Date(): null

2023-02-28 18:28:29 - [TEST_STEP][PASSED] - println(today): null

2023-02-28 18:28:29 - [TEST_STEP][PASSED] - datText = today: null

2023-02-28 18:28:29 - [TEST_STEP][PASSED] - category = findTestData(dataFile).getValue("Category", row): null

2023-02-28 18:28:29 - [TEST_STEP][PASSED] - amount = findTestData(dataFile).getValue("Amount", row): null

2023-02-28 18:28:29 - [TEST_STEP][PASSED] - cardNumber = findTestData(dataFile).getValue("CardNumber", row): null

2023-02-28 18:28:29 - [TEST_STEP][PASSED] - exM = findTestData(dataFile).getValue("ExM", row): null

2023-02-28 18:28:29 - [TEST_STEP][PASSED] - exY = findTestData(dataFile).getValue("ExY", row): null

2023-02-28 18:28:29 - [TEST_STEP][PASSED] - openBrowser(VLinkURL + "authcap.html"): Browser is opened with url: 'https://dev-algorithm.govolution.com/vlinktest/demo2/version_2_0/authcap.html'

2023-02-28 18:28:29 - [MESSAGE][WARNING] - A browser is already opened. Closing browser and opening a new one

2023-02-28 18:28:30 - [MESSAGE][INFO] - Starting 'Chrome' driver

2023-02-28 18:28:30 - [MESSAGE][INFO] - User set preference: ['acceptInsecureCerts', 'true']

2023-02-28 18:28:30 - [MESSAGE][INFO] - Action delay is set to 0 milliseconds

2023-02-28 18:28:32 - [MESSAGE][PASSED] - Browser is opened with url: 'https://dev-algorithm.govolution.com/vlinktest/demo2/version_2_0/authcap.html'

2023-02-28 18:28:32 - [TEST_STEP][PASSED] - maximizeWindow(): Current window maximized

2023-02-28 18:28:32 - [MESSAGE][PASSED] - Current window maximized

2023-02-28 18:28:32 - [TEST_STEP][PASSED] - maximizeWindow(): Current window maximized

2023-02-28 18:28:32 - [MESSAGE][PASSED] - Current window maximized

2023-02-28 18:28:32 - [TEST_STEP][PASSED] - genRemID = RandomStringUtils.random(12, true, true): null

2023-02-28 18:28:32 - [TEST_STEP][PASSED] - setText(findTestObject("Object Repository/RecAndPlayBk/Page-Vlink-Sale/input_Remittance Id_remittance_id"), genRemID): Text '0WDgDKJRWDO5' is set on object 'Object Repository/RecAndPlayBk/Page-Vlink-Sale/input_Remittance Id_remittance_id'

2023-02-28 18:28:33 - [MESSAGE][PASSED] - Text '0WDgDKJRWDO5' is set on object 'Object Repository/RecAndPlayBk/Page-Vlink-Sale/input_Remittance Id_remittance_id'

2023-02-28 18:28:33 - [TEST_STEP][PASSED] - setText(findTestObject("Object Repository/RecAndPlayBk/Page-Vlink-Sale/input_Application Id_application_id"), appID): Text '1773' is set on object 'Object Repository/RecAndPlayBk/Page-Vlink-Sale/input_Application Id_application_id'

2023-02-28 18:28:33 - [MESSAGE][PASSED] - Text '1773' is set on object 'Object Repository/RecAndPlayBk/Page-Vlink-Sale/input_Application Id_application_id'

2023-02-28 18:28:33 - [TEST_STEP][PASSED] - setText(findTestObject("Object Repository/RecAndPlayBk/Page-Vlink-Sale/input_Username_username"), username): Text 'Qq2BV1qtr' is set on object 'Object Repository/RecAndPlayBk/Page-Vlink-Sale/input_Username_username'

2023-02-28 18:28:34 - [MESSAGE][PASSED] - Text 'Qq2BV1qtr' is set on object 'Object Repository/RecAndPlayBk/Page-Vlink-Sale/input_Username_username'

2023-02-28 18:28:34 - [TEST_STEP][PASSED] - setText(findTestObject("Object Repository/RecAndPlayBk/Page-Vlink-Sale/input_Password_password"), password): Text 'tUmWBiLUx' is set on object 'Object Repository/RecAndPlayBk/Page-Vlink-Sale/input_Password_password'

2023-02-28 18:28:34 - [MESSAGE][PASSED] - Text 'tUmWBiLUx' is set on object 'Object Repository/RecAndPlayBk/Page-Vlink-Sale/input_Password_password'

2023-02-28 18:28:34 - [TEST_STEP][PASSED] - setText(findTestObject("Object Repository/RecAndPlayBk/Page-Vlink-Sale/input_Category_category"), category): Text 'MOTO' is set on object 'Object Repository/RecAndPlayBk/Page-Vlink-Sale/input_Category_category'

2023-02-28 18:28:35 - [MESSAGE][PASSED] - Text 'MOTO' is set on object 'Object Repository/RecAndPlayBk/Page-Vlink-Sale/input_Category_category'

2023-02-28 18:28:35 - [TEST_STEP][PASSED] - setText(findTestObject("Object Repository/RecAndPlayBk/Page-Vlink-Sale/input_Amount_amount"), amount): Text '10.5' is set on object 'Object Repository/RecAndPlayBk/Page-Vlink-Sale/input_Amount_amount'

2023-02-28 18:28:36 - [MESSAGE][PASSED] - Text '10.5' is set on object 'Object Repository/RecAndPlayBk/Page-Vlink-Sale/input_Amount_amount'

2023-02-28 18:28:36 - [TEST_STEP][PASSED] - doubleClick(findTestObject("Object Repository/RecAndPlayBk/Page-Vlink-Sale/input_Card number_card_number")): Object: 'Object Repository/RecAndPlayBk/Page-Vlink-Sale/input_Card number_card_number' is double clicked on

2023-02-28 18:28:36 - [MESSAGE][PASSED] - Object: 'Object Repository/RecAndPlayBk/Page-Vlink-Sale/input_Card number_card_number' is double clicked on

2023-02-28 18:28:36 - [TEST_STEP][PASSED] - setText(findTestObject("Object Repository/RecAndPlayBk/Page-Vlink-Sale/input_Card number_card_number"), cardNumber): Text '5424000000000015' is set on object 'Object Repository/RecAndPlayBk/Page-Vlink-Sale/input_Card number_card_number'

2023-02-28 18:28:37 - [MESSAGE][PASSED] - Text '5424000000000015' is set on object 'Object Repository/RecAndPlayBk/Page-Vlink-Sale/input_Card number_card_number'

2023-02-28 18:28:37 - [TEST_STEP][PASSED] - setText(findTestObject("Object Repository/RecAndPlayBk/Page-Vlink-Sale/input_Card ex month_card_exmo"), exM): Text '12' is set on object 'Object Repository/RecAndPlayBk/Page-Vlink-Sale/input_Card ex month_card_exmo'

2023-02-28 18:28:37 - [MESSAGE][PASSED] - Text '12' is set on object 'Object Repository/RecAndPlayBk/Page-Vlink-Sale/input_Card ex month_card_exmo'

2023-02-28 18:28:37 - [TEST_STEP][PASSED] - setText(findTestObject("Object Repository/RecAndPlayBk/Page-Vlink-Sale/input_Card ex year_card_exyr"), exY): Text '2029' is set on object 'Object Repository/RecAndPlayBk/Page-Vlink-Sale/input_Card ex year_card_exyr'

2023-02-28 18:28:38 - [MESSAGE][PASSED] - Text '2029' is set on object 'Object Repository/RecAndPlayBk/Page-Vlink-Sale/input_Card ex year_card_exyr'

2023-02-28 18:28:38 - [TEST_STEP][PASSED] - click(findTestObject("Object Repository/RecAndPlayBk/Page-Vlink-Sale/input_Track Data_track_data")): Object: 'Object Repository/RecAndPlayBk/Page-Vlink-Sale/input_Track Data_track_data' is clicked on

2023-02-28 18:28:38 - [MESSAGE][PASSED] - Object: 'Object Repository/RecAndPlayBk/Page-Vlink-Sale/input_Track Data_track_data' is clicked on

2023-02-28 18:28:38 - [TEST_STEP][PASSED] - click(findTestObject("Object Repository/RecAndPlayBk/Page-Vlink-Sale/input_CVV state_cvv_state")): Object: 'Object Repository/RecAndPlayBk/Page-Vlink-Sale/input_CVV state_cvv_state' is clicked on

2023-02-28 18:28:39 - [MESSAGE][PASSED] - Object: 'Object Repository/RecAndPlayBk/Page-Vlink-Sale/input_CVV state_cvv_state' is clicked on

2023-02-28 18:28:39 - [TEST_STEP][PASSED] - setText(findTestObject("Object Repository/RecAndPlayBk/Page-Vlink-Sale/input_Track Data_track_data"), ""): Text '' is set on object 'Object Repository/RecAndPlayBk/Page-Vlink-Sale/input_Track Data_track_data'

2023-02-28 18:28:39 - [MESSAGE][PASSED] - Text '' is set on object 'Object Repository/RecAndPlayBk/Page-Vlink-Sale/input_Track Data_track_data'

2023-02-28 18:28:39 - [TEST_STEP][PASSED] - setText(findTestObject("Object Repository/RecAndPlayBk/Page-Vlink-Sale/input_concat(Cardholder, , s email)_email"), ""): Text '' is set on object 'Object Repository/RecAndPlayBk/Page-Vlink-Sale/input_concat(Cardholder, , s email)_email'

2023-02-28 18:28:40 - [MESSAGE][PASSED] - Text '' is set on object 'Object Repository/RecAndPlayBk/Page-Vlink-Sale/input_concat(Cardholder, , s email)_email'

2023-02-28 18:28:40 - [TEST_STEP][PASSED] - click(findTestObject("Object Repository/RecAndPlayBk/Page-Vlink-Sale/input_user_defined10_user_defined10")): Object: 'Object Repository/RecAndPlayBk/Page-Vlink-Sale/input_user_defined10_user_defined10' is clicked on

2023-02-28 18:28:40 - [MESSAGE][PASSED] - Object: 'Object Repository/RecAndPlayBk/Page-Vlink-Sale/input_user_defined10_user_defined10' is clicked on

2023-02-28 18:28:40 - [TEST_STEP][PASSED] - if (executionProfile.equalsIgnoreCase("QAProfile") || executionProfile.equalsIgnoreCase("DemoProfile")): null

2023-02-28 18:28:40 - [TEST_STEP][PASSED] - click(findTestObject("Object Repository/RecAndPlayBk/Page-Vlink-Sale/input")): Object: 'Object Repository/RecAndPlayBk/Page-Vlink-Sale/input' is clicked on

2023-02-28 18:28:41 - [MESSAGE][PASSED] - Object: 'Object Repository/RecAndPlayBk/Page-Vlink-Sale/input' is clicked on

2023-02-28 18:28:41 - [TEST_STEP][PASSED] - if (verifyTextPresent("Transaction approved, no errors", true)): null

2023-02-28 18:28:42 - [MESSAGE][PASSED] - Text 'Transaction approved, no errors' is present on page  using regular expression

2023-02-28 18:28:42 - [TEST_STEP][PASSED] - println("Transaction Approved, no errors text is present on the Confirmation page"): null

2023-02-28 18:28:42 - [TEST_STEP][PASSED] - sdfo = getText(findTestObject("Object Repository/Page_VLinkReceipt/pre_STX")): Text of object 'Object Repository/Page_VLinkReceipt/pre_STX' is: '<STX>0WDgDKJRWDO5                  2920766             0  Transaction approved, no errors                   0                                                                                  Y 297836506<ETX>'

2023-02-28 18:28:42 - [MESSAGE][PASSED] - Text of object 'Object Repository/Page_VLinkReceipt/pre_STX' is: '<STX>0WDgDKJRWDO5                  2920766             0  Transaction approved, no errors                   0                                                                                  Y 297836506<ETX>'

2023-02-28 18:28:42 - [TEST_STEP][PASSED] - out.println("sdfo: " + sdfo): null

2023-02-28 18:28:42 - [TEST_STEP][PASSED] - remID = substring(5, 35).trim(): null

2023-02-28 18:28:42 - [TEST_STEP][PASSED] - out.println("remID: " + remID): null

2023-02-28 18:28:42 - [TEST_STEP][PASSED] - traxID = substring(35, 55).trim(): null

2023-02-28 18:28:42 - [TEST_STEP][PASSED] - out.println("traxID: " + traxID): null

2023-02-28 18:28:42 - [TEST_STEP][PASSED] - VLinkSaleRemID = remID: null

2023-02-28 18:28:42 - [TEST_STEP][PASSED] - VLinkSaleTranxID = traxID: null

2023-02-28 18:28:42 - [TEST_STEP][PASSED] - openBrowser(VLinkURL + "CC_void.html"): Browser is opened with url: 'https://dev-algorithm.govolution.com/vlinktest/demo2/version_2_0/CC_void.html'

2023-02-28 18:28:42 - [MESSAGE][WARNING] - A browser is already opened. Closing browser and opening a new one

2023-02-28 18:28:43 - [MESSAGE][INFO] - Starting 'Chrome' driver

2023-02-28 18:28:43 - [MESSAGE][INFO] - User set preference: ['acceptInsecureCerts', 'true']

2023-02-28 18:28:43 - [MESSAGE][INFO] - Action delay is set to 0 milliseconds

2023-02-28 18:28:45 - [MESSAGE][PASSED] - Browser is opened with url: 'https://dev-algorithm.govolution.com/vlinktest/demo2/version_2_0/CC_void.html'

2023-02-28 18:28:45 - [TEST_STEP][PASSED] - maximizeWindow(): Current window maximized

2023-02-28 18:28:45 - [MESSAGE][PASSED] - Current window maximized

2023-02-28 18:28:45 - [TEST_STEP][PASSED] - setText(findTestObject("Object Repository/RecAndPlayBk/Page-Vlink-CC-Void/txt_RemID"), VLinkSaleRemID): Text '0WDgDKJRWDO5' is set on object 'Object Repository/RecAndPlayBk/Page-Vlink-CC-Void/txt_RemID'

2023-02-28 18:28:45 - [MESSAGE][PASSED] - Text '0WDgDKJRWDO5' is set on object 'Object Repository/RecAndPlayBk/Page-Vlink-CC-Void/txt_RemID'

2023-02-28 18:28:45 - [TEST_STEP][PASSED] - setText(findTestObject("Object Repository/RecAndPlayBk/Page-Vlink-CC-Void/txt_ApplicationID"), appID): Text '1773' is set on object 'Object Repository/RecAndPlayBk/Page-Vlink-CC-Void/txt_ApplicationID'

2023-02-28 18:28:46 - [MESSAGE][PASSED] - Text '1773' is set on object 'Object Repository/RecAndPlayBk/Page-Vlink-CC-Void/txt_ApplicationID'

2023-02-28 18:28:46 - [TEST_STEP][PASSED] - setText(findTestObject("Object Repository/RecAndPlayBk/Page-Vlink-CC-Void/txt_Username"), username): Text 'Qq2BV1qtr' is set on object 'Object Repository/RecAndPlayBk/Page-Vlink-CC-Void/txt_Username'

2023-02-28 18:28:47 - [MESSAGE][PASSED] - Text 'Qq2BV1qtr' is set on object 'Object Repository/RecAndPlayBk/Page-Vlink-CC-Void/txt_Username'

2023-02-28 18:28:47 - [TEST_STEP][PASSED] - setText(findTestObject("Object Repository/RecAndPlayBk/Page-Vlink-CC-Void/txt_Password"), password): Text 'tUmWBiLUx' is set on object 'Object Repository/RecAndPlayBk/Page-Vlink-CC-Void/txt_Password'

2023-02-28 18:28:47 - [MESSAGE][PASSED] - Text 'tUmWBiLUx' is set on object 'Object Repository/RecAndPlayBk/Page-Vlink-CC-Void/txt_Password'

2023-02-28 18:28:47 - [TEST_STEP][PASSED] - setText(findTestObject("Object Repository/RecAndPlayBk/Page-Vlink-CC-Void/txt_TransactionID"), "-1"): Text '-1' is set on object 'Object Repository/RecAndPlayBk/Page-Vlink-CC-Void/txt_TransactionID'

2023-02-28 18:28:48 - [MESSAGE][PASSED] - Text '-1' is set on object 'Object Repository/RecAndPlayBk/Page-Vlink-CC-Void/txt_TransactionID'

2023-02-28 18:28:48 - [TEST_STEP][PASSED] - setText(findTestObject("Object Repository/RecAndPlayBk/Page-Vlink-CC-Void/txt_OriginalTransactionType"), "104"): Text '104' is set on object 'Object Repository/RecAndPlayBk/Page-Vlink-CC-Void/txt_OriginalTransactionType'

2023-02-28 18:28:49 - [MESSAGE][PASSED] - Text '104' is set on object 'Object Repository/RecAndPlayBk/Page-Vlink-CC-Void/txt_OriginalTransactionType'

2023-02-28 18:28:49 - [TEST_STEP][PASSED] - setText(findTestObject("Object Repository/RecAndPlayBk/Page-Vlink-CC-Void/txt_TrackData"), ""): Text '' is set on object 'Object Repository/RecAndPlayBk/Page-Vlink-CC-Void/txt_TrackData'

2023-02-28 18:28:49 - [MESSAGE][PASSED] - Text '' is set on object 'Object Repository/RecAndPlayBk/Page-Vlink-CC-Void/txt_TrackData'

2023-02-28 18:28:49 - [TEST_STEP][PASSED] - click(findTestObject("Object Repository/RecAndPlayBk/Page-Vlink-CC-Void/btn_ProcessVLinkTransaction")): Object: 'Object Repository/RecAndPlayBk/Page-Vlink-CC-Void/btn_ProcessVLinkTransaction' is clicked on

2023-02-28 18:28:52 - [MESSAGE][PASSED] - Object: 'Object Repository/RecAndPlayBk/Page-Vlink-CC-Void/btn_ProcessVLinkTransaction' is clicked on

2023-02-28 18:28:52 - [TEST_STEP][PASSED] - if (verifyTextPresent("Transaction approved, no errors", true)): null

2023-02-28 18:28:52 - [MESSAGE][PASSED] - Text 'Transaction approved, no errors' is present on page  using regular expression

2023-02-28 18:28:52 - [TEST_STEP][PASSED] - println("Transaction Approved, no errors text is present on the Confirmation page"): null

2023-02-28 18:28:52 - [TEST_STEP][PASSED] - out.println("Pass Record Number: " + row): null

2023-02-28 18:28:52 - [TEST_STEP][PASSED] - resText = "Pass": null

2023-02-28 18:28:52 - [TEST_STEP][PASSED] - pages.WriteExcel.demoKey(resText, datText, resColumn, datCloumn, fileLoc, nameSheet, row): pages.WriteExcel.demoKey is PASSED

2023-02-28 18:28:52 - [MESSAGE][PASSED] - pages.WriteExcel.demoKey is PASSED

2023-02-28 18:28:52 - [TEST_STEP][PASSED] - ExecuteTC = findTestData(dataFile).getValue("Execute", row): null

2023-02-28 18:28:52 - [TEST_STEP][PASSED] - out.println("Value of Execute is : " + ExecuteTC): null

2023-02-28 18:28:52 - [TEST_STEP][PASSED] - switch (executionProfile): null

2023-02-28 18:28:52 - [TEST_STEP][PASSED] - case "Demo2Profile":: null

2023-02-28 18:28:52 - [TEST_STEP][PASSED] - appID = findTestData(dataFile).getValue("AppIDDemo", row): null

2023-02-28 18:28:52 - [TEST_STEP][PASSED] - username = findTestData(dataFile).getValue("UsernameDemo", row): null

2023-02-28 18:28:52 - [TEST_STEP][PASSED] - password = findTestData(dataFile).getValue("PasswordDemo", row): null

2023-02-28 18:28:53 - [TEST_STEP][PASSED] - break: null

2023-02-28 18:28:53 - [TEST_STEP][PASSED] - if (ExecuteTC.equalsIgnoreCase("Y")): null

2023-02-28 18:28:53 - [TEST_STEP][PASSED] - out.println("Begin Record Number: " + row): null

2023-02-28 18:28:53 - [TEST_STEP][PASSED] - today = new java.util.Date(): null

2023-02-28 18:28:53 - [TEST_STEP][PASSED] - println(today): null

2023-02-28 18:28:53 - [TEST_STEP][PASSED] - datText = today: null

2023-02-28 18:28:53 - [TEST_STEP][PASSED] - category = findTestData(dataFile).getValue("Category", row): null

2023-02-28 18:28:53 - [TEST_STEP][PASSED] - amount = findTestData(dataFile).getValue("Amount", row): null

2023-02-28 18:28:53 - [TEST_STEP][PASSED] - cardNumber = findTestData(dataFile).getValue("CardNumber", row): null

2023-02-28 18:28:53 - [TEST_STEP][PASSED] - exM = findTestData(dataFile).getValue("ExM", row): null

2023-02-28 18:28:53 - [TEST_STEP][PASSED] - exY = findTestData(dataFile).getValue("ExY", row): null

2023-02-28 18:28:53 - [TEST_STEP][PASSED] - openBrowser(VLinkURL + "authcap.html"): Browser is opened with url: 'https://dev-algorithm.govolution.com/vlinktest/demo2/version_2_0/authcap.html'

2023-02-28 18:28:53 - [MESSAGE][WARNING] - A browser is already opened. Closing browser and opening a new one

2023-02-28 18:28:54 - [MESSAGE][INFO] - Starting 'Chrome' driver

2023-02-28 18:28:54 - [MESSAGE][INFO] - User set preference: ['acceptInsecureCerts', 'true']

2023-02-28 18:28:54 - [MESSAGE][INFO] - Action delay is set to 0 milliseconds

2023-02-28 18:28:56 - [MESSAGE][PASSED] - Browser is opened with url: 'https://dev-algorithm.govolution.com/vlinktest/demo2/version_2_0/authcap.html'

2023-02-28 18:28:56 - [TEST_STEP][PASSED] - maximizeWindow(): Current window maximized

2023-02-28 18:28:56 - [MESSAGE][PASSED] - Current window maximized

2023-02-28 18:28:56 - [TEST_STEP][PASSED] - maximizeWindow(): Current window maximized

2023-02-28 18:28:56 - [MESSAGE][PASSED] - Current window maximized

2023-02-28 18:28:56 - [TEST_STEP][PASSED] - genRemID = RandomStringUtils.random(12, true, true): null

2023-02-28 18:28:56 - [TEST_STEP][PASSED] - setText(findTestObject("Object Repository/RecAndPlayBk/Page-Vlink-Sale/input_Remittance Id_remittance_id"), genRemID): Text '44P3PJpueJYt' is set on object 'Object Repository/RecAndPlayBk/Page-Vlink-Sale/input_Remittance Id_remittance_id'

2023-02-28 18:28:57 - [MESSAGE][PASSED] - Text '44P3PJpueJYt' is set on object 'Object Repository/RecAndPlayBk/Page-Vlink-Sale/input_Remittance Id_remittance_id'

2023-02-28 18:28:57 - [TEST_STEP][PASSED] - setText(findTestObject("Object Repository/RecAndPlayBk/Page-Vlink-Sale/input_Application Id_application_id"), appID): Text '1773' is set on object 'Object Repository/RecAndPlayBk/Page-Vlink-Sale/input_Application Id_application_id'

2023-02-28 18:28:57 - [MESSAGE][PASSED] - Text '1773' is set on object 'Object Repository/RecAndPlayBk/Page-Vlink-Sale/input_Application Id_application_id'

2023-02-28 18:28:57 - [TEST_STEP][PASSED] - setText(findTestObject("Object Repository/RecAndPlayBk/Page-Vlink-Sale/input_Username_username"), username): Text 'Qq2BV1qtr' is set on object 'Object Repository/RecAndPlayBk/Page-Vlink-Sale/input_Username_username'

2023-02-28 18:28:58 - [MESSAGE][PASSED] - Text 'Qq2BV1qtr' is set on object 'Object Repository/RecAndPlayBk/Page-Vlink-Sale/input_Username_username'

2023-02-28 18:28:58 - [TEST_STEP][PASSED] - setText(findTestObject("Object Repository/RecAndPlayBk/Page-Vlink-Sale/input_Password_password"), password): Text 'tUmWBiLUx' is set on object 'Object Repository/RecAndPlayBk/Page-Vlink-Sale/input_Password_password'

2023-02-28 18:28:59 - [MESSAGE][PASSED] - Text 'tUmWBiLUx' is set on object 'Object Repository/RecAndPlayBk/Page-Vlink-Sale/input_Password_password'

2023-02-28 18:28:59 - [TEST_STEP][PASSED] - setText(findTestObject("Object Repository/RecAndPlayBk/Page-Vlink-Sale/input_Category_category"), category): Text 'RETL' is set on object 'Object Repository/RecAndPlayBk/Page-Vlink-Sale/input_Category_category'

2023-02-28 18:28:59 - [MESSAGE][PASSED] - Text 'RETL' is set on object 'Object Repository/RecAndPlayBk/Page-Vlink-Sale/input_Category_category'

2023-02-28 18:28:59 - [TEST_STEP][PASSED] - setText(findTestObject("Object Repository/RecAndPlayBk/Page-Vlink-Sale/input_Amount_amount"), amount): Text '10.5' is set on object 'Object Repository/RecAndPlayBk/Page-Vlink-Sale/input_Amount_amount'

2023-02-28 18:29:00 - [MESSAGE][PASSED] - Text '10.5' is set on object 'Object Repository/RecAndPlayBk/Page-Vlink-Sale/input_Amount_amount'

2023-02-28 18:29:00 - [TEST_STEP][PASSED] - doubleClick(findTestObject("Object Repository/RecAndPlayBk/Page-Vlink-Sale/input_Card number_card_number")): Object: 'Object Repository/RecAndPlayBk/Page-Vlink-Sale/input_Card number_card_number' is double clicked on

2023-02-28 18:29:00 - [MESSAGE][PASSED] - Object: 'Object Repository/RecAndPlayBk/Page-Vlink-Sale/input_Card number_card_number' is double clicked on

2023-02-28 18:29:00 - [TEST_STEP][PASSED] - setText(findTestObject("Object Repository/RecAndPlayBk/Page-Vlink-Sale/input_Card number_card_number"), cardNumber): Text '370000000000002' is set on object 'Object Repository/RecAndPlayBk/Page-Vlink-Sale/input_Card number_card_number'

2023-02-28 18:29:01 - [MESSAGE][PASSED] - Text '370000000000002' is set on object 'Object Repository/RecAndPlayBk/Page-Vlink-Sale/input_Card number_card_number'

2023-02-28 18:29:01 - [TEST_STEP][PASSED] - setText(findTestObject("Object Repository/RecAndPlayBk/Page-Vlink-Sale/input_Card ex month_card_exmo"), exM): Text '12' is set on object 'Object Repository/RecAndPlayBk/Page-Vlink-Sale/input_Card ex month_card_exmo'

2023-02-28 18:29:02 - [MESSAGE][PASSED] - Text '12' is set on object 'Object Repository/RecAndPlayBk/Page-Vlink-Sale/input_Card ex month_card_exmo'

2023-02-28 18:29:02 - [TEST_STEP][PASSED] - setText(findTestObject("Object Repository/RecAndPlayBk/Page-Vlink-Sale/input_Card ex year_card_exyr"), exY): Text '2029' is set on object 'Object Repository/RecAndPlayBk/Page-Vlink-Sale/input_Card ex year_card_exyr'

2023-02-28 18:29:02 - [MESSAGE][PASSED] - Text '2029' is set on object 'Object Repository/RecAndPlayBk/Page-Vlink-Sale/input_Card ex year_card_exyr'

2023-02-28 18:29:02 - [TEST_STEP][PASSED] - click(findTestObject("Object Repository/RecAndPlayBk/Page-Vlink-Sale/input_Track Data_track_data")): Object: 'Object Repository/RecAndPlayBk/Page-Vlink-Sale/input_Track Data_track_data' is clicked on

2023-02-28 18:29:03 - [MESSAGE][PASSED] - Object: 'Object Repository/RecAndPlayBk/Page-Vlink-Sale/input_Track Data_track_data' is clicked on

2023-02-28 18:29:03 - [TEST_STEP][PASSED] - click(findTestObject("Object Repository/RecAndPlayBk/Page-Vlink-Sale/input_CVV state_cvv_state")): Object: 'Object Repository/RecAndPlayBk/Page-Vlink-Sale/input_CVV state_cvv_state' is clicked on

2023-02-28 18:29:03 - [MESSAGE][PASSED] - Object: 'Object Repository/RecAndPlayBk/Page-Vlink-Sale/input_CVV state_cvv_state' is clicked on

2023-02-28 18:29:03 - [TEST_STEP][PASSED] - setText(findTestObject("Object Repository/RecAndPlayBk/Page-Vlink-Sale/input_Track Data_track_data"), ""): Text '' is set on object 'Object Repository/RecAndPlayBk/Page-Vlink-Sale/input_Track Data_track_data'

2023-02-28 18:29:03 - [MESSAGE][PASSED] - Text '' is set on object 'Object Repository/RecAndPlayBk/Page-Vlink-Sale/input_Track Data_track_data'

2023-02-28 18:29:03 - [TEST_STEP][PASSED] - setText(findTestObject("Object Repository/RecAndPlayBk/Page-Vlink-Sale/input_concat(Cardholder, , s email)_email"), ""): Text '' is set on object 'Object Repository/RecAndPlayBk/Page-Vlink-Sale/input_concat(Cardholder, , s email)_email'

2023-02-28 18:29:04 - [MESSAGE][PASSED] - Text '' is set on object 'Object Repository/RecAndPlayBk/Page-Vlink-Sale/input_concat(Cardholder, , s email)_email'

2023-02-28 18:29:04 - [TEST_STEP][PASSED] - click(findTestObject("Object Repository/RecAndPlayBk/Page-Vlink-Sale/input_user_defined10_user_defined10")): Object: 'Object Repository/RecAndPlayBk/Page-Vlink-Sale/input_user_defined10_user_defined10' is clicked on

2023-02-28 18:29:04 - [MESSAGE][PASSED] - Object: 'Object Repository/RecAndPlayBk/Page-Vlink-Sale/input_user_defined10_user_defined10' is clicked on

2023-02-28 18:29:04 - [TEST_STEP][PASSED] - if (executionProfile.equalsIgnoreCase("QAProfile") || executionProfile.equalsIgnoreCase("DemoProfile")): null

2023-02-28 18:29:04 - [TEST_STEP][PASSED] - click(findTestObject("Object Repository/RecAndPlayBk/Page-Vlink-Sale/input")): Object: 'Object Repository/RecAndPlayBk/Page-Vlink-Sale/input' is clicked on

2023-02-28 18:29:07 - [MESSAGE][PASSED] - Object: 'Object Repository/RecAndPlayBk/Page-Vlink-Sale/input' is clicked on

2023-02-28 18:29:07 - [TEST_STEP][PASSED] - if (verifyTextPresent("Transaction approved, no errors", true)): null

2023-02-28 18:29:07 - [MESSAGE][PASSED] - Text 'Transaction approved, no errors' is present on page  using regular expression

2023-02-28 18:29:07 - [TEST_STEP][PASSED] - println("Transaction Approved, no errors text is present on the Confirmation page"): null

2023-02-28 18:29:07 - [TEST_STEP][PASSED] - sdfo = getText(findTestObject("Object Repository/Page_VLinkReceipt/pre_STX")): Text of object 'Object Repository/Page_VLinkReceipt/pre_STX' is: '<STX>44P3PJpueJYt                  2920768             0  Transaction approved, no errors                   0                                                                                  Y 616373409<ETX>'

2023-02-28 18:29:07 - [MESSAGE][PASSED] - Text of object 'Object Repository/Page_VLinkReceipt/pre_STX' is: '<STX>44P3PJpueJYt                  2920768             0  Transaction approved, no errors                   0                                                                                  Y 616373409<ETX>'

2023-02-28 18:29:07 - [TEST_STEP][PASSED] - out.println("sdfo: " + sdfo): null

2023-02-28 18:29:07 - [TEST_STEP][PASSED] - remID = substring(5, 35).trim(): null

2023-02-28 18:29:07 - [TEST_STEP][PASSED] - out.println("remID: " + remID): null

2023-02-28 18:29:07 - [TEST_STEP][PASSED] - traxID = substring(35, 55).trim(): null

2023-02-28 18:29:07 - [TEST_STEP][PASSED] - out.println("traxID: " + traxID): null

2023-02-28 18:29:07 - [TEST_STEP][PASSED] - VLinkSaleRemID = remID: null

2023-02-28 18:29:07 - [TEST_STEP][PASSED] - VLinkSaleTranxID = traxID: null

2023-02-28 18:29:07 - [TEST_STEP][PASSED] - openBrowser(VLinkURL + "CC_void.html"): Browser is opened with url: 'https://dev-algorithm.govolution.com/vlinktest/demo2/version_2_0/CC_void.html'

2023-02-28 18:29:07 - [MESSAGE][WARNING] - A browser is already opened. Closing browser and opening a new one

2023-02-28 18:29:08 - [MESSAGE][INFO] - Starting 'Chrome' driver

2023-02-28 18:29:08 - [MESSAGE][INFO] - User set preference: ['acceptInsecureCerts', 'true']

2023-02-28 18:29:08 - [MESSAGE][INFO] - Action delay is set to 0 milliseconds

2023-02-28 18:29:10 - [MESSAGE][PASSED] - Browser is opened with url: 'https://dev-algorithm.govolution.com/vlinktest/demo2/version_2_0/CC_void.html'

2023-02-28 18:29:10 - [TEST_STEP][PASSED] - maximizeWindow(): Current window maximized

2023-02-28 18:29:10 - [MESSAGE][PASSED] - Current window maximized

2023-02-28 18:29:10 - [TEST_STEP][PASSED] - setText(findTestObject("Object Repository/RecAndPlayBk/Page-Vlink-CC-Void/txt_RemID"), VLinkSaleRemID): Text '44P3PJpueJYt' is set on object 'Object Repository/RecAndPlayBk/Page-Vlink-CC-Void/txt_RemID'

2023-02-28 18:29:11 - [MESSAGE][PASSED] - Text '44P3PJpueJYt' is set on object 'Object Repository/RecAndPlayBk/Page-Vlink-CC-Void/txt_RemID'

2023-02-28 18:29:11 - [TEST_STEP][PASSED] - setText(findTestObject("Object Repository/RecAndPlayBk/Page-Vlink-CC-Void/txt_ApplicationID"), appID): Text '1773' is set on object 'Object Repository/RecAndPlayBk/Page-Vlink-CC-Void/txt_ApplicationID'

2023-02-28 18:29:12 - [MESSAGE][PASSED] - Text '1773' is set on object 'Object Repository/RecAndPlayBk/Page-Vlink-CC-Void/txt_ApplicationID'

2023-02-28 18:29:12 - [TEST_STEP][PASSED] - setText(findTestObject("Object Repository/RecAndPlayBk/Page-Vlink-CC-Void/txt_Username"), username): Text 'Qq2BV1qtr' is set on object 'Object Repository/RecAndPlayBk/Page-Vlink-CC-Void/txt_Username'

2023-02-28 18:29:13 - [MESSAGE][PASSED] - Text 'Qq2BV1qtr' is set on object 'Object Repository/RecAndPlayBk/Page-Vlink-CC-Void/txt_Username'

2023-02-28 18:29:13 - [TEST_STEP][PASSED] - setText(findTestObject("Object Repository/RecAndPlayBk/Page-Vlink-CC-Void/txt_Password"), password): Text 'tUmWBiLUx' is set on object 'Object Repository/RecAndPlayBk/Page-Vlink-CC-Void/txt_Password'

2023-02-28 18:29:13 - [MESSAGE][PASSED] - Text 'tUmWBiLUx' is set on object 'Object Repository/RecAndPlayBk/Page-Vlink-CC-Void/txt_Password'

2023-02-28 18:29:13 - [TEST_STEP][PASSED] - setText(findTestObject("Object Repository/RecAndPlayBk/Page-Vlink-CC-Void/txt_TransactionID"), "-1"): Text '-1' is set on object 'Object Repository/RecAndPlayBk/Page-Vlink-CC-Void/txt_TransactionID'

2023-02-28 18:29:14 - [MESSAGE][PASSED] - Text '-1' is set on object 'Object Repository/RecAndPlayBk/Page-Vlink-CC-Void/txt_TransactionID'

2023-02-28 18:29:14 - [TEST_STEP][PASSED] - setText(findTestObject("Object Repository/RecAndPlayBk/Page-Vlink-CC-Void/txt_OriginalTransactionType"), "104"): Text '104' is set on object 'Object Repository/RecAndPlayBk/Page-Vlink-CC-Void/txt_OriginalTransactionType'

2023-02-28 18:29:14 - [MESSAGE][PASSED] - Text '104' is set on object 'Object Repository/RecAndPlayBk/Page-Vlink-CC-Void/txt_OriginalTransactionType'

2023-02-28 18:29:14 - [TEST_STEP][PASSED] - setText(findTestObject("Object Repository/RecAndPlayBk/Page-Vlink-CC-Void/txt_TrackData"), ""): Text '' is set on object 'Object Repository/RecAndPlayBk/Page-Vlink-CC-Void/txt_TrackData'

2023-02-28 18:29:15 - [MESSAGE][PASSED] - Text '' is set on object 'Object Repository/RecAndPlayBk/Page-Vlink-CC-Void/txt_TrackData'

2023-02-28 18:29:15 - [TEST_STEP][PASSED] - click(findTestObject("Object Repository/RecAndPlayBk/Page-Vlink-CC-Void/btn_ProcessVLinkTransaction")): Object: 'Object Repository/RecAndPlayBk/Page-Vlink-CC-Void/btn_ProcessVLinkTransaction' is clicked on

2023-02-28 18:29:18 - [MESSAGE][PASSED] - Object: 'Object Repository/RecAndPlayBk/Page-Vlink-CC-Void/btn_ProcessVLinkTransaction' is clicked on

2023-02-28 18:29:18 - [TEST_STEP][PASSED] - if (verifyTextPresent("Transaction approved, no errors", true)): null

2023-02-28 18:29:18 - [MESSAGE][PASSED] - Text 'Transaction approved, no errors' is present on page  using regular expression

2023-02-28 18:29:18 - [TEST_STEP][PASSED] - println("Transaction Approved, no errors text is present on the Confirmation page"): null

2023-02-28 18:29:18 - [TEST_STEP][PASSED] - out.println("Pass Record Number: " + row): null

2023-02-28 18:29:18 - [TEST_STEP][PASSED] - resText = "Pass": null

2023-02-28 18:29:18 - [TEST_STEP][PASSED] - pages.WriteExcel.demoKey(resText, datText, resColumn, datCloumn, fileLoc, nameSheet, row): pages.WriteExcel.demoKey is PASSED

2023-02-28 18:29:18 - [MESSAGE][PASSED] - pages.WriteExcel.demoKey is PASSED

2023-02-28 18:29:18 - [TEST_STEP][PASSED] - ExecuteTC = findTestData(dataFile).getValue("Execute", row): null

2023-02-28 18:29:18 - [TEST_STEP][PASSED] - out.println("Value of Execute is : " + ExecuteTC): null

2023-02-28 18:29:18 - [TEST_STEP][PASSED] - switch (executionProfile): null

2023-02-28 18:29:18 - [TEST_STEP][PASSED] - case "Demo2Profile":: null

2023-02-28 18:29:18 - [TEST_STEP][PASSED] - appID = findTestData(dataFile).getValue("AppIDDemo", row): null

2023-02-28 18:29:18 - [TEST_STEP][PASSED] - username = findTestData(dataFile).getValue("UsernameDemo", row): null

2023-02-28 18:29:18 - [TEST_STEP][PASSED] - password = findTestData(dataFile).getValue("PasswordDemo", row): null

2023-02-28 18:29:18 - [TEST_STEP][PASSED] - break: null

2023-02-28 18:29:18 - [TEST_STEP][FAILED] - if (ExecuteTC.equalsIgnoreCase("Y")): null

2023-02-28 18:29:18 - [TEST_STEP][PASSED] - out.println("Begin Record Number: " + row): null

2023-02-28 18:29:18 - [TEST_STEP][PASSED] - today = new java.util.Date(): null

2023-02-28 18:29:18 - [TEST_STEP][PASSED] - println(today): null

2023-02-28 18:29:18 - [TEST_STEP][PASSED] - datText = today: null

2023-02-28 18:29:18 - [TEST_STEP][PASSED] - category = findTestData(dataFile).getValue("Category", row): null

2023-02-28 18:29:18 - [TEST_STEP][PASSED] - amount = findTestData(dataFile).getValue("Amount", row): null

2023-02-28 18:29:19 - [TEST_STEP][PASSED] - cardNumber = findTestData(dataFile).getValue("CardNumber", row): null

2023-02-28 18:29:19 - [TEST_STEP][PASSED] - exM = findTestData(dataFile).getValue("ExM", row): null

2023-02-28 18:29:19 - [TEST_STEP][PASSED] - exY = findTestData(dataFile).getValue("ExY", row): null

2023-02-28 18:29:19 - [TEST_STEP][PASSED] - openBrowser(VLinkURL + "authcap.html"): Browser is opened with url: 'https://dev-algorithm.govolution.com/vlinktest/demo2/version_2_0/authcap.html'

2023-02-28 18:29:19 - [MESSAGE][WARNING] - A browser is already opened. Closing browser and opening a new one

2023-02-28 18:29:20 - [MESSAGE][INFO] - Starting 'Chrome' driver

2023-02-28 18:29:20 - [MESSAGE][INFO] - User set preference: ['acceptInsecureCerts', 'true']

2023-02-28 18:29:20 - [MESSAGE][INFO] - Action delay is set to 0 milliseconds

2023-02-28 18:29:21 - [MESSAGE][PASSED] - Browser is opened with url: 'https://dev-algorithm.govolution.com/vlinktest/demo2/version_2_0/authcap.html'

2023-02-28 18:29:21 - [TEST_STEP][PASSED] - maximizeWindow(): Current window maximized

2023-02-28 18:29:22 - [MESSAGE][PASSED] - Current window maximized

2023-02-28 18:29:22 - [TEST_STEP][PASSED] - maximizeWindow(): Current window maximized

2023-02-28 18:29:22 - [MESSAGE][PASSED] - Current window maximized

2023-02-28 18:29:22 - [TEST_STEP][PASSED] - genRemID = RandomStringUtils.random(12, true, true): null

2023-02-28 18:29:22 - [TEST_STEP][PASSED] - setText(findTestObject("Object Repository/RecAndPlayBk/Page-Vlink-Sale/input_Remittance Id_remittance_id"), genRemID): Text 'ffHVs0lNCQ2k' is set on object 'Object Repository/RecAndPlayBk/Page-Vlink-Sale/input_Remittance Id_remittance_id'

2023-02-28 18:29:22 - [MESSAGE][PASSED] - Text 'ffHVs0lNCQ2k' is set on object 'Object Repository/RecAndPlayBk/Page-Vlink-Sale/input_Remittance Id_remittance_id'

2023-02-28 18:29:22 - [TEST_STEP][PASSED] - setText(findTestObject("Object Repository/RecAndPlayBk/Page-Vlink-Sale/input_Application Id_application_id"), appID): Text '2435' is set on object 'Object Repository/RecAndPlayBk/Page-Vlink-Sale/input_Application Id_application_id'

2023-02-28 18:29:23 - [MESSAGE][PASSED] - Text '2435' is set on object 'Object Repository/RecAndPlayBk/Page-Vlink-Sale/input_Application Id_application_id'

2023-02-28 18:29:23 - [TEST_STEP][PASSED] - setText(findTestObject("Object Repository/RecAndPlayBk/Page-Vlink-Sale/input_Username_username"), username): Text 'health' is set on object 'Object Repository/RecAndPlayBk/Page-Vlink-Sale/input_Username_username'

2023-02-28 18:29:24 - [MESSAGE][PASSED] - Text 'health' is set on object 'Object Repository/RecAndPlayBk/Page-Vlink-Sale/input_Username_username'

2023-02-28 18:29:24 - [TEST_STEP][PASSED] - setText(findTestObject("Object Repository/RecAndPlayBk/Page-Vlink-Sale/input_Password_password"), password): Text '11111111' is set on object 'Object Repository/RecAndPlayBk/Page-Vlink-Sale/input_Password_password'

2023-02-28 18:29:24 - [MESSAGE][PASSED] - Text '11111111' is set on object 'Object Repository/RecAndPlayBk/Page-Vlink-Sale/input_Password_password'

2023-02-28 18:29:24 - [TEST_STEP][PASSED] - setText(findTestObject("Object Repository/RecAndPlayBk/Page-Vlink-Sale/input_Category_category"), category): Text 'ECOM' is set on object 'Object Repository/RecAndPlayBk/Page-Vlink-Sale/input_Category_category'

2023-02-28 18:29:25 - [MESSAGE][PASSED] - Text 'ECOM' is set on object 'Object Repository/RecAndPlayBk/Page-Vlink-Sale/input_Category_category'

2023-02-28 18:29:25 - [TEST_STEP][PASSED] - setText(findTestObject("Object Repository/RecAndPlayBk/Page-Vlink-Sale/input_Amount_amount"), amount): Text '10.5' is set on object 'Object Repository/RecAndPlayBk/Page-Vlink-Sale/input_Amount_amount'

2023-02-28 18:29:26 - [MESSAGE][PASSED] - Text '10.5' is set on object 'Object Repository/RecAndPlayBk/Page-Vlink-Sale/input_Amount_amount'

2023-02-28 18:29:26 - [TEST_STEP][PASSED] - doubleClick(findTestObject("Object Repository/RecAndPlayBk/Page-Vlink-Sale/input_Card number_card_number")): Object: 'Object Repository/RecAndPlayBk/Page-Vlink-Sale/input_Card number_card_number' is double clicked on

2023-02-28 18:29:26 - [MESSAGE][PASSED] - Object: 'Object Repository/RecAndPlayBk/Page-Vlink-Sale/input_Card number_card_number' is double clicked on

2023-02-28 18:29:26 - [TEST_STEP][PASSED] - setText(findTestObject("Object Repository/RecAndPlayBk/Page-Vlink-Sale/input_Card number_card_number"), cardNumber): Text '4012000098765439' is set on object 'Object Repository/RecAndPlayBk/Page-Vlink-Sale/input_Card number_card_number'

2023-02-28 18:29:27 - [MESSAGE][PASSED] - Text '4012000098765439' is set on object 'Object Repository/RecAndPlayBk/Page-Vlink-Sale/input_Card number_card_number'

2023-02-28 18:29:27 - [TEST_STEP][PASSED] - setText(findTestObject("Object Repository/RecAndPlayBk/Page-Vlink-Sale/input_Card ex month_card_exmo"), exM): Text '12' is set on object 'Object Repository/RecAndPlayBk/Page-Vlink-Sale/input_Card ex month_card_exmo'

2023-02-28 18:29:27 - [MESSAGE][PASSED] - Text '12' is set on object 'Object Repository/RecAndPlayBk/Page-Vlink-Sale/input_Card ex month_card_exmo'

2023-02-28 18:29:27 - [TEST_STEP][PASSED] - setText(findTestObject("Object Repository/RecAndPlayBk/Page-Vlink-Sale/input_Card ex year_card_exyr"), exY): Text '2029' is set on object 'Object Repository/RecAndPlayBk/Page-Vlink-Sale/input_Card ex year_card_exyr'

2023-02-28 18:29:28 - [MESSAGE][PASSED] - Text '2029' is set on object 'Object Repository/RecAndPlayBk/Page-Vlink-Sale/input_Card ex year_card_exyr'

2023-02-28 18:29:28 - [TEST_STEP][PASSED] - click(findTestObject("Object Repository/RecAndPlayBk/Page-Vlink-Sale/input_Track Data_track_data")): Object: 'Object Repository/RecAndPlayBk/Page-Vlink-Sale/input_Track Data_track_data' is clicked on

2023-02-28 18:29:28 - [MESSAGE][PASSED] - Object: 'Object Repository/RecAndPlayBk/Page-Vlink-Sale/input_Track Data_track_data' is clicked on

2023-02-28 18:29:28 - [TEST_STEP][PASSED] - click(findTestObject("Object Repository/RecAndPlayBk/Page-Vlink-Sale/input_CVV state_cvv_state")): Object: 'Object Repository/RecAndPlayBk/Page-Vlink-Sale/input_CVV state_cvv_state' is clicked on

2023-02-28 18:29:29 - [MESSAGE][PASSED] - Object: 'Object Repository/RecAndPlayBk/Page-Vlink-Sale/input_CVV state_cvv_state' is clicked on

2023-02-28 18:29:29 - [TEST_STEP][PASSED] - setText(findTestObject("Object Repository/RecAndPlayBk/Page-Vlink-Sale/input_Track Data_track_data"), ""): Text '' is set on object 'Object Repository/RecAndPlayBk/Page-Vlink-Sale/input_Track Data_track_data'

2023-02-28 18:29:29 - [MESSAGE][PASSED] - Text '' is set on object 'Object Repository/RecAndPlayBk/Page-Vlink-Sale/input_Track Data_track_data'

2023-02-28 18:29:29 - [TEST_STEP][PASSED] - setText(findTestObject("Object Repository/RecAndPlayBk/Page-Vlink-Sale/input_concat(Cardholder, , s email)_email"), ""): Text '' is set on object 'Object Repository/RecAndPlayBk/Page-Vlink-Sale/input_concat(Cardholder, , s email)_email'

2023-02-28 18:29:30 - [MESSAGE][PASSED] - Text '' is set on object 'Object Repository/RecAndPlayBk/Page-Vlink-Sale/input_concat(Cardholder, , s email)_email'

2023-02-28 18:29:30 - [TEST_STEP][PASSED] - click(findTestObject("Object Repository/RecAndPlayBk/Page-Vlink-Sale/input_user_defined10_user_defined10")): Object: 'Object Repository/RecAndPlayBk/Page-Vlink-Sale/input_user_defined10_user_defined10' is clicked on

2023-02-28 18:29:30 - [MESSAGE][PASSED] - Object: 'Object Repository/RecAndPlayBk/Page-Vlink-Sale/input_user_defined10_user_defined10' is clicked on

2023-02-28 18:29:30 - [TEST_STEP][PASSED] - if (executionProfile.equalsIgnoreCase("QAProfile") || executionProfile.equalsIgnoreCase("DemoProfile")): null

2023-02-28 18:29:30 - [TEST_STEP][PASSED] - click(findTestObject("Object Repository/RecAndPlayBk/Page-Vlink-Sale/input")): Object: 'Object Repository/RecAndPlayBk/Page-Vlink-Sale/input' is clicked on

2023-02-28 18:29:32 - [MESSAGE][PASSED] - Object: 'Object Repository/RecAndPlayBk/Page-Vlink-Sale/input' is clicked on

2023-02-28 18:29:32 - [TEST_STEP][FAILED] - if (verifyTextPresent("Transaction approved, no errors", true)): Text 'Transaction approved, no errors' is not present on page  using regular expression (Root cause: com.kms.katalon.core.exception.StepFailedException: Text 'Transaction approved, no errors' is not present on page  using regular expression
	at com.kms.katalon.core.webui.keyword.internal.WebUIKeywordMain.stepFailed(WebUIKeywordMain.groovy:64)
	at com.kms.katalon.core.webui.keyword.builtin.VerifyTextPresentKeyword$_verifyTextPresent_closure1.doCall(VerifyTextPresentKeyword.groovy:79)
	at com.kms.katalon.core.webui.keyword.builtin.VerifyTextPresentKeyword$_verifyTextPresent_closure1.call(VerifyTextPresentKeyword.groovy)
	at com.kms.katalon.core.webui.keyword.internal.WebUIKeywordMain.runKeyword(WebUIKeywordMain.groovy:20)
	at com.kms.katalon.core.webui.keyword.builtin.VerifyTextPresentKeyword.verifyTextPresent(VerifyTextPresentKeyword.groovy:83)
	at com.kms.katalon.core.webui.keyword.builtin.VerifyTextPresentKeyword.execute(VerifyTextPresentKeyword.groovy:68)
	at com.kms.katalon.core.keyword.internal.KeywordExecutor.executeKeywordForPlatform(KeywordExecutor.groovy:74)
	at com.kms.katalon.core.webui.keyword.WebUiBuiltInKeywords.verifyTextPresent(WebUiBuiltInKeywords.groovy:1723)
	at com.kms.katalon.core.webui.keyword.WebUiBuiltInKeywords$verifyTextPresent$4.call(Unknown Source)
	at Sale-Void-NoTranxID.run(Sale-Void-NoTranxID:161)
	at com.kms.katalon.core.main.ScriptEngine.run(ScriptEngine.java:194)
	at com.kms.katalon.core.main.ScriptEngine.runScriptAsRawText(ScriptEngine.java:119)
	at com.kms.katalon.core.main.TestCaseExecutor.runScript(TestCaseExecutor.java:442)
	at com.kms.katalon.core.main.TestCaseExecutor.doExecute(TestCaseExecutor.java:433)
	at com.kms.katalon.core.main.TestCaseExecutor.processExecutionPhase(TestCaseExecutor.java:412)
	at com.kms.katalon.core.main.TestCaseExecutor.accessMainPhase(TestCaseExecutor.java:404)
	at com.kms.katalon.core.main.TestCaseExecutor.execute(TestCaseExecutor.java:281)
	at com.kms.katalon.core.main.TestSuiteExecutor.accessTestCaseMainPhase(TestSuiteExecutor.java:202)
	at com.kms.katalon.core.main.TestSuiteExecutor.accessTestSuiteMainPhase(TestSuiteExecutor.java:164)
	at com.kms.katalon.core.main.TestSuiteExecutor.execute(TestSuiteExecutor.java:105)
	at com.kms.katalon.core.main.TestCaseMain.startTestSuite(TestCaseMain.java:185)
	at com.kms.katalon.core.main.TestCaseMain$startTestSuite$0.call(Unknown Source)
	at TempTestSuite1677626298320.run(TempTestSuite1677626298320.groovy:36)
)

2023-02-28 18:29:33 - [MESSAGE][FAILED] - Text 'Transaction approved, no errors' is not present on page  using regular expression (Root cause: com.kms.katalon.core.exception.StepFailedException: Text 'Transaction approved, no errors' is not present on page  using regular expression
	at com.kms.katalon.core.webui.keyword.internal.WebUIKeywordMain.stepFailed(WebUIKeywordMain.groovy:64)
	at com.kms.katalon.core.webui.keyword.builtin.VerifyTextPresentKeyword$_verifyTextPresent_closure1.doCall(VerifyTextPresentKeyword.groovy:79)
	at com.kms.katalon.core.webui.keyword.builtin.VerifyTextPresentKeyword$_verifyTextPresent_closure1.call(VerifyTextPresentKeyword.groovy)
	at com.kms.katalon.core.webui.keyword.internal.WebUIKeywordMain.runKeyword(WebUIKeywordMain.groovy:20)
	at com.kms.katalon.core.webui.keyword.builtin.VerifyTextPresentKeyword.verifyTextPresent(VerifyTextPresentKeyword.groovy:83)
	at com.kms.katalon.core.webui.keyword.builtin.VerifyTextPresentKeyword.execute(VerifyTextPresentKeyword.groovy:68)
	at com.kms.katalon.core.keyword.internal.KeywordExecutor.executeKeywordForPlatform(KeywordExecutor.groovy:74)
	at com.kms.katalon.core.webui.keyword.WebUiBuiltInKeywords.verifyTextPresent(WebUiBuiltInKeywords.groovy:1723)
	at com.kms.katalon.core.webui.keyword.WebUiBuiltInKeywords$verifyTextPresent$4.call(Unknown Source)
	at Sale-Void-NoTranxID.run(Sale-Void-NoTranxID:161)
	at com.kms.katalon.core.main.ScriptEngine.run(ScriptEngine.java:194)
	at com.kms.katalon.core.main.ScriptEngine.runScriptAsRawText(ScriptEngine.java:119)
	at com.kms.katalon.core.main.TestCaseExecutor.runScript(TestCaseExecutor.java:442)
	at com.kms.katalon.core.main.TestCaseExecutor.doExecute(TestCaseExecutor.java:433)
	at com.kms.katalon.core.main.TestCaseExecutor.processExecutionPhase(TestCaseExecutor.java:412)
	at com.kms.katalon.core.main.TestCaseExecutor.accessMainPhase(TestCaseExecutor.java:404)
	at com.kms.katalon.core.main.TestCaseExecutor.execute(TestCaseExecutor.java:281)
	at com.kms.katalon.core.main.TestSuiteExecutor.accessTestCaseMainPhase(TestSuiteExecutor.java:202)
	at com.kms.katalon.core.main.TestSuiteExecutor.accessTestSuiteMainPhase(TestSuiteExecutor.java:164)
	at com.kms.katalon.core.main.TestSuiteExecutor.execute(TestSuiteExecutor.java:105)
	at com.kms.katalon.core.main.TestCaseMain.startTestSuite(TestCaseMain.java:185)
	at com.kms.katalon.core.main.TestCaseMain$startTestSuite$0.call(Unknown Source)
	at TempTestSuite1677626298320.run(TempTestSuite1677626298320.groovy:36)
)

2023-02-28 18:29:33 - [TEST_STEP][PASSED] - else: pages.WriteExcel.demoKey is PASSED

2023-02-28 18:29:33 - [TEST_STEP][PASSED] - println("Transaction Approved, no errors text is not present on the Confirmation page"): null

2023-02-28 18:29:33 - [TEST_STEP][PASSED] - out.println("Fail Record Number: " + row): null

2023-02-28 18:29:33 - [TEST_STEP][PASSED] - resText = "Fail": null

2023-02-28 18:29:33 - [TEST_STEP][PASSED] - pages.WriteExcel.demoKey(resText, datText, resColumn, datCloumn, fileLoc, nameSheet, row): pages.WriteExcel.demoKey is PASSED

2023-02-28 18:29:33 - [MESSAGE][PASSED] - pages.WriteExcel.demoKey is PASSED

2023-02-28 18:29:33 - [TEST_STEP][PASSED] - ExecuteTC = findTestData(dataFile).getValue("Execute", row): null

2023-02-28 18:29:33 - [TEST_STEP][PASSED] - out.println("Value of Execute is : " + ExecuteTC): null

2023-02-28 18:29:33 - [TEST_STEP][PASSED] - switch (executionProfile): null

2023-02-28 18:29:33 - [TEST_STEP][PASSED] - case "Demo2Profile":: null

2023-02-28 18:29:33 - [TEST_STEP][PASSED] - appID = findTestData(dataFile).getValue("AppIDDemo", row): null

2023-02-28 18:29:33 - [TEST_STEP][PASSED] - username = findTestData(dataFile).getValue("UsernameDemo", row): null

2023-02-28 18:29:33 - [TEST_STEP][PASSED] - password = findTestData(dataFile).getValue("PasswordDemo", row): null

2023-02-28 18:29:33 - [TEST_STEP][PASSED] - break: null

2023-02-28 18:29:33 - [TEST_STEP][FAILED] - if (ExecuteTC.equalsIgnoreCase("Y")): null

2023-02-28 18:29:33 - [TEST_STEP][PASSED] - out.println("Begin Record Number: " + row): null

2023-02-28 18:29:33 - [TEST_STEP][PASSED] - today = new java.util.Date(): null

2023-02-28 18:29:33 - [TEST_STEP][PASSED] - println(today): null

2023-02-28 18:29:33 - [TEST_STEP][PASSED] - datText = today: null

2023-02-28 18:29:33 - [TEST_STEP][PASSED] - category = findTestData(dataFile).getValue("Category", row): null

2023-02-28 18:29:33 - [TEST_STEP][PASSED] - amount = findTestData(dataFile).getValue("Amount", row): null

2023-02-28 18:29:33 - [TEST_STEP][PASSED] - cardNumber = findTestData(dataFile).getValue("CardNumber", row): null

2023-02-28 18:29:33 - [TEST_STEP][PASSED] - exM = findTestData(dataFile).getValue("ExM", row): null

2023-02-28 18:29:33 - [TEST_STEP][PASSED] - exY = findTestData(dataFile).getValue("ExY", row): null

2023-02-28 18:29:33 - [TEST_STEP][PASSED] - openBrowser(VLinkURL + "authcap.html"): Browser is opened with url: 'https://dev-algorithm.govolution.com/vlinktest/demo2/version_2_0/authcap.html'

2023-02-28 18:29:33 - [MESSAGE][WARNING] - A browser is already opened. Closing browser and opening a new one

2023-02-28 18:29:34 - [MESSAGE][INFO] - Starting 'Chrome' driver

2023-02-28 18:29:34 - [MESSAGE][INFO] - User set preference: ['acceptInsecureCerts', 'true']

2023-02-28 18:29:34 - [MESSAGE][INFO] - Action delay is set to 0 milliseconds

2023-02-28 18:29:36 - [MESSAGE][PASSED] - Browser is opened with url: 'https://dev-algorithm.govolution.com/vlinktest/demo2/version_2_0/authcap.html'

2023-02-28 18:29:36 - [TEST_STEP][PASSED] - maximizeWindow(): Current window maximized

2023-02-28 18:29:36 - [MESSAGE][PASSED] - Current window maximized

2023-02-28 18:29:36 - [TEST_STEP][PASSED] - maximizeWindow(): Current window maximized

2023-02-28 18:29:36 - [MESSAGE][PASSED] - Current window maximized

2023-02-28 18:29:36 - [TEST_STEP][PASSED] - genRemID = RandomStringUtils.random(12, true, true): null

2023-02-28 18:29:36 - [TEST_STEP][PASSED] - setText(findTestObject("Object Repository/RecAndPlayBk/Page-Vlink-Sale/input_Remittance Id_remittance_id"), genRemID): Text 'M1yWw1D7wh5z' is set on object 'Object Repository/RecAndPlayBk/Page-Vlink-Sale/input_Remittance Id_remittance_id'

2023-02-28 18:29:37 - [MESSAGE][PASSED] - Text 'M1yWw1D7wh5z' is set on object 'Object Repository/RecAndPlayBk/Page-Vlink-Sale/input_Remittance Id_remittance_id'

2023-02-28 18:29:37 - [TEST_STEP][PASSED] - setText(findTestObject("Object Repository/RecAndPlayBk/Page-Vlink-Sale/input_Application Id_application_id"), appID): Text '3136' is set on object 'Object Repository/RecAndPlayBk/Page-Vlink-Sale/input_Application Id_application_id'

2023-02-28 18:29:38 - [MESSAGE][PASSED] - Text '3136' is set on object 'Object Repository/RecAndPlayBk/Page-Vlink-Sale/input_Application Id_application_id'

2023-02-28 18:29:38 - [TEST_STEP][PASSED] - setText(findTestObject("Object Repository/RecAndPlayBk/Page-Vlink-Sale/input_Username_username"), username): Text 'user3136' is set on object 'Object Repository/RecAndPlayBk/Page-Vlink-Sale/input_Username_username'

2023-02-28 18:29:38 - [MESSAGE][PASSED] - Text 'user3136' is set on object 'Object Repository/RecAndPlayBk/Page-Vlink-Sale/input_Username_username'

2023-02-28 18:29:38 - [TEST_STEP][PASSED] - setText(findTestObject("Object Repository/RecAndPlayBk/Page-Vlink-Sale/input_Password_password"), password): Text 'pwd3136' is set on object 'Object Repository/RecAndPlayBk/Page-Vlink-Sale/input_Password_password'

2023-02-28 18:29:39 - [MESSAGE][PASSED] - Text 'pwd3136' is set on object 'Object Repository/RecAndPlayBk/Page-Vlink-Sale/input_Password_password'

2023-02-28 18:29:39 - [TEST_STEP][PASSED] - setText(findTestObject("Object Repository/RecAndPlayBk/Page-Vlink-Sale/input_Category_category"), category): Text 'ECOM' is set on object 'Object Repository/RecAndPlayBk/Page-Vlink-Sale/input_Category_category'

2023-02-28 18:29:40 - [MESSAGE][PASSED] - Text 'ECOM' is set on object 'Object Repository/RecAndPlayBk/Page-Vlink-Sale/input_Category_category'

2023-02-28 18:29:40 - [TEST_STEP][PASSED] - setText(findTestObject("Object Repository/RecAndPlayBk/Page-Vlink-Sale/input_Amount_amount"), amount): Text '10.5' is set on object 'Object Repository/RecAndPlayBk/Page-Vlink-Sale/input_Amount_amount'

2023-02-28 18:29:40 - [MESSAGE][PASSED] - Text '10.5' is set on object 'Object Repository/RecAndPlayBk/Page-Vlink-Sale/input_Amount_amount'

2023-02-28 18:29:40 - [TEST_STEP][PASSED] - doubleClick(findTestObject("Object Repository/RecAndPlayBk/Page-Vlink-Sale/input_Card number_card_number")): Object: 'Object Repository/RecAndPlayBk/Page-Vlink-Sale/input_Card number_card_number' is double clicked on

2023-02-28 18:29:41 - [MESSAGE][PASSED] - Object: 'Object Repository/RecAndPlayBk/Page-Vlink-Sale/input_Card number_card_number' is double clicked on

2023-02-28 18:29:41 - [TEST_STEP][PASSED] - setText(findTestObject("Object Repository/RecAndPlayBk/Page-Vlink-Sale/input_Card number_card_number"), cardNumber): Text '5146312200000035' is set on object 'Object Repository/RecAndPlayBk/Page-Vlink-Sale/input_Card number_card_number'

2023-02-28 18:29:41 - [MESSAGE][PASSED] - Text '5146312200000035' is set on object 'Object Repository/RecAndPlayBk/Page-Vlink-Sale/input_Card number_card_number'

2023-02-28 18:29:41 - [TEST_STEP][PASSED] - setText(findTestObject("Object Repository/RecAndPlayBk/Page-Vlink-Sale/input_Card ex month_card_exmo"), exM): Text '12' is set on object 'Object Repository/RecAndPlayBk/Page-Vlink-Sale/input_Card ex month_card_exmo'

2023-02-28 18:29:42 - [MESSAGE][PASSED] - Text '12' is set on object 'Object Repository/RecAndPlayBk/Page-Vlink-Sale/input_Card ex month_card_exmo'

2023-02-28 18:29:42 - [TEST_STEP][PASSED] - setText(findTestObject("Object Repository/RecAndPlayBk/Page-Vlink-Sale/input_Card ex year_card_exyr"), exY): Text '2029' is set on object 'Object Repository/RecAndPlayBk/Page-Vlink-Sale/input_Card ex year_card_exyr'

2023-02-28 18:29:42 - [MESSAGE][PASSED] - Text '2029' is set on object 'Object Repository/RecAndPlayBk/Page-Vlink-Sale/input_Card ex year_card_exyr'

2023-02-28 18:29:42 - [TEST_STEP][PASSED] - click(findTestObject("Object Repository/RecAndPlayBk/Page-Vlink-Sale/input_Track Data_track_data")): Object: 'Object Repository/RecAndPlayBk/Page-Vlink-Sale/input_Track Data_track_data' is clicked on

2023-02-28 18:29:43 - [MESSAGE][PASSED] - Object: 'Object Repository/RecAndPlayBk/Page-Vlink-Sale/input_Track Data_track_data' is clicked on

2023-02-28 18:29:43 - [TEST_STEP][PASSED] - click(findTestObject("Object Repository/RecAndPlayBk/Page-Vlink-Sale/input_CVV state_cvv_state")): Object: 'Object Repository/RecAndPlayBk/Page-Vlink-Sale/input_CVV state_cvv_state' is clicked on

2023-02-28 18:29:43 - [MESSAGE][PASSED] - Object: 'Object Repository/RecAndPlayBk/Page-Vlink-Sale/input_CVV state_cvv_state' is clicked on

2023-02-28 18:29:43 - [TEST_STEP][PASSED] - setText(findTestObject("Object Repository/RecAndPlayBk/Page-Vlink-Sale/input_Track Data_track_data"), ""): Text '' is set on object 'Object Repository/RecAndPlayBk/Page-Vlink-Sale/input_Track Data_track_data'

2023-02-28 18:29:44 - [MESSAGE][PASSED] - Text '' is set on object 'Object Repository/RecAndPlayBk/Page-Vlink-Sale/input_Track Data_track_data'

2023-02-28 18:29:44 - [TEST_STEP][PASSED] - setText(findTestObject("Object Repository/RecAndPlayBk/Page-Vlink-Sale/input_concat(Cardholder, , s email)_email"), ""): Text '' is set on object 'Object Repository/RecAndPlayBk/Page-Vlink-Sale/input_concat(Cardholder, , s email)_email'

2023-02-28 18:29:44 - [MESSAGE][PASSED] - Text '' is set on object 'Object Repository/RecAndPlayBk/Page-Vlink-Sale/input_concat(Cardholder, , s email)_email'

2023-02-28 18:29:44 - [TEST_STEP][PASSED] - click(findTestObject("Object Repository/RecAndPlayBk/Page-Vlink-Sale/input_user_defined10_user_defined10")): Object: 'Object Repository/RecAndPlayBk/Page-Vlink-Sale/input_user_defined10_user_defined10' is clicked on

2023-02-28 18:29:45 - [MESSAGE][PASSED] - Object: 'Object Repository/RecAndPlayBk/Page-Vlink-Sale/input_user_defined10_user_defined10' is clicked on

2023-02-28 18:29:45 - [TEST_STEP][PASSED] - if (executionProfile.equalsIgnoreCase("QAProfile") || executionProfile.equalsIgnoreCase("DemoProfile")): null

2023-02-28 18:29:45 - [TEST_STEP][PASSED] - click(findTestObject("Object Repository/RecAndPlayBk/Page-Vlink-Sale/input")): Object: 'Object Repository/RecAndPlayBk/Page-Vlink-Sale/input' is clicked on

2023-02-28 18:29:47 - [MESSAGE][PASSED] - Object: 'Object Repository/RecAndPlayBk/Page-Vlink-Sale/input' is clicked on

2023-02-28 18:29:47 - [TEST_STEP][FAILED] - if (verifyTextPresent("Transaction approved, no errors", true)): Text 'Transaction approved, no errors' is not present on page  using regular expression (Root cause: com.kms.katalon.core.exception.StepFailedException: Text 'Transaction approved, no errors' is not present on page  using regular expression
	at com.kms.katalon.core.webui.keyword.internal.WebUIKeywordMain.stepFailed(WebUIKeywordMain.groovy:64)
	at com.kms.katalon.core.webui.keyword.builtin.VerifyTextPresentKeyword$_verifyTextPresent_closure1.doCall(VerifyTextPresentKeyword.groovy:79)
	at com.kms.katalon.core.webui.keyword.builtin.VerifyTextPresentKeyword$_verifyTextPresent_closure1.call(VerifyTextPresentKeyword.groovy)
	at com.kms.katalon.core.webui.keyword.internal.WebUIKeywordMain.runKeyword(WebUIKeywordMain.groovy:20)
	at com.kms.katalon.core.webui.keyword.builtin.VerifyTextPresentKeyword.verifyTextPresent(VerifyTextPresentKeyword.groovy:83)
	at com.kms.katalon.core.webui.keyword.builtin.VerifyTextPresentKeyword.execute(VerifyTextPresentKeyword.groovy:68)
	at com.kms.katalon.core.keyword.internal.KeywordExecutor.executeKeywordForPlatform(KeywordExecutor.groovy:74)
	at com.kms.katalon.core.webui.keyword.WebUiBuiltInKeywords.verifyTextPresent(WebUiBuiltInKeywords.groovy:1723)
	at com.kms.katalon.core.webui.keyword.WebUiBuiltInKeywords$verifyTextPresent$4.call(Unknown Source)
	at Sale-Void-NoTranxID.run(Sale-Void-NoTranxID:161)
	at com.kms.katalon.core.main.ScriptEngine.run(ScriptEngine.java:194)
	at com.kms.katalon.core.main.ScriptEngine.runScriptAsRawText(ScriptEngine.java:119)
	at com.kms.katalon.core.main.TestCaseExecutor.runScript(TestCaseExecutor.java:442)
	at com.kms.katalon.core.main.TestCaseExecutor.doExecute(TestCaseExecutor.java:433)
	at com.kms.katalon.core.main.TestCaseExecutor.processExecutionPhase(TestCaseExecutor.java:412)
	at com.kms.katalon.core.main.TestCaseExecutor.accessMainPhase(TestCaseExecutor.java:404)
	at com.kms.katalon.core.main.TestCaseExecutor.execute(TestCaseExecutor.java:281)
	at com.kms.katalon.core.main.TestSuiteExecutor.accessTestCaseMainPhase(TestSuiteExecutor.java:202)
	at com.kms.katalon.core.main.TestSuiteExecutor.accessTestSuiteMainPhase(TestSuiteExecutor.java:164)
	at com.kms.katalon.core.main.TestSuiteExecutor.execute(TestSuiteExecutor.java:105)
	at com.kms.katalon.core.main.TestCaseMain.startTestSuite(TestCaseMain.java:185)
	at com.kms.katalon.core.main.TestCaseMain$startTestSuite$0.call(Unknown Source)
	at TempTestSuite1677626298320.run(TempTestSuite1677626298320.groovy:36)
)

2023-02-28 18:29:47 - [MESSAGE][FAILED] - Text 'Transaction approved, no errors' is not present on page  using regular expression (Root cause: com.kms.katalon.core.exception.StepFailedException: Text 'Transaction approved, no errors' is not present on page  using regular expression
	at com.kms.katalon.core.webui.keyword.internal.WebUIKeywordMain.stepFailed(WebUIKeywordMain.groovy:64)
	at com.kms.katalon.core.webui.keyword.builtin.VerifyTextPresentKeyword$_verifyTextPresent_closure1.doCall(VerifyTextPresentKeyword.groovy:79)
	at com.kms.katalon.core.webui.keyword.builtin.VerifyTextPresentKeyword$_verifyTextPresent_closure1.call(VerifyTextPresentKeyword.groovy)
	at com.kms.katalon.core.webui.keyword.internal.WebUIKeywordMain.runKeyword(WebUIKeywordMain.groovy:20)
	at com.kms.katalon.core.webui.keyword.builtin.VerifyTextPresentKeyword.verifyTextPresent(VerifyTextPresentKeyword.groovy:83)
	at com.kms.katalon.core.webui.keyword.builtin.VerifyTextPresentKeyword.execute(VerifyTextPresentKeyword.groovy:68)
	at com.kms.katalon.core.keyword.internal.KeywordExecutor.executeKeywordForPlatform(KeywordExecutor.groovy:74)
	at com.kms.katalon.core.webui.keyword.WebUiBuiltInKeywords.verifyTextPresent(WebUiBuiltInKeywords.groovy:1723)
	at com.kms.katalon.core.webui.keyword.WebUiBuiltInKeywords$verifyTextPresent$4.call(Unknown Source)
	at Sale-Void-NoTranxID.run(Sale-Void-NoTranxID:161)
	at com.kms.katalon.core.main.ScriptEngine.run(ScriptEngine.java:194)
	at com.kms.katalon.core.main.ScriptEngine.runScriptAsRawText(ScriptEngine.java:119)
	at com.kms.katalon.core.main.TestCaseExecutor.runScript(TestCaseExecutor.java:442)
	at com.kms.katalon.core.main.TestCaseExecutor.doExecute(TestCaseExecutor.java:433)
	at com.kms.katalon.core.main.TestCaseExecutor.processExecutionPhase(TestCaseExecutor.java:412)
	at com.kms.katalon.core.main.TestCaseExecutor.accessMainPhase(TestCaseExecutor.java:404)
	at com.kms.katalon.core.main.TestCaseExecutor.execute(TestCaseExecutor.java:281)
	at com.kms.katalon.core.main.TestSuiteExecutor.accessTestCaseMainPhase(TestSuiteExecutor.java:202)
	at com.kms.katalon.core.main.TestSuiteExecutor.accessTestSuiteMainPhase(TestSuiteExecutor.java:164)
	at com.kms.katalon.core.main.TestSuiteExecutor.execute(TestSuiteExecutor.java:105)
	at com.kms.katalon.core.main.TestCaseMain.startTestSuite(TestCaseMain.java:185)
	at com.kms.katalon.core.main.TestCaseMain$startTestSuite$0.call(Unknown Source)
	at TempTestSuite1677626298320.run(TempTestSuite1677626298320.groovy:36)
)

2023-02-28 18:29:47 - [TEST_STEP][PASSED] - else: pages.WriteExcel.demoKey is PASSED

2023-02-28 18:29:47 - [TEST_STEP][PASSED] - println("Transaction Approved, no errors text is not present on the Confirmation page"): null

2023-02-28 18:29:47 - [TEST_STEP][PASSED] - out.println("Fail Record Number: " + row): null

2023-02-28 18:29:47 - [TEST_STEP][PASSED] - resText = "Fail": null

2023-02-28 18:29:47 - [TEST_STEP][PASSED] - pages.WriteExcel.demoKey(resText, datText, resColumn, datCloumn, fileLoc, nameSheet, row): pages.WriteExcel.demoKey is PASSED

2023-02-28 18:29:47 - [MESSAGE][PASSED] - pages.WriteExcel.demoKey is PASSED]]></system-out>
         <system-err><![CDATA[2023-02-28 18:28:04 - [TEST_CASE][FAILED] - Test Cases/RecAndPlayBk/VLink/Sale-Void-NoTranxID: Test Cases/RecAndPlayBk/VLink/Sale-Void-NoTranxID FAILED.
Reason:
com.kms.katalon.core.exception.StepFailedException: Text 'Transaction approved, no errors' is not present on page  using regular expression (Root cause: com.kms.katalon.core.exception.StepFailedException: Text 'Transaction approved, no errors' is not present on page  using regular expression
	at com.kms.katalon.core.webui.keyword.internal.WebUIKeywordMain.stepFailed(WebUIKeywordMain.groovy:64)
	at com.kms.katalon.core.webui.keyword.builtin.VerifyTextPresentKeyword$_verifyTextPresent_closure1.doCall(VerifyTextPresentKeyword.groovy:79)
	at com.kms.katalon.core.webui.keyword.builtin.VerifyTextPresentKeyword$_verifyTextPresent_closure1.call(VerifyTextPresentKeyword.groovy)
	at com.kms.katalon.core.webui.keyword.internal.WebUIKeywordMain.runKeyword(WebUIKeywordMain.groovy:20)
	at com.kms.katalon.core.webui.keyword.builtin.VerifyTextPresentKeyword.verifyTextPresent(VerifyTextPresentKeyword.groovy:83)
	at com.kms.katalon.core.webui.keyword.builtin.VerifyTextPresentKeyword.execute(VerifyTextPresentKeyword.groovy:68)
	at com.kms.katalon.core.keyword.internal.KeywordExecutor.executeKeywordForPlatform(KeywordExecutor.groovy:74)
	at com.kms.katalon.core.webui.keyword.WebUiBuiltInKeywords.verifyTextPresent(WebUiBuiltInKeywords.groovy:1723)
	at com.kms.katalon.core.webui.keyword.WebUiBuiltInKeywords$verifyTextPresent$4.call(Unknown Source)
	at Sale-Void-NoTranxID.run(Sale-Void-NoTranxID:161)
	at com.kms.katalon.core.main.ScriptEngine.run(ScriptEngine.java:194)
	at com.kms.katalon.core.main.ScriptEngine.runScriptAsRawText(ScriptEngine.java:119)
	at com.kms.katalon.core.main.TestCaseExecutor.runScript(TestCaseExecutor.java:442)
	at com.kms.katalon.core.main.TestCaseExecutor.doExecute(TestCaseExecutor.java:433)
	at com.kms.katalon.core.main.TestCaseExecutor.processExecutionPhase(TestCaseExecutor.java:412)
	at com.kms.katalon.core.main.TestCaseExecutor.accessMainPhase(TestCaseExecutor.java:404)
	at com.kms.katalon.core.main.TestCaseExecutor.execute(TestCaseExecutor.java:281)
	at com.kms.katalon.core.main.TestSuiteExecutor.accessTestCaseMainPhase(TestSuiteExecutor.java:202)
	at com.kms.katalon.core.main.TestSuiteExecutor.accessTestSuiteMainPhase(TestSuiteExecutor.java:164)
	at com.kms.katalon.core.main.TestSuiteExecutor.execute(TestSuiteExecutor.java:105)
	at com.kms.katalon.core.main.TestCaseMain.startTestSuite(TestCaseMain.java:185)
	at com.kms.katalon.core.main.TestCaseMain$startTestSuite$0.call(Unknown Source)
	at TempTestSuite1677626298320.run(TempTestSuite1677626298320.groovy:36)
)
	at com.kms.katalon.core.keyword.internal.KeywordMain.stepFailed(KeywordMain.groovy:39)
	at com.kms.katalon.core.webui.keyword.internal.WebUIKeywordMain.stepFailed(WebUIKeywordMain.groovy:64)
	at com.kms.katalon.core.webui.keyword.builtin.VerifyTextPresentKeyword$_verifyTextPresent_closure1.doCall(VerifyTextPresentKeyword.groovy:79)
	at com.kms.katalon.core.webui.keyword.builtin.VerifyTextPresentKeyword$_verifyTextPresent_closure1.call(VerifyTextPresentKeyword.groovy)
	at com.kms.katalon.core.webui.keyword.internal.WebUIKeywordMain.runKeyword(WebUIKeywordMain.groovy:20)
	at com.kms.katalon.core.webui.keyword.builtin.VerifyTextPresentKeyword.verifyTextPresent(VerifyTextPresentKeyword.groovy:83)
	at com.kms.katalon.core.webui.keyword.builtin.VerifyTextPresentKeyword.execute(VerifyTextPresentKeyword.groovy:68)
	at com.kms.katalon.core.keyword.internal.KeywordExecutor.executeKeywordForPlatform(KeywordExecutor.groovy:74)
	at com.kms.katalon.core.webui.keyword.WebUiBuiltInKeywords.verifyTextPresent(WebUiBuiltInKeywords.groovy:1723)
	at com.kms.katalon.core.webui.keyword.WebUiBuiltInKeywords$verifyTextPresent$4.call(Unknown Source)
	at Sale-Void-NoTranxID.run(Sale-Void-NoTranxID:161)
	at com.kms.katalon.core.main.ScriptEngine.run(ScriptEngine.java:194)
	at com.kms.katalon.core.main.ScriptEngine.runScriptAsRawText(ScriptEngine.java:119)
	at com.kms.katalon.core.main.TestCaseExecutor.runScript(TestCaseExecutor.java:442)
	at com.kms.katalon.core.main.TestCaseExecutor.doExecute(TestCaseExecutor.java:433)
	at com.kms.katalon.core.main.TestCaseExecutor.processExecutionPhase(TestCaseExecutor.java:412)
	at com.kms.katalon.core.main.TestCaseExecutor.accessMainPhase(TestCaseExecutor.java:404)
	at com.kms.katalon.core.main.TestCaseExecutor.execute(TestCaseExecutor.java:281)
	at com.kms.katalon.core.main.TestSuiteExecutor.accessTestCaseMainPhase(TestSuiteExecutor.java:202)
	at com.kms.katalon.core.main.TestSuiteExecutor.accessTestSuiteMainPhase(TestSuiteExecutor.java:164)
	at com.kms.katalon.core.main.TestSuiteExecutor.execute(TestSuiteExecutor.java:105)
	at com.kms.katalon.core.main.TestCaseMain.startTestSuite(TestCaseMain.java:185)
	at com.kms.katalon.core.main.TestCaseMain$startTestSuite$0.call(Unknown Source)
	at TempTestSuite1677626298320.run(TempTestSuite1677626298320.groovy:36)
Caused by: com.kms.katalon.core.exception.StepFailedException: Text 'Transaction approved, no errors' is not present on page  using regular expression
	... 23 more]]></system-err>
      </testcase>
      <testcase name="Test Cases/RecAndPlayBk/VLink/Sale-Credit-Void" time="144.048" classname="Test Cases/RecAndPlayBk/VLink/Sale-Credit-Void" status="FAILED">
         <failure type="FAILED" message="Test Cases/RecAndPlayBk/VLink/Sale-Credit-Void FAILED.
Reason:
com.kms.katalon.core.exception.StepFailedException: Text 'Transaction approved, no errors' is not present on page  using regular expression (Root cause: com.kms.katalon.core.exception.StepFailedException: Text 'Transaction approved, no errors' is not present on page  using regular expression
	at com.kms.katalon.core.webui.keyword.internal.WebUIKeywordMain.stepFailed(WebUIKeywordMain.groovy:64)
	at com.kms.katalon.core.webui.keyword.builtin.VerifyTextPresentKeyword$_verifyTextPresent_closure1.doCall(VerifyTextPresentKeyword.groovy:79)
	at com.kms.katalon.core.webui.keyword.builtin.VerifyTextPresentKeyword$_verifyTextPresent_closure1.call(VerifyTextPresentKeyword.groovy)
	at com.kms.katalon.core.webui.keyword.internal.WebUIKeywordMain.runKeyword(WebUIKeywordMain.groovy:20)
	at com.kms.katalon.core.webui.keyword.builtin.VerifyTextPresentKeyword.verifyTextPresent(VerifyTextPresentKeyword.groovy:83)
	at com.kms.katalon.core.webui.keyword.builtin.VerifyTextPresentKeyword.execute(VerifyTextPresentKeyword.groovy:68)
	at com.kms.katalon.core.keyword.internal.KeywordExecutor.executeKeywordForPlatform(KeywordExecutor.groovy:74)
	at com.kms.katalon.core.webui.keyword.WebUiBuiltInKeywords.verifyTextPresent(WebUiBuiltInKeywords.groovy:1723)
	at com.kms.katalon.core.webui.keyword.WebUiBuiltInKeywords$verifyTextPresent$4.call(Unknown Source)
	at Sale-Credit-Void.run(Sale-Credit-Void:161)
	at com.kms.katalon.core.main.ScriptEngine.run(ScriptEngine.java:194)
	at com.kms.katalon.core.main.ScriptEngine.runScriptAsRawText(ScriptEngine.java:119)
	at com.kms.katalon.core.main.TestCaseExecutor.runScript(TestCaseExecutor.java:442)
	at com.kms.katalon.core.main.TestCaseExecutor.doExecute(TestCaseExecutor.java:433)
	at com.kms.katalon.core.main.TestCaseExecutor.processExecutionPhase(TestCaseExecutor.java:412)
	at com.kms.katalon.core.main.TestCaseExecutor.accessMainPhase(TestCaseExecutor.java:404)
	at com.kms.katalon.core.main.TestCaseExecutor.execute(TestCaseExecutor.java:281)
	at com.kms.katalon.core.main.TestSuiteExecutor.accessTestCaseMainPhase(TestSuiteExecutor.java:202)
	at com.kms.katalon.core.main.TestSuiteExecutor.accessTestSuiteMainPhase(TestSuiteExecutor.java:164)
	at com.kms.katalon.core.main.TestSuiteExecutor.execute(TestSuiteExecutor.java:105)
	at com.kms.katalon.core.main.TestCaseMain.startTestSuite(TestCaseMain.java:185)
	at com.kms.katalon.core.main.TestCaseMain$startTestSuite$0.call(Unknown Source)
	at TempTestSuite1677626298320.run(TempTestSuite1677626298320.groovy:36)
)
	at com.kms.katalon.core.keyword.internal.KeywordMain.stepFailed(KeywordMain.groovy:39)
	at com.kms.katalon.core.webui.keyword.internal.WebUIKeywordMain.stepFailed(WebUIKeywordMain.groovy:64)
	at com.kms.katalon.core.webui.keyword.builtin.VerifyTextPresentKeyword$_verifyTextPresent_closure1.doCall(VerifyTextPresentKeyword.groovy:79)
	at com.kms.katalon.core.webui.keyword.builtin.VerifyTextPresentKeyword$_verifyTextPresent_closure1.call(VerifyTextPresentKeyword.groovy)
	at com.kms.katalon.core.webui.keyword.internal.WebUIKeywordMain.runKeyword(WebUIKeywordMain.groovy:20)
	at com.kms.katalon.core.webui.keyword.builtin.VerifyTextPresentKeyword.verifyTextPresent(VerifyTextPresentKeyword.groovy:83)
	at com.kms.katalon.core.webui.keyword.builtin.VerifyTextPresentKeyword.execute(VerifyTextPresentKeyword.groovy:68)
	at com.kms.katalon.core.keyword.internal.KeywordExecutor.executeKeywordForPlatform(KeywordExecutor.groovy:74)
	at com.kms.katalon.core.webui.keyword.WebUiBuiltInKeywords.verifyTextPresent(WebUiBuiltInKeywords.groovy:1723)
	at com.kms.katalon.core.webui.keyword.WebUiBuiltInKeywords$verifyTextPresent$4.call(Unknown Source)
	at Sale-Credit-Void.run(Sale-Credit-Void:161)
	at com.kms.katalon.core.main.ScriptEngine.run(ScriptEngine.java:194)
	at com.kms.katalon.core.main.ScriptEngine.runScriptAsRawText(ScriptEngine.java:119)
	at com.kms.katalon.core.main.TestCaseExecutor.runScript(TestCaseExecutor.java:442)
	at com.kms.katalon.core.main.TestCaseExecutor.doExecute(TestCaseExecutor.java:433)
	at com.kms.katalon.core.main.TestCaseExecutor.processExecutionPhase(TestCaseExecutor.java:412)
	at com.kms.katalon.core.main.TestCaseExecutor.accessMainPhase(TestCaseExecutor.java:404)
	at com.kms.katalon.core.main.TestCaseExecutor.execute(TestCaseExecutor.java:281)
	at com.kms.katalon.core.main.TestSuiteExecutor.accessTestCaseMainPhase(TestSuiteExecutor.java:202)
	at com.kms.katalon.core.main.TestSuiteExecutor.accessTestSuiteMainPhase(TestSuiteExecutor.java:164)
	at com.kms.katalon.core.main.TestSuiteExecutor.execute(TestSuiteExecutor.java:105)
	at com.kms.katalon.core.main.TestCaseMain.startTestSuite(TestCaseMain.java:185)
	at com.kms.katalon.core.main.TestCaseMain$startTestSuite$0.call(Unknown Source)
	at TempTestSuite1677626298320.run(TempTestSuite1677626298320.groovy:36)
Caused by: com.kms.katalon.core.exception.StepFailedException: Text 'Transaction approved, no errors' is not present on page  using regular expression
	... 23 more
"/>
         <system-out><![CDATA[2023-02-28 18:29:47 - [TEST_CASE][FAILED] - Test Cases/RecAndPlayBk/VLink/Sale-Credit-Void: Test Cases/RecAndPlayBk/VLink/Sale-Credit-Void FAILED.
Reason:
com.kms.katalon.core.exception.StepFailedException: Text 'Transaction approved, no errors' is not present on page  using regular expression (Root cause: com.kms.katalon.core.exception.StepFailedException: Text 'Transaction approved, no errors' is not present on page  using regular expression
	at com.kms.katalon.core.webui.keyword.internal.WebUIKeywordMain.stepFailed(WebUIKeywordMain.groovy:64)
	at com.kms.katalon.core.webui.keyword.builtin.VerifyTextPresentKeyword$_verifyTextPresent_closure1.doCall(VerifyTextPresentKeyword.groovy:79)
	at com.kms.katalon.core.webui.keyword.builtin.VerifyTextPresentKeyword$_verifyTextPresent_closure1.call(VerifyTextPresentKeyword.groovy)
	at com.kms.katalon.core.webui.keyword.internal.WebUIKeywordMain.runKeyword(WebUIKeywordMain.groovy:20)
	at com.kms.katalon.core.webui.keyword.builtin.VerifyTextPresentKeyword.verifyTextPresent(VerifyTextPresentKeyword.groovy:83)
	at com.kms.katalon.core.webui.keyword.builtin.VerifyTextPresentKeyword.execute(VerifyTextPresentKeyword.groovy:68)
	at com.kms.katalon.core.keyword.internal.KeywordExecutor.executeKeywordForPlatform(KeywordExecutor.groovy:74)
	at com.kms.katalon.core.webui.keyword.WebUiBuiltInKeywords.verifyTextPresent(WebUiBuiltInKeywords.groovy:1723)
	at com.kms.katalon.core.webui.keyword.WebUiBuiltInKeywords$verifyTextPresent$4.call(Unknown Source)
	at Sale-Credit-Void.run(Sale-Credit-Void:161)
	at com.kms.katalon.core.main.ScriptEngine.run(ScriptEngine.java:194)
	at com.kms.katalon.core.main.ScriptEngine.runScriptAsRawText(ScriptEngine.java:119)
	at com.kms.katalon.core.main.TestCaseExecutor.runScript(TestCaseExecutor.java:442)
	at com.kms.katalon.core.main.TestCaseExecutor.doExecute(TestCaseExecutor.java:433)
	at com.kms.katalon.core.main.TestCaseExecutor.processExecutionPhase(TestCaseExecutor.java:412)
	at com.kms.katalon.core.main.TestCaseExecutor.accessMainPhase(TestCaseExecutor.java:404)
	at com.kms.katalon.core.main.TestCaseExecutor.execute(TestCaseExecutor.java:281)
	at com.kms.katalon.core.main.TestSuiteExecutor.accessTestCaseMainPhase(TestSuiteExecutor.java:202)
	at com.kms.katalon.core.main.TestSuiteExecutor.accessTestSuiteMainPhase(TestSuiteExecutor.java:164)
	at com.kms.katalon.core.main.TestSuiteExecutor.execute(TestSuiteExecutor.java:105)
	at com.kms.katalon.core.main.TestCaseMain.startTestSuite(TestCaseMain.java:185)
	at com.kms.katalon.core.main.TestCaseMain$startTestSuite$0.call(Unknown Source)
	at TempTestSuite1677626298320.run(TempTestSuite1677626298320.groovy:36)
)
	at com.kms.katalon.core.keyword.internal.KeywordMain.stepFailed(KeywordMain.groovy:39)
	at com.kms.katalon.core.webui.keyword.internal.WebUIKeywordMain.stepFailed(WebUIKeywordMain.groovy:64)
	at com.kms.katalon.core.webui.keyword.builtin.VerifyTextPresentKeyword$_verifyTextPresent_closure1.doCall(VerifyTextPresentKeyword.groovy:79)
	at com.kms.katalon.core.webui.keyword.builtin.VerifyTextPresentKeyword$_verifyTextPresent_closure1.call(VerifyTextPresentKeyword.groovy)
	at com.kms.katalon.core.webui.keyword.internal.WebUIKeywordMain.runKeyword(WebUIKeywordMain.groovy:20)
	at com.kms.katalon.core.webui.keyword.builtin.VerifyTextPresentKeyword.verifyTextPresent(VerifyTextPresentKeyword.groovy:83)
	at com.kms.katalon.core.webui.keyword.builtin.VerifyTextPresentKeyword.execute(VerifyTextPresentKeyword.groovy:68)
	at com.kms.katalon.core.keyword.internal.KeywordExecutor.executeKeywordForPlatform(KeywordExecutor.groovy:74)
	at com.kms.katalon.core.webui.keyword.WebUiBuiltInKeywords.verifyTextPresent(WebUiBuiltInKeywords.groovy:1723)
	at com.kms.katalon.core.webui.keyword.WebUiBuiltInKeywords$verifyTextPresent$4.call(Unknown Source)
	at Sale-Credit-Void.run(Sale-Credit-Void:161)
	at com.kms.katalon.core.main.ScriptEngine.run(ScriptEngine.java:194)
	at com.kms.katalon.core.main.ScriptEngine.runScriptAsRawText(ScriptEngine.java:119)
	at com.kms.katalon.core.main.TestCaseExecutor.runScript(TestCaseExecutor.java:442)
	at com.kms.katalon.core.main.TestCaseExecutor.doExecute(TestCaseExecutor.java:433)
	at com.kms.katalon.core.main.TestCaseExecutor.processExecutionPhase(TestCaseExecutor.java:412)
	at com.kms.katalon.core.main.TestCaseExecutor.accessMainPhase(TestCaseExecutor.java:404)
	at com.kms.katalon.core.main.TestCaseExecutor.execute(TestCaseExecutor.java:281)
	at com.kms.katalon.core.main.TestSuiteExecutor.accessTestCaseMainPhase(TestSuiteExecutor.java:202)
	at com.kms.katalon.core.main.TestSuiteExecutor.accessTestSuiteMainPhase(TestSuiteExecutor.java:164)
	at com.kms.katalon.core.main.TestSuiteExecutor.execute(TestSuiteExecutor.java:105)
	at com.kms.katalon.core.main.TestCaseMain.startTestSuite(TestCaseMain.java:185)
	at com.kms.katalon.core.main.TestCaseMain$startTestSuite$0.call(Unknown Source)
	at TempTestSuite1677626298320.run(TempTestSuite1677626298320.groovy:36)
Caused by: com.kms.katalon.core.exception.StepFailedException: Text 'Transaction approved, no errors' is not present on page  using regular expression
	... 23 more


2023-02-28 18:29:48 - [TEST_STEP][PASSED] - executionProfile = getExecutionProfile(): null

2023-02-28 18:29:48 - [TEST_STEP][PASSED] - out.println("executionProfile : " + executionProfile): null

2023-02-28 18:29:48 - [TEST_STEP][PASSED] - appName = <not implemented yet for class: org.codehaus.groovy.ast.expr.EmptyExpression>: null

2023-02-28 18:29:48 - [TEST_STEP][PASSED] - appID = <not implemented yet for class: org.codehaus.groovy.ast.expr.EmptyExpression>: null

2023-02-28 18:29:48 - [TEST_STEP][PASSED] - username = <not implemented yet for class: org.codehaus.groovy.ast.expr.EmptyExpression>: null

2023-02-28 18:29:48 - [TEST_STEP][PASSED] - password = <not implemented yet for class: org.codehaus.groovy.ast.expr.EmptyExpression>: null

2023-02-28 18:29:48 - [TEST_STEP][PASSED] - cardNameV = <not implemented yet for class: org.codehaus.groovy.ast.expr.EmptyExpression>: null

2023-02-28 18:29:48 - [TEST_STEP][PASSED] - al1V = <not implemented yet for class: org.codehaus.groovy.ast.expr.EmptyExpression>: null

2023-02-28 18:29:48 - [TEST_STEP][PASSED] - al2V = <not implemented yet for class: org.codehaus.groovy.ast.expr.EmptyExpression>: null

2023-02-28 18:29:48 - [TEST_STEP][PASSED] - zipV = <not implemented yet for class: org.codehaus.groovy.ast.expr.EmptyExpression>: null

2023-02-28 18:29:48 - [TEST_STEP][PASSED] - cardTypeV = <not implemented yet for class: org.codehaus.groovy.ast.expr.EmptyExpression>: null

2023-02-28 18:29:48 - [TEST_STEP][PASSED] - last4V = <not implemented yet for class: org.codehaus.groovy.ast.expr.EmptyExpression>: null

2023-02-28 18:29:48 - [TEST_STEP][PASSED] - resText = "Fail": null

2023-02-28 18:29:48 - [TEST_STEP][PASSED] - resColumn = "Result": null

2023-02-28 18:29:48 - [TEST_STEP][PASSED] - datCloumn = "Date": null

2023-02-28 18:29:48 - [TEST_STEP][PASSED] - fileLoc = "KatalonData/VLinkSmokeData.xlsx": null

2023-02-28 18:29:48 - [TEST_STEP][PASSED] - numOfRows = <not implemented yet for class: org.codehaus.groovy.ast.expr.EmptyExpression>: null

2023-02-28 18:29:48 - [TEST_STEP][PASSED] - dataFile = <not implemented yet for class: org.codehaus.groovy.ast.expr.EmptyExpression>: null

2023-02-28 18:29:48 - [TEST_STEP][PASSED] - nameSheet = <not implemented yet for class: org.codehaus.groovy.ast.expr.EmptyExpression>: null

2023-02-28 18:29:48 - [TEST_STEP][PASSED] - nameSheet = "Sale-Credit-Void": null

2023-02-28 18:29:48 - [TEST_STEP][PASSED] - numOfRows = findTestData("QA/VLinkTestData/VLinkSaleCreditVoidData").getRowNumbers(): null

2023-02-28 18:29:48 - [TEST_STEP][PASSED] - println("Number of Records: " + numOfRows): null

2023-02-28 18:29:48 - [TEST_STEP][PASSED] - dataFile = "QA/VLinkTestData/VLinkSaleCreditVoidData": null

2023-02-28 18:29:48 - [TEST_STEP][FAILED] - for ([row = 1, row <= numOfRows, (row++)]): null

2023-02-28 18:29:48 - [TEST_STEP][PASSED] - ExecuteTC = findTestData(dataFile).getValue("Execute", row): null

2023-02-28 18:29:48 - [TEST_STEP][PASSED] - out.println("Value of Execute is : " + ExecuteTC): null

2023-02-28 18:29:48 - [TEST_STEP][PASSED] - switch (executionProfile): null

2023-02-28 18:29:48 - [TEST_STEP][PASSED] - case "Demo2Profile":: null

2023-02-28 18:29:48 - [TEST_STEP][PASSED] - appID = findTestData(dataFile).getValue("AppIDDemo", row): null

2023-02-28 18:29:48 - [TEST_STEP][PASSED] - username = findTestData(dataFile).getValue("UsernameDemo", row): null

2023-02-28 18:29:48 - [TEST_STEP][PASSED] - password = findTestData(dataFile).getValue("PasswordDemo", row): null

2023-02-28 18:29:48 - [TEST_STEP][PASSED] - break: null

2023-02-28 18:29:48 - [TEST_STEP][PASSED] - if (ExecuteTC.equalsIgnoreCase("Y")): null

2023-02-28 18:29:48 - [TEST_STEP][PASSED] - out.println("Begin Record Number: " + row): null

2023-02-28 18:29:48 - [TEST_STEP][PASSED] - today = new java.util.Date(): null

2023-02-28 18:29:48 - [TEST_STEP][PASSED] - println(today): null

2023-02-28 18:29:48 - [TEST_STEP][PASSED] - datText = today: null

2023-02-28 18:29:48 - [TEST_STEP][PASSED] - category = findTestData(dataFile).getValue("Category", row): null

2023-02-28 18:29:48 - [TEST_STEP][PASSED] - amount = findTestData(dataFile).getValue("Amount", row): null

2023-02-28 18:29:48 - [TEST_STEP][PASSED] - cardNumber = findTestData(dataFile).getValue("CardNumber", row): null

2023-02-28 18:29:48 - [TEST_STEP][PASSED] - exM = findTestData(dataFile).getValue("ExM", row): null

2023-02-28 18:29:48 - [TEST_STEP][PASSED] - exY = findTestData(dataFile).getValue("ExY", row): null

2023-02-28 18:29:49 - [TEST_STEP][PASSED] - openBrowser(VLinkURL + "authcap.html"): Browser is opened with url: 'https://dev-algorithm.govolution.com/vlinktest/demo2/version_2_0/authcap.html'

2023-02-28 18:29:49 - [MESSAGE][WARNING] - A browser is already opened. Closing browser and opening a new one

2023-02-28 18:29:49 - [MESSAGE][INFO] - Starting 'Chrome' driver

2023-02-28 18:29:49 - [MESSAGE][INFO] - User set preference: ['acceptInsecureCerts', 'true']

2023-02-28 18:29:49 - [MESSAGE][INFO] - Action delay is set to 0 milliseconds

2023-02-28 18:29:51 - [MESSAGE][PASSED] - Browser is opened with url: 'https://dev-algorithm.govolution.com/vlinktest/demo2/version_2_0/authcap.html'

2023-02-28 18:29:51 - [TEST_STEP][PASSED] - maximizeWindow(): Current window maximized

2023-02-28 18:29:52 - [MESSAGE][PASSED] - Current window maximized

2023-02-28 18:29:52 - [TEST_STEP][PASSED] - maximizeWindow(): Current window maximized

2023-02-28 18:29:52 - [MESSAGE][PASSED] - Current window maximized

2023-02-28 18:29:52 - [TEST_STEP][PASSED] - genRemID = RandomStringUtils.random(12, true, true): null

2023-02-28 18:29:52 - [TEST_STEP][PASSED] - setText(findTestObject("Object Repository/RecAndPlayBk/Page-Vlink-Sale/input_Remittance Id_remittance_id"), genRemID): Text 'VdzkeysrP4cc' is set on object 'Object Repository/RecAndPlayBk/Page-Vlink-Sale/input_Remittance Id_remittance_id'

2023-02-28 18:29:52 - [MESSAGE][PASSED] - Text 'VdzkeysrP4cc' is set on object 'Object Repository/RecAndPlayBk/Page-Vlink-Sale/input_Remittance Id_remittance_id'

2023-02-28 18:29:52 - [TEST_STEP][PASSED] - setText(findTestObject("Object Repository/RecAndPlayBk/Page-Vlink-Sale/input_Application Id_application_id"), appID): Text '1773' is set on object 'Object Repository/RecAndPlayBk/Page-Vlink-Sale/input_Application Id_application_id'

2023-02-28 18:29:53 - [MESSAGE][PASSED] - Text '1773' is set on object 'Object Repository/RecAndPlayBk/Page-Vlink-Sale/input_Application Id_application_id'

2023-02-28 18:29:53 - [TEST_STEP][PASSED] - setText(findTestObject("Object Repository/RecAndPlayBk/Page-Vlink-Sale/input_Username_username"), username): Text 'Qq2BV1qtr' is set on object 'Object Repository/RecAndPlayBk/Page-Vlink-Sale/input_Username_username'

2023-02-28 18:29:54 - [MESSAGE][PASSED] - Text 'Qq2BV1qtr' is set on object 'Object Repository/RecAndPlayBk/Page-Vlink-Sale/input_Username_username'

2023-02-28 18:29:54 - [TEST_STEP][PASSED] - setText(findTestObject("Object Repository/RecAndPlayBk/Page-Vlink-Sale/input_Password_password"), password): Text 'tUmWBiLUx' is set on object 'Object Repository/RecAndPlayBk/Page-Vlink-Sale/input_Password_password'

2023-02-28 18:29:54 - [MESSAGE][PASSED] - Text 'tUmWBiLUx' is set on object 'Object Repository/RecAndPlayBk/Page-Vlink-Sale/input_Password_password'

2023-02-28 18:29:54 - [TEST_STEP][PASSED] - setText(findTestObject("Object Repository/RecAndPlayBk/Page-Vlink-Sale/input_Category_category"), category): Text 'ECOM' is set on object 'Object Repository/RecAndPlayBk/Page-Vlink-Sale/input_Category_category'

2023-02-28 18:29:55 - [MESSAGE][PASSED] - Text 'ECOM' is set on object 'Object Repository/RecAndPlayBk/Page-Vlink-Sale/input_Category_category'

2023-02-28 18:29:55 - [TEST_STEP][PASSED] - setText(findTestObject("Object Repository/RecAndPlayBk/Page-Vlink-Sale/input_Amount_amount"), amount): Text '10.5' is set on object 'Object Repository/RecAndPlayBk/Page-Vlink-Sale/input_Amount_amount'

2023-02-28 18:29:55 - [MESSAGE][PASSED] - Text '10.5' is set on object 'Object Repository/RecAndPlayBk/Page-Vlink-Sale/input_Amount_amount'

2023-02-28 18:29:55 - [TEST_STEP][PASSED] - doubleClick(findTestObject("Object Repository/RecAndPlayBk/Page-Vlink-Sale/input_Card number_card_number")): Object: 'Object Repository/RecAndPlayBk/Page-Vlink-Sale/input_Card number_card_number' is double clicked on

2023-02-28 18:29:56 - [MESSAGE][PASSED] - Object: 'Object Repository/RecAndPlayBk/Page-Vlink-Sale/input_Card number_card_number' is double clicked on

2023-02-28 18:29:56 - [TEST_STEP][PASSED] - setText(findTestObject("Object Repository/RecAndPlayBk/Page-Vlink-Sale/input_Card number_card_number"), cardNumber): Text '4111111111111111' is set on object 'Object Repository/RecAndPlayBk/Page-Vlink-Sale/input_Card number_card_number'

2023-02-28 18:29:57 - [MESSAGE][PASSED] - Text '4111111111111111' is set on object 'Object Repository/RecAndPlayBk/Page-Vlink-Sale/input_Card number_card_number'

2023-02-28 18:29:57 - [TEST_STEP][PASSED] - setText(findTestObject("Object Repository/RecAndPlayBk/Page-Vlink-Sale/input_Card ex month_card_exmo"), exM): Text '12' is set on object 'Object Repository/RecAndPlayBk/Page-Vlink-Sale/input_Card ex month_card_exmo'

2023-02-28 18:29:57 - [MESSAGE][PASSED] - Text '12' is set on object 'Object Repository/RecAndPlayBk/Page-Vlink-Sale/input_Card ex month_card_exmo'

2023-02-28 18:29:57 - [TEST_STEP][PASSED] - setText(findTestObject("Object Repository/RecAndPlayBk/Page-Vlink-Sale/input_Card ex year_card_exyr"), exY): Text '2029' is set on object 'Object Repository/RecAndPlayBk/Page-Vlink-Sale/input_Card ex year_card_exyr'

2023-02-28 18:29:58 - [MESSAGE][PASSED] - Text '2029' is set on object 'Object Repository/RecAndPlayBk/Page-Vlink-Sale/input_Card ex year_card_exyr'

2023-02-28 18:29:58 - [TEST_STEP][PASSED] - click(findTestObject("Object Repository/RecAndPlayBk/Page-Vlink-Sale/input_Track Data_track_data")): Object: 'Object Repository/RecAndPlayBk/Page-Vlink-Sale/input_Track Data_track_data' is clicked on

2023-02-28 18:29:58 - [MESSAGE][PASSED] - Object: 'Object Repository/RecAndPlayBk/Page-Vlink-Sale/input_Track Data_track_data' is clicked on

2023-02-28 18:29:58 - [TEST_STEP][PASSED] - click(findTestObject("Object Repository/RecAndPlayBk/Page-Vlink-Sale/input_CVV state_cvv_state")): Object: 'Object Repository/RecAndPlayBk/Page-Vlink-Sale/input_CVV state_cvv_state' is clicked on

2023-02-28 18:29:58 - [MESSAGE][PASSED] - Object: 'Object Repository/RecAndPlayBk/Page-Vlink-Sale/input_CVV state_cvv_state' is clicked on

2023-02-28 18:29:58 - [TEST_STEP][PASSED] - setText(findTestObject("Object Repository/RecAndPlayBk/Page-Vlink-Sale/input_Track Data_track_data"), ""): Text '' is set on object 'Object Repository/RecAndPlayBk/Page-Vlink-Sale/input_Track Data_track_data'

2023-02-28 18:29:59 - [MESSAGE][PASSED] - Text '' is set on object 'Object Repository/RecAndPlayBk/Page-Vlink-Sale/input_Track Data_track_data'

2023-02-28 18:29:59 - [TEST_STEP][PASSED] - setText(findTestObject("Object Repository/RecAndPlayBk/Page-Vlink-Sale/input_concat(Cardholder, , s email)_email"), ""): Text '' is set on object 'Object Repository/RecAndPlayBk/Page-Vlink-Sale/input_concat(Cardholder, , s email)_email'

2023-02-28 18:30:00 - [MESSAGE][PASSED] - Text '' is set on object 'Object Repository/RecAndPlayBk/Page-Vlink-Sale/input_concat(Cardholder, , s email)_email'

2023-02-28 18:30:00 - [TEST_STEP][PASSED] - click(findTestObject("Object Repository/RecAndPlayBk/Page-Vlink-Sale/input_user_defined10_user_defined10")): Object: 'Object Repository/RecAndPlayBk/Page-Vlink-Sale/input_user_defined10_user_defined10' is clicked on

2023-02-28 18:30:00 - [MESSAGE][PASSED] - Object: 'Object Repository/RecAndPlayBk/Page-Vlink-Sale/input_user_defined10_user_defined10' is clicked on

2023-02-28 18:30:00 - [TEST_STEP][PASSED] - if (executionProfile.equalsIgnoreCase("QAProfile") || executionProfile.equalsIgnoreCase("DemoProfile")): null

2023-02-28 18:30:00 - [TEST_STEP][PASSED] - click(findTestObject("Object Repository/RecAndPlayBk/Page-Vlink-Sale/input")): Object: 'Object Repository/RecAndPlayBk/Page-Vlink-Sale/input' is clicked on

2023-02-28 18:30:02 - [MESSAGE][PASSED] - Object: 'Object Repository/RecAndPlayBk/Page-Vlink-Sale/input' is clicked on

2023-02-28 18:30:02 - [TEST_STEP][PASSED] - if (verifyTextPresent("Transaction approved, no errors", true)): null

2023-02-28 18:30:02 - [MESSAGE][PASSED] - Text 'Transaction approved, no errors' is present on page  using regular expression

2023-02-28 18:30:02 - [TEST_STEP][PASSED] - println("Transaction Approved, no errors text is present on the Confirmation page"): null

2023-02-28 18:30:02 - [TEST_STEP][PASSED] - sdfo = getText(findTestObject("Object Repository/Page_VLinkReceipt/pre_STX")): Text of object 'Object Repository/Page_VLinkReceipt/pre_STX' is: '<STX>VdzkeysrP4cc                  2920772             0  Transaction approved, no errors                   0                                                                                  Y 648051345<ETX>'

2023-02-28 18:30:03 - [MESSAGE][PASSED] - Text of object 'Object Repository/Page_VLinkReceipt/pre_STX' is: '<STX>VdzkeysrP4cc                  2920772             0  Transaction approved, no errors                   0                                                                                  Y 648051345<ETX>'

2023-02-28 18:30:03 - [TEST_STEP][PASSED] - out.println("sdfo: " + sdfo): null

2023-02-28 18:30:03 - [TEST_STEP][PASSED] - remID = substring(5, 35).trim(): null

2023-02-28 18:30:03 - [TEST_STEP][PASSED] - out.println("remID: " + remID): null

2023-02-28 18:30:03 - [TEST_STEP][PASSED] - traxID = substring(35, 55).trim(): null

2023-02-28 18:30:03 - [TEST_STEP][PASSED] - out.println("traxID: " + traxID): null

2023-02-28 18:30:03 - [TEST_STEP][PASSED] - VLinkSaleRemID = remID: null

2023-02-28 18:30:03 - [TEST_STEP][PASSED] - VLinkSaleTranxID = traxID: null

2023-02-28 18:30:03 - [TEST_STEP][PASSED] - openBrowser(VLinkURL + "CC_credit.html"): Browser is opened with url: 'https://dev-algorithm.govolution.com/vlinktest/demo2/version_2_0/CC_credit.html'

2023-02-28 18:30:03 - [MESSAGE][WARNING] - A browser is already opened. Closing browser and opening a new one

2023-02-28 18:30:04 - [MESSAGE][INFO] - Starting 'Chrome' driver

2023-02-28 18:30:04 - [MESSAGE][INFO] - User set preference: ['acceptInsecureCerts', 'true']

2023-02-28 18:30:04 - [MESSAGE][INFO] - Action delay is set to 0 milliseconds

2023-02-28 18:30:05 - [MESSAGE][PASSED] - Browser is opened with url: 'https://dev-algorithm.govolution.com/vlinktest/demo2/version_2_0/CC_credit.html'

2023-02-28 18:30:05 - [TEST_STEP][PASSED] - maximizeWindow(): Current window maximized

2023-02-28 18:30:06 - [MESSAGE][PASSED] - Current window maximized

2023-02-28 18:30:06 - [TEST_STEP][PASSED] - setText(findTestObject("Object Repository/RecAndPlayBk/Page-Vlink-CC-Credit/input_Remittance Id"), VLinkSaleRemID): Text 'VdzkeysrP4cc' is set on object 'Object Repository/RecAndPlayBk/Page-Vlink-CC-Credit/input_Remittance Id'

2023-02-28 18:30:06 - [MESSAGE][PASSED] - Text 'VdzkeysrP4cc' is set on object 'Object Repository/RecAndPlayBk/Page-Vlink-CC-Credit/input_Remittance Id'

2023-02-28 18:30:06 - [TEST_STEP][PASSED] - setText(findTestObject("Object Repository/RecAndPlayBk/Page-Vlink-CC-Credit/input_Application Id"), appID): Text '1773' is set on object 'Object Repository/RecAndPlayBk/Page-Vlink-CC-Credit/input_Application Id'

2023-02-28 18:30:07 - [MESSAGE][PASSED] - Text '1773' is set on object 'Object Repository/RecAndPlayBk/Page-Vlink-CC-Credit/input_Application Id'

2023-02-28 18:30:07 - [TEST_STEP][PASSED] - setText(findTestObject("Object Repository/RecAndPlayBk/Page-Vlink-CC-Credit/input_Username"), username): Text 'Qq2BV1qtr' is set on object 'Object Repository/RecAndPlayBk/Page-Vlink-CC-Credit/input_Username'

2023-02-28 18:30:08 - [MESSAGE][PASSED] - Text 'Qq2BV1qtr' is set on object 'Object Repository/RecAndPlayBk/Page-Vlink-CC-Credit/input_Username'

2023-02-28 18:30:08 - [TEST_STEP][PASSED] - setText(findTestObject("Object Repository/RecAndPlayBk/Page-Vlink-CC-Credit/input_Password"), password): Text 'tUmWBiLUx' is set on object 'Object Repository/RecAndPlayBk/Page-Vlink-CC-Credit/input_Password'

2023-02-28 18:30:08 - [MESSAGE][PASSED] - Text 'tUmWBiLUx' is set on object 'Object Repository/RecAndPlayBk/Page-Vlink-CC-Credit/input_Password'

2023-02-28 18:30:08 - [TEST_STEP][PASSED] - setText(findTestObject("Object Repository/RecAndPlayBk/Page-Vlink-CC-Credit/input_Transaction ID"), VLinkSaleTranxID): Text '2920772' is set on object 'Object Repository/RecAndPlayBk/Page-Vlink-CC-Credit/input_Transaction ID'

2023-02-28 18:30:09 - [MESSAGE][PASSED] - Text '2920772' is set on object 'Object Repository/RecAndPlayBk/Page-Vlink-CC-Credit/input_Transaction ID'

2023-02-28 18:30:09 - [TEST_STEP][PASSED] - setText(findTestObject("Object Repository/RecAndPlayBk/Page-Vlink-CC-Credit/input_Amount"), amount): Text '10.5' is set on object 'Object Repository/RecAndPlayBk/Page-Vlink-CC-Credit/input_Amount'

2023-02-28 18:30:10 - [MESSAGE][PASSED] - Text '10.5' is set on object 'Object Repository/RecAndPlayBk/Page-Vlink-CC-Credit/input_Amount'

2023-02-28 18:30:10 - [TEST_STEP][PASSED] - setText(findTestObject("Object Repository/RecAndPlayBk/Page-Vlink-CC-Credit/input_Card number"), ""): Text '' is set on object 'Object Repository/RecAndPlayBk/Page-Vlink-CC-Credit/input_Card number'

2023-02-28 18:30:10 - [MESSAGE][PASSED] - Text '' is set on object 'Object Repository/RecAndPlayBk/Page-Vlink-CC-Credit/input_Card number'

2023-02-28 18:30:10 - [TEST_STEP][PASSED] - setText(findTestObject("Object Repository/RecAndPlayBk/Page-Vlink-CC-Credit/input_Card ex month"), ""): Text '' is set on object 'Object Repository/RecAndPlayBk/Page-Vlink-CC-Credit/input_Card ex month'

2023-02-28 18:30:11 - [MESSAGE][PASSED] - Text '' is set on object 'Object Repository/RecAndPlayBk/Page-Vlink-CC-Credit/input_Card ex month'

2023-02-28 18:30:11 - [TEST_STEP][PASSED] - setText(findTestObject("Object Repository/RecAndPlayBk/Page-Vlink-CC-Credit/input_Card ex year"), ""): Text '' is set on object 'Object Repository/RecAndPlayBk/Page-Vlink-CC-Credit/input_Card ex year'

2023-02-28 18:30:11 - [MESSAGE][PASSED] - Text '' is set on object 'Object Repository/RecAndPlayBk/Page-Vlink-CC-Credit/input_Card ex year'

2023-02-28 18:30:11 - [TEST_STEP][PASSED] - setText(findTestObject("Object Repository/RecAndPlayBk/Page-Vlink-CC-Credit/input_Track Data"), ""): Text '' is set on object 'Object Repository/RecAndPlayBk/Page-Vlink-CC-Credit/input_Track Data'

2023-02-28 18:30:12 - [MESSAGE][PASSED] - Text '' is set on object 'Object Repository/RecAndPlayBk/Page-Vlink-CC-Credit/input_Track Data'

2023-02-28 18:30:12 - [TEST_STEP][PASSED] - setText(findTestObject("Object Repository/RecAndPlayBk/Page-Vlink-CC-Credit/input_Category Code"), category): Text 'ECOM' is set on object 'Object Repository/RecAndPlayBk/Page-Vlink-CC-Credit/input_Category Code'

2023-02-28 18:30:13 - [MESSAGE][PASSED] - Text 'ECOM' is set on object 'Object Repository/RecAndPlayBk/Page-Vlink-CC-Credit/input_Category Code'

2023-02-28 18:30:13 - [TEST_STEP][PASSED] - click(findTestObject("Object Repository/RecAndPlayBk/Page-Vlink-CC-Credit/input")): Object: 'Object Repository/RecAndPlayBk/Page-Vlink-CC-Credit/input' is clicked on

2023-02-28 18:30:15 - [MESSAGE][PASSED] - Object: 'Object Repository/RecAndPlayBk/Page-Vlink-CC-Credit/input' is clicked on

2023-02-28 18:30:15 - [TEST_STEP][PASSED] - if (verifyTextPresent("Transaction approved, no errors", true)): null

2023-02-28 18:30:15 - [MESSAGE][PASSED] - Text 'Transaction approved, no errors' is present on page  using regular expression

2023-02-28 18:30:15 - [TEST_STEP][PASSED] - sdfo = getText(findTestObject("Object Repository/Page_VLinkReceipt/pre_STX")): Text of object 'Object Repository/Page_VLinkReceipt/pre_STX' is: '<STX>VdzkeysrP4cc                  2920773             0  Transaction approved, no errors                   0                                                                                             <ETX>'

2023-02-28 18:30:15 - [MESSAGE][PASSED] - Text of object 'Object Repository/Page_VLinkReceipt/pre_STX' is: '<STX>VdzkeysrP4cc                  2920773             0  Transaction approved, no errors                   0                                                                                             <ETX>'

2023-02-28 18:30:15 - [TEST_STEP][PASSED] - out.println("sdfo: " + sdfo): null

2023-02-28 18:30:15 - [TEST_STEP][PASSED] - remID = substring(5, 35).trim(): null

2023-02-28 18:30:15 - [TEST_STEP][PASSED] - out.println("remID: " + remID): null

2023-02-28 18:30:15 - [TEST_STEP][PASSED] - traxID = substring(35, 55).trim(): null

2023-02-28 18:30:15 - [TEST_STEP][PASSED] - out.println("traxID: " + traxID): null

2023-02-28 18:30:15 - [TEST_STEP][PASSED] - VLinkSaleRemID = remID: null

2023-02-28 18:30:15 - [TEST_STEP][PASSED] - VLinkSaleTranxID = traxID: null

2023-02-28 18:30:15 - [TEST_STEP][PASSED] - openBrowser(VLinkURL + "CC_void.html"): Browser is opened with url: 'https://dev-algorithm.govolution.com/vlinktest/demo2/version_2_0/CC_void.html'

2023-02-28 18:30:15 - [MESSAGE][WARNING] - A browser is already opened. Closing browser and opening a new one

2023-02-28 18:30:16 - [MESSAGE][INFO] - Starting 'Chrome' driver

2023-02-28 18:30:16 - [MESSAGE][INFO] - User set preference: ['acceptInsecureCerts', 'true']

2023-02-28 18:30:16 - [MESSAGE][INFO] - Action delay is set to 0 milliseconds

2023-02-28 18:30:18 - [MESSAGE][PASSED] - Browser is opened with url: 'https://dev-algorithm.govolution.com/vlinktest/demo2/version_2_0/CC_void.html'

2023-02-28 18:30:18 - [TEST_STEP][PASSED] - maximizeWindow(): Current window maximized

2023-02-28 18:30:18 - [MESSAGE][PASSED] - Current window maximized

2023-02-28 18:30:18 - [TEST_STEP][PASSED] - setText(findTestObject("Object Repository/RecAndPlayBk/Page-Vlink-CC-Void/txt_RemID"), VLinkSaleRemID): Text 'VdzkeysrP4cc' is set on object 'Object Repository/RecAndPlayBk/Page-Vlink-CC-Void/txt_RemID'

2023-02-28 18:30:19 - [MESSAGE][PASSED] - Text 'VdzkeysrP4cc' is set on object 'Object Repository/RecAndPlayBk/Page-Vlink-CC-Void/txt_RemID'

2023-02-28 18:30:19 - [TEST_STEP][PASSED] - setText(findTestObject("Object Repository/RecAndPlayBk/Page-Vlink-CC-Void/txt_ApplicationID"), appID): Text '1773' is set on object 'Object Repository/RecAndPlayBk/Page-Vlink-CC-Void/txt_ApplicationID'

2023-02-28 18:30:20 - [MESSAGE][PASSED] - Text '1773' is set on object 'Object Repository/RecAndPlayBk/Page-Vlink-CC-Void/txt_ApplicationID'

2023-02-28 18:30:20 - [TEST_STEP][PASSED] - setText(findTestObject("Object Repository/RecAndPlayBk/Page-Vlink-CC-Void/txt_Username"), username): Text 'Qq2BV1qtr' is set on object 'Object Repository/RecAndPlayBk/Page-Vlink-CC-Void/txt_Username'

2023-02-28 18:30:20 - [MESSAGE][PASSED] - Text 'Qq2BV1qtr' is set on object 'Object Repository/RecAndPlayBk/Page-Vlink-CC-Void/txt_Username'

2023-02-28 18:30:20 - [TEST_STEP][PASSED] - setText(findTestObject("Object Repository/RecAndPlayBk/Page-Vlink-CC-Void/txt_Password"), password): Text 'tUmWBiLUx' is set on object 'Object Repository/RecAndPlayBk/Page-Vlink-CC-Void/txt_Password'

2023-02-28 18:30:21 - [MESSAGE][PASSED] - Text 'tUmWBiLUx' is set on object 'Object Repository/RecAndPlayBk/Page-Vlink-CC-Void/txt_Password'

2023-02-28 18:30:21 - [TEST_STEP][PASSED] - setText(findTestObject("Object Repository/RecAndPlayBk/Page-Vlink-CC-Void/txt_TransactionID"), VLinkSaleTranxID): Text '2920773' is set on object 'Object Repository/RecAndPlayBk/Page-Vlink-CC-Void/txt_TransactionID'

2023-02-28 18:30:22 - [MESSAGE][PASSED] - Text '2920773' is set on object 'Object Repository/RecAndPlayBk/Page-Vlink-CC-Void/txt_TransactionID'

2023-02-28 18:30:22 - [TEST_STEP][PASSED] - setText(findTestObject("Object Repository/RecAndPlayBk/Page-Vlink-CC-Void/txt_OriginalTransactionType"), "104"): Text '104' is set on object 'Object Repository/RecAndPlayBk/Page-Vlink-CC-Void/txt_OriginalTransactionType'

2023-02-28 18:30:22 - [MESSAGE][PASSED] - Text '104' is set on object 'Object Repository/RecAndPlayBk/Page-Vlink-CC-Void/txt_OriginalTransactionType'

2023-02-28 18:30:22 - [TEST_STEP][PASSED] - setText(findTestObject("Object Repository/RecAndPlayBk/Page-Vlink-CC-Void/txt_TrackData"), ""): Text '' is set on object 'Object Repository/RecAndPlayBk/Page-Vlink-CC-Void/txt_TrackData'

2023-02-28 18:30:23 - [MESSAGE][PASSED] - Text '' is set on object 'Object Repository/RecAndPlayBk/Page-Vlink-CC-Void/txt_TrackData'

2023-02-28 18:30:23 - [TEST_STEP][PASSED] - click(findTestObject("Object Repository/RecAndPlayBk/Page-Vlink-CC-Void/btn_ProcessVLinkTransaction")): Object: 'Object Repository/RecAndPlayBk/Page-Vlink-CC-Void/btn_ProcessVLinkTransaction' is clicked on

2023-02-28 18:30:25 - [MESSAGE][PASSED] - Object: 'Object Repository/RecAndPlayBk/Page-Vlink-CC-Void/btn_ProcessVLinkTransaction' is clicked on

2023-02-28 18:30:25 - [TEST_STEP][PASSED] - if (verifyTextPresent("Transaction approved, no errors", true)): null

2023-02-28 18:30:26 - [MESSAGE][PASSED] - Text 'Transaction approved, no errors' is present on page  using regular expression

2023-02-28 18:30:26 - [TEST_STEP][PASSED] - println("Transaction Approved, no errors text is present on the Confirmation page"): null

2023-02-28 18:30:26 - [TEST_STEP][PASSED] - out.println("Pass Record Number: " + row): null

2023-02-28 18:30:26 - [TEST_STEP][PASSED] - resText = "Pass": null

2023-02-28 18:30:26 - [TEST_STEP][PASSED] - pages.WriteExcel.demoKey(resText, datText, resColumn, datCloumn, fileLoc, nameSheet, row): pages.WriteExcel.demoKey is PASSED

2023-02-28 18:30:26 - [MESSAGE][PASSED] - pages.WriteExcel.demoKey is PASSED

2023-02-28 18:30:26 - [TEST_STEP][PASSED] - ExecuteTC = findTestData(dataFile).getValue("Execute", row): null

2023-02-28 18:30:26 - [TEST_STEP][PASSED] - out.println("Value of Execute is : " + ExecuteTC): null

2023-02-28 18:30:26 - [TEST_STEP][PASSED] - switch (executionProfile): null

2023-02-28 18:30:26 - [TEST_STEP][PASSED] - case "Demo2Profile":: null

2023-02-28 18:30:26 - [TEST_STEP][PASSED] - appID = findTestData(dataFile).getValue("AppIDDemo", row): null

2023-02-28 18:30:26 - [TEST_STEP][PASSED] - username = findTestData(dataFile).getValue("UsernameDemo", row): null

2023-02-28 18:30:26 - [TEST_STEP][PASSED] - password = findTestData(dataFile).getValue("PasswordDemo", row): null

2023-02-28 18:30:26 - [TEST_STEP][PASSED] - break: null

2023-02-28 18:30:26 - [TEST_STEP][PASSED] - if (ExecuteTC.equalsIgnoreCase("Y")): null

2023-02-28 18:30:26 - [TEST_STEP][PASSED] - out.println("Begin Record Number: " + row): null

2023-02-28 18:30:26 - [TEST_STEP][PASSED] - today = new java.util.Date(): null

2023-02-28 18:30:26 - [TEST_STEP][PASSED] - println(today): null

2023-02-28 18:30:26 - [TEST_STEP][PASSED] - datText = today: null

2023-02-28 18:30:26 - [TEST_STEP][PASSED] - category = findTestData(dataFile).getValue("Category", row): null

2023-02-28 18:30:26 - [TEST_STEP][PASSED] - amount = findTestData(dataFile).getValue("Amount", row): null

2023-02-28 18:30:26 - [TEST_STEP][PASSED] - cardNumber = findTestData(dataFile).getValue("CardNumber", row): null

2023-02-28 18:30:26 - [TEST_STEP][PASSED] - exM = findTestData(dataFile).getValue("ExM", row): null

2023-02-28 18:30:27 - [TEST_STEP][PASSED] - exY = findTestData(dataFile).getValue("ExY", row): null

2023-02-28 18:30:27 - [TEST_STEP][PASSED] - openBrowser(VLinkURL + "authcap.html"): Browser is opened with url: 'https://dev-algorithm.govolution.com/vlinktest/demo2/version_2_0/authcap.html'

2023-02-28 18:30:27 - [MESSAGE][WARNING] - A browser is already opened. Closing browser and opening a new one

2023-02-28 18:30:27 - [MESSAGE][INFO] - Starting 'Chrome' driver

2023-02-28 18:30:27 - [MESSAGE][INFO] - User set preference: ['acceptInsecureCerts', 'true']

2023-02-28 18:30:27 - [MESSAGE][INFO] - Action delay is set to 0 milliseconds

2023-02-28 18:30:29 - [MESSAGE][PASSED] - Browser is opened with url: 'https://dev-algorithm.govolution.com/vlinktest/demo2/version_2_0/authcap.html'

2023-02-28 18:30:29 - [TEST_STEP][PASSED] - maximizeWindow(): Current window maximized

2023-02-28 18:30:29 - [MESSAGE][PASSED] - Current window maximized

2023-02-28 18:30:29 - [TEST_STEP][PASSED] - maximizeWindow(): Current window maximized

2023-02-28 18:30:30 - [MESSAGE][PASSED] - Current window maximized

2023-02-28 18:30:30 - [TEST_STEP][PASSED] - genRemID = RandomStringUtils.random(12, true, true): null

2023-02-28 18:30:30 - [TEST_STEP][PASSED] - setText(findTestObject("Object Repository/RecAndPlayBk/Page-Vlink-Sale/input_Remittance Id_remittance_id"), genRemID): Text 'cdtFvpv03TPr' is set on object 'Object Repository/RecAndPlayBk/Page-Vlink-Sale/input_Remittance Id_remittance_id'

2023-02-28 18:30:30 - [MESSAGE][PASSED] - Text 'cdtFvpv03TPr' is set on object 'Object Repository/RecAndPlayBk/Page-Vlink-Sale/input_Remittance Id_remittance_id'

2023-02-28 18:30:30 - [TEST_STEP][PASSED] - setText(findTestObject("Object Repository/RecAndPlayBk/Page-Vlink-Sale/input_Application Id_application_id"), appID): Text '1773' is set on object 'Object Repository/RecAndPlayBk/Page-Vlink-Sale/input_Application Id_application_id'

2023-02-28 18:30:31 - [MESSAGE][PASSED] - Text '1773' is set on object 'Object Repository/RecAndPlayBk/Page-Vlink-Sale/input_Application Id_application_id'

2023-02-28 18:30:31 - [TEST_STEP][PASSED] - setText(findTestObject("Object Repository/RecAndPlayBk/Page-Vlink-Sale/input_Username_username"), username): Text 'Qq2BV1qtr' is set on object 'Object Repository/RecAndPlayBk/Page-Vlink-Sale/input_Username_username'

2023-02-28 18:30:32 - [MESSAGE][PASSED] - Text 'Qq2BV1qtr' is set on object 'Object Repository/RecAndPlayBk/Page-Vlink-Sale/input_Username_username'

2023-02-28 18:30:32 - [TEST_STEP][PASSED] - setText(findTestObject("Object Repository/RecAndPlayBk/Page-Vlink-Sale/input_Password_password"), password): Text 'tUmWBiLUx' is set on object 'Object Repository/RecAndPlayBk/Page-Vlink-Sale/input_Password_password'

2023-02-28 18:30:32 - [MESSAGE][PASSED] - Text 'tUmWBiLUx' is set on object 'Object Repository/RecAndPlayBk/Page-Vlink-Sale/input_Password_password'

2023-02-28 18:30:32 - [TEST_STEP][PASSED] - setText(findTestObject("Object Repository/RecAndPlayBk/Page-Vlink-Sale/input_Category_category"), category): Text 'MOTO' is set on object 'Object Repository/RecAndPlayBk/Page-Vlink-Sale/input_Category_category'

2023-02-28 18:30:33 - [MESSAGE][PASSED] - Text 'MOTO' is set on object 'Object Repository/RecAndPlayBk/Page-Vlink-Sale/input_Category_category'

2023-02-28 18:30:33 - [TEST_STEP][PASSED] - setText(findTestObject("Object Repository/RecAndPlayBk/Page-Vlink-Sale/input_Amount_amount"), amount): Text '10.5' is set on object 'Object Repository/RecAndPlayBk/Page-Vlink-Sale/input_Amount_amount'

2023-02-28 18:30:33 - [MESSAGE][PASSED] - Text '10.5' is set on object 'Object Repository/RecAndPlayBk/Page-Vlink-Sale/input_Amount_amount'

2023-02-28 18:30:33 - [TEST_STEP][PASSED] - doubleClick(findTestObject("Object Repository/RecAndPlayBk/Page-Vlink-Sale/input_Card number_card_number")): Object: 'Object Repository/RecAndPlayBk/Page-Vlink-Sale/input_Card number_card_number' is double clicked on

2023-02-28 18:30:34 - [MESSAGE][PASSED] - Object: 'Object Repository/RecAndPlayBk/Page-Vlink-Sale/input_Card number_card_number' is double clicked on

2023-02-28 18:30:34 - [TEST_STEP][PASSED] - setText(findTestObject("Object Repository/RecAndPlayBk/Page-Vlink-Sale/input_Card number_card_number"), cardNumber): Text '5424000000000015' is set on object 'Object Repository/RecAndPlayBk/Page-Vlink-Sale/input_Card number_card_number'

2023-02-28 18:30:35 - [MESSAGE][PASSED] - Text '5424000000000015' is set on object 'Object Repository/RecAndPlayBk/Page-Vlink-Sale/input_Card number_card_number'

2023-02-28 18:30:35 - [TEST_STEP][PASSED] - setText(findTestObject("Object Repository/RecAndPlayBk/Page-Vlink-Sale/input_Card ex month_card_exmo"), exM): Text '12' is set on object 'Object Repository/RecAndPlayBk/Page-Vlink-Sale/input_Card ex month_card_exmo'

2023-02-28 18:30:35 - [MESSAGE][PASSED] - Text '12' is set on object 'Object Repository/RecAndPlayBk/Page-Vlink-Sale/input_Card ex month_card_exmo'

2023-02-28 18:30:35 - [TEST_STEP][PASSED] - setText(findTestObject("Object Repository/RecAndPlayBk/Page-Vlink-Sale/input_Card ex year_card_exyr"), exY): Text '2029' is set on object 'Object Repository/RecAndPlayBk/Page-Vlink-Sale/input_Card ex year_card_exyr'

2023-02-28 18:30:36 - [MESSAGE][PASSED] - Text '2029' is set on object 'Object Repository/RecAndPlayBk/Page-Vlink-Sale/input_Card ex year_card_exyr'

2023-02-28 18:30:36 - [TEST_STEP][PASSED] - click(findTestObject("Object Repository/RecAndPlayBk/Page-Vlink-Sale/input_Track Data_track_data")): Object: 'Object Repository/RecAndPlayBk/Page-Vlink-Sale/input_Track Data_track_data' is clicked on

2023-02-28 18:30:36 - [MESSAGE][PASSED] - Object: 'Object Repository/RecAndPlayBk/Page-Vlink-Sale/input_Track Data_track_data' is clicked on

2023-02-28 18:30:36 - [TEST_STEP][PASSED] - click(findTestObject("Object Repository/RecAndPlayBk/Page-Vlink-Sale/input_CVV state_cvv_state")): Object: 'Object Repository/RecAndPlayBk/Page-Vlink-Sale/input_CVV state_cvv_state' is clicked on

2023-02-28 18:30:36 - [MESSAGE][PASSED] - Object: 'Object Repository/RecAndPlayBk/Page-Vlink-Sale/input_CVV state_cvv_state' is clicked on

2023-02-28 18:30:36 - [TEST_STEP][PASSED] - setText(findTestObject("Object Repository/RecAndPlayBk/Page-Vlink-Sale/input_Track Data_track_data"), ""): Text '' is set on object 'Object Repository/RecAndPlayBk/Page-Vlink-Sale/input_Track Data_track_data'

2023-02-28 18:30:37 - [MESSAGE][PASSED] - Text '' is set on object 'Object Repository/RecAndPlayBk/Page-Vlink-Sale/input_Track Data_track_data'

2023-02-28 18:30:37 - [TEST_STEP][PASSED] - setText(findTestObject("Object Repository/RecAndPlayBk/Page-Vlink-Sale/input_concat(Cardholder, , s email)_email"), ""): Text '' is set on object 'Object Repository/RecAndPlayBk/Page-Vlink-Sale/input_concat(Cardholder, , s email)_email'

2023-02-28 18:30:38 - [MESSAGE][PASSED] - Text '' is set on object 'Object Repository/RecAndPlayBk/Page-Vlink-Sale/input_concat(Cardholder, , s email)_email'

2023-02-28 18:30:38 - [TEST_STEP][PASSED] - click(findTestObject("Object Repository/RecAndPlayBk/Page-Vlink-Sale/input_user_defined10_user_defined10")): Object: 'Object Repository/RecAndPlayBk/Page-Vlink-Sale/input_user_defined10_user_defined10' is clicked on

2023-02-28 18:30:38 - [MESSAGE][PASSED] - Object: 'Object Repository/RecAndPlayBk/Page-Vlink-Sale/input_user_defined10_user_defined10' is clicked on

2023-02-28 18:30:38 - [TEST_STEP][PASSED] - if (executionProfile.equalsIgnoreCase("QAProfile") || executionProfile.equalsIgnoreCase("DemoProfile")): null

2023-02-28 18:30:38 - [TEST_STEP][PASSED] - click(findTestObject("Object Repository/RecAndPlayBk/Page-Vlink-Sale/input")): Object: 'Object Repository/RecAndPlayBk/Page-Vlink-Sale/input' is clicked on

2023-02-28 18:30:40 - [MESSAGE][PASSED] - Object: 'Object Repository/RecAndPlayBk/Page-Vlink-Sale/input' is clicked on

2023-02-28 18:30:40 - [TEST_STEP][PASSED] - if (verifyTextPresent("Transaction approved, no errors", true)): null

2023-02-28 18:30:40 - [MESSAGE][PASSED] - Text 'Transaction approved, no errors' is present on page  using regular expression

2023-02-28 18:30:40 - [TEST_STEP][PASSED] - println("Transaction Approved, no errors text is present on the Confirmation page"): null

2023-02-28 18:30:40 - [TEST_STEP][PASSED] - sdfo = getText(findTestObject("Object Repository/Page_VLinkReceipt/pre_STX")): Text of object 'Object Repository/Page_VLinkReceipt/pre_STX' is: '<STX>cdtFvpv03TPr                  2920775             0  Transaction approved, no errors                   0                                                                                  Y 719767656<ETX>'

2023-02-28 18:30:41 - [MESSAGE][PASSED] - Text of object 'Object Repository/Page_VLinkReceipt/pre_STX' is: '<STX>cdtFvpv03TPr                  2920775             0  Transaction approved, no errors                   0                                                                                  Y 719767656<ETX>'

2023-02-28 18:30:41 - [TEST_STEP][PASSED] - out.println("sdfo: " + sdfo): null

2023-02-28 18:30:41 - [TEST_STEP][PASSED] - remID = substring(5, 35).trim(): null

2023-02-28 18:30:41 - [TEST_STEP][PASSED] - out.println("remID: " + remID): null

2023-02-28 18:30:41 - [TEST_STEP][PASSED] - traxID = substring(35, 55).trim(): null

2023-02-28 18:30:41 - [TEST_STEP][PASSED] - out.println("traxID: " + traxID): null

2023-02-28 18:30:41 - [TEST_STEP][PASSED] - VLinkSaleRemID = remID: null

2023-02-28 18:30:41 - [TEST_STEP][PASSED] - VLinkSaleTranxID = traxID: null

2023-02-28 18:30:41 - [TEST_STEP][PASSED] - openBrowser(VLinkURL + "CC_credit.html"): Browser is opened with url: 'https://dev-algorithm.govolution.com/vlinktest/demo2/version_2_0/CC_credit.html'

2023-02-28 18:30:41 - [MESSAGE][WARNING] - A browser is already opened. Closing browser and opening a new one

2023-02-28 18:30:42 - [MESSAGE][INFO] - Starting 'Chrome' driver

2023-02-28 18:30:42 - [MESSAGE][INFO] - User set preference: ['acceptInsecureCerts', 'true']

2023-02-28 18:30:42 - [MESSAGE][INFO] - Action delay is set to 0 milliseconds

2023-02-28 18:30:43 - [MESSAGE][PASSED] - Browser is opened with url: 'https://dev-algorithm.govolution.com/vlinktest/demo2/version_2_0/CC_credit.html'

2023-02-28 18:30:43 - [TEST_STEP][PASSED] - maximizeWindow(): Current window maximized

2023-02-28 18:30:44 - [MESSAGE][PASSED] - Current window maximized

2023-02-28 18:30:44 - [TEST_STEP][PASSED] - setText(findTestObject("Object Repository/RecAndPlayBk/Page-Vlink-CC-Credit/input_Remittance Id"), VLinkSaleRemID): Text 'cdtFvpv03TPr' is set on object 'Object Repository/RecAndPlayBk/Page-Vlink-CC-Credit/input_Remittance Id'

2023-02-28 18:30:44 - [MESSAGE][PASSED] - Text 'cdtFvpv03TPr' is set on object 'Object Repository/RecAndPlayBk/Page-Vlink-CC-Credit/input_Remittance Id'

2023-02-28 18:30:44 - [TEST_STEP][PASSED] - setText(findTestObject("Object Repository/RecAndPlayBk/Page-Vlink-CC-Credit/input_Application Id"), appID): Text '1773' is set on object 'Object Repository/RecAndPlayBk/Page-Vlink-CC-Credit/input_Application Id'

2023-02-28 18:30:45 - [MESSAGE][PASSED] - Text '1773' is set on object 'Object Repository/RecAndPlayBk/Page-Vlink-CC-Credit/input_Application Id'

2023-02-28 18:30:45 - [TEST_STEP][PASSED] - setText(findTestObject("Object Repository/RecAndPlayBk/Page-Vlink-CC-Credit/input_Username"), username): Text 'Qq2BV1qtr' is set on object 'Object Repository/RecAndPlayBk/Page-Vlink-CC-Credit/input_Username'

2023-02-28 18:30:46 - [MESSAGE][PASSED] - Text 'Qq2BV1qtr' is set on object 'Object Repository/RecAndPlayBk/Page-Vlink-CC-Credit/input_Username'

2023-02-28 18:30:46 - [TEST_STEP][PASSED] - setText(findTestObject("Object Repository/RecAndPlayBk/Page-Vlink-CC-Credit/input_Password"), password): Text 'tUmWBiLUx' is set on object 'Object Repository/RecAndPlayBk/Page-Vlink-CC-Credit/input_Password'

2023-02-28 18:30:46 - [MESSAGE][PASSED] - Text 'tUmWBiLUx' is set on object 'Object Repository/RecAndPlayBk/Page-Vlink-CC-Credit/input_Password'

2023-02-28 18:30:46 - [TEST_STEP][PASSED] - setText(findTestObject("Object Repository/RecAndPlayBk/Page-Vlink-CC-Credit/input_Transaction ID"), VLinkSaleTranxID): Text '2920775' is set on object 'Object Repository/RecAndPlayBk/Page-Vlink-CC-Credit/input_Transaction ID'

2023-02-28 18:30:47 - [MESSAGE][PASSED] - Text '2920775' is set on object 'Object Repository/RecAndPlayBk/Page-Vlink-CC-Credit/input_Transaction ID'

2023-02-28 18:30:47 - [TEST_STEP][PASSED] - setText(findTestObject("Object Repository/RecAndPlayBk/Page-Vlink-CC-Credit/input_Amount"), amount): Text '10.5' is set on object 'Object Repository/RecAndPlayBk/Page-Vlink-CC-Credit/input_Amount'

2023-02-28 18:30:48 - [MESSAGE][PASSED] - Text '10.5' is set on object 'Object Repository/RecAndPlayBk/Page-Vlink-CC-Credit/input_Amount'

2023-02-28 18:30:48 - [TEST_STEP][PASSED] - setText(findTestObject("Object Repository/RecAndPlayBk/Page-Vlink-CC-Credit/input_Card number"), ""): Text '' is set on object 'Object Repository/RecAndPlayBk/Page-Vlink-CC-Credit/input_Card number'

2023-02-28 18:30:48 - [MESSAGE][PASSED] - Text '' is set on object 'Object Repository/RecAndPlayBk/Page-Vlink-CC-Credit/input_Card number'

2023-02-28 18:30:48 - [TEST_STEP][PASSED] - setText(findTestObject("Object Repository/RecAndPlayBk/Page-Vlink-CC-Credit/input_Card ex month"), ""): Text '' is set on object 'Object Repository/RecAndPlayBk/Page-Vlink-CC-Credit/input_Card ex month'

2023-02-28 18:30:49 - [MESSAGE][PASSED] - Text '' is set on object 'Object Repository/RecAndPlayBk/Page-Vlink-CC-Credit/input_Card ex month'

2023-02-28 18:30:49 - [TEST_STEP][PASSED] - setText(findTestObject("Object Repository/RecAndPlayBk/Page-Vlink-CC-Credit/input_Card ex year"), ""): Text '' is set on object 'Object Repository/RecAndPlayBk/Page-Vlink-CC-Credit/input_Card ex year'

2023-02-28 18:30:49 - [MESSAGE][PASSED] - Text '' is set on object 'Object Repository/RecAndPlayBk/Page-Vlink-CC-Credit/input_Card ex year'

2023-02-28 18:30:49 - [TEST_STEP][PASSED] - setText(findTestObject("Object Repository/RecAndPlayBk/Page-Vlink-CC-Credit/input_Track Data"), ""): Text '' is set on object 'Object Repository/RecAndPlayBk/Page-Vlink-CC-Credit/input_Track Data'

2023-02-28 18:30:50 - [MESSAGE][PASSED] - Text '' is set on object 'Object Repository/RecAndPlayBk/Page-Vlink-CC-Credit/input_Track Data'

2023-02-28 18:30:50 - [TEST_STEP][PASSED] - setText(findTestObject("Object Repository/RecAndPlayBk/Page-Vlink-CC-Credit/input_Category Code"), category): Text 'MOTO' is set on object 'Object Repository/RecAndPlayBk/Page-Vlink-CC-Credit/input_Category Code'

2023-02-28 18:30:51 - [MESSAGE][PASSED] - Text 'MOTO' is set on object 'Object Repository/RecAndPlayBk/Page-Vlink-CC-Credit/input_Category Code'

2023-02-28 18:30:51 - [TEST_STEP][PASSED] - click(findTestObject("Object Repository/RecAndPlayBk/Page-Vlink-CC-Credit/input")): Object: 'Object Repository/RecAndPlayBk/Page-Vlink-CC-Credit/input' is clicked on

2023-02-28 18:30:54 - [MESSAGE][PASSED] - Object: 'Object Repository/RecAndPlayBk/Page-Vlink-CC-Credit/input' is clicked on

2023-02-28 18:30:54 - [TEST_STEP][PASSED] - if (verifyTextPresent("Transaction approved, no errors", true)): null

2023-02-28 18:30:54 - [MESSAGE][PASSED] - Text 'Transaction approved, no errors' is present on page  using regular expression

2023-02-28 18:30:54 - [TEST_STEP][PASSED] - sdfo = getText(findTestObject("Object Repository/Page_VLinkReceipt/pre_STX")): Text of object 'Object Repository/Page_VLinkReceipt/pre_STX' is: '<STX>cdtFvpv03TPr                  2920776             0  Transaction approved, no errors                   0                                                                                             <ETX>'

2023-02-28 18:30:54 - [MESSAGE][PASSED] - Text of object 'Object Repository/Page_VLinkReceipt/pre_STX' is: '<STX>cdtFvpv03TPr                  2920776             0  Transaction approved, no errors                   0                                                                                             <ETX>'

2023-02-28 18:30:54 - [TEST_STEP][PASSED] - out.println("sdfo: " + sdfo): null

2023-02-28 18:30:54 - [TEST_STEP][PASSED] - remID = substring(5, 35).trim(): null

2023-02-28 18:30:54 - [TEST_STEP][PASSED] - out.println("remID: " + remID): null

2023-02-28 18:30:54 - [TEST_STEP][PASSED] - traxID = substring(35, 55).trim(): null

2023-02-28 18:30:54 - [TEST_STEP][PASSED] - out.println("traxID: " + traxID): null

2023-02-28 18:30:54 - [TEST_STEP][PASSED] - VLinkSaleRemID = remID: null

2023-02-28 18:30:54 - [TEST_STEP][PASSED] - VLinkSaleTranxID = traxID: null

2023-02-28 18:30:54 - [TEST_STEP][PASSED] - openBrowser(VLinkURL + "CC_void.html"): Browser is opened with url: 'https://dev-algorithm.govolution.com/vlinktest/demo2/version_2_0/CC_void.html'

2023-02-28 18:30:54 - [MESSAGE][WARNING] - A browser is already opened. Closing browser and opening a new one

2023-02-28 18:30:55 - [MESSAGE][INFO] - Starting 'Chrome' driver

2023-02-28 18:30:55 - [MESSAGE][INFO] - User set preference: ['acceptInsecureCerts', 'true']

2023-02-28 18:30:55 - [MESSAGE][INFO] - Action delay is set to 0 milliseconds

2023-02-28 18:30:57 - [MESSAGE][PASSED] - Browser is opened with url: 'https://dev-algorithm.govolution.com/vlinktest/demo2/version_2_0/CC_void.html'

2023-02-28 18:30:57 - [TEST_STEP][PASSED] - maximizeWindow(): Current window maximized

2023-02-28 18:30:57 - [MESSAGE][PASSED] - Current window maximized

2023-02-28 18:30:57 - [TEST_STEP][PASSED] - setText(findTestObject("Object Repository/RecAndPlayBk/Page-Vlink-CC-Void/txt_RemID"), VLinkSaleRemID): Text 'cdtFvpv03TPr' is set on object 'Object Repository/RecAndPlayBk/Page-Vlink-CC-Void/txt_RemID'

2023-02-28 18:30:58 - [MESSAGE][PASSED] - Text 'cdtFvpv03TPr' is set on object 'Object Repository/RecAndPlayBk/Page-Vlink-CC-Void/txt_RemID'

2023-02-28 18:30:58 - [TEST_STEP][PASSED] - setText(findTestObject("Object Repository/RecAndPlayBk/Page-Vlink-CC-Void/txt_ApplicationID"), appID): Text '1773' is set on object 'Object Repository/RecAndPlayBk/Page-Vlink-CC-Void/txt_ApplicationID'

2023-02-28 18:30:59 - [MESSAGE][PASSED] - Text '1773' is set on object 'Object Repository/RecAndPlayBk/Page-Vlink-CC-Void/txt_ApplicationID'

2023-02-28 18:30:59 - [TEST_STEP][PASSED] - setText(findTestObject("Object Repository/RecAndPlayBk/Page-Vlink-CC-Void/txt_Username"), username): Text 'Qq2BV1qtr' is set on object 'Object Repository/RecAndPlayBk/Page-Vlink-CC-Void/txt_Username'

2023-02-28 18:30:59 - [MESSAGE][PASSED] - Text 'Qq2BV1qtr' is set on object 'Object Repository/RecAndPlayBk/Page-Vlink-CC-Void/txt_Username'

2023-02-28 18:30:59 - [TEST_STEP][PASSED] - setText(findTestObject("Object Repository/RecAndPlayBk/Page-Vlink-CC-Void/txt_Password"), password): Text 'tUmWBiLUx' is set on object 'Object Repository/RecAndPlayBk/Page-Vlink-CC-Void/txt_Password'

2023-02-28 18:31:00 - [MESSAGE][PASSED] - Text 'tUmWBiLUx' is set on object 'Object Repository/RecAndPlayBk/Page-Vlink-CC-Void/txt_Password'

2023-02-28 18:31:00 - [TEST_STEP][PASSED] - setText(findTestObject("Object Repository/RecAndPlayBk/Page-Vlink-CC-Void/txt_TransactionID"), VLinkSaleTranxID): Text '2920776' is set on object 'Object Repository/RecAndPlayBk/Page-Vlink-CC-Void/txt_TransactionID'

2023-02-28 18:31:00 - [MESSAGE][PASSED] - Text '2920776' is set on object 'Object Repository/RecAndPlayBk/Page-Vlink-CC-Void/txt_TransactionID'

2023-02-28 18:31:00 - [TEST_STEP][PASSED] - setText(findTestObject("Object Repository/RecAndPlayBk/Page-Vlink-CC-Void/txt_OriginalTransactionType"), "104"): Text '104' is set on object 'Object Repository/RecAndPlayBk/Page-Vlink-CC-Void/txt_OriginalTransactionType'

2023-02-28 18:31:01 - [MESSAGE][PASSED] - Text '104' is set on object 'Object Repository/RecAndPlayBk/Page-Vlink-CC-Void/txt_OriginalTransactionType'

2023-02-28 18:31:01 - [TEST_STEP][PASSED] - setText(findTestObject("Object Repository/RecAndPlayBk/Page-Vlink-CC-Void/txt_TrackData"), ""): Text '' is set on object 'Object Repository/RecAndPlayBk/Page-Vlink-CC-Void/txt_TrackData'

2023-02-28 18:31:02 - [MESSAGE][PASSED] - Text '' is set on object 'Object Repository/RecAndPlayBk/Page-Vlink-CC-Void/txt_TrackData'

2023-02-28 18:31:02 - [TEST_STEP][PASSED] - click(findTestObject("Object Repository/RecAndPlayBk/Page-Vlink-CC-Void/btn_ProcessVLinkTransaction")): Object: 'Object Repository/RecAndPlayBk/Page-Vlink-CC-Void/btn_ProcessVLinkTransaction' is clicked on

2023-02-28 18:31:04 - [MESSAGE][PASSED] - Object: 'Object Repository/RecAndPlayBk/Page-Vlink-CC-Void/btn_ProcessVLinkTransaction' is clicked on

2023-02-28 18:31:04 - [TEST_STEP][PASSED] - if (verifyTextPresent("Transaction approved, no errors", true)): null

2023-02-28 18:31:05 - [MESSAGE][PASSED] - Text 'Transaction approved, no errors' is present on page  using regular expression

2023-02-28 18:31:05 - [TEST_STEP][PASSED] - println("Transaction Approved, no errors text is present on the Confirmation page"): null

2023-02-28 18:31:05 - [TEST_STEP][PASSED] - out.println("Pass Record Number: " + row): null

2023-02-28 18:31:05 - [TEST_STEP][PASSED] - resText = "Pass": null

2023-02-28 18:31:05 - [TEST_STEP][PASSED] - pages.WriteExcel.demoKey(resText, datText, resColumn, datCloumn, fileLoc, nameSheet, row): pages.WriteExcel.demoKey is PASSED

2023-02-28 18:31:05 - [MESSAGE][PASSED] - pages.WriteExcel.demoKey is PASSED

2023-02-28 18:31:05 - [TEST_STEP][PASSED] - ExecuteTC = findTestData(dataFile).getValue("Execute", row): null

2023-02-28 18:31:05 - [TEST_STEP][PASSED] - out.println("Value of Execute is : " + ExecuteTC): null

2023-02-28 18:31:05 - [TEST_STEP][PASSED] - switch (executionProfile): null

2023-02-28 18:31:05 - [TEST_STEP][PASSED] - case "Demo2Profile":: null

2023-02-28 18:31:05 - [TEST_STEP][PASSED] - appID = findTestData(dataFile).getValue("AppIDDemo", row): null

2023-02-28 18:31:05 - [TEST_STEP][PASSED] - username = findTestData(dataFile).getValue("UsernameDemo", row): null

2023-02-28 18:31:05 - [TEST_STEP][PASSED] - password = findTestData(dataFile).getValue("PasswordDemo", row): null

2023-02-28 18:31:05 - [TEST_STEP][PASSED] - break: null

2023-02-28 18:31:05 - [TEST_STEP][PASSED] - if (ExecuteTC.equalsIgnoreCase("Y")): null

2023-02-28 18:31:05 - [TEST_STEP][PASSED] - out.println("Begin Record Number: " + row): null

2023-02-28 18:31:05 - [TEST_STEP][PASSED] - today = new java.util.Date(): null

2023-02-28 18:31:05 - [TEST_STEP][PASSED] - println(today): null

2023-02-28 18:31:05 - [TEST_STEP][PASSED] - datText = today: null

2023-02-28 18:31:05 - [TEST_STEP][PASSED] - category = findTestData(dataFile).getValue("Category", row): null

2023-02-28 18:31:05 - [TEST_STEP][PASSED] - amount = findTestData(dataFile).getValue("Amount", row): null

2023-02-28 18:31:05 - [TEST_STEP][PASSED] - cardNumber = findTestData(dataFile).getValue("CardNumber", row): null

2023-02-28 18:31:05 - [TEST_STEP][PASSED] - exM = findTestData(dataFile).getValue("ExM", row): null

2023-02-28 18:31:05 - [TEST_STEP][PASSED] - exY = findTestData(dataFile).getValue("ExY", row): null

2023-02-28 18:31:06 - [TEST_STEP][PASSED] - openBrowser(VLinkURL + "authcap.html"): Browser is opened with url: 'https://dev-algorithm.govolution.com/vlinktest/demo2/version_2_0/authcap.html'

2023-02-28 18:31:06 - [MESSAGE][WARNING] - A browser is already opened. Closing browser and opening a new one

2023-02-28 18:31:06 - [MESSAGE][INFO] - Starting 'Chrome' driver

2023-02-28 18:31:06 - [MESSAGE][INFO] - User set preference: ['acceptInsecureCerts', 'true']

2023-02-28 18:31:06 - [MESSAGE][INFO] - Action delay is set to 0 milliseconds

2023-02-28 18:31:08 - [MESSAGE][PASSED] - Browser is opened with url: 'https://dev-algorithm.govolution.com/vlinktest/demo2/version_2_0/authcap.html'

2023-02-28 18:31:08 - [TEST_STEP][PASSED] - maximizeWindow(): Current window maximized

2023-02-28 18:31:08 - [MESSAGE][PASSED] - Current window maximized

2023-02-28 18:31:08 - [TEST_STEP][PASSED] - maximizeWindow(): Current window maximized

2023-02-28 18:31:09 - [MESSAGE][PASSED] - Current window maximized

2023-02-28 18:31:09 - [TEST_STEP][PASSED] - genRemID = RandomStringUtils.random(12, true, true): null

2023-02-28 18:31:09 - [TEST_STEP][PASSED] - setText(findTestObject("Object Repository/RecAndPlayBk/Page-Vlink-Sale/input_Remittance Id_remittance_id"), genRemID): Text 'NWjro7M4fZq8' is set on object 'Object Repository/RecAndPlayBk/Page-Vlink-Sale/input_Remittance Id_remittance_id'

2023-02-28 18:31:09 - [MESSAGE][PASSED] - Text 'NWjro7M4fZq8' is set on object 'Object Repository/RecAndPlayBk/Page-Vlink-Sale/input_Remittance Id_remittance_id'

2023-02-28 18:31:09 - [TEST_STEP][PASSED] - setText(findTestObject("Object Repository/RecAndPlayBk/Page-Vlink-Sale/input_Application Id_application_id"), appID): Text '1773' is set on object 'Object Repository/RecAndPlayBk/Page-Vlink-Sale/input_Application Id_application_id'

2023-02-28 18:31:10 - [MESSAGE][PASSED] - Text '1773' is set on object 'Object Repository/RecAndPlayBk/Page-Vlink-Sale/input_Application Id_application_id'

2023-02-28 18:31:10 - [TEST_STEP][PASSED] - setText(findTestObject("Object Repository/RecAndPlayBk/Page-Vlink-Sale/input_Username_username"), username): Text 'Qq2BV1qtr' is set on object 'Object Repository/RecAndPlayBk/Page-Vlink-Sale/input_Username_username'

2023-02-28 18:31:11 - [MESSAGE][PASSED] - Text 'Qq2BV1qtr' is set on object 'Object Repository/RecAndPlayBk/Page-Vlink-Sale/input_Username_username'

2023-02-28 18:31:11 - [TEST_STEP][PASSED] - setText(findTestObject("Object Repository/RecAndPlayBk/Page-Vlink-Sale/input_Password_password"), password): Text 'tUmWBiLUx' is set on object 'Object Repository/RecAndPlayBk/Page-Vlink-Sale/input_Password_password'

2023-02-28 18:31:11 - [MESSAGE][PASSED] - Text 'tUmWBiLUx' is set on object 'Object Repository/RecAndPlayBk/Page-Vlink-Sale/input_Password_password'

2023-02-28 18:31:11 - [TEST_STEP][PASSED] - setText(findTestObject("Object Repository/RecAndPlayBk/Page-Vlink-Sale/input_Category_category"), category): Text 'RETL' is set on object 'Object Repository/RecAndPlayBk/Page-Vlink-Sale/input_Category_category'

2023-02-28 18:31:12 - [MESSAGE][PASSED] - Text 'RETL' is set on object 'Object Repository/RecAndPlayBk/Page-Vlink-Sale/input_Category_category'

2023-02-28 18:31:12 - [TEST_STEP][PASSED] - setText(findTestObject("Object Repository/RecAndPlayBk/Page-Vlink-Sale/input_Amount_amount"), amount): Text '10.5' is set on object 'Object Repository/RecAndPlayBk/Page-Vlink-Sale/input_Amount_amount'

2023-02-28 18:31:13 - [MESSAGE][PASSED] - Text '10.5' is set on object 'Object Repository/RecAndPlayBk/Page-Vlink-Sale/input_Amount_amount'

2023-02-28 18:31:13 - [TEST_STEP][PASSED] - doubleClick(findTestObject("Object Repository/RecAndPlayBk/Page-Vlink-Sale/input_Card number_card_number")): Object: 'Object Repository/RecAndPlayBk/Page-Vlink-Sale/input_Card number_card_number' is double clicked on

2023-02-28 18:31:13 - [MESSAGE][PASSED] - Object: 'Object Repository/RecAndPlayBk/Page-Vlink-Sale/input_Card number_card_number' is double clicked on

2023-02-28 18:31:13 - [TEST_STEP][PASSED] - setText(findTestObject("Object Repository/RecAndPlayBk/Page-Vlink-Sale/input_Card number_card_number"), cardNumber): Text '370000000000002' is set on object 'Object Repository/RecAndPlayBk/Page-Vlink-Sale/input_Card number_card_number'

2023-02-28 18:31:14 - [MESSAGE][PASSED] - Text '370000000000002' is set on object 'Object Repository/RecAndPlayBk/Page-Vlink-Sale/input_Card number_card_number'

2023-02-28 18:31:14 - [TEST_STEP][PASSED] - setText(findTestObject("Object Repository/RecAndPlayBk/Page-Vlink-Sale/input_Card ex month_card_exmo"), exM): Text '12' is set on object 'Object Repository/RecAndPlayBk/Page-Vlink-Sale/input_Card ex month_card_exmo'

2023-02-28 18:31:14 - [MESSAGE][PASSED] - Text '12' is set on object 'Object Repository/RecAndPlayBk/Page-Vlink-Sale/input_Card ex month_card_exmo'

2023-02-28 18:31:14 - [TEST_STEP][PASSED] - setText(findTestObject("Object Repository/RecAndPlayBk/Page-Vlink-Sale/input_Card ex year_card_exyr"), exY): Text '2029' is set on object 'Object Repository/RecAndPlayBk/Page-Vlink-Sale/input_Card ex year_card_exyr'

2023-02-28 18:31:15 - [MESSAGE][PASSED] - Text '2029' is set on object 'Object Repository/RecAndPlayBk/Page-Vlink-Sale/input_Card ex year_card_exyr'

2023-02-28 18:31:15 - [TEST_STEP][PASSED] - click(findTestObject("Object Repository/RecAndPlayBk/Page-Vlink-Sale/input_Track Data_track_data")): Object: 'Object Repository/RecAndPlayBk/Page-Vlink-Sale/input_Track Data_track_data' is clicked on

2023-02-28 18:31:15 - [MESSAGE][PASSED] - Object: 'Object Repository/RecAndPlayBk/Page-Vlink-Sale/input_Track Data_track_data' is clicked on

2023-02-28 18:31:15 - [TEST_STEP][PASSED] - click(findTestObject("Object Repository/RecAndPlayBk/Page-Vlink-Sale/input_CVV state_cvv_state")): Object: 'Object Repository/RecAndPlayBk/Page-Vlink-Sale/input_CVV state_cvv_state' is clicked on

2023-02-28 18:31:16 - [MESSAGE][PASSED] - Object: 'Object Repository/RecAndPlayBk/Page-Vlink-Sale/input_CVV state_cvv_state' is clicked on

2023-02-28 18:31:16 - [TEST_STEP][PASSED] - setText(findTestObject("Object Repository/RecAndPlayBk/Page-Vlink-Sale/input_Track Data_track_data"), ""): Text '' is set on object 'Object Repository/RecAndPlayBk/Page-Vlink-Sale/input_Track Data_track_data'

2023-02-28 18:31:16 - [MESSAGE][PASSED] - Text '' is set on object 'Object Repository/RecAndPlayBk/Page-Vlink-Sale/input_Track Data_track_data'

2023-02-28 18:31:16 - [TEST_STEP][PASSED] - setText(findTestObject("Object Repository/RecAndPlayBk/Page-Vlink-Sale/input_concat(Cardholder, , s email)_email"), ""): Text '' is set on object 'Object Repository/RecAndPlayBk/Page-Vlink-Sale/input_concat(Cardholder, , s email)_email'

2023-02-28 18:31:17 - [MESSAGE][PASSED] - Text '' is set on object 'Object Repository/RecAndPlayBk/Page-Vlink-Sale/input_concat(Cardholder, , s email)_email'

2023-02-28 18:31:17 - [TEST_STEP][PASSED] - click(findTestObject("Object Repository/RecAndPlayBk/Page-Vlink-Sale/input_user_defined10_user_defined10")): Object: 'Object Repository/RecAndPlayBk/Page-Vlink-Sale/input_user_defined10_user_defined10' is clicked on

2023-02-28 18:31:17 - [MESSAGE][PASSED] - Object: 'Object Repository/RecAndPlayBk/Page-Vlink-Sale/input_user_defined10_user_defined10' is clicked on

2023-02-28 18:31:17 - [TEST_STEP][PASSED] - if (executionProfile.equalsIgnoreCase("QAProfile") || executionProfile.equalsIgnoreCase("DemoProfile")): null

2023-02-28 18:31:17 - [TEST_STEP][PASSED] - click(findTestObject("Object Repository/RecAndPlayBk/Page-Vlink-Sale/input")): Object: 'Object Repository/RecAndPlayBk/Page-Vlink-Sale/input' is clicked on

2023-02-28 18:31:18 - [MESSAGE][PASSED] - Object: 'Object Repository/RecAndPlayBk/Page-Vlink-Sale/input' is clicked on

2023-02-28 18:31:18 - [TEST_STEP][PASSED] - if (verifyTextPresent("Transaction approved, no errors", true)): null

2023-02-28 18:31:18 - [MESSAGE][PASSED] - Text 'Transaction approved, no errors' is present on page  using regular expression

2023-02-28 18:31:18 - [TEST_STEP][PASSED] - println("Transaction Approved, no errors text is present on the Confirmation page"): null

2023-02-28 18:31:18 - [TEST_STEP][PASSED] - sdfo = getText(findTestObject("Object Repository/Page_VLinkReceipt/pre_STX")): Text of object 'Object Repository/Page_VLinkReceipt/pre_STX' is: '<STX>NWjro7M4fZq8                  2920778             0  Transaction approved, no errors                   0                                                                                  Y 190417936<ETX>'

2023-02-28 18:31:19 - [MESSAGE][PASSED] - Text of object 'Object Repository/Page_VLinkReceipt/pre_STX' is: '<STX>NWjro7M4fZq8                  2920778             0  Transaction approved, no errors                   0                                                                                  Y 190417936<ETX>'

2023-02-28 18:31:19 - [TEST_STEP][PASSED] - out.println("sdfo: " + sdfo): null

2023-02-28 18:31:19 - [TEST_STEP][PASSED] - remID = substring(5, 35).trim(): null

2023-02-28 18:31:19 - [TEST_STEP][PASSED] - out.println("remID: " + remID): null

2023-02-28 18:31:19 - [TEST_STEP][PASSED] - traxID = substring(35, 55).trim(): null

2023-02-28 18:31:19 - [TEST_STEP][PASSED] - out.println("traxID: " + traxID): null

2023-02-28 18:31:19 - [TEST_STEP][PASSED] - VLinkSaleRemID = remID: null

2023-02-28 18:31:19 - [TEST_STEP][PASSED] - VLinkSaleTranxID = traxID: null

2023-02-28 18:31:19 - [TEST_STEP][PASSED] - openBrowser(VLinkURL + "CC_credit.html"): Browser is opened with url: 'https://dev-algorithm.govolution.com/vlinktest/demo2/version_2_0/CC_credit.html'

2023-02-28 18:31:19 - [MESSAGE][WARNING] - A browser is already opened. Closing browser and opening a new one

2023-02-28 18:31:20 - [MESSAGE][INFO] - Starting 'Chrome' driver

2023-02-28 18:31:20 - [MESSAGE][INFO] - User set preference: ['acceptInsecureCerts', 'true']

2023-02-28 18:31:20 - [MESSAGE][INFO] - Action delay is set to 0 milliseconds

2023-02-28 18:31:21 - [MESSAGE][PASSED] - Browser is opened with url: 'https://dev-algorithm.govolution.com/vlinktest/demo2/version_2_0/CC_credit.html'

2023-02-28 18:31:21 - [TEST_STEP][PASSED] - maximizeWindow(): Current window maximized

2023-02-28 18:31:22 - [MESSAGE][PASSED] - Current window maximized

2023-02-28 18:31:22 - [TEST_STEP][PASSED] - setText(findTestObject("Object Repository/RecAndPlayBk/Page-Vlink-CC-Credit/input_Remittance Id"), VLinkSaleRemID): Text 'NWjro7M4fZq8' is set on object 'Object Repository/RecAndPlayBk/Page-Vlink-CC-Credit/input_Remittance Id'

2023-02-28 18:31:22 - [MESSAGE][PASSED] - Text 'NWjro7M4fZq8' is set on object 'Object Repository/RecAndPlayBk/Page-Vlink-CC-Credit/input_Remittance Id'

2023-02-28 18:31:22 - [TEST_STEP][PASSED] - setText(findTestObject("Object Repository/RecAndPlayBk/Page-Vlink-CC-Credit/input_Application Id"), appID): Text '1773' is set on object 'Object Repository/RecAndPlayBk/Page-Vlink-CC-Credit/input_Application Id'

2023-02-28 18:31:23 - [MESSAGE][PASSED] - Text '1773' is set on object 'Object Repository/RecAndPlayBk/Page-Vlink-CC-Credit/input_Application Id'

2023-02-28 18:31:23 - [TEST_STEP][PASSED] - setText(findTestObject("Object Repository/RecAndPlayBk/Page-Vlink-CC-Credit/input_Username"), username): Text 'Qq2BV1qtr' is set on object 'Object Repository/RecAndPlayBk/Page-Vlink-CC-Credit/input_Username'

2023-02-28 18:31:24 - [MESSAGE][PASSED] - Text 'Qq2BV1qtr' is set on object 'Object Repository/RecAndPlayBk/Page-Vlink-CC-Credit/input_Username'

2023-02-28 18:31:24 - [TEST_STEP][PASSED] - setText(findTestObject("Object Repository/RecAndPlayBk/Page-Vlink-CC-Credit/input_Password"), password): Text 'tUmWBiLUx' is set on object 'Object Repository/RecAndPlayBk/Page-Vlink-CC-Credit/input_Password'

2023-02-28 18:31:24 - [MESSAGE][PASSED] - Text 'tUmWBiLUx' is set on object 'Object Repository/RecAndPlayBk/Page-Vlink-CC-Credit/input_Password'

2023-02-28 18:31:24 - [TEST_STEP][PASSED] - setText(findTestObject("Object Repository/RecAndPlayBk/Page-Vlink-CC-Credit/input_Transaction ID"), VLinkSaleTranxID): Text '2920778' is set on object 'Object Repository/RecAndPlayBk/Page-Vlink-CC-Credit/input_Transaction ID'

2023-02-28 18:31:25 - [MESSAGE][PASSED] - Text '2920778' is set on object 'Object Repository/RecAndPlayBk/Page-Vlink-CC-Credit/input_Transaction ID'

2023-02-28 18:31:25 - [TEST_STEP][PASSED] - setText(findTestObject("Object Repository/RecAndPlayBk/Page-Vlink-CC-Credit/input_Amount"), amount): Text '10.5' is set on object 'Object Repository/RecAndPlayBk/Page-Vlink-CC-Credit/input_Amount'

2023-02-28 18:31:26 - [MESSAGE][PASSED] - Text '10.5' is set on object 'Object Repository/RecAndPlayBk/Page-Vlink-CC-Credit/input_Amount'

2023-02-28 18:31:26 - [TEST_STEP][PASSED] - setText(findTestObject("Object Repository/RecAndPlayBk/Page-Vlink-CC-Credit/input_Card number"), ""): Text '' is set on object 'Object Repository/RecAndPlayBk/Page-Vlink-CC-Credit/input_Card number'

2023-02-28 18:31:26 - [MESSAGE][PASSED] - Text '' is set on object 'Object Repository/RecAndPlayBk/Page-Vlink-CC-Credit/input_Card number'

2023-02-28 18:31:26 - [TEST_STEP][PASSED] - setText(findTestObject("Object Repository/RecAndPlayBk/Page-Vlink-CC-Credit/input_Card ex month"), ""): Text '' is set on object 'Object Repository/RecAndPlayBk/Page-Vlink-CC-Credit/input_Card ex month'

2023-02-28 18:31:27 - [MESSAGE][PASSED] - Text '' is set on object 'Object Repository/RecAndPlayBk/Page-Vlink-CC-Credit/input_Card ex month'

2023-02-28 18:31:27 - [TEST_STEP][PASSED] - setText(findTestObject("Object Repository/RecAndPlayBk/Page-Vlink-CC-Credit/input_Card ex year"), ""): Text '' is set on object 'Object Repository/RecAndPlayBk/Page-Vlink-CC-Credit/input_Card ex year'

2023-02-28 18:31:27 - [MESSAGE][PASSED] - Text '' is set on object 'Object Repository/RecAndPlayBk/Page-Vlink-CC-Credit/input_Card ex year'

2023-02-28 18:31:27 - [TEST_STEP][PASSED] - setText(findTestObject("Object Repository/RecAndPlayBk/Page-Vlink-CC-Credit/input_Track Data"), ""): Text '' is set on object 'Object Repository/RecAndPlayBk/Page-Vlink-CC-Credit/input_Track Data'

2023-02-28 18:31:28 - [MESSAGE][PASSED] - Text '' is set on object 'Object Repository/RecAndPlayBk/Page-Vlink-CC-Credit/input_Track Data'

2023-02-28 18:31:28 - [TEST_STEP][PASSED] - setText(findTestObject("Object Repository/RecAndPlayBk/Page-Vlink-CC-Credit/input_Category Code"), category): Text 'RETL' is set on object 'Object Repository/RecAndPlayBk/Page-Vlink-CC-Credit/input_Category Code'

2023-02-28 18:31:29 - [MESSAGE][PASSED] - Text 'RETL' is set on object 'Object Repository/RecAndPlayBk/Page-Vlink-CC-Credit/input_Category Code'

2023-02-28 18:31:29 - [TEST_STEP][PASSED] - click(findTestObject("Object Repository/RecAndPlayBk/Page-Vlink-CC-Credit/input")): Object: 'Object Repository/RecAndPlayBk/Page-Vlink-CC-Credit/input' is clicked on

2023-02-28 18:31:31 - [MESSAGE][PASSED] - Object: 'Object Repository/RecAndPlayBk/Page-Vlink-CC-Credit/input' is clicked on

2023-02-28 18:31:31 - [TEST_STEP][PASSED] - if (verifyTextPresent("Transaction approved, no errors", true)): null

2023-02-28 18:31:31 - [MESSAGE][PASSED] - Text 'Transaction approved, no errors' is present on page  using regular expression

2023-02-28 18:31:31 - [TEST_STEP][PASSED] - sdfo = getText(findTestObject("Object Repository/Page_VLinkReceipt/pre_STX")): Text of object 'Object Repository/Page_VLinkReceipt/pre_STX' is: '<STX>NWjro7M4fZq8                  2920779             0  Transaction approved, no errors                   0                                                                                             <ETX>'

2023-02-28 18:31:32 - [MESSAGE][PASSED] - Text of object 'Object Repository/Page_VLinkReceipt/pre_STX' is: '<STX>NWjro7M4fZq8                  2920779             0  Transaction approved, no errors                   0                                                                                             <ETX>'

2023-02-28 18:31:32 - [TEST_STEP][PASSED] - out.println("sdfo: " + sdfo): null

2023-02-28 18:31:32 - [TEST_STEP][PASSED] - remID = substring(5, 35).trim(): null

2023-02-28 18:31:32 - [TEST_STEP][PASSED] - out.println("remID: " + remID): null

2023-02-28 18:31:32 - [TEST_STEP][PASSED] - traxID = substring(35, 55).trim(): null

2023-02-28 18:31:32 - [TEST_STEP][PASSED] - out.println("traxID: " + traxID): null

2023-02-28 18:31:32 - [TEST_STEP][PASSED] - VLinkSaleRemID = remID: null

2023-02-28 18:31:32 - [TEST_STEP][PASSED] - VLinkSaleTranxID = traxID: null

2023-02-28 18:31:32 - [TEST_STEP][PASSED] - openBrowser(VLinkURL + "CC_void.html"): Browser is opened with url: 'https://dev-algorithm.govolution.com/vlinktest/demo2/version_2_0/CC_void.html'

2023-02-28 18:31:32 - [MESSAGE][WARNING] - A browser is already opened. Closing browser and opening a new one

2023-02-28 18:31:32 - [MESSAGE][INFO] - Starting 'Chrome' driver

2023-02-28 18:31:32 - [MESSAGE][INFO] - User set preference: ['acceptInsecureCerts', 'true']

2023-02-28 18:31:32 - [MESSAGE][INFO] - Action delay is set to 0 milliseconds

2023-02-28 18:31:34 - [MESSAGE][PASSED] - Browser is opened with url: 'https://dev-algorithm.govolution.com/vlinktest/demo2/version_2_0/CC_void.html'

2023-02-28 18:31:34 - [TEST_STEP][PASSED] - maximizeWindow(): Current window maximized

2023-02-28 18:31:34 - [MESSAGE][PASSED] - Current window maximized

2023-02-28 18:31:34 - [TEST_STEP][PASSED] - setText(findTestObject("Object Repository/RecAndPlayBk/Page-Vlink-CC-Void/txt_RemID"), VLinkSaleRemID): Text 'NWjro7M4fZq8' is set on object 'Object Repository/RecAndPlayBk/Page-Vlink-CC-Void/txt_RemID'

2023-02-28 18:31:35 - [MESSAGE][PASSED] - Text 'NWjro7M4fZq8' is set on object 'Object Repository/RecAndPlayBk/Page-Vlink-CC-Void/txt_RemID'

2023-02-28 18:31:35 - [TEST_STEP][PASSED] - setText(findTestObject("Object Repository/RecAndPlayBk/Page-Vlink-CC-Void/txt_ApplicationID"), appID): Text '1773' is set on object 'Object Repository/RecAndPlayBk/Page-Vlink-CC-Void/txt_ApplicationID'

2023-02-28 18:31:36 - [MESSAGE][PASSED] - Text '1773' is set on object 'Object Repository/RecAndPlayBk/Page-Vlink-CC-Void/txt_ApplicationID'

2023-02-28 18:31:36 - [TEST_STEP][PASSED] - setText(findTestObject("Object Repository/RecAndPlayBk/Page-Vlink-CC-Void/txt_Username"), username): Text 'Qq2BV1qtr' is set on object 'Object Repository/RecAndPlayBk/Page-Vlink-CC-Void/txt_Username'

2023-02-28 18:31:37 - [MESSAGE][PASSED] - Text 'Qq2BV1qtr' is set on object 'Object Repository/RecAndPlayBk/Page-Vlink-CC-Void/txt_Username'

2023-02-28 18:31:37 - [TEST_STEP][PASSED] - setText(findTestObject("Object Repository/RecAndPlayBk/Page-Vlink-CC-Void/txt_Password"), password): Text 'tUmWBiLUx' is set on object 'Object Repository/RecAndPlayBk/Page-Vlink-CC-Void/txt_Password'

2023-02-28 18:31:37 - [MESSAGE][PASSED] - Text 'tUmWBiLUx' is set on object 'Object Repository/RecAndPlayBk/Page-Vlink-CC-Void/txt_Password'

2023-02-28 18:31:37 - [TEST_STEP][PASSED] - setText(findTestObject("Object Repository/RecAndPlayBk/Page-Vlink-CC-Void/txt_TransactionID"), VLinkSaleTranxID): Text '2920779' is set on object 'Object Repository/RecAndPlayBk/Page-Vlink-CC-Void/txt_TransactionID'

2023-02-28 18:31:38 - [MESSAGE][PASSED] - Text '2920779' is set on object 'Object Repository/RecAndPlayBk/Page-Vlink-CC-Void/txt_TransactionID'

2023-02-28 18:31:38 - [TEST_STEP][PASSED] - setText(findTestObject("Object Repository/RecAndPlayBk/Page-Vlink-CC-Void/txt_OriginalTransactionType"), "104"): Text '104' is set on object 'Object Repository/RecAndPlayBk/Page-Vlink-CC-Void/txt_OriginalTransactionType'

2023-02-28 18:31:38 - [MESSAGE][PASSED] - Text '104' is set on object 'Object Repository/RecAndPlayBk/Page-Vlink-CC-Void/txt_OriginalTransactionType'

2023-02-28 18:31:38 - [TEST_STEP][PASSED] - setText(findTestObject("Object Repository/RecAndPlayBk/Page-Vlink-CC-Void/txt_TrackData"), ""): Text '' is set on object 'Object Repository/RecAndPlayBk/Page-Vlink-CC-Void/txt_TrackData'

2023-02-28 18:31:39 - [MESSAGE][PASSED] - Text '' is set on object 'Object Repository/RecAndPlayBk/Page-Vlink-CC-Void/txt_TrackData'

2023-02-28 18:31:39 - [TEST_STEP][PASSED] - click(findTestObject("Object Repository/RecAndPlayBk/Page-Vlink-CC-Void/btn_ProcessVLinkTransaction")): Object: 'Object Repository/RecAndPlayBk/Page-Vlink-CC-Void/btn_ProcessVLinkTransaction' is clicked on

2023-02-28 18:31:42 - [MESSAGE][PASSED] - Object: 'Object Repository/RecAndPlayBk/Page-Vlink-CC-Void/btn_ProcessVLinkTransaction' is clicked on

2023-02-28 18:31:42 - [TEST_STEP][PASSED] - if (verifyTextPresent("Transaction approved, no errors", true)): null

2023-02-28 18:31:42 - [MESSAGE][PASSED] - Text 'Transaction approved, no errors' is present on page  using regular expression

2023-02-28 18:31:42 - [TEST_STEP][PASSED] - println("Transaction Approved, no errors text is present on the Confirmation page"): null

2023-02-28 18:31:42 - [TEST_STEP][PASSED] - out.println("Pass Record Number: " + row): null

2023-02-28 18:31:42 - [TEST_STEP][PASSED] - resText = "Pass": null

2023-02-28 18:31:42 - [TEST_STEP][PASSED] - pages.WriteExcel.demoKey(resText, datText, resColumn, datCloumn, fileLoc, nameSheet, row): pages.WriteExcel.demoKey is PASSED

2023-02-28 18:31:42 - [MESSAGE][PASSED] - pages.WriteExcel.demoKey is PASSED

2023-02-28 18:31:42 - [TEST_STEP][PASSED] - ExecuteTC = findTestData(dataFile).getValue("Execute", row): null

2023-02-28 18:31:42 - [TEST_STEP][PASSED] - out.println("Value of Execute is : " + ExecuteTC): null

2023-02-28 18:31:42 - [TEST_STEP][PASSED] - switch (executionProfile): null

2023-02-28 18:31:42 - [TEST_STEP][PASSED] - case "Demo2Profile":: null

2023-02-28 18:31:42 - [TEST_STEP][PASSED] - appID = findTestData(dataFile).getValue("AppIDDemo", row): null

2023-02-28 18:31:42 - [TEST_STEP][PASSED] - username = findTestData(dataFile).getValue("UsernameDemo", row): null

2023-02-28 18:31:42 - [TEST_STEP][PASSED] - password = findTestData(dataFile).getValue("PasswordDemo", row): null

2023-02-28 18:31:42 - [TEST_STEP][PASSED] - break: null

2023-02-28 18:31:42 - [TEST_STEP][FAILED] - if (ExecuteTC.equalsIgnoreCase("Y")): null

2023-02-28 18:31:42 - [TEST_STEP][PASSED] - out.println("Begin Record Number: " + row): null

2023-02-28 18:31:42 - [TEST_STEP][PASSED] - today = new java.util.Date(): null

2023-02-28 18:31:42 - [TEST_STEP][PASSED] - println(today): null

2023-02-28 18:31:42 - [TEST_STEP][PASSED] - datText = today: null

2023-02-28 18:31:42 - [TEST_STEP][PASSED] - category = findTestData(dataFile).getValue("Category", row): null

2023-02-28 18:31:42 - [TEST_STEP][PASSED] - amount = findTestData(dataFile).getValue("Amount", row): null

2023-02-28 18:31:42 - [TEST_STEP][PASSED] - cardNumber = findTestData(dataFile).getValue("CardNumber", row): null

2023-02-28 18:31:43 - [TEST_STEP][PASSED] - exM = findTestData(dataFile).getValue("ExM", row): null

2023-02-28 18:31:43 - [TEST_STEP][PASSED] - exY = findTestData(dataFile).getValue("ExY", row): null

2023-02-28 18:31:43 - [TEST_STEP][PASSED] - openBrowser(VLinkURL + "authcap.html"): Browser is opened with url: 'https://dev-algorithm.govolution.com/vlinktest/demo2/version_2_0/authcap.html'

2023-02-28 18:31:43 - [MESSAGE][WARNING] - A browser is already opened. Closing browser and opening a new one

2023-02-28 18:31:44 - [MESSAGE][INFO] - Starting 'Chrome' driver

2023-02-28 18:31:44 - [MESSAGE][INFO] - User set preference: ['acceptInsecureCerts', 'true']

2023-02-28 18:31:44 - [MESSAGE][INFO] - Action delay is set to 0 milliseconds

2023-02-28 18:31:45 - [MESSAGE][PASSED] - Browser is opened with url: 'https://dev-algorithm.govolution.com/vlinktest/demo2/version_2_0/authcap.html'

2023-02-28 18:31:45 - [TEST_STEP][PASSED] - maximizeWindow(): Current window maximized

2023-02-28 18:31:46 - [MESSAGE][PASSED] - Current window maximized

2023-02-28 18:31:46 - [TEST_STEP][PASSED] - maximizeWindow(): Current window maximized

2023-02-28 18:31:46 - [MESSAGE][PASSED] - Current window maximized

2023-02-28 18:31:46 - [TEST_STEP][PASSED] - genRemID = RandomStringUtils.random(12, true, true): null

2023-02-28 18:31:46 - [TEST_STEP][PASSED] - setText(findTestObject("Object Repository/RecAndPlayBk/Page-Vlink-Sale/input_Remittance Id_remittance_id"), genRemID): Text 'djin18h4fzOz' is set on object 'Object Repository/RecAndPlayBk/Page-Vlink-Sale/input_Remittance Id_remittance_id'

2023-02-28 18:31:46 - [MESSAGE][PASSED] - Text 'djin18h4fzOz' is set on object 'Object Repository/RecAndPlayBk/Page-Vlink-Sale/input_Remittance Id_remittance_id'

2023-02-28 18:31:46 - [TEST_STEP][PASSED] - setText(findTestObject("Object Repository/RecAndPlayBk/Page-Vlink-Sale/input_Application Id_application_id"), appID): Text '2435' is set on object 'Object Repository/RecAndPlayBk/Page-Vlink-Sale/input_Application Id_application_id'

2023-02-28 18:31:47 - [MESSAGE][PASSED] - Text '2435' is set on object 'Object Repository/RecAndPlayBk/Page-Vlink-Sale/input_Application Id_application_id'

2023-02-28 18:31:47 - [TEST_STEP][PASSED] - setText(findTestObject("Object Repository/RecAndPlayBk/Page-Vlink-Sale/input_Username_username"), username): Text 'health' is set on object 'Object Repository/RecAndPlayBk/Page-Vlink-Sale/input_Username_username'

2023-02-28 18:31:48 - [MESSAGE][PASSED] - Text 'health' is set on object 'Object Repository/RecAndPlayBk/Page-Vlink-Sale/input_Username_username'

2023-02-28 18:31:48 - [TEST_STEP][PASSED] - setText(findTestObject("Object Repository/RecAndPlayBk/Page-Vlink-Sale/input_Password_password"), password): Text '11111111' is set on object 'Object Repository/RecAndPlayBk/Page-Vlink-Sale/input_Password_password'

2023-02-28 18:31:48 - [MESSAGE][PASSED] - Text '11111111' is set on object 'Object Repository/RecAndPlayBk/Page-Vlink-Sale/input_Password_password'

2023-02-28 18:31:48 - [TEST_STEP][PASSED] - setText(findTestObject("Object Repository/RecAndPlayBk/Page-Vlink-Sale/input_Category_category"), category): Text 'ECOM' is set on object 'Object Repository/RecAndPlayBk/Page-Vlink-Sale/input_Category_category'

2023-02-28 18:31:49 - [MESSAGE][PASSED] - Text 'ECOM' is set on object 'Object Repository/RecAndPlayBk/Page-Vlink-Sale/input_Category_category'

2023-02-28 18:31:49 - [TEST_STEP][PASSED] - setText(findTestObject("Object Repository/RecAndPlayBk/Page-Vlink-Sale/input_Amount_amount"), amount): Text '10.5' is set on object 'Object Repository/RecAndPlayBk/Page-Vlink-Sale/input_Amount_amount'

2023-02-28 18:31:49 - [MESSAGE][PASSED] - Text '10.5' is set on object 'Object Repository/RecAndPlayBk/Page-Vlink-Sale/input_Amount_amount'

2023-02-28 18:31:49 - [TEST_STEP][PASSED] - doubleClick(findTestObject("Object Repository/RecAndPlayBk/Page-Vlink-Sale/input_Card number_card_number")): Object: 'Object Repository/RecAndPlayBk/Page-Vlink-Sale/input_Card number_card_number' is double clicked on

2023-02-28 18:31:50 - [MESSAGE][PASSED] - Object: 'Object Repository/RecAndPlayBk/Page-Vlink-Sale/input_Card number_card_number' is double clicked on

2023-02-28 18:31:50 - [TEST_STEP][PASSED] - setText(findTestObject("Object Repository/RecAndPlayBk/Page-Vlink-Sale/input_Card number_card_number"), cardNumber): Text '4012000098765439' is set on object 'Object Repository/RecAndPlayBk/Page-Vlink-Sale/input_Card number_card_number'

2023-02-28 18:31:51 - [MESSAGE][PASSED] - Text '4012000098765439' is set on object 'Object Repository/RecAndPlayBk/Page-Vlink-Sale/input_Card number_card_number'

2023-02-28 18:31:51 - [TEST_STEP][PASSED] - setText(findTestObject("Object Repository/RecAndPlayBk/Page-Vlink-Sale/input_Card ex month_card_exmo"), exM): Text '12' is set on object 'Object Repository/RecAndPlayBk/Page-Vlink-Sale/input_Card ex month_card_exmo'

2023-02-28 18:31:51 - [MESSAGE][PASSED] - Text '12' is set on object 'Object Repository/RecAndPlayBk/Page-Vlink-Sale/input_Card ex month_card_exmo'

2023-02-28 18:31:51 - [TEST_STEP][PASSED] - setText(findTestObject("Object Repository/RecAndPlayBk/Page-Vlink-Sale/input_Card ex year_card_exyr"), exY): Text '2029' is set on object 'Object Repository/RecAndPlayBk/Page-Vlink-Sale/input_Card ex year_card_exyr'

2023-02-28 18:31:52 - [MESSAGE][PASSED] - Text '2029' is set on object 'Object Repository/RecAndPlayBk/Page-Vlink-Sale/input_Card ex year_card_exyr'

2023-02-28 18:31:52 - [TEST_STEP][PASSED] - click(findTestObject("Object Repository/RecAndPlayBk/Page-Vlink-Sale/input_Track Data_track_data")): Object: 'Object Repository/RecAndPlayBk/Page-Vlink-Sale/input_Track Data_track_data' is clicked on

2023-02-28 18:31:52 - [MESSAGE][PASSED] - Object: 'Object Repository/RecAndPlayBk/Page-Vlink-Sale/input_Track Data_track_data' is clicked on

2023-02-28 18:31:52 - [TEST_STEP][PASSED] - click(findTestObject("Object Repository/RecAndPlayBk/Page-Vlink-Sale/input_CVV state_cvv_state")): Object: 'Object Repository/RecAndPlayBk/Page-Vlink-Sale/input_CVV state_cvv_state' is clicked on

2023-02-28 18:31:52 - [MESSAGE][PASSED] - Object: 'Object Repository/RecAndPlayBk/Page-Vlink-Sale/input_CVV state_cvv_state' is clicked on

2023-02-28 18:31:52 - [TEST_STEP][PASSED] - setText(findTestObject("Object Repository/RecAndPlayBk/Page-Vlink-Sale/input_Track Data_track_data"), ""): Text '' is set on object 'Object Repository/RecAndPlayBk/Page-Vlink-Sale/input_Track Data_track_data'

2023-02-28 18:31:53 - [MESSAGE][PASSED] - Text '' is set on object 'Object Repository/RecAndPlayBk/Page-Vlink-Sale/input_Track Data_track_data'

2023-02-28 18:31:53 - [TEST_STEP][PASSED] - setText(findTestObject("Object Repository/RecAndPlayBk/Page-Vlink-Sale/input_concat(Cardholder, , s email)_email"), ""): Text '' is set on object 'Object Repository/RecAndPlayBk/Page-Vlink-Sale/input_concat(Cardholder, , s email)_email'

2023-02-28 18:31:54 - [MESSAGE][PASSED] - Text '' is set on object 'Object Repository/RecAndPlayBk/Page-Vlink-Sale/input_concat(Cardholder, , s email)_email'

2023-02-28 18:31:54 - [TEST_STEP][PASSED] - click(findTestObject("Object Repository/RecAndPlayBk/Page-Vlink-Sale/input_user_defined10_user_defined10")): Object: 'Object Repository/RecAndPlayBk/Page-Vlink-Sale/input_user_defined10_user_defined10' is clicked on

2023-02-28 18:31:54 - [MESSAGE][PASSED] - Object: 'Object Repository/RecAndPlayBk/Page-Vlink-Sale/input_user_defined10_user_defined10' is clicked on

2023-02-28 18:31:54 - [TEST_STEP][PASSED] - if (executionProfile.equalsIgnoreCase("QAProfile") || executionProfile.equalsIgnoreCase("DemoProfile")): null

2023-02-28 18:31:54 - [TEST_STEP][PASSED] - click(findTestObject("Object Repository/RecAndPlayBk/Page-Vlink-Sale/input")): Object: 'Object Repository/RecAndPlayBk/Page-Vlink-Sale/input' is clicked on

2023-02-28 18:31:56 - [MESSAGE][PASSED] - Object: 'Object Repository/RecAndPlayBk/Page-Vlink-Sale/input' is clicked on

2023-02-28 18:31:56 - [TEST_STEP][FAILED] - if (verifyTextPresent("Transaction approved, no errors", true)): Text 'Transaction approved, no errors' is not present on page  using regular expression (Root cause: com.kms.katalon.core.exception.StepFailedException: Text 'Transaction approved, no errors' is not present on page  using regular expression
	at com.kms.katalon.core.webui.keyword.internal.WebUIKeywordMain.stepFailed(WebUIKeywordMain.groovy:64)
	at com.kms.katalon.core.webui.keyword.builtin.VerifyTextPresentKeyword$_verifyTextPresent_closure1.doCall(VerifyTextPresentKeyword.groovy:79)
	at com.kms.katalon.core.webui.keyword.builtin.VerifyTextPresentKeyword$_verifyTextPresent_closure1.call(VerifyTextPresentKeyword.groovy)
	at com.kms.katalon.core.webui.keyword.internal.WebUIKeywordMain.runKeyword(WebUIKeywordMain.groovy:20)
	at com.kms.katalon.core.webui.keyword.builtin.VerifyTextPresentKeyword.verifyTextPresent(VerifyTextPresentKeyword.groovy:83)
	at com.kms.katalon.core.webui.keyword.builtin.VerifyTextPresentKeyword.execute(VerifyTextPresentKeyword.groovy:68)
	at com.kms.katalon.core.keyword.internal.KeywordExecutor.executeKeywordForPlatform(KeywordExecutor.groovy:74)
	at com.kms.katalon.core.webui.keyword.WebUiBuiltInKeywords.verifyTextPresent(WebUiBuiltInKeywords.groovy:1723)
	at com.kms.katalon.core.webui.keyword.WebUiBuiltInKeywords$verifyTextPresent$4.call(Unknown Source)
	at Sale-Credit-Void.run(Sale-Credit-Void:161)
	at com.kms.katalon.core.main.ScriptEngine.run(ScriptEngine.java:194)
	at com.kms.katalon.core.main.ScriptEngine.runScriptAsRawText(ScriptEngine.java:119)
	at com.kms.katalon.core.main.TestCaseExecutor.runScript(TestCaseExecutor.java:442)
	at com.kms.katalon.core.main.TestCaseExecutor.doExecute(TestCaseExecutor.java:433)
	at com.kms.katalon.core.main.TestCaseExecutor.processExecutionPhase(TestCaseExecutor.java:412)
	at com.kms.katalon.core.main.TestCaseExecutor.accessMainPhase(TestCaseExecutor.java:404)
	at com.kms.katalon.core.main.TestCaseExecutor.execute(TestCaseExecutor.java:281)
	at com.kms.katalon.core.main.TestSuiteExecutor.accessTestCaseMainPhase(TestSuiteExecutor.java:202)
	at com.kms.katalon.core.main.TestSuiteExecutor.accessTestSuiteMainPhase(TestSuiteExecutor.java:164)
	at com.kms.katalon.core.main.TestSuiteExecutor.execute(TestSuiteExecutor.java:105)
	at com.kms.katalon.core.main.TestCaseMain.startTestSuite(TestCaseMain.java:185)
	at com.kms.katalon.core.main.TestCaseMain$startTestSuite$0.call(Unknown Source)
	at TempTestSuite1677626298320.run(TempTestSuite1677626298320.groovy:36)
)

2023-02-28 18:31:56 - [MESSAGE][FAILED] - Text 'Transaction approved, no errors' is not present on page  using regular expression (Root cause: com.kms.katalon.core.exception.StepFailedException: Text 'Transaction approved, no errors' is not present on page  using regular expression
	at com.kms.katalon.core.webui.keyword.internal.WebUIKeywordMain.stepFailed(WebUIKeywordMain.groovy:64)
	at com.kms.katalon.core.webui.keyword.builtin.VerifyTextPresentKeyword$_verifyTextPresent_closure1.doCall(VerifyTextPresentKeyword.groovy:79)
	at com.kms.katalon.core.webui.keyword.builtin.VerifyTextPresentKeyword$_verifyTextPresent_closure1.call(VerifyTextPresentKeyword.groovy)
	at com.kms.katalon.core.webui.keyword.internal.WebUIKeywordMain.runKeyword(WebUIKeywordMain.groovy:20)
	at com.kms.katalon.core.webui.keyword.builtin.VerifyTextPresentKeyword.verifyTextPresent(VerifyTextPresentKeyword.groovy:83)
	at com.kms.katalon.core.webui.keyword.builtin.VerifyTextPresentKeyword.execute(VerifyTextPresentKeyword.groovy:68)
	at com.kms.katalon.core.keyword.internal.KeywordExecutor.executeKeywordForPlatform(KeywordExecutor.groovy:74)
	at com.kms.katalon.core.webui.keyword.WebUiBuiltInKeywords.verifyTextPresent(WebUiBuiltInKeywords.groovy:1723)
	at com.kms.katalon.core.webui.keyword.WebUiBuiltInKeywords$verifyTextPresent$4.call(Unknown Source)
	at Sale-Credit-Void.run(Sale-Credit-Void:161)
	at com.kms.katalon.core.main.ScriptEngine.run(ScriptEngine.java:194)
	at com.kms.katalon.core.main.ScriptEngine.runScriptAsRawText(ScriptEngine.java:119)
	at com.kms.katalon.core.main.TestCaseExecutor.runScript(TestCaseExecutor.java:442)
	at com.kms.katalon.core.main.TestCaseExecutor.doExecute(TestCaseExecutor.java:433)
	at com.kms.katalon.core.main.TestCaseExecutor.processExecutionPhase(TestCaseExecutor.java:412)
	at com.kms.katalon.core.main.TestCaseExecutor.accessMainPhase(TestCaseExecutor.java:404)
	at com.kms.katalon.core.main.TestCaseExecutor.execute(TestCaseExecutor.java:281)
	at com.kms.katalon.core.main.TestSuiteExecutor.accessTestCaseMainPhase(TestSuiteExecutor.java:202)
	at com.kms.katalon.core.main.TestSuiteExecutor.accessTestSuiteMainPhase(TestSuiteExecutor.java:164)
	at com.kms.katalon.core.main.TestSuiteExecutor.execute(TestSuiteExecutor.java:105)
	at com.kms.katalon.core.main.TestCaseMain.startTestSuite(TestCaseMain.java:185)
	at com.kms.katalon.core.main.TestCaseMain$startTestSuite$0.call(Unknown Source)
	at TempTestSuite1677626298320.run(TempTestSuite1677626298320.groovy:36)
)

2023-02-28 18:31:56 - [TEST_STEP][PASSED] - else: pages.WriteExcel.demoKey is PASSED

2023-02-28 18:31:56 - [TEST_STEP][PASSED] - println("Transaction Approved, no errors text is not present on the Confirmation page"): null

2023-02-28 18:31:56 - [TEST_STEP][PASSED] - out.println("Fail Record Number: " + row): null

2023-02-28 18:31:56 - [TEST_STEP][PASSED] - resText = "Fail": null

2023-02-28 18:31:56 - [TEST_STEP][PASSED] - pages.WriteExcel.demoKey(resText, datText, resColumn, datCloumn, fileLoc, nameSheet, row): pages.WriteExcel.demoKey is PASSED

2023-02-28 18:31:56 - [MESSAGE][PASSED] - pages.WriteExcel.demoKey is PASSED

2023-02-28 18:31:56 - [TEST_STEP][PASSED] - ExecuteTC = findTestData(dataFile).getValue("Execute", row): null

2023-02-28 18:31:57 - [TEST_STEP][PASSED] - out.println("Value of Execute is : " + ExecuteTC): null

2023-02-28 18:31:57 - [TEST_STEP][PASSED] - switch (executionProfile): null

2023-02-28 18:31:57 - [TEST_STEP][PASSED] - case "Demo2Profile":: null

2023-02-28 18:31:57 - [TEST_STEP][PASSED] - appID = findTestData(dataFile).getValue("AppIDDemo", row): null

2023-02-28 18:31:57 - [TEST_STEP][PASSED] - username = findTestData(dataFile).getValue("UsernameDemo", row): null

2023-02-28 18:31:57 - [TEST_STEP][PASSED] - password = findTestData(dataFile).getValue("PasswordDemo", row): null

2023-02-28 18:31:57 - [TEST_STEP][PASSED] - break: null

2023-02-28 18:31:57 - [TEST_STEP][FAILED] - if (ExecuteTC.equalsIgnoreCase("Y")): null

2023-02-28 18:31:57 - [TEST_STEP][PASSED] - out.println("Begin Record Number: " + row): null

2023-02-28 18:31:57 - [TEST_STEP][PASSED] - today = new java.util.Date(): null

2023-02-28 18:31:57 - [TEST_STEP][PASSED] - println(today): null

2023-02-28 18:31:57 - [TEST_STEP][PASSED] - datText = today: null

2023-02-28 18:31:57 - [TEST_STEP][PASSED] - category = findTestData(dataFile).getValue("Category", row): null

2023-02-28 18:31:57 - [TEST_STEP][PASSED] - amount = findTestData(dataFile).getValue("Amount", row): null

2023-02-28 18:31:57 - [TEST_STEP][PASSED] - cardNumber = findTestData(dataFile).getValue("CardNumber", row): null

2023-02-28 18:31:57 - [TEST_STEP][PASSED] - exM = findTestData(dataFile).getValue("ExM", row): null

2023-02-28 18:31:57 - [TEST_STEP][PASSED] - exY = findTestData(dataFile).getValue("ExY", row): null

2023-02-28 18:31:57 - [TEST_STEP][PASSED] - openBrowser(VLinkURL + "authcap.html"): Browser is opened with url: 'https://dev-algorithm.govolution.com/vlinktest/demo2/version_2_0/authcap.html'

2023-02-28 18:31:57 - [MESSAGE][WARNING] - A browser is already opened. Closing browser and opening a new one

2023-02-28 18:31:58 - [MESSAGE][INFO] - Starting 'Chrome' driver

2023-02-28 18:31:58 - [MESSAGE][INFO] - User set preference: ['acceptInsecureCerts', 'true']

2023-02-28 18:31:58 - [MESSAGE][INFO] - Action delay is set to 0 milliseconds

2023-02-28 18:32:00 - [MESSAGE][PASSED] - Browser is opened with url: 'https://dev-algorithm.govolution.com/vlinktest/demo2/version_2_0/authcap.html'

2023-02-28 18:32:00 - [TEST_STEP][PASSED] - maximizeWindow(): Current window maximized

2023-02-28 18:32:00 - [MESSAGE][PASSED] - Current window maximized

2023-02-28 18:32:00 - [TEST_STEP][PASSED] - maximizeWindow(): Current window maximized

2023-02-28 18:32:00 - [MESSAGE][PASSED] - Current window maximized

2023-02-28 18:32:00 - [TEST_STEP][PASSED] - genRemID = RandomStringUtils.random(12, true, true): null

2023-02-28 18:32:00 - [TEST_STEP][PASSED] - setText(findTestObject("Object Repository/RecAndPlayBk/Page-Vlink-Sale/input_Remittance Id_remittance_id"), genRemID): Text 'eBKvuuK8rQ4y' is set on object 'Object Repository/RecAndPlayBk/Page-Vlink-Sale/input_Remittance Id_remittance_id'

2023-02-28 18:32:01 - [MESSAGE][PASSED] - Text 'eBKvuuK8rQ4y' is set on object 'Object Repository/RecAndPlayBk/Page-Vlink-Sale/input_Remittance Id_remittance_id'

2023-02-28 18:32:01 - [TEST_STEP][PASSED] - setText(findTestObject("Object Repository/RecAndPlayBk/Page-Vlink-Sale/input_Application Id_application_id"), appID): Text '3136' is set on object 'Object Repository/RecAndPlayBk/Page-Vlink-Sale/input_Application Id_application_id'

2023-02-28 18:32:02 - [MESSAGE][PASSED] - Text '3136' is set on object 'Object Repository/RecAndPlayBk/Page-Vlink-Sale/input_Application Id_application_id'

2023-02-28 18:32:02 - [TEST_STEP][PASSED] - setText(findTestObject("Object Repository/RecAndPlayBk/Page-Vlink-Sale/input_Username_username"), username): Text 'user3136' is set on object 'Object Repository/RecAndPlayBk/Page-Vlink-Sale/input_Username_username'

2023-02-28 18:32:02 - [MESSAGE][PASSED] - Text 'user3136' is set on object 'Object Repository/RecAndPlayBk/Page-Vlink-Sale/input_Username_username'

2023-02-28 18:32:02 - [TEST_STEP][PASSED] - setText(findTestObject("Object Repository/RecAndPlayBk/Page-Vlink-Sale/input_Password_password"), password): Text 'pwd3136' is set on object 'Object Repository/RecAndPlayBk/Page-Vlink-Sale/input_Password_password'

2023-02-28 18:32:03 - [MESSAGE][PASSED] - Text 'pwd3136' is set on object 'Object Repository/RecAndPlayBk/Page-Vlink-Sale/input_Password_password'

2023-02-28 18:32:03 - [TEST_STEP][PASSED] - setText(findTestObject("Object Repository/RecAndPlayBk/Page-Vlink-Sale/input_Category_category"), category): Text 'ECOM' is set on object 'Object Repository/RecAndPlayBk/Page-Vlink-Sale/input_Category_category'

2023-02-28 18:32:03 - [MESSAGE][PASSED] - Text 'ECOM' is set on object 'Object Repository/RecAndPlayBk/Page-Vlink-Sale/input_Category_category'

2023-02-28 18:32:03 - [TEST_STEP][PASSED] - setText(findTestObject("Object Repository/RecAndPlayBk/Page-Vlink-Sale/input_Amount_amount"), amount): Text '10.5' is set on object 'Object Repository/RecAndPlayBk/Page-Vlink-Sale/input_Amount_amount'

2023-02-28 18:32:04 - [MESSAGE][PASSED] - Text '10.5' is set on object 'Object Repository/RecAndPlayBk/Page-Vlink-Sale/input_Amount_amount'

2023-02-28 18:32:04 - [TEST_STEP][PASSED] - doubleClick(findTestObject("Object Repository/RecAndPlayBk/Page-Vlink-Sale/input_Card number_card_number")): Object: 'Object Repository/RecAndPlayBk/Page-Vlink-Sale/input_Card number_card_number' is double clicked on

2023-02-28 18:32:05 - [MESSAGE][PASSED] - Object: 'Object Repository/RecAndPlayBk/Page-Vlink-Sale/input_Card number_card_number' is double clicked on

2023-02-28 18:32:05 - [TEST_STEP][PASSED] - setText(findTestObject("Object Repository/RecAndPlayBk/Page-Vlink-Sale/input_Card number_card_number"), cardNumber): Text '5146312200000035' is set on object 'Object Repository/RecAndPlayBk/Page-Vlink-Sale/input_Card number_card_number'

2023-02-28 18:32:05 - [MESSAGE][PASSED] - Text '5146312200000035' is set on object 'Object Repository/RecAndPlayBk/Page-Vlink-Sale/input_Card number_card_number'

2023-02-28 18:32:05 - [TEST_STEP][PASSED] - setText(findTestObject("Object Repository/RecAndPlayBk/Page-Vlink-Sale/input_Card ex month_card_exmo"), exM): Text '12' is set on object 'Object Repository/RecAndPlayBk/Page-Vlink-Sale/input_Card ex month_card_exmo'

2023-02-28 18:32:06 - [MESSAGE][PASSED] - Text '12' is set on object 'Object Repository/RecAndPlayBk/Page-Vlink-Sale/input_Card ex month_card_exmo'

2023-02-28 18:32:06 - [TEST_STEP][PASSED] - setText(findTestObject("Object Repository/RecAndPlayBk/Page-Vlink-Sale/input_Card ex year_card_exyr"), exY): Text '2029' is set on object 'Object Repository/RecAndPlayBk/Page-Vlink-Sale/input_Card ex year_card_exyr'

2023-02-28 18:32:06 - [MESSAGE][PASSED] - Text '2029' is set on object 'Object Repository/RecAndPlayBk/Page-Vlink-Sale/input_Card ex year_card_exyr'

2023-02-28 18:32:06 - [TEST_STEP][PASSED] - click(findTestObject("Object Repository/RecAndPlayBk/Page-Vlink-Sale/input_Track Data_track_data")): Object: 'Object Repository/RecAndPlayBk/Page-Vlink-Sale/input_Track Data_track_data' is clicked on

2023-02-28 18:32:07 - [MESSAGE][PASSED] - Object: 'Object Repository/RecAndPlayBk/Page-Vlink-Sale/input_Track Data_track_data' is clicked on

2023-02-28 18:32:07 - [TEST_STEP][PASSED] - click(findTestObject("Object Repository/RecAndPlayBk/Page-Vlink-Sale/input_CVV state_cvv_state")): Object: 'Object Repository/RecAndPlayBk/Page-Vlink-Sale/input_CVV state_cvv_state' is clicked on

2023-02-28 18:32:07 - [MESSAGE][PASSED] - Object: 'Object Repository/RecAndPlayBk/Page-Vlink-Sale/input_CVV state_cvv_state' is clicked on

2023-02-28 18:32:07 - [TEST_STEP][PASSED] - setText(findTestObject("Object Repository/RecAndPlayBk/Page-Vlink-Sale/input_Track Data_track_data"), ""): Text '' is set on object 'Object Repository/RecAndPlayBk/Page-Vlink-Sale/input_Track Data_track_data'

2023-02-28 18:32:08 - [MESSAGE][PASSED] - Text '' is set on object 'Object Repository/RecAndPlayBk/Page-Vlink-Sale/input_Track Data_track_data'

2023-02-28 18:32:08 - [TEST_STEP][PASSED] - setText(findTestObject("Object Repository/RecAndPlayBk/Page-Vlink-Sale/input_concat(Cardholder, , s email)_email"), ""): Text '' is set on object 'Object Repository/RecAndPlayBk/Page-Vlink-Sale/input_concat(Cardholder, , s email)_email'

2023-02-28 18:32:08 - [MESSAGE][PASSED] - Text '' is set on object 'Object Repository/RecAndPlayBk/Page-Vlink-Sale/input_concat(Cardholder, , s email)_email'

2023-02-28 18:32:08 - [TEST_STEP][PASSED] - click(findTestObject("Object Repository/RecAndPlayBk/Page-Vlink-Sale/input_user_defined10_user_defined10")): Object: 'Object Repository/RecAndPlayBk/Page-Vlink-Sale/input_user_defined10_user_defined10' is clicked on

2023-02-28 18:32:09 - [MESSAGE][PASSED] - Object: 'Object Repository/RecAndPlayBk/Page-Vlink-Sale/input_user_defined10_user_defined10' is clicked on

2023-02-28 18:32:09 - [TEST_STEP][PASSED] - if (executionProfile.equalsIgnoreCase("QAProfile") || executionProfile.equalsIgnoreCase("DemoProfile")): null

2023-02-28 18:32:09 - [TEST_STEP][PASSED] - click(findTestObject("Object Repository/RecAndPlayBk/Page-Vlink-Sale/input")): Object: 'Object Repository/RecAndPlayBk/Page-Vlink-Sale/input' is clicked on

2023-02-28 18:32:11 - [MESSAGE][PASSED] - Object: 'Object Repository/RecAndPlayBk/Page-Vlink-Sale/input' is clicked on

2023-02-28 18:32:11 - [TEST_STEP][FAILED] - if (verifyTextPresent("Transaction approved, no errors", true)): Text 'Transaction approved, no errors' is not present on page  using regular expression (Root cause: com.kms.katalon.core.exception.StepFailedException: Text 'Transaction approved, no errors' is not present on page  using regular expression
	at com.kms.katalon.core.webui.keyword.internal.WebUIKeywordMain.stepFailed(WebUIKeywordMain.groovy:64)
	at com.kms.katalon.core.webui.keyword.builtin.VerifyTextPresentKeyword$_verifyTextPresent_closure1.doCall(VerifyTextPresentKeyword.groovy:79)
	at com.kms.katalon.core.webui.keyword.builtin.VerifyTextPresentKeyword$_verifyTextPresent_closure1.call(VerifyTextPresentKeyword.groovy)
	at com.kms.katalon.core.webui.keyword.internal.WebUIKeywordMain.runKeyword(WebUIKeywordMain.groovy:20)
	at com.kms.katalon.core.webui.keyword.builtin.VerifyTextPresentKeyword.verifyTextPresent(VerifyTextPresentKeyword.groovy:83)
	at com.kms.katalon.core.webui.keyword.builtin.VerifyTextPresentKeyword.execute(VerifyTextPresentKeyword.groovy:68)
	at com.kms.katalon.core.keyword.internal.KeywordExecutor.executeKeywordForPlatform(KeywordExecutor.groovy:74)
	at com.kms.katalon.core.webui.keyword.WebUiBuiltInKeywords.verifyTextPresent(WebUiBuiltInKeywords.groovy:1723)
	at com.kms.katalon.core.webui.keyword.WebUiBuiltInKeywords$verifyTextPresent$4.call(Unknown Source)
	at Sale-Credit-Void.run(Sale-Credit-Void:161)
	at com.kms.katalon.core.main.ScriptEngine.run(ScriptEngine.java:194)
	at com.kms.katalon.core.main.ScriptEngine.runScriptAsRawText(ScriptEngine.java:119)
	at com.kms.katalon.core.main.TestCaseExecutor.runScript(TestCaseExecutor.java:442)
	at com.kms.katalon.core.main.TestCaseExecutor.doExecute(TestCaseExecutor.java:433)
	at com.kms.katalon.core.main.TestCaseExecutor.processExecutionPhase(TestCaseExecutor.java:412)
	at com.kms.katalon.core.main.TestCaseExecutor.accessMainPhase(TestCaseExecutor.java:404)
	at com.kms.katalon.core.main.TestCaseExecutor.execute(TestCaseExecutor.java:281)
	at com.kms.katalon.core.main.TestSuiteExecutor.accessTestCaseMainPhase(TestSuiteExecutor.java:202)
	at com.kms.katalon.core.main.TestSuiteExecutor.accessTestSuiteMainPhase(TestSuiteExecutor.java:164)
	at com.kms.katalon.core.main.TestSuiteExecutor.execute(TestSuiteExecutor.java:105)
	at com.kms.katalon.core.main.TestCaseMain.startTestSuite(TestCaseMain.java:185)
	at com.kms.katalon.core.main.TestCaseMain$startTestSuite$0.call(Unknown Source)
	at TempTestSuite1677626298320.run(TempTestSuite1677626298320.groovy:36)
)

2023-02-28 18:32:11 - [MESSAGE][FAILED] - Text 'Transaction approved, no errors' is not present on page  using regular expression (Root cause: com.kms.katalon.core.exception.StepFailedException: Text 'Transaction approved, no errors' is not present on page  using regular expression
	at com.kms.katalon.core.webui.keyword.internal.WebUIKeywordMain.stepFailed(WebUIKeywordMain.groovy:64)
	at com.kms.katalon.core.webui.keyword.builtin.VerifyTextPresentKeyword$_verifyTextPresent_closure1.doCall(VerifyTextPresentKeyword.groovy:79)
	at com.kms.katalon.core.webui.keyword.builtin.VerifyTextPresentKeyword$_verifyTextPresent_closure1.call(VerifyTextPresentKeyword.groovy)
	at com.kms.katalon.core.webui.keyword.internal.WebUIKeywordMain.runKeyword(WebUIKeywordMain.groovy:20)
	at com.kms.katalon.core.webui.keyword.builtin.VerifyTextPresentKeyword.verifyTextPresent(VerifyTextPresentKeyword.groovy:83)
	at com.kms.katalon.core.webui.keyword.builtin.VerifyTextPresentKeyword.execute(VerifyTextPresentKeyword.groovy:68)
	at com.kms.katalon.core.keyword.internal.KeywordExecutor.executeKeywordForPlatform(KeywordExecutor.groovy:74)
	at com.kms.katalon.core.webui.keyword.WebUiBuiltInKeywords.verifyTextPresent(WebUiBuiltInKeywords.groovy:1723)
	at com.kms.katalon.core.webui.keyword.WebUiBuiltInKeywords$verifyTextPresent$4.call(Unknown Source)
	at Sale-Credit-Void.run(Sale-Credit-Void:161)
	at com.kms.katalon.core.main.ScriptEngine.run(ScriptEngine.java:194)
	at com.kms.katalon.core.main.ScriptEngine.runScriptAsRawText(ScriptEngine.java:119)
	at com.kms.katalon.core.main.TestCaseExecutor.runScript(TestCaseExecutor.java:442)
	at com.kms.katalon.core.main.TestCaseExecutor.doExecute(TestCaseExecutor.java:433)
	at com.kms.katalon.core.main.TestCaseExecutor.processExecutionPhase(TestCaseExecutor.java:412)
	at com.kms.katalon.core.main.TestCaseExecutor.accessMainPhase(TestCaseExecutor.java:404)
	at com.kms.katalon.core.main.TestCaseExecutor.execute(TestCaseExecutor.java:281)
	at com.kms.katalon.core.main.TestSuiteExecutor.accessTestCaseMainPhase(TestSuiteExecutor.java:202)
	at com.kms.katalon.core.main.TestSuiteExecutor.accessTestSuiteMainPhase(TestSuiteExecutor.java:164)
	at com.kms.katalon.core.main.TestSuiteExecutor.execute(TestSuiteExecutor.java:105)
	at com.kms.katalon.core.main.TestCaseMain.startTestSuite(TestCaseMain.java:185)
	at com.kms.katalon.core.main.TestCaseMain$startTestSuite$0.call(Unknown Source)
	at TempTestSuite1677626298320.run(TempTestSuite1677626298320.groovy:36)
)

2023-02-28 18:32:11 - [TEST_STEP][PASSED] - else: pages.WriteExcel.demoKey is PASSED

2023-02-28 18:32:11 - [TEST_STEP][PASSED] - println("Transaction Approved, no errors text is not present on the Confirmation page"): null

2023-02-28 18:32:11 - [TEST_STEP][PASSED] - out.println("Fail Record Number: " + row): null

2023-02-28 18:32:11 - [TEST_STEP][PASSED] - resText = "Fail": null

2023-02-28 18:32:11 - [TEST_STEP][PASSED] - pages.WriteExcel.demoKey(resText, datText, resColumn, datCloumn, fileLoc, nameSheet, row): pages.WriteExcel.demoKey is PASSED

2023-02-28 18:32:11 - [MESSAGE][PASSED] - pages.WriteExcel.demoKey is PASSED]]></system-out>
         <system-err><![CDATA[2023-02-28 18:29:47 - [TEST_CASE][FAILED] - Test Cases/RecAndPlayBk/VLink/Sale-Credit-Void: Test Cases/RecAndPlayBk/VLink/Sale-Credit-Void FAILED.
Reason:
com.kms.katalon.core.exception.StepFailedException: Text 'Transaction approved, no errors' is not present on page  using regular expression (Root cause: com.kms.katalon.core.exception.StepFailedException: Text 'Transaction approved, no errors' is not present on page  using regular expression
	at com.kms.katalon.core.webui.keyword.internal.WebUIKeywordMain.stepFailed(WebUIKeywordMain.groovy:64)
	at com.kms.katalon.core.webui.keyword.builtin.VerifyTextPresentKeyword$_verifyTextPresent_closure1.doCall(VerifyTextPresentKeyword.groovy:79)
	at com.kms.katalon.core.webui.keyword.builtin.VerifyTextPresentKeyword$_verifyTextPresent_closure1.call(VerifyTextPresentKeyword.groovy)
	at com.kms.katalon.core.webui.keyword.internal.WebUIKeywordMain.runKeyword(WebUIKeywordMain.groovy:20)
	at com.kms.katalon.core.webui.keyword.builtin.VerifyTextPresentKeyword.verifyTextPresent(VerifyTextPresentKeyword.groovy:83)
	at com.kms.katalon.core.webui.keyword.builtin.VerifyTextPresentKeyword.execute(VerifyTextPresentKeyword.groovy:68)
	at com.kms.katalon.core.keyword.internal.KeywordExecutor.executeKeywordForPlatform(KeywordExecutor.groovy:74)
	at com.kms.katalon.core.webui.keyword.WebUiBuiltInKeywords.verifyTextPresent(WebUiBuiltInKeywords.groovy:1723)
	at com.kms.katalon.core.webui.keyword.WebUiBuiltInKeywords$verifyTextPresent$4.call(Unknown Source)
	at Sale-Credit-Void.run(Sale-Credit-Void:161)
	at com.kms.katalon.core.main.ScriptEngine.run(ScriptEngine.java:194)
	at com.kms.katalon.core.main.ScriptEngine.runScriptAsRawText(ScriptEngine.java:119)
	at com.kms.katalon.core.main.TestCaseExecutor.runScript(TestCaseExecutor.java:442)
	at com.kms.katalon.core.main.TestCaseExecutor.doExecute(TestCaseExecutor.java:433)
	at com.kms.katalon.core.main.TestCaseExecutor.processExecutionPhase(TestCaseExecutor.java:412)
	at com.kms.katalon.core.main.TestCaseExecutor.accessMainPhase(TestCaseExecutor.java:404)
	at com.kms.katalon.core.main.TestCaseExecutor.execute(TestCaseExecutor.java:281)
	at com.kms.katalon.core.main.TestSuiteExecutor.accessTestCaseMainPhase(TestSuiteExecutor.java:202)
	at com.kms.katalon.core.main.TestSuiteExecutor.accessTestSuiteMainPhase(TestSuiteExecutor.java:164)
	at com.kms.katalon.core.main.TestSuiteExecutor.execute(TestSuiteExecutor.java:105)
	at com.kms.katalon.core.main.TestCaseMain.startTestSuite(TestCaseMain.java:185)
	at com.kms.katalon.core.main.TestCaseMain$startTestSuite$0.call(Unknown Source)
	at TempTestSuite1677626298320.run(TempTestSuite1677626298320.groovy:36)
)
	at com.kms.katalon.core.keyword.internal.KeywordMain.stepFailed(KeywordMain.groovy:39)
	at com.kms.katalon.core.webui.keyword.internal.WebUIKeywordMain.stepFailed(WebUIKeywordMain.groovy:64)
	at com.kms.katalon.core.webui.keyword.builtin.VerifyTextPresentKeyword$_verifyTextPresent_closure1.doCall(VerifyTextPresentKeyword.groovy:79)
	at com.kms.katalon.core.webui.keyword.builtin.VerifyTextPresentKeyword$_verifyTextPresent_closure1.call(VerifyTextPresentKeyword.groovy)
	at com.kms.katalon.core.webui.keyword.internal.WebUIKeywordMain.runKeyword(WebUIKeywordMain.groovy:20)
	at com.kms.katalon.core.webui.keyword.builtin.VerifyTextPresentKeyword.verifyTextPresent(VerifyTextPresentKeyword.groovy:83)
	at com.kms.katalon.core.webui.keyword.builtin.VerifyTextPresentKeyword.execute(VerifyTextPresentKeyword.groovy:68)
	at com.kms.katalon.core.keyword.internal.KeywordExecutor.executeKeywordForPlatform(KeywordExecutor.groovy:74)
	at com.kms.katalon.core.webui.keyword.WebUiBuiltInKeywords.verifyTextPresent(WebUiBuiltInKeywords.groovy:1723)
	at com.kms.katalon.core.webui.keyword.WebUiBuiltInKeywords$verifyTextPresent$4.call(Unknown Source)
	at Sale-Credit-Void.run(Sale-Credit-Void:161)
	at com.kms.katalon.core.main.ScriptEngine.run(ScriptEngine.java:194)
	at com.kms.katalon.core.main.ScriptEngine.runScriptAsRawText(ScriptEngine.java:119)
	at com.kms.katalon.core.main.TestCaseExecutor.runScript(TestCaseExecutor.java:442)
	at com.kms.katalon.core.main.TestCaseExecutor.doExecute(TestCaseExecutor.java:433)
	at com.kms.katalon.core.main.TestCaseExecutor.processExecutionPhase(TestCaseExecutor.java:412)
	at com.kms.katalon.core.main.TestCaseExecutor.accessMainPhase(TestCaseExecutor.java:404)
	at com.kms.katalon.core.main.TestCaseExecutor.execute(TestCaseExecutor.java:281)
	at com.kms.katalon.core.main.TestSuiteExecutor.accessTestCaseMainPhase(TestSuiteExecutor.java:202)
	at com.kms.katalon.core.main.TestSuiteExecutor.accessTestSuiteMainPhase(TestSuiteExecutor.java:164)
	at com.kms.katalon.core.main.TestSuiteExecutor.execute(TestSuiteExecutor.java:105)
	at com.kms.katalon.core.main.TestCaseMain.startTestSuite(TestCaseMain.java:185)
	at com.kms.katalon.core.main.TestCaseMain$startTestSuite$0.call(Unknown Source)
	at TempTestSuite1677626298320.run(TempTestSuite1677626298320.groovy:36)
Caused by: com.kms.katalon.core.exception.StepFailedException: Text 'Transaction approved, no errors' is not present on page  using regular expression
	... 23 more]]></system-err>
      </testcase>
      <testcase name="Test Cases/RecAndPlayBk/VLink/Auth-Cap-Void" time="132.232" classname="Test Cases/RecAndPlayBk/VLink/Auth-Cap-Void" status="FAILED">
         <failure type="FAILED" message="Test Cases/RecAndPlayBk/VLink/Auth-Cap-Void FAILED.
Reason:
com.kms.katalon.core.exception.StepFailedException: Text 'Transaction approved, no errors' is not present on page  using regular expression (Root cause: com.kms.katalon.core.exception.StepFailedException: Text 'Transaction approved, no errors' is not present on page  using regular expression
	at com.kms.katalon.core.webui.keyword.internal.WebUIKeywordMain.stepFailed(WebUIKeywordMain.groovy:64)
	at com.kms.katalon.core.webui.keyword.builtin.VerifyTextPresentKeyword$_verifyTextPresent_closure1.doCall(VerifyTextPresentKeyword.groovy:79)
	at com.kms.katalon.core.webui.keyword.builtin.VerifyTextPresentKeyword$_verifyTextPresent_closure1.call(VerifyTextPresentKeyword.groovy)
	at com.kms.katalon.core.webui.keyword.internal.WebUIKeywordMain.runKeyword(WebUIKeywordMain.groovy:20)
	at com.kms.katalon.core.webui.keyword.builtin.VerifyTextPresentKeyword.verifyTextPresent(VerifyTextPresentKeyword.groovy:83)
	at com.kms.katalon.core.webui.keyword.builtin.VerifyTextPresentKeyword.execute(VerifyTextPresentKeyword.groovy:68)
	at com.kms.katalon.core.keyword.internal.KeywordExecutor.executeKeywordForPlatform(KeywordExecutor.groovy:74)
	at com.kms.katalon.core.webui.keyword.WebUiBuiltInKeywords.verifyTextPresent(WebUiBuiltInKeywords.groovy:1723)
	at com.kms.katalon.core.webui.keyword.WebUiBuiltInKeywords$verifyTextPresent$4.call(Unknown Source)
	at Auth-Cap-Void.run(Auth-Cap-Void:167)
	at com.kms.katalon.core.main.ScriptEngine.run(ScriptEngine.java:194)
	at com.kms.katalon.core.main.ScriptEngine.runScriptAsRawText(ScriptEngine.java:119)
	at com.kms.katalon.core.main.TestCaseExecutor.runScript(TestCaseExecutor.java:442)
	at com.kms.katalon.core.main.TestCaseExecutor.doExecute(TestCaseExecutor.java:433)
	at com.kms.katalon.core.main.TestCaseExecutor.processExecutionPhase(TestCaseExecutor.java:412)
	at com.kms.katalon.core.main.TestCaseExecutor.accessMainPhase(TestCaseExecutor.java:404)
	at com.kms.katalon.core.main.TestCaseExecutor.execute(TestCaseExecutor.java:281)
	at com.kms.katalon.core.main.TestSuiteExecutor.accessTestCaseMainPhase(TestSuiteExecutor.java:202)
	at com.kms.katalon.core.main.TestSuiteExecutor.accessTestSuiteMainPhase(TestSuiteExecutor.java:164)
	at com.kms.katalon.core.main.TestSuiteExecutor.execute(TestSuiteExecutor.java:105)
	at com.kms.katalon.core.main.TestCaseMain.startTestSuite(TestCaseMain.java:185)
	at com.kms.katalon.core.main.TestCaseMain$startTestSuite$0.call(Unknown Source)
	at TempTestSuite1677626298320.run(TempTestSuite1677626298320.groovy:36)
)
	at com.kms.katalon.core.keyword.internal.KeywordMain.stepFailed(KeywordMain.groovy:39)
	at com.kms.katalon.core.webui.keyword.internal.WebUIKeywordMain.stepFailed(WebUIKeywordMain.groovy:64)
	at com.kms.katalon.core.webui.keyword.builtin.VerifyTextPresentKeyword$_verifyTextPresent_closure1.doCall(VerifyTextPresentKeyword.groovy:79)
	at com.kms.katalon.core.webui.keyword.builtin.VerifyTextPresentKeyword$_verifyTextPresent_closure1.call(VerifyTextPresentKeyword.groovy)
	at com.kms.katalon.core.webui.keyword.internal.WebUIKeywordMain.runKeyword(WebUIKeywordMain.groovy:20)
	at com.kms.katalon.core.webui.keyword.builtin.VerifyTextPresentKeyword.verifyTextPresent(VerifyTextPresentKeyword.groovy:83)
	at com.kms.katalon.core.webui.keyword.builtin.VerifyTextPresentKeyword.execute(VerifyTextPresentKeyword.groovy:68)
	at com.kms.katalon.core.keyword.internal.KeywordExecutor.executeKeywordForPlatform(KeywordExecutor.groovy:74)
	at com.kms.katalon.core.webui.keyword.WebUiBuiltInKeywords.verifyTextPresent(WebUiBuiltInKeywords.groovy:1723)
	at com.kms.katalon.core.webui.keyword.WebUiBuiltInKeywords$verifyTextPresent$4.call(Unknown Source)
	at Auth-Cap-Void.run(Auth-Cap-Void:167)
	at com.kms.katalon.core.main.ScriptEngine.run(ScriptEngine.java:194)
	at com.kms.katalon.core.main.ScriptEngine.runScriptAsRawText(ScriptEngine.java:119)
	at com.kms.katalon.core.main.TestCaseExecutor.runScript(TestCaseExecutor.java:442)
	at com.kms.katalon.core.main.TestCaseExecutor.doExecute(TestCaseExecutor.java:433)
	at com.kms.katalon.core.main.TestCaseExecutor.processExecutionPhase(TestCaseExecutor.java:412)
	at com.kms.katalon.core.main.TestCaseExecutor.accessMainPhase(TestCaseExecutor.java:404)
	at com.kms.katalon.core.main.TestCaseExecutor.execute(TestCaseExecutor.java:281)
	at com.kms.katalon.core.main.TestSuiteExecutor.accessTestCaseMainPhase(TestSuiteExecutor.java:202)
	at com.kms.katalon.core.main.TestSuiteExecutor.accessTestSuiteMainPhase(TestSuiteExecutor.java:164)
	at com.kms.katalon.core.main.TestSuiteExecutor.execute(TestSuiteExecutor.java:105)
	at com.kms.katalon.core.main.TestCaseMain.startTestSuite(TestCaseMain.java:185)
	at com.kms.katalon.core.main.TestCaseMain$startTestSuite$0.call(Unknown Source)
	at TempTestSuite1677626298320.run(TempTestSuite1677626298320.groovy:36)
Caused by: com.kms.katalon.core.exception.StepFailedException: Text 'Transaction approved, no errors' is not present on page  using regular expression
	... 23 more
"/>
         <system-out><![CDATA[2023-02-28 18:32:11 - [TEST_CASE][FAILED] - Test Cases/RecAndPlayBk/VLink/Auth-Cap-Void: Test Cases/RecAndPlayBk/VLink/Auth-Cap-Void FAILED.
Reason:
com.kms.katalon.core.exception.StepFailedException: Text 'Transaction approved, no errors' is not present on page  using regular expression (Root cause: com.kms.katalon.core.exception.StepFailedException: Text 'Transaction approved, no errors' is not present on page  using regular expression
	at com.kms.katalon.core.webui.keyword.internal.WebUIKeywordMain.stepFailed(WebUIKeywordMain.groovy:64)
	at com.kms.katalon.core.webui.keyword.builtin.VerifyTextPresentKeyword$_verifyTextPresent_closure1.doCall(VerifyTextPresentKeyword.groovy:79)
	at com.kms.katalon.core.webui.keyword.builtin.VerifyTextPresentKeyword$_verifyTextPresent_closure1.call(VerifyTextPresentKeyword.groovy)
	at com.kms.katalon.core.webui.keyword.internal.WebUIKeywordMain.runKeyword(WebUIKeywordMain.groovy:20)
	at com.kms.katalon.core.webui.keyword.builtin.VerifyTextPresentKeyword.verifyTextPresent(VerifyTextPresentKeyword.groovy:83)
	at com.kms.katalon.core.webui.keyword.builtin.VerifyTextPresentKeyword.execute(VerifyTextPresentKeyword.groovy:68)
	at com.kms.katalon.core.keyword.internal.KeywordExecutor.executeKeywordForPlatform(KeywordExecutor.groovy:74)
	at com.kms.katalon.core.webui.keyword.WebUiBuiltInKeywords.verifyTextPresent(WebUiBuiltInKeywords.groovy:1723)
	at com.kms.katalon.core.webui.keyword.WebUiBuiltInKeywords$verifyTextPresent$4.call(Unknown Source)
	at Auth-Cap-Void.run(Auth-Cap-Void:167)
	at com.kms.katalon.core.main.ScriptEngine.run(ScriptEngine.java:194)
	at com.kms.katalon.core.main.ScriptEngine.runScriptAsRawText(ScriptEngine.java:119)
	at com.kms.katalon.core.main.TestCaseExecutor.runScript(TestCaseExecutor.java:442)
	at com.kms.katalon.core.main.TestCaseExecutor.doExecute(TestCaseExecutor.java:433)
	at com.kms.katalon.core.main.TestCaseExecutor.processExecutionPhase(TestCaseExecutor.java:412)
	at com.kms.katalon.core.main.TestCaseExecutor.accessMainPhase(TestCaseExecutor.java:404)
	at com.kms.katalon.core.main.TestCaseExecutor.execute(TestCaseExecutor.java:281)
	at com.kms.katalon.core.main.TestSuiteExecutor.accessTestCaseMainPhase(TestSuiteExecutor.java:202)
	at com.kms.katalon.core.main.TestSuiteExecutor.accessTestSuiteMainPhase(TestSuiteExecutor.java:164)
	at com.kms.katalon.core.main.TestSuiteExecutor.execute(TestSuiteExecutor.java:105)
	at com.kms.katalon.core.main.TestCaseMain.startTestSuite(TestCaseMain.java:185)
	at com.kms.katalon.core.main.TestCaseMain$startTestSuite$0.call(Unknown Source)
	at TempTestSuite1677626298320.run(TempTestSuite1677626298320.groovy:36)
)
	at com.kms.katalon.core.keyword.internal.KeywordMain.stepFailed(KeywordMain.groovy:39)
	at com.kms.katalon.core.webui.keyword.internal.WebUIKeywordMain.stepFailed(WebUIKeywordMain.groovy:64)
	at com.kms.katalon.core.webui.keyword.builtin.VerifyTextPresentKeyword$_verifyTextPresent_closure1.doCall(VerifyTextPresentKeyword.groovy:79)
	at com.kms.katalon.core.webui.keyword.builtin.VerifyTextPresentKeyword$_verifyTextPresent_closure1.call(VerifyTextPresentKeyword.groovy)
	at com.kms.katalon.core.webui.keyword.internal.WebUIKeywordMain.runKeyword(WebUIKeywordMain.groovy:20)
	at com.kms.katalon.core.webui.keyword.builtin.VerifyTextPresentKeyword.verifyTextPresent(VerifyTextPresentKeyword.groovy:83)
	at com.kms.katalon.core.webui.keyword.builtin.VerifyTextPresentKeyword.execute(VerifyTextPresentKeyword.groovy:68)
	at com.kms.katalon.core.keyword.internal.KeywordExecutor.executeKeywordForPlatform(KeywordExecutor.groovy:74)
	at com.kms.katalon.core.webui.keyword.WebUiBuiltInKeywords.verifyTextPresent(WebUiBuiltInKeywords.groovy:1723)
	at com.kms.katalon.core.webui.keyword.WebUiBuiltInKeywords$verifyTextPresent$4.call(Unknown Source)
	at Auth-Cap-Void.run(Auth-Cap-Void:167)
	at com.kms.katalon.core.main.ScriptEngine.run(ScriptEngine.java:194)
	at com.kms.katalon.core.main.ScriptEngine.runScriptAsRawText(ScriptEngine.java:119)
	at com.kms.katalon.core.main.TestCaseExecutor.runScript(TestCaseExecutor.java:442)
	at com.kms.katalon.core.main.TestCaseExecutor.doExecute(TestCaseExecutor.java:433)
	at com.kms.katalon.core.main.TestCaseExecutor.processExecutionPhase(TestCaseExecutor.java:412)
	at com.kms.katalon.core.main.TestCaseExecutor.accessMainPhase(TestCaseExecutor.java:404)
	at com.kms.katalon.core.main.TestCaseExecutor.execute(TestCaseExecutor.java:281)
	at com.kms.katalon.core.main.TestSuiteExecutor.accessTestCaseMainPhase(TestSuiteExecutor.java:202)
	at com.kms.katalon.core.main.TestSuiteExecutor.accessTestSuiteMainPhase(TestSuiteExecutor.java:164)
	at com.kms.katalon.core.main.TestSuiteExecutor.execute(TestSuiteExecutor.java:105)
	at com.kms.katalon.core.main.TestCaseMain.startTestSuite(TestCaseMain.java:185)
	at com.kms.katalon.core.main.TestCaseMain$startTestSuite$0.call(Unknown Source)
	at TempTestSuite1677626298320.run(TempTestSuite1677626298320.groovy:36)
Caused by: com.kms.katalon.core.exception.StepFailedException: Text 'Transaction approved, no errors' is not present on page  using regular expression
	... 23 more


2023-02-28 18:32:12 - [TEST_STEP][PASSED] - executionProfile = getExecutionProfile(): null

2023-02-28 18:32:12 - [TEST_STEP][PASSED] - out.println("executionProfile : " + executionProfile): null

2023-02-28 18:32:12 - [TEST_STEP][PASSED] - appName = <not implemented yet for class: org.codehaus.groovy.ast.expr.EmptyExpression>: null

2023-02-28 18:32:12 - [TEST_STEP][PASSED] - appID = <not implemented yet for class: org.codehaus.groovy.ast.expr.EmptyExpression>: null

2023-02-28 18:32:12 - [TEST_STEP][PASSED] - username = <not implemented yet for class: org.codehaus.groovy.ast.expr.EmptyExpression>: null

2023-02-28 18:32:12 - [TEST_STEP][PASSED] - password = <not implemented yet for class: org.codehaus.groovy.ast.expr.EmptyExpression>: null

2023-02-28 18:32:12 - [TEST_STEP][PASSED] - cardNameV = <not implemented yet for class: org.codehaus.groovy.ast.expr.EmptyExpression>: null

2023-02-28 18:32:12 - [TEST_STEP][PASSED] - al1V = <not implemented yet for class: org.codehaus.groovy.ast.expr.EmptyExpression>: null

2023-02-28 18:32:12 - [TEST_STEP][PASSED] - al2V = <not implemented yet for class: org.codehaus.groovy.ast.expr.EmptyExpression>: null

2023-02-28 18:32:12 - [TEST_STEP][PASSED] - zipV = <not implemented yet for class: org.codehaus.groovy.ast.expr.EmptyExpression>: null

2023-02-28 18:32:12 - [TEST_STEP][PASSED] - cardTypeV = <not implemented yet for class: org.codehaus.groovy.ast.expr.EmptyExpression>: null

2023-02-28 18:32:12 - [TEST_STEP][PASSED] - last4V = <not implemented yet for class: org.codehaus.groovy.ast.expr.EmptyExpression>: null

2023-02-28 18:32:12 - [TEST_STEP][PASSED] - resText = "Fail": null

2023-02-28 18:32:12 - [TEST_STEP][PASSED] - resColumn = "Result": null

2023-02-28 18:32:12 - [TEST_STEP][PASSED] - datCloumn = "Date": null

2023-02-28 18:32:12 - [TEST_STEP][PASSED] - fileLoc = "KatalonData/VLinkSmokeData.xlsx": null

2023-02-28 18:32:12 - [TEST_STEP][PASSED] - numOfRows = <not implemented yet for class: org.codehaus.groovy.ast.expr.EmptyExpression>: null

2023-02-28 18:32:12 - [TEST_STEP][PASSED] - dataFile = <not implemented yet for class: org.codehaus.groovy.ast.expr.EmptyExpression>: null

2023-02-28 18:32:12 - [TEST_STEP][PASSED] - nameSheet = <not implemented yet for class: org.codehaus.groovy.ast.expr.EmptyExpression>: null

2023-02-28 18:32:12 - [TEST_STEP][PASSED] - nameSheet = "Auth-Cap-Void": null

2023-02-28 18:32:12 - [TEST_STEP][PASSED] - numOfRows = findTestData("QA/VLinkTestData/VLinkAuthCapVoidData").getRowNumbers(): null

2023-02-28 18:32:12 - [TEST_STEP][PASSED] - println("Number of Records: " + numOfRows): null

2023-02-28 18:32:12 - [TEST_STEP][PASSED] - dataFile = "QA/VLinkTestData/VLinkAuthCapVoidData": null

2023-02-28 18:32:12 - [TEST_STEP][FAILED] - for ([row = 1, row <= numOfRows, (row++)]): null

2023-02-28 18:32:12 - [TEST_STEP][PASSED] - ExecuteTC = findTestData(dataFile).getValue("Execute", row): null

2023-02-28 18:32:12 - [TEST_STEP][PASSED] - out.println("Value of Execute is : " + ExecuteTC): null

2023-02-28 18:32:12 - [TEST_STEP][PASSED] - switch (executionProfile): null

2023-02-28 18:32:12 - [TEST_STEP][PASSED] - case "Demo2Profile":: null

2023-02-28 18:32:12 - [TEST_STEP][PASSED] - appID = findTestData(dataFile).getValue("AppIDDemo", row): null

2023-02-28 18:32:12 - [TEST_STEP][PASSED] - username = findTestData(dataFile).getValue("UsernameDemo", row): null

2023-02-28 18:32:12 - [TEST_STEP][PASSED] - password = findTestData(dataFile).getValue("PasswordDemo", row): null

2023-02-28 18:32:12 - [TEST_STEP][PASSED] - break: null

2023-02-28 18:32:12 - [TEST_STEP][PASSED] - if (ExecuteTC.equalsIgnoreCase("Y")): null

2023-02-28 18:32:12 - [TEST_STEP][PASSED] - out.println("Begin Record Number: " + row): null

2023-02-28 18:32:12 - [TEST_STEP][PASSED] - today = new java.util.Date(): null

2023-02-28 18:32:12 - [TEST_STEP][PASSED] - println(today): null

2023-02-28 18:32:12 - [TEST_STEP][PASSED] - datText = today: null

2023-02-28 18:32:12 - [TEST_STEP][PASSED] - category = findTestData(dataFile).getValue("Category", row): null

2023-02-28 18:32:12 - [TEST_STEP][PASSED] - amount = findTestData(dataFile).getValue("Amount", row): null

2023-02-28 18:32:12 - [TEST_STEP][PASSED] - cardNumber = findTestData(dataFile).getValue("CardNumber", row): null

2023-02-28 18:32:12 - [TEST_STEP][PASSED] - exM = findTestData(dataFile).getValue("ExM", row): null

2023-02-28 18:32:13 - [TEST_STEP][PASSED] - exY = findTestData(dataFile).getValue("ExY", row): null

2023-02-28 18:32:13 - [TEST_STEP][PASSED] - openBrowser(VLinkURL + "auth.html"): Browser is opened with url: 'https://dev-algorithm.govolution.com/vlinktest/demo2/version_2_0/auth.html'

2023-02-28 18:32:13 - [MESSAGE][WARNING] - A browser is already opened. Closing browser and opening a new one

2023-02-28 18:32:14 - [MESSAGE][INFO] - Starting 'Chrome' driver

2023-02-28 18:32:14 - [MESSAGE][INFO] - User set preference: ['acceptInsecureCerts', 'true']

2023-02-28 18:32:14 - [MESSAGE][INFO] - Action delay is set to 0 milliseconds

2023-02-28 18:32:16 - [MESSAGE][PASSED] - Browser is opened with url: 'https://dev-algorithm.govolution.com/vlinktest/demo2/version_2_0/auth.html'

2023-02-28 18:32:16 - [TEST_STEP][PASSED] - maximizeWindow(): Current window maximized

2023-02-28 18:32:16 - [MESSAGE][PASSED] - Current window maximized

2023-02-28 18:32:16 - [TEST_STEP][PASSED] - genRemID = RandomStringUtils.random(12, true, true): null

2023-02-28 18:32:16 - [TEST_STEP][PASSED] - setText(findTestObject("Object Repository/RecAndPlayBk/Page-Vlink-AuthOnly/input_Remittance Id_remittance_id"), genRemID): Text 'WtlIYsPFs7Cx' is set on object 'Object Repository/RecAndPlayBk/Page-Vlink-AuthOnly/input_Remittance Id_remittance_id'

2023-02-28 18:32:16 - [MESSAGE][PASSED] - Text 'WtlIYsPFs7Cx' is set on object 'Object Repository/RecAndPlayBk/Page-Vlink-AuthOnly/input_Remittance Id_remittance_id'

2023-02-28 18:32:16 - [TEST_STEP][PASSED] - setText(findTestObject("Object Repository/RecAndPlayBk/Page-Vlink-AuthOnly/input_Application Id_application_id"), appID): Text '1773' is set on object 'Object Repository/RecAndPlayBk/Page-Vlink-AuthOnly/input_Application Id_application_id'

2023-02-28 18:32:17 - [MESSAGE][PASSED] - Text '1773' is set on object 'Object Repository/RecAndPlayBk/Page-Vlink-AuthOnly/input_Application Id_application_id'

2023-02-28 18:32:17 - [TEST_STEP][PASSED] - setText(findTestObject("Object Repository/RecAndPlayBk/Page-Vlink-AuthOnly/input_Username_username"), username): Text 'Qq2BV1qtr' is set on object 'Object Repository/RecAndPlayBk/Page-Vlink-AuthOnly/input_Username_username'

2023-02-28 18:32:18 - [MESSAGE][PASSED] - Text 'Qq2BV1qtr' is set on object 'Object Repository/RecAndPlayBk/Page-Vlink-AuthOnly/input_Username_username'

2023-02-28 18:32:18 - [TEST_STEP][PASSED] - setText(findTestObject("Object Repository/RecAndPlayBk/Page-Vlink-AuthOnly/input_Password_password"), password): Text 'tUmWBiLUx' is set on object 'Object Repository/RecAndPlayBk/Page-Vlink-AuthOnly/input_Password_password'

2023-02-28 18:32:18 - [MESSAGE][PASSED] - Text 'tUmWBiLUx' is set on object 'Object Repository/RecAndPlayBk/Page-Vlink-AuthOnly/input_Password_password'

2023-02-28 18:32:18 - [TEST_STEP][PASSED] - setText(findTestObject("Object Repository/RecAndPlayBk/Page-Vlink-AuthOnly/input_Category_category"), category): Text 'ECOM' is set on object 'Object Repository/RecAndPlayBk/Page-Vlink-AuthOnly/input_Category_category'

2023-02-28 18:32:19 - [MESSAGE][PASSED] - Text 'ECOM' is set on object 'Object Repository/RecAndPlayBk/Page-Vlink-AuthOnly/input_Category_category'

2023-02-28 18:32:19 - [TEST_STEP][PASSED] - setText(findTestObject("Object Repository/RecAndPlayBk/Page-Vlink-AuthOnly/input_Amount_amount"), amount): Text '10.5' is set on object 'Object Repository/RecAndPlayBk/Page-Vlink-AuthOnly/input_Amount_amount'

2023-02-28 18:32:20 - [MESSAGE][PASSED] - Text '10.5' is set on object 'Object Repository/RecAndPlayBk/Page-Vlink-AuthOnly/input_Amount_amount'

2023-02-28 18:32:20 - [TEST_STEP][PASSED] - doubleClick(findTestObject("Object Repository/RecAndPlayBk/Page-Vlink-AuthOnly/input_Card number_card_number")): Object: 'Object Repository/RecAndPlayBk/Page-Vlink-AuthOnly/input_Card number_card_number' is double clicked on

2023-02-28 18:32:20 - [MESSAGE][PASSED] - Object: 'Object Repository/RecAndPlayBk/Page-Vlink-AuthOnly/input_Card number_card_number' is double clicked on

2023-02-28 18:32:20 - [TEST_STEP][PASSED] - setText(findTestObject("Object Repository/RecAndPlayBk/Page-Vlink-AuthOnly/input_Card number_card_number"), cardNumber): Text '4111111111111111' is set on object 'Object Repository/RecAndPlayBk/Page-Vlink-AuthOnly/input_Card number_card_number'

2023-02-28 18:32:21 - [MESSAGE][PASSED] - Text '4111111111111111' is set on object 'Object Repository/RecAndPlayBk/Page-Vlink-AuthOnly/input_Card number_card_number'

2023-02-28 18:32:21 - [TEST_STEP][PASSED] - setText(findTestObject("Object Repository/RecAndPlayBk/Page-Vlink-AuthOnly/input_Card ex month_card_exmo"), exM): Text '12' is set on object 'Object Repository/RecAndPlayBk/Page-Vlink-AuthOnly/input_Card ex month_card_exmo'

2023-02-28 18:32:21 - [MESSAGE][PASSED] - Text '12' is set on object 'Object Repository/RecAndPlayBk/Page-Vlink-AuthOnly/input_Card ex month_card_exmo'

2023-02-28 18:32:21 - [TEST_STEP][PASSED] - setText(findTestObject("Object Repository/RecAndPlayBk/Page-Vlink-AuthOnly/input_Card ex year_card_exyr"), exY): Text '2029' is set on object 'Object Repository/RecAndPlayBk/Page-Vlink-AuthOnly/input_Card ex year_card_exyr'

2023-02-28 18:32:22 - [MESSAGE][PASSED] - Text '2029' is set on object 'Object Repository/RecAndPlayBk/Page-Vlink-AuthOnly/input_Card ex year_card_exyr'

2023-02-28 18:32:22 - [TEST_STEP][PASSED] - click(findTestObject("Object Repository/RecAndPlayBk/Page-Vlink-AuthOnly/input_Track Data_track_data")): Object: 'Object Repository/RecAndPlayBk/Page-Vlink-AuthOnly/input_Track Data_track_data' is clicked on

2023-02-28 18:32:22 - [MESSAGE][PASSED] - Object: 'Object Repository/RecAndPlayBk/Page-Vlink-AuthOnly/input_Track Data_track_data' is clicked on

2023-02-28 18:32:22 - [TEST_STEP][PASSED] - click(findTestObject("Object Repository/RecAndPlayBk/Page-Vlink-AuthOnly/input_CVV state_cvv_state")): Object: 'Object Repository/RecAndPlayBk/Page-Vlink-AuthOnly/input_CVV state_cvv_state' is clicked on

2023-02-28 18:32:23 - [MESSAGE][PASSED] - Object: 'Object Repository/RecAndPlayBk/Page-Vlink-AuthOnly/input_CVV state_cvv_state' is clicked on

2023-02-28 18:32:23 - [TEST_STEP][PASSED] - setText(findTestObject("Object Repository/RecAndPlayBk/Page-Vlink-AuthOnly/input_Track Data_track_data"), ""): Text '' is set on object 'Object Repository/RecAndPlayBk/Page-Vlink-AuthOnly/input_Track Data_track_data'

2023-02-28 18:32:23 - [MESSAGE][PASSED] - Text '' is set on object 'Object Repository/RecAndPlayBk/Page-Vlink-AuthOnly/input_Track Data_track_data'

2023-02-28 18:32:23 - [TEST_STEP][PASSED] - setText(findTestObject("Object Repository/RecAndPlayBk/Page-Vlink-AuthOnly/input_concat(Cardholder, , s email)_email"), ""): Text '' is set on object 'Object Repository/RecAndPlayBk/Page-Vlink-AuthOnly/input_concat(Cardholder, , s email)_email'

2023-02-28 18:32:24 - [MESSAGE][PASSED] - Text '' is set on object 'Object Repository/RecAndPlayBk/Page-Vlink-AuthOnly/input_concat(Cardholder, , s email)_email'

2023-02-28 18:32:24 - [TEST_STEP][PASSED] - click(findTestObject("Object Repository/RecAndPlayBk/Page-Vlink-AuthOnly/input_user_defined10_user_defined10")): Object: 'Object Repository/RecAndPlayBk/Page-Vlink-AuthOnly/input_user_defined10_user_defined10' is clicked on

2023-02-28 18:32:24 - [MESSAGE][PASSED] - Object: 'Object Repository/RecAndPlayBk/Page-Vlink-AuthOnly/input_user_defined10_user_defined10' is clicked on

2023-02-28 18:32:24 - [TEST_STEP][PASSED] - if (executionProfile.equalsIgnoreCase("QAProfile")): null

2023-02-28 18:32:24 - [TEST_STEP][PASSED] - click(findTestObject("Object Repository/RecAndPlayBk/Page-Vlink-AuthOnly/input")): Object: 'Object Repository/RecAndPlayBk/Page-Vlink-AuthOnly/input' is clicked on

2023-02-28 18:32:25 - [MESSAGE][PASSED] - Object: 'Object Repository/RecAndPlayBk/Page-Vlink-AuthOnly/input' is clicked on

2023-02-28 18:32:25 - [TEST_STEP][PASSED] - if (verifyTextPresent("Transaction approved, no errors", true)): null

2023-02-28 18:32:26 - [MESSAGE][PASSED] - Text 'Transaction approved, no errors' is present on page  using regular expression

2023-02-28 18:32:26 - [TEST_STEP][PASSED] - out.println("Auth was successful, Capture now"): null

2023-02-28 18:32:26 - [TEST_STEP][PASSED] - sdfo = getText(findTestObject("Object Repository/Page_VLinkReceipt/pre_STX")): Text of object 'Object Repository/Page_VLinkReceipt/pre_STX' is: '<STX>WtlIYsPFs7Cx                  2920783             0  Transaction approved, no errors                   0                                                                                  Y 386127119<ETX>'

2023-02-28 18:32:26 - [MESSAGE][PASSED] - Text of object 'Object Repository/Page_VLinkReceipt/pre_STX' is: '<STX>WtlIYsPFs7Cx                  2920783             0  Transaction approved, no errors                   0                                                                                  Y 386127119<ETX>'

2023-02-28 18:32:26 - [TEST_STEP][PASSED] - out.println("sdfo: " + sdfo): null

2023-02-28 18:32:26 - [TEST_STEP][PASSED] - remID = substring(5, 35).trim(): null

2023-02-28 18:32:26 - [TEST_STEP][PASSED] - out.println("remID: " + remID): null

2023-02-28 18:32:26 - [TEST_STEP][PASSED] - traxID = substring(35, 55).trim(): null

2023-02-28 18:32:26 - [TEST_STEP][PASSED] - out.println("traxID: " + traxID): null

2023-02-28 18:32:26 - [TEST_STEP][PASSED] - VLinkSaleRemID = remID: null

2023-02-28 18:32:26 - [TEST_STEP][PASSED] - VLinkSaleTranxID = traxID: null

2023-02-28 18:32:26 - [TEST_STEP][PASSED] - openBrowser(VLinkURL + "capture.html"): Browser is opened with url: 'https://dev-algorithm.govolution.com/vlinktest/demo2/version_2_0/capture.html'

2023-02-28 18:32:26 - [MESSAGE][WARNING] - A browser is already opened. Closing browser and opening a new one

2023-02-28 18:32:27 - [MESSAGE][INFO] - Starting 'Chrome' driver

2023-02-28 18:32:27 - [MESSAGE][INFO] - User set preference: ['acceptInsecureCerts', 'true']

2023-02-28 18:32:27 - [MESSAGE][INFO] - Action delay is set to 0 milliseconds

2023-02-28 18:32:29 - [MESSAGE][PASSED] - Browser is opened with url: 'https://dev-algorithm.govolution.com/vlinktest/demo2/version_2_0/capture.html'

2023-02-28 18:32:29 - [TEST_STEP][PASSED] - maximizeWindow(): Current window maximized

2023-02-28 18:32:29 - [MESSAGE][PASSED] - Current window maximized

2023-02-28 18:32:29 - [TEST_STEP][PASSED] - setText(findTestObject("Object Repository/RecAndPlayBk/Page-VLink-Capture/input_Remittance Id_remittance_id"), VLinkSaleRemID): Text 'WtlIYsPFs7Cx' is set on object 'Object Repository/RecAndPlayBk/Page-VLink-Capture/input_Remittance Id_remittance_id'

2023-02-28 18:32:29 - [MESSAGE][PASSED] - Text 'WtlIYsPFs7Cx' is set on object 'Object Repository/RecAndPlayBk/Page-VLink-Capture/input_Remittance Id_remittance_id'

2023-02-28 18:32:29 - [TEST_STEP][PASSED] - setText(findTestObject("Object Repository/RecAndPlayBk/Page-VLink-Capture/input_Application Id_application_id"), appID): Text '1773' is set on object 'Object Repository/RecAndPlayBk/Page-VLink-Capture/input_Application Id_application_id'

2023-02-28 18:32:30 - [MESSAGE][PASSED] - Text '1773' is set on object 'Object Repository/RecAndPlayBk/Page-VLink-Capture/input_Application Id_application_id'

2023-02-28 18:32:30 - [TEST_STEP][PASSED] - setText(findTestObject("Object Repository/RecAndPlayBk/Page-VLink-Capture/input_Username_username"), username): Text 'Qq2BV1qtr' is set on object 'Object Repository/RecAndPlayBk/Page-VLink-Capture/input_Username_username'

2023-02-28 18:32:31 - [MESSAGE][PASSED] - Text 'Qq2BV1qtr' is set on object 'Object Repository/RecAndPlayBk/Page-VLink-Capture/input_Username_username'

2023-02-28 18:32:31 - [TEST_STEP][PASSED] - setText(findTestObject("Object Repository/RecAndPlayBk/Page-VLink-Capture/input_Password_password"), password): Text 'tUmWBiLUx' is set on object 'Object Repository/RecAndPlayBk/Page-VLink-Capture/input_Password_password'

2023-02-28 18:32:31 - [MESSAGE][PASSED] - Text 'tUmWBiLUx' is set on object 'Object Repository/RecAndPlayBk/Page-VLink-Capture/input_Password_password'

2023-02-28 18:32:31 - [TEST_STEP][PASSED] - setText(findTestObject("Object Repository/RecAndPlayBk/Page-VLink-Capture/input_Transaction ID_transaction_id"), VLinkSaleTranxID): Text '2920783' is set on object 'Object Repository/RecAndPlayBk/Page-VLink-Capture/input_Transaction ID_transaction_id'

2023-02-28 18:32:32 - [MESSAGE][PASSED] - Text '2920783' is set on object 'Object Repository/RecAndPlayBk/Page-VLink-Capture/input_Transaction ID_transaction_id'

2023-02-28 18:32:32 - [TEST_STEP][PASSED] - setText(findTestObject("Object Repository/RecAndPlayBk/Page-VLink-Capture/input_Amount_amount"), amount): Text '10.5' is set on object 'Object Repository/RecAndPlayBk/Page-VLink-Capture/input_Amount_amount'

2023-02-28 18:32:33 - [MESSAGE][PASSED] - Text '10.5' is set on object 'Object Repository/RecAndPlayBk/Page-VLink-Capture/input_Amount_amount'

2023-02-28 18:32:33 - [TEST_STEP][PASSED] - click(findTestObject("Object Repository/RecAndPlayBk/Page-VLink-Capture/input")): Object: 'Object Repository/RecAndPlayBk/Page-VLink-Capture/input' is clicked on

2023-02-28 18:32:35 - [MESSAGE][PASSED] - Object: 'Object Repository/RecAndPlayBk/Page-VLink-Capture/input' is clicked on

2023-02-28 18:32:35 - [TEST_STEP][PASSED] - if (verifyTextPresent("Transaction approved, no errors", true)): null

2023-02-28 18:32:35 - [MESSAGE][PASSED] - Text 'Transaction approved, no errors' is present on page  using regular expression

2023-02-28 18:32:35 - [TEST_STEP][PASSED] - sdfo = getText(findTestObject("Object Repository/Page_VLinkReceipt/pre_STX")): Text of object 'Object Repository/Page_VLinkReceipt/pre_STX' is: '<STX>WtlIYsPFs7Cx                  2920784             0  Transaction approved, no errors                   0                                                                                  Y 386127119<ETX>'

2023-02-28 18:32:36 - [MESSAGE][PASSED] - Text of object 'Object Repository/Page_VLinkReceipt/pre_STX' is: '<STX>WtlIYsPFs7Cx                  2920784             0  Transaction approved, no errors                   0                                                                                  Y 386127119<ETX>'

2023-02-28 18:32:36 - [TEST_STEP][PASSED] - out.println("sdfo: " + sdfo): null

2023-02-28 18:32:36 - [TEST_STEP][PASSED] - remID = substring(5, 35).trim(): null

2023-02-28 18:32:36 - [TEST_STEP][PASSED] - out.println("remID: " + remID): null

2023-02-28 18:32:36 - [TEST_STEP][PASSED] - traxID = substring(35, 55).trim(): null

2023-02-28 18:32:36 - [TEST_STEP][PASSED] - out.println("traxID: " + traxID): null

2023-02-28 18:32:36 - [TEST_STEP][PASSED] - VLinkSaleRemID = remID: null

2023-02-28 18:32:36 - [TEST_STEP][PASSED] - VLinkSaleTranxID = traxID: null

2023-02-28 18:32:36 - [TEST_STEP][PASSED] - openBrowser(VLinkURL + "CC_void.html"): Browser is opened with url: 'https://dev-algorithm.govolution.com/vlinktest/demo2/version_2_0/CC_void.html'

2023-02-28 18:32:36 - [MESSAGE][WARNING] - A browser is already opened. Closing browser and opening a new one

2023-02-28 18:32:37 - [MESSAGE][INFO] - Starting 'Chrome' driver

2023-02-28 18:32:37 - [MESSAGE][INFO] - User set preference: ['acceptInsecureCerts', 'true']

2023-02-28 18:32:37 - [MESSAGE][INFO] - Action delay is set to 0 milliseconds

2023-02-28 18:32:38 - [MESSAGE][PASSED] - Browser is opened with url: 'https://dev-algorithm.govolution.com/vlinktest/demo2/version_2_0/CC_void.html'

2023-02-28 18:32:38 - [TEST_STEP][PASSED] - maximizeWindow(): Current window maximized

2023-02-28 18:32:39 - [MESSAGE][PASSED] - Current window maximized

2023-02-28 18:32:39 - [TEST_STEP][PASSED] - setText(findTestObject("Object Repository/RecAndPlayBk/Page-Vlink-CC-Void/txt_RemID"), VLinkSaleRemID): Text 'WtlIYsPFs7Cx' is set on object 'Object Repository/RecAndPlayBk/Page-Vlink-CC-Void/txt_RemID'

2023-02-28 18:32:39 - [MESSAGE][PASSED] - Text 'WtlIYsPFs7Cx' is set on object 'Object Repository/RecAndPlayBk/Page-Vlink-CC-Void/txt_RemID'

2023-02-28 18:32:39 - [TEST_STEP][PASSED] - setText(findTestObject("Object Repository/RecAndPlayBk/Page-Vlink-CC-Void/txt_ApplicationID"), appID): Text '1773' is set on object 'Object Repository/RecAndPlayBk/Page-Vlink-CC-Void/txt_ApplicationID'

2023-02-28 18:32:40 - [MESSAGE][PASSED] - Text '1773' is set on object 'Object Repository/RecAndPlayBk/Page-Vlink-CC-Void/txt_ApplicationID'

2023-02-28 18:32:40 - [TEST_STEP][PASSED] - setText(findTestObject("Object Repository/RecAndPlayBk/Page-Vlink-CC-Void/txt_Username"), username): Text 'Qq2BV1qtr' is set on object 'Object Repository/RecAndPlayBk/Page-Vlink-CC-Void/txt_Username'

2023-02-28 18:32:41 - [MESSAGE][PASSED] - Text 'Qq2BV1qtr' is set on object 'Object Repository/RecAndPlayBk/Page-Vlink-CC-Void/txt_Username'

2023-02-28 18:32:41 - [TEST_STEP][PASSED] - setText(findTestObject("Object Repository/RecAndPlayBk/Page-Vlink-CC-Void/txt_Password"), password): Text 'tUmWBiLUx' is set on object 'Object Repository/RecAndPlayBk/Page-Vlink-CC-Void/txt_Password'

2023-02-28 18:32:41 - [MESSAGE][PASSED] - Text 'tUmWBiLUx' is set on object 'Object Repository/RecAndPlayBk/Page-Vlink-CC-Void/txt_Password'

2023-02-28 18:32:41 - [TEST_STEP][PASSED] - setText(findTestObject("Object Repository/RecAndPlayBk/Page-Vlink-CC-Void/txt_TransactionID"), VLinkSaleTranxID): Text '2920784' is set on object 'Object Repository/RecAndPlayBk/Page-Vlink-CC-Void/txt_TransactionID'

2023-02-28 18:32:42 - [MESSAGE][PASSED] - Text '2920784' is set on object 'Object Repository/RecAndPlayBk/Page-Vlink-CC-Void/txt_TransactionID'

2023-02-28 18:32:42 - [TEST_STEP][PASSED] - setText(findTestObject("Object Repository/RecAndPlayBk/Page-Vlink-CC-Void/txt_OriginalTransactionType"), "102"): Text '102' is set on object 'Object Repository/RecAndPlayBk/Page-Vlink-CC-Void/txt_OriginalTransactionType'

2023-02-28 18:32:43 - [MESSAGE][PASSED] - Text '102' is set on object 'Object Repository/RecAndPlayBk/Page-Vlink-CC-Void/txt_OriginalTransactionType'

2023-02-28 18:32:43 - [TEST_STEP][PASSED] - setText(findTestObject("Object Repository/RecAndPlayBk/Page-Vlink-CC-Void/txt_TrackData"), ""): Text '' is set on object 'Object Repository/RecAndPlayBk/Page-Vlink-CC-Void/txt_TrackData'

2023-02-28 18:32:43 - [MESSAGE][PASSED] - Text '' is set on object 'Object Repository/RecAndPlayBk/Page-Vlink-CC-Void/txt_TrackData'

2023-02-28 18:32:43 - [TEST_STEP][PASSED] - click(findTestObject("Object Repository/RecAndPlayBk/Page-Vlink-CC-Void/btn_ProcessVLinkTransaction")): Object: 'Object Repository/RecAndPlayBk/Page-Vlink-CC-Void/btn_ProcessVLinkTransaction' is clicked on

2023-02-28 18:32:46 - [MESSAGE][PASSED] - Object: 'Object Repository/RecAndPlayBk/Page-Vlink-CC-Void/btn_ProcessVLinkTransaction' is clicked on

2023-02-28 18:32:46 - [TEST_STEP][PASSED] - if (verifyTextPresent("Transaction approved, no errors", true)): null

2023-02-28 18:32:46 - [MESSAGE][PASSED] - Text 'Transaction approved, no errors' is present on page  using regular expression

2023-02-28 18:32:46 - [TEST_STEP][PASSED] - println("Transaction Approved, no errors text is present on the Confirmation page"): null

2023-02-28 18:32:46 - [TEST_STEP][PASSED] - out.println("Pass Record Number: " + row): null

2023-02-28 18:32:46 - [TEST_STEP][PASSED] - resText = "Pass": null

2023-02-28 18:32:46 - [TEST_STEP][PASSED] - pages.WriteExcel.demoKey(resText, datText, resColumn, datCloumn, fileLoc, nameSheet, row): pages.WriteExcel.demoKey is PASSED

2023-02-28 18:32:46 - [MESSAGE][PASSED] - pages.WriteExcel.demoKey is PASSED

2023-02-28 18:32:46 - [TEST_STEP][PASSED] - ExecuteTC = findTestData(dataFile).getValue("Execute", row): null

2023-02-28 18:32:46 - [TEST_STEP][PASSED] - out.println("Value of Execute is : " + ExecuteTC): null

2023-02-28 18:32:46 - [TEST_STEP][PASSED] - switch (executionProfile): null

2023-02-28 18:32:46 - [TEST_STEP][PASSED] - case "Demo2Profile":: null

2023-02-28 18:32:46 - [TEST_STEP][PASSED] - appID = findTestData(dataFile).getValue("AppIDDemo", row): null

2023-02-28 18:32:46 - [TEST_STEP][PASSED] - username = findTestData(dataFile).getValue("UsernameDemo", row): null

2023-02-28 18:32:46 - [TEST_STEP][PASSED] - password = findTestData(dataFile).getValue("PasswordDemo", row): null

2023-02-28 18:32:46 - [TEST_STEP][PASSED] - break: null

2023-02-28 18:32:46 - [TEST_STEP][PASSED] - if (ExecuteTC.equalsIgnoreCase("Y")): null

2023-02-28 18:32:46 - [TEST_STEP][PASSED] - out.println("Begin Record Number: " + row): null

2023-02-28 18:32:46 - [TEST_STEP][PASSED] - today = new java.util.Date(): null

2023-02-28 18:32:46 - [TEST_STEP][PASSED] - println(today): null

2023-02-28 18:32:46 - [TEST_STEP][PASSED] - datText = today: null

2023-02-28 18:32:46 - [TEST_STEP][PASSED] - category = findTestData(dataFile).getValue("Category", row): null

2023-02-28 18:32:46 - [TEST_STEP][PASSED] - amount = findTestData(dataFile).getValue("Amount", row): null

2023-02-28 18:32:47 - [TEST_STEP][PASSED] - cardNumber = findTestData(dataFile).getValue("CardNumber", row): null

2023-02-28 18:32:47 - [TEST_STEP][PASSED] - exM = findTestData(dataFile).getValue("ExM", row): null

2023-02-28 18:32:47 - [TEST_STEP][PASSED] - exY = findTestData(dataFile).getValue("ExY", row): null

2023-02-28 18:32:47 - [TEST_STEP][PASSED] - openBrowser(VLinkURL + "auth.html"): Browser is opened with url: 'https://dev-algorithm.govolution.com/vlinktest/demo2/version_2_0/auth.html'

2023-02-28 18:32:47 - [MESSAGE][WARNING] - A browser is already opened. Closing browser and opening a new one

2023-02-28 18:32:48 - [MESSAGE][INFO] - Starting 'Chrome' driver

2023-02-28 18:32:48 - [MESSAGE][INFO] - User set preference: ['acceptInsecureCerts', 'true']

2023-02-28 18:32:48 - [MESSAGE][INFO] - Action delay is set to 0 milliseconds

2023-02-28 18:32:49 - [MESSAGE][PASSED] - Browser is opened with url: 'https://dev-algorithm.govolution.com/vlinktest/demo2/version_2_0/auth.html'

2023-02-28 18:32:49 - [TEST_STEP][PASSED] - maximizeWindow(): Current window maximized

2023-02-28 18:32:50 - [MESSAGE][PASSED] - Current window maximized

2023-02-28 18:32:50 - [TEST_STEP][PASSED] - genRemID = RandomStringUtils.random(12, true, true): null

2023-02-28 18:32:50 - [TEST_STEP][PASSED] - setText(findTestObject("Object Repository/RecAndPlayBk/Page-Vlink-AuthOnly/input_Remittance Id_remittance_id"), genRemID): Text '620womLpwb4P' is set on object 'Object Repository/RecAndPlayBk/Page-Vlink-AuthOnly/input_Remittance Id_remittance_id'

2023-02-28 18:32:50 - [MESSAGE][PASSED] - Text '620womLpwb4P' is set on object 'Object Repository/RecAndPlayBk/Page-Vlink-AuthOnly/input_Remittance Id_remittance_id'

2023-02-28 18:32:50 - [TEST_STEP][PASSED] - setText(findTestObject("Object Repository/RecAndPlayBk/Page-Vlink-AuthOnly/input_Application Id_application_id"), appID): Text '1773' is set on object 'Object Repository/RecAndPlayBk/Page-Vlink-AuthOnly/input_Application Id_application_id'

2023-02-28 18:32:51 - [MESSAGE][PASSED] - Text '1773' is set on object 'Object Repository/RecAndPlayBk/Page-Vlink-AuthOnly/input_Application Id_application_id'

2023-02-28 18:32:51 - [TEST_STEP][PASSED] - setText(findTestObject("Object Repository/RecAndPlayBk/Page-Vlink-AuthOnly/input_Username_username"), username): Text 'Qq2BV1qtr' is set on object 'Object Repository/RecAndPlayBk/Page-Vlink-AuthOnly/input_Username_username'

2023-02-28 18:32:52 - [MESSAGE][PASSED] - Text 'Qq2BV1qtr' is set on object 'Object Repository/RecAndPlayBk/Page-Vlink-AuthOnly/input_Username_username'

2023-02-28 18:32:52 - [TEST_STEP][PASSED] - setText(findTestObject("Object Repository/RecAndPlayBk/Page-Vlink-AuthOnly/input_Password_password"), password): Text 'tUmWBiLUx' is set on object 'Object Repository/RecAndPlayBk/Page-Vlink-AuthOnly/input_Password_password'

2023-02-28 18:32:52 - [MESSAGE][PASSED] - Text 'tUmWBiLUx' is set on object 'Object Repository/RecAndPlayBk/Page-Vlink-AuthOnly/input_Password_password'

2023-02-28 18:32:52 - [TEST_STEP][PASSED] - setText(findTestObject("Object Repository/RecAndPlayBk/Page-Vlink-AuthOnly/input_Category_category"), category): Text 'MOTO' is set on object 'Object Repository/RecAndPlayBk/Page-Vlink-AuthOnly/input_Category_category'

2023-02-28 18:32:53 - [MESSAGE][PASSED] - Text 'MOTO' is set on object 'Object Repository/RecAndPlayBk/Page-Vlink-AuthOnly/input_Category_category'

2023-02-28 18:32:53 - [TEST_STEP][PASSED] - setText(findTestObject("Object Repository/RecAndPlayBk/Page-Vlink-AuthOnly/input_Amount_amount"), amount): Text '10.5' is set on object 'Object Repository/RecAndPlayBk/Page-Vlink-AuthOnly/input_Amount_amount'

2023-02-28 18:32:54 - [MESSAGE][PASSED] - Text '10.5' is set on object 'Object Repository/RecAndPlayBk/Page-Vlink-AuthOnly/input_Amount_amount'

2023-02-28 18:32:54 - [TEST_STEP][PASSED] - doubleClick(findTestObject("Object Repository/RecAndPlayBk/Page-Vlink-AuthOnly/input_Card number_card_number")): Object: 'Object Repository/RecAndPlayBk/Page-Vlink-AuthOnly/input_Card number_card_number' is double clicked on

2023-02-28 18:32:54 - [MESSAGE][PASSED] - Object: 'Object Repository/RecAndPlayBk/Page-Vlink-AuthOnly/input_Card number_card_number' is double clicked on

2023-02-28 18:32:54 - [TEST_STEP][PASSED] - setText(findTestObject("Object Repository/RecAndPlayBk/Page-Vlink-AuthOnly/input_Card number_card_number"), cardNumber): Text '5424000000000015' is set on object 'Object Repository/RecAndPlayBk/Page-Vlink-AuthOnly/input_Card number_card_number'

2023-02-28 18:32:55 - [MESSAGE][PASSED] - Text '5424000000000015' is set on object 'Object Repository/RecAndPlayBk/Page-Vlink-AuthOnly/input_Card number_card_number'

2023-02-28 18:32:55 - [TEST_STEP][PASSED] - setText(findTestObject("Object Repository/RecAndPlayBk/Page-Vlink-AuthOnly/input_Card ex month_card_exmo"), exM): Text '12' is set on object 'Object Repository/RecAndPlayBk/Page-Vlink-AuthOnly/input_Card ex month_card_exmo'

2023-02-28 18:32:55 - [MESSAGE][PASSED] - Text '12' is set on object 'Object Repository/RecAndPlayBk/Page-Vlink-AuthOnly/input_Card ex month_card_exmo'

2023-02-28 18:32:55 - [TEST_STEP][PASSED] - setText(findTestObject("Object Repository/RecAndPlayBk/Page-Vlink-AuthOnly/input_Card ex year_card_exyr"), exY): Text '2029' is set on object 'Object Repository/RecAndPlayBk/Page-Vlink-AuthOnly/input_Card ex year_card_exyr'

2023-02-28 18:32:56 - [MESSAGE][PASSED] - Text '2029' is set on object 'Object Repository/RecAndPlayBk/Page-Vlink-AuthOnly/input_Card ex year_card_exyr'

2023-02-28 18:32:56 - [TEST_STEP][PASSED] - click(findTestObject("Object Repository/RecAndPlayBk/Page-Vlink-AuthOnly/input_Track Data_track_data")): Object: 'Object Repository/RecAndPlayBk/Page-Vlink-AuthOnly/input_Track Data_track_data' is clicked on

2023-02-28 18:32:56 - [MESSAGE][PASSED] - Object: 'Object Repository/RecAndPlayBk/Page-Vlink-AuthOnly/input_Track Data_track_data' is clicked on

2023-02-28 18:32:56 - [TEST_STEP][PASSED] - click(findTestObject("Object Repository/RecAndPlayBk/Page-Vlink-AuthOnly/input_CVV state_cvv_state")): Object: 'Object Repository/RecAndPlayBk/Page-Vlink-AuthOnly/input_CVV state_cvv_state' is clicked on

2023-02-28 18:32:57 - [MESSAGE][PASSED] - Object: 'Object Repository/RecAndPlayBk/Page-Vlink-AuthOnly/input_CVV state_cvv_state' is clicked on

2023-02-28 18:32:57 - [TEST_STEP][PASSED] - setText(findTestObject("Object Repository/RecAndPlayBk/Page-Vlink-AuthOnly/input_Track Data_track_data"), ""): Text '' is set on object 'Object Repository/RecAndPlayBk/Page-Vlink-AuthOnly/input_Track Data_track_data'

2023-02-28 18:32:57 - [MESSAGE][PASSED] - Text '' is set on object 'Object Repository/RecAndPlayBk/Page-Vlink-AuthOnly/input_Track Data_track_data'

2023-02-28 18:32:57 - [TEST_STEP][PASSED] - setText(findTestObject("Object Repository/RecAndPlayBk/Page-Vlink-AuthOnly/input_concat(Cardholder, , s email)_email"), ""): Text '' is set on object 'Object Repository/RecAndPlayBk/Page-Vlink-AuthOnly/input_concat(Cardholder, , s email)_email'

2023-02-28 18:32:58 - [MESSAGE][PASSED] - Text '' is set on object 'Object Repository/RecAndPlayBk/Page-Vlink-AuthOnly/input_concat(Cardholder, , s email)_email'

2023-02-28 18:32:58 - [TEST_STEP][PASSED] - click(findTestObject("Object Repository/RecAndPlayBk/Page-Vlink-AuthOnly/input_user_defined10_user_defined10")): Object: 'Object Repository/RecAndPlayBk/Page-Vlink-AuthOnly/input_user_defined10_user_defined10' is clicked on

2023-02-28 18:32:58 - [MESSAGE][PASSED] - Object: 'Object Repository/RecAndPlayBk/Page-Vlink-AuthOnly/input_user_defined10_user_defined10' is clicked on

2023-02-28 18:32:58 - [TEST_STEP][PASSED] - if (executionProfile.equalsIgnoreCase("QAProfile")): null

2023-02-28 18:32:58 - [TEST_STEP][PASSED] - click(findTestObject("Object Repository/RecAndPlayBk/Page-Vlink-AuthOnly/input")): Object: 'Object Repository/RecAndPlayBk/Page-Vlink-AuthOnly/input' is clicked on

2023-02-28 18:33:00 - [MESSAGE][PASSED] - Object: 'Object Repository/RecAndPlayBk/Page-Vlink-AuthOnly/input' is clicked on

2023-02-28 18:33:00 - [TEST_STEP][PASSED] - if (verifyTextPresent("Transaction approved, no errors", true)): null

2023-02-28 18:33:00 - [MESSAGE][PASSED] - Text 'Transaction approved, no errors' is present on page  using regular expression

2023-02-28 18:33:00 - [TEST_STEP][PASSED] - out.println("Auth was successful, Capture now"): null

2023-02-28 18:33:00 - [TEST_STEP][PASSED] - sdfo = getText(findTestObject("Object Repository/Page_VLinkReceipt/pre_STX")): Text of object 'Object Repository/Page_VLinkReceipt/pre_STX' is: '<STX>620womLpwb4P                  2920786             0  Transaction approved, no errors                   0                                                                                  Y 818729174<ETX>'

2023-02-28 18:33:01 - [MESSAGE][PASSED] - Text of object 'Object Repository/Page_VLinkReceipt/pre_STX' is: '<STX>620womLpwb4P                  2920786             0  Transaction approved, no errors                   0                                                                                  Y 818729174<ETX>'

2023-02-28 18:33:01 - [TEST_STEP][PASSED] - out.println("sdfo: " + sdfo): null

2023-02-28 18:33:01 - [TEST_STEP][PASSED] - remID = substring(5, 35).trim(): null

2023-02-28 18:33:01 - [TEST_STEP][PASSED] - out.println("remID: " + remID): null

2023-02-28 18:33:01 - [TEST_STEP][PASSED] - traxID = substring(35, 55).trim(): null

2023-02-28 18:33:01 - [TEST_STEP][PASSED] - out.println("traxID: " + traxID): null

2023-02-28 18:33:01 - [TEST_STEP][PASSED] - VLinkSaleRemID = remID: null

2023-02-28 18:33:01 - [TEST_STEP][PASSED] - VLinkSaleTranxID = traxID: null

2023-02-28 18:33:01 - [TEST_STEP][PASSED] - openBrowser(VLinkURL + "capture.html"): Browser is opened with url: 'https://dev-algorithm.govolution.com/vlinktest/demo2/version_2_0/capture.html'

2023-02-28 18:33:01 - [MESSAGE][WARNING] - A browser is already opened. Closing browser and opening a new one

2023-02-28 18:33:02 - [MESSAGE][INFO] - Starting 'Chrome' driver

2023-02-28 18:33:02 - [MESSAGE][INFO] - User set preference: ['acceptInsecureCerts', 'true']

2023-02-28 18:33:02 - [MESSAGE][INFO] - Action delay is set to 0 milliseconds

2023-02-28 18:33:03 - [MESSAGE][PASSED] - Browser is opened with url: 'https://dev-algorithm.govolution.com/vlinktest/demo2/version_2_0/capture.html'

2023-02-28 18:33:03 - [TEST_STEP][PASSED] - maximizeWindow(): Current window maximized

2023-02-28 18:33:03 - [MESSAGE][PASSED] - Current window maximized

2023-02-28 18:33:03 - [TEST_STEP][PASSED] - setText(findTestObject("Object Repository/RecAndPlayBk/Page-VLink-Capture/input_Remittance Id_remittance_id"), VLinkSaleRemID): Text '620womLpwb4P' is set on object 'Object Repository/RecAndPlayBk/Page-VLink-Capture/input_Remittance Id_remittance_id'

2023-02-28 18:33:04 - [MESSAGE][PASSED] - Text '620womLpwb4P' is set on object 'Object Repository/RecAndPlayBk/Page-VLink-Capture/input_Remittance Id_remittance_id'

2023-02-28 18:33:04 - [TEST_STEP][PASSED] - setText(findTestObject("Object Repository/RecAndPlayBk/Page-VLink-Capture/input_Application Id_application_id"), appID): Text '1773' is set on object 'Object Repository/RecAndPlayBk/Page-VLink-Capture/input_Application Id_application_id'

2023-02-28 18:33:05 - [MESSAGE][PASSED] - Text '1773' is set on object 'Object Repository/RecAndPlayBk/Page-VLink-Capture/input_Application Id_application_id'

2023-02-28 18:33:05 - [TEST_STEP][PASSED] - setText(findTestObject("Object Repository/RecAndPlayBk/Page-VLink-Capture/input_Username_username"), username): Text 'Qq2BV1qtr' is set on object 'Object Repository/RecAndPlayBk/Page-VLink-Capture/input_Username_username'

2023-02-28 18:33:06 - [MESSAGE][PASSED] - Text 'Qq2BV1qtr' is set on object 'Object Repository/RecAndPlayBk/Page-VLink-Capture/input_Username_username'

2023-02-28 18:33:06 - [TEST_STEP][PASSED] - setText(findTestObject("Object Repository/RecAndPlayBk/Page-VLink-Capture/input_Password_password"), password): Text 'tUmWBiLUx' is set on object 'Object Repository/RecAndPlayBk/Page-VLink-Capture/input_Password_password'

2023-02-28 18:33:06 - [MESSAGE][PASSED] - Text 'tUmWBiLUx' is set on object 'Object Repository/RecAndPlayBk/Page-VLink-Capture/input_Password_password'

2023-02-28 18:33:06 - [TEST_STEP][PASSED] - setText(findTestObject("Object Repository/RecAndPlayBk/Page-VLink-Capture/input_Transaction ID_transaction_id"), VLinkSaleTranxID): Text '2920786' is set on object 'Object Repository/RecAndPlayBk/Page-VLink-Capture/input_Transaction ID_transaction_id'

2023-02-28 18:33:07 - [MESSAGE][PASSED] - Text '2920786' is set on object 'Object Repository/RecAndPlayBk/Page-VLink-Capture/input_Transaction ID_transaction_id'

2023-02-28 18:33:07 - [TEST_STEP][PASSED] - setText(findTestObject("Object Repository/RecAndPlayBk/Page-VLink-Capture/input_Amount_amount"), amount): Text '10.5' is set on object 'Object Repository/RecAndPlayBk/Page-VLink-Capture/input_Amount_amount'

2023-02-28 18:33:07 - [MESSAGE][PASSED] - Text '10.5' is set on object 'Object Repository/RecAndPlayBk/Page-VLink-Capture/input_Amount_amount'

2023-02-28 18:33:07 - [TEST_STEP][PASSED] - click(findTestObject("Object Repository/RecAndPlayBk/Page-VLink-Capture/input")): Object: 'Object Repository/RecAndPlayBk/Page-VLink-Capture/input' is clicked on

2023-02-28 18:33:10 - [MESSAGE][PASSED] - Object: 'Object Repository/RecAndPlayBk/Page-VLink-Capture/input' is clicked on

2023-02-28 18:33:10 - [TEST_STEP][PASSED] - if (verifyTextPresent("Transaction approved, no errors", true)): null

2023-02-28 18:33:10 - [MESSAGE][PASSED] - Text 'Transaction approved, no errors' is present on page  using regular expression

2023-02-28 18:33:10 - [TEST_STEP][PASSED] - sdfo = getText(findTestObject("Object Repository/Page_VLinkReceipt/pre_STX")): Text of object 'Object Repository/Page_VLinkReceipt/pre_STX' is: '<STX>620womLpwb4P                  2920787             0  Transaction approved, no errors                   0                                                                                  Y 818729174<ETX>'

2023-02-28 18:33:10 - [MESSAGE][PASSED] - Text of object 'Object Repository/Page_VLinkReceipt/pre_STX' is: '<STX>620womLpwb4P                  2920787             0  Transaction approved, no errors                   0                                                                                  Y 818729174<ETX>'

2023-02-28 18:33:10 - [TEST_STEP][PASSED] - out.println("sdfo: " + sdfo): null

2023-02-28 18:33:10 - [TEST_STEP][PASSED] - remID = substring(5, 35).trim(): null

2023-02-28 18:33:10 - [TEST_STEP][PASSED] - out.println("remID: " + remID): null

2023-02-28 18:33:10 - [TEST_STEP][PASSED] - traxID = substring(35, 55).trim(): null

2023-02-28 18:33:10 - [TEST_STEP][PASSED] - out.println("traxID: " + traxID): null

2023-02-28 18:33:10 - [TEST_STEP][PASSED] - VLinkSaleRemID = remID: null

2023-02-28 18:33:10 - [TEST_STEP][PASSED] - VLinkSaleTranxID = traxID: null

2023-02-28 18:33:10 - [TEST_STEP][PASSED] - openBrowser(VLinkURL + "CC_void.html"): Browser is opened with url: 'https://dev-algorithm.govolution.com/vlinktest/demo2/version_2_0/CC_void.html'

2023-02-28 18:33:10 - [MESSAGE][WARNING] - A browser is already opened. Closing browser and opening a new one

2023-02-28 18:33:11 - [MESSAGE][INFO] - Starting 'Chrome' driver

2023-02-28 18:33:11 - [MESSAGE][INFO] - User set preference: ['acceptInsecureCerts', 'true']

2023-02-28 18:33:11 - [MESSAGE][INFO] - Action delay is set to 0 milliseconds

2023-02-28 18:33:13 - [MESSAGE][PASSED] - Browser is opened with url: 'https://dev-algorithm.govolution.com/vlinktest/demo2/version_2_0/CC_void.html'

2023-02-28 18:33:13 - [TEST_STEP][PASSED] - maximizeWindow(): Current window maximized

2023-02-28 18:33:13 - [MESSAGE][PASSED] - Current window maximized

2023-02-28 18:33:13 - [TEST_STEP][PASSED] - setText(findTestObject("Object Repository/RecAndPlayBk/Page-Vlink-CC-Void/txt_RemID"), VLinkSaleRemID): Text '620womLpwb4P' is set on object 'Object Repository/RecAndPlayBk/Page-Vlink-CC-Void/txt_RemID'

2023-02-28 18:33:14 - [MESSAGE][PASSED] - Text '620womLpwb4P' is set on object 'Object Repository/RecAndPlayBk/Page-Vlink-CC-Void/txt_RemID'

2023-02-28 18:33:14 - [TEST_STEP][PASSED] - setText(findTestObject("Object Repository/RecAndPlayBk/Page-Vlink-CC-Void/txt_ApplicationID"), appID): Text '1773' is set on object 'Object Repository/RecAndPlayBk/Page-Vlink-CC-Void/txt_ApplicationID'

2023-02-28 18:33:15 - [MESSAGE][PASSED] - Text '1773' is set on object 'Object Repository/RecAndPlayBk/Page-Vlink-CC-Void/txt_ApplicationID'

2023-02-28 18:33:15 - [TEST_STEP][PASSED] - setText(findTestObject("Object Repository/RecAndPlayBk/Page-Vlink-CC-Void/txt_Username"), username): Text 'Qq2BV1qtr' is set on object 'Object Repository/RecAndPlayBk/Page-Vlink-CC-Void/txt_Username'

2023-02-28 18:33:15 - [MESSAGE][PASSED] - Text 'Qq2BV1qtr' is set on object 'Object Repository/RecAndPlayBk/Page-Vlink-CC-Void/txt_Username'

2023-02-28 18:33:15 - [TEST_STEP][PASSED] - setText(findTestObject("Object Repository/RecAndPlayBk/Page-Vlink-CC-Void/txt_Password"), password): Text 'tUmWBiLUx' is set on object 'Object Repository/RecAndPlayBk/Page-Vlink-CC-Void/txt_Password'

2023-02-28 18:33:16 - [MESSAGE][PASSED] - Text 'tUmWBiLUx' is set on object 'Object Repository/RecAndPlayBk/Page-Vlink-CC-Void/txt_Password'

2023-02-28 18:33:16 - [TEST_STEP][PASSED] - setText(findTestObject("Object Repository/RecAndPlayBk/Page-Vlink-CC-Void/txt_TransactionID"), VLinkSaleTranxID): Text '2920787' is set on object 'Object Repository/RecAndPlayBk/Page-Vlink-CC-Void/txt_TransactionID'

2023-02-28 18:33:16 - [MESSAGE][PASSED] - Text '2920787' is set on object 'Object Repository/RecAndPlayBk/Page-Vlink-CC-Void/txt_TransactionID'

2023-02-28 18:33:16 - [TEST_STEP][PASSED] - setText(findTestObject("Object Repository/RecAndPlayBk/Page-Vlink-CC-Void/txt_OriginalTransactionType"), "102"): Text '102' is set on object 'Object Repository/RecAndPlayBk/Page-Vlink-CC-Void/txt_OriginalTransactionType'

2023-02-28 18:33:17 - [MESSAGE][PASSED] - Text '102' is set on object 'Object Repository/RecAndPlayBk/Page-Vlink-CC-Void/txt_OriginalTransactionType'

2023-02-28 18:33:17 - [TEST_STEP][PASSED] - setText(findTestObject("Object Repository/RecAndPlayBk/Page-Vlink-CC-Void/txt_TrackData"), ""): Text '' is set on object 'Object Repository/RecAndPlayBk/Page-Vlink-CC-Void/txt_TrackData'

2023-02-28 18:33:18 - [MESSAGE][PASSED] - Text '' is set on object 'Object Repository/RecAndPlayBk/Page-Vlink-CC-Void/txt_TrackData'

2023-02-28 18:33:18 - [TEST_STEP][PASSED] - click(findTestObject("Object Repository/RecAndPlayBk/Page-Vlink-CC-Void/btn_ProcessVLinkTransaction")): Object: 'Object Repository/RecAndPlayBk/Page-Vlink-CC-Void/btn_ProcessVLinkTransaction' is clicked on

2023-02-28 18:33:19 - [MESSAGE][PASSED] - Object: 'Object Repository/RecAndPlayBk/Page-Vlink-CC-Void/btn_ProcessVLinkTransaction' is clicked on

2023-02-28 18:33:19 - [TEST_STEP][PASSED] - if (verifyTextPresent("Transaction approved, no errors", true)): null

2023-02-28 18:33:19 - [MESSAGE][PASSED] - Text 'Transaction approved, no errors' is present on page  using regular expression

2023-02-28 18:33:19 - [TEST_STEP][PASSED] - println("Transaction Approved, no errors text is present on the Confirmation page"): null

2023-02-28 18:33:19 - [TEST_STEP][PASSED] - out.println("Pass Record Number: " + row): null

2023-02-28 18:33:19 - [TEST_STEP][PASSED] - resText = "Pass": null

2023-02-28 18:33:19 - [TEST_STEP][PASSED] - pages.WriteExcel.demoKey(resText, datText, resColumn, datCloumn, fileLoc, nameSheet, row): pages.WriteExcel.demoKey is PASSED

2023-02-28 18:33:20 - [MESSAGE][PASSED] - pages.WriteExcel.demoKey is PASSED

2023-02-28 18:33:20 - [TEST_STEP][PASSED] - ExecuteTC = findTestData(dataFile).getValue("Execute", row): null

2023-02-28 18:33:20 - [TEST_STEP][PASSED] - out.println("Value of Execute is : " + ExecuteTC): null

2023-02-28 18:33:20 - [TEST_STEP][PASSED] - switch (executionProfile): null

2023-02-28 18:33:20 - [TEST_STEP][PASSED] - case "Demo2Profile":: null

2023-02-28 18:33:20 - [TEST_STEP][PASSED] - appID = findTestData(dataFile).getValue("AppIDDemo", row): null

2023-02-28 18:33:20 - [TEST_STEP][PASSED] - username = findTestData(dataFile).getValue("UsernameDemo", row): null

2023-02-28 18:33:20 - [TEST_STEP][PASSED] - password = findTestData(dataFile).getValue("PasswordDemo", row): null

2023-02-28 18:33:20 - [TEST_STEP][PASSED] - break: null

2023-02-28 18:33:20 - [TEST_STEP][PASSED] - if (ExecuteTC.equalsIgnoreCase("Y")): null

2023-02-28 18:33:20 - [TEST_STEP][PASSED] - out.println("Begin Record Number: " + row): null

2023-02-28 18:33:20 - [TEST_STEP][PASSED] - today = new java.util.Date(): null

2023-02-28 18:33:20 - [TEST_STEP][PASSED] - println(today): null

2023-02-28 18:33:20 - [TEST_STEP][PASSED] - datText = today: null

2023-02-28 18:33:20 - [TEST_STEP][PASSED] - category = findTestData(dataFile).getValue("Category", row): null

2023-02-28 18:33:20 - [TEST_STEP][PASSED] - amount = findTestData(dataFile).getValue("Amount", row): null

2023-02-28 18:33:20 - [TEST_STEP][PASSED] - cardNumber = findTestData(dataFile).getValue("CardNumber", row): null

2023-02-28 18:33:20 - [TEST_STEP][PASSED] - exM = findTestData(dataFile).getValue("ExM", row): null

2023-02-28 18:33:20 - [TEST_STEP][PASSED] - exY = findTestData(dataFile).getValue("ExY", row): null

2023-02-28 18:33:20 - [TEST_STEP][PASSED] - openBrowser(VLinkURL + "auth.html"): Browser is opened with url: 'https://dev-algorithm.govolution.com/vlinktest/demo2/version_2_0/auth.html'

2023-02-28 18:33:20 - [MESSAGE][WARNING] - A browser is already opened. Closing browser and opening a new one

2023-02-28 18:33:21 - [MESSAGE][INFO] - Starting 'Chrome' driver

2023-02-28 18:33:21 - [MESSAGE][INFO] - User set preference: ['acceptInsecureCerts', 'true']

2023-02-28 18:33:21 - [MESSAGE][INFO] - Action delay is set to 0 milliseconds

2023-02-28 18:33:23 - [MESSAGE][PASSED] - Browser is opened with url: 'https://dev-algorithm.govolution.com/vlinktest/demo2/version_2_0/auth.html'

2023-02-28 18:33:23 - [TEST_STEP][PASSED] - maximizeWindow(): Current window maximized

2023-02-28 18:33:23 - [MESSAGE][PASSED] - Current window maximized

2023-02-28 18:33:23 - [TEST_STEP][PASSED] - genRemID = RandomStringUtils.random(12, true, true): null

2023-02-28 18:33:23 - [TEST_STEP][PASSED] - setText(findTestObject("Object Repository/RecAndPlayBk/Page-Vlink-AuthOnly/input_Remittance Id_remittance_id"), genRemID): Text '9h3nD5Bf845h' is set on object 'Object Repository/RecAndPlayBk/Page-Vlink-AuthOnly/input_Remittance Id_remittance_id'

2023-02-28 18:33:24 - [MESSAGE][PASSED] - Text '9h3nD5Bf845h' is set on object 'Object Repository/RecAndPlayBk/Page-Vlink-AuthOnly/input_Remittance Id_remittance_id'

2023-02-28 18:33:24 - [TEST_STEP][PASSED] - setText(findTestObject("Object Repository/RecAndPlayBk/Page-Vlink-AuthOnly/input_Application Id_application_id"), appID): Text '1773' is set on object 'Object Repository/RecAndPlayBk/Page-Vlink-AuthOnly/input_Application Id_application_id'

2023-02-28 18:33:25 - [MESSAGE][PASSED] - Text '1773' is set on object 'Object Repository/RecAndPlayBk/Page-Vlink-AuthOnly/input_Application Id_application_id'

2023-02-28 18:33:25 - [TEST_STEP][PASSED] - setText(findTestObject("Object Repository/RecAndPlayBk/Page-Vlink-AuthOnly/input_Username_username"), username): Text 'Qq2BV1qtr' is set on object 'Object Repository/RecAndPlayBk/Page-Vlink-AuthOnly/input_Username_username'

2023-02-28 18:33:25 - [MESSAGE][PASSED] - Text 'Qq2BV1qtr' is set on object 'Object Repository/RecAndPlayBk/Page-Vlink-AuthOnly/input_Username_username'

2023-02-28 18:33:25 - [TEST_STEP][PASSED] - setText(findTestObject("Object Repository/RecAndPlayBk/Page-Vlink-AuthOnly/input_Password_password"), password): Text 'tUmWBiLUx' is set on object 'Object Repository/RecAndPlayBk/Page-Vlink-AuthOnly/input_Password_password'

2023-02-28 18:33:26 - [MESSAGE][PASSED] - Text 'tUmWBiLUx' is set on object 'Object Repository/RecAndPlayBk/Page-Vlink-AuthOnly/input_Password_password'

2023-02-28 18:33:26 - [TEST_STEP][PASSED] - setText(findTestObject("Object Repository/RecAndPlayBk/Page-Vlink-AuthOnly/input_Category_category"), category): Text 'RETL' is set on object 'Object Repository/RecAndPlayBk/Page-Vlink-AuthOnly/input_Category_category'

2023-02-28 18:33:27 - [MESSAGE][PASSED] - Text 'RETL' is set on object 'Object Repository/RecAndPlayBk/Page-Vlink-AuthOnly/input_Category_category'

2023-02-28 18:33:27 - [TEST_STEP][PASSED] - setText(findTestObject("Object Repository/RecAndPlayBk/Page-Vlink-AuthOnly/input_Amount_amount"), amount): Text '10.5' is set on object 'Object Repository/RecAndPlayBk/Page-Vlink-AuthOnly/input_Amount_amount'

2023-02-28 18:33:27 - [MESSAGE][PASSED] - Text '10.5' is set on object 'Object Repository/RecAndPlayBk/Page-Vlink-AuthOnly/input_Amount_amount'

2023-02-28 18:33:27 - [TEST_STEP][PASSED] - doubleClick(findTestObject("Object Repository/RecAndPlayBk/Page-Vlink-AuthOnly/input_Card number_card_number")): Object: 'Object Repository/RecAndPlayBk/Page-Vlink-AuthOnly/input_Card number_card_number' is double clicked on

2023-02-28 18:33:28 - [MESSAGE][PASSED] - Object: 'Object Repository/RecAndPlayBk/Page-Vlink-AuthOnly/input_Card number_card_number' is double clicked on

2023-02-28 18:33:28 - [TEST_STEP][PASSED] - setText(findTestObject("Object Repository/RecAndPlayBk/Page-Vlink-AuthOnly/input_Card number_card_number"), cardNumber): Text '370000000000002' is set on object 'Object Repository/RecAndPlayBk/Page-Vlink-AuthOnly/input_Card number_card_number'

2023-02-28 18:33:28 - [MESSAGE][PASSED] - Text '370000000000002' is set on object 'Object Repository/RecAndPlayBk/Page-Vlink-AuthOnly/input_Card number_card_number'

2023-02-28 18:33:28 - [TEST_STEP][PASSED] - setText(findTestObject("Object Repository/RecAndPlayBk/Page-Vlink-AuthOnly/input_Card ex month_card_exmo"), exM): Text '12' is set on object 'Object Repository/RecAndPlayBk/Page-Vlink-AuthOnly/input_Card ex month_card_exmo'

2023-02-28 18:33:29 - [MESSAGE][PASSED] - Text '12' is set on object 'Object Repository/RecAndPlayBk/Page-Vlink-AuthOnly/input_Card ex month_card_exmo'

2023-02-28 18:33:29 - [TEST_STEP][PASSED] - setText(findTestObject("Object Repository/RecAndPlayBk/Page-Vlink-AuthOnly/input_Card ex year_card_exyr"), exY): Text '2029' is set on object 'Object Repository/RecAndPlayBk/Page-Vlink-AuthOnly/input_Card ex year_card_exyr'

2023-02-28 18:33:29 - [MESSAGE][PASSED] - Text '2029' is set on object 'Object Repository/RecAndPlayBk/Page-Vlink-AuthOnly/input_Card ex year_card_exyr'

2023-02-28 18:33:29 - [TEST_STEP][PASSED] - click(findTestObject("Object Repository/RecAndPlayBk/Page-Vlink-AuthOnly/input_Track Data_track_data")): Object: 'Object Repository/RecAndPlayBk/Page-Vlink-AuthOnly/input_Track Data_track_data' is clicked on

2023-02-28 18:33:30 - [MESSAGE][PASSED] - Object: 'Object Repository/RecAndPlayBk/Page-Vlink-AuthOnly/input_Track Data_track_data' is clicked on

2023-02-28 18:33:30 - [TEST_STEP][PASSED] - click(findTestObject("Object Repository/RecAndPlayBk/Page-Vlink-AuthOnly/input_CVV state_cvv_state")): Object: 'Object Repository/RecAndPlayBk/Page-Vlink-AuthOnly/input_CVV state_cvv_state' is clicked on

2023-02-28 18:33:30 - [MESSAGE][PASSED] - Object: 'Object Repository/RecAndPlayBk/Page-Vlink-AuthOnly/input_CVV state_cvv_state' is clicked on

2023-02-28 18:33:30 - [TEST_STEP][PASSED] - setText(findTestObject("Object Repository/RecAndPlayBk/Page-Vlink-AuthOnly/input_Track Data_track_data"), ""): Text '' is set on object 'Object Repository/RecAndPlayBk/Page-Vlink-AuthOnly/input_Track Data_track_data'

2023-02-28 18:33:31 - [MESSAGE][PASSED] - Text '' is set on object 'Object Repository/RecAndPlayBk/Page-Vlink-AuthOnly/input_Track Data_track_data'

2023-02-28 18:33:31 - [TEST_STEP][PASSED] - setText(findTestObject("Object Repository/RecAndPlayBk/Page-Vlink-AuthOnly/input_concat(Cardholder, , s email)_email"), ""): Text '' is set on object 'Object Repository/RecAndPlayBk/Page-Vlink-AuthOnly/input_concat(Cardholder, , s email)_email'

2023-02-28 18:33:31 - [MESSAGE][PASSED] - Text '' is set on object 'Object Repository/RecAndPlayBk/Page-Vlink-AuthOnly/input_concat(Cardholder, , s email)_email'

2023-02-28 18:33:31 - [TEST_STEP][PASSED] - click(findTestObject("Object Repository/RecAndPlayBk/Page-Vlink-AuthOnly/input_user_defined10_user_defined10")): Object: 'Object Repository/RecAndPlayBk/Page-Vlink-AuthOnly/input_user_defined10_user_defined10' is clicked on

2023-02-28 18:33:32 - [MESSAGE][PASSED] - Object: 'Object Repository/RecAndPlayBk/Page-Vlink-AuthOnly/input_user_defined10_user_defined10' is clicked on

2023-02-28 18:33:32 - [TEST_STEP][PASSED] - if (executionProfile.equalsIgnoreCase("QAProfile")): null

2023-02-28 18:33:32 - [TEST_STEP][PASSED] - click(findTestObject("Object Repository/RecAndPlayBk/Page-Vlink-AuthOnly/input")): Object: 'Object Repository/RecAndPlayBk/Page-Vlink-AuthOnly/input' is clicked on

2023-02-28 18:33:34 - [MESSAGE][PASSED] - Object: 'Object Repository/RecAndPlayBk/Page-Vlink-AuthOnly/input' is clicked on

2023-02-28 18:33:34 - [TEST_STEP][PASSED] - if (verifyTextPresent("Transaction approved, no errors", true)): null

2023-02-28 18:33:34 - [MESSAGE][PASSED] - Text 'Transaction approved, no errors' is present on page  using regular expression

2023-02-28 18:33:34 - [TEST_STEP][PASSED] - out.println("Auth was successful, Capture now"): null

2023-02-28 18:33:34 - [TEST_STEP][PASSED] - sdfo = getText(findTestObject("Object Repository/Page_VLinkReceipt/pre_STX")): Text of object 'Object Repository/Page_VLinkReceipt/pre_STX' is: '<STX>9h3nD5Bf845h                  2920789             0  Transaction approved, no errors                   0                                                                                  Y 641559205<ETX>'

2023-02-28 18:33:34 - [MESSAGE][PASSED] - Text of object 'Object Repository/Page_VLinkReceipt/pre_STX' is: '<STX>9h3nD5Bf845h                  2920789             0  Transaction approved, no errors                   0                                                                                  Y 641559205<ETX>'

2023-02-28 18:33:34 - [TEST_STEP][PASSED] - out.println("sdfo: " + sdfo): null

2023-02-28 18:33:34 - [TEST_STEP][PASSED] - remID = substring(5, 35).trim(): null

2023-02-28 18:33:34 - [TEST_STEP][PASSED] - out.println("remID: " + remID): null

2023-02-28 18:33:34 - [TEST_STEP][PASSED] - traxID = substring(35, 55).trim(): null

2023-02-28 18:33:34 - [TEST_STEP][PASSED] - out.println("traxID: " + traxID): null

2023-02-28 18:33:34 - [TEST_STEP][PASSED] - VLinkSaleRemID = remID: null

2023-02-28 18:33:34 - [TEST_STEP][PASSED] - VLinkSaleTranxID = traxID: null

2023-02-28 18:33:34 - [TEST_STEP][PASSED] - openBrowser(VLinkURL + "capture.html"): Browser is opened with url: 'https://dev-algorithm.govolution.com/vlinktest/demo2/version_2_0/capture.html'

2023-02-28 18:33:34 - [MESSAGE][WARNING] - A browser is already opened. Closing browser and opening a new one

2023-02-28 18:33:35 - [MESSAGE][INFO] - Starting 'Chrome' driver

2023-02-28 18:33:35 - [MESSAGE][INFO] - User set preference: ['acceptInsecureCerts', 'true']

2023-02-28 18:33:35 - [MESSAGE][INFO] - Action delay is set to 0 milliseconds

2023-02-28 18:33:37 - [MESSAGE][PASSED] - Browser is opened with url: 'https://dev-algorithm.govolution.com/vlinktest/demo2/version_2_0/capture.html'

2023-02-28 18:33:37 - [TEST_STEP][PASSED] - maximizeWindow(): Current window maximized

2023-02-28 18:33:37 - [MESSAGE][PASSED] - Current window maximized

2023-02-28 18:33:37 - [TEST_STEP][PASSED] - setText(findTestObject("Object Repository/RecAndPlayBk/Page-VLink-Capture/input_Remittance Id_remittance_id"), VLinkSaleRemID): Text '9h3nD5Bf845h' is set on object 'Object Repository/RecAndPlayBk/Page-VLink-Capture/input_Remittance Id_remittance_id'

2023-02-28 18:33:38 - [MESSAGE][PASSED] - Text '9h3nD5Bf845h' is set on object 'Object Repository/RecAndPlayBk/Page-VLink-Capture/input_Remittance Id_remittance_id'

2023-02-28 18:33:38 - [TEST_STEP][PASSED] - setText(findTestObject("Object Repository/RecAndPlayBk/Page-VLink-Capture/input_Application Id_application_id"), appID): Text '1773' is set on object 'Object Repository/RecAndPlayBk/Page-VLink-Capture/input_Application Id_application_id'

2023-02-28 18:33:39 - [MESSAGE][PASSED] - Text '1773' is set on object 'Object Repository/RecAndPlayBk/Page-VLink-Capture/input_Application Id_application_id'

2023-02-28 18:33:39 - [TEST_STEP][PASSED] - setText(findTestObject("Object Repository/RecAndPlayBk/Page-VLink-Capture/input_Username_username"), username): Text 'Qq2BV1qtr' is set on object 'Object Repository/RecAndPlayBk/Page-VLink-Capture/input_Username_username'

2023-02-28 18:33:39 - [MESSAGE][PASSED] - Text 'Qq2BV1qtr' is set on object 'Object Repository/RecAndPlayBk/Page-VLink-Capture/input_Username_username'

2023-02-28 18:33:39 - [TEST_STEP][PASSED] - setText(findTestObject("Object Repository/RecAndPlayBk/Page-VLink-Capture/input_Password_password"), password): Text 'tUmWBiLUx' is set on object 'Object Repository/RecAndPlayBk/Page-VLink-Capture/input_Password_password'

2023-02-28 18:33:40 - [MESSAGE][PASSED] - Text 'tUmWBiLUx' is set on object 'Object Repository/RecAndPlayBk/Page-VLink-Capture/input_Password_password'

2023-02-28 18:33:40 - [TEST_STEP][PASSED] - setText(findTestObject("Object Repository/RecAndPlayBk/Page-VLink-Capture/input_Transaction ID_transaction_id"), VLinkSaleTranxID): Text '2920789' is set on object 'Object Repository/RecAndPlayBk/Page-VLink-Capture/input_Transaction ID_transaction_id'

2023-02-28 18:33:41 - [MESSAGE][PASSED] - Text '2920789' is set on object 'Object Repository/RecAndPlayBk/Page-VLink-Capture/input_Transaction ID_transaction_id'

2023-02-28 18:33:41 - [TEST_STEP][PASSED] - setText(findTestObject("Object Repository/RecAndPlayBk/Page-VLink-Capture/input_Amount_amount"), amount): Text '10.5' is set on object 'Object Repository/RecAndPlayBk/Page-VLink-Capture/input_Amount_amount'

2023-02-28 18:33:41 - [MESSAGE][PASSED] - Text '10.5' is set on object 'Object Repository/RecAndPlayBk/Page-VLink-Capture/input_Amount_amount'

2023-02-28 18:33:41 - [TEST_STEP][PASSED] - click(findTestObject("Object Repository/RecAndPlayBk/Page-VLink-Capture/input")): Object: 'Object Repository/RecAndPlayBk/Page-VLink-Capture/input' is clicked on

2023-02-28 18:33:43 - [MESSAGE][PASSED] - Object: 'Object Repository/RecAndPlayBk/Page-VLink-Capture/input' is clicked on

2023-02-28 18:33:43 - [TEST_STEP][PASSED] - if (verifyTextPresent("Transaction approved, no errors", true)): null

2023-02-28 18:33:44 - [MESSAGE][PASSED] - Text 'Transaction approved, no errors' is present on page  using regular expression

2023-02-28 18:33:44 - [TEST_STEP][PASSED] - sdfo = getText(findTestObject("Object Repository/Page_VLinkReceipt/pre_STX")): Text of object 'Object Repository/Page_VLinkReceipt/pre_STX' is: '<STX>9h3nD5Bf845h                  2920790             0  Transaction approved, no errors                   0                                                                                  Y 641559205<ETX>'

2023-02-28 18:33:44 - [MESSAGE][PASSED] - Text of object 'Object Repository/Page_VLinkReceipt/pre_STX' is: '<STX>9h3nD5Bf845h                  2920790             0  Transaction approved, no errors                   0                                                                                  Y 641559205<ETX>'

2023-02-28 18:33:44 - [TEST_STEP][PASSED] - out.println("sdfo: " + sdfo): null

2023-02-28 18:33:44 - [TEST_STEP][PASSED] - remID = substring(5, 35).trim(): null

2023-02-28 18:33:44 - [TEST_STEP][PASSED] - out.println("remID: " + remID): null

2023-02-28 18:33:44 - [TEST_STEP][PASSED] - traxID = substring(35, 55).trim(): null

2023-02-28 18:33:44 - [TEST_STEP][PASSED] - out.println("traxID: " + traxID): null

2023-02-28 18:33:44 - [TEST_STEP][PASSED] - VLinkSaleRemID = remID: null

2023-02-28 18:33:44 - [TEST_STEP][PASSED] - VLinkSaleTranxID = traxID: null

2023-02-28 18:33:44 - [TEST_STEP][PASSED] - openBrowser(VLinkURL + "CC_void.html"): Browser is opened with url: 'https://dev-algorithm.govolution.com/vlinktest/demo2/version_2_0/CC_void.html'

2023-02-28 18:33:44 - [MESSAGE][WARNING] - A browser is already opened. Closing browser and opening a new one

2023-02-28 18:33:45 - [MESSAGE][INFO] - Starting 'Chrome' driver

2023-02-28 18:33:45 - [MESSAGE][INFO] - User set preference: ['acceptInsecureCerts', 'true']

2023-02-28 18:33:45 - [MESSAGE][INFO] - Action delay is set to 0 milliseconds

2023-02-28 18:33:47 - [MESSAGE][PASSED] - Browser is opened with url: 'https://dev-algorithm.govolution.com/vlinktest/demo2/version_2_0/CC_void.html'

2023-02-28 18:33:47 - [TEST_STEP][PASSED] - maximizeWindow(): Current window maximized

2023-02-28 18:33:47 - [MESSAGE][PASSED] - Current window maximized

2023-02-28 18:33:47 - [TEST_STEP][PASSED] - setText(findTestObject("Object Repository/RecAndPlayBk/Page-Vlink-CC-Void/txt_RemID"), VLinkSaleRemID): Text '9h3nD5Bf845h' is set on object 'Object Repository/RecAndPlayBk/Page-Vlink-CC-Void/txt_RemID'

2023-02-28 18:33:47 - [MESSAGE][PASSED] - Text '9h3nD5Bf845h' is set on object 'Object Repository/RecAndPlayBk/Page-Vlink-CC-Void/txt_RemID'

2023-02-28 18:33:47 - [TEST_STEP][PASSED] - setText(findTestObject("Object Repository/RecAndPlayBk/Page-Vlink-CC-Void/txt_ApplicationID"), appID): Text '1773' is set on object 'Object Repository/RecAndPlayBk/Page-Vlink-CC-Void/txt_ApplicationID'

2023-02-28 18:33:48 - [MESSAGE][PASSED] - Text '1773' is set on object 'Object Repository/RecAndPlayBk/Page-Vlink-CC-Void/txt_ApplicationID'

2023-02-28 18:33:48 - [TEST_STEP][PASSED] - setText(findTestObject("Object Repository/RecAndPlayBk/Page-Vlink-CC-Void/txt_Username"), username): Text 'Qq2BV1qtr' is set on object 'Object Repository/RecAndPlayBk/Page-Vlink-CC-Void/txt_Username'

2023-02-28 18:33:49 - [MESSAGE][PASSED] - Text 'Qq2BV1qtr' is set on object 'Object Repository/RecAndPlayBk/Page-Vlink-CC-Void/txt_Username'

2023-02-28 18:33:49 - [TEST_STEP][PASSED] - setText(findTestObject("Object Repository/RecAndPlayBk/Page-Vlink-CC-Void/txt_Password"), password): Text 'tUmWBiLUx' is set on object 'Object Repository/RecAndPlayBk/Page-Vlink-CC-Void/txt_Password'

2023-02-28 18:33:49 - [MESSAGE][PASSED] - Text 'tUmWBiLUx' is set on object 'Object Repository/RecAndPlayBk/Page-Vlink-CC-Void/txt_Password'

2023-02-28 18:33:49 - [TEST_STEP][PASSED] - setText(findTestObject("Object Repository/RecAndPlayBk/Page-Vlink-CC-Void/txt_TransactionID"), VLinkSaleTranxID): Text '2920790' is set on object 'Object Repository/RecAndPlayBk/Page-Vlink-CC-Void/txt_TransactionID'

2023-02-28 18:33:50 - [MESSAGE][PASSED] - Text '2920790' is set on object 'Object Repository/RecAndPlayBk/Page-Vlink-CC-Void/txt_TransactionID'

2023-02-28 18:33:50 - [TEST_STEP][PASSED] - setText(findTestObject("Object Repository/RecAndPlayBk/Page-Vlink-CC-Void/txt_OriginalTransactionType"), "102"): Text '102' is set on object 'Object Repository/RecAndPlayBk/Page-Vlink-CC-Void/txt_OriginalTransactionType'

2023-02-28 18:33:51 - [MESSAGE][PASSED] - Text '102' is set on object 'Object Repository/RecAndPlayBk/Page-Vlink-CC-Void/txt_OriginalTransactionType'

2023-02-28 18:33:51 - [TEST_STEP][PASSED] - setText(findTestObject("Object Repository/RecAndPlayBk/Page-Vlink-CC-Void/txt_TrackData"), ""): Text '' is set on object 'Object Repository/RecAndPlayBk/Page-Vlink-CC-Void/txt_TrackData'

2023-02-28 18:33:51 - [MESSAGE][PASSED] - Text '' is set on object 'Object Repository/RecAndPlayBk/Page-Vlink-CC-Void/txt_TrackData'

2023-02-28 18:33:51 - [TEST_STEP][PASSED] - click(findTestObject("Object Repository/RecAndPlayBk/Page-Vlink-CC-Void/btn_ProcessVLinkTransaction")): Object: 'Object Repository/RecAndPlayBk/Page-Vlink-CC-Void/btn_ProcessVLinkTransaction' is clicked on

2023-02-28 18:33:54 - [MESSAGE][PASSED] - Object: 'Object Repository/RecAndPlayBk/Page-Vlink-CC-Void/btn_ProcessVLinkTransaction' is clicked on

2023-02-28 18:33:54 - [TEST_STEP][PASSED] - if (verifyTextPresent("Transaction approved, no errors", true)): null

2023-02-28 18:33:54 - [MESSAGE][PASSED] - Text 'Transaction approved, no errors' is present on page  using regular expression

2023-02-28 18:33:54 - [TEST_STEP][PASSED] - println("Transaction Approved, no errors text is present on the Confirmation page"): null

2023-02-28 18:33:54 - [TEST_STEP][PASSED] - out.println("Pass Record Number: " + row): null

2023-02-28 18:33:54 - [TEST_STEP][PASSED] - resText = "Pass": null

2023-02-28 18:33:54 - [TEST_STEP][PASSED] - pages.WriteExcel.demoKey(resText, datText, resColumn, datCloumn, fileLoc, nameSheet, row): pages.WriteExcel.demoKey is PASSED

2023-02-28 18:33:54 - [MESSAGE][PASSED] - pages.WriteExcel.demoKey is PASSED

2023-02-28 18:33:54 - [TEST_STEP][PASSED] - ExecuteTC = findTestData(dataFile).getValue("Execute", row): null

2023-02-28 18:33:55 - [TEST_STEP][PASSED] - out.println("Value of Execute is : " + ExecuteTC): null

2023-02-28 18:33:55 - [TEST_STEP][PASSED] - switch (executionProfile): null

2023-02-28 18:33:55 - [TEST_STEP][PASSED] - case "Demo2Profile":: null

2023-02-28 18:33:55 - [TEST_STEP][PASSED] - appID = findTestData(dataFile).getValue("AppIDDemo", row): null

2023-02-28 18:33:55 - [TEST_STEP][PASSED] - username = findTestData(dataFile).getValue("UsernameDemo", row): null

2023-02-28 18:33:55 - [TEST_STEP][PASSED] - password = findTestData(dataFile).getValue("PasswordDemo", row): null

2023-02-28 18:33:55 - [TEST_STEP][PASSED] - break: null

2023-02-28 18:33:55 - [TEST_STEP][FAILED] - if (ExecuteTC.equalsIgnoreCase("Y")): null

2023-02-28 18:33:55 - [TEST_STEP][PASSED] - out.println("Begin Record Number: " + row): null

2023-02-28 18:33:55 - [TEST_STEP][PASSED] - today = new java.util.Date(): null

2023-02-28 18:33:55 - [TEST_STEP][PASSED] - println(today): null

2023-02-28 18:33:55 - [TEST_STEP][PASSED] - datText = today: null

2023-02-28 18:33:55 - [TEST_STEP][PASSED] - category = findTestData(dataFile).getValue("Category", row): null

2023-02-28 18:33:55 - [TEST_STEP][PASSED] - amount = findTestData(dataFile).getValue("Amount", row): null

2023-02-28 18:33:55 - [TEST_STEP][PASSED] - cardNumber = findTestData(dataFile).getValue("CardNumber", row): null

2023-02-28 18:33:55 - [TEST_STEP][PASSED] - exM = findTestData(dataFile).getValue("ExM", row): null

2023-02-28 18:33:55 - [TEST_STEP][PASSED] - exY = findTestData(dataFile).getValue("ExY", row): null

2023-02-28 18:33:55 - [TEST_STEP][PASSED] - openBrowser(VLinkURL + "auth.html"): Browser is opened with url: 'https://dev-algorithm.govolution.com/vlinktest/demo2/version_2_0/auth.html'

2023-02-28 18:33:55 - [MESSAGE][WARNING] - A browser is already opened. Closing browser and opening a new one

2023-02-28 18:33:56 - [MESSAGE][INFO] - Starting 'Chrome' driver

2023-02-28 18:33:56 - [MESSAGE][INFO] - User set preference: ['acceptInsecureCerts', 'true']

2023-02-28 18:33:56 - [MESSAGE][INFO] - Action delay is set to 0 milliseconds

2023-02-28 18:33:58 - [MESSAGE][PASSED] - Browser is opened with url: 'https://dev-algorithm.govolution.com/vlinktest/demo2/version_2_0/auth.html'

2023-02-28 18:33:58 - [TEST_STEP][PASSED] - maximizeWindow(): Current window maximized

2023-02-28 18:33:58 - [MESSAGE][PASSED] - Current window maximized

2023-02-28 18:33:58 - [TEST_STEP][PASSED] - genRemID = RandomStringUtils.random(12, true, true): null

2023-02-28 18:33:58 - [TEST_STEP][PASSED] - setText(findTestObject("Object Repository/RecAndPlayBk/Page-Vlink-AuthOnly/input_Remittance Id_remittance_id"), genRemID): Text 'p0P7NtAE6c9u' is set on object 'Object Repository/RecAndPlayBk/Page-Vlink-AuthOnly/input_Remittance Id_remittance_id'

2023-02-28 18:33:59 - [MESSAGE][PASSED] - Text 'p0P7NtAE6c9u' is set on object 'Object Repository/RecAndPlayBk/Page-Vlink-AuthOnly/input_Remittance Id_remittance_id'

2023-02-28 18:33:59 - [TEST_STEP][PASSED] - setText(findTestObject("Object Repository/RecAndPlayBk/Page-Vlink-AuthOnly/input_Application Id_application_id"), appID): Text '2435' is set on object 'Object Repository/RecAndPlayBk/Page-Vlink-AuthOnly/input_Application Id_application_id'

2023-02-28 18:33:59 - [MESSAGE][PASSED] - Text '2435' is set on object 'Object Repository/RecAndPlayBk/Page-Vlink-AuthOnly/input_Application Id_application_id'

2023-02-28 18:33:59 - [TEST_STEP][PASSED] - setText(findTestObject("Object Repository/RecAndPlayBk/Page-Vlink-AuthOnly/input_Username_username"), username): Text 'health' is set on object 'Object Repository/RecAndPlayBk/Page-Vlink-AuthOnly/input_Username_username'

2023-02-28 18:34:00 - [MESSAGE][PASSED] - Text 'health' is set on object 'Object Repository/RecAndPlayBk/Page-Vlink-AuthOnly/input_Username_username'

2023-02-28 18:34:00 - [TEST_STEP][PASSED] - setText(findTestObject("Object Repository/RecAndPlayBk/Page-Vlink-AuthOnly/input_Password_password"), password): Text '11111111' is set on object 'Object Repository/RecAndPlayBk/Page-Vlink-AuthOnly/input_Password_password'

2023-02-28 18:34:01 - [MESSAGE][PASSED] - Text '11111111' is set on object 'Object Repository/RecAndPlayBk/Page-Vlink-AuthOnly/input_Password_password'

2023-02-28 18:34:01 - [TEST_STEP][PASSED] - setText(findTestObject("Object Repository/RecAndPlayBk/Page-Vlink-AuthOnly/input_Category_category"), category): Text 'ECOM' is set on object 'Object Repository/RecAndPlayBk/Page-Vlink-AuthOnly/input_Category_category'

2023-02-28 18:34:01 - [MESSAGE][PASSED] - Text 'ECOM' is set on object 'Object Repository/RecAndPlayBk/Page-Vlink-AuthOnly/input_Category_category'

2023-02-28 18:34:01 - [TEST_STEP][PASSED] - setText(findTestObject("Object Repository/RecAndPlayBk/Page-Vlink-AuthOnly/input_Amount_amount"), amount): Text '10.5' is set on object 'Object Repository/RecAndPlayBk/Page-Vlink-AuthOnly/input_Amount_amount'

2023-02-28 18:34:02 - [MESSAGE][PASSED] - Text '10.5' is set on object 'Object Repository/RecAndPlayBk/Page-Vlink-AuthOnly/input_Amount_amount'

2023-02-28 18:34:02 - [TEST_STEP][PASSED] - doubleClick(findTestObject("Object Repository/RecAndPlayBk/Page-Vlink-AuthOnly/input_Card number_card_number")): Object: 'Object Repository/RecAndPlayBk/Page-Vlink-AuthOnly/input_Card number_card_number' is double clicked on

2023-02-28 18:34:02 - [MESSAGE][PASSED] - Object: 'Object Repository/RecAndPlayBk/Page-Vlink-AuthOnly/input_Card number_card_number' is double clicked on

2023-02-28 18:34:02 - [TEST_STEP][PASSED] - setText(findTestObject("Object Repository/RecAndPlayBk/Page-Vlink-AuthOnly/input_Card number_card_number"), cardNumber): Text '4012000098765439' is set on object 'Object Repository/RecAndPlayBk/Page-Vlink-AuthOnly/input_Card number_card_number'

2023-02-28 18:34:03 - [MESSAGE][PASSED] - Text '4012000098765439' is set on object 'Object Repository/RecAndPlayBk/Page-Vlink-AuthOnly/input_Card number_card_number'

2023-02-28 18:34:03 - [TEST_STEP][PASSED] - setText(findTestObject("Object Repository/RecAndPlayBk/Page-Vlink-AuthOnly/input_Card ex month_card_exmo"), exM): Text '12' is set on object 'Object Repository/RecAndPlayBk/Page-Vlink-AuthOnly/input_Card ex month_card_exmo'

2023-02-28 18:34:04 - [MESSAGE][PASSED] - Text '12' is set on object 'Object Repository/RecAndPlayBk/Page-Vlink-AuthOnly/input_Card ex month_card_exmo'

2023-02-28 18:34:04 - [TEST_STEP][PASSED] - setText(findTestObject("Object Repository/RecAndPlayBk/Page-Vlink-AuthOnly/input_Card ex year_card_exyr"), exY): Text '2029' is set on object 'Object Repository/RecAndPlayBk/Page-Vlink-AuthOnly/input_Card ex year_card_exyr'

2023-02-28 18:34:04 - [MESSAGE][PASSED] - Text '2029' is set on object 'Object Repository/RecAndPlayBk/Page-Vlink-AuthOnly/input_Card ex year_card_exyr'

2023-02-28 18:34:04 - [TEST_STEP][PASSED] - click(findTestObject("Object Repository/RecAndPlayBk/Page-Vlink-AuthOnly/input_Track Data_track_data")): Object: 'Object Repository/RecAndPlayBk/Page-Vlink-AuthOnly/input_Track Data_track_data' is clicked on

2023-02-28 18:34:05 - [MESSAGE][PASSED] - Object: 'Object Repository/RecAndPlayBk/Page-Vlink-AuthOnly/input_Track Data_track_data' is clicked on

2023-02-28 18:34:05 - [TEST_STEP][PASSED] - click(findTestObject("Object Repository/RecAndPlayBk/Page-Vlink-AuthOnly/input_CVV state_cvv_state")): Object: 'Object Repository/RecAndPlayBk/Page-Vlink-AuthOnly/input_CVV state_cvv_state' is clicked on

2023-02-28 18:34:05 - [MESSAGE][PASSED] - Object: 'Object Repository/RecAndPlayBk/Page-Vlink-AuthOnly/input_CVV state_cvv_state' is clicked on

2023-02-28 18:34:05 - [TEST_STEP][PASSED] - setText(findTestObject("Object Repository/RecAndPlayBk/Page-Vlink-AuthOnly/input_Track Data_track_data"), ""): Text '' is set on object 'Object Repository/RecAndPlayBk/Page-Vlink-AuthOnly/input_Track Data_track_data'

2023-02-28 18:34:05 - [MESSAGE][PASSED] - Text '' is set on object 'Object Repository/RecAndPlayBk/Page-Vlink-AuthOnly/input_Track Data_track_data'

2023-02-28 18:34:05 - [TEST_STEP][PASSED] - setText(findTestObject("Object Repository/RecAndPlayBk/Page-Vlink-AuthOnly/input_concat(Cardholder, , s email)_email"), ""): Text '' is set on object 'Object Repository/RecAndPlayBk/Page-Vlink-AuthOnly/input_concat(Cardholder, , s email)_email'

2023-02-28 18:34:06 - [MESSAGE][PASSED] - Text '' is set on object 'Object Repository/RecAndPlayBk/Page-Vlink-AuthOnly/input_concat(Cardholder, , s email)_email'

2023-02-28 18:34:06 - [TEST_STEP][PASSED] - click(findTestObject("Object Repository/RecAndPlayBk/Page-Vlink-AuthOnly/input_user_defined10_user_defined10")): Object: 'Object Repository/RecAndPlayBk/Page-Vlink-AuthOnly/input_user_defined10_user_defined10' is clicked on

2023-02-28 18:34:06 - [MESSAGE][PASSED] - Object: 'Object Repository/RecAndPlayBk/Page-Vlink-AuthOnly/input_user_defined10_user_defined10' is clicked on

2023-02-28 18:34:06 - [TEST_STEP][PASSED] - if (executionProfile.equalsIgnoreCase("QAProfile")): null

2023-02-28 18:34:07 - [TEST_STEP][PASSED] - click(findTestObject("Object Repository/RecAndPlayBk/Page-Vlink-AuthOnly/input")): Object: 'Object Repository/RecAndPlayBk/Page-Vlink-AuthOnly/input' is clicked on

2023-02-28 18:34:09 - [MESSAGE][PASSED] - Object: 'Object Repository/RecAndPlayBk/Page-Vlink-AuthOnly/input' is clicked on

2023-02-28 18:34:09 - [TEST_STEP][FAILED] - if (verifyTextPresent("Transaction approved, no errors", true)): Text 'Transaction approved, no errors' is not present on page  using regular expression (Root cause: com.kms.katalon.core.exception.StepFailedException: Text 'Transaction approved, no errors' is not present on page  using regular expression
	at com.kms.katalon.core.webui.keyword.internal.WebUIKeywordMain.stepFailed(WebUIKeywordMain.groovy:64)
	at com.kms.katalon.core.webui.keyword.builtin.VerifyTextPresentKeyword$_verifyTextPresent_closure1.doCall(VerifyTextPresentKeyword.groovy:79)
	at com.kms.katalon.core.webui.keyword.builtin.VerifyTextPresentKeyword$_verifyTextPresent_closure1.call(VerifyTextPresentKeyword.groovy)
	at com.kms.katalon.core.webui.keyword.internal.WebUIKeywordMain.runKeyword(WebUIKeywordMain.groovy:20)
	at com.kms.katalon.core.webui.keyword.builtin.VerifyTextPresentKeyword.verifyTextPresent(VerifyTextPresentKeyword.groovy:83)
	at com.kms.katalon.core.webui.keyword.builtin.VerifyTextPresentKeyword.execute(VerifyTextPresentKeyword.groovy:68)
	at com.kms.katalon.core.keyword.internal.KeywordExecutor.executeKeywordForPlatform(KeywordExecutor.groovy:74)
	at com.kms.katalon.core.webui.keyword.WebUiBuiltInKeywords.verifyTextPresent(WebUiBuiltInKeywords.groovy:1723)
	at com.kms.katalon.core.webui.keyword.WebUiBuiltInKeywords$verifyTextPresent$4.call(Unknown Source)
	at Auth-Cap-Void.run(Auth-Cap-Void:167)
	at com.kms.katalon.core.main.ScriptEngine.run(ScriptEngine.java:194)
	at com.kms.katalon.core.main.ScriptEngine.runScriptAsRawText(ScriptEngine.java:119)
	at com.kms.katalon.core.main.TestCaseExecutor.runScript(TestCaseExecutor.java:442)
	at com.kms.katalon.core.main.TestCaseExecutor.doExecute(TestCaseExecutor.java:433)
	at com.kms.katalon.core.main.TestCaseExecutor.processExecutionPhase(TestCaseExecutor.java:412)
	at com.kms.katalon.core.main.TestCaseExecutor.accessMainPhase(TestCaseExecutor.java:404)
	at com.kms.katalon.core.main.TestCaseExecutor.execute(TestCaseExecutor.java:281)
	at com.kms.katalon.core.main.TestSuiteExecutor.accessTestCaseMainPhase(TestSuiteExecutor.java:202)
	at com.kms.katalon.core.main.TestSuiteExecutor.accessTestSuiteMainPhase(TestSuiteExecutor.java:164)
	at com.kms.katalon.core.main.TestSuiteExecutor.execute(TestSuiteExecutor.java:105)
	at com.kms.katalon.core.main.TestCaseMain.startTestSuite(TestCaseMain.java:185)
	at com.kms.katalon.core.main.TestCaseMain$startTestSuite$0.call(Unknown Source)
	at TempTestSuite1677626298320.run(TempTestSuite1677626298320.groovy:36)
)

2023-02-28 18:34:09 - [MESSAGE][FAILED] - Text 'Transaction approved, no errors' is not present on page  using regular expression (Root cause: com.kms.katalon.core.exception.StepFailedException: Text 'Transaction approved, no errors' is not present on page  using regular expression
	at com.kms.katalon.core.webui.keyword.internal.WebUIKeywordMain.stepFailed(WebUIKeywordMain.groovy:64)
	at com.kms.katalon.core.webui.keyword.builtin.VerifyTextPresentKeyword$_verifyTextPresent_closure1.doCall(VerifyTextPresentKeyword.groovy:79)
	at com.kms.katalon.core.webui.keyword.builtin.VerifyTextPresentKeyword$_verifyTextPresent_closure1.call(VerifyTextPresentKeyword.groovy)
	at com.kms.katalon.core.webui.keyword.internal.WebUIKeywordMain.runKeyword(WebUIKeywordMain.groovy:20)
	at com.kms.katalon.core.webui.keyword.builtin.VerifyTextPresentKeyword.verifyTextPresent(VerifyTextPresentKeyword.groovy:83)
	at com.kms.katalon.core.webui.keyword.builtin.VerifyTextPresentKeyword.execute(VerifyTextPresentKeyword.groovy:68)
	at com.kms.katalon.core.keyword.internal.KeywordExecutor.executeKeywordForPlatform(KeywordExecutor.groovy:74)
	at com.kms.katalon.core.webui.keyword.WebUiBuiltInKeywords.verifyTextPresent(WebUiBuiltInKeywords.groovy:1723)
	at com.kms.katalon.core.webui.keyword.WebUiBuiltInKeywords$verifyTextPresent$4.call(Unknown Source)
	at Auth-Cap-Void.run(Auth-Cap-Void:167)
	at com.kms.katalon.core.main.ScriptEngine.run(ScriptEngine.java:194)
	at com.kms.katalon.core.main.ScriptEngine.runScriptAsRawText(ScriptEngine.java:119)
	at com.kms.katalon.core.main.TestCaseExecutor.runScript(TestCaseExecutor.java:442)
	at com.kms.katalon.core.main.TestCaseExecutor.doExecute(TestCaseExecutor.java:433)
	at com.kms.katalon.core.main.TestCaseExecutor.processExecutionPhase(TestCaseExecutor.java:412)
	at com.kms.katalon.core.main.TestCaseExecutor.accessMainPhase(TestCaseExecutor.java:404)
	at com.kms.katalon.core.main.TestCaseExecutor.execute(TestCaseExecutor.java:281)
	at com.kms.katalon.core.main.TestSuiteExecutor.accessTestCaseMainPhase(TestSuiteExecutor.java:202)
	at com.kms.katalon.core.main.TestSuiteExecutor.accessTestSuiteMainPhase(TestSuiteExecutor.java:164)
	at com.kms.katalon.core.main.TestSuiteExecutor.execute(TestSuiteExecutor.java:105)
	at com.kms.katalon.core.main.TestCaseMain.startTestSuite(TestCaseMain.java:185)
	at com.kms.katalon.core.main.TestCaseMain$startTestSuite$0.call(Unknown Source)
	at TempTestSuite1677626298320.run(TempTestSuite1677626298320.groovy:36)
)

2023-02-28 18:34:09 - [TEST_STEP][PASSED] - else: pages.WriteExcel.demoKey is PASSED

2023-02-28 18:34:09 - [TEST_STEP][PASSED] - out.println("Auth was not successful, Dont Capture"): null

2023-02-28 18:34:09 - [TEST_STEP][PASSED] - println("Transaction Approved, no errors text is not present on the Confirmation page"): null

2023-02-28 18:34:09 - [TEST_STEP][PASSED] - out.println("Fail Record Number: " + row): null

2023-02-28 18:34:09 - [TEST_STEP][PASSED] - resText = "Fail": null

2023-02-28 18:34:09 - [TEST_STEP][PASSED] - pages.WriteExcel.demoKey(resText, datText, resColumn, datCloumn, fileLoc, nameSheet, row): pages.WriteExcel.demoKey is PASSED

2023-02-28 18:34:09 - [MESSAGE][PASSED] - pages.WriteExcel.demoKey is PASSED

2023-02-28 18:34:09 - [TEST_STEP][PASSED] - ExecuteTC = findTestData(dataFile).getValue("Execute", row): null

2023-02-28 18:34:09 - [TEST_STEP][PASSED] - out.println("Value of Execute is : " + ExecuteTC): null

2023-02-28 18:34:09 - [TEST_STEP][PASSED] - switch (executionProfile): null

2023-02-28 18:34:09 - [TEST_STEP][PASSED] - case "Demo2Profile":: null

2023-02-28 18:34:09 - [TEST_STEP][PASSED] - appID = findTestData(dataFile).getValue("AppIDDemo", row): null

2023-02-28 18:34:09 - [TEST_STEP][PASSED] - username = findTestData(dataFile).getValue("UsernameDemo", row): null

2023-02-28 18:34:09 - [TEST_STEP][PASSED] - password = findTestData(dataFile).getValue("PasswordDemo", row): null

2023-02-28 18:34:09 - [TEST_STEP][PASSED] - break: null

2023-02-28 18:34:09 - [TEST_STEP][FAILED] - if (ExecuteTC.equalsIgnoreCase("Y")): null

2023-02-28 18:34:09 - [TEST_STEP][PASSED] - out.println("Begin Record Number: " + row): null

2023-02-28 18:34:09 - [TEST_STEP][PASSED] - today = new java.util.Date(): null

2023-02-28 18:34:09 - [TEST_STEP][PASSED] - println(today): null

2023-02-28 18:34:09 - [TEST_STEP][PASSED] - datText = today: null

2023-02-28 18:34:09 - [TEST_STEP][PASSED] - category = findTestData(dataFile).getValue("Category", row): null

2023-02-28 18:34:09 - [TEST_STEP][PASSED] - amount = findTestData(dataFile).getValue("Amount", row): null

2023-02-28 18:34:10 - [TEST_STEP][PASSED] - cardNumber = findTestData(dataFile).getValue("CardNumber", row): null

2023-02-28 18:34:10 - [TEST_STEP][PASSED] - exM = findTestData(dataFile).getValue("ExM", row): null

2023-02-28 18:34:10 - [TEST_STEP][PASSED] - exY = findTestData(dataFile).getValue("ExY", row): null

2023-02-28 18:34:10 - [TEST_STEP][PASSED] - openBrowser(VLinkURL + "auth.html"): Browser is opened with url: 'https://dev-algorithm.govolution.com/vlinktest/demo2/version_2_0/auth.html'

2023-02-28 18:34:10 - [MESSAGE][WARNING] - A browser is already opened. Closing browser and opening a new one

2023-02-28 18:34:11 - [MESSAGE][INFO] - Starting 'Chrome' driver

2023-02-28 18:34:11 - [MESSAGE][INFO] - User set preference: ['acceptInsecureCerts', 'true']

2023-02-28 18:34:11 - [MESSAGE][INFO] - Action delay is set to 0 milliseconds

2023-02-28 18:34:12 - [MESSAGE][PASSED] - Browser is opened with url: 'https://dev-algorithm.govolution.com/vlinktest/demo2/version_2_0/auth.html'

2023-02-28 18:34:12 - [TEST_STEP][PASSED] - maximizeWindow(): Current window maximized

2023-02-28 18:34:13 - [MESSAGE][PASSED] - Current window maximized

2023-02-28 18:34:13 - [TEST_STEP][PASSED] - genRemID = RandomStringUtils.random(12, true, true): null

2023-02-28 18:34:13 - [TEST_STEP][PASSED] - setText(findTestObject("Object Repository/RecAndPlayBk/Page-Vlink-AuthOnly/input_Remittance Id_remittance_id"), genRemID): Text 'JFOTg0qeSnL8' is set on object 'Object Repository/RecAndPlayBk/Page-Vlink-AuthOnly/input_Remittance Id_remittance_id'

2023-02-28 18:34:13 - [MESSAGE][PASSED] - Text 'JFOTg0qeSnL8' is set on object 'Object Repository/RecAndPlayBk/Page-Vlink-AuthOnly/input_Remittance Id_remittance_id'

2023-02-28 18:34:13 - [TEST_STEP][PASSED] - setText(findTestObject("Object Repository/RecAndPlayBk/Page-Vlink-AuthOnly/input_Application Id_application_id"), appID): Text '3136' is set on object 'Object Repository/RecAndPlayBk/Page-Vlink-AuthOnly/input_Application Id_application_id'

2023-02-28 18:34:14 - [MESSAGE][PASSED] - Text '3136' is set on object 'Object Repository/RecAndPlayBk/Page-Vlink-AuthOnly/input_Application Id_application_id'

2023-02-28 18:34:14 - [TEST_STEP][PASSED] - setText(findTestObject("Object Repository/RecAndPlayBk/Page-Vlink-AuthOnly/input_Username_username"), username): Text 'user3136' is set on object 'Object Repository/RecAndPlayBk/Page-Vlink-AuthOnly/input_Username_username'

2023-02-28 18:34:15 - [MESSAGE][PASSED] - Text 'user3136' is set on object 'Object Repository/RecAndPlayBk/Page-Vlink-AuthOnly/input_Username_username'

2023-02-28 18:34:15 - [TEST_STEP][PASSED] - setText(findTestObject("Object Repository/RecAndPlayBk/Page-Vlink-AuthOnly/input_Password_password"), password): Text 'pwd3136' is set on object 'Object Repository/RecAndPlayBk/Page-Vlink-AuthOnly/input_Password_password'

2023-02-28 18:34:15 - [MESSAGE][PASSED] - Text 'pwd3136' is set on object 'Object Repository/RecAndPlayBk/Page-Vlink-AuthOnly/input_Password_password'

2023-02-28 18:34:15 - [TEST_STEP][PASSED] - setText(findTestObject("Object Repository/RecAndPlayBk/Page-Vlink-AuthOnly/input_Category_category"), category): Text 'ECOM' is set on object 'Object Repository/RecAndPlayBk/Page-Vlink-AuthOnly/input_Category_category'

2023-02-28 18:34:16 - [MESSAGE][PASSED] - Text 'ECOM' is set on object 'Object Repository/RecAndPlayBk/Page-Vlink-AuthOnly/input_Category_category'

2023-02-28 18:34:16 - [TEST_STEP][PASSED] - setText(findTestObject("Object Repository/RecAndPlayBk/Page-Vlink-AuthOnly/input_Amount_amount"), amount): Text '10.5' is set on object 'Object Repository/RecAndPlayBk/Page-Vlink-AuthOnly/input_Amount_amount'

2023-02-28 18:34:17 - [MESSAGE][PASSED] - Text '10.5' is set on object 'Object Repository/RecAndPlayBk/Page-Vlink-AuthOnly/input_Amount_amount'

2023-02-28 18:34:17 - [TEST_STEP][PASSED] - doubleClick(findTestObject("Object Repository/RecAndPlayBk/Page-Vlink-AuthOnly/input_Card number_card_number")): Object: 'Object Repository/RecAndPlayBk/Page-Vlink-AuthOnly/input_Card number_card_number' is double clicked on

2023-02-28 18:34:17 - [MESSAGE][PASSED] - Object: 'Object Repository/RecAndPlayBk/Page-Vlink-AuthOnly/input_Card number_card_number' is double clicked on

2023-02-28 18:34:17 - [TEST_STEP][PASSED] - setText(findTestObject("Object Repository/RecAndPlayBk/Page-Vlink-AuthOnly/input_Card number_card_number"), cardNumber): Text '5146312200000035' is set on object 'Object Repository/RecAndPlayBk/Page-Vlink-AuthOnly/input_Card number_card_number'

2023-02-28 18:34:18 - [MESSAGE][PASSED] - Text '5146312200000035' is set on object 'Object Repository/RecAndPlayBk/Page-Vlink-AuthOnly/input_Card number_card_number'

2023-02-28 18:34:18 - [TEST_STEP][PASSED] - setText(findTestObject("Object Repository/RecAndPlayBk/Page-Vlink-AuthOnly/input_Card ex month_card_exmo"), exM): Text '12' is set on object 'Object Repository/RecAndPlayBk/Page-Vlink-AuthOnly/input_Card ex month_card_exmo'

2023-02-28 18:34:18 - [MESSAGE][PASSED] - Text '12' is set on object 'Object Repository/RecAndPlayBk/Page-Vlink-AuthOnly/input_Card ex month_card_exmo'

2023-02-28 18:34:18 - [TEST_STEP][PASSED] - setText(findTestObject("Object Repository/RecAndPlayBk/Page-Vlink-AuthOnly/input_Card ex year_card_exyr"), exY): Text '2029' is set on object 'Object Repository/RecAndPlayBk/Page-Vlink-AuthOnly/input_Card ex year_card_exyr'

2023-02-28 18:34:19 - [MESSAGE][PASSED] - Text '2029' is set on object 'Object Repository/RecAndPlayBk/Page-Vlink-AuthOnly/input_Card ex year_card_exyr'

2023-02-28 18:34:19 - [TEST_STEP][PASSED] - click(findTestObject("Object Repository/RecAndPlayBk/Page-Vlink-AuthOnly/input_Track Data_track_data")): Object: 'Object Repository/RecAndPlayBk/Page-Vlink-AuthOnly/input_Track Data_track_data' is clicked on

2023-02-28 18:34:19 - [MESSAGE][PASSED] - Object: 'Object Repository/RecAndPlayBk/Page-Vlink-AuthOnly/input_Track Data_track_data' is clicked on

2023-02-28 18:34:19 - [TEST_STEP][PASSED] - click(findTestObject("Object Repository/RecAndPlayBk/Page-Vlink-AuthOnly/input_CVV state_cvv_state")): Object: 'Object Repository/RecAndPlayBk/Page-Vlink-AuthOnly/input_CVV state_cvv_state' is clicked on

2023-02-28 18:34:19 - [MESSAGE][PASSED] - Object: 'Object Repository/RecAndPlayBk/Page-Vlink-AuthOnly/input_CVV state_cvv_state' is clicked on

2023-02-28 18:34:19 - [TEST_STEP][PASSED] - setText(findTestObject("Object Repository/RecAndPlayBk/Page-Vlink-AuthOnly/input_Track Data_track_data"), ""): Text '' is set on object 'Object Repository/RecAndPlayBk/Page-Vlink-AuthOnly/input_Track Data_track_data'

2023-02-28 18:34:20 - [MESSAGE][PASSED] - Text '' is set on object 'Object Repository/RecAndPlayBk/Page-Vlink-AuthOnly/input_Track Data_track_data'

2023-02-28 18:34:20 - [TEST_STEP][PASSED] - setText(findTestObject("Object Repository/RecAndPlayBk/Page-Vlink-AuthOnly/input_concat(Cardholder, , s email)_email"), ""): Text '' is set on object 'Object Repository/RecAndPlayBk/Page-Vlink-AuthOnly/input_concat(Cardholder, , s email)_email'

2023-02-28 18:34:21 - [MESSAGE][PASSED] - Text '' is set on object 'Object Repository/RecAndPlayBk/Page-Vlink-AuthOnly/input_concat(Cardholder, , s email)_email'

2023-02-28 18:34:21 - [TEST_STEP][PASSED] - click(findTestObject("Object Repository/RecAndPlayBk/Page-Vlink-AuthOnly/input_user_defined10_user_defined10")): Object: 'Object Repository/RecAndPlayBk/Page-Vlink-AuthOnly/input_user_defined10_user_defined10' is clicked on

2023-02-28 18:34:21 - [MESSAGE][PASSED] - Object: 'Object Repository/RecAndPlayBk/Page-Vlink-AuthOnly/input_user_defined10_user_defined10' is clicked on

2023-02-28 18:34:21 - [TEST_STEP][PASSED] - if (executionProfile.equalsIgnoreCase("QAProfile")): null

2023-02-28 18:34:21 - [TEST_STEP][PASSED] - click(findTestObject("Object Repository/RecAndPlayBk/Page-Vlink-AuthOnly/input")): Object: 'Object Repository/RecAndPlayBk/Page-Vlink-AuthOnly/input' is clicked on

2023-02-28 18:34:23 - [MESSAGE][PASSED] - Object: 'Object Repository/RecAndPlayBk/Page-Vlink-AuthOnly/input' is clicked on

2023-02-28 18:34:23 - [TEST_STEP][FAILED] - if (verifyTextPresent("Transaction approved, no errors", true)): Text 'Transaction approved, no errors' is not present on page  using regular expression (Root cause: com.kms.katalon.core.exception.StepFailedException: Text 'Transaction approved, no errors' is not present on page  using regular expression
	at com.kms.katalon.core.webui.keyword.internal.WebUIKeywordMain.stepFailed(WebUIKeywordMain.groovy:64)
	at com.kms.katalon.core.webui.keyword.builtin.VerifyTextPresentKeyword$_verifyTextPresent_closure1.doCall(VerifyTextPresentKeyword.groovy:79)
	at com.kms.katalon.core.webui.keyword.builtin.VerifyTextPresentKeyword$_verifyTextPresent_closure1.call(VerifyTextPresentKeyword.groovy)
	at com.kms.katalon.core.webui.keyword.internal.WebUIKeywordMain.runKeyword(WebUIKeywordMain.groovy:20)
	at com.kms.katalon.core.webui.keyword.builtin.VerifyTextPresentKeyword.verifyTextPresent(VerifyTextPresentKeyword.groovy:83)
	at com.kms.katalon.core.webui.keyword.builtin.VerifyTextPresentKeyword.execute(VerifyTextPresentKeyword.groovy:68)
	at com.kms.katalon.core.keyword.internal.KeywordExecutor.executeKeywordForPlatform(KeywordExecutor.groovy:74)
	at com.kms.katalon.core.webui.keyword.WebUiBuiltInKeywords.verifyTextPresent(WebUiBuiltInKeywords.groovy:1723)
	at com.kms.katalon.core.webui.keyword.WebUiBuiltInKeywords$verifyTextPresent$4.call(Unknown Source)
	at Auth-Cap-Void.run(Auth-Cap-Void:167)
	at com.kms.katalon.core.main.ScriptEngine.run(ScriptEngine.java:194)
	at com.kms.katalon.core.main.ScriptEngine.runScriptAsRawText(ScriptEngine.java:119)
	at com.kms.katalon.core.main.TestCaseExecutor.runScript(TestCaseExecutor.java:442)
	at com.kms.katalon.core.main.TestCaseExecutor.doExecute(TestCaseExecutor.java:433)
	at com.kms.katalon.core.main.TestCaseExecutor.processExecutionPhase(TestCaseExecutor.java:412)
	at com.kms.katalon.core.main.TestCaseExecutor.accessMainPhase(TestCaseExecutor.java:404)
	at com.kms.katalon.core.main.TestCaseExecutor.execute(TestCaseExecutor.java:281)
	at com.kms.katalon.core.main.TestSuiteExecutor.accessTestCaseMainPhase(TestSuiteExecutor.java:202)
	at com.kms.katalon.core.main.TestSuiteExecutor.accessTestSuiteMainPhase(TestSuiteExecutor.java:164)
	at com.kms.katalon.core.main.TestSuiteExecutor.execute(TestSuiteExecutor.java:105)
	at com.kms.katalon.core.main.TestCaseMain.startTestSuite(TestCaseMain.java:185)
	at com.kms.katalon.core.main.TestCaseMain$startTestSuite$0.call(Unknown Source)
	at TempTestSuite1677626298320.run(TempTestSuite1677626298320.groovy:36)
)

2023-02-28 18:34:23 - [MESSAGE][FAILED] - Text 'Transaction approved, no errors' is not present on page  using regular expression (Root cause: com.kms.katalon.core.exception.StepFailedException: Text 'Transaction approved, no errors' is not present on page  using regular expression
	at com.kms.katalon.core.webui.keyword.internal.WebUIKeywordMain.stepFailed(WebUIKeywordMain.groovy:64)
	at com.kms.katalon.core.webui.keyword.builtin.VerifyTextPresentKeyword$_verifyTextPresent_closure1.doCall(VerifyTextPresentKeyword.groovy:79)
	at com.kms.katalon.core.webui.keyword.builtin.VerifyTextPresentKeyword$_verifyTextPresent_closure1.call(VerifyTextPresentKeyword.groovy)
	at com.kms.katalon.core.webui.keyword.internal.WebUIKeywordMain.runKeyword(WebUIKeywordMain.groovy:20)
	at com.kms.katalon.core.webui.keyword.builtin.VerifyTextPresentKeyword.verifyTextPresent(VerifyTextPresentKeyword.groovy:83)
	at com.kms.katalon.core.webui.keyword.builtin.VerifyTextPresentKeyword.execute(VerifyTextPresentKeyword.groovy:68)
	at com.kms.katalon.core.keyword.internal.KeywordExecutor.executeKeywordForPlatform(KeywordExecutor.groovy:74)
	at com.kms.katalon.core.webui.keyword.WebUiBuiltInKeywords.verifyTextPresent(WebUiBuiltInKeywords.groovy:1723)
	at com.kms.katalon.core.webui.keyword.WebUiBuiltInKeywords$verifyTextPresent$4.call(Unknown Source)
	at Auth-Cap-Void.run(Auth-Cap-Void:167)
	at com.kms.katalon.core.main.ScriptEngine.run(ScriptEngine.java:194)
	at com.kms.katalon.core.main.ScriptEngine.runScriptAsRawText(ScriptEngine.java:119)
	at com.kms.katalon.core.main.TestCaseExecutor.runScript(TestCaseExecutor.java:442)
	at com.kms.katalon.core.main.TestCaseExecutor.doExecute(TestCaseExecutor.java:433)
	at com.kms.katalon.core.main.TestCaseExecutor.processExecutionPhase(TestCaseExecutor.java:412)
	at com.kms.katalon.core.main.TestCaseExecutor.accessMainPhase(TestCaseExecutor.java:404)
	at com.kms.katalon.core.main.TestCaseExecutor.execute(TestCaseExecutor.java:281)
	at com.kms.katalon.core.main.TestSuiteExecutor.accessTestCaseMainPhase(TestSuiteExecutor.java:202)
	at com.kms.katalon.core.main.TestSuiteExecutor.accessTestSuiteMainPhase(TestSuiteExecutor.java:164)
	at com.kms.katalon.core.main.TestSuiteExecutor.execute(TestSuiteExecutor.java:105)
	at com.kms.katalon.core.main.TestCaseMain.startTestSuite(TestCaseMain.java:185)
	at com.kms.katalon.core.main.TestCaseMain$startTestSuite$0.call(Unknown Source)
	at TempTestSuite1677626298320.run(TempTestSuite1677626298320.groovy:36)
)

2023-02-28 18:34:23 - [TEST_STEP][PASSED] - else: pages.WriteExcel.demoKey is PASSED

2023-02-28 18:34:23 - [TEST_STEP][PASSED] - out.println("Auth was not successful, Dont Capture"): null

2023-02-28 18:34:23 - [TEST_STEP][PASSED] - println("Transaction Approved, no errors text is not present on the Confirmation page"): null

2023-02-28 18:34:23 - [TEST_STEP][PASSED] - out.println("Fail Record Number: " + row): null

2023-02-28 18:34:23 - [TEST_STEP][PASSED] - resText = "Fail": null

2023-02-28 18:34:23 - [TEST_STEP][PASSED] - pages.WriteExcel.demoKey(resText, datText, resColumn, datCloumn, fileLoc, nameSheet, row): pages.WriteExcel.demoKey is PASSED

2023-02-28 18:34:23 - [MESSAGE][PASSED] - pages.WriteExcel.demoKey is PASSED]]></system-out>
         <system-err><![CDATA[2023-02-28 18:32:11 - [TEST_CASE][FAILED] - Test Cases/RecAndPlayBk/VLink/Auth-Cap-Void: Test Cases/RecAndPlayBk/VLink/Auth-Cap-Void FAILED.
Reason:
com.kms.katalon.core.exception.StepFailedException: Text 'Transaction approved, no errors' is not present on page  using regular expression (Root cause: com.kms.katalon.core.exception.StepFailedException: Text 'Transaction approved, no errors' is not present on page  using regular expression
	at com.kms.katalon.core.webui.keyword.internal.WebUIKeywordMain.stepFailed(WebUIKeywordMain.groovy:64)
	at com.kms.katalon.core.webui.keyword.builtin.VerifyTextPresentKeyword$_verifyTextPresent_closure1.doCall(VerifyTextPresentKeyword.groovy:79)
	at com.kms.katalon.core.webui.keyword.builtin.VerifyTextPresentKeyword$_verifyTextPresent_closure1.call(VerifyTextPresentKeyword.groovy)
	at com.kms.katalon.core.webui.keyword.internal.WebUIKeywordMain.runKeyword(WebUIKeywordMain.groovy:20)
	at com.kms.katalon.core.webui.keyword.builtin.VerifyTextPresentKeyword.verifyTextPresent(VerifyTextPresentKeyword.groovy:83)
	at com.kms.katalon.core.webui.keyword.builtin.VerifyTextPresentKeyword.execute(VerifyTextPresentKeyword.groovy:68)
	at com.kms.katalon.core.keyword.internal.KeywordExecutor.executeKeywordForPlatform(KeywordExecutor.groovy:74)
	at com.kms.katalon.core.webui.keyword.WebUiBuiltInKeywords.verifyTextPresent(WebUiBuiltInKeywords.groovy:1723)
	at com.kms.katalon.core.webui.keyword.WebUiBuiltInKeywords$verifyTextPresent$4.call(Unknown Source)
	at Auth-Cap-Void.run(Auth-Cap-Void:167)
	at com.kms.katalon.core.main.ScriptEngine.run(ScriptEngine.java:194)
	at com.kms.katalon.core.main.ScriptEngine.runScriptAsRawText(ScriptEngine.java:119)
	at com.kms.katalon.core.main.TestCaseExecutor.runScript(TestCaseExecutor.java:442)
	at com.kms.katalon.core.main.TestCaseExecutor.doExecute(TestCaseExecutor.java:433)
	at com.kms.katalon.core.main.TestCaseExecutor.processExecutionPhase(TestCaseExecutor.java:412)
	at com.kms.katalon.core.main.TestCaseExecutor.accessMainPhase(TestCaseExecutor.java:404)
	at com.kms.katalon.core.main.TestCaseExecutor.execute(TestCaseExecutor.java:281)
	at com.kms.katalon.core.main.TestSuiteExecutor.accessTestCaseMainPhase(TestSuiteExecutor.java:202)
	at com.kms.katalon.core.main.TestSuiteExecutor.accessTestSuiteMainPhase(TestSuiteExecutor.java:164)
	at com.kms.katalon.core.main.TestSuiteExecutor.execute(TestSuiteExecutor.java:105)
	at com.kms.katalon.core.main.TestCaseMain.startTestSuite(TestCaseMain.java:185)
	at com.kms.katalon.core.main.TestCaseMain$startTestSuite$0.call(Unknown Source)
	at TempTestSuite1677626298320.run(TempTestSuite1677626298320.groovy:36)
)
	at com.kms.katalon.core.keyword.internal.KeywordMain.stepFailed(KeywordMain.groovy:39)
	at com.kms.katalon.core.webui.keyword.internal.WebUIKeywordMain.stepFailed(WebUIKeywordMain.groovy:64)
	at com.kms.katalon.core.webui.keyword.builtin.VerifyTextPresentKeyword$_verifyTextPresent_closure1.doCall(VerifyTextPresentKeyword.groovy:79)
	at com.kms.katalon.core.webui.keyword.builtin.VerifyTextPresentKeyword$_verifyTextPresent_closure1.call(VerifyTextPresentKeyword.groovy)
	at com.kms.katalon.core.webui.keyword.internal.WebUIKeywordMain.runKeyword(WebUIKeywordMain.groovy:20)
	at com.kms.katalon.core.webui.keyword.builtin.VerifyTextPresentKeyword.verifyTextPresent(VerifyTextPresentKeyword.groovy:83)
	at com.kms.katalon.core.webui.keyword.builtin.VerifyTextPresentKeyword.execute(VerifyTextPresentKeyword.groovy:68)
	at com.kms.katalon.core.keyword.internal.KeywordExecutor.executeKeywordForPlatform(KeywordExecutor.groovy:74)
	at com.kms.katalon.core.webui.keyword.WebUiBuiltInKeywords.verifyTextPresent(WebUiBuiltInKeywords.groovy:1723)
	at com.kms.katalon.core.webui.keyword.WebUiBuiltInKeywords$verifyTextPresent$4.call(Unknown Source)
	at Auth-Cap-Void.run(Auth-Cap-Void:167)
	at com.kms.katalon.core.main.ScriptEngine.run(ScriptEngine.java:194)
	at com.kms.katalon.core.main.ScriptEngine.runScriptAsRawText(ScriptEngine.java:119)
	at com.kms.katalon.core.main.TestCaseExecutor.runScript(TestCaseExecutor.java:442)
	at com.kms.katalon.core.main.TestCaseExecutor.doExecute(TestCaseExecutor.java:433)
	at com.kms.katalon.core.main.TestCaseExecutor.processExecutionPhase(TestCaseExecutor.java:412)
	at com.kms.katalon.core.main.TestCaseExecutor.accessMainPhase(TestCaseExecutor.java:404)
	at com.kms.katalon.core.main.TestCaseExecutor.execute(TestCaseExecutor.java:281)
	at com.kms.katalon.core.main.TestSuiteExecutor.accessTestCaseMainPhase(TestSuiteExecutor.java:202)
	at com.kms.katalon.core.main.TestSuiteExecutor.accessTestSuiteMainPhase(TestSuiteExecutor.java:164)
	at com.kms.katalon.core.main.TestSuiteExecutor.execute(TestSuiteExecutor.java:105)
	at com.kms.katalon.core.main.TestCaseMain.startTestSuite(TestCaseMain.java:185)
	at com.kms.katalon.core.main.TestCaseMain$startTestSuite$0.call(Unknown Source)
	at TempTestSuite1677626298320.run(TempTestSuite1677626298320.groovy:36)
Caused by: com.kms.katalon.core.exception.StepFailedException: Text 'Transaction approved, no errors' is not present on page  using regular expression
	... 23 more]]></system-err>
      </testcase>
      <testcase name="Test Cases/RecAndPlayBk/VLink/Auth-Cap-Credit" time="139.011" classname="Test Cases/RecAndPlayBk/VLink/Auth-Cap-Credit" status="FAILED">
         <failure type="FAILED" message="Test Cases/RecAndPlayBk/VLink/Auth-Cap-Credit FAILED.
Reason:
com.kms.katalon.core.exception.StepFailedException: Text 'Transaction approved, no errors' is not present on page  using regular expression (Root cause: com.kms.katalon.core.exception.StepFailedException: Text 'Transaction approved, no errors' is not present on page  using regular expression
	at com.kms.katalon.core.webui.keyword.internal.WebUIKeywordMain.stepFailed(WebUIKeywordMain.groovy:64)
	at com.kms.katalon.core.webui.keyword.builtin.VerifyTextPresentKeyword$_verifyTextPresent_closure1.doCall(VerifyTextPresentKeyword.groovy:79)
	at com.kms.katalon.core.webui.keyword.builtin.VerifyTextPresentKeyword$_verifyTextPresent_closure1.call(VerifyTextPresentKeyword.groovy)
	at com.kms.katalon.core.webui.keyword.internal.WebUIKeywordMain.runKeyword(WebUIKeywordMain.groovy:20)
	at com.kms.katalon.core.webui.keyword.builtin.VerifyTextPresentKeyword.verifyTextPresent(VerifyTextPresentKeyword.groovy:83)
	at com.kms.katalon.core.webui.keyword.builtin.VerifyTextPresentKeyword.execute(VerifyTextPresentKeyword.groovy:68)
	at com.kms.katalon.core.keyword.internal.KeywordExecutor.executeKeywordForPlatform(KeywordExecutor.groovy:74)
	at com.kms.katalon.core.webui.keyword.WebUiBuiltInKeywords.verifyTextPresent(WebUiBuiltInKeywords.groovy:1723)
	at com.kms.katalon.core.webui.keyword.WebUiBuiltInKeywords$verifyTextPresent$4.call(Unknown Source)
	at Auth-Cap-Credit.run(Auth-Cap-Credit:167)
	at com.kms.katalon.core.main.ScriptEngine.run(ScriptEngine.java:194)
	at com.kms.katalon.core.main.ScriptEngine.runScriptAsRawText(ScriptEngine.java:119)
	at com.kms.katalon.core.main.TestCaseExecutor.runScript(TestCaseExecutor.java:442)
	at com.kms.katalon.core.main.TestCaseExecutor.doExecute(TestCaseExecutor.java:433)
	at com.kms.katalon.core.main.TestCaseExecutor.processExecutionPhase(TestCaseExecutor.java:412)
	at com.kms.katalon.core.main.TestCaseExecutor.accessMainPhase(TestCaseExecutor.java:404)
	at com.kms.katalon.core.main.TestCaseExecutor.execute(TestCaseExecutor.java:281)
	at com.kms.katalon.core.main.TestSuiteExecutor.accessTestCaseMainPhase(TestSuiteExecutor.java:202)
	at com.kms.katalon.core.main.TestSuiteExecutor.accessTestSuiteMainPhase(TestSuiteExecutor.java:164)
	at com.kms.katalon.core.main.TestSuiteExecutor.execute(TestSuiteExecutor.java:105)
	at com.kms.katalon.core.main.TestCaseMain.startTestSuite(TestCaseMain.java:185)
	at com.kms.katalon.core.main.TestCaseMain$startTestSuite$0.call(Unknown Source)
	at TempTestSuite1677626298320.run(TempTestSuite1677626298320.groovy:36)
)
	at com.kms.katalon.core.keyword.internal.KeywordMain.stepFailed(KeywordMain.groovy:39)
	at com.kms.katalon.core.webui.keyword.internal.WebUIKeywordMain.stepFailed(WebUIKeywordMain.groovy:64)
	at com.kms.katalon.core.webui.keyword.builtin.VerifyTextPresentKeyword$_verifyTextPresent_closure1.doCall(VerifyTextPresentKeyword.groovy:79)
	at com.kms.katalon.core.webui.keyword.builtin.VerifyTextPresentKeyword$_verifyTextPresent_closure1.call(VerifyTextPresentKeyword.groovy)
	at com.kms.katalon.core.webui.keyword.internal.WebUIKeywordMain.runKeyword(WebUIKeywordMain.groovy:20)
	at com.kms.katalon.core.webui.keyword.builtin.VerifyTextPresentKeyword.verifyTextPresent(VerifyTextPresentKeyword.groovy:83)
	at com.kms.katalon.core.webui.keyword.builtin.VerifyTextPresentKeyword.execute(VerifyTextPresentKeyword.groovy:68)
	at com.kms.katalon.core.keyword.internal.KeywordExecutor.executeKeywordForPlatform(KeywordExecutor.groovy:74)
	at com.kms.katalon.core.webui.keyword.WebUiBuiltInKeywords.verifyTextPresent(WebUiBuiltInKeywords.groovy:1723)
	at com.kms.katalon.core.webui.keyword.WebUiBuiltInKeywords$verifyTextPresent$4.call(Unknown Source)
	at Auth-Cap-Credit.run(Auth-Cap-Credit:167)
	at com.kms.katalon.core.main.ScriptEngine.run(ScriptEngine.java:194)
	at com.kms.katalon.core.main.ScriptEngine.runScriptAsRawText(ScriptEngine.java:119)
	at com.kms.katalon.core.main.TestCaseExecutor.runScript(TestCaseExecutor.java:442)
	at com.kms.katalon.core.main.TestCaseExecutor.doExecute(TestCaseExecutor.java:433)
	at com.kms.katalon.core.main.TestCaseExecutor.processExecutionPhase(TestCaseExecutor.java:412)
	at com.kms.katalon.core.main.TestCaseExecutor.accessMainPhase(TestCaseExecutor.java:404)
	at com.kms.katalon.core.main.TestCaseExecutor.execute(TestCaseExecutor.java:281)
	at com.kms.katalon.core.main.TestSuiteExecutor.accessTestCaseMainPhase(TestSuiteExecutor.java:202)
	at com.kms.katalon.core.main.TestSuiteExecutor.accessTestSuiteMainPhase(TestSuiteExecutor.java:164)
	at com.kms.katalon.core.main.TestSuiteExecutor.execute(TestSuiteExecutor.java:105)
	at com.kms.katalon.core.main.TestCaseMain.startTestSuite(TestCaseMain.java:185)
	at com.kms.katalon.core.main.TestCaseMain$startTestSuite$0.call(Unknown Source)
	at TempTestSuite1677626298320.run(TempTestSuite1677626298320.groovy:36)
Caused by: com.kms.katalon.core.exception.StepFailedException: Text 'Transaction approved, no errors' is not present on page  using regular expression
	... 23 more
"/>
         <system-out><![CDATA[2023-02-28 18:34:23 - [TEST_CASE][FAILED] - Test Cases/RecAndPlayBk/VLink/Auth-Cap-Credit: Test Cases/RecAndPlayBk/VLink/Auth-Cap-Credit FAILED.
Reason:
com.kms.katalon.core.exception.StepFailedException: Text 'Transaction approved, no errors' is not present on page  using regular expression (Root cause: com.kms.katalon.core.exception.StepFailedException: Text 'Transaction approved, no errors' is not present on page  using regular expression
	at com.kms.katalon.core.webui.keyword.internal.WebUIKeywordMain.stepFailed(WebUIKeywordMain.groovy:64)
	at com.kms.katalon.core.webui.keyword.builtin.VerifyTextPresentKeyword$_verifyTextPresent_closure1.doCall(VerifyTextPresentKeyword.groovy:79)
	at com.kms.katalon.core.webui.keyword.builtin.VerifyTextPresentKeyword$_verifyTextPresent_closure1.call(VerifyTextPresentKeyword.groovy)
	at com.kms.katalon.core.webui.keyword.internal.WebUIKeywordMain.runKeyword(WebUIKeywordMain.groovy:20)
	at com.kms.katalon.core.webui.keyword.builtin.VerifyTextPresentKeyword.verifyTextPresent(VerifyTextPresentKeyword.groovy:83)
	at com.kms.katalon.core.webui.keyword.builtin.VerifyTextPresentKeyword.execute(VerifyTextPresentKeyword.groovy:68)
	at com.kms.katalon.core.keyword.internal.KeywordExecutor.executeKeywordForPlatform(KeywordExecutor.groovy:74)
	at com.kms.katalon.core.webui.keyword.WebUiBuiltInKeywords.verifyTextPresent(WebUiBuiltInKeywords.groovy:1723)
	at com.kms.katalon.core.webui.keyword.WebUiBuiltInKeywords$verifyTextPresent$4.call(Unknown Source)
	at Auth-Cap-Credit.run(Auth-Cap-Credit:167)
	at com.kms.katalon.core.main.ScriptEngine.run(ScriptEngine.java:194)
	at com.kms.katalon.core.main.ScriptEngine.runScriptAsRawText(ScriptEngine.java:119)
	at com.kms.katalon.core.main.TestCaseExecutor.runScript(TestCaseExecutor.java:442)
	at com.kms.katalon.core.main.TestCaseExecutor.doExecute(TestCaseExecutor.java:433)
	at com.kms.katalon.core.main.TestCaseExecutor.processExecutionPhase(TestCaseExecutor.java:412)
	at com.kms.katalon.core.main.TestCaseExecutor.accessMainPhase(TestCaseExecutor.java:404)
	at com.kms.katalon.core.main.TestCaseExecutor.execute(TestCaseExecutor.java:281)
	at com.kms.katalon.core.main.TestSuiteExecutor.accessTestCaseMainPhase(TestSuiteExecutor.java:202)
	at com.kms.katalon.core.main.TestSuiteExecutor.accessTestSuiteMainPhase(TestSuiteExecutor.java:164)
	at com.kms.katalon.core.main.TestSuiteExecutor.execute(TestSuiteExecutor.java:105)
	at com.kms.katalon.core.main.TestCaseMain.startTestSuite(TestCaseMain.java:185)
	at com.kms.katalon.core.main.TestCaseMain$startTestSuite$0.call(Unknown Source)
	at TempTestSuite1677626298320.run(TempTestSuite1677626298320.groovy:36)
)
	at com.kms.katalon.core.keyword.internal.KeywordMain.stepFailed(KeywordMain.groovy:39)
	at com.kms.katalon.core.webui.keyword.internal.WebUIKeywordMain.stepFailed(WebUIKeywordMain.groovy:64)
	at com.kms.katalon.core.webui.keyword.builtin.VerifyTextPresentKeyword$_verifyTextPresent_closure1.doCall(VerifyTextPresentKeyword.groovy:79)
	at com.kms.katalon.core.webui.keyword.builtin.VerifyTextPresentKeyword$_verifyTextPresent_closure1.call(VerifyTextPresentKeyword.groovy)
	at com.kms.katalon.core.webui.keyword.internal.WebUIKeywordMain.runKeyword(WebUIKeywordMain.groovy:20)
	at com.kms.katalon.core.webui.keyword.builtin.VerifyTextPresentKeyword.verifyTextPresent(VerifyTextPresentKeyword.groovy:83)
	at com.kms.katalon.core.webui.keyword.builtin.VerifyTextPresentKeyword.execute(VerifyTextPresentKeyword.groovy:68)
	at com.kms.katalon.core.keyword.internal.KeywordExecutor.executeKeywordForPlatform(KeywordExecutor.groovy:74)
	at com.kms.katalon.core.webui.keyword.WebUiBuiltInKeywords.verifyTextPresent(WebUiBuiltInKeywords.groovy:1723)
	at com.kms.katalon.core.webui.keyword.WebUiBuiltInKeywords$verifyTextPresent$4.call(Unknown Source)
	at Auth-Cap-Credit.run(Auth-Cap-Credit:167)
	at com.kms.katalon.core.main.ScriptEngine.run(ScriptEngine.java:194)
	at com.kms.katalon.core.main.ScriptEngine.runScriptAsRawText(ScriptEngine.java:119)
	at com.kms.katalon.core.main.TestCaseExecutor.runScript(TestCaseExecutor.java:442)
	at com.kms.katalon.core.main.TestCaseExecutor.doExecute(TestCaseExecutor.java:433)
	at com.kms.katalon.core.main.TestCaseExecutor.processExecutionPhase(TestCaseExecutor.java:412)
	at com.kms.katalon.core.main.TestCaseExecutor.accessMainPhase(TestCaseExecutor.java:404)
	at com.kms.katalon.core.main.TestCaseExecutor.execute(TestCaseExecutor.java:281)
	at com.kms.katalon.core.main.TestSuiteExecutor.accessTestCaseMainPhase(TestSuiteExecutor.java:202)
	at com.kms.katalon.core.main.TestSuiteExecutor.accessTestSuiteMainPhase(TestSuiteExecutor.java:164)
	at com.kms.katalon.core.main.TestSuiteExecutor.execute(TestSuiteExecutor.java:105)
	at com.kms.katalon.core.main.TestCaseMain.startTestSuite(TestCaseMain.java:185)
	at com.kms.katalon.core.main.TestCaseMain$startTestSuite$0.call(Unknown Source)
	at TempTestSuite1677626298320.run(TempTestSuite1677626298320.groovy:36)
Caused by: com.kms.katalon.core.exception.StepFailedException: Text 'Transaction approved, no errors' is not present on page  using regular expression
	... 23 more


2023-02-28 18:34:24 - [TEST_STEP][PASSED] - executionProfile = getExecutionProfile(): null

2023-02-28 18:34:24 - [TEST_STEP][PASSED] - out.println("executionProfile : " + executionProfile): null

2023-02-28 18:34:24 - [TEST_STEP][PASSED] - appName = <not implemented yet for class: org.codehaus.groovy.ast.expr.EmptyExpression>: null

2023-02-28 18:34:24 - [TEST_STEP][PASSED] - appID = <not implemented yet for class: org.codehaus.groovy.ast.expr.EmptyExpression>: null

2023-02-28 18:34:24 - [TEST_STEP][PASSED] - username = <not implemented yet for class: org.codehaus.groovy.ast.expr.EmptyExpression>: null

2023-02-28 18:34:24 - [TEST_STEP][PASSED] - password = <not implemented yet for class: org.codehaus.groovy.ast.expr.EmptyExpression>: null

2023-02-28 18:34:24 - [TEST_STEP][PASSED] - cardNameV = <not implemented yet for class: org.codehaus.groovy.ast.expr.EmptyExpression>: null

2023-02-28 18:34:24 - [TEST_STEP][PASSED] - al1V = <not implemented yet for class: org.codehaus.groovy.ast.expr.EmptyExpression>: null

2023-02-28 18:34:24 - [TEST_STEP][PASSED] - al2V = <not implemented yet for class: org.codehaus.groovy.ast.expr.EmptyExpression>: null

2023-02-28 18:34:24 - [TEST_STEP][PASSED] - zipV = <not implemented yet for class: org.codehaus.groovy.ast.expr.EmptyExpression>: null

2023-02-28 18:34:24 - [TEST_STEP][PASSED] - cardTypeV = <not implemented yet for class: org.codehaus.groovy.ast.expr.EmptyExpression>: null

2023-02-28 18:34:24 - [TEST_STEP][PASSED] - last4V = <not implemented yet for class: org.codehaus.groovy.ast.expr.EmptyExpression>: null

2023-02-28 18:34:24 - [TEST_STEP][PASSED] - resText = "Fail": null

2023-02-28 18:34:24 - [TEST_STEP][PASSED] - resColumn = "Result": null

2023-02-28 18:34:24 - [TEST_STEP][PASSED] - datCloumn = "Date": null

2023-02-28 18:34:24 - [TEST_STEP][PASSED] - fileLoc = "KatalonData/VLinkSmokeData.xlsx": null

2023-02-28 18:34:24 - [TEST_STEP][PASSED] - numOfRows = <not implemented yet for class: org.codehaus.groovy.ast.expr.EmptyExpression>: null

2023-02-28 18:34:24 - [TEST_STEP][PASSED] - dataFile = <not implemented yet for class: org.codehaus.groovy.ast.expr.EmptyExpression>: null

2023-02-28 18:34:24 - [TEST_STEP][PASSED] - nameSheet = <not implemented yet for class: org.codehaus.groovy.ast.expr.EmptyExpression>: null

2023-02-28 18:34:24 - [TEST_STEP][PASSED] - nameSheet = "Auth-Cap-Credit": null

2023-02-28 18:34:24 - [TEST_STEP][PASSED] - numOfRows = findTestData("QA/VLinkTestData/VLinkAuthCapCreditData").getRowNumbers(): null

2023-02-28 18:34:24 - [TEST_STEP][PASSED] - println("Number of Records: " + numOfRows): null

2023-02-28 18:34:24 - [TEST_STEP][PASSED] - dataFile = "QA/VLinkTestData/VLinkAuthCapCreditData": null

2023-02-28 18:34:24 - [TEST_STEP][FAILED] - for ([row = 1, row <= numOfRows, (row++)]): null

2023-02-28 18:34:24 - [TEST_STEP][PASSED] - ExecuteTC = findTestData(dataFile).getValue("Execute", row): null

2023-02-28 18:34:24 - [TEST_STEP][PASSED] - out.println("Value of Execute is : " + ExecuteTC): null

2023-02-28 18:34:24 - [TEST_STEP][PASSED] - switch (executionProfile): null

2023-02-28 18:34:24 - [TEST_STEP][PASSED] - case "Demo2Profile":: null

2023-02-28 18:34:24 - [TEST_STEP][PASSED] - appID = findTestData(dataFile).getValue("AppIDDemo", row): null

2023-02-28 18:34:24 - [TEST_STEP][PASSED] - username = findTestData(dataFile).getValue("UsernameDemo", row): null

2023-02-28 18:34:24 - [TEST_STEP][PASSED] - password = findTestData(dataFile).getValue("PasswordDemo", row): null

2023-02-28 18:34:24 - [TEST_STEP][PASSED] - break: null

2023-02-28 18:34:24 - [TEST_STEP][PASSED] - if (ExecuteTC.equalsIgnoreCase("Y")): null

2023-02-28 18:34:24 - [TEST_STEP][PASSED] - out.println("Begin Record Number: " + row): null

2023-02-28 18:34:24 - [TEST_STEP][PASSED] - today = new java.util.Date(): null

2023-02-28 18:34:24 - [TEST_STEP][PASSED] - println(today): null

2023-02-28 18:34:24 - [TEST_STEP][PASSED] - datText = today: null

2023-02-28 18:34:24 - [TEST_STEP][PASSED] - category = findTestData(dataFile).getValue("Category", row): null

2023-02-28 18:34:24 - [TEST_STEP][PASSED] - amount = findTestData(dataFile).getValue("Amount", row): null

2023-02-28 18:34:25 - [TEST_STEP][PASSED] - cardNumber = findTestData(dataFile).getValue("CardNumber", row): null

2023-02-28 18:34:25 - [TEST_STEP][PASSED] - exM = findTestData(dataFile).getValue("ExM", row): null

2023-02-28 18:34:25 - [TEST_STEP][PASSED] - exY = findTestData(dataFile).getValue("ExY", row): null

2023-02-28 18:34:25 - [TEST_STEP][PASSED] - openBrowser(VLinkURL + "auth.html"): Browser is opened with url: 'https://dev-algorithm.govolution.com/vlinktest/demo2/version_2_0/auth.html'

2023-02-28 18:34:25 - [MESSAGE][WARNING] - A browser is already opened. Closing browser and opening a new one

2023-02-28 18:34:26 - [MESSAGE][INFO] - Starting 'Chrome' driver

2023-02-28 18:34:26 - [MESSAGE][INFO] - User set preference: ['acceptInsecureCerts', 'true']

2023-02-28 18:34:26 - [MESSAGE][INFO] - Action delay is set to 0 milliseconds

2023-02-28 18:34:27 - [MESSAGE][PASSED] - Browser is opened with url: 'https://dev-algorithm.govolution.com/vlinktest/demo2/version_2_0/auth.html'

2023-02-28 18:34:27 - [TEST_STEP][PASSED] - maximizeWindow(): Current window maximized

2023-02-28 18:34:28 - [MESSAGE][PASSED] - Current window maximized

2023-02-28 18:34:28 - [TEST_STEP][PASSED] - genRemID = RandomStringUtils.random(12, true, true): null

2023-02-28 18:34:28 - [TEST_STEP][PASSED] - setText(findTestObject("Object Repository/RecAndPlayBk/Page-Vlink-AuthOnly/input_Remittance Id_remittance_id"), genRemID): Text 'oK1zdEwWEcUy' is set on object 'Object Repository/RecAndPlayBk/Page-Vlink-AuthOnly/input_Remittance Id_remittance_id'

2023-02-28 18:34:28 - [MESSAGE][PASSED] - Text 'oK1zdEwWEcUy' is set on object 'Object Repository/RecAndPlayBk/Page-Vlink-AuthOnly/input_Remittance Id_remittance_id'

2023-02-28 18:34:28 - [TEST_STEP][PASSED] - setText(findTestObject("Object Repository/RecAndPlayBk/Page-Vlink-AuthOnly/input_Application Id_application_id"), appID): Text '1773' is set on object 'Object Repository/RecAndPlayBk/Page-Vlink-AuthOnly/input_Application Id_application_id'

2023-02-28 18:34:29 - [MESSAGE][PASSED] - Text '1773' is set on object 'Object Repository/RecAndPlayBk/Page-Vlink-AuthOnly/input_Application Id_application_id'

2023-02-28 18:34:29 - [TEST_STEP][PASSED] - setText(findTestObject("Object Repository/RecAndPlayBk/Page-Vlink-AuthOnly/input_Username_username"), username): Text 'Qq2BV1qtr' is set on object 'Object Repository/RecAndPlayBk/Page-Vlink-AuthOnly/input_Username_username'

2023-02-28 18:34:30 - [MESSAGE][PASSED] - Text 'Qq2BV1qtr' is set on object 'Object Repository/RecAndPlayBk/Page-Vlink-AuthOnly/input_Username_username'

2023-02-28 18:34:30 - [TEST_STEP][PASSED] - setText(findTestObject("Object Repository/RecAndPlayBk/Page-Vlink-AuthOnly/input_Password_password"), password): Text 'tUmWBiLUx' is set on object 'Object Repository/RecAndPlayBk/Page-Vlink-AuthOnly/input_Password_password'

2023-02-28 18:34:30 - [MESSAGE][PASSED] - Text 'tUmWBiLUx' is set on object 'Object Repository/RecAndPlayBk/Page-Vlink-AuthOnly/input_Password_password'

2023-02-28 18:34:30 - [TEST_STEP][PASSED] - setText(findTestObject("Object Repository/RecAndPlayBk/Page-Vlink-AuthOnly/input_Category_category"), category): Text 'ECOM' is set on object 'Object Repository/RecAndPlayBk/Page-Vlink-AuthOnly/input_Category_category'

2023-02-28 18:34:31 - [MESSAGE][PASSED] - Text 'ECOM' is set on object 'Object Repository/RecAndPlayBk/Page-Vlink-AuthOnly/input_Category_category'

2023-02-28 18:34:31 - [TEST_STEP][PASSED] - setText(findTestObject("Object Repository/RecAndPlayBk/Page-Vlink-AuthOnly/input_Amount_amount"), amount): Text '10.5' is set on object 'Object Repository/RecAndPlayBk/Page-Vlink-AuthOnly/input_Amount_amount'

2023-02-28 18:34:32 - [MESSAGE][PASSED] - Text '10.5' is set on object 'Object Repository/RecAndPlayBk/Page-Vlink-AuthOnly/input_Amount_amount'

2023-02-28 18:34:32 - [TEST_STEP][PASSED] - doubleClick(findTestObject("Object Repository/RecAndPlayBk/Page-Vlink-AuthOnly/input_Card number_card_number")): Object: 'Object Repository/RecAndPlayBk/Page-Vlink-AuthOnly/input_Card number_card_number' is double clicked on

2023-02-28 18:34:32 - [MESSAGE][PASSED] - Object: 'Object Repository/RecAndPlayBk/Page-Vlink-AuthOnly/input_Card number_card_number' is double clicked on

2023-02-28 18:34:32 - [TEST_STEP][PASSED] - setText(findTestObject("Object Repository/RecAndPlayBk/Page-Vlink-AuthOnly/input_Card number_card_number"), cardNumber): Text '4111111111111111' is set on object 'Object Repository/RecAndPlayBk/Page-Vlink-AuthOnly/input_Card number_card_number'

2023-02-28 18:34:33 - [MESSAGE][PASSED] - Text '4111111111111111' is set on object 'Object Repository/RecAndPlayBk/Page-Vlink-AuthOnly/input_Card number_card_number'

2023-02-28 18:34:33 - [TEST_STEP][PASSED] - setText(findTestObject("Object Repository/RecAndPlayBk/Page-Vlink-AuthOnly/input_Card ex month_card_exmo"), exM): Text '12' is set on object 'Object Repository/RecAndPlayBk/Page-Vlink-AuthOnly/input_Card ex month_card_exmo'

2023-02-28 18:34:33 - [MESSAGE][PASSED] - Text '12' is set on object 'Object Repository/RecAndPlayBk/Page-Vlink-AuthOnly/input_Card ex month_card_exmo'

2023-02-28 18:34:33 - [TEST_STEP][PASSED] - setText(findTestObject("Object Repository/RecAndPlayBk/Page-Vlink-AuthOnly/input_Card ex year_card_exyr"), exY): Text '2029' is set on object 'Object Repository/RecAndPlayBk/Page-Vlink-AuthOnly/input_Card ex year_card_exyr'

2023-02-28 18:34:34 - [MESSAGE][PASSED] - Text '2029' is set on object 'Object Repository/RecAndPlayBk/Page-Vlink-AuthOnly/input_Card ex year_card_exyr'

2023-02-28 18:34:34 - [TEST_STEP][PASSED] - click(findTestObject("Object Repository/RecAndPlayBk/Page-Vlink-AuthOnly/input_Track Data_track_data")): Object: 'Object Repository/RecAndPlayBk/Page-Vlink-AuthOnly/input_Track Data_track_data' is clicked on

2023-02-28 18:34:34 - [MESSAGE][PASSED] - Object: 'Object Repository/RecAndPlayBk/Page-Vlink-AuthOnly/input_Track Data_track_data' is clicked on

2023-02-28 18:34:34 - [TEST_STEP][PASSED] - click(findTestObject("Object Repository/RecAndPlayBk/Page-Vlink-AuthOnly/input_CVV state_cvv_state")): Object: 'Object Repository/RecAndPlayBk/Page-Vlink-AuthOnly/input_CVV state_cvv_state' is clicked on

2023-02-28 18:34:35 - [MESSAGE][PASSED] - Object: 'Object Repository/RecAndPlayBk/Page-Vlink-AuthOnly/input_CVV state_cvv_state' is clicked on

2023-02-28 18:34:35 - [TEST_STEP][PASSED] - setText(findTestObject("Object Repository/RecAndPlayBk/Page-Vlink-AuthOnly/input_Track Data_track_data"), ""): Text '' is set on object 'Object Repository/RecAndPlayBk/Page-Vlink-AuthOnly/input_Track Data_track_data'

2023-02-28 18:34:35 - [MESSAGE][PASSED] - Text '' is set on object 'Object Repository/RecAndPlayBk/Page-Vlink-AuthOnly/input_Track Data_track_data'

2023-02-28 18:34:35 - [TEST_STEP][PASSED] - setText(findTestObject("Object Repository/RecAndPlayBk/Page-Vlink-AuthOnly/input_concat(Cardholder, , s email)_email"), ""): Text '' is set on object 'Object Repository/RecAndPlayBk/Page-Vlink-AuthOnly/input_concat(Cardholder, , s email)_email'

2023-02-28 18:34:36 - [MESSAGE][PASSED] - Text '' is set on object 'Object Repository/RecAndPlayBk/Page-Vlink-AuthOnly/input_concat(Cardholder, , s email)_email'

2023-02-28 18:34:36 - [TEST_STEP][PASSED] - click(findTestObject("Object Repository/RecAndPlayBk/Page-Vlink-AuthOnly/input_user_defined10_user_defined10")): Object: 'Object Repository/RecAndPlayBk/Page-Vlink-AuthOnly/input_user_defined10_user_defined10' is clicked on

2023-02-28 18:34:36 - [MESSAGE][PASSED] - Object: 'Object Repository/RecAndPlayBk/Page-Vlink-AuthOnly/input_user_defined10_user_defined10' is clicked on

2023-02-28 18:34:36 - [TEST_STEP][PASSED] - if (executionProfile.equalsIgnoreCase("QAProfile")): null

2023-02-28 18:34:36 - [TEST_STEP][PASSED] - click(findTestObject("Object Repository/RecAndPlayBk/Page-Vlink-AuthOnly/input")): Object: 'Object Repository/RecAndPlayBk/Page-Vlink-AuthOnly/input' is clicked on

2023-02-28 18:34:38 - [MESSAGE][PASSED] - Object: 'Object Repository/RecAndPlayBk/Page-Vlink-AuthOnly/input' is clicked on

2023-02-28 18:34:38 - [TEST_STEP][PASSED] - if (verifyTextPresent("Transaction approved, no errors", true)): null

2023-02-28 18:34:39 - [MESSAGE][PASSED] - Text 'Transaction approved, no errors' is present on page  using regular expression

2023-02-28 18:34:39 - [TEST_STEP][PASSED] - out.println("Auth was successful, Capture now"): null

2023-02-28 18:34:39 - [TEST_STEP][PASSED] - sdfo = getText(findTestObject("Object Repository/Page_VLinkReceipt/pre_STX")): Text of object 'Object Repository/Page_VLinkReceipt/pre_STX' is: '<STX>oK1zdEwWEcUy                  2920794             0  Transaction approved, no errors                   0                                                                                  Y 578847210<ETX>'

2023-02-28 18:34:39 - [MESSAGE][PASSED] - Text of object 'Object Repository/Page_VLinkReceipt/pre_STX' is: '<STX>oK1zdEwWEcUy                  2920794             0  Transaction approved, no errors                   0                                                                                  Y 578847210<ETX>'

2023-02-28 18:34:39 - [TEST_STEP][PASSED] - out.println("sdfo: " + sdfo): null

2023-02-28 18:34:39 - [TEST_STEP][PASSED] - remID = substring(5, 35).trim(): null

2023-02-28 18:34:39 - [TEST_STEP][PASSED] - out.println("remID: " + remID): null

2023-02-28 18:34:39 - [TEST_STEP][PASSED] - traxID = substring(35, 55).trim(): null

2023-02-28 18:34:39 - [TEST_STEP][PASSED] - out.println("traxID: " + traxID): null

2023-02-28 18:34:39 - [TEST_STEP][PASSED] - VLinkSaleRemID = remID: null

2023-02-28 18:34:39 - [TEST_STEP][PASSED] - VLinkSaleTranxID = traxID: null

2023-02-28 18:34:39 - [TEST_STEP][PASSED] - openBrowser(VLinkURL + "capture.html"): Browser is opened with url: 'https://dev-algorithm.govolution.com/vlinktest/demo2/version_2_0/capture.html'

2023-02-28 18:34:39 - [MESSAGE][WARNING] - A browser is already opened. Closing browser and opening a new one

2023-02-28 18:34:40 - [MESSAGE][INFO] - Starting 'Chrome' driver

2023-02-28 18:34:40 - [MESSAGE][INFO] - User set preference: ['acceptInsecureCerts', 'true']

2023-02-28 18:34:40 - [MESSAGE][INFO] - Action delay is set to 0 milliseconds

2023-02-28 18:34:42 - [MESSAGE][PASSED] - Browser is opened with url: 'https://dev-algorithm.govolution.com/vlinktest/demo2/version_2_0/capture.html'

2023-02-28 18:34:42 - [TEST_STEP][PASSED] - maximizeWindow(): Current window maximized

2023-02-28 18:34:42 - [MESSAGE][PASSED] - Current window maximized

2023-02-28 18:34:42 - [TEST_STEP][PASSED] - setText(findTestObject("Object Repository/RecAndPlayBk/Page-VLink-Capture/input_Remittance Id_remittance_id"), VLinkSaleRemID): Text 'oK1zdEwWEcUy' is set on object 'Object Repository/RecAndPlayBk/Page-VLink-Capture/input_Remittance Id_remittance_id'

2023-02-28 18:34:42 - [MESSAGE][PASSED] - Text 'oK1zdEwWEcUy' is set on object 'Object Repository/RecAndPlayBk/Page-VLink-Capture/input_Remittance Id_remittance_id'

2023-02-28 18:34:42 - [TEST_STEP][PASSED] - setText(findTestObject("Object Repository/RecAndPlayBk/Page-VLink-Capture/input_Application Id_application_id"), appID): Text '1773' is set on object 'Object Repository/RecAndPlayBk/Page-VLink-Capture/input_Application Id_application_id'

2023-02-28 18:34:43 - [MESSAGE][PASSED] - Text '1773' is set on object 'Object Repository/RecAndPlayBk/Page-VLink-Capture/input_Application Id_application_id'

2023-02-28 18:34:43 - [TEST_STEP][PASSED] - setText(findTestObject("Object Repository/RecAndPlayBk/Page-VLink-Capture/input_Username_username"), username): Text 'Qq2BV1qtr' is set on object 'Object Repository/RecAndPlayBk/Page-VLink-Capture/input_Username_username'

2023-02-28 18:34:44 - [MESSAGE][PASSED] - Text 'Qq2BV1qtr' is set on object 'Object Repository/RecAndPlayBk/Page-VLink-Capture/input_Username_username'

2023-02-28 18:34:44 - [TEST_STEP][PASSED] - setText(findTestObject("Object Repository/RecAndPlayBk/Page-VLink-Capture/input_Password_password"), password): Text 'tUmWBiLUx' is set on object 'Object Repository/RecAndPlayBk/Page-VLink-Capture/input_Password_password'

2023-02-28 18:34:44 - [MESSAGE][PASSED] - Text 'tUmWBiLUx' is set on object 'Object Repository/RecAndPlayBk/Page-VLink-Capture/input_Password_password'

2023-02-28 18:34:44 - [TEST_STEP][PASSED] - setText(findTestObject("Object Repository/RecAndPlayBk/Page-VLink-Capture/input_Transaction ID_transaction_id"), VLinkSaleTranxID): Text '2920794' is set on object 'Object Repository/RecAndPlayBk/Page-VLink-Capture/input_Transaction ID_transaction_id'

2023-02-28 18:34:45 - [MESSAGE][PASSED] - Text '2920794' is set on object 'Object Repository/RecAndPlayBk/Page-VLink-Capture/input_Transaction ID_transaction_id'

2023-02-28 18:34:45 - [TEST_STEP][PASSED] - setText(findTestObject("Object Repository/RecAndPlayBk/Page-VLink-Capture/input_Amount_amount"), amount): Text '10.5' is set on object 'Object Repository/RecAndPlayBk/Page-VLink-Capture/input_Amount_amount'

2023-02-28 18:34:46 - [MESSAGE][PASSED] - Text '10.5' is set on object 'Object Repository/RecAndPlayBk/Page-VLink-Capture/input_Amount_amount'

2023-02-28 18:34:46 - [TEST_STEP][PASSED] - click(findTestObject("Object Repository/RecAndPlayBk/Page-VLink-Capture/input")): Object: 'Object Repository/RecAndPlayBk/Page-VLink-Capture/input' is clicked on

2023-02-28 18:34:48 - [MESSAGE][PASSED] - Object: 'Object Repository/RecAndPlayBk/Page-VLink-Capture/input' is clicked on

2023-02-28 18:34:48 - [TEST_STEP][PASSED] - if (verifyTextPresent("Transaction approved, no errors", true)): null

2023-02-28 18:34:48 - [MESSAGE][PASSED] - Text 'Transaction approved, no errors' is present on page  using regular expression

2023-02-28 18:34:48 - [TEST_STEP][PASSED] - sdfo = getText(findTestObject("Object Repository/Page_VLinkReceipt/pre_STX")): Text of object 'Object Repository/Page_VLinkReceipt/pre_STX' is: '<STX>oK1zdEwWEcUy                  2920795             0  Transaction approved, no errors                   0                                                                                  Y 578847210<ETX>'

2023-02-28 18:34:49 - [MESSAGE][PASSED] - Text of object 'Object Repository/Page_VLinkReceipt/pre_STX' is: '<STX>oK1zdEwWEcUy                  2920795             0  Transaction approved, no errors                   0                                                                                  Y 578847210<ETX>'

2023-02-28 18:34:49 - [TEST_STEP][PASSED] - out.println("sdfo: " + sdfo): null

2023-02-28 18:34:49 - [TEST_STEP][PASSED] - remID = substring(5, 35).trim(): null

2023-02-28 18:34:49 - [TEST_STEP][PASSED] - out.println("remID: " + remID): null

2023-02-28 18:34:49 - [TEST_STEP][PASSED] - traxID = substring(35, 55).trim(): null

2023-02-28 18:34:49 - [TEST_STEP][PASSED] - out.println("traxID: " + traxID): null

2023-02-28 18:34:49 - [TEST_STEP][PASSED] - VLinkSaleRemID = remID: null

2023-02-28 18:34:49 - [TEST_STEP][PASSED] - VLinkSaleTranxID = traxID: null

2023-02-28 18:34:49 - [TEST_STEP][PASSED] - openBrowser(VLinkURL + "CC_credit.html"): Browser is opened with url: 'https://dev-algorithm.govolution.com/vlinktest/demo2/version_2_0/CC_credit.html'

2023-02-28 18:34:49 - [MESSAGE][WARNING] - A browser is already opened. Closing browser and opening a new one

2023-02-28 18:34:50 - [MESSAGE][INFO] - Starting 'Chrome' driver

2023-02-28 18:34:50 - [MESSAGE][INFO] - User set preference: ['acceptInsecureCerts', 'true']

2023-02-28 18:34:50 - [MESSAGE][INFO] - Action delay is set to 0 milliseconds

2023-02-28 18:34:51 - [MESSAGE][PASSED] - Browser is opened with url: 'https://dev-algorithm.govolution.com/vlinktest/demo2/version_2_0/CC_credit.html'

2023-02-28 18:34:51 - [TEST_STEP][PASSED] - maximizeWindow(): Current window maximized

2023-02-28 18:34:52 - [MESSAGE][PASSED] - Current window maximized

2023-02-28 18:34:52 - [TEST_STEP][PASSED] - setText(findTestObject("Object Repository/RecAndPlayBk/Page-Vlink-CC-Credit/input_Remittance Id"), VLinkSaleRemID): Text 'oK1zdEwWEcUy' is set on object 'Object Repository/RecAndPlayBk/Page-Vlink-CC-Credit/input_Remittance Id'

2023-02-28 18:34:52 - [MESSAGE][PASSED] - Text 'oK1zdEwWEcUy' is set on object 'Object Repository/RecAndPlayBk/Page-Vlink-CC-Credit/input_Remittance Id'

2023-02-28 18:34:52 - [TEST_STEP][PASSED] - setText(findTestObject("Object Repository/RecAndPlayBk/Page-Vlink-CC-Credit/input_Application Id"), appID): Text '1773' is set on object 'Object Repository/RecAndPlayBk/Page-Vlink-CC-Credit/input_Application Id'

2023-02-28 18:34:53 - [MESSAGE][PASSED] - Text '1773' is set on object 'Object Repository/RecAndPlayBk/Page-Vlink-CC-Credit/input_Application Id'

2023-02-28 18:34:53 - [TEST_STEP][PASSED] - setText(findTestObject("Object Repository/RecAndPlayBk/Page-Vlink-CC-Credit/input_Username"), username): Text 'Qq2BV1qtr' is set on object 'Object Repository/RecAndPlayBk/Page-Vlink-CC-Credit/input_Username'

2023-02-28 18:34:54 - [MESSAGE][PASSED] - Text 'Qq2BV1qtr' is set on object 'Object Repository/RecAndPlayBk/Page-Vlink-CC-Credit/input_Username'

2023-02-28 18:34:54 - [TEST_STEP][PASSED] - setText(findTestObject("Object Repository/RecAndPlayBk/Page-Vlink-CC-Credit/input_Password"), password): Text 'tUmWBiLUx' is set on object 'Object Repository/RecAndPlayBk/Page-Vlink-CC-Credit/input_Password'

2023-02-28 18:34:54 - [MESSAGE][PASSED] - Text 'tUmWBiLUx' is set on object 'Object Repository/RecAndPlayBk/Page-Vlink-CC-Credit/input_Password'

2023-02-28 18:34:54 - [TEST_STEP][PASSED] - setText(findTestObject("Object Repository/RecAndPlayBk/Page-Vlink-CC-Credit/input_Transaction ID"), VLinkSaleTranxID): Text '2920795' is set on object 'Object Repository/RecAndPlayBk/Page-Vlink-CC-Credit/input_Transaction ID'

2023-02-28 18:34:55 - [MESSAGE][PASSED] - Text '2920795' is set on object 'Object Repository/RecAndPlayBk/Page-Vlink-CC-Credit/input_Transaction ID'

2023-02-28 18:34:55 - [TEST_STEP][PASSED] - setText(findTestObject("Object Repository/RecAndPlayBk/Page-Vlink-CC-Credit/input_Amount"), amount): Text '10.5' is set on object 'Object Repository/RecAndPlayBk/Page-Vlink-CC-Credit/input_Amount'

2023-02-28 18:34:56 - [MESSAGE][PASSED] - Text '10.5' is set on object 'Object Repository/RecAndPlayBk/Page-Vlink-CC-Credit/input_Amount'

2023-02-28 18:34:56 - [TEST_STEP][PASSED] - setText(findTestObject("Object Repository/RecAndPlayBk/Page-Vlink-CC-Credit/input_Card number"), ""): Text '' is set on object 'Object Repository/RecAndPlayBk/Page-Vlink-CC-Credit/input_Card number'

2023-02-28 18:34:56 - [MESSAGE][PASSED] - Text '' is set on object 'Object Repository/RecAndPlayBk/Page-Vlink-CC-Credit/input_Card number'

2023-02-28 18:34:56 - [TEST_STEP][PASSED] - setText(findTestObject("Object Repository/RecAndPlayBk/Page-Vlink-CC-Credit/input_Card ex month"), ""): Text '' is set on object 'Object Repository/RecAndPlayBk/Page-Vlink-CC-Credit/input_Card ex month'

2023-02-28 18:34:57 - [MESSAGE][PASSED] - Text '' is set on object 'Object Repository/RecAndPlayBk/Page-Vlink-CC-Credit/input_Card ex month'

2023-02-28 18:34:57 - [TEST_STEP][PASSED] - setText(findTestObject("Object Repository/RecAndPlayBk/Page-Vlink-CC-Credit/input_Card ex year"), ""): Text '' is set on object 'Object Repository/RecAndPlayBk/Page-Vlink-CC-Credit/input_Card ex year'

2023-02-28 18:34:57 - [MESSAGE][PASSED] - Text '' is set on object 'Object Repository/RecAndPlayBk/Page-Vlink-CC-Credit/input_Card ex year'

2023-02-28 18:34:57 - [TEST_STEP][PASSED] - setText(findTestObject("Object Repository/RecAndPlayBk/Page-Vlink-CC-Credit/input_Track Data"), ""): Text '' is set on object 'Object Repository/RecAndPlayBk/Page-Vlink-CC-Credit/input_Track Data'

2023-02-28 18:34:58 - [MESSAGE][PASSED] - Text '' is set on object 'Object Repository/RecAndPlayBk/Page-Vlink-CC-Credit/input_Track Data'

2023-02-28 18:34:58 - [TEST_STEP][PASSED] - setText(findTestObject("Object Repository/RecAndPlayBk/Page-Vlink-CC-Credit/input_Category Code"), category): Text 'ECOM' is set on object 'Object Repository/RecAndPlayBk/Page-Vlink-CC-Credit/input_Category Code'

2023-02-28 18:34:59 - [MESSAGE][PASSED] - Text 'ECOM' is set on object 'Object Repository/RecAndPlayBk/Page-Vlink-CC-Credit/input_Category Code'

2023-02-28 18:34:59 - [TEST_STEP][PASSED] - click(findTestObject("Object Repository/RecAndPlayBk/Page-Vlink-CC-Credit/input")): Object: 'Object Repository/RecAndPlayBk/Page-Vlink-CC-Credit/input' is clicked on

2023-02-28 18:35:01 - [MESSAGE][PASSED] - Object: 'Object Repository/RecAndPlayBk/Page-Vlink-CC-Credit/input' is clicked on

2023-02-28 18:35:01 - [TEST_STEP][PASSED] - if (verifyTextPresent("Transaction approved, no errors", true)): null

2023-02-28 18:35:01 - [MESSAGE][PASSED] - Text 'Transaction approved, no errors' is present on page  using regular expression

2023-02-28 18:35:01 - [TEST_STEP][PASSED] - println("Transaction Approved, no errors text is present on the Confirmation page"): null

2023-02-28 18:35:01 - [TEST_STEP][PASSED] - out.println("Pass Record Number: " + row): null

2023-02-28 18:35:01 - [TEST_STEP][PASSED] - resText = "Pass": null

2023-02-28 18:35:01 - [TEST_STEP][PASSED] - pages.WriteExcel.demoKey(resText, datText, resColumn, datCloumn, fileLoc, nameSheet, row): pages.WriteExcel.demoKey is PASSED

2023-02-28 18:35:01 - [MESSAGE][PASSED] - pages.WriteExcel.demoKey is PASSED

2023-02-28 18:35:01 - [TEST_STEP][PASSED] - ExecuteTC = findTestData(dataFile).getValue("Execute", row): null

2023-02-28 18:35:01 - [TEST_STEP][PASSED] - out.println("Value of Execute is : " + ExecuteTC): null

2023-02-28 18:35:01 - [TEST_STEP][PASSED] - switch (executionProfile): null

2023-02-28 18:35:01 - [TEST_STEP][PASSED] - case "Demo2Profile":: null

2023-02-28 18:35:01 - [TEST_STEP][PASSED] - appID = findTestData(dataFile).getValue("AppIDDemo", row): null

2023-02-28 18:35:01 - [TEST_STEP][PASSED] - username = findTestData(dataFile).getValue("UsernameDemo", row): null

2023-02-28 18:35:02 - [TEST_STEP][PASSED] - password = findTestData(dataFile).getValue("PasswordDemo", row): null

2023-02-28 18:35:02 - [TEST_STEP][PASSED] - break: null

2023-02-28 18:35:02 - [TEST_STEP][PASSED] - if (ExecuteTC.equalsIgnoreCase("Y")): null

2023-02-28 18:35:02 - [TEST_STEP][PASSED] - out.println("Begin Record Number: " + row): null

2023-02-28 18:35:02 - [TEST_STEP][PASSED] - today = new java.util.Date(): null

2023-02-28 18:35:02 - [TEST_STEP][PASSED] - println(today): null

2023-02-28 18:35:02 - [TEST_STEP][PASSED] - datText = today: null

2023-02-28 18:35:02 - [TEST_STEP][PASSED] - category = findTestData(dataFile).getValue("Category", row): null

2023-02-28 18:35:02 - [TEST_STEP][PASSED] - amount = findTestData(dataFile).getValue("Amount", row): null

2023-02-28 18:35:02 - [TEST_STEP][PASSED] - cardNumber = findTestData(dataFile).getValue("CardNumber", row): null

2023-02-28 18:35:02 - [TEST_STEP][PASSED] - exM = findTestData(dataFile).getValue("ExM", row): null

2023-02-28 18:35:02 - [TEST_STEP][PASSED] - exY = findTestData(dataFile).getValue("ExY", row): null

2023-02-28 18:35:02 - [TEST_STEP][PASSED] - openBrowser(VLinkURL + "auth.html"): Browser is opened with url: 'https://dev-algorithm.govolution.com/vlinktest/demo2/version_2_0/auth.html'

2023-02-28 18:35:02 - [MESSAGE][WARNING] - A browser is already opened. Closing browser and opening a new one

2023-02-28 18:35:03 - [MESSAGE][INFO] - Starting 'Chrome' driver

2023-02-28 18:35:03 - [MESSAGE][INFO] - User set preference: ['acceptInsecureCerts', 'true']

2023-02-28 18:35:03 - [MESSAGE][INFO] - Action delay is set to 0 milliseconds

2023-02-28 18:35:05 - [MESSAGE][PASSED] - Browser is opened with url: 'https://dev-algorithm.govolution.com/vlinktest/demo2/version_2_0/auth.html'

2023-02-28 18:35:05 - [TEST_STEP][PASSED] - maximizeWindow(): Current window maximized

2023-02-28 18:35:05 - [MESSAGE][PASSED] - Current window maximized

2023-02-28 18:35:05 - [TEST_STEP][PASSED] - genRemID = RandomStringUtils.random(12, true, true): null

2023-02-28 18:35:05 - [TEST_STEP][PASSED] - setText(findTestObject("Object Repository/RecAndPlayBk/Page-Vlink-AuthOnly/input_Remittance Id_remittance_id"), genRemID): Text 'qlbnSBAOQKx0' is set on object 'Object Repository/RecAndPlayBk/Page-Vlink-AuthOnly/input_Remittance Id_remittance_id'

2023-02-28 18:35:06 - [MESSAGE][PASSED] - Text 'qlbnSBAOQKx0' is set on object 'Object Repository/RecAndPlayBk/Page-Vlink-AuthOnly/input_Remittance Id_remittance_id'

2023-02-28 18:35:06 - [TEST_STEP][PASSED] - setText(findTestObject("Object Repository/RecAndPlayBk/Page-Vlink-AuthOnly/input_Application Id_application_id"), appID): Text '1773' is set on object 'Object Repository/RecAndPlayBk/Page-Vlink-AuthOnly/input_Application Id_application_id'

2023-02-28 18:35:06 - [MESSAGE][PASSED] - Text '1773' is set on object 'Object Repository/RecAndPlayBk/Page-Vlink-AuthOnly/input_Application Id_application_id'

2023-02-28 18:35:06 - [TEST_STEP][PASSED] - setText(findTestObject("Object Repository/RecAndPlayBk/Page-Vlink-AuthOnly/input_Username_username"), username): Text 'Qq2BV1qtr' is set on object 'Object Repository/RecAndPlayBk/Page-Vlink-AuthOnly/input_Username_username'

2023-02-28 18:35:07 - [MESSAGE][PASSED] - Text 'Qq2BV1qtr' is set on object 'Object Repository/RecAndPlayBk/Page-Vlink-AuthOnly/input_Username_username'

2023-02-28 18:35:07 - [TEST_STEP][PASSED] - setText(findTestObject("Object Repository/RecAndPlayBk/Page-Vlink-AuthOnly/input_Password_password"), password): Text 'tUmWBiLUx' is set on object 'Object Repository/RecAndPlayBk/Page-Vlink-AuthOnly/input_Password_password'

2023-02-28 18:35:08 - [MESSAGE][PASSED] - Text 'tUmWBiLUx' is set on object 'Object Repository/RecAndPlayBk/Page-Vlink-AuthOnly/input_Password_password'

2023-02-28 18:35:08 - [TEST_STEP][PASSED] - setText(findTestObject("Object Repository/RecAndPlayBk/Page-Vlink-AuthOnly/input_Category_category"), category): Text 'MOTO' is set on object 'Object Repository/RecAndPlayBk/Page-Vlink-AuthOnly/input_Category_category'

2023-02-28 18:35:08 - [MESSAGE][PASSED] - Text 'MOTO' is set on object 'Object Repository/RecAndPlayBk/Page-Vlink-AuthOnly/input_Category_category'

2023-02-28 18:35:08 - [TEST_STEP][PASSED] - setText(findTestObject("Object Repository/RecAndPlayBk/Page-Vlink-AuthOnly/input_Amount_amount"), amount): Text '10.5' is set on object 'Object Repository/RecAndPlayBk/Page-Vlink-AuthOnly/input_Amount_amount'

2023-02-28 18:35:09 - [MESSAGE][PASSED] - Text '10.5' is set on object 'Object Repository/RecAndPlayBk/Page-Vlink-AuthOnly/input_Amount_amount'

2023-02-28 18:35:09 - [TEST_STEP][PASSED] - doubleClick(findTestObject("Object Repository/RecAndPlayBk/Page-Vlink-AuthOnly/input_Card number_card_number")): Object: 'Object Repository/RecAndPlayBk/Page-Vlink-AuthOnly/input_Card number_card_number' is double clicked on

2023-02-28 18:35:09 - [MESSAGE][PASSED] - Object: 'Object Repository/RecAndPlayBk/Page-Vlink-AuthOnly/input_Card number_card_number' is double clicked on

2023-02-28 18:35:09 - [TEST_STEP][PASSED] - setText(findTestObject("Object Repository/RecAndPlayBk/Page-Vlink-AuthOnly/input_Card number_card_number"), cardNumber): Text '5424000000000015' is set on object 'Object Repository/RecAndPlayBk/Page-Vlink-AuthOnly/input_Card number_card_number'

2023-02-28 18:35:10 - [MESSAGE][PASSED] - Text '5424000000000015' is set on object 'Object Repository/RecAndPlayBk/Page-Vlink-AuthOnly/input_Card number_card_number'

2023-02-28 18:35:10 - [TEST_STEP][PASSED] - setText(findTestObject("Object Repository/RecAndPlayBk/Page-Vlink-AuthOnly/input_Card ex month_card_exmo"), exM): Text '12' is set on object 'Object Repository/RecAndPlayBk/Page-Vlink-AuthOnly/input_Card ex month_card_exmo'

2023-02-28 18:35:10 - [MESSAGE][PASSED] - Text '12' is set on object 'Object Repository/RecAndPlayBk/Page-Vlink-AuthOnly/input_Card ex month_card_exmo'

2023-02-28 18:35:10 - [TEST_STEP][PASSED] - setText(findTestObject("Object Repository/RecAndPlayBk/Page-Vlink-AuthOnly/input_Card ex year_card_exyr"), exY): Text '2029' is set on object 'Object Repository/RecAndPlayBk/Page-Vlink-AuthOnly/input_Card ex year_card_exyr'

2023-02-28 18:35:11 - [MESSAGE][PASSED] - Text '2029' is set on object 'Object Repository/RecAndPlayBk/Page-Vlink-AuthOnly/input_Card ex year_card_exyr'

2023-02-28 18:35:11 - [TEST_STEP][PASSED] - click(findTestObject("Object Repository/RecAndPlayBk/Page-Vlink-AuthOnly/input_Track Data_track_data")): Object: 'Object Repository/RecAndPlayBk/Page-Vlink-AuthOnly/input_Track Data_track_data' is clicked on

2023-02-28 18:35:11 - [MESSAGE][PASSED] - Object: 'Object Repository/RecAndPlayBk/Page-Vlink-AuthOnly/input_Track Data_track_data' is clicked on

2023-02-28 18:35:11 - [TEST_STEP][PASSED] - click(findTestObject("Object Repository/RecAndPlayBk/Page-Vlink-AuthOnly/input_CVV state_cvv_state")): Object: 'Object Repository/RecAndPlayBk/Page-Vlink-AuthOnly/input_CVV state_cvv_state' is clicked on

2023-02-28 18:35:12 - [MESSAGE][PASSED] - Object: 'Object Repository/RecAndPlayBk/Page-Vlink-AuthOnly/input_CVV state_cvv_state' is clicked on

2023-02-28 18:35:12 - [TEST_STEP][PASSED] - setText(findTestObject("Object Repository/RecAndPlayBk/Page-Vlink-AuthOnly/input_Track Data_track_data"), ""): Text '' is set on object 'Object Repository/RecAndPlayBk/Page-Vlink-AuthOnly/input_Track Data_track_data'

2023-02-28 18:35:12 - [MESSAGE][PASSED] - Text '' is set on object 'Object Repository/RecAndPlayBk/Page-Vlink-AuthOnly/input_Track Data_track_data'

2023-02-28 18:35:12 - [TEST_STEP][PASSED] - setText(findTestObject("Object Repository/RecAndPlayBk/Page-Vlink-AuthOnly/input_concat(Cardholder, , s email)_email"), ""): Text '' is set on object 'Object Repository/RecAndPlayBk/Page-Vlink-AuthOnly/input_concat(Cardholder, , s email)_email'

2023-02-28 18:35:13 - [MESSAGE][PASSED] - Text '' is set on object 'Object Repository/RecAndPlayBk/Page-Vlink-AuthOnly/input_concat(Cardholder, , s email)_email'

2023-02-28 18:35:13 - [TEST_STEP][PASSED] - click(findTestObject("Object Repository/RecAndPlayBk/Page-Vlink-AuthOnly/input_user_defined10_user_defined10")): Object: 'Object Repository/RecAndPlayBk/Page-Vlink-AuthOnly/input_user_defined10_user_defined10' is clicked on

2023-02-28 18:35:13 - [MESSAGE][PASSED] - Object: 'Object Repository/RecAndPlayBk/Page-Vlink-AuthOnly/input_user_defined10_user_defined10' is clicked on

2023-02-28 18:35:13 - [TEST_STEP][PASSED] - if (executionProfile.equalsIgnoreCase("QAProfile")): null

2023-02-28 18:35:13 - [TEST_STEP][PASSED] - click(findTestObject("Object Repository/RecAndPlayBk/Page-Vlink-AuthOnly/input")): Object: 'Object Repository/RecAndPlayBk/Page-Vlink-AuthOnly/input' is clicked on

2023-02-28 18:35:14 - [MESSAGE][PASSED] - Object: 'Object Repository/RecAndPlayBk/Page-Vlink-AuthOnly/input' is clicked on

2023-02-28 18:35:14 - [TEST_STEP][PASSED] - if (verifyTextPresent("Transaction approved, no errors", true)): null

2023-02-28 18:35:15 - [MESSAGE][PASSED] - Text 'Transaction approved, no errors' is present on page  using regular expression

2023-02-28 18:35:15 - [TEST_STEP][PASSED] - out.println("Auth was successful, Capture now"): null

2023-02-28 18:35:15 - [TEST_STEP][PASSED] - sdfo = getText(findTestObject("Object Repository/Page_VLinkReceipt/pre_STX")): Text of object 'Object Repository/Page_VLinkReceipt/pre_STX' is: '<STX>qlbnSBAOQKx0                  2920797             0  Transaction approved, no errors                   0                                                                                  Y 633287344<ETX>'

2023-02-28 18:35:15 - [MESSAGE][PASSED] - Text of object 'Object Repository/Page_VLinkReceipt/pre_STX' is: '<STX>qlbnSBAOQKx0                  2920797             0  Transaction approved, no errors                   0                                                                                  Y 633287344<ETX>'

2023-02-28 18:35:15 - [TEST_STEP][PASSED] - out.println("sdfo: " + sdfo): null

2023-02-28 18:35:15 - [TEST_STEP][PASSED] - remID = substring(5, 35).trim(): null

2023-02-28 18:35:15 - [TEST_STEP][PASSED] - out.println("remID: " + remID): null

2023-02-28 18:35:15 - [TEST_STEP][PASSED] - traxID = substring(35, 55).trim(): null

2023-02-28 18:35:15 - [TEST_STEP][PASSED] - out.println("traxID: " + traxID): null

2023-02-28 18:35:15 - [TEST_STEP][PASSED] - VLinkSaleRemID = remID: null

2023-02-28 18:35:15 - [TEST_STEP][PASSED] - VLinkSaleTranxID = traxID: null

2023-02-28 18:35:15 - [TEST_STEP][PASSED] - openBrowser(VLinkURL + "capture.html"): Browser is opened with url: 'https://dev-algorithm.govolution.com/vlinktest/demo2/version_2_0/capture.html'

2023-02-28 18:35:15 - [MESSAGE][WARNING] - A browser is already opened. Closing browser and opening a new one

2023-02-28 18:35:16 - [MESSAGE][INFO] - Starting 'Chrome' driver

2023-02-28 18:35:16 - [MESSAGE][INFO] - User set preference: ['acceptInsecureCerts', 'true']

2023-02-28 18:35:16 - [MESSAGE][INFO] - Action delay is set to 0 milliseconds

2023-02-28 18:35:18 - [MESSAGE][PASSED] - Browser is opened with url: 'https://dev-algorithm.govolution.com/vlinktest/demo2/version_2_0/capture.html'

2023-02-28 18:35:18 - [TEST_STEP][PASSED] - maximizeWindow(): Current window maximized

2023-02-28 18:35:18 - [MESSAGE][PASSED] - Current window maximized

2023-02-28 18:35:18 - [TEST_STEP][PASSED] - setText(findTestObject("Object Repository/RecAndPlayBk/Page-VLink-Capture/input_Remittance Id_remittance_id"), VLinkSaleRemID): Text 'qlbnSBAOQKx0' is set on object 'Object Repository/RecAndPlayBk/Page-VLink-Capture/input_Remittance Id_remittance_id'

2023-02-28 18:35:18 - [MESSAGE][PASSED] - Text 'qlbnSBAOQKx0' is set on object 'Object Repository/RecAndPlayBk/Page-VLink-Capture/input_Remittance Id_remittance_id'

2023-02-28 18:35:18 - [TEST_STEP][PASSED] - setText(findTestObject("Object Repository/RecAndPlayBk/Page-VLink-Capture/input_Application Id_application_id"), appID): Text '1773' is set on object 'Object Repository/RecAndPlayBk/Page-VLink-Capture/input_Application Id_application_id'

2023-02-28 18:35:19 - [MESSAGE][PASSED] - Text '1773' is set on object 'Object Repository/RecAndPlayBk/Page-VLink-Capture/input_Application Id_application_id'

2023-02-28 18:35:19 - [TEST_STEP][PASSED] - setText(findTestObject("Object Repository/RecAndPlayBk/Page-VLink-Capture/input_Username_username"), username): Text 'Qq2BV1qtr' is set on object 'Object Repository/RecAndPlayBk/Page-VLink-Capture/input_Username_username'

2023-02-28 18:35:20 - [MESSAGE][PASSED] - Text 'Qq2BV1qtr' is set on object 'Object Repository/RecAndPlayBk/Page-VLink-Capture/input_Username_username'

2023-02-28 18:35:20 - [TEST_STEP][PASSED] - setText(findTestObject("Object Repository/RecAndPlayBk/Page-VLink-Capture/input_Password_password"), password): Text 'tUmWBiLUx' is set on object 'Object Repository/RecAndPlayBk/Page-VLink-Capture/input_Password_password'

2023-02-28 18:35:20 - [MESSAGE][PASSED] - Text 'tUmWBiLUx' is set on object 'Object Repository/RecAndPlayBk/Page-VLink-Capture/input_Password_password'

2023-02-28 18:35:20 - [TEST_STEP][PASSED] - setText(findTestObject("Object Repository/RecAndPlayBk/Page-VLink-Capture/input_Transaction ID_transaction_id"), VLinkSaleTranxID): Text '2920797' is set on object 'Object Repository/RecAndPlayBk/Page-VLink-Capture/input_Transaction ID_transaction_id'

2023-02-28 18:35:21 - [MESSAGE][PASSED] - Text '2920797' is set on object 'Object Repository/RecAndPlayBk/Page-VLink-Capture/input_Transaction ID_transaction_id'

2023-02-28 18:35:21 - [TEST_STEP][PASSED] - setText(findTestObject("Object Repository/RecAndPlayBk/Page-VLink-Capture/input_Amount_amount"), amount): Text '10.5' is set on object 'Object Repository/RecAndPlayBk/Page-VLink-Capture/input_Amount_amount'

2023-02-28 18:35:22 - [MESSAGE][PASSED] - Text '10.5' is set on object 'Object Repository/RecAndPlayBk/Page-VLink-Capture/input_Amount_amount'

2023-02-28 18:35:22 - [TEST_STEP][PASSED] - click(findTestObject("Object Repository/RecAndPlayBk/Page-VLink-Capture/input")): Object: 'Object Repository/RecAndPlayBk/Page-VLink-Capture/input' is clicked on

2023-02-28 18:35:24 - [MESSAGE][PASSED] - Object: 'Object Repository/RecAndPlayBk/Page-VLink-Capture/input' is clicked on

2023-02-28 18:35:24 - [TEST_STEP][PASSED] - if (verifyTextPresent("Transaction approved, no errors", true)): null

2023-02-28 18:35:24 - [MESSAGE][PASSED] - Text 'Transaction approved, no errors' is present on page  using regular expression

2023-02-28 18:35:24 - [TEST_STEP][PASSED] - sdfo = getText(findTestObject("Object Repository/Page_VLinkReceipt/pre_STX")): Text of object 'Object Repository/Page_VLinkReceipt/pre_STX' is: '<STX>qlbnSBAOQKx0                  2920798             0  Transaction approved, no errors                   0                                                                                  Y 633287344<ETX>'

2023-02-28 18:35:25 - [MESSAGE][PASSED] - Text of object 'Object Repository/Page_VLinkReceipt/pre_STX' is: '<STX>qlbnSBAOQKx0                  2920798             0  Transaction approved, no errors                   0                                                                                  Y 633287344<ETX>'

2023-02-28 18:35:25 - [TEST_STEP][PASSED] - out.println("sdfo: " + sdfo): null

2023-02-28 18:35:25 - [TEST_STEP][PASSED] - remID = substring(5, 35).trim(): null

2023-02-28 18:35:25 - [TEST_STEP][PASSED] - out.println("remID: " + remID): null

2023-02-28 18:35:25 - [TEST_STEP][PASSED] - traxID = substring(35, 55).trim(): null

2023-02-28 18:35:25 - [TEST_STEP][PASSED] - out.println("traxID: " + traxID): null

2023-02-28 18:35:25 - [TEST_STEP][PASSED] - VLinkSaleRemID = remID: null

2023-02-28 18:35:25 - [TEST_STEP][PASSED] - VLinkSaleTranxID = traxID: null

2023-02-28 18:35:25 - [TEST_STEP][PASSED] - openBrowser(VLinkURL + "CC_credit.html"): Browser is opened with url: 'https://dev-algorithm.govolution.com/vlinktest/demo2/version_2_0/CC_credit.html'

2023-02-28 18:35:25 - [MESSAGE][WARNING] - A browser is already opened. Closing browser and opening a new one

2023-02-28 18:35:25 - [MESSAGE][INFO] - Starting 'Chrome' driver

2023-02-28 18:35:25 - [MESSAGE][INFO] - User set preference: ['acceptInsecureCerts', 'true']

2023-02-28 18:35:25 - [MESSAGE][INFO] - Action delay is set to 0 milliseconds

2023-02-28 18:35:27 - [MESSAGE][PASSED] - Browser is opened with url: 'https://dev-algorithm.govolution.com/vlinktest/demo2/version_2_0/CC_credit.html'

2023-02-28 18:35:27 - [TEST_STEP][PASSED] - maximizeWindow(): Current window maximized

2023-02-28 18:35:27 - [MESSAGE][PASSED] - Current window maximized

2023-02-28 18:35:27 - [TEST_STEP][PASSED] - setText(findTestObject("Object Repository/RecAndPlayBk/Page-Vlink-CC-Credit/input_Remittance Id"), VLinkSaleRemID): Text 'qlbnSBAOQKx0' is set on object 'Object Repository/RecAndPlayBk/Page-Vlink-CC-Credit/input_Remittance Id'

2023-02-28 18:35:28 - [MESSAGE][PASSED] - Text 'qlbnSBAOQKx0' is set on object 'Object Repository/RecAndPlayBk/Page-Vlink-CC-Credit/input_Remittance Id'

2023-02-28 18:35:28 - [TEST_STEP][PASSED] - setText(findTestObject("Object Repository/RecAndPlayBk/Page-Vlink-CC-Credit/input_Application Id"), appID): Text '1773' is set on object 'Object Repository/RecAndPlayBk/Page-Vlink-CC-Credit/input_Application Id'

2023-02-28 18:35:29 - [MESSAGE][PASSED] - Text '1773' is set on object 'Object Repository/RecAndPlayBk/Page-Vlink-CC-Credit/input_Application Id'

2023-02-28 18:35:29 - [TEST_STEP][PASSED] - setText(findTestObject("Object Repository/RecAndPlayBk/Page-Vlink-CC-Credit/input_Username"), username): Text 'Qq2BV1qtr' is set on object 'Object Repository/RecAndPlayBk/Page-Vlink-CC-Credit/input_Username'

2023-02-28 18:35:29 - [MESSAGE][PASSED] - Text 'Qq2BV1qtr' is set on object 'Object Repository/RecAndPlayBk/Page-Vlink-CC-Credit/input_Username'

2023-02-28 18:35:29 - [TEST_STEP][PASSED] - setText(findTestObject("Object Repository/RecAndPlayBk/Page-Vlink-CC-Credit/input_Password"), password): Text 'tUmWBiLUx' is set on object 'Object Repository/RecAndPlayBk/Page-Vlink-CC-Credit/input_Password'

2023-02-28 18:35:30 - [MESSAGE][PASSED] - Text 'tUmWBiLUx' is set on object 'Object Repository/RecAndPlayBk/Page-Vlink-CC-Credit/input_Password'

2023-02-28 18:35:30 - [TEST_STEP][PASSED] - setText(findTestObject("Object Repository/RecAndPlayBk/Page-Vlink-CC-Credit/input_Transaction ID"), VLinkSaleTranxID): Text '2920798' is set on object 'Object Repository/RecAndPlayBk/Page-Vlink-CC-Credit/input_Transaction ID'

2023-02-28 18:35:31 - [MESSAGE][PASSED] - Text '2920798' is set on object 'Object Repository/RecAndPlayBk/Page-Vlink-CC-Credit/input_Transaction ID'

2023-02-28 18:35:31 - [TEST_STEP][PASSED] - setText(findTestObject("Object Repository/RecAndPlayBk/Page-Vlink-CC-Credit/input_Amount"), amount): Text '10.5' is set on object 'Object Repository/RecAndPlayBk/Page-Vlink-CC-Credit/input_Amount'

2023-02-28 18:35:31 - [MESSAGE][PASSED] - Text '10.5' is set on object 'Object Repository/RecAndPlayBk/Page-Vlink-CC-Credit/input_Amount'

2023-02-28 18:35:31 - [TEST_STEP][PASSED] - setText(findTestObject("Object Repository/RecAndPlayBk/Page-Vlink-CC-Credit/input_Card number"), ""): Text '' is set on object 'Object Repository/RecAndPlayBk/Page-Vlink-CC-Credit/input_Card number'

2023-02-28 18:35:32 - [MESSAGE][PASSED] - Text '' is set on object 'Object Repository/RecAndPlayBk/Page-Vlink-CC-Credit/input_Card number'

2023-02-28 18:35:32 - [TEST_STEP][PASSED] - setText(findTestObject("Object Repository/RecAndPlayBk/Page-Vlink-CC-Credit/input_Card ex month"), ""): Text '' is set on object 'Object Repository/RecAndPlayBk/Page-Vlink-CC-Credit/input_Card ex month'

2023-02-28 18:35:32 - [MESSAGE][PASSED] - Text '' is set on object 'Object Repository/RecAndPlayBk/Page-Vlink-CC-Credit/input_Card ex month'

2023-02-28 18:35:32 - [TEST_STEP][PASSED] - setText(findTestObject("Object Repository/RecAndPlayBk/Page-Vlink-CC-Credit/input_Card ex year"), ""): Text '' is set on object 'Object Repository/RecAndPlayBk/Page-Vlink-CC-Credit/input_Card ex year'

2023-02-28 18:35:33 - [MESSAGE][PASSED] - Text '' is set on object 'Object Repository/RecAndPlayBk/Page-Vlink-CC-Credit/input_Card ex year'

2023-02-28 18:35:33 - [TEST_STEP][PASSED] - setText(findTestObject("Object Repository/RecAndPlayBk/Page-Vlink-CC-Credit/input_Track Data"), ""): Text '' is set on object 'Object Repository/RecAndPlayBk/Page-Vlink-CC-Credit/input_Track Data'

2023-02-28 18:35:34 - [MESSAGE][PASSED] - Text '' is set on object 'Object Repository/RecAndPlayBk/Page-Vlink-CC-Credit/input_Track Data'

2023-02-28 18:35:34 - [TEST_STEP][PASSED] - setText(findTestObject("Object Repository/RecAndPlayBk/Page-Vlink-CC-Credit/input_Category Code"), category): Text 'MOTO' is set on object 'Object Repository/RecAndPlayBk/Page-Vlink-CC-Credit/input_Category Code'

2023-02-28 18:35:34 - [MESSAGE][PASSED] - Text 'MOTO' is set on object 'Object Repository/RecAndPlayBk/Page-Vlink-CC-Credit/input_Category Code'

2023-02-28 18:35:34 - [TEST_STEP][PASSED] - click(findTestObject("Object Repository/RecAndPlayBk/Page-Vlink-CC-Credit/input")): Object: 'Object Repository/RecAndPlayBk/Page-Vlink-CC-Credit/input' is clicked on

2023-02-28 18:35:37 - [MESSAGE][PASSED] - Object: 'Object Repository/RecAndPlayBk/Page-Vlink-CC-Credit/input' is clicked on

2023-02-28 18:35:37 - [TEST_STEP][PASSED] - if (verifyTextPresent("Transaction approved, no errors", true)): null

2023-02-28 18:35:37 - [MESSAGE][PASSED] - Text 'Transaction approved, no errors' is present on page  using regular expression

2023-02-28 18:35:37 - [TEST_STEP][PASSED] - println("Transaction Approved, no errors text is present on the Confirmation page"): null

2023-02-28 18:35:37 - [TEST_STEP][PASSED] - out.println("Pass Record Number: " + row): null

2023-02-28 18:35:37 - [TEST_STEP][PASSED] - resText = "Pass": null

2023-02-28 18:35:37 - [TEST_STEP][PASSED] - pages.WriteExcel.demoKey(resText, datText, resColumn, datCloumn, fileLoc, nameSheet, row): pages.WriteExcel.demoKey is PASSED

2023-02-28 18:35:37 - [MESSAGE][PASSED] - pages.WriteExcel.demoKey is PASSED

2023-02-28 18:35:37 - [TEST_STEP][PASSED] - ExecuteTC = findTestData(dataFile).getValue("Execute", row): null

2023-02-28 18:35:37 - [TEST_STEP][PASSED] - out.println("Value of Execute is : " + ExecuteTC): null

2023-02-28 18:35:37 - [TEST_STEP][PASSED] - switch (executionProfile): null

2023-02-28 18:35:37 - [TEST_STEP][PASSED] - case "Demo2Profile":: null

2023-02-28 18:35:37 - [TEST_STEP][PASSED] - appID = findTestData(dataFile).getValue("AppIDDemo", row): null

2023-02-28 18:35:37 - [TEST_STEP][PASSED] - username = findTestData(dataFile).getValue("UsernameDemo", row): null

2023-02-28 18:35:37 - [TEST_STEP][PASSED] - password = findTestData(dataFile).getValue("PasswordDemo", row): null

2023-02-28 18:35:37 - [TEST_STEP][PASSED] - break: null

2023-02-28 18:35:37 - [TEST_STEP][PASSED] - if (ExecuteTC.equalsIgnoreCase("Y")): null

2023-02-28 18:35:37 - [TEST_STEP][PASSED] - out.println("Begin Record Number: " + row): null

2023-02-28 18:35:37 - [TEST_STEP][PASSED] - today = new java.util.Date(): null

2023-02-28 18:35:37 - [TEST_STEP][PASSED] - println(today): null

2023-02-28 18:35:37 - [TEST_STEP][PASSED] - datText = today: null

2023-02-28 18:35:37 - [TEST_STEP][PASSED] - category = findTestData(dataFile).getValue("Category", row): null

2023-02-28 18:35:38 - [TEST_STEP][PASSED] - amount = findTestData(dataFile).getValue("Amount", row): null

2023-02-28 18:35:38 - [TEST_STEP][PASSED] - cardNumber = findTestData(dataFile).getValue("CardNumber", row): null

2023-02-28 18:35:38 - [TEST_STEP][PASSED] - exM = findTestData(dataFile).getValue("ExM", row): null

2023-02-28 18:35:38 - [TEST_STEP][PASSED] - exY = findTestData(dataFile).getValue("ExY", row): null

2023-02-28 18:35:38 - [TEST_STEP][PASSED] - openBrowser(VLinkURL + "auth.html"): Browser is opened with url: 'https://dev-algorithm.govolution.com/vlinktest/demo2/version_2_0/auth.html'

2023-02-28 18:35:38 - [MESSAGE][WARNING] - A browser is already opened. Closing browser and opening a new one

2023-02-28 18:35:39 - [MESSAGE][INFO] - Starting 'Chrome' driver

2023-02-28 18:35:39 - [MESSAGE][INFO] - User set preference: ['acceptInsecureCerts', 'true']

2023-02-28 18:35:39 - [MESSAGE][INFO] - Action delay is set to 0 milliseconds

2023-02-28 18:35:40 - [MESSAGE][PASSED] - Browser is opened with url: 'https://dev-algorithm.govolution.com/vlinktest/demo2/version_2_0/auth.html'

2023-02-28 18:35:40 - [TEST_STEP][PASSED] - maximizeWindow(): Current window maximized

2023-02-28 18:35:41 - [MESSAGE][PASSED] - Current window maximized

2023-02-28 18:35:41 - [TEST_STEP][PASSED] - genRemID = RandomStringUtils.random(12, true, true): null

2023-02-28 18:35:41 - [TEST_STEP][PASSED] - setText(findTestObject("Object Repository/RecAndPlayBk/Page-Vlink-AuthOnly/input_Remittance Id_remittance_id"), genRemID): Text 'hxKrwRXp4Ceo' is set on object 'Object Repository/RecAndPlayBk/Page-Vlink-AuthOnly/input_Remittance Id_remittance_id'

2023-02-28 18:35:41 - [MESSAGE][PASSED] - Text 'hxKrwRXp4Ceo' is set on object 'Object Repository/RecAndPlayBk/Page-Vlink-AuthOnly/input_Remittance Id_remittance_id'

2023-02-28 18:35:41 - [TEST_STEP][PASSED] - setText(findTestObject("Object Repository/RecAndPlayBk/Page-Vlink-AuthOnly/input_Application Id_application_id"), appID): Text '1773' is set on object 'Object Repository/RecAndPlayBk/Page-Vlink-AuthOnly/input_Application Id_application_id'

2023-02-28 18:35:42 - [MESSAGE][PASSED] - Text '1773' is set on object 'Object Repository/RecAndPlayBk/Page-Vlink-AuthOnly/input_Application Id_application_id'

2023-02-28 18:35:42 - [TEST_STEP][PASSED] - setText(findTestObject("Object Repository/RecAndPlayBk/Page-Vlink-AuthOnly/input_Username_username"), username): Text 'Qq2BV1qtr' is set on object 'Object Repository/RecAndPlayBk/Page-Vlink-AuthOnly/input_Username_username'

2023-02-28 18:35:43 - [MESSAGE][PASSED] - Text 'Qq2BV1qtr' is set on object 'Object Repository/RecAndPlayBk/Page-Vlink-AuthOnly/input_Username_username'

2023-02-28 18:35:43 - [TEST_STEP][PASSED] - setText(findTestObject("Object Repository/RecAndPlayBk/Page-Vlink-AuthOnly/input_Password_password"), password): Text 'tUmWBiLUx' is set on object 'Object Repository/RecAndPlayBk/Page-Vlink-AuthOnly/input_Password_password'

2023-02-28 18:35:43 - [MESSAGE][PASSED] - Text 'tUmWBiLUx' is set on object 'Object Repository/RecAndPlayBk/Page-Vlink-AuthOnly/input_Password_password'

2023-02-28 18:35:43 - [TEST_STEP][PASSED] - setText(findTestObject("Object Repository/RecAndPlayBk/Page-Vlink-AuthOnly/input_Category_category"), category): Text 'RETL' is set on object 'Object Repository/RecAndPlayBk/Page-Vlink-AuthOnly/input_Category_category'

2023-02-28 18:35:44 - [MESSAGE][PASSED] - Text 'RETL' is set on object 'Object Repository/RecAndPlayBk/Page-Vlink-AuthOnly/input_Category_category'

2023-02-28 18:35:44 - [TEST_STEP][PASSED] - setText(findTestObject("Object Repository/RecAndPlayBk/Page-Vlink-AuthOnly/input_Amount_amount"), amount): Text '10.5' is set on object 'Object Repository/RecAndPlayBk/Page-Vlink-AuthOnly/input_Amount_amount'

2023-02-28 18:35:45 - [MESSAGE][PASSED] - Text '10.5' is set on object 'Object Repository/RecAndPlayBk/Page-Vlink-AuthOnly/input_Amount_amount'

2023-02-28 18:35:45 - [TEST_STEP][PASSED] - doubleClick(findTestObject("Object Repository/RecAndPlayBk/Page-Vlink-AuthOnly/input_Card number_card_number")): Object: 'Object Repository/RecAndPlayBk/Page-Vlink-AuthOnly/input_Card number_card_number' is double clicked on

2023-02-28 18:35:45 - [MESSAGE][PASSED] - Object: 'Object Repository/RecAndPlayBk/Page-Vlink-AuthOnly/input_Card number_card_number' is double clicked on

2023-02-28 18:35:45 - [TEST_STEP][PASSED] - setText(findTestObject("Object Repository/RecAndPlayBk/Page-Vlink-AuthOnly/input_Card number_card_number"), cardNumber): Text '370000000000002' is set on object 'Object Repository/RecAndPlayBk/Page-Vlink-AuthOnly/input_Card number_card_number'

2023-02-28 18:35:46 - [MESSAGE][PASSED] - Text '370000000000002' is set on object 'Object Repository/RecAndPlayBk/Page-Vlink-AuthOnly/input_Card number_card_number'

2023-02-28 18:35:46 - [TEST_STEP][PASSED] - setText(findTestObject("Object Repository/RecAndPlayBk/Page-Vlink-AuthOnly/input_Card ex month_card_exmo"), exM): Text '12' is set on object 'Object Repository/RecAndPlayBk/Page-Vlink-AuthOnly/input_Card ex month_card_exmo'

2023-02-28 18:35:46 - [MESSAGE][PASSED] - Text '12' is set on object 'Object Repository/RecAndPlayBk/Page-Vlink-AuthOnly/input_Card ex month_card_exmo'

2023-02-28 18:35:46 - [TEST_STEP][PASSED] - setText(findTestObject("Object Repository/RecAndPlayBk/Page-Vlink-AuthOnly/input_Card ex year_card_exyr"), exY): Text '2029' is set on object 'Object Repository/RecAndPlayBk/Page-Vlink-AuthOnly/input_Card ex year_card_exyr'

2023-02-28 18:35:47 - [MESSAGE][PASSED] - Text '2029' is set on object 'Object Repository/RecAndPlayBk/Page-Vlink-AuthOnly/input_Card ex year_card_exyr'

2023-02-28 18:35:47 - [TEST_STEP][PASSED] - click(findTestObject("Object Repository/RecAndPlayBk/Page-Vlink-AuthOnly/input_Track Data_track_data")): Object: 'Object Repository/RecAndPlayBk/Page-Vlink-AuthOnly/input_Track Data_track_data' is clicked on

2023-02-28 18:35:47 - [MESSAGE][PASSED] - Object: 'Object Repository/RecAndPlayBk/Page-Vlink-AuthOnly/input_Track Data_track_data' is clicked on

2023-02-28 18:35:47 - [TEST_STEP][PASSED] - click(findTestObject("Object Repository/RecAndPlayBk/Page-Vlink-AuthOnly/input_CVV state_cvv_state")): Object: 'Object Repository/RecAndPlayBk/Page-Vlink-AuthOnly/input_CVV state_cvv_state' is clicked on

2023-02-28 18:35:48 - [MESSAGE][PASSED] - Object: 'Object Repository/RecAndPlayBk/Page-Vlink-AuthOnly/input_CVV state_cvv_state' is clicked on

2023-02-28 18:35:48 - [TEST_STEP][PASSED] - setText(findTestObject("Object Repository/RecAndPlayBk/Page-Vlink-AuthOnly/input_Track Data_track_data"), ""): Text '' is set on object 'Object Repository/RecAndPlayBk/Page-Vlink-AuthOnly/input_Track Data_track_data'

2023-02-28 18:35:48 - [MESSAGE][PASSED] - Text '' is set on object 'Object Repository/RecAndPlayBk/Page-Vlink-AuthOnly/input_Track Data_track_data'

2023-02-28 18:35:48 - [TEST_STEP][PASSED] - setText(findTestObject("Object Repository/RecAndPlayBk/Page-Vlink-AuthOnly/input_concat(Cardholder, , s email)_email"), ""): Text '' is set on object 'Object Repository/RecAndPlayBk/Page-Vlink-AuthOnly/input_concat(Cardholder, , s email)_email'

2023-02-28 18:35:49 - [MESSAGE][PASSED] - Text '' is set on object 'Object Repository/RecAndPlayBk/Page-Vlink-AuthOnly/input_concat(Cardholder, , s email)_email'

2023-02-28 18:35:49 - [TEST_STEP][PASSED] - click(findTestObject("Object Repository/RecAndPlayBk/Page-Vlink-AuthOnly/input_user_defined10_user_defined10")): Object: 'Object Repository/RecAndPlayBk/Page-Vlink-AuthOnly/input_user_defined10_user_defined10' is clicked on

2023-02-28 18:35:49 - [MESSAGE][PASSED] - Object: 'Object Repository/RecAndPlayBk/Page-Vlink-AuthOnly/input_user_defined10_user_defined10' is clicked on

2023-02-28 18:35:49 - [TEST_STEP][PASSED] - if (executionProfile.equalsIgnoreCase("QAProfile")): null

2023-02-28 18:35:49 - [TEST_STEP][PASSED] - click(findTestObject("Object Repository/RecAndPlayBk/Page-Vlink-AuthOnly/input")): Object: 'Object Repository/RecAndPlayBk/Page-Vlink-AuthOnly/input' is clicked on

2023-02-28 18:35:51 - [MESSAGE][PASSED] - Object: 'Object Repository/RecAndPlayBk/Page-Vlink-AuthOnly/input' is clicked on

2023-02-28 18:35:51 - [TEST_STEP][PASSED] - if (verifyTextPresent("Transaction approved, no errors", true)): null

2023-02-28 18:35:51 - [MESSAGE][PASSED] - Text 'Transaction approved, no errors' is present on page  using regular expression

2023-02-28 18:35:51 - [TEST_STEP][PASSED] - out.println("Auth was successful, Capture now"): null

2023-02-28 18:35:51 - [TEST_STEP][PASSED] - sdfo = getText(findTestObject("Object Repository/Page_VLinkReceipt/pre_STX")): Text of object 'Object Repository/Page_VLinkReceipt/pre_STX' is: '<STX>hxKrwRXp4Ceo                  2920800             0  Transaction approved, no errors                   0                                                                                  Y 774448327<ETX>'

2023-02-28 18:35:52 - [MESSAGE][PASSED] - Text of object 'Object Repository/Page_VLinkReceipt/pre_STX' is: '<STX>hxKrwRXp4Ceo                  2920800             0  Transaction approved, no errors                   0                                                                                  Y 774448327<ETX>'

2023-02-28 18:35:52 - [TEST_STEP][PASSED] - out.println("sdfo: " + sdfo): null

2023-02-28 18:35:52 - [TEST_STEP][PASSED] - remID = substring(5, 35).trim(): null

2023-02-28 18:35:52 - [TEST_STEP][PASSED] - out.println("remID: " + remID): null

2023-02-28 18:35:52 - [TEST_STEP][PASSED] - traxID = substring(35, 55).trim(): null

2023-02-28 18:35:52 - [TEST_STEP][PASSED] - out.println("traxID: " + traxID): null

2023-02-28 18:35:52 - [TEST_STEP][PASSED] - VLinkSaleRemID = remID: null

2023-02-28 18:35:52 - [TEST_STEP][PASSED] - VLinkSaleTranxID = traxID: null

2023-02-28 18:35:52 - [TEST_STEP][PASSED] - openBrowser(VLinkURL + "capture.html"): Browser is opened with url: 'https://dev-algorithm.govolution.com/vlinktest/demo2/version_2_0/capture.html'

2023-02-28 18:35:52 - [MESSAGE][WARNING] - A browser is already opened. Closing browser and opening a new one

2023-02-28 18:35:53 - [MESSAGE][INFO] - Starting 'Chrome' driver

2023-02-28 18:35:53 - [MESSAGE][INFO] - User set preference: ['acceptInsecureCerts', 'true']

2023-02-28 18:35:53 - [MESSAGE][INFO] - Action delay is set to 0 milliseconds

2023-02-28 18:35:54 - [MESSAGE][PASSED] - Browser is opened with url: 'https://dev-algorithm.govolution.com/vlinktest/demo2/version_2_0/capture.html'

2023-02-28 18:35:54 - [TEST_STEP][PASSED] - maximizeWindow(): Current window maximized

2023-02-28 18:35:55 - [MESSAGE][PASSED] - Current window maximized

2023-02-28 18:35:55 - [TEST_STEP][PASSED] - setText(findTestObject("Object Repository/RecAndPlayBk/Page-VLink-Capture/input_Remittance Id_remittance_id"), VLinkSaleRemID): Text 'hxKrwRXp4Ceo' is set on object 'Object Repository/RecAndPlayBk/Page-VLink-Capture/input_Remittance Id_remittance_id'

2023-02-28 18:35:55 - [MESSAGE][PASSED] - Text 'hxKrwRXp4Ceo' is set on object 'Object Repository/RecAndPlayBk/Page-VLink-Capture/input_Remittance Id_remittance_id'

2023-02-28 18:35:55 - [TEST_STEP][PASSED] - setText(findTestObject("Object Repository/RecAndPlayBk/Page-VLink-Capture/input_Application Id_application_id"), appID): Text '1773' is set on object 'Object Repository/RecAndPlayBk/Page-VLink-Capture/input_Application Id_application_id'

2023-02-28 18:35:56 - [MESSAGE][PASSED] - Text '1773' is set on object 'Object Repository/RecAndPlayBk/Page-VLink-Capture/input_Application Id_application_id'

2023-02-28 18:35:56 - [TEST_STEP][PASSED] - setText(findTestObject("Object Repository/RecAndPlayBk/Page-VLink-Capture/input_Username_username"), username): Text 'Qq2BV1qtr' is set on object 'Object Repository/RecAndPlayBk/Page-VLink-Capture/input_Username_username'

2023-02-28 18:35:57 - [MESSAGE][PASSED] - Text 'Qq2BV1qtr' is set on object 'Object Repository/RecAndPlayBk/Page-VLink-Capture/input_Username_username'

2023-02-28 18:35:57 - [TEST_STEP][PASSED] - setText(findTestObject("Object Repository/RecAndPlayBk/Page-VLink-Capture/input_Password_password"), password): Text 'tUmWBiLUx' is set on object 'Object Repository/RecAndPlayBk/Page-VLink-Capture/input_Password_password'

2023-02-28 18:35:57 - [MESSAGE][PASSED] - Text 'tUmWBiLUx' is set on object 'Object Repository/RecAndPlayBk/Page-VLink-Capture/input_Password_password'

2023-02-28 18:35:57 - [TEST_STEP][PASSED] - setText(findTestObject("Object Repository/RecAndPlayBk/Page-VLink-Capture/input_Transaction ID_transaction_id"), VLinkSaleTranxID): Text '2920800' is set on object 'Object Repository/RecAndPlayBk/Page-VLink-Capture/input_Transaction ID_transaction_id'

2023-02-28 18:35:58 - [MESSAGE][PASSED] - Text '2920800' is set on object 'Object Repository/RecAndPlayBk/Page-VLink-Capture/input_Transaction ID_transaction_id'

2023-02-28 18:35:58 - [TEST_STEP][PASSED] - setText(findTestObject("Object Repository/RecAndPlayBk/Page-VLink-Capture/input_Amount_amount"), amount): Text '10.5' is set on object 'Object Repository/RecAndPlayBk/Page-VLink-Capture/input_Amount_amount'

2023-02-28 18:35:59 - [MESSAGE][PASSED] - Text '10.5' is set on object 'Object Repository/RecAndPlayBk/Page-VLink-Capture/input_Amount_amount'

2023-02-28 18:35:59 - [TEST_STEP][PASSED] - click(findTestObject("Object Repository/RecAndPlayBk/Page-VLink-Capture/input")): Object: 'Object Repository/RecAndPlayBk/Page-VLink-Capture/input' is clicked on

2023-02-28 18:36:01 - [MESSAGE][PASSED] - Object: 'Object Repository/RecAndPlayBk/Page-VLink-Capture/input' is clicked on

2023-02-28 18:36:01 - [TEST_STEP][PASSED] - if (verifyTextPresent("Transaction approved, no errors", true)): null

2023-02-28 18:36:01 - [MESSAGE][PASSED] - Text 'Transaction approved, no errors' is present on page  using regular expression

2023-02-28 18:36:01 - [TEST_STEP][PASSED] - sdfo = getText(findTestObject("Object Repository/Page_VLinkReceipt/pre_STX")): Text of object 'Object Repository/Page_VLinkReceipt/pre_STX' is: '<STX>hxKrwRXp4Ceo                  2920801             0  Transaction approved, no errors                   0                                                                                  Y 774448327<ETX>'

2023-02-28 18:36:02 - [MESSAGE][PASSED] - Text of object 'Object Repository/Page_VLinkReceipt/pre_STX' is: '<STX>hxKrwRXp4Ceo                  2920801             0  Transaction approved, no errors                   0                                                                                  Y 774448327<ETX>'

2023-02-28 18:36:02 - [TEST_STEP][PASSED] - out.println("sdfo: " + sdfo): null

2023-02-28 18:36:02 - [TEST_STEP][PASSED] - remID = substring(5, 35).trim(): null

2023-02-28 18:36:02 - [TEST_STEP][PASSED] - out.println("remID: " + remID): null

2023-02-28 18:36:02 - [TEST_STEP][PASSED] - traxID = substring(35, 55).trim(): null

2023-02-28 18:36:02 - [TEST_STEP][PASSED] - out.println("traxID: " + traxID): null

2023-02-28 18:36:02 - [TEST_STEP][PASSED] - VLinkSaleRemID = remID: null

2023-02-28 18:36:02 - [TEST_STEP][PASSED] - VLinkSaleTranxID = traxID: null

2023-02-28 18:36:02 - [TEST_STEP][PASSED] - openBrowser(VLinkURL + "CC_credit.html"): Browser is opened with url: 'https://dev-algorithm.govolution.com/vlinktest/demo2/version_2_0/CC_credit.html'

2023-02-28 18:36:02 - [MESSAGE][WARNING] - A browser is already opened. Closing browser and opening a new one

2023-02-28 18:36:03 - [MESSAGE][INFO] - Starting 'Chrome' driver

2023-02-28 18:36:03 - [MESSAGE][INFO] - User set preference: ['acceptInsecureCerts', 'true']

2023-02-28 18:36:03 - [MESSAGE][INFO] - Action delay is set to 0 milliseconds

2023-02-28 18:36:04 - [MESSAGE][PASSED] - Browser is opened with url: 'https://dev-algorithm.govolution.com/vlinktest/demo2/version_2_0/CC_credit.html'

2023-02-28 18:36:04 - [TEST_STEP][PASSED] - maximizeWindow(): Current window maximized

2023-02-28 18:36:05 - [MESSAGE][PASSED] - Current window maximized

2023-02-28 18:36:05 - [TEST_STEP][PASSED] - setText(findTestObject("Object Repository/RecAndPlayBk/Page-Vlink-CC-Credit/input_Remittance Id"), VLinkSaleRemID): Text 'hxKrwRXp4Ceo' is set on object 'Object Repository/RecAndPlayBk/Page-Vlink-CC-Credit/input_Remittance Id'

2023-02-28 18:36:05 - [MESSAGE][PASSED] - Text 'hxKrwRXp4Ceo' is set on object 'Object Repository/RecAndPlayBk/Page-Vlink-CC-Credit/input_Remittance Id'

2023-02-28 18:36:05 - [TEST_STEP][PASSED] - setText(findTestObject("Object Repository/RecAndPlayBk/Page-Vlink-CC-Credit/input_Application Id"), appID): Text '1773' is set on object 'Object Repository/RecAndPlayBk/Page-Vlink-CC-Credit/input_Application Id'

2023-02-28 18:36:06 - [MESSAGE][PASSED] - Text '1773' is set on object 'Object Repository/RecAndPlayBk/Page-Vlink-CC-Credit/input_Application Id'

2023-02-28 18:36:06 - [TEST_STEP][PASSED] - setText(findTestObject("Object Repository/RecAndPlayBk/Page-Vlink-CC-Credit/input_Username"), username): Text 'Qq2BV1qtr' is set on object 'Object Repository/RecAndPlayBk/Page-Vlink-CC-Credit/input_Username'

2023-02-28 18:36:07 - [MESSAGE][PASSED] - Text 'Qq2BV1qtr' is set on object 'Object Repository/RecAndPlayBk/Page-Vlink-CC-Credit/input_Username'

2023-02-28 18:36:07 - [TEST_STEP][PASSED] - setText(findTestObject("Object Repository/RecAndPlayBk/Page-Vlink-CC-Credit/input_Password"), password): Text 'tUmWBiLUx' is set on object 'Object Repository/RecAndPlayBk/Page-Vlink-CC-Credit/input_Password'

2023-02-28 18:36:07 - [MESSAGE][PASSED] - Text 'tUmWBiLUx' is set on object 'Object Repository/RecAndPlayBk/Page-Vlink-CC-Credit/input_Password'

2023-02-28 18:36:07 - [TEST_STEP][PASSED] - setText(findTestObject("Object Repository/RecAndPlayBk/Page-Vlink-CC-Credit/input_Transaction ID"), VLinkSaleTranxID): Text '2920801' is set on object 'Object Repository/RecAndPlayBk/Page-Vlink-CC-Credit/input_Transaction ID'

2023-02-28 18:36:08 - [MESSAGE][PASSED] - Text '2920801' is set on object 'Object Repository/RecAndPlayBk/Page-Vlink-CC-Credit/input_Transaction ID'

2023-02-28 18:36:08 - [TEST_STEP][PASSED] - setText(findTestObject("Object Repository/RecAndPlayBk/Page-Vlink-CC-Credit/input_Amount"), amount): Text '10.5' is set on object 'Object Repository/RecAndPlayBk/Page-Vlink-CC-Credit/input_Amount'

2023-02-28 18:36:08 - [MESSAGE][PASSED] - Text '10.5' is set on object 'Object Repository/RecAndPlayBk/Page-Vlink-CC-Credit/input_Amount'

2023-02-28 18:36:08 - [TEST_STEP][PASSED] - setText(findTestObject("Object Repository/RecAndPlayBk/Page-Vlink-CC-Credit/input_Card number"), ""): Text '' is set on object 'Object Repository/RecAndPlayBk/Page-Vlink-CC-Credit/input_Card number'

2023-02-28 18:36:09 - [MESSAGE][PASSED] - Text '' is set on object 'Object Repository/RecAndPlayBk/Page-Vlink-CC-Credit/input_Card number'

2023-02-28 18:36:09 - [TEST_STEP][PASSED] - setText(findTestObject("Object Repository/RecAndPlayBk/Page-Vlink-CC-Credit/input_Card ex month"), ""): Text '' is set on object 'Object Repository/RecAndPlayBk/Page-Vlink-CC-Credit/input_Card ex month'

2023-02-28 18:36:10 - [MESSAGE][PASSED] - Text '' is set on object 'Object Repository/RecAndPlayBk/Page-Vlink-CC-Credit/input_Card ex month'

2023-02-28 18:36:10 - [TEST_STEP][PASSED] - setText(findTestObject("Object Repository/RecAndPlayBk/Page-Vlink-CC-Credit/input_Card ex year"), ""): Text '' is set on object 'Object Repository/RecAndPlayBk/Page-Vlink-CC-Credit/input_Card ex year'

2023-02-28 18:36:10 - [MESSAGE][PASSED] - Text '' is set on object 'Object Repository/RecAndPlayBk/Page-Vlink-CC-Credit/input_Card ex year'

2023-02-28 18:36:10 - [TEST_STEP][PASSED] - setText(findTestObject("Object Repository/RecAndPlayBk/Page-Vlink-CC-Credit/input_Track Data"), ""): Text '' is set on object 'Object Repository/RecAndPlayBk/Page-Vlink-CC-Credit/input_Track Data'

2023-02-28 18:36:11 - [MESSAGE][PASSED] - Text '' is set on object 'Object Repository/RecAndPlayBk/Page-Vlink-CC-Credit/input_Track Data'

2023-02-28 18:36:11 - [TEST_STEP][PASSED] - setText(findTestObject("Object Repository/RecAndPlayBk/Page-Vlink-CC-Credit/input_Category Code"), category): Text 'RETL' is set on object 'Object Repository/RecAndPlayBk/Page-Vlink-CC-Credit/input_Category Code'

2023-02-28 18:36:11 - [MESSAGE][PASSED] - Text 'RETL' is set on object 'Object Repository/RecAndPlayBk/Page-Vlink-CC-Credit/input_Category Code'

2023-02-28 18:36:11 - [TEST_STEP][PASSED] - click(findTestObject("Object Repository/RecAndPlayBk/Page-Vlink-CC-Credit/input")): Object: 'Object Repository/RecAndPlayBk/Page-Vlink-CC-Credit/input' is clicked on

2023-02-28 18:36:14 - [MESSAGE][PASSED] - Object: 'Object Repository/RecAndPlayBk/Page-Vlink-CC-Credit/input' is clicked on

2023-02-28 18:36:14 - [TEST_STEP][PASSED] - if (verifyTextPresent("Transaction approved, no errors", true)): null

2023-02-28 18:36:14 - [MESSAGE][PASSED] - Text 'Transaction approved, no errors' is present on page  using regular expression

2023-02-28 18:36:14 - [TEST_STEP][PASSED] - println("Transaction Approved, no errors text is present on the Confirmation page"): null

2023-02-28 18:36:14 - [TEST_STEP][PASSED] - out.println("Pass Record Number: " + row): null

2023-02-28 18:36:14 - [TEST_STEP][PASSED] - resText = "Pass": null

2023-02-28 18:36:14 - [TEST_STEP][PASSED] - pages.WriteExcel.demoKey(resText, datText, resColumn, datCloumn, fileLoc, nameSheet, row): pages.WriteExcel.demoKey is PASSED

2023-02-28 18:36:14 - [MESSAGE][PASSED] - pages.WriteExcel.demoKey is PASSED

2023-02-28 18:36:14 - [TEST_STEP][PASSED] - ExecuteTC = findTestData(dataFile).getValue("Execute", row): null

2023-02-28 18:36:14 - [TEST_STEP][PASSED] - out.println("Value of Execute is : " + ExecuteTC): null

2023-02-28 18:36:14 - [TEST_STEP][PASSED] - switch (executionProfile): null

2023-02-28 18:36:14 - [TEST_STEP][PASSED] - case "Demo2Profile":: null

2023-02-28 18:36:14 - [TEST_STEP][PASSED] - appID = findTestData(dataFile).getValue("AppIDDemo", row): null

2023-02-28 18:36:14 - [TEST_STEP][PASSED] - username = findTestData(dataFile).getValue("UsernameDemo", row): null

2023-02-28 18:36:15 - [TEST_STEP][PASSED] - password = findTestData(dataFile).getValue("PasswordDemo", row): null

2023-02-28 18:36:15 - [TEST_STEP][PASSED] - break: null

2023-02-28 18:36:15 - [TEST_STEP][FAILED] - if (ExecuteTC.equalsIgnoreCase("Y")): null

2023-02-28 18:36:15 - [TEST_STEP][PASSED] - out.println("Begin Record Number: " + row): null

2023-02-28 18:36:15 - [TEST_STEP][PASSED] - today = new java.util.Date(): null

2023-02-28 18:36:15 - [TEST_STEP][PASSED] - println(today): null

2023-02-28 18:36:15 - [TEST_STEP][PASSED] - datText = today: null

2023-02-28 18:36:15 - [TEST_STEP][PASSED] - category = findTestData(dataFile).getValue("Category", row): null

2023-02-28 18:36:15 - [TEST_STEP][PASSED] - amount = findTestData(dataFile).getValue("Amount", row): null

2023-02-28 18:36:15 - [TEST_STEP][PASSED] - cardNumber = findTestData(dataFile).getValue("CardNumber", row): null

2023-02-28 18:36:15 - [TEST_STEP][PASSED] - exM = findTestData(dataFile).getValue("ExM", row): null

2023-02-28 18:36:15 - [TEST_STEP][PASSED] - exY = findTestData(dataFile).getValue("ExY", row): null

2023-02-28 18:36:15 - [TEST_STEP][PASSED] - openBrowser(VLinkURL + "auth.html"): Browser is opened with url: 'https://dev-algorithm.govolution.com/vlinktest/demo2/version_2_0/auth.html'

2023-02-28 18:36:15 - [MESSAGE][WARNING] - A browser is already opened. Closing browser and opening a new one

2023-02-28 18:36:16 - [MESSAGE][INFO] - Starting 'Chrome' driver

2023-02-28 18:36:16 - [MESSAGE][INFO] - User set preference: ['acceptInsecureCerts', 'true']

2023-02-28 18:36:16 - [MESSAGE][INFO] - Action delay is set to 0 milliseconds

2023-02-28 18:36:18 - [MESSAGE][PASSED] - Browser is opened with url: 'https://dev-algorithm.govolution.com/vlinktest/demo2/version_2_0/auth.html'

2023-02-28 18:36:18 - [TEST_STEP][PASSED] - maximizeWindow(): Current window maximized

2023-02-28 18:36:18 - [MESSAGE][PASSED] - Current window maximized

2023-02-28 18:36:18 - [TEST_STEP][PASSED] - genRemID = RandomStringUtils.random(12, true, true): null

2023-02-28 18:36:18 - [TEST_STEP][PASSED] - setText(findTestObject("Object Repository/RecAndPlayBk/Page-Vlink-AuthOnly/input_Remittance Id_remittance_id"), genRemID): Text 'exwQHBvZv17f' is set on object 'Object Repository/RecAndPlayBk/Page-Vlink-AuthOnly/input_Remittance Id_remittance_id'

2023-02-28 18:36:19 - [MESSAGE][PASSED] - Text 'exwQHBvZv17f' is set on object 'Object Repository/RecAndPlayBk/Page-Vlink-AuthOnly/input_Remittance Id_remittance_id'

2023-02-28 18:36:19 - [TEST_STEP][PASSED] - setText(findTestObject("Object Repository/RecAndPlayBk/Page-Vlink-AuthOnly/input_Application Id_application_id"), appID): Text '2435' is set on object 'Object Repository/RecAndPlayBk/Page-Vlink-AuthOnly/input_Application Id_application_id'

2023-02-28 18:36:19 - [MESSAGE][PASSED] - Text '2435' is set on object 'Object Repository/RecAndPlayBk/Page-Vlink-AuthOnly/input_Application Id_application_id'

2023-02-28 18:36:19 - [TEST_STEP][PASSED] - setText(findTestObject("Object Repository/RecAndPlayBk/Page-Vlink-AuthOnly/input_Username_username"), username): Text 'health' is set on object 'Object Repository/RecAndPlayBk/Page-Vlink-AuthOnly/input_Username_username'

2023-02-28 18:36:20 - [MESSAGE][PASSED] - Text 'health' is set on object 'Object Repository/RecAndPlayBk/Page-Vlink-AuthOnly/input_Username_username'

2023-02-28 18:36:20 - [TEST_STEP][PASSED] - setText(findTestObject("Object Repository/RecAndPlayBk/Page-Vlink-AuthOnly/input_Password_password"), password): Text '11111111' is set on object 'Object Repository/RecAndPlayBk/Page-Vlink-AuthOnly/input_Password_password'

2023-02-28 18:36:21 - [MESSAGE][PASSED] - Text '11111111' is set on object 'Object Repository/RecAndPlayBk/Page-Vlink-AuthOnly/input_Password_password'

2023-02-28 18:36:21 - [TEST_STEP][PASSED] - setText(findTestObject("Object Repository/RecAndPlayBk/Page-Vlink-AuthOnly/input_Category_category"), category): Text 'ECOM' is set on object 'Object Repository/RecAndPlayBk/Page-Vlink-AuthOnly/input_Category_category'

2023-02-28 18:36:21 - [MESSAGE][PASSED] - Text 'ECOM' is set on object 'Object Repository/RecAndPlayBk/Page-Vlink-AuthOnly/input_Category_category'

2023-02-28 18:36:21 - [TEST_STEP][PASSED] - setText(findTestObject("Object Repository/RecAndPlayBk/Page-Vlink-AuthOnly/input_Amount_amount"), amount): Text '10.5' is set on object 'Object Repository/RecAndPlayBk/Page-Vlink-AuthOnly/input_Amount_amount'

2023-02-28 18:36:22 - [MESSAGE][PASSED] - Text '10.5' is set on object 'Object Repository/RecAndPlayBk/Page-Vlink-AuthOnly/input_Amount_amount'

2023-02-28 18:36:22 - [TEST_STEP][PASSED] - doubleClick(findTestObject("Object Repository/RecAndPlayBk/Page-Vlink-AuthOnly/input_Card number_card_number")): Object: 'Object Repository/RecAndPlayBk/Page-Vlink-AuthOnly/input_Card number_card_number' is double clicked on

2023-02-28 18:36:22 - [MESSAGE][PASSED] - Object: 'Object Repository/RecAndPlayBk/Page-Vlink-AuthOnly/input_Card number_card_number' is double clicked on

2023-02-28 18:36:22 - [TEST_STEP][PASSED] - setText(findTestObject("Object Repository/RecAndPlayBk/Page-Vlink-AuthOnly/input_Card number_card_number"), cardNumber): Text '4012000098765439' is set on object 'Object Repository/RecAndPlayBk/Page-Vlink-AuthOnly/input_Card number_card_number'

2023-02-28 18:36:23 - [MESSAGE][PASSED] - Text '4012000098765439' is set on object 'Object Repository/RecAndPlayBk/Page-Vlink-AuthOnly/input_Card number_card_number'

2023-02-28 18:36:23 - [TEST_STEP][PASSED] - setText(findTestObject("Object Repository/RecAndPlayBk/Page-Vlink-AuthOnly/input_Card ex month_card_exmo"), exM): Text '12' is set on object 'Object Repository/RecAndPlayBk/Page-Vlink-AuthOnly/input_Card ex month_card_exmo'

2023-02-28 18:36:23 - [MESSAGE][PASSED] - Text '12' is set on object 'Object Repository/RecAndPlayBk/Page-Vlink-AuthOnly/input_Card ex month_card_exmo'

2023-02-28 18:36:23 - [TEST_STEP][PASSED] - setText(findTestObject("Object Repository/RecAndPlayBk/Page-Vlink-AuthOnly/input_Card ex year_card_exyr"), exY): Text '2029' is set on object 'Object Repository/RecAndPlayBk/Page-Vlink-AuthOnly/input_Card ex year_card_exyr'

2023-02-28 18:36:24 - [MESSAGE][PASSED] - Text '2029' is set on object 'Object Repository/RecAndPlayBk/Page-Vlink-AuthOnly/input_Card ex year_card_exyr'

2023-02-28 18:36:24 - [TEST_STEP][PASSED] - click(findTestObject("Object Repository/RecAndPlayBk/Page-Vlink-AuthOnly/input_Track Data_track_data")): Object: 'Object Repository/RecAndPlayBk/Page-Vlink-AuthOnly/input_Track Data_track_data' is clicked on

2023-02-28 18:36:24 - [MESSAGE][PASSED] - Object: 'Object Repository/RecAndPlayBk/Page-Vlink-AuthOnly/input_Track Data_track_data' is clicked on

2023-02-28 18:36:24 - [TEST_STEP][PASSED] - click(findTestObject("Object Repository/RecAndPlayBk/Page-Vlink-AuthOnly/input_CVV state_cvv_state")): Object: 'Object Repository/RecAndPlayBk/Page-Vlink-AuthOnly/input_CVV state_cvv_state' is clicked on

2023-02-28 18:36:25 - [MESSAGE][PASSED] - Object: 'Object Repository/RecAndPlayBk/Page-Vlink-AuthOnly/input_CVV state_cvv_state' is clicked on

2023-02-28 18:36:25 - [TEST_STEP][PASSED] - setText(findTestObject("Object Repository/RecAndPlayBk/Page-Vlink-AuthOnly/input_Track Data_track_data"), ""): Text '' is set on object 'Object Repository/RecAndPlayBk/Page-Vlink-AuthOnly/input_Track Data_track_data'

2023-02-28 18:36:25 - [MESSAGE][PASSED] - Text '' is set on object 'Object Repository/RecAndPlayBk/Page-Vlink-AuthOnly/input_Track Data_track_data'

2023-02-28 18:36:25 - [TEST_STEP][PASSED] - setText(findTestObject("Object Repository/RecAndPlayBk/Page-Vlink-AuthOnly/input_concat(Cardholder, , s email)_email"), ""): Text '' is set on object 'Object Repository/RecAndPlayBk/Page-Vlink-AuthOnly/input_concat(Cardholder, , s email)_email'

2023-02-28 18:36:26 - [MESSAGE][PASSED] - Text '' is set on object 'Object Repository/RecAndPlayBk/Page-Vlink-AuthOnly/input_concat(Cardholder, , s email)_email'

2023-02-28 18:36:26 - [TEST_STEP][PASSED] - click(findTestObject("Object Repository/RecAndPlayBk/Page-Vlink-AuthOnly/input_user_defined10_user_defined10")): Object: 'Object Repository/RecAndPlayBk/Page-Vlink-AuthOnly/input_user_defined10_user_defined10' is clicked on

2023-02-28 18:36:26 - [MESSAGE][PASSED] - Object: 'Object Repository/RecAndPlayBk/Page-Vlink-AuthOnly/input_user_defined10_user_defined10' is clicked on

2023-02-28 18:36:26 - [TEST_STEP][PASSED] - if (executionProfile.equalsIgnoreCase("QAProfile")): null

2023-02-28 18:36:26 - [TEST_STEP][PASSED] - click(findTestObject("Object Repository/RecAndPlayBk/Page-Vlink-AuthOnly/input")): Object: 'Object Repository/RecAndPlayBk/Page-Vlink-AuthOnly/input' is clicked on

2023-02-28 18:36:28 - [MESSAGE][PASSED] - Object: 'Object Repository/RecAndPlayBk/Page-Vlink-AuthOnly/input' is clicked on

2023-02-28 18:36:28 - [TEST_STEP][FAILED] - if (verifyTextPresent("Transaction approved, no errors", true)): Text 'Transaction approved, no errors' is not present on page  using regular expression (Root cause: com.kms.katalon.core.exception.StepFailedException: Text 'Transaction approved, no errors' is not present on page  using regular expression
	at com.kms.katalon.core.webui.keyword.internal.WebUIKeywordMain.stepFailed(WebUIKeywordMain.groovy:64)
	at com.kms.katalon.core.webui.keyword.builtin.VerifyTextPresentKeyword$_verifyTextPresent_closure1.doCall(VerifyTextPresentKeyword.groovy:79)
	at com.kms.katalon.core.webui.keyword.builtin.VerifyTextPresentKeyword$_verifyTextPresent_closure1.call(VerifyTextPresentKeyword.groovy)
	at com.kms.katalon.core.webui.keyword.internal.WebUIKeywordMain.runKeyword(WebUIKeywordMain.groovy:20)
	at com.kms.katalon.core.webui.keyword.builtin.VerifyTextPresentKeyword.verifyTextPresent(VerifyTextPresentKeyword.groovy:83)
	at com.kms.katalon.core.webui.keyword.builtin.VerifyTextPresentKeyword.execute(VerifyTextPresentKeyword.groovy:68)
	at com.kms.katalon.core.keyword.internal.KeywordExecutor.executeKeywordForPlatform(KeywordExecutor.groovy:74)
	at com.kms.katalon.core.webui.keyword.WebUiBuiltInKeywords.verifyTextPresent(WebUiBuiltInKeywords.groovy:1723)
	at com.kms.katalon.core.webui.keyword.WebUiBuiltInKeywords$verifyTextPresent$4.call(Unknown Source)
	at Auth-Cap-Credit.run(Auth-Cap-Credit:167)
	at com.kms.katalon.core.main.ScriptEngine.run(ScriptEngine.java:194)
	at com.kms.katalon.core.main.ScriptEngine.runScriptAsRawText(ScriptEngine.java:119)
	at com.kms.katalon.core.main.TestCaseExecutor.runScript(TestCaseExecutor.java:442)
	at com.kms.katalon.core.main.TestCaseExecutor.doExecute(TestCaseExecutor.java:433)
	at com.kms.katalon.core.main.TestCaseExecutor.processExecutionPhase(TestCaseExecutor.java:412)
	at com.kms.katalon.core.main.TestCaseExecutor.accessMainPhase(TestCaseExecutor.java:404)
	at com.kms.katalon.core.main.TestCaseExecutor.execute(TestCaseExecutor.java:281)
	at com.kms.katalon.core.main.TestSuiteExecutor.accessTestCaseMainPhase(TestSuiteExecutor.java:202)
	at com.kms.katalon.core.main.TestSuiteExecutor.accessTestSuiteMainPhase(TestSuiteExecutor.java:164)
	at com.kms.katalon.core.main.TestSuiteExecutor.execute(TestSuiteExecutor.java:105)
	at com.kms.katalon.core.main.TestCaseMain.startTestSuite(TestCaseMain.java:185)
	at com.kms.katalon.core.main.TestCaseMain$startTestSuite$0.call(Unknown Source)
	at TempTestSuite1677626298320.run(TempTestSuite1677626298320.groovy:36)
)

2023-02-28 18:36:29 - [MESSAGE][FAILED] - Text 'Transaction approved, no errors' is not present on page  using regular expression (Root cause: com.kms.katalon.core.exception.StepFailedException: Text 'Transaction approved, no errors' is not present on page  using regular expression
	at com.kms.katalon.core.webui.keyword.internal.WebUIKeywordMain.stepFailed(WebUIKeywordMain.groovy:64)
	at com.kms.katalon.core.webui.keyword.builtin.VerifyTextPresentKeyword$_verifyTextPresent_closure1.doCall(VerifyTextPresentKeyword.groovy:79)
	at com.kms.katalon.core.webui.keyword.builtin.VerifyTextPresentKeyword$_verifyTextPresent_closure1.call(VerifyTextPresentKeyword.groovy)
	at com.kms.katalon.core.webui.keyword.internal.WebUIKeywordMain.runKeyword(WebUIKeywordMain.groovy:20)
	at com.kms.katalon.core.webui.keyword.builtin.VerifyTextPresentKeyword.verifyTextPresent(VerifyTextPresentKeyword.groovy:83)
	at com.kms.katalon.core.webui.keyword.builtin.VerifyTextPresentKeyword.execute(VerifyTextPresentKeyword.groovy:68)
	at com.kms.katalon.core.keyword.internal.KeywordExecutor.executeKeywordForPlatform(KeywordExecutor.groovy:74)
	at com.kms.katalon.core.webui.keyword.WebUiBuiltInKeywords.verifyTextPresent(WebUiBuiltInKeywords.groovy:1723)
	at com.kms.katalon.core.webui.keyword.WebUiBuiltInKeywords$verifyTextPresent$4.call(Unknown Source)
	at Auth-Cap-Credit.run(Auth-Cap-Credit:167)
	at com.kms.katalon.core.main.ScriptEngine.run(ScriptEngine.java:194)
	at com.kms.katalon.core.main.ScriptEngine.runScriptAsRawText(ScriptEngine.java:119)
	at com.kms.katalon.core.main.TestCaseExecutor.runScript(TestCaseExecutor.java:442)
	at com.kms.katalon.core.main.TestCaseExecutor.doExecute(TestCaseExecutor.java:433)
	at com.kms.katalon.core.main.TestCaseExecutor.processExecutionPhase(TestCaseExecutor.java:412)
	at com.kms.katalon.core.main.TestCaseExecutor.accessMainPhase(TestCaseExecutor.java:404)
	at com.kms.katalon.core.main.TestCaseExecutor.execute(TestCaseExecutor.java:281)
	at com.kms.katalon.core.main.TestSuiteExecutor.accessTestCaseMainPhase(TestSuiteExecutor.java:202)
	at com.kms.katalon.core.main.TestSuiteExecutor.accessTestSuiteMainPhase(TestSuiteExecutor.java:164)
	at com.kms.katalon.core.main.TestSuiteExecutor.execute(TestSuiteExecutor.java:105)
	at com.kms.katalon.core.main.TestCaseMain.startTestSuite(TestCaseMain.java:185)
	at com.kms.katalon.core.main.TestCaseMain$startTestSuite$0.call(Unknown Source)
	at TempTestSuite1677626298320.run(TempTestSuite1677626298320.groovy:36)
)

2023-02-28 18:36:29 - [TEST_STEP][PASSED] - else: pages.WriteExcel.demoKey is PASSED

2023-02-28 18:36:29 - [TEST_STEP][PASSED] - out.println("Auth was not successful, Dont Capture"): null

2023-02-28 18:36:29 - [TEST_STEP][PASSED] - println("Transaction Approved, no errors text is not present on the Confirmation page"): null

2023-02-28 18:36:29 - [TEST_STEP][PASSED] - out.println("Fail Record Number: " + row): null

2023-02-28 18:36:29 - [TEST_STEP][PASSED] - resText = "Fail": null

2023-02-28 18:36:29 - [TEST_STEP][PASSED] - pages.WriteExcel.demoKey(resText, datText, resColumn, datCloumn, fileLoc, nameSheet, row): pages.WriteExcel.demoKey is PASSED

2023-02-28 18:36:29 - [MESSAGE][PASSED] - pages.WriteExcel.demoKey is PASSED

2023-02-28 18:36:29 - [TEST_STEP][PASSED] - ExecuteTC = findTestData(dataFile).getValue("Execute", row): null

2023-02-28 18:36:29 - [TEST_STEP][PASSED] - out.println("Value of Execute is : " + ExecuteTC): null

2023-02-28 18:36:29 - [TEST_STEP][PASSED] - switch (executionProfile): null

2023-02-28 18:36:29 - [TEST_STEP][PASSED] - case "Demo2Profile":: null

2023-02-28 18:36:29 - [TEST_STEP][PASSED] - appID = findTestData(dataFile).getValue("AppIDDemo", row): null

2023-02-28 18:36:29 - [TEST_STEP][PASSED] - username = findTestData(dataFile).getValue("UsernameDemo", row): null

2023-02-28 18:36:29 - [TEST_STEP][PASSED] - password = findTestData(dataFile).getValue("PasswordDemo", row): null

2023-02-28 18:36:29 - [TEST_STEP][PASSED] - break: null

2023-02-28 18:36:29 - [TEST_STEP][FAILED] - if (ExecuteTC.equalsIgnoreCase("Y")): null

2023-02-28 18:36:29 - [TEST_STEP][PASSED] - out.println("Begin Record Number: " + row): null

2023-02-28 18:36:29 - [TEST_STEP][PASSED] - today = new java.util.Date(): null

2023-02-28 18:36:29 - [TEST_STEP][PASSED] - println(today): null

2023-02-28 18:36:29 - [TEST_STEP][PASSED] - datText = today: null

2023-02-28 18:36:29 - [TEST_STEP][PASSED] - category = findTestData(dataFile).getValue("Category", row): null

2023-02-28 18:36:29 - [TEST_STEP][PASSED] - amount = findTestData(dataFile).getValue("Amount", row): null

2023-02-28 18:36:29 - [TEST_STEP][PASSED] - cardNumber = findTestData(dataFile).getValue("CardNumber", row): null

2023-02-28 18:36:29 - [TEST_STEP][PASSED] - exM = findTestData(dataFile).getValue("ExM", row): null

2023-02-28 18:36:29 - [TEST_STEP][PASSED] - exY = findTestData(dataFile).getValue("ExY", row): null

2023-02-28 18:36:30 - [TEST_STEP][PASSED] - openBrowser(VLinkURL + "auth.html"): Browser is opened with url: 'https://dev-algorithm.govolution.com/vlinktest/demo2/version_2_0/auth.html'

2023-02-28 18:36:30 - [MESSAGE][WARNING] - A browser is already opened. Closing browser and opening a new one

2023-02-28 18:36:30 - [MESSAGE][INFO] - Starting 'Chrome' driver

2023-02-28 18:36:30 - [MESSAGE][INFO] - User set preference: ['acceptInsecureCerts', 'true']

2023-02-28 18:36:30 - [MESSAGE][INFO] - Action delay is set to 0 milliseconds

2023-02-28 18:36:32 - [MESSAGE][PASSED] - Browser is opened with url: 'https://dev-algorithm.govolution.com/vlinktest/demo2/version_2_0/auth.html'

2023-02-28 18:36:32 - [TEST_STEP][PASSED] - maximizeWindow(): Current window maximized

2023-02-28 18:36:32 - [MESSAGE][PASSED] - Current window maximized

2023-02-28 18:36:32 - [TEST_STEP][PASSED] - genRemID = RandomStringUtils.random(12, true, true): null

2023-02-28 18:36:32 - [TEST_STEP][PASSED] - setText(findTestObject("Object Repository/RecAndPlayBk/Page-Vlink-AuthOnly/input_Remittance Id_remittance_id"), genRemID): Text 'etanuIWytjTA' is set on object 'Object Repository/RecAndPlayBk/Page-Vlink-AuthOnly/input_Remittance Id_remittance_id'

2023-02-28 18:36:33 - [MESSAGE][PASSED] - Text 'etanuIWytjTA' is set on object 'Object Repository/RecAndPlayBk/Page-Vlink-AuthOnly/input_Remittance Id_remittance_id'

2023-02-28 18:36:33 - [TEST_STEP][PASSED] - setText(findTestObject("Object Repository/RecAndPlayBk/Page-Vlink-AuthOnly/input_Application Id_application_id"), appID): Text '3136' is set on object 'Object Repository/RecAndPlayBk/Page-Vlink-AuthOnly/input_Application Id_application_id'

2023-02-28 18:36:34 - [MESSAGE][PASSED] - Text '3136' is set on object 'Object Repository/RecAndPlayBk/Page-Vlink-AuthOnly/input_Application Id_application_id'

2023-02-28 18:36:34 - [TEST_STEP][PASSED] - setText(findTestObject("Object Repository/RecAndPlayBk/Page-Vlink-AuthOnly/input_Username_username"), username): Text 'user3136' is set on object 'Object Repository/RecAndPlayBk/Page-Vlink-AuthOnly/input_Username_username'

2023-02-28 18:36:34 - [MESSAGE][PASSED] - Text 'user3136' is set on object 'Object Repository/RecAndPlayBk/Page-Vlink-AuthOnly/input_Username_username'

2023-02-28 18:36:34 - [TEST_STEP][PASSED] - setText(findTestObject("Object Repository/RecAndPlayBk/Page-Vlink-AuthOnly/input_Password_password"), password): Text 'pwd3136' is set on object 'Object Repository/RecAndPlayBk/Page-Vlink-AuthOnly/input_Password_password'

2023-02-28 18:36:35 - [MESSAGE][PASSED] - Text 'pwd3136' is set on object 'Object Repository/RecAndPlayBk/Page-Vlink-AuthOnly/input_Password_password'

2023-02-28 18:36:35 - [TEST_STEP][PASSED] - setText(findTestObject("Object Repository/RecAndPlayBk/Page-Vlink-AuthOnly/input_Category_category"), category): Text 'ECOM' is set on object 'Object Repository/RecAndPlayBk/Page-Vlink-AuthOnly/input_Category_category'

2023-02-28 18:36:36 - [MESSAGE][PASSED] - Text 'ECOM' is set on object 'Object Repository/RecAndPlayBk/Page-Vlink-AuthOnly/input_Category_category'

2023-02-28 18:36:36 - [TEST_STEP][PASSED] - setText(findTestObject("Object Repository/RecAndPlayBk/Page-Vlink-AuthOnly/input_Amount_amount"), amount): Text '10.5' is set on object 'Object Repository/RecAndPlayBk/Page-Vlink-AuthOnly/input_Amount_amount'

2023-02-28 18:36:36 - [MESSAGE][PASSED] - Text '10.5' is set on object 'Object Repository/RecAndPlayBk/Page-Vlink-AuthOnly/input_Amount_amount'

2023-02-28 18:36:36 - [TEST_STEP][PASSED] - doubleClick(findTestObject("Object Repository/RecAndPlayBk/Page-Vlink-AuthOnly/input_Card number_card_number")): Object: 'Object Repository/RecAndPlayBk/Page-Vlink-AuthOnly/input_Card number_card_number' is double clicked on

2023-02-28 18:36:37 - [MESSAGE][PASSED] - Object: 'Object Repository/RecAndPlayBk/Page-Vlink-AuthOnly/input_Card number_card_number' is double clicked on

2023-02-28 18:36:37 - [TEST_STEP][PASSED] - setText(findTestObject("Object Repository/RecAndPlayBk/Page-Vlink-AuthOnly/input_Card number_card_number"), cardNumber): Text '5146312200000035' is set on object 'Object Repository/RecAndPlayBk/Page-Vlink-AuthOnly/input_Card number_card_number'

2023-02-28 18:36:37 - [MESSAGE][PASSED] - Text '5146312200000035' is set on object 'Object Repository/RecAndPlayBk/Page-Vlink-AuthOnly/input_Card number_card_number'

2023-02-28 18:36:37 - [TEST_STEP][PASSED] - setText(findTestObject("Object Repository/RecAndPlayBk/Page-Vlink-AuthOnly/input_Card ex month_card_exmo"), exM): Text '12' is set on object 'Object Repository/RecAndPlayBk/Page-Vlink-AuthOnly/input_Card ex month_card_exmo'

2023-02-28 18:36:38 - [MESSAGE][PASSED] - Text '12' is set on object 'Object Repository/RecAndPlayBk/Page-Vlink-AuthOnly/input_Card ex month_card_exmo'

2023-02-28 18:36:38 - [TEST_STEP][PASSED] - setText(findTestObject("Object Repository/RecAndPlayBk/Page-Vlink-AuthOnly/input_Card ex year_card_exyr"), exY): Text '2029' is set on object 'Object Repository/RecAndPlayBk/Page-Vlink-AuthOnly/input_Card ex year_card_exyr'

2023-02-28 18:36:39 - [MESSAGE][PASSED] - Text '2029' is set on object 'Object Repository/RecAndPlayBk/Page-Vlink-AuthOnly/input_Card ex year_card_exyr'

2023-02-28 18:36:39 - [TEST_STEP][PASSED] - click(findTestObject("Object Repository/RecAndPlayBk/Page-Vlink-AuthOnly/input_Track Data_track_data")): Object: 'Object Repository/RecAndPlayBk/Page-Vlink-AuthOnly/input_Track Data_track_data' is clicked on

2023-02-28 18:36:39 - [MESSAGE][PASSED] - Object: 'Object Repository/RecAndPlayBk/Page-Vlink-AuthOnly/input_Track Data_track_data' is clicked on

2023-02-28 18:36:39 - [TEST_STEP][PASSED] - click(findTestObject("Object Repository/RecAndPlayBk/Page-Vlink-AuthOnly/input_CVV state_cvv_state")): Object: 'Object Repository/RecAndPlayBk/Page-Vlink-AuthOnly/input_CVV state_cvv_state' is clicked on

2023-02-28 18:36:39 - [MESSAGE][PASSED] - Object: 'Object Repository/RecAndPlayBk/Page-Vlink-AuthOnly/input_CVV state_cvv_state' is clicked on

2023-02-28 18:36:39 - [TEST_STEP][PASSED] - setText(findTestObject("Object Repository/RecAndPlayBk/Page-Vlink-AuthOnly/input_Track Data_track_data"), ""): Text '' is set on object 'Object Repository/RecAndPlayBk/Page-Vlink-AuthOnly/input_Track Data_track_data'

2023-02-28 18:36:40 - [MESSAGE][PASSED] - Text '' is set on object 'Object Repository/RecAndPlayBk/Page-Vlink-AuthOnly/input_Track Data_track_data'

2023-02-28 18:36:40 - [TEST_STEP][PASSED] - setText(findTestObject("Object Repository/RecAndPlayBk/Page-Vlink-AuthOnly/input_concat(Cardholder, , s email)_email"), ""): Text '' is set on object 'Object Repository/RecAndPlayBk/Page-Vlink-AuthOnly/input_concat(Cardholder, , s email)_email'

2023-02-28 18:36:41 - [MESSAGE][PASSED] - Text '' is set on object 'Object Repository/RecAndPlayBk/Page-Vlink-AuthOnly/input_concat(Cardholder, , s email)_email'

2023-02-28 18:36:41 - [TEST_STEP][PASSED] - click(findTestObject("Object Repository/RecAndPlayBk/Page-Vlink-AuthOnly/input_user_defined10_user_defined10")): Object: 'Object Repository/RecAndPlayBk/Page-Vlink-AuthOnly/input_user_defined10_user_defined10' is clicked on

2023-02-28 18:36:41 - [MESSAGE][PASSED] - Object: 'Object Repository/RecAndPlayBk/Page-Vlink-AuthOnly/input_user_defined10_user_defined10' is clicked on

2023-02-28 18:36:41 - [TEST_STEP][PASSED] - if (executionProfile.equalsIgnoreCase("QAProfile")): null

2023-02-28 18:36:41 - [TEST_STEP][PASSED] - click(findTestObject("Object Repository/RecAndPlayBk/Page-Vlink-AuthOnly/input")): Object: 'Object Repository/RecAndPlayBk/Page-Vlink-AuthOnly/input' is clicked on

2023-02-28 18:36:42 - [MESSAGE][PASSED] - Object: 'Object Repository/RecAndPlayBk/Page-Vlink-AuthOnly/input' is clicked on

2023-02-28 18:36:42 - [TEST_STEP][FAILED] - if (verifyTextPresent("Transaction approved, no errors", true)): Text 'Transaction approved, no errors' is not present on page  using regular expression (Root cause: com.kms.katalon.core.exception.StepFailedException: Text 'Transaction approved, no errors' is not present on page  using regular expression
	at com.kms.katalon.core.webui.keyword.internal.WebUIKeywordMain.stepFailed(WebUIKeywordMain.groovy:64)
	at com.kms.katalon.core.webui.keyword.builtin.VerifyTextPresentKeyword$_verifyTextPresent_closure1.doCall(VerifyTextPresentKeyword.groovy:79)
	at com.kms.katalon.core.webui.keyword.builtin.VerifyTextPresentKeyword$_verifyTextPresent_closure1.call(VerifyTextPresentKeyword.groovy)
	at com.kms.katalon.core.webui.keyword.internal.WebUIKeywordMain.runKeyword(WebUIKeywordMain.groovy:20)
	at com.kms.katalon.core.webui.keyword.builtin.VerifyTextPresentKeyword.verifyTextPresent(VerifyTextPresentKeyword.groovy:83)
	at com.kms.katalon.core.webui.keyword.builtin.VerifyTextPresentKeyword.execute(VerifyTextPresentKeyword.groovy:68)
	at com.kms.katalon.core.keyword.internal.KeywordExecutor.executeKeywordForPlatform(KeywordExecutor.groovy:74)
	at com.kms.katalon.core.webui.keyword.WebUiBuiltInKeywords.verifyTextPresent(WebUiBuiltInKeywords.groovy:1723)
	at com.kms.katalon.core.webui.keyword.WebUiBuiltInKeywords$verifyTextPresent$4.call(Unknown Source)
	at Auth-Cap-Credit.run(Auth-Cap-Credit:167)
	at com.kms.katalon.core.main.ScriptEngine.run(ScriptEngine.java:194)
	at com.kms.katalon.core.main.ScriptEngine.runScriptAsRawText(ScriptEngine.java:119)
	at com.kms.katalon.core.main.TestCaseExecutor.runScript(TestCaseExecutor.java:442)
	at com.kms.katalon.core.main.TestCaseExecutor.doExecute(TestCaseExecutor.java:433)
	at com.kms.katalon.core.main.TestCaseExecutor.processExecutionPhase(TestCaseExecutor.java:412)
	at com.kms.katalon.core.main.TestCaseExecutor.accessMainPhase(TestCaseExecutor.java:404)
	at com.kms.katalon.core.main.TestCaseExecutor.execute(TestCaseExecutor.java:281)
	at com.kms.katalon.core.main.TestSuiteExecutor.accessTestCaseMainPhase(TestSuiteExecutor.java:202)
	at com.kms.katalon.core.main.TestSuiteExecutor.accessTestSuiteMainPhase(TestSuiteExecutor.java:164)
	at com.kms.katalon.core.main.TestSuiteExecutor.execute(TestSuiteExecutor.java:105)
	at com.kms.katalon.core.main.TestCaseMain.startTestSuite(TestCaseMain.java:185)
	at com.kms.katalon.core.main.TestCaseMain$startTestSuite$0.call(Unknown Source)
	at TempTestSuite1677626298320.run(TempTestSuite1677626298320.groovy:36)
)

2023-02-28 18:36:42 - [MESSAGE][FAILED] - Text 'Transaction approved, no errors' is not present on page  using regular expression (Root cause: com.kms.katalon.core.exception.StepFailedException: Text 'Transaction approved, no errors' is not present on page  using regular expression
	at com.kms.katalon.core.webui.keyword.internal.WebUIKeywordMain.stepFailed(WebUIKeywordMain.groovy:64)
	at com.kms.katalon.core.webui.keyword.builtin.VerifyTextPresentKeyword$_verifyTextPresent_closure1.doCall(VerifyTextPresentKeyword.groovy:79)
	at com.kms.katalon.core.webui.keyword.builtin.VerifyTextPresentKeyword$_verifyTextPresent_closure1.call(VerifyTextPresentKeyword.groovy)
	at com.kms.katalon.core.webui.keyword.internal.WebUIKeywordMain.runKeyword(WebUIKeywordMain.groovy:20)
	at com.kms.katalon.core.webui.keyword.builtin.VerifyTextPresentKeyword.verifyTextPresent(VerifyTextPresentKeyword.groovy:83)
	at com.kms.katalon.core.webui.keyword.builtin.VerifyTextPresentKeyword.execute(VerifyTextPresentKeyword.groovy:68)
	at com.kms.katalon.core.keyword.internal.KeywordExecutor.executeKeywordForPlatform(KeywordExecutor.groovy:74)
	at com.kms.katalon.core.webui.keyword.WebUiBuiltInKeywords.verifyTextPresent(WebUiBuiltInKeywords.groovy:1723)
	at com.kms.katalon.core.webui.keyword.WebUiBuiltInKeywords$verifyTextPresent$4.call(Unknown Source)
	at Auth-Cap-Credit.run(Auth-Cap-Credit:167)
	at com.kms.katalon.core.main.ScriptEngine.run(ScriptEngine.java:194)
	at com.kms.katalon.core.main.ScriptEngine.runScriptAsRawText(ScriptEngine.java:119)
	at com.kms.katalon.core.main.TestCaseExecutor.runScript(TestCaseExecutor.java:442)
	at com.kms.katalon.core.main.TestCaseExecutor.doExecute(TestCaseExecutor.java:433)
	at com.kms.katalon.core.main.TestCaseExecutor.processExecutionPhase(TestCaseExecutor.java:412)
	at com.kms.katalon.core.main.TestCaseExecutor.accessMainPhase(TestCaseExecutor.java:404)
	at com.kms.katalon.core.main.TestCaseExecutor.execute(TestCaseExecutor.java:281)
	at com.kms.katalon.core.main.TestSuiteExecutor.accessTestCaseMainPhase(TestSuiteExecutor.java:202)
	at com.kms.katalon.core.main.TestSuiteExecutor.accessTestSuiteMainPhase(TestSuiteExecutor.java:164)
	at com.kms.katalon.core.main.TestSuiteExecutor.execute(TestSuiteExecutor.java:105)
	at com.kms.katalon.core.main.TestCaseMain.startTestSuite(TestCaseMain.java:185)
	at com.kms.katalon.core.main.TestCaseMain$startTestSuite$0.call(Unknown Source)
	at TempTestSuite1677626298320.run(TempTestSuite1677626298320.groovy:36)
)

2023-02-28 18:36:42 - [TEST_STEP][PASSED] - else: pages.WriteExcel.demoKey is PASSED

2023-02-28 18:36:42 - [TEST_STEP][PASSED] - out.println("Auth was not successful, Dont Capture"): null

2023-02-28 18:36:42 - [TEST_STEP][PASSED] - println("Transaction Approved, no errors text is not present on the Confirmation page"): null

2023-02-28 18:36:42 - [TEST_STEP][PASSED] - out.println("Fail Record Number: " + row): null

2023-02-28 18:36:42 - [TEST_STEP][PASSED] - resText = "Fail": null

2023-02-28 18:36:42 - [TEST_STEP][PASSED] - pages.WriteExcel.demoKey(resText, datText, resColumn, datCloumn, fileLoc, nameSheet, row): pages.WriteExcel.demoKey is PASSED

2023-02-28 18:36:42 - [MESSAGE][PASSED] - pages.WriteExcel.demoKey is PASSED]]></system-out>
         <system-err><![CDATA[2023-02-28 18:34:23 - [TEST_CASE][FAILED] - Test Cases/RecAndPlayBk/VLink/Auth-Cap-Credit: Test Cases/RecAndPlayBk/VLink/Auth-Cap-Credit FAILED.
Reason:
com.kms.katalon.core.exception.StepFailedException: Text 'Transaction approved, no errors' is not present on page  using regular expression (Root cause: com.kms.katalon.core.exception.StepFailedException: Text 'Transaction approved, no errors' is not present on page  using regular expression
	at com.kms.katalon.core.webui.keyword.internal.WebUIKeywordMain.stepFailed(WebUIKeywordMain.groovy:64)
	at com.kms.katalon.core.webui.keyword.builtin.VerifyTextPresentKeyword$_verifyTextPresent_closure1.doCall(VerifyTextPresentKeyword.groovy:79)
	at com.kms.katalon.core.webui.keyword.builtin.VerifyTextPresentKeyword$_verifyTextPresent_closure1.call(VerifyTextPresentKeyword.groovy)
	at com.kms.katalon.core.webui.keyword.internal.WebUIKeywordMain.runKeyword(WebUIKeywordMain.groovy:20)
	at com.kms.katalon.core.webui.keyword.builtin.VerifyTextPresentKeyword.verifyTextPresent(VerifyTextPresentKeyword.groovy:83)
	at com.kms.katalon.core.webui.keyword.builtin.VerifyTextPresentKeyword.execute(VerifyTextPresentKeyword.groovy:68)
	at com.kms.katalon.core.keyword.internal.KeywordExecutor.executeKeywordForPlatform(KeywordExecutor.groovy:74)
	at com.kms.katalon.core.webui.keyword.WebUiBuiltInKeywords.verifyTextPresent(WebUiBuiltInKeywords.groovy:1723)
	at com.kms.katalon.core.webui.keyword.WebUiBuiltInKeywords$verifyTextPresent$4.call(Unknown Source)
	at Auth-Cap-Credit.run(Auth-Cap-Credit:167)
	at com.kms.katalon.core.main.ScriptEngine.run(ScriptEngine.java:194)
	at com.kms.katalon.core.main.ScriptEngine.runScriptAsRawText(ScriptEngine.java:119)
	at com.kms.katalon.core.main.TestCaseExecutor.runScript(TestCaseExecutor.java:442)
	at com.kms.katalon.core.main.TestCaseExecutor.doExecute(TestCaseExecutor.java:433)
	at com.kms.katalon.core.main.TestCaseExecutor.processExecutionPhase(TestCaseExecutor.java:412)
	at com.kms.katalon.core.main.TestCaseExecutor.accessMainPhase(TestCaseExecutor.java:404)
	at com.kms.katalon.core.main.TestCaseExecutor.execute(TestCaseExecutor.java:281)
	at com.kms.katalon.core.main.TestSuiteExecutor.accessTestCaseMainPhase(TestSuiteExecutor.java:202)
	at com.kms.katalon.core.main.TestSuiteExecutor.accessTestSuiteMainPhase(TestSuiteExecutor.java:164)
	at com.kms.katalon.core.main.TestSuiteExecutor.execute(TestSuiteExecutor.java:105)
	at com.kms.katalon.core.main.TestCaseMain.startTestSuite(TestCaseMain.java:185)
	at com.kms.katalon.core.main.TestCaseMain$startTestSuite$0.call(Unknown Source)
	at TempTestSuite1677626298320.run(TempTestSuite1677626298320.groovy:36)
)
	at com.kms.katalon.core.keyword.internal.KeywordMain.stepFailed(KeywordMain.groovy:39)
	at com.kms.katalon.core.webui.keyword.internal.WebUIKeywordMain.stepFailed(WebUIKeywordMain.groovy:64)
	at com.kms.katalon.core.webui.keyword.builtin.VerifyTextPresentKeyword$_verifyTextPresent_closure1.doCall(VerifyTextPresentKeyword.groovy:79)
	at com.kms.katalon.core.webui.keyword.builtin.VerifyTextPresentKeyword$_verifyTextPresent_closure1.call(VerifyTextPresentKeyword.groovy)
	at com.kms.katalon.core.webui.keyword.internal.WebUIKeywordMain.runKeyword(WebUIKeywordMain.groovy:20)
	at com.kms.katalon.core.webui.keyword.builtin.VerifyTextPresentKeyword.verifyTextPresent(VerifyTextPresentKeyword.groovy:83)
	at com.kms.katalon.core.webui.keyword.builtin.VerifyTextPresentKeyword.execute(VerifyTextPresentKeyword.groovy:68)
	at com.kms.katalon.core.keyword.internal.KeywordExecutor.executeKeywordForPlatform(KeywordExecutor.groovy:74)
	at com.kms.katalon.core.webui.keyword.WebUiBuiltInKeywords.verifyTextPresent(WebUiBuiltInKeywords.groovy:1723)
	at com.kms.katalon.core.webui.keyword.WebUiBuiltInKeywords$verifyTextPresent$4.call(Unknown Source)
	at Auth-Cap-Credit.run(Auth-Cap-Credit:167)
	at com.kms.katalon.core.main.ScriptEngine.run(ScriptEngine.java:194)
	at com.kms.katalon.core.main.ScriptEngine.runScriptAsRawText(ScriptEngine.java:119)
	at com.kms.katalon.core.main.TestCaseExecutor.runScript(TestCaseExecutor.java:442)
	at com.kms.katalon.core.main.TestCaseExecutor.doExecute(TestCaseExecutor.java:433)
	at com.kms.katalon.core.main.TestCaseExecutor.processExecutionPhase(TestCaseExecutor.java:412)
	at com.kms.katalon.core.main.TestCaseExecutor.accessMainPhase(TestCaseExecutor.java:404)
	at com.kms.katalon.core.main.TestCaseExecutor.execute(TestCaseExecutor.java:281)
	at com.kms.katalon.core.main.TestSuiteExecutor.accessTestCaseMainPhase(TestSuiteExecutor.java:202)
	at com.kms.katalon.core.main.TestSuiteExecutor.accessTestSuiteMainPhase(TestSuiteExecutor.java:164)
	at com.kms.katalon.core.main.TestSuiteExecutor.execute(TestSuiteExecutor.java:105)
	at com.kms.katalon.core.main.TestCaseMain.startTestSuite(TestCaseMain.java:185)
	at com.kms.katalon.core.main.TestCaseMain$startTestSuite$0.call(Unknown Source)
	at TempTestSuite1677626298320.run(TempTestSuite1677626298320.groovy:36)
Caused by: com.kms.katalon.core.exception.StepFailedException: Text 'Transaction approved, no errors' is not present on page  using regular expression
	... 23 more]]></system-err>
      </testcase>
      <testcase name="Test Cases/RecAndPlayBk/VLink/Debit" time="101.225" classname="Test Cases/RecAndPlayBk/VLink/Debit" status="PASSED">
         <system-out><![CDATA[2023-02-28 18:36:42 - [TEST_CASE][PASSED] - Test Cases/RecAndPlayBk/VLink/Debit: Test Cases/RecAndPlayBk/VLink/Debit

2023-02-28 18:36:43 - [TEST_STEP][PASSED] - executionProfile = getExecutionProfile(): null

2023-02-28 18:36:43 - [TEST_STEP][PASSED] - out.println("executionProfile : " + executionProfile): null

2023-02-28 18:36:43 - [TEST_STEP][PASSED] - appName = <not implemented yet for class: org.codehaus.groovy.ast.expr.EmptyExpression>: null

2023-02-28 18:36:43 - [TEST_STEP][PASSED] - appID = <not implemented yet for class: org.codehaus.groovy.ast.expr.EmptyExpression>: null

2023-02-28 18:36:43 - [TEST_STEP][PASSED] - username = <not implemented yet for class: org.codehaus.groovy.ast.expr.EmptyExpression>: null

2023-02-28 18:36:43 - [TEST_STEP][PASSED] - password = <not implemented yet for class: org.codehaus.groovy.ast.expr.EmptyExpression>: null

2023-02-28 18:36:43 - [TEST_STEP][PASSED] - cardNameV = <not implemented yet for class: org.codehaus.groovy.ast.expr.EmptyExpression>: null

2023-02-28 18:36:43 - [TEST_STEP][PASSED] - al1V = <not implemented yet for class: org.codehaus.groovy.ast.expr.EmptyExpression>: null

2023-02-28 18:36:43 - [TEST_STEP][PASSED] - al2V = <not implemented yet for class: org.codehaus.groovy.ast.expr.EmptyExpression>: null

2023-02-28 18:36:43 - [TEST_STEP][PASSED] - zipV = <not implemented yet for class: org.codehaus.groovy.ast.expr.EmptyExpression>: null

2023-02-28 18:36:43 - [TEST_STEP][PASSED] - cardTypeV = <not implemented yet for class: org.codehaus.groovy.ast.expr.EmptyExpression>: null

2023-02-28 18:36:43 - [TEST_STEP][PASSED] - last4V = <not implemented yet for class: org.codehaus.groovy.ast.expr.EmptyExpression>: null

2023-02-28 18:36:43 - [TEST_STEP][PASSED] - resText = "Fail": null

2023-02-28 18:36:43 - [TEST_STEP][PASSED] - resColumn = "Result": null

2023-02-28 18:36:43 - [TEST_STEP][PASSED] - datCloumn = "Date": null

2023-02-28 18:36:43 - [TEST_STEP][PASSED] - fileLoc = "KatalonData/VLinkSmokeDataACH.xlsx": null

2023-02-28 18:36:43 - [TEST_STEP][PASSED] - numOfRows = <not implemented yet for class: org.codehaus.groovy.ast.expr.EmptyExpression>: null

2023-02-28 18:36:43 - [TEST_STEP][PASSED] - dataFile = <not implemented yet for class: org.codehaus.groovy.ast.expr.EmptyExpression>: null

2023-02-28 18:36:43 - [TEST_STEP][PASSED] - nameSheet = <not implemented yet for class: org.codehaus.groovy.ast.expr.EmptyExpression>: null

2023-02-28 18:36:43 - [TEST_STEP][PASSED] - nameSheet = "Debit": null

2023-02-28 18:36:43 - [TEST_STEP][PASSED] - numOfRows = findTestData("QA/VLinkTestData/VLinkDebitData").getRowNumbers(): null

2023-02-28 18:36:43 - [TEST_STEP][PASSED] - println("Number of Records: " + numOfRows): null

2023-02-28 18:36:43 - [TEST_STEP][PASSED] - dataFile = "QA/VLinkTestData/VLinkDebitData": null

2023-02-28 18:36:43 - [TEST_STEP][PASSED] - for ([row = 1, row <= numOfRows, (row++)]): null

2023-02-28 18:36:43 - [TEST_STEP][PASSED] - ExecuteTC = findTestData(dataFile).getValue("Execute", row): null

2023-02-28 18:36:43 - [TEST_STEP][PASSED] - out.println("Value of Execute is : " + ExecuteTC): null

2023-02-28 18:36:43 - [TEST_STEP][PASSED] - switch (executionProfile): null

2023-02-28 18:36:43 - [TEST_STEP][PASSED] - case "Demo2Profile":: null

2023-02-28 18:36:43 - [TEST_STEP][PASSED] - appID = findTestData(dataFile).getValue("AppIDDemo", row): null

2023-02-28 18:36:43 - [TEST_STEP][PASSED] - username = findTestData(dataFile).getValue("UsernameDemo", row): null

2023-02-28 18:36:43 - [TEST_STEP][PASSED] - password = findTestData(dataFile).getValue("PasswordDemo", row): null

2023-02-28 18:36:43 - [TEST_STEP][PASSED] - break: null

2023-02-28 18:36:43 - [TEST_STEP][PASSED] - if (ExecuteTC.equalsIgnoreCase("Y")): null

2023-02-28 18:36:43 - [TEST_STEP][PASSED] - out.println("Begin Record Number: " + row): null

2023-02-28 18:36:43 - [TEST_STEP][PASSED] - today = new java.util.Date(): null

2023-02-28 18:36:43 - [TEST_STEP][PASSED] - println(today): null

2023-02-28 18:36:43 - [TEST_STEP][PASSED] - datText = today: null

2023-02-28 18:36:43 - [TEST_STEP][PASSED] - checkType = findTestData(dataFile).getValue("CheckType", row): null

2023-02-28 18:36:43 - [TEST_STEP][PASSED] - acNumber = findTestData(dataFile).getValue("AcNumber", row): null

2023-02-28 18:36:43 - [TEST_STEP][PASSED] - company = findTestData(dataFile).getValue("Company", row): null

2023-02-28 18:36:43 - [TEST_STEP][PASSED] - acType = findTestData(dataFile).getValue("AcType", row): null

2023-02-28 18:36:43 - [TEST_STEP][PASSED] - rtn = findTestData(dataFile).getValue("RTN", row): null

2023-02-28 18:36:44 - [TEST_STEP][PASSED] - amount = findTestData(dataFile).getValue("Amount", row): null

2023-02-28 18:36:44 - [TEST_STEP][PASSED] - sec = findTestData(dataFile).getValue("SEC", row): null

2023-02-28 18:36:44 - [TEST_STEP][PASSED] - openBrowser(VLinkURL + "debit.html"): Browser is opened with url: 'https://dev-algorithm.govolution.com/vlinktest/demo2/version_2_0/debit.html'

2023-02-28 18:36:44 - [MESSAGE][WARNING] - A browser is already opened. Closing browser and opening a new one

2023-02-28 18:36:44 - [MESSAGE][INFO] - Starting 'Chrome' driver

2023-02-28 18:36:44 - [MESSAGE][INFO] - User set preference: ['acceptInsecureCerts', 'true']

2023-02-28 18:36:44 - [MESSAGE][INFO] - Action delay is set to 0 milliseconds

2023-02-28 18:36:46 - [MESSAGE][PASSED] - Browser is opened with url: 'https://dev-algorithm.govolution.com/vlinktest/demo2/version_2_0/debit.html'

2023-02-28 18:36:46 - [TEST_STEP][PASSED] - maximizeWindow(): Current window maximized

2023-02-28 18:36:46 - [MESSAGE][PASSED] - Current window maximized

2023-02-28 18:36:46 - [TEST_STEP][PASSED] - genRemID = RandomStringUtils.random(12, true, true): null

2023-02-28 18:36:46 - [TEST_STEP][PASSED] - setText(findTestObject("RecAndPlayBk/Page-Vlink-Debit/input_Remittance Id"), genRemID): Text 'NKRVG3Rhtrgh' is set on object 'Object Repository/RecAndPlayBk/Page-Vlink-Debit/input_Remittance Id'

2023-02-28 18:36:47 - [MESSAGE][PASSED] - Text 'NKRVG3Rhtrgh' is set on object 'Object Repository/RecAndPlayBk/Page-Vlink-Debit/input_Remittance Id'

2023-02-28 18:36:47 - [TEST_STEP][PASSED] - setText(findTestObject("RecAndPlayBk/Page-Vlink-Debit/input_Application Id"), appID): Text '1773' is set on object 'Object Repository/RecAndPlayBk/Page-Vlink-Debit/input_Application Id'

2023-02-28 18:36:48 - [MESSAGE][PASSED] - Text '1773' is set on object 'Object Repository/RecAndPlayBk/Page-Vlink-Debit/input_Application Id'

2023-02-28 18:36:48 - [TEST_STEP][PASSED] - setText(findTestObject("RecAndPlayBk/Page-Vlink-Debit/input_Username"), username): Text 'Qq2BV1qtr' is set on object 'Object Repository/RecAndPlayBk/Page-Vlink-Debit/input_Username'

2023-02-28 18:36:49 - [MESSAGE][PASSED] - Text 'Qq2BV1qtr' is set on object 'Object Repository/RecAndPlayBk/Page-Vlink-Debit/input_Username'

2023-02-28 18:36:49 - [TEST_STEP][PASSED] - setText(findTestObject("RecAndPlayBk/Page-Vlink-Debit/input_Password"), password): Text 'tUmWBiLUx' is set on object 'Object Repository/RecAndPlayBk/Page-Vlink-Debit/input_Password'

2023-02-28 18:36:49 - [MESSAGE][PASSED] - Text 'tUmWBiLUx' is set on object 'Object Repository/RecAndPlayBk/Page-Vlink-Debit/input_Password'

2023-02-28 18:36:49 - [TEST_STEP][PASSED] - setText(findTestObject("RecAndPlayBk/Page-Vlink-Debit/input_Check Type"), checkType): Text 'P' is set on object 'Object Repository/RecAndPlayBk/Page-Vlink-Debit/input_Check Type'

2023-02-28 18:36:50 - [MESSAGE][PASSED] - Text 'P' is set on object 'Object Repository/RecAndPlayBk/Page-Vlink-Debit/input_Check Type'

2023-02-28 18:36:50 - [TEST_STEP][PASSED] - setText(findTestObject("RecAndPlayBk/Page-Vlink-Debit/input_Account_check"), acNumber): Text '58963214' is set on object 'Object Repository/RecAndPlayBk/Page-Vlink-Debit/input_Account_check'

2023-02-28 18:36:51 - [MESSAGE][PASSED] - Text '58963214' is set on object 'Object Repository/RecAndPlayBk/Page-Vlink-Debit/input_Account_check'

2023-02-28 18:36:51 - [TEST_STEP][PASSED] - setText(findTestObject("RecAndPlayBk/Page-Vlink-Debit/input_Company_check"), company): Text '' is set on object 'Object Repository/RecAndPlayBk/Page-Vlink-Debit/input_Company_check'

2023-02-28 18:36:51 - [MESSAGE][PASSED] - Text '' is set on object 'Object Repository/RecAndPlayBk/Page-Vlink-Debit/input_Company_check'

2023-02-28 18:36:51 - [TEST_STEP][PASSED] - setText(findTestObject("RecAndPlayBk/Page-Vlink-Debit/input_Account Type"), acType): Text '1' is set on object 'Object Repository/RecAndPlayBk/Page-Vlink-Debit/input_Account Type'

2023-02-28 18:36:52 - [MESSAGE][PASSED] - Text '1' is set on object 'Object Repository/RecAndPlayBk/Page-Vlink-Debit/input_Account Type'

2023-02-28 18:36:52 - [TEST_STEP][PASSED] - setText(findTestObject("RecAndPlayBk/Page-Vlink-Debit/input_Routing Number"), rtn): Text '256072691' is set on object 'Object Repository/RecAndPlayBk/Page-Vlink-Debit/input_Routing Number'

2023-02-28 18:36:52 - [MESSAGE][PASSED] - Text '256072691' is set on object 'Object Repository/RecAndPlayBk/Page-Vlink-Debit/input_Routing Number'

2023-02-28 18:36:52 - [TEST_STEP][PASSED] - setText(findTestObject("RecAndPlayBk/Page-Vlink-Debit/input_Amount"), amount): Text '12.50' is set on object 'Object Repository/RecAndPlayBk/Page-Vlink-Debit/input_Amount'

2023-02-28 18:36:53 - [MESSAGE][PASSED] - Text '12.50' is set on object 'Object Repository/RecAndPlayBk/Page-Vlink-Debit/input_Amount'

2023-02-28 18:36:53 - [TEST_STEP][PASSED] - setText(findTestObject("RecAndPlayBk/Page-Vlink-Debit/input_Check Email"), ""): Text '' is set on object 'Object Repository/RecAndPlayBk/Page-Vlink-Debit/input_Check Email'

2023-02-28 18:36:54 - [MESSAGE][PASSED] - Text '' is set on object 'Object Repository/RecAndPlayBk/Page-Vlink-Debit/input_Check Email'

2023-02-28 18:36:54 - [TEST_STEP][PASSED] - setText(findTestObject("Object Repository/RecAndPlayBk/Page-Vlink-Debit/input_concat(CheckWriter, , s SSN)_check_ssn"), ""): Text '' is set on object 'Object Repository/RecAndPlayBk/Page-Vlink-Debit/input_concat(CheckWriter, , s SSN)_check_ssn'

2023-02-28 18:36:54 - [MESSAGE][PASSED] - Text '' is set on object 'Object Repository/RecAndPlayBk/Page-Vlink-Debit/input_concat(CheckWriter, , s SSN)_check_ssn'

2023-02-28 18:36:54 - [TEST_STEP][PASSED] - setText(findTestObject("Object Repository/RecAndPlayBk/Page-Vlink-Debit/input_concat(CheckWriter, , s License Numbe_020fef"), ""): Text '' is set on object 'Object Repository/RecAndPlayBk/Page-Vlink-Debit/input_concat(CheckWriter, , s License Numbe_020fef'

2023-02-28 18:36:55 - [MESSAGE][PASSED] - Text '' is set on object 'Object Repository/RecAndPlayBk/Page-Vlink-Debit/input_concat(CheckWriter, , s License Numbe_020fef'

2023-02-28 18:36:55 - [TEST_STEP][PASSED] - setText(findTestObject("Object Repository/RecAndPlayBk/Page-Vlink-Debit/input_concat(CheckWriter, , s License State_21e3e7"), ""): Text '' is set on object 'Object Repository/RecAndPlayBk/Page-Vlink-Debit/input_concat(CheckWriter, , s License State_21e3e7'

2023-02-28 18:36:56 - [MESSAGE][PASSED] - Text '' is set on object 'Object Repository/RecAndPlayBk/Page-Vlink-Debit/input_concat(CheckWriter, , s License State_21e3e7'

2023-02-28 18:36:56 - [TEST_STEP][PASSED] - setText(findTestObject("RecAndPlayBk/Page-Vlink-Debit/input_Standard Entry Class"), sec): Text 'WEB' is set on object 'Object Repository/RecAndPlayBk/Page-Vlink-Debit/input_Standard Entry Class'

2023-02-28 18:36:56 - [MESSAGE][PASSED] - Text 'WEB' is set on object 'Object Repository/RecAndPlayBk/Page-Vlink-Debit/input_Standard Entry Class'

2023-02-28 18:36:56 - [TEST_STEP][PASSED] - click(findTestObject("Object Repository/RecAndPlayBk/Page-Vlink-Debit/input")): Object: 'Object Repository/RecAndPlayBk/Page-Vlink-Debit/input' is clicked on

2023-02-28 18:36:57 - [MESSAGE][PASSED] - Object: 'Object Repository/RecAndPlayBk/Page-Vlink-Debit/input' is clicked on

2023-02-28 18:36:57 - [TEST_STEP][PASSED] - if (verifyTextPresent("Transaction approved, no errors", true)): null

2023-02-28 18:36:57 - [MESSAGE][PASSED] - Text 'Transaction approved, no errors' is present on page  using regular expression

2023-02-28 18:36:57 - [TEST_STEP][PASSED] - println("Transaction Approved, no errors text is present on the Confirmation page"): null

2023-02-28 18:36:57 - [TEST_STEP][PASSED] - out.println("Pass Record Number: " + row): null

2023-02-28 18:36:57 - [TEST_STEP][PASSED] - resText = "Pass": null

2023-02-28 18:36:57 - [TEST_STEP][PASSED] - pages.WriteExcel.demoKey(resText, datText, resColumn, datCloumn, fileLoc, nameSheet, row): pages.WriteExcel.demoKey is PASSED

2023-02-28 18:36:58 - [MESSAGE][PASSED] - pages.WriteExcel.demoKey is PASSED

2023-02-28 18:36:58 - [TEST_STEP][PASSED] - ExecuteTC = findTestData(dataFile).getValue("Execute", row): null

2023-02-28 18:36:58 - [TEST_STEP][PASSED] - out.println("Value of Execute is : " + ExecuteTC): null

2023-02-28 18:36:58 - [TEST_STEP][PASSED] - switch (executionProfile): null

2023-02-28 18:36:58 - [TEST_STEP][PASSED] - case "Demo2Profile":: null

2023-02-28 18:36:58 - [TEST_STEP][PASSED] - appID = findTestData(dataFile).getValue("AppIDDemo", row): null

2023-02-28 18:36:58 - [TEST_STEP][PASSED] - username = findTestData(dataFile).getValue("UsernameDemo", row): null

2023-02-28 18:36:58 - [TEST_STEP][PASSED] - password = findTestData(dataFile).getValue("PasswordDemo", row): null

2023-02-28 18:36:58 - [TEST_STEP][PASSED] - break: null

2023-02-28 18:36:58 - [TEST_STEP][PASSED] - if (ExecuteTC.equalsIgnoreCase("Y")): null

2023-02-28 18:36:58 - [TEST_STEP][PASSED] - out.println("Begin Record Number: " + row): null

2023-02-28 18:36:58 - [TEST_STEP][PASSED] - today = new java.util.Date(): null

2023-02-28 18:36:58 - [TEST_STEP][PASSED] - println(today): null

2023-02-28 18:36:58 - [TEST_STEP][PASSED] - datText = today: null

2023-02-28 18:36:58 - [TEST_STEP][PASSED] - checkType = findTestData(dataFile).getValue("CheckType", row): null

2023-02-28 18:36:58 - [TEST_STEP][PASSED] - acNumber = findTestData(dataFile).getValue("AcNumber", row): null

2023-02-28 18:36:58 - [TEST_STEP][PASSED] - company = findTestData(dataFile).getValue("Company", row): null

2023-02-28 18:36:58 - [TEST_STEP][PASSED] - acType = findTestData(dataFile).getValue("AcType", row): null

2023-02-28 18:36:58 - [TEST_STEP][PASSED] - rtn = findTestData(dataFile).getValue("RTN", row): null

2023-02-28 18:36:58 - [TEST_STEP][PASSED] - amount = findTestData(dataFile).getValue("Amount", row): null

2023-02-28 18:36:58 - [TEST_STEP][PASSED] - sec = findTestData(dataFile).getValue("SEC", row): null

2023-02-28 18:36:58 - [TEST_STEP][PASSED] - openBrowser(VLinkURL + "debit.html"): Browser is opened with url: 'https://dev-algorithm.govolution.com/vlinktest/demo2/version_2_0/debit.html'

2023-02-28 18:36:58 - [MESSAGE][WARNING] - A browser is already opened. Closing browser and opening a new one

2023-02-28 18:36:59 - [MESSAGE][INFO] - Starting 'Chrome' driver

2023-02-28 18:36:59 - [MESSAGE][INFO] - User set preference: ['acceptInsecureCerts', 'true']

2023-02-28 18:36:59 - [MESSAGE][INFO] - Action delay is set to 0 milliseconds

2023-02-28 18:37:01 - [MESSAGE][PASSED] - Browser is opened with url: 'https://dev-algorithm.govolution.com/vlinktest/demo2/version_2_0/debit.html'

2023-02-28 18:37:01 - [TEST_STEP][PASSED] - maximizeWindow(): Current window maximized

2023-02-28 18:37:01 - [MESSAGE][PASSED] - Current window maximized

2023-02-28 18:37:01 - [TEST_STEP][PASSED] - genRemID = RandomStringUtils.random(12, true, true): null

2023-02-28 18:37:01 - [TEST_STEP][PASSED] - setText(findTestObject("RecAndPlayBk/Page-Vlink-Debit/input_Remittance Id"), genRemID): Text 'xMOCnopQ3Pzl' is set on object 'Object Repository/RecAndPlayBk/Page-Vlink-Debit/input_Remittance Id'

2023-02-28 18:37:02 - [MESSAGE][PASSED] - Text 'xMOCnopQ3Pzl' is set on object 'Object Repository/RecAndPlayBk/Page-Vlink-Debit/input_Remittance Id'

2023-02-28 18:37:02 - [TEST_STEP][PASSED] - setText(findTestObject("RecAndPlayBk/Page-Vlink-Debit/input_Application Id"), appID): Text '1773' is set on object 'Object Repository/RecAndPlayBk/Page-Vlink-Debit/input_Application Id'

2023-02-28 18:37:03 - [MESSAGE][PASSED] - Text '1773' is set on object 'Object Repository/RecAndPlayBk/Page-Vlink-Debit/input_Application Id'

2023-02-28 18:37:03 - [TEST_STEP][PASSED] - setText(findTestObject("RecAndPlayBk/Page-Vlink-Debit/input_Username"), username): Text 'Qq2BV1qtr' is set on object 'Object Repository/RecAndPlayBk/Page-Vlink-Debit/input_Username'

2023-02-28 18:37:03 - [MESSAGE][PASSED] - Text 'Qq2BV1qtr' is set on object 'Object Repository/RecAndPlayBk/Page-Vlink-Debit/input_Username'

2023-02-28 18:37:03 - [TEST_STEP][PASSED] - setText(findTestObject("RecAndPlayBk/Page-Vlink-Debit/input_Password"), password): Text 'tUmWBiLUx' is set on object 'Object Repository/RecAndPlayBk/Page-Vlink-Debit/input_Password'

2023-02-28 18:37:04 - [MESSAGE][PASSED] - Text 'tUmWBiLUx' is set on object 'Object Repository/RecAndPlayBk/Page-Vlink-Debit/input_Password'

2023-02-28 18:37:04 - [TEST_STEP][PASSED] - setText(findTestObject("RecAndPlayBk/Page-Vlink-Debit/input_Check Type"), checkType): Text 'P' is set on object 'Object Repository/RecAndPlayBk/Page-Vlink-Debit/input_Check Type'

2023-02-28 18:37:04 - [MESSAGE][PASSED] - Text 'P' is set on object 'Object Repository/RecAndPlayBk/Page-Vlink-Debit/input_Check Type'

2023-02-28 18:37:04 - [TEST_STEP][PASSED] - setText(findTestObject("RecAndPlayBk/Page-Vlink-Debit/input_Account_check"), acNumber): Text '58963214' is set on object 'Object Repository/RecAndPlayBk/Page-Vlink-Debit/input_Account_check'

2023-02-28 18:37:05 - [MESSAGE][PASSED] - Text '58963214' is set on object 'Object Repository/RecAndPlayBk/Page-Vlink-Debit/input_Account_check'

2023-02-28 18:37:05 - [TEST_STEP][PASSED] - setText(findTestObject("RecAndPlayBk/Page-Vlink-Debit/input_Company_check"), company): Text '' is set on object 'Object Repository/RecAndPlayBk/Page-Vlink-Debit/input_Company_check'

2023-02-28 18:37:06 - [MESSAGE][PASSED] - Text '' is set on object 'Object Repository/RecAndPlayBk/Page-Vlink-Debit/input_Company_check'

2023-02-28 18:37:06 - [TEST_STEP][PASSED] - setText(findTestObject("RecAndPlayBk/Page-Vlink-Debit/input_Account Type"), acType): Text '1' is set on object 'Object Repository/RecAndPlayBk/Page-Vlink-Debit/input_Account Type'

2023-02-28 18:37:06 - [MESSAGE][PASSED] - Text '1' is set on object 'Object Repository/RecAndPlayBk/Page-Vlink-Debit/input_Account Type'

2023-02-28 18:37:06 - [TEST_STEP][PASSED] - setText(findTestObject("RecAndPlayBk/Page-Vlink-Debit/input_Routing Number"), rtn): Text '256072691' is set on object 'Object Repository/RecAndPlayBk/Page-Vlink-Debit/input_Routing Number'

2023-02-28 18:37:07 - [MESSAGE][PASSED] - Text '256072691' is set on object 'Object Repository/RecAndPlayBk/Page-Vlink-Debit/input_Routing Number'

2023-02-28 18:37:07 - [TEST_STEP][PASSED] - setText(findTestObject("RecAndPlayBk/Page-Vlink-Debit/input_Amount"), amount): Text '12.50' is set on object 'Object Repository/RecAndPlayBk/Page-Vlink-Debit/input_Amount'

2023-02-28 18:37:08 - [MESSAGE][PASSED] - Text '12.50' is set on object 'Object Repository/RecAndPlayBk/Page-Vlink-Debit/input_Amount'

2023-02-28 18:37:08 - [TEST_STEP][PASSED] - setText(findTestObject("RecAndPlayBk/Page-Vlink-Debit/input_Check Email"), ""): Text '' is set on object 'Object Repository/RecAndPlayBk/Page-Vlink-Debit/input_Check Email'

2023-02-28 18:37:08 - [MESSAGE][PASSED] - Text '' is set on object 'Object Repository/RecAndPlayBk/Page-Vlink-Debit/input_Check Email'

2023-02-28 18:37:08 - [TEST_STEP][PASSED] - setText(findTestObject("Object Repository/RecAndPlayBk/Page-Vlink-Debit/input_concat(CheckWriter, , s SSN)_check_ssn"), ""): Text '' is set on object 'Object Repository/RecAndPlayBk/Page-Vlink-Debit/input_concat(CheckWriter, , s SSN)_check_ssn'

2023-02-28 18:37:09 - [MESSAGE][PASSED] - Text '' is set on object 'Object Repository/RecAndPlayBk/Page-Vlink-Debit/input_concat(CheckWriter, , s SSN)_check_ssn'

2023-02-28 18:37:09 - [TEST_STEP][PASSED] - setText(findTestObject("Object Repository/RecAndPlayBk/Page-Vlink-Debit/input_concat(CheckWriter, , s License Numbe_020fef"), ""): Text '' is set on object 'Object Repository/RecAndPlayBk/Page-Vlink-Debit/input_concat(CheckWriter, , s License Numbe_020fef'

2023-02-28 18:37:09 - [MESSAGE][PASSED] - Text '' is set on object 'Object Repository/RecAndPlayBk/Page-Vlink-Debit/input_concat(CheckWriter, , s License Numbe_020fef'

2023-02-28 18:37:09 - [TEST_STEP][PASSED] - setText(findTestObject("Object Repository/RecAndPlayBk/Page-Vlink-Debit/input_concat(CheckWriter, , s License State_21e3e7"), ""): Text '' is set on object 'Object Repository/RecAndPlayBk/Page-Vlink-Debit/input_concat(CheckWriter, , s License State_21e3e7'

2023-02-28 18:37:10 - [MESSAGE][PASSED] - Text '' is set on object 'Object Repository/RecAndPlayBk/Page-Vlink-Debit/input_concat(CheckWriter, , s License State_21e3e7'

2023-02-28 18:37:10 - [TEST_STEP][PASSED] - setText(findTestObject("RecAndPlayBk/Page-Vlink-Debit/input_Standard Entry Class"), sec): Text 'TEL' is set on object 'Object Repository/RecAndPlayBk/Page-Vlink-Debit/input_Standard Entry Class'

2023-02-28 18:37:11 - [MESSAGE][PASSED] - Text 'TEL' is set on object 'Object Repository/RecAndPlayBk/Page-Vlink-Debit/input_Standard Entry Class'

2023-02-28 18:37:11 - [TEST_STEP][PASSED] - click(findTestObject("Object Repository/RecAndPlayBk/Page-Vlink-Debit/input")): Object: 'Object Repository/RecAndPlayBk/Page-Vlink-Debit/input' is clicked on

2023-02-28 18:37:12 - [MESSAGE][PASSED] - Object: 'Object Repository/RecAndPlayBk/Page-Vlink-Debit/input' is clicked on

2023-02-28 18:37:12 - [TEST_STEP][PASSED] - if (verifyTextPresent("Transaction approved, no errors", true)): null

2023-02-28 18:37:12 - [MESSAGE][PASSED] - Text 'Transaction approved, no errors' is present on page  using regular expression

2023-02-28 18:37:12 - [TEST_STEP][PASSED] - println("Transaction Approved, no errors text is present on the Confirmation page"): null

2023-02-28 18:37:12 - [TEST_STEP][PASSED] - out.println("Pass Record Number: " + row): null

2023-02-28 18:37:12 - [TEST_STEP][PASSED] - resText = "Pass": null

2023-02-28 18:37:12 - [TEST_STEP][PASSED] - pages.WriteExcel.demoKey(resText, datText, resColumn, datCloumn, fileLoc, nameSheet, row): pages.WriteExcel.demoKey is PASSED

2023-02-28 18:37:12 - [MESSAGE][PASSED] - pages.WriteExcel.demoKey is PASSED

2023-02-28 18:37:12 - [TEST_STEP][PASSED] - ExecuteTC = findTestData(dataFile).getValue("Execute", row): null

2023-02-28 18:37:12 - [TEST_STEP][PASSED] - out.println("Value of Execute is : " + ExecuteTC): null

2023-02-28 18:37:12 - [TEST_STEP][PASSED] - switch (executionProfile): null

2023-02-28 18:37:12 - [TEST_STEP][PASSED] - case "Demo2Profile":: null

2023-02-28 18:37:12 - [TEST_STEP][PASSED] - appID = findTestData(dataFile).getValue("AppIDDemo", row): null

2023-02-28 18:37:12 - [TEST_STEP][PASSED] - username = findTestData(dataFile).getValue("UsernameDemo", row): null

2023-02-28 18:37:12 - [TEST_STEP][PASSED] - password = findTestData(dataFile).getValue("PasswordDemo", row): null

2023-02-28 18:37:12 - [TEST_STEP][PASSED] - break: null

2023-02-28 18:37:12 - [TEST_STEP][PASSED] - if (ExecuteTC.equalsIgnoreCase("Y")): null

2023-02-28 18:37:12 - [TEST_STEP][PASSED] - out.println("Begin Record Number: " + row): null

2023-02-28 18:37:12 - [TEST_STEP][PASSED] - today = new java.util.Date(): null

2023-02-28 18:37:12 - [TEST_STEP][PASSED] - println(today): null

2023-02-28 18:37:12 - [TEST_STEP][PASSED] - datText = today: null

2023-02-28 18:37:12 - [TEST_STEP][PASSED] - checkType = findTestData(dataFile).getValue("CheckType", row): null

2023-02-28 18:37:12 - [TEST_STEP][PASSED] - acNumber = findTestData(dataFile).getValue("AcNumber", row): null

2023-02-28 18:37:12 - [TEST_STEP][PASSED] - company = findTestData(dataFile).getValue("Company", row): null

2023-02-28 18:37:12 - [TEST_STEP][PASSED] - acType = findTestData(dataFile).getValue("AcType", row): null

2023-02-28 18:37:12 - [TEST_STEP][PASSED] - rtn = findTestData(dataFile).getValue("RTN", row): null

2023-02-28 18:37:12 - [TEST_STEP][PASSED] - amount = findTestData(dataFile).getValue("Amount", row): null

2023-02-28 18:37:13 - [TEST_STEP][PASSED] - sec = findTestData(dataFile).getValue("SEC", row): null

2023-02-28 18:37:13 - [TEST_STEP][PASSED] - openBrowser(VLinkURL + "debit.html"): Browser is opened with url: 'https://dev-algorithm.govolution.com/vlinktest/demo2/version_2_0/debit.html'

2023-02-28 18:37:13 - [MESSAGE][WARNING] - A browser is already opened. Closing browser and opening a new one

2023-02-28 18:37:13 - [MESSAGE][INFO] - Starting 'Chrome' driver

2023-02-28 18:37:13 - [MESSAGE][INFO] - User set preference: ['acceptInsecureCerts', 'true']

2023-02-28 18:37:13 - [MESSAGE][INFO] - Action delay is set to 0 milliseconds

2023-02-28 18:37:15 - [MESSAGE][PASSED] - Browser is opened with url: 'https://dev-algorithm.govolution.com/vlinktest/demo2/version_2_0/debit.html'

2023-02-28 18:37:15 - [TEST_STEP][PASSED] - maximizeWindow(): Current window maximized

2023-02-28 18:37:15 - [MESSAGE][PASSED] - Current window maximized

2023-02-28 18:37:15 - [TEST_STEP][PASSED] - genRemID = RandomStringUtils.random(12, true, true): null

2023-02-28 18:37:15 - [TEST_STEP][PASSED] - setText(findTestObject("RecAndPlayBk/Page-Vlink-Debit/input_Remittance Id"), genRemID): Text 'kTHr6FDSEq4Z' is set on object 'Object Repository/RecAndPlayBk/Page-Vlink-Debit/input_Remittance Id'

2023-02-28 18:37:16 - [MESSAGE][PASSED] - Text 'kTHr6FDSEq4Z' is set on object 'Object Repository/RecAndPlayBk/Page-Vlink-Debit/input_Remittance Id'

2023-02-28 18:37:16 - [TEST_STEP][PASSED] - setText(findTestObject("RecAndPlayBk/Page-Vlink-Debit/input_Application Id"), appID): Text '1773' is set on object 'Object Repository/RecAndPlayBk/Page-Vlink-Debit/input_Application Id'

2023-02-28 18:37:17 - [MESSAGE][PASSED] - Text '1773' is set on object 'Object Repository/RecAndPlayBk/Page-Vlink-Debit/input_Application Id'

2023-02-28 18:37:17 - [TEST_STEP][PASSED] - setText(findTestObject("RecAndPlayBk/Page-Vlink-Debit/input_Username"), username): Text 'Qq2BV1qtr' is set on object 'Object Repository/RecAndPlayBk/Page-Vlink-Debit/input_Username'

2023-02-28 18:37:18 - [MESSAGE][PASSED] - Text 'Qq2BV1qtr' is set on object 'Object Repository/RecAndPlayBk/Page-Vlink-Debit/input_Username'

2023-02-28 18:37:18 - [TEST_STEP][PASSED] - setText(findTestObject("RecAndPlayBk/Page-Vlink-Debit/input_Password"), password): Text 'tUmWBiLUx' is set on object 'Object Repository/RecAndPlayBk/Page-Vlink-Debit/input_Password'

2023-02-28 18:37:18 - [MESSAGE][PASSED] - Text 'tUmWBiLUx' is set on object 'Object Repository/RecAndPlayBk/Page-Vlink-Debit/input_Password'

2023-02-28 18:37:18 - [TEST_STEP][PASSED] - setText(findTestObject("RecAndPlayBk/Page-Vlink-Debit/input_Check Type"), checkType): Text 'P' is set on object 'Object Repository/RecAndPlayBk/Page-Vlink-Debit/input_Check Type'

2023-02-28 18:37:19 - [MESSAGE][PASSED] - Text 'P' is set on object 'Object Repository/RecAndPlayBk/Page-Vlink-Debit/input_Check Type'

2023-02-28 18:37:19 - [TEST_STEP][PASSED] - setText(findTestObject("RecAndPlayBk/Page-Vlink-Debit/input_Account_check"), acNumber): Text '58963214' is set on object 'Object Repository/RecAndPlayBk/Page-Vlink-Debit/input_Account_check'

2023-02-28 18:37:19 - [MESSAGE][PASSED] - Text '58963214' is set on object 'Object Repository/RecAndPlayBk/Page-Vlink-Debit/input_Account_check'

2023-02-28 18:37:19 - [TEST_STEP][PASSED] - setText(findTestObject("RecAndPlayBk/Page-Vlink-Debit/input_Company_check"), company): Text '' is set on object 'Object Repository/RecAndPlayBk/Page-Vlink-Debit/input_Company_check'

2023-02-28 18:37:20 - [MESSAGE][PASSED] - Text '' is set on object 'Object Repository/RecAndPlayBk/Page-Vlink-Debit/input_Company_check'

2023-02-28 18:37:20 - [TEST_STEP][PASSED] - setText(findTestObject("RecAndPlayBk/Page-Vlink-Debit/input_Account Type"), acType): Text '1' is set on object 'Object Repository/RecAndPlayBk/Page-Vlink-Debit/input_Account Type'

2023-02-28 18:37:21 - [MESSAGE][PASSED] - Text '1' is set on object 'Object Repository/RecAndPlayBk/Page-Vlink-Debit/input_Account Type'

2023-02-28 18:37:21 - [TEST_STEP][PASSED] - setText(findTestObject("RecAndPlayBk/Page-Vlink-Debit/input_Routing Number"), rtn): Text '256072691' is set on object 'Object Repository/RecAndPlayBk/Page-Vlink-Debit/input_Routing Number'

2023-02-28 18:37:21 - [MESSAGE][PASSED] - Text '256072691' is set on object 'Object Repository/RecAndPlayBk/Page-Vlink-Debit/input_Routing Number'

2023-02-28 18:37:21 - [TEST_STEP][PASSED] - setText(findTestObject("RecAndPlayBk/Page-Vlink-Debit/input_Amount"), amount): Text '12.50' is set on object 'Object Repository/RecAndPlayBk/Page-Vlink-Debit/input_Amount'

2023-02-28 18:37:22 - [MESSAGE][PASSED] - Text '12.50' is set on object 'Object Repository/RecAndPlayBk/Page-Vlink-Debit/input_Amount'

2023-02-28 18:37:22 - [TEST_STEP][PASSED] - setText(findTestObject("RecAndPlayBk/Page-Vlink-Debit/input_Check Email"), ""): Text '' is set on object 'Object Repository/RecAndPlayBk/Page-Vlink-Debit/input_Check Email'

2023-02-28 18:37:22 - [MESSAGE][PASSED] - Text '' is set on object 'Object Repository/RecAndPlayBk/Page-Vlink-Debit/input_Check Email'

2023-02-28 18:37:22 - [TEST_STEP][PASSED] - setText(findTestObject("Object Repository/RecAndPlayBk/Page-Vlink-Debit/input_concat(CheckWriter, , s SSN)_check_ssn"), ""): Text '' is set on object 'Object Repository/RecAndPlayBk/Page-Vlink-Debit/input_concat(CheckWriter, , s SSN)_check_ssn'

2023-02-28 18:37:23 - [MESSAGE][PASSED] - Text '' is set on object 'Object Repository/RecAndPlayBk/Page-Vlink-Debit/input_concat(CheckWriter, , s SSN)_check_ssn'

2023-02-28 18:37:23 - [TEST_STEP][PASSED] - setText(findTestObject("Object Repository/RecAndPlayBk/Page-Vlink-Debit/input_concat(CheckWriter, , s License Numbe_020fef"), ""): Text '' is set on object 'Object Repository/RecAndPlayBk/Page-Vlink-Debit/input_concat(CheckWriter, , s License Numbe_020fef'

2023-02-28 18:37:24 - [MESSAGE][PASSED] - Text '' is set on object 'Object Repository/RecAndPlayBk/Page-Vlink-Debit/input_concat(CheckWriter, , s License Numbe_020fef'

2023-02-28 18:37:24 - [TEST_STEP][PASSED] - setText(findTestObject("Object Repository/RecAndPlayBk/Page-Vlink-Debit/input_concat(CheckWriter, , s License State_21e3e7"), ""): Text '' is set on object 'Object Repository/RecAndPlayBk/Page-Vlink-Debit/input_concat(CheckWriter, , s License State_21e3e7'

2023-02-28 18:37:24 - [MESSAGE][PASSED] - Text '' is set on object 'Object Repository/RecAndPlayBk/Page-Vlink-Debit/input_concat(CheckWriter, , s License State_21e3e7'

2023-02-28 18:37:24 - [TEST_STEP][PASSED] - setText(findTestObject("RecAndPlayBk/Page-Vlink-Debit/input_Standard Entry Class"), sec): Text 'PPD' is set on object 'Object Repository/RecAndPlayBk/Page-Vlink-Debit/input_Standard Entry Class'

2023-02-28 18:37:25 - [MESSAGE][PASSED] - Text 'PPD' is set on object 'Object Repository/RecAndPlayBk/Page-Vlink-Debit/input_Standard Entry Class'

2023-02-28 18:37:25 - [TEST_STEP][PASSED] - click(findTestObject("Object Repository/RecAndPlayBk/Page-Vlink-Debit/input")): Object: 'Object Repository/RecAndPlayBk/Page-Vlink-Debit/input' is clicked on

2023-02-28 18:37:26 - [MESSAGE][PASSED] - Object: 'Object Repository/RecAndPlayBk/Page-Vlink-Debit/input' is clicked on

2023-02-28 18:37:26 - [TEST_STEP][PASSED] - if (verifyTextPresent("Transaction approved, no errors", true)): null

2023-02-28 18:37:26 - [MESSAGE][PASSED] - Text 'Transaction approved, no errors' is present on page  using regular expression

2023-02-28 18:37:26 - [TEST_STEP][PASSED] - println("Transaction Approved, no errors text is present on the Confirmation page"): null

2023-02-28 18:37:26 - [TEST_STEP][PASSED] - out.println("Pass Record Number: " + row): null

2023-02-28 18:37:26 - [TEST_STEP][PASSED] - resText = "Pass": null

2023-02-28 18:37:26 - [TEST_STEP][PASSED] - pages.WriteExcel.demoKey(resText, datText, resColumn, datCloumn, fileLoc, nameSheet, row): pages.WriteExcel.demoKey is PASSED

2023-02-28 18:37:26 - [MESSAGE][PASSED] - pages.WriteExcel.demoKey is PASSED

2023-02-28 18:37:26 - [TEST_STEP][PASSED] - ExecuteTC = findTestData(dataFile).getValue("Execute", row): null

2023-02-28 18:37:26 - [TEST_STEP][PASSED] - out.println("Value of Execute is : " + ExecuteTC): null

2023-02-28 18:37:26 - [TEST_STEP][PASSED] - switch (executionProfile): null

2023-02-28 18:37:26 - [TEST_STEP][PASSED] - case "Demo2Profile":: null

2023-02-28 18:37:26 - [TEST_STEP][PASSED] - appID = findTestData(dataFile).getValue("AppIDDemo", row): null

2023-02-28 18:37:26 - [TEST_STEP][PASSED] - username = findTestData(dataFile).getValue("UsernameDemo", row): null

2023-02-28 18:37:27 - [TEST_STEP][PASSED] - password = findTestData(dataFile).getValue("PasswordDemo", row): null

2023-02-28 18:37:27 - [TEST_STEP][PASSED] - break: null

2023-02-28 18:37:27 - [TEST_STEP][PASSED] - if (ExecuteTC.equalsIgnoreCase("Y")): null

2023-02-28 18:37:27 - [TEST_STEP][PASSED] - out.println("Begin Record Number: " + row): null

2023-02-28 18:37:27 - [TEST_STEP][PASSED] - today = new java.util.Date(): null

2023-02-28 18:37:27 - [TEST_STEP][PASSED] - println(today): null

2023-02-28 18:37:27 - [TEST_STEP][PASSED] - datText = today: null

2023-02-28 18:37:27 - [TEST_STEP][PASSED] - checkType = findTestData(dataFile).getValue("CheckType", row): null

2023-02-28 18:37:27 - [TEST_STEP][PASSED] - acNumber = findTestData(dataFile).getValue("AcNumber", row): null

2023-02-28 18:37:27 - [TEST_STEP][PASSED] - company = findTestData(dataFile).getValue("Company", row): null

2023-02-28 18:37:27 - [TEST_STEP][PASSED] - acType = findTestData(dataFile).getValue("AcType", row): null

2023-02-28 18:37:27 - [TEST_STEP][PASSED] - rtn = findTestData(dataFile).getValue("RTN", row): null

2023-02-28 18:37:27 - [TEST_STEP][PASSED] - amount = findTestData(dataFile).getValue("Amount", row): null

2023-02-28 18:37:27 - [TEST_STEP][PASSED] - sec = findTestData(dataFile).getValue("SEC", row): null

2023-02-28 18:37:27 - [TEST_STEP][PASSED] - openBrowser(VLinkURL + "debit.html"): Browser is opened with url: 'https://dev-algorithm.govolution.com/vlinktest/demo2/version_2_0/debit.html'

2023-02-28 18:37:27 - [MESSAGE][WARNING] - A browser is already opened. Closing browser and opening a new one

2023-02-28 18:37:28 - [MESSAGE][INFO] - Starting 'Chrome' driver

2023-02-28 18:37:28 - [MESSAGE][INFO] - User set preference: ['acceptInsecureCerts', 'true']

2023-02-28 18:37:28 - [MESSAGE][INFO] - Action delay is set to 0 milliseconds

2023-02-28 18:37:30 - [MESSAGE][PASSED] - Browser is opened with url: 'https://dev-algorithm.govolution.com/vlinktest/demo2/version_2_0/debit.html'

2023-02-28 18:37:30 - [TEST_STEP][PASSED] - maximizeWindow(): Current window maximized

2023-02-28 18:37:30 - [MESSAGE][PASSED] - Current window maximized

2023-02-28 18:37:30 - [TEST_STEP][PASSED] - genRemID = RandomStringUtils.random(12, true, true): null

2023-02-28 18:37:30 - [TEST_STEP][PASSED] - setText(findTestObject("RecAndPlayBk/Page-Vlink-Debit/input_Remittance Id"), genRemID): Text 'KYbyZ0z5HlGX' is set on object 'Object Repository/RecAndPlayBk/Page-Vlink-Debit/input_Remittance Id'

2023-02-28 18:37:31 - [MESSAGE][PASSED] - Text 'KYbyZ0z5HlGX' is set on object 'Object Repository/RecAndPlayBk/Page-Vlink-Debit/input_Remittance Id'

2023-02-28 18:37:31 - [TEST_STEP][PASSED] - setText(findTestObject("RecAndPlayBk/Page-Vlink-Debit/input_Application Id"), appID): Text '1773' is set on object 'Object Repository/RecAndPlayBk/Page-Vlink-Debit/input_Application Id'

2023-02-28 18:37:31 - [MESSAGE][PASSED] - Text '1773' is set on object 'Object Repository/RecAndPlayBk/Page-Vlink-Debit/input_Application Id'

2023-02-28 18:37:31 - [TEST_STEP][PASSED] - setText(findTestObject("RecAndPlayBk/Page-Vlink-Debit/input_Username"), username): Text 'Qq2BV1qtr' is set on object 'Object Repository/RecAndPlayBk/Page-Vlink-Debit/input_Username'

2023-02-28 18:37:32 - [MESSAGE][PASSED] - Text 'Qq2BV1qtr' is set on object 'Object Repository/RecAndPlayBk/Page-Vlink-Debit/input_Username'

2023-02-28 18:37:32 - [TEST_STEP][PASSED] - setText(findTestObject("RecAndPlayBk/Page-Vlink-Debit/input_Password"), password): Text 'tUmWBiLUx' is set on object 'Object Repository/RecAndPlayBk/Page-Vlink-Debit/input_Password'

2023-02-28 18:37:33 - [MESSAGE][PASSED] - Text 'tUmWBiLUx' is set on object 'Object Repository/RecAndPlayBk/Page-Vlink-Debit/input_Password'

2023-02-28 18:37:33 - [TEST_STEP][PASSED] - setText(findTestObject("RecAndPlayBk/Page-Vlink-Debit/input_Check Type"), checkType): Text 'P' is set on object 'Object Repository/RecAndPlayBk/Page-Vlink-Debit/input_Check Type'

2023-02-28 18:37:33 - [MESSAGE][PASSED] - Text 'P' is set on object 'Object Repository/RecAndPlayBk/Page-Vlink-Debit/input_Check Type'

2023-02-28 18:37:33 - [TEST_STEP][PASSED] - setText(findTestObject("RecAndPlayBk/Page-Vlink-Debit/input_Account_check"), acNumber): Text '58963214' is set on object 'Object Repository/RecAndPlayBk/Page-Vlink-Debit/input_Account_check'

2023-02-28 18:37:34 - [MESSAGE][PASSED] - Text '58963214' is set on object 'Object Repository/RecAndPlayBk/Page-Vlink-Debit/input_Account_check'

2023-02-28 18:37:34 - [TEST_STEP][PASSED] - setText(findTestObject("RecAndPlayBk/Page-Vlink-Debit/input_Company_check"), company): Text '' is set on object 'Object Repository/RecAndPlayBk/Page-Vlink-Debit/input_Company_check'

2023-02-28 18:37:35 - [MESSAGE][PASSED] - Text '' is set on object 'Object Repository/RecAndPlayBk/Page-Vlink-Debit/input_Company_check'

2023-02-28 18:37:35 - [TEST_STEP][PASSED] - setText(findTestObject("RecAndPlayBk/Page-Vlink-Debit/input_Account Type"), acType): Text '2' is set on object 'Object Repository/RecAndPlayBk/Page-Vlink-Debit/input_Account Type'

2023-02-28 18:37:35 - [MESSAGE][PASSED] - Text '2' is set on object 'Object Repository/RecAndPlayBk/Page-Vlink-Debit/input_Account Type'

2023-02-28 18:37:35 - [TEST_STEP][PASSED] - setText(findTestObject("RecAndPlayBk/Page-Vlink-Debit/input_Routing Number"), rtn): Text '256072691' is set on object 'Object Repository/RecAndPlayBk/Page-Vlink-Debit/input_Routing Number'

2023-02-28 18:37:36 - [MESSAGE][PASSED] - Text '256072691' is set on object 'Object Repository/RecAndPlayBk/Page-Vlink-Debit/input_Routing Number'

2023-02-28 18:37:36 - [TEST_STEP][PASSED] - setText(findTestObject("RecAndPlayBk/Page-Vlink-Debit/input_Amount"), amount): Text '12.50' is set on object 'Object Repository/RecAndPlayBk/Page-Vlink-Debit/input_Amount'

2023-02-28 18:37:36 - [MESSAGE][PASSED] - Text '12.50' is set on object 'Object Repository/RecAndPlayBk/Page-Vlink-Debit/input_Amount'

2023-02-28 18:37:36 - [TEST_STEP][PASSED] - setText(findTestObject("RecAndPlayBk/Page-Vlink-Debit/input_Check Email"), ""): Text '' is set on object 'Object Repository/RecAndPlayBk/Page-Vlink-Debit/input_Check Email'

2023-02-28 18:37:37 - [MESSAGE][PASSED] - Text '' is set on object 'Object Repository/RecAndPlayBk/Page-Vlink-Debit/input_Check Email'

2023-02-28 18:37:37 - [TEST_STEP][PASSED] - setText(findTestObject("Object Repository/RecAndPlayBk/Page-Vlink-Debit/input_concat(CheckWriter, , s SSN)_check_ssn"), ""): Text '' is set on object 'Object Repository/RecAndPlayBk/Page-Vlink-Debit/input_concat(CheckWriter, , s SSN)_check_ssn'

2023-02-28 18:37:38 - [MESSAGE][PASSED] - Text '' is set on object 'Object Repository/RecAndPlayBk/Page-Vlink-Debit/input_concat(CheckWriter, , s SSN)_check_ssn'

2023-02-28 18:37:38 - [TEST_STEP][PASSED] - setText(findTestObject("Object Repository/RecAndPlayBk/Page-Vlink-Debit/input_concat(CheckWriter, , s License Numbe_020fef"), ""): Text '' is set on object 'Object Repository/RecAndPlayBk/Page-Vlink-Debit/input_concat(CheckWriter, , s License Numbe_020fef'

2023-02-28 18:37:38 - [MESSAGE][PASSED] - Text '' is set on object 'Object Repository/RecAndPlayBk/Page-Vlink-Debit/input_concat(CheckWriter, , s License Numbe_020fef'

2023-02-28 18:37:38 - [TEST_STEP][PASSED] - setText(findTestObject("Object Repository/RecAndPlayBk/Page-Vlink-Debit/input_concat(CheckWriter, , s License State_21e3e7"), ""): Text '' is set on object 'Object Repository/RecAndPlayBk/Page-Vlink-Debit/input_concat(CheckWriter, , s License State_21e3e7'

2023-02-28 18:37:39 - [MESSAGE][PASSED] - Text '' is set on object 'Object Repository/RecAndPlayBk/Page-Vlink-Debit/input_concat(CheckWriter, , s License State_21e3e7'

2023-02-28 18:37:39 - [TEST_STEP][PASSED] - setText(findTestObject("RecAndPlayBk/Page-Vlink-Debit/input_Standard Entry Class"), sec): Text 'WEB' is set on object 'Object Repository/RecAndPlayBk/Page-Vlink-Debit/input_Standard Entry Class'

2023-02-28 18:37:40 - [MESSAGE][PASSED] - Text 'WEB' is set on object 'Object Repository/RecAndPlayBk/Page-Vlink-Debit/input_Standard Entry Class'

2023-02-28 18:37:40 - [TEST_STEP][PASSED] - click(findTestObject("Object Repository/RecAndPlayBk/Page-Vlink-Debit/input")): Object: 'Object Repository/RecAndPlayBk/Page-Vlink-Debit/input' is clicked on

2023-02-28 18:37:40 - [MESSAGE][PASSED] - Object: 'Object Repository/RecAndPlayBk/Page-Vlink-Debit/input' is clicked on

2023-02-28 18:37:40 - [TEST_STEP][PASSED] - if (verifyTextPresent("Transaction approved, no errors", true)): null

2023-02-28 18:37:41 - [MESSAGE][PASSED] - Text 'Transaction approved, no errors' is present on page  using regular expression

2023-02-28 18:37:41 - [TEST_STEP][PASSED] - println("Transaction Approved, no errors text is present on the Confirmation page"): null

2023-02-28 18:37:41 - [TEST_STEP][PASSED] - out.println("Pass Record Number: " + row): null

2023-02-28 18:37:41 - [TEST_STEP][PASSED] - resText = "Pass": null

2023-02-28 18:37:41 - [TEST_STEP][PASSED] - pages.WriteExcel.demoKey(resText, datText, resColumn, datCloumn, fileLoc, nameSheet, row): pages.WriteExcel.demoKey is PASSED

2023-02-28 18:37:41 - [MESSAGE][PASSED] - pages.WriteExcel.demoKey is PASSED

2023-02-28 18:37:41 - [TEST_STEP][PASSED] - ExecuteTC = findTestData(dataFile).getValue("Execute", row): null

2023-02-28 18:37:41 - [TEST_STEP][PASSED] - out.println("Value of Execute is : " + ExecuteTC): null

2023-02-28 18:37:41 - [TEST_STEP][PASSED] - switch (executionProfile): null

2023-02-28 18:37:41 - [TEST_STEP][PASSED] - case "Demo2Profile":: null

2023-02-28 18:37:41 - [TEST_STEP][PASSED] - appID = findTestData(dataFile).getValue("AppIDDemo", row): null

2023-02-28 18:37:41 - [TEST_STEP][PASSED] - username = findTestData(dataFile).getValue("UsernameDemo", row): null

2023-02-28 18:37:41 - [TEST_STEP][PASSED] - password = findTestData(dataFile).getValue("PasswordDemo", row): null

2023-02-28 18:37:41 - [TEST_STEP][PASSED] - break: null

2023-02-28 18:37:41 - [TEST_STEP][PASSED] - if (ExecuteTC.equalsIgnoreCase("Y")): null

2023-02-28 18:37:41 - [TEST_STEP][PASSED] - out.println("Begin Record Number: " + row): null

2023-02-28 18:37:41 - [TEST_STEP][PASSED] - today = new java.util.Date(): null

2023-02-28 18:37:41 - [TEST_STEP][PASSED] - println(today): null

2023-02-28 18:37:41 - [TEST_STEP][PASSED] - datText = today: null

2023-02-28 18:37:41 - [TEST_STEP][PASSED] - checkType = findTestData(dataFile).getValue("CheckType", row): null

2023-02-28 18:37:41 - [TEST_STEP][PASSED] - acNumber = findTestData(dataFile).getValue("AcNumber", row): null

2023-02-28 18:37:41 - [TEST_STEP][PASSED] - company = findTestData(dataFile).getValue("Company", row): null

2023-02-28 18:37:41 - [TEST_STEP][PASSED] - acType = findTestData(dataFile).getValue("AcType", row): null

2023-02-28 18:37:41 - [TEST_STEP][PASSED] - rtn = findTestData(dataFile).getValue("RTN", row): null

2023-02-28 18:37:41 - [TEST_STEP][PASSED] - amount = findTestData(dataFile).getValue("Amount", row): null

2023-02-28 18:37:41 - [TEST_STEP][PASSED] - sec = findTestData(dataFile).getValue("SEC", row): null

2023-02-28 18:37:42 - [TEST_STEP][PASSED] - openBrowser(VLinkURL + "debit.html"): Browser is opened with url: 'https://dev-algorithm.govolution.com/vlinktest/demo2/version_2_0/debit.html'

2023-02-28 18:37:42 - [MESSAGE][WARNING] - A browser is already opened. Closing browser and opening a new one

2023-02-28 18:37:42 - [MESSAGE][INFO] - Starting 'Chrome' driver

2023-02-28 18:37:42 - [MESSAGE][INFO] - User set preference: ['acceptInsecureCerts', 'true']

2023-02-28 18:37:42 - [MESSAGE][INFO] - Action delay is set to 0 milliseconds

2023-02-28 18:37:44 - [MESSAGE][PASSED] - Browser is opened with url: 'https://dev-algorithm.govolution.com/vlinktest/demo2/version_2_0/debit.html'

2023-02-28 18:37:44 - [TEST_STEP][PASSED] - maximizeWindow(): Current window maximized

2023-02-28 18:37:44 - [MESSAGE][PASSED] - Current window maximized

2023-02-28 18:37:44 - [TEST_STEP][PASSED] - genRemID = RandomStringUtils.random(12, true, true): null

2023-02-28 18:37:44 - [TEST_STEP][PASSED] - setText(findTestObject("RecAndPlayBk/Page-Vlink-Debit/input_Remittance Id"), genRemID): Text 'SnWeFBkXqn1c' is set on object 'Object Repository/RecAndPlayBk/Page-Vlink-Debit/input_Remittance Id'

2023-02-28 18:37:45 - [MESSAGE][PASSED] - Text 'SnWeFBkXqn1c' is set on object 'Object Repository/RecAndPlayBk/Page-Vlink-Debit/input_Remittance Id'

2023-02-28 18:37:45 - [TEST_STEP][PASSED] - setText(findTestObject("RecAndPlayBk/Page-Vlink-Debit/input_Application Id"), appID): Text '1773' is set on object 'Object Repository/RecAndPlayBk/Page-Vlink-Debit/input_Application Id'

2023-02-28 18:37:46 - [MESSAGE][PASSED] - Text '1773' is set on object 'Object Repository/RecAndPlayBk/Page-Vlink-Debit/input_Application Id'

2023-02-28 18:37:46 - [TEST_STEP][PASSED] - setText(findTestObject("RecAndPlayBk/Page-Vlink-Debit/input_Username"), username): Text 'Qq2BV1qtr' is set on object 'Object Repository/RecAndPlayBk/Page-Vlink-Debit/input_Username'

2023-02-28 18:37:46 - [MESSAGE][PASSED] - Text 'Qq2BV1qtr' is set on object 'Object Repository/RecAndPlayBk/Page-Vlink-Debit/input_Username'

2023-02-28 18:37:46 - [TEST_STEP][PASSED] - setText(findTestObject("RecAndPlayBk/Page-Vlink-Debit/input_Password"), password): Text 'tUmWBiLUx' is set on object 'Object Repository/RecAndPlayBk/Page-Vlink-Debit/input_Password'

2023-02-28 18:37:47 - [MESSAGE][PASSED] - Text 'tUmWBiLUx' is set on object 'Object Repository/RecAndPlayBk/Page-Vlink-Debit/input_Password'

2023-02-28 18:37:47 - [TEST_STEP][PASSED] - setText(findTestObject("RecAndPlayBk/Page-Vlink-Debit/input_Check Type"), checkType): Text 'P' is set on object 'Object Repository/RecAndPlayBk/Page-Vlink-Debit/input_Check Type'

2023-02-28 18:37:48 - [MESSAGE][PASSED] - Text 'P' is set on object 'Object Repository/RecAndPlayBk/Page-Vlink-Debit/input_Check Type'

2023-02-28 18:37:48 - [TEST_STEP][PASSED] - setText(findTestObject("RecAndPlayBk/Page-Vlink-Debit/input_Account_check"), acNumber): Text '58963214' is set on object 'Object Repository/RecAndPlayBk/Page-Vlink-Debit/input_Account_check'

2023-02-28 18:37:48 - [MESSAGE][PASSED] - Text '58963214' is set on object 'Object Repository/RecAndPlayBk/Page-Vlink-Debit/input_Account_check'

2023-02-28 18:37:48 - [TEST_STEP][PASSED] - setText(findTestObject("RecAndPlayBk/Page-Vlink-Debit/input_Company_check"), company): Text '' is set on object 'Object Repository/RecAndPlayBk/Page-Vlink-Debit/input_Company_check'

2023-02-28 18:37:49 - [MESSAGE][PASSED] - Text '' is set on object 'Object Repository/RecAndPlayBk/Page-Vlink-Debit/input_Company_check'

2023-02-28 18:37:49 - [TEST_STEP][PASSED] - setText(findTestObject("RecAndPlayBk/Page-Vlink-Debit/input_Account Type"), acType): Text '2' is set on object 'Object Repository/RecAndPlayBk/Page-Vlink-Debit/input_Account Type'

2023-02-28 18:37:49 - [MESSAGE][PASSED] - Text '2' is set on object 'Object Repository/RecAndPlayBk/Page-Vlink-Debit/input_Account Type'

2023-02-28 18:37:49 - [TEST_STEP][PASSED] - setText(findTestObject("RecAndPlayBk/Page-Vlink-Debit/input_Routing Number"), rtn): Text '256072691' is set on object 'Object Repository/RecAndPlayBk/Page-Vlink-Debit/input_Routing Number'

2023-02-28 18:37:50 - [MESSAGE][PASSED] - Text '256072691' is set on object 'Object Repository/RecAndPlayBk/Page-Vlink-Debit/input_Routing Number'

2023-02-28 18:37:50 - [TEST_STEP][PASSED] - setText(findTestObject("RecAndPlayBk/Page-Vlink-Debit/input_Amount"), amount): Text '12.50' is set on object 'Object Repository/RecAndPlayBk/Page-Vlink-Debit/input_Amount'

2023-02-28 18:37:51 - [MESSAGE][PASSED] - Text '12.50' is set on object 'Object Repository/RecAndPlayBk/Page-Vlink-Debit/input_Amount'

2023-02-28 18:37:51 - [TEST_STEP][PASSED] - setText(findTestObject("RecAndPlayBk/Page-Vlink-Debit/input_Check Email"), ""): Text '' is set on object 'Object Repository/RecAndPlayBk/Page-Vlink-Debit/input_Check Email'

2023-02-28 18:37:51 - [MESSAGE][PASSED] - Text '' is set on object 'Object Repository/RecAndPlayBk/Page-Vlink-Debit/input_Check Email'

2023-02-28 18:37:51 - [TEST_STEP][PASSED] - setText(findTestObject("Object Repository/RecAndPlayBk/Page-Vlink-Debit/input_concat(CheckWriter, , s SSN)_check_ssn"), ""): Text '' is set on object 'Object Repository/RecAndPlayBk/Page-Vlink-Debit/input_concat(CheckWriter, , s SSN)_check_ssn'

2023-02-28 18:37:52 - [MESSAGE][PASSED] - Text '' is set on object 'Object Repository/RecAndPlayBk/Page-Vlink-Debit/input_concat(CheckWriter, , s SSN)_check_ssn'

2023-02-28 18:37:52 - [TEST_STEP][PASSED] - setText(findTestObject("Object Repository/RecAndPlayBk/Page-Vlink-Debit/input_concat(CheckWriter, , s License Numbe_020fef"), ""): Text '' is set on object 'Object Repository/RecAndPlayBk/Page-Vlink-Debit/input_concat(CheckWriter, , s License Numbe_020fef'

2023-02-28 18:37:53 - [MESSAGE][PASSED] - Text '' is set on object 'Object Repository/RecAndPlayBk/Page-Vlink-Debit/input_concat(CheckWriter, , s License Numbe_020fef'

2023-02-28 18:37:53 - [TEST_STEP][PASSED] - setText(findTestObject("Object Repository/RecAndPlayBk/Page-Vlink-Debit/input_concat(CheckWriter, , s License State_21e3e7"), ""): Text '' is set on object 'Object Repository/RecAndPlayBk/Page-Vlink-Debit/input_concat(CheckWriter, , s License State_21e3e7'

2023-02-28 18:37:53 - [MESSAGE][PASSED] - Text '' is set on object 'Object Repository/RecAndPlayBk/Page-Vlink-Debit/input_concat(CheckWriter, , s License State_21e3e7'

2023-02-28 18:37:53 - [TEST_STEP][PASSED] - setText(findTestObject("RecAndPlayBk/Page-Vlink-Debit/input_Standard Entry Class"), sec): Text 'TEL' is set on object 'Object Repository/RecAndPlayBk/Page-Vlink-Debit/input_Standard Entry Class'

2023-02-28 18:37:54 - [MESSAGE][PASSED] - Text 'TEL' is set on object 'Object Repository/RecAndPlayBk/Page-Vlink-Debit/input_Standard Entry Class'

2023-02-28 18:37:54 - [TEST_STEP][PASSED] - click(findTestObject("Object Repository/RecAndPlayBk/Page-Vlink-Debit/input")): Object: 'Object Repository/RecAndPlayBk/Page-Vlink-Debit/input' is clicked on

2023-02-28 18:37:55 - [MESSAGE][PASSED] - Object: 'Object Repository/RecAndPlayBk/Page-Vlink-Debit/input' is clicked on

2023-02-28 18:37:55 - [TEST_STEP][PASSED] - if (verifyTextPresent("Transaction approved, no errors", true)): null

2023-02-28 18:37:55 - [MESSAGE][PASSED] - Text 'Transaction approved, no errors' is present on page  using regular expression

2023-02-28 18:37:55 - [TEST_STEP][PASSED] - println("Transaction Approved, no errors text is present on the Confirmation page"): null

2023-02-28 18:37:55 - [TEST_STEP][PASSED] - out.println("Pass Record Number: " + row): null

2023-02-28 18:37:55 - [TEST_STEP][PASSED] - resText = "Pass": null

2023-02-28 18:37:55 - [TEST_STEP][PASSED] - pages.WriteExcel.demoKey(resText, datText, resColumn, datCloumn, fileLoc, nameSheet, row): pages.WriteExcel.demoKey is PASSED

2023-02-28 18:37:55 - [MESSAGE][PASSED] - pages.WriteExcel.demoKey is PASSED

2023-02-28 18:37:55 - [TEST_STEP][PASSED] - ExecuteTC = findTestData(dataFile).getValue("Execute", row): null

2023-02-28 18:37:55 - [TEST_STEP][PASSED] - out.println("Value of Execute is : " + ExecuteTC): null

2023-02-28 18:37:55 - [TEST_STEP][PASSED] - switch (executionProfile): null

2023-02-28 18:37:55 - [TEST_STEP][PASSED] - case "Demo2Profile":: null

2023-02-28 18:37:55 - [TEST_STEP][PASSED] - appID = findTestData(dataFile).getValue("AppIDDemo", row): null

2023-02-28 18:37:55 - [TEST_STEP][PASSED] - username = findTestData(dataFile).getValue("UsernameDemo", row): null

2023-02-28 18:37:55 - [TEST_STEP][PASSED] - password = findTestData(dataFile).getValue("PasswordDemo", row): null

2023-02-28 18:37:55 - [TEST_STEP][PASSED] - break: null

2023-02-28 18:37:55 - [TEST_STEP][PASSED] - if (ExecuteTC.equalsIgnoreCase("Y")): null

2023-02-28 18:37:55 - [TEST_STEP][PASSED] - out.println("Begin Record Number: " + row): null

2023-02-28 18:37:55 - [TEST_STEP][PASSED] - today = new java.util.Date(): null

2023-02-28 18:37:55 - [TEST_STEP][PASSED] - println(today): null

2023-02-28 18:37:55 - [TEST_STEP][PASSED] - datText = today: null

2023-02-28 18:37:55 - [TEST_STEP][PASSED] - checkType = findTestData(dataFile).getValue("CheckType", row): null

2023-02-28 18:37:55 - [TEST_STEP][PASSED] - acNumber = findTestData(dataFile).getValue("AcNumber", row): null

2023-02-28 18:37:55 - [TEST_STEP][PASSED] - company = findTestData(dataFile).getValue("Company", row): null

2023-02-28 18:37:56 - [TEST_STEP][PASSED] - acType = findTestData(dataFile).getValue("AcType", row): null

2023-02-28 18:37:56 - [TEST_STEP][PASSED] - rtn = findTestData(dataFile).getValue("RTN", row): null

2023-02-28 18:37:56 - [TEST_STEP][PASSED] - amount = findTestData(dataFile).getValue("Amount", row): null

2023-02-28 18:37:56 - [TEST_STEP][PASSED] - sec = findTestData(dataFile).getValue("SEC", row): null

2023-02-28 18:37:56 - [TEST_STEP][PASSED] - openBrowser(VLinkURL + "debit.html"): Browser is opened with url: 'https://dev-algorithm.govolution.com/vlinktest/demo2/version_2_0/debit.html'

2023-02-28 18:37:56 - [MESSAGE][WARNING] - A browser is already opened. Closing browser and opening a new one

2023-02-28 18:37:57 - [MESSAGE][INFO] - Starting 'Chrome' driver

2023-02-28 18:37:57 - [MESSAGE][INFO] - User set preference: ['acceptInsecureCerts', 'true']

2023-02-28 18:37:57 - [MESSAGE][INFO] - Action delay is set to 0 milliseconds

2023-02-28 18:37:58 - [MESSAGE][PASSED] - Browser is opened with url: 'https://dev-algorithm.govolution.com/vlinktest/demo2/version_2_0/debit.html'

2023-02-28 18:37:58 - [TEST_STEP][PASSED] - maximizeWindow(): Current window maximized

2023-02-28 18:37:59 - [MESSAGE][PASSED] - Current window maximized

2023-02-28 18:37:59 - [TEST_STEP][PASSED] - genRemID = RandomStringUtils.random(12, true, true): null

2023-02-28 18:37:59 - [TEST_STEP][PASSED] - setText(findTestObject("RecAndPlayBk/Page-Vlink-Debit/input_Remittance Id"), genRemID): Text 'j8jF2qzKWWC1' is set on object 'Object Repository/RecAndPlayBk/Page-Vlink-Debit/input_Remittance Id'

2023-02-28 18:37:59 - [MESSAGE][PASSED] - Text 'j8jF2qzKWWC1' is set on object 'Object Repository/RecAndPlayBk/Page-Vlink-Debit/input_Remittance Id'

2023-02-28 18:37:59 - [TEST_STEP][PASSED] - setText(findTestObject("RecAndPlayBk/Page-Vlink-Debit/input_Application Id"), appID): Text '1773' is set on object 'Object Repository/RecAndPlayBk/Page-Vlink-Debit/input_Application Id'

2023-02-28 18:38:00 - [MESSAGE][PASSED] - Text '1773' is set on object 'Object Repository/RecAndPlayBk/Page-Vlink-Debit/input_Application Id'

2023-02-28 18:38:00 - [TEST_STEP][PASSED] - setText(findTestObject("RecAndPlayBk/Page-Vlink-Debit/input_Username"), username): Text 'Qq2BV1qtr' is set on object 'Object Repository/RecAndPlayBk/Page-Vlink-Debit/input_Username'

2023-02-28 18:38:01 - [MESSAGE][PASSED] - Text 'Qq2BV1qtr' is set on object 'Object Repository/RecAndPlayBk/Page-Vlink-Debit/input_Username'

2023-02-28 18:38:01 - [TEST_STEP][PASSED] - setText(findTestObject("RecAndPlayBk/Page-Vlink-Debit/input_Password"), password): Text 'tUmWBiLUx' is set on object 'Object Repository/RecAndPlayBk/Page-Vlink-Debit/input_Password'

2023-02-28 18:38:01 - [MESSAGE][PASSED] - Text 'tUmWBiLUx' is set on object 'Object Repository/RecAndPlayBk/Page-Vlink-Debit/input_Password'

2023-02-28 18:38:01 - [TEST_STEP][PASSED] - setText(findTestObject("RecAndPlayBk/Page-Vlink-Debit/input_Check Type"), checkType): Text 'P' is set on object 'Object Repository/RecAndPlayBk/Page-Vlink-Debit/input_Check Type'

2023-02-28 18:38:02 - [MESSAGE][PASSED] - Text 'P' is set on object 'Object Repository/RecAndPlayBk/Page-Vlink-Debit/input_Check Type'

2023-02-28 18:38:02 - [TEST_STEP][PASSED] - setText(findTestObject("RecAndPlayBk/Page-Vlink-Debit/input_Account_check"), acNumber): Text '58963214' is set on object 'Object Repository/RecAndPlayBk/Page-Vlink-Debit/input_Account_check'

2023-02-28 18:38:03 - [MESSAGE][PASSED] - Text '58963214' is set on object 'Object Repository/RecAndPlayBk/Page-Vlink-Debit/input_Account_check'

2023-02-28 18:38:03 - [TEST_STEP][PASSED] - setText(findTestObject("RecAndPlayBk/Page-Vlink-Debit/input_Company_check"), company): Text '' is set on object 'Object Repository/RecAndPlayBk/Page-Vlink-Debit/input_Company_check'

2023-02-28 18:38:03 - [MESSAGE][PASSED] - Text '' is set on object 'Object Repository/RecAndPlayBk/Page-Vlink-Debit/input_Company_check'

2023-02-28 18:38:03 - [TEST_STEP][PASSED] - setText(findTestObject("RecAndPlayBk/Page-Vlink-Debit/input_Account Type"), acType): Text '2' is set on object 'Object Repository/RecAndPlayBk/Page-Vlink-Debit/input_Account Type'

2023-02-28 18:38:04 - [MESSAGE][PASSED] - Text '2' is set on object 'Object Repository/RecAndPlayBk/Page-Vlink-Debit/input_Account Type'

2023-02-28 18:38:04 - [TEST_STEP][PASSED] - setText(findTestObject("RecAndPlayBk/Page-Vlink-Debit/input_Routing Number"), rtn): Text '256072691' is set on object 'Object Repository/RecAndPlayBk/Page-Vlink-Debit/input_Routing Number'

2023-02-28 18:38:04 - [MESSAGE][PASSED] - Text '256072691' is set on object 'Object Repository/RecAndPlayBk/Page-Vlink-Debit/input_Routing Number'

2023-02-28 18:38:04 - [TEST_STEP][PASSED] - setText(findTestObject("RecAndPlayBk/Page-Vlink-Debit/input_Amount"), amount): Text '12.50' is set on object 'Object Repository/RecAndPlayBk/Page-Vlink-Debit/input_Amount'

2023-02-28 18:38:05 - [MESSAGE][PASSED] - Text '12.50' is set on object 'Object Repository/RecAndPlayBk/Page-Vlink-Debit/input_Amount'

2023-02-28 18:38:05 - [TEST_STEP][PASSED] - setText(findTestObject("RecAndPlayBk/Page-Vlink-Debit/input_Check Email"), ""): Text '' is set on object 'Object Repository/RecAndPlayBk/Page-Vlink-Debit/input_Check Email'

2023-02-28 18:38:06 - [MESSAGE][PASSED] - Text '' is set on object 'Object Repository/RecAndPlayBk/Page-Vlink-Debit/input_Check Email'

2023-02-28 18:38:06 - [TEST_STEP][PASSED] - setText(findTestObject("Object Repository/RecAndPlayBk/Page-Vlink-Debit/input_concat(CheckWriter, , s SSN)_check_ssn"), ""): Text '' is set on object 'Object Repository/RecAndPlayBk/Page-Vlink-Debit/input_concat(CheckWriter, , s SSN)_check_ssn'

2023-02-28 18:38:06 - [MESSAGE][PASSED] - Text '' is set on object 'Object Repository/RecAndPlayBk/Page-Vlink-Debit/input_concat(CheckWriter, , s SSN)_check_ssn'

2023-02-28 18:38:06 - [TEST_STEP][PASSED] - setText(findTestObject("Object Repository/RecAndPlayBk/Page-Vlink-Debit/input_concat(CheckWriter, , s License Numbe_020fef"), ""): Text '' is set on object 'Object Repository/RecAndPlayBk/Page-Vlink-Debit/input_concat(CheckWriter, , s License Numbe_020fef'

2023-02-28 18:38:07 - [MESSAGE][PASSED] - Text '' is set on object 'Object Repository/RecAndPlayBk/Page-Vlink-Debit/input_concat(CheckWriter, , s License Numbe_020fef'

2023-02-28 18:38:07 - [TEST_STEP][PASSED] - setText(findTestObject("Object Repository/RecAndPlayBk/Page-Vlink-Debit/input_concat(CheckWriter, , s License State_21e3e7"), ""): Text '' is set on object 'Object Repository/RecAndPlayBk/Page-Vlink-Debit/input_concat(CheckWriter, , s License State_21e3e7'

2023-02-28 18:38:07 - [MESSAGE][PASSED] - Text '' is set on object 'Object Repository/RecAndPlayBk/Page-Vlink-Debit/input_concat(CheckWriter, , s License State_21e3e7'

2023-02-28 18:38:07 - [TEST_STEP][PASSED] - setText(findTestObject("RecAndPlayBk/Page-Vlink-Debit/input_Standard Entry Class"), sec): Text 'PPD' is set on object 'Object Repository/RecAndPlayBk/Page-Vlink-Debit/input_Standard Entry Class'

2023-02-28 18:38:08 - [MESSAGE][PASSED] - Text 'PPD' is set on object 'Object Repository/RecAndPlayBk/Page-Vlink-Debit/input_Standard Entry Class'

2023-02-28 18:38:08 - [TEST_STEP][PASSED] - click(findTestObject("Object Repository/RecAndPlayBk/Page-Vlink-Debit/input")): Object: 'Object Repository/RecAndPlayBk/Page-Vlink-Debit/input' is clicked on

2023-02-28 18:38:09 - [MESSAGE][PASSED] - Object: 'Object Repository/RecAndPlayBk/Page-Vlink-Debit/input' is clicked on

2023-02-28 18:38:09 - [TEST_STEP][PASSED] - if (verifyTextPresent("Transaction approved, no errors", true)): null

2023-02-28 18:38:09 - [MESSAGE][PASSED] - Text 'Transaction approved, no errors' is present on page  using regular expression

2023-02-28 18:38:09 - [TEST_STEP][PASSED] - println("Transaction Approved, no errors text is present on the Confirmation page"): null

2023-02-28 18:38:09 - [TEST_STEP][PASSED] - out.println("Pass Record Number: " + row): null

2023-02-28 18:38:09 - [TEST_STEP][PASSED] - resText = "Pass": null

2023-02-28 18:38:09 - [TEST_STEP][PASSED] - pages.WriteExcel.demoKey(resText, datText, resColumn, datCloumn, fileLoc, nameSheet, row): pages.WriteExcel.demoKey is PASSED

2023-02-28 18:38:09 - [MESSAGE][PASSED] - pages.WriteExcel.demoKey is PASSED

2023-02-28 18:38:09 - [TEST_STEP][PASSED] - ExecuteTC = findTestData(dataFile).getValue("Execute", row): null

2023-02-28 18:38:09 - [TEST_STEP][PASSED] - out.println("Value of Execute is : " + ExecuteTC): null

2023-02-28 18:38:09 - [TEST_STEP][PASSED] - switch (executionProfile): null

2023-02-28 18:38:09 - [TEST_STEP][PASSED] - case "Demo2Profile":: null

2023-02-28 18:38:09 - [TEST_STEP][PASSED] - appID = findTestData(dataFile).getValue("AppIDDemo", row): null

2023-02-28 18:38:10 - [TEST_STEP][PASSED] - username = findTestData(dataFile).getValue("UsernameDemo", row): null

2023-02-28 18:38:10 - [TEST_STEP][PASSED] - password = findTestData(dataFile).getValue("PasswordDemo", row): null

2023-02-28 18:38:10 - [TEST_STEP][PASSED] - break: null

2023-02-28 18:38:10 - [TEST_STEP][PASSED] - if (ExecuteTC.equalsIgnoreCase("Y")): null

2023-02-28 18:38:10 - [TEST_STEP][PASSED] - out.println("Begin Record Number: " + row): null

2023-02-28 18:38:10 - [TEST_STEP][PASSED] - today = new java.util.Date(): null

2023-02-28 18:38:10 - [TEST_STEP][PASSED] - println(today): null

2023-02-28 18:38:10 - [TEST_STEP][PASSED] - datText = today: null

2023-02-28 18:38:10 - [TEST_STEP][PASSED] - checkType = findTestData(dataFile).getValue("CheckType", row): null

2023-02-28 18:38:10 - [TEST_STEP][PASSED] - acNumber = findTestData(dataFile).getValue("AcNumber", row): null

2023-02-28 18:38:10 - [TEST_STEP][PASSED] - company = findTestData(dataFile).getValue("Company", row): null

2023-02-28 18:38:10 - [TEST_STEP][PASSED] - acType = findTestData(dataFile).getValue("AcType", row): null

2023-02-28 18:38:10 - [TEST_STEP][PASSED] - rtn = findTestData(dataFile).getValue("RTN", row): null

2023-02-28 18:38:10 - [TEST_STEP][PASSED] - amount = findTestData(dataFile).getValue("Amount", row): null

2023-02-28 18:38:10 - [TEST_STEP][PASSED] - sec = findTestData(dataFile).getValue("SEC", row): null

2023-02-28 18:38:10 - [TEST_STEP][PASSED] - openBrowser(VLinkURL + "debit.html"): Browser is opened with url: 'https://dev-algorithm.govolution.com/vlinktest/demo2/version_2_0/debit.html'

2023-02-28 18:38:10 - [MESSAGE][WARNING] - A browser is already opened. Closing browser and opening a new one

2023-02-28 18:38:11 - [MESSAGE][INFO] - Starting 'Chrome' driver

2023-02-28 18:38:11 - [MESSAGE][INFO] - User set preference: ['acceptInsecureCerts', 'true']

2023-02-28 18:38:11 - [MESSAGE][INFO] - Action delay is set to 0 milliseconds

2023-02-28 18:38:13 - [MESSAGE][PASSED] - Browser is opened with url: 'https://dev-algorithm.govolution.com/vlinktest/demo2/version_2_0/debit.html'

2023-02-28 18:38:13 - [TEST_STEP][PASSED] - maximizeWindow(): Current window maximized

2023-02-28 18:38:13 - [MESSAGE][PASSED] - Current window maximized

2023-02-28 18:38:13 - [TEST_STEP][PASSED] - genRemID = RandomStringUtils.random(12, true, true): null

2023-02-28 18:38:13 - [TEST_STEP][PASSED] - setText(findTestObject("RecAndPlayBk/Page-Vlink-Debit/input_Remittance Id"), genRemID): Text 'jcJC4dCqZxyN' is set on object 'Object Repository/RecAndPlayBk/Page-Vlink-Debit/input_Remittance Id'

2023-02-28 18:38:14 - [MESSAGE][PASSED] - Text 'jcJC4dCqZxyN' is set on object 'Object Repository/RecAndPlayBk/Page-Vlink-Debit/input_Remittance Id'

2023-02-28 18:38:14 - [TEST_STEP][PASSED] - setText(findTestObject("RecAndPlayBk/Page-Vlink-Debit/input_Application Id"), appID): Text '1773' is set on object 'Object Repository/RecAndPlayBk/Page-Vlink-Debit/input_Application Id'

2023-02-28 18:38:14 - [MESSAGE][PASSED] - Text '1773' is set on object 'Object Repository/RecAndPlayBk/Page-Vlink-Debit/input_Application Id'

2023-02-28 18:38:14 - [TEST_STEP][PASSED] - setText(findTestObject("RecAndPlayBk/Page-Vlink-Debit/input_Username"), username): Text 'Qq2BV1qtr' is set on object 'Object Repository/RecAndPlayBk/Page-Vlink-Debit/input_Username'

2023-02-28 18:38:15 - [MESSAGE][PASSED] - Text 'Qq2BV1qtr' is set on object 'Object Repository/RecAndPlayBk/Page-Vlink-Debit/input_Username'

2023-02-28 18:38:15 - [TEST_STEP][PASSED] - setText(findTestObject("RecAndPlayBk/Page-Vlink-Debit/input_Password"), password): Text 'tUmWBiLUx' is set on object 'Object Repository/RecAndPlayBk/Page-Vlink-Debit/input_Password'

2023-02-28 18:38:16 - [MESSAGE][PASSED] - Text 'tUmWBiLUx' is set on object 'Object Repository/RecAndPlayBk/Page-Vlink-Debit/input_Password'

2023-02-28 18:38:16 - [TEST_STEP][PASSED] - setText(findTestObject("RecAndPlayBk/Page-Vlink-Debit/input_Check Type"), checkType): Text 'C' is set on object 'Object Repository/RecAndPlayBk/Page-Vlink-Debit/input_Check Type'

2023-02-28 18:38:16 - [MESSAGE][PASSED] - Text 'C' is set on object 'Object Repository/RecAndPlayBk/Page-Vlink-Debit/input_Check Type'

2023-02-28 18:38:16 - [TEST_STEP][PASSED] - setText(findTestObject("RecAndPlayBk/Page-Vlink-Debit/input_Account_check"), acNumber): Text '58963214' is set on object 'Object Repository/RecAndPlayBk/Page-Vlink-Debit/input_Account_check'

2023-02-28 18:38:17 - [MESSAGE][PASSED] - Text '58963214' is set on object 'Object Repository/RecAndPlayBk/Page-Vlink-Debit/input_Account_check'

2023-02-28 18:38:17 - [TEST_STEP][PASSED] - setText(findTestObject("RecAndPlayBk/Page-Vlink-Debit/input_Company_check"), company): Text 'My Company' is set on object 'Object Repository/RecAndPlayBk/Page-Vlink-Debit/input_Company_check'

2023-02-28 18:38:17 - [MESSAGE][PASSED] - Text 'My Company' is set on object 'Object Repository/RecAndPlayBk/Page-Vlink-Debit/input_Company_check'

2023-02-28 18:38:17 - [TEST_STEP][PASSED] - setText(findTestObject("RecAndPlayBk/Page-Vlink-Debit/input_Account Type"), acType): Text '' is set on object 'Object Repository/RecAndPlayBk/Page-Vlink-Debit/input_Account Type'

2023-02-28 18:38:18 - [MESSAGE][PASSED] - Text '' is set on object 'Object Repository/RecAndPlayBk/Page-Vlink-Debit/input_Account Type'

2023-02-28 18:38:18 - [TEST_STEP][PASSED] - setText(findTestObject("RecAndPlayBk/Page-Vlink-Debit/input_Routing Number"), rtn): Text '256072691' is set on object 'Object Repository/RecAndPlayBk/Page-Vlink-Debit/input_Routing Number'

2023-02-28 18:38:19 - [MESSAGE][PASSED] - Text '256072691' is set on object 'Object Repository/RecAndPlayBk/Page-Vlink-Debit/input_Routing Number'

2023-02-28 18:38:19 - [TEST_STEP][PASSED] - setText(findTestObject("RecAndPlayBk/Page-Vlink-Debit/input_Amount"), amount): Text '12.50' is set on object 'Object Repository/RecAndPlayBk/Page-Vlink-Debit/input_Amount'

2023-02-28 18:38:19 - [MESSAGE][PASSED] - Text '12.50' is set on object 'Object Repository/RecAndPlayBk/Page-Vlink-Debit/input_Amount'

2023-02-28 18:38:19 - [TEST_STEP][PASSED] - setText(findTestObject("RecAndPlayBk/Page-Vlink-Debit/input_Check Email"), ""): Text '' is set on object 'Object Repository/RecAndPlayBk/Page-Vlink-Debit/input_Check Email'

2023-02-28 18:38:20 - [MESSAGE][PASSED] - Text '' is set on object 'Object Repository/RecAndPlayBk/Page-Vlink-Debit/input_Check Email'

2023-02-28 18:38:20 - [TEST_STEP][PASSED] - setText(findTestObject("Object Repository/RecAndPlayBk/Page-Vlink-Debit/input_concat(CheckWriter, , s SSN)_check_ssn"), ""): Text '' is set on object 'Object Repository/RecAndPlayBk/Page-Vlink-Debit/input_concat(CheckWriter, , s SSN)_check_ssn'

2023-02-28 18:38:21 - [MESSAGE][PASSED] - Text '' is set on object 'Object Repository/RecAndPlayBk/Page-Vlink-Debit/input_concat(CheckWriter, , s SSN)_check_ssn'

2023-02-28 18:38:21 - [TEST_STEP][PASSED] - setText(findTestObject("Object Repository/RecAndPlayBk/Page-Vlink-Debit/input_concat(CheckWriter, , s License Numbe_020fef"), ""): Text '' is set on object 'Object Repository/RecAndPlayBk/Page-Vlink-Debit/input_concat(CheckWriter, , s License Numbe_020fef'

2023-02-28 18:38:21 - [MESSAGE][PASSED] - Text '' is set on object 'Object Repository/RecAndPlayBk/Page-Vlink-Debit/input_concat(CheckWriter, , s License Numbe_020fef'

2023-02-28 18:38:21 - [TEST_STEP][PASSED] - setText(findTestObject("Object Repository/RecAndPlayBk/Page-Vlink-Debit/input_concat(CheckWriter, , s License State_21e3e7"), ""): Text '' is set on object 'Object Repository/RecAndPlayBk/Page-Vlink-Debit/input_concat(CheckWriter, , s License State_21e3e7'

2023-02-28 18:38:22 - [MESSAGE][PASSED] - Text '' is set on object 'Object Repository/RecAndPlayBk/Page-Vlink-Debit/input_concat(CheckWriter, , s License State_21e3e7'

2023-02-28 18:38:22 - [TEST_STEP][PASSED] - setText(findTestObject("RecAndPlayBk/Page-Vlink-Debit/input_Standard Entry Class"), sec): Text 'CCD' is set on object 'Object Repository/RecAndPlayBk/Page-Vlink-Debit/input_Standard Entry Class'

2023-02-28 18:38:23 - [MESSAGE][PASSED] - Text 'CCD' is set on object 'Object Repository/RecAndPlayBk/Page-Vlink-Debit/input_Standard Entry Class'

2023-02-28 18:38:23 - [TEST_STEP][PASSED] - click(findTestObject("Object Repository/RecAndPlayBk/Page-Vlink-Debit/input")): Object: 'Object Repository/RecAndPlayBk/Page-Vlink-Debit/input' is clicked on

2023-02-28 18:38:23 - [MESSAGE][PASSED] - Object: 'Object Repository/RecAndPlayBk/Page-Vlink-Debit/input' is clicked on

2023-02-28 18:38:23 - [TEST_STEP][PASSED] - if (verifyTextPresent("Transaction approved, no errors", true)): null

2023-02-28 18:38:24 - [MESSAGE][PASSED] - Text 'Transaction approved, no errors' is present on page  using regular expression

2023-02-28 18:38:24 - [TEST_STEP][PASSED] - println("Transaction Approved, no errors text is present on the Confirmation page"): null

2023-02-28 18:38:24 - [TEST_STEP][PASSED] - out.println("Pass Record Number: " + row): null

2023-02-28 18:38:24 - [TEST_STEP][PASSED] - resText = "Pass": null

2023-02-28 18:38:24 - [TEST_STEP][PASSED] - pages.WriteExcel.demoKey(resText, datText, resColumn, datCloumn, fileLoc, nameSheet, row): pages.WriteExcel.demoKey is PASSED

2023-02-28 18:38:24 - [MESSAGE][PASSED] - pages.WriteExcel.demoKey is PASSED]]></system-out>
         <system-err><![CDATA[]]></system-err>
      </testcase>
      <testcase name="Test Cases/RecAndPlayBk/VLink/Debit-ZeroDollar-Error" time="99.931" classname="Test Cases/RecAndPlayBk/VLink/Debit-ZeroDollar-Error" status="PASSED">
         <system-out><![CDATA[2023-02-28 18:38:24 - [TEST_CASE][PASSED] - Test Cases/RecAndPlayBk/VLink/Debit-ZeroDollar-Error: Test Cases/RecAndPlayBk/VLink/Debit-ZeroDollar-Error

2023-02-28 18:38:24 - [TEST_STEP][PASSED] - executionProfile = getExecutionProfile(): null

2023-02-28 18:38:24 - [TEST_STEP][PASSED] - out.println("executionProfile : " + executionProfile): null

2023-02-28 18:38:24 - [TEST_STEP][PASSED] - appName = <not implemented yet for class: org.codehaus.groovy.ast.expr.EmptyExpression>: null

2023-02-28 18:38:24 - [TEST_STEP][PASSED] - appID = <not implemented yet for class: org.codehaus.groovy.ast.expr.EmptyExpression>: null

2023-02-28 18:38:24 - [TEST_STEP][PASSED] - username = <not implemented yet for class: org.codehaus.groovy.ast.expr.EmptyExpression>: null

2023-02-28 18:38:24 - [TEST_STEP][PASSED] - password = <not implemented yet for class: org.codehaus.groovy.ast.expr.EmptyExpression>: null

2023-02-28 18:38:24 - [TEST_STEP][PASSED] - cardNameV = <not implemented yet for class: org.codehaus.groovy.ast.expr.EmptyExpression>: null

2023-02-28 18:38:24 - [TEST_STEP][PASSED] - al1V = <not implemented yet for class: org.codehaus.groovy.ast.expr.EmptyExpression>: null

2023-02-28 18:38:24 - [TEST_STEP][PASSED] - al2V = <not implemented yet for class: org.codehaus.groovy.ast.expr.EmptyExpression>: null

2023-02-28 18:38:24 - [TEST_STEP][PASSED] - zipV = <not implemented yet for class: org.codehaus.groovy.ast.expr.EmptyExpression>: null

2023-02-28 18:38:24 - [TEST_STEP][PASSED] - cardTypeV = <not implemented yet for class: org.codehaus.groovy.ast.expr.EmptyExpression>: null

2023-02-28 18:38:24 - [TEST_STEP][PASSED] - last4V = <not implemented yet for class: org.codehaus.groovy.ast.expr.EmptyExpression>: null

2023-02-28 18:38:24 - [TEST_STEP][PASSED] - resText = "Fail": null

2023-02-28 18:38:24 - [TEST_STEP][PASSED] - resColumn = "Result": null

2023-02-28 18:38:24 - [TEST_STEP][PASSED] - datCloumn = "Date": null

2023-02-28 18:38:24 - [TEST_STEP][PASSED] - fileLoc = "KatalonData/VLinkSmokeDataACH.xlsx": null

2023-02-28 18:38:24 - [TEST_STEP][PASSED] - numOfRows = <not implemented yet for class: org.codehaus.groovy.ast.expr.EmptyExpression>: null

2023-02-28 18:38:24 - [TEST_STEP][PASSED] - dataFile = <not implemented yet for class: org.codehaus.groovy.ast.expr.EmptyExpression>: null

2023-02-28 18:38:24 - [TEST_STEP][PASSED] - nameSheet = <not implemented yet for class: org.codehaus.groovy.ast.expr.EmptyExpression>: null

2023-02-28 18:38:24 - [TEST_STEP][PASSED] - nameSheet = "Debit-ZeroDollar": null

2023-02-28 18:38:24 - [TEST_STEP][PASSED] - numOfRows = findTestData("QA/VLinkTestData/VLinkDebitZeroDollar").getRowNumbers(): null

2023-02-28 18:38:24 - [TEST_STEP][PASSED] - println("Number of Records: " + numOfRows): null

2023-02-28 18:38:24 - [TEST_STEP][PASSED] - dataFile = "QA/VLinkTestData/VLinkDebitZeroDollar": null

2023-02-28 18:38:24 - [TEST_STEP][PASSED] - for ([row = 1, row <= numOfRows, (row++)]): null

2023-02-28 18:38:24 - [TEST_STEP][PASSED] - ExecuteTC = findTestData(dataFile).getValue("Execute", row): null

2023-02-28 18:38:24 - [TEST_STEP][PASSED] - out.println("Value of Execute is : " + ExecuteTC): null

2023-02-28 18:38:24 - [TEST_STEP][PASSED] - switch (executionProfile): null

2023-02-28 18:38:24 - [TEST_STEP][PASSED] - case "Demo2Profile":: null

2023-02-28 18:38:24 - [TEST_STEP][PASSED] - appID = findTestData(dataFile).getValue("AppIDDemo", row): null

2023-02-28 18:38:24 - [TEST_STEP][PASSED] - username = findTestData(dataFile).getValue("UsernameDemo", row): null

2023-02-28 18:38:24 - [TEST_STEP][PASSED] - password = findTestData(dataFile).getValue("PasswordDemo", row): null

2023-02-28 18:38:24 - [TEST_STEP][PASSED] - break: null

2023-02-28 18:38:24 - [TEST_STEP][PASSED] - if (ExecuteTC.equalsIgnoreCase("Y")): null

2023-02-28 18:38:24 - [TEST_STEP][PASSED] - out.println("Begin Record Number: " + row): null

2023-02-28 18:38:24 - [TEST_STEP][PASSED] - today = new java.util.Date(): null

2023-02-28 18:38:24 - [TEST_STEP][PASSED] - println(today): null

2023-02-28 18:38:24 - [TEST_STEP][PASSED] - datText = today: null

2023-02-28 18:38:24 - [TEST_STEP][PASSED] - checkType = findTestData(dataFile).getValue("CheckType", row): null

2023-02-28 18:38:25 - [TEST_STEP][PASSED] - acNumber = findTestData(dataFile).getValue("AcNumber", row): null

2023-02-28 18:38:25 - [TEST_STEP][PASSED] - company = findTestData(dataFile).getValue("Company", row): null

2023-02-28 18:38:25 - [TEST_STEP][PASSED] - acType = findTestData(dataFile).getValue("AcType", row): null

2023-02-28 18:38:25 - [TEST_STEP][PASSED] - rtn = findTestData(dataFile).getValue("RTN", row): null

2023-02-28 18:38:25 - [TEST_STEP][PASSED] - amount = findTestData(dataFile).getValue("Amount", row): null

2023-02-28 18:38:25 - [TEST_STEP][PASSED] - sec = findTestData(dataFile).getValue("SEC", row): null

2023-02-28 18:38:25 - [TEST_STEP][PASSED] - openBrowser(VLinkURL + "debit.html"): Browser is opened with url: 'https://dev-algorithm.govolution.com/vlinktest/demo2/version_2_0/debit.html'

2023-02-28 18:38:25 - [MESSAGE][WARNING] - A browser is already opened. Closing browser and opening a new one

2023-02-28 18:38:26 - [MESSAGE][INFO] - Starting 'Chrome' driver

2023-02-28 18:38:26 - [MESSAGE][INFO] - User set preference: ['acceptInsecureCerts', 'true']

2023-02-28 18:38:26 - [MESSAGE][INFO] - Action delay is set to 0 milliseconds

2023-02-28 18:38:27 - [MESSAGE][PASSED] - Browser is opened with url: 'https://dev-algorithm.govolution.com/vlinktest/demo2/version_2_0/debit.html'

2023-02-28 18:38:27 - [TEST_STEP][PASSED] - maximizeWindow(): Current window maximized

2023-02-28 18:38:28 - [MESSAGE][PASSED] - Current window maximized

2023-02-28 18:38:28 - [TEST_STEP][PASSED] - genRemID = RandomStringUtils.random(12, true, true): null

2023-02-28 18:38:28 - [TEST_STEP][PASSED] - setText(findTestObject("RecAndPlayBk/Page-Vlink-Debit/input_Remittance Id"), genRemID): Text 'bPTaf6NsLw5z' is set on object 'Object Repository/RecAndPlayBk/Page-Vlink-Debit/input_Remittance Id'

2023-02-28 18:38:28 - [MESSAGE][PASSED] - Text 'bPTaf6NsLw5z' is set on object 'Object Repository/RecAndPlayBk/Page-Vlink-Debit/input_Remittance Id'

2023-02-28 18:38:28 - [TEST_STEP][PASSED] - setText(findTestObject("RecAndPlayBk/Page-Vlink-Debit/input_Application Id"), appID): Text '1773' is set on object 'Object Repository/RecAndPlayBk/Page-Vlink-Debit/input_Application Id'

2023-02-28 18:38:29 - [MESSAGE][PASSED] - Text '1773' is set on object 'Object Repository/RecAndPlayBk/Page-Vlink-Debit/input_Application Id'

2023-02-28 18:38:29 - [TEST_STEP][PASSED] - setText(findTestObject("RecAndPlayBk/Page-Vlink-Debit/input_Username"), username): Text 'Qq2BV1qtr' is set on object 'Object Repository/RecAndPlayBk/Page-Vlink-Debit/input_Username'

2023-02-28 18:38:30 - [MESSAGE][PASSED] - Text 'Qq2BV1qtr' is set on object 'Object Repository/RecAndPlayBk/Page-Vlink-Debit/input_Username'

2023-02-28 18:38:30 - [TEST_STEP][PASSED] - setText(findTestObject("RecAndPlayBk/Page-Vlink-Debit/input_Password"), password): Text 'tUmWBiLUx' is set on object 'Object Repository/RecAndPlayBk/Page-Vlink-Debit/input_Password'

2023-02-28 18:38:30 - [MESSAGE][PASSED] - Text 'tUmWBiLUx' is set on object 'Object Repository/RecAndPlayBk/Page-Vlink-Debit/input_Password'

2023-02-28 18:38:30 - [TEST_STEP][PASSED] - setText(findTestObject("RecAndPlayBk/Page-Vlink-Debit/input_Check Type"), checkType): Text 'P' is set on object 'Object Repository/RecAndPlayBk/Page-Vlink-Debit/input_Check Type'

2023-02-28 18:38:31 - [MESSAGE][PASSED] - Text 'P' is set on object 'Object Repository/RecAndPlayBk/Page-Vlink-Debit/input_Check Type'

2023-02-28 18:38:31 - [TEST_STEP][PASSED] - setText(findTestObject("RecAndPlayBk/Page-Vlink-Debit/input_Account_check"), acNumber): Text '58963214' is set on object 'Object Repository/RecAndPlayBk/Page-Vlink-Debit/input_Account_check'

2023-02-28 18:38:32 - [MESSAGE][PASSED] - Text '58963214' is set on object 'Object Repository/RecAndPlayBk/Page-Vlink-Debit/input_Account_check'

2023-02-28 18:38:32 - [TEST_STEP][PASSED] - setText(findTestObject("RecAndPlayBk/Page-Vlink-Debit/input_Company_check"), company): Text '' is set on object 'Object Repository/RecAndPlayBk/Page-Vlink-Debit/input_Company_check'

2023-02-28 18:38:32 - [MESSAGE][PASSED] - Text '' is set on object 'Object Repository/RecAndPlayBk/Page-Vlink-Debit/input_Company_check'

2023-02-28 18:38:32 - [TEST_STEP][PASSED] - setText(findTestObject("RecAndPlayBk/Page-Vlink-Debit/input_Account Type"), acType): Text '1' is set on object 'Object Repository/RecAndPlayBk/Page-Vlink-Debit/input_Account Type'

2023-02-28 18:38:33 - [MESSAGE][PASSED] - Text '1' is set on object 'Object Repository/RecAndPlayBk/Page-Vlink-Debit/input_Account Type'

2023-02-28 18:38:33 - [TEST_STEP][PASSED] - setText(findTestObject("RecAndPlayBk/Page-Vlink-Debit/input_Routing Number"), rtn): Text '256072691' is set on object 'Object Repository/RecAndPlayBk/Page-Vlink-Debit/input_Routing Number'

2023-02-28 18:38:33 - [MESSAGE][PASSED] - Text '256072691' is set on object 'Object Repository/RecAndPlayBk/Page-Vlink-Debit/input_Routing Number'

2023-02-28 18:38:33 - [TEST_STEP][PASSED] - setText(findTestObject("RecAndPlayBk/Page-Vlink-Debit/input_Amount"), amount): Text '0' is set on object 'Object Repository/RecAndPlayBk/Page-Vlink-Debit/input_Amount'

2023-02-28 18:38:34 - [MESSAGE][PASSED] - Text '0' is set on object 'Object Repository/RecAndPlayBk/Page-Vlink-Debit/input_Amount'

2023-02-28 18:38:34 - [TEST_STEP][PASSED] - setText(findTestObject("RecAndPlayBk/Page-Vlink-Debit/input_Check Email"), ""): Text '' is set on object 'Object Repository/RecAndPlayBk/Page-Vlink-Debit/input_Check Email'

2023-02-28 18:38:35 - [MESSAGE][PASSED] - Text '' is set on object 'Object Repository/RecAndPlayBk/Page-Vlink-Debit/input_Check Email'

2023-02-28 18:38:35 - [TEST_STEP][PASSED] - setText(findTestObject("Object Repository/RecAndPlayBk/Page-Vlink-Debit/input_concat(CheckWriter, , s SSN)_check_ssn"), ""): Text '' is set on object 'Object Repository/RecAndPlayBk/Page-Vlink-Debit/input_concat(CheckWriter, , s SSN)_check_ssn'

2023-02-28 18:38:35 - [MESSAGE][PASSED] - Text '' is set on object 'Object Repository/RecAndPlayBk/Page-Vlink-Debit/input_concat(CheckWriter, , s SSN)_check_ssn'

2023-02-28 18:38:35 - [TEST_STEP][PASSED] - setText(findTestObject("Object Repository/RecAndPlayBk/Page-Vlink-Debit/input_concat(CheckWriter, , s License Numbe_020fef"), ""): Text '' is set on object 'Object Repository/RecAndPlayBk/Page-Vlink-Debit/input_concat(CheckWriter, , s License Numbe_020fef'

2023-02-28 18:38:36 - [MESSAGE][PASSED] - Text '' is set on object 'Object Repository/RecAndPlayBk/Page-Vlink-Debit/input_concat(CheckWriter, , s License Numbe_020fef'

2023-02-28 18:38:36 - [TEST_STEP][PASSED] - setText(findTestObject("Object Repository/RecAndPlayBk/Page-Vlink-Debit/input_concat(CheckWriter, , s License State_21e3e7"), ""): Text '' is set on object 'Object Repository/RecAndPlayBk/Page-Vlink-Debit/input_concat(CheckWriter, , s License State_21e3e7'

2023-02-28 18:38:37 - [MESSAGE][PASSED] - Text '' is set on object 'Object Repository/RecAndPlayBk/Page-Vlink-Debit/input_concat(CheckWriter, , s License State_21e3e7'

2023-02-28 18:38:37 - [TEST_STEP][PASSED] - setText(findTestObject("RecAndPlayBk/Page-Vlink-Debit/input_Standard Entry Class"), sec): Text 'WEB' is set on object 'Object Repository/RecAndPlayBk/Page-Vlink-Debit/input_Standard Entry Class'

2023-02-28 18:38:37 - [MESSAGE][PASSED] - Text 'WEB' is set on object 'Object Repository/RecAndPlayBk/Page-Vlink-Debit/input_Standard Entry Class'

2023-02-28 18:38:37 - [TEST_STEP][PASSED] - click(findTestObject("Object Repository/RecAndPlayBk/Page-Vlink-Debit/input")): Object: 'Object Repository/RecAndPlayBk/Page-Vlink-Debit/input' is clicked on

2023-02-28 18:38:38 - [MESSAGE][PASSED] - Object: 'Object Repository/RecAndPlayBk/Page-Vlink-Debit/input' is clicked on

2023-02-28 18:38:38 - [TEST_STEP][PASSED] - if (verifyTextPresent("invalid: amount", true)): null

2023-02-28 18:38:38 - [MESSAGE][PASSED] - Text 'invalid: amount' is present on page  using regular expression

2023-02-28 18:38:38 - [TEST_STEP][PASSED] - println("invalid: amount text is present on the Confirmation page"): null

2023-02-28 18:38:38 - [TEST_STEP][PASSED] - out.println("Pass Record Number: " + row): null

2023-02-28 18:38:38 - [TEST_STEP][PASSED] - resText = "Pass": null

2023-02-28 18:38:38 - [TEST_STEP][PASSED] - pages.WriteExcel.demoKey(resText, datText, resColumn, datCloumn, fileLoc, nameSheet, row): pages.WriteExcel.demoKey is PASSED

2023-02-28 18:38:38 - [MESSAGE][PASSED] - pages.WriteExcel.demoKey is PASSED

2023-02-28 18:38:38 - [TEST_STEP][PASSED] - ExecuteTC = findTestData(dataFile).getValue("Execute", row): null

2023-02-28 18:38:38 - [TEST_STEP][PASSED] - out.println("Value of Execute is : " + ExecuteTC): null

2023-02-28 18:38:38 - [TEST_STEP][PASSED] - switch (executionProfile): null

2023-02-28 18:38:38 - [TEST_STEP][PASSED] - case "Demo2Profile":: null

2023-02-28 18:38:38 - [TEST_STEP][PASSED] - appID = findTestData(dataFile).getValue("AppIDDemo", row): null

2023-02-28 18:38:38 - [TEST_STEP][PASSED] - username = findTestData(dataFile).getValue("UsernameDemo", row): null

2023-02-28 18:38:38 - [TEST_STEP][PASSED] - password = findTestData(dataFile).getValue("PasswordDemo", row): null

2023-02-28 18:38:39 - [TEST_STEP][PASSED] - break: null

2023-02-28 18:38:39 - [TEST_STEP][PASSED] - if (ExecuteTC.equalsIgnoreCase("Y")): null

2023-02-28 18:38:39 - [TEST_STEP][PASSED] - out.println("Begin Record Number: " + row): null

2023-02-28 18:38:39 - [TEST_STEP][PASSED] - today = new java.util.Date(): null

2023-02-28 18:38:39 - [TEST_STEP][PASSED] - println(today): null

2023-02-28 18:38:39 - [TEST_STEP][PASSED] - datText = today: null

2023-02-28 18:38:39 - [TEST_STEP][PASSED] - checkType = findTestData(dataFile).getValue("CheckType", row): null

2023-02-28 18:38:39 - [TEST_STEP][PASSED] - acNumber = findTestData(dataFile).getValue("AcNumber", row): null

2023-02-28 18:38:39 - [TEST_STEP][PASSED] - company = findTestData(dataFile).getValue("Company", row): null

2023-02-28 18:38:39 - [TEST_STEP][PASSED] - acType = findTestData(dataFile).getValue("AcType", row): null

2023-02-28 18:38:39 - [TEST_STEP][PASSED] - rtn = findTestData(dataFile).getValue("RTN", row): null

2023-02-28 18:38:39 - [TEST_STEP][PASSED] - amount = findTestData(dataFile).getValue("Amount", row): null

2023-02-28 18:38:39 - [TEST_STEP][PASSED] - sec = findTestData(dataFile).getValue("SEC", row): null

2023-02-28 18:38:39 - [TEST_STEP][PASSED] - openBrowser(VLinkURL + "debit.html"): Browser is opened with url: 'https://dev-algorithm.govolution.com/vlinktest/demo2/version_2_0/debit.html'

2023-02-28 18:38:39 - [MESSAGE][WARNING] - A browser is already opened. Closing browser and opening a new one

2023-02-28 18:38:40 - [MESSAGE][INFO] - Starting 'Chrome' driver

2023-02-28 18:38:40 - [MESSAGE][INFO] - User set preference: ['acceptInsecureCerts', 'true']

2023-02-28 18:38:40 - [MESSAGE][INFO] - Action delay is set to 0 milliseconds

2023-02-28 18:38:42 - [MESSAGE][PASSED] - Browser is opened with url: 'https://dev-algorithm.govolution.com/vlinktest/demo2/version_2_0/debit.html'

2023-02-28 18:38:42 - [TEST_STEP][PASSED] - maximizeWindow(): Current window maximized

2023-02-28 18:38:42 - [MESSAGE][PASSED] - Current window maximized

2023-02-28 18:38:42 - [TEST_STEP][PASSED] - genRemID = RandomStringUtils.random(12, true, true): null

2023-02-28 18:38:42 - [TEST_STEP][PASSED] - setText(findTestObject("RecAndPlayBk/Page-Vlink-Debit/input_Remittance Id"), genRemID): Text 'bQEYkx1GCEaO' is set on object 'Object Repository/RecAndPlayBk/Page-Vlink-Debit/input_Remittance Id'

2023-02-28 18:38:43 - [MESSAGE][PASSED] - Text 'bQEYkx1GCEaO' is set on object 'Object Repository/RecAndPlayBk/Page-Vlink-Debit/input_Remittance Id'

2023-02-28 18:38:43 - [TEST_STEP][PASSED] - setText(findTestObject("RecAndPlayBk/Page-Vlink-Debit/input_Application Id"), appID): Text '1773' is set on object 'Object Repository/RecAndPlayBk/Page-Vlink-Debit/input_Application Id'

2023-02-28 18:38:43 - [MESSAGE][PASSED] - Text '1773' is set on object 'Object Repository/RecAndPlayBk/Page-Vlink-Debit/input_Application Id'

2023-02-28 18:38:43 - [TEST_STEP][PASSED] - setText(findTestObject("RecAndPlayBk/Page-Vlink-Debit/input_Username"), username): Text 'Qq2BV1qtr' is set on object 'Object Repository/RecAndPlayBk/Page-Vlink-Debit/input_Username'

2023-02-28 18:38:44 - [MESSAGE][PASSED] - Text 'Qq2BV1qtr' is set on object 'Object Repository/RecAndPlayBk/Page-Vlink-Debit/input_Username'

2023-02-28 18:38:44 - [TEST_STEP][PASSED] - setText(findTestObject("RecAndPlayBk/Page-Vlink-Debit/input_Password"), password): Text 'tUmWBiLUx' is set on object 'Object Repository/RecAndPlayBk/Page-Vlink-Debit/input_Password'

2023-02-28 18:38:44 - [MESSAGE][PASSED] - Text 'tUmWBiLUx' is set on object 'Object Repository/RecAndPlayBk/Page-Vlink-Debit/input_Password'

2023-02-28 18:38:44 - [TEST_STEP][PASSED] - setText(findTestObject("RecAndPlayBk/Page-Vlink-Debit/input_Check Type"), checkType): Text 'P' is set on object 'Object Repository/RecAndPlayBk/Page-Vlink-Debit/input_Check Type'

2023-02-28 18:38:45 - [MESSAGE][PASSED] - Text 'P' is set on object 'Object Repository/RecAndPlayBk/Page-Vlink-Debit/input_Check Type'

2023-02-28 18:38:45 - [TEST_STEP][PASSED] - setText(findTestObject("RecAndPlayBk/Page-Vlink-Debit/input_Account_check"), acNumber): Text '58963214' is set on object 'Object Repository/RecAndPlayBk/Page-Vlink-Debit/input_Account_check'

2023-02-28 18:38:46 - [MESSAGE][PASSED] - Text '58963214' is set on object 'Object Repository/RecAndPlayBk/Page-Vlink-Debit/input_Account_check'

2023-02-28 18:38:46 - [TEST_STEP][PASSED] - setText(findTestObject("RecAndPlayBk/Page-Vlink-Debit/input_Company_check"), company): Text '' is set on object 'Object Repository/RecAndPlayBk/Page-Vlink-Debit/input_Company_check'

2023-02-28 18:38:46 - [MESSAGE][PASSED] - Text '' is set on object 'Object Repository/RecAndPlayBk/Page-Vlink-Debit/input_Company_check'

2023-02-28 18:38:46 - [TEST_STEP][PASSED] - setText(findTestObject("RecAndPlayBk/Page-Vlink-Debit/input_Account Type"), acType): Text '1' is set on object 'Object Repository/RecAndPlayBk/Page-Vlink-Debit/input_Account Type'

2023-02-28 18:38:47 - [MESSAGE][PASSED] - Text '1' is set on object 'Object Repository/RecAndPlayBk/Page-Vlink-Debit/input_Account Type'

2023-02-28 18:38:47 - [TEST_STEP][PASSED] - setText(findTestObject("RecAndPlayBk/Page-Vlink-Debit/input_Routing Number"), rtn): Text '256072691' is set on object 'Object Repository/RecAndPlayBk/Page-Vlink-Debit/input_Routing Number'

2023-02-28 18:38:48 - [MESSAGE][PASSED] - Text '256072691' is set on object 'Object Repository/RecAndPlayBk/Page-Vlink-Debit/input_Routing Number'

2023-02-28 18:38:48 - [TEST_STEP][PASSED] - setText(findTestObject("RecAndPlayBk/Page-Vlink-Debit/input_Amount"), amount): Text '0' is set on object 'Object Repository/RecAndPlayBk/Page-Vlink-Debit/input_Amount'

2023-02-28 18:38:48 - [MESSAGE][PASSED] - Text '0' is set on object 'Object Repository/RecAndPlayBk/Page-Vlink-Debit/input_Amount'

2023-02-28 18:38:48 - [TEST_STEP][PASSED] - setText(findTestObject("RecAndPlayBk/Page-Vlink-Debit/input_Check Email"), ""): Text '' is set on object 'Object Repository/RecAndPlayBk/Page-Vlink-Debit/input_Check Email'

2023-02-28 18:38:49 - [MESSAGE][PASSED] - Text '' is set on object 'Object Repository/RecAndPlayBk/Page-Vlink-Debit/input_Check Email'

2023-02-28 18:38:49 - [TEST_STEP][PASSED] - setText(findTestObject("Object Repository/RecAndPlayBk/Page-Vlink-Debit/input_concat(CheckWriter, , s SSN)_check_ssn"), ""): Text '' is set on object 'Object Repository/RecAndPlayBk/Page-Vlink-Debit/input_concat(CheckWriter, , s SSN)_check_ssn'

2023-02-28 18:38:49 - [MESSAGE][PASSED] - Text '' is set on object 'Object Repository/RecAndPlayBk/Page-Vlink-Debit/input_concat(CheckWriter, , s SSN)_check_ssn'

2023-02-28 18:38:49 - [TEST_STEP][PASSED] - setText(findTestObject("Object Repository/RecAndPlayBk/Page-Vlink-Debit/input_concat(CheckWriter, , s License Numbe_020fef"), ""): Text '' is set on object 'Object Repository/RecAndPlayBk/Page-Vlink-Debit/input_concat(CheckWriter, , s License Numbe_020fef'

2023-02-28 18:38:50 - [MESSAGE][PASSED] - Text '' is set on object 'Object Repository/RecAndPlayBk/Page-Vlink-Debit/input_concat(CheckWriter, , s License Numbe_020fef'

2023-02-28 18:38:50 - [TEST_STEP][PASSED] - setText(findTestObject("Object Repository/RecAndPlayBk/Page-Vlink-Debit/input_concat(CheckWriter, , s License State_21e3e7"), ""): Text '' is set on object 'Object Repository/RecAndPlayBk/Page-Vlink-Debit/input_concat(CheckWriter, , s License State_21e3e7'

2023-02-28 18:38:51 - [MESSAGE][PASSED] - Text '' is set on object 'Object Repository/RecAndPlayBk/Page-Vlink-Debit/input_concat(CheckWriter, , s License State_21e3e7'

2023-02-28 18:38:51 - [TEST_STEP][PASSED] - setText(findTestObject("RecAndPlayBk/Page-Vlink-Debit/input_Standard Entry Class"), sec): Text 'TEL' is set on object 'Object Repository/RecAndPlayBk/Page-Vlink-Debit/input_Standard Entry Class'

2023-02-28 18:38:51 - [MESSAGE][PASSED] - Text 'TEL' is set on object 'Object Repository/RecAndPlayBk/Page-Vlink-Debit/input_Standard Entry Class'

2023-02-28 18:38:51 - [TEST_STEP][PASSED] - click(findTestObject("Object Repository/RecAndPlayBk/Page-Vlink-Debit/input")): Object: 'Object Repository/RecAndPlayBk/Page-Vlink-Debit/input' is clicked on

2023-02-28 18:38:52 - [MESSAGE][PASSED] - Object: 'Object Repository/RecAndPlayBk/Page-Vlink-Debit/input' is clicked on

2023-02-28 18:38:52 - [TEST_STEP][PASSED] - if (verifyTextPresent("invalid: amount", true)): null

2023-02-28 18:38:52 - [MESSAGE][PASSED] - Text 'invalid: amount' is present on page  using regular expression

2023-02-28 18:38:52 - [TEST_STEP][PASSED] - println("invalid: amount text is present on the Confirmation page"): null

2023-02-28 18:38:52 - [TEST_STEP][PASSED] - out.println("Pass Record Number: " + row): null

2023-02-28 18:38:52 - [TEST_STEP][PASSED] - resText = "Pass": null

2023-02-28 18:38:52 - [TEST_STEP][PASSED] - pages.WriteExcel.demoKey(resText, datText, resColumn, datCloumn, fileLoc, nameSheet, row): pages.WriteExcel.demoKey is PASSED

2023-02-28 18:38:52 - [MESSAGE][PASSED] - pages.WriteExcel.demoKey is PASSED

2023-02-28 18:38:52 - [TEST_STEP][PASSED] - ExecuteTC = findTestData(dataFile).getValue("Execute", row): null

2023-02-28 18:38:52 - [TEST_STEP][PASSED] - out.println("Value of Execute is : " + ExecuteTC): null

2023-02-28 18:38:52 - [TEST_STEP][PASSED] - switch (executionProfile): null

2023-02-28 18:38:52 - [TEST_STEP][PASSED] - case "Demo2Profile":: null

2023-02-28 18:38:52 - [TEST_STEP][PASSED] - appID = findTestData(dataFile).getValue("AppIDDemo", row): null

2023-02-28 18:38:53 - [TEST_STEP][PASSED] - username = findTestData(dataFile).getValue("UsernameDemo", row): null

2023-02-28 18:38:53 - [TEST_STEP][PASSED] - password = findTestData(dataFile).getValue("PasswordDemo", row): null

2023-02-28 18:38:53 - [TEST_STEP][PASSED] - break: null

2023-02-28 18:38:53 - [TEST_STEP][PASSED] - if (ExecuteTC.equalsIgnoreCase("Y")): null

2023-02-28 18:38:53 - [TEST_STEP][PASSED] - out.println("Begin Record Number: " + row): null

2023-02-28 18:38:53 - [TEST_STEP][PASSED] - today = new java.util.Date(): null

2023-02-28 18:38:53 - [TEST_STEP][PASSED] - println(today): null

2023-02-28 18:38:53 - [TEST_STEP][PASSED] - datText = today: null

2023-02-28 18:38:53 - [TEST_STEP][PASSED] - checkType = findTestData(dataFile).getValue("CheckType", row): null

2023-02-28 18:38:53 - [TEST_STEP][PASSED] - acNumber = findTestData(dataFile).getValue("AcNumber", row): null

2023-02-28 18:38:53 - [TEST_STEP][PASSED] - company = findTestData(dataFile).getValue("Company", row): null

2023-02-28 18:38:53 - [TEST_STEP][PASSED] - acType = findTestData(dataFile).getValue("AcType", row): null

2023-02-28 18:38:53 - [TEST_STEP][PASSED] - rtn = findTestData(dataFile).getValue("RTN", row): null

2023-02-28 18:38:53 - [TEST_STEP][PASSED] - amount = findTestData(dataFile).getValue("Amount", row): null

2023-02-28 18:38:53 - [TEST_STEP][PASSED] - sec = findTestData(dataFile).getValue("SEC", row): null

2023-02-28 18:38:53 - [TEST_STEP][PASSED] - openBrowser(VLinkURL + "debit.html"): Browser is opened with url: 'https://dev-algorithm.govolution.com/vlinktest/demo2/version_2_0/debit.html'

2023-02-28 18:38:53 - [MESSAGE][WARNING] - A browser is already opened. Closing browser and opening a new one

2023-02-28 18:38:54 - [MESSAGE][INFO] - Starting 'Chrome' driver

2023-02-28 18:38:54 - [MESSAGE][INFO] - User set preference: ['acceptInsecureCerts', 'true']

2023-02-28 18:38:54 - [MESSAGE][INFO] - Action delay is set to 0 milliseconds

2023-02-28 18:38:56 - [MESSAGE][PASSED] - Browser is opened with url: 'https://dev-algorithm.govolution.com/vlinktest/demo2/version_2_0/debit.html'

2023-02-28 18:38:56 - [TEST_STEP][PASSED] - maximizeWindow(): Current window maximized

2023-02-28 18:38:56 - [MESSAGE][PASSED] - Current window maximized

2023-02-28 18:38:56 - [TEST_STEP][PASSED] - genRemID = RandomStringUtils.random(12, true, true): null

2023-02-28 18:38:56 - [TEST_STEP][PASSED] - setText(findTestObject("RecAndPlayBk/Page-Vlink-Debit/input_Remittance Id"), genRemID): Text 'b5KMfVuED0Fc' is set on object 'Object Repository/RecAndPlayBk/Page-Vlink-Debit/input_Remittance Id'

2023-02-28 18:38:57 - [MESSAGE][PASSED] - Text 'b5KMfVuED0Fc' is set on object 'Object Repository/RecAndPlayBk/Page-Vlink-Debit/input_Remittance Id'

2023-02-28 18:38:57 - [TEST_STEP][PASSED] - setText(findTestObject("RecAndPlayBk/Page-Vlink-Debit/input_Application Id"), appID): Text '1773' is set on object 'Object Repository/RecAndPlayBk/Page-Vlink-Debit/input_Application Id'

2023-02-28 18:38:57 - [MESSAGE][PASSED] - Text '1773' is set on object 'Object Repository/RecAndPlayBk/Page-Vlink-Debit/input_Application Id'

2023-02-28 18:38:57 - [TEST_STEP][PASSED] - setText(findTestObject("RecAndPlayBk/Page-Vlink-Debit/input_Username"), username): Text 'Qq2BV1qtr' is set on object 'Object Repository/RecAndPlayBk/Page-Vlink-Debit/input_Username'

2023-02-28 18:38:58 - [MESSAGE][PASSED] - Text 'Qq2BV1qtr' is set on object 'Object Repository/RecAndPlayBk/Page-Vlink-Debit/input_Username'

2023-02-28 18:38:58 - [TEST_STEP][PASSED] - setText(findTestObject("RecAndPlayBk/Page-Vlink-Debit/input_Password"), password): Text 'tUmWBiLUx' is set on object 'Object Repository/RecAndPlayBk/Page-Vlink-Debit/input_Password'

2023-02-28 18:38:59 - [MESSAGE][PASSED] - Text 'tUmWBiLUx' is set on object 'Object Repository/RecAndPlayBk/Page-Vlink-Debit/input_Password'

2023-02-28 18:38:59 - [TEST_STEP][PASSED] - setText(findTestObject("RecAndPlayBk/Page-Vlink-Debit/input_Check Type"), checkType): Text 'P' is set on object 'Object Repository/RecAndPlayBk/Page-Vlink-Debit/input_Check Type'

2023-02-28 18:38:59 - [MESSAGE][PASSED] - Text 'P' is set on object 'Object Repository/RecAndPlayBk/Page-Vlink-Debit/input_Check Type'

2023-02-28 18:38:59 - [TEST_STEP][PASSED] - setText(findTestObject("RecAndPlayBk/Page-Vlink-Debit/input_Account_check"), acNumber): Text '58963214' is set on object 'Object Repository/RecAndPlayBk/Page-Vlink-Debit/input_Account_check'

2023-02-28 18:39:00 - [MESSAGE][PASSED] - Text '58963214' is set on object 'Object Repository/RecAndPlayBk/Page-Vlink-Debit/input_Account_check'

2023-02-28 18:39:00 - [TEST_STEP][PASSED] - setText(findTestObject("RecAndPlayBk/Page-Vlink-Debit/input_Company_check"), company): Text '' is set on object 'Object Repository/RecAndPlayBk/Page-Vlink-Debit/input_Company_check'

2023-02-28 18:39:01 - [MESSAGE][PASSED] - Text '' is set on object 'Object Repository/RecAndPlayBk/Page-Vlink-Debit/input_Company_check'

2023-02-28 18:39:01 - [TEST_STEP][PASSED] - setText(findTestObject("RecAndPlayBk/Page-Vlink-Debit/input_Account Type"), acType): Text '1' is set on object 'Object Repository/RecAndPlayBk/Page-Vlink-Debit/input_Account Type'

2023-02-28 18:39:01 - [MESSAGE][PASSED] - Text '1' is set on object 'Object Repository/RecAndPlayBk/Page-Vlink-Debit/input_Account Type'

2023-02-28 18:39:01 - [TEST_STEP][PASSED] - setText(findTestObject("RecAndPlayBk/Page-Vlink-Debit/input_Routing Number"), rtn): Text '256072691' is set on object 'Object Repository/RecAndPlayBk/Page-Vlink-Debit/input_Routing Number'

2023-02-28 18:39:02 - [MESSAGE][PASSED] - Text '256072691' is set on object 'Object Repository/RecAndPlayBk/Page-Vlink-Debit/input_Routing Number'

2023-02-28 18:39:02 - [TEST_STEP][PASSED] - setText(findTestObject("RecAndPlayBk/Page-Vlink-Debit/input_Amount"), amount): Text '0' is set on object 'Object Repository/RecAndPlayBk/Page-Vlink-Debit/input_Amount'

2023-02-28 18:39:02 - [MESSAGE][PASSED] - Text '0' is set on object 'Object Repository/RecAndPlayBk/Page-Vlink-Debit/input_Amount'

2023-02-28 18:39:02 - [TEST_STEP][PASSED] - setText(findTestObject("RecAndPlayBk/Page-Vlink-Debit/input_Check Email"), ""): Text '' is set on object 'Object Repository/RecAndPlayBk/Page-Vlink-Debit/input_Check Email'

2023-02-28 18:39:03 - [MESSAGE][PASSED] - Text '' is set on object 'Object Repository/RecAndPlayBk/Page-Vlink-Debit/input_Check Email'

2023-02-28 18:39:03 - [TEST_STEP][PASSED] - setText(findTestObject("Object Repository/RecAndPlayBk/Page-Vlink-Debit/input_concat(CheckWriter, , s SSN)_check_ssn"), ""): Text '' is set on object 'Object Repository/RecAndPlayBk/Page-Vlink-Debit/input_concat(CheckWriter, , s SSN)_check_ssn'

2023-02-28 18:39:04 - [MESSAGE][PASSED] - Text '' is set on object 'Object Repository/RecAndPlayBk/Page-Vlink-Debit/input_concat(CheckWriter, , s SSN)_check_ssn'

2023-02-28 18:39:04 - [TEST_STEP][PASSED] - setText(findTestObject("Object Repository/RecAndPlayBk/Page-Vlink-Debit/input_concat(CheckWriter, , s License Numbe_020fef"), ""): Text '' is set on object 'Object Repository/RecAndPlayBk/Page-Vlink-Debit/input_concat(CheckWriter, , s License Numbe_020fef'

2023-02-28 18:39:04 - [MESSAGE][PASSED] - Text '' is set on object 'Object Repository/RecAndPlayBk/Page-Vlink-Debit/input_concat(CheckWriter, , s License Numbe_020fef'

2023-02-28 18:39:04 - [TEST_STEP][PASSED] - setText(findTestObject("Object Repository/RecAndPlayBk/Page-Vlink-Debit/input_concat(CheckWriter, , s License State_21e3e7"), ""): Text '' is set on object 'Object Repository/RecAndPlayBk/Page-Vlink-Debit/input_concat(CheckWriter, , s License State_21e3e7'

2023-02-28 18:39:05 - [MESSAGE][PASSED] - Text '' is set on object 'Object Repository/RecAndPlayBk/Page-Vlink-Debit/input_concat(CheckWriter, , s License State_21e3e7'

2023-02-28 18:39:05 - [TEST_STEP][PASSED] - setText(findTestObject("RecAndPlayBk/Page-Vlink-Debit/input_Standard Entry Class"), sec): Text 'PPD' is set on object 'Object Repository/RecAndPlayBk/Page-Vlink-Debit/input_Standard Entry Class'

2023-02-28 18:39:06 - [MESSAGE][PASSED] - Text 'PPD' is set on object 'Object Repository/RecAndPlayBk/Page-Vlink-Debit/input_Standard Entry Class'

2023-02-28 18:39:06 - [TEST_STEP][PASSED] - click(findTestObject("Object Repository/RecAndPlayBk/Page-Vlink-Debit/input")): Object: 'Object Repository/RecAndPlayBk/Page-Vlink-Debit/input' is clicked on

2023-02-28 18:39:06 - [MESSAGE][PASSED] - Object: 'Object Repository/RecAndPlayBk/Page-Vlink-Debit/input' is clicked on

2023-02-28 18:39:06 - [TEST_STEP][PASSED] - if (verifyTextPresent("invalid: amount", true)): null

2023-02-28 18:39:07 - [MESSAGE][PASSED] - Text 'invalid: amount' is present on page  using regular expression

2023-02-28 18:39:07 - [TEST_STEP][PASSED] - println("invalid: amount text is present on the Confirmation page"): null

2023-02-28 18:39:07 - [TEST_STEP][PASSED] - out.println("Pass Record Number: " + row): null

2023-02-28 18:39:07 - [TEST_STEP][PASSED] - resText = "Pass": null

2023-02-28 18:39:07 - [TEST_STEP][PASSED] - pages.WriteExcel.demoKey(resText, datText, resColumn, datCloumn, fileLoc, nameSheet, row): pages.WriteExcel.demoKey is PASSED

2023-02-28 18:39:07 - [MESSAGE][PASSED] - pages.WriteExcel.demoKey is PASSED

2023-02-28 18:39:07 - [TEST_STEP][PASSED] - ExecuteTC = findTestData(dataFile).getValue("Execute", row): null

2023-02-28 18:39:07 - [TEST_STEP][PASSED] - out.println("Value of Execute is : " + ExecuteTC): null

2023-02-28 18:39:07 - [TEST_STEP][PASSED] - switch (executionProfile): null

2023-02-28 18:39:07 - [TEST_STEP][PASSED] - case "Demo2Profile":: null

2023-02-28 18:39:07 - [TEST_STEP][PASSED] - appID = findTestData(dataFile).getValue("AppIDDemo", row): null

2023-02-28 18:39:07 - [TEST_STEP][PASSED] - username = findTestData(dataFile).getValue("UsernameDemo", row): null

2023-02-28 18:39:07 - [TEST_STEP][PASSED] - password = findTestData(dataFile).getValue("PasswordDemo", row): null

2023-02-28 18:39:07 - [TEST_STEP][PASSED] - break: null

2023-02-28 18:39:07 - [TEST_STEP][PASSED] - if (ExecuteTC.equalsIgnoreCase("Y")): null

2023-02-28 18:39:07 - [TEST_STEP][PASSED] - out.println("Begin Record Number: " + row): null

2023-02-28 18:39:07 - [TEST_STEP][PASSED] - today = new java.util.Date(): null

2023-02-28 18:39:07 - [TEST_STEP][PASSED] - println(today): null

2023-02-28 18:39:07 - [TEST_STEP][PASSED] - datText = today: null

2023-02-28 18:39:07 - [TEST_STEP][PASSED] - checkType = findTestData(dataFile).getValue("CheckType", row): null

2023-02-28 18:39:07 - [TEST_STEP][PASSED] - acNumber = findTestData(dataFile).getValue("AcNumber", row): null

2023-02-28 18:39:07 - [TEST_STEP][PASSED] - company = findTestData(dataFile).getValue("Company", row): null

2023-02-28 18:39:07 - [TEST_STEP][PASSED] - acType = findTestData(dataFile).getValue("AcType", row): null

2023-02-28 18:39:07 - [TEST_STEP][PASSED] - rtn = findTestData(dataFile).getValue("RTN", row): null

2023-02-28 18:39:07 - [TEST_STEP][PASSED] - amount = findTestData(dataFile).getValue("Amount", row): null

2023-02-28 18:39:07 - [TEST_STEP][PASSED] - sec = findTestData(dataFile).getValue("SEC", row): null

2023-02-28 18:39:07 - [TEST_STEP][PASSED] - openBrowser(VLinkURL + "debit.html"): Browser is opened with url: 'https://dev-algorithm.govolution.com/vlinktest/demo2/version_2_0/debit.html'

2023-02-28 18:39:07 - [MESSAGE][WARNING] - A browser is already opened. Closing browser and opening a new one

2023-02-28 18:39:08 - [MESSAGE][INFO] - Starting 'Chrome' driver

2023-02-28 18:39:08 - [MESSAGE][INFO] - User set preference: ['acceptInsecureCerts', 'true']

2023-02-28 18:39:08 - [MESSAGE][INFO] - Action delay is set to 0 milliseconds

2023-02-28 18:39:10 - [MESSAGE][PASSED] - Browser is opened with url: 'https://dev-algorithm.govolution.com/vlinktest/demo2/version_2_0/debit.html'

2023-02-28 18:39:10 - [TEST_STEP][PASSED] - maximizeWindow(): Current window maximized

2023-02-28 18:39:10 - [MESSAGE][PASSED] - Current window maximized

2023-02-28 18:39:10 - [TEST_STEP][PASSED] - genRemID = RandomStringUtils.random(12, true, true): null

2023-02-28 18:39:10 - [TEST_STEP][PASSED] - setText(findTestObject("RecAndPlayBk/Page-Vlink-Debit/input_Remittance Id"), genRemID): Text 'CbyI5SAmed9e' is set on object 'Object Repository/RecAndPlayBk/Page-Vlink-Debit/input_Remittance Id'

2023-02-28 18:39:11 - [MESSAGE][PASSED] - Text 'CbyI5SAmed9e' is set on object 'Object Repository/RecAndPlayBk/Page-Vlink-Debit/input_Remittance Id'

2023-02-28 18:39:11 - [TEST_STEP][PASSED] - setText(findTestObject("RecAndPlayBk/Page-Vlink-Debit/input_Application Id"), appID): Text '1773' is set on object 'Object Repository/RecAndPlayBk/Page-Vlink-Debit/input_Application Id'

2023-02-28 18:39:12 - [MESSAGE][PASSED] - Text '1773' is set on object 'Object Repository/RecAndPlayBk/Page-Vlink-Debit/input_Application Id'

2023-02-28 18:39:12 - [TEST_STEP][PASSED] - setText(findTestObject("RecAndPlayBk/Page-Vlink-Debit/input_Username"), username): Text 'Qq2BV1qtr' is set on object 'Object Repository/RecAndPlayBk/Page-Vlink-Debit/input_Username'

2023-02-28 18:39:12 - [MESSAGE][PASSED] - Text 'Qq2BV1qtr' is set on object 'Object Repository/RecAndPlayBk/Page-Vlink-Debit/input_Username'

2023-02-28 18:39:12 - [TEST_STEP][PASSED] - setText(findTestObject("RecAndPlayBk/Page-Vlink-Debit/input_Password"), password): Text 'tUmWBiLUx' is set on object 'Object Repository/RecAndPlayBk/Page-Vlink-Debit/input_Password'

2023-02-28 18:39:13 - [MESSAGE][PASSED] - Text 'tUmWBiLUx' is set on object 'Object Repository/RecAndPlayBk/Page-Vlink-Debit/input_Password'

2023-02-28 18:39:13 - [TEST_STEP][PASSED] - setText(findTestObject("RecAndPlayBk/Page-Vlink-Debit/input_Check Type"), checkType): Text 'P' is set on object 'Object Repository/RecAndPlayBk/Page-Vlink-Debit/input_Check Type'

2023-02-28 18:39:14 - [MESSAGE][PASSED] - Text 'P' is set on object 'Object Repository/RecAndPlayBk/Page-Vlink-Debit/input_Check Type'

2023-02-28 18:39:14 - [TEST_STEP][PASSED] - setText(findTestObject("RecAndPlayBk/Page-Vlink-Debit/input_Account_check"), acNumber): Text '58963214' is set on object 'Object Repository/RecAndPlayBk/Page-Vlink-Debit/input_Account_check'

2023-02-28 18:39:14 - [MESSAGE][PASSED] - Text '58963214' is set on object 'Object Repository/RecAndPlayBk/Page-Vlink-Debit/input_Account_check'

2023-02-28 18:39:14 - [TEST_STEP][PASSED] - setText(findTestObject("RecAndPlayBk/Page-Vlink-Debit/input_Company_check"), company): Text '' is set on object 'Object Repository/RecAndPlayBk/Page-Vlink-Debit/input_Company_check'

2023-02-28 18:39:15 - [MESSAGE][PASSED] - Text '' is set on object 'Object Repository/RecAndPlayBk/Page-Vlink-Debit/input_Company_check'

2023-02-28 18:39:15 - [TEST_STEP][PASSED] - setText(findTestObject("RecAndPlayBk/Page-Vlink-Debit/input_Account Type"), acType): Text '2' is set on object 'Object Repository/RecAndPlayBk/Page-Vlink-Debit/input_Account Type'

2023-02-28 18:39:15 - [MESSAGE][PASSED] - Text '2' is set on object 'Object Repository/RecAndPlayBk/Page-Vlink-Debit/input_Account Type'

2023-02-28 18:39:15 - [TEST_STEP][PASSED] - setText(findTestObject("RecAndPlayBk/Page-Vlink-Debit/input_Routing Number"), rtn): Text '256072691' is set on object 'Object Repository/RecAndPlayBk/Page-Vlink-Debit/input_Routing Number'

2023-02-28 18:39:16 - [MESSAGE][PASSED] - Text '256072691' is set on object 'Object Repository/RecAndPlayBk/Page-Vlink-Debit/input_Routing Number'

2023-02-28 18:39:16 - [TEST_STEP][PASSED] - setText(findTestObject("RecAndPlayBk/Page-Vlink-Debit/input_Amount"), amount): Text '0' is set on object 'Object Repository/RecAndPlayBk/Page-Vlink-Debit/input_Amount'

2023-02-28 18:39:17 - [MESSAGE][PASSED] - Text '0' is set on object 'Object Repository/RecAndPlayBk/Page-Vlink-Debit/input_Amount'

2023-02-28 18:39:17 - [TEST_STEP][PASSED] - setText(findTestObject("RecAndPlayBk/Page-Vlink-Debit/input_Check Email"), ""): Text '' is set on object 'Object Repository/RecAndPlayBk/Page-Vlink-Debit/input_Check Email'

2023-02-28 18:39:17 - [MESSAGE][PASSED] - Text '' is set on object 'Object Repository/RecAndPlayBk/Page-Vlink-Debit/input_Check Email'

2023-02-28 18:39:17 - [TEST_STEP][PASSED] - setText(findTestObject("Object Repository/RecAndPlayBk/Page-Vlink-Debit/input_concat(CheckWriter, , s SSN)_check_ssn"), ""): Text '' is set on object 'Object Repository/RecAndPlayBk/Page-Vlink-Debit/input_concat(CheckWriter, , s SSN)_check_ssn'

2023-02-28 18:39:18 - [MESSAGE][PASSED] - Text '' is set on object 'Object Repository/RecAndPlayBk/Page-Vlink-Debit/input_concat(CheckWriter, , s SSN)_check_ssn'

2023-02-28 18:39:18 - [TEST_STEP][PASSED] - setText(findTestObject("Object Repository/RecAndPlayBk/Page-Vlink-Debit/input_concat(CheckWriter, , s License Numbe_020fef"), ""): Text '' is set on object 'Object Repository/RecAndPlayBk/Page-Vlink-Debit/input_concat(CheckWriter, , s License Numbe_020fef'

2023-02-28 18:39:19 - [MESSAGE][PASSED] - Text '' is set on object 'Object Repository/RecAndPlayBk/Page-Vlink-Debit/input_concat(CheckWriter, , s License Numbe_020fef'

2023-02-28 18:39:19 - [TEST_STEP][PASSED] - setText(findTestObject("Object Repository/RecAndPlayBk/Page-Vlink-Debit/input_concat(CheckWriter, , s License State_21e3e7"), ""): Text '' is set on object 'Object Repository/RecAndPlayBk/Page-Vlink-Debit/input_concat(CheckWriter, , s License State_21e3e7'

2023-02-28 18:39:19 - [MESSAGE][PASSED] - Text '' is set on object 'Object Repository/RecAndPlayBk/Page-Vlink-Debit/input_concat(CheckWriter, , s License State_21e3e7'

2023-02-28 18:39:19 - [TEST_STEP][PASSED] - setText(findTestObject("RecAndPlayBk/Page-Vlink-Debit/input_Standard Entry Class"), sec): Text 'WEB' is set on object 'Object Repository/RecAndPlayBk/Page-Vlink-Debit/input_Standard Entry Class'

2023-02-28 18:39:20 - [MESSAGE][PASSED] - Text 'WEB' is set on object 'Object Repository/RecAndPlayBk/Page-Vlink-Debit/input_Standard Entry Class'

2023-02-28 18:39:20 - [TEST_STEP][PASSED] - click(findTestObject("Object Repository/RecAndPlayBk/Page-Vlink-Debit/input")): Object: 'Object Repository/RecAndPlayBk/Page-Vlink-Debit/input' is clicked on

2023-02-28 18:39:20 - [MESSAGE][PASSED] - Object: 'Object Repository/RecAndPlayBk/Page-Vlink-Debit/input' is clicked on

2023-02-28 18:39:20 - [TEST_STEP][PASSED] - if (verifyTextPresent("invalid: amount", true)): null

2023-02-28 18:39:21 - [MESSAGE][PASSED] - Text 'invalid: amount' is present on page  using regular expression

2023-02-28 18:39:21 - [TEST_STEP][PASSED] - println("invalid: amount text is present on the Confirmation page"): null

2023-02-28 18:39:21 - [TEST_STEP][PASSED] - out.println("Pass Record Number: " + row): null

2023-02-28 18:39:21 - [TEST_STEP][PASSED] - resText = "Pass": null

2023-02-28 18:39:21 - [TEST_STEP][PASSED] - pages.WriteExcel.demoKey(resText, datText, resColumn, datCloumn, fileLoc, nameSheet, row): pages.WriteExcel.demoKey is PASSED

2023-02-28 18:39:21 - [MESSAGE][PASSED] - pages.WriteExcel.demoKey is PASSED

2023-02-28 18:39:21 - [TEST_STEP][PASSED] - ExecuteTC = findTestData(dataFile).getValue("Execute", row): null

2023-02-28 18:39:21 - [TEST_STEP][PASSED] - out.println("Value of Execute is : " + ExecuteTC): null

2023-02-28 18:39:21 - [TEST_STEP][PASSED] - switch (executionProfile): null

2023-02-28 18:39:21 - [TEST_STEP][PASSED] - case "Demo2Profile":: null

2023-02-28 18:39:21 - [TEST_STEP][PASSED] - appID = findTestData(dataFile).getValue("AppIDDemo", row): null

2023-02-28 18:39:21 - [TEST_STEP][PASSED] - username = findTestData(dataFile).getValue("UsernameDemo", row): null

2023-02-28 18:39:21 - [TEST_STEP][PASSED] - password = findTestData(dataFile).getValue("PasswordDemo", row): null

2023-02-28 18:39:21 - [TEST_STEP][PASSED] - break: null

2023-02-28 18:39:21 - [TEST_STEP][PASSED] - if (ExecuteTC.equalsIgnoreCase("Y")): null

2023-02-28 18:39:21 - [TEST_STEP][PASSED] - out.println("Begin Record Number: " + row): null

2023-02-28 18:39:21 - [TEST_STEP][PASSED] - today = new java.util.Date(): null

2023-02-28 18:39:21 - [TEST_STEP][PASSED] - println(today): null

2023-02-28 18:39:21 - [TEST_STEP][PASSED] - datText = today: null

2023-02-28 18:39:21 - [TEST_STEP][PASSED] - checkType = findTestData(dataFile).getValue("CheckType", row): null

2023-02-28 18:39:21 - [TEST_STEP][PASSED] - acNumber = findTestData(dataFile).getValue("AcNumber", row): null

2023-02-28 18:39:21 - [TEST_STEP][PASSED] - company = findTestData(dataFile).getValue("Company", row): null

2023-02-28 18:39:21 - [TEST_STEP][PASSED] - acType = findTestData(dataFile).getValue("AcType", row): null

2023-02-28 18:39:21 - [TEST_STEP][PASSED] - rtn = findTestData(dataFile).getValue("RTN", row): null

2023-02-28 18:39:21 - [TEST_STEP][PASSED] - amount = findTestData(dataFile).getValue("Amount", row): null

2023-02-28 18:39:21 - [TEST_STEP][PASSED] - sec = findTestData(dataFile).getValue("SEC", row): null

2023-02-28 18:39:21 - [TEST_STEP][PASSED] - openBrowser(VLinkURL + "debit.html"): Browser is opened with url: 'https://dev-algorithm.govolution.com/vlinktest/demo2/version_2_0/debit.html'

2023-02-28 18:39:21 - [MESSAGE][WARNING] - A browser is already opened. Closing browser and opening a new one

2023-02-28 18:39:22 - [MESSAGE][INFO] - Starting 'Chrome' driver

2023-02-28 18:39:22 - [MESSAGE][INFO] - User set preference: ['acceptInsecureCerts', 'true']

2023-02-28 18:39:22 - [MESSAGE][INFO] - Action delay is set to 0 milliseconds

2023-02-28 18:39:24 - [MESSAGE][PASSED] - Browser is opened with url: 'https://dev-algorithm.govolution.com/vlinktest/demo2/version_2_0/debit.html'

2023-02-28 18:39:24 - [TEST_STEP][PASSED] - maximizeWindow(): Current window maximized

2023-02-28 18:39:24 - [MESSAGE][PASSED] - Current window maximized

2023-02-28 18:39:24 - [TEST_STEP][PASSED] - genRemID = RandomStringUtils.random(12, true, true): null

2023-02-28 18:39:24 - [TEST_STEP][PASSED] - setText(findTestObject("RecAndPlayBk/Page-Vlink-Debit/input_Remittance Id"), genRemID): Text 'dFi6g3ctrheZ' is set on object 'Object Repository/RecAndPlayBk/Page-Vlink-Debit/input_Remittance Id'

2023-02-28 18:39:25 - [MESSAGE][PASSED] - Text 'dFi6g3ctrheZ' is set on object 'Object Repository/RecAndPlayBk/Page-Vlink-Debit/input_Remittance Id'

2023-02-28 18:39:25 - [TEST_STEP][PASSED] - setText(findTestObject("RecAndPlayBk/Page-Vlink-Debit/input_Application Id"), appID): Text '1773' is set on object 'Object Repository/RecAndPlayBk/Page-Vlink-Debit/input_Application Id'

2023-02-28 18:39:26 - [MESSAGE][PASSED] - Text '1773' is set on object 'Object Repository/RecAndPlayBk/Page-Vlink-Debit/input_Application Id'

2023-02-28 18:39:26 - [TEST_STEP][PASSED] - setText(findTestObject("RecAndPlayBk/Page-Vlink-Debit/input_Username"), username): Text 'Qq2BV1qtr' is set on object 'Object Repository/RecAndPlayBk/Page-Vlink-Debit/input_Username'

2023-02-28 18:39:27 - [MESSAGE][PASSED] - Text 'Qq2BV1qtr' is set on object 'Object Repository/RecAndPlayBk/Page-Vlink-Debit/input_Username'

2023-02-28 18:39:27 - [TEST_STEP][PASSED] - setText(findTestObject("RecAndPlayBk/Page-Vlink-Debit/input_Password"), password): Text 'tUmWBiLUx' is set on object 'Object Repository/RecAndPlayBk/Page-Vlink-Debit/input_Password'

2023-02-28 18:39:27 - [MESSAGE][PASSED] - Text 'tUmWBiLUx' is set on object 'Object Repository/RecAndPlayBk/Page-Vlink-Debit/input_Password'

2023-02-28 18:39:27 - [TEST_STEP][PASSED] - setText(findTestObject("RecAndPlayBk/Page-Vlink-Debit/input_Check Type"), checkType): Text 'P' is set on object 'Object Repository/RecAndPlayBk/Page-Vlink-Debit/input_Check Type'

2023-02-28 18:39:28 - [MESSAGE][PASSED] - Text 'P' is set on object 'Object Repository/RecAndPlayBk/Page-Vlink-Debit/input_Check Type'

2023-02-28 18:39:28 - [TEST_STEP][PASSED] - setText(findTestObject("RecAndPlayBk/Page-Vlink-Debit/input_Account_check"), acNumber): Text '58963214' is set on object 'Object Repository/RecAndPlayBk/Page-Vlink-Debit/input_Account_check'

2023-02-28 18:39:29 - [MESSAGE][PASSED] - Text '58963214' is set on object 'Object Repository/RecAndPlayBk/Page-Vlink-Debit/input_Account_check'

2023-02-28 18:39:29 - [TEST_STEP][PASSED] - setText(findTestObject("RecAndPlayBk/Page-Vlink-Debit/input_Company_check"), company): Text '' is set on object 'Object Repository/RecAndPlayBk/Page-Vlink-Debit/input_Company_check'

2023-02-28 18:39:29 - [MESSAGE][PASSED] - Text '' is set on object 'Object Repository/RecAndPlayBk/Page-Vlink-Debit/input_Company_check'

2023-02-28 18:39:29 - [TEST_STEP][PASSED] - setText(findTestObject("RecAndPlayBk/Page-Vlink-Debit/input_Account Type"), acType): Text '2' is set on object 'Object Repository/RecAndPlayBk/Page-Vlink-Debit/input_Account Type'

2023-02-28 18:39:30 - [MESSAGE][PASSED] - Text '2' is set on object 'Object Repository/RecAndPlayBk/Page-Vlink-Debit/input_Account Type'

2023-02-28 18:39:30 - [TEST_STEP][PASSED] - setText(findTestObject("RecAndPlayBk/Page-Vlink-Debit/input_Routing Number"), rtn): Text '256072691' is set on object 'Object Repository/RecAndPlayBk/Page-Vlink-Debit/input_Routing Number'

2023-02-28 18:39:30 - [MESSAGE][PASSED] - Text '256072691' is set on object 'Object Repository/RecAndPlayBk/Page-Vlink-Debit/input_Routing Number'

2023-02-28 18:39:30 - [TEST_STEP][PASSED] - setText(findTestObject("RecAndPlayBk/Page-Vlink-Debit/input_Amount"), amount): Text '0' is set on object 'Object Repository/RecAndPlayBk/Page-Vlink-Debit/input_Amount'

2023-02-28 18:39:31 - [MESSAGE][PASSED] - Text '0' is set on object 'Object Repository/RecAndPlayBk/Page-Vlink-Debit/input_Amount'

2023-02-28 18:39:31 - [TEST_STEP][PASSED] - setText(findTestObject("RecAndPlayBk/Page-Vlink-Debit/input_Check Email"), ""): Text '' is set on object 'Object Repository/RecAndPlayBk/Page-Vlink-Debit/input_Check Email'

2023-02-28 18:39:32 - [MESSAGE][PASSED] - Text '' is set on object 'Object Repository/RecAndPlayBk/Page-Vlink-Debit/input_Check Email'

2023-02-28 18:39:32 - [TEST_STEP][PASSED] - setText(findTestObject("Object Repository/RecAndPlayBk/Page-Vlink-Debit/input_concat(CheckWriter, , s SSN)_check_ssn"), ""): Text '' is set on object 'Object Repository/RecAndPlayBk/Page-Vlink-Debit/input_concat(CheckWriter, , s SSN)_check_ssn'

2023-02-28 18:39:32 - [MESSAGE][PASSED] - Text '' is set on object 'Object Repository/RecAndPlayBk/Page-Vlink-Debit/input_concat(CheckWriter, , s SSN)_check_ssn'

2023-02-28 18:39:32 - [TEST_STEP][PASSED] - setText(findTestObject("Object Repository/RecAndPlayBk/Page-Vlink-Debit/input_concat(CheckWriter, , s License Numbe_020fef"), ""): Text '' is set on object 'Object Repository/RecAndPlayBk/Page-Vlink-Debit/input_concat(CheckWriter, , s License Numbe_020fef'

2023-02-28 18:39:33 - [MESSAGE][PASSED] - Text '' is set on object 'Object Repository/RecAndPlayBk/Page-Vlink-Debit/input_concat(CheckWriter, , s License Numbe_020fef'

2023-02-28 18:39:33 - [TEST_STEP][PASSED] - setText(findTestObject("Object Repository/RecAndPlayBk/Page-Vlink-Debit/input_concat(CheckWriter, , s License State_21e3e7"), ""): Text '' is set on object 'Object Repository/RecAndPlayBk/Page-Vlink-Debit/input_concat(CheckWriter, , s License State_21e3e7'

2023-02-28 18:39:34 - [MESSAGE][PASSED] - Text '' is set on object 'Object Repository/RecAndPlayBk/Page-Vlink-Debit/input_concat(CheckWriter, , s License State_21e3e7'

2023-02-28 18:39:34 - [TEST_STEP][PASSED] - setText(findTestObject("RecAndPlayBk/Page-Vlink-Debit/input_Standard Entry Class"), sec): Text 'TEL' is set on object 'Object Repository/RecAndPlayBk/Page-Vlink-Debit/input_Standard Entry Class'

2023-02-28 18:39:34 - [MESSAGE][PASSED] - Text 'TEL' is set on object 'Object Repository/RecAndPlayBk/Page-Vlink-Debit/input_Standard Entry Class'

2023-02-28 18:39:34 - [TEST_STEP][PASSED] - click(findTestObject("Object Repository/RecAndPlayBk/Page-Vlink-Debit/input")): Object: 'Object Repository/RecAndPlayBk/Page-Vlink-Debit/input' is clicked on

2023-02-28 18:39:35 - [MESSAGE][PASSED] - Object: 'Object Repository/RecAndPlayBk/Page-Vlink-Debit/input' is clicked on

2023-02-28 18:39:35 - [TEST_STEP][PASSED] - if (verifyTextPresent("invalid: amount", true)): null

2023-02-28 18:39:35 - [MESSAGE][PASSED] - Text 'invalid: amount' is present on page  using regular expression

2023-02-28 18:39:35 - [TEST_STEP][PASSED] - println("invalid: amount text is present on the Confirmation page"): null

2023-02-28 18:39:35 - [TEST_STEP][PASSED] - out.println("Pass Record Number: " + row): null

2023-02-28 18:39:35 - [TEST_STEP][PASSED] - resText = "Pass": null

2023-02-28 18:39:35 - [TEST_STEP][PASSED] - pages.WriteExcel.demoKey(resText, datText, resColumn, datCloumn, fileLoc, nameSheet, row): pages.WriteExcel.demoKey is PASSED

2023-02-28 18:39:35 - [MESSAGE][PASSED] - pages.WriteExcel.demoKey is PASSED

2023-02-28 18:39:35 - [TEST_STEP][PASSED] - ExecuteTC = findTestData(dataFile).getValue("Execute", row): null

2023-02-28 18:39:35 - [TEST_STEP][PASSED] - out.println("Value of Execute is : " + ExecuteTC): null

2023-02-28 18:39:35 - [TEST_STEP][PASSED] - switch (executionProfile): null

2023-02-28 18:39:35 - [TEST_STEP][PASSED] - case "Demo2Profile":: null

2023-02-28 18:39:35 - [TEST_STEP][PASSED] - appID = findTestData(dataFile).getValue("AppIDDemo", row): null

2023-02-28 18:39:35 - [TEST_STEP][PASSED] - username = findTestData(dataFile).getValue("UsernameDemo", row): null

2023-02-28 18:39:35 - [TEST_STEP][PASSED] - password = findTestData(dataFile).getValue("PasswordDemo", row): null

2023-02-28 18:39:35 - [TEST_STEP][PASSED] - break: null

2023-02-28 18:39:35 - [TEST_STEP][PASSED] - if (ExecuteTC.equalsIgnoreCase("Y")): null

2023-02-28 18:39:35 - [TEST_STEP][PASSED] - out.println("Begin Record Number: " + row): null

2023-02-28 18:39:35 - [TEST_STEP][PASSED] - today = new java.util.Date(): null

2023-02-28 18:39:35 - [TEST_STEP][PASSED] - println(today): null

2023-02-28 18:39:35 - [TEST_STEP][PASSED] - datText = today: null

2023-02-28 18:39:35 - [TEST_STEP][PASSED] - checkType = findTestData(dataFile).getValue("CheckType", row): null

2023-02-28 18:39:36 - [TEST_STEP][PASSED] - acNumber = findTestData(dataFile).getValue("AcNumber", row): null

2023-02-28 18:39:36 - [TEST_STEP][PASSED] - company = findTestData(dataFile).getValue("Company", row): null

2023-02-28 18:39:36 - [TEST_STEP][PASSED] - acType = findTestData(dataFile).getValue("AcType", row): null

2023-02-28 18:39:36 - [TEST_STEP][PASSED] - rtn = findTestData(dataFile).getValue("RTN", row): null

2023-02-28 18:39:36 - [TEST_STEP][PASSED] - amount = findTestData(dataFile).getValue("Amount", row): null

2023-02-28 18:39:36 - [TEST_STEP][PASSED] - sec = findTestData(dataFile).getValue("SEC", row): null

2023-02-28 18:39:36 - [TEST_STEP][PASSED] - openBrowser(VLinkURL + "debit.html"): Browser is opened with url: 'https://dev-algorithm.govolution.com/vlinktest/demo2/version_2_0/debit.html'

2023-02-28 18:39:36 - [MESSAGE][WARNING] - A browser is already opened. Closing browser and opening a new one

2023-02-28 18:39:37 - [MESSAGE][INFO] - Starting 'Chrome' driver

2023-02-28 18:39:37 - [MESSAGE][INFO] - User set preference: ['acceptInsecureCerts', 'true']

2023-02-28 18:39:37 - [MESSAGE][INFO] - Action delay is set to 0 milliseconds

2023-02-28 18:39:39 - [MESSAGE][PASSED] - Browser is opened with url: 'https://dev-algorithm.govolution.com/vlinktest/demo2/version_2_0/debit.html'

2023-02-28 18:39:39 - [TEST_STEP][PASSED] - maximizeWindow(): Current window maximized

2023-02-28 18:39:39 - [MESSAGE][PASSED] - Current window maximized

2023-02-28 18:39:39 - [TEST_STEP][PASSED] - genRemID = RandomStringUtils.random(12, true, true): null

2023-02-28 18:39:39 - [TEST_STEP][PASSED] - setText(findTestObject("RecAndPlayBk/Page-Vlink-Debit/input_Remittance Id"), genRemID): Text 'Hr9tG05RNwda' is set on object 'Object Repository/RecAndPlayBk/Page-Vlink-Debit/input_Remittance Id'

2023-02-28 18:39:40 - [MESSAGE][PASSED] - Text 'Hr9tG05RNwda' is set on object 'Object Repository/RecAndPlayBk/Page-Vlink-Debit/input_Remittance Id'

2023-02-28 18:39:40 - [TEST_STEP][PASSED] - setText(findTestObject("RecAndPlayBk/Page-Vlink-Debit/input_Application Id"), appID): Text '1773' is set on object 'Object Repository/RecAndPlayBk/Page-Vlink-Debit/input_Application Id'

2023-02-28 18:39:40 - [MESSAGE][PASSED] - Text '1773' is set on object 'Object Repository/RecAndPlayBk/Page-Vlink-Debit/input_Application Id'

2023-02-28 18:39:40 - [TEST_STEP][PASSED] - setText(findTestObject("RecAndPlayBk/Page-Vlink-Debit/input_Username"), username): Text 'Qq2BV1qtr' is set on object 'Object Repository/RecAndPlayBk/Page-Vlink-Debit/input_Username'

2023-02-28 18:39:41 - [MESSAGE][PASSED] - Text 'Qq2BV1qtr' is set on object 'Object Repository/RecAndPlayBk/Page-Vlink-Debit/input_Username'

2023-02-28 18:39:41 - [TEST_STEP][PASSED] - setText(findTestObject("RecAndPlayBk/Page-Vlink-Debit/input_Password"), password): Text 'tUmWBiLUx' is set on object 'Object Repository/RecAndPlayBk/Page-Vlink-Debit/input_Password'

2023-02-28 18:39:42 - [MESSAGE][PASSED] - Text 'tUmWBiLUx' is set on object 'Object Repository/RecAndPlayBk/Page-Vlink-Debit/input_Password'

2023-02-28 18:39:42 - [TEST_STEP][PASSED] - setText(findTestObject("RecAndPlayBk/Page-Vlink-Debit/input_Check Type"), checkType): Text 'P' is set on object 'Object Repository/RecAndPlayBk/Page-Vlink-Debit/input_Check Type'

2023-02-28 18:39:42 - [MESSAGE][PASSED] - Text 'P' is set on object 'Object Repository/RecAndPlayBk/Page-Vlink-Debit/input_Check Type'

2023-02-28 18:39:42 - [TEST_STEP][PASSED] - setText(findTestObject("RecAndPlayBk/Page-Vlink-Debit/input_Account_check"), acNumber): Text '58963214' is set on object 'Object Repository/RecAndPlayBk/Page-Vlink-Debit/input_Account_check'

2023-02-28 18:39:43 - [MESSAGE][PASSED] - Text '58963214' is set on object 'Object Repository/RecAndPlayBk/Page-Vlink-Debit/input_Account_check'

2023-02-28 18:39:43 - [TEST_STEP][PASSED] - setText(findTestObject("RecAndPlayBk/Page-Vlink-Debit/input_Company_check"), company): Text '' is set on object 'Object Repository/RecAndPlayBk/Page-Vlink-Debit/input_Company_check'

2023-02-28 18:39:43 - [MESSAGE][PASSED] - Text '' is set on object 'Object Repository/RecAndPlayBk/Page-Vlink-Debit/input_Company_check'

2023-02-28 18:39:43 - [TEST_STEP][PASSED] - setText(findTestObject("RecAndPlayBk/Page-Vlink-Debit/input_Account Type"), acType): Text '2' is set on object 'Object Repository/RecAndPlayBk/Page-Vlink-Debit/input_Account Type'

2023-02-28 18:39:44 - [MESSAGE][PASSED] - Text '2' is set on object 'Object Repository/RecAndPlayBk/Page-Vlink-Debit/input_Account Type'

2023-02-28 18:39:44 - [TEST_STEP][PASSED] - setText(findTestObject("RecAndPlayBk/Page-Vlink-Debit/input_Routing Number"), rtn): Text '256072691' is set on object 'Object Repository/RecAndPlayBk/Page-Vlink-Debit/input_Routing Number'

2023-02-28 18:39:45 - [MESSAGE][PASSED] - Text '256072691' is set on object 'Object Repository/RecAndPlayBk/Page-Vlink-Debit/input_Routing Number'

2023-02-28 18:39:45 - [TEST_STEP][PASSED] - setText(findTestObject("RecAndPlayBk/Page-Vlink-Debit/input_Amount"), amount): Text '0' is set on object 'Object Repository/RecAndPlayBk/Page-Vlink-Debit/input_Amount'

2023-02-28 18:39:45 - [MESSAGE][PASSED] - Text '0' is set on object 'Object Repository/RecAndPlayBk/Page-Vlink-Debit/input_Amount'

2023-02-28 18:39:45 - [TEST_STEP][PASSED] - setText(findTestObject("RecAndPlayBk/Page-Vlink-Debit/input_Check Email"), ""): Text '' is set on object 'Object Repository/RecAndPlayBk/Page-Vlink-Debit/input_Check Email'

2023-02-28 18:39:46 - [MESSAGE][PASSED] - Text '' is set on object 'Object Repository/RecAndPlayBk/Page-Vlink-Debit/input_Check Email'

2023-02-28 18:39:46 - [TEST_STEP][PASSED] - setText(findTestObject("Object Repository/RecAndPlayBk/Page-Vlink-Debit/input_concat(CheckWriter, , s SSN)_check_ssn"), ""): Text '' is set on object 'Object Repository/RecAndPlayBk/Page-Vlink-Debit/input_concat(CheckWriter, , s SSN)_check_ssn'

2023-02-28 18:39:46 - [MESSAGE][PASSED] - Text '' is set on object 'Object Repository/RecAndPlayBk/Page-Vlink-Debit/input_concat(CheckWriter, , s SSN)_check_ssn'

2023-02-28 18:39:46 - [TEST_STEP][PASSED] - setText(findTestObject("Object Repository/RecAndPlayBk/Page-Vlink-Debit/input_concat(CheckWriter, , s License Numbe_020fef"), ""): Text '' is set on object 'Object Repository/RecAndPlayBk/Page-Vlink-Debit/input_concat(CheckWriter, , s License Numbe_020fef'

2023-02-28 18:39:47 - [MESSAGE][PASSED] - Text '' is set on object 'Object Repository/RecAndPlayBk/Page-Vlink-Debit/input_concat(CheckWriter, , s License Numbe_020fef'

2023-02-28 18:39:47 - [TEST_STEP][PASSED] - setText(findTestObject("Object Repository/RecAndPlayBk/Page-Vlink-Debit/input_concat(CheckWriter, , s License State_21e3e7"), ""): Text '' is set on object 'Object Repository/RecAndPlayBk/Page-Vlink-Debit/input_concat(CheckWriter, , s License State_21e3e7'

2023-02-28 18:39:48 - [MESSAGE][PASSED] - Text '' is set on object 'Object Repository/RecAndPlayBk/Page-Vlink-Debit/input_concat(CheckWriter, , s License State_21e3e7'

2023-02-28 18:39:48 - [TEST_STEP][PASSED] - setText(findTestObject("RecAndPlayBk/Page-Vlink-Debit/input_Standard Entry Class"), sec): Text 'PPD' is set on object 'Object Repository/RecAndPlayBk/Page-Vlink-Debit/input_Standard Entry Class'

2023-02-28 18:39:48 - [MESSAGE][PASSED] - Text 'PPD' is set on object 'Object Repository/RecAndPlayBk/Page-Vlink-Debit/input_Standard Entry Class'

2023-02-28 18:39:48 - [TEST_STEP][PASSED] - click(findTestObject("Object Repository/RecAndPlayBk/Page-Vlink-Debit/input")): Object: 'Object Repository/RecAndPlayBk/Page-Vlink-Debit/input' is clicked on

2023-02-28 18:39:49 - [MESSAGE][PASSED] - Object: 'Object Repository/RecAndPlayBk/Page-Vlink-Debit/input' is clicked on

2023-02-28 18:39:49 - [TEST_STEP][PASSED] - if (verifyTextPresent("invalid: amount", true)): null

2023-02-28 18:39:49 - [MESSAGE][PASSED] - Text 'invalid: amount' is present on page  using regular expression

2023-02-28 18:39:49 - [TEST_STEP][PASSED] - println("invalid: amount text is present on the Confirmation page"): null

2023-02-28 18:39:49 - [TEST_STEP][PASSED] - out.println("Pass Record Number: " + row): null

2023-02-28 18:39:49 - [TEST_STEP][PASSED] - resText = "Pass": null

2023-02-28 18:39:49 - [TEST_STEP][PASSED] - pages.WriteExcel.demoKey(resText, datText, resColumn, datCloumn, fileLoc, nameSheet, row): pages.WriteExcel.demoKey is PASSED

2023-02-28 18:39:50 - [MESSAGE][PASSED] - pages.WriteExcel.demoKey is PASSED

2023-02-28 18:39:50 - [TEST_STEP][PASSED] - ExecuteTC = findTestData(dataFile).getValue("Execute", row): null

2023-02-28 18:39:50 - [TEST_STEP][PASSED] - out.println("Value of Execute is : " + ExecuteTC): null

2023-02-28 18:39:50 - [TEST_STEP][PASSED] - switch (executionProfile): null

2023-02-28 18:39:50 - [TEST_STEP][PASSED] - case "Demo2Profile":: null

2023-02-28 18:39:50 - [TEST_STEP][PASSED] - appID = findTestData(dataFile).getValue("AppIDDemo", row): null

2023-02-28 18:39:50 - [TEST_STEP][PASSED] - username = findTestData(dataFile).getValue("UsernameDemo", row): null

2023-02-28 18:39:50 - [TEST_STEP][PASSED] - password = findTestData(dataFile).getValue("PasswordDemo", row): null

2023-02-28 18:39:50 - [TEST_STEP][PASSED] - break: null

2023-02-28 18:39:50 - [TEST_STEP][PASSED] - if (ExecuteTC.equalsIgnoreCase("Y")): null

2023-02-28 18:39:50 - [TEST_STEP][PASSED] - out.println("Begin Record Number: " + row): null

2023-02-28 18:39:50 - [TEST_STEP][PASSED] - today = new java.util.Date(): null

2023-02-28 18:39:50 - [TEST_STEP][PASSED] - println(today): null

2023-02-28 18:39:50 - [TEST_STEP][PASSED] - datText = today: null

2023-02-28 18:39:50 - [TEST_STEP][PASSED] - checkType = findTestData(dataFile).getValue("CheckType", row): null

2023-02-28 18:39:50 - [TEST_STEP][PASSED] - acNumber = findTestData(dataFile).getValue("AcNumber", row): null

2023-02-28 18:39:50 - [TEST_STEP][PASSED] - company = findTestData(dataFile).getValue("Company", row): null

2023-02-28 18:39:50 - [TEST_STEP][PASSED] - acType = findTestData(dataFile).getValue("AcType", row): null

2023-02-28 18:39:50 - [TEST_STEP][PASSED] - rtn = findTestData(dataFile).getValue("RTN", row): null

2023-02-28 18:39:50 - [TEST_STEP][PASSED] - amount = findTestData(dataFile).getValue("Amount", row): null

2023-02-28 18:39:50 - [TEST_STEP][PASSED] - sec = findTestData(dataFile).getValue("SEC", row): null

2023-02-28 18:39:50 - [TEST_STEP][PASSED] - openBrowser(VLinkURL + "debit.html"): Browser is opened with url: 'https://dev-algorithm.govolution.com/vlinktest/demo2/version_2_0/debit.html'

2023-02-28 18:39:50 - [MESSAGE][WARNING] - A browser is already opened. Closing browser and opening a new one

2023-02-28 18:39:51 - [MESSAGE][INFO] - Starting 'Chrome' driver

2023-02-28 18:39:51 - [MESSAGE][INFO] - User set preference: ['acceptInsecureCerts', 'true']

2023-02-28 18:39:51 - [MESSAGE][INFO] - Action delay is set to 0 milliseconds

2023-02-28 18:39:53 - [MESSAGE][PASSED] - Browser is opened with url: 'https://dev-algorithm.govolution.com/vlinktest/demo2/version_2_0/debit.html'

2023-02-28 18:39:53 - [TEST_STEP][PASSED] - maximizeWindow(): Current window maximized

2023-02-28 18:39:53 - [MESSAGE][PASSED] - Current window maximized

2023-02-28 18:39:53 - [TEST_STEP][PASSED] - genRemID = RandomStringUtils.random(12, true, true): null

2023-02-28 18:39:53 - [TEST_STEP][PASSED] - setText(findTestObject("RecAndPlayBk/Page-Vlink-Debit/input_Remittance Id"), genRemID): Text 'qND3mEGqz5wX' is set on object 'Object Repository/RecAndPlayBk/Page-Vlink-Debit/input_Remittance Id'

2023-02-28 18:39:54 - [MESSAGE][PASSED] - Text 'qND3mEGqz5wX' is set on object 'Object Repository/RecAndPlayBk/Page-Vlink-Debit/input_Remittance Id'

2023-02-28 18:39:54 - [TEST_STEP][PASSED] - setText(findTestObject("RecAndPlayBk/Page-Vlink-Debit/input_Application Id"), appID): Text '1773' is set on object 'Object Repository/RecAndPlayBk/Page-Vlink-Debit/input_Application Id'

2023-02-28 18:39:54 - [MESSAGE][PASSED] - Text '1773' is set on object 'Object Repository/RecAndPlayBk/Page-Vlink-Debit/input_Application Id'

2023-02-28 18:39:54 - [TEST_STEP][PASSED] - setText(findTestObject("RecAndPlayBk/Page-Vlink-Debit/input_Username"), username): Text 'Qq2BV1qtr' is set on object 'Object Repository/RecAndPlayBk/Page-Vlink-Debit/input_Username'

2023-02-28 18:39:55 - [MESSAGE][PASSED] - Text 'Qq2BV1qtr' is set on object 'Object Repository/RecAndPlayBk/Page-Vlink-Debit/input_Username'

2023-02-28 18:39:55 - [TEST_STEP][PASSED] - setText(findTestObject("RecAndPlayBk/Page-Vlink-Debit/input_Password"), password): Text 'tUmWBiLUx' is set on object 'Object Repository/RecAndPlayBk/Page-Vlink-Debit/input_Password'

2023-02-28 18:39:56 - [MESSAGE][PASSED] - Text 'tUmWBiLUx' is set on object 'Object Repository/RecAndPlayBk/Page-Vlink-Debit/input_Password'

2023-02-28 18:39:56 - [TEST_STEP][PASSED] - setText(findTestObject("RecAndPlayBk/Page-Vlink-Debit/input_Check Type"), checkType): Text 'C' is set on object 'Object Repository/RecAndPlayBk/Page-Vlink-Debit/input_Check Type'

2023-02-28 18:39:56 - [MESSAGE][PASSED] - Text 'C' is set on object 'Object Repository/RecAndPlayBk/Page-Vlink-Debit/input_Check Type'

2023-02-28 18:39:56 - [TEST_STEP][PASSED] - setText(findTestObject("RecAndPlayBk/Page-Vlink-Debit/input_Account_check"), acNumber): Text '58963214' is set on object 'Object Repository/RecAndPlayBk/Page-Vlink-Debit/input_Account_check'

2023-02-28 18:39:57 - [MESSAGE][PASSED] - Text '58963214' is set on object 'Object Repository/RecAndPlayBk/Page-Vlink-Debit/input_Account_check'

2023-02-28 18:39:57 - [TEST_STEP][PASSED] - setText(findTestObject("RecAndPlayBk/Page-Vlink-Debit/input_Company_check"), company): Text 'My Company' is set on object 'Object Repository/RecAndPlayBk/Page-Vlink-Debit/input_Company_check'

2023-02-28 18:39:58 - [MESSAGE][PASSED] - Text 'My Company' is set on object 'Object Repository/RecAndPlayBk/Page-Vlink-Debit/input_Company_check'

2023-02-28 18:39:58 - [TEST_STEP][PASSED] - setText(findTestObject("RecAndPlayBk/Page-Vlink-Debit/input_Account Type"), acType): Text '' is set on object 'Object Repository/RecAndPlayBk/Page-Vlink-Debit/input_Account Type'

2023-02-28 18:39:58 - [MESSAGE][PASSED] - Text '' is set on object 'Object Repository/RecAndPlayBk/Page-Vlink-Debit/input_Account Type'

2023-02-28 18:39:58 - [TEST_STEP][PASSED] - setText(findTestObject("RecAndPlayBk/Page-Vlink-Debit/input_Routing Number"), rtn): Text '256072691' is set on object 'Object Repository/RecAndPlayBk/Page-Vlink-Debit/input_Routing Number'

2023-02-28 18:39:59 - [MESSAGE][PASSED] - Text '256072691' is set on object 'Object Repository/RecAndPlayBk/Page-Vlink-Debit/input_Routing Number'

2023-02-28 18:39:59 - [TEST_STEP][PASSED] - setText(findTestObject("RecAndPlayBk/Page-Vlink-Debit/input_Amount"), amount): Text '0' is set on object 'Object Repository/RecAndPlayBk/Page-Vlink-Debit/input_Amount'

2023-02-28 18:39:59 - [MESSAGE][PASSED] - Text '0' is set on object 'Object Repository/RecAndPlayBk/Page-Vlink-Debit/input_Amount'

2023-02-28 18:39:59 - [TEST_STEP][PASSED] - setText(findTestObject("RecAndPlayBk/Page-Vlink-Debit/input_Check Email"), ""): Text '' is set on object 'Object Repository/RecAndPlayBk/Page-Vlink-Debit/input_Check Email'

2023-02-28 18:40:00 - [MESSAGE][PASSED] - Text '' is set on object 'Object Repository/RecAndPlayBk/Page-Vlink-Debit/input_Check Email'

2023-02-28 18:40:00 - [TEST_STEP][PASSED] - setText(findTestObject("Object Repository/RecAndPlayBk/Page-Vlink-Debit/input_concat(CheckWriter, , s SSN)_check_ssn"), ""): Text '' is set on object 'Object Repository/RecAndPlayBk/Page-Vlink-Debit/input_concat(CheckWriter, , s SSN)_check_ssn'

2023-02-28 18:40:01 - [MESSAGE][PASSED] - Text '' is set on object 'Object Repository/RecAndPlayBk/Page-Vlink-Debit/input_concat(CheckWriter, , s SSN)_check_ssn'

2023-02-28 18:40:01 - [TEST_STEP][PASSED] - setText(findTestObject("Object Repository/RecAndPlayBk/Page-Vlink-Debit/input_concat(CheckWriter, , s License Numbe_020fef"), ""): Text '' is set on object 'Object Repository/RecAndPlayBk/Page-Vlink-Debit/input_concat(CheckWriter, , s License Numbe_020fef'

2023-02-28 18:40:01 - [MESSAGE][PASSED] - Text '' is set on object 'Object Repository/RecAndPlayBk/Page-Vlink-Debit/input_concat(CheckWriter, , s License Numbe_020fef'

2023-02-28 18:40:01 - [TEST_STEP][PASSED] - setText(findTestObject("Object Repository/RecAndPlayBk/Page-Vlink-Debit/input_concat(CheckWriter, , s License State_21e3e7"), ""): Text '' is set on object 'Object Repository/RecAndPlayBk/Page-Vlink-Debit/input_concat(CheckWriter, , s License State_21e3e7'

2023-02-28 18:40:02 - [MESSAGE][PASSED] - Text '' is set on object 'Object Repository/RecAndPlayBk/Page-Vlink-Debit/input_concat(CheckWriter, , s License State_21e3e7'

2023-02-28 18:40:02 - [TEST_STEP][PASSED] - setText(findTestObject("RecAndPlayBk/Page-Vlink-Debit/input_Standard Entry Class"), sec): Text 'CCD' is set on object 'Object Repository/RecAndPlayBk/Page-Vlink-Debit/input_Standard Entry Class'

2023-02-28 18:40:03 - [MESSAGE][PASSED] - Text 'CCD' is set on object 'Object Repository/RecAndPlayBk/Page-Vlink-Debit/input_Standard Entry Class'

2023-02-28 18:40:03 - [TEST_STEP][PASSED] - click(findTestObject("Object Repository/RecAndPlayBk/Page-Vlink-Debit/input")): Object: 'Object Repository/RecAndPlayBk/Page-Vlink-Debit/input' is clicked on

2023-02-28 18:40:03 - [MESSAGE][PASSED] - Object: 'Object Repository/RecAndPlayBk/Page-Vlink-Debit/input' is clicked on

2023-02-28 18:40:03 - [TEST_STEP][PASSED] - if (verifyTextPresent("invalid: amount", true)): null

2023-02-28 18:40:04 - [MESSAGE][PASSED] - Text 'invalid: amount' is present on page  using regular expression

2023-02-28 18:40:04 - [TEST_STEP][PASSED] - println("invalid: amount text is present on the Confirmation page"): null

2023-02-28 18:40:04 - [TEST_STEP][PASSED] - out.println("Pass Record Number: " + row): null

2023-02-28 18:40:04 - [TEST_STEP][PASSED] - resText = "Pass": null

2023-02-28 18:40:04 - [TEST_STEP][PASSED] - pages.WriteExcel.demoKey(resText, datText, resColumn, datCloumn, fileLoc, nameSheet, row): pages.WriteExcel.demoKey is PASSED

2023-02-28 18:40:04 - [MESSAGE][PASSED] - pages.WriteExcel.demoKey is PASSED]]></system-out>
         <system-err><![CDATA[]]></system-err>
      </testcase>
      <testcase name="Test Cases/RecAndPlayBk/VLink/Debit-Void" time="166.869" classname="Test Cases/RecAndPlayBk/VLink/Debit-Void" status="PASSED">
         <system-out><![CDATA[2023-02-28 18:40:04 - [TEST_CASE][PASSED] - Test Cases/RecAndPlayBk/VLink/Debit-Void: Test Cases/RecAndPlayBk/VLink/Debit-Void

2023-02-28 18:40:04 - [TEST_STEP][PASSED] - executionProfile = getExecutionProfile(): null

2023-02-28 18:40:04 - [TEST_STEP][PASSED] - out.println("executionProfile : " + executionProfile): null

2023-02-28 18:40:04 - [TEST_STEP][PASSED] - appName = <not implemented yet for class: org.codehaus.groovy.ast.expr.EmptyExpression>: null

2023-02-28 18:40:04 - [TEST_STEP][PASSED] - appID = <not implemented yet for class: org.codehaus.groovy.ast.expr.EmptyExpression>: null

2023-02-28 18:40:04 - [TEST_STEP][PASSED] - username = <not implemented yet for class: org.codehaus.groovy.ast.expr.EmptyExpression>: null

2023-02-28 18:40:04 - [TEST_STEP][PASSED] - password = <not implemented yet for class: org.codehaus.groovy.ast.expr.EmptyExpression>: null

2023-02-28 18:40:04 - [TEST_STEP][PASSED] - cardNameV = <not implemented yet for class: org.codehaus.groovy.ast.expr.EmptyExpression>: null

2023-02-28 18:40:04 - [TEST_STEP][PASSED] - al1V = <not implemented yet for class: org.codehaus.groovy.ast.expr.EmptyExpression>: null

2023-02-28 18:40:04 - [TEST_STEP][PASSED] - al2V = <not implemented yet for class: org.codehaus.groovy.ast.expr.EmptyExpression>: null

2023-02-28 18:40:04 - [TEST_STEP][PASSED] - zipV = <not implemented yet for class: org.codehaus.groovy.ast.expr.EmptyExpression>: null

2023-02-28 18:40:04 - [TEST_STEP][PASSED] - cardTypeV = <not implemented yet for class: org.codehaus.groovy.ast.expr.EmptyExpression>: null

2023-02-28 18:40:04 - [TEST_STEP][PASSED] - last4V = <not implemented yet for class: org.codehaus.groovy.ast.expr.EmptyExpression>: null

2023-02-28 18:40:04 - [TEST_STEP][PASSED] - resText = "Fail": null

2023-02-28 18:40:04 - [TEST_STEP][PASSED] - resColumn = "Result": null

2023-02-28 18:40:04 - [TEST_STEP][PASSED] - datCloumn = "Date": null

2023-02-28 18:40:04 - [TEST_STEP][PASSED] - fileLoc = "KatalonData/VLinkSmokeDataACH.xlsx": null

2023-02-28 18:40:04 - [TEST_STEP][PASSED] - numOfRows = <not implemented yet for class: org.codehaus.groovy.ast.expr.EmptyExpression>: null

2023-02-28 18:40:04 - [TEST_STEP][PASSED] - dataFile = <not implemented yet for class: org.codehaus.groovy.ast.expr.EmptyExpression>: null

2023-02-28 18:40:04 - [TEST_STEP][PASSED] - nameSheet = <not implemented yet for class: org.codehaus.groovy.ast.expr.EmptyExpression>: null

2023-02-28 18:40:04 - [TEST_STEP][PASSED] - nameSheet = "Debit-Void": null

2023-02-28 18:40:04 - [TEST_STEP][PASSED] - numOfRows = findTestData("QA/VLinkTestData/VLinkDebitVoidData").getRowNumbers(): null

2023-02-28 18:40:04 - [TEST_STEP][PASSED] - println("Number of Records: " + numOfRows): null

2023-02-28 18:40:04 - [TEST_STEP][PASSED] - dataFile = "QA/VLinkTestData/VLinkDebitVoidData": null

2023-02-28 18:40:04 - [TEST_STEP][PASSED] - for ([row = 1, row <= numOfRows, (row++)]): null

2023-02-28 18:40:04 - [TEST_STEP][PASSED] - ExecuteTC = findTestData(dataFile).getValue("Execute", row): null

2023-02-28 18:40:04 - [TEST_STEP][PASSED] - out.println("Value of Execute is : " + ExecuteTC): null

2023-02-28 18:40:04 - [TEST_STEP][PASSED] - switch (executionProfile): null

2023-02-28 18:40:04 - [TEST_STEP][PASSED] - case "Demo2Profile":: null

2023-02-28 18:40:04 - [TEST_STEP][PASSED] - appID = findTestData(dataFile).getValue("AppIDDemo", row): null

2023-02-28 18:40:04 - [TEST_STEP][PASSED] - username = findTestData(dataFile).getValue("UsernameDemo", row): null

2023-02-28 18:40:04 - [TEST_STEP][PASSED] - password = findTestData(dataFile).getValue("PasswordDemo", row): null

2023-02-28 18:40:04 - [TEST_STEP][PASSED] - break: null

2023-02-28 18:40:04 - [TEST_STEP][PASSED] - if (ExecuteTC.equalsIgnoreCase("Y")): null

2023-02-28 18:40:04 - [TEST_STEP][PASSED] - out.println("Begin Record Number: " + row): null

2023-02-28 18:40:04 - [TEST_STEP][PASSED] - today = new java.util.Date(): null

2023-02-28 18:40:04 - [TEST_STEP][PASSED] - println(today): null

2023-02-28 18:40:04 - [TEST_STEP][PASSED] - datText = today: null

2023-02-28 18:40:04 - [TEST_STEP][PASSED] - checkType = findTestData(dataFile).getValue("CheckType", row): null

2023-02-28 18:40:04 - [TEST_STEP][PASSED] - acNumber = findTestData(dataFile).getValue("AcNumber", row): null

2023-02-28 18:40:05 - [TEST_STEP][PASSED] - company = findTestData(dataFile).getValue("Company", row): null

2023-02-28 18:40:05 - [TEST_STEP][PASSED] - acType = findTestData(dataFile).getValue("AcType", row): null

2023-02-28 18:40:05 - [TEST_STEP][PASSED] - rtn = findTestData(dataFile).getValue("RTN", row): null

2023-02-28 18:40:05 - [TEST_STEP][PASSED] - amount = findTestData(dataFile).getValue("Amount", row): null

2023-02-28 18:40:05 - [TEST_STEP][PASSED] - sec = findTestData(dataFile).getValue("SEC", row): null

2023-02-28 18:40:05 - [TEST_STEP][PASSED] - openBrowser(VLinkURL + "debit.html"): Browser is opened with url: 'https://dev-algorithm.govolution.com/vlinktest/demo2/version_2_0/debit.html'

2023-02-28 18:40:05 - [MESSAGE][WARNING] - A browser is already opened. Closing browser and opening a new one

2023-02-28 18:40:06 - [MESSAGE][INFO] - Starting 'Chrome' driver

2023-02-28 18:40:06 - [MESSAGE][INFO] - User set preference: ['acceptInsecureCerts', 'true']

2023-02-28 18:40:06 - [MESSAGE][INFO] - Action delay is set to 0 milliseconds

2023-02-28 18:40:07 - [MESSAGE][PASSED] - Browser is opened with url: 'https://dev-algorithm.govolution.com/vlinktest/demo2/version_2_0/debit.html'

2023-02-28 18:40:07 - [TEST_STEP][PASSED] - maximizeWindow(): Current window maximized

2023-02-28 18:40:08 - [MESSAGE][PASSED] - Current window maximized

2023-02-28 18:40:08 - [TEST_STEP][PASSED] - genRemID = RandomStringUtils.random(12, true, true): null

2023-02-28 18:40:08 - [TEST_STEP][PASSED] - setText(findTestObject("RecAndPlayBk/Page-Vlink-Debit/input_Remittance Id"), genRemID): Text 'qXA3z4mWVbhJ' is set on object 'Object Repository/RecAndPlayBk/Page-Vlink-Debit/input_Remittance Id'

2023-02-28 18:40:08 - [MESSAGE][PASSED] - Text 'qXA3z4mWVbhJ' is set on object 'Object Repository/RecAndPlayBk/Page-Vlink-Debit/input_Remittance Id'

2023-02-28 18:40:08 - [TEST_STEP][PASSED] - setText(findTestObject("RecAndPlayBk/Page-Vlink-Debit/input_Application Id"), appID): Text '1773' is set on object 'Object Repository/RecAndPlayBk/Page-Vlink-Debit/input_Application Id'

2023-02-28 18:40:09 - [MESSAGE][PASSED] - Text '1773' is set on object 'Object Repository/RecAndPlayBk/Page-Vlink-Debit/input_Application Id'

2023-02-28 18:40:09 - [TEST_STEP][PASSED] - setText(findTestObject("RecAndPlayBk/Page-Vlink-Debit/input_Username"), username): Text 'Qq2BV1qtr' is set on object 'Object Repository/RecAndPlayBk/Page-Vlink-Debit/input_Username'

2023-02-28 18:40:10 - [MESSAGE][PASSED] - Text 'Qq2BV1qtr' is set on object 'Object Repository/RecAndPlayBk/Page-Vlink-Debit/input_Username'

2023-02-28 18:40:10 - [TEST_STEP][PASSED] - setText(findTestObject("RecAndPlayBk/Page-Vlink-Debit/input_Password"), password): Text 'tUmWBiLUx' is set on object 'Object Repository/RecAndPlayBk/Page-Vlink-Debit/input_Password'

2023-02-28 18:40:10 - [MESSAGE][PASSED] - Text 'tUmWBiLUx' is set on object 'Object Repository/RecAndPlayBk/Page-Vlink-Debit/input_Password'

2023-02-28 18:40:10 - [TEST_STEP][PASSED] - setText(findTestObject("RecAndPlayBk/Page-Vlink-Debit/input_Check Type"), checkType): Text 'P' is set on object 'Object Repository/RecAndPlayBk/Page-Vlink-Debit/input_Check Type'

2023-02-28 18:40:11 - [MESSAGE][PASSED] - Text 'P' is set on object 'Object Repository/RecAndPlayBk/Page-Vlink-Debit/input_Check Type'

2023-02-28 18:40:11 - [TEST_STEP][PASSED] - setText(findTestObject("RecAndPlayBk/Page-Vlink-Debit/input_Account_check"), acNumber): Text '58963214' is set on object 'Object Repository/RecAndPlayBk/Page-Vlink-Debit/input_Account_check'

2023-02-28 18:40:12 - [MESSAGE][PASSED] - Text '58963214' is set on object 'Object Repository/RecAndPlayBk/Page-Vlink-Debit/input_Account_check'

2023-02-28 18:40:12 - [TEST_STEP][PASSED] - setText(findTestObject("RecAndPlayBk/Page-Vlink-Debit/input_Company_check"), company): Text '' is set on object 'Object Repository/RecAndPlayBk/Page-Vlink-Debit/input_Company_check'

2023-02-28 18:40:12 - [MESSAGE][PASSED] - Text '' is set on object 'Object Repository/RecAndPlayBk/Page-Vlink-Debit/input_Company_check'

2023-02-28 18:40:12 - [TEST_STEP][PASSED] - setText(findTestObject("RecAndPlayBk/Page-Vlink-Debit/input_Account Type"), acType): Text '1' is set on object 'Object Repository/RecAndPlayBk/Page-Vlink-Debit/input_Account Type'

2023-02-28 18:40:13 - [MESSAGE][PASSED] - Text '1' is set on object 'Object Repository/RecAndPlayBk/Page-Vlink-Debit/input_Account Type'

2023-02-28 18:40:13 - [TEST_STEP][PASSED] - setText(findTestObject("RecAndPlayBk/Page-Vlink-Debit/input_Routing Number"), rtn): Text '256072691' is set on object 'Object Repository/RecAndPlayBk/Page-Vlink-Debit/input_Routing Number'

2023-02-28 18:40:13 - [MESSAGE][PASSED] - Text '256072691' is set on object 'Object Repository/RecAndPlayBk/Page-Vlink-Debit/input_Routing Number'

2023-02-28 18:40:13 - [TEST_STEP][PASSED] - setText(findTestObject("RecAndPlayBk/Page-Vlink-Debit/input_Amount"), amount): Text '12.50' is set on object 'Object Repository/RecAndPlayBk/Page-Vlink-Debit/input_Amount'

2023-02-28 18:40:14 - [MESSAGE][PASSED] - Text '12.50' is set on object 'Object Repository/RecAndPlayBk/Page-Vlink-Debit/input_Amount'

2023-02-28 18:40:14 - [TEST_STEP][PASSED] - setText(findTestObject("RecAndPlayBk/Page-Vlink-Debit/input_Check Email"), ""): Text '' is set on object 'Object Repository/RecAndPlayBk/Page-Vlink-Debit/input_Check Email'

2023-02-28 18:40:15 - [MESSAGE][PASSED] - Text '' is set on object 'Object Repository/RecAndPlayBk/Page-Vlink-Debit/input_Check Email'

2023-02-28 18:40:15 - [TEST_STEP][PASSED] - setText(findTestObject("Object Repository/RecAndPlayBk/Page-Vlink-Debit/input_concat(CheckWriter, , s SSN)_check_ssn"), ""): Text '' is set on object 'Object Repository/RecAndPlayBk/Page-Vlink-Debit/input_concat(CheckWriter, , s SSN)_check_ssn'

2023-02-28 18:40:15 - [MESSAGE][PASSED] - Text '' is set on object 'Object Repository/RecAndPlayBk/Page-Vlink-Debit/input_concat(CheckWriter, , s SSN)_check_ssn'

2023-02-28 18:40:15 - [TEST_STEP][PASSED] - setText(findTestObject("Object Repository/RecAndPlayBk/Page-Vlink-Debit/input_concat(CheckWriter, , s License Numbe_020fef"), ""): Text '' is set on object 'Object Repository/RecAndPlayBk/Page-Vlink-Debit/input_concat(CheckWriter, , s License Numbe_020fef'

2023-02-28 18:40:16 - [MESSAGE][PASSED] - Text '' is set on object 'Object Repository/RecAndPlayBk/Page-Vlink-Debit/input_concat(CheckWriter, , s License Numbe_020fef'

2023-02-28 18:40:16 - [TEST_STEP][PASSED] - setText(findTestObject("Object Repository/RecAndPlayBk/Page-Vlink-Debit/input_concat(CheckWriter, , s License State_21e3e7"), ""): Text '' is set on object 'Object Repository/RecAndPlayBk/Page-Vlink-Debit/input_concat(CheckWriter, , s License State_21e3e7'

2023-02-28 18:40:17 - [MESSAGE][PASSED] - Text '' is set on object 'Object Repository/RecAndPlayBk/Page-Vlink-Debit/input_concat(CheckWriter, , s License State_21e3e7'

2023-02-28 18:40:17 - [TEST_STEP][PASSED] - setText(findTestObject("RecAndPlayBk/Page-Vlink-Debit/input_Standard Entry Class"), sec): Text 'WEB' is set on object 'Object Repository/RecAndPlayBk/Page-Vlink-Debit/input_Standard Entry Class'

2023-02-28 18:40:18 - [MESSAGE][PASSED] - Text 'WEB' is set on object 'Object Repository/RecAndPlayBk/Page-Vlink-Debit/input_Standard Entry Class'

2023-02-28 18:40:18 - [TEST_STEP][PASSED] - click(findTestObject("Object Repository/RecAndPlayBk/Page-Vlink-Debit/input")): Object: 'Object Repository/RecAndPlayBk/Page-Vlink-Debit/input' is clicked on

2023-02-28 18:40:19 - [MESSAGE][PASSED] - Object: 'Object Repository/RecAndPlayBk/Page-Vlink-Debit/input' is clicked on

2023-02-28 18:40:19 - [TEST_STEP][PASSED] - if (verifyTextPresent("Transaction approved, no errors", true)): null

2023-02-28 18:40:19 - [MESSAGE][PASSED] - Text 'Transaction approved, no errors' is present on page  using regular expression

2023-02-28 18:40:19 - [TEST_STEP][PASSED] - println("Transaction Approved, no errors text is present on the Confirmation page"): null

2023-02-28 18:40:19 - [TEST_STEP][PASSED] - sdfo = getText(findTestObject("Object Repository/Page_VLinkReceipt/pre_STX")): Text of object 'Object Repository/Page_VLinkReceipt/pre_STX' is: '<STX>qXA3z4mWVbhJ                  2920812             0  Transaction approved, no errors                   0                                                                                                              <ETX>'

2023-02-28 18:40:19 - [MESSAGE][PASSED] - Text of object 'Object Repository/Page_VLinkReceipt/pre_STX' is: '<STX>qXA3z4mWVbhJ                  2920812             0  Transaction approved, no errors                   0                                                                                                              <ETX>'

2023-02-28 18:40:19 - [TEST_STEP][PASSED] - out.println("sdfo: " + sdfo): null

2023-02-28 18:40:19 - [TEST_STEP][PASSED] - remID = substring(5, 35).trim(): null

2023-02-28 18:40:19 - [TEST_STEP][PASSED] - out.println("remID: " + remID): null

2023-02-28 18:40:19 - [TEST_STEP][PASSED] - traxID = substring(35, 55).trim(): null

2023-02-28 18:40:19 - [TEST_STEP][PASSED] - out.println("traxID: " + traxID): null

2023-02-28 18:40:19 - [TEST_STEP][PASSED] - VLinkSaleRemID = remID: null

2023-02-28 18:40:19 - [TEST_STEP][PASSED] - VLinkSaleTranxID = traxID: null

2023-02-28 18:40:19 - [TEST_STEP][PASSED] - openBrowser(VLinkURL + "ACH_void.html"): Browser is opened with url: 'https://dev-algorithm.govolution.com/vlinktest/demo2/version_2_0/ACH_void.html'

2023-02-28 18:40:19 - [MESSAGE][WARNING] - A browser is already opened. Closing browser and opening a new one

2023-02-28 18:40:20 - [MESSAGE][INFO] - Starting 'Chrome' driver

2023-02-28 18:40:20 - [MESSAGE][INFO] - User set preference: ['acceptInsecureCerts', 'true']

2023-02-28 18:40:20 - [MESSAGE][INFO] - Action delay is set to 0 milliseconds

2023-02-28 18:40:22 - [MESSAGE][PASSED] - Browser is opened with url: 'https://dev-algorithm.govolution.com/vlinktest/demo2/version_2_0/ACH_void.html'

2023-02-28 18:40:22 - [TEST_STEP][PASSED] - maximizeWindow(): Current window maximized

2023-02-28 18:40:22 - [MESSAGE][PASSED] - Current window maximized

2023-02-28 18:40:22 - [TEST_STEP][PASSED] - setText(findTestObject("Object Repository/RecAndPlayBk/Page-Vlink-ACH-Void/input_Remittance Id"), VLinkSaleRemID): Text 'qXA3z4mWVbhJ' is set on object 'Object Repository/RecAndPlayBk/Page-Vlink-ACH-Void/input_Remittance Id'

2023-02-28 18:40:23 - [MESSAGE][PASSED] - Text 'qXA3z4mWVbhJ' is set on object 'Object Repository/RecAndPlayBk/Page-Vlink-ACH-Void/input_Remittance Id'

2023-02-28 18:40:23 - [TEST_STEP][PASSED] - setText(findTestObject("Object Repository/RecAndPlayBk/Page-Vlink-ACH-Void/input_Application Id"), appID): Text '1773' is set on object 'Object Repository/RecAndPlayBk/Page-Vlink-ACH-Void/input_Application Id'

2023-02-28 18:40:23 - [MESSAGE][PASSED] - Text '1773' is set on object 'Object Repository/RecAndPlayBk/Page-Vlink-ACH-Void/input_Application Id'

2023-02-28 18:40:23 - [TEST_STEP][PASSED] - setText(findTestObject("Object Repository/RecAndPlayBk/Page-Vlink-ACH-Void/input_Username"), username): Text 'Qq2BV1qtr' is set on object 'Object Repository/RecAndPlayBk/Page-Vlink-ACH-Void/input_Username'

2023-02-28 18:40:24 - [MESSAGE][PASSED] - Text 'Qq2BV1qtr' is set on object 'Object Repository/RecAndPlayBk/Page-Vlink-ACH-Void/input_Username'

2023-02-28 18:40:24 - [TEST_STEP][PASSED] - setText(findTestObject("Object Repository/RecAndPlayBk/Page-Vlink-ACH-Void/input_Password"), password): Text 'tUmWBiLUx' is set on object 'Object Repository/RecAndPlayBk/Page-Vlink-ACH-Void/input_Password'

2023-02-28 18:40:25 - [MESSAGE][PASSED] - Text 'tUmWBiLUx' is set on object 'Object Repository/RecAndPlayBk/Page-Vlink-ACH-Void/input_Password'

2023-02-28 18:40:25 - [TEST_STEP][PASSED] - setText(findTestObject("Object Repository/RecAndPlayBk/Page-Vlink-ACH-Void/input_Check Type"), checkType): Text 'P' is set on object 'Object Repository/RecAndPlayBk/Page-Vlink-ACH-Void/input_Check Type'

2023-02-28 18:40:25 - [MESSAGE][PASSED] - Text 'P' is set on object 'Object Repository/RecAndPlayBk/Page-Vlink-ACH-Void/input_Check Type'

2023-02-28 18:40:25 - [TEST_STEP][PASSED] - setText(findTestObject("Object Repository/RecAndPlayBk/Page-Vlink-ACH-Void/input_Standard Entry Class"), sec): Text 'WEB' is set on object 'Object Repository/RecAndPlayBk/Page-Vlink-ACH-Void/input_Standard Entry Class'

2023-02-28 18:40:26 - [MESSAGE][PASSED] - Text 'WEB' is set on object 'Object Repository/RecAndPlayBk/Page-Vlink-ACH-Void/input_Standard Entry Class'

2023-02-28 18:40:26 - [TEST_STEP][PASSED] - setText(findTestObject("Object Repository/RecAndPlayBk/Page-Vlink-ACH-Void/input_Transaction ID"), VLinkSaleTranxID): Text '2920812' is set on object 'Object Repository/RecAndPlayBk/Page-Vlink-ACH-Void/input_Transaction ID'

2023-02-28 18:40:27 - [MESSAGE][PASSED] - Text '2920812' is set on object 'Object Repository/RecAndPlayBk/Page-Vlink-ACH-Void/input_Transaction ID'

2023-02-28 18:40:27 - [TEST_STEP][PASSED] - setText(findTestObject("Object Repository/RecAndPlayBk/Page-Vlink-ACH-Void/input_Original Transaction Type"), "200"): Text '200' is set on object 'Object Repository/RecAndPlayBk/Page-Vlink-ACH-Void/input_Original Transaction Type'

2023-02-28 18:40:27 - [MESSAGE][PASSED] - Text '200' is set on object 'Object Repository/RecAndPlayBk/Page-Vlink-ACH-Void/input_Original Transaction Type'

2023-02-28 18:40:27 - [TEST_STEP][PASSED] - click(findTestObject("Object Repository/RecAndPlayBk/Page-Vlink-ACH-Void/input")): Object: 'Object Repository/RecAndPlayBk/Page-Vlink-ACH-Void/input' is clicked on

2023-02-28 18:40:28 - [MESSAGE][PASSED] - Object: 'Object Repository/RecAndPlayBk/Page-Vlink-ACH-Void/input' is clicked on

2023-02-28 18:40:28 - [TEST_STEP][PASSED] - if (verifyTextPresent("Transaction approved, no errors", true)): null

2023-02-28 18:40:28 - [MESSAGE][PASSED] - Text 'Transaction approved, no errors' is present on page  using regular expression

2023-02-28 18:40:28 - [TEST_STEP][PASSED] - println("Transaction Approved, no errors text is present on the Confirmation page"): null

2023-02-28 18:40:28 - [TEST_STEP][PASSED] - out.println("Pass Record Number: " + row): null

2023-02-28 18:40:28 - [TEST_STEP][PASSED] - resText = "Pass": null

2023-02-28 18:40:28 - [TEST_STEP][PASSED] - pages.WriteExcel.demoKey(resText, datText, resColumn, datCloumn, fileLoc, nameSheet, row): pages.WriteExcel.demoKey is PASSED

2023-02-28 18:40:28 - [MESSAGE][PASSED] - pages.WriteExcel.demoKey is PASSED

2023-02-28 18:40:28 - [TEST_STEP][PASSED] - ExecuteTC = findTestData(dataFile).getValue("Execute", row): null

2023-02-28 18:40:28 - [TEST_STEP][PASSED] - out.println("Value of Execute is : " + ExecuteTC): null

2023-02-28 18:40:28 - [TEST_STEP][PASSED] - switch (executionProfile): null

2023-02-28 18:40:28 - [TEST_STEP][PASSED] - case "Demo2Profile":: null

2023-02-28 18:40:28 - [TEST_STEP][PASSED] - appID = findTestData(dataFile).getValue("AppIDDemo", row): null

2023-02-28 18:40:28 - [TEST_STEP][PASSED] - username = findTestData(dataFile).getValue("UsernameDemo", row): null

2023-02-28 18:40:28 - [TEST_STEP][PASSED] - password = findTestData(dataFile).getValue("PasswordDemo", row): null

2023-02-28 18:40:28 - [TEST_STEP][PASSED] - break: null

2023-02-28 18:40:28 - [TEST_STEP][PASSED] - if (ExecuteTC.equalsIgnoreCase("Y")): null

2023-02-28 18:40:28 - [TEST_STEP][PASSED] - out.println("Begin Record Number: " + row): null

2023-02-28 18:40:28 - [TEST_STEP][PASSED] - today = new java.util.Date(): null

2023-02-28 18:40:28 - [TEST_STEP][PASSED] - println(today): null

2023-02-28 18:40:28 - [TEST_STEP][PASSED] - datText = today: null

2023-02-28 18:40:28 - [TEST_STEP][PASSED] - checkType = findTestData(dataFile).getValue("CheckType", row): null

2023-02-28 18:40:29 - [TEST_STEP][PASSED] - acNumber = findTestData(dataFile).getValue("AcNumber", row): null

2023-02-28 18:40:29 - [TEST_STEP][PASSED] - company = findTestData(dataFile).getValue("Company", row): null

2023-02-28 18:40:29 - [TEST_STEP][PASSED] - acType = findTestData(dataFile).getValue("AcType", row): null

2023-02-28 18:40:29 - [TEST_STEP][PASSED] - rtn = findTestData(dataFile).getValue("RTN", row): null

2023-02-28 18:40:29 - [TEST_STEP][PASSED] - amount = findTestData(dataFile).getValue("Amount", row): null

2023-02-28 18:40:29 - [TEST_STEP][PASSED] - sec = findTestData(dataFile).getValue("SEC", row): null

2023-02-28 18:40:29 - [TEST_STEP][PASSED] - openBrowser(VLinkURL + "debit.html"): Browser is opened with url: 'https://dev-algorithm.govolution.com/vlinktest/demo2/version_2_0/debit.html'

2023-02-28 18:40:29 - [MESSAGE][WARNING] - A browser is already opened. Closing browser and opening a new one

2023-02-28 18:40:30 - [MESSAGE][INFO] - Starting 'Chrome' driver

2023-02-28 18:40:30 - [MESSAGE][INFO] - User set preference: ['acceptInsecureCerts', 'true']

2023-02-28 18:40:30 - [MESSAGE][INFO] - Action delay is set to 0 milliseconds

2023-02-28 18:40:32 - [MESSAGE][PASSED] - Browser is opened with url: 'https://dev-algorithm.govolution.com/vlinktest/demo2/version_2_0/debit.html'

2023-02-28 18:40:32 - [TEST_STEP][PASSED] - maximizeWindow(): Current window maximized

2023-02-28 18:40:32 - [MESSAGE][PASSED] - Current window maximized

2023-02-28 18:40:32 - [TEST_STEP][PASSED] - genRemID = RandomStringUtils.random(12, true, true): null

2023-02-28 18:40:32 - [TEST_STEP][PASSED] - setText(findTestObject("RecAndPlayBk/Page-Vlink-Debit/input_Remittance Id"), genRemID): Text 'vLQsDNwl218G' is set on object 'Object Repository/RecAndPlayBk/Page-Vlink-Debit/input_Remittance Id'

2023-02-28 18:40:33 - [MESSAGE][PASSED] - Text 'vLQsDNwl218G' is set on object 'Object Repository/RecAndPlayBk/Page-Vlink-Debit/input_Remittance Id'

2023-02-28 18:40:33 - [TEST_STEP][PASSED] - setText(findTestObject("RecAndPlayBk/Page-Vlink-Debit/input_Application Id"), appID): Text '1773' is set on object 'Object Repository/RecAndPlayBk/Page-Vlink-Debit/input_Application Id'

2023-02-28 18:40:33 - [MESSAGE][PASSED] - Text '1773' is set on object 'Object Repository/RecAndPlayBk/Page-Vlink-Debit/input_Application Id'

2023-02-28 18:40:33 - [TEST_STEP][PASSED] - setText(findTestObject("RecAndPlayBk/Page-Vlink-Debit/input_Username"), username): Text 'Qq2BV1qtr' is set on object 'Object Repository/RecAndPlayBk/Page-Vlink-Debit/input_Username'

2023-02-28 18:40:34 - [MESSAGE][PASSED] - Text 'Qq2BV1qtr' is set on object 'Object Repository/RecAndPlayBk/Page-Vlink-Debit/input_Username'

2023-02-28 18:40:34 - [TEST_STEP][PASSED] - setText(findTestObject("RecAndPlayBk/Page-Vlink-Debit/input_Password"), password): Text 'tUmWBiLUx' is set on object 'Object Repository/RecAndPlayBk/Page-Vlink-Debit/input_Password'

2023-02-28 18:40:35 - [MESSAGE][PASSED] - Text 'tUmWBiLUx' is set on object 'Object Repository/RecAndPlayBk/Page-Vlink-Debit/input_Password'

2023-02-28 18:40:35 - [TEST_STEP][PASSED] - setText(findTestObject("RecAndPlayBk/Page-Vlink-Debit/input_Check Type"), checkType): Text 'P' is set on object 'Object Repository/RecAndPlayBk/Page-Vlink-Debit/input_Check Type'

2023-02-28 18:40:35 - [MESSAGE][PASSED] - Text 'P' is set on object 'Object Repository/RecAndPlayBk/Page-Vlink-Debit/input_Check Type'

2023-02-28 18:40:35 - [TEST_STEP][PASSED] - setText(findTestObject("RecAndPlayBk/Page-Vlink-Debit/input_Account_check"), acNumber): Text '58963214' is set on object 'Object Repository/RecAndPlayBk/Page-Vlink-Debit/input_Account_check'

2023-02-28 18:40:36 - [MESSAGE][PASSED] - Text '58963214' is set on object 'Object Repository/RecAndPlayBk/Page-Vlink-Debit/input_Account_check'

2023-02-28 18:40:36 - [TEST_STEP][PASSED] - setText(findTestObject("RecAndPlayBk/Page-Vlink-Debit/input_Company_check"), company): Text '' is set on object 'Object Repository/RecAndPlayBk/Page-Vlink-Debit/input_Company_check'

2023-02-28 18:40:37 - [MESSAGE][PASSED] - Text '' is set on object 'Object Repository/RecAndPlayBk/Page-Vlink-Debit/input_Company_check'

2023-02-28 18:40:37 - [TEST_STEP][PASSED] - setText(findTestObject("RecAndPlayBk/Page-Vlink-Debit/input_Account Type"), acType): Text '1' is set on object 'Object Repository/RecAndPlayBk/Page-Vlink-Debit/input_Account Type'

2023-02-28 18:40:37 - [MESSAGE][PASSED] - Text '1' is set on object 'Object Repository/RecAndPlayBk/Page-Vlink-Debit/input_Account Type'

2023-02-28 18:40:37 - [TEST_STEP][PASSED] - setText(findTestObject("RecAndPlayBk/Page-Vlink-Debit/input_Routing Number"), rtn): Text '256072691' is set on object 'Object Repository/RecAndPlayBk/Page-Vlink-Debit/input_Routing Number'

2023-02-28 18:40:38 - [MESSAGE][PASSED] - Text '256072691' is set on object 'Object Repository/RecAndPlayBk/Page-Vlink-Debit/input_Routing Number'

2023-02-28 18:40:38 - [TEST_STEP][PASSED] - setText(findTestObject("RecAndPlayBk/Page-Vlink-Debit/input_Amount"), amount): Text '12.50' is set on object 'Object Repository/RecAndPlayBk/Page-Vlink-Debit/input_Amount'

2023-02-28 18:40:38 - [MESSAGE][PASSED] - Text '12.50' is set on object 'Object Repository/RecAndPlayBk/Page-Vlink-Debit/input_Amount'

2023-02-28 18:40:38 - [TEST_STEP][PASSED] - setText(findTestObject("RecAndPlayBk/Page-Vlink-Debit/input_Check Email"), ""): Text '' is set on object 'Object Repository/RecAndPlayBk/Page-Vlink-Debit/input_Check Email'

2023-02-28 18:40:39 - [MESSAGE][PASSED] - Text '' is set on object 'Object Repository/RecAndPlayBk/Page-Vlink-Debit/input_Check Email'

2023-02-28 18:40:39 - [TEST_STEP][PASSED] - setText(findTestObject("Object Repository/RecAndPlayBk/Page-Vlink-Debit/input_concat(CheckWriter, , s SSN)_check_ssn"), ""): Text '' is set on object 'Object Repository/RecAndPlayBk/Page-Vlink-Debit/input_concat(CheckWriter, , s SSN)_check_ssn'

2023-02-28 18:40:40 - [MESSAGE][PASSED] - Text '' is set on object 'Object Repository/RecAndPlayBk/Page-Vlink-Debit/input_concat(CheckWriter, , s SSN)_check_ssn'

2023-02-28 18:40:40 - [TEST_STEP][PASSED] - setText(findTestObject("Object Repository/RecAndPlayBk/Page-Vlink-Debit/input_concat(CheckWriter, , s License Numbe_020fef"), ""): Text '' is set on object 'Object Repository/RecAndPlayBk/Page-Vlink-Debit/input_concat(CheckWriter, , s License Numbe_020fef'

2023-02-28 18:40:40 - [MESSAGE][PASSED] - Text '' is set on object 'Object Repository/RecAndPlayBk/Page-Vlink-Debit/input_concat(CheckWriter, , s License Numbe_020fef'

2023-02-28 18:40:40 - [TEST_STEP][PASSED] - setText(findTestObject("Object Repository/RecAndPlayBk/Page-Vlink-Debit/input_concat(CheckWriter, , s License State_21e3e7"), ""): Text '' is set on object 'Object Repository/RecAndPlayBk/Page-Vlink-Debit/input_concat(CheckWriter, , s License State_21e3e7'

2023-02-28 18:40:41 - [MESSAGE][PASSED] - Text '' is set on object 'Object Repository/RecAndPlayBk/Page-Vlink-Debit/input_concat(CheckWriter, , s License State_21e3e7'

2023-02-28 18:40:41 - [TEST_STEP][PASSED] - setText(findTestObject("RecAndPlayBk/Page-Vlink-Debit/input_Standard Entry Class"), sec): Text 'TEL' is set on object 'Object Repository/RecAndPlayBk/Page-Vlink-Debit/input_Standard Entry Class'

2023-02-28 18:40:42 - [MESSAGE][PASSED] - Text 'TEL' is set on object 'Object Repository/RecAndPlayBk/Page-Vlink-Debit/input_Standard Entry Class'

2023-02-28 18:40:42 - [TEST_STEP][PASSED] - click(findTestObject("Object Repository/RecAndPlayBk/Page-Vlink-Debit/input")): Object: 'Object Repository/RecAndPlayBk/Page-Vlink-Debit/input' is clicked on

2023-02-28 18:40:42 - [MESSAGE][PASSED] - Object: 'Object Repository/RecAndPlayBk/Page-Vlink-Debit/input' is clicked on

2023-02-28 18:40:42 - [TEST_STEP][PASSED] - if (verifyTextPresent("Transaction approved, no errors", true)): null

2023-02-28 18:40:43 - [MESSAGE][PASSED] - Text 'Transaction approved, no errors' is present on page  using regular expression

2023-02-28 18:40:43 - [TEST_STEP][PASSED] - println("Transaction Approved, no errors text is present on the Confirmation page"): null

2023-02-28 18:40:43 - [TEST_STEP][PASSED] - sdfo = getText(findTestObject("Object Repository/Page_VLinkReceipt/pre_STX")): Text of object 'Object Repository/Page_VLinkReceipt/pre_STX' is: '<STX>vLQsDNwl218G                  2920814             0  Transaction approved, no errors                   0                                                                                                              <ETX>'

2023-02-28 18:40:43 - [MESSAGE][PASSED] - Text of object 'Object Repository/Page_VLinkReceipt/pre_STX' is: '<STX>vLQsDNwl218G                  2920814             0  Transaction approved, no errors                   0                                                                                                              <ETX>'

2023-02-28 18:40:43 - [TEST_STEP][PASSED] - out.println("sdfo: " + sdfo): null

2023-02-28 18:40:43 - [TEST_STEP][PASSED] - remID = substring(5, 35).trim(): null

2023-02-28 18:40:43 - [TEST_STEP][PASSED] - out.println("remID: " + remID): null

2023-02-28 18:40:43 - [TEST_STEP][PASSED] - traxID = substring(35, 55).trim(): null

2023-02-28 18:40:43 - [TEST_STEP][PASSED] - out.println("traxID: " + traxID): null

2023-02-28 18:40:43 - [TEST_STEP][PASSED] - VLinkSaleRemID = remID: null

2023-02-28 18:40:43 - [TEST_STEP][PASSED] - VLinkSaleTranxID = traxID: null

2023-02-28 18:40:43 - [TEST_STEP][PASSED] - openBrowser(VLinkURL + "ACH_void.html"): Browser is opened with url: 'https://dev-algorithm.govolution.com/vlinktest/demo2/version_2_0/ACH_void.html'

2023-02-28 18:40:43 - [MESSAGE][WARNING] - A browser is already opened. Closing browser and opening a new one

2023-02-28 18:40:44 - [MESSAGE][INFO] - Starting 'Chrome' driver

2023-02-28 18:40:44 - [MESSAGE][INFO] - User set preference: ['acceptInsecureCerts', 'true']

2023-02-28 18:40:44 - [MESSAGE][INFO] - Action delay is set to 0 milliseconds

2023-02-28 18:40:46 - [MESSAGE][PASSED] - Browser is opened with url: 'https://dev-algorithm.govolution.com/vlinktest/demo2/version_2_0/ACH_void.html'

2023-02-28 18:40:46 - [TEST_STEP][PASSED] - maximizeWindow(): Current window maximized

2023-02-28 18:40:46 - [MESSAGE][PASSED] - Current window maximized

2023-02-28 18:40:46 - [TEST_STEP][PASSED] - setText(findTestObject("Object Repository/RecAndPlayBk/Page-Vlink-ACH-Void/input_Remittance Id"), VLinkSaleRemID): Text 'vLQsDNwl218G' is set on object 'Object Repository/RecAndPlayBk/Page-Vlink-ACH-Void/input_Remittance Id'

2023-02-28 18:40:46 - [MESSAGE][PASSED] - Text 'vLQsDNwl218G' is set on object 'Object Repository/RecAndPlayBk/Page-Vlink-ACH-Void/input_Remittance Id'

2023-02-28 18:40:46 - [TEST_STEP][PASSED] - setText(findTestObject("Object Repository/RecAndPlayBk/Page-Vlink-ACH-Void/input_Application Id"), appID): Text '1773' is set on object 'Object Repository/RecAndPlayBk/Page-Vlink-ACH-Void/input_Application Id'

2023-02-28 18:40:47 - [MESSAGE][PASSED] - Text '1773' is set on object 'Object Repository/RecAndPlayBk/Page-Vlink-ACH-Void/input_Application Id'

2023-02-28 18:40:47 - [TEST_STEP][PASSED] - setText(findTestObject("Object Repository/RecAndPlayBk/Page-Vlink-ACH-Void/input_Username"), username): Text 'Qq2BV1qtr' is set on object 'Object Repository/RecAndPlayBk/Page-Vlink-ACH-Void/input_Username'

2023-02-28 18:40:48 - [MESSAGE][PASSED] - Text 'Qq2BV1qtr' is set on object 'Object Repository/RecAndPlayBk/Page-Vlink-ACH-Void/input_Username'

2023-02-28 18:40:48 - [TEST_STEP][PASSED] - setText(findTestObject("Object Repository/RecAndPlayBk/Page-Vlink-ACH-Void/input_Password"), password): Text 'tUmWBiLUx' is set on object 'Object Repository/RecAndPlayBk/Page-Vlink-ACH-Void/input_Password'

2023-02-28 18:40:48 - [MESSAGE][PASSED] - Text 'tUmWBiLUx' is set on object 'Object Repository/RecAndPlayBk/Page-Vlink-ACH-Void/input_Password'

2023-02-28 18:40:48 - [TEST_STEP][PASSED] - setText(findTestObject("Object Repository/RecAndPlayBk/Page-Vlink-ACH-Void/input_Check Type"), checkType): Text 'P' is set on object 'Object Repository/RecAndPlayBk/Page-Vlink-ACH-Void/input_Check Type'

2023-02-28 18:40:49 - [MESSAGE][PASSED] - Text 'P' is set on object 'Object Repository/RecAndPlayBk/Page-Vlink-ACH-Void/input_Check Type'

2023-02-28 18:40:49 - [TEST_STEP][PASSED] - setText(findTestObject("Object Repository/RecAndPlayBk/Page-Vlink-ACH-Void/input_Standard Entry Class"), sec): Text 'TEL' is set on object 'Object Repository/RecAndPlayBk/Page-Vlink-ACH-Void/input_Standard Entry Class'

2023-02-28 18:40:50 - [MESSAGE][PASSED] - Text 'TEL' is set on object 'Object Repository/RecAndPlayBk/Page-Vlink-ACH-Void/input_Standard Entry Class'

2023-02-28 18:40:50 - [TEST_STEP][PASSED] - setText(findTestObject("Object Repository/RecAndPlayBk/Page-Vlink-ACH-Void/input_Transaction ID"), VLinkSaleTranxID): Text '2920814' is set on object 'Object Repository/RecAndPlayBk/Page-Vlink-ACH-Void/input_Transaction ID'

2023-02-28 18:40:50 - [MESSAGE][PASSED] - Text '2920814' is set on object 'Object Repository/RecAndPlayBk/Page-Vlink-ACH-Void/input_Transaction ID'

2023-02-28 18:40:50 - [TEST_STEP][PASSED] - setText(findTestObject("Object Repository/RecAndPlayBk/Page-Vlink-ACH-Void/input_Original Transaction Type"), "200"): Text '200' is set on object 'Object Repository/RecAndPlayBk/Page-Vlink-ACH-Void/input_Original Transaction Type'

2023-02-28 18:40:51 - [MESSAGE][PASSED] - Text '200' is set on object 'Object Repository/RecAndPlayBk/Page-Vlink-ACH-Void/input_Original Transaction Type'

2023-02-28 18:40:51 - [TEST_STEP][PASSED] - click(findTestObject("Object Repository/RecAndPlayBk/Page-Vlink-ACH-Void/input")): Object: 'Object Repository/RecAndPlayBk/Page-Vlink-ACH-Void/input' is clicked on

2023-02-28 18:40:52 - [MESSAGE][PASSED] - Object: 'Object Repository/RecAndPlayBk/Page-Vlink-ACH-Void/input' is clicked on

2023-02-28 18:40:52 - [TEST_STEP][PASSED] - if (verifyTextPresent("Transaction approved, no errors", true)): null

2023-02-28 18:40:52 - [MESSAGE][PASSED] - Text 'Transaction approved, no errors' is present on page  using regular expression

2023-02-28 18:40:52 - [TEST_STEP][PASSED] - println("Transaction Approved, no errors text is present on the Confirmation page"): null

2023-02-28 18:40:52 - [TEST_STEP][PASSED] - out.println("Pass Record Number: " + row): null

2023-02-28 18:40:52 - [TEST_STEP][PASSED] - resText = "Pass": null

2023-02-28 18:40:52 - [TEST_STEP][PASSED] - pages.WriteExcel.demoKey(resText, datText, resColumn, datCloumn, fileLoc, nameSheet, row): pages.WriteExcel.demoKey is PASSED

2023-02-28 18:40:52 - [MESSAGE][PASSED] - pages.WriteExcel.demoKey is PASSED

2023-02-28 18:40:52 - [TEST_STEP][PASSED] - ExecuteTC = findTestData(dataFile).getValue("Execute", row): null

2023-02-28 18:40:52 - [TEST_STEP][PASSED] - out.println("Value of Execute is : " + ExecuteTC): null

2023-02-28 18:40:52 - [TEST_STEP][PASSED] - switch (executionProfile): null

2023-02-28 18:40:52 - [TEST_STEP][PASSED] - case "Demo2Profile":: null

2023-02-28 18:40:52 - [TEST_STEP][PASSED] - appID = findTestData(dataFile).getValue("AppIDDemo", row): null

2023-02-28 18:40:52 - [TEST_STEP][PASSED] - username = findTestData(dataFile).getValue("UsernameDemo", row): null

2023-02-28 18:40:52 - [TEST_STEP][PASSED] - password = findTestData(dataFile).getValue("PasswordDemo", row): null

2023-02-28 18:40:52 - [TEST_STEP][PASSED] - break: null

2023-02-28 18:40:52 - [TEST_STEP][PASSED] - if (ExecuteTC.equalsIgnoreCase("Y")): null

2023-02-28 18:40:52 - [TEST_STEP][PASSED] - out.println("Begin Record Number: " + row): null

2023-02-28 18:40:52 - [TEST_STEP][PASSED] - today = new java.util.Date(): null

2023-02-28 18:40:52 - [TEST_STEP][PASSED] - println(today): null

2023-02-28 18:40:52 - [TEST_STEP][PASSED] - datText = today: null

2023-02-28 18:40:52 - [TEST_STEP][PASSED] - checkType = findTestData(dataFile).getValue("CheckType", row): null

2023-02-28 18:40:53 - [TEST_STEP][PASSED] - acNumber = findTestData(dataFile).getValue("AcNumber", row): null

2023-02-28 18:40:53 - [TEST_STEP][PASSED] - company = findTestData(dataFile).getValue("Company", row): null

2023-02-28 18:40:53 - [TEST_STEP][PASSED] - acType = findTestData(dataFile).getValue("AcType", row): null

2023-02-28 18:40:53 - [TEST_STEP][PASSED] - rtn = findTestData(dataFile).getValue("RTN", row): null

2023-02-28 18:40:53 - [TEST_STEP][PASSED] - amount = findTestData(dataFile).getValue("Amount", row): null

2023-02-28 18:40:53 - [TEST_STEP][PASSED] - sec = findTestData(dataFile).getValue("SEC", row): null

2023-02-28 18:40:53 - [TEST_STEP][PASSED] - openBrowser(VLinkURL + "debit.html"): Browser is opened with url: 'https://dev-algorithm.govolution.com/vlinktest/demo2/version_2_0/debit.html'

2023-02-28 18:40:53 - [MESSAGE][WARNING] - A browser is already opened. Closing browser and opening a new one

2023-02-28 18:40:54 - [MESSAGE][INFO] - Starting 'Chrome' driver

2023-02-28 18:40:54 - [MESSAGE][INFO] - User set preference: ['acceptInsecureCerts', 'true']

2023-02-28 18:40:54 - [MESSAGE][INFO] - Action delay is set to 0 milliseconds

2023-02-28 18:40:56 - [MESSAGE][PASSED] - Browser is opened with url: 'https://dev-algorithm.govolution.com/vlinktest/demo2/version_2_0/debit.html'

2023-02-28 18:40:56 - [TEST_STEP][PASSED] - maximizeWindow(): Current window maximized

2023-02-28 18:40:56 - [MESSAGE][PASSED] - Current window maximized

2023-02-28 18:40:56 - [TEST_STEP][PASSED] - genRemID = RandomStringUtils.random(12, true, true): null

2023-02-28 18:40:56 - [TEST_STEP][PASSED] - setText(findTestObject("RecAndPlayBk/Page-Vlink-Debit/input_Remittance Id"), genRemID): Text 'xT9rOFV51kd0' is set on object 'Object Repository/RecAndPlayBk/Page-Vlink-Debit/input_Remittance Id'

2023-02-28 18:40:57 - [MESSAGE][PASSED] - Text 'xT9rOFV51kd0' is set on object 'Object Repository/RecAndPlayBk/Page-Vlink-Debit/input_Remittance Id'

2023-02-28 18:40:57 - [TEST_STEP][PASSED] - setText(findTestObject("RecAndPlayBk/Page-Vlink-Debit/input_Application Id"), appID): Text '1773' is set on object 'Object Repository/RecAndPlayBk/Page-Vlink-Debit/input_Application Id'

2023-02-28 18:40:58 - [MESSAGE][PASSED] - Text '1773' is set on object 'Object Repository/RecAndPlayBk/Page-Vlink-Debit/input_Application Id'

2023-02-28 18:40:58 - [TEST_STEP][PASSED] - setText(findTestObject("RecAndPlayBk/Page-Vlink-Debit/input_Username"), username): Text 'Qq2BV1qtr' is set on object 'Object Repository/RecAndPlayBk/Page-Vlink-Debit/input_Username'

2023-02-28 18:40:58 - [MESSAGE][PASSED] - Text 'Qq2BV1qtr' is set on object 'Object Repository/RecAndPlayBk/Page-Vlink-Debit/input_Username'

2023-02-28 18:40:58 - [TEST_STEP][PASSED] - setText(findTestObject("RecAndPlayBk/Page-Vlink-Debit/input_Password"), password): Text 'tUmWBiLUx' is set on object 'Object Repository/RecAndPlayBk/Page-Vlink-Debit/input_Password'

2023-02-28 18:40:59 - [MESSAGE][PASSED] - Text 'tUmWBiLUx' is set on object 'Object Repository/RecAndPlayBk/Page-Vlink-Debit/input_Password'

2023-02-28 18:40:59 - [TEST_STEP][PASSED] - setText(findTestObject("RecAndPlayBk/Page-Vlink-Debit/input_Check Type"), checkType): Text 'P' is set on object 'Object Repository/RecAndPlayBk/Page-Vlink-Debit/input_Check Type'

2023-02-28 18:40:59 - [MESSAGE][PASSED] - Text 'P' is set on object 'Object Repository/RecAndPlayBk/Page-Vlink-Debit/input_Check Type'

2023-02-28 18:40:59 - [TEST_STEP][PASSED] - setText(findTestObject("RecAndPlayBk/Page-Vlink-Debit/input_Account_check"), acNumber): Text '58963214' is set on object 'Object Repository/RecAndPlayBk/Page-Vlink-Debit/input_Account_check'

2023-02-28 18:41:00 - [MESSAGE][PASSED] - Text '58963214' is set on object 'Object Repository/RecAndPlayBk/Page-Vlink-Debit/input_Account_check'

2023-02-28 18:41:00 - [TEST_STEP][PASSED] - setText(findTestObject("RecAndPlayBk/Page-Vlink-Debit/input_Company_check"), company): Text '' is set on object 'Object Repository/RecAndPlayBk/Page-Vlink-Debit/input_Company_check'

2023-02-28 18:41:01 - [MESSAGE][PASSED] - Text '' is set on object 'Object Repository/RecAndPlayBk/Page-Vlink-Debit/input_Company_check'

2023-02-28 18:41:01 - [TEST_STEP][PASSED] - setText(findTestObject("RecAndPlayBk/Page-Vlink-Debit/input_Account Type"), acType): Text '1' is set on object 'Object Repository/RecAndPlayBk/Page-Vlink-Debit/input_Account Type'

2023-02-28 18:41:01 - [MESSAGE][PASSED] - Text '1' is set on object 'Object Repository/RecAndPlayBk/Page-Vlink-Debit/input_Account Type'

2023-02-28 18:41:01 - [TEST_STEP][PASSED] - setText(findTestObject("RecAndPlayBk/Page-Vlink-Debit/input_Routing Number"), rtn): Text '256072691' is set on object 'Object Repository/RecAndPlayBk/Page-Vlink-Debit/input_Routing Number'

2023-02-28 18:41:02 - [MESSAGE][PASSED] - Text '256072691' is set on object 'Object Repository/RecAndPlayBk/Page-Vlink-Debit/input_Routing Number'

2023-02-28 18:41:02 - [TEST_STEP][PASSED] - setText(findTestObject("RecAndPlayBk/Page-Vlink-Debit/input_Amount"), amount): Text '12.50' is set on object 'Object Repository/RecAndPlayBk/Page-Vlink-Debit/input_Amount'

2023-02-28 18:41:02 - [MESSAGE][PASSED] - Text '12.50' is set on object 'Object Repository/RecAndPlayBk/Page-Vlink-Debit/input_Amount'

2023-02-28 18:41:02 - [TEST_STEP][PASSED] - setText(findTestObject("RecAndPlayBk/Page-Vlink-Debit/input_Check Email"), ""): Text '' is set on object 'Object Repository/RecAndPlayBk/Page-Vlink-Debit/input_Check Email'

2023-02-28 18:41:03 - [MESSAGE][PASSED] - Text '' is set on object 'Object Repository/RecAndPlayBk/Page-Vlink-Debit/input_Check Email'

2023-02-28 18:41:03 - [TEST_STEP][PASSED] - setText(findTestObject("Object Repository/RecAndPlayBk/Page-Vlink-Debit/input_concat(CheckWriter, , s SSN)_check_ssn"), ""): Text '' is set on object 'Object Repository/RecAndPlayBk/Page-Vlink-Debit/input_concat(CheckWriter, , s SSN)_check_ssn'

2023-02-28 18:41:04 - [MESSAGE][PASSED] - Text '' is set on object 'Object Repository/RecAndPlayBk/Page-Vlink-Debit/input_concat(CheckWriter, , s SSN)_check_ssn'

2023-02-28 18:41:04 - [TEST_STEP][PASSED] - setText(findTestObject("Object Repository/RecAndPlayBk/Page-Vlink-Debit/input_concat(CheckWriter, , s License Numbe_020fef"), ""): Text '' is set on object 'Object Repository/RecAndPlayBk/Page-Vlink-Debit/input_concat(CheckWriter, , s License Numbe_020fef'

2023-02-28 18:41:04 - [MESSAGE][PASSED] - Text '' is set on object 'Object Repository/RecAndPlayBk/Page-Vlink-Debit/input_concat(CheckWriter, , s License Numbe_020fef'

2023-02-28 18:41:04 - [TEST_STEP][PASSED] - setText(findTestObject("Object Repository/RecAndPlayBk/Page-Vlink-Debit/input_concat(CheckWriter, , s License State_21e3e7"), ""): Text '' is set on object 'Object Repository/RecAndPlayBk/Page-Vlink-Debit/input_concat(CheckWriter, , s License State_21e3e7'

2023-02-28 18:41:05 - [MESSAGE][PASSED] - Text '' is set on object 'Object Repository/RecAndPlayBk/Page-Vlink-Debit/input_concat(CheckWriter, , s License State_21e3e7'

2023-02-28 18:41:05 - [TEST_STEP][PASSED] - setText(findTestObject("RecAndPlayBk/Page-Vlink-Debit/input_Standard Entry Class"), sec): Text 'PPD' is set on object 'Object Repository/RecAndPlayBk/Page-Vlink-Debit/input_Standard Entry Class'

2023-02-28 18:41:06 - [MESSAGE][PASSED] - Text 'PPD' is set on object 'Object Repository/RecAndPlayBk/Page-Vlink-Debit/input_Standard Entry Class'

2023-02-28 18:41:06 - [TEST_STEP][PASSED] - click(findTestObject("Object Repository/RecAndPlayBk/Page-Vlink-Debit/input")): Object: 'Object Repository/RecAndPlayBk/Page-Vlink-Debit/input' is clicked on

2023-02-28 18:41:06 - [MESSAGE][PASSED] - Object: 'Object Repository/RecAndPlayBk/Page-Vlink-Debit/input' is clicked on

2023-02-28 18:41:06 - [TEST_STEP][PASSED] - if (verifyTextPresent("Transaction approved, no errors", true)): null

2023-02-28 18:41:07 - [MESSAGE][PASSED] - Text 'Transaction approved, no errors' is present on page  using regular expression

2023-02-28 18:41:07 - [TEST_STEP][PASSED] - println("Transaction Approved, no errors text is present on the Confirmation page"): null

2023-02-28 18:41:07 - [TEST_STEP][PASSED] - sdfo = getText(findTestObject("Object Repository/Page_VLinkReceipt/pre_STX")): Text of object 'Object Repository/Page_VLinkReceipt/pre_STX' is: '<STX>xT9rOFV51kd0                  2920816             0  Transaction approved, no errors                   0                                                                                                              <ETX>'

2023-02-28 18:41:07 - [MESSAGE][PASSED] - Text of object 'Object Repository/Page_VLinkReceipt/pre_STX' is: '<STX>xT9rOFV51kd0                  2920816             0  Transaction approved, no errors                   0                                                                                                              <ETX>'

2023-02-28 18:41:07 - [TEST_STEP][PASSED] - out.println("sdfo: " + sdfo): null

2023-02-28 18:41:07 - [TEST_STEP][PASSED] - remID = substring(5, 35).trim(): null

2023-02-28 18:41:07 - [TEST_STEP][PASSED] - out.println("remID: " + remID): null

2023-02-28 18:41:07 - [TEST_STEP][PASSED] - traxID = substring(35, 55).trim(): null

2023-02-28 18:41:07 - [TEST_STEP][PASSED] - out.println("traxID: " + traxID): null

2023-02-28 18:41:07 - [TEST_STEP][PASSED] - VLinkSaleRemID = remID: null

2023-02-28 18:41:07 - [TEST_STEP][PASSED] - VLinkSaleTranxID = traxID: null

2023-02-28 18:41:07 - [TEST_STEP][PASSED] - openBrowser(VLinkURL + "ACH_void.html"): Browser is opened with url: 'https://dev-algorithm.govolution.com/vlinktest/demo2/version_2_0/ACH_void.html'

2023-02-28 18:41:07 - [MESSAGE][WARNING] - A browser is already opened. Closing browser and opening a new one

2023-02-28 18:41:08 - [MESSAGE][INFO] - Starting 'Chrome' driver

2023-02-28 18:41:08 - [MESSAGE][INFO] - User set preference: ['acceptInsecureCerts', 'true']

2023-02-28 18:41:08 - [MESSAGE][INFO] - Action delay is set to 0 milliseconds

2023-02-28 18:41:10 - [MESSAGE][PASSED] - Browser is opened with url: 'https://dev-algorithm.govolution.com/vlinktest/demo2/version_2_0/ACH_void.html'

2023-02-28 18:41:10 - [TEST_STEP][PASSED] - maximizeWindow(): Current window maximized

2023-02-28 18:41:10 - [MESSAGE][PASSED] - Current window maximized

2023-02-28 18:41:10 - [TEST_STEP][PASSED] - setText(findTestObject("Object Repository/RecAndPlayBk/Page-Vlink-ACH-Void/input_Remittance Id"), VLinkSaleRemID): Text 'xT9rOFV51kd0' is set on object 'Object Repository/RecAndPlayBk/Page-Vlink-ACH-Void/input_Remittance Id'

2023-02-28 18:41:11 - [MESSAGE][PASSED] - Text 'xT9rOFV51kd0' is set on object 'Object Repository/RecAndPlayBk/Page-Vlink-ACH-Void/input_Remittance Id'

2023-02-28 18:41:11 - [TEST_STEP][PASSED] - setText(findTestObject("Object Repository/RecAndPlayBk/Page-Vlink-ACH-Void/input_Application Id"), appID): Text '1773' is set on object 'Object Repository/RecAndPlayBk/Page-Vlink-ACH-Void/input_Application Id'

2023-02-28 18:41:11 - [MESSAGE][PASSED] - Text '1773' is set on object 'Object Repository/RecAndPlayBk/Page-Vlink-ACH-Void/input_Application Id'

2023-02-28 18:41:11 - [TEST_STEP][PASSED] - setText(findTestObject("Object Repository/RecAndPlayBk/Page-Vlink-ACH-Void/input_Username"), username): Text 'Qq2BV1qtr' is set on object 'Object Repository/RecAndPlayBk/Page-Vlink-ACH-Void/input_Username'

2023-02-28 18:41:12 - [MESSAGE][PASSED] - Text 'Qq2BV1qtr' is set on object 'Object Repository/RecAndPlayBk/Page-Vlink-ACH-Void/input_Username'

2023-02-28 18:41:12 - [TEST_STEP][PASSED] - setText(findTestObject("Object Repository/RecAndPlayBk/Page-Vlink-ACH-Void/input_Password"), password): Text 'tUmWBiLUx' is set on object 'Object Repository/RecAndPlayBk/Page-Vlink-ACH-Void/input_Password'

2023-02-28 18:41:13 - [MESSAGE][PASSED] - Text 'tUmWBiLUx' is set on object 'Object Repository/RecAndPlayBk/Page-Vlink-ACH-Void/input_Password'

2023-02-28 18:41:13 - [TEST_STEP][PASSED] - setText(findTestObject("Object Repository/RecAndPlayBk/Page-Vlink-ACH-Void/input_Check Type"), checkType): Text 'P' is set on object 'Object Repository/RecAndPlayBk/Page-Vlink-ACH-Void/input_Check Type'

2023-02-28 18:41:13 - [MESSAGE][PASSED] - Text 'P' is set on object 'Object Repository/RecAndPlayBk/Page-Vlink-ACH-Void/input_Check Type'

2023-02-28 18:41:13 - [TEST_STEP][PASSED] - setText(findTestObject("Object Repository/RecAndPlayBk/Page-Vlink-ACH-Void/input_Standard Entry Class"), sec): Text 'PPD' is set on object 'Object Repository/RecAndPlayBk/Page-Vlink-ACH-Void/input_Standard Entry Class'

2023-02-28 18:41:14 - [MESSAGE][PASSED] - Text 'PPD' is set on object 'Object Repository/RecAndPlayBk/Page-Vlink-ACH-Void/input_Standard Entry Class'

2023-02-28 18:41:14 - [TEST_STEP][PASSED] - setText(findTestObject("Object Repository/RecAndPlayBk/Page-Vlink-ACH-Void/input_Transaction ID"), VLinkSaleTranxID): Text '2920816' is set on object 'Object Repository/RecAndPlayBk/Page-Vlink-ACH-Void/input_Transaction ID'

2023-02-28 18:41:14 - [MESSAGE][PASSED] - Text '2920816' is set on object 'Object Repository/RecAndPlayBk/Page-Vlink-ACH-Void/input_Transaction ID'

2023-02-28 18:41:14 - [TEST_STEP][PASSED] - setText(findTestObject("Object Repository/RecAndPlayBk/Page-Vlink-ACH-Void/input_Original Transaction Type"), "200"): Text '200' is set on object 'Object Repository/RecAndPlayBk/Page-Vlink-ACH-Void/input_Original Transaction Type'

2023-02-28 18:41:15 - [MESSAGE][PASSED] - Text '200' is set on object 'Object Repository/RecAndPlayBk/Page-Vlink-ACH-Void/input_Original Transaction Type'

2023-02-28 18:41:15 - [TEST_STEP][PASSED] - click(findTestObject("Object Repository/RecAndPlayBk/Page-Vlink-ACH-Void/input")): Object: 'Object Repository/RecAndPlayBk/Page-Vlink-ACH-Void/input' is clicked on

2023-02-28 18:41:16 - [MESSAGE][PASSED] - Object: 'Object Repository/RecAndPlayBk/Page-Vlink-ACH-Void/input' is clicked on

2023-02-28 18:41:16 - [TEST_STEP][PASSED] - if (verifyTextPresent("Transaction approved, no errors", true)): null

2023-02-28 18:41:16 - [MESSAGE][PASSED] - Text 'Transaction approved, no errors' is present on page  using regular expression

2023-02-28 18:41:16 - [TEST_STEP][PASSED] - println("Transaction Approved, no errors text is present on the Confirmation page"): null

2023-02-28 18:41:16 - [TEST_STEP][PASSED] - out.println("Pass Record Number: " + row): null

2023-02-28 18:41:16 - [TEST_STEP][PASSED] - resText = "Pass": null

2023-02-28 18:41:16 - [TEST_STEP][PASSED] - pages.WriteExcel.demoKey(resText, datText, resColumn, datCloumn, fileLoc, nameSheet, row): pages.WriteExcel.demoKey is PASSED

2023-02-28 18:41:16 - [MESSAGE][PASSED] - pages.WriteExcel.demoKey is PASSED

2023-02-28 18:41:16 - [TEST_STEP][PASSED] - ExecuteTC = findTestData(dataFile).getValue("Execute", row): null

2023-02-28 18:41:16 - [TEST_STEP][PASSED] - out.println("Value of Execute is : " + ExecuteTC): null

2023-02-28 18:41:16 - [TEST_STEP][PASSED] - switch (executionProfile): null

2023-02-28 18:41:16 - [TEST_STEP][PASSED] - case "Demo2Profile":: null

2023-02-28 18:41:16 - [TEST_STEP][PASSED] - appID = findTestData(dataFile).getValue("AppIDDemo", row): null

2023-02-28 18:41:16 - [TEST_STEP][PASSED] - username = findTestData(dataFile).getValue("UsernameDemo", row): null

2023-02-28 18:41:16 - [TEST_STEP][PASSED] - password = findTestData(dataFile).getValue("PasswordDemo", row): null

2023-02-28 18:41:16 - [TEST_STEP][PASSED] - break: null

2023-02-28 18:41:16 - [TEST_STEP][PASSED] - if (ExecuteTC.equalsIgnoreCase("Y")): null

2023-02-28 18:41:16 - [TEST_STEP][PASSED] - out.println("Begin Record Number: " + row): null

2023-02-28 18:41:16 - [TEST_STEP][PASSED] - today = new java.util.Date(): null

2023-02-28 18:41:16 - [TEST_STEP][PASSED] - println(today): null

2023-02-28 18:41:16 - [TEST_STEP][PASSED] - datText = today: null

2023-02-28 18:41:16 - [TEST_STEP][PASSED] - checkType = findTestData(dataFile).getValue("CheckType", row): null

2023-02-28 18:41:16 - [TEST_STEP][PASSED] - acNumber = findTestData(dataFile).getValue("AcNumber", row): null

2023-02-28 18:41:17 - [TEST_STEP][PASSED] - company = findTestData(dataFile).getValue("Company", row): null

2023-02-28 18:41:17 - [TEST_STEP][PASSED] - acType = findTestData(dataFile).getValue("AcType", row): null

2023-02-28 18:41:17 - [TEST_STEP][PASSED] - rtn = findTestData(dataFile).getValue("RTN", row): null

2023-02-28 18:41:17 - [TEST_STEP][PASSED] - amount = findTestData(dataFile).getValue("Amount", row): null

2023-02-28 18:41:17 - [TEST_STEP][PASSED] - sec = findTestData(dataFile).getValue("SEC", row): null

2023-02-28 18:41:17 - [TEST_STEP][PASSED] - openBrowser(VLinkURL + "debit.html"): Browser is opened with url: 'https://dev-algorithm.govolution.com/vlinktest/demo2/version_2_0/debit.html'

2023-02-28 18:41:17 - [MESSAGE][WARNING] - A browser is already opened. Closing browser and opening a new one

2023-02-28 18:41:18 - [MESSAGE][INFO] - Starting 'Chrome' driver

2023-02-28 18:41:18 - [MESSAGE][INFO] - User set preference: ['acceptInsecureCerts', 'true']

2023-02-28 18:41:18 - [MESSAGE][INFO] - Action delay is set to 0 milliseconds

2023-02-28 18:41:20 - [MESSAGE][PASSED] - Browser is opened with url: 'https://dev-algorithm.govolution.com/vlinktest/demo2/version_2_0/debit.html'

2023-02-28 18:41:20 - [TEST_STEP][PASSED] - maximizeWindow(): Current window maximized

2023-02-28 18:41:20 - [MESSAGE][PASSED] - Current window maximized

2023-02-28 18:41:20 - [TEST_STEP][PASSED] - genRemID = RandomStringUtils.random(12, true, true): null

2023-02-28 18:41:20 - [TEST_STEP][PASSED] - setText(findTestObject("RecAndPlayBk/Page-Vlink-Debit/input_Remittance Id"), genRemID): Text 'drfcoXeGnuqy' is set on object 'Object Repository/RecAndPlayBk/Page-Vlink-Debit/input_Remittance Id'

2023-02-28 18:41:20 - [MESSAGE][PASSED] - Text 'drfcoXeGnuqy' is set on object 'Object Repository/RecAndPlayBk/Page-Vlink-Debit/input_Remittance Id'

2023-02-28 18:41:20 - [TEST_STEP][PASSED] - setText(findTestObject("RecAndPlayBk/Page-Vlink-Debit/input_Application Id"), appID): Text '1773' is set on object 'Object Repository/RecAndPlayBk/Page-Vlink-Debit/input_Application Id'

2023-02-28 18:41:21 - [MESSAGE][PASSED] - Text '1773' is set on object 'Object Repository/RecAndPlayBk/Page-Vlink-Debit/input_Application Id'

2023-02-28 18:41:21 - [TEST_STEP][PASSED] - setText(findTestObject("RecAndPlayBk/Page-Vlink-Debit/input_Username"), username): Text 'Qq2BV1qtr' is set on object 'Object Repository/RecAndPlayBk/Page-Vlink-Debit/input_Username'

2023-02-28 18:41:22 - [MESSAGE][PASSED] - Text 'Qq2BV1qtr' is set on object 'Object Repository/RecAndPlayBk/Page-Vlink-Debit/input_Username'

2023-02-28 18:41:22 - [TEST_STEP][PASSED] - setText(findTestObject("RecAndPlayBk/Page-Vlink-Debit/input_Password"), password): Text 'tUmWBiLUx' is set on object 'Object Repository/RecAndPlayBk/Page-Vlink-Debit/input_Password'

2023-02-28 18:41:22 - [MESSAGE][PASSED] - Text 'tUmWBiLUx' is set on object 'Object Repository/RecAndPlayBk/Page-Vlink-Debit/input_Password'

2023-02-28 18:41:22 - [TEST_STEP][PASSED] - setText(findTestObject("RecAndPlayBk/Page-Vlink-Debit/input_Check Type"), checkType): Text 'P' is set on object 'Object Repository/RecAndPlayBk/Page-Vlink-Debit/input_Check Type'

2023-02-28 18:41:23 - [MESSAGE][PASSED] - Text 'P' is set on object 'Object Repository/RecAndPlayBk/Page-Vlink-Debit/input_Check Type'

2023-02-28 18:41:23 - [TEST_STEP][PASSED] - setText(findTestObject("RecAndPlayBk/Page-Vlink-Debit/input_Account_check"), acNumber): Text '58963214' is set on object 'Object Repository/RecAndPlayBk/Page-Vlink-Debit/input_Account_check'

2023-02-28 18:41:24 - [MESSAGE][PASSED] - Text '58963214' is set on object 'Object Repository/RecAndPlayBk/Page-Vlink-Debit/input_Account_check'

2023-02-28 18:41:24 - [TEST_STEP][PASSED] - setText(findTestObject("RecAndPlayBk/Page-Vlink-Debit/input_Company_check"), company): Text '' is set on object 'Object Repository/RecAndPlayBk/Page-Vlink-Debit/input_Company_check'

2023-02-28 18:41:24 - [MESSAGE][PASSED] - Text '' is set on object 'Object Repository/RecAndPlayBk/Page-Vlink-Debit/input_Company_check'

2023-02-28 18:41:24 - [TEST_STEP][PASSED] - setText(findTestObject("RecAndPlayBk/Page-Vlink-Debit/input_Account Type"), acType): Text '2' is set on object 'Object Repository/RecAndPlayBk/Page-Vlink-Debit/input_Account Type'

2023-02-28 18:41:25 - [MESSAGE][PASSED] - Text '2' is set on object 'Object Repository/RecAndPlayBk/Page-Vlink-Debit/input_Account Type'

2023-02-28 18:41:25 - [TEST_STEP][PASSED] - setText(findTestObject("RecAndPlayBk/Page-Vlink-Debit/input_Routing Number"), rtn): Text '256072691' is set on object 'Object Repository/RecAndPlayBk/Page-Vlink-Debit/input_Routing Number'

2023-02-28 18:41:25 - [MESSAGE][PASSED] - Text '256072691' is set on object 'Object Repository/RecAndPlayBk/Page-Vlink-Debit/input_Routing Number'

2023-02-28 18:41:25 - [TEST_STEP][PASSED] - setText(findTestObject("RecAndPlayBk/Page-Vlink-Debit/input_Amount"), amount): Text '12.50' is set on object 'Object Repository/RecAndPlayBk/Page-Vlink-Debit/input_Amount'

2023-02-28 18:41:26 - [MESSAGE][PASSED] - Text '12.50' is set on object 'Object Repository/RecAndPlayBk/Page-Vlink-Debit/input_Amount'

2023-02-28 18:41:26 - [TEST_STEP][PASSED] - setText(findTestObject("RecAndPlayBk/Page-Vlink-Debit/input_Check Email"), ""): Text '' is set on object 'Object Repository/RecAndPlayBk/Page-Vlink-Debit/input_Check Email'

2023-02-28 18:41:27 - [MESSAGE][PASSED] - Text '' is set on object 'Object Repository/RecAndPlayBk/Page-Vlink-Debit/input_Check Email'

2023-02-28 18:41:27 - [TEST_STEP][PASSED] - setText(findTestObject("Object Repository/RecAndPlayBk/Page-Vlink-Debit/input_concat(CheckWriter, , s SSN)_check_ssn"), ""): Text '' is set on object 'Object Repository/RecAndPlayBk/Page-Vlink-Debit/input_concat(CheckWriter, , s SSN)_check_ssn'

2023-02-28 18:41:27 - [MESSAGE][PASSED] - Text '' is set on object 'Object Repository/RecAndPlayBk/Page-Vlink-Debit/input_concat(CheckWriter, , s SSN)_check_ssn'

2023-02-28 18:41:27 - [TEST_STEP][PASSED] - setText(findTestObject("Object Repository/RecAndPlayBk/Page-Vlink-Debit/input_concat(CheckWriter, , s License Numbe_020fef"), ""): Text '' is set on object 'Object Repository/RecAndPlayBk/Page-Vlink-Debit/input_concat(CheckWriter, , s License Numbe_020fef'

2023-02-28 18:41:28 - [MESSAGE][PASSED] - Text '' is set on object 'Object Repository/RecAndPlayBk/Page-Vlink-Debit/input_concat(CheckWriter, , s License Numbe_020fef'

2023-02-28 18:41:28 - [TEST_STEP][PASSED] - setText(findTestObject("Object Repository/RecAndPlayBk/Page-Vlink-Debit/input_concat(CheckWriter, , s License State_21e3e7"), ""): Text '' is set on object 'Object Repository/RecAndPlayBk/Page-Vlink-Debit/input_concat(CheckWriter, , s License State_21e3e7'

2023-02-28 18:41:29 - [MESSAGE][PASSED] - Text '' is set on object 'Object Repository/RecAndPlayBk/Page-Vlink-Debit/input_concat(CheckWriter, , s License State_21e3e7'

2023-02-28 18:41:29 - [TEST_STEP][PASSED] - setText(findTestObject("RecAndPlayBk/Page-Vlink-Debit/input_Standard Entry Class"), sec): Text 'WEB' is set on object 'Object Repository/RecAndPlayBk/Page-Vlink-Debit/input_Standard Entry Class'

2023-02-28 18:41:29 - [MESSAGE][PASSED] - Text 'WEB' is set on object 'Object Repository/RecAndPlayBk/Page-Vlink-Debit/input_Standard Entry Class'

2023-02-28 18:41:29 - [TEST_STEP][PASSED] - click(findTestObject("Object Repository/RecAndPlayBk/Page-Vlink-Debit/input")): Object: 'Object Repository/RecAndPlayBk/Page-Vlink-Debit/input' is clicked on

2023-02-28 18:41:30 - [MESSAGE][PASSED] - Object: 'Object Repository/RecAndPlayBk/Page-Vlink-Debit/input' is clicked on

2023-02-28 18:41:30 - [TEST_STEP][PASSED] - if (verifyTextPresent("Transaction approved, no errors", true)): null

2023-02-28 18:41:30 - [MESSAGE][PASSED] - Text 'Transaction approved, no errors' is present on page  using regular expression

2023-02-28 18:41:30 - [TEST_STEP][PASSED] - println("Transaction Approved, no errors text is present on the Confirmation page"): null

2023-02-28 18:41:30 - [TEST_STEP][PASSED] - sdfo = getText(findTestObject("Object Repository/Page_VLinkReceipt/pre_STX")): Text of object 'Object Repository/Page_VLinkReceipt/pre_STX' is: '<STX>drfcoXeGnuqy                  2920818             0  Transaction approved, no errors                   0                                                                                                              <ETX>'

2023-02-28 18:41:31 - [MESSAGE][PASSED] - Text of object 'Object Repository/Page_VLinkReceipt/pre_STX' is: '<STX>drfcoXeGnuqy                  2920818             0  Transaction approved, no errors                   0                                                                                                              <ETX>'

2023-02-28 18:41:31 - [TEST_STEP][PASSED] - out.println("sdfo: " + sdfo): null

2023-02-28 18:41:31 - [TEST_STEP][PASSED] - remID = substring(5, 35).trim(): null

2023-02-28 18:41:31 - [TEST_STEP][PASSED] - out.println("remID: " + remID): null

2023-02-28 18:41:31 - [TEST_STEP][PASSED] - traxID = substring(35, 55).trim(): null

2023-02-28 18:41:31 - [TEST_STEP][PASSED] - out.println("traxID: " + traxID): null

2023-02-28 18:41:31 - [TEST_STEP][PASSED] - VLinkSaleRemID = remID: null

2023-02-28 18:41:31 - [TEST_STEP][PASSED] - VLinkSaleTranxID = traxID: null

2023-02-28 18:41:31 - [TEST_STEP][PASSED] - openBrowser(VLinkURL + "ACH_void.html"): Browser is opened with url: 'https://dev-algorithm.govolution.com/vlinktest/demo2/version_2_0/ACH_void.html'

2023-02-28 18:41:31 - [MESSAGE][WARNING] - A browser is already opened. Closing browser and opening a new one

2023-02-28 18:41:32 - [MESSAGE][INFO] - Starting 'Chrome' driver

2023-02-28 18:41:32 - [MESSAGE][INFO] - User set preference: ['acceptInsecureCerts', 'true']

2023-02-28 18:41:32 - [MESSAGE][INFO] - Action delay is set to 0 milliseconds

2023-02-28 18:41:33 - [MESSAGE][PASSED] - Browser is opened with url: 'https://dev-algorithm.govolution.com/vlinktest/demo2/version_2_0/ACH_void.html'

2023-02-28 18:41:33 - [TEST_STEP][PASSED] - maximizeWindow(): Current window maximized

2023-02-28 18:41:34 - [MESSAGE][PASSED] - Current window maximized

2023-02-28 18:41:34 - [TEST_STEP][PASSED] - setText(findTestObject("Object Repository/RecAndPlayBk/Page-Vlink-ACH-Void/input_Remittance Id"), VLinkSaleRemID): Text 'drfcoXeGnuqy' is set on object 'Object Repository/RecAndPlayBk/Page-Vlink-ACH-Void/input_Remittance Id'

2023-02-28 18:41:34 - [MESSAGE][PASSED] - Text 'drfcoXeGnuqy' is set on object 'Object Repository/RecAndPlayBk/Page-Vlink-ACH-Void/input_Remittance Id'

2023-02-28 18:41:34 - [TEST_STEP][PASSED] - setText(findTestObject("Object Repository/RecAndPlayBk/Page-Vlink-ACH-Void/input_Application Id"), appID): Text '1773' is set on object 'Object Repository/RecAndPlayBk/Page-Vlink-ACH-Void/input_Application Id'

2023-02-28 18:41:35 - [MESSAGE][PASSED] - Text '1773' is set on object 'Object Repository/RecAndPlayBk/Page-Vlink-ACH-Void/input_Application Id'

2023-02-28 18:41:35 - [TEST_STEP][PASSED] - setText(findTestObject("Object Repository/RecAndPlayBk/Page-Vlink-ACH-Void/input_Username"), username): Text 'Qq2BV1qtr' is set on object 'Object Repository/RecAndPlayBk/Page-Vlink-ACH-Void/input_Username'

2023-02-28 18:41:36 - [MESSAGE][PASSED] - Text 'Qq2BV1qtr' is set on object 'Object Repository/RecAndPlayBk/Page-Vlink-ACH-Void/input_Username'

2023-02-28 18:41:36 - [TEST_STEP][PASSED] - setText(findTestObject("Object Repository/RecAndPlayBk/Page-Vlink-ACH-Void/input_Password"), password): Text 'tUmWBiLUx' is set on object 'Object Repository/RecAndPlayBk/Page-Vlink-ACH-Void/input_Password'

2023-02-28 18:41:36 - [MESSAGE][PASSED] - Text 'tUmWBiLUx' is set on object 'Object Repository/RecAndPlayBk/Page-Vlink-ACH-Void/input_Password'

2023-02-28 18:41:36 - [TEST_STEP][PASSED] - setText(findTestObject("Object Repository/RecAndPlayBk/Page-Vlink-ACH-Void/input_Check Type"), checkType): Text 'P' is set on object 'Object Repository/RecAndPlayBk/Page-Vlink-ACH-Void/input_Check Type'

2023-02-28 18:41:37 - [MESSAGE][PASSED] - Text 'P' is set on object 'Object Repository/RecAndPlayBk/Page-Vlink-ACH-Void/input_Check Type'

2023-02-28 18:41:37 - [TEST_STEP][PASSED] - setText(findTestObject("Object Repository/RecAndPlayBk/Page-Vlink-ACH-Void/input_Standard Entry Class"), sec): Text 'WEB' is set on object 'Object Repository/RecAndPlayBk/Page-Vlink-ACH-Void/input_Standard Entry Class'

2023-02-28 18:41:37 - [MESSAGE][PASSED] - Text 'WEB' is set on object 'Object Repository/RecAndPlayBk/Page-Vlink-ACH-Void/input_Standard Entry Class'

2023-02-28 18:41:37 - [TEST_STEP][PASSED] - setText(findTestObject("Object Repository/RecAndPlayBk/Page-Vlink-ACH-Void/input_Transaction ID"), VLinkSaleTranxID): Text '2920818' is set on object 'Object Repository/RecAndPlayBk/Page-Vlink-ACH-Void/input_Transaction ID'

2023-02-28 18:41:38 - [MESSAGE][PASSED] - Text '2920818' is set on object 'Object Repository/RecAndPlayBk/Page-Vlink-ACH-Void/input_Transaction ID'

2023-02-28 18:41:38 - [TEST_STEP][PASSED] - setText(findTestObject("Object Repository/RecAndPlayBk/Page-Vlink-ACH-Void/input_Original Transaction Type"), "200"): Text '200' is set on object 'Object Repository/RecAndPlayBk/Page-Vlink-ACH-Void/input_Original Transaction Type'

2023-02-28 18:41:39 - [MESSAGE][PASSED] - Text '200' is set on object 'Object Repository/RecAndPlayBk/Page-Vlink-ACH-Void/input_Original Transaction Type'

2023-02-28 18:41:39 - [TEST_STEP][PASSED] - click(findTestObject("Object Repository/RecAndPlayBk/Page-Vlink-ACH-Void/input")): Object: 'Object Repository/RecAndPlayBk/Page-Vlink-ACH-Void/input' is clicked on

2023-02-28 18:41:39 - [MESSAGE][PASSED] - Object: 'Object Repository/RecAndPlayBk/Page-Vlink-ACH-Void/input' is clicked on

2023-02-28 18:41:39 - [TEST_STEP][PASSED] - if (verifyTextPresent("Transaction approved, no errors", true)): null

2023-02-28 18:41:40 - [MESSAGE][PASSED] - Text 'Transaction approved, no errors' is present on page  using regular expression

2023-02-28 18:41:40 - [TEST_STEP][PASSED] - println("Transaction Approved, no errors text is present on the Confirmation page"): null

2023-02-28 18:41:40 - [TEST_STEP][PASSED] - out.println("Pass Record Number: " + row): null

2023-02-28 18:41:40 - [TEST_STEP][PASSED] - resText = "Pass": null

2023-02-28 18:41:40 - [TEST_STEP][PASSED] - pages.WriteExcel.demoKey(resText, datText, resColumn, datCloumn, fileLoc, nameSheet, row): pages.WriteExcel.demoKey is PASSED

2023-02-28 18:41:40 - [MESSAGE][PASSED] - pages.WriteExcel.demoKey is PASSED

2023-02-28 18:41:40 - [TEST_STEP][PASSED] - ExecuteTC = findTestData(dataFile).getValue("Execute", row): null

2023-02-28 18:41:40 - [TEST_STEP][PASSED] - out.println("Value of Execute is : " + ExecuteTC): null

2023-02-28 18:41:40 - [TEST_STEP][PASSED] - switch (executionProfile): null

2023-02-28 18:41:40 - [TEST_STEP][PASSED] - case "Demo2Profile":: null

2023-02-28 18:41:40 - [TEST_STEP][PASSED] - appID = findTestData(dataFile).getValue("AppIDDemo", row): null

2023-02-28 18:41:40 - [TEST_STEP][PASSED] - username = findTestData(dataFile).getValue("UsernameDemo", row): null

2023-02-28 18:41:40 - [TEST_STEP][PASSED] - password = findTestData(dataFile).getValue("PasswordDemo", row): null

2023-02-28 18:41:40 - [TEST_STEP][PASSED] - break: null

2023-02-28 18:41:40 - [TEST_STEP][PASSED] - if (ExecuteTC.equalsIgnoreCase("Y")): null

2023-02-28 18:41:40 - [TEST_STEP][PASSED] - out.println("Begin Record Number: " + row): null

2023-02-28 18:41:40 - [TEST_STEP][PASSED] - today = new java.util.Date(): null

2023-02-28 18:41:40 - [TEST_STEP][PASSED] - println(today): null

2023-02-28 18:41:40 - [TEST_STEP][PASSED] - datText = today: null

2023-02-28 18:41:40 - [TEST_STEP][PASSED] - checkType = findTestData(dataFile).getValue("CheckType", row): null

2023-02-28 18:41:40 - [TEST_STEP][PASSED] - acNumber = findTestData(dataFile).getValue("AcNumber", row): null

2023-02-28 18:41:40 - [TEST_STEP][PASSED] - company = findTestData(dataFile).getValue("Company", row): null

2023-02-28 18:41:40 - [TEST_STEP][PASSED] - acType = findTestData(dataFile).getValue("AcType", row): null

2023-02-28 18:41:40 - [TEST_STEP][PASSED] - rtn = findTestData(dataFile).getValue("RTN", row): null

2023-02-28 18:41:40 - [TEST_STEP][PASSED] - amount = findTestData(dataFile).getValue("Amount", row): null

2023-02-28 18:41:40 - [TEST_STEP][PASSED] - sec = findTestData(dataFile).getValue("SEC", row): null

2023-02-28 18:41:40 - [TEST_STEP][PASSED] - openBrowser(VLinkURL + "debit.html"): Browser is opened with url: 'https://dev-algorithm.govolution.com/vlinktest/demo2/version_2_0/debit.html'

2023-02-28 18:41:40 - [MESSAGE][WARNING] - A browser is already opened. Closing browser and opening a new one

2023-02-28 18:41:41 - [MESSAGE][INFO] - Starting 'Chrome' driver

2023-02-28 18:41:41 - [MESSAGE][INFO] - User set preference: ['acceptInsecureCerts', 'true']

2023-02-28 18:41:41 - [MESSAGE][INFO] - Action delay is set to 0 milliseconds

2023-02-28 18:41:43 - [MESSAGE][PASSED] - Browser is opened with url: 'https://dev-algorithm.govolution.com/vlinktest/demo2/version_2_0/debit.html'

2023-02-28 18:41:43 - [TEST_STEP][PASSED] - maximizeWindow(): Current window maximized

2023-02-28 18:41:43 - [MESSAGE][PASSED] - Current window maximized

2023-02-28 18:41:43 - [TEST_STEP][PASSED] - genRemID = RandomStringUtils.random(12, true, true): null

2023-02-28 18:41:43 - [TEST_STEP][PASSED] - setText(findTestObject("RecAndPlayBk/Page-Vlink-Debit/input_Remittance Id"), genRemID): Text 'chPuSemjGzkQ' is set on object 'Object Repository/RecAndPlayBk/Page-Vlink-Debit/input_Remittance Id'

2023-02-28 18:41:44 - [MESSAGE][PASSED] - Text 'chPuSemjGzkQ' is set on object 'Object Repository/RecAndPlayBk/Page-Vlink-Debit/input_Remittance Id'

2023-02-28 18:41:44 - [TEST_STEP][PASSED] - setText(findTestObject("RecAndPlayBk/Page-Vlink-Debit/input_Application Id"), appID): Text '1773' is set on object 'Object Repository/RecAndPlayBk/Page-Vlink-Debit/input_Application Id'

2023-02-28 18:41:45 - [MESSAGE][PASSED] - Text '1773' is set on object 'Object Repository/RecAndPlayBk/Page-Vlink-Debit/input_Application Id'

2023-02-28 18:41:45 - [TEST_STEP][PASSED] - setText(findTestObject("RecAndPlayBk/Page-Vlink-Debit/input_Username"), username): Text 'Qq2BV1qtr' is set on object 'Object Repository/RecAndPlayBk/Page-Vlink-Debit/input_Username'

2023-02-28 18:41:45 - [MESSAGE][PASSED] - Text 'Qq2BV1qtr' is set on object 'Object Repository/RecAndPlayBk/Page-Vlink-Debit/input_Username'

2023-02-28 18:41:45 - [TEST_STEP][PASSED] - setText(findTestObject("RecAndPlayBk/Page-Vlink-Debit/input_Password"), password): Text 'tUmWBiLUx' is set on object 'Object Repository/RecAndPlayBk/Page-Vlink-Debit/input_Password'

2023-02-28 18:41:46 - [MESSAGE][PASSED] - Text 'tUmWBiLUx' is set on object 'Object Repository/RecAndPlayBk/Page-Vlink-Debit/input_Password'

2023-02-28 18:41:46 - [TEST_STEP][PASSED] - setText(findTestObject("RecAndPlayBk/Page-Vlink-Debit/input_Check Type"), checkType): Text 'P' is set on object 'Object Repository/RecAndPlayBk/Page-Vlink-Debit/input_Check Type'

2023-02-28 18:41:47 - [MESSAGE][PASSED] - Text 'P' is set on object 'Object Repository/RecAndPlayBk/Page-Vlink-Debit/input_Check Type'

2023-02-28 18:41:47 - [TEST_STEP][PASSED] - setText(findTestObject("RecAndPlayBk/Page-Vlink-Debit/input_Account_check"), acNumber): Text '58963214' is set on object 'Object Repository/RecAndPlayBk/Page-Vlink-Debit/input_Account_check'

2023-02-28 18:41:47 - [MESSAGE][PASSED] - Text '58963214' is set on object 'Object Repository/RecAndPlayBk/Page-Vlink-Debit/input_Account_check'

2023-02-28 18:41:47 - [TEST_STEP][PASSED] - setText(findTestObject("RecAndPlayBk/Page-Vlink-Debit/input_Company_check"), company): Text '' is set on object 'Object Repository/RecAndPlayBk/Page-Vlink-Debit/input_Company_check'

2023-02-28 18:41:48 - [MESSAGE][PASSED] - Text '' is set on object 'Object Repository/RecAndPlayBk/Page-Vlink-Debit/input_Company_check'

2023-02-28 18:41:48 - [TEST_STEP][PASSED] - setText(findTestObject("RecAndPlayBk/Page-Vlink-Debit/input_Account Type"), acType): Text '2' is set on object 'Object Repository/RecAndPlayBk/Page-Vlink-Debit/input_Account Type'

2023-02-28 18:41:48 - [MESSAGE][PASSED] - Text '2' is set on object 'Object Repository/RecAndPlayBk/Page-Vlink-Debit/input_Account Type'

2023-02-28 18:41:48 - [TEST_STEP][PASSED] - setText(findTestObject("RecAndPlayBk/Page-Vlink-Debit/input_Routing Number"), rtn): Text '256072691' is set on object 'Object Repository/RecAndPlayBk/Page-Vlink-Debit/input_Routing Number'

2023-02-28 18:41:49 - [MESSAGE][PASSED] - Text '256072691' is set on object 'Object Repository/RecAndPlayBk/Page-Vlink-Debit/input_Routing Number'

2023-02-28 18:41:49 - [TEST_STEP][PASSED] - setText(findTestObject("RecAndPlayBk/Page-Vlink-Debit/input_Amount"), amount): Text '12.50' is set on object 'Object Repository/RecAndPlayBk/Page-Vlink-Debit/input_Amount'

2023-02-28 18:41:50 - [MESSAGE][PASSED] - Text '12.50' is set on object 'Object Repository/RecAndPlayBk/Page-Vlink-Debit/input_Amount'

2023-02-28 18:41:50 - [TEST_STEP][PASSED] - setText(findTestObject("RecAndPlayBk/Page-Vlink-Debit/input_Check Email"), ""): Text '' is set on object 'Object Repository/RecAndPlayBk/Page-Vlink-Debit/input_Check Email'

2023-02-28 18:41:50 - [MESSAGE][PASSED] - Text '' is set on object 'Object Repository/RecAndPlayBk/Page-Vlink-Debit/input_Check Email'

2023-02-28 18:41:50 - [TEST_STEP][PASSED] - setText(findTestObject("Object Repository/RecAndPlayBk/Page-Vlink-Debit/input_concat(CheckWriter, , s SSN)_check_ssn"), ""): Text '' is set on object 'Object Repository/RecAndPlayBk/Page-Vlink-Debit/input_concat(CheckWriter, , s SSN)_check_ssn'

2023-02-28 18:41:51 - [MESSAGE][PASSED] - Text '' is set on object 'Object Repository/RecAndPlayBk/Page-Vlink-Debit/input_concat(CheckWriter, , s SSN)_check_ssn'

2023-02-28 18:41:51 - [TEST_STEP][PASSED] - setText(findTestObject("Object Repository/RecAndPlayBk/Page-Vlink-Debit/input_concat(CheckWriter, , s License Numbe_020fef"), ""): Text '' is set on object 'Object Repository/RecAndPlayBk/Page-Vlink-Debit/input_concat(CheckWriter, , s License Numbe_020fef'

2023-02-28 18:41:52 - [MESSAGE][PASSED] - Text '' is set on object 'Object Repository/RecAndPlayBk/Page-Vlink-Debit/input_concat(CheckWriter, , s License Numbe_020fef'

2023-02-28 18:41:52 - [TEST_STEP][PASSED] - setText(findTestObject("Object Repository/RecAndPlayBk/Page-Vlink-Debit/input_concat(CheckWriter, , s License State_21e3e7"), ""): Text '' is set on object 'Object Repository/RecAndPlayBk/Page-Vlink-Debit/input_concat(CheckWriter, , s License State_21e3e7'

2023-02-28 18:41:52 - [MESSAGE][PASSED] - Text '' is set on object 'Object Repository/RecAndPlayBk/Page-Vlink-Debit/input_concat(CheckWriter, , s License State_21e3e7'

2023-02-28 18:41:52 - [TEST_STEP][PASSED] - setText(findTestObject("RecAndPlayBk/Page-Vlink-Debit/input_Standard Entry Class"), sec): Text 'TEL' is set on object 'Object Repository/RecAndPlayBk/Page-Vlink-Debit/input_Standard Entry Class'

2023-02-28 18:41:53 - [MESSAGE][PASSED] - Text 'TEL' is set on object 'Object Repository/RecAndPlayBk/Page-Vlink-Debit/input_Standard Entry Class'

2023-02-28 18:41:53 - [TEST_STEP][PASSED] - click(findTestObject("Object Repository/RecAndPlayBk/Page-Vlink-Debit/input")): Object: 'Object Repository/RecAndPlayBk/Page-Vlink-Debit/input' is clicked on

2023-02-28 18:41:54 - [MESSAGE][PASSED] - Object: 'Object Repository/RecAndPlayBk/Page-Vlink-Debit/input' is clicked on

2023-02-28 18:41:54 - [TEST_STEP][PASSED] - if (verifyTextPresent("Transaction approved, no errors", true)): null

2023-02-28 18:41:54 - [MESSAGE][PASSED] - Text 'Transaction approved, no errors' is present on page  using regular expression

2023-02-28 18:41:54 - [TEST_STEP][PASSED] - println("Transaction Approved, no errors text is present on the Confirmation page"): null

2023-02-28 18:41:54 - [TEST_STEP][PASSED] - sdfo = getText(findTestObject("Object Repository/Page_VLinkReceipt/pre_STX")): Text of object 'Object Repository/Page_VLinkReceipt/pre_STX' is: '<STX>chPuSemjGzkQ                  2920820             0  Transaction approved, no errors                   0                                                                                                              <ETX>'

2023-02-28 18:41:54 - [MESSAGE][PASSED] - Text of object 'Object Repository/Page_VLinkReceipt/pre_STX' is: '<STX>chPuSemjGzkQ                  2920820             0  Transaction approved, no errors                   0                                                                                                              <ETX>'

2023-02-28 18:41:54 - [TEST_STEP][PASSED] - out.println("sdfo: " + sdfo): null

2023-02-28 18:41:54 - [TEST_STEP][PASSED] - remID = substring(5, 35).trim(): null

2023-02-28 18:41:54 - [TEST_STEP][PASSED] - out.println("remID: " + remID): null

2023-02-28 18:41:54 - [TEST_STEP][PASSED] - traxID = substring(35, 55).trim(): null

2023-02-28 18:41:54 - [TEST_STEP][PASSED] - out.println("traxID: " + traxID): null

2023-02-28 18:41:54 - [TEST_STEP][PASSED] - VLinkSaleRemID = remID: null

2023-02-28 18:41:54 - [TEST_STEP][PASSED] - VLinkSaleTranxID = traxID: null

2023-02-28 18:41:54 - [TEST_STEP][PASSED] - openBrowser(VLinkURL + "ACH_void.html"): Browser is opened with url: 'https://dev-algorithm.govolution.com/vlinktest/demo2/version_2_0/ACH_void.html'

2023-02-28 18:41:54 - [MESSAGE][WARNING] - A browser is already opened. Closing browser and opening a new one

2023-02-28 18:41:55 - [MESSAGE][INFO] - Starting 'Chrome' driver

2023-02-28 18:41:55 - [MESSAGE][INFO] - User set preference: ['acceptInsecureCerts', 'true']

2023-02-28 18:41:55 - [MESSAGE][INFO] - Action delay is set to 0 milliseconds

2023-02-28 18:41:57 - [MESSAGE][PASSED] - Browser is opened with url: 'https://dev-algorithm.govolution.com/vlinktest/demo2/version_2_0/ACH_void.html'

2023-02-28 18:41:57 - [TEST_STEP][PASSED] - maximizeWindow(): Current window maximized

2023-02-28 18:41:57 - [MESSAGE][PASSED] - Current window maximized

2023-02-28 18:41:57 - [TEST_STEP][PASSED] - setText(findTestObject("Object Repository/RecAndPlayBk/Page-Vlink-ACH-Void/input_Remittance Id"), VLinkSaleRemID): Text 'chPuSemjGzkQ' is set on object 'Object Repository/RecAndPlayBk/Page-Vlink-ACH-Void/input_Remittance Id'

2023-02-28 18:41:58 - [MESSAGE][PASSED] - Text 'chPuSemjGzkQ' is set on object 'Object Repository/RecAndPlayBk/Page-Vlink-ACH-Void/input_Remittance Id'

2023-02-28 18:41:58 - [TEST_STEP][PASSED] - setText(findTestObject("Object Repository/RecAndPlayBk/Page-Vlink-ACH-Void/input_Application Id"), appID): Text '1773' is set on object 'Object Repository/RecAndPlayBk/Page-Vlink-ACH-Void/input_Application Id'

2023-02-28 18:41:58 - [MESSAGE][PASSED] - Text '1773' is set on object 'Object Repository/RecAndPlayBk/Page-Vlink-ACH-Void/input_Application Id'

2023-02-28 18:41:58 - [TEST_STEP][PASSED] - setText(findTestObject("Object Repository/RecAndPlayBk/Page-Vlink-ACH-Void/input_Username"), username): Text 'Qq2BV1qtr' is set on object 'Object Repository/RecAndPlayBk/Page-Vlink-ACH-Void/input_Username'

2023-02-28 18:41:59 - [MESSAGE][PASSED] - Text 'Qq2BV1qtr' is set on object 'Object Repository/RecAndPlayBk/Page-Vlink-ACH-Void/input_Username'

2023-02-28 18:41:59 - [TEST_STEP][PASSED] - setText(findTestObject("Object Repository/RecAndPlayBk/Page-Vlink-ACH-Void/input_Password"), password): Text 'tUmWBiLUx' is set on object 'Object Repository/RecAndPlayBk/Page-Vlink-ACH-Void/input_Password'

2023-02-28 18:42:00 - [MESSAGE][PASSED] - Text 'tUmWBiLUx' is set on object 'Object Repository/RecAndPlayBk/Page-Vlink-ACH-Void/input_Password'

2023-02-28 18:42:00 - [TEST_STEP][PASSED] - setText(findTestObject("Object Repository/RecAndPlayBk/Page-Vlink-ACH-Void/input_Check Type"), checkType): Text 'P' is set on object 'Object Repository/RecAndPlayBk/Page-Vlink-ACH-Void/input_Check Type'

2023-02-28 18:42:00 - [MESSAGE][PASSED] - Text 'P' is set on object 'Object Repository/RecAndPlayBk/Page-Vlink-ACH-Void/input_Check Type'

2023-02-28 18:42:00 - [TEST_STEP][PASSED] - setText(findTestObject("Object Repository/RecAndPlayBk/Page-Vlink-ACH-Void/input_Standard Entry Class"), sec): Text 'TEL' is set on object 'Object Repository/RecAndPlayBk/Page-Vlink-ACH-Void/input_Standard Entry Class'

2023-02-28 18:42:01 - [MESSAGE][PASSED] - Text 'TEL' is set on object 'Object Repository/RecAndPlayBk/Page-Vlink-ACH-Void/input_Standard Entry Class'

2023-02-28 18:42:01 - [TEST_STEP][PASSED] - setText(findTestObject("Object Repository/RecAndPlayBk/Page-Vlink-ACH-Void/input_Transaction ID"), VLinkSaleTranxID): Text '2920820' is set on object 'Object Repository/RecAndPlayBk/Page-Vlink-ACH-Void/input_Transaction ID'

2023-02-28 18:42:02 - [MESSAGE][PASSED] - Text '2920820' is set on object 'Object Repository/RecAndPlayBk/Page-Vlink-ACH-Void/input_Transaction ID'

2023-02-28 18:42:02 - [TEST_STEP][PASSED] - setText(findTestObject("Object Repository/RecAndPlayBk/Page-Vlink-ACH-Void/input_Original Transaction Type"), "200"): Text '200' is set on object 'Object Repository/RecAndPlayBk/Page-Vlink-ACH-Void/input_Original Transaction Type'

2023-02-28 18:42:02 - [MESSAGE][PASSED] - Text '200' is set on object 'Object Repository/RecAndPlayBk/Page-Vlink-ACH-Void/input_Original Transaction Type'

2023-02-28 18:42:02 - [TEST_STEP][PASSED] - click(findTestObject("Object Repository/RecAndPlayBk/Page-Vlink-ACH-Void/input")): Object: 'Object Repository/RecAndPlayBk/Page-Vlink-ACH-Void/input' is clicked on

2023-02-28 18:42:03 - [MESSAGE][PASSED] - Object: 'Object Repository/RecAndPlayBk/Page-Vlink-ACH-Void/input' is clicked on

2023-02-28 18:42:03 - [TEST_STEP][PASSED] - if (verifyTextPresent("Transaction approved, no errors", true)): null

2023-02-28 18:42:03 - [MESSAGE][PASSED] - Text 'Transaction approved, no errors' is present on page  using regular expression

2023-02-28 18:42:03 - [TEST_STEP][PASSED] - println("Transaction Approved, no errors text is present on the Confirmation page"): null

2023-02-28 18:42:03 - [TEST_STEP][PASSED] - out.println("Pass Record Number: " + row): null

2023-02-28 18:42:03 - [TEST_STEP][PASSED] - resText = "Pass": null

2023-02-28 18:42:03 - [TEST_STEP][PASSED] - pages.WriteExcel.demoKey(resText, datText, resColumn, datCloumn, fileLoc, nameSheet, row): pages.WriteExcel.demoKey is PASSED

2023-02-28 18:42:03 - [MESSAGE][PASSED] - pages.WriteExcel.demoKey is PASSED

2023-02-28 18:42:03 - [TEST_STEP][PASSED] - ExecuteTC = findTestData(dataFile).getValue("Execute", row): null

2023-02-28 18:42:03 - [TEST_STEP][PASSED] - out.println("Value of Execute is : " + ExecuteTC): null

2023-02-28 18:42:03 - [TEST_STEP][PASSED] - switch (executionProfile): null

2023-02-28 18:42:03 - [TEST_STEP][PASSED] - case "Demo2Profile":: null

2023-02-28 18:42:03 - [TEST_STEP][PASSED] - appID = findTestData(dataFile).getValue("AppIDDemo", row): null

2023-02-28 18:42:04 - [TEST_STEP][PASSED] - username = findTestData(dataFile).getValue("UsernameDemo", row): null

2023-02-28 18:42:04 - [TEST_STEP][PASSED] - password = findTestData(dataFile).getValue("PasswordDemo", row): null

2023-02-28 18:42:04 - [TEST_STEP][PASSED] - break: null

2023-02-28 18:42:04 - [TEST_STEP][PASSED] - if (ExecuteTC.equalsIgnoreCase("Y")): null

2023-02-28 18:42:04 - [TEST_STEP][PASSED] - out.println("Begin Record Number: " + row): null

2023-02-28 18:42:04 - [TEST_STEP][PASSED] - today = new java.util.Date(): null

2023-02-28 18:42:04 - [TEST_STEP][PASSED] - println(today): null

2023-02-28 18:42:04 - [TEST_STEP][PASSED] - datText = today: null

2023-02-28 18:42:04 - [TEST_STEP][PASSED] - checkType = findTestData(dataFile).getValue("CheckType", row): null

2023-02-28 18:42:04 - [TEST_STEP][PASSED] - acNumber = findTestData(dataFile).getValue("AcNumber", row): null

2023-02-28 18:42:04 - [TEST_STEP][PASSED] - company = findTestData(dataFile).getValue("Company", row): null

2023-02-28 18:42:04 - [TEST_STEP][PASSED] - acType = findTestData(dataFile).getValue("AcType", row): null

2023-02-28 18:42:04 - [TEST_STEP][PASSED] - rtn = findTestData(dataFile).getValue("RTN", row): null

2023-02-28 18:42:04 - [TEST_STEP][PASSED] - amount = findTestData(dataFile).getValue("Amount", row): null

2023-02-28 18:42:04 - [TEST_STEP][PASSED] - sec = findTestData(dataFile).getValue("SEC", row): null

2023-02-28 18:42:04 - [TEST_STEP][PASSED] - openBrowser(VLinkURL + "debit.html"): Browser is opened with url: 'https://dev-algorithm.govolution.com/vlinktest/demo2/version_2_0/debit.html'

2023-02-28 18:42:04 - [MESSAGE][WARNING] - A browser is already opened. Closing browser and opening a new one

2023-02-28 18:42:05 - [MESSAGE][INFO] - Starting 'Chrome' driver

2023-02-28 18:42:05 - [MESSAGE][INFO] - User set preference: ['acceptInsecureCerts', 'true']

2023-02-28 18:42:05 - [MESSAGE][INFO] - Action delay is set to 0 milliseconds

2023-02-28 18:42:07 - [MESSAGE][PASSED] - Browser is opened with url: 'https://dev-algorithm.govolution.com/vlinktest/demo2/version_2_0/debit.html'

2023-02-28 18:42:07 - [TEST_STEP][PASSED] - maximizeWindow(): Current window maximized

2023-02-28 18:42:07 - [MESSAGE][PASSED] - Current window maximized

2023-02-28 18:42:07 - [TEST_STEP][PASSED] - genRemID = RandomStringUtils.random(12, true, true): null

2023-02-28 18:42:07 - [TEST_STEP][PASSED] - setText(findTestObject("RecAndPlayBk/Page-Vlink-Debit/input_Remittance Id"), genRemID): Text 'K1G3SRGIMcfR' is set on object 'Object Repository/RecAndPlayBk/Page-Vlink-Debit/input_Remittance Id'

2023-02-28 18:42:08 - [MESSAGE][PASSED] - Text 'K1G3SRGIMcfR' is set on object 'Object Repository/RecAndPlayBk/Page-Vlink-Debit/input_Remittance Id'

2023-02-28 18:42:08 - [TEST_STEP][PASSED] - setText(findTestObject("RecAndPlayBk/Page-Vlink-Debit/input_Application Id"), appID): Text '1773' is set on object 'Object Repository/RecAndPlayBk/Page-Vlink-Debit/input_Application Id'

2023-02-28 18:42:08 - [MESSAGE][PASSED] - Text '1773' is set on object 'Object Repository/RecAndPlayBk/Page-Vlink-Debit/input_Application Id'

2023-02-28 18:42:08 - [TEST_STEP][PASSED] - setText(findTestObject("RecAndPlayBk/Page-Vlink-Debit/input_Username"), username): Text 'Qq2BV1qtr' is set on object 'Object Repository/RecAndPlayBk/Page-Vlink-Debit/input_Username'

2023-02-28 18:42:09 - [MESSAGE][PASSED] - Text 'Qq2BV1qtr' is set on object 'Object Repository/RecAndPlayBk/Page-Vlink-Debit/input_Username'

2023-02-28 18:42:09 - [TEST_STEP][PASSED] - setText(findTestObject("RecAndPlayBk/Page-Vlink-Debit/input_Password"), password): Text 'tUmWBiLUx' is set on object 'Object Repository/RecAndPlayBk/Page-Vlink-Debit/input_Password'

2023-02-28 18:42:10 - [MESSAGE][PASSED] - Text 'tUmWBiLUx' is set on object 'Object Repository/RecAndPlayBk/Page-Vlink-Debit/input_Password'

2023-02-28 18:42:10 - [TEST_STEP][PASSED] - setText(findTestObject("RecAndPlayBk/Page-Vlink-Debit/input_Check Type"), checkType): Text 'P' is set on object 'Object Repository/RecAndPlayBk/Page-Vlink-Debit/input_Check Type'

2023-02-28 18:42:10 - [MESSAGE][PASSED] - Text 'P' is set on object 'Object Repository/RecAndPlayBk/Page-Vlink-Debit/input_Check Type'

2023-02-28 18:42:10 - [TEST_STEP][PASSED] - setText(findTestObject("RecAndPlayBk/Page-Vlink-Debit/input_Account_check"), acNumber): Text '58963214' is set on object 'Object Repository/RecAndPlayBk/Page-Vlink-Debit/input_Account_check'

2023-02-28 18:42:11 - [MESSAGE][PASSED] - Text '58963214' is set on object 'Object Repository/RecAndPlayBk/Page-Vlink-Debit/input_Account_check'

2023-02-28 18:42:11 - [TEST_STEP][PASSED] - setText(findTestObject("RecAndPlayBk/Page-Vlink-Debit/input_Company_check"), company): Text '' is set on object 'Object Repository/RecAndPlayBk/Page-Vlink-Debit/input_Company_check'

2023-02-28 18:42:12 - [MESSAGE][PASSED] - Text '' is set on object 'Object Repository/RecAndPlayBk/Page-Vlink-Debit/input_Company_check'

2023-02-28 18:42:12 - [TEST_STEP][PASSED] - setText(findTestObject("RecAndPlayBk/Page-Vlink-Debit/input_Account Type"), acType): Text '2' is set on object 'Object Repository/RecAndPlayBk/Page-Vlink-Debit/input_Account Type'

2023-02-28 18:42:12 - [MESSAGE][PASSED] - Text '2' is set on object 'Object Repository/RecAndPlayBk/Page-Vlink-Debit/input_Account Type'

2023-02-28 18:42:12 - [TEST_STEP][PASSED] - setText(findTestObject("RecAndPlayBk/Page-Vlink-Debit/input_Routing Number"), rtn): Text '256072691' is set on object 'Object Repository/RecAndPlayBk/Page-Vlink-Debit/input_Routing Number'

2023-02-28 18:42:13 - [MESSAGE][PASSED] - Text '256072691' is set on object 'Object Repository/RecAndPlayBk/Page-Vlink-Debit/input_Routing Number'

2023-02-28 18:42:13 - [TEST_STEP][PASSED] - setText(findTestObject("RecAndPlayBk/Page-Vlink-Debit/input_Amount"), amount): Text '12.50' is set on object 'Object Repository/RecAndPlayBk/Page-Vlink-Debit/input_Amount'

2023-02-28 18:42:13 - [MESSAGE][PASSED] - Text '12.50' is set on object 'Object Repository/RecAndPlayBk/Page-Vlink-Debit/input_Amount'

2023-02-28 18:42:13 - [TEST_STEP][PASSED] - setText(findTestObject("RecAndPlayBk/Page-Vlink-Debit/input_Check Email"), ""): Text '' is set on object 'Object Repository/RecAndPlayBk/Page-Vlink-Debit/input_Check Email'

2023-02-28 18:42:14 - [MESSAGE][PASSED] - Text '' is set on object 'Object Repository/RecAndPlayBk/Page-Vlink-Debit/input_Check Email'

2023-02-28 18:42:14 - [TEST_STEP][PASSED] - setText(findTestObject("Object Repository/RecAndPlayBk/Page-Vlink-Debit/input_concat(CheckWriter, , s SSN)_check_ssn"), ""): Text '' is set on object 'Object Repository/RecAndPlayBk/Page-Vlink-Debit/input_concat(CheckWriter, , s SSN)_check_ssn'

2023-02-28 18:42:15 - [MESSAGE][PASSED] - Text '' is set on object 'Object Repository/RecAndPlayBk/Page-Vlink-Debit/input_concat(CheckWriter, , s SSN)_check_ssn'

2023-02-28 18:42:15 - [TEST_STEP][PASSED] - setText(findTestObject("Object Repository/RecAndPlayBk/Page-Vlink-Debit/input_concat(CheckWriter, , s License Numbe_020fef"), ""): Text '' is set on object 'Object Repository/RecAndPlayBk/Page-Vlink-Debit/input_concat(CheckWriter, , s License Numbe_020fef'

2023-02-28 18:42:15 - [MESSAGE][PASSED] - Text '' is set on object 'Object Repository/RecAndPlayBk/Page-Vlink-Debit/input_concat(CheckWriter, , s License Numbe_020fef'

2023-02-28 18:42:15 - [TEST_STEP][PASSED] - setText(findTestObject("Object Repository/RecAndPlayBk/Page-Vlink-Debit/input_concat(CheckWriter, , s License State_21e3e7"), ""): Text '' is set on object 'Object Repository/RecAndPlayBk/Page-Vlink-Debit/input_concat(CheckWriter, , s License State_21e3e7'

2023-02-28 18:42:16 - [MESSAGE][PASSED] - Text '' is set on object 'Object Repository/RecAndPlayBk/Page-Vlink-Debit/input_concat(CheckWriter, , s License State_21e3e7'

2023-02-28 18:42:16 - [TEST_STEP][PASSED] - setText(findTestObject("RecAndPlayBk/Page-Vlink-Debit/input_Standard Entry Class"), sec): Text 'PPD' is set on object 'Object Repository/RecAndPlayBk/Page-Vlink-Debit/input_Standard Entry Class'

2023-02-28 18:42:17 - [MESSAGE][PASSED] - Text 'PPD' is set on object 'Object Repository/RecAndPlayBk/Page-Vlink-Debit/input_Standard Entry Class'

2023-02-28 18:42:17 - [TEST_STEP][PASSED] - click(findTestObject("Object Repository/RecAndPlayBk/Page-Vlink-Debit/input")): Object: 'Object Repository/RecAndPlayBk/Page-Vlink-Debit/input' is clicked on

2023-02-28 18:42:17 - [MESSAGE][PASSED] - Object: 'Object Repository/RecAndPlayBk/Page-Vlink-Debit/input' is clicked on

2023-02-28 18:42:17 - [TEST_STEP][PASSED] - if (verifyTextPresent("Transaction approved, no errors", true)): null

2023-02-28 18:42:18 - [MESSAGE][PASSED] - Text 'Transaction approved, no errors' is present on page  using regular expression

2023-02-28 18:42:18 - [TEST_STEP][PASSED] - println("Transaction Approved, no errors text is present on the Confirmation page"): null

2023-02-28 18:42:18 - [TEST_STEP][PASSED] - sdfo = getText(findTestObject("Object Repository/Page_VLinkReceipt/pre_STX")): Text of object 'Object Repository/Page_VLinkReceipt/pre_STX' is: '<STX>K1G3SRGIMcfR                  2920822             0  Transaction approved, no errors                   0                                                                                                              <ETX>'

2023-02-28 18:42:18 - [MESSAGE][PASSED] - Text of object 'Object Repository/Page_VLinkReceipt/pre_STX' is: '<STX>K1G3SRGIMcfR                  2920822             0  Transaction approved, no errors                   0                                                                                                              <ETX>'

2023-02-28 18:42:18 - [TEST_STEP][PASSED] - out.println("sdfo: " + sdfo): null

2023-02-28 18:42:18 - [TEST_STEP][PASSED] - remID = substring(5, 35).trim(): null

2023-02-28 18:42:18 - [TEST_STEP][PASSED] - out.println("remID: " + remID): null

2023-02-28 18:42:18 - [TEST_STEP][PASSED] - traxID = substring(35, 55).trim(): null

2023-02-28 18:42:18 - [TEST_STEP][PASSED] - out.println("traxID: " + traxID): null

2023-02-28 18:42:18 - [TEST_STEP][PASSED] - VLinkSaleRemID = remID: null

2023-02-28 18:42:18 - [TEST_STEP][PASSED] - VLinkSaleTranxID = traxID: null

2023-02-28 18:42:18 - [TEST_STEP][PASSED] - openBrowser(VLinkURL + "ACH_void.html"): Browser is opened with url: 'https://dev-algorithm.govolution.com/vlinktest/demo2/version_2_0/ACH_void.html'

2023-02-28 18:42:18 - [MESSAGE][WARNING] - A browser is already opened. Closing browser and opening a new one

2023-02-28 18:42:19 - [MESSAGE][INFO] - Starting 'Chrome' driver

2023-02-28 18:42:19 - [MESSAGE][INFO] - User set preference: ['acceptInsecureCerts', 'true']

2023-02-28 18:42:19 - [MESSAGE][INFO] - Action delay is set to 0 milliseconds

2023-02-28 18:42:20 - [MESSAGE][PASSED] - Browser is opened with url: 'https://dev-algorithm.govolution.com/vlinktest/demo2/version_2_0/ACH_void.html'

2023-02-28 18:42:20 - [TEST_STEP][PASSED] - maximizeWindow(): Current window maximized

2023-02-28 18:42:21 - [MESSAGE][PASSED] - Current window maximized

2023-02-28 18:42:21 - [TEST_STEP][PASSED] - setText(findTestObject("Object Repository/RecAndPlayBk/Page-Vlink-ACH-Void/input_Remittance Id"), VLinkSaleRemID): Text 'K1G3SRGIMcfR' is set on object 'Object Repository/RecAndPlayBk/Page-Vlink-ACH-Void/input_Remittance Id'

2023-02-28 18:42:21 - [MESSAGE][PASSED] - Text 'K1G3SRGIMcfR' is set on object 'Object Repository/RecAndPlayBk/Page-Vlink-ACH-Void/input_Remittance Id'

2023-02-28 18:42:21 - [TEST_STEP][PASSED] - setText(findTestObject("Object Repository/RecAndPlayBk/Page-Vlink-ACH-Void/input_Application Id"), appID): Text '1773' is set on object 'Object Repository/RecAndPlayBk/Page-Vlink-ACH-Void/input_Application Id'

2023-02-28 18:42:22 - [MESSAGE][PASSED] - Text '1773' is set on object 'Object Repository/RecAndPlayBk/Page-Vlink-ACH-Void/input_Application Id'

2023-02-28 18:42:22 - [TEST_STEP][PASSED] - setText(findTestObject("Object Repository/RecAndPlayBk/Page-Vlink-ACH-Void/input_Username"), username): Text 'Qq2BV1qtr' is set on object 'Object Repository/RecAndPlayBk/Page-Vlink-ACH-Void/input_Username'

2023-02-28 18:42:23 - [MESSAGE][PASSED] - Text 'Qq2BV1qtr' is set on object 'Object Repository/RecAndPlayBk/Page-Vlink-ACH-Void/input_Username'

2023-02-28 18:42:23 - [TEST_STEP][PASSED] - setText(findTestObject("Object Repository/RecAndPlayBk/Page-Vlink-ACH-Void/input_Password"), password): Text 'tUmWBiLUx' is set on object 'Object Repository/RecAndPlayBk/Page-Vlink-ACH-Void/input_Password'

2023-02-28 18:42:23 - [MESSAGE][PASSED] - Text 'tUmWBiLUx' is set on object 'Object Repository/RecAndPlayBk/Page-Vlink-ACH-Void/input_Password'

2023-02-28 18:42:23 - [TEST_STEP][PASSED] - setText(findTestObject("Object Repository/RecAndPlayBk/Page-Vlink-ACH-Void/input_Check Type"), checkType): Text 'P' is set on object 'Object Repository/RecAndPlayBk/Page-Vlink-ACH-Void/input_Check Type'

2023-02-28 18:42:24 - [MESSAGE][PASSED] - Text 'P' is set on object 'Object Repository/RecAndPlayBk/Page-Vlink-ACH-Void/input_Check Type'

2023-02-28 18:42:24 - [TEST_STEP][PASSED] - setText(findTestObject("Object Repository/RecAndPlayBk/Page-Vlink-ACH-Void/input_Standard Entry Class"), sec): Text 'PPD' is set on object 'Object Repository/RecAndPlayBk/Page-Vlink-ACH-Void/input_Standard Entry Class'

2023-02-28 18:42:24 - [MESSAGE][PASSED] - Text 'PPD' is set on object 'Object Repository/RecAndPlayBk/Page-Vlink-ACH-Void/input_Standard Entry Class'

2023-02-28 18:42:24 - [TEST_STEP][PASSED] - setText(findTestObject("Object Repository/RecAndPlayBk/Page-Vlink-ACH-Void/input_Transaction ID"), VLinkSaleTranxID): Text '2920822' is set on object 'Object Repository/RecAndPlayBk/Page-Vlink-ACH-Void/input_Transaction ID'

2023-02-28 18:42:25 - [MESSAGE][PASSED] - Text '2920822' is set on object 'Object Repository/RecAndPlayBk/Page-Vlink-ACH-Void/input_Transaction ID'

2023-02-28 18:42:25 - [TEST_STEP][PASSED] - setText(findTestObject("Object Repository/RecAndPlayBk/Page-Vlink-ACH-Void/input_Original Transaction Type"), "200"): Text '200' is set on object 'Object Repository/RecAndPlayBk/Page-Vlink-ACH-Void/input_Original Transaction Type'

2023-02-28 18:42:26 - [MESSAGE][PASSED] - Text '200' is set on object 'Object Repository/RecAndPlayBk/Page-Vlink-ACH-Void/input_Original Transaction Type'

2023-02-28 18:42:26 - [TEST_STEP][PASSED] - click(findTestObject("Object Repository/RecAndPlayBk/Page-Vlink-ACH-Void/input")): Object: 'Object Repository/RecAndPlayBk/Page-Vlink-ACH-Void/input' is clicked on

2023-02-28 18:42:26 - [MESSAGE][PASSED] - Object: 'Object Repository/RecAndPlayBk/Page-Vlink-ACH-Void/input' is clicked on

2023-02-28 18:42:26 - [TEST_STEP][PASSED] - if (verifyTextPresent("Transaction approved, no errors", true)): null

2023-02-28 18:42:27 - [MESSAGE][PASSED] - Text 'Transaction approved, no errors' is present on page  using regular expression

2023-02-28 18:42:27 - [TEST_STEP][PASSED] - println("Transaction Approved, no errors text is present on the Confirmation page"): null

2023-02-28 18:42:27 - [TEST_STEP][PASSED] - out.println("Pass Record Number: " + row): null

2023-02-28 18:42:27 - [TEST_STEP][PASSED] - resText = "Pass": null

2023-02-28 18:42:27 - [TEST_STEP][PASSED] - pages.WriteExcel.demoKey(resText, datText, resColumn, datCloumn, fileLoc, nameSheet, row): pages.WriteExcel.demoKey is PASSED

2023-02-28 18:42:27 - [MESSAGE][PASSED] - pages.WriteExcel.demoKey is PASSED

2023-02-28 18:42:27 - [TEST_STEP][PASSED] - ExecuteTC = findTestData(dataFile).getValue("Execute", row): null

2023-02-28 18:42:27 - [TEST_STEP][PASSED] - out.println("Value of Execute is : " + ExecuteTC): null

2023-02-28 18:42:27 - [TEST_STEP][PASSED] - switch (executionProfile): null

2023-02-28 18:42:27 - [TEST_STEP][PASSED] - case "Demo2Profile":: null

2023-02-28 18:42:27 - [TEST_STEP][PASSED] - appID = findTestData(dataFile).getValue("AppIDDemo", row): null

2023-02-28 18:42:27 - [TEST_STEP][PASSED] - username = findTestData(dataFile).getValue("UsernameDemo", row): null

2023-02-28 18:42:27 - [TEST_STEP][PASSED] - password = findTestData(dataFile).getValue("PasswordDemo", row): null

2023-02-28 18:42:27 - [TEST_STEP][PASSED] - break: null

2023-02-28 18:42:27 - [TEST_STEP][PASSED] - if (ExecuteTC.equalsIgnoreCase("Y")): null

2023-02-28 18:42:27 - [TEST_STEP][PASSED] - out.println("Begin Record Number: " + row): null

2023-02-28 18:42:27 - [TEST_STEP][PASSED] - today = new java.util.Date(): null

2023-02-28 18:42:27 - [TEST_STEP][PASSED] - println(today): null

2023-02-28 18:42:27 - [TEST_STEP][PASSED] - datText = today: null

2023-02-28 18:42:27 - [TEST_STEP][PASSED] - checkType = findTestData(dataFile).getValue("CheckType", row): null

2023-02-28 18:42:27 - [TEST_STEP][PASSED] - acNumber = findTestData(dataFile).getValue("AcNumber", row): null

2023-02-28 18:42:27 - [TEST_STEP][PASSED] - company = findTestData(dataFile).getValue("Company", row): null

2023-02-28 18:42:27 - [TEST_STEP][PASSED] - acType = findTestData(dataFile).getValue("AcType", row): null

2023-02-28 18:42:27 - [TEST_STEP][PASSED] - rtn = findTestData(dataFile).getValue("RTN", row): null

2023-02-28 18:42:27 - [TEST_STEP][PASSED] - amount = findTestData(dataFile).getValue("Amount", row): null

2023-02-28 18:42:27 - [TEST_STEP][PASSED] - sec = findTestData(dataFile).getValue("SEC", row): null

2023-02-28 18:42:27 - [TEST_STEP][PASSED] - openBrowser(VLinkURL + "debit.html"): Browser is opened with url: 'https://dev-algorithm.govolution.com/vlinktest/demo2/version_2_0/debit.html'

2023-02-28 18:42:27 - [MESSAGE][WARNING] - A browser is already opened. Closing browser and opening a new one

2023-02-28 18:42:28 - [MESSAGE][INFO] - Starting 'Chrome' driver

2023-02-28 18:42:28 - [MESSAGE][INFO] - User set preference: ['acceptInsecureCerts', 'true']

2023-02-28 18:42:28 - [MESSAGE][INFO] - Action delay is set to 0 milliseconds

2023-02-28 18:42:30 - [MESSAGE][PASSED] - Browser is opened with url: 'https://dev-algorithm.govolution.com/vlinktest/demo2/version_2_0/debit.html'

2023-02-28 18:42:30 - [TEST_STEP][PASSED] - maximizeWindow(): Current window maximized

2023-02-28 18:42:30 - [MESSAGE][PASSED] - Current window maximized

2023-02-28 18:42:30 - [TEST_STEP][PASSED] - genRemID = RandomStringUtils.random(12, true, true): null

2023-02-28 18:42:30 - [TEST_STEP][PASSED] - setText(findTestObject("RecAndPlayBk/Page-Vlink-Debit/input_Remittance Id"), genRemID): Text '2namjcZXOEne' is set on object 'Object Repository/RecAndPlayBk/Page-Vlink-Debit/input_Remittance Id'

2023-02-28 18:42:31 - [MESSAGE][PASSED] - Text '2namjcZXOEne' is set on object 'Object Repository/RecAndPlayBk/Page-Vlink-Debit/input_Remittance Id'

2023-02-28 18:42:31 - [TEST_STEP][PASSED] - setText(findTestObject("RecAndPlayBk/Page-Vlink-Debit/input_Application Id"), appID): Text '1773' is set on object 'Object Repository/RecAndPlayBk/Page-Vlink-Debit/input_Application Id'

2023-02-28 18:42:32 - [MESSAGE][PASSED] - Text '1773' is set on object 'Object Repository/RecAndPlayBk/Page-Vlink-Debit/input_Application Id'

2023-02-28 18:42:32 - [TEST_STEP][PASSED] - setText(findTestObject("RecAndPlayBk/Page-Vlink-Debit/input_Username"), username): Text 'Qq2BV1qtr' is set on object 'Object Repository/RecAndPlayBk/Page-Vlink-Debit/input_Username'

2023-02-28 18:42:32 - [MESSAGE][PASSED] - Text 'Qq2BV1qtr' is set on object 'Object Repository/RecAndPlayBk/Page-Vlink-Debit/input_Username'

2023-02-28 18:42:32 - [TEST_STEP][PASSED] - setText(findTestObject("RecAndPlayBk/Page-Vlink-Debit/input_Password"), password): Text 'tUmWBiLUx' is set on object 'Object Repository/RecAndPlayBk/Page-Vlink-Debit/input_Password'

2023-02-28 18:42:33 - [MESSAGE][PASSED] - Text 'tUmWBiLUx' is set on object 'Object Repository/RecAndPlayBk/Page-Vlink-Debit/input_Password'

2023-02-28 18:42:33 - [TEST_STEP][PASSED] - setText(findTestObject("RecAndPlayBk/Page-Vlink-Debit/input_Check Type"), checkType): Text 'C' is set on object 'Object Repository/RecAndPlayBk/Page-Vlink-Debit/input_Check Type'

2023-02-28 18:42:34 - [MESSAGE][PASSED] - Text 'C' is set on object 'Object Repository/RecAndPlayBk/Page-Vlink-Debit/input_Check Type'

2023-02-28 18:42:34 - [TEST_STEP][PASSED] - setText(findTestObject("RecAndPlayBk/Page-Vlink-Debit/input_Account_check"), acNumber): Text '58963214' is set on object 'Object Repository/RecAndPlayBk/Page-Vlink-Debit/input_Account_check'

2023-02-28 18:42:34 - [MESSAGE][PASSED] - Text '58963214' is set on object 'Object Repository/RecAndPlayBk/Page-Vlink-Debit/input_Account_check'

2023-02-28 18:42:34 - [TEST_STEP][PASSED] - setText(findTestObject("RecAndPlayBk/Page-Vlink-Debit/input_Company_check"), company): Text 'My Company' is set on object 'Object Repository/RecAndPlayBk/Page-Vlink-Debit/input_Company_check'

2023-02-28 18:42:35 - [MESSAGE][PASSED] - Text 'My Company' is set on object 'Object Repository/RecAndPlayBk/Page-Vlink-Debit/input_Company_check'

2023-02-28 18:42:35 - [TEST_STEP][PASSED] - setText(findTestObject("RecAndPlayBk/Page-Vlink-Debit/input_Account Type"), acType): Text '' is set on object 'Object Repository/RecAndPlayBk/Page-Vlink-Debit/input_Account Type'

2023-02-28 18:42:36 - [MESSAGE][PASSED] - Text '' is set on object 'Object Repository/RecAndPlayBk/Page-Vlink-Debit/input_Account Type'

2023-02-28 18:42:36 - [TEST_STEP][PASSED] - setText(findTestObject("RecAndPlayBk/Page-Vlink-Debit/input_Routing Number"), rtn): Text '256072691' is set on object 'Object Repository/RecAndPlayBk/Page-Vlink-Debit/input_Routing Number'

2023-02-28 18:42:36 - [MESSAGE][PASSED] - Text '256072691' is set on object 'Object Repository/RecAndPlayBk/Page-Vlink-Debit/input_Routing Number'

2023-02-28 18:42:36 - [TEST_STEP][PASSED] - setText(findTestObject("RecAndPlayBk/Page-Vlink-Debit/input_Amount"), amount): Text '12.50' is set on object 'Object Repository/RecAndPlayBk/Page-Vlink-Debit/input_Amount'

2023-02-28 18:42:37 - [MESSAGE][PASSED] - Text '12.50' is set on object 'Object Repository/RecAndPlayBk/Page-Vlink-Debit/input_Amount'

2023-02-28 18:42:37 - [TEST_STEP][PASSED] - setText(findTestObject("RecAndPlayBk/Page-Vlink-Debit/input_Check Email"), ""): Text '' is set on object 'Object Repository/RecAndPlayBk/Page-Vlink-Debit/input_Check Email'

2023-02-28 18:42:37 - [MESSAGE][PASSED] - Text '' is set on object 'Object Repository/RecAndPlayBk/Page-Vlink-Debit/input_Check Email'

2023-02-28 18:42:37 - [TEST_STEP][PASSED] - setText(findTestObject("Object Repository/RecAndPlayBk/Page-Vlink-Debit/input_concat(CheckWriter, , s SSN)_check_ssn"), ""): Text '' is set on object 'Object Repository/RecAndPlayBk/Page-Vlink-Debit/input_concat(CheckWriter, , s SSN)_check_ssn'

2023-02-28 18:42:38 - [MESSAGE][PASSED] - Text '' is set on object 'Object Repository/RecAndPlayBk/Page-Vlink-Debit/input_concat(CheckWriter, , s SSN)_check_ssn'

2023-02-28 18:42:38 - [TEST_STEP][PASSED] - setText(findTestObject("Object Repository/RecAndPlayBk/Page-Vlink-Debit/input_concat(CheckWriter, , s License Numbe_020fef"), ""): Text '' is set on object 'Object Repository/RecAndPlayBk/Page-Vlink-Debit/input_concat(CheckWriter, , s License Numbe_020fef'

2023-02-28 18:42:39 - [MESSAGE][PASSED] - Text '' is set on object 'Object Repository/RecAndPlayBk/Page-Vlink-Debit/input_concat(CheckWriter, , s License Numbe_020fef'

2023-02-28 18:42:39 - [TEST_STEP][PASSED] - setText(findTestObject("Object Repository/RecAndPlayBk/Page-Vlink-Debit/input_concat(CheckWriter, , s License State_21e3e7"), ""): Text '' is set on object 'Object Repository/RecAndPlayBk/Page-Vlink-Debit/input_concat(CheckWriter, , s License State_21e3e7'

2023-02-28 18:42:39 - [MESSAGE][PASSED] - Text '' is set on object 'Object Repository/RecAndPlayBk/Page-Vlink-Debit/input_concat(CheckWriter, , s License State_21e3e7'

2023-02-28 18:42:39 - [TEST_STEP][PASSED] - setText(findTestObject("RecAndPlayBk/Page-Vlink-Debit/input_Standard Entry Class"), sec): Text 'CCD' is set on object 'Object Repository/RecAndPlayBk/Page-Vlink-Debit/input_Standard Entry Class'

2023-02-28 18:42:40 - [MESSAGE][PASSED] - Text 'CCD' is set on object 'Object Repository/RecAndPlayBk/Page-Vlink-Debit/input_Standard Entry Class'

2023-02-28 18:42:40 - [TEST_STEP][PASSED] - click(findTestObject("Object Repository/RecAndPlayBk/Page-Vlink-Debit/input")): Object: 'Object Repository/RecAndPlayBk/Page-Vlink-Debit/input' is clicked on

2023-02-28 18:42:41 - [MESSAGE][PASSED] - Object: 'Object Repository/RecAndPlayBk/Page-Vlink-Debit/input' is clicked on

2023-02-28 18:42:41 - [TEST_STEP][PASSED] - if (verifyTextPresent("Transaction approved, no errors", true)): null

2023-02-28 18:42:41 - [MESSAGE][PASSED] - Text 'Transaction approved, no errors' is present on page  using regular expression

2023-02-28 18:42:41 - [TEST_STEP][PASSED] - println("Transaction Approved, no errors text is present on the Confirmation page"): null

2023-02-28 18:42:41 - [TEST_STEP][PASSED] - sdfo = getText(findTestObject("Object Repository/Page_VLinkReceipt/pre_STX")): Text of object 'Object Repository/Page_VLinkReceipt/pre_STX' is: '<STX>2namjcZXOEne                  2920824             0  Transaction approved, no errors                   0                                                                                                              <ETX>'

2023-02-28 18:42:41 - [MESSAGE][PASSED] - Text of object 'Object Repository/Page_VLinkReceipt/pre_STX' is: '<STX>2namjcZXOEne                  2920824             0  Transaction approved, no errors                   0                                                                                                              <ETX>'

2023-02-28 18:42:41 - [TEST_STEP][PASSED] - out.println("sdfo: " + sdfo): null

2023-02-28 18:42:41 - [TEST_STEP][PASSED] - remID = substring(5, 35).trim(): null

2023-02-28 18:42:41 - [TEST_STEP][PASSED] - out.println("remID: " + remID): null

2023-02-28 18:42:41 - [TEST_STEP][PASSED] - traxID = substring(35, 55).trim(): null

2023-02-28 18:42:41 - [TEST_STEP][PASSED] - out.println("traxID: " + traxID): null

2023-02-28 18:42:41 - [TEST_STEP][PASSED] - VLinkSaleRemID = remID: null

2023-02-28 18:42:41 - [TEST_STEP][PASSED] - VLinkSaleTranxID = traxID: null

2023-02-28 18:42:41 - [TEST_STEP][PASSED] - openBrowser(VLinkURL + "ACH_void.html"): Browser is opened with url: 'https://dev-algorithm.govolution.com/vlinktest/demo2/version_2_0/ACH_void.html'

2023-02-28 18:42:41 - [MESSAGE][WARNING] - A browser is already opened. Closing browser and opening a new one

2023-02-28 18:42:42 - [MESSAGE][INFO] - Starting 'Chrome' driver

2023-02-28 18:42:42 - [MESSAGE][INFO] - User set preference: ['acceptInsecureCerts', 'true']

2023-02-28 18:42:42 - [MESSAGE][INFO] - Action delay is set to 0 milliseconds

2023-02-28 18:42:44 - [MESSAGE][PASSED] - Browser is opened with url: 'https://dev-algorithm.govolution.com/vlinktest/demo2/version_2_0/ACH_void.html'

2023-02-28 18:42:44 - [TEST_STEP][PASSED] - maximizeWindow(): Current window maximized

2023-02-28 18:42:44 - [MESSAGE][PASSED] - Current window maximized

2023-02-28 18:42:44 - [TEST_STEP][PASSED] - setText(findTestObject("Object Repository/RecAndPlayBk/Page-Vlink-ACH-Void/input_Remittance Id"), VLinkSaleRemID): Text '2namjcZXOEne' is set on object 'Object Repository/RecAndPlayBk/Page-Vlink-ACH-Void/input_Remittance Id'

2023-02-28 18:42:45 - [MESSAGE][PASSED] - Text '2namjcZXOEne' is set on object 'Object Repository/RecAndPlayBk/Page-Vlink-ACH-Void/input_Remittance Id'

2023-02-28 18:42:45 - [TEST_STEP][PASSED] - setText(findTestObject("Object Repository/RecAndPlayBk/Page-Vlink-ACH-Void/input_Application Id"), appID): Text '1773' is set on object 'Object Repository/RecAndPlayBk/Page-Vlink-ACH-Void/input_Application Id'

2023-02-28 18:42:46 - [MESSAGE][PASSED] - Text '1773' is set on object 'Object Repository/RecAndPlayBk/Page-Vlink-ACH-Void/input_Application Id'

2023-02-28 18:42:46 - [TEST_STEP][PASSED] - setText(findTestObject("Object Repository/RecAndPlayBk/Page-Vlink-ACH-Void/input_Username"), username): Text 'Qq2BV1qtr' is set on object 'Object Repository/RecAndPlayBk/Page-Vlink-ACH-Void/input_Username'

2023-02-28 18:42:46 - [MESSAGE][PASSED] - Text 'Qq2BV1qtr' is set on object 'Object Repository/RecAndPlayBk/Page-Vlink-ACH-Void/input_Username'

2023-02-28 18:42:46 - [TEST_STEP][PASSED] - setText(findTestObject("Object Repository/RecAndPlayBk/Page-Vlink-ACH-Void/input_Password"), password): Text 'tUmWBiLUx' is set on object 'Object Repository/RecAndPlayBk/Page-Vlink-ACH-Void/input_Password'

2023-02-28 18:42:47 - [MESSAGE][PASSED] - Text 'tUmWBiLUx' is set on object 'Object Repository/RecAndPlayBk/Page-Vlink-ACH-Void/input_Password'

2023-02-28 18:42:47 - [TEST_STEP][PASSED] - setText(findTestObject("Object Repository/RecAndPlayBk/Page-Vlink-ACH-Void/input_Check Type"), checkType): Text 'C' is set on object 'Object Repository/RecAndPlayBk/Page-Vlink-ACH-Void/input_Check Type'

2023-02-28 18:42:48 - [MESSAGE][PASSED] - Text 'C' is set on object 'Object Repository/RecAndPlayBk/Page-Vlink-ACH-Void/input_Check Type'

2023-02-28 18:42:48 - [TEST_STEP][PASSED] - setText(findTestObject("Object Repository/RecAndPlayBk/Page-Vlink-ACH-Void/input_Standard Entry Class"), sec): Text 'CCD' is set on object 'Object Repository/RecAndPlayBk/Page-Vlink-ACH-Void/input_Standard Entry Class'

2023-02-28 18:42:48 - [MESSAGE][PASSED] - Text 'CCD' is set on object 'Object Repository/RecAndPlayBk/Page-Vlink-ACH-Void/input_Standard Entry Class'

2023-02-28 18:42:48 - [TEST_STEP][PASSED] - setText(findTestObject("Object Repository/RecAndPlayBk/Page-Vlink-ACH-Void/input_Transaction ID"), VLinkSaleTranxID): Text '2920824' is set on object 'Object Repository/RecAndPlayBk/Page-Vlink-ACH-Void/input_Transaction ID'

2023-02-28 18:42:49 - [MESSAGE][PASSED] - Text '2920824' is set on object 'Object Repository/RecAndPlayBk/Page-Vlink-ACH-Void/input_Transaction ID'

2023-02-28 18:42:49 - [TEST_STEP][PASSED] - setText(findTestObject("Object Repository/RecAndPlayBk/Page-Vlink-ACH-Void/input_Original Transaction Type"), "200"): Text '200' is set on object 'Object Repository/RecAndPlayBk/Page-Vlink-ACH-Void/input_Original Transaction Type'

2023-02-28 18:42:49 - [MESSAGE][PASSED] - Text '200' is set on object 'Object Repository/RecAndPlayBk/Page-Vlink-ACH-Void/input_Original Transaction Type'

2023-02-28 18:42:49 - [TEST_STEP][PASSED] - click(findTestObject("Object Repository/RecAndPlayBk/Page-Vlink-ACH-Void/input")): Object: 'Object Repository/RecAndPlayBk/Page-Vlink-ACH-Void/input' is clicked on

2023-02-28 18:42:50 - [MESSAGE][PASSED] - Object: 'Object Repository/RecAndPlayBk/Page-Vlink-ACH-Void/input' is clicked on

2023-02-28 18:42:50 - [TEST_STEP][PASSED] - if (verifyTextPresent("Transaction approved, no errors", true)): null

2023-02-28 18:42:50 - [MESSAGE][PASSED] - Text 'Transaction approved, no errors' is present on page  using regular expression

2023-02-28 18:42:50 - [TEST_STEP][PASSED] - println("Transaction Approved, no errors text is present on the Confirmation page"): null

2023-02-28 18:42:50 - [TEST_STEP][PASSED] - out.println("Pass Record Number: " + row): null

2023-02-28 18:42:50 - [TEST_STEP][PASSED] - resText = "Pass": null

2023-02-28 18:42:50 - [TEST_STEP][PASSED] - pages.WriteExcel.demoKey(resText, datText, resColumn, datCloumn, fileLoc, nameSheet, row): pages.WriteExcel.demoKey is PASSED

2023-02-28 18:42:50 - [MESSAGE][PASSED] - pages.WriteExcel.demoKey is PASSED]]></system-out>
         <system-err><![CDATA[]]></system-err>
      </testcase>
      <testcase name="Test Cases/RecAndPlayBk/VLink/Debit-Credit" time="175.038" classname="Test Cases/RecAndPlayBk/VLink/Debit-Credit" status="PASSED">
         <system-out><![CDATA[2023-02-28 18:42:50 - [TEST_CASE][PASSED] - Test Cases/RecAndPlayBk/VLink/Debit-Credit: Test Cases/RecAndPlayBk/VLink/Debit-Credit

2023-02-28 18:42:51 - [TEST_STEP][PASSED] - executionProfile = getExecutionProfile(): null

2023-02-28 18:42:51 - [TEST_STEP][PASSED] - out.println("executionProfile : " + executionProfile): null

2023-02-28 18:42:51 - [TEST_STEP][PASSED] - appName = <not implemented yet for class: org.codehaus.groovy.ast.expr.EmptyExpression>: null

2023-02-28 18:42:51 - [TEST_STEP][PASSED] - appID = <not implemented yet for class: org.codehaus.groovy.ast.expr.EmptyExpression>: null

2023-02-28 18:42:51 - [TEST_STEP][PASSED] - username = <not implemented yet for class: org.codehaus.groovy.ast.expr.EmptyExpression>: null

2023-02-28 18:42:51 - [TEST_STEP][PASSED] - password = <not implemented yet for class: org.codehaus.groovy.ast.expr.EmptyExpression>: null

2023-02-28 18:42:51 - [TEST_STEP][PASSED] - cardNameV = <not implemented yet for class: org.codehaus.groovy.ast.expr.EmptyExpression>: null

2023-02-28 18:42:51 - [TEST_STEP][PASSED] - al1V = <not implemented yet for class: org.codehaus.groovy.ast.expr.EmptyExpression>: null

2023-02-28 18:42:51 - [TEST_STEP][PASSED] - al2V = <not implemented yet for class: org.codehaus.groovy.ast.expr.EmptyExpression>: null

2023-02-28 18:42:51 - [TEST_STEP][PASSED] - zipV = <not implemented yet for class: org.codehaus.groovy.ast.expr.EmptyExpression>: null

2023-02-28 18:42:51 - [TEST_STEP][PASSED] - cardTypeV = <not implemented yet for class: org.codehaus.groovy.ast.expr.EmptyExpression>: null

2023-02-28 18:42:51 - [TEST_STEP][PASSED] - last4V = <not implemented yet for class: org.codehaus.groovy.ast.expr.EmptyExpression>: null

2023-02-28 18:42:51 - [TEST_STEP][PASSED] - resText = "Fail": null

2023-02-28 18:42:51 - [TEST_STEP][PASSED] - resColumn = "Result": null

2023-02-28 18:42:51 - [TEST_STEP][PASSED] - datCloumn = "Date": null

2023-02-28 18:42:51 - [TEST_STEP][PASSED] - fileLoc = "KatalonData/VLinkSmokeDataACH.xlsx": null

2023-02-28 18:42:51 - [TEST_STEP][PASSED] - numOfRows = <not implemented yet for class: org.codehaus.groovy.ast.expr.EmptyExpression>: null

2023-02-28 18:42:51 - [TEST_STEP][PASSED] - dataFile = <not implemented yet for class: org.codehaus.groovy.ast.expr.EmptyExpression>: null

2023-02-28 18:42:51 - [TEST_STEP][PASSED] - nameSheet = <not implemented yet for class: org.codehaus.groovy.ast.expr.EmptyExpression>: null

2023-02-28 18:42:51 - [TEST_STEP][PASSED] - nameSheet = "Debit-Credit": null

2023-02-28 18:42:51 - [TEST_STEP][PASSED] - numOfRows = findTestData("QA/VLinkTestData/VLinkDebitCreditData").getRowNumbers(): null

2023-02-28 18:42:51 - [TEST_STEP][PASSED] - println("Number of Records: " + numOfRows): null

2023-02-28 18:42:51 - [TEST_STEP][PASSED] - dataFile = "QA/VLinkTestData/VLinkDebitCreditData": null

2023-02-28 18:42:51 - [TEST_STEP][PASSED] - for ([row = 1, row <= numOfRows, (row++)]): null

2023-02-28 18:42:51 - [TEST_STEP][PASSED] - ExecuteTC = findTestData(dataFile).getValue("Execute", row): null

2023-02-28 18:42:51 - [TEST_STEP][PASSED] - out.println("Value of Execute is : " + ExecuteTC): null

2023-02-28 18:42:51 - [TEST_STEP][PASSED] - switch (executionProfile): null

2023-02-28 18:42:51 - [TEST_STEP][PASSED] - case "Demo2Profile":: null

2023-02-28 18:42:51 - [TEST_STEP][PASSED] - appID = findTestData(dataFile).getValue("AppIDDemo", row): null

2023-02-28 18:42:51 - [TEST_STEP][PASSED] - username = findTestData(dataFile).getValue("UsernameDemo", row): null

2023-02-28 18:42:51 - [TEST_STEP][PASSED] - password = findTestData(dataFile).getValue("PasswordDemo", row): null

2023-02-28 18:42:51 - [TEST_STEP][PASSED] - break: null

2023-02-28 18:42:51 - [TEST_STEP][PASSED] - if (ExecuteTC.equalsIgnoreCase("Y")): null

2023-02-28 18:42:51 - [TEST_STEP][PASSED] - out.println("Begin Record Number: " + row): null

2023-02-28 18:42:51 - [TEST_STEP][PASSED] - today = new java.util.Date(): null

2023-02-28 18:42:51 - [TEST_STEP][PASSED] - println(today): null

2023-02-28 18:42:51 - [TEST_STEP][PASSED] - datText = today: null

2023-02-28 18:42:51 - [TEST_STEP][PASSED] - checkType = findTestData(dataFile).getValue("CheckType", row): null

2023-02-28 18:42:51 - [TEST_STEP][PASSED] - acNumber = findTestData(dataFile).getValue("AcNumber", row): null

2023-02-28 18:42:51 - [TEST_STEP][PASSED] - company = findTestData(dataFile).getValue("Company", row): null

2023-02-28 18:42:51 - [TEST_STEP][PASSED] - acType = findTestData(dataFile).getValue("AcType", row): null

2023-02-28 18:42:52 - [TEST_STEP][PASSED] - rtn = findTestData(dataFile).getValue("RTN", row): null

2023-02-28 18:42:52 - [TEST_STEP][PASSED] - amount = findTestData(dataFile).getValue("Amount", row): null

2023-02-28 18:42:52 - [TEST_STEP][PASSED] - sec = findTestData(dataFile).getValue("SEC", row): null

2023-02-28 18:42:52 - [TEST_STEP][PASSED] - openBrowser(VLinkURL + "debit.html"): Browser is opened with url: 'https://dev-algorithm.govolution.com/vlinktest/demo2/version_2_0/debit.html'

2023-02-28 18:42:52 - [MESSAGE][WARNING] - A browser is already opened. Closing browser and opening a new one

2023-02-28 18:42:53 - [MESSAGE][INFO] - Starting 'Chrome' driver

2023-02-28 18:42:53 - [MESSAGE][INFO] - User set preference: ['acceptInsecureCerts', 'true']

2023-02-28 18:42:53 - [MESSAGE][INFO] - Action delay is set to 0 milliseconds

2023-02-28 18:42:54 - [MESSAGE][PASSED] - Browser is opened with url: 'https://dev-algorithm.govolution.com/vlinktest/demo2/version_2_0/debit.html'

2023-02-28 18:42:54 - [TEST_STEP][PASSED] - maximizeWindow(): Current window maximized

2023-02-28 18:42:54 - [MESSAGE][PASSED] - Current window maximized

2023-02-28 18:42:54 - [TEST_STEP][PASSED] - genRemID = RandomStringUtils.random(12, true, true): null

2023-02-28 18:42:54 - [TEST_STEP][PASSED] - setText(findTestObject("RecAndPlayBk/Page-Vlink-Debit/input_Remittance Id"), genRemID): Text 'amPpn0ana0iw' is set on object 'Object Repository/RecAndPlayBk/Page-Vlink-Debit/input_Remittance Id'

2023-02-28 18:42:55 - [MESSAGE][PASSED] - Text 'amPpn0ana0iw' is set on object 'Object Repository/RecAndPlayBk/Page-Vlink-Debit/input_Remittance Id'

2023-02-28 18:42:55 - [TEST_STEP][PASSED] - setText(findTestObject("RecAndPlayBk/Page-Vlink-Debit/input_Application Id"), appID): Text '1773' is set on object 'Object Repository/RecAndPlayBk/Page-Vlink-Debit/input_Application Id'

2023-02-28 18:42:56 - [MESSAGE][PASSED] - Text '1773' is set on object 'Object Repository/RecAndPlayBk/Page-Vlink-Debit/input_Application Id'

2023-02-28 18:42:56 - [TEST_STEP][PASSED] - setText(findTestObject("RecAndPlayBk/Page-Vlink-Debit/input_Username"), username): Text 'Qq2BV1qtr' is set on object 'Object Repository/RecAndPlayBk/Page-Vlink-Debit/input_Username'

2023-02-28 18:42:56 - [MESSAGE][PASSED] - Text 'Qq2BV1qtr' is set on object 'Object Repository/RecAndPlayBk/Page-Vlink-Debit/input_Username'

2023-02-28 18:42:56 - [TEST_STEP][PASSED] - setText(findTestObject("RecAndPlayBk/Page-Vlink-Debit/input_Password"), password): Text 'tUmWBiLUx' is set on object 'Object Repository/RecAndPlayBk/Page-Vlink-Debit/input_Password'

2023-02-28 18:42:57 - [MESSAGE][PASSED] - Text 'tUmWBiLUx' is set on object 'Object Repository/RecAndPlayBk/Page-Vlink-Debit/input_Password'

2023-02-28 18:42:57 - [TEST_STEP][PASSED] - setText(findTestObject("RecAndPlayBk/Page-Vlink-Debit/input_Check Type"), checkType): Text 'P' is set on object 'Object Repository/RecAndPlayBk/Page-Vlink-Debit/input_Check Type'

2023-02-28 18:42:58 - [MESSAGE][PASSED] - Text 'P' is set on object 'Object Repository/RecAndPlayBk/Page-Vlink-Debit/input_Check Type'

2023-02-28 18:42:58 - [TEST_STEP][PASSED] - setText(findTestObject("RecAndPlayBk/Page-Vlink-Debit/input_Account_check"), acNumber): Text '58963214' is set on object 'Object Repository/RecAndPlayBk/Page-Vlink-Debit/input_Account_check'

2023-02-28 18:42:58 - [MESSAGE][PASSED] - Text '58963214' is set on object 'Object Repository/RecAndPlayBk/Page-Vlink-Debit/input_Account_check'

2023-02-28 18:42:58 - [TEST_STEP][PASSED] - setText(findTestObject("RecAndPlayBk/Page-Vlink-Debit/input_Company_check"), company): Text '' is set on object 'Object Repository/RecAndPlayBk/Page-Vlink-Debit/input_Company_check'

2023-02-28 18:42:59 - [MESSAGE][PASSED] - Text '' is set on object 'Object Repository/RecAndPlayBk/Page-Vlink-Debit/input_Company_check'

2023-02-28 18:42:59 - [TEST_STEP][PASSED] - setText(findTestObject("RecAndPlayBk/Page-Vlink-Debit/input_Account Type"), acType): Text '1' is set on object 'Object Repository/RecAndPlayBk/Page-Vlink-Debit/input_Account Type'

2023-02-28 18:42:59 - [MESSAGE][PASSED] - Text '1' is set on object 'Object Repository/RecAndPlayBk/Page-Vlink-Debit/input_Account Type'

2023-02-28 18:42:59 - [TEST_STEP][PASSED] - setText(findTestObject("RecAndPlayBk/Page-Vlink-Debit/input_Routing Number"), rtn): Text '256072691' is set on object 'Object Repository/RecAndPlayBk/Page-Vlink-Debit/input_Routing Number'

2023-02-28 18:43:00 - [MESSAGE][PASSED] - Text '256072691' is set on object 'Object Repository/RecAndPlayBk/Page-Vlink-Debit/input_Routing Number'

2023-02-28 18:43:00 - [TEST_STEP][PASSED] - setText(findTestObject("RecAndPlayBk/Page-Vlink-Debit/input_Amount"), amount): Text '12.50' is set on object 'Object Repository/RecAndPlayBk/Page-Vlink-Debit/input_Amount'

2023-02-28 18:43:01 - [MESSAGE][PASSED] - Text '12.50' is set on object 'Object Repository/RecAndPlayBk/Page-Vlink-Debit/input_Amount'

2023-02-28 18:43:01 - [TEST_STEP][PASSED] - setText(findTestObject("RecAndPlayBk/Page-Vlink-Debit/input_Check Email"), ""): Text '' is set on object 'Object Repository/RecAndPlayBk/Page-Vlink-Debit/input_Check Email'

2023-02-28 18:43:01 - [MESSAGE][PASSED] - Text '' is set on object 'Object Repository/RecAndPlayBk/Page-Vlink-Debit/input_Check Email'

2023-02-28 18:43:01 - [TEST_STEP][PASSED] - setText(findTestObject("Object Repository/RecAndPlayBk/Page-Vlink-Debit/input_concat(CheckWriter, , s SSN)_check_ssn"), ""): Text '' is set on object 'Object Repository/RecAndPlayBk/Page-Vlink-Debit/input_concat(CheckWriter, , s SSN)_check_ssn'

2023-02-28 18:43:02 - [MESSAGE][PASSED] - Text '' is set on object 'Object Repository/RecAndPlayBk/Page-Vlink-Debit/input_concat(CheckWriter, , s SSN)_check_ssn'

2023-02-28 18:43:02 - [TEST_STEP][PASSED] - setText(findTestObject("Object Repository/RecAndPlayBk/Page-Vlink-Debit/input_concat(CheckWriter, , s License Numbe_020fef"), ""): Text '' is set on object 'Object Repository/RecAndPlayBk/Page-Vlink-Debit/input_concat(CheckWriter, , s License Numbe_020fef'

2023-02-28 18:43:03 - [MESSAGE][PASSED] - Text '' is set on object 'Object Repository/RecAndPlayBk/Page-Vlink-Debit/input_concat(CheckWriter, , s License Numbe_020fef'

2023-02-28 18:43:03 - [TEST_STEP][PASSED] - setText(findTestObject("Object Repository/RecAndPlayBk/Page-Vlink-Debit/input_concat(CheckWriter, , s License State_21e3e7"), ""): Text '' is set on object 'Object Repository/RecAndPlayBk/Page-Vlink-Debit/input_concat(CheckWriter, , s License State_21e3e7'

2023-02-28 18:43:03 - [MESSAGE][PASSED] - Text '' is set on object 'Object Repository/RecAndPlayBk/Page-Vlink-Debit/input_concat(CheckWriter, , s License State_21e3e7'

2023-02-28 18:43:03 - [TEST_STEP][PASSED] - setText(findTestObject("RecAndPlayBk/Page-Vlink-Debit/input_Standard Entry Class"), sec): Text 'WEB' is set on object 'Object Repository/RecAndPlayBk/Page-Vlink-Debit/input_Standard Entry Class'

2023-02-28 18:43:04 - [MESSAGE][PASSED] - Text 'WEB' is set on object 'Object Repository/RecAndPlayBk/Page-Vlink-Debit/input_Standard Entry Class'

2023-02-28 18:43:04 - [TEST_STEP][PASSED] - click(findTestObject("Object Repository/RecAndPlayBk/Page-Vlink-Debit/input")): Object: 'Object Repository/RecAndPlayBk/Page-Vlink-Debit/input' is clicked on

2023-02-28 18:43:05 - [MESSAGE][PASSED] - Object: 'Object Repository/RecAndPlayBk/Page-Vlink-Debit/input' is clicked on

2023-02-28 18:43:05 - [TEST_STEP][PASSED] - if (verifyTextPresent("Transaction approved, no errors", true)): null

2023-02-28 18:43:05 - [MESSAGE][PASSED] - Text 'Transaction approved, no errors' is present on page  using regular expression

2023-02-28 18:43:05 - [TEST_STEP][PASSED] - println("Transaction Approved, no errors text is present on the Confirmation page"): null

2023-02-28 18:43:05 - [TEST_STEP][PASSED] - sdfo = getText(findTestObject("Object Repository/Page_VLinkReceipt/pre_STX")): Text of object 'Object Repository/Page_VLinkReceipt/pre_STX' is: '<STX>amPpn0ana0iw                  2920826             0  Transaction approved, no errors                   0                                                                                                              <ETX>'

2023-02-28 18:43:05 - [MESSAGE][PASSED] - Text of object 'Object Repository/Page_VLinkReceipt/pre_STX' is: '<STX>amPpn0ana0iw                  2920826             0  Transaction approved, no errors                   0                                                                                                              <ETX>'

2023-02-28 18:43:05 - [TEST_STEP][PASSED] - out.println("sdfo: " + sdfo): null

2023-02-28 18:43:05 - [TEST_STEP][PASSED] - remID = substring(5, 35).trim(): null

2023-02-28 18:43:05 - [TEST_STEP][PASSED] - out.println("remID: " + remID): null

2023-02-28 18:43:05 - [TEST_STEP][PASSED] - traxID = substring(35, 55).trim(): null

2023-02-28 18:43:05 - [TEST_STEP][PASSED] - out.println("traxID: " + traxID): null

2023-02-28 18:43:05 - [TEST_STEP][PASSED] - VLinkSaleRemID = remID: null

2023-02-28 18:43:05 - [TEST_STEP][PASSED] - VLinkSaleTranxID = traxID: null

2023-02-28 18:43:05 - [TEST_STEP][PASSED] - openBrowser(VLinkURL + "ACH_credit.html"): Browser is opened with url: 'https://dev-algorithm.govolution.com/vlinktest/demo2/version_2_0/ACH_credit.html'

2023-02-28 18:43:05 - [MESSAGE][WARNING] - A browser is already opened. Closing browser and opening a new one

2023-02-28 18:43:06 - [MESSAGE][INFO] - Starting 'Chrome' driver

2023-02-28 18:43:06 - [MESSAGE][INFO] - User set preference: ['acceptInsecureCerts', 'true']

2023-02-28 18:43:06 - [MESSAGE][INFO] - Action delay is set to 0 milliseconds

2023-02-28 18:43:08 - [MESSAGE][PASSED] - Browser is opened with url: 'https://dev-algorithm.govolution.com/vlinktest/demo2/version_2_0/ACH_credit.html'

2023-02-28 18:43:08 - [TEST_STEP][PASSED] - maximizeWindow(): Current window maximized

2023-02-28 18:43:08 - [MESSAGE][PASSED] - Current window maximized

2023-02-28 18:43:08 - [TEST_STEP][PASSED] - setText(findTestObject("Object Repository/RecAndPlayBk/Page-Vlink-ACH-Credit/input_Remittance Id"), VLinkSaleRemID): Text 'amPpn0ana0iw' is set on object 'Object Repository/RecAndPlayBk/Page-Vlink-ACH-Credit/input_Remittance Id'

2023-02-28 18:43:09 - [MESSAGE][PASSED] - Text 'amPpn0ana0iw' is set on object 'Object Repository/RecAndPlayBk/Page-Vlink-ACH-Credit/input_Remittance Id'

2023-02-28 18:43:09 - [TEST_STEP][PASSED] - setText(findTestObject("Object Repository/RecAndPlayBk/Page-Vlink-ACH-Credit/input_Application Id"), appID): Text '1773' is set on object 'Object Repository/RecAndPlayBk/Page-Vlink-ACH-Credit/input_Application Id'

2023-02-28 18:43:09 - [MESSAGE][PASSED] - Text '1773' is set on object 'Object Repository/RecAndPlayBk/Page-Vlink-ACH-Credit/input_Application Id'

2023-02-28 18:43:09 - [TEST_STEP][PASSED] - setText(findTestObject("Object Repository/RecAndPlayBk/Page-Vlink-ACH-Credit/input_Username"), username): Text 'Qq2BV1qtr' is set on object 'Object Repository/RecAndPlayBk/Page-Vlink-ACH-Credit/input_Username'

2023-02-28 18:43:10 - [MESSAGE][PASSED] - Text 'Qq2BV1qtr' is set on object 'Object Repository/RecAndPlayBk/Page-Vlink-ACH-Credit/input_Username'

2023-02-28 18:43:10 - [TEST_STEP][PASSED] - setText(findTestObject("Object Repository/RecAndPlayBk/Page-Vlink-ACH-Credit/input_Password"), password): Text 'tUmWBiLUx' is set on object 'Object Repository/RecAndPlayBk/Page-Vlink-ACH-Credit/input_Password'

2023-02-28 18:43:11 - [MESSAGE][PASSED] - Text 'tUmWBiLUx' is set on object 'Object Repository/RecAndPlayBk/Page-Vlink-ACH-Credit/input_Password'

2023-02-28 18:43:11 - [TEST_STEP][PASSED] - setText(findTestObject("Object Repository/RecAndPlayBk/Page-Vlink-ACH-Credit/input_Check Type"), checkType): Text 'P' is set on object 'Object Repository/RecAndPlayBk/Page-Vlink-ACH-Credit/input_Check Type'

2023-02-28 18:43:11 - [MESSAGE][PASSED] - Text 'P' is set on object 'Object Repository/RecAndPlayBk/Page-Vlink-ACH-Credit/input_Check Type'

2023-02-28 18:43:11 - [TEST_STEP][PASSED] - setText(findTestObject("Object Repository/RecAndPlayBk/Page-Vlink-ACH-Credit/input_Transaction ID"), VLinkSaleTranxID): Text '2920826' is set on object 'Object Repository/RecAndPlayBk/Page-Vlink-ACH-Credit/input_Transaction ID'

2023-02-28 18:43:12 - [MESSAGE][PASSED] - Text '2920826' is set on object 'Object Repository/RecAndPlayBk/Page-Vlink-ACH-Credit/input_Transaction ID'

2023-02-28 18:43:12 - [TEST_STEP][PASSED] - setText(findTestObject("Object Repository/RecAndPlayBk/Page-Vlink-ACH-Credit/input_Amount"), amount): Text '12.50' is set on object 'Object Repository/RecAndPlayBk/Page-Vlink-ACH-Credit/input_Amount'

2023-02-28 18:43:12 - [MESSAGE][PASSED] - Text '12.50' is set on object 'Object Repository/RecAndPlayBk/Page-Vlink-ACH-Credit/input_Amount'

2023-02-28 18:43:12 - [TEST_STEP][PASSED] - setText(findTestObject("Object Repository/RecAndPlayBk/Page-Vlink-ACH-Credit/input_Standard Entry Class"), sec): Text 'WEB' is set on object 'Object Repository/RecAndPlayBk/Page-Vlink-ACH-Credit/input_Standard Entry Class'

2023-02-28 18:43:13 - [MESSAGE][PASSED] - Text 'WEB' is set on object 'Object Repository/RecAndPlayBk/Page-Vlink-ACH-Credit/input_Standard Entry Class'

2023-02-28 18:43:13 - [TEST_STEP][PASSED] - setText(findTestObject("Object Repository/RecAndPlayBk/Page-Vlink-ACH-Credit/input_Account Number"), acNumber): Text '58963214' is set on object 'Object Repository/RecAndPlayBk/Page-Vlink-ACH-Credit/input_Account Number'

2023-02-28 18:43:14 - [MESSAGE][PASSED] - Text '58963214' is set on object 'Object Repository/RecAndPlayBk/Page-Vlink-ACH-Credit/input_Account Number'

2023-02-28 18:43:14 - [TEST_STEP][PASSED] - setText(findTestObject("Object Repository/RecAndPlayBk/Page-Vlink-ACH-Credit/input_Routing Number"), rtn): Text '256072691' is set on object 'Object Repository/RecAndPlayBk/Page-Vlink-ACH-Credit/input_Routing Number'

2023-02-28 18:43:14 - [MESSAGE][PASSED] - Text '256072691' is set on object 'Object Repository/RecAndPlayBk/Page-Vlink-ACH-Credit/input_Routing Number'

2023-02-28 18:43:14 - [TEST_STEP][PASSED] - click(findTestObject("Object Repository/RecAndPlayBk/Page-Vlink-ACH-Credit/input")): Object: 'Object Repository/RecAndPlayBk/Page-Vlink-ACH-Credit/input' is clicked on

2023-02-28 18:43:15 - [MESSAGE][PASSED] - Object: 'Object Repository/RecAndPlayBk/Page-Vlink-ACH-Credit/input' is clicked on

2023-02-28 18:43:15 - [TEST_STEP][PASSED] - if (verifyTextPresent("Transaction approved, no errors", true)): null

2023-02-28 18:43:15 - [MESSAGE][PASSED] - Text 'Transaction approved, no errors' is present on page  using regular expression

2023-02-28 18:43:15 - [TEST_STEP][PASSED] - println("Transaction Approved, no errors text is present on the Confirmation page"): null

2023-02-28 18:43:15 - [TEST_STEP][PASSED] - out.println("Pass Record Number: " + row): null

2023-02-28 18:43:15 - [TEST_STEP][PASSED] - resText = "Pass": null

2023-02-28 18:43:15 - [TEST_STEP][PASSED] - pages.WriteExcel.demoKey(resText, datText, resColumn, datCloumn, fileLoc, nameSheet, row): pages.WriteExcel.demoKey is PASSED

2023-02-28 18:43:15 - [MESSAGE][PASSED] - pages.WriteExcel.demoKey is PASSED

2023-02-28 18:43:15 - [TEST_STEP][PASSED] - ExecuteTC = findTestData(dataFile).getValue("Execute", row): null

2023-02-28 18:43:16 - [TEST_STEP][PASSED] - out.println("Value of Execute is : " + ExecuteTC): null

2023-02-28 18:43:16 - [TEST_STEP][PASSED] - switch (executionProfile): null

2023-02-28 18:43:16 - [TEST_STEP][PASSED] - case "Demo2Profile":: null

2023-02-28 18:43:16 - [TEST_STEP][PASSED] - appID = findTestData(dataFile).getValue("AppIDDemo", row): null

2023-02-28 18:43:16 - [TEST_STEP][PASSED] - username = findTestData(dataFile).getValue("UsernameDemo", row): null

2023-02-28 18:43:16 - [TEST_STEP][PASSED] - password = findTestData(dataFile).getValue("PasswordDemo", row): null

2023-02-28 18:43:16 - [TEST_STEP][PASSED] - break: null

2023-02-28 18:43:16 - [TEST_STEP][PASSED] - if (ExecuteTC.equalsIgnoreCase("Y")): null

2023-02-28 18:43:16 - [TEST_STEP][PASSED] - out.println("Begin Record Number: " + row): null

2023-02-28 18:43:16 - [TEST_STEP][PASSED] - today = new java.util.Date(): null

2023-02-28 18:43:16 - [TEST_STEP][PASSED] - println(today): null

2023-02-28 18:43:16 - [TEST_STEP][PASSED] - datText = today: null

2023-02-28 18:43:16 - [TEST_STEP][PASSED] - checkType = findTestData(dataFile).getValue("CheckType", row): null

2023-02-28 18:43:16 - [TEST_STEP][PASSED] - acNumber = findTestData(dataFile).getValue("AcNumber", row): null

2023-02-28 18:43:16 - [TEST_STEP][PASSED] - company = findTestData(dataFile).getValue("Company", row): null

2023-02-28 18:43:16 - [TEST_STEP][PASSED] - acType = findTestData(dataFile).getValue("AcType", row): null

2023-02-28 18:43:16 - [TEST_STEP][PASSED] - rtn = findTestData(dataFile).getValue("RTN", row): null

2023-02-28 18:43:16 - [TEST_STEP][PASSED] - amount = findTestData(dataFile).getValue("Amount", row): null

2023-02-28 18:43:16 - [TEST_STEP][PASSED] - sec = findTestData(dataFile).getValue("SEC", row): null

2023-02-28 18:43:16 - [TEST_STEP][PASSED] - openBrowser(VLinkURL + "debit.html"): Browser is opened with url: 'https://dev-algorithm.govolution.com/vlinktest/demo2/version_2_0/debit.html'

2023-02-28 18:43:16 - [MESSAGE][WARNING] - A browser is already opened. Closing browser and opening a new one

2023-02-28 18:43:17 - [MESSAGE][INFO] - Starting 'Chrome' driver

2023-02-28 18:43:17 - [MESSAGE][INFO] - User set preference: ['acceptInsecureCerts', 'true']

2023-02-28 18:43:17 - [MESSAGE][INFO] - Action delay is set to 0 milliseconds

2023-02-28 18:43:19 - [MESSAGE][PASSED] - Browser is opened with url: 'https://dev-algorithm.govolution.com/vlinktest/demo2/version_2_0/debit.html'

2023-02-28 18:43:19 - [TEST_STEP][PASSED] - maximizeWindow(): Current window maximized

2023-02-28 18:43:19 - [MESSAGE][PASSED] - Current window maximized

2023-02-28 18:43:19 - [TEST_STEP][PASSED] - genRemID = RandomStringUtils.random(12, true, true): null

2023-02-28 18:43:19 - [TEST_STEP][PASSED] - setText(findTestObject("RecAndPlayBk/Page-Vlink-Debit/input_Remittance Id"), genRemID): Text 'zvhgrsELCaPH' is set on object 'Object Repository/RecAndPlayBk/Page-Vlink-Debit/input_Remittance Id'

2023-02-28 18:43:20 - [MESSAGE][PASSED] - Text 'zvhgrsELCaPH' is set on object 'Object Repository/RecAndPlayBk/Page-Vlink-Debit/input_Remittance Id'

2023-02-28 18:43:20 - [TEST_STEP][PASSED] - setText(findTestObject("RecAndPlayBk/Page-Vlink-Debit/input_Application Id"), appID): Text '1773' is set on object 'Object Repository/RecAndPlayBk/Page-Vlink-Debit/input_Application Id'

2023-02-28 18:43:21 - [MESSAGE][PASSED] - Text '1773' is set on object 'Object Repository/RecAndPlayBk/Page-Vlink-Debit/input_Application Id'

2023-02-28 18:43:21 - [TEST_STEP][PASSED] - setText(findTestObject("RecAndPlayBk/Page-Vlink-Debit/input_Username"), username): Text 'Qq2BV1qtr' is set on object 'Object Repository/RecAndPlayBk/Page-Vlink-Debit/input_Username'

2023-02-28 18:43:21 - [MESSAGE][PASSED] - Text 'Qq2BV1qtr' is set on object 'Object Repository/RecAndPlayBk/Page-Vlink-Debit/input_Username'

2023-02-28 18:43:21 - [TEST_STEP][PASSED] - setText(findTestObject("RecAndPlayBk/Page-Vlink-Debit/input_Password"), password): Text 'tUmWBiLUx' is set on object 'Object Repository/RecAndPlayBk/Page-Vlink-Debit/input_Password'

2023-02-28 18:43:22 - [MESSAGE][PASSED] - Text 'tUmWBiLUx' is set on object 'Object Repository/RecAndPlayBk/Page-Vlink-Debit/input_Password'

2023-02-28 18:43:22 - [TEST_STEP][PASSED] - setText(findTestObject("RecAndPlayBk/Page-Vlink-Debit/input_Check Type"), checkType): Text 'P' is set on object 'Object Repository/RecAndPlayBk/Page-Vlink-Debit/input_Check Type'

2023-02-28 18:43:22 - [MESSAGE][PASSED] - Text 'P' is set on object 'Object Repository/RecAndPlayBk/Page-Vlink-Debit/input_Check Type'

2023-02-28 18:43:22 - [TEST_STEP][PASSED] - setText(findTestObject("RecAndPlayBk/Page-Vlink-Debit/input_Account_check"), acNumber): Text '58963214' is set on object 'Object Repository/RecAndPlayBk/Page-Vlink-Debit/input_Account_check'

2023-02-28 18:43:23 - [MESSAGE][PASSED] - Text '58963214' is set on object 'Object Repository/RecAndPlayBk/Page-Vlink-Debit/input_Account_check'

2023-02-28 18:43:23 - [TEST_STEP][PASSED] - setText(findTestObject("RecAndPlayBk/Page-Vlink-Debit/input_Company_check"), company): Text '' is set on object 'Object Repository/RecAndPlayBk/Page-Vlink-Debit/input_Company_check'

2023-02-28 18:43:24 - [MESSAGE][PASSED] - Text '' is set on object 'Object Repository/RecAndPlayBk/Page-Vlink-Debit/input_Company_check'

2023-02-28 18:43:24 - [TEST_STEP][PASSED] - setText(findTestObject("RecAndPlayBk/Page-Vlink-Debit/input_Account Type"), acType): Text '1' is set on object 'Object Repository/RecAndPlayBk/Page-Vlink-Debit/input_Account Type'

2023-02-28 18:43:24 - [MESSAGE][PASSED] - Text '1' is set on object 'Object Repository/RecAndPlayBk/Page-Vlink-Debit/input_Account Type'

2023-02-28 18:43:24 - [TEST_STEP][PASSED] - setText(findTestObject("RecAndPlayBk/Page-Vlink-Debit/input_Routing Number"), rtn): Text '256072691' is set on object 'Object Repository/RecAndPlayBk/Page-Vlink-Debit/input_Routing Number'

2023-02-28 18:43:25 - [MESSAGE][PASSED] - Text '256072691' is set on object 'Object Repository/RecAndPlayBk/Page-Vlink-Debit/input_Routing Number'

2023-02-28 18:43:25 - [TEST_STEP][PASSED] - setText(findTestObject("RecAndPlayBk/Page-Vlink-Debit/input_Amount"), amount): Text '12.50' is set on object 'Object Repository/RecAndPlayBk/Page-Vlink-Debit/input_Amount'

2023-02-28 18:43:25 - [MESSAGE][PASSED] - Text '12.50' is set on object 'Object Repository/RecAndPlayBk/Page-Vlink-Debit/input_Amount'

2023-02-28 18:43:25 - [TEST_STEP][PASSED] - setText(findTestObject("RecAndPlayBk/Page-Vlink-Debit/input_Check Email"), ""): Text '' is set on object 'Object Repository/RecAndPlayBk/Page-Vlink-Debit/input_Check Email'

2023-02-28 18:43:26 - [MESSAGE][PASSED] - Text '' is set on object 'Object Repository/RecAndPlayBk/Page-Vlink-Debit/input_Check Email'

2023-02-28 18:43:26 - [TEST_STEP][PASSED] - setText(findTestObject("Object Repository/RecAndPlayBk/Page-Vlink-Debit/input_concat(CheckWriter, , s SSN)_check_ssn"), ""): Text '' is set on object 'Object Repository/RecAndPlayBk/Page-Vlink-Debit/input_concat(CheckWriter, , s SSN)_check_ssn'

2023-02-28 18:43:27 - [MESSAGE][PASSED] - Text '' is set on object 'Object Repository/RecAndPlayBk/Page-Vlink-Debit/input_concat(CheckWriter, , s SSN)_check_ssn'

2023-02-28 18:43:27 - [TEST_STEP][PASSED] - setText(findTestObject("Object Repository/RecAndPlayBk/Page-Vlink-Debit/input_concat(CheckWriter, , s License Numbe_020fef"), ""): Text '' is set on object 'Object Repository/RecAndPlayBk/Page-Vlink-Debit/input_concat(CheckWriter, , s License Numbe_020fef'

2023-02-28 18:43:27 - [MESSAGE][PASSED] - Text '' is set on object 'Object Repository/RecAndPlayBk/Page-Vlink-Debit/input_concat(CheckWriter, , s License Numbe_020fef'

2023-02-28 18:43:27 - [TEST_STEP][PASSED] - setText(findTestObject("Object Repository/RecAndPlayBk/Page-Vlink-Debit/input_concat(CheckWriter, , s License State_21e3e7"), ""): Text '' is set on object 'Object Repository/RecAndPlayBk/Page-Vlink-Debit/input_concat(CheckWriter, , s License State_21e3e7'

2023-02-28 18:43:28 - [MESSAGE][PASSED] - Text '' is set on object 'Object Repository/RecAndPlayBk/Page-Vlink-Debit/input_concat(CheckWriter, , s License State_21e3e7'

2023-02-28 18:43:28 - [TEST_STEP][PASSED] - setText(findTestObject("RecAndPlayBk/Page-Vlink-Debit/input_Standard Entry Class"), sec): Text 'TEL' is set on object 'Object Repository/RecAndPlayBk/Page-Vlink-Debit/input_Standard Entry Class'

2023-02-28 18:43:29 - [MESSAGE][PASSED] - Text 'TEL' is set on object 'Object Repository/RecAndPlayBk/Page-Vlink-Debit/input_Standard Entry Class'

2023-02-28 18:43:29 - [TEST_STEP][PASSED] - click(findTestObject("Object Repository/RecAndPlayBk/Page-Vlink-Debit/input")): Object: 'Object Repository/RecAndPlayBk/Page-Vlink-Debit/input' is clicked on

2023-02-28 18:43:29 - [MESSAGE][PASSED] - Object: 'Object Repository/RecAndPlayBk/Page-Vlink-Debit/input' is clicked on

2023-02-28 18:43:29 - [TEST_STEP][PASSED] - if (verifyTextPresent("Transaction approved, no errors", true)): null

2023-02-28 18:43:30 - [MESSAGE][PASSED] - Text 'Transaction approved, no errors' is present on page  using regular expression

2023-02-28 18:43:30 - [TEST_STEP][PASSED] - println("Transaction Approved, no errors text is present on the Confirmation page"): null

2023-02-28 18:43:30 - [TEST_STEP][PASSED] - sdfo = getText(findTestObject("Object Repository/Page_VLinkReceipt/pre_STX")): Text of object 'Object Repository/Page_VLinkReceipt/pre_STX' is: '<STX>zvhgrsELCaPH                  2920828             0  Transaction approved, no errors                   0                                                                                                              <ETX>'

2023-02-28 18:43:30 - [MESSAGE][PASSED] - Text of object 'Object Repository/Page_VLinkReceipt/pre_STX' is: '<STX>zvhgrsELCaPH                  2920828             0  Transaction approved, no errors                   0                                                                                                              <ETX>'

2023-02-28 18:43:30 - [TEST_STEP][PASSED] - out.println("sdfo: " + sdfo): null

2023-02-28 18:43:30 - [TEST_STEP][PASSED] - remID = substring(5, 35).trim(): null

2023-02-28 18:43:30 - [TEST_STEP][PASSED] - out.println("remID: " + remID): null

2023-02-28 18:43:30 - [TEST_STEP][PASSED] - traxID = substring(35, 55).trim(): null

2023-02-28 18:43:30 - [TEST_STEP][PASSED] - out.println("traxID: " + traxID): null

2023-02-28 18:43:30 - [TEST_STEP][PASSED] - VLinkSaleRemID = remID: null

2023-02-28 18:43:30 - [TEST_STEP][PASSED] - VLinkSaleTranxID = traxID: null

2023-02-28 18:43:30 - [TEST_STEP][PASSED] - openBrowser(VLinkURL + "ACH_credit.html"): Browser is opened with url: 'https://dev-algorithm.govolution.com/vlinktest/demo2/version_2_0/ACH_credit.html'

2023-02-28 18:43:30 - [MESSAGE][WARNING] - A browser is already opened. Closing browser and opening a new one

2023-02-28 18:43:31 - [MESSAGE][INFO] - Starting 'Chrome' driver

2023-02-28 18:43:31 - [MESSAGE][INFO] - User set preference: ['acceptInsecureCerts', 'true']

2023-02-28 18:43:31 - [MESSAGE][INFO] - Action delay is set to 0 milliseconds

2023-02-28 18:43:33 - [MESSAGE][PASSED] - Browser is opened with url: 'https://dev-algorithm.govolution.com/vlinktest/demo2/version_2_0/ACH_credit.html'

2023-02-28 18:43:33 - [TEST_STEP][PASSED] - maximizeWindow(): Current window maximized

2023-02-28 18:43:33 - [MESSAGE][PASSED] - Current window maximized

2023-02-28 18:43:33 - [TEST_STEP][PASSED] - setText(findTestObject("Object Repository/RecAndPlayBk/Page-Vlink-ACH-Credit/input_Remittance Id"), VLinkSaleRemID): Text 'zvhgrsELCaPH' is set on object 'Object Repository/RecAndPlayBk/Page-Vlink-ACH-Credit/input_Remittance Id'

2023-02-28 18:43:34 - [MESSAGE][PASSED] - Text 'zvhgrsELCaPH' is set on object 'Object Repository/RecAndPlayBk/Page-Vlink-ACH-Credit/input_Remittance Id'

2023-02-28 18:43:34 - [TEST_STEP][PASSED] - setText(findTestObject("Object Repository/RecAndPlayBk/Page-Vlink-ACH-Credit/input_Application Id"), appID): Text '1773' is set on object 'Object Repository/RecAndPlayBk/Page-Vlink-ACH-Credit/input_Application Id'

2023-02-28 18:43:34 - [MESSAGE][PASSED] - Text '1773' is set on object 'Object Repository/RecAndPlayBk/Page-Vlink-ACH-Credit/input_Application Id'

2023-02-28 18:43:34 - [TEST_STEP][PASSED] - setText(findTestObject("Object Repository/RecAndPlayBk/Page-Vlink-ACH-Credit/input_Username"), username): Text 'Qq2BV1qtr' is set on object 'Object Repository/RecAndPlayBk/Page-Vlink-ACH-Credit/input_Username'

2023-02-28 18:43:35 - [MESSAGE][PASSED] - Text 'Qq2BV1qtr' is set on object 'Object Repository/RecAndPlayBk/Page-Vlink-ACH-Credit/input_Username'

2023-02-28 18:43:35 - [TEST_STEP][PASSED] - setText(findTestObject("Object Repository/RecAndPlayBk/Page-Vlink-ACH-Credit/input_Password"), password): Text 'tUmWBiLUx' is set on object 'Object Repository/RecAndPlayBk/Page-Vlink-ACH-Credit/input_Password'

2023-02-28 18:43:36 - [MESSAGE][PASSED] - Text 'tUmWBiLUx' is set on object 'Object Repository/RecAndPlayBk/Page-Vlink-ACH-Credit/input_Password'

2023-02-28 18:43:36 - [TEST_STEP][PASSED] - setText(findTestObject("Object Repository/RecAndPlayBk/Page-Vlink-ACH-Credit/input_Check Type"), checkType): Text 'P' is set on object 'Object Repository/RecAndPlayBk/Page-Vlink-ACH-Credit/input_Check Type'

2023-02-28 18:43:36 - [MESSAGE][PASSED] - Text 'P' is set on object 'Object Repository/RecAndPlayBk/Page-Vlink-ACH-Credit/input_Check Type'

2023-02-28 18:43:36 - [TEST_STEP][PASSED] - setText(findTestObject("Object Repository/RecAndPlayBk/Page-Vlink-ACH-Credit/input_Transaction ID"), VLinkSaleTranxID): Text '2920828' is set on object 'Object Repository/RecAndPlayBk/Page-Vlink-ACH-Credit/input_Transaction ID'

2023-02-28 18:43:37 - [MESSAGE][PASSED] - Text '2920828' is set on object 'Object Repository/RecAndPlayBk/Page-Vlink-ACH-Credit/input_Transaction ID'

2023-02-28 18:43:37 - [TEST_STEP][PASSED] - setText(findTestObject("Object Repository/RecAndPlayBk/Page-Vlink-ACH-Credit/input_Amount"), amount): Text '12.50' is set on object 'Object Repository/RecAndPlayBk/Page-Vlink-ACH-Credit/input_Amount'

2023-02-28 18:43:37 - [MESSAGE][PASSED] - Text '12.50' is set on object 'Object Repository/RecAndPlayBk/Page-Vlink-ACH-Credit/input_Amount'

2023-02-28 18:43:37 - [TEST_STEP][PASSED] - setText(findTestObject("Object Repository/RecAndPlayBk/Page-Vlink-ACH-Credit/input_Standard Entry Class"), sec): Text 'TEL' is set on object 'Object Repository/RecAndPlayBk/Page-Vlink-ACH-Credit/input_Standard Entry Class'

2023-02-28 18:43:38 - [MESSAGE][PASSED] - Text 'TEL' is set on object 'Object Repository/RecAndPlayBk/Page-Vlink-ACH-Credit/input_Standard Entry Class'

2023-02-28 18:43:38 - [TEST_STEP][PASSED] - setText(findTestObject("Object Repository/RecAndPlayBk/Page-Vlink-ACH-Credit/input_Account Number"), acNumber): Text '58963214' is set on object 'Object Repository/RecAndPlayBk/Page-Vlink-ACH-Credit/input_Account Number'

2023-02-28 18:43:39 - [MESSAGE][PASSED] - Text '58963214' is set on object 'Object Repository/RecAndPlayBk/Page-Vlink-ACH-Credit/input_Account Number'

2023-02-28 18:43:39 - [TEST_STEP][PASSED] - setText(findTestObject("Object Repository/RecAndPlayBk/Page-Vlink-ACH-Credit/input_Routing Number"), rtn): Text '256072691' is set on object 'Object Repository/RecAndPlayBk/Page-Vlink-ACH-Credit/input_Routing Number'

2023-02-28 18:43:39 - [MESSAGE][PASSED] - Text '256072691' is set on object 'Object Repository/RecAndPlayBk/Page-Vlink-ACH-Credit/input_Routing Number'

2023-02-28 18:43:39 - [TEST_STEP][PASSED] - click(findTestObject("Object Repository/RecAndPlayBk/Page-Vlink-ACH-Credit/input")): Object: 'Object Repository/RecAndPlayBk/Page-Vlink-ACH-Credit/input' is clicked on

2023-02-28 18:43:40 - [MESSAGE][PASSED] - Object: 'Object Repository/RecAndPlayBk/Page-Vlink-ACH-Credit/input' is clicked on

2023-02-28 18:43:40 - [TEST_STEP][PASSED] - if (verifyTextPresent("Transaction approved, no errors", true)): null

2023-02-28 18:43:40 - [MESSAGE][PASSED] - Text 'Transaction approved, no errors' is present on page  using regular expression

2023-02-28 18:43:40 - [TEST_STEP][PASSED] - println("Transaction Approved, no errors text is present on the Confirmation page"): null

2023-02-28 18:43:40 - [TEST_STEP][PASSED] - out.println("Pass Record Number: " + row): null

2023-02-28 18:43:40 - [TEST_STEP][PASSED] - resText = "Pass": null

2023-02-28 18:43:40 - [TEST_STEP][PASSED] - pages.WriteExcel.demoKey(resText, datText, resColumn, datCloumn, fileLoc, nameSheet, row): pages.WriteExcel.demoKey is PASSED

2023-02-28 18:43:40 - [MESSAGE][PASSED] - pages.WriteExcel.demoKey is PASSED

2023-02-28 18:43:40 - [TEST_STEP][PASSED] - ExecuteTC = findTestData(dataFile).getValue("Execute", row): null

2023-02-28 18:43:40 - [TEST_STEP][PASSED] - out.println("Value of Execute is : " + ExecuteTC): null

2023-02-28 18:43:40 - [TEST_STEP][PASSED] - switch (executionProfile): null

2023-02-28 18:43:40 - [TEST_STEP][PASSED] - case "Demo2Profile":: null

2023-02-28 18:43:40 - [TEST_STEP][PASSED] - appID = findTestData(dataFile).getValue("AppIDDemo", row): null

2023-02-28 18:43:41 - [TEST_STEP][PASSED] - username = findTestData(dataFile).getValue("UsernameDemo", row): null

2023-02-28 18:43:41 - [TEST_STEP][PASSED] - password = findTestData(dataFile).getValue("PasswordDemo", row): null

2023-02-28 18:43:41 - [TEST_STEP][PASSED] - break: null

2023-02-28 18:43:41 - [TEST_STEP][PASSED] - if (ExecuteTC.equalsIgnoreCase("Y")): null

2023-02-28 18:43:41 - [TEST_STEP][PASSED] - out.println("Begin Record Number: " + row): null

2023-02-28 18:43:41 - [TEST_STEP][PASSED] - today = new java.util.Date(): null

2023-02-28 18:43:41 - [TEST_STEP][PASSED] - println(today): null

2023-02-28 18:43:41 - [TEST_STEP][PASSED] - datText = today: null

2023-02-28 18:43:41 - [TEST_STEP][PASSED] - checkType = findTestData(dataFile).getValue("CheckType", row): null

2023-02-28 18:43:41 - [TEST_STEP][PASSED] - acNumber = findTestData(dataFile).getValue("AcNumber", row): null

2023-02-28 18:43:41 - [TEST_STEP][PASSED] - company = findTestData(dataFile).getValue("Company", row): null

2023-02-28 18:43:41 - [TEST_STEP][PASSED] - acType = findTestData(dataFile).getValue("AcType", row): null

2023-02-28 18:43:41 - [TEST_STEP][PASSED] - rtn = findTestData(dataFile).getValue("RTN", row): null

2023-02-28 18:43:41 - [TEST_STEP][PASSED] - amount = findTestData(dataFile).getValue("Amount", row): null

2023-02-28 18:43:41 - [TEST_STEP][PASSED] - sec = findTestData(dataFile).getValue("SEC", row): null

2023-02-28 18:43:41 - [TEST_STEP][PASSED] - openBrowser(VLinkURL + "debit.html"): Browser is opened with url: 'https://dev-algorithm.govolution.com/vlinktest/demo2/version_2_0/debit.html'

2023-02-28 18:43:41 - [MESSAGE][WARNING] - A browser is already opened. Closing browser and opening a new one

2023-02-28 18:43:42 - [MESSAGE][INFO] - Starting 'Chrome' driver

2023-02-28 18:43:42 - [MESSAGE][INFO] - User set preference: ['acceptInsecureCerts', 'true']

2023-02-28 18:43:42 - [MESSAGE][INFO] - Action delay is set to 0 milliseconds

2023-02-28 18:43:44 - [MESSAGE][PASSED] - Browser is opened with url: 'https://dev-algorithm.govolution.com/vlinktest/demo2/version_2_0/debit.html'

2023-02-28 18:43:44 - [TEST_STEP][PASSED] - maximizeWindow(): Current window maximized

2023-02-28 18:43:44 - [MESSAGE][PASSED] - Current window maximized

2023-02-28 18:43:44 - [TEST_STEP][PASSED] - genRemID = RandomStringUtils.random(12, true, true): null

2023-02-28 18:43:44 - [TEST_STEP][PASSED] - setText(findTestObject("RecAndPlayBk/Page-Vlink-Debit/input_Remittance Id"), genRemID): Text 'uGFXHJNo3cZZ' is set on object 'Object Repository/RecAndPlayBk/Page-Vlink-Debit/input_Remittance Id'

2023-02-28 18:43:45 - [MESSAGE][PASSED] - Text 'uGFXHJNo3cZZ' is set on object 'Object Repository/RecAndPlayBk/Page-Vlink-Debit/input_Remittance Id'

2023-02-28 18:43:45 - [TEST_STEP][PASSED] - setText(findTestObject("RecAndPlayBk/Page-Vlink-Debit/input_Application Id"), appID): Text '1773' is set on object 'Object Repository/RecAndPlayBk/Page-Vlink-Debit/input_Application Id'

2023-02-28 18:43:45 - [MESSAGE][PASSED] - Text '1773' is set on object 'Object Repository/RecAndPlayBk/Page-Vlink-Debit/input_Application Id'

2023-02-28 18:43:45 - [TEST_STEP][PASSED] - setText(findTestObject("RecAndPlayBk/Page-Vlink-Debit/input_Username"), username): Text 'Qq2BV1qtr' is set on object 'Object Repository/RecAndPlayBk/Page-Vlink-Debit/input_Username'

2023-02-28 18:43:46 - [MESSAGE][PASSED] - Text 'Qq2BV1qtr' is set on object 'Object Repository/RecAndPlayBk/Page-Vlink-Debit/input_Username'

2023-02-28 18:43:46 - [TEST_STEP][PASSED] - setText(findTestObject("RecAndPlayBk/Page-Vlink-Debit/input_Password"), password): Text 'tUmWBiLUx' is set on object 'Object Repository/RecAndPlayBk/Page-Vlink-Debit/input_Password'

2023-02-28 18:43:47 - [MESSAGE][PASSED] - Text 'tUmWBiLUx' is set on object 'Object Repository/RecAndPlayBk/Page-Vlink-Debit/input_Password'

2023-02-28 18:43:47 - [TEST_STEP][PASSED] - setText(findTestObject("RecAndPlayBk/Page-Vlink-Debit/input_Check Type"), checkType): Text 'P' is set on object 'Object Repository/RecAndPlayBk/Page-Vlink-Debit/input_Check Type'

2023-02-28 18:43:47 - [MESSAGE][PASSED] - Text 'P' is set on object 'Object Repository/RecAndPlayBk/Page-Vlink-Debit/input_Check Type'

2023-02-28 18:43:47 - [TEST_STEP][PASSED] - setText(findTestObject("RecAndPlayBk/Page-Vlink-Debit/input_Account_check"), acNumber): Text '58963214' is set on object 'Object Repository/RecAndPlayBk/Page-Vlink-Debit/input_Account_check'

2023-02-28 18:43:48 - [MESSAGE][PASSED] - Text '58963214' is set on object 'Object Repository/RecAndPlayBk/Page-Vlink-Debit/input_Account_check'

2023-02-28 18:43:48 - [TEST_STEP][PASSED] - setText(findTestObject("RecAndPlayBk/Page-Vlink-Debit/input_Company_check"), company): Text '' is set on object 'Object Repository/RecAndPlayBk/Page-Vlink-Debit/input_Company_check'

2023-02-28 18:43:49 - [MESSAGE][PASSED] - Text '' is set on object 'Object Repository/RecAndPlayBk/Page-Vlink-Debit/input_Company_check'

2023-02-28 18:43:49 - [TEST_STEP][PASSED] - setText(findTestObject("RecAndPlayBk/Page-Vlink-Debit/input_Account Type"), acType): Text '1' is set on object 'Object Repository/RecAndPlayBk/Page-Vlink-Debit/input_Account Type'

2023-02-28 18:43:49 - [MESSAGE][PASSED] - Text '1' is set on object 'Object Repository/RecAndPlayBk/Page-Vlink-Debit/input_Account Type'

2023-02-28 18:43:49 - [TEST_STEP][PASSED] - setText(findTestObject("RecAndPlayBk/Page-Vlink-Debit/input_Routing Number"), rtn): Text '256072691' is set on object 'Object Repository/RecAndPlayBk/Page-Vlink-Debit/input_Routing Number'

2023-02-28 18:43:50 - [MESSAGE][PASSED] - Text '256072691' is set on object 'Object Repository/RecAndPlayBk/Page-Vlink-Debit/input_Routing Number'

2023-02-28 18:43:50 - [TEST_STEP][PASSED] - setText(findTestObject("RecAndPlayBk/Page-Vlink-Debit/input_Amount"), amount): Text '12.50' is set on object 'Object Repository/RecAndPlayBk/Page-Vlink-Debit/input_Amount'

2023-02-28 18:43:50 - [MESSAGE][PASSED] - Text '12.50' is set on object 'Object Repository/RecAndPlayBk/Page-Vlink-Debit/input_Amount'

2023-02-28 18:43:50 - [TEST_STEP][PASSED] - setText(findTestObject("RecAndPlayBk/Page-Vlink-Debit/input_Check Email"), ""): Text '' is set on object 'Object Repository/RecAndPlayBk/Page-Vlink-Debit/input_Check Email'

2023-02-28 18:43:51 - [MESSAGE][PASSED] - Text '' is set on object 'Object Repository/RecAndPlayBk/Page-Vlink-Debit/input_Check Email'

2023-02-28 18:43:51 - [TEST_STEP][PASSED] - setText(findTestObject("Object Repository/RecAndPlayBk/Page-Vlink-Debit/input_concat(CheckWriter, , s SSN)_check_ssn"), ""): Text '' is set on object 'Object Repository/RecAndPlayBk/Page-Vlink-Debit/input_concat(CheckWriter, , s SSN)_check_ssn'

2023-02-28 18:43:52 - [MESSAGE][PASSED] - Text '' is set on object 'Object Repository/RecAndPlayBk/Page-Vlink-Debit/input_concat(CheckWriter, , s SSN)_check_ssn'

2023-02-28 18:43:52 - [TEST_STEP][PASSED] - setText(findTestObject("Object Repository/RecAndPlayBk/Page-Vlink-Debit/input_concat(CheckWriter, , s License Numbe_020fef"), ""): Text '' is set on object 'Object Repository/RecAndPlayBk/Page-Vlink-Debit/input_concat(CheckWriter, , s License Numbe_020fef'

2023-02-28 18:43:52 - [MESSAGE][PASSED] - Text '' is set on object 'Object Repository/RecAndPlayBk/Page-Vlink-Debit/input_concat(CheckWriter, , s License Numbe_020fef'

2023-02-28 18:43:52 - [TEST_STEP][PASSED] - setText(findTestObject("Object Repository/RecAndPlayBk/Page-Vlink-Debit/input_concat(CheckWriter, , s License State_21e3e7"), ""): Text '' is set on object 'Object Repository/RecAndPlayBk/Page-Vlink-Debit/input_concat(CheckWriter, , s License State_21e3e7'

2023-02-28 18:43:53 - [MESSAGE][PASSED] - Text '' is set on object 'Object Repository/RecAndPlayBk/Page-Vlink-Debit/input_concat(CheckWriter, , s License State_21e3e7'

2023-02-28 18:43:53 - [TEST_STEP][PASSED] - setText(findTestObject("RecAndPlayBk/Page-Vlink-Debit/input_Standard Entry Class"), sec): Text 'PPD' is set on object 'Object Repository/RecAndPlayBk/Page-Vlink-Debit/input_Standard Entry Class'

2023-02-28 18:43:54 - [MESSAGE][PASSED] - Text 'PPD' is set on object 'Object Repository/RecAndPlayBk/Page-Vlink-Debit/input_Standard Entry Class'

2023-02-28 18:43:54 - [TEST_STEP][PASSED] - click(findTestObject("Object Repository/RecAndPlayBk/Page-Vlink-Debit/input")): Object: 'Object Repository/RecAndPlayBk/Page-Vlink-Debit/input' is clicked on

2023-02-28 18:43:54 - [MESSAGE][PASSED] - Object: 'Object Repository/RecAndPlayBk/Page-Vlink-Debit/input' is clicked on

2023-02-28 18:43:54 - [TEST_STEP][PASSED] - if (verifyTextPresent("Transaction approved, no errors", true)): null

2023-02-28 18:43:55 - [MESSAGE][PASSED] - Text 'Transaction approved, no errors' is present on page  using regular expression

2023-02-28 18:43:55 - [TEST_STEP][PASSED] - println("Transaction Approved, no errors text is present on the Confirmation page"): null

2023-02-28 18:43:55 - [TEST_STEP][PASSED] - sdfo = getText(findTestObject("Object Repository/Page_VLinkReceipt/pre_STX")): Text of object 'Object Repository/Page_VLinkReceipt/pre_STX' is: '<STX>uGFXHJNo3cZZ                  2920830             0  Transaction approved, no errors                   0                                                                                                              <ETX>'

2023-02-28 18:43:55 - [MESSAGE][PASSED] - Text of object 'Object Repository/Page_VLinkReceipt/pre_STX' is: '<STX>uGFXHJNo3cZZ                  2920830             0  Transaction approved, no errors                   0                                                                                                              <ETX>'

2023-02-28 18:43:55 - [TEST_STEP][PASSED] - out.println("sdfo: " + sdfo): null

2023-02-28 18:43:55 - [TEST_STEP][PASSED] - remID = substring(5, 35).trim(): null

2023-02-28 18:43:55 - [TEST_STEP][PASSED] - out.println("remID: " + remID): null

2023-02-28 18:43:55 - [TEST_STEP][PASSED] - traxID = substring(35, 55).trim(): null

2023-02-28 18:43:55 - [TEST_STEP][PASSED] - out.println("traxID: " + traxID): null

2023-02-28 18:43:55 - [TEST_STEP][PASSED] - VLinkSaleRemID = remID: null

2023-02-28 18:43:55 - [TEST_STEP][PASSED] - VLinkSaleTranxID = traxID: null

2023-02-28 18:43:55 - [TEST_STEP][PASSED] - openBrowser(VLinkURL + "ACH_credit.html"): Browser is opened with url: 'https://dev-algorithm.govolution.com/vlinktest/demo2/version_2_0/ACH_credit.html'

2023-02-28 18:43:55 - [MESSAGE][WARNING] - A browser is already opened. Closing browser and opening a new one

2023-02-28 18:43:56 - [MESSAGE][INFO] - Starting 'Chrome' driver

2023-02-28 18:43:56 - [MESSAGE][INFO] - User set preference: ['acceptInsecureCerts', 'true']

2023-02-28 18:43:56 - [MESSAGE][INFO] - Action delay is set to 0 milliseconds

2023-02-28 18:43:58 - [MESSAGE][PASSED] - Browser is opened with url: 'https://dev-algorithm.govolution.com/vlinktest/demo2/version_2_0/ACH_credit.html'

2023-02-28 18:43:58 - [TEST_STEP][PASSED] - maximizeWindow(): Current window maximized

2023-02-28 18:43:58 - [MESSAGE][PASSED] - Current window maximized

2023-02-28 18:43:58 - [TEST_STEP][PASSED] - setText(findTestObject("Object Repository/RecAndPlayBk/Page-Vlink-ACH-Credit/input_Remittance Id"), VLinkSaleRemID): Text 'uGFXHJNo3cZZ' is set on object 'Object Repository/RecAndPlayBk/Page-Vlink-ACH-Credit/input_Remittance Id'

2023-02-28 18:43:59 - [MESSAGE][PASSED] - Text 'uGFXHJNo3cZZ' is set on object 'Object Repository/RecAndPlayBk/Page-Vlink-ACH-Credit/input_Remittance Id'

2023-02-28 18:43:59 - [TEST_STEP][PASSED] - setText(findTestObject("Object Repository/RecAndPlayBk/Page-Vlink-ACH-Credit/input_Application Id"), appID): Text '1773' is set on object 'Object Repository/RecAndPlayBk/Page-Vlink-ACH-Credit/input_Application Id'

2023-02-28 18:43:59 - [MESSAGE][PASSED] - Text '1773' is set on object 'Object Repository/RecAndPlayBk/Page-Vlink-ACH-Credit/input_Application Id'

2023-02-28 18:43:59 - [TEST_STEP][PASSED] - setText(findTestObject("Object Repository/RecAndPlayBk/Page-Vlink-ACH-Credit/input_Username"), username): Text 'Qq2BV1qtr' is set on object 'Object Repository/RecAndPlayBk/Page-Vlink-ACH-Credit/input_Username'

2023-02-28 18:44:00 - [MESSAGE][PASSED] - Text 'Qq2BV1qtr' is set on object 'Object Repository/RecAndPlayBk/Page-Vlink-ACH-Credit/input_Username'

2023-02-28 18:44:00 - [TEST_STEP][PASSED] - setText(findTestObject("Object Repository/RecAndPlayBk/Page-Vlink-ACH-Credit/input_Password"), password): Text 'tUmWBiLUx' is set on object 'Object Repository/RecAndPlayBk/Page-Vlink-ACH-Credit/input_Password'

2023-02-28 18:44:01 - [MESSAGE][PASSED] - Text 'tUmWBiLUx' is set on object 'Object Repository/RecAndPlayBk/Page-Vlink-ACH-Credit/input_Password'

2023-02-28 18:44:01 - [TEST_STEP][PASSED] - setText(findTestObject("Object Repository/RecAndPlayBk/Page-Vlink-ACH-Credit/input_Check Type"), checkType): Text 'P' is set on object 'Object Repository/RecAndPlayBk/Page-Vlink-ACH-Credit/input_Check Type'

2023-02-28 18:44:01 - [MESSAGE][PASSED] - Text 'P' is set on object 'Object Repository/RecAndPlayBk/Page-Vlink-ACH-Credit/input_Check Type'

2023-02-28 18:44:01 - [TEST_STEP][PASSED] - setText(findTestObject("Object Repository/RecAndPlayBk/Page-Vlink-ACH-Credit/input_Transaction ID"), VLinkSaleTranxID): Text '2920830' is set on object 'Object Repository/RecAndPlayBk/Page-Vlink-ACH-Credit/input_Transaction ID'

2023-02-28 18:44:02 - [MESSAGE][PASSED] - Text '2920830' is set on object 'Object Repository/RecAndPlayBk/Page-Vlink-ACH-Credit/input_Transaction ID'

2023-02-28 18:44:02 - [TEST_STEP][PASSED] - setText(findTestObject("Object Repository/RecAndPlayBk/Page-Vlink-ACH-Credit/input_Amount"), amount): Text '12.50' is set on object 'Object Repository/RecAndPlayBk/Page-Vlink-ACH-Credit/input_Amount'

2023-02-28 18:44:02 - [MESSAGE][PASSED] - Text '12.50' is set on object 'Object Repository/RecAndPlayBk/Page-Vlink-ACH-Credit/input_Amount'

2023-02-28 18:44:02 - [TEST_STEP][PASSED] - setText(findTestObject("Object Repository/RecAndPlayBk/Page-Vlink-ACH-Credit/input_Standard Entry Class"), sec): Text 'PPD' is set on object 'Object Repository/RecAndPlayBk/Page-Vlink-ACH-Credit/input_Standard Entry Class'

2023-02-28 18:44:03 - [MESSAGE][PASSED] - Text 'PPD' is set on object 'Object Repository/RecAndPlayBk/Page-Vlink-ACH-Credit/input_Standard Entry Class'

2023-02-28 18:44:03 - [TEST_STEP][PASSED] - setText(findTestObject("Object Repository/RecAndPlayBk/Page-Vlink-ACH-Credit/input_Account Number"), acNumber): Text '58963214' is set on object 'Object Repository/RecAndPlayBk/Page-Vlink-ACH-Credit/input_Account Number'

2023-02-28 18:44:04 - [MESSAGE][PASSED] - Text '58963214' is set on object 'Object Repository/RecAndPlayBk/Page-Vlink-ACH-Credit/input_Account Number'

2023-02-28 18:44:04 - [TEST_STEP][PASSED] - setText(findTestObject("Object Repository/RecAndPlayBk/Page-Vlink-ACH-Credit/input_Routing Number"), rtn): Text '256072691' is set on object 'Object Repository/RecAndPlayBk/Page-Vlink-ACH-Credit/input_Routing Number'

2023-02-28 18:44:04 - [MESSAGE][PASSED] - Text '256072691' is set on object 'Object Repository/RecAndPlayBk/Page-Vlink-ACH-Credit/input_Routing Number'

2023-02-28 18:44:04 - [TEST_STEP][PASSED] - click(findTestObject("Object Repository/RecAndPlayBk/Page-Vlink-ACH-Credit/input")): Object: 'Object Repository/RecAndPlayBk/Page-Vlink-ACH-Credit/input' is clicked on

2023-02-28 18:44:05 - [MESSAGE][PASSED] - Object: 'Object Repository/RecAndPlayBk/Page-Vlink-ACH-Credit/input' is clicked on

2023-02-28 18:44:05 - [TEST_STEP][PASSED] - if (verifyTextPresent("Transaction approved, no errors", true)): null

2023-02-28 18:44:05 - [MESSAGE][PASSED] - Text 'Transaction approved, no errors' is present on page  using regular expression

2023-02-28 18:44:05 - [TEST_STEP][PASSED] - println("Transaction Approved, no errors text is present on the Confirmation page"): null

2023-02-28 18:44:05 - [TEST_STEP][PASSED] - out.println("Pass Record Number: " + row): null

2023-02-28 18:44:05 - [TEST_STEP][PASSED] - resText = "Pass": null

2023-02-28 18:44:05 - [TEST_STEP][PASSED] - pages.WriteExcel.demoKey(resText, datText, resColumn, datCloumn, fileLoc, nameSheet, row): pages.WriteExcel.demoKey is PASSED

2023-02-28 18:44:05 - [MESSAGE][PASSED] - pages.WriteExcel.demoKey is PASSED

2023-02-28 18:44:05 - [TEST_STEP][PASSED] - ExecuteTC = findTestData(dataFile).getValue("Execute", row): null

2023-02-28 18:44:05 - [TEST_STEP][PASSED] - out.println("Value of Execute is : " + ExecuteTC): null

2023-02-28 18:44:05 - [TEST_STEP][PASSED] - switch (executionProfile): null

2023-02-28 18:44:05 - [TEST_STEP][PASSED] - case "Demo2Profile":: null

2023-02-28 18:44:05 - [TEST_STEP][PASSED] - appID = findTestData(dataFile).getValue("AppIDDemo", row): null

2023-02-28 18:44:05 - [TEST_STEP][PASSED] - username = findTestData(dataFile).getValue("UsernameDemo", row): null

2023-02-28 18:44:05 - [TEST_STEP][PASSED] - password = findTestData(dataFile).getValue("PasswordDemo", row): null

2023-02-28 18:44:06 - [TEST_STEP][PASSED] - break: null

2023-02-28 18:44:06 - [TEST_STEP][PASSED] - if (ExecuteTC.equalsIgnoreCase("Y")): null

2023-02-28 18:44:06 - [TEST_STEP][PASSED] - out.println("Begin Record Number: " + row): null

2023-02-28 18:44:06 - [TEST_STEP][PASSED] - today = new java.util.Date(): null

2023-02-28 18:44:06 - [TEST_STEP][PASSED] - println(today): null

2023-02-28 18:44:06 - [TEST_STEP][PASSED] - datText = today: null

2023-02-28 18:44:06 - [TEST_STEP][PASSED] - checkType = findTestData(dataFile).getValue("CheckType", row): null

2023-02-28 18:44:06 - [TEST_STEP][PASSED] - acNumber = findTestData(dataFile).getValue("AcNumber", row): null

2023-02-28 18:44:06 - [TEST_STEP][PASSED] - company = findTestData(dataFile).getValue("Company", row): null

2023-02-28 18:44:06 - [TEST_STEP][PASSED] - acType = findTestData(dataFile).getValue("AcType", row): null

2023-02-28 18:44:06 - [TEST_STEP][PASSED] - rtn = findTestData(dataFile).getValue("RTN", row): null

2023-02-28 18:44:06 - [TEST_STEP][PASSED] - amount = findTestData(dataFile).getValue("Amount", row): null

2023-02-28 18:44:06 - [TEST_STEP][PASSED] - sec = findTestData(dataFile).getValue("SEC", row): null

2023-02-28 18:44:06 - [TEST_STEP][PASSED] - openBrowser(VLinkURL + "debit.html"): Browser is opened with url: 'https://dev-algorithm.govolution.com/vlinktest/demo2/version_2_0/debit.html'

2023-02-28 18:44:06 - [MESSAGE][WARNING] - A browser is already opened. Closing browser and opening a new one

2023-02-28 18:44:07 - [MESSAGE][INFO] - Starting 'Chrome' driver

2023-02-28 18:44:07 - [MESSAGE][INFO] - User set preference: ['acceptInsecureCerts', 'true']

2023-02-28 18:44:07 - [MESSAGE][INFO] - Action delay is set to 0 milliseconds

2023-02-28 18:44:09 - [MESSAGE][PASSED] - Browser is opened with url: 'https://dev-algorithm.govolution.com/vlinktest/demo2/version_2_0/debit.html'

2023-02-28 18:44:09 - [TEST_STEP][PASSED] - maximizeWindow(): Current window maximized

2023-02-28 18:44:09 - [MESSAGE][PASSED] - Current window maximized

2023-02-28 18:44:09 - [TEST_STEP][PASSED] - genRemID = RandomStringUtils.random(12, true, true): null

2023-02-28 18:44:09 - [TEST_STEP][PASSED] - setText(findTestObject("RecAndPlayBk/Page-Vlink-Debit/input_Remittance Id"), genRemID): Text 'c43upXhsVl2Z' is set on object 'Object Repository/RecAndPlayBk/Page-Vlink-Debit/input_Remittance Id'

2023-02-28 18:44:10 - [MESSAGE][PASSED] - Text 'c43upXhsVl2Z' is set on object 'Object Repository/RecAndPlayBk/Page-Vlink-Debit/input_Remittance Id'

2023-02-28 18:44:10 - [TEST_STEP][PASSED] - setText(findTestObject("RecAndPlayBk/Page-Vlink-Debit/input_Application Id"), appID): Text '1773' is set on object 'Object Repository/RecAndPlayBk/Page-Vlink-Debit/input_Application Id'

2023-02-28 18:44:10 - [MESSAGE][PASSED] - Text '1773' is set on object 'Object Repository/RecAndPlayBk/Page-Vlink-Debit/input_Application Id'

2023-02-28 18:44:10 - [TEST_STEP][PASSED] - setText(findTestObject("RecAndPlayBk/Page-Vlink-Debit/input_Username"), username): Text 'Qq2BV1qtr' is set on object 'Object Repository/RecAndPlayBk/Page-Vlink-Debit/input_Username'

2023-02-28 18:44:11 - [MESSAGE][PASSED] - Text 'Qq2BV1qtr' is set on object 'Object Repository/RecAndPlayBk/Page-Vlink-Debit/input_Username'

2023-02-28 18:44:11 - [TEST_STEP][PASSED] - setText(findTestObject("RecAndPlayBk/Page-Vlink-Debit/input_Password"), password): Text 'tUmWBiLUx' is set on object 'Object Repository/RecAndPlayBk/Page-Vlink-Debit/input_Password'

2023-02-28 18:44:12 - [MESSAGE][PASSED] - Text 'tUmWBiLUx' is set on object 'Object Repository/RecAndPlayBk/Page-Vlink-Debit/input_Password'

2023-02-28 18:44:12 - [TEST_STEP][PASSED] - setText(findTestObject("RecAndPlayBk/Page-Vlink-Debit/input_Check Type"), checkType): Text 'P' is set on object 'Object Repository/RecAndPlayBk/Page-Vlink-Debit/input_Check Type'

2023-02-28 18:44:12 - [MESSAGE][PASSED] - Text 'P' is set on object 'Object Repository/RecAndPlayBk/Page-Vlink-Debit/input_Check Type'

2023-02-28 18:44:12 - [TEST_STEP][PASSED] - setText(findTestObject("RecAndPlayBk/Page-Vlink-Debit/input_Account_check"), acNumber): Text '58963214' is set on object 'Object Repository/RecAndPlayBk/Page-Vlink-Debit/input_Account_check'

2023-02-28 18:44:13 - [MESSAGE][PASSED] - Text '58963214' is set on object 'Object Repository/RecAndPlayBk/Page-Vlink-Debit/input_Account_check'

2023-02-28 18:44:13 - [TEST_STEP][PASSED] - setText(findTestObject("RecAndPlayBk/Page-Vlink-Debit/input_Company_check"), company): Text '' is set on object 'Object Repository/RecAndPlayBk/Page-Vlink-Debit/input_Company_check'

2023-02-28 18:44:14 - [MESSAGE][PASSED] - Text '' is set on object 'Object Repository/RecAndPlayBk/Page-Vlink-Debit/input_Company_check'

2023-02-28 18:44:14 - [TEST_STEP][PASSED] - setText(findTestObject("RecAndPlayBk/Page-Vlink-Debit/input_Account Type"), acType): Text '2' is set on object 'Object Repository/RecAndPlayBk/Page-Vlink-Debit/input_Account Type'

2023-02-28 18:44:14 - [MESSAGE][PASSED] - Text '2' is set on object 'Object Repository/RecAndPlayBk/Page-Vlink-Debit/input_Account Type'

2023-02-28 18:44:14 - [TEST_STEP][PASSED] - setText(findTestObject("RecAndPlayBk/Page-Vlink-Debit/input_Routing Number"), rtn): Text '256072691' is set on object 'Object Repository/RecAndPlayBk/Page-Vlink-Debit/input_Routing Number'

2023-02-28 18:44:15 - [MESSAGE][PASSED] - Text '256072691' is set on object 'Object Repository/RecAndPlayBk/Page-Vlink-Debit/input_Routing Number'

2023-02-28 18:44:15 - [TEST_STEP][PASSED] - setText(findTestObject("RecAndPlayBk/Page-Vlink-Debit/input_Amount"), amount): Text '12.50' is set on object 'Object Repository/RecAndPlayBk/Page-Vlink-Debit/input_Amount'

2023-02-28 18:44:15 - [MESSAGE][PASSED] - Text '12.50' is set on object 'Object Repository/RecAndPlayBk/Page-Vlink-Debit/input_Amount'

2023-02-28 18:44:15 - [TEST_STEP][PASSED] - setText(findTestObject("RecAndPlayBk/Page-Vlink-Debit/input_Check Email"), ""): Text '' is set on object 'Object Repository/RecAndPlayBk/Page-Vlink-Debit/input_Check Email'

2023-02-28 18:44:16 - [MESSAGE][PASSED] - Text '' is set on object 'Object Repository/RecAndPlayBk/Page-Vlink-Debit/input_Check Email'

2023-02-28 18:44:16 - [TEST_STEP][PASSED] - setText(findTestObject("Object Repository/RecAndPlayBk/Page-Vlink-Debit/input_concat(CheckWriter, , s SSN)_check_ssn"), ""): Text '' is set on object 'Object Repository/RecAndPlayBk/Page-Vlink-Debit/input_concat(CheckWriter, , s SSN)_check_ssn'

2023-02-28 18:44:17 - [MESSAGE][PASSED] - Text '' is set on object 'Object Repository/RecAndPlayBk/Page-Vlink-Debit/input_concat(CheckWriter, , s SSN)_check_ssn'

2023-02-28 18:44:17 - [TEST_STEP][PASSED] - setText(findTestObject("Object Repository/RecAndPlayBk/Page-Vlink-Debit/input_concat(CheckWriter, , s License Numbe_020fef"), ""): Text '' is set on object 'Object Repository/RecAndPlayBk/Page-Vlink-Debit/input_concat(CheckWriter, , s License Numbe_020fef'

2023-02-28 18:44:17 - [MESSAGE][PASSED] - Text '' is set on object 'Object Repository/RecAndPlayBk/Page-Vlink-Debit/input_concat(CheckWriter, , s License Numbe_020fef'

2023-02-28 18:44:17 - [TEST_STEP][PASSED] - setText(findTestObject("Object Repository/RecAndPlayBk/Page-Vlink-Debit/input_concat(CheckWriter, , s License State_21e3e7"), ""): Text '' is set on object 'Object Repository/RecAndPlayBk/Page-Vlink-Debit/input_concat(CheckWriter, , s License State_21e3e7'

2023-02-28 18:44:18 - [MESSAGE][PASSED] - Text '' is set on object 'Object Repository/RecAndPlayBk/Page-Vlink-Debit/input_concat(CheckWriter, , s License State_21e3e7'

2023-02-28 18:44:18 - [TEST_STEP][PASSED] - setText(findTestObject("RecAndPlayBk/Page-Vlink-Debit/input_Standard Entry Class"), sec): Text 'WEB' is set on object 'Object Repository/RecAndPlayBk/Page-Vlink-Debit/input_Standard Entry Class'

2023-02-28 18:44:19 - [MESSAGE][PASSED] - Text 'WEB' is set on object 'Object Repository/RecAndPlayBk/Page-Vlink-Debit/input_Standard Entry Class'

2023-02-28 18:44:19 - [TEST_STEP][PASSED] - click(findTestObject("Object Repository/RecAndPlayBk/Page-Vlink-Debit/input")): Object: 'Object Repository/RecAndPlayBk/Page-Vlink-Debit/input' is clicked on

2023-02-28 18:44:19 - [MESSAGE][PASSED] - Object: 'Object Repository/RecAndPlayBk/Page-Vlink-Debit/input' is clicked on

2023-02-28 18:44:19 - [TEST_STEP][PASSED] - if (verifyTextPresent("Transaction approved, no errors", true)): null

2023-02-28 18:44:20 - [MESSAGE][PASSED] - Text 'Transaction approved, no errors' is present on page  using regular expression

2023-02-28 18:44:20 - [TEST_STEP][PASSED] - println("Transaction Approved, no errors text is present on the Confirmation page"): null

2023-02-28 18:44:20 - [TEST_STEP][PASSED] - sdfo = getText(findTestObject("Object Repository/Page_VLinkReceipt/pre_STX")): Text of object 'Object Repository/Page_VLinkReceipt/pre_STX' is: '<STX>c43upXhsVl2Z                  2920832             0  Transaction approved, no errors                   0                                                                                                              <ETX>'

2023-02-28 18:44:20 - [MESSAGE][PASSED] - Text of object 'Object Repository/Page_VLinkReceipt/pre_STX' is: '<STX>c43upXhsVl2Z                  2920832             0  Transaction approved, no errors                   0                                                                                                              <ETX>'

2023-02-28 18:44:20 - [TEST_STEP][PASSED] - out.println("sdfo: " + sdfo): null

2023-02-28 18:44:20 - [TEST_STEP][PASSED] - remID = substring(5, 35).trim(): null

2023-02-28 18:44:20 - [TEST_STEP][PASSED] - out.println("remID: " + remID): null

2023-02-28 18:44:20 - [TEST_STEP][PASSED] - traxID = substring(35, 55).trim(): null

2023-02-28 18:44:20 - [TEST_STEP][PASSED] - out.println("traxID: " + traxID): null

2023-02-28 18:44:20 - [TEST_STEP][PASSED] - VLinkSaleRemID = remID: null

2023-02-28 18:44:20 - [TEST_STEP][PASSED] - VLinkSaleTranxID = traxID: null

2023-02-28 18:44:20 - [TEST_STEP][PASSED] - openBrowser(VLinkURL + "ACH_credit.html"): Browser is opened with url: 'https://dev-algorithm.govolution.com/vlinktest/demo2/version_2_0/ACH_credit.html'

2023-02-28 18:44:20 - [MESSAGE][WARNING] - A browser is already opened. Closing browser and opening a new one

2023-02-28 18:44:21 - [MESSAGE][INFO] - Starting 'Chrome' driver

2023-02-28 18:44:21 - [MESSAGE][INFO] - User set preference: ['acceptInsecureCerts', 'true']

2023-02-28 18:44:21 - [MESSAGE][INFO] - Action delay is set to 0 milliseconds

2023-02-28 18:44:23 - [MESSAGE][PASSED] - Browser is opened with url: 'https://dev-algorithm.govolution.com/vlinktest/demo2/version_2_0/ACH_credit.html'

2023-02-28 18:44:23 - [TEST_STEP][PASSED] - maximizeWindow(): Current window maximized

2023-02-28 18:44:23 - [MESSAGE][PASSED] - Current window maximized

2023-02-28 18:44:23 - [TEST_STEP][PASSED] - setText(findTestObject("Object Repository/RecAndPlayBk/Page-Vlink-ACH-Credit/input_Remittance Id"), VLinkSaleRemID): Text 'c43upXhsVl2Z' is set on object 'Object Repository/RecAndPlayBk/Page-Vlink-ACH-Credit/input_Remittance Id'

2023-02-28 18:44:24 - [MESSAGE][PASSED] - Text 'c43upXhsVl2Z' is set on object 'Object Repository/RecAndPlayBk/Page-Vlink-ACH-Credit/input_Remittance Id'

2023-02-28 18:44:24 - [TEST_STEP][PASSED] - setText(findTestObject("Object Repository/RecAndPlayBk/Page-Vlink-ACH-Credit/input_Application Id"), appID): Text '1773' is set on object 'Object Repository/RecAndPlayBk/Page-Vlink-ACH-Credit/input_Application Id'

2023-02-28 18:44:25 - [MESSAGE][PASSED] - Text '1773' is set on object 'Object Repository/RecAndPlayBk/Page-Vlink-ACH-Credit/input_Application Id'

2023-02-28 18:44:25 - [TEST_STEP][PASSED] - setText(findTestObject("Object Repository/RecAndPlayBk/Page-Vlink-ACH-Credit/input_Username"), username): Text 'Qq2BV1qtr' is set on object 'Object Repository/RecAndPlayBk/Page-Vlink-ACH-Credit/input_Username'

2023-02-28 18:44:25 - [MESSAGE][PASSED] - Text 'Qq2BV1qtr' is set on object 'Object Repository/RecAndPlayBk/Page-Vlink-ACH-Credit/input_Username'

2023-02-28 18:44:25 - [TEST_STEP][PASSED] - setText(findTestObject("Object Repository/RecAndPlayBk/Page-Vlink-ACH-Credit/input_Password"), password): Text 'tUmWBiLUx' is set on object 'Object Repository/RecAndPlayBk/Page-Vlink-ACH-Credit/input_Password'

2023-02-28 18:44:26 - [MESSAGE][PASSED] - Text 'tUmWBiLUx' is set on object 'Object Repository/RecAndPlayBk/Page-Vlink-ACH-Credit/input_Password'

2023-02-28 18:44:26 - [TEST_STEP][PASSED] - setText(findTestObject("Object Repository/RecAndPlayBk/Page-Vlink-ACH-Credit/input_Check Type"), checkType): Text 'P' is set on object 'Object Repository/RecAndPlayBk/Page-Vlink-ACH-Credit/input_Check Type'

2023-02-28 18:44:26 - [MESSAGE][PASSED] - Text 'P' is set on object 'Object Repository/RecAndPlayBk/Page-Vlink-ACH-Credit/input_Check Type'

2023-02-28 18:44:26 - [TEST_STEP][PASSED] - setText(findTestObject("Object Repository/RecAndPlayBk/Page-Vlink-ACH-Credit/input_Transaction ID"), VLinkSaleTranxID): Text '2920832' is set on object 'Object Repository/RecAndPlayBk/Page-Vlink-ACH-Credit/input_Transaction ID'

2023-02-28 18:44:27 - [MESSAGE][PASSED] - Text '2920832' is set on object 'Object Repository/RecAndPlayBk/Page-Vlink-ACH-Credit/input_Transaction ID'

2023-02-28 18:44:27 - [TEST_STEP][PASSED] - setText(findTestObject("Object Repository/RecAndPlayBk/Page-Vlink-ACH-Credit/input_Amount"), amount): Text '12.50' is set on object 'Object Repository/RecAndPlayBk/Page-Vlink-ACH-Credit/input_Amount'

2023-02-28 18:44:28 - [MESSAGE][PASSED] - Text '12.50' is set on object 'Object Repository/RecAndPlayBk/Page-Vlink-ACH-Credit/input_Amount'

2023-02-28 18:44:28 - [TEST_STEP][PASSED] - setText(findTestObject("Object Repository/RecAndPlayBk/Page-Vlink-ACH-Credit/input_Standard Entry Class"), sec): Text 'WEB' is set on object 'Object Repository/RecAndPlayBk/Page-Vlink-ACH-Credit/input_Standard Entry Class'

2023-02-28 18:44:28 - [MESSAGE][PASSED] - Text 'WEB' is set on object 'Object Repository/RecAndPlayBk/Page-Vlink-ACH-Credit/input_Standard Entry Class'

2023-02-28 18:44:28 - [TEST_STEP][PASSED] - setText(findTestObject("Object Repository/RecAndPlayBk/Page-Vlink-ACH-Credit/input_Account Number"), acNumber): Text '58963214' is set on object 'Object Repository/RecAndPlayBk/Page-Vlink-ACH-Credit/input_Account Number'

2023-02-28 18:44:29 - [MESSAGE][PASSED] - Text '58963214' is set on object 'Object Repository/RecAndPlayBk/Page-Vlink-ACH-Credit/input_Account Number'

2023-02-28 18:44:29 - [TEST_STEP][PASSED] - setText(findTestObject("Object Repository/RecAndPlayBk/Page-Vlink-ACH-Credit/input_Routing Number"), rtn): Text '256072691' is set on object 'Object Repository/RecAndPlayBk/Page-Vlink-ACH-Credit/input_Routing Number'

2023-02-28 18:44:29 - [MESSAGE][PASSED] - Text '256072691' is set on object 'Object Repository/RecAndPlayBk/Page-Vlink-ACH-Credit/input_Routing Number'

2023-02-28 18:44:29 - [TEST_STEP][PASSED] - click(findTestObject("Object Repository/RecAndPlayBk/Page-Vlink-ACH-Credit/input")): Object: 'Object Repository/RecAndPlayBk/Page-Vlink-ACH-Credit/input' is clicked on

2023-02-28 18:44:30 - [MESSAGE][PASSED] - Object: 'Object Repository/RecAndPlayBk/Page-Vlink-ACH-Credit/input' is clicked on

2023-02-28 18:44:30 - [TEST_STEP][PASSED] - if (verifyTextPresent("Transaction approved, no errors", true)): null

2023-02-28 18:44:30 - [MESSAGE][PASSED] - Text 'Transaction approved, no errors' is present on page  using regular expression

2023-02-28 18:44:30 - [TEST_STEP][PASSED] - println("Transaction Approved, no errors text is present on the Confirmation page"): null

2023-02-28 18:44:30 - [TEST_STEP][PASSED] - out.println("Pass Record Number: " + row): null

2023-02-28 18:44:30 - [TEST_STEP][PASSED] - resText = "Pass": null

2023-02-28 18:44:30 - [TEST_STEP][PASSED] - pages.WriteExcel.demoKey(resText, datText, resColumn, datCloumn, fileLoc, nameSheet, row): pages.WriteExcel.demoKey is PASSED

2023-02-28 18:44:31 - [MESSAGE][PASSED] - pages.WriteExcel.demoKey is PASSED

2023-02-28 18:44:31 - [TEST_STEP][PASSED] - ExecuteTC = findTestData(dataFile).getValue("Execute", row): null

2023-02-28 18:44:31 - [TEST_STEP][PASSED] - out.println("Value of Execute is : " + ExecuteTC): null

2023-02-28 18:44:31 - [TEST_STEP][PASSED] - switch (executionProfile): null

2023-02-28 18:44:31 - [TEST_STEP][PASSED] - case "Demo2Profile":: null

2023-02-28 18:44:31 - [TEST_STEP][PASSED] - appID = findTestData(dataFile).getValue("AppIDDemo", row): null

2023-02-28 18:44:31 - [TEST_STEP][PASSED] - username = findTestData(dataFile).getValue("UsernameDemo", row): null

2023-02-28 18:44:31 - [TEST_STEP][PASSED] - password = findTestData(dataFile).getValue("PasswordDemo", row): null

2023-02-28 18:44:31 - [TEST_STEP][PASSED] - break: null

2023-02-28 18:44:31 - [TEST_STEP][PASSED] - if (ExecuteTC.equalsIgnoreCase("Y")): null

2023-02-28 18:44:31 - [TEST_STEP][PASSED] - out.println("Begin Record Number: " + row): null

2023-02-28 18:44:31 - [TEST_STEP][PASSED] - today = new java.util.Date(): null

2023-02-28 18:44:31 - [TEST_STEP][PASSED] - println(today): null

2023-02-28 18:44:31 - [TEST_STEP][PASSED] - datText = today: null

2023-02-28 18:44:31 - [TEST_STEP][PASSED] - checkType = findTestData(dataFile).getValue("CheckType", row): null

2023-02-28 18:44:31 - [TEST_STEP][PASSED] - acNumber = findTestData(dataFile).getValue("AcNumber", row): null

2023-02-28 18:44:31 - [TEST_STEP][PASSED] - company = findTestData(dataFile).getValue("Company", row): null

2023-02-28 18:44:31 - [TEST_STEP][PASSED] - acType = findTestData(dataFile).getValue("AcType", row): null

2023-02-28 18:44:31 - [TEST_STEP][PASSED] - rtn = findTestData(dataFile).getValue("RTN", row): null

2023-02-28 18:44:31 - [TEST_STEP][PASSED] - amount = findTestData(dataFile).getValue("Amount", row): null

2023-02-28 18:44:31 - [TEST_STEP][PASSED] - sec = findTestData(dataFile).getValue("SEC", row): null

2023-02-28 18:44:31 - [TEST_STEP][PASSED] - openBrowser(VLinkURL + "debit.html"): Browser is opened with url: 'https://dev-algorithm.govolution.com/vlinktest/demo2/version_2_0/debit.html'

2023-02-28 18:44:31 - [MESSAGE][WARNING] - A browser is already opened. Closing browser and opening a new one

2023-02-28 18:44:32 - [MESSAGE][INFO] - Starting 'Chrome' driver

2023-02-28 18:44:32 - [MESSAGE][INFO] - User set preference: ['acceptInsecureCerts', 'true']

2023-02-28 18:44:32 - [MESSAGE][INFO] - Action delay is set to 0 milliseconds

2023-02-28 18:44:34 - [MESSAGE][PASSED] - Browser is opened with url: 'https://dev-algorithm.govolution.com/vlinktest/demo2/version_2_0/debit.html'

2023-02-28 18:44:34 - [TEST_STEP][PASSED] - maximizeWindow(): Current window maximized

2023-02-28 18:44:34 - [MESSAGE][PASSED] - Current window maximized

2023-02-28 18:44:34 - [TEST_STEP][PASSED] - genRemID = RandomStringUtils.random(12, true, true): null

2023-02-28 18:44:34 - [TEST_STEP][PASSED] - setText(findTestObject("RecAndPlayBk/Page-Vlink-Debit/input_Remittance Id"), genRemID): Text 'ocvU6BWBuxeN' is set on object 'Object Repository/RecAndPlayBk/Page-Vlink-Debit/input_Remittance Id'

2023-02-28 18:44:35 - [MESSAGE][PASSED] - Text 'ocvU6BWBuxeN' is set on object 'Object Repository/RecAndPlayBk/Page-Vlink-Debit/input_Remittance Id'

2023-02-28 18:44:35 - [TEST_STEP][PASSED] - setText(findTestObject("RecAndPlayBk/Page-Vlink-Debit/input_Application Id"), appID): Text '1773' is set on object 'Object Repository/RecAndPlayBk/Page-Vlink-Debit/input_Application Id'

2023-02-28 18:44:36 - [MESSAGE][PASSED] - Text '1773' is set on object 'Object Repository/RecAndPlayBk/Page-Vlink-Debit/input_Application Id'

2023-02-28 18:44:36 - [TEST_STEP][PASSED] - setText(findTestObject("RecAndPlayBk/Page-Vlink-Debit/input_Username"), username): Text 'Qq2BV1qtr' is set on object 'Object Repository/RecAndPlayBk/Page-Vlink-Debit/input_Username'

2023-02-28 18:44:36 - [MESSAGE][PASSED] - Text 'Qq2BV1qtr' is set on object 'Object Repository/RecAndPlayBk/Page-Vlink-Debit/input_Username'

2023-02-28 18:44:36 - [TEST_STEP][PASSED] - setText(findTestObject("RecAndPlayBk/Page-Vlink-Debit/input_Password"), password): Text 'tUmWBiLUx' is set on object 'Object Repository/RecAndPlayBk/Page-Vlink-Debit/input_Password'

2023-02-28 18:44:37 - [MESSAGE][PASSED] - Text 'tUmWBiLUx' is set on object 'Object Repository/RecAndPlayBk/Page-Vlink-Debit/input_Password'

2023-02-28 18:44:37 - [TEST_STEP][PASSED] - setText(findTestObject("RecAndPlayBk/Page-Vlink-Debit/input_Check Type"), checkType): Text 'P' is set on object 'Object Repository/RecAndPlayBk/Page-Vlink-Debit/input_Check Type'

2023-02-28 18:44:38 - [MESSAGE][PASSED] - Text 'P' is set on object 'Object Repository/RecAndPlayBk/Page-Vlink-Debit/input_Check Type'

2023-02-28 18:44:38 - [TEST_STEP][PASSED] - setText(findTestObject("RecAndPlayBk/Page-Vlink-Debit/input_Account_check"), acNumber): Text '58963214' is set on object 'Object Repository/RecAndPlayBk/Page-Vlink-Debit/input_Account_check'

2023-02-28 18:44:38 - [MESSAGE][PASSED] - Text '58963214' is set on object 'Object Repository/RecAndPlayBk/Page-Vlink-Debit/input_Account_check'

2023-02-28 18:44:38 - [TEST_STEP][PASSED] - setText(findTestObject("RecAndPlayBk/Page-Vlink-Debit/input_Company_check"), company): Text '' is set on object 'Object Repository/RecAndPlayBk/Page-Vlink-Debit/input_Company_check'

2023-02-28 18:44:39 - [MESSAGE][PASSED] - Text '' is set on object 'Object Repository/RecAndPlayBk/Page-Vlink-Debit/input_Company_check'

2023-02-28 18:44:39 - [TEST_STEP][PASSED] - setText(findTestObject("RecAndPlayBk/Page-Vlink-Debit/input_Account Type"), acType): Text '2' is set on object 'Object Repository/RecAndPlayBk/Page-Vlink-Debit/input_Account Type'

2023-02-28 18:44:39 - [MESSAGE][PASSED] - Text '2' is set on object 'Object Repository/RecAndPlayBk/Page-Vlink-Debit/input_Account Type'

2023-02-28 18:44:39 - [TEST_STEP][PASSED] - setText(findTestObject("RecAndPlayBk/Page-Vlink-Debit/input_Routing Number"), rtn): Text '256072691' is set on object 'Object Repository/RecAndPlayBk/Page-Vlink-Debit/input_Routing Number'

2023-02-28 18:44:40 - [MESSAGE][PASSED] - Text '256072691' is set on object 'Object Repository/RecAndPlayBk/Page-Vlink-Debit/input_Routing Number'

2023-02-28 18:44:40 - [TEST_STEP][PASSED] - setText(findTestObject("RecAndPlayBk/Page-Vlink-Debit/input_Amount"), amount): Text '12.50' is set on object 'Object Repository/RecAndPlayBk/Page-Vlink-Debit/input_Amount'

2023-02-28 18:44:41 - [MESSAGE][PASSED] - Text '12.50' is set on object 'Object Repository/RecAndPlayBk/Page-Vlink-Debit/input_Amount'

2023-02-28 18:44:41 - [TEST_STEP][PASSED] - setText(findTestObject("RecAndPlayBk/Page-Vlink-Debit/input_Check Email"), ""): Text '' is set on object 'Object Repository/RecAndPlayBk/Page-Vlink-Debit/input_Check Email'

2023-02-28 18:44:41 - [MESSAGE][PASSED] - Text '' is set on object 'Object Repository/RecAndPlayBk/Page-Vlink-Debit/input_Check Email'

2023-02-28 18:44:41 - [TEST_STEP][PASSED] - setText(findTestObject("Object Repository/RecAndPlayBk/Page-Vlink-Debit/input_concat(CheckWriter, , s SSN)_check_ssn"), ""): Text '' is set on object 'Object Repository/RecAndPlayBk/Page-Vlink-Debit/input_concat(CheckWriter, , s SSN)_check_ssn'

2023-02-28 18:44:42 - [MESSAGE][PASSED] - Text '' is set on object 'Object Repository/RecAndPlayBk/Page-Vlink-Debit/input_concat(CheckWriter, , s SSN)_check_ssn'

2023-02-28 18:44:42 - [TEST_STEP][PASSED] - setText(findTestObject("Object Repository/RecAndPlayBk/Page-Vlink-Debit/input_concat(CheckWriter, , s License Numbe_020fef"), ""): Text '' is set on object 'Object Repository/RecAndPlayBk/Page-Vlink-Debit/input_concat(CheckWriter, , s License Numbe_020fef'

2023-02-28 18:44:43 - [MESSAGE][PASSED] - Text '' is set on object 'Object Repository/RecAndPlayBk/Page-Vlink-Debit/input_concat(CheckWriter, , s License Numbe_020fef'

2023-02-28 18:44:43 - [TEST_STEP][PASSED] - setText(findTestObject("Object Repository/RecAndPlayBk/Page-Vlink-Debit/input_concat(CheckWriter, , s License State_21e3e7"), ""): Text '' is set on object 'Object Repository/RecAndPlayBk/Page-Vlink-Debit/input_concat(CheckWriter, , s License State_21e3e7'

2023-02-28 18:44:43 - [MESSAGE][PASSED] - Text '' is set on object 'Object Repository/RecAndPlayBk/Page-Vlink-Debit/input_concat(CheckWriter, , s License State_21e3e7'

2023-02-28 18:44:43 - [TEST_STEP][PASSED] - setText(findTestObject("RecAndPlayBk/Page-Vlink-Debit/input_Standard Entry Class"), sec): Text 'TEL' is set on object 'Object Repository/RecAndPlayBk/Page-Vlink-Debit/input_Standard Entry Class'

2023-02-28 18:44:44 - [MESSAGE][PASSED] - Text 'TEL' is set on object 'Object Repository/RecAndPlayBk/Page-Vlink-Debit/input_Standard Entry Class'

2023-02-28 18:44:44 - [TEST_STEP][PASSED] - click(findTestObject("Object Repository/RecAndPlayBk/Page-Vlink-Debit/input")): Object: 'Object Repository/RecAndPlayBk/Page-Vlink-Debit/input' is clicked on

2023-02-28 18:44:45 - [MESSAGE][PASSED] - Object: 'Object Repository/RecAndPlayBk/Page-Vlink-Debit/input' is clicked on

2023-02-28 18:44:45 - [TEST_STEP][PASSED] - if (verifyTextPresent("Transaction approved, no errors", true)): null

2023-02-28 18:44:45 - [MESSAGE][PASSED] - Text 'Transaction approved, no errors' is present on page  using regular expression

2023-02-28 18:44:45 - [TEST_STEP][PASSED] - println("Transaction Approved, no errors text is present on the Confirmation page"): null

2023-02-28 18:44:45 - [TEST_STEP][PASSED] - sdfo = getText(findTestObject("Object Repository/Page_VLinkReceipt/pre_STX")): Text of object 'Object Repository/Page_VLinkReceipt/pre_STX' is: '<STX>ocvU6BWBuxeN                  2920834             0  Transaction approved, no errors                   0                                                                                                              <ETX>'

2023-02-28 18:44:45 - [MESSAGE][PASSED] - Text of object 'Object Repository/Page_VLinkReceipt/pre_STX' is: '<STX>ocvU6BWBuxeN                  2920834             0  Transaction approved, no errors                   0                                                                                                              <ETX>'

2023-02-28 18:44:45 - [TEST_STEP][PASSED] - out.println("sdfo: " + sdfo): null

2023-02-28 18:44:45 - [TEST_STEP][PASSED] - remID = substring(5, 35).trim(): null

2023-02-28 18:44:45 - [TEST_STEP][PASSED] - out.println("remID: " + remID): null

2023-02-28 18:44:45 - [TEST_STEP][PASSED] - traxID = substring(35, 55).trim(): null

2023-02-28 18:44:45 - [TEST_STEP][PASSED] - out.println("traxID: " + traxID): null

2023-02-28 18:44:45 - [TEST_STEP][PASSED] - VLinkSaleRemID = remID: null

2023-02-28 18:44:45 - [TEST_STEP][PASSED] - VLinkSaleTranxID = traxID: null

2023-02-28 18:44:45 - [TEST_STEP][PASSED] - openBrowser(VLinkURL + "ACH_credit.html"): Browser is opened with url: 'https://dev-algorithm.govolution.com/vlinktest/demo2/version_2_0/ACH_credit.html'

2023-02-28 18:44:45 - [MESSAGE][WARNING] - A browser is already opened. Closing browser and opening a new one

2023-02-28 18:44:46 - [MESSAGE][INFO] - Starting 'Chrome' driver

2023-02-28 18:44:46 - [MESSAGE][INFO] - User set preference: ['acceptInsecureCerts', 'true']

2023-02-28 18:44:46 - [MESSAGE][INFO] - Action delay is set to 0 milliseconds

2023-02-28 18:44:48 - [MESSAGE][PASSED] - Browser is opened with url: 'https://dev-algorithm.govolution.com/vlinktest/demo2/version_2_0/ACH_credit.html'

2023-02-28 18:44:48 - [TEST_STEP][PASSED] - maximizeWindow(): Current window maximized

2023-02-28 18:44:48 - [MESSAGE][PASSED] - Current window maximized

2023-02-28 18:44:48 - [TEST_STEP][PASSED] - setText(findTestObject("Object Repository/RecAndPlayBk/Page-Vlink-ACH-Credit/input_Remittance Id"), VLinkSaleRemID): Text 'ocvU6BWBuxeN' is set on object 'Object Repository/RecAndPlayBk/Page-Vlink-ACH-Credit/input_Remittance Id'

2023-02-28 18:44:49 - [MESSAGE][PASSED] - Text 'ocvU6BWBuxeN' is set on object 'Object Repository/RecAndPlayBk/Page-Vlink-ACH-Credit/input_Remittance Id'

2023-02-28 18:44:49 - [TEST_STEP][PASSED] - setText(findTestObject("Object Repository/RecAndPlayBk/Page-Vlink-ACH-Credit/input_Application Id"), appID): Text '1773' is set on object 'Object Repository/RecAndPlayBk/Page-Vlink-ACH-Credit/input_Application Id'

2023-02-28 18:44:50 - [MESSAGE][PASSED] - Text '1773' is set on object 'Object Repository/RecAndPlayBk/Page-Vlink-ACH-Credit/input_Application Id'

2023-02-28 18:44:50 - [TEST_STEP][PASSED] - setText(findTestObject("Object Repository/RecAndPlayBk/Page-Vlink-ACH-Credit/input_Username"), username): Text 'Qq2BV1qtr' is set on object 'Object Repository/RecAndPlayBk/Page-Vlink-ACH-Credit/input_Username'

2023-02-28 18:44:50 - [MESSAGE][PASSED] - Text 'Qq2BV1qtr' is set on object 'Object Repository/RecAndPlayBk/Page-Vlink-ACH-Credit/input_Username'

2023-02-28 18:44:50 - [TEST_STEP][PASSED] - setText(findTestObject("Object Repository/RecAndPlayBk/Page-Vlink-ACH-Credit/input_Password"), password): Text 'tUmWBiLUx' is set on object 'Object Repository/RecAndPlayBk/Page-Vlink-ACH-Credit/input_Password'

2023-02-28 18:44:51 - [MESSAGE][PASSED] - Text 'tUmWBiLUx' is set on object 'Object Repository/RecAndPlayBk/Page-Vlink-ACH-Credit/input_Password'

2023-02-28 18:44:51 - [TEST_STEP][PASSED] - setText(findTestObject("Object Repository/RecAndPlayBk/Page-Vlink-ACH-Credit/input_Check Type"), checkType): Text 'P' is set on object 'Object Repository/RecAndPlayBk/Page-Vlink-ACH-Credit/input_Check Type'

2023-02-28 18:44:52 - [MESSAGE][PASSED] - Text 'P' is set on object 'Object Repository/RecAndPlayBk/Page-Vlink-ACH-Credit/input_Check Type'

2023-02-28 18:44:52 - [TEST_STEP][PASSED] - setText(findTestObject("Object Repository/RecAndPlayBk/Page-Vlink-ACH-Credit/input_Transaction ID"), VLinkSaleTranxID): Text '2920834' is set on object 'Object Repository/RecAndPlayBk/Page-Vlink-ACH-Credit/input_Transaction ID'

2023-02-28 18:44:52 - [MESSAGE][PASSED] - Text '2920834' is set on object 'Object Repository/RecAndPlayBk/Page-Vlink-ACH-Credit/input_Transaction ID'

2023-02-28 18:44:52 - [TEST_STEP][PASSED] - setText(findTestObject("Object Repository/RecAndPlayBk/Page-Vlink-ACH-Credit/input_Amount"), amount): Text '12.50' is set on object 'Object Repository/RecAndPlayBk/Page-Vlink-ACH-Credit/input_Amount'

2023-02-28 18:44:53 - [MESSAGE][PASSED] - Text '12.50' is set on object 'Object Repository/RecAndPlayBk/Page-Vlink-ACH-Credit/input_Amount'

2023-02-28 18:44:53 - [TEST_STEP][PASSED] - setText(findTestObject("Object Repository/RecAndPlayBk/Page-Vlink-ACH-Credit/input_Standard Entry Class"), sec): Text 'TEL' is set on object 'Object Repository/RecAndPlayBk/Page-Vlink-ACH-Credit/input_Standard Entry Class'

2023-02-28 18:44:53 - [MESSAGE][PASSED] - Text 'TEL' is set on object 'Object Repository/RecAndPlayBk/Page-Vlink-ACH-Credit/input_Standard Entry Class'

2023-02-28 18:44:53 - [TEST_STEP][PASSED] - setText(findTestObject("Object Repository/RecAndPlayBk/Page-Vlink-ACH-Credit/input_Account Number"), acNumber): Text '58963214' is set on object 'Object Repository/RecAndPlayBk/Page-Vlink-ACH-Credit/input_Account Number'

2023-02-28 18:44:54 - [MESSAGE][PASSED] - Text '58963214' is set on object 'Object Repository/RecAndPlayBk/Page-Vlink-ACH-Credit/input_Account Number'

2023-02-28 18:44:54 - [TEST_STEP][PASSED] - setText(findTestObject("Object Repository/RecAndPlayBk/Page-Vlink-ACH-Credit/input_Routing Number"), rtn): Text '256072691' is set on object 'Object Repository/RecAndPlayBk/Page-Vlink-ACH-Credit/input_Routing Number'

2023-02-28 18:44:55 - [MESSAGE][PASSED] - Text '256072691' is set on object 'Object Repository/RecAndPlayBk/Page-Vlink-ACH-Credit/input_Routing Number'

2023-02-28 18:44:55 - [TEST_STEP][PASSED] - click(findTestObject("Object Repository/RecAndPlayBk/Page-Vlink-ACH-Credit/input")): Object: 'Object Repository/RecAndPlayBk/Page-Vlink-ACH-Credit/input' is clicked on

2023-02-28 18:44:55 - [MESSAGE][PASSED] - Object: 'Object Repository/RecAndPlayBk/Page-Vlink-ACH-Credit/input' is clicked on

2023-02-28 18:44:55 - [TEST_STEP][PASSED] - if (verifyTextPresent("Transaction approved, no errors", true)): null

2023-02-28 18:44:56 - [MESSAGE][PASSED] - Text 'Transaction approved, no errors' is present on page  using regular expression

2023-02-28 18:44:56 - [TEST_STEP][PASSED] - println("Transaction Approved, no errors text is present on the Confirmation page"): null

2023-02-28 18:44:56 - [TEST_STEP][PASSED] - out.println("Pass Record Number: " + row): null

2023-02-28 18:44:56 - [TEST_STEP][PASSED] - resText = "Pass": null

2023-02-28 18:44:56 - [TEST_STEP][PASSED] - pages.WriteExcel.demoKey(resText, datText, resColumn, datCloumn, fileLoc, nameSheet, row): pages.WriteExcel.demoKey is PASSED

2023-02-28 18:44:56 - [MESSAGE][PASSED] - pages.WriteExcel.demoKey is PASSED

2023-02-28 18:44:56 - [TEST_STEP][PASSED] - ExecuteTC = findTestData(dataFile).getValue("Execute", row): null

2023-02-28 18:44:56 - [TEST_STEP][PASSED] - out.println("Value of Execute is : " + ExecuteTC): null

2023-02-28 18:44:56 - [TEST_STEP][PASSED] - switch (executionProfile): null

2023-02-28 18:44:56 - [TEST_STEP][PASSED] - case "Demo2Profile":: null

2023-02-28 18:44:56 - [TEST_STEP][PASSED] - appID = findTestData(dataFile).getValue("AppIDDemo", row): null

2023-02-28 18:44:56 - [TEST_STEP][PASSED] - username = findTestData(dataFile).getValue("UsernameDemo", row): null

2023-02-28 18:44:56 - [TEST_STEP][PASSED] - password = findTestData(dataFile).getValue("PasswordDemo", row): null

2023-02-28 18:44:56 - [TEST_STEP][PASSED] - break: null

2023-02-28 18:44:56 - [TEST_STEP][PASSED] - if (ExecuteTC.equalsIgnoreCase("Y")): null

2023-02-28 18:44:56 - [TEST_STEP][PASSED] - out.println("Begin Record Number: " + row): null

2023-02-28 18:44:56 - [TEST_STEP][PASSED] - today = new java.util.Date(): null

2023-02-28 18:44:56 - [TEST_STEP][PASSED] - println(today): null

2023-02-28 18:44:56 - [TEST_STEP][PASSED] - datText = today: null

2023-02-28 18:44:56 - [TEST_STEP][PASSED] - checkType = findTestData(dataFile).getValue("CheckType", row): null

2023-02-28 18:44:56 - [TEST_STEP][PASSED] - acNumber = findTestData(dataFile).getValue("AcNumber", row): null

2023-02-28 18:44:56 - [TEST_STEP][PASSED] - company = findTestData(dataFile).getValue("Company", row): null

2023-02-28 18:44:56 - [TEST_STEP][PASSED] - acType = findTestData(dataFile).getValue("AcType", row): null

2023-02-28 18:44:56 - [TEST_STEP][PASSED] - rtn = findTestData(dataFile).getValue("RTN", row): null

2023-02-28 18:44:56 - [TEST_STEP][PASSED] - amount = findTestData(dataFile).getValue("Amount", row): null

2023-02-28 18:44:56 - [TEST_STEP][PASSED] - sec = findTestData(dataFile).getValue("SEC", row): null

2023-02-28 18:44:56 - [TEST_STEP][PASSED] - openBrowser(VLinkURL + "debit.html"): Browser is opened with url: 'https://dev-algorithm.govolution.com/vlinktest/demo2/version_2_0/debit.html'

2023-02-28 18:44:56 - [MESSAGE][WARNING] - A browser is already opened. Closing browser and opening a new one

2023-02-28 18:44:57 - [MESSAGE][INFO] - Starting 'Chrome' driver

2023-02-28 18:44:57 - [MESSAGE][INFO] - User set preference: ['acceptInsecureCerts', 'true']

2023-02-28 18:44:57 - [MESSAGE][INFO] - Action delay is set to 0 milliseconds

2023-02-28 18:44:59 - [MESSAGE][PASSED] - Browser is opened with url: 'https://dev-algorithm.govolution.com/vlinktest/demo2/version_2_0/debit.html'

2023-02-28 18:44:59 - [TEST_STEP][PASSED] - maximizeWindow(): Current window maximized

2023-02-28 18:44:59 - [MESSAGE][PASSED] - Current window maximized

2023-02-28 18:44:59 - [TEST_STEP][PASSED] - genRemID = RandomStringUtils.random(12, true, true): null

2023-02-28 18:44:59 - [TEST_STEP][PASSED] - setText(findTestObject("RecAndPlayBk/Page-Vlink-Debit/input_Remittance Id"), genRemID): Text 'xuFDHfVc2NjT' is set on object 'Object Repository/RecAndPlayBk/Page-Vlink-Debit/input_Remittance Id'

2023-02-28 18:45:00 - [MESSAGE][PASSED] - Text 'xuFDHfVc2NjT' is set on object 'Object Repository/RecAndPlayBk/Page-Vlink-Debit/input_Remittance Id'

2023-02-28 18:45:00 - [TEST_STEP][PASSED] - setText(findTestObject("RecAndPlayBk/Page-Vlink-Debit/input_Application Id"), appID): Text '1773' is set on object 'Object Repository/RecAndPlayBk/Page-Vlink-Debit/input_Application Id'

2023-02-28 18:45:01 - [MESSAGE][PASSED] - Text '1773' is set on object 'Object Repository/RecAndPlayBk/Page-Vlink-Debit/input_Application Id'

2023-02-28 18:45:01 - [TEST_STEP][PASSED] - setText(findTestObject("RecAndPlayBk/Page-Vlink-Debit/input_Username"), username): Text 'Qq2BV1qtr' is set on object 'Object Repository/RecAndPlayBk/Page-Vlink-Debit/input_Username'

2023-02-28 18:45:01 - [MESSAGE][PASSED] - Text 'Qq2BV1qtr' is set on object 'Object Repository/RecAndPlayBk/Page-Vlink-Debit/input_Username'

2023-02-28 18:45:01 - [TEST_STEP][PASSED] - setText(findTestObject("RecAndPlayBk/Page-Vlink-Debit/input_Password"), password): Text 'tUmWBiLUx' is set on object 'Object Repository/RecAndPlayBk/Page-Vlink-Debit/input_Password'

2023-02-28 18:45:02 - [MESSAGE][PASSED] - Text 'tUmWBiLUx' is set on object 'Object Repository/RecAndPlayBk/Page-Vlink-Debit/input_Password'

2023-02-28 18:45:02 - [TEST_STEP][PASSED] - setText(findTestObject("RecAndPlayBk/Page-Vlink-Debit/input_Check Type"), checkType): Text 'P' is set on object 'Object Repository/RecAndPlayBk/Page-Vlink-Debit/input_Check Type'

2023-02-28 18:45:02 - [MESSAGE][PASSED] - Text 'P' is set on object 'Object Repository/RecAndPlayBk/Page-Vlink-Debit/input_Check Type'

2023-02-28 18:45:02 - [TEST_STEP][PASSED] - setText(findTestObject("RecAndPlayBk/Page-Vlink-Debit/input_Account_check"), acNumber): Text '58963214' is set on object 'Object Repository/RecAndPlayBk/Page-Vlink-Debit/input_Account_check'

2023-02-28 18:45:03 - [MESSAGE][PASSED] - Text '58963214' is set on object 'Object Repository/RecAndPlayBk/Page-Vlink-Debit/input_Account_check'

2023-02-28 18:45:03 - [TEST_STEP][PASSED] - setText(findTestObject("RecAndPlayBk/Page-Vlink-Debit/input_Company_check"), company): Text '' is set on object 'Object Repository/RecAndPlayBk/Page-Vlink-Debit/input_Company_check'

2023-02-28 18:45:04 - [MESSAGE][PASSED] - Text '' is set on object 'Object Repository/RecAndPlayBk/Page-Vlink-Debit/input_Company_check'

2023-02-28 18:45:04 - [TEST_STEP][PASSED] - setText(findTestObject("RecAndPlayBk/Page-Vlink-Debit/input_Account Type"), acType): Text '2' is set on object 'Object Repository/RecAndPlayBk/Page-Vlink-Debit/input_Account Type'

2023-02-28 18:45:04 - [MESSAGE][PASSED] - Text '2' is set on object 'Object Repository/RecAndPlayBk/Page-Vlink-Debit/input_Account Type'

2023-02-28 18:45:04 - [TEST_STEP][PASSED] - setText(findTestObject("RecAndPlayBk/Page-Vlink-Debit/input_Routing Number"), rtn): Text '256072691' is set on object 'Object Repository/RecAndPlayBk/Page-Vlink-Debit/input_Routing Number'

2023-02-28 18:45:05 - [MESSAGE][PASSED] - Text '256072691' is set on object 'Object Repository/RecAndPlayBk/Page-Vlink-Debit/input_Routing Number'

2023-02-28 18:45:05 - [TEST_STEP][PASSED] - setText(findTestObject("RecAndPlayBk/Page-Vlink-Debit/input_Amount"), amount): Text '12.50' is set on object 'Object Repository/RecAndPlayBk/Page-Vlink-Debit/input_Amount'

2023-02-28 18:45:06 - [MESSAGE][PASSED] - Text '12.50' is set on object 'Object Repository/RecAndPlayBk/Page-Vlink-Debit/input_Amount'

2023-02-28 18:45:06 - [TEST_STEP][PASSED] - setText(findTestObject("RecAndPlayBk/Page-Vlink-Debit/input_Check Email"), ""): Text '' is set on object 'Object Repository/RecAndPlayBk/Page-Vlink-Debit/input_Check Email'

2023-02-28 18:45:06 - [MESSAGE][PASSED] - Text '' is set on object 'Object Repository/RecAndPlayBk/Page-Vlink-Debit/input_Check Email'

2023-02-28 18:45:06 - [TEST_STEP][PASSED] - setText(findTestObject("Object Repository/RecAndPlayBk/Page-Vlink-Debit/input_concat(CheckWriter, , s SSN)_check_ssn"), ""): Text '' is set on object 'Object Repository/RecAndPlayBk/Page-Vlink-Debit/input_concat(CheckWriter, , s SSN)_check_ssn'

2023-02-28 18:45:07 - [MESSAGE][PASSED] - Text '' is set on object 'Object Repository/RecAndPlayBk/Page-Vlink-Debit/input_concat(CheckWriter, , s SSN)_check_ssn'

2023-02-28 18:45:07 - [TEST_STEP][PASSED] - setText(findTestObject("Object Repository/RecAndPlayBk/Page-Vlink-Debit/input_concat(CheckWriter, , s License Numbe_020fef"), ""): Text '' is set on object 'Object Repository/RecAndPlayBk/Page-Vlink-Debit/input_concat(CheckWriter, , s License Numbe_020fef'

2023-02-28 18:45:07 - [MESSAGE][PASSED] - Text '' is set on object 'Object Repository/RecAndPlayBk/Page-Vlink-Debit/input_concat(CheckWriter, , s License Numbe_020fef'

2023-02-28 18:45:07 - [TEST_STEP][PASSED] - setText(findTestObject("Object Repository/RecAndPlayBk/Page-Vlink-Debit/input_concat(CheckWriter, , s License State_21e3e7"), ""): Text '' is set on object 'Object Repository/RecAndPlayBk/Page-Vlink-Debit/input_concat(CheckWriter, , s License State_21e3e7'

2023-02-28 18:45:08 - [MESSAGE][PASSED] - Text '' is set on object 'Object Repository/RecAndPlayBk/Page-Vlink-Debit/input_concat(CheckWriter, , s License State_21e3e7'

2023-02-28 18:45:08 - [TEST_STEP][PASSED] - setText(findTestObject("RecAndPlayBk/Page-Vlink-Debit/input_Standard Entry Class"), sec): Text 'PPD' is set on object 'Object Repository/RecAndPlayBk/Page-Vlink-Debit/input_Standard Entry Class'

2023-02-28 18:45:09 - [MESSAGE][PASSED] - Text 'PPD' is set on object 'Object Repository/RecAndPlayBk/Page-Vlink-Debit/input_Standard Entry Class'

2023-02-28 18:45:09 - [TEST_STEP][PASSED] - click(findTestObject("Object Repository/RecAndPlayBk/Page-Vlink-Debit/input")): Object: 'Object Repository/RecAndPlayBk/Page-Vlink-Debit/input' is clicked on

2023-02-28 18:45:10 - [MESSAGE][PASSED] - Object: 'Object Repository/RecAndPlayBk/Page-Vlink-Debit/input' is clicked on

2023-02-28 18:45:10 - [TEST_STEP][PASSED] - if (verifyTextPresent("Transaction approved, no errors", true)): null

2023-02-28 18:45:10 - [MESSAGE][PASSED] - Text 'Transaction approved, no errors' is present on page  using regular expression

2023-02-28 18:45:10 - [TEST_STEP][PASSED] - println("Transaction Approved, no errors text is present on the Confirmation page"): null

2023-02-28 18:45:10 - [TEST_STEP][PASSED] - sdfo = getText(findTestObject("Object Repository/Page_VLinkReceipt/pre_STX")): Text of object 'Object Repository/Page_VLinkReceipt/pre_STX' is: '<STX>xuFDHfVc2NjT                  2920836             0  Transaction approved, no errors                   0                                                                                                              <ETX>'

2023-02-28 18:45:10 - [MESSAGE][PASSED] - Text of object 'Object Repository/Page_VLinkReceipt/pre_STX' is: '<STX>xuFDHfVc2NjT                  2920836             0  Transaction approved, no errors                   0                                                                                                              <ETX>'

2023-02-28 18:45:10 - [TEST_STEP][PASSED] - out.println("sdfo: " + sdfo): null

2023-02-28 18:45:10 - [TEST_STEP][PASSED] - remID = substring(5, 35).trim(): null

2023-02-28 18:45:10 - [TEST_STEP][PASSED] - out.println("remID: " + remID): null

2023-02-28 18:45:10 - [TEST_STEP][PASSED] - traxID = substring(35, 55).trim(): null

2023-02-28 18:45:10 - [TEST_STEP][PASSED] - out.println("traxID: " + traxID): null

2023-02-28 18:45:10 - [TEST_STEP][PASSED] - VLinkSaleRemID = remID: null

2023-02-28 18:45:10 - [TEST_STEP][PASSED] - VLinkSaleTranxID = traxID: null

2023-02-28 18:45:10 - [TEST_STEP][PASSED] - openBrowser(VLinkURL + "ACH_credit.html"): Browser is opened with url: 'https://dev-algorithm.govolution.com/vlinktest/demo2/version_2_0/ACH_credit.html'

2023-02-28 18:45:10 - [MESSAGE][WARNING] - A browser is already opened. Closing browser and opening a new one

2023-02-28 18:45:11 - [MESSAGE][INFO] - Starting 'Chrome' driver

2023-02-28 18:45:11 - [MESSAGE][INFO] - User set preference: ['acceptInsecureCerts', 'true']

2023-02-28 18:45:11 - [MESSAGE][INFO] - Action delay is set to 0 milliseconds

2023-02-28 18:45:13 - [MESSAGE][PASSED] - Browser is opened with url: 'https://dev-algorithm.govolution.com/vlinktest/demo2/version_2_0/ACH_credit.html'

2023-02-28 18:45:13 - [TEST_STEP][PASSED] - maximizeWindow(): Current window maximized

2023-02-28 18:45:13 - [MESSAGE][PASSED] - Current window maximized

2023-02-28 18:45:13 - [TEST_STEP][PASSED] - setText(findTestObject("Object Repository/RecAndPlayBk/Page-Vlink-ACH-Credit/input_Remittance Id"), VLinkSaleRemID): Text 'xuFDHfVc2NjT' is set on object 'Object Repository/RecAndPlayBk/Page-Vlink-ACH-Credit/input_Remittance Id'

2023-02-28 18:45:14 - [MESSAGE][PASSED] - Text 'xuFDHfVc2NjT' is set on object 'Object Repository/RecAndPlayBk/Page-Vlink-ACH-Credit/input_Remittance Id'

2023-02-28 18:45:14 - [TEST_STEP][PASSED] - setText(findTestObject("Object Repository/RecAndPlayBk/Page-Vlink-ACH-Credit/input_Application Id"), appID): Text '1773' is set on object 'Object Repository/RecAndPlayBk/Page-Vlink-ACH-Credit/input_Application Id'

2023-02-28 18:45:15 - [MESSAGE][PASSED] - Text '1773' is set on object 'Object Repository/RecAndPlayBk/Page-Vlink-ACH-Credit/input_Application Id'

2023-02-28 18:45:15 - [TEST_STEP][PASSED] - setText(findTestObject("Object Repository/RecAndPlayBk/Page-Vlink-ACH-Credit/input_Username"), username): Text 'Qq2BV1qtr' is set on object 'Object Repository/RecAndPlayBk/Page-Vlink-ACH-Credit/input_Username'

2023-02-28 18:45:15 - [MESSAGE][PASSED] - Text 'Qq2BV1qtr' is set on object 'Object Repository/RecAndPlayBk/Page-Vlink-ACH-Credit/input_Username'

2023-02-28 18:45:15 - [TEST_STEP][PASSED] - setText(findTestObject("Object Repository/RecAndPlayBk/Page-Vlink-ACH-Credit/input_Password"), password): Text 'tUmWBiLUx' is set on object 'Object Repository/RecAndPlayBk/Page-Vlink-ACH-Credit/input_Password'

2023-02-28 18:45:16 - [MESSAGE][PASSED] - Text 'tUmWBiLUx' is set on object 'Object Repository/RecAndPlayBk/Page-Vlink-ACH-Credit/input_Password'

2023-02-28 18:45:16 - [TEST_STEP][PASSED] - setText(findTestObject("Object Repository/RecAndPlayBk/Page-Vlink-ACH-Credit/input_Check Type"), checkType): Text 'P' is set on object 'Object Repository/RecAndPlayBk/Page-Vlink-ACH-Credit/input_Check Type'

2023-02-28 18:45:16 - [MESSAGE][PASSED] - Text 'P' is set on object 'Object Repository/RecAndPlayBk/Page-Vlink-ACH-Credit/input_Check Type'

2023-02-28 18:45:16 - [TEST_STEP][PASSED] - setText(findTestObject("Object Repository/RecAndPlayBk/Page-Vlink-ACH-Credit/input_Transaction ID"), VLinkSaleTranxID): Text '2920836' is set on object 'Object Repository/RecAndPlayBk/Page-Vlink-ACH-Credit/input_Transaction ID'

2023-02-28 18:45:17 - [MESSAGE][PASSED] - Text '2920836' is set on object 'Object Repository/RecAndPlayBk/Page-Vlink-ACH-Credit/input_Transaction ID'

2023-02-28 18:45:17 - [TEST_STEP][PASSED] - setText(findTestObject("Object Repository/RecAndPlayBk/Page-Vlink-ACH-Credit/input_Amount"), amount): Text '12.50' is set on object 'Object Repository/RecAndPlayBk/Page-Vlink-ACH-Credit/input_Amount'

2023-02-28 18:45:18 - [MESSAGE][PASSED] - Text '12.50' is set on object 'Object Repository/RecAndPlayBk/Page-Vlink-ACH-Credit/input_Amount'

2023-02-28 18:45:18 - [TEST_STEP][PASSED] - setText(findTestObject("Object Repository/RecAndPlayBk/Page-Vlink-ACH-Credit/input_Standard Entry Class"), sec): Text 'PPD' is set on object 'Object Repository/RecAndPlayBk/Page-Vlink-ACH-Credit/input_Standard Entry Class'

2023-02-28 18:45:18 - [MESSAGE][PASSED] - Text 'PPD' is set on object 'Object Repository/RecAndPlayBk/Page-Vlink-ACH-Credit/input_Standard Entry Class'

2023-02-28 18:45:18 - [TEST_STEP][PASSED] - setText(findTestObject("Object Repository/RecAndPlayBk/Page-Vlink-ACH-Credit/input_Account Number"), acNumber): Text '58963214' is set on object 'Object Repository/RecAndPlayBk/Page-Vlink-ACH-Credit/input_Account Number'

2023-02-28 18:45:19 - [MESSAGE][PASSED] - Text '58963214' is set on object 'Object Repository/RecAndPlayBk/Page-Vlink-ACH-Credit/input_Account Number'

2023-02-28 18:45:19 - [TEST_STEP][PASSED] - setText(findTestObject("Object Repository/RecAndPlayBk/Page-Vlink-ACH-Credit/input_Routing Number"), rtn): Text '256072691' is set on object 'Object Repository/RecAndPlayBk/Page-Vlink-ACH-Credit/input_Routing Number'

2023-02-28 18:45:19 - [MESSAGE][PASSED] - Text '256072691' is set on object 'Object Repository/RecAndPlayBk/Page-Vlink-ACH-Credit/input_Routing Number'

2023-02-28 18:45:19 - [TEST_STEP][PASSED] - click(findTestObject("Object Repository/RecAndPlayBk/Page-Vlink-ACH-Credit/input")): Object: 'Object Repository/RecAndPlayBk/Page-Vlink-ACH-Credit/input' is clicked on

2023-02-28 18:45:20 - [MESSAGE][PASSED] - Object: 'Object Repository/RecAndPlayBk/Page-Vlink-ACH-Credit/input' is clicked on

2023-02-28 18:45:20 - [TEST_STEP][PASSED] - if (verifyTextPresent("Transaction approved, no errors", true)): null

2023-02-28 18:45:20 - [MESSAGE][PASSED] - Text 'Transaction approved, no errors' is present on page  using regular expression

2023-02-28 18:45:20 - [TEST_STEP][PASSED] - println("Transaction Approved, no errors text is present on the Confirmation page"): null

2023-02-28 18:45:20 - [TEST_STEP][PASSED] - out.println("Pass Record Number: " + row): null

2023-02-28 18:45:20 - [TEST_STEP][PASSED] - resText = "Pass": null

2023-02-28 18:45:20 - [TEST_STEP][PASSED] - pages.WriteExcel.demoKey(resText, datText, resColumn, datCloumn, fileLoc, nameSheet, row): pages.WriteExcel.demoKey is PASSED

2023-02-28 18:45:21 - [MESSAGE][PASSED] - pages.WriteExcel.demoKey is PASSED

2023-02-28 18:45:21 - [TEST_STEP][PASSED] - ExecuteTC = findTestData(dataFile).getValue("Execute", row): null

2023-02-28 18:45:21 - [TEST_STEP][PASSED] - out.println("Value of Execute is : " + ExecuteTC): null

2023-02-28 18:45:21 - [TEST_STEP][PASSED] - switch (executionProfile): null

2023-02-28 18:45:21 - [TEST_STEP][PASSED] - case "Demo2Profile":: null

2023-02-28 18:45:21 - [TEST_STEP][PASSED] - appID = findTestData(dataFile).getValue("AppIDDemo", row): null

2023-02-28 18:45:21 - [TEST_STEP][PASSED] - username = findTestData(dataFile).getValue("UsernameDemo", row): null

2023-02-28 18:45:21 - [TEST_STEP][PASSED] - password = findTestData(dataFile).getValue("PasswordDemo", row): null

2023-02-28 18:45:21 - [TEST_STEP][PASSED] - break: null

2023-02-28 18:45:21 - [TEST_STEP][PASSED] - if (ExecuteTC.equalsIgnoreCase("Y")): null

2023-02-28 18:45:21 - [TEST_STEP][PASSED] - out.println("Begin Record Number: " + row): null

2023-02-28 18:45:21 - [TEST_STEP][PASSED] - today = new java.util.Date(): null

2023-02-28 18:45:21 - [TEST_STEP][PASSED] - println(today): null

2023-02-28 18:45:21 - [TEST_STEP][PASSED] - datText = today: null

2023-02-28 18:45:21 - [TEST_STEP][PASSED] - checkType = findTestData(dataFile).getValue("CheckType", row): null

2023-02-28 18:45:21 - [TEST_STEP][PASSED] - acNumber = findTestData(dataFile).getValue("AcNumber", row): null

2023-02-28 18:45:21 - [TEST_STEP][PASSED] - company = findTestData(dataFile).getValue("Company", row): null

2023-02-28 18:45:21 - [TEST_STEP][PASSED] - acType = findTestData(dataFile).getValue("AcType", row): null

2023-02-28 18:45:21 - [TEST_STEP][PASSED] - rtn = findTestData(dataFile).getValue("RTN", row): null

2023-02-28 18:45:21 - [TEST_STEP][PASSED] - amount = findTestData(dataFile).getValue("Amount", row): null

2023-02-28 18:45:21 - [TEST_STEP][PASSED] - sec = findTestData(dataFile).getValue("SEC", row): null

2023-02-28 18:45:21 - [TEST_STEP][PASSED] - openBrowser(VLinkURL + "debit.html"): Browser is opened with url: 'https://dev-algorithm.govolution.com/vlinktest/demo2/version_2_0/debit.html'

2023-02-28 18:45:21 - [MESSAGE][WARNING] - A browser is already opened. Closing browser and opening a new one

2023-02-28 18:45:22 - [MESSAGE][INFO] - Starting 'Chrome' driver

2023-02-28 18:45:22 - [MESSAGE][INFO] - User set preference: ['acceptInsecureCerts', 'true']

2023-02-28 18:45:22 - [MESSAGE][INFO] - Action delay is set to 0 milliseconds

2023-02-28 18:45:24 - [MESSAGE][PASSED] - Browser is opened with url: 'https://dev-algorithm.govolution.com/vlinktest/demo2/version_2_0/debit.html'

2023-02-28 18:45:24 - [TEST_STEP][PASSED] - maximizeWindow(): Current window maximized

2023-02-28 18:45:24 - [MESSAGE][PASSED] - Current window maximized

2023-02-28 18:45:24 - [TEST_STEP][PASSED] - genRemID = RandomStringUtils.random(12, true, true): null

2023-02-28 18:45:24 - [TEST_STEP][PASSED] - setText(findTestObject("RecAndPlayBk/Page-Vlink-Debit/input_Remittance Id"), genRemID): Text 'o6VXbWMSVUVA' is set on object 'Object Repository/RecAndPlayBk/Page-Vlink-Debit/input_Remittance Id'

2023-02-28 18:45:25 - [MESSAGE][PASSED] - Text 'o6VXbWMSVUVA' is set on object 'Object Repository/RecAndPlayBk/Page-Vlink-Debit/input_Remittance Id'

2023-02-28 18:45:25 - [TEST_STEP][PASSED] - setText(findTestObject("RecAndPlayBk/Page-Vlink-Debit/input_Application Id"), appID): Text '1773' is set on object 'Object Repository/RecAndPlayBk/Page-Vlink-Debit/input_Application Id'

2023-02-28 18:45:26 - [MESSAGE][PASSED] - Text '1773' is set on object 'Object Repository/RecAndPlayBk/Page-Vlink-Debit/input_Application Id'

2023-02-28 18:45:26 - [TEST_STEP][PASSED] - setText(findTestObject("RecAndPlayBk/Page-Vlink-Debit/input_Username"), username): Text 'Qq2BV1qtr' is set on object 'Object Repository/RecAndPlayBk/Page-Vlink-Debit/input_Username'

2023-02-28 18:45:26 - [MESSAGE][PASSED] - Text 'Qq2BV1qtr' is set on object 'Object Repository/RecAndPlayBk/Page-Vlink-Debit/input_Username'

2023-02-28 18:45:26 - [TEST_STEP][PASSED] - setText(findTestObject("RecAndPlayBk/Page-Vlink-Debit/input_Password"), password): Text 'tUmWBiLUx' is set on object 'Object Repository/RecAndPlayBk/Page-Vlink-Debit/input_Password'

2023-02-28 18:45:27 - [MESSAGE][PASSED] - Text 'tUmWBiLUx' is set on object 'Object Repository/RecAndPlayBk/Page-Vlink-Debit/input_Password'

2023-02-28 18:45:27 - [TEST_STEP][PASSED] - setText(findTestObject("RecAndPlayBk/Page-Vlink-Debit/input_Check Type"), checkType): Text 'C' is set on object 'Object Repository/RecAndPlayBk/Page-Vlink-Debit/input_Check Type'

2023-02-28 18:45:27 - [MESSAGE][PASSED] - Text 'C' is set on object 'Object Repository/RecAndPlayBk/Page-Vlink-Debit/input_Check Type'

2023-02-28 18:45:27 - [TEST_STEP][PASSED] - setText(findTestObject("RecAndPlayBk/Page-Vlink-Debit/input_Account_check"), acNumber): Text '58963214' is set on object 'Object Repository/RecAndPlayBk/Page-Vlink-Debit/input_Account_check'

2023-02-28 18:45:28 - [MESSAGE][PASSED] - Text '58963214' is set on object 'Object Repository/RecAndPlayBk/Page-Vlink-Debit/input_Account_check'

2023-02-28 18:45:28 - [TEST_STEP][PASSED] - setText(findTestObject("RecAndPlayBk/Page-Vlink-Debit/input_Company_check"), company): Text 'My Company' is set on object 'Object Repository/RecAndPlayBk/Page-Vlink-Debit/input_Company_check'

2023-02-28 18:45:29 - [MESSAGE][PASSED] - Text 'My Company' is set on object 'Object Repository/RecAndPlayBk/Page-Vlink-Debit/input_Company_check'

2023-02-28 18:45:29 - [TEST_STEP][PASSED] - setText(findTestObject("RecAndPlayBk/Page-Vlink-Debit/input_Account Type"), acType): Text '' is set on object 'Object Repository/RecAndPlayBk/Page-Vlink-Debit/input_Account Type'

2023-02-28 18:45:29 - [MESSAGE][PASSED] - Text '' is set on object 'Object Repository/RecAndPlayBk/Page-Vlink-Debit/input_Account Type'

2023-02-28 18:45:29 - [TEST_STEP][PASSED] - setText(findTestObject("RecAndPlayBk/Page-Vlink-Debit/input_Routing Number"), rtn): Text '256072691' is set on object 'Object Repository/RecAndPlayBk/Page-Vlink-Debit/input_Routing Number'

2023-02-28 18:45:30 - [MESSAGE][PASSED] - Text '256072691' is set on object 'Object Repository/RecAndPlayBk/Page-Vlink-Debit/input_Routing Number'

2023-02-28 18:45:30 - [TEST_STEP][PASSED] - setText(findTestObject("RecAndPlayBk/Page-Vlink-Debit/input_Amount"), amount): Text '12.50' is set on object 'Object Repository/RecAndPlayBk/Page-Vlink-Debit/input_Amount'

2023-02-28 18:45:30 - [MESSAGE][PASSED] - Text '12.50' is set on object 'Object Repository/RecAndPlayBk/Page-Vlink-Debit/input_Amount'

2023-02-28 18:45:30 - [TEST_STEP][PASSED] - setText(findTestObject("RecAndPlayBk/Page-Vlink-Debit/input_Check Email"), ""): Text '' is set on object 'Object Repository/RecAndPlayBk/Page-Vlink-Debit/input_Check Email'

2023-02-28 18:45:31 - [MESSAGE][PASSED] - Text '' is set on object 'Object Repository/RecAndPlayBk/Page-Vlink-Debit/input_Check Email'

2023-02-28 18:45:31 - [TEST_STEP][PASSED] - setText(findTestObject("Object Repository/RecAndPlayBk/Page-Vlink-Debit/input_concat(CheckWriter, , s SSN)_check_ssn"), ""): Text '' is set on object 'Object Repository/RecAndPlayBk/Page-Vlink-Debit/input_concat(CheckWriter, , s SSN)_check_ssn'

2023-02-28 18:45:32 - [MESSAGE][PASSED] - Text '' is set on object 'Object Repository/RecAndPlayBk/Page-Vlink-Debit/input_concat(CheckWriter, , s SSN)_check_ssn'

2023-02-28 18:45:32 - [TEST_STEP][PASSED] - setText(findTestObject("Object Repository/RecAndPlayBk/Page-Vlink-Debit/input_concat(CheckWriter, , s License Numbe_020fef"), ""): Text '' is set on object 'Object Repository/RecAndPlayBk/Page-Vlink-Debit/input_concat(CheckWriter, , s License Numbe_020fef'

2023-02-28 18:45:32 - [MESSAGE][PASSED] - Text '' is set on object 'Object Repository/RecAndPlayBk/Page-Vlink-Debit/input_concat(CheckWriter, , s License Numbe_020fef'

2023-02-28 18:45:32 - [TEST_STEP][PASSED] - setText(findTestObject("Object Repository/RecAndPlayBk/Page-Vlink-Debit/input_concat(CheckWriter, , s License State_21e3e7"), ""): Text '' is set on object 'Object Repository/RecAndPlayBk/Page-Vlink-Debit/input_concat(CheckWriter, , s License State_21e3e7'

2023-02-28 18:45:33 - [MESSAGE][PASSED] - Text '' is set on object 'Object Repository/RecAndPlayBk/Page-Vlink-Debit/input_concat(CheckWriter, , s License State_21e3e7'

2023-02-28 18:45:33 - [TEST_STEP][PASSED] - setText(findTestObject("RecAndPlayBk/Page-Vlink-Debit/input_Standard Entry Class"), sec): Text 'CCD' is set on object 'Object Repository/RecAndPlayBk/Page-Vlink-Debit/input_Standard Entry Class'

2023-02-28 18:45:34 - [MESSAGE][PASSED] - Text 'CCD' is set on object 'Object Repository/RecAndPlayBk/Page-Vlink-Debit/input_Standard Entry Class'

2023-02-28 18:45:34 - [TEST_STEP][PASSED] - click(findTestObject("Object Repository/RecAndPlayBk/Page-Vlink-Debit/input")): Object: 'Object Repository/RecAndPlayBk/Page-Vlink-Debit/input' is clicked on

2023-02-28 18:45:34 - [MESSAGE][PASSED] - Object: 'Object Repository/RecAndPlayBk/Page-Vlink-Debit/input' is clicked on

2023-02-28 18:45:34 - [TEST_STEP][PASSED] - if (verifyTextPresent("Transaction approved, no errors", true)): null

2023-02-28 18:45:35 - [MESSAGE][PASSED] - Text 'Transaction approved, no errors' is present on page  using regular expression

2023-02-28 18:45:35 - [TEST_STEP][PASSED] - println("Transaction Approved, no errors text is present on the Confirmation page"): null

2023-02-28 18:45:35 - [TEST_STEP][PASSED] - sdfo = getText(findTestObject("Object Repository/Page_VLinkReceipt/pre_STX")): Text of object 'Object Repository/Page_VLinkReceipt/pre_STX' is: '<STX>o6VXbWMSVUVA                  2920838             0  Transaction approved, no errors                   0                                                                                                              <ETX>'

2023-02-28 18:45:35 - [MESSAGE][PASSED] - Text of object 'Object Repository/Page_VLinkReceipt/pre_STX' is: '<STX>o6VXbWMSVUVA                  2920838             0  Transaction approved, no errors                   0                                                                                                              <ETX>'

2023-02-28 18:45:35 - [TEST_STEP][PASSED] - out.println("sdfo: " + sdfo): null

2023-02-28 18:45:35 - [TEST_STEP][PASSED] - remID = substring(5, 35).trim(): null

2023-02-28 18:45:35 - [TEST_STEP][PASSED] - out.println("remID: " + remID): null

2023-02-28 18:45:35 - [TEST_STEP][PASSED] - traxID = substring(35, 55).trim(): null

2023-02-28 18:45:35 - [TEST_STEP][PASSED] - out.println("traxID: " + traxID): null

2023-02-28 18:45:35 - [TEST_STEP][PASSED] - VLinkSaleRemID = remID: null

2023-02-28 18:45:35 - [TEST_STEP][PASSED] - VLinkSaleTranxID = traxID: null

2023-02-28 18:45:35 - [TEST_STEP][PASSED] - openBrowser(VLinkURL + "ACH_credit.html"): Browser is opened with url: 'https://dev-algorithm.govolution.com/vlinktest/demo2/version_2_0/ACH_credit.html'

2023-02-28 18:45:35 - [MESSAGE][WARNING] - A browser is already opened. Closing browser and opening a new one

2023-02-28 18:45:36 - [MESSAGE][INFO] - Starting 'Chrome' driver

2023-02-28 18:45:36 - [MESSAGE][INFO] - User set preference: ['acceptInsecureCerts', 'true']

2023-02-28 18:45:36 - [MESSAGE][INFO] - Action delay is set to 0 milliseconds

2023-02-28 18:45:38 - [MESSAGE][PASSED] - Browser is opened with url: 'https://dev-algorithm.govolution.com/vlinktest/demo2/version_2_0/ACH_credit.html'

2023-02-28 18:45:38 - [TEST_STEP][PASSED] - maximizeWindow(): Current window maximized

2023-02-28 18:45:38 - [MESSAGE][PASSED] - Current window maximized

2023-02-28 18:45:38 - [TEST_STEP][PASSED] - setText(findTestObject("Object Repository/RecAndPlayBk/Page-Vlink-ACH-Credit/input_Remittance Id"), VLinkSaleRemID): Text 'o6VXbWMSVUVA' is set on object 'Object Repository/RecAndPlayBk/Page-Vlink-ACH-Credit/input_Remittance Id'

2023-02-28 18:45:39 - [MESSAGE][PASSED] - Text 'o6VXbWMSVUVA' is set on object 'Object Repository/RecAndPlayBk/Page-Vlink-ACH-Credit/input_Remittance Id'

2023-02-28 18:45:39 - [TEST_STEP][PASSED] - setText(findTestObject("Object Repository/RecAndPlayBk/Page-Vlink-ACH-Credit/input_Application Id"), appID): Text '1773' is set on object 'Object Repository/RecAndPlayBk/Page-Vlink-ACH-Credit/input_Application Id'

2023-02-28 18:45:39 - [MESSAGE][PASSED] - Text '1773' is set on object 'Object Repository/RecAndPlayBk/Page-Vlink-ACH-Credit/input_Application Id'

2023-02-28 18:45:39 - [TEST_STEP][PASSED] - setText(findTestObject("Object Repository/RecAndPlayBk/Page-Vlink-ACH-Credit/input_Username"), username): Text 'Qq2BV1qtr' is set on object 'Object Repository/RecAndPlayBk/Page-Vlink-ACH-Credit/input_Username'

2023-02-28 18:45:40 - [MESSAGE][PASSED] - Text 'Qq2BV1qtr' is set on object 'Object Repository/RecAndPlayBk/Page-Vlink-ACH-Credit/input_Username'

2023-02-28 18:45:40 - [TEST_STEP][PASSED] - setText(findTestObject("Object Repository/RecAndPlayBk/Page-Vlink-ACH-Credit/input_Password"), password): Text 'tUmWBiLUx' is set on object 'Object Repository/RecAndPlayBk/Page-Vlink-ACH-Credit/input_Password'

2023-02-28 18:45:41 - [MESSAGE][PASSED] - Text 'tUmWBiLUx' is set on object 'Object Repository/RecAndPlayBk/Page-Vlink-ACH-Credit/input_Password'

2023-02-28 18:45:41 - [TEST_STEP][PASSED] - setText(findTestObject("Object Repository/RecAndPlayBk/Page-Vlink-ACH-Credit/input_Check Type"), checkType): Text 'C' is set on object 'Object Repository/RecAndPlayBk/Page-Vlink-ACH-Credit/input_Check Type'

2023-02-28 18:45:41 - [MESSAGE][PASSED] - Text 'C' is set on object 'Object Repository/RecAndPlayBk/Page-Vlink-ACH-Credit/input_Check Type'

2023-02-28 18:45:41 - [TEST_STEP][PASSED] - setText(findTestObject("Object Repository/RecAndPlayBk/Page-Vlink-ACH-Credit/input_Transaction ID"), VLinkSaleTranxID): Text '2920838' is set on object 'Object Repository/RecAndPlayBk/Page-Vlink-ACH-Credit/input_Transaction ID'

2023-02-28 18:45:42 - [MESSAGE][PASSED] - Text '2920838' is set on object 'Object Repository/RecAndPlayBk/Page-Vlink-ACH-Credit/input_Transaction ID'

2023-02-28 18:45:42 - [TEST_STEP][PASSED] - setText(findTestObject("Object Repository/RecAndPlayBk/Page-Vlink-ACH-Credit/input_Amount"), amount): Text '12.50' is set on object 'Object Repository/RecAndPlayBk/Page-Vlink-ACH-Credit/input_Amount'

2023-02-28 18:45:43 - [MESSAGE][PASSED] - Text '12.50' is set on object 'Object Repository/RecAndPlayBk/Page-Vlink-ACH-Credit/input_Amount'

2023-02-28 18:45:43 - [TEST_STEP][PASSED] - setText(findTestObject("Object Repository/RecAndPlayBk/Page-Vlink-ACH-Credit/input_Standard Entry Class"), sec): Text 'CCD' is set on object 'Object Repository/RecAndPlayBk/Page-Vlink-ACH-Credit/input_Standard Entry Class'

2023-02-28 18:45:43 - [MESSAGE][PASSED] - Text 'CCD' is set on object 'Object Repository/RecAndPlayBk/Page-Vlink-ACH-Credit/input_Standard Entry Class'

2023-02-28 18:45:43 - [TEST_STEP][PASSED] - setText(findTestObject("Object Repository/RecAndPlayBk/Page-Vlink-ACH-Credit/input_Account Number"), acNumber): Text '58963214' is set on object 'Object Repository/RecAndPlayBk/Page-Vlink-ACH-Credit/input_Account Number'

2023-02-28 18:45:44 - [MESSAGE][PASSED] - Text '58963214' is set on object 'Object Repository/RecAndPlayBk/Page-Vlink-ACH-Credit/input_Account Number'

2023-02-28 18:45:44 - [TEST_STEP][PASSED] - setText(findTestObject("Object Repository/RecAndPlayBk/Page-Vlink-ACH-Credit/input_Routing Number"), rtn): Text '256072691' is set on object 'Object Repository/RecAndPlayBk/Page-Vlink-ACH-Credit/input_Routing Number'

2023-02-28 18:45:44 - [MESSAGE][PASSED] - Text '256072691' is set on object 'Object Repository/RecAndPlayBk/Page-Vlink-ACH-Credit/input_Routing Number'

2023-02-28 18:45:44 - [TEST_STEP][PASSED] - click(findTestObject("Object Repository/RecAndPlayBk/Page-Vlink-ACH-Credit/input")): Object: 'Object Repository/RecAndPlayBk/Page-Vlink-ACH-Credit/input' is clicked on

2023-02-28 18:45:45 - [MESSAGE][PASSED] - Object: 'Object Repository/RecAndPlayBk/Page-Vlink-ACH-Credit/input' is clicked on

2023-02-28 18:45:45 - [TEST_STEP][PASSED] - if (verifyTextPresent("Transaction approved, no errors", true)): null

2023-02-28 18:45:45 - [MESSAGE][PASSED] - Text 'Transaction approved, no errors' is present on page  using regular expression

2023-02-28 18:45:45 - [TEST_STEP][PASSED] - println("Transaction Approved, no errors text is present on the Confirmation page"): null

2023-02-28 18:45:45 - [TEST_STEP][PASSED] - out.println("Pass Record Number: " + row): null

2023-02-28 18:45:45 - [TEST_STEP][PASSED] - resText = "Pass": null

2023-02-28 18:45:45 - [TEST_STEP][PASSED] - pages.WriteExcel.demoKey(resText, datText, resColumn, datCloumn, fileLoc, nameSheet, row): pages.WriteExcel.demoKey is PASSED

2023-02-28 18:45:46 - [MESSAGE][PASSED] - pages.WriteExcel.demoKey is PASSED]]></system-out>
         <system-err><![CDATA[]]></system-err>
      </testcase>
      <testcase name="Test Cases/RecAndPlayBk/VLink/Debit-Credit-Void" time="241.344" classname="Test Cases/RecAndPlayBk/VLink/Debit-Credit-Void" status="PASSED">
         <system-out><![CDATA[2023-02-28 18:45:46 - [TEST_CASE][PASSED] - Test Cases/RecAndPlayBk/VLink/Debit-Credit-Void: Test Cases/RecAndPlayBk/VLink/Debit-Credit-Void

2023-02-28 18:45:46 - [TEST_STEP][PASSED] - executionProfile = getExecutionProfile(): null

2023-02-28 18:45:46 - [TEST_STEP][PASSED] - out.println("executionProfile : " + executionProfile): null

2023-02-28 18:45:46 - [TEST_STEP][PASSED] - appName = <not implemented yet for class: org.codehaus.groovy.ast.expr.EmptyExpression>: null

2023-02-28 18:45:46 - [TEST_STEP][PASSED] - appID = <not implemented yet for class: org.codehaus.groovy.ast.expr.EmptyExpression>: null

2023-02-28 18:45:46 - [TEST_STEP][PASSED] - username = <not implemented yet for class: org.codehaus.groovy.ast.expr.EmptyExpression>: null

2023-02-28 18:45:46 - [TEST_STEP][PASSED] - password = <not implemented yet for class: org.codehaus.groovy.ast.expr.EmptyExpression>: null

2023-02-28 18:45:46 - [TEST_STEP][PASSED] - cardNameV = <not implemented yet for class: org.codehaus.groovy.ast.expr.EmptyExpression>: null

2023-02-28 18:45:46 - [TEST_STEP][PASSED] - al1V = <not implemented yet for class: org.codehaus.groovy.ast.expr.EmptyExpression>: null

2023-02-28 18:45:46 - [TEST_STEP][PASSED] - al2V = <not implemented yet for class: org.codehaus.groovy.ast.expr.EmptyExpression>: null

2023-02-28 18:45:46 - [TEST_STEP][PASSED] - zipV = <not implemented yet for class: org.codehaus.groovy.ast.expr.EmptyExpression>: null

2023-02-28 18:45:46 - [TEST_STEP][PASSED] - cardTypeV = <not implemented yet for class: org.codehaus.groovy.ast.expr.EmptyExpression>: null

2023-02-28 18:45:46 - [TEST_STEP][PASSED] - last4V = <not implemented yet for class: org.codehaus.groovy.ast.expr.EmptyExpression>: null

2023-02-28 18:45:46 - [TEST_STEP][PASSED] - resText = "Fail": null

2023-02-28 18:45:46 - [TEST_STEP][PASSED] - resColumn = "Result": null

2023-02-28 18:45:46 - [TEST_STEP][PASSED] - datCloumn = "Date": null

2023-02-28 18:45:46 - [TEST_STEP][PASSED] - fileLoc = "KatalonData/VLinkSmokeDataACH.xlsx": null

2023-02-28 18:45:46 - [TEST_STEP][PASSED] - numOfRows = <not implemented yet for class: org.codehaus.groovy.ast.expr.EmptyExpression>: null

2023-02-28 18:45:46 - [TEST_STEP][PASSED] - dataFile = <not implemented yet for class: org.codehaus.groovy.ast.expr.EmptyExpression>: null

2023-02-28 18:45:46 - [TEST_STEP][PASSED] - nameSheet = <not implemented yet for class: org.codehaus.groovy.ast.expr.EmptyExpression>: null

2023-02-28 18:45:46 - [TEST_STEP][PASSED] - nameSheet = "Debit-Credit-Void": null

2023-02-28 18:45:46 - [TEST_STEP][PASSED] - numOfRows = findTestData("QA/VLinkTestData/DebitCreditVoidData").getRowNumbers(): null

2023-02-28 18:45:46 - [TEST_STEP][PASSED] - println("Number of Records: " + numOfRows): null

2023-02-28 18:45:46 - [TEST_STEP][PASSED] - dataFile = "QA/VLinkTestData/DebitCreditVoidData": null

2023-02-28 18:45:46 - [TEST_STEP][PASSED] - for ([row = 1, row <= numOfRows, (row++)]): null

2023-02-28 18:45:46 - [TEST_STEP][PASSED] - ExecuteTC = findTestData(dataFile).getValue("Execute", row): null

2023-02-28 18:45:46 - [TEST_STEP][PASSED] - out.println("Value of Execute is : " + ExecuteTC): null

2023-02-28 18:45:46 - [TEST_STEP][PASSED] - switch (executionProfile): null

2023-02-28 18:45:46 - [TEST_STEP][PASSED] - case "Demo2Profile":: null

2023-02-28 18:45:46 - [TEST_STEP][PASSED] - appID = findTestData(dataFile).getValue("AppIDDemo", row): null

2023-02-28 18:45:46 - [TEST_STEP][PASSED] - username = findTestData(dataFile).getValue("UsernameDemo", row): null

2023-02-28 18:45:46 - [TEST_STEP][PASSED] - password = findTestData(dataFile).getValue("PasswordDemo", row): null

2023-02-28 18:45:46 - [TEST_STEP][PASSED] - break: null

2023-02-28 18:45:46 - [TEST_STEP][PASSED] - if (ExecuteTC.equalsIgnoreCase("Y")): null

2023-02-28 18:45:46 - [TEST_STEP][PASSED] - out.println("Begin Record Number: " + row): null

2023-02-28 18:45:46 - [TEST_STEP][PASSED] - today = new java.util.Date(): null

2023-02-28 18:45:46 - [TEST_STEP][PASSED] - println(today): null

2023-02-28 18:45:46 - [TEST_STEP][PASSED] - datText = today: null

2023-02-28 18:45:46 - [TEST_STEP][PASSED] - checkType = findTestData(dataFile).getValue("CheckType", row): null

2023-02-28 18:45:46 - [TEST_STEP][PASSED] - acNumber = findTestData(dataFile).getValue("AcNumber", row): null

2023-02-28 18:45:47 - [TEST_STEP][PASSED] - company = findTestData(dataFile).getValue("Company", row): null

2023-02-28 18:45:47 - [TEST_STEP][PASSED] - acType = findTestData(dataFile).getValue("AcType", row): null

2023-02-28 18:45:47 - [TEST_STEP][PASSED] - rtn = findTestData(dataFile).getValue("RTN", row): null

2023-02-28 18:45:47 - [TEST_STEP][PASSED] - amount = findTestData(dataFile).getValue("Amount", row): null

2023-02-28 18:45:47 - [TEST_STEP][PASSED] - sec = findTestData(dataFile).getValue("SEC", row): null

2023-02-28 18:45:47 - [TEST_STEP][PASSED] - openBrowser(VLinkURL + "debit.html"): Browser is opened with url: 'https://dev-algorithm.govolution.com/vlinktest/demo2/version_2_0/debit.html'

2023-02-28 18:45:47 - [MESSAGE][WARNING] - A browser is already opened. Closing browser and opening a new one

2023-02-28 18:45:48 - [MESSAGE][INFO] - Starting 'Chrome' driver

2023-02-28 18:45:48 - [MESSAGE][INFO] - User set preference: ['acceptInsecureCerts', 'true']

2023-02-28 18:45:48 - [MESSAGE][INFO] - Action delay is set to 0 milliseconds

2023-02-28 18:45:50 - [MESSAGE][PASSED] - Browser is opened with url: 'https://dev-algorithm.govolution.com/vlinktest/demo2/version_2_0/debit.html'

2023-02-28 18:45:50 - [TEST_STEP][PASSED] - maximizeWindow(): Current window maximized

2023-02-28 18:45:50 - [MESSAGE][PASSED] - Current window maximized

2023-02-28 18:45:50 - [TEST_STEP][PASSED] - genRemID = RandomStringUtils.random(12, true, true): null

2023-02-28 18:45:50 - [TEST_STEP][PASSED] - setText(findTestObject("RecAndPlayBk/Page-Vlink-Debit/input_Remittance Id"), genRemID): Text 'oEiD2btPgdFG' is set on object 'Object Repository/RecAndPlayBk/Page-Vlink-Debit/input_Remittance Id'

2023-02-28 18:45:50 - [MESSAGE][PASSED] - Text 'oEiD2btPgdFG' is set on object 'Object Repository/RecAndPlayBk/Page-Vlink-Debit/input_Remittance Id'

2023-02-28 18:45:50 - [TEST_STEP][PASSED] - setText(findTestObject("RecAndPlayBk/Page-Vlink-Debit/input_Application Id"), appID): Text '1773' is set on object 'Object Repository/RecAndPlayBk/Page-Vlink-Debit/input_Application Id'

2023-02-28 18:45:51 - [MESSAGE][PASSED] - Text '1773' is set on object 'Object Repository/RecAndPlayBk/Page-Vlink-Debit/input_Application Id'

2023-02-28 18:45:51 - [TEST_STEP][PASSED] - setText(findTestObject("RecAndPlayBk/Page-Vlink-Debit/input_Username"), username): Text 'Qq2BV1qtr' is set on object 'Object Repository/RecAndPlayBk/Page-Vlink-Debit/input_Username'

2023-02-28 18:45:52 - [MESSAGE][PASSED] - Text 'Qq2BV1qtr' is set on object 'Object Repository/RecAndPlayBk/Page-Vlink-Debit/input_Username'

2023-02-28 18:45:52 - [TEST_STEP][PASSED] - setText(findTestObject("RecAndPlayBk/Page-Vlink-Debit/input_Password"), password): Text 'tUmWBiLUx' is set on object 'Object Repository/RecAndPlayBk/Page-Vlink-Debit/input_Password'

2023-02-28 18:45:52 - [MESSAGE][PASSED] - Text 'tUmWBiLUx' is set on object 'Object Repository/RecAndPlayBk/Page-Vlink-Debit/input_Password'

2023-02-28 18:45:52 - [TEST_STEP][PASSED] - setText(findTestObject("RecAndPlayBk/Page-Vlink-Debit/input_Check Type"), checkType): Text 'P' is set on object 'Object Repository/RecAndPlayBk/Page-Vlink-Debit/input_Check Type'

2023-02-28 18:45:53 - [MESSAGE][PASSED] - Text 'P' is set on object 'Object Repository/RecAndPlayBk/Page-Vlink-Debit/input_Check Type'

2023-02-28 18:45:53 - [TEST_STEP][PASSED] - setText(findTestObject("RecAndPlayBk/Page-Vlink-Debit/input_Account_check"), acNumber): Text '58963214' is set on object 'Object Repository/RecAndPlayBk/Page-Vlink-Debit/input_Account_check'

2023-02-28 18:45:54 - [MESSAGE][PASSED] - Text '58963214' is set on object 'Object Repository/RecAndPlayBk/Page-Vlink-Debit/input_Account_check'

2023-02-28 18:45:54 - [TEST_STEP][PASSED] - setText(findTestObject("RecAndPlayBk/Page-Vlink-Debit/input_Company_check"), company): Text '' is set on object 'Object Repository/RecAndPlayBk/Page-Vlink-Debit/input_Company_check'

2023-02-28 18:45:54 - [MESSAGE][PASSED] - Text '' is set on object 'Object Repository/RecAndPlayBk/Page-Vlink-Debit/input_Company_check'

2023-02-28 18:45:54 - [TEST_STEP][PASSED] - setText(findTestObject("RecAndPlayBk/Page-Vlink-Debit/input_Account Type"), acType): Text '1' is set on object 'Object Repository/RecAndPlayBk/Page-Vlink-Debit/input_Account Type'

2023-02-28 18:45:55 - [MESSAGE][PASSED] - Text '1' is set on object 'Object Repository/RecAndPlayBk/Page-Vlink-Debit/input_Account Type'

2023-02-28 18:45:55 - [TEST_STEP][PASSED] - setText(findTestObject("RecAndPlayBk/Page-Vlink-Debit/input_Routing Number"), rtn): Text '256072691' is set on object 'Object Repository/RecAndPlayBk/Page-Vlink-Debit/input_Routing Number'

2023-02-28 18:45:55 - [MESSAGE][PASSED] - Text '256072691' is set on object 'Object Repository/RecAndPlayBk/Page-Vlink-Debit/input_Routing Number'

2023-02-28 18:45:55 - [TEST_STEP][PASSED] - setText(findTestObject("RecAndPlayBk/Page-Vlink-Debit/input_Amount"), amount): Text '12.50' is set on object 'Object Repository/RecAndPlayBk/Page-Vlink-Debit/input_Amount'

2023-02-28 18:45:56 - [MESSAGE][PASSED] - Text '12.50' is set on object 'Object Repository/RecAndPlayBk/Page-Vlink-Debit/input_Amount'

2023-02-28 18:45:56 - [TEST_STEP][PASSED] - setText(findTestObject("RecAndPlayBk/Page-Vlink-Debit/input_Check Email"), ""): Text '' is set on object 'Object Repository/RecAndPlayBk/Page-Vlink-Debit/input_Check Email'

2023-02-28 18:45:57 - [MESSAGE][PASSED] - Text '' is set on object 'Object Repository/RecAndPlayBk/Page-Vlink-Debit/input_Check Email'

2023-02-28 18:45:57 - [TEST_STEP][PASSED] - setText(findTestObject("Object Repository/RecAndPlayBk/Page-Vlink-Debit/input_concat(CheckWriter, , s SSN)_check_ssn"), ""): Text '' is set on object 'Object Repository/RecAndPlayBk/Page-Vlink-Debit/input_concat(CheckWriter, , s SSN)_check_ssn'

2023-02-28 18:45:57 - [MESSAGE][PASSED] - Text '' is set on object 'Object Repository/RecAndPlayBk/Page-Vlink-Debit/input_concat(CheckWriter, , s SSN)_check_ssn'

2023-02-28 18:45:57 - [TEST_STEP][PASSED] - setText(findTestObject("Object Repository/RecAndPlayBk/Page-Vlink-Debit/input_concat(CheckWriter, , s License Numbe_020fef"), ""): Text '' is set on object 'Object Repository/RecAndPlayBk/Page-Vlink-Debit/input_concat(CheckWriter, , s License Numbe_020fef'

2023-02-28 18:45:58 - [MESSAGE][PASSED] - Text '' is set on object 'Object Repository/RecAndPlayBk/Page-Vlink-Debit/input_concat(CheckWriter, , s License Numbe_020fef'

2023-02-28 18:45:58 - [TEST_STEP][PASSED] - setText(findTestObject("Object Repository/RecAndPlayBk/Page-Vlink-Debit/input_concat(CheckWriter, , s License State_21e3e7"), ""): Text '' is set on object 'Object Repository/RecAndPlayBk/Page-Vlink-Debit/input_concat(CheckWriter, , s License State_21e3e7'

2023-02-28 18:45:59 - [MESSAGE][PASSED] - Text '' is set on object 'Object Repository/RecAndPlayBk/Page-Vlink-Debit/input_concat(CheckWriter, , s License State_21e3e7'

2023-02-28 18:45:59 - [TEST_STEP][PASSED] - setText(findTestObject("RecAndPlayBk/Page-Vlink-Debit/input_Standard Entry Class"), sec): Text 'WEB' is set on object 'Object Repository/RecAndPlayBk/Page-Vlink-Debit/input_Standard Entry Class'

2023-02-28 18:45:59 - [MESSAGE][PASSED] - Text 'WEB' is set on object 'Object Repository/RecAndPlayBk/Page-Vlink-Debit/input_Standard Entry Class'

2023-02-28 18:45:59 - [TEST_STEP][PASSED] - click(findTestObject("Object Repository/RecAndPlayBk/Page-Vlink-Debit/input")): Object: 'Object Repository/RecAndPlayBk/Page-Vlink-Debit/input' is clicked on

2023-02-28 18:46:00 - [MESSAGE][PASSED] - Object: 'Object Repository/RecAndPlayBk/Page-Vlink-Debit/input' is clicked on

2023-02-28 18:46:00 - [TEST_STEP][PASSED] - if (verifyTextPresent("Transaction approved, no errors", true)): null

2023-02-28 18:46:00 - [MESSAGE][PASSED] - Text 'Transaction approved, no errors' is present on page  using regular expression

2023-02-28 18:46:00 - [TEST_STEP][PASSED] - println("Transaction Approved, no errors text is present on the Confirmation page"): null

2023-02-28 18:46:00 - [TEST_STEP][PASSED] - sdfo = getText(findTestObject("Object Repository/Page_VLinkReceipt/pre_STX")): Text of object 'Object Repository/Page_VLinkReceipt/pre_STX' is: '<STX>oEiD2btPgdFG                  2920840             0  Transaction approved, no errors                   0                                                                                                              <ETX>'

2023-02-28 18:46:01 - [MESSAGE][PASSED] - Text of object 'Object Repository/Page_VLinkReceipt/pre_STX' is: '<STX>oEiD2btPgdFG                  2920840             0  Transaction approved, no errors                   0                                                                                                              <ETX>'

2023-02-28 18:46:01 - [TEST_STEP][PASSED] - out.println("sdfo: " + sdfo): null

2023-02-28 18:46:01 - [TEST_STEP][PASSED] - remID = substring(5, 35).trim(): null

2023-02-28 18:46:01 - [TEST_STEP][PASSED] - out.println("remID: " + remID): null

2023-02-28 18:46:01 - [TEST_STEP][PASSED] - traxID = substring(35, 55).trim(): null

2023-02-28 18:46:01 - [TEST_STEP][PASSED] - out.println("traxID: " + traxID): null

2023-02-28 18:46:01 - [TEST_STEP][PASSED] - VLinkSaleRemID = remID: null

2023-02-28 18:46:01 - [TEST_STEP][PASSED] - VLinkSaleTranxID = traxID: null

2023-02-28 18:46:01 - [TEST_STEP][PASSED] - openBrowser(VLinkURL + "ACH_credit.html"): Browser is opened with url: 'https://dev-algorithm.govolution.com/vlinktest/demo2/version_2_0/ACH_credit.html'

2023-02-28 18:46:01 - [MESSAGE][WARNING] - A browser is already opened. Closing browser and opening a new one

2023-02-28 18:46:02 - [MESSAGE][INFO] - Starting 'Chrome' driver

2023-02-28 18:46:02 - [MESSAGE][INFO] - User set preference: ['acceptInsecureCerts', 'true']

2023-02-28 18:46:02 - [MESSAGE][INFO] - Action delay is set to 0 milliseconds

2023-02-28 18:46:03 - [MESSAGE][PASSED] - Browser is opened with url: 'https://dev-algorithm.govolution.com/vlinktest/demo2/version_2_0/ACH_credit.html'

2023-02-28 18:46:03 - [TEST_STEP][PASSED] - maximizeWindow(): Current window maximized

2023-02-28 18:46:03 - [MESSAGE][PASSED] - Current window maximized

2023-02-28 18:46:03 - [TEST_STEP][PASSED] - setText(findTestObject("Object Repository/RecAndPlayBk/Page-Vlink-ACH-Credit/input_Remittance Id"), VLinkSaleRemID): Text 'oEiD2btPgdFG' is set on object 'Object Repository/RecAndPlayBk/Page-Vlink-ACH-Credit/input_Remittance Id'

2023-02-28 18:46:04 - [MESSAGE][PASSED] - Text 'oEiD2btPgdFG' is set on object 'Object Repository/RecAndPlayBk/Page-Vlink-ACH-Credit/input_Remittance Id'

2023-02-28 18:46:04 - [TEST_STEP][PASSED] - setText(findTestObject("Object Repository/RecAndPlayBk/Page-Vlink-ACH-Credit/input_Application Id"), appID): Text '1773' is set on object 'Object Repository/RecAndPlayBk/Page-Vlink-ACH-Credit/input_Application Id'

2023-02-28 18:46:05 - [MESSAGE][PASSED] - Text '1773' is set on object 'Object Repository/RecAndPlayBk/Page-Vlink-ACH-Credit/input_Application Id'

2023-02-28 18:46:05 - [TEST_STEP][PASSED] - setText(findTestObject("Object Repository/RecAndPlayBk/Page-Vlink-ACH-Credit/input_Username"), username): Text 'Qq2BV1qtr' is set on object 'Object Repository/RecAndPlayBk/Page-Vlink-ACH-Credit/input_Username'

2023-02-28 18:46:06 - [MESSAGE][PASSED] - Text 'Qq2BV1qtr' is set on object 'Object Repository/RecAndPlayBk/Page-Vlink-ACH-Credit/input_Username'

2023-02-28 18:46:06 - [TEST_STEP][PASSED] - setText(findTestObject("Object Repository/RecAndPlayBk/Page-Vlink-ACH-Credit/input_Password"), password): Text 'tUmWBiLUx' is set on object 'Object Repository/RecAndPlayBk/Page-Vlink-ACH-Credit/input_Password'

2023-02-28 18:46:06 - [MESSAGE][PASSED] - Text 'tUmWBiLUx' is set on object 'Object Repository/RecAndPlayBk/Page-Vlink-ACH-Credit/input_Password'

2023-02-28 18:46:06 - [TEST_STEP][PASSED] - setText(findTestObject("Object Repository/RecAndPlayBk/Page-Vlink-ACH-Credit/input_Check Type"), checkType): Text 'P' is set on object 'Object Repository/RecAndPlayBk/Page-Vlink-ACH-Credit/input_Check Type'

2023-02-28 18:46:07 - [MESSAGE][PASSED] - Text 'P' is set on object 'Object Repository/RecAndPlayBk/Page-Vlink-ACH-Credit/input_Check Type'

2023-02-28 18:46:07 - [TEST_STEP][PASSED] - setText(findTestObject("Object Repository/RecAndPlayBk/Page-Vlink-ACH-Credit/input_Transaction ID"), VLinkSaleTranxID): Text '2920840' is set on object 'Object Repository/RecAndPlayBk/Page-Vlink-ACH-Credit/input_Transaction ID'

2023-02-28 18:46:07 - [MESSAGE][PASSED] - Text '2920840' is set on object 'Object Repository/RecAndPlayBk/Page-Vlink-ACH-Credit/input_Transaction ID'

2023-02-28 18:46:07 - [TEST_STEP][PASSED] - setText(findTestObject("Object Repository/RecAndPlayBk/Page-Vlink-ACH-Credit/input_Amount"), amount): Text '12.50' is set on object 'Object Repository/RecAndPlayBk/Page-Vlink-ACH-Credit/input_Amount'

2023-02-28 18:46:08 - [MESSAGE][PASSED] - Text '12.50' is set on object 'Object Repository/RecAndPlayBk/Page-Vlink-ACH-Credit/input_Amount'

2023-02-28 18:46:08 - [TEST_STEP][PASSED] - setText(findTestObject("Object Repository/RecAndPlayBk/Page-Vlink-ACH-Credit/input_Standard Entry Class"), sec): Text 'WEB' is set on object 'Object Repository/RecAndPlayBk/Page-Vlink-ACH-Credit/input_Standard Entry Class'

2023-02-28 18:46:09 - [MESSAGE][PASSED] - Text 'WEB' is set on object 'Object Repository/RecAndPlayBk/Page-Vlink-ACH-Credit/input_Standard Entry Class'

2023-02-28 18:46:09 - [TEST_STEP][PASSED] - setText(findTestObject("Object Repository/RecAndPlayBk/Page-Vlink-ACH-Credit/input_Account Number"), acNumber): Text '58963214' is set on object 'Object Repository/RecAndPlayBk/Page-Vlink-ACH-Credit/input_Account Number'

2023-02-28 18:46:09 - [MESSAGE][PASSED] - Text '58963214' is set on object 'Object Repository/RecAndPlayBk/Page-Vlink-ACH-Credit/input_Account Number'

2023-02-28 18:46:09 - [TEST_STEP][PASSED] - setText(findTestObject("Object Repository/RecAndPlayBk/Page-Vlink-ACH-Credit/input_Routing Number"), rtn): Text '256072691' is set on object 'Object Repository/RecAndPlayBk/Page-Vlink-ACH-Credit/input_Routing Number'

2023-02-28 18:46:10 - [MESSAGE][PASSED] - Text '256072691' is set on object 'Object Repository/RecAndPlayBk/Page-Vlink-ACH-Credit/input_Routing Number'

2023-02-28 18:46:10 - [TEST_STEP][PASSED] - click(findTestObject("Object Repository/RecAndPlayBk/Page-Vlink-ACH-Credit/input")): Object: 'Object Repository/RecAndPlayBk/Page-Vlink-ACH-Credit/input' is clicked on

2023-02-28 18:46:11 - [MESSAGE][PASSED] - Object: 'Object Repository/RecAndPlayBk/Page-Vlink-ACH-Credit/input' is clicked on

2023-02-28 18:46:11 - [TEST_STEP][PASSED] - if (verifyTextPresent("Transaction approved, no errors", true)): null

2023-02-28 18:46:11 - [MESSAGE][PASSED] - Text 'Transaction approved, no errors' is present on page  using regular expression

2023-02-28 18:46:11 - [TEST_STEP][PASSED] - println("Transaction Approved, no errors text is present on the Confirmation page"): null

2023-02-28 18:46:11 - [TEST_STEP][PASSED] - sdfo = getText(findTestObject("Object Repository/Page_VLinkReceipt/pre_STX")): Text of object 'Object Repository/Page_VLinkReceipt/pre_STX' is: '<STX>oEiD2btPgdFG                  2920841             0  Transaction approved, no errors                   0                                                                                                              <ETX>'

2023-02-28 18:46:11 - [MESSAGE][PASSED] - Text of object 'Object Repository/Page_VLinkReceipt/pre_STX' is: '<STX>oEiD2btPgdFG                  2920841             0  Transaction approved, no errors                   0                                                                                                              <ETX>'

2023-02-28 18:46:11 - [TEST_STEP][PASSED] - out.println("sdfo: " + sdfo): null

2023-02-28 18:46:11 - [TEST_STEP][PASSED] - remID = substring(5, 35).trim(): null

2023-02-28 18:46:11 - [TEST_STEP][PASSED] - out.println("remID: " + remID): null

2023-02-28 18:46:11 - [TEST_STEP][PASSED] - traxID = substring(35, 55).trim(): null

2023-02-28 18:46:11 - [TEST_STEP][PASSED] - out.println("traxID: " + traxID): null

2023-02-28 18:46:11 - [TEST_STEP][PASSED] - VLinkSaleRemID = remID: null

2023-02-28 18:46:11 - [TEST_STEP][PASSED] - VLinkSaleTranxID = traxID: null

2023-02-28 18:46:11 - [TEST_STEP][PASSED] - openBrowser(VLinkURL + "ACH_void.html"): Browser is opened with url: 'https://dev-algorithm.govolution.com/vlinktest/demo2/version_2_0/ACH_void.html'

2023-02-28 18:46:11 - [MESSAGE][WARNING] - A browser is already opened. Closing browser and opening a new one

2023-02-28 18:46:12 - [MESSAGE][INFO] - Starting 'Chrome' driver

2023-02-28 18:46:12 - [MESSAGE][INFO] - User set preference: ['acceptInsecureCerts', 'true']

2023-02-28 18:46:12 - [MESSAGE][INFO] - Action delay is set to 0 milliseconds

2023-02-28 18:46:14 - [MESSAGE][PASSED] - Browser is opened with url: 'https://dev-algorithm.govolution.com/vlinktest/demo2/version_2_0/ACH_void.html'

2023-02-28 18:46:14 - [TEST_STEP][PASSED] - maximizeWindow(): Current window maximized

2023-02-28 18:46:14 - [MESSAGE][PASSED] - Current window maximized

2023-02-28 18:46:14 - [TEST_STEP][PASSED] - setText(findTestObject("Object Repository/RecAndPlayBk/Page-Vlink-ACH-Void/input_Remittance Id"), VLinkSaleRemID): Text 'oEiD2btPgdFG' is set on object 'Object Repository/RecAndPlayBk/Page-Vlink-ACH-Void/input_Remittance Id'

2023-02-28 18:46:15 - [MESSAGE][PASSED] - Text 'oEiD2btPgdFG' is set on object 'Object Repository/RecAndPlayBk/Page-Vlink-ACH-Void/input_Remittance Id'

2023-02-28 18:46:15 - [TEST_STEP][PASSED] - setText(findTestObject("Object Repository/RecAndPlayBk/Page-Vlink-ACH-Void/input_Application Id"), appID): Text '1773' is set on object 'Object Repository/RecAndPlayBk/Page-Vlink-ACH-Void/input_Application Id'

2023-02-28 18:46:15 - [MESSAGE][PASSED] - Text '1773' is set on object 'Object Repository/RecAndPlayBk/Page-Vlink-ACH-Void/input_Application Id'

2023-02-28 18:46:15 - [TEST_STEP][PASSED] - setText(findTestObject("Object Repository/RecAndPlayBk/Page-Vlink-ACH-Void/input_Username"), username): Text 'Qq2BV1qtr' is set on object 'Object Repository/RecAndPlayBk/Page-Vlink-ACH-Void/input_Username'

2023-02-28 18:46:16 - [MESSAGE][PASSED] - Text 'Qq2BV1qtr' is set on object 'Object Repository/RecAndPlayBk/Page-Vlink-ACH-Void/input_Username'

2023-02-28 18:46:16 - [TEST_STEP][PASSED] - setText(findTestObject("Object Repository/RecAndPlayBk/Page-Vlink-ACH-Void/input_Password"), password): Text 'tUmWBiLUx' is set on object 'Object Repository/RecAndPlayBk/Page-Vlink-ACH-Void/input_Password'

2023-02-28 18:46:17 - [MESSAGE][PASSED] - Text 'tUmWBiLUx' is set on object 'Object Repository/RecAndPlayBk/Page-Vlink-ACH-Void/input_Password'

2023-02-28 18:46:17 - [TEST_STEP][PASSED] - setText(findTestObject("Object Repository/RecAndPlayBk/Page-Vlink-ACH-Void/input_Check Type"), checkType): Text 'P' is set on object 'Object Repository/RecAndPlayBk/Page-Vlink-ACH-Void/input_Check Type'

2023-02-28 18:46:17 - [MESSAGE][PASSED] - Text 'P' is set on object 'Object Repository/RecAndPlayBk/Page-Vlink-ACH-Void/input_Check Type'

2023-02-28 18:46:17 - [TEST_STEP][PASSED] - setText(findTestObject("Object Repository/RecAndPlayBk/Page-Vlink-ACH-Void/input_Standard Entry Class"), sec): Text 'WEB' is set on object 'Object Repository/RecAndPlayBk/Page-Vlink-ACH-Void/input_Standard Entry Class'

2023-02-28 18:46:18 - [MESSAGE][PASSED] - Text 'WEB' is set on object 'Object Repository/RecAndPlayBk/Page-Vlink-ACH-Void/input_Standard Entry Class'

2023-02-28 18:46:18 - [TEST_STEP][PASSED] - setText(findTestObject("Object Repository/RecAndPlayBk/Page-Vlink-ACH-Void/input_Transaction ID"), VLinkSaleTranxID): Text '2920841' is set on object 'Object Repository/RecAndPlayBk/Page-Vlink-ACH-Void/input_Transaction ID'

2023-02-28 18:46:18 - [MESSAGE][PASSED] - Text '2920841' is set on object 'Object Repository/RecAndPlayBk/Page-Vlink-ACH-Void/input_Transaction ID'

2023-02-28 18:46:18 - [TEST_STEP][PASSED] - setText(findTestObject("Object Repository/RecAndPlayBk/Page-Vlink-ACH-Void/input_Original Transaction Type"), "201"): Text '201' is set on object 'Object Repository/RecAndPlayBk/Page-Vlink-ACH-Void/input_Original Transaction Type'

2023-02-28 18:46:19 - [MESSAGE][PASSED] - Text '201' is set on object 'Object Repository/RecAndPlayBk/Page-Vlink-ACH-Void/input_Original Transaction Type'

2023-02-28 18:46:19 - [TEST_STEP][PASSED] - click(findTestObject("Object Repository/RecAndPlayBk/Page-Vlink-ACH-Void/input")): Object: 'Object Repository/RecAndPlayBk/Page-Vlink-ACH-Void/input' is clicked on

2023-02-28 18:46:20 - [MESSAGE][PASSED] - Object: 'Object Repository/RecAndPlayBk/Page-Vlink-ACH-Void/input' is clicked on

2023-02-28 18:46:20 - [TEST_STEP][PASSED] - if (verifyTextPresent("Transaction approved, no errors", true)): null

2023-02-28 18:46:20 - [MESSAGE][PASSED] - Text 'Transaction approved, no errors' is present on page  using regular expression

2023-02-28 18:46:20 - [TEST_STEP][PASSED] - println("Transaction Approved, no errors text is present on the Confirmation page"): null

2023-02-28 18:46:20 - [TEST_STEP][PASSED] - out.println("Pass Record Number: " + row): null

2023-02-28 18:46:20 - [TEST_STEP][PASSED] - resText = "Pass": null

2023-02-28 18:46:20 - [TEST_STEP][PASSED] - pages.WriteExcel.demoKey(resText, datText, resColumn, datCloumn, fileLoc, nameSheet, row): pages.WriteExcel.demoKey is PASSED

2023-02-28 18:46:20 - [MESSAGE][PASSED] - pages.WriteExcel.demoKey is PASSED

2023-02-28 18:46:20 - [TEST_STEP][PASSED] - ExecuteTC = findTestData(dataFile).getValue("Execute", row): null

2023-02-28 18:46:20 - [TEST_STEP][PASSED] - out.println("Value of Execute is : " + ExecuteTC): null

2023-02-28 18:46:20 - [TEST_STEP][PASSED] - switch (executionProfile): null

2023-02-28 18:46:20 - [TEST_STEP][PASSED] - case "Demo2Profile":: null

2023-02-28 18:46:20 - [TEST_STEP][PASSED] - appID = findTestData(dataFile).getValue("AppIDDemo", row): null

2023-02-28 18:46:20 - [TEST_STEP][PASSED] - username = findTestData(dataFile).getValue("UsernameDemo", row): null

2023-02-28 18:46:20 - [TEST_STEP][PASSED] - password = findTestData(dataFile).getValue("PasswordDemo", row): null

2023-02-28 18:46:20 - [TEST_STEP][PASSED] - break: null

2023-02-28 18:46:20 - [TEST_STEP][PASSED] - if (ExecuteTC.equalsIgnoreCase("Y")): null

2023-02-28 18:46:20 - [TEST_STEP][PASSED] - out.println("Begin Record Number: " + row): null

2023-02-28 18:46:20 - [TEST_STEP][PASSED] - today = new java.util.Date(): null

2023-02-28 18:46:20 - [TEST_STEP][PASSED] - println(today): null

2023-02-28 18:46:20 - [TEST_STEP][PASSED] - datText = today: null

2023-02-28 18:46:20 - [TEST_STEP][PASSED] - checkType = findTestData(dataFile).getValue("CheckType", row): null

2023-02-28 18:46:21 - [TEST_STEP][PASSED] - acNumber = findTestData(dataFile).getValue("AcNumber", row): null

2023-02-28 18:46:21 - [TEST_STEP][PASSED] - company = findTestData(dataFile).getValue("Company", row): null

2023-02-28 18:46:21 - [TEST_STEP][PASSED] - acType = findTestData(dataFile).getValue("AcType", row): null

2023-02-28 18:46:21 - [TEST_STEP][PASSED] - rtn = findTestData(dataFile).getValue("RTN", row): null

2023-02-28 18:46:21 - [TEST_STEP][PASSED] - amount = findTestData(dataFile).getValue("Amount", row): null

2023-02-28 18:46:21 - [TEST_STEP][PASSED] - sec = findTestData(dataFile).getValue("SEC", row): null

2023-02-28 18:46:21 - [TEST_STEP][PASSED] - openBrowser(VLinkURL + "debit.html"): Browser is opened with url: 'https://dev-algorithm.govolution.com/vlinktest/demo2/version_2_0/debit.html'

2023-02-28 18:46:21 - [MESSAGE][WARNING] - A browser is already opened. Closing browser and opening a new one

2023-02-28 18:46:22 - [MESSAGE][INFO] - Starting 'Chrome' driver

2023-02-28 18:46:22 - [MESSAGE][INFO] - User set preference: ['acceptInsecureCerts', 'true']

2023-02-28 18:46:22 - [MESSAGE][INFO] - Action delay is set to 0 milliseconds

2023-02-28 18:46:24 - [MESSAGE][PASSED] - Browser is opened with url: 'https://dev-algorithm.govolution.com/vlinktest/demo2/version_2_0/debit.html'

2023-02-28 18:46:24 - [TEST_STEP][PASSED] - maximizeWindow(): Current window maximized

2023-02-28 18:46:24 - [MESSAGE][PASSED] - Current window maximized

2023-02-28 18:46:24 - [TEST_STEP][PASSED] - genRemID = RandomStringUtils.random(12, true, true): null

2023-02-28 18:46:24 - [TEST_STEP][PASSED] - setText(findTestObject("RecAndPlayBk/Page-Vlink-Debit/input_Remittance Id"), genRemID): Text 'XxNGijsyQNR9' is set on object 'Object Repository/RecAndPlayBk/Page-Vlink-Debit/input_Remittance Id'

2023-02-28 18:46:24 - [MESSAGE][PASSED] - Text 'XxNGijsyQNR9' is set on object 'Object Repository/RecAndPlayBk/Page-Vlink-Debit/input_Remittance Id'

2023-02-28 18:46:24 - [TEST_STEP][PASSED] - setText(findTestObject("RecAndPlayBk/Page-Vlink-Debit/input_Application Id"), appID): Text '1773' is set on object 'Object Repository/RecAndPlayBk/Page-Vlink-Debit/input_Application Id'

2023-02-28 18:46:25 - [MESSAGE][PASSED] - Text '1773' is set on object 'Object Repository/RecAndPlayBk/Page-Vlink-Debit/input_Application Id'

2023-02-28 18:46:25 - [TEST_STEP][PASSED] - setText(findTestObject("RecAndPlayBk/Page-Vlink-Debit/input_Username"), username): Text 'Qq2BV1qtr' is set on object 'Object Repository/RecAndPlayBk/Page-Vlink-Debit/input_Username'

2023-02-28 18:46:26 - [MESSAGE][PASSED] - Text 'Qq2BV1qtr' is set on object 'Object Repository/RecAndPlayBk/Page-Vlink-Debit/input_Username'

2023-02-28 18:46:26 - [TEST_STEP][PASSED] - setText(findTestObject("RecAndPlayBk/Page-Vlink-Debit/input_Password"), password): Text 'tUmWBiLUx' is set on object 'Object Repository/RecAndPlayBk/Page-Vlink-Debit/input_Password'

2023-02-28 18:46:26 - [MESSAGE][PASSED] - Text 'tUmWBiLUx' is set on object 'Object Repository/RecAndPlayBk/Page-Vlink-Debit/input_Password'

2023-02-28 18:46:26 - [TEST_STEP][PASSED] - setText(findTestObject("RecAndPlayBk/Page-Vlink-Debit/input_Check Type"), checkType): Text 'P' is set on object 'Object Repository/RecAndPlayBk/Page-Vlink-Debit/input_Check Type'

2023-02-28 18:46:27 - [MESSAGE][PASSED] - Text 'P' is set on object 'Object Repository/RecAndPlayBk/Page-Vlink-Debit/input_Check Type'

2023-02-28 18:46:27 - [TEST_STEP][PASSED] - setText(findTestObject("RecAndPlayBk/Page-Vlink-Debit/input_Account_check"), acNumber): Text '58963214' is set on object 'Object Repository/RecAndPlayBk/Page-Vlink-Debit/input_Account_check'

2023-02-28 18:46:28 - [MESSAGE][PASSED] - Text '58963214' is set on object 'Object Repository/RecAndPlayBk/Page-Vlink-Debit/input_Account_check'

2023-02-28 18:46:28 - [TEST_STEP][PASSED] - setText(findTestObject("RecAndPlayBk/Page-Vlink-Debit/input_Company_check"), company): Text '' is set on object 'Object Repository/RecAndPlayBk/Page-Vlink-Debit/input_Company_check'

2023-02-28 18:46:28 - [MESSAGE][PASSED] - Text '' is set on object 'Object Repository/RecAndPlayBk/Page-Vlink-Debit/input_Company_check'

2023-02-28 18:46:28 - [TEST_STEP][PASSED] - setText(findTestObject("RecAndPlayBk/Page-Vlink-Debit/input_Account Type"), acType): Text '1' is set on object 'Object Repository/RecAndPlayBk/Page-Vlink-Debit/input_Account Type'

2023-02-28 18:46:29 - [MESSAGE][PASSED] - Text '1' is set on object 'Object Repository/RecAndPlayBk/Page-Vlink-Debit/input_Account Type'

2023-02-28 18:46:29 - [TEST_STEP][PASSED] - setText(findTestObject("RecAndPlayBk/Page-Vlink-Debit/input_Routing Number"), rtn): Text '256072691' is set on object 'Object Repository/RecAndPlayBk/Page-Vlink-Debit/input_Routing Number'

2023-02-28 18:46:29 - [MESSAGE][PASSED] - Text '256072691' is set on object 'Object Repository/RecAndPlayBk/Page-Vlink-Debit/input_Routing Number'

2023-02-28 18:46:29 - [TEST_STEP][PASSED] - setText(findTestObject("RecAndPlayBk/Page-Vlink-Debit/input_Amount"), amount): Text '12.50' is set on object 'Object Repository/RecAndPlayBk/Page-Vlink-Debit/input_Amount'

2023-02-28 18:46:30 - [MESSAGE][PASSED] - Text '12.50' is set on object 'Object Repository/RecAndPlayBk/Page-Vlink-Debit/input_Amount'

2023-02-28 18:46:30 - [TEST_STEP][PASSED] - setText(findTestObject("RecAndPlayBk/Page-Vlink-Debit/input_Check Email"), ""): Text '' is set on object 'Object Repository/RecAndPlayBk/Page-Vlink-Debit/input_Check Email'

2023-02-28 18:46:31 - [MESSAGE][PASSED] - Text '' is set on object 'Object Repository/RecAndPlayBk/Page-Vlink-Debit/input_Check Email'

2023-02-28 18:46:31 - [TEST_STEP][PASSED] - setText(findTestObject("Object Repository/RecAndPlayBk/Page-Vlink-Debit/input_concat(CheckWriter, , s SSN)_check_ssn"), ""): Text '' is set on object 'Object Repository/RecAndPlayBk/Page-Vlink-Debit/input_concat(CheckWriter, , s SSN)_check_ssn'

2023-02-28 18:46:31 - [MESSAGE][PASSED] - Text '' is set on object 'Object Repository/RecAndPlayBk/Page-Vlink-Debit/input_concat(CheckWriter, , s SSN)_check_ssn'

2023-02-28 18:46:31 - [TEST_STEP][PASSED] - setText(findTestObject("Object Repository/RecAndPlayBk/Page-Vlink-Debit/input_concat(CheckWriter, , s License Numbe_020fef"), ""): Text '' is set on object 'Object Repository/RecAndPlayBk/Page-Vlink-Debit/input_concat(CheckWriter, , s License Numbe_020fef'

2023-02-28 18:46:32 - [MESSAGE][PASSED] - Text '' is set on object 'Object Repository/RecAndPlayBk/Page-Vlink-Debit/input_concat(CheckWriter, , s License Numbe_020fef'

2023-02-28 18:46:32 - [TEST_STEP][PASSED] - setText(findTestObject("Object Repository/RecAndPlayBk/Page-Vlink-Debit/input_concat(CheckWriter, , s License State_21e3e7"), ""): Text '' is set on object 'Object Repository/RecAndPlayBk/Page-Vlink-Debit/input_concat(CheckWriter, , s License State_21e3e7'

2023-02-28 18:46:33 - [MESSAGE][PASSED] - Text '' is set on object 'Object Repository/RecAndPlayBk/Page-Vlink-Debit/input_concat(CheckWriter, , s License State_21e3e7'

2023-02-28 18:46:33 - [TEST_STEP][PASSED] - setText(findTestObject("RecAndPlayBk/Page-Vlink-Debit/input_Standard Entry Class"), sec): Text 'TEL' is set on object 'Object Repository/RecAndPlayBk/Page-Vlink-Debit/input_Standard Entry Class'

2023-02-28 18:46:33 - [MESSAGE][PASSED] - Text 'TEL' is set on object 'Object Repository/RecAndPlayBk/Page-Vlink-Debit/input_Standard Entry Class'

2023-02-28 18:46:33 - [TEST_STEP][PASSED] - click(findTestObject("Object Repository/RecAndPlayBk/Page-Vlink-Debit/input")): Object: 'Object Repository/RecAndPlayBk/Page-Vlink-Debit/input' is clicked on

2023-02-28 18:46:34 - [MESSAGE][PASSED] - Object: 'Object Repository/RecAndPlayBk/Page-Vlink-Debit/input' is clicked on

2023-02-28 18:46:34 - [TEST_STEP][PASSED] - if (verifyTextPresent("Transaction approved, no errors", true)): null

2023-02-28 18:46:35 - [MESSAGE][PASSED] - Text 'Transaction approved, no errors' is present on page  using regular expression

2023-02-28 18:46:35 - [TEST_STEP][PASSED] - println("Transaction Approved, no errors text is present on the Confirmation page"): null

2023-02-28 18:46:35 - [TEST_STEP][PASSED] - sdfo = getText(findTestObject("Object Repository/Page_VLinkReceipt/pre_STX")): Text of object 'Object Repository/Page_VLinkReceipt/pre_STX' is: '<STX>XxNGijsyQNR9                  2920843             0  Transaction approved, no errors                   0                                                                                                              <ETX>'

2023-02-28 18:46:35 - [MESSAGE][PASSED] - Text of object 'Object Repository/Page_VLinkReceipt/pre_STX' is: '<STX>XxNGijsyQNR9                  2920843             0  Transaction approved, no errors                   0                                                                                                              <ETX>'

2023-02-28 18:46:35 - [TEST_STEP][PASSED] - out.println("sdfo: " + sdfo): null

2023-02-28 18:46:35 - [TEST_STEP][PASSED] - remID = substring(5, 35).trim(): null

2023-02-28 18:46:35 - [TEST_STEP][PASSED] - out.println("remID: " + remID): null

2023-02-28 18:46:35 - [TEST_STEP][PASSED] - traxID = substring(35, 55).trim(): null

2023-02-28 18:46:35 - [TEST_STEP][PASSED] - out.println("traxID: " + traxID): null

2023-02-28 18:46:35 - [TEST_STEP][PASSED] - VLinkSaleRemID = remID: null

2023-02-28 18:46:35 - [TEST_STEP][PASSED] - VLinkSaleTranxID = traxID: null

2023-02-28 18:46:35 - [TEST_STEP][PASSED] - openBrowser(VLinkURL + "ACH_credit.html"): Browser is opened with url: 'https://dev-algorithm.govolution.com/vlinktest/demo2/version_2_0/ACH_credit.html'

2023-02-28 18:46:35 - [MESSAGE][WARNING] - A browser is already opened. Closing browser and opening a new one

2023-02-28 18:46:36 - [MESSAGE][INFO] - Starting 'Chrome' driver

2023-02-28 18:46:36 - [MESSAGE][INFO] - User set preference: ['acceptInsecureCerts', 'true']

2023-02-28 18:46:36 - [MESSAGE][INFO] - Action delay is set to 0 milliseconds

2023-02-28 18:46:38 - [MESSAGE][PASSED] - Browser is opened with url: 'https://dev-algorithm.govolution.com/vlinktest/demo2/version_2_0/ACH_credit.html'

2023-02-28 18:46:38 - [TEST_STEP][PASSED] - maximizeWindow(): Current window maximized

2023-02-28 18:46:38 - [MESSAGE][PASSED] - Current window maximized

2023-02-28 18:46:38 - [TEST_STEP][PASSED] - setText(findTestObject("Object Repository/RecAndPlayBk/Page-Vlink-ACH-Credit/input_Remittance Id"), VLinkSaleRemID): Text 'XxNGijsyQNR9' is set on object 'Object Repository/RecAndPlayBk/Page-Vlink-ACH-Credit/input_Remittance Id'

2023-02-28 18:46:38 - [MESSAGE][PASSED] - Text 'XxNGijsyQNR9' is set on object 'Object Repository/RecAndPlayBk/Page-Vlink-ACH-Credit/input_Remittance Id'

2023-02-28 18:46:38 - [TEST_STEP][PASSED] - setText(findTestObject("Object Repository/RecAndPlayBk/Page-Vlink-ACH-Credit/input_Application Id"), appID): Text '1773' is set on object 'Object Repository/RecAndPlayBk/Page-Vlink-ACH-Credit/input_Application Id'

2023-02-28 18:46:39 - [MESSAGE][PASSED] - Text '1773' is set on object 'Object Repository/RecAndPlayBk/Page-Vlink-ACH-Credit/input_Application Id'

2023-02-28 18:46:39 - [TEST_STEP][PASSED] - setText(findTestObject("Object Repository/RecAndPlayBk/Page-Vlink-ACH-Credit/input_Username"), username): Text 'Qq2BV1qtr' is set on object 'Object Repository/RecAndPlayBk/Page-Vlink-ACH-Credit/input_Username'

2023-02-28 18:46:40 - [MESSAGE][PASSED] - Text 'Qq2BV1qtr' is set on object 'Object Repository/RecAndPlayBk/Page-Vlink-ACH-Credit/input_Username'

2023-02-28 18:46:40 - [TEST_STEP][PASSED] - setText(findTestObject("Object Repository/RecAndPlayBk/Page-Vlink-ACH-Credit/input_Password"), password): Text 'tUmWBiLUx' is set on object 'Object Repository/RecAndPlayBk/Page-Vlink-ACH-Credit/input_Password'

2023-02-28 18:46:40 - [MESSAGE][PASSED] - Text 'tUmWBiLUx' is set on object 'Object Repository/RecAndPlayBk/Page-Vlink-ACH-Credit/input_Password'

2023-02-28 18:46:40 - [TEST_STEP][PASSED] - setText(findTestObject("Object Repository/RecAndPlayBk/Page-Vlink-ACH-Credit/input_Check Type"), checkType): Text 'P' is set on object 'Object Repository/RecAndPlayBk/Page-Vlink-ACH-Credit/input_Check Type'

2023-02-28 18:46:41 - [MESSAGE][PASSED] - Text 'P' is set on object 'Object Repository/RecAndPlayBk/Page-Vlink-ACH-Credit/input_Check Type'

2023-02-28 18:46:41 - [TEST_STEP][PASSED] - setText(findTestObject("Object Repository/RecAndPlayBk/Page-Vlink-ACH-Credit/input_Transaction ID"), VLinkSaleTranxID): Text '2920843' is set on object 'Object Repository/RecAndPlayBk/Page-Vlink-ACH-Credit/input_Transaction ID'

2023-02-28 18:46:42 - [MESSAGE][PASSED] - Text '2920843' is set on object 'Object Repository/RecAndPlayBk/Page-Vlink-ACH-Credit/input_Transaction ID'

2023-02-28 18:46:42 - [TEST_STEP][PASSED] - setText(findTestObject("Object Repository/RecAndPlayBk/Page-Vlink-ACH-Credit/input_Amount"), amount): Text '12.50' is set on object 'Object Repository/RecAndPlayBk/Page-Vlink-ACH-Credit/input_Amount'

2023-02-28 18:46:42 - [MESSAGE][PASSED] - Text '12.50' is set on object 'Object Repository/RecAndPlayBk/Page-Vlink-ACH-Credit/input_Amount'

2023-02-28 18:46:42 - [TEST_STEP][PASSED] - setText(findTestObject("Object Repository/RecAndPlayBk/Page-Vlink-ACH-Credit/input_Standard Entry Class"), sec): Text 'TEL' is set on object 'Object Repository/RecAndPlayBk/Page-Vlink-ACH-Credit/input_Standard Entry Class'

2023-02-28 18:46:43 - [MESSAGE][PASSED] - Text 'TEL' is set on object 'Object Repository/RecAndPlayBk/Page-Vlink-ACH-Credit/input_Standard Entry Class'

2023-02-28 18:46:43 - [TEST_STEP][PASSED] - setText(findTestObject("Object Repository/RecAndPlayBk/Page-Vlink-ACH-Credit/input_Account Number"), acNumber): Text '58963214' is set on object 'Object Repository/RecAndPlayBk/Page-Vlink-ACH-Credit/input_Account Number'

2023-02-28 18:46:43 - [MESSAGE][PASSED] - Text '58963214' is set on object 'Object Repository/RecAndPlayBk/Page-Vlink-ACH-Credit/input_Account Number'

2023-02-28 18:46:43 - [TEST_STEP][PASSED] - setText(findTestObject("Object Repository/RecAndPlayBk/Page-Vlink-ACH-Credit/input_Routing Number"), rtn): Text '256072691' is set on object 'Object Repository/RecAndPlayBk/Page-Vlink-ACH-Credit/input_Routing Number'

2023-02-28 18:46:44 - [MESSAGE][PASSED] - Text '256072691' is set on object 'Object Repository/RecAndPlayBk/Page-Vlink-ACH-Credit/input_Routing Number'

2023-02-28 18:46:44 - [TEST_STEP][PASSED] - click(findTestObject("Object Repository/RecAndPlayBk/Page-Vlink-ACH-Credit/input")): Object: 'Object Repository/RecAndPlayBk/Page-Vlink-ACH-Credit/input' is clicked on

2023-02-28 18:46:45 - [MESSAGE][PASSED] - Object: 'Object Repository/RecAndPlayBk/Page-Vlink-ACH-Credit/input' is clicked on

2023-02-28 18:46:45 - [TEST_STEP][PASSED] - if (verifyTextPresent("Transaction approved, no errors", true)): null

2023-02-28 18:46:45 - [MESSAGE][PASSED] - Text 'Transaction approved, no errors' is present on page  using regular expression

2023-02-28 18:46:45 - [TEST_STEP][PASSED] - println("Transaction Approved, no errors text is present on the Confirmation page"): null

2023-02-28 18:46:45 - [TEST_STEP][PASSED] - sdfo = getText(findTestObject("Object Repository/Page_VLinkReceipt/pre_STX")): Text of object 'Object Repository/Page_VLinkReceipt/pre_STX' is: '<STX>XxNGijsyQNR9                  2920844             0  Transaction approved, no errors                   0                                                                                                              <ETX>'

2023-02-28 18:46:45 - [MESSAGE][PASSED] - Text of object 'Object Repository/Page_VLinkReceipt/pre_STX' is: '<STX>XxNGijsyQNR9                  2920844             0  Transaction approved, no errors                   0                                                                                                              <ETX>'

2023-02-28 18:46:45 - [TEST_STEP][PASSED] - out.println("sdfo: " + sdfo): null

2023-02-28 18:46:45 - [TEST_STEP][PASSED] - remID = substring(5, 35).trim(): null

2023-02-28 18:46:45 - [TEST_STEP][PASSED] - out.println("remID: " + remID): null

2023-02-28 18:46:45 - [TEST_STEP][PASSED] - traxID = substring(35, 55).trim(): null

2023-02-28 18:46:45 - [TEST_STEP][PASSED] - out.println("traxID: " + traxID): null

2023-02-28 18:46:45 - [TEST_STEP][PASSED] - VLinkSaleRemID = remID: null

2023-02-28 18:46:45 - [TEST_STEP][PASSED] - VLinkSaleTranxID = traxID: null

2023-02-28 18:46:45 - [TEST_STEP][PASSED] - openBrowser(VLinkURL + "ACH_void.html"): Browser is opened with url: 'https://dev-algorithm.govolution.com/vlinktest/demo2/version_2_0/ACH_void.html'

2023-02-28 18:46:45 - [MESSAGE][WARNING] - A browser is already opened. Closing browser and opening a new one

2023-02-28 18:46:46 - [MESSAGE][INFO] - Starting 'Chrome' driver

2023-02-28 18:46:46 - [MESSAGE][INFO] - User set preference: ['acceptInsecureCerts', 'true']

2023-02-28 18:46:46 - [MESSAGE][INFO] - Action delay is set to 0 milliseconds

2023-02-28 18:46:48 - [MESSAGE][PASSED] - Browser is opened with url: 'https://dev-algorithm.govolution.com/vlinktest/demo2/version_2_0/ACH_void.html'

2023-02-28 18:46:48 - [TEST_STEP][PASSED] - maximizeWindow(): Current window maximized

2023-02-28 18:46:48 - [MESSAGE][PASSED] - Current window maximized

2023-02-28 18:46:48 - [TEST_STEP][PASSED] - setText(findTestObject("Object Repository/RecAndPlayBk/Page-Vlink-ACH-Void/input_Remittance Id"), VLinkSaleRemID): Text 'XxNGijsyQNR9' is set on object 'Object Repository/RecAndPlayBk/Page-Vlink-ACH-Void/input_Remittance Id'

2023-02-28 18:46:49 - [MESSAGE][PASSED] - Text 'XxNGijsyQNR9' is set on object 'Object Repository/RecAndPlayBk/Page-Vlink-ACH-Void/input_Remittance Id'

2023-02-28 18:46:49 - [TEST_STEP][PASSED] - setText(findTestObject("Object Repository/RecAndPlayBk/Page-Vlink-ACH-Void/input_Application Id"), appID): Text '1773' is set on object 'Object Repository/RecAndPlayBk/Page-Vlink-ACH-Void/input_Application Id'

2023-02-28 18:46:50 - [MESSAGE][PASSED] - Text '1773' is set on object 'Object Repository/RecAndPlayBk/Page-Vlink-ACH-Void/input_Application Id'

2023-02-28 18:46:50 - [TEST_STEP][PASSED] - setText(findTestObject("Object Repository/RecAndPlayBk/Page-Vlink-ACH-Void/input_Username"), username): Text 'Qq2BV1qtr' is set on object 'Object Repository/RecAndPlayBk/Page-Vlink-ACH-Void/input_Username'

2023-02-28 18:46:51 - [MESSAGE][PASSED] - Text 'Qq2BV1qtr' is set on object 'Object Repository/RecAndPlayBk/Page-Vlink-ACH-Void/input_Username'

2023-02-28 18:46:51 - [TEST_STEP][PASSED] - setText(findTestObject("Object Repository/RecAndPlayBk/Page-Vlink-ACH-Void/input_Password"), password): Text 'tUmWBiLUx' is set on object 'Object Repository/RecAndPlayBk/Page-Vlink-ACH-Void/input_Password'

2023-02-28 18:46:51 - [MESSAGE][PASSED] - Text 'tUmWBiLUx' is set on object 'Object Repository/RecAndPlayBk/Page-Vlink-ACH-Void/input_Password'

2023-02-28 18:46:51 - [TEST_STEP][PASSED] - setText(findTestObject("Object Repository/RecAndPlayBk/Page-Vlink-ACH-Void/input_Check Type"), checkType): Text 'P' is set on object 'Object Repository/RecAndPlayBk/Page-Vlink-ACH-Void/input_Check Type'

2023-02-28 18:46:52 - [MESSAGE][PASSED] - Text 'P' is set on object 'Object Repository/RecAndPlayBk/Page-Vlink-ACH-Void/input_Check Type'

2023-02-28 18:46:52 - [TEST_STEP][PASSED] - setText(findTestObject("Object Repository/RecAndPlayBk/Page-Vlink-ACH-Void/input_Standard Entry Class"), sec): Text 'TEL' is set on object 'Object Repository/RecAndPlayBk/Page-Vlink-ACH-Void/input_Standard Entry Class'

2023-02-28 18:46:52 - [MESSAGE][PASSED] - Text 'TEL' is set on object 'Object Repository/RecAndPlayBk/Page-Vlink-ACH-Void/input_Standard Entry Class'

2023-02-28 18:46:52 - [TEST_STEP][PASSED] - setText(findTestObject("Object Repository/RecAndPlayBk/Page-Vlink-ACH-Void/input_Transaction ID"), VLinkSaleTranxID): Text '2920844' is set on object 'Object Repository/RecAndPlayBk/Page-Vlink-ACH-Void/input_Transaction ID'

2023-02-28 18:46:53 - [MESSAGE][PASSED] - Text '2920844' is set on object 'Object Repository/RecAndPlayBk/Page-Vlink-ACH-Void/input_Transaction ID'

2023-02-28 18:46:53 - [TEST_STEP][PASSED] - setText(findTestObject("Object Repository/RecAndPlayBk/Page-Vlink-ACH-Void/input_Original Transaction Type"), "201"): Text '201' is set on object 'Object Repository/RecAndPlayBk/Page-Vlink-ACH-Void/input_Original Transaction Type'

2023-02-28 18:46:54 - [MESSAGE][PASSED] - Text '201' is set on object 'Object Repository/RecAndPlayBk/Page-Vlink-ACH-Void/input_Original Transaction Type'

2023-02-28 18:46:54 - [TEST_STEP][PASSED] - click(findTestObject("Object Repository/RecAndPlayBk/Page-Vlink-ACH-Void/input")): Object: 'Object Repository/RecAndPlayBk/Page-Vlink-ACH-Void/input' is clicked on

2023-02-28 18:46:55 - [MESSAGE][PASSED] - Object: 'Object Repository/RecAndPlayBk/Page-Vlink-ACH-Void/input' is clicked on

2023-02-28 18:46:55 - [TEST_STEP][PASSED] - if (verifyTextPresent("Transaction approved, no errors", true)): null

2023-02-28 18:46:55 - [MESSAGE][PASSED] - Text 'Transaction approved, no errors' is present on page  using regular expression

2023-02-28 18:46:55 - [TEST_STEP][PASSED] - println("Transaction Approved, no errors text is present on the Confirmation page"): null

2023-02-28 18:46:55 - [TEST_STEP][PASSED] - out.println("Pass Record Number: " + row): null

2023-02-28 18:46:55 - [TEST_STEP][PASSED] - resText = "Pass": null

2023-02-28 18:46:55 - [TEST_STEP][PASSED] - pages.WriteExcel.demoKey(resText, datText, resColumn, datCloumn, fileLoc, nameSheet, row): pages.WriteExcel.demoKey is PASSED

2023-02-28 18:46:55 - [MESSAGE][PASSED] - pages.WriteExcel.demoKey is PASSED

2023-02-28 18:46:55 - [TEST_STEP][PASSED] - ExecuteTC = findTestData(dataFile).getValue("Execute", row): null

2023-02-28 18:46:55 - [TEST_STEP][PASSED] - out.println("Value of Execute is : " + ExecuteTC): null

2023-02-28 18:46:55 - [TEST_STEP][PASSED] - switch (executionProfile): null

2023-02-28 18:46:55 - [TEST_STEP][PASSED] - case "Demo2Profile":: null

2023-02-28 18:46:55 - [TEST_STEP][PASSED] - appID = findTestData(dataFile).getValue("AppIDDemo", row): null

2023-02-28 18:46:55 - [TEST_STEP][PASSED] - username = findTestData(dataFile).getValue("UsernameDemo", row): null

2023-02-28 18:46:55 - [TEST_STEP][PASSED] - password = findTestData(dataFile).getValue("PasswordDemo", row): null

2023-02-28 18:46:55 - [TEST_STEP][PASSED] - break: null

2023-02-28 18:46:55 - [TEST_STEP][PASSED] - if (ExecuteTC.equalsIgnoreCase("Y")): null

2023-02-28 18:46:55 - [TEST_STEP][PASSED] - out.println("Begin Record Number: " + row): null

2023-02-28 18:46:55 - [TEST_STEP][PASSED] - today = new java.util.Date(): null

2023-02-28 18:46:55 - [TEST_STEP][PASSED] - println(today): null

2023-02-28 18:46:55 - [TEST_STEP][PASSED] - datText = today: null

2023-02-28 18:46:55 - [TEST_STEP][PASSED] - checkType = findTestData(dataFile).getValue("CheckType", row): null

2023-02-28 18:46:55 - [TEST_STEP][PASSED] - acNumber = findTestData(dataFile).getValue("AcNumber", row): null

2023-02-28 18:46:55 - [TEST_STEP][PASSED] - company = findTestData(dataFile).getValue("Company", row): null

2023-02-28 18:46:56 - [TEST_STEP][PASSED] - acType = findTestData(dataFile).getValue("AcType", row): null

2023-02-28 18:46:56 - [TEST_STEP][PASSED] - rtn = findTestData(dataFile).getValue("RTN", row): null

2023-02-28 18:46:56 - [TEST_STEP][PASSED] - amount = findTestData(dataFile).getValue("Amount", row): null

2023-02-28 18:46:56 - [TEST_STEP][PASSED] - sec = findTestData(dataFile).getValue("SEC", row): null

2023-02-28 18:46:56 - [TEST_STEP][PASSED] - openBrowser(VLinkURL + "debit.html"): Browser is opened with url: 'https://dev-algorithm.govolution.com/vlinktest/demo2/version_2_0/debit.html'

2023-02-28 18:46:56 - [MESSAGE][WARNING] - A browser is already opened. Closing browser and opening a new one

2023-02-28 18:46:57 - [MESSAGE][INFO] - Starting 'Chrome' driver

2023-02-28 18:46:57 - [MESSAGE][INFO] - User set preference: ['acceptInsecureCerts', 'true']

2023-02-28 18:46:57 - [MESSAGE][INFO] - Action delay is set to 0 milliseconds

2023-02-28 18:46:59 - [MESSAGE][PASSED] - Browser is opened with url: 'https://dev-algorithm.govolution.com/vlinktest/demo2/version_2_0/debit.html'

2023-02-28 18:46:59 - [TEST_STEP][PASSED] - maximizeWindow(): Current window maximized

2023-02-28 18:46:59 - [MESSAGE][PASSED] - Current window maximized

2023-02-28 18:46:59 - [TEST_STEP][PASSED] - genRemID = RandomStringUtils.random(12, true, true): null

2023-02-28 18:46:59 - [TEST_STEP][PASSED] - setText(findTestObject("RecAndPlayBk/Page-Vlink-Debit/input_Remittance Id"), genRemID): Text 'fEnodieBvyEZ' is set on object 'Object Repository/RecAndPlayBk/Page-Vlink-Debit/input_Remittance Id'

2023-02-28 18:47:00 - [MESSAGE][PASSED] - Text 'fEnodieBvyEZ' is set on object 'Object Repository/RecAndPlayBk/Page-Vlink-Debit/input_Remittance Id'

2023-02-28 18:47:00 - [TEST_STEP][PASSED] - setText(findTestObject("RecAndPlayBk/Page-Vlink-Debit/input_Application Id"), appID): Text '1773' is set on object 'Object Repository/RecAndPlayBk/Page-Vlink-Debit/input_Application Id'

2023-02-28 18:47:00 - [MESSAGE][PASSED] - Text '1773' is set on object 'Object Repository/RecAndPlayBk/Page-Vlink-Debit/input_Application Id'

2023-02-28 18:47:00 - [TEST_STEP][PASSED] - setText(findTestObject("RecAndPlayBk/Page-Vlink-Debit/input_Username"), username): Text 'Qq2BV1qtr' is set on object 'Object Repository/RecAndPlayBk/Page-Vlink-Debit/input_Username'

2023-02-28 18:47:01 - [MESSAGE][PASSED] - Text 'Qq2BV1qtr' is set on object 'Object Repository/RecAndPlayBk/Page-Vlink-Debit/input_Username'

2023-02-28 18:47:01 - [TEST_STEP][PASSED] - setText(findTestObject("RecAndPlayBk/Page-Vlink-Debit/input_Password"), password): Text 'tUmWBiLUx' is set on object 'Object Repository/RecAndPlayBk/Page-Vlink-Debit/input_Password'

2023-02-28 18:47:01 - [MESSAGE][PASSED] - Text 'tUmWBiLUx' is set on object 'Object Repository/RecAndPlayBk/Page-Vlink-Debit/input_Password'

2023-02-28 18:47:01 - [TEST_STEP][PASSED] - setText(findTestObject("RecAndPlayBk/Page-Vlink-Debit/input_Check Type"), checkType): Text 'P' is set on object 'Object Repository/RecAndPlayBk/Page-Vlink-Debit/input_Check Type'

2023-02-28 18:47:02 - [MESSAGE][PASSED] - Text 'P' is set on object 'Object Repository/RecAndPlayBk/Page-Vlink-Debit/input_Check Type'

2023-02-28 18:47:02 - [TEST_STEP][PASSED] - setText(findTestObject("RecAndPlayBk/Page-Vlink-Debit/input_Account_check"), acNumber): Text '58963214' is set on object 'Object Repository/RecAndPlayBk/Page-Vlink-Debit/input_Account_check'

2023-02-28 18:47:03 - [MESSAGE][PASSED] - Text '58963214' is set on object 'Object Repository/RecAndPlayBk/Page-Vlink-Debit/input_Account_check'

2023-02-28 18:47:03 - [TEST_STEP][PASSED] - setText(findTestObject("RecAndPlayBk/Page-Vlink-Debit/input_Company_check"), company): Text '' is set on object 'Object Repository/RecAndPlayBk/Page-Vlink-Debit/input_Company_check'

2023-02-28 18:47:03 - [MESSAGE][PASSED] - Text '' is set on object 'Object Repository/RecAndPlayBk/Page-Vlink-Debit/input_Company_check'

2023-02-28 18:47:03 - [TEST_STEP][PASSED] - setText(findTestObject("RecAndPlayBk/Page-Vlink-Debit/input_Account Type"), acType): Text '1' is set on object 'Object Repository/RecAndPlayBk/Page-Vlink-Debit/input_Account Type'

2023-02-28 18:47:04 - [MESSAGE][PASSED] - Text '1' is set on object 'Object Repository/RecAndPlayBk/Page-Vlink-Debit/input_Account Type'

2023-02-28 18:47:04 - [TEST_STEP][PASSED] - setText(findTestObject("RecAndPlayBk/Page-Vlink-Debit/input_Routing Number"), rtn): Text '256072691' is set on object 'Object Repository/RecAndPlayBk/Page-Vlink-Debit/input_Routing Number'

2023-02-28 18:47:04 - [MESSAGE][PASSED] - Text '256072691' is set on object 'Object Repository/RecAndPlayBk/Page-Vlink-Debit/input_Routing Number'

2023-02-28 18:47:04 - [TEST_STEP][PASSED] - setText(findTestObject("RecAndPlayBk/Page-Vlink-Debit/input_Amount"), amount): Text '12.50' is set on object 'Object Repository/RecAndPlayBk/Page-Vlink-Debit/input_Amount'

2023-02-28 18:47:05 - [MESSAGE][PASSED] - Text '12.50' is set on object 'Object Repository/RecAndPlayBk/Page-Vlink-Debit/input_Amount'

2023-02-28 18:47:05 - [TEST_STEP][PASSED] - setText(findTestObject("RecAndPlayBk/Page-Vlink-Debit/input_Check Email"), ""): Text '' is set on object 'Object Repository/RecAndPlayBk/Page-Vlink-Debit/input_Check Email'

2023-02-28 18:47:06 - [MESSAGE][PASSED] - Text '' is set on object 'Object Repository/RecAndPlayBk/Page-Vlink-Debit/input_Check Email'

2023-02-28 18:47:06 - [TEST_STEP][PASSED] - setText(findTestObject("Object Repository/RecAndPlayBk/Page-Vlink-Debit/input_concat(CheckWriter, , s SSN)_check_ssn"), ""): Text '' is set on object 'Object Repository/RecAndPlayBk/Page-Vlink-Debit/input_concat(CheckWriter, , s SSN)_check_ssn'

2023-02-28 18:47:06 - [MESSAGE][PASSED] - Text '' is set on object 'Object Repository/RecAndPlayBk/Page-Vlink-Debit/input_concat(CheckWriter, , s SSN)_check_ssn'

2023-02-28 18:47:06 - [TEST_STEP][PASSED] - setText(findTestObject("Object Repository/RecAndPlayBk/Page-Vlink-Debit/input_concat(CheckWriter, , s License Numbe_020fef"), ""): Text '' is set on object 'Object Repository/RecAndPlayBk/Page-Vlink-Debit/input_concat(CheckWriter, , s License Numbe_020fef'

2023-02-28 18:47:07 - [MESSAGE][PASSED] - Text '' is set on object 'Object Repository/RecAndPlayBk/Page-Vlink-Debit/input_concat(CheckWriter, , s License Numbe_020fef'

2023-02-28 18:47:07 - [TEST_STEP][PASSED] - setText(findTestObject("Object Repository/RecAndPlayBk/Page-Vlink-Debit/input_concat(CheckWriter, , s License State_21e3e7"), ""): Text '' is set on object 'Object Repository/RecAndPlayBk/Page-Vlink-Debit/input_concat(CheckWriter, , s License State_21e3e7'

2023-02-28 18:47:08 - [MESSAGE][PASSED] - Text '' is set on object 'Object Repository/RecAndPlayBk/Page-Vlink-Debit/input_concat(CheckWriter, , s License State_21e3e7'

2023-02-28 18:47:08 - [TEST_STEP][PASSED] - setText(findTestObject("RecAndPlayBk/Page-Vlink-Debit/input_Standard Entry Class"), sec): Text 'PPD' is set on object 'Object Repository/RecAndPlayBk/Page-Vlink-Debit/input_Standard Entry Class'

2023-02-28 18:47:08 - [MESSAGE][PASSED] - Text 'PPD' is set on object 'Object Repository/RecAndPlayBk/Page-Vlink-Debit/input_Standard Entry Class'

2023-02-28 18:47:08 - [TEST_STEP][PASSED] - click(findTestObject("Object Repository/RecAndPlayBk/Page-Vlink-Debit/input")): Object: 'Object Repository/RecAndPlayBk/Page-Vlink-Debit/input' is clicked on

2023-02-28 18:47:09 - [MESSAGE][PASSED] - Object: 'Object Repository/RecAndPlayBk/Page-Vlink-Debit/input' is clicked on

2023-02-28 18:47:09 - [TEST_STEP][PASSED] - if (verifyTextPresent("Transaction approved, no errors", true)): null

2023-02-28 18:47:09 - [MESSAGE][PASSED] - Text 'Transaction approved, no errors' is present on page  using regular expression

2023-02-28 18:47:09 - [TEST_STEP][PASSED] - println("Transaction Approved, no errors text is present on the Confirmation page"): null

2023-02-28 18:47:09 - [TEST_STEP][PASSED] - sdfo = getText(findTestObject("Object Repository/Page_VLinkReceipt/pre_STX")): Text of object 'Object Repository/Page_VLinkReceipt/pre_STX' is: '<STX>fEnodieBvyEZ                  2920846             0  Transaction approved, no errors                   0                                                                                                              <ETX>'

2023-02-28 18:47:10 - [MESSAGE][PASSED] - Text of object 'Object Repository/Page_VLinkReceipt/pre_STX' is: '<STX>fEnodieBvyEZ                  2920846             0  Transaction approved, no errors                   0                                                                                                              <ETX>'

2023-02-28 18:47:10 - [TEST_STEP][PASSED] - out.println("sdfo: " + sdfo): null

2023-02-28 18:47:10 - [TEST_STEP][PASSED] - remID = substring(5, 35).trim(): null

2023-02-28 18:47:10 - [TEST_STEP][PASSED] - out.println("remID: " + remID): null

2023-02-28 18:47:10 - [TEST_STEP][PASSED] - traxID = substring(35, 55).trim(): null

2023-02-28 18:47:10 - [TEST_STEP][PASSED] - out.println("traxID: " + traxID): null

2023-02-28 18:47:10 - [TEST_STEP][PASSED] - VLinkSaleRemID = remID: null

2023-02-28 18:47:10 - [TEST_STEP][PASSED] - VLinkSaleTranxID = traxID: null

2023-02-28 18:47:10 - [TEST_STEP][PASSED] - openBrowser(VLinkURL + "ACH_credit.html"): Browser is opened with url: 'https://dev-algorithm.govolution.com/vlinktest/demo2/version_2_0/ACH_credit.html'

2023-02-28 18:47:10 - [MESSAGE][WARNING] - A browser is already opened. Closing browser and opening a new one

2023-02-28 18:47:11 - [MESSAGE][INFO] - Starting 'Chrome' driver

2023-02-28 18:47:11 - [MESSAGE][INFO] - User set preference: ['acceptInsecureCerts', 'true']

2023-02-28 18:47:11 - [MESSAGE][INFO] - Action delay is set to 0 milliseconds

2023-02-28 18:47:12 - [MESSAGE][PASSED] - Browser is opened with url: 'https://dev-algorithm.govolution.com/vlinktest/demo2/version_2_0/ACH_credit.html'

2023-02-28 18:47:12 - [TEST_STEP][PASSED] - maximizeWindow(): Current window maximized

2023-02-28 18:47:13 - [MESSAGE][PASSED] - Current window maximized

2023-02-28 18:47:13 - [TEST_STEP][PASSED] - setText(findTestObject("Object Repository/RecAndPlayBk/Page-Vlink-ACH-Credit/input_Remittance Id"), VLinkSaleRemID): Text 'fEnodieBvyEZ' is set on object 'Object Repository/RecAndPlayBk/Page-Vlink-ACH-Credit/input_Remittance Id'

2023-02-28 18:47:13 - [MESSAGE][PASSED] - Text 'fEnodieBvyEZ' is set on object 'Object Repository/RecAndPlayBk/Page-Vlink-ACH-Credit/input_Remittance Id'

2023-02-28 18:47:13 - [TEST_STEP][PASSED] - setText(findTestObject("Object Repository/RecAndPlayBk/Page-Vlink-ACH-Credit/input_Application Id"), appID): Text '1773' is set on object 'Object Repository/RecAndPlayBk/Page-Vlink-ACH-Credit/input_Application Id'

2023-02-28 18:47:14 - [MESSAGE][PASSED] - Text '1773' is set on object 'Object Repository/RecAndPlayBk/Page-Vlink-ACH-Credit/input_Application Id'

2023-02-28 18:47:14 - [TEST_STEP][PASSED] - setText(findTestObject("Object Repository/RecAndPlayBk/Page-Vlink-ACH-Credit/input_Username"), username): Text 'Qq2BV1qtr' is set on object 'Object Repository/RecAndPlayBk/Page-Vlink-ACH-Credit/input_Username'

2023-02-28 18:47:15 - [MESSAGE][PASSED] - Text 'Qq2BV1qtr' is set on object 'Object Repository/RecAndPlayBk/Page-Vlink-ACH-Credit/input_Username'

2023-02-28 18:47:15 - [TEST_STEP][PASSED] - setText(findTestObject("Object Repository/RecAndPlayBk/Page-Vlink-ACH-Credit/input_Password"), password): Text 'tUmWBiLUx' is set on object 'Object Repository/RecAndPlayBk/Page-Vlink-ACH-Credit/input_Password'

2023-02-28 18:47:15 - [MESSAGE][PASSED] - Text 'tUmWBiLUx' is set on object 'Object Repository/RecAndPlayBk/Page-Vlink-ACH-Credit/input_Password'

2023-02-28 18:47:15 - [TEST_STEP][PASSED] - setText(findTestObject("Object Repository/RecAndPlayBk/Page-Vlink-ACH-Credit/input_Check Type"), checkType): Text 'P' is set on object 'Object Repository/RecAndPlayBk/Page-Vlink-ACH-Credit/input_Check Type'

2023-02-28 18:47:16 - [MESSAGE][PASSED] - Text 'P' is set on object 'Object Repository/RecAndPlayBk/Page-Vlink-ACH-Credit/input_Check Type'

2023-02-28 18:47:16 - [TEST_STEP][PASSED] - setText(findTestObject("Object Repository/RecAndPlayBk/Page-Vlink-ACH-Credit/input_Transaction ID"), VLinkSaleTranxID): Text '2920846' is set on object 'Object Repository/RecAndPlayBk/Page-Vlink-ACH-Credit/input_Transaction ID'

2023-02-28 18:47:16 - [MESSAGE][PASSED] - Text '2920846' is set on object 'Object Repository/RecAndPlayBk/Page-Vlink-ACH-Credit/input_Transaction ID'

2023-02-28 18:47:16 - [TEST_STEP][PASSED] - setText(findTestObject("Object Repository/RecAndPlayBk/Page-Vlink-ACH-Credit/input_Amount"), amount): Text '12.50' is set on object 'Object Repository/RecAndPlayBk/Page-Vlink-ACH-Credit/input_Amount'

2023-02-28 18:47:17 - [MESSAGE][PASSED] - Text '12.50' is set on object 'Object Repository/RecAndPlayBk/Page-Vlink-ACH-Credit/input_Amount'

2023-02-28 18:47:17 - [TEST_STEP][PASSED] - setText(findTestObject("Object Repository/RecAndPlayBk/Page-Vlink-ACH-Credit/input_Standard Entry Class"), sec): Text 'PPD' is set on object 'Object Repository/RecAndPlayBk/Page-Vlink-ACH-Credit/input_Standard Entry Class'

2023-02-28 18:47:18 - [MESSAGE][PASSED] - Text 'PPD' is set on object 'Object Repository/RecAndPlayBk/Page-Vlink-ACH-Credit/input_Standard Entry Class'

2023-02-28 18:47:18 - [TEST_STEP][PASSED] - setText(findTestObject("Object Repository/RecAndPlayBk/Page-Vlink-ACH-Credit/input_Account Number"), acNumber): Text '58963214' is set on object 'Object Repository/RecAndPlayBk/Page-Vlink-ACH-Credit/input_Account Number'

2023-02-28 18:47:18 - [MESSAGE][PASSED] - Text '58963214' is set on object 'Object Repository/RecAndPlayBk/Page-Vlink-ACH-Credit/input_Account Number'

2023-02-28 18:47:18 - [TEST_STEP][PASSED] - setText(findTestObject("Object Repository/RecAndPlayBk/Page-Vlink-ACH-Credit/input_Routing Number"), rtn): Text '256072691' is set on object 'Object Repository/RecAndPlayBk/Page-Vlink-ACH-Credit/input_Routing Number'

2023-02-28 18:47:19 - [MESSAGE][PASSED] - Text '256072691' is set on object 'Object Repository/RecAndPlayBk/Page-Vlink-ACH-Credit/input_Routing Number'

2023-02-28 18:47:19 - [TEST_STEP][PASSED] - click(findTestObject("Object Repository/RecAndPlayBk/Page-Vlink-ACH-Credit/input")): Object: 'Object Repository/RecAndPlayBk/Page-Vlink-ACH-Credit/input' is clicked on

2023-02-28 18:47:20 - [MESSAGE][PASSED] - Object: 'Object Repository/RecAndPlayBk/Page-Vlink-ACH-Credit/input' is clicked on

2023-02-28 18:47:20 - [TEST_STEP][PASSED] - if (verifyTextPresent("Transaction approved, no errors", true)): null

2023-02-28 18:47:20 - [MESSAGE][PASSED] - Text 'Transaction approved, no errors' is present on page  using regular expression

2023-02-28 18:47:20 - [TEST_STEP][PASSED] - println("Transaction Approved, no errors text is present on the Confirmation page"): null

2023-02-28 18:47:20 - [TEST_STEP][PASSED] - sdfo = getText(findTestObject("Object Repository/Page_VLinkReceipt/pre_STX")): Text of object 'Object Repository/Page_VLinkReceipt/pre_STX' is: '<STX>fEnodieBvyEZ                  2920847             0  Transaction approved, no errors                   0                                                                                                              <ETX>'

2023-02-28 18:47:20 - [MESSAGE][PASSED] - Text of object 'Object Repository/Page_VLinkReceipt/pre_STX' is: '<STX>fEnodieBvyEZ                  2920847             0  Transaction approved, no errors                   0                                                                                                              <ETX>'

2023-02-28 18:47:20 - [TEST_STEP][PASSED] - out.println("sdfo: " + sdfo): null

2023-02-28 18:47:20 - [TEST_STEP][PASSED] - remID = substring(5, 35).trim(): null

2023-02-28 18:47:20 - [TEST_STEP][PASSED] - out.println("remID: " + remID): null

2023-02-28 18:47:20 - [TEST_STEP][PASSED] - traxID = substring(35, 55).trim(): null

2023-02-28 18:47:20 - [TEST_STEP][PASSED] - out.println("traxID: " + traxID): null

2023-02-28 18:47:20 - [TEST_STEP][PASSED] - VLinkSaleRemID = remID: null

2023-02-28 18:47:20 - [TEST_STEP][PASSED] - VLinkSaleTranxID = traxID: null

2023-02-28 18:47:20 - [TEST_STEP][PASSED] - openBrowser(VLinkURL + "ACH_void.html"): Browser is opened with url: 'https://dev-algorithm.govolution.com/vlinktest/demo2/version_2_0/ACH_void.html'

2023-02-28 18:47:20 - [MESSAGE][WARNING] - A browser is already opened. Closing browser and opening a new one

2023-02-28 18:47:21 - [MESSAGE][INFO] - Starting 'Chrome' driver

2023-02-28 18:47:21 - [MESSAGE][INFO] - User set preference: ['acceptInsecureCerts', 'true']

2023-02-28 18:47:21 - [MESSAGE][INFO] - Action delay is set to 0 milliseconds

2023-02-28 18:47:23 - [MESSAGE][PASSED] - Browser is opened with url: 'https://dev-algorithm.govolution.com/vlinktest/demo2/version_2_0/ACH_void.html'

2023-02-28 18:47:23 - [TEST_STEP][PASSED] - maximizeWindow(): Current window maximized

2023-02-28 18:47:23 - [MESSAGE][PASSED] - Current window maximized

2023-02-28 18:47:23 - [TEST_STEP][PASSED] - setText(findTestObject("Object Repository/RecAndPlayBk/Page-Vlink-ACH-Void/input_Remittance Id"), VLinkSaleRemID): Text 'fEnodieBvyEZ' is set on object 'Object Repository/RecAndPlayBk/Page-Vlink-ACH-Void/input_Remittance Id'

2023-02-28 18:47:24 - [MESSAGE][PASSED] - Text 'fEnodieBvyEZ' is set on object 'Object Repository/RecAndPlayBk/Page-Vlink-ACH-Void/input_Remittance Id'

2023-02-28 18:47:24 - [TEST_STEP][PASSED] - setText(findTestObject("Object Repository/RecAndPlayBk/Page-Vlink-ACH-Void/input_Application Id"), appID): Text '1773' is set on object 'Object Repository/RecAndPlayBk/Page-Vlink-ACH-Void/input_Application Id'

2023-02-28 18:47:24 - [MESSAGE][PASSED] - Text '1773' is set on object 'Object Repository/RecAndPlayBk/Page-Vlink-ACH-Void/input_Application Id'

2023-02-28 18:47:24 - [TEST_STEP][PASSED] - setText(findTestObject("Object Repository/RecAndPlayBk/Page-Vlink-ACH-Void/input_Username"), username): Text 'Qq2BV1qtr' is set on object 'Object Repository/RecAndPlayBk/Page-Vlink-ACH-Void/input_Username'

2023-02-28 18:47:25 - [MESSAGE][PASSED] - Text 'Qq2BV1qtr' is set on object 'Object Repository/RecAndPlayBk/Page-Vlink-ACH-Void/input_Username'

2023-02-28 18:47:25 - [TEST_STEP][PASSED] - setText(findTestObject("Object Repository/RecAndPlayBk/Page-Vlink-ACH-Void/input_Password"), password): Text 'tUmWBiLUx' is set on object 'Object Repository/RecAndPlayBk/Page-Vlink-ACH-Void/input_Password'

2023-02-28 18:47:26 - [MESSAGE][PASSED] - Text 'tUmWBiLUx' is set on object 'Object Repository/RecAndPlayBk/Page-Vlink-ACH-Void/input_Password'

2023-02-28 18:47:26 - [TEST_STEP][PASSED] - setText(findTestObject("Object Repository/RecAndPlayBk/Page-Vlink-ACH-Void/input_Check Type"), checkType): Text 'P' is set on object 'Object Repository/RecAndPlayBk/Page-Vlink-ACH-Void/input_Check Type'

2023-02-28 18:47:26 - [MESSAGE][PASSED] - Text 'P' is set on object 'Object Repository/RecAndPlayBk/Page-Vlink-ACH-Void/input_Check Type'

2023-02-28 18:47:26 - [TEST_STEP][PASSED] - setText(findTestObject("Object Repository/RecAndPlayBk/Page-Vlink-ACH-Void/input_Standard Entry Class"), sec): Text 'PPD' is set on object 'Object Repository/RecAndPlayBk/Page-Vlink-ACH-Void/input_Standard Entry Class'

2023-02-28 18:47:27 - [MESSAGE][PASSED] - Text 'PPD' is set on object 'Object Repository/RecAndPlayBk/Page-Vlink-ACH-Void/input_Standard Entry Class'

2023-02-28 18:47:27 - [TEST_STEP][PASSED] - setText(findTestObject("Object Repository/RecAndPlayBk/Page-Vlink-ACH-Void/input_Transaction ID"), VLinkSaleTranxID): Text '2920847' is set on object 'Object Repository/RecAndPlayBk/Page-Vlink-ACH-Void/input_Transaction ID'

2023-02-28 18:47:27 - [MESSAGE][PASSED] - Text '2920847' is set on object 'Object Repository/RecAndPlayBk/Page-Vlink-ACH-Void/input_Transaction ID'

2023-02-28 18:47:27 - [TEST_STEP][PASSED] - setText(findTestObject("Object Repository/RecAndPlayBk/Page-Vlink-ACH-Void/input_Original Transaction Type"), "201"): Text '201' is set on object 'Object Repository/RecAndPlayBk/Page-Vlink-ACH-Void/input_Original Transaction Type'

2023-02-28 18:47:28 - [MESSAGE][PASSED] - Text '201' is set on object 'Object Repository/RecAndPlayBk/Page-Vlink-ACH-Void/input_Original Transaction Type'

2023-02-28 18:47:28 - [TEST_STEP][PASSED] - click(findTestObject("Object Repository/RecAndPlayBk/Page-Vlink-ACH-Void/input")): Object: 'Object Repository/RecAndPlayBk/Page-Vlink-ACH-Void/input' is clicked on

2023-02-28 18:47:29 - [MESSAGE][PASSED] - Object: 'Object Repository/RecAndPlayBk/Page-Vlink-ACH-Void/input' is clicked on

2023-02-28 18:47:29 - [TEST_STEP][PASSED] - if (verifyTextPresent("Transaction approved, no errors", true)): null

2023-02-28 18:47:29 - [MESSAGE][PASSED] - Text 'Transaction approved, no errors' is present on page  using regular expression

2023-02-28 18:47:29 - [TEST_STEP][PASSED] - println("Transaction Approved, no errors text is present on the Confirmation page"): null

2023-02-28 18:47:29 - [TEST_STEP][PASSED] - out.println("Pass Record Number: " + row): null

2023-02-28 18:47:29 - [TEST_STEP][PASSED] - resText = "Pass": null

2023-02-28 18:47:29 - [TEST_STEP][PASSED] - pages.WriteExcel.demoKey(resText, datText, resColumn, datCloumn, fileLoc, nameSheet, row): pages.WriteExcel.demoKey is PASSED

2023-02-28 18:47:29 - [MESSAGE][PASSED] - pages.WriteExcel.demoKey is PASSED

2023-02-28 18:47:29 - [TEST_STEP][PASSED] - ExecuteTC = findTestData(dataFile).getValue("Execute", row): null

2023-02-28 18:47:29 - [TEST_STEP][PASSED] - out.println("Value of Execute is : " + ExecuteTC): null

2023-02-28 18:47:29 - [TEST_STEP][PASSED] - switch (executionProfile): null

2023-02-28 18:47:29 - [TEST_STEP][PASSED] - case "Demo2Profile":: null

2023-02-28 18:47:29 - [TEST_STEP][PASSED] - appID = findTestData(dataFile).getValue("AppIDDemo", row): null

2023-02-28 18:47:29 - [TEST_STEP][PASSED] - username = findTestData(dataFile).getValue("UsernameDemo", row): null

2023-02-28 18:47:29 - [TEST_STEP][PASSED] - password = findTestData(dataFile).getValue("PasswordDemo", row): null

2023-02-28 18:47:30 - [TEST_STEP][PASSED] - break: null

2023-02-28 18:47:30 - [TEST_STEP][PASSED] - if (ExecuteTC.equalsIgnoreCase("Y")): null

2023-02-28 18:47:30 - [TEST_STEP][PASSED] - out.println("Begin Record Number: " + row): null

2023-02-28 18:47:30 - [TEST_STEP][PASSED] - today = new java.util.Date(): null

2023-02-28 18:47:30 - [TEST_STEP][PASSED] - println(today): null

2023-02-28 18:47:30 - [TEST_STEP][PASSED] - datText = today: null

2023-02-28 18:47:30 - [TEST_STEP][PASSED] - checkType = findTestData(dataFile).getValue("CheckType", row): null

2023-02-28 18:47:30 - [TEST_STEP][PASSED] - acNumber = findTestData(dataFile).getValue("AcNumber", row): null

2023-02-28 18:47:30 - [TEST_STEP][PASSED] - company = findTestData(dataFile).getValue("Company", row): null

2023-02-28 18:47:30 - [TEST_STEP][PASSED] - acType = findTestData(dataFile).getValue("AcType", row): null

2023-02-28 18:47:30 - [TEST_STEP][PASSED] - rtn = findTestData(dataFile).getValue("RTN", row): null

2023-02-28 18:47:30 - [TEST_STEP][PASSED] - amount = findTestData(dataFile).getValue("Amount", row): null

2023-02-28 18:47:30 - [TEST_STEP][PASSED] - sec = findTestData(dataFile).getValue("SEC", row): null

2023-02-28 18:47:30 - [TEST_STEP][PASSED] - openBrowser(VLinkURL + "debit.html"): Browser is opened with url: 'https://dev-algorithm.govolution.com/vlinktest/demo2/version_2_0/debit.html'

2023-02-28 18:47:30 - [MESSAGE][WARNING] - A browser is already opened. Closing browser and opening a new one

2023-02-28 18:47:31 - [MESSAGE][INFO] - Starting 'Chrome' driver

2023-02-28 18:47:31 - [MESSAGE][INFO] - User set preference: ['acceptInsecureCerts', 'true']

2023-02-28 18:47:31 - [MESSAGE][INFO] - Action delay is set to 0 milliseconds

2023-02-28 18:47:33 - [MESSAGE][PASSED] - Browser is opened with url: 'https://dev-algorithm.govolution.com/vlinktest/demo2/version_2_0/debit.html'

2023-02-28 18:47:33 - [TEST_STEP][PASSED] - maximizeWindow(): Current window maximized

2023-02-28 18:47:33 - [MESSAGE][PASSED] - Current window maximized

2023-02-28 18:47:33 - [TEST_STEP][PASSED] - genRemID = RandomStringUtils.random(12, true, true): null

2023-02-28 18:47:33 - [TEST_STEP][PASSED] - setText(findTestObject("RecAndPlayBk/Page-Vlink-Debit/input_Remittance Id"), genRemID): Text '6LSK8QVEQy09' is set on object 'Object Repository/RecAndPlayBk/Page-Vlink-Debit/input_Remittance Id'

2023-02-28 18:47:34 - [MESSAGE][PASSED] - Text '6LSK8QVEQy09' is set on object 'Object Repository/RecAndPlayBk/Page-Vlink-Debit/input_Remittance Id'

2023-02-28 18:47:34 - [TEST_STEP][PASSED] - setText(findTestObject("RecAndPlayBk/Page-Vlink-Debit/input_Application Id"), appID): Text '1773' is set on object 'Object Repository/RecAndPlayBk/Page-Vlink-Debit/input_Application Id'

2023-02-28 18:47:34 - [MESSAGE][PASSED] - Text '1773' is set on object 'Object Repository/RecAndPlayBk/Page-Vlink-Debit/input_Application Id'

2023-02-28 18:47:34 - [TEST_STEP][PASSED] - setText(findTestObject("RecAndPlayBk/Page-Vlink-Debit/input_Username"), username): Text 'Qq2BV1qtr' is set on object 'Object Repository/RecAndPlayBk/Page-Vlink-Debit/input_Username'

2023-02-28 18:47:35 - [MESSAGE][PASSED] - Text 'Qq2BV1qtr' is set on object 'Object Repository/RecAndPlayBk/Page-Vlink-Debit/input_Username'

2023-02-28 18:47:35 - [TEST_STEP][PASSED] - setText(findTestObject("RecAndPlayBk/Page-Vlink-Debit/input_Password"), password): Text 'tUmWBiLUx' is set on object 'Object Repository/RecAndPlayBk/Page-Vlink-Debit/input_Password'

2023-02-28 18:47:35 - [MESSAGE][PASSED] - Text 'tUmWBiLUx' is set on object 'Object Repository/RecAndPlayBk/Page-Vlink-Debit/input_Password'

2023-02-28 18:47:35 - [TEST_STEP][PASSED] - setText(findTestObject("RecAndPlayBk/Page-Vlink-Debit/input_Check Type"), checkType): Text 'P' is set on object 'Object Repository/RecAndPlayBk/Page-Vlink-Debit/input_Check Type'

2023-02-28 18:47:36 - [MESSAGE][PASSED] - Text 'P' is set on object 'Object Repository/RecAndPlayBk/Page-Vlink-Debit/input_Check Type'

2023-02-28 18:47:36 - [TEST_STEP][PASSED] - setText(findTestObject("RecAndPlayBk/Page-Vlink-Debit/input_Account_check"), acNumber): Text '58963214' is set on object 'Object Repository/RecAndPlayBk/Page-Vlink-Debit/input_Account_check'

2023-02-28 18:47:37 - [MESSAGE][PASSED] - Text '58963214' is set on object 'Object Repository/RecAndPlayBk/Page-Vlink-Debit/input_Account_check'

2023-02-28 18:47:37 - [TEST_STEP][PASSED] - setText(findTestObject("RecAndPlayBk/Page-Vlink-Debit/input_Company_check"), company): Text '' is set on object 'Object Repository/RecAndPlayBk/Page-Vlink-Debit/input_Company_check'

2023-02-28 18:47:37 - [MESSAGE][PASSED] - Text '' is set on object 'Object Repository/RecAndPlayBk/Page-Vlink-Debit/input_Company_check'

2023-02-28 18:47:37 - [TEST_STEP][PASSED] - setText(findTestObject("RecAndPlayBk/Page-Vlink-Debit/input_Account Type"), acType): Text '2' is set on object 'Object Repository/RecAndPlayBk/Page-Vlink-Debit/input_Account Type'

2023-02-28 18:47:38 - [MESSAGE][PASSED] - Text '2' is set on object 'Object Repository/RecAndPlayBk/Page-Vlink-Debit/input_Account Type'

2023-02-28 18:47:38 - [TEST_STEP][PASSED] - setText(findTestObject("RecAndPlayBk/Page-Vlink-Debit/input_Routing Number"), rtn): Text '256072691' is set on object 'Object Repository/RecAndPlayBk/Page-Vlink-Debit/input_Routing Number'

2023-02-28 18:47:39 - [MESSAGE][PASSED] - Text '256072691' is set on object 'Object Repository/RecAndPlayBk/Page-Vlink-Debit/input_Routing Number'

2023-02-28 18:47:39 - [TEST_STEP][PASSED] - setText(findTestObject("RecAndPlayBk/Page-Vlink-Debit/input_Amount"), amount): Text '12.50' is set on object 'Object Repository/RecAndPlayBk/Page-Vlink-Debit/input_Amount'

2023-02-28 18:47:39 - [MESSAGE][PASSED] - Text '12.50' is set on object 'Object Repository/RecAndPlayBk/Page-Vlink-Debit/input_Amount'

2023-02-28 18:47:39 - [TEST_STEP][PASSED] - setText(findTestObject("RecAndPlayBk/Page-Vlink-Debit/input_Check Email"), ""): Text '' is set on object 'Object Repository/RecAndPlayBk/Page-Vlink-Debit/input_Check Email'

2023-02-28 18:47:40 - [MESSAGE][PASSED] - Text '' is set on object 'Object Repository/RecAndPlayBk/Page-Vlink-Debit/input_Check Email'

2023-02-28 18:47:40 - [TEST_STEP][PASSED] - setText(findTestObject("Object Repository/RecAndPlayBk/Page-Vlink-Debit/input_concat(CheckWriter, , s SSN)_check_ssn"), ""): Text '' is set on object 'Object Repository/RecAndPlayBk/Page-Vlink-Debit/input_concat(CheckWriter, , s SSN)_check_ssn'

2023-02-28 18:47:40 - [MESSAGE][PASSED] - Text '' is set on object 'Object Repository/RecAndPlayBk/Page-Vlink-Debit/input_concat(CheckWriter, , s SSN)_check_ssn'

2023-02-28 18:47:40 - [TEST_STEP][PASSED] - setText(findTestObject("Object Repository/RecAndPlayBk/Page-Vlink-Debit/input_concat(CheckWriter, , s License Numbe_020fef"), ""): Text '' is set on object 'Object Repository/RecAndPlayBk/Page-Vlink-Debit/input_concat(CheckWriter, , s License Numbe_020fef'

2023-02-28 18:47:41 - [MESSAGE][PASSED] - Text '' is set on object 'Object Repository/RecAndPlayBk/Page-Vlink-Debit/input_concat(CheckWriter, , s License Numbe_020fef'

2023-02-28 18:47:41 - [TEST_STEP][PASSED] - setText(findTestObject("Object Repository/RecAndPlayBk/Page-Vlink-Debit/input_concat(CheckWriter, , s License State_21e3e7"), ""): Text '' is set on object 'Object Repository/RecAndPlayBk/Page-Vlink-Debit/input_concat(CheckWriter, , s License State_21e3e7'

2023-02-28 18:47:42 - [MESSAGE][PASSED] - Text '' is set on object 'Object Repository/RecAndPlayBk/Page-Vlink-Debit/input_concat(CheckWriter, , s License State_21e3e7'

2023-02-28 18:47:42 - [TEST_STEP][PASSED] - setText(findTestObject("RecAndPlayBk/Page-Vlink-Debit/input_Standard Entry Class"), sec): Text 'WEB' is set on object 'Object Repository/RecAndPlayBk/Page-Vlink-Debit/input_Standard Entry Class'

2023-02-28 18:47:42 - [MESSAGE][PASSED] - Text 'WEB' is set on object 'Object Repository/RecAndPlayBk/Page-Vlink-Debit/input_Standard Entry Class'

2023-02-28 18:47:42 - [TEST_STEP][PASSED] - click(findTestObject("Object Repository/RecAndPlayBk/Page-Vlink-Debit/input")): Object: 'Object Repository/RecAndPlayBk/Page-Vlink-Debit/input' is clicked on

2023-02-28 18:47:43 - [MESSAGE][PASSED] - Object: 'Object Repository/RecAndPlayBk/Page-Vlink-Debit/input' is clicked on

2023-02-28 18:47:43 - [TEST_STEP][PASSED] - if (verifyTextPresent("Transaction approved, no errors", true)): null

2023-02-28 18:47:43 - [MESSAGE][PASSED] - Text 'Transaction approved, no errors' is present on page  using regular expression

2023-02-28 18:47:43 - [TEST_STEP][PASSED] - println("Transaction Approved, no errors text is present on the Confirmation page"): null

2023-02-28 18:47:43 - [TEST_STEP][PASSED] - sdfo = getText(findTestObject("Object Repository/Page_VLinkReceipt/pre_STX")): Text of object 'Object Repository/Page_VLinkReceipt/pre_STX' is: '<STX>6LSK8QVEQy09                  2920849             0  Transaction approved, no errors                   0                                                                                                              <ETX>'

2023-02-28 18:47:44 - [MESSAGE][PASSED] - Text of object 'Object Repository/Page_VLinkReceipt/pre_STX' is: '<STX>6LSK8QVEQy09                  2920849             0  Transaction approved, no errors                   0                                                                                                              <ETX>'

2023-02-28 18:47:44 - [TEST_STEP][PASSED] - out.println("sdfo: " + sdfo): null

2023-02-28 18:47:44 - [TEST_STEP][PASSED] - remID = substring(5, 35).trim(): null

2023-02-28 18:47:44 - [TEST_STEP][PASSED] - out.println("remID: " + remID): null

2023-02-28 18:47:44 - [TEST_STEP][PASSED] - traxID = substring(35, 55).trim(): null

2023-02-28 18:47:44 - [TEST_STEP][PASSED] - out.println("traxID: " + traxID): null

2023-02-28 18:47:44 - [TEST_STEP][PASSED] - VLinkSaleRemID = remID: null

2023-02-28 18:47:44 - [TEST_STEP][PASSED] - VLinkSaleTranxID = traxID: null

2023-02-28 18:47:44 - [TEST_STEP][PASSED] - openBrowser(VLinkURL + "ACH_credit.html"): Browser is opened with url: 'https://dev-algorithm.govolution.com/vlinktest/demo2/version_2_0/ACH_credit.html'

2023-02-28 18:47:44 - [MESSAGE][WARNING] - A browser is already opened. Closing browser and opening a new one

2023-02-28 18:47:45 - [MESSAGE][INFO] - Starting 'Chrome' driver

2023-02-28 18:47:45 - [MESSAGE][INFO] - User set preference: ['acceptInsecureCerts', 'true']

2023-02-28 18:47:45 - [MESSAGE][INFO] - Action delay is set to 0 milliseconds

2023-02-28 18:47:46 - [MESSAGE][PASSED] - Browser is opened with url: 'https://dev-algorithm.govolution.com/vlinktest/demo2/version_2_0/ACH_credit.html'

2023-02-28 18:47:46 - [TEST_STEP][PASSED] - maximizeWindow(): Current window maximized

2023-02-28 18:47:46 - [MESSAGE][PASSED] - Current window maximized

2023-02-28 18:47:46 - [TEST_STEP][PASSED] - setText(findTestObject("Object Repository/RecAndPlayBk/Page-Vlink-ACH-Credit/input_Remittance Id"), VLinkSaleRemID): Text '6LSK8QVEQy09' is set on object 'Object Repository/RecAndPlayBk/Page-Vlink-ACH-Credit/input_Remittance Id'

2023-02-28 18:47:47 - [MESSAGE][PASSED] - Text '6LSK8QVEQy09' is set on object 'Object Repository/RecAndPlayBk/Page-Vlink-ACH-Credit/input_Remittance Id'

2023-02-28 18:47:47 - [TEST_STEP][PASSED] - setText(findTestObject("Object Repository/RecAndPlayBk/Page-Vlink-ACH-Credit/input_Application Id"), appID): Text '1773' is set on object 'Object Repository/RecAndPlayBk/Page-Vlink-ACH-Credit/input_Application Id'

2023-02-28 18:47:48 - [MESSAGE][PASSED] - Text '1773' is set on object 'Object Repository/RecAndPlayBk/Page-Vlink-ACH-Credit/input_Application Id'

2023-02-28 18:47:48 - [TEST_STEP][PASSED] - setText(findTestObject("Object Repository/RecAndPlayBk/Page-Vlink-ACH-Credit/input_Username"), username): Text 'Qq2BV1qtr' is set on object 'Object Repository/RecAndPlayBk/Page-Vlink-ACH-Credit/input_Username'

2023-02-28 18:47:49 - [MESSAGE][PASSED] - Text 'Qq2BV1qtr' is set on object 'Object Repository/RecAndPlayBk/Page-Vlink-ACH-Credit/input_Username'

2023-02-28 18:47:49 - [TEST_STEP][PASSED] - setText(findTestObject("Object Repository/RecAndPlayBk/Page-Vlink-ACH-Credit/input_Password"), password): Text 'tUmWBiLUx' is set on object 'Object Repository/RecAndPlayBk/Page-Vlink-ACH-Credit/input_Password'

2023-02-28 18:47:49 - [MESSAGE][PASSED] - Text 'tUmWBiLUx' is set on object 'Object Repository/RecAndPlayBk/Page-Vlink-ACH-Credit/input_Password'

2023-02-28 18:47:49 - [TEST_STEP][PASSED] - setText(findTestObject("Object Repository/RecAndPlayBk/Page-Vlink-ACH-Credit/input_Check Type"), checkType): Text 'P' is set on object 'Object Repository/RecAndPlayBk/Page-Vlink-ACH-Credit/input_Check Type'

2023-02-28 18:47:50 - [MESSAGE][PASSED] - Text 'P' is set on object 'Object Repository/RecAndPlayBk/Page-Vlink-ACH-Credit/input_Check Type'

2023-02-28 18:47:50 - [TEST_STEP][PASSED] - setText(findTestObject("Object Repository/RecAndPlayBk/Page-Vlink-ACH-Credit/input_Transaction ID"), VLinkSaleTranxID): Text '2920849' is set on object 'Object Repository/RecAndPlayBk/Page-Vlink-ACH-Credit/input_Transaction ID'

2023-02-28 18:47:50 - [MESSAGE][PASSED] - Text '2920849' is set on object 'Object Repository/RecAndPlayBk/Page-Vlink-ACH-Credit/input_Transaction ID'

2023-02-28 18:47:50 - [TEST_STEP][PASSED] - setText(findTestObject("Object Repository/RecAndPlayBk/Page-Vlink-ACH-Credit/input_Amount"), amount): Text '12.50' is set on object 'Object Repository/RecAndPlayBk/Page-Vlink-ACH-Credit/input_Amount'

2023-02-28 18:47:51 - [MESSAGE][PASSED] - Text '12.50' is set on object 'Object Repository/RecAndPlayBk/Page-Vlink-ACH-Credit/input_Amount'

2023-02-28 18:47:51 - [TEST_STEP][PASSED] - setText(findTestObject("Object Repository/RecAndPlayBk/Page-Vlink-ACH-Credit/input_Standard Entry Class"), sec): Text 'WEB' is set on object 'Object Repository/RecAndPlayBk/Page-Vlink-ACH-Credit/input_Standard Entry Class'

2023-02-28 18:47:52 - [MESSAGE][PASSED] - Text 'WEB' is set on object 'Object Repository/RecAndPlayBk/Page-Vlink-ACH-Credit/input_Standard Entry Class'

2023-02-28 18:47:52 - [TEST_STEP][PASSED] - setText(findTestObject("Object Repository/RecAndPlayBk/Page-Vlink-ACH-Credit/input_Account Number"), acNumber): Text '58963214' is set on object 'Object Repository/RecAndPlayBk/Page-Vlink-ACH-Credit/input_Account Number'

2023-02-28 18:47:52 - [MESSAGE][PASSED] - Text '58963214' is set on object 'Object Repository/RecAndPlayBk/Page-Vlink-ACH-Credit/input_Account Number'

2023-02-28 18:47:52 - [TEST_STEP][PASSED] - setText(findTestObject("Object Repository/RecAndPlayBk/Page-Vlink-ACH-Credit/input_Routing Number"), rtn): Text '256072691' is set on object 'Object Repository/RecAndPlayBk/Page-Vlink-ACH-Credit/input_Routing Number'

2023-02-28 18:47:53 - [MESSAGE][PASSED] - Text '256072691' is set on object 'Object Repository/RecAndPlayBk/Page-Vlink-ACH-Credit/input_Routing Number'

2023-02-28 18:47:53 - [TEST_STEP][PASSED] - click(findTestObject("Object Repository/RecAndPlayBk/Page-Vlink-ACH-Credit/input")): Object: 'Object Repository/RecAndPlayBk/Page-Vlink-ACH-Credit/input' is clicked on

2023-02-28 18:47:54 - [MESSAGE][PASSED] - Object: 'Object Repository/RecAndPlayBk/Page-Vlink-ACH-Credit/input' is clicked on

2023-02-28 18:47:54 - [TEST_STEP][PASSED] - if (verifyTextPresent("Transaction approved, no errors", true)): null

2023-02-28 18:47:54 - [MESSAGE][PASSED] - Text 'Transaction approved, no errors' is present on page  using regular expression

2023-02-28 18:47:54 - [TEST_STEP][PASSED] - println("Transaction Approved, no errors text is present on the Confirmation page"): null

2023-02-28 18:47:54 - [TEST_STEP][PASSED] - sdfo = getText(findTestObject("Object Repository/Page_VLinkReceipt/pre_STX")): Text of object 'Object Repository/Page_VLinkReceipt/pre_STX' is: '<STX>6LSK8QVEQy09                  2920850             0  Transaction approved, no errors                   0                                                                                                              <ETX>'

2023-02-28 18:47:54 - [MESSAGE][PASSED] - Text of object 'Object Repository/Page_VLinkReceipt/pre_STX' is: '<STX>6LSK8QVEQy09                  2920850             0  Transaction approved, no errors                   0                                                                                                              <ETX>'

2023-02-28 18:47:54 - [TEST_STEP][PASSED] - out.println("sdfo: " + sdfo): null

2023-02-28 18:47:54 - [TEST_STEP][PASSED] - remID = substring(5, 35).trim(): null

2023-02-28 18:47:54 - [TEST_STEP][PASSED] - out.println("remID: " + remID): null

2023-02-28 18:47:54 - [TEST_STEP][PASSED] - traxID = substring(35, 55).trim(): null

2023-02-28 18:47:54 - [TEST_STEP][PASSED] - out.println("traxID: " + traxID): null

2023-02-28 18:47:54 - [TEST_STEP][PASSED] - VLinkSaleRemID = remID: null

2023-02-28 18:47:54 - [TEST_STEP][PASSED] - VLinkSaleTranxID = traxID: null

2023-02-28 18:47:54 - [TEST_STEP][PASSED] - openBrowser(VLinkURL + "ACH_void.html"): Browser is opened with url: 'https://dev-algorithm.govolution.com/vlinktest/demo2/version_2_0/ACH_void.html'

2023-02-28 18:47:54 - [MESSAGE][WARNING] - A browser is already opened. Closing browser and opening a new one

2023-02-28 18:47:55 - [MESSAGE][INFO] - Starting 'Chrome' driver

2023-02-28 18:47:55 - [MESSAGE][INFO] - User set preference: ['acceptInsecureCerts', 'true']

2023-02-28 18:47:55 - [MESSAGE][INFO] - Action delay is set to 0 milliseconds

2023-02-28 18:47:57 - [MESSAGE][PASSED] - Browser is opened with url: 'https://dev-algorithm.govolution.com/vlinktest/demo2/version_2_0/ACH_void.html'

2023-02-28 18:47:57 - [TEST_STEP][PASSED] - maximizeWindow(): Current window maximized

2023-02-28 18:47:57 - [MESSAGE][PASSED] - Current window maximized

2023-02-28 18:47:57 - [TEST_STEP][PASSED] - setText(findTestObject("Object Repository/RecAndPlayBk/Page-Vlink-ACH-Void/input_Remittance Id"), VLinkSaleRemID): Text '6LSK8QVEQy09' is set on object 'Object Repository/RecAndPlayBk/Page-Vlink-ACH-Void/input_Remittance Id'

2023-02-28 18:47:58 - [MESSAGE][PASSED] - Text '6LSK8QVEQy09' is set on object 'Object Repository/RecAndPlayBk/Page-Vlink-ACH-Void/input_Remittance Id'

2023-02-28 18:47:58 - [TEST_STEP][PASSED] - setText(findTestObject("Object Repository/RecAndPlayBk/Page-Vlink-ACH-Void/input_Application Id"), appID): Text '1773' is set on object 'Object Repository/RecAndPlayBk/Page-Vlink-ACH-Void/input_Application Id'

2023-02-28 18:47:58 - [MESSAGE][PASSED] - Text '1773' is set on object 'Object Repository/RecAndPlayBk/Page-Vlink-ACH-Void/input_Application Id'

2023-02-28 18:47:58 - [TEST_STEP][PASSED] - setText(findTestObject("Object Repository/RecAndPlayBk/Page-Vlink-ACH-Void/input_Username"), username): Text 'Qq2BV1qtr' is set on object 'Object Repository/RecAndPlayBk/Page-Vlink-ACH-Void/input_Username'

2023-02-28 18:47:59 - [MESSAGE][PASSED] - Text 'Qq2BV1qtr' is set on object 'Object Repository/RecAndPlayBk/Page-Vlink-ACH-Void/input_Username'

2023-02-28 18:47:59 - [TEST_STEP][PASSED] - setText(findTestObject("Object Repository/RecAndPlayBk/Page-Vlink-ACH-Void/input_Password"), password): Text 'tUmWBiLUx' is set on object 'Object Repository/RecAndPlayBk/Page-Vlink-ACH-Void/input_Password'

2023-02-28 18:48:00 - [MESSAGE][PASSED] - Text 'tUmWBiLUx' is set on object 'Object Repository/RecAndPlayBk/Page-Vlink-ACH-Void/input_Password'

2023-02-28 18:48:00 - [TEST_STEP][PASSED] - setText(findTestObject("Object Repository/RecAndPlayBk/Page-Vlink-ACH-Void/input_Check Type"), checkType): Text 'P' is set on object 'Object Repository/RecAndPlayBk/Page-Vlink-ACH-Void/input_Check Type'

2023-02-28 18:48:00 - [MESSAGE][PASSED] - Text 'P' is set on object 'Object Repository/RecAndPlayBk/Page-Vlink-ACH-Void/input_Check Type'

2023-02-28 18:48:00 - [TEST_STEP][PASSED] - setText(findTestObject("Object Repository/RecAndPlayBk/Page-Vlink-ACH-Void/input_Standard Entry Class"), sec): Text 'WEB' is set on object 'Object Repository/RecAndPlayBk/Page-Vlink-ACH-Void/input_Standard Entry Class'

2023-02-28 18:48:01 - [MESSAGE][PASSED] - Text 'WEB' is set on object 'Object Repository/RecAndPlayBk/Page-Vlink-ACH-Void/input_Standard Entry Class'

2023-02-28 18:48:01 - [TEST_STEP][PASSED] - setText(findTestObject("Object Repository/RecAndPlayBk/Page-Vlink-ACH-Void/input_Transaction ID"), VLinkSaleTranxID): Text '2920850' is set on object 'Object Repository/RecAndPlayBk/Page-Vlink-ACH-Void/input_Transaction ID'

2023-02-28 18:48:01 - [MESSAGE][PASSED] - Text '2920850' is set on object 'Object Repository/RecAndPlayBk/Page-Vlink-ACH-Void/input_Transaction ID'

2023-02-28 18:48:01 - [TEST_STEP][PASSED] - setText(findTestObject("Object Repository/RecAndPlayBk/Page-Vlink-ACH-Void/input_Original Transaction Type"), "201"): Text '201' is set on object 'Object Repository/RecAndPlayBk/Page-Vlink-ACH-Void/input_Original Transaction Type'

2023-02-28 18:48:02 - [MESSAGE][PASSED] - Text '201' is set on object 'Object Repository/RecAndPlayBk/Page-Vlink-ACH-Void/input_Original Transaction Type'

2023-02-28 18:48:02 - [TEST_STEP][PASSED] - click(findTestObject("Object Repository/RecAndPlayBk/Page-Vlink-ACH-Void/input")): Object: 'Object Repository/RecAndPlayBk/Page-Vlink-ACH-Void/input' is clicked on

2023-02-28 18:48:03 - [MESSAGE][PASSED] - Object: 'Object Repository/RecAndPlayBk/Page-Vlink-ACH-Void/input' is clicked on

2023-02-28 18:48:03 - [TEST_STEP][PASSED] - if (verifyTextPresent("Transaction approved, no errors", true)): null

2023-02-28 18:48:03 - [MESSAGE][PASSED] - Text 'Transaction approved, no errors' is present on page  using regular expression

2023-02-28 18:48:03 - [TEST_STEP][PASSED] - println("Transaction Approved, no errors text is present on the Confirmation page"): null

2023-02-28 18:48:03 - [TEST_STEP][PASSED] - out.println("Pass Record Number: " + row): null

2023-02-28 18:48:03 - [TEST_STEP][PASSED] - resText = "Pass": null

2023-02-28 18:48:03 - [TEST_STEP][PASSED] - pages.WriteExcel.demoKey(resText, datText, resColumn, datCloumn, fileLoc, nameSheet, row): pages.WriteExcel.demoKey is PASSED

2023-02-28 18:48:03 - [MESSAGE][PASSED] - pages.WriteExcel.demoKey is PASSED

2023-02-28 18:48:03 - [TEST_STEP][PASSED] - ExecuteTC = findTestData(dataFile).getValue("Execute", row): null

2023-02-28 18:48:03 - [TEST_STEP][PASSED] - out.println("Value of Execute is : " + ExecuteTC): null

2023-02-28 18:48:03 - [TEST_STEP][PASSED] - switch (executionProfile): null

2023-02-28 18:48:03 - [TEST_STEP][PASSED] - case "Demo2Profile":: null

2023-02-28 18:48:03 - [TEST_STEP][PASSED] - appID = findTestData(dataFile).getValue("AppIDDemo", row): null

2023-02-28 18:48:03 - [TEST_STEP][PASSED] - username = findTestData(dataFile).getValue("UsernameDemo", row): null

2023-02-28 18:48:03 - [TEST_STEP][PASSED] - password = findTestData(dataFile).getValue("PasswordDemo", row): null

2023-02-28 18:48:03 - [TEST_STEP][PASSED] - break: null

2023-02-28 18:48:03 - [TEST_STEP][PASSED] - if (ExecuteTC.equalsIgnoreCase("Y")): null

2023-02-28 18:48:03 - [TEST_STEP][PASSED] - out.println("Begin Record Number: " + row): null

2023-02-28 18:48:03 - [TEST_STEP][PASSED] - today = new java.util.Date(): null

2023-02-28 18:48:03 - [TEST_STEP][PASSED] - println(today): null

2023-02-28 18:48:03 - [TEST_STEP][PASSED] - datText = today: null

2023-02-28 18:48:03 - [TEST_STEP][PASSED] - checkType = findTestData(dataFile).getValue("CheckType", row): null

2023-02-28 18:48:04 - [TEST_STEP][PASSED] - acNumber = findTestData(dataFile).getValue("AcNumber", row): null

2023-02-28 18:48:04 - [TEST_STEP][PASSED] - company = findTestData(dataFile).getValue("Company", row): null

2023-02-28 18:48:04 - [TEST_STEP][PASSED] - acType = findTestData(dataFile).getValue("AcType", row): null

2023-02-28 18:48:04 - [TEST_STEP][PASSED] - rtn = findTestData(dataFile).getValue("RTN", row): null

2023-02-28 18:48:04 - [TEST_STEP][PASSED] - amount = findTestData(dataFile).getValue("Amount", row): null

2023-02-28 18:48:04 - [TEST_STEP][PASSED] - sec = findTestData(dataFile).getValue("SEC", row): null

2023-02-28 18:48:04 - [TEST_STEP][PASSED] - openBrowser(VLinkURL + "debit.html"): Browser is opened with url: 'https://dev-algorithm.govolution.com/vlinktest/demo2/version_2_0/debit.html'

2023-02-28 18:48:04 - [MESSAGE][WARNING] - A browser is already opened. Closing browser and opening a new one

2023-02-28 18:48:05 - [MESSAGE][INFO] - Starting 'Chrome' driver

2023-02-28 18:48:05 - [MESSAGE][INFO] - User set preference: ['acceptInsecureCerts', 'true']

2023-02-28 18:48:05 - [MESSAGE][INFO] - Action delay is set to 0 milliseconds

2023-02-28 18:48:07 - [MESSAGE][PASSED] - Browser is opened with url: 'https://dev-algorithm.govolution.com/vlinktest/demo2/version_2_0/debit.html'

2023-02-28 18:48:07 - [TEST_STEP][PASSED] - maximizeWindow(): Current window maximized

2023-02-28 18:48:07 - [MESSAGE][PASSED] - Current window maximized

2023-02-28 18:48:07 - [TEST_STEP][PASSED] - genRemID = RandomStringUtils.random(12, true, true): null

2023-02-28 18:48:07 - [TEST_STEP][PASSED] - setText(findTestObject("RecAndPlayBk/Page-Vlink-Debit/input_Remittance Id"), genRemID): Text 'Eo7OE3UPnaVl' is set on object 'Object Repository/RecAndPlayBk/Page-Vlink-Debit/input_Remittance Id'

2023-02-28 18:48:08 - [MESSAGE][PASSED] - Text 'Eo7OE3UPnaVl' is set on object 'Object Repository/RecAndPlayBk/Page-Vlink-Debit/input_Remittance Id'

2023-02-28 18:48:08 - [TEST_STEP][PASSED] - setText(findTestObject("RecAndPlayBk/Page-Vlink-Debit/input_Application Id"), appID): Text '1773' is set on object 'Object Repository/RecAndPlayBk/Page-Vlink-Debit/input_Application Id'

2023-02-28 18:48:08 - [MESSAGE][PASSED] - Text '1773' is set on object 'Object Repository/RecAndPlayBk/Page-Vlink-Debit/input_Application Id'

2023-02-28 18:48:08 - [TEST_STEP][PASSED] - setText(findTestObject("RecAndPlayBk/Page-Vlink-Debit/input_Username"), username): Text 'Qq2BV1qtr' is set on object 'Object Repository/RecAndPlayBk/Page-Vlink-Debit/input_Username'

2023-02-28 18:48:09 - [MESSAGE][PASSED] - Text 'Qq2BV1qtr' is set on object 'Object Repository/RecAndPlayBk/Page-Vlink-Debit/input_Username'

2023-02-28 18:48:09 - [TEST_STEP][PASSED] - setText(findTestObject("RecAndPlayBk/Page-Vlink-Debit/input_Password"), password): Text 'tUmWBiLUx' is set on object 'Object Repository/RecAndPlayBk/Page-Vlink-Debit/input_Password'

2023-02-28 18:48:09 - [MESSAGE][PASSED] - Text 'tUmWBiLUx' is set on object 'Object Repository/RecAndPlayBk/Page-Vlink-Debit/input_Password'

2023-02-28 18:48:09 - [TEST_STEP][PASSED] - setText(findTestObject("RecAndPlayBk/Page-Vlink-Debit/input_Check Type"), checkType): Text 'P' is set on object 'Object Repository/RecAndPlayBk/Page-Vlink-Debit/input_Check Type'

2023-02-28 18:48:10 - [MESSAGE][PASSED] - Text 'P' is set on object 'Object Repository/RecAndPlayBk/Page-Vlink-Debit/input_Check Type'

2023-02-28 18:48:10 - [TEST_STEP][PASSED] - setText(findTestObject("RecAndPlayBk/Page-Vlink-Debit/input_Account_check"), acNumber): Text '58963214' is set on object 'Object Repository/RecAndPlayBk/Page-Vlink-Debit/input_Account_check'

2023-02-28 18:48:11 - [MESSAGE][PASSED] - Text '58963214' is set on object 'Object Repository/RecAndPlayBk/Page-Vlink-Debit/input_Account_check'

2023-02-28 18:48:11 - [TEST_STEP][PASSED] - setText(findTestObject("RecAndPlayBk/Page-Vlink-Debit/input_Company_check"), company): Text '' is set on object 'Object Repository/RecAndPlayBk/Page-Vlink-Debit/input_Company_check'

2023-02-28 18:48:11 - [MESSAGE][PASSED] - Text '' is set on object 'Object Repository/RecAndPlayBk/Page-Vlink-Debit/input_Company_check'

2023-02-28 18:48:11 - [TEST_STEP][PASSED] - setText(findTestObject("RecAndPlayBk/Page-Vlink-Debit/input_Account Type"), acType): Text '2' is set on object 'Object Repository/RecAndPlayBk/Page-Vlink-Debit/input_Account Type'

2023-02-28 18:48:12 - [MESSAGE][PASSED] - Text '2' is set on object 'Object Repository/RecAndPlayBk/Page-Vlink-Debit/input_Account Type'

2023-02-28 18:48:12 - [TEST_STEP][PASSED] - setText(findTestObject("RecAndPlayBk/Page-Vlink-Debit/input_Routing Number"), rtn): Text '256072691' is set on object 'Object Repository/RecAndPlayBk/Page-Vlink-Debit/input_Routing Number'

2023-02-28 18:48:13 - [MESSAGE][PASSED] - Text '256072691' is set on object 'Object Repository/RecAndPlayBk/Page-Vlink-Debit/input_Routing Number'

2023-02-28 18:48:13 - [TEST_STEP][PASSED] - setText(findTestObject("RecAndPlayBk/Page-Vlink-Debit/input_Amount"), amount): Text '12.50' is set on object 'Object Repository/RecAndPlayBk/Page-Vlink-Debit/input_Amount'

2023-02-28 18:48:13 - [MESSAGE][PASSED] - Text '12.50' is set on object 'Object Repository/RecAndPlayBk/Page-Vlink-Debit/input_Amount'

2023-02-28 18:48:13 - [TEST_STEP][PASSED] - setText(findTestObject("RecAndPlayBk/Page-Vlink-Debit/input_Check Email"), ""): Text '' is set on object 'Object Repository/RecAndPlayBk/Page-Vlink-Debit/input_Check Email'

2023-02-28 18:48:14 - [MESSAGE][PASSED] - Text '' is set on object 'Object Repository/RecAndPlayBk/Page-Vlink-Debit/input_Check Email'

2023-02-28 18:48:14 - [TEST_STEP][PASSED] - setText(findTestObject("Object Repository/RecAndPlayBk/Page-Vlink-Debit/input_concat(CheckWriter, , s SSN)_check_ssn"), ""): Text '' is set on object 'Object Repository/RecAndPlayBk/Page-Vlink-Debit/input_concat(CheckWriter, , s SSN)_check_ssn'

2023-02-28 18:48:14 - [MESSAGE][PASSED] - Text '' is set on object 'Object Repository/RecAndPlayBk/Page-Vlink-Debit/input_concat(CheckWriter, , s SSN)_check_ssn'

2023-02-28 18:48:14 - [TEST_STEP][PASSED] - setText(findTestObject("Object Repository/RecAndPlayBk/Page-Vlink-Debit/input_concat(CheckWriter, , s License Numbe_020fef"), ""): Text '' is set on object 'Object Repository/RecAndPlayBk/Page-Vlink-Debit/input_concat(CheckWriter, , s License Numbe_020fef'

2023-02-28 18:48:15 - [MESSAGE][PASSED] - Text '' is set on object 'Object Repository/RecAndPlayBk/Page-Vlink-Debit/input_concat(CheckWriter, , s License Numbe_020fef'

2023-02-28 18:48:15 - [TEST_STEP][PASSED] - setText(findTestObject("Object Repository/RecAndPlayBk/Page-Vlink-Debit/input_concat(CheckWriter, , s License State_21e3e7"), ""): Text '' is set on object 'Object Repository/RecAndPlayBk/Page-Vlink-Debit/input_concat(CheckWriter, , s License State_21e3e7'

2023-02-28 18:48:16 - [MESSAGE][PASSED] - Text '' is set on object 'Object Repository/RecAndPlayBk/Page-Vlink-Debit/input_concat(CheckWriter, , s License State_21e3e7'

2023-02-28 18:48:16 - [TEST_STEP][PASSED] - setText(findTestObject("RecAndPlayBk/Page-Vlink-Debit/input_Standard Entry Class"), sec): Text 'TEL' is set on object 'Object Repository/RecAndPlayBk/Page-Vlink-Debit/input_Standard Entry Class'

2023-02-28 18:48:16 - [MESSAGE][PASSED] - Text 'TEL' is set on object 'Object Repository/RecAndPlayBk/Page-Vlink-Debit/input_Standard Entry Class'

2023-02-28 18:48:16 - [TEST_STEP][PASSED] - click(findTestObject("Object Repository/RecAndPlayBk/Page-Vlink-Debit/input")): Object: 'Object Repository/RecAndPlayBk/Page-Vlink-Debit/input' is clicked on

2023-02-28 18:48:17 - [MESSAGE][PASSED] - Object: 'Object Repository/RecAndPlayBk/Page-Vlink-Debit/input' is clicked on

2023-02-28 18:48:17 - [TEST_STEP][PASSED] - if (verifyTextPresent("Transaction approved, no errors", true)): null

2023-02-28 18:48:17 - [MESSAGE][PASSED] - Text 'Transaction approved, no errors' is present on page  using regular expression

2023-02-28 18:48:17 - [TEST_STEP][PASSED] - println("Transaction Approved, no errors text is present on the Confirmation page"): null

2023-02-28 18:48:17 - [TEST_STEP][PASSED] - sdfo = getText(findTestObject("Object Repository/Page_VLinkReceipt/pre_STX")): Text of object 'Object Repository/Page_VLinkReceipt/pre_STX' is: '<STX>Eo7OE3UPnaVl                  2920852             0  Transaction approved, no errors                   0                                                                                                              <ETX>'

2023-02-28 18:48:18 - [MESSAGE][PASSED] - Text of object 'Object Repository/Page_VLinkReceipt/pre_STX' is: '<STX>Eo7OE3UPnaVl                  2920852             0  Transaction approved, no errors                   0                                                                                                              <ETX>'

2023-02-28 18:48:18 - [TEST_STEP][PASSED] - out.println("sdfo: " + sdfo): null

2023-02-28 18:48:18 - [TEST_STEP][PASSED] - remID = substring(5, 35).trim(): null

2023-02-28 18:48:18 - [TEST_STEP][PASSED] - out.println("remID: " + remID): null

2023-02-28 18:48:18 - [TEST_STEP][PASSED] - traxID = substring(35, 55).trim(): null

2023-02-28 18:48:18 - [TEST_STEP][PASSED] - out.println("traxID: " + traxID): null

2023-02-28 18:48:18 - [TEST_STEP][PASSED] - VLinkSaleRemID = remID: null

2023-02-28 18:48:18 - [TEST_STEP][PASSED] - VLinkSaleTranxID = traxID: null

2023-02-28 18:48:18 - [TEST_STEP][PASSED] - openBrowser(VLinkURL + "ACH_credit.html"): Browser is opened with url: 'https://dev-algorithm.govolution.com/vlinktest/demo2/version_2_0/ACH_credit.html'

2023-02-28 18:48:18 - [MESSAGE][WARNING] - A browser is already opened. Closing browser and opening a new one

2023-02-28 18:48:19 - [MESSAGE][INFO] - Starting 'Chrome' driver

2023-02-28 18:48:19 - [MESSAGE][INFO] - User set preference: ['acceptInsecureCerts', 'true']

2023-02-28 18:48:19 - [MESSAGE][INFO] - Action delay is set to 0 milliseconds

2023-02-28 18:48:20 - [MESSAGE][PASSED] - Browser is opened with url: 'https://dev-algorithm.govolution.com/vlinktest/demo2/version_2_0/ACH_credit.html'

2023-02-28 18:48:20 - [TEST_STEP][PASSED] - maximizeWindow(): Current window maximized

2023-02-28 18:48:21 - [MESSAGE][PASSED] - Current window maximized

2023-02-28 18:48:21 - [TEST_STEP][PASSED] - setText(findTestObject("Object Repository/RecAndPlayBk/Page-Vlink-ACH-Credit/input_Remittance Id"), VLinkSaleRemID): Text 'Eo7OE3UPnaVl' is set on object 'Object Repository/RecAndPlayBk/Page-Vlink-ACH-Credit/input_Remittance Id'

2023-02-28 18:48:21 - [MESSAGE][PASSED] - Text 'Eo7OE3UPnaVl' is set on object 'Object Repository/RecAndPlayBk/Page-Vlink-ACH-Credit/input_Remittance Id'

2023-02-28 18:48:21 - [TEST_STEP][PASSED] - setText(findTestObject("Object Repository/RecAndPlayBk/Page-Vlink-ACH-Credit/input_Application Id"), appID): Text '1773' is set on object 'Object Repository/RecAndPlayBk/Page-Vlink-ACH-Credit/input_Application Id'

2023-02-28 18:48:22 - [MESSAGE][PASSED] - Text '1773' is set on object 'Object Repository/RecAndPlayBk/Page-Vlink-ACH-Credit/input_Application Id'

2023-02-28 18:48:22 - [TEST_STEP][PASSED] - setText(findTestObject("Object Repository/RecAndPlayBk/Page-Vlink-ACH-Credit/input_Username"), username): Text 'Qq2BV1qtr' is set on object 'Object Repository/RecAndPlayBk/Page-Vlink-ACH-Credit/input_Username'

2023-02-28 18:48:23 - [MESSAGE][PASSED] - Text 'Qq2BV1qtr' is set on object 'Object Repository/RecAndPlayBk/Page-Vlink-ACH-Credit/input_Username'

2023-02-28 18:48:23 - [TEST_STEP][PASSED] - setText(findTestObject("Object Repository/RecAndPlayBk/Page-Vlink-ACH-Credit/input_Password"), password): Text 'tUmWBiLUx' is set on object 'Object Repository/RecAndPlayBk/Page-Vlink-ACH-Credit/input_Password'

2023-02-28 18:48:23 - [MESSAGE][PASSED] - Text 'tUmWBiLUx' is set on object 'Object Repository/RecAndPlayBk/Page-Vlink-ACH-Credit/input_Password'

2023-02-28 18:48:23 - [TEST_STEP][PASSED] - setText(findTestObject("Object Repository/RecAndPlayBk/Page-Vlink-ACH-Credit/input_Check Type"), checkType): Text 'P' is set on object 'Object Repository/RecAndPlayBk/Page-Vlink-ACH-Credit/input_Check Type'

2023-02-28 18:48:24 - [MESSAGE][PASSED] - Text 'P' is set on object 'Object Repository/RecAndPlayBk/Page-Vlink-ACH-Credit/input_Check Type'

2023-02-28 18:48:24 - [TEST_STEP][PASSED] - setText(findTestObject("Object Repository/RecAndPlayBk/Page-Vlink-ACH-Credit/input_Transaction ID"), VLinkSaleTranxID): Text '2920852' is set on object 'Object Repository/RecAndPlayBk/Page-Vlink-ACH-Credit/input_Transaction ID'

2023-02-28 18:48:24 - [MESSAGE][PASSED] - Text '2920852' is set on object 'Object Repository/RecAndPlayBk/Page-Vlink-ACH-Credit/input_Transaction ID'

2023-02-28 18:48:24 - [TEST_STEP][PASSED] - setText(findTestObject("Object Repository/RecAndPlayBk/Page-Vlink-ACH-Credit/input_Amount"), amount): Text '12.50' is set on object 'Object Repository/RecAndPlayBk/Page-Vlink-ACH-Credit/input_Amount'

2023-02-28 18:48:25 - [MESSAGE][PASSED] - Text '12.50' is set on object 'Object Repository/RecAndPlayBk/Page-Vlink-ACH-Credit/input_Amount'

2023-02-28 18:48:25 - [TEST_STEP][PASSED] - setText(findTestObject("Object Repository/RecAndPlayBk/Page-Vlink-ACH-Credit/input_Standard Entry Class"), sec): Text 'TEL' is set on object 'Object Repository/RecAndPlayBk/Page-Vlink-ACH-Credit/input_Standard Entry Class'

2023-02-28 18:48:26 - [MESSAGE][PASSED] - Text 'TEL' is set on object 'Object Repository/RecAndPlayBk/Page-Vlink-ACH-Credit/input_Standard Entry Class'

2023-02-28 18:48:26 - [TEST_STEP][PASSED] - setText(findTestObject("Object Repository/RecAndPlayBk/Page-Vlink-ACH-Credit/input_Account Number"), acNumber): Text '58963214' is set on object 'Object Repository/RecAndPlayBk/Page-Vlink-ACH-Credit/input_Account Number'

2023-02-28 18:48:26 - [MESSAGE][PASSED] - Text '58963214' is set on object 'Object Repository/RecAndPlayBk/Page-Vlink-ACH-Credit/input_Account Number'

2023-02-28 18:48:26 - [TEST_STEP][PASSED] - setText(findTestObject("Object Repository/RecAndPlayBk/Page-Vlink-ACH-Credit/input_Routing Number"), rtn): Text '256072691' is set on object 'Object Repository/RecAndPlayBk/Page-Vlink-ACH-Credit/input_Routing Number'

2023-02-28 18:48:27 - [MESSAGE][PASSED] - Text '256072691' is set on object 'Object Repository/RecAndPlayBk/Page-Vlink-ACH-Credit/input_Routing Number'

2023-02-28 18:48:27 - [TEST_STEP][PASSED] - click(findTestObject("Object Repository/RecAndPlayBk/Page-Vlink-ACH-Credit/input")): Object: 'Object Repository/RecAndPlayBk/Page-Vlink-ACH-Credit/input' is clicked on

2023-02-28 18:48:28 - [MESSAGE][PASSED] - Object: 'Object Repository/RecAndPlayBk/Page-Vlink-ACH-Credit/input' is clicked on

2023-02-28 18:48:28 - [TEST_STEP][PASSED] - if (verifyTextPresent("Transaction approved, no errors", true)): null

2023-02-28 18:48:28 - [MESSAGE][PASSED] - Text 'Transaction approved, no errors' is present on page  using regular expression

2023-02-28 18:48:28 - [TEST_STEP][PASSED] - println("Transaction Approved, no errors text is present on the Confirmation page"): null

2023-02-28 18:48:28 - [TEST_STEP][PASSED] - sdfo = getText(findTestObject("Object Repository/Page_VLinkReceipt/pre_STX")): Text of object 'Object Repository/Page_VLinkReceipt/pre_STX' is: '<STX>Eo7OE3UPnaVl                  2920853             0  Transaction approved, no errors                   0                                                                                                              <ETX>'

2023-02-28 18:48:28 - [MESSAGE][PASSED] - Text of object 'Object Repository/Page_VLinkReceipt/pre_STX' is: '<STX>Eo7OE3UPnaVl                  2920853             0  Transaction approved, no errors                   0                                                                                                              <ETX>'

2023-02-28 18:48:28 - [TEST_STEP][PASSED] - out.println("sdfo: " + sdfo): null

2023-02-28 18:48:28 - [TEST_STEP][PASSED] - remID = substring(5, 35).trim(): null

2023-02-28 18:48:28 - [TEST_STEP][PASSED] - out.println("remID: " + remID): null

2023-02-28 18:48:28 - [TEST_STEP][PASSED] - traxID = substring(35, 55).trim(): null

2023-02-28 18:48:28 - [TEST_STEP][PASSED] - out.println("traxID: " + traxID): null

2023-02-28 18:48:28 - [TEST_STEP][PASSED] - VLinkSaleRemID = remID: null

2023-02-28 18:48:28 - [TEST_STEP][PASSED] - VLinkSaleTranxID = traxID: null

2023-02-28 18:48:28 - [TEST_STEP][PASSED] - openBrowser(VLinkURL + "ACH_void.html"): Browser is opened with url: 'https://dev-algorithm.govolution.com/vlinktest/demo2/version_2_0/ACH_void.html'

2023-02-28 18:48:28 - [MESSAGE][WARNING] - A browser is already opened. Closing browser and opening a new one

2023-02-28 18:48:29 - [MESSAGE][INFO] - Starting 'Chrome' driver

2023-02-28 18:48:29 - [MESSAGE][INFO] - User set preference: ['acceptInsecureCerts', 'true']

2023-02-28 18:48:29 - [MESSAGE][INFO] - Action delay is set to 0 milliseconds

2023-02-28 18:48:31 - [MESSAGE][PASSED] - Browser is opened with url: 'https://dev-algorithm.govolution.com/vlinktest/demo2/version_2_0/ACH_void.html'

2023-02-28 18:48:31 - [TEST_STEP][PASSED] - maximizeWindow(): Current window maximized

2023-02-28 18:48:31 - [MESSAGE][PASSED] - Current window maximized

2023-02-28 18:48:31 - [TEST_STEP][PASSED] - setText(findTestObject("Object Repository/RecAndPlayBk/Page-Vlink-ACH-Void/input_Remittance Id"), VLinkSaleRemID): Text 'Eo7OE3UPnaVl' is set on object 'Object Repository/RecAndPlayBk/Page-Vlink-ACH-Void/input_Remittance Id'

2023-02-28 18:48:32 - [MESSAGE][PASSED] - Text 'Eo7OE3UPnaVl' is set on object 'Object Repository/RecAndPlayBk/Page-Vlink-ACH-Void/input_Remittance Id'

2023-02-28 18:48:32 - [TEST_STEP][PASSED] - setText(findTestObject("Object Repository/RecAndPlayBk/Page-Vlink-ACH-Void/input_Application Id"), appID): Text '1773' is set on object 'Object Repository/RecAndPlayBk/Page-Vlink-ACH-Void/input_Application Id'

2023-02-28 18:48:32 - [MESSAGE][PASSED] - Text '1773' is set on object 'Object Repository/RecAndPlayBk/Page-Vlink-ACH-Void/input_Application Id'

2023-02-28 18:48:32 - [TEST_STEP][PASSED] - setText(findTestObject("Object Repository/RecAndPlayBk/Page-Vlink-ACH-Void/input_Username"), username): Text 'Qq2BV1qtr' is set on object 'Object Repository/RecAndPlayBk/Page-Vlink-ACH-Void/input_Username'

2023-02-28 18:48:33 - [MESSAGE][PASSED] - Text 'Qq2BV1qtr' is set on object 'Object Repository/RecAndPlayBk/Page-Vlink-ACH-Void/input_Username'

2023-02-28 18:48:33 - [TEST_STEP][PASSED] - setText(findTestObject("Object Repository/RecAndPlayBk/Page-Vlink-ACH-Void/input_Password"), password): Text 'tUmWBiLUx' is set on object 'Object Repository/RecAndPlayBk/Page-Vlink-ACH-Void/input_Password'

2023-02-28 18:48:34 - [MESSAGE][PASSED] - Text 'tUmWBiLUx' is set on object 'Object Repository/RecAndPlayBk/Page-Vlink-ACH-Void/input_Password'

2023-02-28 18:48:34 - [TEST_STEP][PASSED] - setText(findTestObject("Object Repository/RecAndPlayBk/Page-Vlink-ACH-Void/input_Check Type"), checkType): Text 'P' is set on object 'Object Repository/RecAndPlayBk/Page-Vlink-ACH-Void/input_Check Type'

2023-02-28 18:48:34 - [MESSAGE][PASSED] - Text 'P' is set on object 'Object Repository/RecAndPlayBk/Page-Vlink-ACH-Void/input_Check Type'

2023-02-28 18:48:34 - [TEST_STEP][PASSED] - setText(findTestObject("Object Repository/RecAndPlayBk/Page-Vlink-ACH-Void/input_Standard Entry Class"), sec): Text 'TEL' is set on object 'Object Repository/RecAndPlayBk/Page-Vlink-ACH-Void/input_Standard Entry Class'

2023-02-28 18:48:35 - [MESSAGE][PASSED] - Text 'TEL' is set on object 'Object Repository/RecAndPlayBk/Page-Vlink-ACH-Void/input_Standard Entry Class'

2023-02-28 18:48:35 - [TEST_STEP][PASSED] - setText(findTestObject("Object Repository/RecAndPlayBk/Page-Vlink-ACH-Void/input_Transaction ID"), VLinkSaleTranxID): Text '2920853' is set on object 'Object Repository/RecAndPlayBk/Page-Vlink-ACH-Void/input_Transaction ID'

2023-02-28 18:48:35 - [MESSAGE][PASSED] - Text '2920853' is set on object 'Object Repository/RecAndPlayBk/Page-Vlink-ACH-Void/input_Transaction ID'

2023-02-28 18:48:35 - [TEST_STEP][PASSED] - setText(findTestObject("Object Repository/RecAndPlayBk/Page-Vlink-ACH-Void/input_Original Transaction Type"), "201"): Text '201' is set on object 'Object Repository/RecAndPlayBk/Page-Vlink-ACH-Void/input_Original Transaction Type'

2023-02-28 18:48:36 - [MESSAGE][PASSED] - Text '201' is set on object 'Object Repository/RecAndPlayBk/Page-Vlink-ACH-Void/input_Original Transaction Type'

2023-02-28 18:48:36 - [TEST_STEP][PASSED] - click(findTestObject("Object Repository/RecAndPlayBk/Page-Vlink-ACH-Void/input")): Object: 'Object Repository/RecAndPlayBk/Page-Vlink-ACH-Void/input' is clicked on

2023-02-28 18:48:37 - [MESSAGE][PASSED] - Object: 'Object Repository/RecAndPlayBk/Page-Vlink-ACH-Void/input' is clicked on

2023-02-28 18:48:37 - [TEST_STEP][PASSED] - if (verifyTextPresent("Transaction approved, no errors", true)): null

2023-02-28 18:48:37 - [MESSAGE][PASSED] - Text 'Transaction approved, no errors' is present on page  using regular expression

2023-02-28 18:48:37 - [TEST_STEP][PASSED] - println("Transaction Approved, no errors text is present on the Confirmation page"): null

2023-02-28 18:48:37 - [TEST_STEP][PASSED] - out.println("Pass Record Number: " + row): null

2023-02-28 18:48:37 - [TEST_STEP][PASSED] - resText = "Pass": null

2023-02-28 18:48:37 - [TEST_STEP][PASSED] - pages.WriteExcel.demoKey(resText, datText, resColumn, datCloumn, fileLoc, nameSheet, row): pages.WriteExcel.demoKey is PASSED

2023-02-28 18:48:37 - [MESSAGE][PASSED] - pages.WriteExcel.demoKey is PASSED

2023-02-28 18:48:37 - [TEST_STEP][PASSED] - ExecuteTC = findTestData(dataFile).getValue("Execute", row): null

2023-02-28 18:48:37 - [TEST_STEP][PASSED] - out.println("Value of Execute is : " + ExecuteTC): null

2023-02-28 18:48:37 - [TEST_STEP][PASSED] - switch (executionProfile): null

2023-02-28 18:48:37 - [TEST_STEP][PASSED] - case "Demo2Profile":: null

2023-02-28 18:48:37 - [TEST_STEP][PASSED] - appID = findTestData(dataFile).getValue("AppIDDemo", row): null

2023-02-28 18:48:37 - [TEST_STEP][PASSED] - username = findTestData(dataFile).getValue("UsernameDemo", row): null

2023-02-28 18:48:37 - [TEST_STEP][PASSED] - password = findTestData(dataFile).getValue("PasswordDemo", row): null

2023-02-28 18:48:37 - [TEST_STEP][PASSED] - break: null

2023-02-28 18:48:37 - [TEST_STEP][PASSED] - if (ExecuteTC.equalsIgnoreCase("Y")): null

2023-02-28 18:48:37 - [TEST_STEP][PASSED] - out.println("Begin Record Number: " + row): null

2023-02-28 18:48:37 - [TEST_STEP][PASSED] - today = new java.util.Date(): null

2023-02-28 18:48:37 - [TEST_STEP][PASSED] - println(today): null

2023-02-28 18:48:37 - [TEST_STEP][PASSED] - datText = today: null

2023-02-28 18:48:37 - [TEST_STEP][PASSED] - checkType = findTestData(dataFile).getValue("CheckType", row): null

2023-02-28 18:48:38 - [TEST_STEP][PASSED] - acNumber = findTestData(dataFile).getValue("AcNumber", row): null

2023-02-28 18:48:38 - [TEST_STEP][PASSED] - company = findTestData(dataFile).getValue("Company", row): null

2023-02-28 18:48:38 - [TEST_STEP][PASSED] - acType = findTestData(dataFile).getValue("AcType", row): null

2023-02-28 18:48:38 - [TEST_STEP][PASSED] - rtn = findTestData(dataFile).getValue("RTN", row): null

2023-02-28 18:48:38 - [TEST_STEP][PASSED] - amount = findTestData(dataFile).getValue("Amount", row): null

2023-02-28 18:48:38 - [TEST_STEP][PASSED] - sec = findTestData(dataFile).getValue("SEC", row): null

2023-02-28 18:48:38 - [TEST_STEP][PASSED] - openBrowser(VLinkURL + "debit.html"): Browser is opened with url: 'https://dev-algorithm.govolution.com/vlinktest/demo2/version_2_0/debit.html'

2023-02-28 18:48:38 - [MESSAGE][WARNING] - A browser is already opened. Closing browser and opening a new one

2023-02-28 18:48:39 - [MESSAGE][INFO] - Starting 'Chrome' driver

2023-02-28 18:48:39 - [MESSAGE][INFO] - User set preference: ['acceptInsecureCerts', 'true']

2023-02-28 18:48:39 - [MESSAGE][INFO] - Action delay is set to 0 milliseconds

2023-02-28 18:48:41 - [MESSAGE][PASSED] - Browser is opened with url: 'https://dev-algorithm.govolution.com/vlinktest/demo2/version_2_0/debit.html'

2023-02-28 18:48:41 - [TEST_STEP][PASSED] - maximizeWindow(): Current window maximized

2023-02-28 18:48:41 - [MESSAGE][PASSED] - Current window maximized

2023-02-28 18:48:41 - [TEST_STEP][PASSED] - genRemID = RandomStringUtils.random(12, true, true): null

2023-02-28 18:48:41 - [TEST_STEP][PASSED] - setText(findTestObject("RecAndPlayBk/Page-Vlink-Debit/input_Remittance Id"), genRemID): Text 'Cv2dJBxPFiQg' is set on object 'Object Repository/RecAndPlayBk/Page-Vlink-Debit/input_Remittance Id'

2023-02-28 18:48:42 - [MESSAGE][PASSED] - Text 'Cv2dJBxPFiQg' is set on object 'Object Repository/RecAndPlayBk/Page-Vlink-Debit/input_Remittance Id'

2023-02-28 18:48:42 - [TEST_STEP][PASSED] - setText(findTestObject("RecAndPlayBk/Page-Vlink-Debit/input_Application Id"), appID): Text '1773' is set on object 'Object Repository/RecAndPlayBk/Page-Vlink-Debit/input_Application Id'

2023-02-28 18:48:42 - [MESSAGE][PASSED] - Text '1773' is set on object 'Object Repository/RecAndPlayBk/Page-Vlink-Debit/input_Application Id'

2023-02-28 18:48:42 - [TEST_STEP][PASSED] - setText(findTestObject("RecAndPlayBk/Page-Vlink-Debit/input_Username"), username): Text 'Qq2BV1qtr' is set on object 'Object Repository/RecAndPlayBk/Page-Vlink-Debit/input_Username'

2023-02-28 18:48:43 - [MESSAGE][PASSED] - Text 'Qq2BV1qtr' is set on object 'Object Repository/RecAndPlayBk/Page-Vlink-Debit/input_Username'

2023-02-28 18:48:43 - [TEST_STEP][PASSED] - setText(findTestObject("RecAndPlayBk/Page-Vlink-Debit/input_Password"), password): Text 'tUmWBiLUx' is set on object 'Object Repository/RecAndPlayBk/Page-Vlink-Debit/input_Password'

2023-02-28 18:48:44 - [MESSAGE][PASSED] - Text 'tUmWBiLUx' is set on object 'Object Repository/RecAndPlayBk/Page-Vlink-Debit/input_Password'

2023-02-28 18:48:44 - [TEST_STEP][PASSED] - setText(findTestObject("RecAndPlayBk/Page-Vlink-Debit/input_Check Type"), checkType): Text 'P' is set on object 'Object Repository/RecAndPlayBk/Page-Vlink-Debit/input_Check Type'

2023-02-28 18:48:44 - [MESSAGE][PASSED] - Text 'P' is set on object 'Object Repository/RecAndPlayBk/Page-Vlink-Debit/input_Check Type'

2023-02-28 18:48:44 - [TEST_STEP][PASSED] - setText(findTestObject("RecAndPlayBk/Page-Vlink-Debit/input_Account_check"), acNumber): Text '58963214' is set on object 'Object Repository/RecAndPlayBk/Page-Vlink-Debit/input_Account_check'

2023-02-28 18:48:45 - [MESSAGE][PASSED] - Text '58963214' is set on object 'Object Repository/RecAndPlayBk/Page-Vlink-Debit/input_Account_check'

2023-02-28 18:48:45 - [TEST_STEP][PASSED] - setText(findTestObject("RecAndPlayBk/Page-Vlink-Debit/input_Company_check"), company): Text '' is set on object 'Object Repository/RecAndPlayBk/Page-Vlink-Debit/input_Company_check'

2023-02-28 18:48:45 - [MESSAGE][PASSED] - Text '' is set on object 'Object Repository/RecAndPlayBk/Page-Vlink-Debit/input_Company_check'

2023-02-28 18:48:45 - [TEST_STEP][PASSED] - setText(findTestObject("RecAndPlayBk/Page-Vlink-Debit/input_Account Type"), acType): Text '2' is set on object 'Object Repository/RecAndPlayBk/Page-Vlink-Debit/input_Account Type'

2023-02-28 18:48:46 - [MESSAGE][PASSED] - Text '2' is set on object 'Object Repository/RecAndPlayBk/Page-Vlink-Debit/input_Account Type'

2023-02-28 18:48:46 - [TEST_STEP][PASSED] - setText(findTestObject("RecAndPlayBk/Page-Vlink-Debit/input_Routing Number"), rtn): Text '256072691' is set on object 'Object Repository/RecAndPlayBk/Page-Vlink-Debit/input_Routing Number'

2023-02-28 18:48:47 - [MESSAGE][PASSED] - Text '256072691' is set on object 'Object Repository/RecAndPlayBk/Page-Vlink-Debit/input_Routing Number'

2023-02-28 18:48:47 - [TEST_STEP][PASSED] - setText(findTestObject("RecAndPlayBk/Page-Vlink-Debit/input_Amount"), amount): Text '12.50' is set on object 'Object Repository/RecAndPlayBk/Page-Vlink-Debit/input_Amount'

2023-02-28 18:48:47 - [MESSAGE][PASSED] - Text '12.50' is set on object 'Object Repository/RecAndPlayBk/Page-Vlink-Debit/input_Amount'

2023-02-28 18:48:47 - [TEST_STEP][PASSED] - setText(findTestObject("RecAndPlayBk/Page-Vlink-Debit/input_Check Email"), ""): Text '' is set on object 'Object Repository/RecAndPlayBk/Page-Vlink-Debit/input_Check Email'

2023-02-28 18:48:48 - [MESSAGE][PASSED] - Text '' is set on object 'Object Repository/RecAndPlayBk/Page-Vlink-Debit/input_Check Email'

2023-02-28 18:48:48 - [TEST_STEP][PASSED] - setText(findTestObject("Object Repository/RecAndPlayBk/Page-Vlink-Debit/input_concat(CheckWriter, , s SSN)_check_ssn"), ""): Text '' is set on object 'Object Repository/RecAndPlayBk/Page-Vlink-Debit/input_concat(CheckWriter, , s SSN)_check_ssn'

2023-02-28 18:48:48 - [MESSAGE][PASSED] - Text '' is set on object 'Object Repository/RecAndPlayBk/Page-Vlink-Debit/input_concat(CheckWriter, , s SSN)_check_ssn'

2023-02-28 18:48:48 - [TEST_STEP][PASSED] - setText(findTestObject("Object Repository/RecAndPlayBk/Page-Vlink-Debit/input_concat(CheckWriter, , s License Numbe_020fef"), ""): Text '' is set on object 'Object Repository/RecAndPlayBk/Page-Vlink-Debit/input_concat(CheckWriter, , s License Numbe_020fef'

2023-02-28 18:48:49 - [MESSAGE][PASSED] - Text '' is set on object 'Object Repository/RecAndPlayBk/Page-Vlink-Debit/input_concat(CheckWriter, , s License Numbe_020fef'

2023-02-28 18:48:49 - [TEST_STEP][PASSED] - setText(findTestObject("Object Repository/RecAndPlayBk/Page-Vlink-Debit/input_concat(CheckWriter, , s License State_21e3e7"), ""): Text '' is set on object 'Object Repository/RecAndPlayBk/Page-Vlink-Debit/input_concat(CheckWriter, , s License State_21e3e7'

2023-02-28 18:48:50 - [MESSAGE][PASSED] - Text '' is set on object 'Object Repository/RecAndPlayBk/Page-Vlink-Debit/input_concat(CheckWriter, , s License State_21e3e7'

2023-02-28 18:48:50 - [TEST_STEP][PASSED] - setText(findTestObject("RecAndPlayBk/Page-Vlink-Debit/input_Standard Entry Class"), sec): Text 'PPD' is set on object 'Object Repository/RecAndPlayBk/Page-Vlink-Debit/input_Standard Entry Class'

2023-02-28 18:48:50 - [MESSAGE][PASSED] - Text 'PPD' is set on object 'Object Repository/RecAndPlayBk/Page-Vlink-Debit/input_Standard Entry Class'

2023-02-28 18:48:50 - [TEST_STEP][PASSED] - click(findTestObject("Object Repository/RecAndPlayBk/Page-Vlink-Debit/input")): Object: 'Object Repository/RecAndPlayBk/Page-Vlink-Debit/input' is clicked on

2023-02-28 18:48:51 - [MESSAGE][PASSED] - Object: 'Object Repository/RecAndPlayBk/Page-Vlink-Debit/input' is clicked on

2023-02-28 18:48:51 - [TEST_STEP][PASSED] - if (verifyTextPresent("Transaction approved, no errors", true)): null

2023-02-28 18:48:51 - [MESSAGE][PASSED] - Text 'Transaction approved, no errors' is present on page  using regular expression

2023-02-28 18:48:51 - [TEST_STEP][PASSED] - println("Transaction Approved, no errors text is present on the Confirmation page"): null

2023-02-28 18:48:51 - [TEST_STEP][PASSED] - sdfo = getText(findTestObject("Object Repository/Page_VLinkReceipt/pre_STX")): Text of object 'Object Repository/Page_VLinkReceipt/pre_STX' is: '<STX>Cv2dJBxPFiQg                  2920855             0  Transaction approved, no errors                   0                                                                                                              <ETX>'

2023-02-28 18:48:52 - [MESSAGE][PASSED] - Text of object 'Object Repository/Page_VLinkReceipt/pre_STX' is: '<STX>Cv2dJBxPFiQg                  2920855             0  Transaction approved, no errors                   0                                                                                                              <ETX>'

2023-02-28 18:48:52 - [TEST_STEP][PASSED] - out.println("sdfo: " + sdfo): null

2023-02-28 18:48:52 - [TEST_STEP][PASSED] - remID = substring(5, 35).trim(): null

2023-02-28 18:48:52 - [TEST_STEP][PASSED] - out.println("remID: " + remID): null

2023-02-28 18:48:52 - [TEST_STEP][PASSED] - traxID = substring(35, 55).trim(): null

2023-02-28 18:48:52 - [TEST_STEP][PASSED] - out.println("traxID: " + traxID): null

2023-02-28 18:48:52 - [TEST_STEP][PASSED] - VLinkSaleRemID = remID: null

2023-02-28 18:48:52 - [TEST_STEP][PASSED] - VLinkSaleTranxID = traxID: null

2023-02-28 18:48:52 - [TEST_STEP][PASSED] - openBrowser(VLinkURL + "ACH_credit.html"): Browser is opened with url: 'https://dev-algorithm.govolution.com/vlinktest/demo2/version_2_0/ACH_credit.html'

2023-02-28 18:48:52 - [MESSAGE][WARNING] - A browser is already opened. Closing browser and opening a new one

2023-02-28 18:48:53 - [MESSAGE][INFO] - Starting 'Chrome' driver

2023-02-28 18:48:53 - [MESSAGE][INFO] - User set preference: ['acceptInsecureCerts', 'true']

2023-02-28 18:48:53 - [MESSAGE][INFO] - Action delay is set to 0 milliseconds

2023-02-28 18:48:54 - [MESSAGE][PASSED] - Browser is opened with url: 'https://dev-algorithm.govolution.com/vlinktest/demo2/version_2_0/ACH_credit.html'

2023-02-28 18:48:54 - [TEST_STEP][PASSED] - maximizeWindow(): Current window maximized

2023-02-28 18:48:55 - [MESSAGE][PASSED] - Current window maximized

2023-02-28 18:48:55 - [TEST_STEP][PASSED] - setText(findTestObject("Object Repository/RecAndPlayBk/Page-Vlink-ACH-Credit/input_Remittance Id"), VLinkSaleRemID): Text 'Cv2dJBxPFiQg' is set on object 'Object Repository/RecAndPlayBk/Page-Vlink-ACH-Credit/input_Remittance Id'

2023-02-28 18:48:55 - [MESSAGE][PASSED] - Text 'Cv2dJBxPFiQg' is set on object 'Object Repository/RecAndPlayBk/Page-Vlink-ACH-Credit/input_Remittance Id'

2023-02-28 18:48:55 - [TEST_STEP][PASSED] - setText(findTestObject("Object Repository/RecAndPlayBk/Page-Vlink-ACH-Credit/input_Application Id"), appID): Text '1773' is set on object 'Object Repository/RecAndPlayBk/Page-Vlink-ACH-Credit/input_Application Id'

2023-02-28 18:48:56 - [MESSAGE][PASSED] - Text '1773' is set on object 'Object Repository/RecAndPlayBk/Page-Vlink-ACH-Credit/input_Application Id'

2023-02-28 18:48:56 - [TEST_STEP][PASSED] - setText(findTestObject("Object Repository/RecAndPlayBk/Page-Vlink-ACH-Credit/input_Username"), username): Text 'Qq2BV1qtr' is set on object 'Object Repository/RecAndPlayBk/Page-Vlink-ACH-Credit/input_Username'

2023-02-28 18:48:57 - [MESSAGE][PASSED] - Text 'Qq2BV1qtr' is set on object 'Object Repository/RecAndPlayBk/Page-Vlink-ACH-Credit/input_Username'

2023-02-28 18:48:57 - [TEST_STEP][PASSED] - setText(findTestObject("Object Repository/RecAndPlayBk/Page-Vlink-ACH-Credit/input_Password"), password): Text 'tUmWBiLUx' is set on object 'Object Repository/RecAndPlayBk/Page-Vlink-ACH-Credit/input_Password'

2023-02-28 18:48:57 - [MESSAGE][PASSED] - Text 'tUmWBiLUx' is set on object 'Object Repository/RecAndPlayBk/Page-Vlink-ACH-Credit/input_Password'

2023-02-28 18:48:57 - [TEST_STEP][PASSED] - setText(findTestObject("Object Repository/RecAndPlayBk/Page-Vlink-ACH-Credit/input_Check Type"), checkType): Text 'P' is set on object 'Object Repository/RecAndPlayBk/Page-Vlink-ACH-Credit/input_Check Type'

2023-02-28 18:48:58 - [MESSAGE][PASSED] - Text 'P' is set on object 'Object Repository/RecAndPlayBk/Page-Vlink-ACH-Credit/input_Check Type'

2023-02-28 18:48:58 - [TEST_STEP][PASSED] - setText(findTestObject("Object Repository/RecAndPlayBk/Page-Vlink-ACH-Credit/input_Transaction ID"), VLinkSaleTranxID): Text '2920855' is set on object 'Object Repository/RecAndPlayBk/Page-Vlink-ACH-Credit/input_Transaction ID'

2023-02-28 18:48:58 - [MESSAGE][PASSED] - Text '2920855' is set on object 'Object Repository/RecAndPlayBk/Page-Vlink-ACH-Credit/input_Transaction ID'

2023-02-28 18:48:58 - [TEST_STEP][PASSED] - setText(findTestObject("Object Repository/RecAndPlayBk/Page-Vlink-ACH-Credit/input_Amount"), amount): Text '12.50' is set on object 'Object Repository/RecAndPlayBk/Page-Vlink-ACH-Credit/input_Amount'

2023-02-28 18:48:59 - [MESSAGE][PASSED] - Text '12.50' is set on object 'Object Repository/RecAndPlayBk/Page-Vlink-ACH-Credit/input_Amount'

2023-02-28 18:48:59 - [TEST_STEP][PASSED] - setText(findTestObject("Object Repository/RecAndPlayBk/Page-Vlink-ACH-Credit/input_Standard Entry Class"), sec): Text 'PPD' is set on object 'Object Repository/RecAndPlayBk/Page-Vlink-ACH-Credit/input_Standard Entry Class'

2023-02-28 18:49:00 - [MESSAGE][PASSED] - Text 'PPD' is set on object 'Object Repository/RecAndPlayBk/Page-Vlink-ACH-Credit/input_Standard Entry Class'

2023-02-28 18:49:00 - [TEST_STEP][PASSED] - setText(findTestObject("Object Repository/RecAndPlayBk/Page-Vlink-ACH-Credit/input_Account Number"), acNumber): Text '58963214' is set on object 'Object Repository/RecAndPlayBk/Page-Vlink-ACH-Credit/input_Account Number'

2023-02-28 18:49:00 - [MESSAGE][PASSED] - Text '58963214' is set on object 'Object Repository/RecAndPlayBk/Page-Vlink-ACH-Credit/input_Account Number'

2023-02-28 18:49:00 - [TEST_STEP][PASSED] - setText(findTestObject("Object Repository/RecAndPlayBk/Page-Vlink-ACH-Credit/input_Routing Number"), rtn): Text '256072691' is set on object 'Object Repository/RecAndPlayBk/Page-Vlink-ACH-Credit/input_Routing Number'

2023-02-28 18:49:01 - [MESSAGE][PASSED] - Text '256072691' is set on object 'Object Repository/RecAndPlayBk/Page-Vlink-ACH-Credit/input_Routing Number'

2023-02-28 18:49:01 - [TEST_STEP][PASSED] - click(findTestObject("Object Repository/RecAndPlayBk/Page-Vlink-ACH-Credit/input")): Object: 'Object Repository/RecAndPlayBk/Page-Vlink-ACH-Credit/input' is clicked on

2023-02-28 18:49:02 - [MESSAGE][PASSED] - Object: 'Object Repository/RecAndPlayBk/Page-Vlink-ACH-Credit/input' is clicked on

2023-02-28 18:49:02 - [TEST_STEP][PASSED] - if (verifyTextPresent("Transaction approved, no errors", true)): null

2023-02-28 18:49:02 - [MESSAGE][PASSED] - Text 'Transaction approved, no errors' is present on page  using regular expression

2023-02-28 18:49:02 - [TEST_STEP][PASSED] - println("Transaction Approved, no errors text is present on the Confirmation page"): null

2023-02-28 18:49:02 - [TEST_STEP][PASSED] - sdfo = getText(findTestObject("Object Repository/Page_VLinkReceipt/pre_STX")): Text of object 'Object Repository/Page_VLinkReceipt/pre_STX' is: '<STX>Cv2dJBxPFiQg                  2920856             0  Transaction approved, no errors                   0                                                                                                              <ETX>'

2023-02-28 18:49:02 - [MESSAGE][PASSED] - Text of object 'Object Repository/Page_VLinkReceipt/pre_STX' is: '<STX>Cv2dJBxPFiQg                  2920856             0  Transaction approved, no errors                   0                                                                                                              <ETX>'

2023-02-28 18:49:02 - [TEST_STEP][PASSED] - out.println("sdfo: " + sdfo): null

2023-02-28 18:49:02 - [TEST_STEP][PASSED] - remID = substring(5, 35).trim(): null

2023-02-28 18:49:02 - [TEST_STEP][PASSED] - out.println("remID: " + remID): null

2023-02-28 18:49:02 - [TEST_STEP][PASSED] - traxID = substring(35, 55).trim(): null

2023-02-28 18:49:02 - [TEST_STEP][PASSED] - out.println("traxID: " + traxID): null

2023-02-28 18:49:02 - [TEST_STEP][PASSED] - VLinkSaleRemID = remID: null

2023-02-28 18:49:02 - [TEST_STEP][PASSED] - VLinkSaleTranxID = traxID: null

2023-02-28 18:49:02 - [TEST_STEP][PASSED] - openBrowser(VLinkURL + "ACH_void.html"): Browser is opened with url: 'https://dev-algorithm.govolution.com/vlinktest/demo2/version_2_0/ACH_void.html'

2023-02-28 18:49:02 - [MESSAGE][WARNING] - A browser is already opened. Closing browser and opening a new one

2023-02-28 18:49:03 - [MESSAGE][INFO] - Starting 'Chrome' driver

2023-02-28 18:49:03 - [MESSAGE][INFO] - User set preference: ['acceptInsecureCerts', 'true']

2023-02-28 18:49:03 - [MESSAGE][INFO] - Action delay is set to 0 milliseconds

2023-02-28 18:49:05 - [MESSAGE][PASSED] - Browser is opened with url: 'https://dev-algorithm.govolution.com/vlinktest/demo2/version_2_0/ACH_void.html'

2023-02-28 18:49:05 - [TEST_STEP][PASSED] - maximizeWindow(): Current window maximized

2023-02-28 18:49:05 - [MESSAGE][PASSED] - Current window maximized

2023-02-28 18:49:05 - [TEST_STEP][PASSED] - setText(findTestObject("Object Repository/RecAndPlayBk/Page-Vlink-ACH-Void/input_Remittance Id"), VLinkSaleRemID): Text 'Cv2dJBxPFiQg' is set on object 'Object Repository/RecAndPlayBk/Page-Vlink-ACH-Void/input_Remittance Id'

2023-02-28 18:49:06 - [MESSAGE][PASSED] - Text 'Cv2dJBxPFiQg' is set on object 'Object Repository/RecAndPlayBk/Page-Vlink-ACH-Void/input_Remittance Id'

2023-02-28 18:49:06 - [TEST_STEP][PASSED] - setText(findTestObject("Object Repository/RecAndPlayBk/Page-Vlink-ACH-Void/input_Application Id"), appID): Text '1773' is set on object 'Object Repository/RecAndPlayBk/Page-Vlink-ACH-Void/input_Application Id'

2023-02-28 18:49:07 - [MESSAGE][PASSED] - Text '1773' is set on object 'Object Repository/RecAndPlayBk/Page-Vlink-ACH-Void/input_Application Id'

2023-02-28 18:49:07 - [TEST_STEP][PASSED] - setText(findTestObject("Object Repository/RecAndPlayBk/Page-Vlink-ACH-Void/input_Username"), username): Text 'Qq2BV1qtr' is set on object 'Object Repository/RecAndPlayBk/Page-Vlink-ACH-Void/input_Username'

2023-02-28 18:49:07 - [MESSAGE][PASSED] - Text 'Qq2BV1qtr' is set on object 'Object Repository/RecAndPlayBk/Page-Vlink-ACH-Void/input_Username'

2023-02-28 18:49:07 - [TEST_STEP][PASSED] - setText(findTestObject("Object Repository/RecAndPlayBk/Page-Vlink-ACH-Void/input_Password"), password): Text 'tUmWBiLUx' is set on object 'Object Repository/RecAndPlayBk/Page-Vlink-ACH-Void/input_Password'

2023-02-28 18:49:08 - [MESSAGE][PASSED] - Text 'tUmWBiLUx' is set on object 'Object Repository/RecAndPlayBk/Page-Vlink-ACH-Void/input_Password'

2023-02-28 18:49:08 - [TEST_STEP][PASSED] - setText(findTestObject("Object Repository/RecAndPlayBk/Page-Vlink-ACH-Void/input_Check Type"), checkType): Text 'P' is set on object 'Object Repository/RecAndPlayBk/Page-Vlink-ACH-Void/input_Check Type'

2023-02-28 18:49:08 - [MESSAGE][PASSED] - Text 'P' is set on object 'Object Repository/RecAndPlayBk/Page-Vlink-ACH-Void/input_Check Type'

2023-02-28 18:49:08 - [TEST_STEP][PASSED] - setText(findTestObject("Object Repository/RecAndPlayBk/Page-Vlink-ACH-Void/input_Standard Entry Class"), sec): Text 'PPD' is set on object 'Object Repository/RecAndPlayBk/Page-Vlink-ACH-Void/input_Standard Entry Class'

2023-02-28 18:49:09 - [MESSAGE][PASSED] - Text 'PPD' is set on object 'Object Repository/RecAndPlayBk/Page-Vlink-ACH-Void/input_Standard Entry Class'

2023-02-28 18:49:09 - [TEST_STEP][PASSED] - setText(findTestObject("Object Repository/RecAndPlayBk/Page-Vlink-ACH-Void/input_Transaction ID"), VLinkSaleTranxID): Text '2920856' is set on object 'Object Repository/RecAndPlayBk/Page-Vlink-ACH-Void/input_Transaction ID'

2023-02-28 18:49:10 - [MESSAGE][PASSED] - Text '2920856' is set on object 'Object Repository/RecAndPlayBk/Page-Vlink-ACH-Void/input_Transaction ID'

2023-02-28 18:49:10 - [TEST_STEP][PASSED] - setText(findTestObject("Object Repository/RecAndPlayBk/Page-Vlink-ACH-Void/input_Original Transaction Type"), "201"): Text '201' is set on object 'Object Repository/RecAndPlayBk/Page-Vlink-ACH-Void/input_Original Transaction Type'

2023-02-28 18:49:10 - [MESSAGE][PASSED] - Text '201' is set on object 'Object Repository/RecAndPlayBk/Page-Vlink-ACH-Void/input_Original Transaction Type'

2023-02-28 18:49:10 - [TEST_STEP][PASSED] - click(findTestObject("Object Repository/RecAndPlayBk/Page-Vlink-ACH-Void/input")): Object: 'Object Repository/RecAndPlayBk/Page-Vlink-ACH-Void/input' is clicked on

2023-02-28 18:49:11 - [MESSAGE][PASSED] - Object: 'Object Repository/RecAndPlayBk/Page-Vlink-ACH-Void/input' is clicked on

2023-02-28 18:49:11 - [TEST_STEP][PASSED] - if (verifyTextPresent("Transaction approved, no errors", true)): null

2023-02-28 18:49:11 - [MESSAGE][PASSED] - Text 'Transaction approved, no errors' is present on page  using regular expression

2023-02-28 18:49:11 - [TEST_STEP][PASSED] - println("Transaction Approved, no errors text is present on the Confirmation page"): null

2023-02-28 18:49:11 - [TEST_STEP][PASSED] - out.println("Pass Record Number: " + row): null

2023-02-28 18:49:11 - [TEST_STEP][PASSED] - resText = "Pass": null

2023-02-28 18:49:11 - [TEST_STEP][PASSED] - pages.WriteExcel.demoKey(resText, datText, resColumn, datCloumn, fileLoc, nameSheet, row): pages.WriteExcel.demoKey is PASSED

2023-02-28 18:49:11 - [MESSAGE][PASSED] - pages.WriteExcel.demoKey is PASSED

2023-02-28 18:49:11 - [TEST_STEP][PASSED] - ExecuteTC = findTestData(dataFile).getValue("Execute", row): null

2023-02-28 18:49:12 - [TEST_STEP][PASSED] - out.println("Value of Execute is : " + ExecuteTC): null

2023-02-28 18:49:12 - [TEST_STEP][PASSED] - switch (executionProfile): null

2023-02-28 18:49:12 - [TEST_STEP][PASSED] - case "Demo2Profile":: null

2023-02-28 18:49:12 - [TEST_STEP][PASSED] - appID = findTestData(dataFile).getValue("AppIDDemo", row): null

2023-02-28 18:49:12 - [TEST_STEP][PASSED] - username = findTestData(dataFile).getValue("UsernameDemo", row): null

2023-02-28 18:49:12 - [TEST_STEP][PASSED] - password = findTestData(dataFile).getValue("PasswordDemo", row): null

2023-02-28 18:49:12 - [TEST_STEP][PASSED] - break: null

2023-02-28 18:49:12 - [TEST_STEP][PASSED] - if (ExecuteTC.equalsIgnoreCase("Y")): null

2023-02-28 18:49:12 - [TEST_STEP][PASSED] - out.println("Begin Record Number: " + row): null

2023-02-28 18:49:12 - [TEST_STEP][PASSED] - today = new java.util.Date(): null

2023-02-28 18:49:12 - [TEST_STEP][PASSED] - println(today): null

2023-02-28 18:49:12 - [TEST_STEP][PASSED] - datText = today: null

2023-02-28 18:49:12 - [TEST_STEP][PASSED] - checkType = findTestData(dataFile).getValue("CheckType", row): null

2023-02-28 18:49:12 - [TEST_STEP][PASSED] - acNumber = findTestData(dataFile).getValue("AcNumber", row): null

2023-02-28 18:49:12 - [TEST_STEP][PASSED] - company = findTestData(dataFile).getValue("Company", row): null

2023-02-28 18:49:12 - [TEST_STEP][PASSED] - acType = findTestData(dataFile).getValue("AcType", row): null

2023-02-28 18:49:12 - [TEST_STEP][PASSED] - rtn = findTestData(dataFile).getValue("RTN", row): null

2023-02-28 18:49:12 - [TEST_STEP][PASSED] - amount = findTestData(dataFile).getValue("Amount", row): null

2023-02-28 18:49:12 - [TEST_STEP][PASSED] - sec = findTestData(dataFile).getValue("SEC", row): null

2023-02-28 18:49:12 - [TEST_STEP][PASSED] - openBrowser(VLinkURL + "debit.html"): Browser is opened with url: 'https://dev-algorithm.govolution.com/vlinktest/demo2/version_2_0/debit.html'

2023-02-28 18:49:12 - [MESSAGE][WARNING] - A browser is already opened. Closing browser and opening a new one

2023-02-28 18:49:13 - [MESSAGE][INFO] - Starting 'Chrome' driver

2023-02-28 18:49:13 - [MESSAGE][INFO] - User set preference: ['acceptInsecureCerts', 'true']

2023-02-28 18:49:13 - [MESSAGE][INFO] - Action delay is set to 0 milliseconds

2023-02-28 18:49:15 - [MESSAGE][PASSED] - Browser is opened with url: 'https://dev-algorithm.govolution.com/vlinktest/demo2/version_2_0/debit.html'

2023-02-28 18:49:15 - [TEST_STEP][PASSED] - maximizeWindow(): Current window maximized

2023-02-28 18:49:15 - [MESSAGE][PASSED] - Current window maximized

2023-02-28 18:49:15 - [TEST_STEP][PASSED] - genRemID = RandomStringUtils.random(12, true, true): null

2023-02-28 18:49:15 - [TEST_STEP][PASSED] - setText(findTestObject("RecAndPlayBk/Page-Vlink-Debit/input_Remittance Id"), genRemID): Text 'lOuedvu8pdAH' is set on object 'Object Repository/RecAndPlayBk/Page-Vlink-Debit/input_Remittance Id'

2023-02-28 18:49:16 - [MESSAGE][PASSED] - Text 'lOuedvu8pdAH' is set on object 'Object Repository/RecAndPlayBk/Page-Vlink-Debit/input_Remittance Id'

2023-02-28 18:49:16 - [TEST_STEP][PASSED] - setText(findTestObject("RecAndPlayBk/Page-Vlink-Debit/input_Application Id"), appID): Text '1773' is set on object 'Object Repository/RecAndPlayBk/Page-Vlink-Debit/input_Application Id'

2023-02-28 18:49:17 - [MESSAGE][PASSED] - Text '1773' is set on object 'Object Repository/RecAndPlayBk/Page-Vlink-Debit/input_Application Id'

2023-02-28 18:49:17 - [TEST_STEP][PASSED] - setText(findTestObject("RecAndPlayBk/Page-Vlink-Debit/input_Username"), username): Text 'Qq2BV1qtr' is set on object 'Object Repository/RecAndPlayBk/Page-Vlink-Debit/input_Username'

2023-02-28 18:49:17 - [MESSAGE][PASSED] - Text 'Qq2BV1qtr' is set on object 'Object Repository/RecAndPlayBk/Page-Vlink-Debit/input_Username'

2023-02-28 18:49:17 - [TEST_STEP][PASSED] - setText(findTestObject("RecAndPlayBk/Page-Vlink-Debit/input_Password"), password): Text 'tUmWBiLUx' is set on object 'Object Repository/RecAndPlayBk/Page-Vlink-Debit/input_Password'

2023-02-28 18:49:18 - [MESSAGE][PASSED] - Text 'tUmWBiLUx' is set on object 'Object Repository/RecAndPlayBk/Page-Vlink-Debit/input_Password'

2023-02-28 18:49:18 - [TEST_STEP][PASSED] - setText(findTestObject("RecAndPlayBk/Page-Vlink-Debit/input_Check Type"), checkType): Text 'C' is set on object 'Object Repository/RecAndPlayBk/Page-Vlink-Debit/input_Check Type'

2023-02-28 18:49:18 - [MESSAGE][PASSED] - Text 'C' is set on object 'Object Repository/RecAndPlayBk/Page-Vlink-Debit/input_Check Type'

2023-02-28 18:49:18 - [TEST_STEP][PASSED] - setText(findTestObject("RecAndPlayBk/Page-Vlink-Debit/input_Account_check"), acNumber): Text '58963214' is set on object 'Object Repository/RecAndPlayBk/Page-Vlink-Debit/input_Account_check'

2023-02-28 18:49:19 - [MESSAGE][PASSED] - Text '58963214' is set on object 'Object Repository/RecAndPlayBk/Page-Vlink-Debit/input_Account_check'

2023-02-28 18:49:19 - [TEST_STEP][PASSED] - setText(findTestObject("RecAndPlayBk/Page-Vlink-Debit/input_Company_check"), company): Text 'My Company' is set on object 'Object Repository/RecAndPlayBk/Page-Vlink-Debit/input_Company_check'

2023-02-28 18:49:20 - [MESSAGE][PASSED] - Text 'My Company' is set on object 'Object Repository/RecAndPlayBk/Page-Vlink-Debit/input_Company_check'

2023-02-28 18:49:20 - [TEST_STEP][PASSED] - setText(findTestObject("RecAndPlayBk/Page-Vlink-Debit/input_Account Type"), acType): Text '' is set on object 'Object Repository/RecAndPlayBk/Page-Vlink-Debit/input_Account Type'

2023-02-28 18:49:20 - [MESSAGE][PASSED] - Text '' is set on object 'Object Repository/RecAndPlayBk/Page-Vlink-Debit/input_Account Type'

2023-02-28 18:49:20 - [TEST_STEP][PASSED] - setText(findTestObject("RecAndPlayBk/Page-Vlink-Debit/input_Routing Number"), rtn): Text '256072691' is set on object 'Object Repository/RecAndPlayBk/Page-Vlink-Debit/input_Routing Number'

2023-02-28 18:49:21 - [MESSAGE][PASSED] - Text '256072691' is set on object 'Object Repository/RecAndPlayBk/Page-Vlink-Debit/input_Routing Number'

2023-02-28 18:49:21 - [TEST_STEP][PASSED] - setText(findTestObject("RecAndPlayBk/Page-Vlink-Debit/input_Amount"), amount): Text '12.50' is set on object 'Object Repository/RecAndPlayBk/Page-Vlink-Debit/input_Amount'

2023-02-28 18:49:22 - [MESSAGE][PASSED] - Text '12.50' is set on object 'Object Repository/RecAndPlayBk/Page-Vlink-Debit/input_Amount'

2023-02-28 18:49:22 - [TEST_STEP][PASSED] - setText(findTestObject("RecAndPlayBk/Page-Vlink-Debit/input_Check Email"), ""): Text '' is set on object 'Object Repository/RecAndPlayBk/Page-Vlink-Debit/input_Check Email'

2023-02-28 18:49:22 - [MESSAGE][PASSED] - Text '' is set on object 'Object Repository/RecAndPlayBk/Page-Vlink-Debit/input_Check Email'

2023-02-28 18:49:22 - [TEST_STEP][PASSED] - setText(findTestObject("Object Repository/RecAndPlayBk/Page-Vlink-Debit/input_concat(CheckWriter, , s SSN)_check_ssn"), ""): Text '' is set on object 'Object Repository/RecAndPlayBk/Page-Vlink-Debit/input_concat(CheckWriter, , s SSN)_check_ssn'

2023-02-28 18:49:23 - [MESSAGE][PASSED] - Text '' is set on object 'Object Repository/RecAndPlayBk/Page-Vlink-Debit/input_concat(CheckWriter, , s SSN)_check_ssn'

2023-02-28 18:49:23 - [TEST_STEP][PASSED] - setText(findTestObject("Object Repository/RecAndPlayBk/Page-Vlink-Debit/input_concat(CheckWriter, , s License Numbe_020fef"), ""): Text '' is set on object 'Object Repository/RecAndPlayBk/Page-Vlink-Debit/input_concat(CheckWriter, , s License Numbe_020fef'

2023-02-28 18:49:23 - [MESSAGE][PASSED] - Text '' is set on object 'Object Repository/RecAndPlayBk/Page-Vlink-Debit/input_concat(CheckWriter, , s License Numbe_020fef'

2023-02-28 18:49:23 - [TEST_STEP][PASSED] - setText(findTestObject("Object Repository/RecAndPlayBk/Page-Vlink-Debit/input_concat(CheckWriter, , s License State_21e3e7"), ""): Text '' is set on object 'Object Repository/RecAndPlayBk/Page-Vlink-Debit/input_concat(CheckWriter, , s License State_21e3e7'

2023-02-28 18:49:24 - [MESSAGE][PASSED] - Text '' is set on object 'Object Repository/RecAndPlayBk/Page-Vlink-Debit/input_concat(CheckWriter, , s License State_21e3e7'

2023-02-28 18:49:24 - [TEST_STEP][PASSED] - setText(findTestObject("RecAndPlayBk/Page-Vlink-Debit/input_Standard Entry Class"), sec): Text 'CCD' is set on object 'Object Repository/RecAndPlayBk/Page-Vlink-Debit/input_Standard Entry Class'

2023-02-28 18:49:25 - [MESSAGE][PASSED] - Text 'CCD' is set on object 'Object Repository/RecAndPlayBk/Page-Vlink-Debit/input_Standard Entry Class'

2023-02-28 18:49:25 - [TEST_STEP][PASSED] - click(findTestObject("Object Repository/RecAndPlayBk/Page-Vlink-Debit/input")): Object: 'Object Repository/RecAndPlayBk/Page-Vlink-Debit/input' is clicked on

2023-02-28 18:49:26 - [MESSAGE][PASSED] - Object: 'Object Repository/RecAndPlayBk/Page-Vlink-Debit/input' is clicked on

2023-02-28 18:49:26 - [TEST_STEP][PASSED] - if (verifyTextPresent("Transaction approved, no errors", true)): null

2023-02-28 18:49:26 - [MESSAGE][PASSED] - Text 'Transaction approved, no errors' is present on page  using regular expression

2023-02-28 18:49:26 - [TEST_STEP][PASSED] - println("Transaction Approved, no errors text is present on the Confirmation page"): null

2023-02-28 18:49:26 - [TEST_STEP][PASSED] - sdfo = getText(findTestObject("Object Repository/Page_VLinkReceipt/pre_STX")): Text of object 'Object Repository/Page_VLinkReceipt/pre_STX' is: '<STX>lOuedvu8pdAH                  2920858             0  Transaction approved, no errors                   0                                                                                                              <ETX>'

2023-02-28 18:49:26 - [MESSAGE][PASSED] - Text of object 'Object Repository/Page_VLinkReceipt/pre_STX' is: '<STX>lOuedvu8pdAH                  2920858             0  Transaction approved, no errors                   0                                                                                                              <ETX>'

2023-02-28 18:49:26 - [TEST_STEP][PASSED] - out.println("sdfo: " + sdfo): null

2023-02-28 18:49:26 - [TEST_STEP][PASSED] - remID = substring(5, 35).trim(): null

2023-02-28 18:49:26 - [TEST_STEP][PASSED] - out.println("remID: " + remID): null

2023-02-28 18:49:26 - [TEST_STEP][PASSED] - traxID = substring(35, 55).trim(): null

2023-02-28 18:49:26 - [TEST_STEP][PASSED] - out.println("traxID: " + traxID): null

2023-02-28 18:49:26 - [TEST_STEP][PASSED] - VLinkSaleRemID = remID: null

2023-02-28 18:49:26 - [TEST_STEP][PASSED] - VLinkSaleTranxID = traxID: null

2023-02-28 18:49:26 - [TEST_STEP][PASSED] - openBrowser(VLinkURL + "ACH_credit.html"): Browser is opened with url: 'https://dev-algorithm.govolution.com/vlinktest/demo2/version_2_0/ACH_credit.html'

2023-02-28 18:49:26 - [MESSAGE][WARNING] - A browser is already opened. Closing browser and opening a new one

2023-02-28 18:49:27 - [MESSAGE][INFO] - Starting 'Chrome' driver

2023-02-28 18:49:27 - [MESSAGE][INFO] - User set preference: ['acceptInsecureCerts', 'true']

2023-02-28 18:49:27 - [MESSAGE][INFO] - Action delay is set to 0 milliseconds

2023-02-28 18:49:29 - [MESSAGE][PASSED] - Browser is opened with url: 'https://dev-algorithm.govolution.com/vlinktest/demo2/version_2_0/ACH_credit.html'

2023-02-28 18:49:29 - [TEST_STEP][PASSED] - maximizeWindow(): Current window maximized

2023-02-28 18:49:29 - [MESSAGE][PASSED] - Current window maximized

2023-02-28 18:49:29 - [TEST_STEP][PASSED] - setText(findTestObject("Object Repository/RecAndPlayBk/Page-Vlink-ACH-Credit/input_Remittance Id"), VLinkSaleRemID): Text 'lOuedvu8pdAH' is set on object 'Object Repository/RecAndPlayBk/Page-Vlink-ACH-Credit/input_Remittance Id'

2023-02-28 18:49:30 - [MESSAGE][PASSED] - Text 'lOuedvu8pdAH' is set on object 'Object Repository/RecAndPlayBk/Page-Vlink-ACH-Credit/input_Remittance Id'

2023-02-28 18:49:30 - [TEST_STEP][PASSED] - setText(findTestObject("Object Repository/RecAndPlayBk/Page-Vlink-ACH-Credit/input_Application Id"), appID): Text '1773' is set on object 'Object Repository/RecAndPlayBk/Page-Vlink-ACH-Credit/input_Application Id'

2023-02-28 18:49:31 - [MESSAGE][PASSED] - Text '1773' is set on object 'Object Repository/RecAndPlayBk/Page-Vlink-ACH-Credit/input_Application Id'

2023-02-28 18:49:31 - [TEST_STEP][PASSED] - setText(findTestObject("Object Repository/RecAndPlayBk/Page-Vlink-ACH-Credit/input_Username"), username): Text 'Qq2BV1qtr' is set on object 'Object Repository/RecAndPlayBk/Page-Vlink-ACH-Credit/input_Username'

2023-02-28 18:49:31 - [MESSAGE][PASSED] - Text 'Qq2BV1qtr' is set on object 'Object Repository/RecAndPlayBk/Page-Vlink-ACH-Credit/input_Username'

2023-02-28 18:49:31 - [TEST_STEP][PASSED] - setText(findTestObject("Object Repository/RecAndPlayBk/Page-Vlink-ACH-Credit/input_Password"), password): Text 'tUmWBiLUx' is set on object 'Object Repository/RecAndPlayBk/Page-Vlink-ACH-Credit/input_Password'

2023-02-28 18:49:32 - [MESSAGE][PASSED] - Text 'tUmWBiLUx' is set on object 'Object Repository/RecAndPlayBk/Page-Vlink-ACH-Credit/input_Password'

2023-02-28 18:49:32 - [TEST_STEP][PASSED] - setText(findTestObject("Object Repository/RecAndPlayBk/Page-Vlink-ACH-Credit/input_Check Type"), checkType): Text 'C' is set on object 'Object Repository/RecAndPlayBk/Page-Vlink-ACH-Credit/input_Check Type'

2023-02-28 18:49:32 - [MESSAGE][PASSED] - Text 'C' is set on object 'Object Repository/RecAndPlayBk/Page-Vlink-ACH-Credit/input_Check Type'

2023-02-28 18:49:32 - [TEST_STEP][PASSED] - setText(findTestObject("Object Repository/RecAndPlayBk/Page-Vlink-ACH-Credit/input_Transaction ID"), VLinkSaleTranxID): Text '2920858' is set on object 'Object Repository/RecAndPlayBk/Page-Vlink-ACH-Credit/input_Transaction ID'

2023-02-28 18:49:33 - [MESSAGE][PASSED] - Text '2920858' is set on object 'Object Repository/RecAndPlayBk/Page-Vlink-ACH-Credit/input_Transaction ID'

2023-02-28 18:49:33 - [TEST_STEP][PASSED] - setText(findTestObject("Object Repository/RecAndPlayBk/Page-Vlink-ACH-Credit/input_Amount"), amount): Text '12.50' is set on object 'Object Repository/RecAndPlayBk/Page-Vlink-ACH-Credit/input_Amount'

2023-02-28 18:49:34 - [MESSAGE][PASSED] - Text '12.50' is set on object 'Object Repository/RecAndPlayBk/Page-Vlink-ACH-Credit/input_Amount'

2023-02-28 18:49:34 - [TEST_STEP][PASSED] - setText(findTestObject("Object Repository/RecAndPlayBk/Page-Vlink-ACH-Credit/input_Standard Entry Class"), sec): Text 'CCD' is set on object 'Object Repository/RecAndPlayBk/Page-Vlink-ACH-Credit/input_Standard Entry Class'

2023-02-28 18:49:34 - [MESSAGE][PASSED] - Text 'CCD' is set on object 'Object Repository/RecAndPlayBk/Page-Vlink-ACH-Credit/input_Standard Entry Class'

2023-02-28 18:49:34 - [TEST_STEP][PASSED] - setText(findTestObject("Object Repository/RecAndPlayBk/Page-Vlink-ACH-Credit/input_Account Number"), acNumber): Text '58963214' is set on object 'Object Repository/RecAndPlayBk/Page-Vlink-ACH-Credit/input_Account Number'

2023-02-28 18:49:35 - [MESSAGE][PASSED] - Text '58963214' is set on object 'Object Repository/RecAndPlayBk/Page-Vlink-ACH-Credit/input_Account Number'

2023-02-28 18:49:35 - [TEST_STEP][PASSED] - setText(findTestObject("Object Repository/RecAndPlayBk/Page-Vlink-ACH-Credit/input_Routing Number"), rtn): Text '256072691' is set on object 'Object Repository/RecAndPlayBk/Page-Vlink-ACH-Credit/input_Routing Number'

2023-02-28 18:49:36 - [MESSAGE][PASSED] - Text '256072691' is set on object 'Object Repository/RecAndPlayBk/Page-Vlink-ACH-Credit/input_Routing Number'

2023-02-28 18:49:36 - [TEST_STEP][PASSED] - click(findTestObject("Object Repository/RecAndPlayBk/Page-Vlink-ACH-Credit/input")): Object: 'Object Repository/RecAndPlayBk/Page-Vlink-ACH-Credit/input' is clicked on

2023-02-28 18:49:37 - [MESSAGE][PASSED] - Object: 'Object Repository/RecAndPlayBk/Page-Vlink-ACH-Credit/input' is clicked on

2023-02-28 18:49:37 - [TEST_STEP][PASSED] - if (verifyTextPresent("Transaction approved, no errors", true)): null

2023-02-28 18:49:37 - [MESSAGE][PASSED] - Text 'Transaction approved, no errors' is present on page  using regular expression

2023-02-28 18:49:37 - [TEST_STEP][PASSED] - println("Transaction Approved, no errors text is present on the Confirmation page"): null

2023-02-28 18:49:37 - [TEST_STEP][PASSED] - sdfo = getText(findTestObject("Object Repository/Page_VLinkReceipt/pre_STX")): Text of object 'Object Repository/Page_VLinkReceipt/pre_STX' is: '<STX>lOuedvu8pdAH                  2920859             0  Transaction approved, no errors                   0                                                                                                              <ETX>'

2023-02-28 18:49:38 - [MESSAGE][PASSED] - Text of object 'Object Repository/Page_VLinkReceipt/pre_STX' is: '<STX>lOuedvu8pdAH                  2920859             0  Transaction approved, no errors                   0                                                                                                              <ETX>'

2023-02-28 18:49:38 - [TEST_STEP][PASSED] - out.println("sdfo: " + sdfo): null

2023-02-28 18:49:38 - [TEST_STEP][PASSED] - remID = substring(5, 35).trim(): null

2023-02-28 18:49:38 - [TEST_STEP][PASSED] - out.println("remID: " + remID): null

2023-02-28 18:49:38 - [TEST_STEP][PASSED] - traxID = substring(35, 55).trim(): null

2023-02-28 18:49:38 - [TEST_STEP][PASSED] - out.println("traxID: " + traxID): null

2023-02-28 18:49:38 - [TEST_STEP][PASSED] - VLinkSaleRemID = remID: null

2023-02-28 18:49:38 - [TEST_STEP][PASSED] - VLinkSaleTranxID = traxID: null

2023-02-28 18:49:38 - [TEST_STEP][PASSED] - openBrowser(VLinkURL + "ACH_void.html"): Browser is opened with url: 'https://dev-algorithm.govolution.com/vlinktest/demo2/version_2_0/ACH_void.html'

2023-02-28 18:49:38 - [MESSAGE][WARNING] - A browser is already opened. Closing browser and opening a new one

2023-02-28 18:49:39 - [MESSAGE][INFO] - Starting 'Chrome' driver

2023-02-28 18:49:39 - [MESSAGE][INFO] - User set preference: ['acceptInsecureCerts', 'true']

2023-02-28 18:49:39 - [MESSAGE][INFO] - Action delay is set to 0 milliseconds

2023-02-28 18:49:40 - [MESSAGE][PASSED] - Browser is opened with url: 'https://dev-algorithm.govolution.com/vlinktest/demo2/version_2_0/ACH_void.html'

2023-02-28 18:49:40 - [TEST_STEP][PASSED] - maximizeWindow(): Current window maximized

2023-02-28 18:49:41 - [MESSAGE][PASSED] - Current window maximized

2023-02-28 18:49:41 - [TEST_STEP][PASSED] - setText(findTestObject("Object Repository/RecAndPlayBk/Page-Vlink-ACH-Void/input_Remittance Id"), VLinkSaleRemID): Text 'lOuedvu8pdAH' is set on object 'Object Repository/RecAndPlayBk/Page-Vlink-ACH-Void/input_Remittance Id'

2023-02-28 18:49:41 - [MESSAGE][PASSED] - Text 'lOuedvu8pdAH' is set on object 'Object Repository/RecAndPlayBk/Page-Vlink-ACH-Void/input_Remittance Id'

2023-02-28 18:49:41 - [TEST_STEP][PASSED] - setText(findTestObject("Object Repository/RecAndPlayBk/Page-Vlink-ACH-Void/input_Application Id"), appID): Text '1773' is set on object 'Object Repository/RecAndPlayBk/Page-Vlink-ACH-Void/input_Application Id'

2023-02-28 18:49:42 - [MESSAGE][PASSED] - Text '1773' is set on object 'Object Repository/RecAndPlayBk/Page-Vlink-ACH-Void/input_Application Id'

2023-02-28 18:49:42 - [TEST_STEP][PASSED] - setText(findTestObject("Object Repository/RecAndPlayBk/Page-Vlink-ACH-Void/input_Username"), username): Text 'Qq2BV1qtr' is set on object 'Object Repository/RecAndPlayBk/Page-Vlink-ACH-Void/input_Username'

2023-02-28 18:49:43 - [MESSAGE][PASSED] - Text 'Qq2BV1qtr' is set on object 'Object Repository/RecAndPlayBk/Page-Vlink-ACH-Void/input_Username'

2023-02-28 18:49:43 - [TEST_STEP][PASSED] - setText(findTestObject("Object Repository/RecAndPlayBk/Page-Vlink-ACH-Void/input_Password"), password): Text 'tUmWBiLUx' is set on object 'Object Repository/RecAndPlayBk/Page-Vlink-ACH-Void/input_Password'

2023-02-28 18:49:43 - [MESSAGE][PASSED] - Text 'tUmWBiLUx' is set on object 'Object Repository/RecAndPlayBk/Page-Vlink-ACH-Void/input_Password'

2023-02-28 18:49:43 - [TEST_STEP][PASSED] - setText(findTestObject("Object Repository/RecAndPlayBk/Page-Vlink-ACH-Void/input_Check Type"), checkType): Text 'C' is set on object 'Object Repository/RecAndPlayBk/Page-Vlink-ACH-Void/input_Check Type'

2023-02-28 18:49:44 - [MESSAGE][PASSED] - Text 'C' is set on object 'Object Repository/RecAndPlayBk/Page-Vlink-ACH-Void/input_Check Type'

2023-02-28 18:49:44 - [TEST_STEP][PASSED] - setText(findTestObject("Object Repository/RecAndPlayBk/Page-Vlink-ACH-Void/input_Standard Entry Class"), sec): Text 'CCD' is set on object 'Object Repository/RecAndPlayBk/Page-Vlink-ACH-Void/input_Standard Entry Class'

2023-02-28 18:49:44 - [MESSAGE][PASSED] - Text 'CCD' is set on object 'Object Repository/RecAndPlayBk/Page-Vlink-ACH-Void/input_Standard Entry Class'

2023-02-28 18:49:44 - [TEST_STEP][PASSED] - setText(findTestObject("Object Repository/RecAndPlayBk/Page-Vlink-ACH-Void/input_Transaction ID"), VLinkSaleTranxID): Text '2920859' is set on object 'Object Repository/RecAndPlayBk/Page-Vlink-ACH-Void/input_Transaction ID'

2023-02-28 18:49:45 - [MESSAGE][PASSED] - Text '2920859' is set on object 'Object Repository/RecAndPlayBk/Page-Vlink-ACH-Void/input_Transaction ID'

2023-02-28 18:49:45 - [TEST_STEP][PASSED] - setText(findTestObject("Object Repository/RecAndPlayBk/Page-Vlink-ACH-Void/input_Original Transaction Type"), "201"): Text '201' is set on object 'Object Repository/RecAndPlayBk/Page-Vlink-ACH-Void/input_Original Transaction Type'

2023-02-28 18:49:46 - [MESSAGE][PASSED] - Text '201' is set on object 'Object Repository/RecAndPlayBk/Page-Vlink-ACH-Void/input_Original Transaction Type'

2023-02-28 18:49:46 - [TEST_STEP][PASSED] - click(findTestObject("Object Repository/RecAndPlayBk/Page-Vlink-ACH-Void/input")): Object: 'Object Repository/RecAndPlayBk/Page-Vlink-ACH-Void/input' is clicked on

2023-02-28 18:49:47 - [MESSAGE][PASSED] - Object: 'Object Repository/RecAndPlayBk/Page-Vlink-ACH-Void/input' is clicked on

2023-02-28 18:49:47 - [TEST_STEP][PASSED] - if (verifyTextPresent("Transaction approved, no errors", true)): null

2023-02-28 18:49:47 - [MESSAGE][PASSED] - Text 'Transaction approved, no errors' is present on page  using regular expression

2023-02-28 18:49:47 - [TEST_STEP][PASSED] - println("Transaction Approved, no errors text is present on the Confirmation page"): null

2023-02-28 18:49:47 - [TEST_STEP][PASSED] - out.println("Pass Record Number: " + row): null

2023-02-28 18:49:47 - [TEST_STEP][PASSED] - resText = "Pass": null

2023-02-28 18:49:47 - [TEST_STEP][PASSED] - pages.WriteExcel.demoKey(resText, datText, resColumn, datCloumn, fileLoc, nameSheet, row): pages.WriteExcel.demoKey is PASSED

2023-02-28 18:49:47 - [MESSAGE][PASSED] - pages.WriteExcel.demoKey is PASSED]]></system-out>
         <system-err><![CDATA[]]></system-err>
      </testcase>
      <testcase name="Test Cases/RecAndPlayBk/VLink/Debit-Credit-RemID-Pipe" time="174.626" classname="Test Cases/RecAndPlayBk/VLink/Debit-Credit-RemID-Pipe" status="PASSED">
         <system-out><![CDATA[2023-02-28 18:49:47 - [TEST_CASE][PASSED] - Test Cases/RecAndPlayBk/VLink/Debit-Credit-RemID-Pipe: Test Cases/RecAndPlayBk/VLink/Debit-Credit-RemID-Pipe

2023-02-28 18:49:47 - [TEST_STEP][PASSED] - executionProfile = getExecutionProfile(): null

2023-02-28 18:49:47 - [TEST_STEP][PASSED] - out.println("executionProfile : " + executionProfile): null

2023-02-28 18:49:47 - [TEST_STEP][PASSED] - resText = "Fail": null

2023-02-28 18:49:47 - [TEST_STEP][PASSED] - resColumn = "Result": null

2023-02-28 18:49:47 - [TEST_STEP][PASSED] - datCloumn = "Date": null

2023-02-28 18:49:47 - [TEST_STEP][PASSED] - fileLoc = "KatalonData/VLinkSmokeDataACH.xlsx": null

2023-02-28 18:49:47 - [TEST_STEP][PASSED] - numOfRows = <not implemented yet for class: org.codehaus.groovy.ast.expr.EmptyExpression>: null

2023-02-28 18:49:47 - [TEST_STEP][PASSED] - dataFile = <not implemented yet for class: org.codehaus.groovy.ast.expr.EmptyExpression>: null

2023-02-28 18:49:47 - [TEST_STEP][PASSED] - nameSheet = <not implemented yet for class: org.codehaus.groovy.ast.expr.EmptyExpression>: null

2023-02-28 18:49:47 - [TEST_STEP][PASSED] - nameSheet = "DebitCredit-RemID-Pipe": null

2023-02-28 18:49:47 - [TEST_STEP][PASSED] - numOfRows = findTestData("QA/VLinkTestData/VLinkDebitCreditRemIDPipeData").getRowNumbers(): null

2023-02-28 18:49:47 - [TEST_STEP][PASSED] - println("Number of Records: " + numOfRows): null

2023-02-28 18:49:47 - [TEST_STEP][PASSED] - dataFile = "QA/VLinkTestData/VLinkDebitCreditRemIDPipeData": null

2023-02-28 18:49:47 - [TEST_STEP][PASSED] - for ([row = 1, row <= numOfRows, (row++)]): null

2023-02-28 18:49:47 - [TEST_STEP][PASSED] - ExecuteTC = findTestData(dataFile).getValue("Execute", row): null

2023-02-28 18:49:48 - [TEST_STEP][PASSED] - out.println("Value of Execute is : " + ExecuteTC): null

2023-02-28 18:49:48 - [TEST_STEP][PASSED] - switch (executionProfile): null

2023-02-28 18:49:48 - [TEST_STEP][PASSED] - case "Demo2Profile":: null

2023-02-28 18:49:48 - [TEST_STEP][PASSED] - appID = findTestData(dataFile).getValue("AppIDDemo", row): null

2023-02-28 18:49:48 - [TEST_STEP][PASSED] - username = findTestData(dataFile).getValue("UsernameDemo", row): null

2023-02-28 18:49:48 - [TEST_STEP][PASSED] - password = findTestData(dataFile).getValue("PasswordDemo", row): null

2023-02-28 18:49:48 - [TEST_STEP][PASSED] - break: null

2023-02-28 18:49:48 - [TEST_STEP][PASSED] - if (ExecuteTC.equalsIgnoreCase("Y")): null

2023-02-28 18:49:48 - [TEST_STEP][PASSED] - out.println("Begin Record Number: " + row): null

2023-02-28 18:49:48 - [TEST_STEP][PASSED] - today = new java.util.Date(): null

2023-02-28 18:49:48 - [TEST_STEP][PASSED] - println(today): null

2023-02-28 18:49:48 - [TEST_STEP][PASSED] - datText = today: null

2023-02-28 18:49:48 - [TEST_STEP][PASSED] - checkType = findTestData(dataFile).getValue("CheckType", row): null

2023-02-28 18:49:48 - [TEST_STEP][PASSED] - acNumber = findTestData(dataFile).getValue("AcNumber", row): null

2023-02-28 18:49:48 - [TEST_STEP][PASSED] - company = findTestData(dataFile).getValue("Company", row): null

2023-02-28 18:49:48 - [TEST_STEP][PASSED] - acType = findTestData(dataFile).getValue("AcType", row): null

2023-02-28 18:49:48 - [TEST_STEP][PASSED] - rtn = findTestData(dataFile).getValue("RTN", row): null

2023-02-28 18:49:48 - [TEST_STEP][PASSED] - amount = findTestData(dataFile).getValue("Amount", row): null

2023-02-28 18:49:48 - [TEST_STEP][PASSED] - sec = findTestData(dataFile).getValue("SEC", row): null

2023-02-28 18:49:48 - [TEST_STEP][PASSED] - openBrowser(VLinkURL + "debit.html"): Browser is opened with url: 'https://dev-algorithm.govolution.com/vlinktest/demo2/version_2_0/debit.html'

2023-02-28 18:49:48 - [MESSAGE][WARNING] - A browser is already opened. Closing browser and opening a new one

2023-02-28 18:49:49 - [MESSAGE][INFO] - Starting 'Chrome' driver

2023-02-28 18:49:49 - [MESSAGE][INFO] - User set preference: ['acceptInsecureCerts', 'true']

2023-02-28 18:49:49 - [MESSAGE][INFO] - Action delay is set to 0 milliseconds

2023-02-28 18:49:51 - [MESSAGE][PASSED] - Browser is opened with url: 'https://dev-algorithm.govolution.com/vlinktest/demo2/version_2_0/debit.html'

2023-02-28 18:49:51 - [TEST_STEP][PASSED] - maximizeWindow(): Current window maximized

2023-02-28 18:49:51 - [MESSAGE][PASSED] - Current window maximized

2023-02-28 18:49:51 - [TEST_STEP][PASSED] - genRemID1 = random() * 99999).toInteger(): null

2023-02-28 18:49:51 - [TEST_STEP][PASSED] - genRemID2 = random() * 99999).toInteger(): null

2023-02-28 18:49:51 - [TEST_STEP][PASSED] - genRemID3 = random() * 99999).toInteger(): null

2023-02-28 18:49:51 - [TEST_STEP][PASSED] - println(genRemID1): null

2023-02-28 18:49:51 - [TEST_STEP][PASSED] - println(genRemID2): null

2023-02-28 18:49:51 - [TEST_STEP][PASSED] - println(genRemID3): null

2023-02-28 18:49:51 - [TEST_STEP][PASSED] - genRemID = genRemID1 + "|" + genRemID2 + "|" + genRemID3: null

2023-02-28 18:49:51 - [TEST_STEP][PASSED] - println(genRemID): null

2023-02-28 18:49:51 - [TEST_STEP][PASSED] - setText(findTestObject("RecAndPlayBk/Page-Vlink-Debit/input_Remittance Id"), genRemID): Text '71308|6861|81856' is set on object 'Object Repository/RecAndPlayBk/Page-Vlink-Debit/input_Remittance Id'

2023-02-28 18:49:52 - [MESSAGE][PASSED] - Text '71308|6861|81856' is set on object 'Object Repository/RecAndPlayBk/Page-Vlink-Debit/input_Remittance Id'

2023-02-28 18:49:52 - [TEST_STEP][PASSED] - setText(findTestObject("RecAndPlayBk/Page-Vlink-Debit/input_Application Id"), appID): Text '1773' is set on object 'Object Repository/RecAndPlayBk/Page-Vlink-Debit/input_Application Id'

2023-02-28 18:49:53 - [MESSAGE][PASSED] - Text '1773' is set on object 'Object Repository/RecAndPlayBk/Page-Vlink-Debit/input_Application Id'

2023-02-28 18:49:53 - [TEST_STEP][PASSED] - setText(findTestObject("RecAndPlayBk/Page-Vlink-Debit/input_Username"), username): Text 'Qq2BV1qtr' is set on object 'Object Repository/RecAndPlayBk/Page-Vlink-Debit/input_Username'

2023-02-28 18:49:53 - [MESSAGE][PASSED] - Text 'Qq2BV1qtr' is set on object 'Object Repository/RecAndPlayBk/Page-Vlink-Debit/input_Username'

2023-02-28 18:49:53 - [TEST_STEP][PASSED] - setText(findTestObject("RecAndPlayBk/Page-Vlink-Debit/input_Password"), password): Text 'tUmWBiLUx' is set on object 'Object Repository/RecAndPlayBk/Page-Vlink-Debit/input_Password'

2023-02-28 18:49:54 - [MESSAGE][PASSED] - Text 'tUmWBiLUx' is set on object 'Object Repository/RecAndPlayBk/Page-Vlink-Debit/input_Password'

2023-02-28 18:49:54 - [TEST_STEP][PASSED] - setText(findTestObject("RecAndPlayBk/Page-Vlink-Debit/input_Check Type"), checkType): Text 'P' is set on object 'Object Repository/RecAndPlayBk/Page-Vlink-Debit/input_Check Type'

2023-02-28 18:49:54 - [MESSAGE][PASSED] - Text 'P' is set on object 'Object Repository/RecAndPlayBk/Page-Vlink-Debit/input_Check Type'

2023-02-28 18:49:54 - [TEST_STEP][PASSED] - setText(findTestObject("RecAndPlayBk/Page-Vlink-Debit/input_Account_check"), acNumber): Text '58963214' is set on object 'Object Repository/RecAndPlayBk/Page-Vlink-Debit/input_Account_check'

2023-02-28 18:49:55 - [MESSAGE][PASSED] - Text '58963214' is set on object 'Object Repository/RecAndPlayBk/Page-Vlink-Debit/input_Account_check'

2023-02-28 18:49:55 - [TEST_STEP][PASSED] - setText(findTestObject("RecAndPlayBk/Page-Vlink-Debit/input_Company_check"), company): Text '' is set on object 'Object Repository/RecAndPlayBk/Page-Vlink-Debit/input_Company_check'

2023-02-28 18:49:56 - [MESSAGE][PASSED] - Text '' is set on object 'Object Repository/RecAndPlayBk/Page-Vlink-Debit/input_Company_check'

2023-02-28 18:49:56 - [TEST_STEP][PASSED] - setText(findTestObject("RecAndPlayBk/Page-Vlink-Debit/input_Account Type"), acType): Text '1' is set on object 'Object Repository/RecAndPlayBk/Page-Vlink-Debit/input_Account Type'

2023-02-28 18:49:56 - [MESSAGE][PASSED] - Text '1' is set on object 'Object Repository/RecAndPlayBk/Page-Vlink-Debit/input_Account Type'

2023-02-28 18:49:56 - [TEST_STEP][PASSED] - setText(findTestObject("RecAndPlayBk/Page-Vlink-Debit/input_Routing Number"), rtn): Text '256072691' is set on object 'Object Repository/RecAndPlayBk/Page-Vlink-Debit/input_Routing Number'

2023-02-28 18:49:57 - [MESSAGE][PASSED] - Text '256072691' is set on object 'Object Repository/RecAndPlayBk/Page-Vlink-Debit/input_Routing Number'

2023-02-28 18:49:57 - [TEST_STEP][PASSED] - setText(findTestObject("RecAndPlayBk/Page-Vlink-Debit/input_Amount"), amount): Text '12.50' is set on object 'Object Repository/RecAndPlayBk/Page-Vlink-Debit/input_Amount'

2023-02-28 18:49:58 - [MESSAGE][PASSED] - Text '12.50' is set on object 'Object Repository/RecAndPlayBk/Page-Vlink-Debit/input_Amount'

2023-02-28 18:49:58 - [TEST_STEP][PASSED] - setText(findTestObject("RecAndPlayBk/Page-Vlink-Debit/input_Check Email"), ""): Text '' is set on object 'Object Repository/RecAndPlayBk/Page-Vlink-Debit/input_Check Email'

2023-02-28 18:49:58 - [MESSAGE][PASSED] - Text '' is set on object 'Object Repository/RecAndPlayBk/Page-Vlink-Debit/input_Check Email'

2023-02-28 18:49:58 - [TEST_STEP][PASSED] - setText(findTestObject("Object Repository/RecAndPlayBk/Page-Vlink-Debit/input_concat(CheckWriter, , s SSN)_check_ssn"), ""): Text '' is set on object 'Object Repository/RecAndPlayBk/Page-Vlink-Debit/input_concat(CheckWriter, , s SSN)_check_ssn'

2023-02-28 18:49:59 - [MESSAGE][PASSED] - Text '' is set on object 'Object Repository/RecAndPlayBk/Page-Vlink-Debit/input_concat(CheckWriter, , s SSN)_check_ssn'

2023-02-28 18:49:59 - [TEST_STEP][PASSED] - setText(findTestObject("Object Repository/RecAndPlayBk/Page-Vlink-Debit/input_concat(CheckWriter, , s License Numbe_020fef"), ""): Text '' is set on object 'Object Repository/RecAndPlayBk/Page-Vlink-Debit/input_concat(CheckWriter, , s License Numbe_020fef'

2023-02-28 18:49:59 - [MESSAGE][PASSED] - Text '' is set on object 'Object Repository/RecAndPlayBk/Page-Vlink-Debit/input_concat(CheckWriter, , s License Numbe_020fef'

2023-02-28 18:49:59 - [TEST_STEP][PASSED] - setText(findTestObject("Object Repository/RecAndPlayBk/Page-Vlink-Debit/input_concat(CheckWriter, , s License State_21e3e7"), ""): Text '' is set on object 'Object Repository/RecAndPlayBk/Page-Vlink-Debit/input_concat(CheckWriter, , s License State_21e3e7'

2023-02-28 18:50:00 - [MESSAGE][PASSED] - Text '' is set on object 'Object Repository/RecAndPlayBk/Page-Vlink-Debit/input_concat(CheckWriter, , s License State_21e3e7'

2023-02-28 18:50:00 - [TEST_STEP][PASSED] - setText(findTestObject("RecAndPlayBk/Page-Vlink-Debit/input_Standard Entry Class"), sec): Text 'WEB' is set on object 'Object Repository/RecAndPlayBk/Page-Vlink-Debit/input_Standard Entry Class'

2023-02-28 18:50:01 - [MESSAGE][PASSED] - Text 'WEB' is set on object 'Object Repository/RecAndPlayBk/Page-Vlink-Debit/input_Standard Entry Class'

2023-02-28 18:50:01 - [TEST_STEP][PASSED] - click(findTestObject("Object Repository/RecAndPlayBk/Page-Vlink-Debit/input")): Object: 'Object Repository/RecAndPlayBk/Page-Vlink-Debit/input' is clicked on

2023-02-28 18:50:01 - [MESSAGE][PASSED] - Object: 'Object Repository/RecAndPlayBk/Page-Vlink-Debit/input' is clicked on

2023-02-28 18:50:01 - [TEST_STEP][PASSED] - if (verifyTextPresent("Transaction approved, no errors", true)): null

2023-02-28 18:50:02 - [MESSAGE][PASSED] - Text 'Transaction approved, no errors' is present on page  using regular expression

2023-02-28 18:50:02 - [TEST_STEP][PASSED] - println("Transaction Approved, no errors text is present on the Confirmation page"): null

2023-02-28 18:50:02 - [TEST_STEP][PASSED] - sdfo = getText(findTestObject("Object Repository/Page_VLinkReceipt/pre_STX")): Text of object 'Object Repository/Page_VLinkReceipt/pre_STX' is: '<STX>71308|6861|81856              2920861             0  Transaction approved, no errors                   0                                                                                                              <ETX>'

2023-02-28 18:50:02 - [MESSAGE][PASSED] - Text of object 'Object Repository/Page_VLinkReceipt/pre_STX' is: '<STX>71308|6861|81856              2920861             0  Transaction approved, no errors                   0                                                                                                              <ETX>'

2023-02-28 18:50:02 - [TEST_STEP][PASSED] - out.println("sdfo: " + sdfo): null

2023-02-28 18:50:02 - [TEST_STEP][PASSED] - remID = substring(5, 35).trim(): null

2023-02-28 18:50:02 - [TEST_STEP][PASSED] - out.println("remID: " + remID): null

2023-02-28 18:50:02 - [TEST_STEP][PASSED] - traxID = substring(35, 55).trim(): null

2023-02-28 18:50:02 - [TEST_STEP][PASSED] - out.println("traxID: " + traxID): null

2023-02-28 18:50:02 - [TEST_STEP][PASSED] - VLinkSaleRemID = remID: null

2023-02-28 18:50:02 - [TEST_STEP][PASSED] - VLinkSaleTranxID = traxID: null

2023-02-28 18:50:02 - [TEST_STEP][PASSED] - openBrowser(VLinkURL + "ACH_credit.html"): Browser is opened with url: 'https://dev-algorithm.govolution.com/vlinktest/demo2/version_2_0/ACH_credit.html'

2023-02-28 18:50:02 - [MESSAGE][WARNING] - A browser is already opened. Closing browser and opening a new one

2023-02-28 18:50:03 - [MESSAGE][INFO] - Starting 'Chrome' driver

2023-02-28 18:50:03 - [MESSAGE][INFO] - User set preference: ['acceptInsecureCerts', 'true']

2023-02-28 18:50:03 - [MESSAGE][INFO] - Action delay is set to 0 milliseconds

2023-02-28 18:50:05 - [MESSAGE][PASSED] - Browser is opened with url: 'https://dev-algorithm.govolution.com/vlinktest/demo2/version_2_0/ACH_credit.html'

2023-02-28 18:50:05 - [TEST_STEP][PASSED] - maximizeWindow(): Current window maximized

2023-02-28 18:50:05 - [MESSAGE][PASSED] - Current window maximized

2023-02-28 18:50:05 - [TEST_STEP][PASSED] - setText(findTestObject("Object Repository/RecAndPlayBk/Page-Vlink-ACH-Credit/input_Remittance Id"), VLinkSaleRemID): Text '71308|6861|81856' is set on object 'Object Repository/RecAndPlayBk/Page-Vlink-ACH-Credit/input_Remittance Id'

2023-02-28 18:50:06 - [MESSAGE][PASSED] - Text '71308|6861|81856' is set on object 'Object Repository/RecAndPlayBk/Page-Vlink-ACH-Credit/input_Remittance Id'

2023-02-28 18:50:06 - [TEST_STEP][PASSED] - setText(findTestObject("Object Repository/RecAndPlayBk/Page-Vlink-ACH-Credit/input_Application Id"), appID): Text '1773' is set on object 'Object Repository/RecAndPlayBk/Page-Vlink-ACH-Credit/input_Application Id'

2023-02-28 18:50:06 - [MESSAGE][PASSED] - Text '1773' is set on object 'Object Repository/RecAndPlayBk/Page-Vlink-ACH-Credit/input_Application Id'

2023-02-28 18:50:06 - [TEST_STEP][PASSED] - setText(findTestObject("Object Repository/RecAndPlayBk/Page-Vlink-ACH-Credit/input_Username"), username): Text 'Qq2BV1qtr' is set on object 'Object Repository/RecAndPlayBk/Page-Vlink-ACH-Credit/input_Username'

2023-02-28 18:50:07 - [MESSAGE][PASSED] - Text 'Qq2BV1qtr' is set on object 'Object Repository/RecAndPlayBk/Page-Vlink-ACH-Credit/input_Username'

2023-02-28 18:50:07 - [TEST_STEP][PASSED] - setText(findTestObject("Object Repository/RecAndPlayBk/Page-Vlink-ACH-Credit/input_Password"), password): Text 'tUmWBiLUx' is set on object 'Object Repository/RecAndPlayBk/Page-Vlink-ACH-Credit/input_Password'

2023-02-28 18:50:08 - [MESSAGE][PASSED] - Text 'tUmWBiLUx' is set on object 'Object Repository/RecAndPlayBk/Page-Vlink-ACH-Credit/input_Password'

2023-02-28 18:50:08 - [TEST_STEP][PASSED] - setText(findTestObject("Object Repository/RecAndPlayBk/Page-Vlink-ACH-Credit/input_Check Type"), checkType): Text 'P' is set on object 'Object Repository/RecAndPlayBk/Page-Vlink-ACH-Credit/input_Check Type'

2023-02-28 18:50:08 - [MESSAGE][PASSED] - Text 'P' is set on object 'Object Repository/RecAndPlayBk/Page-Vlink-ACH-Credit/input_Check Type'

2023-02-28 18:50:08 - [TEST_STEP][PASSED] - setText(findTestObject("Object Repository/RecAndPlayBk/Page-Vlink-ACH-Credit/input_Transaction ID"), VLinkSaleTranxID): Text '2920861' is set on object 'Object Repository/RecAndPlayBk/Page-Vlink-ACH-Credit/input_Transaction ID'

2023-02-28 18:50:09 - [MESSAGE][PASSED] - Text '2920861' is set on object 'Object Repository/RecAndPlayBk/Page-Vlink-ACH-Credit/input_Transaction ID'

2023-02-28 18:50:09 - [TEST_STEP][PASSED] - setText(findTestObject("Object Repository/RecAndPlayBk/Page-Vlink-ACH-Credit/input_Amount"), amount): Text '12.50' is set on object 'Object Repository/RecAndPlayBk/Page-Vlink-ACH-Credit/input_Amount'

2023-02-28 18:50:09 - [MESSAGE][PASSED] - Text '12.50' is set on object 'Object Repository/RecAndPlayBk/Page-Vlink-ACH-Credit/input_Amount'

2023-02-28 18:50:09 - [TEST_STEP][PASSED] - setText(findTestObject("Object Repository/RecAndPlayBk/Page-Vlink-ACH-Credit/input_Standard Entry Class"), sec): Text 'WEB' is set on object 'Object Repository/RecAndPlayBk/Page-Vlink-ACH-Credit/input_Standard Entry Class'

2023-02-28 18:50:10 - [MESSAGE][PASSED] - Text 'WEB' is set on object 'Object Repository/RecAndPlayBk/Page-Vlink-ACH-Credit/input_Standard Entry Class'

2023-02-28 18:50:10 - [TEST_STEP][PASSED] - setText(findTestObject("Object Repository/RecAndPlayBk/Page-Vlink-ACH-Credit/input_Account Number"), acNumber): Text '58963214' is set on object 'Object Repository/RecAndPlayBk/Page-Vlink-ACH-Credit/input_Account Number'

2023-02-28 18:50:11 - [MESSAGE][PASSED] - Text '58963214' is set on object 'Object Repository/RecAndPlayBk/Page-Vlink-ACH-Credit/input_Account Number'

2023-02-28 18:50:11 - [TEST_STEP][PASSED] - setText(findTestObject("Object Repository/RecAndPlayBk/Page-Vlink-ACH-Credit/input_Routing Number"), rtn): Text '256072691' is set on object 'Object Repository/RecAndPlayBk/Page-Vlink-ACH-Credit/input_Routing Number'

2023-02-28 18:50:11 - [MESSAGE][PASSED] - Text '256072691' is set on object 'Object Repository/RecAndPlayBk/Page-Vlink-ACH-Credit/input_Routing Number'

2023-02-28 18:50:11 - [TEST_STEP][PASSED] - click(findTestObject("Object Repository/RecAndPlayBk/Page-Vlink-ACH-Credit/input")): Object: 'Object Repository/RecAndPlayBk/Page-Vlink-ACH-Credit/input' is clicked on

2023-02-28 18:50:12 - [MESSAGE][PASSED] - Object: 'Object Repository/RecAndPlayBk/Page-Vlink-ACH-Credit/input' is clicked on

2023-02-28 18:50:12 - [TEST_STEP][PASSED] - if (verifyTextPresent("Transaction approved, no errors", true)): null

2023-02-28 18:50:12 - [MESSAGE][PASSED] - Text 'Transaction approved, no errors' is present on page  using regular expression

2023-02-28 18:50:12 - [TEST_STEP][PASSED] - println("Transaction Approved, no errors text is present on the Confirmation page"): null

2023-02-28 18:50:12 - [TEST_STEP][PASSED] - out.println("Pass Record Number: " + row): null

2023-02-28 18:50:12 - [TEST_STEP][PASSED] - resText = "Pass": null

2023-02-28 18:50:12 - [TEST_STEP][PASSED] - pages.WriteExcel.demoKey(resText, datText, resColumn, datCloumn, fileLoc, nameSheet, row): pages.WriteExcel.demoKey is PASSED

2023-02-28 18:50:12 - [MESSAGE][PASSED] - pages.WriteExcel.demoKey is PASSED

2023-02-28 18:50:12 - [TEST_STEP][PASSED] - ExecuteTC = findTestData(dataFile).getValue("Execute", row): null

2023-02-28 18:50:12 - [TEST_STEP][PASSED] - out.println("Value of Execute is : " + ExecuteTC): null

2023-02-28 18:50:12 - [TEST_STEP][PASSED] - switch (executionProfile): null

2023-02-28 18:50:12 - [TEST_STEP][PASSED] - case "Demo2Profile":: null

2023-02-28 18:50:12 - [TEST_STEP][PASSED] - appID = findTestData(dataFile).getValue("AppIDDemo", row): null

2023-02-28 18:50:12 - [TEST_STEP][PASSED] - username = findTestData(dataFile).getValue("UsernameDemo", row): null

2023-02-28 18:50:12 - [TEST_STEP][PASSED] - password = findTestData(dataFile).getValue("PasswordDemo", row): null

2023-02-28 18:50:13 - [TEST_STEP][PASSED] - break: null

2023-02-28 18:50:13 - [TEST_STEP][PASSED] - if (ExecuteTC.equalsIgnoreCase("Y")): null

2023-02-28 18:50:13 - [TEST_STEP][PASSED] - out.println("Begin Record Number: " + row): null

2023-02-28 18:50:13 - [TEST_STEP][PASSED] - today = new java.util.Date(): null

2023-02-28 18:50:13 - [TEST_STEP][PASSED] - println(today): null

2023-02-28 18:50:13 - [TEST_STEP][PASSED] - datText = today: null

2023-02-28 18:50:13 - [TEST_STEP][PASSED] - checkType = findTestData(dataFile).getValue("CheckType", row): null

2023-02-28 18:50:13 - [TEST_STEP][PASSED] - acNumber = findTestData(dataFile).getValue("AcNumber", row): null

2023-02-28 18:50:13 - [TEST_STEP][PASSED] - company = findTestData(dataFile).getValue("Company", row): null

2023-02-28 18:50:13 - [TEST_STEP][PASSED] - acType = findTestData(dataFile).getValue("AcType", row): null

2023-02-28 18:50:13 - [TEST_STEP][PASSED] - rtn = findTestData(dataFile).getValue("RTN", row): null

2023-02-28 18:50:13 - [TEST_STEP][PASSED] - amount = findTestData(dataFile).getValue("Amount", row): null

2023-02-28 18:50:13 - [TEST_STEP][PASSED] - sec = findTestData(dataFile).getValue("SEC", row): null

2023-02-28 18:50:13 - [TEST_STEP][PASSED] - openBrowser(VLinkURL + "debit.html"): Browser is opened with url: 'https://dev-algorithm.govolution.com/vlinktest/demo2/version_2_0/debit.html'

2023-02-28 18:50:13 - [MESSAGE][WARNING] - A browser is already opened. Closing browser and opening a new one

2023-02-28 18:50:14 - [MESSAGE][INFO] - Starting 'Chrome' driver

2023-02-28 18:50:14 - [MESSAGE][INFO] - User set preference: ['acceptInsecureCerts', 'true']

2023-02-28 18:50:14 - [MESSAGE][INFO] - Action delay is set to 0 milliseconds

2023-02-28 18:50:16 - [MESSAGE][PASSED] - Browser is opened with url: 'https://dev-algorithm.govolution.com/vlinktest/demo2/version_2_0/debit.html'

2023-02-28 18:50:16 - [TEST_STEP][PASSED] - maximizeWindow(): Current window maximized

2023-02-28 18:50:16 - [MESSAGE][PASSED] - Current window maximized

2023-02-28 18:50:16 - [TEST_STEP][PASSED] - genRemID1 = random() * 99999).toInteger(): null

2023-02-28 18:50:16 - [TEST_STEP][PASSED] - genRemID2 = random() * 99999).toInteger(): null

2023-02-28 18:50:16 - [TEST_STEP][PASSED] - genRemID3 = random() * 99999).toInteger(): null

2023-02-28 18:50:16 - [TEST_STEP][PASSED] - println(genRemID1): null

2023-02-28 18:50:16 - [TEST_STEP][PASSED] - println(genRemID2): null

2023-02-28 18:50:16 - [TEST_STEP][PASSED] - println(genRemID3): null

2023-02-28 18:50:16 - [TEST_STEP][PASSED] - genRemID = genRemID1 + "|" + genRemID2 + "|" + genRemID3: null

2023-02-28 18:50:16 - [TEST_STEP][PASSED] - println(genRemID): null

2023-02-28 18:50:16 - [TEST_STEP][PASSED] - setText(findTestObject("RecAndPlayBk/Page-Vlink-Debit/input_Remittance Id"), genRemID): Text '1199|24289|9387' is set on object 'Object Repository/RecAndPlayBk/Page-Vlink-Debit/input_Remittance Id'

2023-02-28 18:50:17 - [MESSAGE][PASSED] - Text '1199|24289|9387' is set on object 'Object Repository/RecAndPlayBk/Page-Vlink-Debit/input_Remittance Id'

2023-02-28 18:50:17 - [TEST_STEP][PASSED] - setText(findTestObject("RecAndPlayBk/Page-Vlink-Debit/input_Application Id"), appID): Text '1773' is set on object 'Object Repository/RecAndPlayBk/Page-Vlink-Debit/input_Application Id'

2023-02-28 18:50:17 - [MESSAGE][PASSED] - Text '1773' is set on object 'Object Repository/RecAndPlayBk/Page-Vlink-Debit/input_Application Id'

2023-02-28 18:50:17 - [TEST_STEP][PASSED] - setText(findTestObject("RecAndPlayBk/Page-Vlink-Debit/input_Username"), username): Text 'Qq2BV1qtr' is set on object 'Object Repository/RecAndPlayBk/Page-Vlink-Debit/input_Username'

2023-02-28 18:50:18 - [MESSAGE][PASSED] - Text 'Qq2BV1qtr' is set on object 'Object Repository/RecAndPlayBk/Page-Vlink-Debit/input_Username'

2023-02-28 18:50:18 - [TEST_STEP][PASSED] - setText(findTestObject("RecAndPlayBk/Page-Vlink-Debit/input_Password"), password): Text 'tUmWBiLUx' is set on object 'Object Repository/RecAndPlayBk/Page-Vlink-Debit/input_Password'

2023-02-28 18:50:18 - [MESSAGE][PASSED] - Text 'tUmWBiLUx' is set on object 'Object Repository/RecAndPlayBk/Page-Vlink-Debit/input_Password'

2023-02-28 18:50:18 - [TEST_STEP][PASSED] - setText(findTestObject("RecAndPlayBk/Page-Vlink-Debit/input_Check Type"), checkType): Text 'P' is set on object 'Object Repository/RecAndPlayBk/Page-Vlink-Debit/input_Check Type'

2023-02-28 18:50:19 - [MESSAGE][PASSED] - Text 'P' is set on object 'Object Repository/RecAndPlayBk/Page-Vlink-Debit/input_Check Type'

2023-02-28 18:50:19 - [TEST_STEP][PASSED] - setText(findTestObject("RecAndPlayBk/Page-Vlink-Debit/input_Account_check"), acNumber): Text '58963214' is set on object 'Object Repository/RecAndPlayBk/Page-Vlink-Debit/input_Account_check'

2023-02-28 18:50:20 - [MESSAGE][PASSED] - Text '58963214' is set on object 'Object Repository/RecAndPlayBk/Page-Vlink-Debit/input_Account_check'

2023-02-28 18:50:20 - [TEST_STEP][PASSED] - setText(findTestObject("RecAndPlayBk/Page-Vlink-Debit/input_Company_check"), company): Text '' is set on object 'Object Repository/RecAndPlayBk/Page-Vlink-Debit/input_Company_check'

2023-02-28 18:50:20 - [MESSAGE][PASSED] - Text '' is set on object 'Object Repository/RecAndPlayBk/Page-Vlink-Debit/input_Company_check'

2023-02-28 18:50:20 - [TEST_STEP][PASSED] - setText(findTestObject("RecAndPlayBk/Page-Vlink-Debit/input_Account Type"), acType): Text '1' is set on object 'Object Repository/RecAndPlayBk/Page-Vlink-Debit/input_Account Type'

2023-02-28 18:50:21 - [MESSAGE][PASSED] - Text '1' is set on object 'Object Repository/RecAndPlayBk/Page-Vlink-Debit/input_Account Type'

2023-02-28 18:50:21 - [TEST_STEP][PASSED] - setText(findTestObject("RecAndPlayBk/Page-Vlink-Debit/input_Routing Number"), rtn): Text '256072691' is set on object 'Object Repository/RecAndPlayBk/Page-Vlink-Debit/input_Routing Number'

2023-02-28 18:50:22 - [MESSAGE][PASSED] - Text '256072691' is set on object 'Object Repository/RecAndPlayBk/Page-Vlink-Debit/input_Routing Number'

2023-02-28 18:50:22 - [TEST_STEP][PASSED] - setText(findTestObject("RecAndPlayBk/Page-Vlink-Debit/input_Amount"), amount): Text '12.50' is set on object 'Object Repository/RecAndPlayBk/Page-Vlink-Debit/input_Amount'

2023-02-28 18:50:22 - [MESSAGE][PASSED] - Text '12.50' is set on object 'Object Repository/RecAndPlayBk/Page-Vlink-Debit/input_Amount'

2023-02-28 18:50:22 - [TEST_STEP][PASSED] - setText(findTestObject("RecAndPlayBk/Page-Vlink-Debit/input_Check Email"), ""): Text '' is set on object 'Object Repository/RecAndPlayBk/Page-Vlink-Debit/input_Check Email'

2023-02-28 18:50:23 - [MESSAGE][PASSED] - Text '' is set on object 'Object Repository/RecAndPlayBk/Page-Vlink-Debit/input_Check Email'

2023-02-28 18:50:23 - [TEST_STEP][PASSED] - setText(findTestObject("Object Repository/RecAndPlayBk/Page-Vlink-Debit/input_concat(CheckWriter, , s SSN)_check_ssn"), ""): Text '' is set on object 'Object Repository/RecAndPlayBk/Page-Vlink-Debit/input_concat(CheckWriter, , s SSN)_check_ssn'

2023-02-28 18:50:23 - [MESSAGE][PASSED] - Text '' is set on object 'Object Repository/RecAndPlayBk/Page-Vlink-Debit/input_concat(CheckWriter, , s SSN)_check_ssn'

2023-02-28 18:50:23 - [TEST_STEP][PASSED] - setText(findTestObject("Object Repository/RecAndPlayBk/Page-Vlink-Debit/input_concat(CheckWriter, , s License Numbe_020fef"), ""): Text '' is set on object 'Object Repository/RecAndPlayBk/Page-Vlink-Debit/input_concat(CheckWriter, , s License Numbe_020fef'

2023-02-28 18:50:24 - [MESSAGE][PASSED] - Text '' is set on object 'Object Repository/RecAndPlayBk/Page-Vlink-Debit/input_concat(CheckWriter, , s License Numbe_020fef'

2023-02-28 18:50:24 - [TEST_STEP][PASSED] - setText(findTestObject("Object Repository/RecAndPlayBk/Page-Vlink-Debit/input_concat(CheckWriter, , s License State_21e3e7"), ""): Text '' is set on object 'Object Repository/RecAndPlayBk/Page-Vlink-Debit/input_concat(CheckWriter, , s License State_21e3e7'

2023-02-28 18:50:25 - [MESSAGE][PASSED] - Text '' is set on object 'Object Repository/RecAndPlayBk/Page-Vlink-Debit/input_concat(CheckWriter, , s License State_21e3e7'

2023-02-28 18:50:25 - [TEST_STEP][PASSED] - setText(findTestObject("RecAndPlayBk/Page-Vlink-Debit/input_Standard Entry Class"), sec): Text 'TEL' is set on object 'Object Repository/RecAndPlayBk/Page-Vlink-Debit/input_Standard Entry Class'

2023-02-28 18:50:25 - [MESSAGE][PASSED] - Text 'TEL' is set on object 'Object Repository/RecAndPlayBk/Page-Vlink-Debit/input_Standard Entry Class'

2023-02-28 18:50:25 - [TEST_STEP][PASSED] - click(findTestObject("Object Repository/RecAndPlayBk/Page-Vlink-Debit/input")): Object: 'Object Repository/RecAndPlayBk/Page-Vlink-Debit/input' is clicked on

2023-02-28 18:50:26 - [MESSAGE][PASSED] - Object: 'Object Repository/RecAndPlayBk/Page-Vlink-Debit/input' is clicked on

2023-02-28 18:50:26 - [TEST_STEP][PASSED] - if (verifyTextPresent("Transaction approved, no errors", true)): null

2023-02-28 18:50:27 - [MESSAGE][PASSED] - Text 'Transaction approved, no errors' is present on page  using regular expression

2023-02-28 18:50:27 - [TEST_STEP][PASSED] - println("Transaction Approved, no errors text is present on the Confirmation page"): null

2023-02-28 18:50:27 - [TEST_STEP][PASSED] - sdfo = getText(findTestObject("Object Repository/Page_VLinkReceipt/pre_STX")): Text of object 'Object Repository/Page_VLinkReceipt/pre_STX' is: '<STX>1199|24289|9387               2920863             0  Transaction approved, no errors                   0                                                                                                              <ETX>'

2023-02-28 18:50:27 - [MESSAGE][PASSED] - Text of object 'Object Repository/Page_VLinkReceipt/pre_STX' is: '<STX>1199|24289|9387               2920863             0  Transaction approved, no errors                   0                                                                                                              <ETX>'

2023-02-28 18:50:27 - [TEST_STEP][PASSED] - out.println("sdfo: " + sdfo): null

2023-02-28 18:50:27 - [TEST_STEP][PASSED] - remID = substring(5, 35).trim(): null

2023-02-28 18:50:27 - [TEST_STEP][PASSED] - out.println("remID: " + remID): null

2023-02-28 18:50:27 - [TEST_STEP][PASSED] - traxID = substring(35, 55).trim(): null

2023-02-28 18:50:27 - [TEST_STEP][PASSED] - out.println("traxID: " + traxID): null

2023-02-28 18:50:27 - [TEST_STEP][PASSED] - VLinkSaleRemID = remID: null

2023-02-28 18:50:27 - [TEST_STEP][PASSED] - VLinkSaleTranxID = traxID: null

2023-02-28 18:50:27 - [TEST_STEP][PASSED] - openBrowser(VLinkURL + "ACH_credit.html"): Browser is opened with url: 'https://dev-algorithm.govolution.com/vlinktest/demo2/version_2_0/ACH_credit.html'

2023-02-28 18:50:27 - [MESSAGE][WARNING] - A browser is already opened. Closing browser and opening a new one

2023-02-28 18:50:28 - [MESSAGE][INFO] - Starting 'Chrome' driver

2023-02-28 18:50:28 - [MESSAGE][INFO] - User set preference: ['acceptInsecureCerts', 'true']

2023-02-28 18:50:28 - [MESSAGE][INFO] - Action delay is set to 0 milliseconds

2023-02-28 18:50:30 - [MESSAGE][PASSED] - Browser is opened with url: 'https://dev-algorithm.govolution.com/vlinktest/demo2/version_2_0/ACH_credit.html'

2023-02-28 18:50:30 - [TEST_STEP][PASSED] - maximizeWindow(): Current window maximized

2023-02-28 18:50:30 - [MESSAGE][PASSED] - Current window maximized

2023-02-28 18:50:30 - [TEST_STEP][PASSED] - setText(findTestObject("Object Repository/RecAndPlayBk/Page-Vlink-ACH-Credit/input_Remittance Id"), VLinkSaleRemID): Text '1199|24289|9387' is set on object 'Object Repository/RecAndPlayBk/Page-Vlink-ACH-Credit/input_Remittance Id'

2023-02-28 18:50:31 - [MESSAGE][PASSED] - Text '1199|24289|9387' is set on object 'Object Repository/RecAndPlayBk/Page-Vlink-ACH-Credit/input_Remittance Id'

2023-02-28 18:50:31 - [TEST_STEP][PASSED] - setText(findTestObject("Object Repository/RecAndPlayBk/Page-Vlink-ACH-Credit/input_Application Id"), appID): Text '1773' is set on object 'Object Repository/RecAndPlayBk/Page-Vlink-ACH-Credit/input_Application Id'

2023-02-28 18:50:31 - [MESSAGE][PASSED] - Text '1773' is set on object 'Object Repository/RecAndPlayBk/Page-Vlink-ACH-Credit/input_Application Id'

2023-02-28 18:50:31 - [TEST_STEP][PASSED] - setText(findTestObject("Object Repository/RecAndPlayBk/Page-Vlink-ACH-Credit/input_Username"), username): Text 'Qq2BV1qtr' is set on object 'Object Repository/RecAndPlayBk/Page-Vlink-ACH-Credit/input_Username'

2023-02-28 18:50:32 - [MESSAGE][PASSED] - Text 'Qq2BV1qtr' is set on object 'Object Repository/RecAndPlayBk/Page-Vlink-ACH-Credit/input_Username'

2023-02-28 18:50:32 - [TEST_STEP][PASSED] - setText(findTestObject("Object Repository/RecAndPlayBk/Page-Vlink-ACH-Credit/input_Password"), password): Text 'tUmWBiLUx' is set on object 'Object Repository/RecAndPlayBk/Page-Vlink-ACH-Credit/input_Password'

2023-02-28 18:50:32 - [MESSAGE][PASSED] - Text 'tUmWBiLUx' is set on object 'Object Repository/RecAndPlayBk/Page-Vlink-ACH-Credit/input_Password'

2023-02-28 18:50:32 - [TEST_STEP][PASSED] - setText(findTestObject("Object Repository/RecAndPlayBk/Page-Vlink-ACH-Credit/input_Check Type"), checkType): Text 'P' is set on object 'Object Repository/RecAndPlayBk/Page-Vlink-ACH-Credit/input_Check Type'

2023-02-28 18:50:33 - [MESSAGE][PASSED] - Text 'P' is set on object 'Object Repository/RecAndPlayBk/Page-Vlink-ACH-Credit/input_Check Type'

2023-02-28 18:50:33 - [TEST_STEP][PASSED] - setText(findTestObject("Object Repository/RecAndPlayBk/Page-Vlink-ACH-Credit/input_Transaction ID"), VLinkSaleTranxID): Text '2920863' is set on object 'Object Repository/RecAndPlayBk/Page-Vlink-ACH-Credit/input_Transaction ID'

2023-02-28 18:50:34 - [MESSAGE][PASSED] - Text '2920863' is set on object 'Object Repository/RecAndPlayBk/Page-Vlink-ACH-Credit/input_Transaction ID'

2023-02-28 18:50:34 - [TEST_STEP][PASSED] - setText(findTestObject("Object Repository/RecAndPlayBk/Page-Vlink-ACH-Credit/input_Amount"), amount): Text '12.50' is set on object 'Object Repository/RecAndPlayBk/Page-Vlink-ACH-Credit/input_Amount'

2023-02-28 18:50:34 - [MESSAGE][PASSED] - Text '12.50' is set on object 'Object Repository/RecAndPlayBk/Page-Vlink-ACH-Credit/input_Amount'

2023-02-28 18:50:34 - [TEST_STEP][PASSED] - setText(findTestObject("Object Repository/RecAndPlayBk/Page-Vlink-ACH-Credit/input_Standard Entry Class"), sec): Text 'TEL' is set on object 'Object Repository/RecAndPlayBk/Page-Vlink-ACH-Credit/input_Standard Entry Class'

2023-02-28 18:50:35 - [MESSAGE][PASSED] - Text 'TEL' is set on object 'Object Repository/RecAndPlayBk/Page-Vlink-ACH-Credit/input_Standard Entry Class'

2023-02-28 18:50:35 - [TEST_STEP][PASSED] - setText(findTestObject("Object Repository/RecAndPlayBk/Page-Vlink-ACH-Credit/input_Account Number"), acNumber): Text '58963214' is set on object 'Object Repository/RecAndPlayBk/Page-Vlink-ACH-Credit/input_Account Number'

2023-02-28 18:50:36 - [MESSAGE][PASSED] - Text '58963214' is set on object 'Object Repository/RecAndPlayBk/Page-Vlink-ACH-Credit/input_Account Number'

2023-02-28 18:50:36 - [TEST_STEP][PASSED] - setText(findTestObject("Object Repository/RecAndPlayBk/Page-Vlink-ACH-Credit/input_Routing Number"), rtn): Text '256072691' is set on object 'Object Repository/RecAndPlayBk/Page-Vlink-ACH-Credit/input_Routing Number'

2023-02-28 18:50:36 - [MESSAGE][PASSED] - Text '256072691' is set on object 'Object Repository/RecAndPlayBk/Page-Vlink-ACH-Credit/input_Routing Number'

2023-02-28 18:50:36 - [TEST_STEP][PASSED] - click(findTestObject("Object Repository/RecAndPlayBk/Page-Vlink-ACH-Credit/input")): Object: 'Object Repository/RecAndPlayBk/Page-Vlink-ACH-Credit/input' is clicked on

2023-02-28 18:50:37 - [MESSAGE][PASSED] - Object: 'Object Repository/RecAndPlayBk/Page-Vlink-ACH-Credit/input' is clicked on

2023-02-28 18:50:37 - [TEST_STEP][PASSED] - if (verifyTextPresent("Transaction approved, no errors", true)): null

2023-02-28 18:50:37 - [MESSAGE][PASSED] - Text 'Transaction approved, no errors' is present on page  using regular expression

2023-02-28 18:50:37 - [TEST_STEP][PASSED] - println("Transaction Approved, no errors text is present on the Confirmation page"): null

2023-02-28 18:50:37 - [TEST_STEP][PASSED] - out.println("Pass Record Number: " + row): null

2023-02-28 18:50:37 - [TEST_STEP][PASSED] - resText = "Pass": null

2023-02-28 18:50:37 - [TEST_STEP][PASSED] - pages.WriteExcel.demoKey(resText, datText, resColumn, datCloumn, fileLoc, nameSheet, row): pages.WriteExcel.demoKey is PASSED

2023-02-28 18:50:37 - [MESSAGE][PASSED] - pages.WriteExcel.demoKey is PASSED

2023-02-28 18:50:37 - [TEST_STEP][PASSED] - ExecuteTC = findTestData(dataFile).getValue("Execute", row): null

2023-02-28 18:50:37 - [TEST_STEP][PASSED] - out.println("Value of Execute is : " + ExecuteTC): null

2023-02-28 18:50:37 - [TEST_STEP][PASSED] - switch (executionProfile): null

2023-02-28 18:50:37 - [TEST_STEP][PASSED] - case "Demo2Profile":: null

2023-02-28 18:50:37 - [TEST_STEP][PASSED] - appID = findTestData(dataFile).getValue("AppIDDemo", row): null

2023-02-28 18:50:37 - [TEST_STEP][PASSED] - username = findTestData(dataFile).getValue("UsernameDemo", row): null

2023-02-28 18:50:37 - [TEST_STEP][PASSED] - password = findTestData(dataFile).getValue("PasswordDemo", row): null

2023-02-28 18:50:37 - [TEST_STEP][PASSED] - break: null

2023-02-28 18:50:37 - [TEST_STEP][PASSED] - if (ExecuteTC.equalsIgnoreCase("Y")): null

2023-02-28 18:50:37 - [TEST_STEP][PASSED] - out.println("Begin Record Number: " + row): null

2023-02-28 18:50:37 - [TEST_STEP][PASSED] - today = new java.util.Date(): null

2023-02-28 18:50:37 - [TEST_STEP][PASSED] - println(today): null

2023-02-28 18:50:37 - [TEST_STEP][PASSED] - datText = today: null

2023-02-28 18:50:37 - [TEST_STEP][PASSED] - checkType = findTestData(dataFile).getValue("CheckType", row): null

2023-02-28 18:50:38 - [TEST_STEP][PASSED] - acNumber = findTestData(dataFile).getValue("AcNumber", row): null

2023-02-28 18:50:38 - [TEST_STEP][PASSED] - company = findTestData(dataFile).getValue("Company", row): null

2023-02-28 18:50:38 - [TEST_STEP][PASSED] - acType = findTestData(dataFile).getValue("AcType", row): null

2023-02-28 18:50:38 - [TEST_STEP][PASSED] - rtn = findTestData(dataFile).getValue("RTN", row): null

2023-02-28 18:50:38 - [TEST_STEP][PASSED] - amount = findTestData(dataFile).getValue("Amount", row): null

2023-02-28 18:50:38 - [TEST_STEP][PASSED] - sec = findTestData(dataFile).getValue("SEC", row): null

2023-02-28 18:50:38 - [TEST_STEP][PASSED] - openBrowser(VLinkURL + "debit.html"): Browser is opened with url: 'https://dev-algorithm.govolution.com/vlinktest/demo2/version_2_0/debit.html'

2023-02-28 18:50:38 - [MESSAGE][WARNING] - A browser is already opened. Closing browser and opening a new one

2023-02-28 18:50:39 - [MESSAGE][INFO] - Starting 'Chrome' driver

2023-02-28 18:50:39 - [MESSAGE][INFO] - User set preference: ['acceptInsecureCerts', 'true']

2023-02-28 18:50:39 - [MESSAGE][INFO] - Action delay is set to 0 milliseconds

2023-02-28 18:50:40 - [MESSAGE][PASSED] - Browser is opened with url: 'https://dev-algorithm.govolution.com/vlinktest/demo2/version_2_0/debit.html'

2023-02-28 18:50:40 - [TEST_STEP][PASSED] - maximizeWindow(): Current window maximized

2023-02-28 18:50:41 - [MESSAGE][PASSED] - Current window maximized

2023-02-28 18:50:41 - [TEST_STEP][PASSED] - genRemID1 = random() * 99999).toInteger(): null

2023-02-28 18:50:41 - [TEST_STEP][PASSED] - genRemID2 = random() * 99999).toInteger(): null

2023-02-28 18:50:41 - [TEST_STEP][PASSED] - genRemID3 = random() * 99999).toInteger(): null

2023-02-28 18:50:41 - [TEST_STEP][PASSED] - println(genRemID1): null

2023-02-28 18:50:41 - [TEST_STEP][PASSED] - println(genRemID2): null

2023-02-28 18:50:41 - [TEST_STEP][PASSED] - println(genRemID3): null

2023-02-28 18:50:41 - [TEST_STEP][PASSED] - genRemID = genRemID1 + "|" + genRemID2 + "|" + genRemID3: null

2023-02-28 18:50:41 - [TEST_STEP][PASSED] - println(genRemID): null

2023-02-28 18:50:41 - [TEST_STEP][PASSED] - setText(findTestObject("RecAndPlayBk/Page-Vlink-Debit/input_Remittance Id"), genRemID): Text '88326|85785|28310' is set on object 'Object Repository/RecAndPlayBk/Page-Vlink-Debit/input_Remittance Id'

2023-02-28 18:50:41 - [MESSAGE][PASSED] - Text '88326|85785|28310' is set on object 'Object Repository/RecAndPlayBk/Page-Vlink-Debit/input_Remittance Id'

2023-02-28 18:50:41 - [TEST_STEP][PASSED] - setText(findTestObject("RecAndPlayBk/Page-Vlink-Debit/input_Application Id"), appID): Text '1773' is set on object 'Object Repository/RecAndPlayBk/Page-Vlink-Debit/input_Application Id'

2023-02-28 18:50:42 - [MESSAGE][PASSED] - Text '1773' is set on object 'Object Repository/RecAndPlayBk/Page-Vlink-Debit/input_Application Id'

2023-02-28 18:50:42 - [TEST_STEP][PASSED] - setText(findTestObject("RecAndPlayBk/Page-Vlink-Debit/input_Username"), username): Text 'Qq2BV1qtr' is set on object 'Object Repository/RecAndPlayBk/Page-Vlink-Debit/input_Username'

2023-02-28 18:50:43 - [MESSAGE][PASSED] - Text 'Qq2BV1qtr' is set on object 'Object Repository/RecAndPlayBk/Page-Vlink-Debit/input_Username'

2023-02-28 18:50:43 - [TEST_STEP][PASSED] - setText(findTestObject("RecAndPlayBk/Page-Vlink-Debit/input_Password"), password): Text 'tUmWBiLUx' is set on object 'Object Repository/RecAndPlayBk/Page-Vlink-Debit/input_Password'

2023-02-28 18:50:43 - [MESSAGE][PASSED] - Text 'tUmWBiLUx' is set on object 'Object Repository/RecAndPlayBk/Page-Vlink-Debit/input_Password'

2023-02-28 18:50:43 - [TEST_STEP][PASSED] - setText(findTestObject("RecAndPlayBk/Page-Vlink-Debit/input_Check Type"), checkType): Text 'P' is set on object 'Object Repository/RecAndPlayBk/Page-Vlink-Debit/input_Check Type'

2023-02-28 18:50:44 - [MESSAGE][PASSED] - Text 'P' is set on object 'Object Repository/RecAndPlayBk/Page-Vlink-Debit/input_Check Type'

2023-02-28 18:50:44 - [TEST_STEP][PASSED] - setText(findTestObject("RecAndPlayBk/Page-Vlink-Debit/input_Account_check"), acNumber): Text '58963214' is set on object 'Object Repository/RecAndPlayBk/Page-Vlink-Debit/input_Account_check'

2023-02-28 18:50:45 - [MESSAGE][PASSED] - Text '58963214' is set on object 'Object Repository/RecAndPlayBk/Page-Vlink-Debit/input_Account_check'

2023-02-28 18:50:45 - [TEST_STEP][PASSED] - setText(findTestObject("RecAndPlayBk/Page-Vlink-Debit/input_Company_check"), company): Text '' is set on object 'Object Repository/RecAndPlayBk/Page-Vlink-Debit/input_Company_check'

2023-02-28 18:50:45 - [MESSAGE][PASSED] - Text '' is set on object 'Object Repository/RecAndPlayBk/Page-Vlink-Debit/input_Company_check'

2023-02-28 18:50:45 - [TEST_STEP][PASSED] - setText(findTestObject("RecAndPlayBk/Page-Vlink-Debit/input_Account Type"), acType): Text '1' is set on object 'Object Repository/RecAndPlayBk/Page-Vlink-Debit/input_Account Type'

2023-02-28 18:50:46 - [MESSAGE][PASSED] - Text '1' is set on object 'Object Repository/RecAndPlayBk/Page-Vlink-Debit/input_Account Type'

2023-02-28 18:50:46 - [TEST_STEP][PASSED] - setText(findTestObject("RecAndPlayBk/Page-Vlink-Debit/input_Routing Number"), rtn): Text '256072691' is set on object 'Object Repository/RecAndPlayBk/Page-Vlink-Debit/input_Routing Number'

2023-02-28 18:50:46 - [MESSAGE][PASSED] - Text '256072691' is set on object 'Object Repository/RecAndPlayBk/Page-Vlink-Debit/input_Routing Number'

2023-02-28 18:50:46 - [TEST_STEP][PASSED] - setText(findTestObject("RecAndPlayBk/Page-Vlink-Debit/input_Amount"), amount): Text '12.50' is set on object 'Object Repository/RecAndPlayBk/Page-Vlink-Debit/input_Amount'

2023-02-28 18:50:47 - [MESSAGE][PASSED] - Text '12.50' is set on object 'Object Repository/RecAndPlayBk/Page-Vlink-Debit/input_Amount'

2023-02-28 18:50:47 - [TEST_STEP][PASSED] - setText(findTestObject("RecAndPlayBk/Page-Vlink-Debit/input_Check Email"), ""): Text '' is set on object 'Object Repository/RecAndPlayBk/Page-Vlink-Debit/input_Check Email'

2023-02-28 18:50:48 - [MESSAGE][PASSED] - Text '' is set on object 'Object Repository/RecAndPlayBk/Page-Vlink-Debit/input_Check Email'

2023-02-28 18:50:48 - [TEST_STEP][PASSED] - setText(findTestObject("Object Repository/RecAndPlayBk/Page-Vlink-Debit/input_concat(CheckWriter, , s SSN)_check_ssn"), ""): Text '' is set on object 'Object Repository/RecAndPlayBk/Page-Vlink-Debit/input_concat(CheckWriter, , s SSN)_check_ssn'

2023-02-28 18:50:48 - [MESSAGE][PASSED] - Text '' is set on object 'Object Repository/RecAndPlayBk/Page-Vlink-Debit/input_concat(CheckWriter, , s SSN)_check_ssn'

2023-02-28 18:50:48 - [TEST_STEP][PASSED] - setText(findTestObject("Object Repository/RecAndPlayBk/Page-Vlink-Debit/input_concat(CheckWriter, , s License Numbe_020fef"), ""): Text '' is set on object 'Object Repository/RecAndPlayBk/Page-Vlink-Debit/input_concat(CheckWriter, , s License Numbe_020fef'

2023-02-28 18:50:49 - [MESSAGE][PASSED] - Text '' is set on object 'Object Repository/RecAndPlayBk/Page-Vlink-Debit/input_concat(CheckWriter, , s License Numbe_020fef'

2023-02-28 18:50:49 - [TEST_STEP][PASSED] - setText(findTestObject("Object Repository/RecAndPlayBk/Page-Vlink-Debit/input_concat(CheckWriter, , s License State_21e3e7"), ""): Text '' is set on object 'Object Repository/RecAndPlayBk/Page-Vlink-Debit/input_concat(CheckWriter, , s License State_21e3e7'

2023-02-28 18:50:50 - [MESSAGE][PASSED] - Text '' is set on object 'Object Repository/RecAndPlayBk/Page-Vlink-Debit/input_concat(CheckWriter, , s License State_21e3e7'

2023-02-28 18:50:50 - [TEST_STEP][PASSED] - setText(findTestObject("RecAndPlayBk/Page-Vlink-Debit/input_Standard Entry Class"), sec): Text 'PPD' is set on object 'Object Repository/RecAndPlayBk/Page-Vlink-Debit/input_Standard Entry Class'

2023-02-28 18:50:50 - [MESSAGE][PASSED] - Text 'PPD' is set on object 'Object Repository/RecAndPlayBk/Page-Vlink-Debit/input_Standard Entry Class'

2023-02-28 18:50:50 - [TEST_STEP][PASSED] - click(findTestObject("Object Repository/RecAndPlayBk/Page-Vlink-Debit/input")): Object: 'Object Repository/RecAndPlayBk/Page-Vlink-Debit/input' is clicked on

2023-02-28 18:50:51 - [MESSAGE][PASSED] - Object: 'Object Repository/RecAndPlayBk/Page-Vlink-Debit/input' is clicked on

2023-02-28 18:50:51 - [TEST_STEP][PASSED] - if (verifyTextPresent("Transaction approved, no errors", true)): null

2023-02-28 18:50:51 - [MESSAGE][PASSED] - Text 'Transaction approved, no errors' is present on page  using regular expression

2023-02-28 18:50:51 - [TEST_STEP][PASSED] - println("Transaction Approved, no errors text is present on the Confirmation page"): null

2023-02-28 18:50:51 - [TEST_STEP][PASSED] - sdfo = getText(findTestObject("Object Repository/Page_VLinkReceipt/pre_STX")): Text of object 'Object Repository/Page_VLinkReceipt/pre_STX' is: '<STX>88326|85785|28310             2920865             0  Transaction approved, no errors                   0                                                                                                              <ETX>'

2023-02-28 18:50:52 - [MESSAGE][PASSED] - Text of object 'Object Repository/Page_VLinkReceipt/pre_STX' is: '<STX>88326|85785|28310             2920865             0  Transaction approved, no errors                   0                                                                                                              <ETX>'

2023-02-28 18:50:52 - [TEST_STEP][PASSED] - out.println("sdfo: " + sdfo): null

2023-02-28 18:50:52 - [TEST_STEP][PASSED] - remID = substring(5, 35).trim(): null

2023-02-28 18:50:52 - [TEST_STEP][PASSED] - out.println("remID: " + remID): null

2023-02-28 18:50:52 - [TEST_STEP][PASSED] - traxID = substring(35, 55).trim(): null

2023-02-28 18:50:52 - [TEST_STEP][PASSED] - out.println("traxID: " + traxID): null

2023-02-28 18:50:52 - [TEST_STEP][PASSED] - VLinkSaleRemID = remID: null

2023-02-28 18:50:52 - [TEST_STEP][PASSED] - VLinkSaleTranxID = traxID: null

2023-02-28 18:50:52 - [TEST_STEP][PASSED] - openBrowser(VLinkURL + "ACH_credit.html"): Browser is opened with url: 'https://dev-algorithm.govolution.com/vlinktest/demo2/version_2_0/ACH_credit.html'

2023-02-28 18:50:52 - [MESSAGE][WARNING] - A browser is already opened. Closing browser and opening a new one

2023-02-28 18:50:53 - [MESSAGE][INFO] - Starting 'Chrome' driver

2023-02-28 18:50:53 - [MESSAGE][INFO] - User set preference: ['acceptInsecureCerts', 'true']

2023-02-28 18:50:53 - [MESSAGE][INFO] - Action delay is set to 0 milliseconds

2023-02-28 18:50:54 - [MESSAGE][PASSED] - Browser is opened with url: 'https://dev-algorithm.govolution.com/vlinktest/demo2/version_2_0/ACH_credit.html'

2023-02-28 18:50:54 - [TEST_STEP][PASSED] - maximizeWindow(): Current window maximized

2023-02-28 18:50:55 - [MESSAGE][PASSED] - Current window maximized

2023-02-28 18:50:55 - [TEST_STEP][PASSED] - setText(findTestObject("Object Repository/RecAndPlayBk/Page-Vlink-ACH-Credit/input_Remittance Id"), VLinkSaleRemID): Text '88326|85785|28310' is set on object 'Object Repository/RecAndPlayBk/Page-Vlink-ACH-Credit/input_Remittance Id'

2023-02-28 18:50:55 - [MESSAGE][PASSED] - Text '88326|85785|28310' is set on object 'Object Repository/RecAndPlayBk/Page-Vlink-ACH-Credit/input_Remittance Id'

2023-02-28 18:50:55 - [TEST_STEP][PASSED] - setText(findTestObject("Object Repository/RecAndPlayBk/Page-Vlink-ACH-Credit/input_Application Id"), appID): Text '1773' is set on object 'Object Repository/RecAndPlayBk/Page-Vlink-ACH-Credit/input_Application Id'

2023-02-28 18:50:56 - [MESSAGE][PASSED] - Text '1773' is set on object 'Object Repository/RecAndPlayBk/Page-Vlink-ACH-Credit/input_Application Id'

2023-02-28 18:50:56 - [TEST_STEP][PASSED] - setText(findTestObject("Object Repository/RecAndPlayBk/Page-Vlink-ACH-Credit/input_Username"), username): Text 'Qq2BV1qtr' is set on object 'Object Repository/RecAndPlayBk/Page-Vlink-ACH-Credit/input_Username'

2023-02-28 18:50:57 - [MESSAGE][PASSED] - Text 'Qq2BV1qtr' is set on object 'Object Repository/RecAndPlayBk/Page-Vlink-ACH-Credit/input_Username'

2023-02-28 18:50:57 - [TEST_STEP][PASSED] - setText(findTestObject("Object Repository/RecAndPlayBk/Page-Vlink-ACH-Credit/input_Password"), password): Text 'tUmWBiLUx' is set on object 'Object Repository/RecAndPlayBk/Page-Vlink-ACH-Credit/input_Password'

2023-02-28 18:50:57 - [MESSAGE][PASSED] - Text 'tUmWBiLUx' is set on object 'Object Repository/RecAndPlayBk/Page-Vlink-ACH-Credit/input_Password'

2023-02-28 18:50:57 - [TEST_STEP][PASSED] - setText(findTestObject("Object Repository/RecAndPlayBk/Page-Vlink-ACH-Credit/input_Check Type"), checkType): Text 'P' is set on object 'Object Repository/RecAndPlayBk/Page-Vlink-ACH-Credit/input_Check Type'

2023-02-28 18:50:58 - [MESSAGE][PASSED] - Text 'P' is set on object 'Object Repository/RecAndPlayBk/Page-Vlink-ACH-Credit/input_Check Type'

2023-02-28 18:50:58 - [TEST_STEP][PASSED] - setText(findTestObject("Object Repository/RecAndPlayBk/Page-Vlink-ACH-Credit/input_Transaction ID"), VLinkSaleTranxID): Text '2920865' is set on object 'Object Repository/RecAndPlayBk/Page-Vlink-ACH-Credit/input_Transaction ID'

2023-02-28 18:50:58 - [MESSAGE][PASSED] - Text '2920865' is set on object 'Object Repository/RecAndPlayBk/Page-Vlink-ACH-Credit/input_Transaction ID'

2023-02-28 18:50:58 - [TEST_STEP][PASSED] - setText(findTestObject("Object Repository/RecAndPlayBk/Page-Vlink-ACH-Credit/input_Amount"), amount): Text '12.50' is set on object 'Object Repository/RecAndPlayBk/Page-Vlink-ACH-Credit/input_Amount'

2023-02-28 18:50:59 - [MESSAGE][PASSED] - Text '12.50' is set on object 'Object Repository/RecAndPlayBk/Page-Vlink-ACH-Credit/input_Amount'

2023-02-28 18:50:59 - [TEST_STEP][PASSED] - setText(findTestObject("Object Repository/RecAndPlayBk/Page-Vlink-ACH-Credit/input_Standard Entry Class"), sec): Text 'PPD' is set on object 'Object Repository/RecAndPlayBk/Page-Vlink-ACH-Credit/input_Standard Entry Class'

2023-02-28 18:51:00 - [MESSAGE][PASSED] - Text 'PPD' is set on object 'Object Repository/RecAndPlayBk/Page-Vlink-ACH-Credit/input_Standard Entry Class'

2023-02-28 18:51:00 - [TEST_STEP][PASSED] - setText(findTestObject("Object Repository/RecAndPlayBk/Page-Vlink-ACH-Credit/input_Account Number"), acNumber): Text '58963214' is set on object 'Object Repository/RecAndPlayBk/Page-Vlink-ACH-Credit/input_Account Number'

2023-02-28 18:51:00 - [MESSAGE][PASSED] - Text '58963214' is set on object 'Object Repository/RecAndPlayBk/Page-Vlink-ACH-Credit/input_Account Number'

2023-02-28 18:51:00 - [TEST_STEP][PASSED] - setText(findTestObject("Object Repository/RecAndPlayBk/Page-Vlink-ACH-Credit/input_Routing Number"), rtn): Text '256072691' is set on object 'Object Repository/RecAndPlayBk/Page-Vlink-ACH-Credit/input_Routing Number'

2023-02-28 18:51:01 - [MESSAGE][PASSED] - Text '256072691' is set on object 'Object Repository/RecAndPlayBk/Page-Vlink-ACH-Credit/input_Routing Number'

2023-02-28 18:51:01 - [TEST_STEP][PASSED] - click(findTestObject("Object Repository/RecAndPlayBk/Page-Vlink-ACH-Credit/input")): Object: 'Object Repository/RecAndPlayBk/Page-Vlink-ACH-Credit/input' is clicked on

2023-02-28 18:51:02 - [MESSAGE][PASSED] - Object: 'Object Repository/RecAndPlayBk/Page-Vlink-ACH-Credit/input' is clicked on

2023-02-28 18:51:02 - [TEST_STEP][PASSED] - if (verifyTextPresent("Transaction approved, no errors", true)): null

2023-02-28 18:51:02 - [MESSAGE][PASSED] - Text 'Transaction approved, no errors' is present on page  using regular expression

2023-02-28 18:51:02 - [TEST_STEP][PASSED] - println("Transaction Approved, no errors text is present on the Confirmation page"): null

2023-02-28 18:51:02 - [TEST_STEP][PASSED] - out.println("Pass Record Number: " + row): null

2023-02-28 18:51:02 - [TEST_STEP][PASSED] - resText = "Pass": null

2023-02-28 18:51:02 - [TEST_STEP][PASSED] - pages.WriteExcel.demoKey(resText, datText, resColumn, datCloumn, fileLoc, nameSheet, row): pages.WriteExcel.demoKey is PASSED

2023-02-28 18:51:02 - [MESSAGE][PASSED] - pages.WriteExcel.demoKey is PASSED

2023-02-28 18:51:02 - [TEST_STEP][PASSED] - ExecuteTC = findTestData(dataFile).getValue("Execute", row): null

2023-02-28 18:51:02 - [TEST_STEP][PASSED] - out.println("Value of Execute is : " + ExecuteTC): null

2023-02-28 18:51:02 - [TEST_STEP][PASSED] - switch (executionProfile): null

2023-02-28 18:51:02 - [TEST_STEP][PASSED] - case "Demo2Profile":: null

2023-02-28 18:51:02 - [TEST_STEP][PASSED] - appID = findTestData(dataFile).getValue("AppIDDemo", row): null

2023-02-28 18:51:02 - [TEST_STEP][PASSED] - username = findTestData(dataFile).getValue("UsernameDemo", row): null

2023-02-28 18:51:02 - [TEST_STEP][PASSED] - password = findTestData(dataFile).getValue("PasswordDemo", row): null

2023-02-28 18:51:02 - [TEST_STEP][PASSED] - break: null

2023-02-28 18:51:02 - [TEST_STEP][PASSED] - if (ExecuteTC.equalsIgnoreCase("Y")): null

2023-02-28 18:51:02 - [TEST_STEP][PASSED] - out.println("Begin Record Number: " + row): null

2023-02-28 18:51:02 - [TEST_STEP][PASSED] - today = new java.util.Date(): null

2023-02-28 18:51:02 - [TEST_STEP][PASSED] - println(today): null

2023-02-28 18:51:02 - [TEST_STEP][PASSED] - datText = today: null

2023-02-28 18:51:02 - [TEST_STEP][PASSED] - checkType = findTestData(dataFile).getValue("CheckType", row): null

2023-02-28 18:51:02 - [TEST_STEP][PASSED] - acNumber = findTestData(dataFile).getValue("AcNumber", row): null

2023-02-28 18:51:02 - [TEST_STEP][PASSED] - company = findTestData(dataFile).getValue("Company", row): null

2023-02-28 18:51:03 - [TEST_STEP][PASSED] - acType = findTestData(dataFile).getValue("AcType", row): null

2023-02-28 18:51:03 - [TEST_STEP][PASSED] - rtn = findTestData(dataFile).getValue("RTN", row): null

2023-02-28 18:51:03 - [TEST_STEP][PASSED] - amount = findTestData(dataFile).getValue("Amount", row): null

2023-02-28 18:51:03 - [TEST_STEP][PASSED] - sec = findTestData(dataFile).getValue("SEC", row): null

2023-02-28 18:51:03 - [TEST_STEP][PASSED] - openBrowser(VLinkURL + "debit.html"): Browser is opened with url: 'https://dev-algorithm.govolution.com/vlinktest/demo2/version_2_0/debit.html'

2023-02-28 18:51:03 - [MESSAGE][WARNING] - A browser is already opened. Closing browser and opening a new one

2023-02-28 18:51:04 - [MESSAGE][INFO] - Starting 'Chrome' driver

2023-02-28 18:51:04 - [MESSAGE][INFO] - User set preference: ['acceptInsecureCerts', 'true']

2023-02-28 18:51:04 - [MESSAGE][INFO] - Action delay is set to 0 milliseconds

2023-02-28 18:51:06 - [MESSAGE][PASSED] - Browser is opened with url: 'https://dev-algorithm.govolution.com/vlinktest/demo2/version_2_0/debit.html'

2023-02-28 18:51:06 - [TEST_STEP][PASSED] - maximizeWindow(): Current window maximized

2023-02-28 18:51:06 - [MESSAGE][PASSED] - Current window maximized

2023-02-28 18:51:06 - [TEST_STEP][PASSED] - genRemID1 = random() * 99999).toInteger(): null

2023-02-28 18:51:06 - [TEST_STEP][PASSED] - genRemID2 = random() * 99999).toInteger(): null

2023-02-28 18:51:06 - [TEST_STEP][PASSED] - genRemID3 = random() * 99999).toInteger(): null

2023-02-28 18:51:06 - [TEST_STEP][PASSED] - println(genRemID1): null

2023-02-28 18:51:06 - [TEST_STEP][PASSED] - println(genRemID2): null

2023-02-28 18:51:06 - [TEST_STEP][PASSED] - println(genRemID3): null

2023-02-28 18:51:06 - [TEST_STEP][PASSED] - genRemID = genRemID1 + "|" + genRemID2 + "|" + genRemID3: null

2023-02-28 18:51:06 - [TEST_STEP][PASSED] - println(genRemID): null

2023-02-28 18:51:06 - [TEST_STEP][PASSED] - setText(findTestObject("RecAndPlayBk/Page-Vlink-Debit/input_Remittance Id"), genRemID): Text '14932|18295|54934' is set on object 'Object Repository/RecAndPlayBk/Page-Vlink-Debit/input_Remittance Id'

2023-02-28 18:51:07 - [MESSAGE][PASSED] - Text '14932|18295|54934' is set on object 'Object Repository/RecAndPlayBk/Page-Vlink-Debit/input_Remittance Id'

2023-02-28 18:51:07 - [TEST_STEP][PASSED] - setText(findTestObject("RecAndPlayBk/Page-Vlink-Debit/input_Application Id"), appID): Text '1773' is set on object 'Object Repository/RecAndPlayBk/Page-Vlink-Debit/input_Application Id'

2023-02-28 18:51:07 - [MESSAGE][PASSED] - Text '1773' is set on object 'Object Repository/RecAndPlayBk/Page-Vlink-Debit/input_Application Id'

2023-02-28 18:51:07 - [TEST_STEP][PASSED] - setText(findTestObject("RecAndPlayBk/Page-Vlink-Debit/input_Username"), username): Text 'Qq2BV1qtr' is set on object 'Object Repository/RecAndPlayBk/Page-Vlink-Debit/input_Username'

2023-02-28 18:51:08 - [MESSAGE][PASSED] - Text 'Qq2BV1qtr' is set on object 'Object Repository/RecAndPlayBk/Page-Vlink-Debit/input_Username'

2023-02-28 18:51:08 - [TEST_STEP][PASSED] - setText(findTestObject("RecAndPlayBk/Page-Vlink-Debit/input_Password"), password): Text 'tUmWBiLUx' is set on object 'Object Repository/RecAndPlayBk/Page-Vlink-Debit/input_Password'

2023-02-28 18:51:08 - [MESSAGE][PASSED] - Text 'tUmWBiLUx' is set on object 'Object Repository/RecAndPlayBk/Page-Vlink-Debit/input_Password'

2023-02-28 18:51:08 - [TEST_STEP][PASSED] - setText(findTestObject("RecAndPlayBk/Page-Vlink-Debit/input_Check Type"), checkType): Text 'P' is set on object 'Object Repository/RecAndPlayBk/Page-Vlink-Debit/input_Check Type'

2023-02-28 18:51:09 - [MESSAGE][PASSED] - Text 'P' is set on object 'Object Repository/RecAndPlayBk/Page-Vlink-Debit/input_Check Type'

2023-02-28 18:51:09 - [TEST_STEP][PASSED] - setText(findTestObject("RecAndPlayBk/Page-Vlink-Debit/input_Account_check"), acNumber): Text '58963214' is set on object 'Object Repository/RecAndPlayBk/Page-Vlink-Debit/input_Account_check'

2023-02-28 18:51:10 - [MESSAGE][PASSED] - Text '58963214' is set on object 'Object Repository/RecAndPlayBk/Page-Vlink-Debit/input_Account_check'

2023-02-28 18:51:10 - [TEST_STEP][PASSED] - setText(findTestObject("RecAndPlayBk/Page-Vlink-Debit/input_Company_check"), company): Text '' is set on object 'Object Repository/RecAndPlayBk/Page-Vlink-Debit/input_Company_check'

2023-02-28 18:51:10 - [MESSAGE][PASSED] - Text '' is set on object 'Object Repository/RecAndPlayBk/Page-Vlink-Debit/input_Company_check'

2023-02-28 18:51:10 - [TEST_STEP][PASSED] - setText(findTestObject("RecAndPlayBk/Page-Vlink-Debit/input_Account Type"), acType): Text '2' is set on object 'Object Repository/RecAndPlayBk/Page-Vlink-Debit/input_Account Type'

2023-02-28 18:51:11 - [MESSAGE][PASSED] - Text '2' is set on object 'Object Repository/RecAndPlayBk/Page-Vlink-Debit/input_Account Type'

2023-02-28 18:51:11 - [TEST_STEP][PASSED] - setText(findTestObject("RecAndPlayBk/Page-Vlink-Debit/input_Routing Number"), rtn): Text '256072691' is set on object 'Object Repository/RecAndPlayBk/Page-Vlink-Debit/input_Routing Number'

2023-02-28 18:51:11 - [MESSAGE][PASSED] - Text '256072691' is set on object 'Object Repository/RecAndPlayBk/Page-Vlink-Debit/input_Routing Number'

2023-02-28 18:51:11 - [TEST_STEP][PASSED] - setText(findTestObject("RecAndPlayBk/Page-Vlink-Debit/input_Amount"), amount): Text '12.50' is set on object 'Object Repository/RecAndPlayBk/Page-Vlink-Debit/input_Amount'

2023-02-28 18:51:12 - [MESSAGE][PASSED] - Text '12.50' is set on object 'Object Repository/RecAndPlayBk/Page-Vlink-Debit/input_Amount'

2023-02-28 18:51:12 - [TEST_STEP][PASSED] - setText(findTestObject("RecAndPlayBk/Page-Vlink-Debit/input_Check Email"), ""): Text '' is set on object 'Object Repository/RecAndPlayBk/Page-Vlink-Debit/input_Check Email'

2023-02-28 18:51:13 - [MESSAGE][PASSED] - Text '' is set on object 'Object Repository/RecAndPlayBk/Page-Vlink-Debit/input_Check Email'

2023-02-28 18:51:13 - [TEST_STEP][PASSED] - setText(findTestObject("Object Repository/RecAndPlayBk/Page-Vlink-Debit/input_concat(CheckWriter, , s SSN)_check_ssn"), ""): Text '' is set on object 'Object Repository/RecAndPlayBk/Page-Vlink-Debit/input_concat(CheckWriter, , s SSN)_check_ssn'

2023-02-28 18:51:13 - [MESSAGE][PASSED] - Text '' is set on object 'Object Repository/RecAndPlayBk/Page-Vlink-Debit/input_concat(CheckWriter, , s SSN)_check_ssn'

2023-02-28 18:51:13 - [TEST_STEP][PASSED] - setText(findTestObject("Object Repository/RecAndPlayBk/Page-Vlink-Debit/input_concat(CheckWriter, , s License Numbe_020fef"), ""): Text '' is set on object 'Object Repository/RecAndPlayBk/Page-Vlink-Debit/input_concat(CheckWriter, , s License Numbe_020fef'

2023-02-28 18:51:14 - [MESSAGE][PASSED] - Text '' is set on object 'Object Repository/RecAndPlayBk/Page-Vlink-Debit/input_concat(CheckWriter, , s License Numbe_020fef'

2023-02-28 18:51:14 - [TEST_STEP][PASSED] - setText(findTestObject("Object Repository/RecAndPlayBk/Page-Vlink-Debit/input_concat(CheckWriter, , s License State_21e3e7"), ""): Text '' is set on object 'Object Repository/RecAndPlayBk/Page-Vlink-Debit/input_concat(CheckWriter, , s License State_21e3e7'

2023-02-28 18:51:15 - [MESSAGE][PASSED] - Text '' is set on object 'Object Repository/RecAndPlayBk/Page-Vlink-Debit/input_concat(CheckWriter, , s License State_21e3e7'

2023-02-28 18:51:15 - [TEST_STEP][PASSED] - setText(findTestObject("RecAndPlayBk/Page-Vlink-Debit/input_Standard Entry Class"), sec): Text 'WEB' is set on object 'Object Repository/RecAndPlayBk/Page-Vlink-Debit/input_Standard Entry Class'

2023-02-28 18:51:15 - [MESSAGE][PASSED] - Text 'WEB' is set on object 'Object Repository/RecAndPlayBk/Page-Vlink-Debit/input_Standard Entry Class'

2023-02-28 18:51:15 - [TEST_STEP][PASSED] - click(findTestObject("Object Repository/RecAndPlayBk/Page-Vlink-Debit/input")): Object: 'Object Repository/RecAndPlayBk/Page-Vlink-Debit/input' is clicked on

2023-02-28 18:51:16 - [MESSAGE][PASSED] - Object: 'Object Repository/RecAndPlayBk/Page-Vlink-Debit/input' is clicked on

2023-02-28 18:51:16 - [TEST_STEP][PASSED] - if (verifyTextPresent("Transaction approved, no errors", true)): null

2023-02-28 18:51:16 - [MESSAGE][PASSED] - Text 'Transaction approved, no errors' is present on page  using regular expression

2023-02-28 18:51:16 - [TEST_STEP][PASSED] - println("Transaction Approved, no errors text is present on the Confirmation page"): null

2023-02-28 18:51:16 - [TEST_STEP][PASSED] - sdfo = getText(findTestObject("Object Repository/Page_VLinkReceipt/pre_STX")): Text of object 'Object Repository/Page_VLinkReceipt/pre_STX' is: '<STX>14932|18295|54934             2920867             0  Transaction approved, no errors                   0                                                                                                              <ETX>'

2023-02-28 18:51:17 - [MESSAGE][PASSED] - Text of object 'Object Repository/Page_VLinkReceipt/pre_STX' is: '<STX>14932|18295|54934             2920867             0  Transaction approved, no errors                   0                                                                                                              <ETX>'

2023-02-28 18:51:17 - [TEST_STEP][PASSED] - out.println("sdfo: " + sdfo): null

2023-02-28 18:51:17 - [TEST_STEP][PASSED] - remID = substring(5, 35).trim(): null

2023-02-28 18:51:17 - [TEST_STEP][PASSED] - out.println("remID: " + remID): null

2023-02-28 18:51:17 - [TEST_STEP][PASSED] - traxID = substring(35, 55).trim(): null

2023-02-28 18:51:17 - [TEST_STEP][PASSED] - out.println("traxID: " + traxID): null

2023-02-28 18:51:17 - [TEST_STEP][PASSED] - VLinkSaleRemID = remID: null

2023-02-28 18:51:17 - [TEST_STEP][PASSED] - VLinkSaleTranxID = traxID: null

2023-02-28 18:51:17 - [TEST_STEP][PASSED] - openBrowser(VLinkURL + "ACH_credit.html"): Browser is opened with url: 'https://dev-algorithm.govolution.com/vlinktest/demo2/version_2_0/ACH_credit.html'

2023-02-28 18:51:17 - [MESSAGE][WARNING] - A browser is already opened. Closing browser and opening a new one

2023-02-28 18:51:17 - [MESSAGE][INFO] - Starting 'Chrome' driver

2023-02-28 18:51:17 - [MESSAGE][INFO] - User set preference: ['acceptInsecureCerts', 'true']

2023-02-28 18:51:17 - [MESSAGE][INFO] - Action delay is set to 0 milliseconds

2023-02-28 18:51:19 - [MESSAGE][PASSED] - Browser is opened with url: 'https://dev-algorithm.govolution.com/vlinktest/demo2/version_2_0/ACH_credit.html'

2023-02-28 18:51:19 - [TEST_STEP][PASSED] - maximizeWindow(): Current window maximized

2023-02-28 18:51:19 - [MESSAGE][PASSED] - Current window maximized

2023-02-28 18:51:19 - [TEST_STEP][PASSED] - setText(findTestObject("Object Repository/RecAndPlayBk/Page-Vlink-ACH-Credit/input_Remittance Id"), VLinkSaleRemID): Text '14932|18295|54934' is set on object 'Object Repository/RecAndPlayBk/Page-Vlink-ACH-Credit/input_Remittance Id'

2023-02-28 18:51:20 - [MESSAGE][PASSED] - Text '14932|18295|54934' is set on object 'Object Repository/RecAndPlayBk/Page-Vlink-ACH-Credit/input_Remittance Id'

2023-02-28 18:51:20 - [TEST_STEP][PASSED] - setText(findTestObject("Object Repository/RecAndPlayBk/Page-Vlink-ACH-Credit/input_Application Id"), appID): Text '1773' is set on object 'Object Repository/RecAndPlayBk/Page-Vlink-ACH-Credit/input_Application Id'

2023-02-28 18:51:21 - [MESSAGE][PASSED] - Text '1773' is set on object 'Object Repository/RecAndPlayBk/Page-Vlink-ACH-Credit/input_Application Id'

2023-02-28 18:51:21 - [TEST_STEP][PASSED] - setText(findTestObject("Object Repository/RecAndPlayBk/Page-Vlink-ACH-Credit/input_Username"), username): Text 'Qq2BV1qtr' is set on object 'Object Repository/RecAndPlayBk/Page-Vlink-ACH-Credit/input_Username'

2023-02-28 18:51:21 - [MESSAGE][PASSED] - Text 'Qq2BV1qtr' is set on object 'Object Repository/RecAndPlayBk/Page-Vlink-ACH-Credit/input_Username'

2023-02-28 18:51:21 - [TEST_STEP][PASSED] - setText(findTestObject("Object Repository/RecAndPlayBk/Page-Vlink-ACH-Credit/input_Password"), password): Text 'tUmWBiLUx' is set on object 'Object Repository/RecAndPlayBk/Page-Vlink-ACH-Credit/input_Password'

2023-02-28 18:51:22 - [MESSAGE][PASSED] - Text 'tUmWBiLUx' is set on object 'Object Repository/RecAndPlayBk/Page-Vlink-ACH-Credit/input_Password'

2023-02-28 18:51:22 - [TEST_STEP][PASSED] - setText(findTestObject("Object Repository/RecAndPlayBk/Page-Vlink-ACH-Credit/input_Check Type"), checkType): Text 'P' is set on object 'Object Repository/RecAndPlayBk/Page-Vlink-ACH-Credit/input_Check Type'

2023-02-28 18:51:23 - [MESSAGE][PASSED] - Text 'P' is set on object 'Object Repository/RecAndPlayBk/Page-Vlink-ACH-Credit/input_Check Type'

2023-02-28 18:51:23 - [TEST_STEP][PASSED] - setText(findTestObject("Object Repository/RecAndPlayBk/Page-Vlink-ACH-Credit/input_Transaction ID"), VLinkSaleTranxID): Text '2920867' is set on object 'Object Repository/RecAndPlayBk/Page-Vlink-ACH-Credit/input_Transaction ID'

2023-02-28 18:51:23 - [MESSAGE][PASSED] - Text '2920867' is set on object 'Object Repository/RecAndPlayBk/Page-Vlink-ACH-Credit/input_Transaction ID'

2023-02-28 18:51:23 - [TEST_STEP][PASSED] - setText(findTestObject("Object Repository/RecAndPlayBk/Page-Vlink-ACH-Credit/input_Amount"), amount): Text '12.50' is set on object 'Object Repository/RecAndPlayBk/Page-Vlink-ACH-Credit/input_Amount'

2023-02-28 18:51:24 - [MESSAGE][PASSED] - Text '12.50' is set on object 'Object Repository/RecAndPlayBk/Page-Vlink-ACH-Credit/input_Amount'

2023-02-28 18:51:24 - [TEST_STEP][PASSED] - setText(findTestObject("Object Repository/RecAndPlayBk/Page-Vlink-ACH-Credit/input_Standard Entry Class"), sec): Text 'WEB' is set on object 'Object Repository/RecAndPlayBk/Page-Vlink-ACH-Credit/input_Standard Entry Class'

2023-02-28 18:51:24 - [MESSAGE][PASSED] - Text 'WEB' is set on object 'Object Repository/RecAndPlayBk/Page-Vlink-ACH-Credit/input_Standard Entry Class'

2023-02-28 18:51:24 - [TEST_STEP][PASSED] - setText(findTestObject("Object Repository/RecAndPlayBk/Page-Vlink-ACH-Credit/input_Account Number"), acNumber): Text '58963214' is set on object 'Object Repository/RecAndPlayBk/Page-Vlink-ACH-Credit/input_Account Number'

2023-02-28 18:51:25 - [MESSAGE][PASSED] - Text '58963214' is set on object 'Object Repository/RecAndPlayBk/Page-Vlink-ACH-Credit/input_Account Number'

2023-02-28 18:51:25 - [TEST_STEP][PASSED] - setText(findTestObject("Object Repository/RecAndPlayBk/Page-Vlink-ACH-Credit/input_Routing Number"), rtn): Text '256072691' is set on object 'Object Repository/RecAndPlayBk/Page-Vlink-ACH-Credit/input_Routing Number'

2023-02-28 18:51:26 - [MESSAGE][PASSED] - Text '256072691' is set on object 'Object Repository/RecAndPlayBk/Page-Vlink-ACH-Credit/input_Routing Number'

2023-02-28 18:51:26 - [TEST_STEP][PASSED] - click(findTestObject("Object Repository/RecAndPlayBk/Page-Vlink-ACH-Credit/input")): Object: 'Object Repository/RecAndPlayBk/Page-Vlink-ACH-Credit/input' is clicked on

2023-02-28 18:51:26 - [MESSAGE][PASSED] - Object: 'Object Repository/RecAndPlayBk/Page-Vlink-ACH-Credit/input' is clicked on

2023-02-28 18:51:26 - [TEST_STEP][PASSED] - if (verifyTextPresent("Transaction approved, no errors", true)): null

2023-02-28 18:51:27 - [MESSAGE][PASSED] - Text 'Transaction approved, no errors' is present on page  using regular expression

2023-02-28 18:51:27 - [TEST_STEP][PASSED] - println("Transaction Approved, no errors text is present on the Confirmation page"): null

2023-02-28 18:51:27 - [TEST_STEP][PASSED] - out.println("Pass Record Number: " + row): null

2023-02-28 18:51:27 - [TEST_STEP][PASSED] - resText = "Pass": null

2023-02-28 18:51:27 - [TEST_STEP][PASSED] - pages.WriteExcel.demoKey(resText, datText, resColumn, datCloumn, fileLoc, nameSheet, row): pages.WriteExcel.demoKey is PASSED

2023-02-28 18:51:27 - [MESSAGE][PASSED] - pages.WriteExcel.demoKey is PASSED

2023-02-28 18:51:27 - [TEST_STEP][PASSED] - ExecuteTC = findTestData(dataFile).getValue("Execute", row): null

2023-02-28 18:51:27 - [TEST_STEP][PASSED] - out.println("Value of Execute is : " + ExecuteTC): null

2023-02-28 18:51:27 - [TEST_STEP][PASSED] - switch (executionProfile): null

2023-02-28 18:51:27 - [TEST_STEP][PASSED] - case "Demo2Profile":: null

2023-02-28 18:51:27 - [TEST_STEP][PASSED] - appID = findTestData(dataFile).getValue("AppIDDemo", row): null

2023-02-28 18:51:27 - [TEST_STEP][PASSED] - username = findTestData(dataFile).getValue("UsernameDemo", row): null

2023-02-28 18:51:27 - [TEST_STEP][PASSED] - password = findTestData(dataFile).getValue("PasswordDemo", row): null

2023-02-28 18:51:27 - [TEST_STEP][PASSED] - break: null

2023-02-28 18:51:27 - [TEST_STEP][PASSED] - if (ExecuteTC.equalsIgnoreCase("Y")): null

2023-02-28 18:51:27 - [TEST_STEP][PASSED] - out.println("Begin Record Number: " + row): null

2023-02-28 18:51:27 - [TEST_STEP][PASSED] - today = new java.util.Date(): null

2023-02-28 18:51:27 - [TEST_STEP][PASSED] - println(today): null

2023-02-28 18:51:27 - [TEST_STEP][PASSED] - datText = today: null

2023-02-28 18:51:27 - [TEST_STEP][PASSED] - checkType = findTestData(dataFile).getValue("CheckType", row): null

2023-02-28 18:51:27 - [TEST_STEP][PASSED] - acNumber = findTestData(dataFile).getValue("AcNumber", row): null

2023-02-28 18:51:27 - [TEST_STEP][PASSED] - company = findTestData(dataFile).getValue("Company", row): null

2023-02-28 18:51:27 - [TEST_STEP][PASSED] - acType = findTestData(dataFile).getValue("AcType", row): null

2023-02-28 18:51:27 - [TEST_STEP][PASSED] - rtn = findTestData(dataFile).getValue("RTN", row): null

2023-02-28 18:51:27 - [TEST_STEP][PASSED] - amount = findTestData(dataFile).getValue("Amount", row): null

2023-02-28 18:51:27 - [TEST_STEP][PASSED] - sec = findTestData(dataFile).getValue("SEC", row): null

2023-02-28 18:51:27 - [TEST_STEP][PASSED] - openBrowser(VLinkURL + "debit.html"): Browser is opened with url: 'https://dev-algorithm.govolution.com/vlinktest/demo2/version_2_0/debit.html'

2023-02-28 18:51:27 - [MESSAGE][WARNING] - A browser is already opened. Closing browser and opening a new one

2023-02-28 18:51:28 - [MESSAGE][INFO] - Starting 'Chrome' driver

2023-02-28 18:51:28 - [MESSAGE][INFO] - User set preference: ['acceptInsecureCerts', 'true']

2023-02-28 18:51:28 - [MESSAGE][INFO] - Action delay is set to 0 milliseconds

2023-02-28 18:51:30 - [MESSAGE][PASSED] - Browser is opened with url: 'https://dev-algorithm.govolution.com/vlinktest/demo2/version_2_0/debit.html'

2023-02-28 18:51:30 - [TEST_STEP][PASSED] - maximizeWindow(): Current window maximized

2023-02-28 18:51:30 - [MESSAGE][PASSED] - Current window maximized

2023-02-28 18:51:30 - [TEST_STEP][PASSED] - genRemID1 = random() * 99999).toInteger(): null

2023-02-28 18:51:30 - [TEST_STEP][PASSED] - genRemID2 = random() * 99999).toInteger(): null

2023-02-28 18:51:30 - [TEST_STEP][PASSED] - genRemID3 = random() * 99999).toInteger(): null

2023-02-28 18:51:30 - [TEST_STEP][PASSED] - println(genRemID1): null

2023-02-28 18:51:30 - [TEST_STEP][PASSED] - println(genRemID2): null

2023-02-28 18:51:30 - [TEST_STEP][PASSED] - println(genRemID3): null

2023-02-28 18:51:30 - [TEST_STEP][PASSED] - genRemID = genRemID1 + "|" + genRemID2 + "|" + genRemID3: null

2023-02-28 18:51:30 - [TEST_STEP][PASSED] - println(genRemID): null

2023-02-28 18:51:30 - [TEST_STEP][PASSED] - setText(findTestObject("RecAndPlayBk/Page-Vlink-Debit/input_Remittance Id"), genRemID): Text '50833|73909|40575' is set on object 'Object Repository/RecAndPlayBk/Page-Vlink-Debit/input_Remittance Id'

2023-02-28 18:51:31 - [MESSAGE][PASSED] - Text '50833|73909|40575' is set on object 'Object Repository/RecAndPlayBk/Page-Vlink-Debit/input_Remittance Id'

2023-02-28 18:51:31 - [TEST_STEP][PASSED] - setText(findTestObject("RecAndPlayBk/Page-Vlink-Debit/input_Application Id"), appID): Text '1773' is set on object 'Object Repository/RecAndPlayBk/Page-Vlink-Debit/input_Application Id'

2023-02-28 18:51:32 - [MESSAGE][PASSED] - Text '1773' is set on object 'Object Repository/RecAndPlayBk/Page-Vlink-Debit/input_Application Id'

2023-02-28 18:51:32 - [TEST_STEP][PASSED] - setText(findTestObject("RecAndPlayBk/Page-Vlink-Debit/input_Username"), username): Text 'Qq2BV1qtr' is set on object 'Object Repository/RecAndPlayBk/Page-Vlink-Debit/input_Username'

2023-02-28 18:51:32 - [MESSAGE][PASSED] - Text 'Qq2BV1qtr' is set on object 'Object Repository/RecAndPlayBk/Page-Vlink-Debit/input_Username'

2023-02-28 18:51:32 - [TEST_STEP][PASSED] - setText(findTestObject("RecAndPlayBk/Page-Vlink-Debit/input_Password"), password): Text 'tUmWBiLUx' is set on object 'Object Repository/RecAndPlayBk/Page-Vlink-Debit/input_Password'

2023-02-28 18:51:33 - [MESSAGE][PASSED] - Text 'tUmWBiLUx' is set on object 'Object Repository/RecAndPlayBk/Page-Vlink-Debit/input_Password'

2023-02-28 18:51:33 - [TEST_STEP][PASSED] - setText(findTestObject("RecAndPlayBk/Page-Vlink-Debit/input_Check Type"), checkType): Text 'P' is set on object 'Object Repository/RecAndPlayBk/Page-Vlink-Debit/input_Check Type'

2023-02-28 18:51:34 - [MESSAGE][PASSED] - Text 'P' is set on object 'Object Repository/RecAndPlayBk/Page-Vlink-Debit/input_Check Type'

2023-02-28 18:51:34 - [TEST_STEP][PASSED] - setText(findTestObject("RecAndPlayBk/Page-Vlink-Debit/input_Account_check"), acNumber): Text '58963214' is set on object 'Object Repository/RecAndPlayBk/Page-Vlink-Debit/input_Account_check'

2023-02-28 18:51:34 - [MESSAGE][PASSED] - Text '58963214' is set on object 'Object Repository/RecAndPlayBk/Page-Vlink-Debit/input_Account_check'

2023-02-28 18:51:34 - [TEST_STEP][PASSED] - setText(findTestObject("RecAndPlayBk/Page-Vlink-Debit/input_Company_check"), company): Text '' is set on object 'Object Repository/RecAndPlayBk/Page-Vlink-Debit/input_Company_check'

2023-02-28 18:51:35 - [MESSAGE][PASSED] - Text '' is set on object 'Object Repository/RecAndPlayBk/Page-Vlink-Debit/input_Company_check'

2023-02-28 18:51:35 - [TEST_STEP][PASSED] - setText(findTestObject("RecAndPlayBk/Page-Vlink-Debit/input_Account Type"), acType): Text '2' is set on object 'Object Repository/RecAndPlayBk/Page-Vlink-Debit/input_Account Type'

2023-02-28 18:51:35 - [MESSAGE][PASSED] - Text '2' is set on object 'Object Repository/RecAndPlayBk/Page-Vlink-Debit/input_Account Type'

2023-02-28 18:51:35 - [TEST_STEP][PASSED] - setText(findTestObject("RecAndPlayBk/Page-Vlink-Debit/input_Routing Number"), rtn): Text '256072691' is set on object 'Object Repository/RecAndPlayBk/Page-Vlink-Debit/input_Routing Number'

2023-02-28 18:51:36 - [MESSAGE][PASSED] - Text '256072691' is set on object 'Object Repository/RecAndPlayBk/Page-Vlink-Debit/input_Routing Number'

2023-02-28 18:51:36 - [TEST_STEP][PASSED] - setText(findTestObject("RecAndPlayBk/Page-Vlink-Debit/input_Amount"), amount): Text '12.50' is set on object 'Object Repository/RecAndPlayBk/Page-Vlink-Debit/input_Amount'

2023-02-28 18:51:37 - [MESSAGE][PASSED] - Text '12.50' is set on object 'Object Repository/RecAndPlayBk/Page-Vlink-Debit/input_Amount'

2023-02-28 18:51:37 - [TEST_STEP][PASSED] - setText(findTestObject("RecAndPlayBk/Page-Vlink-Debit/input_Check Email"), ""): Text '' is set on object 'Object Repository/RecAndPlayBk/Page-Vlink-Debit/input_Check Email'

2023-02-28 18:51:37 - [MESSAGE][PASSED] - Text '' is set on object 'Object Repository/RecAndPlayBk/Page-Vlink-Debit/input_Check Email'

2023-02-28 18:51:37 - [TEST_STEP][PASSED] - setText(findTestObject("Object Repository/RecAndPlayBk/Page-Vlink-Debit/input_concat(CheckWriter, , s SSN)_check_ssn"), ""): Text '' is set on object 'Object Repository/RecAndPlayBk/Page-Vlink-Debit/input_concat(CheckWriter, , s SSN)_check_ssn'

2023-02-28 18:51:38 - [MESSAGE][PASSED] - Text '' is set on object 'Object Repository/RecAndPlayBk/Page-Vlink-Debit/input_concat(CheckWriter, , s SSN)_check_ssn'

2023-02-28 18:51:38 - [TEST_STEP][PASSED] - setText(findTestObject("Object Repository/RecAndPlayBk/Page-Vlink-Debit/input_concat(CheckWriter, , s License Numbe_020fef"), ""): Text '' is set on object 'Object Repository/RecAndPlayBk/Page-Vlink-Debit/input_concat(CheckWriter, , s License Numbe_020fef'

2023-02-28 18:51:39 - [MESSAGE][PASSED] - Text '' is set on object 'Object Repository/RecAndPlayBk/Page-Vlink-Debit/input_concat(CheckWriter, , s License Numbe_020fef'

2023-02-28 18:51:39 - [TEST_STEP][PASSED] - setText(findTestObject("Object Repository/RecAndPlayBk/Page-Vlink-Debit/input_concat(CheckWriter, , s License State_21e3e7"), ""): Text '' is set on object 'Object Repository/RecAndPlayBk/Page-Vlink-Debit/input_concat(CheckWriter, , s License State_21e3e7'

2023-02-28 18:51:39 - [MESSAGE][PASSED] - Text '' is set on object 'Object Repository/RecAndPlayBk/Page-Vlink-Debit/input_concat(CheckWriter, , s License State_21e3e7'

2023-02-28 18:51:39 - [TEST_STEP][PASSED] - setText(findTestObject("RecAndPlayBk/Page-Vlink-Debit/input_Standard Entry Class"), sec): Text 'TEL' is set on object 'Object Repository/RecAndPlayBk/Page-Vlink-Debit/input_Standard Entry Class'

2023-02-28 18:51:40 - [MESSAGE][PASSED] - Text 'TEL' is set on object 'Object Repository/RecAndPlayBk/Page-Vlink-Debit/input_Standard Entry Class'

2023-02-28 18:51:40 - [TEST_STEP][PASSED] - click(findTestObject("Object Repository/RecAndPlayBk/Page-Vlink-Debit/input")): Object: 'Object Repository/RecAndPlayBk/Page-Vlink-Debit/input' is clicked on

2023-02-28 18:51:41 - [MESSAGE][PASSED] - Object: 'Object Repository/RecAndPlayBk/Page-Vlink-Debit/input' is clicked on

2023-02-28 18:51:41 - [TEST_STEP][PASSED] - if (verifyTextPresent("Transaction approved, no errors", true)): null

2023-02-28 18:51:41 - [MESSAGE][PASSED] - Text 'Transaction approved, no errors' is present on page  using regular expression

2023-02-28 18:51:41 - [TEST_STEP][PASSED] - println("Transaction Approved, no errors text is present on the Confirmation page"): null

2023-02-28 18:51:41 - [TEST_STEP][PASSED] - sdfo = getText(findTestObject("Object Repository/Page_VLinkReceipt/pre_STX")): Text of object 'Object Repository/Page_VLinkReceipt/pre_STX' is: '<STX>50833|73909|40575             2920869             0  Transaction approved, no errors                   0                                                                                                              <ETX>'

2023-02-28 18:51:41 - [MESSAGE][PASSED] - Text of object 'Object Repository/Page_VLinkReceipt/pre_STX' is: '<STX>50833|73909|40575             2920869             0  Transaction approved, no errors                   0                                                                                                              <ETX>'

2023-02-28 18:51:41 - [TEST_STEP][PASSED] - out.println("sdfo: " + sdfo): null

2023-02-28 18:51:41 - [TEST_STEP][PASSED] - remID = substring(5, 35).trim(): null

2023-02-28 18:51:41 - [TEST_STEP][PASSED] - out.println("remID: " + remID): null

2023-02-28 18:51:41 - [TEST_STEP][PASSED] - traxID = substring(35, 55).trim(): null

2023-02-28 18:51:41 - [TEST_STEP][PASSED] - out.println("traxID: " + traxID): null

2023-02-28 18:51:41 - [TEST_STEP][PASSED] - VLinkSaleRemID = remID: null

2023-02-28 18:51:41 - [TEST_STEP][PASSED] - VLinkSaleTranxID = traxID: null

2023-02-28 18:51:41 - [TEST_STEP][PASSED] - openBrowser(VLinkURL + "ACH_credit.html"): Browser is opened with url: 'https://dev-algorithm.govolution.com/vlinktest/demo2/version_2_0/ACH_credit.html'

2023-02-28 18:51:41 - [MESSAGE][WARNING] - A browser is already opened. Closing browser and opening a new one

2023-02-28 18:51:42 - [MESSAGE][INFO] - Starting 'Chrome' driver

2023-02-28 18:51:42 - [MESSAGE][INFO] - User set preference: ['acceptInsecureCerts', 'true']

2023-02-28 18:51:42 - [MESSAGE][INFO] - Action delay is set to 0 milliseconds

2023-02-28 18:51:44 - [MESSAGE][PASSED] - Browser is opened with url: 'https://dev-algorithm.govolution.com/vlinktest/demo2/version_2_0/ACH_credit.html'

2023-02-28 18:51:44 - [TEST_STEP][PASSED] - maximizeWindow(): Current window maximized

2023-02-28 18:51:44 - [MESSAGE][PASSED] - Current window maximized

2023-02-28 18:51:44 - [TEST_STEP][PASSED] - setText(findTestObject("Object Repository/RecAndPlayBk/Page-Vlink-ACH-Credit/input_Remittance Id"), VLinkSaleRemID): Text '50833|73909|40575' is set on object 'Object Repository/RecAndPlayBk/Page-Vlink-ACH-Credit/input_Remittance Id'

2023-02-28 18:51:45 - [MESSAGE][PASSED] - Text '50833|73909|40575' is set on object 'Object Repository/RecAndPlayBk/Page-Vlink-ACH-Credit/input_Remittance Id'

2023-02-28 18:51:45 - [TEST_STEP][PASSED] - setText(findTestObject("Object Repository/RecAndPlayBk/Page-Vlink-ACH-Credit/input_Application Id"), appID): Text '1773' is set on object 'Object Repository/RecAndPlayBk/Page-Vlink-ACH-Credit/input_Application Id'

2023-02-28 18:51:46 - [MESSAGE][PASSED] - Text '1773' is set on object 'Object Repository/RecAndPlayBk/Page-Vlink-ACH-Credit/input_Application Id'

2023-02-28 18:51:46 - [TEST_STEP][PASSED] - setText(findTestObject("Object Repository/RecAndPlayBk/Page-Vlink-ACH-Credit/input_Username"), username): Text 'Qq2BV1qtr' is set on object 'Object Repository/RecAndPlayBk/Page-Vlink-ACH-Credit/input_Username'

2023-02-28 18:51:46 - [MESSAGE][PASSED] - Text 'Qq2BV1qtr' is set on object 'Object Repository/RecAndPlayBk/Page-Vlink-ACH-Credit/input_Username'

2023-02-28 18:51:46 - [TEST_STEP][PASSED] - setText(findTestObject("Object Repository/RecAndPlayBk/Page-Vlink-ACH-Credit/input_Password"), password): Text 'tUmWBiLUx' is set on object 'Object Repository/RecAndPlayBk/Page-Vlink-ACH-Credit/input_Password'

2023-02-28 18:51:47 - [MESSAGE][PASSED] - Text 'tUmWBiLUx' is set on object 'Object Repository/RecAndPlayBk/Page-Vlink-ACH-Credit/input_Password'

2023-02-28 18:51:47 - [TEST_STEP][PASSED] - setText(findTestObject("Object Repository/RecAndPlayBk/Page-Vlink-ACH-Credit/input_Check Type"), checkType): Text 'P' is set on object 'Object Repository/RecAndPlayBk/Page-Vlink-ACH-Credit/input_Check Type'

2023-02-28 18:51:48 - [MESSAGE][PASSED] - Text 'P' is set on object 'Object Repository/RecAndPlayBk/Page-Vlink-ACH-Credit/input_Check Type'

2023-02-28 18:51:48 - [TEST_STEP][PASSED] - setText(findTestObject("Object Repository/RecAndPlayBk/Page-Vlink-ACH-Credit/input_Transaction ID"), VLinkSaleTranxID): Text '2920869' is set on object 'Object Repository/RecAndPlayBk/Page-Vlink-ACH-Credit/input_Transaction ID'

2023-02-28 18:51:48 - [MESSAGE][PASSED] - Text '2920869' is set on object 'Object Repository/RecAndPlayBk/Page-Vlink-ACH-Credit/input_Transaction ID'

2023-02-28 18:51:48 - [TEST_STEP][PASSED] - setText(findTestObject("Object Repository/RecAndPlayBk/Page-Vlink-ACH-Credit/input_Amount"), amount): Text '12.50' is set on object 'Object Repository/RecAndPlayBk/Page-Vlink-ACH-Credit/input_Amount'

2023-02-28 18:51:49 - [MESSAGE][PASSED] - Text '12.50' is set on object 'Object Repository/RecAndPlayBk/Page-Vlink-ACH-Credit/input_Amount'

2023-02-28 18:51:49 - [TEST_STEP][PASSED] - setText(findTestObject("Object Repository/RecAndPlayBk/Page-Vlink-ACH-Credit/input_Standard Entry Class"), sec): Text 'TEL' is set on object 'Object Repository/RecAndPlayBk/Page-Vlink-ACH-Credit/input_Standard Entry Class'

2023-02-28 18:51:49 - [MESSAGE][PASSED] - Text 'TEL' is set on object 'Object Repository/RecAndPlayBk/Page-Vlink-ACH-Credit/input_Standard Entry Class'

2023-02-28 18:51:49 - [TEST_STEP][PASSED] - setText(findTestObject("Object Repository/RecAndPlayBk/Page-Vlink-ACH-Credit/input_Account Number"), acNumber): Text '58963214' is set on object 'Object Repository/RecAndPlayBk/Page-Vlink-ACH-Credit/input_Account Number'

2023-02-28 18:51:50 - [MESSAGE][PASSED] - Text '58963214' is set on object 'Object Repository/RecAndPlayBk/Page-Vlink-ACH-Credit/input_Account Number'

2023-02-28 18:51:50 - [TEST_STEP][PASSED] - setText(findTestObject("Object Repository/RecAndPlayBk/Page-Vlink-ACH-Credit/input_Routing Number"), rtn): Text '256072691' is set on object 'Object Repository/RecAndPlayBk/Page-Vlink-ACH-Credit/input_Routing Number'

2023-02-28 18:51:51 - [MESSAGE][PASSED] - Text '256072691' is set on object 'Object Repository/RecAndPlayBk/Page-Vlink-ACH-Credit/input_Routing Number'

2023-02-28 18:51:51 - [TEST_STEP][PASSED] - click(findTestObject("Object Repository/RecAndPlayBk/Page-Vlink-ACH-Credit/input")): Object: 'Object Repository/RecAndPlayBk/Page-Vlink-ACH-Credit/input' is clicked on

2023-02-28 18:51:51 - [MESSAGE][PASSED] - Object: 'Object Repository/RecAndPlayBk/Page-Vlink-ACH-Credit/input' is clicked on

2023-02-28 18:51:51 - [TEST_STEP][PASSED] - if (verifyTextPresent("Transaction approved, no errors", true)): null

2023-02-28 18:51:52 - [MESSAGE][PASSED] - Text 'Transaction approved, no errors' is present on page  using regular expression

2023-02-28 18:51:52 - [TEST_STEP][PASSED] - println("Transaction Approved, no errors text is present on the Confirmation page"): null

2023-02-28 18:51:52 - [TEST_STEP][PASSED] - out.println("Pass Record Number: " + row): null

2023-02-28 18:51:52 - [TEST_STEP][PASSED] - resText = "Pass": null

2023-02-28 18:51:52 - [TEST_STEP][PASSED] - pages.WriteExcel.demoKey(resText, datText, resColumn, datCloumn, fileLoc, nameSheet, row): pages.WriteExcel.demoKey is PASSED

2023-02-28 18:51:52 - [MESSAGE][PASSED] - pages.WriteExcel.demoKey is PASSED

2023-02-28 18:51:52 - [TEST_STEP][PASSED] - ExecuteTC = findTestData(dataFile).getValue("Execute", row): null

2023-02-28 18:51:52 - [TEST_STEP][PASSED] - out.println("Value of Execute is : " + ExecuteTC): null

2023-02-28 18:51:52 - [TEST_STEP][PASSED] - switch (executionProfile): null

2023-02-28 18:51:52 - [TEST_STEP][PASSED] - case "Demo2Profile":: null

2023-02-28 18:51:52 - [TEST_STEP][PASSED] - appID = findTestData(dataFile).getValue("AppIDDemo", row): null

2023-02-28 18:51:52 - [TEST_STEP][PASSED] - username = findTestData(dataFile).getValue("UsernameDemo", row): null

2023-02-28 18:51:52 - [TEST_STEP][PASSED] - password = findTestData(dataFile).getValue("PasswordDemo", row): null

2023-02-28 18:51:52 - [TEST_STEP][PASSED] - break: null

2023-02-28 18:51:52 - [TEST_STEP][PASSED] - if (ExecuteTC.equalsIgnoreCase("Y")): null

2023-02-28 18:51:52 - [TEST_STEP][PASSED] - out.println("Begin Record Number: " + row): null

2023-02-28 18:51:52 - [TEST_STEP][PASSED] - today = new java.util.Date(): null

2023-02-28 18:51:52 - [TEST_STEP][PASSED] - println(today): null

2023-02-28 18:51:52 - [TEST_STEP][PASSED] - datText = today: null

2023-02-28 18:51:52 - [TEST_STEP][PASSED] - checkType = findTestData(dataFile).getValue("CheckType", row): null

2023-02-28 18:51:52 - [TEST_STEP][PASSED] - acNumber = findTestData(dataFile).getValue("AcNumber", row): null

2023-02-28 18:51:52 - [TEST_STEP][PASSED] - company = findTestData(dataFile).getValue("Company", row): null

2023-02-28 18:51:52 - [TEST_STEP][PASSED] - acType = findTestData(dataFile).getValue("AcType", row): null

2023-02-28 18:51:52 - [TEST_STEP][PASSED] - rtn = findTestData(dataFile).getValue("RTN", row): null

2023-02-28 18:51:52 - [TEST_STEP][PASSED] - amount = findTestData(dataFile).getValue("Amount", row): null

2023-02-28 18:51:52 - [TEST_STEP][PASSED] - sec = findTestData(dataFile).getValue("SEC", row): null

2023-02-28 18:51:52 - [TEST_STEP][PASSED] - openBrowser(VLinkURL + "debit.html"): Browser is opened with url: 'https://dev-algorithm.govolution.com/vlinktest/demo2/version_2_0/debit.html'

2023-02-28 18:51:52 - [MESSAGE][WARNING] - A browser is already opened. Closing browser and opening a new one

2023-02-28 18:51:53 - [MESSAGE][INFO] - Starting 'Chrome' driver

2023-02-28 18:51:53 - [MESSAGE][INFO] - User set preference: ['acceptInsecureCerts', 'true']

2023-02-28 18:51:53 - [MESSAGE][INFO] - Action delay is set to 0 milliseconds

2023-02-28 18:51:55 - [MESSAGE][PASSED] - Browser is opened with url: 'https://dev-algorithm.govolution.com/vlinktest/demo2/version_2_0/debit.html'

2023-02-28 18:51:55 - [TEST_STEP][PASSED] - maximizeWindow(): Current window maximized

2023-02-28 18:51:55 - [MESSAGE][PASSED] - Current window maximized

2023-02-28 18:51:55 - [TEST_STEP][PASSED] - genRemID1 = random() * 99999).toInteger(): null

2023-02-28 18:51:55 - [TEST_STEP][PASSED] - genRemID2 = random() * 99999).toInteger(): null

2023-02-28 18:51:55 - [TEST_STEP][PASSED] - genRemID3 = random() * 99999).toInteger(): null

2023-02-28 18:51:55 - [TEST_STEP][PASSED] - println(genRemID1): null

2023-02-28 18:51:55 - [TEST_STEP][PASSED] - println(genRemID2): null

2023-02-28 18:51:55 - [TEST_STEP][PASSED] - println(genRemID3): null

2023-02-28 18:51:55 - [TEST_STEP][PASSED] - genRemID = genRemID1 + "|" + genRemID2 + "|" + genRemID3: null

2023-02-28 18:51:55 - [TEST_STEP][PASSED] - println(genRemID): null

2023-02-28 18:51:55 - [TEST_STEP][PASSED] - setText(findTestObject("RecAndPlayBk/Page-Vlink-Debit/input_Remittance Id"), genRemID): Text '55328|78942|88915' is set on object 'Object Repository/RecAndPlayBk/Page-Vlink-Debit/input_Remittance Id'

2023-02-28 18:51:56 - [MESSAGE][PASSED] - Text '55328|78942|88915' is set on object 'Object Repository/RecAndPlayBk/Page-Vlink-Debit/input_Remittance Id'

2023-02-28 18:51:56 - [TEST_STEP][PASSED] - setText(findTestObject("RecAndPlayBk/Page-Vlink-Debit/input_Application Id"), appID): Text '1773' is set on object 'Object Repository/RecAndPlayBk/Page-Vlink-Debit/input_Application Id'

2023-02-28 18:51:57 - [MESSAGE][PASSED] - Text '1773' is set on object 'Object Repository/RecAndPlayBk/Page-Vlink-Debit/input_Application Id'

2023-02-28 18:51:57 - [TEST_STEP][PASSED] - setText(findTestObject("RecAndPlayBk/Page-Vlink-Debit/input_Username"), username): Text 'Qq2BV1qtr' is set on object 'Object Repository/RecAndPlayBk/Page-Vlink-Debit/input_Username'

2023-02-28 18:51:57 - [MESSAGE][PASSED] - Text 'Qq2BV1qtr' is set on object 'Object Repository/RecAndPlayBk/Page-Vlink-Debit/input_Username'

2023-02-28 18:51:57 - [TEST_STEP][PASSED] - setText(findTestObject("RecAndPlayBk/Page-Vlink-Debit/input_Password"), password): Text 'tUmWBiLUx' is set on object 'Object Repository/RecAndPlayBk/Page-Vlink-Debit/input_Password'

2023-02-28 18:51:58 - [MESSAGE][PASSED] - Text 'tUmWBiLUx' is set on object 'Object Repository/RecAndPlayBk/Page-Vlink-Debit/input_Password'

2023-02-28 18:51:58 - [TEST_STEP][PASSED] - setText(findTestObject("RecAndPlayBk/Page-Vlink-Debit/input_Check Type"), checkType): Text 'P' is set on object 'Object Repository/RecAndPlayBk/Page-Vlink-Debit/input_Check Type'

2023-02-28 18:51:59 - [MESSAGE][PASSED] - Text 'P' is set on object 'Object Repository/RecAndPlayBk/Page-Vlink-Debit/input_Check Type'

2023-02-28 18:51:59 - [TEST_STEP][PASSED] - setText(findTestObject("RecAndPlayBk/Page-Vlink-Debit/input_Account_check"), acNumber): Text '58963214' is set on object 'Object Repository/RecAndPlayBk/Page-Vlink-Debit/input_Account_check'

2023-02-28 18:51:59 - [MESSAGE][PASSED] - Text '58963214' is set on object 'Object Repository/RecAndPlayBk/Page-Vlink-Debit/input_Account_check'

2023-02-28 18:51:59 - [TEST_STEP][PASSED] - setText(findTestObject("RecAndPlayBk/Page-Vlink-Debit/input_Company_check"), company): Text '' is set on object 'Object Repository/RecAndPlayBk/Page-Vlink-Debit/input_Company_check'

2023-02-28 18:52:00 - [MESSAGE][PASSED] - Text '' is set on object 'Object Repository/RecAndPlayBk/Page-Vlink-Debit/input_Company_check'

2023-02-28 18:52:00 - [TEST_STEP][PASSED] - setText(findTestObject("RecAndPlayBk/Page-Vlink-Debit/input_Account Type"), acType): Text '2' is set on object 'Object Repository/RecAndPlayBk/Page-Vlink-Debit/input_Account Type'

2023-02-28 18:52:00 - [MESSAGE][PASSED] - Text '2' is set on object 'Object Repository/RecAndPlayBk/Page-Vlink-Debit/input_Account Type'

2023-02-28 18:52:00 - [TEST_STEP][PASSED] - setText(findTestObject("RecAndPlayBk/Page-Vlink-Debit/input_Routing Number"), rtn): Text '256072691' is set on object 'Object Repository/RecAndPlayBk/Page-Vlink-Debit/input_Routing Number'

2023-02-28 18:52:01 - [MESSAGE][PASSED] - Text '256072691' is set on object 'Object Repository/RecAndPlayBk/Page-Vlink-Debit/input_Routing Number'

2023-02-28 18:52:01 - [TEST_STEP][PASSED] - setText(findTestObject("RecAndPlayBk/Page-Vlink-Debit/input_Amount"), amount): Text '12.50' is set on object 'Object Repository/RecAndPlayBk/Page-Vlink-Debit/input_Amount'

2023-02-28 18:52:02 - [MESSAGE][PASSED] - Text '12.50' is set on object 'Object Repository/RecAndPlayBk/Page-Vlink-Debit/input_Amount'

2023-02-28 18:52:02 - [TEST_STEP][PASSED] - setText(findTestObject("RecAndPlayBk/Page-Vlink-Debit/input_Check Email"), ""): Text '' is set on object 'Object Repository/RecAndPlayBk/Page-Vlink-Debit/input_Check Email'

2023-02-28 18:52:02 - [MESSAGE][PASSED] - Text '' is set on object 'Object Repository/RecAndPlayBk/Page-Vlink-Debit/input_Check Email'

2023-02-28 18:52:02 - [TEST_STEP][PASSED] - setText(findTestObject("Object Repository/RecAndPlayBk/Page-Vlink-Debit/input_concat(CheckWriter, , s SSN)_check_ssn"), ""): Text '' is set on object 'Object Repository/RecAndPlayBk/Page-Vlink-Debit/input_concat(CheckWriter, , s SSN)_check_ssn'

2023-02-28 18:52:03 - [MESSAGE][PASSED] - Text '' is set on object 'Object Repository/RecAndPlayBk/Page-Vlink-Debit/input_concat(CheckWriter, , s SSN)_check_ssn'

2023-02-28 18:52:03 - [TEST_STEP][PASSED] - setText(findTestObject("Object Repository/RecAndPlayBk/Page-Vlink-Debit/input_concat(CheckWriter, , s License Numbe_020fef"), ""): Text '' is set on object 'Object Repository/RecAndPlayBk/Page-Vlink-Debit/input_concat(CheckWriter, , s License Numbe_020fef'

2023-02-28 18:52:03 - [MESSAGE][PASSED] - Text '' is set on object 'Object Repository/RecAndPlayBk/Page-Vlink-Debit/input_concat(CheckWriter, , s License Numbe_020fef'

2023-02-28 18:52:03 - [TEST_STEP][PASSED] - setText(findTestObject("Object Repository/RecAndPlayBk/Page-Vlink-Debit/input_concat(CheckWriter, , s License State_21e3e7"), ""): Text '' is set on object 'Object Repository/RecAndPlayBk/Page-Vlink-Debit/input_concat(CheckWriter, , s License State_21e3e7'

2023-02-28 18:52:04 - [MESSAGE][PASSED] - Text '' is set on object 'Object Repository/RecAndPlayBk/Page-Vlink-Debit/input_concat(CheckWriter, , s License State_21e3e7'

2023-02-28 18:52:04 - [TEST_STEP][PASSED] - setText(findTestObject("RecAndPlayBk/Page-Vlink-Debit/input_Standard Entry Class"), sec): Text 'PPD' is set on object 'Object Repository/RecAndPlayBk/Page-Vlink-Debit/input_Standard Entry Class'

2023-02-28 18:52:05 - [MESSAGE][PASSED] - Text 'PPD' is set on object 'Object Repository/RecAndPlayBk/Page-Vlink-Debit/input_Standard Entry Class'

2023-02-28 18:52:05 - [TEST_STEP][PASSED] - click(findTestObject("Object Repository/RecAndPlayBk/Page-Vlink-Debit/input")): Object: 'Object Repository/RecAndPlayBk/Page-Vlink-Debit/input' is clicked on

2023-02-28 18:52:06 - [MESSAGE][PASSED] - Object: 'Object Repository/RecAndPlayBk/Page-Vlink-Debit/input' is clicked on

2023-02-28 18:52:06 - [TEST_STEP][PASSED] - if (verifyTextPresent("Transaction approved, no errors", true)): null

2023-02-28 18:52:06 - [MESSAGE][PASSED] - Text 'Transaction approved, no errors' is present on page  using regular expression

2023-02-28 18:52:06 - [TEST_STEP][PASSED] - println("Transaction Approved, no errors text is present on the Confirmation page"): null

2023-02-28 18:52:06 - [TEST_STEP][PASSED] - sdfo = getText(findTestObject("Object Repository/Page_VLinkReceipt/pre_STX")): Text of object 'Object Repository/Page_VLinkReceipt/pre_STX' is: '<STX>55328|78942|88915             2920871             0  Transaction approved, no errors                   0                                                                                                              <ETX>'

2023-02-28 18:52:06 - [MESSAGE][PASSED] - Text of object 'Object Repository/Page_VLinkReceipt/pre_STX' is: '<STX>55328|78942|88915             2920871             0  Transaction approved, no errors                   0                                                                                                              <ETX>'

2023-02-28 18:52:06 - [TEST_STEP][PASSED] - out.println("sdfo: " + sdfo): null

2023-02-28 18:52:06 - [TEST_STEP][PASSED] - remID = substring(5, 35).trim(): null

2023-02-28 18:52:06 - [TEST_STEP][PASSED] - out.println("remID: " + remID): null

2023-02-28 18:52:06 - [TEST_STEP][PASSED] - traxID = substring(35, 55).trim(): null

2023-02-28 18:52:06 - [TEST_STEP][PASSED] - out.println("traxID: " + traxID): null

2023-02-28 18:52:06 - [TEST_STEP][PASSED] - VLinkSaleRemID = remID: null

2023-02-28 18:52:06 - [TEST_STEP][PASSED] - VLinkSaleTranxID = traxID: null

2023-02-28 18:52:06 - [TEST_STEP][PASSED] - openBrowser(VLinkURL + "ACH_credit.html"): Browser is opened with url: 'https://dev-algorithm.govolution.com/vlinktest/demo2/version_2_0/ACH_credit.html'

2023-02-28 18:52:06 - [MESSAGE][WARNING] - A browser is already opened. Closing browser and opening a new one

2023-02-28 18:52:07 - [MESSAGE][INFO] - Starting 'Chrome' driver

2023-02-28 18:52:07 - [MESSAGE][INFO] - User set preference: ['acceptInsecureCerts', 'true']

2023-02-28 18:52:07 - [MESSAGE][INFO] - Action delay is set to 0 milliseconds

2023-02-28 18:52:09 - [MESSAGE][PASSED] - Browser is opened with url: 'https://dev-algorithm.govolution.com/vlinktest/demo2/version_2_0/ACH_credit.html'

2023-02-28 18:52:09 - [TEST_STEP][PASSED] - maximizeWindow(): Current window maximized

2023-02-28 18:52:09 - [MESSAGE][PASSED] - Current window maximized

2023-02-28 18:52:09 - [TEST_STEP][PASSED] - setText(findTestObject("Object Repository/RecAndPlayBk/Page-Vlink-ACH-Credit/input_Remittance Id"), VLinkSaleRemID): Text '55328|78942|88915' is set on object 'Object Repository/RecAndPlayBk/Page-Vlink-ACH-Credit/input_Remittance Id'

2023-02-28 18:52:10 - [MESSAGE][PASSED] - Text '55328|78942|88915' is set on object 'Object Repository/RecAndPlayBk/Page-Vlink-ACH-Credit/input_Remittance Id'

2023-02-28 18:52:10 - [TEST_STEP][PASSED] - setText(findTestObject("Object Repository/RecAndPlayBk/Page-Vlink-ACH-Credit/input_Application Id"), appID): Text '1773' is set on object 'Object Repository/RecAndPlayBk/Page-Vlink-ACH-Credit/input_Application Id'

2023-02-28 18:52:10 - [MESSAGE][PASSED] - Text '1773' is set on object 'Object Repository/RecAndPlayBk/Page-Vlink-ACH-Credit/input_Application Id'

2023-02-28 18:52:10 - [TEST_STEP][PASSED] - setText(findTestObject("Object Repository/RecAndPlayBk/Page-Vlink-ACH-Credit/input_Username"), username): Text 'Qq2BV1qtr' is set on object 'Object Repository/RecAndPlayBk/Page-Vlink-ACH-Credit/input_Username'

2023-02-28 18:52:11 - [MESSAGE][PASSED] - Text 'Qq2BV1qtr' is set on object 'Object Repository/RecAndPlayBk/Page-Vlink-ACH-Credit/input_Username'

2023-02-28 18:52:11 - [TEST_STEP][PASSED] - setText(findTestObject("Object Repository/RecAndPlayBk/Page-Vlink-ACH-Credit/input_Password"), password): Text 'tUmWBiLUx' is set on object 'Object Repository/RecAndPlayBk/Page-Vlink-ACH-Credit/input_Password'

2023-02-28 18:52:12 - [MESSAGE][PASSED] - Text 'tUmWBiLUx' is set on object 'Object Repository/RecAndPlayBk/Page-Vlink-ACH-Credit/input_Password'

2023-02-28 18:52:12 - [TEST_STEP][PASSED] - setText(findTestObject("Object Repository/RecAndPlayBk/Page-Vlink-ACH-Credit/input_Check Type"), checkType): Text 'P' is set on object 'Object Repository/RecAndPlayBk/Page-Vlink-ACH-Credit/input_Check Type'

2023-02-28 18:52:12 - [MESSAGE][PASSED] - Text 'P' is set on object 'Object Repository/RecAndPlayBk/Page-Vlink-ACH-Credit/input_Check Type'

2023-02-28 18:52:12 - [TEST_STEP][PASSED] - setText(findTestObject("Object Repository/RecAndPlayBk/Page-Vlink-ACH-Credit/input_Transaction ID"), VLinkSaleTranxID): Text '2920871' is set on object 'Object Repository/RecAndPlayBk/Page-Vlink-ACH-Credit/input_Transaction ID'

2023-02-28 18:52:13 - [MESSAGE][PASSED] - Text '2920871' is set on object 'Object Repository/RecAndPlayBk/Page-Vlink-ACH-Credit/input_Transaction ID'

2023-02-28 18:52:13 - [TEST_STEP][PASSED] - setText(findTestObject("Object Repository/RecAndPlayBk/Page-Vlink-ACH-Credit/input_Amount"), amount): Text '12.50' is set on object 'Object Repository/RecAndPlayBk/Page-Vlink-ACH-Credit/input_Amount'

2023-02-28 18:52:14 - [MESSAGE][PASSED] - Text '12.50' is set on object 'Object Repository/RecAndPlayBk/Page-Vlink-ACH-Credit/input_Amount'

2023-02-28 18:52:14 - [TEST_STEP][PASSED] - setText(findTestObject("Object Repository/RecAndPlayBk/Page-Vlink-ACH-Credit/input_Standard Entry Class"), sec): Text 'PPD' is set on object 'Object Repository/RecAndPlayBk/Page-Vlink-ACH-Credit/input_Standard Entry Class'

2023-02-28 18:52:14 - [MESSAGE][PASSED] - Text 'PPD' is set on object 'Object Repository/RecAndPlayBk/Page-Vlink-ACH-Credit/input_Standard Entry Class'

2023-02-28 18:52:14 - [TEST_STEP][PASSED] - setText(findTestObject("Object Repository/RecAndPlayBk/Page-Vlink-ACH-Credit/input_Account Number"), acNumber): Text '58963214' is set on object 'Object Repository/RecAndPlayBk/Page-Vlink-ACH-Credit/input_Account Number'

2023-02-28 18:52:15 - [MESSAGE][PASSED] - Text '58963214' is set on object 'Object Repository/RecAndPlayBk/Page-Vlink-ACH-Credit/input_Account Number'

2023-02-28 18:52:15 - [TEST_STEP][PASSED] - setText(findTestObject("Object Repository/RecAndPlayBk/Page-Vlink-ACH-Credit/input_Routing Number"), rtn): Text '256072691' is set on object 'Object Repository/RecAndPlayBk/Page-Vlink-ACH-Credit/input_Routing Number'

2023-02-28 18:52:15 - [MESSAGE][PASSED] - Text '256072691' is set on object 'Object Repository/RecAndPlayBk/Page-Vlink-ACH-Credit/input_Routing Number'

2023-02-28 18:52:15 - [TEST_STEP][PASSED] - click(findTestObject("Object Repository/RecAndPlayBk/Page-Vlink-ACH-Credit/input")): Object: 'Object Repository/RecAndPlayBk/Page-Vlink-ACH-Credit/input' is clicked on

2023-02-28 18:52:16 - [MESSAGE][PASSED] - Object: 'Object Repository/RecAndPlayBk/Page-Vlink-ACH-Credit/input' is clicked on

2023-02-28 18:52:16 - [TEST_STEP][PASSED] - if (verifyTextPresent("Transaction approved, no errors", true)): null

2023-02-28 18:52:16 - [MESSAGE][PASSED] - Text 'Transaction approved, no errors' is present on page  using regular expression

2023-02-28 18:52:16 - [TEST_STEP][PASSED] - println("Transaction Approved, no errors text is present on the Confirmation page"): null

2023-02-28 18:52:16 - [TEST_STEP][PASSED] - out.println("Pass Record Number: " + row): null

2023-02-28 18:52:16 - [TEST_STEP][PASSED] - resText = "Pass": null

2023-02-28 18:52:16 - [TEST_STEP][PASSED] - pages.WriteExcel.demoKey(resText, datText, resColumn, datCloumn, fileLoc, nameSheet, row): pages.WriteExcel.demoKey is PASSED

2023-02-28 18:52:17 - [MESSAGE][PASSED] - pages.WriteExcel.demoKey is PASSED

2023-02-28 18:52:17 - [TEST_STEP][PASSED] - ExecuteTC = findTestData(dataFile).getValue("Execute", row): null

2023-02-28 18:52:17 - [TEST_STEP][PASSED] - out.println("Value of Execute is : " + ExecuteTC): null

2023-02-28 18:52:17 - [TEST_STEP][PASSED] - switch (executionProfile): null

2023-02-28 18:52:17 - [TEST_STEP][PASSED] - case "Demo2Profile":: null

2023-02-28 18:52:17 - [TEST_STEP][PASSED] - appID = findTestData(dataFile).getValue("AppIDDemo", row): null

2023-02-28 18:52:17 - [TEST_STEP][PASSED] - username = findTestData(dataFile).getValue("UsernameDemo", row): null

2023-02-28 18:52:17 - [TEST_STEP][PASSED] - password = findTestData(dataFile).getValue("PasswordDemo", row): null

2023-02-28 18:52:17 - [TEST_STEP][PASSED] - break: null

2023-02-28 18:52:17 - [TEST_STEP][PASSED] - if (ExecuteTC.equalsIgnoreCase("Y")): null

2023-02-28 18:52:17 - [TEST_STEP][PASSED] - out.println("Begin Record Number: " + row): null

2023-02-28 18:52:17 - [TEST_STEP][PASSED] - today = new java.util.Date(): null

2023-02-28 18:52:17 - [TEST_STEP][PASSED] - println(today): null

2023-02-28 18:52:17 - [TEST_STEP][PASSED] - datText = today: null

2023-02-28 18:52:17 - [TEST_STEP][PASSED] - checkType = findTestData(dataFile).getValue("CheckType", row): null

2023-02-28 18:52:17 - [TEST_STEP][PASSED] - acNumber = findTestData(dataFile).getValue("AcNumber", row): null

2023-02-28 18:52:17 - [TEST_STEP][PASSED] - company = findTestData(dataFile).getValue("Company", row): null

2023-02-28 18:52:17 - [TEST_STEP][PASSED] - acType = findTestData(dataFile).getValue("AcType", row): null

2023-02-28 18:52:17 - [TEST_STEP][PASSED] - rtn = findTestData(dataFile).getValue("RTN", row): null

2023-02-28 18:52:17 - [TEST_STEP][PASSED] - amount = findTestData(dataFile).getValue("Amount", row): null

2023-02-28 18:52:17 - [TEST_STEP][PASSED] - sec = findTestData(dataFile).getValue("SEC", row): null

2023-02-28 18:52:17 - [TEST_STEP][PASSED] - openBrowser(VLinkURL + "debit.html"): Browser is opened with url: 'https://dev-algorithm.govolution.com/vlinktest/demo2/version_2_0/debit.html'

2023-02-28 18:52:17 - [MESSAGE][WARNING] - A browser is already opened. Closing browser and opening a new one

2023-02-28 18:52:18 - [MESSAGE][INFO] - Starting 'Chrome' driver

2023-02-28 18:52:18 - [MESSAGE][INFO] - User set preference: ['acceptInsecureCerts', 'true']

2023-02-28 18:52:18 - [MESSAGE][INFO] - Action delay is set to 0 milliseconds

2023-02-28 18:52:20 - [MESSAGE][PASSED] - Browser is opened with url: 'https://dev-algorithm.govolution.com/vlinktest/demo2/version_2_0/debit.html'

2023-02-28 18:52:20 - [TEST_STEP][PASSED] - maximizeWindow(): Current window maximized

2023-02-28 18:52:20 - [MESSAGE][PASSED] - Current window maximized

2023-02-28 18:52:20 - [TEST_STEP][PASSED] - genRemID1 = random() * 99999).toInteger(): null

2023-02-28 18:52:20 - [TEST_STEP][PASSED] - genRemID2 = random() * 99999).toInteger(): null

2023-02-28 18:52:20 - [TEST_STEP][PASSED] - genRemID3 = random() * 99999).toInteger(): null

2023-02-28 18:52:20 - [TEST_STEP][PASSED] - println(genRemID1): null

2023-02-28 18:52:20 - [TEST_STEP][PASSED] - println(genRemID2): null

2023-02-28 18:52:20 - [TEST_STEP][PASSED] - println(genRemID3): null

2023-02-28 18:52:20 - [TEST_STEP][PASSED] - genRemID = genRemID1 + "|" + genRemID2 + "|" + genRemID3: null

2023-02-28 18:52:20 - [TEST_STEP][PASSED] - println(genRemID): null

2023-02-28 18:52:20 - [TEST_STEP][PASSED] - setText(findTestObject("RecAndPlayBk/Page-Vlink-Debit/input_Remittance Id"), genRemID): Text '14697|68668|31891' is set on object 'Object Repository/RecAndPlayBk/Page-Vlink-Debit/input_Remittance Id'

2023-02-28 18:52:21 - [MESSAGE][PASSED] - Text '14697|68668|31891' is set on object 'Object Repository/RecAndPlayBk/Page-Vlink-Debit/input_Remittance Id'

2023-02-28 18:52:21 - [TEST_STEP][PASSED] - setText(findTestObject("RecAndPlayBk/Page-Vlink-Debit/input_Application Id"), appID): Text '1773' is set on object 'Object Repository/RecAndPlayBk/Page-Vlink-Debit/input_Application Id'

2023-02-28 18:52:22 - [MESSAGE][PASSED] - Text '1773' is set on object 'Object Repository/RecAndPlayBk/Page-Vlink-Debit/input_Application Id'

2023-02-28 18:52:22 - [TEST_STEP][PASSED] - setText(findTestObject("RecAndPlayBk/Page-Vlink-Debit/input_Username"), username): Text 'Qq2BV1qtr' is set on object 'Object Repository/RecAndPlayBk/Page-Vlink-Debit/input_Username'

2023-02-28 18:52:22 - [MESSAGE][PASSED] - Text 'Qq2BV1qtr' is set on object 'Object Repository/RecAndPlayBk/Page-Vlink-Debit/input_Username'

2023-02-28 18:52:22 - [TEST_STEP][PASSED] - setText(findTestObject("RecAndPlayBk/Page-Vlink-Debit/input_Password"), password): Text 'tUmWBiLUx' is set on object 'Object Repository/RecAndPlayBk/Page-Vlink-Debit/input_Password'

2023-02-28 18:52:23 - [MESSAGE][PASSED] - Text 'tUmWBiLUx' is set on object 'Object Repository/RecAndPlayBk/Page-Vlink-Debit/input_Password'

2023-02-28 18:52:23 - [TEST_STEP][PASSED] - setText(findTestObject("RecAndPlayBk/Page-Vlink-Debit/input_Check Type"), checkType): Text 'C' is set on object 'Object Repository/RecAndPlayBk/Page-Vlink-Debit/input_Check Type'

2023-02-28 18:52:23 - [MESSAGE][PASSED] - Text 'C' is set on object 'Object Repository/RecAndPlayBk/Page-Vlink-Debit/input_Check Type'

2023-02-28 18:52:23 - [TEST_STEP][PASSED] - setText(findTestObject("RecAndPlayBk/Page-Vlink-Debit/input_Account_check"), acNumber): Text '58963214' is set on object 'Object Repository/RecAndPlayBk/Page-Vlink-Debit/input_Account_check'

2023-02-28 18:52:24 - [MESSAGE][PASSED] - Text '58963214' is set on object 'Object Repository/RecAndPlayBk/Page-Vlink-Debit/input_Account_check'

2023-02-28 18:52:24 - [TEST_STEP][PASSED] - setText(findTestObject("RecAndPlayBk/Page-Vlink-Debit/input_Company_check"), company): Text 'My Company' is set on object 'Object Repository/RecAndPlayBk/Page-Vlink-Debit/input_Company_check'

2023-02-28 18:52:25 - [MESSAGE][PASSED] - Text 'My Company' is set on object 'Object Repository/RecAndPlayBk/Page-Vlink-Debit/input_Company_check'

2023-02-28 18:52:25 - [TEST_STEP][PASSED] - setText(findTestObject("RecAndPlayBk/Page-Vlink-Debit/input_Account Type"), acType): Text '' is set on object 'Object Repository/RecAndPlayBk/Page-Vlink-Debit/input_Account Type'

2023-02-28 18:52:25 - [MESSAGE][PASSED] - Text '' is set on object 'Object Repository/RecAndPlayBk/Page-Vlink-Debit/input_Account Type'

2023-02-28 18:52:25 - [TEST_STEP][PASSED] - setText(findTestObject("RecAndPlayBk/Page-Vlink-Debit/input_Routing Number"), rtn): Text '256072691' is set on object 'Object Repository/RecAndPlayBk/Page-Vlink-Debit/input_Routing Number'

2023-02-28 18:52:26 - [MESSAGE][PASSED] - Text '256072691' is set on object 'Object Repository/RecAndPlayBk/Page-Vlink-Debit/input_Routing Number'

2023-02-28 18:52:26 - [TEST_STEP][PASSED] - setText(findTestObject("RecAndPlayBk/Page-Vlink-Debit/input_Amount"), amount): Text '12.50' is set on object 'Object Repository/RecAndPlayBk/Page-Vlink-Debit/input_Amount'

2023-02-28 18:52:26 - [MESSAGE][PASSED] - Text '12.50' is set on object 'Object Repository/RecAndPlayBk/Page-Vlink-Debit/input_Amount'

2023-02-28 18:52:26 - [TEST_STEP][PASSED] - setText(findTestObject("RecAndPlayBk/Page-Vlink-Debit/input_Check Email"), ""): Text '' is set on object 'Object Repository/RecAndPlayBk/Page-Vlink-Debit/input_Check Email'

2023-02-28 18:52:27 - [MESSAGE][PASSED] - Text '' is set on object 'Object Repository/RecAndPlayBk/Page-Vlink-Debit/input_Check Email'

2023-02-28 18:52:27 - [TEST_STEP][PASSED] - setText(findTestObject("Object Repository/RecAndPlayBk/Page-Vlink-Debit/input_concat(CheckWriter, , s SSN)_check_ssn"), ""): Text '' is set on object 'Object Repository/RecAndPlayBk/Page-Vlink-Debit/input_concat(CheckWriter, , s SSN)_check_ssn'

2023-02-28 18:52:28 - [MESSAGE][PASSED] - Text '' is set on object 'Object Repository/RecAndPlayBk/Page-Vlink-Debit/input_concat(CheckWriter, , s SSN)_check_ssn'

2023-02-28 18:52:28 - [TEST_STEP][PASSED] - setText(findTestObject("Object Repository/RecAndPlayBk/Page-Vlink-Debit/input_concat(CheckWriter, , s License Numbe_020fef"), ""): Text '' is set on object 'Object Repository/RecAndPlayBk/Page-Vlink-Debit/input_concat(CheckWriter, , s License Numbe_020fef'

2023-02-28 18:52:28 - [MESSAGE][PASSED] - Text '' is set on object 'Object Repository/RecAndPlayBk/Page-Vlink-Debit/input_concat(CheckWriter, , s License Numbe_020fef'

2023-02-28 18:52:28 - [TEST_STEP][PASSED] - setText(findTestObject("Object Repository/RecAndPlayBk/Page-Vlink-Debit/input_concat(CheckWriter, , s License State_21e3e7"), ""): Text '' is set on object 'Object Repository/RecAndPlayBk/Page-Vlink-Debit/input_concat(CheckWriter, , s License State_21e3e7'

2023-02-28 18:52:29 - [MESSAGE][PASSED] - Text '' is set on object 'Object Repository/RecAndPlayBk/Page-Vlink-Debit/input_concat(CheckWriter, , s License State_21e3e7'

2023-02-28 18:52:29 - [TEST_STEP][PASSED] - setText(findTestObject("RecAndPlayBk/Page-Vlink-Debit/input_Standard Entry Class"), sec): Text 'CCD' is set on object 'Object Repository/RecAndPlayBk/Page-Vlink-Debit/input_Standard Entry Class'

2023-02-28 18:52:30 - [MESSAGE][PASSED] - Text 'CCD' is set on object 'Object Repository/RecAndPlayBk/Page-Vlink-Debit/input_Standard Entry Class'

2023-02-28 18:52:30 - [TEST_STEP][PASSED] - click(findTestObject("Object Repository/RecAndPlayBk/Page-Vlink-Debit/input")): Object: 'Object Repository/RecAndPlayBk/Page-Vlink-Debit/input' is clicked on

2023-02-28 18:52:30 - [MESSAGE][PASSED] - Object: 'Object Repository/RecAndPlayBk/Page-Vlink-Debit/input' is clicked on

2023-02-28 18:52:30 - [TEST_STEP][PASSED] - if (verifyTextPresent("Transaction approved, no errors", true)): null

2023-02-28 18:52:31 - [MESSAGE][PASSED] - Text 'Transaction approved, no errors' is present on page  using regular expression

2023-02-28 18:52:31 - [TEST_STEP][PASSED] - println("Transaction Approved, no errors text is present on the Confirmation page"): null

2023-02-28 18:52:31 - [TEST_STEP][PASSED] - sdfo = getText(findTestObject("Object Repository/Page_VLinkReceipt/pre_STX")): Text of object 'Object Repository/Page_VLinkReceipt/pre_STX' is: '<STX>14697|68668|31891             2920873             0  Transaction approved, no errors                   0                                                                                                              <ETX>'

2023-02-28 18:52:31 - [MESSAGE][PASSED] - Text of object 'Object Repository/Page_VLinkReceipt/pre_STX' is: '<STX>14697|68668|31891             2920873             0  Transaction approved, no errors                   0                                                                                                              <ETX>'

2023-02-28 18:52:31 - [TEST_STEP][PASSED] - out.println("sdfo: " + sdfo): null

2023-02-28 18:52:31 - [TEST_STEP][PASSED] - remID = substring(5, 35).trim(): null

2023-02-28 18:52:31 - [TEST_STEP][PASSED] - out.println("remID: " + remID): null

2023-02-28 18:52:31 - [TEST_STEP][PASSED] - traxID = substring(35, 55).trim(): null

2023-02-28 18:52:31 - [TEST_STEP][PASSED] - out.println("traxID: " + traxID): null

2023-02-28 18:52:31 - [TEST_STEP][PASSED] - VLinkSaleRemID = remID: null

2023-02-28 18:52:31 - [TEST_STEP][PASSED] - VLinkSaleTranxID = traxID: null

2023-02-28 18:52:31 - [TEST_STEP][PASSED] - openBrowser(VLinkURL + "ACH_credit.html"): Browser is opened with url: 'https://dev-algorithm.govolution.com/vlinktest/demo2/version_2_0/ACH_credit.html'

2023-02-28 18:52:31 - [MESSAGE][WARNING] - A browser is already opened. Closing browser and opening a new one

2023-02-28 18:52:32 - [MESSAGE][INFO] - Starting 'Chrome' driver

2023-02-28 18:52:32 - [MESSAGE][INFO] - User set preference: ['acceptInsecureCerts', 'true']

2023-02-28 18:52:32 - [MESSAGE][INFO] - Action delay is set to 0 milliseconds

2023-02-28 18:52:34 - [MESSAGE][PASSED] - Browser is opened with url: 'https://dev-algorithm.govolution.com/vlinktest/demo2/version_2_0/ACH_credit.html'

2023-02-28 18:52:34 - [TEST_STEP][PASSED] - maximizeWindow(): Current window maximized

2023-02-28 18:52:34 - [MESSAGE][PASSED] - Current window maximized

2023-02-28 18:52:34 - [TEST_STEP][PASSED] - setText(findTestObject("Object Repository/RecAndPlayBk/Page-Vlink-ACH-Credit/input_Remittance Id"), VLinkSaleRemID): Text '14697|68668|31891' is set on object 'Object Repository/RecAndPlayBk/Page-Vlink-ACH-Credit/input_Remittance Id'

2023-02-28 18:52:35 - [MESSAGE][PASSED] - Text '14697|68668|31891' is set on object 'Object Repository/RecAndPlayBk/Page-Vlink-ACH-Credit/input_Remittance Id'

2023-02-28 18:52:35 - [TEST_STEP][PASSED] - setText(findTestObject("Object Repository/RecAndPlayBk/Page-Vlink-ACH-Credit/input_Application Id"), appID): Text '1773' is set on object 'Object Repository/RecAndPlayBk/Page-Vlink-ACH-Credit/input_Application Id'

2023-02-28 18:52:35 - [MESSAGE][PASSED] - Text '1773' is set on object 'Object Repository/RecAndPlayBk/Page-Vlink-ACH-Credit/input_Application Id'

2023-02-28 18:52:35 - [TEST_STEP][PASSED] - setText(findTestObject("Object Repository/RecAndPlayBk/Page-Vlink-ACH-Credit/input_Username"), username): Text 'Qq2BV1qtr' is set on object 'Object Repository/RecAndPlayBk/Page-Vlink-ACH-Credit/input_Username'

2023-02-28 18:52:36 - [MESSAGE][PASSED] - Text 'Qq2BV1qtr' is set on object 'Object Repository/RecAndPlayBk/Page-Vlink-ACH-Credit/input_Username'

2023-02-28 18:52:36 - [TEST_STEP][PASSED] - setText(findTestObject("Object Repository/RecAndPlayBk/Page-Vlink-ACH-Credit/input_Password"), password): Text 'tUmWBiLUx' is set on object 'Object Repository/RecAndPlayBk/Page-Vlink-ACH-Credit/input_Password'

2023-02-28 18:52:37 - [MESSAGE][PASSED] - Text 'tUmWBiLUx' is set on object 'Object Repository/RecAndPlayBk/Page-Vlink-ACH-Credit/input_Password'

2023-02-28 18:52:37 - [TEST_STEP][PASSED] - setText(findTestObject("Object Repository/RecAndPlayBk/Page-Vlink-ACH-Credit/input_Check Type"), checkType): Text 'C' is set on object 'Object Repository/RecAndPlayBk/Page-Vlink-ACH-Credit/input_Check Type'

2023-02-28 18:52:37 - [MESSAGE][PASSED] - Text 'C' is set on object 'Object Repository/RecAndPlayBk/Page-Vlink-ACH-Credit/input_Check Type'

2023-02-28 18:52:37 - [TEST_STEP][PASSED] - setText(findTestObject("Object Repository/RecAndPlayBk/Page-Vlink-ACH-Credit/input_Transaction ID"), VLinkSaleTranxID): Text '2920873' is set on object 'Object Repository/RecAndPlayBk/Page-Vlink-ACH-Credit/input_Transaction ID'

2023-02-28 18:52:38 - [MESSAGE][PASSED] - Text '2920873' is set on object 'Object Repository/RecAndPlayBk/Page-Vlink-ACH-Credit/input_Transaction ID'

2023-02-28 18:52:38 - [TEST_STEP][PASSED] - setText(findTestObject("Object Repository/RecAndPlayBk/Page-Vlink-ACH-Credit/input_Amount"), amount): Text '12.50' is set on object 'Object Repository/RecAndPlayBk/Page-Vlink-ACH-Credit/input_Amount'

2023-02-28 18:52:39 - [MESSAGE][PASSED] - Text '12.50' is set on object 'Object Repository/RecAndPlayBk/Page-Vlink-ACH-Credit/input_Amount'

2023-02-28 18:52:39 - [TEST_STEP][PASSED] - setText(findTestObject("Object Repository/RecAndPlayBk/Page-Vlink-ACH-Credit/input_Standard Entry Class"), sec): Text 'CCD' is set on object 'Object Repository/RecAndPlayBk/Page-Vlink-ACH-Credit/input_Standard Entry Class'

2023-02-28 18:52:39 - [MESSAGE][PASSED] - Text 'CCD' is set on object 'Object Repository/RecAndPlayBk/Page-Vlink-ACH-Credit/input_Standard Entry Class'

2023-02-28 18:52:39 - [TEST_STEP][PASSED] - setText(findTestObject("Object Repository/RecAndPlayBk/Page-Vlink-ACH-Credit/input_Account Number"), acNumber): Text '58963214' is set on object 'Object Repository/RecAndPlayBk/Page-Vlink-ACH-Credit/input_Account Number'

2023-02-28 18:52:40 - [MESSAGE][PASSED] - Text '58963214' is set on object 'Object Repository/RecAndPlayBk/Page-Vlink-ACH-Credit/input_Account Number'

2023-02-28 18:52:40 - [TEST_STEP][PASSED] - setText(findTestObject("Object Repository/RecAndPlayBk/Page-Vlink-ACH-Credit/input_Routing Number"), rtn): Text '256072691' is set on object 'Object Repository/RecAndPlayBk/Page-Vlink-ACH-Credit/input_Routing Number'

2023-02-28 18:52:40 - [MESSAGE][PASSED] - Text '256072691' is set on object 'Object Repository/RecAndPlayBk/Page-Vlink-ACH-Credit/input_Routing Number'

2023-02-28 18:52:40 - [TEST_STEP][PASSED] - click(findTestObject("Object Repository/RecAndPlayBk/Page-Vlink-ACH-Credit/input")): Object: 'Object Repository/RecAndPlayBk/Page-Vlink-ACH-Credit/input' is clicked on

2023-02-28 18:52:41 - [MESSAGE][PASSED] - Object: 'Object Repository/RecAndPlayBk/Page-Vlink-ACH-Credit/input' is clicked on

2023-02-28 18:52:41 - [TEST_STEP][PASSED] - if (verifyTextPresent("Transaction approved, no errors", true)): null

2023-02-28 18:52:41 - [MESSAGE][PASSED] - Text 'Transaction approved, no errors' is present on page  using regular expression

2023-02-28 18:52:41 - [TEST_STEP][PASSED] - println("Transaction Approved, no errors text is present on the Confirmation page"): null

2023-02-28 18:52:41 - [TEST_STEP][PASSED] - out.println("Pass Record Number: " + row): null

2023-02-28 18:52:41 - [TEST_STEP][PASSED] - resText = "Pass": null

2023-02-28 18:52:41 - [TEST_STEP][PASSED] - pages.WriteExcel.demoKey(resText, datText, resColumn, datCloumn, fileLoc, nameSheet, row): pages.WriteExcel.demoKey is PASSED

2023-02-28 18:52:41 - [MESSAGE][PASSED] - pages.WriteExcel.demoKey is PASSED]]></system-out>
         <system-err><![CDATA[]]></system-err>
      </testcase>
      <testcase name="Test Cases/RecAndPlayBk/VLink/Debit-RemID-Pipe" time="103.325" classname="Test Cases/RecAndPlayBk/VLink/Debit-RemID-Pipe" status="PASSED">
         <system-out><![CDATA[2023-02-28 18:52:41 - [TEST_CASE][PASSED] - Test Cases/RecAndPlayBk/VLink/Debit-RemID-Pipe: Test Cases/RecAndPlayBk/VLink/Debit-RemID-Pipe

2023-02-28 18:52:42 - [TEST_STEP][PASSED] - executionProfile = getExecutionProfile(): null

2023-02-28 18:52:42 - [TEST_STEP][PASSED] - out.println("executionProfile : " + executionProfile): null

2023-02-28 18:52:42 - [TEST_STEP][PASSED] - resText = "Fail": null

2023-02-28 18:52:42 - [TEST_STEP][PASSED] - resColumn = "Result": null

2023-02-28 18:52:42 - [TEST_STEP][PASSED] - datCloumn = "Date": null

2023-02-28 18:52:42 - [TEST_STEP][PASSED] - fileLoc = "KatalonData/VLinkSmokeDataACH.xlsx": null

2023-02-28 18:52:42 - [TEST_STEP][PASSED] - numOfRows = <not implemented yet for class: org.codehaus.groovy.ast.expr.EmptyExpression>: null

2023-02-28 18:52:42 - [TEST_STEP][PASSED] - dataFile = <not implemented yet for class: org.codehaus.groovy.ast.expr.EmptyExpression>: null

2023-02-28 18:52:42 - [TEST_STEP][PASSED] - nameSheet = <not implemented yet for class: org.codehaus.groovy.ast.expr.EmptyExpression>: null

2023-02-28 18:52:42 - [TEST_STEP][PASSED] - nameSheet = "Debit-RemID-Pipe": null

2023-02-28 18:52:42 - [TEST_STEP][PASSED] - numOfRows = findTestData("QA/VLinkTestData/VLinkDebitRemIDPipeData").getRowNumbers(): null

2023-02-28 18:52:42 - [TEST_STEP][PASSED] - println("Number of Records: " + numOfRows): null

2023-02-28 18:52:42 - [TEST_STEP][PASSED] - dataFile = "QA/VLinkTestData/VLinkDebitRemIDPipeData": null

2023-02-28 18:52:42 - [TEST_STEP][PASSED] - for ([row = 1, row <= numOfRows, (row++)]): null

2023-02-28 18:52:42 - [TEST_STEP][PASSED] - ExecuteTC = findTestData(dataFile).getValue("Execute", row): null

2023-02-28 18:52:42 - [TEST_STEP][PASSED] - out.println("Value of Execute is : " + ExecuteTC): null

2023-02-28 18:52:42 - [TEST_STEP][PASSED] - switch (executionProfile): null

2023-02-28 18:52:42 - [TEST_STEP][PASSED] - case "Demo2Profile":: null

2023-02-28 18:52:42 - [TEST_STEP][PASSED] - appID = findTestData(dataFile).getValue("AppIDDemo", row): null

2023-02-28 18:52:42 - [TEST_STEP][PASSED] - username = findTestData(dataFile).getValue("UsernameDemo", row): null

2023-02-28 18:52:42 - [TEST_STEP][PASSED] - password = findTestData(dataFile).getValue("PasswordDemo", row): null

2023-02-28 18:52:42 - [TEST_STEP][PASSED] - break: null

2023-02-28 18:52:42 - [TEST_STEP][PASSED] - if (ExecuteTC.equalsIgnoreCase("Y")): null

2023-02-28 18:52:42 - [TEST_STEP][PASSED] - out.println("Begin Record Number: " + row): null

2023-02-28 18:52:42 - [TEST_STEP][PASSED] - today = new java.util.Date(): null

2023-02-28 18:52:42 - [TEST_STEP][PASSED] - println(today): null

2023-02-28 18:52:42 - [TEST_STEP][PASSED] - datText = today: null

2023-02-28 18:52:42 - [TEST_STEP][PASSED] - checkType = findTestData(dataFile).getValue("CheckType", row): null

2023-02-28 18:52:42 - [TEST_STEP][PASSED] - acNumber = findTestData(dataFile).getValue("AcNumber", row): null

2023-02-28 18:52:42 - [TEST_STEP][PASSED] - company = findTestData(dataFile).getValue("Company", row): null

2023-02-28 18:52:42 - [TEST_STEP][PASSED] - acType = findTestData(dataFile).getValue("AcType", row): null

2023-02-28 18:52:43 - [TEST_STEP][PASSED] - rtn = findTestData(dataFile).getValue("RTN", row): null

2023-02-28 18:52:43 - [TEST_STEP][PASSED] - amount = findTestData(dataFile).getValue("Amount", row): null

2023-02-28 18:52:43 - [TEST_STEP][PASSED] - sec = findTestData(dataFile).getValue("SEC", row): null

2023-02-28 18:52:43 - [TEST_STEP][PASSED] - openBrowser(VLinkURL + "debit.html"): Browser is opened with url: 'https://dev-algorithm.govolution.com/vlinktest/demo2/version_2_0/debit.html'

2023-02-28 18:52:43 - [MESSAGE][WARNING] - A browser is already opened. Closing browser and opening a new one

2023-02-28 18:52:44 - [MESSAGE][INFO] - Starting 'Chrome' driver

2023-02-28 18:52:44 - [MESSAGE][INFO] - User set preference: ['acceptInsecureCerts', 'true']

2023-02-28 18:52:44 - [MESSAGE][INFO] - Action delay is set to 0 milliseconds

2023-02-28 18:52:45 - [MESSAGE][PASSED] - Browser is opened with url: 'https://dev-algorithm.govolution.com/vlinktest/demo2/version_2_0/debit.html'

2023-02-28 18:52:45 - [TEST_STEP][PASSED] - maximizeWindow(): Current window maximized

2023-02-28 18:52:45 - [MESSAGE][PASSED] - Current window maximized

2023-02-28 18:52:45 - [TEST_STEP][PASSED] - genRemID1 = random() * 99999).toInteger(): null

2023-02-28 18:52:45 - [TEST_STEP][PASSED] - genRemID2 = random() * 99999).toInteger(): null

2023-02-28 18:52:45 - [TEST_STEP][PASSED] - genRemID3 = random() * 99999).toInteger(): null

2023-02-28 18:52:45 - [TEST_STEP][PASSED] - println(genRemID1): null

2023-02-28 18:52:45 - [TEST_STEP][PASSED] - println(genRemID2): null

2023-02-28 18:52:45 - [TEST_STEP][PASSED] - println(genRemID3): null

2023-02-28 18:52:45 - [TEST_STEP][PASSED] - genRemID = genRemID1 + "|" + genRemID2 + "|" + genRemID3: null

2023-02-28 18:52:45 - [TEST_STEP][PASSED] - println(genRemID): null

2023-02-28 18:52:45 - [TEST_STEP][PASSED] - setText(findTestObject("RecAndPlayBk/Page-Vlink-Debit/input_Remittance Id"), genRemID): Text '32978|56620|30667' is set on object 'Object Repository/RecAndPlayBk/Page-Vlink-Debit/input_Remittance Id'

2023-02-28 18:52:46 - [MESSAGE][PASSED] - Text '32978|56620|30667' is set on object 'Object Repository/RecAndPlayBk/Page-Vlink-Debit/input_Remittance Id'

2023-02-28 18:52:46 - [TEST_STEP][PASSED] - setText(findTestObject("RecAndPlayBk/Page-Vlink-Debit/input_Application Id"), appID): Text '1773' is set on object 'Object Repository/RecAndPlayBk/Page-Vlink-Debit/input_Application Id'

2023-02-28 18:52:47 - [MESSAGE][PASSED] - Text '1773' is set on object 'Object Repository/RecAndPlayBk/Page-Vlink-Debit/input_Application Id'

2023-02-28 18:52:47 - [TEST_STEP][PASSED] - setText(findTestObject("RecAndPlayBk/Page-Vlink-Debit/input_Username"), username): Text 'Qq2BV1qtr' is set on object 'Object Repository/RecAndPlayBk/Page-Vlink-Debit/input_Username'

2023-02-28 18:52:48 - [MESSAGE][PASSED] - Text 'Qq2BV1qtr' is set on object 'Object Repository/RecAndPlayBk/Page-Vlink-Debit/input_Username'

2023-02-28 18:52:48 - [TEST_STEP][PASSED] - setText(findTestObject("RecAndPlayBk/Page-Vlink-Debit/input_Password"), password): Text 'tUmWBiLUx' is set on object 'Object Repository/RecAndPlayBk/Page-Vlink-Debit/input_Password'

2023-02-28 18:52:48 - [MESSAGE][PASSED] - Text 'tUmWBiLUx' is set on object 'Object Repository/RecAndPlayBk/Page-Vlink-Debit/input_Password'

2023-02-28 18:52:48 - [TEST_STEP][PASSED] - setText(findTestObject("RecAndPlayBk/Page-Vlink-Debit/input_Check Type"), checkType): Text 'P' is set on object 'Object Repository/RecAndPlayBk/Page-Vlink-Debit/input_Check Type'

2023-02-28 18:52:49 - [MESSAGE][PASSED] - Text 'P' is set on object 'Object Repository/RecAndPlayBk/Page-Vlink-Debit/input_Check Type'

2023-02-28 18:52:49 - [TEST_STEP][PASSED] - setText(findTestObject("RecAndPlayBk/Page-Vlink-Debit/input_Account_check"), acNumber): Text '58963214' is set on object 'Object Repository/RecAndPlayBk/Page-Vlink-Debit/input_Account_check'

2023-02-28 18:52:49 - [MESSAGE][PASSED] - Text '58963214' is set on object 'Object Repository/RecAndPlayBk/Page-Vlink-Debit/input_Account_check'

2023-02-28 18:52:49 - [TEST_STEP][PASSED] - setText(findTestObject("RecAndPlayBk/Page-Vlink-Debit/input_Company_check"), company): Text '' is set on object 'Object Repository/RecAndPlayBk/Page-Vlink-Debit/input_Company_check'

2023-02-28 18:52:50 - [MESSAGE][PASSED] - Text '' is set on object 'Object Repository/RecAndPlayBk/Page-Vlink-Debit/input_Company_check'

2023-02-28 18:52:50 - [TEST_STEP][PASSED] - setText(findTestObject("RecAndPlayBk/Page-Vlink-Debit/input_Account Type"), acType): Text '1' is set on object 'Object Repository/RecAndPlayBk/Page-Vlink-Debit/input_Account Type'

2023-02-28 18:52:51 - [MESSAGE][PASSED] - Text '1' is set on object 'Object Repository/RecAndPlayBk/Page-Vlink-Debit/input_Account Type'

2023-02-28 18:52:51 - [TEST_STEP][PASSED] - setText(findTestObject("RecAndPlayBk/Page-Vlink-Debit/input_Routing Number"), rtn): Text '256072691' is set on object 'Object Repository/RecAndPlayBk/Page-Vlink-Debit/input_Routing Number'

2023-02-28 18:52:51 - [MESSAGE][PASSED] - Text '256072691' is set on object 'Object Repository/RecAndPlayBk/Page-Vlink-Debit/input_Routing Number'

2023-02-28 18:52:51 - [TEST_STEP][PASSED] - setText(findTestObject("RecAndPlayBk/Page-Vlink-Debit/input_Amount"), amount): Text '12.50' is set on object 'Object Repository/RecAndPlayBk/Page-Vlink-Debit/input_Amount'

2023-02-28 18:52:52 - [MESSAGE][PASSED] - Text '12.50' is set on object 'Object Repository/RecAndPlayBk/Page-Vlink-Debit/input_Amount'

2023-02-28 18:52:52 - [TEST_STEP][PASSED] - setText(findTestObject("RecAndPlayBk/Page-Vlink-Debit/input_Check Email"), ""): Text '' is set on object 'Object Repository/RecAndPlayBk/Page-Vlink-Debit/input_Check Email'

2023-02-28 18:52:53 - [MESSAGE][PASSED] - Text '' is set on object 'Object Repository/RecAndPlayBk/Page-Vlink-Debit/input_Check Email'

2023-02-28 18:52:53 - [TEST_STEP][PASSED] - setText(findTestObject("Object Repository/RecAndPlayBk/Page-Vlink-Debit/input_concat(CheckWriter, , s SSN)_check_ssn"), ""): Text '' is set on object 'Object Repository/RecAndPlayBk/Page-Vlink-Debit/input_concat(CheckWriter, , s SSN)_check_ssn'

2023-02-28 18:52:53 - [MESSAGE][PASSED] - Text '' is set on object 'Object Repository/RecAndPlayBk/Page-Vlink-Debit/input_concat(CheckWriter, , s SSN)_check_ssn'

2023-02-28 18:52:53 - [TEST_STEP][PASSED] - setText(findTestObject("Object Repository/RecAndPlayBk/Page-Vlink-Debit/input_concat(CheckWriter, , s License Numbe_020fef"), ""): Text '' is set on object 'Object Repository/RecAndPlayBk/Page-Vlink-Debit/input_concat(CheckWriter, , s License Numbe_020fef'

2023-02-28 18:52:54 - [MESSAGE][PASSED] - Text '' is set on object 'Object Repository/RecAndPlayBk/Page-Vlink-Debit/input_concat(CheckWriter, , s License Numbe_020fef'

2023-02-28 18:52:54 - [TEST_STEP][PASSED] - setText(findTestObject("Object Repository/RecAndPlayBk/Page-Vlink-Debit/input_concat(CheckWriter, , s License State_21e3e7"), ""): Text '' is set on object 'Object Repository/RecAndPlayBk/Page-Vlink-Debit/input_concat(CheckWriter, , s License State_21e3e7'

2023-02-28 18:52:54 - [MESSAGE][PASSED] - Text '' is set on object 'Object Repository/RecAndPlayBk/Page-Vlink-Debit/input_concat(CheckWriter, , s License State_21e3e7'

2023-02-28 18:52:54 - [TEST_STEP][PASSED] - setText(findTestObject("RecAndPlayBk/Page-Vlink-Debit/input_Standard Entry Class"), sec): Text 'WEB' is set on object 'Object Repository/RecAndPlayBk/Page-Vlink-Debit/input_Standard Entry Class'

2023-02-28 18:52:55 - [MESSAGE][PASSED] - Text 'WEB' is set on object 'Object Repository/RecAndPlayBk/Page-Vlink-Debit/input_Standard Entry Class'

2023-02-28 18:52:55 - [TEST_STEP][PASSED] - click(findTestObject("Object Repository/RecAndPlayBk/Page-Vlink-Debit/input")): Object: 'Object Repository/RecAndPlayBk/Page-Vlink-Debit/input' is clicked on

2023-02-28 18:52:56 - [MESSAGE][PASSED] - Object: 'Object Repository/RecAndPlayBk/Page-Vlink-Debit/input' is clicked on

2023-02-28 18:52:56 - [TEST_STEP][PASSED] - if (verifyTextPresent("Transaction approved, no errors", true)): null

2023-02-28 18:52:56 - [MESSAGE][PASSED] - Text 'Transaction approved, no errors' is present on page  using regular expression

2023-02-28 18:52:56 - [TEST_STEP][PASSED] - println("Transaction Approved, no errors text is present on the Confirmation page"): null

2023-02-28 18:52:56 - [TEST_STEP][PASSED] - out.println("Pass Record Number: " + row): null

2023-02-28 18:52:56 - [TEST_STEP][PASSED] - resText = "Pass": null

2023-02-28 18:52:56 - [TEST_STEP][PASSED] - pages.WriteExcel.demoKey(resText, datText, resColumn, datCloumn, fileLoc, nameSheet, row): pages.WriteExcel.demoKey is PASSED

2023-02-28 18:52:56 - [MESSAGE][PASSED] - pages.WriteExcel.demoKey is PASSED

2023-02-28 18:52:56 - [TEST_STEP][PASSED] - ExecuteTC = findTestData(dataFile).getValue("Execute", row): null

2023-02-28 18:52:56 - [TEST_STEP][PASSED] - out.println("Value of Execute is : " + ExecuteTC): null

2023-02-28 18:52:56 - [TEST_STEP][PASSED] - switch (executionProfile): null

2023-02-28 18:52:56 - [TEST_STEP][PASSED] - case "Demo2Profile":: null

2023-02-28 18:52:56 - [TEST_STEP][PASSED] - appID = findTestData(dataFile).getValue("AppIDDemo", row): null

2023-02-28 18:52:57 - [TEST_STEP][PASSED] - username = findTestData(dataFile).getValue("UsernameDemo", row): null

2023-02-28 18:52:57 - [TEST_STEP][PASSED] - password = findTestData(dataFile).getValue("PasswordDemo", row): null

2023-02-28 18:52:57 - [TEST_STEP][PASSED] - break: null

2023-02-28 18:52:57 - [TEST_STEP][PASSED] - if (ExecuteTC.equalsIgnoreCase("Y")): null

2023-02-28 18:52:57 - [TEST_STEP][PASSED] - out.println("Begin Record Number: " + row): null

2023-02-28 18:52:57 - [TEST_STEP][PASSED] - today = new java.util.Date(): null

2023-02-28 18:52:57 - [TEST_STEP][PASSED] - println(today): null

2023-02-28 18:52:57 - [TEST_STEP][PASSED] - datText = today: null

2023-02-28 18:52:57 - [TEST_STEP][PASSED] - checkType = findTestData(dataFile).getValue("CheckType", row): null

2023-02-28 18:52:57 - [TEST_STEP][PASSED] - acNumber = findTestData(dataFile).getValue("AcNumber", row): null

2023-02-28 18:52:57 - [TEST_STEP][PASSED] - company = findTestData(dataFile).getValue("Company", row): null

2023-02-28 18:52:57 - [TEST_STEP][PASSED] - acType = findTestData(dataFile).getValue("AcType", row): null

2023-02-28 18:52:57 - [TEST_STEP][PASSED] - rtn = findTestData(dataFile).getValue("RTN", row): null

2023-02-28 18:52:57 - [TEST_STEP][PASSED] - amount = findTestData(dataFile).getValue("Amount", row): null

2023-02-28 18:52:57 - [TEST_STEP][PASSED] - sec = findTestData(dataFile).getValue("SEC", row): null

2023-02-28 18:52:57 - [TEST_STEP][PASSED] - openBrowser(VLinkURL + "debit.html"): Browser is opened with url: 'https://dev-algorithm.govolution.com/vlinktest/demo2/version_2_0/debit.html'

2023-02-28 18:52:57 - [MESSAGE][WARNING] - A browser is already opened. Closing browser and opening a new one

2023-02-28 18:52:58 - [MESSAGE][INFO] - Starting 'Chrome' driver

2023-02-28 18:52:58 - [MESSAGE][INFO] - User set preference: ['acceptInsecureCerts', 'true']

2023-02-28 18:52:58 - [MESSAGE][INFO] - Action delay is set to 0 milliseconds

2023-02-28 18:53:00 - [MESSAGE][PASSED] - Browser is opened with url: 'https://dev-algorithm.govolution.com/vlinktest/demo2/version_2_0/debit.html'

2023-02-28 18:53:00 - [TEST_STEP][PASSED] - maximizeWindow(): Current window maximized

2023-02-28 18:53:00 - [MESSAGE][PASSED] - Current window maximized

2023-02-28 18:53:00 - [TEST_STEP][PASSED] - genRemID1 = random() * 99999).toInteger(): null

2023-02-28 18:53:00 - [TEST_STEP][PASSED] - genRemID2 = random() * 99999).toInteger(): null

2023-02-28 18:53:00 - [TEST_STEP][PASSED] - genRemID3 = random() * 99999).toInteger(): null

2023-02-28 18:53:00 - [TEST_STEP][PASSED] - println(genRemID1): null

2023-02-28 18:53:00 - [TEST_STEP][PASSED] - println(genRemID2): null

2023-02-28 18:53:00 - [TEST_STEP][PASSED] - println(genRemID3): null

2023-02-28 18:53:00 - [TEST_STEP][PASSED] - genRemID = genRemID1 + "|" + genRemID2 + "|" + genRemID3: null

2023-02-28 18:53:00 - [TEST_STEP][PASSED] - println(genRemID): null

2023-02-28 18:53:00 - [TEST_STEP][PASSED] - setText(findTestObject("RecAndPlayBk/Page-Vlink-Debit/input_Remittance Id"), genRemID): Text '37293|15979|20688' is set on object 'Object Repository/RecAndPlayBk/Page-Vlink-Debit/input_Remittance Id'

2023-02-28 18:53:01 - [MESSAGE][PASSED] - Text '37293|15979|20688' is set on object 'Object Repository/RecAndPlayBk/Page-Vlink-Debit/input_Remittance Id'

2023-02-28 18:53:01 - [TEST_STEP][PASSED] - setText(findTestObject("RecAndPlayBk/Page-Vlink-Debit/input_Application Id"), appID): Text '1773' is set on object 'Object Repository/RecAndPlayBk/Page-Vlink-Debit/input_Application Id'

2023-02-28 18:53:01 - [MESSAGE][PASSED] - Text '1773' is set on object 'Object Repository/RecAndPlayBk/Page-Vlink-Debit/input_Application Id'

2023-02-28 18:53:01 - [TEST_STEP][PASSED] - setText(findTestObject("RecAndPlayBk/Page-Vlink-Debit/input_Username"), username): Text 'Qq2BV1qtr' is set on object 'Object Repository/RecAndPlayBk/Page-Vlink-Debit/input_Username'

2023-02-28 18:53:02 - [MESSAGE][PASSED] - Text 'Qq2BV1qtr' is set on object 'Object Repository/RecAndPlayBk/Page-Vlink-Debit/input_Username'

2023-02-28 18:53:02 - [TEST_STEP][PASSED] - setText(findTestObject("RecAndPlayBk/Page-Vlink-Debit/input_Password"), password): Text 'tUmWBiLUx' is set on object 'Object Repository/RecAndPlayBk/Page-Vlink-Debit/input_Password'

2023-02-28 18:53:03 - [MESSAGE][PASSED] - Text 'tUmWBiLUx' is set on object 'Object Repository/RecAndPlayBk/Page-Vlink-Debit/input_Password'

2023-02-28 18:53:03 - [TEST_STEP][PASSED] - setText(findTestObject("RecAndPlayBk/Page-Vlink-Debit/input_Check Type"), checkType): Text 'P' is set on object 'Object Repository/RecAndPlayBk/Page-Vlink-Debit/input_Check Type'

2023-02-28 18:53:03 - [MESSAGE][PASSED] - Text 'P' is set on object 'Object Repository/RecAndPlayBk/Page-Vlink-Debit/input_Check Type'

2023-02-28 18:53:03 - [TEST_STEP][PASSED] - setText(findTestObject("RecAndPlayBk/Page-Vlink-Debit/input_Account_check"), acNumber): Text '58963214' is set on object 'Object Repository/RecAndPlayBk/Page-Vlink-Debit/input_Account_check'

2023-02-28 18:53:04 - [MESSAGE][PASSED] - Text '58963214' is set on object 'Object Repository/RecAndPlayBk/Page-Vlink-Debit/input_Account_check'

2023-02-28 18:53:04 - [TEST_STEP][PASSED] - setText(findTestObject("RecAndPlayBk/Page-Vlink-Debit/input_Company_check"), company): Text '' is set on object 'Object Repository/RecAndPlayBk/Page-Vlink-Debit/input_Company_check'

2023-02-28 18:53:04 - [MESSAGE][PASSED] - Text '' is set on object 'Object Repository/RecAndPlayBk/Page-Vlink-Debit/input_Company_check'

2023-02-28 18:53:04 - [TEST_STEP][PASSED] - setText(findTestObject("RecAndPlayBk/Page-Vlink-Debit/input_Account Type"), acType): Text '1' is set on object 'Object Repository/RecAndPlayBk/Page-Vlink-Debit/input_Account Type'

2023-02-28 18:53:05 - [MESSAGE][PASSED] - Text '1' is set on object 'Object Repository/RecAndPlayBk/Page-Vlink-Debit/input_Account Type'

2023-02-28 18:53:05 - [TEST_STEP][PASSED] - setText(findTestObject("RecAndPlayBk/Page-Vlink-Debit/input_Routing Number"), rtn): Text '256072691' is set on object 'Object Repository/RecAndPlayBk/Page-Vlink-Debit/input_Routing Number'

2023-02-28 18:53:06 - [MESSAGE][PASSED] - Text '256072691' is set on object 'Object Repository/RecAndPlayBk/Page-Vlink-Debit/input_Routing Number'

2023-02-28 18:53:06 - [TEST_STEP][PASSED] - setText(findTestObject("RecAndPlayBk/Page-Vlink-Debit/input_Amount"), amount): Text '12.50' is set on object 'Object Repository/RecAndPlayBk/Page-Vlink-Debit/input_Amount'

2023-02-28 18:53:06 - [MESSAGE][PASSED] - Text '12.50' is set on object 'Object Repository/RecAndPlayBk/Page-Vlink-Debit/input_Amount'

2023-02-28 18:53:06 - [TEST_STEP][PASSED] - setText(findTestObject("RecAndPlayBk/Page-Vlink-Debit/input_Check Email"), ""): Text '' is set on object 'Object Repository/RecAndPlayBk/Page-Vlink-Debit/input_Check Email'

2023-02-28 18:53:07 - [MESSAGE][PASSED] - Text '' is set on object 'Object Repository/RecAndPlayBk/Page-Vlink-Debit/input_Check Email'

2023-02-28 18:53:07 - [TEST_STEP][PASSED] - setText(findTestObject("Object Repository/RecAndPlayBk/Page-Vlink-Debit/input_concat(CheckWriter, , s SSN)_check_ssn"), ""): Text '' is set on object 'Object Repository/RecAndPlayBk/Page-Vlink-Debit/input_concat(CheckWriter, , s SSN)_check_ssn'

2023-02-28 18:53:07 - [MESSAGE][PASSED] - Text '' is set on object 'Object Repository/RecAndPlayBk/Page-Vlink-Debit/input_concat(CheckWriter, , s SSN)_check_ssn'

2023-02-28 18:53:07 - [TEST_STEP][PASSED] - setText(findTestObject("Object Repository/RecAndPlayBk/Page-Vlink-Debit/input_concat(CheckWriter, , s License Numbe_020fef"), ""): Text '' is set on object 'Object Repository/RecAndPlayBk/Page-Vlink-Debit/input_concat(CheckWriter, , s License Numbe_020fef'

2023-02-28 18:53:08 - [MESSAGE][PASSED] - Text '' is set on object 'Object Repository/RecAndPlayBk/Page-Vlink-Debit/input_concat(CheckWriter, , s License Numbe_020fef'

2023-02-28 18:53:08 - [TEST_STEP][PASSED] - setText(findTestObject("Object Repository/RecAndPlayBk/Page-Vlink-Debit/input_concat(CheckWriter, , s License State_21e3e7"), ""): Text '' is set on object 'Object Repository/RecAndPlayBk/Page-Vlink-Debit/input_concat(CheckWriter, , s License State_21e3e7'

2023-02-28 18:53:09 - [MESSAGE][PASSED] - Text '' is set on object 'Object Repository/RecAndPlayBk/Page-Vlink-Debit/input_concat(CheckWriter, , s License State_21e3e7'

2023-02-28 18:53:09 - [TEST_STEP][PASSED] - setText(findTestObject("RecAndPlayBk/Page-Vlink-Debit/input_Standard Entry Class"), sec): Text 'TEL' is set on object 'Object Repository/RecAndPlayBk/Page-Vlink-Debit/input_Standard Entry Class'

2023-02-28 18:53:09 - [MESSAGE][PASSED] - Text 'TEL' is set on object 'Object Repository/RecAndPlayBk/Page-Vlink-Debit/input_Standard Entry Class'

2023-02-28 18:53:09 - [TEST_STEP][PASSED] - click(findTestObject("Object Repository/RecAndPlayBk/Page-Vlink-Debit/input")): Object: 'Object Repository/RecAndPlayBk/Page-Vlink-Debit/input' is clicked on

2023-02-28 18:53:10 - [MESSAGE][PASSED] - Object: 'Object Repository/RecAndPlayBk/Page-Vlink-Debit/input' is clicked on

2023-02-28 18:53:10 - [TEST_STEP][PASSED] - if (verifyTextPresent("Transaction approved, no errors", true)): null

2023-02-28 18:53:11 - [MESSAGE][PASSED] - Text 'Transaction approved, no errors' is present on page  using regular expression

2023-02-28 18:53:11 - [TEST_STEP][PASSED] - println("Transaction Approved, no errors text is present on the Confirmation page"): null

2023-02-28 18:53:11 - [TEST_STEP][PASSED] - out.println("Pass Record Number: " + row): null

2023-02-28 18:53:11 - [TEST_STEP][PASSED] - resText = "Pass": null

2023-02-28 18:53:11 - [TEST_STEP][PASSED] - pages.WriteExcel.demoKey(resText, datText, resColumn, datCloumn, fileLoc, nameSheet, row): pages.WriteExcel.demoKey is PASSED

2023-02-28 18:53:11 - [MESSAGE][PASSED] - pages.WriteExcel.demoKey is PASSED

2023-02-28 18:53:11 - [TEST_STEP][PASSED] - ExecuteTC = findTestData(dataFile).getValue("Execute", row): null

2023-02-28 18:53:11 - [TEST_STEP][PASSED] - out.println("Value of Execute is : " + ExecuteTC): null

2023-02-28 18:53:11 - [TEST_STEP][PASSED] - switch (executionProfile): null

2023-02-28 18:53:11 - [TEST_STEP][PASSED] - case "Demo2Profile":: null

2023-02-28 18:53:11 - [TEST_STEP][PASSED] - appID = findTestData(dataFile).getValue("AppIDDemo", row): null

2023-02-28 18:53:11 - [TEST_STEP][PASSED] - username = findTestData(dataFile).getValue("UsernameDemo", row): null

2023-02-28 18:53:11 - [TEST_STEP][PASSED] - password = findTestData(dataFile).getValue("PasswordDemo", row): null

2023-02-28 18:53:11 - [TEST_STEP][PASSED] - break: null

2023-02-28 18:53:11 - [TEST_STEP][PASSED] - if (ExecuteTC.equalsIgnoreCase("Y")): null

2023-02-28 18:53:11 - [TEST_STEP][PASSED] - out.println("Begin Record Number: " + row): null

2023-02-28 18:53:11 - [TEST_STEP][PASSED] - today = new java.util.Date(): null

2023-02-28 18:53:11 - [TEST_STEP][PASSED] - println(today): null

2023-02-28 18:53:11 - [TEST_STEP][PASSED] - datText = today: null

2023-02-28 18:53:11 - [TEST_STEP][PASSED] - checkType = findTestData(dataFile).getValue("CheckType", row): null

2023-02-28 18:53:11 - [TEST_STEP][PASSED] - acNumber = findTestData(dataFile).getValue("AcNumber", row): null

2023-02-28 18:53:11 - [TEST_STEP][PASSED] - company = findTestData(dataFile).getValue("Company", row): null

2023-02-28 18:53:11 - [TEST_STEP][PASSED] - acType = findTestData(dataFile).getValue("AcType", row): null

2023-02-28 18:53:11 - [TEST_STEP][PASSED] - rtn = findTestData(dataFile).getValue("RTN", row): null

2023-02-28 18:53:11 - [TEST_STEP][PASSED] - amount = findTestData(dataFile).getValue("Amount", row): null

2023-02-28 18:53:11 - [TEST_STEP][PASSED] - sec = findTestData(dataFile).getValue("SEC", row): null

2023-02-28 18:53:11 - [TEST_STEP][PASSED] - openBrowser(VLinkURL + "debit.html"): Browser is opened with url: 'https://dev-algorithm.govolution.com/vlinktest/demo2/version_2_0/debit.html'

2023-02-28 18:53:11 - [MESSAGE][WARNING] - A browser is already opened. Closing browser and opening a new one

2023-02-28 18:53:12 - [MESSAGE][INFO] - Starting 'Chrome' driver

2023-02-28 18:53:12 - [MESSAGE][INFO] - User set preference: ['acceptInsecureCerts', 'true']

2023-02-28 18:53:12 - [MESSAGE][INFO] - Action delay is set to 0 milliseconds

2023-02-28 18:53:14 - [MESSAGE][PASSED] - Browser is opened with url: 'https://dev-algorithm.govolution.com/vlinktest/demo2/version_2_0/debit.html'

2023-02-28 18:53:14 - [TEST_STEP][PASSED] - maximizeWindow(): Current window maximized

2023-02-28 18:53:14 - [MESSAGE][PASSED] - Current window maximized

2023-02-28 18:53:14 - [TEST_STEP][PASSED] - genRemID1 = random() * 99999).toInteger(): null

2023-02-28 18:53:14 - [TEST_STEP][PASSED] - genRemID2 = random() * 99999).toInteger(): null

2023-02-28 18:53:14 - [TEST_STEP][PASSED] - genRemID3 = random() * 99999).toInteger(): null

2023-02-28 18:53:14 - [TEST_STEP][PASSED] - println(genRemID1): null

2023-02-28 18:53:14 - [TEST_STEP][PASSED] - println(genRemID2): null

2023-02-28 18:53:14 - [TEST_STEP][PASSED] - println(genRemID3): null

2023-02-28 18:53:14 - [TEST_STEP][PASSED] - genRemID = genRemID1 + "|" + genRemID2 + "|" + genRemID3: null

2023-02-28 18:53:14 - [TEST_STEP][PASSED] - println(genRemID): null

2023-02-28 18:53:14 - [TEST_STEP][PASSED] - setText(findTestObject("RecAndPlayBk/Page-Vlink-Debit/input_Remittance Id"), genRemID): Text '32764|43661|68849' is set on object 'Object Repository/RecAndPlayBk/Page-Vlink-Debit/input_Remittance Id'

2023-02-28 18:53:15 - [MESSAGE][PASSED] - Text '32764|43661|68849' is set on object 'Object Repository/RecAndPlayBk/Page-Vlink-Debit/input_Remittance Id'

2023-02-28 18:53:15 - [TEST_STEP][PASSED] - setText(findTestObject("RecAndPlayBk/Page-Vlink-Debit/input_Application Id"), appID): Text '1773' is set on object 'Object Repository/RecAndPlayBk/Page-Vlink-Debit/input_Application Id'

2023-02-28 18:53:16 - [MESSAGE][PASSED] - Text '1773' is set on object 'Object Repository/RecAndPlayBk/Page-Vlink-Debit/input_Application Id'

2023-02-28 18:53:16 - [TEST_STEP][PASSED] - setText(findTestObject("RecAndPlayBk/Page-Vlink-Debit/input_Username"), username): Text 'Qq2BV1qtr' is set on object 'Object Repository/RecAndPlayBk/Page-Vlink-Debit/input_Username'

2023-02-28 18:53:16 - [MESSAGE][PASSED] - Text 'Qq2BV1qtr' is set on object 'Object Repository/RecAndPlayBk/Page-Vlink-Debit/input_Username'

2023-02-28 18:53:16 - [TEST_STEP][PASSED] - setText(findTestObject("RecAndPlayBk/Page-Vlink-Debit/input_Password"), password): Text 'tUmWBiLUx' is set on object 'Object Repository/RecAndPlayBk/Page-Vlink-Debit/input_Password'

2023-02-28 18:53:17 - [MESSAGE][PASSED] - Text 'tUmWBiLUx' is set on object 'Object Repository/RecAndPlayBk/Page-Vlink-Debit/input_Password'

2023-02-28 18:53:17 - [TEST_STEP][PASSED] - setText(findTestObject("RecAndPlayBk/Page-Vlink-Debit/input_Check Type"), checkType): Text 'P' is set on object 'Object Repository/RecAndPlayBk/Page-Vlink-Debit/input_Check Type'

2023-02-28 18:53:17 - [MESSAGE][PASSED] - Text 'P' is set on object 'Object Repository/RecAndPlayBk/Page-Vlink-Debit/input_Check Type'

2023-02-28 18:53:17 - [TEST_STEP][PASSED] - setText(findTestObject("RecAndPlayBk/Page-Vlink-Debit/input_Account_check"), acNumber): Text '58963214' is set on object 'Object Repository/RecAndPlayBk/Page-Vlink-Debit/input_Account_check'

2023-02-28 18:53:18 - [MESSAGE][PASSED] - Text '58963214' is set on object 'Object Repository/RecAndPlayBk/Page-Vlink-Debit/input_Account_check'

2023-02-28 18:53:18 - [TEST_STEP][PASSED] - setText(findTestObject("RecAndPlayBk/Page-Vlink-Debit/input_Company_check"), company): Text '' is set on object 'Object Repository/RecAndPlayBk/Page-Vlink-Debit/input_Company_check'

2023-02-28 18:53:19 - [MESSAGE][PASSED] - Text '' is set on object 'Object Repository/RecAndPlayBk/Page-Vlink-Debit/input_Company_check'

2023-02-28 18:53:19 - [TEST_STEP][PASSED] - setText(findTestObject("RecAndPlayBk/Page-Vlink-Debit/input_Account Type"), acType): Text '1' is set on object 'Object Repository/RecAndPlayBk/Page-Vlink-Debit/input_Account Type'

2023-02-28 18:53:19 - [MESSAGE][PASSED] - Text '1' is set on object 'Object Repository/RecAndPlayBk/Page-Vlink-Debit/input_Account Type'

2023-02-28 18:53:19 - [TEST_STEP][PASSED] - setText(findTestObject("RecAndPlayBk/Page-Vlink-Debit/input_Routing Number"), rtn): Text '256072691' is set on object 'Object Repository/RecAndPlayBk/Page-Vlink-Debit/input_Routing Number'

2023-02-28 18:53:20 - [MESSAGE][PASSED] - Text '256072691' is set on object 'Object Repository/RecAndPlayBk/Page-Vlink-Debit/input_Routing Number'

2023-02-28 18:53:20 - [TEST_STEP][PASSED] - setText(findTestObject("RecAndPlayBk/Page-Vlink-Debit/input_Amount"), amount): Text '12.50' is set on object 'Object Repository/RecAndPlayBk/Page-Vlink-Debit/input_Amount'

2023-02-28 18:53:21 - [MESSAGE][PASSED] - Text '12.50' is set on object 'Object Repository/RecAndPlayBk/Page-Vlink-Debit/input_Amount'

2023-02-28 18:53:21 - [TEST_STEP][PASSED] - setText(findTestObject("RecAndPlayBk/Page-Vlink-Debit/input_Check Email"), ""): Text '' is set on object 'Object Repository/RecAndPlayBk/Page-Vlink-Debit/input_Check Email'

2023-02-28 18:53:21 - [MESSAGE][PASSED] - Text '' is set on object 'Object Repository/RecAndPlayBk/Page-Vlink-Debit/input_Check Email'

2023-02-28 18:53:21 - [TEST_STEP][PASSED] - setText(findTestObject("Object Repository/RecAndPlayBk/Page-Vlink-Debit/input_concat(CheckWriter, , s SSN)_check_ssn"), ""): Text '' is set on object 'Object Repository/RecAndPlayBk/Page-Vlink-Debit/input_concat(CheckWriter, , s SSN)_check_ssn'

2023-02-28 18:53:22 - [MESSAGE][PASSED] - Text '' is set on object 'Object Repository/RecAndPlayBk/Page-Vlink-Debit/input_concat(CheckWriter, , s SSN)_check_ssn'

2023-02-28 18:53:22 - [TEST_STEP][PASSED] - setText(findTestObject("Object Repository/RecAndPlayBk/Page-Vlink-Debit/input_concat(CheckWriter, , s License Numbe_020fef"), ""): Text '' is set on object 'Object Repository/RecAndPlayBk/Page-Vlink-Debit/input_concat(CheckWriter, , s License Numbe_020fef'

2023-02-28 18:53:22 - [MESSAGE][PASSED] - Text '' is set on object 'Object Repository/RecAndPlayBk/Page-Vlink-Debit/input_concat(CheckWriter, , s License Numbe_020fef'

2023-02-28 18:53:22 - [TEST_STEP][PASSED] - setText(findTestObject("Object Repository/RecAndPlayBk/Page-Vlink-Debit/input_concat(CheckWriter, , s License State_21e3e7"), ""): Text '' is set on object 'Object Repository/RecAndPlayBk/Page-Vlink-Debit/input_concat(CheckWriter, , s License State_21e3e7'

2023-02-28 18:53:23 - [MESSAGE][PASSED] - Text '' is set on object 'Object Repository/RecAndPlayBk/Page-Vlink-Debit/input_concat(CheckWriter, , s License State_21e3e7'

2023-02-28 18:53:23 - [TEST_STEP][PASSED] - setText(findTestObject("RecAndPlayBk/Page-Vlink-Debit/input_Standard Entry Class"), sec): Text 'PPD' is set on object 'Object Repository/RecAndPlayBk/Page-Vlink-Debit/input_Standard Entry Class'

2023-02-28 18:53:24 - [MESSAGE][PASSED] - Text 'PPD' is set on object 'Object Repository/RecAndPlayBk/Page-Vlink-Debit/input_Standard Entry Class'

2023-02-28 18:53:24 - [TEST_STEP][PASSED] - click(findTestObject("Object Repository/RecAndPlayBk/Page-Vlink-Debit/input")): Object: 'Object Repository/RecAndPlayBk/Page-Vlink-Debit/input' is clicked on

2023-02-28 18:53:24 - [MESSAGE][PASSED] - Object: 'Object Repository/RecAndPlayBk/Page-Vlink-Debit/input' is clicked on

2023-02-28 18:53:24 - [TEST_STEP][PASSED] - if (verifyTextPresent("Transaction approved, no errors", true)): null

2023-02-28 18:53:25 - [MESSAGE][PASSED] - Text 'Transaction approved, no errors' is present on page  using regular expression

2023-02-28 18:53:25 - [TEST_STEP][PASSED] - println("Transaction Approved, no errors text is present on the Confirmation page"): null

2023-02-28 18:53:25 - [TEST_STEP][PASSED] - out.println("Pass Record Number: " + row): null

2023-02-28 18:53:25 - [TEST_STEP][PASSED] - resText = "Pass": null

2023-02-28 18:53:25 - [TEST_STEP][PASSED] - pages.WriteExcel.demoKey(resText, datText, resColumn, datCloumn, fileLoc, nameSheet, row): pages.WriteExcel.demoKey is PASSED

2023-02-28 18:53:25 - [MESSAGE][PASSED] - pages.WriteExcel.demoKey is PASSED

2023-02-28 18:53:25 - [TEST_STEP][PASSED] - ExecuteTC = findTestData(dataFile).getValue("Execute", row): null

2023-02-28 18:53:25 - [TEST_STEP][PASSED] - out.println("Value of Execute is : " + ExecuteTC): null

2023-02-28 18:53:25 - [TEST_STEP][PASSED] - switch (executionProfile): null

2023-02-28 18:53:25 - [TEST_STEP][PASSED] - case "Demo2Profile":: null

2023-02-28 18:53:25 - [TEST_STEP][PASSED] - appID = findTestData(dataFile).getValue("AppIDDemo", row): null

2023-02-28 18:53:25 - [TEST_STEP][PASSED] - username = findTestData(dataFile).getValue("UsernameDemo", row): null

2023-02-28 18:53:25 - [TEST_STEP][PASSED] - password = findTestData(dataFile).getValue("PasswordDemo", row): null

2023-02-28 18:53:25 - [TEST_STEP][PASSED] - break: null

2023-02-28 18:53:25 - [TEST_STEP][PASSED] - if (ExecuteTC.equalsIgnoreCase("Y")): null

2023-02-28 18:53:25 - [TEST_STEP][PASSED] - out.println("Begin Record Number: " + row): null

2023-02-28 18:53:25 - [TEST_STEP][PASSED] - today = new java.util.Date(): null

2023-02-28 18:53:25 - [TEST_STEP][PASSED] - println(today): null

2023-02-28 18:53:25 - [TEST_STEP][PASSED] - datText = today: null

2023-02-28 18:53:25 - [TEST_STEP][PASSED] - checkType = findTestData(dataFile).getValue("CheckType", row): null

2023-02-28 18:53:25 - [TEST_STEP][PASSED] - acNumber = findTestData(dataFile).getValue("AcNumber", row): null

2023-02-28 18:53:25 - [TEST_STEP][PASSED] - company = findTestData(dataFile).getValue("Company", row): null

2023-02-28 18:53:25 - [TEST_STEP][PASSED] - acType = findTestData(dataFile).getValue("AcType", row): null

2023-02-28 18:53:25 - [TEST_STEP][PASSED] - rtn = findTestData(dataFile).getValue("RTN", row): null

2023-02-28 18:53:25 - [TEST_STEP][PASSED] - amount = findTestData(dataFile).getValue("Amount", row): null

2023-02-28 18:53:25 - [TEST_STEP][PASSED] - sec = findTestData(dataFile).getValue("SEC", row): null

2023-02-28 18:53:26 - [TEST_STEP][PASSED] - openBrowser(VLinkURL + "debit.html"): Browser is opened with url: 'https://dev-algorithm.govolution.com/vlinktest/demo2/version_2_0/debit.html'

2023-02-28 18:53:26 - [MESSAGE][WARNING] - A browser is already opened. Closing browser and opening a new one

2023-02-28 18:53:26 - [MESSAGE][INFO] - Starting 'Chrome' driver

2023-02-28 18:53:26 - [MESSAGE][INFO] - User set preference: ['acceptInsecureCerts', 'true']

2023-02-28 18:53:26 - [MESSAGE][INFO] - Action delay is set to 0 milliseconds

2023-02-28 18:53:28 - [MESSAGE][PASSED] - Browser is opened with url: 'https://dev-algorithm.govolution.com/vlinktest/demo2/version_2_0/debit.html'

2023-02-28 18:53:28 - [TEST_STEP][PASSED] - maximizeWindow(): Current window maximized

2023-02-28 18:53:28 - [MESSAGE][PASSED] - Current window maximized

2023-02-28 18:53:28 - [TEST_STEP][PASSED] - genRemID1 = random() * 99999).toInteger(): null

2023-02-28 18:53:28 - [TEST_STEP][PASSED] - genRemID2 = random() * 99999).toInteger(): null

2023-02-28 18:53:28 - [TEST_STEP][PASSED] - genRemID3 = random() * 99999).toInteger(): null

2023-02-28 18:53:28 - [TEST_STEP][PASSED] - println(genRemID1): null

2023-02-28 18:53:28 - [TEST_STEP][PASSED] - println(genRemID2): null

2023-02-28 18:53:28 - [TEST_STEP][PASSED] - println(genRemID3): null

2023-02-28 18:53:28 - [TEST_STEP][PASSED] - genRemID = genRemID1 + "|" + genRemID2 + "|" + genRemID3: null

2023-02-28 18:53:28 - [TEST_STEP][PASSED] - println(genRemID): null

2023-02-28 18:53:28 - [TEST_STEP][PASSED] - setText(findTestObject("RecAndPlayBk/Page-Vlink-Debit/input_Remittance Id"), genRemID): Text '4332|54107|88515' is set on object 'Object Repository/RecAndPlayBk/Page-Vlink-Debit/input_Remittance Id'

2023-02-28 18:53:29 - [MESSAGE][PASSED] - Text '4332|54107|88515' is set on object 'Object Repository/RecAndPlayBk/Page-Vlink-Debit/input_Remittance Id'

2023-02-28 18:53:29 - [TEST_STEP][PASSED] - setText(findTestObject("RecAndPlayBk/Page-Vlink-Debit/input_Application Id"), appID): Text '1773' is set on object 'Object Repository/RecAndPlayBk/Page-Vlink-Debit/input_Application Id'

2023-02-28 18:53:30 - [MESSAGE][PASSED] - Text '1773' is set on object 'Object Repository/RecAndPlayBk/Page-Vlink-Debit/input_Application Id'

2023-02-28 18:53:30 - [TEST_STEP][PASSED] - setText(findTestObject("RecAndPlayBk/Page-Vlink-Debit/input_Username"), username): Text 'Qq2BV1qtr' is set on object 'Object Repository/RecAndPlayBk/Page-Vlink-Debit/input_Username'

2023-02-28 18:53:31 - [MESSAGE][PASSED] - Text 'Qq2BV1qtr' is set on object 'Object Repository/RecAndPlayBk/Page-Vlink-Debit/input_Username'

2023-02-28 18:53:31 - [TEST_STEP][PASSED] - setText(findTestObject("RecAndPlayBk/Page-Vlink-Debit/input_Password"), password): Text 'tUmWBiLUx' is set on object 'Object Repository/RecAndPlayBk/Page-Vlink-Debit/input_Password'

2023-02-28 18:53:31 - [MESSAGE][PASSED] - Text 'tUmWBiLUx' is set on object 'Object Repository/RecAndPlayBk/Page-Vlink-Debit/input_Password'

2023-02-28 18:53:31 - [TEST_STEP][PASSED] - setText(findTestObject("RecAndPlayBk/Page-Vlink-Debit/input_Check Type"), checkType): Text 'P' is set on object 'Object Repository/RecAndPlayBk/Page-Vlink-Debit/input_Check Type'

2023-02-28 18:53:32 - [MESSAGE][PASSED] - Text 'P' is set on object 'Object Repository/RecAndPlayBk/Page-Vlink-Debit/input_Check Type'

2023-02-28 18:53:32 - [TEST_STEP][PASSED] - setText(findTestObject("RecAndPlayBk/Page-Vlink-Debit/input_Account_check"), acNumber): Text '58963214' is set on object 'Object Repository/RecAndPlayBk/Page-Vlink-Debit/input_Account_check'

2023-02-28 18:53:32 - [MESSAGE][PASSED] - Text '58963214' is set on object 'Object Repository/RecAndPlayBk/Page-Vlink-Debit/input_Account_check'

2023-02-28 18:53:32 - [TEST_STEP][PASSED] - setText(findTestObject("RecAndPlayBk/Page-Vlink-Debit/input_Company_check"), company): Text '' is set on object 'Object Repository/RecAndPlayBk/Page-Vlink-Debit/input_Company_check'

2023-02-28 18:53:33 - [MESSAGE][PASSED] - Text '' is set on object 'Object Repository/RecAndPlayBk/Page-Vlink-Debit/input_Company_check'

2023-02-28 18:53:33 - [TEST_STEP][PASSED] - setText(findTestObject("RecAndPlayBk/Page-Vlink-Debit/input_Account Type"), acType): Text '2' is set on object 'Object Repository/RecAndPlayBk/Page-Vlink-Debit/input_Account Type'

2023-02-28 18:53:34 - [MESSAGE][PASSED] - Text '2' is set on object 'Object Repository/RecAndPlayBk/Page-Vlink-Debit/input_Account Type'

2023-02-28 18:53:34 - [TEST_STEP][PASSED] - setText(findTestObject("RecAndPlayBk/Page-Vlink-Debit/input_Routing Number"), rtn): Text '256072691' is set on object 'Object Repository/RecAndPlayBk/Page-Vlink-Debit/input_Routing Number'

2023-02-28 18:53:34 - [MESSAGE][PASSED] - Text '256072691' is set on object 'Object Repository/RecAndPlayBk/Page-Vlink-Debit/input_Routing Number'

2023-02-28 18:53:34 - [TEST_STEP][PASSED] - setText(findTestObject("RecAndPlayBk/Page-Vlink-Debit/input_Amount"), amount): Text '12.50' is set on object 'Object Repository/RecAndPlayBk/Page-Vlink-Debit/input_Amount'

2023-02-28 18:53:35 - [MESSAGE][PASSED] - Text '12.50' is set on object 'Object Repository/RecAndPlayBk/Page-Vlink-Debit/input_Amount'

2023-02-28 18:53:35 - [TEST_STEP][PASSED] - setText(findTestObject("RecAndPlayBk/Page-Vlink-Debit/input_Check Email"), ""): Text '' is set on object 'Object Repository/RecAndPlayBk/Page-Vlink-Debit/input_Check Email'

2023-02-28 18:53:35 - [MESSAGE][PASSED] - Text '' is set on object 'Object Repository/RecAndPlayBk/Page-Vlink-Debit/input_Check Email'

2023-02-28 18:53:35 - [TEST_STEP][PASSED] - setText(findTestObject("Object Repository/RecAndPlayBk/Page-Vlink-Debit/input_concat(CheckWriter, , s SSN)_check_ssn"), ""): Text '' is set on object 'Object Repository/RecAndPlayBk/Page-Vlink-Debit/input_concat(CheckWriter, , s SSN)_check_ssn'

2023-02-28 18:53:36 - [MESSAGE][PASSED] - Text '' is set on object 'Object Repository/RecAndPlayBk/Page-Vlink-Debit/input_concat(CheckWriter, , s SSN)_check_ssn'

2023-02-28 18:53:36 - [TEST_STEP][PASSED] - setText(findTestObject("Object Repository/RecAndPlayBk/Page-Vlink-Debit/input_concat(CheckWriter, , s License Numbe_020fef"), ""): Text '' is set on object 'Object Repository/RecAndPlayBk/Page-Vlink-Debit/input_concat(CheckWriter, , s License Numbe_020fef'

2023-02-28 18:53:37 - [MESSAGE][PASSED] - Text '' is set on object 'Object Repository/RecAndPlayBk/Page-Vlink-Debit/input_concat(CheckWriter, , s License Numbe_020fef'

2023-02-28 18:53:37 - [TEST_STEP][PASSED] - setText(findTestObject("Object Repository/RecAndPlayBk/Page-Vlink-Debit/input_concat(CheckWriter, , s License State_21e3e7"), ""): Text '' is set on object 'Object Repository/RecAndPlayBk/Page-Vlink-Debit/input_concat(CheckWriter, , s License State_21e3e7'

2023-02-28 18:53:37 - [MESSAGE][PASSED] - Text '' is set on object 'Object Repository/RecAndPlayBk/Page-Vlink-Debit/input_concat(CheckWriter, , s License State_21e3e7'

2023-02-28 18:53:37 - [TEST_STEP][PASSED] - setText(findTestObject("RecAndPlayBk/Page-Vlink-Debit/input_Standard Entry Class"), sec): Text 'WEB' is set on object 'Object Repository/RecAndPlayBk/Page-Vlink-Debit/input_Standard Entry Class'

2023-02-28 18:53:38 - [MESSAGE][PASSED] - Text 'WEB' is set on object 'Object Repository/RecAndPlayBk/Page-Vlink-Debit/input_Standard Entry Class'

2023-02-28 18:53:38 - [TEST_STEP][PASSED] - click(findTestObject("Object Repository/RecAndPlayBk/Page-Vlink-Debit/input")): Object: 'Object Repository/RecAndPlayBk/Page-Vlink-Debit/input' is clicked on

2023-02-28 18:53:40 - [MESSAGE][PASSED] - Object: 'Object Repository/RecAndPlayBk/Page-Vlink-Debit/input' is clicked on

2023-02-28 18:53:40 - [TEST_STEP][PASSED] - if (verifyTextPresent("Transaction approved, no errors", true)): null

2023-02-28 18:53:41 - [MESSAGE][PASSED] - Text 'Transaction approved, no errors' is present on page  using regular expression

2023-02-28 18:53:41 - [TEST_STEP][PASSED] - println("Transaction Approved, no errors text is present on the Confirmation page"): null

2023-02-28 18:53:41 - [TEST_STEP][PASSED] - out.println("Pass Record Number: " + row): null

2023-02-28 18:53:41 - [TEST_STEP][PASSED] - resText = "Pass": null

2023-02-28 18:53:41 - [TEST_STEP][PASSED] - pages.WriteExcel.demoKey(resText, datText, resColumn, datCloumn, fileLoc, nameSheet, row): pages.WriteExcel.demoKey is PASSED

2023-02-28 18:53:41 - [MESSAGE][PASSED] - pages.WriteExcel.demoKey is PASSED

2023-02-28 18:53:41 - [TEST_STEP][PASSED] - ExecuteTC = findTestData(dataFile).getValue("Execute", row): null

2023-02-28 18:53:41 - [TEST_STEP][PASSED] - out.println("Value of Execute is : " + ExecuteTC): null

2023-02-28 18:53:41 - [TEST_STEP][PASSED] - switch (executionProfile): null

2023-02-28 18:53:41 - [TEST_STEP][PASSED] - case "Demo2Profile":: null

2023-02-28 18:53:41 - [TEST_STEP][PASSED] - appID = findTestData(dataFile).getValue("AppIDDemo", row): null

2023-02-28 18:53:41 - [TEST_STEP][PASSED] - username = findTestData(dataFile).getValue("UsernameDemo", row): null

2023-02-28 18:53:41 - [TEST_STEP][PASSED] - password = findTestData(dataFile).getValue("PasswordDemo", row): null

2023-02-28 18:53:41 - [TEST_STEP][PASSED] - break: null

2023-02-28 18:53:41 - [TEST_STEP][PASSED] - if (ExecuteTC.equalsIgnoreCase("Y")): null

2023-02-28 18:53:41 - [TEST_STEP][PASSED] - out.println("Begin Record Number: " + row): null

2023-02-28 18:53:41 - [TEST_STEP][PASSED] - today = new java.util.Date(): null

2023-02-28 18:53:41 - [TEST_STEP][PASSED] - println(today): null

2023-02-28 18:53:41 - [TEST_STEP][PASSED] - datText = today: null

2023-02-28 18:53:41 - [TEST_STEP][PASSED] - checkType = findTestData(dataFile).getValue("CheckType", row): null

2023-02-28 18:53:42 - [TEST_STEP][PASSED] - acNumber = findTestData(dataFile).getValue("AcNumber", row): null

2023-02-28 18:53:42 - [TEST_STEP][PASSED] - company = findTestData(dataFile).getValue("Company", row): null

2023-02-28 18:53:42 - [TEST_STEP][PASSED] - acType = findTestData(dataFile).getValue("AcType", row): null

2023-02-28 18:53:42 - [TEST_STEP][PASSED] - rtn = findTestData(dataFile).getValue("RTN", row): null

2023-02-28 18:53:42 - [TEST_STEP][PASSED] - amount = findTestData(dataFile).getValue("Amount", row): null

2023-02-28 18:53:42 - [TEST_STEP][PASSED] - sec = findTestData(dataFile).getValue("SEC", row): null

2023-02-28 18:53:42 - [TEST_STEP][PASSED] - openBrowser(VLinkURL + "debit.html"): Browser is opened with url: 'https://dev-algorithm.govolution.com/vlinktest/demo2/version_2_0/debit.html'

2023-02-28 18:53:42 - [MESSAGE][WARNING] - A browser is already opened. Closing browser and opening a new one

2023-02-28 18:53:43 - [MESSAGE][INFO] - Starting 'Chrome' driver

2023-02-28 18:53:43 - [MESSAGE][INFO] - User set preference: ['acceptInsecureCerts', 'true']

2023-02-28 18:53:43 - [MESSAGE][INFO] - Action delay is set to 0 milliseconds

2023-02-28 18:53:45 - [MESSAGE][PASSED] - Browser is opened with url: 'https://dev-algorithm.govolution.com/vlinktest/demo2/version_2_0/debit.html'

2023-02-28 18:53:45 - [TEST_STEP][PASSED] - maximizeWindow(): Current window maximized

2023-02-28 18:53:45 - [MESSAGE][PASSED] - Current window maximized

2023-02-28 18:53:45 - [TEST_STEP][PASSED] - genRemID1 = random() * 99999).toInteger(): null

2023-02-28 18:53:45 - [TEST_STEP][PASSED] - genRemID2 = random() * 99999).toInteger(): null

2023-02-28 18:53:45 - [TEST_STEP][PASSED] - genRemID3 = random() * 99999).toInteger(): null

2023-02-28 18:53:45 - [TEST_STEP][PASSED] - println(genRemID1): null

2023-02-28 18:53:45 - [TEST_STEP][PASSED] - println(genRemID2): null

2023-02-28 18:53:45 - [TEST_STEP][PASSED] - println(genRemID3): null

2023-02-28 18:53:45 - [TEST_STEP][PASSED] - genRemID = genRemID1 + "|" + genRemID2 + "|" + genRemID3: null

2023-02-28 18:53:45 - [TEST_STEP][PASSED] - println(genRemID): null

2023-02-28 18:53:45 - [TEST_STEP][PASSED] - setText(findTestObject("RecAndPlayBk/Page-Vlink-Debit/input_Remittance Id"), genRemID): Text '56198|48930|45272' is set on object 'Object Repository/RecAndPlayBk/Page-Vlink-Debit/input_Remittance Id'

2023-02-28 18:53:46 - [MESSAGE][PASSED] - Text '56198|48930|45272' is set on object 'Object Repository/RecAndPlayBk/Page-Vlink-Debit/input_Remittance Id'

2023-02-28 18:53:46 - [TEST_STEP][PASSED] - setText(findTestObject("RecAndPlayBk/Page-Vlink-Debit/input_Application Id"), appID): Text '1773' is set on object 'Object Repository/RecAndPlayBk/Page-Vlink-Debit/input_Application Id'

2023-02-28 18:53:47 - [MESSAGE][PASSED] - Text '1773' is set on object 'Object Repository/RecAndPlayBk/Page-Vlink-Debit/input_Application Id'

2023-02-28 18:53:47 - [TEST_STEP][PASSED] - setText(findTestObject("RecAndPlayBk/Page-Vlink-Debit/input_Username"), username): Text 'Qq2BV1qtr' is set on object 'Object Repository/RecAndPlayBk/Page-Vlink-Debit/input_Username'

2023-02-28 18:53:47 - [MESSAGE][PASSED] - Text 'Qq2BV1qtr' is set on object 'Object Repository/RecAndPlayBk/Page-Vlink-Debit/input_Username'

2023-02-28 18:53:47 - [TEST_STEP][PASSED] - setText(findTestObject("RecAndPlayBk/Page-Vlink-Debit/input_Password"), password): Text 'tUmWBiLUx' is set on object 'Object Repository/RecAndPlayBk/Page-Vlink-Debit/input_Password'

2023-02-28 18:53:48 - [MESSAGE][PASSED] - Text 'tUmWBiLUx' is set on object 'Object Repository/RecAndPlayBk/Page-Vlink-Debit/input_Password'

2023-02-28 18:53:48 - [TEST_STEP][PASSED] - setText(findTestObject("RecAndPlayBk/Page-Vlink-Debit/input_Check Type"), checkType): Text 'P' is set on object 'Object Repository/RecAndPlayBk/Page-Vlink-Debit/input_Check Type'

2023-02-28 18:53:49 - [MESSAGE][PASSED] - Text 'P' is set on object 'Object Repository/RecAndPlayBk/Page-Vlink-Debit/input_Check Type'

2023-02-28 18:53:49 - [TEST_STEP][PASSED] - setText(findTestObject("RecAndPlayBk/Page-Vlink-Debit/input_Account_check"), acNumber): Text '58963214' is set on object 'Object Repository/RecAndPlayBk/Page-Vlink-Debit/input_Account_check'

2023-02-28 18:53:49 - [MESSAGE][PASSED] - Text '58963214' is set on object 'Object Repository/RecAndPlayBk/Page-Vlink-Debit/input_Account_check'

2023-02-28 18:53:49 - [TEST_STEP][PASSED] - setText(findTestObject("RecAndPlayBk/Page-Vlink-Debit/input_Company_check"), company): Text '' is set on object 'Object Repository/RecAndPlayBk/Page-Vlink-Debit/input_Company_check'

2023-02-28 18:53:50 - [MESSAGE][PASSED] - Text '' is set on object 'Object Repository/RecAndPlayBk/Page-Vlink-Debit/input_Company_check'

2023-02-28 18:53:50 - [TEST_STEP][PASSED] - setText(findTestObject("RecAndPlayBk/Page-Vlink-Debit/input_Account Type"), acType): Text '2' is set on object 'Object Repository/RecAndPlayBk/Page-Vlink-Debit/input_Account Type'

2023-02-28 18:53:50 - [MESSAGE][PASSED] - Text '2' is set on object 'Object Repository/RecAndPlayBk/Page-Vlink-Debit/input_Account Type'

2023-02-28 18:53:50 - [TEST_STEP][PASSED] - setText(findTestObject("RecAndPlayBk/Page-Vlink-Debit/input_Routing Number"), rtn): Text '256072691' is set on object 'Object Repository/RecAndPlayBk/Page-Vlink-Debit/input_Routing Number'

2023-02-28 18:53:51 - [MESSAGE][PASSED] - Text '256072691' is set on object 'Object Repository/RecAndPlayBk/Page-Vlink-Debit/input_Routing Number'

2023-02-28 18:53:51 - [TEST_STEP][PASSED] - setText(findTestObject("RecAndPlayBk/Page-Vlink-Debit/input_Amount"), amount): Text '12.50' is set on object 'Object Repository/RecAndPlayBk/Page-Vlink-Debit/input_Amount'

2023-02-28 18:53:52 - [MESSAGE][PASSED] - Text '12.50' is set on object 'Object Repository/RecAndPlayBk/Page-Vlink-Debit/input_Amount'

2023-02-28 18:53:52 - [TEST_STEP][PASSED] - setText(findTestObject("RecAndPlayBk/Page-Vlink-Debit/input_Check Email"), ""): Text '' is set on object 'Object Repository/RecAndPlayBk/Page-Vlink-Debit/input_Check Email'

2023-02-28 18:53:52 - [MESSAGE][PASSED] - Text '' is set on object 'Object Repository/RecAndPlayBk/Page-Vlink-Debit/input_Check Email'

2023-02-28 18:53:52 - [TEST_STEP][PASSED] - setText(findTestObject("Object Repository/RecAndPlayBk/Page-Vlink-Debit/input_concat(CheckWriter, , s SSN)_check_ssn"), ""): Text '' is set on object 'Object Repository/RecAndPlayBk/Page-Vlink-Debit/input_concat(CheckWriter, , s SSN)_check_ssn'

2023-02-28 18:53:53 - [MESSAGE][PASSED] - Text '' is set on object 'Object Repository/RecAndPlayBk/Page-Vlink-Debit/input_concat(CheckWriter, , s SSN)_check_ssn'

2023-02-28 18:53:53 - [TEST_STEP][PASSED] - setText(findTestObject("Object Repository/RecAndPlayBk/Page-Vlink-Debit/input_concat(CheckWriter, , s License Numbe_020fef"), ""): Text '' is set on object 'Object Repository/RecAndPlayBk/Page-Vlink-Debit/input_concat(CheckWriter, , s License Numbe_020fef'

2023-02-28 18:53:54 - [MESSAGE][PASSED] - Text '' is set on object 'Object Repository/RecAndPlayBk/Page-Vlink-Debit/input_concat(CheckWriter, , s License Numbe_020fef'

2023-02-28 18:53:54 - [TEST_STEP][PASSED] - setText(findTestObject("Object Repository/RecAndPlayBk/Page-Vlink-Debit/input_concat(CheckWriter, , s License State_21e3e7"), ""): Text '' is set on object 'Object Repository/RecAndPlayBk/Page-Vlink-Debit/input_concat(CheckWriter, , s License State_21e3e7'

2023-02-28 18:53:54 - [MESSAGE][PASSED] - Text '' is set on object 'Object Repository/RecAndPlayBk/Page-Vlink-Debit/input_concat(CheckWriter, , s License State_21e3e7'

2023-02-28 18:53:54 - [TEST_STEP][PASSED] - setText(findTestObject("RecAndPlayBk/Page-Vlink-Debit/input_Standard Entry Class"), sec): Text 'TEL' is set on object 'Object Repository/RecAndPlayBk/Page-Vlink-Debit/input_Standard Entry Class'

2023-02-28 18:53:55 - [MESSAGE][PASSED] - Text 'TEL' is set on object 'Object Repository/RecAndPlayBk/Page-Vlink-Debit/input_Standard Entry Class'

2023-02-28 18:53:55 - [TEST_STEP][PASSED] - click(findTestObject("Object Repository/RecAndPlayBk/Page-Vlink-Debit/input")): Object: 'Object Repository/RecAndPlayBk/Page-Vlink-Debit/input' is clicked on

2023-02-28 18:53:56 - [MESSAGE][PASSED] - Object: 'Object Repository/RecAndPlayBk/Page-Vlink-Debit/input' is clicked on

2023-02-28 18:53:56 - [TEST_STEP][PASSED] - if (verifyTextPresent("Transaction approved, no errors", true)): null

2023-02-28 18:53:56 - [MESSAGE][PASSED] - Text 'Transaction approved, no errors' is present on page  using regular expression

2023-02-28 18:53:56 - [TEST_STEP][PASSED] - println("Transaction Approved, no errors text is present on the Confirmation page"): null

2023-02-28 18:53:56 - [TEST_STEP][PASSED] - out.println("Pass Record Number: " + row): null

2023-02-28 18:53:56 - [TEST_STEP][PASSED] - resText = "Pass": null

2023-02-28 18:53:56 - [TEST_STEP][PASSED] - pages.WriteExcel.demoKey(resText, datText, resColumn, datCloumn, fileLoc, nameSheet, row): pages.WriteExcel.demoKey is PASSED

2023-02-28 18:53:56 - [MESSAGE][PASSED] - pages.WriteExcel.demoKey is PASSED

2023-02-28 18:53:56 - [TEST_STEP][PASSED] - ExecuteTC = findTestData(dataFile).getValue("Execute", row): null

2023-02-28 18:53:56 - [TEST_STEP][PASSED] - out.println("Value of Execute is : " + ExecuteTC): null

2023-02-28 18:53:56 - [TEST_STEP][PASSED] - switch (executionProfile): null

2023-02-28 18:53:56 - [TEST_STEP][PASSED] - case "Demo2Profile":: null

2023-02-28 18:53:56 - [TEST_STEP][PASSED] - appID = findTestData(dataFile).getValue("AppIDDemo", row): null

2023-02-28 18:53:56 - [TEST_STEP][PASSED] - username = findTestData(dataFile).getValue("UsernameDemo", row): null

2023-02-28 18:53:56 - [TEST_STEP][PASSED] - password = findTestData(dataFile).getValue("PasswordDemo", row): null

2023-02-28 18:53:56 - [TEST_STEP][PASSED] - break: null

2023-02-28 18:53:56 - [TEST_STEP][PASSED] - if (ExecuteTC.equalsIgnoreCase("Y")): null

2023-02-28 18:53:56 - [TEST_STEP][PASSED] - out.println("Begin Record Number: " + row): null

2023-02-28 18:53:56 - [TEST_STEP][PASSED] - today = new java.util.Date(): null

2023-02-28 18:53:56 - [TEST_STEP][PASSED] - println(today): null

2023-02-28 18:53:56 - [TEST_STEP][PASSED] - datText = today: null

2023-02-28 18:53:56 - [TEST_STEP][PASSED] - checkType = findTestData(dataFile).getValue("CheckType", row): null

2023-02-28 18:53:56 - [TEST_STEP][PASSED] - acNumber = findTestData(dataFile).getValue("AcNumber", row): null

2023-02-28 18:53:56 - [TEST_STEP][PASSED] - company = findTestData(dataFile).getValue("Company", row): null

2023-02-28 18:53:57 - [TEST_STEP][PASSED] - acType = findTestData(dataFile).getValue("AcType", row): null

2023-02-28 18:53:57 - [TEST_STEP][PASSED] - rtn = findTestData(dataFile).getValue("RTN", row): null

2023-02-28 18:53:57 - [TEST_STEP][PASSED] - amount = findTestData(dataFile).getValue("Amount", row): null

2023-02-28 18:53:57 - [TEST_STEP][PASSED] - sec = findTestData(dataFile).getValue("SEC", row): null

2023-02-28 18:53:57 - [TEST_STEP][PASSED] - openBrowser(VLinkURL + "debit.html"): Browser is opened with url: 'https://dev-algorithm.govolution.com/vlinktest/demo2/version_2_0/debit.html'

2023-02-28 18:53:57 - [MESSAGE][WARNING] - A browser is already opened. Closing browser and opening a new one

2023-02-28 18:53:58 - [MESSAGE][INFO] - Starting 'Chrome' driver

2023-02-28 18:53:58 - [MESSAGE][INFO] - User set preference: ['acceptInsecureCerts', 'true']

2023-02-28 18:53:58 - [MESSAGE][INFO] - Action delay is set to 0 milliseconds

2023-02-28 18:53:59 - [MESSAGE][PASSED] - Browser is opened with url: 'https://dev-algorithm.govolution.com/vlinktest/demo2/version_2_0/debit.html'

2023-02-28 18:53:59 - [TEST_STEP][PASSED] - maximizeWindow(): Current window maximized

2023-02-28 18:54:00 - [MESSAGE][PASSED] - Current window maximized

2023-02-28 18:54:00 - [TEST_STEP][PASSED] - genRemID1 = random() * 99999).toInteger(): null

2023-02-28 18:54:00 - [TEST_STEP][PASSED] - genRemID2 = random() * 99999).toInteger(): null

2023-02-28 18:54:00 - [TEST_STEP][PASSED] - genRemID3 = random() * 99999).toInteger(): null

2023-02-28 18:54:00 - [TEST_STEP][PASSED] - println(genRemID1): null

2023-02-28 18:54:00 - [TEST_STEP][PASSED] - println(genRemID2): null

2023-02-28 18:54:00 - [TEST_STEP][PASSED] - println(genRemID3): null

2023-02-28 18:54:00 - [TEST_STEP][PASSED] - genRemID = genRemID1 + "|" + genRemID2 + "|" + genRemID3: null

2023-02-28 18:54:00 - [TEST_STEP][PASSED] - println(genRemID): null

2023-02-28 18:54:00 - [TEST_STEP][PASSED] - setText(findTestObject("RecAndPlayBk/Page-Vlink-Debit/input_Remittance Id"), genRemID): Text '53536|59801|92746' is set on object 'Object Repository/RecAndPlayBk/Page-Vlink-Debit/input_Remittance Id'

2023-02-28 18:54:00 - [MESSAGE][PASSED] - Text '53536|59801|92746' is set on object 'Object Repository/RecAndPlayBk/Page-Vlink-Debit/input_Remittance Id'

2023-02-28 18:54:00 - [TEST_STEP][PASSED] - setText(findTestObject("RecAndPlayBk/Page-Vlink-Debit/input_Application Id"), appID): Text '1773' is set on object 'Object Repository/RecAndPlayBk/Page-Vlink-Debit/input_Application Id'

2023-02-28 18:54:01 - [MESSAGE][PASSED] - Text '1773' is set on object 'Object Repository/RecAndPlayBk/Page-Vlink-Debit/input_Application Id'

2023-02-28 18:54:01 - [TEST_STEP][PASSED] - setText(findTestObject("RecAndPlayBk/Page-Vlink-Debit/input_Username"), username): Text 'Qq2BV1qtr' is set on object 'Object Repository/RecAndPlayBk/Page-Vlink-Debit/input_Username'

2023-02-28 18:54:02 - [MESSAGE][PASSED] - Text 'Qq2BV1qtr' is set on object 'Object Repository/RecAndPlayBk/Page-Vlink-Debit/input_Username'

2023-02-28 18:54:02 - [TEST_STEP][PASSED] - setText(findTestObject("RecAndPlayBk/Page-Vlink-Debit/input_Password"), password): Text 'tUmWBiLUx' is set on object 'Object Repository/RecAndPlayBk/Page-Vlink-Debit/input_Password'

2023-02-28 18:54:02 - [MESSAGE][PASSED] - Text 'tUmWBiLUx' is set on object 'Object Repository/RecAndPlayBk/Page-Vlink-Debit/input_Password'

2023-02-28 18:54:02 - [TEST_STEP][PASSED] - setText(findTestObject("RecAndPlayBk/Page-Vlink-Debit/input_Check Type"), checkType): Text 'P' is set on object 'Object Repository/RecAndPlayBk/Page-Vlink-Debit/input_Check Type'

2023-02-28 18:54:03 - [MESSAGE][PASSED] - Text 'P' is set on object 'Object Repository/RecAndPlayBk/Page-Vlink-Debit/input_Check Type'

2023-02-28 18:54:03 - [TEST_STEP][PASSED] - setText(findTestObject("RecAndPlayBk/Page-Vlink-Debit/input_Account_check"), acNumber): Text '58963214' is set on object 'Object Repository/RecAndPlayBk/Page-Vlink-Debit/input_Account_check'

2023-02-28 18:54:04 - [MESSAGE][PASSED] - Text '58963214' is set on object 'Object Repository/RecAndPlayBk/Page-Vlink-Debit/input_Account_check'

2023-02-28 18:54:04 - [TEST_STEP][PASSED] - setText(findTestObject("RecAndPlayBk/Page-Vlink-Debit/input_Company_check"), company): Text '' is set on object 'Object Repository/RecAndPlayBk/Page-Vlink-Debit/input_Company_check'

2023-02-28 18:54:04 - [MESSAGE][PASSED] - Text '' is set on object 'Object Repository/RecAndPlayBk/Page-Vlink-Debit/input_Company_check'

2023-02-28 18:54:04 - [TEST_STEP][PASSED] - setText(findTestObject("RecAndPlayBk/Page-Vlink-Debit/input_Account Type"), acType): Text '2' is set on object 'Object Repository/RecAndPlayBk/Page-Vlink-Debit/input_Account Type'

2023-02-28 18:54:05 - [MESSAGE][PASSED] - Text '2' is set on object 'Object Repository/RecAndPlayBk/Page-Vlink-Debit/input_Account Type'

2023-02-28 18:54:05 - [TEST_STEP][PASSED] - setText(findTestObject("RecAndPlayBk/Page-Vlink-Debit/input_Routing Number"), rtn): Text '256072691' is set on object 'Object Repository/RecAndPlayBk/Page-Vlink-Debit/input_Routing Number'

2023-02-28 18:54:05 - [MESSAGE][PASSED] - Text '256072691' is set on object 'Object Repository/RecAndPlayBk/Page-Vlink-Debit/input_Routing Number'

2023-02-28 18:54:05 - [TEST_STEP][PASSED] - setText(findTestObject("RecAndPlayBk/Page-Vlink-Debit/input_Amount"), amount): Text '12.50' is set on object 'Object Repository/RecAndPlayBk/Page-Vlink-Debit/input_Amount'

2023-02-28 18:54:06 - [MESSAGE][PASSED] - Text '12.50' is set on object 'Object Repository/RecAndPlayBk/Page-Vlink-Debit/input_Amount'

2023-02-28 18:54:06 - [TEST_STEP][PASSED] - setText(findTestObject("RecAndPlayBk/Page-Vlink-Debit/input_Check Email"), ""): Text '' is set on object 'Object Repository/RecAndPlayBk/Page-Vlink-Debit/input_Check Email'

2023-02-28 18:54:07 - [MESSAGE][PASSED] - Text '' is set on object 'Object Repository/RecAndPlayBk/Page-Vlink-Debit/input_Check Email'

2023-02-28 18:54:07 - [TEST_STEP][PASSED] - setText(findTestObject("Object Repository/RecAndPlayBk/Page-Vlink-Debit/input_concat(CheckWriter, , s SSN)_check_ssn"), ""): Text '' is set on object 'Object Repository/RecAndPlayBk/Page-Vlink-Debit/input_concat(CheckWriter, , s SSN)_check_ssn'

2023-02-28 18:54:07 - [MESSAGE][PASSED] - Text '' is set on object 'Object Repository/RecAndPlayBk/Page-Vlink-Debit/input_concat(CheckWriter, , s SSN)_check_ssn'

2023-02-28 18:54:07 - [TEST_STEP][PASSED] - setText(findTestObject("Object Repository/RecAndPlayBk/Page-Vlink-Debit/input_concat(CheckWriter, , s License Numbe_020fef"), ""): Text '' is set on object 'Object Repository/RecAndPlayBk/Page-Vlink-Debit/input_concat(CheckWriter, , s License Numbe_020fef'

2023-02-28 18:54:08 - [MESSAGE][PASSED] - Text '' is set on object 'Object Repository/RecAndPlayBk/Page-Vlink-Debit/input_concat(CheckWriter, , s License Numbe_020fef'

2023-02-28 18:54:08 - [TEST_STEP][PASSED] - setText(findTestObject("Object Repository/RecAndPlayBk/Page-Vlink-Debit/input_concat(CheckWriter, , s License State_21e3e7"), ""): Text '' is set on object 'Object Repository/RecAndPlayBk/Page-Vlink-Debit/input_concat(CheckWriter, , s License State_21e3e7'

2023-02-28 18:54:09 - [MESSAGE][PASSED] - Text '' is set on object 'Object Repository/RecAndPlayBk/Page-Vlink-Debit/input_concat(CheckWriter, , s License State_21e3e7'

2023-02-28 18:54:09 - [TEST_STEP][PASSED] - setText(findTestObject("RecAndPlayBk/Page-Vlink-Debit/input_Standard Entry Class"), sec): Text 'PPD' is set on object 'Object Repository/RecAndPlayBk/Page-Vlink-Debit/input_Standard Entry Class'

2023-02-28 18:54:09 - [MESSAGE][PASSED] - Text 'PPD' is set on object 'Object Repository/RecAndPlayBk/Page-Vlink-Debit/input_Standard Entry Class'

2023-02-28 18:54:09 - [TEST_STEP][PASSED] - click(findTestObject("Object Repository/RecAndPlayBk/Page-Vlink-Debit/input")): Object: 'Object Repository/RecAndPlayBk/Page-Vlink-Debit/input' is clicked on

2023-02-28 18:54:10 - [MESSAGE][PASSED] - Object: 'Object Repository/RecAndPlayBk/Page-Vlink-Debit/input' is clicked on

2023-02-28 18:54:10 - [TEST_STEP][PASSED] - if (verifyTextPresent("Transaction approved, no errors", true)): null

2023-02-28 18:54:10 - [MESSAGE][PASSED] - Text 'Transaction approved, no errors' is present on page  using regular expression

2023-02-28 18:54:10 - [TEST_STEP][PASSED] - println("Transaction Approved, no errors text is present on the Confirmation page"): null

2023-02-28 18:54:10 - [TEST_STEP][PASSED] - out.println("Pass Record Number: " + row): null

2023-02-28 18:54:10 - [TEST_STEP][PASSED] - resText = "Pass": null

2023-02-28 18:54:10 - [TEST_STEP][PASSED] - pages.WriteExcel.demoKey(resText, datText, resColumn, datCloumn, fileLoc, nameSheet, row): pages.WriteExcel.demoKey is PASSED

2023-02-28 18:54:11 - [MESSAGE][PASSED] - pages.WriteExcel.demoKey is PASSED

2023-02-28 18:54:11 - [TEST_STEP][PASSED] - ExecuteTC = findTestData(dataFile).getValue("Execute", row): null

2023-02-28 18:54:11 - [TEST_STEP][PASSED] - out.println("Value of Execute is : " + ExecuteTC): null

2023-02-28 18:54:11 - [TEST_STEP][PASSED] - switch (executionProfile): null

2023-02-28 18:54:11 - [TEST_STEP][PASSED] - case "Demo2Profile":: null

2023-02-28 18:54:11 - [TEST_STEP][PASSED] - appID = findTestData(dataFile).getValue("AppIDDemo", row): null

2023-02-28 18:54:11 - [TEST_STEP][PASSED] - username = findTestData(dataFile).getValue("UsernameDemo", row): null

2023-02-28 18:54:11 - [TEST_STEP][PASSED] - password = findTestData(dataFile).getValue("PasswordDemo", row): null

2023-02-28 18:54:11 - [TEST_STEP][PASSED] - break: null

2023-02-28 18:54:11 - [TEST_STEP][PASSED] - if (ExecuteTC.equalsIgnoreCase("Y")): null

2023-02-28 18:54:11 - [TEST_STEP][PASSED] - out.println("Begin Record Number: " + row): null

2023-02-28 18:54:11 - [TEST_STEP][PASSED] - today = new java.util.Date(): null

2023-02-28 18:54:11 - [TEST_STEP][PASSED] - println(today): null

2023-02-28 18:54:11 - [TEST_STEP][PASSED] - datText = today: null

2023-02-28 18:54:11 - [TEST_STEP][PASSED] - checkType = findTestData(dataFile).getValue("CheckType", row): null

2023-02-28 18:54:11 - [TEST_STEP][PASSED] - acNumber = findTestData(dataFile).getValue("AcNumber", row): null

2023-02-28 18:54:11 - [TEST_STEP][PASSED] - company = findTestData(dataFile).getValue("Company", row): null

2023-02-28 18:54:11 - [TEST_STEP][PASSED] - acType = findTestData(dataFile).getValue("AcType", row): null

2023-02-28 18:54:11 - [TEST_STEP][PASSED] - rtn = findTestData(dataFile).getValue("RTN", row): null

2023-02-28 18:54:11 - [TEST_STEP][PASSED] - amount = findTestData(dataFile).getValue("Amount", row): null

2023-02-28 18:54:11 - [TEST_STEP][PASSED] - sec = findTestData(dataFile).getValue("SEC", row): null

2023-02-28 18:54:11 - [TEST_STEP][PASSED] - openBrowser(VLinkURL + "debit.html"): Browser is opened with url: 'https://dev-algorithm.govolution.com/vlinktest/demo2/version_2_0/debit.html'

2023-02-28 18:54:11 - [MESSAGE][WARNING] - A browser is already opened. Closing browser and opening a new one

2023-02-28 18:54:12 - [MESSAGE][INFO] - Starting 'Chrome' driver

2023-02-28 18:54:12 - [MESSAGE][INFO] - User set preference: ['acceptInsecureCerts', 'true']

2023-02-28 18:54:12 - [MESSAGE][INFO] - Action delay is set to 0 milliseconds

2023-02-28 18:54:14 - [MESSAGE][PASSED] - Browser is opened with url: 'https://dev-algorithm.govolution.com/vlinktest/demo2/version_2_0/debit.html'

2023-02-28 18:54:14 - [TEST_STEP][PASSED] - maximizeWindow(): Current window maximized

2023-02-28 18:54:14 - [MESSAGE][PASSED] - Current window maximized

2023-02-28 18:54:14 - [TEST_STEP][PASSED] - genRemID1 = random() * 99999).toInteger(): null

2023-02-28 18:54:14 - [TEST_STEP][PASSED] - genRemID2 = random() * 99999).toInteger(): null

2023-02-28 18:54:14 - [TEST_STEP][PASSED] - genRemID3 = random() * 99999).toInteger(): null

2023-02-28 18:54:14 - [TEST_STEP][PASSED] - println(genRemID1): null

2023-02-28 18:54:14 - [TEST_STEP][PASSED] - println(genRemID2): null

2023-02-28 18:54:14 - [TEST_STEP][PASSED] - println(genRemID3): null

2023-02-28 18:54:14 - [TEST_STEP][PASSED] - genRemID = genRemID1 + "|" + genRemID2 + "|" + genRemID3: null

2023-02-28 18:54:14 - [TEST_STEP][PASSED] - println(genRemID): null

2023-02-28 18:54:14 - [TEST_STEP][PASSED] - setText(findTestObject("RecAndPlayBk/Page-Vlink-Debit/input_Remittance Id"), genRemID): Text '99741|16062|97747' is set on object 'Object Repository/RecAndPlayBk/Page-Vlink-Debit/input_Remittance Id'

2023-02-28 18:54:15 - [MESSAGE][PASSED] - Text '99741|16062|97747' is set on object 'Object Repository/RecAndPlayBk/Page-Vlink-Debit/input_Remittance Id'

2023-02-28 18:54:15 - [TEST_STEP][PASSED] - setText(findTestObject("RecAndPlayBk/Page-Vlink-Debit/input_Application Id"), appID): Text '1773' is set on object 'Object Repository/RecAndPlayBk/Page-Vlink-Debit/input_Application Id'

2023-02-28 18:54:15 - [MESSAGE][PASSED] - Text '1773' is set on object 'Object Repository/RecAndPlayBk/Page-Vlink-Debit/input_Application Id'

2023-02-28 18:54:15 - [TEST_STEP][PASSED] - setText(findTestObject("RecAndPlayBk/Page-Vlink-Debit/input_Username"), username): Text 'Qq2BV1qtr' is set on object 'Object Repository/RecAndPlayBk/Page-Vlink-Debit/input_Username'

2023-02-28 18:54:16 - [MESSAGE][PASSED] - Text 'Qq2BV1qtr' is set on object 'Object Repository/RecAndPlayBk/Page-Vlink-Debit/input_Username'

2023-02-28 18:54:16 - [TEST_STEP][PASSED] - setText(findTestObject("RecAndPlayBk/Page-Vlink-Debit/input_Password"), password): Text 'tUmWBiLUx' is set on object 'Object Repository/RecAndPlayBk/Page-Vlink-Debit/input_Password'

2023-02-28 18:54:17 - [MESSAGE][PASSED] - Text 'tUmWBiLUx' is set on object 'Object Repository/RecAndPlayBk/Page-Vlink-Debit/input_Password'

2023-02-28 18:54:17 - [TEST_STEP][PASSED] - setText(findTestObject("RecAndPlayBk/Page-Vlink-Debit/input_Check Type"), checkType): Text 'C' is set on object 'Object Repository/RecAndPlayBk/Page-Vlink-Debit/input_Check Type'

2023-02-28 18:54:17 - [MESSAGE][PASSED] - Text 'C' is set on object 'Object Repository/RecAndPlayBk/Page-Vlink-Debit/input_Check Type'

2023-02-28 18:54:17 - [TEST_STEP][PASSED] - setText(findTestObject("RecAndPlayBk/Page-Vlink-Debit/input_Account_check"), acNumber): Text '58963214' is set on object 'Object Repository/RecAndPlayBk/Page-Vlink-Debit/input_Account_check'

2023-02-28 18:54:18 - [MESSAGE][PASSED] - Text '58963214' is set on object 'Object Repository/RecAndPlayBk/Page-Vlink-Debit/input_Account_check'

2023-02-28 18:54:18 - [TEST_STEP][PASSED] - setText(findTestObject("RecAndPlayBk/Page-Vlink-Debit/input_Company_check"), company): Text 'My Company' is set on object 'Object Repository/RecAndPlayBk/Page-Vlink-Debit/input_Company_check'

2023-02-28 18:54:19 - [MESSAGE][PASSED] - Text 'My Company' is set on object 'Object Repository/RecAndPlayBk/Page-Vlink-Debit/input_Company_check'

2023-02-28 18:54:19 - [TEST_STEP][PASSED] - setText(findTestObject("RecAndPlayBk/Page-Vlink-Debit/input_Account Type"), acType): Text '' is set on object 'Object Repository/RecAndPlayBk/Page-Vlink-Debit/input_Account Type'

2023-02-28 18:54:19 - [MESSAGE][PASSED] - Text '' is set on object 'Object Repository/RecAndPlayBk/Page-Vlink-Debit/input_Account Type'

2023-02-28 18:54:19 - [TEST_STEP][PASSED] - setText(findTestObject("RecAndPlayBk/Page-Vlink-Debit/input_Routing Number"), rtn): Text '256072691' is set on object 'Object Repository/RecAndPlayBk/Page-Vlink-Debit/input_Routing Number'

2023-02-28 18:54:20 - [MESSAGE][PASSED] - Text '256072691' is set on object 'Object Repository/RecAndPlayBk/Page-Vlink-Debit/input_Routing Number'

2023-02-28 18:54:20 - [TEST_STEP][PASSED] - setText(findTestObject("RecAndPlayBk/Page-Vlink-Debit/input_Amount"), amount): Text '12.50' is set on object 'Object Repository/RecAndPlayBk/Page-Vlink-Debit/input_Amount'

2023-02-28 18:54:20 - [MESSAGE][PASSED] - Text '12.50' is set on object 'Object Repository/RecAndPlayBk/Page-Vlink-Debit/input_Amount'

2023-02-28 18:54:20 - [TEST_STEP][PASSED] - setText(findTestObject("RecAndPlayBk/Page-Vlink-Debit/input_Check Email"), ""): Text '' is set on object 'Object Repository/RecAndPlayBk/Page-Vlink-Debit/input_Check Email'

2023-02-28 18:54:21 - [MESSAGE][PASSED] - Text '' is set on object 'Object Repository/RecAndPlayBk/Page-Vlink-Debit/input_Check Email'

2023-02-28 18:54:21 - [TEST_STEP][PASSED] - setText(findTestObject("Object Repository/RecAndPlayBk/Page-Vlink-Debit/input_concat(CheckWriter, , s SSN)_check_ssn"), ""): Text '' is set on object 'Object Repository/RecAndPlayBk/Page-Vlink-Debit/input_concat(CheckWriter, , s SSN)_check_ssn'

2023-02-28 18:54:22 - [MESSAGE][PASSED] - Text '' is set on object 'Object Repository/RecAndPlayBk/Page-Vlink-Debit/input_concat(CheckWriter, , s SSN)_check_ssn'

2023-02-28 18:54:22 - [TEST_STEP][PASSED] - setText(findTestObject("Object Repository/RecAndPlayBk/Page-Vlink-Debit/input_concat(CheckWriter, , s License Numbe_020fef"), ""): Text '' is set on object 'Object Repository/RecAndPlayBk/Page-Vlink-Debit/input_concat(CheckWriter, , s License Numbe_020fef'

2023-02-28 18:54:22 - [MESSAGE][PASSED] - Text '' is set on object 'Object Repository/RecAndPlayBk/Page-Vlink-Debit/input_concat(CheckWriter, , s License Numbe_020fef'

2023-02-28 18:54:22 - [TEST_STEP][PASSED] - setText(findTestObject("Object Repository/RecAndPlayBk/Page-Vlink-Debit/input_concat(CheckWriter, , s License State_21e3e7"), ""): Text '' is set on object 'Object Repository/RecAndPlayBk/Page-Vlink-Debit/input_concat(CheckWriter, , s License State_21e3e7'

2023-02-28 18:54:23 - [MESSAGE][PASSED] - Text '' is set on object 'Object Repository/RecAndPlayBk/Page-Vlink-Debit/input_concat(CheckWriter, , s License State_21e3e7'

2023-02-28 18:54:23 - [TEST_STEP][PASSED] - setText(findTestObject("RecAndPlayBk/Page-Vlink-Debit/input_Standard Entry Class"), sec): Text 'CCD' is set on object 'Object Repository/RecAndPlayBk/Page-Vlink-Debit/input_Standard Entry Class'

2023-02-28 18:54:24 - [MESSAGE][PASSED] - Text 'CCD' is set on object 'Object Repository/RecAndPlayBk/Page-Vlink-Debit/input_Standard Entry Class'

2023-02-28 18:54:24 - [TEST_STEP][PASSED] - click(findTestObject("Object Repository/RecAndPlayBk/Page-Vlink-Debit/input")): Object: 'Object Repository/RecAndPlayBk/Page-Vlink-Debit/input' is clicked on

2023-02-28 18:54:24 - [MESSAGE][PASSED] - Object: 'Object Repository/RecAndPlayBk/Page-Vlink-Debit/input' is clicked on

2023-02-28 18:54:24 - [TEST_STEP][PASSED] - if (verifyTextPresent("Transaction approved, no errors", true)): null

2023-02-28 18:54:25 - [MESSAGE][PASSED] - Text 'Transaction approved, no errors' is present on page  using regular expression

2023-02-28 18:54:25 - [TEST_STEP][PASSED] - println("Transaction Approved, no errors text is present on the Confirmation page"): null

2023-02-28 18:54:25 - [TEST_STEP][PASSED] - out.println("Pass Record Number: " + row): null

2023-02-28 18:54:25 - [TEST_STEP][PASSED] - resText = "Pass": null

2023-02-28 18:54:25 - [TEST_STEP][PASSED] - pages.WriteExcel.demoKey(resText, datText, resColumn, datCloumn, fileLoc, nameSheet, row): pages.WriteExcel.demoKey is PASSED

2023-02-28 18:54:25 - [MESSAGE][PASSED] - pages.WriteExcel.demoKey is PASSED]]></system-out>
         <system-err><![CDATA[]]></system-err>
      </testcase>
      <testcase name="Test Cases/RecAndPlayBk/VLink/Debit-Void-RemID-Pipe" time="167.406" classname="Test Cases/RecAndPlayBk/VLink/Debit-Void-RemID-Pipe" status="PASSED">
         <system-out><![CDATA[2023-02-28 18:54:25 - [TEST_CASE][PASSED] - Test Cases/RecAndPlayBk/VLink/Debit-Void-RemID-Pipe: Test Cases/RecAndPlayBk/VLink/Debit-Void-RemID-Pipe

2023-02-28 18:54:25 - [TEST_STEP][PASSED] - executionProfile = getExecutionProfile(): null

2023-02-28 18:54:25 - [TEST_STEP][PASSED] - out.println("executionProfile : " + executionProfile): null

2023-02-28 18:54:25 - [TEST_STEP][PASSED] - resText = "Fail": null

2023-02-28 18:54:25 - [TEST_STEP][PASSED] - resColumn = "Result": null

2023-02-28 18:54:25 - [TEST_STEP][PASSED] - datCloumn = "Date": null

2023-02-28 18:54:25 - [TEST_STEP][PASSED] - fileLoc = "KatalonData/VLinkSmokeDataACH.xlsx": null

2023-02-28 18:54:25 - [TEST_STEP][PASSED] - numOfRows = <not implemented yet for class: org.codehaus.groovy.ast.expr.EmptyExpression>: null

2023-02-28 18:54:25 - [TEST_STEP][PASSED] - dataFile = <not implemented yet for class: org.codehaus.groovy.ast.expr.EmptyExpression>: null

2023-02-28 18:54:25 - [TEST_STEP][PASSED] - nameSheet = <not implemented yet for class: org.codehaus.groovy.ast.expr.EmptyExpression>: null

2023-02-28 18:54:25 - [TEST_STEP][PASSED] - nameSheet = "DebitVoid-RemID-Pipe": null

2023-02-28 18:54:25 - [TEST_STEP][PASSED] - numOfRows = findTestData("QA/VLinkTestData/VLinkDebitVoidRemIDPipeData").getRowNumbers(): null

2023-02-28 18:54:25 - [TEST_STEP][PASSED] - println("Number of Records: " + numOfRows): null

2023-02-28 18:54:25 - [TEST_STEP][PASSED] - dataFile = "QA/VLinkTestData/VLinkDebitVoidRemIDPipeData": null

2023-02-28 18:54:25 - [TEST_STEP][PASSED] - for ([row = 1, row <= numOfRows, (row++)]): null

2023-02-28 18:54:25 - [TEST_STEP][PASSED] - ExecuteTC = findTestData(dataFile).getValue("Execute", row): null

2023-02-28 18:54:25 - [TEST_STEP][PASSED] - out.println("Value of Execute is : " + ExecuteTC): null

2023-02-28 18:54:25 - [TEST_STEP][PASSED] - switch (executionProfile): null

2023-02-28 18:54:25 - [TEST_STEP][PASSED] - case "Demo2Profile":: null

2023-02-28 18:54:25 - [TEST_STEP][PASSED] - appID = findTestData(dataFile).getValue("AppIDDemo", row): null

2023-02-28 18:54:25 - [TEST_STEP][PASSED] - username = findTestData(dataFile).getValue("UsernameDemo", row): null

2023-02-28 18:54:25 - [TEST_STEP][PASSED] - password = findTestData(dataFile).getValue("PasswordDemo", row): null

2023-02-28 18:54:26 - [TEST_STEP][PASSED] - break: null

2023-02-28 18:54:26 - [TEST_STEP][PASSED] - if (ExecuteTC.equalsIgnoreCase("Y")): null

2023-02-28 18:54:26 - [TEST_STEP][PASSED] - out.println("Begin Record Number: " + row): null

2023-02-28 18:54:26 - [TEST_STEP][PASSED] - today = new java.util.Date(): null

2023-02-28 18:54:26 - [TEST_STEP][PASSED] - println(today): null

2023-02-28 18:54:26 - [TEST_STEP][PASSED] - datText = today: null

2023-02-28 18:54:26 - [TEST_STEP][PASSED] - checkType = findTestData(dataFile).getValue("CheckType", row): null

2023-02-28 18:54:26 - [TEST_STEP][PASSED] - acNumber = findTestData(dataFile).getValue("AcNumber", row): null

2023-02-28 18:54:26 - [TEST_STEP][PASSED] - company = findTestData(dataFile).getValue("Company", row): null

2023-02-28 18:54:26 - [TEST_STEP][PASSED] - acType = findTestData(dataFile).getValue("AcType", row): null

2023-02-28 18:54:26 - [TEST_STEP][PASSED] - rtn = findTestData(dataFile).getValue("RTN", row): null

2023-02-28 18:54:26 - [TEST_STEP][PASSED] - amount = findTestData(dataFile).getValue("Amount", row): null

2023-02-28 18:54:26 - [TEST_STEP][PASSED] - sec = findTestData(dataFile).getValue("SEC", row): null

2023-02-28 18:54:26 - [TEST_STEP][PASSED] - openBrowser(VLinkURL + "debit.html"): Browser is opened with url: 'https://dev-algorithm.govolution.com/vlinktest/demo2/version_2_0/debit.html'

2023-02-28 18:54:26 - [MESSAGE][WARNING] - A browser is already opened. Closing browser and opening a new one

2023-02-28 18:54:27 - [MESSAGE][INFO] - Starting 'Chrome' driver

2023-02-28 18:54:27 - [MESSAGE][INFO] - User set preference: ['acceptInsecureCerts', 'true']

2023-02-28 18:54:27 - [MESSAGE][INFO] - Action delay is set to 0 milliseconds

2023-02-28 18:54:29 - [MESSAGE][PASSED] - Browser is opened with url: 'https://dev-algorithm.govolution.com/vlinktest/demo2/version_2_0/debit.html'

2023-02-28 18:54:29 - [TEST_STEP][PASSED] - maximizeWindow(): Current window maximized

2023-02-28 18:54:29 - [MESSAGE][PASSED] - Current window maximized

2023-02-28 18:54:29 - [TEST_STEP][PASSED] - genRemID1 = random() * 99999).toInteger(): null

2023-02-28 18:54:29 - [TEST_STEP][PASSED] - genRemID2 = random() * 99999).toInteger(): null

2023-02-28 18:54:29 - [TEST_STEP][PASSED] - genRemID3 = random() * 99999).toInteger(): null

2023-02-28 18:54:29 - [TEST_STEP][PASSED] - println(genRemID1): null

2023-02-28 18:54:29 - [TEST_STEP][PASSED] - println(genRemID2): null

2023-02-28 18:54:29 - [TEST_STEP][PASSED] - println(genRemID3): null

2023-02-28 18:54:29 - [TEST_STEP][PASSED] - genRemID = genRemID1 + "|" + genRemID2 + "|" + genRemID3: null

2023-02-28 18:54:29 - [TEST_STEP][PASSED] - println(genRemID): null

2023-02-28 18:54:29 - [TEST_STEP][PASSED] - setText(findTestObject("RecAndPlayBk/Page-Vlink-Debit/input_Remittance Id"), genRemID): Text '30012|4367|49658' is set on object 'Object Repository/RecAndPlayBk/Page-Vlink-Debit/input_Remittance Id'

2023-02-28 18:54:30 - [MESSAGE][PASSED] - Text '30012|4367|49658' is set on object 'Object Repository/RecAndPlayBk/Page-Vlink-Debit/input_Remittance Id'

2023-02-28 18:54:30 - [TEST_STEP][PASSED] - setText(findTestObject("RecAndPlayBk/Page-Vlink-Debit/input_Application Id"), appID): Text '1773' is set on object 'Object Repository/RecAndPlayBk/Page-Vlink-Debit/input_Application Id'

2023-02-28 18:54:30 - [MESSAGE][PASSED] - Text '1773' is set on object 'Object Repository/RecAndPlayBk/Page-Vlink-Debit/input_Application Id'

2023-02-28 18:54:30 - [TEST_STEP][PASSED] - setText(findTestObject("RecAndPlayBk/Page-Vlink-Debit/input_Username"), username): Text 'Qq2BV1qtr' is set on object 'Object Repository/RecAndPlayBk/Page-Vlink-Debit/input_Username'

2023-02-28 18:54:31 - [MESSAGE][PASSED] - Text 'Qq2BV1qtr' is set on object 'Object Repository/RecAndPlayBk/Page-Vlink-Debit/input_Username'

2023-02-28 18:54:31 - [TEST_STEP][PASSED] - setText(findTestObject("RecAndPlayBk/Page-Vlink-Debit/input_Password"), password): Text 'tUmWBiLUx' is set on object 'Object Repository/RecAndPlayBk/Page-Vlink-Debit/input_Password'

2023-02-28 18:54:32 - [MESSAGE][PASSED] - Text 'tUmWBiLUx' is set on object 'Object Repository/RecAndPlayBk/Page-Vlink-Debit/input_Password'

2023-02-28 18:54:32 - [TEST_STEP][PASSED] - setText(findTestObject("RecAndPlayBk/Page-Vlink-Debit/input_Check Type"), checkType): Text 'P' is set on object 'Object Repository/RecAndPlayBk/Page-Vlink-Debit/input_Check Type'

2023-02-28 18:54:32 - [MESSAGE][PASSED] - Text 'P' is set on object 'Object Repository/RecAndPlayBk/Page-Vlink-Debit/input_Check Type'

2023-02-28 18:54:32 - [TEST_STEP][PASSED] - setText(findTestObject("RecAndPlayBk/Page-Vlink-Debit/input_Account_check"), acNumber): Text '58963214' is set on object 'Object Repository/RecAndPlayBk/Page-Vlink-Debit/input_Account_check'

2023-02-28 18:54:33 - [MESSAGE][PASSED] - Text '58963214' is set on object 'Object Repository/RecAndPlayBk/Page-Vlink-Debit/input_Account_check'

2023-02-28 18:54:33 - [TEST_STEP][PASSED] - setText(findTestObject("RecAndPlayBk/Page-Vlink-Debit/input_Company_check"), company): Text '' is set on object 'Object Repository/RecAndPlayBk/Page-Vlink-Debit/input_Company_check'

2023-02-28 18:54:33 - [MESSAGE][PASSED] - Text '' is set on object 'Object Repository/RecAndPlayBk/Page-Vlink-Debit/input_Company_check'

2023-02-28 18:54:33 - [TEST_STEP][PASSED] - setText(findTestObject("RecAndPlayBk/Page-Vlink-Debit/input_Account Type"), acType): Text '1' is set on object 'Object Repository/RecAndPlayBk/Page-Vlink-Debit/input_Account Type'

2023-02-28 18:54:34 - [MESSAGE][PASSED] - Text '1' is set on object 'Object Repository/RecAndPlayBk/Page-Vlink-Debit/input_Account Type'

2023-02-28 18:54:34 - [TEST_STEP][PASSED] - setText(findTestObject("RecAndPlayBk/Page-Vlink-Debit/input_Routing Number"), rtn): Text '256072691' is set on object 'Object Repository/RecAndPlayBk/Page-Vlink-Debit/input_Routing Number'

2023-02-28 18:54:35 - [MESSAGE][PASSED] - Text '256072691' is set on object 'Object Repository/RecAndPlayBk/Page-Vlink-Debit/input_Routing Number'

2023-02-28 18:54:35 - [TEST_STEP][PASSED] - setText(findTestObject("RecAndPlayBk/Page-Vlink-Debit/input_Amount"), amount): Text '12.50' is set on object 'Object Repository/RecAndPlayBk/Page-Vlink-Debit/input_Amount'

2023-02-28 18:54:35 - [MESSAGE][PASSED] - Text '12.50' is set on object 'Object Repository/RecAndPlayBk/Page-Vlink-Debit/input_Amount'

2023-02-28 18:54:35 - [TEST_STEP][PASSED] - setText(findTestObject("RecAndPlayBk/Page-Vlink-Debit/input_Check Email"), ""): Text '' is set on object 'Object Repository/RecAndPlayBk/Page-Vlink-Debit/input_Check Email'

2023-02-28 18:54:36 - [MESSAGE][PASSED] - Text '' is set on object 'Object Repository/RecAndPlayBk/Page-Vlink-Debit/input_Check Email'

2023-02-28 18:54:36 - [TEST_STEP][PASSED] - setText(findTestObject("Object Repository/RecAndPlayBk/Page-Vlink-Debit/input_concat(CheckWriter, , s SSN)_check_ssn"), ""): Text '' is set on object 'Object Repository/RecAndPlayBk/Page-Vlink-Debit/input_concat(CheckWriter, , s SSN)_check_ssn'

2023-02-28 18:54:36 - [MESSAGE][PASSED] - Text '' is set on object 'Object Repository/RecAndPlayBk/Page-Vlink-Debit/input_concat(CheckWriter, , s SSN)_check_ssn'

2023-02-28 18:54:36 - [TEST_STEP][PASSED] - setText(findTestObject("Object Repository/RecAndPlayBk/Page-Vlink-Debit/input_concat(CheckWriter, , s License Numbe_020fef"), ""): Text '' is set on object 'Object Repository/RecAndPlayBk/Page-Vlink-Debit/input_concat(CheckWriter, , s License Numbe_020fef'

2023-02-28 18:54:37 - [MESSAGE][PASSED] - Text '' is set on object 'Object Repository/RecAndPlayBk/Page-Vlink-Debit/input_concat(CheckWriter, , s License Numbe_020fef'

2023-02-28 18:54:37 - [TEST_STEP][PASSED] - setText(findTestObject("Object Repository/RecAndPlayBk/Page-Vlink-Debit/input_concat(CheckWriter, , s License State_21e3e7"), ""): Text '' is set on object 'Object Repository/RecAndPlayBk/Page-Vlink-Debit/input_concat(CheckWriter, , s License State_21e3e7'

2023-02-28 18:54:38 - [MESSAGE][PASSED] - Text '' is set on object 'Object Repository/RecAndPlayBk/Page-Vlink-Debit/input_concat(CheckWriter, , s License State_21e3e7'

2023-02-28 18:54:38 - [TEST_STEP][PASSED] - setText(findTestObject("RecAndPlayBk/Page-Vlink-Debit/input_Standard Entry Class"), sec): Text 'WEB' is set on object 'Object Repository/RecAndPlayBk/Page-Vlink-Debit/input_Standard Entry Class'

2023-02-28 18:54:38 - [MESSAGE][PASSED] - Text 'WEB' is set on object 'Object Repository/RecAndPlayBk/Page-Vlink-Debit/input_Standard Entry Class'

2023-02-28 18:54:38 - [TEST_STEP][PASSED] - click(findTestObject("Object Repository/RecAndPlayBk/Page-Vlink-Debit/input")): Object: 'Object Repository/RecAndPlayBk/Page-Vlink-Debit/input' is clicked on

2023-02-28 18:54:39 - [MESSAGE][PASSED] - Object: 'Object Repository/RecAndPlayBk/Page-Vlink-Debit/input' is clicked on

2023-02-28 18:54:39 - [TEST_STEP][PASSED] - if (verifyTextPresent("Transaction approved, no errors", true)): null

2023-02-28 18:54:39 - [MESSAGE][PASSED] - Text 'Transaction approved, no errors' is present on page  using regular expression

2023-02-28 18:54:39 - [TEST_STEP][PASSED] - println("Transaction Approved, no errors text is present on the Confirmation page"): null

2023-02-28 18:54:39 - [TEST_STEP][PASSED] - sdfo = getText(findTestObject("Object Repository/Page_VLinkReceipt/pre_STX")): Text of object 'Object Repository/Page_VLinkReceipt/pre_STX' is: '<STX>30012|4367|49658              2920882             0  Transaction approved, no errors                   0                                                                                                              <ETX>'

2023-02-28 18:54:40 - [MESSAGE][PASSED] - Text of object 'Object Repository/Page_VLinkReceipt/pre_STX' is: '<STX>30012|4367|49658              2920882             0  Transaction approved, no errors                   0                                                                                                              <ETX>'

2023-02-28 18:54:40 - [TEST_STEP][PASSED] - out.println("sdfo: " + sdfo): null

2023-02-28 18:54:40 - [TEST_STEP][PASSED] - remID = substring(5, 35).trim(): null

2023-02-28 18:54:40 - [TEST_STEP][PASSED] - out.println("remID: " + remID): null

2023-02-28 18:54:40 - [TEST_STEP][PASSED] - traxID = substring(35, 55).trim(): null

2023-02-28 18:54:40 - [TEST_STEP][PASSED] - out.println("traxID: " + traxID): null

2023-02-28 18:54:40 - [TEST_STEP][PASSED] - VLinkSaleRemID = remID: null

2023-02-28 18:54:40 - [TEST_STEP][PASSED] - VLinkSaleTranxID = traxID: null

2023-02-28 18:54:40 - [TEST_STEP][PASSED] - openBrowser(VLinkURL + "ACH_void.html"): Browser is opened with url: 'https://dev-algorithm.govolution.com/vlinktest/demo2/version_2_0/ACH_void.html'

2023-02-28 18:54:40 - [MESSAGE][WARNING] - A browser is already opened. Closing browser and opening a new one

2023-02-28 18:54:41 - [MESSAGE][INFO] - Starting 'Chrome' driver

2023-02-28 18:54:41 - [MESSAGE][INFO] - User set preference: ['acceptInsecureCerts', 'true']

2023-02-28 18:54:41 - [MESSAGE][INFO] - Action delay is set to 0 milliseconds

2023-02-28 18:54:43 - [MESSAGE][PASSED] - Browser is opened with url: 'https://dev-algorithm.govolution.com/vlinktest/demo2/version_2_0/ACH_void.html'

2023-02-28 18:54:43 - [TEST_STEP][PASSED] - maximizeWindow(): Current window maximized

2023-02-28 18:54:43 - [MESSAGE][PASSED] - Current window maximized

2023-02-28 18:54:43 - [TEST_STEP][PASSED] - setText(findTestObject("Object Repository/RecAndPlayBk/Page-Vlink-ACH-Void/input_Remittance Id"), VLinkSaleRemID): Text '30012|4367|49658' is set on object 'Object Repository/RecAndPlayBk/Page-Vlink-ACH-Void/input_Remittance Id'

2023-02-28 18:54:44 - [MESSAGE][PASSED] - Text '30012|4367|49658' is set on object 'Object Repository/RecAndPlayBk/Page-Vlink-ACH-Void/input_Remittance Id'

2023-02-28 18:54:44 - [TEST_STEP][PASSED] - setText(findTestObject("Object Repository/RecAndPlayBk/Page-Vlink-ACH-Void/input_Application Id"), appID): Text '1773' is set on object 'Object Repository/RecAndPlayBk/Page-Vlink-ACH-Void/input_Application Id'

2023-02-28 18:54:44 - [MESSAGE][PASSED] - Text '1773' is set on object 'Object Repository/RecAndPlayBk/Page-Vlink-ACH-Void/input_Application Id'

2023-02-28 18:54:44 - [TEST_STEP][PASSED] - setText(findTestObject("Object Repository/RecAndPlayBk/Page-Vlink-ACH-Void/input_Username"), username): Text 'Qq2BV1qtr' is set on object 'Object Repository/RecAndPlayBk/Page-Vlink-ACH-Void/input_Username'

2023-02-28 18:54:45 - [MESSAGE][PASSED] - Text 'Qq2BV1qtr' is set on object 'Object Repository/RecAndPlayBk/Page-Vlink-ACH-Void/input_Username'

2023-02-28 18:54:45 - [TEST_STEP][PASSED] - setText(findTestObject("Object Repository/RecAndPlayBk/Page-Vlink-ACH-Void/input_Password"), password): Text 'tUmWBiLUx' is set on object 'Object Repository/RecAndPlayBk/Page-Vlink-ACH-Void/input_Password'

2023-02-28 18:54:46 - [MESSAGE][PASSED] - Text 'tUmWBiLUx' is set on object 'Object Repository/RecAndPlayBk/Page-Vlink-ACH-Void/input_Password'

2023-02-28 18:54:46 - [TEST_STEP][PASSED] - setText(findTestObject("Object Repository/RecAndPlayBk/Page-Vlink-ACH-Void/input_Check Type"), checkType): Text 'P' is set on object 'Object Repository/RecAndPlayBk/Page-Vlink-ACH-Void/input_Check Type'

2023-02-28 18:54:46 - [MESSAGE][PASSED] - Text 'P' is set on object 'Object Repository/RecAndPlayBk/Page-Vlink-ACH-Void/input_Check Type'

2023-02-28 18:54:46 - [TEST_STEP][PASSED] - setText(findTestObject("Object Repository/RecAndPlayBk/Page-Vlink-ACH-Void/input_Standard Entry Class"), sec): Text 'WEB' is set on object 'Object Repository/RecAndPlayBk/Page-Vlink-ACH-Void/input_Standard Entry Class'

2023-02-28 18:54:47 - [MESSAGE][PASSED] - Text 'WEB' is set on object 'Object Repository/RecAndPlayBk/Page-Vlink-ACH-Void/input_Standard Entry Class'

2023-02-28 18:54:47 - [TEST_STEP][PASSED] - setText(findTestObject("Object Repository/RecAndPlayBk/Page-Vlink-ACH-Void/input_Transaction ID"), VLinkSaleTranxID): Text '2920882' is set on object 'Object Repository/RecAndPlayBk/Page-Vlink-ACH-Void/input_Transaction ID'

2023-02-28 18:54:48 - [MESSAGE][PASSED] - Text '2920882' is set on object 'Object Repository/RecAndPlayBk/Page-Vlink-ACH-Void/input_Transaction ID'

2023-02-28 18:54:48 - [TEST_STEP][PASSED] - setText(findTestObject("Object Repository/RecAndPlayBk/Page-Vlink-ACH-Void/input_Original Transaction Type"), "200"): Text '200' is set on object 'Object Repository/RecAndPlayBk/Page-Vlink-ACH-Void/input_Original Transaction Type'

2023-02-28 18:54:48 - [MESSAGE][PASSED] - Text '200' is set on object 'Object Repository/RecAndPlayBk/Page-Vlink-ACH-Void/input_Original Transaction Type'

2023-02-28 18:54:48 - [TEST_STEP][PASSED] - click(findTestObject("Object Repository/RecAndPlayBk/Page-Vlink-ACH-Void/input")): Object: 'Object Repository/RecAndPlayBk/Page-Vlink-ACH-Void/input' is clicked on

2023-02-28 18:54:49 - [MESSAGE][PASSED] - Object: 'Object Repository/RecAndPlayBk/Page-Vlink-ACH-Void/input' is clicked on

2023-02-28 18:54:49 - [TEST_STEP][PASSED] - if (verifyTextPresent("Transaction approved, no errors", true)): null

2023-02-28 18:54:49 - [MESSAGE][PASSED] - Text 'Transaction approved, no errors' is present on page  using regular expression

2023-02-28 18:54:49 - [TEST_STEP][PASSED] - println("Transaction Approved, no errors text is present on the Confirmation page"): null

2023-02-28 18:54:49 - [TEST_STEP][PASSED] - out.println("Pass Record Number: " + row): null

2023-02-28 18:54:49 - [TEST_STEP][PASSED] - resText = "Pass": null

2023-02-28 18:54:49 - [TEST_STEP][PASSED] - pages.WriteExcel.demoKey(resText, datText, resColumn, datCloumn, fileLoc, nameSheet, row): pages.WriteExcel.demoKey is PASSED

2023-02-28 18:54:50 - [MESSAGE][PASSED] - pages.WriteExcel.demoKey is PASSED

2023-02-28 18:54:50 - [TEST_STEP][PASSED] - ExecuteTC = findTestData(dataFile).getValue("Execute", row): null

2023-02-28 18:54:50 - [TEST_STEP][PASSED] - out.println("Value of Execute is : " + ExecuteTC): null

2023-02-28 18:54:50 - [TEST_STEP][PASSED] - switch (executionProfile): null

2023-02-28 18:54:50 - [TEST_STEP][PASSED] - case "Demo2Profile":: null

2023-02-28 18:54:50 - [TEST_STEP][PASSED] - appID = findTestData(dataFile).getValue("AppIDDemo", row): null

2023-02-28 18:54:50 - [TEST_STEP][PASSED] - username = findTestData(dataFile).getValue("UsernameDemo", row): null

2023-02-28 18:54:50 - [TEST_STEP][PASSED] - password = findTestData(dataFile).getValue("PasswordDemo", row): null

2023-02-28 18:54:50 - [TEST_STEP][PASSED] - break: null

2023-02-28 18:54:50 - [TEST_STEP][PASSED] - if (ExecuteTC.equalsIgnoreCase("Y")): null

2023-02-28 18:54:50 - [TEST_STEP][PASSED] - out.println("Begin Record Number: " + row): null

2023-02-28 18:54:50 - [TEST_STEP][PASSED] - today = new java.util.Date(): null

2023-02-28 18:54:50 - [TEST_STEP][PASSED] - println(today): null

2023-02-28 18:54:50 - [TEST_STEP][PASSED] - datText = today: null

2023-02-28 18:54:50 - [TEST_STEP][PASSED] - checkType = findTestData(dataFile).getValue("CheckType", row): null

2023-02-28 18:54:50 - [TEST_STEP][PASSED] - acNumber = findTestData(dataFile).getValue("AcNumber", row): null

2023-02-28 18:54:50 - [TEST_STEP][PASSED] - company = findTestData(dataFile).getValue("Company", row): null

2023-02-28 18:54:50 - [TEST_STEP][PASSED] - acType = findTestData(dataFile).getValue("AcType", row): null

2023-02-28 18:54:50 - [TEST_STEP][PASSED] - rtn = findTestData(dataFile).getValue("RTN", row): null

2023-02-28 18:54:50 - [TEST_STEP][PASSED] - amount = findTestData(dataFile).getValue("Amount", row): null

2023-02-28 18:54:50 - [TEST_STEP][PASSED] - sec = findTestData(dataFile).getValue("SEC", row): null

2023-02-28 18:54:50 - [TEST_STEP][PASSED] - openBrowser(VLinkURL + "debit.html"): Browser is opened with url: 'https://dev-algorithm.govolution.com/vlinktest/demo2/version_2_0/debit.html'

2023-02-28 18:54:50 - [MESSAGE][WARNING] - A browser is already opened. Closing browser and opening a new one

2023-02-28 18:54:51 - [MESSAGE][INFO] - Starting 'Chrome' driver

2023-02-28 18:54:51 - [MESSAGE][INFO] - User set preference: ['acceptInsecureCerts', 'true']

2023-02-28 18:54:51 - [MESSAGE][INFO] - Action delay is set to 0 milliseconds

2023-02-28 18:54:53 - [MESSAGE][PASSED] - Browser is opened with url: 'https://dev-algorithm.govolution.com/vlinktest/demo2/version_2_0/debit.html'

2023-02-28 18:54:53 - [TEST_STEP][PASSED] - maximizeWindow(): Current window maximized

2023-02-28 18:54:53 - [MESSAGE][PASSED] - Current window maximized

2023-02-28 18:54:53 - [TEST_STEP][PASSED] - genRemID1 = random() * 99999).toInteger(): null

2023-02-28 18:54:53 - [TEST_STEP][PASSED] - genRemID2 = random() * 99999).toInteger(): null

2023-02-28 18:54:53 - [TEST_STEP][PASSED] - genRemID3 = random() * 99999).toInteger(): null

2023-02-28 18:54:53 - [TEST_STEP][PASSED] - println(genRemID1): null

2023-02-28 18:54:53 - [TEST_STEP][PASSED] - println(genRemID2): null

2023-02-28 18:54:53 - [TEST_STEP][PASSED] - println(genRemID3): null

2023-02-28 18:54:53 - [TEST_STEP][PASSED] - genRemID = genRemID1 + "|" + genRemID2 + "|" + genRemID3: null

2023-02-28 18:54:53 - [TEST_STEP][PASSED] - println(genRemID): null

2023-02-28 18:54:53 - [TEST_STEP][PASSED] - setText(findTestObject("RecAndPlayBk/Page-Vlink-Debit/input_Remittance Id"), genRemID): Text '57005|43993|55782' is set on object 'Object Repository/RecAndPlayBk/Page-Vlink-Debit/input_Remittance Id'

2023-02-28 18:54:54 - [MESSAGE][PASSED] - Text '57005|43993|55782' is set on object 'Object Repository/RecAndPlayBk/Page-Vlink-Debit/input_Remittance Id'

2023-02-28 18:54:54 - [TEST_STEP][PASSED] - setText(findTestObject("RecAndPlayBk/Page-Vlink-Debit/input_Application Id"), appID): Text '1773' is set on object 'Object Repository/RecAndPlayBk/Page-Vlink-Debit/input_Application Id'

2023-02-28 18:54:55 - [MESSAGE][PASSED] - Text '1773' is set on object 'Object Repository/RecAndPlayBk/Page-Vlink-Debit/input_Application Id'

2023-02-28 18:54:55 - [TEST_STEP][PASSED] - setText(findTestObject("RecAndPlayBk/Page-Vlink-Debit/input_Username"), username): Text 'Qq2BV1qtr' is set on object 'Object Repository/RecAndPlayBk/Page-Vlink-Debit/input_Username'

2023-02-28 18:54:55 - [MESSAGE][PASSED] - Text 'Qq2BV1qtr' is set on object 'Object Repository/RecAndPlayBk/Page-Vlink-Debit/input_Username'

2023-02-28 18:54:55 - [TEST_STEP][PASSED] - setText(findTestObject("RecAndPlayBk/Page-Vlink-Debit/input_Password"), password): Text 'tUmWBiLUx' is set on object 'Object Repository/RecAndPlayBk/Page-Vlink-Debit/input_Password'

2023-02-28 18:54:56 - [MESSAGE][PASSED] - Text 'tUmWBiLUx' is set on object 'Object Repository/RecAndPlayBk/Page-Vlink-Debit/input_Password'

2023-02-28 18:54:56 - [TEST_STEP][PASSED] - setText(findTestObject("RecAndPlayBk/Page-Vlink-Debit/input_Check Type"), checkType): Text 'P' is set on object 'Object Repository/RecAndPlayBk/Page-Vlink-Debit/input_Check Type'

2023-02-28 18:54:57 - [MESSAGE][PASSED] - Text 'P' is set on object 'Object Repository/RecAndPlayBk/Page-Vlink-Debit/input_Check Type'

2023-02-28 18:54:57 - [TEST_STEP][PASSED] - setText(findTestObject("RecAndPlayBk/Page-Vlink-Debit/input_Account_check"), acNumber): Text '58963214' is set on object 'Object Repository/RecAndPlayBk/Page-Vlink-Debit/input_Account_check'

2023-02-28 18:54:57 - [MESSAGE][PASSED] - Text '58963214' is set on object 'Object Repository/RecAndPlayBk/Page-Vlink-Debit/input_Account_check'

2023-02-28 18:54:57 - [TEST_STEP][PASSED] - setText(findTestObject("RecAndPlayBk/Page-Vlink-Debit/input_Company_check"), company): Text '' is set on object 'Object Repository/RecAndPlayBk/Page-Vlink-Debit/input_Company_check'

2023-02-28 18:54:58 - [MESSAGE][PASSED] - Text '' is set on object 'Object Repository/RecAndPlayBk/Page-Vlink-Debit/input_Company_check'

2023-02-28 18:54:58 - [TEST_STEP][PASSED] - setText(findTestObject("RecAndPlayBk/Page-Vlink-Debit/input_Account Type"), acType): Text '1' is set on object 'Object Repository/RecAndPlayBk/Page-Vlink-Debit/input_Account Type'

2023-02-28 18:54:58 - [MESSAGE][PASSED] - Text '1' is set on object 'Object Repository/RecAndPlayBk/Page-Vlink-Debit/input_Account Type'

2023-02-28 18:54:58 - [TEST_STEP][PASSED] - setText(findTestObject("RecAndPlayBk/Page-Vlink-Debit/input_Routing Number"), rtn): Text '256072691' is set on object 'Object Repository/RecAndPlayBk/Page-Vlink-Debit/input_Routing Number'

2023-02-28 18:54:59 - [MESSAGE][PASSED] - Text '256072691' is set on object 'Object Repository/RecAndPlayBk/Page-Vlink-Debit/input_Routing Number'

2023-02-28 18:54:59 - [TEST_STEP][PASSED] - setText(findTestObject("RecAndPlayBk/Page-Vlink-Debit/input_Amount"), amount): Text '12.50' is set on object 'Object Repository/RecAndPlayBk/Page-Vlink-Debit/input_Amount'

2023-02-28 18:55:00 - [MESSAGE][PASSED] - Text '12.50' is set on object 'Object Repository/RecAndPlayBk/Page-Vlink-Debit/input_Amount'

2023-02-28 18:55:00 - [TEST_STEP][PASSED] - setText(findTestObject("RecAndPlayBk/Page-Vlink-Debit/input_Check Email"), ""): Text '' is set on object 'Object Repository/RecAndPlayBk/Page-Vlink-Debit/input_Check Email'

2023-02-28 18:55:00 - [MESSAGE][PASSED] - Text '' is set on object 'Object Repository/RecAndPlayBk/Page-Vlink-Debit/input_Check Email'

2023-02-28 18:55:00 - [TEST_STEP][PASSED] - setText(findTestObject("Object Repository/RecAndPlayBk/Page-Vlink-Debit/input_concat(CheckWriter, , s SSN)_check_ssn"), ""): Text '' is set on object 'Object Repository/RecAndPlayBk/Page-Vlink-Debit/input_concat(CheckWriter, , s SSN)_check_ssn'

2023-02-28 18:55:01 - [MESSAGE][PASSED] - Text '' is set on object 'Object Repository/RecAndPlayBk/Page-Vlink-Debit/input_concat(CheckWriter, , s SSN)_check_ssn'

2023-02-28 18:55:01 - [TEST_STEP][PASSED] - setText(findTestObject("Object Repository/RecAndPlayBk/Page-Vlink-Debit/input_concat(CheckWriter, , s License Numbe_020fef"), ""): Text '' is set on object 'Object Repository/RecAndPlayBk/Page-Vlink-Debit/input_concat(CheckWriter, , s License Numbe_020fef'

2023-02-28 18:55:02 - [MESSAGE][PASSED] - Text '' is set on object 'Object Repository/RecAndPlayBk/Page-Vlink-Debit/input_concat(CheckWriter, , s License Numbe_020fef'

2023-02-28 18:55:02 - [TEST_STEP][PASSED] - setText(findTestObject("Object Repository/RecAndPlayBk/Page-Vlink-Debit/input_concat(CheckWriter, , s License State_21e3e7"), ""): Text '' is set on object 'Object Repository/RecAndPlayBk/Page-Vlink-Debit/input_concat(CheckWriter, , s License State_21e3e7'

2023-02-28 18:55:02 - [MESSAGE][PASSED] - Text '' is set on object 'Object Repository/RecAndPlayBk/Page-Vlink-Debit/input_concat(CheckWriter, , s License State_21e3e7'

2023-02-28 18:55:02 - [TEST_STEP][PASSED] - setText(findTestObject("RecAndPlayBk/Page-Vlink-Debit/input_Standard Entry Class"), sec): Text 'TEL' is set on object 'Object Repository/RecAndPlayBk/Page-Vlink-Debit/input_Standard Entry Class'

2023-02-28 18:55:03 - [MESSAGE][PASSED] - Text 'TEL' is set on object 'Object Repository/RecAndPlayBk/Page-Vlink-Debit/input_Standard Entry Class'

2023-02-28 18:55:03 - [TEST_STEP][PASSED] - click(findTestObject("Object Repository/RecAndPlayBk/Page-Vlink-Debit/input")): Object: 'Object Repository/RecAndPlayBk/Page-Vlink-Debit/input' is clicked on

2023-02-28 18:55:04 - [MESSAGE][PASSED] - Object: 'Object Repository/RecAndPlayBk/Page-Vlink-Debit/input' is clicked on

2023-02-28 18:55:04 - [TEST_STEP][PASSED] - if (verifyTextPresent("Transaction approved, no errors", true)): null

2023-02-28 18:55:04 - [MESSAGE][PASSED] - Text 'Transaction approved, no errors' is present on page  using regular expression

2023-02-28 18:55:04 - [TEST_STEP][PASSED] - println("Transaction Approved, no errors text is present on the Confirmation page"): null

2023-02-28 18:55:04 - [TEST_STEP][PASSED] - sdfo = getText(findTestObject("Object Repository/Page_VLinkReceipt/pre_STX")): Text of object 'Object Repository/Page_VLinkReceipt/pre_STX' is: '<STX>57005|43993|55782             2920884             0  Transaction approved, no errors                   0                                                                                                              <ETX>'

2023-02-28 18:55:04 - [MESSAGE][PASSED] - Text of object 'Object Repository/Page_VLinkReceipt/pre_STX' is: '<STX>57005|43993|55782             2920884             0  Transaction approved, no errors                   0                                                                                                              <ETX>'

2023-02-28 18:55:04 - [TEST_STEP][PASSED] - out.println("sdfo: " + sdfo): null

2023-02-28 18:55:04 - [TEST_STEP][PASSED] - remID = substring(5, 35).trim(): null

2023-02-28 18:55:04 - [TEST_STEP][PASSED] - out.println("remID: " + remID): null

2023-02-28 18:55:04 - [TEST_STEP][PASSED] - traxID = substring(35, 55).trim(): null

2023-02-28 18:55:04 - [TEST_STEP][PASSED] - out.println("traxID: " + traxID): null

2023-02-28 18:55:04 - [TEST_STEP][PASSED] - VLinkSaleRemID = remID: null

2023-02-28 18:55:04 - [TEST_STEP][PASSED] - VLinkSaleTranxID = traxID: null

2023-02-28 18:55:04 - [TEST_STEP][PASSED] - openBrowser(VLinkURL + "ACH_void.html"): Browser is opened with url: 'https://dev-algorithm.govolution.com/vlinktest/demo2/version_2_0/ACH_void.html'

2023-02-28 18:55:04 - [MESSAGE][WARNING] - A browser is already opened. Closing browser and opening a new one

2023-02-28 18:55:05 - [MESSAGE][INFO] - Starting 'Chrome' driver

2023-02-28 18:55:05 - [MESSAGE][INFO] - User set preference: ['acceptInsecureCerts', 'true']

2023-02-28 18:55:05 - [MESSAGE][INFO] - Action delay is set to 0 milliseconds

2023-02-28 18:55:07 - [MESSAGE][PASSED] - Browser is opened with url: 'https://dev-algorithm.govolution.com/vlinktest/demo2/version_2_0/ACH_void.html'

2023-02-28 18:55:07 - [TEST_STEP][PASSED] - maximizeWindow(): Current window maximized

2023-02-28 18:55:07 - [MESSAGE][PASSED] - Current window maximized

2023-02-28 18:55:07 - [TEST_STEP][PASSED] - setText(findTestObject("Object Repository/RecAndPlayBk/Page-Vlink-ACH-Void/input_Remittance Id"), VLinkSaleRemID): Text '57005|43993|55782' is set on object 'Object Repository/RecAndPlayBk/Page-Vlink-ACH-Void/input_Remittance Id'

2023-02-28 18:55:08 - [MESSAGE][PASSED] - Text '57005|43993|55782' is set on object 'Object Repository/RecAndPlayBk/Page-Vlink-ACH-Void/input_Remittance Id'

2023-02-28 18:55:08 - [TEST_STEP][PASSED] - setText(findTestObject("Object Repository/RecAndPlayBk/Page-Vlink-ACH-Void/input_Application Id"), appID): Text '1773' is set on object 'Object Repository/RecAndPlayBk/Page-Vlink-ACH-Void/input_Application Id'

2023-02-28 18:55:09 - [MESSAGE][PASSED] - Text '1773' is set on object 'Object Repository/RecAndPlayBk/Page-Vlink-ACH-Void/input_Application Id'

2023-02-28 18:55:09 - [TEST_STEP][PASSED] - setText(findTestObject("Object Repository/RecAndPlayBk/Page-Vlink-ACH-Void/input_Username"), username): Text 'Qq2BV1qtr' is set on object 'Object Repository/RecAndPlayBk/Page-Vlink-ACH-Void/input_Username'

2023-02-28 18:55:09 - [MESSAGE][PASSED] - Text 'Qq2BV1qtr' is set on object 'Object Repository/RecAndPlayBk/Page-Vlink-ACH-Void/input_Username'

2023-02-28 18:55:09 - [TEST_STEP][PASSED] - setText(findTestObject("Object Repository/RecAndPlayBk/Page-Vlink-ACH-Void/input_Password"), password): Text 'tUmWBiLUx' is set on object 'Object Repository/RecAndPlayBk/Page-Vlink-ACH-Void/input_Password'

2023-02-28 18:55:10 - [MESSAGE][PASSED] - Text 'tUmWBiLUx' is set on object 'Object Repository/RecAndPlayBk/Page-Vlink-ACH-Void/input_Password'

2023-02-28 18:55:10 - [TEST_STEP][PASSED] - setText(findTestObject("Object Repository/RecAndPlayBk/Page-Vlink-ACH-Void/input_Check Type"), checkType): Text 'P' is set on object 'Object Repository/RecAndPlayBk/Page-Vlink-ACH-Void/input_Check Type'

2023-02-28 18:55:11 - [MESSAGE][PASSED] - Text 'P' is set on object 'Object Repository/RecAndPlayBk/Page-Vlink-ACH-Void/input_Check Type'

2023-02-28 18:55:11 - [TEST_STEP][PASSED] - setText(findTestObject("Object Repository/RecAndPlayBk/Page-Vlink-ACH-Void/input_Standard Entry Class"), sec): Text 'TEL' is set on object 'Object Repository/RecAndPlayBk/Page-Vlink-ACH-Void/input_Standard Entry Class'

2023-02-28 18:55:11 - [MESSAGE][PASSED] - Text 'TEL' is set on object 'Object Repository/RecAndPlayBk/Page-Vlink-ACH-Void/input_Standard Entry Class'

2023-02-28 18:55:11 - [TEST_STEP][PASSED] - setText(findTestObject("Object Repository/RecAndPlayBk/Page-Vlink-ACH-Void/input_Transaction ID"), VLinkSaleTranxID): Text '2920884' is set on object 'Object Repository/RecAndPlayBk/Page-Vlink-ACH-Void/input_Transaction ID'

2023-02-28 18:55:12 - [MESSAGE][PASSED] - Text '2920884' is set on object 'Object Repository/RecAndPlayBk/Page-Vlink-ACH-Void/input_Transaction ID'

2023-02-28 18:55:12 - [TEST_STEP][PASSED] - setText(findTestObject("Object Repository/RecAndPlayBk/Page-Vlink-ACH-Void/input_Original Transaction Type"), "200"): Text '200' is set on object 'Object Repository/RecAndPlayBk/Page-Vlink-ACH-Void/input_Original Transaction Type'

2023-02-28 18:55:12 - [MESSAGE][PASSED] - Text '200' is set on object 'Object Repository/RecAndPlayBk/Page-Vlink-ACH-Void/input_Original Transaction Type'

2023-02-28 18:55:12 - [TEST_STEP][PASSED] - click(findTestObject("Object Repository/RecAndPlayBk/Page-Vlink-ACH-Void/input")): Object: 'Object Repository/RecAndPlayBk/Page-Vlink-ACH-Void/input' is clicked on

2023-02-28 18:55:13 - [MESSAGE][PASSED] - Object: 'Object Repository/RecAndPlayBk/Page-Vlink-ACH-Void/input' is clicked on

2023-02-28 18:55:13 - [TEST_STEP][PASSED] - if (verifyTextPresent("Transaction approved, no errors", true)): null

2023-02-28 18:55:13 - [MESSAGE][PASSED] - Text 'Transaction approved, no errors' is present on page  using regular expression

2023-02-28 18:55:13 - [TEST_STEP][PASSED] - println("Transaction Approved, no errors text is present on the Confirmation page"): null

2023-02-28 18:55:13 - [TEST_STEP][PASSED] - out.println("Pass Record Number: " + row): null

2023-02-28 18:55:13 - [TEST_STEP][PASSED] - resText = "Pass": null

2023-02-28 18:55:13 - [TEST_STEP][PASSED] - pages.WriteExcel.demoKey(resText, datText, resColumn, datCloumn, fileLoc, nameSheet, row): pages.WriteExcel.demoKey is PASSED

2023-02-28 18:55:14 - [MESSAGE][PASSED] - pages.WriteExcel.demoKey is PASSED

2023-02-28 18:55:14 - [TEST_STEP][PASSED] - ExecuteTC = findTestData(dataFile).getValue("Execute", row): null

2023-02-28 18:55:14 - [TEST_STEP][PASSED] - out.println("Value of Execute is : " + ExecuteTC): null

2023-02-28 18:55:14 - [TEST_STEP][PASSED] - switch (executionProfile): null

2023-02-28 18:55:14 - [TEST_STEP][PASSED] - case "Demo2Profile":: null

2023-02-28 18:55:14 - [TEST_STEP][PASSED] - appID = findTestData(dataFile).getValue("AppIDDemo", row): null

2023-02-28 18:55:14 - [TEST_STEP][PASSED] - username = findTestData(dataFile).getValue("UsernameDemo", row): null

2023-02-28 18:55:14 - [TEST_STEP][PASSED] - password = findTestData(dataFile).getValue("PasswordDemo", row): null

2023-02-28 18:55:14 - [TEST_STEP][PASSED] - break: null

2023-02-28 18:55:14 - [TEST_STEP][PASSED] - if (ExecuteTC.equalsIgnoreCase("Y")): null

2023-02-28 18:55:14 - [TEST_STEP][PASSED] - out.println("Begin Record Number: " + row): null

2023-02-28 18:55:14 - [TEST_STEP][PASSED] - today = new java.util.Date(): null

2023-02-28 18:55:14 - [TEST_STEP][PASSED] - println(today): null

2023-02-28 18:55:14 - [TEST_STEP][PASSED] - datText = today: null

2023-02-28 18:55:14 - [TEST_STEP][PASSED] - checkType = findTestData(dataFile).getValue("CheckType", row): null

2023-02-28 18:55:14 - [TEST_STEP][PASSED] - acNumber = findTestData(dataFile).getValue("AcNumber", row): null

2023-02-28 18:55:14 - [TEST_STEP][PASSED] - company = findTestData(dataFile).getValue("Company", row): null

2023-02-28 18:55:14 - [TEST_STEP][PASSED] - acType = findTestData(dataFile).getValue("AcType", row): null

2023-02-28 18:55:14 - [TEST_STEP][PASSED] - rtn = findTestData(dataFile).getValue("RTN", row): null

2023-02-28 18:55:14 - [TEST_STEP][PASSED] - amount = findTestData(dataFile).getValue("Amount", row): null

2023-02-28 18:55:14 - [TEST_STEP][PASSED] - sec = findTestData(dataFile).getValue("SEC", row): null

2023-02-28 18:55:14 - [TEST_STEP][PASSED] - openBrowser(VLinkURL + "debit.html"): Browser is opened with url: 'https://dev-algorithm.govolution.com/vlinktest/demo2/version_2_0/debit.html'

2023-02-28 18:55:14 - [MESSAGE][WARNING] - A browser is already opened. Closing browser and opening a new one

2023-02-28 18:55:15 - [MESSAGE][INFO] - Starting 'Chrome' driver

2023-02-28 18:55:15 - [MESSAGE][INFO] - User set preference: ['acceptInsecureCerts', 'true']

2023-02-28 18:55:15 - [MESSAGE][INFO] - Action delay is set to 0 milliseconds

2023-02-28 18:55:17 - [MESSAGE][PASSED] - Browser is opened with url: 'https://dev-algorithm.govolution.com/vlinktest/demo2/version_2_0/debit.html'

2023-02-28 18:55:17 - [TEST_STEP][PASSED] - maximizeWindow(): Current window maximized

2023-02-28 18:55:17 - [MESSAGE][PASSED] - Current window maximized

2023-02-28 18:55:17 - [TEST_STEP][PASSED] - genRemID1 = random() * 99999).toInteger(): null

2023-02-28 18:55:17 - [TEST_STEP][PASSED] - genRemID2 = random() * 99999).toInteger(): null

2023-02-28 18:55:17 - [TEST_STEP][PASSED] - genRemID3 = random() * 99999).toInteger(): null

2023-02-28 18:55:17 - [TEST_STEP][PASSED] - println(genRemID1): null

2023-02-28 18:55:17 - [TEST_STEP][PASSED] - println(genRemID2): null

2023-02-28 18:55:17 - [TEST_STEP][PASSED] - println(genRemID3): null

2023-02-28 18:55:17 - [TEST_STEP][PASSED] - genRemID = genRemID1 + "|" + genRemID2 + "|" + genRemID3: null

2023-02-28 18:55:17 - [TEST_STEP][PASSED] - println(genRemID): null

2023-02-28 18:55:17 - [TEST_STEP][PASSED] - setText(findTestObject("RecAndPlayBk/Page-Vlink-Debit/input_Remittance Id"), genRemID): Text '35622|20797|11272' is set on object 'Object Repository/RecAndPlayBk/Page-Vlink-Debit/input_Remittance Id'

2023-02-28 18:55:18 - [MESSAGE][PASSED] - Text '35622|20797|11272' is set on object 'Object Repository/RecAndPlayBk/Page-Vlink-Debit/input_Remittance Id'

2023-02-28 18:55:18 - [TEST_STEP][PASSED] - setText(findTestObject("RecAndPlayBk/Page-Vlink-Debit/input_Application Id"), appID): Text '1773' is set on object 'Object Repository/RecAndPlayBk/Page-Vlink-Debit/input_Application Id'

2023-02-28 18:55:19 - [MESSAGE][PASSED] - Text '1773' is set on object 'Object Repository/RecAndPlayBk/Page-Vlink-Debit/input_Application Id'

2023-02-28 18:55:19 - [TEST_STEP][PASSED] - setText(findTestObject("RecAndPlayBk/Page-Vlink-Debit/input_Username"), username): Text 'Qq2BV1qtr' is set on object 'Object Repository/RecAndPlayBk/Page-Vlink-Debit/input_Username'

2023-02-28 18:55:19 - [MESSAGE][PASSED] - Text 'Qq2BV1qtr' is set on object 'Object Repository/RecAndPlayBk/Page-Vlink-Debit/input_Username'

2023-02-28 18:55:19 - [TEST_STEP][PASSED] - setText(findTestObject("RecAndPlayBk/Page-Vlink-Debit/input_Password"), password): Text 'tUmWBiLUx' is set on object 'Object Repository/RecAndPlayBk/Page-Vlink-Debit/input_Password'

2023-02-28 18:55:20 - [MESSAGE][PASSED] - Text 'tUmWBiLUx' is set on object 'Object Repository/RecAndPlayBk/Page-Vlink-Debit/input_Password'

2023-02-28 18:55:20 - [TEST_STEP][PASSED] - setText(findTestObject("RecAndPlayBk/Page-Vlink-Debit/input_Check Type"), checkType): Text 'P' is set on object 'Object Repository/RecAndPlayBk/Page-Vlink-Debit/input_Check Type'

2023-02-28 18:55:20 - [MESSAGE][PASSED] - Text 'P' is set on object 'Object Repository/RecAndPlayBk/Page-Vlink-Debit/input_Check Type'

2023-02-28 18:55:20 - [TEST_STEP][PASSED] - setText(findTestObject("RecAndPlayBk/Page-Vlink-Debit/input_Account_check"), acNumber): Text '58963214' is set on object 'Object Repository/RecAndPlayBk/Page-Vlink-Debit/input_Account_check'

2023-02-28 18:55:21 - [MESSAGE][PASSED] - Text '58963214' is set on object 'Object Repository/RecAndPlayBk/Page-Vlink-Debit/input_Account_check'

2023-02-28 18:55:21 - [TEST_STEP][PASSED] - setText(findTestObject("RecAndPlayBk/Page-Vlink-Debit/input_Company_check"), company): Text '' is set on object 'Object Repository/RecAndPlayBk/Page-Vlink-Debit/input_Company_check'

2023-02-28 18:55:22 - [MESSAGE][PASSED] - Text '' is set on object 'Object Repository/RecAndPlayBk/Page-Vlink-Debit/input_Company_check'

2023-02-28 18:55:22 - [TEST_STEP][PASSED] - setText(findTestObject("RecAndPlayBk/Page-Vlink-Debit/input_Account Type"), acType): Text '1' is set on object 'Object Repository/RecAndPlayBk/Page-Vlink-Debit/input_Account Type'

2023-02-28 18:55:22 - [MESSAGE][PASSED] - Text '1' is set on object 'Object Repository/RecAndPlayBk/Page-Vlink-Debit/input_Account Type'

2023-02-28 18:55:22 - [TEST_STEP][PASSED] - setText(findTestObject("RecAndPlayBk/Page-Vlink-Debit/input_Routing Number"), rtn): Text '256072691' is set on object 'Object Repository/RecAndPlayBk/Page-Vlink-Debit/input_Routing Number'

2023-02-28 18:55:23 - [MESSAGE][PASSED] - Text '256072691' is set on object 'Object Repository/RecAndPlayBk/Page-Vlink-Debit/input_Routing Number'

2023-02-28 18:55:23 - [TEST_STEP][PASSED] - setText(findTestObject("RecAndPlayBk/Page-Vlink-Debit/input_Amount"), amount): Text '12.50' is set on object 'Object Repository/RecAndPlayBk/Page-Vlink-Debit/input_Amount'

2023-02-28 18:55:23 - [MESSAGE][PASSED] - Text '12.50' is set on object 'Object Repository/RecAndPlayBk/Page-Vlink-Debit/input_Amount'

2023-02-28 18:55:23 - [TEST_STEP][PASSED] - setText(findTestObject("RecAndPlayBk/Page-Vlink-Debit/input_Check Email"), ""): Text '' is set on object 'Object Repository/RecAndPlayBk/Page-Vlink-Debit/input_Check Email'

2023-02-28 18:55:24 - [MESSAGE][PASSED] - Text '' is set on object 'Object Repository/RecAndPlayBk/Page-Vlink-Debit/input_Check Email'

2023-02-28 18:55:24 - [TEST_STEP][PASSED] - setText(findTestObject("Object Repository/RecAndPlayBk/Page-Vlink-Debit/input_concat(CheckWriter, , s SSN)_check_ssn"), ""): Text '' is set on object 'Object Repository/RecAndPlayBk/Page-Vlink-Debit/input_concat(CheckWriter, , s SSN)_check_ssn'

2023-02-28 18:55:25 - [MESSAGE][PASSED] - Text '' is set on object 'Object Repository/RecAndPlayBk/Page-Vlink-Debit/input_concat(CheckWriter, , s SSN)_check_ssn'

2023-02-28 18:55:25 - [TEST_STEP][PASSED] - setText(findTestObject("Object Repository/RecAndPlayBk/Page-Vlink-Debit/input_concat(CheckWriter, , s License Numbe_020fef"), ""): Text '' is set on object 'Object Repository/RecAndPlayBk/Page-Vlink-Debit/input_concat(CheckWriter, , s License Numbe_020fef'

2023-02-28 18:55:25 - [MESSAGE][PASSED] - Text '' is set on object 'Object Repository/RecAndPlayBk/Page-Vlink-Debit/input_concat(CheckWriter, , s License Numbe_020fef'

2023-02-28 18:55:25 - [TEST_STEP][PASSED] - setText(findTestObject("Object Repository/RecAndPlayBk/Page-Vlink-Debit/input_concat(CheckWriter, , s License State_21e3e7"), ""): Text '' is set on object 'Object Repository/RecAndPlayBk/Page-Vlink-Debit/input_concat(CheckWriter, , s License State_21e3e7'

2023-02-28 18:55:26 - [MESSAGE][PASSED] - Text '' is set on object 'Object Repository/RecAndPlayBk/Page-Vlink-Debit/input_concat(CheckWriter, , s License State_21e3e7'

2023-02-28 18:55:26 - [TEST_STEP][PASSED] - setText(findTestObject("RecAndPlayBk/Page-Vlink-Debit/input_Standard Entry Class"), sec): Text 'PPD' is set on object 'Object Repository/RecAndPlayBk/Page-Vlink-Debit/input_Standard Entry Class'

2023-02-28 18:55:27 - [MESSAGE][PASSED] - Text 'PPD' is set on object 'Object Repository/RecAndPlayBk/Page-Vlink-Debit/input_Standard Entry Class'

2023-02-28 18:55:27 - [TEST_STEP][PASSED] - click(findTestObject("Object Repository/RecAndPlayBk/Page-Vlink-Debit/input")): Object: 'Object Repository/RecAndPlayBk/Page-Vlink-Debit/input' is clicked on

2023-02-28 18:55:27 - [MESSAGE][PASSED] - Object: 'Object Repository/RecAndPlayBk/Page-Vlink-Debit/input' is clicked on

2023-02-28 18:55:27 - [TEST_STEP][PASSED] - if (verifyTextPresent("Transaction approved, no errors", true)): null

2023-02-28 18:55:28 - [MESSAGE][PASSED] - Text 'Transaction approved, no errors' is present on page  using regular expression

2023-02-28 18:55:28 - [TEST_STEP][PASSED] - println("Transaction Approved, no errors text is present on the Confirmation page"): null

2023-02-28 18:55:28 - [TEST_STEP][PASSED] - sdfo = getText(findTestObject("Object Repository/Page_VLinkReceipt/pre_STX")): Text of object 'Object Repository/Page_VLinkReceipt/pre_STX' is: '<STX>35622|20797|11272             2920886             0  Transaction approved, no errors                   0                                                                                                              <ETX>'

2023-02-28 18:55:28 - [MESSAGE][PASSED] - Text of object 'Object Repository/Page_VLinkReceipt/pre_STX' is: '<STX>35622|20797|11272             2920886             0  Transaction approved, no errors                   0                                                                                                              <ETX>'

2023-02-28 18:55:28 - [TEST_STEP][PASSED] - out.println("sdfo: " + sdfo): null

2023-02-28 18:55:28 - [TEST_STEP][PASSED] - remID = substring(5, 35).trim(): null

2023-02-28 18:55:28 - [TEST_STEP][PASSED] - out.println("remID: " + remID): null

2023-02-28 18:55:28 - [TEST_STEP][PASSED] - traxID = substring(35, 55).trim(): null

2023-02-28 18:55:28 - [TEST_STEP][PASSED] - out.println("traxID: " + traxID): null

2023-02-28 18:55:28 - [TEST_STEP][PASSED] - VLinkSaleRemID = remID: null

2023-02-28 18:55:28 - [TEST_STEP][PASSED] - VLinkSaleTranxID = traxID: null

2023-02-28 18:55:28 - [TEST_STEP][PASSED] - openBrowser(VLinkURL + "ACH_void.html"): Browser is opened with url: 'https://dev-algorithm.govolution.com/vlinktest/demo2/version_2_0/ACH_void.html'

2023-02-28 18:55:28 - [MESSAGE][WARNING] - A browser is already opened. Closing browser and opening a new one

2023-02-28 18:55:29 - [MESSAGE][INFO] - Starting 'Chrome' driver

2023-02-28 18:55:29 - [MESSAGE][INFO] - User set preference: ['acceptInsecureCerts', 'true']

2023-02-28 18:55:29 - [MESSAGE][INFO] - Action delay is set to 0 milliseconds

2023-02-28 18:55:31 - [MESSAGE][PASSED] - Browser is opened with url: 'https://dev-algorithm.govolution.com/vlinktest/demo2/version_2_0/ACH_void.html'

2023-02-28 18:55:31 - [TEST_STEP][PASSED] - maximizeWindow(): Current window maximized

2023-02-28 18:55:31 - [MESSAGE][PASSED] - Current window maximized

2023-02-28 18:55:31 - [TEST_STEP][PASSED] - setText(findTestObject("Object Repository/RecAndPlayBk/Page-Vlink-ACH-Void/input_Remittance Id"), VLinkSaleRemID): Text '35622|20797|11272' is set on object 'Object Repository/RecAndPlayBk/Page-Vlink-ACH-Void/input_Remittance Id'

2023-02-28 18:55:32 - [MESSAGE][PASSED] - Text '35622|20797|11272' is set on object 'Object Repository/RecAndPlayBk/Page-Vlink-ACH-Void/input_Remittance Id'

2023-02-28 18:55:32 - [TEST_STEP][PASSED] - setText(findTestObject("Object Repository/RecAndPlayBk/Page-Vlink-ACH-Void/input_Application Id"), appID): Text '1773' is set on object 'Object Repository/RecAndPlayBk/Page-Vlink-ACH-Void/input_Application Id'

2023-02-28 18:55:32 - [MESSAGE][PASSED] - Text '1773' is set on object 'Object Repository/RecAndPlayBk/Page-Vlink-ACH-Void/input_Application Id'

2023-02-28 18:55:32 - [TEST_STEP][PASSED] - setText(findTestObject("Object Repository/RecAndPlayBk/Page-Vlink-ACH-Void/input_Username"), username): Text 'Qq2BV1qtr' is set on object 'Object Repository/RecAndPlayBk/Page-Vlink-ACH-Void/input_Username'

2023-02-28 18:55:33 - [MESSAGE][PASSED] - Text 'Qq2BV1qtr' is set on object 'Object Repository/RecAndPlayBk/Page-Vlink-ACH-Void/input_Username'

2023-02-28 18:55:33 - [TEST_STEP][PASSED] - setText(findTestObject("Object Repository/RecAndPlayBk/Page-Vlink-ACH-Void/input_Password"), password): Text 'tUmWBiLUx' is set on object 'Object Repository/RecAndPlayBk/Page-Vlink-ACH-Void/input_Password'

2023-02-28 18:55:34 - [MESSAGE][PASSED] - Text 'tUmWBiLUx' is set on object 'Object Repository/RecAndPlayBk/Page-Vlink-ACH-Void/input_Password'

2023-02-28 18:55:34 - [TEST_STEP][PASSED] - setText(findTestObject("Object Repository/RecAndPlayBk/Page-Vlink-ACH-Void/input_Check Type"), checkType): Text 'P' is set on object 'Object Repository/RecAndPlayBk/Page-Vlink-ACH-Void/input_Check Type'

2023-02-28 18:55:34 - [MESSAGE][PASSED] - Text 'P' is set on object 'Object Repository/RecAndPlayBk/Page-Vlink-ACH-Void/input_Check Type'

2023-02-28 18:55:34 - [TEST_STEP][PASSED] - setText(findTestObject("Object Repository/RecAndPlayBk/Page-Vlink-ACH-Void/input_Standard Entry Class"), sec): Text 'PPD' is set on object 'Object Repository/RecAndPlayBk/Page-Vlink-ACH-Void/input_Standard Entry Class'

2023-02-28 18:55:35 - [MESSAGE][PASSED] - Text 'PPD' is set on object 'Object Repository/RecAndPlayBk/Page-Vlink-ACH-Void/input_Standard Entry Class'

2023-02-28 18:55:35 - [TEST_STEP][PASSED] - setText(findTestObject("Object Repository/RecAndPlayBk/Page-Vlink-ACH-Void/input_Transaction ID"), VLinkSaleTranxID): Text '2920886' is set on object 'Object Repository/RecAndPlayBk/Page-Vlink-ACH-Void/input_Transaction ID'

2023-02-28 18:55:36 - [MESSAGE][PASSED] - Text '2920886' is set on object 'Object Repository/RecAndPlayBk/Page-Vlink-ACH-Void/input_Transaction ID'

2023-02-28 18:55:36 - [TEST_STEP][PASSED] - setText(findTestObject("Object Repository/RecAndPlayBk/Page-Vlink-ACH-Void/input_Original Transaction Type"), "200"): Text '200' is set on object 'Object Repository/RecAndPlayBk/Page-Vlink-ACH-Void/input_Original Transaction Type'

2023-02-28 18:55:36 - [MESSAGE][PASSED] - Text '200' is set on object 'Object Repository/RecAndPlayBk/Page-Vlink-ACH-Void/input_Original Transaction Type'

2023-02-28 18:55:36 - [TEST_STEP][PASSED] - click(findTestObject("Object Repository/RecAndPlayBk/Page-Vlink-ACH-Void/input")): Object: 'Object Repository/RecAndPlayBk/Page-Vlink-ACH-Void/input' is clicked on

2023-02-28 18:55:37 - [MESSAGE][PASSED] - Object: 'Object Repository/RecAndPlayBk/Page-Vlink-ACH-Void/input' is clicked on

2023-02-28 18:55:37 - [TEST_STEP][PASSED] - if (verifyTextPresent("Transaction approved, no errors", true)): null

2023-02-28 18:55:37 - [MESSAGE][PASSED] - Text 'Transaction approved, no errors' is present on page  using regular expression

2023-02-28 18:55:37 - [TEST_STEP][PASSED] - println("Transaction Approved, no errors text is present on the Confirmation page"): null

2023-02-28 18:55:37 - [TEST_STEP][PASSED] - out.println("Pass Record Number: " + row): null

2023-02-28 18:55:37 - [TEST_STEP][PASSED] - resText = "Pass": null

2023-02-28 18:55:37 - [TEST_STEP][PASSED] - pages.WriteExcel.demoKey(resText, datText, resColumn, datCloumn, fileLoc, nameSheet, row): pages.WriteExcel.demoKey is PASSED

2023-02-28 18:55:37 - [MESSAGE][PASSED] - pages.WriteExcel.demoKey is PASSED

2023-02-28 18:55:37 - [TEST_STEP][PASSED] - ExecuteTC = findTestData(dataFile).getValue("Execute", row): null

2023-02-28 18:55:37 - [TEST_STEP][PASSED] - out.println("Value of Execute is : " + ExecuteTC): null

2023-02-28 18:55:37 - [TEST_STEP][PASSED] - switch (executionProfile): null

2023-02-28 18:55:37 - [TEST_STEP][PASSED] - case "Demo2Profile":: null

2023-02-28 18:55:37 - [TEST_STEP][PASSED] - appID = findTestData(dataFile).getValue("AppIDDemo", row): null

2023-02-28 18:55:37 - [TEST_STEP][PASSED] - username = findTestData(dataFile).getValue("UsernameDemo", row): null

2023-02-28 18:55:38 - [TEST_STEP][PASSED] - password = findTestData(dataFile).getValue("PasswordDemo", row): null

2023-02-28 18:55:38 - [TEST_STEP][PASSED] - break: null

2023-02-28 18:55:38 - [TEST_STEP][PASSED] - if (ExecuteTC.equalsIgnoreCase("Y")): null

2023-02-28 18:55:38 - [TEST_STEP][PASSED] - out.println("Begin Record Number: " + row): null

2023-02-28 18:55:38 - [TEST_STEP][PASSED] - today = new java.util.Date(): null

2023-02-28 18:55:38 - [TEST_STEP][PASSED] - println(today): null

2023-02-28 18:55:38 - [TEST_STEP][PASSED] - datText = today: null

2023-02-28 18:55:38 - [TEST_STEP][PASSED] - checkType = findTestData(dataFile).getValue("CheckType", row): null

2023-02-28 18:55:38 - [TEST_STEP][PASSED] - acNumber = findTestData(dataFile).getValue("AcNumber", row): null

2023-02-28 18:55:38 - [TEST_STEP][PASSED] - company = findTestData(dataFile).getValue("Company", row): null

2023-02-28 18:55:38 - [TEST_STEP][PASSED] - acType = findTestData(dataFile).getValue("AcType", row): null

2023-02-28 18:55:38 - [TEST_STEP][PASSED] - rtn = findTestData(dataFile).getValue("RTN", row): null

2023-02-28 18:55:38 - [TEST_STEP][PASSED] - amount = findTestData(dataFile).getValue("Amount", row): null

2023-02-28 18:55:38 - [TEST_STEP][PASSED] - sec = findTestData(dataFile).getValue("SEC", row): null

2023-02-28 18:55:38 - [TEST_STEP][PASSED] - openBrowser(VLinkURL + "debit.html"): Browser is opened with url: 'https://dev-algorithm.govolution.com/vlinktest/demo2/version_2_0/debit.html'

2023-02-28 18:55:38 - [MESSAGE][WARNING] - A browser is already opened. Closing browser and opening a new one

2023-02-28 18:55:39 - [MESSAGE][INFO] - Starting 'Chrome' driver

2023-02-28 18:55:39 - [MESSAGE][INFO] - User set preference: ['acceptInsecureCerts', 'true']

2023-02-28 18:55:39 - [MESSAGE][INFO] - Action delay is set to 0 milliseconds

2023-02-28 18:55:41 - [MESSAGE][PASSED] - Browser is opened with url: 'https://dev-algorithm.govolution.com/vlinktest/demo2/version_2_0/debit.html'

2023-02-28 18:55:41 - [TEST_STEP][PASSED] - maximizeWindow(): Current window maximized

2023-02-28 18:55:41 - [MESSAGE][PASSED] - Current window maximized

2023-02-28 18:55:41 - [TEST_STEP][PASSED] - genRemID1 = random() * 99999).toInteger(): null

2023-02-28 18:55:41 - [TEST_STEP][PASSED] - genRemID2 = random() * 99999).toInteger(): null

2023-02-28 18:55:41 - [TEST_STEP][PASSED] - genRemID3 = random() * 99999).toInteger(): null

2023-02-28 18:55:41 - [TEST_STEP][PASSED] - println(genRemID1): null

2023-02-28 18:55:41 - [TEST_STEP][PASSED] - println(genRemID2): null

2023-02-28 18:55:41 - [TEST_STEP][PASSED] - println(genRemID3): null

2023-02-28 18:55:41 - [TEST_STEP][PASSED] - genRemID = genRemID1 + "|" + genRemID2 + "|" + genRemID3: null

2023-02-28 18:55:41 - [TEST_STEP][PASSED] - println(genRemID): null

2023-02-28 18:55:41 - [TEST_STEP][PASSED] - setText(findTestObject("RecAndPlayBk/Page-Vlink-Debit/input_Remittance Id"), genRemID): Text '66235|21925|66415' is set on object 'Object Repository/RecAndPlayBk/Page-Vlink-Debit/input_Remittance Id'

2023-02-28 18:55:42 - [MESSAGE][PASSED] - Text '66235|21925|66415' is set on object 'Object Repository/RecAndPlayBk/Page-Vlink-Debit/input_Remittance Id'

2023-02-28 18:55:42 - [TEST_STEP][PASSED] - setText(findTestObject("RecAndPlayBk/Page-Vlink-Debit/input_Application Id"), appID): Text '1773' is set on object 'Object Repository/RecAndPlayBk/Page-Vlink-Debit/input_Application Id'

2023-02-28 18:55:42 - [MESSAGE][PASSED] - Text '1773' is set on object 'Object Repository/RecAndPlayBk/Page-Vlink-Debit/input_Application Id'

2023-02-28 18:55:42 - [TEST_STEP][PASSED] - setText(findTestObject("RecAndPlayBk/Page-Vlink-Debit/input_Username"), username): Text 'Qq2BV1qtr' is set on object 'Object Repository/RecAndPlayBk/Page-Vlink-Debit/input_Username'

2023-02-28 18:55:43 - [MESSAGE][PASSED] - Text 'Qq2BV1qtr' is set on object 'Object Repository/RecAndPlayBk/Page-Vlink-Debit/input_Username'

2023-02-28 18:55:43 - [TEST_STEP][PASSED] - setText(findTestObject("RecAndPlayBk/Page-Vlink-Debit/input_Password"), password): Text 'tUmWBiLUx' is set on object 'Object Repository/RecAndPlayBk/Page-Vlink-Debit/input_Password'

2023-02-28 18:55:44 - [MESSAGE][PASSED] - Text 'tUmWBiLUx' is set on object 'Object Repository/RecAndPlayBk/Page-Vlink-Debit/input_Password'

2023-02-28 18:55:44 - [TEST_STEP][PASSED] - setText(findTestObject("RecAndPlayBk/Page-Vlink-Debit/input_Check Type"), checkType): Text 'P' is set on object 'Object Repository/RecAndPlayBk/Page-Vlink-Debit/input_Check Type'

2023-02-28 18:55:44 - [MESSAGE][PASSED] - Text 'P' is set on object 'Object Repository/RecAndPlayBk/Page-Vlink-Debit/input_Check Type'

2023-02-28 18:55:44 - [TEST_STEP][PASSED] - setText(findTestObject("RecAndPlayBk/Page-Vlink-Debit/input_Account_check"), acNumber): Text '58963214' is set on object 'Object Repository/RecAndPlayBk/Page-Vlink-Debit/input_Account_check'

2023-02-28 18:55:45 - [MESSAGE][PASSED] - Text '58963214' is set on object 'Object Repository/RecAndPlayBk/Page-Vlink-Debit/input_Account_check'

2023-02-28 18:55:45 - [TEST_STEP][PASSED] - setText(findTestObject("RecAndPlayBk/Page-Vlink-Debit/input_Company_check"), company): Text '' is set on object 'Object Repository/RecAndPlayBk/Page-Vlink-Debit/input_Company_check'

2023-02-28 18:55:46 - [MESSAGE][PASSED] - Text '' is set on object 'Object Repository/RecAndPlayBk/Page-Vlink-Debit/input_Company_check'

2023-02-28 18:55:46 - [TEST_STEP][PASSED] - setText(findTestObject("RecAndPlayBk/Page-Vlink-Debit/input_Account Type"), acType): Text '2' is set on object 'Object Repository/RecAndPlayBk/Page-Vlink-Debit/input_Account Type'

2023-02-28 18:55:46 - [MESSAGE][PASSED] - Text '2' is set on object 'Object Repository/RecAndPlayBk/Page-Vlink-Debit/input_Account Type'

2023-02-28 18:55:46 - [TEST_STEP][PASSED] - setText(findTestObject("RecAndPlayBk/Page-Vlink-Debit/input_Routing Number"), rtn): Text '256072691' is set on object 'Object Repository/RecAndPlayBk/Page-Vlink-Debit/input_Routing Number'

2023-02-28 18:55:47 - [MESSAGE][PASSED] - Text '256072691' is set on object 'Object Repository/RecAndPlayBk/Page-Vlink-Debit/input_Routing Number'

2023-02-28 18:55:47 - [TEST_STEP][PASSED] - setText(findTestObject("RecAndPlayBk/Page-Vlink-Debit/input_Amount"), amount): Text '12.50' is set on object 'Object Repository/RecAndPlayBk/Page-Vlink-Debit/input_Amount'

2023-02-28 18:55:47 - [MESSAGE][PASSED] - Text '12.50' is set on object 'Object Repository/RecAndPlayBk/Page-Vlink-Debit/input_Amount'

2023-02-28 18:55:47 - [TEST_STEP][PASSED] - setText(findTestObject("RecAndPlayBk/Page-Vlink-Debit/input_Check Email"), ""): Text '' is set on object 'Object Repository/RecAndPlayBk/Page-Vlink-Debit/input_Check Email'

2023-02-28 18:55:48 - [MESSAGE][PASSED] - Text '' is set on object 'Object Repository/RecAndPlayBk/Page-Vlink-Debit/input_Check Email'

2023-02-28 18:55:48 - [TEST_STEP][PASSED] - setText(findTestObject("Object Repository/RecAndPlayBk/Page-Vlink-Debit/input_concat(CheckWriter, , s SSN)_check_ssn"), ""): Text '' is set on object 'Object Repository/RecAndPlayBk/Page-Vlink-Debit/input_concat(CheckWriter, , s SSN)_check_ssn'

2023-02-28 18:55:49 - [MESSAGE][PASSED] - Text '' is set on object 'Object Repository/RecAndPlayBk/Page-Vlink-Debit/input_concat(CheckWriter, , s SSN)_check_ssn'

2023-02-28 18:55:49 - [TEST_STEP][PASSED] - setText(findTestObject("Object Repository/RecAndPlayBk/Page-Vlink-Debit/input_concat(CheckWriter, , s License Numbe_020fef"), ""): Text '' is set on object 'Object Repository/RecAndPlayBk/Page-Vlink-Debit/input_concat(CheckWriter, , s License Numbe_020fef'

2023-02-28 18:55:49 - [MESSAGE][PASSED] - Text '' is set on object 'Object Repository/RecAndPlayBk/Page-Vlink-Debit/input_concat(CheckWriter, , s License Numbe_020fef'

2023-02-28 18:55:49 - [TEST_STEP][PASSED] - setText(findTestObject("Object Repository/RecAndPlayBk/Page-Vlink-Debit/input_concat(CheckWriter, , s License State_21e3e7"), ""): Text '' is set on object 'Object Repository/RecAndPlayBk/Page-Vlink-Debit/input_concat(CheckWriter, , s License State_21e3e7'

2023-02-28 18:55:50 - [MESSAGE][PASSED] - Text '' is set on object 'Object Repository/RecAndPlayBk/Page-Vlink-Debit/input_concat(CheckWriter, , s License State_21e3e7'

2023-02-28 18:55:50 - [TEST_STEP][PASSED] - setText(findTestObject("RecAndPlayBk/Page-Vlink-Debit/input_Standard Entry Class"), sec): Text 'WEB' is set on object 'Object Repository/RecAndPlayBk/Page-Vlink-Debit/input_Standard Entry Class'

2023-02-28 18:55:50 - [MESSAGE][PASSED] - Text 'WEB' is set on object 'Object Repository/RecAndPlayBk/Page-Vlink-Debit/input_Standard Entry Class'

2023-02-28 18:55:50 - [TEST_STEP][PASSED] - click(findTestObject("Object Repository/RecAndPlayBk/Page-Vlink-Debit/input")): Object: 'Object Repository/RecAndPlayBk/Page-Vlink-Debit/input' is clicked on

2023-02-28 18:55:51 - [MESSAGE][PASSED] - Object: 'Object Repository/RecAndPlayBk/Page-Vlink-Debit/input' is clicked on

2023-02-28 18:55:51 - [TEST_STEP][PASSED] - if (verifyTextPresent("Transaction approved, no errors", true)): null

2023-02-28 18:55:51 - [MESSAGE][PASSED] - Text 'Transaction approved, no errors' is present on page  using regular expression

2023-02-28 18:55:51 - [TEST_STEP][PASSED] - println("Transaction Approved, no errors text is present on the Confirmation page"): null

2023-02-28 18:55:51 - [TEST_STEP][PASSED] - sdfo = getText(findTestObject("Object Repository/Page_VLinkReceipt/pre_STX")): Text of object 'Object Repository/Page_VLinkReceipt/pre_STX' is: '<STX>66235|21925|66415             2920888             0  Transaction approved, no errors                   0                                                                                                              <ETX>'

2023-02-28 18:55:52 - [MESSAGE][PASSED] - Text of object 'Object Repository/Page_VLinkReceipt/pre_STX' is: '<STX>66235|21925|66415             2920888             0  Transaction approved, no errors                   0                                                                                                              <ETX>'

2023-02-28 18:55:52 - [TEST_STEP][PASSED] - out.println("sdfo: " + sdfo): null

2023-02-28 18:55:52 - [TEST_STEP][PASSED] - remID = substring(5, 35).trim(): null

2023-02-28 18:55:52 - [TEST_STEP][PASSED] - out.println("remID: " + remID): null

2023-02-28 18:55:52 - [TEST_STEP][PASSED] - traxID = substring(35, 55).trim(): null

2023-02-28 18:55:52 - [TEST_STEP][PASSED] - out.println("traxID: " + traxID): null

2023-02-28 18:55:52 - [TEST_STEP][PASSED] - VLinkSaleRemID = remID: null

2023-02-28 18:55:52 - [TEST_STEP][PASSED] - VLinkSaleTranxID = traxID: null

2023-02-28 18:55:52 - [TEST_STEP][PASSED] - openBrowser(VLinkURL + "ACH_void.html"): Browser is opened with url: 'https://dev-algorithm.govolution.com/vlinktest/demo2/version_2_0/ACH_void.html'

2023-02-28 18:55:52 - [MESSAGE][WARNING] - A browser is already opened. Closing browser and opening a new one

2023-02-28 18:55:53 - [MESSAGE][INFO] - Starting 'Chrome' driver

2023-02-28 18:55:53 - [MESSAGE][INFO] - User set preference: ['acceptInsecureCerts', 'true']

2023-02-28 18:55:53 - [MESSAGE][INFO] - Action delay is set to 0 milliseconds

2023-02-28 18:55:54 - [MESSAGE][PASSED] - Browser is opened with url: 'https://dev-algorithm.govolution.com/vlinktest/demo2/version_2_0/ACH_void.html'

2023-02-28 18:55:54 - [TEST_STEP][PASSED] - maximizeWindow(): Current window maximized

2023-02-28 18:55:55 - [MESSAGE][PASSED] - Current window maximized

2023-02-28 18:55:55 - [TEST_STEP][PASSED] - setText(findTestObject("Object Repository/RecAndPlayBk/Page-Vlink-ACH-Void/input_Remittance Id"), VLinkSaleRemID): Text '66235|21925|66415' is set on object 'Object Repository/RecAndPlayBk/Page-Vlink-ACH-Void/input_Remittance Id'

2023-02-28 18:55:55 - [MESSAGE][PASSED] - Text '66235|21925|66415' is set on object 'Object Repository/RecAndPlayBk/Page-Vlink-ACH-Void/input_Remittance Id'

2023-02-28 18:55:55 - [TEST_STEP][PASSED] - setText(findTestObject("Object Repository/RecAndPlayBk/Page-Vlink-ACH-Void/input_Application Id"), appID): Text '1773' is set on object 'Object Repository/RecAndPlayBk/Page-Vlink-ACH-Void/input_Application Id'

2023-02-28 18:55:56 - [MESSAGE][PASSED] - Text '1773' is set on object 'Object Repository/RecAndPlayBk/Page-Vlink-ACH-Void/input_Application Id'

2023-02-28 18:55:56 - [TEST_STEP][PASSED] - setText(findTestObject("Object Repository/RecAndPlayBk/Page-Vlink-ACH-Void/input_Username"), username): Text 'Qq2BV1qtr' is set on object 'Object Repository/RecAndPlayBk/Page-Vlink-ACH-Void/input_Username'

2023-02-28 18:55:57 - [MESSAGE][PASSED] - Text 'Qq2BV1qtr' is set on object 'Object Repository/RecAndPlayBk/Page-Vlink-ACH-Void/input_Username'

2023-02-28 18:55:57 - [TEST_STEP][PASSED] - setText(findTestObject("Object Repository/RecAndPlayBk/Page-Vlink-ACH-Void/input_Password"), password): Text 'tUmWBiLUx' is set on object 'Object Repository/RecAndPlayBk/Page-Vlink-ACH-Void/input_Password'

2023-02-28 18:55:57 - [MESSAGE][PASSED] - Text 'tUmWBiLUx' is set on object 'Object Repository/RecAndPlayBk/Page-Vlink-ACH-Void/input_Password'

2023-02-28 18:55:57 - [TEST_STEP][PASSED] - setText(findTestObject("Object Repository/RecAndPlayBk/Page-Vlink-ACH-Void/input_Check Type"), checkType): Text 'P' is set on object 'Object Repository/RecAndPlayBk/Page-Vlink-ACH-Void/input_Check Type'

2023-02-28 18:55:58 - [MESSAGE][PASSED] - Text 'P' is set on object 'Object Repository/RecAndPlayBk/Page-Vlink-ACH-Void/input_Check Type'

2023-02-28 18:55:58 - [TEST_STEP][PASSED] - setText(findTestObject("Object Repository/RecAndPlayBk/Page-Vlink-ACH-Void/input_Standard Entry Class"), sec): Text 'WEB' is set on object 'Object Repository/RecAndPlayBk/Page-Vlink-ACH-Void/input_Standard Entry Class'

2023-02-28 18:55:59 - [MESSAGE][PASSED] - Text 'WEB' is set on object 'Object Repository/RecAndPlayBk/Page-Vlink-ACH-Void/input_Standard Entry Class'

2023-02-28 18:55:59 - [TEST_STEP][PASSED] - setText(findTestObject("Object Repository/RecAndPlayBk/Page-Vlink-ACH-Void/input_Transaction ID"), VLinkSaleTranxID): Text '2920888' is set on object 'Object Repository/RecAndPlayBk/Page-Vlink-ACH-Void/input_Transaction ID'

2023-02-28 18:55:59 - [MESSAGE][PASSED] - Text '2920888' is set on object 'Object Repository/RecAndPlayBk/Page-Vlink-ACH-Void/input_Transaction ID'

2023-02-28 18:55:59 - [TEST_STEP][PASSED] - setText(findTestObject("Object Repository/RecAndPlayBk/Page-Vlink-ACH-Void/input_Original Transaction Type"), "200"): Text '200' is set on object 'Object Repository/RecAndPlayBk/Page-Vlink-ACH-Void/input_Original Transaction Type'

2023-02-28 18:56:00 - [MESSAGE][PASSED] - Text '200' is set on object 'Object Repository/RecAndPlayBk/Page-Vlink-ACH-Void/input_Original Transaction Type'

2023-02-28 18:56:00 - [TEST_STEP][PASSED] - click(findTestObject("Object Repository/RecAndPlayBk/Page-Vlink-ACH-Void/input")): Object: 'Object Repository/RecAndPlayBk/Page-Vlink-ACH-Void/input' is clicked on

2023-02-28 18:56:01 - [MESSAGE][PASSED] - Object: 'Object Repository/RecAndPlayBk/Page-Vlink-ACH-Void/input' is clicked on

2023-02-28 18:56:01 - [TEST_STEP][PASSED] - if (verifyTextPresent("Transaction approved, no errors", true)): null

2023-02-28 18:56:01 - [MESSAGE][PASSED] - Text 'Transaction approved, no errors' is present on page  using regular expression

2023-02-28 18:56:01 - [TEST_STEP][PASSED] - println("Transaction Approved, no errors text is present on the Confirmation page"): null

2023-02-28 18:56:01 - [TEST_STEP][PASSED] - out.println("Pass Record Number: " + row): null

2023-02-28 18:56:01 - [TEST_STEP][PASSED] - resText = "Pass": null

2023-02-28 18:56:01 - [TEST_STEP][PASSED] - pages.WriteExcel.demoKey(resText, datText, resColumn, datCloumn, fileLoc, nameSheet, row): pages.WriteExcel.demoKey is PASSED

2023-02-28 18:56:01 - [MESSAGE][PASSED] - pages.WriteExcel.demoKey is PASSED

2023-02-28 18:56:01 - [TEST_STEP][PASSED] - ExecuteTC = findTestData(dataFile).getValue("Execute", row): null

2023-02-28 18:56:01 - [TEST_STEP][PASSED] - out.println("Value of Execute is : " + ExecuteTC): null

2023-02-28 18:56:01 - [TEST_STEP][PASSED] - switch (executionProfile): null

2023-02-28 18:56:01 - [TEST_STEP][PASSED] - case "Demo2Profile":: null

2023-02-28 18:56:01 - [TEST_STEP][PASSED] - appID = findTestData(dataFile).getValue("AppIDDemo", row): null

2023-02-28 18:56:01 - [TEST_STEP][PASSED] - username = findTestData(dataFile).getValue("UsernameDemo", row): null

2023-02-28 18:56:01 - [TEST_STEP][PASSED] - password = findTestData(dataFile).getValue("PasswordDemo", row): null

2023-02-28 18:56:01 - [TEST_STEP][PASSED] - break: null

2023-02-28 18:56:01 - [TEST_STEP][PASSED] - if (ExecuteTC.equalsIgnoreCase("Y")): null

2023-02-28 18:56:01 - [TEST_STEP][PASSED] - out.println("Begin Record Number: " + row): null

2023-02-28 18:56:01 - [TEST_STEP][PASSED] - today = new java.util.Date(): null

2023-02-28 18:56:01 - [TEST_STEP][PASSED] - println(today): null

2023-02-28 18:56:01 - [TEST_STEP][PASSED] - datText = today: null

2023-02-28 18:56:01 - [TEST_STEP][PASSED] - checkType = findTestData(dataFile).getValue("CheckType", row): null

2023-02-28 18:56:01 - [TEST_STEP][PASSED] - acNumber = findTestData(dataFile).getValue("AcNumber", row): null

2023-02-28 18:56:01 - [TEST_STEP][PASSED] - company = findTestData(dataFile).getValue("Company", row): null

2023-02-28 18:56:01 - [TEST_STEP][PASSED] - acType = findTestData(dataFile).getValue("AcType", row): null

2023-02-28 18:56:01 - [TEST_STEP][PASSED] - rtn = findTestData(dataFile).getValue("RTN", row): null

2023-02-28 18:56:02 - [TEST_STEP][PASSED] - amount = findTestData(dataFile).getValue("Amount", row): null

2023-02-28 18:56:02 - [TEST_STEP][PASSED] - sec = findTestData(dataFile).getValue("SEC", row): null

2023-02-28 18:56:02 - [TEST_STEP][PASSED] - openBrowser(VLinkURL + "debit.html"): Browser is opened with url: 'https://dev-algorithm.govolution.com/vlinktest/demo2/version_2_0/debit.html'

2023-02-28 18:56:02 - [MESSAGE][WARNING] - A browser is already opened. Closing browser and opening a new one

2023-02-28 18:56:03 - [MESSAGE][INFO] - Starting 'Chrome' driver

2023-02-28 18:56:03 - [MESSAGE][INFO] - User set preference: ['acceptInsecureCerts', 'true']

2023-02-28 18:56:03 - [MESSAGE][INFO] - Action delay is set to 0 milliseconds

2023-02-28 18:56:04 - [MESSAGE][PASSED] - Browser is opened with url: 'https://dev-algorithm.govolution.com/vlinktest/demo2/version_2_0/debit.html'

2023-02-28 18:56:04 - [TEST_STEP][PASSED] - maximizeWindow(): Current window maximized

2023-02-28 18:56:04 - [MESSAGE][PASSED] - Current window maximized

2023-02-28 18:56:04 - [TEST_STEP][PASSED] - genRemID1 = random() * 99999).toInteger(): null

2023-02-28 18:56:04 - [TEST_STEP][PASSED] - genRemID2 = random() * 99999).toInteger(): null

2023-02-28 18:56:04 - [TEST_STEP][PASSED] - genRemID3 = random() * 99999).toInteger(): null

2023-02-28 18:56:04 - [TEST_STEP][PASSED] - println(genRemID1): null

2023-02-28 18:56:04 - [TEST_STEP][PASSED] - println(genRemID2): null

2023-02-28 18:56:04 - [TEST_STEP][PASSED] - println(genRemID3): null

2023-02-28 18:56:04 - [TEST_STEP][PASSED] - genRemID = genRemID1 + "|" + genRemID2 + "|" + genRemID3: null

2023-02-28 18:56:04 - [TEST_STEP][PASSED] - println(genRemID): null

2023-02-28 18:56:04 - [TEST_STEP][PASSED] - setText(findTestObject("RecAndPlayBk/Page-Vlink-Debit/input_Remittance Id"), genRemID): Text '19497|59278|6496' is set on object 'Object Repository/RecAndPlayBk/Page-Vlink-Debit/input_Remittance Id'

2023-02-28 18:56:05 - [MESSAGE][PASSED] - Text '19497|59278|6496' is set on object 'Object Repository/RecAndPlayBk/Page-Vlink-Debit/input_Remittance Id'

2023-02-28 18:56:05 - [TEST_STEP][PASSED] - setText(findTestObject("RecAndPlayBk/Page-Vlink-Debit/input_Application Id"), appID): Text '1773' is set on object 'Object Repository/RecAndPlayBk/Page-Vlink-Debit/input_Application Id'

2023-02-28 18:56:06 - [MESSAGE][PASSED] - Text '1773' is set on object 'Object Repository/RecAndPlayBk/Page-Vlink-Debit/input_Application Id'

2023-02-28 18:56:06 - [TEST_STEP][PASSED] - setText(findTestObject("RecAndPlayBk/Page-Vlink-Debit/input_Username"), username): Text 'Qq2BV1qtr' is set on object 'Object Repository/RecAndPlayBk/Page-Vlink-Debit/input_Username'

2023-02-28 18:56:07 - [MESSAGE][PASSED] - Text 'Qq2BV1qtr' is set on object 'Object Repository/RecAndPlayBk/Page-Vlink-Debit/input_Username'

2023-02-28 18:56:07 - [TEST_STEP][PASSED] - setText(findTestObject("RecAndPlayBk/Page-Vlink-Debit/input_Password"), password): Text 'tUmWBiLUx' is set on object 'Object Repository/RecAndPlayBk/Page-Vlink-Debit/input_Password'

2023-02-28 18:56:07 - [MESSAGE][PASSED] - Text 'tUmWBiLUx' is set on object 'Object Repository/RecAndPlayBk/Page-Vlink-Debit/input_Password'

2023-02-28 18:56:07 - [TEST_STEP][PASSED] - setText(findTestObject("RecAndPlayBk/Page-Vlink-Debit/input_Check Type"), checkType): Text 'P' is set on object 'Object Repository/RecAndPlayBk/Page-Vlink-Debit/input_Check Type'

2023-02-28 18:56:08 - [MESSAGE][PASSED] - Text 'P' is set on object 'Object Repository/RecAndPlayBk/Page-Vlink-Debit/input_Check Type'

2023-02-28 18:56:08 - [TEST_STEP][PASSED] - setText(findTestObject("RecAndPlayBk/Page-Vlink-Debit/input_Account_check"), acNumber): Text '58963214' is set on object 'Object Repository/RecAndPlayBk/Page-Vlink-Debit/input_Account_check'

2023-02-28 18:56:09 - [MESSAGE][PASSED] - Text '58963214' is set on object 'Object Repository/RecAndPlayBk/Page-Vlink-Debit/input_Account_check'

2023-02-28 18:56:09 - [TEST_STEP][PASSED] - setText(findTestObject("RecAndPlayBk/Page-Vlink-Debit/input_Company_check"), company): Text '' is set on object 'Object Repository/RecAndPlayBk/Page-Vlink-Debit/input_Company_check'

2023-02-28 18:56:09 - [MESSAGE][PASSED] - Text '' is set on object 'Object Repository/RecAndPlayBk/Page-Vlink-Debit/input_Company_check'

2023-02-28 18:56:09 - [TEST_STEP][PASSED] - setText(findTestObject("RecAndPlayBk/Page-Vlink-Debit/input_Account Type"), acType): Text '2' is set on object 'Object Repository/RecAndPlayBk/Page-Vlink-Debit/input_Account Type'

2023-02-28 18:56:10 - [MESSAGE][PASSED] - Text '2' is set on object 'Object Repository/RecAndPlayBk/Page-Vlink-Debit/input_Account Type'

2023-02-28 18:56:10 - [TEST_STEP][PASSED] - setText(findTestObject("RecAndPlayBk/Page-Vlink-Debit/input_Routing Number"), rtn): Text '256072691' is set on object 'Object Repository/RecAndPlayBk/Page-Vlink-Debit/input_Routing Number'

2023-02-28 18:56:10 - [MESSAGE][PASSED] - Text '256072691' is set on object 'Object Repository/RecAndPlayBk/Page-Vlink-Debit/input_Routing Number'

2023-02-28 18:56:10 - [TEST_STEP][PASSED] - setText(findTestObject("RecAndPlayBk/Page-Vlink-Debit/input_Amount"), amount): Text '12.50' is set on object 'Object Repository/RecAndPlayBk/Page-Vlink-Debit/input_Amount'

2023-02-28 18:56:11 - [MESSAGE][PASSED] - Text '12.50' is set on object 'Object Repository/RecAndPlayBk/Page-Vlink-Debit/input_Amount'

2023-02-28 18:56:11 - [TEST_STEP][PASSED] - setText(findTestObject("RecAndPlayBk/Page-Vlink-Debit/input_Check Email"), ""): Text '' is set on object 'Object Repository/RecAndPlayBk/Page-Vlink-Debit/input_Check Email'

2023-02-28 18:56:12 - [MESSAGE][PASSED] - Text '' is set on object 'Object Repository/RecAndPlayBk/Page-Vlink-Debit/input_Check Email'

2023-02-28 18:56:12 - [TEST_STEP][PASSED] - setText(findTestObject("Object Repository/RecAndPlayBk/Page-Vlink-Debit/input_concat(CheckWriter, , s SSN)_check_ssn"), ""): Text '' is set on object 'Object Repository/RecAndPlayBk/Page-Vlink-Debit/input_concat(CheckWriter, , s SSN)_check_ssn'

2023-02-28 18:56:12 - [MESSAGE][PASSED] - Text '' is set on object 'Object Repository/RecAndPlayBk/Page-Vlink-Debit/input_concat(CheckWriter, , s SSN)_check_ssn'

2023-02-28 18:56:12 - [TEST_STEP][PASSED] - setText(findTestObject("Object Repository/RecAndPlayBk/Page-Vlink-Debit/input_concat(CheckWriter, , s License Numbe_020fef"), ""): Text '' is set on object 'Object Repository/RecAndPlayBk/Page-Vlink-Debit/input_concat(CheckWriter, , s License Numbe_020fef'

2023-02-28 18:56:13 - [MESSAGE][PASSED] - Text '' is set on object 'Object Repository/RecAndPlayBk/Page-Vlink-Debit/input_concat(CheckWriter, , s License Numbe_020fef'

2023-02-28 18:56:13 - [TEST_STEP][PASSED] - setText(findTestObject("Object Repository/RecAndPlayBk/Page-Vlink-Debit/input_concat(CheckWriter, , s License State_21e3e7"), ""): Text '' is set on object 'Object Repository/RecAndPlayBk/Page-Vlink-Debit/input_concat(CheckWriter, , s License State_21e3e7'

2023-02-28 18:56:14 - [MESSAGE][PASSED] - Text '' is set on object 'Object Repository/RecAndPlayBk/Page-Vlink-Debit/input_concat(CheckWriter, , s License State_21e3e7'

2023-02-28 18:56:14 - [TEST_STEP][PASSED] - setText(findTestObject("RecAndPlayBk/Page-Vlink-Debit/input_Standard Entry Class"), sec): Text 'TEL' is set on object 'Object Repository/RecAndPlayBk/Page-Vlink-Debit/input_Standard Entry Class'

2023-02-28 18:56:14 - [MESSAGE][PASSED] - Text 'TEL' is set on object 'Object Repository/RecAndPlayBk/Page-Vlink-Debit/input_Standard Entry Class'

2023-02-28 18:56:14 - [TEST_STEP][PASSED] - click(findTestObject("Object Repository/RecAndPlayBk/Page-Vlink-Debit/input")): Object: 'Object Repository/RecAndPlayBk/Page-Vlink-Debit/input' is clicked on

2023-02-28 18:56:15 - [MESSAGE][PASSED] - Object: 'Object Repository/RecAndPlayBk/Page-Vlink-Debit/input' is clicked on

2023-02-28 18:56:15 - [TEST_STEP][PASSED] - if (verifyTextPresent("Transaction approved, no errors", true)): null

2023-02-28 18:56:15 - [MESSAGE][PASSED] - Text 'Transaction approved, no errors' is present on page  using regular expression

2023-02-28 18:56:15 - [TEST_STEP][PASSED] - println("Transaction Approved, no errors text is present on the Confirmation page"): null

2023-02-28 18:56:15 - [TEST_STEP][PASSED] - sdfo = getText(findTestObject("Object Repository/Page_VLinkReceipt/pre_STX")): Text of object 'Object Repository/Page_VLinkReceipt/pre_STX' is: '<STX>19497|59278|6496              2920890             0  Transaction approved, no errors                   0                                                                                                              <ETX>'

2023-02-28 18:56:16 - [MESSAGE][PASSED] - Text of object 'Object Repository/Page_VLinkReceipt/pre_STX' is: '<STX>19497|59278|6496              2920890             0  Transaction approved, no errors                   0                                                                                                              <ETX>'

2023-02-28 18:56:16 - [TEST_STEP][PASSED] - out.println("sdfo: " + sdfo): null

2023-02-28 18:56:16 - [TEST_STEP][PASSED] - remID = substring(5, 35).trim(): null

2023-02-28 18:56:16 - [TEST_STEP][PASSED] - out.println("remID: " + remID): null

2023-02-28 18:56:16 - [TEST_STEP][PASSED] - traxID = substring(35, 55).trim(): null

2023-02-28 18:56:16 - [TEST_STEP][PASSED] - out.println("traxID: " + traxID): null

2023-02-28 18:56:16 - [TEST_STEP][PASSED] - VLinkSaleRemID = remID: null

2023-02-28 18:56:16 - [TEST_STEP][PASSED] - VLinkSaleTranxID = traxID: null

2023-02-28 18:56:16 - [TEST_STEP][PASSED] - openBrowser(VLinkURL + "ACH_void.html"): Browser is opened with url: 'https://dev-algorithm.govolution.com/vlinktest/demo2/version_2_0/ACH_void.html'

2023-02-28 18:56:16 - [MESSAGE][WARNING] - A browser is already opened. Closing browser and opening a new one

2023-02-28 18:56:17 - [MESSAGE][INFO] - Starting 'Chrome' driver

2023-02-28 18:56:17 - [MESSAGE][INFO] - User set preference: ['acceptInsecureCerts', 'true']

2023-02-28 18:56:17 - [MESSAGE][INFO] - Action delay is set to 0 milliseconds

2023-02-28 18:56:18 - [MESSAGE][PASSED] - Browser is opened with url: 'https://dev-algorithm.govolution.com/vlinktest/demo2/version_2_0/ACH_void.html'

2023-02-28 18:56:18 - [TEST_STEP][PASSED] - maximizeWindow(): Current window maximized

2023-02-28 18:56:18 - [MESSAGE][PASSED] - Current window maximized

2023-02-28 18:56:18 - [TEST_STEP][PASSED] - setText(findTestObject("Object Repository/RecAndPlayBk/Page-Vlink-ACH-Void/input_Remittance Id"), VLinkSaleRemID): Text '19497|59278|6496' is set on object 'Object Repository/RecAndPlayBk/Page-Vlink-ACH-Void/input_Remittance Id'

2023-02-28 18:56:19 - [MESSAGE][PASSED] - Text '19497|59278|6496' is set on object 'Object Repository/RecAndPlayBk/Page-Vlink-ACH-Void/input_Remittance Id'

2023-02-28 18:56:19 - [TEST_STEP][PASSED] - setText(findTestObject("Object Repository/RecAndPlayBk/Page-Vlink-ACH-Void/input_Application Id"), appID): Text '1773' is set on object 'Object Repository/RecAndPlayBk/Page-Vlink-ACH-Void/input_Application Id'

2023-02-28 18:56:20 - [MESSAGE][PASSED] - Text '1773' is set on object 'Object Repository/RecAndPlayBk/Page-Vlink-ACH-Void/input_Application Id'

2023-02-28 18:56:20 - [TEST_STEP][PASSED] - setText(findTestObject("Object Repository/RecAndPlayBk/Page-Vlink-ACH-Void/input_Username"), username): Text 'Qq2BV1qtr' is set on object 'Object Repository/RecAndPlayBk/Page-Vlink-ACH-Void/input_Username'

2023-02-28 18:56:21 - [MESSAGE][PASSED] - Text 'Qq2BV1qtr' is set on object 'Object Repository/RecAndPlayBk/Page-Vlink-ACH-Void/input_Username'

2023-02-28 18:56:21 - [TEST_STEP][PASSED] - setText(findTestObject("Object Repository/RecAndPlayBk/Page-Vlink-ACH-Void/input_Password"), password): Text 'tUmWBiLUx' is set on object 'Object Repository/RecAndPlayBk/Page-Vlink-ACH-Void/input_Password'

2023-02-28 18:56:21 - [MESSAGE][PASSED] - Text 'tUmWBiLUx' is set on object 'Object Repository/RecAndPlayBk/Page-Vlink-ACH-Void/input_Password'

2023-02-28 18:56:21 - [TEST_STEP][PASSED] - setText(findTestObject("Object Repository/RecAndPlayBk/Page-Vlink-ACH-Void/input_Check Type"), checkType): Text 'P' is set on object 'Object Repository/RecAndPlayBk/Page-Vlink-ACH-Void/input_Check Type'

2023-02-28 18:56:22 - [MESSAGE][PASSED] - Text 'P' is set on object 'Object Repository/RecAndPlayBk/Page-Vlink-ACH-Void/input_Check Type'

2023-02-28 18:56:22 - [TEST_STEP][PASSED] - setText(findTestObject("Object Repository/RecAndPlayBk/Page-Vlink-ACH-Void/input_Standard Entry Class"), sec): Text 'TEL' is set on object 'Object Repository/RecAndPlayBk/Page-Vlink-ACH-Void/input_Standard Entry Class'

2023-02-28 18:56:22 - [MESSAGE][PASSED] - Text 'TEL' is set on object 'Object Repository/RecAndPlayBk/Page-Vlink-ACH-Void/input_Standard Entry Class'

2023-02-28 18:56:22 - [TEST_STEP][PASSED] - setText(findTestObject("Object Repository/RecAndPlayBk/Page-Vlink-ACH-Void/input_Transaction ID"), VLinkSaleTranxID): Text '2920890' is set on object 'Object Repository/RecAndPlayBk/Page-Vlink-ACH-Void/input_Transaction ID'

2023-02-28 18:56:23 - [MESSAGE][PASSED] - Text '2920890' is set on object 'Object Repository/RecAndPlayBk/Page-Vlink-ACH-Void/input_Transaction ID'

2023-02-28 18:56:23 - [TEST_STEP][PASSED] - setText(findTestObject("Object Repository/RecAndPlayBk/Page-Vlink-ACH-Void/input_Original Transaction Type"), "200"): Text '200' is set on object 'Object Repository/RecAndPlayBk/Page-Vlink-ACH-Void/input_Original Transaction Type'

2023-02-28 18:56:24 - [MESSAGE][PASSED] - Text '200' is set on object 'Object Repository/RecAndPlayBk/Page-Vlink-ACH-Void/input_Original Transaction Type'

2023-02-28 18:56:24 - [TEST_STEP][PASSED] - click(findTestObject("Object Repository/RecAndPlayBk/Page-Vlink-ACH-Void/input")): Object: 'Object Repository/RecAndPlayBk/Page-Vlink-ACH-Void/input' is clicked on

2023-02-28 18:56:24 - [MESSAGE][PASSED] - Object: 'Object Repository/RecAndPlayBk/Page-Vlink-ACH-Void/input' is clicked on

2023-02-28 18:56:24 - [TEST_STEP][PASSED] - if (verifyTextPresent("Transaction approved, no errors", true)): null

2023-02-28 18:56:25 - [MESSAGE][PASSED] - Text 'Transaction approved, no errors' is present on page  using regular expression

2023-02-28 18:56:25 - [TEST_STEP][PASSED] - println("Transaction Approved, no errors text is present on the Confirmation page"): null

2023-02-28 18:56:25 - [TEST_STEP][PASSED] - out.println("Pass Record Number: " + row): null

2023-02-28 18:56:25 - [TEST_STEP][PASSED] - resText = "Pass": null

2023-02-28 18:56:25 - [TEST_STEP][PASSED] - pages.WriteExcel.demoKey(resText, datText, resColumn, datCloumn, fileLoc, nameSheet, row): pages.WriteExcel.demoKey is PASSED

2023-02-28 18:56:25 - [MESSAGE][PASSED] - pages.WriteExcel.demoKey is PASSED

2023-02-28 18:56:25 - [TEST_STEP][PASSED] - ExecuteTC = findTestData(dataFile).getValue("Execute", row): null

2023-02-28 18:56:25 - [TEST_STEP][PASSED] - out.println("Value of Execute is : " + ExecuteTC): null

2023-02-28 18:56:25 - [TEST_STEP][PASSED] - switch (executionProfile): null

2023-02-28 18:56:25 - [TEST_STEP][PASSED] - case "Demo2Profile":: null

2023-02-28 18:56:25 - [TEST_STEP][PASSED] - appID = findTestData(dataFile).getValue("AppIDDemo", row): null

2023-02-28 18:56:25 - [TEST_STEP][PASSED] - username = findTestData(dataFile).getValue("UsernameDemo", row): null

2023-02-28 18:56:25 - [TEST_STEP][PASSED] - password = findTestData(dataFile).getValue("PasswordDemo", row): null

2023-02-28 18:56:25 - [TEST_STEP][PASSED] - break: null

2023-02-28 18:56:25 - [TEST_STEP][PASSED] - if (ExecuteTC.equalsIgnoreCase("Y")): null

2023-02-28 18:56:25 - [TEST_STEP][PASSED] - out.println("Begin Record Number: " + row): null

2023-02-28 18:56:25 - [TEST_STEP][PASSED] - today = new java.util.Date(): null

2023-02-28 18:56:25 - [TEST_STEP][PASSED] - println(today): null

2023-02-28 18:56:25 - [TEST_STEP][PASSED] - datText = today: null

2023-02-28 18:56:25 - [TEST_STEP][PASSED] - checkType = findTestData(dataFile).getValue("CheckType", row): null

2023-02-28 18:56:25 - [TEST_STEP][PASSED] - acNumber = findTestData(dataFile).getValue("AcNumber", row): null

2023-02-28 18:56:25 - [TEST_STEP][PASSED] - company = findTestData(dataFile).getValue("Company", row): null

2023-02-28 18:56:25 - [TEST_STEP][PASSED] - acType = findTestData(dataFile).getValue("AcType", row): null

2023-02-28 18:56:25 - [TEST_STEP][PASSED] - rtn = findTestData(dataFile).getValue("RTN", row): null

2023-02-28 18:56:25 - [TEST_STEP][PASSED] - amount = findTestData(dataFile).getValue("Amount", row): null

2023-02-28 18:56:25 - [TEST_STEP][PASSED] - sec = findTestData(dataFile).getValue("SEC", row): null

2023-02-28 18:56:25 - [TEST_STEP][PASSED] - openBrowser(VLinkURL + "debit.html"): Browser is opened with url: 'https://dev-algorithm.govolution.com/vlinktest/demo2/version_2_0/debit.html'

2023-02-28 18:56:25 - [MESSAGE][WARNING] - A browser is already opened. Closing browser and opening a new one

2023-02-28 18:56:26 - [MESSAGE][INFO] - Starting 'Chrome' driver

2023-02-28 18:56:26 - [MESSAGE][INFO] - User set preference: ['acceptInsecureCerts', 'true']

2023-02-28 18:56:26 - [MESSAGE][INFO] - Action delay is set to 0 milliseconds

2023-02-28 18:56:28 - [MESSAGE][PASSED] - Browser is opened with url: 'https://dev-algorithm.govolution.com/vlinktest/demo2/version_2_0/debit.html'

2023-02-28 18:56:28 - [TEST_STEP][PASSED] - maximizeWindow(): Current window maximized

2023-02-28 18:56:28 - [MESSAGE][PASSED] - Current window maximized

2023-02-28 18:56:28 - [TEST_STEP][PASSED] - genRemID1 = random() * 99999).toInteger(): null

2023-02-28 18:56:28 - [TEST_STEP][PASSED] - genRemID2 = random() * 99999).toInteger(): null

2023-02-28 18:56:28 - [TEST_STEP][PASSED] - genRemID3 = random() * 99999).toInteger(): null

2023-02-28 18:56:28 - [TEST_STEP][PASSED] - println(genRemID1): null

2023-02-28 18:56:28 - [TEST_STEP][PASSED] - println(genRemID2): null

2023-02-28 18:56:28 - [TEST_STEP][PASSED] - println(genRemID3): null

2023-02-28 18:56:28 - [TEST_STEP][PASSED] - genRemID = genRemID1 + "|" + genRemID2 + "|" + genRemID3: null

2023-02-28 18:56:28 - [TEST_STEP][PASSED] - println(genRemID): null

2023-02-28 18:56:28 - [TEST_STEP][PASSED] - setText(findTestObject("RecAndPlayBk/Page-Vlink-Debit/input_Remittance Id"), genRemID): Text '93962|1497|73507' is set on object 'Object Repository/RecAndPlayBk/Page-Vlink-Debit/input_Remittance Id'

2023-02-28 18:56:29 - [MESSAGE][PASSED] - Text '93962|1497|73507' is set on object 'Object Repository/RecAndPlayBk/Page-Vlink-Debit/input_Remittance Id'

2023-02-28 18:56:29 - [TEST_STEP][PASSED] - setText(findTestObject("RecAndPlayBk/Page-Vlink-Debit/input_Application Id"), appID): Text '1773' is set on object 'Object Repository/RecAndPlayBk/Page-Vlink-Debit/input_Application Id'

2023-02-28 18:56:30 - [MESSAGE][PASSED] - Text '1773' is set on object 'Object Repository/RecAndPlayBk/Page-Vlink-Debit/input_Application Id'

2023-02-28 18:56:30 - [TEST_STEP][PASSED] - setText(findTestObject("RecAndPlayBk/Page-Vlink-Debit/input_Username"), username): Text 'Qq2BV1qtr' is set on object 'Object Repository/RecAndPlayBk/Page-Vlink-Debit/input_Username'

2023-02-28 18:56:30 - [MESSAGE][PASSED] - Text 'Qq2BV1qtr' is set on object 'Object Repository/RecAndPlayBk/Page-Vlink-Debit/input_Username'

2023-02-28 18:56:30 - [TEST_STEP][PASSED] - setText(findTestObject("RecAndPlayBk/Page-Vlink-Debit/input_Password"), password): Text 'tUmWBiLUx' is set on object 'Object Repository/RecAndPlayBk/Page-Vlink-Debit/input_Password'

2023-02-28 18:56:31 - [MESSAGE][PASSED] - Text 'tUmWBiLUx' is set on object 'Object Repository/RecAndPlayBk/Page-Vlink-Debit/input_Password'

2023-02-28 18:56:31 - [TEST_STEP][PASSED] - setText(findTestObject("RecAndPlayBk/Page-Vlink-Debit/input_Check Type"), checkType): Text 'P' is set on object 'Object Repository/RecAndPlayBk/Page-Vlink-Debit/input_Check Type'

2023-02-28 18:56:32 - [MESSAGE][PASSED] - Text 'P' is set on object 'Object Repository/RecAndPlayBk/Page-Vlink-Debit/input_Check Type'

2023-02-28 18:56:32 - [TEST_STEP][PASSED] - setText(findTestObject("RecAndPlayBk/Page-Vlink-Debit/input_Account_check"), acNumber): Text '58963214' is set on object 'Object Repository/RecAndPlayBk/Page-Vlink-Debit/input_Account_check'

2023-02-28 18:56:32 - [MESSAGE][PASSED] - Text '58963214' is set on object 'Object Repository/RecAndPlayBk/Page-Vlink-Debit/input_Account_check'

2023-02-28 18:56:32 - [TEST_STEP][PASSED] - setText(findTestObject("RecAndPlayBk/Page-Vlink-Debit/input_Company_check"), company): Text '' is set on object 'Object Repository/RecAndPlayBk/Page-Vlink-Debit/input_Company_check'

2023-02-28 18:56:33 - [MESSAGE][PASSED] - Text '' is set on object 'Object Repository/RecAndPlayBk/Page-Vlink-Debit/input_Company_check'

2023-02-28 18:56:33 - [TEST_STEP][PASSED] - setText(findTestObject("RecAndPlayBk/Page-Vlink-Debit/input_Account Type"), acType): Text '2' is set on object 'Object Repository/RecAndPlayBk/Page-Vlink-Debit/input_Account Type'

2023-02-28 18:56:33 - [MESSAGE][PASSED] - Text '2' is set on object 'Object Repository/RecAndPlayBk/Page-Vlink-Debit/input_Account Type'

2023-02-28 18:56:33 - [TEST_STEP][PASSED] - setText(findTestObject("RecAndPlayBk/Page-Vlink-Debit/input_Routing Number"), rtn): Text '256072691' is set on object 'Object Repository/RecAndPlayBk/Page-Vlink-Debit/input_Routing Number'

2023-02-28 18:56:34 - [MESSAGE][PASSED] - Text '256072691' is set on object 'Object Repository/RecAndPlayBk/Page-Vlink-Debit/input_Routing Number'

2023-02-28 18:56:34 - [TEST_STEP][PASSED] - setText(findTestObject("RecAndPlayBk/Page-Vlink-Debit/input_Amount"), amount): Text '12.50' is set on object 'Object Repository/RecAndPlayBk/Page-Vlink-Debit/input_Amount'

2023-02-28 18:56:35 - [MESSAGE][PASSED] - Text '12.50' is set on object 'Object Repository/RecAndPlayBk/Page-Vlink-Debit/input_Amount'

2023-02-28 18:56:35 - [TEST_STEP][PASSED] - setText(findTestObject("RecAndPlayBk/Page-Vlink-Debit/input_Check Email"), ""): Text '' is set on object 'Object Repository/RecAndPlayBk/Page-Vlink-Debit/input_Check Email'

2023-02-28 18:56:35 - [MESSAGE][PASSED] - Text '' is set on object 'Object Repository/RecAndPlayBk/Page-Vlink-Debit/input_Check Email'

2023-02-28 18:56:35 - [TEST_STEP][PASSED] - setText(findTestObject("Object Repository/RecAndPlayBk/Page-Vlink-Debit/input_concat(CheckWriter, , s SSN)_check_ssn"), ""): Text '' is set on object 'Object Repository/RecAndPlayBk/Page-Vlink-Debit/input_concat(CheckWriter, , s SSN)_check_ssn'

2023-02-28 18:56:36 - [MESSAGE][PASSED] - Text '' is set on object 'Object Repository/RecAndPlayBk/Page-Vlink-Debit/input_concat(CheckWriter, , s SSN)_check_ssn'

2023-02-28 18:56:36 - [TEST_STEP][PASSED] - setText(findTestObject("Object Repository/RecAndPlayBk/Page-Vlink-Debit/input_concat(CheckWriter, , s License Numbe_020fef"), ""): Text '' is set on object 'Object Repository/RecAndPlayBk/Page-Vlink-Debit/input_concat(CheckWriter, , s License Numbe_020fef'

2023-02-28 18:56:37 - [MESSAGE][PASSED] - Text '' is set on object 'Object Repository/RecAndPlayBk/Page-Vlink-Debit/input_concat(CheckWriter, , s License Numbe_020fef'

2023-02-28 18:56:37 - [TEST_STEP][PASSED] - setText(findTestObject("Object Repository/RecAndPlayBk/Page-Vlink-Debit/input_concat(CheckWriter, , s License State_21e3e7"), ""): Text '' is set on object 'Object Repository/RecAndPlayBk/Page-Vlink-Debit/input_concat(CheckWriter, , s License State_21e3e7'

2023-02-28 18:56:37 - [MESSAGE][PASSED] - Text '' is set on object 'Object Repository/RecAndPlayBk/Page-Vlink-Debit/input_concat(CheckWriter, , s License State_21e3e7'

2023-02-28 18:56:37 - [TEST_STEP][PASSED] - setText(findTestObject("RecAndPlayBk/Page-Vlink-Debit/input_Standard Entry Class"), sec): Text 'PPD' is set on object 'Object Repository/RecAndPlayBk/Page-Vlink-Debit/input_Standard Entry Class'

2023-02-28 18:56:38 - [MESSAGE][PASSED] - Text 'PPD' is set on object 'Object Repository/RecAndPlayBk/Page-Vlink-Debit/input_Standard Entry Class'

2023-02-28 18:56:38 - [TEST_STEP][PASSED] - click(findTestObject("Object Repository/RecAndPlayBk/Page-Vlink-Debit/input")): Object: 'Object Repository/RecAndPlayBk/Page-Vlink-Debit/input' is clicked on

2023-02-28 18:56:39 - [MESSAGE][PASSED] - Object: 'Object Repository/RecAndPlayBk/Page-Vlink-Debit/input' is clicked on

2023-02-28 18:56:39 - [TEST_STEP][PASSED] - if (verifyTextPresent("Transaction approved, no errors", true)): null

2023-02-28 18:56:39 - [MESSAGE][PASSED] - Text 'Transaction approved, no errors' is present on page  using regular expression

2023-02-28 18:56:39 - [TEST_STEP][PASSED] - println("Transaction Approved, no errors text is present on the Confirmation page"): null

2023-02-28 18:56:39 - [TEST_STEP][PASSED] - sdfo = getText(findTestObject("Object Repository/Page_VLinkReceipt/pre_STX")): Text of object 'Object Repository/Page_VLinkReceipt/pre_STX' is: '<STX>93962|1497|73507              2920892             0  Transaction approved, no errors                   0                                                                                                              <ETX>'

2023-02-28 18:56:39 - [MESSAGE][PASSED] - Text of object 'Object Repository/Page_VLinkReceipt/pre_STX' is: '<STX>93962|1497|73507              2920892             0  Transaction approved, no errors                   0                                                                                                              <ETX>'

2023-02-28 18:56:39 - [TEST_STEP][PASSED] - out.println("sdfo: " + sdfo): null

2023-02-28 18:56:39 - [TEST_STEP][PASSED] - remID = substring(5, 35).trim(): null

2023-02-28 18:56:39 - [TEST_STEP][PASSED] - out.println("remID: " + remID): null

2023-02-28 18:56:39 - [TEST_STEP][PASSED] - traxID = substring(35, 55).trim(): null

2023-02-28 18:56:39 - [TEST_STEP][PASSED] - out.println("traxID: " + traxID): null

2023-02-28 18:56:39 - [TEST_STEP][PASSED] - VLinkSaleRemID = remID: null

2023-02-28 18:56:39 - [TEST_STEP][PASSED] - VLinkSaleTranxID = traxID: null

2023-02-28 18:56:39 - [TEST_STEP][PASSED] - openBrowser(VLinkURL + "ACH_void.html"): Browser is opened with url: 'https://dev-algorithm.govolution.com/vlinktest/demo2/version_2_0/ACH_void.html'

2023-02-28 18:56:39 - [MESSAGE][WARNING] - A browser is already opened. Closing browser and opening a new one

2023-02-28 18:56:40 - [MESSAGE][INFO] - Starting 'Chrome' driver

2023-02-28 18:56:40 - [MESSAGE][INFO] - User set preference: ['acceptInsecureCerts', 'true']

2023-02-28 18:56:40 - [MESSAGE][INFO] - Action delay is set to 0 milliseconds

2023-02-28 18:56:42 - [MESSAGE][PASSED] - Browser is opened with url: 'https://dev-algorithm.govolution.com/vlinktest/demo2/version_2_0/ACH_void.html'

2023-02-28 18:56:42 - [TEST_STEP][PASSED] - maximizeWindow(): Current window maximized

2023-02-28 18:56:42 - [MESSAGE][PASSED] - Current window maximized

2023-02-28 18:56:42 - [TEST_STEP][PASSED] - setText(findTestObject("Object Repository/RecAndPlayBk/Page-Vlink-ACH-Void/input_Remittance Id"), VLinkSaleRemID): Text '93962|1497|73507' is set on object 'Object Repository/RecAndPlayBk/Page-Vlink-ACH-Void/input_Remittance Id'

2023-02-28 18:56:43 - [MESSAGE][PASSED] - Text '93962|1497|73507' is set on object 'Object Repository/RecAndPlayBk/Page-Vlink-ACH-Void/input_Remittance Id'

2023-02-28 18:56:43 - [TEST_STEP][PASSED] - setText(findTestObject("Object Repository/RecAndPlayBk/Page-Vlink-ACH-Void/input_Application Id"), appID): Text '1773' is set on object 'Object Repository/RecAndPlayBk/Page-Vlink-ACH-Void/input_Application Id'

2023-02-28 18:56:43 - [MESSAGE][PASSED] - Text '1773' is set on object 'Object Repository/RecAndPlayBk/Page-Vlink-ACH-Void/input_Application Id'

2023-02-28 18:56:43 - [TEST_STEP][PASSED] - setText(findTestObject("Object Repository/RecAndPlayBk/Page-Vlink-ACH-Void/input_Username"), username): Text 'Qq2BV1qtr' is set on object 'Object Repository/RecAndPlayBk/Page-Vlink-ACH-Void/input_Username'

2023-02-28 18:56:44 - [MESSAGE][PASSED] - Text 'Qq2BV1qtr' is set on object 'Object Repository/RecAndPlayBk/Page-Vlink-ACH-Void/input_Username'

2023-02-28 18:56:44 - [TEST_STEP][PASSED] - setText(findTestObject("Object Repository/RecAndPlayBk/Page-Vlink-ACH-Void/input_Password"), password): Text 'tUmWBiLUx' is set on object 'Object Repository/RecAndPlayBk/Page-Vlink-ACH-Void/input_Password'

2023-02-28 18:56:45 - [MESSAGE][PASSED] - Text 'tUmWBiLUx' is set on object 'Object Repository/RecAndPlayBk/Page-Vlink-ACH-Void/input_Password'

2023-02-28 18:56:45 - [TEST_STEP][PASSED] - setText(findTestObject("Object Repository/RecAndPlayBk/Page-Vlink-ACH-Void/input_Check Type"), checkType): Text 'P' is set on object 'Object Repository/RecAndPlayBk/Page-Vlink-ACH-Void/input_Check Type'

2023-02-28 18:56:45 - [MESSAGE][PASSED] - Text 'P' is set on object 'Object Repository/RecAndPlayBk/Page-Vlink-ACH-Void/input_Check Type'

2023-02-28 18:56:45 - [TEST_STEP][PASSED] - setText(findTestObject("Object Repository/RecAndPlayBk/Page-Vlink-ACH-Void/input_Standard Entry Class"), sec): Text 'PPD' is set on object 'Object Repository/RecAndPlayBk/Page-Vlink-ACH-Void/input_Standard Entry Class'

2023-02-28 18:56:46 - [MESSAGE][PASSED] - Text 'PPD' is set on object 'Object Repository/RecAndPlayBk/Page-Vlink-ACH-Void/input_Standard Entry Class'

2023-02-28 18:56:46 - [TEST_STEP][PASSED] - setText(findTestObject("Object Repository/RecAndPlayBk/Page-Vlink-ACH-Void/input_Transaction ID"), VLinkSaleTranxID): Text '2920892' is set on object 'Object Repository/RecAndPlayBk/Page-Vlink-ACH-Void/input_Transaction ID'

2023-02-28 18:56:47 - [MESSAGE][PASSED] - Text '2920892' is set on object 'Object Repository/RecAndPlayBk/Page-Vlink-ACH-Void/input_Transaction ID'

2023-02-28 18:56:47 - [TEST_STEP][PASSED] - setText(findTestObject("Object Repository/RecAndPlayBk/Page-Vlink-ACH-Void/input_Original Transaction Type"), "200"): Text '200' is set on object 'Object Repository/RecAndPlayBk/Page-Vlink-ACH-Void/input_Original Transaction Type'

2023-02-28 18:56:47 - [MESSAGE][PASSED] - Text '200' is set on object 'Object Repository/RecAndPlayBk/Page-Vlink-ACH-Void/input_Original Transaction Type'

2023-02-28 18:56:47 - [TEST_STEP][PASSED] - click(findTestObject("Object Repository/RecAndPlayBk/Page-Vlink-ACH-Void/input")): Object: 'Object Repository/RecAndPlayBk/Page-Vlink-ACH-Void/input' is clicked on

2023-02-28 18:56:48 - [MESSAGE][PASSED] - Object: 'Object Repository/RecAndPlayBk/Page-Vlink-ACH-Void/input' is clicked on

2023-02-28 18:56:48 - [TEST_STEP][PASSED] - if (verifyTextPresent("Transaction approved, no errors", true)): null

2023-02-28 18:56:48 - [MESSAGE][PASSED] - Text 'Transaction approved, no errors' is present on page  using regular expression

2023-02-28 18:56:48 - [TEST_STEP][PASSED] - println("Transaction Approved, no errors text is present on the Confirmation page"): null

2023-02-28 18:56:48 - [TEST_STEP][PASSED] - out.println("Pass Record Number: " + row): null

2023-02-28 18:56:48 - [TEST_STEP][PASSED] - resText = "Pass": null

2023-02-28 18:56:48 - [TEST_STEP][PASSED] - pages.WriteExcel.demoKey(resText, datText, resColumn, datCloumn, fileLoc, nameSheet, row): pages.WriteExcel.demoKey is PASSED

2023-02-28 18:56:48 - [MESSAGE][PASSED] - pages.WriteExcel.demoKey is PASSED

2023-02-28 18:56:48 - [TEST_STEP][PASSED] - ExecuteTC = findTestData(dataFile).getValue("Execute", row): null

2023-02-28 18:56:48 - [TEST_STEP][PASSED] - out.println("Value of Execute is : " + ExecuteTC): null

2023-02-28 18:56:48 - [TEST_STEP][PASSED] - switch (executionProfile): null

2023-02-28 18:56:48 - [TEST_STEP][PASSED] - case "Demo2Profile":: null

2023-02-28 18:56:48 - [TEST_STEP][PASSED] - appID = findTestData(dataFile).getValue("AppIDDemo", row): null

2023-02-28 18:56:48 - [TEST_STEP][PASSED] - username = findTestData(dataFile).getValue("UsernameDemo", row): null

2023-02-28 18:56:48 - [TEST_STEP][PASSED] - password = findTestData(dataFile).getValue("PasswordDemo", row): null

2023-02-28 18:56:49 - [TEST_STEP][PASSED] - break: null

2023-02-28 18:56:49 - [TEST_STEP][PASSED] - if (ExecuteTC.equalsIgnoreCase("Y")): null

2023-02-28 18:56:49 - [TEST_STEP][PASSED] - out.println("Begin Record Number: " + row): null

2023-02-28 18:56:49 - [TEST_STEP][PASSED] - today = new java.util.Date(): null

2023-02-28 18:56:49 - [TEST_STEP][PASSED] - println(today): null

2023-02-28 18:56:49 - [TEST_STEP][PASSED] - datText = today: null

2023-02-28 18:56:49 - [TEST_STEP][PASSED] - checkType = findTestData(dataFile).getValue("CheckType", row): null

2023-02-28 18:56:49 - [TEST_STEP][PASSED] - acNumber = findTestData(dataFile).getValue("AcNumber", row): null

2023-02-28 18:56:49 - [TEST_STEP][PASSED] - company = findTestData(dataFile).getValue("Company", row): null

2023-02-28 18:56:49 - [TEST_STEP][PASSED] - acType = findTestData(dataFile).getValue("AcType", row): null

2023-02-28 18:56:49 - [TEST_STEP][PASSED] - rtn = findTestData(dataFile).getValue("RTN", row): null

2023-02-28 18:56:49 - [TEST_STEP][PASSED] - amount = findTestData(dataFile).getValue("Amount", row): null

2023-02-28 18:56:49 - [TEST_STEP][PASSED] - sec = findTestData(dataFile).getValue("SEC", row): null

2023-02-28 18:56:49 - [TEST_STEP][PASSED] - openBrowser(VLinkURL + "debit.html"): Browser is opened with url: 'https://dev-algorithm.govolution.com/vlinktest/demo2/version_2_0/debit.html'

2023-02-28 18:56:49 - [MESSAGE][WARNING] - A browser is already opened. Closing browser and opening a new one

2023-02-28 18:56:50 - [MESSAGE][INFO] - Starting 'Chrome' driver

2023-02-28 18:56:50 - [MESSAGE][INFO] - User set preference: ['acceptInsecureCerts', 'true']

2023-02-28 18:56:50 - [MESSAGE][INFO] - Action delay is set to 0 milliseconds

2023-02-28 18:56:52 - [MESSAGE][PASSED] - Browser is opened with url: 'https://dev-algorithm.govolution.com/vlinktest/demo2/version_2_0/debit.html'

2023-02-28 18:56:52 - [TEST_STEP][PASSED] - maximizeWindow(): Current window maximized

2023-02-28 18:56:52 - [MESSAGE][PASSED] - Current window maximized

2023-02-28 18:56:52 - [TEST_STEP][PASSED] - genRemID1 = random() * 99999).toInteger(): null

2023-02-28 18:56:52 - [TEST_STEP][PASSED] - genRemID2 = random() * 99999).toInteger(): null

2023-02-28 18:56:52 - [TEST_STEP][PASSED] - genRemID3 = random() * 99999).toInteger(): null

2023-02-28 18:56:52 - [TEST_STEP][PASSED] - println(genRemID1): null

2023-02-28 18:56:52 - [TEST_STEP][PASSED] - println(genRemID2): null

2023-02-28 18:56:52 - [TEST_STEP][PASSED] - println(genRemID3): null

2023-02-28 18:56:52 - [TEST_STEP][PASSED] - genRemID = genRemID1 + "|" + genRemID2 + "|" + genRemID3: null

2023-02-28 18:56:52 - [TEST_STEP][PASSED] - println(genRemID): null

2023-02-28 18:56:52 - [TEST_STEP][PASSED] - setText(findTestObject("RecAndPlayBk/Page-Vlink-Debit/input_Remittance Id"), genRemID): Text '27649|21991|64917' is set on object 'Object Repository/RecAndPlayBk/Page-Vlink-Debit/input_Remittance Id'

2023-02-28 18:56:53 - [MESSAGE][PASSED] - Text '27649|21991|64917' is set on object 'Object Repository/RecAndPlayBk/Page-Vlink-Debit/input_Remittance Id'

2023-02-28 18:56:53 - [TEST_STEP][PASSED] - setText(findTestObject("RecAndPlayBk/Page-Vlink-Debit/input_Application Id"), appID): Text '1773' is set on object 'Object Repository/RecAndPlayBk/Page-Vlink-Debit/input_Application Id'

2023-02-28 18:56:53 - [MESSAGE][PASSED] - Text '1773' is set on object 'Object Repository/RecAndPlayBk/Page-Vlink-Debit/input_Application Id'

2023-02-28 18:56:53 - [TEST_STEP][PASSED] - setText(findTestObject("RecAndPlayBk/Page-Vlink-Debit/input_Username"), username): Text 'Qq2BV1qtr' is set on object 'Object Repository/RecAndPlayBk/Page-Vlink-Debit/input_Username'

2023-02-28 18:56:54 - [MESSAGE][PASSED] - Text 'Qq2BV1qtr' is set on object 'Object Repository/RecAndPlayBk/Page-Vlink-Debit/input_Username'

2023-02-28 18:56:54 - [TEST_STEP][PASSED] - setText(findTestObject("RecAndPlayBk/Page-Vlink-Debit/input_Password"), password): Text 'tUmWBiLUx' is set on object 'Object Repository/RecAndPlayBk/Page-Vlink-Debit/input_Password'

2023-02-28 18:56:55 - [MESSAGE][PASSED] - Text 'tUmWBiLUx' is set on object 'Object Repository/RecAndPlayBk/Page-Vlink-Debit/input_Password'

2023-02-28 18:56:55 - [TEST_STEP][PASSED] - setText(findTestObject("RecAndPlayBk/Page-Vlink-Debit/input_Check Type"), checkType): Text 'C' is set on object 'Object Repository/RecAndPlayBk/Page-Vlink-Debit/input_Check Type'

2023-02-28 18:56:55 - [MESSAGE][PASSED] - Text 'C' is set on object 'Object Repository/RecAndPlayBk/Page-Vlink-Debit/input_Check Type'

2023-02-28 18:56:55 - [TEST_STEP][PASSED] - setText(findTestObject("RecAndPlayBk/Page-Vlink-Debit/input_Account_check"), acNumber): Text '58963214' is set on object 'Object Repository/RecAndPlayBk/Page-Vlink-Debit/input_Account_check'

2023-02-28 18:56:56 - [MESSAGE][PASSED] - Text '58963214' is set on object 'Object Repository/RecAndPlayBk/Page-Vlink-Debit/input_Account_check'

2023-02-28 18:56:56 - [TEST_STEP][PASSED] - setText(findTestObject("RecAndPlayBk/Page-Vlink-Debit/input_Company_check"), company): Text 'My Company' is set on object 'Object Repository/RecAndPlayBk/Page-Vlink-Debit/input_Company_check'

2023-02-28 18:56:57 - [MESSAGE][PASSED] - Text 'My Company' is set on object 'Object Repository/RecAndPlayBk/Page-Vlink-Debit/input_Company_check'

2023-02-28 18:56:57 - [TEST_STEP][PASSED] - setText(findTestObject("RecAndPlayBk/Page-Vlink-Debit/input_Account Type"), acType): Text '' is set on object 'Object Repository/RecAndPlayBk/Page-Vlink-Debit/input_Account Type'

2023-02-28 18:56:57 - [MESSAGE][PASSED] - Text '' is set on object 'Object Repository/RecAndPlayBk/Page-Vlink-Debit/input_Account Type'

2023-02-28 18:56:57 - [TEST_STEP][PASSED] - setText(findTestObject("RecAndPlayBk/Page-Vlink-Debit/input_Routing Number"), rtn): Text '256072691' is set on object 'Object Repository/RecAndPlayBk/Page-Vlink-Debit/input_Routing Number'

2023-02-28 18:56:58 - [MESSAGE][PASSED] - Text '256072691' is set on object 'Object Repository/RecAndPlayBk/Page-Vlink-Debit/input_Routing Number'

2023-02-28 18:56:58 - [TEST_STEP][PASSED] - setText(findTestObject("RecAndPlayBk/Page-Vlink-Debit/input_Amount"), amount): Text '12.50' is set on object 'Object Repository/RecAndPlayBk/Page-Vlink-Debit/input_Amount'

2023-02-28 18:56:58 - [MESSAGE][PASSED] - Text '12.50' is set on object 'Object Repository/RecAndPlayBk/Page-Vlink-Debit/input_Amount'

2023-02-28 18:56:58 - [TEST_STEP][PASSED] - setText(findTestObject("RecAndPlayBk/Page-Vlink-Debit/input_Check Email"), ""): Text '' is set on object 'Object Repository/RecAndPlayBk/Page-Vlink-Debit/input_Check Email'

2023-02-28 18:56:59 - [MESSAGE][PASSED] - Text '' is set on object 'Object Repository/RecAndPlayBk/Page-Vlink-Debit/input_Check Email'

2023-02-28 18:56:59 - [TEST_STEP][PASSED] - setText(findTestObject("Object Repository/RecAndPlayBk/Page-Vlink-Debit/input_concat(CheckWriter, , s SSN)_check_ssn"), ""): Text '' is set on object 'Object Repository/RecAndPlayBk/Page-Vlink-Debit/input_concat(CheckWriter, , s SSN)_check_ssn'

2023-02-28 18:57:00 - [MESSAGE][PASSED] - Text '' is set on object 'Object Repository/RecAndPlayBk/Page-Vlink-Debit/input_concat(CheckWriter, , s SSN)_check_ssn'

2023-02-28 18:57:00 - [TEST_STEP][PASSED] - setText(findTestObject("Object Repository/RecAndPlayBk/Page-Vlink-Debit/input_concat(CheckWriter, , s License Numbe_020fef"), ""): Text '' is set on object 'Object Repository/RecAndPlayBk/Page-Vlink-Debit/input_concat(CheckWriter, , s License Numbe_020fef'

2023-02-28 18:57:00 - [MESSAGE][PASSED] - Text '' is set on object 'Object Repository/RecAndPlayBk/Page-Vlink-Debit/input_concat(CheckWriter, , s License Numbe_020fef'

2023-02-28 18:57:00 - [TEST_STEP][PASSED] - setText(findTestObject("Object Repository/RecAndPlayBk/Page-Vlink-Debit/input_concat(CheckWriter, , s License State_21e3e7"), ""): Text '' is set on object 'Object Repository/RecAndPlayBk/Page-Vlink-Debit/input_concat(CheckWriter, , s License State_21e3e7'

2023-02-28 18:57:01 - [MESSAGE][PASSED] - Text '' is set on object 'Object Repository/RecAndPlayBk/Page-Vlink-Debit/input_concat(CheckWriter, , s License State_21e3e7'

2023-02-28 18:57:01 - [TEST_STEP][PASSED] - setText(findTestObject("RecAndPlayBk/Page-Vlink-Debit/input_Standard Entry Class"), sec): Text 'CCD' is set on object 'Object Repository/RecAndPlayBk/Page-Vlink-Debit/input_Standard Entry Class'

2023-02-28 18:57:02 - [MESSAGE][PASSED] - Text 'CCD' is set on object 'Object Repository/RecAndPlayBk/Page-Vlink-Debit/input_Standard Entry Class'

2023-02-28 18:57:02 - [TEST_STEP][PASSED] - click(findTestObject("Object Repository/RecAndPlayBk/Page-Vlink-Debit/input")): Object: 'Object Repository/RecAndPlayBk/Page-Vlink-Debit/input' is clicked on

2023-02-28 18:57:02 - [MESSAGE][PASSED] - Object: 'Object Repository/RecAndPlayBk/Page-Vlink-Debit/input' is clicked on

2023-02-28 18:57:02 - [TEST_STEP][PASSED] - if (verifyTextPresent("Transaction approved, no errors", true)): null

2023-02-28 18:57:03 - [MESSAGE][PASSED] - Text 'Transaction approved, no errors' is present on page  using regular expression

2023-02-28 18:57:03 - [TEST_STEP][PASSED] - println("Transaction Approved, no errors text is present on the Confirmation page"): null

2023-02-28 18:57:03 - [TEST_STEP][PASSED] - sdfo = getText(findTestObject("Object Repository/Page_VLinkReceipt/pre_STX")): Text of object 'Object Repository/Page_VLinkReceipt/pre_STX' is: '<STX>27649|21991|64917             2920894             0  Transaction approved, no errors                   0                                                                                                              <ETX>'

2023-02-28 18:57:03 - [MESSAGE][PASSED] - Text of object 'Object Repository/Page_VLinkReceipt/pre_STX' is: '<STX>27649|21991|64917             2920894             0  Transaction approved, no errors                   0                                                                                                              <ETX>'

2023-02-28 18:57:03 - [TEST_STEP][PASSED] - out.println("sdfo: " + sdfo): null

2023-02-28 18:57:03 - [TEST_STEP][PASSED] - remID = substring(5, 35).trim(): null

2023-02-28 18:57:03 - [TEST_STEP][PASSED] - out.println("remID: " + remID): null

2023-02-28 18:57:03 - [TEST_STEP][PASSED] - traxID = substring(35, 55).trim(): null

2023-02-28 18:57:03 - [TEST_STEP][PASSED] - out.println("traxID: " + traxID): null

2023-02-28 18:57:03 - [TEST_STEP][PASSED] - VLinkSaleRemID = remID: null

2023-02-28 18:57:03 - [TEST_STEP][PASSED] - VLinkSaleTranxID = traxID: null

2023-02-28 18:57:03 - [TEST_STEP][PASSED] - openBrowser(VLinkURL + "ACH_void.html"): Browser is opened with url: 'https://dev-algorithm.govolution.com/vlinktest/demo2/version_2_0/ACH_void.html'

2023-02-28 18:57:03 - [MESSAGE][WARNING] - A browser is already opened. Closing browser and opening a new one

2023-02-28 18:57:04 - [MESSAGE][INFO] - Starting 'Chrome' driver

2023-02-28 18:57:04 - [MESSAGE][INFO] - User set preference: ['acceptInsecureCerts', 'true']

2023-02-28 18:57:04 - [MESSAGE][INFO] - Action delay is set to 0 milliseconds

2023-02-28 18:57:06 - [MESSAGE][PASSED] - Browser is opened with url: 'https://dev-algorithm.govolution.com/vlinktest/demo2/version_2_0/ACH_void.html'

2023-02-28 18:57:06 - [TEST_STEP][PASSED] - maximizeWindow(): Current window maximized

2023-02-28 18:57:06 - [MESSAGE][PASSED] - Current window maximized

2023-02-28 18:57:06 - [TEST_STEP][PASSED] - setText(findTestObject("Object Repository/RecAndPlayBk/Page-Vlink-ACH-Void/input_Remittance Id"), VLinkSaleRemID): Text '27649|21991|64917' is set on object 'Object Repository/RecAndPlayBk/Page-Vlink-ACH-Void/input_Remittance Id'

2023-02-28 18:57:07 - [MESSAGE][PASSED] - Text '27649|21991|64917' is set on object 'Object Repository/RecAndPlayBk/Page-Vlink-ACH-Void/input_Remittance Id'

2023-02-28 18:57:07 - [TEST_STEP][PASSED] - setText(findTestObject("Object Repository/RecAndPlayBk/Page-Vlink-ACH-Void/input_Application Id"), appID): Text '1773' is set on object 'Object Repository/RecAndPlayBk/Page-Vlink-ACH-Void/input_Application Id'

2023-02-28 18:57:07 - [MESSAGE][PASSED] - Text '1773' is set on object 'Object Repository/RecAndPlayBk/Page-Vlink-ACH-Void/input_Application Id'

2023-02-28 18:57:07 - [TEST_STEP][PASSED] - setText(findTestObject("Object Repository/RecAndPlayBk/Page-Vlink-ACH-Void/input_Username"), username): Text 'Qq2BV1qtr' is set on object 'Object Repository/RecAndPlayBk/Page-Vlink-ACH-Void/input_Username'

2023-02-28 18:57:08 - [MESSAGE][PASSED] - Text 'Qq2BV1qtr' is set on object 'Object Repository/RecAndPlayBk/Page-Vlink-ACH-Void/input_Username'

2023-02-28 18:57:08 - [TEST_STEP][PASSED] - setText(findTestObject("Object Repository/RecAndPlayBk/Page-Vlink-ACH-Void/input_Password"), password): Text 'tUmWBiLUx' is set on object 'Object Repository/RecAndPlayBk/Page-Vlink-ACH-Void/input_Password'

2023-02-28 18:57:09 - [MESSAGE][PASSED] - Text 'tUmWBiLUx' is set on object 'Object Repository/RecAndPlayBk/Page-Vlink-ACH-Void/input_Password'

2023-02-28 18:57:09 - [TEST_STEP][PASSED] - setText(findTestObject("Object Repository/RecAndPlayBk/Page-Vlink-ACH-Void/input_Check Type"), checkType): Text 'C' is set on object 'Object Repository/RecAndPlayBk/Page-Vlink-ACH-Void/input_Check Type'

2023-02-28 18:57:09 - [MESSAGE][PASSED] - Text 'C' is set on object 'Object Repository/RecAndPlayBk/Page-Vlink-ACH-Void/input_Check Type'

2023-02-28 18:57:09 - [TEST_STEP][PASSED] - setText(findTestObject("Object Repository/RecAndPlayBk/Page-Vlink-ACH-Void/input_Standard Entry Class"), sec): Text 'CCD' is set on object 'Object Repository/RecAndPlayBk/Page-Vlink-ACH-Void/input_Standard Entry Class'

2023-02-28 18:57:10 - [MESSAGE][PASSED] - Text 'CCD' is set on object 'Object Repository/RecAndPlayBk/Page-Vlink-ACH-Void/input_Standard Entry Class'

2023-02-28 18:57:10 - [TEST_STEP][PASSED] - setText(findTestObject("Object Repository/RecAndPlayBk/Page-Vlink-ACH-Void/input_Transaction ID"), VLinkSaleTranxID): Text '2920894' is set on object 'Object Repository/RecAndPlayBk/Page-Vlink-ACH-Void/input_Transaction ID'

2023-02-28 18:57:10 - [MESSAGE][PASSED] - Text '2920894' is set on object 'Object Repository/RecAndPlayBk/Page-Vlink-ACH-Void/input_Transaction ID'

2023-02-28 18:57:10 - [TEST_STEP][PASSED] - setText(findTestObject("Object Repository/RecAndPlayBk/Page-Vlink-ACH-Void/input_Original Transaction Type"), "200"): Text '200' is set on object 'Object Repository/RecAndPlayBk/Page-Vlink-ACH-Void/input_Original Transaction Type'

2023-02-28 18:57:11 - [MESSAGE][PASSED] - Text '200' is set on object 'Object Repository/RecAndPlayBk/Page-Vlink-ACH-Void/input_Original Transaction Type'

2023-02-28 18:57:11 - [TEST_STEP][PASSED] - click(findTestObject("Object Repository/RecAndPlayBk/Page-Vlink-ACH-Void/input")): Object: 'Object Repository/RecAndPlayBk/Page-Vlink-ACH-Void/input' is clicked on

2023-02-28 18:57:12 - [MESSAGE][PASSED] - Object: 'Object Repository/RecAndPlayBk/Page-Vlink-ACH-Void/input' is clicked on

2023-02-28 18:57:12 - [TEST_STEP][PASSED] - if (verifyTextPresent("Transaction approved, no errors", true)): null

2023-02-28 18:57:12 - [MESSAGE][PASSED] - Text 'Transaction approved, no errors' is present on page  using regular expression

2023-02-28 18:57:12 - [TEST_STEP][PASSED] - println("Transaction Approved, no errors text is present on the Confirmation page"): null

2023-02-28 18:57:12 - [TEST_STEP][PASSED] - out.println("Pass Record Number: " + row): null

2023-02-28 18:57:12 - [TEST_STEP][PASSED] - resText = "Pass": null

2023-02-28 18:57:12 - [TEST_STEP][PASSED] - pages.WriteExcel.demoKey(resText, datText, resColumn, datCloumn, fileLoc, nameSheet, row): pages.WriteExcel.demoKey is PASSED

2023-02-28 18:57:12 - [MESSAGE][PASSED] - pages.WriteExcel.demoKey is PASSED]]></system-out>
         <system-err><![CDATA[]]></system-err>
      </testcase>
      <system-out><![CDATA[2023-02-28 18:18:23 - [TEST_SUITE][FAILED] - QA_Smoke_Test: Test Cases/RecAndPlayBk/VLink/AuthOnly FAILED.
Reason:
com.kms.katalon.core.exception.StepFailedException: Text 'Transaction approved, no errors' is not present on page  using regular expression (Root cause: com.kms.katalon.core.exception.StepFailedException: Text 'Transaction approved, no errors' is not present on page  using regular expression
	at com.kms.katalon.core.webui.keyword.internal.WebUIKeywordMain.stepFailed(WebUIKeywordMain.groovy:64)
	at com.kms.katalon.core.webui.keyword.builtin.VerifyTextPresentKeyword$_verifyTextPresent_closure1.doCall(VerifyTextPresentKeyword.groovy:79)
	at com.kms.katalon.core.webui.keyword.builtin.VerifyTextPresentKeyword$_verifyTextPresent_closure1.call(VerifyTextPresentKeyword.groovy)
	at com.kms.katalon.core.webui.keyword.internal.WebUIKeywordMain.runKeyword(WebUIKeywordMain.groovy:20)
	at com.kms.katalon.core.webui.keyword.builtin.VerifyTextPresentKeyword.verifyTextPresent(VerifyTextPresentKeyword.groovy:83)
	at com.kms.katalon.core.webui.keyword.builtin.VerifyTextPresentKeyword.execute(VerifyTextPresentKeyword.groovy:68)
	at com.kms.katalon.core.keyword.internal.KeywordExecutor.executeKeywordForPlatform(KeywordExecutor.groovy:74)
	at com.kms.katalon.core.webui.keyword.WebUiBuiltInKeywords.verifyTextPresent(WebUiBuiltInKeywords.groovy:1723)
	at com.kms.katalon.core.webui.keyword.WebUiBuiltInKeywords$verifyTextPresent$4.call(Unknown Source)
	at AuthOnly.run(AuthOnly:163)
	at com.kms.katalon.core.main.ScriptEngine.run(ScriptEngine.java:194)
	at com.kms.katalon.core.main.ScriptEngine.runScriptAsRawText(ScriptEngine.java:119)
	at com.kms.katalon.core.main.TestCaseExecutor.runScript(TestCaseExecutor.java:442)
	at com.kms.katalon.core.main.TestCaseExecutor.doExecute(TestCaseExecutor.java:433)
	at com.kms.katalon.core.main.TestCaseExecutor.processExecutionPhase(TestCaseExecutor.java:412)
	at com.kms.katalon.core.main.TestCaseExecutor.accessMainPhase(TestCaseExecutor.java:404)
	at com.kms.katalon.core.main.TestCaseExecutor.execute(TestCaseExecutor.java:281)
	at com.kms.katalon.core.main.TestSuiteExecutor.accessTestCaseMainPhase(TestSuiteExecutor.java:202)
	at com.kms.katalon.core.main.TestSuiteExecutor.accessTestSuiteMainPhase(TestSuiteExecutor.java:164)
	at com.kms.katalon.core.main.TestSuiteExecutor.execute(TestSuiteExecutor.java:105)
	at com.kms.katalon.core.main.TestCaseMain.startTestSuite(TestCaseMain.java:185)
	at com.kms.katalon.core.main.TestCaseMain$startTestSuite$0.call(Unknown Source)
	at TempTestSuite1677626298320.run(TempTestSuite1677626298320.groovy:36)
)
	at com.kms.katalon.core.keyword.internal.KeywordMain.stepFailed(KeywordMain.groovy:39)
	at com.kms.katalon.core.webui.keyword.internal.WebUIKeywordMain.stepFailed(WebUIKeywordMain.groovy:64)
	at com.kms.katalon.core.webui.keyword.builtin.VerifyTextPresentKeyword$_verifyTextPresent_closure1.doCall(VerifyTextPresentKeyword.groovy:79)
	at com.kms.katalon.core.webui.keyword.builtin.VerifyTextPresentKeyword$_verifyTextPresent_closure1.call(VerifyTextPresentKeyword.groovy)
	at com.kms.katalon.core.webui.keyword.internal.WebUIKeywordMain.runKeyword(WebUIKeywordMain.groovy:20)
	at com.kms.katalon.core.webui.keyword.builtin.VerifyTextPresentKeyword.verifyTextPresent(VerifyTextPresentKeyword.groovy:83)
	at com.kms.katalon.core.webui.keyword.builtin.VerifyTextPresentKeyword.execute(VerifyTextPresentKeyword.groovy:68)
	at com.kms.katalon.core.keyword.internal.KeywordExecutor.executeKeywordForPlatform(KeywordExecutor.groovy:74)
	at com.kms.katalon.core.webui.keyword.WebUiBuiltInKeywords.verifyTextPresent(WebUiBuiltInKeywords.groovy:1723)
	at com.kms.katalon.core.webui.keyword.WebUiBuiltInKeywords$verifyTextPresent$4.call(Unknown Source)
	at AuthOnly.run(AuthOnly:163)
	at com.kms.katalon.core.main.ScriptEngine.run(ScriptEngine.java:194)
	at com.kms.katalon.core.main.ScriptEngine.runScriptAsRawText(ScriptEngine.java:119)
	at com.kms.katalon.core.main.TestCaseExecutor.runScript(TestCaseExecutor.java:442)
	at com.kms.katalon.core.main.TestCaseExecutor.doExecute(TestCaseExecutor.java:433)
	at com.kms.katalon.core.main.TestCaseExecutor.processExecutionPhase(TestCaseExecutor.java:412)
	at com.kms.katalon.core.main.TestCaseExecutor.accessMainPhase(TestCaseExecutor.java:404)
	at com.kms.katalon.core.main.TestCaseExecutor.execute(TestCaseExecutor.java:281)
	at com.kms.katalon.core.main.TestSuiteExecutor.accessTestCaseMainPhase(TestSuiteExecutor.java:202)
	at com.kms.katalon.core.main.TestSuiteExecutor.accessTestSuiteMainPhase(TestSuiteExecutor.java:164)
	at com.kms.katalon.core.main.TestSuiteExecutor.execute(TestSuiteExecutor.java:105)
	at com.kms.katalon.core.main.TestCaseMain.startTestSuite(TestCaseMain.java:185)
	at com.kms.katalon.core.main.TestCaseMain$startTestSuite$0.call(Unknown Source)
	at TempTestSuite1677626298320.run(TempTestSuite1677626298320.groovy:36)
Caused by: com.kms.katalon.core.exception.StepFailedException: Text 'Transaction approved, no errors' is not present on page  using regular expression
	... 23 more]]></system-out>
      <system-err><![CDATA[2023-02-28 18:18:23 - [TEST_SUITE][FAILED] - QA_Smoke_Test: Test Cases/RecAndPlayBk/VLink/AuthOnly FAILED.
Reason:
com.kms.katalon.core.exception.StepFailedException: Text 'Transaction approved, no errors' is not present on page  using regular expression (Root cause: com.kms.katalon.core.exception.StepFailedException: Text 'Transaction approved, no errors' is not present on page  using regular expression
	at com.kms.katalon.core.webui.keyword.internal.WebUIKeywordMain.stepFailed(WebUIKeywordMain.groovy:64)
	at com.kms.katalon.core.webui.keyword.builtin.VerifyTextPresentKeyword$_verifyTextPresent_closure1.doCall(VerifyTextPresentKeyword.groovy:79)
	at com.kms.katalon.core.webui.keyword.builtin.VerifyTextPresentKeyword$_verifyTextPresent_closure1.call(VerifyTextPresentKeyword.groovy)
	at com.kms.katalon.core.webui.keyword.internal.WebUIKeywordMain.runKeyword(WebUIKeywordMain.groovy:20)
	at com.kms.katalon.core.webui.keyword.builtin.VerifyTextPresentKeyword.verifyTextPresent(VerifyTextPresentKeyword.groovy:83)
	at com.kms.katalon.core.webui.keyword.builtin.VerifyTextPresentKeyword.execute(VerifyTextPresentKeyword.groovy:68)
	at com.kms.katalon.core.keyword.internal.KeywordExecutor.executeKeywordForPlatform(KeywordExecutor.groovy:74)
	at com.kms.katalon.core.webui.keyword.WebUiBuiltInKeywords.verifyTextPresent(WebUiBuiltInKeywords.groovy:1723)
	at com.kms.katalon.core.webui.keyword.WebUiBuiltInKeywords$verifyTextPresent$4.call(Unknown Source)
	at AuthOnly.run(AuthOnly:163)
	at com.kms.katalon.core.main.ScriptEngine.run(ScriptEngine.java:194)
	at com.kms.katalon.core.main.ScriptEngine.runScriptAsRawText(ScriptEngine.java:119)
	at com.kms.katalon.core.main.TestCaseExecutor.runScript(TestCaseExecutor.java:442)
	at com.kms.katalon.core.main.TestCaseExecutor.doExecute(TestCaseExecutor.java:433)
	at com.kms.katalon.core.main.TestCaseExecutor.processExecutionPhase(TestCaseExecutor.java:412)
	at com.kms.katalon.core.main.TestCaseExecutor.accessMainPhase(TestCaseExecutor.java:404)
	at com.kms.katalon.core.main.TestCaseExecutor.execute(TestCaseExecutor.java:281)
	at com.kms.katalon.core.main.TestSuiteExecutor.accessTestCaseMainPhase(TestSuiteExecutor.java:202)
	at com.kms.katalon.core.main.TestSuiteExecutor.accessTestSuiteMainPhase(TestSuiteExecutor.java:164)
	at com.kms.katalon.core.main.TestSuiteExecutor.execute(TestSuiteExecutor.java:105)
	at com.kms.katalon.core.main.TestCaseMain.startTestSuite(TestCaseMain.java:185)
	at com.kms.katalon.core.main.TestCaseMain$startTestSuite$0.call(Unknown Source)
	at TempTestSuite1677626298320.run(TempTestSuite1677626298320.groovy:36)
)
	at com.kms.katalon.core.keyword.internal.KeywordMain.stepFailed(KeywordMain.groovy:39)
	at com.kms.katalon.core.webui.keyword.internal.WebUIKeywordMain.stepFailed(WebUIKeywordMain.groovy:64)
	at com.kms.katalon.core.webui.keyword.builtin.VerifyTextPresentKeyword$_verifyTextPresent_closure1.doCall(VerifyTextPresentKeyword.groovy:79)
	at com.kms.katalon.core.webui.keyword.builtin.VerifyTextPresentKeyword$_verifyTextPresent_closure1.call(VerifyTextPresentKeyword.groovy)
	at com.kms.katalon.core.webui.keyword.internal.WebUIKeywordMain.runKeyword(WebUIKeywordMain.groovy:20)
	at com.kms.katalon.core.webui.keyword.builtin.VerifyTextPresentKeyword.verifyTextPresent(VerifyTextPresentKeyword.groovy:83)
	at com.kms.katalon.core.webui.keyword.builtin.VerifyTextPresentKeyword.execute(VerifyTextPresentKeyword.groovy:68)
	at com.kms.katalon.core.keyword.internal.KeywordExecutor.executeKeywordForPlatform(KeywordExecutor.groovy:74)
	at com.kms.katalon.core.webui.keyword.WebUiBuiltInKeywords.verifyTextPresent(WebUiBuiltInKeywords.groovy:1723)
	at com.kms.katalon.core.webui.keyword.WebUiBuiltInKeywords$verifyTextPresent$4.call(Unknown Source)
	at AuthOnly.run(AuthOnly:163)
	at com.kms.katalon.core.main.ScriptEngine.run(ScriptEngine.java:194)
	at com.kms.katalon.core.main.ScriptEngine.runScriptAsRawText(ScriptEngine.java:119)
	at com.kms.katalon.core.main.TestCaseExecutor.runScript(TestCaseExecutor.java:442)
	at com.kms.katalon.core.main.TestCaseExecutor.doExecute(TestCaseExecutor.java:433)
	at com.kms.katalon.core.main.TestCaseExecutor.processExecutionPhase(TestCaseExecutor.java:412)
	at com.kms.katalon.core.main.TestCaseExecutor.accessMainPhase(TestCaseExecutor.java:404)
	at com.kms.katalon.core.main.TestCaseExecutor.execute(TestCaseExecutor.java:281)
	at com.kms.katalon.core.main.TestSuiteExecutor.accessTestCaseMainPhase(TestSuiteExecutor.java:202)
	at com.kms.katalon.core.main.TestSuiteExecutor.accessTestSuiteMainPhase(TestSuiteExecutor.java:164)
	at com.kms.katalon.core.main.TestSuiteExecutor.execute(TestSuiteExecutor.java:105)
	at com.kms.katalon.core.main.TestCaseMain.startTestSuite(TestCaseMain.java:185)
	at com.kms.katalon.core.main.TestCaseMain$startTestSuite$0.call(Unknown Source)
	at TempTestSuite1677626298320.run(TempTestSuite1677626298320.groovy:36)
Caused by: com.kms.katalon.core.exception.StepFailedException: Text 'Transaction approved, no errors' is not present on page  using regular expression
	... 23 more]]></system-err>
   </testsuite>
</testsuites>
