<?xml version="1.0" encoding="UTF-8"?>
<testsuites name="RAD_UI_TestSuite" time="173.32" tests="15" failures="3" errors="0">
   <testsuite name="RAD_UI_TestSuite" tests="15" failures="3" errors="0" time="173.32" skipped="0" timestamp="2021-10-18 23:51:29" hostname="iahmed - DESKTOP-B2QI6NS.govolution.com" id="Test Suites/RAD_TestSuite/RAD_UI_TestSuite">
      <properties>
         <property name="deviceName" value=""/>
         <property name="devicePlatform" value=""/>
         <property name="logFolder" value="E:\\Cloned-Project-Katalon\\VPS-Katalon\\Reports\\20211018_235126\\RAD_TestSuite\\RAD_UI_TestSuite\\20211018_235126"/>
         <property name="logFiles" value="E:\\Cloned-Project-Katalon\\VPS-Katalon\\Reports\\20211018_235126\\RAD_TestSuite\\RAD_UI_TestSuite\\20211018_235126\\execution0.log"/>
         <property name="attachments" value="E:\\Cloned-Project-Katalon\\VPS-Katalon\\Reports\\20211018_235126\\RAD_TestSuite\\RAD_UI_TestSuite\\20211018_235126\\1634615608100.png, E:\\Cloned-Project-Katalon\\VPS-Katalon\\Reports\\20211018_235126\\RAD_TestSuite\\RAD_UI_TestSuite\\20211018_235126\\1634615618971.png, E:\\Cloned-Project-Katalon\\VPS-Katalon\\Reports\\20211018_235126\\RAD_TestSuite\\RAD_UI_TestSuite\\20211018_235126\\1634615630037.png"/>
         <property name="hostName" value="iahmed - DESKTOP-B2QI6NS.govolution.com"/>
         <property name="os" value="Windows 10 64bit"/>
         <property name="katalonVersion" value="8.0.5.208"/>
         <property name="browser" value="Edge Chromium 94"/>
         <property name="hostAddress" value="172.30.2.167"/>
         <property name="sessionId" value="c9d5b996fa0ae24feeb9553b3675b7dd"/>
         <property name="seleniumVersion" value="3.141.59"/>
         <property name="proxyInformation" value="ProxyInformation { proxyOption=NO_PROXY, proxyServerType=HTTP, username=, password=********, proxyServerAddress=, proxyServerPort=0, executionList=&quot;&quot;, isApplyToDesiredCapabilities=true }"/>
         <property name="platform" value="Windows 10"/>
      </properties>
      <testcase name="Test Cases/RAD_TestCases/UI_TestCases/LandingPage_UI_TC" time="10.08" classname="Test Cases/RAD_TestCases/UI_TestCases/LandingPage_UI_TC" status="PASSED">
         <system-out><![CDATA[2021-10-18 23:51:30 - [TEST_CASE][PASSED] - Test Cases/RAD_TestCases/UI_TestCases/LandingPage_UI_TC: Test Cases/RAD_TestCases/UI_TestCases/LandingPage_UI_TC

2021-10-18 23:51:30 - [TEST_STEP][PASSED] - openBrowser(""): Browser is opened with url: ''

2021-10-18 23:51:31 - [MESSAGE][INFO] - Starting 'Edge Chromium' driver

2021-10-18 23:51:32 - [MESSAGE][INFO] - Action delay is set to 0 milliseconds

2021-10-18 23:51:35 - [MESSAGE][PASSED] - Browser is opened with url: ''

2021-10-18 23:51:35 - [TEST_STEP][PASSED] - maximizeWindow(): Current window maximized

2021-10-18 23:51:35 - [MESSAGE][PASSED] - Current window maximized

2021-10-18 23:51:35 - [TEST_STEP][PASSED] - navigateToUrl(RADurl): Navigate to 'https://qa.velocitypayment.com/client/rad/index.html' successfully

2021-10-18 23:51:37 - [MESSAGE][PASSED] - Navigate to 'https://qa.velocitypayment.com/client/rad/index.html' successfully

2021-10-18 23:51:37 - [TEST_STEP][PASSED] - orPath = "Object Repository/RAD_Pages/Landing_Page": null

2021-10-18 23:51:37 - [TEST_STEP][PASSED] - if (verifyElementPresent(findTestObject(orPath + "/dd_TaxType"), 30)): null

2021-10-18 23:51:37 - [MESSAGE][PASSED] - Object 'Object Repository/RAD_Pages/Landing_Page/dd_TaxType' is present

2021-10-18 23:51:37 - [TEST_STEP][PASSED] - out.println("Tax Type/Filing Year drop down was found on the Landing Page"): null

2021-10-18 23:51:37 - [TEST_STEP][PASSED] - if (verifyTextPresent("Your Progress", true)): null

2021-10-18 23:51:37 - [MESSAGE][PASSED] - Text 'Your Progress' is present on page  using regular expression

2021-10-18 23:51:37 - [TEST_STEP][PASSED] - out.println("Your Progress Static text was found on the Landing Page"): null

2021-10-18 23:51:37 - [TEST_STEP][PASSED] - if (verifyTextPresent("Tax Type/Taxpayer Information", true)): null

2021-10-18 23:51:38 - [MESSAGE][PASSED] - Text 'Tax Type/Taxpayer Information' is present on page  using regular expression

2021-10-18 23:51:38 - [TEST_STEP][PASSED] - out.println("Tax Type/Taxpayer Information text was found on the Landing Page"): null

2021-10-18 23:51:38 - [TEST_STEP][PASSED] - if (verifyTextPresent("Summary", true)): null

2021-10-18 23:51:38 - [MESSAGE][PASSED] - Text 'Summary' is present on page  using regular expression

2021-10-18 23:51:38 - [TEST_STEP][PASSED] - out.println("Summary Static text was found on the Landing Page"): null

2021-10-18 23:51:38 - [TEST_STEP][PASSED] - if (verifyTextPresent("Need Help?", true)): null

2021-10-18 23:51:38 - [MESSAGE][PASSED] - Text 'Need Help?' is present on page  using regular expression

2021-10-18 23:51:38 - [TEST_STEP][PASSED] - out.println("Need Help? Static text was found on the Landing Page"): null

2021-10-18 23:51:38 - [TEST_STEP][PASSED] - if (verifyTextPresent("FOR TAX RELATED QUESTIONS", true)): null

2021-10-18 23:51:38 - [MESSAGE][PASSED] - Text 'FOR TAX RELATED QUESTIONS' is present on page  using regular expression

2021-10-18 23:51:38 - [TEST_STEP][PASSED] - out.println("FOR TAX RELATED QUESTIONS Static text was found on the Landing Page"): null

2021-10-18 23:51:38 - [TEST_STEP][PASSED] - if (verifyElementPresent(findTestObject(orPath + "/button_Continue"), 30)): null

2021-10-18 23:51:38 - [MESSAGE][PASSED] - Object 'Object Repository/RAD_Pages/Landing_Page/button_Continue' is present

2021-10-18 23:51:38 - [TEST_STEP][PASSED] - out.println("Continue Button was found on the Landing Page"): null

2021-10-18 23:51:38 - [TEST_STEP][PASSED] - if (verifyElementPresent(findTestObject(orPath + "/a_taxhelpmarylandtaxes.gov"), 30)): null

2021-10-18 23:51:38 - [MESSAGE][PASSED] - Object 'Object Repository/RAD_Pages/Landing_Page/a_taxhelpmarylandtaxes.gov' is present

2021-10-18 23:51:38 - [TEST_STEP][PASSED] - out.println("Tax Help Maryland.gov link was found on the Landing Page"): null

2021-10-18 23:51:38 - [TEST_STEP][PASSED] - if (verifyElementPresent(findTestObject(orPath + "/a_For technical questions and support"), 30)): null

2021-10-18 23:51:38 - [MESSAGE][PASSED] - Object 'Object Repository/RAD_Pages/Landing_Page/a_For technical questions and support' is present

2021-10-18 23:51:38 - [TEST_STEP][PASSED] - out.println("For technical questions and support link was found on the Landing Page"): null

2021-10-18 23:51:38 - [TEST_STEP][PASSED] - if (verifyElementPresent(findTestObject(orPath + "/a_Comptroller of Maryland"), 30)): null

2021-10-18 23:51:38 - [MESSAGE][PASSED] - Object 'Object Repository/RAD_Pages/Landing_Page/a_Comptroller of Maryland' is present

2021-10-18 23:51:38 - [TEST_STEP][PASSED] - out.println("Comptroller of Maryland link was found on the Landing Page"): null

2021-10-18 23:51:38 - [TEST_STEP][PASSED] - if (verifyElementPresent(findTestObject(orPath + "/a_Department of Information Technology (DoIT)"), 30)): null

2021-10-18 23:51:38 - [MESSAGE][PASSED] - Object 'Object Repository/RAD_Pages/Landing_Page/a_Department of Information Technology (DoIT)' is present

2021-10-18 23:51:38 - [TEST_STEP][PASSED] - out.println("Department of Information Technology link was found on the Landing Page"): null

2021-10-18 23:51:38 - [TEST_STEP][PASSED] - if (verifyElementPresent(findTestObject(orPath + "/a_double_arrow Click for 247 Support"), 30)): null

2021-10-18 23:51:38 - [MESSAGE][PASSED] - Object 'Object Repository/RAD_Pages/Landing_Page/a_double_arrow Click for 247 Support' is present

2021-10-18 23:51:38 - [TEST_STEP][PASSED] - out.println("Click for 24/7 Support link was found on the Landing Page"): null

2021-10-18 23:51:38 - [TEST_STEP][PASSED] - if (verifyElementPresent(findTestObject(orPath + "/a_Maryland.gov"), 30)): null

2021-10-18 23:51:39 - [MESSAGE][PASSED] - Object 'Object Repository/RAD_Pages/Landing_Page/a_Maryland.gov' is present

2021-10-18 23:51:39 - [TEST_STEP][PASSED] - out.println("Mayrland.gov link was found on the Landing Page"): null

2021-10-18 23:51:39 - [TEST_STEP][PASSED] - totalOptions = getNumberOfTotalOption(findTestObject(orPath + "/dd_TaxType")): 7 options of object 'Object Repository/RAD_Pages/Landing_Page/dd_TaxType' counted

2021-10-18 23:51:39 - [MESSAGE][PASSED] - 7 options of object 'Object Repository/RAD_Pages/Landing_Page/dd_TaxType' counted

2021-10-18 23:51:39 - [TEST_STEP][PASSED] - if (totalOptions == 7): Total Options are correct

2021-10-18 23:51:39 - [TEST_STEP][PASSED] - out.println("Total Options are correct: " + totalOptions): null

2021-10-18 23:51:39 - [TEST_STEP][PASSED] - markPassed("Total Options are correct"): Total Options are correct

2021-10-18 23:51:39 - [MESSAGE][PASSED] - Total Options are correct

2021-10-18 23:51:39 - [TEST_STEP][PASSED] - if (verifyOptionPresentByLabel(findTestObject(orPath + "/dd_TaxType"), "Estimated Tax", false, 60)): null

2021-10-18 23:51:39 - [MESSAGE][PASSED] - 1 option(s) with label 'Estimated Tax' is/are present in object 'Object Repository/RAD_Pages/Landing_Page/dd_TaxType' 

2021-10-18 23:51:39 - [TEST_STEP][PASSED] - out.println("Estimated Tax Option is present in the Tax Type Drop Down"): null

2021-10-18 23:51:39 - [TEST_STEP][PASSED] - if (verifyOptionPresentByLabel(findTestObject(orPath + "/dd_TaxType"), "Personal Income Tax", false, 60)): null

2021-10-18 23:51:39 - [MESSAGE][PASSED] - 1 option(s) with label 'Personal Income Tax' is/are present in object 'Object Repository/RAD_Pages/Landing_Page/dd_TaxType' 

2021-10-18 23:51:39 - [TEST_STEP][PASSED] - out.println("Personal Income Tax Option is present in the Tax Type Drop Down"): null

2021-10-18 23:51:39 - [TEST_STEP][PASSED] - if (verifyOptionPresentByLabel(findTestObject(orPath + "/dd_TaxType"), "Extension Payments", false, 60)): null

2021-10-18 23:51:39 - [MESSAGE][PASSED] - 1 option(s) with label 'Extension Payments' is/are present in object 'Object Repository/RAD_Pages/Landing_Page/dd_TaxType' 

2021-10-18 23:51:39 - [TEST_STEP][PASSED] - out.println("Extension Payments Option is present in the Tax Type Drop Down"): null

2021-10-18 23:51:39 - [TEST_STEP][PASSED] - if (verifyOptionPresentByLabel(findTestObject(orPath + "/dd_TaxType"), "Existing Liability", false, 60)): null

2021-10-18 23:51:39 - [MESSAGE][PASSED] - 1 option(s) with label 'Existing Liability' is/are present in object 'Object Repository/RAD_Pages/Landing_Page/dd_TaxType' 

2021-10-18 23:51:39 - [TEST_STEP][PASSED] - out.println("Existing Liability Option is present in the Tax Type Drop Down"): null

2021-10-18 23:51:39 - [TEST_STEP][PASSED] - if (verifyOptionPresentByLabel(findTestObject(orPath + "/dd_TaxType"), "Sales and Use", false, 60)): null

2021-10-18 23:51:40 - [MESSAGE][PASSED] - 1 option(s) with label 'Sales and Use' is/are present in object 'Object Repository/RAD_Pages/Landing_Page/dd_TaxType' 

2021-10-18 23:51:40 - [TEST_STEP][PASSED] - out.println("Sales and Use Option is present in the Tax Type Drop Down"): null

2021-10-18 23:51:40 - [TEST_STEP][PASSED] - if (verifyOptionPresentByLabel(findTestObject(orPath + "/dd_TaxType"), "Withholding Tax", false, 60)): null

2021-10-18 23:51:40 - [MESSAGE][PASSED] - 1 option(s) with label 'Withholding Tax' is/are present in object 'Object Repository/RAD_Pages/Landing_Page/dd_TaxType' 

2021-10-18 23:51:40 - [TEST_STEP][PASSED] - out.println("Withholding Tax Option is present in the Tax Type Drop Down"): null]]></system-out>
         <system-err><![CDATA[]]></system-err>
      </testcase>
      <testcase name="Test Cases/RAD_TestCases/UI_TestCases/EstimatedTax_UI_TC" time="13.485" classname="Test Cases/RAD_TestCases/UI_TestCases/EstimatedTax_UI_TC" status="PASSED">
         <system-out><![CDATA[2021-10-18 23:51:40 - [TEST_CASE][PASSED] - Test Cases/RAD_TestCases/UI_TestCases/EstimatedTax_UI_TC: Test Cases/RAD_TestCases/UI_TestCases/EstimatedTax_UI_TC

2021-10-18 23:51:40 - [TEST_STEP][PASSED] - openBrowser(""): Browser is opened with url: ''

2021-10-18 23:51:40 - [MESSAGE][WARNING] - A browser is already opened. Closing browser and opening a new one

2021-10-18 23:51:41 - [MESSAGE][INFO] - Starting 'Edge Chromium' driver

2021-10-18 23:51:43 - [MESSAGE][INFO] - Action delay is set to 0 milliseconds

2021-10-18 23:51:44 - [MESSAGE][PASSED] - Browser is opened with url: ''

2021-10-18 23:51:44 - [TEST_STEP][PASSED] - maximizeWindow(): Current window maximized

2021-10-18 23:51:44 - [MESSAGE][PASSED] - Current window maximized

2021-10-18 23:51:44 - [TEST_STEP][PASSED] - navigateToUrl(RADurl): Navigate to 'https://qa.velocitypayment.com/client/rad/index.html' successfully

2021-10-18 23:51:45 - [MESSAGE][PASSED] - Navigate to 'https://qa.velocitypayment.com/client/rad/index.html' successfully

2021-10-18 23:51:45 - [TEST_STEP][PASSED] - orPath_Landing = "Object Repository/RAD_Pages/Landing_Page": null

2021-10-18 23:51:45 - [TEST_STEP][PASSED] - orPath_TaxTypeFilingYear = "Object Repository/RAD_Pages/TaxTypeFilingYear_Page": null

2021-10-18 23:51:45 - [TEST_STEP][PASSED] - orPath_TaxPayer = "Object Repository/RAD_Pages/Taxpayer_Page": null

2021-10-18 23:51:45 - [TEST_STEP][PASSED] - orPath_AddressContact = "Object Repository/RAD_Pages/AddressAndContactInfo_Page": null

2021-10-18 23:51:45 - [TEST_STEP][PASSED] - orPath_FilingStatus = "Object Repository/RAD_Pages/FilingStatus_Page": null

2021-10-18 23:51:45 - [TEST_STEP][PASSED] - orPath_Amount = "Object Repository/RAD_Pages/PaymentAmount_Page": null

2021-10-18 23:51:45 - [TEST_STEP][PASSED] - selectOptionByLabel(findTestObject(orPath_Landing + "/dd_TaxType"), "Estimated Tax", false): All options with label 'Estimated Tax' are selected in object 'Object Repository/RAD_Pages/Landing_Page/dd_TaxType' 

2021-10-18 23:51:46 - [MESSAGE][PASSED] - All options with label 'Estimated Tax' are selected in object 'Object Repository/RAD_Pages/Landing_Page/dd_TaxType' 

2021-10-18 23:51:46 - [TEST_STEP][PASSED] - if (verifyElementPresent(findTestObject(orPath_TaxTypeFilingYear + "/select_PaymentType"), 30)): null

2021-10-18 23:51:46 - [MESSAGE][PASSED] - Object 'Object Repository/RAD_Pages/TaxTypeFilingYear_Page/select_PaymentType' is present

2021-10-18 23:51:46 - [TEST_STEP][PASSED] - out.println("Payment Type drop down was found on the Estimated Tax Page"): null

2021-10-18 23:51:46 - [TEST_STEP][PASSED] - if (verifyElementPresent(findTestObject(orPath_TaxTypeFilingYear + "/select_FilingYear"), 30)): null

2021-10-18 23:51:46 - [MESSAGE][PASSED] - Object 'Object Repository/RAD_Pages/TaxTypeFilingYear_Page/select_FilingYear' is present

2021-10-18 23:51:46 - [TEST_STEP][PASSED] - out.println("Filing Year drop down was found on the Estimated Tax Page"): null

2021-10-18 23:51:46 - [TEST_STEP][PASSED] - totalOptionsPaymentType = getNumberOfTotalOption(findTestObject(orPath_TaxTypeFilingYear + "/select_PaymentType")): 3 options of object 'Object Repository/RAD_Pages/TaxTypeFilingYear_Page/select_PaymentType' counted

2021-10-18 23:51:46 - [MESSAGE][PASSED] - 3 options of object 'Object Repository/RAD_Pages/TaxTypeFilingYear_Page/select_PaymentType' counted

2021-10-18 23:51:46 - [TEST_STEP][PASSED] - if (verifyEqual(totalOptionsPaymentType, 3)): null

2021-10-18 23:51:46 - [MESSAGE][PASSED] - Actual object '3' and expected object '3' are equal

2021-10-18 23:51:46 - [TEST_STEP][PASSED] - out.println("Total Options for Payment Type are correct: " + totalOptionsPaymentType): null

2021-10-18 23:51:46 - [TEST_STEP][PASSED] - markPassed("Total Options are correct for Payment Type"): Total Options are correct for Payment Type

2021-10-18 23:51:46 - [MESSAGE][PASSED] - Total Options are correct for Payment Type

2021-10-18 23:51:46 - [TEST_STEP][PASSED] - totalOptionsFilingYear = getNumberOfTotalOption(findTestObject(orPath_TaxTypeFilingYear + "/select_FilingYear")): 4 options of object 'Object Repository/RAD_Pages/TaxTypeFilingYear_Page/select_FilingYear' counted

2021-10-18 23:51:46 - [MESSAGE][PASSED] - 4 options of object 'Object Repository/RAD_Pages/TaxTypeFilingYear_Page/select_FilingYear' counted

2021-10-18 23:51:46 - [TEST_STEP][PASSED] - if (verifyEqual(totalOptionsFilingYear, 4)): null

2021-10-18 23:51:46 - [MESSAGE][PASSED] - Actual object '4' and expected object '4' are equal

2021-10-18 23:51:46 - [TEST_STEP][PASSED] - out.println("Total Options for Filing Year are correct: " + totalOptionsFilingYear): null

2021-10-18 23:51:46 - [TEST_STEP][PASSED] - markPassed("Total Options are correct for Filing Year"): Total Options are correct for Filing Year

2021-10-18 23:51:46 - [MESSAGE][PASSED] - Total Options are correct for Filing Year

2021-10-18 23:51:46 - [TEST_STEP][PASSED] - verifyOptionsPresent(findTestObject(orPath_TaxTypeFilingYear + "/select_PaymentType"), ["Personal", "Corporate"]): Options [Personal, Corporate] present.

2021-10-18 23:51:46 - [MESSAGE][PASSED] - Options [Personal, Corporate] present.

2021-10-18 23:51:46 - [TEST_STEP][PASSED] - verifyOptionsPresent(findTestObject(orPath_TaxTypeFilingYear + "/select_FilingYear"), ["2022", "2021", "2020"]): Options [2022, 2021, 2020] present.

2021-10-18 23:51:47 - [MESSAGE][PASSED] - Options [2022, 2021, 2020] present.

2021-10-18 23:51:47 - [TEST_STEP][PASSED] - verifyTextPresent("Tax Type/Filing Year", true): Text 'Tax Type/Filing Year' is present on page  using regular expression

2021-10-18 23:51:47 - [MESSAGE][PASSED] - Text 'Tax Type/Filing Year' is present on page  using regular expression

2021-10-18 23:51:47 - [TEST_STEP][PASSED] - verifyTextPresent("Taxpayer", true): Text 'Taxpayer' is present on page  using regular expression

2021-10-18 23:51:47 - [MESSAGE][PASSED] - Text 'Taxpayer' is present on page  using regular expression

2021-10-18 23:51:47 - [TEST_STEP][PASSED] - verifyTextPresent("Provide the following taxpayer information", true): Text 'Provide the following taxpayer information' is present on page  using regular expression

2021-10-18 23:51:47 - [MESSAGE][PASSED] - Text 'Provide the following taxpayer information' is present on page  using regular expression

2021-10-18 23:51:47 - [TEST_STEP][PASSED] - verifyTextPresent("Note: If you are paying on behalf of the Taxpayer, enter Taxpayer", true): Text 'Note: If you are paying on behalf of the Taxpayer, enter Taxpayer' is present on page  using regular expression

2021-10-18 23:51:47 - [MESSAGE][PASSED] - Text 'Note: If you are paying on behalf of the Taxpayer, enter Taxpayer' is present on page  using regular expression

2021-10-18 23:51:47 - [TEST_STEP][PASSED] - verifyTextPresent("information here. If you are making a payment for the Taxpayer, you will be required later to enter your own credit card, billing address and other pertinent information", true): Text 'information here. If you are making a payment for the Taxpayer, you will be required later to enter your own credit card, billing address and other pertinent information' is present on page  using regular expression

2021-10-18 23:51:47 - [MESSAGE][PASSED] - Text 'information here. If you are making a payment for the Taxpayer, you will be required later to enter your own credit card, billing address and other pertinent information' is present on page  using regular expression

2021-10-18 23:51:47 - [TEST_STEP][PASSED] - verifyTextPresent("Address and Contact Information", true): Text 'Address and Contact Information' is present on page  using regular expression

2021-10-18 23:51:48 - [MESSAGE][PASSED] - Text 'Address and Contact Information' is present on page  using regular expression

2021-10-18 23:51:48 - [TEST_STEP][PASSED] - verifyTextPresent("Enter the taxpayer", true): Text 'Enter the taxpayer' is present on page  using regular expression

2021-10-18 23:51:48 - [MESSAGE][PASSED] - Text 'Enter the taxpayer' is present on page  using regular expression

2021-10-18 23:51:48 - [TEST_STEP][PASSED] - verifyTextPresent("address and contact information", true): Text 'address and contact information' is present on page  using regular expression

2021-10-18 23:51:48 - [MESSAGE][PASSED] - Text 'address and contact information' is present on page  using regular expression

2021-10-18 23:51:48 - [TEST_STEP][PASSED] - verifyTextPresent("Filing Status", true): Text 'Filing Status' is present on page  using regular expression

2021-10-18 23:51:48 - [MESSAGE][PASSED] - Text 'Filing Status' is present on page  using regular expression

2021-10-18 23:51:48 - [TEST_STEP][PASSED] - verifyTextPresent("Is this an Individual or Joint Filing?", true): Text 'Is this an Individual or Joint Filing?' is present on page  using regular expression

2021-10-18 23:51:48 - [MESSAGE][PASSED] - Text 'Is this an Individual or Joint Filing?' is present on page  using regular expression

2021-10-18 23:51:48 - [TEST_STEP][PASSED] - verifyTextPresent("Filing type", true): Text 'Filing type' is present on page  using regular expression

2021-10-18 23:51:48 - [MESSAGE][PASSED] - Text 'Filing type' is present on page  using regular expression

2021-10-18 23:51:48 - [TEST_STEP][PASSED] - verifyTextPresent("Individual Filing", true): Text 'Individual Filing' is present on page  using regular expression

2021-10-18 23:51:48 - [MESSAGE][PASSED] - Text 'Individual Filing' is present on page  using regular expression

2021-10-18 23:51:48 - [TEST_STEP][PASSED] - verifyTextPresent("Joint Filing", true): Text 'Joint Filing' is present on page  using regular expression

2021-10-18 23:51:49 - [MESSAGE][PASSED] - Text 'Joint Filing' is present on page  using regular expression

2021-10-18 23:51:49 - [TEST_STEP][PASSED] - verifyTextPresent("Payment Amount", true): Text 'Payment Amount' is present on page  using regular expression

2021-10-18 23:51:49 - [MESSAGE][PASSED] - Text 'Payment Amount' is present on page  using regular expression

2021-10-18 23:51:49 - [TEST_STEP][PASSED] - verifyTextPresent("Service Fee: This electronic government service includes a service/convenience fee. Click here for details", true): Text 'Service Fee: This electronic government service includes a service/convenience fee. Click here for details' is present on page  using regular expression

2021-10-18 23:51:49 - [MESSAGE][PASSED] - Text 'Service Fee: This electronic government service includes a service/convenience fee. Click here for details' is present on page  using regular expression

2021-10-18 23:51:49 - [TEST_STEP][PASSED] - verifyElementPresent(findTestObject(orPath_Amount + "/a_Click here for details"), 30): Object 'Object Repository/RAD_Pages/PaymentAmount_Page/a_Click here for details' is present

2021-10-18 23:51:49 - [MESSAGE][PASSED] - Object 'Object Repository/RAD_Pages/PaymentAmount_Page/a_Click here for details' is present

2021-10-18 23:51:49 - [TEST_STEP][PASSED] - verifyElementPresent(findTestObject(orPath_Landing + "/button_Continue"), 30): Object 'Object Repository/RAD_Pages/Landing_Page/button_Continue' is present

2021-10-18 23:51:49 - [MESSAGE][PASSED] - Object 'Object Repository/RAD_Pages/Landing_Page/button_Continue' is present

2021-10-18 23:51:49 - [TEST_STEP][PASSED] - verifyElementPresent(findTestObject(orPath_TaxPayer + "/input_firstName"), 30): Object 'Object Repository/RAD_Pages/Taxpayer_Page/input_firstName' is present

2021-10-18 23:51:49 - [MESSAGE][PASSED] - Object 'Object Repository/RAD_Pages/Taxpayer_Page/input_firstName' is present

2021-10-18 23:51:49 - [TEST_STEP][PASSED] - verifyElementPresent(findTestObject(orPath_TaxPayer + "/input_middleName"), 30): Object 'Object Repository/RAD_Pages/Taxpayer_Page/input_middleName' is present

2021-10-18 23:51:49 - [MESSAGE][PASSED] - Object 'Object Repository/RAD_Pages/Taxpayer_Page/input_middleName' is present

2021-10-18 23:51:49 - [TEST_STEP][PASSED] - verifyElementPresent(findTestObject(orPath_TaxPayer + "/input_lastName"), 30): Object 'Object Repository/RAD_Pages/Taxpayer_Page/input_lastName' is present

2021-10-18 23:51:49 - [MESSAGE][PASSED] - Object 'Object Repository/RAD_Pages/Taxpayer_Page/input_lastName' is present

2021-10-18 23:51:49 - [TEST_STEP][PASSED] - verifyElementPresent(findTestObject(orPath_TaxPayer + "/input_suffix"), 30): Object 'Object Repository/RAD_Pages/Taxpayer_Page/input_suffix' is present

2021-10-18 23:51:50 - [MESSAGE][PASSED] - Object 'Object Repository/RAD_Pages/Taxpayer_Page/input_suffix' is present

2021-10-18 23:51:50 - [TEST_STEP][PASSED] - verifyElementPresent(findTestObject(orPath_TaxPayer + "/input_PSSN"), 30): Object 'Object Repository/RAD_Pages/Taxpayer_Page/input_PSSN' is present

2021-10-18 23:51:50 - [MESSAGE][PASSED] - Object 'Object Repository/RAD_Pages/Taxpayer_Page/input_PSSN' is present

2021-10-18 23:51:50 - [TEST_STEP][PASSED] - verifyElementPresent(findTestObject(orPath_TaxPayer + "/input_reEnterPSSN"), 30): Object 'Object Repository/RAD_Pages/Taxpayer_Page/input_reEnterPSSN' is present

2021-10-18 23:51:50 - [MESSAGE][PASSED] - Object 'Object Repository/RAD_Pages/Taxpayer_Page/input_reEnterPSSN' is present

2021-10-18 23:51:50 - [TEST_STEP][PASSED] - verifyElementPresent(findTestObject(orPath_AddressContact + "/select_Country"), 30): Object 'Object Repository/RAD_Pages/AddressAndContactInfo_Page/select_Country' is present

2021-10-18 23:51:50 - [MESSAGE][PASSED] - Object 'Object Repository/RAD_Pages/AddressAndContactInfo_Page/select_Country' is present

2021-10-18 23:51:50 - [TEST_STEP][PASSED] - verifyElementPresent(findTestObject(orPath_AddressContact + "/input_streetAddress1"), 30): Object 'Object Repository/RAD_Pages/AddressAndContactInfo_Page/input_streetAddress1' is present

2021-10-18 23:51:50 - [MESSAGE][PASSED] - Object 'Object Repository/RAD_Pages/AddressAndContactInfo_Page/input_streetAddress1' is present

2021-10-18 23:51:50 - [TEST_STEP][PASSED] - verifyElementPresent(findTestObject(orPath_AddressContact + "/input_streetAddress2"), 30): Object 'Object Repository/RAD_Pages/AddressAndContactInfo_Page/input_streetAddress2' is present

2021-10-18 23:51:50 - [MESSAGE][PASSED] - Object 'Object Repository/RAD_Pages/AddressAndContactInfo_Page/input_streetAddress2' is present

2021-10-18 23:51:50 - [TEST_STEP][PASSED] - verifyElementPresent(findTestObject(orPath_AddressContact + "/input_city"), 30): Object 'Object Repository/RAD_Pages/AddressAndContactInfo_Page/input_city' is present

2021-10-18 23:51:50 - [MESSAGE][PASSED] - Object 'Object Repository/RAD_Pages/AddressAndContactInfo_Page/input_city' is present

2021-10-18 23:51:50 - [TEST_STEP][PASSED] - verifyElementPresent(findTestObject(orPath_AddressContact + "/select_State"), 30): Object 'Object Repository/RAD_Pages/AddressAndContactInfo_Page/select_State' is present

2021-10-18 23:51:50 - [MESSAGE][PASSED] - Object 'Object Repository/RAD_Pages/AddressAndContactInfo_Page/select_State' is present

2021-10-18 23:51:50 - [TEST_STEP][PASSED] - verifyElementPresent(findTestObject(orPath_AddressContact + "/input_zipCode"), 30): Object 'Object Repository/RAD_Pages/AddressAndContactInfo_Page/input_zipCode' is present

2021-10-18 23:51:50 - [MESSAGE][PASSED] - Object 'Object Repository/RAD_Pages/AddressAndContactInfo_Page/input_zipCode' is present

2021-10-18 23:51:50 - [TEST_STEP][PASSED] - verifyElementPresent(findTestObject(orPath_AddressContact + "/input_phoneNumber"), 30): Object 'Object Repository/RAD_Pages/AddressAndContactInfo_Page/input_phoneNumber' is present

2021-10-18 23:51:50 - [MESSAGE][PASSED] - Object 'Object Repository/RAD_Pages/AddressAndContactInfo_Page/input_phoneNumber' is present

2021-10-18 23:51:50 - [TEST_STEP][PASSED] - verifyElementPresent(findTestObject(orPath_AddressContact + "/input_eMailAddress"), 30): Object 'Object Repository/RAD_Pages/AddressAndContactInfo_Page/input_eMailAddress' is present

2021-10-18 23:51:50 - [MESSAGE][PASSED] - Object 'Object Repository/RAD_Pages/AddressAndContactInfo_Page/input_eMailAddress' is present

2021-10-18 23:51:50 - [TEST_STEP][PASSED] - verifyElementPresent(findTestObject(orPath_AddressContact + "/input_reEnterEMailAddress"), 30): Object 'Object Repository/RAD_Pages/AddressAndContactInfo_Page/input_reEnterEMailAddress' is present

2021-10-18 23:51:51 - [MESSAGE][PASSED] - Object 'Object Repository/RAD_Pages/AddressAndContactInfo_Page/input_reEnterEMailAddress' is present

2021-10-18 23:51:51 - [TEST_STEP][PASSED] - verifyOptionsPresent(findTestObject(orPath_AddressContact + "/select_Country"), ["United States"]): Options [United States] present.

2021-10-18 23:51:51 - [MESSAGE][PASSED] - Options [United States] present.

2021-10-18 23:51:51 - [TEST_STEP][PASSED] - verifyOptionsPresent(findTestObject(orPath_AddressContact + "/select_State"), ["Alabama", "District of Columbia", "Maryland", "Virginia", "Wyoming"]): Options [Alabama, District of Columbia, Maryland, Virginia, Wyoming] present.

2021-10-18 23:51:51 - [MESSAGE][PASSED] - Options [Alabama, District of Columbia, Maryland, Virginia, Wyoming] present.

2021-10-18 23:51:51 - [TEST_STEP][PASSED] - totalOptionsState = getNumberOfTotalOption(findTestObject(orPath_AddressContact + "/select_State")): 52 options of object 'Object Repository/RAD_Pages/AddressAndContactInfo_Page/select_State' counted

2021-10-18 23:51:51 - [MESSAGE][PASSED] - 52 options of object 'Object Repository/RAD_Pages/AddressAndContactInfo_Page/select_State' counted

2021-10-18 23:51:51 - [TEST_STEP][PASSED] - verifyEqual(totalOptionsState, 52): Actual object '52' and expected object '52' are equal

2021-10-18 23:51:51 - [MESSAGE][PASSED] - Actual object '52' and expected object '52' are equal

2021-10-18 23:51:51 - [TEST_STEP][PASSED] - verifyElementPresent(findTestObject(orPath_FilingStatus + "/input_userType_Individual"), 30): Object 'Object Repository/RAD_Pages/FilingStatus_Page/input_userType_Individual' is present

2021-10-18 23:51:52 - [MESSAGE][PASSED] - Object 'Object Repository/RAD_Pages/FilingStatus_Page/input_userType_Individual' is present

2021-10-18 23:51:52 - [TEST_STEP][PASSED] - verifyElementPresent(findTestObject(orPath_FilingStatus + "/input_userType_Joint"), 30): Object 'Object Repository/RAD_Pages/FilingStatus_Page/input_userType_Joint' is present

2021-10-18 23:51:52 - [MESSAGE][PASSED] - Object 'Object Repository/RAD_Pages/FilingStatus_Page/input_userType_Joint' is present

2021-10-18 23:51:52 - [TEST_STEP][PASSED] - verifyElementPresent(findTestObject(orPath_Amount + "/input__paymentAmount"), 30): Object 'Object Repository/RAD_Pages/PaymentAmount_Page/input__paymentAmount' is present

2021-10-18 23:51:52 - [MESSAGE][PASSED] - Object 'Object Repository/RAD_Pages/PaymentAmount_Page/input__paymentAmount' is present

2021-10-18 23:51:52 - [TEST_STEP][PASSED] - scrollToElement(findTestObject(orPath_Amount + "/input__paymentAmount"), 3): Scroll to object 'Object Repository/RAD_Pages/PaymentAmount_Page/input__paymentAmount' successfully

2021-10-18 23:51:52 - [MESSAGE][PASSED] - Scroll to object 'Object Repository/RAD_Pages/PaymentAmount_Page/input__paymentAmount' successfully

2021-10-18 23:51:52 - [TEST_STEP][PASSED] - waitForElementClickable(findTestObject(orPath_FilingStatus + "/input_userType_Joint"), 5): Object 'Object Repository/RAD_Pages/FilingStatus_Page/input_userType_Joint' is clickable

2021-10-18 23:51:52 - [MESSAGE][PASSED] - Object 'Object Repository/RAD_Pages/FilingStatus_Page/input_userType_Joint' is clickable

2021-10-18 23:51:52 - [TEST_STEP][PASSED] - click(findTestObject(orPath_FilingStatus + "/input_userType_Joint")): Object: 'Object Repository/RAD_Pages/FilingStatus_Page/input_userType_Joint' is clicked on

2021-10-18 23:51:53 - [MESSAGE][PASSED] - Object: 'Object Repository/RAD_Pages/FilingStatus_Page/input_userType_Joint' is clicked on

2021-10-18 23:51:53 - [TEST_STEP][PASSED] - verifyTextPresent("Provide the following information for the joint filer", true): Text 'Provide the following information for the joint filer' is present on page  using regular expression

2021-10-18 23:51:53 - [MESSAGE][PASSED] - Text 'Provide the following information for the joint filer' is present on page  using regular expression

2021-10-18 23:51:53 - [TEST_STEP][PASSED] - verifyElementPresent(findTestObject(orPath_FilingStatus + "/input_jointFirstName"), 30): Object 'Object Repository/RAD_Pages/FilingStatus_Page/input_jointFirstName' is present

2021-10-18 23:51:53 - [MESSAGE][PASSED] - Object 'Object Repository/RAD_Pages/FilingStatus_Page/input_jointFirstName' is present

2021-10-18 23:51:53 - [TEST_STEP][PASSED] - verifyElementPresent(findTestObject(orPath_FilingStatus + "/input_jointMiddleName"), 30): Object 'Object Repository/RAD_Pages/FilingStatus_Page/input_jointMiddleName' is present

2021-10-18 23:51:53 - [MESSAGE][PASSED] - Object 'Object Repository/RAD_Pages/FilingStatus_Page/input_jointMiddleName' is present

2021-10-18 23:51:53 - [TEST_STEP][PASSED] - verifyElementPresent(findTestObject(orPath_FilingStatus + "/input_jointLastName"), 30): Object 'Object Repository/RAD_Pages/FilingStatus_Page/input_jointLastName' is present

2021-10-18 23:51:53 - [MESSAGE][PASSED] - Object 'Object Repository/RAD_Pages/FilingStatus_Page/input_jointLastName' is present

2021-10-18 23:51:53 - [TEST_STEP][PASSED] - verifyElementPresent(findTestObject(orPath_FilingStatus + "/input_jointSuffix"), 30): Object 'Object Repository/RAD_Pages/FilingStatus_Page/input_jointSuffix' is present

2021-10-18 23:51:53 - [MESSAGE][PASSED] - Object 'Object Repository/RAD_Pages/FilingStatus_Page/input_jointSuffix' is present

2021-10-18 23:51:53 - [TEST_STEP][PASSED] - verifyElementPresent(findTestObject(orPath_FilingStatus + "/input_jointSSN"), 30): Object 'Object Repository/RAD_Pages/FilingStatus_Page/input_jointSSN' is present

2021-10-18 23:51:53 - [MESSAGE][PASSED] - Object 'Object Repository/RAD_Pages/FilingStatus_Page/input_jointSSN' is present

2021-10-18 23:51:53 - [TEST_STEP][PASSED] - verifyElementPresent(findTestObject(orPath_FilingStatus + "/input_reEnterjointSSN"), 30): Object 'Object Repository/RAD_Pages/FilingStatus_Page/input_reEnterjointSSN' is present

2021-10-18 23:51:53 - [MESSAGE][PASSED] - Object 'Object Repository/RAD_Pages/FilingStatus_Page/input_reEnterjointSSN' is present]]></system-out>
         <system-err><![CDATA[]]></system-err>
      </testcase>
      <testcase name="Test Cases/RAD_TestCases/UI_TestCases/PersonalIncomeTax_UI_TC" time="22.404" classname="Test Cases/RAD_TestCases/UI_TestCases/PersonalIncomeTax_UI_TC" status="PASSED">
         <system-out><![CDATA[2021-10-18 23:51:53 - [TEST_CASE][PASSED] - Test Cases/RAD_TestCases/UI_TestCases/PersonalIncomeTax_UI_TC: Test Cases/RAD_TestCases/UI_TestCases/PersonalIncomeTax_UI_TC

2021-10-18 23:51:54 - [TEST_STEP][PASSED] - openBrowser(""): Browser is opened with url: ''

2021-10-18 23:51:54 - [MESSAGE][WARNING] - A browser is already opened. Closing browser and opening a new one

2021-10-18 23:51:55 - [MESSAGE][INFO] - Starting 'Edge Chromium' driver

2021-10-18 23:51:56 - [MESSAGE][INFO] - Action delay is set to 0 milliseconds

2021-10-18 23:51:57 - [MESSAGE][PASSED] - Browser is opened with url: ''

2021-10-18 23:51:57 - [TEST_STEP][PASSED] - maximizeWindow(): Current window maximized

2021-10-18 23:51:57 - [MESSAGE][PASSED] - Current window maximized

2021-10-18 23:51:57 - [TEST_STEP][PASSED] - navigateToUrl(RADurl): Navigate to 'https://qa.velocitypayment.com/client/rad/index.html' successfully

2021-10-18 23:51:59 - [MESSAGE][PASSED] - Navigate to 'https://qa.velocitypayment.com/client/rad/index.html' successfully

2021-10-18 23:51:59 - [TEST_STEP][PASSED] - orPath_Landing = "Object Repository/RAD_Pages/Landing_Page": null

2021-10-18 23:51:59 - [TEST_STEP][PASSED] - orPath_TaxTypeFilingYear = "Object Repository/RAD_Pages/TaxTypeFilingYear_Page": null

2021-10-18 23:51:59 - [TEST_STEP][PASSED] - orPath_TaxPayer = "Object Repository/RAD_Pages/Taxpayer_Page": null

2021-10-18 23:51:59 - [TEST_STEP][PASSED] - orPath_AddressContact = "Object Repository/RAD_Pages/AddressAndContactInfo_Page": null

2021-10-18 23:51:59 - [TEST_STEP][PASSED] - orPath_FilingStatus = "Object Repository/RAD_Pages/FilingStatus_Page": null

2021-10-18 23:51:59 - [TEST_STEP][PASSED] - orPath_Amount = "Object Repository/RAD_Pages/PaymentAmount_Page": null

2021-10-18 23:51:59 - [TEST_STEP][PASSED] - selectOptionByLabel(findTestObject(orPath_Landing + "/dd_TaxType"), "Personal Income Tax", false): All options with label 'Personal Income Tax' are selected in object 'Object Repository/RAD_Pages/Landing_Page/dd_TaxType' 

2021-10-18 23:51:59 - [MESSAGE][PASSED] - All options with label 'Personal Income Tax' are selected in object 'Object Repository/RAD_Pages/Landing_Page/dd_TaxType' 

2021-10-18 23:51:59 - [TEST_STEP][PASSED] - verifyElementPresent(findTestObject(orPath_TaxTypeFilingYear + "/select_FilingYear"), 30): Object 'Object Repository/RAD_Pages/TaxTypeFilingYear_Page/select_FilingYear' is present

2021-10-18 23:51:59 - [MESSAGE][PASSED] - Object 'Object Repository/RAD_Pages/TaxTypeFilingYear_Page/select_FilingYear' is present

2021-10-18 23:51:59 - [TEST_STEP][PASSED] - totalOptionsFilingYear = getNumberOfTotalOption(findTestObject(orPath_TaxTypeFilingYear + "/select_FilingYear")): 4 options of object 'Object Repository/RAD_Pages/TaxTypeFilingYear_Page/select_FilingYear' counted

2021-10-18 23:51:59 - [MESSAGE][PASSED] - 4 options of object 'Object Repository/RAD_Pages/TaxTypeFilingYear_Page/select_FilingYear' counted

2021-10-18 23:51:59 - [TEST_STEP][PASSED] - verifyEqual(totalOptionsFilingYear, 4): Actual object '4' and expected object '4' are equal

2021-10-18 23:51:59 - [MESSAGE][PASSED] - Actual object '4' and expected object '4' are equal

2021-10-18 23:51:59 - [TEST_STEP][PASSED] - verifyOptionsPresent(findTestObject(orPath_TaxTypeFilingYear + "/select_FilingYear"), ["2022", "2021", "2020"]): Options [2022, 2021, 2020] present.

2021-10-18 23:52:00 - [MESSAGE][PASSED] - Options [2022, 2021, 2020] present.

2021-10-18 23:52:00 - [TEST_STEP][PASSED] - verifyTextPresent("Tax Type/Filing Year", true): Text 'Tax Type/Filing Year' is present on page  using regular expression

2021-10-18 23:52:00 - [MESSAGE][PASSED] - Text 'Tax Type/Filing Year' is present on page  using regular expression

2021-10-18 23:52:00 - [TEST_STEP][PASSED] - verifyTextPresent("Taxpayer", true): Text 'Taxpayer' is present on page  using regular expression

2021-10-18 23:52:00 - [MESSAGE][PASSED] - Text 'Taxpayer' is present on page  using regular expression

2021-10-18 23:52:00 - [TEST_STEP][PASSED] - verifyTextPresent("Provide the following taxpayer information", true): Text 'Provide the following taxpayer information' is present on page  using regular expression

2021-10-18 23:52:00 - [MESSAGE][PASSED] - Text 'Provide the following taxpayer information' is present on page  using regular expression

2021-10-18 23:52:00 - [TEST_STEP][PASSED] - verifyTextPresent("Note: If you are paying on behalf of the Taxpayer, enter Taxpayer", true): Text 'Note: If you are paying on behalf of the Taxpayer, enter Taxpayer' is present on page  using regular expression

2021-10-18 23:52:00 - [MESSAGE][PASSED] - Text 'Note: If you are paying on behalf of the Taxpayer, enter Taxpayer' is present on page  using regular expression

2021-10-18 23:52:00 - [TEST_STEP][PASSED] - verifyTextPresent("information here. If you are making a payment for the Taxpayer, you will be required later to enter your own credit card, billing address and other pertinent information", true): Text 'information here. If you are making a payment for the Taxpayer, you will be required later to enter your own credit card, billing address and other pertinent information' is present on page  using regular expression

2021-10-18 23:52:00 - [MESSAGE][PASSED] - Text 'information here. If you are making a payment for the Taxpayer, you will be required later to enter your own credit card, billing address and other pertinent information' is present on page  using regular expression

2021-10-18 23:52:00 - [TEST_STEP][PASSED] - verifyTextPresent("Address and Contact Information", true): Text 'Address and Contact Information' is present on page  using regular expression

2021-10-18 23:52:01 - [MESSAGE][PASSED] - Text 'Address and Contact Information' is present on page  using regular expression

2021-10-18 23:52:01 - [TEST_STEP][PASSED] - verifyTextPresent("Enter the taxpayer", true): Text 'Enter the taxpayer' is present on page  using regular expression

2021-10-18 23:52:01 - [MESSAGE][PASSED] - Text 'Enter the taxpayer' is present on page  using regular expression

2021-10-18 23:52:01 - [TEST_STEP][PASSED] - verifyTextPresent("address and contact information", true): Text 'address and contact information' is present on page  using regular expression

2021-10-18 23:52:01 - [MESSAGE][PASSED] - Text 'address and contact information' is present on page  using regular expression

2021-10-18 23:52:01 - [TEST_STEP][PASSED] - verifyTextPresent("Filing Status", true): Text 'Filing Status' is present on page  using regular expression

2021-10-18 23:52:01 - [MESSAGE][PASSED] - Text 'Filing Status' is present on page  using regular expression

2021-10-18 23:52:01 - [TEST_STEP][PASSED] - verifyTextPresent("Is this an Individual or Joint Filing?", true): Text 'Is this an Individual or Joint Filing?' is present on page  using regular expression

2021-10-18 23:52:01 - [MESSAGE][PASSED] - Text 'Is this an Individual or Joint Filing?' is present on page  using regular expression

2021-10-18 23:52:01 - [TEST_STEP][PASSED] - verifyTextPresent("Filing type", true): Text 'Filing type' is present on page  using regular expression

2021-10-18 23:52:01 - [MESSAGE][PASSED] - Text 'Filing type' is present on page  using regular expression

2021-10-18 23:52:01 - [TEST_STEP][PASSED] - verifyTextPresent("Individual Filing", true): Text 'Individual Filing' is present on page  using regular expression

2021-10-18 23:52:01 - [MESSAGE][PASSED] - Text 'Individual Filing' is present on page  using regular expression

2021-10-18 23:52:01 - [TEST_STEP][PASSED] - verifyTextPresent("Joint Filing", true): Text 'Joint Filing' is present on page  using regular expression

2021-10-18 23:52:02 - [MESSAGE][PASSED] - Text 'Joint Filing' is present on page  using regular expression

2021-10-18 23:52:02 - [TEST_STEP][PASSED] - verifyTextPresent("Payment Amount", true): Text 'Payment Amount' is present on page  using regular expression

2021-10-18 23:52:02 - [MESSAGE][PASSED] - Text 'Payment Amount' is present on page  using regular expression

2021-10-18 23:52:02 - [TEST_STEP][PASSED] - verifyTextPresent("Service Fee: This electronic government service includes a service/convenience fee. Click here for details", true): Text 'Service Fee: This electronic government service includes a service/convenience fee. Click here for details' is present on page  using regular expression

2021-10-18 23:52:02 - [MESSAGE][PASSED] - Text 'Service Fee: This electronic government service includes a service/convenience fee. Click here for details' is present on page  using regular expression

2021-10-18 23:52:02 - [TEST_STEP][PASSED] - verifyElementPresent(findTestObject(orPath_Amount + "/a_Click here for details"), 30): Object 'Object Repository/RAD_Pages/PaymentAmount_Page/a_Click here for details' is present

2021-10-18 23:52:02 - [MESSAGE][PASSED] - Object 'Object Repository/RAD_Pages/PaymentAmount_Page/a_Click here for details' is present

2021-10-18 23:52:02 - [TEST_STEP][PASSED] - verifyElementPresent(findTestObject(orPath_Landing + "/button_Continue"), 30): Object 'Object Repository/RAD_Pages/Landing_Page/button_Continue' is present

2021-10-18 23:52:02 - [MESSAGE][PASSED] - Object 'Object Repository/RAD_Pages/Landing_Page/button_Continue' is present

2021-10-18 23:52:02 - [TEST_STEP][PASSED] - verifyElementPresent(findTestObject(orPath_TaxPayer + "/input_firstName"), 30): Object 'Object Repository/RAD_Pages/Taxpayer_Page/input_firstName' is present

2021-10-18 23:52:02 - [MESSAGE][PASSED] - Object 'Object Repository/RAD_Pages/Taxpayer_Page/input_firstName' is present

2021-10-18 23:52:02 - [TEST_STEP][PASSED] - verifyElementPresent(findTestObject(orPath_TaxPayer + "/input_middleName"), 30): Object 'Object Repository/RAD_Pages/Taxpayer_Page/input_middleName' is present

2021-10-18 23:52:02 - [MESSAGE][PASSED] - Object 'Object Repository/RAD_Pages/Taxpayer_Page/input_middleName' is present

2021-10-18 23:52:02 - [TEST_STEP][PASSED] - verifyElementPresent(findTestObject(orPath_TaxPayer + "/input_lastName"), 30): Object 'Object Repository/RAD_Pages/Taxpayer_Page/input_lastName' is present

2021-10-18 23:52:02 - [MESSAGE][PASSED] - Object 'Object Repository/RAD_Pages/Taxpayer_Page/input_lastName' is present

2021-10-18 23:52:02 - [TEST_STEP][PASSED] - verifyElementPresent(findTestObject(orPath_TaxPayer + "/input_suffix"), 30): Object 'Object Repository/RAD_Pages/Taxpayer_Page/input_suffix' is present

2021-10-18 23:52:02 - [MESSAGE][PASSED] - Object 'Object Repository/RAD_Pages/Taxpayer_Page/input_suffix' is present

2021-10-18 23:52:02 - [TEST_STEP][PASSED] - verifyElementPresent(findTestObject(orPath_TaxPayer + "/input_PSSN"), 30): Object 'Object Repository/RAD_Pages/Taxpayer_Page/input_PSSN' is present

2021-10-18 23:52:02 - [MESSAGE][PASSED] - Object 'Object Repository/RAD_Pages/Taxpayer_Page/input_PSSN' is present

2021-10-18 23:52:02 - [TEST_STEP][PASSED] - verifyElementPresent(findTestObject(orPath_TaxPayer + "/input_reEnterPSSN"), 30): Object 'Object Repository/RAD_Pages/Taxpayer_Page/input_reEnterPSSN' is present

2021-10-18 23:52:03 - [MESSAGE][PASSED] - Object 'Object Repository/RAD_Pages/Taxpayer_Page/input_reEnterPSSN' is present

2021-10-18 23:52:03 - [TEST_STEP][PASSED] - verifyElementPresent(findTestObject(orPath_AddressContact + "/select_Country"), 30): Object 'Object Repository/RAD_Pages/AddressAndContactInfo_Page/select_Country' is present

2021-10-18 23:52:03 - [MESSAGE][PASSED] - Object 'Object Repository/RAD_Pages/AddressAndContactInfo_Page/select_Country' is present

2021-10-18 23:52:03 - [TEST_STEP][PASSED] - verifyElementPresent(findTestObject(orPath_AddressContact + "/input_streetAddress1"), 30): Object 'Object Repository/RAD_Pages/AddressAndContactInfo_Page/input_streetAddress1' is present

2021-10-18 23:52:03 - [MESSAGE][PASSED] - Object 'Object Repository/RAD_Pages/AddressAndContactInfo_Page/input_streetAddress1' is present

2021-10-18 23:52:03 - [TEST_STEP][PASSED] - verifyElementPresent(findTestObject(orPath_AddressContact + "/input_streetAddress2"), 30): Object 'Object Repository/RAD_Pages/AddressAndContactInfo_Page/input_streetAddress2' is present

2021-10-18 23:52:03 - [MESSAGE][PASSED] - Object 'Object Repository/RAD_Pages/AddressAndContactInfo_Page/input_streetAddress2' is present

2021-10-18 23:52:03 - [TEST_STEP][PASSED] - verifyElementPresent(findTestObject(orPath_AddressContact + "/input_city"), 30): Object 'Object Repository/RAD_Pages/AddressAndContactInfo_Page/input_city' is present

2021-10-18 23:52:03 - [MESSAGE][PASSED] - Object 'Object Repository/RAD_Pages/AddressAndContactInfo_Page/input_city' is present

2021-10-18 23:52:03 - [TEST_STEP][PASSED] - verifyElementPresent(findTestObject(orPath_AddressContact + "/select_State"), 30): Object 'Object Repository/RAD_Pages/AddressAndContactInfo_Page/select_State' is present

2021-10-18 23:52:03 - [MESSAGE][PASSED] - Object 'Object Repository/RAD_Pages/AddressAndContactInfo_Page/select_State' is present

2021-10-18 23:52:03 - [TEST_STEP][PASSED] - verifyElementPresent(findTestObject(orPath_AddressContact + "/input_zipCode"), 30): Object 'Object Repository/RAD_Pages/AddressAndContactInfo_Page/input_zipCode' is present

2021-10-18 23:52:03 - [MESSAGE][PASSED] - Object 'Object Repository/RAD_Pages/AddressAndContactInfo_Page/input_zipCode' is present

2021-10-18 23:52:03 - [TEST_STEP][PASSED] - verifyElementPresent(findTestObject(orPath_AddressContact + "/input_phoneNumber"), 30): Object 'Object Repository/RAD_Pages/AddressAndContactInfo_Page/input_phoneNumber' is present

2021-10-18 23:52:03 - [MESSAGE][PASSED] - Object 'Object Repository/RAD_Pages/AddressAndContactInfo_Page/input_phoneNumber' is present

2021-10-18 23:52:03 - [TEST_STEP][PASSED] - verifyElementPresent(findTestObject(orPath_AddressContact + "/input_eMailAddress"), 30): Object 'Object Repository/RAD_Pages/AddressAndContactInfo_Page/input_eMailAddress' is present

2021-10-18 23:52:03 - [MESSAGE][PASSED] - Object 'Object Repository/RAD_Pages/AddressAndContactInfo_Page/input_eMailAddress' is present

2021-10-18 23:52:03 - [TEST_STEP][PASSED] - verifyElementPresent(findTestObject(orPath_AddressContact + "/input_reEnterEMailAddress"), 30): Object 'Object Repository/RAD_Pages/AddressAndContactInfo_Page/input_reEnterEMailAddress' is present

2021-10-18 23:52:03 - [MESSAGE][PASSED] - Object 'Object Repository/RAD_Pages/AddressAndContactInfo_Page/input_reEnterEMailAddress' is present

2021-10-18 23:52:03 - [TEST_STEP][PASSED] - verifyOptionsPresent(findTestObject(orPath_AddressContact + "/select_Country"), ["United States"]): Options [United States] present.

2021-10-18 23:52:03 - [MESSAGE][PASSED] - Options [United States] present.

2021-10-18 23:52:03 - [TEST_STEP][PASSED] - verifyOptionsPresent(findTestObject(orPath_AddressContact + "/select_State"), ["Alabama", "District of Columbia", "Maryland", "Virginia", "Wyoming"]): Options [Alabama, District of Columbia, Maryland, Virginia, Wyoming] present.

2021-10-18 23:52:04 - [MESSAGE][PASSED] - Options [Alabama, District of Columbia, Maryland, Virginia, Wyoming] present.

2021-10-18 23:52:04 - [TEST_STEP][PASSED] - totalOptionsState = getNumberOfTotalOption(findTestObject(orPath_AddressContact + "/select_State")): 52 options of object 'Object Repository/RAD_Pages/AddressAndContactInfo_Page/select_State' counted

2021-10-18 23:52:04 - [MESSAGE][PASSED] - 52 options of object 'Object Repository/RAD_Pages/AddressAndContactInfo_Page/select_State' counted

2021-10-18 23:52:04 - [TEST_STEP][PASSED] - verifyEqual(totalOptionsState, 52): Actual object '52' and expected object '52' are equal

2021-10-18 23:52:04 - [MESSAGE][PASSED] - Actual object '52' and expected object '52' are equal

2021-10-18 23:52:04 - [TEST_STEP][PASSED] - verifyElementPresent(findTestObject(orPath_FilingStatus + "/input_userType_Individual"), 30): Object 'Object Repository/RAD_Pages/FilingStatus_Page/input_userType_Individual' is present

2021-10-18 23:52:04 - [MESSAGE][PASSED] - Object 'Object Repository/RAD_Pages/FilingStatus_Page/input_userType_Individual' is present

2021-10-18 23:52:04 - [TEST_STEP][PASSED] - verifyElementPresent(findTestObject(orPath_FilingStatus + "/input_userType_Joint"), 30): Object 'Object Repository/RAD_Pages/FilingStatus_Page/input_userType_Joint' is present

2021-10-18 23:52:04 - [MESSAGE][PASSED] - Object 'Object Repository/RAD_Pages/FilingStatus_Page/input_userType_Joint' is present

2021-10-18 23:52:04 - [TEST_STEP][PASSED] - verifyElementPresent(findTestObject(orPath_Amount + "/input__paymentAmount"), 30): Object 'Object Repository/RAD_Pages/PaymentAmount_Page/input__paymentAmount' is present

2021-10-18 23:52:05 - [MESSAGE][PASSED] - Object 'Object Repository/RAD_Pages/PaymentAmount_Page/input__paymentAmount' is present

2021-10-18 23:52:05 - [TEST_STEP][PASSED] - delay(10): Delayed 10 second(s)

2021-10-18 23:52:15 - [MESSAGE][PASSED] - Delayed 10 second(s)

2021-10-18 23:52:15 - [TEST_STEP][PASSED] - scrollToElement(findTestObject(orPath_Amount + "/input__paymentAmount"), 3): Scroll to object 'Object Repository/RAD_Pages/PaymentAmount_Page/input__paymentAmount' successfully

2021-10-18 23:52:15 - [MESSAGE][PASSED] - Scroll to object 'Object Repository/RAD_Pages/PaymentAmount_Page/input__paymentAmount' successfully

2021-10-18 23:52:15 - [TEST_STEP][PASSED] - waitForElementClickable(findTestObject(orPath_FilingStatus + "/input_userType_Joint"), 5): Object 'Object Repository/RAD_Pages/FilingStatus_Page/input_userType_Joint' is clickable

2021-10-18 23:52:15 - [MESSAGE][PASSED] - Object 'Object Repository/RAD_Pages/FilingStatus_Page/input_userType_Joint' is clickable

2021-10-18 23:52:15 - [TEST_STEP][PASSED] - click(findTestObject(orPath_FilingStatus + "/input_userType_Joint")): Object: 'Object Repository/RAD_Pages/FilingStatus_Page/input_userType_Joint' is clicked on

2021-10-18 23:52:15 - [MESSAGE][PASSED] - Object: 'Object Repository/RAD_Pages/FilingStatus_Page/input_userType_Joint' is clicked on

2021-10-18 23:52:15 - [TEST_STEP][PASSED] - verifyTextPresent("Provide the following information for the joint filer", true): Text 'Provide the following information for the joint filer' is present on page  using regular expression

2021-10-18 23:52:15 - [MESSAGE][PASSED] - Text 'Provide the following information for the joint filer' is present on page  using regular expression

2021-10-18 23:52:15 - [TEST_STEP][PASSED] - verifyElementPresent(findTestObject(orPath_FilingStatus + "/input_jointFirstName"), 30): Object 'Object Repository/RAD_Pages/FilingStatus_Page/input_jointFirstName' is present

2021-10-18 23:52:15 - [MESSAGE][PASSED] - Object 'Object Repository/RAD_Pages/FilingStatus_Page/input_jointFirstName' is present

2021-10-18 23:52:15 - [TEST_STEP][PASSED] - verifyElementPresent(findTestObject(orPath_FilingStatus + "/input_jointMiddleName"), 30): Object 'Object Repository/RAD_Pages/FilingStatus_Page/input_jointMiddleName' is present

2021-10-18 23:52:15 - [MESSAGE][PASSED] - Object 'Object Repository/RAD_Pages/FilingStatus_Page/input_jointMiddleName' is present

2021-10-18 23:52:15 - [TEST_STEP][PASSED] - verifyElementPresent(findTestObject(orPath_FilingStatus + "/input_jointLastName"), 30): Object 'Object Repository/RAD_Pages/FilingStatus_Page/input_jointLastName' is present

2021-10-18 23:52:15 - [MESSAGE][PASSED] - Object 'Object Repository/RAD_Pages/FilingStatus_Page/input_jointLastName' is present

2021-10-18 23:52:15 - [TEST_STEP][PASSED] - verifyElementPresent(findTestObject(orPath_FilingStatus + "/input_jointSuffix"), 30): Object 'Object Repository/RAD_Pages/FilingStatus_Page/input_jointSuffix' is present

2021-10-18 23:52:15 - [MESSAGE][PASSED] - Object 'Object Repository/RAD_Pages/FilingStatus_Page/input_jointSuffix' is present

2021-10-18 23:52:15 - [TEST_STEP][PASSED] - verifyElementPresent(findTestObject(orPath_FilingStatus + "/input_jointSSN"), 30): Object 'Object Repository/RAD_Pages/FilingStatus_Page/input_jointSSN' is present

2021-10-18 23:52:16 - [MESSAGE][PASSED] - Object 'Object Repository/RAD_Pages/FilingStatus_Page/input_jointSSN' is present

2021-10-18 23:52:16 - [TEST_STEP][PASSED] - verifyElementPresent(findTestObject(orPath_FilingStatus + "/input_reEnterjointSSN"), 30): Object 'Object Repository/RAD_Pages/FilingStatus_Page/input_reEnterjointSSN' is present

2021-10-18 23:52:16 - [MESSAGE][PASSED] - Object 'Object Repository/RAD_Pages/FilingStatus_Page/input_reEnterjointSSN' is present]]></system-out>
         <system-err><![CDATA[]]></system-err>
      </testcase>
      <testcase name="Test Cases/RAD_TestCases/UI_TestCases/ExtensionPayments_UI_TC" time="12.638" classname="Test Cases/RAD_TestCases/UI_TestCases/ExtensionPayments_UI_TC" status="PASSED">
         <system-out><![CDATA[2021-10-18 23:52:16 - [TEST_CASE][PASSED] - Test Cases/RAD_TestCases/UI_TestCases/ExtensionPayments_UI_TC: Test Cases/RAD_TestCases/UI_TestCases/ExtensionPayments_UI_TC

2021-10-18 23:52:16 - [TEST_STEP][PASSED] - openBrowser(""): Browser is opened with url: ''

2021-10-18 23:52:16 - [MESSAGE][WARNING] - A browser is already opened. Closing browser and opening a new one

2021-10-18 23:52:17 - [MESSAGE][INFO] - Starting 'Edge Chromium' driver

2021-10-18 23:52:19 - [MESSAGE][INFO] - Action delay is set to 0 milliseconds

2021-10-18 23:52:19 - [MESSAGE][PASSED] - Browser is opened with url: ''

2021-10-18 23:52:19 - [TEST_STEP][PASSED] - maximizeWindow(): Current window maximized

2021-10-18 23:52:20 - [MESSAGE][PASSED] - Current window maximized

2021-10-18 23:52:20 - [TEST_STEP][PASSED] - navigateToUrl(RADurl): Navigate to 'https://qa.velocitypayment.com/client/rad/index.html' successfully

2021-10-18 23:52:21 - [MESSAGE][PASSED] - Navigate to 'https://qa.velocitypayment.com/client/rad/index.html' successfully

2021-10-18 23:52:21 - [TEST_STEP][PASSED] - orPath_Landing = "Object Repository/RAD_Pages/Landing_Page": null

2021-10-18 23:52:21 - [TEST_STEP][PASSED] - orPath_TaxTypeFilingYear = "Object Repository/RAD_Pages/TaxTypeFilingYear_Page": null

2021-10-18 23:52:21 - [TEST_STEP][PASSED] - orPath_TaxPayer = "Object Repository/RAD_Pages/Taxpayer_Page": null

2021-10-18 23:52:21 - [TEST_STEP][PASSED] - orPath_AddressContact = "Object Repository/RAD_Pages/AddressAndContactInfo_Page": null

2021-10-18 23:52:21 - [TEST_STEP][PASSED] - orPath_FilingStatus = "Object Repository/RAD_Pages/FilingStatus_Page": null

2021-10-18 23:52:21 - [TEST_STEP][PASSED] - orPath_Amount = "Object Repository/RAD_Pages/PaymentAmount_Page": null

2021-10-18 23:52:21 - [TEST_STEP][PASSED] - selectOptionByLabel(findTestObject(orPath_Landing + "/dd_TaxType"), "Extension Payments", false): All options with label 'Extension Payments' are selected in object 'Object Repository/RAD_Pages/Landing_Page/dd_TaxType' 

2021-10-18 23:52:21 - [MESSAGE][PASSED] - All options with label 'Extension Payments' are selected in object 'Object Repository/RAD_Pages/Landing_Page/dd_TaxType' 

2021-10-18 23:52:21 - [TEST_STEP][PASSED] - verifyElementPresent(findTestObject(orPath_TaxTypeFilingYear + "/select_PaymentType"), 30): Object 'Object Repository/RAD_Pages/TaxTypeFilingYear_Page/select_PaymentType' is present

2021-10-18 23:52:22 - [MESSAGE][PASSED] - Object 'Object Repository/RAD_Pages/TaxTypeFilingYear_Page/select_PaymentType' is present

2021-10-18 23:52:22 - [TEST_STEP][PASSED] - totalOptionsPaymentType = getNumberOfTotalOption(findTestObject(orPath_TaxTypeFilingYear + "/select_PaymentType")): 3 options of object 'Object Repository/RAD_Pages/TaxTypeFilingYear_Page/select_PaymentType' counted

2021-10-18 23:52:22 - [MESSAGE][PASSED] - 3 options of object 'Object Repository/RAD_Pages/TaxTypeFilingYear_Page/select_PaymentType' counted

2021-10-18 23:52:22 - [TEST_STEP][PASSED] - verifyEqual(totalOptionsPaymentType, 3): Actual object '3' and expected object '3' are equal

2021-10-18 23:52:22 - [MESSAGE][PASSED] - Actual object '3' and expected object '3' are equal

2021-10-18 23:52:22 - [TEST_STEP][PASSED] - verifyOptionsPresent(findTestObject(orPath_TaxTypeFilingYear + "/select_PaymentType"), ["Personal", "Corporate"]): Options [Personal, Corporate] present.

2021-10-18 23:52:22 - [MESSAGE][PASSED] - Options [Personal, Corporate] present.

2021-10-18 23:52:22 - [TEST_STEP][PASSED] - verifyElementPresent(findTestObject(orPath_TaxTypeFilingYear + "/select_FilingYear"), 30): Object 'Object Repository/RAD_Pages/TaxTypeFilingYear_Page/select_FilingYear' is present

2021-10-18 23:52:22 - [MESSAGE][PASSED] - Object 'Object Repository/RAD_Pages/TaxTypeFilingYear_Page/select_FilingYear' is present

2021-10-18 23:52:22 - [TEST_STEP][PASSED] - totalOptionsFilingYear = getNumberOfTotalOption(findTestObject(orPath_TaxTypeFilingYear + "/select_FilingYear")): 4 options of object 'Object Repository/RAD_Pages/TaxTypeFilingYear_Page/select_FilingYear' counted

2021-10-18 23:52:22 - [MESSAGE][PASSED] - 4 options of object 'Object Repository/RAD_Pages/TaxTypeFilingYear_Page/select_FilingYear' counted

2021-10-18 23:52:22 - [TEST_STEP][PASSED] - verifyEqual(totalOptionsFilingYear, 4): Actual object '4' and expected object '4' are equal

2021-10-18 23:52:22 - [MESSAGE][PASSED] - Actual object '4' and expected object '4' are equal

2021-10-18 23:52:22 - [TEST_STEP][PASSED] - verifyOptionsPresent(findTestObject(orPath_TaxTypeFilingYear + "/select_FilingYear"), ["2022", "2021", "2020"]): Options [2022, 2021, 2020] present.

2021-10-18 23:52:22 - [MESSAGE][PASSED] - Options [2022, 2021, 2020] present.

2021-10-18 23:52:22 - [TEST_STEP][PASSED] - verifyTextPresent("Tax Type/Filing Year", true): Text 'Tax Type/Filing Year' is present on page  using regular expression

2021-10-18 23:52:22 - [MESSAGE][PASSED] - Text 'Tax Type/Filing Year' is present on page  using regular expression

2021-10-18 23:52:22 - [TEST_STEP][PASSED] - verifyTextPresent("Taxpayer", true): Text 'Taxpayer' is present on page  using regular expression

2021-10-18 23:52:23 - [MESSAGE][PASSED] - Text 'Taxpayer' is present on page  using regular expression

2021-10-18 23:52:23 - [TEST_STEP][PASSED] - verifyTextPresent("Provide the following taxpayer information", true): Text 'Provide the following taxpayer information' is present on page  using regular expression

2021-10-18 23:52:23 - [MESSAGE][PASSED] - Text 'Provide the following taxpayer information' is present on page  using regular expression

2021-10-18 23:52:23 - [TEST_STEP][PASSED] - verifyTextPresent("Note: If you are paying on behalf of the Taxpayer, enter Taxpayer", true): Text 'Note: If you are paying on behalf of the Taxpayer, enter Taxpayer' is present on page  using regular expression

2021-10-18 23:52:23 - [MESSAGE][PASSED] - Text 'Note: If you are paying on behalf of the Taxpayer, enter Taxpayer' is present on page  using regular expression

2021-10-18 23:52:23 - [TEST_STEP][PASSED] - verifyTextPresent("information here. If you are making a payment for the Taxpayer, you will be required later to enter your own credit card, billing address and other pertinent information", true): Text 'information here. If you are making a payment for the Taxpayer, you will be required later to enter your own credit card, billing address and other pertinent information' is present on page  using regular expression

2021-10-18 23:52:23 - [MESSAGE][PASSED] - Text 'information here. If you are making a payment for the Taxpayer, you will be required later to enter your own credit card, billing address and other pertinent information' is present on page  using regular expression

2021-10-18 23:52:23 - [TEST_STEP][PASSED] - verifyTextPresent("Address and Contact Information", true): Text 'Address and Contact Information' is present on page  using regular expression

2021-10-18 23:52:23 - [MESSAGE][PASSED] - Text 'Address and Contact Information' is present on page  using regular expression

2021-10-18 23:52:23 - [TEST_STEP][PASSED] - verifyTextPresent("Enter the taxpayer", true): Text 'Enter the taxpayer' is present on page  using regular expression

2021-10-18 23:52:23 - [MESSAGE][PASSED] - Text 'Enter the taxpayer' is present on page  using regular expression

2021-10-18 23:52:23 - [TEST_STEP][PASSED] - verifyTextPresent("address and contact information", true): Text 'address and contact information' is present on page  using regular expression

2021-10-18 23:52:23 - [MESSAGE][PASSED] - Text 'address and contact information' is present on page  using regular expression

2021-10-18 23:52:23 - [TEST_STEP][PASSED] - verifyTextPresent("Filing Status", true): Text 'Filing Status' is present on page  using regular expression

2021-10-18 23:52:24 - [MESSAGE][PASSED] - Text 'Filing Status' is present on page  using regular expression

2021-10-18 23:52:24 - [TEST_STEP][PASSED] - verifyTextPresent("Is this an Individual or Joint Filing?", true): Text 'Is this an Individual or Joint Filing?' is present on page  using regular expression

2021-10-18 23:52:24 - [MESSAGE][PASSED] - Text 'Is this an Individual or Joint Filing?' is present on page  using regular expression

2021-10-18 23:52:24 - [TEST_STEP][PASSED] - verifyTextPresent("Filing type", true): Text 'Filing type' is present on page  using regular expression

2021-10-18 23:52:24 - [MESSAGE][PASSED] - Text 'Filing type' is present on page  using regular expression

2021-10-18 23:52:24 - [TEST_STEP][PASSED] - verifyTextPresent("Individual Filing", true): Text 'Individual Filing' is present on page  using regular expression

2021-10-18 23:52:24 - [MESSAGE][PASSED] - Text 'Individual Filing' is present on page  using regular expression

2021-10-18 23:52:24 - [TEST_STEP][PASSED] - verifyTextPresent("Joint Filing", true): Text 'Joint Filing' is present on page  using regular expression

2021-10-18 23:52:24 - [MESSAGE][PASSED] - Text 'Joint Filing' is present on page  using regular expression

2021-10-18 23:52:24 - [TEST_STEP][PASSED] - verifyTextPresent("Payment Amount", true): Text 'Payment Amount' is present on page  using regular expression

2021-10-18 23:52:24 - [MESSAGE][PASSED] - Text 'Payment Amount' is present on page  using regular expression

2021-10-18 23:52:24 - [TEST_STEP][PASSED] - verifyTextPresent("Service Fee: This electronic government service includes a service/convenience fee. Click here for details", true): Text 'Service Fee: This electronic government service includes a service/convenience fee. Click here for details' is present on page  using regular expression

2021-10-18 23:52:24 - [MESSAGE][PASSED] - Text 'Service Fee: This electronic government service includes a service/convenience fee. Click here for details' is present on page  using regular expression

2021-10-18 23:52:24 - [TEST_STEP][PASSED] - verifyElementPresent(findTestObject(orPath_Amount + "/a_Click here for details"), 30): Object 'Object Repository/RAD_Pages/PaymentAmount_Page/a_Click here for details' is present

2021-10-18 23:52:25 - [MESSAGE][PASSED] - Object 'Object Repository/RAD_Pages/PaymentAmount_Page/a_Click here for details' is present

2021-10-18 23:52:25 - [TEST_STEP][PASSED] - verifyElementPresent(findTestObject(orPath_Landing + "/button_Continue"), 30): Object 'Object Repository/RAD_Pages/Landing_Page/button_Continue' is present

2021-10-18 23:52:25 - [MESSAGE][PASSED] - Object 'Object Repository/RAD_Pages/Landing_Page/button_Continue' is present

2021-10-18 23:52:25 - [TEST_STEP][PASSED] - verifyElementPresent(findTestObject(orPath_TaxPayer + "/input_firstName"), 30): Object 'Object Repository/RAD_Pages/Taxpayer_Page/input_firstName' is present

2021-10-18 23:52:25 - [MESSAGE][PASSED] - Object 'Object Repository/RAD_Pages/Taxpayer_Page/input_firstName' is present

2021-10-18 23:52:25 - [TEST_STEP][PASSED] - verifyElementPresent(findTestObject(orPath_TaxPayer + "/input_middleName"), 30): Object 'Object Repository/RAD_Pages/Taxpayer_Page/input_middleName' is present

2021-10-18 23:52:25 - [MESSAGE][PASSED] - Object 'Object Repository/RAD_Pages/Taxpayer_Page/input_middleName' is present

2021-10-18 23:52:25 - [TEST_STEP][PASSED] - verifyElementPresent(findTestObject(orPath_TaxPayer + "/input_lastName"), 30): Object 'Object Repository/RAD_Pages/Taxpayer_Page/input_lastName' is present

2021-10-18 23:52:25 - [MESSAGE][PASSED] - Object 'Object Repository/RAD_Pages/Taxpayer_Page/input_lastName' is present

2021-10-18 23:52:25 - [TEST_STEP][PASSED] - verifyElementPresent(findTestObject(orPath_TaxPayer + "/input_suffix"), 30): Object 'Object Repository/RAD_Pages/Taxpayer_Page/input_suffix' is present

2021-10-18 23:52:25 - [MESSAGE][PASSED] - Object 'Object Repository/RAD_Pages/Taxpayer_Page/input_suffix' is present

2021-10-18 23:52:25 - [TEST_STEP][PASSED] - verifyElementPresent(findTestObject(orPath_TaxPayer + "/input_PSSN"), 30): Object 'Object Repository/RAD_Pages/Taxpayer_Page/input_PSSN' is present

2021-10-18 23:52:25 - [MESSAGE][PASSED] - Object 'Object Repository/RAD_Pages/Taxpayer_Page/input_PSSN' is present

2021-10-18 23:52:25 - [TEST_STEP][PASSED] - verifyElementPresent(findTestObject(orPath_TaxPayer + "/input_reEnterPSSN"), 30): Object 'Object Repository/RAD_Pages/Taxpayer_Page/input_reEnterPSSN' is present

2021-10-18 23:52:25 - [MESSAGE][PASSED] - Object 'Object Repository/RAD_Pages/Taxpayer_Page/input_reEnterPSSN' is present

2021-10-18 23:52:25 - [TEST_STEP][PASSED] - verifyElementPresent(findTestObject(orPath_AddressContact + "/select_Country"), 30): Object 'Object Repository/RAD_Pages/AddressAndContactInfo_Page/select_Country' is present

2021-10-18 23:52:25 - [MESSAGE][PASSED] - Object 'Object Repository/RAD_Pages/AddressAndContactInfo_Page/select_Country' is present

2021-10-18 23:52:25 - [TEST_STEP][PASSED] - verifyElementPresent(findTestObject(orPath_AddressContact + "/input_streetAddress1"), 30): Object 'Object Repository/RAD_Pages/AddressAndContactInfo_Page/input_streetAddress1' is present

2021-10-18 23:52:25 - [MESSAGE][PASSED] - Object 'Object Repository/RAD_Pages/AddressAndContactInfo_Page/input_streetAddress1' is present

2021-10-18 23:52:25 - [TEST_STEP][PASSED] - verifyElementPresent(findTestObject(orPath_AddressContact + "/input_streetAddress2"), 30): Object 'Object Repository/RAD_Pages/AddressAndContactInfo_Page/input_streetAddress2' is present

2021-10-18 23:52:25 - [MESSAGE][PASSED] - Object 'Object Repository/RAD_Pages/AddressAndContactInfo_Page/input_streetAddress2' is present

2021-10-18 23:52:25 - [TEST_STEP][PASSED] - verifyElementPresent(findTestObject(orPath_AddressContact + "/input_city"), 30): Object 'Object Repository/RAD_Pages/AddressAndContactInfo_Page/input_city' is present

2021-10-18 23:52:25 - [MESSAGE][PASSED] - Object 'Object Repository/RAD_Pages/AddressAndContactInfo_Page/input_city' is present

2021-10-18 23:52:25 - [TEST_STEP][PASSED] - verifyElementPresent(findTestObject(orPath_AddressContact + "/select_State"), 30): Object 'Object Repository/RAD_Pages/AddressAndContactInfo_Page/select_State' is present

2021-10-18 23:52:25 - [MESSAGE][PASSED] - Object 'Object Repository/RAD_Pages/AddressAndContactInfo_Page/select_State' is present

2021-10-18 23:52:25 - [TEST_STEP][PASSED] - verifyElementPresent(findTestObject(orPath_AddressContact + "/input_zipCode"), 30): Object 'Object Repository/RAD_Pages/AddressAndContactInfo_Page/input_zipCode' is present

2021-10-18 23:52:26 - [MESSAGE][PASSED] - Object 'Object Repository/RAD_Pages/AddressAndContactInfo_Page/input_zipCode' is present

2021-10-18 23:52:26 - [TEST_STEP][PASSED] - verifyElementPresent(findTestObject(orPath_AddressContact + "/input_phoneNumber"), 30): Object 'Object Repository/RAD_Pages/AddressAndContactInfo_Page/input_phoneNumber' is present

2021-10-18 23:52:26 - [MESSAGE][PASSED] - Object 'Object Repository/RAD_Pages/AddressAndContactInfo_Page/input_phoneNumber' is present

2021-10-18 23:52:26 - [TEST_STEP][PASSED] - verifyElementPresent(findTestObject(orPath_AddressContact + "/input_eMailAddress"), 30): Object 'Object Repository/RAD_Pages/AddressAndContactInfo_Page/input_eMailAddress' is present

2021-10-18 23:52:26 - [MESSAGE][PASSED] - Object 'Object Repository/RAD_Pages/AddressAndContactInfo_Page/input_eMailAddress' is present

2021-10-18 23:52:26 - [TEST_STEP][PASSED] - verifyElementPresent(findTestObject(orPath_AddressContact + "/input_reEnterEMailAddress"), 30): Object 'Object Repository/RAD_Pages/AddressAndContactInfo_Page/input_reEnterEMailAddress' is present

2021-10-18 23:52:26 - [MESSAGE][PASSED] - Object 'Object Repository/RAD_Pages/AddressAndContactInfo_Page/input_reEnterEMailAddress' is present

2021-10-18 23:52:26 - [TEST_STEP][PASSED] - verifyOptionsPresent(findTestObject(orPath_AddressContact + "/select_Country"), ["United States"]): Options [United States] present.

2021-10-18 23:52:26 - [MESSAGE][PASSED] - Options [United States] present.

2021-10-18 23:52:26 - [TEST_STEP][PASSED] - verifyOptionsPresent(findTestObject(orPath_AddressContact + "/select_State"), ["Alabama", "District of Columbia", "Maryland", "Virginia", "Wyoming"]): Options [Alabama, District of Columbia, Maryland, Virginia, Wyoming] present.

2021-10-18 23:52:27 - [MESSAGE][PASSED] - Options [Alabama, District of Columbia, Maryland, Virginia, Wyoming] present.

2021-10-18 23:52:27 - [TEST_STEP][PASSED] - totalOptionsState = getNumberOfTotalOption(findTestObject(orPath_AddressContact + "/select_State")): 52 options of object 'Object Repository/RAD_Pages/AddressAndContactInfo_Page/select_State' counted

2021-10-18 23:52:27 - [MESSAGE][PASSED] - 52 options of object 'Object Repository/RAD_Pages/AddressAndContactInfo_Page/select_State' counted

2021-10-18 23:52:27 - [TEST_STEP][PASSED] - verifyEqual(totalOptionsState, 52): Actual object '52' and expected object '52' are equal

2021-10-18 23:52:27 - [MESSAGE][PASSED] - Actual object '52' and expected object '52' are equal

2021-10-18 23:52:27 - [TEST_STEP][PASSED] - verifyElementPresent(findTestObject(orPath_FilingStatus + "/input_userType_Individual"), 30): Object 'Object Repository/RAD_Pages/FilingStatus_Page/input_userType_Individual' is present

2021-10-18 23:52:27 - [MESSAGE][PASSED] - Object 'Object Repository/RAD_Pages/FilingStatus_Page/input_userType_Individual' is present

2021-10-18 23:52:27 - [TEST_STEP][PASSED] - verifyElementPresent(findTestObject(orPath_FilingStatus + "/input_userType_Joint"), 30): Object 'Object Repository/RAD_Pages/FilingStatus_Page/input_userType_Joint' is present

2021-10-18 23:52:27 - [MESSAGE][PASSED] - Object 'Object Repository/RAD_Pages/FilingStatus_Page/input_userType_Joint' is present

2021-10-18 23:52:27 - [TEST_STEP][PASSED] - verifyElementPresent(findTestObject(orPath_Amount + "/input__paymentAmount"), 30): Object 'Object Repository/RAD_Pages/PaymentAmount_Page/input__paymentAmount' is present

2021-10-18 23:52:27 - [MESSAGE][PASSED] - Object 'Object Repository/RAD_Pages/PaymentAmount_Page/input__paymentAmount' is present

2021-10-18 23:52:27 - [TEST_STEP][PASSED] - scrollToElement(findTestObject(orPath_Amount + "/input__paymentAmount"), 3): Scroll to object 'Object Repository/RAD_Pages/PaymentAmount_Page/input__paymentAmount' successfully

2021-10-18 23:52:27 - [MESSAGE][PASSED] - Scroll to object 'Object Repository/RAD_Pages/PaymentAmount_Page/input__paymentAmount' successfully

2021-10-18 23:52:27 - [TEST_STEP][PASSED] - waitForElementClickable(findTestObject(orPath_FilingStatus + "/input_userType_Joint"), 5): Object 'Object Repository/RAD_Pages/FilingStatus_Page/input_userType_Joint' is clickable

2021-10-18 23:52:27 - [MESSAGE][PASSED] - Object 'Object Repository/RAD_Pages/FilingStatus_Page/input_userType_Joint' is clickable

2021-10-18 23:52:27 - [TEST_STEP][PASSED] - click(findTestObject(orPath_FilingStatus + "/input_userType_Joint")): Object: 'Object Repository/RAD_Pages/FilingStatus_Page/input_userType_Joint' is clicked on

2021-10-18 23:52:28 - [MESSAGE][PASSED] - Object: 'Object Repository/RAD_Pages/FilingStatus_Page/input_userType_Joint' is clicked on

2021-10-18 23:52:28 - [TEST_STEP][PASSED] - verifyTextPresent("Provide the following information for the joint filer", true): Text 'Provide the following information for the joint filer' is present on page  using regular expression

2021-10-18 23:52:28 - [MESSAGE][PASSED] - Text 'Provide the following information for the joint filer' is present on page  using regular expression

2021-10-18 23:52:28 - [TEST_STEP][PASSED] - verifyElementPresent(findTestObject(orPath_FilingStatus + "/input_jointFirstName"), 30): Object 'Object Repository/RAD_Pages/FilingStatus_Page/input_jointFirstName' is present

2021-10-18 23:52:28 - [MESSAGE][PASSED] - Object 'Object Repository/RAD_Pages/FilingStatus_Page/input_jointFirstName' is present

2021-10-18 23:52:28 - [TEST_STEP][PASSED] - verifyElementPresent(findTestObject(orPath_FilingStatus + "/input_jointMiddleName"), 30): Object 'Object Repository/RAD_Pages/FilingStatus_Page/input_jointMiddleName' is present

2021-10-18 23:52:28 - [MESSAGE][PASSED] - Object 'Object Repository/RAD_Pages/FilingStatus_Page/input_jointMiddleName' is present

2021-10-18 23:52:28 - [TEST_STEP][PASSED] - verifyElementPresent(findTestObject(orPath_FilingStatus + "/input_jointLastName"), 30): Object 'Object Repository/RAD_Pages/FilingStatus_Page/input_jointLastName' is present

2021-10-18 23:52:28 - [MESSAGE][PASSED] - Object 'Object Repository/RAD_Pages/FilingStatus_Page/input_jointLastName' is present

2021-10-18 23:52:28 - [TEST_STEP][PASSED] - verifyElementPresent(findTestObject(orPath_FilingStatus + "/input_jointSuffix"), 30): Object 'Object Repository/RAD_Pages/FilingStatus_Page/input_jointSuffix' is present

2021-10-18 23:52:28 - [MESSAGE][PASSED] - Object 'Object Repository/RAD_Pages/FilingStatus_Page/input_jointSuffix' is present

2021-10-18 23:52:28 - [TEST_STEP][PASSED] - verifyElementPresent(findTestObject(orPath_FilingStatus + "/input_jointSSN"), 30): Object 'Object Repository/RAD_Pages/FilingStatus_Page/input_jointSSN' is present

2021-10-18 23:52:28 - [MESSAGE][PASSED] - Object 'Object Repository/RAD_Pages/FilingStatus_Page/input_jointSSN' is present

2021-10-18 23:52:28 - [TEST_STEP][PASSED] - verifyElementPresent(findTestObject(orPath_FilingStatus + "/input_reEnterjointSSN"), 30): Object 'Object Repository/RAD_Pages/FilingStatus_Page/input_reEnterjointSSN' is present

2021-10-18 23:52:28 - [MESSAGE][PASSED] - Object 'Object Repository/RAD_Pages/FilingStatus_Page/input_reEnterjointSSN' is present]]></system-out>
         <system-err><![CDATA[]]></system-err>
      </testcase>
      <testcase name="Test Cases/RAD_TestCases/UI_TestCases/WithholdingTax_UI_TC" time="12.343" classname="Test Cases/RAD_TestCases/UI_TestCases/WithholdingTax_UI_TC" status="PASSED">
         <system-out><![CDATA[2021-10-18 23:52:28 - [TEST_CASE][PASSED] - Test Cases/RAD_TestCases/UI_TestCases/WithholdingTax_UI_TC: Test Cases/RAD_TestCases/UI_TestCases/WithholdingTax_UI_TC

2021-10-18 23:52:29 - [TEST_STEP][PASSED] - openBrowser(""): Browser is opened with url: ''

2021-10-18 23:52:29 - [MESSAGE][WARNING] - A browser is already opened. Closing browser and opening a new one

2021-10-18 23:52:30 - [MESSAGE][INFO] - Starting 'Edge Chromium' driver

2021-10-18 23:52:31 - [MESSAGE][INFO] - Action delay is set to 0 milliseconds

2021-10-18 23:52:32 - [MESSAGE][PASSED] - Browser is opened with url: ''

2021-10-18 23:52:32 - [TEST_STEP][PASSED] - maximizeWindow(): Current window maximized

2021-10-18 23:52:32 - [MESSAGE][PASSED] - Current window maximized

2021-10-18 23:52:32 - [TEST_STEP][PASSED] - navigateToUrl(RADurl): Navigate to 'https://qa.velocitypayment.com/client/rad/index.html' successfully

2021-10-18 23:52:33 - [MESSAGE][PASSED] - Navigate to 'https://qa.velocitypayment.com/client/rad/index.html' successfully

2021-10-18 23:52:33 - [TEST_STEP][PASSED] - orPath_Landing = "Object Repository/RAD_Pages/Landing_Page": null

2021-10-18 23:52:33 - [TEST_STEP][PASSED] - orPath_TaxTypeFilingYear = "Object Repository/RAD_Pages/TaxTypeFilingYear_Page": null

2021-10-18 23:52:33 - [TEST_STEP][PASSED] - orPath_TaxPayer = "Object Repository/RAD_Pages/Taxpayer_Page": null

2021-10-18 23:52:33 - [TEST_STEP][PASSED] - orPath_AddressContact = "Object Repository/RAD_Pages/AddressAndContactInfo_Page": null

2021-10-18 23:52:33 - [TEST_STEP][PASSED] - orPath_TaxInfo = "Object Repository/RAD_Pages/TaxInfo_Page": null

2021-10-18 23:52:33 - [TEST_STEP][PASSED] - orPath_Withholding = "Object Repository/RAD_Pages/Withholding_Page": null

2021-10-18 23:52:33 - [TEST_STEP][PASSED] - orPath_FilingStatus = "Object Repository/RAD_Pages/FilingStatus_Page": null

2021-10-18 23:52:33 - [TEST_STEP][PASSED] - orPath_Amount = "Object Repository/RAD_Pages/PaymentAmount_Page": null

2021-10-18 23:52:33 - [TEST_STEP][PASSED] - selectOptionByLabel(findTestObject(orPath_Landing + "/dd_TaxType"), "Withholding Tax", false): All options with label 'Withholding Tax' are selected in object 'Object Repository/RAD_Pages/Landing_Page/dd_TaxType' 

2021-10-18 23:52:34 - [MESSAGE][PASSED] - All options with label 'Withholding Tax' are selected in object 'Object Repository/RAD_Pages/Landing_Page/dd_TaxType' 

2021-10-18 23:52:34 - [TEST_STEP][PASSED] - verifyElementPresent(findTestObject(orPath_TaxTypeFilingYear + "/select_FilingYear"), 30): Object 'Object Repository/RAD_Pages/TaxTypeFilingYear_Page/select_FilingYear' is present

2021-10-18 23:52:34 - [MESSAGE][PASSED] - Object 'Object Repository/RAD_Pages/TaxTypeFilingYear_Page/select_FilingYear' is present

2021-10-18 23:52:34 - [TEST_STEP][PASSED] - totalOptionsFilingYear = getNumberOfTotalOption(findTestObject(orPath_TaxTypeFilingYear + "/select_FilingYear")): 4 options of object 'Object Repository/RAD_Pages/TaxTypeFilingYear_Page/select_FilingYear' counted

2021-10-18 23:52:34 - [MESSAGE][PASSED] - 4 options of object 'Object Repository/RAD_Pages/TaxTypeFilingYear_Page/select_FilingYear' counted

2021-10-18 23:52:34 - [TEST_STEP][PASSED] - verifyEqual(totalOptionsFilingYear, 4): Actual object '4' and expected object '4' are equal

2021-10-18 23:52:34 - [MESSAGE][PASSED] - Actual object '4' and expected object '4' are equal

2021-10-18 23:52:34 - [TEST_STEP][PASSED] - verifyOptionsPresent(findTestObject(orPath_TaxTypeFilingYear + "/select_FilingYear"), ["2022", "2021", "2020"]): Options [2022, 2021, 2020] present.

2021-10-18 23:52:34 - [MESSAGE][PASSED] - Options [2022, 2021, 2020] present.

2021-10-18 23:52:34 - [TEST_STEP][PASSED] - verifyTextPresent("Tax Type/Filing Year", true): Text 'Tax Type/Filing Year' is present on page  using regular expression

2021-10-18 23:52:34 - [MESSAGE][PASSED] - Text 'Tax Type/Filing Year' is present on page  using regular expression

2021-10-18 23:52:34 - [TEST_STEP][PASSED] - verifyTextPresent("Taxpayer", true): Text 'Taxpayer' is present on page  using regular expression

2021-10-18 23:52:34 - [MESSAGE][PASSED] - Text 'Taxpayer' is present on page  using regular expression

2021-10-18 23:52:34 - [TEST_STEP][PASSED] - verifyTextPresent("Provide the following taxpayer information", true): Text 'Provide the following taxpayer information' is present on page  using regular expression

2021-10-18 23:52:35 - [MESSAGE][PASSED] - Text 'Provide the following taxpayer information' is present on page  using regular expression

2021-10-18 23:52:35 - [TEST_STEP][PASSED] - verifyTextPresent("Note: If you are paying on behalf of the Taxpayer, enter Taxpayer", true): Text 'Note: If you are paying on behalf of the Taxpayer, enter Taxpayer' is present on page  using regular expression

2021-10-18 23:52:35 - [MESSAGE][PASSED] - Text 'Note: If you are paying on behalf of the Taxpayer, enter Taxpayer' is present on page  using regular expression

2021-10-18 23:52:35 - [TEST_STEP][PASSED] - verifyTextPresent("information here. If you are making a payment for the Taxpayer, you will be required later to enter your own credit card, billing address and other pertinent information", true): Text 'information here. If you are making a payment for the Taxpayer, you will be required later to enter your own credit card, billing address and other pertinent information' is present on page  using regular expression

2021-10-18 23:52:35 - [MESSAGE][PASSED] - Text 'information here. If you are making a payment for the Taxpayer, you will be required later to enter your own credit card, billing address and other pertinent information' is present on page  using regular expression

2021-10-18 23:52:35 - [TEST_STEP][PASSED] - verifyTextPresent("Address and Contact Information", true): Text 'Address and Contact Information' is present on page  using regular expression

2021-10-18 23:52:35 - [MESSAGE][PASSED] - Text 'Address and Contact Information' is present on page  using regular expression

2021-10-18 23:52:35 - [TEST_STEP][PASSED] - verifyTextPresent("Enter the taxpayer", true): Text 'Enter the taxpayer' is present on page  using regular expression

2021-10-18 23:52:35 - [MESSAGE][PASSED] - Text 'Enter the taxpayer' is present on page  using regular expression

2021-10-18 23:52:35 - [TEST_STEP][PASSED] - verifyTextPresent("address and contact information", true): Text 'address and contact information' is present on page  using regular expression

2021-10-18 23:52:35 - [MESSAGE][PASSED] - Text 'address and contact information' is present on page  using regular expression

2021-10-18 23:52:35 - [TEST_STEP][PASSED] - verifyTextPresent("Tax Information", true): Text 'Tax Information' is present on page  using regular expression

2021-10-18 23:52:35 - [MESSAGE][PASSED] - Text 'Tax Information' is present on page  using regular expression

2021-10-18 23:52:35 - [TEST_STEP][PASSED] - verifyTextPresent("Withholding", true): Text 'Withholding' is present on page  using regular expression

2021-10-18 23:52:36 - [MESSAGE][PASSED] - Text 'Withholding' is present on page  using regular expression

2021-10-18 23:52:36 - [TEST_STEP][PASSED] - verifyTextPresent("Are you filing on an accelerated basis?", true): Text 'Are you filing on an accelerated basis?' is present on page  using regular expression

2021-10-18 23:52:36 - [MESSAGE][PASSED] - Text 'Are you filing on an accelerated basis?' is present on page  using regular expression

2021-10-18 23:52:36 - [TEST_STEP][PASSED] - verifyTextPresent("Yes", true): Text 'Yes' is present on page  using regular expression

2021-10-18 23:52:36 - [MESSAGE][PASSED] - Text 'Yes' is present on page  using regular expression

2021-10-18 23:52:36 - [TEST_STEP][PASSED] - verifyTextPresent("No", true): Text 'No' is present on page  using regular expression

2021-10-18 23:52:36 - [MESSAGE][PASSED] - Text 'No' is present on page  using regular expression

2021-10-18 23:52:36 - [TEST_STEP][PASSED] - verifyTextPresent("Payment Amount", true): Text 'Payment Amount' is present on page  using regular expression

2021-10-18 23:52:36 - [MESSAGE][PASSED] - Text 'Payment Amount' is present on page  using regular expression

2021-10-18 23:52:36 - [TEST_STEP][PASSED] - verifyTextPresent("Service Fee: This electronic government service includes a service/convenience fee. Click here for details", true): Text 'Service Fee: This electronic government service includes a service/convenience fee. Click here for details' is present on page  using regular expression

2021-10-18 23:52:36 - [MESSAGE][PASSED] - Text 'Service Fee: This electronic government service includes a service/convenience fee. Click here for details' is present on page  using regular expression

2021-10-18 23:52:36 - [TEST_STEP][PASSED] - verifyElementPresent(findTestObject(orPath_Amount + "/a_Click here for details"), 30): Object 'Object Repository/RAD_Pages/PaymentAmount_Page/a_Click here for details' is present

2021-10-18 23:52:36 - [MESSAGE][PASSED] - Object 'Object Repository/RAD_Pages/PaymentAmount_Page/a_Click here for details' is present

2021-10-18 23:52:36 - [TEST_STEP][PASSED] - verifyElementPresent(findTestObject(orPath_Landing + "/button_Continue"), 30): Object 'Object Repository/RAD_Pages/Landing_Page/button_Continue' is present

2021-10-18 23:52:37 - [MESSAGE][PASSED] - Object 'Object Repository/RAD_Pages/Landing_Page/button_Continue' is present

2021-10-18 23:52:37 - [TEST_STEP][PASSED] - verifyElementPresent(findTestObject(orPath_TaxPayer + "/input_businessName"), 30): Object 'Object Repository/RAD_Pages/Taxpayer_Page/input_businessName' is present

2021-10-18 23:52:37 - [MESSAGE][PASSED] - Object 'Object Repository/RAD_Pages/Taxpayer_Page/input_businessName' is present

2021-10-18 23:52:37 - [TEST_STEP][PASSED] - verifyElementPresent(findTestObject(orPath_TaxPayer + "/input_firstName"), 30): Object 'Object Repository/RAD_Pages/Taxpayer_Page/input_firstName' is present

2021-10-18 23:52:37 - [MESSAGE][PASSED] - Object 'Object Repository/RAD_Pages/Taxpayer_Page/input_firstName' is present

2021-10-18 23:52:37 - [TEST_STEP][PASSED] - verifyElementPresent(findTestObject(orPath_TaxPayer + "/input_middleName"), 30): Object 'Object Repository/RAD_Pages/Taxpayer_Page/input_middleName' is present

2021-10-18 23:52:37 - [MESSAGE][PASSED] - Object 'Object Repository/RAD_Pages/Taxpayer_Page/input_middleName' is present

2021-10-18 23:52:37 - [TEST_STEP][PASSED] - verifyElementPresent(findTestObject(orPath_TaxPayer + "/input_lastName"), 30): Object 'Object Repository/RAD_Pages/Taxpayer_Page/input_lastName' is present

2021-10-18 23:52:37 - [MESSAGE][PASSED] - Object 'Object Repository/RAD_Pages/Taxpayer_Page/input_lastName' is present

2021-10-18 23:52:37 - [TEST_STEP][PASSED] - verifyElementPresent(findTestObject(orPath_TaxPayer + "/input_suffix"), 30): Object 'Object Repository/RAD_Pages/Taxpayer_Page/input_suffix' is present

2021-10-18 23:52:37 - [MESSAGE][PASSED] - Object 'Object Repository/RAD_Pages/Taxpayer_Page/input_suffix' is present

2021-10-18 23:52:37 - [TEST_STEP][PASSED] - verifyElementPresent(findTestObject(orPath_AddressContact + "/select_Country"), 30): Object 'Object Repository/RAD_Pages/AddressAndContactInfo_Page/select_Country' is present

2021-10-18 23:52:37 - [MESSAGE][PASSED] - Object 'Object Repository/RAD_Pages/AddressAndContactInfo_Page/select_Country' is present

2021-10-18 23:52:37 - [TEST_STEP][PASSED] - verifyElementPresent(findTestObject(orPath_AddressContact + "/input_streetAddress1"), 30): Object 'Object Repository/RAD_Pages/AddressAndContactInfo_Page/input_streetAddress1' is present

2021-10-18 23:52:37 - [MESSAGE][PASSED] - Object 'Object Repository/RAD_Pages/AddressAndContactInfo_Page/input_streetAddress1' is present

2021-10-18 23:52:37 - [TEST_STEP][PASSED] - verifyElementPresent(findTestObject(orPath_AddressContact + "/input_streetAddress2"), 30): Object 'Object Repository/RAD_Pages/AddressAndContactInfo_Page/input_streetAddress2' is present

2021-10-18 23:52:37 - [MESSAGE][PASSED] - Object 'Object Repository/RAD_Pages/AddressAndContactInfo_Page/input_streetAddress2' is present

2021-10-18 23:52:37 - [TEST_STEP][PASSED] - verifyElementPresent(findTestObject(orPath_AddressContact + "/input_city"), 30): Object 'Object Repository/RAD_Pages/AddressAndContactInfo_Page/input_city' is present

2021-10-18 23:52:37 - [MESSAGE][PASSED] - Object 'Object Repository/RAD_Pages/AddressAndContactInfo_Page/input_city' is present

2021-10-18 23:52:37 - [TEST_STEP][PASSED] - verifyElementPresent(findTestObject(orPath_AddressContact + "/select_State"), 30): Object 'Object Repository/RAD_Pages/AddressAndContactInfo_Page/select_State' is present

2021-10-18 23:52:37 - [MESSAGE][PASSED] - Object 'Object Repository/RAD_Pages/AddressAndContactInfo_Page/select_State' is present

2021-10-18 23:52:37 - [TEST_STEP][PASSED] - verifyElementPresent(findTestObject(orPath_AddressContact + "/input_zipCode"), 30): Object 'Object Repository/RAD_Pages/AddressAndContactInfo_Page/input_zipCode' is present

2021-10-18 23:52:37 - [MESSAGE][PASSED] - Object 'Object Repository/RAD_Pages/AddressAndContactInfo_Page/input_zipCode' is present

2021-10-18 23:52:37 - [TEST_STEP][PASSED] - verifyElementPresent(findTestObject(orPath_AddressContact + "/input_phoneNumber"), 30): Object 'Object Repository/RAD_Pages/AddressAndContactInfo_Page/input_phoneNumber' is present

2021-10-18 23:52:37 - [MESSAGE][PASSED] - Object 'Object Repository/RAD_Pages/AddressAndContactInfo_Page/input_phoneNumber' is present

2021-10-18 23:52:37 - [TEST_STEP][PASSED] - verifyElementPresent(findTestObject(orPath_AddressContact + "/input_eMailAddress"), 30): Object 'Object Repository/RAD_Pages/AddressAndContactInfo_Page/input_eMailAddress' is present

2021-10-18 23:52:38 - [MESSAGE][PASSED] - Object 'Object Repository/RAD_Pages/AddressAndContactInfo_Page/input_eMailAddress' is present

2021-10-18 23:52:38 - [TEST_STEP][PASSED] - verifyElementPresent(findTestObject(orPath_AddressContact + "/input_reEnterEMailAddress"), 30): Object 'Object Repository/RAD_Pages/AddressAndContactInfo_Page/input_reEnterEMailAddress' is present

2021-10-18 23:52:38 - [MESSAGE][PASSED] - Object 'Object Repository/RAD_Pages/AddressAndContactInfo_Page/input_reEnterEMailAddress' is present

2021-10-18 23:52:38 - [TEST_STEP][PASSED] - verifyOptionsPresent(findTestObject(orPath_AddressContact + "/select_Country"), ["United States"]): Options [United States] present.

2021-10-18 23:52:38 - [MESSAGE][PASSED] - Options [United States] present.

2021-10-18 23:52:38 - [TEST_STEP][PASSED] - verifyOptionsPresent(findTestObject(orPath_AddressContact + "/select_State"), ["Alabama", "District of Columbia", "Maryland", "Virginia", "Wyoming"]): Options [Alabama, District of Columbia, Maryland, Virginia, Wyoming] present.

2021-10-18 23:52:38 - [MESSAGE][PASSED] - Options [Alabama, District of Columbia, Maryland, Virginia, Wyoming] present.

2021-10-18 23:52:38 - [TEST_STEP][PASSED] - totalOptionsState = getNumberOfTotalOption(findTestObject(orPath_AddressContact + "/select_State")): 52 options of object 'Object Repository/RAD_Pages/AddressAndContactInfo_Page/select_State' counted

2021-10-18 23:52:39 - [MESSAGE][PASSED] - 52 options of object 'Object Repository/RAD_Pages/AddressAndContactInfo_Page/select_State' counted

2021-10-18 23:52:39 - [TEST_STEP][PASSED] - verifyEqual(totalOptionsState, 52): Actual object '52' and expected object '52' are equal

2021-10-18 23:52:39 - [MESSAGE][PASSED] - Actual object '52' and expected object '52' are equal

2021-10-18 23:52:39 - [TEST_STEP][PASSED] - verifyElementPresent(findTestObject(orPath_TaxInfo + "/input_FEIN"), 30): Object 'Object Repository/RAD_Pages/TaxInfo_Page/input_FEIN' is present

2021-10-18 23:52:39 - [MESSAGE][PASSED] - Object 'Object Repository/RAD_Pages/TaxInfo_Page/input_FEIN' is present

2021-10-18 23:52:39 - [TEST_STEP][PASSED] - verifyElementPresent(findTestObject(orPath_TaxInfo + "/input_ReTypeFEIN"), 30): Object 'Object Repository/RAD_Pages/TaxInfo_Page/input_ReTypeFEIN' is present

2021-10-18 23:52:39 - [MESSAGE][PASSED] - Object 'Object Repository/RAD_Pages/TaxInfo_Page/input_ReTypeFEIN' is present

2021-10-18 23:52:39 - [TEST_STEP][PASSED] - verifyElementPresent(findTestObject(orPath_TaxInfo + "/input_MDCRegistration"), 30): Object 'Object Repository/RAD_Pages/TaxInfo_Page/input_MDCRegistration' is present

2021-10-18 23:52:39 - [MESSAGE][PASSED] - Object 'Object Repository/RAD_Pages/TaxInfo_Page/input_MDCRegistration' is present

2021-10-18 23:52:39 - [TEST_STEP][PASSED] - scrollToElement(findTestObject(orPath_Withholding + "/input_acceleratedBasis_Yes"), 3): Scroll to object 'Object Repository/RAD_Pages/Withholding_Page/input_acceleratedBasis_Yes' successfully

2021-10-18 23:52:39 - [MESSAGE][PASSED] - Scroll to object 'Object Repository/RAD_Pages/Withholding_Page/input_acceleratedBasis_Yes' successfully

2021-10-18 23:52:39 - [TEST_STEP][PASSED] - verifyElementPresent(findTestObject(orPath_Withholding + "/input_acceleratedBasis_Yes"), 30): Object 'Object Repository/RAD_Pages/Withholding_Page/input_acceleratedBasis_Yes' is present

2021-10-18 23:52:39 - [MESSAGE][PASSED] - Object 'Object Repository/RAD_Pages/Withholding_Page/input_acceleratedBasis_Yes' is present

2021-10-18 23:52:39 - [TEST_STEP][PASSED] - verifyElementPresent(findTestObject(orPath_Withholding + "/input_acceleratedBasis_No"), 30): Object 'Object Repository/RAD_Pages/Withholding_Page/input_acceleratedBasis_No' is present

2021-10-18 23:52:39 - [MESSAGE][PASSED] - Object 'Object Repository/RAD_Pages/Withholding_Page/input_acceleratedBasis_No' is present

2021-10-18 23:52:39 - [TEST_STEP][PASSED] - verifyElementPresent(findTestObject(orPath_Withholding + "/input_PayDate"), 30): Object 'Object Repository/RAD_Pages/Withholding_Page/input_PayDate' is present

2021-10-18 23:52:39 - [MESSAGE][PASSED] - Object 'Object Repository/RAD_Pages/Withholding_Page/input_PayDate' is present

2021-10-18 23:52:39 - [TEST_STEP][PASSED] - verifyElementPresent(findTestObject(orPath_Withholding + "/input__WithholdingTaxReported"), 30): Object 'Object Repository/RAD_Pages/Withholding_Page/input__WithholdingTaxReported' is present

2021-10-18 23:52:40 - [MESSAGE][PASSED] - Object 'Object Repository/RAD_Pages/Withholding_Page/input__WithholdingTaxReported' is present

2021-10-18 23:52:40 - [TEST_STEP][PASSED] - scrollToElement(findTestObject(orPath_Withholding + "/input_acceleratedBasis_No"), 3): Scroll to object 'Object Repository/RAD_Pages/Withholding_Page/input_acceleratedBasis_No' successfully

2021-10-18 23:52:40 - [MESSAGE][PASSED] - Scroll to object 'Object Repository/RAD_Pages/Withholding_Page/input_acceleratedBasis_No' successfully

2021-10-18 23:52:40 - [TEST_STEP][PASSED] - click(findTestObject(orPath_Withholding + "/input_acceleratedBasis_No")): Object: 'Object Repository/RAD_Pages/Withholding_Page/input_acceleratedBasis_No' is clicked on

2021-10-18 23:52:40 - [MESSAGE][PASSED] - Object: 'Object Repository/RAD_Pages/Withholding_Page/input_acceleratedBasis_No' is clicked on

2021-10-18 23:52:40 - [TEST_STEP][PASSED] - verifyElementPresent(findTestObject(orPath_Withholding + "/select_Month"), 30): Object 'Object Repository/RAD_Pages/Withholding_Page/select_Month' is present

2021-10-18 23:52:40 - [MESSAGE][PASSED] - Object 'Object Repository/RAD_Pages/Withholding_Page/select_Month' is present

2021-10-18 23:52:40 - [TEST_STEP][PASSED] - verifyElementPresent(findTestObject(orPath_Withholding + "/input__WithholdingTaxReported"), 30): Object 'Object Repository/RAD_Pages/Withholding_Page/input__WithholdingTaxReported' is present

2021-10-18 23:52:40 - [MESSAGE][PASSED] - Object 'Object Repository/RAD_Pages/Withholding_Page/input__WithholdingTaxReported' is present

2021-10-18 23:52:40 - [TEST_STEP][PASSED] - totalOptionsPeriodEnding = getNumberOfTotalOption(findTestObject(orPath_Withholding + "/select_Month")): 13 options of object 'Object Repository/RAD_Pages/Withholding_Page/select_Month' counted

2021-10-18 23:52:40 - [MESSAGE][PASSED] - 13 options of object 'Object Repository/RAD_Pages/Withholding_Page/select_Month' counted

2021-10-18 23:52:40 - [TEST_STEP][PASSED] - verifyEqual(totalOptionsPeriodEnding, 13): Actual object '13' and expected object '13' are equal

2021-10-18 23:52:40 - [MESSAGE][PASSED] - Actual object '13' and expected object '13' are equal

2021-10-18 23:52:40 - [TEST_STEP][PASSED] - verifyOptionsPresent(findTestObject(orPath_Withholding + "/select_Month"), ["January", "February", "March", "April", "May", "June"]): Options [January, February, March, April, May, June] present.

2021-10-18 23:52:40 - [MESSAGE][PASSED] - Options [January, February, March, April, May, June] present.

2021-10-18 23:52:40 - [TEST_STEP][PASSED] - verifyOptionsPresent(findTestObject(orPath_Withholding + "/select_Month"), ["July", "August", "September", "October", "November", "December"]): Options [July, August, September, October, November, December] present.

2021-10-18 23:52:41 - [MESSAGE][PASSED] - Options [July, August, September, October, November, December] present.

2021-10-18 23:52:41 - [TEST_STEP][PASSED] - verifyElementPresent(findTestObject(orPath_Amount + "/input__paymentAmount"), 30): Object 'Object Repository/RAD_Pages/PaymentAmount_Page/input__paymentAmount' is present

2021-10-18 23:52:41 - [MESSAGE][PASSED] - Object 'Object Repository/RAD_Pages/PaymentAmount_Page/input__paymentAmount' is present]]></system-out>
         <system-err><![CDATA[]]></system-err>
      </testcase>
      <testcase name="Test Cases/RAD_TestCases/UI_TestCases/SalesAndUse_UI_TC" time="14.043" classname="Test Cases/RAD_TestCases/UI_TestCases/SalesAndUse_UI_TC" status="PASSED">
         <system-out><![CDATA[2021-10-18 23:52:41 - [TEST_CASE][PASSED] - Test Cases/RAD_TestCases/UI_TestCases/SalesAndUse_UI_TC: Test Cases/RAD_TestCases/UI_TestCases/SalesAndUse_UI_TC

2021-10-18 23:52:41 - [TEST_STEP][PASSED] - openBrowser(""): Browser is opened with url: ''

2021-10-18 23:52:41 - [MESSAGE][WARNING] - A browser is already opened. Closing browser and opening a new one

2021-10-18 23:52:42 - [MESSAGE][INFO] - Starting 'Edge Chromium' driver

2021-10-18 23:52:44 - [MESSAGE][INFO] - Action delay is set to 0 milliseconds

2021-10-18 23:52:44 - [MESSAGE][PASSED] - Browser is opened with url: ''

2021-10-18 23:52:44 - [TEST_STEP][PASSED] - maximizeWindow(): Current window maximized

2021-10-18 23:52:45 - [MESSAGE][PASSED] - Current window maximized

2021-10-18 23:52:45 - [TEST_STEP][PASSED] - navigateToUrl(RADurl): Navigate to 'https://qa.velocitypayment.com/client/rad/index.html' successfully

2021-10-18 23:52:46 - [MESSAGE][PASSED] - Navigate to 'https://qa.velocitypayment.com/client/rad/index.html' successfully

2021-10-18 23:52:46 - [TEST_STEP][PASSED] - orPath_Landing = "Object Repository/RAD_Pages/Landing_Page": null

2021-10-18 23:52:46 - [TEST_STEP][PASSED] - orPath_TaxTypeFilingYear = "Object Repository/RAD_Pages/TaxTypeFilingYear_Page": null

2021-10-18 23:52:46 - [TEST_STEP][PASSED] - orPath_TaxPayer = "Object Repository/RAD_Pages/Taxpayer_Page": null

2021-10-18 23:52:46 - [TEST_STEP][PASSED] - orPath_AddressContact = "Object Repository/RAD_Pages/AddressAndContactInfo_Page": null

2021-10-18 23:52:46 - [TEST_STEP][PASSED] - orPath_TaxInfo = "Object Repository/RAD_Pages/TaxInfo_Page": null

2021-10-18 23:52:46 - [TEST_STEP][PASSED] - orPath_Withholding = "Object Repository/RAD_Pages/Withholding_Page": null

2021-10-18 23:52:46 - [TEST_STEP][PASSED] - orPath_FilingStatus = "Object Repository/RAD_Pages/FilingStatus_Page": null

2021-10-18 23:52:46 - [TEST_STEP][PASSED] - orPath_Amount = "Object Repository/RAD_Pages/PaymentAmount_Page": null

2021-10-18 23:52:46 - [TEST_STEP][PASSED] - orPath_SalesTaxReturnInfo = "Object Repository/RAD_Pages/SalesTaxReturnInfo_Page": null

2021-10-18 23:52:46 - [TEST_STEP][PASSED] - selectOptionByLabel(findTestObject(orPath_Landing + "/dd_TaxType"), "Sales and Use", false): All options with label 'Sales and Use' are selected in object 'Object Repository/RAD_Pages/Landing_Page/dd_TaxType' 

2021-10-18 23:52:47 - [MESSAGE][PASSED] - All options with label 'Sales and Use' are selected in object 'Object Repository/RAD_Pages/Landing_Page/dd_TaxType' 

2021-10-18 23:52:47 - [TEST_STEP][PASSED] - verifyElementPresent(findTestObject(orPath_TaxTypeFilingYear + "/select_FilingYear"), 30): Object 'Object Repository/RAD_Pages/TaxTypeFilingYear_Page/select_FilingYear' is present

2021-10-18 23:52:47 - [MESSAGE][PASSED] - Object 'Object Repository/RAD_Pages/TaxTypeFilingYear_Page/select_FilingYear' is present

2021-10-18 23:52:47 - [TEST_STEP][PASSED] - totalOptionsFilingYear = getNumberOfTotalOption(findTestObject(orPath_TaxTypeFilingYear + "/select_FilingYear")): 4 options of object 'Object Repository/RAD_Pages/TaxTypeFilingYear_Page/select_FilingYear' counted

2021-10-18 23:52:47 - [MESSAGE][PASSED] - 4 options of object 'Object Repository/RAD_Pages/TaxTypeFilingYear_Page/select_FilingYear' counted

2021-10-18 23:52:47 - [TEST_STEP][PASSED] - verifyEqual(totalOptionsFilingYear, 4): Actual object '4' and expected object '4' are equal

2021-10-18 23:52:47 - [MESSAGE][PASSED] - Actual object '4' and expected object '4' are equal

2021-10-18 23:52:47 - [TEST_STEP][PASSED] - verifyOptionsPresent(findTestObject(orPath_TaxTypeFilingYear + "/select_FilingYear"), ["2022", "2021", "2020"]): Options [2022, 2021, 2020] present.

2021-10-18 23:52:47 - [MESSAGE][PASSED] - Options [2022, 2021, 2020] present.

2021-10-18 23:52:47 - [TEST_STEP][PASSED] - verifyElementPresent(findTestObject(orPath_TaxTypeFilingYear + "/select_PeriodEnding"), 30): Object 'Object Repository/RAD_Pages/TaxTypeFilingYear_Page/select_PeriodEnding' is present

2021-10-18 23:52:47 - [MESSAGE][PASSED] - Object 'Object Repository/RAD_Pages/TaxTypeFilingYear_Page/select_PeriodEnding' is present

2021-10-18 23:52:47 - [TEST_STEP][PASSED] - totalOptionsPeriodEnding = getNumberOfTotalOption(findTestObject(orPath_TaxTypeFilingYear + "/select_PeriodEnding")): 13 options of object 'Object Repository/RAD_Pages/TaxTypeFilingYear_Page/select_PeriodEnding' counted

2021-10-18 23:52:47 - [MESSAGE][PASSED] - 13 options of object 'Object Repository/RAD_Pages/TaxTypeFilingYear_Page/select_PeriodEnding' counted

2021-10-18 23:52:47 - [TEST_STEP][PASSED] - verifyEqual(totalOptionsPeriodEnding, 13): Actual object '13' and expected object '13' are equal

2021-10-18 23:52:47 - [MESSAGE][PASSED] - Actual object '13' and expected object '13' are equal

2021-10-18 23:52:47 - [TEST_STEP][PASSED] - verifyOptionsPresent(findTestObject(orPath_TaxTypeFilingYear + "/select_PeriodEnding"), ["January", "February", "March", "April", "May", "June"]): Options [January, February, March, April, May, June] present.

2021-10-18 23:52:48 - [MESSAGE][PASSED] - Options [January, February, March, April, May, June] present.

2021-10-18 23:52:48 - [TEST_STEP][PASSED] - verifyOptionsPresent(findTestObject(orPath_TaxTypeFilingYear + "/select_PeriodEnding"), ["July", "August", "September", "October", "November", "December"]): Options [July, August, September, October, November, December] present.

2021-10-18 23:52:48 - [MESSAGE][PASSED] - Options [July, August, September, October, November, December] present.

2021-10-18 23:52:48 - [TEST_STEP][PASSED] - verifyTextPresent("Tax Type/Filing Year", true): Text 'Tax Type/Filing Year' is present on page  using regular expression

2021-10-18 23:52:48 - [MESSAGE][PASSED] - Text 'Tax Type/Filing Year' is present on page  using regular expression

2021-10-18 23:52:48 - [TEST_STEP][PASSED] - verifyTextPresent("Taxpayer", true): Text 'Taxpayer' is present on page  using regular expression

2021-10-18 23:52:48 - [MESSAGE][PASSED] - Text 'Taxpayer' is present on page  using regular expression

2021-10-18 23:52:48 - [TEST_STEP][PASSED] - verifyTextPresent("Provide the following taxpayer information", true): Text 'Provide the following taxpayer information' is present on page  using regular expression

2021-10-18 23:52:48 - [MESSAGE][PASSED] - Text 'Provide the following taxpayer information' is present on page  using regular expression

2021-10-18 23:52:48 - [TEST_STEP][PASSED] - verifyTextPresent("Note: If you are paying on behalf of the Taxpayer, enter Taxpayer", true): Text 'Note: If you are paying on behalf of the Taxpayer, enter Taxpayer' is present on page  using regular expression

2021-10-18 23:52:49 - [MESSAGE][PASSED] - Text 'Note: If you are paying on behalf of the Taxpayer, enter Taxpayer' is present on page  using regular expression

2021-10-18 23:52:49 - [TEST_STEP][PASSED] - verifyTextPresent("information here. If you are making a payment for the Taxpayer, you will be required later to enter your own credit card, billing address and other pertinent information", true): Text 'information here. If you are making a payment for the Taxpayer, you will be required later to enter your own credit card, billing address and other pertinent information' is present on page  using regular expression

2021-10-18 23:52:49 - [MESSAGE][PASSED] - Text 'information here. If you are making a payment for the Taxpayer, you will be required later to enter your own credit card, billing address and other pertinent information' is present on page  using regular expression

2021-10-18 23:52:49 - [TEST_STEP][PASSED] - verifyTextPresent("Address and Contact Information", true): Text 'Address and Contact Information' is present on page  using regular expression

2021-10-18 23:52:49 - [MESSAGE][PASSED] - Text 'Address and Contact Information' is present on page  using regular expression

2021-10-18 23:52:49 - [TEST_STEP][PASSED] - verifyTextPresent("Enter the taxpayer", true): Text 'Enter the taxpayer' is present on page  using regular expression

2021-10-18 23:52:49 - [MESSAGE][PASSED] - Text 'Enter the taxpayer' is present on page  using regular expression

2021-10-18 23:52:49 - [TEST_STEP][PASSED] - verifyTextPresent("address and contact information", true): Text 'address and contact information' is present on page  using regular expression

2021-10-18 23:52:50 - [MESSAGE][PASSED] - Text 'address and contact information' is present on page  using regular expression

2021-10-18 23:52:50 - [TEST_STEP][PASSED] - verifyTextPresent("Tax Information", true): Text 'Tax Information' is present on page  using regular expression

2021-10-18 23:52:50 - [MESSAGE][PASSED] - Text 'Tax Information' is present on page  using regular expression

2021-10-18 23:52:50 - [TEST_STEP][PASSED] - verifyTextPresent("Sales Tax Return Information", true): Text 'Sales Tax Return Information' is present on page  using regular expression

2021-10-18 23:52:50 - [MESSAGE][PASSED] - Text 'Sales Tax Return Information' is present on page  using regular expression

2021-10-18 23:52:50 - [TEST_STEP][PASSED] - verifyTextPresent("Check here if you are a marketplace facilitator", true): Text 'Check here if you are a marketplace facilitator' is present on page  using regular expression

2021-10-18 23:52:50 - [MESSAGE][PASSED] - Text 'Check here if you are a marketplace facilitator' is present on page  using regular expression

2021-10-18 23:52:50 - [TEST_STEP][PASSED] - verifyTextPresent("Check here if you are a person that engages in the business of an out-of-state vendor and in the previous calendar year you either", true): Text 'Check here if you are a person that engages in the business of an out-of-state vendor and in the previous calendar year you either' is present on page  using regular expression

2021-10-18 23:52:50 - [MESSAGE][PASSED] - Text 'Check here if you are a person that engages in the business of an out-of-state vendor and in the previous calendar year you either' is present on page  using regular expression

2021-10-18 23:52:50 - [TEST_STEP][PASSED] - verifyTextPresent("in gross revenue from the sale of tangible personal property or taxable services delivered in the State", true): Text 'in gross revenue from the sale of tangible personal property or taxable services delivered in the State' is present on page  using regular expression

2021-10-18 23:52:51 - [MESSAGE][PASSED] - Text 'in gross revenue from the sale of tangible personal property or taxable services delivered in the State' is present on page  using regular expression

2021-10-18 23:52:51 - [TEST_STEP][PASSED] - verifyTextPresent("sold tangible personal property or taxable services for delivery into the State in 200 or more separate transactions", true): Text 'sold tangible personal property or taxable services for delivery into the State in 200 or more separate transactions' is present on page  using regular expression

2021-10-18 23:52:51 - [MESSAGE][PASSED] - Text 'sold tangible personal property or taxable services for delivery into the State in 200 or more separate transactions' is present on page  using regular expression

2021-10-18 23:52:51 - [TEST_STEP][PASSED] - verifyTextPresent("Maryland Form 202", true): Text 'Maryland Form 202' is present on page  using regular expression

2021-10-18 23:52:51 - [MESSAGE][PASSED] - Text 'Maryland Form 202' is present on page  using regular expression

2021-10-18 23:52:51 - [TEST_STEP][PASSED] - verifyTextPresent("Refer to your Maryland Sales Tax Instructions to complete the following", true): Text 'Refer to your Maryland Sales Tax Instructions to complete the following' is present on page  using regular expression

2021-10-18 23:52:51 - [MESSAGE][PASSED] - Text 'Refer to your Maryland Sales Tax Instructions to complete the following' is present on page  using regular expression

2021-10-18 23:52:51 - [TEST_STEP][PASSED] - verifyTextPresent("Lines 19.a. through 19.c. are for returns with period end dates later than 7-1-2013", true): Text 'Lines 19.a. through 19.c. are for returns with period end dates later than 7-1-2013' is present on page  using regular expression

2021-10-18 23:52:51 - [MESSAGE][PASSED] - Text 'Lines 19.a. through 19.c. are for returns with period end dates later than 7-1-2013' is present on page  using regular expression

2021-10-18 23:52:51 - [TEST_STEP][PASSED] - verifyTextPresent("Payment Amount", true): Text 'Payment Amount' is present on page  using regular expression

2021-10-18 23:52:52 - [MESSAGE][PASSED] - Text 'Payment Amount' is present on page  using regular expression

2021-10-18 23:52:52 - [TEST_STEP][PASSED] - verifyTextPresent("Service Fee: This electronic government service includes a service/convenience fee. Click here for details", true): Text 'Service Fee: This electronic government service includes a service/convenience fee. Click here for details' is present on page  using regular expression

2021-10-18 23:52:52 - [MESSAGE][PASSED] - Text 'Service Fee: This electronic government service includes a service/convenience fee. Click here for details' is present on page  using regular expression

2021-10-18 23:52:52 - [TEST_STEP][PASSED] - verifyElementPresent(findTestObject(orPath_Amount + "/a_Click here for details"), 30): Object 'Object Repository/RAD_Pages/PaymentAmount_Page/a_Click here for details' is present

2021-10-18 23:52:52 - [MESSAGE][PASSED] - Object 'Object Repository/RAD_Pages/PaymentAmount_Page/a_Click here for details' is present

2021-10-18 23:52:52 - [TEST_STEP][PASSED] - verifyElementPresent(findTestObject(orPath_Landing + "/button_Continue"), 30): Object 'Object Repository/RAD_Pages/Landing_Page/button_Continue' is present

2021-10-18 23:52:52 - [MESSAGE][PASSED] - Object 'Object Repository/RAD_Pages/Landing_Page/button_Continue' is present

2021-10-18 23:52:52 - [TEST_STEP][PASSED] - verifyElementPresent(findTestObject(orPath_TaxPayer + "/input_businessName"), 30): Object 'Object Repository/RAD_Pages/Taxpayer_Page/input_businessName' is present

2021-10-18 23:52:52 - [MESSAGE][PASSED] - Object 'Object Repository/RAD_Pages/Taxpayer_Page/input_businessName' is present

2021-10-18 23:52:52 - [TEST_STEP][PASSED] - verifyElementPresent(findTestObject(orPath_TaxPayer + "/input_firstName"), 30): Object 'Object Repository/RAD_Pages/Taxpayer_Page/input_firstName' is present

2021-10-18 23:52:52 - [MESSAGE][PASSED] - Object 'Object Repository/RAD_Pages/Taxpayer_Page/input_firstName' is present

2021-10-18 23:52:52 - [TEST_STEP][PASSED] - verifyElementPresent(findTestObject(orPath_TaxPayer + "/input_middleName"), 30): Object 'Object Repository/RAD_Pages/Taxpayer_Page/input_middleName' is present

2021-10-18 23:52:52 - [MESSAGE][PASSED] - Object 'Object Repository/RAD_Pages/Taxpayer_Page/input_middleName' is present

2021-10-18 23:52:52 - [TEST_STEP][PASSED] - verifyElementPresent(findTestObject(orPath_TaxPayer + "/input_lastName"), 30): Object 'Object Repository/RAD_Pages/Taxpayer_Page/input_lastName' is present

2021-10-18 23:52:52 - [MESSAGE][PASSED] - Object 'Object Repository/RAD_Pages/Taxpayer_Page/input_lastName' is present

2021-10-18 23:52:52 - [TEST_STEP][PASSED] - verifyElementPresent(findTestObject(orPath_TaxPayer + "/input_suffix"), 30): Object 'Object Repository/RAD_Pages/Taxpayer_Page/input_suffix' is present

2021-10-18 23:52:52 - [MESSAGE][PASSED] - Object 'Object Repository/RAD_Pages/Taxpayer_Page/input_suffix' is present

2021-10-18 23:52:52 - [TEST_STEP][PASSED] - verifyElementPresent(findTestObject(orPath_AddressContact + "/select_Country"), 30): Object 'Object Repository/RAD_Pages/AddressAndContactInfo_Page/select_Country' is present

2021-10-18 23:52:53 - [MESSAGE][PASSED] - Object 'Object Repository/RAD_Pages/AddressAndContactInfo_Page/select_Country' is present

2021-10-18 23:52:53 - [TEST_STEP][PASSED] - verifyElementPresent(findTestObject(orPath_AddressContact + "/input_streetAddress1"), 30): Object 'Object Repository/RAD_Pages/AddressAndContactInfo_Page/input_streetAddress1' is present

2021-10-18 23:52:53 - [MESSAGE][PASSED] - Object 'Object Repository/RAD_Pages/AddressAndContactInfo_Page/input_streetAddress1' is present

2021-10-18 23:52:53 - [TEST_STEP][PASSED] - verifyElementPresent(findTestObject(orPath_AddressContact + "/input_streetAddress2"), 30): Object 'Object Repository/RAD_Pages/AddressAndContactInfo_Page/input_streetAddress2' is present

2021-10-18 23:52:53 - [MESSAGE][PASSED] - Object 'Object Repository/RAD_Pages/AddressAndContactInfo_Page/input_streetAddress2' is present

2021-10-18 23:52:53 - [TEST_STEP][PASSED] - verifyElementPresent(findTestObject(orPath_AddressContact + "/input_city"), 30): Object 'Object Repository/RAD_Pages/AddressAndContactInfo_Page/input_city' is present

2021-10-18 23:52:53 - [MESSAGE][PASSED] - Object 'Object Repository/RAD_Pages/AddressAndContactInfo_Page/input_city' is present

2021-10-18 23:52:53 - [TEST_STEP][PASSED] - verifyElementPresent(findTestObject(orPath_AddressContact + "/select_State"), 30): Object 'Object Repository/RAD_Pages/AddressAndContactInfo_Page/select_State' is present

2021-10-18 23:52:53 - [MESSAGE][PASSED] - Object 'Object Repository/RAD_Pages/AddressAndContactInfo_Page/select_State' is present

2021-10-18 23:52:53 - [TEST_STEP][PASSED] - verifyElementPresent(findTestObject(orPath_AddressContact + "/input_zipCode"), 30): Object 'Object Repository/RAD_Pages/AddressAndContactInfo_Page/input_zipCode' is present

2021-10-18 23:52:53 - [MESSAGE][PASSED] - Object 'Object Repository/RAD_Pages/AddressAndContactInfo_Page/input_zipCode' is present

2021-10-18 23:52:53 - [TEST_STEP][PASSED] - verifyElementPresent(findTestObject(orPath_AddressContact + "/input_phoneNumber"), 30): Object 'Object Repository/RAD_Pages/AddressAndContactInfo_Page/input_phoneNumber' is present

2021-10-18 23:52:53 - [MESSAGE][PASSED] - Object 'Object Repository/RAD_Pages/AddressAndContactInfo_Page/input_phoneNumber' is present

2021-10-18 23:52:53 - [TEST_STEP][PASSED] - verifyElementPresent(findTestObject(orPath_AddressContact + "/input_eMailAddress"), 30): Object 'Object Repository/RAD_Pages/AddressAndContactInfo_Page/input_eMailAddress' is present

2021-10-18 23:52:53 - [MESSAGE][PASSED] - Object 'Object Repository/RAD_Pages/AddressAndContactInfo_Page/input_eMailAddress' is present

2021-10-18 23:52:53 - [TEST_STEP][PASSED] - verifyElementPresent(findTestObject(orPath_AddressContact + "/input_reEnterEMailAddress"), 30): Object 'Object Repository/RAD_Pages/AddressAndContactInfo_Page/input_reEnterEMailAddress' is present

2021-10-18 23:52:53 - [MESSAGE][PASSED] - Object 'Object Repository/RAD_Pages/AddressAndContactInfo_Page/input_reEnterEMailAddress' is present

2021-10-18 23:52:53 - [TEST_STEP][PASSED] - verifyOptionsPresent(findTestObject(orPath_AddressContact + "/select_Country"), ["United States"]): Options [United States] present.

2021-10-18 23:52:53 - [MESSAGE][PASSED] - Options [United States] present.

2021-10-18 23:52:53 - [TEST_STEP][PASSED] - verifyOptionsPresent(findTestObject(orPath_AddressContact + "/select_State"), ["Alabama", "District of Columbia", "Maryland", "Virginia", "Wyoming"]): Options [Alabama, District of Columbia, Maryland, Virginia, Wyoming] present.

2021-10-18 23:52:54 - [MESSAGE][PASSED] - Options [Alabama, District of Columbia, Maryland, Virginia, Wyoming] present.

2021-10-18 23:52:54 - [TEST_STEP][PASSED] - totalOptionsState = getNumberOfTotalOption(findTestObject(orPath_AddressContact + "/select_State")): 52 options of object 'Object Repository/RAD_Pages/AddressAndContactInfo_Page/select_State' counted

2021-10-18 23:52:54 - [MESSAGE][PASSED] - 52 options of object 'Object Repository/RAD_Pages/AddressAndContactInfo_Page/select_State' counted

2021-10-18 23:52:54 - [TEST_STEP][PASSED] - verifyEqual(totalOptionsState, 52): Actual object '52' and expected object '52' are equal

2021-10-18 23:52:54 - [MESSAGE][PASSED] - Actual object '52' and expected object '52' are equal

2021-10-18 23:52:54 - [TEST_STEP][PASSED] - verifyElementPresent(findTestObject(orPath_TaxInfo + "/input_FEIN"), 30): Object 'Object Repository/RAD_Pages/TaxInfo_Page/input_FEIN' is present

2021-10-18 23:52:54 - [MESSAGE][PASSED] - Object 'Object Repository/RAD_Pages/TaxInfo_Page/input_FEIN' is present

2021-10-18 23:52:54 - [TEST_STEP][PASSED] - verifyElementPresent(findTestObject(orPath_TaxInfo + "/input_ReTypeFEIN"), 30): Object 'Object Repository/RAD_Pages/TaxInfo_Page/input_ReTypeFEIN' is present

2021-10-18 23:52:54 - [MESSAGE][PASSED] - Object 'Object Repository/RAD_Pages/TaxInfo_Page/input_ReTypeFEIN' is present

2021-10-18 23:52:54 - [TEST_STEP][PASSED] - verifyElementPresent(findTestObject(orPath_TaxInfo + "/input_MDCRegistration"), 30): Object 'Object Repository/RAD_Pages/TaxInfo_Page/input_MDCRegistration' is present

2021-10-18 23:52:54 - [MESSAGE][PASSED] - Object 'Object Repository/RAD_Pages/TaxInfo_Page/input_MDCRegistration' is present

2021-10-18 23:52:54 - [TEST_STEP][PASSED] - verifyElementPresent(findTestObject(orPath_SalesTaxReturnInfo + "/input_MarketplaceFacilitator"), 30): Object 'Object Repository/RAD_Pages/SalesTaxReturnInfo_Page/input_MarketplaceFacilitator' is present

2021-10-18 23:52:54 - [MESSAGE][PASSED] - Object 'Object Repository/RAD_Pages/SalesTaxReturnInfo_Page/input_MarketplaceFacilitator' is present

2021-10-18 23:52:54 - [TEST_STEP][PASSED] - verifyElementPresent(findTestObject(orPath_SalesTaxReturnInfo + "/input_OutOfStateVendor"), 30): Object 'Object Repository/RAD_Pages/SalesTaxReturnInfo_Page/input_OutOfStateVendor' is present

2021-10-18 23:52:55 - [MESSAGE][PASSED] - Object 'Object Repository/RAD_Pages/SalesTaxReturnInfo_Page/input_OutOfStateVendor' is present

2021-10-18 23:52:55 - [TEST_STEP][PASSED] - verifyElementPresent(findTestObject(orPath_Amount + "/input__paymentAmount"), 30): Object 'Object Repository/RAD_Pages/PaymentAmount_Page/input__paymentAmount' is present

2021-10-18 23:52:55 - [MESSAGE][PASSED] - Object 'Object Repository/RAD_Pages/PaymentAmount_Page/input__paymentAmount' is present

2021-10-18 23:52:55 - [TEST_STEP][PASSED] - verifyElementPresent(findTestObject(orPath_Amount + "/input__PaymentDue1"), 30): Object 'Object Repository/RAD_Pages/PaymentAmount_Page/input__PaymentDue1' is present

2021-10-18 23:52:55 - [MESSAGE][PASSED] - Object 'Object Repository/RAD_Pages/PaymentAmount_Page/input__PaymentDue1' is present]]></system-out>
         <system-err><![CDATA[]]></system-err>
      </testcase>
      <testcase name="Test Cases/RAD_TestCases/UI_TestCases/SaleAndUseMarketplaceFacilitator_UI_TC" time="7.584" classname="Test Cases/RAD_TestCases/UI_TestCases/SaleAndUseMarketplaceFacilitator_UI_TC" status="PASSED">
         <system-out><![CDATA[2021-10-18 23:52:55 - [TEST_CASE][PASSED] - Test Cases/RAD_TestCases/UI_TestCases/SaleAndUseMarketplaceFacilitator_UI_TC: Test Cases/RAD_TestCases/UI_TestCases/SaleAndUseMarketplaceFacilitator_UI_TC

2021-10-18 23:52:55 - [TEST_STEP][PASSED] - openBrowser(""): Browser is opened with url: ''

2021-10-18 23:52:55 - [MESSAGE][WARNING] - A browser is already opened. Closing browser and opening a new one

2021-10-18 23:52:56 - [MESSAGE][INFO] - Starting 'Edge Chromium' driver

2021-10-18 23:52:57 - [MESSAGE][INFO] - Action delay is set to 0 milliseconds

2021-10-18 23:52:58 - [MESSAGE][PASSED] - Browser is opened with url: ''

2021-10-18 23:52:58 - [TEST_STEP][PASSED] - maximizeWindow(): Current window maximized

2021-10-18 23:52:58 - [MESSAGE][PASSED] - Current window maximized

2021-10-18 23:52:58 - [TEST_STEP][PASSED] - navigateToUrl(RADurl): Navigate to 'https://qa.velocitypayment.com/client/rad/index.html' successfully

2021-10-18 23:53:00 - [MESSAGE][PASSED] - Navigate to 'https://qa.velocitypayment.com/client/rad/index.html' successfully

2021-10-18 23:53:00 - [TEST_STEP][PASSED] - orPath_Landing = "Object Repository/RAD_Pages/Landing_Page": null

2021-10-18 23:53:00 - [TEST_STEP][PASSED] - orPath_TaxTypeFilingYear = "Object Repository/RAD_Pages/TaxTypeFilingYear_Page": null

2021-10-18 23:53:00 - [TEST_STEP][PASSED] - orPath_TaxPayer = "Object Repository/RAD_Pages/Taxpayer_Page": null

2021-10-18 23:53:00 - [TEST_STEP][PASSED] - orPath_AddressContact = "Object Repository/RAD_Pages/AddressAndContactInfo_Page": null

2021-10-18 23:53:00 - [TEST_STEP][PASSED] - orPath_TaxInfo = "Object Repository/RAD_Pages/TaxInfo_Page": null

2021-10-18 23:53:00 - [TEST_STEP][PASSED] - orPath_Withholding = "Object Repository/RAD_Pages/Withholding_Page": null

2021-10-18 23:53:00 - [TEST_STEP][PASSED] - orPath_FilingStatus = "Object Repository/RAD_Pages/FilingStatus_Page": null

2021-10-18 23:53:00 - [TEST_STEP][PASSED] - orPath_Amount = "Object Repository/RAD_Pages/PaymentAmount_Page": null

2021-10-18 23:53:00 - [TEST_STEP][PASSED] - orPath_SalesTaxReturnInfo = "Object Repository/RAD_Pages/SalesTaxReturnInfo_Page": null

2021-10-18 23:53:00 - [TEST_STEP][PASSED] - selectOptionByLabel(findTestObject(orPath_Landing + "/dd_TaxType"), "Sales and Use", false): All options with label 'Sales and Use' are selected in object 'Object Repository/RAD_Pages/Landing_Page/dd_TaxType' 

2021-10-18 23:53:00 - [MESSAGE][PASSED] - All options with label 'Sales and Use' are selected in object 'Object Repository/RAD_Pages/Landing_Page/dd_TaxType' 

2021-10-18 23:53:00 - [TEST_STEP][PASSED] - scrollToElement(findTestObject(orPath_SalesTaxReturnInfo + "/input_OutOfStateVendor"), 3): Scroll to object 'Object Repository/RAD_Pages/SalesTaxReturnInfo_Page/input_OutOfStateVendor' successfully

2021-10-18 23:53:01 - [MESSAGE][PASSED] - Scroll to object 'Object Repository/RAD_Pages/SalesTaxReturnInfo_Page/input_OutOfStateVendor' successfully

2021-10-18 23:53:01 - [TEST_STEP][PASSED] - click(findTestObject(orPath_SalesTaxReturnInfo + "/input_MarketplaceFacilitator")): Object: 'Object Repository/RAD_Pages/SalesTaxReturnInfo_Page/input_MarketplaceFacilitator' is clicked on

2021-10-18 23:53:01 - [MESSAGE][PASSED] - Object: 'Object Repository/RAD_Pages/SalesTaxReturnInfo_Page/input_MarketplaceFacilitator' is clicked on

2021-10-18 23:53:01 - [TEST_STEP][PASSED] - verifyTextPresent("Maryland Form 202F", true): Text 'Maryland Form 202F' is present on page  using regular expression

2021-10-18 23:53:01 - [MESSAGE][PASSED] - Text 'Maryland Form 202F' is present on page  using regular expression

2021-10-18 23:53:01 - [TEST_STEP][PASSED] - verifyTextPresent("To be completed by marketplace facilitator. Refer to your Maryland Sales Tax Instructions to complete the following.", true): Text 'To be completed by marketplace facilitator. Refer to your Maryland Sales Tax Instructions to complete the following.' is present on page  using regular expression

2021-10-18 23:53:01 - [MESSAGE][PASSED] - Text 'To be completed by marketplace facilitator. Refer to your Maryland Sales Tax Instructions to complete the following.' is present on page  using regular expression

2021-10-18 23:53:01 - [TEST_STEP][PASSED] - verifyTextPresent("Maryland Form 202", true): Text 'Maryland Form 202' is present on page  using regular expression

2021-10-18 23:53:02 - [MESSAGE][PASSED] - Text 'Maryland Form 202' is present on page  using regular expression

2021-10-18 23:53:02 - [TEST_STEP][PASSED] - verifyTextPresent("Refer to your Maryland Sales Tax Instructions to complete the following", true): Text 'Refer to your Maryland Sales Tax Instructions to complete the following' is present on page  using regular expression

2021-10-18 23:53:02 - [MESSAGE][PASSED] - Text 'Refer to your Maryland Sales Tax Instructions to complete the following' is present on page  using regular expression

2021-10-18 23:53:02 - [TEST_STEP][PASSED] - verifyTextPresent("Maryland Form 202", true): Text 'Maryland Form 202' is present on page  using regular expression

2021-10-18 23:53:02 - [MESSAGE][PASSED] - Text 'Maryland Form 202' is present on page  using regular expression

2021-10-18 23:53:02 - [TEST_STEP][PASSED] - verifyTextPresent("Refer to your Maryland Sales Tax Instructions to complete the following", true): Text 'Refer to your Maryland Sales Tax Instructions to complete the following' is present on page  using regular expression

2021-10-18 23:53:02 - [MESSAGE][PASSED] - Text 'Refer to your Maryland Sales Tax Instructions to complete the following' is present on page  using regular expression]]></system-out>
         <system-err><![CDATA[]]></system-err>
      </testcase>
      <testcase name="Test Cases/RAD_TestCases/UI_TestCases/SaleAndUseMDForm202_UI_TC" time="7.099" classname="Test Cases/RAD_TestCases/UI_TestCases/SaleAndUseMDForm202_UI_TC" status="PASSED">
         <system-out><![CDATA[2021-10-18 23:53:02 - [TEST_CASE][PASSED] - Test Cases/RAD_TestCases/UI_TestCases/SaleAndUseMDForm202_UI_TC: Test Cases/RAD_TestCases/UI_TestCases/SaleAndUseMDForm202_UI_TC

2021-10-18 23:53:03 - [TEST_STEP][PASSED] - openBrowser(""): Browser is opened with url: ''

2021-10-18 23:53:03 - [MESSAGE][WARNING] - A browser is already opened. Closing browser and opening a new one

2021-10-18 23:53:03 - [MESSAGE][INFO] - Starting 'Edge Chromium' driver

2021-10-18 23:53:05 - [MESSAGE][INFO] - Action delay is set to 0 milliseconds

2021-10-18 23:53:06 - [MESSAGE][PASSED] - Browser is opened with url: ''

2021-10-18 23:53:06 - [TEST_STEP][PASSED] - maximizeWindow(): Current window maximized

2021-10-18 23:53:06 - [MESSAGE][PASSED] - Current window maximized

2021-10-18 23:53:06 - [TEST_STEP][PASSED] - navigateToUrl(RADurl): Navigate to 'https://qa.velocitypayment.com/client/rad/index.html' successfully

2021-10-18 23:53:08 - [MESSAGE][PASSED] - Navigate to 'https://qa.velocitypayment.com/client/rad/index.html' successfully

2021-10-18 23:53:08 - [TEST_STEP][PASSED] - orPath_Landing = "Object Repository/RAD_Pages/Landing_Page": null

2021-10-18 23:53:08 - [TEST_STEP][PASSED] - orPath_TaxTypeFilingYear = "Object Repository/RAD_Pages/TaxTypeFilingYear_Page": null

2021-10-18 23:53:08 - [TEST_STEP][PASSED] - orPath_TaxPayer = "Object Repository/RAD_Pages/Taxpayer_Page": null

2021-10-18 23:53:08 - [TEST_STEP][PASSED] - orPath_AddressContact = "Object Repository/RAD_Pages/AddressAndContactInfo_Page": null

2021-10-18 23:53:08 - [TEST_STEP][PASSED] - orPath_TaxInfo = "Object Repository/RAD_Pages/TaxInfo_Page": null

2021-10-18 23:53:08 - [TEST_STEP][PASSED] - orPath_Withholding = "Object Repository/RAD_Pages/Withholding_Page": null

2021-10-18 23:53:08 - [TEST_STEP][PASSED] - orPath_FilingStatus = "Object Repository/RAD_Pages/FilingStatus_Page": null

2021-10-18 23:53:08 - [TEST_STEP][PASSED] - orPath_Amount = "Object Repository/RAD_Pages/PaymentAmount_Page": null

2021-10-18 23:53:08 - [TEST_STEP][PASSED] - orPath_SalesTaxReturnInfo = "Object Repository/RAD_Pages/SalesTaxReturnInfo_Page": null

2021-10-18 23:53:08 - [TEST_STEP][PASSED] - orPath_MDForm202 = "Object Repository/RAD_Pages/MarylandForm202_Page": null

2021-10-18 23:53:08 - [TEST_STEP][PASSED] - selectOptionByLabel(findTestObject(orPath_Landing + "/dd_TaxType"), "Sales and Use", false): All options with label 'Sales and Use' are selected in object 'Object Repository/RAD_Pages/Landing_Page/dd_TaxType' 

2021-10-18 23:53:08 - [MESSAGE][PASSED] - All options with label 'Sales and Use' are selected in object 'Object Repository/RAD_Pages/Landing_Page/dd_TaxType' 

2021-10-18 23:53:08 - [TEST_STEP][PASSED] - verifyElementPresent(findTestObject(orPath_MDForm202 + "/input__Line3"), 30): Object 'Object Repository/RAD_Pages/MarylandForm202_Page/input__Line3' is present

2021-10-18 23:53:08 - [MESSAGE][PASSED] - Object 'Object Repository/RAD_Pages/MarylandForm202_Page/input__Line3' is present

2021-10-18 23:53:08 - [TEST_STEP][PASSED] - verifyElementPresent(findTestObject(orPath_MDForm202 + "/input__Line4a"), 30): Object 'Object Repository/RAD_Pages/MarylandForm202_Page/input__Line4a' is present

2021-10-18 23:53:09 - [MESSAGE][PASSED] - Object 'Object Repository/RAD_Pages/MarylandForm202_Page/input__Line4a' is present

2021-10-18 23:53:09 - [TEST_STEP][PASSED] - verifyElementPresent(findTestObject(orPath_MDForm202 + "/input__Line5a"), 30): Object 'Object Repository/RAD_Pages/MarylandForm202_Page/input__Line5a' is present

2021-10-18 23:53:09 - [MESSAGE][PASSED] - Object 'Object Repository/RAD_Pages/MarylandForm202_Page/input__Line5a' is present

2021-10-18 23:53:09 - [TEST_STEP][PASSED] - verifyElementPresent(findTestObject(orPath_MDForm202 + "/input__Line6a"), 30): Object 'Object Repository/RAD_Pages/MarylandForm202_Page/input__Line6a' is present

2021-10-18 23:53:09 - [MESSAGE][PASSED] - Object 'Object Repository/RAD_Pages/MarylandForm202_Page/input__Line6a' is present

2021-10-18 23:53:09 - [TEST_STEP][PASSED] - verifyElementPresent(findTestObject(orPath_MDForm202 + "/input__Line8a"), 30): Object 'Object Repository/RAD_Pages/MarylandForm202_Page/input__Line8a' is present

2021-10-18 23:53:09 - [MESSAGE][PASSED] - Object 'Object Repository/RAD_Pages/MarylandForm202_Page/input__Line8a' is present

2021-10-18 23:53:09 - [TEST_STEP][PASSED] - verifyElementPresent(findTestObject(orPath_MDForm202 + "/input__Line12a"), 30): Object 'Object Repository/RAD_Pages/MarylandForm202_Page/input__Line12a' is present

2021-10-18 23:53:09 - [MESSAGE][PASSED] - Object 'Object Repository/RAD_Pages/MarylandForm202_Page/input__Line12a' is present

2021-10-18 23:53:09 - [TEST_STEP][PASSED] - verifyElementPresent(findTestObject(orPath_MDForm202 + "/input__Line13a"), 30): Object 'Object Repository/RAD_Pages/MarylandForm202_Page/input__Line13a' is present

2021-10-18 23:53:09 - [MESSAGE][PASSED] - Object 'Object Repository/RAD_Pages/MarylandForm202_Page/input__Line13a' is present

2021-10-18 23:53:09 - [TEST_STEP][PASSED] - verifyElementPresent(findTestObject(orPath_MDForm202 + "/input__Line15"), 30): Object 'Object Repository/RAD_Pages/MarylandForm202_Page/input__Line15' is present

2021-10-18 23:53:09 - [MESSAGE][PASSED] - Object 'Object Repository/RAD_Pages/MarylandForm202_Page/input__Line15' is present

2021-10-18 23:53:09 - [TEST_STEP][PASSED] - verifyElementPresent(findTestObject(orPath_MDForm202 + "/input__Line17a"), 30): Object 'Object Repository/RAD_Pages/MarylandForm202_Page/input__Line17a' is present

2021-10-18 23:53:09 - [MESSAGE][PASSED] - Object 'Object Repository/RAD_Pages/MarylandForm202_Page/input__Line17a' is present

2021-10-18 23:53:09 - [TEST_STEP][PASSED] - verifyElementPresent(findTestObject(orPath_MDForm202 + "/input__Line17b"), 30): Object 'Object Repository/RAD_Pages/MarylandForm202_Page/input__Line17b' is present

2021-10-18 23:53:09 - [MESSAGE][PASSED] - Object 'Object Repository/RAD_Pages/MarylandForm202_Page/input__Line17b' is present

2021-10-18 23:53:09 - [TEST_STEP][PASSED] - verifyElementPresent(findTestObject(orPath_MDForm202 + "/input__Line19a"), 30): Object 'Object Repository/RAD_Pages/MarylandForm202_Page/input__Line19a' is present

2021-10-18 23:53:09 - [MESSAGE][PASSED] - Object 'Object Repository/RAD_Pages/MarylandForm202_Page/input__Line19a' is present

2021-10-18 23:53:09 - [TEST_STEP][PASSED] - verifyElementPresent(findTestObject(orPath_MDForm202 + "/input__Line19b"), 30): Object 'Object Repository/RAD_Pages/MarylandForm202_Page/input__Line19b' is present

2021-10-18 23:53:09 - [MESSAGE][PASSED] - Object 'Object Repository/RAD_Pages/MarylandForm202_Page/input__Line19b' is present]]></system-out>
         <system-err><![CDATA[]]></system-err>
      </testcase>
      <testcase name="Test Cases/RAD_TestCases/UI_TestCases/ExistingLiability_UI_TC" time="11.183" classname="Test Cases/RAD_TestCases/UI_TestCases/ExistingLiability_UI_TC" status="PASSED">
         <system-out><![CDATA[2021-10-18 23:53:09 - [TEST_CASE][PASSED] - Test Cases/RAD_TestCases/UI_TestCases/ExistingLiability_UI_TC: Test Cases/RAD_TestCases/UI_TestCases/ExistingLiability_UI_TC

2021-10-18 23:53:10 - [TEST_STEP][PASSED] - openBrowser(""): Browser is opened with url: ''

2021-10-18 23:53:10 - [MESSAGE][WARNING] - A browser is already opened. Closing browser and opening a new one

2021-10-18 23:53:11 - [MESSAGE][INFO] - Starting 'Edge Chromium' driver

2021-10-18 23:53:12 - [MESSAGE][INFO] - Action delay is set to 0 milliseconds

2021-10-18 23:53:13 - [MESSAGE][PASSED] - Browser is opened with url: ''

2021-10-18 23:53:13 - [TEST_STEP][PASSED] - maximizeWindow(): Current window maximized

2021-10-18 23:53:13 - [MESSAGE][PASSED] - Current window maximized

2021-10-18 23:53:13 - [TEST_STEP][PASSED] - navigateToUrl(RADurl): Navigate to 'https://qa.velocitypayment.com/client/rad/index.html' successfully

2021-10-18 23:53:14 - [MESSAGE][PASSED] - Navigate to 'https://qa.velocitypayment.com/client/rad/index.html' successfully

2021-10-18 23:53:14 - [TEST_STEP][PASSED] - orPath_Landing = "Object Repository/RAD_Pages/Landing_Page": null

2021-10-18 23:53:14 - [TEST_STEP][PASSED] - orPath_TaxTypeFilingYear = "Object Repository/RAD_Pages/TaxTypeFilingYear_Page": null

2021-10-18 23:53:14 - [TEST_STEP][PASSED] - orPath_TaxPayer = "Object Repository/RAD_Pages/Taxpayer_Page": null

2021-10-18 23:53:14 - [TEST_STEP][PASSED] - orPath_AddressContact = "Object Repository/RAD_Pages/AddressAndContactInfo_Page": null

2021-10-18 23:53:14 - [TEST_STEP][PASSED] - orPath_TaxInfo = "Object Repository/RAD_Pages/TaxInfo_Page": null

2021-10-18 23:53:14 - [TEST_STEP][PASSED] - orPath_Withholding = "Object Repository/RAD_Pages/Withholding_Page": null

2021-10-18 23:53:14 - [TEST_STEP][PASSED] - orPath_FilingStatus = "Object Repository/RAD_Pages/FilingStatus_Page": null

2021-10-18 23:53:14 - [TEST_STEP][PASSED] - orPath_Amount = "Object Repository/RAD_Pages/PaymentAmount_Page": null

2021-10-18 23:53:14 - [TEST_STEP][PASSED] - orPath_SalesTaxReturnInfo = "Object Repository/RAD_Pages/SalesTaxReturnInfo_Page": null

2021-10-18 23:53:14 - [TEST_STEP][PASSED] - selectOptionByLabel(findTestObject(orPath_Landing + "/dd_TaxType"), "Existing Liability", false): All options with label 'Existing Liability' are selected in object 'Object Repository/RAD_Pages/Landing_Page/dd_TaxType' 

2021-10-18 23:53:15 - [MESSAGE][PASSED] - All options with label 'Existing Liability' are selected in object 'Object Repository/RAD_Pages/Landing_Page/dd_TaxType' 

2021-10-18 23:53:15 - [TEST_STEP][PASSED] - verifyElementPresent(findTestObject(orPath_TaxTypeFilingYear + "/select_TaxType_ExistingLiability"), 30): Object 'Object Repository/RAD_Pages/TaxTypeFilingYear_Page/select_TaxType_ExistingLiability' is present

2021-10-18 23:53:15 - [MESSAGE][PASSED] - Object 'Object Repository/RAD_Pages/TaxTypeFilingYear_Page/select_TaxType_ExistingLiability' is present

2021-10-18 23:53:15 - [TEST_STEP][PASSED] - totalOptionsExistingLiability = getNumberOfTotalOption(findTestObject(orPath_TaxTypeFilingYear + "/select_TaxType_ExistingLiability")): 12 options of object 'Object Repository/RAD_Pages/TaxTypeFilingYear_Page/select_TaxType_ExistingLiability' counted

2021-10-18 23:53:15 - [MESSAGE][PASSED] - 12 options of object 'Object Repository/RAD_Pages/TaxTypeFilingYear_Page/select_TaxType_ExistingLiability' counted

2021-10-18 23:53:15 - [TEST_STEP][PASSED] - verifyEqual(totalOptionsExistingLiability, 12): Actual object '12' and expected object '12' are equal

2021-10-18 23:53:15 - [MESSAGE][PASSED] - Actual object '12' and expected object '12' are equal

2021-10-18 23:53:15 - [TEST_STEP][PASSED] - verifyOptionsPresent(findTestObject(orPath_TaxTypeFilingYear + "/select_TaxType_ExistingLiability"), ["Bay Restoration Fund Tax", "CORP Tax", "Fiduciary Tax"]): Options [Bay Restoration Fund Tax, CORP Tax, Fiduciary Tax] present.

2021-10-18 23:53:15 - [MESSAGE][PASSED] - Options [Bay Restoration Fund Tax, CORP Tax, Fiduciary Tax] present.

2021-10-18 23:53:15 - [TEST_STEP][PASSED] - verifyOptionsPresent(findTestObject(orPath_TaxTypeFilingYear + "/select_TaxType_ExistingLiability"), ["Personal Tax", "PTE (Partnership)", "PTE (LLC)"]): Options [Personal Tax, PTE (Partnership), PTE (LLC)] present.

2021-10-18 23:53:15 - [MESSAGE][PASSED] - Options [Personal Tax, PTE (Partnership), PTE (LLC)] present.

2021-10-18 23:53:15 - [TEST_STEP][PASSED] - verifyOptionsPresent(findTestObject(orPath_TaxTypeFilingYear + "/select_TaxType_ExistingLiability"), ["PTE (SCorp)", "Sales & Use Tax"]): Options [PTE (SCorp), Sales & Use Tax] present.

2021-10-18 23:53:16 - [MESSAGE][PASSED] - Options [PTE (SCorp), Sales & Use Tax] present.

2021-10-18 23:53:16 - [TEST_STEP][PASSED] - verifyOptionsPresent(findTestObject(orPath_TaxTypeFilingYear + "/select_TaxType_ExistingLiability"), ["Withholding Tax", "Alcohol Tax"]): Options [Withholding Tax, Alcohol Tax] present.

2021-10-18 23:53:16 - [MESSAGE][PASSED] - Options [Withholding Tax, Alcohol Tax] present.

2021-10-18 23:53:16 - [TEST_STEP][PASSED] - verifyTextPresent("Tax Type/Filing Year", true): Text 'Tax Type/Filing Year' is present on page  using regular expression

2021-10-18 23:53:16 - [MESSAGE][PASSED] - Text 'Tax Type/Filing Year' is present on page  using regular expression

2021-10-18 23:53:16 - [TEST_STEP][PASSED] - verifyTextPresent("Taxpayer", true): Text 'Taxpayer' is present on page  using regular expression

2021-10-18 23:53:16 - [MESSAGE][PASSED] - Text 'Taxpayer' is present on page  using regular expression

2021-10-18 23:53:16 - [TEST_STEP][PASSED] - verifyTextPresent("Provide the following taxpayer information", true): Text 'Provide the following taxpayer information' is present on page  using regular expression

2021-10-18 23:53:16 - [MESSAGE][PASSED] - Text 'Provide the following taxpayer information' is present on page  using regular expression

2021-10-18 23:53:16 - [TEST_STEP][PASSED] - verifyTextPresent("Note: If you are paying on behalf of the Taxpayer, enter Taxpayer", true): Text 'Note: If you are paying on behalf of the Taxpayer, enter Taxpayer' is present on page  using regular expression

2021-10-18 23:53:16 - [MESSAGE][PASSED] - Text 'Note: If you are paying on behalf of the Taxpayer, enter Taxpayer' is present on page  using regular expression

2021-10-18 23:53:16 - [TEST_STEP][PASSED] - verifyTextPresent("information here. If you are making a payment for the Taxpayer, you will be required later to enter your own credit card, billing address and other pertinent information", true): Text 'information here. If you are making a payment for the Taxpayer, you will be required later to enter your own credit card, billing address and other pertinent information' is present on page  using regular expression

2021-10-18 23:53:17 - [MESSAGE][PASSED] - Text 'information here. If you are making a payment for the Taxpayer, you will be required later to enter your own credit card, billing address and other pertinent information' is present on page  using regular expression

2021-10-18 23:53:17 - [TEST_STEP][PASSED] - verifyTextPresent("Address and Contact Information", true): Text 'Address and Contact Information' is present on page  using regular expression

2021-10-18 23:53:17 - [MESSAGE][PASSED] - Text 'Address and Contact Information' is present on page  using regular expression

2021-10-18 23:53:17 - [TEST_STEP][PASSED] - verifyTextPresent("Enter the taxpayer", true): Text 'Enter the taxpayer' is present on page  using regular expression

2021-10-18 23:53:17 - [MESSAGE][PASSED] - Text 'Enter the taxpayer' is present on page  using regular expression

2021-10-18 23:53:17 - [TEST_STEP][PASSED] - verifyTextPresent("address and contact information", true): Text 'address and contact information' is present on page  using regular expression

2021-10-18 23:53:17 - [MESSAGE][PASSED] - Text 'address and contact information' is present on page  using regular expression

2021-10-18 23:53:17 - [TEST_STEP][PASSED] - verifyTextPresent("Tax Information", true): Text 'Tax Information' is present on page  using regular expression

2021-10-18 23:53:17 - [MESSAGE][PASSED] - Text 'Tax Information' is present on page  using regular expression

2021-10-18 23:53:17 - [TEST_STEP][PASSED] - verifyTextPresent("Either provide your Social Security Number OR Federal EIN", true): Text 'Either provide your Social Security Number OR Federal EIN' is present on page  using regular expression

2021-10-18 23:53:17 - [MESSAGE][PASSED] - Text 'Either provide your Social Security Number OR Federal EIN' is present on page  using regular expression

2021-10-18 23:53:17 - [TEST_STEP][PASSED] - verifyTextPresent("Payment Amount", true): Text 'Payment Amount' is present on page  using regular expression

2021-10-18 23:53:17 - [MESSAGE][PASSED] - Text 'Payment Amount' is present on page  using regular expression

2021-10-18 23:53:17 - [TEST_STEP][PASSED] - verifyTextPresent("Service Fee: This electronic government service includes a service/convenience fee. Click here for details", true): Text 'Service Fee: This electronic government service includes a service/convenience fee. Click here for details' is present on page  using regular expression

2021-10-18 23:53:18 - [MESSAGE][PASSED] - Text 'Service Fee: This electronic government service includes a service/convenience fee. Click here for details' is present on page  using regular expression

2021-10-18 23:53:18 - [TEST_STEP][PASSED] - verifyElementPresent(findTestObject(orPath_Amount + "/a_Click here for details"), 30): Object 'Object Repository/RAD_Pages/PaymentAmount_Page/a_Click here for details' is present

2021-10-18 23:53:18 - [MESSAGE][PASSED] - Object 'Object Repository/RAD_Pages/PaymentAmount_Page/a_Click here for details' is present

2021-10-18 23:53:18 - [TEST_STEP][PASSED] - verifyElementPresent(findTestObject(orPath_Landing + "/button_Continue"), 30): Object 'Object Repository/RAD_Pages/Landing_Page/button_Continue' is present

2021-10-18 23:53:18 - [MESSAGE][PASSED] - Object 'Object Repository/RAD_Pages/Landing_Page/button_Continue' is present

2021-10-18 23:53:18 - [TEST_STEP][PASSED] - verifyElementPresent(findTestObject(orPath_TaxPayer + "/input_firstName"), 30): Object 'Object Repository/RAD_Pages/Taxpayer_Page/input_firstName' is present

2021-10-18 23:53:18 - [MESSAGE][PASSED] - Object 'Object Repository/RAD_Pages/Taxpayer_Page/input_firstName' is present

2021-10-18 23:53:18 - [TEST_STEP][PASSED] - verifyElementPresent(findTestObject(orPath_TaxPayer + "/input_middleName"), 30): Object 'Object Repository/RAD_Pages/Taxpayer_Page/input_middleName' is present

2021-10-18 23:53:18 - [MESSAGE][PASSED] - Object 'Object Repository/RAD_Pages/Taxpayer_Page/input_middleName' is present

2021-10-18 23:53:18 - [TEST_STEP][PASSED] - verifyElementPresent(findTestObject(orPath_TaxPayer + "/input_lastName"), 30): Object 'Object Repository/RAD_Pages/Taxpayer_Page/input_lastName' is present

2021-10-18 23:53:18 - [MESSAGE][PASSED] - Object 'Object Repository/RAD_Pages/Taxpayer_Page/input_lastName' is present

2021-10-18 23:53:18 - [TEST_STEP][PASSED] - verifyElementPresent(findTestObject(orPath_TaxPayer + "/input_suffix"), 30): Object 'Object Repository/RAD_Pages/Taxpayer_Page/input_suffix' is present

2021-10-18 23:53:18 - [MESSAGE][PASSED] - Object 'Object Repository/RAD_Pages/Taxpayer_Page/input_suffix' is present

2021-10-18 23:53:18 - [TEST_STEP][PASSED] - verifyElementPresent(findTestObject(orPath_AddressContact + "/select_Country"), 30): Object 'Object Repository/RAD_Pages/AddressAndContactInfo_Page/select_Country' is present

2021-10-18 23:53:18 - [MESSAGE][PASSED] - Object 'Object Repository/RAD_Pages/AddressAndContactInfo_Page/select_Country' is present

2021-10-18 23:53:18 - [TEST_STEP][PASSED] - verifyElementPresent(findTestObject(orPath_AddressContact + "/input_streetAddress1"), 30): Object 'Object Repository/RAD_Pages/AddressAndContactInfo_Page/input_streetAddress1' is present

2021-10-18 23:53:18 - [MESSAGE][PASSED] - Object 'Object Repository/RAD_Pages/AddressAndContactInfo_Page/input_streetAddress1' is present

2021-10-18 23:53:18 - [TEST_STEP][PASSED] - verifyElementPresent(findTestObject(orPath_AddressContact + "/input_streetAddress2"), 30): Object 'Object Repository/RAD_Pages/AddressAndContactInfo_Page/input_streetAddress2' is present

2021-10-18 23:53:18 - [MESSAGE][PASSED] - Object 'Object Repository/RAD_Pages/AddressAndContactInfo_Page/input_streetAddress2' is present

2021-10-18 23:53:18 - [TEST_STEP][PASSED] - verifyElementPresent(findTestObject(orPath_AddressContact + "/input_city"), 30): Object 'Object Repository/RAD_Pages/AddressAndContactInfo_Page/input_city' is present

2021-10-18 23:53:19 - [MESSAGE][PASSED] - Object 'Object Repository/RAD_Pages/AddressAndContactInfo_Page/input_city' is present

2021-10-18 23:53:19 - [TEST_STEP][PASSED] - verifyElementPresent(findTestObject(orPath_AddressContact + "/select_State"), 30): Object 'Object Repository/RAD_Pages/AddressAndContactInfo_Page/select_State' is present

2021-10-18 23:53:19 - [MESSAGE][PASSED] - Object 'Object Repository/RAD_Pages/AddressAndContactInfo_Page/select_State' is present

2021-10-18 23:53:19 - [TEST_STEP][PASSED] - verifyElementPresent(findTestObject(orPath_AddressContact + "/input_zipCode"), 30): Object 'Object Repository/RAD_Pages/AddressAndContactInfo_Page/input_zipCode' is present

2021-10-18 23:53:19 - [MESSAGE][PASSED] - Object 'Object Repository/RAD_Pages/AddressAndContactInfo_Page/input_zipCode' is present

2021-10-18 23:53:19 - [TEST_STEP][PASSED] - verifyElementPresent(findTestObject(orPath_AddressContact + "/input_phoneNumber"), 30): Object 'Object Repository/RAD_Pages/AddressAndContactInfo_Page/input_phoneNumber' is present

2021-10-18 23:53:19 - [MESSAGE][PASSED] - Object 'Object Repository/RAD_Pages/AddressAndContactInfo_Page/input_phoneNumber' is present

2021-10-18 23:53:19 - [TEST_STEP][PASSED] - verifyElementPresent(findTestObject(orPath_AddressContact + "/input_eMailAddress"), 30): Object 'Object Repository/RAD_Pages/AddressAndContactInfo_Page/input_eMailAddress' is present

2021-10-18 23:53:19 - [MESSAGE][PASSED] - Object 'Object Repository/RAD_Pages/AddressAndContactInfo_Page/input_eMailAddress' is present

2021-10-18 23:53:19 - [TEST_STEP][PASSED] - verifyElementPresent(findTestObject(orPath_AddressContact + "/input_reEnterEMailAddress"), 30): Object 'Object Repository/RAD_Pages/AddressAndContactInfo_Page/input_reEnterEMailAddress' is present

2021-10-18 23:53:19 - [MESSAGE][PASSED] - Object 'Object Repository/RAD_Pages/AddressAndContactInfo_Page/input_reEnterEMailAddress' is present

2021-10-18 23:53:19 - [TEST_STEP][PASSED] - verifyOptionsPresent(findTestObject(orPath_AddressContact + "/select_Country"), ["United States"]): Options [United States] present.

2021-10-18 23:53:19 - [MESSAGE][PASSED] - Options [United States] present.

2021-10-18 23:53:19 - [TEST_STEP][PASSED] - verifyOptionsPresent(findTestObject(orPath_AddressContact + "/select_State"), ["Alabama", "District of Columbia", "Maryland", "Virginia", "Wyoming"]): Options [Alabama, District of Columbia, Maryland, Virginia, Wyoming] present.

2021-10-18 23:53:20 - [MESSAGE][PASSED] - Options [Alabama, District of Columbia, Maryland, Virginia, Wyoming] present.

2021-10-18 23:53:20 - [TEST_STEP][PASSED] - totalOptionsState = getNumberOfTotalOption(findTestObject(orPath_AddressContact + "/select_State")): 52 options of object 'Object Repository/RAD_Pages/AddressAndContactInfo_Page/select_State' counted

2021-10-18 23:53:20 - [MESSAGE][PASSED] - 52 options of object 'Object Repository/RAD_Pages/AddressAndContactInfo_Page/select_State' counted

2021-10-18 23:53:20 - [TEST_STEP][PASSED] - verifyEqual(totalOptionsState, 52): Actual object '52' and expected object '52' are equal

2021-10-18 23:53:20 - [MESSAGE][PASSED] - Actual object '52' and expected object '52' are equal

2021-10-18 23:53:20 - [TEST_STEP][PASSED] - verifyElementPresent(findTestObject(orPath_TaxInfo + "/input_TaxInfo_ExisitingSSN"), 30): Object 'Object Repository/RAD_Pages/TaxInfo_Page/input_TaxInfo_ExisitingSSN' is present

2021-10-18 23:53:20 - [MESSAGE][PASSED] - Object 'Object Repository/RAD_Pages/TaxInfo_Page/input_TaxInfo_ExisitingSSN' is present

2021-10-18 23:53:20 - [TEST_STEP][PASSED] - verifyElementPresent(findTestObject(orPath_TaxInfo + "/input_TaxInfo_reTaxTypeExisitingSSN"), 30): Object 'Object Repository/RAD_Pages/TaxInfo_Page/input_TaxInfo_reTaxTypeExisitingSSN' is present

2021-10-18 23:53:20 - [MESSAGE][PASSED] - Object 'Object Repository/RAD_Pages/TaxInfo_Page/input_TaxInfo_reTaxTypeExisitingSSN' is present

2021-10-18 23:53:20 - [TEST_STEP][PASSED] - verifyElementPresent(findTestObject(orPath_TaxInfo + "/input_FEIN"), 30): Object 'Object Repository/RAD_Pages/TaxInfo_Page/input_FEIN' is present

2021-10-18 23:53:20 - [MESSAGE][PASSED] - Object 'Object Repository/RAD_Pages/TaxInfo_Page/input_FEIN' is present

2021-10-18 23:53:20 - [TEST_STEP][PASSED] - verifyElementPresent(findTestObject(orPath_TaxInfo + "/input_ReTypeFEIN"), 30): Object 'Object Repository/RAD_Pages/TaxInfo_Page/input_ReTypeFEIN' is present

2021-10-18 23:53:20 - [MESSAGE][PASSED] - Object 'Object Repository/RAD_Pages/TaxInfo_Page/input_ReTypeFEIN' is present

2021-10-18 23:53:20 - [TEST_STEP][PASSED] - verifyElementPresent(findTestObject(orPath_TaxInfo + "/input_NoticeInvoiceNumber"), 30): Object 'Object Repository/RAD_Pages/TaxInfo_Page/input_NoticeInvoiceNumber' is present

2021-10-18 23:53:20 - [MESSAGE][PASSED] - Object 'Object Repository/RAD_Pages/TaxInfo_Page/input_NoticeInvoiceNumber' is present

2021-10-18 23:53:20 - [TEST_STEP][PASSED] - verifyElementPresent(findTestObject(orPath_TaxInfo + "/input_reTypeNoticeInvoiceNumber"), 30): Object 'Object Repository/RAD_Pages/TaxInfo_Page/input_reTypeNoticeInvoiceNumber' is present

2021-10-18 23:53:20 - [MESSAGE][PASSED] - Object 'Object Repository/RAD_Pages/TaxInfo_Page/input_reTypeNoticeInvoiceNumber' is present

2021-10-18 23:53:20 - [TEST_STEP][PASSED] - verifyElementPresent(findTestObject(orPath_Amount + "/input__paymentAmount"), 30): Object 'Object Repository/RAD_Pages/PaymentAmount_Page/input__paymentAmount' is present

2021-10-18 23:53:21 - [MESSAGE][PASSED] - Object 'Object Repository/RAD_Pages/PaymentAmount_Page/input__paymentAmount' is present]]></system-out>
         <system-err><![CDATA[]]></system-err>
      </testcase>
      <testcase name="Test Cases/RAD_TestCases/MRF_TestCases/EstimatedTax_MRF_TC" time="11.062" classname="Test Cases/RAD_TestCases/MRF_TestCases/EstimatedTax_MRF_TC" status="FAILED">
         <failure type="FAILED" message="Test Cases/RAD_TestCases/MRF_TestCases/EstimatedTax_MRF_TC FAILED.
Reason:
com.kms.katalon.core.exception.StepFailedException: Unable to click on object 'Object Repository/RAD_Pages/Landing_Page/button_Continue' (Root cause: com.kms.katalon.core.exception.StepFailedException: Unable to click on object 'Object Repository/RAD_Pages/Landing_Page/button_Continue'
	at com.kms.katalon.core.webui.keyword.internal.WebUIKeywordMain.stepFailed(WebUIKeywordMain.groovy:64)
	at com.kms.katalon.core.webui.keyword.internal.WebUIKeywordMain.runKeyword(WebUIKeywordMain.groovy:26)
	at com.kms.katalon.core.webui.keyword.builtin.ClickKeyword.click(ClickKeyword.groovy:75)
	at com.kms.katalon.core.webui.keyword.builtin.ClickKeyword.execute(ClickKeyword.groovy:42)
	at com.kms.katalon.core.keyword.internal.KeywordExecutor.executeKeywordForPlatform(KeywordExecutor.groovy:73)
	at com.kms.katalon.core.webui.keyword.WebUiBuiltInKeywords.click(WebUiBuiltInKeywords.groovy:620)
	at com.kms.katalon.core.webui.keyword.WebUiBuiltInKeywords$click$10.call(Unknown Source)
	at EstimatedTax_MRF_TC.run(EstimatedTax_MRF_TC:34)
	at com.kms.katalon.core.main.ScriptEngine.run(ScriptEngine.java:194)
	at com.kms.katalon.core.main.ScriptEngine.runScriptAsRawText(ScriptEngine.java:119)
	at com.kms.katalon.core.main.TestCaseExecutor.runScript(TestCaseExecutor.java:369)
	at com.kms.katalon.core.main.TestCaseExecutor.doExecute(TestCaseExecutor.java:360)
	at com.kms.katalon.core.main.TestCaseExecutor.processExecutionPhase(TestCaseExecutor.java:339)
	at com.kms.katalon.core.main.TestCaseExecutor.accessMainPhase(TestCaseExecutor.java:331)
	at com.kms.katalon.core.main.TestCaseExecutor.execute(TestCaseExecutor.java:248)
	at com.kms.katalon.core.main.TestSuiteExecutor.accessTestCaseMainPhase(TestSuiteExecutor.java:191)
	at com.kms.katalon.core.main.TestSuiteExecutor.accessTestSuiteMainPhase(TestSuiteExecutor.java:140)
	at com.kms.katalon.core.main.TestSuiteExecutor.execute(TestSuiteExecutor.java:89)
	at com.kms.katalon.core.main.TestCaseMain.startTestSuite(TestCaseMain.java:185)
	at com.kms.katalon.core.main.TestCaseMain$startTestSuite$0.call(Unknown Source)
	at TempTestSuite1634615486512.run(TempTestSuite1634615486512.groovy:39)
Caused by: org.openqa.selenium.ElementClickInterceptedException: element click intercepted: Element is not clickable at point (1046, 1372)
  (Session info: MicrosoftEdge=94.0.992.50)
Build info: version: '3.141.59', revision: 'e82be7d358', time: '2018-11-14T08:25:53'
System info: host: 'DESKTOP-B2QI6NS', ip: '172.30.2.167', os.name: 'Windows 10', os.arch: 'amd64', os.version: '10.0', java.version: '1.8.0_181'
Driver info: com.kms.katalon.selenium.driver.CEdgeDriver
Capabilities {acceptInsecureCerts: false, browserName: msedge, browserVersion: 94.0.992.50, javascriptEnabled: true, ms:edgeOptions: {debuggerAddress: localhost:53028}, msedge: {msedgedriverVersion: 94.0.992.47 (8d45ccc5def2a3..., userDataDir: C:\Users\iahmed\AppData\Loc...}, networkConnectionEnabled: false, pageLoadStrategy: normal, platform: WINDOWS, platformName: WINDOWS, proxy: Proxy(), setWindowRect: true, strictFileInteractability: false, timeouts: {implicit: 0, pageLoad: 300000, script: 30000}, unhandledPromptBehavior: dismiss and notify, webauthn:extension:credBlob: true, webauthn:extension:largeBlob: true, webauthn:virtualAuthenticators: true}
Session ID: 26d373eb46c94a04dba986ffce3d3b2c
	at org.openqa.selenium.remote.http.W3CHttpResponseCodec.createException(W3CHttpResponseCodec.java:187)
	at org.openqa.selenium.remote.http.W3CHttpResponseCodec.decode(W3CHttpResponseCodec.java:122)
	at org.openqa.selenium.remote.http.W3CHttpResponseCodec.decode(W3CHttpResponseCodec.java:49)
	at org.openqa.selenium.remote.HttpCommandExecutor.execute(HttpCommandExecutor.java:158)
	at org.openqa.selenium.remote.service.DriverCommandExecutor.execute(DriverCommandExecutor.java:83)
	at org.openqa.selenium.remote.RemoteWebDriver.execute(RemoteWebDriver.java:552)
	at com.kms.katalon.selenium.driver.CEdgeDriver.execute(CEdgeDriver.java:20)
	at org.openqa.selenium.remote.RemoteWebElement.execute(RemoteWebElement.java:285)
	at org.openqa.selenium.remote.RemoteWebElement.click(RemoteWebElement.java:84)
	at org.openqa.selenium.support.events.EventFiringWebDriver$EventFiringWebElement.lambda$new$0(EventFiringWebDriver.java:404)
	at com.sun.proxy.$Proxy11.click(Unknown Source)
	at org.openqa.selenium.support.events.EventFiringWebDriver$EventFiringWebElement.click(EventFiringWebDriver.java:417)
	at com.kms.katalon.core.webui.keyword.builtin.ClickKeyword$_click_closure1.doCall(ClickKeyword.groovy:68)
	at com.kms.katalon.core.webui.keyword.builtin.ClickKeyword$_click_closure1.call(ClickKeyword.groovy)
	at com.kms.katalon.core.webui.keyword.internal.WebUIKeywordMain.runKeyword(WebUIKeywordMain.groovy:20)
	at com.kms.katalon.core.webui.keyword.builtin.ClickKeyword.click(ClickKeyword.groovy:75)
	at com.kms.katalon.core.webui.keyword.builtin.ClickKeyword.execute(ClickKeyword.groovy:42)
	at com.kms.katalon.core.keyword.internal.KeywordExecutor.executeKeywordForPlatform(KeywordExecutor.groovy:73)
	at com.kms.katalon.core.webui.keyword.WebUiBuiltInKeywords.click(WebUiBuiltInKeywords.groovy:620)
	at com.kms.katalon.core.webui.keyword.WebUiBuiltInKeywords$click$10.call(Unknown Source)
	at Script1634596423746.run(Script1634596423746.groovy:34)
	... 13 more
)
	at com.kms.katalon.core.keyword.internal.KeywordMain.stepFailed(KeywordMain.groovy:39)
	at com.kms.katalon.core.webui.keyword.internal.WebUIKeywordMain.stepFailed(WebUIKeywordMain.groovy:64)
	at com.kms.katalon.core.webui.keyword.internal.WebUIKeywordMain.runKeyword(WebUIKeywordMain.groovy:26)
	at com.kms.katalon.core.webui.keyword.builtin.ClickKeyword.click(ClickKeyword.groovy:75)
	at com.kms.katalon.core.webui.keyword.builtin.ClickKeyword.execute(ClickKeyword.groovy:42)
	at com.kms.katalon.core.keyword.internal.KeywordExecutor.executeKeywordForPlatform(KeywordExecutor.groovy:73)
	at com.kms.katalon.core.webui.keyword.WebUiBuiltInKeywords.click(WebUiBuiltInKeywords.groovy:620)
	at com.kms.katalon.core.webui.keyword.WebUiBuiltInKeywords$click$10.call(Unknown Source)
	at EstimatedTax_MRF_TC.run(EstimatedTax_MRF_TC:34)
	at com.kms.katalon.core.main.ScriptEngine.run(ScriptEngine.java:194)
	at com.kms.katalon.core.main.ScriptEngine.runScriptAsRawText(ScriptEngine.java:119)
	at com.kms.katalon.core.main.TestCaseExecutor.runScript(TestCaseExecutor.java:369)
	at com.kms.katalon.core.main.TestCaseExecutor.doExecute(TestCaseExecutor.java:360)
	at com.kms.katalon.core.main.TestCaseExecutor.processExecutionPhase(TestCaseExecutor.java:339)
	at com.kms.katalon.core.main.TestCaseExecutor.accessMainPhase(TestCaseExecutor.java:331)
	at com.kms.katalon.core.main.TestCaseExecutor.execute(TestCaseExecutor.java:248)
	at com.kms.katalon.core.main.TestSuiteExecutor.accessTestCaseMainPhase(TestSuiteExecutor.java:191)
	at com.kms.katalon.core.main.TestSuiteExecutor.accessTestSuiteMainPhase(TestSuiteExecutor.java:140)
	at com.kms.katalon.core.main.TestSuiteExecutor.execute(TestSuiteExecutor.java:89)
	at com.kms.katalon.core.main.TestCaseMain.startTestSuite(TestCaseMain.java:185)
	at com.kms.katalon.core.main.TestCaseMain$startTestSuite$0.call(Unknown Source)
	at TempTestSuite1634615486512.run(TempTestSuite1634615486512.groovy:39)
Caused by: com.kms.katalon.core.exception.StepFailedException: Unable to click on object 'Object Repository/RAD_Pages/Landing_Page/button_Continue'
	... 21 more
Caused by: org.openqa.selenium.ElementClickInterceptedException: element click intercepted: Element is not clickable at point (1046, 1372)
  (Session info: MicrosoftEdge=94.0.992.50)
Build info: version: '3.141.59', revision: 'e82be7d358', time: '2018-11-14T08:25:53'
System info: host: 'DESKTOP-B2QI6NS', ip: '172.30.2.167', os.name: 'Windows 10', os.arch: 'amd64', os.version: '10.0', java.version: '1.8.0_181'
Driver info: com.kms.katalon.selenium.driver.CEdgeDriver
Capabilities {acceptInsecureCerts: false, browserName: msedge, browserVersion: 94.0.992.50, javascriptEnabled: true, ms:edgeOptions: {debuggerAddress: localhost:53028}, msedge: {msedgedriverVersion: 94.0.992.47 (8d45ccc5def2a3..., userDataDir: C:\Users\iahmed\AppData\Loc...}, networkConnectionEnabled: false, pageLoadStrategy: normal, platform: WINDOWS, platformName: WINDOWS, proxy: Proxy(), setWindowRect: true, strictFileInteractability: false, timeouts: {implicit: 0, pageLoad: 300000, script: 30000}, unhandledPromptBehavior: dismiss and notify, webauthn:extension:credBlob: true, webauthn:extension:largeBlob: true, webauthn:virtualAuthenticators: true}
Session ID: 26d373eb46c94a04dba986ffce3d3b2c
	at org.openqa.selenium.remote.http.W3CHttpResponseCodec.createException(W3CHttpResponseCodec.java:187)
	at org.openqa.selenium.remote.http.W3CHttpResponseCodec.decode(W3CHttpResponseCodec.java:122)
	at org.openqa.selenium.remote.http.W3CHttpResponseCodec.decode(W3CHttpResponseCodec.java:49)
	at org.openqa.selenium.remote.HttpCommandExecutor.execute(HttpCommandExecutor.java:158)
	at org.openqa.selenium.remote.service.DriverCommandExecutor.execute(DriverCommandExecutor.java:83)
	at org.openqa.selenium.remote.RemoteWebDriver.execute(RemoteWebDriver.java:552)
	at com.kms.katalon.selenium.driver.CEdgeDriver.execute(CEdgeDriver.java:20)
	at org.openqa.selenium.remote.RemoteWebElement.execute(RemoteWebElement.java:285)
	at org.openqa.selenium.remote.RemoteWebElement.click(RemoteWebElement.java:84)
	at org.openqa.selenium.support.events.EventFiringWebDriver$EventFiringWebElement.lambda$new$0(EventFiringWebDriver.java:404)
	at com.sun.proxy.$Proxy11.click(Unknown Source)
	at org.openqa.selenium.support.events.EventFiringWebDriver$EventFiringWebElement.click(EventFiringWebDriver.java:417)
	at com.kms.katalon.core.webui.keyword.builtin.ClickKeyword$_click_closure1.doCall(ClickKeyword.groovy:68)
	at com.kms.katalon.core.webui.keyword.builtin.ClickKeyword$_click_closure1.call(ClickKeyword.groovy)
	at com.kms.katalon.core.webui.keyword.internal.WebUIKeywordMain.runKeyword(WebUIKeywordMain.groovy:20)
	... 19 more
"/>
         <system-out><![CDATA[2021-10-18 23:53:21 - [TEST_CASE][FAILED] - Test Cases/RAD_TestCases/MRF_TestCases/EstimatedTax_MRF_TC: Test Cases/RAD_TestCases/MRF_TestCases/EstimatedTax_MRF_TC FAILED.
Reason:
com.kms.katalon.core.exception.StepFailedException: Unable to click on object 'Object Repository/RAD_Pages/Landing_Page/button_Continue' (Root cause: com.kms.katalon.core.exception.StepFailedException: Unable to click on object 'Object Repository/RAD_Pages/Landing_Page/button_Continue'
	at com.kms.katalon.core.webui.keyword.internal.WebUIKeywordMain.stepFailed(WebUIKeywordMain.groovy:64)
	at com.kms.katalon.core.webui.keyword.internal.WebUIKeywordMain.runKeyword(WebUIKeywordMain.groovy:26)
	at com.kms.katalon.core.webui.keyword.builtin.ClickKeyword.click(ClickKeyword.groovy:75)
	at com.kms.katalon.core.webui.keyword.builtin.ClickKeyword.execute(ClickKeyword.groovy:42)
	at com.kms.katalon.core.keyword.internal.KeywordExecutor.executeKeywordForPlatform(KeywordExecutor.groovy:73)
	at com.kms.katalon.core.webui.keyword.WebUiBuiltInKeywords.click(WebUiBuiltInKeywords.groovy:620)
	at com.kms.katalon.core.webui.keyword.WebUiBuiltInKeywords$click$10.call(Unknown Source)
	at EstimatedTax_MRF_TC.run(EstimatedTax_MRF_TC:34)
	at com.kms.katalon.core.main.ScriptEngine.run(ScriptEngine.java:194)
	at com.kms.katalon.core.main.ScriptEngine.runScriptAsRawText(ScriptEngine.java:119)
	at com.kms.katalon.core.main.TestCaseExecutor.runScript(TestCaseExecutor.java:369)
	at com.kms.katalon.core.main.TestCaseExecutor.doExecute(TestCaseExecutor.java:360)
	at com.kms.katalon.core.main.TestCaseExecutor.processExecutionPhase(TestCaseExecutor.java:339)
	at com.kms.katalon.core.main.TestCaseExecutor.accessMainPhase(TestCaseExecutor.java:331)
	at com.kms.katalon.core.main.TestCaseExecutor.execute(TestCaseExecutor.java:248)
	at com.kms.katalon.core.main.TestSuiteExecutor.accessTestCaseMainPhase(TestSuiteExecutor.java:191)
	at com.kms.katalon.core.main.TestSuiteExecutor.accessTestSuiteMainPhase(TestSuiteExecutor.java:140)
	at com.kms.katalon.core.main.TestSuiteExecutor.execute(TestSuiteExecutor.java:89)
	at com.kms.katalon.core.main.TestCaseMain.startTestSuite(TestCaseMain.java:185)
	at com.kms.katalon.core.main.TestCaseMain$startTestSuite$0.call(Unknown Source)
	at TempTestSuite1634615486512.run(TempTestSuite1634615486512.groovy:39)
Caused by: org.openqa.selenium.ElementClickInterceptedException: element click intercepted: Element is not clickable at point (1046, 1372)
  (Session info: MicrosoftEdge=94.0.992.50)
Build info: version: '3.141.59', revision: 'e82be7d358', time: '2018-11-14T08:25:53'
System info: host: 'DESKTOP-B2QI6NS', ip: '172.30.2.167', os.name: 'Windows 10', os.arch: 'amd64', os.version: '10.0', java.version: '1.8.0_181'
Driver info: com.kms.katalon.selenium.driver.CEdgeDriver
Capabilities {acceptInsecureCerts: false, browserName: msedge, browserVersion: 94.0.992.50, javascriptEnabled: true, ms:edgeOptions: {debuggerAddress: localhost:53028}, msedge: {msedgedriverVersion: 94.0.992.47 (8d45ccc5def2a3..., userDataDir: C:\Users\iahmed\AppData\Loc...}, networkConnectionEnabled: false, pageLoadStrategy: normal, platform: WINDOWS, platformName: WINDOWS, proxy: Proxy(), setWindowRect: true, strictFileInteractability: false, timeouts: {implicit: 0, pageLoad: 300000, script: 30000}, unhandledPromptBehavior: dismiss and notify, webauthn:extension:credBlob: true, webauthn:extension:largeBlob: true, webauthn:virtualAuthenticators: true}
Session ID: 26d373eb46c94a04dba986ffce3d3b2c
	at org.openqa.selenium.remote.http.W3CHttpResponseCodec.createException(W3CHttpResponseCodec.java:187)
	at org.openqa.selenium.remote.http.W3CHttpResponseCodec.decode(W3CHttpResponseCodec.java:122)
	at org.openqa.selenium.remote.http.W3CHttpResponseCodec.decode(W3CHttpResponseCodec.java:49)
	at org.openqa.selenium.remote.HttpCommandExecutor.execute(HttpCommandExecutor.java:158)
	at org.openqa.selenium.remote.service.DriverCommandExecutor.execute(DriverCommandExecutor.java:83)
	at org.openqa.selenium.remote.RemoteWebDriver.execute(RemoteWebDriver.java:552)
	at com.kms.katalon.selenium.driver.CEdgeDriver.execute(CEdgeDriver.java:20)
	at org.openqa.selenium.remote.RemoteWebElement.execute(RemoteWebElement.java:285)
	at org.openqa.selenium.remote.RemoteWebElement.click(RemoteWebElement.java:84)
	at org.openqa.selenium.support.events.EventFiringWebDriver$EventFiringWebElement.lambda$new$0(EventFiringWebDriver.java:404)
	at com.sun.proxy.$Proxy11.click(Unknown Source)
	at org.openqa.selenium.support.events.EventFiringWebDriver$EventFiringWebElement.click(EventFiringWebDriver.java:417)
	at com.kms.katalon.core.webui.keyword.builtin.ClickKeyword$_click_closure1.doCall(ClickKeyword.groovy:68)
	at com.kms.katalon.core.webui.keyword.builtin.ClickKeyword$_click_closure1.call(ClickKeyword.groovy)
	at com.kms.katalon.core.webui.keyword.internal.WebUIKeywordMain.runKeyword(WebUIKeywordMain.groovy:20)
	at com.kms.katalon.core.webui.keyword.builtin.ClickKeyword.click(ClickKeyword.groovy:75)
	at com.kms.katalon.core.webui.keyword.builtin.ClickKeyword.execute(ClickKeyword.groovy:42)
	at com.kms.katalon.core.keyword.internal.KeywordExecutor.executeKeywordForPlatform(KeywordExecutor.groovy:73)
	at com.kms.katalon.core.webui.keyword.WebUiBuiltInKeywords.click(WebUiBuiltInKeywords.groovy:620)
	at com.kms.katalon.core.webui.keyword.WebUiBuiltInKeywords$click$10.call(Unknown Source)
	at Script1634596423746.run(Script1634596423746.groovy:34)
	... 13 more
)
	at com.kms.katalon.core.keyword.internal.KeywordMain.stepFailed(KeywordMain.groovy:39)
	at com.kms.katalon.core.webui.keyword.internal.WebUIKeywordMain.stepFailed(WebUIKeywordMain.groovy:64)
	at com.kms.katalon.core.webui.keyword.internal.WebUIKeywordMain.runKeyword(WebUIKeywordMain.groovy:26)
	at com.kms.katalon.core.webui.keyword.builtin.ClickKeyword.click(ClickKeyword.groovy:75)
	at com.kms.katalon.core.webui.keyword.builtin.ClickKeyword.execute(ClickKeyword.groovy:42)
	at com.kms.katalon.core.keyword.internal.KeywordExecutor.executeKeywordForPlatform(KeywordExecutor.groovy:73)
	at com.kms.katalon.core.webui.keyword.WebUiBuiltInKeywords.click(WebUiBuiltInKeywords.groovy:620)
	at com.kms.katalon.core.webui.keyword.WebUiBuiltInKeywords$click$10.call(Unknown Source)
	at EstimatedTax_MRF_TC.run(EstimatedTax_MRF_TC:34)
	at com.kms.katalon.core.main.ScriptEngine.run(ScriptEngine.java:194)
	at com.kms.katalon.core.main.ScriptEngine.runScriptAsRawText(ScriptEngine.java:119)
	at com.kms.katalon.core.main.TestCaseExecutor.runScript(TestCaseExecutor.java:369)
	at com.kms.katalon.core.main.TestCaseExecutor.doExecute(TestCaseExecutor.java:360)
	at com.kms.katalon.core.main.TestCaseExecutor.processExecutionPhase(TestCaseExecutor.java:339)
	at com.kms.katalon.core.main.TestCaseExecutor.accessMainPhase(TestCaseExecutor.java:331)
	at com.kms.katalon.core.main.TestCaseExecutor.execute(TestCaseExecutor.java:248)
	at com.kms.katalon.core.main.TestSuiteExecutor.accessTestCaseMainPhase(TestSuiteExecutor.java:191)
	at com.kms.katalon.core.main.TestSuiteExecutor.accessTestSuiteMainPhase(TestSuiteExecutor.java:140)
	at com.kms.katalon.core.main.TestSuiteExecutor.execute(TestSuiteExecutor.java:89)
	at com.kms.katalon.core.main.TestCaseMain.startTestSuite(TestCaseMain.java:185)
	at com.kms.katalon.core.main.TestCaseMain$startTestSuite$0.call(Unknown Source)
	at TempTestSuite1634615486512.run(TempTestSuite1634615486512.groovy:39)
Caused by: com.kms.katalon.core.exception.StepFailedException: Unable to click on object 'Object Repository/RAD_Pages/Landing_Page/button_Continue'
	... 21 more
Caused by: org.openqa.selenium.ElementClickInterceptedException: element click intercepted: Element is not clickable at point (1046, 1372)
  (Session info: MicrosoftEdge=94.0.992.50)
Build info: version: '3.141.59', revision: 'e82be7d358', time: '2018-11-14T08:25:53'
System info: host: 'DESKTOP-B2QI6NS', ip: '172.30.2.167', os.name: 'Windows 10', os.arch: 'amd64', os.version: '10.0', java.version: '1.8.0_181'
Driver info: com.kms.katalon.selenium.driver.CEdgeDriver
Capabilities {acceptInsecureCerts: false, browserName: msedge, browserVersion: 94.0.992.50, javascriptEnabled: true, ms:edgeOptions: {debuggerAddress: localhost:53028}, msedge: {msedgedriverVersion: 94.0.992.47 (8d45ccc5def2a3..., userDataDir: C:\Users\iahmed\AppData\Loc...}, networkConnectionEnabled: false, pageLoadStrategy: normal, platform: WINDOWS, platformName: WINDOWS, proxy: Proxy(), setWindowRect: true, strictFileInteractability: false, timeouts: {implicit: 0, pageLoad: 300000, script: 30000}, unhandledPromptBehavior: dismiss and notify, webauthn:extension:credBlob: true, webauthn:extension:largeBlob: true, webauthn:virtualAuthenticators: true}
Session ID: 26d373eb46c94a04dba986ffce3d3b2c
	at org.openqa.selenium.remote.http.W3CHttpResponseCodec.createException(W3CHttpResponseCodec.java:187)
	at org.openqa.selenium.remote.http.W3CHttpResponseCodec.decode(W3CHttpResponseCodec.java:122)
	at org.openqa.selenium.remote.http.W3CHttpResponseCodec.decode(W3CHttpResponseCodec.java:49)
	at org.openqa.selenium.remote.HttpCommandExecutor.execute(HttpCommandExecutor.java:158)
	at org.openqa.selenium.remote.service.DriverCommandExecutor.execute(DriverCommandExecutor.java:83)
	at org.openqa.selenium.remote.RemoteWebDriver.execute(RemoteWebDriver.java:552)
	at com.kms.katalon.selenium.driver.CEdgeDriver.execute(CEdgeDriver.java:20)
	at org.openqa.selenium.remote.RemoteWebElement.execute(RemoteWebElement.java:285)
	at org.openqa.selenium.remote.RemoteWebElement.click(RemoteWebElement.java:84)
	at org.openqa.selenium.support.events.EventFiringWebDriver$EventFiringWebElement.lambda$new$0(EventFiringWebDriver.java:404)
	at com.sun.proxy.$Proxy11.click(Unknown Source)
	at org.openqa.selenium.support.events.EventFiringWebDriver$EventFiringWebElement.click(EventFiringWebDriver.java:417)
	at com.kms.katalon.core.webui.keyword.builtin.ClickKeyword$_click_closure1.doCall(ClickKeyword.groovy:68)
	at com.kms.katalon.core.webui.keyword.builtin.ClickKeyword$_click_closure1.call(ClickKeyword.groovy)
	at com.kms.katalon.core.webui.keyword.internal.WebUIKeywordMain.runKeyword(WebUIKeywordMain.groovy:20)
	... 19 more


2021-10-18 23:53:21 - [TEST_STEP][PASSED] - openBrowser(""): Browser is opened with url: ''

2021-10-18 23:53:21 - [MESSAGE][WARNING] - A browser is already opened. Closing browser and opening a new one

2021-10-18 23:53:22 - [MESSAGE][INFO] - Starting 'Edge Chromium' driver

2021-10-18 23:53:23 - [MESSAGE][INFO] - Action delay is set to 0 milliseconds

2021-10-18 23:53:24 - [MESSAGE][PASSED] - Browser is opened with url: ''

2021-10-18 23:53:24 - [TEST_STEP][PASSED] - maximizeWindow(): Current window maximized

2021-10-18 23:53:24 - [MESSAGE][PASSED] - Current window maximized

2021-10-18 23:53:24 - [TEST_STEP][PASSED] - navigateToUrl(RADurl): Navigate to 'https://qa.velocitypayment.com/client/rad/index.html' successfully

2021-10-18 23:53:26 - [MESSAGE][PASSED] - Navigate to 'https://qa.velocitypayment.com/client/rad/index.html' successfully

2021-10-18 23:53:26 - [TEST_STEP][PASSED] - orPath_Landing = "Object Repository/RAD_Pages/Landing_Page": null

2021-10-18 23:53:26 - [TEST_STEP][PASSED] - orPath_Amount = "Object Repository/RAD_Pages/PaymentAmount_Page": null

2021-10-18 23:53:26 - [TEST_STEP][PASSED] - orPath_FilingStatus = "Object Repository/RAD_Pages/FilingStatus_Page": null

2021-10-18 23:53:26 - [TEST_STEP][PASSED] - selectOptionByLabel(findTestObject(orPath_Landing + "/dd_TaxType"), "Estimated Tax", false): All options with label 'Estimated Tax' are selected in object 'Object Repository/RAD_Pages/Landing_Page/dd_TaxType' 

2021-10-18 23:53:26 - [MESSAGE][PASSED] - All options with label 'Estimated Tax' are selected in object 'Object Repository/RAD_Pages/Landing_Page/dd_TaxType' 

2021-10-18 23:53:26 - [TEST_STEP][PASSED] - scrollToElement(findTestObject(orPath_Landing + "/button_Continue"), 3): Scroll to object 'Object Repository/RAD_Pages/Landing_Page/button_Continue' successfully

2021-10-18 23:53:26 - [MESSAGE][PASSED] - Scroll to object 'Object Repository/RAD_Pages/Landing_Page/button_Continue' successfully

2021-10-18 23:53:26 - [TEST_STEP][FAILED] - click(findTestObject(orPath_Landing + "/button_Continue")): Unable to click on object 'Object Repository/RAD_Pages/Landing_Page/button_Continue' (Root cause: com.kms.katalon.core.exception.StepFailedException: Unable to click on object 'Object Repository/RAD_Pages/Landing_Page/button_Continue'
	at com.kms.katalon.core.webui.keyword.internal.WebUIKeywordMain.stepFailed(WebUIKeywordMain.groovy:64)
	at com.kms.katalon.core.webui.keyword.internal.WebUIKeywordMain.runKeyword(WebUIKeywordMain.groovy:26)
	at com.kms.katalon.core.webui.keyword.builtin.ClickKeyword.click(ClickKeyword.groovy:75)
	at com.kms.katalon.core.webui.keyword.builtin.ClickKeyword.execute(ClickKeyword.groovy:42)
	at com.kms.katalon.core.keyword.internal.KeywordExecutor.executeKeywordForPlatform(KeywordExecutor.groovy:73)
	at com.kms.katalon.core.webui.keyword.WebUiBuiltInKeywords.click(WebUiBuiltInKeywords.groovy:620)
	at com.kms.katalon.core.webui.keyword.WebUiBuiltInKeywords$click$10.call(Unknown Source)
	at EstimatedTax_MRF_TC.run(EstimatedTax_MRF_TC:34)
	at com.kms.katalon.core.main.ScriptEngine.run(ScriptEngine.java:194)
	at com.kms.katalon.core.main.ScriptEngine.runScriptAsRawText(ScriptEngine.java:119)
	at com.kms.katalon.core.main.TestCaseExecutor.runScript(TestCaseExecutor.java:369)
	at com.kms.katalon.core.main.TestCaseExecutor.doExecute(TestCaseExecutor.java:360)
	at com.kms.katalon.core.main.TestCaseExecutor.processExecutionPhase(TestCaseExecutor.java:339)
	at com.kms.katalon.core.main.TestCaseExecutor.accessMainPhase(TestCaseExecutor.java:331)
	at com.kms.katalon.core.main.TestCaseExecutor.execute(TestCaseExecutor.java:248)
	at com.kms.katalon.core.main.TestSuiteExecutor.accessTestCaseMainPhase(TestSuiteExecutor.java:191)
	at com.kms.katalon.core.main.TestSuiteExecutor.accessTestSuiteMainPhase(TestSuiteExecutor.java:140)
	at com.kms.katalon.core.main.TestSuiteExecutor.execute(TestSuiteExecutor.java:89)
	at com.kms.katalon.core.main.TestCaseMain.startTestSuite(TestCaseMain.java:185)
	at com.kms.katalon.core.main.TestCaseMain$startTestSuite$0.call(Unknown Source)
	at TempTestSuite1634615486512.run(TempTestSuite1634615486512.groovy:39)
Caused by: org.openqa.selenium.ElementClickInterceptedException: element click intercepted: Element is not clickable at point (1046, 1372)
  (Session info: MicrosoftEdge=94.0.992.50)
Build info: version: '3.141.59', revision: 'e82be7d358', time: '2018-11-14T08:25:53'
System info: host: 'DESKTOP-B2QI6NS', ip: '172.30.2.167', os.name: 'Windows 10', os.arch: 'amd64', os.version: '10.0', java.version: '1.8.0_181'
Driver info: com.kms.katalon.selenium.driver.CEdgeDriver
Capabilities {acceptInsecureCerts: false, browserName: msedge, browserVersion: 94.0.992.50, javascriptEnabled: true, ms:edgeOptions: {debuggerAddress: localhost:53028}, msedge: {msedgedriverVersion: 94.0.992.47 (8d45ccc5def2a3..., userDataDir: C:\Users\iahmed\AppData\Loc...}, networkConnectionEnabled: false, pageLoadStrategy: normal, platform: WINDOWS, platformName: WINDOWS, proxy: Proxy(), setWindowRect: true, strictFileInteractability: false, timeouts: {implicit: 0, pageLoad: 300000, script: 30000}, unhandledPromptBehavior: dismiss and notify, webauthn:extension:credBlob: true, webauthn:extension:largeBlob: true, webauthn:virtualAuthenticators: true}
Session ID: 26d373eb46c94a04dba986ffce3d3b2c
	at org.openqa.selenium.remote.http.W3CHttpResponseCodec.createException(W3CHttpResponseCodec.java:187)
	at org.openqa.selenium.remote.http.W3CHttpResponseCodec.decode(W3CHttpResponseCodec.java:122)
	at org.openqa.selenium.remote.http.W3CHttpResponseCodec.decode(W3CHttpResponseCodec.java:49)
	at org.openqa.selenium.remote.HttpCommandExecutor.execute(HttpCommandExecutor.java:158)
	at org.openqa.selenium.remote.service.DriverCommandExecutor.execute(DriverCommandExecutor.java:83)
	at org.openqa.selenium.remote.RemoteWebDriver.execute(RemoteWebDriver.java:552)
	at com.kms.katalon.selenium.driver.CEdgeDriver.execute(CEdgeDriver.java:20)
	at org.openqa.selenium.remote.RemoteWebElement.execute(RemoteWebElement.java:285)
	at org.openqa.selenium.remote.RemoteWebElement.click(RemoteWebElement.java:84)
	at org.openqa.selenium.support.events.EventFiringWebDriver$EventFiringWebElement.lambda$new$0(EventFiringWebDriver.java:404)
	at com.sun.proxy.$Proxy11.click(Unknown Source)
	at org.openqa.selenium.support.events.EventFiringWebDriver$EventFiringWebElement.click(EventFiringWebDriver.java:417)
	at com.kms.katalon.core.webui.keyword.builtin.ClickKeyword$_click_closure1.doCall(ClickKeyword.groovy:68)
	at com.kms.katalon.core.webui.keyword.builtin.ClickKeyword$_click_closure1.call(ClickKeyword.groovy)
	at com.kms.katalon.core.webui.keyword.internal.WebUIKeywordMain.runKeyword(WebUIKeywordMain.groovy:20)
	at com.kms.katalon.core.webui.keyword.builtin.ClickKeyword.click(ClickKeyword.groovy:75)
	at com.kms.katalon.core.webui.keyword.builtin.ClickKeyword.execute(ClickKeyword.groovy:42)
	at com.kms.katalon.core.keyword.internal.KeywordExecutor.executeKeywordForPlatform(KeywordExecutor.groovy:73)
	at com.kms.katalon.core.webui.keyword.WebUiBuiltInKeywords.click(WebUiBuiltInKeywords.groovy:620)
	at com.kms.katalon.core.webui.keyword.WebUiBuiltInKeywords$click$10.call(Unknown Source)
	at Script1634596423746.run(Script1634596423746.groovy:34)
	... 13 more
)

2021-10-18 23:53:28 - [MESSAGE][FAILED] - Unable to click on object 'Object Repository/RAD_Pages/Landing_Page/button_Continue' (Root cause: com.kms.katalon.core.exception.StepFailedException: Unable to click on object 'Object Repository/RAD_Pages/Landing_Page/button_Continue'
	at com.kms.katalon.core.webui.keyword.internal.WebUIKeywordMain.stepFailed(WebUIKeywordMain.groovy:64)
	at com.kms.katalon.core.webui.keyword.internal.WebUIKeywordMain.runKeyword(WebUIKeywordMain.groovy:26)
	at com.kms.katalon.core.webui.keyword.builtin.ClickKeyword.click(ClickKeyword.groovy:75)
	at com.kms.katalon.core.webui.keyword.builtin.ClickKeyword.execute(ClickKeyword.groovy:42)
	at com.kms.katalon.core.keyword.internal.KeywordExecutor.executeKeywordForPlatform(KeywordExecutor.groovy:73)
	at com.kms.katalon.core.webui.keyword.WebUiBuiltInKeywords.click(WebUiBuiltInKeywords.groovy:620)
	at com.kms.katalon.core.webui.keyword.WebUiBuiltInKeywords$click$10.call(Unknown Source)
	at EstimatedTax_MRF_TC.run(EstimatedTax_MRF_TC:34)
	at com.kms.katalon.core.main.ScriptEngine.run(ScriptEngine.java:194)
	at com.kms.katalon.core.main.ScriptEngine.runScriptAsRawText(ScriptEngine.java:119)
	at com.kms.katalon.core.main.TestCaseExecutor.runScript(TestCaseExecutor.java:369)
	at com.kms.katalon.core.main.TestCaseExecutor.doExecute(TestCaseExecutor.java:360)
	at com.kms.katalon.core.main.TestCaseExecutor.processExecutionPhase(TestCaseExecutor.java:339)
	at com.kms.katalon.core.main.TestCaseExecutor.accessMainPhase(TestCaseExecutor.java:331)
	at com.kms.katalon.core.main.TestCaseExecutor.execute(TestCaseExecutor.java:248)
	at com.kms.katalon.core.main.TestSuiteExecutor.accessTestCaseMainPhase(TestSuiteExecutor.java:191)
	at com.kms.katalon.core.main.TestSuiteExecutor.accessTestSuiteMainPhase(TestSuiteExecutor.java:140)
	at com.kms.katalon.core.main.TestSuiteExecutor.execute(TestSuiteExecutor.java:89)
	at com.kms.katalon.core.main.TestCaseMain.startTestSuite(TestCaseMain.java:185)
	at com.kms.katalon.core.main.TestCaseMain$startTestSuite$0.call(Unknown Source)
	at TempTestSuite1634615486512.run(TempTestSuite1634615486512.groovy:39)
Caused by: org.openqa.selenium.ElementClickInterceptedException: element click intercepted: Element is not clickable at point (1046, 1372)
  (Session info: MicrosoftEdge=94.0.992.50)
Build info: version: '3.141.59', revision: 'e82be7d358', time: '2018-11-14T08:25:53'
System info: host: 'DESKTOP-B2QI6NS', ip: '172.30.2.167', os.name: 'Windows 10', os.arch: 'amd64', os.version: '10.0', java.version: '1.8.0_181'
Driver info: com.kms.katalon.selenium.driver.CEdgeDriver
Capabilities {acceptInsecureCerts: false, browserName: msedge, browserVersion: 94.0.992.50, javascriptEnabled: true, ms:edgeOptions: {debuggerAddress: localhost:53028}, msedge: {msedgedriverVersion: 94.0.992.47 (8d45ccc5def2a3..., userDataDir: C:\Users\iahmed\AppData\Loc...}, networkConnectionEnabled: false, pageLoadStrategy: normal, platform: WINDOWS, platformName: WINDOWS, proxy: Proxy(), setWindowRect: true, strictFileInteractability: false, timeouts: {implicit: 0, pageLoad: 300000, script: 30000}, unhandledPromptBehavior: dismiss and notify, webauthn:extension:credBlob: true, webauthn:extension:largeBlob: true, webauthn:virtualAuthenticators: true}
Session ID: 26d373eb46c94a04dba986ffce3d3b2c
	at org.openqa.selenium.remote.http.W3CHttpResponseCodec.createException(W3CHttpResponseCodec.java:187)
	at org.openqa.selenium.remote.http.W3CHttpResponseCodec.decode(W3CHttpResponseCodec.java:122)
	at org.openqa.selenium.remote.http.W3CHttpResponseCodec.decode(W3CHttpResponseCodec.java:49)
	at org.openqa.selenium.remote.HttpCommandExecutor.execute(HttpCommandExecutor.java:158)
	at org.openqa.selenium.remote.service.DriverCommandExecutor.execute(DriverCommandExecutor.java:83)
	at org.openqa.selenium.remote.RemoteWebDriver.execute(RemoteWebDriver.java:552)
	at com.kms.katalon.selenium.driver.CEdgeDriver.execute(CEdgeDriver.java:20)
	at org.openqa.selenium.remote.RemoteWebElement.execute(RemoteWebElement.java:285)
	at org.openqa.selenium.remote.RemoteWebElement.click(RemoteWebElement.java:84)
	at org.openqa.selenium.support.events.EventFiringWebDriver$EventFiringWebElement.lambda$new$0(EventFiringWebDriver.java:404)
	at com.sun.proxy.$Proxy11.click(Unknown Source)
	at org.openqa.selenium.support.events.EventFiringWebDriver$EventFiringWebElement.click(EventFiringWebDriver.java:417)
	at com.kms.katalon.core.webui.keyword.builtin.ClickKeyword$_click_closure1.doCall(ClickKeyword.groovy:68)
	at com.kms.katalon.core.webui.keyword.builtin.ClickKeyword$_click_closure1.call(ClickKeyword.groovy)
	at com.kms.katalon.core.webui.keyword.internal.WebUIKeywordMain.runKeyword(WebUIKeywordMain.groovy:20)
	at com.kms.katalon.core.webui.keyword.builtin.ClickKeyword.click(ClickKeyword.groovy:75)
	at com.kms.katalon.core.webui.keyword.builtin.ClickKeyword.execute(ClickKeyword.groovy:42)
	at com.kms.katalon.core.keyword.internal.KeywordExecutor.executeKeywordForPlatform(KeywordExecutor.groovy:73)
	at com.kms.katalon.core.webui.keyword.WebUiBuiltInKeywords.click(WebUiBuiltInKeywords.groovy:620)
	at com.kms.katalon.core.webui.keyword.WebUiBuiltInKeywords$click$10.call(Unknown Source)
	at Script1634596423746.run(Script1634596423746.groovy:34)
	... 13 more
)
[[ATTACHMENT|E:\\Cloned-Project-Katalon\\VPS-Katalon\\Reports\\20211018_235126\\RAD_TestSuite\\RAD_UI_TestSuite\\20211018_235126\\1634615608100.png]]

2021-10-18 23:53:28 - [TEST_STEP][FAILED] - verifyTextPresent("Select a payment type", true): Text 'Select a payment type' is not present on page  using regular expression (Root cause: com.kms.katalon.core.exception.StepFailedException: Text 'Select a payment type' is not present on page  using regular expression
	at com.kms.katalon.core.webui.keyword.internal.WebUIKeywordMain.stepFailed(WebUIKeywordMain.groovy:64)
	at com.kms.katalon.core.webui.keyword.builtin.VerifyTextPresentKeyword$_verifyTextPresent_closure1.doCall(VerifyTextPresentKeyword.groovy:79)
	at com.kms.katalon.core.webui.keyword.builtin.VerifyTextPresentKeyword$_verifyTextPresent_closure1.call(VerifyTextPresentKeyword.groovy)
	at com.kms.katalon.core.webui.keyword.internal.WebUIKeywordMain.runKeyword(WebUIKeywordMain.groovy:20)
	at com.kms.katalon.core.webui.keyword.builtin.VerifyTextPresentKeyword.verifyTextPresent(VerifyTextPresentKeyword.groovy:83)
	at com.kms.katalon.core.webui.keyword.builtin.VerifyTextPresentKeyword.execute(VerifyTextPresentKeyword.groovy:68)
	at com.kms.katalon.core.keyword.internal.KeywordExecutor.executeKeywordForPlatform(KeywordExecutor.groovy:73)
	at com.kms.katalon.core.webui.keyword.WebUiBuiltInKeywords.verifyTextPresent(WebUiBuiltInKeywords.groovy:1723)
	at com.kms.katalon.core.webui.keyword.WebUiBuiltInKeywords$verifyTextPresent$3.call(Unknown Source)
	at EstimatedTax_MRF_TC.run(EstimatedTax_MRF_TC:47)
	at com.kms.katalon.core.main.ScriptEngine.run(ScriptEngine.java:194)
	at com.kms.katalon.core.main.ScriptEngine.runScriptAsRawText(ScriptEngine.java:119)
	at com.kms.katalon.core.main.TestCaseExecutor.runScript(TestCaseExecutor.java:369)
	at com.kms.katalon.core.main.TestCaseExecutor.doExecute(TestCaseExecutor.java:360)
	at com.kms.katalon.core.main.TestCaseExecutor.processExecutionPhase(TestCaseExecutor.java:339)
	at com.kms.katalon.core.main.TestCaseExecutor.accessMainPhase(TestCaseExecutor.java:331)
	at com.kms.katalon.core.main.TestCaseExecutor.execute(TestCaseExecutor.java:248)
	at com.kms.katalon.core.main.TestSuiteExecutor.accessTestCaseMainPhase(TestSuiteExecutor.java:191)
	at com.kms.katalon.core.main.TestSuiteExecutor.accessTestSuiteMainPhase(TestSuiteExecutor.java:140)
	at com.kms.katalon.core.main.TestSuiteExecutor.execute(TestSuiteExecutor.java:89)
	at com.kms.katalon.core.main.TestCaseMain.startTestSuite(TestCaseMain.java:185)
	at com.kms.katalon.core.main.TestCaseMain$startTestSuite$0.call(Unknown Source)
	at TempTestSuite1634615486512.run(TempTestSuite1634615486512.groovy:39)
)

2021-10-18 23:53:28 - [MESSAGE][FAILED] - Text 'Select a payment type' is not present on page  using regular expression (Root cause: com.kms.katalon.core.exception.StepFailedException: Text 'Select a payment type' is not present on page  using regular expression
	at com.kms.katalon.core.webui.keyword.internal.WebUIKeywordMain.stepFailed(WebUIKeywordMain.groovy:64)
	at com.kms.katalon.core.webui.keyword.builtin.VerifyTextPresentKeyword$_verifyTextPresent_closure1.doCall(VerifyTextPresentKeyword.groovy:79)
	at com.kms.katalon.core.webui.keyword.builtin.VerifyTextPresentKeyword$_verifyTextPresent_closure1.call(VerifyTextPresentKeyword.groovy)
	at com.kms.katalon.core.webui.keyword.internal.WebUIKeywordMain.runKeyword(WebUIKeywordMain.groovy:20)
	at com.kms.katalon.core.webui.keyword.builtin.VerifyTextPresentKeyword.verifyTextPresent(VerifyTextPresentKeyword.groovy:83)
	at com.kms.katalon.core.webui.keyword.builtin.VerifyTextPresentKeyword.execute(VerifyTextPresentKeyword.groovy:68)
	at com.kms.katalon.core.keyword.internal.KeywordExecutor.executeKeywordForPlatform(KeywordExecutor.groovy:73)
	at com.kms.katalon.core.webui.keyword.WebUiBuiltInKeywords.verifyTextPresent(WebUiBuiltInKeywords.groovy:1723)
	at com.kms.katalon.core.webui.keyword.WebUiBuiltInKeywords$verifyTextPresent$3.call(Unknown Source)
	at EstimatedTax_MRF_TC.run(EstimatedTax_MRF_TC:47)
	at com.kms.katalon.core.main.ScriptEngine.run(ScriptEngine.java:194)
	at com.kms.katalon.core.main.ScriptEngine.runScriptAsRawText(ScriptEngine.java:119)
	at com.kms.katalon.core.main.TestCaseExecutor.runScript(TestCaseExecutor.java:369)
	at com.kms.katalon.core.main.TestCaseExecutor.doExecute(TestCaseExecutor.java:360)
	at com.kms.katalon.core.main.TestCaseExecutor.processExecutionPhase(TestCaseExecutor.java:339)
	at com.kms.katalon.core.main.TestCaseExecutor.accessMainPhase(TestCaseExecutor.java:331)
	at com.kms.katalon.core.main.TestCaseExecutor.execute(TestCaseExecutor.java:248)
	at com.kms.katalon.core.main.TestSuiteExecutor.accessTestCaseMainPhase(TestSuiteExecutor.java:191)
	at com.kms.katalon.core.main.TestSuiteExecutor.accessTestSuiteMainPhase(TestSuiteExecutor.java:140)
	at com.kms.katalon.core.main.TestSuiteExecutor.execute(TestSuiteExecutor.java:89)
	at com.kms.katalon.core.main.TestCaseMain.startTestSuite(TestCaseMain.java:185)
	at com.kms.katalon.core.main.TestCaseMain$startTestSuite$0.call(Unknown Source)
	at TempTestSuite1634615486512.run(TempTestSuite1634615486512.groovy:39)
)

2021-10-18 23:53:28 - [TEST_STEP][FAILED] - verifyTextPresent("Select a filing year", true): Text 'Select a filing year' is not present on page  using regular expression (Root cause: com.kms.katalon.core.exception.StepFailedException: Text 'Select a filing year' is not present on page  using regular expression
	at com.kms.katalon.core.webui.keyword.internal.WebUIKeywordMain.stepFailed(WebUIKeywordMain.groovy:64)
	at com.kms.katalon.core.webui.keyword.builtin.VerifyTextPresentKeyword$_verifyTextPresent_closure1.doCall(VerifyTextPresentKeyword.groovy:79)
	at com.kms.katalon.core.webui.keyword.builtin.VerifyTextPresentKeyword$_verifyTextPresent_closure1.call(VerifyTextPresentKeyword.groovy)
	at com.kms.katalon.core.webui.keyword.internal.WebUIKeywordMain.runKeyword(WebUIKeywordMain.groovy:20)
	at com.kms.katalon.core.webui.keyword.builtin.VerifyTextPresentKeyword.verifyTextPresent(VerifyTextPresentKeyword.groovy:83)
	at com.kms.katalon.core.webui.keyword.builtin.VerifyTextPresentKeyword.execute(VerifyTextPresentKeyword.groovy:68)
	at com.kms.katalon.core.keyword.internal.KeywordExecutor.executeKeywordForPlatform(KeywordExecutor.groovy:73)
	at com.kms.katalon.core.webui.keyword.WebUiBuiltInKeywords.verifyTextPresent(WebUiBuiltInKeywords.groovy:1723)
	at com.kms.katalon.core.webui.keyword.WebUiBuiltInKeywords$verifyTextPresent$3.call(Unknown Source)
	at EstimatedTax_MRF_TC.run(EstimatedTax_MRF_TC:49)
	at com.kms.katalon.core.main.ScriptEngine.run(ScriptEngine.java:194)
	at com.kms.katalon.core.main.ScriptEngine.runScriptAsRawText(ScriptEngine.java:119)
	at com.kms.katalon.core.main.TestCaseExecutor.runScript(TestCaseExecutor.java:369)
	at com.kms.katalon.core.main.TestCaseExecutor.doExecute(TestCaseExecutor.java:360)
	at com.kms.katalon.core.main.TestCaseExecutor.processExecutionPhase(TestCaseExecutor.java:339)
	at com.kms.katalon.core.main.TestCaseExecutor.accessMainPhase(TestCaseExecutor.java:331)
	at com.kms.katalon.core.main.TestCaseExecutor.execute(TestCaseExecutor.java:248)
	at com.kms.katalon.core.main.TestSuiteExecutor.accessTestCaseMainPhase(TestSuiteExecutor.java:191)
	at com.kms.katalon.core.main.TestSuiteExecutor.accessTestSuiteMainPhase(TestSuiteExecutor.java:140)
	at com.kms.katalon.core.main.TestSuiteExecutor.execute(TestSuiteExecutor.java:89)
	at com.kms.katalon.core.main.TestCaseMain.startTestSuite(TestCaseMain.java:185)
	at com.kms.katalon.core.main.TestCaseMain$startTestSuite$0.call(Unknown Source)
	at TempTestSuite1634615486512.run(TempTestSuite1634615486512.groovy:39)
)

2021-10-18 23:53:28 - [MESSAGE][FAILED] - Text 'Select a filing year' is not present on page  using regular expression (Root cause: com.kms.katalon.core.exception.StepFailedException: Text 'Select a filing year' is not present on page  using regular expression
	at com.kms.katalon.core.webui.keyword.internal.WebUIKeywordMain.stepFailed(WebUIKeywordMain.groovy:64)
	at com.kms.katalon.core.webui.keyword.builtin.VerifyTextPresentKeyword$_verifyTextPresent_closure1.doCall(VerifyTextPresentKeyword.groovy:79)
	at com.kms.katalon.core.webui.keyword.builtin.VerifyTextPresentKeyword$_verifyTextPresent_closure1.call(VerifyTextPresentKeyword.groovy)
	at com.kms.katalon.core.webui.keyword.internal.WebUIKeywordMain.runKeyword(WebUIKeywordMain.groovy:20)
	at com.kms.katalon.core.webui.keyword.builtin.VerifyTextPresentKeyword.verifyTextPresent(VerifyTextPresentKeyword.groovy:83)
	at com.kms.katalon.core.webui.keyword.builtin.VerifyTextPresentKeyword.execute(VerifyTextPresentKeyword.groovy:68)
	at com.kms.katalon.core.keyword.internal.KeywordExecutor.executeKeywordForPlatform(KeywordExecutor.groovy:73)
	at com.kms.katalon.core.webui.keyword.WebUiBuiltInKeywords.verifyTextPresent(WebUiBuiltInKeywords.groovy:1723)
	at com.kms.katalon.core.webui.keyword.WebUiBuiltInKeywords$verifyTextPresent$3.call(Unknown Source)
	at EstimatedTax_MRF_TC.run(EstimatedTax_MRF_TC:49)
	at com.kms.katalon.core.main.ScriptEngine.run(ScriptEngine.java:194)
	at com.kms.katalon.core.main.ScriptEngine.runScriptAsRawText(ScriptEngine.java:119)
	at com.kms.katalon.core.main.TestCaseExecutor.runScript(TestCaseExecutor.java:369)
	at com.kms.katalon.core.main.TestCaseExecutor.doExecute(TestCaseExecutor.java:360)
	at com.kms.katalon.core.main.TestCaseExecutor.processExecutionPhase(TestCaseExecutor.java:339)
	at com.kms.katalon.core.main.TestCaseExecutor.accessMainPhase(TestCaseExecutor.java:331)
	at com.kms.katalon.core.main.TestCaseExecutor.execute(TestCaseExecutor.java:248)
	at com.kms.katalon.core.main.TestSuiteExecutor.accessTestCaseMainPhase(TestSuiteExecutor.java:191)
	at com.kms.katalon.core.main.TestSuiteExecutor.accessTestSuiteMainPhase(TestSuiteExecutor.java:140)
	at com.kms.katalon.core.main.TestSuiteExecutor.execute(TestSuiteExecutor.java:89)
	at com.kms.katalon.core.main.TestCaseMain.startTestSuite(TestCaseMain.java:185)
	at com.kms.katalon.core.main.TestCaseMain$startTestSuite$0.call(Unknown Source)
	at TempTestSuite1634615486512.run(TempTestSuite1634615486512.groovy:39)
)

2021-10-18 23:53:28 - [TEST_STEP][FAILED] - verifyTextPresent("Enter first name", true): Text 'Enter first name' is not present on page  using regular expression (Root cause: com.kms.katalon.core.exception.StepFailedException: Text 'Enter first name' is not present on page  using regular expression
	at com.kms.katalon.core.webui.keyword.internal.WebUIKeywordMain.stepFailed(WebUIKeywordMain.groovy:64)
	at com.kms.katalon.core.webui.keyword.builtin.VerifyTextPresentKeyword$_verifyTextPresent_closure1.doCall(VerifyTextPresentKeyword.groovy:79)
	at com.kms.katalon.core.webui.keyword.builtin.VerifyTextPresentKeyword$_verifyTextPresent_closure1.call(VerifyTextPresentKeyword.groovy)
	at com.kms.katalon.core.webui.keyword.internal.WebUIKeywordMain.runKeyword(WebUIKeywordMain.groovy:20)
	at com.kms.katalon.core.webui.keyword.builtin.VerifyTextPresentKeyword.verifyTextPresent(VerifyTextPresentKeyword.groovy:83)
	at com.kms.katalon.core.webui.keyword.builtin.VerifyTextPresentKeyword.execute(VerifyTextPresentKeyword.groovy:68)
	at com.kms.katalon.core.keyword.internal.KeywordExecutor.executeKeywordForPlatform(KeywordExecutor.groovy:73)
	at com.kms.katalon.core.webui.keyword.WebUiBuiltInKeywords.verifyTextPresent(WebUiBuiltInKeywords.groovy:1723)
	at com.kms.katalon.core.webui.keyword.WebUiBuiltInKeywords$verifyTextPresent$3.call(Unknown Source)
	at EstimatedTax_MRF_TC.run(EstimatedTax_MRF_TC:53)
	at com.kms.katalon.core.main.ScriptEngine.run(ScriptEngine.java:194)
	at com.kms.katalon.core.main.ScriptEngine.runScriptAsRawText(ScriptEngine.java:119)
	at com.kms.katalon.core.main.TestCaseExecutor.runScript(TestCaseExecutor.java:369)
	at com.kms.katalon.core.main.TestCaseExecutor.doExecute(TestCaseExecutor.java:360)
	at com.kms.katalon.core.main.TestCaseExecutor.processExecutionPhase(TestCaseExecutor.java:339)
	at com.kms.katalon.core.main.TestCaseExecutor.accessMainPhase(TestCaseExecutor.java:331)
	at com.kms.katalon.core.main.TestCaseExecutor.execute(TestCaseExecutor.java:248)
	at com.kms.katalon.core.main.TestSuiteExecutor.accessTestCaseMainPhase(TestSuiteExecutor.java:191)
	at com.kms.katalon.core.main.TestSuiteExecutor.accessTestSuiteMainPhase(TestSuiteExecutor.java:140)
	at com.kms.katalon.core.main.TestSuiteExecutor.execute(TestSuiteExecutor.java:89)
	at com.kms.katalon.core.main.TestCaseMain.startTestSuite(TestCaseMain.java:185)
	at com.kms.katalon.core.main.TestCaseMain$startTestSuite$0.call(Unknown Source)
	at TempTestSuite1634615486512.run(TempTestSuite1634615486512.groovy:39)
)

2021-10-18 23:53:28 - [MESSAGE][FAILED] - Text 'Enter first name' is not present on page  using regular expression (Root cause: com.kms.katalon.core.exception.StepFailedException: Text 'Enter first name' is not present on page  using regular expression
	at com.kms.katalon.core.webui.keyword.internal.WebUIKeywordMain.stepFailed(WebUIKeywordMain.groovy:64)
	at com.kms.katalon.core.webui.keyword.builtin.VerifyTextPresentKeyword$_verifyTextPresent_closure1.doCall(VerifyTextPresentKeyword.groovy:79)
	at com.kms.katalon.core.webui.keyword.builtin.VerifyTextPresentKeyword$_verifyTextPresent_closure1.call(VerifyTextPresentKeyword.groovy)
	at com.kms.katalon.core.webui.keyword.internal.WebUIKeywordMain.runKeyword(WebUIKeywordMain.groovy:20)
	at com.kms.katalon.core.webui.keyword.builtin.VerifyTextPresentKeyword.verifyTextPresent(VerifyTextPresentKeyword.groovy:83)
	at com.kms.katalon.core.webui.keyword.builtin.VerifyTextPresentKeyword.execute(VerifyTextPresentKeyword.groovy:68)
	at com.kms.katalon.core.keyword.internal.KeywordExecutor.executeKeywordForPlatform(KeywordExecutor.groovy:73)
	at com.kms.katalon.core.webui.keyword.WebUiBuiltInKeywords.verifyTextPresent(WebUiBuiltInKeywords.groovy:1723)
	at com.kms.katalon.core.webui.keyword.WebUiBuiltInKeywords$verifyTextPresent$3.call(Unknown Source)
	at EstimatedTax_MRF_TC.run(EstimatedTax_MRF_TC:53)
	at com.kms.katalon.core.main.ScriptEngine.run(ScriptEngine.java:194)
	at com.kms.katalon.core.main.ScriptEngine.runScriptAsRawText(ScriptEngine.java:119)
	at com.kms.katalon.core.main.TestCaseExecutor.runScript(TestCaseExecutor.java:369)
	at com.kms.katalon.core.main.TestCaseExecutor.doExecute(TestCaseExecutor.java:360)
	at com.kms.katalon.core.main.TestCaseExecutor.processExecutionPhase(TestCaseExecutor.java:339)
	at com.kms.katalon.core.main.TestCaseExecutor.accessMainPhase(TestCaseExecutor.java:331)
	at com.kms.katalon.core.main.TestCaseExecutor.execute(TestCaseExecutor.java:248)
	at com.kms.katalon.core.main.TestSuiteExecutor.accessTestCaseMainPhase(TestSuiteExecutor.java:191)
	at com.kms.katalon.core.main.TestSuiteExecutor.accessTestSuiteMainPhase(TestSuiteExecutor.java:140)
	at com.kms.katalon.core.main.TestSuiteExecutor.execute(TestSuiteExecutor.java:89)
	at com.kms.katalon.core.main.TestCaseMain.startTestSuite(TestCaseMain.java:185)
	at com.kms.katalon.core.main.TestCaseMain$startTestSuite$0.call(Unknown Source)
	at TempTestSuite1634615486512.run(TempTestSuite1634615486512.groovy:39)
)

2021-10-18 23:53:28 - [TEST_STEP][FAILED] - verifyTextPresent("Enter last name", true): Text 'Enter last name' is not present on page  using regular expression (Root cause: com.kms.katalon.core.exception.StepFailedException: Text 'Enter last name' is not present on page  using regular expression
	at com.kms.katalon.core.webui.keyword.internal.WebUIKeywordMain.stepFailed(WebUIKeywordMain.groovy:64)
	at com.kms.katalon.core.webui.keyword.builtin.VerifyTextPresentKeyword$_verifyTextPresent_closure1.doCall(VerifyTextPresentKeyword.groovy:79)
	at com.kms.katalon.core.webui.keyword.builtin.VerifyTextPresentKeyword$_verifyTextPresent_closure1.call(VerifyTextPresentKeyword.groovy)
	at com.kms.katalon.core.webui.keyword.internal.WebUIKeywordMain.runKeyword(WebUIKeywordMain.groovy:20)
	at com.kms.katalon.core.webui.keyword.builtin.VerifyTextPresentKeyword.verifyTextPresent(VerifyTextPresentKeyword.groovy:83)
	at com.kms.katalon.core.webui.keyword.builtin.VerifyTextPresentKeyword.execute(VerifyTextPresentKeyword.groovy:68)
	at com.kms.katalon.core.keyword.internal.KeywordExecutor.executeKeywordForPlatform(KeywordExecutor.groovy:73)
	at com.kms.katalon.core.webui.keyword.WebUiBuiltInKeywords.verifyTextPresent(WebUiBuiltInKeywords.groovy:1723)
	at com.kms.katalon.core.webui.keyword.WebUiBuiltInKeywords$verifyTextPresent$3.call(Unknown Source)
	at EstimatedTax_MRF_TC.run(EstimatedTax_MRF_TC:55)
	at com.kms.katalon.core.main.ScriptEngine.run(ScriptEngine.java:194)
	at com.kms.katalon.core.main.ScriptEngine.runScriptAsRawText(ScriptEngine.java:119)
	at com.kms.katalon.core.main.TestCaseExecutor.runScript(TestCaseExecutor.java:369)
	at com.kms.katalon.core.main.TestCaseExecutor.doExecute(TestCaseExecutor.java:360)
	at com.kms.katalon.core.main.TestCaseExecutor.processExecutionPhase(TestCaseExecutor.java:339)
	at com.kms.katalon.core.main.TestCaseExecutor.accessMainPhase(TestCaseExecutor.java:331)
	at com.kms.katalon.core.main.TestCaseExecutor.execute(TestCaseExecutor.java:248)
	at com.kms.katalon.core.main.TestSuiteExecutor.accessTestCaseMainPhase(TestSuiteExecutor.java:191)
	at com.kms.katalon.core.main.TestSuiteExecutor.accessTestSuiteMainPhase(TestSuiteExecutor.java:140)
	at com.kms.katalon.core.main.TestSuiteExecutor.execute(TestSuiteExecutor.java:89)
	at com.kms.katalon.core.main.TestCaseMain.startTestSuite(TestCaseMain.java:185)
	at com.kms.katalon.core.main.TestCaseMain$startTestSuite$0.call(Unknown Source)
	at TempTestSuite1634615486512.run(TempTestSuite1634615486512.groovy:39)
)

2021-10-18 23:53:29 - [MESSAGE][FAILED] - Text 'Enter last name' is not present on page  using regular expression (Root cause: com.kms.katalon.core.exception.StepFailedException: Text 'Enter last name' is not present on page  using regular expression
	at com.kms.katalon.core.webui.keyword.internal.WebUIKeywordMain.stepFailed(WebUIKeywordMain.groovy:64)
	at com.kms.katalon.core.webui.keyword.builtin.VerifyTextPresentKeyword$_verifyTextPresent_closure1.doCall(VerifyTextPresentKeyword.groovy:79)
	at com.kms.katalon.core.webui.keyword.builtin.VerifyTextPresentKeyword$_verifyTextPresent_closure1.call(VerifyTextPresentKeyword.groovy)
	at com.kms.katalon.core.webui.keyword.internal.WebUIKeywordMain.runKeyword(WebUIKeywordMain.groovy:20)
	at com.kms.katalon.core.webui.keyword.builtin.VerifyTextPresentKeyword.verifyTextPresent(VerifyTextPresentKeyword.groovy:83)
	at com.kms.katalon.core.webui.keyword.builtin.VerifyTextPresentKeyword.execute(VerifyTextPresentKeyword.groovy:68)
	at com.kms.katalon.core.keyword.internal.KeywordExecutor.executeKeywordForPlatform(KeywordExecutor.groovy:73)
	at com.kms.katalon.core.webui.keyword.WebUiBuiltInKeywords.verifyTextPresent(WebUiBuiltInKeywords.groovy:1723)
	at com.kms.katalon.core.webui.keyword.WebUiBuiltInKeywords$verifyTextPresent$3.call(Unknown Source)
	at EstimatedTax_MRF_TC.run(EstimatedTax_MRF_TC:55)
	at com.kms.katalon.core.main.ScriptEngine.run(ScriptEngine.java:194)
	at com.kms.katalon.core.main.ScriptEngine.runScriptAsRawText(ScriptEngine.java:119)
	at com.kms.katalon.core.main.TestCaseExecutor.runScript(TestCaseExecutor.java:369)
	at com.kms.katalon.core.main.TestCaseExecutor.doExecute(TestCaseExecutor.java:360)
	at com.kms.katalon.core.main.TestCaseExecutor.processExecutionPhase(TestCaseExecutor.java:339)
	at com.kms.katalon.core.main.TestCaseExecutor.accessMainPhase(TestCaseExecutor.java:331)
	at com.kms.katalon.core.main.TestCaseExecutor.execute(TestCaseExecutor.java:248)
	at com.kms.katalon.core.main.TestSuiteExecutor.accessTestCaseMainPhase(TestSuiteExecutor.java:191)
	at com.kms.katalon.core.main.TestSuiteExecutor.accessTestSuiteMainPhase(TestSuiteExecutor.java:140)
	at com.kms.katalon.core.main.TestSuiteExecutor.execute(TestSuiteExecutor.java:89)
	at com.kms.katalon.core.main.TestCaseMain.startTestSuite(TestCaseMain.java:185)
	at com.kms.katalon.core.main.TestCaseMain$startTestSuite$0.call(Unknown Source)
	at TempTestSuite1634615486512.run(TempTestSuite1634615486512.groovy:39)
)

2021-10-18 23:53:29 - [TEST_STEP][FAILED] - verifyTextPresent("Please enter a valid SSN with 9 digits", true): Text 'Please enter a valid SSN with 9 digits' is not present on page  using regular expression (Root cause: com.kms.katalon.core.exception.StepFailedException: Text 'Please enter a valid SSN with 9 digits' is not present on page  using regular expression
	at com.kms.katalon.core.webui.keyword.internal.WebUIKeywordMain.stepFailed(WebUIKeywordMain.groovy:64)
	at com.kms.katalon.core.webui.keyword.builtin.VerifyTextPresentKeyword$_verifyTextPresent_closure1.doCall(VerifyTextPresentKeyword.groovy:79)
	at com.kms.katalon.core.webui.keyword.builtin.VerifyTextPresentKeyword$_verifyTextPresent_closure1.call(VerifyTextPresentKeyword.groovy)
	at com.kms.katalon.core.webui.keyword.internal.WebUIKeywordMain.runKeyword(WebUIKeywordMain.groovy:20)
	at com.kms.katalon.core.webui.keyword.builtin.VerifyTextPresentKeyword.verifyTextPresent(VerifyTextPresentKeyword.groovy:83)
	at com.kms.katalon.core.webui.keyword.builtin.VerifyTextPresentKeyword.execute(VerifyTextPresentKeyword.groovy:68)
	at com.kms.katalon.core.keyword.internal.KeywordExecutor.executeKeywordForPlatform(KeywordExecutor.groovy:73)
	at com.kms.katalon.core.webui.keyword.WebUiBuiltInKeywords.verifyTextPresent(WebUiBuiltInKeywords.groovy:1723)
	at com.kms.katalon.core.webui.keyword.WebUiBuiltInKeywords$verifyTextPresent$3.call(Unknown Source)
	at EstimatedTax_MRF_TC.run(EstimatedTax_MRF_TC:57)
	at com.kms.katalon.core.main.ScriptEngine.run(ScriptEngine.java:194)
	at com.kms.katalon.core.main.ScriptEngine.runScriptAsRawText(ScriptEngine.java:119)
	at com.kms.katalon.core.main.TestCaseExecutor.runScript(TestCaseExecutor.java:369)
	at com.kms.katalon.core.main.TestCaseExecutor.doExecute(TestCaseExecutor.java:360)
	at com.kms.katalon.core.main.TestCaseExecutor.processExecutionPhase(TestCaseExecutor.java:339)
	at com.kms.katalon.core.main.TestCaseExecutor.accessMainPhase(TestCaseExecutor.java:331)
	at com.kms.katalon.core.main.TestCaseExecutor.execute(TestCaseExecutor.java:248)
	at com.kms.katalon.core.main.TestSuiteExecutor.accessTestCaseMainPhase(TestSuiteExecutor.java:191)
	at com.kms.katalon.core.main.TestSuiteExecutor.accessTestSuiteMainPhase(TestSuiteExecutor.java:140)
	at com.kms.katalon.core.main.TestSuiteExecutor.execute(TestSuiteExecutor.java:89)
	at com.kms.katalon.core.main.TestCaseMain.startTestSuite(TestCaseMain.java:185)
	at com.kms.katalon.core.main.TestCaseMain$startTestSuite$0.call(Unknown Source)
	at TempTestSuite1634615486512.run(TempTestSuite1634615486512.groovy:39)
)

2021-10-18 23:53:29 - [MESSAGE][FAILED] - Text 'Please enter a valid SSN with 9 digits' is not present on page  using regular expression (Root cause: com.kms.katalon.core.exception.StepFailedException: Text 'Please enter a valid SSN with 9 digits' is not present on page  using regular expression
	at com.kms.katalon.core.webui.keyword.internal.WebUIKeywordMain.stepFailed(WebUIKeywordMain.groovy:64)
	at com.kms.katalon.core.webui.keyword.builtin.VerifyTextPresentKeyword$_verifyTextPresent_closure1.doCall(VerifyTextPresentKeyword.groovy:79)
	at com.kms.katalon.core.webui.keyword.builtin.VerifyTextPresentKeyword$_verifyTextPresent_closure1.call(VerifyTextPresentKeyword.groovy)
	at com.kms.katalon.core.webui.keyword.internal.WebUIKeywordMain.runKeyword(WebUIKeywordMain.groovy:20)
	at com.kms.katalon.core.webui.keyword.builtin.VerifyTextPresentKeyword.verifyTextPresent(VerifyTextPresentKeyword.groovy:83)
	at com.kms.katalon.core.webui.keyword.builtin.VerifyTextPresentKeyword.execute(VerifyTextPresentKeyword.groovy:68)
	at com.kms.katalon.core.keyword.internal.KeywordExecutor.executeKeywordForPlatform(KeywordExecutor.groovy:73)
	at com.kms.katalon.core.webui.keyword.WebUiBuiltInKeywords.verifyTextPresent(WebUiBuiltInKeywords.groovy:1723)
	at com.kms.katalon.core.webui.keyword.WebUiBuiltInKeywords$verifyTextPresent$3.call(Unknown Source)
	at EstimatedTax_MRF_TC.run(EstimatedTax_MRF_TC:57)
	at com.kms.katalon.core.main.ScriptEngine.run(ScriptEngine.java:194)
	at com.kms.katalon.core.main.ScriptEngine.runScriptAsRawText(ScriptEngine.java:119)
	at com.kms.katalon.core.main.TestCaseExecutor.runScript(TestCaseExecutor.java:369)
	at com.kms.katalon.core.main.TestCaseExecutor.doExecute(TestCaseExecutor.java:360)
	at com.kms.katalon.core.main.TestCaseExecutor.processExecutionPhase(TestCaseExecutor.java:339)
	at com.kms.katalon.core.main.TestCaseExecutor.accessMainPhase(TestCaseExecutor.java:331)
	at com.kms.katalon.core.main.TestCaseExecutor.execute(TestCaseExecutor.java:248)
	at com.kms.katalon.core.main.TestSuiteExecutor.accessTestCaseMainPhase(TestSuiteExecutor.java:191)
	at com.kms.katalon.core.main.TestSuiteExecutor.accessTestSuiteMainPhase(TestSuiteExecutor.java:140)
	at com.kms.katalon.core.main.TestSuiteExecutor.execute(TestSuiteExecutor.java:89)
	at com.kms.katalon.core.main.TestCaseMain.startTestSuite(TestCaseMain.java:185)
	at com.kms.katalon.core.main.TestCaseMain$startTestSuite$0.call(Unknown Source)
	at TempTestSuite1634615486512.run(TempTestSuite1634615486512.groovy:39)
)

2021-10-18 23:53:29 - [TEST_STEP][FAILED] - verifyTextPresent("The SSN and Re-type SSN do not match", true): Text 'The SSN and Re-type SSN do not match' is not present on page  using regular expression (Root cause: com.kms.katalon.core.exception.StepFailedException: Text 'The SSN and Re-type SSN do not match' is not present on page  using regular expression
	at com.kms.katalon.core.webui.keyword.internal.WebUIKeywordMain.stepFailed(WebUIKeywordMain.groovy:64)
	at com.kms.katalon.core.webui.keyword.builtin.VerifyTextPresentKeyword$_verifyTextPresent_closure1.doCall(VerifyTextPresentKeyword.groovy:79)
	at com.kms.katalon.core.webui.keyword.builtin.VerifyTextPresentKeyword$_verifyTextPresent_closure1.call(VerifyTextPresentKeyword.groovy)
	at com.kms.katalon.core.webui.keyword.internal.WebUIKeywordMain.runKeyword(WebUIKeywordMain.groovy:20)
	at com.kms.katalon.core.webui.keyword.builtin.VerifyTextPresentKeyword.verifyTextPresent(VerifyTextPresentKeyword.groovy:83)
	at com.kms.katalon.core.webui.keyword.builtin.VerifyTextPresentKeyword.execute(VerifyTextPresentKeyword.groovy:68)
	at com.kms.katalon.core.keyword.internal.KeywordExecutor.executeKeywordForPlatform(KeywordExecutor.groovy:73)
	at com.kms.katalon.core.webui.keyword.WebUiBuiltInKeywords.verifyTextPresent(WebUiBuiltInKeywords.groovy:1723)
	at com.kms.katalon.core.webui.keyword.WebUiBuiltInKeywords$verifyTextPresent$3.call(Unknown Source)
	at EstimatedTax_MRF_TC.run(EstimatedTax_MRF_TC:59)
	at com.kms.katalon.core.main.ScriptEngine.run(ScriptEngine.java:194)
	at com.kms.katalon.core.main.ScriptEngine.runScriptAsRawText(ScriptEngine.java:119)
	at com.kms.katalon.core.main.TestCaseExecutor.runScript(TestCaseExecutor.java:369)
	at com.kms.katalon.core.main.TestCaseExecutor.doExecute(TestCaseExecutor.java:360)
	at com.kms.katalon.core.main.TestCaseExecutor.processExecutionPhase(TestCaseExecutor.java:339)
	at com.kms.katalon.core.main.TestCaseExecutor.accessMainPhase(TestCaseExecutor.java:331)
	at com.kms.katalon.core.main.TestCaseExecutor.execute(TestCaseExecutor.java:248)
	at com.kms.katalon.core.main.TestSuiteExecutor.accessTestCaseMainPhase(TestSuiteExecutor.java:191)
	at com.kms.katalon.core.main.TestSuiteExecutor.accessTestSuiteMainPhase(TestSuiteExecutor.java:140)
	at com.kms.katalon.core.main.TestSuiteExecutor.execute(TestSuiteExecutor.java:89)
	at com.kms.katalon.core.main.TestCaseMain.startTestSuite(TestCaseMain.java:185)
	at com.kms.katalon.core.main.TestCaseMain$startTestSuite$0.call(Unknown Source)
	at TempTestSuite1634615486512.run(TempTestSuite1634615486512.groovy:39)
)

2021-10-18 23:53:29 - [MESSAGE][FAILED] - Text 'The SSN and Re-type SSN do not match' is not present on page  using regular expression (Root cause: com.kms.katalon.core.exception.StepFailedException: Text 'The SSN and Re-type SSN do not match' is not present on page  using regular expression
	at com.kms.katalon.core.webui.keyword.internal.WebUIKeywordMain.stepFailed(WebUIKeywordMain.groovy:64)
	at com.kms.katalon.core.webui.keyword.builtin.VerifyTextPresentKeyword$_verifyTextPresent_closure1.doCall(VerifyTextPresentKeyword.groovy:79)
	at com.kms.katalon.core.webui.keyword.builtin.VerifyTextPresentKeyword$_verifyTextPresent_closure1.call(VerifyTextPresentKeyword.groovy)
	at com.kms.katalon.core.webui.keyword.internal.WebUIKeywordMain.runKeyword(WebUIKeywordMain.groovy:20)
	at com.kms.katalon.core.webui.keyword.builtin.VerifyTextPresentKeyword.verifyTextPresent(VerifyTextPresentKeyword.groovy:83)
	at com.kms.katalon.core.webui.keyword.builtin.VerifyTextPresentKeyword.execute(VerifyTextPresentKeyword.groovy:68)
	at com.kms.katalon.core.keyword.internal.KeywordExecutor.executeKeywordForPlatform(KeywordExecutor.groovy:73)
	at com.kms.katalon.core.webui.keyword.WebUiBuiltInKeywords.verifyTextPresent(WebUiBuiltInKeywords.groovy:1723)
	at com.kms.katalon.core.webui.keyword.WebUiBuiltInKeywords$verifyTextPresent$3.call(Unknown Source)
	at EstimatedTax_MRF_TC.run(EstimatedTax_MRF_TC:59)
	at com.kms.katalon.core.main.ScriptEngine.run(ScriptEngine.java:194)
	at com.kms.katalon.core.main.ScriptEngine.runScriptAsRawText(ScriptEngine.java:119)
	at com.kms.katalon.core.main.TestCaseExecutor.runScript(TestCaseExecutor.java:369)
	at com.kms.katalon.core.main.TestCaseExecutor.doExecute(TestCaseExecutor.java:360)
	at com.kms.katalon.core.main.TestCaseExecutor.processExecutionPhase(TestCaseExecutor.java:339)
	at com.kms.katalon.core.main.TestCaseExecutor.accessMainPhase(TestCaseExecutor.java:331)
	at com.kms.katalon.core.main.TestCaseExecutor.execute(TestCaseExecutor.java:248)
	at com.kms.katalon.core.main.TestSuiteExecutor.accessTestCaseMainPhase(TestSuiteExecutor.java:191)
	at com.kms.katalon.core.main.TestSuiteExecutor.accessTestSuiteMainPhase(TestSuiteExecutor.java:140)
	at com.kms.katalon.core.main.TestSuiteExecutor.execute(TestSuiteExecutor.java:89)
	at com.kms.katalon.core.main.TestCaseMain.startTestSuite(TestCaseMain.java:185)
	at com.kms.katalon.core.main.TestCaseMain$startTestSuite$0.call(Unknown Source)
	at TempTestSuite1634615486512.run(TempTestSuite1634615486512.groovy:39)
)

2021-10-18 23:53:29 - [TEST_STEP][FAILED] - verifyTextPresent("Select a country", true): Text 'Select a country' is not present on page  using regular expression (Root cause: com.kms.katalon.core.exception.StepFailedException: Text 'Select a country' is not present on page  using regular expression
	at com.kms.katalon.core.webui.keyword.internal.WebUIKeywordMain.stepFailed(WebUIKeywordMain.groovy:64)
	at com.kms.katalon.core.webui.keyword.builtin.VerifyTextPresentKeyword$_verifyTextPresent_closure1.doCall(VerifyTextPresentKeyword.groovy:79)
	at com.kms.katalon.core.webui.keyword.builtin.VerifyTextPresentKeyword$_verifyTextPresent_closure1.call(VerifyTextPresentKeyword.groovy)
	at com.kms.katalon.core.webui.keyword.internal.WebUIKeywordMain.runKeyword(WebUIKeywordMain.groovy:20)
	at com.kms.katalon.core.webui.keyword.builtin.VerifyTextPresentKeyword.verifyTextPresent(VerifyTextPresentKeyword.groovy:83)
	at com.kms.katalon.core.webui.keyword.builtin.VerifyTextPresentKeyword.execute(VerifyTextPresentKeyword.groovy:68)
	at com.kms.katalon.core.keyword.internal.KeywordExecutor.executeKeywordForPlatform(KeywordExecutor.groovy:73)
	at com.kms.katalon.core.webui.keyword.WebUiBuiltInKeywords.verifyTextPresent(WebUiBuiltInKeywords.groovy:1723)
	at com.kms.katalon.core.webui.keyword.WebUiBuiltInKeywords$verifyTextPresent$3.call(Unknown Source)
	at EstimatedTax_MRF_TC.run(EstimatedTax_MRF_TC:63)
	at com.kms.katalon.core.main.ScriptEngine.run(ScriptEngine.java:194)
	at com.kms.katalon.core.main.ScriptEngine.runScriptAsRawText(ScriptEngine.java:119)
	at com.kms.katalon.core.main.TestCaseExecutor.runScript(TestCaseExecutor.java:369)
	at com.kms.katalon.core.main.TestCaseExecutor.doExecute(TestCaseExecutor.java:360)
	at com.kms.katalon.core.main.TestCaseExecutor.processExecutionPhase(TestCaseExecutor.java:339)
	at com.kms.katalon.core.main.TestCaseExecutor.accessMainPhase(TestCaseExecutor.java:331)
	at com.kms.katalon.core.main.TestCaseExecutor.execute(TestCaseExecutor.java:248)
	at com.kms.katalon.core.main.TestSuiteExecutor.accessTestCaseMainPhase(TestSuiteExecutor.java:191)
	at com.kms.katalon.core.main.TestSuiteExecutor.accessTestSuiteMainPhase(TestSuiteExecutor.java:140)
	at com.kms.katalon.core.main.TestSuiteExecutor.execute(TestSuiteExecutor.java:89)
	at com.kms.katalon.core.main.TestCaseMain.startTestSuite(TestCaseMain.java:185)
	at com.kms.katalon.core.main.TestCaseMain$startTestSuite$0.call(Unknown Source)
	at TempTestSuite1634615486512.run(TempTestSuite1634615486512.groovy:39)
)

2021-10-18 23:53:29 - [MESSAGE][FAILED] - Text 'Select a country' is not present on page  using regular expression (Root cause: com.kms.katalon.core.exception.StepFailedException: Text 'Select a country' is not present on page  using regular expression
	at com.kms.katalon.core.webui.keyword.internal.WebUIKeywordMain.stepFailed(WebUIKeywordMain.groovy:64)
	at com.kms.katalon.core.webui.keyword.builtin.VerifyTextPresentKeyword$_verifyTextPresent_closure1.doCall(VerifyTextPresentKeyword.groovy:79)
	at com.kms.katalon.core.webui.keyword.builtin.VerifyTextPresentKeyword$_verifyTextPresent_closure1.call(VerifyTextPresentKeyword.groovy)
	at com.kms.katalon.core.webui.keyword.internal.WebUIKeywordMain.runKeyword(WebUIKeywordMain.groovy:20)
	at com.kms.katalon.core.webui.keyword.builtin.VerifyTextPresentKeyword.verifyTextPresent(VerifyTextPresentKeyword.groovy:83)
	at com.kms.katalon.core.webui.keyword.builtin.VerifyTextPresentKeyword.execute(VerifyTextPresentKeyword.groovy:68)
	at com.kms.katalon.core.keyword.internal.KeywordExecutor.executeKeywordForPlatform(KeywordExecutor.groovy:73)
	at com.kms.katalon.core.webui.keyword.WebUiBuiltInKeywords.verifyTextPresent(WebUiBuiltInKeywords.groovy:1723)
	at com.kms.katalon.core.webui.keyword.WebUiBuiltInKeywords$verifyTextPresent$3.call(Unknown Source)
	at EstimatedTax_MRF_TC.run(EstimatedTax_MRF_TC:63)
	at com.kms.katalon.core.main.ScriptEngine.run(ScriptEngine.java:194)
	at com.kms.katalon.core.main.ScriptEngine.runScriptAsRawText(ScriptEngine.java:119)
	at com.kms.katalon.core.main.TestCaseExecutor.runScript(TestCaseExecutor.java:369)
	at com.kms.katalon.core.main.TestCaseExecutor.doExecute(TestCaseExecutor.java:360)
	at com.kms.katalon.core.main.TestCaseExecutor.processExecutionPhase(TestCaseExecutor.java:339)
	at com.kms.katalon.core.main.TestCaseExecutor.accessMainPhase(TestCaseExecutor.java:331)
	at com.kms.katalon.core.main.TestCaseExecutor.execute(TestCaseExecutor.java:248)
	at com.kms.katalon.core.main.TestSuiteExecutor.accessTestCaseMainPhase(TestSuiteExecutor.java:191)
	at com.kms.katalon.core.main.TestSuiteExecutor.accessTestSuiteMainPhase(TestSuiteExecutor.java:140)
	at com.kms.katalon.core.main.TestSuiteExecutor.execute(TestSuiteExecutor.java:89)
	at com.kms.katalon.core.main.TestCaseMain.startTestSuite(TestCaseMain.java:185)
	at com.kms.katalon.core.main.TestCaseMain$startTestSuite$0.call(Unknown Source)
	at TempTestSuite1634615486512.run(TempTestSuite1634615486512.groovy:39)
)

2021-10-18 23:53:29 - [TEST_STEP][FAILED] - verifyTextPresent("Enter address", true): Text 'Enter address' is not present on page  using regular expression (Root cause: com.kms.katalon.core.exception.StepFailedException: Text 'Enter address' is not present on page  using regular expression
	at com.kms.katalon.core.webui.keyword.internal.WebUIKeywordMain.stepFailed(WebUIKeywordMain.groovy:64)
	at com.kms.katalon.core.webui.keyword.builtin.VerifyTextPresentKeyword$_verifyTextPresent_closure1.doCall(VerifyTextPresentKeyword.groovy:79)
	at com.kms.katalon.core.webui.keyword.builtin.VerifyTextPresentKeyword$_verifyTextPresent_closure1.call(VerifyTextPresentKeyword.groovy)
	at com.kms.katalon.core.webui.keyword.internal.WebUIKeywordMain.runKeyword(WebUIKeywordMain.groovy:20)
	at com.kms.katalon.core.webui.keyword.builtin.VerifyTextPresentKeyword.verifyTextPresent(VerifyTextPresentKeyword.groovy:83)
	at com.kms.katalon.core.webui.keyword.builtin.VerifyTextPresentKeyword.execute(VerifyTextPresentKeyword.groovy:68)
	at com.kms.katalon.core.keyword.internal.KeywordExecutor.executeKeywordForPlatform(KeywordExecutor.groovy:73)
	at com.kms.katalon.core.webui.keyword.WebUiBuiltInKeywords.verifyTextPresent(WebUiBuiltInKeywords.groovy:1723)
	at com.kms.katalon.core.webui.keyword.WebUiBuiltInKeywords$verifyTextPresent$3.call(Unknown Source)
	at EstimatedTax_MRF_TC.run(EstimatedTax_MRF_TC:65)
	at com.kms.katalon.core.main.ScriptEngine.run(ScriptEngine.java:194)
	at com.kms.katalon.core.main.ScriptEngine.runScriptAsRawText(ScriptEngine.java:119)
	at com.kms.katalon.core.main.TestCaseExecutor.runScript(TestCaseExecutor.java:369)
	at com.kms.katalon.core.main.TestCaseExecutor.doExecute(TestCaseExecutor.java:360)
	at com.kms.katalon.core.main.TestCaseExecutor.processExecutionPhase(TestCaseExecutor.java:339)
	at com.kms.katalon.core.main.TestCaseExecutor.accessMainPhase(TestCaseExecutor.java:331)
	at com.kms.katalon.core.main.TestCaseExecutor.execute(TestCaseExecutor.java:248)
	at com.kms.katalon.core.main.TestSuiteExecutor.accessTestCaseMainPhase(TestSuiteExecutor.java:191)
	at com.kms.katalon.core.main.TestSuiteExecutor.accessTestSuiteMainPhase(TestSuiteExecutor.java:140)
	at com.kms.katalon.core.main.TestSuiteExecutor.execute(TestSuiteExecutor.java:89)
	at com.kms.katalon.core.main.TestCaseMain.startTestSuite(TestCaseMain.java:185)
	at com.kms.katalon.core.main.TestCaseMain$startTestSuite$0.call(Unknown Source)
	at TempTestSuite1634615486512.run(TempTestSuite1634615486512.groovy:39)
)

2021-10-18 23:53:29 - [MESSAGE][FAILED] - Text 'Enter address' is not present on page  using regular expression (Root cause: com.kms.katalon.core.exception.StepFailedException: Text 'Enter address' is not present on page  using regular expression
	at com.kms.katalon.core.webui.keyword.internal.WebUIKeywordMain.stepFailed(WebUIKeywordMain.groovy:64)
	at com.kms.katalon.core.webui.keyword.builtin.VerifyTextPresentKeyword$_verifyTextPresent_closure1.doCall(VerifyTextPresentKeyword.groovy:79)
	at com.kms.katalon.core.webui.keyword.builtin.VerifyTextPresentKeyword$_verifyTextPresent_closure1.call(VerifyTextPresentKeyword.groovy)
	at com.kms.katalon.core.webui.keyword.internal.WebUIKeywordMain.runKeyword(WebUIKeywordMain.groovy:20)
	at com.kms.katalon.core.webui.keyword.builtin.VerifyTextPresentKeyword.verifyTextPresent(VerifyTextPresentKeyword.groovy:83)
	at com.kms.katalon.core.webui.keyword.builtin.VerifyTextPresentKeyword.execute(VerifyTextPresentKeyword.groovy:68)
	at com.kms.katalon.core.keyword.internal.KeywordExecutor.executeKeywordForPlatform(KeywordExecutor.groovy:73)
	at com.kms.katalon.core.webui.keyword.WebUiBuiltInKeywords.verifyTextPresent(WebUiBuiltInKeywords.groovy:1723)
	at com.kms.katalon.core.webui.keyword.WebUiBuiltInKeywords$verifyTextPresent$3.call(Unknown Source)
	at EstimatedTax_MRF_TC.run(EstimatedTax_MRF_TC:65)
	at com.kms.katalon.core.main.ScriptEngine.run(ScriptEngine.java:194)
	at com.kms.katalon.core.main.ScriptEngine.runScriptAsRawText(ScriptEngine.java:119)
	at com.kms.katalon.core.main.TestCaseExecutor.runScript(TestCaseExecutor.java:369)
	at com.kms.katalon.core.main.TestCaseExecutor.doExecute(TestCaseExecutor.java:360)
	at com.kms.katalon.core.main.TestCaseExecutor.processExecutionPhase(TestCaseExecutor.java:339)
	at com.kms.katalon.core.main.TestCaseExecutor.accessMainPhase(TestCaseExecutor.java:331)
	at com.kms.katalon.core.main.TestCaseExecutor.execute(TestCaseExecutor.java:248)
	at com.kms.katalon.core.main.TestSuiteExecutor.accessTestCaseMainPhase(TestSuiteExecutor.java:191)
	at com.kms.katalon.core.main.TestSuiteExecutor.accessTestSuiteMainPhase(TestSuiteExecutor.java:140)
	at com.kms.katalon.core.main.TestSuiteExecutor.execute(TestSuiteExecutor.java:89)
	at com.kms.katalon.core.main.TestCaseMain.startTestSuite(TestCaseMain.java:185)
	at com.kms.katalon.core.main.TestCaseMain$startTestSuite$0.call(Unknown Source)
	at TempTestSuite1634615486512.run(TempTestSuite1634615486512.groovy:39)
)

2021-10-18 23:53:29 - [TEST_STEP][FAILED] - verifyTextPresent("Enter city", true): Text 'Enter city' is not present on page  using regular expression (Root cause: com.kms.katalon.core.exception.StepFailedException: Text 'Enter city' is not present on page  using regular expression
	at com.kms.katalon.core.webui.keyword.internal.WebUIKeywordMain.stepFailed(WebUIKeywordMain.groovy:64)
	at com.kms.katalon.core.webui.keyword.builtin.VerifyTextPresentKeyword$_verifyTextPresent_closure1.doCall(VerifyTextPresentKeyword.groovy:79)
	at com.kms.katalon.core.webui.keyword.builtin.VerifyTextPresentKeyword$_verifyTextPresent_closure1.call(VerifyTextPresentKeyword.groovy)
	at com.kms.katalon.core.webui.keyword.internal.WebUIKeywordMain.runKeyword(WebUIKeywordMain.groovy:20)
	at com.kms.katalon.core.webui.keyword.builtin.VerifyTextPresentKeyword.verifyTextPresent(VerifyTextPresentKeyword.groovy:83)
	at com.kms.katalon.core.webui.keyword.builtin.VerifyTextPresentKeyword.execute(VerifyTextPresentKeyword.groovy:68)
	at com.kms.katalon.core.keyword.internal.KeywordExecutor.executeKeywordForPlatform(KeywordExecutor.groovy:73)
	at com.kms.katalon.core.webui.keyword.WebUiBuiltInKeywords.verifyTextPresent(WebUiBuiltInKeywords.groovy:1723)
	at com.kms.katalon.core.webui.keyword.WebUiBuiltInKeywords$verifyTextPresent$3.call(Unknown Source)
	at EstimatedTax_MRF_TC.run(EstimatedTax_MRF_TC:67)
	at com.kms.katalon.core.main.ScriptEngine.run(ScriptEngine.java:194)
	at com.kms.katalon.core.main.ScriptEngine.runScriptAsRawText(ScriptEngine.java:119)
	at com.kms.katalon.core.main.TestCaseExecutor.runScript(TestCaseExecutor.java:369)
	at com.kms.katalon.core.main.TestCaseExecutor.doExecute(TestCaseExecutor.java:360)
	at com.kms.katalon.core.main.TestCaseExecutor.processExecutionPhase(TestCaseExecutor.java:339)
	at com.kms.katalon.core.main.TestCaseExecutor.accessMainPhase(TestCaseExecutor.java:331)
	at com.kms.katalon.core.main.TestCaseExecutor.execute(TestCaseExecutor.java:248)
	at com.kms.katalon.core.main.TestSuiteExecutor.accessTestCaseMainPhase(TestSuiteExecutor.java:191)
	at com.kms.katalon.core.main.TestSuiteExecutor.accessTestSuiteMainPhase(TestSuiteExecutor.java:140)
	at com.kms.katalon.core.main.TestSuiteExecutor.execute(TestSuiteExecutor.java:89)
	at com.kms.katalon.core.main.TestCaseMain.startTestSuite(TestCaseMain.java:185)
	at com.kms.katalon.core.main.TestCaseMain$startTestSuite$0.call(Unknown Source)
	at TempTestSuite1634615486512.run(TempTestSuite1634615486512.groovy:39)
)

2021-10-18 23:53:29 - [MESSAGE][FAILED] - Text 'Enter city' is not present on page  using regular expression (Root cause: com.kms.katalon.core.exception.StepFailedException: Text 'Enter city' is not present on page  using regular expression
	at com.kms.katalon.core.webui.keyword.internal.WebUIKeywordMain.stepFailed(WebUIKeywordMain.groovy:64)
	at com.kms.katalon.core.webui.keyword.builtin.VerifyTextPresentKeyword$_verifyTextPresent_closure1.doCall(VerifyTextPresentKeyword.groovy:79)
	at com.kms.katalon.core.webui.keyword.builtin.VerifyTextPresentKeyword$_verifyTextPresent_closure1.call(VerifyTextPresentKeyword.groovy)
	at com.kms.katalon.core.webui.keyword.internal.WebUIKeywordMain.runKeyword(WebUIKeywordMain.groovy:20)
	at com.kms.katalon.core.webui.keyword.builtin.VerifyTextPresentKeyword.verifyTextPresent(VerifyTextPresentKeyword.groovy:83)
	at com.kms.katalon.core.webui.keyword.builtin.VerifyTextPresentKeyword.execute(VerifyTextPresentKeyword.groovy:68)
	at com.kms.katalon.core.keyword.internal.KeywordExecutor.executeKeywordForPlatform(KeywordExecutor.groovy:73)
	at com.kms.katalon.core.webui.keyword.WebUiBuiltInKeywords.verifyTextPresent(WebUiBuiltInKeywords.groovy:1723)
	at com.kms.katalon.core.webui.keyword.WebUiBuiltInKeywords$verifyTextPresent$3.call(Unknown Source)
	at EstimatedTax_MRF_TC.run(EstimatedTax_MRF_TC:67)
	at com.kms.katalon.core.main.ScriptEngine.run(ScriptEngine.java:194)
	at com.kms.katalon.core.main.ScriptEngine.runScriptAsRawText(ScriptEngine.java:119)
	at com.kms.katalon.core.main.TestCaseExecutor.runScript(TestCaseExecutor.java:369)
	at com.kms.katalon.core.main.TestCaseExecutor.doExecute(TestCaseExecutor.java:360)
	at com.kms.katalon.core.main.TestCaseExecutor.processExecutionPhase(TestCaseExecutor.java:339)
	at com.kms.katalon.core.main.TestCaseExecutor.accessMainPhase(TestCaseExecutor.java:331)
	at com.kms.katalon.core.main.TestCaseExecutor.execute(TestCaseExecutor.java:248)
	at com.kms.katalon.core.main.TestSuiteExecutor.accessTestCaseMainPhase(TestSuiteExecutor.java:191)
	at com.kms.katalon.core.main.TestSuiteExecutor.accessTestSuiteMainPhase(TestSuiteExecutor.java:140)
	at com.kms.katalon.core.main.TestSuiteExecutor.execute(TestSuiteExecutor.java:89)
	at com.kms.katalon.core.main.TestCaseMain.startTestSuite(TestCaseMain.java:185)
	at com.kms.katalon.core.main.TestCaseMain$startTestSuite$0.call(Unknown Source)
	at TempTestSuite1634615486512.run(TempTestSuite1634615486512.groovy:39)
)

2021-10-18 23:53:29 - [TEST_STEP][FAILED] - verifyTextPresent("Select a state", true): Text 'Select a state' is not present on page  using regular expression (Root cause: com.kms.katalon.core.exception.StepFailedException: Text 'Select a state' is not present on page  using regular expression
	at com.kms.katalon.core.webui.keyword.internal.WebUIKeywordMain.stepFailed(WebUIKeywordMain.groovy:64)
	at com.kms.katalon.core.webui.keyword.builtin.VerifyTextPresentKeyword$_verifyTextPresent_closure1.doCall(VerifyTextPresentKeyword.groovy:79)
	at com.kms.katalon.core.webui.keyword.builtin.VerifyTextPresentKeyword$_verifyTextPresent_closure1.call(VerifyTextPresentKeyword.groovy)
	at com.kms.katalon.core.webui.keyword.internal.WebUIKeywordMain.runKeyword(WebUIKeywordMain.groovy:20)
	at com.kms.katalon.core.webui.keyword.builtin.VerifyTextPresentKeyword.verifyTextPresent(VerifyTextPresentKeyword.groovy:83)
	at com.kms.katalon.core.webui.keyword.builtin.VerifyTextPresentKeyword.execute(VerifyTextPresentKeyword.groovy:68)
	at com.kms.katalon.core.keyword.internal.KeywordExecutor.executeKeywordForPlatform(KeywordExecutor.groovy:73)
	at com.kms.katalon.core.webui.keyword.WebUiBuiltInKeywords.verifyTextPresent(WebUiBuiltInKeywords.groovy:1723)
	at com.kms.katalon.core.webui.keyword.WebUiBuiltInKeywords$verifyTextPresent$3.call(Unknown Source)
	at EstimatedTax_MRF_TC.run(EstimatedTax_MRF_TC:69)
	at com.kms.katalon.core.main.ScriptEngine.run(ScriptEngine.java:194)
	at com.kms.katalon.core.main.ScriptEngine.runScriptAsRawText(ScriptEngine.java:119)
	at com.kms.katalon.core.main.TestCaseExecutor.runScript(TestCaseExecutor.java:369)
	at com.kms.katalon.core.main.TestCaseExecutor.doExecute(TestCaseExecutor.java:360)
	at com.kms.katalon.core.main.TestCaseExecutor.processExecutionPhase(TestCaseExecutor.java:339)
	at com.kms.katalon.core.main.TestCaseExecutor.accessMainPhase(TestCaseExecutor.java:331)
	at com.kms.katalon.core.main.TestCaseExecutor.execute(TestCaseExecutor.java:248)
	at com.kms.katalon.core.main.TestSuiteExecutor.accessTestCaseMainPhase(TestSuiteExecutor.java:191)
	at com.kms.katalon.core.main.TestSuiteExecutor.accessTestSuiteMainPhase(TestSuiteExecutor.java:140)
	at com.kms.katalon.core.main.TestSuiteExecutor.execute(TestSuiteExecutor.java:89)
	at com.kms.katalon.core.main.TestCaseMain.startTestSuite(TestCaseMain.java:185)
	at com.kms.katalon.core.main.TestCaseMain$startTestSuite$0.call(Unknown Source)
	at TempTestSuite1634615486512.run(TempTestSuite1634615486512.groovy:39)
)

2021-10-18 23:53:29 - [MESSAGE][FAILED] - Text 'Select a state' is not present on page  using regular expression (Root cause: com.kms.katalon.core.exception.StepFailedException: Text 'Select a state' is not present on page  using regular expression
	at com.kms.katalon.core.webui.keyword.internal.WebUIKeywordMain.stepFailed(WebUIKeywordMain.groovy:64)
	at com.kms.katalon.core.webui.keyword.builtin.VerifyTextPresentKeyword$_verifyTextPresent_closure1.doCall(VerifyTextPresentKeyword.groovy:79)
	at com.kms.katalon.core.webui.keyword.builtin.VerifyTextPresentKeyword$_verifyTextPresent_closure1.call(VerifyTextPresentKeyword.groovy)
	at com.kms.katalon.core.webui.keyword.internal.WebUIKeywordMain.runKeyword(WebUIKeywordMain.groovy:20)
	at com.kms.katalon.core.webui.keyword.builtin.VerifyTextPresentKeyword.verifyTextPresent(VerifyTextPresentKeyword.groovy:83)
	at com.kms.katalon.core.webui.keyword.builtin.VerifyTextPresentKeyword.execute(VerifyTextPresentKeyword.groovy:68)
	at com.kms.katalon.core.keyword.internal.KeywordExecutor.executeKeywordForPlatform(KeywordExecutor.groovy:73)
	at com.kms.katalon.core.webui.keyword.WebUiBuiltInKeywords.verifyTextPresent(WebUiBuiltInKeywords.groovy:1723)
	at com.kms.katalon.core.webui.keyword.WebUiBuiltInKeywords$verifyTextPresent$3.call(Unknown Source)
	at EstimatedTax_MRF_TC.run(EstimatedTax_MRF_TC:69)
	at com.kms.katalon.core.main.ScriptEngine.run(ScriptEngine.java:194)
	at com.kms.katalon.core.main.ScriptEngine.runScriptAsRawText(ScriptEngine.java:119)
	at com.kms.katalon.core.main.TestCaseExecutor.runScript(TestCaseExecutor.java:369)
	at com.kms.katalon.core.main.TestCaseExecutor.doExecute(TestCaseExecutor.java:360)
	at com.kms.katalon.core.main.TestCaseExecutor.processExecutionPhase(TestCaseExecutor.java:339)
	at com.kms.katalon.core.main.TestCaseExecutor.accessMainPhase(TestCaseExecutor.java:331)
	at com.kms.katalon.core.main.TestCaseExecutor.execute(TestCaseExecutor.java:248)
	at com.kms.katalon.core.main.TestSuiteExecutor.accessTestCaseMainPhase(TestSuiteExecutor.java:191)
	at com.kms.katalon.core.main.TestSuiteExecutor.accessTestSuiteMainPhase(TestSuiteExecutor.java:140)
	at com.kms.katalon.core.main.TestSuiteExecutor.execute(TestSuiteExecutor.java:89)
	at com.kms.katalon.core.main.TestCaseMain.startTestSuite(TestCaseMain.java:185)
	at com.kms.katalon.core.main.TestCaseMain$startTestSuite$0.call(Unknown Source)
	at TempTestSuite1634615486512.run(TempTestSuite1634615486512.groovy:39)
)

2021-10-18 23:53:29 - [TEST_STEP][FAILED] - verifyTextPresent("Enter ZIP code", true): Text 'Enter ZIP code' is not present on page  using regular expression (Root cause: com.kms.katalon.core.exception.StepFailedException: Text 'Enter ZIP code' is not present on page  using regular expression
	at com.kms.katalon.core.webui.keyword.internal.WebUIKeywordMain.stepFailed(WebUIKeywordMain.groovy:64)
	at com.kms.katalon.core.webui.keyword.builtin.VerifyTextPresentKeyword$_verifyTextPresent_closure1.doCall(VerifyTextPresentKeyword.groovy:79)
	at com.kms.katalon.core.webui.keyword.builtin.VerifyTextPresentKeyword$_verifyTextPresent_closure1.call(VerifyTextPresentKeyword.groovy)
	at com.kms.katalon.core.webui.keyword.internal.WebUIKeywordMain.runKeyword(WebUIKeywordMain.groovy:20)
	at com.kms.katalon.core.webui.keyword.builtin.VerifyTextPresentKeyword.verifyTextPresent(VerifyTextPresentKeyword.groovy:83)
	at com.kms.katalon.core.webui.keyword.builtin.VerifyTextPresentKeyword.execute(VerifyTextPresentKeyword.groovy:68)
	at com.kms.katalon.core.keyword.internal.KeywordExecutor.executeKeywordForPlatform(KeywordExecutor.groovy:73)
	at com.kms.katalon.core.webui.keyword.WebUiBuiltInKeywords.verifyTextPresent(WebUiBuiltInKeywords.groovy:1723)
	at com.kms.katalon.core.webui.keyword.WebUiBuiltInKeywords$verifyTextPresent$3.call(Unknown Source)
	at EstimatedTax_MRF_TC.run(EstimatedTax_MRF_TC:71)
	at com.kms.katalon.core.main.ScriptEngine.run(ScriptEngine.java:194)
	at com.kms.katalon.core.main.ScriptEngine.runScriptAsRawText(ScriptEngine.java:119)
	at com.kms.katalon.core.main.TestCaseExecutor.runScript(TestCaseExecutor.java:369)
	at com.kms.katalon.core.main.TestCaseExecutor.doExecute(TestCaseExecutor.java:360)
	at com.kms.katalon.core.main.TestCaseExecutor.processExecutionPhase(TestCaseExecutor.java:339)
	at com.kms.katalon.core.main.TestCaseExecutor.accessMainPhase(TestCaseExecutor.java:331)
	at com.kms.katalon.core.main.TestCaseExecutor.execute(TestCaseExecutor.java:248)
	at com.kms.katalon.core.main.TestSuiteExecutor.accessTestCaseMainPhase(TestSuiteExecutor.java:191)
	at com.kms.katalon.core.main.TestSuiteExecutor.accessTestSuiteMainPhase(TestSuiteExecutor.java:140)
	at com.kms.katalon.core.main.TestSuiteExecutor.execute(TestSuiteExecutor.java:89)
	at com.kms.katalon.core.main.TestCaseMain.startTestSuite(TestCaseMain.java:185)
	at com.kms.katalon.core.main.TestCaseMain$startTestSuite$0.call(Unknown Source)
	at TempTestSuite1634615486512.run(TempTestSuite1634615486512.groovy:39)
)

2021-10-18 23:53:30 - [MESSAGE][FAILED] - Text 'Enter ZIP code' is not present on page  using regular expression (Root cause: com.kms.katalon.core.exception.StepFailedException: Text 'Enter ZIP code' is not present on page  using regular expression
	at com.kms.katalon.core.webui.keyword.internal.WebUIKeywordMain.stepFailed(WebUIKeywordMain.groovy:64)
	at com.kms.katalon.core.webui.keyword.builtin.VerifyTextPresentKeyword$_verifyTextPresent_closure1.doCall(VerifyTextPresentKeyword.groovy:79)
	at com.kms.katalon.core.webui.keyword.builtin.VerifyTextPresentKeyword$_verifyTextPresent_closure1.call(VerifyTextPresentKeyword.groovy)
	at com.kms.katalon.core.webui.keyword.internal.WebUIKeywordMain.runKeyword(WebUIKeywordMain.groovy:20)
	at com.kms.katalon.core.webui.keyword.builtin.VerifyTextPresentKeyword.verifyTextPresent(VerifyTextPresentKeyword.groovy:83)
	at com.kms.katalon.core.webui.keyword.builtin.VerifyTextPresentKeyword.execute(VerifyTextPresentKeyword.groovy:68)
	at com.kms.katalon.core.keyword.internal.KeywordExecutor.executeKeywordForPlatform(KeywordExecutor.groovy:73)
	at com.kms.katalon.core.webui.keyword.WebUiBuiltInKeywords.verifyTextPresent(WebUiBuiltInKeywords.groovy:1723)
	at com.kms.katalon.core.webui.keyword.WebUiBuiltInKeywords$verifyTextPresent$3.call(Unknown Source)
	at EstimatedTax_MRF_TC.run(EstimatedTax_MRF_TC:71)
	at com.kms.katalon.core.main.ScriptEngine.run(ScriptEngine.java:194)
	at com.kms.katalon.core.main.ScriptEngine.runScriptAsRawText(ScriptEngine.java:119)
	at com.kms.katalon.core.main.TestCaseExecutor.runScript(TestCaseExecutor.java:369)
	at com.kms.katalon.core.main.TestCaseExecutor.doExecute(TestCaseExecutor.java:360)
	at com.kms.katalon.core.main.TestCaseExecutor.processExecutionPhase(TestCaseExecutor.java:339)
	at com.kms.katalon.core.main.TestCaseExecutor.accessMainPhase(TestCaseExecutor.java:331)
	at com.kms.katalon.core.main.TestCaseExecutor.execute(TestCaseExecutor.java:248)
	at com.kms.katalon.core.main.TestSuiteExecutor.accessTestCaseMainPhase(TestSuiteExecutor.java:191)
	at com.kms.katalon.core.main.TestSuiteExecutor.accessTestSuiteMainPhase(TestSuiteExecutor.java:140)
	at com.kms.katalon.core.main.TestSuiteExecutor.execute(TestSuiteExecutor.java:89)
	at com.kms.katalon.core.main.TestCaseMain.startTestSuite(TestCaseMain.java:185)
	at com.kms.katalon.core.main.TestCaseMain$startTestSuite$0.call(Unknown Source)
	at TempTestSuite1634615486512.run(TempTestSuite1634615486512.groovy:39)
)

2021-10-18 23:53:30 - [TEST_STEP][FAILED] - verifyTextPresent("Enter a phone number", true): Text 'Enter a phone number' is not present on page  using regular expression (Root cause: com.kms.katalon.core.exception.StepFailedException: Text 'Enter a phone number' is not present on page  using regular expression
	at com.kms.katalon.core.webui.keyword.internal.WebUIKeywordMain.stepFailed(WebUIKeywordMain.groovy:64)
	at com.kms.katalon.core.webui.keyword.builtin.VerifyTextPresentKeyword$_verifyTextPresent_closure1.doCall(VerifyTextPresentKeyword.groovy:79)
	at com.kms.katalon.core.webui.keyword.builtin.VerifyTextPresentKeyword$_verifyTextPresent_closure1.call(VerifyTextPresentKeyword.groovy)
	at com.kms.katalon.core.webui.keyword.internal.WebUIKeywordMain.runKeyword(WebUIKeywordMain.groovy:20)
	at com.kms.katalon.core.webui.keyword.builtin.VerifyTextPresentKeyword.verifyTextPresent(VerifyTextPresentKeyword.groovy:83)
	at com.kms.katalon.core.webui.keyword.builtin.VerifyTextPresentKeyword.execute(VerifyTextPresentKeyword.groovy:68)
	at com.kms.katalon.core.keyword.internal.KeywordExecutor.executeKeywordForPlatform(KeywordExecutor.groovy:73)
	at com.kms.katalon.core.webui.keyword.WebUiBuiltInKeywords.verifyTextPresent(WebUiBuiltInKeywords.groovy:1723)
	at com.kms.katalon.core.webui.keyword.WebUiBuiltInKeywords$verifyTextPresent$3.call(Unknown Source)
	at EstimatedTax_MRF_TC.run(EstimatedTax_MRF_TC:73)
	at com.kms.katalon.core.main.ScriptEngine.run(ScriptEngine.java:194)
	at com.kms.katalon.core.main.ScriptEngine.runScriptAsRawText(ScriptEngine.java:119)
	at com.kms.katalon.core.main.TestCaseExecutor.runScript(TestCaseExecutor.java:369)
	at com.kms.katalon.core.main.TestCaseExecutor.doExecute(TestCaseExecutor.java:360)
	at com.kms.katalon.core.main.TestCaseExecutor.processExecutionPhase(TestCaseExecutor.java:339)
	at com.kms.katalon.core.main.TestCaseExecutor.accessMainPhase(TestCaseExecutor.java:331)
	at com.kms.katalon.core.main.TestCaseExecutor.execute(TestCaseExecutor.java:248)
	at com.kms.katalon.core.main.TestSuiteExecutor.accessTestCaseMainPhase(TestSuiteExecutor.java:191)
	at com.kms.katalon.core.main.TestSuiteExecutor.accessTestSuiteMainPhase(TestSuiteExecutor.java:140)
	at com.kms.katalon.core.main.TestSuiteExecutor.execute(TestSuiteExecutor.java:89)
	at com.kms.katalon.core.main.TestCaseMain.startTestSuite(TestCaseMain.java:185)
	at com.kms.katalon.core.main.TestCaseMain$startTestSuite$0.call(Unknown Source)
	at TempTestSuite1634615486512.run(TempTestSuite1634615486512.groovy:39)
)

2021-10-18 23:53:30 - [MESSAGE][FAILED] - Text 'Enter a phone number' is not present on page  using regular expression (Root cause: com.kms.katalon.core.exception.StepFailedException: Text 'Enter a phone number' is not present on page  using regular expression
	at com.kms.katalon.core.webui.keyword.internal.WebUIKeywordMain.stepFailed(WebUIKeywordMain.groovy:64)
	at com.kms.katalon.core.webui.keyword.builtin.VerifyTextPresentKeyword$_verifyTextPresent_closure1.doCall(VerifyTextPresentKeyword.groovy:79)
	at com.kms.katalon.core.webui.keyword.builtin.VerifyTextPresentKeyword$_verifyTextPresent_closure1.call(VerifyTextPresentKeyword.groovy)
	at com.kms.katalon.core.webui.keyword.internal.WebUIKeywordMain.runKeyword(WebUIKeywordMain.groovy:20)
	at com.kms.katalon.core.webui.keyword.builtin.VerifyTextPresentKeyword.verifyTextPresent(VerifyTextPresentKeyword.groovy:83)
	at com.kms.katalon.core.webui.keyword.builtin.VerifyTextPresentKeyword.execute(VerifyTextPresentKeyword.groovy:68)
	at com.kms.katalon.core.keyword.internal.KeywordExecutor.executeKeywordForPlatform(KeywordExecutor.groovy:73)
	at com.kms.katalon.core.webui.keyword.WebUiBuiltInKeywords.verifyTextPresent(WebUiBuiltInKeywords.groovy:1723)
	at com.kms.katalon.core.webui.keyword.WebUiBuiltInKeywords$verifyTextPresent$3.call(Unknown Source)
	at EstimatedTax_MRF_TC.run(EstimatedTax_MRF_TC:73)
	at com.kms.katalon.core.main.ScriptEngine.run(ScriptEngine.java:194)
	at com.kms.katalon.core.main.ScriptEngine.runScriptAsRawText(ScriptEngine.java:119)
	at com.kms.katalon.core.main.TestCaseExecutor.runScript(TestCaseExecutor.java:369)
	at com.kms.katalon.core.main.TestCaseExecutor.doExecute(TestCaseExecutor.java:360)
	at com.kms.katalon.core.main.TestCaseExecutor.processExecutionPhase(TestCaseExecutor.java:339)
	at com.kms.katalon.core.main.TestCaseExecutor.accessMainPhase(TestCaseExecutor.java:331)
	at com.kms.katalon.core.main.TestCaseExecutor.execute(TestCaseExecutor.java:248)
	at com.kms.katalon.core.main.TestSuiteExecutor.accessTestCaseMainPhase(TestSuiteExecutor.java:191)
	at com.kms.katalon.core.main.TestSuiteExecutor.accessTestSuiteMainPhase(TestSuiteExecutor.java:140)
	at com.kms.katalon.core.main.TestSuiteExecutor.execute(TestSuiteExecutor.java:89)
	at com.kms.katalon.core.main.TestCaseMain.startTestSuite(TestCaseMain.java:185)
	at com.kms.katalon.core.main.TestCaseMain$startTestSuite$0.call(Unknown Source)
	at TempTestSuite1634615486512.run(TempTestSuite1634615486512.groovy:39)
)

2021-10-18 23:53:30 - [TEST_STEP][FAILED] - verifyTextPresent("Enter Email", true): Text 'Enter Email' is not present on page  using regular expression (Root cause: com.kms.katalon.core.exception.StepFailedException: Text 'Enter Email' is not present on page  using regular expression
	at com.kms.katalon.core.webui.keyword.internal.WebUIKeywordMain.stepFailed(WebUIKeywordMain.groovy:64)
	at com.kms.katalon.core.webui.keyword.builtin.VerifyTextPresentKeyword$_verifyTextPresent_closure1.doCall(VerifyTextPresentKeyword.groovy:79)
	at com.kms.katalon.core.webui.keyword.builtin.VerifyTextPresentKeyword$_verifyTextPresent_closure1.call(VerifyTextPresentKeyword.groovy)
	at com.kms.katalon.core.webui.keyword.internal.WebUIKeywordMain.runKeyword(WebUIKeywordMain.groovy:20)
	at com.kms.katalon.core.webui.keyword.builtin.VerifyTextPresentKeyword.verifyTextPresent(VerifyTextPresentKeyword.groovy:83)
	at com.kms.katalon.core.webui.keyword.builtin.VerifyTextPresentKeyword.execute(VerifyTextPresentKeyword.groovy:68)
	at com.kms.katalon.core.keyword.internal.KeywordExecutor.executeKeywordForPlatform(KeywordExecutor.groovy:73)
	at com.kms.katalon.core.webui.keyword.WebUiBuiltInKeywords.verifyTextPresent(WebUiBuiltInKeywords.groovy:1723)
	at com.kms.katalon.core.webui.keyword.WebUiBuiltInKeywords$verifyTextPresent$3.call(Unknown Source)
	at EstimatedTax_MRF_TC.run(EstimatedTax_MRF_TC:75)
	at com.kms.katalon.core.main.ScriptEngine.run(ScriptEngine.java:194)
	at com.kms.katalon.core.main.ScriptEngine.runScriptAsRawText(ScriptEngine.java:119)
	at com.kms.katalon.core.main.TestCaseExecutor.runScript(TestCaseExecutor.java:369)
	at com.kms.katalon.core.main.TestCaseExecutor.doExecute(TestCaseExecutor.java:360)
	at com.kms.katalon.core.main.TestCaseExecutor.processExecutionPhase(TestCaseExecutor.java:339)
	at com.kms.katalon.core.main.TestCaseExecutor.accessMainPhase(TestCaseExecutor.java:331)
	at com.kms.katalon.core.main.TestCaseExecutor.execute(TestCaseExecutor.java:248)
	at com.kms.katalon.core.main.TestSuiteExecutor.accessTestCaseMainPhase(TestSuiteExecutor.java:191)
	at com.kms.katalon.core.main.TestSuiteExecutor.accessTestSuiteMainPhase(TestSuiteExecutor.java:140)
	at com.kms.katalon.core.main.TestSuiteExecutor.execute(TestSuiteExecutor.java:89)
	at com.kms.katalon.core.main.TestCaseMain.startTestSuite(TestCaseMain.java:185)
	at com.kms.katalon.core.main.TestCaseMain$startTestSuite$0.call(Unknown Source)
	at TempTestSuite1634615486512.run(TempTestSuite1634615486512.groovy:39)
)

2021-10-18 23:53:30 - [MESSAGE][FAILED] - Text 'Enter Email' is not present on page  using regular expression (Root cause: com.kms.katalon.core.exception.StepFailedException: Text 'Enter Email' is not present on page  using regular expression
	at com.kms.katalon.core.webui.keyword.internal.WebUIKeywordMain.stepFailed(WebUIKeywordMain.groovy:64)
	at com.kms.katalon.core.webui.keyword.builtin.VerifyTextPresentKeyword$_verifyTextPresent_closure1.doCall(VerifyTextPresentKeyword.groovy:79)
	at com.kms.katalon.core.webui.keyword.builtin.VerifyTextPresentKeyword$_verifyTextPresent_closure1.call(VerifyTextPresentKeyword.groovy)
	at com.kms.katalon.core.webui.keyword.internal.WebUIKeywordMain.runKeyword(WebUIKeywordMain.groovy:20)
	at com.kms.katalon.core.webui.keyword.builtin.VerifyTextPresentKeyword.verifyTextPresent(VerifyTextPresentKeyword.groovy:83)
	at com.kms.katalon.core.webui.keyword.builtin.VerifyTextPresentKeyword.execute(VerifyTextPresentKeyword.groovy:68)
	at com.kms.katalon.core.keyword.internal.KeywordExecutor.executeKeywordForPlatform(KeywordExecutor.groovy:73)
	at com.kms.katalon.core.webui.keyword.WebUiBuiltInKeywords.verifyTextPresent(WebUiBuiltInKeywords.groovy:1723)
	at com.kms.katalon.core.webui.keyword.WebUiBuiltInKeywords$verifyTextPresent$3.call(Unknown Source)
	at EstimatedTax_MRF_TC.run(EstimatedTax_MRF_TC:75)
	at com.kms.katalon.core.main.ScriptEngine.run(ScriptEngine.java:194)
	at com.kms.katalon.core.main.ScriptEngine.runScriptAsRawText(ScriptEngine.java:119)
	at com.kms.katalon.core.main.TestCaseExecutor.runScript(TestCaseExecutor.java:369)
	at com.kms.katalon.core.main.TestCaseExecutor.doExecute(TestCaseExecutor.java:360)
	at com.kms.katalon.core.main.TestCaseExecutor.processExecutionPhase(TestCaseExecutor.java:339)
	at com.kms.katalon.core.main.TestCaseExecutor.accessMainPhase(TestCaseExecutor.java:331)
	at com.kms.katalon.core.main.TestCaseExecutor.execute(TestCaseExecutor.java:248)
	at com.kms.katalon.core.main.TestSuiteExecutor.accessTestCaseMainPhase(TestSuiteExecutor.java:191)
	at com.kms.katalon.core.main.TestSuiteExecutor.accessTestSuiteMainPhase(TestSuiteExecutor.java:140)
	at com.kms.katalon.core.main.TestSuiteExecutor.execute(TestSuiteExecutor.java:89)
	at com.kms.katalon.core.main.TestCaseMain.startTestSuite(TestCaseMain.java:185)
	at com.kms.katalon.core.main.TestCaseMain$startTestSuite$0.call(Unknown Source)
	at TempTestSuite1634615486512.run(TempTestSuite1634615486512.groovy:39)
)

2021-10-18 23:53:30 - [TEST_STEP][FAILED] - verifyTextPresent("The Email and Re-enter email do not match", true): Text 'The Email and Re-enter email do not match' is not present on page  using regular expression (Root cause: com.kms.katalon.core.exception.StepFailedException: Text 'The Email and Re-enter email do not match' is not present on page  using regular expression
	at com.kms.katalon.core.webui.keyword.internal.WebUIKeywordMain.stepFailed(WebUIKeywordMain.groovy:64)
	at com.kms.katalon.core.webui.keyword.builtin.VerifyTextPresentKeyword$_verifyTextPresent_closure1.doCall(VerifyTextPresentKeyword.groovy:79)
	at com.kms.katalon.core.webui.keyword.builtin.VerifyTextPresentKeyword$_verifyTextPresent_closure1.call(VerifyTextPresentKeyword.groovy)
	at com.kms.katalon.core.webui.keyword.internal.WebUIKeywordMain.runKeyword(WebUIKeywordMain.groovy:20)
	at com.kms.katalon.core.webui.keyword.builtin.VerifyTextPresentKeyword.verifyTextPresent(VerifyTextPresentKeyword.groovy:83)
	at com.kms.katalon.core.webui.keyword.builtin.VerifyTextPresentKeyword.execute(VerifyTextPresentKeyword.groovy:68)
	at com.kms.katalon.core.keyword.internal.KeywordExecutor.executeKeywordForPlatform(KeywordExecutor.groovy:73)
	at com.kms.katalon.core.webui.keyword.WebUiBuiltInKeywords.verifyTextPresent(WebUiBuiltInKeywords.groovy:1723)
	at com.kms.katalon.core.webui.keyword.WebUiBuiltInKeywords$verifyTextPresent$3.call(Unknown Source)
	at EstimatedTax_MRF_TC.run(EstimatedTax_MRF_TC:77)
	at com.kms.katalon.core.main.ScriptEngine.run(ScriptEngine.java:194)
	at com.kms.katalon.core.main.ScriptEngine.runScriptAsRawText(ScriptEngine.java:119)
	at com.kms.katalon.core.main.TestCaseExecutor.runScript(TestCaseExecutor.java:369)
	at com.kms.katalon.core.main.TestCaseExecutor.doExecute(TestCaseExecutor.java:360)
	at com.kms.katalon.core.main.TestCaseExecutor.processExecutionPhase(TestCaseExecutor.java:339)
	at com.kms.katalon.core.main.TestCaseExecutor.accessMainPhase(TestCaseExecutor.java:331)
	at com.kms.katalon.core.main.TestCaseExecutor.execute(TestCaseExecutor.java:248)
	at com.kms.katalon.core.main.TestSuiteExecutor.accessTestCaseMainPhase(TestSuiteExecutor.java:191)
	at com.kms.katalon.core.main.TestSuiteExecutor.accessTestSuiteMainPhase(TestSuiteExecutor.java:140)
	at com.kms.katalon.core.main.TestSuiteExecutor.execute(TestSuiteExecutor.java:89)
	at com.kms.katalon.core.main.TestCaseMain.startTestSuite(TestCaseMain.java:185)
	at com.kms.katalon.core.main.TestCaseMain$startTestSuite$0.call(Unknown Source)
	at TempTestSuite1634615486512.run(TempTestSuite1634615486512.groovy:39)
)

2021-10-18 23:53:30 - [MESSAGE][FAILED] - Text 'The Email and Re-enter email do not match' is not present on page  using regular expression (Root cause: com.kms.katalon.core.exception.StepFailedException: Text 'The Email and Re-enter email do not match' is not present on page  using regular expression
	at com.kms.katalon.core.webui.keyword.internal.WebUIKeywordMain.stepFailed(WebUIKeywordMain.groovy:64)
	at com.kms.katalon.core.webui.keyword.builtin.VerifyTextPresentKeyword$_verifyTextPresent_closure1.doCall(VerifyTextPresentKeyword.groovy:79)
	at com.kms.katalon.core.webui.keyword.builtin.VerifyTextPresentKeyword$_verifyTextPresent_closure1.call(VerifyTextPresentKeyword.groovy)
	at com.kms.katalon.core.webui.keyword.internal.WebUIKeywordMain.runKeyword(WebUIKeywordMain.groovy:20)
	at com.kms.katalon.core.webui.keyword.builtin.VerifyTextPresentKeyword.verifyTextPresent(VerifyTextPresentKeyword.groovy:83)
	at com.kms.katalon.core.webui.keyword.builtin.VerifyTextPresentKeyword.execute(VerifyTextPresentKeyword.groovy:68)
	at com.kms.katalon.core.keyword.internal.KeywordExecutor.executeKeywordForPlatform(KeywordExecutor.groovy:73)
	at com.kms.katalon.core.webui.keyword.WebUiBuiltInKeywords.verifyTextPresent(WebUiBuiltInKeywords.groovy:1723)
	at com.kms.katalon.core.webui.keyword.WebUiBuiltInKeywords$verifyTextPresent$3.call(Unknown Source)
	at EstimatedTax_MRF_TC.run(EstimatedTax_MRF_TC:77)
	at com.kms.katalon.core.main.ScriptEngine.run(ScriptEngine.java:194)
	at com.kms.katalon.core.main.ScriptEngine.runScriptAsRawText(ScriptEngine.java:119)
	at com.kms.katalon.core.main.TestCaseExecutor.runScript(TestCaseExecutor.java:369)
	at com.kms.katalon.core.main.TestCaseExecutor.doExecute(TestCaseExecutor.java:360)
	at com.kms.katalon.core.main.TestCaseExecutor.processExecutionPhase(TestCaseExecutor.java:339)
	at com.kms.katalon.core.main.TestCaseExecutor.accessMainPhase(TestCaseExecutor.java:331)
	at com.kms.katalon.core.main.TestCaseExecutor.execute(TestCaseExecutor.java:248)
	at com.kms.katalon.core.main.TestSuiteExecutor.accessTestCaseMainPhase(TestSuiteExecutor.java:191)
	at com.kms.katalon.core.main.TestSuiteExecutor.accessTestSuiteMainPhase(TestSuiteExecutor.java:140)
	at com.kms.katalon.core.main.TestSuiteExecutor.execute(TestSuiteExecutor.java:89)
	at com.kms.katalon.core.main.TestCaseMain.startTestSuite(TestCaseMain.java:185)
	at com.kms.katalon.core.main.TestCaseMain$startTestSuite$0.call(Unknown Source)
	at TempTestSuite1634615486512.run(TempTestSuite1634615486512.groovy:39)
)

2021-10-18 23:53:30 - [TEST_STEP][FAILED] - verifyTextPresent("Payment amount must be greater than zero and less than 10,000,000", true): Text 'Payment amount must be greater than zero and less than 10,000,000' is not present on page  using regular expression (Root cause: com.kms.katalon.core.exception.StepFailedException: Text 'Payment amount must be greater than zero and less than 10,000,000' is not present on page  using regular expression
	at com.kms.katalon.core.webui.keyword.internal.WebUIKeywordMain.stepFailed(WebUIKeywordMain.groovy:64)
	at com.kms.katalon.core.webui.keyword.builtin.VerifyTextPresentKeyword$_verifyTextPresent_closure1.doCall(VerifyTextPresentKeyword.groovy:79)
	at com.kms.katalon.core.webui.keyword.builtin.VerifyTextPresentKeyword$_verifyTextPresent_closure1.call(VerifyTextPresentKeyword.groovy)
	at com.kms.katalon.core.webui.keyword.internal.WebUIKeywordMain.runKeyword(WebUIKeywordMain.groovy:20)
	at com.kms.katalon.core.webui.keyword.builtin.VerifyTextPresentKeyword.verifyTextPresent(VerifyTextPresentKeyword.groovy:83)
	at com.kms.katalon.core.webui.keyword.builtin.VerifyTextPresentKeyword.execute(VerifyTextPresentKeyword.groovy:68)
	at com.kms.katalon.core.keyword.internal.KeywordExecutor.executeKeywordForPlatform(KeywordExecutor.groovy:73)
	at com.kms.katalon.core.webui.keyword.WebUiBuiltInKeywords.verifyTextPresent(WebUiBuiltInKeywords.groovy:1723)
	at com.kms.katalon.core.webui.keyword.WebUiBuiltInKeywords$verifyTextPresent$3.call(Unknown Source)
	at EstimatedTax_MRF_TC.run(EstimatedTax_MRF_TC:81)
	at com.kms.katalon.core.main.ScriptEngine.run(ScriptEngine.java:194)
	at com.kms.katalon.core.main.ScriptEngine.runScriptAsRawText(ScriptEngine.java:119)
	at com.kms.katalon.core.main.TestCaseExecutor.runScript(TestCaseExecutor.java:369)
	at com.kms.katalon.core.main.TestCaseExecutor.doExecute(TestCaseExecutor.java:360)
	at com.kms.katalon.core.main.TestCaseExecutor.processExecutionPhase(TestCaseExecutor.java:339)
	at com.kms.katalon.core.main.TestCaseExecutor.accessMainPhase(TestCaseExecutor.java:331)
	at com.kms.katalon.core.main.TestCaseExecutor.execute(TestCaseExecutor.java:248)
	at com.kms.katalon.core.main.TestSuiteExecutor.accessTestCaseMainPhase(TestSuiteExecutor.java:191)
	at com.kms.katalon.core.main.TestSuiteExecutor.accessTestSuiteMainPhase(TestSuiteExecutor.java:140)
	at com.kms.katalon.core.main.TestSuiteExecutor.execute(TestSuiteExecutor.java:89)
	at com.kms.katalon.core.main.TestCaseMain.startTestSuite(TestCaseMain.java:185)
	at com.kms.katalon.core.main.TestCaseMain$startTestSuite$0.call(Unknown Source)
	at TempTestSuite1634615486512.run(TempTestSuite1634615486512.groovy:39)
)

2021-10-18 23:53:30 - [MESSAGE][FAILED] - Text 'Payment amount must be greater than zero and less than 10,000,000' is not present on page  using regular expression (Root cause: com.kms.katalon.core.exception.StepFailedException: Text 'Payment amount must be greater than zero and less than 10,000,000' is not present on page  using regular expression
	at com.kms.katalon.core.webui.keyword.internal.WebUIKeywordMain.stepFailed(WebUIKeywordMain.groovy:64)
	at com.kms.katalon.core.webui.keyword.builtin.VerifyTextPresentKeyword$_verifyTextPresent_closure1.doCall(VerifyTextPresentKeyword.groovy:79)
	at com.kms.katalon.core.webui.keyword.builtin.VerifyTextPresentKeyword$_verifyTextPresent_closure1.call(VerifyTextPresentKeyword.groovy)
	at com.kms.katalon.core.webui.keyword.internal.WebUIKeywordMain.runKeyword(WebUIKeywordMain.groovy:20)
	at com.kms.katalon.core.webui.keyword.builtin.VerifyTextPresentKeyword.verifyTextPresent(VerifyTextPresentKeyword.groovy:83)
	at com.kms.katalon.core.webui.keyword.builtin.VerifyTextPresentKeyword.execute(VerifyTextPresentKeyword.groovy:68)
	at com.kms.katalon.core.keyword.internal.KeywordExecutor.executeKeywordForPlatform(KeywordExecutor.groovy:73)
	at com.kms.katalon.core.webui.keyword.WebUiBuiltInKeywords.verifyTextPresent(WebUiBuiltInKeywords.groovy:1723)
	at com.kms.katalon.core.webui.keyword.WebUiBuiltInKeywords$verifyTextPresent$3.call(Unknown Source)
	at EstimatedTax_MRF_TC.run(EstimatedTax_MRF_TC:81)
	at com.kms.katalon.core.main.ScriptEngine.run(ScriptEngine.java:194)
	at com.kms.katalon.core.main.ScriptEngine.runScriptAsRawText(ScriptEngine.java:119)
	at com.kms.katalon.core.main.TestCaseExecutor.runScript(TestCaseExecutor.java:369)
	at com.kms.katalon.core.main.TestCaseExecutor.doExecute(TestCaseExecutor.java:360)
	at com.kms.katalon.core.main.TestCaseExecutor.processExecutionPhase(TestCaseExecutor.java:339)
	at com.kms.katalon.core.main.TestCaseExecutor.accessMainPhase(TestCaseExecutor.java:331)
	at com.kms.katalon.core.main.TestCaseExecutor.execute(TestCaseExecutor.java:248)
	at com.kms.katalon.core.main.TestSuiteExecutor.accessTestCaseMainPhase(TestSuiteExecutor.java:191)
	at com.kms.katalon.core.main.TestSuiteExecutor.accessTestSuiteMainPhase(TestSuiteExecutor.java:140)
	at com.kms.katalon.core.main.TestSuiteExecutor.execute(TestSuiteExecutor.java:89)
	at com.kms.katalon.core.main.TestCaseMain.startTestSuite(TestCaseMain.java:185)
	at com.kms.katalon.core.main.TestCaseMain$startTestSuite$0.call(Unknown Source)
	at TempTestSuite1634615486512.run(TempTestSuite1634615486512.groovy:39)
)

2021-10-18 23:53:30 - [TEST_STEP][PASSED] - scrollToElement(findTestObject(orPath_Amount + "/input__paymentAmount"), 3): Scroll to object 'Object Repository/RAD_Pages/PaymentAmount_Page/input__paymentAmount' successfully

2021-10-18 23:53:30 - [MESSAGE][PASSED] - Scroll to object 'Object Repository/RAD_Pages/PaymentAmount_Page/input__paymentAmount' successfully

2021-10-18 23:53:30 - [TEST_STEP][PASSED] - waitForElementClickable(findTestObject(orPath_FilingStatus + "/input_userType_Joint"), 5): Object 'Object Repository/RAD_Pages/FilingStatus_Page/input_userType_Joint' is clickable

2021-10-18 23:53:30 - [MESSAGE][PASSED] - Object 'Object Repository/RAD_Pages/FilingStatus_Page/input_userType_Joint' is clickable

2021-10-18 23:53:30 - [TEST_STEP][PASSED] - click(findTestObject(orPath_FilingStatus + "/input_userType_Joint")): Object: 'Object Repository/RAD_Pages/FilingStatus_Page/input_userType_Joint' is clicked on

2021-10-18 23:53:31 - [MESSAGE][PASSED] - Object: 'Object Repository/RAD_Pages/FilingStatus_Page/input_userType_Joint' is clicked on

2021-10-18 23:53:31 - [TEST_STEP][PASSED] - click(findTestObject(orPath_Landing + "/button_Continue")): Object: 'Object Repository/RAD_Pages/Landing_Page/button_Continue' is clicked on

2021-10-18 23:53:31 - [MESSAGE][PASSED] - Object: 'Object Repository/RAD_Pages/Landing_Page/button_Continue' is clicked on

2021-10-18 23:53:31 - [TEST_STEP][PASSED] - verifyTextPresent("Enter joint payer first name", true): Text 'Enter joint payer first name' is present on page  using regular expression

2021-10-18 23:53:31 - [MESSAGE][PASSED] - Text 'Enter joint payer first name' is present on page  using regular expression

2021-10-18 23:53:31 - [TEST_STEP][PASSED] - verifyTextPresent("Enter joint payer last name", true): Text 'Enter joint payer last name' is present on page  using regular expression

2021-10-18 23:53:31 - [MESSAGE][PASSED] - Text 'Enter joint payer last name' is present on page  using regular expression

2021-10-18 23:53:31 - [TEST_STEP][PASSED] - verifyTextPresent("Enter joint payer social security number", true): Text 'Enter joint payer social security number' is present on page  using regular expression

2021-10-18 23:53:31 - [MESSAGE][PASSED] - Text 'Enter joint payer social security number' is present on page  using regular expression

2021-10-18 23:53:31 - [TEST_STEP][PASSED] - verifyTextPresent("The joint payer SSN and Re-enter SSN do not match", true): Text 'The joint payer SSN and Re-enter SSN do not match' is present on page  using regular expression

2021-10-18 23:53:32 - [MESSAGE][PASSED] - Text 'The joint payer SSN and Re-enter SSN do not match' is present on page  using regular expression]]></system-out>
         <system-err><![CDATA[2021-10-18 23:53:21 - [TEST_CASE][FAILED] - Test Cases/RAD_TestCases/MRF_TestCases/EstimatedTax_MRF_TC: Test Cases/RAD_TestCases/MRF_TestCases/EstimatedTax_MRF_TC FAILED.
Reason:
com.kms.katalon.core.exception.StepFailedException: Unable to click on object 'Object Repository/RAD_Pages/Landing_Page/button_Continue' (Root cause: com.kms.katalon.core.exception.StepFailedException: Unable to click on object 'Object Repository/RAD_Pages/Landing_Page/button_Continue'
	at com.kms.katalon.core.webui.keyword.internal.WebUIKeywordMain.stepFailed(WebUIKeywordMain.groovy:64)
	at com.kms.katalon.core.webui.keyword.internal.WebUIKeywordMain.runKeyword(WebUIKeywordMain.groovy:26)
	at com.kms.katalon.core.webui.keyword.builtin.ClickKeyword.click(ClickKeyword.groovy:75)
	at com.kms.katalon.core.webui.keyword.builtin.ClickKeyword.execute(ClickKeyword.groovy:42)
	at com.kms.katalon.core.keyword.internal.KeywordExecutor.executeKeywordForPlatform(KeywordExecutor.groovy:73)
	at com.kms.katalon.core.webui.keyword.WebUiBuiltInKeywords.click(WebUiBuiltInKeywords.groovy:620)
	at com.kms.katalon.core.webui.keyword.WebUiBuiltInKeywords$click$10.call(Unknown Source)
	at EstimatedTax_MRF_TC.run(EstimatedTax_MRF_TC:34)
	at com.kms.katalon.core.main.ScriptEngine.run(ScriptEngine.java:194)
	at com.kms.katalon.core.main.ScriptEngine.runScriptAsRawText(ScriptEngine.java:119)
	at com.kms.katalon.core.main.TestCaseExecutor.runScript(TestCaseExecutor.java:369)
	at com.kms.katalon.core.main.TestCaseExecutor.doExecute(TestCaseExecutor.java:360)
	at com.kms.katalon.core.main.TestCaseExecutor.processExecutionPhase(TestCaseExecutor.java:339)
	at com.kms.katalon.core.main.TestCaseExecutor.accessMainPhase(TestCaseExecutor.java:331)
	at com.kms.katalon.core.main.TestCaseExecutor.execute(TestCaseExecutor.java:248)
	at com.kms.katalon.core.main.TestSuiteExecutor.accessTestCaseMainPhase(TestSuiteExecutor.java:191)
	at com.kms.katalon.core.main.TestSuiteExecutor.accessTestSuiteMainPhase(TestSuiteExecutor.java:140)
	at com.kms.katalon.core.main.TestSuiteExecutor.execute(TestSuiteExecutor.java:89)
	at com.kms.katalon.core.main.TestCaseMain.startTestSuite(TestCaseMain.java:185)
	at com.kms.katalon.core.main.TestCaseMain$startTestSuite$0.call(Unknown Source)
	at TempTestSuite1634615486512.run(TempTestSuite1634615486512.groovy:39)
Caused by: org.openqa.selenium.ElementClickInterceptedException: element click intercepted: Element is not clickable at point (1046, 1372)
  (Session info: MicrosoftEdge=94.0.992.50)
Build info: version: '3.141.59', revision: 'e82be7d358', time: '2018-11-14T08:25:53'
System info: host: 'DESKTOP-B2QI6NS', ip: '172.30.2.167', os.name: 'Windows 10', os.arch: 'amd64', os.version: '10.0', java.version: '1.8.0_181'
Driver info: com.kms.katalon.selenium.driver.CEdgeDriver
Capabilities {acceptInsecureCerts: false, browserName: msedge, browserVersion: 94.0.992.50, javascriptEnabled: true, ms:edgeOptions: {debuggerAddress: localhost:53028}, msedge: {msedgedriverVersion: 94.0.992.47 (8d45ccc5def2a3..., userDataDir: C:\Users\iahmed\AppData\Loc...}, networkConnectionEnabled: false, pageLoadStrategy: normal, platform: WINDOWS, platformName: WINDOWS, proxy: Proxy(), setWindowRect: true, strictFileInteractability: false, timeouts: {implicit: 0, pageLoad: 300000, script: 30000}, unhandledPromptBehavior: dismiss and notify, webauthn:extension:credBlob: true, webauthn:extension:largeBlob: true, webauthn:virtualAuthenticators: true}
Session ID: 26d373eb46c94a04dba986ffce3d3b2c
	at org.openqa.selenium.remote.http.W3CHttpResponseCodec.createException(W3CHttpResponseCodec.java:187)
	at org.openqa.selenium.remote.http.W3CHttpResponseCodec.decode(W3CHttpResponseCodec.java:122)
	at org.openqa.selenium.remote.http.W3CHttpResponseCodec.decode(W3CHttpResponseCodec.java:49)
	at org.openqa.selenium.remote.HttpCommandExecutor.execute(HttpCommandExecutor.java:158)
	at org.openqa.selenium.remote.service.DriverCommandExecutor.execute(DriverCommandExecutor.java:83)
	at org.openqa.selenium.remote.RemoteWebDriver.execute(RemoteWebDriver.java:552)
	at com.kms.katalon.selenium.driver.CEdgeDriver.execute(CEdgeDriver.java:20)
	at org.openqa.selenium.remote.RemoteWebElement.execute(RemoteWebElement.java:285)
	at org.openqa.selenium.remote.RemoteWebElement.click(RemoteWebElement.java:84)
	at org.openqa.selenium.support.events.EventFiringWebDriver$EventFiringWebElement.lambda$new$0(EventFiringWebDriver.java:404)
	at com.sun.proxy.$Proxy11.click(Unknown Source)
	at org.openqa.selenium.support.events.EventFiringWebDriver$EventFiringWebElement.click(EventFiringWebDriver.java:417)
	at com.kms.katalon.core.webui.keyword.builtin.ClickKeyword$_click_closure1.doCall(ClickKeyword.groovy:68)
	at com.kms.katalon.core.webui.keyword.builtin.ClickKeyword$_click_closure1.call(ClickKeyword.groovy)
	at com.kms.katalon.core.webui.keyword.internal.WebUIKeywordMain.runKeyword(WebUIKeywordMain.groovy:20)
	at com.kms.katalon.core.webui.keyword.builtin.ClickKeyword.click(ClickKeyword.groovy:75)
	at com.kms.katalon.core.webui.keyword.builtin.ClickKeyword.execute(ClickKeyword.groovy:42)
	at com.kms.katalon.core.keyword.internal.KeywordExecutor.executeKeywordForPlatform(KeywordExecutor.groovy:73)
	at com.kms.katalon.core.webui.keyword.WebUiBuiltInKeywords.click(WebUiBuiltInKeywords.groovy:620)
	at com.kms.katalon.core.webui.keyword.WebUiBuiltInKeywords$click$10.call(Unknown Source)
	at Script1634596423746.run(Script1634596423746.groovy:34)
	... 13 more
)
	at com.kms.katalon.core.keyword.internal.KeywordMain.stepFailed(KeywordMain.groovy:39)
	at com.kms.katalon.core.webui.keyword.internal.WebUIKeywordMain.stepFailed(WebUIKeywordMain.groovy:64)
	at com.kms.katalon.core.webui.keyword.internal.WebUIKeywordMain.runKeyword(WebUIKeywordMain.groovy:26)
	at com.kms.katalon.core.webui.keyword.builtin.ClickKeyword.click(ClickKeyword.groovy:75)
	at com.kms.katalon.core.webui.keyword.builtin.ClickKeyword.execute(ClickKeyword.groovy:42)
	at com.kms.katalon.core.keyword.internal.KeywordExecutor.executeKeywordForPlatform(KeywordExecutor.groovy:73)
	at com.kms.katalon.core.webui.keyword.WebUiBuiltInKeywords.click(WebUiBuiltInKeywords.groovy:620)
	at com.kms.katalon.core.webui.keyword.WebUiBuiltInKeywords$click$10.call(Unknown Source)
	at EstimatedTax_MRF_TC.run(EstimatedTax_MRF_TC:34)
	at com.kms.katalon.core.main.ScriptEngine.run(ScriptEngine.java:194)
	at com.kms.katalon.core.main.ScriptEngine.runScriptAsRawText(ScriptEngine.java:119)
	at com.kms.katalon.core.main.TestCaseExecutor.runScript(TestCaseExecutor.java:369)
	at com.kms.katalon.core.main.TestCaseExecutor.doExecute(TestCaseExecutor.java:360)
	at com.kms.katalon.core.main.TestCaseExecutor.processExecutionPhase(TestCaseExecutor.java:339)
	at com.kms.katalon.core.main.TestCaseExecutor.accessMainPhase(TestCaseExecutor.java:331)
	at com.kms.katalon.core.main.TestCaseExecutor.execute(TestCaseExecutor.java:248)
	at com.kms.katalon.core.main.TestSuiteExecutor.accessTestCaseMainPhase(TestSuiteExecutor.java:191)
	at com.kms.katalon.core.main.TestSuiteExecutor.accessTestSuiteMainPhase(TestSuiteExecutor.java:140)
	at com.kms.katalon.core.main.TestSuiteExecutor.execute(TestSuiteExecutor.java:89)
	at com.kms.katalon.core.main.TestCaseMain.startTestSuite(TestCaseMain.java:185)
	at com.kms.katalon.core.main.TestCaseMain$startTestSuite$0.call(Unknown Source)
	at TempTestSuite1634615486512.run(TempTestSuite1634615486512.groovy:39)
Caused by: com.kms.katalon.core.exception.StepFailedException: Unable to click on object 'Object Repository/RAD_Pages/Landing_Page/button_Continue'
	... 21 more
Caused by: org.openqa.selenium.ElementClickInterceptedException: element click intercepted: Element is not clickable at point (1046, 1372)
  (Session info: MicrosoftEdge=94.0.992.50)
Build info: version: '3.141.59', revision: 'e82be7d358', time: '2018-11-14T08:25:53'
System info: host: 'DESKTOP-B2QI6NS', ip: '172.30.2.167', os.name: 'Windows 10', os.arch: 'amd64', os.version: '10.0', java.version: '1.8.0_181'
Driver info: com.kms.katalon.selenium.driver.CEdgeDriver
Capabilities {acceptInsecureCerts: false, browserName: msedge, browserVersion: 94.0.992.50, javascriptEnabled: true, ms:edgeOptions: {debuggerAddress: localhost:53028}, msedge: {msedgedriverVersion: 94.0.992.47 (8d45ccc5def2a3..., userDataDir: C:\Users\iahmed\AppData\Loc...}, networkConnectionEnabled: false, pageLoadStrategy: normal, platform: WINDOWS, platformName: WINDOWS, proxy: Proxy(), setWindowRect: true, strictFileInteractability: false, timeouts: {implicit: 0, pageLoad: 300000, script: 30000}, unhandledPromptBehavior: dismiss and notify, webauthn:extension:credBlob: true, webauthn:extension:largeBlob: true, webauthn:virtualAuthenticators: true}
Session ID: 26d373eb46c94a04dba986ffce3d3b2c
	at org.openqa.selenium.remote.http.W3CHttpResponseCodec.createException(W3CHttpResponseCodec.java:187)
	at org.openqa.selenium.remote.http.W3CHttpResponseCodec.decode(W3CHttpResponseCodec.java:122)
	at org.openqa.selenium.remote.http.W3CHttpResponseCodec.decode(W3CHttpResponseCodec.java:49)
	at org.openqa.selenium.remote.HttpCommandExecutor.execute(HttpCommandExecutor.java:158)
	at org.openqa.selenium.remote.service.DriverCommandExecutor.execute(DriverCommandExecutor.java:83)
	at org.openqa.selenium.remote.RemoteWebDriver.execute(RemoteWebDriver.java:552)
	at com.kms.katalon.selenium.driver.CEdgeDriver.execute(CEdgeDriver.java:20)
	at org.openqa.selenium.remote.RemoteWebElement.execute(RemoteWebElement.java:285)
	at org.openqa.selenium.remote.RemoteWebElement.click(RemoteWebElement.java:84)
	at org.openqa.selenium.support.events.EventFiringWebDriver$EventFiringWebElement.lambda$new$0(EventFiringWebDriver.java:404)
	at com.sun.proxy.$Proxy11.click(Unknown Source)
	at org.openqa.selenium.support.events.EventFiringWebDriver$EventFiringWebElement.click(EventFiringWebDriver.java:417)
	at com.kms.katalon.core.webui.keyword.builtin.ClickKeyword$_click_closure1.doCall(ClickKeyword.groovy:68)
	at com.kms.katalon.core.webui.keyword.builtin.ClickKeyword$_click_closure1.call(ClickKeyword.groovy)
	at com.kms.katalon.core.webui.keyword.internal.WebUIKeywordMain.runKeyword(WebUIKeywordMain.groovy:20)
	... 19 more]]></system-err>
      </testcase>
      <testcase name="Test Cases/RAD_TestCases/MRF_TestCases/PersonalIncomeTax_MRF_TC" time="10.897" classname="Test Cases/RAD_TestCases/MRF_TestCases/PersonalIncomeTax_MRF_TC" status="FAILED">
         <failure type="FAILED" message="Test Cases/RAD_TestCases/MRF_TestCases/PersonalIncomeTax_MRF_TC FAILED.
Reason:
com.kms.katalon.core.exception.StepFailedException: Unable to click on object 'Object Repository/RAD_Pages/Landing_Page/button_Continue' (Root cause: com.kms.katalon.core.exception.StepFailedException: Unable to click on object 'Object Repository/RAD_Pages/Landing_Page/button_Continue'
	at com.kms.katalon.core.webui.keyword.internal.WebUIKeywordMain.stepFailed(WebUIKeywordMain.groovy:64)
	at com.kms.katalon.core.webui.keyword.internal.WebUIKeywordMain.runKeyword(WebUIKeywordMain.groovy:26)
	at com.kms.katalon.core.webui.keyword.builtin.ClickKeyword.click(ClickKeyword.groovy:75)
	at com.kms.katalon.core.webui.keyword.builtin.ClickKeyword.execute(ClickKeyword.groovy:42)
	at com.kms.katalon.core.keyword.internal.KeywordExecutor.executeKeywordForPlatform(KeywordExecutor.groovy:73)
	at com.kms.katalon.core.webui.keyword.WebUiBuiltInKeywords.click(WebUiBuiltInKeywords.groovy:620)
	at com.kms.katalon.core.webui.keyword.WebUiBuiltInKeywords$click$10.call(Unknown Source)
	at PersonalIncomeTax_MRF_TC.run(PersonalIncomeTax_MRF_TC:34)
	at com.kms.katalon.core.main.ScriptEngine.run(ScriptEngine.java:194)
	at com.kms.katalon.core.main.ScriptEngine.runScriptAsRawText(ScriptEngine.java:119)
	at com.kms.katalon.core.main.TestCaseExecutor.runScript(TestCaseExecutor.java:369)
	at com.kms.katalon.core.main.TestCaseExecutor.doExecute(TestCaseExecutor.java:360)
	at com.kms.katalon.core.main.TestCaseExecutor.processExecutionPhase(TestCaseExecutor.java:339)
	at com.kms.katalon.core.main.TestCaseExecutor.accessMainPhase(TestCaseExecutor.java:331)
	at com.kms.katalon.core.main.TestCaseExecutor.execute(TestCaseExecutor.java:248)
	at com.kms.katalon.core.main.TestSuiteExecutor.accessTestCaseMainPhase(TestSuiteExecutor.java:191)
	at com.kms.katalon.core.main.TestSuiteExecutor.accessTestSuiteMainPhase(TestSuiteExecutor.java:140)
	at com.kms.katalon.core.main.TestSuiteExecutor.execute(TestSuiteExecutor.java:89)
	at com.kms.katalon.core.main.TestCaseMain.startTestSuite(TestCaseMain.java:185)
	at com.kms.katalon.core.main.TestCaseMain$startTestSuite$0.call(Unknown Source)
	at TempTestSuite1634615486512.run(TempTestSuite1634615486512.groovy:39)
Caused by: org.openqa.selenium.ElementClickInterceptedException: element click intercepted: Element is not clickable at point (1046, 1372)
  (Session info: MicrosoftEdge=94.0.992.50)
Build info: version: '3.141.59', revision: 'e82be7d358', time: '2018-11-14T08:25:53'
System info: host: 'DESKTOP-B2QI6NS', ip: '172.30.2.167', os.name: 'Windows 10', os.arch: 'amd64', os.version: '10.0', java.version: '1.8.0_181'
Driver info: com.kms.katalon.selenium.driver.CEdgeDriver
Capabilities {acceptInsecureCerts: false, browserName: msedge, browserVersion: 94.0.992.50, javascriptEnabled: true, ms:edgeOptions: {debuggerAddress: localhost:49539}, msedge: {msedgedriverVersion: 94.0.992.47 (8d45ccc5def2a3..., userDataDir: C:\Users\iahmed\AppData\Loc...}, networkConnectionEnabled: false, pageLoadStrategy: normal, platform: WINDOWS, platformName: WINDOWS, proxy: Proxy(), setWindowRect: true, strictFileInteractability: false, timeouts: {implicit: 0, pageLoad: 300000, script: 30000}, unhandledPromptBehavior: dismiss and notify, webauthn:extension:credBlob: true, webauthn:extension:largeBlob: true, webauthn:virtualAuthenticators: true}
Session ID: 6059dc507ab896c9f371178fd197bd3a
	at org.openqa.selenium.remote.http.W3CHttpResponseCodec.createException(W3CHttpResponseCodec.java:187)
	at org.openqa.selenium.remote.http.W3CHttpResponseCodec.decode(W3CHttpResponseCodec.java:122)
	at org.openqa.selenium.remote.http.W3CHttpResponseCodec.decode(W3CHttpResponseCodec.java:49)
	at org.openqa.selenium.remote.HttpCommandExecutor.execute(HttpCommandExecutor.java:158)
	at org.openqa.selenium.remote.service.DriverCommandExecutor.execute(DriverCommandExecutor.java:83)
	at org.openqa.selenium.remote.RemoteWebDriver.execute(RemoteWebDriver.java:552)
	at com.kms.katalon.selenium.driver.CEdgeDriver.execute(CEdgeDriver.java:20)
	at org.openqa.selenium.remote.RemoteWebElement.execute(RemoteWebElement.java:285)
	at org.openqa.selenium.remote.RemoteWebElement.click(RemoteWebElement.java:84)
	at org.openqa.selenium.support.events.EventFiringWebDriver$EventFiringWebElement.lambda$new$0(EventFiringWebDriver.java:404)
	at com.sun.proxy.$Proxy11.click(Unknown Source)
	at org.openqa.selenium.support.events.EventFiringWebDriver$EventFiringWebElement.click(EventFiringWebDriver.java:417)
	at com.kms.katalon.core.webui.keyword.builtin.ClickKeyword$_click_closure1.doCall(ClickKeyword.groovy:68)
	at com.kms.katalon.core.webui.keyword.builtin.ClickKeyword$_click_closure1.call(ClickKeyword.groovy)
	at com.kms.katalon.core.webui.keyword.internal.WebUIKeywordMain.runKeyword(WebUIKeywordMain.groovy:20)
	at com.kms.katalon.core.webui.keyword.builtin.ClickKeyword.click(ClickKeyword.groovy:75)
	at com.kms.katalon.core.webui.keyword.builtin.ClickKeyword.execute(ClickKeyword.groovy:42)
	at com.kms.katalon.core.keyword.internal.KeywordExecutor.executeKeywordForPlatform(KeywordExecutor.groovy:73)
	at com.kms.katalon.core.webui.keyword.WebUiBuiltInKeywords.click(WebUiBuiltInKeywords.groovy:620)
	at com.kms.katalon.core.webui.keyword.WebUiBuiltInKeywords$click$10.call(Unknown Source)
	at Script1634610782044.run(Script1634610782044.groovy:34)
	... 13 more
)
	at com.kms.katalon.core.keyword.internal.KeywordMain.stepFailed(KeywordMain.groovy:39)
	at com.kms.katalon.core.webui.keyword.internal.WebUIKeywordMain.stepFailed(WebUIKeywordMain.groovy:64)
	at com.kms.katalon.core.webui.keyword.internal.WebUIKeywordMain.runKeyword(WebUIKeywordMain.groovy:26)
	at com.kms.katalon.core.webui.keyword.builtin.ClickKeyword.click(ClickKeyword.groovy:75)
	at com.kms.katalon.core.webui.keyword.builtin.ClickKeyword.execute(ClickKeyword.groovy:42)
	at com.kms.katalon.core.keyword.internal.KeywordExecutor.executeKeywordForPlatform(KeywordExecutor.groovy:73)
	at com.kms.katalon.core.webui.keyword.WebUiBuiltInKeywords.click(WebUiBuiltInKeywords.groovy:620)
	at com.kms.katalon.core.webui.keyword.WebUiBuiltInKeywords$click$10.call(Unknown Source)
	at PersonalIncomeTax_MRF_TC.run(PersonalIncomeTax_MRF_TC:34)
	at com.kms.katalon.core.main.ScriptEngine.run(ScriptEngine.java:194)
	at com.kms.katalon.core.main.ScriptEngine.runScriptAsRawText(ScriptEngine.java:119)
	at com.kms.katalon.core.main.TestCaseExecutor.runScript(TestCaseExecutor.java:369)
	at com.kms.katalon.core.main.TestCaseExecutor.doExecute(TestCaseExecutor.java:360)
	at com.kms.katalon.core.main.TestCaseExecutor.processExecutionPhase(TestCaseExecutor.java:339)
	at com.kms.katalon.core.main.TestCaseExecutor.accessMainPhase(TestCaseExecutor.java:331)
	at com.kms.katalon.core.main.TestCaseExecutor.execute(TestCaseExecutor.java:248)
	at com.kms.katalon.core.main.TestSuiteExecutor.accessTestCaseMainPhase(TestSuiteExecutor.java:191)
	at com.kms.katalon.core.main.TestSuiteExecutor.accessTestSuiteMainPhase(TestSuiteExecutor.java:140)
	at com.kms.katalon.core.main.TestSuiteExecutor.execute(TestSuiteExecutor.java:89)
	at com.kms.katalon.core.main.TestCaseMain.startTestSuite(TestCaseMain.java:185)
	at com.kms.katalon.core.main.TestCaseMain$startTestSuite$0.call(Unknown Source)
	at TempTestSuite1634615486512.run(TempTestSuite1634615486512.groovy:39)
Caused by: com.kms.katalon.core.exception.StepFailedException: Unable to click on object 'Object Repository/RAD_Pages/Landing_Page/button_Continue'
	... 21 more
Caused by: org.openqa.selenium.ElementClickInterceptedException: element click intercepted: Element is not clickable at point (1046, 1372)
  (Session info: MicrosoftEdge=94.0.992.50)
Build info: version: '3.141.59', revision: 'e82be7d358', time: '2018-11-14T08:25:53'
System info: host: 'DESKTOP-B2QI6NS', ip: '172.30.2.167', os.name: 'Windows 10', os.arch: 'amd64', os.version: '10.0', java.version: '1.8.0_181'
Driver info: com.kms.katalon.selenium.driver.CEdgeDriver
Capabilities {acceptInsecureCerts: false, browserName: msedge, browserVersion: 94.0.992.50, javascriptEnabled: true, ms:edgeOptions: {debuggerAddress: localhost:49539}, msedge: {msedgedriverVersion: 94.0.992.47 (8d45ccc5def2a3..., userDataDir: C:\Users\iahmed\AppData\Loc...}, networkConnectionEnabled: false, pageLoadStrategy: normal, platform: WINDOWS, platformName: WINDOWS, proxy: Proxy(), setWindowRect: true, strictFileInteractability: false, timeouts: {implicit: 0, pageLoad: 300000, script: 30000}, unhandledPromptBehavior: dismiss and notify, webauthn:extension:credBlob: true, webauthn:extension:largeBlob: true, webauthn:virtualAuthenticators: true}
Session ID: 6059dc507ab896c9f371178fd197bd3a
	at org.openqa.selenium.remote.http.W3CHttpResponseCodec.createException(W3CHttpResponseCodec.java:187)
	at org.openqa.selenium.remote.http.W3CHttpResponseCodec.decode(W3CHttpResponseCodec.java:122)
	at org.openqa.selenium.remote.http.W3CHttpResponseCodec.decode(W3CHttpResponseCodec.java:49)
	at org.openqa.selenium.remote.HttpCommandExecutor.execute(HttpCommandExecutor.java:158)
	at org.openqa.selenium.remote.service.DriverCommandExecutor.execute(DriverCommandExecutor.java:83)
	at org.openqa.selenium.remote.RemoteWebDriver.execute(RemoteWebDriver.java:552)
	at com.kms.katalon.selenium.driver.CEdgeDriver.execute(CEdgeDriver.java:20)
	at org.openqa.selenium.remote.RemoteWebElement.execute(RemoteWebElement.java:285)
	at org.openqa.selenium.remote.RemoteWebElement.click(RemoteWebElement.java:84)
	at org.openqa.selenium.support.events.EventFiringWebDriver$EventFiringWebElement.lambda$new$0(EventFiringWebDriver.java:404)
	at com.sun.proxy.$Proxy11.click(Unknown Source)
	at org.openqa.selenium.support.events.EventFiringWebDriver$EventFiringWebElement.click(EventFiringWebDriver.java:417)
	at com.kms.katalon.core.webui.keyword.builtin.ClickKeyword$_click_closure1.doCall(ClickKeyword.groovy:68)
	at com.kms.katalon.core.webui.keyword.builtin.ClickKeyword$_click_closure1.call(ClickKeyword.groovy)
	at com.kms.katalon.core.webui.keyword.internal.WebUIKeywordMain.runKeyword(WebUIKeywordMain.groovy:20)
	... 19 more
"/>
         <system-out><![CDATA[2021-10-18 23:53:32 - [TEST_CASE][FAILED] - Test Cases/RAD_TestCases/MRF_TestCases/PersonalIncomeTax_MRF_TC: Test Cases/RAD_TestCases/MRF_TestCases/PersonalIncomeTax_MRF_TC FAILED.
Reason:
com.kms.katalon.core.exception.StepFailedException: Unable to click on object 'Object Repository/RAD_Pages/Landing_Page/button_Continue' (Root cause: com.kms.katalon.core.exception.StepFailedException: Unable to click on object 'Object Repository/RAD_Pages/Landing_Page/button_Continue'
	at com.kms.katalon.core.webui.keyword.internal.WebUIKeywordMain.stepFailed(WebUIKeywordMain.groovy:64)
	at com.kms.katalon.core.webui.keyword.internal.WebUIKeywordMain.runKeyword(WebUIKeywordMain.groovy:26)
	at com.kms.katalon.core.webui.keyword.builtin.ClickKeyword.click(ClickKeyword.groovy:75)
	at com.kms.katalon.core.webui.keyword.builtin.ClickKeyword.execute(ClickKeyword.groovy:42)
	at com.kms.katalon.core.keyword.internal.KeywordExecutor.executeKeywordForPlatform(KeywordExecutor.groovy:73)
	at com.kms.katalon.core.webui.keyword.WebUiBuiltInKeywords.click(WebUiBuiltInKeywords.groovy:620)
	at com.kms.katalon.core.webui.keyword.WebUiBuiltInKeywords$click$10.call(Unknown Source)
	at PersonalIncomeTax_MRF_TC.run(PersonalIncomeTax_MRF_TC:34)
	at com.kms.katalon.core.main.ScriptEngine.run(ScriptEngine.java:194)
	at com.kms.katalon.core.main.ScriptEngine.runScriptAsRawText(ScriptEngine.java:119)
	at com.kms.katalon.core.main.TestCaseExecutor.runScript(TestCaseExecutor.java:369)
	at com.kms.katalon.core.main.TestCaseExecutor.doExecute(TestCaseExecutor.java:360)
	at com.kms.katalon.core.main.TestCaseExecutor.processExecutionPhase(TestCaseExecutor.java:339)
	at com.kms.katalon.core.main.TestCaseExecutor.accessMainPhase(TestCaseExecutor.java:331)
	at com.kms.katalon.core.main.TestCaseExecutor.execute(TestCaseExecutor.java:248)
	at com.kms.katalon.core.main.TestSuiteExecutor.accessTestCaseMainPhase(TestSuiteExecutor.java:191)
	at com.kms.katalon.core.main.TestSuiteExecutor.accessTestSuiteMainPhase(TestSuiteExecutor.java:140)
	at com.kms.katalon.core.main.TestSuiteExecutor.execute(TestSuiteExecutor.java:89)
	at com.kms.katalon.core.main.TestCaseMain.startTestSuite(TestCaseMain.java:185)
	at com.kms.katalon.core.main.TestCaseMain$startTestSuite$0.call(Unknown Source)
	at TempTestSuite1634615486512.run(TempTestSuite1634615486512.groovy:39)
Caused by: org.openqa.selenium.ElementClickInterceptedException: element click intercepted: Element is not clickable at point (1046, 1372)
  (Session info: MicrosoftEdge=94.0.992.50)
Build info: version: '3.141.59', revision: 'e82be7d358', time: '2018-11-14T08:25:53'
System info: host: 'DESKTOP-B2QI6NS', ip: '172.30.2.167', os.name: 'Windows 10', os.arch: 'amd64', os.version: '10.0', java.version: '1.8.0_181'
Driver info: com.kms.katalon.selenium.driver.CEdgeDriver
Capabilities {acceptInsecureCerts: false, browserName: msedge, browserVersion: 94.0.992.50, javascriptEnabled: true, ms:edgeOptions: {debuggerAddress: localhost:49539}, msedge: {msedgedriverVersion: 94.0.992.47 (8d45ccc5def2a3..., userDataDir: C:\Users\iahmed\AppData\Loc...}, networkConnectionEnabled: false, pageLoadStrategy: normal, platform: WINDOWS, platformName: WINDOWS, proxy: Proxy(), setWindowRect: true, strictFileInteractability: false, timeouts: {implicit: 0, pageLoad: 300000, script: 30000}, unhandledPromptBehavior: dismiss and notify, webauthn:extension:credBlob: true, webauthn:extension:largeBlob: true, webauthn:virtualAuthenticators: true}
Session ID: 6059dc507ab896c9f371178fd197bd3a
	at org.openqa.selenium.remote.http.W3CHttpResponseCodec.createException(W3CHttpResponseCodec.java:187)
	at org.openqa.selenium.remote.http.W3CHttpResponseCodec.decode(W3CHttpResponseCodec.java:122)
	at org.openqa.selenium.remote.http.W3CHttpResponseCodec.decode(W3CHttpResponseCodec.java:49)
	at org.openqa.selenium.remote.HttpCommandExecutor.execute(HttpCommandExecutor.java:158)
	at org.openqa.selenium.remote.service.DriverCommandExecutor.execute(DriverCommandExecutor.java:83)
	at org.openqa.selenium.remote.RemoteWebDriver.execute(RemoteWebDriver.java:552)
	at com.kms.katalon.selenium.driver.CEdgeDriver.execute(CEdgeDriver.java:20)
	at org.openqa.selenium.remote.RemoteWebElement.execute(RemoteWebElement.java:285)
	at org.openqa.selenium.remote.RemoteWebElement.click(RemoteWebElement.java:84)
	at org.openqa.selenium.support.events.EventFiringWebDriver$EventFiringWebElement.lambda$new$0(EventFiringWebDriver.java:404)
	at com.sun.proxy.$Proxy11.click(Unknown Source)
	at org.openqa.selenium.support.events.EventFiringWebDriver$EventFiringWebElement.click(EventFiringWebDriver.java:417)
	at com.kms.katalon.core.webui.keyword.builtin.ClickKeyword$_click_closure1.doCall(ClickKeyword.groovy:68)
	at com.kms.katalon.core.webui.keyword.builtin.ClickKeyword$_click_closure1.call(ClickKeyword.groovy)
	at com.kms.katalon.core.webui.keyword.internal.WebUIKeywordMain.runKeyword(WebUIKeywordMain.groovy:20)
	at com.kms.katalon.core.webui.keyword.builtin.ClickKeyword.click(ClickKeyword.groovy:75)
	at com.kms.katalon.core.webui.keyword.builtin.ClickKeyword.execute(ClickKeyword.groovy:42)
	at com.kms.katalon.core.keyword.internal.KeywordExecutor.executeKeywordForPlatform(KeywordExecutor.groovy:73)
	at com.kms.katalon.core.webui.keyword.WebUiBuiltInKeywords.click(WebUiBuiltInKeywords.groovy:620)
	at com.kms.katalon.core.webui.keyword.WebUiBuiltInKeywords$click$10.call(Unknown Source)
	at Script1634610782044.run(Script1634610782044.groovy:34)
	... 13 more
)
	at com.kms.katalon.core.keyword.internal.KeywordMain.stepFailed(KeywordMain.groovy:39)
	at com.kms.katalon.core.webui.keyword.internal.WebUIKeywordMain.stepFailed(WebUIKeywordMain.groovy:64)
	at com.kms.katalon.core.webui.keyword.internal.WebUIKeywordMain.runKeyword(WebUIKeywordMain.groovy:26)
	at com.kms.katalon.core.webui.keyword.builtin.ClickKeyword.click(ClickKeyword.groovy:75)
	at com.kms.katalon.core.webui.keyword.builtin.ClickKeyword.execute(ClickKeyword.groovy:42)
	at com.kms.katalon.core.keyword.internal.KeywordExecutor.executeKeywordForPlatform(KeywordExecutor.groovy:73)
	at com.kms.katalon.core.webui.keyword.WebUiBuiltInKeywords.click(WebUiBuiltInKeywords.groovy:620)
	at com.kms.katalon.core.webui.keyword.WebUiBuiltInKeywords$click$10.call(Unknown Source)
	at PersonalIncomeTax_MRF_TC.run(PersonalIncomeTax_MRF_TC:34)
	at com.kms.katalon.core.main.ScriptEngine.run(ScriptEngine.java:194)
	at com.kms.katalon.core.main.ScriptEngine.runScriptAsRawText(ScriptEngine.java:119)
	at com.kms.katalon.core.main.TestCaseExecutor.runScript(TestCaseExecutor.java:369)
	at com.kms.katalon.core.main.TestCaseExecutor.doExecute(TestCaseExecutor.java:360)
	at com.kms.katalon.core.main.TestCaseExecutor.processExecutionPhase(TestCaseExecutor.java:339)
	at com.kms.katalon.core.main.TestCaseExecutor.accessMainPhase(TestCaseExecutor.java:331)
	at com.kms.katalon.core.main.TestCaseExecutor.execute(TestCaseExecutor.java:248)
	at com.kms.katalon.core.main.TestSuiteExecutor.accessTestCaseMainPhase(TestSuiteExecutor.java:191)
	at com.kms.katalon.core.main.TestSuiteExecutor.accessTestSuiteMainPhase(TestSuiteExecutor.java:140)
	at com.kms.katalon.core.main.TestSuiteExecutor.execute(TestSuiteExecutor.java:89)
	at com.kms.katalon.core.main.TestCaseMain.startTestSuite(TestCaseMain.java:185)
	at com.kms.katalon.core.main.TestCaseMain$startTestSuite$0.call(Unknown Source)
	at TempTestSuite1634615486512.run(TempTestSuite1634615486512.groovy:39)
Caused by: com.kms.katalon.core.exception.StepFailedException: Unable to click on object 'Object Repository/RAD_Pages/Landing_Page/button_Continue'
	... 21 more
Caused by: org.openqa.selenium.ElementClickInterceptedException: element click intercepted: Element is not clickable at point (1046, 1372)
  (Session info: MicrosoftEdge=94.0.992.50)
Build info: version: '3.141.59', revision: 'e82be7d358', time: '2018-11-14T08:25:53'
System info: host: 'DESKTOP-B2QI6NS', ip: '172.30.2.167', os.name: 'Windows 10', os.arch: 'amd64', os.version: '10.0', java.version: '1.8.0_181'
Driver info: com.kms.katalon.selenium.driver.CEdgeDriver
Capabilities {acceptInsecureCerts: false, browserName: msedge, browserVersion: 94.0.992.50, javascriptEnabled: true, ms:edgeOptions: {debuggerAddress: localhost:49539}, msedge: {msedgedriverVersion: 94.0.992.47 (8d45ccc5def2a3..., userDataDir: C:\Users\iahmed\AppData\Loc...}, networkConnectionEnabled: false, pageLoadStrategy: normal, platform: WINDOWS, platformName: WINDOWS, proxy: Proxy(), setWindowRect: true, strictFileInteractability: false, timeouts: {implicit: 0, pageLoad: 300000, script: 30000}, unhandledPromptBehavior: dismiss and notify, webauthn:extension:credBlob: true, webauthn:extension:largeBlob: true, webauthn:virtualAuthenticators: true}
Session ID: 6059dc507ab896c9f371178fd197bd3a
	at org.openqa.selenium.remote.http.W3CHttpResponseCodec.createException(W3CHttpResponseCodec.java:187)
	at org.openqa.selenium.remote.http.W3CHttpResponseCodec.decode(W3CHttpResponseCodec.java:122)
	at org.openqa.selenium.remote.http.W3CHttpResponseCodec.decode(W3CHttpResponseCodec.java:49)
	at org.openqa.selenium.remote.HttpCommandExecutor.execute(HttpCommandExecutor.java:158)
	at org.openqa.selenium.remote.service.DriverCommandExecutor.execute(DriverCommandExecutor.java:83)
	at org.openqa.selenium.remote.RemoteWebDriver.execute(RemoteWebDriver.java:552)
	at com.kms.katalon.selenium.driver.CEdgeDriver.execute(CEdgeDriver.java:20)
	at org.openqa.selenium.remote.RemoteWebElement.execute(RemoteWebElement.java:285)
	at org.openqa.selenium.remote.RemoteWebElement.click(RemoteWebElement.java:84)
	at org.openqa.selenium.support.events.EventFiringWebDriver$EventFiringWebElement.lambda$new$0(EventFiringWebDriver.java:404)
	at com.sun.proxy.$Proxy11.click(Unknown Source)
	at org.openqa.selenium.support.events.EventFiringWebDriver$EventFiringWebElement.click(EventFiringWebDriver.java:417)
	at com.kms.katalon.core.webui.keyword.builtin.ClickKeyword$_click_closure1.doCall(ClickKeyword.groovy:68)
	at com.kms.katalon.core.webui.keyword.builtin.ClickKeyword$_click_closure1.call(ClickKeyword.groovy)
	at com.kms.katalon.core.webui.keyword.internal.WebUIKeywordMain.runKeyword(WebUIKeywordMain.groovy:20)
	... 19 more


2021-10-18 23:53:32 - [TEST_STEP][PASSED] - openBrowser(""): Browser is opened with url: ''

2021-10-18 23:53:32 - [MESSAGE][WARNING] - A browser is already opened. Closing browser and opening a new one

2021-10-18 23:53:33 - [MESSAGE][INFO] - Starting 'Edge Chromium' driver

2021-10-18 23:53:34 - [MESSAGE][INFO] - Action delay is set to 0 milliseconds

2021-10-18 23:53:36 - [MESSAGE][PASSED] - Browser is opened with url: ''

2021-10-18 23:53:36 - [TEST_STEP][PASSED] - maximizeWindow(): Current window maximized

2021-10-18 23:53:36 - [MESSAGE][PASSED] - Current window maximized

2021-10-18 23:53:36 - [TEST_STEP][PASSED] - navigateToUrl(RADurl): Navigate to 'https://qa.velocitypayment.com/client/rad/index.html' successfully

2021-10-18 23:53:37 - [MESSAGE][PASSED] - Navigate to 'https://qa.velocitypayment.com/client/rad/index.html' successfully

2021-10-18 23:53:37 - [TEST_STEP][PASSED] - orPath_Landing = "Object Repository/RAD_Pages/Landing_Page": null

2021-10-18 23:53:37 - [TEST_STEP][PASSED] - orPath_Amount = "Object Repository/RAD_Pages/PaymentAmount_Page": null

2021-10-18 23:53:37 - [TEST_STEP][PASSED] - orPath_FilingStatus = "Object Repository/RAD_Pages/FilingStatus_Page": null

2021-10-18 23:53:37 - [TEST_STEP][PASSED] - selectOptionByLabel(findTestObject(orPath_Landing + "/dd_TaxType"), "Personal Income Tax", false): All options with label 'Personal Income Tax' are selected in object 'Object Repository/RAD_Pages/Landing_Page/dd_TaxType' 

2021-10-18 23:53:37 - [MESSAGE][PASSED] - All options with label 'Personal Income Tax' are selected in object 'Object Repository/RAD_Pages/Landing_Page/dd_TaxType' 

2021-10-18 23:53:37 - [TEST_STEP][PASSED] - scrollToElement(findTestObject(orPath_Landing + "/button_Continue"), 3): Scroll to object 'Object Repository/RAD_Pages/Landing_Page/button_Continue' successfully

2021-10-18 23:53:37 - [MESSAGE][PASSED] - Scroll to object 'Object Repository/RAD_Pages/Landing_Page/button_Continue' successfully

2021-10-18 23:53:37 - [TEST_STEP][FAILED] - click(findTestObject(orPath_Landing + "/button_Continue")): Unable to click on object 'Object Repository/RAD_Pages/Landing_Page/button_Continue' (Root cause: com.kms.katalon.core.exception.StepFailedException: Unable to click on object 'Object Repository/RAD_Pages/Landing_Page/button_Continue'
	at com.kms.katalon.core.webui.keyword.internal.WebUIKeywordMain.stepFailed(WebUIKeywordMain.groovy:64)
	at com.kms.katalon.core.webui.keyword.internal.WebUIKeywordMain.runKeyword(WebUIKeywordMain.groovy:26)
	at com.kms.katalon.core.webui.keyword.builtin.ClickKeyword.click(ClickKeyword.groovy:75)
	at com.kms.katalon.core.webui.keyword.builtin.ClickKeyword.execute(ClickKeyword.groovy:42)
	at com.kms.katalon.core.keyword.internal.KeywordExecutor.executeKeywordForPlatform(KeywordExecutor.groovy:73)
	at com.kms.katalon.core.webui.keyword.WebUiBuiltInKeywords.click(WebUiBuiltInKeywords.groovy:620)
	at com.kms.katalon.core.webui.keyword.WebUiBuiltInKeywords$click$10.call(Unknown Source)
	at PersonalIncomeTax_MRF_TC.run(PersonalIncomeTax_MRF_TC:34)
	at com.kms.katalon.core.main.ScriptEngine.run(ScriptEngine.java:194)
	at com.kms.katalon.core.main.ScriptEngine.runScriptAsRawText(ScriptEngine.java:119)
	at com.kms.katalon.core.main.TestCaseExecutor.runScript(TestCaseExecutor.java:369)
	at com.kms.katalon.core.main.TestCaseExecutor.doExecute(TestCaseExecutor.java:360)
	at com.kms.katalon.core.main.TestCaseExecutor.processExecutionPhase(TestCaseExecutor.java:339)
	at com.kms.katalon.core.main.TestCaseExecutor.accessMainPhase(TestCaseExecutor.java:331)
	at com.kms.katalon.core.main.TestCaseExecutor.execute(TestCaseExecutor.java:248)
	at com.kms.katalon.core.main.TestSuiteExecutor.accessTestCaseMainPhase(TestSuiteExecutor.java:191)
	at com.kms.katalon.core.main.TestSuiteExecutor.accessTestSuiteMainPhase(TestSuiteExecutor.java:140)
	at com.kms.katalon.core.main.TestSuiteExecutor.execute(TestSuiteExecutor.java:89)
	at com.kms.katalon.core.main.TestCaseMain.startTestSuite(TestCaseMain.java:185)
	at com.kms.katalon.core.main.TestCaseMain$startTestSuite$0.call(Unknown Source)
	at TempTestSuite1634615486512.run(TempTestSuite1634615486512.groovy:39)
Caused by: org.openqa.selenium.ElementClickInterceptedException: element click intercepted: Element is not clickable at point (1046, 1372)
  (Session info: MicrosoftEdge=94.0.992.50)
Build info: version: '3.141.59', revision: 'e82be7d358', time: '2018-11-14T08:25:53'
System info: host: 'DESKTOP-B2QI6NS', ip: '172.30.2.167', os.name: 'Windows 10', os.arch: 'amd64', os.version: '10.0', java.version: '1.8.0_181'
Driver info: com.kms.katalon.selenium.driver.CEdgeDriver
Capabilities {acceptInsecureCerts: false, browserName: msedge, browserVersion: 94.0.992.50, javascriptEnabled: true, ms:edgeOptions: {debuggerAddress: localhost:49539}, msedge: {msedgedriverVersion: 94.0.992.47 (8d45ccc5def2a3..., userDataDir: C:\Users\iahmed\AppData\Loc...}, networkConnectionEnabled: false, pageLoadStrategy: normal, platform: WINDOWS, platformName: WINDOWS, proxy: Proxy(), setWindowRect: true, strictFileInteractability: false, timeouts: {implicit: 0, pageLoad: 300000, script: 30000}, unhandledPromptBehavior: dismiss and notify, webauthn:extension:credBlob: true, webauthn:extension:largeBlob: true, webauthn:virtualAuthenticators: true}
Session ID: 6059dc507ab896c9f371178fd197bd3a
	at org.openqa.selenium.remote.http.W3CHttpResponseCodec.createException(W3CHttpResponseCodec.java:187)
	at org.openqa.selenium.remote.http.W3CHttpResponseCodec.decode(W3CHttpResponseCodec.java:122)
	at org.openqa.selenium.remote.http.W3CHttpResponseCodec.decode(W3CHttpResponseCodec.java:49)
	at org.openqa.selenium.remote.HttpCommandExecutor.execute(HttpCommandExecutor.java:158)
	at org.openqa.selenium.remote.service.DriverCommandExecutor.execute(DriverCommandExecutor.java:83)
	at org.openqa.selenium.remote.RemoteWebDriver.execute(RemoteWebDriver.java:552)
	at com.kms.katalon.selenium.driver.CEdgeDriver.execute(CEdgeDriver.java:20)
	at org.openqa.selenium.remote.RemoteWebElement.execute(RemoteWebElement.java:285)
	at org.openqa.selenium.remote.RemoteWebElement.click(RemoteWebElement.java:84)
	at org.openqa.selenium.support.events.EventFiringWebDriver$EventFiringWebElement.lambda$new$0(EventFiringWebDriver.java:404)
	at com.sun.proxy.$Proxy11.click(Unknown Source)
	at org.openqa.selenium.support.events.EventFiringWebDriver$EventFiringWebElement.click(EventFiringWebDriver.java:417)
	at com.kms.katalon.core.webui.keyword.builtin.ClickKeyword$_click_closure1.doCall(ClickKeyword.groovy:68)
	at com.kms.katalon.core.webui.keyword.builtin.ClickKeyword$_click_closure1.call(ClickKeyword.groovy)
	at com.kms.katalon.core.webui.keyword.internal.WebUIKeywordMain.runKeyword(WebUIKeywordMain.groovy:20)
	at com.kms.katalon.core.webui.keyword.builtin.ClickKeyword.click(ClickKeyword.groovy:75)
	at com.kms.katalon.core.webui.keyword.builtin.ClickKeyword.execute(ClickKeyword.groovy:42)
	at com.kms.katalon.core.keyword.internal.KeywordExecutor.executeKeywordForPlatform(KeywordExecutor.groovy:73)
	at com.kms.katalon.core.webui.keyword.WebUiBuiltInKeywords.click(WebUiBuiltInKeywords.groovy:620)
	at com.kms.katalon.core.webui.keyword.WebUiBuiltInKeywords$click$10.call(Unknown Source)
	at Script1634610782044.run(Script1634610782044.groovy:34)
	... 13 more
)

2021-10-18 23:53:39 - [MESSAGE][FAILED] - Unable to click on object 'Object Repository/RAD_Pages/Landing_Page/button_Continue' (Root cause: com.kms.katalon.core.exception.StepFailedException: Unable to click on object 'Object Repository/RAD_Pages/Landing_Page/button_Continue'
	at com.kms.katalon.core.webui.keyword.internal.WebUIKeywordMain.stepFailed(WebUIKeywordMain.groovy:64)
	at com.kms.katalon.core.webui.keyword.internal.WebUIKeywordMain.runKeyword(WebUIKeywordMain.groovy:26)
	at com.kms.katalon.core.webui.keyword.builtin.ClickKeyword.click(ClickKeyword.groovy:75)
	at com.kms.katalon.core.webui.keyword.builtin.ClickKeyword.execute(ClickKeyword.groovy:42)
	at com.kms.katalon.core.keyword.internal.KeywordExecutor.executeKeywordForPlatform(KeywordExecutor.groovy:73)
	at com.kms.katalon.core.webui.keyword.WebUiBuiltInKeywords.click(WebUiBuiltInKeywords.groovy:620)
	at com.kms.katalon.core.webui.keyword.WebUiBuiltInKeywords$click$10.call(Unknown Source)
	at PersonalIncomeTax_MRF_TC.run(PersonalIncomeTax_MRF_TC:34)
	at com.kms.katalon.core.main.ScriptEngine.run(ScriptEngine.java:194)
	at com.kms.katalon.core.main.ScriptEngine.runScriptAsRawText(ScriptEngine.java:119)
	at com.kms.katalon.core.main.TestCaseExecutor.runScript(TestCaseExecutor.java:369)
	at com.kms.katalon.core.main.TestCaseExecutor.doExecute(TestCaseExecutor.java:360)
	at com.kms.katalon.core.main.TestCaseExecutor.processExecutionPhase(TestCaseExecutor.java:339)
	at com.kms.katalon.core.main.TestCaseExecutor.accessMainPhase(TestCaseExecutor.java:331)
	at com.kms.katalon.core.main.TestCaseExecutor.execute(TestCaseExecutor.java:248)
	at com.kms.katalon.core.main.TestSuiteExecutor.accessTestCaseMainPhase(TestSuiteExecutor.java:191)
	at com.kms.katalon.core.main.TestSuiteExecutor.accessTestSuiteMainPhase(TestSuiteExecutor.java:140)
	at com.kms.katalon.core.main.TestSuiteExecutor.execute(TestSuiteExecutor.java:89)
	at com.kms.katalon.core.main.TestCaseMain.startTestSuite(TestCaseMain.java:185)
	at com.kms.katalon.core.main.TestCaseMain$startTestSuite$0.call(Unknown Source)
	at TempTestSuite1634615486512.run(TempTestSuite1634615486512.groovy:39)
Caused by: org.openqa.selenium.ElementClickInterceptedException: element click intercepted: Element is not clickable at point (1046, 1372)
  (Session info: MicrosoftEdge=94.0.992.50)
Build info: version: '3.141.59', revision: 'e82be7d358', time: '2018-11-14T08:25:53'
System info: host: 'DESKTOP-B2QI6NS', ip: '172.30.2.167', os.name: 'Windows 10', os.arch: 'amd64', os.version: '10.0', java.version: '1.8.0_181'
Driver info: com.kms.katalon.selenium.driver.CEdgeDriver
Capabilities {acceptInsecureCerts: false, browserName: msedge, browserVersion: 94.0.992.50, javascriptEnabled: true, ms:edgeOptions: {debuggerAddress: localhost:49539}, msedge: {msedgedriverVersion: 94.0.992.47 (8d45ccc5def2a3..., userDataDir: C:\Users\iahmed\AppData\Loc...}, networkConnectionEnabled: false, pageLoadStrategy: normal, platform: WINDOWS, platformName: WINDOWS, proxy: Proxy(), setWindowRect: true, strictFileInteractability: false, timeouts: {implicit: 0, pageLoad: 300000, script: 30000}, unhandledPromptBehavior: dismiss and notify, webauthn:extension:credBlob: true, webauthn:extension:largeBlob: true, webauthn:virtualAuthenticators: true}
Session ID: 6059dc507ab896c9f371178fd197bd3a
	at org.openqa.selenium.remote.http.W3CHttpResponseCodec.createException(W3CHttpResponseCodec.java:187)
	at org.openqa.selenium.remote.http.W3CHttpResponseCodec.decode(W3CHttpResponseCodec.java:122)
	at org.openqa.selenium.remote.http.W3CHttpResponseCodec.decode(W3CHttpResponseCodec.java:49)
	at org.openqa.selenium.remote.HttpCommandExecutor.execute(HttpCommandExecutor.java:158)
	at org.openqa.selenium.remote.service.DriverCommandExecutor.execute(DriverCommandExecutor.java:83)
	at org.openqa.selenium.remote.RemoteWebDriver.execute(RemoteWebDriver.java:552)
	at com.kms.katalon.selenium.driver.CEdgeDriver.execute(CEdgeDriver.java:20)
	at org.openqa.selenium.remote.RemoteWebElement.execute(RemoteWebElement.java:285)
	at org.openqa.selenium.remote.RemoteWebElement.click(RemoteWebElement.java:84)
	at org.openqa.selenium.support.events.EventFiringWebDriver$EventFiringWebElement.lambda$new$0(EventFiringWebDriver.java:404)
	at com.sun.proxy.$Proxy11.click(Unknown Source)
	at org.openqa.selenium.support.events.EventFiringWebDriver$EventFiringWebElement.click(EventFiringWebDriver.java:417)
	at com.kms.katalon.core.webui.keyword.builtin.ClickKeyword$_click_closure1.doCall(ClickKeyword.groovy:68)
	at com.kms.katalon.core.webui.keyword.builtin.ClickKeyword$_click_closure1.call(ClickKeyword.groovy)
	at com.kms.katalon.core.webui.keyword.internal.WebUIKeywordMain.runKeyword(WebUIKeywordMain.groovy:20)
	at com.kms.katalon.core.webui.keyword.builtin.ClickKeyword.click(ClickKeyword.groovy:75)
	at com.kms.katalon.core.webui.keyword.builtin.ClickKeyword.execute(ClickKeyword.groovy:42)
	at com.kms.katalon.core.keyword.internal.KeywordExecutor.executeKeywordForPlatform(KeywordExecutor.groovy:73)
	at com.kms.katalon.core.webui.keyword.WebUiBuiltInKeywords.click(WebUiBuiltInKeywords.groovy:620)
	at com.kms.katalon.core.webui.keyword.WebUiBuiltInKeywords$click$10.call(Unknown Source)
	at Script1634610782044.run(Script1634610782044.groovy:34)
	... 13 more
)
[[ATTACHMENT|E:\\Cloned-Project-Katalon\\VPS-Katalon\\Reports\\20211018_235126\\RAD_TestSuite\\RAD_UI_TestSuite\\20211018_235126\\1634615618971.png]]

2021-10-18 23:53:39 - [TEST_STEP][FAILED] - verifyTextPresent("Select a filing year", true): Text 'Select a filing year' is not present on page  using regular expression (Root cause: com.kms.katalon.core.exception.StepFailedException: Text 'Select a filing year' is not present on page  using regular expression
	at com.kms.katalon.core.webui.keyword.internal.WebUIKeywordMain.stepFailed(WebUIKeywordMain.groovy:64)
	at com.kms.katalon.core.webui.keyword.builtin.VerifyTextPresentKeyword$_verifyTextPresent_closure1.doCall(VerifyTextPresentKeyword.groovy:79)
	at com.kms.katalon.core.webui.keyword.builtin.VerifyTextPresentKeyword$_verifyTextPresent_closure1.call(VerifyTextPresentKeyword.groovy)
	at com.kms.katalon.core.webui.keyword.internal.WebUIKeywordMain.runKeyword(WebUIKeywordMain.groovy:20)
	at com.kms.katalon.core.webui.keyword.builtin.VerifyTextPresentKeyword.verifyTextPresent(VerifyTextPresentKeyword.groovy:83)
	at com.kms.katalon.core.webui.keyword.builtin.VerifyTextPresentKeyword.execute(VerifyTextPresentKeyword.groovy:68)
	at com.kms.katalon.core.keyword.internal.KeywordExecutor.executeKeywordForPlatform(KeywordExecutor.groovy:73)
	at com.kms.katalon.core.webui.keyword.WebUiBuiltInKeywords.verifyTextPresent(WebUiBuiltInKeywords.groovy:1723)
	at com.kms.katalon.core.webui.keyword.WebUiBuiltInKeywords$verifyTextPresent$3.call(Unknown Source)
	at PersonalIncomeTax_MRF_TC.run(PersonalIncomeTax_MRF_TC:47)
	at com.kms.katalon.core.main.ScriptEngine.run(ScriptEngine.java:194)
	at com.kms.katalon.core.main.ScriptEngine.runScriptAsRawText(ScriptEngine.java:119)
	at com.kms.katalon.core.main.TestCaseExecutor.runScript(TestCaseExecutor.java:369)
	at com.kms.katalon.core.main.TestCaseExecutor.doExecute(TestCaseExecutor.java:360)
	at com.kms.katalon.core.main.TestCaseExecutor.processExecutionPhase(TestCaseExecutor.java:339)
	at com.kms.katalon.core.main.TestCaseExecutor.accessMainPhase(TestCaseExecutor.java:331)
	at com.kms.katalon.core.main.TestCaseExecutor.execute(TestCaseExecutor.java:248)
	at com.kms.katalon.core.main.TestSuiteExecutor.accessTestCaseMainPhase(TestSuiteExecutor.java:191)
	at com.kms.katalon.core.main.TestSuiteExecutor.accessTestSuiteMainPhase(TestSuiteExecutor.java:140)
	at com.kms.katalon.core.main.TestSuiteExecutor.execute(TestSuiteExecutor.java:89)
	at com.kms.katalon.core.main.TestCaseMain.startTestSuite(TestCaseMain.java:185)
	at com.kms.katalon.core.main.TestCaseMain$startTestSuite$0.call(Unknown Source)
	at TempTestSuite1634615486512.run(TempTestSuite1634615486512.groovy:39)
)

2021-10-18 23:53:39 - [MESSAGE][FAILED] - Text 'Select a filing year' is not present on page  using regular expression (Root cause: com.kms.katalon.core.exception.StepFailedException: Text 'Select a filing year' is not present on page  using regular expression
	at com.kms.katalon.core.webui.keyword.internal.WebUIKeywordMain.stepFailed(WebUIKeywordMain.groovy:64)
	at com.kms.katalon.core.webui.keyword.builtin.VerifyTextPresentKeyword$_verifyTextPresent_closure1.doCall(VerifyTextPresentKeyword.groovy:79)
	at com.kms.katalon.core.webui.keyword.builtin.VerifyTextPresentKeyword$_verifyTextPresent_closure1.call(VerifyTextPresentKeyword.groovy)
	at com.kms.katalon.core.webui.keyword.internal.WebUIKeywordMain.runKeyword(WebUIKeywordMain.groovy:20)
	at com.kms.katalon.core.webui.keyword.builtin.VerifyTextPresentKeyword.verifyTextPresent(VerifyTextPresentKeyword.groovy:83)
	at com.kms.katalon.core.webui.keyword.builtin.VerifyTextPresentKeyword.execute(VerifyTextPresentKeyword.groovy:68)
	at com.kms.katalon.core.keyword.internal.KeywordExecutor.executeKeywordForPlatform(KeywordExecutor.groovy:73)
	at com.kms.katalon.core.webui.keyword.WebUiBuiltInKeywords.verifyTextPresent(WebUiBuiltInKeywords.groovy:1723)
	at com.kms.katalon.core.webui.keyword.WebUiBuiltInKeywords$verifyTextPresent$3.call(Unknown Source)
	at PersonalIncomeTax_MRF_TC.run(PersonalIncomeTax_MRF_TC:47)
	at com.kms.katalon.core.main.ScriptEngine.run(ScriptEngine.java:194)
	at com.kms.katalon.core.main.ScriptEngine.runScriptAsRawText(ScriptEngine.java:119)
	at com.kms.katalon.core.main.TestCaseExecutor.runScript(TestCaseExecutor.java:369)
	at com.kms.katalon.core.main.TestCaseExecutor.doExecute(TestCaseExecutor.java:360)
	at com.kms.katalon.core.main.TestCaseExecutor.processExecutionPhase(TestCaseExecutor.java:339)
	at com.kms.katalon.core.main.TestCaseExecutor.accessMainPhase(TestCaseExecutor.java:331)
	at com.kms.katalon.core.main.TestCaseExecutor.execute(TestCaseExecutor.java:248)
	at com.kms.katalon.core.main.TestSuiteExecutor.accessTestCaseMainPhase(TestSuiteExecutor.java:191)
	at com.kms.katalon.core.main.TestSuiteExecutor.accessTestSuiteMainPhase(TestSuiteExecutor.java:140)
	at com.kms.katalon.core.main.TestSuiteExecutor.execute(TestSuiteExecutor.java:89)
	at com.kms.katalon.core.main.TestCaseMain.startTestSuite(TestCaseMain.java:185)
	at com.kms.katalon.core.main.TestCaseMain$startTestSuite$0.call(Unknown Source)
	at TempTestSuite1634615486512.run(TempTestSuite1634615486512.groovy:39)
)

2021-10-18 23:53:39 - [TEST_STEP][FAILED] - verifyTextPresent("Enter first name", true): Text 'Enter first name' is not present on page  using regular expression (Root cause: com.kms.katalon.core.exception.StepFailedException: Text 'Enter first name' is not present on page  using regular expression
	at com.kms.katalon.core.webui.keyword.internal.WebUIKeywordMain.stepFailed(WebUIKeywordMain.groovy:64)
	at com.kms.katalon.core.webui.keyword.builtin.VerifyTextPresentKeyword$_verifyTextPresent_closure1.doCall(VerifyTextPresentKeyword.groovy:79)
	at com.kms.katalon.core.webui.keyword.builtin.VerifyTextPresentKeyword$_verifyTextPresent_closure1.call(VerifyTextPresentKeyword.groovy)
	at com.kms.katalon.core.webui.keyword.internal.WebUIKeywordMain.runKeyword(WebUIKeywordMain.groovy:20)
	at com.kms.katalon.core.webui.keyword.builtin.VerifyTextPresentKeyword.verifyTextPresent(VerifyTextPresentKeyword.groovy:83)
	at com.kms.katalon.core.webui.keyword.builtin.VerifyTextPresentKeyword.execute(VerifyTextPresentKeyword.groovy:68)
	at com.kms.katalon.core.keyword.internal.KeywordExecutor.executeKeywordForPlatform(KeywordExecutor.groovy:73)
	at com.kms.katalon.core.webui.keyword.WebUiBuiltInKeywords.verifyTextPresent(WebUiBuiltInKeywords.groovy:1723)
	at com.kms.katalon.core.webui.keyword.WebUiBuiltInKeywords$verifyTextPresent$3.call(Unknown Source)
	at PersonalIncomeTax_MRF_TC.run(PersonalIncomeTax_MRF_TC:51)
	at com.kms.katalon.core.main.ScriptEngine.run(ScriptEngine.java:194)
	at com.kms.katalon.core.main.ScriptEngine.runScriptAsRawText(ScriptEngine.java:119)
	at com.kms.katalon.core.main.TestCaseExecutor.runScript(TestCaseExecutor.java:369)
	at com.kms.katalon.core.main.TestCaseExecutor.doExecute(TestCaseExecutor.java:360)
	at com.kms.katalon.core.main.TestCaseExecutor.processExecutionPhase(TestCaseExecutor.java:339)
	at com.kms.katalon.core.main.TestCaseExecutor.accessMainPhase(TestCaseExecutor.java:331)
	at com.kms.katalon.core.main.TestCaseExecutor.execute(TestCaseExecutor.java:248)
	at com.kms.katalon.core.main.TestSuiteExecutor.accessTestCaseMainPhase(TestSuiteExecutor.java:191)
	at com.kms.katalon.core.main.TestSuiteExecutor.accessTestSuiteMainPhase(TestSuiteExecutor.java:140)
	at com.kms.katalon.core.main.TestSuiteExecutor.execute(TestSuiteExecutor.java:89)
	at com.kms.katalon.core.main.TestCaseMain.startTestSuite(TestCaseMain.java:185)
	at com.kms.katalon.core.main.TestCaseMain$startTestSuite$0.call(Unknown Source)
	at TempTestSuite1634615486512.run(TempTestSuite1634615486512.groovy:39)
)

2021-10-18 23:53:39 - [MESSAGE][FAILED] - Text 'Enter first name' is not present on page  using regular expression (Root cause: com.kms.katalon.core.exception.StepFailedException: Text 'Enter first name' is not present on page  using regular expression
	at com.kms.katalon.core.webui.keyword.internal.WebUIKeywordMain.stepFailed(WebUIKeywordMain.groovy:64)
	at com.kms.katalon.core.webui.keyword.builtin.VerifyTextPresentKeyword$_verifyTextPresent_closure1.doCall(VerifyTextPresentKeyword.groovy:79)
	at com.kms.katalon.core.webui.keyword.builtin.VerifyTextPresentKeyword$_verifyTextPresent_closure1.call(VerifyTextPresentKeyword.groovy)
	at com.kms.katalon.core.webui.keyword.internal.WebUIKeywordMain.runKeyword(WebUIKeywordMain.groovy:20)
	at com.kms.katalon.core.webui.keyword.builtin.VerifyTextPresentKeyword.verifyTextPresent(VerifyTextPresentKeyword.groovy:83)
	at com.kms.katalon.core.webui.keyword.builtin.VerifyTextPresentKeyword.execute(VerifyTextPresentKeyword.groovy:68)
	at com.kms.katalon.core.keyword.internal.KeywordExecutor.executeKeywordForPlatform(KeywordExecutor.groovy:73)
	at com.kms.katalon.core.webui.keyword.WebUiBuiltInKeywords.verifyTextPresent(WebUiBuiltInKeywords.groovy:1723)
	at com.kms.katalon.core.webui.keyword.WebUiBuiltInKeywords$verifyTextPresent$3.call(Unknown Source)
	at PersonalIncomeTax_MRF_TC.run(PersonalIncomeTax_MRF_TC:51)
	at com.kms.katalon.core.main.ScriptEngine.run(ScriptEngine.java:194)
	at com.kms.katalon.core.main.ScriptEngine.runScriptAsRawText(ScriptEngine.java:119)
	at com.kms.katalon.core.main.TestCaseExecutor.runScript(TestCaseExecutor.java:369)
	at com.kms.katalon.core.main.TestCaseExecutor.doExecute(TestCaseExecutor.java:360)
	at com.kms.katalon.core.main.TestCaseExecutor.processExecutionPhase(TestCaseExecutor.java:339)
	at com.kms.katalon.core.main.TestCaseExecutor.accessMainPhase(TestCaseExecutor.java:331)
	at com.kms.katalon.core.main.TestCaseExecutor.execute(TestCaseExecutor.java:248)
	at com.kms.katalon.core.main.TestSuiteExecutor.accessTestCaseMainPhase(TestSuiteExecutor.java:191)
	at com.kms.katalon.core.main.TestSuiteExecutor.accessTestSuiteMainPhase(TestSuiteExecutor.java:140)
	at com.kms.katalon.core.main.TestSuiteExecutor.execute(TestSuiteExecutor.java:89)
	at com.kms.katalon.core.main.TestCaseMain.startTestSuite(TestCaseMain.java:185)
	at com.kms.katalon.core.main.TestCaseMain$startTestSuite$0.call(Unknown Source)
	at TempTestSuite1634615486512.run(TempTestSuite1634615486512.groovy:39)
)

2021-10-18 23:53:39 - [TEST_STEP][FAILED] - verifyTextPresent("Enter last name", true): Text 'Enter last name' is not present on page  using regular expression (Root cause: com.kms.katalon.core.exception.StepFailedException: Text 'Enter last name' is not present on page  using regular expression
	at com.kms.katalon.core.webui.keyword.internal.WebUIKeywordMain.stepFailed(WebUIKeywordMain.groovy:64)
	at com.kms.katalon.core.webui.keyword.builtin.VerifyTextPresentKeyword$_verifyTextPresent_closure1.doCall(VerifyTextPresentKeyword.groovy:79)
	at com.kms.katalon.core.webui.keyword.builtin.VerifyTextPresentKeyword$_verifyTextPresent_closure1.call(VerifyTextPresentKeyword.groovy)
	at com.kms.katalon.core.webui.keyword.internal.WebUIKeywordMain.runKeyword(WebUIKeywordMain.groovy:20)
	at com.kms.katalon.core.webui.keyword.builtin.VerifyTextPresentKeyword.verifyTextPresent(VerifyTextPresentKeyword.groovy:83)
	at com.kms.katalon.core.webui.keyword.builtin.VerifyTextPresentKeyword.execute(VerifyTextPresentKeyword.groovy:68)
	at com.kms.katalon.core.keyword.internal.KeywordExecutor.executeKeywordForPlatform(KeywordExecutor.groovy:73)
	at com.kms.katalon.core.webui.keyword.WebUiBuiltInKeywords.verifyTextPresent(WebUiBuiltInKeywords.groovy:1723)
	at com.kms.katalon.core.webui.keyword.WebUiBuiltInKeywords$verifyTextPresent$3.call(Unknown Source)
	at PersonalIncomeTax_MRF_TC.run(PersonalIncomeTax_MRF_TC:53)
	at com.kms.katalon.core.main.ScriptEngine.run(ScriptEngine.java:194)
	at com.kms.katalon.core.main.ScriptEngine.runScriptAsRawText(ScriptEngine.java:119)
	at com.kms.katalon.core.main.TestCaseExecutor.runScript(TestCaseExecutor.java:369)
	at com.kms.katalon.core.main.TestCaseExecutor.doExecute(TestCaseExecutor.java:360)
	at com.kms.katalon.core.main.TestCaseExecutor.processExecutionPhase(TestCaseExecutor.java:339)
	at com.kms.katalon.core.main.TestCaseExecutor.accessMainPhase(TestCaseExecutor.java:331)
	at com.kms.katalon.core.main.TestCaseExecutor.execute(TestCaseExecutor.java:248)
	at com.kms.katalon.core.main.TestSuiteExecutor.accessTestCaseMainPhase(TestSuiteExecutor.java:191)
	at com.kms.katalon.core.main.TestSuiteExecutor.accessTestSuiteMainPhase(TestSuiteExecutor.java:140)
	at com.kms.katalon.core.main.TestSuiteExecutor.execute(TestSuiteExecutor.java:89)
	at com.kms.katalon.core.main.TestCaseMain.startTestSuite(TestCaseMain.java:185)
	at com.kms.katalon.core.main.TestCaseMain$startTestSuite$0.call(Unknown Source)
	at TempTestSuite1634615486512.run(TempTestSuite1634615486512.groovy:39)
)

2021-10-18 23:53:39 - [MESSAGE][FAILED] - Text 'Enter last name' is not present on page  using regular expression (Root cause: com.kms.katalon.core.exception.StepFailedException: Text 'Enter last name' is not present on page  using regular expression
	at com.kms.katalon.core.webui.keyword.internal.WebUIKeywordMain.stepFailed(WebUIKeywordMain.groovy:64)
	at com.kms.katalon.core.webui.keyword.builtin.VerifyTextPresentKeyword$_verifyTextPresent_closure1.doCall(VerifyTextPresentKeyword.groovy:79)
	at com.kms.katalon.core.webui.keyword.builtin.VerifyTextPresentKeyword$_verifyTextPresent_closure1.call(VerifyTextPresentKeyword.groovy)
	at com.kms.katalon.core.webui.keyword.internal.WebUIKeywordMain.runKeyword(WebUIKeywordMain.groovy:20)
	at com.kms.katalon.core.webui.keyword.builtin.VerifyTextPresentKeyword.verifyTextPresent(VerifyTextPresentKeyword.groovy:83)
	at com.kms.katalon.core.webui.keyword.builtin.VerifyTextPresentKeyword.execute(VerifyTextPresentKeyword.groovy:68)
	at com.kms.katalon.core.keyword.internal.KeywordExecutor.executeKeywordForPlatform(KeywordExecutor.groovy:73)
	at com.kms.katalon.core.webui.keyword.WebUiBuiltInKeywords.verifyTextPresent(WebUiBuiltInKeywords.groovy:1723)
	at com.kms.katalon.core.webui.keyword.WebUiBuiltInKeywords$verifyTextPresent$3.call(Unknown Source)
	at PersonalIncomeTax_MRF_TC.run(PersonalIncomeTax_MRF_TC:53)
	at com.kms.katalon.core.main.ScriptEngine.run(ScriptEngine.java:194)
	at com.kms.katalon.core.main.ScriptEngine.runScriptAsRawText(ScriptEngine.java:119)
	at com.kms.katalon.core.main.TestCaseExecutor.runScript(TestCaseExecutor.java:369)
	at com.kms.katalon.core.main.TestCaseExecutor.doExecute(TestCaseExecutor.java:360)
	at com.kms.katalon.core.main.TestCaseExecutor.processExecutionPhase(TestCaseExecutor.java:339)
	at com.kms.katalon.core.main.TestCaseExecutor.accessMainPhase(TestCaseExecutor.java:331)
	at com.kms.katalon.core.main.TestCaseExecutor.execute(TestCaseExecutor.java:248)
	at com.kms.katalon.core.main.TestSuiteExecutor.accessTestCaseMainPhase(TestSuiteExecutor.java:191)
	at com.kms.katalon.core.main.TestSuiteExecutor.accessTestSuiteMainPhase(TestSuiteExecutor.java:140)
	at com.kms.katalon.core.main.TestSuiteExecutor.execute(TestSuiteExecutor.java:89)
	at com.kms.katalon.core.main.TestCaseMain.startTestSuite(TestCaseMain.java:185)
	at com.kms.katalon.core.main.TestCaseMain$startTestSuite$0.call(Unknown Source)
	at TempTestSuite1634615486512.run(TempTestSuite1634615486512.groovy:39)
)

2021-10-18 23:53:39 - [TEST_STEP][FAILED] - verifyTextPresent("Please enter a valid SSN with 9 digits", true): Text 'Please enter a valid SSN with 9 digits' is not present on page  using regular expression (Root cause: com.kms.katalon.core.exception.StepFailedException: Text 'Please enter a valid SSN with 9 digits' is not present on page  using regular expression
	at com.kms.katalon.core.webui.keyword.internal.WebUIKeywordMain.stepFailed(WebUIKeywordMain.groovy:64)
	at com.kms.katalon.core.webui.keyword.builtin.VerifyTextPresentKeyword$_verifyTextPresent_closure1.doCall(VerifyTextPresentKeyword.groovy:79)
	at com.kms.katalon.core.webui.keyword.builtin.VerifyTextPresentKeyword$_verifyTextPresent_closure1.call(VerifyTextPresentKeyword.groovy)
	at com.kms.katalon.core.webui.keyword.internal.WebUIKeywordMain.runKeyword(WebUIKeywordMain.groovy:20)
	at com.kms.katalon.core.webui.keyword.builtin.VerifyTextPresentKeyword.verifyTextPresent(VerifyTextPresentKeyword.groovy:83)
	at com.kms.katalon.core.webui.keyword.builtin.VerifyTextPresentKeyword.execute(VerifyTextPresentKeyword.groovy:68)
	at com.kms.katalon.core.keyword.internal.KeywordExecutor.executeKeywordForPlatform(KeywordExecutor.groovy:73)
	at com.kms.katalon.core.webui.keyword.WebUiBuiltInKeywords.verifyTextPresent(WebUiBuiltInKeywords.groovy:1723)
	at com.kms.katalon.core.webui.keyword.WebUiBuiltInKeywords$verifyTextPresent$3.call(Unknown Source)
	at PersonalIncomeTax_MRF_TC.run(PersonalIncomeTax_MRF_TC:55)
	at com.kms.katalon.core.main.ScriptEngine.run(ScriptEngine.java:194)
	at com.kms.katalon.core.main.ScriptEngine.runScriptAsRawText(ScriptEngine.java:119)
	at com.kms.katalon.core.main.TestCaseExecutor.runScript(TestCaseExecutor.java:369)
	at com.kms.katalon.core.main.TestCaseExecutor.doExecute(TestCaseExecutor.java:360)
	at com.kms.katalon.core.main.TestCaseExecutor.processExecutionPhase(TestCaseExecutor.java:339)
	at com.kms.katalon.core.main.TestCaseExecutor.accessMainPhase(TestCaseExecutor.java:331)
	at com.kms.katalon.core.main.TestCaseExecutor.execute(TestCaseExecutor.java:248)
	at com.kms.katalon.core.main.TestSuiteExecutor.accessTestCaseMainPhase(TestSuiteExecutor.java:191)
	at com.kms.katalon.core.main.TestSuiteExecutor.accessTestSuiteMainPhase(TestSuiteExecutor.java:140)
	at com.kms.katalon.core.main.TestSuiteExecutor.execute(TestSuiteExecutor.java:89)
	at com.kms.katalon.core.main.TestCaseMain.startTestSuite(TestCaseMain.java:185)
	at com.kms.katalon.core.main.TestCaseMain$startTestSuite$0.call(Unknown Source)
	at TempTestSuite1634615486512.run(TempTestSuite1634615486512.groovy:39)
)

2021-10-18 23:53:39 - [MESSAGE][FAILED] - Text 'Please enter a valid SSN with 9 digits' is not present on page  using regular expression (Root cause: com.kms.katalon.core.exception.StepFailedException: Text 'Please enter a valid SSN with 9 digits' is not present on page  using regular expression
	at com.kms.katalon.core.webui.keyword.internal.WebUIKeywordMain.stepFailed(WebUIKeywordMain.groovy:64)
	at com.kms.katalon.core.webui.keyword.builtin.VerifyTextPresentKeyword$_verifyTextPresent_closure1.doCall(VerifyTextPresentKeyword.groovy:79)
	at com.kms.katalon.core.webui.keyword.builtin.VerifyTextPresentKeyword$_verifyTextPresent_closure1.call(VerifyTextPresentKeyword.groovy)
	at com.kms.katalon.core.webui.keyword.internal.WebUIKeywordMain.runKeyword(WebUIKeywordMain.groovy:20)
	at com.kms.katalon.core.webui.keyword.builtin.VerifyTextPresentKeyword.verifyTextPresent(VerifyTextPresentKeyword.groovy:83)
	at com.kms.katalon.core.webui.keyword.builtin.VerifyTextPresentKeyword.execute(VerifyTextPresentKeyword.groovy:68)
	at com.kms.katalon.core.keyword.internal.KeywordExecutor.executeKeywordForPlatform(KeywordExecutor.groovy:73)
	at com.kms.katalon.core.webui.keyword.WebUiBuiltInKeywords.verifyTextPresent(WebUiBuiltInKeywords.groovy:1723)
	at com.kms.katalon.core.webui.keyword.WebUiBuiltInKeywords$verifyTextPresent$3.call(Unknown Source)
	at PersonalIncomeTax_MRF_TC.run(PersonalIncomeTax_MRF_TC:55)
	at com.kms.katalon.core.main.ScriptEngine.run(ScriptEngine.java:194)
	at com.kms.katalon.core.main.ScriptEngine.runScriptAsRawText(ScriptEngine.java:119)
	at com.kms.katalon.core.main.TestCaseExecutor.runScript(TestCaseExecutor.java:369)
	at com.kms.katalon.core.main.TestCaseExecutor.doExecute(TestCaseExecutor.java:360)
	at com.kms.katalon.core.main.TestCaseExecutor.processExecutionPhase(TestCaseExecutor.java:339)
	at com.kms.katalon.core.main.TestCaseExecutor.accessMainPhase(TestCaseExecutor.java:331)
	at com.kms.katalon.core.main.TestCaseExecutor.execute(TestCaseExecutor.java:248)
	at com.kms.katalon.core.main.TestSuiteExecutor.accessTestCaseMainPhase(TestSuiteExecutor.java:191)
	at com.kms.katalon.core.main.TestSuiteExecutor.accessTestSuiteMainPhase(TestSuiteExecutor.java:140)
	at com.kms.katalon.core.main.TestSuiteExecutor.execute(TestSuiteExecutor.java:89)
	at com.kms.katalon.core.main.TestCaseMain.startTestSuite(TestCaseMain.java:185)
	at com.kms.katalon.core.main.TestCaseMain$startTestSuite$0.call(Unknown Source)
	at TempTestSuite1634615486512.run(TempTestSuite1634615486512.groovy:39)
)

2021-10-18 23:53:39 - [TEST_STEP][FAILED] - verifyTextPresent("The SSN and Re-type SSN do not match", true): Text 'The SSN and Re-type SSN do not match' is not present on page  using regular expression (Root cause: com.kms.katalon.core.exception.StepFailedException: Text 'The SSN and Re-type SSN do not match' is not present on page  using regular expression
	at com.kms.katalon.core.webui.keyword.internal.WebUIKeywordMain.stepFailed(WebUIKeywordMain.groovy:64)
	at com.kms.katalon.core.webui.keyword.builtin.VerifyTextPresentKeyword$_verifyTextPresent_closure1.doCall(VerifyTextPresentKeyword.groovy:79)
	at com.kms.katalon.core.webui.keyword.builtin.VerifyTextPresentKeyword$_verifyTextPresent_closure1.call(VerifyTextPresentKeyword.groovy)
	at com.kms.katalon.core.webui.keyword.internal.WebUIKeywordMain.runKeyword(WebUIKeywordMain.groovy:20)
	at com.kms.katalon.core.webui.keyword.builtin.VerifyTextPresentKeyword.verifyTextPresent(VerifyTextPresentKeyword.groovy:83)
	at com.kms.katalon.core.webui.keyword.builtin.VerifyTextPresentKeyword.execute(VerifyTextPresentKeyword.groovy:68)
	at com.kms.katalon.core.keyword.internal.KeywordExecutor.executeKeywordForPlatform(KeywordExecutor.groovy:73)
	at com.kms.katalon.core.webui.keyword.WebUiBuiltInKeywords.verifyTextPresent(WebUiBuiltInKeywords.groovy:1723)
	at com.kms.katalon.core.webui.keyword.WebUiBuiltInKeywords$verifyTextPresent$3.call(Unknown Source)
	at PersonalIncomeTax_MRF_TC.run(PersonalIncomeTax_MRF_TC:57)
	at com.kms.katalon.core.main.ScriptEngine.run(ScriptEngine.java:194)
	at com.kms.katalon.core.main.ScriptEngine.runScriptAsRawText(ScriptEngine.java:119)
	at com.kms.katalon.core.main.TestCaseExecutor.runScript(TestCaseExecutor.java:369)
	at com.kms.katalon.core.main.TestCaseExecutor.doExecute(TestCaseExecutor.java:360)
	at com.kms.katalon.core.main.TestCaseExecutor.processExecutionPhase(TestCaseExecutor.java:339)
	at com.kms.katalon.core.main.TestCaseExecutor.accessMainPhase(TestCaseExecutor.java:331)
	at com.kms.katalon.core.main.TestCaseExecutor.execute(TestCaseExecutor.java:248)
	at com.kms.katalon.core.main.TestSuiteExecutor.accessTestCaseMainPhase(TestSuiteExecutor.java:191)
	at com.kms.katalon.core.main.TestSuiteExecutor.accessTestSuiteMainPhase(TestSuiteExecutor.java:140)
	at com.kms.katalon.core.main.TestSuiteExecutor.execute(TestSuiteExecutor.java:89)
	at com.kms.katalon.core.main.TestCaseMain.startTestSuite(TestCaseMain.java:185)
	at com.kms.katalon.core.main.TestCaseMain$startTestSuite$0.call(Unknown Source)
	at TempTestSuite1634615486512.run(TempTestSuite1634615486512.groovy:39)
)

2021-10-18 23:53:40 - [MESSAGE][FAILED] - Text 'The SSN and Re-type SSN do not match' is not present on page  using regular expression (Root cause: com.kms.katalon.core.exception.StepFailedException: Text 'The SSN and Re-type SSN do not match' is not present on page  using regular expression
	at com.kms.katalon.core.webui.keyword.internal.WebUIKeywordMain.stepFailed(WebUIKeywordMain.groovy:64)
	at com.kms.katalon.core.webui.keyword.builtin.VerifyTextPresentKeyword$_verifyTextPresent_closure1.doCall(VerifyTextPresentKeyword.groovy:79)
	at com.kms.katalon.core.webui.keyword.builtin.VerifyTextPresentKeyword$_verifyTextPresent_closure1.call(VerifyTextPresentKeyword.groovy)
	at com.kms.katalon.core.webui.keyword.internal.WebUIKeywordMain.runKeyword(WebUIKeywordMain.groovy:20)
	at com.kms.katalon.core.webui.keyword.builtin.VerifyTextPresentKeyword.verifyTextPresent(VerifyTextPresentKeyword.groovy:83)
	at com.kms.katalon.core.webui.keyword.builtin.VerifyTextPresentKeyword.execute(VerifyTextPresentKeyword.groovy:68)
	at com.kms.katalon.core.keyword.internal.KeywordExecutor.executeKeywordForPlatform(KeywordExecutor.groovy:73)
	at com.kms.katalon.core.webui.keyword.WebUiBuiltInKeywords.verifyTextPresent(WebUiBuiltInKeywords.groovy:1723)
	at com.kms.katalon.core.webui.keyword.WebUiBuiltInKeywords$verifyTextPresent$3.call(Unknown Source)
	at PersonalIncomeTax_MRF_TC.run(PersonalIncomeTax_MRF_TC:57)
	at com.kms.katalon.core.main.ScriptEngine.run(ScriptEngine.java:194)
	at com.kms.katalon.core.main.ScriptEngine.runScriptAsRawText(ScriptEngine.java:119)
	at com.kms.katalon.core.main.TestCaseExecutor.runScript(TestCaseExecutor.java:369)
	at com.kms.katalon.core.main.TestCaseExecutor.doExecute(TestCaseExecutor.java:360)
	at com.kms.katalon.core.main.TestCaseExecutor.processExecutionPhase(TestCaseExecutor.java:339)
	at com.kms.katalon.core.main.TestCaseExecutor.accessMainPhase(TestCaseExecutor.java:331)
	at com.kms.katalon.core.main.TestCaseExecutor.execute(TestCaseExecutor.java:248)
	at com.kms.katalon.core.main.TestSuiteExecutor.accessTestCaseMainPhase(TestSuiteExecutor.java:191)
	at com.kms.katalon.core.main.TestSuiteExecutor.accessTestSuiteMainPhase(TestSuiteExecutor.java:140)
	at com.kms.katalon.core.main.TestSuiteExecutor.execute(TestSuiteExecutor.java:89)
	at com.kms.katalon.core.main.TestCaseMain.startTestSuite(TestCaseMain.java:185)
	at com.kms.katalon.core.main.TestCaseMain$startTestSuite$0.call(Unknown Source)
	at TempTestSuite1634615486512.run(TempTestSuite1634615486512.groovy:39)
)

2021-10-18 23:53:40 - [TEST_STEP][FAILED] - verifyTextPresent("Select a country", true): Text 'Select a country' is not present on page  using regular expression (Root cause: com.kms.katalon.core.exception.StepFailedException: Text 'Select a country' is not present on page  using regular expression
	at com.kms.katalon.core.webui.keyword.internal.WebUIKeywordMain.stepFailed(WebUIKeywordMain.groovy:64)
	at com.kms.katalon.core.webui.keyword.builtin.VerifyTextPresentKeyword$_verifyTextPresent_closure1.doCall(VerifyTextPresentKeyword.groovy:79)
	at com.kms.katalon.core.webui.keyword.builtin.VerifyTextPresentKeyword$_verifyTextPresent_closure1.call(VerifyTextPresentKeyword.groovy)
	at com.kms.katalon.core.webui.keyword.internal.WebUIKeywordMain.runKeyword(WebUIKeywordMain.groovy:20)
	at com.kms.katalon.core.webui.keyword.builtin.VerifyTextPresentKeyword.verifyTextPresent(VerifyTextPresentKeyword.groovy:83)
	at com.kms.katalon.core.webui.keyword.builtin.VerifyTextPresentKeyword.execute(VerifyTextPresentKeyword.groovy:68)
	at com.kms.katalon.core.keyword.internal.KeywordExecutor.executeKeywordForPlatform(KeywordExecutor.groovy:73)
	at com.kms.katalon.core.webui.keyword.WebUiBuiltInKeywords.verifyTextPresent(WebUiBuiltInKeywords.groovy:1723)
	at com.kms.katalon.core.webui.keyword.WebUiBuiltInKeywords$verifyTextPresent$3.call(Unknown Source)
	at PersonalIncomeTax_MRF_TC.run(PersonalIncomeTax_MRF_TC:61)
	at com.kms.katalon.core.main.ScriptEngine.run(ScriptEngine.java:194)
	at com.kms.katalon.core.main.ScriptEngine.runScriptAsRawText(ScriptEngine.java:119)
	at com.kms.katalon.core.main.TestCaseExecutor.runScript(TestCaseExecutor.java:369)
	at com.kms.katalon.core.main.TestCaseExecutor.doExecute(TestCaseExecutor.java:360)
	at com.kms.katalon.core.main.TestCaseExecutor.processExecutionPhase(TestCaseExecutor.java:339)
	at com.kms.katalon.core.main.TestCaseExecutor.accessMainPhase(TestCaseExecutor.java:331)
	at com.kms.katalon.core.main.TestCaseExecutor.execute(TestCaseExecutor.java:248)
	at com.kms.katalon.core.main.TestSuiteExecutor.accessTestCaseMainPhase(TestSuiteExecutor.java:191)
	at com.kms.katalon.core.main.TestSuiteExecutor.accessTestSuiteMainPhase(TestSuiteExecutor.java:140)
	at com.kms.katalon.core.main.TestSuiteExecutor.execute(TestSuiteExecutor.java:89)
	at com.kms.katalon.core.main.TestCaseMain.startTestSuite(TestCaseMain.java:185)
	at com.kms.katalon.core.main.TestCaseMain$startTestSuite$0.call(Unknown Source)
	at TempTestSuite1634615486512.run(TempTestSuite1634615486512.groovy:39)
)

2021-10-18 23:53:40 - [MESSAGE][FAILED] - Text 'Select a country' is not present on page  using regular expression (Root cause: com.kms.katalon.core.exception.StepFailedException: Text 'Select a country' is not present on page  using regular expression
	at com.kms.katalon.core.webui.keyword.internal.WebUIKeywordMain.stepFailed(WebUIKeywordMain.groovy:64)
	at com.kms.katalon.core.webui.keyword.builtin.VerifyTextPresentKeyword$_verifyTextPresent_closure1.doCall(VerifyTextPresentKeyword.groovy:79)
	at com.kms.katalon.core.webui.keyword.builtin.VerifyTextPresentKeyword$_verifyTextPresent_closure1.call(VerifyTextPresentKeyword.groovy)
	at com.kms.katalon.core.webui.keyword.internal.WebUIKeywordMain.runKeyword(WebUIKeywordMain.groovy:20)
	at com.kms.katalon.core.webui.keyword.builtin.VerifyTextPresentKeyword.verifyTextPresent(VerifyTextPresentKeyword.groovy:83)
	at com.kms.katalon.core.webui.keyword.builtin.VerifyTextPresentKeyword.execute(VerifyTextPresentKeyword.groovy:68)
	at com.kms.katalon.core.keyword.internal.KeywordExecutor.executeKeywordForPlatform(KeywordExecutor.groovy:73)
	at com.kms.katalon.core.webui.keyword.WebUiBuiltInKeywords.verifyTextPresent(WebUiBuiltInKeywords.groovy:1723)
	at com.kms.katalon.core.webui.keyword.WebUiBuiltInKeywords$verifyTextPresent$3.call(Unknown Source)
	at PersonalIncomeTax_MRF_TC.run(PersonalIncomeTax_MRF_TC:61)
	at com.kms.katalon.core.main.ScriptEngine.run(ScriptEngine.java:194)
	at com.kms.katalon.core.main.ScriptEngine.runScriptAsRawText(ScriptEngine.java:119)
	at com.kms.katalon.core.main.TestCaseExecutor.runScript(TestCaseExecutor.java:369)
	at com.kms.katalon.core.main.TestCaseExecutor.doExecute(TestCaseExecutor.java:360)
	at com.kms.katalon.core.main.TestCaseExecutor.processExecutionPhase(TestCaseExecutor.java:339)
	at com.kms.katalon.core.main.TestCaseExecutor.accessMainPhase(TestCaseExecutor.java:331)
	at com.kms.katalon.core.main.TestCaseExecutor.execute(TestCaseExecutor.java:248)
	at com.kms.katalon.core.main.TestSuiteExecutor.accessTestCaseMainPhase(TestSuiteExecutor.java:191)
	at com.kms.katalon.core.main.TestSuiteExecutor.accessTestSuiteMainPhase(TestSuiteExecutor.java:140)
	at com.kms.katalon.core.main.TestSuiteExecutor.execute(TestSuiteExecutor.java:89)
	at com.kms.katalon.core.main.TestCaseMain.startTestSuite(TestCaseMain.java:185)
	at com.kms.katalon.core.main.TestCaseMain$startTestSuite$0.call(Unknown Source)
	at TempTestSuite1634615486512.run(TempTestSuite1634615486512.groovy:39)
)

2021-10-18 23:53:40 - [TEST_STEP][FAILED] - verifyTextPresent("Enter address", true): Text 'Enter address' is not present on page  using regular expression (Root cause: com.kms.katalon.core.exception.StepFailedException: Text 'Enter address' is not present on page  using regular expression
	at com.kms.katalon.core.webui.keyword.internal.WebUIKeywordMain.stepFailed(WebUIKeywordMain.groovy:64)
	at com.kms.katalon.core.webui.keyword.builtin.VerifyTextPresentKeyword$_verifyTextPresent_closure1.doCall(VerifyTextPresentKeyword.groovy:79)
	at com.kms.katalon.core.webui.keyword.builtin.VerifyTextPresentKeyword$_verifyTextPresent_closure1.call(VerifyTextPresentKeyword.groovy)
	at com.kms.katalon.core.webui.keyword.internal.WebUIKeywordMain.runKeyword(WebUIKeywordMain.groovy:20)
	at com.kms.katalon.core.webui.keyword.builtin.VerifyTextPresentKeyword.verifyTextPresent(VerifyTextPresentKeyword.groovy:83)
	at com.kms.katalon.core.webui.keyword.builtin.VerifyTextPresentKeyword.execute(VerifyTextPresentKeyword.groovy:68)
	at com.kms.katalon.core.keyword.internal.KeywordExecutor.executeKeywordForPlatform(KeywordExecutor.groovy:73)
	at com.kms.katalon.core.webui.keyword.WebUiBuiltInKeywords.verifyTextPresent(WebUiBuiltInKeywords.groovy:1723)
	at com.kms.katalon.core.webui.keyword.WebUiBuiltInKeywords$verifyTextPresent$3.call(Unknown Source)
	at PersonalIncomeTax_MRF_TC.run(PersonalIncomeTax_MRF_TC:63)
	at com.kms.katalon.core.main.ScriptEngine.run(ScriptEngine.java:194)
	at com.kms.katalon.core.main.ScriptEngine.runScriptAsRawText(ScriptEngine.java:119)
	at com.kms.katalon.core.main.TestCaseExecutor.runScript(TestCaseExecutor.java:369)
	at com.kms.katalon.core.main.TestCaseExecutor.doExecute(TestCaseExecutor.java:360)
	at com.kms.katalon.core.main.TestCaseExecutor.processExecutionPhase(TestCaseExecutor.java:339)
	at com.kms.katalon.core.main.TestCaseExecutor.accessMainPhase(TestCaseExecutor.java:331)
	at com.kms.katalon.core.main.TestCaseExecutor.execute(TestCaseExecutor.java:248)
	at com.kms.katalon.core.main.TestSuiteExecutor.accessTestCaseMainPhase(TestSuiteExecutor.java:191)
	at com.kms.katalon.core.main.TestSuiteExecutor.accessTestSuiteMainPhase(TestSuiteExecutor.java:140)
	at com.kms.katalon.core.main.TestSuiteExecutor.execute(TestSuiteExecutor.java:89)
	at com.kms.katalon.core.main.TestCaseMain.startTestSuite(TestCaseMain.java:185)
	at com.kms.katalon.core.main.TestCaseMain$startTestSuite$0.call(Unknown Source)
	at TempTestSuite1634615486512.run(TempTestSuite1634615486512.groovy:39)
)

2021-10-18 23:53:40 - [MESSAGE][FAILED] - Text 'Enter address' is not present on page  using regular expression (Root cause: com.kms.katalon.core.exception.StepFailedException: Text 'Enter address' is not present on page  using regular expression
	at com.kms.katalon.core.webui.keyword.internal.WebUIKeywordMain.stepFailed(WebUIKeywordMain.groovy:64)
	at com.kms.katalon.core.webui.keyword.builtin.VerifyTextPresentKeyword$_verifyTextPresent_closure1.doCall(VerifyTextPresentKeyword.groovy:79)
	at com.kms.katalon.core.webui.keyword.builtin.VerifyTextPresentKeyword$_verifyTextPresent_closure1.call(VerifyTextPresentKeyword.groovy)
	at com.kms.katalon.core.webui.keyword.internal.WebUIKeywordMain.runKeyword(WebUIKeywordMain.groovy:20)
	at com.kms.katalon.core.webui.keyword.builtin.VerifyTextPresentKeyword.verifyTextPresent(VerifyTextPresentKeyword.groovy:83)
	at com.kms.katalon.core.webui.keyword.builtin.VerifyTextPresentKeyword.execute(VerifyTextPresentKeyword.groovy:68)
	at com.kms.katalon.core.keyword.internal.KeywordExecutor.executeKeywordForPlatform(KeywordExecutor.groovy:73)
	at com.kms.katalon.core.webui.keyword.WebUiBuiltInKeywords.verifyTextPresent(WebUiBuiltInKeywords.groovy:1723)
	at com.kms.katalon.core.webui.keyword.WebUiBuiltInKeywords$verifyTextPresent$3.call(Unknown Source)
	at PersonalIncomeTax_MRF_TC.run(PersonalIncomeTax_MRF_TC:63)
	at com.kms.katalon.core.main.ScriptEngine.run(ScriptEngine.java:194)
	at com.kms.katalon.core.main.ScriptEngine.runScriptAsRawText(ScriptEngine.java:119)
	at com.kms.katalon.core.main.TestCaseExecutor.runScript(TestCaseExecutor.java:369)
	at com.kms.katalon.core.main.TestCaseExecutor.doExecute(TestCaseExecutor.java:360)
	at com.kms.katalon.core.main.TestCaseExecutor.processExecutionPhase(TestCaseExecutor.java:339)
	at com.kms.katalon.core.main.TestCaseExecutor.accessMainPhase(TestCaseExecutor.java:331)
	at com.kms.katalon.core.main.TestCaseExecutor.execute(TestCaseExecutor.java:248)
	at com.kms.katalon.core.main.TestSuiteExecutor.accessTestCaseMainPhase(TestSuiteExecutor.java:191)
	at com.kms.katalon.core.main.TestSuiteExecutor.accessTestSuiteMainPhase(TestSuiteExecutor.java:140)
	at com.kms.katalon.core.main.TestSuiteExecutor.execute(TestSuiteExecutor.java:89)
	at com.kms.katalon.core.main.TestCaseMain.startTestSuite(TestCaseMain.java:185)
	at com.kms.katalon.core.main.TestCaseMain$startTestSuite$0.call(Unknown Source)
	at TempTestSuite1634615486512.run(TempTestSuite1634615486512.groovy:39)
)

2021-10-18 23:53:40 - [TEST_STEP][FAILED] - verifyTextPresent("Enter city", true): Text 'Enter city' is not present on page  using regular expression (Root cause: com.kms.katalon.core.exception.StepFailedException: Text 'Enter city' is not present on page  using regular expression
	at com.kms.katalon.core.webui.keyword.internal.WebUIKeywordMain.stepFailed(WebUIKeywordMain.groovy:64)
	at com.kms.katalon.core.webui.keyword.builtin.VerifyTextPresentKeyword$_verifyTextPresent_closure1.doCall(VerifyTextPresentKeyword.groovy:79)
	at com.kms.katalon.core.webui.keyword.builtin.VerifyTextPresentKeyword$_verifyTextPresent_closure1.call(VerifyTextPresentKeyword.groovy)
	at com.kms.katalon.core.webui.keyword.internal.WebUIKeywordMain.runKeyword(WebUIKeywordMain.groovy:20)
	at com.kms.katalon.core.webui.keyword.builtin.VerifyTextPresentKeyword.verifyTextPresent(VerifyTextPresentKeyword.groovy:83)
	at com.kms.katalon.core.webui.keyword.builtin.VerifyTextPresentKeyword.execute(VerifyTextPresentKeyword.groovy:68)
	at com.kms.katalon.core.keyword.internal.KeywordExecutor.executeKeywordForPlatform(KeywordExecutor.groovy:73)
	at com.kms.katalon.core.webui.keyword.WebUiBuiltInKeywords.verifyTextPresent(WebUiBuiltInKeywords.groovy:1723)
	at com.kms.katalon.core.webui.keyword.WebUiBuiltInKeywords$verifyTextPresent$3.call(Unknown Source)
	at PersonalIncomeTax_MRF_TC.run(PersonalIncomeTax_MRF_TC:65)
	at com.kms.katalon.core.main.ScriptEngine.run(ScriptEngine.java:194)
	at com.kms.katalon.core.main.ScriptEngine.runScriptAsRawText(ScriptEngine.java:119)
	at com.kms.katalon.core.main.TestCaseExecutor.runScript(TestCaseExecutor.java:369)
	at com.kms.katalon.core.main.TestCaseExecutor.doExecute(TestCaseExecutor.java:360)
	at com.kms.katalon.core.main.TestCaseExecutor.processExecutionPhase(TestCaseExecutor.java:339)
	at com.kms.katalon.core.main.TestCaseExecutor.accessMainPhase(TestCaseExecutor.java:331)
	at com.kms.katalon.core.main.TestCaseExecutor.execute(TestCaseExecutor.java:248)
	at com.kms.katalon.core.main.TestSuiteExecutor.accessTestCaseMainPhase(TestSuiteExecutor.java:191)
	at com.kms.katalon.core.main.TestSuiteExecutor.accessTestSuiteMainPhase(TestSuiteExecutor.java:140)
	at com.kms.katalon.core.main.TestSuiteExecutor.execute(TestSuiteExecutor.java:89)
	at com.kms.katalon.core.main.TestCaseMain.startTestSuite(TestCaseMain.java:185)
	at com.kms.katalon.core.main.TestCaseMain$startTestSuite$0.call(Unknown Source)
	at TempTestSuite1634615486512.run(TempTestSuite1634615486512.groovy:39)
)

2021-10-18 23:53:40 - [MESSAGE][FAILED] - Text 'Enter city' is not present on page  using regular expression (Root cause: com.kms.katalon.core.exception.StepFailedException: Text 'Enter city' is not present on page  using regular expression
	at com.kms.katalon.core.webui.keyword.internal.WebUIKeywordMain.stepFailed(WebUIKeywordMain.groovy:64)
	at com.kms.katalon.core.webui.keyword.builtin.VerifyTextPresentKeyword$_verifyTextPresent_closure1.doCall(VerifyTextPresentKeyword.groovy:79)
	at com.kms.katalon.core.webui.keyword.builtin.VerifyTextPresentKeyword$_verifyTextPresent_closure1.call(VerifyTextPresentKeyword.groovy)
	at com.kms.katalon.core.webui.keyword.internal.WebUIKeywordMain.runKeyword(WebUIKeywordMain.groovy:20)
	at com.kms.katalon.core.webui.keyword.builtin.VerifyTextPresentKeyword.verifyTextPresent(VerifyTextPresentKeyword.groovy:83)
	at com.kms.katalon.core.webui.keyword.builtin.VerifyTextPresentKeyword.execute(VerifyTextPresentKeyword.groovy:68)
	at com.kms.katalon.core.keyword.internal.KeywordExecutor.executeKeywordForPlatform(KeywordExecutor.groovy:73)
	at com.kms.katalon.core.webui.keyword.WebUiBuiltInKeywords.verifyTextPresent(WebUiBuiltInKeywords.groovy:1723)
	at com.kms.katalon.core.webui.keyword.WebUiBuiltInKeywords$verifyTextPresent$3.call(Unknown Source)
	at PersonalIncomeTax_MRF_TC.run(PersonalIncomeTax_MRF_TC:65)
	at com.kms.katalon.core.main.ScriptEngine.run(ScriptEngine.java:194)
	at com.kms.katalon.core.main.ScriptEngine.runScriptAsRawText(ScriptEngine.java:119)
	at com.kms.katalon.core.main.TestCaseExecutor.runScript(TestCaseExecutor.java:369)
	at com.kms.katalon.core.main.TestCaseExecutor.doExecute(TestCaseExecutor.java:360)
	at com.kms.katalon.core.main.TestCaseExecutor.processExecutionPhase(TestCaseExecutor.java:339)
	at com.kms.katalon.core.main.TestCaseExecutor.accessMainPhase(TestCaseExecutor.java:331)
	at com.kms.katalon.core.main.TestCaseExecutor.execute(TestCaseExecutor.java:248)
	at com.kms.katalon.core.main.TestSuiteExecutor.accessTestCaseMainPhase(TestSuiteExecutor.java:191)
	at com.kms.katalon.core.main.TestSuiteExecutor.accessTestSuiteMainPhase(TestSuiteExecutor.java:140)
	at com.kms.katalon.core.main.TestSuiteExecutor.execute(TestSuiteExecutor.java:89)
	at com.kms.katalon.core.main.TestCaseMain.startTestSuite(TestCaseMain.java:185)
	at com.kms.katalon.core.main.TestCaseMain$startTestSuite$0.call(Unknown Source)
	at TempTestSuite1634615486512.run(TempTestSuite1634615486512.groovy:39)
)

2021-10-18 23:53:40 - [TEST_STEP][FAILED] - verifyTextPresent("Select a state", true): Text 'Select a state' is not present on page  using regular expression (Root cause: com.kms.katalon.core.exception.StepFailedException: Text 'Select a state' is not present on page  using regular expression
	at com.kms.katalon.core.webui.keyword.internal.WebUIKeywordMain.stepFailed(WebUIKeywordMain.groovy:64)
	at com.kms.katalon.core.webui.keyword.builtin.VerifyTextPresentKeyword$_verifyTextPresent_closure1.doCall(VerifyTextPresentKeyword.groovy:79)
	at com.kms.katalon.core.webui.keyword.builtin.VerifyTextPresentKeyword$_verifyTextPresent_closure1.call(VerifyTextPresentKeyword.groovy)
	at com.kms.katalon.core.webui.keyword.internal.WebUIKeywordMain.runKeyword(WebUIKeywordMain.groovy:20)
	at com.kms.katalon.core.webui.keyword.builtin.VerifyTextPresentKeyword.verifyTextPresent(VerifyTextPresentKeyword.groovy:83)
	at com.kms.katalon.core.webui.keyword.builtin.VerifyTextPresentKeyword.execute(VerifyTextPresentKeyword.groovy:68)
	at com.kms.katalon.core.keyword.internal.KeywordExecutor.executeKeywordForPlatform(KeywordExecutor.groovy:73)
	at com.kms.katalon.core.webui.keyword.WebUiBuiltInKeywords.verifyTextPresent(WebUiBuiltInKeywords.groovy:1723)
	at com.kms.katalon.core.webui.keyword.WebUiBuiltInKeywords$verifyTextPresent$3.call(Unknown Source)
	at PersonalIncomeTax_MRF_TC.run(PersonalIncomeTax_MRF_TC:67)
	at com.kms.katalon.core.main.ScriptEngine.run(ScriptEngine.java:194)
	at com.kms.katalon.core.main.ScriptEngine.runScriptAsRawText(ScriptEngine.java:119)
	at com.kms.katalon.core.main.TestCaseExecutor.runScript(TestCaseExecutor.java:369)
	at com.kms.katalon.core.main.TestCaseExecutor.doExecute(TestCaseExecutor.java:360)
	at com.kms.katalon.core.main.TestCaseExecutor.processExecutionPhase(TestCaseExecutor.java:339)
	at com.kms.katalon.core.main.TestCaseExecutor.accessMainPhase(TestCaseExecutor.java:331)
	at com.kms.katalon.core.main.TestCaseExecutor.execute(TestCaseExecutor.java:248)
	at com.kms.katalon.core.main.TestSuiteExecutor.accessTestCaseMainPhase(TestSuiteExecutor.java:191)
	at com.kms.katalon.core.main.TestSuiteExecutor.accessTestSuiteMainPhase(TestSuiteExecutor.java:140)
	at com.kms.katalon.core.main.TestSuiteExecutor.execute(TestSuiteExecutor.java:89)
	at com.kms.katalon.core.main.TestCaseMain.startTestSuite(TestCaseMain.java:185)
	at com.kms.katalon.core.main.TestCaseMain$startTestSuite$0.call(Unknown Source)
	at TempTestSuite1634615486512.run(TempTestSuite1634615486512.groovy:39)
)

2021-10-18 23:53:40 - [MESSAGE][FAILED] - Text 'Select a state' is not present on page  using regular expression (Root cause: com.kms.katalon.core.exception.StepFailedException: Text 'Select a state' is not present on page  using regular expression
	at com.kms.katalon.core.webui.keyword.internal.WebUIKeywordMain.stepFailed(WebUIKeywordMain.groovy:64)
	at com.kms.katalon.core.webui.keyword.builtin.VerifyTextPresentKeyword$_verifyTextPresent_closure1.doCall(VerifyTextPresentKeyword.groovy:79)
	at com.kms.katalon.core.webui.keyword.builtin.VerifyTextPresentKeyword$_verifyTextPresent_closure1.call(VerifyTextPresentKeyword.groovy)
	at com.kms.katalon.core.webui.keyword.internal.WebUIKeywordMain.runKeyword(WebUIKeywordMain.groovy:20)
	at com.kms.katalon.core.webui.keyword.builtin.VerifyTextPresentKeyword.verifyTextPresent(VerifyTextPresentKeyword.groovy:83)
	at com.kms.katalon.core.webui.keyword.builtin.VerifyTextPresentKeyword.execute(VerifyTextPresentKeyword.groovy:68)
	at com.kms.katalon.core.keyword.internal.KeywordExecutor.executeKeywordForPlatform(KeywordExecutor.groovy:73)
	at com.kms.katalon.core.webui.keyword.WebUiBuiltInKeywords.verifyTextPresent(WebUiBuiltInKeywords.groovy:1723)
	at com.kms.katalon.core.webui.keyword.WebUiBuiltInKeywords$verifyTextPresent$3.call(Unknown Source)
	at PersonalIncomeTax_MRF_TC.run(PersonalIncomeTax_MRF_TC:67)
	at com.kms.katalon.core.main.ScriptEngine.run(ScriptEngine.java:194)
	at com.kms.katalon.core.main.ScriptEngine.runScriptAsRawText(ScriptEngine.java:119)
	at com.kms.katalon.core.main.TestCaseExecutor.runScript(TestCaseExecutor.java:369)
	at com.kms.katalon.core.main.TestCaseExecutor.doExecute(TestCaseExecutor.java:360)
	at com.kms.katalon.core.main.TestCaseExecutor.processExecutionPhase(TestCaseExecutor.java:339)
	at com.kms.katalon.core.main.TestCaseExecutor.accessMainPhase(TestCaseExecutor.java:331)
	at com.kms.katalon.core.main.TestCaseExecutor.execute(TestCaseExecutor.java:248)
	at com.kms.katalon.core.main.TestSuiteExecutor.accessTestCaseMainPhase(TestSuiteExecutor.java:191)
	at com.kms.katalon.core.main.TestSuiteExecutor.accessTestSuiteMainPhase(TestSuiteExecutor.java:140)
	at com.kms.katalon.core.main.TestSuiteExecutor.execute(TestSuiteExecutor.java:89)
	at com.kms.katalon.core.main.TestCaseMain.startTestSuite(TestCaseMain.java:185)
	at com.kms.katalon.core.main.TestCaseMain$startTestSuite$0.call(Unknown Source)
	at TempTestSuite1634615486512.run(TempTestSuite1634615486512.groovy:39)
)

2021-10-18 23:53:40 - [TEST_STEP][FAILED] - verifyTextPresent("Enter ZIP code", true): Text 'Enter ZIP code' is not present on page  using regular expression (Root cause: com.kms.katalon.core.exception.StepFailedException: Text 'Enter ZIP code' is not present on page  using regular expression
	at com.kms.katalon.core.webui.keyword.internal.WebUIKeywordMain.stepFailed(WebUIKeywordMain.groovy:64)
	at com.kms.katalon.core.webui.keyword.builtin.VerifyTextPresentKeyword$_verifyTextPresent_closure1.doCall(VerifyTextPresentKeyword.groovy:79)
	at com.kms.katalon.core.webui.keyword.builtin.VerifyTextPresentKeyword$_verifyTextPresent_closure1.call(VerifyTextPresentKeyword.groovy)
	at com.kms.katalon.core.webui.keyword.internal.WebUIKeywordMain.runKeyword(WebUIKeywordMain.groovy:20)
	at com.kms.katalon.core.webui.keyword.builtin.VerifyTextPresentKeyword.verifyTextPresent(VerifyTextPresentKeyword.groovy:83)
	at com.kms.katalon.core.webui.keyword.builtin.VerifyTextPresentKeyword.execute(VerifyTextPresentKeyword.groovy:68)
	at com.kms.katalon.core.keyword.internal.KeywordExecutor.executeKeywordForPlatform(KeywordExecutor.groovy:73)
	at com.kms.katalon.core.webui.keyword.WebUiBuiltInKeywords.verifyTextPresent(WebUiBuiltInKeywords.groovy:1723)
	at com.kms.katalon.core.webui.keyword.WebUiBuiltInKeywords$verifyTextPresent$3.call(Unknown Source)
	at PersonalIncomeTax_MRF_TC.run(PersonalIncomeTax_MRF_TC:69)
	at com.kms.katalon.core.main.ScriptEngine.run(ScriptEngine.java:194)
	at com.kms.katalon.core.main.ScriptEngine.runScriptAsRawText(ScriptEngine.java:119)
	at com.kms.katalon.core.main.TestCaseExecutor.runScript(TestCaseExecutor.java:369)
	at com.kms.katalon.core.main.TestCaseExecutor.doExecute(TestCaseExecutor.java:360)
	at com.kms.katalon.core.main.TestCaseExecutor.processExecutionPhase(TestCaseExecutor.java:339)
	at com.kms.katalon.core.main.TestCaseExecutor.accessMainPhase(TestCaseExecutor.java:331)
	at com.kms.katalon.core.main.TestCaseExecutor.execute(TestCaseExecutor.java:248)
	at com.kms.katalon.core.main.TestSuiteExecutor.accessTestCaseMainPhase(TestSuiteExecutor.java:191)
	at com.kms.katalon.core.main.TestSuiteExecutor.accessTestSuiteMainPhase(TestSuiteExecutor.java:140)
	at com.kms.katalon.core.main.TestSuiteExecutor.execute(TestSuiteExecutor.java:89)
	at com.kms.katalon.core.main.TestCaseMain.startTestSuite(TestCaseMain.java:185)
	at com.kms.katalon.core.main.TestCaseMain$startTestSuite$0.call(Unknown Source)
	at TempTestSuite1634615486512.run(TempTestSuite1634615486512.groovy:39)
)

2021-10-18 23:53:40 - [MESSAGE][FAILED] - Text 'Enter ZIP code' is not present on page  using regular expression (Root cause: com.kms.katalon.core.exception.StepFailedException: Text 'Enter ZIP code' is not present on page  using regular expression
	at com.kms.katalon.core.webui.keyword.internal.WebUIKeywordMain.stepFailed(WebUIKeywordMain.groovy:64)
	at com.kms.katalon.core.webui.keyword.builtin.VerifyTextPresentKeyword$_verifyTextPresent_closure1.doCall(VerifyTextPresentKeyword.groovy:79)
	at com.kms.katalon.core.webui.keyword.builtin.VerifyTextPresentKeyword$_verifyTextPresent_closure1.call(VerifyTextPresentKeyword.groovy)
	at com.kms.katalon.core.webui.keyword.internal.WebUIKeywordMain.runKeyword(WebUIKeywordMain.groovy:20)
	at com.kms.katalon.core.webui.keyword.builtin.VerifyTextPresentKeyword.verifyTextPresent(VerifyTextPresentKeyword.groovy:83)
	at com.kms.katalon.core.webui.keyword.builtin.VerifyTextPresentKeyword.execute(VerifyTextPresentKeyword.groovy:68)
	at com.kms.katalon.core.keyword.internal.KeywordExecutor.executeKeywordForPlatform(KeywordExecutor.groovy:73)
	at com.kms.katalon.core.webui.keyword.WebUiBuiltInKeywords.verifyTextPresent(WebUiBuiltInKeywords.groovy:1723)
	at com.kms.katalon.core.webui.keyword.WebUiBuiltInKeywords$verifyTextPresent$3.call(Unknown Source)
	at PersonalIncomeTax_MRF_TC.run(PersonalIncomeTax_MRF_TC:69)
	at com.kms.katalon.core.main.ScriptEngine.run(ScriptEngine.java:194)
	at com.kms.katalon.core.main.ScriptEngine.runScriptAsRawText(ScriptEngine.java:119)
	at com.kms.katalon.core.main.TestCaseExecutor.runScript(TestCaseExecutor.java:369)
	at com.kms.katalon.core.main.TestCaseExecutor.doExecute(TestCaseExecutor.java:360)
	at com.kms.katalon.core.main.TestCaseExecutor.processExecutionPhase(TestCaseExecutor.java:339)
	at com.kms.katalon.core.main.TestCaseExecutor.accessMainPhase(TestCaseExecutor.java:331)
	at com.kms.katalon.core.main.TestCaseExecutor.execute(TestCaseExecutor.java:248)
	at com.kms.katalon.core.main.TestSuiteExecutor.accessTestCaseMainPhase(TestSuiteExecutor.java:191)
	at com.kms.katalon.core.main.TestSuiteExecutor.accessTestSuiteMainPhase(TestSuiteExecutor.java:140)
	at com.kms.katalon.core.main.TestSuiteExecutor.execute(TestSuiteExecutor.java:89)
	at com.kms.katalon.core.main.TestCaseMain.startTestSuite(TestCaseMain.java:185)
	at com.kms.katalon.core.main.TestCaseMain$startTestSuite$0.call(Unknown Source)
	at TempTestSuite1634615486512.run(TempTestSuite1634615486512.groovy:39)
)

2021-10-18 23:53:40 - [TEST_STEP][FAILED] - verifyTextPresent("Enter a phone number", true): Text 'Enter a phone number' is not present on page  using regular expression (Root cause: com.kms.katalon.core.exception.StepFailedException: Text 'Enter a phone number' is not present on page  using regular expression
	at com.kms.katalon.core.webui.keyword.internal.WebUIKeywordMain.stepFailed(WebUIKeywordMain.groovy:64)
	at com.kms.katalon.core.webui.keyword.builtin.VerifyTextPresentKeyword$_verifyTextPresent_closure1.doCall(VerifyTextPresentKeyword.groovy:79)
	at com.kms.katalon.core.webui.keyword.builtin.VerifyTextPresentKeyword$_verifyTextPresent_closure1.call(VerifyTextPresentKeyword.groovy)
	at com.kms.katalon.core.webui.keyword.internal.WebUIKeywordMain.runKeyword(WebUIKeywordMain.groovy:20)
	at com.kms.katalon.core.webui.keyword.builtin.VerifyTextPresentKeyword.verifyTextPresent(VerifyTextPresentKeyword.groovy:83)
	at com.kms.katalon.core.webui.keyword.builtin.VerifyTextPresentKeyword.execute(VerifyTextPresentKeyword.groovy:68)
	at com.kms.katalon.core.keyword.internal.KeywordExecutor.executeKeywordForPlatform(KeywordExecutor.groovy:73)
	at com.kms.katalon.core.webui.keyword.WebUiBuiltInKeywords.verifyTextPresent(WebUiBuiltInKeywords.groovy:1723)
	at com.kms.katalon.core.webui.keyword.WebUiBuiltInKeywords$verifyTextPresent$3.call(Unknown Source)
	at PersonalIncomeTax_MRF_TC.run(PersonalIncomeTax_MRF_TC:71)
	at com.kms.katalon.core.main.ScriptEngine.run(ScriptEngine.java:194)
	at com.kms.katalon.core.main.ScriptEngine.runScriptAsRawText(ScriptEngine.java:119)
	at com.kms.katalon.core.main.TestCaseExecutor.runScript(TestCaseExecutor.java:369)
	at com.kms.katalon.core.main.TestCaseExecutor.doExecute(TestCaseExecutor.java:360)
	at com.kms.katalon.core.main.TestCaseExecutor.processExecutionPhase(TestCaseExecutor.java:339)
	at com.kms.katalon.core.main.TestCaseExecutor.accessMainPhase(TestCaseExecutor.java:331)
	at com.kms.katalon.core.main.TestCaseExecutor.execute(TestCaseExecutor.java:248)
	at com.kms.katalon.core.main.TestSuiteExecutor.accessTestCaseMainPhase(TestSuiteExecutor.java:191)
	at com.kms.katalon.core.main.TestSuiteExecutor.accessTestSuiteMainPhase(TestSuiteExecutor.java:140)
	at com.kms.katalon.core.main.TestSuiteExecutor.execute(TestSuiteExecutor.java:89)
	at com.kms.katalon.core.main.TestCaseMain.startTestSuite(TestCaseMain.java:185)
	at com.kms.katalon.core.main.TestCaseMain$startTestSuite$0.call(Unknown Source)
	at TempTestSuite1634615486512.run(TempTestSuite1634615486512.groovy:39)
)

2021-10-18 23:53:41 - [MESSAGE][FAILED] - Text 'Enter a phone number' is not present on page  using regular expression (Root cause: com.kms.katalon.core.exception.StepFailedException: Text 'Enter a phone number' is not present on page  using regular expression
	at com.kms.katalon.core.webui.keyword.internal.WebUIKeywordMain.stepFailed(WebUIKeywordMain.groovy:64)
	at com.kms.katalon.core.webui.keyword.builtin.VerifyTextPresentKeyword$_verifyTextPresent_closure1.doCall(VerifyTextPresentKeyword.groovy:79)
	at com.kms.katalon.core.webui.keyword.builtin.VerifyTextPresentKeyword$_verifyTextPresent_closure1.call(VerifyTextPresentKeyword.groovy)
	at com.kms.katalon.core.webui.keyword.internal.WebUIKeywordMain.runKeyword(WebUIKeywordMain.groovy:20)
	at com.kms.katalon.core.webui.keyword.builtin.VerifyTextPresentKeyword.verifyTextPresent(VerifyTextPresentKeyword.groovy:83)
	at com.kms.katalon.core.webui.keyword.builtin.VerifyTextPresentKeyword.execute(VerifyTextPresentKeyword.groovy:68)
	at com.kms.katalon.core.keyword.internal.KeywordExecutor.executeKeywordForPlatform(KeywordExecutor.groovy:73)
	at com.kms.katalon.core.webui.keyword.WebUiBuiltInKeywords.verifyTextPresent(WebUiBuiltInKeywords.groovy:1723)
	at com.kms.katalon.core.webui.keyword.WebUiBuiltInKeywords$verifyTextPresent$3.call(Unknown Source)
	at PersonalIncomeTax_MRF_TC.run(PersonalIncomeTax_MRF_TC:71)
	at com.kms.katalon.core.main.ScriptEngine.run(ScriptEngine.java:194)
	at com.kms.katalon.core.main.ScriptEngine.runScriptAsRawText(ScriptEngine.java:119)
	at com.kms.katalon.core.main.TestCaseExecutor.runScript(TestCaseExecutor.java:369)
	at com.kms.katalon.core.main.TestCaseExecutor.doExecute(TestCaseExecutor.java:360)
	at com.kms.katalon.core.main.TestCaseExecutor.processExecutionPhase(TestCaseExecutor.java:339)
	at com.kms.katalon.core.main.TestCaseExecutor.accessMainPhase(TestCaseExecutor.java:331)
	at com.kms.katalon.core.main.TestCaseExecutor.execute(TestCaseExecutor.java:248)
	at com.kms.katalon.core.main.TestSuiteExecutor.accessTestCaseMainPhase(TestSuiteExecutor.java:191)
	at com.kms.katalon.core.main.TestSuiteExecutor.accessTestSuiteMainPhase(TestSuiteExecutor.java:140)
	at com.kms.katalon.core.main.TestSuiteExecutor.execute(TestSuiteExecutor.java:89)
	at com.kms.katalon.core.main.TestCaseMain.startTestSuite(TestCaseMain.java:185)
	at com.kms.katalon.core.main.TestCaseMain$startTestSuite$0.call(Unknown Source)
	at TempTestSuite1634615486512.run(TempTestSuite1634615486512.groovy:39)
)

2021-10-18 23:53:41 - [TEST_STEP][FAILED] - verifyTextPresent("Enter Email", true): Text 'Enter Email' is not present on page  using regular expression (Root cause: com.kms.katalon.core.exception.StepFailedException: Text 'Enter Email' is not present on page  using regular expression
	at com.kms.katalon.core.webui.keyword.internal.WebUIKeywordMain.stepFailed(WebUIKeywordMain.groovy:64)
	at com.kms.katalon.core.webui.keyword.builtin.VerifyTextPresentKeyword$_verifyTextPresent_closure1.doCall(VerifyTextPresentKeyword.groovy:79)
	at com.kms.katalon.core.webui.keyword.builtin.VerifyTextPresentKeyword$_verifyTextPresent_closure1.call(VerifyTextPresentKeyword.groovy)
	at com.kms.katalon.core.webui.keyword.internal.WebUIKeywordMain.runKeyword(WebUIKeywordMain.groovy:20)
	at com.kms.katalon.core.webui.keyword.builtin.VerifyTextPresentKeyword.verifyTextPresent(VerifyTextPresentKeyword.groovy:83)
	at com.kms.katalon.core.webui.keyword.builtin.VerifyTextPresentKeyword.execute(VerifyTextPresentKeyword.groovy:68)
	at com.kms.katalon.core.keyword.internal.KeywordExecutor.executeKeywordForPlatform(KeywordExecutor.groovy:73)
	at com.kms.katalon.core.webui.keyword.WebUiBuiltInKeywords.verifyTextPresent(WebUiBuiltInKeywords.groovy:1723)
	at com.kms.katalon.core.webui.keyword.WebUiBuiltInKeywords$verifyTextPresent$3.call(Unknown Source)
	at PersonalIncomeTax_MRF_TC.run(PersonalIncomeTax_MRF_TC:73)
	at com.kms.katalon.core.main.ScriptEngine.run(ScriptEngine.java:194)
	at com.kms.katalon.core.main.ScriptEngine.runScriptAsRawText(ScriptEngine.java:119)
	at com.kms.katalon.core.main.TestCaseExecutor.runScript(TestCaseExecutor.java:369)
	at com.kms.katalon.core.main.TestCaseExecutor.doExecute(TestCaseExecutor.java:360)
	at com.kms.katalon.core.main.TestCaseExecutor.processExecutionPhase(TestCaseExecutor.java:339)
	at com.kms.katalon.core.main.TestCaseExecutor.accessMainPhase(TestCaseExecutor.java:331)
	at com.kms.katalon.core.main.TestCaseExecutor.execute(TestCaseExecutor.java:248)
	at com.kms.katalon.core.main.TestSuiteExecutor.accessTestCaseMainPhase(TestSuiteExecutor.java:191)
	at com.kms.katalon.core.main.TestSuiteExecutor.accessTestSuiteMainPhase(TestSuiteExecutor.java:140)
	at com.kms.katalon.core.main.TestSuiteExecutor.execute(TestSuiteExecutor.java:89)
	at com.kms.katalon.core.main.TestCaseMain.startTestSuite(TestCaseMain.java:185)
	at com.kms.katalon.core.main.TestCaseMain$startTestSuite$0.call(Unknown Source)
	at TempTestSuite1634615486512.run(TempTestSuite1634615486512.groovy:39)
)

2021-10-18 23:53:41 - [MESSAGE][FAILED] - Text 'Enter Email' is not present on page  using regular expression (Root cause: com.kms.katalon.core.exception.StepFailedException: Text 'Enter Email' is not present on page  using regular expression
	at com.kms.katalon.core.webui.keyword.internal.WebUIKeywordMain.stepFailed(WebUIKeywordMain.groovy:64)
	at com.kms.katalon.core.webui.keyword.builtin.VerifyTextPresentKeyword$_verifyTextPresent_closure1.doCall(VerifyTextPresentKeyword.groovy:79)
	at com.kms.katalon.core.webui.keyword.builtin.VerifyTextPresentKeyword$_verifyTextPresent_closure1.call(VerifyTextPresentKeyword.groovy)
	at com.kms.katalon.core.webui.keyword.internal.WebUIKeywordMain.runKeyword(WebUIKeywordMain.groovy:20)
	at com.kms.katalon.core.webui.keyword.builtin.VerifyTextPresentKeyword.verifyTextPresent(VerifyTextPresentKeyword.groovy:83)
	at com.kms.katalon.core.webui.keyword.builtin.VerifyTextPresentKeyword.execute(VerifyTextPresentKeyword.groovy:68)
	at com.kms.katalon.core.keyword.internal.KeywordExecutor.executeKeywordForPlatform(KeywordExecutor.groovy:73)
	at com.kms.katalon.core.webui.keyword.WebUiBuiltInKeywords.verifyTextPresent(WebUiBuiltInKeywords.groovy:1723)
	at com.kms.katalon.core.webui.keyword.WebUiBuiltInKeywords$verifyTextPresent$3.call(Unknown Source)
	at PersonalIncomeTax_MRF_TC.run(PersonalIncomeTax_MRF_TC:73)
	at com.kms.katalon.core.main.ScriptEngine.run(ScriptEngine.java:194)
	at com.kms.katalon.core.main.ScriptEngine.runScriptAsRawText(ScriptEngine.java:119)
	at com.kms.katalon.core.main.TestCaseExecutor.runScript(TestCaseExecutor.java:369)
	at com.kms.katalon.core.main.TestCaseExecutor.doExecute(TestCaseExecutor.java:360)
	at com.kms.katalon.core.main.TestCaseExecutor.processExecutionPhase(TestCaseExecutor.java:339)
	at com.kms.katalon.core.main.TestCaseExecutor.accessMainPhase(TestCaseExecutor.java:331)
	at com.kms.katalon.core.main.TestCaseExecutor.execute(TestCaseExecutor.java:248)
	at com.kms.katalon.core.main.TestSuiteExecutor.accessTestCaseMainPhase(TestSuiteExecutor.java:191)
	at com.kms.katalon.core.main.TestSuiteExecutor.accessTestSuiteMainPhase(TestSuiteExecutor.java:140)
	at com.kms.katalon.core.main.TestSuiteExecutor.execute(TestSuiteExecutor.java:89)
	at com.kms.katalon.core.main.TestCaseMain.startTestSuite(TestCaseMain.java:185)
	at com.kms.katalon.core.main.TestCaseMain$startTestSuite$0.call(Unknown Source)
	at TempTestSuite1634615486512.run(TempTestSuite1634615486512.groovy:39)
)

2021-10-18 23:53:41 - [TEST_STEP][FAILED] - verifyTextPresent("The Email and Re-enter email do not match", true): Text 'The Email and Re-enter email do not match' is not present on page  using regular expression (Root cause: com.kms.katalon.core.exception.StepFailedException: Text 'The Email and Re-enter email do not match' is not present on page  using regular expression
	at com.kms.katalon.core.webui.keyword.internal.WebUIKeywordMain.stepFailed(WebUIKeywordMain.groovy:64)
	at com.kms.katalon.core.webui.keyword.builtin.VerifyTextPresentKeyword$_verifyTextPresent_closure1.doCall(VerifyTextPresentKeyword.groovy:79)
	at com.kms.katalon.core.webui.keyword.builtin.VerifyTextPresentKeyword$_verifyTextPresent_closure1.call(VerifyTextPresentKeyword.groovy)
	at com.kms.katalon.core.webui.keyword.internal.WebUIKeywordMain.runKeyword(WebUIKeywordMain.groovy:20)
	at com.kms.katalon.core.webui.keyword.builtin.VerifyTextPresentKeyword.verifyTextPresent(VerifyTextPresentKeyword.groovy:83)
	at com.kms.katalon.core.webui.keyword.builtin.VerifyTextPresentKeyword.execute(VerifyTextPresentKeyword.groovy:68)
	at com.kms.katalon.core.keyword.internal.KeywordExecutor.executeKeywordForPlatform(KeywordExecutor.groovy:73)
	at com.kms.katalon.core.webui.keyword.WebUiBuiltInKeywords.verifyTextPresent(WebUiBuiltInKeywords.groovy:1723)
	at com.kms.katalon.core.webui.keyword.WebUiBuiltInKeywords$verifyTextPresent$3.call(Unknown Source)
	at PersonalIncomeTax_MRF_TC.run(PersonalIncomeTax_MRF_TC:75)
	at com.kms.katalon.core.main.ScriptEngine.run(ScriptEngine.java:194)
	at com.kms.katalon.core.main.ScriptEngine.runScriptAsRawText(ScriptEngine.java:119)
	at com.kms.katalon.core.main.TestCaseExecutor.runScript(TestCaseExecutor.java:369)
	at com.kms.katalon.core.main.TestCaseExecutor.doExecute(TestCaseExecutor.java:360)
	at com.kms.katalon.core.main.TestCaseExecutor.processExecutionPhase(TestCaseExecutor.java:339)
	at com.kms.katalon.core.main.TestCaseExecutor.accessMainPhase(TestCaseExecutor.java:331)
	at com.kms.katalon.core.main.TestCaseExecutor.execute(TestCaseExecutor.java:248)
	at com.kms.katalon.core.main.TestSuiteExecutor.accessTestCaseMainPhase(TestSuiteExecutor.java:191)
	at com.kms.katalon.core.main.TestSuiteExecutor.accessTestSuiteMainPhase(TestSuiteExecutor.java:140)
	at com.kms.katalon.core.main.TestSuiteExecutor.execute(TestSuiteExecutor.java:89)
	at com.kms.katalon.core.main.TestCaseMain.startTestSuite(TestCaseMain.java:185)
	at com.kms.katalon.core.main.TestCaseMain$startTestSuite$0.call(Unknown Source)
	at TempTestSuite1634615486512.run(TempTestSuite1634615486512.groovy:39)
)

2021-10-18 23:53:41 - [MESSAGE][FAILED] - Text 'The Email and Re-enter email do not match' is not present on page  using regular expression (Root cause: com.kms.katalon.core.exception.StepFailedException: Text 'The Email and Re-enter email do not match' is not present on page  using regular expression
	at com.kms.katalon.core.webui.keyword.internal.WebUIKeywordMain.stepFailed(WebUIKeywordMain.groovy:64)
	at com.kms.katalon.core.webui.keyword.builtin.VerifyTextPresentKeyword$_verifyTextPresent_closure1.doCall(VerifyTextPresentKeyword.groovy:79)
	at com.kms.katalon.core.webui.keyword.builtin.VerifyTextPresentKeyword$_verifyTextPresent_closure1.call(VerifyTextPresentKeyword.groovy)
	at com.kms.katalon.core.webui.keyword.internal.WebUIKeywordMain.runKeyword(WebUIKeywordMain.groovy:20)
	at com.kms.katalon.core.webui.keyword.builtin.VerifyTextPresentKeyword.verifyTextPresent(VerifyTextPresentKeyword.groovy:83)
	at com.kms.katalon.core.webui.keyword.builtin.VerifyTextPresentKeyword.execute(VerifyTextPresentKeyword.groovy:68)
	at com.kms.katalon.core.keyword.internal.KeywordExecutor.executeKeywordForPlatform(KeywordExecutor.groovy:73)
	at com.kms.katalon.core.webui.keyword.WebUiBuiltInKeywords.verifyTextPresent(WebUiBuiltInKeywords.groovy:1723)
	at com.kms.katalon.core.webui.keyword.WebUiBuiltInKeywords$verifyTextPresent$3.call(Unknown Source)
	at PersonalIncomeTax_MRF_TC.run(PersonalIncomeTax_MRF_TC:75)
	at com.kms.katalon.core.main.ScriptEngine.run(ScriptEngine.java:194)
	at com.kms.katalon.core.main.ScriptEngine.runScriptAsRawText(ScriptEngine.java:119)
	at com.kms.katalon.core.main.TestCaseExecutor.runScript(TestCaseExecutor.java:369)
	at com.kms.katalon.core.main.TestCaseExecutor.doExecute(TestCaseExecutor.java:360)
	at com.kms.katalon.core.main.TestCaseExecutor.processExecutionPhase(TestCaseExecutor.java:339)
	at com.kms.katalon.core.main.TestCaseExecutor.accessMainPhase(TestCaseExecutor.java:331)
	at com.kms.katalon.core.main.TestCaseExecutor.execute(TestCaseExecutor.java:248)
	at com.kms.katalon.core.main.TestSuiteExecutor.accessTestCaseMainPhase(TestSuiteExecutor.java:191)
	at com.kms.katalon.core.main.TestSuiteExecutor.accessTestSuiteMainPhase(TestSuiteExecutor.java:140)
	at com.kms.katalon.core.main.TestSuiteExecutor.execute(TestSuiteExecutor.java:89)
	at com.kms.katalon.core.main.TestCaseMain.startTestSuite(TestCaseMain.java:185)
	at com.kms.katalon.core.main.TestCaseMain$startTestSuite$0.call(Unknown Source)
	at TempTestSuite1634615486512.run(TempTestSuite1634615486512.groovy:39)
)

2021-10-18 23:53:41 - [TEST_STEP][FAILED] - verifyTextPresent("Payment amount must be greater than zero and less than 10,000,000", true): Text 'Payment amount must be greater than zero and less than 10,000,000' is not present on page  using regular expression (Root cause: com.kms.katalon.core.exception.StepFailedException: Text 'Payment amount must be greater than zero and less than 10,000,000' is not present on page  using regular expression
	at com.kms.katalon.core.webui.keyword.internal.WebUIKeywordMain.stepFailed(WebUIKeywordMain.groovy:64)
	at com.kms.katalon.core.webui.keyword.builtin.VerifyTextPresentKeyword$_verifyTextPresent_closure1.doCall(VerifyTextPresentKeyword.groovy:79)
	at com.kms.katalon.core.webui.keyword.builtin.VerifyTextPresentKeyword$_verifyTextPresent_closure1.call(VerifyTextPresentKeyword.groovy)
	at com.kms.katalon.core.webui.keyword.internal.WebUIKeywordMain.runKeyword(WebUIKeywordMain.groovy:20)
	at com.kms.katalon.core.webui.keyword.builtin.VerifyTextPresentKeyword.verifyTextPresent(VerifyTextPresentKeyword.groovy:83)
	at com.kms.katalon.core.webui.keyword.builtin.VerifyTextPresentKeyword.execute(VerifyTextPresentKeyword.groovy:68)
	at com.kms.katalon.core.keyword.internal.KeywordExecutor.executeKeywordForPlatform(KeywordExecutor.groovy:73)
	at com.kms.katalon.core.webui.keyword.WebUiBuiltInKeywords.verifyTextPresent(WebUiBuiltInKeywords.groovy:1723)
	at com.kms.katalon.core.webui.keyword.WebUiBuiltInKeywords$verifyTextPresent$3.call(Unknown Source)
	at PersonalIncomeTax_MRF_TC.run(PersonalIncomeTax_MRF_TC:79)
	at com.kms.katalon.core.main.ScriptEngine.run(ScriptEngine.java:194)
	at com.kms.katalon.core.main.ScriptEngine.runScriptAsRawText(ScriptEngine.java:119)
	at com.kms.katalon.core.main.TestCaseExecutor.runScript(TestCaseExecutor.java:369)
	at com.kms.katalon.core.main.TestCaseExecutor.doExecute(TestCaseExecutor.java:360)
	at com.kms.katalon.core.main.TestCaseExecutor.processExecutionPhase(TestCaseExecutor.java:339)
	at com.kms.katalon.core.main.TestCaseExecutor.accessMainPhase(TestCaseExecutor.java:331)
	at com.kms.katalon.core.main.TestCaseExecutor.execute(TestCaseExecutor.java:248)
	at com.kms.katalon.core.main.TestSuiteExecutor.accessTestCaseMainPhase(TestSuiteExecutor.java:191)
	at com.kms.katalon.core.main.TestSuiteExecutor.accessTestSuiteMainPhase(TestSuiteExecutor.java:140)
	at com.kms.katalon.core.main.TestSuiteExecutor.execute(TestSuiteExecutor.java:89)
	at com.kms.katalon.core.main.TestCaseMain.startTestSuite(TestCaseMain.java:185)
	at com.kms.katalon.core.main.TestCaseMain$startTestSuite$0.call(Unknown Source)
	at TempTestSuite1634615486512.run(TempTestSuite1634615486512.groovy:39)
)

2021-10-18 23:53:41 - [MESSAGE][FAILED] - Text 'Payment amount must be greater than zero and less than 10,000,000' is not present on page  using regular expression (Root cause: com.kms.katalon.core.exception.StepFailedException: Text 'Payment amount must be greater than zero and less than 10,000,000' is not present on page  using regular expression
	at com.kms.katalon.core.webui.keyword.internal.WebUIKeywordMain.stepFailed(WebUIKeywordMain.groovy:64)
	at com.kms.katalon.core.webui.keyword.builtin.VerifyTextPresentKeyword$_verifyTextPresent_closure1.doCall(VerifyTextPresentKeyword.groovy:79)
	at com.kms.katalon.core.webui.keyword.builtin.VerifyTextPresentKeyword$_verifyTextPresent_closure1.call(VerifyTextPresentKeyword.groovy)
	at com.kms.katalon.core.webui.keyword.internal.WebUIKeywordMain.runKeyword(WebUIKeywordMain.groovy:20)
	at com.kms.katalon.core.webui.keyword.builtin.VerifyTextPresentKeyword.verifyTextPresent(VerifyTextPresentKeyword.groovy:83)
	at com.kms.katalon.core.webui.keyword.builtin.VerifyTextPresentKeyword.execute(VerifyTextPresentKeyword.groovy:68)
	at com.kms.katalon.core.keyword.internal.KeywordExecutor.executeKeywordForPlatform(KeywordExecutor.groovy:73)
	at com.kms.katalon.core.webui.keyword.WebUiBuiltInKeywords.verifyTextPresent(WebUiBuiltInKeywords.groovy:1723)
	at com.kms.katalon.core.webui.keyword.WebUiBuiltInKeywords$verifyTextPresent$3.call(Unknown Source)
	at PersonalIncomeTax_MRF_TC.run(PersonalIncomeTax_MRF_TC:79)
	at com.kms.katalon.core.main.ScriptEngine.run(ScriptEngine.java:194)
	at com.kms.katalon.core.main.ScriptEngine.runScriptAsRawText(ScriptEngine.java:119)
	at com.kms.katalon.core.main.TestCaseExecutor.runScript(TestCaseExecutor.java:369)
	at com.kms.katalon.core.main.TestCaseExecutor.doExecute(TestCaseExecutor.java:360)
	at com.kms.katalon.core.main.TestCaseExecutor.processExecutionPhase(TestCaseExecutor.java:339)
	at com.kms.katalon.core.main.TestCaseExecutor.accessMainPhase(TestCaseExecutor.java:331)
	at com.kms.katalon.core.main.TestCaseExecutor.execute(TestCaseExecutor.java:248)
	at com.kms.katalon.core.main.TestSuiteExecutor.accessTestCaseMainPhase(TestSuiteExecutor.java:191)
	at com.kms.katalon.core.main.TestSuiteExecutor.accessTestSuiteMainPhase(TestSuiteExecutor.java:140)
	at com.kms.katalon.core.main.TestSuiteExecutor.execute(TestSuiteExecutor.java:89)
	at com.kms.katalon.core.main.TestCaseMain.startTestSuite(TestCaseMain.java:185)
	at com.kms.katalon.core.main.TestCaseMain$startTestSuite$0.call(Unknown Source)
	at TempTestSuite1634615486512.run(TempTestSuite1634615486512.groovy:39)
)

2021-10-18 23:53:41 - [TEST_STEP][PASSED] - scrollToElement(findTestObject(orPath_Amount + "/input__paymentAmount"), 3): Scroll to object 'Object Repository/RAD_Pages/PaymentAmount_Page/input__paymentAmount' successfully

2021-10-18 23:53:41 - [MESSAGE][PASSED] - Scroll to object 'Object Repository/RAD_Pages/PaymentAmount_Page/input__paymentAmount' successfully

2021-10-18 23:53:41 - [TEST_STEP][PASSED] - waitForElementClickable(findTestObject(orPath_FilingStatus + "/input_userType_Joint"), 5): Object 'Object Repository/RAD_Pages/FilingStatus_Page/input_userType_Joint' is clickable

2021-10-18 23:53:41 - [MESSAGE][PASSED] - Object 'Object Repository/RAD_Pages/FilingStatus_Page/input_userType_Joint' is clickable

2021-10-18 23:53:41 - [TEST_STEP][PASSED] - click(findTestObject(orPath_FilingStatus + "/input_userType_Joint")): Object: 'Object Repository/RAD_Pages/FilingStatus_Page/input_userType_Joint' is clicked on

2021-10-18 23:53:41 - [MESSAGE][PASSED] - Object: 'Object Repository/RAD_Pages/FilingStatus_Page/input_userType_Joint' is clicked on

2021-10-18 23:53:41 - [TEST_STEP][PASSED] - scrollToElement(findTestObject(orPath_Amount + "/input__paymentAmount"), 3): Scroll to object 'Object Repository/RAD_Pages/PaymentAmount_Page/input__paymentAmount' successfully

2021-10-18 23:53:42 - [MESSAGE][PASSED] - Scroll to object 'Object Repository/RAD_Pages/PaymentAmount_Page/input__paymentAmount' successfully

2021-10-18 23:53:42 - [TEST_STEP][PASSED] - click(findTestObject(orPath_Landing + "/button_Continue")): Object: 'Object Repository/RAD_Pages/Landing_Page/button_Continue' is clicked on

2021-10-18 23:53:42 - [MESSAGE][PASSED] - Object: 'Object Repository/RAD_Pages/Landing_Page/button_Continue' is clicked on

2021-10-18 23:53:42 - [TEST_STEP][PASSED] - verifyTextPresent("Enter joint payer first name", true): Text 'Enter joint payer first name' is present on page  using regular expression

2021-10-18 23:53:42 - [MESSAGE][PASSED] - Text 'Enter joint payer first name' is present on page  using regular expression

2021-10-18 23:53:42 - [TEST_STEP][PASSED] - verifyTextPresent("Enter joint payer last name", true): Text 'Enter joint payer last name' is present on page  using regular expression

2021-10-18 23:53:42 - [MESSAGE][PASSED] - Text 'Enter joint payer last name' is present on page  using regular expression

2021-10-18 23:53:42 - [TEST_STEP][PASSED] - verifyTextPresent("Enter joint payer social security number", true): Text 'Enter joint payer social security number' is present on page  using regular expression

2021-10-18 23:53:42 - [MESSAGE][PASSED] - Text 'Enter joint payer social security number' is present on page  using regular expression

2021-10-18 23:53:42 - [TEST_STEP][PASSED] - verifyTextPresent("The joint payer SSN and Re-enter SSN do not match", true): Text 'The joint payer SSN and Re-enter SSN do not match' is present on page  using regular expression

2021-10-18 23:53:43 - [MESSAGE][PASSED] - Text 'The joint payer SSN and Re-enter SSN do not match' is present on page  using regular expression]]></system-out>
         <system-err><![CDATA[2021-10-18 23:53:32 - [TEST_CASE][FAILED] - Test Cases/RAD_TestCases/MRF_TestCases/PersonalIncomeTax_MRF_TC: Test Cases/RAD_TestCases/MRF_TestCases/PersonalIncomeTax_MRF_TC FAILED.
Reason:
com.kms.katalon.core.exception.StepFailedException: Unable to click on object 'Object Repository/RAD_Pages/Landing_Page/button_Continue' (Root cause: com.kms.katalon.core.exception.StepFailedException: Unable to click on object 'Object Repository/RAD_Pages/Landing_Page/button_Continue'
	at com.kms.katalon.core.webui.keyword.internal.WebUIKeywordMain.stepFailed(WebUIKeywordMain.groovy:64)
	at com.kms.katalon.core.webui.keyword.internal.WebUIKeywordMain.runKeyword(WebUIKeywordMain.groovy:26)
	at com.kms.katalon.core.webui.keyword.builtin.ClickKeyword.click(ClickKeyword.groovy:75)
	at com.kms.katalon.core.webui.keyword.builtin.ClickKeyword.execute(ClickKeyword.groovy:42)
	at com.kms.katalon.core.keyword.internal.KeywordExecutor.executeKeywordForPlatform(KeywordExecutor.groovy:73)
	at com.kms.katalon.core.webui.keyword.WebUiBuiltInKeywords.click(WebUiBuiltInKeywords.groovy:620)
	at com.kms.katalon.core.webui.keyword.WebUiBuiltInKeywords$click$10.call(Unknown Source)
	at PersonalIncomeTax_MRF_TC.run(PersonalIncomeTax_MRF_TC:34)
	at com.kms.katalon.core.main.ScriptEngine.run(ScriptEngine.java:194)
	at com.kms.katalon.core.main.ScriptEngine.runScriptAsRawText(ScriptEngine.java:119)
	at com.kms.katalon.core.main.TestCaseExecutor.runScript(TestCaseExecutor.java:369)
	at com.kms.katalon.core.main.TestCaseExecutor.doExecute(TestCaseExecutor.java:360)
	at com.kms.katalon.core.main.TestCaseExecutor.processExecutionPhase(TestCaseExecutor.java:339)
	at com.kms.katalon.core.main.TestCaseExecutor.accessMainPhase(TestCaseExecutor.java:331)
	at com.kms.katalon.core.main.TestCaseExecutor.execute(TestCaseExecutor.java:248)
	at com.kms.katalon.core.main.TestSuiteExecutor.accessTestCaseMainPhase(TestSuiteExecutor.java:191)
	at com.kms.katalon.core.main.TestSuiteExecutor.accessTestSuiteMainPhase(TestSuiteExecutor.java:140)
	at com.kms.katalon.core.main.TestSuiteExecutor.execute(TestSuiteExecutor.java:89)
	at com.kms.katalon.core.main.TestCaseMain.startTestSuite(TestCaseMain.java:185)
	at com.kms.katalon.core.main.TestCaseMain$startTestSuite$0.call(Unknown Source)
	at TempTestSuite1634615486512.run(TempTestSuite1634615486512.groovy:39)
Caused by: org.openqa.selenium.ElementClickInterceptedException: element click intercepted: Element is not clickable at point (1046, 1372)
  (Session info: MicrosoftEdge=94.0.992.50)
Build info: version: '3.141.59', revision: 'e82be7d358', time: '2018-11-14T08:25:53'
System info: host: 'DESKTOP-B2QI6NS', ip: '172.30.2.167', os.name: 'Windows 10', os.arch: 'amd64', os.version: '10.0', java.version: '1.8.0_181'
Driver info: com.kms.katalon.selenium.driver.CEdgeDriver
Capabilities {acceptInsecureCerts: false, browserName: msedge, browserVersion: 94.0.992.50, javascriptEnabled: true, ms:edgeOptions: {debuggerAddress: localhost:49539}, msedge: {msedgedriverVersion: 94.0.992.47 (8d45ccc5def2a3..., userDataDir: C:\Users\iahmed\AppData\Loc...}, networkConnectionEnabled: false, pageLoadStrategy: normal, platform: WINDOWS, platformName: WINDOWS, proxy: Proxy(), setWindowRect: true, strictFileInteractability: false, timeouts: {implicit: 0, pageLoad: 300000, script: 30000}, unhandledPromptBehavior: dismiss and notify, webauthn:extension:credBlob: true, webauthn:extension:largeBlob: true, webauthn:virtualAuthenticators: true}
Session ID: 6059dc507ab896c9f371178fd197bd3a
	at org.openqa.selenium.remote.http.W3CHttpResponseCodec.createException(W3CHttpResponseCodec.java:187)
	at org.openqa.selenium.remote.http.W3CHttpResponseCodec.decode(W3CHttpResponseCodec.java:122)
	at org.openqa.selenium.remote.http.W3CHttpResponseCodec.decode(W3CHttpResponseCodec.java:49)
	at org.openqa.selenium.remote.HttpCommandExecutor.execute(HttpCommandExecutor.java:158)
	at org.openqa.selenium.remote.service.DriverCommandExecutor.execute(DriverCommandExecutor.java:83)
	at org.openqa.selenium.remote.RemoteWebDriver.execute(RemoteWebDriver.java:552)
	at com.kms.katalon.selenium.driver.CEdgeDriver.execute(CEdgeDriver.java:20)
	at org.openqa.selenium.remote.RemoteWebElement.execute(RemoteWebElement.java:285)
	at org.openqa.selenium.remote.RemoteWebElement.click(RemoteWebElement.java:84)
	at org.openqa.selenium.support.events.EventFiringWebDriver$EventFiringWebElement.lambda$new$0(EventFiringWebDriver.java:404)
	at com.sun.proxy.$Proxy11.click(Unknown Source)
	at org.openqa.selenium.support.events.EventFiringWebDriver$EventFiringWebElement.click(EventFiringWebDriver.java:417)
	at com.kms.katalon.core.webui.keyword.builtin.ClickKeyword$_click_closure1.doCall(ClickKeyword.groovy:68)
	at com.kms.katalon.core.webui.keyword.builtin.ClickKeyword$_click_closure1.call(ClickKeyword.groovy)
	at com.kms.katalon.core.webui.keyword.internal.WebUIKeywordMain.runKeyword(WebUIKeywordMain.groovy:20)
	at com.kms.katalon.core.webui.keyword.builtin.ClickKeyword.click(ClickKeyword.groovy:75)
	at com.kms.katalon.core.webui.keyword.builtin.ClickKeyword.execute(ClickKeyword.groovy:42)
	at com.kms.katalon.core.keyword.internal.KeywordExecutor.executeKeywordForPlatform(KeywordExecutor.groovy:73)
	at com.kms.katalon.core.webui.keyword.WebUiBuiltInKeywords.click(WebUiBuiltInKeywords.groovy:620)
	at com.kms.katalon.core.webui.keyword.WebUiBuiltInKeywords$click$10.call(Unknown Source)
	at Script1634610782044.run(Script1634610782044.groovy:34)
	... 13 more
)
	at com.kms.katalon.core.keyword.internal.KeywordMain.stepFailed(KeywordMain.groovy:39)
	at com.kms.katalon.core.webui.keyword.internal.WebUIKeywordMain.stepFailed(WebUIKeywordMain.groovy:64)
	at com.kms.katalon.core.webui.keyword.internal.WebUIKeywordMain.runKeyword(WebUIKeywordMain.groovy:26)
	at com.kms.katalon.core.webui.keyword.builtin.ClickKeyword.click(ClickKeyword.groovy:75)
	at com.kms.katalon.core.webui.keyword.builtin.ClickKeyword.execute(ClickKeyword.groovy:42)
	at com.kms.katalon.core.keyword.internal.KeywordExecutor.executeKeywordForPlatform(KeywordExecutor.groovy:73)
	at com.kms.katalon.core.webui.keyword.WebUiBuiltInKeywords.click(WebUiBuiltInKeywords.groovy:620)
	at com.kms.katalon.core.webui.keyword.WebUiBuiltInKeywords$click$10.call(Unknown Source)
	at PersonalIncomeTax_MRF_TC.run(PersonalIncomeTax_MRF_TC:34)
	at com.kms.katalon.core.main.ScriptEngine.run(ScriptEngine.java:194)
	at com.kms.katalon.core.main.ScriptEngine.runScriptAsRawText(ScriptEngine.java:119)
	at com.kms.katalon.core.main.TestCaseExecutor.runScript(TestCaseExecutor.java:369)
	at com.kms.katalon.core.main.TestCaseExecutor.doExecute(TestCaseExecutor.java:360)
	at com.kms.katalon.core.main.TestCaseExecutor.processExecutionPhase(TestCaseExecutor.java:339)
	at com.kms.katalon.core.main.TestCaseExecutor.accessMainPhase(TestCaseExecutor.java:331)
	at com.kms.katalon.core.main.TestCaseExecutor.execute(TestCaseExecutor.java:248)
	at com.kms.katalon.core.main.TestSuiteExecutor.accessTestCaseMainPhase(TestSuiteExecutor.java:191)
	at com.kms.katalon.core.main.TestSuiteExecutor.accessTestSuiteMainPhase(TestSuiteExecutor.java:140)
	at com.kms.katalon.core.main.TestSuiteExecutor.execute(TestSuiteExecutor.java:89)
	at com.kms.katalon.core.main.TestCaseMain.startTestSuite(TestCaseMain.java:185)
	at com.kms.katalon.core.main.TestCaseMain$startTestSuite$0.call(Unknown Source)
	at TempTestSuite1634615486512.run(TempTestSuite1634615486512.groovy:39)
Caused by: com.kms.katalon.core.exception.StepFailedException: Unable to click on object 'Object Repository/RAD_Pages/Landing_Page/button_Continue'
	... 21 more
Caused by: org.openqa.selenium.ElementClickInterceptedException: element click intercepted: Element is not clickable at point (1046, 1372)
  (Session info: MicrosoftEdge=94.0.992.50)
Build info: version: '3.141.59', revision: 'e82be7d358', time: '2018-11-14T08:25:53'
System info: host: 'DESKTOP-B2QI6NS', ip: '172.30.2.167', os.name: 'Windows 10', os.arch: 'amd64', os.version: '10.0', java.version: '1.8.0_181'
Driver info: com.kms.katalon.selenium.driver.CEdgeDriver
Capabilities {acceptInsecureCerts: false, browserName: msedge, browserVersion: 94.0.992.50, javascriptEnabled: true, ms:edgeOptions: {debuggerAddress: localhost:49539}, msedge: {msedgedriverVersion: 94.0.992.47 (8d45ccc5def2a3..., userDataDir: C:\Users\iahmed\AppData\Loc...}, networkConnectionEnabled: false, pageLoadStrategy: normal, platform: WINDOWS, platformName: WINDOWS, proxy: Proxy(), setWindowRect: true, strictFileInteractability: false, timeouts: {implicit: 0, pageLoad: 300000, script: 30000}, unhandledPromptBehavior: dismiss and notify, webauthn:extension:credBlob: true, webauthn:extension:largeBlob: true, webauthn:virtualAuthenticators: true}
Session ID: 6059dc507ab896c9f371178fd197bd3a
	at org.openqa.selenium.remote.http.W3CHttpResponseCodec.createException(W3CHttpResponseCodec.java:187)
	at org.openqa.selenium.remote.http.W3CHttpResponseCodec.decode(W3CHttpResponseCodec.java:122)
	at org.openqa.selenium.remote.http.W3CHttpResponseCodec.decode(W3CHttpResponseCodec.java:49)
	at org.openqa.selenium.remote.HttpCommandExecutor.execute(HttpCommandExecutor.java:158)
	at org.openqa.selenium.remote.service.DriverCommandExecutor.execute(DriverCommandExecutor.java:83)
	at org.openqa.selenium.remote.RemoteWebDriver.execute(RemoteWebDriver.java:552)
	at com.kms.katalon.selenium.driver.CEdgeDriver.execute(CEdgeDriver.java:20)
	at org.openqa.selenium.remote.RemoteWebElement.execute(RemoteWebElement.java:285)
	at org.openqa.selenium.remote.RemoteWebElement.click(RemoteWebElement.java:84)
	at org.openqa.selenium.support.events.EventFiringWebDriver$EventFiringWebElement.lambda$new$0(EventFiringWebDriver.java:404)
	at com.sun.proxy.$Proxy11.click(Unknown Source)
	at org.openqa.selenium.support.events.EventFiringWebDriver$EventFiringWebElement.click(EventFiringWebDriver.java:417)
	at com.kms.katalon.core.webui.keyword.builtin.ClickKeyword$_click_closure1.doCall(ClickKeyword.groovy:68)
	at com.kms.katalon.core.webui.keyword.builtin.ClickKeyword$_click_closure1.call(ClickKeyword.groovy)
	at com.kms.katalon.core.webui.keyword.internal.WebUIKeywordMain.runKeyword(WebUIKeywordMain.groovy:20)
	... 19 more]]></system-err>
      </testcase>
      <testcase name="Test Cases/RAD_TestCases/MRF_TestCases/ExtensionPayments_MRF_TC" time="11.221" classname="Test Cases/RAD_TestCases/MRF_TestCases/ExtensionPayments_MRF_TC" status="FAILED">
         <failure type="FAILED" message="Test Cases/RAD_TestCases/MRF_TestCases/ExtensionPayments_MRF_TC FAILED.
Reason:
com.kms.katalon.core.exception.StepFailedException: Unable to click on object 'Object Repository/RAD_Pages/Landing_Page/button_Continue' (Root cause: com.kms.katalon.core.exception.StepFailedException: Unable to click on object 'Object Repository/RAD_Pages/Landing_Page/button_Continue'
	at com.kms.katalon.core.webui.keyword.internal.WebUIKeywordMain.stepFailed(WebUIKeywordMain.groovy:64)
	at com.kms.katalon.core.webui.keyword.internal.WebUIKeywordMain.runKeyword(WebUIKeywordMain.groovy:26)
	at com.kms.katalon.core.webui.keyword.builtin.ClickKeyword.click(ClickKeyword.groovy:75)
	at com.kms.katalon.core.webui.keyword.builtin.ClickKeyword.execute(ClickKeyword.groovy:42)
	at com.kms.katalon.core.keyword.internal.KeywordExecutor.executeKeywordForPlatform(KeywordExecutor.groovy:73)
	at com.kms.katalon.core.webui.keyword.WebUiBuiltInKeywords.click(WebUiBuiltInKeywords.groovy:620)
	at com.kms.katalon.core.webui.keyword.WebUiBuiltInKeywords$click$10.call(Unknown Source)
	at ExtensionPayments_MRF_TC.run(ExtensionPayments_MRF_TC:34)
	at com.kms.katalon.core.main.ScriptEngine.run(ScriptEngine.java:194)
	at com.kms.katalon.core.main.ScriptEngine.runScriptAsRawText(ScriptEngine.java:119)
	at com.kms.katalon.core.main.TestCaseExecutor.runScript(TestCaseExecutor.java:369)
	at com.kms.katalon.core.main.TestCaseExecutor.doExecute(TestCaseExecutor.java:360)
	at com.kms.katalon.core.main.TestCaseExecutor.processExecutionPhase(TestCaseExecutor.java:339)
	at com.kms.katalon.core.main.TestCaseExecutor.accessMainPhase(TestCaseExecutor.java:331)
	at com.kms.katalon.core.main.TestCaseExecutor.execute(TestCaseExecutor.java:248)
	at com.kms.katalon.core.main.TestSuiteExecutor.accessTestCaseMainPhase(TestSuiteExecutor.java:191)
	at com.kms.katalon.core.main.TestSuiteExecutor.accessTestSuiteMainPhase(TestSuiteExecutor.java:140)
	at com.kms.katalon.core.main.TestSuiteExecutor.execute(TestSuiteExecutor.java:89)
	at com.kms.katalon.core.main.TestCaseMain.startTestSuite(TestCaseMain.java:185)
	at com.kms.katalon.core.main.TestCaseMain$startTestSuite$0.call(Unknown Source)
	at TempTestSuite1634615486512.run(TempTestSuite1634615486512.groovy:39)
Caused by: org.openqa.selenium.ElementClickInterceptedException: element click intercepted: Element is not clickable at point (1046, 1372)
  (Session info: MicrosoftEdge=94.0.992.50)
Build info: version: '3.141.59', revision: 'e82be7d358', time: '2018-11-14T08:25:53'
System info: host: 'DESKTOP-B2QI6NS', ip: '172.30.2.167', os.name: 'Windows 10', os.arch: 'amd64', os.version: '10.0', java.version: '1.8.0_181'
Driver info: com.kms.katalon.selenium.driver.CEdgeDriver
Capabilities {acceptInsecureCerts: false, browserName: msedge, browserVersion: 94.0.992.50, javascriptEnabled: true, ms:edgeOptions: {debuggerAddress: localhost:61232}, msedge: {msedgedriverVersion: 94.0.992.47 (8d45ccc5def2a3..., userDataDir: C:\Users\iahmed\AppData\Loc...}, networkConnectionEnabled: false, pageLoadStrategy: normal, platform: WINDOWS, platformName: WINDOWS, proxy: Proxy(), setWindowRect: true, strictFileInteractability: false, timeouts: {implicit: 0, pageLoad: 300000, script: 30000}, unhandledPromptBehavior: dismiss and notify, webauthn:extension:credBlob: true, webauthn:extension:largeBlob: true, webauthn:virtualAuthenticators: true}
Session ID: 27eaa5fbebe759a59336f2a6c1a40a29
	at org.openqa.selenium.remote.http.W3CHttpResponseCodec.createException(W3CHttpResponseCodec.java:187)
	at org.openqa.selenium.remote.http.W3CHttpResponseCodec.decode(W3CHttpResponseCodec.java:122)
	at org.openqa.selenium.remote.http.W3CHttpResponseCodec.decode(W3CHttpResponseCodec.java:49)
	at org.openqa.selenium.remote.HttpCommandExecutor.execute(HttpCommandExecutor.java:158)
	at org.openqa.selenium.remote.service.DriverCommandExecutor.execute(DriverCommandExecutor.java:83)
	at org.openqa.selenium.remote.RemoteWebDriver.execute(RemoteWebDriver.java:552)
	at com.kms.katalon.selenium.driver.CEdgeDriver.execute(CEdgeDriver.java:20)
	at org.openqa.selenium.remote.RemoteWebElement.execute(RemoteWebElement.java:285)
	at org.openqa.selenium.remote.RemoteWebElement.click(RemoteWebElement.java:84)
	at org.openqa.selenium.support.events.EventFiringWebDriver$EventFiringWebElement.lambda$new$0(EventFiringWebDriver.java:404)
	at com.sun.proxy.$Proxy11.click(Unknown Source)
	at org.openqa.selenium.support.events.EventFiringWebDriver$EventFiringWebElement.click(EventFiringWebDriver.java:417)
	at com.kms.katalon.core.webui.keyword.builtin.ClickKeyword$_click_closure1.doCall(ClickKeyword.groovy:68)
	at com.kms.katalon.core.webui.keyword.builtin.ClickKeyword$_click_closure1.call(ClickKeyword.groovy)
	at com.kms.katalon.core.webui.keyword.internal.WebUIKeywordMain.runKeyword(WebUIKeywordMain.groovy:20)
	at com.kms.katalon.core.webui.keyword.builtin.ClickKeyword.click(ClickKeyword.groovy:75)
	at com.kms.katalon.core.webui.keyword.builtin.ClickKeyword.execute(ClickKeyword.groovy:42)
	at com.kms.katalon.core.keyword.internal.KeywordExecutor.executeKeywordForPlatform(KeywordExecutor.groovy:73)
	at com.kms.katalon.core.webui.keyword.WebUiBuiltInKeywords.click(WebUiBuiltInKeywords.groovy:620)
	at com.kms.katalon.core.webui.keyword.WebUiBuiltInKeywords$click$10.call(Unknown Source)
	at Script1634611424888.run(Script1634611424888.groovy:34)
	... 13 more
)
	at com.kms.katalon.core.keyword.internal.KeywordMain.stepFailed(KeywordMain.groovy:39)
	at com.kms.katalon.core.webui.keyword.internal.WebUIKeywordMain.stepFailed(WebUIKeywordMain.groovy:64)
	at com.kms.katalon.core.webui.keyword.internal.WebUIKeywordMain.runKeyword(WebUIKeywordMain.groovy:26)
	at com.kms.katalon.core.webui.keyword.builtin.ClickKeyword.click(ClickKeyword.groovy:75)
	at com.kms.katalon.core.webui.keyword.builtin.ClickKeyword.execute(ClickKeyword.groovy:42)
	at com.kms.katalon.core.keyword.internal.KeywordExecutor.executeKeywordForPlatform(KeywordExecutor.groovy:73)
	at com.kms.katalon.core.webui.keyword.WebUiBuiltInKeywords.click(WebUiBuiltInKeywords.groovy:620)
	at com.kms.katalon.core.webui.keyword.WebUiBuiltInKeywords$click$10.call(Unknown Source)
	at ExtensionPayments_MRF_TC.run(ExtensionPayments_MRF_TC:34)
	at com.kms.katalon.core.main.ScriptEngine.run(ScriptEngine.java:194)
	at com.kms.katalon.core.main.ScriptEngine.runScriptAsRawText(ScriptEngine.java:119)
	at com.kms.katalon.core.main.TestCaseExecutor.runScript(TestCaseExecutor.java:369)
	at com.kms.katalon.core.main.TestCaseExecutor.doExecute(TestCaseExecutor.java:360)
	at com.kms.katalon.core.main.TestCaseExecutor.processExecutionPhase(TestCaseExecutor.java:339)
	at com.kms.katalon.core.main.TestCaseExecutor.accessMainPhase(TestCaseExecutor.java:331)
	at com.kms.katalon.core.main.TestCaseExecutor.execute(TestCaseExecutor.java:248)
	at com.kms.katalon.core.main.TestSuiteExecutor.accessTestCaseMainPhase(TestSuiteExecutor.java:191)
	at com.kms.katalon.core.main.TestSuiteExecutor.accessTestSuiteMainPhase(TestSuiteExecutor.java:140)
	at com.kms.katalon.core.main.TestSuiteExecutor.execute(TestSuiteExecutor.java:89)
	at com.kms.katalon.core.main.TestCaseMain.startTestSuite(TestCaseMain.java:185)
	at com.kms.katalon.core.main.TestCaseMain$startTestSuite$0.call(Unknown Source)
	at TempTestSuite1634615486512.run(TempTestSuite1634615486512.groovy:39)
Caused by: com.kms.katalon.core.exception.StepFailedException: Unable to click on object 'Object Repository/RAD_Pages/Landing_Page/button_Continue'
	... 21 more
Caused by: org.openqa.selenium.ElementClickInterceptedException: element click intercepted: Element is not clickable at point (1046, 1372)
  (Session info: MicrosoftEdge=94.0.992.50)
Build info: version: '3.141.59', revision: 'e82be7d358', time: '2018-11-14T08:25:53'
System info: host: 'DESKTOP-B2QI6NS', ip: '172.30.2.167', os.name: 'Windows 10', os.arch: 'amd64', os.version: '10.0', java.version: '1.8.0_181'
Driver info: com.kms.katalon.selenium.driver.CEdgeDriver
Capabilities {acceptInsecureCerts: false, browserName: msedge, browserVersion: 94.0.992.50, javascriptEnabled: true, ms:edgeOptions: {debuggerAddress: localhost:61232}, msedge: {msedgedriverVersion: 94.0.992.47 (8d45ccc5def2a3..., userDataDir: C:\Users\iahmed\AppData\Loc...}, networkConnectionEnabled: false, pageLoadStrategy: normal, platform: WINDOWS, platformName: WINDOWS, proxy: Proxy(), setWindowRect: true, strictFileInteractability: false, timeouts: {implicit: 0, pageLoad: 300000, script: 30000}, unhandledPromptBehavior: dismiss and notify, webauthn:extension:credBlob: true, webauthn:extension:largeBlob: true, webauthn:virtualAuthenticators: true}
Session ID: 27eaa5fbebe759a59336f2a6c1a40a29
	at org.openqa.selenium.remote.http.W3CHttpResponseCodec.createException(W3CHttpResponseCodec.java:187)
	at org.openqa.selenium.remote.http.W3CHttpResponseCodec.decode(W3CHttpResponseCodec.java:122)
	at org.openqa.selenium.remote.http.W3CHttpResponseCodec.decode(W3CHttpResponseCodec.java:49)
	at org.openqa.selenium.remote.HttpCommandExecutor.execute(HttpCommandExecutor.java:158)
	at org.openqa.selenium.remote.service.DriverCommandExecutor.execute(DriverCommandExecutor.java:83)
	at org.openqa.selenium.remote.RemoteWebDriver.execute(RemoteWebDriver.java:552)
	at com.kms.katalon.selenium.driver.CEdgeDriver.execute(CEdgeDriver.java:20)
	at org.openqa.selenium.remote.RemoteWebElement.execute(RemoteWebElement.java:285)
	at org.openqa.selenium.remote.RemoteWebElement.click(RemoteWebElement.java:84)
	at org.openqa.selenium.support.events.EventFiringWebDriver$EventFiringWebElement.lambda$new$0(EventFiringWebDriver.java:404)
	at com.sun.proxy.$Proxy11.click(Unknown Source)
	at org.openqa.selenium.support.events.EventFiringWebDriver$EventFiringWebElement.click(EventFiringWebDriver.java:417)
	at com.kms.katalon.core.webui.keyword.builtin.ClickKeyword$_click_closure1.doCall(ClickKeyword.groovy:68)
	at com.kms.katalon.core.webui.keyword.builtin.ClickKeyword$_click_closure1.call(ClickKeyword.groovy)
	at com.kms.katalon.core.webui.keyword.internal.WebUIKeywordMain.runKeyword(WebUIKeywordMain.groovy:20)
	... 19 more
"/>
         <system-out><![CDATA[2021-10-18 23:53:43 - [TEST_CASE][FAILED] - Test Cases/RAD_TestCases/MRF_TestCases/ExtensionPayments_MRF_TC: Test Cases/RAD_TestCases/MRF_TestCases/ExtensionPayments_MRF_TC FAILED.
Reason:
com.kms.katalon.core.exception.StepFailedException: Unable to click on object 'Object Repository/RAD_Pages/Landing_Page/button_Continue' (Root cause: com.kms.katalon.core.exception.StepFailedException: Unable to click on object 'Object Repository/RAD_Pages/Landing_Page/button_Continue'
	at com.kms.katalon.core.webui.keyword.internal.WebUIKeywordMain.stepFailed(WebUIKeywordMain.groovy:64)
	at com.kms.katalon.core.webui.keyword.internal.WebUIKeywordMain.runKeyword(WebUIKeywordMain.groovy:26)
	at com.kms.katalon.core.webui.keyword.builtin.ClickKeyword.click(ClickKeyword.groovy:75)
	at com.kms.katalon.core.webui.keyword.builtin.ClickKeyword.execute(ClickKeyword.groovy:42)
	at com.kms.katalon.core.keyword.internal.KeywordExecutor.executeKeywordForPlatform(KeywordExecutor.groovy:73)
	at com.kms.katalon.core.webui.keyword.WebUiBuiltInKeywords.click(WebUiBuiltInKeywords.groovy:620)
	at com.kms.katalon.core.webui.keyword.WebUiBuiltInKeywords$click$10.call(Unknown Source)
	at ExtensionPayments_MRF_TC.run(ExtensionPayments_MRF_TC:34)
	at com.kms.katalon.core.main.ScriptEngine.run(ScriptEngine.java:194)
	at com.kms.katalon.core.main.ScriptEngine.runScriptAsRawText(ScriptEngine.java:119)
	at com.kms.katalon.core.main.TestCaseExecutor.runScript(TestCaseExecutor.java:369)
	at com.kms.katalon.core.main.TestCaseExecutor.doExecute(TestCaseExecutor.java:360)
	at com.kms.katalon.core.main.TestCaseExecutor.processExecutionPhase(TestCaseExecutor.java:339)
	at com.kms.katalon.core.main.TestCaseExecutor.accessMainPhase(TestCaseExecutor.java:331)
	at com.kms.katalon.core.main.TestCaseExecutor.execute(TestCaseExecutor.java:248)
	at com.kms.katalon.core.main.TestSuiteExecutor.accessTestCaseMainPhase(TestSuiteExecutor.java:191)
	at com.kms.katalon.core.main.TestSuiteExecutor.accessTestSuiteMainPhase(TestSuiteExecutor.java:140)
	at com.kms.katalon.core.main.TestSuiteExecutor.execute(TestSuiteExecutor.java:89)
	at com.kms.katalon.core.main.TestCaseMain.startTestSuite(TestCaseMain.java:185)
	at com.kms.katalon.core.main.TestCaseMain$startTestSuite$0.call(Unknown Source)
	at TempTestSuite1634615486512.run(TempTestSuite1634615486512.groovy:39)
Caused by: org.openqa.selenium.ElementClickInterceptedException: element click intercepted: Element is not clickable at point (1046, 1372)
  (Session info: MicrosoftEdge=94.0.992.50)
Build info: version: '3.141.59', revision: 'e82be7d358', time: '2018-11-14T08:25:53'
System info: host: 'DESKTOP-B2QI6NS', ip: '172.30.2.167', os.name: 'Windows 10', os.arch: 'amd64', os.version: '10.0', java.version: '1.8.0_181'
Driver info: com.kms.katalon.selenium.driver.CEdgeDriver
Capabilities {acceptInsecureCerts: false, browserName: msedge, browserVersion: 94.0.992.50, javascriptEnabled: true, ms:edgeOptions: {debuggerAddress: localhost:61232}, msedge: {msedgedriverVersion: 94.0.992.47 (8d45ccc5def2a3..., userDataDir: C:\Users\iahmed\AppData\Loc...}, networkConnectionEnabled: false, pageLoadStrategy: normal, platform: WINDOWS, platformName: WINDOWS, proxy: Proxy(), setWindowRect: true, strictFileInteractability: false, timeouts: {implicit: 0, pageLoad: 300000, script: 30000}, unhandledPromptBehavior: dismiss and notify, webauthn:extension:credBlob: true, webauthn:extension:largeBlob: true, webauthn:virtualAuthenticators: true}
Session ID: 27eaa5fbebe759a59336f2a6c1a40a29
	at org.openqa.selenium.remote.http.W3CHttpResponseCodec.createException(W3CHttpResponseCodec.java:187)
	at org.openqa.selenium.remote.http.W3CHttpResponseCodec.decode(W3CHttpResponseCodec.java:122)
	at org.openqa.selenium.remote.http.W3CHttpResponseCodec.decode(W3CHttpResponseCodec.java:49)
	at org.openqa.selenium.remote.HttpCommandExecutor.execute(HttpCommandExecutor.java:158)
	at org.openqa.selenium.remote.service.DriverCommandExecutor.execute(DriverCommandExecutor.java:83)
	at org.openqa.selenium.remote.RemoteWebDriver.execute(RemoteWebDriver.java:552)
	at com.kms.katalon.selenium.driver.CEdgeDriver.execute(CEdgeDriver.java:20)
	at org.openqa.selenium.remote.RemoteWebElement.execute(RemoteWebElement.java:285)
	at org.openqa.selenium.remote.RemoteWebElement.click(RemoteWebElement.java:84)
	at org.openqa.selenium.support.events.EventFiringWebDriver$EventFiringWebElement.lambda$new$0(EventFiringWebDriver.java:404)
	at com.sun.proxy.$Proxy11.click(Unknown Source)
	at org.openqa.selenium.support.events.EventFiringWebDriver$EventFiringWebElement.click(EventFiringWebDriver.java:417)
	at com.kms.katalon.core.webui.keyword.builtin.ClickKeyword$_click_closure1.doCall(ClickKeyword.groovy:68)
	at com.kms.katalon.core.webui.keyword.builtin.ClickKeyword$_click_closure1.call(ClickKeyword.groovy)
	at com.kms.katalon.core.webui.keyword.internal.WebUIKeywordMain.runKeyword(WebUIKeywordMain.groovy:20)
	at com.kms.katalon.core.webui.keyword.builtin.ClickKeyword.click(ClickKeyword.groovy:75)
	at com.kms.katalon.core.webui.keyword.builtin.ClickKeyword.execute(ClickKeyword.groovy:42)
	at com.kms.katalon.core.keyword.internal.KeywordExecutor.executeKeywordForPlatform(KeywordExecutor.groovy:73)
	at com.kms.katalon.core.webui.keyword.WebUiBuiltInKeywords.click(WebUiBuiltInKeywords.groovy:620)
	at com.kms.katalon.core.webui.keyword.WebUiBuiltInKeywords$click$10.call(Unknown Source)
	at Script1634611424888.run(Script1634611424888.groovy:34)
	... 13 more
)
	at com.kms.katalon.core.keyword.internal.KeywordMain.stepFailed(KeywordMain.groovy:39)
	at com.kms.katalon.core.webui.keyword.internal.WebUIKeywordMain.stepFailed(WebUIKeywordMain.groovy:64)
	at com.kms.katalon.core.webui.keyword.internal.WebUIKeywordMain.runKeyword(WebUIKeywordMain.groovy:26)
	at com.kms.katalon.core.webui.keyword.builtin.ClickKeyword.click(ClickKeyword.groovy:75)
	at com.kms.katalon.core.webui.keyword.builtin.ClickKeyword.execute(ClickKeyword.groovy:42)
	at com.kms.katalon.core.keyword.internal.KeywordExecutor.executeKeywordForPlatform(KeywordExecutor.groovy:73)
	at com.kms.katalon.core.webui.keyword.WebUiBuiltInKeywords.click(WebUiBuiltInKeywords.groovy:620)
	at com.kms.katalon.core.webui.keyword.WebUiBuiltInKeywords$click$10.call(Unknown Source)
	at ExtensionPayments_MRF_TC.run(ExtensionPayments_MRF_TC:34)
	at com.kms.katalon.core.main.ScriptEngine.run(ScriptEngine.java:194)
	at com.kms.katalon.core.main.ScriptEngine.runScriptAsRawText(ScriptEngine.java:119)
	at com.kms.katalon.core.main.TestCaseExecutor.runScript(TestCaseExecutor.java:369)
	at com.kms.katalon.core.main.TestCaseExecutor.doExecute(TestCaseExecutor.java:360)
	at com.kms.katalon.core.main.TestCaseExecutor.processExecutionPhase(TestCaseExecutor.java:339)
	at com.kms.katalon.core.main.TestCaseExecutor.accessMainPhase(TestCaseExecutor.java:331)
	at com.kms.katalon.core.main.TestCaseExecutor.execute(TestCaseExecutor.java:248)
	at com.kms.katalon.core.main.TestSuiteExecutor.accessTestCaseMainPhase(TestSuiteExecutor.java:191)
	at com.kms.katalon.core.main.TestSuiteExecutor.accessTestSuiteMainPhase(TestSuiteExecutor.java:140)
	at com.kms.katalon.core.main.TestSuiteExecutor.execute(TestSuiteExecutor.java:89)
	at com.kms.katalon.core.main.TestCaseMain.startTestSuite(TestCaseMain.java:185)
	at com.kms.katalon.core.main.TestCaseMain$startTestSuite$0.call(Unknown Source)
	at TempTestSuite1634615486512.run(TempTestSuite1634615486512.groovy:39)
Caused by: com.kms.katalon.core.exception.StepFailedException: Unable to click on object 'Object Repository/RAD_Pages/Landing_Page/button_Continue'
	... 21 more
Caused by: org.openqa.selenium.ElementClickInterceptedException: element click intercepted: Element is not clickable at point (1046, 1372)
  (Session info: MicrosoftEdge=94.0.992.50)
Build info: version: '3.141.59', revision: 'e82be7d358', time: '2018-11-14T08:25:53'
System info: host: 'DESKTOP-B2QI6NS', ip: '172.30.2.167', os.name: 'Windows 10', os.arch: 'amd64', os.version: '10.0', java.version: '1.8.0_181'
Driver info: com.kms.katalon.selenium.driver.CEdgeDriver
Capabilities {acceptInsecureCerts: false, browserName: msedge, browserVersion: 94.0.992.50, javascriptEnabled: true, ms:edgeOptions: {debuggerAddress: localhost:61232}, msedge: {msedgedriverVersion: 94.0.992.47 (8d45ccc5def2a3..., userDataDir: C:\Users\iahmed\AppData\Loc...}, networkConnectionEnabled: false, pageLoadStrategy: normal, platform: WINDOWS, platformName: WINDOWS, proxy: Proxy(), setWindowRect: true, strictFileInteractability: false, timeouts: {implicit: 0, pageLoad: 300000, script: 30000}, unhandledPromptBehavior: dismiss and notify, webauthn:extension:credBlob: true, webauthn:extension:largeBlob: true, webauthn:virtualAuthenticators: true}
Session ID: 27eaa5fbebe759a59336f2a6c1a40a29
	at org.openqa.selenium.remote.http.W3CHttpResponseCodec.createException(W3CHttpResponseCodec.java:187)
	at org.openqa.selenium.remote.http.W3CHttpResponseCodec.decode(W3CHttpResponseCodec.java:122)
	at org.openqa.selenium.remote.http.W3CHttpResponseCodec.decode(W3CHttpResponseCodec.java:49)
	at org.openqa.selenium.remote.HttpCommandExecutor.execute(HttpCommandExecutor.java:158)
	at org.openqa.selenium.remote.service.DriverCommandExecutor.execute(DriverCommandExecutor.java:83)
	at org.openqa.selenium.remote.RemoteWebDriver.execute(RemoteWebDriver.java:552)
	at com.kms.katalon.selenium.driver.CEdgeDriver.execute(CEdgeDriver.java:20)
	at org.openqa.selenium.remote.RemoteWebElement.execute(RemoteWebElement.java:285)
	at org.openqa.selenium.remote.RemoteWebElement.click(RemoteWebElement.java:84)
	at org.openqa.selenium.support.events.EventFiringWebDriver$EventFiringWebElement.lambda$new$0(EventFiringWebDriver.java:404)
	at com.sun.proxy.$Proxy11.click(Unknown Source)
	at org.openqa.selenium.support.events.EventFiringWebDriver$EventFiringWebElement.click(EventFiringWebDriver.java:417)
	at com.kms.katalon.core.webui.keyword.builtin.ClickKeyword$_click_closure1.doCall(ClickKeyword.groovy:68)
	at com.kms.katalon.core.webui.keyword.builtin.ClickKeyword$_click_closure1.call(ClickKeyword.groovy)
	at com.kms.katalon.core.webui.keyword.internal.WebUIKeywordMain.runKeyword(WebUIKeywordMain.groovy:20)
	... 19 more


2021-10-18 23:53:43 - [TEST_STEP][PASSED] - openBrowser(""): Browser is opened with url: ''

2021-10-18 23:53:43 - [MESSAGE][WARNING] - A browser is already opened. Closing browser and opening a new one

2021-10-18 23:53:44 - [MESSAGE][INFO] - Starting 'Edge Chromium' driver

2021-10-18 23:53:45 - [MESSAGE][INFO] - Action delay is set to 0 milliseconds

2021-10-18 23:53:46 - [MESSAGE][PASSED] - Browser is opened with url: ''

2021-10-18 23:53:46 - [TEST_STEP][PASSED] - maximizeWindow(): Current window maximized

2021-10-18 23:53:46 - [MESSAGE][PASSED] - Current window maximized

2021-10-18 23:53:46 - [TEST_STEP][PASSED] - navigateToUrl(RADurl): Navigate to 'https://qa.velocitypayment.com/client/rad/index.html' successfully

2021-10-18 23:53:48 - [MESSAGE][PASSED] - Navigate to 'https://qa.velocitypayment.com/client/rad/index.html' successfully

2021-10-18 23:53:48 - [TEST_STEP][PASSED] - orPath_Landing = "Object Repository/RAD_Pages/Landing_Page": null

2021-10-18 23:53:48 - [TEST_STEP][PASSED] - orPath_Amount = "Object Repository/RAD_Pages/PaymentAmount_Page": null

2021-10-18 23:53:48 - [TEST_STEP][PASSED] - orPath_FilingStatus = "Object Repository/RAD_Pages/FilingStatus_Page": null

2021-10-18 23:53:48 - [TEST_STEP][PASSED] - selectOptionByLabel(findTestObject(orPath_Landing + "/dd_TaxType"), "Extension Payments", false): All options with label 'Extension Payments' are selected in object 'Object Repository/RAD_Pages/Landing_Page/dd_TaxType' 

2021-10-18 23:53:48 - [MESSAGE][PASSED] - All options with label 'Extension Payments' are selected in object 'Object Repository/RAD_Pages/Landing_Page/dd_TaxType' 

2021-10-18 23:53:48 - [TEST_STEP][PASSED] - scrollToElement(findTestObject(orPath_Landing + "/button_Continue"), 3): Scroll to object 'Object Repository/RAD_Pages/Landing_Page/button_Continue' successfully

2021-10-18 23:53:48 - [MESSAGE][PASSED] - Scroll to object 'Object Repository/RAD_Pages/Landing_Page/button_Continue' successfully

2021-10-18 23:53:48 - [TEST_STEP][FAILED] - click(findTestObject(orPath_Landing + "/button_Continue")): Unable to click on object 'Object Repository/RAD_Pages/Landing_Page/button_Continue' (Root cause: com.kms.katalon.core.exception.StepFailedException: Unable to click on object 'Object Repository/RAD_Pages/Landing_Page/button_Continue'
	at com.kms.katalon.core.webui.keyword.internal.WebUIKeywordMain.stepFailed(WebUIKeywordMain.groovy:64)
	at com.kms.katalon.core.webui.keyword.internal.WebUIKeywordMain.runKeyword(WebUIKeywordMain.groovy:26)
	at com.kms.katalon.core.webui.keyword.builtin.ClickKeyword.click(ClickKeyword.groovy:75)
	at com.kms.katalon.core.webui.keyword.builtin.ClickKeyword.execute(ClickKeyword.groovy:42)
	at com.kms.katalon.core.keyword.internal.KeywordExecutor.executeKeywordForPlatform(KeywordExecutor.groovy:73)
	at com.kms.katalon.core.webui.keyword.WebUiBuiltInKeywords.click(WebUiBuiltInKeywords.groovy:620)
	at com.kms.katalon.core.webui.keyword.WebUiBuiltInKeywords$click$10.call(Unknown Source)
	at ExtensionPayments_MRF_TC.run(ExtensionPayments_MRF_TC:34)
	at com.kms.katalon.core.main.ScriptEngine.run(ScriptEngine.java:194)
	at com.kms.katalon.core.main.ScriptEngine.runScriptAsRawText(ScriptEngine.java:119)
	at com.kms.katalon.core.main.TestCaseExecutor.runScript(TestCaseExecutor.java:369)
	at com.kms.katalon.core.main.TestCaseExecutor.doExecute(TestCaseExecutor.java:360)
	at com.kms.katalon.core.main.TestCaseExecutor.processExecutionPhase(TestCaseExecutor.java:339)
	at com.kms.katalon.core.main.TestCaseExecutor.accessMainPhase(TestCaseExecutor.java:331)
	at com.kms.katalon.core.main.TestCaseExecutor.execute(TestCaseExecutor.java:248)
	at com.kms.katalon.core.main.TestSuiteExecutor.accessTestCaseMainPhase(TestSuiteExecutor.java:191)
	at com.kms.katalon.core.main.TestSuiteExecutor.accessTestSuiteMainPhase(TestSuiteExecutor.java:140)
	at com.kms.katalon.core.main.TestSuiteExecutor.execute(TestSuiteExecutor.java:89)
	at com.kms.katalon.core.main.TestCaseMain.startTestSuite(TestCaseMain.java:185)
	at com.kms.katalon.core.main.TestCaseMain$startTestSuite$0.call(Unknown Source)
	at TempTestSuite1634615486512.run(TempTestSuite1634615486512.groovy:39)
Caused by: org.openqa.selenium.ElementClickInterceptedException: element click intercepted: Element is not clickable at point (1046, 1372)
  (Session info: MicrosoftEdge=94.0.992.50)
Build info: version: '3.141.59', revision: 'e82be7d358', time: '2018-11-14T08:25:53'
System info: host: 'DESKTOP-B2QI6NS', ip: '172.30.2.167', os.name: 'Windows 10', os.arch: 'amd64', os.version: '10.0', java.version: '1.8.0_181'
Driver info: com.kms.katalon.selenium.driver.CEdgeDriver
Capabilities {acceptInsecureCerts: false, browserName: msedge, browserVersion: 94.0.992.50, javascriptEnabled: true, ms:edgeOptions: {debuggerAddress: localhost:61232}, msedge: {msedgedriverVersion: 94.0.992.47 (8d45ccc5def2a3..., userDataDir: C:\Users\iahmed\AppData\Loc...}, networkConnectionEnabled: false, pageLoadStrategy: normal, platform: WINDOWS, platformName: WINDOWS, proxy: Proxy(), setWindowRect: true, strictFileInteractability: false, timeouts: {implicit: 0, pageLoad: 300000, script: 30000}, unhandledPromptBehavior: dismiss and notify, webauthn:extension:credBlob: true, webauthn:extension:largeBlob: true, webauthn:virtualAuthenticators: true}
Session ID: 27eaa5fbebe759a59336f2a6c1a40a29
	at org.openqa.selenium.remote.http.W3CHttpResponseCodec.createException(W3CHttpResponseCodec.java:187)
	at org.openqa.selenium.remote.http.W3CHttpResponseCodec.decode(W3CHttpResponseCodec.java:122)
	at org.openqa.selenium.remote.http.W3CHttpResponseCodec.decode(W3CHttpResponseCodec.java:49)
	at org.openqa.selenium.remote.HttpCommandExecutor.execute(HttpCommandExecutor.java:158)
	at org.openqa.selenium.remote.service.DriverCommandExecutor.execute(DriverCommandExecutor.java:83)
	at org.openqa.selenium.remote.RemoteWebDriver.execute(RemoteWebDriver.java:552)
	at com.kms.katalon.selenium.driver.CEdgeDriver.execute(CEdgeDriver.java:20)
	at org.openqa.selenium.remote.RemoteWebElement.execute(RemoteWebElement.java:285)
	at org.openqa.selenium.remote.RemoteWebElement.click(RemoteWebElement.java:84)
	at org.openqa.selenium.support.events.EventFiringWebDriver$EventFiringWebElement.lambda$new$0(EventFiringWebDriver.java:404)
	at com.sun.proxy.$Proxy11.click(Unknown Source)
	at org.openqa.selenium.support.events.EventFiringWebDriver$EventFiringWebElement.click(EventFiringWebDriver.java:417)
	at com.kms.katalon.core.webui.keyword.builtin.ClickKeyword$_click_closure1.doCall(ClickKeyword.groovy:68)
	at com.kms.katalon.core.webui.keyword.builtin.ClickKeyword$_click_closure1.call(ClickKeyword.groovy)
	at com.kms.katalon.core.webui.keyword.internal.WebUIKeywordMain.runKeyword(WebUIKeywordMain.groovy:20)
	at com.kms.katalon.core.webui.keyword.builtin.ClickKeyword.click(ClickKeyword.groovy:75)
	at com.kms.katalon.core.webui.keyword.builtin.ClickKeyword.execute(ClickKeyword.groovy:42)
	at com.kms.katalon.core.keyword.internal.KeywordExecutor.executeKeywordForPlatform(KeywordExecutor.groovy:73)
	at com.kms.katalon.core.webui.keyword.WebUiBuiltInKeywords.click(WebUiBuiltInKeywords.groovy:620)
	at com.kms.katalon.core.webui.keyword.WebUiBuiltInKeywords$click$10.call(Unknown Source)
	at Script1634611424888.run(Script1634611424888.groovy:34)
	... 13 more
)

2021-10-18 23:53:50 - [MESSAGE][FAILED] - Unable to click on object 'Object Repository/RAD_Pages/Landing_Page/button_Continue' (Root cause: com.kms.katalon.core.exception.StepFailedException: Unable to click on object 'Object Repository/RAD_Pages/Landing_Page/button_Continue'
	at com.kms.katalon.core.webui.keyword.internal.WebUIKeywordMain.stepFailed(WebUIKeywordMain.groovy:64)
	at com.kms.katalon.core.webui.keyword.internal.WebUIKeywordMain.runKeyword(WebUIKeywordMain.groovy:26)
	at com.kms.katalon.core.webui.keyword.builtin.ClickKeyword.click(ClickKeyword.groovy:75)
	at com.kms.katalon.core.webui.keyword.builtin.ClickKeyword.execute(ClickKeyword.groovy:42)
	at com.kms.katalon.core.keyword.internal.KeywordExecutor.executeKeywordForPlatform(KeywordExecutor.groovy:73)
	at com.kms.katalon.core.webui.keyword.WebUiBuiltInKeywords.click(WebUiBuiltInKeywords.groovy:620)
	at com.kms.katalon.core.webui.keyword.WebUiBuiltInKeywords$click$10.call(Unknown Source)
	at ExtensionPayments_MRF_TC.run(ExtensionPayments_MRF_TC:34)
	at com.kms.katalon.core.main.ScriptEngine.run(ScriptEngine.java:194)
	at com.kms.katalon.core.main.ScriptEngine.runScriptAsRawText(ScriptEngine.java:119)
	at com.kms.katalon.core.main.TestCaseExecutor.runScript(TestCaseExecutor.java:369)
	at com.kms.katalon.core.main.TestCaseExecutor.doExecute(TestCaseExecutor.java:360)
	at com.kms.katalon.core.main.TestCaseExecutor.processExecutionPhase(TestCaseExecutor.java:339)
	at com.kms.katalon.core.main.TestCaseExecutor.accessMainPhase(TestCaseExecutor.java:331)
	at com.kms.katalon.core.main.TestCaseExecutor.execute(TestCaseExecutor.java:248)
	at com.kms.katalon.core.main.TestSuiteExecutor.accessTestCaseMainPhase(TestSuiteExecutor.java:191)
	at com.kms.katalon.core.main.TestSuiteExecutor.accessTestSuiteMainPhase(TestSuiteExecutor.java:140)
	at com.kms.katalon.core.main.TestSuiteExecutor.execute(TestSuiteExecutor.java:89)
	at com.kms.katalon.core.main.TestCaseMain.startTestSuite(TestCaseMain.java:185)
	at com.kms.katalon.core.main.TestCaseMain$startTestSuite$0.call(Unknown Source)
	at TempTestSuite1634615486512.run(TempTestSuite1634615486512.groovy:39)
Caused by: org.openqa.selenium.ElementClickInterceptedException: element click intercepted: Element is not clickable at point (1046, 1372)
  (Session info: MicrosoftEdge=94.0.992.50)
Build info: version: '3.141.59', revision: 'e82be7d358', time: '2018-11-14T08:25:53'
System info: host: 'DESKTOP-B2QI6NS', ip: '172.30.2.167', os.name: 'Windows 10', os.arch: 'amd64', os.version: '10.0', java.version: '1.8.0_181'
Driver info: com.kms.katalon.selenium.driver.CEdgeDriver
Capabilities {acceptInsecureCerts: false, browserName: msedge, browserVersion: 94.0.992.50, javascriptEnabled: true, ms:edgeOptions: {debuggerAddress: localhost:61232}, msedge: {msedgedriverVersion: 94.0.992.47 (8d45ccc5def2a3..., userDataDir: C:\Users\iahmed\AppData\Loc...}, networkConnectionEnabled: false, pageLoadStrategy: normal, platform: WINDOWS, platformName: WINDOWS, proxy: Proxy(), setWindowRect: true, strictFileInteractability: false, timeouts: {implicit: 0, pageLoad: 300000, script: 30000}, unhandledPromptBehavior: dismiss and notify, webauthn:extension:credBlob: true, webauthn:extension:largeBlob: true, webauthn:virtualAuthenticators: true}
Session ID: 27eaa5fbebe759a59336f2a6c1a40a29
	at org.openqa.selenium.remote.http.W3CHttpResponseCodec.createException(W3CHttpResponseCodec.java:187)
	at org.openqa.selenium.remote.http.W3CHttpResponseCodec.decode(W3CHttpResponseCodec.java:122)
	at org.openqa.selenium.remote.http.W3CHttpResponseCodec.decode(W3CHttpResponseCodec.java:49)
	at org.openqa.selenium.remote.HttpCommandExecutor.execute(HttpCommandExecutor.java:158)
	at org.openqa.selenium.remote.service.DriverCommandExecutor.execute(DriverCommandExecutor.java:83)
	at org.openqa.selenium.remote.RemoteWebDriver.execute(RemoteWebDriver.java:552)
	at com.kms.katalon.selenium.driver.CEdgeDriver.execute(CEdgeDriver.java:20)
	at org.openqa.selenium.remote.RemoteWebElement.execute(RemoteWebElement.java:285)
	at org.openqa.selenium.remote.RemoteWebElement.click(RemoteWebElement.java:84)
	at org.openqa.selenium.support.events.EventFiringWebDriver$EventFiringWebElement.lambda$new$0(EventFiringWebDriver.java:404)
	at com.sun.proxy.$Proxy11.click(Unknown Source)
	at org.openqa.selenium.support.events.EventFiringWebDriver$EventFiringWebElement.click(EventFiringWebDriver.java:417)
	at com.kms.katalon.core.webui.keyword.builtin.ClickKeyword$_click_closure1.doCall(ClickKeyword.groovy:68)
	at com.kms.katalon.core.webui.keyword.builtin.ClickKeyword$_click_closure1.call(ClickKeyword.groovy)
	at com.kms.katalon.core.webui.keyword.internal.WebUIKeywordMain.runKeyword(WebUIKeywordMain.groovy:20)
	at com.kms.katalon.core.webui.keyword.builtin.ClickKeyword.click(ClickKeyword.groovy:75)
	at com.kms.katalon.core.webui.keyword.builtin.ClickKeyword.execute(ClickKeyword.groovy:42)
	at com.kms.katalon.core.keyword.internal.KeywordExecutor.executeKeywordForPlatform(KeywordExecutor.groovy:73)
	at com.kms.katalon.core.webui.keyword.WebUiBuiltInKeywords.click(WebUiBuiltInKeywords.groovy:620)
	at com.kms.katalon.core.webui.keyword.WebUiBuiltInKeywords$click$10.call(Unknown Source)
	at Script1634611424888.run(Script1634611424888.groovy:34)
	... 13 more
)
[[ATTACHMENT|E:\\Cloned-Project-Katalon\\VPS-Katalon\\Reports\\20211018_235126\\RAD_TestSuite\\RAD_UI_TestSuite\\20211018_235126\\1634615630037.png]]

2021-10-18 23:53:50 - [TEST_STEP][FAILED] - verifyTextPresent("Select a filing year", true): Text 'Select a filing year' is not present on page  using regular expression (Root cause: com.kms.katalon.core.exception.StepFailedException: Text 'Select a filing year' is not present on page  using regular expression
	at com.kms.katalon.core.webui.keyword.internal.WebUIKeywordMain.stepFailed(WebUIKeywordMain.groovy:64)
	at com.kms.katalon.core.webui.keyword.builtin.VerifyTextPresentKeyword$_verifyTextPresent_closure1.doCall(VerifyTextPresentKeyword.groovy:79)
	at com.kms.katalon.core.webui.keyword.builtin.VerifyTextPresentKeyword$_verifyTextPresent_closure1.call(VerifyTextPresentKeyword.groovy)
	at com.kms.katalon.core.webui.keyword.internal.WebUIKeywordMain.runKeyword(WebUIKeywordMain.groovy:20)
	at com.kms.katalon.core.webui.keyword.builtin.VerifyTextPresentKeyword.verifyTextPresent(VerifyTextPresentKeyword.groovy:83)
	at com.kms.katalon.core.webui.keyword.builtin.VerifyTextPresentKeyword.execute(VerifyTextPresentKeyword.groovy:68)
	at com.kms.katalon.core.keyword.internal.KeywordExecutor.executeKeywordForPlatform(KeywordExecutor.groovy:73)
	at com.kms.katalon.core.webui.keyword.WebUiBuiltInKeywords.verifyTextPresent(WebUiBuiltInKeywords.groovy:1723)
	at com.kms.katalon.core.webui.keyword.WebUiBuiltInKeywords$verifyTextPresent$3.call(Unknown Source)
	at ExtensionPayments_MRF_TC.run(ExtensionPayments_MRF_TC:47)
	at com.kms.katalon.core.main.ScriptEngine.run(ScriptEngine.java:194)
	at com.kms.katalon.core.main.ScriptEngine.runScriptAsRawText(ScriptEngine.java:119)
	at com.kms.katalon.core.main.TestCaseExecutor.runScript(TestCaseExecutor.java:369)
	at com.kms.katalon.core.main.TestCaseExecutor.doExecute(TestCaseExecutor.java:360)
	at com.kms.katalon.core.main.TestCaseExecutor.processExecutionPhase(TestCaseExecutor.java:339)
	at com.kms.katalon.core.main.TestCaseExecutor.accessMainPhase(TestCaseExecutor.java:331)
	at com.kms.katalon.core.main.TestCaseExecutor.execute(TestCaseExecutor.java:248)
	at com.kms.katalon.core.main.TestSuiteExecutor.accessTestCaseMainPhase(TestSuiteExecutor.java:191)
	at com.kms.katalon.core.main.TestSuiteExecutor.accessTestSuiteMainPhase(TestSuiteExecutor.java:140)
	at com.kms.katalon.core.main.TestSuiteExecutor.execute(TestSuiteExecutor.java:89)
	at com.kms.katalon.core.main.TestCaseMain.startTestSuite(TestCaseMain.java:185)
	at com.kms.katalon.core.main.TestCaseMain$startTestSuite$0.call(Unknown Source)
	at TempTestSuite1634615486512.run(TempTestSuite1634615486512.groovy:39)
)

2021-10-18 23:53:50 - [MESSAGE][FAILED] - Text 'Select a filing year' is not present on page  using regular expression (Root cause: com.kms.katalon.core.exception.StepFailedException: Text 'Select a filing year' is not present on page  using regular expression
	at com.kms.katalon.core.webui.keyword.internal.WebUIKeywordMain.stepFailed(WebUIKeywordMain.groovy:64)
	at com.kms.katalon.core.webui.keyword.builtin.VerifyTextPresentKeyword$_verifyTextPresent_closure1.doCall(VerifyTextPresentKeyword.groovy:79)
	at com.kms.katalon.core.webui.keyword.builtin.VerifyTextPresentKeyword$_verifyTextPresent_closure1.call(VerifyTextPresentKeyword.groovy)
	at com.kms.katalon.core.webui.keyword.internal.WebUIKeywordMain.runKeyword(WebUIKeywordMain.groovy:20)
	at com.kms.katalon.core.webui.keyword.builtin.VerifyTextPresentKeyword.verifyTextPresent(VerifyTextPresentKeyword.groovy:83)
	at com.kms.katalon.core.webui.keyword.builtin.VerifyTextPresentKeyword.execute(VerifyTextPresentKeyword.groovy:68)
	at com.kms.katalon.core.keyword.internal.KeywordExecutor.executeKeywordForPlatform(KeywordExecutor.groovy:73)
	at com.kms.katalon.core.webui.keyword.WebUiBuiltInKeywords.verifyTextPresent(WebUiBuiltInKeywords.groovy:1723)
	at com.kms.katalon.core.webui.keyword.WebUiBuiltInKeywords$verifyTextPresent$3.call(Unknown Source)
	at ExtensionPayments_MRF_TC.run(ExtensionPayments_MRF_TC:47)
	at com.kms.katalon.core.main.ScriptEngine.run(ScriptEngine.java:194)
	at com.kms.katalon.core.main.ScriptEngine.runScriptAsRawText(ScriptEngine.java:119)
	at com.kms.katalon.core.main.TestCaseExecutor.runScript(TestCaseExecutor.java:369)
	at com.kms.katalon.core.main.TestCaseExecutor.doExecute(TestCaseExecutor.java:360)
	at com.kms.katalon.core.main.TestCaseExecutor.processExecutionPhase(TestCaseExecutor.java:339)
	at com.kms.katalon.core.main.TestCaseExecutor.accessMainPhase(TestCaseExecutor.java:331)
	at com.kms.katalon.core.main.TestCaseExecutor.execute(TestCaseExecutor.java:248)
	at com.kms.katalon.core.main.TestSuiteExecutor.accessTestCaseMainPhase(TestSuiteExecutor.java:191)
	at com.kms.katalon.core.main.TestSuiteExecutor.accessTestSuiteMainPhase(TestSuiteExecutor.java:140)
	at com.kms.katalon.core.main.TestSuiteExecutor.execute(TestSuiteExecutor.java:89)
	at com.kms.katalon.core.main.TestCaseMain.startTestSuite(TestCaseMain.java:185)
	at com.kms.katalon.core.main.TestCaseMain$startTestSuite$0.call(Unknown Source)
	at TempTestSuite1634615486512.run(TempTestSuite1634615486512.groovy:39)
)

2021-10-18 23:53:50 - [TEST_STEP][FAILED] - verifyTextPresent("Select a payment type", true): Text 'Select a payment type' is not present on page  using regular expression (Root cause: com.kms.katalon.core.exception.StepFailedException: Text 'Select a payment type' is not present on page  using regular expression
	at com.kms.katalon.core.webui.keyword.internal.WebUIKeywordMain.stepFailed(WebUIKeywordMain.groovy:64)
	at com.kms.katalon.core.webui.keyword.builtin.VerifyTextPresentKeyword$_verifyTextPresent_closure1.doCall(VerifyTextPresentKeyword.groovy:79)
	at com.kms.katalon.core.webui.keyword.builtin.VerifyTextPresentKeyword$_verifyTextPresent_closure1.call(VerifyTextPresentKeyword.groovy)
	at com.kms.katalon.core.webui.keyword.internal.WebUIKeywordMain.runKeyword(WebUIKeywordMain.groovy:20)
	at com.kms.katalon.core.webui.keyword.builtin.VerifyTextPresentKeyword.verifyTextPresent(VerifyTextPresentKeyword.groovy:83)
	at com.kms.katalon.core.webui.keyword.builtin.VerifyTextPresentKeyword.execute(VerifyTextPresentKeyword.groovy:68)
	at com.kms.katalon.core.keyword.internal.KeywordExecutor.executeKeywordForPlatform(KeywordExecutor.groovy:73)
	at com.kms.katalon.core.webui.keyword.WebUiBuiltInKeywords.verifyTextPresent(WebUiBuiltInKeywords.groovy:1723)
	at com.kms.katalon.core.webui.keyword.WebUiBuiltInKeywords$verifyTextPresent$3.call(Unknown Source)
	at ExtensionPayments_MRF_TC.run(ExtensionPayments_MRF_TC:49)
	at com.kms.katalon.core.main.ScriptEngine.run(ScriptEngine.java:194)
	at com.kms.katalon.core.main.ScriptEngine.runScriptAsRawText(ScriptEngine.java:119)
	at com.kms.katalon.core.main.TestCaseExecutor.runScript(TestCaseExecutor.java:369)
	at com.kms.katalon.core.main.TestCaseExecutor.doExecute(TestCaseExecutor.java:360)
	at com.kms.katalon.core.main.TestCaseExecutor.processExecutionPhase(TestCaseExecutor.java:339)
	at com.kms.katalon.core.main.TestCaseExecutor.accessMainPhase(TestCaseExecutor.java:331)
	at com.kms.katalon.core.main.TestCaseExecutor.execute(TestCaseExecutor.java:248)
	at com.kms.katalon.core.main.TestSuiteExecutor.accessTestCaseMainPhase(TestSuiteExecutor.java:191)
	at com.kms.katalon.core.main.TestSuiteExecutor.accessTestSuiteMainPhase(TestSuiteExecutor.java:140)
	at com.kms.katalon.core.main.TestSuiteExecutor.execute(TestSuiteExecutor.java:89)
	at com.kms.katalon.core.main.TestCaseMain.startTestSuite(TestCaseMain.java:185)
	at com.kms.katalon.core.main.TestCaseMain$startTestSuite$0.call(Unknown Source)
	at TempTestSuite1634615486512.run(TempTestSuite1634615486512.groovy:39)
)

2021-10-18 23:53:50 - [MESSAGE][FAILED] - Text 'Select a payment type' is not present on page  using regular expression (Root cause: com.kms.katalon.core.exception.StepFailedException: Text 'Select a payment type' is not present on page  using regular expression
	at com.kms.katalon.core.webui.keyword.internal.WebUIKeywordMain.stepFailed(WebUIKeywordMain.groovy:64)
	at com.kms.katalon.core.webui.keyword.builtin.VerifyTextPresentKeyword$_verifyTextPresent_closure1.doCall(VerifyTextPresentKeyword.groovy:79)
	at com.kms.katalon.core.webui.keyword.builtin.VerifyTextPresentKeyword$_verifyTextPresent_closure1.call(VerifyTextPresentKeyword.groovy)
	at com.kms.katalon.core.webui.keyword.internal.WebUIKeywordMain.runKeyword(WebUIKeywordMain.groovy:20)
	at com.kms.katalon.core.webui.keyword.builtin.VerifyTextPresentKeyword.verifyTextPresent(VerifyTextPresentKeyword.groovy:83)
	at com.kms.katalon.core.webui.keyword.builtin.VerifyTextPresentKeyword.execute(VerifyTextPresentKeyword.groovy:68)
	at com.kms.katalon.core.keyword.internal.KeywordExecutor.executeKeywordForPlatform(KeywordExecutor.groovy:73)
	at com.kms.katalon.core.webui.keyword.WebUiBuiltInKeywords.verifyTextPresent(WebUiBuiltInKeywords.groovy:1723)
	at com.kms.katalon.core.webui.keyword.WebUiBuiltInKeywords$verifyTextPresent$3.call(Unknown Source)
	at ExtensionPayments_MRF_TC.run(ExtensionPayments_MRF_TC:49)
	at com.kms.katalon.core.main.ScriptEngine.run(ScriptEngine.java:194)
	at com.kms.katalon.core.main.ScriptEngine.runScriptAsRawText(ScriptEngine.java:119)
	at com.kms.katalon.core.main.TestCaseExecutor.runScript(TestCaseExecutor.java:369)
	at com.kms.katalon.core.main.TestCaseExecutor.doExecute(TestCaseExecutor.java:360)
	at com.kms.katalon.core.main.TestCaseExecutor.processExecutionPhase(TestCaseExecutor.java:339)
	at com.kms.katalon.core.main.TestCaseExecutor.accessMainPhase(TestCaseExecutor.java:331)
	at com.kms.katalon.core.main.TestCaseExecutor.execute(TestCaseExecutor.java:248)
	at com.kms.katalon.core.main.TestSuiteExecutor.accessTestCaseMainPhase(TestSuiteExecutor.java:191)
	at com.kms.katalon.core.main.TestSuiteExecutor.accessTestSuiteMainPhase(TestSuiteExecutor.java:140)
	at com.kms.katalon.core.main.TestSuiteExecutor.execute(TestSuiteExecutor.java:89)
	at com.kms.katalon.core.main.TestCaseMain.startTestSuite(TestCaseMain.java:185)
	at com.kms.katalon.core.main.TestCaseMain$startTestSuite$0.call(Unknown Source)
	at TempTestSuite1634615486512.run(TempTestSuite1634615486512.groovy:39)
)

2021-10-18 23:53:50 - [TEST_STEP][FAILED] - verifyTextPresent("Enter first name", true): Text 'Enter first name' is not present on page  using regular expression (Root cause: com.kms.katalon.core.exception.StepFailedException: Text 'Enter first name' is not present on page  using regular expression
	at com.kms.katalon.core.webui.keyword.internal.WebUIKeywordMain.stepFailed(WebUIKeywordMain.groovy:64)
	at com.kms.katalon.core.webui.keyword.builtin.VerifyTextPresentKeyword$_verifyTextPresent_closure1.doCall(VerifyTextPresentKeyword.groovy:79)
	at com.kms.katalon.core.webui.keyword.builtin.VerifyTextPresentKeyword$_verifyTextPresent_closure1.call(VerifyTextPresentKeyword.groovy)
	at com.kms.katalon.core.webui.keyword.internal.WebUIKeywordMain.runKeyword(WebUIKeywordMain.groovy:20)
	at com.kms.katalon.core.webui.keyword.builtin.VerifyTextPresentKeyword.verifyTextPresent(VerifyTextPresentKeyword.groovy:83)
	at com.kms.katalon.core.webui.keyword.builtin.VerifyTextPresentKeyword.execute(VerifyTextPresentKeyword.groovy:68)
	at com.kms.katalon.core.keyword.internal.KeywordExecutor.executeKeywordForPlatform(KeywordExecutor.groovy:73)
	at com.kms.katalon.core.webui.keyword.WebUiBuiltInKeywords.verifyTextPresent(WebUiBuiltInKeywords.groovy:1723)
	at com.kms.katalon.core.webui.keyword.WebUiBuiltInKeywords$verifyTextPresent$3.call(Unknown Source)
	at ExtensionPayments_MRF_TC.run(ExtensionPayments_MRF_TC:53)
	at com.kms.katalon.core.main.ScriptEngine.run(ScriptEngine.java:194)
	at com.kms.katalon.core.main.ScriptEngine.runScriptAsRawText(ScriptEngine.java:119)
	at com.kms.katalon.core.main.TestCaseExecutor.runScript(TestCaseExecutor.java:369)
	at com.kms.katalon.core.main.TestCaseExecutor.doExecute(TestCaseExecutor.java:360)
	at com.kms.katalon.core.main.TestCaseExecutor.processExecutionPhase(TestCaseExecutor.java:339)
	at com.kms.katalon.core.main.TestCaseExecutor.accessMainPhase(TestCaseExecutor.java:331)
	at com.kms.katalon.core.main.TestCaseExecutor.execute(TestCaseExecutor.java:248)
	at com.kms.katalon.core.main.TestSuiteExecutor.accessTestCaseMainPhase(TestSuiteExecutor.java:191)
	at com.kms.katalon.core.main.TestSuiteExecutor.accessTestSuiteMainPhase(TestSuiteExecutor.java:140)
	at com.kms.katalon.core.main.TestSuiteExecutor.execute(TestSuiteExecutor.java:89)
	at com.kms.katalon.core.main.TestCaseMain.startTestSuite(TestCaseMain.java:185)
	at com.kms.katalon.core.main.TestCaseMain$startTestSuite$0.call(Unknown Source)
	at TempTestSuite1634615486512.run(TempTestSuite1634615486512.groovy:39)
)

2021-10-18 23:53:50 - [MESSAGE][FAILED] - Text 'Enter first name' is not present on page  using regular expression (Root cause: com.kms.katalon.core.exception.StepFailedException: Text 'Enter first name' is not present on page  using regular expression
	at com.kms.katalon.core.webui.keyword.internal.WebUIKeywordMain.stepFailed(WebUIKeywordMain.groovy:64)
	at com.kms.katalon.core.webui.keyword.builtin.VerifyTextPresentKeyword$_verifyTextPresent_closure1.doCall(VerifyTextPresentKeyword.groovy:79)
	at com.kms.katalon.core.webui.keyword.builtin.VerifyTextPresentKeyword$_verifyTextPresent_closure1.call(VerifyTextPresentKeyword.groovy)
	at com.kms.katalon.core.webui.keyword.internal.WebUIKeywordMain.runKeyword(WebUIKeywordMain.groovy:20)
	at com.kms.katalon.core.webui.keyword.builtin.VerifyTextPresentKeyword.verifyTextPresent(VerifyTextPresentKeyword.groovy:83)
	at com.kms.katalon.core.webui.keyword.builtin.VerifyTextPresentKeyword.execute(VerifyTextPresentKeyword.groovy:68)
	at com.kms.katalon.core.keyword.internal.KeywordExecutor.executeKeywordForPlatform(KeywordExecutor.groovy:73)
	at com.kms.katalon.core.webui.keyword.WebUiBuiltInKeywords.verifyTextPresent(WebUiBuiltInKeywords.groovy:1723)
	at com.kms.katalon.core.webui.keyword.WebUiBuiltInKeywords$verifyTextPresent$3.call(Unknown Source)
	at ExtensionPayments_MRF_TC.run(ExtensionPayments_MRF_TC:53)
	at com.kms.katalon.core.main.ScriptEngine.run(ScriptEngine.java:194)
	at com.kms.katalon.core.main.ScriptEngine.runScriptAsRawText(ScriptEngine.java:119)
	at com.kms.katalon.core.main.TestCaseExecutor.runScript(TestCaseExecutor.java:369)
	at com.kms.katalon.core.main.TestCaseExecutor.doExecute(TestCaseExecutor.java:360)
	at com.kms.katalon.core.main.TestCaseExecutor.processExecutionPhase(TestCaseExecutor.java:339)
	at com.kms.katalon.core.main.TestCaseExecutor.accessMainPhase(TestCaseExecutor.java:331)
	at com.kms.katalon.core.main.TestCaseExecutor.execute(TestCaseExecutor.java:248)
	at com.kms.katalon.core.main.TestSuiteExecutor.accessTestCaseMainPhase(TestSuiteExecutor.java:191)
	at com.kms.katalon.core.main.TestSuiteExecutor.accessTestSuiteMainPhase(TestSuiteExecutor.java:140)
	at com.kms.katalon.core.main.TestSuiteExecutor.execute(TestSuiteExecutor.java:89)
	at com.kms.katalon.core.main.TestCaseMain.startTestSuite(TestCaseMain.java:185)
	at com.kms.katalon.core.main.TestCaseMain$startTestSuite$0.call(Unknown Source)
	at TempTestSuite1634615486512.run(TempTestSuite1634615486512.groovy:39)
)

2021-10-18 23:53:50 - [TEST_STEP][FAILED] - verifyTextPresent("Enter last name", true): Text 'Enter last name' is not present on page  using regular expression (Root cause: com.kms.katalon.core.exception.StepFailedException: Text 'Enter last name' is not present on page  using regular expression
	at com.kms.katalon.core.webui.keyword.internal.WebUIKeywordMain.stepFailed(WebUIKeywordMain.groovy:64)
	at com.kms.katalon.core.webui.keyword.builtin.VerifyTextPresentKeyword$_verifyTextPresent_closure1.doCall(VerifyTextPresentKeyword.groovy:79)
	at com.kms.katalon.core.webui.keyword.builtin.VerifyTextPresentKeyword$_verifyTextPresent_closure1.call(VerifyTextPresentKeyword.groovy)
	at com.kms.katalon.core.webui.keyword.internal.WebUIKeywordMain.runKeyword(WebUIKeywordMain.groovy:20)
	at com.kms.katalon.core.webui.keyword.builtin.VerifyTextPresentKeyword.verifyTextPresent(VerifyTextPresentKeyword.groovy:83)
	at com.kms.katalon.core.webui.keyword.builtin.VerifyTextPresentKeyword.execute(VerifyTextPresentKeyword.groovy:68)
	at com.kms.katalon.core.keyword.internal.KeywordExecutor.executeKeywordForPlatform(KeywordExecutor.groovy:73)
	at com.kms.katalon.core.webui.keyword.WebUiBuiltInKeywords.verifyTextPresent(WebUiBuiltInKeywords.groovy:1723)
	at com.kms.katalon.core.webui.keyword.WebUiBuiltInKeywords$verifyTextPresent$3.call(Unknown Source)
	at ExtensionPayments_MRF_TC.run(ExtensionPayments_MRF_TC:55)
	at com.kms.katalon.core.main.ScriptEngine.run(ScriptEngine.java:194)
	at com.kms.katalon.core.main.ScriptEngine.runScriptAsRawText(ScriptEngine.java:119)
	at com.kms.katalon.core.main.TestCaseExecutor.runScript(TestCaseExecutor.java:369)
	at com.kms.katalon.core.main.TestCaseExecutor.doExecute(TestCaseExecutor.java:360)
	at com.kms.katalon.core.main.TestCaseExecutor.processExecutionPhase(TestCaseExecutor.java:339)
	at com.kms.katalon.core.main.TestCaseExecutor.accessMainPhase(TestCaseExecutor.java:331)
	at com.kms.katalon.core.main.TestCaseExecutor.execute(TestCaseExecutor.java:248)
	at com.kms.katalon.core.main.TestSuiteExecutor.accessTestCaseMainPhase(TestSuiteExecutor.java:191)
	at com.kms.katalon.core.main.TestSuiteExecutor.accessTestSuiteMainPhase(TestSuiteExecutor.java:140)
	at com.kms.katalon.core.main.TestSuiteExecutor.execute(TestSuiteExecutor.java:89)
	at com.kms.katalon.core.main.TestCaseMain.startTestSuite(TestCaseMain.java:185)
	at com.kms.katalon.core.main.TestCaseMain$startTestSuite$0.call(Unknown Source)
	at TempTestSuite1634615486512.run(TempTestSuite1634615486512.groovy:39)
)

2021-10-18 23:53:50 - [MESSAGE][FAILED] - Text 'Enter last name' is not present on page  using regular expression (Root cause: com.kms.katalon.core.exception.StepFailedException: Text 'Enter last name' is not present on page  using regular expression
	at com.kms.katalon.core.webui.keyword.internal.WebUIKeywordMain.stepFailed(WebUIKeywordMain.groovy:64)
	at com.kms.katalon.core.webui.keyword.builtin.VerifyTextPresentKeyword$_verifyTextPresent_closure1.doCall(VerifyTextPresentKeyword.groovy:79)
	at com.kms.katalon.core.webui.keyword.builtin.VerifyTextPresentKeyword$_verifyTextPresent_closure1.call(VerifyTextPresentKeyword.groovy)
	at com.kms.katalon.core.webui.keyword.internal.WebUIKeywordMain.runKeyword(WebUIKeywordMain.groovy:20)
	at com.kms.katalon.core.webui.keyword.builtin.VerifyTextPresentKeyword.verifyTextPresent(VerifyTextPresentKeyword.groovy:83)
	at com.kms.katalon.core.webui.keyword.builtin.VerifyTextPresentKeyword.execute(VerifyTextPresentKeyword.groovy:68)
	at com.kms.katalon.core.keyword.internal.KeywordExecutor.executeKeywordForPlatform(KeywordExecutor.groovy:73)
	at com.kms.katalon.core.webui.keyword.WebUiBuiltInKeywords.verifyTextPresent(WebUiBuiltInKeywords.groovy:1723)
	at com.kms.katalon.core.webui.keyword.WebUiBuiltInKeywords$verifyTextPresent$3.call(Unknown Source)
	at ExtensionPayments_MRF_TC.run(ExtensionPayments_MRF_TC:55)
	at com.kms.katalon.core.main.ScriptEngine.run(ScriptEngine.java:194)
	at com.kms.katalon.core.main.ScriptEngine.runScriptAsRawText(ScriptEngine.java:119)
	at com.kms.katalon.core.main.TestCaseExecutor.runScript(TestCaseExecutor.java:369)
	at com.kms.katalon.core.main.TestCaseExecutor.doExecute(TestCaseExecutor.java:360)
	at com.kms.katalon.core.main.TestCaseExecutor.processExecutionPhase(TestCaseExecutor.java:339)
	at com.kms.katalon.core.main.TestCaseExecutor.accessMainPhase(TestCaseExecutor.java:331)
	at com.kms.katalon.core.main.TestCaseExecutor.execute(TestCaseExecutor.java:248)
	at com.kms.katalon.core.main.TestSuiteExecutor.accessTestCaseMainPhase(TestSuiteExecutor.java:191)
	at com.kms.katalon.core.main.TestSuiteExecutor.accessTestSuiteMainPhase(TestSuiteExecutor.java:140)
	at com.kms.katalon.core.main.TestSuiteExecutor.execute(TestSuiteExecutor.java:89)
	at com.kms.katalon.core.main.TestCaseMain.startTestSuite(TestCaseMain.java:185)
	at com.kms.katalon.core.main.TestCaseMain$startTestSuite$0.call(Unknown Source)
	at TempTestSuite1634615486512.run(TempTestSuite1634615486512.groovy:39)
)

2021-10-18 23:53:50 - [TEST_STEP][FAILED] - verifyTextPresent("Please enter a valid SSN with 9 digits", true): Text 'Please enter a valid SSN with 9 digits' is not present on page  using regular expression (Root cause: com.kms.katalon.core.exception.StepFailedException: Text 'Please enter a valid SSN with 9 digits' is not present on page  using regular expression
	at com.kms.katalon.core.webui.keyword.internal.WebUIKeywordMain.stepFailed(WebUIKeywordMain.groovy:64)
	at com.kms.katalon.core.webui.keyword.builtin.VerifyTextPresentKeyword$_verifyTextPresent_closure1.doCall(VerifyTextPresentKeyword.groovy:79)
	at com.kms.katalon.core.webui.keyword.builtin.VerifyTextPresentKeyword$_verifyTextPresent_closure1.call(VerifyTextPresentKeyword.groovy)
	at com.kms.katalon.core.webui.keyword.internal.WebUIKeywordMain.runKeyword(WebUIKeywordMain.groovy:20)
	at com.kms.katalon.core.webui.keyword.builtin.VerifyTextPresentKeyword.verifyTextPresent(VerifyTextPresentKeyword.groovy:83)
	at com.kms.katalon.core.webui.keyword.builtin.VerifyTextPresentKeyword.execute(VerifyTextPresentKeyword.groovy:68)
	at com.kms.katalon.core.keyword.internal.KeywordExecutor.executeKeywordForPlatform(KeywordExecutor.groovy:73)
	at com.kms.katalon.core.webui.keyword.WebUiBuiltInKeywords.verifyTextPresent(WebUiBuiltInKeywords.groovy:1723)
	at com.kms.katalon.core.webui.keyword.WebUiBuiltInKeywords$verifyTextPresent$3.call(Unknown Source)
	at ExtensionPayments_MRF_TC.run(ExtensionPayments_MRF_TC:57)
	at com.kms.katalon.core.main.ScriptEngine.run(ScriptEngine.java:194)
	at com.kms.katalon.core.main.ScriptEngine.runScriptAsRawText(ScriptEngine.java:119)
	at com.kms.katalon.core.main.TestCaseExecutor.runScript(TestCaseExecutor.java:369)
	at com.kms.katalon.core.main.TestCaseExecutor.doExecute(TestCaseExecutor.java:360)
	at com.kms.katalon.core.main.TestCaseExecutor.processExecutionPhase(TestCaseExecutor.java:339)
	at com.kms.katalon.core.main.TestCaseExecutor.accessMainPhase(TestCaseExecutor.java:331)
	at com.kms.katalon.core.main.TestCaseExecutor.execute(TestCaseExecutor.java:248)
	at com.kms.katalon.core.main.TestSuiteExecutor.accessTestCaseMainPhase(TestSuiteExecutor.java:191)
	at com.kms.katalon.core.main.TestSuiteExecutor.accessTestSuiteMainPhase(TestSuiteExecutor.java:140)
	at com.kms.katalon.core.main.TestSuiteExecutor.execute(TestSuiteExecutor.java:89)
	at com.kms.katalon.core.main.TestCaseMain.startTestSuite(TestCaseMain.java:185)
	at com.kms.katalon.core.main.TestCaseMain$startTestSuite$0.call(Unknown Source)
	at TempTestSuite1634615486512.run(TempTestSuite1634615486512.groovy:39)
)

2021-10-18 23:53:51 - [MESSAGE][FAILED] - Text 'Please enter a valid SSN with 9 digits' is not present on page  using regular expression (Root cause: com.kms.katalon.core.exception.StepFailedException: Text 'Please enter a valid SSN with 9 digits' is not present on page  using regular expression
	at com.kms.katalon.core.webui.keyword.internal.WebUIKeywordMain.stepFailed(WebUIKeywordMain.groovy:64)
	at com.kms.katalon.core.webui.keyword.builtin.VerifyTextPresentKeyword$_verifyTextPresent_closure1.doCall(VerifyTextPresentKeyword.groovy:79)
	at com.kms.katalon.core.webui.keyword.builtin.VerifyTextPresentKeyword$_verifyTextPresent_closure1.call(VerifyTextPresentKeyword.groovy)
	at com.kms.katalon.core.webui.keyword.internal.WebUIKeywordMain.runKeyword(WebUIKeywordMain.groovy:20)
	at com.kms.katalon.core.webui.keyword.builtin.VerifyTextPresentKeyword.verifyTextPresent(VerifyTextPresentKeyword.groovy:83)
	at com.kms.katalon.core.webui.keyword.builtin.VerifyTextPresentKeyword.execute(VerifyTextPresentKeyword.groovy:68)
	at com.kms.katalon.core.keyword.internal.KeywordExecutor.executeKeywordForPlatform(KeywordExecutor.groovy:73)
	at com.kms.katalon.core.webui.keyword.WebUiBuiltInKeywords.verifyTextPresent(WebUiBuiltInKeywords.groovy:1723)
	at com.kms.katalon.core.webui.keyword.WebUiBuiltInKeywords$verifyTextPresent$3.call(Unknown Source)
	at ExtensionPayments_MRF_TC.run(ExtensionPayments_MRF_TC:57)
	at com.kms.katalon.core.main.ScriptEngine.run(ScriptEngine.java:194)
	at com.kms.katalon.core.main.ScriptEngine.runScriptAsRawText(ScriptEngine.java:119)
	at com.kms.katalon.core.main.TestCaseExecutor.runScript(TestCaseExecutor.java:369)
	at com.kms.katalon.core.main.TestCaseExecutor.doExecute(TestCaseExecutor.java:360)
	at com.kms.katalon.core.main.TestCaseExecutor.processExecutionPhase(TestCaseExecutor.java:339)
	at com.kms.katalon.core.main.TestCaseExecutor.accessMainPhase(TestCaseExecutor.java:331)
	at com.kms.katalon.core.main.TestCaseExecutor.execute(TestCaseExecutor.java:248)
	at com.kms.katalon.core.main.TestSuiteExecutor.accessTestCaseMainPhase(TestSuiteExecutor.java:191)
	at com.kms.katalon.core.main.TestSuiteExecutor.accessTestSuiteMainPhase(TestSuiteExecutor.java:140)
	at com.kms.katalon.core.main.TestSuiteExecutor.execute(TestSuiteExecutor.java:89)
	at com.kms.katalon.core.main.TestCaseMain.startTestSuite(TestCaseMain.java:185)
	at com.kms.katalon.core.main.TestCaseMain$startTestSuite$0.call(Unknown Source)
	at TempTestSuite1634615486512.run(TempTestSuite1634615486512.groovy:39)
)

2021-10-18 23:53:51 - [TEST_STEP][FAILED] - verifyTextPresent("The SSN and Re-type SSN do not match", true): Text 'The SSN and Re-type SSN do not match' is not present on page  using regular expression (Root cause: com.kms.katalon.core.exception.StepFailedException: Text 'The SSN and Re-type SSN do not match' is not present on page  using regular expression
	at com.kms.katalon.core.webui.keyword.internal.WebUIKeywordMain.stepFailed(WebUIKeywordMain.groovy:64)
	at com.kms.katalon.core.webui.keyword.builtin.VerifyTextPresentKeyword$_verifyTextPresent_closure1.doCall(VerifyTextPresentKeyword.groovy:79)
	at com.kms.katalon.core.webui.keyword.builtin.VerifyTextPresentKeyword$_verifyTextPresent_closure1.call(VerifyTextPresentKeyword.groovy)
	at com.kms.katalon.core.webui.keyword.internal.WebUIKeywordMain.runKeyword(WebUIKeywordMain.groovy:20)
	at com.kms.katalon.core.webui.keyword.builtin.VerifyTextPresentKeyword.verifyTextPresent(VerifyTextPresentKeyword.groovy:83)
	at com.kms.katalon.core.webui.keyword.builtin.VerifyTextPresentKeyword.execute(VerifyTextPresentKeyword.groovy:68)
	at com.kms.katalon.core.keyword.internal.KeywordExecutor.executeKeywordForPlatform(KeywordExecutor.groovy:73)
	at com.kms.katalon.core.webui.keyword.WebUiBuiltInKeywords.verifyTextPresent(WebUiBuiltInKeywords.groovy:1723)
	at com.kms.katalon.core.webui.keyword.WebUiBuiltInKeywords$verifyTextPresent$3.call(Unknown Source)
	at ExtensionPayments_MRF_TC.run(ExtensionPayments_MRF_TC:59)
	at com.kms.katalon.core.main.ScriptEngine.run(ScriptEngine.java:194)
	at com.kms.katalon.core.main.ScriptEngine.runScriptAsRawText(ScriptEngine.java:119)
	at com.kms.katalon.core.main.TestCaseExecutor.runScript(TestCaseExecutor.java:369)
	at com.kms.katalon.core.main.TestCaseExecutor.doExecute(TestCaseExecutor.java:360)
	at com.kms.katalon.core.main.TestCaseExecutor.processExecutionPhase(TestCaseExecutor.java:339)
	at com.kms.katalon.core.main.TestCaseExecutor.accessMainPhase(TestCaseExecutor.java:331)
	at com.kms.katalon.core.main.TestCaseExecutor.execute(TestCaseExecutor.java:248)
	at com.kms.katalon.core.main.TestSuiteExecutor.accessTestCaseMainPhase(TestSuiteExecutor.java:191)
	at com.kms.katalon.core.main.TestSuiteExecutor.accessTestSuiteMainPhase(TestSuiteExecutor.java:140)
	at com.kms.katalon.core.main.TestSuiteExecutor.execute(TestSuiteExecutor.java:89)
	at com.kms.katalon.core.main.TestCaseMain.startTestSuite(TestCaseMain.java:185)
	at com.kms.katalon.core.main.TestCaseMain$startTestSuite$0.call(Unknown Source)
	at TempTestSuite1634615486512.run(TempTestSuite1634615486512.groovy:39)
)

2021-10-18 23:53:51 - [MESSAGE][FAILED] - Text 'The SSN and Re-type SSN do not match' is not present on page  using regular expression (Root cause: com.kms.katalon.core.exception.StepFailedException: Text 'The SSN and Re-type SSN do not match' is not present on page  using regular expression
	at com.kms.katalon.core.webui.keyword.internal.WebUIKeywordMain.stepFailed(WebUIKeywordMain.groovy:64)
	at com.kms.katalon.core.webui.keyword.builtin.VerifyTextPresentKeyword$_verifyTextPresent_closure1.doCall(VerifyTextPresentKeyword.groovy:79)
	at com.kms.katalon.core.webui.keyword.builtin.VerifyTextPresentKeyword$_verifyTextPresent_closure1.call(VerifyTextPresentKeyword.groovy)
	at com.kms.katalon.core.webui.keyword.internal.WebUIKeywordMain.runKeyword(WebUIKeywordMain.groovy:20)
	at com.kms.katalon.core.webui.keyword.builtin.VerifyTextPresentKeyword.verifyTextPresent(VerifyTextPresentKeyword.groovy:83)
	at com.kms.katalon.core.webui.keyword.builtin.VerifyTextPresentKeyword.execute(VerifyTextPresentKeyword.groovy:68)
	at com.kms.katalon.core.keyword.internal.KeywordExecutor.executeKeywordForPlatform(KeywordExecutor.groovy:73)
	at com.kms.katalon.core.webui.keyword.WebUiBuiltInKeywords.verifyTextPresent(WebUiBuiltInKeywords.groovy:1723)
	at com.kms.katalon.core.webui.keyword.WebUiBuiltInKeywords$verifyTextPresent$3.call(Unknown Source)
	at ExtensionPayments_MRF_TC.run(ExtensionPayments_MRF_TC:59)
	at com.kms.katalon.core.main.ScriptEngine.run(ScriptEngine.java:194)
	at com.kms.katalon.core.main.ScriptEngine.runScriptAsRawText(ScriptEngine.java:119)
	at com.kms.katalon.core.main.TestCaseExecutor.runScript(TestCaseExecutor.java:369)
	at com.kms.katalon.core.main.TestCaseExecutor.doExecute(TestCaseExecutor.java:360)
	at com.kms.katalon.core.main.TestCaseExecutor.processExecutionPhase(TestCaseExecutor.java:339)
	at com.kms.katalon.core.main.TestCaseExecutor.accessMainPhase(TestCaseExecutor.java:331)
	at com.kms.katalon.core.main.TestCaseExecutor.execute(TestCaseExecutor.java:248)
	at com.kms.katalon.core.main.TestSuiteExecutor.accessTestCaseMainPhase(TestSuiteExecutor.java:191)
	at com.kms.katalon.core.main.TestSuiteExecutor.accessTestSuiteMainPhase(TestSuiteExecutor.java:140)
	at com.kms.katalon.core.main.TestSuiteExecutor.execute(TestSuiteExecutor.java:89)
	at com.kms.katalon.core.main.TestCaseMain.startTestSuite(TestCaseMain.java:185)
	at com.kms.katalon.core.main.TestCaseMain$startTestSuite$0.call(Unknown Source)
	at TempTestSuite1634615486512.run(TempTestSuite1634615486512.groovy:39)
)

2021-10-18 23:53:51 - [TEST_STEP][FAILED] - verifyTextPresent("Select a country", true): Text 'Select a country' is not present on page  using regular expression (Root cause: com.kms.katalon.core.exception.StepFailedException: Text 'Select a country' is not present on page  using regular expression
	at com.kms.katalon.core.webui.keyword.internal.WebUIKeywordMain.stepFailed(WebUIKeywordMain.groovy:64)
	at com.kms.katalon.core.webui.keyword.builtin.VerifyTextPresentKeyword$_verifyTextPresent_closure1.doCall(VerifyTextPresentKeyword.groovy:79)
	at com.kms.katalon.core.webui.keyword.builtin.VerifyTextPresentKeyword$_verifyTextPresent_closure1.call(VerifyTextPresentKeyword.groovy)
	at com.kms.katalon.core.webui.keyword.internal.WebUIKeywordMain.runKeyword(WebUIKeywordMain.groovy:20)
	at com.kms.katalon.core.webui.keyword.builtin.VerifyTextPresentKeyword.verifyTextPresent(VerifyTextPresentKeyword.groovy:83)
	at com.kms.katalon.core.webui.keyword.builtin.VerifyTextPresentKeyword.execute(VerifyTextPresentKeyword.groovy:68)
	at com.kms.katalon.core.keyword.internal.KeywordExecutor.executeKeywordForPlatform(KeywordExecutor.groovy:73)
	at com.kms.katalon.core.webui.keyword.WebUiBuiltInKeywords.verifyTextPresent(WebUiBuiltInKeywords.groovy:1723)
	at com.kms.katalon.core.webui.keyword.WebUiBuiltInKeywords$verifyTextPresent$3.call(Unknown Source)
	at ExtensionPayments_MRF_TC.run(ExtensionPayments_MRF_TC:63)
	at com.kms.katalon.core.main.ScriptEngine.run(ScriptEngine.java:194)
	at com.kms.katalon.core.main.ScriptEngine.runScriptAsRawText(ScriptEngine.java:119)
	at com.kms.katalon.core.main.TestCaseExecutor.runScript(TestCaseExecutor.java:369)
	at com.kms.katalon.core.main.TestCaseExecutor.doExecute(TestCaseExecutor.java:360)
	at com.kms.katalon.core.main.TestCaseExecutor.processExecutionPhase(TestCaseExecutor.java:339)
	at com.kms.katalon.core.main.TestCaseExecutor.accessMainPhase(TestCaseExecutor.java:331)
	at com.kms.katalon.core.main.TestCaseExecutor.execute(TestCaseExecutor.java:248)
	at com.kms.katalon.core.main.TestSuiteExecutor.accessTestCaseMainPhase(TestSuiteExecutor.java:191)
	at com.kms.katalon.core.main.TestSuiteExecutor.accessTestSuiteMainPhase(TestSuiteExecutor.java:140)
	at com.kms.katalon.core.main.TestSuiteExecutor.execute(TestSuiteExecutor.java:89)
	at com.kms.katalon.core.main.TestCaseMain.startTestSuite(TestCaseMain.java:185)
	at com.kms.katalon.core.main.TestCaseMain$startTestSuite$0.call(Unknown Source)
	at TempTestSuite1634615486512.run(TempTestSuite1634615486512.groovy:39)
)

2021-10-18 23:53:51 - [MESSAGE][FAILED] - Text 'Select a country' is not present on page  using regular expression (Root cause: com.kms.katalon.core.exception.StepFailedException: Text 'Select a country' is not present on page  using regular expression
	at com.kms.katalon.core.webui.keyword.internal.WebUIKeywordMain.stepFailed(WebUIKeywordMain.groovy:64)
	at com.kms.katalon.core.webui.keyword.builtin.VerifyTextPresentKeyword$_verifyTextPresent_closure1.doCall(VerifyTextPresentKeyword.groovy:79)
	at com.kms.katalon.core.webui.keyword.builtin.VerifyTextPresentKeyword$_verifyTextPresent_closure1.call(VerifyTextPresentKeyword.groovy)
	at com.kms.katalon.core.webui.keyword.internal.WebUIKeywordMain.runKeyword(WebUIKeywordMain.groovy:20)
	at com.kms.katalon.core.webui.keyword.builtin.VerifyTextPresentKeyword.verifyTextPresent(VerifyTextPresentKeyword.groovy:83)
	at com.kms.katalon.core.webui.keyword.builtin.VerifyTextPresentKeyword.execute(VerifyTextPresentKeyword.groovy:68)
	at com.kms.katalon.core.keyword.internal.KeywordExecutor.executeKeywordForPlatform(KeywordExecutor.groovy:73)
	at com.kms.katalon.core.webui.keyword.WebUiBuiltInKeywords.verifyTextPresent(WebUiBuiltInKeywords.groovy:1723)
	at com.kms.katalon.core.webui.keyword.WebUiBuiltInKeywords$verifyTextPresent$3.call(Unknown Source)
	at ExtensionPayments_MRF_TC.run(ExtensionPayments_MRF_TC:63)
	at com.kms.katalon.core.main.ScriptEngine.run(ScriptEngine.java:194)
	at com.kms.katalon.core.main.ScriptEngine.runScriptAsRawText(ScriptEngine.java:119)
	at com.kms.katalon.core.main.TestCaseExecutor.runScript(TestCaseExecutor.java:369)
	at com.kms.katalon.core.main.TestCaseExecutor.doExecute(TestCaseExecutor.java:360)
	at com.kms.katalon.core.main.TestCaseExecutor.processExecutionPhase(TestCaseExecutor.java:339)
	at com.kms.katalon.core.main.TestCaseExecutor.accessMainPhase(TestCaseExecutor.java:331)
	at com.kms.katalon.core.main.TestCaseExecutor.execute(TestCaseExecutor.java:248)
	at com.kms.katalon.core.main.TestSuiteExecutor.accessTestCaseMainPhase(TestSuiteExecutor.java:191)
	at com.kms.katalon.core.main.TestSuiteExecutor.accessTestSuiteMainPhase(TestSuiteExecutor.java:140)
	at com.kms.katalon.core.main.TestSuiteExecutor.execute(TestSuiteExecutor.java:89)
	at com.kms.katalon.core.main.TestCaseMain.startTestSuite(TestCaseMain.java:185)
	at com.kms.katalon.core.main.TestCaseMain$startTestSuite$0.call(Unknown Source)
	at TempTestSuite1634615486512.run(TempTestSuite1634615486512.groovy:39)
)

2021-10-18 23:53:51 - [TEST_STEP][FAILED] - verifyTextPresent("Enter address", true): Text 'Enter address' is not present on page  using regular expression (Root cause: com.kms.katalon.core.exception.StepFailedException: Text 'Enter address' is not present on page  using regular expression
	at com.kms.katalon.core.webui.keyword.internal.WebUIKeywordMain.stepFailed(WebUIKeywordMain.groovy:64)
	at com.kms.katalon.core.webui.keyword.builtin.VerifyTextPresentKeyword$_verifyTextPresent_closure1.doCall(VerifyTextPresentKeyword.groovy:79)
	at com.kms.katalon.core.webui.keyword.builtin.VerifyTextPresentKeyword$_verifyTextPresent_closure1.call(VerifyTextPresentKeyword.groovy)
	at com.kms.katalon.core.webui.keyword.internal.WebUIKeywordMain.runKeyword(WebUIKeywordMain.groovy:20)
	at com.kms.katalon.core.webui.keyword.builtin.VerifyTextPresentKeyword.verifyTextPresent(VerifyTextPresentKeyword.groovy:83)
	at com.kms.katalon.core.webui.keyword.builtin.VerifyTextPresentKeyword.execute(VerifyTextPresentKeyword.groovy:68)
	at com.kms.katalon.core.keyword.internal.KeywordExecutor.executeKeywordForPlatform(KeywordExecutor.groovy:73)
	at com.kms.katalon.core.webui.keyword.WebUiBuiltInKeywords.verifyTextPresent(WebUiBuiltInKeywords.groovy:1723)
	at com.kms.katalon.core.webui.keyword.WebUiBuiltInKeywords$verifyTextPresent$3.call(Unknown Source)
	at ExtensionPayments_MRF_TC.run(ExtensionPayments_MRF_TC:65)
	at com.kms.katalon.core.main.ScriptEngine.run(ScriptEngine.java:194)
	at com.kms.katalon.core.main.ScriptEngine.runScriptAsRawText(ScriptEngine.java:119)
	at com.kms.katalon.core.main.TestCaseExecutor.runScript(TestCaseExecutor.java:369)
	at com.kms.katalon.core.main.TestCaseExecutor.doExecute(TestCaseExecutor.java:360)
	at com.kms.katalon.core.main.TestCaseExecutor.processExecutionPhase(TestCaseExecutor.java:339)
	at com.kms.katalon.core.main.TestCaseExecutor.accessMainPhase(TestCaseExecutor.java:331)
	at com.kms.katalon.core.main.TestCaseExecutor.execute(TestCaseExecutor.java:248)
	at com.kms.katalon.core.main.TestSuiteExecutor.accessTestCaseMainPhase(TestSuiteExecutor.java:191)
	at com.kms.katalon.core.main.TestSuiteExecutor.accessTestSuiteMainPhase(TestSuiteExecutor.java:140)
	at com.kms.katalon.core.main.TestSuiteExecutor.execute(TestSuiteExecutor.java:89)
	at com.kms.katalon.core.main.TestCaseMain.startTestSuite(TestCaseMain.java:185)
	at com.kms.katalon.core.main.TestCaseMain$startTestSuite$0.call(Unknown Source)
	at TempTestSuite1634615486512.run(TempTestSuite1634615486512.groovy:39)
)

2021-10-18 23:53:51 - [MESSAGE][FAILED] - Text 'Enter address' is not present on page  using regular expression (Root cause: com.kms.katalon.core.exception.StepFailedException: Text 'Enter address' is not present on page  using regular expression
	at com.kms.katalon.core.webui.keyword.internal.WebUIKeywordMain.stepFailed(WebUIKeywordMain.groovy:64)
	at com.kms.katalon.core.webui.keyword.builtin.VerifyTextPresentKeyword$_verifyTextPresent_closure1.doCall(VerifyTextPresentKeyword.groovy:79)
	at com.kms.katalon.core.webui.keyword.builtin.VerifyTextPresentKeyword$_verifyTextPresent_closure1.call(VerifyTextPresentKeyword.groovy)
	at com.kms.katalon.core.webui.keyword.internal.WebUIKeywordMain.runKeyword(WebUIKeywordMain.groovy:20)
	at com.kms.katalon.core.webui.keyword.builtin.VerifyTextPresentKeyword.verifyTextPresent(VerifyTextPresentKeyword.groovy:83)
	at com.kms.katalon.core.webui.keyword.builtin.VerifyTextPresentKeyword.execute(VerifyTextPresentKeyword.groovy:68)
	at com.kms.katalon.core.keyword.internal.KeywordExecutor.executeKeywordForPlatform(KeywordExecutor.groovy:73)
	at com.kms.katalon.core.webui.keyword.WebUiBuiltInKeywords.verifyTextPresent(WebUiBuiltInKeywords.groovy:1723)
	at com.kms.katalon.core.webui.keyword.WebUiBuiltInKeywords$verifyTextPresent$3.call(Unknown Source)
	at ExtensionPayments_MRF_TC.run(ExtensionPayments_MRF_TC:65)
	at com.kms.katalon.core.main.ScriptEngine.run(ScriptEngine.java:194)
	at com.kms.katalon.core.main.ScriptEngine.runScriptAsRawText(ScriptEngine.java:119)
	at com.kms.katalon.core.main.TestCaseExecutor.runScript(TestCaseExecutor.java:369)
	at com.kms.katalon.core.main.TestCaseExecutor.doExecute(TestCaseExecutor.java:360)
	at com.kms.katalon.core.main.TestCaseExecutor.processExecutionPhase(TestCaseExecutor.java:339)
	at com.kms.katalon.core.main.TestCaseExecutor.accessMainPhase(TestCaseExecutor.java:331)
	at com.kms.katalon.core.main.TestCaseExecutor.execute(TestCaseExecutor.java:248)
	at com.kms.katalon.core.main.TestSuiteExecutor.accessTestCaseMainPhase(TestSuiteExecutor.java:191)
	at com.kms.katalon.core.main.TestSuiteExecutor.accessTestSuiteMainPhase(TestSuiteExecutor.java:140)
	at com.kms.katalon.core.main.TestSuiteExecutor.execute(TestSuiteExecutor.java:89)
	at com.kms.katalon.core.main.TestCaseMain.startTestSuite(TestCaseMain.java:185)
	at com.kms.katalon.core.main.TestCaseMain$startTestSuite$0.call(Unknown Source)
	at TempTestSuite1634615486512.run(TempTestSuite1634615486512.groovy:39)
)

2021-10-18 23:53:51 - [TEST_STEP][FAILED] - verifyTextPresent("Enter city", true): Text 'Enter city' is not present on page  using regular expression (Root cause: com.kms.katalon.core.exception.StepFailedException: Text 'Enter city' is not present on page  using regular expression
	at com.kms.katalon.core.webui.keyword.internal.WebUIKeywordMain.stepFailed(WebUIKeywordMain.groovy:64)
	at com.kms.katalon.core.webui.keyword.builtin.VerifyTextPresentKeyword$_verifyTextPresent_closure1.doCall(VerifyTextPresentKeyword.groovy:79)
	at com.kms.katalon.core.webui.keyword.builtin.VerifyTextPresentKeyword$_verifyTextPresent_closure1.call(VerifyTextPresentKeyword.groovy)
	at com.kms.katalon.core.webui.keyword.internal.WebUIKeywordMain.runKeyword(WebUIKeywordMain.groovy:20)
	at com.kms.katalon.core.webui.keyword.builtin.VerifyTextPresentKeyword.verifyTextPresent(VerifyTextPresentKeyword.groovy:83)
	at com.kms.katalon.core.webui.keyword.builtin.VerifyTextPresentKeyword.execute(VerifyTextPresentKeyword.groovy:68)
	at com.kms.katalon.core.keyword.internal.KeywordExecutor.executeKeywordForPlatform(KeywordExecutor.groovy:73)
	at com.kms.katalon.core.webui.keyword.WebUiBuiltInKeywords.verifyTextPresent(WebUiBuiltInKeywords.groovy:1723)
	at com.kms.katalon.core.webui.keyword.WebUiBuiltInKeywords$verifyTextPresent$3.call(Unknown Source)
	at ExtensionPayments_MRF_TC.run(ExtensionPayments_MRF_TC:67)
	at com.kms.katalon.core.main.ScriptEngine.run(ScriptEngine.java:194)
	at com.kms.katalon.core.main.ScriptEngine.runScriptAsRawText(ScriptEngine.java:119)
	at com.kms.katalon.core.main.TestCaseExecutor.runScript(TestCaseExecutor.java:369)
	at com.kms.katalon.core.main.TestCaseExecutor.doExecute(TestCaseExecutor.java:360)
	at com.kms.katalon.core.main.TestCaseExecutor.processExecutionPhase(TestCaseExecutor.java:339)
	at com.kms.katalon.core.main.TestCaseExecutor.accessMainPhase(TestCaseExecutor.java:331)
	at com.kms.katalon.core.main.TestCaseExecutor.execute(TestCaseExecutor.java:248)
	at com.kms.katalon.core.main.TestSuiteExecutor.accessTestCaseMainPhase(TestSuiteExecutor.java:191)
	at com.kms.katalon.core.main.TestSuiteExecutor.accessTestSuiteMainPhase(TestSuiteExecutor.java:140)
	at com.kms.katalon.core.main.TestSuiteExecutor.execute(TestSuiteExecutor.java:89)
	at com.kms.katalon.core.main.TestCaseMain.startTestSuite(TestCaseMain.java:185)
	at com.kms.katalon.core.main.TestCaseMain$startTestSuite$0.call(Unknown Source)
	at TempTestSuite1634615486512.run(TempTestSuite1634615486512.groovy:39)
)

2021-10-18 23:53:51 - [MESSAGE][FAILED] - Text 'Enter city' is not present on page  using regular expression (Root cause: com.kms.katalon.core.exception.StepFailedException: Text 'Enter city' is not present on page  using regular expression
	at com.kms.katalon.core.webui.keyword.internal.WebUIKeywordMain.stepFailed(WebUIKeywordMain.groovy:64)
	at com.kms.katalon.core.webui.keyword.builtin.VerifyTextPresentKeyword$_verifyTextPresent_closure1.doCall(VerifyTextPresentKeyword.groovy:79)
	at com.kms.katalon.core.webui.keyword.builtin.VerifyTextPresentKeyword$_verifyTextPresent_closure1.call(VerifyTextPresentKeyword.groovy)
	at com.kms.katalon.core.webui.keyword.internal.WebUIKeywordMain.runKeyword(WebUIKeywordMain.groovy:20)
	at com.kms.katalon.core.webui.keyword.builtin.VerifyTextPresentKeyword.verifyTextPresent(VerifyTextPresentKeyword.groovy:83)
	at com.kms.katalon.core.webui.keyword.builtin.VerifyTextPresentKeyword.execute(VerifyTextPresentKeyword.groovy:68)
	at com.kms.katalon.core.keyword.internal.KeywordExecutor.executeKeywordForPlatform(KeywordExecutor.groovy:73)
	at com.kms.katalon.core.webui.keyword.WebUiBuiltInKeywords.verifyTextPresent(WebUiBuiltInKeywords.groovy:1723)
	at com.kms.katalon.core.webui.keyword.WebUiBuiltInKeywords$verifyTextPresent$3.call(Unknown Source)
	at ExtensionPayments_MRF_TC.run(ExtensionPayments_MRF_TC:67)
	at com.kms.katalon.core.main.ScriptEngine.run(ScriptEngine.java:194)
	at com.kms.katalon.core.main.ScriptEngine.runScriptAsRawText(ScriptEngine.java:119)
	at com.kms.katalon.core.main.TestCaseExecutor.runScript(TestCaseExecutor.java:369)
	at com.kms.katalon.core.main.TestCaseExecutor.doExecute(TestCaseExecutor.java:360)
	at com.kms.katalon.core.main.TestCaseExecutor.processExecutionPhase(TestCaseExecutor.java:339)
	at com.kms.katalon.core.main.TestCaseExecutor.accessMainPhase(TestCaseExecutor.java:331)
	at com.kms.katalon.core.main.TestCaseExecutor.execute(TestCaseExecutor.java:248)
	at com.kms.katalon.core.main.TestSuiteExecutor.accessTestCaseMainPhase(TestSuiteExecutor.java:191)
	at com.kms.katalon.core.main.TestSuiteExecutor.accessTestSuiteMainPhase(TestSuiteExecutor.java:140)
	at com.kms.katalon.core.main.TestSuiteExecutor.execute(TestSuiteExecutor.java:89)
	at com.kms.katalon.core.main.TestCaseMain.startTestSuite(TestCaseMain.java:185)
	at com.kms.katalon.core.main.TestCaseMain$startTestSuite$0.call(Unknown Source)
	at TempTestSuite1634615486512.run(TempTestSuite1634615486512.groovy:39)
)

2021-10-18 23:53:51 - [TEST_STEP][FAILED] - verifyTextPresent("Select a state", true): Text 'Select a state' is not present on page  using regular expression (Root cause: com.kms.katalon.core.exception.StepFailedException: Text 'Select a state' is not present on page  using regular expression
	at com.kms.katalon.core.webui.keyword.internal.WebUIKeywordMain.stepFailed(WebUIKeywordMain.groovy:64)
	at com.kms.katalon.core.webui.keyword.builtin.VerifyTextPresentKeyword$_verifyTextPresent_closure1.doCall(VerifyTextPresentKeyword.groovy:79)
	at com.kms.katalon.core.webui.keyword.builtin.VerifyTextPresentKeyword$_verifyTextPresent_closure1.call(VerifyTextPresentKeyword.groovy)
	at com.kms.katalon.core.webui.keyword.internal.WebUIKeywordMain.runKeyword(WebUIKeywordMain.groovy:20)
	at com.kms.katalon.core.webui.keyword.builtin.VerifyTextPresentKeyword.verifyTextPresent(VerifyTextPresentKeyword.groovy:83)
	at com.kms.katalon.core.webui.keyword.builtin.VerifyTextPresentKeyword.execute(VerifyTextPresentKeyword.groovy:68)
	at com.kms.katalon.core.keyword.internal.KeywordExecutor.executeKeywordForPlatform(KeywordExecutor.groovy:73)
	at com.kms.katalon.core.webui.keyword.WebUiBuiltInKeywords.verifyTextPresent(WebUiBuiltInKeywords.groovy:1723)
	at com.kms.katalon.core.webui.keyword.WebUiBuiltInKeywords$verifyTextPresent$3.call(Unknown Source)
	at ExtensionPayments_MRF_TC.run(ExtensionPayments_MRF_TC:69)
	at com.kms.katalon.core.main.ScriptEngine.run(ScriptEngine.java:194)
	at com.kms.katalon.core.main.ScriptEngine.runScriptAsRawText(ScriptEngine.java:119)
	at com.kms.katalon.core.main.TestCaseExecutor.runScript(TestCaseExecutor.java:369)
	at com.kms.katalon.core.main.TestCaseExecutor.doExecute(TestCaseExecutor.java:360)
	at com.kms.katalon.core.main.TestCaseExecutor.processExecutionPhase(TestCaseExecutor.java:339)
	at com.kms.katalon.core.main.TestCaseExecutor.accessMainPhase(TestCaseExecutor.java:331)
	at com.kms.katalon.core.main.TestCaseExecutor.execute(TestCaseExecutor.java:248)
	at com.kms.katalon.core.main.TestSuiteExecutor.accessTestCaseMainPhase(TestSuiteExecutor.java:191)
	at com.kms.katalon.core.main.TestSuiteExecutor.accessTestSuiteMainPhase(TestSuiteExecutor.java:140)
	at com.kms.katalon.core.main.TestSuiteExecutor.execute(TestSuiteExecutor.java:89)
	at com.kms.katalon.core.main.TestCaseMain.startTestSuite(TestCaseMain.java:185)
	at com.kms.katalon.core.main.TestCaseMain$startTestSuite$0.call(Unknown Source)
	at TempTestSuite1634615486512.run(TempTestSuite1634615486512.groovy:39)
)

2021-10-18 23:53:51 - [MESSAGE][FAILED] - Text 'Select a state' is not present on page  using regular expression (Root cause: com.kms.katalon.core.exception.StepFailedException: Text 'Select a state' is not present on page  using regular expression
	at com.kms.katalon.core.webui.keyword.internal.WebUIKeywordMain.stepFailed(WebUIKeywordMain.groovy:64)
	at com.kms.katalon.core.webui.keyword.builtin.VerifyTextPresentKeyword$_verifyTextPresent_closure1.doCall(VerifyTextPresentKeyword.groovy:79)
	at com.kms.katalon.core.webui.keyword.builtin.VerifyTextPresentKeyword$_verifyTextPresent_closure1.call(VerifyTextPresentKeyword.groovy)
	at com.kms.katalon.core.webui.keyword.internal.WebUIKeywordMain.runKeyword(WebUIKeywordMain.groovy:20)
	at com.kms.katalon.core.webui.keyword.builtin.VerifyTextPresentKeyword.verifyTextPresent(VerifyTextPresentKeyword.groovy:83)
	at com.kms.katalon.core.webui.keyword.builtin.VerifyTextPresentKeyword.execute(VerifyTextPresentKeyword.groovy:68)
	at com.kms.katalon.core.keyword.internal.KeywordExecutor.executeKeywordForPlatform(KeywordExecutor.groovy:73)
	at com.kms.katalon.core.webui.keyword.WebUiBuiltInKeywords.verifyTextPresent(WebUiBuiltInKeywords.groovy:1723)
	at com.kms.katalon.core.webui.keyword.WebUiBuiltInKeywords$verifyTextPresent$3.call(Unknown Source)
	at ExtensionPayments_MRF_TC.run(ExtensionPayments_MRF_TC:69)
	at com.kms.katalon.core.main.ScriptEngine.run(ScriptEngine.java:194)
	at com.kms.katalon.core.main.ScriptEngine.runScriptAsRawText(ScriptEngine.java:119)
	at com.kms.katalon.core.main.TestCaseExecutor.runScript(TestCaseExecutor.java:369)
	at com.kms.katalon.core.main.TestCaseExecutor.doExecute(TestCaseExecutor.java:360)
	at com.kms.katalon.core.main.TestCaseExecutor.processExecutionPhase(TestCaseExecutor.java:339)
	at com.kms.katalon.core.main.TestCaseExecutor.accessMainPhase(TestCaseExecutor.java:331)
	at com.kms.katalon.core.main.TestCaseExecutor.execute(TestCaseExecutor.java:248)
	at com.kms.katalon.core.main.TestSuiteExecutor.accessTestCaseMainPhase(TestSuiteExecutor.java:191)
	at com.kms.katalon.core.main.TestSuiteExecutor.accessTestSuiteMainPhase(TestSuiteExecutor.java:140)
	at com.kms.katalon.core.main.TestSuiteExecutor.execute(TestSuiteExecutor.java:89)
	at com.kms.katalon.core.main.TestCaseMain.startTestSuite(TestCaseMain.java:185)
	at com.kms.katalon.core.main.TestCaseMain$startTestSuite$0.call(Unknown Source)
	at TempTestSuite1634615486512.run(TempTestSuite1634615486512.groovy:39)
)

2021-10-18 23:53:51 - [TEST_STEP][FAILED] - verifyTextPresent("Enter ZIP code", true): Text 'Enter ZIP code' is not present on page  using regular expression (Root cause: com.kms.katalon.core.exception.StepFailedException: Text 'Enter ZIP code' is not present on page  using regular expression
	at com.kms.katalon.core.webui.keyword.internal.WebUIKeywordMain.stepFailed(WebUIKeywordMain.groovy:64)
	at com.kms.katalon.core.webui.keyword.builtin.VerifyTextPresentKeyword$_verifyTextPresent_closure1.doCall(VerifyTextPresentKeyword.groovy:79)
	at com.kms.katalon.core.webui.keyword.builtin.VerifyTextPresentKeyword$_verifyTextPresent_closure1.call(VerifyTextPresentKeyword.groovy)
	at com.kms.katalon.core.webui.keyword.internal.WebUIKeywordMain.runKeyword(WebUIKeywordMain.groovy:20)
	at com.kms.katalon.core.webui.keyword.builtin.VerifyTextPresentKeyword.verifyTextPresent(VerifyTextPresentKeyword.groovy:83)
	at com.kms.katalon.core.webui.keyword.builtin.VerifyTextPresentKeyword.execute(VerifyTextPresentKeyword.groovy:68)
	at com.kms.katalon.core.keyword.internal.KeywordExecutor.executeKeywordForPlatform(KeywordExecutor.groovy:73)
	at com.kms.katalon.core.webui.keyword.WebUiBuiltInKeywords.verifyTextPresent(WebUiBuiltInKeywords.groovy:1723)
	at com.kms.katalon.core.webui.keyword.WebUiBuiltInKeywords$verifyTextPresent$3.call(Unknown Source)
	at ExtensionPayments_MRF_TC.run(ExtensionPayments_MRF_TC:71)
	at com.kms.katalon.core.main.ScriptEngine.run(ScriptEngine.java:194)
	at com.kms.katalon.core.main.ScriptEngine.runScriptAsRawText(ScriptEngine.java:119)
	at com.kms.katalon.core.main.TestCaseExecutor.runScript(TestCaseExecutor.java:369)
	at com.kms.katalon.core.main.TestCaseExecutor.doExecute(TestCaseExecutor.java:360)
	at com.kms.katalon.core.main.TestCaseExecutor.processExecutionPhase(TestCaseExecutor.java:339)
	at com.kms.katalon.core.main.TestCaseExecutor.accessMainPhase(TestCaseExecutor.java:331)
	at com.kms.katalon.core.main.TestCaseExecutor.execute(TestCaseExecutor.java:248)
	at com.kms.katalon.core.main.TestSuiteExecutor.accessTestCaseMainPhase(TestSuiteExecutor.java:191)
	at com.kms.katalon.core.main.TestSuiteExecutor.accessTestSuiteMainPhase(TestSuiteExecutor.java:140)
	at com.kms.katalon.core.main.TestSuiteExecutor.execute(TestSuiteExecutor.java:89)
	at com.kms.katalon.core.main.TestCaseMain.startTestSuite(TestCaseMain.java:185)
	at com.kms.katalon.core.main.TestCaseMain$startTestSuite$0.call(Unknown Source)
	at TempTestSuite1634615486512.run(TempTestSuite1634615486512.groovy:39)
)

2021-10-18 23:53:52 - [MESSAGE][FAILED] - Text 'Enter ZIP code' is not present on page  using regular expression (Root cause: com.kms.katalon.core.exception.StepFailedException: Text 'Enter ZIP code' is not present on page  using regular expression
	at com.kms.katalon.core.webui.keyword.internal.WebUIKeywordMain.stepFailed(WebUIKeywordMain.groovy:64)
	at com.kms.katalon.core.webui.keyword.builtin.VerifyTextPresentKeyword$_verifyTextPresent_closure1.doCall(VerifyTextPresentKeyword.groovy:79)
	at com.kms.katalon.core.webui.keyword.builtin.VerifyTextPresentKeyword$_verifyTextPresent_closure1.call(VerifyTextPresentKeyword.groovy)
	at com.kms.katalon.core.webui.keyword.internal.WebUIKeywordMain.runKeyword(WebUIKeywordMain.groovy:20)
	at com.kms.katalon.core.webui.keyword.builtin.VerifyTextPresentKeyword.verifyTextPresent(VerifyTextPresentKeyword.groovy:83)
	at com.kms.katalon.core.webui.keyword.builtin.VerifyTextPresentKeyword.execute(VerifyTextPresentKeyword.groovy:68)
	at com.kms.katalon.core.keyword.internal.KeywordExecutor.executeKeywordForPlatform(KeywordExecutor.groovy:73)
	at com.kms.katalon.core.webui.keyword.WebUiBuiltInKeywords.verifyTextPresent(WebUiBuiltInKeywords.groovy:1723)
	at com.kms.katalon.core.webui.keyword.WebUiBuiltInKeywords$verifyTextPresent$3.call(Unknown Source)
	at ExtensionPayments_MRF_TC.run(ExtensionPayments_MRF_TC:71)
	at com.kms.katalon.core.main.ScriptEngine.run(ScriptEngine.java:194)
	at com.kms.katalon.core.main.ScriptEngine.runScriptAsRawText(ScriptEngine.java:119)
	at com.kms.katalon.core.main.TestCaseExecutor.runScript(TestCaseExecutor.java:369)
	at com.kms.katalon.core.main.TestCaseExecutor.doExecute(TestCaseExecutor.java:360)
	at com.kms.katalon.core.main.TestCaseExecutor.processExecutionPhase(TestCaseExecutor.java:339)
	at com.kms.katalon.core.main.TestCaseExecutor.accessMainPhase(TestCaseExecutor.java:331)
	at com.kms.katalon.core.main.TestCaseExecutor.execute(TestCaseExecutor.java:248)
	at com.kms.katalon.core.main.TestSuiteExecutor.accessTestCaseMainPhase(TestSuiteExecutor.java:191)
	at com.kms.katalon.core.main.TestSuiteExecutor.accessTestSuiteMainPhase(TestSuiteExecutor.java:140)
	at com.kms.katalon.core.main.TestSuiteExecutor.execute(TestSuiteExecutor.java:89)
	at com.kms.katalon.core.main.TestCaseMain.startTestSuite(TestCaseMain.java:185)
	at com.kms.katalon.core.main.TestCaseMain$startTestSuite$0.call(Unknown Source)
	at TempTestSuite1634615486512.run(TempTestSuite1634615486512.groovy:39)
)

2021-10-18 23:53:52 - [TEST_STEP][FAILED] - verifyTextPresent("Enter a phone number", true): Text 'Enter a phone number' is not present on page  using regular expression (Root cause: com.kms.katalon.core.exception.StepFailedException: Text 'Enter a phone number' is not present on page  using regular expression
	at com.kms.katalon.core.webui.keyword.internal.WebUIKeywordMain.stepFailed(WebUIKeywordMain.groovy:64)
	at com.kms.katalon.core.webui.keyword.builtin.VerifyTextPresentKeyword$_verifyTextPresent_closure1.doCall(VerifyTextPresentKeyword.groovy:79)
	at com.kms.katalon.core.webui.keyword.builtin.VerifyTextPresentKeyword$_verifyTextPresent_closure1.call(VerifyTextPresentKeyword.groovy)
	at com.kms.katalon.core.webui.keyword.internal.WebUIKeywordMain.runKeyword(WebUIKeywordMain.groovy:20)
	at com.kms.katalon.core.webui.keyword.builtin.VerifyTextPresentKeyword.verifyTextPresent(VerifyTextPresentKeyword.groovy:83)
	at com.kms.katalon.core.webui.keyword.builtin.VerifyTextPresentKeyword.execute(VerifyTextPresentKeyword.groovy:68)
	at com.kms.katalon.core.keyword.internal.KeywordExecutor.executeKeywordForPlatform(KeywordExecutor.groovy:73)
	at com.kms.katalon.core.webui.keyword.WebUiBuiltInKeywords.verifyTextPresent(WebUiBuiltInKeywords.groovy:1723)
	at com.kms.katalon.core.webui.keyword.WebUiBuiltInKeywords$verifyTextPresent$3.call(Unknown Source)
	at ExtensionPayments_MRF_TC.run(ExtensionPayments_MRF_TC:73)
	at com.kms.katalon.core.main.ScriptEngine.run(ScriptEngine.java:194)
	at com.kms.katalon.core.main.ScriptEngine.runScriptAsRawText(ScriptEngine.java:119)
	at com.kms.katalon.core.main.TestCaseExecutor.runScript(TestCaseExecutor.java:369)
	at com.kms.katalon.core.main.TestCaseExecutor.doExecute(TestCaseExecutor.java:360)
	at com.kms.katalon.core.main.TestCaseExecutor.processExecutionPhase(TestCaseExecutor.java:339)
	at com.kms.katalon.core.main.TestCaseExecutor.accessMainPhase(TestCaseExecutor.java:331)
	at com.kms.katalon.core.main.TestCaseExecutor.execute(TestCaseExecutor.java:248)
	at com.kms.katalon.core.main.TestSuiteExecutor.accessTestCaseMainPhase(TestSuiteExecutor.java:191)
	at com.kms.katalon.core.main.TestSuiteExecutor.accessTestSuiteMainPhase(TestSuiteExecutor.java:140)
	at com.kms.katalon.core.main.TestSuiteExecutor.execute(TestSuiteExecutor.java:89)
	at com.kms.katalon.core.main.TestCaseMain.startTestSuite(TestCaseMain.java:185)
	at com.kms.katalon.core.main.TestCaseMain$startTestSuite$0.call(Unknown Source)
	at TempTestSuite1634615486512.run(TempTestSuite1634615486512.groovy:39)
)

2021-10-18 23:53:52 - [MESSAGE][FAILED] - Text 'Enter a phone number' is not present on page  using regular expression (Root cause: com.kms.katalon.core.exception.StepFailedException: Text 'Enter a phone number' is not present on page  using regular expression
	at com.kms.katalon.core.webui.keyword.internal.WebUIKeywordMain.stepFailed(WebUIKeywordMain.groovy:64)
	at com.kms.katalon.core.webui.keyword.builtin.VerifyTextPresentKeyword$_verifyTextPresent_closure1.doCall(VerifyTextPresentKeyword.groovy:79)
	at com.kms.katalon.core.webui.keyword.builtin.VerifyTextPresentKeyword$_verifyTextPresent_closure1.call(VerifyTextPresentKeyword.groovy)
	at com.kms.katalon.core.webui.keyword.internal.WebUIKeywordMain.runKeyword(WebUIKeywordMain.groovy:20)
	at com.kms.katalon.core.webui.keyword.builtin.VerifyTextPresentKeyword.verifyTextPresent(VerifyTextPresentKeyword.groovy:83)
	at com.kms.katalon.core.webui.keyword.builtin.VerifyTextPresentKeyword.execute(VerifyTextPresentKeyword.groovy:68)
	at com.kms.katalon.core.keyword.internal.KeywordExecutor.executeKeywordForPlatform(KeywordExecutor.groovy:73)
	at com.kms.katalon.core.webui.keyword.WebUiBuiltInKeywords.verifyTextPresent(WebUiBuiltInKeywords.groovy:1723)
	at com.kms.katalon.core.webui.keyword.WebUiBuiltInKeywords$verifyTextPresent$3.call(Unknown Source)
	at ExtensionPayments_MRF_TC.run(ExtensionPayments_MRF_TC:73)
	at com.kms.katalon.core.main.ScriptEngine.run(ScriptEngine.java:194)
	at com.kms.katalon.core.main.ScriptEngine.runScriptAsRawText(ScriptEngine.java:119)
	at com.kms.katalon.core.main.TestCaseExecutor.runScript(TestCaseExecutor.java:369)
	at com.kms.katalon.core.main.TestCaseExecutor.doExecute(TestCaseExecutor.java:360)
	at com.kms.katalon.core.main.TestCaseExecutor.processExecutionPhase(TestCaseExecutor.java:339)
	at com.kms.katalon.core.main.TestCaseExecutor.accessMainPhase(TestCaseExecutor.java:331)
	at com.kms.katalon.core.main.TestCaseExecutor.execute(TestCaseExecutor.java:248)
	at com.kms.katalon.core.main.TestSuiteExecutor.accessTestCaseMainPhase(TestSuiteExecutor.java:191)
	at com.kms.katalon.core.main.TestSuiteExecutor.accessTestSuiteMainPhase(TestSuiteExecutor.java:140)
	at com.kms.katalon.core.main.TestSuiteExecutor.execute(TestSuiteExecutor.java:89)
	at com.kms.katalon.core.main.TestCaseMain.startTestSuite(TestCaseMain.java:185)
	at com.kms.katalon.core.main.TestCaseMain$startTestSuite$0.call(Unknown Source)
	at TempTestSuite1634615486512.run(TempTestSuite1634615486512.groovy:39)
)

2021-10-18 23:53:52 - [TEST_STEP][FAILED] - verifyTextPresent("Enter Email", true): Text 'Enter Email' is not present on page  using regular expression (Root cause: com.kms.katalon.core.exception.StepFailedException: Text 'Enter Email' is not present on page  using regular expression
	at com.kms.katalon.core.webui.keyword.internal.WebUIKeywordMain.stepFailed(WebUIKeywordMain.groovy:64)
	at com.kms.katalon.core.webui.keyword.builtin.VerifyTextPresentKeyword$_verifyTextPresent_closure1.doCall(VerifyTextPresentKeyword.groovy:79)
	at com.kms.katalon.core.webui.keyword.builtin.VerifyTextPresentKeyword$_verifyTextPresent_closure1.call(VerifyTextPresentKeyword.groovy)
	at com.kms.katalon.core.webui.keyword.internal.WebUIKeywordMain.runKeyword(WebUIKeywordMain.groovy:20)
	at com.kms.katalon.core.webui.keyword.builtin.VerifyTextPresentKeyword.verifyTextPresent(VerifyTextPresentKeyword.groovy:83)
	at com.kms.katalon.core.webui.keyword.builtin.VerifyTextPresentKeyword.execute(VerifyTextPresentKeyword.groovy:68)
	at com.kms.katalon.core.keyword.internal.KeywordExecutor.executeKeywordForPlatform(KeywordExecutor.groovy:73)
	at com.kms.katalon.core.webui.keyword.WebUiBuiltInKeywords.verifyTextPresent(WebUiBuiltInKeywords.groovy:1723)
	at com.kms.katalon.core.webui.keyword.WebUiBuiltInKeywords$verifyTextPresent$3.call(Unknown Source)
	at ExtensionPayments_MRF_TC.run(ExtensionPayments_MRF_TC:75)
	at com.kms.katalon.core.main.ScriptEngine.run(ScriptEngine.java:194)
	at com.kms.katalon.core.main.ScriptEngine.runScriptAsRawText(ScriptEngine.java:119)
	at com.kms.katalon.core.main.TestCaseExecutor.runScript(TestCaseExecutor.java:369)
	at com.kms.katalon.core.main.TestCaseExecutor.doExecute(TestCaseExecutor.java:360)
	at com.kms.katalon.core.main.TestCaseExecutor.processExecutionPhase(TestCaseExecutor.java:339)
	at com.kms.katalon.core.main.TestCaseExecutor.accessMainPhase(TestCaseExecutor.java:331)
	at com.kms.katalon.core.main.TestCaseExecutor.execute(TestCaseExecutor.java:248)
	at com.kms.katalon.core.main.TestSuiteExecutor.accessTestCaseMainPhase(TestSuiteExecutor.java:191)
	at com.kms.katalon.core.main.TestSuiteExecutor.accessTestSuiteMainPhase(TestSuiteExecutor.java:140)
	at com.kms.katalon.core.main.TestSuiteExecutor.execute(TestSuiteExecutor.java:89)
	at com.kms.katalon.core.main.TestCaseMain.startTestSuite(TestCaseMain.java:185)
	at com.kms.katalon.core.main.TestCaseMain$startTestSuite$0.call(Unknown Source)
	at TempTestSuite1634615486512.run(TempTestSuite1634615486512.groovy:39)
)

2021-10-18 23:53:52 - [MESSAGE][FAILED] - Text 'Enter Email' is not present on page  using regular expression (Root cause: com.kms.katalon.core.exception.StepFailedException: Text 'Enter Email' is not present on page  using regular expression
	at com.kms.katalon.core.webui.keyword.internal.WebUIKeywordMain.stepFailed(WebUIKeywordMain.groovy:64)
	at com.kms.katalon.core.webui.keyword.builtin.VerifyTextPresentKeyword$_verifyTextPresent_closure1.doCall(VerifyTextPresentKeyword.groovy:79)
	at com.kms.katalon.core.webui.keyword.builtin.VerifyTextPresentKeyword$_verifyTextPresent_closure1.call(VerifyTextPresentKeyword.groovy)
	at com.kms.katalon.core.webui.keyword.internal.WebUIKeywordMain.runKeyword(WebUIKeywordMain.groovy:20)
	at com.kms.katalon.core.webui.keyword.builtin.VerifyTextPresentKeyword.verifyTextPresent(VerifyTextPresentKeyword.groovy:83)
	at com.kms.katalon.core.webui.keyword.builtin.VerifyTextPresentKeyword.execute(VerifyTextPresentKeyword.groovy:68)
	at com.kms.katalon.core.keyword.internal.KeywordExecutor.executeKeywordForPlatform(KeywordExecutor.groovy:73)
	at com.kms.katalon.core.webui.keyword.WebUiBuiltInKeywords.verifyTextPresent(WebUiBuiltInKeywords.groovy:1723)
	at com.kms.katalon.core.webui.keyword.WebUiBuiltInKeywords$verifyTextPresent$3.call(Unknown Source)
	at ExtensionPayments_MRF_TC.run(ExtensionPayments_MRF_TC:75)
	at com.kms.katalon.core.main.ScriptEngine.run(ScriptEngine.java:194)
	at com.kms.katalon.core.main.ScriptEngine.runScriptAsRawText(ScriptEngine.java:119)
	at com.kms.katalon.core.main.TestCaseExecutor.runScript(TestCaseExecutor.java:369)
	at com.kms.katalon.core.main.TestCaseExecutor.doExecute(TestCaseExecutor.java:360)
	at com.kms.katalon.core.main.TestCaseExecutor.processExecutionPhase(TestCaseExecutor.java:339)
	at com.kms.katalon.core.main.TestCaseExecutor.accessMainPhase(TestCaseExecutor.java:331)
	at com.kms.katalon.core.main.TestCaseExecutor.execute(TestCaseExecutor.java:248)
	at com.kms.katalon.core.main.TestSuiteExecutor.accessTestCaseMainPhase(TestSuiteExecutor.java:191)
	at com.kms.katalon.core.main.TestSuiteExecutor.accessTestSuiteMainPhase(TestSuiteExecutor.java:140)
	at com.kms.katalon.core.main.TestSuiteExecutor.execute(TestSuiteExecutor.java:89)
	at com.kms.katalon.core.main.TestCaseMain.startTestSuite(TestCaseMain.java:185)
	at com.kms.katalon.core.main.TestCaseMain$startTestSuite$0.call(Unknown Source)
	at TempTestSuite1634615486512.run(TempTestSuite1634615486512.groovy:39)
)

2021-10-18 23:53:52 - [TEST_STEP][FAILED] - verifyTextPresent("The Email and Re-enter email do not match", true): Text 'The Email and Re-enter email do not match' is not present on page  using regular expression (Root cause: com.kms.katalon.core.exception.StepFailedException: Text 'The Email and Re-enter email do not match' is not present on page  using regular expression
	at com.kms.katalon.core.webui.keyword.internal.WebUIKeywordMain.stepFailed(WebUIKeywordMain.groovy:64)
	at com.kms.katalon.core.webui.keyword.builtin.VerifyTextPresentKeyword$_verifyTextPresent_closure1.doCall(VerifyTextPresentKeyword.groovy:79)
	at com.kms.katalon.core.webui.keyword.builtin.VerifyTextPresentKeyword$_verifyTextPresent_closure1.call(VerifyTextPresentKeyword.groovy)
	at com.kms.katalon.core.webui.keyword.internal.WebUIKeywordMain.runKeyword(WebUIKeywordMain.groovy:20)
	at com.kms.katalon.core.webui.keyword.builtin.VerifyTextPresentKeyword.verifyTextPresent(VerifyTextPresentKeyword.groovy:83)
	at com.kms.katalon.core.webui.keyword.builtin.VerifyTextPresentKeyword.execute(VerifyTextPresentKeyword.groovy:68)
	at com.kms.katalon.core.keyword.internal.KeywordExecutor.executeKeywordForPlatform(KeywordExecutor.groovy:73)
	at com.kms.katalon.core.webui.keyword.WebUiBuiltInKeywords.verifyTextPresent(WebUiBuiltInKeywords.groovy:1723)
	at com.kms.katalon.core.webui.keyword.WebUiBuiltInKeywords$verifyTextPresent$3.call(Unknown Source)
	at ExtensionPayments_MRF_TC.run(ExtensionPayments_MRF_TC:77)
	at com.kms.katalon.core.main.ScriptEngine.run(ScriptEngine.java:194)
	at com.kms.katalon.core.main.ScriptEngine.runScriptAsRawText(ScriptEngine.java:119)
	at com.kms.katalon.core.main.TestCaseExecutor.runScript(TestCaseExecutor.java:369)
	at com.kms.katalon.core.main.TestCaseExecutor.doExecute(TestCaseExecutor.java:360)
	at com.kms.katalon.core.main.TestCaseExecutor.processExecutionPhase(TestCaseExecutor.java:339)
	at com.kms.katalon.core.main.TestCaseExecutor.accessMainPhase(TestCaseExecutor.java:331)
	at com.kms.katalon.core.main.TestCaseExecutor.execute(TestCaseExecutor.java:248)
	at com.kms.katalon.core.main.TestSuiteExecutor.accessTestCaseMainPhase(TestSuiteExecutor.java:191)
	at com.kms.katalon.core.main.TestSuiteExecutor.accessTestSuiteMainPhase(TestSuiteExecutor.java:140)
	at com.kms.katalon.core.main.TestSuiteExecutor.execute(TestSuiteExecutor.java:89)
	at com.kms.katalon.core.main.TestCaseMain.startTestSuite(TestCaseMain.java:185)
	at com.kms.katalon.core.main.TestCaseMain$startTestSuite$0.call(Unknown Source)
	at TempTestSuite1634615486512.run(TempTestSuite1634615486512.groovy:39)
)

2021-10-18 23:53:52 - [MESSAGE][FAILED] - Text 'The Email and Re-enter email do not match' is not present on page  using regular expression (Root cause: com.kms.katalon.core.exception.StepFailedException: Text 'The Email and Re-enter email do not match' is not present on page  using regular expression
	at com.kms.katalon.core.webui.keyword.internal.WebUIKeywordMain.stepFailed(WebUIKeywordMain.groovy:64)
	at com.kms.katalon.core.webui.keyword.builtin.VerifyTextPresentKeyword$_verifyTextPresent_closure1.doCall(VerifyTextPresentKeyword.groovy:79)
	at com.kms.katalon.core.webui.keyword.builtin.VerifyTextPresentKeyword$_verifyTextPresent_closure1.call(VerifyTextPresentKeyword.groovy)
	at com.kms.katalon.core.webui.keyword.internal.WebUIKeywordMain.runKeyword(WebUIKeywordMain.groovy:20)
	at com.kms.katalon.core.webui.keyword.builtin.VerifyTextPresentKeyword.verifyTextPresent(VerifyTextPresentKeyword.groovy:83)
	at com.kms.katalon.core.webui.keyword.builtin.VerifyTextPresentKeyword.execute(VerifyTextPresentKeyword.groovy:68)
	at com.kms.katalon.core.keyword.internal.KeywordExecutor.executeKeywordForPlatform(KeywordExecutor.groovy:73)
	at com.kms.katalon.core.webui.keyword.WebUiBuiltInKeywords.verifyTextPresent(WebUiBuiltInKeywords.groovy:1723)
	at com.kms.katalon.core.webui.keyword.WebUiBuiltInKeywords$verifyTextPresent$3.call(Unknown Source)
	at ExtensionPayments_MRF_TC.run(ExtensionPayments_MRF_TC:77)
	at com.kms.katalon.core.main.ScriptEngine.run(ScriptEngine.java:194)
	at com.kms.katalon.core.main.ScriptEngine.runScriptAsRawText(ScriptEngine.java:119)
	at com.kms.katalon.core.main.TestCaseExecutor.runScript(TestCaseExecutor.java:369)
	at com.kms.katalon.core.main.TestCaseExecutor.doExecute(TestCaseExecutor.java:360)
	at com.kms.katalon.core.main.TestCaseExecutor.processExecutionPhase(TestCaseExecutor.java:339)
	at com.kms.katalon.core.main.TestCaseExecutor.accessMainPhase(TestCaseExecutor.java:331)
	at com.kms.katalon.core.main.TestCaseExecutor.execute(TestCaseExecutor.java:248)
	at com.kms.katalon.core.main.TestSuiteExecutor.accessTestCaseMainPhase(TestSuiteExecutor.java:191)
	at com.kms.katalon.core.main.TestSuiteExecutor.accessTestSuiteMainPhase(TestSuiteExecutor.java:140)
	at com.kms.katalon.core.main.TestSuiteExecutor.execute(TestSuiteExecutor.java:89)
	at com.kms.katalon.core.main.TestCaseMain.startTestSuite(TestCaseMain.java:185)
	at com.kms.katalon.core.main.TestCaseMain$startTestSuite$0.call(Unknown Source)
	at TempTestSuite1634615486512.run(TempTestSuite1634615486512.groovy:39)
)

2021-10-18 23:53:52 - [TEST_STEP][FAILED] - verifyTextPresent("Payment amount must be greater than zero and less than 10,000,000", true): Text 'Payment amount must be greater than zero and less than 10,000,000' is not present on page  using regular expression (Root cause: com.kms.katalon.core.exception.StepFailedException: Text 'Payment amount must be greater than zero and less than 10,000,000' is not present on page  using regular expression
	at com.kms.katalon.core.webui.keyword.internal.WebUIKeywordMain.stepFailed(WebUIKeywordMain.groovy:64)
	at com.kms.katalon.core.webui.keyword.builtin.VerifyTextPresentKeyword$_verifyTextPresent_closure1.doCall(VerifyTextPresentKeyword.groovy:79)
	at com.kms.katalon.core.webui.keyword.builtin.VerifyTextPresentKeyword$_verifyTextPresent_closure1.call(VerifyTextPresentKeyword.groovy)
	at com.kms.katalon.core.webui.keyword.internal.WebUIKeywordMain.runKeyword(WebUIKeywordMain.groovy:20)
	at com.kms.katalon.core.webui.keyword.builtin.VerifyTextPresentKeyword.verifyTextPresent(VerifyTextPresentKeyword.groovy:83)
	at com.kms.katalon.core.webui.keyword.builtin.VerifyTextPresentKeyword.execute(VerifyTextPresentKeyword.groovy:68)
	at com.kms.katalon.core.keyword.internal.KeywordExecutor.executeKeywordForPlatform(KeywordExecutor.groovy:73)
	at com.kms.katalon.core.webui.keyword.WebUiBuiltInKeywords.verifyTextPresent(WebUiBuiltInKeywords.groovy:1723)
	at com.kms.katalon.core.webui.keyword.WebUiBuiltInKeywords$verifyTextPresent$3.call(Unknown Source)
	at ExtensionPayments_MRF_TC.run(ExtensionPayments_MRF_TC:81)
	at com.kms.katalon.core.main.ScriptEngine.run(ScriptEngine.java:194)
	at com.kms.katalon.core.main.ScriptEngine.runScriptAsRawText(ScriptEngine.java:119)
	at com.kms.katalon.core.main.TestCaseExecutor.runScript(TestCaseExecutor.java:369)
	at com.kms.katalon.core.main.TestCaseExecutor.doExecute(TestCaseExecutor.java:360)
	at com.kms.katalon.core.main.TestCaseExecutor.processExecutionPhase(TestCaseExecutor.java:339)
	at com.kms.katalon.core.main.TestCaseExecutor.accessMainPhase(TestCaseExecutor.java:331)
	at com.kms.katalon.core.main.TestCaseExecutor.execute(TestCaseExecutor.java:248)
	at com.kms.katalon.core.main.TestSuiteExecutor.accessTestCaseMainPhase(TestSuiteExecutor.java:191)
	at com.kms.katalon.core.main.TestSuiteExecutor.accessTestSuiteMainPhase(TestSuiteExecutor.java:140)
	at com.kms.katalon.core.main.TestSuiteExecutor.execute(TestSuiteExecutor.java:89)
	at com.kms.katalon.core.main.TestCaseMain.startTestSuite(TestCaseMain.java:185)
	at com.kms.katalon.core.main.TestCaseMain$startTestSuite$0.call(Unknown Source)
	at TempTestSuite1634615486512.run(TempTestSuite1634615486512.groovy:39)
)

2021-10-18 23:53:52 - [MESSAGE][FAILED] - Text 'Payment amount must be greater than zero and less than 10,000,000' is not present on page  using regular expression (Root cause: com.kms.katalon.core.exception.StepFailedException: Text 'Payment amount must be greater than zero and less than 10,000,000' is not present on page  using regular expression
	at com.kms.katalon.core.webui.keyword.internal.WebUIKeywordMain.stepFailed(WebUIKeywordMain.groovy:64)
	at com.kms.katalon.core.webui.keyword.builtin.VerifyTextPresentKeyword$_verifyTextPresent_closure1.doCall(VerifyTextPresentKeyword.groovy:79)
	at com.kms.katalon.core.webui.keyword.builtin.VerifyTextPresentKeyword$_verifyTextPresent_closure1.call(VerifyTextPresentKeyword.groovy)
	at com.kms.katalon.core.webui.keyword.internal.WebUIKeywordMain.runKeyword(WebUIKeywordMain.groovy:20)
	at com.kms.katalon.core.webui.keyword.builtin.VerifyTextPresentKeyword.verifyTextPresent(VerifyTextPresentKeyword.groovy:83)
	at com.kms.katalon.core.webui.keyword.builtin.VerifyTextPresentKeyword.execute(VerifyTextPresentKeyword.groovy:68)
	at com.kms.katalon.core.keyword.internal.KeywordExecutor.executeKeywordForPlatform(KeywordExecutor.groovy:73)
	at com.kms.katalon.core.webui.keyword.WebUiBuiltInKeywords.verifyTextPresent(WebUiBuiltInKeywords.groovy:1723)
	at com.kms.katalon.core.webui.keyword.WebUiBuiltInKeywords$verifyTextPresent$3.call(Unknown Source)
	at ExtensionPayments_MRF_TC.run(ExtensionPayments_MRF_TC:81)
	at com.kms.katalon.core.main.ScriptEngine.run(ScriptEngine.java:194)
	at com.kms.katalon.core.main.ScriptEngine.runScriptAsRawText(ScriptEngine.java:119)
	at com.kms.katalon.core.main.TestCaseExecutor.runScript(TestCaseExecutor.java:369)
	at com.kms.katalon.core.main.TestCaseExecutor.doExecute(TestCaseExecutor.java:360)
	at com.kms.katalon.core.main.TestCaseExecutor.processExecutionPhase(TestCaseExecutor.java:339)
	at com.kms.katalon.core.main.TestCaseExecutor.accessMainPhase(TestCaseExecutor.java:331)
	at com.kms.katalon.core.main.TestCaseExecutor.execute(TestCaseExecutor.java:248)
	at com.kms.katalon.core.main.TestSuiteExecutor.accessTestCaseMainPhase(TestSuiteExecutor.java:191)
	at com.kms.katalon.core.main.TestSuiteExecutor.accessTestSuiteMainPhase(TestSuiteExecutor.java:140)
	at com.kms.katalon.core.main.TestSuiteExecutor.execute(TestSuiteExecutor.java:89)
	at com.kms.katalon.core.main.TestCaseMain.startTestSuite(TestCaseMain.java:185)
	at com.kms.katalon.core.main.TestCaseMain$startTestSuite$0.call(Unknown Source)
	at TempTestSuite1634615486512.run(TempTestSuite1634615486512.groovy:39)
)

2021-10-18 23:53:52 - [TEST_STEP][PASSED] - scrollToElement(findTestObject(orPath_Amount + "/input__paymentAmount"), 3): Scroll to object 'Object Repository/RAD_Pages/PaymentAmount_Page/input__paymentAmount' successfully

2021-10-18 23:53:52 - [MESSAGE][PASSED] - Scroll to object 'Object Repository/RAD_Pages/PaymentAmount_Page/input__paymentAmount' successfully

2021-10-18 23:53:52 - [TEST_STEP][PASSED] - waitForElementClickable(findTestObject(orPath_FilingStatus + "/input_userType_Joint"), 5): Object 'Object Repository/RAD_Pages/FilingStatus_Page/input_userType_Joint' is clickable

2021-10-18 23:53:52 - [MESSAGE][PASSED] - Object 'Object Repository/RAD_Pages/FilingStatus_Page/input_userType_Joint' is clickable

2021-10-18 23:53:52 - [TEST_STEP][PASSED] - click(findTestObject(orPath_FilingStatus + "/input_userType_Joint")): Object: 'Object Repository/RAD_Pages/FilingStatus_Page/input_userType_Joint' is clicked on

2021-10-18 23:53:53 - [MESSAGE][PASSED] - Object: 'Object Repository/RAD_Pages/FilingStatus_Page/input_userType_Joint' is clicked on

2021-10-18 23:53:53 - [TEST_STEP][PASSED] - scrollToElement(findTestObject(orPath_Amount + "/input__paymentAmount"), 3): Scroll to object 'Object Repository/RAD_Pages/PaymentAmount_Page/input__paymentAmount' successfully

2021-10-18 23:53:53 - [MESSAGE][PASSED] - Scroll to object 'Object Repository/RAD_Pages/PaymentAmount_Page/input__paymentAmount' successfully

2021-10-18 23:53:53 - [TEST_STEP][PASSED] - click(findTestObject(orPath_Landing + "/button_Continue")): Object: 'Object Repository/RAD_Pages/Landing_Page/button_Continue' is clicked on

2021-10-18 23:53:53 - [MESSAGE][PASSED] - Object: 'Object Repository/RAD_Pages/Landing_Page/button_Continue' is clicked on

2021-10-18 23:53:53 - [TEST_STEP][PASSED] - verifyTextPresent("Enter joint payer first name", true): Text 'Enter joint payer first name' is present on page  using regular expression

2021-10-18 23:53:53 - [MESSAGE][PASSED] - Text 'Enter joint payer first name' is present on page  using regular expression

2021-10-18 23:53:53 - [TEST_STEP][PASSED] - verifyTextPresent("Enter joint payer last name", true): Text 'Enter joint payer last name' is present on page  using regular expression

2021-10-18 23:53:53 - [MESSAGE][PASSED] - Text 'Enter joint payer last name' is present on page  using regular expression

2021-10-18 23:53:53 - [TEST_STEP][PASSED] - verifyTextPresent("Enter joint payer social security number", true): Text 'Enter joint payer social security number' is present on page  using regular expression

2021-10-18 23:53:54 - [MESSAGE][PASSED] - Text 'Enter joint payer social security number' is present on page  using regular expression

2021-10-18 23:53:54 - [TEST_STEP][PASSED] - verifyTextPresent("The joint payer SSN and Re-enter SSN do not match", true): Text 'The joint payer SSN and Re-enter SSN do not match' is present on page  using regular expression

2021-10-18 23:53:54 - [MESSAGE][PASSED] - Text 'The joint payer SSN and Re-enter SSN do not match' is present on page  using regular expression]]></system-out>
         <system-err><![CDATA[2021-10-18 23:53:43 - [TEST_CASE][FAILED] - Test Cases/RAD_TestCases/MRF_TestCases/ExtensionPayments_MRF_TC: Test Cases/RAD_TestCases/MRF_TestCases/ExtensionPayments_MRF_TC FAILED.
Reason:
com.kms.katalon.core.exception.StepFailedException: Unable to click on object 'Object Repository/RAD_Pages/Landing_Page/button_Continue' (Root cause: com.kms.katalon.core.exception.StepFailedException: Unable to click on object 'Object Repository/RAD_Pages/Landing_Page/button_Continue'
	at com.kms.katalon.core.webui.keyword.internal.WebUIKeywordMain.stepFailed(WebUIKeywordMain.groovy:64)
	at com.kms.katalon.core.webui.keyword.internal.WebUIKeywordMain.runKeyword(WebUIKeywordMain.groovy:26)
	at com.kms.katalon.core.webui.keyword.builtin.ClickKeyword.click(ClickKeyword.groovy:75)
	at com.kms.katalon.core.webui.keyword.builtin.ClickKeyword.execute(ClickKeyword.groovy:42)
	at com.kms.katalon.core.keyword.internal.KeywordExecutor.executeKeywordForPlatform(KeywordExecutor.groovy:73)
	at com.kms.katalon.core.webui.keyword.WebUiBuiltInKeywords.click(WebUiBuiltInKeywords.groovy:620)
	at com.kms.katalon.core.webui.keyword.WebUiBuiltInKeywords$click$10.call(Unknown Source)
	at ExtensionPayments_MRF_TC.run(ExtensionPayments_MRF_TC:34)
	at com.kms.katalon.core.main.ScriptEngine.run(ScriptEngine.java:194)
	at com.kms.katalon.core.main.ScriptEngine.runScriptAsRawText(ScriptEngine.java:119)
	at com.kms.katalon.core.main.TestCaseExecutor.runScript(TestCaseExecutor.java:369)
	at com.kms.katalon.core.main.TestCaseExecutor.doExecute(TestCaseExecutor.java:360)
	at com.kms.katalon.core.main.TestCaseExecutor.processExecutionPhase(TestCaseExecutor.java:339)
	at com.kms.katalon.core.main.TestCaseExecutor.accessMainPhase(TestCaseExecutor.java:331)
	at com.kms.katalon.core.main.TestCaseExecutor.execute(TestCaseExecutor.java:248)
	at com.kms.katalon.core.main.TestSuiteExecutor.accessTestCaseMainPhase(TestSuiteExecutor.java:191)
	at com.kms.katalon.core.main.TestSuiteExecutor.accessTestSuiteMainPhase(TestSuiteExecutor.java:140)
	at com.kms.katalon.core.main.TestSuiteExecutor.execute(TestSuiteExecutor.java:89)
	at com.kms.katalon.core.main.TestCaseMain.startTestSuite(TestCaseMain.java:185)
	at com.kms.katalon.core.main.TestCaseMain$startTestSuite$0.call(Unknown Source)
	at TempTestSuite1634615486512.run(TempTestSuite1634615486512.groovy:39)
Caused by: org.openqa.selenium.ElementClickInterceptedException: element click intercepted: Element is not clickable at point (1046, 1372)
  (Session info: MicrosoftEdge=94.0.992.50)
Build info: version: '3.141.59', revision: 'e82be7d358', time: '2018-11-14T08:25:53'
System info: host: 'DESKTOP-B2QI6NS', ip: '172.30.2.167', os.name: 'Windows 10', os.arch: 'amd64', os.version: '10.0', java.version: '1.8.0_181'
Driver info: com.kms.katalon.selenium.driver.CEdgeDriver
Capabilities {acceptInsecureCerts: false, browserName: msedge, browserVersion: 94.0.992.50, javascriptEnabled: true, ms:edgeOptions: {debuggerAddress: localhost:61232}, msedge: {msedgedriverVersion: 94.0.992.47 (8d45ccc5def2a3..., userDataDir: C:\Users\iahmed\AppData\Loc...}, networkConnectionEnabled: false, pageLoadStrategy: normal, platform: WINDOWS, platformName: WINDOWS, proxy: Proxy(), setWindowRect: true, strictFileInteractability: false, timeouts: {implicit: 0, pageLoad: 300000, script: 30000}, unhandledPromptBehavior: dismiss and notify, webauthn:extension:credBlob: true, webauthn:extension:largeBlob: true, webauthn:virtualAuthenticators: true}
Session ID: 27eaa5fbebe759a59336f2a6c1a40a29
	at org.openqa.selenium.remote.http.W3CHttpResponseCodec.createException(W3CHttpResponseCodec.java:187)
	at org.openqa.selenium.remote.http.W3CHttpResponseCodec.decode(W3CHttpResponseCodec.java:122)
	at org.openqa.selenium.remote.http.W3CHttpResponseCodec.decode(W3CHttpResponseCodec.java:49)
	at org.openqa.selenium.remote.HttpCommandExecutor.execute(HttpCommandExecutor.java:158)
	at org.openqa.selenium.remote.service.DriverCommandExecutor.execute(DriverCommandExecutor.java:83)
	at org.openqa.selenium.remote.RemoteWebDriver.execute(RemoteWebDriver.java:552)
	at com.kms.katalon.selenium.driver.CEdgeDriver.execute(CEdgeDriver.java:20)
	at org.openqa.selenium.remote.RemoteWebElement.execute(RemoteWebElement.java:285)
	at org.openqa.selenium.remote.RemoteWebElement.click(RemoteWebElement.java:84)
	at org.openqa.selenium.support.events.EventFiringWebDriver$EventFiringWebElement.lambda$new$0(EventFiringWebDriver.java:404)
	at com.sun.proxy.$Proxy11.click(Unknown Source)
	at org.openqa.selenium.support.events.EventFiringWebDriver$EventFiringWebElement.click(EventFiringWebDriver.java:417)
	at com.kms.katalon.core.webui.keyword.builtin.ClickKeyword$_click_closure1.doCall(ClickKeyword.groovy:68)
	at com.kms.katalon.core.webui.keyword.builtin.ClickKeyword$_click_closure1.call(ClickKeyword.groovy)
	at com.kms.katalon.core.webui.keyword.internal.WebUIKeywordMain.runKeyword(WebUIKeywordMain.groovy:20)
	at com.kms.katalon.core.webui.keyword.builtin.ClickKeyword.click(ClickKeyword.groovy:75)
	at com.kms.katalon.core.webui.keyword.builtin.ClickKeyword.execute(ClickKeyword.groovy:42)
	at com.kms.katalon.core.keyword.internal.KeywordExecutor.executeKeywordForPlatform(KeywordExecutor.groovy:73)
	at com.kms.katalon.core.webui.keyword.WebUiBuiltInKeywords.click(WebUiBuiltInKeywords.groovy:620)
	at com.kms.katalon.core.webui.keyword.WebUiBuiltInKeywords$click$10.call(Unknown Source)
	at Script1634611424888.run(Script1634611424888.groovy:34)
	... 13 more
)
	at com.kms.katalon.core.keyword.internal.KeywordMain.stepFailed(KeywordMain.groovy:39)
	at com.kms.katalon.core.webui.keyword.internal.WebUIKeywordMain.stepFailed(WebUIKeywordMain.groovy:64)
	at com.kms.katalon.core.webui.keyword.internal.WebUIKeywordMain.runKeyword(WebUIKeywordMain.groovy:26)
	at com.kms.katalon.core.webui.keyword.builtin.ClickKeyword.click(ClickKeyword.groovy:75)
	at com.kms.katalon.core.webui.keyword.builtin.ClickKeyword.execute(ClickKeyword.groovy:42)
	at com.kms.katalon.core.keyword.internal.KeywordExecutor.executeKeywordForPlatform(KeywordExecutor.groovy:73)
	at com.kms.katalon.core.webui.keyword.WebUiBuiltInKeywords.click(WebUiBuiltInKeywords.groovy:620)
	at com.kms.katalon.core.webui.keyword.WebUiBuiltInKeywords$click$10.call(Unknown Source)
	at ExtensionPayments_MRF_TC.run(ExtensionPayments_MRF_TC:34)
	at com.kms.katalon.core.main.ScriptEngine.run(ScriptEngine.java:194)
	at com.kms.katalon.core.main.ScriptEngine.runScriptAsRawText(ScriptEngine.java:119)
	at com.kms.katalon.core.main.TestCaseExecutor.runScript(TestCaseExecutor.java:369)
	at com.kms.katalon.core.main.TestCaseExecutor.doExecute(TestCaseExecutor.java:360)
	at com.kms.katalon.core.main.TestCaseExecutor.processExecutionPhase(TestCaseExecutor.java:339)
	at com.kms.katalon.core.main.TestCaseExecutor.accessMainPhase(TestCaseExecutor.java:331)
	at com.kms.katalon.core.main.TestCaseExecutor.execute(TestCaseExecutor.java:248)
	at com.kms.katalon.core.main.TestSuiteExecutor.accessTestCaseMainPhase(TestSuiteExecutor.java:191)
	at com.kms.katalon.core.main.TestSuiteExecutor.accessTestSuiteMainPhase(TestSuiteExecutor.java:140)
	at com.kms.katalon.core.main.TestSuiteExecutor.execute(TestSuiteExecutor.java:89)
	at com.kms.katalon.core.main.TestCaseMain.startTestSuite(TestCaseMain.java:185)
	at com.kms.katalon.core.main.TestCaseMain$startTestSuite$0.call(Unknown Source)
	at TempTestSuite1634615486512.run(TempTestSuite1634615486512.groovy:39)
Caused by: com.kms.katalon.core.exception.StepFailedException: Unable to click on object 'Object Repository/RAD_Pages/Landing_Page/button_Continue'
	... 21 more
Caused by: org.openqa.selenium.ElementClickInterceptedException: element click intercepted: Element is not clickable at point (1046, 1372)
  (Session info: MicrosoftEdge=94.0.992.50)
Build info: version: '3.141.59', revision: 'e82be7d358', time: '2018-11-14T08:25:53'
System info: host: 'DESKTOP-B2QI6NS', ip: '172.30.2.167', os.name: 'Windows 10', os.arch: 'amd64', os.version: '10.0', java.version: '1.8.0_181'
Driver info: com.kms.katalon.selenium.driver.CEdgeDriver
Capabilities {acceptInsecureCerts: false, browserName: msedge, browserVersion: 94.0.992.50, javascriptEnabled: true, ms:edgeOptions: {debuggerAddress: localhost:61232}, msedge: {msedgedriverVersion: 94.0.992.47 (8d45ccc5def2a3..., userDataDir: C:\Users\iahmed\AppData\Loc...}, networkConnectionEnabled: false, pageLoadStrategy: normal, platform: WINDOWS, platformName: WINDOWS, proxy: Proxy(), setWindowRect: true, strictFileInteractability: false, timeouts: {implicit: 0, pageLoad: 300000, script: 30000}, unhandledPromptBehavior: dismiss and notify, webauthn:extension:credBlob: true, webauthn:extension:largeBlob: true, webauthn:virtualAuthenticators: true}
Session ID: 27eaa5fbebe759a59336f2a6c1a40a29
	at org.openqa.selenium.remote.http.W3CHttpResponseCodec.createException(W3CHttpResponseCodec.java:187)
	at org.openqa.selenium.remote.http.W3CHttpResponseCodec.decode(W3CHttpResponseCodec.java:122)
	at org.openqa.selenium.remote.http.W3CHttpResponseCodec.decode(W3CHttpResponseCodec.java:49)
	at org.openqa.selenium.remote.HttpCommandExecutor.execute(HttpCommandExecutor.java:158)
	at org.openqa.selenium.remote.service.DriverCommandExecutor.execute(DriverCommandExecutor.java:83)
	at org.openqa.selenium.remote.RemoteWebDriver.execute(RemoteWebDriver.java:552)
	at com.kms.katalon.selenium.driver.CEdgeDriver.execute(CEdgeDriver.java:20)
	at org.openqa.selenium.remote.RemoteWebElement.execute(RemoteWebElement.java:285)
	at org.openqa.selenium.remote.RemoteWebElement.click(RemoteWebElement.java:84)
	at org.openqa.selenium.support.events.EventFiringWebDriver$EventFiringWebElement.lambda$new$0(EventFiringWebDriver.java:404)
	at com.sun.proxy.$Proxy11.click(Unknown Source)
	at org.openqa.selenium.support.events.EventFiringWebDriver$EventFiringWebElement.click(EventFiringWebDriver.java:417)
	at com.kms.katalon.core.webui.keyword.builtin.ClickKeyword$_click_closure1.doCall(ClickKeyword.groovy:68)
	at com.kms.katalon.core.webui.keyword.builtin.ClickKeyword$_click_closure1.call(ClickKeyword.groovy)
	at com.kms.katalon.core.webui.keyword.internal.WebUIKeywordMain.runKeyword(WebUIKeywordMain.groovy:20)
	... 19 more]]></system-err>
      </testcase>
      <testcase name="Test Cases/RAD_TestCases/MRF_TestCases/SaleAndUse_MRF_TC" time="9.582" classname="Test Cases/RAD_TestCases/MRF_TestCases/SaleAndUse_MRF_TC" status="PASSED">
         <system-out><![CDATA[2021-10-18 23:53:54 - [TEST_CASE][PASSED] - Test Cases/RAD_TestCases/MRF_TestCases/SaleAndUse_MRF_TC: Test Cases/RAD_TestCases/MRF_TestCases/SaleAndUse_MRF_TC

2021-10-18 23:53:54 - [TEST_STEP][PASSED] - openBrowser(""): Browser is opened with url: ''

2021-10-18 23:53:54 - [MESSAGE][WARNING] - A browser is already opened. Closing browser and opening a new one

2021-10-18 23:53:55 - [MESSAGE][INFO] - Starting 'Edge Chromium' driver

2021-10-18 23:53:57 - [MESSAGE][INFO] - Action delay is set to 0 milliseconds

2021-10-18 23:53:58 - [MESSAGE][PASSED] - Browser is opened with url: ''

2021-10-18 23:53:58 - [TEST_STEP][PASSED] - maximizeWindow(): Current window maximized

2021-10-18 23:53:58 - [MESSAGE][PASSED] - Current window maximized

2021-10-18 23:53:58 - [TEST_STEP][PASSED] - navigateToUrl(RADurl): Navigate to 'https://qa.velocitypayment.com/client/rad/index.html' successfully

2021-10-18 23:53:59 - [MESSAGE][PASSED] - Navigate to 'https://qa.velocitypayment.com/client/rad/index.html' successfully

2021-10-18 23:53:59 - [TEST_STEP][PASSED] - orPath_Landing = "Object Repository/RAD_Pages/Landing_Page": null

2021-10-18 23:53:59 - [TEST_STEP][PASSED] - orPath_Amount = "Object Repository/RAD_Pages/PaymentAmount_Page": null

2021-10-18 23:53:59 - [TEST_STEP][PASSED] - orPath_FilingStatus = "Object Repository/RAD_Pages/FilingStatus_Page": null

2021-10-18 23:53:59 - [TEST_STEP][PASSED] - selectOptionByLabel(findTestObject(orPath_Landing + "/dd_TaxType"), "Sales and Use", false): All options with label 'Sales and Use' are selected in object 'Object Repository/RAD_Pages/Landing_Page/dd_TaxType' 

2021-10-18 23:53:59 - [MESSAGE][PASSED] - All options with label 'Sales and Use' are selected in object 'Object Repository/RAD_Pages/Landing_Page/dd_TaxType' 

2021-10-18 23:53:59 - [TEST_STEP][PASSED] - scrollToElement(findTestObject(orPath_Landing + "/button_Continue"), 3): Scroll to object 'Object Repository/RAD_Pages/Landing_Page/button_Continue' successfully

2021-10-18 23:53:59 - [MESSAGE][PASSED] - Scroll to object 'Object Repository/RAD_Pages/Landing_Page/button_Continue' successfully

2021-10-18 23:53:59 - [TEST_STEP][PASSED] - waitForElementClickable(findTestObject(orPath_Landing + "/button_Continue"), 5): Object 'Object Repository/RAD_Pages/Landing_Page/button_Continue' is clickable

2021-10-18 23:54:00 - [MESSAGE][PASSED] - Object 'Object Repository/RAD_Pages/Landing_Page/button_Continue' is clickable

2021-10-18 23:54:00 - [TEST_STEP][PASSED] - click(findTestObject(orPath_Landing + "/button_Continue")): Object: 'Object Repository/RAD_Pages/Landing_Page/button_Continue' is clicked on

2021-10-18 23:54:00 - [MESSAGE][PASSED] - Object: 'Object Repository/RAD_Pages/Landing_Page/button_Continue' is clicked on

2021-10-18 23:54:00 - [TEST_STEP][PASSED] - verifyTextPresent("Select a filing year", true): Text 'Select a filing year' is present on page  using regular expression

2021-10-18 23:54:00 - [MESSAGE][PASSED] - Text 'Select a filing year' is present on page  using regular expression

2021-10-18 23:54:00 - [TEST_STEP][PASSED] - verifyTextPresent("Select reporting period", true): Text 'Select reporting period' is present on page  using regular expression

2021-10-18 23:54:00 - [MESSAGE][PASSED] - Text 'Select reporting period' is present on page  using regular expression

2021-10-18 23:54:00 - [TEST_STEP][PASSED] - verifyTextPresent("Enter business name", true): Text 'Enter business name' is present on page  using regular expression

2021-10-18 23:54:01 - [MESSAGE][PASSED] - Text 'Enter business name' is present on page  using regular expression

2021-10-18 23:54:01 - [TEST_STEP][PASSED] - verifyTextPresent("Enter first name", true): Text 'Enter first name' is present on page  using regular expression

2021-10-18 23:54:01 - [MESSAGE][PASSED] - Text 'Enter first name' is present on page  using regular expression

2021-10-18 23:54:01 - [TEST_STEP][PASSED] - verifyTextPresent("Enter last name", true): Text 'Enter last name' is present on page  using regular expression

2021-10-18 23:54:01 - [MESSAGE][PASSED] - Text 'Enter last name' is present on page  using regular expression

2021-10-18 23:54:01 - [TEST_STEP][PASSED] - verifyTextPresent("Select a country", true): Text 'Select a country' is present on page  using regular expression

2021-10-18 23:54:01 - [MESSAGE][PASSED] - Text 'Select a country' is present on page  using regular expression

2021-10-18 23:54:01 - [TEST_STEP][PASSED] - verifyTextPresent("Enter address", true): Text 'Enter address' is present on page  using regular expression

2021-10-18 23:54:01 - [MESSAGE][PASSED] - Text 'Enter address' is present on page  using regular expression

2021-10-18 23:54:01 - [TEST_STEP][PASSED] - verifyTextPresent("Enter city", true): Text 'Enter city' is present on page  using regular expression

2021-10-18 23:54:02 - [MESSAGE][PASSED] - Text 'Enter city' is present on page  using regular expression

2021-10-18 23:54:02 - [TEST_STEP][PASSED] - verifyTextPresent("Select a state", true): Text 'Select a state' is present on page  using regular expression

2021-10-18 23:54:02 - [MESSAGE][PASSED] - Text 'Select a state' is present on page  using regular expression

2021-10-18 23:54:02 - [TEST_STEP][PASSED] - verifyTextPresent("Enter ZIP code", true): Text 'Enter ZIP code' is present on page  using regular expression

2021-10-18 23:54:02 - [MESSAGE][PASSED] - Text 'Enter ZIP code' is present on page  using regular expression

2021-10-18 23:54:02 - [TEST_STEP][PASSED] - verifyTextPresent("Enter a phone number", true): Text 'Enter a phone number' is present on page  using regular expression

2021-10-18 23:54:02 - [MESSAGE][PASSED] - Text 'Enter a phone number' is present on page  using regular expression

2021-10-18 23:54:02 - [TEST_STEP][PASSED] - verifyTextPresent("Enter Email", true): Text 'Enter Email' is present on page  using regular expression

2021-10-18 23:54:03 - [MESSAGE][PASSED] - Text 'Enter Email' is present on page  using regular expression

2021-10-18 23:54:03 - [TEST_STEP][PASSED] - verifyTextPresent("The Email and Re-enter email do not match", true): Text 'The Email and Re-enter email do not match' is present on page  using regular expression

2021-10-18 23:54:03 - [MESSAGE][PASSED] - Text 'The Email and Re-enter email do not match' is present on page  using regular expression

2021-10-18 23:54:03 - [TEST_STEP][PASSED] - verifyTextPresent("Enter Federal EIN", true): Text 'Enter Federal EIN' is present on page  using regular expression

2021-10-18 23:54:03 - [MESSAGE][PASSED] - Text 'Enter Federal EIN' is present on page  using regular expression

2021-10-18 23:54:03 - [TEST_STEP][PASSED] - verifyTextPresent("The federal EIN and Re-enter federal EIN", true): Text 'The federal EIN and Re-enter federal EIN' is present on page  using regular expression

2021-10-18 23:54:03 - [MESSAGE][PASSED] - Text 'The federal EIN and Re-enter federal EIN' is present on page  using regular expression

2021-10-18 23:54:03 - [TEST_STEP][PASSED] - verifyTextPresent("Payment amount must be greater than zero and less than 10,000,000", true): Text 'Payment amount must be greater than zero and less than 10,000,000' is present on page  using regular expression

2021-10-18 23:54:03 - [MESSAGE][PASSED] - Text 'Payment amount must be greater than zero and less than 10,000,000' is present on page  using regular expression]]></system-out>
         <system-err><![CDATA[]]></system-err>
      </testcase>
      <testcase name="Test Cases/RAD_TestCases/MRF_TestCases/WithholdingTax_MRF_TC" time="9.06" classname="Test Cases/RAD_TestCases/MRF_TestCases/WithholdingTax_MRF_TC" status="PASSED">
         <system-out><![CDATA[2021-10-18 23:54:03 - [TEST_CASE][PASSED] - Test Cases/RAD_TestCases/MRF_TestCases/WithholdingTax_MRF_TC: Test Cases/RAD_TestCases/MRF_TestCases/WithholdingTax_MRF_TC

2021-10-18 23:54:04 - [TEST_STEP][PASSED] - openBrowser(""): Browser is opened with url: ''

2021-10-18 23:54:04 - [MESSAGE][WARNING] - A browser is already opened. Closing browser and opening a new one

2021-10-18 23:54:05 - [MESSAGE][INFO] - Starting 'Edge Chromium' driver

2021-10-18 23:54:06 - [MESSAGE][INFO] - Action delay is set to 0 milliseconds

2021-10-18 23:54:07 - [MESSAGE][PASSED] - Browser is opened with url: ''

2021-10-18 23:54:07 - [TEST_STEP][PASSED] - maximizeWindow(): Current window maximized

2021-10-18 23:54:07 - [MESSAGE][PASSED] - Current window maximized

2021-10-18 23:54:07 - [TEST_STEP][PASSED] - navigateToUrl(RADurl): Navigate to 'https://qa.velocitypayment.com/client/rad/index.html' successfully

2021-10-18 23:54:09 - [MESSAGE][PASSED] - Navigate to 'https://qa.velocitypayment.com/client/rad/index.html' successfully

2021-10-18 23:54:09 - [TEST_STEP][PASSED] - orPath_Landing = "Object Repository/RAD_Pages/Landing_Page": null

2021-10-18 23:54:09 - [TEST_STEP][PASSED] - orPath_Amount = "Object Repository/RAD_Pages/PaymentAmount_Page": null

2021-10-18 23:54:09 - [TEST_STEP][PASSED] - orPath_FilingStatus = "Object Repository/RAD_Pages/FilingStatus_Page": null

2021-10-18 23:54:09 - [TEST_STEP][PASSED] - selectOptionByLabel(findTestObject(orPath_Landing + "/dd_TaxType"), "Withholding Tax", false): All options with label 'Withholding Tax' are selected in object 'Object Repository/RAD_Pages/Landing_Page/dd_TaxType' 

2021-10-18 23:54:09 - [MESSAGE][PASSED] - All options with label 'Withholding Tax' are selected in object 'Object Repository/RAD_Pages/Landing_Page/dd_TaxType' 

2021-10-18 23:54:09 - [TEST_STEP][PASSED] - scrollToElement(findTestObject(orPath_Landing + "/button_Continue"), 3): Scroll to object 'Object Repository/RAD_Pages/Landing_Page/button_Continue' successfully

2021-10-18 23:54:09 - [MESSAGE][PASSED] - Scroll to object 'Object Repository/RAD_Pages/Landing_Page/button_Continue' successfully

2021-10-18 23:54:09 - [TEST_STEP][PASSED] - waitForElementClickable(findTestObject(orPath_Landing + "/button_Continue"), 5): Object 'Object Repository/RAD_Pages/Landing_Page/button_Continue' is clickable

2021-10-18 23:54:09 - [MESSAGE][PASSED] - Object 'Object Repository/RAD_Pages/Landing_Page/button_Continue' is clickable

2021-10-18 23:54:09 - [TEST_STEP][PASSED] - click(findTestObject(orPath_Landing + "/button_Continue")): Object: 'Object Repository/RAD_Pages/Landing_Page/button_Continue' is clicked on

2021-10-18 23:54:10 - [MESSAGE][PASSED] - Object: 'Object Repository/RAD_Pages/Landing_Page/button_Continue' is clicked on

2021-10-18 23:54:10 - [TEST_STEP][PASSED] - verifyTextPresent("Select a filing year", true): Text 'Select a filing year' is present on page  using regular expression

2021-10-18 23:54:10 - [MESSAGE][PASSED] - Text 'Select a filing year' is present on page  using regular expression

2021-10-18 23:54:10 - [TEST_STEP][PASSED] - verifyTextPresent("Enter business name", true): Text 'Enter business name' is present on page  using regular expression

2021-10-18 23:54:10 - [MESSAGE][PASSED] - Text 'Enter business name' is present on page  using regular expression

2021-10-18 23:54:10 - [TEST_STEP][PASSED] - verifyTextPresent("Enter first name", true): Text 'Enter first name' is present on page  using regular expression

2021-10-18 23:54:10 - [MESSAGE][PASSED] - Text 'Enter first name' is present on page  using regular expression

2021-10-18 23:54:10 - [TEST_STEP][PASSED] - verifyTextPresent("Enter last name", true): Text 'Enter last name' is present on page  using regular expression

2021-10-18 23:54:10 - [MESSAGE][PASSED] - Text 'Enter last name' is present on page  using regular expression

2021-10-18 23:54:10 - [TEST_STEP][PASSED] - verifyTextPresent("Select a country", true): Text 'Select a country' is present on page  using regular expression

2021-10-18 23:54:11 - [MESSAGE][PASSED] - Text 'Select a country' is present on page  using regular expression

2021-10-18 23:54:11 - [TEST_STEP][PASSED] - verifyTextPresent("Enter address", true): Text 'Enter address' is present on page  using regular expression

2021-10-18 23:54:11 - [MESSAGE][PASSED] - Text 'Enter address' is present on page  using regular expression

2021-10-18 23:54:11 - [TEST_STEP][PASSED] - verifyTextPresent("Enter city", true): Text 'Enter city' is present on page  using regular expression

2021-10-18 23:54:11 - [MESSAGE][PASSED] - Text 'Enter city' is present on page  using regular expression

2021-10-18 23:54:11 - [TEST_STEP][PASSED] - verifyTextPresent("Select a state", true): Text 'Select a state' is present on page  using regular expression

2021-10-18 23:54:11 - [MESSAGE][PASSED] - Text 'Select a state' is present on page  using regular expression

2021-10-18 23:54:11 - [TEST_STEP][PASSED] - verifyTextPresent("Enter ZIP code", true): Text 'Enter ZIP code' is present on page  using regular expression

2021-10-18 23:54:11 - [MESSAGE][PASSED] - Text 'Enter ZIP code' is present on page  using regular expression

2021-10-18 23:54:11 - [TEST_STEP][PASSED] - verifyTextPresent("Enter a phone number", true): Text 'Enter a phone number' is present on page  using regular expression

2021-10-18 23:54:11 - [MESSAGE][PASSED] - Text 'Enter a phone number' is present on page  using regular expression

2021-10-18 23:54:11 - [TEST_STEP][PASSED] - verifyTextPresent("Enter Email", true): Text 'Enter Email' is present on page  using regular expression

2021-10-18 23:54:12 - [MESSAGE][PASSED] - Text 'Enter Email' is present on page  using regular expression

2021-10-18 23:54:12 - [TEST_STEP][PASSED] - verifyTextPresent("The Email and Re-enter email do not match", true): Text 'The Email and Re-enter email do not match' is present on page  using regular expression

2021-10-18 23:54:12 - [MESSAGE][PASSED] - Text 'The Email and Re-enter email do not match' is present on page  using regular expression

2021-10-18 23:54:12 - [TEST_STEP][PASSED] - verifyTextPresent("Enter Federal EIN", true): Text 'Enter Federal EIN' is present on page  using regular expression

2021-10-18 23:54:12 - [MESSAGE][PASSED] - Text 'Enter Federal EIN' is present on page  using regular expression

2021-10-18 23:54:12 - [TEST_STEP][PASSED] - verifyTextPresent("The federal EIN and Re-enter federal EIN", true): Text 'The federal EIN and Re-enter federal EIN' is present on page  using regular expression

2021-10-18 23:54:12 - [MESSAGE][PASSED] - Text 'The federal EIN and Re-enter federal EIN' is present on page  using regular expression

2021-10-18 23:54:12 - [TEST_STEP][PASSED] - verifyTextPresent("Select reporting period", true): Text 'Select reporting period' is present on page  using regular expression

2021-10-18 23:54:12 - [MESSAGE][PASSED] - Text 'Select reporting period' is present on page  using regular expression

2021-10-18 23:54:12 - [TEST_STEP][PASSED] - verifyTextPresent("Withholding amount must be greater than zero and less than 10,000,000", true): Text 'Withholding amount must be greater than zero and less than 10,000,000' is present on page  using regular expression

2021-10-18 23:54:12 - [MESSAGE][PASSED] - Text 'Withholding amount must be greater than zero and less than 10,000,000' is present on page  using regular expression

2021-10-18 23:54:12 - [TEST_STEP][PASSED] - verifyTextPresent("Payment amount must be greater than zero and less than 10,000,000", true): Text 'Payment amount must be greater than zero and less than 10,000,000' is present on page  using regular expression

2021-10-18 23:54:12 - [MESSAGE][PASSED] - Text 'Payment amount must be greater than zero and less than 10,000,000' is present on page  using regular expression]]></system-out>
         <system-err><![CDATA[]]></system-err>
      </testcase>
      <testcase name="Test Cases/RAD_TestCases/MRF_TestCases/ExistingLiability_MRF_TC" time="8.446" classname="Test Cases/RAD_TestCases/MRF_TestCases/ExistingLiability_MRF_TC" status="PASSED">
         <system-out><![CDATA[2021-10-18 23:54:12 - [TEST_CASE][PASSED] - Test Cases/RAD_TestCases/MRF_TestCases/ExistingLiability_MRF_TC: Test Cases/RAD_TestCases/MRF_TestCases/ExistingLiability_MRF_TC

2021-10-18 23:54:13 - [TEST_STEP][PASSED] - openBrowser(""): Browser is opened with url: ''

2021-10-18 23:54:13 - [MESSAGE][WARNING] - A browser is already opened. Closing browser and opening a new one

2021-10-18 23:54:14 - [MESSAGE][INFO] - Starting 'Edge Chromium' driver

2021-10-18 23:54:15 - [MESSAGE][INFO] - Action delay is set to 0 milliseconds

2021-10-18 23:54:16 - [MESSAGE][PASSED] - Browser is opened with url: ''

2021-10-18 23:54:16 - [TEST_STEP][PASSED] - maximizeWindow(): Current window maximized

2021-10-18 23:54:16 - [MESSAGE][PASSED] - Current window maximized

2021-10-18 23:54:16 - [TEST_STEP][PASSED] - navigateToUrl(RADurl): Navigate to 'https://qa.velocitypayment.com/client/rad/index.html' successfully

2021-10-18 23:54:18 - [MESSAGE][PASSED] - Navigate to 'https://qa.velocitypayment.com/client/rad/index.html' successfully

2021-10-18 23:54:18 - [TEST_STEP][PASSED] - orPath_Landing = "Object Repository/RAD_Pages/Landing_Page": null

2021-10-18 23:54:18 - [TEST_STEP][PASSED] - orPath_Amount = "Object Repository/RAD_Pages/PaymentAmount_Page": null

2021-10-18 23:54:18 - [TEST_STEP][PASSED] - orPath_FilingStatus = "Object Repository/RAD_Pages/FilingStatus_Page": null

2021-10-18 23:54:18 - [TEST_STEP][PASSED] - selectOptionByLabel(findTestObject(orPath_Landing + "/dd_TaxType"), "Existing Liability", false): All options with label 'Existing Liability' are selected in object 'Object Repository/RAD_Pages/Landing_Page/dd_TaxType' 

2021-10-18 23:54:18 - [MESSAGE][PASSED] - All options with label 'Existing Liability' are selected in object 'Object Repository/RAD_Pages/Landing_Page/dd_TaxType' 

2021-10-18 23:54:18 - [TEST_STEP][PASSED] - scrollToElement(findTestObject(orPath_Landing + "/button_Continue"), 3): Scroll to object 'Object Repository/RAD_Pages/Landing_Page/button_Continue' successfully

2021-10-18 23:54:18 - [MESSAGE][PASSED] - Scroll to object 'Object Repository/RAD_Pages/Landing_Page/button_Continue' successfully

2021-10-18 23:54:18 - [TEST_STEP][PASSED] - waitForElementClickable(findTestObject(orPath_Landing + "/button_Continue"), 5): Object 'Object Repository/RAD_Pages/Landing_Page/button_Continue' is clickable

2021-10-18 23:54:18 - [MESSAGE][PASSED] - Object 'Object Repository/RAD_Pages/Landing_Page/button_Continue' is clickable

2021-10-18 23:54:18 - [TEST_STEP][PASSED] - click(findTestObject(orPath_Landing + "/button_Continue")): Object: 'Object Repository/RAD_Pages/Landing_Page/button_Continue' is clicked on

2021-10-18 23:54:19 - [MESSAGE][PASSED] - Object: 'Object Repository/RAD_Pages/Landing_Page/button_Continue' is clicked on

2021-10-18 23:54:19 - [TEST_STEP][PASSED] - verifyTextPresent("Select a tax type", true): Text 'Select a tax type' is present on page  using regular expression

2021-10-18 23:54:19 - [MESSAGE][PASSED] - Text 'Select a tax type' is present on page  using regular expression

2021-10-18 23:54:19 - [TEST_STEP][PASSED] - verifyTextPresent("Enter first name", true): Text 'Enter first name' is present on page  using regular expression

2021-10-18 23:54:19 - [MESSAGE][PASSED] - Text 'Enter first name' is present on page  using regular expression

2021-10-18 23:54:19 - [TEST_STEP][PASSED] - verifyTextPresent("Enter last name", true): Text 'Enter last name' is present on page  using regular expression

2021-10-18 23:54:19 - [MESSAGE][PASSED] - Text 'Enter last name' is present on page  using regular expression

2021-10-18 23:54:19 - [TEST_STEP][PASSED] - verifyTextPresent("Select a country", true): Text 'Select a country' is present on page  using regular expression

2021-10-18 23:54:19 - [MESSAGE][PASSED] - Text 'Select a country' is present on page  using regular expression

2021-10-18 23:54:19 - [TEST_STEP][PASSED] - verifyTextPresent("Enter address", true): Text 'Enter address' is present on page  using regular expression

2021-10-18 23:54:20 - [MESSAGE][PASSED] - Text 'Enter address' is present on page  using regular expression

2021-10-18 23:54:20 - [TEST_STEP][PASSED] - verifyTextPresent("Enter city", true): Text 'Enter city' is present on page  using regular expression

2021-10-18 23:54:20 - [MESSAGE][PASSED] - Text 'Enter city' is present on page  using regular expression

2021-10-18 23:54:20 - [TEST_STEP][PASSED] - verifyTextPresent("Select a state", true): Text 'Select a state' is present on page  using regular expression

2021-10-18 23:54:20 - [MESSAGE][PASSED] - Text 'Select a state' is present on page  using regular expression

2021-10-18 23:54:20 - [TEST_STEP][PASSED] - verifyTextPresent("Enter ZIP code", true): Text 'Enter ZIP code' is present on page  using regular expression

2021-10-18 23:54:20 - [MESSAGE][PASSED] - Text 'Enter ZIP code' is present on page  using regular expression

2021-10-18 23:54:20 - [TEST_STEP][PASSED] - verifyTextPresent("Enter a phone number", true): Text 'Enter a phone number' is present on page  using regular expression

2021-10-18 23:54:20 - [MESSAGE][PASSED] - Text 'Enter a phone number' is present on page  using regular expression

2021-10-18 23:54:20 - [TEST_STEP][PASSED] - verifyTextPresent("Enter Email", true): Text 'Enter Email' is present on page  using regular expression

2021-10-18 23:54:20 - [MESSAGE][PASSED] - Text 'Enter Email' is present on page  using regular expression

2021-10-18 23:54:20 - [TEST_STEP][PASSED] - verifyTextPresent("The Email and Re-enter email do not match", true): Text 'The Email and Re-enter email do not match' is present on page  using regular expression

2021-10-18 23:54:20 - [MESSAGE][PASSED] - Text 'The Email and Re-enter email do not match' is present on page  using regular expression

2021-10-18 23:54:20 - [TEST_STEP][PASSED] - verifyTextPresent("Enter notice number", true): Text 'Enter notice number' is present on page  using regular expression

2021-10-18 23:54:21 - [MESSAGE][PASSED] - Text 'Enter notice number' is present on page  using regular expression

2021-10-18 23:54:21 - [TEST_STEP][PASSED] - verifyTextPresent("The notice number and Re-Type notice number do not match", true): Text 'The notice number and Re-Type notice number do not match' is present on page  using regular expression

2021-10-18 23:54:21 - [MESSAGE][PASSED] - Text 'The notice number and Re-Type notice number do not match' is present on page  using regular expression

2021-10-18 23:54:21 - [TEST_STEP][PASSED] - verifyTextPresent("Payment amount must be greater than zero and less than 10,000,000", true): Text 'Payment amount must be greater than zero and less than 10,000,000' is present on page  using regular expression

2021-10-18 23:54:21 - [MESSAGE][PASSED] - Text 'Payment amount must be greater than zero and less than 10,000,000' is present on page  using regular expression]]></system-out>
         <system-err><![CDATA[]]></system-err>
      </testcase>
      <system-out><![CDATA[2021-10-18 23:51:29 - [TEST_SUITE][FAILED] - RAD_UI_TestSuite: Test Cases/RAD_TestCases/MRF_TestCases/EstimatedTax_MRF_TC FAILED.
Reason:
com.kms.katalon.core.exception.StepFailedException: Unable to click on object 'Object Repository/RAD_Pages/Landing_Page/button_Continue' (Root cause: com.kms.katalon.core.exception.StepFailedException: Unable to click on object 'Object Repository/RAD_Pages/Landing_Page/button_Continue'
	at com.kms.katalon.core.webui.keyword.internal.WebUIKeywordMain.stepFailed(WebUIKeywordMain.groovy:64)
	at com.kms.katalon.core.webui.keyword.internal.WebUIKeywordMain.runKeyword(WebUIKeywordMain.groovy:26)
	at com.kms.katalon.core.webui.keyword.builtin.ClickKeyword.click(ClickKeyword.groovy:75)
	at com.kms.katalon.core.webui.keyword.builtin.ClickKeyword.execute(ClickKeyword.groovy:42)
	at com.kms.katalon.core.keyword.internal.KeywordExecutor.executeKeywordForPlatform(KeywordExecutor.groovy:73)
	at com.kms.katalon.core.webui.keyword.WebUiBuiltInKeywords.click(WebUiBuiltInKeywords.groovy:620)
	at com.kms.katalon.core.webui.keyword.WebUiBuiltInKeywords$click$10.call(Unknown Source)
	at EstimatedTax_MRF_TC.run(EstimatedTax_MRF_TC:34)
	at com.kms.katalon.core.main.ScriptEngine.run(ScriptEngine.java:194)
	at com.kms.katalon.core.main.ScriptEngine.runScriptAsRawText(ScriptEngine.java:119)
	at com.kms.katalon.core.main.TestCaseExecutor.runScript(TestCaseExecutor.java:369)
	at com.kms.katalon.core.main.TestCaseExecutor.doExecute(TestCaseExecutor.java:360)
	at com.kms.katalon.core.main.TestCaseExecutor.processExecutionPhase(TestCaseExecutor.java:339)
	at com.kms.katalon.core.main.TestCaseExecutor.accessMainPhase(TestCaseExecutor.java:331)
	at com.kms.katalon.core.main.TestCaseExecutor.execute(TestCaseExecutor.java:248)
	at com.kms.katalon.core.main.TestSuiteExecutor.accessTestCaseMainPhase(TestSuiteExecutor.java:191)
	at com.kms.katalon.core.main.TestSuiteExecutor.accessTestSuiteMainPhase(TestSuiteExecutor.java:140)
	at com.kms.katalon.core.main.TestSuiteExecutor.execute(TestSuiteExecutor.java:89)
	at com.kms.katalon.core.main.TestCaseMain.startTestSuite(TestCaseMain.java:185)
	at com.kms.katalon.core.main.TestCaseMain$startTestSuite$0.call(Unknown Source)
	at TempTestSuite1634615486512.run(TempTestSuite1634615486512.groovy:39)
Caused by: org.openqa.selenium.ElementClickInterceptedException: element click intercepted: Element is not clickable at point (1046, 1372)
  (Session info: MicrosoftEdge=94.0.992.50)
Build info: version: '3.141.59', revision: 'e82be7d358', time: '2018-11-14T08:25:53'
System info: host: 'DESKTOP-B2QI6NS', ip: '172.30.2.167', os.name: 'Windows 10', os.arch: 'amd64', os.version: '10.0', java.version: '1.8.0_181'
Driver info: com.kms.katalon.selenium.driver.CEdgeDriver
Capabilities {acceptInsecureCerts: false, browserName: msedge, browserVersion: 94.0.992.50, javascriptEnabled: true, ms:edgeOptions: {debuggerAddress: localhost:53028}, msedge: {msedgedriverVersion: 94.0.992.47 (8d45ccc5def2a3..., userDataDir: C:\Users\iahmed\AppData\Loc...}, networkConnectionEnabled: false, pageLoadStrategy: normal, platform: WINDOWS, platformName: WINDOWS, proxy: Proxy(), setWindowRect: true, strictFileInteractability: false, timeouts: {implicit: 0, pageLoad: 300000, script: 30000}, unhandledPromptBehavior: dismiss and notify, webauthn:extension:credBlob: true, webauthn:extension:largeBlob: true, webauthn:virtualAuthenticators: true}
Session ID: 26d373eb46c94a04dba986ffce3d3b2c
	at org.openqa.selenium.remote.http.W3CHttpResponseCodec.createException(W3CHttpResponseCodec.java:187)
	at org.openqa.selenium.remote.http.W3CHttpResponseCodec.decode(W3CHttpResponseCodec.java:122)
	at org.openqa.selenium.remote.http.W3CHttpResponseCodec.decode(W3CHttpResponseCodec.java:49)
	at org.openqa.selenium.remote.HttpCommandExecutor.execute(HttpCommandExecutor.java:158)
	at org.openqa.selenium.remote.service.DriverCommandExecutor.execute(DriverCommandExecutor.java:83)
	at org.openqa.selenium.remote.RemoteWebDriver.execute(RemoteWebDriver.java:552)
	at com.kms.katalon.selenium.driver.CEdgeDriver.execute(CEdgeDriver.java:20)
	at org.openqa.selenium.remote.RemoteWebElement.execute(RemoteWebElement.java:285)
	at org.openqa.selenium.remote.RemoteWebElement.click(RemoteWebElement.java:84)
	at org.openqa.selenium.support.events.EventFiringWebDriver$EventFiringWebElement.lambda$new$0(EventFiringWebDriver.java:404)
	at com.sun.proxy.$Proxy11.click(Unknown Source)
	at org.openqa.selenium.support.events.EventFiringWebDriver$EventFiringWebElement.click(EventFiringWebDriver.java:417)
	at com.kms.katalon.core.webui.keyword.builtin.ClickKeyword$_click_closure1.doCall(ClickKeyword.groovy:68)
	at com.kms.katalon.core.webui.keyword.builtin.ClickKeyword$_click_closure1.call(ClickKeyword.groovy)
	at com.kms.katalon.core.webui.keyword.internal.WebUIKeywordMain.runKeyword(WebUIKeywordMain.groovy:20)
	at com.kms.katalon.core.webui.keyword.builtin.ClickKeyword.click(ClickKeyword.groovy:75)
	at com.kms.katalon.core.webui.keyword.builtin.ClickKeyword.execute(ClickKeyword.groovy:42)
	at com.kms.katalon.core.keyword.internal.KeywordExecutor.executeKeywordForPlatform(KeywordExecutor.groovy:73)
	at com.kms.katalon.core.webui.keyword.WebUiBuiltInKeywords.click(WebUiBuiltInKeywords.groovy:620)
	at com.kms.katalon.core.webui.keyword.WebUiBuiltInKeywords$click$10.call(Unknown Source)
	at Script1634596423746.run(Script1634596423746.groovy:34)
	... 13 more
)
	at com.kms.katalon.core.keyword.internal.KeywordMain.stepFailed(KeywordMain.groovy:39)
	at com.kms.katalon.core.webui.keyword.internal.WebUIKeywordMain.stepFailed(WebUIKeywordMain.groovy:64)
	at com.kms.katalon.core.webui.keyword.internal.WebUIKeywordMain.runKeyword(WebUIKeywordMain.groovy:26)
	at com.kms.katalon.core.webui.keyword.builtin.ClickKeyword.click(ClickKeyword.groovy:75)
	at com.kms.katalon.core.webui.keyword.builtin.ClickKeyword.execute(ClickKeyword.groovy:42)
	at com.kms.katalon.core.keyword.internal.KeywordExecutor.executeKeywordForPlatform(KeywordExecutor.groovy:73)
	at com.kms.katalon.core.webui.keyword.WebUiBuiltInKeywords.click(WebUiBuiltInKeywords.groovy:620)
	at com.kms.katalon.core.webui.keyword.WebUiBuiltInKeywords$click$10.call(Unknown Source)
	at EstimatedTax_MRF_TC.run(EstimatedTax_MRF_TC:34)
	at com.kms.katalon.core.main.ScriptEngine.run(ScriptEngine.java:194)
	at com.kms.katalon.core.main.ScriptEngine.runScriptAsRawText(ScriptEngine.java:119)
	at com.kms.katalon.core.main.TestCaseExecutor.runScript(TestCaseExecutor.java:369)
	at com.kms.katalon.core.main.TestCaseExecutor.doExecute(TestCaseExecutor.java:360)
	at com.kms.katalon.core.main.TestCaseExecutor.processExecutionPhase(TestCaseExecutor.java:339)
	at com.kms.katalon.core.main.TestCaseExecutor.accessMainPhase(TestCaseExecutor.java:331)
	at com.kms.katalon.core.main.TestCaseExecutor.execute(TestCaseExecutor.java:248)
	at com.kms.katalon.core.main.TestSuiteExecutor.accessTestCaseMainPhase(TestSuiteExecutor.java:191)
	at com.kms.katalon.core.main.TestSuiteExecutor.accessTestSuiteMainPhase(TestSuiteExecutor.java:140)
	at com.kms.katalon.core.main.TestSuiteExecutor.execute(TestSuiteExecutor.java:89)
	at com.kms.katalon.core.main.TestCaseMain.startTestSuite(TestCaseMain.java:185)
	at com.kms.katalon.core.main.TestCaseMain$startTestSuite$0.call(Unknown Source)
	at TempTestSuite1634615486512.run(TempTestSuite1634615486512.groovy:39)
Caused by: com.kms.katalon.core.exception.StepFailedException: Unable to click on object 'Object Repository/RAD_Pages/Landing_Page/button_Continue'
	... 21 more
Caused by: org.openqa.selenium.ElementClickInterceptedException: element click intercepted: Element is not clickable at point (1046, 1372)
  (Session info: MicrosoftEdge=94.0.992.50)
Build info: version: '3.141.59', revision: 'e82be7d358', time: '2018-11-14T08:25:53'
System info: host: 'DESKTOP-B2QI6NS', ip: '172.30.2.167', os.name: 'Windows 10', os.arch: 'amd64', os.version: '10.0', java.version: '1.8.0_181'
Driver info: com.kms.katalon.selenium.driver.CEdgeDriver
Capabilities {acceptInsecureCerts: false, browserName: msedge, browserVersion: 94.0.992.50, javascriptEnabled: true, ms:edgeOptions: {debuggerAddress: localhost:53028}, msedge: {msedgedriverVersion: 94.0.992.47 (8d45ccc5def2a3..., userDataDir: C:\Users\iahmed\AppData\Loc...}, networkConnectionEnabled: false, pageLoadStrategy: normal, platform: WINDOWS, platformName: WINDOWS, proxy: Proxy(), setWindowRect: true, strictFileInteractability: false, timeouts: {implicit: 0, pageLoad: 300000, script: 30000}, unhandledPromptBehavior: dismiss and notify, webauthn:extension:credBlob: true, webauthn:extension:largeBlob: true, webauthn:virtualAuthenticators: true}
Session ID: 26d373eb46c94a04dba986ffce3d3b2c
	at org.openqa.selenium.remote.http.W3CHttpResponseCodec.createException(W3CHttpResponseCodec.java:187)
	at org.openqa.selenium.remote.http.W3CHttpResponseCodec.decode(W3CHttpResponseCodec.java:122)
	at org.openqa.selenium.remote.http.W3CHttpResponseCodec.decode(W3CHttpResponseCodec.java:49)
	at org.openqa.selenium.remote.HttpCommandExecutor.execute(HttpCommandExecutor.java:158)
	at org.openqa.selenium.remote.service.DriverCommandExecutor.execute(DriverCommandExecutor.java:83)
	at org.openqa.selenium.remote.RemoteWebDriver.execute(RemoteWebDriver.java:552)
	at com.kms.katalon.selenium.driver.CEdgeDriver.execute(CEdgeDriver.java:20)
	at org.openqa.selenium.remote.RemoteWebElement.execute(RemoteWebElement.java:285)
	at org.openqa.selenium.remote.RemoteWebElement.click(RemoteWebElement.java:84)
	at org.openqa.selenium.support.events.EventFiringWebDriver$EventFiringWebElement.lambda$new$0(EventFiringWebDriver.java:404)
	at com.sun.proxy.$Proxy11.click(Unknown Source)
	at org.openqa.selenium.support.events.EventFiringWebDriver$EventFiringWebElement.click(EventFiringWebDriver.java:417)
	at com.kms.katalon.core.webui.keyword.builtin.ClickKeyword$_click_closure1.doCall(ClickKeyword.groovy:68)
	at com.kms.katalon.core.webui.keyword.builtin.ClickKeyword$_click_closure1.call(ClickKeyword.groovy)
	at com.kms.katalon.core.webui.keyword.internal.WebUIKeywordMain.runKeyword(WebUIKeywordMain.groovy:20)
	... 19 more]]></system-out>
      <system-err><![CDATA[2021-10-18 23:51:29 - [TEST_SUITE][FAILED] - RAD_UI_TestSuite: Test Cases/RAD_TestCases/MRF_TestCases/EstimatedTax_MRF_TC FAILED.
Reason:
com.kms.katalon.core.exception.StepFailedException: Unable to click on object 'Object Repository/RAD_Pages/Landing_Page/button_Continue' (Root cause: com.kms.katalon.core.exception.StepFailedException: Unable to click on object 'Object Repository/RAD_Pages/Landing_Page/button_Continue'
	at com.kms.katalon.core.webui.keyword.internal.WebUIKeywordMain.stepFailed(WebUIKeywordMain.groovy:64)
	at com.kms.katalon.core.webui.keyword.internal.WebUIKeywordMain.runKeyword(WebUIKeywordMain.groovy:26)
	at com.kms.katalon.core.webui.keyword.builtin.ClickKeyword.click(ClickKeyword.groovy:75)
	at com.kms.katalon.core.webui.keyword.builtin.ClickKeyword.execute(ClickKeyword.groovy:42)
	at com.kms.katalon.core.keyword.internal.KeywordExecutor.executeKeywordForPlatform(KeywordExecutor.groovy:73)
	at com.kms.katalon.core.webui.keyword.WebUiBuiltInKeywords.click(WebUiBuiltInKeywords.groovy:620)
	at com.kms.katalon.core.webui.keyword.WebUiBuiltInKeywords$click$10.call(Unknown Source)
	at EstimatedTax_MRF_TC.run(EstimatedTax_MRF_TC:34)
	at com.kms.katalon.core.main.ScriptEngine.run(ScriptEngine.java:194)
	at com.kms.katalon.core.main.ScriptEngine.runScriptAsRawText(ScriptEngine.java:119)
	at com.kms.katalon.core.main.TestCaseExecutor.runScript(TestCaseExecutor.java:369)
	at com.kms.katalon.core.main.TestCaseExecutor.doExecute(TestCaseExecutor.java:360)
	at com.kms.katalon.core.main.TestCaseExecutor.processExecutionPhase(TestCaseExecutor.java:339)
	at com.kms.katalon.core.main.TestCaseExecutor.accessMainPhase(TestCaseExecutor.java:331)
	at com.kms.katalon.core.main.TestCaseExecutor.execute(TestCaseExecutor.java:248)
	at com.kms.katalon.core.main.TestSuiteExecutor.accessTestCaseMainPhase(TestSuiteExecutor.java:191)
	at com.kms.katalon.core.main.TestSuiteExecutor.accessTestSuiteMainPhase(TestSuiteExecutor.java:140)
	at com.kms.katalon.core.main.TestSuiteExecutor.execute(TestSuiteExecutor.java:89)
	at com.kms.katalon.core.main.TestCaseMain.startTestSuite(TestCaseMain.java:185)
	at com.kms.katalon.core.main.TestCaseMain$startTestSuite$0.call(Unknown Source)
	at TempTestSuite1634615486512.run(TempTestSuite1634615486512.groovy:39)
Caused by: org.openqa.selenium.ElementClickInterceptedException: element click intercepted: Element is not clickable at point (1046, 1372)
  (Session info: MicrosoftEdge=94.0.992.50)
Build info: version: '3.141.59', revision: 'e82be7d358', time: '2018-11-14T08:25:53'
System info: host: 'DESKTOP-B2QI6NS', ip: '172.30.2.167', os.name: 'Windows 10', os.arch: 'amd64', os.version: '10.0', java.version: '1.8.0_181'
Driver info: com.kms.katalon.selenium.driver.CEdgeDriver
Capabilities {acceptInsecureCerts: false, browserName: msedge, browserVersion: 94.0.992.50, javascriptEnabled: true, ms:edgeOptions: {debuggerAddress: localhost:53028}, msedge: {msedgedriverVersion: 94.0.992.47 (8d45ccc5def2a3..., userDataDir: C:\Users\iahmed\AppData\Loc...}, networkConnectionEnabled: false, pageLoadStrategy: normal, platform: WINDOWS, platformName: WINDOWS, proxy: Proxy(), setWindowRect: true, strictFileInteractability: false, timeouts: {implicit: 0, pageLoad: 300000, script: 30000}, unhandledPromptBehavior: dismiss and notify, webauthn:extension:credBlob: true, webauthn:extension:largeBlob: true, webauthn:virtualAuthenticators: true}
Session ID: 26d373eb46c94a04dba986ffce3d3b2c
	at org.openqa.selenium.remote.http.W3CHttpResponseCodec.createException(W3CHttpResponseCodec.java:187)
	at org.openqa.selenium.remote.http.W3CHttpResponseCodec.decode(W3CHttpResponseCodec.java:122)
	at org.openqa.selenium.remote.http.W3CHttpResponseCodec.decode(W3CHttpResponseCodec.java:49)
	at org.openqa.selenium.remote.HttpCommandExecutor.execute(HttpCommandExecutor.java:158)
	at org.openqa.selenium.remote.service.DriverCommandExecutor.execute(DriverCommandExecutor.java:83)
	at org.openqa.selenium.remote.RemoteWebDriver.execute(RemoteWebDriver.java:552)
	at com.kms.katalon.selenium.driver.CEdgeDriver.execute(CEdgeDriver.java:20)
	at org.openqa.selenium.remote.RemoteWebElement.execute(RemoteWebElement.java:285)
	at org.openqa.selenium.remote.RemoteWebElement.click(RemoteWebElement.java:84)
	at org.openqa.selenium.support.events.EventFiringWebDriver$EventFiringWebElement.lambda$new$0(EventFiringWebDriver.java:404)
	at com.sun.proxy.$Proxy11.click(Unknown Source)
	at org.openqa.selenium.support.events.EventFiringWebDriver$EventFiringWebElement.click(EventFiringWebDriver.java:417)
	at com.kms.katalon.core.webui.keyword.builtin.ClickKeyword$_click_closure1.doCall(ClickKeyword.groovy:68)
	at com.kms.katalon.core.webui.keyword.builtin.ClickKeyword$_click_closure1.call(ClickKeyword.groovy)
	at com.kms.katalon.core.webui.keyword.internal.WebUIKeywordMain.runKeyword(WebUIKeywordMain.groovy:20)
	at com.kms.katalon.core.webui.keyword.builtin.ClickKeyword.click(ClickKeyword.groovy:75)
	at com.kms.katalon.core.webui.keyword.builtin.ClickKeyword.execute(ClickKeyword.groovy:42)
	at com.kms.katalon.core.keyword.internal.KeywordExecutor.executeKeywordForPlatform(KeywordExecutor.groovy:73)
	at com.kms.katalon.core.webui.keyword.WebUiBuiltInKeywords.click(WebUiBuiltInKeywords.groovy:620)
	at com.kms.katalon.core.webui.keyword.WebUiBuiltInKeywords$click$10.call(Unknown Source)
	at Script1634596423746.run(Script1634596423746.groovy:34)
	... 13 more
)
	at com.kms.katalon.core.keyword.internal.KeywordMain.stepFailed(KeywordMain.groovy:39)
	at com.kms.katalon.core.webui.keyword.internal.WebUIKeywordMain.stepFailed(WebUIKeywordMain.groovy:64)
	at com.kms.katalon.core.webui.keyword.internal.WebUIKeywordMain.runKeyword(WebUIKeywordMain.groovy:26)
	at com.kms.katalon.core.webui.keyword.builtin.ClickKeyword.click(ClickKeyword.groovy:75)
	at com.kms.katalon.core.webui.keyword.builtin.ClickKeyword.execute(ClickKeyword.groovy:42)
	at com.kms.katalon.core.keyword.internal.KeywordExecutor.executeKeywordForPlatform(KeywordExecutor.groovy:73)
	at com.kms.katalon.core.webui.keyword.WebUiBuiltInKeywords.click(WebUiBuiltInKeywords.groovy:620)
	at com.kms.katalon.core.webui.keyword.WebUiBuiltInKeywords$click$10.call(Unknown Source)
	at EstimatedTax_MRF_TC.run(EstimatedTax_MRF_TC:34)
	at com.kms.katalon.core.main.ScriptEngine.run(ScriptEngine.java:194)
	at com.kms.katalon.core.main.ScriptEngine.runScriptAsRawText(ScriptEngine.java:119)
	at com.kms.katalon.core.main.TestCaseExecutor.runScript(TestCaseExecutor.java:369)
	at com.kms.katalon.core.main.TestCaseExecutor.doExecute(TestCaseExecutor.java:360)
	at com.kms.katalon.core.main.TestCaseExecutor.processExecutionPhase(TestCaseExecutor.java:339)
	at com.kms.katalon.core.main.TestCaseExecutor.accessMainPhase(TestCaseExecutor.java:331)
	at com.kms.katalon.core.main.TestCaseExecutor.execute(TestCaseExecutor.java:248)
	at com.kms.katalon.core.main.TestSuiteExecutor.accessTestCaseMainPhase(TestSuiteExecutor.java:191)
	at com.kms.katalon.core.main.TestSuiteExecutor.accessTestSuiteMainPhase(TestSuiteExecutor.java:140)
	at com.kms.katalon.core.main.TestSuiteExecutor.execute(TestSuiteExecutor.java:89)
	at com.kms.katalon.core.main.TestCaseMain.startTestSuite(TestCaseMain.java:185)
	at com.kms.katalon.core.main.TestCaseMain$startTestSuite$0.call(Unknown Source)
	at TempTestSuite1634615486512.run(TempTestSuite1634615486512.groovy:39)
Caused by: com.kms.katalon.core.exception.StepFailedException: Unable to click on object 'Object Repository/RAD_Pages/Landing_Page/button_Continue'
	... 21 more
Caused by: org.openqa.selenium.ElementClickInterceptedException: element click intercepted: Element is not clickable at point (1046, 1372)
  (Session info: MicrosoftEdge=94.0.992.50)
Build info: version: '3.141.59', revision: 'e82be7d358', time: '2018-11-14T08:25:53'
System info: host: 'DESKTOP-B2QI6NS', ip: '172.30.2.167', os.name: 'Windows 10', os.arch: 'amd64', os.version: '10.0', java.version: '1.8.0_181'
Driver info: com.kms.katalon.selenium.driver.CEdgeDriver
Capabilities {acceptInsecureCerts: false, browserName: msedge, browserVersion: 94.0.992.50, javascriptEnabled: true, ms:edgeOptions: {debuggerAddress: localhost:53028}, msedge: {msedgedriverVersion: 94.0.992.47 (8d45ccc5def2a3..., userDataDir: C:\Users\iahmed\AppData\Loc...}, networkConnectionEnabled: false, pageLoadStrategy: normal, platform: WINDOWS, platformName: WINDOWS, proxy: Proxy(), setWindowRect: true, strictFileInteractability: false, timeouts: {implicit: 0, pageLoad: 300000, script: 30000}, unhandledPromptBehavior: dismiss and notify, webauthn:extension:credBlob: true, webauthn:extension:largeBlob: true, webauthn:virtualAuthenticators: true}
Session ID: 26d373eb46c94a04dba986ffce3d3b2c
	at org.openqa.selenium.remote.http.W3CHttpResponseCodec.createException(W3CHttpResponseCodec.java:187)
	at org.openqa.selenium.remote.http.W3CHttpResponseCodec.decode(W3CHttpResponseCodec.java:122)
	at org.openqa.selenium.remote.http.W3CHttpResponseCodec.decode(W3CHttpResponseCodec.java:49)
	at org.openqa.selenium.remote.HttpCommandExecutor.execute(HttpCommandExecutor.java:158)
	at org.openqa.selenium.remote.service.DriverCommandExecutor.execute(DriverCommandExecutor.java:83)
	at org.openqa.selenium.remote.RemoteWebDriver.execute(RemoteWebDriver.java:552)
	at com.kms.katalon.selenium.driver.CEdgeDriver.execute(CEdgeDriver.java:20)
	at org.openqa.selenium.remote.RemoteWebElement.execute(RemoteWebElement.java:285)
	at org.openqa.selenium.remote.RemoteWebElement.click(RemoteWebElement.java:84)
	at org.openqa.selenium.support.events.EventFiringWebDriver$EventFiringWebElement.lambda$new$0(EventFiringWebDriver.java:404)
	at com.sun.proxy.$Proxy11.click(Unknown Source)
	at org.openqa.selenium.support.events.EventFiringWebDriver$EventFiringWebElement.click(EventFiringWebDriver.java:417)
	at com.kms.katalon.core.webui.keyword.builtin.ClickKeyword$_click_closure1.doCall(ClickKeyword.groovy:68)
	at com.kms.katalon.core.webui.keyword.builtin.ClickKeyword$_click_closure1.call(ClickKeyword.groovy)
	at com.kms.katalon.core.webui.keyword.internal.WebUIKeywordMain.runKeyword(WebUIKeywordMain.groovy:20)
	... 19 more]]></system-err>
   </testsuite>
</testsuites>
