<?xml version="1.0" encoding="UTF-8"?>
<testsuites name="QA_Smoke_Test" time="2994.987" tests="20" failures="0" errors="0">
   <testsuite name="QA_Smoke_Test" tests="20" failures="0" errors="0" time="2994.987" skipped="0" timestamp="2024-05-27 18:56:58" hostname="imtiaz - DESKTOP-B2QI6NS.govolution.com" id="Test Suites/QA/VLink/QA_Smoke_Test">
      <properties>
         <property name="deviceName" value=""/>
         <property name="devicePlatform" value=""/>
         <property name="logFolder" value="E:\\Cloned-Project-Katalon\\VPS-Katalon\\Reports\\20240527_185650\\QA\\VLink\\QA_Smoke_Test\\20240527_185650"/>
         <property name="logFiles" value="E:\\Cloned-Project-Katalon\\VPS-Katalon\\Reports\\20240527_185650\\QA\\VLink\\QA_Smoke_Test\\20240527_185650\\execution0.log, E:\\Cloned-Project-Katalon\\VPS-Katalon\\Reports\\20240527_185650\\QA\\VLink\\QA_Smoke_Test\\20240527_185650\\execution1.log"/>
         <property name="attachments" value=""/>
         <property name="hostName" value="imtiaz - DESKTOP-B2QI6NS.govolution.com"/>
         <property name="os" value="Windows 10 64bit"/>
         <property name="katalonVersion" value="8.6.9.208"/>
         <property name="browser" value="Chrome 125.0.0.0"/>
         <property name="hostAddress" value="172.31.253.185"/>
         <property name="sessionId" value="50475f5f8114d24ec70ddf90468b0a73"/>
         <property name="seleniumVersion" value="3.141.59"/>
         <property name="proxyInformation" value="ProxyInformation { proxyOption=NO_PROXY, proxyServerType=HTTP, username=, password=********, proxyServerAddress=, proxyServerPort=0, executionList=&quot;&quot;, isApplyToDesiredCapabilities=true }"/>
         <property name="platform" value="Windows 10"/>
      </properties>
      <testcase name="Test Cases/RecAndPlayBk/VLink/AuthOnly" time="98.797" classname="Test Cases/RecAndPlayBk/VLink/AuthOnly" status="PASSED">
         <system-out><![CDATA[2024-05-27 18:56:58 - [TEST_CASE][PASSED] - Test Cases/RecAndPlayBk/VLink/AuthOnly: Test Cases/RecAndPlayBk/VLink/AuthOnly

2024-05-27 18:56:59 - [TEST_STEP][PASSED] - executionProfile = getExecutionProfile(): null

2024-05-27 18:56:59 - [TEST_STEP][PASSED] - out.println("executionProfile : " + executionProfile): null

2024-05-27 18:56:59 - [TEST_STEP][PASSED] - appName = <not implemented yet for class: org.codehaus.groovy.ast.expr.EmptyExpression>: null

2024-05-27 18:56:59 - [TEST_STEP][PASSED] - appID = <not implemented yet for class: org.codehaus.groovy.ast.expr.EmptyExpression>: null

2024-05-27 18:56:59 - [TEST_STEP][PASSED] - username = <not implemented yet for class: org.codehaus.groovy.ast.expr.EmptyExpression>: null

2024-05-27 18:56:59 - [TEST_STEP][PASSED] - password = <not implemented yet for class: org.codehaus.groovy.ast.expr.EmptyExpression>: null

2024-05-27 18:56:59 - [TEST_STEP][PASSED] - cardNameV = <not implemented yet for class: org.codehaus.groovy.ast.expr.EmptyExpression>: null

2024-05-27 18:56:59 - [TEST_STEP][PASSED] - al1V = <not implemented yet for class: org.codehaus.groovy.ast.expr.EmptyExpression>: null

2024-05-27 18:56:59 - [TEST_STEP][PASSED] - al2V = <not implemented yet for class: org.codehaus.groovy.ast.expr.EmptyExpression>: null

2024-05-27 18:56:59 - [TEST_STEP][PASSED] - zipV = <not implemented yet for class: org.codehaus.groovy.ast.expr.EmptyExpression>: null

2024-05-27 18:56:59 - [TEST_STEP][PASSED] - cardTypeV = <not implemented yet for class: org.codehaus.groovy.ast.expr.EmptyExpression>: null

2024-05-27 18:56:59 - [TEST_STEP][PASSED] - last4V = <not implemented yet for class: org.codehaus.groovy.ast.expr.EmptyExpression>: null

2024-05-27 18:56:59 - [TEST_STEP][PASSED] - resText = "Fail": null

2024-05-27 18:56:59 - [TEST_STEP][PASSED] - resColumn = "Result": null

2024-05-27 18:56:59 - [TEST_STEP][PASSED] - datCloumn = "Date": null

2024-05-27 18:56:59 - [TEST_STEP][PASSED] - fileLoc = "KatalonData/VLinkSmokeData.xlsx": null

2024-05-27 18:56:59 - [TEST_STEP][PASSED] - numOfRows = <not implemented yet for class: org.codehaus.groovy.ast.expr.EmptyExpression>: null

2024-05-27 18:56:59 - [TEST_STEP][PASSED] - dataFile = <not implemented yet for class: org.codehaus.groovy.ast.expr.EmptyExpression>: null

2024-05-27 18:56:59 - [TEST_STEP][PASSED] - nameSheet = <not implemented yet for class: org.codehaus.groovy.ast.expr.EmptyExpression>: null

2024-05-27 18:56:59 - [TEST_STEP][PASSED] - nameSheet = "Auth": null

2024-05-27 18:56:59 - [TEST_STEP][PASSED] - numOfRows = findTestData("QA/VLinkTestData/VLinkSmokeData").getRowNumbers(): null

2024-05-27 18:57:00 - [TEST_STEP][PASSED] - println("Number of Records: " + numOfRows): null

2024-05-27 18:57:00 - [TEST_STEP][PASSED] - dataFile = "QA/VLinkTestData/VLinkSmokeData": null

2024-05-27 18:57:00 - [TEST_STEP][PASSED] - for ([row = 1, row <= numOfRows, (row++)]): null

2024-05-27 18:57:00 - [TEST_STEP][PASSED] - ExecuteTC = findTestData(dataFile).getValue("Execute", row): null

2024-05-27 18:57:00 - [TEST_STEP][PASSED] - out.println("Value of Execute is : " + ExecuteTC): null

2024-05-27 18:57:00 - [TEST_STEP][PASSED] - switch (executionProfile): null

2024-05-27 18:57:00 - [TEST_STEP][PASSED] - case "DemoProfile":: null

2024-05-27 18:57:00 - [TEST_STEP][PASSED] - appID = findTestData(dataFile).getValue("AppIDDemo", row): null

2024-05-27 18:57:01 - [TEST_STEP][PASSED] - username = findTestData(dataFile).getValue("UsernameDemo", row): null

2024-05-27 18:57:01 - [TEST_STEP][PASSED] - password = findTestData(dataFile).getValue("PasswordDemo", row): null

2024-05-27 18:57:01 - [TEST_STEP][PASSED] - break: null

2024-05-27 18:57:01 - [TEST_STEP][PASSED] - if (ExecuteTC.equalsIgnoreCase("Y")): null

2024-05-27 18:57:01 - [TEST_STEP][PASSED] - out.println("Begin Record Number: " + row): null

2024-05-27 18:57:01 - [TEST_STEP][PASSED] - today = new java.util.Date(): null

2024-05-27 18:57:01 - [TEST_STEP][PASSED] - println(today): null

2024-05-27 18:57:01 - [TEST_STEP][PASSED] - datText = today: null

2024-05-27 18:57:01 - [TEST_STEP][PASSED] - category = findTestData(dataFile).getValue("Category", row): null

2024-05-27 18:57:01 - [TEST_STEP][PASSED] - amount = findTestData(dataFile).getValue("Amount", row): null

2024-05-27 18:57:01 - [TEST_STEP][PASSED] - cardNumber = findTestData(dataFile).getValue("CardNumber", row): null

2024-05-27 18:57:02 - [TEST_STEP][PASSED] - exM = findTestData(dataFile).getValue("ExM", row): null

2024-05-27 18:57:02 - [TEST_STEP][PASSED] - exY = findTestData(dataFile).getValue("ExY", row): null

2024-05-27 18:57:02 - [TEST_STEP][PASSED] - openBrowser(VLinkURL + "auth.html"): Browser is opened with url: 'https://dev-algorithm.govolution.com/vlinktest/demo/version_2_0/auth.html'

2024-05-27 18:57:03 - [MESSAGE][INFO] - Starting 'Chrome' driver

2024-05-27 18:57:03 - [MESSAGE][INFO] - User set preference: ['acceptInsecureCerts', 'true']

2024-05-27 18:57:03 - [MESSAGE][INFO] - Action delay is set to 0 milliseconds

2024-05-27 18:57:06 - [MESSAGE][PASSED] - Browser is opened with url: 'https://dev-algorithm.govolution.com/vlinktest/demo/version_2_0/auth.html'

2024-05-27 18:57:06 - [TEST_STEP][PASSED] - maximizeWindow(): Current window maximized

2024-05-27 18:57:06 - [MESSAGE][PASSED] - Current window maximized

2024-05-27 18:57:06 - [TEST_STEP][PASSED] - maximizeWindow(): Current window maximized

2024-05-27 18:57:06 - [MESSAGE][PASSED] - Current window maximized

2024-05-27 18:57:06 - [TEST_STEP][PASSED] - genRemID = RandomStringUtils.random(12, true, true): null

2024-05-27 18:57:06 - [TEST_STEP][PASSED] - setText(findTestObject("Object Repository/VLink/Page_CCSale/txt_RemID"), genRemID): Text 'jpyPEZwquXHl' is set on object 'Object Repository/VLink/Page_CCSale/txt_RemID'

2024-05-27 18:57:08 - [MESSAGE][PASSED] - Text 'jpyPEZwquXHl' is set on object 'Object Repository/VLink/Page_CCSale/txt_RemID'

2024-05-27 18:57:08 - [TEST_STEP][PASSED] - setText(findTestObject("Object Repository/RecAndPlayBk/Page-Vlink-AuthOnly/input_Remittance Id_remittance_id"), genRemID): Text 'jpyPEZwquXHl' is set on object 'Object Repository/RecAndPlayBk/Page-Vlink-AuthOnly/input_Remittance Id_remittance_id'

2024-05-27 18:57:09 - [MESSAGE][PASSED] - Text 'jpyPEZwquXHl' is set on object 'Object Repository/RecAndPlayBk/Page-Vlink-AuthOnly/input_Remittance Id_remittance_id'

2024-05-27 18:57:09 - [TEST_STEP][PASSED] - setText(findTestObject("Object Repository/RecAndPlayBk/Page-Vlink-AuthOnly/input_Application Id_application_id"), appID): Text '1773' is set on object 'Object Repository/RecAndPlayBk/Page-Vlink-AuthOnly/input_Application Id_application_id'

2024-05-27 18:57:09 - [MESSAGE][PASSED] - Text '1773' is set on object 'Object Repository/RecAndPlayBk/Page-Vlink-AuthOnly/input_Application Id_application_id'

2024-05-27 18:57:09 - [TEST_STEP][PASSED] - setText(findTestObject("Object Repository/RecAndPlayBk/Page-Vlink-AuthOnly/input_Username_username"), username): Text 'Qq2BV1qtr' is set on object 'Object Repository/RecAndPlayBk/Page-Vlink-AuthOnly/input_Username_username'

2024-05-27 18:57:10 - [MESSAGE][PASSED] - Text 'Qq2BV1qtr' is set on object 'Object Repository/RecAndPlayBk/Page-Vlink-AuthOnly/input_Username_username'

2024-05-27 18:57:10 - [TEST_STEP][PASSED] - setText(findTestObject("Object Repository/RecAndPlayBk/Page-Vlink-AuthOnly/input_Password_password"), password): Text 'tUmWBiLUx' is set on object 'Object Repository/RecAndPlayBk/Page-Vlink-AuthOnly/input_Password_password'

2024-05-27 18:57:11 - [MESSAGE][PASSED] - Text 'tUmWBiLUx' is set on object 'Object Repository/RecAndPlayBk/Page-Vlink-AuthOnly/input_Password_password'

2024-05-27 18:57:11 - [TEST_STEP][PASSED] - setText(findTestObject("Object Repository/RecAndPlayBk/Page-Vlink-AuthOnly/input_Category_category"), category): Text 'ECOM' is set on object 'Object Repository/RecAndPlayBk/Page-Vlink-AuthOnly/input_Category_category'

2024-05-27 18:57:12 - [MESSAGE][PASSED] - Text 'ECOM' is set on object 'Object Repository/RecAndPlayBk/Page-Vlink-AuthOnly/input_Category_category'

2024-05-27 18:57:12 - [TEST_STEP][PASSED] - setText(findTestObject("Object Repository/RecAndPlayBk/Page-Vlink-AuthOnly/input_Amount_amount"), amount): Text '10.5' is set on object 'Object Repository/RecAndPlayBk/Page-Vlink-AuthOnly/input_Amount_amount'

2024-05-27 18:57:13 - [MESSAGE][PASSED] - Text '10.5' is set on object 'Object Repository/RecAndPlayBk/Page-Vlink-AuthOnly/input_Amount_amount'

2024-05-27 18:57:13 - [TEST_STEP][PASSED] - doubleClick(findTestObject("Object Repository/RecAndPlayBk/Page-Vlink-AuthOnly/input_Card number_card_number")): Object: 'Object Repository/RecAndPlayBk/Page-Vlink-AuthOnly/input_Card number_card_number' is double clicked on

2024-05-27 18:57:13 - [MESSAGE][PASSED] - Object: 'Object Repository/RecAndPlayBk/Page-Vlink-AuthOnly/input_Card number_card_number' is double clicked on

2024-05-27 18:57:13 - [TEST_STEP][PASSED] - setText(findTestObject("Object Repository/RecAndPlayBk/Page-Vlink-AuthOnly/input_Card number_card_number"), cardNumber): Text '4111111111111111' is set on object 'Object Repository/RecAndPlayBk/Page-Vlink-AuthOnly/input_Card number_card_number'

2024-05-27 18:57:14 - [MESSAGE][PASSED] - Text '4111111111111111' is set on object 'Object Repository/RecAndPlayBk/Page-Vlink-AuthOnly/input_Card number_card_number'

2024-05-27 18:57:14 - [TEST_STEP][PASSED] - setText(findTestObject("Object Repository/RecAndPlayBk/Page-Vlink-AuthOnly/input_Card ex month_card_exmo"), exM): Text '12' is set on object 'Object Repository/RecAndPlayBk/Page-Vlink-AuthOnly/input_Card ex month_card_exmo'

2024-05-27 18:57:15 - [MESSAGE][PASSED] - Text '12' is set on object 'Object Repository/RecAndPlayBk/Page-Vlink-AuthOnly/input_Card ex month_card_exmo'

2024-05-27 18:57:15 - [TEST_STEP][PASSED] - setText(findTestObject("Object Repository/RecAndPlayBk/Page-Vlink-AuthOnly/input_Card ex year_card_exyr"), exY): Text '2029' is set on object 'Object Repository/RecAndPlayBk/Page-Vlink-AuthOnly/input_Card ex year_card_exyr'

2024-05-27 18:57:15 - [MESSAGE][PASSED] - Text '2029' is set on object 'Object Repository/RecAndPlayBk/Page-Vlink-AuthOnly/input_Card ex year_card_exyr'

2024-05-27 18:57:15 - [TEST_STEP][PASSED] - click(findTestObject("Object Repository/RecAndPlayBk/Page-Vlink-AuthOnly/input_Track Data_track_data")): Object: 'Object Repository/RecAndPlayBk/Page-Vlink-AuthOnly/input_Track Data_track_data' is clicked on

2024-05-27 18:57:16 - [MESSAGE][PASSED] - Object: 'Object Repository/RecAndPlayBk/Page-Vlink-AuthOnly/input_Track Data_track_data' is clicked on

2024-05-27 18:57:16 - [TEST_STEP][PASSED] - click(findTestObject("Object Repository/RecAndPlayBk/Page-Vlink-AuthOnly/input_CVV state_cvv_state")): Object: 'Object Repository/RecAndPlayBk/Page-Vlink-AuthOnly/input_CVV state_cvv_state' is clicked on

2024-05-27 18:57:17 - [MESSAGE][PASSED] - Object: 'Object Repository/RecAndPlayBk/Page-Vlink-AuthOnly/input_CVV state_cvv_state' is clicked on

2024-05-27 18:57:17 - [TEST_STEP][PASSED] - setText(findTestObject("Object Repository/RecAndPlayBk/Page-Vlink-AuthOnly/input_Track Data_track_data"), ""): Text '' is set on object 'Object Repository/RecAndPlayBk/Page-Vlink-AuthOnly/input_Track Data_track_data'

2024-05-27 18:57:17 - [MESSAGE][PASSED] - Text '' is set on object 'Object Repository/RecAndPlayBk/Page-Vlink-AuthOnly/input_Track Data_track_data'

2024-05-27 18:57:17 - [TEST_STEP][PASSED] - setText(findTestObject("Object Repository/RecAndPlayBk/Page-Vlink-AuthOnly/input_concat(Cardholder, , s email)_email"), ""): Text '' is set on object 'Object Repository/RecAndPlayBk/Page-Vlink-AuthOnly/input_concat(Cardholder, , s email)_email'

2024-05-27 18:57:18 - [MESSAGE][PASSED] - Text '' is set on object 'Object Repository/RecAndPlayBk/Page-Vlink-AuthOnly/input_concat(Cardholder, , s email)_email'

2024-05-27 18:57:18 - [TEST_STEP][PASSED] - click(findTestObject("Object Repository/RecAndPlayBk/Page-Vlink-AuthOnly/input_user_defined10_user_defined10")): Object: 'Object Repository/RecAndPlayBk/Page-Vlink-AuthOnly/input_user_defined10_user_defined10' is clicked on

2024-05-27 18:57:19 - [MESSAGE][PASSED] - Object: 'Object Repository/RecAndPlayBk/Page-Vlink-AuthOnly/input_user_defined10_user_defined10' is clicked on

2024-05-27 18:57:19 - [TEST_STEP][PASSED] - if (executionProfile.equalsIgnoreCase("QAProfile")): null

2024-05-27 18:57:19 - [TEST_STEP][PASSED] - click(findTestObject("Object Repository/RecAndPlayBk/Page-Vlink-AuthOnly/input")): Object: 'Object Repository/RecAndPlayBk/Page-Vlink-AuthOnly/input' is clicked on

2024-05-27 18:57:20 - [MESSAGE][PASSED] - Object: 'Object Repository/RecAndPlayBk/Page-Vlink-AuthOnly/input' is clicked on

2024-05-27 18:57:20 - [TEST_STEP][PASSED] - if (verifyTextPresent("Transaction approved, no errors", true)): null

2024-05-27 18:57:20 - [MESSAGE][PASSED] - Text 'Transaction approved, no errors' is present on page  using regular expression

2024-05-27 18:57:20 - [TEST_STEP][PASSED] - println("Transaction Approved, no errors text is present on the Confirmation page"): null

2024-05-27 18:57:20 - [TEST_STEP][PASSED] - out.println("Pass Record Number: " + row): null

2024-05-27 18:57:20 - [TEST_STEP][PASSED] - resText = "Pass": null

2024-05-27 18:57:20 - [TEST_STEP][PASSED] - pages.WriteExcel.demoKey(resText, datText, resColumn, datCloumn, fileLoc, nameSheet, row): pages.WriteExcel.demoKey is PASSED

2024-05-27 18:57:21 - [MESSAGE][PASSED] - pages.WriteExcel.demoKey is PASSED

2024-05-27 18:57:21 - [TEST_STEP][PASSED] - ExecuteTC = findTestData(dataFile).getValue("Execute", row): null

2024-05-27 18:57:21 - [TEST_STEP][PASSED] - out.println("Value of Execute is : " + ExecuteTC): null

2024-05-27 18:57:21 - [TEST_STEP][PASSED] - switch (executionProfile): null

2024-05-27 18:57:21 - [TEST_STEP][PASSED] - case "DemoProfile":: null

2024-05-27 18:57:21 - [TEST_STEP][PASSED] - appID = findTestData(dataFile).getValue("AppIDDemo", row): null

2024-05-27 18:57:21 - [TEST_STEP][PASSED] - username = findTestData(dataFile).getValue("UsernameDemo", row): null

2024-05-27 18:57:21 - [TEST_STEP][PASSED] - password = findTestData(dataFile).getValue("PasswordDemo", row): null

2024-05-27 18:57:22 - [TEST_STEP][PASSED] - break: null

2024-05-27 18:57:22 - [TEST_STEP][PASSED] - if (ExecuteTC.equalsIgnoreCase("Y")): null

2024-05-27 18:57:22 - [TEST_STEP][PASSED] - out.println("Begin Record Number: " + row): null

2024-05-27 18:57:22 - [TEST_STEP][PASSED] - today = new java.util.Date(): null

2024-05-27 18:57:22 - [TEST_STEP][PASSED] - println(today): null

2024-05-27 18:57:22 - [TEST_STEP][PASSED] - datText = today: null

2024-05-27 18:57:22 - [TEST_STEP][PASSED] - category = findTestData(dataFile).getValue("Category", row): null

2024-05-27 18:57:22 - [TEST_STEP][PASSED] - amount = findTestData(dataFile).getValue("Amount", row): null

2024-05-27 18:57:22 - [TEST_STEP][PASSED] - cardNumber = findTestData(dataFile).getValue("CardNumber", row): null

2024-05-27 18:57:22 - [TEST_STEP][PASSED] - exM = findTestData(dataFile).getValue("ExM", row): null

2024-05-27 18:57:22 - [TEST_STEP][PASSED] - exY = findTestData(dataFile).getValue("ExY", row): null

2024-05-27 18:57:22 - [TEST_STEP][PASSED] - openBrowser(VLinkURL + "auth.html"): Browser is opened with url: 'https://dev-algorithm.govolution.com/vlinktest/demo/version_2_0/auth.html'

2024-05-27 18:57:22 - [MESSAGE][WARNING] - A browser is already opened. Closing browser and opening a new one

2024-05-27 18:57:23 - [MESSAGE][INFO] - Starting 'Chrome' driver

2024-05-27 18:57:23 - [MESSAGE][INFO] - User set preference: ['acceptInsecureCerts', 'true']

2024-05-27 18:57:23 - [MESSAGE][INFO] - Action delay is set to 0 milliseconds

2024-05-27 18:57:26 - [MESSAGE][PASSED] - Browser is opened with url: 'https://dev-algorithm.govolution.com/vlinktest/demo/version_2_0/auth.html'

2024-05-27 18:57:26 - [TEST_STEP][PASSED] - maximizeWindow(): Current window maximized

2024-05-27 18:57:26 - [MESSAGE][PASSED] - Current window maximized

2024-05-27 18:57:26 - [TEST_STEP][PASSED] - maximizeWindow(): Current window maximized

2024-05-27 18:57:26 - [MESSAGE][PASSED] - Current window maximized

2024-05-27 18:57:26 - [TEST_STEP][PASSED] - genRemID = RandomStringUtils.random(12, true, true): null

2024-05-27 18:57:26 - [TEST_STEP][PASSED] - setText(findTestObject("Object Repository/VLink/Page_CCSale/txt_RemID"), genRemID): Text 'd8N7GRgsydZK' is set on object 'Object Repository/VLink/Page_CCSale/txt_RemID'

2024-05-27 18:57:27 - [MESSAGE][PASSED] - Text 'd8N7GRgsydZK' is set on object 'Object Repository/VLink/Page_CCSale/txt_RemID'

2024-05-27 18:57:27 - [TEST_STEP][PASSED] - setText(findTestObject("Object Repository/RecAndPlayBk/Page-Vlink-AuthOnly/input_Remittance Id_remittance_id"), genRemID): Text 'd8N7GRgsydZK' is set on object 'Object Repository/RecAndPlayBk/Page-Vlink-AuthOnly/input_Remittance Id_remittance_id'

2024-05-27 18:57:27 - [MESSAGE][PASSED] - Text 'd8N7GRgsydZK' is set on object 'Object Repository/RecAndPlayBk/Page-Vlink-AuthOnly/input_Remittance Id_remittance_id'

2024-05-27 18:57:27 - [TEST_STEP][PASSED] - setText(findTestObject("Object Repository/RecAndPlayBk/Page-Vlink-AuthOnly/input_Application Id_application_id"), appID): Text '1773' is set on object 'Object Repository/RecAndPlayBk/Page-Vlink-AuthOnly/input_Application Id_application_id'

2024-05-27 18:57:28 - [MESSAGE][PASSED] - Text '1773' is set on object 'Object Repository/RecAndPlayBk/Page-Vlink-AuthOnly/input_Application Id_application_id'

2024-05-27 18:57:28 - [TEST_STEP][PASSED] - setText(findTestObject("Object Repository/RecAndPlayBk/Page-Vlink-AuthOnly/input_Username_username"), username): Text 'Qq2BV1qtr' is set on object 'Object Repository/RecAndPlayBk/Page-Vlink-AuthOnly/input_Username_username'

2024-05-27 18:57:29 - [MESSAGE][PASSED] - Text 'Qq2BV1qtr' is set on object 'Object Repository/RecAndPlayBk/Page-Vlink-AuthOnly/input_Username_username'

2024-05-27 18:57:29 - [TEST_STEP][PASSED] - setText(findTestObject("Object Repository/RecAndPlayBk/Page-Vlink-AuthOnly/input_Password_password"), password): Text 'tUmWBiLUx' is set on object 'Object Repository/RecAndPlayBk/Page-Vlink-AuthOnly/input_Password_password'

2024-05-27 18:57:29 - [MESSAGE][PASSED] - Text 'tUmWBiLUx' is set on object 'Object Repository/RecAndPlayBk/Page-Vlink-AuthOnly/input_Password_password'

2024-05-27 18:57:29 - [TEST_STEP][PASSED] - setText(findTestObject("Object Repository/RecAndPlayBk/Page-Vlink-AuthOnly/input_Category_category"), category): Text 'MOTO' is set on object 'Object Repository/RecAndPlayBk/Page-Vlink-AuthOnly/input_Category_category'

2024-05-27 18:57:30 - [MESSAGE][PASSED] - Text 'MOTO' is set on object 'Object Repository/RecAndPlayBk/Page-Vlink-AuthOnly/input_Category_category'

2024-05-27 18:57:30 - [TEST_STEP][PASSED] - setText(findTestObject("Object Repository/RecAndPlayBk/Page-Vlink-AuthOnly/input_Amount_amount"), amount): Text '10.5' is set on object 'Object Repository/RecAndPlayBk/Page-Vlink-AuthOnly/input_Amount_amount'

2024-05-27 18:57:31 - [MESSAGE][PASSED] - Text '10.5' is set on object 'Object Repository/RecAndPlayBk/Page-Vlink-AuthOnly/input_Amount_amount'

2024-05-27 18:57:31 - [TEST_STEP][PASSED] - doubleClick(findTestObject("Object Repository/RecAndPlayBk/Page-Vlink-AuthOnly/input_Card number_card_number")): Object: 'Object Repository/RecAndPlayBk/Page-Vlink-AuthOnly/input_Card number_card_number' is double clicked on

2024-05-27 18:57:31 - [MESSAGE][PASSED] - Object: 'Object Repository/RecAndPlayBk/Page-Vlink-AuthOnly/input_Card number_card_number' is double clicked on

2024-05-27 18:57:31 - [TEST_STEP][PASSED] - setText(findTestObject("Object Repository/RecAndPlayBk/Page-Vlink-AuthOnly/input_Card number_card_number"), cardNumber): Text '5424000000000015' is set on object 'Object Repository/RecAndPlayBk/Page-Vlink-AuthOnly/input_Card number_card_number'

2024-05-27 18:57:32 - [MESSAGE][PASSED] - Text '5424000000000015' is set on object 'Object Repository/RecAndPlayBk/Page-Vlink-AuthOnly/input_Card number_card_number'

2024-05-27 18:57:32 - [TEST_STEP][PASSED] - setText(findTestObject("Object Repository/RecAndPlayBk/Page-Vlink-AuthOnly/input_Card ex month_card_exmo"), exM): Text '12' is set on object 'Object Repository/RecAndPlayBk/Page-Vlink-AuthOnly/input_Card ex month_card_exmo'

2024-05-27 18:57:33 - [MESSAGE][PASSED] - Text '12' is set on object 'Object Repository/RecAndPlayBk/Page-Vlink-AuthOnly/input_Card ex month_card_exmo'

2024-05-27 18:57:33 - [TEST_STEP][PASSED] - setText(findTestObject("Object Repository/RecAndPlayBk/Page-Vlink-AuthOnly/input_Card ex year_card_exyr"), exY): Text '2029' is set on object 'Object Repository/RecAndPlayBk/Page-Vlink-AuthOnly/input_Card ex year_card_exyr'

2024-05-27 18:57:33 - [MESSAGE][PASSED] - Text '2029' is set on object 'Object Repository/RecAndPlayBk/Page-Vlink-AuthOnly/input_Card ex year_card_exyr'

2024-05-27 18:57:33 - [TEST_STEP][PASSED] - click(findTestObject("Object Repository/RecAndPlayBk/Page-Vlink-AuthOnly/input_Track Data_track_data")): Object: 'Object Repository/RecAndPlayBk/Page-Vlink-AuthOnly/input_Track Data_track_data' is clicked on

2024-05-27 18:57:34 - [MESSAGE][PASSED] - Object: 'Object Repository/RecAndPlayBk/Page-Vlink-AuthOnly/input_Track Data_track_data' is clicked on

2024-05-27 18:57:34 - [TEST_STEP][PASSED] - click(findTestObject("Object Repository/RecAndPlayBk/Page-Vlink-AuthOnly/input_CVV state_cvv_state")): Object: 'Object Repository/RecAndPlayBk/Page-Vlink-AuthOnly/input_CVV state_cvv_state' is clicked on

2024-05-27 18:57:34 - [MESSAGE][PASSED] - Object: 'Object Repository/RecAndPlayBk/Page-Vlink-AuthOnly/input_CVV state_cvv_state' is clicked on

2024-05-27 18:57:34 - [TEST_STEP][PASSED] - setText(findTestObject("Object Repository/RecAndPlayBk/Page-Vlink-AuthOnly/input_Track Data_track_data"), ""): Text '' is set on object 'Object Repository/RecAndPlayBk/Page-Vlink-AuthOnly/input_Track Data_track_data'

2024-05-27 18:57:35 - [MESSAGE][PASSED] - Text '' is set on object 'Object Repository/RecAndPlayBk/Page-Vlink-AuthOnly/input_Track Data_track_data'

2024-05-27 18:57:35 - [TEST_STEP][PASSED] - setText(findTestObject("Object Repository/RecAndPlayBk/Page-Vlink-AuthOnly/input_concat(Cardholder, , s email)_email"), ""): Text '' is set on object 'Object Repository/RecAndPlayBk/Page-Vlink-AuthOnly/input_concat(Cardholder, , s email)_email'

2024-05-27 18:57:36 - [MESSAGE][PASSED] - Text '' is set on object 'Object Repository/RecAndPlayBk/Page-Vlink-AuthOnly/input_concat(Cardholder, , s email)_email'

2024-05-27 18:57:36 - [TEST_STEP][PASSED] - click(findTestObject("Object Repository/RecAndPlayBk/Page-Vlink-AuthOnly/input_user_defined10_user_defined10")): Object: 'Object Repository/RecAndPlayBk/Page-Vlink-AuthOnly/input_user_defined10_user_defined10' is clicked on

2024-05-27 18:57:36 - [MESSAGE][PASSED] - Object: 'Object Repository/RecAndPlayBk/Page-Vlink-AuthOnly/input_user_defined10_user_defined10' is clicked on

2024-05-27 18:57:36 - [TEST_STEP][PASSED] - if (executionProfile.equalsIgnoreCase("QAProfile")): null

2024-05-27 18:57:36 - [TEST_STEP][PASSED] - click(findTestObject("Object Repository/RecAndPlayBk/Page-Vlink-AuthOnly/input")): Object: 'Object Repository/RecAndPlayBk/Page-Vlink-AuthOnly/input' is clicked on

2024-05-27 18:57:38 - [MESSAGE][PASSED] - Object: 'Object Repository/RecAndPlayBk/Page-Vlink-AuthOnly/input' is clicked on

2024-05-27 18:57:38 - [TEST_STEP][PASSED] - if (verifyTextPresent("Transaction approved, no errors", true)): null

2024-05-27 18:57:39 - [MESSAGE][PASSED] - Text 'Transaction approved, no errors' is present on page  using regular expression

2024-05-27 18:57:39 - [TEST_STEP][PASSED] - println("Transaction Approved, no errors text is present on the Confirmation page"): null

2024-05-27 18:57:39 - [TEST_STEP][PASSED] - out.println("Pass Record Number: " + row): null

2024-05-27 18:57:39 - [TEST_STEP][PASSED] - resText = "Pass": null

2024-05-27 18:57:39 - [TEST_STEP][PASSED] - pages.WriteExcel.demoKey(resText, datText, resColumn, datCloumn, fileLoc, nameSheet, row): pages.WriteExcel.demoKey is PASSED

2024-05-27 18:57:39 - [MESSAGE][PASSED] - pages.WriteExcel.demoKey is PASSED

2024-05-27 18:57:39 - [TEST_STEP][PASSED] - ExecuteTC = findTestData(dataFile).getValue("Execute", row): null

2024-05-27 18:57:39 - [TEST_STEP][PASSED] - out.println("Value of Execute is : " + ExecuteTC): null

2024-05-27 18:57:39 - [TEST_STEP][PASSED] - switch (executionProfile): null

2024-05-27 18:57:39 - [TEST_STEP][PASSED] - case "DemoProfile":: null

2024-05-27 18:57:39 - [TEST_STEP][PASSED] - appID = findTestData(dataFile).getValue("AppIDDemo", row): null

2024-05-27 18:57:39 - [TEST_STEP][PASSED] - username = findTestData(dataFile).getValue("UsernameDemo", row): null

2024-05-27 18:57:40 - [TEST_STEP][PASSED] - password = findTestData(dataFile).getValue("PasswordDemo", row): null

2024-05-27 18:57:40 - [TEST_STEP][PASSED] - break: null

2024-05-27 18:57:40 - [TEST_STEP][PASSED] - if (ExecuteTC.equalsIgnoreCase("Y")): null

2024-05-27 18:57:40 - [TEST_STEP][PASSED] - out.println("Begin Record Number: " + row): null

2024-05-27 18:57:40 - [TEST_STEP][PASSED] - today = new java.util.Date(): null

2024-05-27 18:57:40 - [TEST_STEP][PASSED] - println(today): null

2024-05-27 18:57:40 - [TEST_STEP][PASSED] - datText = today: null

2024-05-27 18:57:40 - [TEST_STEP][PASSED] - category = findTestData(dataFile).getValue("Category", row): null

2024-05-27 18:57:40 - [TEST_STEP][PASSED] - amount = findTestData(dataFile).getValue("Amount", row): null

2024-05-27 18:57:40 - [TEST_STEP][PASSED] - cardNumber = findTestData(dataFile).getValue("CardNumber", row): null

2024-05-27 18:57:40 - [TEST_STEP][PASSED] - exM = findTestData(dataFile).getValue("ExM", row): null

2024-05-27 18:57:40 - [TEST_STEP][PASSED] - exY = findTestData(dataFile).getValue("ExY", row): null

2024-05-27 18:57:40 - [TEST_STEP][PASSED] - openBrowser(VLinkURL + "auth.html"): Browser is opened with url: 'https://dev-algorithm.govolution.com/vlinktest/demo/version_2_0/auth.html'

2024-05-27 18:57:40 - [MESSAGE][WARNING] - A browser is already opened. Closing browser and opening a new one

2024-05-27 18:57:41 - [MESSAGE][INFO] - Starting 'Chrome' driver

2024-05-27 18:57:41 - [MESSAGE][INFO] - User set preference: ['acceptInsecureCerts', 'true']

2024-05-27 18:57:41 - [MESSAGE][INFO] - Action delay is set to 0 milliseconds

2024-05-27 18:57:44 - [MESSAGE][PASSED] - Browser is opened with url: 'https://dev-algorithm.govolution.com/vlinktest/demo/version_2_0/auth.html'

2024-05-27 18:57:44 - [TEST_STEP][PASSED] - maximizeWindow(): Current window maximized

2024-05-27 18:57:44 - [MESSAGE][PASSED] - Current window maximized

2024-05-27 18:57:44 - [TEST_STEP][PASSED] - maximizeWindow(): Current window maximized

2024-05-27 18:57:44 - [MESSAGE][PASSED] - Current window maximized

2024-05-27 18:57:44 - [TEST_STEP][PASSED] - genRemID = RandomStringUtils.random(12, true, true): null

2024-05-27 18:57:44 - [TEST_STEP][PASSED] - setText(findTestObject("Object Repository/VLink/Page_CCSale/txt_RemID"), genRemID): Text 'dbbLylM4R2Yw' is set on object 'Object Repository/VLink/Page_CCSale/txt_RemID'

2024-05-27 18:57:45 - [MESSAGE][PASSED] - Text 'dbbLylM4R2Yw' is set on object 'Object Repository/VLink/Page_CCSale/txt_RemID'

2024-05-27 18:57:45 - [TEST_STEP][PASSED] - setText(findTestObject("Object Repository/RecAndPlayBk/Page-Vlink-AuthOnly/input_Remittance Id_remittance_id"), genRemID): Text 'dbbLylM4R2Yw' is set on object 'Object Repository/RecAndPlayBk/Page-Vlink-AuthOnly/input_Remittance Id_remittance_id'

2024-05-27 18:57:45 - [MESSAGE][PASSED] - Text 'dbbLylM4R2Yw' is set on object 'Object Repository/RecAndPlayBk/Page-Vlink-AuthOnly/input_Remittance Id_remittance_id'

2024-05-27 18:57:45 - [TEST_STEP][PASSED] - setText(findTestObject("Object Repository/RecAndPlayBk/Page-Vlink-AuthOnly/input_Application Id_application_id"), appID): Text '1773' is set on object 'Object Repository/RecAndPlayBk/Page-Vlink-AuthOnly/input_Application Id_application_id'

2024-05-27 18:57:46 - [MESSAGE][PASSED] - Text '1773' is set on object 'Object Repository/RecAndPlayBk/Page-Vlink-AuthOnly/input_Application Id_application_id'

2024-05-27 18:57:46 - [TEST_STEP][PASSED] - setText(findTestObject("Object Repository/RecAndPlayBk/Page-Vlink-AuthOnly/input_Username_username"), username): Text 'Qq2BV1qtr' is set on object 'Object Repository/RecAndPlayBk/Page-Vlink-AuthOnly/input_Username_username'

2024-05-27 18:57:47 - [MESSAGE][PASSED] - Text 'Qq2BV1qtr' is set on object 'Object Repository/RecAndPlayBk/Page-Vlink-AuthOnly/input_Username_username'

2024-05-27 18:57:47 - [TEST_STEP][PASSED] - setText(findTestObject("Object Repository/RecAndPlayBk/Page-Vlink-AuthOnly/input_Password_password"), password): Text 'tUmWBiLUx' is set on object 'Object Repository/RecAndPlayBk/Page-Vlink-AuthOnly/input_Password_password'

2024-05-27 18:57:47 - [MESSAGE][PASSED] - Text 'tUmWBiLUx' is set on object 'Object Repository/RecAndPlayBk/Page-Vlink-AuthOnly/input_Password_password'

2024-05-27 18:57:47 - [TEST_STEP][PASSED] - setText(findTestObject("Object Repository/RecAndPlayBk/Page-Vlink-AuthOnly/input_Category_category"), category): Text 'RETL' is set on object 'Object Repository/RecAndPlayBk/Page-Vlink-AuthOnly/input_Category_category'

2024-05-27 18:57:48 - [MESSAGE][PASSED] - Text 'RETL' is set on object 'Object Repository/RecAndPlayBk/Page-Vlink-AuthOnly/input_Category_category'

2024-05-27 18:57:48 - [TEST_STEP][PASSED] - setText(findTestObject("Object Repository/RecAndPlayBk/Page-Vlink-AuthOnly/input_Amount_amount"), amount): Text '10.5' is set on object 'Object Repository/RecAndPlayBk/Page-Vlink-AuthOnly/input_Amount_amount'

2024-05-27 18:57:49 - [MESSAGE][PASSED] - Text '10.5' is set on object 'Object Repository/RecAndPlayBk/Page-Vlink-AuthOnly/input_Amount_amount'

2024-05-27 18:57:49 - [TEST_STEP][PASSED] - doubleClick(findTestObject("Object Repository/RecAndPlayBk/Page-Vlink-AuthOnly/input_Card number_card_number")): Object: 'Object Repository/RecAndPlayBk/Page-Vlink-AuthOnly/input_Card number_card_number' is double clicked on

2024-05-27 18:57:49 - [MESSAGE][PASSED] - Object: 'Object Repository/RecAndPlayBk/Page-Vlink-AuthOnly/input_Card number_card_number' is double clicked on

2024-05-27 18:57:49 - [TEST_STEP][PASSED] - setText(findTestObject("Object Repository/RecAndPlayBk/Page-Vlink-AuthOnly/input_Card number_card_number"), cardNumber): Text '370000000000002' is set on object 'Object Repository/RecAndPlayBk/Page-Vlink-AuthOnly/input_Card number_card_number'

2024-05-27 18:57:50 - [MESSAGE][PASSED] - Text '370000000000002' is set on object 'Object Repository/RecAndPlayBk/Page-Vlink-AuthOnly/input_Card number_card_number'

2024-05-27 18:57:50 - [TEST_STEP][PASSED] - setText(findTestObject("Object Repository/RecAndPlayBk/Page-Vlink-AuthOnly/input_Card ex month_card_exmo"), exM): Text '12' is set on object 'Object Repository/RecAndPlayBk/Page-Vlink-AuthOnly/input_Card ex month_card_exmo'

2024-05-27 18:57:51 - [MESSAGE][PASSED] - Text '12' is set on object 'Object Repository/RecAndPlayBk/Page-Vlink-AuthOnly/input_Card ex month_card_exmo'

2024-05-27 18:57:51 - [TEST_STEP][PASSED] - setText(findTestObject("Object Repository/RecAndPlayBk/Page-Vlink-AuthOnly/input_Card ex year_card_exyr"), exY): Text '2029' is set on object 'Object Repository/RecAndPlayBk/Page-Vlink-AuthOnly/input_Card ex year_card_exyr'

2024-05-27 18:57:52 - [MESSAGE][PASSED] - Text '2029' is set on object 'Object Repository/RecAndPlayBk/Page-Vlink-AuthOnly/input_Card ex year_card_exyr'

2024-05-27 18:57:52 - [TEST_STEP][PASSED] - click(findTestObject("Object Repository/RecAndPlayBk/Page-Vlink-AuthOnly/input_Track Data_track_data")): Object: 'Object Repository/RecAndPlayBk/Page-Vlink-AuthOnly/input_Track Data_track_data' is clicked on

2024-05-27 18:57:52 - [MESSAGE][PASSED] - Object: 'Object Repository/RecAndPlayBk/Page-Vlink-AuthOnly/input_Track Data_track_data' is clicked on

2024-05-27 18:57:52 - [TEST_STEP][PASSED] - click(findTestObject("Object Repository/RecAndPlayBk/Page-Vlink-AuthOnly/input_CVV state_cvv_state")): Object: 'Object Repository/RecAndPlayBk/Page-Vlink-AuthOnly/input_CVV state_cvv_state' is clicked on

2024-05-27 18:57:52 - [MESSAGE][PASSED] - Object: 'Object Repository/RecAndPlayBk/Page-Vlink-AuthOnly/input_CVV state_cvv_state' is clicked on

2024-05-27 18:57:52 - [TEST_STEP][PASSED] - setText(findTestObject("Object Repository/RecAndPlayBk/Page-Vlink-AuthOnly/input_Track Data_track_data"), ""): Text '' is set on object 'Object Repository/RecAndPlayBk/Page-Vlink-AuthOnly/input_Track Data_track_data'

2024-05-27 18:57:53 - [MESSAGE][PASSED] - Text '' is set on object 'Object Repository/RecAndPlayBk/Page-Vlink-AuthOnly/input_Track Data_track_data'

2024-05-27 18:57:53 - [TEST_STEP][PASSED] - setText(findTestObject("Object Repository/RecAndPlayBk/Page-Vlink-AuthOnly/input_concat(Cardholder, , s email)_email"), ""): Text '' is set on object 'Object Repository/RecAndPlayBk/Page-Vlink-AuthOnly/input_concat(Cardholder, , s email)_email'

2024-05-27 18:57:54 - [MESSAGE][PASSED] - Text '' is set on object 'Object Repository/RecAndPlayBk/Page-Vlink-AuthOnly/input_concat(Cardholder, , s email)_email'

2024-05-27 18:57:54 - [TEST_STEP][PASSED] - click(findTestObject("Object Repository/RecAndPlayBk/Page-Vlink-AuthOnly/input_user_defined10_user_defined10")): Object: 'Object Repository/RecAndPlayBk/Page-Vlink-AuthOnly/input_user_defined10_user_defined10' is clicked on

2024-05-27 18:57:54 - [MESSAGE][PASSED] - Object: 'Object Repository/RecAndPlayBk/Page-Vlink-AuthOnly/input_user_defined10_user_defined10' is clicked on

2024-05-27 18:57:54 - [TEST_STEP][PASSED] - if (executionProfile.equalsIgnoreCase("QAProfile")): null

2024-05-27 18:57:54 - [TEST_STEP][PASSED] - click(findTestObject("Object Repository/RecAndPlayBk/Page-Vlink-AuthOnly/input")): Object: 'Object Repository/RecAndPlayBk/Page-Vlink-AuthOnly/input' is clicked on

2024-05-27 18:57:55 - [MESSAGE][PASSED] - Object: 'Object Repository/RecAndPlayBk/Page-Vlink-AuthOnly/input' is clicked on

2024-05-27 18:57:55 - [TEST_STEP][PASSED] - if (verifyTextPresent("Transaction approved, no errors", true)): null

2024-05-27 18:57:56 - [MESSAGE][PASSED] - Text 'Transaction approved, no errors' is present on page  using regular expression

2024-05-27 18:57:56 - [TEST_STEP][PASSED] - println("Transaction Approved, no errors text is present on the Confirmation page"): null

2024-05-27 18:57:56 - [TEST_STEP][PASSED] - out.println("Pass Record Number: " + row): null

2024-05-27 18:57:56 - [TEST_STEP][PASSED] - resText = "Pass": null

2024-05-27 18:57:56 - [TEST_STEP][PASSED] - pages.WriteExcel.demoKey(resText, datText, resColumn, datCloumn, fileLoc, nameSheet, row): pages.WriteExcel.demoKey is PASSED

2024-05-27 18:57:56 - [MESSAGE][PASSED] - pages.WriteExcel.demoKey is PASSED

2024-05-27 18:57:56 - [TEST_STEP][PASSED] - ExecuteTC = findTestData(dataFile).getValue("Execute", row): null

2024-05-27 18:57:56 - [TEST_STEP][PASSED] - out.println("Value of Execute is : " + ExecuteTC): null

2024-05-27 18:57:56 - [TEST_STEP][PASSED] - switch (executionProfile): null

2024-05-27 18:57:56 - [TEST_STEP][PASSED] - case "DemoProfile":: null

2024-05-27 18:57:56 - [TEST_STEP][PASSED] - appID = findTestData(dataFile).getValue("AppIDDemo", row): null

2024-05-27 18:57:56 - [TEST_STEP][PASSED] - username = findTestData(dataFile).getValue("UsernameDemo", row): null

2024-05-27 18:57:56 - [TEST_STEP][PASSED] - password = findTestData(dataFile).getValue("PasswordDemo", row): null

2024-05-27 18:57:56 - [TEST_STEP][PASSED] - break: null

2024-05-27 18:57:56 - [TEST_STEP][PASSED] - if (ExecuteTC.equalsIgnoreCase("Y")): null

2024-05-27 18:57:56 - [TEST_STEP][PASSED] - out.println("Begin Record Number: " + row): null

2024-05-27 18:57:56 - [TEST_STEP][PASSED] - today = new java.util.Date(): null

2024-05-27 18:57:56 - [TEST_STEP][PASSED] - println(today): null

2024-05-27 18:57:56 - [TEST_STEP][PASSED] - datText = today: null

2024-05-27 18:57:56 - [TEST_STEP][PASSED] - category = findTestData(dataFile).getValue("Category", row): null

2024-05-27 18:57:57 - [TEST_STEP][PASSED] - amount = findTestData(dataFile).getValue("Amount", row): null

2024-05-27 18:57:57 - [TEST_STEP][PASSED] - cardNumber = findTestData(dataFile).getValue("CardNumber", row): null

2024-05-27 18:57:57 - [TEST_STEP][PASSED] - exM = findTestData(dataFile).getValue("ExM", row): null

2024-05-27 18:57:57 - [TEST_STEP][PASSED] - exY = findTestData(dataFile).getValue("ExY", row): null

2024-05-27 18:57:57 - [TEST_STEP][PASSED] - openBrowser(VLinkURL + "auth.html"): Browser is opened with url: 'https://dev-algorithm.govolution.com/vlinktest/demo/version_2_0/auth.html'

2024-05-27 18:57:57 - [MESSAGE][WARNING] - A browser is already opened. Closing browser and opening a new one

2024-05-27 18:57:58 - [MESSAGE][INFO] - Starting 'Chrome' driver

2024-05-27 18:57:58 - [MESSAGE][INFO] - User set preference: ['acceptInsecureCerts', 'true']

2024-05-27 18:57:58 - [MESSAGE][INFO] - Action delay is set to 0 milliseconds

2024-05-27 18:58:00 - [MESSAGE][PASSED] - Browser is opened with url: 'https://dev-algorithm.govolution.com/vlinktest/demo/version_2_0/auth.html'

2024-05-27 18:58:00 - [TEST_STEP][PASSED] - maximizeWindow(): Current window maximized

2024-05-27 18:58:01 - [MESSAGE][PASSED] - Current window maximized

2024-05-27 18:58:01 - [TEST_STEP][PASSED] - maximizeWindow(): Current window maximized

2024-05-27 18:58:01 - [MESSAGE][PASSED] - Current window maximized

2024-05-27 18:58:01 - [TEST_STEP][PASSED] - genRemID = RandomStringUtils.random(12, true, true): null

2024-05-27 18:58:01 - [TEST_STEP][PASSED] - setText(findTestObject("Object Repository/VLink/Page_CCSale/txt_RemID"), genRemID): Text 'a9oz7IEXuTtT' is set on object 'Object Repository/VLink/Page_CCSale/txt_RemID'

2024-05-27 18:58:02 - [MESSAGE][PASSED] - Text 'a9oz7IEXuTtT' is set on object 'Object Repository/VLink/Page_CCSale/txt_RemID'

2024-05-27 18:58:02 - [TEST_STEP][PASSED] - setText(findTestObject("Object Repository/RecAndPlayBk/Page-Vlink-AuthOnly/input_Remittance Id_remittance_id"), genRemID): Text 'a9oz7IEXuTtT' is set on object 'Object Repository/RecAndPlayBk/Page-Vlink-AuthOnly/input_Remittance Id_remittance_id'

2024-05-27 18:58:02 - [MESSAGE][PASSED] - Text 'a9oz7IEXuTtT' is set on object 'Object Repository/RecAndPlayBk/Page-Vlink-AuthOnly/input_Remittance Id_remittance_id'

2024-05-27 18:58:02 - [TEST_STEP][PASSED] - setText(findTestObject("Object Repository/RecAndPlayBk/Page-Vlink-AuthOnly/input_Application Id_application_id"), appID): Text '2435' is set on object 'Object Repository/RecAndPlayBk/Page-Vlink-AuthOnly/input_Application Id_application_id'

2024-05-27 18:58:03 - [MESSAGE][PASSED] - Text '2435' is set on object 'Object Repository/RecAndPlayBk/Page-Vlink-AuthOnly/input_Application Id_application_id'

2024-05-27 18:58:03 - [TEST_STEP][PASSED] - setText(findTestObject("Object Repository/RecAndPlayBk/Page-Vlink-AuthOnly/input_Username_username"), username): Text 'health' is set on object 'Object Repository/RecAndPlayBk/Page-Vlink-AuthOnly/input_Username_username'

2024-05-27 18:58:04 - [MESSAGE][PASSED] - Text 'health' is set on object 'Object Repository/RecAndPlayBk/Page-Vlink-AuthOnly/input_Username_username'

2024-05-27 18:58:04 - [TEST_STEP][PASSED] - setText(findTestObject("Object Repository/RecAndPlayBk/Page-Vlink-AuthOnly/input_Password_password"), password): Text '11111111' is set on object 'Object Repository/RecAndPlayBk/Page-Vlink-AuthOnly/input_Password_password'

2024-05-27 18:58:04 - [MESSAGE][PASSED] - Text '11111111' is set on object 'Object Repository/RecAndPlayBk/Page-Vlink-AuthOnly/input_Password_password'

2024-05-27 18:58:04 - [TEST_STEP][PASSED] - setText(findTestObject("Object Repository/RecAndPlayBk/Page-Vlink-AuthOnly/input_Category_category"), category): Text 'ECOM' is set on object 'Object Repository/RecAndPlayBk/Page-Vlink-AuthOnly/input_Category_category'

2024-05-27 18:58:05 - [MESSAGE][PASSED] - Text 'ECOM' is set on object 'Object Repository/RecAndPlayBk/Page-Vlink-AuthOnly/input_Category_category'

2024-05-27 18:58:05 - [TEST_STEP][PASSED] - setText(findTestObject("Object Repository/RecAndPlayBk/Page-Vlink-AuthOnly/input_Amount_amount"), amount): Text '10.5' is set on object 'Object Repository/RecAndPlayBk/Page-Vlink-AuthOnly/input_Amount_amount'

2024-05-27 18:58:06 - [MESSAGE][PASSED] - Text '10.5' is set on object 'Object Repository/RecAndPlayBk/Page-Vlink-AuthOnly/input_Amount_amount'

2024-05-27 18:58:06 - [TEST_STEP][PASSED] - doubleClick(findTestObject("Object Repository/RecAndPlayBk/Page-Vlink-AuthOnly/input_Card number_card_number")): Object: 'Object Repository/RecAndPlayBk/Page-Vlink-AuthOnly/input_Card number_card_number' is double clicked on

2024-05-27 18:58:06 - [MESSAGE][PASSED] - Object: 'Object Repository/RecAndPlayBk/Page-Vlink-AuthOnly/input_Card number_card_number' is double clicked on

2024-05-27 18:58:06 - [TEST_STEP][PASSED] - setText(findTestObject("Object Repository/RecAndPlayBk/Page-Vlink-AuthOnly/input_Card number_card_number"), cardNumber): Text '4012000098765439' is set on object 'Object Repository/RecAndPlayBk/Page-Vlink-AuthOnly/input_Card number_card_number'

2024-05-27 18:58:07 - [MESSAGE][PASSED] - Text '4012000098765439' is set on object 'Object Repository/RecAndPlayBk/Page-Vlink-AuthOnly/input_Card number_card_number'

2024-05-27 18:58:07 - [TEST_STEP][PASSED] - setText(findTestObject("Object Repository/RecAndPlayBk/Page-Vlink-AuthOnly/input_Card ex month_card_exmo"), exM): Text '12' is set on object 'Object Repository/RecAndPlayBk/Page-Vlink-AuthOnly/input_Card ex month_card_exmo'

2024-05-27 18:58:08 - [MESSAGE][PASSED] - Text '12' is set on object 'Object Repository/RecAndPlayBk/Page-Vlink-AuthOnly/input_Card ex month_card_exmo'

2024-05-27 18:58:08 - [TEST_STEP][PASSED] - setText(findTestObject("Object Repository/RecAndPlayBk/Page-Vlink-AuthOnly/input_Card ex year_card_exyr"), exY): Text '2029' is set on object 'Object Repository/RecAndPlayBk/Page-Vlink-AuthOnly/input_Card ex year_card_exyr'

2024-05-27 18:58:09 - [MESSAGE][PASSED] - Text '2029' is set on object 'Object Repository/RecAndPlayBk/Page-Vlink-AuthOnly/input_Card ex year_card_exyr'

2024-05-27 18:58:09 - [TEST_STEP][PASSED] - click(findTestObject("Object Repository/RecAndPlayBk/Page-Vlink-AuthOnly/input_Track Data_track_data")): Object: 'Object Repository/RecAndPlayBk/Page-Vlink-AuthOnly/input_Track Data_track_data' is clicked on

2024-05-27 18:58:09 - [MESSAGE][PASSED] - Object: 'Object Repository/RecAndPlayBk/Page-Vlink-AuthOnly/input_Track Data_track_data' is clicked on

2024-05-27 18:58:09 - [TEST_STEP][PASSED] - click(findTestObject("Object Repository/RecAndPlayBk/Page-Vlink-AuthOnly/input_CVV state_cvv_state")): Object: 'Object Repository/RecAndPlayBk/Page-Vlink-AuthOnly/input_CVV state_cvv_state' is clicked on

2024-05-27 18:58:10 - [MESSAGE][PASSED] - Object: 'Object Repository/RecAndPlayBk/Page-Vlink-AuthOnly/input_CVV state_cvv_state' is clicked on

2024-05-27 18:58:10 - [TEST_STEP][PASSED] - setText(findTestObject("Object Repository/RecAndPlayBk/Page-Vlink-AuthOnly/input_Track Data_track_data"), ""): Text '' is set on object 'Object Repository/RecAndPlayBk/Page-Vlink-AuthOnly/input_Track Data_track_data'

2024-05-27 18:58:10 - [MESSAGE][PASSED] - Text '' is set on object 'Object Repository/RecAndPlayBk/Page-Vlink-AuthOnly/input_Track Data_track_data'

2024-05-27 18:58:10 - [TEST_STEP][PASSED] - setText(findTestObject("Object Repository/RecAndPlayBk/Page-Vlink-AuthOnly/input_concat(Cardholder, , s email)_email"), ""): Text '' is set on object 'Object Repository/RecAndPlayBk/Page-Vlink-AuthOnly/input_concat(Cardholder, , s email)_email'

2024-05-27 18:58:11 - [MESSAGE][PASSED] - Text '' is set on object 'Object Repository/RecAndPlayBk/Page-Vlink-AuthOnly/input_concat(Cardholder, , s email)_email'

2024-05-27 18:58:11 - [TEST_STEP][PASSED] - click(findTestObject("Object Repository/RecAndPlayBk/Page-Vlink-AuthOnly/input_user_defined10_user_defined10")): Object: 'Object Repository/RecAndPlayBk/Page-Vlink-AuthOnly/input_user_defined10_user_defined10' is clicked on

2024-05-27 18:58:12 - [MESSAGE][PASSED] - Object: 'Object Repository/RecAndPlayBk/Page-Vlink-AuthOnly/input_user_defined10_user_defined10' is clicked on

2024-05-27 18:58:12 - [TEST_STEP][PASSED] - if (executionProfile.equalsIgnoreCase("QAProfile")): null

2024-05-27 18:58:12 - [TEST_STEP][PASSED] - click(findTestObject("Object Repository/RecAndPlayBk/Page-Vlink-AuthOnly/input")): Object: 'Object Repository/RecAndPlayBk/Page-Vlink-AuthOnly/input' is clicked on

2024-05-27 18:58:16 - [MESSAGE][PASSED] - Object: 'Object Repository/RecAndPlayBk/Page-Vlink-AuthOnly/input' is clicked on

2024-05-27 18:58:16 - [TEST_STEP][PASSED] - if (verifyTextPresent("Transaction approved, no errors", true)): null

2024-05-27 18:58:16 - [MESSAGE][PASSED] - Text 'Transaction approved, no errors' is present on page  using regular expression

2024-05-27 18:58:16 - [TEST_STEP][PASSED] - println("Transaction Approved, no errors text is present on the Confirmation page"): null

2024-05-27 18:58:16 - [TEST_STEP][PASSED] - out.println("Pass Record Number: " + row): null

2024-05-27 18:58:16 - [TEST_STEP][PASSED] - resText = "Pass": null

2024-05-27 18:58:16 - [TEST_STEP][PASSED] - pages.WriteExcel.demoKey(resText, datText, resColumn, datCloumn, fileLoc, nameSheet, row): pages.WriteExcel.demoKey is PASSED

2024-05-27 18:58:16 - [MESSAGE][PASSED] - pages.WriteExcel.demoKey is PASSED

2024-05-27 18:58:16 - [TEST_STEP][PASSED] - ExecuteTC = findTestData(dataFile).getValue("Execute", row): null

2024-05-27 18:58:17 - [TEST_STEP][PASSED] - out.println("Value of Execute is : " + ExecuteTC): null

2024-05-27 18:58:17 - [TEST_STEP][PASSED] - switch (executionProfile): null

2024-05-27 18:58:17 - [TEST_STEP][PASSED] - case "DemoProfile":: null

2024-05-27 18:58:17 - [TEST_STEP][PASSED] - appID = findTestData(dataFile).getValue("AppIDDemo", row): null

2024-05-27 18:58:17 - [TEST_STEP][PASSED] - username = findTestData(dataFile).getValue("UsernameDemo", row): null

2024-05-27 18:58:17 - [TEST_STEP][PASSED] - password = findTestData(dataFile).getValue("PasswordDemo", row): null

2024-05-27 18:58:17 - [TEST_STEP][PASSED] - break: null

2024-05-27 18:58:17 - [TEST_STEP][PASSED] - if (ExecuteTC.equalsIgnoreCase("Y")): null

2024-05-27 18:58:17 - [TEST_STEP][PASSED] - out.println("Begin Record Number: " + row): null

2024-05-27 18:58:17 - [TEST_STEP][PASSED] - today = new java.util.Date(): null

2024-05-27 18:58:17 - [TEST_STEP][PASSED] - println(today): null

2024-05-27 18:58:17 - [TEST_STEP][PASSED] - datText = today: null

2024-05-27 18:58:17 - [TEST_STEP][PASSED] - category = findTestData(dataFile).getValue("Category", row): null

2024-05-27 18:58:17 - [TEST_STEP][PASSED] - amount = findTestData(dataFile).getValue("Amount", row): null

2024-05-27 18:58:17 - [TEST_STEP][PASSED] - cardNumber = findTestData(dataFile).getValue("CardNumber", row): null

2024-05-27 18:58:17 - [TEST_STEP][PASSED] - exM = findTestData(dataFile).getValue("ExM", row): null

2024-05-27 18:58:17 - [TEST_STEP][PASSED] - exY = findTestData(dataFile).getValue("ExY", row): null

2024-05-27 18:58:17 - [TEST_STEP][PASSED] - openBrowser(VLinkURL + "auth.html"): Browser is opened with url: 'https://dev-algorithm.govolution.com/vlinktest/demo/version_2_0/auth.html'

2024-05-27 18:58:17 - [MESSAGE][WARNING] - A browser is already opened. Closing browser and opening a new one

2024-05-27 18:58:19 - [MESSAGE][INFO] - Starting 'Chrome' driver

2024-05-27 18:58:19 - [MESSAGE][INFO] - User set preference: ['acceptInsecureCerts', 'true']

2024-05-27 18:58:19 - [MESSAGE][INFO] - Action delay is set to 0 milliseconds

2024-05-27 18:58:21 - [MESSAGE][PASSED] - Browser is opened with url: 'https://dev-algorithm.govolution.com/vlinktest/demo/version_2_0/auth.html'

2024-05-27 18:58:21 - [TEST_STEP][PASSED] - maximizeWindow(): Current window maximized

2024-05-27 18:58:21 - [MESSAGE][PASSED] - Current window maximized

2024-05-27 18:58:21 - [TEST_STEP][PASSED] - maximizeWindow(): Current window maximized

2024-05-27 18:58:21 - [MESSAGE][PASSED] - Current window maximized

2024-05-27 18:58:21 - [TEST_STEP][PASSED] - genRemID = RandomStringUtils.random(12, true, true): null

2024-05-27 18:58:21 - [TEST_STEP][PASSED] - setText(findTestObject("Object Repository/VLink/Page_CCSale/txt_RemID"), genRemID): Text 'qGnyKJqCnWta' is set on object 'Object Repository/VLink/Page_CCSale/txt_RemID'

2024-05-27 18:58:22 - [MESSAGE][PASSED] - Text 'qGnyKJqCnWta' is set on object 'Object Repository/VLink/Page_CCSale/txt_RemID'

2024-05-27 18:58:22 - [TEST_STEP][PASSED] - setText(findTestObject("Object Repository/RecAndPlayBk/Page-Vlink-AuthOnly/input_Remittance Id_remittance_id"), genRemID): Text 'qGnyKJqCnWta' is set on object 'Object Repository/RecAndPlayBk/Page-Vlink-AuthOnly/input_Remittance Id_remittance_id'

2024-05-27 18:58:23 - [MESSAGE][PASSED] - Text 'qGnyKJqCnWta' is set on object 'Object Repository/RecAndPlayBk/Page-Vlink-AuthOnly/input_Remittance Id_remittance_id'

2024-05-27 18:58:23 - [TEST_STEP][PASSED] - setText(findTestObject("Object Repository/RecAndPlayBk/Page-Vlink-AuthOnly/input_Application Id_application_id"), appID): Text '3136' is set on object 'Object Repository/RecAndPlayBk/Page-Vlink-AuthOnly/input_Application Id_application_id'

2024-05-27 18:58:23 - [MESSAGE][PASSED] - Text '3136' is set on object 'Object Repository/RecAndPlayBk/Page-Vlink-AuthOnly/input_Application Id_application_id'

2024-05-27 18:58:23 - [TEST_STEP][PASSED] - setText(findTestObject("Object Repository/RecAndPlayBk/Page-Vlink-AuthOnly/input_Username_username"), username): Text 'user3136' is set on object 'Object Repository/RecAndPlayBk/Page-Vlink-AuthOnly/input_Username_username'

2024-05-27 18:58:24 - [MESSAGE][PASSED] - Text 'user3136' is set on object 'Object Repository/RecAndPlayBk/Page-Vlink-AuthOnly/input_Username_username'

2024-05-27 18:58:24 - [TEST_STEP][PASSED] - setText(findTestObject("Object Repository/RecAndPlayBk/Page-Vlink-AuthOnly/input_Password_password"), password): Text 'pwd3136' is set on object 'Object Repository/RecAndPlayBk/Page-Vlink-AuthOnly/input_Password_password'

2024-05-27 18:58:25 - [MESSAGE][PASSED] - Text 'pwd3136' is set on object 'Object Repository/RecAndPlayBk/Page-Vlink-AuthOnly/input_Password_password'

2024-05-27 18:58:25 - [TEST_STEP][PASSED] - setText(findTestObject("Object Repository/RecAndPlayBk/Page-Vlink-AuthOnly/input_Category_category"), category): Text 'ECOM' is set on object 'Object Repository/RecAndPlayBk/Page-Vlink-AuthOnly/input_Category_category'

2024-05-27 18:58:25 - [MESSAGE][PASSED] - Text 'ECOM' is set on object 'Object Repository/RecAndPlayBk/Page-Vlink-AuthOnly/input_Category_category'

2024-05-27 18:58:25 - [TEST_STEP][PASSED] - setText(findTestObject("Object Repository/RecAndPlayBk/Page-Vlink-AuthOnly/input_Amount_amount"), amount): Text '10.5' is set on object 'Object Repository/RecAndPlayBk/Page-Vlink-AuthOnly/input_Amount_amount'

2024-05-27 18:58:26 - [MESSAGE][PASSED] - Text '10.5' is set on object 'Object Repository/RecAndPlayBk/Page-Vlink-AuthOnly/input_Amount_amount'

2024-05-27 18:58:26 - [TEST_STEP][PASSED] - doubleClick(findTestObject("Object Repository/RecAndPlayBk/Page-Vlink-AuthOnly/input_Card number_card_number")): Object: 'Object Repository/RecAndPlayBk/Page-Vlink-AuthOnly/input_Card number_card_number' is double clicked on

2024-05-27 18:58:27 - [MESSAGE][PASSED] - Object: 'Object Repository/RecAndPlayBk/Page-Vlink-AuthOnly/input_Card number_card_number' is double clicked on

2024-05-27 18:58:27 - [TEST_STEP][PASSED] - setText(findTestObject("Object Repository/RecAndPlayBk/Page-Vlink-AuthOnly/input_Card number_card_number"), cardNumber): Text '5146312200000035' is set on object 'Object Repository/RecAndPlayBk/Page-Vlink-AuthOnly/input_Card number_card_number'

2024-05-27 18:58:27 - [MESSAGE][PASSED] - Text '5146312200000035' is set on object 'Object Repository/RecAndPlayBk/Page-Vlink-AuthOnly/input_Card number_card_number'

2024-05-27 18:58:27 - [TEST_STEP][PASSED] - setText(findTestObject("Object Repository/RecAndPlayBk/Page-Vlink-AuthOnly/input_Card ex month_card_exmo"), exM): Text '12' is set on object 'Object Repository/RecAndPlayBk/Page-Vlink-AuthOnly/input_Card ex month_card_exmo'

2024-05-27 18:58:28 - [MESSAGE][PASSED] - Text '12' is set on object 'Object Repository/RecAndPlayBk/Page-Vlink-AuthOnly/input_Card ex month_card_exmo'

2024-05-27 18:58:28 - [TEST_STEP][PASSED] - setText(findTestObject("Object Repository/RecAndPlayBk/Page-Vlink-AuthOnly/input_Card ex year_card_exyr"), exY): Text '2029' is set on object 'Object Repository/RecAndPlayBk/Page-Vlink-AuthOnly/input_Card ex year_card_exyr'

2024-05-27 18:58:29 - [MESSAGE][PASSED] - Text '2029' is set on object 'Object Repository/RecAndPlayBk/Page-Vlink-AuthOnly/input_Card ex year_card_exyr'

2024-05-27 18:58:29 - [TEST_STEP][PASSED] - click(findTestObject("Object Repository/RecAndPlayBk/Page-Vlink-AuthOnly/input_Track Data_track_data")): Object: 'Object Repository/RecAndPlayBk/Page-Vlink-AuthOnly/input_Track Data_track_data' is clicked on

2024-05-27 18:58:29 - [MESSAGE][PASSED] - Object: 'Object Repository/RecAndPlayBk/Page-Vlink-AuthOnly/input_Track Data_track_data' is clicked on

2024-05-27 18:58:29 - [TEST_STEP][PASSED] - click(findTestObject("Object Repository/RecAndPlayBk/Page-Vlink-AuthOnly/input_CVV state_cvv_state")): Object: 'Object Repository/RecAndPlayBk/Page-Vlink-AuthOnly/input_CVV state_cvv_state' is clicked on

2024-05-27 18:58:30 - [MESSAGE][PASSED] - Object: 'Object Repository/RecAndPlayBk/Page-Vlink-AuthOnly/input_CVV state_cvv_state' is clicked on

2024-05-27 18:58:30 - [TEST_STEP][PASSED] - setText(findTestObject("Object Repository/RecAndPlayBk/Page-Vlink-AuthOnly/input_Track Data_track_data"), ""): Text '' is set on object 'Object Repository/RecAndPlayBk/Page-Vlink-AuthOnly/input_Track Data_track_data'

2024-05-27 18:58:30 - [MESSAGE][PASSED] - Text '' is set on object 'Object Repository/RecAndPlayBk/Page-Vlink-AuthOnly/input_Track Data_track_data'

2024-05-27 18:58:30 - [TEST_STEP][PASSED] - setText(findTestObject("Object Repository/RecAndPlayBk/Page-Vlink-AuthOnly/input_concat(Cardholder, , s email)_email"), ""): Text '' is set on object 'Object Repository/RecAndPlayBk/Page-Vlink-AuthOnly/input_concat(Cardholder, , s email)_email'

2024-05-27 18:58:31 - [MESSAGE][PASSED] - Text '' is set on object 'Object Repository/RecAndPlayBk/Page-Vlink-AuthOnly/input_concat(Cardholder, , s email)_email'

2024-05-27 18:58:31 - [TEST_STEP][PASSED] - click(findTestObject("Object Repository/RecAndPlayBk/Page-Vlink-AuthOnly/input_user_defined10_user_defined10")): Object: 'Object Repository/RecAndPlayBk/Page-Vlink-AuthOnly/input_user_defined10_user_defined10' is clicked on

2024-05-27 18:58:32 - [MESSAGE][PASSED] - Object: 'Object Repository/RecAndPlayBk/Page-Vlink-AuthOnly/input_user_defined10_user_defined10' is clicked on

2024-05-27 18:58:32 - [TEST_STEP][PASSED] - if (executionProfile.equalsIgnoreCase("QAProfile")): null

2024-05-27 18:58:32 - [TEST_STEP][PASSED] - click(findTestObject("Object Repository/RecAndPlayBk/Page-Vlink-AuthOnly/input")): Object: 'Object Repository/RecAndPlayBk/Page-Vlink-AuthOnly/input' is clicked on

2024-05-27 18:58:37 - [MESSAGE][PASSED] - Object: 'Object Repository/RecAndPlayBk/Page-Vlink-AuthOnly/input' is clicked on

2024-05-27 18:58:37 - [TEST_STEP][PASSED] - if (verifyTextPresent("Transaction approved, no errors", true)): null

2024-05-27 18:58:37 - [MESSAGE][PASSED] - Text 'Transaction approved, no errors' is present on page  using regular expression

2024-05-27 18:58:37 - [TEST_STEP][PASSED] - println("Transaction Approved, no errors text is present on the Confirmation page"): null

2024-05-27 18:58:37 - [TEST_STEP][PASSED] - out.println("Pass Record Number: " + row): null

2024-05-27 18:58:37 - [TEST_STEP][PASSED] - resText = "Pass": null

2024-05-27 18:58:37 - [TEST_STEP][PASSED] - pages.WriteExcel.demoKey(resText, datText, resColumn, datCloumn, fileLoc, nameSheet, row): pages.WriteExcel.demoKey is PASSED

2024-05-27 18:58:37 - [MESSAGE][PASSED] - pages.WriteExcel.demoKey is PASSED]]></system-out>
         <system-err><![CDATA[]]></system-err>
      </testcase>
      <testcase name="Test Cases/RecAndPlayBk/VLink/Auth-Capture" time="129.349" classname="Test Cases/RecAndPlayBk/VLink/Auth-Capture" status="PASSED">
         <system-out><![CDATA[2024-05-27 18:58:37 - [TEST_CASE][PASSED] - Test Cases/RecAndPlayBk/VLink/Auth-Capture: Test Cases/RecAndPlayBk/VLink/Auth-Capture

2024-05-27 18:58:38 - [TEST_STEP][PASSED] - executionProfile = getExecutionProfile(): null

2024-05-27 18:58:38 - [TEST_STEP][PASSED] - out.println("executionProfile : " + executionProfile): null

2024-05-27 18:58:38 - [TEST_STEP][PASSED] - appName = <not implemented yet for class: org.codehaus.groovy.ast.expr.EmptyExpression>: null

2024-05-27 18:58:38 - [TEST_STEP][PASSED] - appID = <not implemented yet for class: org.codehaus.groovy.ast.expr.EmptyExpression>: null

2024-05-27 18:58:38 - [TEST_STEP][PASSED] - username = <not implemented yet for class: org.codehaus.groovy.ast.expr.EmptyExpression>: null

2024-05-27 18:58:38 - [TEST_STEP][PASSED] - password = <not implemented yet for class: org.codehaus.groovy.ast.expr.EmptyExpression>: null

2024-05-27 18:58:38 - [TEST_STEP][PASSED] - cardNameV = <not implemented yet for class: org.codehaus.groovy.ast.expr.EmptyExpression>: null

2024-05-27 18:58:38 - [TEST_STEP][PASSED] - al1V = <not implemented yet for class: org.codehaus.groovy.ast.expr.EmptyExpression>: null

2024-05-27 18:58:38 - [TEST_STEP][PASSED] - al2V = <not implemented yet for class: org.codehaus.groovy.ast.expr.EmptyExpression>: null

2024-05-27 18:58:38 - [TEST_STEP][PASSED] - zipV = <not implemented yet for class: org.codehaus.groovy.ast.expr.EmptyExpression>: null

2024-05-27 18:58:38 - [TEST_STEP][PASSED] - cardTypeV = <not implemented yet for class: org.codehaus.groovy.ast.expr.EmptyExpression>: null

2024-05-27 18:58:38 - [TEST_STEP][PASSED] - last4V = <not implemented yet for class: org.codehaus.groovy.ast.expr.EmptyExpression>: null

2024-05-27 18:58:38 - [TEST_STEP][PASSED] - resText = "Fail": null

2024-05-27 18:58:38 - [TEST_STEP][PASSED] - resColumn = "Result": null

2024-05-27 18:58:38 - [TEST_STEP][PASSED] - datCloumn = "Date": null

2024-05-27 18:58:38 - [TEST_STEP][PASSED] - fileLoc = "KatalonData/VLinkSmokeData.xlsx": null

2024-05-27 18:58:38 - [TEST_STEP][PASSED] - numOfRows = <not implemented yet for class: org.codehaus.groovy.ast.expr.EmptyExpression>: null

2024-05-27 18:58:38 - [TEST_STEP][PASSED] - dataFile = <not implemented yet for class: org.codehaus.groovy.ast.expr.EmptyExpression>: null

2024-05-27 18:58:38 - [TEST_STEP][PASSED] - nameSheet = <not implemented yet for class: org.codehaus.groovy.ast.expr.EmptyExpression>: null

2024-05-27 18:58:38 - [TEST_STEP][PASSED] - nameSheet = "AuthCapture": null

2024-05-27 18:58:38 - [TEST_STEP][PASSED] - numOfRows = findTestData("QA/VLinkTestData/VLinkAuthCaptureData").getRowNumbers(): null

2024-05-27 18:58:38 - [TEST_STEP][PASSED] - println("Number of Records: " + numOfRows): null

2024-05-27 18:58:38 - [TEST_STEP][PASSED] - dataFile = "QA/VLinkTestData/VLinkAuthCaptureData": null

2024-05-27 18:58:38 - [TEST_STEP][PASSED] - for ([row = 1, row <= numOfRows, (row++)]): null

2024-05-27 18:58:38 - [TEST_STEP][PASSED] - ExecuteTC = findTestData(dataFile).getValue("Execute", row): null

2024-05-27 18:58:38 - [TEST_STEP][PASSED] - out.println("Value of Execute is : " + ExecuteTC): null

2024-05-27 18:58:38 - [TEST_STEP][PASSED] - switch (executionProfile): null

2024-05-27 18:58:38 - [TEST_STEP][PASSED] - case "DemoProfile":: null

2024-05-27 18:58:38 - [TEST_STEP][PASSED] - appID = findTestData(dataFile).getValue("AppIDDemo", row): null

2024-05-27 18:58:38 - [TEST_STEP][PASSED] - username = findTestData(dataFile).getValue("UsernameDemo", row): null

2024-05-27 18:58:38 - [TEST_STEP][PASSED] - password = findTestData(dataFile).getValue("PasswordDemo", row): null

2024-05-27 18:58:38 - [TEST_STEP][PASSED] - break: null

2024-05-27 18:58:38 - [TEST_STEP][PASSED] - if (ExecuteTC.equalsIgnoreCase("Y")): null

2024-05-27 18:58:38 - [TEST_STEP][PASSED] - out.println("Begin Record Number: " + row): null

2024-05-27 18:58:38 - [TEST_STEP][PASSED] - today = new java.util.Date(): null

2024-05-27 18:58:38 - [TEST_STEP][PASSED] - println(today): null

2024-05-27 18:58:38 - [TEST_STEP][PASSED] - datText = today: null

2024-05-27 18:58:38 - [TEST_STEP][PASSED] - category = findTestData(dataFile).getValue("Category", row): null

2024-05-27 18:58:38 - [TEST_STEP][PASSED] - amount = findTestData(dataFile).getValue("Amount", row): null

2024-05-27 18:58:38 - [TEST_STEP][PASSED] - cardNumber = findTestData(dataFile).getValue("CardNumber", row): null

2024-05-27 18:58:38 - [TEST_STEP][PASSED] - exM = findTestData(dataFile).getValue("ExM", row): null

2024-05-27 18:58:39 - [TEST_STEP][PASSED] - exY = findTestData(dataFile).getValue("ExY", row): null

2024-05-27 18:58:39 - [TEST_STEP][PASSED] - openBrowser(VLinkURL + "auth.html"): Browser is opened with url: 'https://dev-algorithm.govolution.com/vlinktest/demo/version_2_0/auth.html'

2024-05-27 18:58:39 - [MESSAGE][WARNING] - A browser is already opened. Closing browser and opening a new one

2024-05-27 18:58:40 - [MESSAGE][INFO] - Starting 'Chrome' driver

2024-05-27 18:58:40 - [MESSAGE][INFO] - User set preference: ['acceptInsecureCerts', 'true']

2024-05-27 18:58:40 - [MESSAGE][INFO] - Action delay is set to 0 milliseconds

2024-05-27 18:58:42 - [MESSAGE][PASSED] - Browser is opened with url: 'https://dev-algorithm.govolution.com/vlinktest/demo/version_2_0/auth.html'

2024-05-27 18:58:42 - [TEST_STEP][PASSED] - maximizeWindow(): Current window maximized

2024-05-27 18:58:42 - [MESSAGE][PASSED] - Current window maximized

2024-05-27 18:58:42 - [TEST_STEP][PASSED] - genRemID = RandomStringUtils.random(12, true, true): null

2024-05-27 18:58:42 - [TEST_STEP][PASSED] - setText(findTestObject("Object Repository/RecAndPlayBk/Page-Vlink-AuthOnly/input_Remittance Id_remittance_id"), genRemID): Text 'FiqYtikahKeU' is set on object 'Object Repository/RecAndPlayBk/Page-Vlink-AuthOnly/input_Remittance Id_remittance_id'

2024-05-27 18:58:43 - [MESSAGE][PASSED] - Text 'FiqYtikahKeU' is set on object 'Object Repository/RecAndPlayBk/Page-Vlink-AuthOnly/input_Remittance Id_remittance_id'

2024-05-27 18:58:43 - [TEST_STEP][PASSED] - setText(findTestObject("Object Repository/RecAndPlayBk/Page-Vlink-AuthOnly/input_Application Id_application_id"), appID): Text '1773' is set on object 'Object Repository/RecAndPlayBk/Page-Vlink-AuthOnly/input_Application Id_application_id'

2024-05-27 18:58:44 - [MESSAGE][PASSED] - Text '1773' is set on object 'Object Repository/RecAndPlayBk/Page-Vlink-AuthOnly/input_Application Id_application_id'

2024-05-27 18:58:44 - [TEST_STEP][PASSED] - setText(findTestObject("Object Repository/RecAndPlayBk/Page-Vlink-AuthOnly/input_Username_username"), username): Text 'Qq2BV1qtr' is set on object 'Object Repository/RecAndPlayBk/Page-Vlink-AuthOnly/input_Username_username'

2024-05-27 18:58:44 - [MESSAGE][PASSED] - Text 'Qq2BV1qtr' is set on object 'Object Repository/RecAndPlayBk/Page-Vlink-AuthOnly/input_Username_username'

2024-05-27 18:58:44 - [TEST_STEP][PASSED] - setText(findTestObject("Object Repository/RecAndPlayBk/Page-Vlink-AuthOnly/input_Password_password"), password): Text 'tUmWBiLUx' is set on object 'Object Repository/RecAndPlayBk/Page-Vlink-AuthOnly/input_Password_password'

2024-05-27 18:58:45 - [MESSAGE][PASSED] - Text 'tUmWBiLUx' is set on object 'Object Repository/RecAndPlayBk/Page-Vlink-AuthOnly/input_Password_password'

2024-05-27 18:58:45 - [TEST_STEP][PASSED] - setText(findTestObject("Object Repository/RecAndPlayBk/Page-Vlink-AuthOnly/input_Category_category"), category): Text 'ECOM' is set on object 'Object Repository/RecAndPlayBk/Page-Vlink-AuthOnly/input_Category_category'

2024-05-27 18:58:46 - [MESSAGE][PASSED] - Text 'ECOM' is set on object 'Object Repository/RecAndPlayBk/Page-Vlink-AuthOnly/input_Category_category'

2024-05-27 18:58:46 - [TEST_STEP][PASSED] - setText(findTestObject("Object Repository/RecAndPlayBk/Page-Vlink-AuthOnly/input_Amount_amount"), amount): Text '10.5' is set on object 'Object Repository/RecAndPlayBk/Page-Vlink-AuthOnly/input_Amount_amount'

2024-05-27 18:58:46 - [MESSAGE][PASSED] - Text '10.5' is set on object 'Object Repository/RecAndPlayBk/Page-Vlink-AuthOnly/input_Amount_amount'

2024-05-27 18:58:46 - [TEST_STEP][PASSED] - doubleClick(findTestObject("Object Repository/RecAndPlayBk/Page-Vlink-AuthOnly/input_Card number_card_number")): Object: 'Object Repository/RecAndPlayBk/Page-Vlink-AuthOnly/input_Card number_card_number' is double clicked on

2024-05-27 18:58:47 - [MESSAGE][PASSED] - Object: 'Object Repository/RecAndPlayBk/Page-Vlink-AuthOnly/input_Card number_card_number' is double clicked on

2024-05-27 18:58:47 - [TEST_STEP][PASSED] - setText(findTestObject("Object Repository/RecAndPlayBk/Page-Vlink-AuthOnly/input_Card number_card_number"), cardNumber): Text '4111111111111111' is set on object 'Object Repository/RecAndPlayBk/Page-Vlink-AuthOnly/input_Card number_card_number'

2024-05-27 18:58:48 - [MESSAGE][PASSED] - Text '4111111111111111' is set on object 'Object Repository/RecAndPlayBk/Page-Vlink-AuthOnly/input_Card number_card_number'

2024-05-27 18:58:48 - [TEST_STEP][PASSED] - setText(findTestObject("Object Repository/RecAndPlayBk/Page-Vlink-AuthOnly/input_Card ex month_card_exmo"), exM): Text '12' is set on object 'Object Repository/RecAndPlayBk/Page-Vlink-AuthOnly/input_Card ex month_card_exmo'

2024-05-27 18:58:48 - [MESSAGE][PASSED] - Text '12' is set on object 'Object Repository/RecAndPlayBk/Page-Vlink-AuthOnly/input_Card ex month_card_exmo'

2024-05-27 18:58:48 - [TEST_STEP][PASSED] - setText(findTestObject("Object Repository/RecAndPlayBk/Page-Vlink-AuthOnly/input_Card ex year_card_exyr"), exY): Text '2029' is set on object 'Object Repository/RecAndPlayBk/Page-Vlink-AuthOnly/input_Card ex year_card_exyr'

2024-05-27 18:58:49 - [MESSAGE][PASSED] - Text '2029' is set on object 'Object Repository/RecAndPlayBk/Page-Vlink-AuthOnly/input_Card ex year_card_exyr'

2024-05-27 18:58:49 - [TEST_STEP][PASSED] - click(findTestObject("Object Repository/RecAndPlayBk/Page-Vlink-AuthOnly/input_Track Data_track_data")): Object: 'Object Repository/RecAndPlayBk/Page-Vlink-AuthOnly/input_Track Data_track_data' is clicked on

2024-05-27 18:58:50 - [MESSAGE][PASSED] - Object: 'Object Repository/RecAndPlayBk/Page-Vlink-AuthOnly/input_Track Data_track_data' is clicked on

2024-05-27 18:58:50 - [TEST_STEP][PASSED] - click(findTestObject("Object Repository/RecAndPlayBk/Page-Vlink-AuthOnly/input_CVV state_cvv_state")): Object: 'Object Repository/RecAndPlayBk/Page-Vlink-AuthOnly/input_CVV state_cvv_state' is clicked on

2024-05-27 18:58:50 - [MESSAGE][PASSED] - Object: 'Object Repository/RecAndPlayBk/Page-Vlink-AuthOnly/input_CVV state_cvv_state' is clicked on

2024-05-27 18:58:50 - [TEST_STEP][PASSED] - setText(findTestObject("Object Repository/RecAndPlayBk/Page-Vlink-AuthOnly/input_Track Data_track_data"), ""): Text '' is set on object 'Object Repository/RecAndPlayBk/Page-Vlink-AuthOnly/input_Track Data_track_data'

2024-05-27 18:58:51 - [MESSAGE][PASSED] - Text '' is set on object 'Object Repository/RecAndPlayBk/Page-Vlink-AuthOnly/input_Track Data_track_data'

2024-05-27 18:58:51 - [TEST_STEP][PASSED] - setText(findTestObject("Object Repository/RecAndPlayBk/Page-Vlink-AuthOnly/input_concat(Cardholder, , s email)_email"), ""): Text '' is set on object 'Object Repository/RecAndPlayBk/Page-Vlink-AuthOnly/input_concat(Cardholder, , s email)_email'

2024-05-27 18:58:52 - [MESSAGE][PASSED] - Text '' is set on object 'Object Repository/RecAndPlayBk/Page-Vlink-AuthOnly/input_concat(Cardholder, , s email)_email'

2024-05-27 18:58:52 - [TEST_STEP][PASSED] - click(findTestObject("Object Repository/RecAndPlayBk/Page-Vlink-AuthOnly/input_user_defined10_user_defined10")): Object: 'Object Repository/RecAndPlayBk/Page-Vlink-AuthOnly/input_user_defined10_user_defined10' is clicked on

2024-05-27 18:58:52 - [MESSAGE][PASSED] - Object: 'Object Repository/RecAndPlayBk/Page-Vlink-AuthOnly/input_user_defined10_user_defined10' is clicked on

2024-05-27 18:58:52 - [TEST_STEP][PASSED] - if (executionProfile.equalsIgnoreCase("QAProfile")): null

2024-05-27 18:58:52 - [TEST_STEP][PASSED] - click(findTestObject("Object Repository/RecAndPlayBk/Page-Vlink-AuthOnly/input")): Object: 'Object Repository/RecAndPlayBk/Page-Vlink-AuthOnly/input' is clicked on

2024-05-27 18:58:53 - [MESSAGE][PASSED] - Object: 'Object Repository/RecAndPlayBk/Page-Vlink-AuthOnly/input' is clicked on

2024-05-27 18:58:53 - [TEST_STEP][PASSED] - if (verifyTextPresent("Transaction approved, no errors", true)): null

2024-05-27 18:58:54 - [MESSAGE][PASSED] - Text 'Transaction approved, no errors' is present on page  using regular expression

2024-05-27 18:58:54 - [TEST_STEP][PASSED] - out.println("Auth was successful, Capture now"): null

2024-05-27 18:58:54 - [TEST_STEP][PASSED] - sdfo = getText(findTestObject("Object Repository/Page_VLinkReceipt/pre_STX")): Text of object 'Object Repository/Page_VLinkReceipt/pre_STX' is: '<STX>FiqYtikahKeU                  2967737             0  Transaction approved, no errors                   0                                                                                  Y 648795189<ETX>'

2024-05-27 18:58:54 - [MESSAGE][PASSED] - Text of object 'Object Repository/Page_VLinkReceipt/pre_STX' is: '<STX>FiqYtikahKeU                  2967737             0  Transaction approved, no errors                   0                                                                                  Y 648795189<ETX>'

2024-05-27 18:58:54 - [TEST_STEP][PASSED] - out.println("sdfo: " + sdfo): null

2024-05-27 18:58:54 - [TEST_STEP][PASSED] - remID = substring(5, 35).trim(): null

2024-05-27 18:58:54 - [TEST_STEP][PASSED] - out.println("remID: " + remID): null

2024-05-27 18:58:54 - [TEST_STEP][PASSED] - traxID = substring(35, 55).trim(): null

2024-05-27 18:58:54 - [TEST_STEP][PASSED] - out.println("traxID: " + traxID): null

2024-05-27 18:58:54 - [TEST_STEP][PASSED] - VLinkSaleRemID = remID: null

2024-05-27 18:58:54 - [TEST_STEP][PASSED] - VLinkSaleTranxID = traxID: null

2024-05-27 18:58:54 - [TEST_STEP][PASSED] - openBrowser(VLinkURL + "capture.html"): Browser is opened with url: 'https://dev-algorithm.govolution.com/vlinktest/demo/version_2_0/capture.html'

2024-05-27 18:58:54 - [MESSAGE][WARNING] - A browser is already opened. Closing browser and opening a new one

2024-05-27 18:58:55 - [MESSAGE][INFO] - Starting 'Chrome' driver

2024-05-27 18:58:55 - [MESSAGE][INFO] - User set preference: ['acceptInsecureCerts', 'true']

2024-05-27 18:58:55 - [MESSAGE][INFO] - Action delay is set to 0 milliseconds

2024-05-27 18:58:57 - [MESSAGE][PASSED] - Browser is opened with url: 'https://dev-algorithm.govolution.com/vlinktest/demo/version_2_0/capture.html'

2024-05-27 18:58:57 - [TEST_STEP][PASSED] - maximizeWindow(): Current window maximized

2024-05-27 18:58:58 - [MESSAGE][PASSED] - Current window maximized

2024-05-27 18:58:58 - [TEST_STEP][PASSED] - setText(findTestObject("Object Repository/RecAndPlayBk/Page-VLink-Capture/input_Remittance Id_remittance_id"), VLinkSaleRemID): Text 'FiqYtikahKeU' is set on object 'Object Repository/RecAndPlayBk/Page-VLink-Capture/input_Remittance Id_remittance_id'

2024-05-27 18:58:58 - [MESSAGE][PASSED] - Text 'FiqYtikahKeU' is set on object 'Object Repository/RecAndPlayBk/Page-VLink-Capture/input_Remittance Id_remittance_id'

2024-05-27 18:58:58 - [TEST_STEP][PASSED] - setText(findTestObject("Object Repository/RecAndPlayBk/Page-VLink-Capture/input_Application Id_application_id"), appID): Text '1773' is set on object 'Object Repository/RecAndPlayBk/Page-VLink-Capture/input_Application Id_application_id'

2024-05-27 18:58:59 - [MESSAGE][PASSED] - Text '1773' is set on object 'Object Repository/RecAndPlayBk/Page-VLink-Capture/input_Application Id_application_id'

2024-05-27 18:58:59 - [TEST_STEP][PASSED] - setText(findTestObject("Object Repository/RecAndPlayBk/Page-VLink-Capture/input_Username_username"), username): Text 'Qq2BV1qtr' is set on object 'Object Repository/RecAndPlayBk/Page-VLink-Capture/input_Username_username'

2024-05-27 18:59:00 - [MESSAGE][PASSED] - Text 'Qq2BV1qtr' is set on object 'Object Repository/RecAndPlayBk/Page-VLink-Capture/input_Username_username'

2024-05-27 18:59:00 - [TEST_STEP][PASSED] - setText(findTestObject("Object Repository/RecAndPlayBk/Page-VLink-Capture/input_Password_password"), password): Text 'tUmWBiLUx' is set on object 'Object Repository/RecAndPlayBk/Page-VLink-Capture/input_Password_password'

2024-05-27 18:59:01 - [MESSAGE][PASSED] - Text 'tUmWBiLUx' is set on object 'Object Repository/RecAndPlayBk/Page-VLink-Capture/input_Password_password'

2024-05-27 18:59:01 - [TEST_STEP][PASSED] - setText(findTestObject("Object Repository/RecAndPlayBk/Page-VLink-Capture/input_Transaction ID_transaction_id"), VLinkSaleTranxID): Text '2967737' is set on object 'Object Repository/RecAndPlayBk/Page-VLink-Capture/input_Transaction ID_transaction_id'

2024-05-27 18:59:01 - [MESSAGE][PASSED] - Text '2967737' is set on object 'Object Repository/RecAndPlayBk/Page-VLink-Capture/input_Transaction ID_transaction_id'

2024-05-27 18:59:01 - [TEST_STEP][PASSED] - setText(findTestObject("Object Repository/RecAndPlayBk/Page-VLink-Capture/input_Amount_amount"), amount): Text '10.5' is set on object 'Object Repository/RecAndPlayBk/Page-VLink-Capture/input_Amount_amount'

2024-05-27 18:59:02 - [MESSAGE][PASSED] - Text '10.5' is set on object 'Object Repository/RecAndPlayBk/Page-VLink-Capture/input_Amount_amount'

2024-05-27 18:59:02 - [TEST_STEP][PASSED] - click(findTestObject("Object Repository/RecAndPlayBk/Page-VLink-Capture/input")): Object: 'Object Repository/RecAndPlayBk/Page-VLink-Capture/input' is clicked on

2024-05-27 18:59:03 - [MESSAGE][PASSED] - Object: 'Object Repository/RecAndPlayBk/Page-VLink-Capture/input' is clicked on

2024-05-27 18:59:03 - [TEST_STEP][PASSED] - if (verifyTextPresent("Transaction approved, no errors", true)): null

2024-05-27 18:59:04 - [MESSAGE][PASSED] - Text 'Transaction approved, no errors' is present on page  using regular expression

2024-05-27 18:59:04 - [TEST_STEP][PASSED] - println("Transaction Approved, no errors text is present on the Confirmation page"): null

2024-05-27 18:59:04 - [TEST_STEP][PASSED] - out.println("Pass Record Number: " + row): null

2024-05-27 18:59:04 - [TEST_STEP][PASSED] - resText = "Pass": null

2024-05-27 18:59:04 - [TEST_STEP][PASSED] - pages.WriteExcel.demoKey(resText, datText, resColumn, datCloumn, fileLoc, nameSheet, row): pages.WriteExcel.demoKey is PASSED

2024-05-27 18:59:04 - [MESSAGE][PASSED] - pages.WriteExcel.demoKey is PASSED

2024-05-27 18:59:04 - [TEST_STEP][PASSED] - ExecuteTC = findTestData(dataFile).getValue("Execute", row): null

2024-05-27 18:59:04 - [TEST_STEP][PASSED] - out.println("Value of Execute is : " + ExecuteTC): null

2024-05-27 18:59:04 - [TEST_STEP][PASSED] - switch (executionProfile): null

2024-05-27 18:59:04 - [TEST_STEP][PASSED] - case "DemoProfile":: null

2024-05-27 18:59:04 - [TEST_STEP][PASSED] - appID = findTestData(dataFile).getValue("AppIDDemo", row): null

2024-05-27 18:59:04 - [TEST_STEP][PASSED] - username = findTestData(dataFile).getValue("UsernameDemo", row): null

2024-05-27 18:59:04 - [TEST_STEP][PASSED] - password = findTestData(dataFile).getValue("PasswordDemo", row): null

2024-05-27 18:59:04 - [TEST_STEP][PASSED] - break: null

2024-05-27 18:59:04 - [TEST_STEP][PASSED] - if (ExecuteTC.equalsIgnoreCase("Y")): null

2024-05-27 18:59:04 - [TEST_STEP][PASSED] - out.println("Begin Record Number: " + row): null

2024-05-27 18:59:04 - [TEST_STEP][PASSED] - today = new java.util.Date(): null

2024-05-27 18:59:04 - [TEST_STEP][PASSED] - println(today): null

2024-05-27 18:59:04 - [TEST_STEP][PASSED] - datText = today: null

2024-05-27 18:59:04 - [TEST_STEP][PASSED] - category = findTestData(dataFile).getValue("Category", row): null

2024-05-27 18:59:04 - [TEST_STEP][PASSED] - amount = findTestData(dataFile).getValue("Amount", row): null

2024-05-27 18:59:05 - [TEST_STEP][PASSED] - cardNumber = findTestData(dataFile).getValue("CardNumber", row): null

2024-05-27 18:59:05 - [TEST_STEP][PASSED] - exM = findTestData(dataFile).getValue("ExM", row): null

2024-05-27 18:59:05 - [TEST_STEP][PASSED] - exY = findTestData(dataFile).getValue("ExY", row): null

2024-05-27 18:59:05 - [TEST_STEP][PASSED] - openBrowser(VLinkURL + "auth.html"): Browser is opened with url: 'https://dev-algorithm.govolution.com/vlinktest/demo/version_2_0/auth.html'

2024-05-27 18:59:05 - [MESSAGE][WARNING] - A browser is already opened. Closing browser and opening a new one

2024-05-27 18:59:06 - [MESSAGE][INFO] - Starting 'Chrome' driver

2024-05-27 18:59:06 - [MESSAGE][INFO] - User set preference: ['acceptInsecureCerts', 'true']

2024-05-27 18:59:06 - [MESSAGE][INFO] - Action delay is set to 0 milliseconds

2024-05-27 18:59:08 - [MESSAGE][PASSED] - Browser is opened with url: 'https://dev-algorithm.govolution.com/vlinktest/demo/version_2_0/auth.html'

2024-05-27 18:59:08 - [TEST_STEP][PASSED] - maximizeWindow(): Current window maximized

2024-05-27 18:59:08 - [MESSAGE][PASSED] - Current window maximized

2024-05-27 18:59:08 - [TEST_STEP][PASSED] - genRemID = RandomStringUtils.random(12, true, true): null

2024-05-27 18:59:08 - [TEST_STEP][PASSED] - setText(findTestObject("Object Repository/RecAndPlayBk/Page-Vlink-AuthOnly/input_Remittance Id_remittance_id"), genRemID): Text 'psBlwhdQ6wzw' is set on object 'Object Repository/RecAndPlayBk/Page-Vlink-AuthOnly/input_Remittance Id_remittance_id'

2024-05-27 18:59:09 - [MESSAGE][PASSED] - Text 'psBlwhdQ6wzw' is set on object 'Object Repository/RecAndPlayBk/Page-Vlink-AuthOnly/input_Remittance Id_remittance_id'

2024-05-27 18:59:09 - [TEST_STEP][PASSED] - setText(findTestObject("Object Repository/RecAndPlayBk/Page-Vlink-AuthOnly/input_Application Id_application_id"), appID): Text '1773' is set on object 'Object Repository/RecAndPlayBk/Page-Vlink-AuthOnly/input_Application Id_application_id'

2024-05-27 18:59:09 - [MESSAGE][PASSED] - Text '1773' is set on object 'Object Repository/RecAndPlayBk/Page-Vlink-AuthOnly/input_Application Id_application_id'

2024-05-27 18:59:09 - [TEST_STEP][PASSED] - setText(findTestObject("Object Repository/RecAndPlayBk/Page-Vlink-AuthOnly/input_Username_username"), username): Text 'Qq2BV1qtr' is set on object 'Object Repository/RecAndPlayBk/Page-Vlink-AuthOnly/input_Username_username'

2024-05-27 18:59:10 - [MESSAGE][PASSED] - Text 'Qq2BV1qtr' is set on object 'Object Repository/RecAndPlayBk/Page-Vlink-AuthOnly/input_Username_username'

2024-05-27 18:59:10 - [TEST_STEP][PASSED] - setText(findTestObject("Object Repository/RecAndPlayBk/Page-Vlink-AuthOnly/input_Password_password"), password): Text 'tUmWBiLUx' is set on object 'Object Repository/RecAndPlayBk/Page-Vlink-AuthOnly/input_Password_password'

2024-05-27 18:59:11 - [MESSAGE][PASSED] - Text 'tUmWBiLUx' is set on object 'Object Repository/RecAndPlayBk/Page-Vlink-AuthOnly/input_Password_password'

2024-05-27 18:59:11 - [TEST_STEP][PASSED] - setText(findTestObject("Object Repository/RecAndPlayBk/Page-Vlink-AuthOnly/input_Category_category"), category): Text 'MOTO' is set on object 'Object Repository/RecAndPlayBk/Page-Vlink-AuthOnly/input_Category_category'

2024-05-27 18:59:11 - [MESSAGE][PASSED] - Text 'MOTO' is set on object 'Object Repository/RecAndPlayBk/Page-Vlink-AuthOnly/input_Category_category'

2024-05-27 18:59:11 - [TEST_STEP][PASSED] - setText(findTestObject("Object Repository/RecAndPlayBk/Page-Vlink-AuthOnly/input_Amount_amount"), amount): Text '10.5' is set on object 'Object Repository/RecAndPlayBk/Page-Vlink-AuthOnly/input_Amount_amount'

2024-05-27 18:59:12 - [MESSAGE][PASSED] - Text '10.5' is set on object 'Object Repository/RecAndPlayBk/Page-Vlink-AuthOnly/input_Amount_amount'

2024-05-27 18:59:12 - [TEST_STEP][PASSED] - doubleClick(findTestObject("Object Repository/RecAndPlayBk/Page-Vlink-AuthOnly/input_Card number_card_number")): Object: 'Object Repository/RecAndPlayBk/Page-Vlink-AuthOnly/input_Card number_card_number' is double clicked on

2024-05-27 18:59:13 - [MESSAGE][PASSED] - Object: 'Object Repository/RecAndPlayBk/Page-Vlink-AuthOnly/input_Card number_card_number' is double clicked on

2024-05-27 18:59:13 - [TEST_STEP][PASSED] - setText(findTestObject("Object Repository/RecAndPlayBk/Page-Vlink-AuthOnly/input_Card number_card_number"), cardNumber): Text '5424000000000015' is set on object 'Object Repository/RecAndPlayBk/Page-Vlink-AuthOnly/input_Card number_card_number'

2024-05-27 18:59:13 - [MESSAGE][PASSED] - Text '5424000000000015' is set on object 'Object Repository/RecAndPlayBk/Page-Vlink-AuthOnly/input_Card number_card_number'

2024-05-27 18:59:13 - [TEST_STEP][PASSED] - setText(findTestObject("Object Repository/RecAndPlayBk/Page-Vlink-AuthOnly/input_Card ex month_card_exmo"), exM): Text '12' is set on object 'Object Repository/RecAndPlayBk/Page-Vlink-AuthOnly/input_Card ex month_card_exmo'

2024-05-27 18:59:14 - [MESSAGE][PASSED] - Text '12' is set on object 'Object Repository/RecAndPlayBk/Page-Vlink-AuthOnly/input_Card ex month_card_exmo'

2024-05-27 18:59:14 - [TEST_STEP][PASSED] - setText(findTestObject("Object Repository/RecAndPlayBk/Page-Vlink-AuthOnly/input_Card ex year_card_exyr"), exY): Text '2029' is set on object 'Object Repository/RecAndPlayBk/Page-Vlink-AuthOnly/input_Card ex year_card_exyr'

2024-05-27 18:59:15 - [MESSAGE][PASSED] - Text '2029' is set on object 'Object Repository/RecAndPlayBk/Page-Vlink-AuthOnly/input_Card ex year_card_exyr'

2024-05-27 18:59:15 - [TEST_STEP][PASSED] - click(findTestObject("Object Repository/RecAndPlayBk/Page-Vlink-AuthOnly/input_Track Data_track_data")): Object: 'Object Repository/RecAndPlayBk/Page-Vlink-AuthOnly/input_Track Data_track_data' is clicked on

2024-05-27 18:59:15 - [MESSAGE][PASSED] - Object: 'Object Repository/RecAndPlayBk/Page-Vlink-AuthOnly/input_Track Data_track_data' is clicked on

2024-05-27 18:59:15 - [TEST_STEP][PASSED] - click(findTestObject("Object Repository/RecAndPlayBk/Page-Vlink-AuthOnly/input_CVV state_cvv_state")): Object: 'Object Repository/RecAndPlayBk/Page-Vlink-AuthOnly/input_CVV state_cvv_state' is clicked on

2024-05-27 18:59:16 - [MESSAGE][PASSED] - Object: 'Object Repository/RecAndPlayBk/Page-Vlink-AuthOnly/input_CVV state_cvv_state' is clicked on

2024-05-27 18:59:16 - [TEST_STEP][PASSED] - setText(findTestObject("Object Repository/RecAndPlayBk/Page-Vlink-AuthOnly/input_Track Data_track_data"), ""): Text '' is set on object 'Object Repository/RecAndPlayBk/Page-Vlink-AuthOnly/input_Track Data_track_data'

2024-05-27 18:59:16 - [MESSAGE][PASSED] - Text '' is set on object 'Object Repository/RecAndPlayBk/Page-Vlink-AuthOnly/input_Track Data_track_data'

2024-05-27 18:59:16 - [TEST_STEP][PASSED] - setText(findTestObject("Object Repository/RecAndPlayBk/Page-Vlink-AuthOnly/input_concat(Cardholder, , s email)_email"), ""): Text '' is set on object 'Object Repository/RecAndPlayBk/Page-Vlink-AuthOnly/input_concat(Cardholder, , s email)_email'

2024-05-27 18:59:17 - [MESSAGE][PASSED] - Text '' is set on object 'Object Repository/RecAndPlayBk/Page-Vlink-AuthOnly/input_concat(Cardholder, , s email)_email'

2024-05-27 18:59:17 - [TEST_STEP][PASSED] - click(findTestObject("Object Repository/RecAndPlayBk/Page-Vlink-AuthOnly/input_user_defined10_user_defined10")): Object: 'Object Repository/RecAndPlayBk/Page-Vlink-AuthOnly/input_user_defined10_user_defined10' is clicked on

2024-05-27 18:59:18 - [MESSAGE][PASSED] - Object: 'Object Repository/RecAndPlayBk/Page-Vlink-AuthOnly/input_user_defined10_user_defined10' is clicked on

2024-05-27 18:59:18 - [TEST_STEP][PASSED] - if (executionProfile.equalsIgnoreCase("QAProfile")): null

2024-05-27 18:59:18 - [TEST_STEP][PASSED] - click(findTestObject("Object Repository/RecAndPlayBk/Page-Vlink-AuthOnly/input")): Object: 'Object Repository/RecAndPlayBk/Page-Vlink-AuthOnly/input' is clicked on

2024-05-27 18:59:19 - [MESSAGE][PASSED] - Object: 'Object Repository/RecAndPlayBk/Page-Vlink-AuthOnly/input' is clicked on

2024-05-27 18:59:19 - [TEST_STEP][PASSED] - if (verifyTextPresent("Transaction approved, no errors", true)): null

2024-05-27 18:59:19 - [MESSAGE][PASSED] - Text 'Transaction approved, no errors' is present on page  using regular expression

2024-05-27 18:59:19 - [TEST_STEP][PASSED] - out.println("Auth was successful, Capture now"): null

2024-05-27 18:59:19 - [TEST_STEP][PASSED] - sdfo = getText(findTestObject("Object Repository/Page_VLinkReceipt/pre_STX")): Text of object 'Object Repository/Page_VLinkReceipt/pre_STX' is: '<STX>psBlwhdQ6wzw                  2967739             0  Transaction approved, no errors                   0                                                                                  Y 225032521<ETX>'

2024-05-27 18:59:19 - [MESSAGE][PASSED] - Text of object 'Object Repository/Page_VLinkReceipt/pre_STX' is: '<STX>psBlwhdQ6wzw                  2967739             0  Transaction approved, no errors                   0                                                                                  Y 225032521<ETX>'

2024-05-27 18:59:19 - [TEST_STEP][PASSED] - out.println("sdfo: " + sdfo): null

2024-05-27 18:59:19 - [TEST_STEP][PASSED] - remID = substring(5, 35).trim(): null

2024-05-27 18:59:19 - [TEST_STEP][PASSED] - out.println("remID: " + remID): null

2024-05-27 18:59:19 - [TEST_STEP][PASSED] - traxID = substring(35, 55).trim(): null

2024-05-27 18:59:19 - [TEST_STEP][PASSED] - out.println("traxID: " + traxID): null

2024-05-27 18:59:19 - [TEST_STEP][PASSED] - VLinkSaleRemID = remID: null

2024-05-27 18:59:19 - [TEST_STEP][PASSED] - VLinkSaleTranxID = traxID: null

2024-05-27 18:59:19 - [TEST_STEP][PASSED] - openBrowser(VLinkURL + "capture.html"): Browser is opened with url: 'https://dev-algorithm.govolution.com/vlinktest/demo/version_2_0/capture.html'

2024-05-27 18:59:19 - [MESSAGE][WARNING] - A browser is already opened. Closing browser and opening a new one

2024-05-27 18:59:21 - [MESSAGE][INFO] - Starting 'Chrome' driver

2024-05-27 18:59:21 - [MESSAGE][INFO] - User set preference: ['acceptInsecureCerts', 'true']

2024-05-27 18:59:21 - [MESSAGE][INFO] - Action delay is set to 0 milliseconds

2024-05-27 18:59:23 - [MESSAGE][PASSED] - Browser is opened with url: 'https://dev-algorithm.govolution.com/vlinktest/demo/version_2_0/capture.html'

2024-05-27 18:59:23 - [TEST_STEP][PASSED] - maximizeWindow(): Current window maximized

2024-05-27 18:59:23 - [MESSAGE][PASSED] - Current window maximized

2024-05-27 18:59:23 - [TEST_STEP][PASSED] - setText(findTestObject("Object Repository/RecAndPlayBk/Page-VLink-Capture/input_Remittance Id_remittance_id"), VLinkSaleRemID): Text 'psBlwhdQ6wzw' is set on object 'Object Repository/RecAndPlayBk/Page-VLink-Capture/input_Remittance Id_remittance_id'

2024-05-27 18:59:24 - [MESSAGE][PASSED] - Text 'psBlwhdQ6wzw' is set on object 'Object Repository/RecAndPlayBk/Page-VLink-Capture/input_Remittance Id_remittance_id'

2024-05-27 18:59:24 - [TEST_STEP][PASSED] - setText(findTestObject("Object Repository/RecAndPlayBk/Page-VLink-Capture/input_Application Id_application_id"), appID): Text '1773' is set on object 'Object Repository/RecAndPlayBk/Page-VLink-Capture/input_Application Id_application_id'

2024-05-27 18:59:24 - [MESSAGE][PASSED] - Text '1773' is set on object 'Object Repository/RecAndPlayBk/Page-VLink-Capture/input_Application Id_application_id'

2024-05-27 18:59:24 - [TEST_STEP][PASSED] - setText(findTestObject("Object Repository/RecAndPlayBk/Page-VLink-Capture/input_Username_username"), username): Text 'Qq2BV1qtr' is set on object 'Object Repository/RecAndPlayBk/Page-VLink-Capture/input_Username_username'

2024-05-27 18:59:25 - [MESSAGE][PASSED] - Text 'Qq2BV1qtr' is set on object 'Object Repository/RecAndPlayBk/Page-VLink-Capture/input_Username_username'

2024-05-27 18:59:25 - [TEST_STEP][PASSED] - setText(findTestObject("Object Repository/RecAndPlayBk/Page-VLink-Capture/input_Password_password"), password): Text 'tUmWBiLUx' is set on object 'Object Repository/RecAndPlayBk/Page-VLink-Capture/input_Password_password'

2024-05-27 18:59:26 - [MESSAGE][PASSED] - Text 'tUmWBiLUx' is set on object 'Object Repository/RecAndPlayBk/Page-VLink-Capture/input_Password_password'

2024-05-27 18:59:26 - [TEST_STEP][PASSED] - setText(findTestObject("Object Repository/RecAndPlayBk/Page-VLink-Capture/input_Transaction ID_transaction_id"), VLinkSaleTranxID): Text '2967739' is set on object 'Object Repository/RecAndPlayBk/Page-VLink-Capture/input_Transaction ID_transaction_id'

2024-05-27 18:59:26 - [MESSAGE][PASSED] - Text '2967739' is set on object 'Object Repository/RecAndPlayBk/Page-VLink-Capture/input_Transaction ID_transaction_id'

2024-05-27 18:59:26 - [TEST_STEP][PASSED] - setText(findTestObject("Object Repository/RecAndPlayBk/Page-VLink-Capture/input_Amount_amount"), amount): Text '10.5' is set on object 'Object Repository/RecAndPlayBk/Page-VLink-Capture/input_Amount_amount'

2024-05-27 18:59:27 - [MESSAGE][PASSED] - Text '10.5' is set on object 'Object Repository/RecAndPlayBk/Page-VLink-Capture/input_Amount_amount'

2024-05-27 18:59:27 - [TEST_STEP][PASSED] - click(findTestObject("Object Repository/RecAndPlayBk/Page-VLink-Capture/input")): Object: 'Object Repository/RecAndPlayBk/Page-VLink-Capture/input' is clicked on

2024-05-27 18:59:28 - [MESSAGE][PASSED] - Object: 'Object Repository/RecAndPlayBk/Page-VLink-Capture/input' is clicked on

2024-05-27 18:59:28 - [TEST_STEP][PASSED] - if (verifyTextPresent("Transaction approved, no errors", true)): null

2024-05-27 18:59:29 - [MESSAGE][PASSED] - Text 'Transaction approved, no errors' is present on page  using regular expression

2024-05-27 18:59:29 - [TEST_STEP][PASSED] - println("Transaction Approved, no errors text is present on the Confirmation page"): null

2024-05-27 18:59:29 - [TEST_STEP][PASSED] - out.println("Pass Record Number: " + row): null

2024-05-27 18:59:29 - [TEST_STEP][PASSED] - resText = "Pass": null

2024-05-27 18:59:29 - [TEST_STEP][PASSED] - pages.WriteExcel.demoKey(resText, datText, resColumn, datCloumn, fileLoc, nameSheet, row): pages.WriteExcel.demoKey is PASSED

2024-05-27 18:59:29 - [MESSAGE][PASSED] - pages.WriteExcel.demoKey is PASSED

2024-05-27 18:59:29 - [TEST_STEP][PASSED] - ExecuteTC = findTestData(dataFile).getValue("Execute", row): null

2024-05-27 18:59:29 - [TEST_STEP][PASSED] - out.println("Value of Execute is : " + ExecuteTC): null

2024-05-27 18:59:29 - [TEST_STEP][PASSED] - switch (executionProfile): null

2024-05-27 18:59:29 - [TEST_STEP][PASSED] - case "DemoProfile":: null

2024-05-27 18:59:29 - [TEST_STEP][PASSED] - appID = findTestData(dataFile).getValue("AppIDDemo", row): null

2024-05-27 18:59:29 - [TEST_STEP][PASSED] - username = findTestData(dataFile).getValue("UsernameDemo", row): null

2024-05-27 18:59:29 - [TEST_STEP][PASSED] - password = findTestData(dataFile).getValue("PasswordDemo", row): null

2024-05-27 18:59:29 - [TEST_STEP][PASSED] - break: null

2024-05-27 18:59:29 - [TEST_STEP][PASSED] - if (ExecuteTC.equalsIgnoreCase("Y")): null

2024-05-27 18:59:29 - [TEST_STEP][PASSED] - out.println("Begin Record Number: " + row): null

2024-05-27 18:59:29 - [TEST_STEP][PASSED] - today = new java.util.Date(): null

2024-05-27 18:59:29 - [TEST_STEP][PASSED] - println(today): null

2024-05-27 18:59:29 - [TEST_STEP][PASSED] - datText = today: null

2024-05-27 18:59:29 - [TEST_STEP][PASSED] - category = findTestData(dataFile).getValue("Category", row): null

2024-05-27 18:59:29 - [TEST_STEP][PASSED] - amount = findTestData(dataFile).getValue("Amount", row): null

2024-05-27 18:59:29 - [TEST_STEP][PASSED] - cardNumber = findTestData(dataFile).getValue("CardNumber", row): null

2024-05-27 18:59:29 - [TEST_STEP][PASSED] - exM = findTestData(dataFile).getValue("ExM", row): null

2024-05-27 18:59:30 - [TEST_STEP][PASSED] - exY = findTestData(dataFile).getValue("ExY", row): null

2024-05-27 18:59:30 - [TEST_STEP][PASSED] - openBrowser(VLinkURL + "auth.html"): Browser is opened with url: 'https://dev-algorithm.govolution.com/vlinktest/demo/version_2_0/auth.html'

2024-05-27 18:59:30 - [MESSAGE][WARNING] - A browser is already opened. Closing browser and opening a new one

2024-05-27 18:59:31 - [MESSAGE][INFO] - Starting 'Chrome' driver

2024-05-27 18:59:31 - [MESSAGE][INFO] - User set preference: ['acceptInsecureCerts', 'true']

2024-05-27 18:59:31 - [MESSAGE][INFO] - Action delay is set to 0 milliseconds

2024-05-27 18:59:33 - [MESSAGE][PASSED] - Browser is opened with url: 'https://dev-algorithm.govolution.com/vlinktest/demo/version_2_0/auth.html'

2024-05-27 18:59:33 - [TEST_STEP][PASSED] - maximizeWindow(): Current window maximized

2024-05-27 18:59:33 - [MESSAGE][PASSED] - Current window maximized

2024-05-27 18:59:33 - [TEST_STEP][PASSED] - genRemID = RandomStringUtils.random(12, true, true): null

2024-05-27 18:59:33 - [TEST_STEP][PASSED] - setText(findTestObject("Object Repository/RecAndPlayBk/Page-Vlink-AuthOnly/input_Remittance Id_remittance_id"), genRemID): Text 'nB9ELdSa9fV6' is set on object 'Object Repository/RecAndPlayBk/Page-Vlink-AuthOnly/input_Remittance Id_remittance_id'

2024-05-27 18:59:34 - [MESSAGE][PASSED] - Text 'nB9ELdSa9fV6' is set on object 'Object Repository/RecAndPlayBk/Page-Vlink-AuthOnly/input_Remittance Id_remittance_id'

2024-05-27 18:59:34 - [TEST_STEP][PASSED] - setText(findTestObject("Object Repository/RecAndPlayBk/Page-Vlink-AuthOnly/input_Application Id_application_id"), appID): Text '1773' is set on object 'Object Repository/RecAndPlayBk/Page-Vlink-AuthOnly/input_Application Id_application_id'

2024-05-27 18:59:34 - [MESSAGE][PASSED] - Text '1773' is set on object 'Object Repository/RecAndPlayBk/Page-Vlink-AuthOnly/input_Application Id_application_id'

2024-05-27 18:59:34 - [TEST_STEP][PASSED] - setText(findTestObject("Object Repository/RecAndPlayBk/Page-Vlink-AuthOnly/input_Username_username"), username): Text 'Qq2BV1qtr' is set on object 'Object Repository/RecAndPlayBk/Page-Vlink-AuthOnly/input_Username_username'

2024-05-27 18:59:35 - [MESSAGE][PASSED] - Text 'Qq2BV1qtr' is set on object 'Object Repository/RecAndPlayBk/Page-Vlink-AuthOnly/input_Username_username'

2024-05-27 18:59:35 - [TEST_STEP][PASSED] - setText(findTestObject("Object Repository/RecAndPlayBk/Page-Vlink-AuthOnly/input_Password_password"), password): Text 'tUmWBiLUx' is set on object 'Object Repository/RecAndPlayBk/Page-Vlink-AuthOnly/input_Password_password'

2024-05-27 18:59:36 - [MESSAGE][PASSED] - Text 'tUmWBiLUx' is set on object 'Object Repository/RecAndPlayBk/Page-Vlink-AuthOnly/input_Password_password'

2024-05-27 18:59:36 - [TEST_STEP][PASSED] - setText(findTestObject("Object Repository/RecAndPlayBk/Page-Vlink-AuthOnly/input_Category_category"), category): Text 'RETL' is set on object 'Object Repository/RecAndPlayBk/Page-Vlink-AuthOnly/input_Category_category'

2024-05-27 18:59:37 - [MESSAGE][PASSED] - Text 'RETL' is set on object 'Object Repository/RecAndPlayBk/Page-Vlink-AuthOnly/input_Category_category'

2024-05-27 18:59:37 - [TEST_STEP][PASSED] - setText(findTestObject("Object Repository/RecAndPlayBk/Page-Vlink-AuthOnly/input_Amount_amount"), amount): Text '10.5' is set on object 'Object Repository/RecAndPlayBk/Page-Vlink-AuthOnly/input_Amount_amount'

2024-05-27 18:59:37 - [MESSAGE][PASSED] - Text '10.5' is set on object 'Object Repository/RecAndPlayBk/Page-Vlink-AuthOnly/input_Amount_amount'

2024-05-27 18:59:37 - [TEST_STEP][PASSED] - doubleClick(findTestObject("Object Repository/RecAndPlayBk/Page-Vlink-AuthOnly/input_Card number_card_number")): Object: 'Object Repository/RecAndPlayBk/Page-Vlink-AuthOnly/input_Card number_card_number' is double clicked on

2024-05-27 18:59:38 - [MESSAGE][PASSED] - Object: 'Object Repository/RecAndPlayBk/Page-Vlink-AuthOnly/input_Card number_card_number' is double clicked on

2024-05-27 18:59:38 - [TEST_STEP][PASSED] - setText(findTestObject("Object Repository/RecAndPlayBk/Page-Vlink-AuthOnly/input_Card number_card_number"), cardNumber): Text '370000000000002' is set on object 'Object Repository/RecAndPlayBk/Page-Vlink-AuthOnly/input_Card number_card_number'

2024-05-27 18:59:38 - [MESSAGE][PASSED] - Text '370000000000002' is set on object 'Object Repository/RecAndPlayBk/Page-Vlink-AuthOnly/input_Card number_card_number'

2024-05-27 18:59:38 - [TEST_STEP][PASSED] - setText(findTestObject("Object Repository/RecAndPlayBk/Page-Vlink-AuthOnly/input_Card ex month_card_exmo"), exM): Text '12' is set on object 'Object Repository/RecAndPlayBk/Page-Vlink-AuthOnly/input_Card ex month_card_exmo'

2024-05-27 18:59:39 - [MESSAGE][PASSED] - Text '12' is set on object 'Object Repository/RecAndPlayBk/Page-Vlink-AuthOnly/input_Card ex month_card_exmo'

2024-05-27 18:59:39 - [TEST_STEP][PASSED] - setText(findTestObject("Object Repository/RecAndPlayBk/Page-Vlink-AuthOnly/input_Card ex year_card_exyr"), exY): Text '2029' is set on object 'Object Repository/RecAndPlayBk/Page-Vlink-AuthOnly/input_Card ex year_card_exyr'

2024-05-27 18:59:40 - [MESSAGE][PASSED] - Text '2029' is set on object 'Object Repository/RecAndPlayBk/Page-Vlink-AuthOnly/input_Card ex year_card_exyr'

2024-05-27 18:59:40 - [TEST_STEP][PASSED] - click(findTestObject("Object Repository/RecAndPlayBk/Page-Vlink-AuthOnly/input_Track Data_track_data")): Object: 'Object Repository/RecAndPlayBk/Page-Vlink-AuthOnly/input_Track Data_track_data' is clicked on

2024-05-27 18:59:40 - [MESSAGE][PASSED] - Object: 'Object Repository/RecAndPlayBk/Page-Vlink-AuthOnly/input_Track Data_track_data' is clicked on

2024-05-27 18:59:40 - [TEST_STEP][PASSED] - click(findTestObject("Object Repository/RecAndPlayBk/Page-Vlink-AuthOnly/input_CVV state_cvv_state")): Object: 'Object Repository/RecAndPlayBk/Page-Vlink-AuthOnly/input_CVV state_cvv_state' is clicked on

2024-05-27 18:59:41 - [MESSAGE][PASSED] - Object: 'Object Repository/RecAndPlayBk/Page-Vlink-AuthOnly/input_CVV state_cvv_state' is clicked on

2024-05-27 18:59:41 - [TEST_STEP][PASSED] - setText(findTestObject("Object Repository/RecAndPlayBk/Page-Vlink-AuthOnly/input_Track Data_track_data"), ""): Text '' is set on object 'Object Repository/RecAndPlayBk/Page-Vlink-AuthOnly/input_Track Data_track_data'

2024-05-27 18:59:42 - [MESSAGE][PASSED] - Text '' is set on object 'Object Repository/RecAndPlayBk/Page-Vlink-AuthOnly/input_Track Data_track_data'

2024-05-27 18:59:42 - [TEST_STEP][PASSED] - setText(findTestObject("Object Repository/RecAndPlayBk/Page-Vlink-AuthOnly/input_concat(Cardholder, , s email)_email"), ""): Text '' is set on object 'Object Repository/RecAndPlayBk/Page-Vlink-AuthOnly/input_concat(Cardholder, , s email)_email'

2024-05-27 18:59:42 - [MESSAGE][PASSED] - Text '' is set on object 'Object Repository/RecAndPlayBk/Page-Vlink-AuthOnly/input_concat(Cardholder, , s email)_email'

2024-05-27 18:59:42 - [TEST_STEP][PASSED] - click(findTestObject("Object Repository/RecAndPlayBk/Page-Vlink-AuthOnly/input_user_defined10_user_defined10")): Object: 'Object Repository/RecAndPlayBk/Page-Vlink-AuthOnly/input_user_defined10_user_defined10' is clicked on

2024-05-27 18:59:43 - [MESSAGE][PASSED] - Object: 'Object Repository/RecAndPlayBk/Page-Vlink-AuthOnly/input_user_defined10_user_defined10' is clicked on

2024-05-27 18:59:43 - [TEST_STEP][PASSED] - if (executionProfile.equalsIgnoreCase("QAProfile")): null

2024-05-27 18:59:43 - [TEST_STEP][PASSED] - click(findTestObject("Object Repository/RecAndPlayBk/Page-Vlink-AuthOnly/input")): Object: 'Object Repository/RecAndPlayBk/Page-Vlink-AuthOnly/input' is clicked on

2024-05-27 18:59:44 - [MESSAGE][PASSED] - Object: 'Object Repository/RecAndPlayBk/Page-Vlink-AuthOnly/input' is clicked on

2024-05-27 18:59:44 - [TEST_STEP][PASSED] - if (verifyTextPresent("Transaction approved, no errors", true)): null

2024-05-27 18:59:44 - [MESSAGE][PASSED] - Text 'Transaction approved, no errors' is present on page  using regular expression

2024-05-27 18:59:44 - [TEST_STEP][PASSED] - out.println("Auth was successful, Capture now"): null

2024-05-27 18:59:44 - [TEST_STEP][PASSED] - sdfo = getText(findTestObject("Object Repository/Page_VLinkReceipt/pre_STX")): Text of object 'Object Repository/Page_VLinkReceipt/pre_STX' is: '<STX>nB9ELdSa9fV6                  2967741             0  Transaction approved, no errors                   0                                                                                  Y 695927923<ETX>'

2024-05-27 18:59:45 - [MESSAGE][PASSED] - Text of object 'Object Repository/Page_VLinkReceipt/pre_STX' is: '<STX>nB9ELdSa9fV6                  2967741             0  Transaction approved, no errors                   0                                                                                  Y 695927923<ETX>'

2024-05-27 18:59:45 - [TEST_STEP][PASSED] - out.println("sdfo: " + sdfo): null

2024-05-27 18:59:45 - [TEST_STEP][PASSED] - remID = substring(5, 35).trim(): null

2024-05-27 18:59:45 - [TEST_STEP][PASSED] - out.println("remID: " + remID): null

2024-05-27 18:59:45 - [TEST_STEP][PASSED] - traxID = substring(35, 55).trim(): null

2024-05-27 18:59:45 - [TEST_STEP][PASSED] - out.println("traxID: " + traxID): null

2024-05-27 18:59:45 - [TEST_STEP][PASSED] - VLinkSaleRemID = remID: null

2024-05-27 18:59:45 - [TEST_STEP][PASSED] - VLinkSaleTranxID = traxID: null

2024-05-27 18:59:45 - [TEST_STEP][PASSED] - openBrowser(VLinkURL + "capture.html"): Browser is opened with url: 'https://dev-algorithm.govolution.com/vlinktest/demo/version_2_0/capture.html'

2024-05-27 18:59:45 - [MESSAGE][WARNING] - A browser is already opened. Closing browser and opening a new one

2024-05-27 18:59:46 - [MESSAGE][INFO] - Starting 'Chrome' driver

2024-05-27 18:59:46 - [MESSAGE][INFO] - User set preference: ['acceptInsecureCerts', 'true']

2024-05-27 18:59:46 - [MESSAGE][INFO] - Action delay is set to 0 milliseconds

2024-05-27 18:59:48 - [MESSAGE][PASSED] - Browser is opened with url: 'https://dev-algorithm.govolution.com/vlinktest/demo/version_2_0/capture.html'

2024-05-27 18:59:48 - [TEST_STEP][PASSED] - maximizeWindow(): Current window maximized

2024-05-27 18:59:48 - [MESSAGE][PASSED] - Current window maximized

2024-05-27 18:59:48 - [TEST_STEP][PASSED] - setText(findTestObject("Object Repository/RecAndPlayBk/Page-VLink-Capture/input_Remittance Id_remittance_id"), VLinkSaleRemID): Text 'nB9ELdSa9fV6' is set on object 'Object Repository/RecAndPlayBk/Page-VLink-Capture/input_Remittance Id_remittance_id'

2024-05-27 18:59:49 - [MESSAGE][PASSED] - Text 'nB9ELdSa9fV6' is set on object 'Object Repository/RecAndPlayBk/Page-VLink-Capture/input_Remittance Id_remittance_id'

2024-05-27 18:59:49 - [TEST_STEP][PASSED] - setText(findTestObject("Object Repository/RecAndPlayBk/Page-VLink-Capture/input_Application Id_application_id"), appID): Text '1773' is set on object 'Object Repository/RecAndPlayBk/Page-VLink-Capture/input_Application Id_application_id'

2024-05-27 18:59:50 - [MESSAGE][PASSED] - Text '1773' is set on object 'Object Repository/RecAndPlayBk/Page-VLink-Capture/input_Application Id_application_id'

2024-05-27 18:59:50 - [TEST_STEP][PASSED] - setText(findTestObject("Object Repository/RecAndPlayBk/Page-VLink-Capture/input_Username_username"), username): Text 'Qq2BV1qtr' is set on object 'Object Repository/RecAndPlayBk/Page-VLink-Capture/input_Username_username'

2024-05-27 18:59:51 - [MESSAGE][PASSED] - Text 'Qq2BV1qtr' is set on object 'Object Repository/RecAndPlayBk/Page-VLink-Capture/input_Username_username'

2024-05-27 18:59:51 - [TEST_STEP][PASSED] - setText(findTestObject("Object Repository/RecAndPlayBk/Page-VLink-Capture/input_Password_password"), password): Text 'tUmWBiLUx' is set on object 'Object Repository/RecAndPlayBk/Page-VLink-Capture/input_Password_password'

2024-05-27 18:59:51 - [MESSAGE][PASSED] - Text 'tUmWBiLUx' is set on object 'Object Repository/RecAndPlayBk/Page-VLink-Capture/input_Password_password'

2024-05-27 18:59:51 - [TEST_STEP][PASSED] - setText(findTestObject("Object Repository/RecAndPlayBk/Page-VLink-Capture/input_Transaction ID_transaction_id"), VLinkSaleTranxID): Text '2967741' is set on object 'Object Repository/RecAndPlayBk/Page-VLink-Capture/input_Transaction ID_transaction_id'

2024-05-27 18:59:52 - [MESSAGE][PASSED] - Text '2967741' is set on object 'Object Repository/RecAndPlayBk/Page-VLink-Capture/input_Transaction ID_transaction_id'

2024-05-27 18:59:52 - [TEST_STEP][PASSED] - setText(findTestObject("Object Repository/RecAndPlayBk/Page-VLink-Capture/input_Amount_amount"), amount): Text '10.5' is set on object 'Object Repository/RecAndPlayBk/Page-VLink-Capture/input_Amount_amount'

2024-05-27 18:59:53 - [MESSAGE][PASSED] - Text '10.5' is set on object 'Object Repository/RecAndPlayBk/Page-VLink-Capture/input_Amount_amount'

2024-05-27 18:59:53 - [TEST_STEP][PASSED] - click(findTestObject("Object Repository/RecAndPlayBk/Page-VLink-Capture/input")): Object: 'Object Repository/RecAndPlayBk/Page-VLink-Capture/input' is clicked on

2024-05-27 18:59:54 - [MESSAGE][PASSED] - Object: 'Object Repository/RecAndPlayBk/Page-VLink-Capture/input' is clicked on

2024-05-27 18:59:54 - [TEST_STEP][PASSED] - if (verifyTextPresent("Transaction approved, no errors", true)): null

2024-05-27 18:59:54 - [MESSAGE][PASSED] - Text 'Transaction approved, no errors' is present on page  using regular expression

2024-05-27 18:59:54 - [TEST_STEP][PASSED] - println("Transaction Approved, no errors text is present on the Confirmation page"): null

2024-05-27 18:59:54 - [TEST_STEP][PASSED] - out.println("Pass Record Number: " + row): null

2024-05-27 18:59:54 - [TEST_STEP][PASSED] - resText = "Pass": null

2024-05-27 18:59:54 - [TEST_STEP][PASSED] - pages.WriteExcel.demoKey(resText, datText, resColumn, datCloumn, fileLoc, nameSheet, row): pages.WriteExcel.demoKey is PASSED

2024-05-27 18:59:54 - [MESSAGE][PASSED] - pages.WriteExcel.demoKey is PASSED

2024-05-27 18:59:54 - [TEST_STEP][PASSED] - ExecuteTC = findTestData(dataFile).getValue("Execute", row): null

2024-05-27 18:59:54 - [TEST_STEP][PASSED] - out.println("Value of Execute is : " + ExecuteTC): null

2024-05-27 18:59:54 - [TEST_STEP][PASSED] - switch (executionProfile): null

2024-05-27 18:59:54 - [TEST_STEP][PASSED] - case "DemoProfile":: null

2024-05-27 18:59:54 - [TEST_STEP][PASSED] - appID = findTestData(dataFile).getValue("AppIDDemo", row): null

2024-05-27 18:59:54 - [TEST_STEP][PASSED] - username = findTestData(dataFile).getValue("UsernameDemo", row): null

2024-05-27 18:59:55 - [TEST_STEP][PASSED] - password = findTestData(dataFile).getValue("PasswordDemo", row): null

2024-05-27 18:59:55 - [TEST_STEP][PASSED] - break: null

2024-05-27 18:59:55 - [TEST_STEP][PASSED] - if (ExecuteTC.equalsIgnoreCase("Y")): null

2024-05-27 18:59:55 - [TEST_STEP][PASSED] - out.println("Begin Record Number: " + row): null

2024-05-27 18:59:55 - [TEST_STEP][PASSED] - today = new java.util.Date(): null

2024-05-27 18:59:55 - [TEST_STEP][PASSED] - println(today): null

2024-05-27 18:59:55 - [TEST_STEP][PASSED] - datText = today: null

2024-05-27 18:59:55 - [TEST_STEP][PASSED] - category = findTestData(dataFile).getValue("Category", row): null

2024-05-27 18:59:55 - [TEST_STEP][PASSED] - amount = findTestData(dataFile).getValue("Amount", row): null

2024-05-27 18:59:55 - [TEST_STEP][PASSED] - cardNumber = findTestData(dataFile).getValue("CardNumber", row): null

2024-05-27 18:59:55 - [TEST_STEP][PASSED] - exM = findTestData(dataFile).getValue("ExM", row): null

2024-05-27 18:59:55 - [TEST_STEP][PASSED] - exY = findTestData(dataFile).getValue("ExY", row): null

2024-05-27 18:59:55 - [TEST_STEP][PASSED] - openBrowser(VLinkURL + "auth.html"): Browser is opened with url: 'https://dev-algorithm.govolution.com/vlinktest/demo/version_2_0/auth.html'

2024-05-27 18:59:55 - [MESSAGE][WARNING] - A browser is already opened. Closing browser and opening a new one

2024-05-27 18:59:56 - [MESSAGE][INFO] - Starting 'Chrome' driver

2024-05-27 18:59:56 - [MESSAGE][INFO] - User set preference: ['acceptInsecureCerts', 'true']

2024-05-27 18:59:56 - [MESSAGE][INFO] - Action delay is set to 0 milliseconds

2024-05-27 18:59:59 - [MESSAGE][PASSED] - Browser is opened with url: 'https://dev-algorithm.govolution.com/vlinktest/demo/version_2_0/auth.html'

2024-05-27 18:59:59 - [TEST_STEP][PASSED] - maximizeWindow(): Current window maximized

2024-05-27 18:59:59 - [MESSAGE][PASSED] - Current window maximized

2024-05-27 18:59:59 - [TEST_STEP][PASSED] - genRemID = RandomStringUtils.random(12, true, true): null

2024-05-27 18:59:59 - [TEST_STEP][PASSED] - setText(findTestObject("Object Repository/RecAndPlayBk/Page-Vlink-AuthOnly/input_Remittance Id_remittance_id"), genRemID): Text '4KmYTrWc65M1' is set on object 'Object Repository/RecAndPlayBk/Page-Vlink-AuthOnly/input_Remittance Id_remittance_id'

2024-05-27 19:00:00 - [MESSAGE][PASSED] - Text '4KmYTrWc65M1' is set on object 'Object Repository/RecAndPlayBk/Page-Vlink-AuthOnly/input_Remittance Id_remittance_id'

2024-05-27 19:00:00 - [TEST_STEP][PASSED] - setText(findTestObject("Object Repository/RecAndPlayBk/Page-Vlink-AuthOnly/input_Application Id_application_id"), appID): Text '2435' is set on object 'Object Repository/RecAndPlayBk/Page-Vlink-AuthOnly/input_Application Id_application_id'

2024-05-27 19:00:00 - [MESSAGE][PASSED] - Text '2435' is set on object 'Object Repository/RecAndPlayBk/Page-Vlink-AuthOnly/input_Application Id_application_id'

2024-05-27 19:00:00 - [TEST_STEP][PASSED] - setText(findTestObject("Object Repository/RecAndPlayBk/Page-Vlink-AuthOnly/input_Username_username"), username): Text 'health' is set on object 'Object Repository/RecAndPlayBk/Page-Vlink-AuthOnly/input_Username_username'

2024-05-27 19:00:01 - [MESSAGE][PASSED] - Text 'health' is set on object 'Object Repository/RecAndPlayBk/Page-Vlink-AuthOnly/input_Username_username'

2024-05-27 19:00:01 - [TEST_STEP][PASSED] - setText(findTestObject("Object Repository/RecAndPlayBk/Page-Vlink-AuthOnly/input_Password_password"), password): Text '11111111' is set on object 'Object Repository/RecAndPlayBk/Page-Vlink-AuthOnly/input_Password_password'

2024-05-27 19:00:02 - [MESSAGE][PASSED] - Text '11111111' is set on object 'Object Repository/RecAndPlayBk/Page-Vlink-AuthOnly/input_Password_password'

2024-05-27 19:00:02 - [TEST_STEP][PASSED] - setText(findTestObject("Object Repository/RecAndPlayBk/Page-Vlink-AuthOnly/input_Category_category"), category): Text 'ECOM' is set on object 'Object Repository/RecAndPlayBk/Page-Vlink-AuthOnly/input_Category_category'

2024-05-27 19:00:02 - [MESSAGE][PASSED] - Text 'ECOM' is set on object 'Object Repository/RecAndPlayBk/Page-Vlink-AuthOnly/input_Category_category'

2024-05-27 19:00:02 - [TEST_STEP][PASSED] - setText(findTestObject("Object Repository/RecAndPlayBk/Page-Vlink-AuthOnly/input_Amount_amount"), amount): Text '10.5' is set on object 'Object Repository/RecAndPlayBk/Page-Vlink-AuthOnly/input_Amount_amount'

2024-05-27 19:00:03 - [MESSAGE][PASSED] - Text '10.5' is set on object 'Object Repository/RecAndPlayBk/Page-Vlink-AuthOnly/input_Amount_amount'

2024-05-27 19:00:03 - [TEST_STEP][PASSED] - doubleClick(findTestObject("Object Repository/RecAndPlayBk/Page-Vlink-AuthOnly/input_Card number_card_number")): Object: 'Object Repository/RecAndPlayBk/Page-Vlink-AuthOnly/input_Card number_card_number' is double clicked on

2024-05-27 19:00:03 - [MESSAGE][PASSED] - Object: 'Object Repository/RecAndPlayBk/Page-Vlink-AuthOnly/input_Card number_card_number' is double clicked on

2024-05-27 19:00:03 - [TEST_STEP][PASSED] - setText(findTestObject("Object Repository/RecAndPlayBk/Page-Vlink-AuthOnly/input_Card number_card_number"), cardNumber): Text '4012000098765439' is set on object 'Object Repository/RecAndPlayBk/Page-Vlink-AuthOnly/input_Card number_card_number'

2024-05-27 19:00:04 - [MESSAGE][PASSED] - Text '4012000098765439' is set on object 'Object Repository/RecAndPlayBk/Page-Vlink-AuthOnly/input_Card number_card_number'

2024-05-27 19:00:04 - [TEST_STEP][PASSED] - setText(findTestObject("Object Repository/RecAndPlayBk/Page-Vlink-AuthOnly/input_Card ex month_card_exmo"), exM): Text '12' is set on object 'Object Repository/RecAndPlayBk/Page-Vlink-AuthOnly/input_Card ex month_card_exmo'

2024-05-27 19:00:05 - [MESSAGE][PASSED] - Text '12' is set on object 'Object Repository/RecAndPlayBk/Page-Vlink-AuthOnly/input_Card ex month_card_exmo'

2024-05-27 19:00:05 - [TEST_STEP][PASSED] - setText(findTestObject("Object Repository/RecAndPlayBk/Page-Vlink-AuthOnly/input_Card ex year_card_exyr"), exY): Text '2029' is set on object 'Object Repository/RecAndPlayBk/Page-Vlink-AuthOnly/input_Card ex year_card_exyr'

2024-05-27 19:00:06 - [MESSAGE][PASSED] - Text '2029' is set on object 'Object Repository/RecAndPlayBk/Page-Vlink-AuthOnly/input_Card ex year_card_exyr'

2024-05-27 19:00:06 - [TEST_STEP][PASSED] - click(findTestObject("Object Repository/RecAndPlayBk/Page-Vlink-AuthOnly/input_Track Data_track_data")): Object: 'Object Repository/RecAndPlayBk/Page-Vlink-AuthOnly/input_Track Data_track_data' is clicked on

2024-05-27 19:00:06 - [MESSAGE][PASSED] - Object: 'Object Repository/RecAndPlayBk/Page-Vlink-AuthOnly/input_Track Data_track_data' is clicked on

2024-05-27 19:00:06 - [TEST_STEP][PASSED] - click(findTestObject("Object Repository/RecAndPlayBk/Page-Vlink-AuthOnly/input_CVV state_cvv_state")): Object: 'Object Repository/RecAndPlayBk/Page-Vlink-AuthOnly/input_CVV state_cvv_state' is clicked on

2024-05-27 19:00:07 - [MESSAGE][PASSED] - Object: 'Object Repository/RecAndPlayBk/Page-Vlink-AuthOnly/input_CVV state_cvv_state' is clicked on

2024-05-27 19:00:07 - [TEST_STEP][PASSED] - setText(findTestObject("Object Repository/RecAndPlayBk/Page-Vlink-AuthOnly/input_Track Data_track_data"), ""): Text '' is set on object 'Object Repository/RecAndPlayBk/Page-Vlink-AuthOnly/input_Track Data_track_data'

2024-05-27 19:00:07 - [MESSAGE][PASSED] - Text '' is set on object 'Object Repository/RecAndPlayBk/Page-Vlink-AuthOnly/input_Track Data_track_data'

2024-05-27 19:00:07 - [TEST_STEP][PASSED] - setText(findTestObject("Object Repository/RecAndPlayBk/Page-Vlink-AuthOnly/input_concat(Cardholder, , s email)_email"), ""): Text '' is set on object 'Object Repository/RecAndPlayBk/Page-Vlink-AuthOnly/input_concat(Cardholder, , s email)_email'

2024-05-27 19:00:08 - [MESSAGE][PASSED] - Text '' is set on object 'Object Repository/RecAndPlayBk/Page-Vlink-AuthOnly/input_concat(Cardholder, , s email)_email'

2024-05-27 19:00:08 - [TEST_STEP][PASSED] - click(findTestObject("Object Repository/RecAndPlayBk/Page-Vlink-AuthOnly/input_user_defined10_user_defined10")): Object: 'Object Repository/RecAndPlayBk/Page-Vlink-AuthOnly/input_user_defined10_user_defined10' is clicked on

2024-05-27 19:00:09 - [MESSAGE][PASSED] - Object: 'Object Repository/RecAndPlayBk/Page-Vlink-AuthOnly/input_user_defined10_user_defined10' is clicked on

2024-05-27 19:00:09 - [TEST_STEP][PASSED] - if (executionProfile.equalsIgnoreCase("QAProfile")): null

2024-05-27 19:00:09 - [TEST_STEP][PASSED] - click(findTestObject("Object Repository/RecAndPlayBk/Page-Vlink-AuthOnly/input")): Object: 'Object Repository/RecAndPlayBk/Page-Vlink-AuthOnly/input' is clicked on

2024-05-27 19:00:11 - [MESSAGE][PASSED] - Object: 'Object Repository/RecAndPlayBk/Page-Vlink-AuthOnly/input' is clicked on

2024-05-27 19:00:11 - [TEST_STEP][PASSED] - if (verifyTextPresent("Transaction approved, no errors", true)): null

2024-05-27 19:00:11 - [MESSAGE][PASSED] - Text 'Transaction approved, no errors' is present on page  using regular expression

2024-05-27 19:00:11 - [TEST_STEP][PASSED] - out.println("Auth was successful, Capture now"): null

2024-05-27 19:00:11 - [TEST_STEP][PASSED] - sdfo = getText(findTestObject("Object Repository/Page_VLinkReceipt/pre_STX")): Text of object 'Object Repository/Page_VLinkReceipt/pre_STX' is: '<STX>4KmYTrWc65M1                  2967743             0  Transaction approved, no errors                   0                                                                                  N 765439   <ETX>'

2024-05-27 19:00:12 - [MESSAGE][PASSED] - Text of object 'Object Repository/Page_VLinkReceipt/pre_STX' is: '<STX>4KmYTrWc65M1                  2967743             0  Transaction approved, no errors                   0                                                                                  N 765439   <ETX>'

2024-05-27 19:00:12 - [TEST_STEP][PASSED] - out.println("sdfo: " + sdfo): null

2024-05-27 19:00:12 - [TEST_STEP][PASSED] - remID = substring(5, 35).trim(): null

2024-05-27 19:00:12 - [TEST_STEP][PASSED] - out.println("remID: " + remID): null

2024-05-27 19:00:12 - [TEST_STEP][PASSED] - traxID = substring(35, 55).trim(): null

2024-05-27 19:00:12 - [TEST_STEP][PASSED] - out.println("traxID: " + traxID): null

2024-05-27 19:00:12 - [TEST_STEP][PASSED] - VLinkSaleRemID = remID: null

2024-05-27 19:00:12 - [TEST_STEP][PASSED] - VLinkSaleTranxID = traxID: null

2024-05-27 19:00:12 - [TEST_STEP][PASSED] - openBrowser(VLinkURL + "capture.html"): Browser is opened with url: 'https://dev-algorithm.govolution.com/vlinktest/demo/version_2_0/capture.html'

2024-05-27 19:00:12 - [MESSAGE][WARNING] - A browser is already opened. Closing browser and opening a new one

2024-05-27 19:00:13 - [MESSAGE][INFO] - Starting 'Chrome' driver

2024-05-27 19:00:13 - [MESSAGE][INFO] - User set preference: ['acceptInsecureCerts', 'true']

2024-05-27 19:00:13 - [MESSAGE][INFO] - Action delay is set to 0 milliseconds

2024-05-27 19:00:15 - [MESSAGE][PASSED] - Browser is opened with url: 'https://dev-algorithm.govolution.com/vlinktest/demo/version_2_0/capture.html'

2024-05-27 19:00:15 - [TEST_STEP][PASSED] - maximizeWindow(): Current window maximized

2024-05-27 19:00:15 - [MESSAGE][PASSED] - Current window maximized

2024-05-27 19:00:15 - [TEST_STEP][PASSED] - setText(findTestObject("Object Repository/RecAndPlayBk/Page-VLink-Capture/input_Remittance Id_remittance_id"), VLinkSaleRemID): Text '4KmYTrWc65M1' is set on object 'Object Repository/RecAndPlayBk/Page-VLink-Capture/input_Remittance Id_remittance_id'

2024-05-27 19:00:16 - [MESSAGE][PASSED] - Text '4KmYTrWc65M1' is set on object 'Object Repository/RecAndPlayBk/Page-VLink-Capture/input_Remittance Id_remittance_id'

2024-05-27 19:00:16 - [TEST_STEP][PASSED] - setText(findTestObject("Object Repository/RecAndPlayBk/Page-VLink-Capture/input_Application Id_application_id"), appID): Text '2435' is set on object 'Object Repository/RecAndPlayBk/Page-VLink-Capture/input_Application Id_application_id'

2024-05-27 19:00:17 - [MESSAGE][PASSED] - Text '2435' is set on object 'Object Repository/RecAndPlayBk/Page-VLink-Capture/input_Application Id_application_id'

2024-05-27 19:00:17 - [TEST_STEP][PASSED] - setText(findTestObject("Object Repository/RecAndPlayBk/Page-VLink-Capture/input_Username_username"), username): Text 'health' is set on object 'Object Repository/RecAndPlayBk/Page-VLink-Capture/input_Username_username'

2024-05-27 19:00:17 - [MESSAGE][PASSED] - Text 'health' is set on object 'Object Repository/RecAndPlayBk/Page-VLink-Capture/input_Username_username'

2024-05-27 19:00:17 - [TEST_STEP][PASSED] - setText(findTestObject("Object Repository/RecAndPlayBk/Page-VLink-Capture/input_Password_password"), password): Text '11111111' is set on object 'Object Repository/RecAndPlayBk/Page-VLink-Capture/input_Password_password'

2024-05-27 19:00:18 - [MESSAGE][PASSED] - Text '11111111' is set on object 'Object Repository/RecAndPlayBk/Page-VLink-Capture/input_Password_password'

2024-05-27 19:00:18 - [TEST_STEP][PASSED] - setText(findTestObject("Object Repository/RecAndPlayBk/Page-VLink-Capture/input_Transaction ID_transaction_id"), VLinkSaleTranxID): Text '2967743' is set on object 'Object Repository/RecAndPlayBk/Page-VLink-Capture/input_Transaction ID_transaction_id'

2024-05-27 19:00:19 - [MESSAGE][PASSED] - Text '2967743' is set on object 'Object Repository/RecAndPlayBk/Page-VLink-Capture/input_Transaction ID_transaction_id'

2024-05-27 19:00:19 - [TEST_STEP][PASSED] - setText(findTestObject("Object Repository/RecAndPlayBk/Page-VLink-Capture/input_Amount_amount"), amount): Text '10.5' is set on object 'Object Repository/RecAndPlayBk/Page-VLink-Capture/input_Amount_amount'

2024-05-27 19:00:19 - [MESSAGE][PASSED] - Text '10.5' is set on object 'Object Repository/RecAndPlayBk/Page-VLink-Capture/input_Amount_amount'

2024-05-27 19:00:19 - [TEST_STEP][PASSED] - click(findTestObject("Object Repository/RecAndPlayBk/Page-VLink-Capture/input")): Object: 'Object Repository/RecAndPlayBk/Page-VLink-Capture/input' is clicked on

2024-05-27 19:00:21 - [MESSAGE][PASSED] - Object: 'Object Repository/RecAndPlayBk/Page-VLink-Capture/input' is clicked on

2024-05-27 19:00:21 - [TEST_STEP][PASSED] - if (verifyTextPresent("Transaction approved, no errors", true)): null

2024-05-27 19:00:21 - [MESSAGE][PASSED] - Text 'Transaction approved, no errors' is present on page  using regular expression

2024-05-27 19:00:21 - [TEST_STEP][PASSED] - println("Transaction Approved, no errors text is present on the Confirmation page"): null

2024-05-27 19:00:21 - [TEST_STEP][PASSED] - out.println("Pass Record Number: " + row): null

2024-05-27 19:00:21 - [TEST_STEP][PASSED] - resText = "Pass": null

2024-05-27 19:00:21 - [TEST_STEP][PASSED] - pages.WriteExcel.demoKey(resText, datText, resColumn, datCloumn, fileLoc, nameSheet, row): pages.WriteExcel.demoKey is PASSED

2024-05-27 19:00:21 - [MESSAGE][PASSED] - pages.WriteExcel.demoKey is PASSED

2024-05-27 19:00:21 - [TEST_STEP][PASSED] - ExecuteTC = findTestData(dataFile).getValue("Execute", row): null

2024-05-27 19:00:21 - [TEST_STEP][PASSED] - out.println("Value of Execute is : " + ExecuteTC): null

2024-05-27 19:00:21 - [TEST_STEP][PASSED] - switch (executionProfile): null

2024-05-27 19:00:21 - [TEST_STEP][PASSED] - case "DemoProfile":: null

2024-05-27 19:00:21 - [TEST_STEP][PASSED] - appID = findTestData(dataFile).getValue("AppIDDemo", row): null

2024-05-27 19:00:21 - [TEST_STEP][PASSED] - username = findTestData(dataFile).getValue("UsernameDemo", row): null

2024-05-27 19:00:21 - [TEST_STEP][PASSED] - password = findTestData(dataFile).getValue("PasswordDemo", row): null

2024-05-27 19:00:21 - [TEST_STEP][PASSED] - break: null

2024-05-27 19:00:21 - [TEST_STEP][PASSED] - if (ExecuteTC.equalsIgnoreCase("Y")): null

2024-05-27 19:00:21 - [TEST_STEP][PASSED] - out.println("Begin Record Number: " + row): null

2024-05-27 19:00:21 - [TEST_STEP][PASSED] - today = new java.util.Date(): null

2024-05-27 19:00:21 - [TEST_STEP][PASSED] - println(today): null

2024-05-27 19:00:21 - [TEST_STEP][PASSED] - datText = today: null

2024-05-27 19:00:21 - [TEST_STEP][PASSED] - category = findTestData(dataFile).getValue("Category", row): null

2024-05-27 19:00:22 - [TEST_STEP][PASSED] - amount = findTestData(dataFile).getValue("Amount", row): null

2024-05-27 19:00:22 - [TEST_STEP][PASSED] - cardNumber = findTestData(dataFile).getValue("CardNumber", row): null

2024-05-27 19:00:22 - [TEST_STEP][PASSED] - exM = findTestData(dataFile).getValue("ExM", row): null

2024-05-27 19:00:22 - [TEST_STEP][PASSED] - exY = findTestData(dataFile).getValue("ExY", row): null

2024-05-27 19:00:22 - [TEST_STEP][PASSED] - openBrowser(VLinkURL + "auth.html"): Browser is opened with url: 'https://dev-algorithm.govolution.com/vlinktest/demo/version_2_0/auth.html'

2024-05-27 19:00:22 - [MESSAGE][WARNING] - A browser is already opened. Closing browser and opening a new one

2024-05-27 19:00:23 - [MESSAGE][INFO] - Starting 'Chrome' driver

2024-05-27 19:00:23 - [MESSAGE][INFO] - User set preference: ['acceptInsecureCerts', 'true']

2024-05-27 19:00:23 - [MESSAGE][INFO] - Action delay is set to 0 milliseconds

2024-05-27 19:00:25 - [MESSAGE][PASSED] - Browser is opened with url: 'https://dev-algorithm.govolution.com/vlinktest/demo/version_2_0/auth.html'

2024-05-27 19:00:25 - [TEST_STEP][PASSED] - maximizeWindow(): Current window maximized

2024-05-27 19:00:25 - [MESSAGE][PASSED] - Current window maximized

2024-05-27 19:00:25 - [TEST_STEP][PASSED] - genRemID = RandomStringUtils.random(12, true, true): null

2024-05-27 19:00:25 - [TEST_STEP][PASSED] - setText(findTestObject("Object Repository/RecAndPlayBk/Page-Vlink-AuthOnly/input_Remittance Id_remittance_id"), genRemID): Text '9w76epNtI0Ce' is set on object 'Object Repository/RecAndPlayBk/Page-Vlink-AuthOnly/input_Remittance Id_remittance_id'

2024-05-27 19:00:26 - [MESSAGE][PASSED] - Text '9w76epNtI0Ce' is set on object 'Object Repository/RecAndPlayBk/Page-Vlink-AuthOnly/input_Remittance Id_remittance_id'

2024-05-27 19:00:26 - [TEST_STEP][PASSED] - setText(findTestObject("Object Repository/RecAndPlayBk/Page-Vlink-AuthOnly/input_Application Id_application_id"), appID): Text '3136' is set on object 'Object Repository/RecAndPlayBk/Page-Vlink-AuthOnly/input_Application Id_application_id'

2024-05-27 19:00:27 - [MESSAGE][PASSED] - Text '3136' is set on object 'Object Repository/RecAndPlayBk/Page-Vlink-AuthOnly/input_Application Id_application_id'

2024-05-27 19:00:27 - [TEST_STEP][PASSED] - setText(findTestObject("Object Repository/RecAndPlayBk/Page-Vlink-AuthOnly/input_Username_username"), username): Text 'user3136' is set on object 'Object Repository/RecAndPlayBk/Page-Vlink-AuthOnly/input_Username_username'

2024-05-27 19:00:28 - [MESSAGE][PASSED] - Text 'user3136' is set on object 'Object Repository/RecAndPlayBk/Page-Vlink-AuthOnly/input_Username_username'

2024-05-27 19:00:28 - [TEST_STEP][PASSED] - setText(findTestObject("Object Repository/RecAndPlayBk/Page-Vlink-AuthOnly/input_Password_password"), password): Text 'pwd3136' is set on object 'Object Repository/RecAndPlayBk/Page-Vlink-AuthOnly/input_Password_password'

2024-05-27 19:00:28 - [MESSAGE][PASSED] - Text 'pwd3136' is set on object 'Object Repository/RecAndPlayBk/Page-Vlink-AuthOnly/input_Password_password'

2024-05-27 19:00:28 - [TEST_STEP][PASSED] - setText(findTestObject("Object Repository/RecAndPlayBk/Page-Vlink-AuthOnly/input_Category_category"), category): Text 'ECOM' is set on object 'Object Repository/RecAndPlayBk/Page-Vlink-AuthOnly/input_Category_category'

2024-05-27 19:00:29 - [MESSAGE][PASSED] - Text 'ECOM' is set on object 'Object Repository/RecAndPlayBk/Page-Vlink-AuthOnly/input_Category_category'

2024-05-27 19:00:29 - [TEST_STEP][PASSED] - setText(findTestObject("Object Repository/RecAndPlayBk/Page-Vlink-AuthOnly/input_Amount_amount"), amount): Text '10.5' is set on object 'Object Repository/RecAndPlayBk/Page-Vlink-AuthOnly/input_Amount_amount'

2024-05-27 19:00:30 - [MESSAGE][PASSED] - Text '10.5' is set on object 'Object Repository/RecAndPlayBk/Page-Vlink-AuthOnly/input_Amount_amount'

2024-05-27 19:00:30 - [TEST_STEP][PASSED] - doubleClick(findTestObject("Object Repository/RecAndPlayBk/Page-Vlink-AuthOnly/input_Card number_card_number")): Object: 'Object Repository/RecAndPlayBk/Page-Vlink-AuthOnly/input_Card number_card_number' is double clicked on

2024-05-27 19:00:30 - [MESSAGE][PASSED] - Object: 'Object Repository/RecAndPlayBk/Page-Vlink-AuthOnly/input_Card number_card_number' is double clicked on

2024-05-27 19:00:30 - [TEST_STEP][PASSED] - setText(findTestObject("Object Repository/RecAndPlayBk/Page-Vlink-AuthOnly/input_Card number_card_number"), cardNumber): Text '5146312200000035' is set on object 'Object Repository/RecAndPlayBk/Page-Vlink-AuthOnly/input_Card number_card_number'

2024-05-27 19:00:31 - [MESSAGE][PASSED] - Text '5146312200000035' is set on object 'Object Repository/RecAndPlayBk/Page-Vlink-AuthOnly/input_Card number_card_number'

2024-05-27 19:00:31 - [TEST_STEP][PASSED] - setText(findTestObject("Object Repository/RecAndPlayBk/Page-Vlink-AuthOnly/input_Card ex month_card_exmo"), exM): Text '12' is set on object 'Object Repository/RecAndPlayBk/Page-Vlink-AuthOnly/input_Card ex month_card_exmo'

2024-05-27 19:00:31 - [MESSAGE][PASSED] - Text '12' is set on object 'Object Repository/RecAndPlayBk/Page-Vlink-AuthOnly/input_Card ex month_card_exmo'

2024-05-27 19:00:31 - [TEST_STEP][PASSED] - setText(findTestObject("Object Repository/RecAndPlayBk/Page-Vlink-AuthOnly/input_Card ex year_card_exyr"), exY): Text '2029' is set on object 'Object Repository/RecAndPlayBk/Page-Vlink-AuthOnly/input_Card ex year_card_exyr'

2024-05-27 19:00:32 - [MESSAGE][PASSED] - Text '2029' is set on object 'Object Repository/RecAndPlayBk/Page-Vlink-AuthOnly/input_Card ex year_card_exyr'

2024-05-27 19:00:32 - [TEST_STEP][PASSED] - click(findTestObject("Object Repository/RecAndPlayBk/Page-Vlink-AuthOnly/input_Track Data_track_data")): Object: 'Object Repository/RecAndPlayBk/Page-Vlink-AuthOnly/input_Track Data_track_data' is clicked on

2024-05-27 19:00:33 - [MESSAGE][PASSED] - Object: 'Object Repository/RecAndPlayBk/Page-Vlink-AuthOnly/input_Track Data_track_data' is clicked on

2024-05-27 19:00:33 - [TEST_STEP][PASSED] - click(findTestObject("Object Repository/RecAndPlayBk/Page-Vlink-AuthOnly/input_CVV state_cvv_state")): Object: 'Object Repository/RecAndPlayBk/Page-Vlink-AuthOnly/input_CVV state_cvv_state' is clicked on

2024-05-27 19:00:33 - [MESSAGE][PASSED] - Object: 'Object Repository/RecAndPlayBk/Page-Vlink-AuthOnly/input_CVV state_cvv_state' is clicked on

2024-05-27 19:00:33 - [TEST_STEP][PASSED] - setText(findTestObject("Object Repository/RecAndPlayBk/Page-Vlink-AuthOnly/input_Track Data_track_data"), ""): Text '' is set on object 'Object Repository/RecAndPlayBk/Page-Vlink-AuthOnly/input_Track Data_track_data'

2024-05-27 19:00:34 - [MESSAGE][PASSED] - Text '' is set on object 'Object Repository/RecAndPlayBk/Page-Vlink-AuthOnly/input_Track Data_track_data'

2024-05-27 19:00:34 - [TEST_STEP][PASSED] - setText(findTestObject("Object Repository/RecAndPlayBk/Page-Vlink-AuthOnly/input_concat(Cardholder, , s email)_email"), ""): Text '' is set on object 'Object Repository/RecAndPlayBk/Page-Vlink-AuthOnly/input_concat(Cardholder, , s email)_email'

2024-05-27 19:00:34 - [MESSAGE][PASSED] - Text '' is set on object 'Object Repository/RecAndPlayBk/Page-Vlink-AuthOnly/input_concat(Cardholder, , s email)_email'

2024-05-27 19:00:34 - [TEST_STEP][PASSED] - click(findTestObject("Object Repository/RecAndPlayBk/Page-Vlink-AuthOnly/input_user_defined10_user_defined10")): Object: 'Object Repository/RecAndPlayBk/Page-Vlink-AuthOnly/input_user_defined10_user_defined10' is clicked on

2024-05-27 19:00:35 - [MESSAGE][PASSED] - Object: 'Object Repository/RecAndPlayBk/Page-Vlink-AuthOnly/input_user_defined10_user_defined10' is clicked on

2024-05-27 19:00:35 - [TEST_STEP][PASSED] - if (executionProfile.equalsIgnoreCase("QAProfile")): null

2024-05-27 19:00:35 - [TEST_STEP][PASSED] - click(findTestObject("Object Repository/RecAndPlayBk/Page-Vlink-AuthOnly/input")): Object: 'Object Repository/RecAndPlayBk/Page-Vlink-AuthOnly/input' is clicked on

2024-05-27 19:00:36 - [MESSAGE][PASSED] - Object: 'Object Repository/RecAndPlayBk/Page-Vlink-AuthOnly/input' is clicked on

2024-05-27 19:00:36 - [TEST_STEP][PASSED] - if (verifyTextPresent("Transaction approved, no errors", true)): null

2024-05-27 19:00:36 - [MESSAGE][PASSED] - Text 'Transaction approved, no errors' is present on page  using regular expression

2024-05-27 19:00:36 - [TEST_STEP][PASSED] - out.println("Auth was successful, Capture now"): null

2024-05-27 19:00:36 - [TEST_STEP][PASSED] - sdfo = getText(findTestObject("Object Repository/Page_VLinkReceipt/pre_STX")): Text of object 'Object Repository/Page_VLinkReceipt/pre_STX' is: '<STX>9w76epNtI0Ce                  2967745             0  Transaction approved, no errors                   0                                                                                    456444   <ETX>'

2024-05-27 19:00:37 - [MESSAGE][PASSED] - Text of object 'Object Repository/Page_VLinkReceipt/pre_STX' is: '<STX>9w76epNtI0Ce                  2967745             0  Transaction approved, no errors                   0                                                                                    456444   <ETX>'

2024-05-27 19:00:37 - [TEST_STEP][PASSED] - out.println("sdfo: " + sdfo): null

2024-05-27 19:00:37 - [TEST_STEP][PASSED] - remID = substring(5, 35).trim(): null

2024-05-27 19:00:37 - [TEST_STEP][PASSED] - out.println("remID: " + remID): null

2024-05-27 19:00:37 - [TEST_STEP][PASSED] - traxID = substring(35, 55).trim(): null

2024-05-27 19:00:37 - [TEST_STEP][PASSED] - out.println("traxID: " + traxID): null

2024-05-27 19:00:37 - [TEST_STEP][PASSED] - VLinkSaleRemID = remID: null

2024-05-27 19:00:37 - [TEST_STEP][PASSED] - VLinkSaleTranxID = traxID: null

2024-05-27 19:00:37 - [TEST_STEP][PASSED] - openBrowser(VLinkURL + "capture.html"): Browser is opened with url: 'https://dev-algorithm.govolution.com/vlinktest/demo/version_2_0/capture.html'

2024-05-27 19:00:37 - [MESSAGE][WARNING] - A browser is already opened. Closing browser and opening a new one

2024-05-27 19:00:38 - [MESSAGE][INFO] - Starting 'Chrome' driver

2024-05-27 19:00:38 - [MESSAGE][INFO] - User set preference: ['acceptInsecureCerts', 'true']

2024-05-27 19:00:38 - [MESSAGE][INFO] - Action delay is set to 0 milliseconds

2024-05-27 19:00:40 - [MESSAGE][PASSED] - Browser is opened with url: 'https://dev-algorithm.govolution.com/vlinktest/demo/version_2_0/capture.html'

2024-05-27 19:00:40 - [TEST_STEP][PASSED] - maximizeWindow(): Current window maximized

2024-05-27 19:00:40 - [MESSAGE][PASSED] - Current window maximized

2024-05-27 19:00:40 - [TEST_STEP][PASSED] - setText(findTestObject("Object Repository/RecAndPlayBk/Page-VLink-Capture/input_Remittance Id_remittance_id"), VLinkSaleRemID): Text '9w76epNtI0Ce' is set on object 'Object Repository/RecAndPlayBk/Page-VLink-Capture/input_Remittance Id_remittance_id'

2024-05-27 19:00:41 - [MESSAGE][PASSED] - Text '9w76epNtI0Ce' is set on object 'Object Repository/RecAndPlayBk/Page-VLink-Capture/input_Remittance Id_remittance_id'

2024-05-27 19:00:41 - [TEST_STEP][PASSED] - setText(findTestObject("Object Repository/RecAndPlayBk/Page-VLink-Capture/input_Application Id_application_id"), appID): Text '3136' is set on object 'Object Repository/RecAndPlayBk/Page-VLink-Capture/input_Application Id_application_id'

2024-05-27 19:00:42 - [MESSAGE][PASSED] - Text '3136' is set on object 'Object Repository/RecAndPlayBk/Page-VLink-Capture/input_Application Id_application_id'

2024-05-27 19:00:42 - [TEST_STEP][PASSED] - setText(findTestObject("Object Repository/RecAndPlayBk/Page-VLink-Capture/input_Username_username"), username): Text 'user3136' is set on object 'Object Repository/RecAndPlayBk/Page-VLink-Capture/input_Username_username'

2024-05-27 19:00:43 - [MESSAGE][PASSED] - Text 'user3136' is set on object 'Object Repository/RecAndPlayBk/Page-VLink-Capture/input_Username_username'

2024-05-27 19:00:43 - [TEST_STEP][PASSED] - setText(findTestObject("Object Repository/RecAndPlayBk/Page-VLink-Capture/input_Password_password"), password): Text 'pwd3136' is set on object 'Object Repository/RecAndPlayBk/Page-VLink-Capture/input_Password_password'

2024-05-27 19:00:43 - [MESSAGE][PASSED] - Text 'pwd3136' is set on object 'Object Repository/RecAndPlayBk/Page-VLink-Capture/input_Password_password'

2024-05-27 19:00:43 - [TEST_STEP][PASSED] - setText(findTestObject("Object Repository/RecAndPlayBk/Page-VLink-Capture/input_Transaction ID_transaction_id"), VLinkSaleTranxID): Text '2967745' is set on object 'Object Repository/RecAndPlayBk/Page-VLink-Capture/input_Transaction ID_transaction_id'

2024-05-27 19:00:44 - [MESSAGE][PASSED] - Text '2967745' is set on object 'Object Repository/RecAndPlayBk/Page-VLink-Capture/input_Transaction ID_transaction_id'

2024-05-27 19:00:44 - [TEST_STEP][PASSED] - setText(findTestObject("Object Repository/RecAndPlayBk/Page-VLink-Capture/input_Amount_amount"), amount): Text '10.5' is set on object 'Object Repository/RecAndPlayBk/Page-VLink-Capture/input_Amount_amount'

2024-05-27 19:00:45 - [MESSAGE][PASSED] - Text '10.5' is set on object 'Object Repository/RecAndPlayBk/Page-VLink-Capture/input_Amount_amount'

2024-05-27 19:00:45 - [TEST_STEP][PASSED] - click(findTestObject("Object Repository/RecAndPlayBk/Page-VLink-Capture/input")): Object: 'Object Repository/RecAndPlayBk/Page-VLink-Capture/input' is clicked on

2024-05-27 19:00:46 - [MESSAGE][PASSED] - Object: 'Object Repository/RecAndPlayBk/Page-VLink-Capture/input' is clicked on

2024-05-27 19:00:46 - [TEST_STEP][PASSED] - if (verifyTextPresent("Transaction approved, no errors", true)): null

2024-05-27 19:00:46 - [MESSAGE][PASSED] - Text 'Transaction approved, no errors' is present on page  using regular expression

2024-05-27 19:00:46 - [TEST_STEP][PASSED] - println("Transaction Approved, no errors text is present on the Confirmation page"): null

2024-05-27 19:00:46 - [TEST_STEP][PASSED] - out.println("Pass Record Number: " + row): null

2024-05-27 19:00:46 - [TEST_STEP][PASSED] - resText = "Pass": null

2024-05-27 19:00:46 - [TEST_STEP][PASSED] - pages.WriteExcel.demoKey(resText, datText, resColumn, datCloumn, fileLoc, nameSheet, row): pages.WriteExcel.demoKey is PASSED

2024-05-27 19:00:46 - [MESSAGE][PASSED] - pages.WriteExcel.demoKey is PASSED]]></system-out>
         <system-err><![CDATA[]]></system-err>
      </testcase>
      <testcase name="Test Cases/RecAndPlayBk/VLink/Sale" time="114.567" classname="Test Cases/RecAndPlayBk/VLink/Sale" status="PASSED">
         <system-out><![CDATA[2024-05-27 19:00:46 - [TEST_CASE][PASSED] - Test Cases/RecAndPlayBk/VLink/Sale: Test Cases/RecAndPlayBk/VLink/Sale

2024-05-27 19:00:47 - [TEST_STEP][PASSED] - executionProfile = getExecutionProfile(): null

2024-05-27 19:00:47 - [TEST_STEP][PASSED] - out.println("executionProfile : " + executionProfile): null

2024-05-27 19:00:47 - [TEST_STEP][PASSED] - appName = <not implemented yet for class: org.codehaus.groovy.ast.expr.EmptyExpression>: null

2024-05-27 19:00:47 - [TEST_STEP][PASSED] - appID = <not implemented yet for class: org.codehaus.groovy.ast.expr.EmptyExpression>: null

2024-05-27 19:00:47 - [TEST_STEP][PASSED] - username = <not implemented yet for class: org.codehaus.groovy.ast.expr.EmptyExpression>: null

2024-05-27 19:00:47 - [TEST_STEP][PASSED] - password = <not implemented yet for class: org.codehaus.groovy.ast.expr.EmptyExpression>: null

2024-05-27 19:00:47 - [TEST_STEP][PASSED] - cardNameV = <not implemented yet for class: org.codehaus.groovy.ast.expr.EmptyExpression>: null

2024-05-27 19:00:47 - [TEST_STEP][PASSED] - al1V = <not implemented yet for class: org.codehaus.groovy.ast.expr.EmptyExpression>: null

2024-05-27 19:00:47 - [TEST_STEP][PASSED] - al2V = <not implemented yet for class: org.codehaus.groovy.ast.expr.EmptyExpression>: null

2024-05-27 19:00:47 - [TEST_STEP][PASSED] - zipV = <not implemented yet for class: org.codehaus.groovy.ast.expr.EmptyExpression>: null

2024-05-27 19:00:47 - [TEST_STEP][PASSED] - cardTypeV = <not implemented yet for class: org.codehaus.groovy.ast.expr.EmptyExpression>: null

2024-05-27 19:00:47 - [TEST_STEP][PASSED] - last4V = <not implemented yet for class: org.codehaus.groovy.ast.expr.EmptyExpression>: null

2024-05-27 19:00:47 - [TEST_STEP][PASSED] - resText = "Fail": null

2024-05-27 19:00:47 - [TEST_STEP][PASSED] - resColumn = "Result": null

2024-05-27 19:00:47 - [TEST_STEP][PASSED] - datCloumn = "Date": null

2024-05-27 19:00:47 - [TEST_STEP][PASSED] - fileLoc = "KatalonData/VLinkSmokeData.xlsx": null

2024-05-27 19:00:47 - [TEST_STEP][PASSED] - numOfRows = <not implemented yet for class: org.codehaus.groovy.ast.expr.EmptyExpression>: null

2024-05-27 19:00:47 - [TEST_STEP][PASSED] - dataFile = <not implemented yet for class: org.codehaus.groovy.ast.expr.EmptyExpression>: null

2024-05-27 19:00:47 - [TEST_STEP][PASSED] - nameSheet = <not implemented yet for class: org.codehaus.groovy.ast.expr.EmptyExpression>: null

2024-05-27 19:00:47 - [TEST_STEP][PASSED] - nameSheet = "Sale": null

2024-05-27 19:00:47 - [TEST_STEP][PASSED] - numOfRows = findTestData("QA/VLinkTestData/VLinkSaleData").getRowNumbers(): null

2024-05-27 19:00:47 - [TEST_STEP][PASSED] - println("Number of Records: " + numOfRows): null

2024-05-27 19:00:47 - [TEST_STEP][PASSED] - dataFile = "QA/VLinkTestData/VLinkSaleData": null

2024-05-27 19:00:47 - [TEST_STEP][PASSED] - for ([row = 1, row <= numOfRows, (row++)]): null

2024-05-27 19:00:47 - [TEST_STEP][PASSED] - ExecuteTC = findTestData(dataFile).getValue("Execute", row): null

2024-05-27 19:00:47 - [TEST_STEP][PASSED] - out.println("Value of Execute is : " + ExecuteTC): null

2024-05-27 19:00:47 - [TEST_STEP][PASSED] - switch (executionProfile): null

2024-05-27 19:00:47 - [TEST_STEP][PASSED] - case "DemoProfile":: null

2024-05-27 19:00:47 - [TEST_STEP][PASSED] - appID = findTestData(dataFile).getValue("AppIDDemo", row): null

2024-05-27 19:00:47 - [TEST_STEP][PASSED] - username = findTestData(dataFile).getValue("UsernameDemo", row): null

2024-05-27 19:00:47 - [TEST_STEP][PASSED] - password = findTestData(dataFile).getValue("PasswordDemo", row): null

2024-05-27 19:00:48 - [TEST_STEP][PASSED] - break: null

2024-05-27 19:00:48 - [TEST_STEP][PASSED] - if (ExecuteTC.equalsIgnoreCase("Y")): null

2024-05-27 19:00:48 - [TEST_STEP][PASSED] - out.println("Begin Record Number: " + row): null

2024-05-27 19:00:48 - [TEST_STEP][PASSED] - today = new java.util.Date(): null

2024-05-27 19:00:48 - [TEST_STEP][PASSED] - println(today): null

2024-05-27 19:00:48 - [TEST_STEP][PASSED] - datText = today: null

2024-05-27 19:00:48 - [TEST_STEP][PASSED] - category = findTestData(dataFile).getValue("Category", row): null

2024-05-27 19:00:48 - [TEST_STEP][PASSED] - amount = findTestData(dataFile).getValue("Amount", row): null

2024-05-27 19:00:48 - [TEST_STEP][PASSED] - cardNumber = findTestData(dataFile).getValue("CardNumber", row): null

2024-05-27 19:00:48 - [TEST_STEP][PASSED] - exM = findTestData(dataFile).getValue("ExM", row): null

2024-05-27 19:00:48 - [TEST_STEP][PASSED] - exY = findTestData(dataFile).getValue("ExY", row): null

2024-05-27 19:00:48 - [TEST_STEP][PASSED] - openBrowser(VLinkURL + "authcap.html"): Browser is opened with url: 'https://dev-algorithm.govolution.com/vlinktest/demo/version_2_0/authcap.html'

2024-05-27 19:00:48 - [MESSAGE][WARNING] - A browser is already opened. Closing browser and opening a new one

2024-05-27 19:00:49 - [MESSAGE][INFO] - Starting 'Chrome' driver

2024-05-27 19:00:49 - [MESSAGE][INFO] - User set preference: ['acceptInsecureCerts', 'true']

2024-05-27 19:00:49 - [MESSAGE][INFO] - Action delay is set to 0 milliseconds

2024-05-27 19:00:51 - [MESSAGE][PASSED] - Browser is opened with url: 'https://dev-algorithm.govolution.com/vlinktest/demo/version_2_0/authcap.html'

2024-05-27 19:00:51 - [TEST_STEP][PASSED] - maximizeWindow(): Current window maximized

2024-05-27 19:00:51 - [MESSAGE][PASSED] - Current window maximized

2024-05-27 19:00:51 - [TEST_STEP][PASSED] - maximizeWindow(): Current window maximized

2024-05-27 19:00:51 - [MESSAGE][PASSED] - Current window maximized

2024-05-27 19:00:51 - [TEST_STEP][PASSED] - genRemID = RandomStringUtils.random(12, true, true): null

2024-05-27 19:00:51 - [TEST_STEP][PASSED] - setText(findTestObject("Object Repository/RecAndPlayBk/Page-Vlink-Sale/input_Remittance Id_remittance_id"), genRemID): Text 'v4xw9aLGcaPT' is set on object 'Object Repository/RecAndPlayBk/Page-Vlink-Sale/input_Remittance Id_remittance_id'

2024-05-27 19:00:52 - [MESSAGE][PASSED] - Text 'v4xw9aLGcaPT' is set on object 'Object Repository/RecAndPlayBk/Page-Vlink-Sale/input_Remittance Id_remittance_id'

2024-05-27 19:00:52 - [TEST_STEP][PASSED] - setText(findTestObject("Object Repository/RecAndPlayBk/Page-Vlink-Sale/input_Application Id_application_id"), appID): Text '1773' is set on object 'Object Repository/RecAndPlayBk/Page-Vlink-Sale/input_Application Id_application_id'

2024-05-27 19:00:53 - [MESSAGE][PASSED] - Text '1773' is set on object 'Object Repository/RecAndPlayBk/Page-Vlink-Sale/input_Application Id_application_id'

2024-05-27 19:00:53 - [TEST_STEP][PASSED] - setText(findTestObject("Object Repository/RecAndPlayBk/Page-Vlink-Sale/input_Username_username"), username): Text 'Qq2BV1qtr' is set on object 'Object Repository/RecAndPlayBk/Page-Vlink-Sale/input_Username_username'

2024-05-27 19:00:54 - [MESSAGE][PASSED] - Text 'Qq2BV1qtr' is set on object 'Object Repository/RecAndPlayBk/Page-Vlink-Sale/input_Username_username'

2024-05-27 19:00:54 - [TEST_STEP][PASSED] - setText(findTestObject("Object Repository/RecAndPlayBk/Page-Vlink-Sale/input_Password_password"), password): Text 'tUmWBiLUx' is set on object 'Object Repository/RecAndPlayBk/Page-Vlink-Sale/input_Password_password'

2024-05-27 19:00:54 - [MESSAGE][PASSED] - Text 'tUmWBiLUx' is set on object 'Object Repository/RecAndPlayBk/Page-Vlink-Sale/input_Password_password'

2024-05-27 19:00:54 - [TEST_STEP][PASSED] - setText(findTestObject("Object Repository/RecAndPlayBk/Page-Vlink-Sale/input_Category_category"), category): Text 'ECOM' is set on object 'Object Repository/RecAndPlayBk/Page-Vlink-Sale/input_Category_category'

2024-05-27 19:00:55 - [MESSAGE][PASSED] - Text 'ECOM' is set on object 'Object Repository/RecAndPlayBk/Page-Vlink-Sale/input_Category_category'

2024-05-27 19:00:55 - [TEST_STEP][PASSED] - setText(findTestObject("Object Repository/RecAndPlayBk/Page-Vlink-Sale/input_Amount_amount"), amount): Text '10.5' is set on object 'Object Repository/RecAndPlayBk/Page-Vlink-Sale/input_Amount_amount'

2024-05-27 19:00:56 - [MESSAGE][PASSED] - Text '10.5' is set on object 'Object Repository/RecAndPlayBk/Page-Vlink-Sale/input_Amount_amount'

2024-05-27 19:00:56 - [TEST_STEP][PASSED] - doubleClick(findTestObject("Object Repository/RecAndPlayBk/Page-Vlink-Sale/input_Card number_card_number")): Object: 'Object Repository/RecAndPlayBk/Page-Vlink-Sale/input_Card number_card_number' is double clicked on

2024-05-27 19:00:56 - [MESSAGE][PASSED] - Object: 'Object Repository/RecAndPlayBk/Page-Vlink-Sale/input_Card number_card_number' is double clicked on

2024-05-27 19:00:56 - [TEST_STEP][PASSED] - setText(findTestObject("Object Repository/RecAndPlayBk/Page-Vlink-Sale/input_Card number_card_number"), cardNumber): Text '4111111111111111' is set on object 'Object Repository/RecAndPlayBk/Page-Vlink-Sale/input_Card number_card_number'

2024-05-27 19:00:57 - [MESSAGE][PASSED] - Text '4111111111111111' is set on object 'Object Repository/RecAndPlayBk/Page-Vlink-Sale/input_Card number_card_number'

2024-05-27 19:00:57 - [TEST_STEP][PASSED] - setText(findTestObject("Object Repository/RecAndPlayBk/Page-Vlink-Sale/input_Card ex month_card_exmo"), exM): Text '12' is set on object 'Object Repository/RecAndPlayBk/Page-Vlink-Sale/input_Card ex month_card_exmo'

2024-05-27 19:00:58 - [MESSAGE][PASSED] - Text '12' is set on object 'Object Repository/RecAndPlayBk/Page-Vlink-Sale/input_Card ex month_card_exmo'

2024-05-27 19:00:58 - [TEST_STEP][PASSED] - setText(findTestObject("Object Repository/RecAndPlayBk/Page-Vlink-Sale/input_Card ex year_card_exyr"), exY): Text '2029' is set on object 'Object Repository/RecAndPlayBk/Page-Vlink-Sale/input_Card ex year_card_exyr'

2024-05-27 19:00:58 - [MESSAGE][PASSED] - Text '2029' is set on object 'Object Repository/RecAndPlayBk/Page-Vlink-Sale/input_Card ex year_card_exyr'

2024-05-27 19:00:58 - [TEST_STEP][PASSED] - click(findTestObject("Object Repository/RecAndPlayBk/Page-Vlink-Sale/input_Track Data_track_data")): Object: 'Object Repository/RecAndPlayBk/Page-Vlink-Sale/input_Track Data_track_data' is clicked on

2024-05-27 19:00:59 - [MESSAGE][PASSED] - Object: 'Object Repository/RecAndPlayBk/Page-Vlink-Sale/input_Track Data_track_data' is clicked on

2024-05-27 19:00:59 - [TEST_STEP][PASSED] - click(findTestObject("Object Repository/RecAndPlayBk/Page-Vlink-Sale/input_CVV state_cvv_state")): Object: 'Object Repository/RecAndPlayBk/Page-Vlink-Sale/input_CVV state_cvv_state' is clicked on

2024-05-27 19:00:59 - [MESSAGE][PASSED] - Object: 'Object Repository/RecAndPlayBk/Page-Vlink-Sale/input_CVV state_cvv_state' is clicked on

2024-05-27 19:00:59 - [TEST_STEP][PASSED] - setText(findTestObject("Object Repository/RecAndPlayBk/Page-Vlink-Sale/input_Track Data_track_data"), ""): Text '' is set on object 'Object Repository/RecAndPlayBk/Page-Vlink-Sale/input_Track Data_track_data'

2024-05-27 19:01:00 - [MESSAGE][PASSED] - Text '' is set on object 'Object Repository/RecAndPlayBk/Page-Vlink-Sale/input_Track Data_track_data'

2024-05-27 19:01:00 - [TEST_STEP][PASSED] - setText(findTestObject("Object Repository/RecAndPlayBk/Page-Vlink-Sale/input_concat(Cardholder, , s email)_email"), ""): Text '' is set on object 'Object Repository/RecAndPlayBk/Page-Vlink-Sale/input_concat(Cardholder, , s email)_email'

2024-05-27 19:01:01 - [MESSAGE][PASSED] - Text '' is set on object 'Object Repository/RecAndPlayBk/Page-Vlink-Sale/input_concat(Cardholder, , s email)_email'

2024-05-27 19:01:01 - [TEST_STEP][PASSED] - click(findTestObject("Object Repository/RecAndPlayBk/Page-Vlink-Sale/input_user_defined10_user_defined10")): Object: 'Object Repository/RecAndPlayBk/Page-Vlink-Sale/input_user_defined10_user_defined10' is clicked on

2024-05-27 19:01:01 - [MESSAGE][PASSED] - Object: 'Object Repository/RecAndPlayBk/Page-Vlink-Sale/input_user_defined10_user_defined10' is clicked on

2024-05-27 19:01:01 - [TEST_STEP][PASSED] - if (executionProfile.equalsIgnoreCase("QAProfile") || executionProfile.equalsIgnoreCase("DemoProfile")): Text '' is set on object 'Object Repository/RecAndPlayBk/Page-Vlink-Sale/input_COF Transaction Initiated by_cof_tran_6cded5'

2024-05-27 19:01:01 - [TEST_STEP][PASSED] - setText(findTestObject("Object Repository/RecAndPlayBk/Page-Vlink-Sale/input_Card on File Indicator_card_on_file_i_157dae"), ""): Text '' is set on object 'Object Repository/RecAndPlayBk/Page-Vlink-Sale/input_Card on File Indicator_card_on_file_i_157dae'

2024-05-27 19:01:02 - [MESSAGE][PASSED] - Text '' is set on object 'Object Repository/RecAndPlayBk/Page-Vlink-Sale/input_Card on File Indicator_card_on_file_i_157dae'

2024-05-27 19:01:02 - [TEST_STEP][PASSED] - setText(findTestObject("Object Repository/RecAndPlayBk/Page-Vlink-Sale/input_Stored Credential Indicator_stored_cr_4ae73c"), ""): Text '' is set on object 'Object Repository/RecAndPlayBk/Page-Vlink-Sale/input_Stored Credential Indicator_stored_cr_4ae73c'

2024-05-27 19:01:03 - [MESSAGE][PASSED] - Text '' is set on object 'Object Repository/RecAndPlayBk/Page-Vlink-Sale/input_Stored Credential Indicator_stored_cr_4ae73c'

2024-05-27 19:01:03 - [TEST_STEP][PASSED] - setText(findTestObject("Object Repository/RecAndPlayBk/Page-Vlink-Sale/input_COF Scheduled indicator_cof_scheduled_8df7d8"), ""): Text '' is set on object 'Object Repository/RecAndPlayBk/Page-Vlink-Sale/input_COF Scheduled indicator_cof_scheduled_8df7d8'

2024-05-27 19:01:04 - [MESSAGE][PASSED] - Text '' is set on object 'Object Repository/RecAndPlayBk/Page-Vlink-Sale/input_COF Scheduled indicator_cof_scheduled_8df7d8'

2024-05-27 19:01:04 - [TEST_STEP][PASSED] - setText(findTestObject("Object Repository/RecAndPlayBk/Page-Vlink-Sale/input_COF Transaction Initiated by_cof_tran_6cded5"), ""): Text '' is set on object 'Object Repository/RecAndPlayBk/Page-Vlink-Sale/input_COF Transaction Initiated by_cof_tran_6cded5'

2024-05-27 19:01:05 - [MESSAGE][PASSED] - Text '' is set on object 'Object Repository/RecAndPlayBk/Page-Vlink-Sale/input_COF Transaction Initiated by_cof_tran_6cded5'

2024-05-27 19:01:05 - [TEST_STEP][PASSED] - click(findTestObject("Object Repository/RecAndPlayBk/Page-Vlink-Sale/input")): Object: 'Object Repository/RecAndPlayBk/Page-Vlink-Sale/input' is clicked on

2024-05-27 19:01:06 - [MESSAGE][PASSED] - Object: 'Object Repository/RecAndPlayBk/Page-Vlink-Sale/input' is clicked on

2024-05-27 19:01:06 - [TEST_STEP][PASSED] - if (verifyTextPresent("Transaction approved, no errors", true)): null

2024-05-27 19:01:06 - [MESSAGE][PASSED] - Text 'Transaction approved, no errors' is present on page  using regular expression

2024-05-27 19:01:06 - [TEST_STEP][PASSED] - println("Transaction Approved, no errors text is present on the Confirmation page"): null

2024-05-27 19:01:06 - [TEST_STEP][PASSED] - out.println("Pass Record Number: " + row): null

2024-05-27 19:01:06 - [TEST_STEP][PASSED] - resText = "Pass": null

2024-05-27 19:01:06 - [TEST_STEP][PASSED] - pages.WriteExcel.demoKey(resText, datText, resColumn, datCloumn, fileLoc, nameSheet, row): pages.WriteExcel.demoKey is PASSED

2024-05-27 19:01:06 - [MESSAGE][PASSED] - pages.WriteExcel.demoKey is PASSED

2024-05-27 19:01:06 - [TEST_STEP][PASSED] - ExecuteTC = findTestData(dataFile).getValue("Execute", row): null

2024-05-27 19:01:06 - [TEST_STEP][PASSED] - out.println("Value of Execute is : " + ExecuteTC): null

2024-05-27 19:01:06 - [TEST_STEP][PASSED] - switch (executionProfile): null

2024-05-27 19:01:06 - [TEST_STEP][PASSED] - case "DemoProfile":: null

2024-05-27 19:01:06 - [TEST_STEP][PASSED] - appID = findTestData(dataFile).getValue("AppIDDemo", row): null

2024-05-27 19:01:06 - [TEST_STEP][PASSED] - username = findTestData(dataFile).getValue("UsernameDemo", row): null

2024-05-27 19:01:06 - [TEST_STEP][PASSED] - password = findTestData(dataFile).getValue("PasswordDemo", row): null

2024-05-27 19:01:06 - [TEST_STEP][PASSED] - break: null

2024-05-27 19:01:06 - [TEST_STEP][PASSED] - if (ExecuteTC.equalsIgnoreCase("Y")): null

2024-05-27 19:01:06 - [TEST_STEP][PASSED] - out.println("Begin Record Number: " + row): null

2024-05-27 19:01:06 - [TEST_STEP][PASSED] - today = new java.util.Date(): null

2024-05-27 19:01:06 - [TEST_STEP][PASSED] - println(today): null

2024-05-27 19:01:06 - [TEST_STEP][PASSED] - datText = today: null

2024-05-27 19:01:06 - [TEST_STEP][PASSED] - category = findTestData(dataFile).getValue("Category", row): null

2024-05-27 19:01:07 - [TEST_STEP][PASSED] - amount = findTestData(dataFile).getValue("Amount", row): null

2024-05-27 19:01:07 - [TEST_STEP][PASSED] - cardNumber = findTestData(dataFile).getValue("CardNumber", row): null

2024-05-27 19:01:07 - [TEST_STEP][PASSED] - exM = findTestData(dataFile).getValue("ExM", row): null

2024-05-27 19:01:07 - [TEST_STEP][PASSED] - exY = findTestData(dataFile).getValue("ExY", row): null

2024-05-27 19:01:07 - [TEST_STEP][PASSED] - openBrowser(VLinkURL + "authcap.html"): Browser is opened with url: 'https://dev-algorithm.govolution.com/vlinktest/demo/version_2_0/authcap.html'

2024-05-27 19:01:07 - [MESSAGE][WARNING] - A browser is already opened. Closing browser and opening a new one

2024-05-27 19:01:08 - [MESSAGE][INFO] - Starting 'Chrome' driver

2024-05-27 19:01:08 - [MESSAGE][INFO] - User set preference: ['acceptInsecureCerts', 'true']

2024-05-27 19:01:08 - [MESSAGE][INFO] - Action delay is set to 0 milliseconds

2024-05-27 19:01:10 - [MESSAGE][PASSED] - Browser is opened with url: 'https://dev-algorithm.govolution.com/vlinktest/demo/version_2_0/authcap.html'

2024-05-27 19:01:10 - [TEST_STEP][PASSED] - maximizeWindow(): Current window maximized

2024-05-27 19:01:10 - [MESSAGE][PASSED] - Current window maximized

2024-05-27 19:01:10 - [TEST_STEP][PASSED] - maximizeWindow(): Current window maximized

2024-05-27 19:01:10 - [MESSAGE][PASSED] - Current window maximized

2024-05-27 19:01:10 - [TEST_STEP][PASSED] - genRemID = RandomStringUtils.random(12, true, true): null

2024-05-27 19:01:10 - [TEST_STEP][PASSED] - setText(findTestObject("Object Repository/RecAndPlayBk/Page-Vlink-Sale/input_Remittance Id_remittance_id"), genRemID): Text 'dwAklvOPXjCE' is set on object 'Object Repository/RecAndPlayBk/Page-Vlink-Sale/input_Remittance Id_remittance_id'

2024-05-27 19:01:11 - [MESSAGE][PASSED] - Text 'dwAklvOPXjCE' is set on object 'Object Repository/RecAndPlayBk/Page-Vlink-Sale/input_Remittance Id_remittance_id'

2024-05-27 19:01:11 - [TEST_STEP][PASSED] - setText(findTestObject("Object Repository/RecAndPlayBk/Page-Vlink-Sale/input_Application Id_application_id"), appID): Text '1773' is set on object 'Object Repository/RecAndPlayBk/Page-Vlink-Sale/input_Application Id_application_id'

2024-05-27 19:01:12 - [MESSAGE][PASSED] - Text '1773' is set on object 'Object Repository/RecAndPlayBk/Page-Vlink-Sale/input_Application Id_application_id'

2024-05-27 19:01:12 - [TEST_STEP][PASSED] - setText(findTestObject("Object Repository/RecAndPlayBk/Page-Vlink-Sale/input_Username_username"), username): Text 'Qq2BV1qtr' is set on object 'Object Repository/RecAndPlayBk/Page-Vlink-Sale/input_Username_username'

2024-05-27 19:01:12 - [MESSAGE][PASSED] - Text 'Qq2BV1qtr' is set on object 'Object Repository/RecAndPlayBk/Page-Vlink-Sale/input_Username_username'

2024-05-27 19:01:12 - [TEST_STEP][PASSED] - setText(findTestObject("Object Repository/RecAndPlayBk/Page-Vlink-Sale/input_Password_password"), password): Text 'tUmWBiLUx' is set on object 'Object Repository/RecAndPlayBk/Page-Vlink-Sale/input_Password_password'

2024-05-27 19:01:13 - [MESSAGE][PASSED] - Text 'tUmWBiLUx' is set on object 'Object Repository/RecAndPlayBk/Page-Vlink-Sale/input_Password_password'

2024-05-27 19:01:13 - [TEST_STEP][PASSED] - setText(findTestObject("Object Repository/RecAndPlayBk/Page-Vlink-Sale/input_Category_category"), category): Text 'MOTO' is set on object 'Object Repository/RecAndPlayBk/Page-Vlink-Sale/input_Category_category'

2024-05-27 19:01:14 - [MESSAGE][PASSED] - Text 'MOTO' is set on object 'Object Repository/RecAndPlayBk/Page-Vlink-Sale/input_Category_category'

2024-05-27 19:01:14 - [TEST_STEP][PASSED] - setText(findTestObject("Object Repository/RecAndPlayBk/Page-Vlink-Sale/input_Amount_amount"), amount): Text '10.5' is set on object 'Object Repository/RecAndPlayBk/Page-Vlink-Sale/input_Amount_amount'

2024-05-27 19:01:14 - [MESSAGE][PASSED] - Text '10.5' is set on object 'Object Repository/RecAndPlayBk/Page-Vlink-Sale/input_Amount_amount'

2024-05-27 19:01:14 - [TEST_STEP][PASSED] - doubleClick(findTestObject("Object Repository/RecAndPlayBk/Page-Vlink-Sale/input_Card number_card_number")): Object: 'Object Repository/RecAndPlayBk/Page-Vlink-Sale/input_Card number_card_number' is double clicked on

2024-05-27 19:01:15 - [MESSAGE][PASSED] - Object: 'Object Repository/RecAndPlayBk/Page-Vlink-Sale/input_Card number_card_number' is double clicked on

2024-05-27 19:01:15 - [TEST_STEP][PASSED] - setText(findTestObject("Object Repository/RecAndPlayBk/Page-Vlink-Sale/input_Card number_card_number"), cardNumber): Text '5424000000000015' is set on object 'Object Repository/RecAndPlayBk/Page-Vlink-Sale/input_Card number_card_number'

2024-05-27 19:01:16 - [MESSAGE][PASSED] - Text '5424000000000015' is set on object 'Object Repository/RecAndPlayBk/Page-Vlink-Sale/input_Card number_card_number'

2024-05-27 19:01:16 - [TEST_STEP][PASSED] - setText(findTestObject("Object Repository/RecAndPlayBk/Page-Vlink-Sale/input_Card ex month_card_exmo"), exM): Text '12' is set on object 'Object Repository/RecAndPlayBk/Page-Vlink-Sale/input_Card ex month_card_exmo'

2024-05-27 19:01:16 - [MESSAGE][PASSED] - Text '12' is set on object 'Object Repository/RecAndPlayBk/Page-Vlink-Sale/input_Card ex month_card_exmo'

2024-05-27 19:01:16 - [TEST_STEP][PASSED] - setText(findTestObject("Object Repository/RecAndPlayBk/Page-Vlink-Sale/input_Card ex year_card_exyr"), exY): Text '2029' is set on object 'Object Repository/RecAndPlayBk/Page-Vlink-Sale/input_Card ex year_card_exyr'

2024-05-27 19:01:17 - [MESSAGE][PASSED] - Text '2029' is set on object 'Object Repository/RecAndPlayBk/Page-Vlink-Sale/input_Card ex year_card_exyr'

2024-05-27 19:01:17 - [TEST_STEP][PASSED] - click(findTestObject("Object Repository/RecAndPlayBk/Page-Vlink-Sale/input_Track Data_track_data")): Object: 'Object Repository/RecAndPlayBk/Page-Vlink-Sale/input_Track Data_track_data' is clicked on

2024-05-27 19:01:18 - [MESSAGE][PASSED] - Object: 'Object Repository/RecAndPlayBk/Page-Vlink-Sale/input_Track Data_track_data' is clicked on

2024-05-27 19:01:18 - [TEST_STEP][PASSED] - click(findTestObject("Object Repository/RecAndPlayBk/Page-Vlink-Sale/input_CVV state_cvv_state")): Object: 'Object Repository/RecAndPlayBk/Page-Vlink-Sale/input_CVV state_cvv_state' is clicked on

2024-05-27 19:01:18 - [MESSAGE][PASSED] - Object: 'Object Repository/RecAndPlayBk/Page-Vlink-Sale/input_CVV state_cvv_state' is clicked on

2024-05-27 19:01:18 - [TEST_STEP][PASSED] - setText(findTestObject("Object Repository/RecAndPlayBk/Page-Vlink-Sale/input_Track Data_track_data"), ""): Text '' is set on object 'Object Repository/RecAndPlayBk/Page-Vlink-Sale/input_Track Data_track_data'

2024-05-27 19:01:19 - [MESSAGE][PASSED] - Text '' is set on object 'Object Repository/RecAndPlayBk/Page-Vlink-Sale/input_Track Data_track_data'

2024-05-27 19:01:19 - [TEST_STEP][PASSED] - setText(findTestObject("Object Repository/RecAndPlayBk/Page-Vlink-Sale/input_concat(Cardholder, , s email)_email"), ""): Text '' is set on object 'Object Repository/RecAndPlayBk/Page-Vlink-Sale/input_concat(Cardholder, , s email)_email'

2024-05-27 19:01:20 - [MESSAGE][PASSED] - Text '' is set on object 'Object Repository/RecAndPlayBk/Page-Vlink-Sale/input_concat(Cardholder, , s email)_email'

2024-05-27 19:01:20 - [TEST_STEP][PASSED] - click(findTestObject("Object Repository/RecAndPlayBk/Page-Vlink-Sale/input_user_defined10_user_defined10")): Object: 'Object Repository/RecAndPlayBk/Page-Vlink-Sale/input_user_defined10_user_defined10' is clicked on

2024-05-27 19:01:20 - [MESSAGE][PASSED] - Object: 'Object Repository/RecAndPlayBk/Page-Vlink-Sale/input_user_defined10_user_defined10' is clicked on

2024-05-27 19:01:20 - [TEST_STEP][PASSED] - if (executionProfile.equalsIgnoreCase("QAProfile") || executionProfile.equalsIgnoreCase("DemoProfile")): Text '' is set on object 'Object Repository/RecAndPlayBk/Page-Vlink-Sale/input_COF Transaction Initiated by_cof_tran_6cded5'

2024-05-27 19:01:20 - [TEST_STEP][PASSED] - setText(findTestObject("Object Repository/RecAndPlayBk/Page-Vlink-Sale/input_Card on File Indicator_card_on_file_i_157dae"), ""): Text '' is set on object 'Object Repository/RecAndPlayBk/Page-Vlink-Sale/input_Card on File Indicator_card_on_file_i_157dae'

2024-05-27 19:01:21 - [MESSAGE][PASSED] - Text '' is set on object 'Object Repository/RecAndPlayBk/Page-Vlink-Sale/input_Card on File Indicator_card_on_file_i_157dae'

2024-05-27 19:01:21 - [TEST_STEP][PASSED] - setText(findTestObject("Object Repository/RecAndPlayBk/Page-Vlink-Sale/input_Stored Credential Indicator_stored_cr_4ae73c"), ""): Text '' is set on object 'Object Repository/RecAndPlayBk/Page-Vlink-Sale/input_Stored Credential Indicator_stored_cr_4ae73c'

2024-05-27 19:01:22 - [MESSAGE][PASSED] - Text '' is set on object 'Object Repository/RecAndPlayBk/Page-Vlink-Sale/input_Stored Credential Indicator_stored_cr_4ae73c'

2024-05-27 19:01:22 - [TEST_STEP][PASSED] - setText(findTestObject("Object Repository/RecAndPlayBk/Page-Vlink-Sale/input_COF Scheduled indicator_cof_scheduled_8df7d8"), ""): Text '' is set on object 'Object Repository/RecAndPlayBk/Page-Vlink-Sale/input_COF Scheduled indicator_cof_scheduled_8df7d8'

2024-05-27 19:01:23 - [MESSAGE][PASSED] - Text '' is set on object 'Object Repository/RecAndPlayBk/Page-Vlink-Sale/input_COF Scheduled indicator_cof_scheduled_8df7d8'

2024-05-27 19:01:23 - [TEST_STEP][PASSED] - setText(findTestObject("Object Repository/RecAndPlayBk/Page-Vlink-Sale/input_COF Transaction Initiated by_cof_tran_6cded5"), ""): Text '' is set on object 'Object Repository/RecAndPlayBk/Page-Vlink-Sale/input_COF Transaction Initiated by_cof_tran_6cded5'

2024-05-27 19:01:23 - [MESSAGE][PASSED] - Text '' is set on object 'Object Repository/RecAndPlayBk/Page-Vlink-Sale/input_COF Transaction Initiated by_cof_tran_6cded5'

2024-05-27 19:01:23 - [TEST_STEP][PASSED] - click(findTestObject("Object Repository/RecAndPlayBk/Page-Vlink-Sale/input")): Object: 'Object Repository/RecAndPlayBk/Page-Vlink-Sale/input' is clicked on

2024-05-27 19:01:24 - [MESSAGE][PASSED] - Object: 'Object Repository/RecAndPlayBk/Page-Vlink-Sale/input' is clicked on

2024-05-27 19:01:24 - [TEST_STEP][PASSED] - if (verifyTextPresent("Transaction approved, no errors", true)): null

2024-05-27 19:01:25 - [MESSAGE][PASSED] - Text 'Transaction approved, no errors' is present on page  using regular expression

2024-05-27 19:01:25 - [TEST_STEP][PASSED] - println("Transaction Approved, no errors text is present on the Confirmation page"): null

2024-05-27 19:01:25 - [TEST_STEP][PASSED] - out.println("Pass Record Number: " + row): null

2024-05-27 19:01:25 - [TEST_STEP][PASSED] - resText = "Pass": null

2024-05-27 19:01:25 - [TEST_STEP][PASSED] - pages.WriteExcel.demoKey(resText, datText, resColumn, datCloumn, fileLoc, nameSheet, row): pages.WriteExcel.demoKey is PASSED

2024-05-27 19:01:25 - [MESSAGE][PASSED] - pages.WriteExcel.demoKey is PASSED

2024-05-27 19:01:25 - [TEST_STEP][PASSED] - ExecuteTC = findTestData(dataFile).getValue("Execute", row): null

2024-05-27 19:01:25 - [TEST_STEP][PASSED] - out.println("Value of Execute is : " + ExecuteTC): null

2024-05-27 19:01:25 - [TEST_STEP][PASSED] - switch (executionProfile): null

2024-05-27 19:01:25 - [TEST_STEP][PASSED] - case "DemoProfile":: null

2024-05-27 19:01:25 - [TEST_STEP][PASSED] - appID = findTestData(dataFile).getValue("AppIDDemo", row): null

2024-05-27 19:01:25 - [TEST_STEP][PASSED] - username = findTestData(dataFile).getValue("UsernameDemo", row): null

2024-05-27 19:01:25 - [TEST_STEP][PASSED] - password = findTestData(dataFile).getValue("PasswordDemo", row): null

2024-05-27 19:01:25 - [TEST_STEP][PASSED] - break: null

2024-05-27 19:01:25 - [TEST_STEP][PASSED] - if (ExecuteTC.equalsIgnoreCase("Y")): null

2024-05-27 19:01:25 - [TEST_STEP][PASSED] - out.println("Begin Record Number: " + row): null

2024-05-27 19:01:25 - [TEST_STEP][PASSED] - today = new java.util.Date(): null

2024-05-27 19:01:25 - [TEST_STEP][PASSED] - println(today): null

2024-05-27 19:01:25 - [TEST_STEP][PASSED] - datText = today: null

2024-05-27 19:01:25 - [TEST_STEP][PASSED] - category = findTestData(dataFile).getValue("Category", row): null

2024-05-27 19:01:25 - [TEST_STEP][PASSED] - amount = findTestData(dataFile).getValue("Amount", row): null

2024-05-27 19:01:25 - [TEST_STEP][PASSED] - cardNumber = findTestData(dataFile).getValue("CardNumber", row): null

2024-05-27 19:01:25 - [TEST_STEP][PASSED] - exM = findTestData(dataFile).getValue("ExM", row): null

2024-05-27 19:01:26 - [TEST_STEP][PASSED] - exY = findTestData(dataFile).getValue("ExY", row): null

2024-05-27 19:01:26 - [TEST_STEP][PASSED] - openBrowser(VLinkURL + "authcap.html"): Browser is opened with url: 'https://dev-algorithm.govolution.com/vlinktest/demo/version_2_0/authcap.html'

2024-05-27 19:01:26 - [MESSAGE][WARNING] - A browser is already opened. Closing browser and opening a new one

2024-05-27 19:01:27 - [MESSAGE][INFO] - Starting 'Chrome' driver

2024-05-27 19:01:27 - [MESSAGE][INFO] - User set preference: ['acceptInsecureCerts', 'true']

2024-05-27 19:01:27 - [MESSAGE][INFO] - Action delay is set to 0 milliseconds

2024-05-27 19:01:29 - [MESSAGE][PASSED] - Browser is opened with url: 'https://dev-algorithm.govolution.com/vlinktest/demo/version_2_0/authcap.html'

2024-05-27 19:01:29 - [TEST_STEP][PASSED] - maximizeWindow(): Current window maximized

2024-05-27 19:01:29 - [MESSAGE][PASSED] - Current window maximized

2024-05-27 19:01:29 - [TEST_STEP][PASSED] - maximizeWindow(): Current window maximized

2024-05-27 19:01:29 - [MESSAGE][PASSED] - Current window maximized

2024-05-27 19:01:29 - [TEST_STEP][PASSED] - genRemID = RandomStringUtils.random(12, true, true): null

2024-05-27 19:01:29 - [TEST_STEP][PASSED] - setText(findTestObject("Object Repository/RecAndPlayBk/Page-Vlink-Sale/input_Remittance Id_remittance_id"), genRemID): Text 'SKpr2tKGKQo8' is set on object 'Object Repository/RecAndPlayBk/Page-Vlink-Sale/input_Remittance Id_remittance_id'

2024-05-27 19:01:30 - [MESSAGE][PASSED] - Text 'SKpr2tKGKQo8' is set on object 'Object Repository/RecAndPlayBk/Page-Vlink-Sale/input_Remittance Id_remittance_id'

2024-05-27 19:01:30 - [TEST_STEP][PASSED] - setText(findTestObject("Object Repository/RecAndPlayBk/Page-Vlink-Sale/input_Application Id_application_id"), appID): Text '1773' is set on object 'Object Repository/RecAndPlayBk/Page-Vlink-Sale/input_Application Id_application_id'

2024-05-27 19:01:31 - [MESSAGE][PASSED] - Text '1773' is set on object 'Object Repository/RecAndPlayBk/Page-Vlink-Sale/input_Application Id_application_id'

2024-05-27 19:01:31 - [TEST_STEP][PASSED] - setText(findTestObject("Object Repository/RecAndPlayBk/Page-Vlink-Sale/input_Username_username"), username): Text 'Qq2BV1qtr' is set on object 'Object Repository/RecAndPlayBk/Page-Vlink-Sale/input_Username_username'

2024-05-27 19:01:31 - [MESSAGE][PASSED] - Text 'Qq2BV1qtr' is set on object 'Object Repository/RecAndPlayBk/Page-Vlink-Sale/input_Username_username'

2024-05-27 19:01:31 - [TEST_STEP][PASSED] - setText(findTestObject("Object Repository/RecAndPlayBk/Page-Vlink-Sale/input_Password_password"), password): Text 'tUmWBiLUx' is set on object 'Object Repository/RecAndPlayBk/Page-Vlink-Sale/input_Password_password'

2024-05-27 19:01:32 - [MESSAGE][PASSED] - Text 'tUmWBiLUx' is set on object 'Object Repository/RecAndPlayBk/Page-Vlink-Sale/input_Password_password'

2024-05-27 19:01:32 - [TEST_STEP][PASSED] - setText(findTestObject("Object Repository/RecAndPlayBk/Page-Vlink-Sale/input_Category_category"), category): Text 'RETL' is set on object 'Object Repository/RecAndPlayBk/Page-Vlink-Sale/input_Category_category'

2024-05-27 19:01:33 - [MESSAGE][PASSED] - Text 'RETL' is set on object 'Object Repository/RecAndPlayBk/Page-Vlink-Sale/input_Category_category'

2024-05-27 19:01:33 - [TEST_STEP][PASSED] - setText(findTestObject("Object Repository/RecAndPlayBk/Page-Vlink-Sale/input_Amount_amount"), amount): Text '10.5' is set on object 'Object Repository/RecAndPlayBk/Page-Vlink-Sale/input_Amount_amount'

2024-05-27 19:01:33 - [MESSAGE][PASSED] - Text '10.5' is set on object 'Object Repository/RecAndPlayBk/Page-Vlink-Sale/input_Amount_amount'

2024-05-27 19:01:33 - [TEST_STEP][PASSED] - doubleClick(findTestObject("Object Repository/RecAndPlayBk/Page-Vlink-Sale/input_Card number_card_number")): Object: 'Object Repository/RecAndPlayBk/Page-Vlink-Sale/input_Card number_card_number' is double clicked on

2024-05-27 19:01:34 - [MESSAGE][PASSED] - Object: 'Object Repository/RecAndPlayBk/Page-Vlink-Sale/input_Card number_card_number' is double clicked on

2024-05-27 19:01:34 - [TEST_STEP][PASSED] - setText(findTestObject("Object Repository/RecAndPlayBk/Page-Vlink-Sale/input_Card number_card_number"), cardNumber): Text '370000000000002' is set on object 'Object Repository/RecAndPlayBk/Page-Vlink-Sale/input_Card number_card_number'

2024-05-27 19:01:34 - [MESSAGE][PASSED] - Text '370000000000002' is set on object 'Object Repository/RecAndPlayBk/Page-Vlink-Sale/input_Card number_card_number'

2024-05-27 19:01:34 - [TEST_STEP][PASSED] - setText(findTestObject("Object Repository/RecAndPlayBk/Page-Vlink-Sale/input_Card ex month_card_exmo"), exM): Text '12' is set on object 'Object Repository/RecAndPlayBk/Page-Vlink-Sale/input_Card ex month_card_exmo'

2024-05-27 19:01:35 - [MESSAGE][PASSED] - Text '12' is set on object 'Object Repository/RecAndPlayBk/Page-Vlink-Sale/input_Card ex month_card_exmo'

2024-05-27 19:01:35 - [TEST_STEP][PASSED] - setText(findTestObject("Object Repository/RecAndPlayBk/Page-Vlink-Sale/input_Card ex year_card_exyr"), exY): Text '2029' is set on object 'Object Repository/RecAndPlayBk/Page-Vlink-Sale/input_Card ex year_card_exyr'

2024-05-27 19:01:36 - [MESSAGE][PASSED] - Text '2029' is set on object 'Object Repository/RecAndPlayBk/Page-Vlink-Sale/input_Card ex year_card_exyr'

2024-05-27 19:01:36 - [TEST_STEP][PASSED] - click(findTestObject("Object Repository/RecAndPlayBk/Page-Vlink-Sale/input_Track Data_track_data")): Object: 'Object Repository/RecAndPlayBk/Page-Vlink-Sale/input_Track Data_track_data' is clicked on

2024-05-27 19:01:36 - [MESSAGE][PASSED] - Object: 'Object Repository/RecAndPlayBk/Page-Vlink-Sale/input_Track Data_track_data' is clicked on

2024-05-27 19:01:36 - [TEST_STEP][PASSED] - click(findTestObject("Object Repository/RecAndPlayBk/Page-Vlink-Sale/input_CVV state_cvv_state")): Object: 'Object Repository/RecAndPlayBk/Page-Vlink-Sale/input_CVV state_cvv_state' is clicked on

2024-05-27 19:01:37 - [MESSAGE][PASSED] - Object: 'Object Repository/RecAndPlayBk/Page-Vlink-Sale/input_CVV state_cvv_state' is clicked on

2024-05-27 19:01:37 - [TEST_STEP][PASSED] - setText(findTestObject("Object Repository/RecAndPlayBk/Page-Vlink-Sale/input_Track Data_track_data"), ""): Text '' is set on object 'Object Repository/RecAndPlayBk/Page-Vlink-Sale/input_Track Data_track_data'

2024-05-27 19:01:38 - [MESSAGE][PASSED] - Text '' is set on object 'Object Repository/RecAndPlayBk/Page-Vlink-Sale/input_Track Data_track_data'

2024-05-27 19:01:38 - [TEST_STEP][PASSED] - setText(findTestObject("Object Repository/RecAndPlayBk/Page-Vlink-Sale/input_concat(Cardholder, , s email)_email"), ""): Text '' is set on object 'Object Repository/RecAndPlayBk/Page-Vlink-Sale/input_concat(Cardholder, , s email)_email'

2024-05-27 19:01:38 - [MESSAGE][PASSED] - Text '' is set on object 'Object Repository/RecAndPlayBk/Page-Vlink-Sale/input_concat(Cardholder, , s email)_email'

2024-05-27 19:01:38 - [TEST_STEP][PASSED] - click(findTestObject("Object Repository/RecAndPlayBk/Page-Vlink-Sale/input_user_defined10_user_defined10")): Object: 'Object Repository/RecAndPlayBk/Page-Vlink-Sale/input_user_defined10_user_defined10' is clicked on

2024-05-27 19:01:39 - [MESSAGE][PASSED] - Object: 'Object Repository/RecAndPlayBk/Page-Vlink-Sale/input_user_defined10_user_defined10' is clicked on

2024-05-27 19:01:39 - [TEST_STEP][PASSED] - if (executionProfile.equalsIgnoreCase("QAProfile") || executionProfile.equalsIgnoreCase("DemoProfile")): Text '' is set on object 'Object Repository/RecAndPlayBk/Page-Vlink-Sale/input_COF Transaction Initiated by_cof_tran_6cded5'

2024-05-27 19:01:39 - [TEST_STEP][PASSED] - setText(findTestObject("Object Repository/RecAndPlayBk/Page-Vlink-Sale/input_Card on File Indicator_card_on_file_i_157dae"), ""): Text '' is set on object 'Object Repository/RecAndPlayBk/Page-Vlink-Sale/input_Card on File Indicator_card_on_file_i_157dae'

2024-05-27 19:01:40 - [MESSAGE][PASSED] - Text '' is set on object 'Object Repository/RecAndPlayBk/Page-Vlink-Sale/input_Card on File Indicator_card_on_file_i_157dae'

2024-05-27 19:01:40 - [TEST_STEP][PASSED] - setText(findTestObject("Object Repository/RecAndPlayBk/Page-Vlink-Sale/input_Stored Credential Indicator_stored_cr_4ae73c"), ""): Text '' is set on object 'Object Repository/RecAndPlayBk/Page-Vlink-Sale/input_Stored Credential Indicator_stored_cr_4ae73c'

2024-05-27 19:01:40 - [MESSAGE][PASSED] - Text '' is set on object 'Object Repository/RecAndPlayBk/Page-Vlink-Sale/input_Stored Credential Indicator_stored_cr_4ae73c'

2024-05-27 19:01:40 - [TEST_STEP][PASSED] - setText(findTestObject("Object Repository/RecAndPlayBk/Page-Vlink-Sale/input_COF Scheduled indicator_cof_scheduled_8df7d8"), ""): Text '' is set on object 'Object Repository/RecAndPlayBk/Page-Vlink-Sale/input_COF Scheduled indicator_cof_scheduled_8df7d8'

2024-05-27 19:01:41 - [MESSAGE][PASSED] - Text '' is set on object 'Object Repository/RecAndPlayBk/Page-Vlink-Sale/input_COF Scheduled indicator_cof_scheduled_8df7d8'

2024-05-27 19:01:41 - [TEST_STEP][PASSED] - setText(findTestObject("Object Repository/RecAndPlayBk/Page-Vlink-Sale/input_COF Transaction Initiated by_cof_tran_6cded5"), ""): Text '' is set on object 'Object Repository/RecAndPlayBk/Page-Vlink-Sale/input_COF Transaction Initiated by_cof_tran_6cded5'

2024-05-27 19:01:42 - [MESSAGE][PASSED] - Text '' is set on object 'Object Repository/RecAndPlayBk/Page-Vlink-Sale/input_COF Transaction Initiated by_cof_tran_6cded5'

2024-05-27 19:01:42 - [TEST_STEP][PASSED] - click(findTestObject("Object Repository/RecAndPlayBk/Page-Vlink-Sale/input")): Object: 'Object Repository/RecAndPlayBk/Page-Vlink-Sale/input' is clicked on

2024-05-27 19:01:43 - [MESSAGE][PASSED] - Object: 'Object Repository/RecAndPlayBk/Page-Vlink-Sale/input' is clicked on

2024-05-27 19:01:43 - [TEST_STEP][PASSED] - if (verifyTextPresent("Transaction approved, no errors", true)): null

2024-05-27 19:01:43 - [MESSAGE][PASSED] - Text 'Transaction approved, no errors' is present on page  using regular expression

2024-05-27 19:01:43 - [TEST_STEP][PASSED] - println("Transaction Approved, no errors text is present on the Confirmation page"): null

2024-05-27 19:01:43 - [TEST_STEP][PASSED] - out.println("Pass Record Number: " + row): null

2024-05-27 19:01:43 - [TEST_STEP][PASSED] - resText = "Pass": null

2024-05-27 19:01:43 - [TEST_STEP][PASSED] - pages.WriteExcel.demoKey(resText, datText, resColumn, datCloumn, fileLoc, nameSheet, row): pages.WriteExcel.demoKey is PASSED

2024-05-27 19:01:44 - [MESSAGE][PASSED] - pages.WriteExcel.demoKey is PASSED

2024-05-27 19:01:44 - [TEST_STEP][PASSED] - ExecuteTC = findTestData(dataFile).getValue("Execute", row): null

2024-05-27 19:01:44 - [TEST_STEP][PASSED] - out.println("Value of Execute is : " + ExecuteTC): null

2024-05-27 19:01:44 - [TEST_STEP][PASSED] - switch (executionProfile): null

2024-05-27 19:01:44 - [TEST_STEP][PASSED] - case "DemoProfile":: null

2024-05-27 19:01:44 - [TEST_STEP][PASSED] - appID = findTestData(dataFile).getValue("AppIDDemo", row): null

2024-05-27 19:01:44 - [TEST_STEP][PASSED] - username = findTestData(dataFile).getValue("UsernameDemo", row): null

2024-05-27 19:01:44 - [TEST_STEP][PASSED] - password = findTestData(dataFile).getValue("PasswordDemo", row): null

2024-05-27 19:01:44 - [TEST_STEP][PASSED] - break: null

2024-05-27 19:01:44 - [TEST_STEP][PASSED] - if (ExecuteTC.equalsIgnoreCase("Y")): null

2024-05-27 19:01:44 - [TEST_STEP][PASSED] - out.println("Begin Record Number: " + row): null

2024-05-27 19:01:44 - [TEST_STEP][PASSED] - today = new java.util.Date(): null

2024-05-27 19:01:44 - [TEST_STEP][PASSED] - println(today): null

2024-05-27 19:01:44 - [TEST_STEP][PASSED] - datText = today: null

2024-05-27 19:01:44 - [TEST_STEP][PASSED] - category = findTestData(dataFile).getValue("Category", row): null

2024-05-27 19:01:44 - [TEST_STEP][PASSED] - amount = findTestData(dataFile).getValue("Amount", row): null

2024-05-27 19:01:44 - [TEST_STEP][PASSED] - cardNumber = findTestData(dataFile).getValue("CardNumber", row): null

2024-05-27 19:01:44 - [TEST_STEP][PASSED] - exM = findTestData(dataFile).getValue("ExM", row): null

2024-05-27 19:01:44 - [TEST_STEP][PASSED] - exY = findTestData(dataFile).getValue("ExY", row): null

2024-05-27 19:01:44 - [TEST_STEP][PASSED] - openBrowser(VLinkURL + "authcap.html"): Browser is opened with url: 'https://dev-algorithm.govolution.com/vlinktest/demo/version_2_0/authcap.html'

2024-05-27 19:01:44 - [MESSAGE][WARNING] - A browser is already opened. Closing browser and opening a new one

2024-05-27 19:01:46 - [MESSAGE][INFO] - Starting 'Chrome' driver

2024-05-27 19:01:46 - [MESSAGE][INFO] - User set preference: ['acceptInsecureCerts', 'true']

2024-05-27 19:01:46 - [MESSAGE][INFO] - Action delay is set to 0 milliseconds

2024-05-27 19:01:48 - [MESSAGE][PASSED] - Browser is opened with url: 'https://dev-algorithm.govolution.com/vlinktest/demo/version_2_0/authcap.html'

2024-05-27 19:01:48 - [TEST_STEP][PASSED] - maximizeWindow(): Current window maximized

2024-05-27 19:01:48 - [MESSAGE][PASSED] - Current window maximized

2024-05-27 19:01:48 - [TEST_STEP][PASSED] - maximizeWindow(): Current window maximized

2024-05-27 19:01:48 - [MESSAGE][PASSED] - Current window maximized

2024-05-27 19:01:48 - [TEST_STEP][PASSED] - genRemID = RandomStringUtils.random(12, true, true): null

2024-05-27 19:01:48 - [TEST_STEP][PASSED] - setText(findTestObject("Object Repository/RecAndPlayBk/Page-Vlink-Sale/input_Remittance Id_remittance_id"), genRemID): Text 'MnQC3ONHyTIN' is set on object 'Object Repository/RecAndPlayBk/Page-Vlink-Sale/input_Remittance Id_remittance_id'

2024-05-27 19:01:49 - [MESSAGE][PASSED] - Text 'MnQC3ONHyTIN' is set on object 'Object Repository/RecAndPlayBk/Page-Vlink-Sale/input_Remittance Id_remittance_id'

2024-05-27 19:01:49 - [TEST_STEP][PASSED] - setText(findTestObject("Object Repository/RecAndPlayBk/Page-Vlink-Sale/input_Application Id_application_id"), appID): Text '2435' is set on object 'Object Repository/RecAndPlayBk/Page-Vlink-Sale/input_Application Id_application_id'

2024-05-27 19:01:49 - [MESSAGE][PASSED] - Text '2435' is set on object 'Object Repository/RecAndPlayBk/Page-Vlink-Sale/input_Application Id_application_id'

2024-05-27 19:01:49 - [TEST_STEP][PASSED] - setText(findTestObject("Object Repository/RecAndPlayBk/Page-Vlink-Sale/input_Username_username"), username): Text 'health' is set on object 'Object Repository/RecAndPlayBk/Page-Vlink-Sale/input_Username_username'

2024-05-27 19:01:50 - [MESSAGE][PASSED] - Text 'health' is set on object 'Object Repository/RecAndPlayBk/Page-Vlink-Sale/input_Username_username'

2024-05-27 19:01:50 - [TEST_STEP][PASSED] - setText(findTestObject("Object Repository/RecAndPlayBk/Page-Vlink-Sale/input_Password_password"), password): Text '11111111' is set on object 'Object Repository/RecAndPlayBk/Page-Vlink-Sale/input_Password_password'

2024-05-27 19:01:51 - [MESSAGE][PASSED] - Text '11111111' is set on object 'Object Repository/RecAndPlayBk/Page-Vlink-Sale/input_Password_password'

2024-05-27 19:01:51 - [TEST_STEP][PASSED] - setText(findTestObject("Object Repository/RecAndPlayBk/Page-Vlink-Sale/input_Category_category"), category): Text 'ECOM' is set on object 'Object Repository/RecAndPlayBk/Page-Vlink-Sale/input_Category_category'

2024-05-27 19:01:51 - [MESSAGE][PASSED] - Text 'ECOM' is set on object 'Object Repository/RecAndPlayBk/Page-Vlink-Sale/input_Category_category'

2024-05-27 19:01:51 - [TEST_STEP][PASSED] - setText(findTestObject("Object Repository/RecAndPlayBk/Page-Vlink-Sale/input_Amount_amount"), amount): Text '10.5' is set on object 'Object Repository/RecAndPlayBk/Page-Vlink-Sale/input_Amount_amount'

2024-05-27 19:01:52 - [MESSAGE][PASSED] - Text '10.5' is set on object 'Object Repository/RecAndPlayBk/Page-Vlink-Sale/input_Amount_amount'

2024-05-27 19:01:52 - [TEST_STEP][PASSED] - doubleClick(findTestObject("Object Repository/RecAndPlayBk/Page-Vlink-Sale/input_Card number_card_number")): Object: 'Object Repository/RecAndPlayBk/Page-Vlink-Sale/input_Card number_card_number' is double clicked on

2024-05-27 19:01:52 - [MESSAGE][PASSED] - Object: 'Object Repository/RecAndPlayBk/Page-Vlink-Sale/input_Card number_card_number' is double clicked on

2024-05-27 19:01:52 - [TEST_STEP][PASSED] - setText(findTestObject("Object Repository/RecAndPlayBk/Page-Vlink-Sale/input_Card number_card_number"), cardNumber): Text '4012000098765439' is set on object 'Object Repository/RecAndPlayBk/Page-Vlink-Sale/input_Card number_card_number'

2024-05-27 19:01:53 - [MESSAGE][PASSED] - Text '4012000098765439' is set on object 'Object Repository/RecAndPlayBk/Page-Vlink-Sale/input_Card number_card_number'

2024-05-27 19:01:53 - [TEST_STEP][PASSED] - setText(findTestObject("Object Repository/RecAndPlayBk/Page-Vlink-Sale/input_Card ex month_card_exmo"), exM): Text '12' is set on object 'Object Repository/RecAndPlayBk/Page-Vlink-Sale/input_Card ex month_card_exmo'

2024-05-27 19:01:54 - [MESSAGE][PASSED] - Text '12' is set on object 'Object Repository/RecAndPlayBk/Page-Vlink-Sale/input_Card ex month_card_exmo'

2024-05-27 19:01:54 - [TEST_STEP][PASSED] - setText(findTestObject("Object Repository/RecAndPlayBk/Page-Vlink-Sale/input_Card ex year_card_exyr"), exY): Text '2029' is set on object 'Object Repository/RecAndPlayBk/Page-Vlink-Sale/input_Card ex year_card_exyr'

2024-05-27 19:01:55 - [MESSAGE][PASSED] - Text '2029' is set on object 'Object Repository/RecAndPlayBk/Page-Vlink-Sale/input_Card ex year_card_exyr'

2024-05-27 19:01:55 - [TEST_STEP][PASSED] - click(findTestObject("Object Repository/RecAndPlayBk/Page-Vlink-Sale/input_Track Data_track_data")): Object: 'Object Repository/RecAndPlayBk/Page-Vlink-Sale/input_Track Data_track_data' is clicked on

2024-05-27 19:01:55 - [MESSAGE][PASSED] - Object: 'Object Repository/RecAndPlayBk/Page-Vlink-Sale/input_Track Data_track_data' is clicked on

2024-05-27 19:01:55 - [TEST_STEP][PASSED] - click(findTestObject("Object Repository/RecAndPlayBk/Page-Vlink-Sale/input_CVV state_cvv_state")): Object: 'Object Repository/RecAndPlayBk/Page-Vlink-Sale/input_CVV state_cvv_state' is clicked on

2024-05-27 19:01:56 - [MESSAGE][PASSED] - Object: 'Object Repository/RecAndPlayBk/Page-Vlink-Sale/input_CVV state_cvv_state' is clicked on

2024-05-27 19:01:56 - [TEST_STEP][PASSED] - setText(findTestObject("Object Repository/RecAndPlayBk/Page-Vlink-Sale/input_Track Data_track_data"), ""): Text '' is set on object 'Object Repository/RecAndPlayBk/Page-Vlink-Sale/input_Track Data_track_data'

2024-05-27 19:01:56 - [MESSAGE][PASSED] - Text '' is set on object 'Object Repository/RecAndPlayBk/Page-Vlink-Sale/input_Track Data_track_data'

2024-05-27 19:01:56 - [TEST_STEP][PASSED] - setText(findTestObject("Object Repository/RecAndPlayBk/Page-Vlink-Sale/input_concat(Cardholder, , s email)_email"), ""): Text '' is set on object 'Object Repository/RecAndPlayBk/Page-Vlink-Sale/input_concat(Cardholder, , s email)_email'

2024-05-27 19:01:57 - [MESSAGE][PASSED] - Text '' is set on object 'Object Repository/RecAndPlayBk/Page-Vlink-Sale/input_concat(Cardholder, , s email)_email'

2024-05-27 19:01:57 - [TEST_STEP][PASSED] - click(findTestObject("Object Repository/RecAndPlayBk/Page-Vlink-Sale/input_user_defined10_user_defined10")): Object: 'Object Repository/RecAndPlayBk/Page-Vlink-Sale/input_user_defined10_user_defined10' is clicked on

2024-05-27 19:01:58 - [MESSAGE][PASSED] - Object: 'Object Repository/RecAndPlayBk/Page-Vlink-Sale/input_user_defined10_user_defined10' is clicked on

2024-05-27 19:01:58 - [TEST_STEP][PASSED] - if (executionProfile.equalsIgnoreCase("QAProfile") || executionProfile.equalsIgnoreCase("DemoProfile")): Text '' is set on object 'Object Repository/RecAndPlayBk/Page-Vlink-Sale/input_COF Transaction Initiated by_cof_tran_6cded5'

2024-05-27 19:01:58 - [TEST_STEP][PASSED] - setText(findTestObject("Object Repository/RecAndPlayBk/Page-Vlink-Sale/input_Card on File Indicator_card_on_file_i_157dae"), ""): Text '' is set on object 'Object Repository/RecAndPlayBk/Page-Vlink-Sale/input_Card on File Indicator_card_on_file_i_157dae'

2024-05-27 19:01:58 - [MESSAGE][PASSED] - Text '' is set on object 'Object Repository/RecAndPlayBk/Page-Vlink-Sale/input_Card on File Indicator_card_on_file_i_157dae'

2024-05-27 19:01:58 - [TEST_STEP][PASSED] - setText(findTestObject("Object Repository/RecAndPlayBk/Page-Vlink-Sale/input_Stored Credential Indicator_stored_cr_4ae73c"), ""): Text '' is set on object 'Object Repository/RecAndPlayBk/Page-Vlink-Sale/input_Stored Credential Indicator_stored_cr_4ae73c'

2024-05-27 19:01:59 - [MESSAGE][PASSED] - Text '' is set on object 'Object Repository/RecAndPlayBk/Page-Vlink-Sale/input_Stored Credential Indicator_stored_cr_4ae73c'

2024-05-27 19:01:59 - [TEST_STEP][PASSED] - setText(findTestObject("Object Repository/RecAndPlayBk/Page-Vlink-Sale/input_COF Scheduled indicator_cof_scheduled_8df7d8"), ""): Text '' is set on object 'Object Repository/RecAndPlayBk/Page-Vlink-Sale/input_COF Scheduled indicator_cof_scheduled_8df7d8'

2024-05-27 19:02:00 - [MESSAGE][PASSED] - Text '' is set on object 'Object Repository/RecAndPlayBk/Page-Vlink-Sale/input_COF Scheduled indicator_cof_scheduled_8df7d8'

2024-05-27 19:02:00 - [TEST_STEP][PASSED] - setText(findTestObject("Object Repository/RecAndPlayBk/Page-Vlink-Sale/input_COF Transaction Initiated by_cof_tran_6cded5"), ""): Text '' is set on object 'Object Repository/RecAndPlayBk/Page-Vlink-Sale/input_COF Transaction Initiated by_cof_tran_6cded5'

2024-05-27 19:02:01 - [MESSAGE][PASSED] - Text '' is set on object 'Object Repository/RecAndPlayBk/Page-Vlink-Sale/input_COF Transaction Initiated by_cof_tran_6cded5'

2024-05-27 19:02:01 - [TEST_STEP][PASSED] - click(findTestObject("Object Repository/RecAndPlayBk/Page-Vlink-Sale/input")): Object: 'Object Repository/RecAndPlayBk/Page-Vlink-Sale/input' is clicked on

2024-05-27 19:02:02 - [MESSAGE][PASSED] - Object: 'Object Repository/RecAndPlayBk/Page-Vlink-Sale/input' is clicked on

2024-05-27 19:02:02 - [TEST_STEP][PASSED] - if (verifyTextPresent("Transaction approved, no errors", true)): null

2024-05-27 19:02:03 - [MESSAGE][PASSED] - Text 'Transaction approved, no errors' is present on page  using regular expression

2024-05-27 19:02:03 - [TEST_STEP][PASSED] - println("Transaction Approved, no errors text is present on the Confirmation page"): null

2024-05-27 19:02:03 - [TEST_STEP][PASSED] - out.println("Pass Record Number: " + row): null

2024-05-27 19:02:03 - [TEST_STEP][PASSED] - resText = "Pass": null

2024-05-27 19:02:03 - [TEST_STEP][PASSED] - pages.WriteExcel.demoKey(resText, datText, resColumn, datCloumn, fileLoc, nameSheet, row): pages.WriteExcel.demoKey is PASSED

2024-05-27 19:02:03 - [MESSAGE][PASSED] - pages.WriteExcel.demoKey is PASSED

2024-05-27 19:02:03 - [TEST_STEP][PASSED] - ExecuteTC = findTestData(dataFile).getValue("Execute", row): null

2024-05-27 19:02:03 - [TEST_STEP][PASSED] - out.println("Value of Execute is : " + ExecuteTC): null

2024-05-27 19:02:03 - [TEST_STEP][PASSED] - switch (executionProfile): null

2024-05-27 19:02:03 - [TEST_STEP][PASSED] - case "DemoProfile":: null

2024-05-27 19:02:03 - [TEST_STEP][PASSED] - appID = findTestData(dataFile).getValue("AppIDDemo", row): null

2024-05-27 19:02:03 - [TEST_STEP][PASSED] - username = findTestData(dataFile).getValue("UsernameDemo", row): null

2024-05-27 19:02:03 - [TEST_STEP][PASSED] - password = findTestData(dataFile).getValue("PasswordDemo", row): null

2024-05-27 19:02:03 - [TEST_STEP][PASSED] - break: null

2024-05-27 19:02:03 - [TEST_STEP][PASSED] - if (ExecuteTC.equalsIgnoreCase("Y")): null

2024-05-27 19:02:03 - [TEST_STEP][PASSED] - out.println("Begin Record Number: " + row): null

2024-05-27 19:02:03 - [TEST_STEP][PASSED] - today = new java.util.Date(): null

2024-05-27 19:02:03 - [TEST_STEP][PASSED] - println(today): null

2024-05-27 19:02:03 - [TEST_STEP][PASSED] - datText = today: null

2024-05-27 19:02:03 - [TEST_STEP][PASSED] - category = findTestData(dataFile).getValue("Category", row): null

2024-05-27 19:02:03 - [TEST_STEP][PASSED] - amount = findTestData(dataFile).getValue("Amount", row): null

2024-05-27 19:02:03 - [TEST_STEP][PASSED] - cardNumber = findTestData(dataFile).getValue("CardNumber", row): null

2024-05-27 19:02:03 - [TEST_STEP][PASSED] - exM = findTestData(dataFile).getValue("ExM", row): null

2024-05-27 19:02:04 - [TEST_STEP][PASSED] - exY = findTestData(dataFile).getValue("ExY", row): null

2024-05-27 19:02:04 - [TEST_STEP][PASSED] - openBrowser(VLinkURL + "authcap.html"): Browser is opened with url: 'https://dev-algorithm.govolution.com/vlinktest/demo/version_2_0/authcap.html'

2024-05-27 19:02:04 - [MESSAGE][WARNING] - A browser is already opened. Closing browser and opening a new one

2024-05-27 19:02:05 - [MESSAGE][INFO] - Starting 'Chrome' driver

2024-05-27 19:02:05 - [MESSAGE][INFO] - User set preference: ['acceptInsecureCerts', 'true']

2024-05-27 19:02:05 - [MESSAGE][INFO] - Action delay is set to 0 milliseconds

2024-05-27 19:02:07 - [MESSAGE][PASSED] - Browser is opened with url: 'https://dev-algorithm.govolution.com/vlinktest/demo/version_2_0/authcap.html'

2024-05-27 19:02:07 - [TEST_STEP][PASSED] - maximizeWindow(): Current window maximized

2024-05-27 19:02:07 - [MESSAGE][PASSED] - Current window maximized

2024-05-27 19:02:07 - [TEST_STEP][PASSED] - maximizeWindow(): Current window maximized

2024-05-27 19:02:07 - [MESSAGE][PASSED] - Current window maximized

2024-05-27 19:02:07 - [TEST_STEP][PASSED] - genRemID = RandomStringUtils.random(12, true, true): null

2024-05-27 19:02:07 - [TEST_STEP][PASSED] - setText(findTestObject("Object Repository/RecAndPlayBk/Page-Vlink-Sale/input_Remittance Id_remittance_id"), genRemID): Text 'kyuoyvFVWbfc' is set on object 'Object Repository/RecAndPlayBk/Page-Vlink-Sale/input_Remittance Id_remittance_id'

2024-05-27 19:02:08 - [MESSAGE][PASSED] - Text 'kyuoyvFVWbfc' is set on object 'Object Repository/RecAndPlayBk/Page-Vlink-Sale/input_Remittance Id_remittance_id'

2024-05-27 19:02:08 - [TEST_STEP][PASSED] - setText(findTestObject("Object Repository/RecAndPlayBk/Page-Vlink-Sale/input_Application Id_application_id"), appID): Text '3136' is set on object 'Object Repository/RecAndPlayBk/Page-Vlink-Sale/input_Application Id_application_id'

2024-05-27 19:02:09 - [MESSAGE][PASSED] - Text '3136' is set on object 'Object Repository/RecAndPlayBk/Page-Vlink-Sale/input_Application Id_application_id'

2024-05-27 19:02:09 - [TEST_STEP][PASSED] - setText(findTestObject("Object Repository/RecAndPlayBk/Page-Vlink-Sale/input_Username_username"), username): Text 'user3136' is set on object 'Object Repository/RecAndPlayBk/Page-Vlink-Sale/input_Username_username'

2024-05-27 19:02:09 - [MESSAGE][PASSED] - Text 'user3136' is set on object 'Object Repository/RecAndPlayBk/Page-Vlink-Sale/input_Username_username'

2024-05-27 19:02:09 - [TEST_STEP][PASSED] - setText(findTestObject("Object Repository/RecAndPlayBk/Page-Vlink-Sale/input_Password_password"), password): Text 'pwd3136' is set on object 'Object Repository/RecAndPlayBk/Page-Vlink-Sale/input_Password_password'

2024-05-27 19:02:10 - [MESSAGE][PASSED] - Text 'pwd3136' is set on object 'Object Repository/RecAndPlayBk/Page-Vlink-Sale/input_Password_password'

2024-05-27 19:02:10 - [TEST_STEP][PASSED] - setText(findTestObject("Object Repository/RecAndPlayBk/Page-Vlink-Sale/input_Category_category"), category): Text 'ECOM' is set on object 'Object Repository/RecAndPlayBk/Page-Vlink-Sale/input_Category_category'

2024-05-27 19:02:11 - [MESSAGE][PASSED] - Text 'ECOM' is set on object 'Object Repository/RecAndPlayBk/Page-Vlink-Sale/input_Category_category'

2024-05-27 19:02:11 - [TEST_STEP][PASSED] - setText(findTestObject("Object Repository/RecAndPlayBk/Page-Vlink-Sale/input_Amount_amount"), amount): Text '10.5' is set on object 'Object Repository/RecAndPlayBk/Page-Vlink-Sale/input_Amount_amount'

2024-05-27 19:02:11 - [MESSAGE][PASSED] - Text '10.5' is set on object 'Object Repository/RecAndPlayBk/Page-Vlink-Sale/input_Amount_amount'

2024-05-27 19:02:11 - [TEST_STEP][PASSED] - doubleClick(findTestObject("Object Repository/RecAndPlayBk/Page-Vlink-Sale/input_Card number_card_number")): Object: 'Object Repository/RecAndPlayBk/Page-Vlink-Sale/input_Card number_card_number' is double clicked on

2024-05-27 19:02:12 - [MESSAGE][PASSED] - Object: 'Object Repository/RecAndPlayBk/Page-Vlink-Sale/input_Card number_card_number' is double clicked on

2024-05-27 19:02:12 - [TEST_STEP][PASSED] - setText(findTestObject("Object Repository/RecAndPlayBk/Page-Vlink-Sale/input_Card number_card_number"), cardNumber): Text '5146312200000035' is set on object 'Object Repository/RecAndPlayBk/Page-Vlink-Sale/input_Card number_card_number'

2024-05-27 19:02:12 - [MESSAGE][PASSED] - Text '5146312200000035' is set on object 'Object Repository/RecAndPlayBk/Page-Vlink-Sale/input_Card number_card_number'

2024-05-27 19:02:12 - [TEST_STEP][PASSED] - setText(findTestObject("Object Repository/RecAndPlayBk/Page-Vlink-Sale/input_Card ex month_card_exmo"), exM): Text '12' is set on object 'Object Repository/RecAndPlayBk/Page-Vlink-Sale/input_Card ex month_card_exmo'

2024-05-27 19:02:13 - [MESSAGE][PASSED] - Text '12' is set on object 'Object Repository/RecAndPlayBk/Page-Vlink-Sale/input_Card ex month_card_exmo'

2024-05-27 19:02:13 - [TEST_STEP][PASSED] - setText(findTestObject("Object Repository/RecAndPlayBk/Page-Vlink-Sale/input_Card ex year_card_exyr"), exY): Text '2029' is set on object 'Object Repository/RecAndPlayBk/Page-Vlink-Sale/input_Card ex year_card_exyr'

2024-05-27 19:02:14 - [MESSAGE][PASSED] - Text '2029' is set on object 'Object Repository/RecAndPlayBk/Page-Vlink-Sale/input_Card ex year_card_exyr'

2024-05-27 19:02:14 - [TEST_STEP][PASSED] - click(findTestObject("Object Repository/RecAndPlayBk/Page-Vlink-Sale/input_Track Data_track_data")): Object: 'Object Repository/RecAndPlayBk/Page-Vlink-Sale/input_Track Data_track_data' is clicked on

2024-05-27 19:02:14 - [MESSAGE][PASSED] - Object: 'Object Repository/RecAndPlayBk/Page-Vlink-Sale/input_Track Data_track_data' is clicked on

2024-05-27 19:02:14 - [TEST_STEP][PASSED] - click(findTestObject("Object Repository/RecAndPlayBk/Page-Vlink-Sale/input_CVV state_cvv_state")): Object: 'Object Repository/RecAndPlayBk/Page-Vlink-Sale/input_CVV state_cvv_state' is clicked on

2024-05-27 19:02:15 - [MESSAGE][PASSED] - Object: 'Object Repository/RecAndPlayBk/Page-Vlink-Sale/input_CVV state_cvv_state' is clicked on

2024-05-27 19:02:15 - [TEST_STEP][PASSED] - setText(findTestObject("Object Repository/RecAndPlayBk/Page-Vlink-Sale/input_Track Data_track_data"), ""): Text '' is set on object 'Object Repository/RecAndPlayBk/Page-Vlink-Sale/input_Track Data_track_data'

2024-05-27 19:02:16 - [MESSAGE][PASSED] - Text '' is set on object 'Object Repository/RecAndPlayBk/Page-Vlink-Sale/input_Track Data_track_data'

2024-05-27 19:02:16 - [TEST_STEP][PASSED] - setText(findTestObject("Object Repository/RecAndPlayBk/Page-Vlink-Sale/input_concat(Cardholder, , s email)_email"), ""): Text '' is set on object 'Object Repository/RecAndPlayBk/Page-Vlink-Sale/input_concat(Cardholder, , s email)_email'

2024-05-27 19:02:16 - [MESSAGE][PASSED] - Text '' is set on object 'Object Repository/RecAndPlayBk/Page-Vlink-Sale/input_concat(Cardholder, , s email)_email'

2024-05-27 19:02:16 - [TEST_STEP][PASSED] - click(findTestObject("Object Repository/RecAndPlayBk/Page-Vlink-Sale/input_user_defined10_user_defined10")): Object: 'Object Repository/RecAndPlayBk/Page-Vlink-Sale/input_user_defined10_user_defined10' is clicked on

2024-05-27 19:02:17 - [MESSAGE][PASSED] - Object: 'Object Repository/RecAndPlayBk/Page-Vlink-Sale/input_user_defined10_user_defined10' is clicked on

2024-05-27 19:02:17 - [TEST_STEP][PASSED] - if (executionProfile.equalsIgnoreCase("QAProfile") || executionProfile.equalsIgnoreCase("DemoProfile")): Text '' is set on object 'Object Repository/RecAndPlayBk/Page-Vlink-Sale/input_COF Transaction Initiated by_cof_tran_6cded5'

2024-05-27 19:02:17 - [TEST_STEP][PASSED] - setText(findTestObject("Object Repository/RecAndPlayBk/Page-Vlink-Sale/input_Card on File Indicator_card_on_file_i_157dae"), ""): Text '' is set on object 'Object Repository/RecAndPlayBk/Page-Vlink-Sale/input_Card on File Indicator_card_on_file_i_157dae'

2024-05-27 19:02:18 - [MESSAGE][PASSED] - Text '' is set on object 'Object Repository/RecAndPlayBk/Page-Vlink-Sale/input_Card on File Indicator_card_on_file_i_157dae'

2024-05-27 19:02:18 - [TEST_STEP][PASSED] - setText(findTestObject("Object Repository/RecAndPlayBk/Page-Vlink-Sale/input_Stored Credential Indicator_stored_cr_4ae73c"), ""): Text '' is set on object 'Object Repository/RecAndPlayBk/Page-Vlink-Sale/input_Stored Credential Indicator_stored_cr_4ae73c'

2024-05-27 19:02:18 - [MESSAGE][PASSED] - Text '' is set on object 'Object Repository/RecAndPlayBk/Page-Vlink-Sale/input_Stored Credential Indicator_stored_cr_4ae73c'

2024-05-27 19:02:18 - [TEST_STEP][PASSED] - setText(findTestObject("Object Repository/RecAndPlayBk/Page-Vlink-Sale/input_COF Scheduled indicator_cof_scheduled_8df7d8"), ""): Text '' is set on object 'Object Repository/RecAndPlayBk/Page-Vlink-Sale/input_COF Scheduled indicator_cof_scheduled_8df7d8'

2024-05-27 19:02:19 - [MESSAGE][PASSED] - Text '' is set on object 'Object Repository/RecAndPlayBk/Page-Vlink-Sale/input_COF Scheduled indicator_cof_scheduled_8df7d8'

2024-05-27 19:02:19 - [TEST_STEP][PASSED] - setText(findTestObject("Object Repository/RecAndPlayBk/Page-Vlink-Sale/input_COF Transaction Initiated by_cof_tran_6cded5"), ""): Text '' is set on object 'Object Repository/RecAndPlayBk/Page-Vlink-Sale/input_COF Transaction Initiated by_cof_tran_6cded5'

2024-05-27 19:02:20 - [MESSAGE][PASSED] - Text '' is set on object 'Object Repository/RecAndPlayBk/Page-Vlink-Sale/input_COF Transaction Initiated by_cof_tran_6cded5'

2024-05-27 19:02:20 - [TEST_STEP][PASSED] - click(findTestObject("Object Repository/RecAndPlayBk/Page-Vlink-Sale/input")): Object: 'Object Repository/RecAndPlayBk/Page-Vlink-Sale/input' is clicked on

2024-05-27 19:02:21 - [MESSAGE][PASSED] - Object: 'Object Repository/RecAndPlayBk/Page-Vlink-Sale/input' is clicked on

2024-05-27 19:02:21 - [TEST_STEP][PASSED] - if (verifyTextPresent("Transaction approved, no errors", true)): null

2024-05-27 19:02:21 - [MESSAGE][PASSED] - Text 'Transaction approved, no errors' is present on page  using regular expression

2024-05-27 19:02:21 - [TEST_STEP][PASSED] - println("Transaction Approved, no errors text is present on the Confirmation page"): null

2024-05-27 19:02:21 - [TEST_STEP][PASSED] - out.println("Pass Record Number: " + row): null

2024-05-27 19:02:21 - [TEST_STEP][PASSED] - resText = "Pass": null

2024-05-27 19:02:21 - [TEST_STEP][PASSED] - pages.WriteExcel.demoKey(resText, datText, resColumn, datCloumn, fileLoc, nameSheet, row): pages.WriteExcel.demoKey is PASSED

2024-05-27 19:02:21 - [MESSAGE][PASSED] - pages.WriteExcel.demoKey is PASSED

2024-05-27 19:02:21 - [TEST_STEP][PASSED] - ExecuteTC = findTestData(dataFile).getValue("Execute", row): null

2024-05-27 19:02:22 - [TEST_STEP][PASSED] - out.println("Value of Execute is : " + ExecuteTC): null

2024-05-27 19:02:22 - [TEST_STEP][PASSED] - switch (executionProfile): null

2024-05-27 19:02:22 - [TEST_STEP][PASSED] - case "DemoProfile":: null

2024-05-27 19:02:22 - [TEST_STEP][PASSED] - appID = findTestData(dataFile).getValue("AppIDDemo", row): null

2024-05-27 19:02:22 - [TEST_STEP][PASSED] - username = findTestData(dataFile).getValue("UsernameDemo", row): null

2024-05-27 19:02:22 - [TEST_STEP][PASSED] - password = findTestData(dataFile).getValue("PasswordDemo", row): null

2024-05-27 19:02:22 - [TEST_STEP][PASSED] - break: null

2024-05-27 19:02:22 - [TEST_STEP][PASSED] - if (ExecuteTC.equalsIgnoreCase("Y")): null

2024-05-27 19:02:22 - [TEST_STEP][PASSED] - out.println("Begin Record Number: " + row): null

2024-05-27 19:02:22 - [TEST_STEP][PASSED] - today = new java.util.Date(): null

2024-05-27 19:02:22 - [TEST_STEP][PASSED] - println(today): null

2024-05-27 19:02:22 - [TEST_STEP][PASSED] - datText = today: null

2024-05-27 19:02:22 - [TEST_STEP][PASSED] - category = findTestData(dataFile).getValue("Category", row): null

2024-05-27 19:02:22 - [TEST_STEP][PASSED] - amount = findTestData(dataFile).getValue("Amount", row): null

2024-05-27 19:02:22 - [TEST_STEP][PASSED] - cardNumber = findTestData(dataFile).getValue("CardNumber", row): null

2024-05-27 19:02:22 - [TEST_STEP][PASSED] - exM = findTestData(dataFile).getValue("ExM", row): null

2024-05-27 19:02:22 - [TEST_STEP][PASSED] - exY = findTestData(dataFile).getValue("ExY", row): null

2024-05-27 19:02:22 - [TEST_STEP][PASSED] - openBrowser(VLinkURL + "authcap.html"): Browser is opened with url: 'https://dev-algorithm.govolution.com/vlinktest/demo/version_2_0/authcap.html'

2024-05-27 19:02:22 - [MESSAGE][WARNING] - A browser is already opened. Closing browser and opening a new one

2024-05-27 19:02:24 - [MESSAGE][INFO] - Starting 'Chrome' driver

2024-05-27 19:02:24 - [MESSAGE][INFO] - User set preference: ['acceptInsecureCerts', 'true']

2024-05-27 19:02:24 - [MESSAGE][INFO] - Action delay is set to 0 milliseconds

2024-05-27 19:02:26 - [MESSAGE][PASSED] - Browser is opened with url: 'https://dev-algorithm.govolution.com/vlinktest/demo/version_2_0/authcap.html'

2024-05-27 19:02:26 - [TEST_STEP][PASSED] - maximizeWindow(): Current window maximized

2024-05-27 19:02:26 - [MESSAGE][PASSED] - Current window maximized

2024-05-27 19:02:26 - [TEST_STEP][PASSED] - maximizeWindow(): Current window maximized

2024-05-27 19:02:26 - [MESSAGE][PASSED] - Current window maximized

2024-05-27 19:02:26 - [TEST_STEP][PASSED] - genRemID = RandomStringUtils.random(12, true, true): null

2024-05-27 19:02:26 - [TEST_STEP][PASSED] - setText(findTestObject("Object Repository/RecAndPlayBk/Page-Vlink-Sale/input_Remittance Id_remittance_id"), genRemID): Text 's8yAZr2lLy7C' is set on object 'Object Repository/RecAndPlayBk/Page-Vlink-Sale/input_Remittance Id_remittance_id'

2024-05-27 19:02:27 - [MESSAGE][PASSED] - Text 's8yAZr2lLy7C' is set on object 'Object Repository/RecAndPlayBk/Page-Vlink-Sale/input_Remittance Id_remittance_id'

2024-05-27 19:02:27 - [TEST_STEP][PASSED] - setText(findTestObject("Object Repository/RecAndPlayBk/Page-Vlink-Sale/input_Application Id_application_id"), appID): Text '4494' is set on object 'Object Repository/RecAndPlayBk/Page-Vlink-Sale/input_Application Id_application_id'

2024-05-27 19:02:27 - [MESSAGE][PASSED] - Text '4494' is set on object 'Object Repository/RecAndPlayBk/Page-Vlink-Sale/input_Application Id_application_id'

2024-05-27 19:02:27 - [TEST_STEP][PASSED] - setText(findTestObject("Object Repository/RecAndPlayBk/Page-Vlink-Sale/input_Username_username"), username): Text 'user4494' is set on object 'Object Repository/RecAndPlayBk/Page-Vlink-Sale/input_Username_username'

2024-05-27 19:02:28 - [MESSAGE][PASSED] - Text 'user4494' is set on object 'Object Repository/RecAndPlayBk/Page-Vlink-Sale/input_Username_username'

2024-05-27 19:02:28 - [TEST_STEP][PASSED] - setText(findTestObject("Object Repository/RecAndPlayBk/Page-Vlink-Sale/input_Password_password"), password): Text 'pwd4494' is set on object 'Object Repository/RecAndPlayBk/Page-Vlink-Sale/input_Password_password'

2024-05-27 19:02:29 - [MESSAGE][PASSED] - Text 'pwd4494' is set on object 'Object Repository/RecAndPlayBk/Page-Vlink-Sale/input_Password_password'

2024-05-27 19:02:29 - [TEST_STEP][PASSED] - setText(findTestObject("Object Repository/RecAndPlayBk/Page-Vlink-Sale/input_Category_category"), category): Text 'ECOM' is set on object 'Object Repository/RecAndPlayBk/Page-Vlink-Sale/input_Category_category'

2024-05-27 19:02:29 - [MESSAGE][PASSED] - Text 'ECOM' is set on object 'Object Repository/RecAndPlayBk/Page-Vlink-Sale/input_Category_category'

2024-05-27 19:02:29 - [TEST_STEP][PASSED] - setText(findTestObject("Object Repository/RecAndPlayBk/Page-Vlink-Sale/input_Amount_amount"), amount): Text '10.5' is set on object 'Object Repository/RecAndPlayBk/Page-Vlink-Sale/input_Amount_amount'

2024-05-27 19:02:30 - [MESSAGE][PASSED] - Text '10.5' is set on object 'Object Repository/RecAndPlayBk/Page-Vlink-Sale/input_Amount_amount'

2024-05-27 19:02:30 - [TEST_STEP][PASSED] - doubleClick(findTestObject("Object Repository/RecAndPlayBk/Page-Vlink-Sale/input_Card number_card_number")): Object: 'Object Repository/RecAndPlayBk/Page-Vlink-Sale/input_Card number_card_number' is double clicked on

2024-05-27 19:02:31 - [MESSAGE][PASSED] - Object: 'Object Repository/RecAndPlayBk/Page-Vlink-Sale/input_Card number_card_number' is double clicked on

2024-05-27 19:02:31 - [TEST_STEP][PASSED] - setText(findTestObject("Object Repository/RecAndPlayBk/Page-Vlink-Sale/input_Card number_card_number"), cardNumber): Text '4761739001010135' is set on object 'Object Repository/RecAndPlayBk/Page-Vlink-Sale/input_Card number_card_number'

2024-05-27 19:02:31 - [MESSAGE][PASSED] - Text '4761739001010135' is set on object 'Object Repository/RecAndPlayBk/Page-Vlink-Sale/input_Card number_card_number'

2024-05-27 19:02:31 - [TEST_STEP][PASSED] - setText(findTestObject("Object Repository/RecAndPlayBk/Page-Vlink-Sale/input_Card ex month_card_exmo"), exM): Text '12' is set on object 'Object Repository/RecAndPlayBk/Page-Vlink-Sale/input_Card ex month_card_exmo'

2024-05-27 19:02:32 - [MESSAGE][PASSED] - Text '12' is set on object 'Object Repository/RecAndPlayBk/Page-Vlink-Sale/input_Card ex month_card_exmo'

2024-05-27 19:02:32 - [TEST_STEP][PASSED] - setText(findTestObject("Object Repository/RecAndPlayBk/Page-Vlink-Sale/input_Card ex year_card_exyr"), exY): Text '2029' is set on object 'Object Repository/RecAndPlayBk/Page-Vlink-Sale/input_Card ex year_card_exyr'

2024-05-27 19:02:33 - [MESSAGE][PASSED] - Text '2029' is set on object 'Object Repository/RecAndPlayBk/Page-Vlink-Sale/input_Card ex year_card_exyr'

2024-05-27 19:02:33 - [TEST_STEP][PASSED] - click(findTestObject("Object Repository/RecAndPlayBk/Page-Vlink-Sale/input_Track Data_track_data")): Object: 'Object Repository/RecAndPlayBk/Page-Vlink-Sale/input_Track Data_track_data' is clicked on

2024-05-27 19:02:33 - [MESSAGE][PASSED] - Object: 'Object Repository/RecAndPlayBk/Page-Vlink-Sale/input_Track Data_track_data' is clicked on

2024-05-27 19:02:33 - [TEST_STEP][PASSED] - click(findTestObject("Object Repository/RecAndPlayBk/Page-Vlink-Sale/input_CVV state_cvv_state")): Object: 'Object Repository/RecAndPlayBk/Page-Vlink-Sale/input_CVV state_cvv_state' is clicked on

2024-05-27 19:02:34 - [MESSAGE][PASSED] - Object: 'Object Repository/RecAndPlayBk/Page-Vlink-Sale/input_CVV state_cvv_state' is clicked on

2024-05-27 19:02:34 - [TEST_STEP][PASSED] - setText(findTestObject("Object Repository/RecAndPlayBk/Page-Vlink-Sale/input_Track Data_track_data"), ""): Text '' is set on object 'Object Repository/RecAndPlayBk/Page-Vlink-Sale/input_Track Data_track_data'

2024-05-27 19:02:35 - [MESSAGE][PASSED] - Text '' is set on object 'Object Repository/RecAndPlayBk/Page-Vlink-Sale/input_Track Data_track_data'

2024-05-27 19:02:35 - [TEST_STEP][PASSED] - setText(findTestObject("Object Repository/RecAndPlayBk/Page-Vlink-Sale/input_concat(Cardholder, , s email)_email"), ""): Text '' is set on object 'Object Repository/RecAndPlayBk/Page-Vlink-Sale/input_concat(Cardholder, , s email)_email'

2024-05-27 19:02:35 - [MESSAGE][PASSED] - Text '' is set on object 'Object Repository/RecAndPlayBk/Page-Vlink-Sale/input_concat(Cardholder, , s email)_email'

2024-05-27 19:02:35 - [TEST_STEP][PASSED] - click(findTestObject("Object Repository/RecAndPlayBk/Page-Vlink-Sale/input_user_defined10_user_defined10")): Object: 'Object Repository/RecAndPlayBk/Page-Vlink-Sale/input_user_defined10_user_defined10' is clicked on

2024-05-27 19:02:36 - [MESSAGE][PASSED] - Object: 'Object Repository/RecAndPlayBk/Page-Vlink-Sale/input_user_defined10_user_defined10' is clicked on

2024-05-27 19:02:36 - [TEST_STEP][PASSED] - if (executionProfile.equalsIgnoreCase("QAProfile") || executionProfile.equalsIgnoreCase("DemoProfile")): Text '' is set on object 'Object Repository/RecAndPlayBk/Page-Vlink-Sale/input_COF Transaction Initiated by_cof_tran_6cded5'

2024-05-27 19:02:36 - [TEST_STEP][PASSED] - setText(findTestObject("Object Repository/RecAndPlayBk/Page-Vlink-Sale/input_Card on File Indicator_card_on_file_i_157dae"), ""): Text '' is set on object 'Object Repository/RecAndPlayBk/Page-Vlink-Sale/input_Card on File Indicator_card_on_file_i_157dae'

2024-05-27 19:02:37 - [MESSAGE][PASSED] - Text '' is set on object 'Object Repository/RecAndPlayBk/Page-Vlink-Sale/input_Card on File Indicator_card_on_file_i_157dae'

2024-05-27 19:02:37 - [TEST_STEP][PASSED] - setText(findTestObject("Object Repository/RecAndPlayBk/Page-Vlink-Sale/input_Stored Credential Indicator_stored_cr_4ae73c"), ""): Text '' is set on object 'Object Repository/RecAndPlayBk/Page-Vlink-Sale/input_Stored Credential Indicator_stored_cr_4ae73c'

2024-05-27 19:02:37 - [MESSAGE][PASSED] - Text '' is set on object 'Object Repository/RecAndPlayBk/Page-Vlink-Sale/input_Stored Credential Indicator_stored_cr_4ae73c'

2024-05-27 19:02:37 - [TEST_STEP][PASSED] - setText(findTestObject("Object Repository/RecAndPlayBk/Page-Vlink-Sale/input_COF Scheduled indicator_cof_scheduled_8df7d8"), ""): Text '' is set on object 'Object Repository/RecAndPlayBk/Page-Vlink-Sale/input_COF Scheduled indicator_cof_scheduled_8df7d8'

2024-05-27 19:02:38 - [MESSAGE][PASSED] - Text '' is set on object 'Object Repository/RecAndPlayBk/Page-Vlink-Sale/input_COF Scheduled indicator_cof_scheduled_8df7d8'

2024-05-27 19:02:38 - [TEST_STEP][PASSED] - setText(findTestObject("Object Repository/RecAndPlayBk/Page-Vlink-Sale/input_COF Transaction Initiated by_cof_tran_6cded5"), ""): Text '' is set on object 'Object Repository/RecAndPlayBk/Page-Vlink-Sale/input_COF Transaction Initiated by_cof_tran_6cded5'

2024-05-27 19:02:39 - [MESSAGE][PASSED] - Text '' is set on object 'Object Repository/RecAndPlayBk/Page-Vlink-Sale/input_COF Transaction Initiated by_cof_tran_6cded5'

2024-05-27 19:02:39 - [TEST_STEP][PASSED] - click(findTestObject("Object Repository/RecAndPlayBk/Page-Vlink-Sale/input")): Object: 'Object Repository/RecAndPlayBk/Page-Vlink-Sale/input' is clicked on

2024-05-27 19:02:41 - [MESSAGE][PASSED] - Object: 'Object Repository/RecAndPlayBk/Page-Vlink-Sale/input' is clicked on

2024-05-27 19:02:41 - [TEST_STEP][PASSED] - if (verifyTextPresent("Transaction approved, no errors", true)): null

2024-05-27 19:02:41 - [MESSAGE][PASSED] - Text 'Transaction approved, no errors' is present on page  using regular expression

2024-05-27 19:02:41 - [TEST_STEP][PASSED] - println("Transaction Approved, no errors text is present on the Confirmation page"): null

2024-05-27 19:02:41 - [TEST_STEP][PASSED] - out.println("Pass Record Number: " + row): null

2024-05-27 19:02:41 - [TEST_STEP][PASSED] - resText = "Pass": null

2024-05-27 19:02:41 - [TEST_STEP][PASSED] - pages.WriteExcel.demoKey(resText, datText, resColumn, datCloumn, fileLoc, nameSheet, row): pages.WriteExcel.demoKey is PASSED

2024-05-27 19:02:41 - [MESSAGE][PASSED] - pages.WriteExcel.demoKey is PASSED]]></system-out>
         <system-err><![CDATA[]]></system-err>
      </testcase>
      <testcase name="Test Cases/RecAndPlayBk/VLink/Sale-Void" time="147.993" classname="Test Cases/RecAndPlayBk/VLink/Sale-Void" status="PASSED">
         <system-out><![CDATA[2024-05-27 19:02:41 - [TEST_CASE][PASSED] - Test Cases/RecAndPlayBk/VLink/Sale-Void: Test Cases/RecAndPlayBk/VLink/Sale-Void

2024-05-27 19:02:42 - [TEST_STEP][PASSED] - executionProfile = getExecutionProfile(): null

2024-05-27 19:02:42 - [TEST_STEP][PASSED] - out.println("executionProfile : " + executionProfile): null

2024-05-27 19:02:42 - [TEST_STEP][PASSED] - appName = <not implemented yet for class: org.codehaus.groovy.ast.expr.EmptyExpression>: null

2024-05-27 19:02:42 - [TEST_STEP][PASSED] - appID = <not implemented yet for class: org.codehaus.groovy.ast.expr.EmptyExpression>: null

2024-05-27 19:02:42 - [TEST_STEP][PASSED] - username = <not implemented yet for class: org.codehaus.groovy.ast.expr.EmptyExpression>: null

2024-05-27 19:02:42 - [TEST_STEP][PASSED] - password = <not implemented yet for class: org.codehaus.groovy.ast.expr.EmptyExpression>: null

2024-05-27 19:02:42 - [TEST_STEP][PASSED] - cardNameV = <not implemented yet for class: org.codehaus.groovy.ast.expr.EmptyExpression>: null

2024-05-27 19:02:42 - [TEST_STEP][PASSED] - al1V = <not implemented yet for class: org.codehaus.groovy.ast.expr.EmptyExpression>: null

2024-05-27 19:02:42 - [TEST_STEP][PASSED] - al2V = <not implemented yet for class: org.codehaus.groovy.ast.expr.EmptyExpression>: null

2024-05-27 19:02:42 - [TEST_STEP][PASSED] - zipV = <not implemented yet for class: org.codehaus.groovy.ast.expr.EmptyExpression>: null

2024-05-27 19:02:42 - [TEST_STEP][PASSED] - cardTypeV = <not implemented yet for class: org.codehaus.groovy.ast.expr.EmptyExpression>: null

2024-05-27 19:02:42 - [TEST_STEP][PASSED] - last4V = <not implemented yet for class: org.codehaus.groovy.ast.expr.EmptyExpression>: null

2024-05-27 19:02:42 - [TEST_STEP][PASSED] - resText = "Fail": null

2024-05-27 19:02:42 - [TEST_STEP][PASSED] - resColumn = "Result": null

2024-05-27 19:02:42 - [TEST_STEP][PASSED] - datCloumn = "Date": null

2024-05-27 19:02:42 - [TEST_STEP][PASSED] - fileLoc = "KatalonData/VLinkSmokeData.xlsx": null

2024-05-27 19:02:42 - [TEST_STEP][PASSED] - numOfRows = <not implemented yet for class: org.codehaus.groovy.ast.expr.EmptyExpression>: null

2024-05-27 19:02:42 - [TEST_STEP][PASSED] - dataFile = <not implemented yet for class: org.codehaus.groovy.ast.expr.EmptyExpression>: null

2024-05-27 19:02:42 - [TEST_STEP][PASSED] - nameSheet = <not implemented yet for class: org.codehaus.groovy.ast.expr.EmptyExpression>: null

2024-05-27 19:02:42 - [TEST_STEP][PASSED] - nameSheet = "Sale-Void": null

2024-05-27 19:02:42 - [TEST_STEP][PASSED] - numOfRows = findTestData("QA/VLinkTestData/VLinkSaleVoidData").getRowNumbers(): null

2024-05-27 19:02:42 - [TEST_STEP][PASSED] - println("Number of Records: " + numOfRows): null

2024-05-27 19:02:42 - [TEST_STEP][PASSED] - dataFile = "QA/VLinkTestData/VLinkSaleVoidData": null

2024-05-27 19:02:42 - [TEST_STEP][PASSED] - for ([row = 1, row <= numOfRows, (row++)]): null

2024-05-27 19:02:42 - [TEST_STEP][PASSED] - ExecuteTC = findTestData(dataFile).getValue("Execute", row): null

2024-05-27 19:02:42 - [TEST_STEP][PASSED] - out.println("Value of Execute is : " + ExecuteTC): null

2024-05-27 19:02:42 - [TEST_STEP][PASSED] - switch (executionProfile): null

2024-05-27 19:02:42 - [TEST_STEP][PASSED] - case "DemoProfile":: null

2024-05-27 19:02:42 - [TEST_STEP][PASSED] - appID = findTestData(dataFile).getValue("AppIDDemo", row): null

2024-05-27 19:02:42 - [TEST_STEP][PASSED] - username = findTestData(dataFile).getValue("UsernameDemo", row): null

2024-05-27 19:02:42 - [TEST_STEP][PASSED] - password = findTestData(dataFile).getValue("PasswordDemo", row): null

2024-05-27 19:02:42 - [TEST_STEP][PASSED] - break: null

2024-05-27 19:02:42 - [TEST_STEP][PASSED] - if (ExecuteTC.equalsIgnoreCase("Y")): null

2024-05-27 19:02:42 - [TEST_STEP][PASSED] - out.println("Begin Record Number: " + row): null

2024-05-27 19:02:42 - [TEST_STEP][PASSED] - today = new java.util.Date(): null

2024-05-27 19:02:42 - [TEST_STEP][PASSED] - println(today): null

2024-05-27 19:02:42 - [TEST_STEP][PASSED] - datText = today: null

2024-05-27 19:02:42 - [TEST_STEP][PASSED] - category = findTestData(dataFile).getValue("Category", row): null

2024-05-27 19:02:42 - [TEST_STEP][PASSED] - amount = findTestData(dataFile).getValue("Amount", row): null

2024-05-27 19:02:42 - [TEST_STEP][PASSED] - cardNumber = findTestData(dataFile).getValue("CardNumber", row): null

2024-05-27 19:02:42 - [TEST_STEP][PASSED] - exM = findTestData(dataFile).getValue("ExM", row): null

2024-05-27 19:02:42 - [TEST_STEP][PASSED] - exY = findTestData(dataFile).getValue("ExY", row): null

2024-05-27 19:02:43 - [TEST_STEP][PASSED] - openBrowser(VLinkURL + "authcap.html"): Browser is opened with url: 'https://dev-algorithm.govolution.com/vlinktest/demo/version_2_0/authcap.html'

2024-05-27 19:02:43 - [MESSAGE][WARNING] - A browser is already opened. Closing browser and opening a new one

2024-05-27 19:02:44 - [MESSAGE][INFO] - Starting 'Chrome' driver

2024-05-27 19:02:44 - [MESSAGE][INFO] - User set preference: ['acceptInsecureCerts', 'true']

2024-05-27 19:02:44 - [MESSAGE][INFO] - Action delay is set to 0 milliseconds

2024-05-27 19:02:46 - [MESSAGE][PASSED] - Browser is opened with url: 'https://dev-algorithm.govolution.com/vlinktest/demo/version_2_0/authcap.html'

2024-05-27 19:02:46 - [TEST_STEP][PASSED] - maximizeWindow(): Current window maximized

2024-05-27 19:02:46 - [MESSAGE][PASSED] - Current window maximized

2024-05-27 19:02:46 - [TEST_STEP][PASSED] - maximizeWindow(): Current window maximized

2024-05-27 19:02:46 - [MESSAGE][PASSED] - Current window maximized

2024-05-27 19:02:46 - [TEST_STEP][PASSED] - genRemID = RandomStringUtils.random(12, true, true): null

2024-05-27 19:02:46 - [TEST_STEP][PASSED] - setText(findTestObject("Object Repository/RecAndPlayBk/Page-Vlink-Sale/input_Remittance Id_remittance_id"), genRemID): Text 'Jc1EqziHcM9L' is set on object 'Object Repository/RecAndPlayBk/Page-Vlink-Sale/input_Remittance Id_remittance_id'

2024-05-27 19:02:47 - [MESSAGE][PASSED] - Text 'Jc1EqziHcM9L' is set on object 'Object Repository/RecAndPlayBk/Page-Vlink-Sale/input_Remittance Id_remittance_id'

2024-05-27 19:02:47 - [TEST_STEP][PASSED] - setText(findTestObject("Object Repository/RecAndPlayBk/Page-Vlink-Sale/input_Application Id_application_id"), appID): Text '1773' is set on object 'Object Repository/RecAndPlayBk/Page-Vlink-Sale/input_Application Id_application_id'

2024-05-27 19:02:48 - [MESSAGE][PASSED] - Text '1773' is set on object 'Object Repository/RecAndPlayBk/Page-Vlink-Sale/input_Application Id_application_id'

2024-05-27 19:02:48 - [TEST_STEP][PASSED] - setText(findTestObject("Object Repository/RecAndPlayBk/Page-Vlink-Sale/input_Username_username"), username): Text 'Qq2BV1qtr' is set on object 'Object Repository/RecAndPlayBk/Page-Vlink-Sale/input_Username_username'

2024-05-27 19:02:48 - [MESSAGE][PASSED] - Text 'Qq2BV1qtr' is set on object 'Object Repository/RecAndPlayBk/Page-Vlink-Sale/input_Username_username'

2024-05-27 19:02:48 - [TEST_STEP][PASSED] - setText(findTestObject("Object Repository/RecAndPlayBk/Page-Vlink-Sale/input_Password_password"), password): Text 'tUmWBiLUx' is set on object 'Object Repository/RecAndPlayBk/Page-Vlink-Sale/input_Password_password'

2024-05-27 19:02:49 - [MESSAGE][PASSED] - Text 'tUmWBiLUx' is set on object 'Object Repository/RecAndPlayBk/Page-Vlink-Sale/input_Password_password'

2024-05-27 19:02:49 - [TEST_STEP][PASSED] - setText(findTestObject("Object Repository/RecAndPlayBk/Page-Vlink-Sale/input_Category_category"), category): Text 'ECOM' is set on object 'Object Repository/RecAndPlayBk/Page-Vlink-Sale/input_Category_category'

2024-05-27 19:02:50 - [MESSAGE][PASSED] - Text 'ECOM' is set on object 'Object Repository/RecAndPlayBk/Page-Vlink-Sale/input_Category_category'

2024-05-27 19:02:50 - [TEST_STEP][PASSED] - setText(findTestObject("Object Repository/RecAndPlayBk/Page-Vlink-Sale/input_Amount_amount"), amount): Text '10.5' is set on object 'Object Repository/RecAndPlayBk/Page-Vlink-Sale/input_Amount_amount'

2024-05-27 19:02:50 - [MESSAGE][PASSED] - Text '10.5' is set on object 'Object Repository/RecAndPlayBk/Page-Vlink-Sale/input_Amount_amount'

2024-05-27 19:02:50 - [TEST_STEP][PASSED] - doubleClick(findTestObject("Object Repository/RecAndPlayBk/Page-Vlink-Sale/input_Card number_card_number")): Object: 'Object Repository/RecAndPlayBk/Page-Vlink-Sale/input_Card number_card_number' is double clicked on

2024-05-27 19:02:51 - [MESSAGE][PASSED] - Object: 'Object Repository/RecAndPlayBk/Page-Vlink-Sale/input_Card number_card_number' is double clicked on

2024-05-27 19:02:51 - [TEST_STEP][PASSED] - setText(findTestObject("Object Repository/RecAndPlayBk/Page-Vlink-Sale/input_Card number_card_number"), cardNumber): Text '4111111111111111' is set on object 'Object Repository/RecAndPlayBk/Page-Vlink-Sale/input_Card number_card_number'

2024-05-27 19:02:51 - [MESSAGE][PASSED] - Text '4111111111111111' is set on object 'Object Repository/RecAndPlayBk/Page-Vlink-Sale/input_Card number_card_number'

2024-05-27 19:02:51 - [TEST_STEP][PASSED] - setText(findTestObject("Object Repository/RecAndPlayBk/Page-Vlink-Sale/input_Card ex month_card_exmo"), exM): Text '12' is set on object 'Object Repository/RecAndPlayBk/Page-Vlink-Sale/input_Card ex month_card_exmo'

2024-05-27 19:02:52 - [MESSAGE][PASSED] - Text '12' is set on object 'Object Repository/RecAndPlayBk/Page-Vlink-Sale/input_Card ex month_card_exmo'

2024-05-27 19:02:52 - [TEST_STEP][PASSED] - setText(findTestObject("Object Repository/RecAndPlayBk/Page-Vlink-Sale/input_Card ex year_card_exyr"), exY): Text '2029' is set on object 'Object Repository/RecAndPlayBk/Page-Vlink-Sale/input_Card ex year_card_exyr'

2024-05-27 19:02:53 - [MESSAGE][PASSED] - Text '2029' is set on object 'Object Repository/RecAndPlayBk/Page-Vlink-Sale/input_Card ex year_card_exyr'

2024-05-27 19:02:53 - [TEST_STEP][PASSED] - click(findTestObject("Object Repository/RecAndPlayBk/Page-Vlink-Sale/input_Track Data_track_data")): Object: 'Object Repository/RecAndPlayBk/Page-Vlink-Sale/input_Track Data_track_data' is clicked on

2024-05-27 19:02:53 - [MESSAGE][PASSED] - Object: 'Object Repository/RecAndPlayBk/Page-Vlink-Sale/input_Track Data_track_data' is clicked on

2024-05-27 19:02:53 - [TEST_STEP][PASSED] - click(findTestObject("Object Repository/RecAndPlayBk/Page-Vlink-Sale/input_CVV state_cvv_state")): Object: 'Object Repository/RecAndPlayBk/Page-Vlink-Sale/input_CVV state_cvv_state' is clicked on

2024-05-27 19:02:54 - [MESSAGE][PASSED] - Object: 'Object Repository/RecAndPlayBk/Page-Vlink-Sale/input_CVV state_cvv_state' is clicked on

2024-05-27 19:02:54 - [TEST_STEP][PASSED] - setText(findTestObject("Object Repository/RecAndPlayBk/Page-Vlink-Sale/input_Track Data_track_data"), ""): Text '' is set on object 'Object Repository/RecAndPlayBk/Page-Vlink-Sale/input_Track Data_track_data'

2024-05-27 19:02:55 - [MESSAGE][PASSED] - Text '' is set on object 'Object Repository/RecAndPlayBk/Page-Vlink-Sale/input_Track Data_track_data'

2024-05-27 19:02:55 - [TEST_STEP][PASSED] - setText(findTestObject("Object Repository/RecAndPlayBk/Page-Vlink-Sale/input_concat(Cardholder, , s email)_email"), ""): Text '' is set on object 'Object Repository/RecAndPlayBk/Page-Vlink-Sale/input_concat(Cardholder, , s email)_email'

2024-05-27 19:02:55 - [MESSAGE][PASSED] - Text '' is set on object 'Object Repository/RecAndPlayBk/Page-Vlink-Sale/input_concat(Cardholder, , s email)_email'

2024-05-27 19:02:55 - [TEST_STEP][PASSED] - click(findTestObject("Object Repository/RecAndPlayBk/Page-Vlink-Sale/input_user_defined10_user_defined10")): Object: 'Object Repository/RecAndPlayBk/Page-Vlink-Sale/input_user_defined10_user_defined10' is clicked on

2024-05-27 19:02:56 - [MESSAGE][PASSED] - Object: 'Object Repository/RecAndPlayBk/Page-Vlink-Sale/input_user_defined10_user_defined10' is clicked on

2024-05-27 19:02:56 - [TEST_STEP][PASSED] - if (executionProfile.equalsIgnoreCase("QAProfile") || executionProfile.equalsIgnoreCase("DemoProfile")): Text '' is set on object 'Object Repository/RecAndPlayBk/Page-Vlink-Sale/input_COF Transaction Initiated by_cof_tran_6cded5'

2024-05-27 19:02:56 - [TEST_STEP][PASSED] - setText(findTestObject("Object Repository/RecAndPlayBk/Page-Vlink-Sale/input_Card on File Indicator_card_on_file_i_157dae"), ""): Text '' is set on object 'Object Repository/RecAndPlayBk/Page-Vlink-Sale/input_Card on File Indicator_card_on_file_i_157dae'

2024-05-27 19:02:57 - [MESSAGE][PASSED] - Text '' is set on object 'Object Repository/RecAndPlayBk/Page-Vlink-Sale/input_Card on File Indicator_card_on_file_i_157dae'

2024-05-27 19:02:57 - [TEST_STEP][PASSED] - setText(findTestObject("Object Repository/RecAndPlayBk/Page-Vlink-Sale/input_Stored Credential Indicator_stored_cr_4ae73c"), ""): Text '' is set on object 'Object Repository/RecAndPlayBk/Page-Vlink-Sale/input_Stored Credential Indicator_stored_cr_4ae73c'

2024-05-27 19:02:58 - [MESSAGE][PASSED] - Text '' is set on object 'Object Repository/RecAndPlayBk/Page-Vlink-Sale/input_Stored Credential Indicator_stored_cr_4ae73c'

2024-05-27 19:02:58 - [TEST_STEP][PASSED] - setText(findTestObject("Object Repository/RecAndPlayBk/Page-Vlink-Sale/input_COF Scheduled indicator_cof_scheduled_8df7d8"), ""): Text '' is set on object 'Object Repository/RecAndPlayBk/Page-Vlink-Sale/input_COF Scheduled indicator_cof_scheduled_8df7d8'

2024-05-27 19:02:58 - [MESSAGE][PASSED] - Text '' is set on object 'Object Repository/RecAndPlayBk/Page-Vlink-Sale/input_COF Scheduled indicator_cof_scheduled_8df7d8'

2024-05-27 19:02:58 - [TEST_STEP][PASSED] - setText(findTestObject("Object Repository/RecAndPlayBk/Page-Vlink-Sale/input_COF Transaction Initiated by_cof_tran_6cded5"), ""): Text '' is set on object 'Object Repository/RecAndPlayBk/Page-Vlink-Sale/input_COF Transaction Initiated by_cof_tran_6cded5'

2024-05-27 19:02:59 - [MESSAGE][PASSED] - Text '' is set on object 'Object Repository/RecAndPlayBk/Page-Vlink-Sale/input_COF Transaction Initiated by_cof_tran_6cded5'

2024-05-27 19:02:59 - [TEST_STEP][PASSED] - click(findTestObject("Object Repository/RecAndPlayBk/Page-Vlink-Sale/input")): Object: 'Object Repository/RecAndPlayBk/Page-Vlink-Sale/input' is clicked on

2024-05-27 19:03:00 - [MESSAGE][PASSED] - Object: 'Object Repository/RecAndPlayBk/Page-Vlink-Sale/input' is clicked on

2024-05-27 19:03:00 - [TEST_STEP][PASSED] - if (verifyTextPresent("Transaction approved, no errors", true)): null

2024-05-27 19:03:00 - [MESSAGE][PASSED] - Text 'Transaction approved, no errors' is present on page  using regular expression

2024-05-27 19:03:00 - [TEST_STEP][PASSED] - println("Transaction Approved, no errors text is present on the Confirmation page"): null

2024-05-27 19:03:00 - [TEST_STEP][PASSED] - sdfo = getText(findTestObject("Object Repository/Page_VLinkReceipt/pre_STX")): Text of object 'Object Repository/Page_VLinkReceipt/pre_STX' is: '<STX>Jc1EqziHcM9L                  2967754             0  Transaction approved, no errors                   0                                                                                  Y 457297536<ETX>'

2024-05-27 19:03:01 - [MESSAGE][PASSED] - Text of object 'Object Repository/Page_VLinkReceipt/pre_STX' is: '<STX>Jc1EqziHcM9L                  2967754             0  Transaction approved, no errors                   0                                                                                  Y 457297536<ETX>'

2024-05-27 19:03:01 - [TEST_STEP][PASSED] - out.println("sdfo: " + sdfo): null

2024-05-27 19:03:01 - [TEST_STEP][PASSED] - remID = substring(5, 35).trim(): null

2024-05-27 19:03:01 - [TEST_STEP][PASSED] - out.println("remID: " + remID): null

2024-05-27 19:03:01 - [TEST_STEP][PASSED] - traxID = substring(35, 55).trim(): null

2024-05-27 19:03:01 - [TEST_STEP][PASSED] - out.println("traxID: " + traxID): null

2024-05-27 19:03:01 - [TEST_STEP][PASSED] - VLinkSaleRemID = remID: null

2024-05-27 19:03:01 - [TEST_STEP][PASSED] - VLinkSaleTranxID = traxID: null

2024-05-27 19:03:01 - [TEST_STEP][PASSED] - openBrowser(VLinkURL + "CC_void.html"): Browser is opened with url: 'https://dev-algorithm.govolution.com/vlinktest/demo/version_2_0/CC_void.html'

2024-05-27 19:03:01 - [MESSAGE][WARNING] - A browser is already opened. Closing browser and opening a new one

2024-05-27 19:03:02 - [MESSAGE][INFO] - Starting 'Chrome' driver

2024-05-27 19:03:02 - [MESSAGE][INFO] - User set preference: ['acceptInsecureCerts', 'true']

2024-05-27 19:03:02 - [MESSAGE][INFO] - Action delay is set to 0 milliseconds

2024-05-27 19:03:04 - [MESSAGE][PASSED] - Browser is opened with url: 'https://dev-algorithm.govolution.com/vlinktest/demo/version_2_0/CC_void.html'

2024-05-27 19:03:04 - [TEST_STEP][PASSED] - maximizeWindow(): Current window maximized

2024-05-27 19:03:04 - [MESSAGE][PASSED] - Current window maximized

2024-05-27 19:03:04 - [TEST_STEP][PASSED] - setText(findTestObject("Object Repository/RecAndPlayBk/Page-Vlink-CC-Void/txt_RemID"), VLinkSaleRemID): Text 'Jc1EqziHcM9L' is set on object 'Object Repository/RecAndPlayBk/Page-Vlink-CC-Void/txt_RemID'

2024-05-27 19:03:05 - [MESSAGE][PASSED] - Text 'Jc1EqziHcM9L' is set on object 'Object Repository/RecAndPlayBk/Page-Vlink-CC-Void/txt_RemID'

2024-05-27 19:03:05 - [TEST_STEP][PASSED] - setText(findTestObject("Object Repository/RecAndPlayBk/Page-Vlink-CC-Void/txt_ApplicationID"), appID): Text '1773' is set on object 'Object Repository/RecAndPlayBk/Page-Vlink-CC-Void/txt_ApplicationID'

2024-05-27 19:03:06 - [MESSAGE][PASSED] - Text '1773' is set on object 'Object Repository/RecAndPlayBk/Page-Vlink-CC-Void/txt_ApplicationID'

2024-05-27 19:03:06 - [TEST_STEP][PASSED] - setText(findTestObject("Object Repository/RecAndPlayBk/Page-Vlink-CC-Void/txt_Username"), username): Text 'Qq2BV1qtr' is set on object 'Object Repository/RecAndPlayBk/Page-Vlink-CC-Void/txt_Username'

2024-05-27 19:03:06 - [MESSAGE][PASSED] - Text 'Qq2BV1qtr' is set on object 'Object Repository/RecAndPlayBk/Page-Vlink-CC-Void/txt_Username'

2024-05-27 19:03:06 - [TEST_STEP][PASSED] - setText(findTestObject("Object Repository/RecAndPlayBk/Page-Vlink-CC-Void/txt_Password"), password): Text 'tUmWBiLUx' is set on object 'Object Repository/RecAndPlayBk/Page-Vlink-CC-Void/txt_Password'

2024-05-27 19:03:07 - [MESSAGE][PASSED] - Text 'tUmWBiLUx' is set on object 'Object Repository/RecAndPlayBk/Page-Vlink-CC-Void/txt_Password'

2024-05-27 19:03:07 - [TEST_STEP][PASSED] - setText(findTestObject("Object Repository/RecAndPlayBk/Page-Vlink-CC-Void/txt_TransactionID"), VLinkSaleTranxID): Text '2967754' is set on object 'Object Repository/RecAndPlayBk/Page-Vlink-CC-Void/txt_TransactionID'

2024-05-27 19:03:08 - [MESSAGE][PASSED] - Text '2967754' is set on object 'Object Repository/RecAndPlayBk/Page-Vlink-CC-Void/txt_TransactionID'

2024-05-27 19:03:08 - [TEST_STEP][PASSED] - setText(findTestObject("Object Repository/RecAndPlayBk/Page-Vlink-CC-Void/txt_OriginalTransactionType"), "104"): Text '104' is set on object 'Object Repository/RecAndPlayBk/Page-Vlink-CC-Void/txt_OriginalTransactionType'

2024-05-27 19:03:09 - [MESSAGE][PASSED] - Text '104' is set on object 'Object Repository/RecAndPlayBk/Page-Vlink-CC-Void/txt_OriginalTransactionType'

2024-05-27 19:03:09 - [TEST_STEP][PASSED] - setText(findTestObject("Object Repository/RecAndPlayBk/Page-Vlink-CC-Void/txt_TrackData"), ""): Text '' is set on object 'Object Repository/RecAndPlayBk/Page-Vlink-CC-Void/txt_TrackData'

2024-05-27 19:03:09 - [MESSAGE][PASSED] - Text '' is set on object 'Object Repository/RecAndPlayBk/Page-Vlink-CC-Void/txt_TrackData'

2024-05-27 19:03:09 - [TEST_STEP][PASSED] - click(findTestObject("Object Repository/RecAndPlayBk/Page-Vlink-CC-Void/btn_ProcessVLinkTransaction")): Object: 'Object Repository/RecAndPlayBk/Page-Vlink-CC-Void/btn_ProcessVLinkTransaction' is clicked on

2024-05-27 19:03:10 - [MESSAGE][PASSED] - Object: 'Object Repository/RecAndPlayBk/Page-Vlink-CC-Void/btn_ProcessVLinkTransaction' is clicked on

2024-05-27 19:03:10 - [TEST_STEP][PASSED] - if (verifyTextPresent("Transaction approved, no errors", true)): null

2024-05-27 19:03:11 - [MESSAGE][PASSED] - Text 'Transaction approved, no errors' is present on page  using regular expression

2024-05-27 19:03:11 - [TEST_STEP][PASSED] - println("Transaction Approved, no errors text is present on the Confirmation page"): null

2024-05-27 19:03:11 - [TEST_STEP][PASSED] - out.println("Pass Record Number: " + row): null

2024-05-27 19:03:11 - [TEST_STEP][PASSED] - resText = "Pass": null

2024-05-27 19:03:11 - [TEST_STEP][PASSED] - pages.WriteExcel.demoKey(resText, datText, resColumn, datCloumn, fileLoc, nameSheet, row): pages.WriteExcel.demoKey is PASSED

2024-05-27 19:03:11 - [MESSAGE][PASSED] - pages.WriteExcel.demoKey is PASSED

2024-05-27 19:03:11 - [TEST_STEP][PASSED] - ExecuteTC = findTestData(dataFile).getValue("Execute", row): null

2024-05-27 19:03:11 - [TEST_STEP][PASSED] - out.println("Value of Execute is : " + ExecuteTC): null

2024-05-27 19:03:11 - [TEST_STEP][PASSED] - switch (executionProfile): null

2024-05-27 19:03:11 - [TEST_STEP][PASSED] - case "DemoProfile":: null

2024-05-27 19:03:11 - [TEST_STEP][PASSED] - appID = findTestData(dataFile).getValue("AppIDDemo", row): null

2024-05-27 19:03:11 - [TEST_STEP][PASSED] - username = findTestData(dataFile).getValue("UsernameDemo", row): null

2024-05-27 19:03:11 - [TEST_STEP][PASSED] - password = findTestData(dataFile).getValue("PasswordDemo", row): null

2024-05-27 19:03:11 - [TEST_STEP][PASSED] - break: null

2024-05-27 19:03:11 - [TEST_STEP][PASSED] - if (ExecuteTC.equalsIgnoreCase("Y")): null

2024-05-27 19:03:11 - [TEST_STEP][PASSED] - out.println("Begin Record Number: " + row): null

2024-05-27 19:03:11 - [TEST_STEP][PASSED] - today = new java.util.Date(): null

2024-05-27 19:03:11 - [TEST_STEP][PASSED] - println(today): null

2024-05-27 19:03:11 - [TEST_STEP][PASSED] - datText = today: null

2024-05-27 19:03:11 - [TEST_STEP][PASSED] - category = findTestData(dataFile).getValue("Category", row): null

2024-05-27 19:03:11 - [TEST_STEP][PASSED] - amount = findTestData(dataFile).getValue("Amount", row): null

2024-05-27 19:03:11 - [TEST_STEP][PASSED] - cardNumber = findTestData(dataFile).getValue("CardNumber", row): null

2024-05-27 19:03:12 - [TEST_STEP][PASSED] - exM = findTestData(dataFile).getValue("ExM", row): null

2024-05-27 19:03:12 - [TEST_STEP][PASSED] - exY = findTestData(dataFile).getValue("ExY", row): null

2024-05-27 19:03:12 - [TEST_STEP][PASSED] - openBrowser(VLinkURL + "authcap.html"): Browser is opened with url: 'https://dev-algorithm.govolution.com/vlinktest/demo/version_2_0/authcap.html'

2024-05-27 19:03:12 - [MESSAGE][WARNING] - A browser is already opened. Closing browser and opening a new one

2024-05-27 19:03:13 - [MESSAGE][INFO] - Starting 'Chrome' driver

2024-05-27 19:03:13 - [MESSAGE][INFO] - User set preference: ['acceptInsecureCerts', 'true']

2024-05-27 19:03:13 - [MESSAGE][INFO] - Action delay is set to 0 milliseconds

2024-05-27 19:03:15 - [MESSAGE][PASSED] - Browser is opened with url: 'https://dev-algorithm.govolution.com/vlinktest/demo/version_2_0/authcap.html'

2024-05-27 19:03:15 - [TEST_STEP][PASSED] - maximizeWindow(): Current window maximized

2024-05-27 19:03:15 - [MESSAGE][PASSED] - Current window maximized

2024-05-27 19:03:15 - [TEST_STEP][PASSED] - maximizeWindow(): Current window maximized

2024-05-27 19:03:15 - [MESSAGE][PASSED] - Current window maximized

2024-05-27 19:03:15 - [TEST_STEP][PASSED] - genRemID = RandomStringUtils.random(12, true, true): null

2024-05-27 19:03:15 - [TEST_STEP][PASSED] - setText(findTestObject("Object Repository/RecAndPlayBk/Page-Vlink-Sale/input_Remittance Id_remittance_id"), genRemID): Text 'Bw8dVWrqumI2' is set on object 'Object Repository/RecAndPlayBk/Page-Vlink-Sale/input_Remittance Id_remittance_id'

2024-05-27 19:03:16 - [MESSAGE][PASSED] - Text 'Bw8dVWrqumI2' is set on object 'Object Repository/RecAndPlayBk/Page-Vlink-Sale/input_Remittance Id_remittance_id'

2024-05-27 19:03:16 - [TEST_STEP][PASSED] - setText(findTestObject("Object Repository/RecAndPlayBk/Page-Vlink-Sale/input_Application Id_application_id"), appID): Text '1773' is set on object 'Object Repository/RecAndPlayBk/Page-Vlink-Sale/input_Application Id_application_id'

2024-05-27 19:03:17 - [MESSAGE][PASSED] - Text '1773' is set on object 'Object Repository/RecAndPlayBk/Page-Vlink-Sale/input_Application Id_application_id'

2024-05-27 19:03:17 - [TEST_STEP][PASSED] - setText(findTestObject("Object Repository/RecAndPlayBk/Page-Vlink-Sale/input_Username_username"), username): Text 'Qq2BV1qtr' is set on object 'Object Repository/RecAndPlayBk/Page-Vlink-Sale/input_Username_username'

2024-05-27 19:03:17 - [MESSAGE][PASSED] - Text 'Qq2BV1qtr' is set on object 'Object Repository/RecAndPlayBk/Page-Vlink-Sale/input_Username_username'

2024-05-27 19:03:17 - [TEST_STEP][PASSED] - setText(findTestObject("Object Repository/RecAndPlayBk/Page-Vlink-Sale/input_Password_password"), password): Text 'tUmWBiLUx' is set on object 'Object Repository/RecAndPlayBk/Page-Vlink-Sale/input_Password_password'

2024-05-27 19:03:18 - [MESSAGE][PASSED] - Text 'tUmWBiLUx' is set on object 'Object Repository/RecAndPlayBk/Page-Vlink-Sale/input_Password_password'

2024-05-27 19:03:18 - [TEST_STEP][PASSED] - setText(findTestObject("Object Repository/RecAndPlayBk/Page-Vlink-Sale/input_Category_category"), category): Text 'MOTO' is set on object 'Object Repository/RecAndPlayBk/Page-Vlink-Sale/input_Category_category'

2024-05-27 19:03:19 - [MESSAGE][PASSED] - Text 'MOTO' is set on object 'Object Repository/RecAndPlayBk/Page-Vlink-Sale/input_Category_category'

2024-05-27 19:03:19 - [TEST_STEP][PASSED] - setText(findTestObject("Object Repository/RecAndPlayBk/Page-Vlink-Sale/input_Amount_amount"), amount): Text '10.5' is set on object 'Object Repository/RecAndPlayBk/Page-Vlink-Sale/input_Amount_amount'

2024-05-27 19:03:19 - [MESSAGE][PASSED] - Text '10.5' is set on object 'Object Repository/RecAndPlayBk/Page-Vlink-Sale/input_Amount_amount'

2024-05-27 19:03:19 - [TEST_STEP][PASSED] - doubleClick(findTestObject("Object Repository/RecAndPlayBk/Page-Vlink-Sale/input_Card number_card_number")): Object: 'Object Repository/RecAndPlayBk/Page-Vlink-Sale/input_Card number_card_number' is double clicked on

2024-05-27 19:03:20 - [MESSAGE][PASSED] - Object: 'Object Repository/RecAndPlayBk/Page-Vlink-Sale/input_Card number_card_number' is double clicked on

2024-05-27 19:03:20 - [TEST_STEP][PASSED] - setText(findTestObject("Object Repository/RecAndPlayBk/Page-Vlink-Sale/input_Card number_card_number"), cardNumber): Text '5424000000000015' is set on object 'Object Repository/RecAndPlayBk/Page-Vlink-Sale/input_Card number_card_number'

2024-05-27 19:03:21 - [MESSAGE][PASSED] - Text '5424000000000015' is set on object 'Object Repository/RecAndPlayBk/Page-Vlink-Sale/input_Card number_card_number'

2024-05-27 19:03:21 - [TEST_STEP][PASSED] - setText(findTestObject("Object Repository/RecAndPlayBk/Page-Vlink-Sale/input_Card ex month_card_exmo"), exM): Text '12' is set on object 'Object Repository/RecAndPlayBk/Page-Vlink-Sale/input_Card ex month_card_exmo'

2024-05-27 19:03:21 - [MESSAGE][PASSED] - Text '12' is set on object 'Object Repository/RecAndPlayBk/Page-Vlink-Sale/input_Card ex month_card_exmo'

2024-05-27 19:03:21 - [TEST_STEP][PASSED] - setText(findTestObject("Object Repository/RecAndPlayBk/Page-Vlink-Sale/input_Card ex year_card_exyr"), exY): Text '2029' is set on object 'Object Repository/RecAndPlayBk/Page-Vlink-Sale/input_Card ex year_card_exyr'

2024-05-27 19:03:22 - [MESSAGE][PASSED] - Text '2029' is set on object 'Object Repository/RecAndPlayBk/Page-Vlink-Sale/input_Card ex year_card_exyr'

2024-05-27 19:03:22 - [TEST_STEP][PASSED] - click(findTestObject("Object Repository/RecAndPlayBk/Page-Vlink-Sale/input_Track Data_track_data")): Object: 'Object Repository/RecAndPlayBk/Page-Vlink-Sale/input_Track Data_track_data' is clicked on

2024-05-27 19:03:22 - [MESSAGE][PASSED] - Object: 'Object Repository/RecAndPlayBk/Page-Vlink-Sale/input_Track Data_track_data' is clicked on

2024-05-27 19:03:22 - [TEST_STEP][PASSED] - click(findTestObject("Object Repository/RecAndPlayBk/Page-Vlink-Sale/input_CVV state_cvv_state")): Object: 'Object Repository/RecAndPlayBk/Page-Vlink-Sale/input_CVV state_cvv_state' is clicked on

2024-05-27 19:03:23 - [MESSAGE][PASSED] - Object: 'Object Repository/RecAndPlayBk/Page-Vlink-Sale/input_CVV state_cvv_state' is clicked on

2024-05-27 19:03:23 - [TEST_STEP][PASSED] - setText(findTestObject("Object Repository/RecAndPlayBk/Page-Vlink-Sale/input_Track Data_track_data"), ""): Text '' is set on object 'Object Repository/RecAndPlayBk/Page-Vlink-Sale/input_Track Data_track_data'

2024-05-27 19:03:24 - [MESSAGE][PASSED] - Text '' is set on object 'Object Repository/RecAndPlayBk/Page-Vlink-Sale/input_Track Data_track_data'

2024-05-27 19:03:24 - [TEST_STEP][PASSED] - setText(findTestObject("Object Repository/RecAndPlayBk/Page-Vlink-Sale/input_concat(Cardholder, , s email)_email"), ""): Text '' is set on object 'Object Repository/RecAndPlayBk/Page-Vlink-Sale/input_concat(Cardholder, , s email)_email'

2024-05-27 19:03:24 - [MESSAGE][PASSED] - Text '' is set on object 'Object Repository/RecAndPlayBk/Page-Vlink-Sale/input_concat(Cardholder, , s email)_email'

2024-05-27 19:03:24 - [TEST_STEP][PASSED] - click(findTestObject("Object Repository/RecAndPlayBk/Page-Vlink-Sale/input_user_defined10_user_defined10")): Object: 'Object Repository/RecAndPlayBk/Page-Vlink-Sale/input_user_defined10_user_defined10' is clicked on

2024-05-27 19:03:25 - [MESSAGE][PASSED] - Object: 'Object Repository/RecAndPlayBk/Page-Vlink-Sale/input_user_defined10_user_defined10' is clicked on

2024-05-27 19:03:25 - [TEST_STEP][PASSED] - if (executionProfile.equalsIgnoreCase("QAProfile") || executionProfile.equalsIgnoreCase("DemoProfile")): Text '' is set on object 'Object Repository/RecAndPlayBk/Page-Vlink-Sale/input_COF Transaction Initiated by_cof_tran_6cded5'

2024-05-27 19:03:25 - [TEST_STEP][PASSED] - setText(findTestObject("Object Repository/RecAndPlayBk/Page-Vlink-Sale/input_Card on File Indicator_card_on_file_i_157dae"), ""): Text '' is set on object 'Object Repository/RecAndPlayBk/Page-Vlink-Sale/input_Card on File Indicator_card_on_file_i_157dae'

2024-05-27 19:03:26 - [MESSAGE][PASSED] - Text '' is set on object 'Object Repository/RecAndPlayBk/Page-Vlink-Sale/input_Card on File Indicator_card_on_file_i_157dae'

2024-05-27 19:03:26 - [TEST_STEP][PASSED] - setText(findTestObject("Object Repository/RecAndPlayBk/Page-Vlink-Sale/input_Stored Credential Indicator_stored_cr_4ae73c"), ""): Text '' is set on object 'Object Repository/RecAndPlayBk/Page-Vlink-Sale/input_Stored Credential Indicator_stored_cr_4ae73c'

2024-05-27 19:03:26 - [MESSAGE][PASSED] - Text '' is set on object 'Object Repository/RecAndPlayBk/Page-Vlink-Sale/input_Stored Credential Indicator_stored_cr_4ae73c'

2024-05-27 19:03:26 - [TEST_STEP][PASSED] - setText(findTestObject("Object Repository/RecAndPlayBk/Page-Vlink-Sale/input_COF Scheduled indicator_cof_scheduled_8df7d8"), ""): Text '' is set on object 'Object Repository/RecAndPlayBk/Page-Vlink-Sale/input_COF Scheduled indicator_cof_scheduled_8df7d8'

2024-05-27 19:03:27 - [MESSAGE][PASSED] - Text '' is set on object 'Object Repository/RecAndPlayBk/Page-Vlink-Sale/input_COF Scheduled indicator_cof_scheduled_8df7d8'

2024-05-27 19:03:27 - [TEST_STEP][PASSED] - setText(findTestObject("Object Repository/RecAndPlayBk/Page-Vlink-Sale/input_COF Transaction Initiated by_cof_tran_6cded5"), ""): Text '' is set on object 'Object Repository/RecAndPlayBk/Page-Vlink-Sale/input_COF Transaction Initiated by_cof_tran_6cded5'

2024-05-27 19:03:28 - [MESSAGE][PASSED] - Text '' is set on object 'Object Repository/RecAndPlayBk/Page-Vlink-Sale/input_COF Transaction Initiated by_cof_tran_6cded5'

2024-05-27 19:03:28 - [TEST_STEP][PASSED] - click(findTestObject("Object Repository/RecAndPlayBk/Page-Vlink-Sale/input")): Object: 'Object Repository/RecAndPlayBk/Page-Vlink-Sale/input' is clicked on

2024-05-27 19:03:29 - [MESSAGE][PASSED] - Object: 'Object Repository/RecAndPlayBk/Page-Vlink-Sale/input' is clicked on

2024-05-27 19:03:29 - [TEST_STEP][PASSED] - if (verifyTextPresent("Transaction approved, no errors", true)): null

2024-05-27 19:03:29 - [MESSAGE][PASSED] - Text 'Transaction approved, no errors' is present on page  using regular expression

2024-05-27 19:03:29 - [TEST_STEP][PASSED] - println("Transaction Approved, no errors text is present on the Confirmation page"): null

2024-05-27 19:03:29 - [TEST_STEP][PASSED] - sdfo = getText(findTestObject("Object Repository/Page_VLinkReceipt/pre_STX")): Text of object 'Object Repository/Page_VLinkReceipt/pre_STX' is: '<STX>Bw8dVWrqumI2                  2967756             0  Transaction approved, no errors                   0                                                                                  Y 662888160<ETX>'

2024-05-27 19:03:29 - [MESSAGE][PASSED] - Text of object 'Object Repository/Page_VLinkReceipt/pre_STX' is: '<STX>Bw8dVWrqumI2                  2967756             0  Transaction approved, no errors                   0                                                                                  Y 662888160<ETX>'

2024-05-27 19:03:29 - [TEST_STEP][PASSED] - out.println("sdfo: " + sdfo): null

2024-05-27 19:03:29 - [TEST_STEP][PASSED] - remID = substring(5, 35).trim(): null

2024-05-27 19:03:29 - [TEST_STEP][PASSED] - out.println("remID: " + remID): null

2024-05-27 19:03:29 - [TEST_STEP][PASSED] - traxID = substring(35, 55).trim(): null

2024-05-27 19:03:29 - [TEST_STEP][PASSED] - out.println("traxID: " + traxID): null

2024-05-27 19:03:29 - [TEST_STEP][PASSED] - VLinkSaleRemID = remID: null

2024-05-27 19:03:29 - [TEST_STEP][PASSED] - VLinkSaleTranxID = traxID: null

2024-05-27 19:03:29 - [TEST_STEP][PASSED] - openBrowser(VLinkURL + "CC_void.html"): Browser is opened with url: 'https://dev-algorithm.govolution.com/vlinktest/demo/version_2_0/CC_void.html'

2024-05-27 19:03:29 - [MESSAGE][WARNING] - A browser is already opened. Closing browser and opening a new one

2024-05-27 19:03:31 - [MESSAGE][INFO] - Starting 'Chrome' driver

2024-05-27 19:03:31 - [MESSAGE][INFO] - User set preference: ['acceptInsecureCerts', 'true']

2024-05-27 19:03:31 - [MESSAGE][INFO] - Action delay is set to 0 milliseconds

2024-05-27 19:03:32 - [MESSAGE][PASSED] - Browser is opened with url: 'https://dev-algorithm.govolution.com/vlinktest/demo/version_2_0/CC_void.html'

2024-05-27 19:03:32 - [TEST_STEP][PASSED] - maximizeWindow(): Current window maximized

2024-05-27 19:03:33 - [MESSAGE][PASSED] - Current window maximized

2024-05-27 19:03:33 - [TEST_STEP][PASSED] - setText(findTestObject("Object Repository/RecAndPlayBk/Page-Vlink-CC-Void/txt_RemID"), VLinkSaleRemID): Text 'Bw8dVWrqumI2' is set on object 'Object Repository/RecAndPlayBk/Page-Vlink-CC-Void/txt_RemID'

2024-05-27 19:03:34 - [MESSAGE][PASSED] - Text 'Bw8dVWrqumI2' is set on object 'Object Repository/RecAndPlayBk/Page-Vlink-CC-Void/txt_RemID'

2024-05-27 19:03:34 - [TEST_STEP][PASSED] - setText(findTestObject("Object Repository/RecAndPlayBk/Page-Vlink-CC-Void/txt_ApplicationID"), appID): Text '1773' is set on object 'Object Repository/RecAndPlayBk/Page-Vlink-CC-Void/txt_ApplicationID'

2024-05-27 19:03:34 - [MESSAGE][PASSED] - Text '1773' is set on object 'Object Repository/RecAndPlayBk/Page-Vlink-CC-Void/txt_ApplicationID'

2024-05-27 19:03:34 - [TEST_STEP][PASSED] - setText(findTestObject("Object Repository/RecAndPlayBk/Page-Vlink-CC-Void/txt_Username"), username): Text 'Qq2BV1qtr' is set on object 'Object Repository/RecAndPlayBk/Page-Vlink-CC-Void/txt_Username'

2024-05-27 19:03:35 - [MESSAGE][PASSED] - Text 'Qq2BV1qtr' is set on object 'Object Repository/RecAndPlayBk/Page-Vlink-CC-Void/txt_Username'

2024-05-27 19:03:35 - [TEST_STEP][PASSED] - setText(findTestObject("Object Repository/RecAndPlayBk/Page-Vlink-CC-Void/txt_Password"), password): Text 'tUmWBiLUx' is set on object 'Object Repository/RecAndPlayBk/Page-Vlink-CC-Void/txt_Password'

2024-05-27 19:03:36 - [MESSAGE][PASSED] - Text 'tUmWBiLUx' is set on object 'Object Repository/RecAndPlayBk/Page-Vlink-CC-Void/txt_Password'

2024-05-27 19:03:36 - [TEST_STEP][PASSED] - setText(findTestObject("Object Repository/RecAndPlayBk/Page-Vlink-CC-Void/txt_TransactionID"), VLinkSaleTranxID): Text '2967756' is set on object 'Object Repository/RecAndPlayBk/Page-Vlink-CC-Void/txt_TransactionID'

2024-05-27 19:03:37 - [MESSAGE][PASSED] - Text '2967756' is set on object 'Object Repository/RecAndPlayBk/Page-Vlink-CC-Void/txt_TransactionID'

2024-05-27 19:03:37 - [TEST_STEP][PASSED] - setText(findTestObject("Object Repository/RecAndPlayBk/Page-Vlink-CC-Void/txt_OriginalTransactionType"), "104"): Text '104' is set on object 'Object Repository/RecAndPlayBk/Page-Vlink-CC-Void/txt_OriginalTransactionType'

2024-05-27 19:03:37 - [MESSAGE][PASSED] - Text '104' is set on object 'Object Repository/RecAndPlayBk/Page-Vlink-CC-Void/txt_OriginalTransactionType'

2024-05-27 19:03:37 - [TEST_STEP][PASSED] - setText(findTestObject("Object Repository/RecAndPlayBk/Page-Vlink-CC-Void/txt_TrackData"), ""): Text '' is set on object 'Object Repository/RecAndPlayBk/Page-Vlink-CC-Void/txt_TrackData'

2024-05-27 19:03:38 - [MESSAGE][PASSED] - Text '' is set on object 'Object Repository/RecAndPlayBk/Page-Vlink-CC-Void/txt_TrackData'

2024-05-27 19:03:38 - [TEST_STEP][PASSED] - click(findTestObject("Object Repository/RecAndPlayBk/Page-Vlink-CC-Void/btn_ProcessVLinkTransaction")): Object: 'Object Repository/RecAndPlayBk/Page-Vlink-CC-Void/btn_ProcessVLinkTransaction' is clicked on

2024-05-27 19:03:40 - [MESSAGE][PASSED] - Object: 'Object Repository/RecAndPlayBk/Page-Vlink-CC-Void/btn_ProcessVLinkTransaction' is clicked on

2024-05-27 19:03:40 - [TEST_STEP][PASSED] - if (verifyTextPresent("Transaction approved, no errors", true)): null

2024-05-27 19:03:40 - [MESSAGE][PASSED] - Text 'Transaction approved, no errors' is present on page  using regular expression

2024-05-27 19:03:40 - [TEST_STEP][PASSED] - println("Transaction Approved, no errors text is present on the Confirmation page"): null

2024-05-27 19:03:40 - [TEST_STEP][PASSED] - out.println("Pass Record Number: " + row): null

2024-05-27 19:03:40 - [TEST_STEP][PASSED] - resText = "Pass": null

2024-05-27 19:03:40 - [TEST_STEP][PASSED] - pages.WriteExcel.demoKey(resText, datText, resColumn, datCloumn, fileLoc, nameSheet, row): pages.WriteExcel.demoKey is PASSED

2024-05-27 19:03:40 - [MESSAGE][PASSED] - pages.WriteExcel.demoKey is PASSED

2024-05-27 19:03:40 - [TEST_STEP][PASSED] - ExecuteTC = findTestData(dataFile).getValue("Execute", row): null

2024-05-27 19:03:40 - [TEST_STEP][PASSED] - out.println("Value of Execute is : " + ExecuteTC): null

2024-05-27 19:03:40 - [TEST_STEP][PASSED] - switch (executionProfile): null

2024-05-27 19:03:40 - [TEST_STEP][PASSED] - case "DemoProfile":: null

2024-05-27 19:03:40 - [TEST_STEP][PASSED] - appID = findTestData(dataFile).getValue("AppIDDemo", row): null

2024-05-27 19:03:40 - [TEST_STEP][PASSED] - username = findTestData(dataFile).getValue("UsernameDemo", row): null

2024-05-27 19:03:40 - [TEST_STEP][PASSED] - password = findTestData(dataFile).getValue("PasswordDemo", row): null

2024-05-27 19:03:40 - [TEST_STEP][PASSED] - break: null

2024-05-27 19:03:40 - [TEST_STEP][PASSED] - if (ExecuteTC.equalsIgnoreCase("Y")): null

2024-05-27 19:03:40 - [TEST_STEP][PASSED] - out.println("Begin Record Number: " + row): null

2024-05-27 19:03:40 - [TEST_STEP][PASSED] - today = new java.util.Date(): null

2024-05-27 19:03:40 - [TEST_STEP][PASSED] - println(today): null

2024-05-27 19:03:40 - [TEST_STEP][PASSED] - datText = today: null

2024-05-27 19:03:40 - [TEST_STEP][PASSED] - category = findTestData(dataFile).getValue("Category", row): null

2024-05-27 19:03:41 - [TEST_STEP][PASSED] - amount = findTestData(dataFile).getValue("Amount", row): null

2024-05-27 19:03:41 - [TEST_STEP][PASSED] - cardNumber = findTestData(dataFile).getValue("CardNumber", row): null

2024-05-27 19:03:41 - [TEST_STEP][PASSED] - exM = findTestData(dataFile).getValue("ExM", row): null

2024-05-27 19:03:41 - [TEST_STEP][PASSED] - exY = findTestData(dataFile).getValue("ExY", row): null

2024-05-27 19:03:41 - [TEST_STEP][PASSED] - openBrowser(VLinkURL + "authcap.html"): Browser is opened with url: 'https://dev-algorithm.govolution.com/vlinktest/demo/version_2_0/authcap.html'

2024-05-27 19:03:41 - [MESSAGE][WARNING] - A browser is already opened. Closing browser and opening a new one

2024-05-27 19:03:42 - [MESSAGE][INFO] - Starting 'Chrome' driver

2024-05-27 19:03:42 - [MESSAGE][INFO] - User set preference: ['acceptInsecureCerts', 'true']

2024-05-27 19:03:42 - [MESSAGE][INFO] - Action delay is set to 0 milliseconds

2024-05-27 19:03:44 - [MESSAGE][PASSED] - Browser is opened with url: 'https://dev-algorithm.govolution.com/vlinktest/demo/version_2_0/authcap.html'

2024-05-27 19:03:44 - [TEST_STEP][PASSED] - maximizeWindow(): Current window maximized

2024-05-27 19:03:44 - [MESSAGE][PASSED] - Current window maximized

2024-05-27 19:03:44 - [TEST_STEP][PASSED] - maximizeWindow(): Current window maximized

2024-05-27 19:03:44 - [MESSAGE][PASSED] - Current window maximized

2024-05-27 19:03:44 - [TEST_STEP][PASSED] - genRemID = RandomStringUtils.random(12, true, true): null

2024-05-27 19:03:44 - [TEST_STEP][PASSED] - setText(findTestObject("Object Repository/RecAndPlayBk/Page-Vlink-Sale/input_Remittance Id_remittance_id"), genRemID): Text 'zXOgFhReMDdu' is set on object 'Object Repository/RecAndPlayBk/Page-Vlink-Sale/input_Remittance Id_remittance_id'

2024-05-27 19:03:45 - [MESSAGE][PASSED] - Text 'zXOgFhReMDdu' is set on object 'Object Repository/RecAndPlayBk/Page-Vlink-Sale/input_Remittance Id_remittance_id'

2024-05-27 19:03:45 - [TEST_STEP][PASSED] - setText(findTestObject("Object Repository/RecAndPlayBk/Page-Vlink-Sale/input_Application Id_application_id"), appID): Text '1773' is set on object 'Object Repository/RecAndPlayBk/Page-Vlink-Sale/input_Application Id_application_id'

2024-05-27 19:03:46 - [MESSAGE][PASSED] - Text '1773' is set on object 'Object Repository/RecAndPlayBk/Page-Vlink-Sale/input_Application Id_application_id'

2024-05-27 19:03:46 - [TEST_STEP][PASSED] - setText(findTestObject("Object Repository/RecAndPlayBk/Page-Vlink-Sale/input_Username_username"), username): Text 'Qq2BV1qtr' is set on object 'Object Repository/RecAndPlayBk/Page-Vlink-Sale/input_Username_username'

2024-05-27 19:03:46 - [MESSAGE][PASSED] - Text 'Qq2BV1qtr' is set on object 'Object Repository/RecAndPlayBk/Page-Vlink-Sale/input_Username_username'

2024-05-27 19:03:46 - [TEST_STEP][PASSED] - setText(findTestObject("Object Repository/RecAndPlayBk/Page-Vlink-Sale/input_Password_password"), password): Text 'tUmWBiLUx' is set on object 'Object Repository/RecAndPlayBk/Page-Vlink-Sale/input_Password_password'

2024-05-27 19:03:47 - [MESSAGE][PASSED] - Text 'tUmWBiLUx' is set on object 'Object Repository/RecAndPlayBk/Page-Vlink-Sale/input_Password_password'

2024-05-27 19:03:47 - [TEST_STEP][PASSED] - setText(findTestObject("Object Repository/RecAndPlayBk/Page-Vlink-Sale/input_Category_category"), category): Text 'RETL' is set on object 'Object Repository/RecAndPlayBk/Page-Vlink-Sale/input_Category_category'

2024-05-27 19:03:48 - [MESSAGE][PASSED] - Text 'RETL' is set on object 'Object Repository/RecAndPlayBk/Page-Vlink-Sale/input_Category_category'

2024-05-27 19:03:48 - [TEST_STEP][PASSED] - setText(findTestObject("Object Repository/RecAndPlayBk/Page-Vlink-Sale/input_Amount_amount"), amount): Text '10.5' is set on object 'Object Repository/RecAndPlayBk/Page-Vlink-Sale/input_Amount_amount'

2024-05-27 19:03:48 - [MESSAGE][PASSED] - Text '10.5' is set on object 'Object Repository/RecAndPlayBk/Page-Vlink-Sale/input_Amount_amount'

2024-05-27 19:03:48 - [TEST_STEP][PASSED] - doubleClick(findTestObject("Object Repository/RecAndPlayBk/Page-Vlink-Sale/input_Card number_card_number")): Object: 'Object Repository/RecAndPlayBk/Page-Vlink-Sale/input_Card number_card_number' is double clicked on

2024-05-27 19:03:49 - [MESSAGE][PASSED] - Object: 'Object Repository/RecAndPlayBk/Page-Vlink-Sale/input_Card number_card_number' is double clicked on

2024-05-27 19:03:49 - [TEST_STEP][PASSED] - setText(findTestObject("Object Repository/RecAndPlayBk/Page-Vlink-Sale/input_Card number_card_number"), cardNumber): Text '370000000000002' is set on object 'Object Repository/RecAndPlayBk/Page-Vlink-Sale/input_Card number_card_number'

2024-05-27 19:03:50 - [MESSAGE][PASSED] - Text '370000000000002' is set on object 'Object Repository/RecAndPlayBk/Page-Vlink-Sale/input_Card number_card_number'

2024-05-27 19:03:50 - [TEST_STEP][PASSED] - setText(findTestObject("Object Repository/RecAndPlayBk/Page-Vlink-Sale/input_Card ex month_card_exmo"), exM): Text '12' is set on object 'Object Repository/RecAndPlayBk/Page-Vlink-Sale/input_Card ex month_card_exmo'

2024-05-27 19:03:50 - [MESSAGE][PASSED] - Text '12' is set on object 'Object Repository/RecAndPlayBk/Page-Vlink-Sale/input_Card ex month_card_exmo'

2024-05-27 19:03:50 - [TEST_STEP][PASSED] - setText(findTestObject("Object Repository/RecAndPlayBk/Page-Vlink-Sale/input_Card ex year_card_exyr"), exY): Text '2029' is set on object 'Object Repository/RecAndPlayBk/Page-Vlink-Sale/input_Card ex year_card_exyr'

2024-05-27 19:03:51 - [MESSAGE][PASSED] - Text '2029' is set on object 'Object Repository/RecAndPlayBk/Page-Vlink-Sale/input_Card ex year_card_exyr'

2024-05-27 19:03:51 - [TEST_STEP][PASSED] - click(findTestObject("Object Repository/RecAndPlayBk/Page-Vlink-Sale/input_Track Data_track_data")): Object: 'Object Repository/RecAndPlayBk/Page-Vlink-Sale/input_Track Data_track_data' is clicked on

2024-05-27 19:03:51 - [MESSAGE][PASSED] - Object: 'Object Repository/RecAndPlayBk/Page-Vlink-Sale/input_Track Data_track_data' is clicked on

2024-05-27 19:03:51 - [TEST_STEP][PASSED] - click(findTestObject("Object Repository/RecAndPlayBk/Page-Vlink-Sale/input_CVV state_cvv_state")): Object: 'Object Repository/RecAndPlayBk/Page-Vlink-Sale/input_CVV state_cvv_state' is clicked on

2024-05-27 19:03:52 - [MESSAGE][PASSED] - Object: 'Object Repository/RecAndPlayBk/Page-Vlink-Sale/input_CVV state_cvv_state' is clicked on

2024-05-27 19:03:52 - [TEST_STEP][PASSED] - setText(findTestObject("Object Repository/RecAndPlayBk/Page-Vlink-Sale/input_Track Data_track_data"), ""): Text '' is set on object 'Object Repository/RecAndPlayBk/Page-Vlink-Sale/input_Track Data_track_data'

2024-05-27 19:03:53 - [MESSAGE][PASSED] - Text '' is set on object 'Object Repository/RecAndPlayBk/Page-Vlink-Sale/input_Track Data_track_data'

2024-05-27 19:03:53 - [TEST_STEP][PASSED] - setText(findTestObject("Object Repository/RecAndPlayBk/Page-Vlink-Sale/input_concat(Cardholder, , s email)_email"), ""): Text '' is set on object 'Object Repository/RecAndPlayBk/Page-Vlink-Sale/input_concat(Cardholder, , s email)_email'

2024-05-27 19:03:53 - [MESSAGE][PASSED] - Text '' is set on object 'Object Repository/RecAndPlayBk/Page-Vlink-Sale/input_concat(Cardholder, , s email)_email'

2024-05-27 19:03:53 - [TEST_STEP][PASSED] - click(findTestObject("Object Repository/RecAndPlayBk/Page-Vlink-Sale/input_user_defined10_user_defined10")): Object: 'Object Repository/RecAndPlayBk/Page-Vlink-Sale/input_user_defined10_user_defined10' is clicked on

2024-05-27 19:03:54 - [MESSAGE][PASSED] - Object: 'Object Repository/RecAndPlayBk/Page-Vlink-Sale/input_user_defined10_user_defined10' is clicked on

2024-05-27 19:03:54 - [TEST_STEP][PASSED] - if (executionProfile.equalsIgnoreCase("QAProfile") || executionProfile.equalsIgnoreCase("DemoProfile")): Text '' is set on object 'Object Repository/RecAndPlayBk/Page-Vlink-Sale/input_COF Transaction Initiated by_cof_tran_6cded5'

2024-05-27 19:03:54 - [TEST_STEP][PASSED] - setText(findTestObject("Object Repository/RecAndPlayBk/Page-Vlink-Sale/input_Card on File Indicator_card_on_file_i_157dae"), ""): Text '' is set on object 'Object Repository/RecAndPlayBk/Page-Vlink-Sale/input_Card on File Indicator_card_on_file_i_157dae'

2024-05-27 19:03:54 - [MESSAGE][PASSED] - Text '' is set on object 'Object Repository/RecAndPlayBk/Page-Vlink-Sale/input_Card on File Indicator_card_on_file_i_157dae'

2024-05-27 19:03:54 - [TEST_STEP][PASSED] - setText(findTestObject("Object Repository/RecAndPlayBk/Page-Vlink-Sale/input_Stored Credential Indicator_stored_cr_4ae73c"), ""): Text '' is set on object 'Object Repository/RecAndPlayBk/Page-Vlink-Sale/input_Stored Credential Indicator_stored_cr_4ae73c'

2024-05-27 19:03:55 - [MESSAGE][PASSED] - Text '' is set on object 'Object Repository/RecAndPlayBk/Page-Vlink-Sale/input_Stored Credential Indicator_stored_cr_4ae73c'

2024-05-27 19:03:55 - [TEST_STEP][PASSED] - setText(findTestObject("Object Repository/RecAndPlayBk/Page-Vlink-Sale/input_COF Scheduled indicator_cof_scheduled_8df7d8"), ""): Text '' is set on object 'Object Repository/RecAndPlayBk/Page-Vlink-Sale/input_COF Scheduled indicator_cof_scheduled_8df7d8'

2024-05-27 19:03:56 - [MESSAGE][PASSED] - Text '' is set on object 'Object Repository/RecAndPlayBk/Page-Vlink-Sale/input_COF Scheduled indicator_cof_scheduled_8df7d8'

2024-05-27 19:03:56 - [TEST_STEP][PASSED] - setText(findTestObject("Object Repository/RecAndPlayBk/Page-Vlink-Sale/input_COF Transaction Initiated by_cof_tran_6cded5"), ""): Text '' is set on object 'Object Repository/RecAndPlayBk/Page-Vlink-Sale/input_COF Transaction Initiated by_cof_tran_6cded5'

2024-05-27 19:03:57 - [MESSAGE][PASSED] - Text '' is set on object 'Object Repository/RecAndPlayBk/Page-Vlink-Sale/input_COF Transaction Initiated by_cof_tran_6cded5'

2024-05-27 19:03:57 - [TEST_STEP][PASSED] - click(findTestObject("Object Repository/RecAndPlayBk/Page-Vlink-Sale/input")): Object: 'Object Repository/RecAndPlayBk/Page-Vlink-Sale/input' is clicked on

2024-05-27 19:03:57 - [MESSAGE][PASSED] - Object: 'Object Repository/RecAndPlayBk/Page-Vlink-Sale/input' is clicked on

2024-05-27 19:03:57 - [TEST_STEP][PASSED] - if (verifyTextPresent("Transaction approved, no errors", true)): null

2024-05-27 19:03:58 - [MESSAGE][PASSED] - Text 'Transaction approved, no errors' is present on page  using regular expression

2024-05-27 19:03:58 - [TEST_STEP][PASSED] - println("Transaction Approved, no errors text is present on the Confirmation page"): null

2024-05-27 19:03:58 - [TEST_STEP][PASSED] - sdfo = getText(findTestObject("Object Repository/Page_VLinkReceipt/pre_STX")): Text of object 'Object Repository/Page_VLinkReceipt/pre_STX' is: '<STX>zXOgFhReMDdu                  2967758             0  Transaction approved, no errors                   0                                                                                  Y 371159768<ETX>'

2024-05-27 19:03:58 - [MESSAGE][PASSED] - Text of object 'Object Repository/Page_VLinkReceipt/pre_STX' is: '<STX>zXOgFhReMDdu                  2967758             0  Transaction approved, no errors                   0                                                                                  Y 371159768<ETX>'

2024-05-27 19:03:58 - [TEST_STEP][PASSED] - out.println("sdfo: " + sdfo): null

2024-05-27 19:03:58 - [TEST_STEP][PASSED] - remID = substring(5, 35).trim(): null

2024-05-27 19:03:58 - [TEST_STEP][PASSED] - out.println("remID: " + remID): null

2024-05-27 19:03:58 - [TEST_STEP][PASSED] - traxID = substring(35, 55).trim(): null

2024-05-27 19:03:58 - [TEST_STEP][PASSED] - out.println("traxID: " + traxID): null

2024-05-27 19:03:58 - [TEST_STEP][PASSED] - VLinkSaleRemID = remID: null

2024-05-27 19:03:58 - [TEST_STEP][PASSED] - VLinkSaleTranxID = traxID: null

2024-05-27 19:03:58 - [TEST_STEP][PASSED] - openBrowser(VLinkURL + "CC_void.html"): Browser is opened with url: 'https://dev-algorithm.govolution.com/vlinktest/demo/version_2_0/CC_void.html'

2024-05-27 19:03:58 - [MESSAGE][WARNING] - A browser is already opened. Closing browser and opening a new one

2024-05-27 19:03:59 - [MESSAGE][INFO] - Starting 'Chrome' driver

2024-05-27 19:03:59 - [MESSAGE][INFO] - User set preference: ['acceptInsecureCerts', 'true']

2024-05-27 19:03:59 - [MESSAGE][INFO] - Action delay is set to 0 milliseconds

2024-05-27 19:04:01 - [MESSAGE][PASSED] - Browser is opened with url: 'https://dev-algorithm.govolution.com/vlinktest/demo/version_2_0/CC_void.html'

2024-05-27 19:04:01 - [TEST_STEP][PASSED] - maximizeWindow(): Current window maximized

2024-05-27 19:04:02 - [MESSAGE][PASSED] - Current window maximized

2024-05-27 19:04:02 - [TEST_STEP][PASSED] - setText(findTestObject("Object Repository/RecAndPlayBk/Page-Vlink-CC-Void/txt_RemID"), VLinkSaleRemID): Text 'zXOgFhReMDdu' is set on object 'Object Repository/RecAndPlayBk/Page-Vlink-CC-Void/txt_RemID'

2024-05-27 19:04:02 - [MESSAGE][PASSED] - Text 'zXOgFhReMDdu' is set on object 'Object Repository/RecAndPlayBk/Page-Vlink-CC-Void/txt_RemID'

2024-05-27 19:04:02 - [TEST_STEP][PASSED] - setText(findTestObject("Object Repository/RecAndPlayBk/Page-Vlink-CC-Void/txt_ApplicationID"), appID): Text '1773' is set on object 'Object Repository/RecAndPlayBk/Page-Vlink-CC-Void/txt_ApplicationID'

2024-05-27 19:04:03 - [MESSAGE][PASSED] - Text '1773' is set on object 'Object Repository/RecAndPlayBk/Page-Vlink-CC-Void/txt_ApplicationID'

2024-05-27 19:04:03 - [TEST_STEP][PASSED] - setText(findTestObject("Object Repository/RecAndPlayBk/Page-Vlink-CC-Void/txt_Username"), username): Text 'Qq2BV1qtr' is set on object 'Object Repository/RecAndPlayBk/Page-Vlink-CC-Void/txt_Username'

2024-05-27 19:04:04 - [MESSAGE][PASSED] - Text 'Qq2BV1qtr' is set on object 'Object Repository/RecAndPlayBk/Page-Vlink-CC-Void/txt_Username'

2024-05-27 19:04:04 - [TEST_STEP][PASSED] - setText(findTestObject("Object Repository/RecAndPlayBk/Page-Vlink-CC-Void/txt_Password"), password): Text 'tUmWBiLUx' is set on object 'Object Repository/RecAndPlayBk/Page-Vlink-CC-Void/txt_Password'

2024-05-27 19:04:05 - [MESSAGE][PASSED] - Text 'tUmWBiLUx' is set on object 'Object Repository/RecAndPlayBk/Page-Vlink-CC-Void/txt_Password'

2024-05-27 19:04:05 - [TEST_STEP][PASSED] - setText(findTestObject("Object Repository/RecAndPlayBk/Page-Vlink-CC-Void/txt_TransactionID"), VLinkSaleTranxID): Text '2967758' is set on object 'Object Repository/RecAndPlayBk/Page-Vlink-CC-Void/txt_TransactionID'

2024-05-27 19:04:06 - [MESSAGE][PASSED] - Text '2967758' is set on object 'Object Repository/RecAndPlayBk/Page-Vlink-CC-Void/txt_TransactionID'

2024-05-27 19:04:06 - [TEST_STEP][PASSED] - setText(findTestObject("Object Repository/RecAndPlayBk/Page-Vlink-CC-Void/txt_OriginalTransactionType"), "104"): Text '104' is set on object 'Object Repository/RecAndPlayBk/Page-Vlink-CC-Void/txt_OriginalTransactionType'

2024-05-27 19:04:06 - [MESSAGE][PASSED] - Text '104' is set on object 'Object Repository/RecAndPlayBk/Page-Vlink-CC-Void/txt_OriginalTransactionType'

2024-05-27 19:04:06 - [TEST_STEP][PASSED] - setText(findTestObject("Object Repository/RecAndPlayBk/Page-Vlink-CC-Void/txt_TrackData"), ""): Text '' is set on object 'Object Repository/RecAndPlayBk/Page-Vlink-CC-Void/txt_TrackData'

2024-05-27 19:04:07 - [MESSAGE][PASSED] - Text '' is set on object 'Object Repository/RecAndPlayBk/Page-Vlink-CC-Void/txt_TrackData'

2024-05-27 19:04:07 - [TEST_STEP][PASSED] - click(findTestObject("Object Repository/RecAndPlayBk/Page-Vlink-CC-Void/btn_ProcessVLinkTransaction")): Object: 'Object Repository/RecAndPlayBk/Page-Vlink-CC-Void/btn_ProcessVLinkTransaction' is clicked on

2024-05-27 19:04:08 - [MESSAGE][PASSED] - Object: 'Object Repository/RecAndPlayBk/Page-Vlink-CC-Void/btn_ProcessVLinkTransaction' is clicked on

2024-05-27 19:04:08 - [TEST_STEP][PASSED] - if (verifyTextPresent("Transaction approved, no errors", true)): null

2024-05-27 19:04:09 - [MESSAGE][PASSED] - Text 'Transaction approved, no errors' is present on page  using regular expression

2024-05-27 19:04:09 - [TEST_STEP][PASSED] - println("Transaction Approved, no errors text is present on the Confirmation page"): null

2024-05-27 19:04:09 - [TEST_STEP][PASSED] - out.println("Pass Record Number: " + row): null

2024-05-27 19:04:09 - [TEST_STEP][PASSED] - resText = "Pass": null

2024-05-27 19:04:09 - [TEST_STEP][PASSED] - pages.WriteExcel.demoKey(resText, datText, resColumn, datCloumn, fileLoc, nameSheet, row): pages.WriteExcel.demoKey is PASSED

2024-05-27 19:04:09 - [MESSAGE][PASSED] - pages.WriteExcel.demoKey is PASSED

2024-05-27 19:04:09 - [TEST_STEP][PASSED] - ExecuteTC = findTestData(dataFile).getValue("Execute", row): null

2024-05-27 19:04:09 - [TEST_STEP][PASSED] - out.println("Value of Execute is : " + ExecuteTC): null

2024-05-27 19:04:09 - [TEST_STEP][PASSED] - switch (executionProfile): null

2024-05-27 19:04:09 - [TEST_STEP][PASSED] - case "DemoProfile":: null

2024-05-27 19:04:09 - [TEST_STEP][PASSED] - appID = findTestData(dataFile).getValue("AppIDDemo", row): null

2024-05-27 19:04:09 - [TEST_STEP][PASSED] - username = findTestData(dataFile).getValue("UsernameDemo", row): null

2024-05-27 19:04:09 - [TEST_STEP][PASSED] - password = findTestData(dataFile).getValue("PasswordDemo", row): null

2024-05-27 19:04:09 - [TEST_STEP][PASSED] - break: null

2024-05-27 19:04:09 - [TEST_STEP][PASSED] - if (ExecuteTC.equalsIgnoreCase("Y")): null

2024-05-27 19:04:09 - [TEST_STEP][PASSED] - out.println("Begin Record Number: " + row): null

2024-05-27 19:04:09 - [TEST_STEP][PASSED] - today = new java.util.Date(): null

2024-05-27 19:04:09 - [TEST_STEP][PASSED] - println(today): null

2024-05-27 19:04:09 - [TEST_STEP][PASSED] - datText = today: null

2024-05-27 19:04:09 - [TEST_STEP][PASSED] - category = findTestData(dataFile).getValue("Category", row): null

2024-05-27 19:04:09 - [TEST_STEP][PASSED] - amount = findTestData(dataFile).getValue("Amount", row): null

2024-05-27 19:04:09 - [TEST_STEP][PASSED] - cardNumber = findTestData(dataFile).getValue("CardNumber", row): null

2024-05-27 19:04:10 - [TEST_STEP][PASSED] - exM = findTestData(dataFile).getValue("ExM", row): null

2024-05-27 19:04:10 - [TEST_STEP][PASSED] - exY = findTestData(dataFile).getValue("ExY", row): null

2024-05-27 19:04:10 - [TEST_STEP][PASSED] - openBrowser(VLinkURL + "authcap.html"): Browser is opened with url: 'https://dev-algorithm.govolution.com/vlinktest/demo/version_2_0/authcap.html'

2024-05-27 19:04:10 - [MESSAGE][WARNING] - A browser is already opened. Closing browser and opening a new one

2024-05-27 19:04:11 - [MESSAGE][INFO] - Starting 'Chrome' driver

2024-05-27 19:04:11 - [MESSAGE][INFO] - User set preference: ['acceptInsecureCerts', 'true']

2024-05-27 19:04:11 - [MESSAGE][INFO] - Action delay is set to 0 milliseconds

2024-05-27 19:04:13 - [MESSAGE][PASSED] - Browser is opened with url: 'https://dev-algorithm.govolution.com/vlinktest/demo/version_2_0/authcap.html'

2024-05-27 19:04:13 - [TEST_STEP][PASSED] - maximizeWindow(): Current window maximized

2024-05-27 19:04:13 - [MESSAGE][PASSED] - Current window maximized

2024-05-27 19:04:13 - [TEST_STEP][PASSED] - maximizeWindow(): Current window maximized

2024-05-27 19:04:13 - [MESSAGE][PASSED] - Current window maximized

2024-05-27 19:04:13 - [TEST_STEP][PASSED] - genRemID = RandomStringUtils.random(12, true, true): null

2024-05-27 19:04:13 - [TEST_STEP][PASSED] - setText(findTestObject("Object Repository/RecAndPlayBk/Page-Vlink-Sale/input_Remittance Id_remittance_id"), genRemID): Text '14guhvup64Dr' is set on object 'Object Repository/RecAndPlayBk/Page-Vlink-Sale/input_Remittance Id_remittance_id'

2024-05-27 19:04:14 - [MESSAGE][PASSED] - Text '14guhvup64Dr' is set on object 'Object Repository/RecAndPlayBk/Page-Vlink-Sale/input_Remittance Id_remittance_id'

2024-05-27 19:04:14 - [TEST_STEP][PASSED] - setText(findTestObject("Object Repository/RecAndPlayBk/Page-Vlink-Sale/input_Application Id_application_id"), appID): Text '2435' is set on object 'Object Repository/RecAndPlayBk/Page-Vlink-Sale/input_Application Id_application_id'

2024-05-27 19:04:15 - [MESSAGE][PASSED] - Text '2435' is set on object 'Object Repository/RecAndPlayBk/Page-Vlink-Sale/input_Application Id_application_id'

2024-05-27 19:04:15 - [TEST_STEP][PASSED] - setText(findTestObject("Object Repository/RecAndPlayBk/Page-Vlink-Sale/input_Username_username"), username): Text 'health' is set on object 'Object Repository/RecAndPlayBk/Page-Vlink-Sale/input_Username_username'

2024-05-27 19:04:15 - [MESSAGE][PASSED] - Text 'health' is set on object 'Object Repository/RecAndPlayBk/Page-Vlink-Sale/input_Username_username'

2024-05-27 19:04:15 - [TEST_STEP][PASSED] - setText(findTestObject("Object Repository/RecAndPlayBk/Page-Vlink-Sale/input_Password_password"), password): Text '11111111' is set on object 'Object Repository/RecAndPlayBk/Page-Vlink-Sale/input_Password_password'

2024-05-27 19:04:16 - [MESSAGE][PASSED] - Text '11111111' is set on object 'Object Repository/RecAndPlayBk/Page-Vlink-Sale/input_Password_password'

2024-05-27 19:04:16 - [TEST_STEP][PASSED] - setText(findTestObject("Object Repository/RecAndPlayBk/Page-Vlink-Sale/input_Category_category"), category): Text 'ECOM' is set on object 'Object Repository/RecAndPlayBk/Page-Vlink-Sale/input_Category_category'

2024-05-27 19:04:17 - [MESSAGE][PASSED] - Text 'ECOM' is set on object 'Object Repository/RecAndPlayBk/Page-Vlink-Sale/input_Category_category'

2024-05-27 19:04:17 - [TEST_STEP][PASSED] - setText(findTestObject("Object Repository/RecAndPlayBk/Page-Vlink-Sale/input_Amount_amount"), amount): Text '10.5' is set on object 'Object Repository/RecAndPlayBk/Page-Vlink-Sale/input_Amount_amount'

2024-05-27 19:04:17 - [MESSAGE][PASSED] - Text '10.5' is set on object 'Object Repository/RecAndPlayBk/Page-Vlink-Sale/input_Amount_amount'

2024-05-27 19:04:17 - [TEST_STEP][PASSED] - doubleClick(findTestObject("Object Repository/RecAndPlayBk/Page-Vlink-Sale/input_Card number_card_number")): Object: 'Object Repository/RecAndPlayBk/Page-Vlink-Sale/input_Card number_card_number' is double clicked on

2024-05-27 19:04:18 - [MESSAGE][PASSED] - Object: 'Object Repository/RecAndPlayBk/Page-Vlink-Sale/input_Card number_card_number' is double clicked on

2024-05-27 19:04:18 - [TEST_STEP][PASSED] - setText(findTestObject("Object Repository/RecAndPlayBk/Page-Vlink-Sale/input_Card number_card_number"), cardNumber): Text '4012000098765439' is set on object 'Object Repository/RecAndPlayBk/Page-Vlink-Sale/input_Card number_card_number'

2024-05-27 19:04:18 - [MESSAGE][PASSED] - Text '4012000098765439' is set on object 'Object Repository/RecAndPlayBk/Page-Vlink-Sale/input_Card number_card_number'

2024-05-27 19:04:18 - [TEST_STEP][PASSED] - setText(findTestObject("Object Repository/RecAndPlayBk/Page-Vlink-Sale/input_Card ex month_card_exmo"), exM): Text '12' is set on object 'Object Repository/RecAndPlayBk/Page-Vlink-Sale/input_Card ex month_card_exmo'

2024-05-27 19:04:19 - [MESSAGE][PASSED] - Text '12' is set on object 'Object Repository/RecAndPlayBk/Page-Vlink-Sale/input_Card ex month_card_exmo'

2024-05-27 19:04:19 - [TEST_STEP][PASSED] - setText(findTestObject("Object Repository/RecAndPlayBk/Page-Vlink-Sale/input_Card ex year_card_exyr"), exY): Text '2029' is set on object 'Object Repository/RecAndPlayBk/Page-Vlink-Sale/input_Card ex year_card_exyr'

2024-05-27 19:04:20 - [MESSAGE][PASSED] - Text '2029' is set on object 'Object Repository/RecAndPlayBk/Page-Vlink-Sale/input_Card ex year_card_exyr'

2024-05-27 19:04:20 - [TEST_STEP][PASSED] - click(findTestObject("Object Repository/RecAndPlayBk/Page-Vlink-Sale/input_Track Data_track_data")): Object: 'Object Repository/RecAndPlayBk/Page-Vlink-Sale/input_Track Data_track_data' is clicked on

2024-05-27 19:04:20 - [MESSAGE][PASSED] - Object: 'Object Repository/RecAndPlayBk/Page-Vlink-Sale/input_Track Data_track_data' is clicked on

2024-05-27 19:04:20 - [TEST_STEP][PASSED] - click(findTestObject("Object Repository/RecAndPlayBk/Page-Vlink-Sale/input_CVV state_cvv_state")): Object: 'Object Repository/RecAndPlayBk/Page-Vlink-Sale/input_CVV state_cvv_state' is clicked on

2024-05-27 19:04:21 - [MESSAGE][PASSED] - Object: 'Object Repository/RecAndPlayBk/Page-Vlink-Sale/input_CVV state_cvv_state' is clicked on

2024-05-27 19:04:21 - [TEST_STEP][PASSED] - setText(findTestObject("Object Repository/RecAndPlayBk/Page-Vlink-Sale/input_Track Data_track_data"), ""): Text '' is set on object 'Object Repository/RecAndPlayBk/Page-Vlink-Sale/input_Track Data_track_data'

2024-05-27 19:04:21 - [MESSAGE][PASSED] - Text '' is set on object 'Object Repository/RecAndPlayBk/Page-Vlink-Sale/input_Track Data_track_data'

2024-05-27 19:04:21 - [TEST_STEP][PASSED] - setText(findTestObject("Object Repository/RecAndPlayBk/Page-Vlink-Sale/input_concat(Cardholder, , s email)_email"), ""): Text '' is set on object 'Object Repository/RecAndPlayBk/Page-Vlink-Sale/input_concat(Cardholder, , s email)_email'

2024-05-27 19:04:22 - [MESSAGE][PASSED] - Text '' is set on object 'Object Repository/RecAndPlayBk/Page-Vlink-Sale/input_concat(Cardholder, , s email)_email'

2024-05-27 19:04:22 - [TEST_STEP][PASSED] - click(findTestObject("Object Repository/RecAndPlayBk/Page-Vlink-Sale/input_user_defined10_user_defined10")): Object: 'Object Repository/RecAndPlayBk/Page-Vlink-Sale/input_user_defined10_user_defined10' is clicked on

2024-05-27 19:04:23 - [MESSAGE][PASSED] - Object: 'Object Repository/RecAndPlayBk/Page-Vlink-Sale/input_user_defined10_user_defined10' is clicked on

2024-05-27 19:04:23 - [TEST_STEP][PASSED] - if (executionProfile.equalsIgnoreCase("QAProfile") || executionProfile.equalsIgnoreCase("DemoProfile")): Text '' is set on object 'Object Repository/RecAndPlayBk/Page-Vlink-Sale/input_COF Transaction Initiated by_cof_tran_6cded5'

2024-05-27 19:04:23 - [TEST_STEP][PASSED] - setText(findTestObject("Object Repository/RecAndPlayBk/Page-Vlink-Sale/input_Card on File Indicator_card_on_file_i_157dae"), ""): Text '' is set on object 'Object Repository/RecAndPlayBk/Page-Vlink-Sale/input_Card on File Indicator_card_on_file_i_157dae'

2024-05-27 19:04:24 - [MESSAGE][PASSED] - Text '' is set on object 'Object Repository/RecAndPlayBk/Page-Vlink-Sale/input_Card on File Indicator_card_on_file_i_157dae'

2024-05-27 19:04:24 - [TEST_STEP][PASSED] - setText(findTestObject("Object Repository/RecAndPlayBk/Page-Vlink-Sale/input_Stored Credential Indicator_stored_cr_4ae73c"), ""): Text '' is set on object 'Object Repository/RecAndPlayBk/Page-Vlink-Sale/input_Stored Credential Indicator_stored_cr_4ae73c'

2024-05-27 19:04:24 - [MESSAGE][PASSED] - Text '' is set on object 'Object Repository/RecAndPlayBk/Page-Vlink-Sale/input_Stored Credential Indicator_stored_cr_4ae73c'

2024-05-27 19:04:24 - [TEST_STEP][PASSED] - setText(findTestObject("Object Repository/RecAndPlayBk/Page-Vlink-Sale/input_COF Scheduled indicator_cof_scheduled_8df7d8"), ""): Text '' is set on object 'Object Repository/RecAndPlayBk/Page-Vlink-Sale/input_COF Scheduled indicator_cof_scheduled_8df7d8'

2024-05-27 19:04:25 - [MESSAGE][PASSED] - Text '' is set on object 'Object Repository/RecAndPlayBk/Page-Vlink-Sale/input_COF Scheduled indicator_cof_scheduled_8df7d8'

2024-05-27 19:04:25 - [TEST_STEP][PASSED] - setText(findTestObject("Object Repository/RecAndPlayBk/Page-Vlink-Sale/input_COF Transaction Initiated by_cof_tran_6cded5"), ""): Text '' is set on object 'Object Repository/RecAndPlayBk/Page-Vlink-Sale/input_COF Transaction Initiated by_cof_tran_6cded5'

2024-05-27 19:04:26 - [MESSAGE][PASSED] - Text '' is set on object 'Object Repository/RecAndPlayBk/Page-Vlink-Sale/input_COF Transaction Initiated by_cof_tran_6cded5'

2024-05-27 19:04:26 - [TEST_STEP][PASSED] - click(findTestObject("Object Repository/RecAndPlayBk/Page-Vlink-Sale/input")): Object: 'Object Repository/RecAndPlayBk/Page-Vlink-Sale/input' is clicked on

2024-05-27 19:04:28 - [MESSAGE][PASSED] - Object: 'Object Repository/RecAndPlayBk/Page-Vlink-Sale/input' is clicked on

2024-05-27 19:04:28 - [TEST_STEP][PASSED] - if (verifyTextPresent("Transaction approved, no errors", true)): null

2024-05-27 19:04:28 - [MESSAGE][PASSED] - Text 'Transaction approved, no errors' is present on page  using regular expression

2024-05-27 19:04:28 - [TEST_STEP][PASSED] - println("Transaction Approved, no errors text is present on the Confirmation page"): null

2024-05-27 19:04:28 - [TEST_STEP][PASSED] - sdfo = getText(findTestObject("Object Repository/Page_VLinkReceipt/pre_STX")): Text of object 'Object Repository/Page_VLinkReceipt/pre_STX' is: '<STX>14guhvup64Dr                  2967760             0  Transaction approved, no errors                   0                                                                                  N 765439   <ETX>'

2024-05-27 19:04:29 - [MESSAGE][PASSED] - Text of object 'Object Repository/Page_VLinkReceipt/pre_STX' is: '<STX>14guhvup64Dr                  2967760             0  Transaction approved, no errors                   0                                                                                  N 765439   <ETX>'

2024-05-27 19:04:29 - [TEST_STEP][PASSED] - out.println("sdfo: " + sdfo): null

2024-05-27 19:04:29 - [TEST_STEP][PASSED] - remID = substring(5, 35).trim(): null

2024-05-27 19:04:29 - [TEST_STEP][PASSED] - out.println("remID: " + remID): null

2024-05-27 19:04:29 - [TEST_STEP][PASSED] - traxID = substring(35, 55).trim(): null

2024-05-27 19:04:29 - [TEST_STEP][PASSED] - out.println("traxID: " + traxID): null

2024-05-27 19:04:29 - [TEST_STEP][PASSED] - VLinkSaleRemID = remID: null

2024-05-27 19:04:29 - [TEST_STEP][PASSED] - VLinkSaleTranxID = traxID: null

2024-05-27 19:04:29 - [TEST_STEP][PASSED] - openBrowser(VLinkURL + "CC_void.html"): Browser is opened with url: 'https://dev-algorithm.govolution.com/vlinktest/demo/version_2_0/CC_void.html'

2024-05-27 19:04:29 - [MESSAGE][WARNING] - A browser is already opened. Closing browser and opening a new one

2024-05-27 19:04:30 - [MESSAGE][INFO] - Starting 'Chrome' driver

2024-05-27 19:04:30 - [MESSAGE][INFO] - User set preference: ['acceptInsecureCerts', 'true']

2024-05-27 19:04:30 - [MESSAGE][INFO] - Action delay is set to 0 milliseconds

2024-05-27 19:04:32 - [MESSAGE][PASSED] - Browser is opened with url: 'https://dev-algorithm.govolution.com/vlinktest/demo/version_2_0/CC_void.html'

2024-05-27 19:04:32 - [TEST_STEP][PASSED] - maximizeWindow(): Current window maximized

2024-05-27 19:04:32 - [MESSAGE][PASSED] - Current window maximized

2024-05-27 19:04:32 - [TEST_STEP][PASSED] - setText(findTestObject("Object Repository/RecAndPlayBk/Page-Vlink-CC-Void/txt_RemID"), VLinkSaleRemID): Text '14guhvup64Dr' is set on object 'Object Repository/RecAndPlayBk/Page-Vlink-CC-Void/txt_RemID'

2024-05-27 19:04:33 - [MESSAGE][PASSED] - Text '14guhvup64Dr' is set on object 'Object Repository/RecAndPlayBk/Page-Vlink-CC-Void/txt_RemID'

2024-05-27 19:04:33 - [TEST_STEP][PASSED] - setText(findTestObject("Object Repository/RecAndPlayBk/Page-Vlink-CC-Void/txt_ApplicationID"), appID): Text '2435' is set on object 'Object Repository/RecAndPlayBk/Page-Vlink-CC-Void/txt_ApplicationID'

2024-05-27 19:04:34 - [MESSAGE][PASSED] - Text '2435' is set on object 'Object Repository/RecAndPlayBk/Page-Vlink-CC-Void/txt_ApplicationID'

2024-05-27 19:04:34 - [TEST_STEP][PASSED] - setText(findTestObject("Object Repository/RecAndPlayBk/Page-Vlink-CC-Void/txt_Username"), username): Text 'health' is set on object 'Object Repository/RecAndPlayBk/Page-Vlink-CC-Void/txt_Username'

2024-05-27 19:04:34 - [MESSAGE][PASSED] - Text 'health' is set on object 'Object Repository/RecAndPlayBk/Page-Vlink-CC-Void/txt_Username'

2024-05-27 19:04:34 - [TEST_STEP][PASSED] - setText(findTestObject("Object Repository/RecAndPlayBk/Page-Vlink-CC-Void/txt_Password"), password): Text '11111111' is set on object 'Object Repository/RecAndPlayBk/Page-Vlink-CC-Void/txt_Password'

2024-05-27 19:04:35 - [MESSAGE][PASSED] - Text '11111111' is set on object 'Object Repository/RecAndPlayBk/Page-Vlink-CC-Void/txt_Password'

2024-05-27 19:04:35 - [TEST_STEP][PASSED] - setText(findTestObject("Object Repository/RecAndPlayBk/Page-Vlink-CC-Void/txt_TransactionID"), VLinkSaleTranxID): Text '2967760' is set on object 'Object Repository/RecAndPlayBk/Page-Vlink-CC-Void/txt_TransactionID'

2024-05-27 19:04:36 - [MESSAGE][PASSED] - Text '2967760' is set on object 'Object Repository/RecAndPlayBk/Page-Vlink-CC-Void/txt_TransactionID'

2024-05-27 19:04:36 - [TEST_STEP][PASSED] - setText(findTestObject("Object Repository/RecAndPlayBk/Page-Vlink-CC-Void/txt_OriginalTransactionType"), "104"): Text '104' is set on object 'Object Repository/RecAndPlayBk/Page-Vlink-CC-Void/txt_OriginalTransactionType'

2024-05-27 19:04:36 - [MESSAGE][PASSED] - Text '104' is set on object 'Object Repository/RecAndPlayBk/Page-Vlink-CC-Void/txt_OriginalTransactionType'

2024-05-27 19:04:36 - [TEST_STEP][PASSED] - setText(findTestObject("Object Repository/RecAndPlayBk/Page-Vlink-CC-Void/txt_TrackData"), ""): Text '' is set on object 'Object Repository/RecAndPlayBk/Page-Vlink-CC-Void/txt_TrackData'

2024-05-27 19:04:37 - [MESSAGE][PASSED] - Text '' is set on object 'Object Repository/RecAndPlayBk/Page-Vlink-CC-Void/txt_TrackData'

2024-05-27 19:04:37 - [TEST_STEP][PASSED] - click(findTestObject("Object Repository/RecAndPlayBk/Page-Vlink-CC-Void/btn_ProcessVLinkTransaction")): Object: 'Object Repository/RecAndPlayBk/Page-Vlink-CC-Void/btn_ProcessVLinkTransaction' is clicked on

2024-05-27 19:04:39 - [MESSAGE][PASSED] - Object: 'Object Repository/RecAndPlayBk/Page-Vlink-CC-Void/btn_ProcessVLinkTransaction' is clicked on

2024-05-27 19:04:39 - [TEST_STEP][PASSED] - if (verifyTextPresent("Transaction approved, no errors", true)): null

2024-05-27 19:04:39 - [MESSAGE][PASSED] - Text 'Transaction approved, no errors' is present on page  using regular expression

2024-05-27 19:04:39 - [TEST_STEP][PASSED] - println("Transaction Approved, no errors text is present on the Confirmation page"): null

2024-05-27 19:04:39 - [TEST_STEP][PASSED] - out.println("Pass Record Number: " + row): null

2024-05-27 19:04:39 - [TEST_STEP][PASSED] - resText = "Pass": null

2024-05-27 19:04:39 - [TEST_STEP][PASSED] - pages.WriteExcel.demoKey(resText, datText, resColumn, datCloumn, fileLoc, nameSheet, row): pages.WriteExcel.demoKey is PASSED

2024-05-27 19:04:39 - [MESSAGE][PASSED] - pages.WriteExcel.demoKey is PASSED

2024-05-27 19:04:39 - [TEST_STEP][PASSED] - ExecuteTC = findTestData(dataFile).getValue("Execute", row): null

2024-05-27 19:04:39 - [TEST_STEP][PASSED] - out.println("Value of Execute is : " + ExecuteTC): null

2024-05-27 19:04:39 - [TEST_STEP][PASSED] - switch (executionProfile): null

2024-05-27 19:04:39 - [TEST_STEP][PASSED] - case "DemoProfile":: null

2024-05-27 19:04:39 - [TEST_STEP][PASSED] - appID = findTestData(dataFile).getValue("AppIDDemo", row): null

2024-05-27 19:04:39 - [TEST_STEP][PASSED] - username = findTestData(dataFile).getValue("UsernameDemo", row): null

2024-05-27 19:04:40 - [TEST_STEP][PASSED] - password = findTestData(dataFile).getValue("PasswordDemo", row): null

2024-05-27 19:04:40 - [TEST_STEP][PASSED] - break: null

2024-05-27 19:04:40 - [TEST_STEP][PASSED] - if (ExecuteTC.equalsIgnoreCase("Y")): null

2024-05-27 19:04:40 - [TEST_STEP][PASSED] - out.println("Begin Record Number: " + row): null

2024-05-27 19:04:40 - [TEST_STEP][PASSED] - today = new java.util.Date(): null

2024-05-27 19:04:40 - [TEST_STEP][PASSED] - println(today): null

2024-05-27 19:04:40 - [TEST_STEP][PASSED] - datText = today: null

2024-05-27 19:04:40 - [TEST_STEP][PASSED] - category = findTestData(dataFile).getValue("Category", row): null

2024-05-27 19:04:40 - [TEST_STEP][PASSED] - amount = findTestData(dataFile).getValue("Amount", row): null

2024-05-27 19:04:40 - [TEST_STEP][PASSED] - cardNumber = findTestData(dataFile).getValue("CardNumber", row): null

2024-05-27 19:04:40 - [TEST_STEP][PASSED] - exM = findTestData(dataFile).getValue("ExM", row): null

2024-05-27 19:04:40 - [TEST_STEP][PASSED] - exY = findTestData(dataFile).getValue("ExY", row): null

2024-05-27 19:04:40 - [TEST_STEP][PASSED] - openBrowser(VLinkURL + "authcap.html"): Browser is opened with url: 'https://dev-algorithm.govolution.com/vlinktest/demo/version_2_0/authcap.html'

2024-05-27 19:04:40 - [MESSAGE][WARNING] - A browser is already opened. Closing browser and opening a new one

2024-05-27 19:04:41 - [MESSAGE][INFO] - Starting 'Chrome' driver

2024-05-27 19:04:41 - [MESSAGE][INFO] - User set preference: ['acceptInsecureCerts', 'true']

2024-05-27 19:04:41 - [MESSAGE][INFO] - Action delay is set to 0 milliseconds

2024-05-27 19:04:43 - [MESSAGE][PASSED] - Browser is opened with url: 'https://dev-algorithm.govolution.com/vlinktest/demo/version_2_0/authcap.html'

2024-05-27 19:04:43 - [TEST_STEP][PASSED] - maximizeWindow(): Current window maximized

2024-05-27 19:04:43 - [MESSAGE][PASSED] - Current window maximized

2024-05-27 19:04:43 - [TEST_STEP][PASSED] - maximizeWindow(): Current window maximized

2024-05-27 19:04:43 - [MESSAGE][PASSED] - Current window maximized

2024-05-27 19:04:43 - [TEST_STEP][PASSED] - genRemID = RandomStringUtils.random(12, true, true): null

2024-05-27 19:04:43 - [TEST_STEP][PASSED] - setText(findTestObject("Object Repository/RecAndPlayBk/Page-Vlink-Sale/input_Remittance Id_remittance_id"), genRemID): Text 'q7g5wDv2hCZ8' is set on object 'Object Repository/RecAndPlayBk/Page-Vlink-Sale/input_Remittance Id_remittance_id'

2024-05-27 19:04:44 - [MESSAGE][PASSED] - Text 'q7g5wDv2hCZ8' is set on object 'Object Repository/RecAndPlayBk/Page-Vlink-Sale/input_Remittance Id_remittance_id'

2024-05-27 19:04:44 - [TEST_STEP][PASSED] - setText(findTestObject("Object Repository/RecAndPlayBk/Page-Vlink-Sale/input_Application Id_application_id"), appID): Text '3136' is set on object 'Object Repository/RecAndPlayBk/Page-Vlink-Sale/input_Application Id_application_id'

2024-05-27 19:04:45 - [MESSAGE][PASSED] - Text '3136' is set on object 'Object Repository/RecAndPlayBk/Page-Vlink-Sale/input_Application Id_application_id'

2024-05-27 19:04:45 - [TEST_STEP][PASSED] - setText(findTestObject("Object Repository/RecAndPlayBk/Page-Vlink-Sale/input_Username_username"), username): Text 'user3136' is set on object 'Object Repository/RecAndPlayBk/Page-Vlink-Sale/input_Username_username'

2024-05-27 19:04:46 - [MESSAGE][PASSED] - Text 'user3136' is set on object 'Object Repository/RecAndPlayBk/Page-Vlink-Sale/input_Username_username'

2024-05-27 19:04:46 - [TEST_STEP][PASSED] - setText(findTestObject("Object Repository/RecAndPlayBk/Page-Vlink-Sale/input_Password_password"), password): Text 'pwd3136' is set on object 'Object Repository/RecAndPlayBk/Page-Vlink-Sale/input_Password_password'

2024-05-27 19:04:46 - [MESSAGE][PASSED] - Text 'pwd3136' is set on object 'Object Repository/RecAndPlayBk/Page-Vlink-Sale/input_Password_password'

2024-05-27 19:04:46 - [TEST_STEP][PASSED] - setText(findTestObject("Object Repository/RecAndPlayBk/Page-Vlink-Sale/input_Category_category"), category): Text 'ECOM' is set on object 'Object Repository/RecAndPlayBk/Page-Vlink-Sale/input_Category_category'

2024-05-27 19:04:47 - [MESSAGE][PASSED] - Text 'ECOM' is set on object 'Object Repository/RecAndPlayBk/Page-Vlink-Sale/input_Category_category'

2024-05-27 19:04:47 - [TEST_STEP][PASSED] - setText(findTestObject("Object Repository/RecAndPlayBk/Page-Vlink-Sale/input_Amount_amount"), amount): Text '10.5' is set on object 'Object Repository/RecAndPlayBk/Page-Vlink-Sale/input_Amount_amount'

2024-05-27 19:04:48 - [MESSAGE][PASSED] - Text '10.5' is set on object 'Object Repository/RecAndPlayBk/Page-Vlink-Sale/input_Amount_amount'

2024-05-27 19:04:48 - [TEST_STEP][PASSED] - doubleClick(findTestObject("Object Repository/RecAndPlayBk/Page-Vlink-Sale/input_Card number_card_number")): Object: 'Object Repository/RecAndPlayBk/Page-Vlink-Sale/input_Card number_card_number' is double clicked on

2024-05-27 19:04:48 - [MESSAGE][PASSED] - Object: 'Object Repository/RecAndPlayBk/Page-Vlink-Sale/input_Card number_card_number' is double clicked on

2024-05-27 19:04:48 - [TEST_STEP][PASSED] - setText(findTestObject("Object Repository/RecAndPlayBk/Page-Vlink-Sale/input_Card number_card_number"), cardNumber): Text '4761739001010135' is set on object 'Object Repository/RecAndPlayBk/Page-Vlink-Sale/input_Card number_card_number'

2024-05-27 19:04:49 - [MESSAGE][PASSED] - Text '4761739001010135' is set on object 'Object Repository/RecAndPlayBk/Page-Vlink-Sale/input_Card number_card_number'

2024-05-27 19:04:49 - [TEST_STEP][PASSED] - setText(findTestObject("Object Repository/RecAndPlayBk/Page-Vlink-Sale/input_Card ex month_card_exmo"), exM): Text '12' is set on object 'Object Repository/RecAndPlayBk/Page-Vlink-Sale/input_Card ex month_card_exmo'

2024-05-27 19:04:49 - [MESSAGE][PASSED] - Text '12' is set on object 'Object Repository/RecAndPlayBk/Page-Vlink-Sale/input_Card ex month_card_exmo'

2024-05-27 19:04:49 - [TEST_STEP][PASSED] - setText(findTestObject("Object Repository/RecAndPlayBk/Page-Vlink-Sale/input_Card ex year_card_exyr"), exY): Text '2029' is set on object 'Object Repository/RecAndPlayBk/Page-Vlink-Sale/input_Card ex year_card_exyr'

2024-05-27 19:04:50 - [MESSAGE][PASSED] - Text '2029' is set on object 'Object Repository/RecAndPlayBk/Page-Vlink-Sale/input_Card ex year_card_exyr'

2024-05-27 19:04:50 - [TEST_STEP][PASSED] - click(findTestObject("Object Repository/RecAndPlayBk/Page-Vlink-Sale/input_Track Data_track_data")): Object: 'Object Repository/RecAndPlayBk/Page-Vlink-Sale/input_Track Data_track_data' is clicked on

2024-05-27 19:04:51 - [MESSAGE][PASSED] - Object: 'Object Repository/RecAndPlayBk/Page-Vlink-Sale/input_Track Data_track_data' is clicked on

2024-05-27 19:04:51 - [TEST_STEP][PASSED] - click(findTestObject("Object Repository/RecAndPlayBk/Page-Vlink-Sale/input_CVV state_cvv_state")): Object: 'Object Repository/RecAndPlayBk/Page-Vlink-Sale/input_CVV state_cvv_state' is clicked on

2024-05-27 19:04:51 - [MESSAGE][PASSED] - Object: 'Object Repository/RecAndPlayBk/Page-Vlink-Sale/input_CVV state_cvv_state' is clicked on

2024-05-27 19:04:51 - [TEST_STEP][PASSED] - setText(findTestObject("Object Repository/RecAndPlayBk/Page-Vlink-Sale/input_Track Data_track_data"), ""): Text '' is set on object 'Object Repository/RecAndPlayBk/Page-Vlink-Sale/input_Track Data_track_data'

2024-05-27 19:04:52 - [MESSAGE][PASSED] - Text '' is set on object 'Object Repository/RecAndPlayBk/Page-Vlink-Sale/input_Track Data_track_data'

2024-05-27 19:04:52 - [TEST_STEP][PASSED] - setText(findTestObject("Object Repository/RecAndPlayBk/Page-Vlink-Sale/input_concat(Cardholder, , s email)_email"), ""): Text '' is set on object 'Object Repository/RecAndPlayBk/Page-Vlink-Sale/input_concat(Cardholder, , s email)_email'

2024-05-27 19:04:53 - [MESSAGE][PASSED] - Text '' is set on object 'Object Repository/RecAndPlayBk/Page-Vlink-Sale/input_concat(Cardholder, , s email)_email'

2024-05-27 19:04:53 - [TEST_STEP][PASSED] - click(findTestObject("Object Repository/RecAndPlayBk/Page-Vlink-Sale/input_user_defined10_user_defined10")): Object: 'Object Repository/RecAndPlayBk/Page-Vlink-Sale/input_user_defined10_user_defined10' is clicked on

2024-05-27 19:04:53 - [MESSAGE][PASSED] - Object: 'Object Repository/RecAndPlayBk/Page-Vlink-Sale/input_user_defined10_user_defined10' is clicked on

2024-05-27 19:04:53 - [TEST_STEP][PASSED] - if (executionProfile.equalsIgnoreCase("QAProfile") || executionProfile.equalsIgnoreCase("DemoProfile")): Text '' is set on object 'Object Repository/RecAndPlayBk/Page-Vlink-Sale/input_COF Transaction Initiated by_cof_tran_6cded5'

2024-05-27 19:04:53 - [TEST_STEP][PASSED] - setText(findTestObject("Object Repository/RecAndPlayBk/Page-Vlink-Sale/input_Card on File Indicator_card_on_file_i_157dae"), ""): Text '' is set on object 'Object Repository/RecAndPlayBk/Page-Vlink-Sale/input_Card on File Indicator_card_on_file_i_157dae'

2024-05-27 19:04:54 - [MESSAGE][PASSED] - Text '' is set on object 'Object Repository/RecAndPlayBk/Page-Vlink-Sale/input_Card on File Indicator_card_on_file_i_157dae'

2024-05-27 19:04:54 - [TEST_STEP][PASSED] - setText(findTestObject("Object Repository/RecAndPlayBk/Page-Vlink-Sale/input_Stored Credential Indicator_stored_cr_4ae73c"), ""): Text '' is set on object 'Object Repository/RecAndPlayBk/Page-Vlink-Sale/input_Stored Credential Indicator_stored_cr_4ae73c'

2024-05-27 19:04:55 - [MESSAGE][PASSED] - Text '' is set on object 'Object Repository/RecAndPlayBk/Page-Vlink-Sale/input_Stored Credential Indicator_stored_cr_4ae73c'

2024-05-27 19:04:55 - [TEST_STEP][PASSED] - setText(findTestObject("Object Repository/RecAndPlayBk/Page-Vlink-Sale/input_COF Scheduled indicator_cof_scheduled_8df7d8"), ""): Text '' is set on object 'Object Repository/RecAndPlayBk/Page-Vlink-Sale/input_COF Scheduled indicator_cof_scheduled_8df7d8'

2024-05-27 19:04:55 - [MESSAGE][PASSED] - Text '' is set on object 'Object Repository/RecAndPlayBk/Page-Vlink-Sale/input_COF Scheduled indicator_cof_scheduled_8df7d8'

2024-05-27 19:04:55 - [TEST_STEP][PASSED] - setText(findTestObject("Object Repository/RecAndPlayBk/Page-Vlink-Sale/input_COF Transaction Initiated by_cof_tran_6cded5"), ""): Text '' is set on object 'Object Repository/RecAndPlayBk/Page-Vlink-Sale/input_COF Transaction Initiated by_cof_tran_6cded5'

2024-05-27 19:04:56 - [MESSAGE][PASSED] - Text '' is set on object 'Object Repository/RecAndPlayBk/Page-Vlink-Sale/input_COF Transaction Initiated by_cof_tran_6cded5'

2024-05-27 19:04:56 - [TEST_STEP][PASSED] - click(findTestObject("Object Repository/RecAndPlayBk/Page-Vlink-Sale/input")): Object: 'Object Repository/RecAndPlayBk/Page-Vlink-Sale/input' is clicked on

2024-05-27 19:04:58 - [MESSAGE][PASSED] - Object: 'Object Repository/RecAndPlayBk/Page-Vlink-Sale/input' is clicked on

2024-05-27 19:04:58 - [TEST_STEP][PASSED] - if (verifyTextPresent("Transaction approved, no errors", true)): null

2024-05-27 19:04:58 - [MESSAGE][PASSED] - Text 'Transaction approved, no errors' is present on page  using regular expression

2024-05-27 19:04:58 - [TEST_STEP][PASSED] - println("Transaction Approved, no errors text is present on the Confirmation page"): null

2024-05-27 19:04:58 - [TEST_STEP][PASSED] - sdfo = getText(findTestObject("Object Repository/Page_VLinkReceipt/pre_STX")): Text of object 'Object Repository/Page_VLinkReceipt/pre_STX' is: '<STX>q7g5wDv2hCZ8                  2967762             0  Transaction approved, no errors                   0                                                                                    456448   <ETX>'

2024-05-27 19:04:59 - [MESSAGE][PASSED] - Text of object 'Object Repository/Page_VLinkReceipt/pre_STX' is: '<STX>q7g5wDv2hCZ8                  2967762             0  Transaction approved, no errors                   0                                                                                    456448   <ETX>'

2024-05-27 19:04:59 - [TEST_STEP][PASSED] - out.println("sdfo: " + sdfo): null

2024-05-27 19:04:59 - [TEST_STEP][PASSED] - remID = substring(5, 35).trim(): null

2024-05-27 19:04:59 - [TEST_STEP][PASSED] - out.println("remID: " + remID): null

2024-05-27 19:04:59 - [TEST_STEP][PASSED] - traxID = substring(35, 55).trim(): null

2024-05-27 19:04:59 - [TEST_STEP][PASSED] - out.println("traxID: " + traxID): null

2024-05-27 19:04:59 - [TEST_STEP][PASSED] - VLinkSaleRemID = remID: null

2024-05-27 19:04:59 - [TEST_STEP][PASSED] - VLinkSaleTranxID = traxID: null

2024-05-27 19:04:59 - [TEST_STEP][PASSED] - openBrowser(VLinkURL + "CC_void.html"): Browser is opened with url: 'https://dev-algorithm.govolution.com/vlinktest/demo/version_2_0/CC_void.html'

2024-05-27 19:04:59 - [MESSAGE][WARNING] - A browser is already opened. Closing browser and opening a new one

2024-05-27 19:05:00 - [MESSAGE][INFO] - Starting 'Chrome' driver

2024-05-27 19:05:00 - [MESSAGE][INFO] - User set preference: ['acceptInsecureCerts', 'true']

2024-05-27 19:05:00 - [MESSAGE][INFO] - Action delay is set to 0 milliseconds

2024-05-27 19:05:02 - [MESSAGE][PASSED] - Browser is opened with url: 'https://dev-algorithm.govolution.com/vlinktest/demo/version_2_0/CC_void.html'

2024-05-27 19:05:02 - [TEST_STEP][PASSED] - maximizeWindow(): Current window maximized

2024-05-27 19:05:02 - [MESSAGE][PASSED] - Current window maximized

2024-05-27 19:05:02 - [TEST_STEP][PASSED] - setText(findTestObject("Object Repository/RecAndPlayBk/Page-Vlink-CC-Void/txt_RemID"), VLinkSaleRemID): Text 'q7g5wDv2hCZ8' is set on object 'Object Repository/RecAndPlayBk/Page-Vlink-CC-Void/txt_RemID'

2024-05-27 19:05:03 - [MESSAGE][PASSED] - Text 'q7g5wDv2hCZ8' is set on object 'Object Repository/RecAndPlayBk/Page-Vlink-CC-Void/txt_RemID'

2024-05-27 19:05:03 - [TEST_STEP][PASSED] - setText(findTestObject("Object Repository/RecAndPlayBk/Page-Vlink-CC-Void/txt_ApplicationID"), appID): Text '3136' is set on object 'Object Repository/RecAndPlayBk/Page-Vlink-CC-Void/txt_ApplicationID'

2024-05-27 19:05:04 - [MESSAGE][PASSED] - Text '3136' is set on object 'Object Repository/RecAndPlayBk/Page-Vlink-CC-Void/txt_ApplicationID'

2024-05-27 19:05:04 - [TEST_STEP][PASSED] - setText(findTestObject("Object Repository/RecAndPlayBk/Page-Vlink-CC-Void/txt_Username"), username): Text 'user3136' is set on object 'Object Repository/RecAndPlayBk/Page-Vlink-CC-Void/txt_Username'

2024-05-27 19:05:04 - [MESSAGE][PASSED] - Text 'user3136' is set on object 'Object Repository/RecAndPlayBk/Page-Vlink-CC-Void/txt_Username'

2024-05-27 19:05:04 - [TEST_STEP][PASSED] - setText(findTestObject("Object Repository/RecAndPlayBk/Page-Vlink-CC-Void/txt_Password"), password): Text 'pwd3136' is set on object 'Object Repository/RecAndPlayBk/Page-Vlink-CC-Void/txt_Password'

2024-05-27 19:05:05 - [MESSAGE][PASSED] - Text 'pwd3136' is set on object 'Object Repository/RecAndPlayBk/Page-Vlink-CC-Void/txt_Password'

2024-05-27 19:05:05 - [TEST_STEP][PASSED] - setText(findTestObject("Object Repository/RecAndPlayBk/Page-Vlink-CC-Void/txt_TransactionID"), VLinkSaleTranxID): Text '2967762' is set on object 'Object Repository/RecAndPlayBk/Page-Vlink-CC-Void/txt_TransactionID'

2024-05-27 19:05:06 - [MESSAGE][PASSED] - Text '2967762' is set on object 'Object Repository/RecAndPlayBk/Page-Vlink-CC-Void/txt_TransactionID'

2024-05-27 19:05:06 - [TEST_STEP][PASSED] - setText(findTestObject("Object Repository/RecAndPlayBk/Page-Vlink-CC-Void/txt_OriginalTransactionType"), "104"): Text '104' is set on object 'Object Repository/RecAndPlayBk/Page-Vlink-CC-Void/txt_OriginalTransactionType'

2024-05-27 19:05:06 - [MESSAGE][PASSED] - Text '104' is set on object 'Object Repository/RecAndPlayBk/Page-Vlink-CC-Void/txt_OriginalTransactionType'

2024-05-27 19:05:06 - [TEST_STEP][PASSED] - setText(findTestObject("Object Repository/RecAndPlayBk/Page-Vlink-CC-Void/txt_TrackData"), ""): Text '' is set on object 'Object Repository/RecAndPlayBk/Page-Vlink-CC-Void/txt_TrackData'

2024-05-27 19:05:07 - [MESSAGE][PASSED] - Text '' is set on object 'Object Repository/RecAndPlayBk/Page-Vlink-CC-Void/txt_TrackData'

2024-05-27 19:05:07 - [TEST_STEP][PASSED] - click(findTestObject("Object Repository/RecAndPlayBk/Page-Vlink-CC-Void/btn_ProcessVLinkTransaction")): Object: 'Object Repository/RecAndPlayBk/Page-Vlink-CC-Void/btn_ProcessVLinkTransaction' is clicked on

2024-05-27 19:05:08 - [MESSAGE][PASSED] - Object: 'Object Repository/RecAndPlayBk/Page-Vlink-CC-Void/btn_ProcessVLinkTransaction' is clicked on

2024-05-27 19:05:08 - [TEST_STEP][PASSED] - if (verifyTextPresent("Transaction approved, no errors", true)): null

2024-05-27 19:05:09 - [MESSAGE][PASSED] - Text 'Transaction approved, no errors' is present on page  using regular expression

2024-05-27 19:05:09 - [TEST_STEP][PASSED] - println("Transaction Approved, no errors text is present on the Confirmation page"): null

2024-05-27 19:05:09 - [TEST_STEP][PASSED] - out.println("Pass Record Number: " + row): null

2024-05-27 19:05:09 - [TEST_STEP][PASSED] - resText = "Pass": null

2024-05-27 19:05:09 - [TEST_STEP][PASSED] - pages.WriteExcel.demoKey(resText, datText, resColumn, datCloumn, fileLoc, nameSheet, row): pages.WriteExcel.demoKey is PASSED

2024-05-27 19:05:09 - [MESSAGE][PASSED] - pages.WriteExcel.demoKey is PASSED]]></system-out>
         <system-err><![CDATA[]]></system-err>
      </testcase>
      <testcase name="Test Cases/RecAndPlayBk/VLink/Sale-Credit" time="165.885" classname="Test Cases/RecAndPlayBk/VLink/Sale-Credit" status="PASSED">
         <system-out><![CDATA[2024-05-27 19:05:09 - [TEST_CASE][PASSED] - Test Cases/RecAndPlayBk/VLink/Sale-Credit: Test Cases/RecAndPlayBk/VLink/Sale-Credit

2024-05-27 19:05:10 - [TEST_STEP][PASSED] - executionProfile = getExecutionProfile(): null

2024-05-27 19:05:10 - [TEST_STEP][PASSED] - out.println("executionProfile : " + executionProfile): null

2024-05-27 19:05:10 - [TEST_STEP][PASSED] - appName = <not implemented yet for class: org.codehaus.groovy.ast.expr.EmptyExpression>: null

2024-05-27 19:05:10 - [TEST_STEP][PASSED] - appID = <not implemented yet for class: org.codehaus.groovy.ast.expr.EmptyExpression>: null

2024-05-27 19:05:10 - [TEST_STEP][PASSED] - username = <not implemented yet for class: org.codehaus.groovy.ast.expr.EmptyExpression>: null

2024-05-27 19:05:10 - [TEST_STEP][PASSED] - password = <not implemented yet for class: org.codehaus.groovy.ast.expr.EmptyExpression>: null

2024-05-27 19:05:10 - [TEST_STEP][PASSED] - cardNameV = <not implemented yet for class: org.codehaus.groovy.ast.expr.EmptyExpression>: null

2024-05-27 19:05:10 - [TEST_STEP][PASSED] - al1V = <not implemented yet for class: org.codehaus.groovy.ast.expr.EmptyExpression>: null

2024-05-27 19:05:10 - [TEST_STEP][PASSED] - al2V = <not implemented yet for class: org.codehaus.groovy.ast.expr.EmptyExpression>: null

2024-05-27 19:05:10 - [TEST_STEP][PASSED] - zipV = <not implemented yet for class: org.codehaus.groovy.ast.expr.EmptyExpression>: null

2024-05-27 19:05:10 - [TEST_STEP][PASSED] - cardTypeV = <not implemented yet for class: org.codehaus.groovy.ast.expr.EmptyExpression>: null

2024-05-27 19:05:10 - [TEST_STEP][PASSED] - last4V = <not implemented yet for class: org.codehaus.groovy.ast.expr.EmptyExpression>: null

2024-05-27 19:05:10 - [TEST_STEP][PASSED] - resText = "Fail": null

2024-05-27 19:05:10 - [TEST_STEP][PASSED] - resColumn = "Result": null

2024-05-27 19:05:10 - [TEST_STEP][PASSED] - datCloumn = "Date": null

2024-05-27 19:05:10 - [TEST_STEP][PASSED] - fileLoc = "KatalonData/VLinkSmokeData.xlsx": null

2024-05-27 19:05:10 - [TEST_STEP][PASSED] - numOfRows = <not implemented yet for class: org.codehaus.groovy.ast.expr.EmptyExpression>: null

2024-05-27 19:05:10 - [TEST_STEP][PASSED] - dataFile = <not implemented yet for class: org.codehaus.groovy.ast.expr.EmptyExpression>: null

2024-05-27 19:05:10 - [TEST_STEP][PASSED] - nameSheet = <not implemented yet for class: org.codehaus.groovy.ast.expr.EmptyExpression>: null

2024-05-27 19:05:10 - [TEST_STEP][PASSED] - nameSheet = "Sale-Credit": null

2024-05-27 19:05:10 - [TEST_STEP][PASSED] - numOfRows = findTestData("QA/VLinkTestData/VLinkSaleCreditData").getRowNumbers(): null

2024-05-27 19:05:10 - [TEST_STEP][PASSED] - println("Number of Records: " + numOfRows): null

2024-05-27 19:05:10 - [TEST_STEP][PASSED] - dataFile = "QA/VLinkTestData/VLinkSaleCreditData": null

2024-05-27 19:05:10 - [TEST_STEP][PASSED] - for ([row = 1, row <= numOfRows, (row++)]): null

2024-05-27 19:05:10 - [TEST_STEP][PASSED] - ExecuteTC = findTestData(dataFile).getValue("Execute", row): null

2024-05-27 19:05:10 - [TEST_STEP][PASSED] - out.println("Value of Execute is : " + ExecuteTC): null

2024-05-27 19:05:10 - [TEST_STEP][PASSED] - switch (executionProfile): null

2024-05-27 19:05:10 - [TEST_STEP][PASSED] - case "DemoProfile":: null

2024-05-27 19:05:10 - [TEST_STEP][PASSED] - appID = findTestData(dataFile).getValue("AppIDDemo", row): null

2024-05-27 19:05:10 - [TEST_STEP][PASSED] - username = findTestData(dataFile).getValue("UsernameDemo", row): null

2024-05-27 19:05:10 - [TEST_STEP][PASSED] - password = findTestData(dataFile).getValue("PasswordDemo", row): null

2024-05-27 19:05:10 - [TEST_STEP][PASSED] - break: null

2024-05-27 19:05:10 - [TEST_STEP][PASSED] - if (ExecuteTC.equalsIgnoreCase("Y")): null

2024-05-27 19:05:10 - [TEST_STEP][PASSED] - out.println("Begin Record Number: " + row): null

2024-05-27 19:05:10 - [TEST_STEP][PASSED] - today = new java.util.Date(): null

2024-05-27 19:05:10 - [TEST_STEP][PASSED] - println(today): null

2024-05-27 19:05:10 - [TEST_STEP][PASSED] - datText = today: null

2024-05-27 19:05:10 - [TEST_STEP][PASSED] - category = findTestData(dataFile).getValue("Category", row): null

2024-05-27 19:05:10 - [TEST_STEP][PASSED] - amount = findTestData(dataFile).getValue("Amount", row): null

2024-05-27 19:05:10 - [TEST_STEP][PASSED] - cardNumber = findTestData(dataFile).getValue("CardNumber", row): null

2024-05-27 19:05:10 - [TEST_STEP][PASSED] - exM = findTestData(dataFile).getValue("ExM", row): null

2024-05-27 19:05:11 - [TEST_STEP][PASSED] - exY = findTestData(dataFile).getValue("ExY", row): null

2024-05-27 19:05:11 - [TEST_STEP][PASSED] - openBrowser(VLinkURL + "authcap.html"): Browser is opened with url: 'https://dev-algorithm.govolution.com/vlinktest/demo/version_2_0/authcap.html'

2024-05-27 19:05:11 - [MESSAGE][WARNING] - A browser is already opened. Closing browser and opening a new one

2024-05-27 19:05:12 - [MESSAGE][INFO] - Starting 'Chrome' driver

2024-05-27 19:05:12 - [MESSAGE][INFO] - User set preference: ['acceptInsecureCerts', 'true']

2024-05-27 19:05:12 - [MESSAGE][INFO] - Action delay is set to 0 milliseconds

2024-05-27 19:05:14 - [MESSAGE][PASSED] - Browser is opened with url: 'https://dev-algorithm.govolution.com/vlinktest/demo/version_2_0/authcap.html'

2024-05-27 19:05:14 - [TEST_STEP][PASSED] - maximizeWindow(): Current window maximized

2024-05-27 19:05:14 - [MESSAGE][PASSED] - Current window maximized

2024-05-27 19:05:14 - [TEST_STEP][PASSED] - maximizeWindow(): Current window maximized

2024-05-27 19:05:14 - [MESSAGE][PASSED] - Current window maximized

2024-05-27 19:05:14 - [TEST_STEP][PASSED] - genRemID = RandomStringUtils.random(12, true, true): null

2024-05-27 19:05:14 - [TEST_STEP][PASSED] - setText(findTestObject("Object Repository/RecAndPlayBk/Page-Vlink-Sale/input_Remittance Id_remittance_id"), genRemID): Text 'DcR0Mp7vwZPR' is set on object 'Object Repository/RecAndPlayBk/Page-Vlink-Sale/input_Remittance Id_remittance_id'

2024-05-27 19:05:15 - [MESSAGE][PASSED] - Text 'DcR0Mp7vwZPR' is set on object 'Object Repository/RecAndPlayBk/Page-Vlink-Sale/input_Remittance Id_remittance_id'

2024-05-27 19:05:15 - [TEST_STEP][PASSED] - setText(findTestObject("Object Repository/RecAndPlayBk/Page-Vlink-Sale/input_Application Id_application_id"), appID): Text '1773' is set on object 'Object Repository/RecAndPlayBk/Page-Vlink-Sale/input_Application Id_application_id'

2024-05-27 19:05:16 - [MESSAGE][PASSED] - Text '1773' is set on object 'Object Repository/RecAndPlayBk/Page-Vlink-Sale/input_Application Id_application_id'

2024-05-27 19:05:16 - [TEST_STEP][PASSED] - setText(findTestObject("Object Repository/RecAndPlayBk/Page-Vlink-Sale/input_Username_username"), username): Text 'Qq2BV1qtr' is set on object 'Object Repository/RecAndPlayBk/Page-Vlink-Sale/input_Username_username'

2024-05-27 19:05:16 - [MESSAGE][PASSED] - Text 'Qq2BV1qtr' is set on object 'Object Repository/RecAndPlayBk/Page-Vlink-Sale/input_Username_username'

2024-05-27 19:05:16 - [TEST_STEP][PASSED] - setText(findTestObject("Object Repository/RecAndPlayBk/Page-Vlink-Sale/input_Password_password"), password): Text 'tUmWBiLUx' is set on object 'Object Repository/RecAndPlayBk/Page-Vlink-Sale/input_Password_password'

2024-05-27 19:05:17 - [MESSAGE][PASSED] - Text 'tUmWBiLUx' is set on object 'Object Repository/RecAndPlayBk/Page-Vlink-Sale/input_Password_password'

2024-05-27 19:05:17 - [TEST_STEP][PASSED] - setText(findTestObject("Object Repository/RecAndPlayBk/Page-Vlink-Sale/input_Category_category"), category): Text 'ECOM' is set on object 'Object Repository/RecAndPlayBk/Page-Vlink-Sale/input_Category_category'

2024-05-27 19:05:18 - [MESSAGE][PASSED] - Text 'ECOM' is set on object 'Object Repository/RecAndPlayBk/Page-Vlink-Sale/input_Category_category'

2024-05-27 19:05:18 - [TEST_STEP][PASSED] - setText(findTestObject("Object Repository/RecAndPlayBk/Page-Vlink-Sale/input_Amount_amount"), amount): Text '10.5' is set on object 'Object Repository/RecAndPlayBk/Page-Vlink-Sale/input_Amount_amount'

2024-05-27 19:05:18 - [MESSAGE][PASSED] - Text '10.5' is set on object 'Object Repository/RecAndPlayBk/Page-Vlink-Sale/input_Amount_amount'

2024-05-27 19:05:18 - [TEST_STEP][PASSED] - doubleClick(findTestObject("Object Repository/RecAndPlayBk/Page-Vlink-Sale/input_Card number_card_number")): Object: 'Object Repository/RecAndPlayBk/Page-Vlink-Sale/input_Card number_card_number' is double clicked on

2024-05-27 19:05:19 - [MESSAGE][PASSED] - Object: 'Object Repository/RecAndPlayBk/Page-Vlink-Sale/input_Card number_card_number' is double clicked on

2024-05-27 19:05:19 - [TEST_STEP][PASSED] - setText(findTestObject("Object Repository/RecAndPlayBk/Page-Vlink-Sale/input_Card number_card_number"), cardNumber): Text '4111111111111111' is set on object 'Object Repository/RecAndPlayBk/Page-Vlink-Sale/input_Card number_card_number'

2024-05-27 19:05:20 - [MESSAGE][PASSED] - Text '4111111111111111' is set on object 'Object Repository/RecAndPlayBk/Page-Vlink-Sale/input_Card number_card_number'

2024-05-27 19:05:20 - [TEST_STEP][PASSED] - setText(findTestObject("Object Repository/RecAndPlayBk/Page-Vlink-Sale/input_Card ex month_card_exmo"), exM): Text '12' is set on object 'Object Repository/RecAndPlayBk/Page-Vlink-Sale/input_Card ex month_card_exmo'

2024-05-27 19:05:20 - [MESSAGE][PASSED] - Text '12' is set on object 'Object Repository/RecAndPlayBk/Page-Vlink-Sale/input_Card ex month_card_exmo'

2024-05-27 19:05:20 - [TEST_STEP][PASSED] - setText(findTestObject("Object Repository/RecAndPlayBk/Page-Vlink-Sale/input_Card ex year_card_exyr"), exY): Text '2029' is set on object 'Object Repository/RecAndPlayBk/Page-Vlink-Sale/input_Card ex year_card_exyr'

2024-05-27 19:05:21 - [MESSAGE][PASSED] - Text '2029' is set on object 'Object Repository/RecAndPlayBk/Page-Vlink-Sale/input_Card ex year_card_exyr'

2024-05-27 19:05:21 - [TEST_STEP][PASSED] - click(findTestObject("Object Repository/RecAndPlayBk/Page-Vlink-Sale/input_Track Data_track_data")): Object: 'Object Repository/RecAndPlayBk/Page-Vlink-Sale/input_Track Data_track_data' is clicked on

2024-05-27 19:05:21 - [MESSAGE][PASSED] - Object: 'Object Repository/RecAndPlayBk/Page-Vlink-Sale/input_Track Data_track_data' is clicked on

2024-05-27 19:05:21 - [TEST_STEP][PASSED] - click(findTestObject("Object Repository/RecAndPlayBk/Page-Vlink-Sale/input_CVV state_cvv_state")): Object: 'Object Repository/RecAndPlayBk/Page-Vlink-Sale/input_CVV state_cvv_state' is clicked on

2024-05-27 19:05:22 - [MESSAGE][PASSED] - Object: 'Object Repository/RecAndPlayBk/Page-Vlink-Sale/input_CVV state_cvv_state' is clicked on

2024-05-27 19:05:22 - [TEST_STEP][PASSED] - setText(findTestObject("Object Repository/RecAndPlayBk/Page-Vlink-Sale/input_Track Data_track_data"), ""): Text '' is set on object 'Object Repository/RecAndPlayBk/Page-Vlink-Sale/input_Track Data_track_data'

2024-05-27 19:05:23 - [MESSAGE][PASSED] - Text '' is set on object 'Object Repository/RecAndPlayBk/Page-Vlink-Sale/input_Track Data_track_data'

2024-05-27 19:05:23 - [TEST_STEP][PASSED] - setText(findTestObject("Object Repository/RecAndPlayBk/Page-Vlink-Sale/input_concat(Cardholder, , s email)_email"), ""): Text '' is set on object 'Object Repository/RecAndPlayBk/Page-Vlink-Sale/input_concat(Cardholder, , s email)_email'

2024-05-27 19:05:23 - [MESSAGE][PASSED] - Text '' is set on object 'Object Repository/RecAndPlayBk/Page-Vlink-Sale/input_concat(Cardholder, , s email)_email'

2024-05-27 19:05:23 - [TEST_STEP][PASSED] - click(findTestObject("Object Repository/RecAndPlayBk/Page-Vlink-Sale/input_user_defined10_user_defined10")): Object: 'Object Repository/RecAndPlayBk/Page-Vlink-Sale/input_user_defined10_user_defined10' is clicked on

2024-05-27 19:05:24 - [MESSAGE][PASSED] - Object: 'Object Repository/RecAndPlayBk/Page-Vlink-Sale/input_user_defined10_user_defined10' is clicked on

2024-05-27 19:05:24 - [TEST_STEP][PASSED] - if (executionProfile.equalsIgnoreCase("QAProfile") || executionProfile.equalsIgnoreCase("DemoProfile")): Text '' is set on object 'Object Repository/RecAndPlayBk/Page-Vlink-Sale/input_COF Transaction Initiated by_cof_tran_6cded5'

2024-05-27 19:05:24 - [TEST_STEP][PASSED] - setText(findTestObject("Object Repository/RecAndPlayBk/Page-Vlink-Sale/input_Card on File Indicator_card_on_file_i_157dae"), ""): Text '' is set on object 'Object Repository/RecAndPlayBk/Page-Vlink-Sale/input_Card on File Indicator_card_on_file_i_157dae'

2024-05-27 19:05:25 - [MESSAGE][PASSED] - Text '' is set on object 'Object Repository/RecAndPlayBk/Page-Vlink-Sale/input_Card on File Indicator_card_on_file_i_157dae'

2024-05-27 19:05:25 - [TEST_STEP][PASSED] - setText(findTestObject("Object Repository/RecAndPlayBk/Page-Vlink-Sale/input_Stored Credential Indicator_stored_cr_4ae73c"), ""): Text '' is set on object 'Object Repository/RecAndPlayBk/Page-Vlink-Sale/input_Stored Credential Indicator_stored_cr_4ae73c'

2024-05-27 19:05:25 - [MESSAGE][PASSED] - Text '' is set on object 'Object Repository/RecAndPlayBk/Page-Vlink-Sale/input_Stored Credential Indicator_stored_cr_4ae73c'

2024-05-27 19:05:25 - [TEST_STEP][PASSED] - setText(findTestObject("Object Repository/RecAndPlayBk/Page-Vlink-Sale/input_COF Scheduled indicator_cof_scheduled_8df7d8"), ""): Text '' is set on object 'Object Repository/RecAndPlayBk/Page-Vlink-Sale/input_COF Scheduled indicator_cof_scheduled_8df7d8'

2024-05-27 19:05:26 - [MESSAGE][PASSED] - Text '' is set on object 'Object Repository/RecAndPlayBk/Page-Vlink-Sale/input_COF Scheduled indicator_cof_scheduled_8df7d8'

2024-05-27 19:05:26 - [TEST_STEP][PASSED] - setText(findTestObject("Object Repository/RecAndPlayBk/Page-Vlink-Sale/input_COF Transaction Initiated by_cof_tran_6cded5"), ""): Text '' is set on object 'Object Repository/RecAndPlayBk/Page-Vlink-Sale/input_COF Transaction Initiated by_cof_tran_6cded5'

2024-05-27 19:05:27 - [MESSAGE][PASSED] - Text '' is set on object 'Object Repository/RecAndPlayBk/Page-Vlink-Sale/input_COF Transaction Initiated by_cof_tran_6cded5'

2024-05-27 19:05:27 - [TEST_STEP][PASSED] - click(findTestObject("Object Repository/RecAndPlayBk/Page-Vlink-Sale/input")): Object: 'Object Repository/RecAndPlayBk/Page-Vlink-Sale/input' is clicked on

2024-05-27 19:05:28 - [MESSAGE][PASSED] - Object: 'Object Repository/RecAndPlayBk/Page-Vlink-Sale/input' is clicked on

2024-05-27 19:05:28 - [TEST_STEP][PASSED] - if (verifyTextPresent("Transaction approved, no errors", true)): null

2024-05-27 19:05:28 - [MESSAGE][PASSED] - Text 'Transaction approved, no errors' is present on page  using regular expression

2024-05-27 19:05:28 - [TEST_STEP][PASSED] - println("Transaction Approved, no errors text is present on the Confirmation page"): null

2024-05-27 19:05:28 - [TEST_STEP][PASSED] - sdfo = getText(findTestObject("Object Repository/Page_VLinkReceipt/pre_STX")): Text of object 'Object Repository/Page_VLinkReceipt/pre_STX' is: '<STX>DcR0Mp7vwZPR                  2967764             0  Transaction approved, no errors                   0                                                                                  Y 265159801<ETX>'

2024-05-27 19:05:29 - [MESSAGE][PASSED] - Text of object 'Object Repository/Page_VLinkReceipt/pre_STX' is: '<STX>DcR0Mp7vwZPR                  2967764             0  Transaction approved, no errors                   0                                                                                  Y 265159801<ETX>'

2024-05-27 19:05:29 - [TEST_STEP][PASSED] - out.println("sdfo: " + sdfo): null

2024-05-27 19:05:29 - [TEST_STEP][PASSED] - remID = substring(5, 35).trim(): null

2024-05-27 19:05:29 - [TEST_STEP][PASSED] - out.println("remID: " + remID): null

2024-05-27 19:05:29 - [TEST_STEP][PASSED] - traxID = substring(35, 55).trim(): null

2024-05-27 19:05:29 - [TEST_STEP][PASSED] - out.println("traxID: " + traxID): null

2024-05-27 19:05:29 - [TEST_STEP][PASSED] - VLinkSaleRemID = remID: null

2024-05-27 19:05:29 - [TEST_STEP][PASSED] - VLinkSaleTranxID = traxID: null

2024-05-27 19:05:29 - [TEST_STEP][PASSED] - openBrowser(VLinkURL + "CC_credit.html"): Browser is opened with url: 'https://dev-algorithm.govolution.com/vlinktest/demo/version_2_0/CC_credit.html'

2024-05-27 19:05:29 - [MESSAGE][WARNING] - A browser is already opened. Closing browser and opening a new one

2024-05-27 19:05:30 - [MESSAGE][INFO] - Starting 'Chrome' driver

2024-05-27 19:05:30 - [MESSAGE][INFO] - User set preference: ['acceptInsecureCerts', 'true']

2024-05-27 19:05:30 - [MESSAGE][INFO] - Action delay is set to 0 milliseconds

2024-05-27 19:05:32 - [MESSAGE][PASSED] - Browser is opened with url: 'https://dev-algorithm.govolution.com/vlinktest/demo/version_2_0/CC_credit.html'

2024-05-27 19:05:32 - [TEST_STEP][PASSED] - maximizeWindow(): Current window maximized

2024-05-27 19:05:33 - [MESSAGE][PASSED] - Current window maximized

2024-05-27 19:05:33 - [TEST_STEP][PASSED] - setText(findTestObject("Object Repository/RecAndPlayBk/Page-Vlink-CC-Credit/input_Remittance Id"), VLinkSaleRemID): Text 'DcR0Mp7vwZPR' is set on object 'Object Repository/RecAndPlayBk/Page-Vlink-CC-Credit/input_Remittance Id'

2024-05-27 19:05:33 - [MESSAGE][PASSED] - Text 'DcR0Mp7vwZPR' is set on object 'Object Repository/RecAndPlayBk/Page-Vlink-CC-Credit/input_Remittance Id'

2024-05-27 19:05:33 - [TEST_STEP][PASSED] - setText(findTestObject("Object Repository/RecAndPlayBk/Page-Vlink-CC-Credit/input_Application Id"), appID): Text '1773' is set on object 'Object Repository/RecAndPlayBk/Page-Vlink-CC-Credit/input_Application Id'

2024-05-27 19:05:34 - [MESSAGE][PASSED] - Text '1773' is set on object 'Object Repository/RecAndPlayBk/Page-Vlink-CC-Credit/input_Application Id'

2024-05-27 19:05:34 - [TEST_STEP][PASSED] - setText(findTestObject("Object Repository/RecAndPlayBk/Page-Vlink-CC-Credit/input_Username"), username): Text 'Qq2BV1qtr' is set on object 'Object Repository/RecAndPlayBk/Page-Vlink-CC-Credit/input_Username'

2024-05-27 19:05:35 - [MESSAGE][PASSED] - Text 'Qq2BV1qtr' is set on object 'Object Repository/RecAndPlayBk/Page-Vlink-CC-Credit/input_Username'

2024-05-27 19:05:35 - [TEST_STEP][PASSED] - setText(findTestObject("Object Repository/RecAndPlayBk/Page-Vlink-CC-Credit/input_Password"), password): Text 'tUmWBiLUx' is set on object 'Object Repository/RecAndPlayBk/Page-Vlink-CC-Credit/input_Password'

2024-05-27 19:05:36 - [MESSAGE][PASSED] - Text 'tUmWBiLUx' is set on object 'Object Repository/RecAndPlayBk/Page-Vlink-CC-Credit/input_Password'

2024-05-27 19:05:36 - [TEST_STEP][PASSED] - setText(findTestObject("Object Repository/RecAndPlayBk/Page-Vlink-CC-Credit/input_Transaction ID"), VLinkSaleTranxID): Text '2967764' is set on object 'Object Repository/RecAndPlayBk/Page-Vlink-CC-Credit/input_Transaction ID'

2024-05-27 19:05:36 - [MESSAGE][PASSED] - Text '2967764' is set on object 'Object Repository/RecAndPlayBk/Page-Vlink-CC-Credit/input_Transaction ID'

2024-05-27 19:05:36 - [TEST_STEP][PASSED] - setText(findTestObject("Object Repository/RecAndPlayBk/Page-Vlink-CC-Credit/input_Amount"), amount): Text '10.5' is set on object 'Object Repository/RecAndPlayBk/Page-Vlink-CC-Credit/input_Amount'

2024-05-27 19:05:37 - [MESSAGE][PASSED] - Text '10.5' is set on object 'Object Repository/RecAndPlayBk/Page-Vlink-CC-Credit/input_Amount'

2024-05-27 19:05:37 - [TEST_STEP][PASSED] - setText(findTestObject("Object Repository/RecAndPlayBk/Page-Vlink-CC-Credit/input_Card number"), ""): Text '' is set on object 'Object Repository/RecAndPlayBk/Page-Vlink-CC-Credit/input_Card number'

2024-05-27 19:05:38 - [MESSAGE][PASSED] - Text '' is set on object 'Object Repository/RecAndPlayBk/Page-Vlink-CC-Credit/input_Card number'

2024-05-27 19:05:38 - [TEST_STEP][PASSED] - setText(findTestObject("Object Repository/RecAndPlayBk/Page-Vlink-CC-Credit/input_Card ex month"), ""): Text '' is set on object 'Object Repository/RecAndPlayBk/Page-Vlink-CC-Credit/input_Card ex month'

2024-05-27 19:05:39 - [MESSAGE][PASSED] - Text '' is set on object 'Object Repository/RecAndPlayBk/Page-Vlink-CC-Credit/input_Card ex month'

2024-05-27 19:05:39 - [TEST_STEP][PASSED] - setText(findTestObject("Object Repository/RecAndPlayBk/Page-Vlink-CC-Credit/input_Card ex year"), ""): Text '' is set on object 'Object Repository/RecAndPlayBk/Page-Vlink-CC-Credit/input_Card ex year'

2024-05-27 19:05:39 - [MESSAGE][PASSED] - Text '' is set on object 'Object Repository/RecAndPlayBk/Page-Vlink-CC-Credit/input_Card ex year'

2024-05-27 19:05:39 - [TEST_STEP][PASSED] - setText(findTestObject("Object Repository/RecAndPlayBk/Page-Vlink-CC-Credit/input_Track Data"), ""): Text '' is set on object 'Object Repository/RecAndPlayBk/Page-Vlink-CC-Credit/input_Track Data'

2024-05-27 19:05:40 - [MESSAGE][PASSED] - Text '' is set on object 'Object Repository/RecAndPlayBk/Page-Vlink-CC-Credit/input_Track Data'

2024-05-27 19:05:40 - [TEST_STEP][PASSED] - setText(findTestObject("Object Repository/RecAndPlayBk/Page-Vlink-CC-Credit/input_Category Code"), category): Text 'ECOM' is set on object 'Object Repository/RecAndPlayBk/Page-Vlink-CC-Credit/input_Category Code'

2024-05-27 19:05:41 - [MESSAGE][PASSED] - Text 'ECOM' is set on object 'Object Repository/RecAndPlayBk/Page-Vlink-CC-Credit/input_Category Code'

2024-05-27 19:05:41 - [TEST_STEP][PASSED] - click(findTestObject("Object Repository/RecAndPlayBk/Page-Vlink-CC-Credit/input")): Object: 'Object Repository/RecAndPlayBk/Page-Vlink-CC-Credit/input' is clicked on

2024-05-27 19:05:42 - [MESSAGE][PASSED] - Object: 'Object Repository/RecAndPlayBk/Page-Vlink-CC-Credit/input' is clicked on

2024-05-27 19:05:42 - [TEST_STEP][PASSED] - if (verifyTextPresent("Transaction approved, no errors", true)): null

2024-05-27 19:05:42 - [MESSAGE][PASSED] - Text 'Transaction approved, no errors' is present on page  using regular expression

2024-05-27 19:05:42 - [TEST_STEP][PASSED] - println("Transaction Approved, no errors text is present on the Confirmation page"): null

2024-05-27 19:05:42 - [TEST_STEP][PASSED] - out.println("Pass Record Number: " + row): null

2024-05-27 19:05:42 - [TEST_STEP][PASSED] - resText = "Pass": null

2024-05-27 19:05:42 - [TEST_STEP][PASSED] - pages.WriteExcel.demoKey(resText, datText, resColumn, datCloumn, fileLoc, nameSheet, row): pages.WriteExcel.demoKey is PASSED

2024-05-27 19:05:42 - [MESSAGE][PASSED] - pages.WriteExcel.demoKey is PASSED

2024-05-27 19:05:42 - [TEST_STEP][PASSED] - ExecuteTC = findTestData(dataFile).getValue("Execute", row): null

2024-05-27 19:05:42 - [TEST_STEP][PASSED] - out.println("Value of Execute is : " + ExecuteTC): null

2024-05-27 19:05:42 - [TEST_STEP][PASSED] - switch (executionProfile): null

2024-05-27 19:05:42 - [TEST_STEP][PASSED] - case "DemoProfile":: null

2024-05-27 19:05:42 - [TEST_STEP][PASSED] - appID = findTestData(dataFile).getValue("AppIDDemo", row): null

2024-05-27 19:05:42 - [TEST_STEP][PASSED] - username = findTestData(dataFile).getValue("UsernameDemo", row): null

2024-05-27 19:05:43 - [TEST_STEP][PASSED] - password = findTestData(dataFile).getValue("PasswordDemo", row): null

2024-05-27 19:05:43 - [TEST_STEP][PASSED] - break: null

2024-05-27 19:05:43 - [TEST_STEP][PASSED] - if (ExecuteTC.equalsIgnoreCase("Y")): null

2024-05-27 19:05:43 - [TEST_STEP][PASSED] - out.println("Begin Record Number: " + row): null

2024-05-27 19:05:43 - [TEST_STEP][PASSED] - today = new java.util.Date(): null

2024-05-27 19:05:43 - [TEST_STEP][PASSED] - println(today): null

2024-05-27 19:05:43 - [TEST_STEP][PASSED] - datText = today: null

2024-05-27 19:05:43 - [TEST_STEP][PASSED] - category = findTestData(dataFile).getValue("Category", row): null

2024-05-27 19:05:43 - [TEST_STEP][PASSED] - amount = findTestData(dataFile).getValue("Amount", row): null

2024-05-27 19:05:43 - [TEST_STEP][PASSED] - cardNumber = findTestData(dataFile).getValue("CardNumber", row): null

2024-05-27 19:05:43 - [TEST_STEP][PASSED] - exM = findTestData(dataFile).getValue("ExM", row): null

2024-05-27 19:05:43 - [TEST_STEP][PASSED] - exY = findTestData(dataFile).getValue("ExY", row): null

2024-05-27 19:05:43 - [TEST_STEP][PASSED] - openBrowser(VLinkURL + "authcap.html"): Browser is opened with url: 'https://dev-algorithm.govolution.com/vlinktest/demo/version_2_0/authcap.html'

2024-05-27 19:05:43 - [MESSAGE][WARNING] - A browser is already opened. Closing browser and opening a new one

2024-05-27 19:05:44 - [MESSAGE][INFO] - Starting 'Chrome' driver

2024-05-27 19:05:44 - [MESSAGE][INFO] - User set preference: ['acceptInsecureCerts', 'true']

2024-05-27 19:05:44 - [MESSAGE][INFO] - Action delay is set to 0 milliseconds

2024-05-27 19:05:46 - [MESSAGE][PASSED] - Browser is opened with url: 'https://dev-algorithm.govolution.com/vlinktest/demo/version_2_0/authcap.html'

2024-05-27 19:05:46 - [TEST_STEP][PASSED] - maximizeWindow(): Current window maximized

2024-05-27 19:05:47 - [MESSAGE][PASSED] - Current window maximized

2024-05-27 19:05:47 - [TEST_STEP][PASSED] - maximizeWindow(): Current window maximized

2024-05-27 19:05:47 - [MESSAGE][PASSED] - Current window maximized

2024-05-27 19:05:47 - [TEST_STEP][PASSED] - genRemID = RandomStringUtils.random(12, true, true): null

2024-05-27 19:05:47 - [TEST_STEP][PASSED] - setText(findTestObject("Object Repository/RecAndPlayBk/Page-Vlink-Sale/input_Remittance Id_remittance_id"), genRemID): Text 'PfeX2lT3ZBAa' is set on object 'Object Repository/RecAndPlayBk/Page-Vlink-Sale/input_Remittance Id_remittance_id'

2024-05-27 19:05:47 - [MESSAGE][PASSED] - Text 'PfeX2lT3ZBAa' is set on object 'Object Repository/RecAndPlayBk/Page-Vlink-Sale/input_Remittance Id_remittance_id'

2024-05-27 19:05:47 - [TEST_STEP][PASSED] - setText(findTestObject("Object Repository/RecAndPlayBk/Page-Vlink-Sale/input_Application Id_application_id"), appID): Text '1773' is set on object 'Object Repository/RecAndPlayBk/Page-Vlink-Sale/input_Application Id_application_id'

2024-05-27 19:05:48 - [MESSAGE][PASSED] - Text '1773' is set on object 'Object Repository/RecAndPlayBk/Page-Vlink-Sale/input_Application Id_application_id'

2024-05-27 19:05:48 - [TEST_STEP][PASSED] - setText(findTestObject("Object Repository/RecAndPlayBk/Page-Vlink-Sale/input_Username_username"), username): Text 'Qq2BV1qtr' is set on object 'Object Repository/RecAndPlayBk/Page-Vlink-Sale/input_Username_username'

2024-05-27 19:05:49 - [MESSAGE][PASSED] - Text 'Qq2BV1qtr' is set on object 'Object Repository/RecAndPlayBk/Page-Vlink-Sale/input_Username_username'

2024-05-27 19:05:49 - [TEST_STEP][PASSED] - setText(findTestObject("Object Repository/RecAndPlayBk/Page-Vlink-Sale/input_Password_password"), password): Text 'tUmWBiLUx' is set on object 'Object Repository/RecAndPlayBk/Page-Vlink-Sale/input_Password_password'

2024-05-27 19:05:50 - [MESSAGE][PASSED] - Text 'tUmWBiLUx' is set on object 'Object Repository/RecAndPlayBk/Page-Vlink-Sale/input_Password_password'

2024-05-27 19:05:50 - [TEST_STEP][PASSED] - setText(findTestObject("Object Repository/RecAndPlayBk/Page-Vlink-Sale/input_Category_category"), category): Text 'MOTO' is set on object 'Object Repository/RecAndPlayBk/Page-Vlink-Sale/input_Category_category'

2024-05-27 19:05:50 - [MESSAGE][PASSED] - Text 'MOTO' is set on object 'Object Repository/RecAndPlayBk/Page-Vlink-Sale/input_Category_category'

2024-05-27 19:05:50 - [TEST_STEP][PASSED] - setText(findTestObject("Object Repository/RecAndPlayBk/Page-Vlink-Sale/input_Amount_amount"), amount): Text '10.5' is set on object 'Object Repository/RecAndPlayBk/Page-Vlink-Sale/input_Amount_amount'

2024-05-27 19:05:51 - [MESSAGE][PASSED] - Text '10.5' is set on object 'Object Repository/RecAndPlayBk/Page-Vlink-Sale/input_Amount_amount'

2024-05-27 19:05:51 - [TEST_STEP][PASSED] - doubleClick(findTestObject("Object Repository/RecAndPlayBk/Page-Vlink-Sale/input_Card number_card_number")): Object: 'Object Repository/RecAndPlayBk/Page-Vlink-Sale/input_Card number_card_number' is double clicked on

2024-05-27 19:05:51 - [MESSAGE][PASSED] - Object: 'Object Repository/RecAndPlayBk/Page-Vlink-Sale/input_Card number_card_number' is double clicked on

2024-05-27 19:05:51 - [TEST_STEP][PASSED] - setText(findTestObject("Object Repository/RecAndPlayBk/Page-Vlink-Sale/input_Card number_card_number"), cardNumber): Text '5424000000000015' is set on object 'Object Repository/RecAndPlayBk/Page-Vlink-Sale/input_Card number_card_number'

2024-05-27 19:05:52 - [MESSAGE][PASSED] - Text '5424000000000015' is set on object 'Object Repository/RecAndPlayBk/Page-Vlink-Sale/input_Card number_card_number'

2024-05-27 19:05:52 - [TEST_STEP][PASSED] - setText(findTestObject("Object Repository/RecAndPlayBk/Page-Vlink-Sale/input_Card ex month_card_exmo"), exM): Text '12' is set on object 'Object Repository/RecAndPlayBk/Page-Vlink-Sale/input_Card ex month_card_exmo'

2024-05-27 19:05:53 - [MESSAGE][PASSED] - Text '12' is set on object 'Object Repository/RecAndPlayBk/Page-Vlink-Sale/input_Card ex month_card_exmo'

2024-05-27 19:05:53 - [TEST_STEP][PASSED] - setText(findTestObject("Object Repository/RecAndPlayBk/Page-Vlink-Sale/input_Card ex year_card_exyr"), exY): Text '2029' is set on object 'Object Repository/RecAndPlayBk/Page-Vlink-Sale/input_Card ex year_card_exyr'

2024-05-27 19:05:54 - [MESSAGE][PASSED] - Text '2029' is set on object 'Object Repository/RecAndPlayBk/Page-Vlink-Sale/input_Card ex year_card_exyr'

2024-05-27 19:05:54 - [TEST_STEP][PASSED] - click(findTestObject("Object Repository/RecAndPlayBk/Page-Vlink-Sale/input_Track Data_track_data")): Object: 'Object Repository/RecAndPlayBk/Page-Vlink-Sale/input_Track Data_track_data' is clicked on

2024-05-27 19:05:54 - [MESSAGE][PASSED] - Object: 'Object Repository/RecAndPlayBk/Page-Vlink-Sale/input_Track Data_track_data' is clicked on

2024-05-27 19:05:54 - [TEST_STEP][PASSED] - click(findTestObject("Object Repository/RecAndPlayBk/Page-Vlink-Sale/input_CVV state_cvv_state")): Object: 'Object Repository/RecAndPlayBk/Page-Vlink-Sale/input_CVV state_cvv_state' is clicked on

2024-05-27 19:05:54 - [MESSAGE][PASSED] - Object: 'Object Repository/RecAndPlayBk/Page-Vlink-Sale/input_CVV state_cvv_state' is clicked on

2024-05-27 19:05:54 - [TEST_STEP][PASSED] - setText(findTestObject("Object Repository/RecAndPlayBk/Page-Vlink-Sale/input_Track Data_track_data"), ""): Text '' is set on object 'Object Repository/RecAndPlayBk/Page-Vlink-Sale/input_Track Data_track_data'

2024-05-27 19:05:55 - [MESSAGE][PASSED] - Text '' is set on object 'Object Repository/RecAndPlayBk/Page-Vlink-Sale/input_Track Data_track_data'

2024-05-27 19:05:55 - [TEST_STEP][PASSED] - setText(findTestObject("Object Repository/RecAndPlayBk/Page-Vlink-Sale/input_concat(Cardholder, , s email)_email"), ""): Text '' is set on object 'Object Repository/RecAndPlayBk/Page-Vlink-Sale/input_concat(Cardholder, , s email)_email'

2024-05-27 19:05:56 - [MESSAGE][PASSED] - Text '' is set on object 'Object Repository/RecAndPlayBk/Page-Vlink-Sale/input_concat(Cardholder, , s email)_email'

2024-05-27 19:05:56 - [TEST_STEP][PASSED] - click(findTestObject("Object Repository/RecAndPlayBk/Page-Vlink-Sale/input_user_defined10_user_defined10")): Object: 'Object Repository/RecAndPlayBk/Page-Vlink-Sale/input_user_defined10_user_defined10' is clicked on

2024-05-27 19:05:56 - [MESSAGE][PASSED] - Object: 'Object Repository/RecAndPlayBk/Page-Vlink-Sale/input_user_defined10_user_defined10' is clicked on

2024-05-27 19:05:56 - [TEST_STEP][PASSED] - if (executionProfile.equalsIgnoreCase("QAProfile") || executionProfile.equalsIgnoreCase("DemoProfile")): Text '' is set on object 'Object Repository/RecAndPlayBk/Page-Vlink-Sale/input_COF Transaction Initiated by_cof_tran_6cded5'

2024-05-27 19:05:56 - [TEST_STEP][PASSED] - setText(findTestObject("Object Repository/RecAndPlayBk/Page-Vlink-Sale/input_Card on File Indicator_card_on_file_i_157dae"), ""): Text '' is set on object 'Object Repository/RecAndPlayBk/Page-Vlink-Sale/input_Card on File Indicator_card_on_file_i_157dae'

2024-05-27 19:05:57 - [MESSAGE][PASSED] - Text '' is set on object 'Object Repository/RecAndPlayBk/Page-Vlink-Sale/input_Card on File Indicator_card_on_file_i_157dae'

2024-05-27 19:05:57 - [TEST_STEP][PASSED] - setText(findTestObject("Object Repository/RecAndPlayBk/Page-Vlink-Sale/input_Stored Credential Indicator_stored_cr_4ae73c"), ""): Text '' is set on object 'Object Repository/RecAndPlayBk/Page-Vlink-Sale/input_Stored Credential Indicator_stored_cr_4ae73c'

2024-05-27 19:05:58 - [MESSAGE][PASSED] - Text '' is set on object 'Object Repository/RecAndPlayBk/Page-Vlink-Sale/input_Stored Credential Indicator_stored_cr_4ae73c'

2024-05-27 19:05:58 - [TEST_STEP][PASSED] - setText(findTestObject("Object Repository/RecAndPlayBk/Page-Vlink-Sale/input_COF Scheduled indicator_cof_scheduled_8df7d8"), ""): Text '' is set on object 'Object Repository/RecAndPlayBk/Page-Vlink-Sale/input_COF Scheduled indicator_cof_scheduled_8df7d8'

2024-05-27 19:05:59 - [MESSAGE][PASSED] - Text '' is set on object 'Object Repository/RecAndPlayBk/Page-Vlink-Sale/input_COF Scheduled indicator_cof_scheduled_8df7d8'

2024-05-27 19:05:59 - [TEST_STEP][PASSED] - setText(findTestObject("Object Repository/RecAndPlayBk/Page-Vlink-Sale/input_COF Transaction Initiated by_cof_tran_6cded5"), ""): Text '' is set on object 'Object Repository/RecAndPlayBk/Page-Vlink-Sale/input_COF Transaction Initiated by_cof_tran_6cded5'

2024-05-27 19:06:00 - [MESSAGE][PASSED] - Text '' is set on object 'Object Repository/RecAndPlayBk/Page-Vlink-Sale/input_COF Transaction Initiated by_cof_tran_6cded5'

2024-05-27 19:06:00 - [TEST_STEP][PASSED] - click(findTestObject("Object Repository/RecAndPlayBk/Page-Vlink-Sale/input")): Object: 'Object Repository/RecAndPlayBk/Page-Vlink-Sale/input' is clicked on

2024-05-27 19:06:01 - [MESSAGE][PASSED] - Object: 'Object Repository/RecAndPlayBk/Page-Vlink-Sale/input' is clicked on

2024-05-27 19:06:01 - [TEST_STEP][PASSED] - if (verifyTextPresent("Transaction approved, no errors", true)): null

2024-05-27 19:06:01 - [MESSAGE][PASSED] - Text 'Transaction approved, no errors' is present on page  using regular expression

2024-05-27 19:06:01 - [TEST_STEP][PASSED] - println("Transaction Approved, no errors text is present on the Confirmation page"): null

2024-05-27 19:06:01 - [TEST_STEP][PASSED] - sdfo = getText(findTestObject("Object Repository/Page_VLinkReceipt/pre_STX")): Text of object 'Object Repository/Page_VLinkReceipt/pre_STX' is: '<STX>PfeX2lT3ZBAa                  2967766             0  Transaction approved, no errors                   0                                                                                  Y 593237196<ETX>'

2024-05-27 19:06:01 - [MESSAGE][PASSED] - Text of object 'Object Repository/Page_VLinkReceipt/pre_STX' is: '<STX>PfeX2lT3ZBAa                  2967766             0  Transaction approved, no errors                   0                                                                                  Y 593237196<ETX>'

2024-05-27 19:06:01 - [TEST_STEP][PASSED] - out.println("sdfo: " + sdfo): null

2024-05-27 19:06:01 - [TEST_STEP][PASSED] - remID = substring(5, 35).trim(): null

2024-05-27 19:06:01 - [TEST_STEP][PASSED] - out.println("remID: " + remID): null

2024-05-27 19:06:01 - [TEST_STEP][PASSED] - traxID = substring(35, 55).trim(): null

2024-05-27 19:06:01 - [TEST_STEP][PASSED] - out.println("traxID: " + traxID): null

2024-05-27 19:06:01 - [TEST_STEP][PASSED] - VLinkSaleRemID = remID: null

2024-05-27 19:06:01 - [TEST_STEP][PASSED] - VLinkSaleTranxID = traxID: null

2024-05-27 19:06:01 - [TEST_STEP][PASSED] - openBrowser(VLinkURL + "CC_credit.html"): Browser is opened with url: 'https://dev-algorithm.govolution.com/vlinktest/demo/version_2_0/CC_credit.html'

2024-05-27 19:06:01 - [MESSAGE][WARNING] - A browser is already opened. Closing browser and opening a new one

2024-05-27 19:06:03 - [MESSAGE][INFO] - Starting 'Chrome' driver

2024-05-27 19:06:03 - [MESSAGE][INFO] - User set preference: ['acceptInsecureCerts', 'true']

2024-05-27 19:06:03 - [MESSAGE][INFO] - Action delay is set to 0 milliseconds

2024-05-27 19:06:05 - [MESSAGE][PASSED] - Browser is opened with url: 'https://dev-algorithm.govolution.com/vlinktest/demo/version_2_0/CC_credit.html'

2024-05-27 19:06:05 - [TEST_STEP][PASSED] - maximizeWindow(): Current window maximized

2024-05-27 19:06:05 - [MESSAGE][PASSED] - Current window maximized

2024-05-27 19:06:05 - [TEST_STEP][PASSED] - setText(findTestObject("Object Repository/RecAndPlayBk/Page-Vlink-CC-Credit/input_Remittance Id"), VLinkSaleRemID): Text 'PfeX2lT3ZBAa' is set on object 'Object Repository/RecAndPlayBk/Page-Vlink-CC-Credit/input_Remittance Id'

2024-05-27 19:06:06 - [MESSAGE][PASSED] - Text 'PfeX2lT3ZBAa' is set on object 'Object Repository/RecAndPlayBk/Page-Vlink-CC-Credit/input_Remittance Id'

2024-05-27 19:06:06 - [TEST_STEP][PASSED] - setText(findTestObject("Object Repository/RecAndPlayBk/Page-Vlink-CC-Credit/input_Application Id"), appID): Text '1773' is set on object 'Object Repository/RecAndPlayBk/Page-Vlink-CC-Credit/input_Application Id'

2024-05-27 19:06:06 - [MESSAGE][PASSED] - Text '1773' is set on object 'Object Repository/RecAndPlayBk/Page-Vlink-CC-Credit/input_Application Id'

2024-05-27 19:06:06 - [TEST_STEP][PASSED] - setText(findTestObject("Object Repository/RecAndPlayBk/Page-Vlink-CC-Credit/input_Username"), username): Text 'Qq2BV1qtr' is set on object 'Object Repository/RecAndPlayBk/Page-Vlink-CC-Credit/input_Username'

2024-05-27 19:06:07 - [MESSAGE][PASSED] - Text 'Qq2BV1qtr' is set on object 'Object Repository/RecAndPlayBk/Page-Vlink-CC-Credit/input_Username'

2024-05-27 19:06:07 - [TEST_STEP][PASSED] - setText(findTestObject("Object Repository/RecAndPlayBk/Page-Vlink-CC-Credit/input_Password"), password): Text 'tUmWBiLUx' is set on object 'Object Repository/RecAndPlayBk/Page-Vlink-CC-Credit/input_Password'

2024-05-27 19:06:08 - [MESSAGE][PASSED] - Text 'tUmWBiLUx' is set on object 'Object Repository/RecAndPlayBk/Page-Vlink-CC-Credit/input_Password'

2024-05-27 19:06:08 - [TEST_STEP][PASSED] - setText(findTestObject("Object Repository/RecAndPlayBk/Page-Vlink-CC-Credit/input_Transaction ID"), VLinkSaleTranxID): Text '2967766' is set on object 'Object Repository/RecAndPlayBk/Page-Vlink-CC-Credit/input_Transaction ID'

2024-05-27 19:06:08 - [MESSAGE][PASSED] - Text '2967766' is set on object 'Object Repository/RecAndPlayBk/Page-Vlink-CC-Credit/input_Transaction ID'

2024-05-27 19:06:08 - [TEST_STEP][PASSED] - setText(findTestObject("Object Repository/RecAndPlayBk/Page-Vlink-CC-Credit/input_Amount"), amount): Text '10.5' is set on object 'Object Repository/RecAndPlayBk/Page-Vlink-CC-Credit/input_Amount'

2024-05-27 19:06:09 - [MESSAGE][PASSED] - Text '10.5' is set on object 'Object Repository/RecAndPlayBk/Page-Vlink-CC-Credit/input_Amount'

2024-05-27 19:06:09 - [TEST_STEP][PASSED] - setText(findTestObject("Object Repository/RecAndPlayBk/Page-Vlink-CC-Credit/input_Card number"), ""): Text '' is set on object 'Object Repository/RecAndPlayBk/Page-Vlink-CC-Credit/input_Card number'

2024-05-27 19:06:10 - [MESSAGE][PASSED] - Text '' is set on object 'Object Repository/RecAndPlayBk/Page-Vlink-CC-Credit/input_Card number'

2024-05-27 19:06:10 - [TEST_STEP][PASSED] - setText(findTestObject("Object Repository/RecAndPlayBk/Page-Vlink-CC-Credit/input_Card ex month"), ""): Text '' is set on object 'Object Repository/RecAndPlayBk/Page-Vlink-CC-Credit/input_Card ex month'

2024-05-27 19:06:10 - [MESSAGE][PASSED] - Text '' is set on object 'Object Repository/RecAndPlayBk/Page-Vlink-CC-Credit/input_Card ex month'

2024-05-27 19:06:10 - [TEST_STEP][PASSED] - setText(findTestObject("Object Repository/RecAndPlayBk/Page-Vlink-CC-Credit/input_Card ex year"), ""): Text '' is set on object 'Object Repository/RecAndPlayBk/Page-Vlink-CC-Credit/input_Card ex year'

2024-05-27 19:06:11 - [MESSAGE][PASSED] - Text '' is set on object 'Object Repository/RecAndPlayBk/Page-Vlink-CC-Credit/input_Card ex year'

2024-05-27 19:06:11 - [TEST_STEP][PASSED] - setText(findTestObject("Object Repository/RecAndPlayBk/Page-Vlink-CC-Credit/input_Track Data"), ""): Text '' is set on object 'Object Repository/RecAndPlayBk/Page-Vlink-CC-Credit/input_Track Data'

2024-05-27 19:06:12 - [MESSAGE][PASSED] - Text '' is set on object 'Object Repository/RecAndPlayBk/Page-Vlink-CC-Credit/input_Track Data'

2024-05-27 19:06:12 - [TEST_STEP][PASSED] - setText(findTestObject("Object Repository/RecAndPlayBk/Page-Vlink-CC-Credit/input_Category Code"), category): Text 'MOTO' is set on object 'Object Repository/RecAndPlayBk/Page-Vlink-CC-Credit/input_Category Code'

2024-05-27 19:06:13 - [MESSAGE][PASSED] - Text 'MOTO' is set on object 'Object Repository/RecAndPlayBk/Page-Vlink-CC-Credit/input_Category Code'

2024-05-27 19:06:13 - [TEST_STEP][PASSED] - click(findTestObject("Object Repository/RecAndPlayBk/Page-Vlink-CC-Credit/input")): Object: 'Object Repository/RecAndPlayBk/Page-Vlink-CC-Credit/input' is clicked on

2024-05-27 19:06:14 - [MESSAGE][PASSED] - Object: 'Object Repository/RecAndPlayBk/Page-Vlink-CC-Credit/input' is clicked on

2024-05-27 19:06:14 - [TEST_STEP][PASSED] - if (verifyTextPresent("Transaction approved, no errors", true)): null

2024-05-27 19:06:14 - [MESSAGE][PASSED] - Text 'Transaction approved, no errors' is present on page  using regular expression

2024-05-27 19:06:14 - [TEST_STEP][PASSED] - println("Transaction Approved, no errors text is present on the Confirmation page"): null

2024-05-27 19:06:14 - [TEST_STEP][PASSED] - out.println("Pass Record Number: " + row): null

2024-05-27 19:06:14 - [TEST_STEP][PASSED] - resText = "Pass": null

2024-05-27 19:06:14 - [TEST_STEP][PASSED] - pages.WriteExcel.demoKey(resText, datText, resColumn, datCloumn, fileLoc, nameSheet, row): pages.WriteExcel.demoKey is PASSED

2024-05-27 19:06:15 - [MESSAGE][PASSED] - pages.WriteExcel.demoKey is PASSED

2024-05-27 19:06:15 - [TEST_STEP][PASSED] - ExecuteTC = findTestData(dataFile).getValue("Execute", row): null

2024-05-27 19:06:15 - [TEST_STEP][PASSED] - out.println("Value of Execute is : " + ExecuteTC): null

2024-05-27 19:06:15 - [TEST_STEP][PASSED] - switch (executionProfile): null

2024-05-27 19:06:15 - [TEST_STEP][PASSED] - case "DemoProfile":: null

2024-05-27 19:06:15 - [TEST_STEP][PASSED] - appID = findTestData(dataFile).getValue("AppIDDemo", row): null

2024-05-27 19:06:15 - [TEST_STEP][PASSED] - username = findTestData(dataFile).getValue("UsernameDemo", row): null

2024-05-27 19:06:15 - [TEST_STEP][PASSED] - password = findTestData(dataFile).getValue("PasswordDemo", row): null

2024-05-27 19:06:15 - [TEST_STEP][PASSED] - break: null

2024-05-27 19:06:15 - [TEST_STEP][PASSED] - if (ExecuteTC.equalsIgnoreCase("Y")): null

2024-05-27 19:06:15 - [TEST_STEP][PASSED] - out.println("Begin Record Number: " + row): null

2024-05-27 19:06:15 - [TEST_STEP][PASSED] - today = new java.util.Date(): null

2024-05-27 19:06:15 - [TEST_STEP][PASSED] - println(today): null

2024-05-27 19:06:15 - [TEST_STEP][PASSED] - datText = today: null

2024-05-27 19:06:15 - [TEST_STEP][PASSED] - category = findTestData(dataFile).getValue("Category", row): null

2024-05-27 19:06:15 - [TEST_STEP][PASSED] - amount = findTestData(dataFile).getValue("Amount", row): null

2024-05-27 19:06:16 - [TEST_STEP][PASSED] - cardNumber = findTestData(dataFile).getValue("CardNumber", row): null

2024-05-27 19:06:16 - [TEST_STEP][PASSED] - exM = findTestData(dataFile).getValue("ExM", row): null

2024-05-27 19:06:16 - [TEST_STEP][PASSED] - exY = findTestData(dataFile).getValue("ExY", row): null

2024-05-27 19:06:16 - [TEST_STEP][PASSED] - openBrowser(VLinkURL + "authcap.html"): Browser is opened with url: 'https://dev-algorithm.govolution.com/vlinktest/demo/version_2_0/authcap.html'

2024-05-27 19:06:16 - [MESSAGE][WARNING] - A browser is already opened. Closing browser and opening a new one

2024-05-27 19:06:18 - [MESSAGE][INFO] - Starting 'Chrome' driver

2024-05-27 19:06:18 - [MESSAGE][INFO] - User set preference: ['acceptInsecureCerts', 'true']

2024-05-27 19:06:18 - [MESSAGE][INFO] - Action delay is set to 0 milliseconds

2024-05-27 19:06:20 - [MESSAGE][PASSED] - Browser is opened with url: 'https://dev-algorithm.govolution.com/vlinktest/demo/version_2_0/authcap.html'

2024-05-27 19:06:20 - [TEST_STEP][PASSED] - maximizeWindow(): Current window maximized

2024-05-27 19:06:20 - [MESSAGE][PASSED] - Current window maximized

2024-05-27 19:06:20 - [TEST_STEP][PASSED] - maximizeWindow(): Current window maximized

2024-05-27 19:06:20 - [MESSAGE][PASSED] - Current window maximized

2024-05-27 19:06:20 - [TEST_STEP][PASSED] - genRemID = RandomStringUtils.random(12, true, true): null

2024-05-27 19:06:20 - [TEST_STEP][PASSED] - setText(findTestObject("Object Repository/RecAndPlayBk/Page-Vlink-Sale/input_Remittance Id_remittance_id"), genRemID): Text '2b6PP29d3ZCo' is set on object 'Object Repository/RecAndPlayBk/Page-Vlink-Sale/input_Remittance Id_remittance_id'

2024-05-27 19:06:21 - [MESSAGE][PASSED] - Text '2b6PP29d3ZCo' is set on object 'Object Repository/RecAndPlayBk/Page-Vlink-Sale/input_Remittance Id_remittance_id'

2024-05-27 19:06:21 - [TEST_STEP][PASSED] - setText(findTestObject("Object Repository/RecAndPlayBk/Page-Vlink-Sale/input_Application Id_application_id"), appID): Text '1773' is set on object 'Object Repository/RecAndPlayBk/Page-Vlink-Sale/input_Application Id_application_id'

2024-05-27 19:06:21 - [MESSAGE][PASSED] - Text '1773' is set on object 'Object Repository/RecAndPlayBk/Page-Vlink-Sale/input_Application Id_application_id'

2024-05-27 19:06:21 - [TEST_STEP][PASSED] - setText(findTestObject("Object Repository/RecAndPlayBk/Page-Vlink-Sale/input_Username_username"), username): Text 'Qq2BV1qtr' is set on object 'Object Repository/RecAndPlayBk/Page-Vlink-Sale/input_Username_username'

2024-05-27 19:06:22 - [MESSAGE][PASSED] - Text 'Qq2BV1qtr' is set on object 'Object Repository/RecAndPlayBk/Page-Vlink-Sale/input_Username_username'

2024-05-27 19:06:22 - [TEST_STEP][PASSED] - setText(findTestObject("Object Repository/RecAndPlayBk/Page-Vlink-Sale/input_Password_password"), password): Text 'tUmWBiLUx' is set on object 'Object Repository/RecAndPlayBk/Page-Vlink-Sale/input_Password_password'

2024-05-27 19:06:23 - [MESSAGE][PASSED] - Text 'tUmWBiLUx' is set on object 'Object Repository/RecAndPlayBk/Page-Vlink-Sale/input_Password_password'

2024-05-27 19:06:23 - [TEST_STEP][PASSED] - setText(findTestObject("Object Repository/RecAndPlayBk/Page-Vlink-Sale/input_Category_category"), category): Text 'RETL' is set on object 'Object Repository/RecAndPlayBk/Page-Vlink-Sale/input_Category_category'

2024-05-27 19:06:24 - [MESSAGE][PASSED] - Text 'RETL' is set on object 'Object Repository/RecAndPlayBk/Page-Vlink-Sale/input_Category_category'

2024-05-27 19:06:24 - [TEST_STEP][PASSED] - setText(findTestObject("Object Repository/RecAndPlayBk/Page-Vlink-Sale/input_Amount_amount"), amount): Text '10.5' is set on object 'Object Repository/RecAndPlayBk/Page-Vlink-Sale/input_Amount_amount'

2024-05-27 19:06:24 - [MESSAGE][PASSED] - Text '10.5' is set on object 'Object Repository/RecAndPlayBk/Page-Vlink-Sale/input_Amount_amount'

2024-05-27 19:06:24 - [TEST_STEP][PASSED] - doubleClick(findTestObject("Object Repository/RecAndPlayBk/Page-Vlink-Sale/input_Card number_card_number")): Object: 'Object Repository/RecAndPlayBk/Page-Vlink-Sale/input_Card number_card_number' is double clicked on

2024-05-27 19:06:25 - [MESSAGE][PASSED] - Object: 'Object Repository/RecAndPlayBk/Page-Vlink-Sale/input_Card number_card_number' is double clicked on

2024-05-27 19:06:25 - [TEST_STEP][PASSED] - setText(findTestObject("Object Repository/RecAndPlayBk/Page-Vlink-Sale/input_Card number_card_number"), cardNumber): Text '370000000000002' is set on object 'Object Repository/RecAndPlayBk/Page-Vlink-Sale/input_Card number_card_number'

2024-05-27 19:06:25 - [MESSAGE][PASSED] - Text '370000000000002' is set on object 'Object Repository/RecAndPlayBk/Page-Vlink-Sale/input_Card number_card_number'

2024-05-27 19:06:25 - [TEST_STEP][PASSED] - setText(findTestObject("Object Repository/RecAndPlayBk/Page-Vlink-Sale/input_Card ex month_card_exmo"), exM): Text '12' is set on object 'Object Repository/RecAndPlayBk/Page-Vlink-Sale/input_Card ex month_card_exmo'

2024-05-27 19:06:26 - [MESSAGE][PASSED] - Text '12' is set on object 'Object Repository/RecAndPlayBk/Page-Vlink-Sale/input_Card ex month_card_exmo'

2024-05-27 19:06:26 - [TEST_STEP][PASSED] - setText(findTestObject("Object Repository/RecAndPlayBk/Page-Vlink-Sale/input_Card ex year_card_exyr"), exY): Text '2029' is set on object 'Object Repository/RecAndPlayBk/Page-Vlink-Sale/input_Card ex year_card_exyr'

2024-05-27 19:06:27 - [MESSAGE][PASSED] - Text '2029' is set on object 'Object Repository/RecAndPlayBk/Page-Vlink-Sale/input_Card ex year_card_exyr'

2024-05-27 19:06:27 - [TEST_STEP][PASSED] - click(findTestObject("Object Repository/RecAndPlayBk/Page-Vlink-Sale/input_Track Data_track_data")): Object: 'Object Repository/RecAndPlayBk/Page-Vlink-Sale/input_Track Data_track_data' is clicked on

2024-05-27 19:06:28 - [MESSAGE][PASSED] - Object: 'Object Repository/RecAndPlayBk/Page-Vlink-Sale/input_Track Data_track_data' is clicked on

2024-05-27 19:06:28 - [TEST_STEP][PASSED] - click(findTestObject("Object Repository/RecAndPlayBk/Page-Vlink-Sale/input_CVV state_cvv_state")): Object: 'Object Repository/RecAndPlayBk/Page-Vlink-Sale/input_CVV state_cvv_state' is clicked on

2024-05-27 19:06:28 - [MESSAGE][PASSED] - Object: 'Object Repository/RecAndPlayBk/Page-Vlink-Sale/input_CVV state_cvv_state' is clicked on

2024-05-27 19:06:28 - [TEST_STEP][PASSED] - setText(findTestObject("Object Repository/RecAndPlayBk/Page-Vlink-Sale/input_Track Data_track_data"), ""): Text '' is set on object 'Object Repository/RecAndPlayBk/Page-Vlink-Sale/input_Track Data_track_data'

2024-05-27 19:06:29 - [MESSAGE][PASSED] - Text '' is set on object 'Object Repository/RecAndPlayBk/Page-Vlink-Sale/input_Track Data_track_data'

2024-05-27 19:06:29 - [TEST_STEP][PASSED] - setText(findTestObject("Object Repository/RecAndPlayBk/Page-Vlink-Sale/input_concat(Cardholder, , s email)_email"), ""): Text '' is set on object 'Object Repository/RecAndPlayBk/Page-Vlink-Sale/input_concat(Cardholder, , s email)_email'

2024-05-27 19:06:30 - [MESSAGE][PASSED] - Text '' is set on object 'Object Repository/RecAndPlayBk/Page-Vlink-Sale/input_concat(Cardholder, , s email)_email'

2024-05-27 19:06:30 - [TEST_STEP][PASSED] - click(findTestObject("Object Repository/RecAndPlayBk/Page-Vlink-Sale/input_user_defined10_user_defined10")): Object: 'Object Repository/RecAndPlayBk/Page-Vlink-Sale/input_user_defined10_user_defined10' is clicked on

2024-05-27 19:06:30 - [MESSAGE][PASSED] - Object: 'Object Repository/RecAndPlayBk/Page-Vlink-Sale/input_user_defined10_user_defined10' is clicked on

2024-05-27 19:06:30 - [TEST_STEP][PASSED] - if (executionProfile.equalsIgnoreCase("QAProfile") || executionProfile.equalsIgnoreCase("DemoProfile")): Text '' is set on object 'Object Repository/RecAndPlayBk/Page-Vlink-Sale/input_COF Transaction Initiated by_cof_tran_6cded5'

2024-05-27 19:06:30 - [TEST_STEP][PASSED] - setText(findTestObject("Object Repository/RecAndPlayBk/Page-Vlink-Sale/input_Card on File Indicator_card_on_file_i_157dae"), ""): Text '' is set on object 'Object Repository/RecAndPlayBk/Page-Vlink-Sale/input_Card on File Indicator_card_on_file_i_157dae'

2024-05-27 19:06:31 - [MESSAGE][PASSED] - Text '' is set on object 'Object Repository/RecAndPlayBk/Page-Vlink-Sale/input_Card on File Indicator_card_on_file_i_157dae'

2024-05-27 19:06:31 - [TEST_STEP][PASSED] - setText(findTestObject("Object Repository/RecAndPlayBk/Page-Vlink-Sale/input_Stored Credential Indicator_stored_cr_4ae73c"), ""): Text '' is set on object 'Object Repository/RecAndPlayBk/Page-Vlink-Sale/input_Stored Credential Indicator_stored_cr_4ae73c'

2024-05-27 19:06:32 - [MESSAGE][PASSED] - Text '' is set on object 'Object Repository/RecAndPlayBk/Page-Vlink-Sale/input_Stored Credential Indicator_stored_cr_4ae73c'

2024-05-27 19:06:32 - [TEST_STEP][PASSED] - setText(findTestObject("Object Repository/RecAndPlayBk/Page-Vlink-Sale/input_COF Scheduled indicator_cof_scheduled_8df7d8"), ""): Text '' is set on object 'Object Repository/RecAndPlayBk/Page-Vlink-Sale/input_COF Scheduled indicator_cof_scheduled_8df7d8'

2024-05-27 19:06:32 - [MESSAGE][PASSED] - Text '' is set on object 'Object Repository/RecAndPlayBk/Page-Vlink-Sale/input_COF Scheduled indicator_cof_scheduled_8df7d8'

2024-05-27 19:06:32 - [TEST_STEP][PASSED] - setText(findTestObject("Object Repository/RecAndPlayBk/Page-Vlink-Sale/input_COF Transaction Initiated by_cof_tran_6cded5"), ""): Text '' is set on object 'Object Repository/RecAndPlayBk/Page-Vlink-Sale/input_COF Transaction Initiated by_cof_tran_6cded5'

2024-05-27 19:06:33 - [MESSAGE][PASSED] - Text '' is set on object 'Object Repository/RecAndPlayBk/Page-Vlink-Sale/input_COF Transaction Initiated by_cof_tran_6cded5'

2024-05-27 19:06:33 - [TEST_STEP][PASSED] - click(findTestObject("Object Repository/RecAndPlayBk/Page-Vlink-Sale/input")): Object: 'Object Repository/RecAndPlayBk/Page-Vlink-Sale/input' is clicked on

2024-05-27 19:06:34 - [MESSAGE][PASSED] - Object: 'Object Repository/RecAndPlayBk/Page-Vlink-Sale/input' is clicked on

2024-05-27 19:06:34 - [TEST_STEP][PASSED] - if (verifyTextPresent("Transaction approved, no errors", true)): null

2024-05-27 19:06:34 - [MESSAGE][PASSED] - Text 'Transaction approved, no errors' is present on page  using regular expression

2024-05-27 19:06:34 - [TEST_STEP][PASSED] - println("Transaction Approved, no errors text is present on the Confirmation page"): null

2024-05-27 19:06:34 - [TEST_STEP][PASSED] - sdfo = getText(findTestObject("Object Repository/Page_VLinkReceipt/pre_STX")): Text of object 'Object Repository/Page_VLinkReceipt/pre_STX' is: '<STX>2b6PP29d3ZCo                  2967768             0  Transaction approved, no errors                   0                                                                                  Y 110859178<ETX>'

2024-05-27 19:06:35 - [MESSAGE][PASSED] - Text of object 'Object Repository/Page_VLinkReceipt/pre_STX' is: '<STX>2b6PP29d3ZCo                  2967768             0  Transaction approved, no errors                   0                                                                                  Y 110859178<ETX>'

2024-05-27 19:06:35 - [TEST_STEP][PASSED] - out.println("sdfo: " + sdfo): null

2024-05-27 19:06:35 - [TEST_STEP][PASSED] - remID = substring(5, 35).trim(): null

2024-05-27 19:06:35 - [TEST_STEP][PASSED] - out.println("remID: " + remID): null

2024-05-27 19:06:35 - [TEST_STEP][PASSED] - traxID = substring(35, 55).trim(): null

2024-05-27 19:06:35 - [TEST_STEP][PASSED] - out.println("traxID: " + traxID): null

2024-05-27 19:06:35 - [TEST_STEP][PASSED] - VLinkSaleRemID = remID: null

2024-05-27 19:06:35 - [TEST_STEP][PASSED] - VLinkSaleTranxID = traxID: null

2024-05-27 19:06:35 - [TEST_STEP][PASSED] - openBrowser(VLinkURL + "CC_credit.html"): Browser is opened with url: 'https://dev-algorithm.govolution.com/vlinktest/demo/version_2_0/CC_credit.html'

2024-05-27 19:06:35 - [MESSAGE][WARNING] - A browser is already opened. Closing browser and opening a new one

2024-05-27 19:06:36 - [MESSAGE][INFO] - Starting 'Chrome' driver

2024-05-27 19:06:36 - [MESSAGE][INFO] - User set preference: ['acceptInsecureCerts', 'true']

2024-05-27 19:06:36 - [MESSAGE][INFO] - Action delay is set to 0 milliseconds

2024-05-27 19:06:38 - [MESSAGE][PASSED] - Browser is opened with url: 'https://dev-algorithm.govolution.com/vlinktest/demo/version_2_0/CC_credit.html'

2024-05-27 19:06:38 - [TEST_STEP][PASSED] - maximizeWindow(): Current window maximized

2024-05-27 19:06:38 - [MESSAGE][PASSED] - Current window maximized

2024-05-27 19:06:38 - [TEST_STEP][PASSED] - setText(findTestObject("Object Repository/RecAndPlayBk/Page-Vlink-CC-Credit/input_Remittance Id"), VLinkSaleRemID): Text '2b6PP29d3ZCo' is set on object 'Object Repository/RecAndPlayBk/Page-Vlink-CC-Credit/input_Remittance Id'

2024-05-27 19:06:39 - [MESSAGE][PASSED] - Text '2b6PP29d3ZCo' is set on object 'Object Repository/RecAndPlayBk/Page-Vlink-CC-Credit/input_Remittance Id'

2024-05-27 19:06:39 - [TEST_STEP][PASSED] - setText(findTestObject("Object Repository/RecAndPlayBk/Page-Vlink-CC-Credit/input_Application Id"), appID): Text '1773' is set on object 'Object Repository/RecAndPlayBk/Page-Vlink-CC-Credit/input_Application Id'

2024-05-27 19:06:40 - [MESSAGE][PASSED] - Text '1773' is set on object 'Object Repository/RecAndPlayBk/Page-Vlink-CC-Credit/input_Application Id'

2024-05-27 19:06:40 - [TEST_STEP][PASSED] - setText(findTestObject("Object Repository/RecAndPlayBk/Page-Vlink-CC-Credit/input_Username"), username): Text 'Qq2BV1qtr' is set on object 'Object Repository/RecAndPlayBk/Page-Vlink-CC-Credit/input_Username'

2024-05-27 19:06:40 - [MESSAGE][PASSED] - Text 'Qq2BV1qtr' is set on object 'Object Repository/RecAndPlayBk/Page-Vlink-CC-Credit/input_Username'

2024-05-27 19:06:40 - [TEST_STEP][PASSED] - setText(findTestObject("Object Repository/RecAndPlayBk/Page-Vlink-CC-Credit/input_Password"), password): Text 'tUmWBiLUx' is set on object 'Object Repository/RecAndPlayBk/Page-Vlink-CC-Credit/input_Password'

2024-05-27 19:06:41 - [MESSAGE][PASSED] - Text 'tUmWBiLUx' is set on object 'Object Repository/RecAndPlayBk/Page-Vlink-CC-Credit/input_Password'

2024-05-27 19:06:41 - [TEST_STEP][PASSED] - setText(findTestObject("Object Repository/RecAndPlayBk/Page-Vlink-CC-Credit/input_Transaction ID"), VLinkSaleTranxID): Text '2967768' is set on object 'Object Repository/RecAndPlayBk/Page-Vlink-CC-Credit/input_Transaction ID'

2024-05-27 19:06:42 - [MESSAGE][PASSED] - Text '2967768' is set on object 'Object Repository/RecAndPlayBk/Page-Vlink-CC-Credit/input_Transaction ID'

2024-05-27 19:06:42 - [TEST_STEP][PASSED] - setText(findTestObject("Object Repository/RecAndPlayBk/Page-Vlink-CC-Credit/input_Amount"), amount): Text '10.5' is set on object 'Object Repository/RecAndPlayBk/Page-Vlink-CC-Credit/input_Amount'

2024-05-27 19:06:43 - [MESSAGE][PASSED] - Text '10.5' is set on object 'Object Repository/RecAndPlayBk/Page-Vlink-CC-Credit/input_Amount'

2024-05-27 19:06:43 - [TEST_STEP][PASSED] - setText(findTestObject("Object Repository/RecAndPlayBk/Page-Vlink-CC-Credit/input_Card number"), ""): Text '' is set on object 'Object Repository/RecAndPlayBk/Page-Vlink-CC-Credit/input_Card number'

2024-05-27 19:06:43 - [MESSAGE][PASSED] - Text '' is set on object 'Object Repository/RecAndPlayBk/Page-Vlink-CC-Credit/input_Card number'

2024-05-27 19:06:43 - [TEST_STEP][PASSED] - setText(findTestObject("Object Repository/RecAndPlayBk/Page-Vlink-CC-Credit/input_Card ex month"), ""): Text '' is set on object 'Object Repository/RecAndPlayBk/Page-Vlink-CC-Credit/input_Card ex month'

2024-05-27 19:06:44 - [MESSAGE][PASSED] - Text '' is set on object 'Object Repository/RecAndPlayBk/Page-Vlink-CC-Credit/input_Card ex month'

2024-05-27 19:06:44 - [TEST_STEP][PASSED] - setText(findTestObject("Object Repository/RecAndPlayBk/Page-Vlink-CC-Credit/input_Card ex year"), ""): Text '' is set on object 'Object Repository/RecAndPlayBk/Page-Vlink-CC-Credit/input_Card ex year'

2024-05-27 19:06:45 - [MESSAGE][PASSED] - Text '' is set on object 'Object Repository/RecAndPlayBk/Page-Vlink-CC-Credit/input_Card ex year'

2024-05-27 19:06:45 - [TEST_STEP][PASSED] - setText(findTestObject("Object Repository/RecAndPlayBk/Page-Vlink-CC-Credit/input_Track Data"), ""): Text '' is set on object 'Object Repository/RecAndPlayBk/Page-Vlink-CC-Credit/input_Track Data'

2024-05-27 19:06:45 - [MESSAGE][PASSED] - Text '' is set on object 'Object Repository/RecAndPlayBk/Page-Vlink-CC-Credit/input_Track Data'

2024-05-27 19:06:45 - [TEST_STEP][PASSED] - setText(findTestObject("Object Repository/RecAndPlayBk/Page-Vlink-CC-Credit/input_Category Code"), category): Text 'RETL' is set on object 'Object Repository/RecAndPlayBk/Page-Vlink-CC-Credit/input_Category Code'

2024-05-27 19:06:46 - [MESSAGE][PASSED] - Text 'RETL' is set on object 'Object Repository/RecAndPlayBk/Page-Vlink-CC-Credit/input_Category Code'

2024-05-27 19:06:46 - [TEST_STEP][PASSED] - click(findTestObject("Object Repository/RecAndPlayBk/Page-Vlink-CC-Credit/input")): Object: 'Object Repository/RecAndPlayBk/Page-Vlink-CC-Credit/input' is clicked on

2024-05-27 19:06:47 - [MESSAGE][PASSED] - Object: 'Object Repository/RecAndPlayBk/Page-Vlink-CC-Credit/input' is clicked on

2024-05-27 19:06:47 - [TEST_STEP][PASSED] - if (verifyTextPresent("Transaction approved, no errors", true)): null

2024-05-27 19:06:47 - [MESSAGE][PASSED] - Text 'Transaction approved, no errors' is present on page  using regular expression

2024-05-27 19:06:47 - [TEST_STEP][PASSED] - println("Transaction Approved, no errors text is present on the Confirmation page"): null

2024-05-27 19:06:47 - [TEST_STEP][PASSED] - out.println("Pass Record Number: " + row): null

2024-05-27 19:06:47 - [TEST_STEP][PASSED] - resText = "Pass": null

2024-05-27 19:06:47 - [TEST_STEP][PASSED] - pages.WriteExcel.demoKey(resText, datText, resColumn, datCloumn, fileLoc, nameSheet, row): pages.WriteExcel.demoKey is PASSED

2024-05-27 19:06:47 - [MESSAGE][PASSED] - pages.WriteExcel.demoKey is PASSED

2024-05-27 19:06:47 - [TEST_STEP][PASSED] - ExecuteTC = findTestData(dataFile).getValue("Execute", row): null

2024-05-27 19:06:48 - [TEST_STEP][PASSED] - out.println("Value of Execute is : " + ExecuteTC): null

2024-05-27 19:06:48 - [TEST_STEP][PASSED] - switch (executionProfile): null

2024-05-27 19:06:48 - [TEST_STEP][PASSED] - case "DemoProfile":: null

2024-05-27 19:06:48 - [TEST_STEP][PASSED] - appID = findTestData(dataFile).getValue("AppIDDemo", row): null

2024-05-27 19:06:48 - [TEST_STEP][PASSED] - username = findTestData(dataFile).getValue("UsernameDemo", row): null

2024-05-27 19:06:48 - [TEST_STEP][PASSED] - password = findTestData(dataFile).getValue("PasswordDemo", row): null

2024-05-27 19:06:48 - [TEST_STEP][PASSED] - break: null

2024-05-27 19:06:48 - [TEST_STEP][PASSED] - if (ExecuteTC.equalsIgnoreCase("Y")): null

2024-05-27 19:06:48 - [TEST_STEP][PASSED] - out.println("Begin Record Number: " + row): null

2024-05-27 19:06:48 - [TEST_STEP][PASSED] - today = new java.util.Date(): null

2024-05-27 19:06:48 - [TEST_STEP][PASSED] - println(today): null

2024-05-27 19:06:48 - [TEST_STEP][PASSED] - datText = today: null

2024-05-27 19:06:48 - [TEST_STEP][PASSED] - category = findTestData(dataFile).getValue("Category", row): null

2024-05-27 19:06:48 - [TEST_STEP][PASSED] - amount = findTestData(dataFile).getValue("Amount", row): null

2024-05-27 19:06:48 - [TEST_STEP][PASSED] - cardNumber = findTestData(dataFile).getValue("CardNumber", row): null

2024-05-27 19:06:48 - [TEST_STEP][PASSED] - exM = findTestData(dataFile).getValue("ExM", row): null

2024-05-27 19:06:49 - [TEST_STEP][PASSED] - exY = findTestData(dataFile).getValue("ExY", row): null

2024-05-27 19:06:49 - [TEST_STEP][PASSED] - openBrowser(VLinkURL + "authcap.html"): Browser is opened with url: 'https://dev-algorithm.govolution.com/vlinktest/demo/version_2_0/authcap.html'

2024-05-27 19:06:49 - [MESSAGE][WARNING] - A browser is already opened. Closing browser and opening a new one

2024-05-27 19:06:50 - [MESSAGE][INFO] - Starting 'Chrome' driver

2024-05-27 19:06:50 - [MESSAGE][INFO] - User set preference: ['acceptInsecureCerts', 'true']

2024-05-27 19:06:50 - [MESSAGE][INFO] - Action delay is set to 0 milliseconds

2024-05-27 19:06:52 - [MESSAGE][PASSED] - Browser is opened with url: 'https://dev-algorithm.govolution.com/vlinktest/demo/version_2_0/authcap.html'

2024-05-27 19:06:52 - [TEST_STEP][PASSED] - maximizeWindow(): Current window maximized

2024-05-27 19:06:52 - [MESSAGE][PASSED] - Current window maximized

2024-05-27 19:06:52 - [TEST_STEP][PASSED] - maximizeWindow(): Current window maximized

2024-05-27 19:06:52 - [MESSAGE][PASSED] - Current window maximized

2024-05-27 19:06:52 - [TEST_STEP][PASSED] - genRemID = RandomStringUtils.random(12, true, true): null

2024-05-27 19:06:52 - [TEST_STEP][PASSED] - setText(findTestObject("Object Repository/RecAndPlayBk/Page-Vlink-Sale/input_Remittance Id_remittance_id"), genRemID): Text 'fwNTNY7mwxpF' is set on object 'Object Repository/RecAndPlayBk/Page-Vlink-Sale/input_Remittance Id_remittance_id'

2024-05-27 19:06:53 - [MESSAGE][PASSED] - Text 'fwNTNY7mwxpF' is set on object 'Object Repository/RecAndPlayBk/Page-Vlink-Sale/input_Remittance Id_remittance_id'

2024-05-27 19:06:53 - [TEST_STEP][PASSED] - setText(findTestObject("Object Repository/RecAndPlayBk/Page-Vlink-Sale/input_Application Id_application_id"), appID): Text '2435' is set on object 'Object Repository/RecAndPlayBk/Page-Vlink-Sale/input_Application Id_application_id'

2024-05-27 19:06:54 - [MESSAGE][PASSED] - Text '2435' is set on object 'Object Repository/RecAndPlayBk/Page-Vlink-Sale/input_Application Id_application_id'

2024-05-27 19:06:54 - [TEST_STEP][PASSED] - setText(findTestObject("Object Repository/RecAndPlayBk/Page-Vlink-Sale/input_Username_username"), username): Text 'health' is set on object 'Object Repository/RecAndPlayBk/Page-Vlink-Sale/input_Username_username'

2024-05-27 19:06:54 - [MESSAGE][PASSED] - Text 'health' is set on object 'Object Repository/RecAndPlayBk/Page-Vlink-Sale/input_Username_username'

2024-05-27 19:06:54 - [TEST_STEP][PASSED] - setText(findTestObject("Object Repository/RecAndPlayBk/Page-Vlink-Sale/input_Password_password"), password): Text '11111111' is set on object 'Object Repository/RecAndPlayBk/Page-Vlink-Sale/input_Password_password'

2024-05-27 19:06:55 - [MESSAGE][PASSED] - Text '11111111' is set on object 'Object Repository/RecAndPlayBk/Page-Vlink-Sale/input_Password_password'

2024-05-27 19:06:55 - [TEST_STEP][PASSED] - setText(findTestObject("Object Repository/RecAndPlayBk/Page-Vlink-Sale/input_Category_category"), category): Text 'ECOM' is set on object 'Object Repository/RecAndPlayBk/Page-Vlink-Sale/input_Category_category'

2024-05-27 19:06:56 - [MESSAGE][PASSED] - Text 'ECOM' is set on object 'Object Repository/RecAndPlayBk/Page-Vlink-Sale/input_Category_category'

2024-05-27 19:06:56 - [TEST_STEP][PASSED] - setText(findTestObject("Object Repository/RecAndPlayBk/Page-Vlink-Sale/input_Amount_amount"), amount): Text '10.5' is set on object 'Object Repository/RecAndPlayBk/Page-Vlink-Sale/input_Amount_amount'

2024-05-27 19:06:56 - [MESSAGE][PASSED] - Text '10.5' is set on object 'Object Repository/RecAndPlayBk/Page-Vlink-Sale/input_Amount_amount'

2024-05-27 19:06:56 - [TEST_STEP][PASSED] - doubleClick(findTestObject("Object Repository/RecAndPlayBk/Page-Vlink-Sale/input_Card number_card_number")): Object: 'Object Repository/RecAndPlayBk/Page-Vlink-Sale/input_Card number_card_number' is double clicked on

2024-05-27 19:06:57 - [MESSAGE][PASSED] - Object: 'Object Repository/RecAndPlayBk/Page-Vlink-Sale/input_Card number_card_number' is double clicked on

2024-05-27 19:06:57 - [TEST_STEP][PASSED] - setText(findTestObject("Object Repository/RecAndPlayBk/Page-Vlink-Sale/input_Card number_card_number"), cardNumber): Text '4012000098765439' is set on object 'Object Repository/RecAndPlayBk/Page-Vlink-Sale/input_Card number_card_number'

2024-05-27 19:06:58 - [MESSAGE][PASSED] - Text '4012000098765439' is set on object 'Object Repository/RecAndPlayBk/Page-Vlink-Sale/input_Card number_card_number'

2024-05-27 19:06:58 - [TEST_STEP][PASSED] - setText(findTestObject("Object Repository/RecAndPlayBk/Page-Vlink-Sale/input_Card ex month_card_exmo"), exM): Text '12' is set on object 'Object Repository/RecAndPlayBk/Page-Vlink-Sale/input_Card ex month_card_exmo'

2024-05-27 19:06:58 - [MESSAGE][PASSED] - Text '12' is set on object 'Object Repository/RecAndPlayBk/Page-Vlink-Sale/input_Card ex month_card_exmo'

2024-05-27 19:06:58 - [TEST_STEP][PASSED] - setText(findTestObject("Object Repository/RecAndPlayBk/Page-Vlink-Sale/input_Card ex year_card_exyr"), exY): Text '2029' is set on object 'Object Repository/RecAndPlayBk/Page-Vlink-Sale/input_Card ex year_card_exyr'

2024-05-27 19:06:59 - [MESSAGE][PASSED] - Text '2029' is set on object 'Object Repository/RecAndPlayBk/Page-Vlink-Sale/input_Card ex year_card_exyr'

2024-05-27 19:06:59 - [TEST_STEP][PASSED] - click(findTestObject("Object Repository/RecAndPlayBk/Page-Vlink-Sale/input_Track Data_track_data")): Object: 'Object Repository/RecAndPlayBk/Page-Vlink-Sale/input_Track Data_track_data' is clicked on

2024-05-27 19:07:00 - [MESSAGE][PASSED] - Object: 'Object Repository/RecAndPlayBk/Page-Vlink-Sale/input_Track Data_track_data' is clicked on

2024-05-27 19:07:00 - [TEST_STEP][PASSED] - click(findTestObject("Object Repository/RecAndPlayBk/Page-Vlink-Sale/input_CVV state_cvv_state")): Object: 'Object Repository/RecAndPlayBk/Page-Vlink-Sale/input_CVV state_cvv_state' is clicked on

2024-05-27 19:07:00 - [MESSAGE][PASSED] - Object: 'Object Repository/RecAndPlayBk/Page-Vlink-Sale/input_CVV state_cvv_state' is clicked on

2024-05-27 19:07:00 - [TEST_STEP][PASSED] - setText(findTestObject("Object Repository/RecAndPlayBk/Page-Vlink-Sale/input_Track Data_track_data"), ""): Text '' is set on object 'Object Repository/RecAndPlayBk/Page-Vlink-Sale/input_Track Data_track_data'

2024-05-27 19:07:01 - [MESSAGE][PASSED] - Text '' is set on object 'Object Repository/RecAndPlayBk/Page-Vlink-Sale/input_Track Data_track_data'

2024-05-27 19:07:01 - [TEST_STEP][PASSED] - setText(findTestObject("Object Repository/RecAndPlayBk/Page-Vlink-Sale/input_concat(Cardholder, , s email)_email"), ""): Text '' is set on object 'Object Repository/RecAndPlayBk/Page-Vlink-Sale/input_concat(Cardholder, , s email)_email'

2024-05-27 19:07:02 - [MESSAGE][PASSED] - Text '' is set on object 'Object Repository/RecAndPlayBk/Page-Vlink-Sale/input_concat(Cardholder, , s email)_email'

2024-05-27 19:07:02 - [TEST_STEP][PASSED] - click(findTestObject("Object Repository/RecAndPlayBk/Page-Vlink-Sale/input_user_defined10_user_defined10")): Object: 'Object Repository/RecAndPlayBk/Page-Vlink-Sale/input_user_defined10_user_defined10' is clicked on

2024-05-27 19:07:02 - [MESSAGE][PASSED] - Object: 'Object Repository/RecAndPlayBk/Page-Vlink-Sale/input_user_defined10_user_defined10' is clicked on

2024-05-27 19:07:02 - [TEST_STEP][PASSED] - if (executionProfile.equalsIgnoreCase("QAProfile") || executionProfile.equalsIgnoreCase("DemoProfile")): Text '' is set on object 'Object Repository/RecAndPlayBk/Page-Vlink-Sale/input_COF Transaction Initiated by_cof_tran_6cded5'

2024-05-27 19:07:02 - [TEST_STEP][PASSED] - setText(findTestObject("Object Repository/RecAndPlayBk/Page-Vlink-Sale/input_Card on File Indicator_card_on_file_i_157dae"), ""): Text '' is set on object 'Object Repository/RecAndPlayBk/Page-Vlink-Sale/input_Card on File Indicator_card_on_file_i_157dae'

2024-05-27 19:07:03 - [MESSAGE][PASSED] - Text '' is set on object 'Object Repository/RecAndPlayBk/Page-Vlink-Sale/input_Card on File Indicator_card_on_file_i_157dae'

2024-05-27 19:07:03 - [TEST_STEP][PASSED] - setText(findTestObject("Object Repository/RecAndPlayBk/Page-Vlink-Sale/input_Stored Credential Indicator_stored_cr_4ae73c"), ""): Text '' is set on object 'Object Repository/RecAndPlayBk/Page-Vlink-Sale/input_Stored Credential Indicator_stored_cr_4ae73c'

2024-05-27 19:07:04 - [MESSAGE][PASSED] - Text '' is set on object 'Object Repository/RecAndPlayBk/Page-Vlink-Sale/input_Stored Credential Indicator_stored_cr_4ae73c'

2024-05-27 19:07:04 - [TEST_STEP][PASSED] - setText(findTestObject("Object Repository/RecAndPlayBk/Page-Vlink-Sale/input_COF Scheduled indicator_cof_scheduled_8df7d8"), ""): Text '' is set on object 'Object Repository/RecAndPlayBk/Page-Vlink-Sale/input_COF Scheduled indicator_cof_scheduled_8df7d8'

2024-05-27 19:07:05 - [MESSAGE][PASSED] - Text '' is set on object 'Object Repository/RecAndPlayBk/Page-Vlink-Sale/input_COF Scheduled indicator_cof_scheduled_8df7d8'

2024-05-27 19:07:05 - [TEST_STEP][PASSED] - setText(findTestObject("Object Repository/RecAndPlayBk/Page-Vlink-Sale/input_COF Transaction Initiated by_cof_tran_6cded5"), ""): Text '' is set on object 'Object Repository/RecAndPlayBk/Page-Vlink-Sale/input_COF Transaction Initiated by_cof_tran_6cded5'

2024-05-27 19:07:05 - [MESSAGE][PASSED] - Text '' is set on object 'Object Repository/RecAndPlayBk/Page-Vlink-Sale/input_COF Transaction Initiated by_cof_tran_6cded5'

2024-05-27 19:07:05 - [TEST_STEP][PASSED] - click(findTestObject("Object Repository/RecAndPlayBk/Page-Vlink-Sale/input")): Object: 'Object Repository/RecAndPlayBk/Page-Vlink-Sale/input' is clicked on

2024-05-27 19:07:07 - [MESSAGE][PASSED] - Object: 'Object Repository/RecAndPlayBk/Page-Vlink-Sale/input' is clicked on

2024-05-27 19:07:07 - [TEST_STEP][PASSED] - if (verifyTextPresent("Transaction approved, no errors", true)): null

2024-05-27 19:07:07 - [MESSAGE][PASSED] - Text 'Transaction approved, no errors' is present on page  using regular expression

2024-05-27 19:07:07 - [TEST_STEP][PASSED] - println("Transaction Approved, no errors text is present on the Confirmation page"): null

2024-05-27 19:07:07 - [TEST_STEP][PASSED] - sdfo = getText(findTestObject("Object Repository/Page_VLinkReceipt/pre_STX")): Text of object 'Object Repository/Page_VLinkReceipt/pre_STX' is: '<STX>fwNTNY7mwxpF                  2967770             0  Transaction approved, no errors                   0                                                                                  N 765439   <ETX>'

2024-05-27 19:07:08 - [MESSAGE][PASSED] - Text of object 'Object Repository/Page_VLinkReceipt/pre_STX' is: '<STX>fwNTNY7mwxpF                  2967770             0  Transaction approved, no errors                   0                                                                                  N 765439   <ETX>'

2024-05-27 19:07:08 - [TEST_STEP][PASSED] - out.println("sdfo: " + sdfo): null

2024-05-27 19:07:08 - [TEST_STEP][PASSED] - remID = substring(5, 35).trim(): null

2024-05-27 19:07:08 - [TEST_STEP][PASSED] - out.println("remID: " + remID): null

2024-05-27 19:07:08 - [TEST_STEP][PASSED] - traxID = substring(35, 55).trim(): null

2024-05-27 19:07:08 - [TEST_STEP][PASSED] - out.println("traxID: " + traxID): null

2024-05-27 19:07:08 - [TEST_STEP][PASSED] - VLinkSaleRemID = remID: null

2024-05-27 19:07:08 - [TEST_STEP][PASSED] - VLinkSaleTranxID = traxID: null

2024-05-27 19:07:08 - [TEST_STEP][PASSED] - openBrowser(VLinkURL + "CC_credit.html"): Browser is opened with url: 'https://dev-algorithm.govolution.com/vlinktest/demo/version_2_0/CC_credit.html'

2024-05-27 19:07:08 - [MESSAGE][WARNING] - A browser is already opened. Closing browser and opening a new one

2024-05-27 19:07:09 - [MESSAGE][INFO] - Starting 'Chrome' driver

2024-05-27 19:07:09 - [MESSAGE][INFO] - User set preference: ['acceptInsecureCerts', 'true']

2024-05-27 19:07:09 - [MESSAGE][INFO] - Action delay is set to 0 milliseconds

2024-05-27 19:07:11 - [MESSAGE][PASSED] - Browser is opened with url: 'https://dev-algorithm.govolution.com/vlinktest/demo/version_2_0/CC_credit.html'

2024-05-27 19:07:11 - [TEST_STEP][PASSED] - maximizeWindow(): Current window maximized

2024-05-27 19:07:11 - [MESSAGE][PASSED] - Current window maximized

2024-05-27 19:07:11 - [TEST_STEP][PASSED] - setText(findTestObject("Object Repository/RecAndPlayBk/Page-Vlink-CC-Credit/input_Remittance Id"), VLinkSaleRemID): Text 'fwNTNY7mwxpF' is set on object 'Object Repository/RecAndPlayBk/Page-Vlink-CC-Credit/input_Remittance Id'

2024-05-27 19:07:12 - [MESSAGE][PASSED] - Text 'fwNTNY7mwxpF' is set on object 'Object Repository/RecAndPlayBk/Page-Vlink-CC-Credit/input_Remittance Id'

2024-05-27 19:07:12 - [TEST_STEP][PASSED] - setText(findTestObject("Object Repository/RecAndPlayBk/Page-Vlink-CC-Credit/input_Application Id"), appID): Text '2435' is set on object 'Object Repository/RecAndPlayBk/Page-Vlink-CC-Credit/input_Application Id'

2024-05-27 19:07:12 - [MESSAGE][PASSED] - Text '2435' is set on object 'Object Repository/RecAndPlayBk/Page-Vlink-CC-Credit/input_Application Id'

2024-05-27 19:07:12 - [TEST_STEP][PASSED] - setText(findTestObject("Object Repository/RecAndPlayBk/Page-Vlink-CC-Credit/input_Username"), username): Text 'health' is set on object 'Object Repository/RecAndPlayBk/Page-Vlink-CC-Credit/input_Username'

2024-05-27 19:07:13 - [MESSAGE][PASSED] - Text 'health' is set on object 'Object Repository/RecAndPlayBk/Page-Vlink-CC-Credit/input_Username'

2024-05-27 19:07:13 - [TEST_STEP][PASSED] - setText(findTestObject("Object Repository/RecAndPlayBk/Page-Vlink-CC-Credit/input_Password"), password): Text '11111111' is set on object 'Object Repository/RecAndPlayBk/Page-Vlink-CC-Credit/input_Password'

2024-05-27 19:07:14 - [MESSAGE][PASSED] - Text '11111111' is set on object 'Object Repository/RecAndPlayBk/Page-Vlink-CC-Credit/input_Password'

2024-05-27 19:07:14 - [TEST_STEP][PASSED] - setText(findTestObject("Object Repository/RecAndPlayBk/Page-Vlink-CC-Credit/input_Transaction ID"), VLinkSaleTranxID): Text '2967770' is set on object 'Object Repository/RecAndPlayBk/Page-Vlink-CC-Credit/input_Transaction ID'

2024-05-27 19:07:15 - [MESSAGE][PASSED] - Text '2967770' is set on object 'Object Repository/RecAndPlayBk/Page-Vlink-CC-Credit/input_Transaction ID'

2024-05-27 19:07:15 - [TEST_STEP][PASSED] - setText(findTestObject("Object Repository/RecAndPlayBk/Page-Vlink-CC-Credit/input_Amount"), amount): Text '10.5' is set on object 'Object Repository/RecAndPlayBk/Page-Vlink-CC-Credit/input_Amount'

2024-05-27 19:07:15 - [MESSAGE][PASSED] - Text '10.5' is set on object 'Object Repository/RecAndPlayBk/Page-Vlink-CC-Credit/input_Amount'

2024-05-27 19:07:15 - [TEST_STEP][PASSED] - setText(findTestObject("Object Repository/RecAndPlayBk/Page-Vlink-CC-Credit/input_Card number"), ""): Text '' is set on object 'Object Repository/RecAndPlayBk/Page-Vlink-CC-Credit/input_Card number'

2024-05-27 19:07:16 - [MESSAGE][PASSED] - Text '' is set on object 'Object Repository/RecAndPlayBk/Page-Vlink-CC-Credit/input_Card number'

2024-05-27 19:07:16 - [TEST_STEP][PASSED] - setText(findTestObject("Object Repository/RecAndPlayBk/Page-Vlink-CC-Credit/input_Card ex month"), ""): Text '' is set on object 'Object Repository/RecAndPlayBk/Page-Vlink-CC-Credit/input_Card ex month'

2024-05-27 19:07:17 - [MESSAGE][PASSED] - Text '' is set on object 'Object Repository/RecAndPlayBk/Page-Vlink-CC-Credit/input_Card ex month'

2024-05-27 19:07:17 - [TEST_STEP][PASSED] - setText(findTestObject("Object Repository/RecAndPlayBk/Page-Vlink-CC-Credit/input_Card ex year"), ""): Text '' is set on object 'Object Repository/RecAndPlayBk/Page-Vlink-CC-Credit/input_Card ex year'

2024-05-27 19:07:18 - [MESSAGE][PASSED] - Text '' is set on object 'Object Repository/RecAndPlayBk/Page-Vlink-CC-Credit/input_Card ex year'

2024-05-27 19:07:18 - [TEST_STEP][PASSED] - setText(findTestObject("Object Repository/RecAndPlayBk/Page-Vlink-CC-Credit/input_Track Data"), ""): Text '' is set on object 'Object Repository/RecAndPlayBk/Page-Vlink-CC-Credit/input_Track Data'

2024-05-27 19:07:18 - [MESSAGE][PASSED] - Text '' is set on object 'Object Repository/RecAndPlayBk/Page-Vlink-CC-Credit/input_Track Data'

2024-05-27 19:07:18 - [TEST_STEP][PASSED] - setText(findTestObject("Object Repository/RecAndPlayBk/Page-Vlink-CC-Credit/input_Category Code"), category): Text 'ECOM' is set on object 'Object Repository/RecAndPlayBk/Page-Vlink-CC-Credit/input_Category Code'

2024-05-27 19:07:19 - [MESSAGE][PASSED] - Text 'ECOM' is set on object 'Object Repository/RecAndPlayBk/Page-Vlink-CC-Credit/input_Category Code'

2024-05-27 19:07:19 - [TEST_STEP][PASSED] - click(findTestObject("Object Repository/RecAndPlayBk/Page-Vlink-CC-Credit/input")): Object: 'Object Repository/RecAndPlayBk/Page-Vlink-CC-Credit/input' is clicked on

2024-05-27 19:07:21 - [MESSAGE][PASSED] - Object: 'Object Repository/RecAndPlayBk/Page-Vlink-CC-Credit/input' is clicked on

2024-05-27 19:07:21 - [TEST_STEP][PASSED] - if (verifyTextPresent("Transaction approved, no errors", true)): null

2024-05-27 19:07:21 - [MESSAGE][PASSED] - Text 'Transaction approved, no errors' is present on page  using regular expression

2024-05-27 19:07:21 - [TEST_STEP][PASSED] - println("Transaction Approved, no errors text is present on the Confirmation page"): null

2024-05-27 19:07:21 - [TEST_STEP][PASSED] - out.println("Pass Record Number: " + row): null

2024-05-27 19:07:21 - [TEST_STEP][PASSED] - resText = "Pass": null

2024-05-27 19:07:21 - [TEST_STEP][PASSED] - pages.WriteExcel.demoKey(resText, datText, resColumn, datCloumn, fileLoc, nameSheet, row): pages.WriteExcel.demoKey is PASSED

2024-05-27 19:07:21 - [MESSAGE][PASSED] - pages.WriteExcel.demoKey is PASSED

2024-05-27 19:07:21 - [TEST_STEP][PASSED] - ExecuteTC = findTestData(dataFile).getValue("Execute", row): null

2024-05-27 19:07:22 - [TEST_STEP][PASSED] - out.println("Value of Execute is : " + ExecuteTC): null

2024-05-27 19:07:22 - [TEST_STEP][PASSED] - switch (executionProfile): null

2024-05-27 19:07:22 - [TEST_STEP][PASSED] - case "DemoProfile":: null

2024-05-27 19:07:22 - [TEST_STEP][PASSED] - appID = findTestData(dataFile).getValue("AppIDDemo", row): null

2024-05-27 19:07:22 - [TEST_STEP][PASSED] - username = findTestData(dataFile).getValue("UsernameDemo", row): null

2024-05-27 19:07:22 - [TEST_STEP][PASSED] - password = findTestData(dataFile).getValue("PasswordDemo", row): null

2024-05-27 19:07:22 - [TEST_STEP][PASSED] - break: null

2024-05-27 19:07:22 - [TEST_STEP][PASSED] - if (ExecuteTC.equalsIgnoreCase("Y")): null

2024-05-27 19:07:22 - [TEST_STEP][PASSED] - out.println("Begin Record Number: " + row): null

2024-05-27 19:07:22 - [TEST_STEP][PASSED] - today = new java.util.Date(): null

2024-05-27 19:07:22 - [TEST_STEP][PASSED] - println(today): null

2024-05-27 19:07:22 - [TEST_STEP][PASSED] - datText = today: null

2024-05-27 19:07:22 - [TEST_STEP][PASSED] - category = findTestData(dataFile).getValue("Category", row): null

2024-05-27 19:07:22 - [TEST_STEP][PASSED] - amount = findTestData(dataFile).getValue("Amount", row): null

2024-05-27 19:07:22 - [TEST_STEP][PASSED] - cardNumber = findTestData(dataFile).getValue("CardNumber", row): null

2024-05-27 19:07:22 - [TEST_STEP][PASSED] - exM = findTestData(dataFile).getValue("ExM", row): null

2024-05-27 19:07:23 - [TEST_STEP][PASSED] - exY = findTestData(dataFile).getValue("ExY", row): null

2024-05-27 19:07:23 - [TEST_STEP][PASSED] - openBrowser(VLinkURL + "authcap.html"): Browser is opened with url: 'https://dev-algorithm.govolution.com/vlinktest/demo/version_2_0/authcap.html'

2024-05-27 19:07:23 - [MESSAGE][WARNING] - A browser is already opened. Closing browser and opening a new one

2024-05-27 19:07:24 - [MESSAGE][INFO] - Starting 'Chrome' driver

2024-05-27 19:07:24 - [MESSAGE][INFO] - User set preference: ['acceptInsecureCerts', 'true']

2024-05-27 19:07:24 - [MESSAGE][INFO] - Action delay is set to 0 milliseconds

2024-05-27 19:07:26 - [MESSAGE][PASSED] - Browser is opened with url: 'https://dev-algorithm.govolution.com/vlinktest/demo/version_2_0/authcap.html'

2024-05-27 19:07:26 - [TEST_STEP][PASSED] - maximizeWindow(): Current window maximized

2024-05-27 19:07:26 - [MESSAGE][PASSED] - Current window maximized

2024-05-27 19:07:26 - [TEST_STEP][PASSED] - maximizeWindow(): Current window maximized

2024-05-27 19:07:26 - [MESSAGE][PASSED] - Current window maximized

2024-05-27 19:07:26 - [TEST_STEP][PASSED] - genRemID = RandomStringUtils.random(12, true, true): null

2024-05-27 19:07:26 - [TEST_STEP][PASSED] - setText(findTestObject("Object Repository/RecAndPlayBk/Page-Vlink-Sale/input_Remittance Id_remittance_id"), genRemID): Text 'A43xZNKqJr8z' is set on object 'Object Repository/RecAndPlayBk/Page-Vlink-Sale/input_Remittance Id_remittance_id'

2024-05-27 19:07:27 - [MESSAGE][PASSED] - Text 'A43xZNKqJr8z' is set on object 'Object Repository/RecAndPlayBk/Page-Vlink-Sale/input_Remittance Id_remittance_id'

2024-05-27 19:07:27 - [TEST_STEP][PASSED] - setText(findTestObject("Object Repository/RecAndPlayBk/Page-Vlink-Sale/input_Application Id_application_id"), appID): Text '3136' is set on object 'Object Repository/RecAndPlayBk/Page-Vlink-Sale/input_Application Id_application_id'

2024-05-27 19:07:28 - [MESSAGE][PASSED] - Text '3136' is set on object 'Object Repository/RecAndPlayBk/Page-Vlink-Sale/input_Application Id_application_id'

2024-05-27 19:07:28 - [TEST_STEP][PASSED] - setText(findTestObject("Object Repository/RecAndPlayBk/Page-Vlink-Sale/input_Username_username"), username): Text 'user3136' is set on object 'Object Repository/RecAndPlayBk/Page-Vlink-Sale/input_Username_username'

2024-05-27 19:07:28 - [MESSAGE][PASSED] - Text 'user3136' is set on object 'Object Repository/RecAndPlayBk/Page-Vlink-Sale/input_Username_username'

2024-05-27 19:07:28 - [TEST_STEP][PASSED] - setText(findTestObject("Object Repository/RecAndPlayBk/Page-Vlink-Sale/input_Password_password"), password): Text 'pwd3136' is set on object 'Object Repository/RecAndPlayBk/Page-Vlink-Sale/input_Password_password'

2024-05-27 19:07:29 - [MESSAGE][PASSED] - Text 'pwd3136' is set on object 'Object Repository/RecAndPlayBk/Page-Vlink-Sale/input_Password_password'

2024-05-27 19:07:29 - [TEST_STEP][PASSED] - setText(findTestObject("Object Repository/RecAndPlayBk/Page-Vlink-Sale/input_Category_category"), category): Text 'ECOM' is set on object 'Object Repository/RecAndPlayBk/Page-Vlink-Sale/input_Category_category'

2024-05-27 19:07:30 - [MESSAGE][PASSED] - Text 'ECOM' is set on object 'Object Repository/RecAndPlayBk/Page-Vlink-Sale/input_Category_category'

2024-05-27 19:07:30 - [TEST_STEP][PASSED] - setText(findTestObject("Object Repository/RecAndPlayBk/Page-Vlink-Sale/input_Amount_amount"), amount): Text '10.5' is set on object 'Object Repository/RecAndPlayBk/Page-Vlink-Sale/input_Amount_amount'

2024-05-27 19:07:30 - [MESSAGE][PASSED] - Text '10.5' is set on object 'Object Repository/RecAndPlayBk/Page-Vlink-Sale/input_Amount_amount'

2024-05-27 19:07:30 - [TEST_STEP][PASSED] - doubleClick(findTestObject("Object Repository/RecAndPlayBk/Page-Vlink-Sale/input_Card number_card_number")): Object: 'Object Repository/RecAndPlayBk/Page-Vlink-Sale/input_Card number_card_number' is double clicked on

2024-05-27 19:07:31 - [MESSAGE][PASSED] - Object: 'Object Repository/RecAndPlayBk/Page-Vlink-Sale/input_Card number_card_number' is double clicked on

2024-05-27 19:07:31 - [TEST_STEP][PASSED] - setText(findTestObject("Object Repository/RecAndPlayBk/Page-Vlink-Sale/input_Card number_card_number"), cardNumber): Text '5146312200000035' is set on object 'Object Repository/RecAndPlayBk/Page-Vlink-Sale/input_Card number_card_number'

2024-05-27 19:07:32 - [MESSAGE][PASSED] - Text '5146312200000035' is set on object 'Object Repository/RecAndPlayBk/Page-Vlink-Sale/input_Card number_card_number'

2024-05-27 19:07:32 - [TEST_STEP][PASSED] - setText(findTestObject("Object Repository/RecAndPlayBk/Page-Vlink-Sale/input_Card ex month_card_exmo"), exM): Text '12' is set on object 'Object Repository/RecAndPlayBk/Page-Vlink-Sale/input_Card ex month_card_exmo'

2024-05-27 19:07:32 - [MESSAGE][PASSED] - Text '12' is set on object 'Object Repository/RecAndPlayBk/Page-Vlink-Sale/input_Card ex month_card_exmo'

2024-05-27 19:07:32 - [TEST_STEP][PASSED] - setText(findTestObject("Object Repository/RecAndPlayBk/Page-Vlink-Sale/input_Card ex year_card_exyr"), exY): Text '2029' is set on object 'Object Repository/RecAndPlayBk/Page-Vlink-Sale/input_Card ex year_card_exyr'

2024-05-27 19:07:33 - [MESSAGE][PASSED] - Text '2029' is set on object 'Object Repository/RecAndPlayBk/Page-Vlink-Sale/input_Card ex year_card_exyr'

2024-05-27 19:07:33 - [TEST_STEP][PASSED] - click(findTestObject("Object Repository/RecAndPlayBk/Page-Vlink-Sale/input_Track Data_track_data")): Object: 'Object Repository/RecAndPlayBk/Page-Vlink-Sale/input_Track Data_track_data' is clicked on

2024-05-27 19:07:33 - [MESSAGE][PASSED] - Object: 'Object Repository/RecAndPlayBk/Page-Vlink-Sale/input_Track Data_track_data' is clicked on

2024-05-27 19:07:33 - [TEST_STEP][PASSED] - click(findTestObject("Object Repository/RecAndPlayBk/Page-Vlink-Sale/input_CVV state_cvv_state")): Object: 'Object Repository/RecAndPlayBk/Page-Vlink-Sale/input_CVV state_cvv_state' is clicked on

2024-05-27 19:07:34 - [MESSAGE][PASSED] - Object: 'Object Repository/RecAndPlayBk/Page-Vlink-Sale/input_CVV state_cvv_state' is clicked on

2024-05-27 19:07:34 - [TEST_STEP][PASSED] - setText(findTestObject("Object Repository/RecAndPlayBk/Page-Vlink-Sale/input_Track Data_track_data"), ""): Text '' is set on object 'Object Repository/RecAndPlayBk/Page-Vlink-Sale/input_Track Data_track_data'

2024-05-27 19:07:35 - [MESSAGE][PASSED] - Text '' is set on object 'Object Repository/RecAndPlayBk/Page-Vlink-Sale/input_Track Data_track_data'

2024-05-27 19:07:35 - [TEST_STEP][PASSED] - setText(findTestObject("Object Repository/RecAndPlayBk/Page-Vlink-Sale/input_concat(Cardholder, , s email)_email"), ""): Text '' is set on object 'Object Repository/RecAndPlayBk/Page-Vlink-Sale/input_concat(Cardholder, , s email)_email'

2024-05-27 19:07:35 - [MESSAGE][PASSED] - Text '' is set on object 'Object Repository/RecAndPlayBk/Page-Vlink-Sale/input_concat(Cardholder, , s email)_email'

2024-05-27 19:07:35 - [TEST_STEP][PASSED] - click(findTestObject("Object Repository/RecAndPlayBk/Page-Vlink-Sale/input_user_defined10_user_defined10")): Object: 'Object Repository/RecAndPlayBk/Page-Vlink-Sale/input_user_defined10_user_defined10' is clicked on

2024-05-27 19:07:36 - [MESSAGE][PASSED] - Object: 'Object Repository/RecAndPlayBk/Page-Vlink-Sale/input_user_defined10_user_defined10' is clicked on

2024-05-27 19:07:36 - [TEST_STEP][PASSED] - if (executionProfile.equalsIgnoreCase("QAProfile") || executionProfile.equalsIgnoreCase("DemoProfile")): Text '' is set on object 'Object Repository/RecAndPlayBk/Page-Vlink-Sale/input_COF Transaction Initiated by_cof_tran_6cded5'

2024-05-27 19:07:36 - [TEST_STEP][PASSED] - setText(findTestObject("Object Repository/RecAndPlayBk/Page-Vlink-Sale/input_Card on File Indicator_card_on_file_i_157dae"), ""): Text '' is set on object 'Object Repository/RecAndPlayBk/Page-Vlink-Sale/input_Card on File Indicator_card_on_file_i_157dae'

2024-05-27 19:07:37 - [MESSAGE][PASSED] - Text '' is set on object 'Object Repository/RecAndPlayBk/Page-Vlink-Sale/input_Card on File Indicator_card_on_file_i_157dae'

2024-05-27 19:07:37 - [TEST_STEP][PASSED] - setText(findTestObject("Object Repository/RecAndPlayBk/Page-Vlink-Sale/input_Stored Credential Indicator_stored_cr_4ae73c"), ""): Text '' is set on object 'Object Repository/RecAndPlayBk/Page-Vlink-Sale/input_Stored Credential Indicator_stored_cr_4ae73c'

2024-05-27 19:07:37 - [MESSAGE][PASSED] - Text '' is set on object 'Object Repository/RecAndPlayBk/Page-Vlink-Sale/input_Stored Credential Indicator_stored_cr_4ae73c'

2024-05-27 19:07:37 - [TEST_STEP][PASSED] - setText(findTestObject("Object Repository/RecAndPlayBk/Page-Vlink-Sale/input_COF Scheduled indicator_cof_scheduled_8df7d8"), ""): Text '' is set on object 'Object Repository/RecAndPlayBk/Page-Vlink-Sale/input_COF Scheduled indicator_cof_scheduled_8df7d8'

2024-05-27 19:07:38 - [MESSAGE][PASSED] - Text '' is set on object 'Object Repository/RecAndPlayBk/Page-Vlink-Sale/input_COF Scheduled indicator_cof_scheduled_8df7d8'

2024-05-27 19:07:38 - [TEST_STEP][PASSED] - setText(findTestObject("Object Repository/RecAndPlayBk/Page-Vlink-Sale/input_COF Transaction Initiated by_cof_tran_6cded5"), ""): Text '' is set on object 'Object Repository/RecAndPlayBk/Page-Vlink-Sale/input_COF Transaction Initiated by_cof_tran_6cded5'

2024-05-27 19:07:39 - [MESSAGE][PASSED] - Text '' is set on object 'Object Repository/RecAndPlayBk/Page-Vlink-Sale/input_COF Transaction Initiated by_cof_tran_6cded5'

2024-05-27 19:07:39 - [TEST_STEP][PASSED] - click(findTestObject("Object Repository/RecAndPlayBk/Page-Vlink-Sale/input")): Object: 'Object Repository/RecAndPlayBk/Page-Vlink-Sale/input' is clicked on

2024-05-27 19:07:41 - [MESSAGE][PASSED] - Object: 'Object Repository/RecAndPlayBk/Page-Vlink-Sale/input' is clicked on

2024-05-27 19:07:41 - [TEST_STEP][PASSED] - if (verifyTextPresent("Transaction approved, no errors", true)): null

2024-05-27 19:07:41 - [MESSAGE][PASSED] - Text 'Transaction approved, no errors' is present on page  using regular expression

2024-05-27 19:07:41 - [TEST_STEP][PASSED] - println("Transaction Approved, no errors text is present on the Confirmation page"): null

2024-05-27 19:07:41 - [TEST_STEP][PASSED] - sdfo = getText(findTestObject("Object Repository/Page_VLinkReceipt/pre_STX")): Text of object 'Object Repository/Page_VLinkReceipt/pre_STX' is: '<STX>A43xZNKqJr8z                  2967772             0  Transaction approved, no errors                   0                                                                                    456450   <ETX>'

2024-05-27 19:07:42 - [MESSAGE][PASSED] - Text of object 'Object Repository/Page_VLinkReceipt/pre_STX' is: '<STX>A43xZNKqJr8z                  2967772             0  Transaction approved, no errors                   0                                                                                    456450   <ETX>'

2024-05-27 19:07:42 - [TEST_STEP][PASSED] - out.println("sdfo: " + sdfo): null

2024-05-27 19:07:42 - [TEST_STEP][PASSED] - remID = substring(5, 35).trim(): null

2024-05-27 19:07:42 - [TEST_STEP][PASSED] - out.println("remID: " + remID): null

2024-05-27 19:07:42 - [TEST_STEP][PASSED] - traxID = substring(35, 55).trim(): null

2024-05-27 19:07:42 - [TEST_STEP][PASSED] - out.println("traxID: " + traxID): null

2024-05-27 19:07:42 - [TEST_STEP][PASSED] - VLinkSaleRemID = remID: null

2024-05-27 19:07:42 - [TEST_STEP][PASSED] - VLinkSaleTranxID = traxID: null

2024-05-27 19:07:42 - [TEST_STEP][PASSED] - openBrowser(VLinkURL + "CC_credit.html"): Browser is opened with url: 'https://dev-algorithm.govolution.com/vlinktest/demo/version_2_0/CC_credit.html'

2024-05-27 19:07:42 - [MESSAGE][WARNING] - A browser is already opened. Closing browser and opening a new one

2024-05-27 19:07:43 - [MESSAGE][INFO] - Starting 'Chrome' driver

2024-05-27 19:07:43 - [MESSAGE][INFO] - User set preference: ['acceptInsecureCerts', 'true']

2024-05-27 19:07:43 - [MESSAGE][INFO] - Action delay is set to 0 milliseconds

2024-05-27 19:07:45 - [MESSAGE][PASSED] - Browser is opened with url: 'https://dev-algorithm.govolution.com/vlinktest/demo/version_2_0/CC_credit.html'

2024-05-27 19:07:45 - [TEST_STEP][PASSED] - maximizeWindow(): Current window maximized

2024-05-27 19:07:45 - [MESSAGE][PASSED] - Current window maximized

2024-05-27 19:07:45 - [TEST_STEP][PASSED] - setText(findTestObject("Object Repository/RecAndPlayBk/Page-Vlink-CC-Credit/input_Remittance Id"), VLinkSaleRemID): Text 'A43xZNKqJr8z' is set on object 'Object Repository/RecAndPlayBk/Page-Vlink-CC-Credit/input_Remittance Id'

2024-05-27 19:07:46 - [MESSAGE][PASSED] - Text 'A43xZNKqJr8z' is set on object 'Object Repository/RecAndPlayBk/Page-Vlink-CC-Credit/input_Remittance Id'

2024-05-27 19:07:46 - [TEST_STEP][PASSED] - setText(findTestObject("Object Repository/RecAndPlayBk/Page-Vlink-CC-Credit/input_Application Id"), appID): Text '3136' is set on object 'Object Repository/RecAndPlayBk/Page-Vlink-CC-Credit/input_Application Id'

2024-05-27 19:07:47 - [MESSAGE][PASSED] - Text '3136' is set on object 'Object Repository/RecAndPlayBk/Page-Vlink-CC-Credit/input_Application Id'

2024-05-27 19:07:47 - [TEST_STEP][PASSED] - setText(findTestObject("Object Repository/RecAndPlayBk/Page-Vlink-CC-Credit/input_Username"), username): Text 'user3136' is set on object 'Object Repository/RecAndPlayBk/Page-Vlink-CC-Credit/input_Username'

2024-05-27 19:07:47 - [MESSAGE][PASSED] - Text 'user3136' is set on object 'Object Repository/RecAndPlayBk/Page-Vlink-CC-Credit/input_Username'

2024-05-27 19:07:47 - [TEST_STEP][PASSED] - setText(findTestObject("Object Repository/RecAndPlayBk/Page-Vlink-CC-Credit/input_Password"), password): Text 'pwd3136' is set on object 'Object Repository/RecAndPlayBk/Page-Vlink-CC-Credit/input_Password'

2024-05-27 19:07:48 - [MESSAGE][PASSED] - Text 'pwd3136' is set on object 'Object Repository/RecAndPlayBk/Page-Vlink-CC-Credit/input_Password'

2024-05-27 19:07:48 - [TEST_STEP][PASSED] - setText(findTestObject("Object Repository/RecAndPlayBk/Page-Vlink-CC-Credit/input_Transaction ID"), VLinkSaleTranxID): Text '2967772' is set on object 'Object Repository/RecAndPlayBk/Page-Vlink-CC-Credit/input_Transaction ID'

2024-05-27 19:07:49 - [MESSAGE][PASSED] - Text '2967772' is set on object 'Object Repository/RecAndPlayBk/Page-Vlink-CC-Credit/input_Transaction ID'

2024-05-27 19:07:49 - [TEST_STEP][PASSED] - setText(findTestObject("Object Repository/RecAndPlayBk/Page-Vlink-CC-Credit/input_Amount"), amount): Text '10.5' is set on object 'Object Repository/RecAndPlayBk/Page-Vlink-CC-Credit/input_Amount'

2024-05-27 19:07:50 - [MESSAGE][PASSED] - Text '10.5' is set on object 'Object Repository/RecAndPlayBk/Page-Vlink-CC-Credit/input_Amount'

2024-05-27 19:07:50 - [TEST_STEP][PASSED] - setText(findTestObject("Object Repository/RecAndPlayBk/Page-Vlink-CC-Credit/input_Card number"), ""): Text '' is set on object 'Object Repository/RecAndPlayBk/Page-Vlink-CC-Credit/input_Card number'

2024-05-27 19:07:51 - [MESSAGE][PASSED] - Text '' is set on object 'Object Repository/RecAndPlayBk/Page-Vlink-CC-Credit/input_Card number'

2024-05-27 19:07:51 - [TEST_STEP][PASSED] - setText(findTestObject("Object Repository/RecAndPlayBk/Page-Vlink-CC-Credit/input_Card ex month"), ""): Text '' is set on object 'Object Repository/RecAndPlayBk/Page-Vlink-CC-Credit/input_Card ex month'

2024-05-27 19:07:51 - [MESSAGE][PASSED] - Text '' is set on object 'Object Repository/RecAndPlayBk/Page-Vlink-CC-Credit/input_Card ex month'

2024-05-27 19:07:51 - [TEST_STEP][PASSED] - setText(findTestObject("Object Repository/RecAndPlayBk/Page-Vlink-CC-Credit/input_Card ex year"), ""): Text '' is set on object 'Object Repository/RecAndPlayBk/Page-Vlink-CC-Credit/input_Card ex year'

2024-05-27 19:07:52 - [MESSAGE][PASSED] - Text '' is set on object 'Object Repository/RecAndPlayBk/Page-Vlink-CC-Credit/input_Card ex year'

2024-05-27 19:07:52 - [TEST_STEP][PASSED] - setText(findTestObject("Object Repository/RecAndPlayBk/Page-Vlink-CC-Credit/input_Track Data"), ""): Text '' is set on object 'Object Repository/RecAndPlayBk/Page-Vlink-CC-Credit/input_Track Data'

2024-05-27 19:07:53 - [MESSAGE][PASSED] - Text '' is set on object 'Object Repository/RecAndPlayBk/Page-Vlink-CC-Credit/input_Track Data'

2024-05-27 19:07:53 - [TEST_STEP][PASSED] - setText(findTestObject("Object Repository/RecAndPlayBk/Page-Vlink-CC-Credit/input_Category Code"), category): Text 'ECOM' is set on object 'Object Repository/RecAndPlayBk/Page-Vlink-CC-Credit/input_Category Code'

2024-05-27 19:07:53 - [MESSAGE][PASSED] - Text 'ECOM' is set on object 'Object Repository/RecAndPlayBk/Page-Vlink-CC-Credit/input_Category Code'

2024-05-27 19:07:53 - [TEST_STEP][PASSED] - click(findTestObject("Object Repository/RecAndPlayBk/Page-Vlink-CC-Credit/input")): Object: 'Object Repository/RecAndPlayBk/Page-Vlink-CC-Credit/input' is clicked on

2024-05-27 19:07:54 - [MESSAGE][PASSED] - Object: 'Object Repository/RecAndPlayBk/Page-Vlink-CC-Credit/input' is clicked on

2024-05-27 19:07:54 - [TEST_STEP][PASSED] - if (verifyTextPresent("Transaction approved, no errors", true)): null

2024-05-27 19:07:55 - [MESSAGE][PASSED] - Text 'Transaction approved, no errors' is present on page  using regular expression

2024-05-27 19:07:55 - [TEST_STEP][PASSED] - println("Transaction Approved, no errors text is present on the Confirmation page"): null

2024-05-27 19:07:55 - [TEST_STEP][PASSED] - out.println("Pass Record Number: " + row): null

2024-05-27 19:07:55 - [TEST_STEP][PASSED] - resText = "Pass": null

2024-05-27 19:07:55 - [TEST_STEP][PASSED] - pages.WriteExcel.demoKey(resText, datText, resColumn, datCloumn, fileLoc, nameSheet, row): pages.WriteExcel.demoKey is PASSED

2024-05-27 19:07:55 - [MESSAGE][PASSED] - pages.WriteExcel.demoKey is PASSED]]></system-out>
         <system-err><![CDATA[]]></system-err>
      </testcase>
      <testcase name="Test Cases/RecAndPlayBk/VLink/Sale-Unencrypted" time="56.528" classname="Test Cases/RecAndPlayBk/VLink/Sale-Unencrypted" status="PASSED">
         <system-out><![CDATA[2024-05-27 19:07:55 - [TEST_CASE][PASSED] - Test Cases/RecAndPlayBk/VLink/Sale-Unencrypted: Test Cases/RecAndPlayBk/VLink/Sale-Unencrypted

2024-05-27 19:07:56 - [TEST_STEP][PASSED] - executionProfile = getExecutionProfile(): null

2024-05-27 19:07:56 - [TEST_STEP][PASSED] - out.println("executionProfile : " + executionProfile): null

2024-05-27 19:07:56 - [TEST_STEP][PASSED] - appName = <not implemented yet for class: org.codehaus.groovy.ast.expr.EmptyExpression>: null

2024-05-27 19:07:56 - [TEST_STEP][PASSED] - appID = <not implemented yet for class: org.codehaus.groovy.ast.expr.EmptyExpression>: null

2024-05-27 19:07:56 - [TEST_STEP][PASSED] - username = <not implemented yet for class: org.codehaus.groovy.ast.expr.EmptyExpression>: null

2024-05-27 19:07:56 - [TEST_STEP][PASSED] - password = <not implemented yet for class: org.codehaus.groovy.ast.expr.EmptyExpression>: null

2024-05-27 19:07:56 - [TEST_STEP][PASSED] - cardNameV = <not implemented yet for class: org.codehaus.groovy.ast.expr.EmptyExpression>: null

2024-05-27 19:07:56 - [TEST_STEP][PASSED] - al1V = <not implemented yet for class: org.codehaus.groovy.ast.expr.EmptyExpression>: null

2024-05-27 19:07:56 - [TEST_STEP][PASSED] - al2V = <not implemented yet for class: org.codehaus.groovy.ast.expr.EmptyExpression>: null

2024-05-27 19:07:56 - [TEST_STEP][PASSED] - zipV = <not implemented yet for class: org.codehaus.groovy.ast.expr.EmptyExpression>: null

2024-05-27 19:07:56 - [TEST_STEP][PASSED] - cardTypeV = <not implemented yet for class: org.codehaus.groovy.ast.expr.EmptyExpression>: null

2024-05-27 19:07:56 - [TEST_STEP][PASSED] - last4V = <not implemented yet for class: org.codehaus.groovy.ast.expr.EmptyExpression>: null

2024-05-27 19:07:56 - [TEST_STEP][PASSED] - trackData = <not implemented yet for class: org.codehaus.groovy.ast.expr.EmptyExpression>: null

2024-05-27 19:07:56 - [TEST_STEP][PASSED] - resText = "Fail": null

2024-05-27 19:07:56 - [TEST_STEP][PASSED] - resColumn = "Result": null

2024-05-27 19:07:56 - [TEST_STEP][PASSED] - datCloumn = "Date": null

2024-05-27 19:07:56 - [TEST_STEP][PASSED] - fileLoc = "KatalonData/VLinkSmokeData.xlsx": null

2024-05-27 19:07:56 - [TEST_STEP][PASSED] - numOfRows = <not implemented yet for class: org.codehaus.groovy.ast.expr.EmptyExpression>: null

2024-05-27 19:07:56 - [TEST_STEP][PASSED] - dataFile = <not implemented yet for class: org.codehaus.groovy.ast.expr.EmptyExpression>: null

2024-05-27 19:07:56 - [TEST_STEP][PASSED] - nameSheet = <not implemented yet for class: org.codehaus.groovy.ast.expr.EmptyExpression>: null

2024-05-27 19:07:56 - [TEST_STEP][PASSED] - nameSheet = "Sale-Unencrypted": null

2024-05-27 19:07:56 - [TEST_STEP][PASSED] - numOfRows = findTestData("QA/VLinkTestData/VLinkSaleUnencryptedData").getRowNumbers(): null

2024-05-27 19:07:56 - [TEST_STEP][PASSED] - println("Number of Records: " + numOfRows): null

2024-05-27 19:07:56 - [TEST_STEP][PASSED] - dataFile = "QA/VLinkTestData/VLinkSaleUnencryptedData": null

2024-05-27 19:07:56 - [TEST_STEP][PASSED] - for ([row = 1, row <= numOfRows, (row++)]): null

2024-05-27 19:07:56 - [TEST_STEP][PASSED] - ExecuteTC = findTestData(dataFile).getValue("Execute", row): null

2024-05-27 19:07:56 - [TEST_STEP][PASSED] - out.println("Value of Execute is : " + ExecuteTC): null

2024-05-27 19:07:56 - [TEST_STEP][PASSED] - switch (executionProfile): null

2024-05-27 19:07:56 - [TEST_STEP][PASSED] - case "DemoProfile":: null

2024-05-27 19:07:56 - [TEST_STEP][PASSED] - appID = findTestData(dataFile).getValue("AppIDDemo", row): null

2024-05-27 19:07:56 - [TEST_STEP][PASSED] - username = findTestData(dataFile).getValue("UsernameDemo", row): null

2024-05-27 19:07:56 - [TEST_STEP][PASSED] - password = findTestData(dataFile).getValue("PasswordDemo", row): null

2024-05-27 19:07:56 - [TEST_STEP][PASSED] - break: null

2024-05-27 19:07:56 - [TEST_STEP][PASSED] - if (ExecuteTC.equalsIgnoreCase("Y")): null

2024-05-27 19:07:56 - [TEST_STEP][PASSED] - out.println("Begin Record Number: " + row): null

2024-05-27 19:07:56 - [TEST_STEP][PASSED] - today = new java.util.Date(): null

2024-05-27 19:07:56 - [TEST_STEP][PASSED] - println(today): null

2024-05-27 19:07:56 - [TEST_STEP][PASSED] - datText = today: null

2024-05-27 19:07:56 - [TEST_STEP][PASSED] - category = findTestData(dataFile).getValue("Category", row): null

2024-05-27 19:07:57 - [TEST_STEP][PASSED] - amount = findTestData(dataFile).getValue("Amount", row): null

2024-05-27 19:07:57 - [TEST_STEP][PASSED] - trackData = findTestData(dataFile).getValue("TrackData", row): null

2024-05-27 19:07:57 - [TEST_STEP][PASSED] - openBrowser(VLinkURL + "authcap.html"): Browser is opened with url: 'https://dev-algorithm.govolution.com/vlinktest/demo/version_2_0/authcap.html'

2024-05-27 19:07:57 - [MESSAGE][WARNING] - A browser is already opened. Closing browser and opening a new one

2024-05-27 19:07:58 - [MESSAGE][INFO] - Starting 'Chrome' driver

2024-05-27 19:07:58 - [MESSAGE][INFO] - User set preference: ['acceptInsecureCerts', 'true']

2024-05-27 19:07:58 - [MESSAGE][INFO] - Action delay is set to 0 milliseconds

2024-05-27 19:08:00 - [MESSAGE][PASSED] - Browser is opened with url: 'https://dev-algorithm.govolution.com/vlinktest/demo/version_2_0/authcap.html'

2024-05-27 19:08:00 - [TEST_STEP][PASSED] - maximizeWindow(): Current window maximized

2024-05-27 19:08:00 - [MESSAGE][PASSED] - Current window maximized

2024-05-27 19:08:00 - [TEST_STEP][PASSED] - maximizeWindow(): Current window maximized

2024-05-27 19:08:00 - [MESSAGE][PASSED] - Current window maximized

2024-05-27 19:08:00 - [TEST_STEP][PASSED] - genRemID = RandomStringUtils.random(12, true, true): null

2024-05-27 19:08:00 - [TEST_STEP][PASSED] - setText(findTestObject("Object Repository/RecAndPlayBk/Page-Vlink-Sale/input_Remittance Id_remittance_id"), genRemID): Text 'Ton8RTwKjpMk' is set on object 'Object Repository/RecAndPlayBk/Page-Vlink-Sale/input_Remittance Id_remittance_id'

2024-05-27 19:08:01 - [MESSAGE][PASSED] - Text 'Ton8RTwKjpMk' is set on object 'Object Repository/RecAndPlayBk/Page-Vlink-Sale/input_Remittance Id_remittance_id'

2024-05-27 19:08:01 - [TEST_STEP][PASSED] - setText(findTestObject("Object Repository/RecAndPlayBk/Page-Vlink-Sale/input_Application Id_application_id"), appID): Text '1773' is set on object 'Object Repository/RecAndPlayBk/Page-Vlink-Sale/input_Application Id_application_id'

2024-05-27 19:08:02 - [MESSAGE][PASSED] - Text '1773' is set on object 'Object Repository/RecAndPlayBk/Page-Vlink-Sale/input_Application Id_application_id'

2024-05-27 19:08:02 - [TEST_STEP][PASSED] - setText(findTestObject("Object Repository/RecAndPlayBk/Page-Vlink-Sale/input_Username_username"), username): Text 'Qq2BV1qtr' is set on object 'Object Repository/RecAndPlayBk/Page-Vlink-Sale/input_Username_username'

2024-05-27 19:08:02 - [MESSAGE][PASSED] - Text 'Qq2BV1qtr' is set on object 'Object Repository/RecAndPlayBk/Page-Vlink-Sale/input_Username_username'

2024-05-27 19:08:02 - [TEST_STEP][PASSED] - setText(findTestObject("Object Repository/RecAndPlayBk/Page-Vlink-Sale/input_Password_password"), password): Text 'tUmWBiLUx' is set on object 'Object Repository/RecAndPlayBk/Page-Vlink-Sale/input_Password_password'

2024-05-27 19:08:03 - [MESSAGE][PASSED] - Text 'tUmWBiLUx' is set on object 'Object Repository/RecAndPlayBk/Page-Vlink-Sale/input_Password_password'

2024-05-27 19:08:03 - [TEST_STEP][PASSED] - setText(findTestObject("Object Repository/RecAndPlayBk/Page-Vlink-Sale/input_Category_category"), category): Text 'RETL' is set on object 'Object Repository/RecAndPlayBk/Page-Vlink-Sale/input_Category_category'

2024-05-27 19:08:04 - [MESSAGE][PASSED] - Text 'RETL' is set on object 'Object Repository/RecAndPlayBk/Page-Vlink-Sale/input_Category_category'

2024-05-27 19:08:04 - [TEST_STEP][PASSED] - setText(findTestObject("Object Repository/RecAndPlayBk/Page-Vlink-Sale/input_Amount_amount"), amount): Text '10.5' is set on object 'Object Repository/RecAndPlayBk/Page-Vlink-Sale/input_Amount_amount'

2024-05-27 19:08:05 - [MESSAGE][PASSED] - Text '10.5' is set on object 'Object Repository/RecAndPlayBk/Page-Vlink-Sale/input_Amount_amount'

2024-05-27 19:08:05 - [TEST_STEP][PASSED] - setText(findTestObject("Object Repository/RecAndPlayBk/Page-Vlink-Sale/input_Card number_card_number"), ""): Text '' is set on object 'Object Repository/RecAndPlayBk/Page-Vlink-Sale/input_Card number_card_number'

2024-05-27 19:08:05 - [MESSAGE][PASSED] - Text '' is set on object 'Object Repository/RecAndPlayBk/Page-Vlink-Sale/input_Card number_card_number'

2024-05-27 19:08:05 - [TEST_STEP][PASSED] - setText(findTestObject("Object Repository/RecAndPlayBk/Page-Vlink-Sale/input_Card ex month_card_exmo"), ""): Text '' is set on object 'Object Repository/RecAndPlayBk/Page-Vlink-Sale/input_Card ex month_card_exmo'

2024-05-27 19:08:06 - [MESSAGE][PASSED] - Text '' is set on object 'Object Repository/RecAndPlayBk/Page-Vlink-Sale/input_Card ex month_card_exmo'

2024-05-27 19:08:06 - [TEST_STEP][PASSED] - setText(findTestObject("Object Repository/RecAndPlayBk/Page-Vlink-Sale/input_Card ex year_card_exyr"), ""): Text '' is set on object 'Object Repository/RecAndPlayBk/Page-Vlink-Sale/input_Card ex year_card_exyr'

2024-05-27 19:08:07 - [MESSAGE][PASSED] - Text '' is set on object 'Object Repository/RecAndPlayBk/Page-Vlink-Sale/input_Card ex year_card_exyr'

2024-05-27 19:08:07 - [TEST_STEP][PASSED] - setText(findTestObject("Object Repository/RecAndPlayBk/Page-Vlink-Sale/input_Track Data_track_data"), trackData): Text '%B5567080011582687^AHMED/IMTIAZ              ^2603201090300000000000528000015?;5567080011582687=26032010903052800015?' is set on object 'Object Repository/RecAndPlayBk/Page-Vlink-Sale/input_Track Data_track_data'

2024-05-27 19:08:07 - [MESSAGE][PASSED] - Text '%B5567080011582687^AHMED/IMTIAZ              ^2603201090300000000000528000015?;5567080011582687=26032010903052800015?' is set on object 'Object Repository/RecAndPlayBk/Page-Vlink-Sale/input_Track Data_track_data'

2024-05-27 19:08:07 - [TEST_STEP][PASSED] - setText(findTestObject("Object Repository/RecAndPlayBk/Page-Vlink-Sale/txt_POSEntryMode"), "track"): Text 'track' is set on object 'Object Repository/RecAndPlayBk/Page-Vlink-Sale/txt_POSEntryMode'

2024-05-27 19:08:08 - [MESSAGE][PASSED] - Text 'track' is set on object 'Object Repository/RecAndPlayBk/Page-Vlink-Sale/txt_POSEntryMode'

2024-05-27 19:08:08 - [TEST_STEP][PASSED] - setText(findTestObject("Object Repository/RecAndPlayBk/Page-Vlink-Sale/input_concat(Cardholder, , s email)_email"), ""): Text '' is set on object 'Object Repository/RecAndPlayBk/Page-Vlink-Sale/input_concat(Cardholder, , s email)_email'

2024-05-27 19:08:09 - [MESSAGE][PASSED] - Text '' is set on object 'Object Repository/RecAndPlayBk/Page-Vlink-Sale/input_concat(Cardholder, , s email)_email'

2024-05-27 19:08:09 - [TEST_STEP][PASSED] - click(findTestObject("Object Repository/RecAndPlayBk/Page-Vlink-Sale/input_user_defined10_user_defined10")): Object: 'Object Repository/RecAndPlayBk/Page-Vlink-Sale/input_user_defined10_user_defined10' is clicked on

2024-05-27 19:08:10 - [MESSAGE][PASSED] - Object: 'Object Repository/RecAndPlayBk/Page-Vlink-Sale/input_user_defined10_user_defined10' is clicked on

2024-05-27 19:08:10 - [TEST_STEP][PASSED] - if (executionProfile.equalsIgnoreCase("QAProfile") || executionProfile.equalsIgnoreCase("DemoProfile")): Text '' is set on object 'Object Repository/RecAndPlayBk/Page-Vlink-Sale/input_COF Transaction Initiated by_cof_tran_6cded5'

2024-05-27 19:08:10 - [TEST_STEP][PASSED] - setText(findTestObject("Object Repository/RecAndPlayBk/Page-Vlink-Sale/input_Card on File Indicator_card_on_file_i_157dae"), ""): Text '' is set on object 'Object Repository/RecAndPlayBk/Page-Vlink-Sale/input_Card on File Indicator_card_on_file_i_157dae'

2024-05-27 19:08:10 - [MESSAGE][PASSED] - Text '' is set on object 'Object Repository/RecAndPlayBk/Page-Vlink-Sale/input_Card on File Indicator_card_on_file_i_157dae'

2024-05-27 19:08:10 - [TEST_STEP][PASSED] - setText(findTestObject("Object Repository/RecAndPlayBk/Page-Vlink-Sale/input_Stored Credential Indicator_stored_cr_4ae73c"), ""): Text '' is set on object 'Object Repository/RecAndPlayBk/Page-Vlink-Sale/input_Stored Credential Indicator_stored_cr_4ae73c'

2024-05-27 19:08:11 - [MESSAGE][PASSED] - Text '' is set on object 'Object Repository/RecAndPlayBk/Page-Vlink-Sale/input_Stored Credential Indicator_stored_cr_4ae73c'

2024-05-27 19:08:11 - [TEST_STEP][PASSED] - setText(findTestObject("Object Repository/RecAndPlayBk/Page-Vlink-Sale/input_COF Scheduled indicator_cof_scheduled_8df7d8"), ""): Text '' is set on object 'Object Repository/RecAndPlayBk/Page-Vlink-Sale/input_COF Scheduled indicator_cof_scheduled_8df7d8'

2024-05-27 19:08:12 - [MESSAGE][PASSED] - Text '' is set on object 'Object Repository/RecAndPlayBk/Page-Vlink-Sale/input_COF Scheduled indicator_cof_scheduled_8df7d8'

2024-05-27 19:08:12 - [TEST_STEP][PASSED] - setText(findTestObject("Object Repository/RecAndPlayBk/Page-Vlink-Sale/input_COF Transaction Initiated by_cof_tran_6cded5"), ""): Text '' is set on object 'Object Repository/RecAndPlayBk/Page-Vlink-Sale/input_COF Transaction Initiated by_cof_tran_6cded5'

2024-05-27 19:08:12 - [MESSAGE][PASSED] - Text '' is set on object 'Object Repository/RecAndPlayBk/Page-Vlink-Sale/input_COF Transaction Initiated by_cof_tran_6cded5'

2024-05-27 19:08:12 - [TEST_STEP][PASSED] - click(findTestObject("Object Repository/RecAndPlayBk/Page-Vlink-Sale/input")): Object: 'Object Repository/RecAndPlayBk/Page-Vlink-Sale/input' is clicked on

2024-05-27 19:08:13 - [MESSAGE][PASSED] - Object: 'Object Repository/RecAndPlayBk/Page-Vlink-Sale/input' is clicked on

2024-05-27 19:08:13 - [TEST_STEP][PASSED] - if (verifyTextPresent("Transaction approved, no errors", true)): null

2024-05-27 19:08:14 - [MESSAGE][PASSED] - Text 'Transaction approved, no errors' is present on page  using regular expression

2024-05-27 19:08:14 - [TEST_STEP][PASSED] - println("Transaction Approved, no errors text is present on the Confirmation page"): null

2024-05-27 19:08:14 - [TEST_STEP][PASSED] - out.println("Pass Record Number: " + row): null

2024-05-27 19:08:14 - [TEST_STEP][PASSED] - resText = "Pass": null

2024-05-27 19:08:14 - [TEST_STEP][PASSED] - pages.WriteExcel.demoKey(resText, datText, resColumn, datCloumn, fileLoc, nameSheet, row): pages.WriteExcel.demoKey is PASSED

2024-05-27 19:08:14 - [MESSAGE][PASSED] - pages.WriteExcel.demoKey is PASSED

2024-05-27 19:08:14 - [TEST_STEP][PASSED] - ExecuteTC = findTestData(dataFile).getValue("Execute", row): null

2024-05-27 19:08:14 - [TEST_STEP][PASSED] - out.println("Value of Execute is : " + ExecuteTC): null

2024-05-27 19:08:14 - [TEST_STEP][PASSED] - switch (executionProfile): null

2024-05-27 19:08:14 - [TEST_STEP][PASSED] - case "DemoProfile":: null

2024-05-27 19:08:14 - [TEST_STEP][PASSED] - appID = findTestData(dataFile).getValue("AppIDDemo", row): null

2024-05-27 19:08:14 - [TEST_STEP][PASSED] - username = findTestData(dataFile).getValue("UsernameDemo", row): null

2024-05-27 19:08:14 - [TEST_STEP][PASSED] - password = findTestData(dataFile).getValue("PasswordDemo", row): null

2024-05-27 19:08:14 - [TEST_STEP][PASSED] - break: null

2024-05-27 19:08:14 - [TEST_STEP][PASSED] - if (ExecuteTC.equalsIgnoreCase("Y")): null

2024-05-27 19:08:14 - [TEST_STEP][PASSED] - out.println("Begin Record Number: " + row): null

2024-05-27 19:08:14 - [TEST_STEP][PASSED] - today = new java.util.Date(): null

2024-05-27 19:08:14 - [TEST_STEP][PASSED] - println(today): null

2024-05-27 19:08:14 - [TEST_STEP][PASSED] - datText = today: null

2024-05-27 19:08:14 - [TEST_STEP][PASSED] - category = findTestData(dataFile).getValue("Category", row): null

2024-05-27 19:08:14 - [TEST_STEP][PASSED] - amount = findTestData(dataFile).getValue("Amount", row): null

2024-05-27 19:08:15 - [TEST_STEP][PASSED] - trackData = findTestData(dataFile).getValue("TrackData", row): null

2024-05-27 19:08:15 - [TEST_STEP][PASSED] - openBrowser(VLinkURL + "authcap.html"): Browser is opened with url: 'https://dev-algorithm.govolution.com/vlinktest/demo/version_2_0/authcap.html'

2024-05-27 19:08:15 - [MESSAGE][WARNING] - A browser is already opened. Closing browser and opening a new one

2024-05-27 19:08:16 - [MESSAGE][INFO] - Starting 'Chrome' driver

2024-05-27 19:08:16 - [MESSAGE][INFO] - User set preference: ['acceptInsecureCerts', 'true']

2024-05-27 19:08:16 - [MESSAGE][INFO] - Action delay is set to 0 milliseconds

2024-05-27 19:08:18 - [MESSAGE][PASSED] - Browser is opened with url: 'https://dev-algorithm.govolution.com/vlinktest/demo/version_2_0/authcap.html'

2024-05-27 19:08:18 - [TEST_STEP][PASSED] - maximizeWindow(): Current window maximized

2024-05-27 19:08:18 - [MESSAGE][PASSED] - Current window maximized

2024-05-27 19:08:18 - [TEST_STEP][PASSED] - maximizeWindow(): Current window maximized

2024-05-27 19:08:18 - [MESSAGE][PASSED] - Current window maximized

2024-05-27 19:08:18 - [TEST_STEP][PASSED] - genRemID = RandomStringUtils.random(12, true, true): null

2024-05-27 19:08:18 - [TEST_STEP][PASSED] - setText(findTestObject("Object Repository/RecAndPlayBk/Page-Vlink-Sale/input_Remittance Id_remittance_id"), genRemID): Text 'ezzOOFMmxaWg' is set on object 'Object Repository/RecAndPlayBk/Page-Vlink-Sale/input_Remittance Id_remittance_id'

2024-05-27 19:08:19 - [MESSAGE][PASSED] - Text 'ezzOOFMmxaWg' is set on object 'Object Repository/RecAndPlayBk/Page-Vlink-Sale/input_Remittance Id_remittance_id'

2024-05-27 19:08:19 - [TEST_STEP][PASSED] - setText(findTestObject("Object Repository/RecAndPlayBk/Page-Vlink-Sale/input_Application Id_application_id"), appID): Text '2435' is set on object 'Object Repository/RecAndPlayBk/Page-Vlink-Sale/input_Application Id_application_id'

2024-05-27 19:08:20 - [MESSAGE][PASSED] - Text '2435' is set on object 'Object Repository/RecAndPlayBk/Page-Vlink-Sale/input_Application Id_application_id'

2024-05-27 19:08:20 - [TEST_STEP][PASSED] - setText(findTestObject("Object Repository/RecAndPlayBk/Page-Vlink-Sale/input_Username_username"), username): Text 'health' is set on object 'Object Repository/RecAndPlayBk/Page-Vlink-Sale/input_Username_username'

2024-05-27 19:08:20 - [MESSAGE][PASSED] - Text 'health' is set on object 'Object Repository/RecAndPlayBk/Page-Vlink-Sale/input_Username_username'

2024-05-27 19:08:20 - [TEST_STEP][PASSED] - setText(findTestObject("Object Repository/RecAndPlayBk/Page-Vlink-Sale/input_Password_password"), password): Text '11111111' is set on object 'Object Repository/RecAndPlayBk/Page-Vlink-Sale/input_Password_password'

2024-05-27 19:08:21 - [MESSAGE][PASSED] - Text '11111111' is set on object 'Object Repository/RecAndPlayBk/Page-Vlink-Sale/input_Password_password'

2024-05-27 19:08:21 - [TEST_STEP][PASSED] - setText(findTestObject("Object Repository/RecAndPlayBk/Page-Vlink-Sale/input_Category_category"), category): Text 'RETL' is set on object 'Object Repository/RecAndPlayBk/Page-Vlink-Sale/input_Category_category'

2024-05-27 19:08:22 - [MESSAGE][PASSED] - Text 'RETL' is set on object 'Object Repository/RecAndPlayBk/Page-Vlink-Sale/input_Category_category'

2024-05-27 19:08:22 - [TEST_STEP][PASSED] - setText(findTestObject("Object Repository/RecAndPlayBk/Page-Vlink-Sale/input_Amount_amount"), amount): Text '10.5' is set on object 'Object Repository/RecAndPlayBk/Page-Vlink-Sale/input_Amount_amount'

2024-05-27 19:08:22 - [MESSAGE][PASSED] - Text '10.5' is set on object 'Object Repository/RecAndPlayBk/Page-Vlink-Sale/input_Amount_amount'

2024-05-27 19:08:22 - [TEST_STEP][PASSED] - setText(findTestObject("Object Repository/RecAndPlayBk/Page-Vlink-Sale/input_Card number_card_number"), ""): Text '' is set on object 'Object Repository/RecAndPlayBk/Page-Vlink-Sale/input_Card number_card_number'

2024-05-27 19:08:23 - [MESSAGE][PASSED] - Text '' is set on object 'Object Repository/RecAndPlayBk/Page-Vlink-Sale/input_Card number_card_number'

2024-05-27 19:08:23 - [TEST_STEP][PASSED] - setText(findTestObject("Object Repository/RecAndPlayBk/Page-Vlink-Sale/input_Card ex month_card_exmo"), ""): Text '' is set on object 'Object Repository/RecAndPlayBk/Page-Vlink-Sale/input_Card ex month_card_exmo'

2024-05-27 19:08:24 - [MESSAGE][PASSED] - Text '' is set on object 'Object Repository/RecAndPlayBk/Page-Vlink-Sale/input_Card ex month_card_exmo'

2024-05-27 19:08:24 - [TEST_STEP][PASSED] - setText(findTestObject("Object Repository/RecAndPlayBk/Page-Vlink-Sale/input_Card ex year_card_exyr"), ""): Text '' is set on object 'Object Repository/RecAndPlayBk/Page-Vlink-Sale/input_Card ex year_card_exyr'

2024-05-27 19:08:24 - [MESSAGE][PASSED] - Text '' is set on object 'Object Repository/RecAndPlayBk/Page-Vlink-Sale/input_Card ex year_card_exyr'

2024-05-27 19:08:24 - [TEST_STEP][PASSED] - setText(findTestObject("Object Repository/RecAndPlayBk/Page-Vlink-Sale/input_Track Data_track_data"), trackData): Text '%B5567080011582687^AHMED/IMTIAZ              ^2603201090300000000000528000015?;5567080011582687=26032010903052800015?' is set on object 'Object Repository/RecAndPlayBk/Page-Vlink-Sale/input_Track Data_track_data'

2024-05-27 19:08:25 - [MESSAGE][PASSED] - Text '%B5567080011582687^AHMED/IMTIAZ              ^2603201090300000000000528000015?;5567080011582687=26032010903052800015?' is set on object 'Object Repository/RecAndPlayBk/Page-Vlink-Sale/input_Track Data_track_data'

2024-05-27 19:08:25 - [TEST_STEP][PASSED] - setText(findTestObject("Object Repository/RecAndPlayBk/Page-Vlink-Sale/txt_POSEntryMode"), "track"): Text 'track' is set on object 'Object Repository/RecAndPlayBk/Page-Vlink-Sale/txt_POSEntryMode'

2024-05-27 19:08:26 - [MESSAGE][PASSED] - Text 'track' is set on object 'Object Repository/RecAndPlayBk/Page-Vlink-Sale/txt_POSEntryMode'

2024-05-27 19:08:26 - [TEST_STEP][PASSED] - setText(findTestObject("Object Repository/RecAndPlayBk/Page-Vlink-Sale/input_concat(Cardholder, , s email)_email"), ""): Text '' is set on object 'Object Repository/RecAndPlayBk/Page-Vlink-Sale/input_concat(Cardholder, , s email)_email'

2024-05-27 19:08:27 - [MESSAGE][PASSED] - Text '' is set on object 'Object Repository/RecAndPlayBk/Page-Vlink-Sale/input_concat(Cardholder, , s email)_email'

2024-05-27 19:08:27 - [TEST_STEP][PASSED] - click(findTestObject("Object Repository/RecAndPlayBk/Page-Vlink-Sale/input_user_defined10_user_defined10")): Object: 'Object Repository/RecAndPlayBk/Page-Vlink-Sale/input_user_defined10_user_defined10' is clicked on

2024-05-27 19:08:27 - [MESSAGE][PASSED] - Object: 'Object Repository/RecAndPlayBk/Page-Vlink-Sale/input_user_defined10_user_defined10' is clicked on

2024-05-27 19:08:27 - [TEST_STEP][PASSED] - if (executionProfile.equalsIgnoreCase("QAProfile") || executionProfile.equalsIgnoreCase("DemoProfile")): Text '' is set on object 'Object Repository/RecAndPlayBk/Page-Vlink-Sale/input_COF Transaction Initiated by_cof_tran_6cded5'

2024-05-27 19:08:27 - [TEST_STEP][PASSED] - setText(findTestObject("Object Repository/RecAndPlayBk/Page-Vlink-Sale/input_Card on File Indicator_card_on_file_i_157dae"), ""): Text '' is set on object 'Object Repository/RecAndPlayBk/Page-Vlink-Sale/input_Card on File Indicator_card_on_file_i_157dae'

2024-05-27 19:08:28 - [MESSAGE][PASSED] - Text '' is set on object 'Object Repository/RecAndPlayBk/Page-Vlink-Sale/input_Card on File Indicator_card_on_file_i_157dae'

2024-05-27 19:08:28 - [TEST_STEP][PASSED] - setText(findTestObject("Object Repository/RecAndPlayBk/Page-Vlink-Sale/input_Stored Credential Indicator_stored_cr_4ae73c"), ""): Text '' is set on object 'Object Repository/RecAndPlayBk/Page-Vlink-Sale/input_Stored Credential Indicator_stored_cr_4ae73c'

2024-05-27 19:08:29 - [MESSAGE][PASSED] - Text '' is set on object 'Object Repository/RecAndPlayBk/Page-Vlink-Sale/input_Stored Credential Indicator_stored_cr_4ae73c'

2024-05-27 19:08:29 - [TEST_STEP][PASSED] - setText(findTestObject("Object Repository/RecAndPlayBk/Page-Vlink-Sale/input_COF Scheduled indicator_cof_scheduled_8df7d8"), ""): Text '' is set on object 'Object Repository/RecAndPlayBk/Page-Vlink-Sale/input_COF Scheduled indicator_cof_scheduled_8df7d8'

2024-05-27 19:08:29 - [MESSAGE][PASSED] - Text '' is set on object 'Object Repository/RecAndPlayBk/Page-Vlink-Sale/input_COF Scheduled indicator_cof_scheduled_8df7d8'

2024-05-27 19:08:29 - [TEST_STEP][PASSED] - setText(findTestObject("Object Repository/RecAndPlayBk/Page-Vlink-Sale/input_COF Transaction Initiated by_cof_tran_6cded5"), ""): Text '' is set on object 'Object Repository/RecAndPlayBk/Page-Vlink-Sale/input_COF Transaction Initiated by_cof_tran_6cded5'

2024-05-27 19:08:30 - [MESSAGE][PASSED] - Text '' is set on object 'Object Repository/RecAndPlayBk/Page-Vlink-Sale/input_COF Transaction Initiated by_cof_tran_6cded5'

2024-05-27 19:08:30 - [TEST_STEP][PASSED] - click(findTestObject("Object Repository/RecAndPlayBk/Page-Vlink-Sale/input")): Object: 'Object Repository/RecAndPlayBk/Page-Vlink-Sale/input' is clicked on

2024-05-27 19:08:33 - [MESSAGE][PASSED] - Object: 'Object Repository/RecAndPlayBk/Page-Vlink-Sale/input' is clicked on

2024-05-27 19:08:33 - [TEST_STEP][PASSED] - if (verifyTextPresent("Transaction approved, no errors", true)): null

2024-05-27 19:08:33 - [MESSAGE][PASSED] - Text 'Transaction approved, no errors' is present on page  using regular expression

2024-05-27 19:08:33 - [TEST_STEP][PASSED] - println("Transaction Approved, no errors text is present on the Confirmation page"): null

2024-05-27 19:08:33 - [TEST_STEP][PASSED] - out.println("Pass Record Number: " + row): null

2024-05-27 19:08:33 - [TEST_STEP][PASSED] - resText = "Pass": null

2024-05-27 19:08:33 - [TEST_STEP][PASSED] - pages.WriteExcel.demoKey(resText, datText, resColumn, datCloumn, fileLoc, nameSheet, row): pages.WriteExcel.demoKey is PASSED

2024-05-27 19:08:33 - [MESSAGE][PASSED] - pages.WriteExcel.demoKey is PASSED

2024-05-27 19:08:33 - [TEST_STEP][PASSED] - ExecuteTC = findTestData(dataFile).getValue("Execute", row): null

2024-05-27 19:08:34 - [TEST_STEP][PASSED] - out.println("Value of Execute is : " + ExecuteTC): null

2024-05-27 19:08:34 - [TEST_STEP][PASSED] - switch (executionProfile): null

2024-05-27 19:08:34 - [TEST_STEP][PASSED] - case "DemoProfile":: null

2024-05-27 19:08:34 - [TEST_STEP][PASSED] - appID = findTestData(dataFile).getValue("AppIDDemo", row): null

2024-05-27 19:08:34 - [TEST_STEP][PASSED] - username = findTestData(dataFile).getValue("UsernameDemo", row): null

2024-05-27 19:08:34 - [TEST_STEP][PASSED] - password = findTestData(dataFile).getValue("PasswordDemo", row): null

2024-05-27 19:08:34 - [TEST_STEP][PASSED] - break: null

2024-05-27 19:08:34 - [TEST_STEP][PASSED] - if (ExecuteTC.equalsIgnoreCase("Y")): null

2024-05-27 19:08:34 - [TEST_STEP][PASSED] - out.println("Begin Record Number: " + row): null

2024-05-27 19:08:34 - [TEST_STEP][PASSED] - today = new java.util.Date(): null

2024-05-27 19:08:34 - [TEST_STEP][PASSED] - println(today): null

2024-05-27 19:08:34 - [TEST_STEP][PASSED] - datText = today: null

2024-05-27 19:08:34 - [TEST_STEP][PASSED] - category = findTestData(dataFile).getValue("Category", row): null

2024-05-27 19:08:34 - [TEST_STEP][PASSED] - amount = findTestData(dataFile).getValue("Amount", row): null

2024-05-27 19:08:34 - [TEST_STEP][PASSED] - trackData = findTestData(dataFile).getValue("TrackData", row): null

2024-05-27 19:08:34 - [TEST_STEP][PASSED] - openBrowser(VLinkURL + "authcap.html"): Browser is opened with url: 'https://dev-algorithm.govolution.com/vlinktest/demo/version_2_0/authcap.html'

2024-05-27 19:08:34 - [MESSAGE][WARNING] - A browser is already opened. Closing browser and opening a new one

2024-05-27 19:08:35 - [MESSAGE][INFO] - Starting 'Chrome' driver

2024-05-27 19:08:35 - [MESSAGE][INFO] - User set preference: ['acceptInsecureCerts', 'true']

2024-05-27 19:08:35 - [MESSAGE][INFO] - Action delay is set to 0 milliseconds

2024-05-27 19:08:37 - [MESSAGE][PASSED] - Browser is opened with url: 'https://dev-algorithm.govolution.com/vlinktest/demo/version_2_0/authcap.html'

2024-05-27 19:08:37 - [TEST_STEP][PASSED] - maximizeWindow(): Current window maximized

2024-05-27 19:08:38 - [MESSAGE][PASSED] - Current window maximized

2024-05-27 19:08:38 - [TEST_STEP][PASSED] - maximizeWindow(): Current window maximized

2024-05-27 19:08:38 - [MESSAGE][PASSED] - Current window maximized

2024-05-27 19:08:38 - [TEST_STEP][PASSED] - genRemID = RandomStringUtils.random(12, true, true): null

2024-05-27 19:08:38 - [TEST_STEP][PASSED] - setText(findTestObject("Object Repository/RecAndPlayBk/Page-Vlink-Sale/input_Remittance Id_remittance_id"), genRemID): Text 'zDDB09zuThCS' is set on object 'Object Repository/RecAndPlayBk/Page-Vlink-Sale/input_Remittance Id_remittance_id'

2024-05-27 19:08:38 - [MESSAGE][PASSED] - Text 'zDDB09zuThCS' is set on object 'Object Repository/RecAndPlayBk/Page-Vlink-Sale/input_Remittance Id_remittance_id'

2024-05-27 19:08:38 - [TEST_STEP][PASSED] - setText(findTestObject("Object Repository/RecAndPlayBk/Page-Vlink-Sale/input_Application Id_application_id"), appID): Text '3136' is set on object 'Object Repository/RecAndPlayBk/Page-Vlink-Sale/input_Application Id_application_id'

2024-05-27 19:08:39 - [MESSAGE][PASSED] - Text '3136' is set on object 'Object Repository/RecAndPlayBk/Page-Vlink-Sale/input_Application Id_application_id'

2024-05-27 19:08:39 - [TEST_STEP][PASSED] - setText(findTestObject("Object Repository/RecAndPlayBk/Page-Vlink-Sale/input_Username_username"), username): Text 'user3136' is set on object 'Object Repository/RecAndPlayBk/Page-Vlink-Sale/input_Username_username'

2024-05-27 19:08:40 - [MESSAGE][PASSED] - Text 'user3136' is set on object 'Object Repository/RecAndPlayBk/Page-Vlink-Sale/input_Username_username'

2024-05-27 19:08:40 - [TEST_STEP][PASSED] - setText(findTestObject("Object Repository/RecAndPlayBk/Page-Vlink-Sale/input_Password_password"), password): Text 'pwd3136' is set on object 'Object Repository/RecAndPlayBk/Page-Vlink-Sale/input_Password_password'

2024-05-27 19:08:40 - [MESSAGE][PASSED] - Text 'pwd3136' is set on object 'Object Repository/RecAndPlayBk/Page-Vlink-Sale/input_Password_password'

2024-05-27 19:08:40 - [TEST_STEP][PASSED] - setText(findTestObject("Object Repository/RecAndPlayBk/Page-Vlink-Sale/input_Category_category"), category): Text 'RETL' is set on object 'Object Repository/RecAndPlayBk/Page-Vlink-Sale/input_Category_category'

2024-05-27 19:08:41 - [MESSAGE][PASSED] - Text 'RETL' is set on object 'Object Repository/RecAndPlayBk/Page-Vlink-Sale/input_Category_category'

2024-05-27 19:08:41 - [TEST_STEP][PASSED] - setText(findTestObject("Object Repository/RecAndPlayBk/Page-Vlink-Sale/input_Amount_amount"), amount): Text '10.5' is set on object 'Object Repository/RecAndPlayBk/Page-Vlink-Sale/input_Amount_amount'

2024-05-27 19:08:42 - [MESSAGE][PASSED] - Text '10.5' is set on object 'Object Repository/RecAndPlayBk/Page-Vlink-Sale/input_Amount_amount'

2024-05-27 19:08:42 - [TEST_STEP][PASSED] - setText(findTestObject("Object Repository/RecAndPlayBk/Page-Vlink-Sale/input_Card number_card_number"), ""): Text '' is set on object 'Object Repository/RecAndPlayBk/Page-Vlink-Sale/input_Card number_card_number'

2024-05-27 19:08:42 - [MESSAGE][PASSED] - Text '' is set on object 'Object Repository/RecAndPlayBk/Page-Vlink-Sale/input_Card number_card_number'

2024-05-27 19:08:42 - [TEST_STEP][PASSED] - setText(findTestObject("Object Repository/RecAndPlayBk/Page-Vlink-Sale/input_Card ex month_card_exmo"), ""): Text '' is set on object 'Object Repository/RecAndPlayBk/Page-Vlink-Sale/input_Card ex month_card_exmo'

2024-05-27 19:08:43 - [MESSAGE][PASSED] - Text '' is set on object 'Object Repository/RecAndPlayBk/Page-Vlink-Sale/input_Card ex month_card_exmo'

2024-05-27 19:08:43 - [TEST_STEP][PASSED] - setText(findTestObject("Object Repository/RecAndPlayBk/Page-Vlink-Sale/input_Card ex year_card_exyr"), ""): Text '' is set on object 'Object Repository/RecAndPlayBk/Page-Vlink-Sale/input_Card ex year_card_exyr'

2024-05-27 19:08:44 - [MESSAGE][PASSED] - Text '' is set on object 'Object Repository/RecAndPlayBk/Page-Vlink-Sale/input_Card ex year_card_exyr'

2024-05-27 19:08:44 - [TEST_STEP][PASSED] - setText(findTestObject("Object Repository/RecAndPlayBk/Page-Vlink-Sale/input_Track Data_track_data"), trackData): Text '%B5567080011582687^AHMED/IMTIAZ              ^2603201090300000000000528000015?;5567080011582687=26032010903052800015?' is set on object 'Object Repository/RecAndPlayBk/Page-Vlink-Sale/input_Track Data_track_data'

2024-05-27 19:08:45 - [MESSAGE][PASSED] - Text '%B5567080011582687^AHMED/IMTIAZ              ^2603201090300000000000528000015?;5567080011582687=26032010903052800015?' is set on object 'Object Repository/RecAndPlayBk/Page-Vlink-Sale/input_Track Data_track_data'

2024-05-27 19:08:45 - [TEST_STEP][PASSED] - setText(findTestObject("Object Repository/RecAndPlayBk/Page-Vlink-Sale/txt_POSEntryMode"), "track"): Text 'track' is set on object 'Object Repository/RecAndPlayBk/Page-Vlink-Sale/txt_POSEntryMode'

2024-05-27 19:08:46 - [MESSAGE][PASSED] - Text 'track' is set on object 'Object Repository/RecAndPlayBk/Page-Vlink-Sale/txt_POSEntryMode'

2024-05-27 19:08:46 - [TEST_STEP][PASSED] - setText(findTestObject("Object Repository/RecAndPlayBk/Page-Vlink-Sale/input_concat(Cardholder, , s email)_email"), ""): Text '' is set on object 'Object Repository/RecAndPlayBk/Page-Vlink-Sale/input_concat(Cardholder, , s email)_email'

2024-05-27 19:08:47 - [MESSAGE][PASSED] - Text '' is set on object 'Object Repository/RecAndPlayBk/Page-Vlink-Sale/input_concat(Cardholder, , s email)_email'

2024-05-27 19:08:47 - [TEST_STEP][PASSED] - click(findTestObject("Object Repository/RecAndPlayBk/Page-Vlink-Sale/input_user_defined10_user_defined10")): Object: 'Object Repository/RecAndPlayBk/Page-Vlink-Sale/input_user_defined10_user_defined10' is clicked on

2024-05-27 19:08:47 - [MESSAGE][PASSED] - Object: 'Object Repository/RecAndPlayBk/Page-Vlink-Sale/input_user_defined10_user_defined10' is clicked on

2024-05-27 19:08:47 - [TEST_STEP][PASSED] - if (executionProfile.equalsIgnoreCase("QAProfile") || executionProfile.equalsIgnoreCase("DemoProfile")): Text '' is set on object 'Object Repository/RecAndPlayBk/Page-Vlink-Sale/input_COF Transaction Initiated by_cof_tran_6cded5'

2024-05-27 19:08:47 - [TEST_STEP][PASSED] - setText(findTestObject("Object Repository/RecAndPlayBk/Page-Vlink-Sale/input_Card on File Indicator_card_on_file_i_157dae"), ""): Text '' is set on object 'Object Repository/RecAndPlayBk/Page-Vlink-Sale/input_Card on File Indicator_card_on_file_i_157dae'

2024-05-27 19:08:48 - [MESSAGE][PASSED] - Text '' is set on object 'Object Repository/RecAndPlayBk/Page-Vlink-Sale/input_Card on File Indicator_card_on_file_i_157dae'

2024-05-27 19:08:48 - [TEST_STEP][PASSED] - setText(findTestObject("Object Repository/RecAndPlayBk/Page-Vlink-Sale/input_Stored Credential Indicator_stored_cr_4ae73c"), ""): Text '' is set on object 'Object Repository/RecAndPlayBk/Page-Vlink-Sale/input_Stored Credential Indicator_stored_cr_4ae73c'

2024-05-27 19:08:49 - [MESSAGE][PASSED] - Text '' is set on object 'Object Repository/RecAndPlayBk/Page-Vlink-Sale/input_Stored Credential Indicator_stored_cr_4ae73c'

2024-05-27 19:08:49 - [TEST_STEP][PASSED] - setText(findTestObject("Object Repository/RecAndPlayBk/Page-Vlink-Sale/input_COF Scheduled indicator_cof_scheduled_8df7d8"), ""): Text '' is set on object 'Object Repository/RecAndPlayBk/Page-Vlink-Sale/input_COF Scheduled indicator_cof_scheduled_8df7d8'

2024-05-27 19:08:49 - [MESSAGE][PASSED] - Text '' is set on object 'Object Repository/RecAndPlayBk/Page-Vlink-Sale/input_COF Scheduled indicator_cof_scheduled_8df7d8'

2024-05-27 19:08:49 - [TEST_STEP][PASSED] - setText(findTestObject("Object Repository/RecAndPlayBk/Page-Vlink-Sale/input_COF Transaction Initiated by_cof_tran_6cded5"), ""): Text '' is set on object 'Object Repository/RecAndPlayBk/Page-Vlink-Sale/input_COF Transaction Initiated by_cof_tran_6cded5'

2024-05-27 19:08:50 - [MESSAGE][PASSED] - Text '' is set on object 'Object Repository/RecAndPlayBk/Page-Vlink-Sale/input_COF Transaction Initiated by_cof_tran_6cded5'

2024-05-27 19:08:50 - [TEST_STEP][PASSED] - click(findTestObject("Object Repository/RecAndPlayBk/Page-Vlink-Sale/input")): Object: 'Object Repository/RecAndPlayBk/Page-Vlink-Sale/input' is clicked on

2024-05-27 19:08:51 - [MESSAGE][PASSED] - Object: 'Object Repository/RecAndPlayBk/Page-Vlink-Sale/input' is clicked on

2024-05-27 19:08:51 - [TEST_STEP][PASSED] - if (verifyTextPresent("Transaction approved, no errors", true)): null

2024-05-27 19:08:51 - [MESSAGE][PASSED] - Text 'Transaction approved, no errors' is present on page  using regular expression

2024-05-27 19:08:51 - [TEST_STEP][PASSED] - println("Transaction Approved, no errors text is present on the Confirmation page"): null

2024-05-27 19:08:51 - [TEST_STEP][PASSED] - out.println("Pass Record Number: " + row): null

2024-05-27 19:08:51 - [TEST_STEP][PASSED] - resText = "Pass": null

2024-05-27 19:08:51 - [TEST_STEP][PASSED] - pages.WriteExcel.demoKey(resText, datText, resColumn, datCloumn, fileLoc, nameSheet, row): pages.WriteExcel.demoKey is PASSED

2024-05-27 19:08:52 - [MESSAGE][PASSED] - pages.WriteExcel.demoKey is PASSED]]></system-out>
         <system-err><![CDATA[]]></system-err>
      </testcase>
      <testcase name="Test Cases/RecAndPlayBk/VLink/Sale-ZeroDollar-Error" time="85.214" classname="Test Cases/RecAndPlayBk/VLink/Sale-ZeroDollar-Error" status="PASSED">
         <system-out><![CDATA[2024-05-27 19:08:52 - [TEST_CASE][PASSED] - Test Cases/RecAndPlayBk/VLink/Sale-ZeroDollar-Error: Test Cases/RecAndPlayBk/VLink/Sale-ZeroDollar-Error

2024-05-27 19:08:52 - [TEST_STEP][PASSED] - executionProfile = getExecutionProfile(): null

2024-05-27 19:08:52 - [TEST_STEP][PASSED] - out.println("executionProfile : " + executionProfile): null

2024-05-27 19:08:52 - [TEST_STEP][PASSED] - appName = <not implemented yet for class: org.codehaus.groovy.ast.expr.EmptyExpression>: null

2024-05-27 19:08:52 - [TEST_STEP][PASSED] - appID = <not implemented yet for class: org.codehaus.groovy.ast.expr.EmptyExpression>: null

2024-05-27 19:08:52 - [TEST_STEP][PASSED] - username = <not implemented yet for class: org.codehaus.groovy.ast.expr.EmptyExpression>: null

2024-05-27 19:08:52 - [TEST_STEP][PASSED] - password = <not implemented yet for class: org.codehaus.groovy.ast.expr.EmptyExpression>: null

2024-05-27 19:08:52 - [TEST_STEP][PASSED] - cardNameV = <not implemented yet for class: org.codehaus.groovy.ast.expr.EmptyExpression>: null

2024-05-27 19:08:52 - [TEST_STEP][PASSED] - al1V = <not implemented yet for class: org.codehaus.groovy.ast.expr.EmptyExpression>: null

2024-05-27 19:08:52 - [TEST_STEP][PASSED] - al2V = <not implemented yet for class: org.codehaus.groovy.ast.expr.EmptyExpression>: null

2024-05-27 19:08:52 - [TEST_STEP][PASSED] - zipV = <not implemented yet for class: org.codehaus.groovy.ast.expr.EmptyExpression>: null

2024-05-27 19:08:52 - [TEST_STEP][PASSED] - cardTypeV = <not implemented yet for class: org.codehaus.groovy.ast.expr.EmptyExpression>: null

2024-05-27 19:08:52 - [TEST_STEP][PASSED] - last4V = <not implemented yet for class: org.codehaus.groovy.ast.expr.EmptyExpression>: null

2024-05-27 19:08:52 - [TEST_STEP][PASSED] - resText = "Fail": null

2024-05-27 19:08:52 - [TEST_STEP][PASSED] - resColumn = "Result": null

2024-05-27 19:08:52 - [TEST_STEP][PASSED] - datCloumn = "Date": null

2024-05-27 19:08:52 - [TEST_STEP][PASSED] - fileLoc = "KatalonData/VLinkSmokeData.xlsx": null

2024-05-27 19:08:52 - [TEST_STEP][PASSED] - numOfRows = <not implemented yet for class: org.codehaus.groovy.ast.expr.EmptyExpression>: null

2024-05-27 19:08:52 - [TEST_STEP][PASSED] - dataFile = <not implemented yet for class: org.codehaus.groovy.ast.expr.EmptyExpression>: null

2024-05-27 19:08:52 - [TEST_STEP][PASSED] - nameSheet = <not implemented yet for class: org.codehaus.groovy.ast.expr.EmptyExpression>: null

2024-05-27 19:08:52 - [TEST_STEP][PASSED] - nameSheet = "Sale-ZeroDollar": null

2024-05-27 19:08:52 - [TEST_STEP][PASSED] - numOfRows = findTestData("QA/VLinkTestData/VLinkSaleZeroDollar").getRowNumbers(): null

2024-05-27 19:08:52 - [TEST_STEP][PASSED] - println("Number of Records: " + numOfRows): null

2024-05-27 19:08:52 - [TEST_STEP][PASSED] - dataFile = "QA/VLinkTestData/VLinkSaleZeroDollar": null

2024-05-27 19:08:52 - [TEST_STEP][PASSED] - for ([row = 1, row <= numOfRows, (row++)]): null

2024-05-27 19:08:52 - [TEST_STEP][PASSED] - ExecuteTC = findTestData(dataFile).getValue("Execute", row): null

2024-05-27 19:08:52 - [TEST_STEP][PASSED] - out.println("Value of Execute is : " + ExecuteTC): null

2024-05-27 19:08:52 - [TEST_STEP][PASSED] - switch (executionProfile): null

2024-05-27 19:08:52 - [TEST_STEP][PASSED] - case "DemoProfile":: null

2024-05-27 19:08:52 - [TEST_STEP][PASSED] - appID = findTestData(dataFile).getValue("AppIDDemo", row): null

2024-05-27 19:08:52 - [TEST_STEP][PASSED] - username = findTestData(dataFile).getValue("UsernameDemo", row): null

2024-05-27 19:08:52 - [TEST_STEP][PASSED] - password = findTestData(dataFile).getValue("PasswordDemo", row): null

2024-05-27 19:08:52 - [TEST_STEP][PASSED] - break: null

2024-05-27 19:08:52 - [TEST_STEP][PASSED] - if (ExecuteTC.equalsIgnoreCase("Y")): null

2024-05-27 19:08:52 - [TEST_STEP][PASSED] - out.println("Begin Record Number: " + row): null

2024-05-27 19:08:52 - [TEST_STEP][PASSED] - today = new java.util.Date(): null

2024-05-27 19:08:52 - [TEST_STEP][PASSED] - println(today): null

2024-05-27 19:08:52 - [TEST_STEP][PASSED] - datText = today: null

2024-05-27 19:08:52 - [TEST_STEP][PASSED] - category = findTestData(dataFile).getValue("Category", row): null

2024-05-27 19:08:53 - [TEST_STEP][PASSED] - amount = findTestData(dataFile).getValue("Amount", row): null

2024-05-27 19:08:53 - [TEST_STEP][PASSED] - cardNumber = findTestData(dataFile).getValue("CardNumber", row): null

2024-05-27 19:08:53 - [TEST_STEP][PASSED] - exM = findTestData(dataFile).getValue("ExM", row): null

2024-05-27 19:08:53 - [TEST_STEP][PASSED] - exY = findTestData(dataFile).getValue("ExY", row): null

2024-05-27 19:08:53 - [TEST_STEP][PASSED] - openBrowser(VLinkURL + "authcap.html"): Browser is opened with url: 'https://dev-algorithm.govolution.com/vlinktest/demo/version_2_0/authcap.html'

2024-05-27 19:08:53 - [MESSAGE][WARNING] - A browser is already opened. Closing browser and opening a new one

2024-05-27 19:08:54 - [MESSAGE][INFO] - Starting 'Chrome' driver

2024-05-27 19:08:54 - [MESSAGE][INFO] - User set preference: ['acceptInsecureCerts', 'true']

2024-05-27 19:08:54 - [MESSAGE][INFO] - Action delay is set to 0 milliseconds

2024-05-27 19:08:56 - [MESSAGE][PASSED] - Browser is opened with url: 'https://dev-algorithm.govolution.com/vlinktest/demo/version_2_0/authcap.html'

2024-05-27 19:08:56 - [TEST_STEP][PASSED] - maximizeWindow(): Current window maximized

2024-05-27 19:08:56 - [MESSAGE][PASSED] - Current window maximized

2024-05-27 19:08:56 - [TEST_STEP][PASSED] - maximizeWindow(): Current window maximized

2024-05-27 19:08:56 - [MESSAGE][PASSED] - Current window maximized

2024-05-27 19:08:56 - [TEST_STEP][PASSED] - genRemID = RandomStringUtils.random(12, true, true): null

2024-05-27 19:08:56 - [TEST_STEP][PASSED] - setText(findTestObject("Object Repository/RecAndPlayBk/Page-Vlink-Sale/input_Remittance Id_remittance_id"), genRemID): Text 'XkSvgA617nbJ' is set on object 'Object Repository/RecAndPlayBk/Page-Vlink-Sale/input_Remittance Id_remittance_id'

2024-05-27 19:08:57 - [MESSAGE][PASSED] - Text 'XkSvgA617nbJ' is set on object 'Object Repository/RecAndPlayBk/Page-Vlink-Sale/input_Remittance Id_remittance_id'

2024-05-27 19:08:57 - [TEST_STEP][PASSED] - setText(findTestObject("Object Repository/RecAndPlayBk/Page-Vlink-Sale/input_Application Id_application_id"), appID): Text '1773' is set on object 'Object Repository/RecAndPlayBk/Page-Vlink-Sale/input_Application Id_application_id'

2024-05-27 19:08:58 - [MESSAGE][PASSED] - Text '1773' is set on object 'Object Repository/RecAndPlayBk/Page-Vlink-Sale/input_Application Id_application_id'

2024-05-27 19:08:58 - [TEST_STEP][PASSED] - setText(findTestObject("Object Repository/RecAndPlayBk/Page-Vlink-Sale/input_Username_username"), username): Text 'Qq2BV1qtr' is set on object 'Object Repository/RecAndPlayBk/Page-Vlink-Sale/input_Username_username'

2024-05-27 19:08:58 - [MESSAGE][PASSED] - Text 'Qq2BV1qtr' is set on object 'Object Repository/RecAndPlayBk/Page-Vlink-Sale/input_Username_username'

2024-05-27 19:08:58 - [TEST_STEP][PASSED] - setText(findTestObject("Object Repository/RecAndPlayBk/Page-Vlink-Sale/input_Password_password"), password): Text 'tUmWBiLUx' is set on object 'Object Repository/RecAndPlayBk/Page-Vlink-Sale/input_Password_password'

2024-05-27 19:08:59 - [MESSAGE][PASSED] - Text 'tUmWBiLUx' is set on object 'Object Repository/RecAndPlayBk/Page-Vlink-Sale/input_Password_password'

2024-05-27 19:08:59 - [TEST_STEP][PASSED] - setText(findTestObject("Object Repository/RecAndPlayBk/Page-Vlink-Sale/input_Category_category"), category): Text 'ECOM' is set on object 'Object Repository/RecAndPlayBk/Page-Vlink-Sale/input_Category_category'

2024-05-27 19:09:00 - [MESSAGE][PASSED] - Text 'ECOM' is set on object 'Object Repository/RecAndPlayBk/Page-Vlink-Sale/input_Category_category'

2024-05-27 19:09:00 - [TEST_STEP][PASSED] - setText(findTestObject("Object Repository/RecAndPlayBk/Page-Vlink-Sale/input_Amount_amount"), amount): Text '0' is set on object 'Object Repository/RecAndPlayBk/Page-Vlink-Sale/input_Amount_amount'

2024-05-27 19:09:00 - [MESSAGE][PASSED] - Text '0' is set on object 'Object Repository/RecAndPlayBk/Page-Vlink-Sale/input_Amount_amount'

2024-05-27 19:09:00 - [TEST_STEP][PASSED] - setText(findTestObject("Object Repository/RecAndPlayBk/Page-Vlink-Sale/input_Card number_card_number"), cardNumber): Text '4111111111111111' is set on object 'Object Repository/RecAndPlayBk/Page-Vlink-Sale/input_Card number_card_number'

2024-05-27 19:09:01 - [MESSAGE][PASSED] - Text '4111111111111111' is set on object 'Object Repository/RecAndPlayBk/Page-Vlink-Sale/input_Card number_card_number'

2024-05-27 19:09:01 - [TEST_STEP][PASSED] - setText(findTestObject("Object Repository/RecAndPlayBk/Page-Vlink-Sale/input_Card ex month_card_exmo"), exM): Text '12' is set on object 'Object Repository/RecAndPlayBk/Page-Vlink-Sale/input_Card ex month_card_exmo'

2024-05-27 19:09:02 - [MESSAGE][PASSED] - Text '12' is set on object 'Object Repository/RecAndPlayBk/Page-Vlink-Sale/input_Card ex month_card_exmo'

2024-05-27 19:09:02 - [TEST_STEP][PASSED] - setText(findTestObject("Object Repository/RecAndPlayBk/Page-Vlink-Sale/input_Card ex year_card_exyr"), exY): Text '2029' is set on object 'Object Repository/RecAndPlayBk/Page-Vlink-Sale/input_Card ex year_card_exyr'

2024-05-27 19:09:03 - [MESSAGE][PASSED] - Text '2029' is set on object 'Object Repository/RecAndPlayBk/Page-Vlink-Sale/input_Card ex year_card_exyr'

2024-05-27 19:09:03 - [TEST_STEP][PASSED] - setText(findTestObject("Object Repository/RecAndPlayBk/Page-Vlink-Sale/input_Track Data_track_data"), ""): Text '' is set on object 'Object Repository/RecAndPlayBk/Page-Vlink-Sale/input_Track Data_track_data'

2024-05-27 19:09:03 - [MESSAGE][PASSED] - Text '' is set on object 'Object Repository/RecAndPlayBk/Page-Vlink-Sale/input_Track Data_track_data'

2024-05-27 19:09:03 - [TEST_STEP][PASSED] - setText(findTestObject("Object Repository/RecAndPlayBk/Page-Vlink-Sale/input_concat(Cardholder, , s email)_email"), ""): Text '' is set on object 'Object Repository/RecAndPlayBk/Page-Vlink-Sale/input_concat(Cardholder, , s email)_email'

2024-05-27 19:09:04 - [MESSAGE][PASSED] - Text '' is set on object 'Object Repository/RecAndPlayBk/Page-Vlink-Sale/input_concat(Cardholder, , s email)_email'

2024-05-27 19:09:04 - [TEST_STEP][PASSED] - click(findTestObject("Object Repository/RecAndPlayBk/Page-Vlink-Sale/input_user_defined10_user_defined10")): Object: 'Object Repository/RecAndPlayBk/Page-Vlink-Sale/input_user_defined10_user_defined10' is clicked on

2024-05-27 19:09:04 - [MESSAGE][PASSED] - Object: 'Object Repository/RecAndPlayBk/Page-Vlink-Sale/input_user_defined10_user_defined10' is clicked on

2024-05-27 19:09:04 - [TEST_STEP][PASSED] - if (executionProfile.equalsIgnoreCase("QAProfile") || executionProfile.equalsIgnoreCase("DemoProfile")): Text '' is set on object 'Object Repository/RecAndPlayBk/Page-Vlink-Sale/input_COF Transaction Initiated by_cof_tran_6cded5'

2024-05-27 19:09:04 - [TEST_STEP][PASSED] - setText(findTestObject("Object Repository/RecAndPlayBk/Page-Vlink-Sale/input_Card on File Indicator_card_on_file_i_157dae"), ""): Text '' is set on object 'Object Repository/RecAndPlayBk/Page-Vlink-Sale/input_Card on File Indicator_card_on_file_i_157dae'

2024-05-27 19:09:05 - [MESSAGE][PASSED] - Text '' is set on object 'Object Repository/RecAndPlayBk/Page-Vlink-Sale/input_Card on File Indicator_card_on_file_i_157dae'

2024-05-27 19:09:05 - [TEST_STEP][PASSED] - setText(findTestObject("Object Repository/RecAndPlayBk/Page-Vlink-Sale/input_Stored Credential Indicator_stored_cr_4ae73c"), ""): Text '' is set on object 'Object Repository/RecAndPlayBk/Page-Vlink-Sale/input_Stored Credential Indicator_stored_cr_4ae73c'

2024-05-27 19:09:06 - [MESSAGE][PASSED] - Text '' is set on object 'Object Repository/RecAndPlayBk/Page-Vlink-Sale/input_Stored Credential Indicator_stored_cr_4ae73c'

2024-05-27 19:09:06 - [TEST_STEP][PASSED] - setText(findTestObject("Object Repository/RecAndPlayBk/Page-Vlink-Sale/input_COF Scheduled indicator_cof_scheduled_8df7d8"), ""): Text '' is set on object 'Object Repository/RecAndPlayBk/Page-Vlink-Sale/input_COF Scheduled indicator_cof_scheduled_8df7d8'

2024-05-27 19:09:07 - [MESSAGE][PASSED] - Text '' is set on object 'Object Repository/RecAndPlayBk/Page-Vlink-Sale/input_COF Scheduled indicator_cof_scheduled_8df7d8'

2024-05-27 19:09:07 - [TEST_STEP][PASSED] - setText(findTestObject("Object Repository/RecAndPlayBk/Page-Vlink-Sale/input_COF Transaction Initiated by_cof_tran_6cded5"), ""): Text '' is set on object 'Object Repository/RecAndPlayBk/Page-Vlink-Sale/input_COF Transaction Initiated by_cof_tran_6cded5'

2024-05-27 19:09:07 - [MESSAGE][PASSED] - Text '' is set on object 'Object Repository/RecAndPlayBk/Page-Vlink-Sale/input_COF Transaction Initiated by_cof_tran_6cded5'

2024-05-27 19:09:07 - [TEST_STEP][PASSED] - click(findTestObject("Object Repository/RecAndPlayBk/Page-Vlink-Sale/input")): Object: 'Object Repository/RecAndPlayBk/Page-Vlink-Sale/input' is clicked on

2024-05-27 19:09:08 - [MESSAGE][PASSED] - Object: 'Object Repository/RecAndPlayBk/Page-Vlink-Sale/input' is clicked on

2024-05-27 19:09:08 - [TEST_STEP][PASSED] - if (verifyTextPresent("invalid: amount", true)): null

2024-05-27 19:09:08 - [MESSAGE][PASSED] - Text 'invalid: amount' is present on page  using regular expression

2024-05-27 19:09:08 - [TEST_STEP][PASSED] - println("Parameter value(s) invalid: amount text is present on the Confirmation page"): null

2024-05-27 19:09:08 - [TEST_STEP][PASSED] - out.println("Pass Record Number: " + row): null

2024-05-27 19:09:08 - [TEST_STEP][PASSED] - resText = "Pass": null

2024-05-27 19:09:08 - [TEST_STEP][PASSED] - pages.WriteExcel.demoKey(resText, datText, resColumn, datCloumn, fileLoc, nameSheet, row): pages.WriteExcel.demoKey is PASSED

2024-05-27 19:09:09 - [MESSAGE][PASSED] - pages.WriteExcel.demoKey is PASSED

2024-05-27 19:09:09 - [TEST_STEP][PASSED] - ExecuteTC = findTestData(dataFile).getValue("Execute", row): null

2024-05-27 19:09:09 - [TEST_STEP][PASSED] - out.println("Value of Execute is : " + ExecuteTC): null

2024-05-27 19:09:09 - [TEST_STEP][PASSED] - switch (executionProfile): null

2024-05-27 19:09:09 - [TEST_STEP][PASSED] - case "DemoProfile":: null

2024-05-27 19:09:09 - [TEST_STEP][PASSED] - appID = findTestData(dataFile).getValue("AppIDDemo", row): null

2024-05-27 19:09:09 - [TEST_STEP][PASSED] - username = findTestData(dataFile).getValue("UsernameDemo", row): null

2024-05-27 19:09:09 - [TEST_STEP][PASSED] - password = findTestData(dataFile).getValue("PasswordDemo", row): null

2024-05-27 19:09:09 - [TEST_STEP][PASSED] - break: null

2024-05-27 19:09:09 - [TEST_STEP][PASSED] - if (ExecuteTC.equalsIgnoreCase("Y")): null

2024-05-27 19:09:09 - [TEST_STEP][PASSED] - out.println("Begin Record Number: " + row): null

2024-05-27 19:09:09 - [TEST_STEP][PASSED] - today = new java.util.Date(): null

2024-05-27 19:09:09 - [TEST_STEP][PASSED] - println(today): null

2024-05-27 19:09:09 - [TEST_STEP][PASSED] - datText = today: null

2024-05-27 19:09:09 - [TEST_STEP][PASSED] - category = findTestData(dataFile).getValue("Category", row): null

2024-05-27 19:09:09 - [TEST_STEP][PASSED] - amount = findTestData(dataFile).getValue("Amount", row): null

2024-05-27 19:09:09 - [TEST_STEP][PASSED] - cardNumber = findTestData(dataFile).getValue("CardNumber", row): null

2024-05-27 19:09:09 - [TEST_STEP][PASSED] - exM = findTestData(dataFile).getValue("ExM", row): null

2024-05-27 19:09:10 - [TEST_STEP][PASSED] - exY = findTestData(dataFile).getValue("ExY", row): null

2024-05-27 19:09:10 - [TEST_STEP][PASSED] - openBrowser(VLinkURL + "authcap.html"): Browser is opened with url: 'https://dev-algorithm.govolution.com/vlinktest/demo/version_2_0/authcap.html'

2024-05-27 19:09:10 - [MESSAGE][WARNING] - A browser is already opened. Closing browser and opening a new one

2024-05-27 19:09:11 - [MESSAGE][INFO] - Starting 'Chrome' driver

2024-05-27 19:09:11 - [MESSAGE][INFO] - User set preference: ['acceptInsecureCerts', 'true']

2024-05-27 19:09:11 - [MESSAGE][INFO] - Action delay is set to 0 milliseconds

2024-05-27 19:09:13 - [MESSAGE][PASSED] - Browser is opened with url: 'https://dev-algorithm.govolution.com/vlinktest/demo/version_2_0/authcap.html'

2024-05-27 19:09:13 - [TEST_STEP][PASSED] - maximizeWindow(): Current window maximized

2024-05-27 19:09:13 - [MESSAGE][PASSED] - Current window maximized

2024-05-27 19:09:13 - [TEST_STEP][PASSED] - maximizeWindow(): Current window maximized

2024-05-27 19:09:13 - [MESSAGE][PASSED] - Current window maximized

2024-05-27 19:09:13 - [TEST_STEP][PASSED] - genRemID = RandomStringUtils.random(12, true, true): null

2024-05-27 19:09:13 - [TEST_STEP][PASSED] - setText(findTestObject("Object Repository/RecAndPlayBk/Page-Vlink-Sale/input_Remittance Id_remittance_id"), genRemID): Text 'ivhmAC74ubf7' is set on object 'Object Repository/RecAndPlayBk/Page-Vlink-Sale/input_Remittance Id_remittance_id'

2024-05-27 19:09:14 - [MESSAGE][PASSED] - Text 'ivhmAC74ubf7' is set on object 'Object Repository/RecAndPlayBk/Page-Vlink-Sale/input_Remittance Id_remittance_id'

2024-05-27 19:09:14 - [TEST_STEP][PASSED] - setText(findTestObject("Object Repository/RecAndPlayBk/Page-Vlink-Sale/input_Application Id_application_id"), appID): Text '1773' is set on object 'Object Repository/RecAndPlayBk/Page-Vlink-Sale/input_Application Id_application_id'

2024-05-27 19:09:15 - [MESSAGE][PASSED] - Text '1773' is set on object 'Object Repository/RecAndPlayBk/Page-Vlink-Sale/input_Application Id_application_id'

2024-05-27 19:09:15 - [TEST_STEP][PASSED] - setText(findTestObject("Object Repository/RecAndPlayBk/Page-Vlink-Sale/input_Username_username"), username): Text 'Qq2BV1qtr' is set on object 'Object Repository/RecAndPlayBk/Page-Vlink-Sale/input_Username_username'

2024-05-27 19:09:15 - [MESSAGE][PASSED] - Text 'Qq2BV1qtr' is set on object 'Object Repository/RecAndPlayBk/Page-Vlink-Sale/input_Username_username'

2024-05-27 19:09:15 - [TEST_STEP][PASSED] - setText(findTestObject("Object Repository/RecAndPlayBk/Page-Vlink-Sale/input_Password_password"), password): Text 'tUmWBiLUx' is set on object 'Object Repository/RecAndPlayBk/Page-Vlink-Sale/input_Password_password'

2024-05-27 19:09:16 - [MESSAGE][PASSED] - Text 'tUmWBiLUx' is set on object 'Object Repository/RecAndPlayBk/Page-Vlink-Sale/input_Password_password'

2024-05-27 19:09:16 - [TEST_STEP][PASSED] - setText(findTestObject("Object Repository/RecAndPlayBk/Page-Vlink-Sale/input_Category_category"), category): Text 'MOTO' is set on object 'Object Repository/RecAndPlayBk/Page-Vlink-Sale/input_Category_category'

2024-05-27 19:09:17 - [MESSAGE][PASSED] - Text 'MOTO' is set on object 'Object Repository/RecAndPlayBk/Page-Vlink-Sale/input_Category_category'

2024-05-27 19:09:17 - [TEST_STEP][PASSED] - setText(findTestObject("Object Repository/RecAndPlayBk/Page-Vlink-Sale/input_Amount_amount"), amount): Text '0' is set on object 'Object Repository/RecAndPlayBk/Page-Vlink-Sale/input_Amount_amount'

2024-05-27 19:09:17 - [MESSAGE][PASSED] - Text '0' is set on object 'Object Repository/RecAndPlayBk/Page-Vlink-Sale/input_Amount_amount'

2024-05-27 19:09:17 - [TEST_STEP][PASSED] - setText(findTestObject("Object Repository/RecAndPlayBk/Page-Vlink-Sale/input_Card number_card_number"), cardNumber): Text '5424000000000015' is set on object 'Object Repository/RecAndPlayBk/Page-Vlink-Sale/input_Card number_card_number'

2024-05-27 19:09:18 - [MESSAGE][PASSED] - Text '5424000000000015' is set on object 'Object Repository/RecAndPlayBk/Page-Vlink-Sale/input_Card number_card_number'

2024-05-27 19:09:18 - [TEST_STEP][PASSED] - setText(findTestObject("Object Repository/RecAndPlayBk/Page-Vlink-Sale/input_Card ex month_card_exmo"), exM): Text '12' is set on object 'Object Repository/RecAndPlayBk/Page-Vlink-Sale/input_Card ex month_card_exmo'

2024-05-27 19:09:19 - [MESSAGE][PASSED] - Text '12' is set on object 'Object Repository/RecAndPlayBk/Page-Vlink-Sale/input_Card ex month_card_exmo'

2024-05-27 19:09:19 - [TEST_STEP][PASSED] - setText(findTestObject("Object Repository/RecAndPlayBk/Page-Vlink-Sale/input_Card ex year_card_exyr"), exY): Text '2029' is set on object 'Object Repository/RecAndPlayBk/Page-Vlink-Sale/input_Card ex year_card_exyr'

2024-05-27 19:09:20 - [MESSAGE][PASSED] - Text '2029' is set on object 'Object Repository/RecAndPlayBk/Page-Vlink-Sale/input_Card ex year_card_exyr'

2024-05-27 19:09:20 - [TEST_STEP][PASSED] - setText(findTestObject("Object Repository/RecAndPlayBk/Page-Vlink-Sale/input_Track Data_track_data"), ""): Text '' is set on object 'Object Repository/RecAndPlayBk/Page-Vlink-Sale/input_Track Data_track_data'

2024-05-27 19:09:20 - [MESSAGE][PASSED] - Text '' is set on object 'Object Repository/RecAndPlayBk/Page-Vlink-Sale/input_Track Data_track_data'

2024-05-27 19:09:20 - [TEST_STEP][PASSED] - setText(findTestObject("Object Repository/RecAndPlayBk/Page-Vlink-Sale/input_concat(Cardholder, , s email)_email"), ""): Text '' is set on object 'Object Repository/RecAndPlayBk/Page-Vlink-Sale/input_concat(Cardholder, , s email)_email'

2024-05-27 19:09:21 - [MESSAGE][PASSED] - Text '' is set on object 'Object Repository/RecAndPlayBk/Page-Vlink-Sale/input_concat(Cardholder, , s email)_email'

2024-05-27 19:09:21 - [TEST_STEP][PASSED] - click(findTestObject("Object Repository/RecAndPlayBk/Page-Vlink-Sale/input_user_defined10_user_defined10")): Object: 'Object Repository/RecAndPlayBk/Page-Vlink-Sale/input_user_defined10_user_defined10' is clicked on

2024-05-27 19:09:22 - [MESSAGE][PASSED] - Object: 'Object Repository/RecAndPlayBk/Page-Vlink-Sale/input_user_defined10_user_defined10' is clicked on

2024-05-27 19:09:22 - [TEST_STEP][PASSED] - if (executionProfile.equalsIgnoreCase("QAProfile") || executionProfile.equalsIgnoreCase("DemoProfile")): Text '' is set on object 'Object Repository/RecAndPlayBk/Page-Vlink-Sale/input_COF Transaction Initiated by_cof_tran_6cded5'

2024-05-27 19:09:22 - [TEST_STEP][PASSED] - setText(findTestObject("Object Repository/RecAndPlayBk/Page-Vlink-Sale/input_Card on File Indicator_card_on_file_i_157dae"), ""): Text '' is set on object 'Object Repository/RecAndPlayBk/Page-Vlink-Sale/input_Card on File Indicator_card_on_file_i_157dae'

2024-05-27 19:09:23 - [MESSAGE][PASSED] - Text '' is set on object 'Object Repository/RecAndPlayBk/Page-Vlink-Sale/input_Card on File Indicator_card_on_file_i_157dae'

2024-05-27 19:09:23 - [TEST_STEP][PASSED] - setText(findTestObject("Object Repository/RecAndPlayBk/Page-Vlink-Sale/input_Stored Credential Indicator_stored_cr_4ae73c"), ""): Text '' is set on object 'Object Repository/RecAndPlayBk/Page-Vlink-Sale/input_Stored Credential Indicator_stored_cr_4ae73c'

2024-05-27 19:09:23 - [MESSAGE][PASSED] - Text '' is set on object 'Object Repository/RecAndPlayBk/Page-Vlink-Sale/input_Stored Credential Indicator_stored_cr_4ae73c'

2024-05-27 19:09:23 - [TEST_STEP][PASSED] - setText(findTestObject("Object Repository/RecAndPlayBk/Page-Vlink-Sale/input_COF Scheduled indicator_cof_scheduled_8df7d8"), ""): Text '' is set on object 'Object Repository/RecAndPlayBk/Page-Vlink-Sale/input_COF Scheduled indicator_cof_scheduled_8df7d8'

2024-05-27 19:09:24 - [MESSAGE][PASSED] - Text '' is set on object 'Object Repository/RecAndPlayBk/Page-Vlink-Sale/input_COF Scheduled indicator_cof_scheduled_8df7d8'

2024-05-27 19:09:24 - [TEST_STEP][PASSED] - setText(findTestObject("Object Repository/RecAndPlayBk/Page-Vlink-Sale/input_COF Transaction Initiated by_cof_tran_6cded5"), ""): Text '' is set on object 'Object Repository/RecAndPlayBk/Page-Vlink-Sale/input_COF Transaction Initiated by_cof_tran_6cded5'

2024-05-27 19:09:25 - [MESSAGE][PASSED] - Text '' is set on object 'Object Repository/RecAndPlayBk/Page-Vlink-Sale/input_COF Transaction Initiated by_cof_tran_6cded5'

2024-05-27 19:09:25 - [TEST_STEP][PASSED] - click(findTestObject("Object Repository/RecAndPlayBk/Page-Vlink-Sale/input")): Object: 'Object Repository/RecAndPlayBk/Page-Vlink-Sale/input' is clicked on

2024-05-27 19:09:26 - [MESSAGE][PASSED] - Object: 'Object Repository/RecAndPlayBk/Page-Vlink-Sale/input' is clicked on

2024-05-27 19:09:26 - [TEST_STEP][PASSED] - if (verifyTextPresent("invalid: amount", true)): null

2024-05-27 19:09:26 - [MESSAGE][PASSED] - Text 'invalid: amount' is present on page  using regular expression

2024-05-27 19:09:26 - [TEST_STEP][PASSED] - println("Parameter value(s) invalid: amount text is present on the Confirmation page"): null

2024-05-27 19:09:26 - [TEST_STEP][PASSED] - out.println("Pass Record Number: " + row): null

2024-05-27 19:09:26 - [TEST_STEP][PASSED] - resText = "Pass": null

2024-05-27 19:09:26 - [TEST_STEP][PASSED] - pages.WriteExcel.demoKey(resText, datText, resColumn, datCloumn, fileLoc, nameSheet, row): pages.WriteExcel.demoKey is PASSED

2024-05-27 19:09:26 - [MESSAGE][PASSED] - pages.WriteExcel.demoKey is PASSED

2024-05-27 19:09:26 - [TEST_STEP][PASSED] - ExecuteTC = findTestData(dataFile).getValue("Execute", row): null

2024-05-27 19:09:26 - [TEST_STEP][PASSED] - out.println("Value of Execute is : " + ExecuteTC): null

2024-05-27 19:09:26 - [TEST_STEP][PASSED] - switch (executionProfile): null

2024-05-27 19:09:26 - [TEST_STEP][PASSED] - case "DemoProfile":: null

2024-05-27 19:09:26 - [TEST_STEP][PASSED] - appID = findTestData(dataFile).getValue("AppIDDemo", row): null

2024-05-27 19:09:26 - [TEST_STEP][PASSED] - username = findTestData(dataFile).getValue("UsernameDemo", row): null

2024-05-27 19:09:26 - [TEST_STEP][PASSED] - password = findTestData(dataFile).getValue("PasswordDemo", row): null

2024-05-27 19:09:27 - [TEST_STEP][PASSED] - break: null

2024-05-27 19:09:27 - [TEST_STEP][PASSED] - if (ExecuteTC.equalsIgnoreCase("Y")): null

2024-05-27 19:09:27 - [TEST_STEP][PASSED] - out.println("Begin Record Number: " + row): null

2024-05-27 19:09:27 - [TEST_STEP][PASSED] - today = new java.util.Date(): null

2024-05-27 19:09:27 - [TEST_STEP][PASSED] - println(today): null

2024-05-27 19:09:27 - [TEST_STEP][PASSED] - datText = today: null

2024-05-27 19:09:27 - [TEST_STEP][PASSED] - category = findTestData(dataFile).getValue("Category", row): null

2024-05-27 19:09:27 - [TEST_STEP][PASSED] - amount = findTestData(dataFile).getValue("Amount", row): null

2024-05-27 19:09:27 - [TEST_STEP][PASSED] - cardNumber = findTestData(dataFile).getValue("CardNumber", row): null

2024-05-27 19:09:27 - [TEST_STEP][PASSED] - exM = findTestData(dataFile).getValue("ExM", row): null

2024-05-27 19:09:27 - [TEST_STEP][PASSED] - exY = findTestData(dataFile).getValue("ExY", row): null

2024-05-27 19:09:27 - [TEST_STEP][PASSED] - openBrowser(VLinkURL + "authcap.html"): Browser is opened with url: 'https://dev-algorithm.govolution.com/vlinktest/demo/version_2_0/authcap.html'

2024-05-27 19:09:27 - [MESSAGE][WARNING] - A browser is already opened. Closing browser and opening a new one

2024-05-27 19:09:28 - [MESSAGE][INFO] - Starting 'Chrome' driver

2024-05-27 19:09:28 - [MESSAGE][INFO] - User set preference: ['acceptInsecureCerts', 'true']

2024-05-27 19:09:28 - [MESSAGE][INFO] - Action delay is set to 0 milliseconds

2024-05-27 19:09:30 - [MESSAGE][PASSED] - Browser is opened with url: 'https://dev-algorithm.govolution.com/vlinktest/demo/version_2_0/authcap.html'

2024-05-27 19:09:30 - [TEST_STEP][PASSED] - maximizeWindow(): Current window maximized

2024-05-27 19:09:31 - [MESSAGE][PASSED] - Current window maximized

2024-05-27 19:09:31 - [TEST_STEP][PASSED] - maximizeWindow(): Current window maximized

2024-05-27 19:09:31 - [MESSAGE][PASSED] - Current window maximized

2024-05-27 19:09:31 - [TEST_STEP][PASSED] - genRemID = RandomStringUtils.random(12, true, true): null

2024-05-27 19:09:31 - [TEST_STEP][PASSED] - setText(findTestObject("Object Repository/RecAndPlayBk/Page-Vlink-Sale/input_Remittance Id_remittance_id"), genRemID): Text 'KaO5lMAEJqm6' is set on object 'Object Repository/RecAndPlayBk/Page-Vlink-Sale/input_Remittance Id_remittance_id'

2024-05-27 19:09:31 - [MESSAGE][PASSED] - Text 'KaO5lMAEJqm6' is set on object 'Object Repository/RecAndPlayBk/Page-Vlink-Sale/input_Remittance Id_remittance_id'

2024-05-27 19:09:31 - [TEST_STEP][PASSED] - setText(findTestObject("Object Repository/RecAndPlayBk/Page-Vlink-Sale/input_Application Id_application_id"), appID): Text '1773' is set on object 'Object Repository/RecAndPlayBk/Page-Vlink-Sale/input_Application Id_application_id'

2024-05-27 19:09:32 - [MESSAGE][PASSED] - Text '1773' is set on object 'Object Repository/RecAndPlayBk/Page-Vlink-Sale/input_Application Id_application_id'

2024-05-27 19:09:32 - [TEST_STEP][PASSED] - setText(findTestObject("Object Repository/RecAndPlayBk/Page-Vlink-Sale/input_Username_username"), username): Text 'Qq2BV1qtr' is set on object 'Object Repository/RecAndPlayBk/Page-Vlink-Sale/input_Username_username'

2024-05-27 19:09:33 - [MESSAGE][PASSED] - Text 'Qq2BV1qtr' is set on object 'Object Repository/RecAndPlayBk/Page-Vlink-Sale/input_Username_username'

2024-05-27 19:09:33 - [TEST_STEP][PASSED] - setText(findTestObject("Object Repository/RecAndPlayBk/Page-Vlink-Sale/input_Password_password"), password): Text 'tUmWBiLUx' is set on object 'Object Repository/RecAndPlayBk/Page-Vlink-Sale/input_Password_password'

2024-05-27 19:09:33 - [MESSAGE][PASSED] - Text 'tUmWBiLUx' is set on object 'Object Repository/RecAndPlayBk/Page-Vlink-Sale/input_Password_password'

2024-05-27 19:09:33 - [TEST_STEP][PASSED] - setText(findTestObject("Object Repository/RecAndPlayBk/Page-Vlink-Sale/input_Category_category"), category): Text 'RETL' is set on object 'Object Repository/RecAndPlayBk/Page-Vlink-Sale/input_Category_category'

2024-05-27 19:09:34 - [MESSAGE][PASSED] - Text 'RETL' is set on object 'Object Repository/RecAndPlayBk/Page-Vlink-Sale/input_Category_category'

2024-05-27 19:09:34 - [TEST_STEP][PASSED] - setText(findTestObject("Object Repository/RecAndPlayBk/Page-Vlink-Sale/input_Amount_amount"), amount): Text '0' is set on object 'Object Repository/RecAndPlayBk/Page-Vlink-Sale/input_Amount_amount'

2024-05-27 19:09:35 - [MESSAGE][PASSED] - Text '0' is set on object 'Object Repository/RecAndPlayBk/Page-Vlink-Sale/input_Amount_amount'

2024-05-27 19:09:35 - [TEST_STEP][PASSED] - setText(findTestObject("Object Repository/RecAndPlayBk/Page-Vlink-Sale/input_Card number_card_number"), cardNumber): Text '370000000000002' is set on object 'Object Repository/RecAndPlayBk/Page-Vlink-Sale/input_Card number_card_number'

2024-05-27 19:09:35 - [MESSAGE][PASSED] - Text '370000000000002' is set on object 'Object Repository/RecAndPlayBk/Page-Vlink-Sale/input_Card number_card_number'

2024-05-27 19:09:35 - [TEST_STEP][PASSED] - setText(findTestObject("Object Repository/RecAndPlayBk/Page-Vlink-Sale/input_Card ex month_card_exmo"), exM): Text '12' is set on object 'Object Repository/RecAndPlayBk/Page-Vlink-Sale/input_Card ex month_card_exmo'

2024-05-27 19:09:36 - [MESSAGE][PASSED] - Text '12' is set on object 'Object Repository/RecAndPlayBk/Page-Vlink-Sale/input_Card ex month_card_exmo'

2024-05-27 19:09:36 - [TEST_STEP][PASSED] - setText(findTestObject("Object Repository/RecAndPlayBk/Page-Vlink-Sale/input_Card ex year_card_exyr"), exY): Text '2029' is set on object 'Object Repository/RecAndPlayBk/Page-Vlink-Sale/input_Card ex year_card_exyr'

2024-05-27 19:09:37 - [MESSAGE][PASSED] - Text '2029' is set on object 'Object Repository/RecAndPlayBk/Page-Vlink-Sale/input_Card ex year_card_exyr'

2024-05-27 19:09:37 - [TEST_STEP][PASSED] - setText(findTestObject("Object Repository/RecAndPlayBk/Page-Vlink-Sale/input_Track Data_track_data"), ""): Text '' is set on object 'Object Repository/RecAndPlayBk/Page-Vlink-Sale/input_Track Data_track_data'

2024-05-27 19:09:38 - [MESSAGE][PASSED] - Text '' is set on object 'Object Repository/RecAndPlayBk/Page-Vlink-Sale/input_Track Data_track_data'

2024-05-27 19:09:38 - [TEST_STEP][PASSED] - setText(findTestObject("Object Repository/RecAndPlayBk/Page-Vlink-Sale/input_concat(Cardholder, , s email)_email"), ""): Text '' is set on object 'Object Repository/RecAndPlayBk/Page-Vlink-Sale/input_concat(Cardholder, , s email)_email'

2024-05-27 19:09:38 - [MESSAGE][PASSED] - Text '' is set on object 'Object Repository/RecAndPlayBk/Page-Vlink-Sale/input_concat(Cardholder, , s email)_email'

2024-05-27 19:09:38 - [TEST_STEP][PASSED] - click(findTestObject("Object Repository/RecAndPlayBk/Page-Vlink-Sale/input_user_defined10_user_defined10")): Object: 'Object Repository/RecAndPlayBk/Page-Vlink-Sale/input_user_defined10_user_defined10' is clicked on

2024-05-27 19:09:39 - [MESSAGE][PASSED] - Object: 'Object Repository/RecAndPlayBk/Page-Vlink-Sale/input_user_defined10_user_defined10' is clicked on

2024-05-27 19:09:39 - [TEST_STEP][PASSED] - if (executionProfile.equalsIgnoreCase("QAProfile") || executionProfile.equalsIgnoreCase("DemoProfile")): Text '' is set on object 'Object Repository/RecAndPlayBk/Page-Vlink-Sale/input_COF Transaction Initiated by_cof_tran_6cded5'

2024-05-27 19:09:39 - [TEST_STEP][PASSED] - setText(findTestObject("Object Repository/RecAndPlayBk/Page-Vlink-Sale/input_Card on File Indicator_card_on_file_i_157dae"), ""): Text '' is set on object 'Object Repository/RecAndPlayBk/Page-Vlink-Sale/input_Card on File Indicator_card_on_file_i_157dae'

2024-05-27 19:09:39 - [MESSAGE][PASSED] - Text '' is set on object 'Object Repository/RecAndPlayBk/Page-Vlink-Sale/input_Card on File Indicator_card_on_file_i_157dae'

2024-05-27 19:09:39 - [TEST_STEP][PASSED] - setText(findTestObject("Object Repository/RecAndPlayBk/Page-Vlink-Sale/input_Stored Credential Indicator_stored_cr_4ae73c"), ""): Text '' is set on object 'Object Repository/RecAndPlayBk/Page-Vlink-Sale/input_Stored Credential Indicator_stored_cr_4ae73c'

2024-05-27 19:09:40 - [MESSAGE][PASSED] - Text '' is set on object 'Object Repository/RecAndPlayBk/Page-Vlink-Sale/input_Stored Credential Indicator_stored_cr_4ae73c'

2024-05-27 19:09:40 - [TEST_STEP][PASSED] - setText(findTestObject("Object Repository/RecAndPlayBk/Page-Vlink-Sale/input_COF Scheduled indicator_cof_scheduled_8df7d8"), ""): Text '' is set on object 'Object Repository/RecAndPlayBk/Page-Vlink-Sale/input_COF Scheduled indicator_cof_scheduled_8df7d8'

2024-05-27 19:09:41 - [MESSAGE][PASSED] - Text '' is set on object 'Object Repository/RecAndPlayBk/Page-Vlink-Sale/input_COF Scheduled indicator_cof_scheduled_8df7d8'

2024-05-27 19:09:41 - [TEST_STEP][PASSED] - setText(findTestObject("Object Repository/RecAndPlayBk/Page-Vlink-Sale/input_COF Transaction Initiated by_cof_tran_6cded5"), ""): Text '' is set on object 'Object Repository/RecAndPlayBk/Page-Vlink-Sale/input_COF Transaction Initiated by_cof_tran_6cded5'

2024-05-27 19:09:42 - [MESSAGE][PASSED] - Text '' is set on object 'Object Repository/RecAndPlayBk/Page-Vlink-Sale/input_COF Transaction Initiated by_cof_tran_6cded5'

2024-05-27 19:09:42 - [TEST_STEP][PASSED] - click(findTestObject("Object Repository/RecAndPlayBk/Page-Vlink-Sale/input")): Object: 'Object Repository/RecAndPlayBk/Page-Vlink-Sale/input' is clicked on

2024-05-27 19:09:43 - [MESSAGE][PASSED] - Object: 'Object Repository/RecAndPlayBk/Page-Vlink-Sale/input' is clicked on

2024-05-27 19:09:43 - [TEST_STEP][PASSED] - if (verifyTextPresent("invalid: amount", true)): null

2024-05-27 19:09:43 - [MESSAGE][PASSED] - Text 'invalid: amount' is present on page  using regular expression

2024-05-27 19:09:43 - [TEST_STEP][PASSED] - println("Parameter value(s) invalid: amount text is present on the Confirmation page"): null

2024-05-27 19:09:43 - [TEST_STEP][PASSED] - out.println("Pass Record Number: " + row): null

2024-05-27 19:09:43 - [TEST_STEP][PASSED] - resText = "Pass": null

2024-05-27 19:09:43 - [TEST_STEP][PASSED] - pages.WriteExcel.demoKey(resText, datText, resColumn, datCloumn, fileLoc, nameSheet, row): pages.WriteExcel.demoKey is PASSED

2024-05-27 19:09:43 - [MESSAGE][PASSED] - pages.WriteExcel.demoKey is PASSED

2024-05-27 19:09:43 - [TEST_STEP][PASSED] - ExecuteTC = findTestData(dataFile).getValue("Execute", row): null

2024-05-27 19:09:43 - [TEST_STEP][PASSED] - out.println("Value of Execute is : " + ExecuteTC): null

2024-05-27 19:09:43 - [TEST_STEP][PASSED] - switch (executionProfile): null

2024-05-27 19:09:43 - [TEST_STEP][PASSED] - case "DemoProfile":: null

2024-05-27 19:09:43 - [TEST_STEP][PASSED] - appID = findTestData(dataFile).getValue("AppIDDemo", row): null

2024-05-27 19:09:43 - [TEST_STEP][PASSED] - username = findTestData(dataFile).getValue("UsernameDemo", row): null

2024-05-27 19:09:44 - [TEST_STEP][PASSED] - password = findTestData(dataFile).getValue("PasswordDemo", row): null

2024-05-27 19:09:44 - [TEST_STEP][PASSED] - break: null

2024-05-27 19:09:44 - [TEST_STEP][PASSED] - if (ExecuteTC.equalsIgnoreCase("Y")): null

2024-05-27 19:09:44 - [TEST_STEP][PASSED] - out.println("Begin Record Number: " + row): null

2024-05-27 19:09:44 - [TEST_STEP][PASSED] - today = new java.util.Date(): null

2024-05-27 19:09:44 - [TEST_STEP][PASSED] - println(today): null

2024-05-27 19:09:44 - [TEST_STEP][PASSED] - datText = today: null

2024-05-27 19:09:44 - [TEST_STEP][PASSED] - category = findTestData(dataFile).getValue("Category", row): null

2024-05-27 19:09:44 - [TEST_STEP][PASSED] - amount = findTestData(dataFile).getValue("Amount", row): null

2024-05-27 19:09:44 - [TEST_STEP][PASSED] - cardNumber = findTestData(dataFile).getValue("CardNumber", row): null

2024-05-27 19:09:44 - [TEST_STEP][PASSED] - exM = findTestData(dataFile).getValue("ExM", row): null

2024-05-27 19:09:44 - [TEST_STEP][PASSED] - exY = findTestData(dataFile).getValue("ExY", row): null

2024-05-27 19:09:44 - [TEST_STEP][PASSED] - openBrowser(VLinkURL + "authcap.html"): Browser is opened with url: 'https://dev-algorithm.govolution.com/vlinktest/demo/version_2_0/authcap.html'

2024-05-27 19:09:44 - [MESSAGE][WARNING] - A browser is already opened. Closing browser and opening a new one

2024-05-27 19:09:45 - [MESSAGE][INFO] - Starting 'Chrome' driver

2024-05-27 19:09:45 - [MESSAGE][INFO] - User set preference: ['acceptInsecureCerts', 'true']

2024-05-27 19:09:45 - [MESSAGE][INFO] - Action delay is set to 0 milliseconds

2024-05-27 19:09:48 - [MESSAGE][PASSED] - Browser is opened with url: 'https://dev-algorithm.govolution.com/vlinktest/demo/version_2_0/authcap.html'

2024-05-27 19:09:48 - [TEST_STEP][PASSED] - maximizeWindow(): Current window maximized

2024-05-27 19:09:48 - [MESSAGE][PASSED] - Current window maximized

2024-05-27 19:09:48 - [TEST_STEP][PASSED] - maximizeWindow(): Current window maximized

2024-05-27 19:09:48 - [MESSAGE][PASSED] - Current window maximized

2024-05-27 19:09:48 - [TEST_STEP][PASSED] - genRemID = RandomStringUtils.random(12, true, true): null

2024-05-27 19:09:48 - [TEST_STEP][PASSED] - setText(findTestObject("Object Repository/RecAndPlayBk/Page-Vlink-Sale/input_Remittance Id_remittance_id"), genRemID): Text '1cRUhV2xZ6Af' is set on object 'Object Repository/RecAndPlayBk/Page-Vlink-Sale/input_Remittance Id_remittance_id'

2024-05-27 19:09:49 - [MESSAGE][PASSED] - Text '1cRUhV2xZ6Af' is set on object 'Object Repository/RecAndPlayBk/Page-Vlink-Sale/input_Remittance Id_remittance_id'

2024-05-27 19:09:49 - [TEST_STEP][PASSED] - setText(findTestObject("Object Repository/RecAndPlayBk/Page-Vlink-Sale/input_Application Id_application_id"), appID): Text '2435' is set on object 'Object Repository/RecAndPlayBk/Page-Vlink-Sale/input_Application Id_application_id'

2024-05-27 19:09:49 - [MESSAGE][PASSED] - Text '2435' is set on object 'Object Repository/RecAndPlayBk/Page-Vlink-Sale/input_Application Id_application_id'

2024-05-27 19:09:49 - [TEST_STEP][PASSED] - setText(findTestObject("Object Repository/RecAndPlayBk/Page-Vlink-Sale/input_Username_username"), username): Text 'health' is set on object 'Object Repository/RecAndPlayBk/Page-Vlink-Sale/input_Username_username'

2024-05-27 19:09:50 - [MESSAGE][PASSED] - Text 'health' is set on object 'Object Repository/RecAndPlayBk/Page-Vlink-Sale/input_Username_username'

2024-05-27 19:09:50 - [TEST_STEP][PASSED] - setText(findTestObject("Object Repository/RecAndPlayBk/Page-Vlink-Sale/input_Password_password"), password): Text '11111111' is set on object 'Object Repository/RecAndPlayBk/Page-Vlink-Sale/input_Password_password'

2024-05-27 19:09:51 - [MESSAGE][PASSED] - Text '11111111' is set on object 'Object Repository/RecAndPlayBk/Page-Vlink-Sale/input_Password_password'

2024-05-27 19:09:51 - [TEST_STEP][PASSED] - setText(findTestObject("Object Repository/RecAndPlayBk/Page-Vlink-Sale/input_Category_category"), category): Text 'ECOM' is set on object 'Object Repository/RecAndPlayBk/Page-Vlink-Sale/input_Category_category'

2024-05-27 19:09:51 - [MESSAGE][PASSED] - Text 'ECOM' is set on object 'Object Repository/RecAndPlayBk/Page-Vlink-Sale/input_Category_category'

2024-05-27 19:09:51 - [TEST_STEP][PASSED] - setText(findTestObject("Object Repository/RecAndPlayBk/Page-Vlink-Sale/input_Amount_amount"), amount): Text '0' is set on object 'Object Repository/RecAndPlayBk/Page-Vlink-Sale/input_Amount_amount'

2024-05-27 19:09:52 - [MESSAGE][PASSED] - Text '0' is set on object 'Object Repository/RecAndPlayBk/Page-Vlink-Sale/input_Amount_amount'

2024-05-27 19:09:52 - [TEST_STEP][PASSED] - setText(findTestObject("Object Repository/RecAndPlayBk/Page-Vlink-Sale/input_Card number_card_number"), cardNumber): Text '4012000098765439' is set on object 'Object Repository/RecAndPlayBk/Page-Vlink-Sale/input_Card number_card_number'

2024-05-27 19:09:53 - [MESSAGE][PASSED] - Text '4012000098765439' is set on object 'Object Repository/RecAndPlayBk/Page-Vlink-Sale/input_Card number_card_number'

2024-05-27 19:09:53 - [TEST_STEP][PASSED] - setText(findTestObject("Object Repository/RecAndPlayBk/Page-Vlink-Sale/input_Card ex month_card_exmo"), exM): Text '12' is set on object 'Object Repository/RecAndPlayBk/Page-Vlink-Sale/input_Card ex month_card_exmo'

2024-05-27 19:09:53 - [MESSAGE][PASSED] - Text '12' is set on object 'Object Repository/RecAndPlayBk/Page-Vlink-Sale/input_Card ex month_card_exmo'

2024-05-27 19:09:53 - [TEST_STEP][PASSED] - setText(findTestObject("Object Repository/RecAndPlayBk/Page-Vlink-Sale/input_Card ex year_card_exyr"), exY): Text '2029' is set on object 'Object Repository/RecAndPlayBk/Page-Vlink-Sale/input_Card ex year_card_exyr'

2024-05-27 19:09:54 - [MESSAGE][PASSED] - Text '2029' is set on object 'Object Repository/RecAndPlayBk/Page-Vlink-Sale/input_Card ex year_card_exyr'

2024-05-27 19:09:54 - [TEST_STEP][PASSED] - setText(findTestObject("Object Repository/RecAndPlayBk/Page-Vlink-Sale/input_Track Data_track_data"), ""): Text '' is set on object 'Object Repository/RecAndPlayBk/Page-Vlink-Sale/input_Track Data_track_data'

2024-05-27 19:09:55 - [MESSAGE][PASSED] - Text '' is set on object 'Object Repository/RecAndPlayBk/Page-Vlink-Sale/input_Track Data_track_data'

2024-05-27 19:09:55 - [TEST_STEP][PASSED] - setText(findTestObject("Object Repository/RecAndPlayBk/Page-Vlink-Sale/input_concat(Cardholder, , s email)_email"), ""): Text '' is set on object 'Object Repository/RecAndPlayBk/Page-Vlink-Sale/input_concat(Cardholder, , s email)_email'

2024-05-27 19:09:56 - [MESSAGE][PASSED] - Text '' is set on object 'Object Repository/RecAndPlayBk/Page-Vlink-Sale/input_concat(Cardholder, , s email)_email'

2024-05-27 19:09:56 - [TEST_STEP][PASSED] - click(findTestObject("Object Repository/RecAndPlayBk/Page-Vlink-Sale/input_user_defined10_user_defined10")): Object: 'Object Repository/RecAndPlayBk/Page-Vlink-Sale/input_user_defined10_user_defined10' is clicked on

2024-05-27 19:09:56 - [MESSAGE][PASSED] - Object: 'Object Repository/RecAndPlayBk/Page-Vlink-Sale/input_user_defined10_user_defined10' is clicked on

2024-05-27 19:09:56 - [TEST_STEP][PASSED] - if (executionProfile.equalsIgnoreCase("QAProfile") || executionProfile.equalsIgnoreCase("DemoProfile")): Text '' is set on object 'Object Repository/RecAndPlayBk/Page-Vlink-Sale/input_COF Transaction Initiated by_cof_tran_6cded5'

2024-05-27 19:09:56 - [TEST_STEP][PASSED] - setText(findTestObject("Object Repository/RecAndPlayBk/Page-Vlink-Sale/input_Card on File Indicator_card_on_file_i_157dae"), ""): Text '' is set on object 'Object Repository/RecAndPlayBk/Page-Vlink-Sale/input_Card on File Indicator_card_on_file_i_157dae'

2024-05-27 19:09:57 - [MESSAGE][PASSED] - Text '' is set on object 'Object Repository/RecAndPlayBk/Page-Vlink-Sale/input_Card on File Indicator_card_on_file_i_157dae'

2024-05-27 19:09:57 - [TEST_STEP][PASSED] - setText(findTestObject("Object Repository/RecAndPlayBk/Page-Vlink-Sale/input_Stored Credential Indicator_stored_cr_4ae73c"), ""): Text '' is set on object 'Object Repository/RecAndPlayBk/Page-Vlink-Sale/input_Stored Credential Indicator_stored_cr_4ae73c'

2024-05-27 19:09:58 - [MESSAGE][PASSED] - Text '' is set on object 'Object Repository/RecAndPlayBk/Page-Vlink-Sale/input_Stored Credential Indicator_stored_cr_4ae73c'

2024-05-27 19:09:58 - [TEST_STEP][PASSED] - setText(findTestObject("Object Repository/RecAndPlayBk/Page-Vlink-Sale/input_COF Scheduled indicator_cof_scheduled_8df7d8"), ""): Text '' is set on object 'Object Repository/RecAndPlayBk/Page-Vlink-Sale/input_COF Scheduled indicator_cof_scheduled_8df7d8'

2024-05-27 19:09:58 - [MESSAGE][PASSED] - Text '' is set on object 'Object Repository/RecAndPlayBk/Page-Vlink-Sale/input_COF Scheduled indicator_cof_scheduled_8df7d8'

2024-05-27 19:09:58 - [TEST_STEP][PASSED] - setText(findTestObject("Object Repository/RecAndPlayBk/Page-Vlink-Sale/input_COF Transaction Initiated by_cof_tran_6cded5"), ""): Text '' is set on object 'Object Repository/RecAndPlayBk/Page-Vlink-Sale/input_COF Transaction Initiated by_cof_tran_6cded5'

2024-05-27 19:09:59 - [MESSAGE][PASSED] - Text '' is set on object 'Object Repository/RecAndPlayBk/Page-Vlink-Sale/input_COF Transaction Initiated by_cof_tran_6cded5'

2024-05-27 19:09:59 - [TEST_STEP][PASSED] - click(findTestObject("Object Repository/RecAndPlayBk/Page-Vlink-Sale/input")): Object: 'Object Repository/RecAndPlayBk/Page-Vlink-Sale/input' is clicked on

2024-05-27 19:10:00 - [MESSAGE][PASSED] - Object: 'Object Repository/RecAndPlayBk/Page-Vlink-Sale/input' is clicked on

2024-05-27 19:10:00 - [TEST_STEP][PASSED] - if (verifyTextPresent("invalid: amount", true)): null

2024-05-27 19:10:00 - [MESSAGE][PASSED] - Text 'invalid: amount' is present on page  using regular expression

2024-05-27 19:10:00 - [TEST_STEP][PASSED] - println("Parameter value(s) invalid: amount text is present on the Confirmation page"): null

2024-05-27 19:10:00 - [TEST_STEP][PASSED] - out.println("Pass Record Number: " + row): null

2024-05-27 19:10:00 - [TEST_STEP][PASSED] - resText = "Pass": null

2024-05-27 19:10:00 - [TEST_STEP][PASSED] - pages.WriteExcel.demoKey(resText, datText, resColumn, datCloumn, fileLoc, nameSheet, row): pages.WriteExcel.demoKey is PASSED

2024-05-27 19:10:00 - [MESSAGE][PASSED] - pages.WriteExcel.demoKey is PASSED

2024-05-27 19:10:00 - [TEST_STEP][PASSED] - ExecuteTC = findTestData(dataFile).getValue("Execute", row): null

2024-05-27 19:10:00 - [TEST_STEP][PASSED] - out.println("Value of Execute is : " + ExecuteTC): null

2024-05-27 19:10:00 - [TEST_STEP][PASSED] - switch (executionProfile): null

2024-05-27 19:10:00 - [TEST_STEP][PASSED] - case "DemoProfile":: null

2024-05-27 19:10:00 - [TEST_STEP][PASSED] - appID = findTestData(dataFile).getValue("AppIDDemo", row): null

2024-05-27 19:10:00 - [TEST_STEP][PASSED] - username = findTestData(dataFile).getValue("UsernameDemo", row): null

2024-05-27 19:10:00 - [TEST_STEP][PASSED] - password = findTestData(dataFile).getValue("PasswordDemo", row): null

2024-05-27 19:10:00 - [TEST_STEP][PASSED] - break: null

2024-05-27 19:10:00 - [TEST_STEP][PASSED] - if (ExecuteTC.equalsIgnoreCase("Y")): null

2024-05-27 19:10:00 - [TEST_STEP][PASSED] - out.println("Begin Record Number: " + row): null

2024-05-27 19:10:00 - [TEST_STEP][PASSED] - today = new java.util.Date(): null

2024-05-27 19:10:00 - [TEST_STEP][PASSED] - println(today): null

2024-05-27 19:10:00 - [TEST_STEP][PASSED] - datText = today: null

2024-05-27 19:10:00 - [TEST_STEP][PASSED] - category = findTestData(dataFile).getValue("Category", row): null

2024-05-27 19:10:01 - [TEST_STEP][PASSED] - amount = findTestData(dataFile).getValue("Amount", row): null

2024-05-27 19:10:01 - [TEST_STEP][PASSED] - cardNumber = findTestData(dataFile).getValue("CardNumber", row): null

2024-05-27 19:10:01 - [TEST_STEP][PASSED] - exM = findTestData(dataFile).getValue("ExM", row): null

2024-05-27 19:10:01 - [TEST_STEP][PASSED] - exY = findTestData(dataFile).getValue("ExY", row): null

2024-05-27 19:10:01 - [TEST_STEP][PASSED] - openBrowser(VLinkURL + "authcap.html"): Browser is opened with url: 'https://dev-algorithm.govolution.com/vlinktest/demo/version_2_0/authcap.html'

2024-05-27 19:10:01 - [MESSAGE][WARNING] - A browser is already opened. Closing browser and opening a new one

2024-05-27 19:10:02 - [MESSAGE][INFO] - Starting 'Chrome' driver

2024-05-27 19:10:02 - [MESSAGE][INFO] - User set preference: ['acceptInsecureCerts', 'true']

2024-05-27 19:10:02 - [MESSAGE][INFO] - Action delay is set to 0 milliseconds

2024-05-27 19:10:04 - [MESSAGE][PASSED] - Browser is opened with url: 'https://dev-algorithm.govolution.com/vlinktest/demo/version_2_0/authcap.html'

2024-05-27 19:10:04 - [TEST_STEP][PASSED] - maximizeWindow(): Current window maximized

2024-05-27 19:10:04 - [MESSAGE][PASSED] - Current window maximized

2024-05-27 19:10:04 - [TEST_STEP][PASSED] - maximizeWindow(): Current window maximized

2024-05-27 19:10:05 - [MESSAGE][PASSED] - Current window maximized

2024-05-27 19:10:05 - [TEST_STEP][PASSED] - genRemID = RandomStringUtils.random(12, true, true): null

2024-05-27 19:10:05 - [TEST_STEP][PASSED] - setText(findTestObject("Object Repository/RecAndPlayBk/Page-Vlink-Sale/input_Remittance Id_remittance_id"), genRemID): Text 'KT8MPwqdKHKX' is set on object 'Object Repository/RecAndPlayBk/Page-Vlink-Sale/input_Remittance Id_remittance_id'

2024-05-27 19:10:05 - [MESSAGE][PASSED] - Text 'KT8MPwqdKHKX' is set on object 'Object Repository/RecAndPlayBk/Page-Vlink-Sale/input_Remittance Id_remittance_id'

2024-05-27 19:10:05 - [TEST_STEP][PASSED] - setText(findTestObject("Object Repository/RecAndPlayBk/Page-Vlink-Sale/input_Application Id_application_id"), appID): Text '3136' is set on object 'Object Repository/RecAndPlayBk/Page-Vlink-Sale/input_Application Id_application_id'

2024-05-27 19:10:06 - [MESSAGE][PASSED] - Text '3136' is set on object 'Object Repository/RecAndPlayBk/Page-Vlink-Sale/input_Application Id_application_id'

2024-05-27 19:10:06 - [TEST_STEP][PASSED] - setText(findTestObject("Object Repository/RecAndPlayBk/Page-Vlink-Sale/input_Username_username"), username): Text 'user3136' is set on object 'Object Repository/RecAndPlayBk/Page-Vlink-Sale/input_Username_username'

2024-05-27 19:10:07 - [MESSAGE][PASSED] - Text 'user3136' is set on object 'Object Repository/RecAndPlayBk/Page-Vlink-Sale/input_Username_username'

2024-05-27 19:10:07 - [TEST_STEP][PASSED] - setText(findTestObject("Object Repository/RecAndPlayBk/Page-Vlink-Sale/input_Password_password"), password): Text 'pwd3136' is set on object 'Object Repository/RecAndPlayBk/Page-Vlink-Sale/input_Password_password'

2024-05-27 19:10:07 - [MESSAGE][PASSED] - Text 'pwd3136' is set on object 'Object Repository/RecAndPlayBk/Page-Vlink-Sale/input_Password_password'

2024-05-27 19:10:07 - [TEST_STEP][PASSED] - setText(findTestObject("Object Repository/RecAndPlayBk/Page-Vlink-Sale/input_Category_category"), category): Text 'ECOM' is set on object 'Object Repository/RecAndPlayBk/Page-Vlink-Sale/input_Category_category'

2024-05-27 19:10:08 - [MESSAGE][PASSED] - Text 'ECOM' is set on object 'Object Repository/RecAndPlayBk/Page-Vlink-Sale/input_Category_category'

2024-05-27 19:10:08 - [TEST_STEP][PASSED] - setText(findTestObject("Object Repository/RecAndPlayBk/Page-Vlink-Sale/input_Amount_amount"), amount): Text '0' is set on object 'Object Repository/RecAndPlayBk/Page-Vlink-Sale/input_Amount_amount'

2024-05-27 19:10:09 - [MESSAGE][PASSED] - Text '0' is set on object 'Object Repository/RecAndPlayBk/Page-Vlink-Sale/input_Amount_amount'

2024-05-27 19:10:09 - [TEST_STEP][PASSED] - setText(findTestObject("Object Repository/RecAndPlayBk/Page-Vlink-Sale/input_Card number_card_number"), cardNumber): Text '5146312200000035' is set on object 'Object Repository/RecAndPlayBk/Page-Vlink-Sale/input_Card number_card_number'

2024-05-27 19:10:09 - [MESSAGE][PASSED] - Text '5146312200000035' is set on object 'Object Repository/RecAndPlayBk/Page-Vlink-Sale/input_Card number_card_number'

2024-05-27 19:10:09 - [TEST_STEP][PASSED] - setText(findTestObject("Object Repository/RecAndPlayBk/Page-Vlink-Sale/input_Card ex month_card_exmo"), exM): Text '12' is set on object 'Object Repository/RecAndPlayBk/Page-Vlink-Sale/input_Card ex month_card_exmo'

2024-05-27 19:10:10 - [MESSAGE][PASSED] - Text '12' is set on object 'Object Repository/RecAndPlayBk/Page-Vlink-Sale/input_Card ex month_card_exmo'

2024-05-27 19:10:10 - [TEST_STEP][PASSED] - setText(findTestObject("Object Repository/RecAndPlayBk/Page-Vlink-Sale/input_Card ex year_card_exyr"), exY): Text '2029' is set on object 'Object Repository/RecAndPlayBk/Page-Vlink-Sale/input_Card ex year_card_exyr'

2024-05-27 19:10:11 - [MESSAGE][PASSED] - Text '2029' is set on object 'Object Repository/RecAndPlayBk/Page-Vlink-Sale/input_Card ex year_card_exyr'

2024-05-27 19:10:11 - [TEST_STEP][PASSED] - setText(findTestObject("Object Repository/RecAndPlayBk/Page-Vlink-Sale/input_Track Data_track_data"), ""): Text '' is set on object 'Object Repository/RecAndPlayBk/Page-Vlink-Sale/input_Track Data_track_data'

2024-05-27 19:10:11 - [MESSAGE][PASSED] - Text '' is set on object 'Object Repository/RecAndPlayBk/Page-Vlink-Sale/input_Track Data_track_data'

2024-05-27 19:10:11 - [TEST_STEP][PASSED] - setText(findTestObject("Object Repository/RecAndPlayBk/Page-Vlink-Sale/input_concat(Cardholder, , s email)_email"), ""): Text '' is set on object 'Object Repository/RecAndPlayBk/Page-Vlink-Sale/input_concat(Cardholder, , s email)_email'

2024-05-27 19:10:12 - [MESSAGE][PASSED] - Text '' is set on object 'Object Repository/RecAndPlayBk/Page-Vlink-Sale/input_concat(Cardholder, , s email)_email'

2024-05-27 19:10:12 - [TEST_STEP][PASSED] - click(findTestObject("Object Repository/RecAndPlayBk/Page-Vlink-Sale/input_user_defined10_user_defined10")): Object: 'Object Repository/RecAndPlayBk/Page-Vlink-Sale/input_user_defined10_user_defined10' is clicked on

2024-05-27 19:10:13 - [MESSAGE][PASSED] - Object: 'Object Repository/RecAndPlayBk/Page-Vlink-Sale/input_user_defined10_user_defined10' is clicked on

2024-05-27 19:10:13 - [TEST_STEP][PASSED] - if (executionProfile.equalsIgnoreCase("QAProfile") || executionProfile.equalsIgnoreCase("DemoProfile")): Text '' is set on object 'Object Repository/RecAndPlayBk/Page-Vlink-Sale/input_COF Transaction Initiated by_cof_tran_6cded5'

2024-05-27 19:10:13 - [TEST_STEP][PASSED] - setText(findTestObject("Object Repository/RecAndPlayBk/Page-Vlink-Sale/input_Card on File Indicator_card_on_file_i_157dae"), ""): Text '' is set on object 'Object Repository/RecAndPlayBk/Page-Vlink-Sale/input_Card on File Indicator_card_on_file_i_157dae'

2024-05-27 19:10:13 - [MESSAGE][PASSED] - Text '' is set on object 'Object Repository/RecAndPlayBk/Page-Vlink-Sale/input_Card on File Indicator_card_on_file_i_157dae'

2024-05-27 19:10:13 - [TEST_STEP][PASSED] - setText(findTestObject("Object Repository/RecAndPlayBk/Page-Vlink-Sale/input_Stored Credential Indicator_stored_cr_4ae73c"), ""): Text '' is set on object 'Object Repository/RecAndPlayBk/Page-Vlink-Sale/input_Stored Credential Indicator_stored_cr_4ae73c'

2024-05-27 19:10:14 - [MESSAGE][PASSED] - Text '' is set on object 'Object Repository/RecAndPlayBk/Page-Vlink-Sale/input_Stored Credential Indicator_stored_cr_4ae73c'

2024-05-27 19:10:14 - [TEST_STEP][PASSED] - setText(findTestObject("Object Repository/RecAndPlayBk/Page-Vlink-Sale/input_COF Scheduled indicator_cof_scheduled_8df7d8"), ""): Text '' is set on object 'Object Repository/RecAndPlayBk/Page-Vlink-Sale/input_COF Scheduled indicator_cof_scheduled_8df7d8'

2024-05-27 19:10:15 - [MESSAGE][PASSED] - Text '' is set on object 'Object Repository/RecAndPlayBk/Page-Vlink-Sale/input_COF Scheduled indicator_cof_scheduled_8df7d8'

2024-05-27 19:10:15 - [TEST_STEP][PASSED] - setText(findTestObject("Object Repository/RecAndPlayBk/Page-Vlink-Sale/input_COF Transaction Initiated by_cof_tran_6cded5"), ""): Text '' is set on object 'Object Repository/RecAndPlayBk/Page-Vlink-Sale/input_COF Transaction Initiated by_cof_tran_6cded5'

2024-05-27 19:10:16 - [MESSAGE][PASSED] - Text '' is set on object 'Object Repository/RecAndPlayBk/Page-Vlink-Sale/input_COF Transaction Initiated by_cof_tran_6cded5'

2024-05-27 19:10:16 - [TEST_STEP][PASSED] - click(findTestObject("Object Repository/RecAndPlayBk/Page-Vlink-Sale/input")): Object: 'Object Repository/RecAndPlayBk/Page-Vlink-Sale/input' is clicked on

2024-05-27 19:10:16 - [MESSAGE][PASSED] - Object: 'Object Repository/RecAndPlayBk/Page-Vlink-Sale/input' is clicked on

2024-05-27 19:10:16 - [TEST_STEP][PASSED] - if (verifyTextPresent("invalid: amount", true)): null

2024-05-27 19:10:17 - [MESSAGE][PASSED] - Text 'invalid: amount' is present on page  using regular expression

2024-05-27 19:10:17 - [TEST_STEP][PASSED] - println("Parameter value(s) invalid: amount text is present on the Confirmation page"): null

2024-05-27 19:10:17 - [TEST_STEP][PASSED] - out.println("Pass Record Number: " + row): null

2024-05-27 19:10:17 - [TEST_STEP][PASSED] - resText = "Pass": null

2024-05-27 19:10:17 - [TEST_STEP][PASSED] - pages.WriteExcel.demoKey(resText, datText, resColumn, datCloumn, fileLoc, nameSheet, row): pages.WriteExcel.demoKey is PASSED

2024-05-27 19:10:17 - [MESSAGE][PASSED] - pages.WriteExcel.demoKey is PASSED]]></system-out>
         <system-err><![CDATA[]]></system-err>
      </testcase>
      <testcase name="Test Cases/RecAndPlayBk/VLink/Sale-Void-NoTranxID" time="147.874" classname="Test Cases/RecAndPlayBk/VLink/Sale-Void-NoTranxID" status="PASSED">
         <system-out><![CDATA[2024-05-27 19:10:17 - [TEST_CASE][PASSED] - Test Cases/RecAndPlayBk/VLink/Sale-Void-NoTranxID: Test Cases/RecAndPlayBk/VLink/Sale-Void-NoTranxID

2024-05-27 19:10:17 - [TEST_STEP][PASSED] - executionProfile = getExecutionProfile(): null

2024-05-27 19:10:17 - [TEST_STEP][PASSED] - out.println("executionProfile : " + executionProfile): null

2024-05-27 19:10:17 - [TEST_STEP][PASSED] - appName = <not implemented yet for class: org.codehaus.groovy.ast.expr.EmptyExpression>: null

2024-05-27 19:10:17 - [TEST_STEP][PASSED] - appID = <not implemented yet for class: org.codehaus.groovy.ast.expr.EmptyExpression>: null

2024-05-27 19:10:17 - [TEST_STEP][PASSED] - username = <not implemented yet for class: org.codehaus.groovy.ast.expr.EmptyExpression>: null

2024-05-27 19:10:17 - [TEST_STEP][PASSED] - password = <not implemented yet for class: org.codehaus.groovy.ast.expr.EmptyExpression>: null

2024-05-27 19:10:17 - [TEST_STEP][PASSED] - cardNameV = <not implemented yet for class: org.codehaus.groovy.ast.expr.EmptyExpression>: null

2024-05-27 19:10:17 - [TEST_STEP][PASSED] - al1V = <not implemented yet for class: org.codehaus.groovy.ast.expr.EmptyExpression>: null

2024-05-27 19:10:17 - [TEST_STEP][PASSED] - al2V = <not implemented yet for class: org.codehaus.groovy.ast.expr.EmptyExpression>: null

2024-05-27 19:10:17 - [TEST_STEP][PASSED] - zipV = <not implemented yet for class: org.codehaus.groovy.ast.expr.EmptyExpression>: null

2024-05-27 19:10:17 - [TEST_STEP][PASSED] - cardTypeV = <not implemented yet for class: org.codehaus.groovy.ast.expr.EmptyExpression>: null

2024-05-27 19:10:17 - [TEST_STEP][PASSED] - last4V = <not implemented yet for class: org.codehaus.groovy.ast.expr.EmptyExpression>: null

2024-05-27 19:10:17 - [TEST_STEP][PASSED] - resText = "Fail": null

2024-05-27 19:10:17 - [TEST_STEP][PASSED] - resColumn = "Result": null

2024-05-27 19:10:17 - [TEST_STEP][PASSED] - datCloumn = "Date": null

2024-05-27 19:10:17 - [TEST_STEP][PASSED] - fileLoc = "KatalonData/VLinkSmokeData.xlsx": null

2024-05-27 19:10:17 - [TEST_STEP][PASSED] - numOfRows = <not implemented yet for class: org.codehaus.groovy.ast.expr.EmptyExpression>: null

2024-05-27 19:10:17 - [TEST_STEP][PASSED] - dataFile = <not implemented yet for class: org.codehaus.groovy.ast.expr.EmptyExpression>: null

2024-05-27 19:10:17 - [TEST_STEP][PASSED] - nameSheet = <not implemented yet for class: org.codehaus.groovy.ast.expr.EmptyExpression>: null

2024-05-27 19:10:17 - [TEST_STEP][PASSED] - nameSheet = "Sale-Void-NoTranxID": null

2024-05-27 19:10:17 - [TEST_STEP][PASSED] - numOfRows = findTestData("QA/VLinkTestData/VLinkSaleVoidNoTranxID").getRowNumbers(): null

2024-05-27 19:10:18 - [TEST_STEP][PASSED] - println("Number of Records: " + numOfRows): null

2024-05-27 19:10:18 - [TEST_STEP][PASSED] - dataFile = "QA/VLinkTestData/VLinkSaleVoidNoTranxID": null

2024-05-27 19:10:18 - [TEST_STEP][PASSED] - for ([row = 1, row <= numOfRows, (row++)]): null

2024-05-27 19:10:18 - [TEST_STEP][PASSED] - ExecuteTC = findTestData(dataFile).getValue("Execute", row): null

2024-05-27 19:10:18 - [TEST_STEP][PASSED] - out.println("Value of Execute is : " + ExecuteTC): null

2024-05-27 19:10:18 - [TEST_STEP][PASSED] - switch (executionProfile): null

2024-05-27 19:10:18 - [TEST_STEP][PASSED] - case "DemoProfile":: null

2024-05-27 19:10:18 - [TEST_STEP][PASSED] - appID = findTestData(dataFile).getValue("AppIDDemo", row): null

2024-05-27 19:10:18 - [TEST_STEP][PASSED] - username = findTestData(dataFile).getValue("UsernameDemo", row): null

2024-05-27 19:10:18 - [TEST_STEP][PASSED] - password = findTestData(dataFile).getValue("PasswordDemo", row): null

2024-05-27 19:10:18 - [TEST_STEP][PASSED] - break: null

2024-05-27 19:10:18 - [TEST_STEP][PASSED] - if (ExecuteTC.equalsIgnoreCase("Y")): null

2024-05-27 19:10:18 - [TEST_STEP][PASSED] - out.println("Begin Record Number: " + row): null

2024-05-27 19:10:18 - [TEST_STEP][PASSED] - today = new java.util.Date(): null

2024-05-27 19:10:18 - [TEST_STEP][PASSED] - println(today): null

2024-05-27 19:10:18 - [TEST_STEP][PASSED] - datText = today: null

2024-05-27 19:10:18 - [TEST_STEP][PASSED] - category = findTestData(dataFile).getValue("Category", row): null

2024-05-27 19:10:18 - [TEST_STEP][PASSED] - amount = findTestData(dataFile).getValue("Amount", row): null

2024-05-27 19:10:18 - [TEST_STEP][PASSED] - cardNumber = findTestData(dataFile).getValue("CardNumber", row): null

2024-05-27 19:10:18 - [TEST_STEP][PASSED] - exM = findTestData(dataFile).getValue("ExM", row): null

2024-05-27 19:10:18 - [TEST_STEP][PASSED] - exY = findTestData(dataFile).getValue("ExY", row): null

2024-05-27 19:10:18 - [TEST_STEP][PASSED] - openBrowser(VLinkURL + "authcap.html"): Browser is opened with url: 'https://dev-algorithm.govolution.com/vlinktest/demo/version_2_0/authcap.html'

2024-05-27 19:10:18 - [MESSAGE][WARNING] - A browser is already opened. Closing browser and opening a new one

2024-05-27 19:10:20 - [MESSAGE][INFO] - Starting 'Chrome' driver

2024-05-27 19:10:20 - [MESSAGE][INFO] - User set preference: ['acceptInsecureCerts', 'true']

2024-05-27 19:10:20 - [MESSAGE][INFO] - Action delay is set to 0 milliseconds

2024-05-27 19:10:22 - [MESSAGE][PASSED] - Browser is opened with url: 'https://dev-algorithm.govolution.com/vlinktest/demo/version_2_0/authcap.html'

2024-05-27 19:10:22 - [TEST_STEP][PASSED] - maximizeWindow(): Current window maximized

2024-05-27 19:10:22 - [MESSAGE][PASSED] - Current window maximized

2024-05-27 19:10:22 - [TEST_STEP][PASSED] - maximizeWindow(): Current window maximized

2024-05-27 19:10:22 - [MESSAGE][PASSED] - Current window maximized

2024-05-27 19:10:22 - [TEST_STEP][PASSED] - genRemID = RandomStringUtils.random(12, true, true): null

2024-05-27 19:10:22 - [TEST_STEP][PASSED] - setText(findTestObject("Object Repository/RecAndPlayBk/Page-Vlink-Sale/input_Remittance Id_remittance_id"), genRemID): Text 'Aqbkdblxodqp' is set on object 'Object Repository/RecAndPlayBk/Page-Vlink-Sale/input_Remittance Id_remittance_id'

2024-05-27 19:10:23 - [MESSAGE][PASSED] - Text 'Aqbkdblxodqp' is set on object 'Object Repository/RecAndPlayBk/Page-Vlink-Sale/input_Remittance Id_remittance_id'

2024-05-27 19:10:23 - [TEST_STEP][PASSED] - setText(findTestObject("Object Repository/RecAndPlayBk/Page-Vlink-Sale/input_Application Id_application_id"), appID): Text '1773' is set on object 'Object Repository/RecAndPlayBk/Page-Vlink-Sale/input_Application Id_application_id'

2024-05-27 19:10:23 - [MESSAGE][PASSED] - Text '1773' is set on object 'Object Repository/RecAndPlayBk/Page-Vlink-Sale/input_Application Id_application_id'

2024-05-27 19:10:23 - [TEST_STEP][PASSED] - setText(findTestObject("Object Repository/RecAndPlayBk/Page-Vlink-Sale/input_Username_username"), username): Text 'Qq2BV1qtr' is set on object 'Object Repository/RecAndPlayBk/Page-Vlink-Sale/input_Username_username'

2024-05-27 19:10:24 - [MESSAGE][PASSED] - Text 'Qq2BV1qtr' is set on object 'Object Repository/RecAndPlayBk/Page-Vlink-Sale/input_Username_username'

2024-05-27 19:10:24 - [TEST_STEP][PASSED] - setText(findTestObject("Object Repository/RecAndPlayBk/Page-Vlink-Sale/input_Password_password"), password): Text 'tUmWBiLUx' is set on object 'Object Repository/RecAndPlayBk/Page-Vlink-Sale/input_Password_password'

2024-05-27 19:10:25 - [MESSAGE][PASSED] - Text 'tUmWBiLUx' is set on object 'Object Repository/RecAndPlayBk/Page-Vlink-Sale/input_Password_password'

2024-05-27 19:10:25 - [TEST_STEP][PASSED] - setText(findTestObject("Object Repository/RecAndPlayBk/Page-Vlink-Sale/input_Category_category"), category): Text 'ECOM' is set on object 'Object Repository/RecAndPlayBk/Page-Vlink-Sale/input_Category_category'

2024-05-27 19:10:25 - [MESSAGE][PASSED] - Text 'ECOM' is set on object 'Object Repository/RecAndPlayBk/Page-Vlink-Sale/input_Category_category'

2024-05-27 19:10:25 - [TEST_STEP][PASSED] - setText(findTestObject("Object Repository/RecAndPlayBk/Page-Vlink-Sale/input_Amount_amount"), amount): Text '10.5' is set on object 'Object Repository/RecAndPlayBk/Page-Vlink-Sale/input_Amount_amount'

2024-05-27 19:10:26 - [MESSAGE][PASSED] - Text '10.5' is set on object 'Object Repository/RecAndPlayBk/Page-Vlink-Sale/input_Amount_amount'

2024-05-27 19:10:26 - [TEST_STEP][PASSED] - doubleClick(findTestObject("Object Repository/RecAndPlayBk/Page-Vlink-Sale/input_Card number_card_number")): Object: 'Object Repository/RecAndPlayBk/Page-Vlink-Sale/input_Card number_card_number' is double clicked on

2024-05-27 19:10:26 - [MESSAGE][PASSED] - Object: 'Object Repository/RecAndPlayBk/Page-Vlink-Sale/input_Card number_card_number' is double clicked on

2024-05-27 19:10:26 - [TEST_STEP][PASSED] - setText(findTestObject("Object Repository/RecAndPlayBk/Page-Vlink-Sale/input_Card number_card_number"), cardNumber): Text '4111111111111111' is set on object 'Object Repository/RecAndPlayBk/Page-Vlink-Sale/input_Card number_card_number'

2024-05-27 19:10:27 - [MESSAGE][PASSED] - Text '4111111111111111' is set on object 'Object Repository/RecAndPlayBk/Page-Vlink-Sale/input_Card number_card_number'

2024-05-27 19:10:27 - [TEST_STEP][PASSED] - setText(findTestObject("Object Repository/RecAndPlayBk/Page-Vlink-Sale/input_Card ex month_card_exmo"), exM): Text '12' is set on object 'Object Repository/RecAndPlayBk/Page-Vlink-Sale/input_Card ex month_card_exmo'

2024-05-27 19:10:28 - [MESSAGE][PASSED] - Text '12' is set on object 'Object Repository/RecAndPlayBk/Page-Vlink-Sale/input_Card ex month_card_exmo'

2024-05-27 19:10:28 - [TEST_STEP][PASSED] - setText(findTestObject("Object Repository/RecAndPlayBk/Page-Vlink-Sale/input_Card ex year_card_exyr"), exY): Text '2029' is set on object 'Object Repository/RecAndPlayBk/Page-Vlink-Sale/input_Card ex year_card_exyr'

2024-05-27 19:10:29 - [MESSAGE][PASSED] - Text '2029' is set on object 'Object Repository/RecAndPlayBk/Page-Vlink-Sale/input_Card ex year_card_exyr'

2024-05-27 19:10:29 - [TEST_STEP][PASSED] - click(findTestObject("Object Repository/RecAndPlayBk/Page-Vlink-Sale/input_Track Data_track_data")): Object: 'Object Repository/RecAndPlayBk/Page-Vlink-Sale/input_Track Data_track_data' is clicked on

2024-05-27 19:10:29 - [MESSAGE][PASSED] - Object: 'Object Repository/RecAndPlayBk/Page-Vlink-Sale/input_Track Data_track_data' is clicked on

2024-05-27 19:10:29 - [TEST_STEP][PASSED] - click(findTestObject("Object Repository/RecAndPlayBk/Page-Vlink-Sale/input_CVV state_cvv_state")): Object: 'Object Repository/RecAndPlayBk/Page-Vlink-Sale/input_CVV state_cvv_state' is clicked on

2024-05-27 19:10:30 - [MESSAGE][PASSED] - Object: 'Object Repository/RecAndPlayBk/Page-Vlink-Sale/input_CVV state_cvv_state' is clicked on

2024-05-27 19:10:30 - [TEST_STEP][PASSED] - setText(findTestObject("Object Repository/RecAndPlayBk/Page-Vlink-Sale/input_Track Data_track_data"), ""): Text '' is set on object 'Object Repository/RecAndPlayBk/Page-Vlink-Sale/input_Track Data_track_data'

2024-05-27 19:10:31 - [MESSAGE][PASSED] - Text '' is set on object 'Object Repository/RecAndPlayBk/Page-Vlink-Sale/input_Track Data_track_data'

2024-05-27 19:10:31 - [TEST_STEP][PASSED] - setText(findTestObject("Object Repository/RecAndPlayBk/Page-Vlink-Sale/input_concat(Cardholder, , s email)_email"), ""): Text '' is set on object 'Object Repository/RecAndPlayBk/Page-Vlink-Sale/input_concat(Cardholder, , s email)_email'

2024-05-27 19:10:31 - [MESSAGE][PASSED] - Text '' is set on object 'Object Repository/RecAndPlayBk/Page-Vlink-Sale/input_concat(Cardholder, , s email)_email'

2024-05-27 19:10:31 - [TEST_STEP][PASSED] - click(findTestObject("Object Repository/RecAndPlayBk/Page-Vlink-Sale/input_user_defined10_user_defined10")): Object: 'Object Repository/RecAndPlayBk/Page-Vlink-Sale/input_user_defined10_user_defined10' is clicked on

2024-05-27 19:10:32 - [MESSAGE][PASSED] - Object: 'Object Repository/RecAndPlayBk/Page-Vlink-Sale/input_user_defined10_user_defined10' is clicked on

2024-05-27 19:10:32 - [TEST_STEP][PASSED] - if (executionProfile.equalsIgnoreCase("QAProfile") || executionProfile.equalsIgnoreCase("DemoProfile")): Text '' is set on object 'Object Repository/RecAndPlayBk/Page-Vlink-Sale/input_COF Transaction Initiated by_cof_tran_6cded5'

2024-05-27 19:10:32 - [TEST_STEP][PASSED] - setText(findTestObject("Object Repository/RecAndPlayBk/Page-Vlink-Sale/input_Card on File Indicator_card_on_file_i_157dae"), ""): Text '' is set on object 'Object Repository/RecAndPlayBk/Page-Vlink-Sale/input_Card on File Indicator_card_on_file_i_157dae'

2024-05-27 19:10:33 - [MESSAGE][PASSED] - Text '' is set on object 'Object Repository/RecAndPlayBk/Page-Vlink-Sale/input_Card on File Indicator_card_on_file_i_157dae'

2024-05-27 19:10:33 - [TEST_STEP][PASSED] - setText(findTestObject("Object Repository/RecAndPlayBk/Page-Vlink-Sale/input_Stored Credential Indicator_stored_cr_4ae73c"), ""): Text '' is set on object 'Object Repository/RecAndPlayBk/Page-Vlink-Sale/input_Stored Credential Indicator_stored_cr_4ae73c'

2024-05-27 19:10:34 - [MESSAGE][PASSED] - Text '' is set on object 'Object Repository/RecAndPlayBk/Page-Vlink-Sale/input_Stored Credential Indicator_stored_cr_4ae73c'

2024-05-27 19:10:34 - [TEST_STEP][PASSED] - setText(findTestObject("Object Repository/RecAndPlayBk/Page-Vlink-Sale/input_COF Scheduled indicator_cof_scheduled_8df7d8"), ""): Text '' is set on object 'Object Repository/RecAndPlayBk/Page-Vlink-Sale/input_COF Scheduled indicator_cof_scheduled_8df7d8'

2024-05-27 19:10:34 - [MESSAGE][PASSED] - Text '' is set on object 'Object Repository/RecAndPlayBk/Page-Vlink-Sale/input_COF Scheduled indicator_cof_scheduled_8df7d8'

2024-05-27 19:10:34 - [TEST_STEP][PASSED] - setText(findTestObject("Object Repository/RecAndPlayBk/Page-Vlink-Sale/input_COF Transaction Initiated by_cof_tran_6cded5"), ""): Text '' is set on object 'Object Repository/RecAndPlayBk/Page-Vlink-Sale/input_COF Transaction Initiated by_cof_tran_6cded5'

2024-05-27 19:10:35 - [MESSAGE][PASSED] - Text '' is set on object 'Object Repository/RecAndPlayBk/Page-Vlink-Sale/input_COF Transaction Initiated by_cof_tran_6cded5'

2024-05-27 19:10:35 - [TEST_STEP][PASSED] - click(findTestObject("Object Repository/RecAndPlayBk/Page-Vlink-Sale/input")): Object: 'Object Repository/RecAndPlayBk/Page-Vlink-Sale/input' is clicked on

2024-05-27 19:10:36 - [MESSAGE][PASSED] - Object: 'Object Repository/RecAndPlayBk/Page-Vlink-Sale/input' is clicked on

2024-05-27 19:10:36 - [TEST_STEP][PASSED] - if (verifyTextPresent("Transaction approved, no errors", true)): null

2024-05-27 19:10:36 - [MESSAGE][PASSED] - Text 'Transaction approved, no errors' is present on page  using regular expression

2024-05-27 19:10:36 - [TEST_STEP][PASSED] - println("Transaction Approved, no errors text is present on the Confirmation page"): null

2024-05-27 19:10:36 - [TEST_STEP][PASSED] - sdfo = getText(findTestObject("Object Repository/Page_VLinkReceipt/pre_STX")): Text of object 'Object Repository/Page_VLinkReceipt/pre_STX' is: '<STX>Aqbkdblxodqp                  2967777             0  Transaction approved, no errors                   0                                                                                  Y 263825183<ETX>'

2024-05-27 19:10:37 - [MESSAGE][PASSED] - Text of object 'Object Repository/Page_VLinkReceipt/pre_STX' is: '<STX>Aqbkdblxodqp                  2967777             0  Transaction approved, no errors                   0                                                                                  Y 263825183<ETX>'

2024-05-27 19:10:37 - [TEST_STEP][PASSED] - out.println("sdfo: " + sdfo): null

2024-05-27 19:10:37 - [TEST_STEP][PASSED] - remID = substring(5, 35).trim(): null

2024-05-27 19:10:37 - [TEST_STEP][PASSED] - out.println("remID: " + remID): null

2024-05-27 19:10:37 - [TEST_STEP][PASSED] - traxID = substring(35, 55).trim(): null

2024-05-27 19:10:37 - [TEST_STEP][PASSED] - out.println("traxID: " + traxID): null

2024-05-27 19:10:37 - [TEST_STEP][PASSED] - VLinkSaleRemID = remID: null

2024-05-27 19:10:37 - [TEST_STEP][PASSED] - VLinkSaleTranxID = traxID: null

2024-05-27 19:10:37 - [TEST_STEP][PASSED] - openBrowser(VLinkURL + "CC_void.html"): Browser is opened with url: 'https://dev-algorithm.govolution.com/vlinktest/demo/version_2_0/CC_void.html'

2024-05-27 19:10:37 - [MESSAGE][WARNING] - A browser is already opened. Closing browser and opening a new one

2024-05-27 19:10:38 - [MESSAGE][INFO] - Starting 'Chrome' driver

2024-05-27 19:10:38 - [MESSAGE][INFO] - User set preference: ['acceptInsecureCerts', 'true']

2024-05-27 19:10:38 - [MESSAGE][INFO] - Action delay is set to 0 milliseconds

2024-05-27 19:10:40 - [MESSAGE][PASSED] - Browser is opened with url: 'https://dev-algorithm.govolution.com/vlinktest/demo/version_2_0/CC_void.html'

2024-05-27 19:10:40 - [TEST_STEP][PASSED] - maximizeWindow(): Current window maximized

2024-05-27 19:10:40 - [MESSAGE][PASSED] - Current window maximized

2024-05-27 19:10:40 - [TEST_STEP][PASSED] - setText(findTestObject("Object Repository/RecAndPlayBk/Page-Vlink-CC-Void/txt_RemID"), VLinkSaleRemID): Text 'Aqbkdblxodqp' is set on object 'Object Repository/RecAndPlayBk/Page-Vlink-CC-Void/txt_RemID'

2024-05-27 19:10:41 - [MESSAGE][PASSED] - Text 'Aqbkdblxodqp' is set on object 'Object Repository/RecAndPlayBk/Page-Vlink-CC-Void/txt_RemID'

2024-05-27 19:10:41 - [TEST_STEP][PASSED] - setText(findTestObject("Object Repository/RecAndPlayBk/Page-Vlink-CC-Void/txt_ApplicationID"), appID): Text '1773' is set on object 'Object Repository/RecAndPlayBk/Page-Vlink-CC-Void/txt_ApplicationID'

2024-05-27 19:10:42 - [MESSAGE][PASSED] - Text '1773' is set on object 'Object Repository/RecAndPlayBk/Page-Vlink-CC-Void/txt_ApplicationID'

2024-05-27 19:10:42 - [TEST_STEP][PASSED] - setText(findTestObject("Object Repository/RecAndPlayBk/Page-Vlink-CC-Void/txt_Username"), username): Text 'Qq2BV1qtr' is set on object 'Object Repository/RecAndPlayBk/Page-Vlink-CC-Void/txt_Username'

2024-05-27 19:10:43 - [MESSAGE][PASSED] - Text 'Qq2BV1qtr' is set on object 'Object Repository/RecAndPlayBk/Page-Vlink-CC-Void/txt_Username'

2024-05-27 19:10:43 - [TEST_STEP][PASSED] - setText(findTestObject("Object Repository/RecAndPlayBk/Page-Vlink-CC-Void/txt_Password"), password): Text 'tUmWBiLUx' is set on object 'Object Repository/RecAndPlayBk/Page-Vlink-CC-Void/txt_Password'

2024-05-27 19:10:43 - [MESSAGE][PASSED] - Text 'tUmWBiLUx' is set on object 'Object Repository/RecAndPlayBk/Page-Vlink-CC-Void/txt_Password'

2024-05-27 19:10:43 - [TEST_STEP][PASSED] - setText(findTestObject("Object Repository/RecAndPlayBk/Page-Vlink-CC-Void/txt_TransactionID"), "-1"): Text '-1' is set on object 'Object Repository/RecAndPlayBk/Page-Vlink-CC-Void/txt_TransactionID'

2024-05-27 19:10:44 - [MESSAGE][PASSED] - Text '-1' is set on object 'Object Repository/RecAndPlayBk/Page-Vlink-CC-Void/txt_TransactionID'

2024-05-27 19:10:44 - [TEST_STEP][PASSED] - setText(findTestObject("Object Repository/RecAndPlayBk/Page-Vlink-CC-Void/txt_OriginalTransactionType"), "104"): Text '104' is set on object 'Object Repository/RecAndPlayBk/Page-Vlink-CC-Void/txt_OriginalTransactionType'

2024-05-27 19:10:45 - [MESSAGE][PASSED] - Text '104' is set on object 'Object Repository/RecAndPlayBk/Page-Vlink-CC-Void/txt_OriginalTransactionType'

2024-05-27 19:10:45 - [TEST_STEP][PASSED] - setText(findTestObject("Object Repository/RecAndPlayBk/Page-Vlink-CC-Void/txt_TrackData"), ""): Text '' is set on object 'Object Repository/RecAndPlayBk/Page-Vlink-CC-Void/txt_TrackData'

2024-05-27 19:10:46 - [MESSAGE][PASSED] - Text '' is set on object 'Object Repository/RecAndPlayBk/Page-Vlink-CC-Void/txt_TrackData'

2024-05-27 19:10:46 - [TEST_STEP][PASSED] - click(findTestObject("Object Repository/RecAndPlayBk/Page-Vlink-CC-Void/btn_ProcessVLinkTransaction")): Object: 'Object Repository/RecAndPlayBk/Page-Vlink-CC-Void/btn_ProcessVLinkTransaction' is clicked on

2024-05-27 19:10:47 - [MESSAGE][PASSED] - Object: 'Object Repository/RecAndPlayBk/Page-Vlink-CC-Void/btn_ProcessVLinkTransaction' is clicked on

2024-05-27 19:10:47 - [TEST_STEP][PASSED] - if (verifyTextPresent("Transaction approved, no errors", true)): null

2024-05-27 19:10:47 - [MESSAGE][PASSED] - Text 'Transaction approved, no errors' is present on page  using regular expression

2024-05-27 19:10:47 - [TEST_STEP][PASSED] - println("Transaction Approved, no errors text is present on the Confirmation page"): null

2024-05-27 19:10:47 - [TEST_STEP][PASSED] - out.println("Pass Record Number: " + row): null

2024-05-27 19:10:47 - [TEST_STEP][PASSED] - resText = "Pass": null

2024-05-27 19:10:47 - [TEST_STEP][PASSED] - pages.WriteExcel.demoKey(resText, datText, resColumn, datCloumn, fileLoc, nameSheet, row): pages.WriteExcel.demoKey is PASSED

2024-05-27 19:10:47 - [MESSAGE][PASSED] - pages.WriteExcel.demoKey is PASSED

2024-05-27 19:10:47 - [TEST_STEP][PASSED] - ExecuteTC = findTestData(dataFile).getValue("Execute", row): null

2024-05-27 19:10:47 - [TEST_STEP][PASSED] - out.println("Value of Execute is : " + ExecuteTC): null

2024-05-27 19:10:47 - [TEST_STEP][PASSED] - switch (executionProfile): null

2024-05-27 19:10:47 - [TEST_STEP][PASSED] - case "DemoProfile":: null

2024-05-27 19:10:47 - [TEST_STEP][PASSED] - appID = findTestData(dataFile).getValue("AppIDDemo", row): null

2024-05-27 19:10:47 - [TEST_STEP][PASSED] - username = findTestData(dataFile).getValue("UsernameDemo", row): null

2024-05-27 19:10:48 - [TEST_STEP][PASSED] - password = findTestData(dataFile).getValue("PasswordDemo", row): null

2024-05-27 19:10:48 - [TEST_STEP][PASSED] - break: null

2024-05-27 19:10:48 - [TEST_STEP][PASSED] - if (ExecuteTC.equalsIgnoreCase("Y")): null

2024-05-27 19:10:48 - [TEST_STEP][PASSED] - out.println("Begin Record Number: " + row): null

2024-05-27 19:10:48 - [TEST_STEP][PASSED] - today = new java.util.Date(): null

2024-05-27 19:10:48 - [TEST_STEP][PASSED] - println(today): null

2024-05-27 19:10:48 - [TEST_STEP][PASSED] - datText = today: null

2024-05-27 19:10:48 - [TEST_STEP][PASSED] - category = findTestData(dataFile).getValue("Category", row): null

2024-05-27 19:10:48 - [TEST_STEP][PASSED] - amount = findTestData(dataFile).getValue("Amount", row): null

2024-05-27 19:10:48 - [TEST_STEP][PASSED] - cardNumber = findTestData(dataFile).getValue("CardNumber", row): null

2024-05-27 19:10:48 - [TEST_STEP][PASSED] - exM = findTestData(dataFile).getValue("ExM", row): null

2024-05-27 19:10:48 - [TEST_STEP][PASSED] - exY = findTestData(dataFile).getValue("ExY", row): null

2024-05-27 19:10:48 - [TEST_STEP][PASSED] - openBrowser(VLinkURL + "authcap.html"): Browser is opened with url: 'https://dev-algorithm.govolution.com/vlinktest/demo/version_2_0/authcap.html'

2024-05-27 19:10:48 - [MESSAGE][WARNING] - A browser is already opened. Closing browser and opening a new one

2024-05-27 19:10:49 - [MESSAGE][INFO] - Starting 'Chrome' driver

2024-05-27 19:10:49 - [MESSAGE][INFO] - User set preference: ['acceptInsecureCerts', 'true']

2024-05-27 19:10:49 - [MESSAGE][INFO] - Action delay is set to 0 milliseconds

2024-05-27 19:10:52 - [MESSAGE][PASSED] - Browser is opened with url: 'https://dev-algorithm.govolution.com/vlinktest/demo/version_2_0/authcap.html'

2024-05-27 19:10:52 - [TEST_STEP][PASSED] - maximizeWindow(): Current window maximized

2024-05-27 19:10:52 - [MESSAGE][PASSED] - Current window maximized

2024-05-27 19:10:52 - [TEST_STEP][PASSED] - maximizeWindow(): Current window maximized

2024-05-27 19:10:52 - [MESSAGE][PASSED] - Current window maximized

2024-05-27 19:10:52 - [TEST_STEP][PASSED] - genRemID = RandomStringUtils.random(12, true, true): null

2024-05-27 19:10:52 - [TEST_STEP][PASSED] - setText(findTestObject("Object Repository/RecAndPlayBk/Page-Vlink-Sale/input_Remittance Id_remittance_id"), genRemID): Text 'Wt4yfSU0Xq2D' is set on object 'Object Repository/RecAndPlayBk/Page-Vlink-Sale/input_Remittance Id_remittance_id'

2024-05-27 19:10:53 - [MESSAGE][PASSED] - Text 'Wt4yfSU0Xq2D' is set on object 'Object Repository/RecAndPlayBk/Page-Vlink-Sale/input_Remittance Id_remittance_id'

2024-05-27 19:10:53 - [TEST_STEP][PASSED] - setText(findTestObject("Object Repository/RecAndPlayBk/Page-Vlink-Sale/input_Application Id_application_id"), appID): Text '1773' is set on object 'Object Repository/RecAndPlayBk/Page-Vlink-Sale/input_Application Id_application_id'

2024-05-27 19:10:54 - [MESSAGE][PASSED] - Text '1773' is set on object 'Object Repository/RecAndPlayBk/Page-Vlink-Sale/input_Application Id_application_id'

2024-05-27 19:10:54 - [TEST_STEP][PASSED] - setText(findTestObject("Object Repository/RecAndPlayBk/Page-Vlink-Sale/input_Username_username"), username): Text 'Qq2BV1qtr' is set on object 'Object Repository/RecAndPlayBk/Page-Vlink-Sale/input_Username_username'

2024-05-27 19:10:54 - [MESSAGE][PASSED] - Text 'Qq2BV1qtr' is set on object 'Object Repository/RecAndPlayBk/Page-Vlink-Sale/input_Username_username'

2024-05-27 19:10:54 - [TEST_STEP][PASSED] - setText(findTestObject("Object Repository/RecAndPlayBk/Page-Vlink-Sale/input_Password_password"), password): Text 'tUmWBiLUx' is set on object 'Object Repository/RecAndPlayBk/Page-Vlink-Sale/input_Password_password'

2024-05-27 19:10:55 - [MESSAGE][PASSED] - Text 'tUmWBiLUx' is set on object 'Object Repository/RecAndPlayBk/Page-Vlink-Sale/input_Password_password'

2024-05-27 19:10:55 - [TEST_STEP][PASSED] - setText(findTestObject("Object Repository/RecAndPlayBk/Page-Vlink-Sale/input_Category_category"), category): Text 'MOTO' is set on object 'Object Repository/RecAndPlayBk/Page-Vlink-Sale/input_Category_category'

2024-05-27 19:10:56 - [MESSAGE][PASSED] - Text 'MOTO' is set on object 'Object Repository/RecAndPlayBk/Page-Vlink-Sale/input_Category_category'

2024-05-27 19:10:56 - [TEST_STEP][PASSED] - setText(findTestObject("Object Repository/RecAndPlayBk/Page-Vlink-Sale/input_Amount_amount"), amount): Text '10.5' is set on object 'Object Repository/RecAndPlayBk/Page-Vlink-Sale/input_Amount_amount'

2024-05-27 19:10:56 - [MESSAGE][PASSED] - Text '10.5' is set on object 'Object Repository/RecAndPlayBk/Page-Vlink-Sale/input_Amount_amount'

2024-05-27 19:10:56 - [TEST_STEP][PASSED] - doubleClick(findTestObject("Object Repository/RecAndPlayBk/Page-Vlink-Sale/input_Card number_card_number")): Object: 'Object Repository/RecAndPlayBk/Page-Vlink-Sale/input_Card number_card_number' is double clicked on

2024-05-27 19:10:57 - [MESSAGE][PASSED] - Object: 'Object Repository/RecAndPlayBk/Page-Vlink-Sale/input_Card number_card_number' is double clicked on

2024-05-27 19:10:57 - [TEST_STEP][PASSED] - setText(findTestObject("Object Repository/RecAndPlayBk/Page-Vlink-Sale/input_Card number_card_number"), cardNumber): Text '5424000000000015' is set on object 'Object Repository/RecAndPlayBk/Page-Vlink-Sale/input_Card number_card_number'

2024-05-27 19:10:57 - [MESSAGE][PASSED] - Text '5424000000000015' is set on object 'Object Repository/RecAndPlayBk/Page-Vlink-Sale/input_Card number_card_number'

2024-05-27 19:10:57 - [TEST_STEP][PASSED] - setText(findTestObject("Object Repository/RecAndPlayBk/Page-Vlink-Sale/input_Card ex month_card_exmo"), exM): Text '12' is set on object 'Object Repository/RecAndPlayBk/Page-Vlink-Sale/input_Card ex month_card_exmo'

2024-05-27 19:10:58 - [MESSAGE][PASSED] - Text '12' is set on object 'Object Repository/RecAndPlayBk/Page-Vlink-Sale/input_Card ex month_card_exmo'

2024-05-27 19:10:58 - [TEST_STEP][PASSED] - setText(findTestObject("Object Repository/RecAndPlayBk/Page-Vlink-Sale/input_Card ex year_card_exyr"), exY): Text '2029' is set on object 'Object Repository/RecAndPlayBk/Page-Vlink-Sale/input_Card ex year_card_exyr'

2024-05-27 19:10:59 - [MESSAGE][PASSED] - Text '2029' is set on object 'Object Repository/RecAndPlayBk/Page-Vlink-Sale/input_Card ex year_card_exyr'

2024-05-27 19:10:59 - [TEST_STEP][PASSED] - click(findTestObject("Object Repository/RecAndPlayBk/Page-Vlink-Sale/input_Track Data_track_data")): Object: 'Object Repository/RecAndPlayBk/Page-Vlink-Sale/input_Track Data_track_data' is clicked on

2024-05-27 19:10:59 - [MESSAGE][PASSED] - Object: 'Object Repository/RecAndPlayBk/Page-Vlink-Sale/input_Track Data_track_data' is clicked on

2024-05-27 19:10:59 - [TEST_STEP][PASSED] - click(findTestObject("Object Repository/RecAndPlayBk/Page-Vlink-Sale/input_CVV state_cvv_state")): Object: 'Object Repository/RecAndPlayBk/Page-Vlink-Sale/input_CVV state_cvv_state' is clicked on

2024-05-27 19:11:00 - [MESSAGE][PASSED] - Object: 'Object Repository/RecAndPlayBk/Page-Vlink-Sale/input_CVV state_cvv_state' is clicked on

2024-05-27 19:11:00 - [TEST_STEP][PASSED] - setText(findTestObject("Object Repository/RecAndPlayBk/Page-Vlink-Sale/input_Track Data_track_data"), ""): Text '' is set on object 'Object Repository/RecAndPlayBk/Page-Vlink-Sale/input_Track Data_track_data'

2024-05-27 19:11:00 - [MESSAGE][PASSED] - Text '' is set on object 'Object Repository/RecAndPlayBk/Page-Vlink-Sale/input_Track Data_track_data'

2024-05-27 19:11:00 - [TEST_STEP][PASSED] - setText(findTestObject("Object Repository/RecAndPlayBk/Page-Vlink-Sale/input_concat(Cardholder, , s email)_email"), ""): Text '' is set on object 'Object Repository/RecAndPlayBk/Page-Vlink-Sale/input_concat(Cardholder, , s email)_email'

2024-05-27 19:11:01 - [MESSAGE][PASSED] - Text '' is set on object 'Object Repository/RecAndPlayBk/Page-Vlink-Sale/input_concat(Cardholder, , s email)_email'

2024-05-27 19:11:01 - [TEST_STEP][PASSED] - click(findTestObject("Object Repository/RecAndPlayBk/Page-Vlink-Sale/input_user_defined10_user_defined10")): Object: 'Object Repository/RecAndPlayBk/Page-Vlink-Sale/input_user_defined10_user_defined10' is clicked on

2024-05-27 19:11:02 - [MESSAGE][PASSED] - Object: 'Object Repository/RecAndPlayBk/Page-Vlink-Sale/input_user_defined10_user_defined10' is clicked on

2024-05-27 19:11:02 - [TEST_STEP][PASSED] - if (executionProfile.equalsIgnoreCase("QAProfile") || executionProfile.equalsIgnoreCase("DemoProfile")): Text '' is set on object 'Object Repository/RecAndPlayBk/Page-Vlink-Sale/input_COF Transaction Initiated by_cof_tran_6cded5'

2024-05-27 19:11:02 - [TEST_STEP][PASSED] - setText(findTestObject("Object Repository/RecAndPlayBk/Page-Vlink-Sale/input_Card on File Indicator_card_on_file_i_157dae"), ""): Text '' is set on object 'Object Repository/RecAndPlayBk/Page-Vlink-Sale/input_Card on File Indicator_card_on_file_i_157dae'

2024-05-27 19:11:02 - [MESSAGE][PASSED] - Text '' is set on object 'Object Repository/RecAndPlayBk/Page-Vlink-Sale/input_Card on File Indicator_card_on_file_i_157dae'

2024-05-27 19:11:02 - [TEST_STEP][PASSED] - setText(findTestObject("Object Repository/RecAndPlayBk/Page-Vlink-Sale/input_Stored Credential Indicator_stored_cr_4ae73c"), ""): Text '' is set on object 'Object Repository/RecAndPlayBk/Page-Vlink-Sale/input_Stored Credential Indicator_stored_cr_4ae73c'

2024-05-27 19:11:03 - [MESSAGE][PASSED] - Text '' is set on object 'Object Repository/RecAndPlayBk/Page-Vlink-Sale/input_Stored Credential Indicator_stored_cr_4ae73c'

2024-05-27 19:11:03 - [TEST_STEP][PASSED] - setText(findTestObject("Object Repository/RecAndPlayBk/Page-Vlink-Sale/input_COF Scheduled indicator_cof_scheduled_8df7d8"), ""): Text '' is set on object 'Object Repository/RecAndPlayBk/Page-Vlink-Sale/input_COF Scheduled indicator_cof_scheduled_8df7d8'

2024-05-27 19:11:04 - [MESSAGE][PASSED] - Text '' is set on object 'Object Repository/RecAndPlayBk/Page-Vlink-Sale/input_COF Scheduled indicator_cof_scheduled_8df7d8'

2024-05-27 19:11:04 - [TEST_STEP][PASSED] - setText(findTestObject("Object Repository/RecAndPlayBk/Page-Vlink-Sale/input_COF Transaction Initiated by_cof_tran_6cded5"), ""): Text '' is set on object 'Object Repository/RecAndPlayBk/Page-Vlink-Sale/input_COF Transaction Initiated by_cof_tran_6cded5'

2024-05-27 19:11:05 - [MESSAGE][PASSED] - Text '' is set on object 'Object Repository/RecAndPlayBk/Page-Vlink-Sale/input_COF Transaction Initiated by_cof_tran_6cded5'

2024-05-27 19:11:05 - [TEST_STEP][PASSED] - click(findTestObject("Object Repository/RecAndPlayBk/Page-Vlink-Sale/input")): Object: 'Object Repository/RecAndPlayBk/Page-Vlink-Sale/input' is clicked on

2024-05-27 19:11:06 - [MESSAGE][PASSED] - Object: 'Object Repository/RecAndPlayBk/Page-Vlink-Sale/input' is clicked on

2024-05-27 19:11:06 - [TEST_STEP][PASSED] - if (verifyTextPresent("Transaction approved, no errors", true)): null

2024-05-27 19:11:06 - [MESSAGE][PASSED] - Text 'Transaction approved, no errors' is present on page  using regular expression

2024-05-27 19:11:06 - [TEST_STEP][PASSED] - println("Transaction Approved, no errors text is present on the Confirmation page"): null

2024-05-27 19:11:06 - [TEST_STEP][PASSED] - sdfo = getText(findTestObject("Object Repository/Page_VLinkReceipt/pre_STX")): Text of object 'Object Repository/Page_VLinkReceipt/pre_STX' is: '<STX>Wt4yfSU0Xq2D                  2967779             0  Transaction approved, no errors                   0                                                                                  Y 168168633<ETX>'

2024-05-27 19:11:06 - [MESSAGE][PASSED] - Text of object 'Object Repository/Page_VLinkReceipt/pre_STX' is: '<STX>Wt4yfSU0Xq2D                  2967779             0  Transaction approved, no errors                   0                                                                                  Y 168168633<ETX>'

2024-05-27 19:11:06 - [TEST_STEP][PASSED] - out.println("sdfo: " + sdfo): null

2024-05-27 19:11:06 - [TEST_STEP][PASSED] - remID = substring(5, 35).trim(): null

2024-05-27 19:11:06 - [TEST_STEP][PASSED] - out.println("remID: " + remID): null

2024-05-27 19:11:06 - [TEST_STEP][PASSED] - traxID = substring(35, 55).trim(): null

2024-05-27 19:11:06 - [TEST_STEP][PASSED] - out.println("traxID: " + traxID): null

2024-05-27 19:11:06 - [TEST_STEP][PASSED] - VLinkSaleRemID = remID: null

2024-05-27 19:11:06 - [TEST_STEP][PASSED] - VLinkSaleTranxID = traxID: null

2024-05-27 19:11:06 - [TEST_STEP][PASSED] - openBrowser(VLinkURL + "CC_void.html"): Browser is opened with url: 'https://dev-algorithm.govolution.com/vlinktest/demo/version_2_0/CC_void.html'

2024-05-27 19:11:06 - [MESSAGE][WARNING] - A browser is already opened. Closing browser and opening a new one

2024-05-27 19:11:08 - [MESSAGE][INFO] - Starting 'Chrome' driver

2024-05-27 19:11:08 - [MESSAGE][INFO] - User set preference: ['acceptInsecureCerts', 'true']

2024-05-27 19:11:08 - [MESSAGE][INFO] - Action delay is set to 0 milliseconds

2024-05-27 19:11:09 - [MESSAGE][PASSED] - Browser is opened with url: 'https://dev-algorithm.govolution.com/vlinktest/demo/version_2_0/CC_void.html'

2024-05-27 19:11:09 - [TEST_STEP][PASSED] - maximizeWindow(): Current window maximized

2024-05-27 19:11:10 - [MESSAGE][PASSED] - Current window maximized

2024-05-27 19:11:10 - [TEST_STEP][PASSED] - setText(findTestObject("Object Repository/RecAndPlayBk/Page-Vlink-CC-Void/txt_RemID"), VLinkSaleRemID): Text 'Wt4yfSU0Xq2D' is set on object 'Object Repository/RecAndPlayBk/Page-Vlink-CC-Void/txt_RemID'

2024-05-27 19:11:11 - [MESSAGE][PASSED] - Text 'Wt4yfSU0Xq2D' is set on object 'Object Repository/RecAndPlayBk/Page-Vlink-CC-Void/txt_RemID'

2024-05-27 19:11:11 - [TEST_STEP][PASSED] - setText(findTestObject("Object Repository/RecAndPlayBk/Page-Vlink-CC-Void/txt_ApplicationID"), appID): Text '1773' is set on object 'Object Repository/RecAndPlayBk/Page-Vlink-CC-Void/txt_ApplicationID'

2024-05-27 19:11:11 - [MESSAGE][PASSED] - Text '1773' is set on object 'Object Repository/RecAndPlayBk/Page-Vlink-CC-Void/txt_ApplicationID'

2024-05-27 19:11:11 - [TEST_STEP][PASSED] - setText(findTestObject("Object Repository/RecAndPlayBk/Page-Vlink-CC-Void/txt_Username"), username): Text 'Qq2BV1qtr' is set on object 'Object Repository/RecAndPlayBk/Page-Vlink-CC-Void/txt_Username'

2024-05-27 19:11:12 - [MESSAGE][PASSED] - Text 'Qq2BV1qtr' is set on object 'Object Repository/RecAndPlayBk/Page-Vlink-CC-Void/txt_Username'

2024-05-27 19:11:12 - [TEST_STEP][PASSED] - setText(findTestObject("Object Repository/RecAndPlayBk/Page-Vlink-CC-Void/txt_Password"), password): Text 'tUmWBiLUx' is set on object 'Object Repository/RecAndPlayBk/Page-Vlink-CC-Void/txt_Password'

2024-05-27 19:11:13 - [MESSAGE][PASSED] - Text 'tUmWBiLUx' is set on object 'Object Repository/RecAndPlayBk/Page-Vlink-CC-Void/txt_Password'

2024-05-27 19:11:13 - [TEST_STEP][PASSED] - setText(findTestObject("Object Repository/RecAndPlayBk/Page-Vlink-CC-Void/txt_TransactionID"), "-1"): Text '-1' is set on object 'Object Repository/RecAndPlayBk/Page-Vlink-CC-Void/txt_TransactionID'

2024-05-27 19:11:14 - [MESSAGE][PASSED] - Text '-1' is set on object 'Object Repository/RecAndPlayBk/Page-Vlink-CC-Void/txt_TransactionID'

2024-05-27 19:11:14 - [TEST_STEP][PASSED] - setText(findTestObject("Object Repository/RecAndPlayBk/Page-Vlink-CC-Void/txt_OriginalTransactionType"), "104"): Text '104' is set on object 'Object Repository/RecAndPlayBk/Page-Vlink-CC-Void/txt_OriginalTransactionType'

2024-05-27 19:11:14 - [MESSAGE][PASSED] - Text '104' is set on object 'Object Repository/RecAndPlayBk/Page-Vlink-CC-Void/txt_OriginalTransactionType'

2024-05-27 19:11:14 - [TEST_STEP][PASSED] - setText(findTestObject("Object Repository/RecAndPlayBk/Page-Vlink-CC-Void/txt_TrackData"), ""): Text '' is set on object 'Object Repository/RecAndPlayBk/Page-Vlink-CC-Void/txt_TrackData'

2024-05-27 19:11:15 - [MESSAGE][PASSED] - Text '' is set on object 'Object Repository/RecAndPlayBk/Page-Vlink-CC-Void/txt_TrackData'

2024-05-27 19:11:15 - [TEST_STEP][PASSED] - click(findTestObject("Object Repository/RecAndPlayBk/Page-Vlink-CC-Void/btn_ProcessVLinkTransaction")): Object: 'Object Repository/RecAndPlayBk/Page-Vlink-CC-Void/btn_ProcessVLinkTransaction' is clicked on

2024-05-27 19:11:16 - [MESSAGE][PASSED] - Object: 'Object Repository/RecAndPlayBk/Page-Vlink-CC-Void/btn_ProcessVLinkTransaction' is clicked on

2024-05-27 19:11:16 - [TEST_STEP][PASSED] - if (verifyTextPresent("Transaction approved, no errors", true)): null

2024-05-27 19:11:16 - [MESSAGE][PASSED] - Text 'Transaction approved, no errors' is present on page  using regular expression

2024-05-27 19:11:16 - [TEST_STEP][PASSED] - println("Transaction Approved, no errors text is present on the Confirmation page"): null

2024-05-27 19:11:16 - [TEST_STEP][PASSED] - out.println("Pass Record Number: " + row): null

2024-05-27 19:11:16 - [TEST_STEP][PASSED] - resText = "Pass": null

2024-05-27 19:11:16 - [TEST_STEP][PASSED] - pages.WriteExcel.demoKey(resText, datText, resColumn, datCloumn, fileLoc, nameSheet, row): pages.WriteExcel.demoKey is PASSED

2024-05-27 19:11:16 - [MESSAGE][PASSED] - pages.WriteExcel.demoKey is PASSED

2024-05-27 19:11:16 - [TEST_STEP][PASSED] - ExecuteTC = findTestData(dataFile).getValue("Execute", row): null

2024-05-27 19:11:16 - [TEST_STEP][PASSED] - out.println("Value of Execute is : " + ExecuteTC): null

2024-05-27 19:11:16 - [TEST_STEP][PASSED] - switch (executionProfile): null

2024-05-27 19:11:16 - [TEST_STEP][PASSED] - case "DemoProfile":: null

2024-05-27 19:11:16 - [TEST_STEP][PASSED] - appID = findTestData(dataFile).getValue("AppIDDemo", row): null

2024-05-27 19:11:17 - [TEST_STEP][PASSED] - username = findTestData(dataFile).getValue("UsernameDemo", row): null

2024-05-27 19:11:17 - [TEST_STEP][PASSED] - password = findTestData(dataFile).getValue("PasswordDemo", row): null

2024-05-27 19:11:17 - [TEST_STEP][PASSED] - break: null

2024-05-27 19:11:17 - [TEST_STEP][PASSED] - if (ExecuteTC.equalsIgnoreCase("Y")): null

2024-05-27 19:11:17 - [TEST_STEP][PASSED] - out.println("Begin Record Number: " + row): null

2024-05-27 19:11:17 - [TEST_STEP][PASSED] - today = new java.util.Date(): null

2024-05-27 19:11:17 - [TEST_STEP][PASSED] - println(today): null

2024-05-27 19:11:17 - [TEST_STEP][PASSED] - datText = today: null

2024-05-27 19:11:17 - [TEST_STEP][PASSED] - category = findTestData(dataFile).getValue("Category", row): null

2024-05-27 19:11:17 - [TEST_STEP][PASSED] - amount = findTestData(dataFile).getValue("Amount", row): null

2024-05-27 19:11:17 - [TEST_STEP][PASSED] - cardNumber = findTestData(dataFile).getValue("CardNumber", row): null

2024-05-27 19:11:17 - [TEST_STEP][PASSED] - exM = findTestData(dataFile).getValue("ExM", row): null

2024-05-27 19:11:17 - [TEST_STEP][PASSED] - exY = findTestData(dataFile).getValue("ExY", row): null

2024-05-27 19:11:17 - [TEST_STEP][PASSED] - openBrowser(VLinkURL + "authcap.html"): Browser is opened with url: 'https://dev-algorithm.govolution.com/vlinktest/demo/version_2_0/authcap.html'

2024-05-27 19:11:17 - [MESSAGE][WARNING] - A browser is already opened. Closing browser and opening a new one

2024-05-27 19:11:18 - [MESSAGE][INFO] - Starting 'Chrome' driver

2024-05-27 19:11:18 - [MESSAGE][INFO] - User set preference: ['acceptInsecureCerts', 'true']

2024-05-27 19:11:18 - [MESSAGE][INFO] - Action delay is set to 0 milliseconds

2024-05-27 19:11:20 - [MESSAGE][PASSED] - Browser is opened with url: 'https://dev-algorithm.govolution.com/vlinktest/demo/version_2_0/authcap.html'

2024-05-27 19:11:20 - [TEST_STEP][PASSED] - maximizeWindow(): Current window maximized

2024-05-27 19:11:20 - [MESSAGE][PASSED] - Current window maximized

2024-05-27 19:11:20 - [TEST_STEP][PASSED] - maximizeWindow(): Current window maximized

2024-05-27 19:11:20 - [MESSAGE][PASSED] - Current window maximized

2024-05-27 19:11:20 - [TEST_STEP][PASSED] - genRemID = RandomStringUtils.random(12, true, true): null

2024-05-27 19:11:20 - [TEST_STEP][PASSED] - setText(findTestObject("Object Repository/RecAndPlayBk/Page-Vlink-Sale/input_Remittance Id_remittance_id"), genRemID): Text 'GJOWRX9IiskL' is set on object 'Object Repository/RecAndPlayBk/Page-Vlink-Sale/input_Remittance Id_remittance_id'

2024-05-27 19:11:21 - [MESSAGE][PASSED] - Text 'GJOWRX9IiskL' is set on object 'Object Repository/RecAndPlayBk/Page-Vlink-Sale/input_Remittance Id_remittance_id'

2024-05-27 19:11:21 - [TEST_STEP][PASSED] - setText(findTestObject("Object Repository/RecAndPlayBk/Page-Vlink-Sale/input_Application Id_application_id"), appID): Text '1773' is set on object 'Object Repository/RecAndPlayBk/Page-Vlink-Sale/input_Application Id_application_id'

2024-05-27 19:11:22 - [MESSAGE][PASSED] - Text '1773' is set on object 'Object Repository/RecAndPlayBk/Page-Vlink-Sale/input_Application Id_application_id'

2024-05-27 19:11:22 - [TEST_STEP][PASSED] - setText(findTestObject("Object Repository/RecAndPlayBk/Page-Vlink-Sale/input_Username_username"), username): Text 'Qq2BV1qtr' is set on object 'Object Repository/RecAndPlayBk/Page-Vlink-Sale/input_Username_username'

2024-05-27 19:11:23 - [MESSAGE][PASSED] - Text 'Qq2BV1qtr' is set on object 'Object Repository/RecAndPlayBk/Page-Vlink-Sale/input_Username_username'

2024-05-27 19:11:23 - [TEST_STEP][PASSED] - setText(findTestObject("Object Repository/RecAndPlayBk/Page-Vlink-Sale/input_Password_password"), password): Text 'tUmWBiLUx' is set on object 'Object Repository/RecAndPlayBk/Page-Vlink-Sale/input_Password_password'

2024-05-27 19:11:23 - [MESSAGE][PASSED] - Text 'tUmWBiLUx' is set on object 'Object Repository/RecAndPlayBk/Page-Vlink-Sale/input_Password_password'

2024-05-27 19:11:23 - [TEST_STEP][PASSED] - setText(findTestObject("Object Repository/RecAndPlayBk/Page-Vlink-Sale/input_Category_category"), category): Text 'RETL' is set on object 'Object Repository/RecAndPlayBk/Page-Vlink-Sale/input_Category_category'

2024-05-27 19:11:24 - [MESSAGE][PASSED] - Text 'RETL' is set on object 'Object Repository/RecAndPlayBk/Page-Vlink-Sale/input_Category_category'

2024-05-27 19:11:24 - [TEST_STEP][PASSED] - setText(findTestObject("Object Repository/RecAndPlayBk/Page-Vlink-Sale/input_Amount_amount"), amount): Text '10.5' is set on object 'Object Repository/RecAndPlayBk/Page-Vlink-Sale/input_Amount_amount'

2024-05-27 19:11:25 - [MESSAGE][PASSED] - Text '10.5' is set on object 'Object Repository/RecAndPlayBk/Page-Vlink-Sale/input_Amount_amount'

2024-05-27 19:11:25 - [TEST_STEP][PASSED] - doubleClick(findTestObject("Object Repository/RecAndPlayBk/Page-Vlink-Sale/input_Card number_card_number")): Object: 'Object Repository/RecAndPlayBk/Page-Vlink-Sale/input_Card number_card_number' is double clicked on

2024-05-27 19:11:25 - [MESSAGE][PASSED] - Object: 'Object Repository/RecAndPlayBk/Page-Vlink-Sale/input_Card number_card_number' is double clicked on

2024-05-27 19:11:25 - [TEST_STEP][PASSED] - setText(findTestObject("Object Repository/RecAndPlayBk/Page-Vlink-Sale/input_Card number_card_number"), cardNumber): Text '370000000000002' is set on object 'Object Repository/RecAndPlayBk/Page-Vlink-Sale/input_Card number_card_number'

2024-05-27 19:11:26 - [MESSAGE][PASSED] - Text '370000000000002' is set on object 'Object Repository/RecAndPlayBk/Page-Vlink-Sale/input_Card number_card_number'

2024-05-27 19:11:26 - [TEST_STEP][PASSED] - setText(findTestObject("Object Repository/RecAndPlayBk/Page-Vlink-Sale/input_Card ex month_card_exmo"), exM): Text '12' is set on object 'Object Repository/RecAndPlayBk/Page-Vlink-Sale/input_Card ex month_card_exmo'

2024-05-27 19:11:27 - [MESSAGE][PASSED] - Text '12' is set on object 'Object Repository/RecAndPlayBk/Page-Vlink-Sale/input_Card ex month_card_exmo'

2024-05-27 19:11:27 - [TEST_STEP][PASSED] - setText(findTestObject("Object Repository/RecAndPlayBk/Page-Vlink-Sale/input_Card ex year_card_exyr"), exY): Text '2029' is set on object 'Object Repository/RecAndPlayBk/Page-Vlink-Sale/input_Card ex year_card_exyr'

2024-05-27 19:11:27 - [MESSAGE][PASSED] - Text '2029' is set on object 'Object Repository/RecAndPlayBk/Page-Vlink-Sale/input_Card ex year_card_exyr'

2024-05-27 19:11:27 - [TEST_STEP][PASSED] - click(findTestObject("Object Repository/RecAndPlayBk/Page-Vlink-Sale/input_Track Data_track_data")): Object: 'Object Repository/RecAndPlayBk/Page-Vlink-Sale/input_Track Data_track_data' is clicked on

2024-05-27 19:11:28 - [MESSAGE][PASSED] - Object: 'Object Repository/RecAndPlayBk/Page-Vlink-Sale/input_Track Data_track_data' is clicked on

2024-05-27 19:11:28 - [TEST_STEP][PASSED] - click(findTestObject("Object Repository/RecAndPlayBk/Page-Vlink-Sale/input_CVV state_cvv_state")): Object: 'Object Repository/RecAndPlayBk/Page-Vlink-Sale/input_CVV state_cvv_state' is clicked on

2024-05-27 19:11:28 - [MESSAGE][PASSED] - Object: 'Object Repository/RecAndPlayBk/Page-Vlink-Sale/input_CVV state_cvv_state' is clicked on

2024-05-27 19:11:28 - [TEST_STEP][PASSED] - setText(findTestObject("Object Repository/RecAndPlayBk/Page-Vlink-Sale/input_Track Data_track_data"), ""): Text '' is set on object 'Object Repository/RecAndPlayBk/Page-Vlink-Sale/input_Track Data_track_data'

2024-05-27 19:11:29 - [MESSAGE][PASSED] - Text '' is set on object 'Object Repository/RecAndPlayBk/Page-Vlink-Sale/input_Track Data_track_data'

2024-05-27 19:11:29 - [TEST_STEP][PASSED] - setText(findTestObject("Object Repository/RecAndPlayBk/Page-Vlink-Sale/input_concat(Cardholder, , s email)_email"), ""): Text '' is set on object 'Object Repository/RecAndPlayBk/Page-Vlink-Sale/input_concat(Cardholder, , s email)_email'

2024-05-27 19:11:30 - [MESSAGE][PASSED] - Text '' is set on object 'Object Repository/RecAndPlayBk/Page-Vlink-Sale/input_concat(Cardholder, , s email)_email'

2024-05-27 19:11:30 - [TEST_STEP][PASSED] - click(findTestObject("Object Repository/RecAndPlayBk/Page-Vlink-Sale/input_user_defined10_user_defined10")): Object: 'Object Repository/RecAndPlayBk/Page-Vlink-Sale/input_user_defined10_user_defined10' is clicked on

2024-05-27 19:11:30 - [MESSAGE][PASSED] - Object: 'Object Repository/RecAndPlayBk/Page-Vlink-Sale/input_user_defined10_user_defined10' is clicked on

2024-05-27 19:11:30 - [TEST_STEP][PASSED] - if (executionProfile.equalsIgnoreCase("QAProfile") || executionProfile.equalsIgnoreCase("DemoProfile")): Text '' is set on object 'Object Repository/RecAndPlayBk/Page-Vlink-Sale/input_COF Transaction Initiated by_cof_tran_6cded5'

2024-05-27 19:11:30 - [TEST_STEP][PASSED] - setText(findTestObject("Object Repository/RecAndPlayBk/Page-Vlink-Sale/input_Card on File Indicator_card_on_file_i_157dae"), ""): Text '' is set on object 'Object Repository/RecAndPlayBk/Page-Vlink-Sale/input_Card on File Indicator_card_on_file_i_157dae'

2024-05-27 19:11:31 - [MESSAGE][PASSED] - Text '' is set on object 'Object Repository/RecAndPlayBk/Page-Vlink-Sale/input_Card on File Indicator_card_on_file_i_157dae'

2024-05-27 19:11:31 - [TEST_STEP][PASSED] - setText(findTestObject("Object Repository/RecAndPlayBk/Page-Vlink-Sale/input_Stored Credential Indicator_stored_cr_4ae73c"), ""): Text '' is set on object 'Object Repository/RecAndPlayBk/Page-Vlink-Sale/input_Stored Credential Indicator_stored_cr_4ae73c'

2024-05-27 19:11:32 - [MESSAGE][PASSED] - Text '' is set on object 'Object Repository/RecAndPlayBk/Page-Vlink-Sale/input_Stored Credential Indicator_stored_cr_4ae73c'

2024-05-27 19:11:32 - [TEST_STEP][PASSED] - setText(findTestObject("Object Repository/RecAndPlayBk/Page-Vlink-Sale/input_COF Scheduled indicator_cof_scheduled_8df7d8"), ""): Text '' is set on object 'Object Repository/RecAndPlayBk/Page-Vlink-Sale/input_COF Scheduled indicator_cof_scheduled_8df7d8'

2024-05-27 19:11:32 - [MESSAGE][PASSED] - Text '' is set on object 'Object Repository/RecAndPlayBk/Page-Vlink-Sale/input_COF Scheduled indicator_cof_scheduled_8df7d8'

2024-05-27 19:11:32 - [TEST_STEP][PASSED] - setText(findTestObject("Object Repository/RecAndPlayBk/Page-Vlink-Sale/input_COF Transaction Initiated by_cof_tran_6cded5"), ""): Text '' is set on object 'Object Repository/RecAndPlayBk/Page-Vlink-Sale/input_COF Transaction Initiated by_cof_tran_6cded5'

2024-05-27 19:11:33 - [MESSAGE][PASSED] - Text '' is set on object 'Object Repository/RecAndPlayBk/Page-Vlink-Sale/input_COF Transaction Initiated by_cof_tran_6cded5'

2024-05-27 19:11:33 - [TEST_STEP][PASSED] - click(findTestObject("Object Repository/RecAndPlayBk/Page-Vlink-Sale/input")): Object: 'Object Repository/RecAndPlayBk/Page-Vlink-Sale/input' is clicked on

2024-05-27 19:11:34 - [MESSAGE][PASSED] - Object: 'Object Repository/RecAndPlayBk/Page-Vlink-Sale/input' is clicked on

2024-05-27 19:11:34 - [TEST_STEP][PASSED] - if (verifyTextPresent("Transaction approved, no errors", true)): null

2024-05-27 19:11:34 - [MESSAGE][PASSED] - Text 'Transaction approved, no errors' is present on page  using regular expression

2024-05-27 19:11:34 - [TEST_STEP][PASSED] - println("Transaction Approved, no errors text is present on the Confirmation page"): null

2024-05-27 19:11:34 - [TEST_STEP][PASSED] - sdfo = getText(findTestObject("Object Repository/Page_VLinkReceipt/pre_STX")): Text of object 'Object Repository/Page_VLinkReceipt/pre_STX' is: '<STX>GJOWRX9IiskL                  2967781             0  Transaction approved, no errors                   0                                                                                  Y 003951314<ETX>'

2024-05-27 19:11:35 - [MESSAGE][PASSED] - Text of object 'Object Repository/Page_VLinkReceipt/pre_STX' is: '<STX>GJOWRX9IiskL                  2967781             0  Transaction approved, no errors                   0                                                                                  Y 003951314<ETX>'

2024-05-27 19:11:35 - [TEST_STEP][PASSED] - out.println("sdfo: " + sdfo): null

2024-05-27 19:11:35 - [TEST_STEP][PASSED] - remID = substring(5, 35).trim(): null

2024-05-27 19:11:35 - [TEST_STEP][PASSED] - out.println("remID: " + remID): null

2024-05-27 19:11:35 - [TEST_STEP][PASSED] - traxID = substring(35, 55).trim(): null

2024-05-27 19:11:35 - [TEST_STEP][PASSED] - out.println("traxID: " + traxID): null

2024-05-27 19:11:35 - [TEST_STEP][PASSED] - VLinkSaleRemID = remID: null

2024-05-27 19:11:35 - [TEST_STEP][PASSED] - VLinkSaleTranxID = traxID: null

2024-05-27 19:11:35 - [TEST_STEP][PASSED] - openBrowser(VLinkURL + "CC_void.html"): Browser is opened with url: 'https://dev-algorithm.govolution.com/vlinktest/demo/version_2_0/CC_void.html'

2024-05-27 19:11:35 - [MESSAGE][WARNING] - A browser is already opened. Closing browser and opening a new one

2024-05-27 19:11:36 - [MESSAGE][INFO] - Starting 'Chrome' driver

2024-05-27 19:11:36 - [MESSAGE][INFO] - User set preference: ['acceptInsecureCerts', 'true']

2024-05-27 19:11:36 - [MESSAGE][INFO] - Action delay is set to 0 milliseconds

2024-05-27 19:11:38 - [MESSAGE][PASSED] - Browser is opened with url: 'https://dev-algorithm.govolution.com/vlinktest/demo/version_2_0/CC_void.html'

2024-05-27 19:11:38 - [TEST_STEP][PASSED] - maximizeWindow(): Current window maximized

2024-05-27 19:11:38 - [MESSAGE][PASSED] - Current window maximized

2024-05-27 19:11:38 - [TEST_STEP][PASSED] - setText(findTestObject("Object Repository/RecAndPlayBk/Page-Vlink-CC-Void/txt_RemID"), VLinkSaleRemID): Text 'GJOWRX9IiskL' is set on object 'Object Repository/RecAndPlayBk/Page-Vlink-CC-Void/txt_RemID'

2024-05-27 19:11:39 - [MESSAGE][PASSED] - Text 'GJOWRX9IiskL' is set on object 'Object Repository/RecAndPlayBk/Page-Vlink-CC-Void/txt_RemID'

2024-05-27 19:11:39 - [TEST_STEP][PASSED] - setText(findTestObject("Object Repository/RecAndPlayBk/Page-Vlink-CC-Void/txt_ApplicationID"), appID): Text '1773' is set on object 'Object Repository/RecAndPlayBk/Page-Vlink-CC-Void/txt_ApplicationID'

2024-05-27 19:11:40 - [MESSAGE][PASSED] - Text '1773' is set on object 'Object Repository/RecAndPlayBk/Page-Vlink-CC-Void/txt_ApplicationID'

2024-05-27 19:11:40 - [TEST_STEP][PASSED] - setText(findTestObject("Object Repository/RecAndPlayBk/Page-Vlink-CC-Void/txt_Username"), username): Text 'Qq2BV1qtr' is set on object 'Object Repository/RecAndPlayBk/Page-Vlink-CC-Void/txt_Username'

2024-05-27 19:11:40 - [MESSAGE][PASSED] - Text 'Qq2BV1qtr' is set on object 'Object Repository/RecAndPlayBk/Page-Vlink-CC-Void/txt_Username'

2024-05-27 19:11:40 - [TEST_STEP][PASSED] - setText(findTestObject("Object Repository/RecAndPlayBk/Page-Vlink-CC-Void/txt_Password"), password): Text 'tUmWBiLUx' is set on object 'Object Repository/RecAndPlayBk/Page-Vlink-CC-Void/txt_Password'

2024-05-27 19:11:41 - [MESSAGE][PASSED] - Text 'tUmWBiLUx' is set on object 'Object Repository/RecAndPlayBk/Page-Vlink-CC-Void/txt_Password'

2024-05-27 19:11:41 - [TEST_STEP][PASSED] - setText(findTestObject("Object Repository/RecAndPlayBk/Page-Vlink-CC-Void/txt_TransactionID"), "-1"): Text '-1' is set on object 'Object Repository/RecAndPlayBk/Page-Vlink-CC-Void/txt_TransactionID'

2024-05-27 19:11:42 - [MESSAGE][PASSED] - Text '-1' is set on object 'Object Repository/RecAndPlayBk/Page-Vlink-CC-Void/txt_TransactionID'

2024-05-27 19:11:42 - [TEST_STEP][PASSED] - setText(findTestObject("Object Repository/RecAndPlayBk/Page-Vlink-CC-Void/txt_OriginalTransactionType"), "104"): Text '104' is set on object 'Object Repository/RecAndPlayBk/Page-Vlink-CC-Void/txt_OriginalTransactionType'

2024-05-27 19:11:43 - [MESSAGE][PASSED] - Text '104' is set on object 'Object Repository/RecAndPlayBk/Page-Vlink-CC-Void/txt_OriginalTransactionType'

2024-05-27 19:11:43 - [TEST_STEP][PASSED] - setText(findTestObject("Object Repository/RecAndPlayBk/Page-Vlink-CC-Void/txt_TrackData"), ""): Text '' is set on object 'Object Repository/RecAndPlayBk/Page-Vlink-CC-Void/txt_TrackData'

2024-05-27 19:11:44 - [MESSAGE][PASSED] - Text '' is set on object 'Object Repository/RecAndPlayBk/Page-Vlink-CC-Void/txt_TrackData'

2024-05-27 19:11:44 - [TEST_STEP][PASSED] - click(findTestObject("Object Repository/RecAndPlayBk/Page-Vlink-CC-Void/btn_ProcessVLinkTransaction")): Object: 'Object Repository/RecAndPlayBk/Page-Vlink-CC-Void/btn_ProcessVLinkTransaction' is clicked on

2024-05-27 19:11:45 - [MESSAGE][PASSED] - Object: 'Object Repository/RecAndPlayBk/Page-Vlink-CC-Void/btn_ProcessVLinkTransaction' is clicked on

2024-05-27 19:11:45 - [TEST_STEP][PASSED] - if (verifyTextPresent("Transaction approved, no errors", true)): null

2024-05-27 19:11:45 - [MESSAGE][PASSED] - Text 'Transaction approved, no errors' is present on page  using regular expression

2024-05-27 19:11:45 - [TEST_STEP][PASSED] - println("Transaction Approved, no errors text is present on the Confirmation page"): null

2024-05-27 19:11:45 - [TEST_STEP][PASSED] - out.println("Pass Record Number: " + row): null

2024-05-27 19:11:45 - [TEST_STEP][PASSED] - resText = "Pass": null

2024-05-27 19:11:45 - [TEST_STEP][PASSED] - pages.WriteExcel.demoKey(resText, datText, resColumn, datCloumn, fileLoc, nameSheet, row): pages.WriteExcel.demoKey is PASSED

2024-05-27 19:11:45 - [MESSAGE][PASSED] - pages.WriteExcel.demoKey is PASSED

2024-05-27 19:11:45 - [TEST_STEP][PASSED] - ExecuteTC = findTestData(dataFile).getValue("Execute", row): null

2024-05-27 19:11:45 - [TEST_STEP][PASSED] - out.println("Value of Execute is : " + ExecuteTC): null

2024-05-27 19:11:45 - [TEST_STEP][PASSED] - switch (executionProfile): null

2024-05-27 19:11:45 - [TEST_STEP][PASSED] - case "DemoProfile":: null

2024-05-27 19:11:45 - [TEST_STEP][PASSED] - appID = findTestData(dataFile).getValue("AppIDDemo", row): null

2024-05-27 19:11:45 - [TEST_STEP][PASSED] - username = findTestData(dataFile).getValue("UsernameDemo", row): null

2024-05-27 19:11:45 - [TEST_STEP][PASSED] - password = findTestData(dataFile).getValue("PasswordDemo", row): null

2024-05-27 19:11:46 - [TEST_STEP][PASSED] - break: null

2024-05-27 19:11:46 - [TEST_STEP][PASSED] - if (ExecuteTC.equalsIgnoreCase("Y")): null

2024-05-27 19:11:46 - [TEST_STEP][PASSED] - out.println("Begin Record Number: " + row): null

2024-05-27 19:11:46 - [TEST_STEP][PASSED] - today = new java.util.Date(): null

2024-05-27 19:11:46 - [TEST_STEP][PASSED] - println(today): null

2024-05-27 19:11:46 - [TEST_STEP][PASSED] - datText = today: null

2024-05-27 19:11:46 - [TEST_STEP][PASSED] - category = findTestData(dataFile).getValue("Category", row): null

2024-05-27 19:11:46 - [TEST_STEP][PASSED] - amount = findTestData(dataFile).getValue("Amount", row): null

2024-05-27 19:11:46 - [TEST_STEP][PASSED] - cardNumber = findTestData(dataFile).getValue("CardNumber", row): null

2024-05-27 19:11:46 - [TEST_STEP][PASSED] - exM = findTestData(dataFile).getValue("ExM", row): null

2024-05-27 19:11:46 - [TEST_STEP][PASSED] - exY = findTestData(dataFile).getValue("ExY", row): null

2024-05-27 19:11:46 - [TEST_STEP][PASSED] - openBrowser(VLinkURL + "authcap.html"): Browser is opened with url: 'https://dev-algorithm.govolution.com/vlinktest/demo/version_2_0/authcap.html'

2024-05-27 19:11:46 - [MESSAGE][WARNING] - A browser is already opened. Closing browser and opening a new one

2024-05-27 19:11:47 - [MESSAGE][INFO] - Starting 'Chrome' driver

2024-05-27 19:11:47 - [MESSAGE][INFO] - User set preference: ['acceptInsecureCerts', 'true']

2024-05-27 19:11:47 - [MESSAGE][INFO] - Action delay is set to 0 milliseconds

2024-05-27 19:11:49 - [MESSAGE][PASSED] - Browser is opened with url: 'https://dev-algorithm.govolution.com/vlinktest/demo/version_2_0/authcap.html'

2024-05-27 19:11:49 - [TEST_STEP][PASSED] - maximizeWindow(): Current window maximized

2024-05-27 19:11:49 - [MESSAGE][PASSED] - Current window maximized

2024-05-27 19:11:49 - [TEST_STEP][PASSED] - maximizeWindow(): Current window maximized

2024-05-27 19:11:49 - [MESSAGE][PASSED] - Current window maximized

2024-05-27 19:11:49 - [TEST_STEP][PASSED] - genRemID = RandomStringUtils.random(12, true, true): null

2024-05-27 19:11:49 - [TEST_STEP][PASSED] - setText(findTestObject("Object Repository/RecAndPlayBk/Page-Vlink-Sale/input_Remittance Id_remittance_id"), genRemID): Text 'FqVP9BlbJZnW' is set on object 'Object Repository/RecAndPlayBk/Page-Vlink-Sale/input_Remittance Id_remittance_id'

2024-05-27 19:11:50 - [MESSAGE][PASSED] - Text 'FqVP9BlbJZnW' is set on object 'Object Repository/RecAndPlayBk/Page-Vlink-Sale/input_Remittance Id_remittance_id'

2024-05-27 19:11:50 - [TEST_STEP][PASSED] - setText(findTestObject("Object Repository/RecAndPlayBk/Page-Vlink-Sale/input_Application Id_application_id"), appID): Text '2435' is set on object 'Object Repository/RecAndPlayBk/Page-Vlink-Sale/input_Application Id_application_id'

2024-05-27 19:11:51 - [MESSAGE][PASSED] - Text '2435' is set on object 'Object Repository/RecAndPlayBk/Page-Vlink-Sale/input_Application Id_application_id'

2024-05-27 19:11:51 - [TEST_STEP][PASSED] - setText(findTestObject("Object Repository/RecAndPlayBk/Page-Vlink-Sale/input_Username_username"), username): Text 'health' is set on object 'Object Repository/RecAndPlayBk/Page-Vlink-Sale/input_Username_username'

2024-05-27 19:11:51 - [MESSAGE][PASSED] - Text 'health' is set on object 'Object Repository/RecAndPlayBk/Page-Vlink-Sale/input_Username_username'

2024-05-27 19:11:51 - [TEST_STEP][PASSED] - setText(findTestObject("Object Repository/RecAndPlayBk/Page-Vlink-Sale/input_Password_password"), password): Text '11111111' is set on object 'Object Repository/RecAndPlayBk/Page-Vlink-Sale/input_Password_password'

2024-05-27 19:11:52 - [MESSAGE][PASSED] - Text '11111111' is set on object 'Object Repository/RecAndPlayBk/Page-Vlink-Sale/input_Password_password'

2024-05-27 19:11:52 - [TEST_STEP][PASSED] - setText(findTestObject("Object Repository/RecAndPlayBk/Page-Vlink-Sale/input_Category_category"), category): Text 'ECOM' is set on object 'Object Repository/RecAndPlayBk/Page-Vlink-Sale/input_Category_category'

2024-05-27 19:11:53 - [MESSAGE][PASSED] - Text 'ECOM' is set on object 'Object Repository/RecAndPlayBk/Page-Vlink-Sale/input_Category_category'

2024-05-27 19:11:53 - [TEST_STEP][PASSED] - setText(findTestObject("Object Repository/RecAndPlayBk/Page-Vlink-Sale/input_Amount_amount"), amount): Text '10.5' is set on object 'Object Repository/RecAndPlayBk/Page-Vlink-Sale/input_Amount_amount'

2024-05-27 19:11:54 - [MESSAGE][PASSED] - Text '10.5' is set on object 'Object Repository/RecAndPlayBk/Page-Vlink-Sale/input_Amount_amount'

2024-05-27 19:11:54 - [TEST_STEP][PASSED] - doubleClick(findTestObject("Object Repository/RecAndPlayBk/Page-Vlink-Sale/input_Card number_card_number")): Object: 'Object Repository/RecAndPlayBk/Page-Vlink-Sale/input_Card number_card_number' is double clicked on

2024-05-27 19:11:54 - [MESSAGE][PASSED] - Object: 'Object Repository/RecAndPlayBk/Page-Vlink-Sale/input_Card number_card_number' is double clicked on

2024-05-27 19:11:54 - [TEST_STEP][PASSED] - setText(findTestObject("Object Repository/RecAndPlayBk/Page-Vlink-Sale/input_Card number_card_number"), cardNumber): Text '4012000098765439' is set on object 'Object Repository/RecAndPlayBk/Page-Vlink-Sale/input_Card number_card_number'

2024-05-27 19:11:55 - [MESSAGE][PASSED] - Text '4012000098765439' is set on object 'Object Repository/RecAndPlayBk/Page-Vlink-Sale/input_Card number_card_number'

2024-05-27 19:11:55 - [TEST_STEP][PASSED] - setText(findTestObject("Object Repository/RecAndPlayBk/Page-Vlink-Sale/input_Card ex month_card_exmo"), exM): Text '12' is set on object 'Object Repository/RecAndPlayBk/Page-Vlink-Sale/input_Card ex month_card_exmo'

2024-05-27 19:11:55 - [MESSAGE][PASSED] - Text '12' is set on object 'Object Repository/RecAndPlayBk/Page-Vlink-Sale/input_Card ex month_card_exmo'

2024-05-27 19:11:55 - [TEST_STEP][PASSED] - setText(findTestObject("Object Repository/RecAndPlayBk/Page-Vlink-Sale/input_Card ex year_card_exyr"), exY): Text '2029' is set on object 'Object Repository/RecAndPlayBk/Page-Vlink-Sale/input_Card ex year_card_exyr'

2024-05-27 19:11:56 - [MESSAGE][PASSED] - Text '2029' is set on object 'Object Repository/RecAndPlayBk/Page-Vlink-Sale/input_Card ex year_card_exyr'

2024-05-27 19:11:56 - [TEST_STEP][PASSED] - click(findTestObject("Object Repository/RecAndPlayBk/Page-Vlink-Sale/input_Track Data_track_data")): Object: 'Object Repository/RecAndPlayBk/Page-Vlink-Sale/input_Track Data_track_data' is clicked on

2024-05-27 19:11:57 - [MESSAGE][PASSED] - Object: 'Object Repository/RecAndPlayBk/Page-Vlink-Sale/input_Track Data_track_data' is clicked on

2024-05-27 19:11:57 - [TEST_STEP][PASSED] - click(findTestObject("Object Repository/RecAndPlayBk/Page-Vlink-Sale/input_CVV state_cvv_state")): Object: 'Object Repository/RecAndPlayBk/Page-Vlink-Sale/input_CVV state_cvv_state' is clicked on

2024-05-27 19:11:57 - [MESSAGE][PASSED] - Object: 'Object Repository/RecAndPlayBk/Page-Vlink-Sale/input_CVV state_cvv_state' is clicked on

2024-05-27 19:11:57 - [TEST_STEP][PASSED] - setText(findTestObject("Object Repository/RecAndPlayBk/Page-Vlink-Sale/input_Track Data_track_data"), ""): Text '' is set on object 'Object Repository/RecAndPlayBk/Page-Vlink-Sale/input_Track Data_track_data'

2024-05-27 19:11:58 - [MESSAGE][PASSED] - Text '' is set on object 'Object Repository/RecAndPlayBk/Page-Vlink-Sale/input_Track Data_track_data'

2024-05-27 19:11:58 - [TEST_STEP][PASSED] - setText(findTestObject("Object Repository/RecAndPlayBk/Page-Vlink-Sale/input_concat(Cardholder, , s email)_email"), ""): Text '' is set on object 'Object Repository/RecAndPlayBk/Page-Vlink-Sale/input_concat(Cardholder, , s email)_email'

2024-05-27 19:11:59 - [MESSAGE][PASSED] - Text '' is set on object 'Object Repository/RecAndPlayBk/Page-Vlink-Sale/input_concat(Cardholder, , s email)_email'

2024-05-27 19:11:59 - [TEST_STEP][PASSED] - click(findTestObject("Object Repository/RecAndPlayBk/Page-Vlink-Sale/input_user_defined10_user_defined10")): Object: 'Object Repository/RecAndPlayBk/Page-Vlink-Sale/input_user_defined10_user_defined10' is clicked on

2024-05-27 19:11:59 - [MESSAGE][PASSED] - Object: 'Object Repository/RecAndPlayBk/Page-Vlink-Sale/input_user_defined10_user_defined10' is clicked on

2024-05-27 19:11:59 - [TEST_STEP][PASSED] - if (executionProfile.equalsIgnoreCase("QAProfile") || executionProfile.equalsIgnoreCase("DemoProfile")): Text '' is set on object 'Object Repository/RecAndPlayBk/Page-Vlink-Sale/input_COF Transaction Initiated by_cof_tran_6cded5'

2024-05-27 19:11:59 - [TEST_STEP][PASSED] - setText(findTestObject("Object Repository/RecAndPlayBk/Page-Vlink-Sale/input_Card on File Indicator_card_on_file_i_157dae"), ""): Text '' is set on object 'Object Repository/RecAndPlayBk/Page-Vlink-Sale/input_Card on File Indicator_card_on_file_i_157dae'

2024-05-27 19:12:00 - [MESSAGE][PASSED] - Text '' is set on object 'Object Repository/RecAndPlayBk/Page-Vlink-Sale/input_Card on File Indicator_card_on_file_i_157dae'

2024-05-27 19:12:00 - [TEST_STEP][PASSED] - setText(findTestObject("Object Repository/RecAndPlayBk/Page-Vlink-Sale/input_Stored Credential Indicator_stored_cr_4ae73c"), ""): Text '' is set on object 'Object Repository/RecAndPlayBk/Page-Vlink-Sale/input_Stored Credential Indicator_stored_cr_4ae73c'

2024-05-27 19:12:01 - [MESSAGE][PASSED] - Text '' is set on object 'Object Repository/RecAndPlayBk/Page-Vlink-Sale/input_Stored Credential Indicator_stored_cr_4ae73c'

2024-05-27 19:12:01 - [TEST_STEP][PASSED] - setText(findTestObject("Object Repository/RecAndPlayBk/Page-Vlink-Sale/input_COF Scheduled indicator_cof_scheduled_8df7d8"), ""): Text '' is set on object 'Object Repository/RecAndPlayBk/Page-Vlink-Sale/input_COF Scheduled indicator_cof_scheduled_8df7d8'

2024-05-27 19:12:02 - [MESSAGE][PASSED] - Text '' is set on object 'Object Repository/RecAndPlayBk/Page-Vlink-Sale/input_COF Scheduled indicator_cof_scheduled_8df7d8'

2024-05-27 19:12:02 - [TEST_STEP][PASSED] - setText(findTestObject("Object Repository/RecAndPlayBk/Page-Vlink-Sale/input_COF Transaction Initiated by_cof_tran_6cded5"), ""): Text '' is set on object 'Object Repository/RecAndPlayBk/Page-Vlink-Sale/input_COF Transaction Initiated by_cof_tran_6cded5'

2024-05-27 19:12:02 - [MESSAGE][PASSED] - Text '' is set on object 'Object Repository/RecAndPlayBk/Page-Vlink-Sale/input_COF Transaction Initiated by_cof_tran_6cded5'

2024-05-27 19:12:02 - [TEST_STEP][PASSED] - click(findTestObject("Object Repository/RecAndPlayBk/Page-Vlink-Sale/input")): Object: 'Object Repository/RecAndPlayBk/Page-Vlink-Sale/input' is clicked on

2024-05-27 19:12:04 - [MESSAGE][PASSED] - Object: 'Object Repository/RecAndPlayBk/Page-Vlink-Sale/input' is clicked on

2024-05-27 19:12:04 - [TEST_STEP][PASSED] - if (verifyTextPresent("Transaction approved, no errors", true)): null

2024-05-27 19:12:04 - [MESSAGE][PASSED] - Text 'Transaction approved, no errors' is present on page  using regular expression

2024-05-27 19:12:04 - [TEST_STEP][PASSED] - println("Transaction Approved, no errors text is present on the Confirmation page"): null

2024-05-27 19:12:04 - [TEST_STEP][PASSED] - sdfo = getText(findTestObject("Object Repository/Page_VLinkReceipt/pre_STX")): Text of object 'Object Repository/Page_VLinkReceipt/pre_STX' is: '<STX>FqVP9BlbJZnW                  2967783             0  Transaction approved, no errors                   0                                                                                  N 765439   <ETX>'

2024-05-27 19:12:04 - [MESSAGE][PASSED] - Text of object 'Object Repository/Page_VLinkReceipt/pre_STX' is: '<STX>FqVP9BlbJZnW                  2967783             0  Transaction approved, no errors                   0                                                                                  N 765439   <ETX>'

2024-05-27 19:12:04 - [TEST_STEP][PASSED] - out.println("sdfo: " + sdfo): null

2024-05-27 19:12:04 - [TEST_STEP][PASSED] - remID = substring(5, 35).trim(): null

2024-05-27 19:12:04 - [TEST_STEP][PASSED] - out.println("remID: " + remID): null

2024-05-27 19:12:04 - [TEST_STEP][PASSED] - traxID = substring(35, 55).trim(): null

2024-05-27 19:12:04 - [TEST_STEP][PASSED] - out.println("traxID: " + traxID): null

2024-05-27 19:12:04 - [TEST_STEP][PASSED] - VLinkSaleRemID = remID: null

2024-05-27 19:12:04 - [TEST_STEP][PASSED] - VLinkSaleTranxID = traxID: null

2024-05-27 19:12:04 - [TEST_STEP][PASSED] - openBrowser(VLinkURL + "CC_void.html"): Browser is opened with url: 'https://dev-algorithm.govolution.com/vlinktest/demo/version_2_0/CC_void.html'

2024-05-27 19:12:04 - [MESSAGE][WARNING] - A browser is already opened. Closing browser and opening a new one

2024-05-27 19:12:06 - [MESSAGE][INFO] - Starting 'Chrome' driver

2024-05-27 19:12:06 - [MESSAGE][INFO] - User set preference: ['acceptInsecureCerts', 'true']

2024-05-27 19:12:06 - [MESSAGE][INFO] - Action delay is set to 0 milliseconds

2024-05-27 19:12:08 - [MESSAGE][PASSED] - Browser is opened with url: 'https://dev-algorithm.govolution.com/vlinktest/demo/version_2_0/CC_void.html'

2024-05-27 19:12:08 - [TEST_STEP][PASSED] - maximizeWindow(): Current window maximized

2024-05-27 19:12:08 - [MESSAGE][PASSED] - Current window maximized

2024-05-27 19:12:08 - [TEST_STEP][PASSED] - setText(findTestObject("Object Repository/RecAndPlayBk/Page-Vlink-CC-Void/txt_RemID"), VLinkSaleRemID): Text 'FqVP9BlbJZnW' is set on object 'Object Repository/RecAndPlayBk/Page-Vlink-CC-Void/txt_RemID'

2024-05-27 19:12:09 - [MESSAGE][PASSED] - Text 'FqVP9BlbJZnW' is set on object 'Object Repository/RecAndPlayBk/Page-Vlink-CC-Void/txt_RemID'

2024-05-27 19:12:09 - [TEST_STEP][PASSED] - setText(findTestObject("Object Repository/RecAndPlayBk/Page-Vlink-CC-Void/txt_ApplicationID"), appID): Text '2435' is set on object 'Object Repository/RecAndPlayBk/Page-Vlink-CC-Void/txt_ApplicationID'

2024-05-27 19:12:09 - [MESSAGE][PASSED] - Text '2435' is set on object 'Object Repository/RecAndPlayBk/Page-Vlink-CC-Void/txt_ApplicationID'

2024-05-27 19:12:09 - [TEST_STEP][PASSED] - setText(findTestObject("Object Repository/RecAndPlayBk/Page-Vlink-CC-Void/txt_Username"), username): Text 'health' is set on object 'Object Repository/RecAndPlayBk/Page-Vlink-CC-Void/txt_Username'

2024-05-27 19:12:10 - [MESSAGE][PASSED] - Text 'health' is set on object 'Object Repository/RecAndPlayBk/Page-Vlink-CC-Void/txt_Username'

2024-05-27 19:12:10 - [TEST_STEP][PASSED] - setText(findTestObject("Object Repository/RecAndPlayBk/Page-Vlink-CC-Void/txt_Password"), password): Text '11111111' is set on object 'Object Repository/RecAndPlayBk/Page-Vlink-CC-Void/txt_Password'

2024-05-27 19:12:11 - [MESSAGE][PASSED] - Text '11111111' is set on object 'Object Repository/RecAndPlayBk/Page-Vlink-CC-Void/txt_Password'

2024-05-27 19:12:11 - [TEST_STEP][PASSED] - setText(findTestObject("Object Repository/RecAndPlayBk/Page-Vlink-CC-Void/txt_TransactionID"), "-1"): Text '-1' is set on object 'Object Repository/RecAndPlayBk/Page-Vlink-CC-Void/txt_TransactionID'

2024-05-27 19:12:12 - [MESSAGE][PASSED] - Text '-1' is set on object 'Object Repository/RecAndPlayBk/Page-Vlink-CC-Void/txt_TransactionID'

2024-05-27 19:12:12 - [TEST_STEP][PASSED] - setText(findTestObject("Object Repository/RecAndPlayBk/Page-Vlink-CC-Void/txt_OriginalTransactionType"), "104"): Text '104' is set on object 'Object Repository/RecAndPlayBk/Page-Vlink-CC-Void/txt_OriginalTransactionType'

2024-05-27 19:12:12 - [MESSAGE][PASSED] - Text '104' is set on object 'Object Repository/RecAndPlayBk/Page-Vlink-CC-Void/txt_OriginalTransactionType'

2024-05-27 19:12:12 - [TEST_STEP][PASSED] - setText(findTestObject("Object Repository/RecAndPlayBk/Page-Vlink-CC-Void/txt_TrackData"), ""): Text '' is set on object 'Object Repository/RecAndPlayBk/Page-Vlink-CC-Void/txt_TrackData'

2024-05-27 19:12:13 - [MESSAGE][PASSED] - Text '' is set on object 'Object Repository/RecAndPlayBk/Page-Vlink-CC-Void/txt_TrackData'

2024-05-27 19:12:13 - [TEST_STEP][PASSED] - click(findTestObject("Object Repository/RecAndPlayBk/Page-Vlink-CC-Void/btn_ProcessVLinkTransaction")): Object: 'Object Repository/RecAndPlayBk/Page-Vlink-CC-Void/btn_ProcessVLinkTransaction' is clicked on

2024-05-27 19:12:15 - [MESSAGE][PASSED] - Object: 'Object Repository/RecAndPlayBk/Page-Vlink-CC-Void/btn_ProcessVLinkTransaction' is clicked on

2024-05-27 19:12:15 - [TEST_STEP][PASSED] - if (verifyTextPresent("Transaction approved, no errors", true)): null

2024-05-27 19:12:15 - [MESSAGE][PASSED] - Text 'Transaction approved, no errors' is present on page  using regular expression

2024-05-27 19:12:15 - [TEST_STEP][PASSED] - println("Transaction Approved, no errors text is present on the Confirmation page"): null

2024-05-27 19:12:15 - [TEST_STEP][PASSED] - out.println("Pass Record Number: " + row): null

2024-05-27 19:12:15 - [TEST_STEP][PASSED] - resText = "Pass": null

2024-05-27 19:12:15 - [TEST_STEP][PASSED] - pages.WriteExcel.demoKey(resText, datText, resColumn, datCloumn, fileLoc, nameSheet, row): pages.WriteExcel.demoKey is PASSED

2024-05-27 19:12:15 - [MESSAGE][PASSED] - pages.WriteExcel.demoKey is PASSED

2024-05-27 19:12:15 - [TEST_STEP][PASSED] - ExecuteTC = findTestData(dataFile).getValue("Execute", row): null

2024-05-27 19:12:15 - [TEST_STEP][PASSED] - out.println("Value of Execute is : " + ExecuteTC): null

2024-05-27 19:12:15 - [TEST_STEP][PASSED] - switch (executionProfile): null

2024-05-27 19:12:15 - [TEST_STEP][PASSED] - case "DemoProfile":: null

2024-05-27 19:12:15 - [TEST_STEP][PASSED] - appID = findTestData(dataFile).getValue("AppIDDemo", row): null

2024-05-27 19:12:16 - [TEST_STEP][PASSED] - username = findTestData(dataFile).getValue("UsernameDemo", row): null

2024-05-27 19:12:16 - [TEST_STEP][PASSED] - password = findTestData(dataFile).getValue("PasswordDemo", row): null

2024-05-27 19:12:16 - [TEST_STEP][PASSED] - break: null

2024-05-27 19:12:16 - [TEST_STEP][PASSED] - if (ExecuteTC.equalsIgnoreCase("Y")): null

2024-05-27 19:12:16 - [TEST_STEP][PASSED] - out.println("Begin Record Number: " + row): null

2024-05-27 19:12:16 - [TEST_STEP][PASSED] - today = new java.util.Date(): null

2024-05-27 19:12:16 - [TEST_STEP][PASSED] - println(today): null

2024-05-27 19:12:16 - [TEST_STEP][PASSED] - datText = today: null

2024-05-27 19:12:16 - [TEST_STEP][PASSED] - category = findTestData(dataFile).getValue("Category", row): null

2024-05-27 19:12:16 - [TEST_STEP][PASSED] - amount = findTestData(dataFile).getValue("Amount", row): null

2024-05-27 19:12:16 - [TEST_STEP][PASSED] - cardNumber = findTestData(dataFile).getValue("CardNumber", row): null

2024-05-27 19:12:16 - [TEST_STEP][PASSED] - exM = findTestData(dataFile).getValue("ExM", row): null

2024-05-27 19:12:16 - [TEST_STEP][PASSED] - exY = findTestData(dataFile).getValue("ExY", row): null

2024-05-27 19:12:16 - [TEST_STEP][PASSED] - openBrowser(VLinkURL + "authcap.html"): Browser is opened with url: 'https://dev-algorithm.govolution.com/vlinktest/demo/version_2_0/authcap.html'

2024-05-27 19:12:16 - [MESSAGE][WARNING] - A browser is already opened. Closing browser and opening a new one

2024-05-27 19:12:17 - [MESSAGE][INFO] - Starting 'Chrome' driver

2024-05-27 19:12:17 - [MESSAGE][INFO] - User set preference: ['acceptInsecureCerts', 'true']

2024-05-27 19:12:17 - [MESSAGE][INFO] - Action delay is set to 0 milliseconds

2024-05-27 19:12:19 - [MESSAGE][PASSED] - Browser is opened with url: 'https://dev-algorithm.govolution.com/vlinktest/demo/version_2_0/authcap.html'

2024-05-27 19:12:19 - [TEST_STEP][PASSED] - maximizeWindow(): Current window maximized

2024-05-27 19:12:20 - [MESSAGE][PASSED] - Current window maximized

2024-05-27 19:12:20 - [TEST_STEP][PASSED] - maximizeWindow(): Current window maximized

2024-05-27 19:12:20 - [MESSAGE][PASSED] - Current window maximized

2024-05-27 19:12:20 - [TEST_STEP][PASSED] - genRemID = RandomStringUtils.random(12, true, true): null

2024-05-27 19:12:20 - [TEST_STEP][PASSED] - setText(findTestObject("Object Repository/RecAndPlayBk/Page-Vlink-Sale/input_Remittance Id_remittance_id"), genRemID): Text 'SwsIgl9zGk42' is set on object 'Object Repository/RecAndPlayBk/Page-Vlink-Sale/input_Remittance Id_remittance_id'

2024-05-27 19:12:20 - [MESSAGE][PASSED] - Text 'SwsIgl9zGk42' is set on object 'Object Repository/RecAndPlayBk/Page-Vlink-Sale/input_Remittance Id_remittance_id'

2024-05-27 19:12:20 - [TEST_STEP][PASSED] - setText(findTestObject("Object Repository/RecAndPlayBk/Page-Vlink-Sale/input_Application Id_application_id"), appID): Text '3136' is set on object 'Object Repository/RecAndPlayBk/Page-Vlink-Sale/input_Application Id_application_id'

2024-05-27 19:12:21 - [MESSAGE][PASSED] - Text '3136' is set on object 'Object Repository/RecAndPlayBk/Page-Vlink-Sale/input_Application Id_application_id'

2024-05-27 19:12:21 - [TEST_STEP][PASSED] - setText(findTestObject("Object Repository/RecAndPlayBk/Page-Vlink-Sale/input_Username_username"), username): Text 'user3136' is set on object 'Object Repository/RecAndPlayBk/Page-Vlink-Sale/input_Username_username'

2024-05-27 19:12:22 - [MESSAGE][PASSED] - Text 'user3136' is set on object 'Object Repository/RecAndPlayBk/Page-Vlink-Sale/input_Username_username'

2024-05-27 19:12:22 - [TEST_STEP][PASSED] - setText(findTestObject("Object Repository/RecAndPlayBk/Page-Vlink-Sale/input_Password_password"), password): Text 'pwd3136' is set on object 'Object Repository/RecAndPlayBk/Page-Vlink-Sale/input_Password_password'

2024-05-27 19:12:23 - [MESSAGE][PASSED] - Text 'pwd3136' is set on object 'Object Repository/RecAndPlayBk/Page-Vlink-Sale/input_Password_password'

2024-05-27 19:12:23 - [TEST_STEP][PASSED] - setText(findTestObject("Object Repository/RecAndPlayBk/Page-Vlink-Sale/input_Category_category"), category): Text 'ECOM' is set on object 'Object Repository/RecAndPlayBk/Page-Vlink-Sale/input_Category_category'

2024-05-27 19:12:23 - [MESSAGE][PASSED] - Text 'ECOM' is set on object 'Object Repository/RecAndPlayBk/Page-Vlink-Sale/input_Category_category'

2024-05-27 19:12:23 - [TEST_STEP][PASSED] - setText(findTestObject("Object Repository/RecAndPlayBk/Page-Vlink-Sale/input_Amount_amount"), amount): Text '10.5' is set on object 'Object Repository/RecAndPlayBk/Page-Vlink-Sale/input_Amount_amount'

2024-05-27 19:12:24 - [MESSAGE][PASSED] - Text '10.5' is set on object 'Object Repository/RecAndPlayBk/Page-Vlink-Sale/input_Amount_amount'

2024-05-27 19:12:24 - [TEST_STEP][PASSED] - doubleClick(findTestObject("Object Repository/RecAndPlayBk/Page-Vlink-Sale/input_Card number_card_number")): Object: 'Object Repository/RecAndPlayBk/Page-Vlink-Sale/input_Card number_card_number' is double clicked on

2024-05-27 19:12:24 - [MESSAGE][PASSED] - Object: 'Object Repository/RecAndPlayBk/Page-Vlink-Sale/input_Card number_card_number' is double clicked on

2024-05-27 19:12:24 - [TEST_STEP][PASSED] - setText(findTestObject("Object Repository/RecAndPlayBk/Page-Vlink-Sale/input_Card number_card_number"), cardNumber): Text '5146312200000035' is set on object 'Object Repository/RecAndPlayBk/Page-Vlink-Sale/input_Card number_card_number'

2024-05-27 19:12:25 - [MESSAGE][PASSED] - Text '5146312200000035' is set on object 'Object Repository/RecAndPlayBk/Page-Vlink-Sale/input_Card number_card_number'

2024-05-27 19:12:25 - [TEST_STEP][PASSED] - setText(findTestObject("Object Repository/RecAndPlayBk/Page-Vlink-Sale/input_Card ex month_card_exmo"), exM): Text '12' is set on object 'Object Repository/RecAndPlayBk/Page-Vlink-Sale/input_Card ex month_card_exmo'

2024-05-27 19:12:26 - [MESSAGE][PASSED] - Text '12' is set on object 'Object Repository/RecAndPlayBk/Page-Vlink-Sale/input_Card ex month_card_exmo'

2024-05-27 19:12:26 - [TEST_STEP][PASSED] - setText(findTestObject("Object Repository/RecAndPlayBk/Page-Vlink-Sale/input_Card ex year_card_exyr"), exY): Text '2029' is set on object 'Object Repository/RecAndPlayBk/Page-Vlink-Sale/input_Card ex year_card_exyr'

2024-05-27 19:12:26 - [MESSAGE][PASSED] - Text '2029' is set on object 'Object Repository/RecAndPlayBk/Page-Vlink-Sale/input_Card ex year_card_exyr'

2024-05-27 19:12:26 - [TEST_STEP][PASSED] - click(findTestObject("Object Repository/RecAndPlayBk/Page-Vlink-Sale/input_Track Data_track_data")): Object: 'Object Repository/RecAndPlayBk/Page-Vlink-Sale/input_Track Data_track_data' is clicked on

2024-05-27 19:12:27 - [MESSAGE][PASSED] - Object: 'Object Repository/RecAndPlayBk/Page-Vlink-Sale/input_Track Data_track_data' is clicked on

2024-05-27 19:12:27 - [TEST_STEP][PASSED] - click(findTestObject("Object Repository/RecAndPlayBk/Page-Vlink-Sale/input_CVV state_cvv_state")): Object: 'Object Repository/RecAndPlayBk/Page-Vlink-Sale/input_CVV state_cvv_state' is clicked on

2024-05-27 19:12:27 - [MESSAGE][PASSED] - Object: 'Object Repository/RecAndPlayBk/Page-Vlink-Sale/input_CVV state_cvv_state' is clicked on

2024-05-27 19:12:27 - [TEST_STEP][PASSED] - setText(findTestObject("Object Repository/RecAndPlayBk/Page-Vlink-Sale/input_Track Data_track_data"), ""): Text '' is set on object 'Object Repository/RecAndPlayBk/Page-Vlink-Sale/input_Track Data_track_data'

2024-05-27 19:12:28 - [MESSAGE][PASSED] - Text '' is set on object 'Object Repository/RecAndPlayBk/Page-Vlink-Sale/input_Track Data_track_data'

2024-05-27 19:12:28 - [TEST_STEP][PASSED] - setText(findTestObject("Object Repository/RecAndPlayBk/Page-Vlink-Sale/input_concat(Cardholder, , s email)_email"), ""): Text '' is set on object 'Object Repository/RecAndPlayBk/Page-Vlink-Sale/input_concat(Cardholder, , s email)_email'

2024-05-27 19:12:29 - [MESSAGE][PASSED] - Text '' is set on object 'Object Repository/RecAndPlayBk/Page-Vlink-Sale/input_concat(Cardholder, , s email)_email'

2024-05-27 19:12:29 - [TEST_STEP][PASSED] - click(findTestObject("Object Repository/RecAndPlayBk/Page-Vlink-Sale/input_user_defined10_user_defined10")): Object: 'Object Repository/RecAndPlayBk/Page-Vlink-Sale/input_user_defined10_user_defined10' is clicked on

2024-05-27 19:12:29 - [MESSAGE][PASSED] - Object: 'Object Repository/RecAndPlayBk/Page-Vlink-Sale/input_user_defined10_user_defined10' is clicked on

2024-05-27 19:12:29 - [TEST_STEP][PASSED] - if (executionProfile.equalsIgnoreCase("QAProfile") || executionProfile.equalsIgnoreCase("DemoProfile")): Text '' is set on object 'Object Repository/RecAndPlayBk/Page-Vlink-Sale/input_COF Transaction Initiated by_cof_tran_6cded5'

2024-05-27 19:12:29 - [TEST_STEP][PASSED] - setText(findTestObject("Object Repository/RecAndPlayBk/Page-Vlink-Sale/input_Card on File Indicator_card_on_file_i_157dae"), ""): Text '' is set on object 'Object Repository/RecAndPlayBk/Page-Vlink-Sale/input_Card on File Indicator_card_on_file_i_157dae'

2024-05-27 19:12:30 - [MESSAGE][PASSED] - Text '' is set on object 'Object Repository/RecAndPlayBk/Page-Vlink-Sale/input_Card on File Indicator_card_on_file_i_157dae'

2024-05-27 19:12:30 - [TEST_STEP][PASSED] - setText(findTestObject("Object Repository/RecAndPlayBk/Page-Vlink-Sale/input_Stored Credential Indicator_stored_cr_4ae73c"), ""): Text '' is set on object 'Object Repository/RecAndPlayBk/Page-Vlink-Sale/input_Stored Credential Indicator_stored_cr_4ae73c'

2024-05-27 19:12:31 - [MESSAGE][PASSED] - Text '' is set on object 'Object Repository/RecAndPlayBk/Page-Vlink-Sale/input_Stored Credential Indicator_stored_cr_4ae73c'

2024-05-27 19:12:31 - [TEST_STEP][PASSED] - setText(findTestObject("Object Repository/RecAndPlayBk/Page-Vlink-Sale/input_COF Scheduled indicator_cof_scheduled_8df7d8"), ""): Text '' is set on object 'Object Repository/RecAndPlayBk/Page-Vlink-Sale/input_COF Scheduled indicator_cof_scheduled_8df7d8'

2024-05-27 19:12:31 - [MESSAGE][PASSED] - Text '' is set on object 'Object Repository/RecAndPlayBk/Page-Vlink-Sale/input_COF Scheduled indicator_cof_scheduled_8df7d8'

2024-05-27 19:12:31 - [TEST_STEP][PASSED] - setText(findTestObject("Object Repository/RecAndPlayBk/Page-Vlink-Sale/input_COF Transaction Initiated by_cof_tran_6cded5"), ""): Text '' is set on object 'Object Repository/RecAndPlayBk/Page-Vlink-Sale/input_COF Transaction Initiated by_cof_tran_6cded5'

2024-05-27 19:12:32 - [MESSAGE][PASSED] - Text '' is set on object 'Object Repository/RecAndPlayBk/Page-Vlink-Sale/input_COF Transaction Initiated by_cof_tran_6cded5'

2024-05-27 19:12:32 - [TEST_STEP][PASSED] - click(findTestObject("Object Repository/RecAndPlayBk/Page-Vlink-Sale/input")): Object: 'Object Repository/RecAndPlayBk/Page-Vlink-Sale/input' is clicked on

2024-05-27 19:12:33 - [MESSAGE][PASSED] - Object: 'Object Repository/RecAndPlayBk/Page-Vlink-Sale/input' is clicked on

2024-05-27 19:12:33 - [TEST_STEP][PASSED] - if (verifyTextPresent("Transaction approved, no errors", true)): null

2024-05-27 19:12:34 - [MESSAGE][PASSED] - Text 'Transaction approved, no errors' is present on page  using regular expression

2024-05-27 19:12:34 - [TEST_STEP][PASSED] - println("Transaction Approved, no errors text is present on the Confirmation page"): null

2024-05-27 19:12:34 - [TEST_STEP][PASSED] - sdfo = getText(findTestObject("Object Repository/Page_VLinkReceipt/pre_STX")): Text of object 'Object Repository/Page_VLinkReceipt/pre_STX' is: '<STX>SwsIgl9zGk42                  2967785             0  Transaction approved, no errors                   0                                                                                    456453   <ETX>'

2024-05-27 19:12:34 - [MESSAGE][PASSED] - Text of object 'Object Repository/Page_VLinkReceipt/pre_STX' is: '<STX>SwsIgl9zGk42                  2967785             0  Transaction approved, no errors                   0                                                                                    456453   <ETX>'

2024-05-27 19:12:34 - [TEST_STEP][PASSED] - out.println("sdfo: " + sdfo): null

2024-05-27 19:12:34 - [TEST_STEP][PASSED] - remID = substring(5, 35).trim(): null

2024-05-27 19:12:34 - [TEST_STEP][PASSED] - out.println("remID: " + remID): null

2024-05-27 19:12:34 - [TEST_STEP][PASSED] - traxID = substring(35, 55).trim(): null

2024-05-27 19:12:34 - [TEST_STEP][PASSED] - out.println("traxID: " + traxID): null

2024-05-27 19:12:34 - [TEST_STEP][PASSED] - VLinkSaleRemID = remID: null

2024-05-27 19:12:34 - [TEST_STEP][PASSED] - VLinkSaleTranxID = traxID: null

2024-05-27 19:12:34 - [TEST_STEP][PASSED] - openBrowser(VLinkURL + "CC_void.html"): Browser is opened with url: 'https://dev-algorithm.govolution.com/vlinktest/demo/version_2_0/CC_void.html'

2024-05-27 19:12:34 - [MESSAGE][WARNING] - A browser is already opened. Closing browser and opening a new one

2024-05-27 19:12:35 - [MESSAGE][INFO] - Starting 'Chrome' driver

2024-05-27 19:12:35 - [MESSAGE][INFO] - User set preference: ['acceptInsecureCerts', 'true']

2024-05-27 19:12:35 - [MESSAGE][INFO] - Action delay is set to 0 milliseconds

2024-05-27 19:12:37 - [MESSAGE][PASSED] - Browser is opened with url: 'https://dev-algorithm.govolution.com/vlinktest/demo/version_2_0/CC_void.html'

2024-05-27 19:12:37 - [TEST_STEP][PASSED] - maximizeWindow(): Current window maximized

2024-05-27 19:12:37 - [MESSAGE][PASSED] - Current window maximized

2024-05-27 19:12:37 - [TEST_STEP][PASSED] - setText(findTestObject("Object Repository/RecAndPlayBk/Page-Vlink-CC-Void/txt_RemID"), VLinkSaleRemID): Text 'SwsIgl9zGk42' is set on object 'Object Repository/RecAndPlayBk/Page-Vlink-CC-Void/txt_RemID'

2024-05-27 19:12:38 - [MESSAGE][PASSED] - Text 'SwsIgl9zGk42' is set on object 'Object Repository/RecAndPlayBk/Page-Vlink-CC-Void/txt_RemID'

2024-05-27 19:12:38 - [TEST_STEP][PASSED] - setText(findTestObject("Object Repository/RecAndPlayBk/Page-Vlink-CC-Void/txt_ApplicationID"), appID): Text '3136' is set on object 'Object Repository/RecAndPlayBk/Page-Vlink-CC-Void/txt_ApplicationID'

2024-05-27 19:12:39 - [MESSAGE][PASSED] - Text '3136' is set on object 'Object Repository/RecAndPlayBk/Page-Vlink-CC-Void/txt_ApplicationID'

2024-05-27 19:12:39 - [TEST_STEP][PASSED] - setText(findTestObject("Object Repository/RecAndPlayBk/Page-Vlink-CC-Void/txt_Username"), username): Text 'user3136' is set on object 'Object Repository/RecAndPlayBk/Page-Vlink-CC-Void/txt_Username'

2024-05-27 19:12:39 - [MESSAGE][PASSED] - Text 'user3136' is set on object 'Object Repository/RecAndPlayBk/Page-Vlink-CC-Void/txt_Username'

2024-05-27 19:12:39 - [TEST_STEP][PASSED] - setText(findTestObject("Object Repository/RecAndPlayBk/Page-Vlink-CC-Void/txt_Password"), password): Text 'pwd3136' is set on object 'Object Repository/RecAndPlayBk/Page-Vlink-CC-Void/txt_Password'

2024-05-27 19:12:40 - [MESSAGE][PASSED] - Text 'pwd3136' is set on object 'Object Repository/RecAndPlayBk/Page-Vlink-CC-Void/txt_Password'

2024-05-27 19:12:40 - [TEST_STEP][PASSED] - setText(findTestObject("Object Repository/RecAndPlayBk/Page-Vlink-CC-Void/txt_TransactionID"), "-1"): Text '-1' is set on object 'Object Repository/RecAndPlayBk/Page-Vlink-CC-Void/txt_TransactionID'

2024-05-27 19:12:41 - [MESSAGE][PASSED] - Text '-1' is set on object 'Object Repository/RecAndPlayBk/Page-Vlink-CC-Void/txt_TransactionID'

2024-05-27 19:12:41 - [TEST_STEP][PASSED] - setText(findTestObject("Object Repository/RecAndPlayBk/Page-Vlink-CC-Void/txt_OriginalTransactionType"), "104"): Text '104' is set on object 'Object Repository/RecAndPlayBk/Page-Vlink-CC-Void/txt_OriginalTransactionType'

2024-05-27 19:12:42 - [MESSAGE][PASSED] - Text '104' is set on object 'Object Repository/RecAndPlayBk/Page-Vlink-CC-Void/txt_OriginalTransactionType'

2024-05-27 19:12:42 - [TEST_STEP][PASSED] - setText(findTestObject("Object Repository/RecAndPlayBk/Page-Vlink-CC-Void/txt_TrackData"), ""): Text '' is set on object 'Object Repository/RecAndPlayBk/Page-Vlink-CC-Void/txt_TrackData'

2024-05-27 19:12:43 - [MESSAGE][PASSED] - Text '' is set on object 'Object Repository/RecAndPlayBk/Page-Vlink-CC-Void/txt_TrackData'

2024-05-27 19:12:43 - [TEST_STEP][PASSED] - click(findTestObject("Object Repository/RecAndPlayBk/Page-Vlink-CC-Void/btn_ProcessVLinkTransaction")): Object: 'Object Repository/RecAndPlayBk/Page-Vlink-CC-Void/btn_ProcessVLinkTransaction' is clicked on

2024-05-27 19:12:44 - [MESSAGE][PASSED] - Object: 'Object Repository/RecAndPlayBk/Page-Vlink-CC-Void/btn_ProcessVLinkTransaction' is clicked on

2024-05-27 19:12:44 - [TEST_STEP][PASSED] - if (verifyTextPresent("Transaction approved, no errors", true)): null

2024-05-27 19:12:44 - [MESSAGE][PASSED] - Text 'Transaction approved, no errors' is present on page  using regular expression

2024-05-27 19:12:44 - [TEST_STEP][PASSED] - println("Transaction Approved, no errors text is present on the Confirmation page"): null

2024-05-27 19:12:44 - [TEST_STEP][PASSED] - out.println("Pass Record Number: " + row): null

2024-05-27 19:12:44 - [TEST_STEP][PASSED] - resText = "Pass": null

2024-05-27 19:12:44 - [TEST_STEP][PASSED] - pages.WriteExcel.demoKey(resText, datText, resColumn, datCloumn, fileLoc, nameSheet, row): pages.WriteExcel.demoKey is PASSED

2024-05-27 19:12:45 - [MESSAGE][PASSED] - pages.WriteExcel.demoKey is PASSED]]></system-out>
         <system-err><![CDATA[]]></system-err>
      </testcase>
      <testcase name="Test Cases/RecAndPlayBk/VLink/Sale-Credit-Void" time="213.15" classname="Test Cases/RecAndPlayBk/VLink/Sale-Credit-Void" status="PASSED">
         <system-out><![CDATA[2024-05-27 19:12:45 - [TEST_CASE][PASSED] - Test Cases/RecAndPlayBk/VLink/Sale-Credit-Void: Test Cases/RecAndPlayBk/VLink/Sale-Credit-Void

2024-05-27 19:12:46 - [TEST_STEP][PASSED] - executionProfile = getExecutionProfile(): null

2024-05-27 19:12:46 - [TEST_STEP][PASSED] - out.println("executionProfile : " + executionProfile): null

2024-05-27 19:12:46 - [TEST_STEP][PASSED] - appName = <not implemented yet for class: org.codehaus.groovy.ast.expr.EmptyExpression>: null

2024-05-27 19:12:46 - [TEST_STEP][PASSED] - appID = <not implemented yet for class: org.codehaus.groovy.ast.expr.EmptyExpression>: null

2024-05-27 19:12:46 - [TEST_STEP][PASSED] - username = <not implemented yet for class: org.codehaus.groovy.ast.expr.EmptyExpression>: null

2024-05-27 19:12:46 - [TEST_STEP][PASSED] - password = <not implemented yet for class: org.codehaus.groovy.ast.expr.EmptyExpression>: null

2024-05-27 19:12:46 - [TEST_STEP][PASSED] - cardNameV = <not implemented yet for class: org.codehaus.groovy.ast.expr.EmptyExpression>: null

2024-05-27 19:12:46 - [TEST_STEP][PASSED] - al1V = <not implemented yet for class: org.codehaus.groovy.ast.expr.EmptyExpression>: null

2024-05-27 19:12:46 - [TEST_STEP][PASSED] - al2V = <not implemented yet for class: org.codehaus.groovy.ast.expr.EmptyExpression>: null

2024-05-27 19:12:46 - [TEST_STEP][PASSED] - zipV = <not implemented yet for class: org.codehaus.groovy.ast.expr.EmptyExpression>: null

2024-05-27 19:12:46 - [TEST_STEP][PASSED] - cardTypeV = <not implemented yet for class: org.codehaus.groovy.ast.expr.EmptyExpression>: null

2024-05-27 19:12:46 - [TEST_STEP][PASSED] - last4V = <not implemented yet for class: org.codehaus.groovy.ast.expr.EmptyExpression>: null

2024-05-27 19:12:46 - [TEST_STEP][PASSED] - resText = "Fail": null

2024-05-27 19:12:46 - [TEST_STEP][PASSED] - resColumn = "Result": null

2024-05-27 19:12:46 - [TEST_STEP][PASSED] - datCloumn = "Date": null

2024-05-27 19:12:46 - [TEST_STEP][PASSED] - fileLoc = "KatalonData/VLinkSmokeData.xlsx": null

2024-05-27 19:12:46 - [TEST_STEP][PASSED] - numOfRows = <not implemented yet for class: org.codehaus.groovy.ast.expr.EmptyExpression>: null

2024-05-27 19:12:46 - [TEST_STEP][PASSED] - dataFile = <not implemented yet for class: org.codehaus.groovy.ast.expr.EmptyExpression>: null

2024-05-27 19:12:46 - [TEST_STEP][PASSED] - nameSheet = <not implemented yet for class: org.codehaus.groovy.ast.expr.EmptyExpression>: null

2024-05-27 19:12:46 - [TEST_STEP][PASSED] - nameSheet = "Sale-Credit-Void": null

2024-05-27 19:12:46 - [TEST_STEP][PASSED] - numOfRows = findTestData("QA/VLinkTestData/VLinkSaleCreditVoidData").getRowNumbers(): null

2024-05-27 19:12:46 - [TEST_STEP][PASSED] - println("Number of Records: " + numOfRows): null

2024-05-27 19:12:46 - [TEST_STEP][PASSED] - dataFile = "QA/VLinkTestData/VLinkSaleCreditVoidData": null

2024-05-27 19:12:46 - [TEST_STEP][PASSED] - for ([row = 1, row <= numOfRows, (row++)]): null

2024-05-27 19:12:46 - [TEST_STEP][PASSED] - ExecuteTC = findTestData(dataFile).getValue("Execute", row): null

2024-05-27 19:12:46 - [TEST_STEP][PASSED] - out.println("Value of Execute is : " + ExecuteTC): null

2024-05-27 19:12:46 - [TEST_STEP][PASSED] - switch (executionProfile): null

2024-05-27 19:12:46 - [TEST_STEP][PASSED] - case "DemoProfile":: null

2024-05-27 19:12:46 - [TEST_STEP][PASSED] - appID = findTestData(dataFile).getValue("AppIDDemo", row): null

2024-05-27 19:12:46 - [TEST_STEP][PASSED] - username = findTestData(dataFile).getValue("UsernameDemo", row): null

2024-05-27 19:12:46 - [TEST_STEP][PASSED] - password = findTestData(dataFile).getValue("PasswordDemo", row): null

2024-05-27 19:12:46 - [TEST_STEP][PASSED] - break: null

2024-05-27 19:12:46 - [TEST_STEP][PASSED] - if (ExecuteTC.equalsIgnoreCase("Y")): null

2024-05-27 19:12:46 - [TEST_STEP][PASSED] - out.println("Begin Record Number: " + row): null

2024-05-27 19:12:46 - [TEST_STEP][PASSED] - today = new java.util.Date(): null

2024-05-27 19:12:46 - [TEST_STEP][PASSED] - println(today): null

2024-05-27 19:12:46 - [TEST_STEP][PASSED] - datText = today: null

2024-05-27 19:12:46 - [TEST_STEP][PASSED] - category = findTestData(dataFile).getValue("Category", row): null

2024-05-27 19:12:46 - [TEST_STEP][PASSED] - amount = findTestData(dataFile).getValue("Amount", row): null

2024-05-27 19:12:46 - [TEST_STEP][PASSED] - cardNumber = findTestData(dataFile).getValue("CardNumber", row): null

2024-05-27 19:12:46 - [TEST_STEP][PASSED] - exM = findTestData(dataFile).getValue("ExM", row): null

2024-05-27 19:12:46 - [TEST_STEP][PASSED] - exY = findTestData(dataFile).getValue("ExY", row): null

2024-05-27 19:12:47 - [TEST_STEP][PASSED] - openBrowser(VLinkURL + "authcap.html"): Browser is opened with url: 'https://dev-algorithm.govolution.com/vlinktest/demo/version_2_0/authcap.html'

2024-05-27 19:12:47 - [MESSAGE][WARNING] - A browser is already opened. Closing browser and opening a new one

2024-05-27 19:12:48 - [MESSAGE][INFO] - Starting 'Chrome' driver

2024-05-27 19:12:48 - [MESSAGE][INFO] - User set preference: ['acceptInsecureCerts', 'true']

2024-05-27 19:12:48 - [MESSAGE][INFO] - Action delay is set to 0 milliseconds

2024-05-27 19:12:50 - [MESSAGE][PASSED] - Browser is opened with url: 'https://dev-algorithm.govolution.com/vlinktest/demo/version_2_0/authcap.html'

2024-05-27 19:12:50 - [TEST_STEP][PASSED] - maximizeWindow(): Current window maximized

2024-05-27 19:12:50 - [MESSAGE][PASSED] - Current window maximized

2024-05-27 19:12:50 - [TEST_STEP][PASSED] - maximizeWindow(): Current window maximized

2024-05-27 19:12:50 - [MESSAGE][PASSED] - Current window maximized

2024-05-27 19:12:50 - [TEST_STEP][PASSED] - genRemID = RandomStringUtils.random(12, true, true): null

2024-05-27 19:12:50 - [TEST_STEP][PASSED] - setText(findTestObject("Object Repository/RecAndPlayBk/Page-Vlink-Sale/input_Remittance Id_remittance_id"), genRemID): Text 'lOWRMWmSEIAS' is set on object 'Object Repository/RecAndPlayBk/Page-Vlink-Sale/input_Remittance Id_remittance_id'

2024-05-27 19:12:51 - [MESSAGE][PASSED] - Text 'lOWRMWmSEIAS' is set on object 'Object Repository/RecAndPlayBk/Page-Vlink-Sale/input_Remittance Id_remittance_id'

2024-05-27 19:12:51 - [TEST_STEP][PASSED] - setText(findTestObject("Object Repository/RecAndPlayBk/Page-Vlink-Sale/input_Application Id_application_id"), appID): Text '1773' is set on object 'Object Repository/RecAndPlayBk/Page-Vlink-Sale/input_Application Id_application_id'

2024-05-27 19:12:52 - [MESSAGE][PASSED] - Text '1773' is set on object 'Object Repository/RecAndPlayBk/Page-Vlink-Sale/input_Application Id_application_id'

2024-05-27 19:12:52 - [TEST_STEP][PASSED] - setText(findTestObject("Object Repository/RecAndPlayBk/Page-Vlink-Sale/input_Username_username"), username): Text 'Qq2BV1qtr' is set on object 'Object Repository/RecAndPlayBk/Page-Vlink-Sale/input_Username_username'

2024-05-27 19:12:52 - [MESSAGE][PASSED] - Text 'Qq2BV1qtr' is set on object 'Object Repository/RecAndPlayBk/Page-Vlink-Sale/input_Username_username'

2024-05-27 19:12:52 - [TEST_STEP][PASSED] - setText(findTestObject("Object Repository/RecAndPlayBk/Page-Vlink-Sale/input_Password_password"), password): Text 'tUmWBiLUx' is set on object 'Object Repository/RecAndPlayBk/Page-Vlink-Sale/input_Password_password'

2024-05-27 19:12:53 - [MESSAGE][PASSED] - Text 'tUmWBiLUx' is set on object 'Object Repository/RecAndPlayBk/Page-Vlink-Sale/input_Password_password'

2024-05-27 19:12:53 - [TEST_STEP][PASSED] - setText(findTestObject("Object Repository/RecAndPlayBk/Page-Vlink-Sale/input_Category_category"), category): Text 'ECOM' is set on object 'Object Repository/RecAndPlayBk/Page-Vlink-Sale/input_Category_category'

2024-05-27 19:12:54 - [MESSAGE][PASSED] - Text 'ECOM' is set on object 'Object Repository/RecAndPlayBk/Page-Vlink-Sale/input_Category_category'

2024-05-27 19:12:54 - [TEST_STEP][PASSED] - setText(findTestObject("Object Repository/RecAndPlayBk/Page-Vlink-Sale/input_Amount_amount"), amount): Text '10.5' is set on object 'Object Repository/RecAndPlayBk/Page-Vlink-Sale/input_Amount_amount'

2024-05-27 19:12:54 - [MESSAGE][PASSED] - Text '10.5' is set on object 'Object Repository/RecAndPlayBk/Page-Vlink-Sale/input_Amount_amount'

2024-05-27 19:12:54 - [TEST_STEP][PASSED] - doubleClick(findTestObject("Object Repository/RecAndPlayBk/Page-Vlink-Sale/input_Card number_card_number")): Object: 'Object Repository/RecAndPlayBk/Page-Vlink-Sale/input_Card number_card_number' is double clicked on

2024-05-27 19:12:55 - [MESSAGE][PASSED] - Object: 'Object Repository/RecAndPlayBk/Page-Vlink-Sale/input_Card number_card_number' is double clicked on

2024-05-27 19:12:55 - [TEST_STEP][PASSED] - setText(findTestObject("Object Repository/RecAndPlayBk/Page-Vlink-Sale/input_Card number_card_number"), cardNumber): Text '4111111111111111' is set on object 'Object Repository/RecAndPlayBk/Page-Vlink-Sale/input_Card number_card_number'

2024-05-27 19:12:56 - [MESSAGE][PASSED] - Text '4111111111111111' is set on object 'Object Repository/RecAndPlayBk/Page-Vlink-Sale/input_Card number_card_number'

2024-05-27 19:12:56 - [TEST_STEP][PASSED] - setText(findTestObject("Object Repository/RecAndPlayBk/Page-Vlink-Sale/input_Card ex month_card_exmo"), exM): Text '12' is set on object 'Object Repository/RecAndPlayBk/Page-Vlink-Sale/input_Card ex month_card_exmo'

2024-05-27 19:12:56 - [MESSAGE][PASSED] - Text '12' is set on object 'Object Repository/RecAndPlayBk/Page-Vlink-Sale/input_Card ex month_card_exmo'

2024-05-27 19:12:56 - [TEST_STEP][PASSED] - setText(findTestObject("Object Repository/RecAndPlayBk/Page-Vlink-Sale/input_Card ex year_card_exyr"), exY): Text '2029' is set on object 'Object Repository/RecAndPlayBk/Page-Vlink-Sale/input_Card ex year_card_exyr'

2024-05-27 19:12:57 - [MESSAGE][PASSED] - Text '2029' is set on object 'Object Repository/RecAndPlayBk/Page-Vlink-Sale/input_Card ex year_card_exyr'

2024-05-27 19:12:57 - [TEST_STEP][PASSED] - click(findTestObject("Object Repository/RecAndPlayBk/Page-Vlink-Sale/input_Track Data_track_data")): Object: 'Object Repository/RecAndPlayBk/Page-Vlink-Sale/input_Track Data_track_data' is clicked on

2024-05-27 19:12:58 - [MESSAGE][PASSED] - Object: 'Object Repository/RecAndPlayBk/Page-Vlink-Sale/input_Track Data_track_data' is clicked on

2024-05-27 19:12:58 - [TEST_STEP][PASSED] - click(findTestObject("Object Repository/RecAndPlayBk/Page-Vlink-Sale/input_CVV state_cvv_state")): Object: 'Object Repository/RecAndPlayBk/Page-Vlink-Sale/input_CVV state_cvv_state' is clicked on

2024-05-27 19:12:58 - [MESSAGE][PASSED] - Object: 'Object Repository/RecAndPlayBk/Page-Vlink-Sale/input_CVV state_cvv_state' is clicked on

2024-05-27 19:12:58 - [TEST_STEP][PASSED] - setText(findTestObject("Object Repository/RecAndPlayBk/Page-Vlink-Sale/input_Track Data_track_data"), ""): Text '' is set on object 'Object Repository/RecAndPlayBk/Page-Vlink-Sale/input_Track Data_track_data'

2024-05-27 19:12:59 - [MESSAGE][PASSED] - Text '' is set on object 'Object Repository/RecAndPlayBk/Page-Vlink-Sale/input_Track Data_track_data'

2024-05-27 19:12:59 - [TEST_STEP][PASSED] - setText(findTestObject("Object Repository/RecAndPlayBk/Page-Vlink-Sale/input_concat(Cardholder, , s email)_email"), ""): Text '' is set on object 'Object Repository/RecAndPlayBk/Page-Vlink-Sale/input_concat(Cardholder, , s email)_email'

2024-05-27 19:13:00 - [MESSAGE][PASSED] - Text '' is set on object 'Object Repository/RecAndPlayBk/Page-Vlink-Sale/input_concat(Cardholder, , s email)_email'

2024-05-27 19:13:00 - [TEST_STEP][PASSED] - click(findTestObject("Object Repository/RecAndPlayBk/Page-Vlink-Sale/input_user_defined10_user_defined10")): Object: 'Object Repository/RecAndPlayBk/Page-Vlink-Sale/input_user_defined10_user_defined10' is clicked on

2024-05-27 19:13:00 - [MESSAGE][PASSED] - Object: 'Object Repository/RecAndPlayBk/Page-Vlink-Sale/input_user_defined10_user_defined10' is clicked on

2024-05-27 19:13:00 - [TEST_STEP][PASSED] - if (executionProfile.equalsIgnoreCase("QAProfile") || executionProfile.equalsIgnoreCase("DemoProfile")): Text '' is set on object 'Object Repository/RecAndPlayBk/Page-Vlink-Sale/input_COF Transaction Initiated by_cof_tran_6cded5'

2024-05-27 19:13:00 - [TEST_STEP][PASSED] - setText(findTestObject("Object Repository/RecAndPlayBk/Page-Vlink-Sale/input_Card on File Indicator_card_on_file_i_157dae"), ""): Text '' is set on object 'Object Repository/RecAndPlayBk/Page-Vlink-Sale/input_Card on File Indicator_card_on_file_i_157dae'

2024-05-27 19:13:01 - [MESSAGE][PASSED] - Text '' is set on object 'Object Repository/RecAndPlayBk/Page-Vlink-Sale/input_Card on File Indicator_card_on_file_i_157dae'

2024-05-27 19:13:01 - [TEST_STEP][PASSED] - setText(findTestObject("Object Repository/RecAndPlayBk/Page-Vlink-Sale/input_Stored Credential Indicator_stored_cr_4ae73c"), ""): Text '' is set on object 'Object Repository/RecAndPlayBk/Page-Vlink-Sale/input_Stored Credential Indicator_stored_cr_4ae73c'

2024-05-27 19:13:02 - [MESSAGE][PASSED] - Text '' is set on object 'Object Repository/RecAndPlayBk/Page-Vlink-Sale/input_Stored Credential Indicator_stored_cr_4ae73c'

2024-05-27 19:13:02 - [TEST_STEP][PASSED] - setText(findTestObject("Object Repository/RecAndPlayBk/Page-Vlink-Sale/input_COF Scheduled indicator_cof_scheduled_8df7d8"), ""): Text '' is set on object 'Object Repository/RecAndPlayBk/Page-Vlink-Sale/input_COF Scheduled indicator_cof_scheduled_8df7d8'

2024-05-27 19:13:03 - [MESSAGE][PASSED] - Text '' is set on object 'Object Repository/RecAndPlayBk/Page-Vlink-Sale/input_COF Scheduled indicator_cof_scheduled_8df7d8'

2024-05-27 19:13:03 - [TEST_STEP][PASSED] - setText(findTestObject("Object Repository/RecAndPlayBk/Page-Vlink-Sale/input_COF Transaction Initiated by_cof_tran_6cded5"), ""): Text '' is set on object 'Object Repository/RecAndPlayBk/Page-Vlink-Sale/input_COF Transaction Initiated by_cof_tran_6cded5'

2024-05-27 19:13:03 - [MESSAGE][PASSED] - Text '' is set on object 'Object Repository/RecAndPlayBk/Page-Vlink-Sale/input_COF Transaction Initiated by_cof_tran_6cded5'

2024-05-27 19:13:03 - [TEST_STEP][PASSED] - click(findTestObject("Object Repository/RecAndPlayBk/Page-Vlink-Sale/input")): Object: 'Object Repository/RecAndPlayBk/Page-Vlink-Sale/input' is clicked on

2024-05-27 19:13:04 - [MESSAGE][PASSED] - Object: 'Object Repository/RecAndPlayBk/Page-Vlink-Sale/input' is clicked on

2024-05-27 19:13:04 - [TEST_STEP][PASSED] - if (verifyTextPresent("Transaction approved, no errors", true)): null

2024-05-27 19:13:04 - [MESSAGE][PASSED] - Text 'Transaction approved, no errors' is present on page  using regular expression

2024-05-27 19:13:04 - [TEST_STEP][PASSED] - println("Transaction Approved, no errors text is present on the Confirmation page"): null

2024-05-27 19:13:04 - [TEST_STEP][PASSED] - sdfo = getText(findTestObject("Object Repository/Page_VLinkReceipt/pre_STX")): Text of object 'Object Repository/Page_VLinkReceipt/pre_STX' is: '<STX>lOWRMWmSEIAS                  2967787             0  Transaction approved, no errors                   0                                                                                  Y 338174643<ETX>'

2024-05-27 19:13:05 - [MESSAGE][PASSED] - Text of object 'Object Repository/Page_VLinkReceipt/pre_STX' is: '<STX>lOWRMWmSEIAS                  2967787             0  Transaction approved, no errors                   0                                                                                  Y 338174643<ETX>'

2024-05-27 19:13:05 - [TEST_STEP][PASSED] - out.println("sdfo: " + sdfo): null

2024-05-27 19:13:05 - [TEST_STEP][PASSED] - remID = substring(5, 35).trim(): null

2024-05-27 19:13:05 - [TEST_STEP][PASSED] - out.println("remID: " + remID): null

2024-05-27 19:13:05 - [TEST_STEP][PASSED] - traxID = substring(35, 55).trim(): null

2024-05-27 19:13:05 - [TEST_STEP][PASSED] - out.println("traxID: " + traxID): null

2024-05-27 19:13:05 - [TEST_STEP][PASSED] - VLinkSaleRemID = remID: null

2024-05-27 19:13:05 - [TEST_STEP][PASSED] - VLinkSaleTranxID = traxID: null

2024-05-27 19:13:05 - [TEST_STEP][PASSED] - openBrowser(VLinkURL + "CC_credit.html"): Browser is opened with url: 'https://dev-algorithm.govolution.com/vlinktest/demo/version_2_0/CC_credit.html'

2024-05-27 19:13:05 - [MESSAGE][WARNING] - A browser is already opened. Closing browser and opening a new one

2024-05-27 19:13:06 - [MESSAGE][INFO] - Starting 'Chrome' driver

2024-05-27 19:13:06 - [MESSAGE][INFO] - User set preference: ['acceptInsecureCerts', 'true']

2024-05-27 19:13:06 - [MESSAGE][INFO] - Action delay is set to 0 milliseconds

2024-05-27 19:13:08 - [MESSAGE][PASSED] - Browser is opened with url: 'https://dev-algorithm.govolution.com/vlinktest/demo/version_2_0/CC_credit.html'

2024-05-27 19:13:08 - [TEST_STEP][PASSED] - maximizeWindow(): Current window maximized

2024-05-27 19:13:08 - [MESSAGE][PASSED] - Current window maximized

2024-05-27 19:13:08 - [TEST_STEP][PASSED] - setText(findTestObject("Object Repository/RecAndPlayBk/Page-Vlink-CC-Credit/input_Remittance Id"), VLinkSaleRemID): Text 'lOWRMWmSEIAS' is set on object 'Object Repository/RecAndPlayBk/Page-Vlink-CC-Credit/input_Remittance Id'

2024-05-27 19:13:09 - [MESSAGE][PASSED] - Text 'lOWRMWmSEIAS' is set on object 'Object Repository/RecAndPlayBk/Page-Vlink-CC-Credit/input_Remittance Id'

2024-05-27 19:13:09 - [TEST_STEP][PASSED] - setText(findTestObject("Object Repository/RecAndPlayBk/Page-Vlink-CC-Credit/input_Application Id"), appID): Text '1773' is set on object 'Object Repository/RecAndPlayBk/Page-Vlink-CC-Credit/input_Application Id'

2024-05-27 19:13:10 - [MESSAGE][PASSED] - Text '1773' is set on object 'Object Repository/RecAndPlayBk/Page-Vlink-CC-Credit/input_Application Id'

2024-05-27 19:13:10 - [TEST_STEP][PASSED] - setText(findTestObject("Object Repository/RecAndPlayBk/Page-Vlink-CC-Credit/input_Username"), username): Text 'Qq2BV1qtr' is set on object 'Object Repository/RecAndPlayBk/Page-Vlink-CC-Credit/input_Username'

2024-05-27 19:13:10 - [MESSAGE][PASSED] - Text 'Qq2BV1qtr' is set on object 'Object Repository/RecAndPlayBk/Page-Vlink-CC-Credit/input_Username'

2024-05-27 19:13:10 - [TEST_STEP][PASSED] - setText(findTestObject("Object Repository/RecAndPlayBk/Page-Vlink-CC-Credit/input_Password"), password): Text 'tUmWBiLUx' is set on object 'Object Repository/RecAndPlayBk/Page-Vlink-CC-Credit/input_Password'

2024-05-27 19:13:11 - [MESSAGE][PASSED] - Text 'tUmWBiLUx' is set on object 'Object Repository/RecAndPlayBk/Page-Vlink-CC-Credit/input_Password'

2024-05-27 19:13:11 - [TEST_STEP][PASSED] - setText(findTestObject("Object Repository/RecAndPlayBk/Page-Vlink-CC-Credit/input_Transaction ID"), VLinkSaleTranxID): Text '2967787' is set on object 'Object Repository/RecAndPlayBk/Page-Vlink-CC-Credit/input_Transaction ID'

2024-05-27 19:13:12 - [MESSAGE][PASSED] - Text '2967787' is set on object 'Object Repository/RecAndPlayBk/Page-Vlink-CC-Credit/input_Transaction ID'

2024-05-27 19:13:12 - [TEST_STEP][PASSED] - setText(findTestObject("Object Repository/RecAndPlayBk/Page-Vlink-CC-Credit/input_Amount"), amount): Text '10.5' is set on object 'Object Repository/RecAndPlayBk/Page-Vlink-CC-Credit/input_Amount'

2024-05-27 19:13:13 - [MESSAGE][PASSED] - Text '10.5' is set on object 'Object Repository/RecAndPlayBk/Page-Vlink-CC-Credit/input_Amount'

2024-05-27 19:13:13 - [TEST_STEP][PASSED] - setText(findTestObject("Object Repository/RecAndPlayBk/Page-Vlink-CC-Credit/input_Card number"), ""): Text '' is set on object 'Object Repository/RecAndPlayBk/Page-Vlink-CC-Credit/input_Card number'

2024-05-27 19:13:14 - [MESSAGE][PASSED] - Text '' is set on object 'Object Repository/RecAndPlayBk/Page-Vlink-CC-Credit/input_Card number'

2024-05-27 19:13:14 - [TEST_STEP][PASSED] - setText(findTestObject("Object Repository/RecAndPlayBk/Page-Vlink-CC-Credit/input_Card ex month"), ""): Text '' is set on object 'Object Repository/RecAndPlayBk/Page-Vlink-CC-Credit/input_Card ex month'

2024-05-27 19:13:14 - [MESSAGE][PASSED] - Text '' is set on object 'Object Repository/RecAndPlayBk/Page-Vlink-CC-Credit/input_Card ex month'

2024-05-27 19:13:14 - [TEST_STEP][PASSED] - setText(findTestObject("Object Repository/RecAndPlayBk/Page-Vlink-CC-Credit/input_Card ex year"), ""): Text '' is set on object 'Object Repository/RecAndPlayBk/Page-Vlink-CC-Credit/input_Card ex year'

2024-05-27 19:13:15 - [MESSAGE][PASSED] - Text '' is set on object 'Object Repository/RecAndPlayBk/Page-Vlink-CC-Credit/input_Card ex year'

2024-05-27 19:13:15 - [TEST_STEP][PASSED] - setText(findTestObject("Object Repository/RecAndPlayBk/Page-Vlink-CC-Credit/input_Track Data"), ""): Text '' is set on object 'Object Repository/RecAndPlayBk/Page-Vlink-CC-Credit/input_Track Data'

2024-05-27 19:13:16 - [MESSAGE][PASSED] - Text '' is set on object 'Object Repository/RecAndPlayBk/Page-Vlink-CC-Credit/input_Track Data'

2024-05-27 19:13:16 - [TEST_STEP][PASSED] - setText(findTestObject("Object Repository/RecAndPlayBk/Page-Vlink-CC-Credit/input_Category Code"), category): Text 'ECOM' is set on object 'Object Repository/RecAndPlayBk/Page-Vlink-CC-Credit/input_Category Code'

2024-05-27 19:13:16 - [MESSAGE][PASSED] - Text 'ECOM' is set on object 'Object Repository/RecAndPlayBk/Page-Vlink-CC-Credit/input_Category Code'

2024-05-27 19:13:16 - [TEST_STEP][PASSED] - click(findTestObject("Object Repository/RecAndPlayBk/Page-Vlink-CC-Credit/input")): Object: 'Object Repository/RecAndPlayBk/Page-Vlink-CC-Credit/input' is clicked on

2024-05-27 19:13:17 - [MESSAGE][PASSED] - Object: 'Object Repository/RecAndPlayBk/Page-Vlink-CC-Credit/input' is clicked on

2024-05-27 19:13:17 - [TEST_STEP][PASSED] - if (verifyTextPresent("Transaction approved, no errors", true)): null

2024-05-27 19:13:18 - [MESSAGE][PASSED] - Text 'Transaction approved, no errors' is present on page  using regular expression

2024-05-27 19:13:18 - [TEST_STEP][PASSED] - sdfo = getText(findTestObject("Object Repository/Page_VLinkReceipt/pre_STX")): Text of object 'Object Repository/Page_VLinkReceipt/pre_STX' is: '<STX>lOWRMWmSEIAS                  2967788             0  Transaction approved, no errors                   0                                                                                             <ETX>'

2024-05-27 19:13:18 - [MESSAGE][PASSED] - Text of object 'Object Repository/Page_VLinkReceipt/pre_STX' is: '<STX>lOWRMWmSEIAS                  2967788             0  Transaction approved, no errors                   0                                                                                             <ETX>'

2024-05-27 19:13:18 - [TEST_STEP][PASSED] - out.println("sdfo: " + sdfo): null

2024-05-27 19:13:18 - [TEST_STEP][PASSED] - remID = substring(5, 35).trim(): null

2024-05-27 19:13:18 - [TEST_STEP][PASSED] - out.println("remID: " + remID): null

2024-05-27 19:13:18 - [TEST_STEP][PASSED] - traxID = substring(35, 55).trim(): null

2024-05-27 19:13:18 - [TEST_STEP][PASSED] - out.println("traxID: " + traxID): null

2024-05-27 19:13:18 - [TEST_STEP][PASSED] - VLinkSaleRemID = remID: null

2024-05-27 19:13:18 - [TEST_STEP][PASSED] - VLinkSaleTranxID = traxID: null

2024-05-27 19:13:18 - [TEST_STEP][PASSED] - openBrowser(VLinkURL + "CC_void.html"): Browser is opened with url: 'https://dev-algorithm.govolution.com/vlinktest/demo/version_2_0/CC_void.html'

2024-05-27 19:13:18 - [MESSAGE][WARNING] - A browser is already opened. Closing browser and opening a new one

2024-05-27 19:13:19 - [MESSAGE][INFO] - Starting 'Chrome' driver

2024-05-27 19:13:19 - [MESSAGE][INFO] - User set preference: ['acceptInsecureCerts', 'true']

2024-05-27 19:13:19 - [MESSAGE][INFO] - Action delay is set to 0 milliseconds

2024-05-27 19:13:21 - [MESSAGE][PASSED] - Browser is opened with url: 'https://dev-algorithm.govolution.com/vlinktest/demo/version_2_0/CC_void.html'

2024-05-27 19:13:21 - [TEST_STEP][PASSED] - maximizeWindow(): Current window maximized

2024-05-27 19:13:21 - [MESSAGE][PASSED] - Current window maximized

2024-05-27 19:13:21 - [TEST_STEP][PASSED] - setText(findTestObject("Object Repository/RecAndPlayBk/Page-Vlink-CC-Void/txt_RemID"), VLinkSaleRemID): Text 'lOWRMWmSEIAS' is set on object 'Object Repository/RecAndPlayBk/Page-Vlink-CC-Void/txt_RemID'

2024-05-27 19:13:22 - [MESSAGE][PASSED] - Text 'lOWRMWmSEIAS' is set on object 'Object Repository/RecAndPlayBk/Page-Vlink-CC-Void/txt_RemID'

2024-05-27 19:13:22 - [TEST_STEP][PASSED] - setText(findTestObject("Object Repository/RecAndPlayBk/Page-Vlink-CC-Void/txt_ApplicationID"), appID): Text '1773' is set on object 'Object Repository/RecAndPlayBk/Page-Vlink-CC-Void/txt_ApplicationID'

2024-05-27 19:13:23 - [MESSAGE][PASSED] - Text '1773' is set on object 'Object Repository/RecAndPlayBk/Page-Vlink-CC-Void/txt_ApplicationID'

2024-05-27 19:13:23 - [TEST_STEP][PASSED] - setText(findTestObject("Object Repository/RecAndPlayBk/Page-Vlink-CC-Void/txt_Username"), username): Text 'Qq2BV1qtr' is set on object 'Object Repository/RecAndPlayBk/Page-Vlink-CC-Void/txt_Username'

2024-05-27 19:13:23 - [MESSAGE][PASSED] - Text 'Qq2BV1qtr' is set on object 'Object Repository/RecAndPlayBk/Page-Vlink-CC-Void/txt_Username'

2024-05-27 19:13:23 - [TEST_STEP][PASSED] - setText(findTestObject("Object Repository/RecAndPlayBk/Page-Vlink-CC-Void/txt_Password"), password): Text 'tUmWBiLUx' is set on object 'Object Repository/RecAndPlayBk/Page-Vlink-CC-Void/txt_Password'

2024-05-27 19:13:24 - [MESSAGE][PASSED] - Text 'tUmWBiLUx' is set on object 'Object Repository/RecAndPlayBk/Page-Vlink-CC-Void/txt_Password'

2024-05-27 19:13:24 - [TEST_STEP][PASSED] - setText(findTestObject("Object Repository/RecAndPlayBk/Page-Vlink-CC-Void/txt_TransactionID"), VLinkSaleTranxID): Text '2967788' is set on object 'Object Repository/RecAndPlayBk/Page-Vlink-CC-Void/txt_TransactionID'

2024-05-27 19:13:25 - [MESSAGE][PASSED] - Text '2967788' is set on object 'Object Repository/RecAndPlayBk/Page-Vlink-CC-Void/txt_TransactionID'

2024-05-27 19:13:25 - [TEST_STEP][PASSED] - setText(findTestObject("Object Repository/RecAndPlayBk/Page-Vlink-CC-Void/txt_OriginalTransactionType"), "104"): Text '104' is set on object 'Object Repository/RecAndPlayBk/Page-Vlink-CC-Void/txt_OriginalTransactionType'

2024-05-27 19:13:25 - [MESSAGE][PASSED] - Text '104' is set on object 'Object Repository/RecAndPlayBk/Page-Vlink-CC-Void/txt_OriginalTransactionType'

2024-05-27 19:13:25 - [TEST_STEP][PASSED] - setText(findTestObject("Object Repository/RecAndPlayBk/Page-Vlink-CC-Void/txt_TrackData"), ""): Text '' is set on object 'Object Repository/RecAndPlayBk/Page-Vlink-CC-Void/txt_TrackData'

2024-05-27 19:13:26 - [MESSAGE][PASSED] - Text '' is set on object 'Object Repository/RecAndPlayBk/Page-Vlink-CC-Void/txt_TrackData'

2024-05-27 19:13:26 - [TEST_STEP][PASSED] - click(findTestObject("Object Repository/RecAndPlayBk/Page-Vlink-CC-Void/btn_ProcessVLinkTransaction")): Object: 'Object Repository/RecAndPlayBk/Page-Vlink-CC-Void/btn_ProcessVLinkTransaction' is clicked on

2024-05-27 19:13:27 - [MESSAGE][PASSED] - Object: 'Object Repository/RecAndPlayBk/Page-Vlink-CC-Void/btn_ProcessVLinkTransaction' is clicked on

2024-05-27 19:13:27 - [TEST_STEP][PASSED] - if (verifyTextPresent("Transaction approved, no errors", true)): null

2024-05-27 19:13:27 - [MESSAGE][PASSED] - Text 'Transaction approved, no errors' is present on page  using regular expression

2024-05-27 19:13:27 - [TEST_STEP][PASSED] - println("Transaction Approved, no errors text is present on the Confirmation page"): null

2024-05-27 19:13:27 - [TEST_STEP][PASSED] - out.println("Pass Record Number: " + row): null

2024-05-27 19:13:27 - [TEST_STEP][PASSED] - resText = "Pass": null

2024-05-27 19:13:27 - [TEST_STEP][PASSED] - pages.WriteExcel.demoKey(resText, datText, resColumn, datCloumn, fileLoc, nameSheet, row): pages.WriteExcel.demoKey is PASSED

2024-05-27 19:13:28 - [MESSAGE][PASSED] - pages.WriteExcel.demoKey is PASSED

2024-05-27 19:13:28 - [TEST_STEP][PASSED] - ExecuteTC = findTestData(dataFile).getValue("Execute", row): null

2024-05-27 19:13:28 - [TEST_STEP][PASSED] - out.println("Value of Execute is : " + ExecuteTC): null

2024-05-27 19:13:28 - [TEST_STEP][PASSED] - switch (executionProfile): null

2024-05-27 19:13:28 - [TEST_STEP][PASSED] - case "DemoProfile":: null

2024-05-27 19:13:28 - [TEST_STEP][PASSED] - appID = findTestData(dataFile).getValue("AppIDDemo", row): null

2024-05-27 19:13:28 - [TEST_STEP][PASSED] - username = findTestData(dataFile).getValue("UsernameDemo", row): null

2024-05-27 19:13:28 - [TEST_STEP][PASSED] - password = findTestData(dataFile).getValue("PasswordDemo", row): null

2024-05-27 19:13:28 - [TEST_STEP][PASSED] - break: null

2024-05-27 19:13:28 - [TEST_STEP][PASSED] - if (ExecuteTC.equalsIgnoreCase("Y")): null

2024-05-27 19:13:28 - [TEST_STEP][PASSED] - out.println("Begin Record Number: " + row): null

2024-05-27 19:13:28 - [TEST_STEP][PASSED] - today = new java.util.Date(): null

2024-05-27 19:13:28 - [TEST_STEP][PASSED] - println(today): null

2024-05-27 19:13:28 - [TEST_STEP][PASSED] - datText = today: null

2024-05-27 19:13:28 - [TEST_STEP][PASSED] - category = findTestData(dataFile).getValue("Category", row): null

2024-05-27 19:13:28 - [TEST_STEP][PASSED] - amount = findTestData(dataFile).getValue("Amount", row): null

2024-05-27 19:13:28 - [TEST_STEP][PASSED] - cardNumber = findTestData(dataFile).getValue("CardNumber", row): null

2024-05-27 19:13:28 - [TEST_STEP][PASSED] - exM = findTestData(dataFile).getValue("ExM", row): null

2024-05-27 19:13:28 - [TEST_STEP][PASSED] - exY = findTestData(dataFile).getValue("ExY", row): null

2024-05-27 19:13:28 - [TEST_STEP][PASSED] - openBrowser(VLinkURL + "authcap.html"): Browser is opened with url: 'https://dev-algorithm.govolution.com/vlinktest/demo/version_2_0/authcap.html'

2024-05-27 19:13:28 - [MESSAGE][WARNING] - A browser is already opened. Closing browser and opening a new one

2024-05-27 19:13:30 - [MESSAGE][INFO] - Starting 'Chrome' driver

2024-05-27 19:13:30 - [MESSAGE][INFO] - User set preference: ['acceptInsecureCerts', 'true']

2024-05-27 19:13:30 - [MESSAGE][INFO] - Action delay is set to 0 milliseconds

2024-05-27 19:13:32 - [MESSAGE][PASSED] - Browser is opened with url: 'https://dev-algorithm.govolution.com/vlinktest/demo/version_2_0/authcap.html'

2024-05-27 19:13:32 - [TEST_STEP][PASSED] - maximizeWindow(): Current window maximized

2024-05-27 19:13:32 - [MESSAGE][PASSED] - Current window maximized

2024-05-27 19:13:32 - [TEST_STEP][PASSED] - maximizeWindow(): Current window maximized

2024-05-27 19:13:32 - [MESSAGE][PASSED] - Current window maximized

2024-05-27 19:13:32 - [TEST_STEP][PASSED] - genRemID = RandomStringUtils.random(12, true, true): null

2024-05-27 19:13:32 - [TEST_STEP][PASSED] - setText(findTestObject("Object Repository/RecAndPlayBk/Page-Vlink-Sale/input_Remittance Id_remittance_id"), genRemID): Text '0cD4MRnfFKdf' is set on object 'Object Repository/RecAndPlayBk/Page-Vlink-Sale/input_Remittance Id_remittance_id'

2024-05-27 19:13:33 - [MESSAGE][PASSED] - Text '0cD4MRnfFKdf' is set on object 'Object Repository/RecAndPlayBk/Page-Vlink-Sale/input_Remittance Id_remittance_id'

2024-05-27 19:13:33 - [TEST_STEP][PASSED] - setText(findTestObject("Object Repository/RecAndPlayBk/Page-Vlink-Sale/input_Application Id_application_id"), appID): Text '1773' is set on object 'Object Repository/RecAndPlayBk/Page-Vlink-Sale/input_Application Id_application_id'

2024-05-27 19:13:33 - [MESSAGE][PASSED] - Text '1773' is set on object 'Object Repository/RecAndPlayBk/Page-Vlink-Sale/input_Application Id_application_id'

2024-05-27 19:13:33 - [TEST_STEP][PASSED] - setText(findTestObject("Object Repository/RecAndPlayBk/Page-Vlink-Sale/input_Username_username"), username): Text 'Qq2BV1qtr' is set on object 'Object Repository/RecAndPlayBk/Page-Vlink-Sale/input_Username_username'

2024-05-27 19:13:34 - [MESSAGE][PASSED] - Text 'Qq2BV1qtr' is set on object 'Object Repository/RecAndPlayBk/Page-Vlink-Sale/input_Username_username'

2024-05-27 19:13:34 - [TEST_STEP][PASSED] - setText(findTestObject("Object Repository/RecAndPlayBk/Page-Vlink-Sale/input_Password_password"), password): Text 'tUmWBiLUx' is set on object 'Object Repository/RecAndPlayBk/Page-Vlink-Sale/input_Password_password'

2024-05-27 19:13:35 - [MESSAGE][PASSED] - Text 'tUmWBiLUx' is set on object 'Object Repository/RecAndPlayBk/Page-Vlink-Sale/input_Password_password'

2024-05-27 19:13:35 - [TEST_STEP][PASSED] - setText(findTestObject("Object Repository/RecAndPlayBk/Page-Vlink-Sale/input_Category_category"), category): Text 'MOTO' is set on object 'Object Repository/RecAndPlayBk/Page-Vlink-Sale/input_Category_category'

2024-05-27 19:13:35 - [MESSAGE][PASSED] - Text 'MOTO' is set on object 'Object Repository/RecAndPlayBk/Page-Vlink-Sale/input_Category_category'

2024-05-27 19:13:35 - [TEST_STEP][PASSED] - setText(findTestObject("Object Repository/RecAndPlayBk/Page-Vlink-Sale/input_Amount_amount"), amount): Text '10.5' is set on object 'Object Repository/RecAndPlayBk/Page-Vlink-Sale/input_Amount_amount'

2024-05-27 19:13:36 - [MESSAGE][PASSED] - Text '10.5' is set on object 'Object Repository/RecAndPlayBk/Page-Vlink-Sale/input_Amount_amount'

2024-05-27 19:13:36 - [TEST_STEP][PASSED] - doubleClick(findTestObject("Object Repository/RecAndPlayBk/Page-Vlink-Sale/input_Card number_card_number")): Object: 'Object Repository/RecAndPlayBk/Page-Vlink-Sale/input_Card number_card_number' is double clicked on

2024-05-27 19:13:36 - [MESSAGE][PASSED] - Object: 'Object Repository/RecAndPlayBk/Page-Vlink-Sale/input_Card number_card_number' is double clicked on

2024-05-27 19:13:36 - [TEST_STEP][PASSED] - setText(findTestObject("Object Repository/RecAndPlayBk/Page-Vlink-Sale/input_Card number_card_number"), cardNumber): Text '5424000000000015' is set on object 'Object Repository/RecAndPlayBk/Page-Vlink-Sale/input_Card number_card_number'

2024-05-27 19:13:37 - [MESSAGE][PASSED] - Text '5424000000000015' is set on object 'Object Repository/RecAndPlayBk/Page-Vlink-Sale/input_Card number_card_number'

2024-05-27 19:13:37 - [TEST_STEP][PASSED] - setText(findTestObject("Object Repository/RecAndPlayBk/Page-Vlink-Sale/input_Card ex month_card_exmo"), exM): Text '12' is set on object 'Object Repository/RecAndPlayBk/Page-Vlink-Sale/input_Card ex month_card_exmo'

2024-05-27 19:13:38 - [MESSAGE][PASSED] - Text '12' is set on object 'Object Repository/RecAndPlayBk/Page-Vlink-Sale/input_Card ex month_card_exmo'

2024-05-27 19:13:38 - [TEST_STEP][PASSED] - setText(findTestObject("Object Repository/RecAndPlayBk/Page-Vlink-Sale/input_Card ex year_card_exyr"), exY): Text '2029' is set on object 'Object Repository/RecAndPlayBk/Page-Vlink-Sale/input_Card ex year_card_exyr'

2024-05-27 19:13:39 - [MESSAGE][PASSED] - Text '2029' is set on object 'Object Repository/RecAndPlayBk/Page-Vlink-Sale/input_Card ex year_card_exyr'

2024-05-27 19:13:39 - [TEST_STEP][PASSED] - click(findTestObject("Object Repository/RecAndPlayBk/Page-Vlink-Sale/input_Track Data_track_data")): Object: 'Object Repository/RecAndPlayBk/Page-Vlink-Sale/input_Track Data_track_data' is clicked on

2024-05-27 19:13:39 - [MESSAGE][PASSED] - Object: 'Object Repository/RecAndPlayBk/Page-Vlink-Sale/input_Track Data_track_data' is clicked on

2024-05-27 19:13:39 - [TEST_STEP][PASSED] - click(findTestObject("Object Repository/RecAndPlayBk/Page-Vlink-Sale/input_CVV state_cvv_state")): Object: 'Object Repository/RecAndPlayBk/Page-Vlink-Sale/input_CVV state_cvv_state' is clicked on

2024-05-27 19:13:39 - [MESSAGE][PASSED] - Object: 'Object Repository/RecAndPlayBk/Page-Vlink-Sale/input_CVV state_cvv_state' is clicked on

2024-05-27 19:13:39 - [TEST_STEP][PASSED] - setText(findTestObject("Object Repository/RecAndPlayBk/Page-Vlink-Sale/input_Track Data_track_data"), ""): Text '' is set on object 'Object Repository/RecAndPlayBk/Page-Vlink-Sale/input_Track Data_track_data'

2024-05-27 19:13:40 - [MESSAGE][PASSED] - Text '' is set on object 'Object Repository/RecAndPlayBk/Page-Vlink-Sale/input_Track Data_track_data'

2024-05-27 19:13:40 - [TEST_STEP][PASSED] - setText(findTestObject("Object Repository/RecAndPlayBk/Page-Vlink-Sale/input_concat(Cardholder, , s email)_email"), ""): Text '' is set on object 'Object Repository/RecAndPlayBk/Page-Vlink-Sale/input_concat(Cardholder, , s email)_email'

2024-05-27 19:13:41 - [MESSAGE][PASSED] - Text '' is set on object 'Object Repository/RecAndPlayBk/Page-Vlink-Sale/input_concat(Cardholder, , s email)_email'

2024-05-27 19:13:41 - [TEST_STEP][PASSED] - click(findTestObject("Object Repository/RecAndPlayBk/Page-Vlink-Sale/input_user_defined10_user_defined10")): Object: 'Object Repository/RecAndPlayBk/Page-Vlink-Sale/input_user_defined10_user_defined10' is clicked on

2024-05-27 19:13:41 - [MESSAGE][PASSED] - Object: 'Object Repository/RecAndPlayBk/Page-Vlink-Sale/input_user_defined10_user_defined10' is clicked on

2024-05-27 19:13:41 - [TEST_STEP][PASSED] - if (executionProfile.equalsIgnoreCase("QAProfile") || executionProfile.equalsIgnoreCase("DemoProfile")): Text '' is set on object 'Object Repository/RecAndPlayBk/Page-Vlink-Sale/input_COF Transaction Initiated by_cof_tran_6cded5'

2024-05-27 19:13:41 - [TEST_STEP][PASSED] - setText(findTestObject("Object Repository/RecAndPlayBk/Page-Vlink-Sale/input_Card on File Indicator_card_on_file_i_157dae"), ""): Text '' is set on object 'Object Repository/RecAndPlayBk/Page-Vlink-Sale/input_Card on File Indicator_card_on_file_i_157dae'

2024-05-27 19:13:42 - [MESSAGE][PASSED] - Text '' is set on object 'Object Repository/RecAndPlayBk/Page-Vlink-Sale/input_Card on File Indicator_card_on_file_i_157dae'

2024-05-27 19:13:42 - [TEST_STEP][PASSED] - setText(findTestObject("Object Repository/RecAndPlayBk/Page-Vlink-Sale/input_Stored Credential Indicator_stored_cr_4ae73c"), ""): Text '' is set on object 'Object Repository/RecAndPlayBk/Page-Vlink-Sale/input_Stored Credential Indicator_stored_cr_4ae73c'

2024-05-27 19:13:43 - [MESSAGE][PASSED] - Text '' is set on object 'Object Repository/RecAndPlayBk/Page-Vlink-Sale/input_Stored Credential Indicator_stored_cr_4ae73c'

2024-05-27 19:13:43 - [TEST_STEP][PASSED] - setText(findTestObject("Object Repository/RecAndPlayBk/Page-Vlink-Sale/input_COF Scheduled indicator_cof_scheduled_8df7d8"), ""): Text '' is set on object 'Object Repository/RecAndPlayBk/Page-Vlink-Sale/input_COF Scheduled indicator_cof_scheduled_8df7d8'

2024-05-27 19:13:44 - [MESSAGE][PASSED] - Text '' is set on object 'Object Repository/RecAndPlayBk/Page-Vlink-Sale/input_COF Scheduled indicator_cof_scheduled_8df7d8'

2024-05-27 19:13:44 - [TEST_STEP][PASSED] - setText(findTestObject("Object Repository/RecAndPlayBk/Page-Vlink-Sale/input_COF Transaction Initiated by_cof_tran_6cded5"), ""): Text '' is set on object 'Object Repository/RecAndPlayBk/Page-Vlink-Sale/input_COF Transaction Initiated by_cof_tran_6cded5'

2024-05-27 19:13:44 - [MESSAGE][PASSED] - Text '' is set on object 'Object Repository/RecAndPlayBk/Page-Vlink-Sale/input_COF Transaction Initiated by_cof_tran_6cded5'

2024-05-27 19:13:44 - [TEST_STEP][PASSED] - click(findTestObject("Object Repository/RecAndPlayBk/Page-Vlink-Sale/input")): Object: 'Object Repository/RecAndPlayBk/Page-Vlink-Sale/input' is clicked on

2024-05-27 19:13:45 - [MESSAGE][PASSED] - Object: 'Object Repository/RecAndPlayBk/Page-Vlink-Sale/input' is clicked on

2024-05-27 19:13:45 - [TEST_STEP][PASSED] - if (verifyTextPresent("Transaction approved, no errors", true)): null

2024-05-27 19:13:45 - [MESSAGE][PASSED] - Text 'Transaction approved, no errors' is present on page  using regular expression

2024-05-27 19:13:45 - [TEST_STEP][PASSED] - println("Transaction Approved, no errors text is present on the Confirmation page"): null

2024-05-27 19:13:45 - [TEST_STEP][PASSED] - sdfo = getText(findTestObject("Object Repository/Page_VLinkReceipt/pre_STX")): Text of object 'Object Repository/Page_VLinkReceipt/pre_STX' is: '<STX>0cD4MRnfFKdf                  2967790             0  Transaction approved, no errors                   0                                                                                  Y 745921890<ETX>'

2024-05-27 19:13:46 - [MESSAGE][PASSED] - Text of object 'Object Repository/Page_VLinkReceipt/pre_STX' is: '<STX>0cD4MRnfFKdf                  2967790             0  Transaction approved, no errors                   0                                                                                  Y 745921890<ETX>'

2024-05-27 19:13:46 - [TEST_STEP][PASSED] - out.println("sdfo: " + sdfo): null

2024-05-27 19:13:46 - [TEST_STEP][PASSED] - remID = substring(5, 35).trim(): null

2024-05-27 19:13:46 - [TEST_STEP][PASSED] - out.println("remID: " + remID): null

2024-05-27 19:13:46 - [TEST_STEP][PASSED] - traxID = substring(35, 55).trim(): null

2024-05-27 19:13:46 - [TEST_STEP][PASSED] - out.println("traxID: " + traxID): null

2024-05-27 19:13:46 - [TEST_STEP][PASSED] - VLinkSaleRemID = remID: null

2024-05-27 19:13:46 - [TEST_STEP][PASSED] - VLinkSaleTranxID = traxID: null

2024-05-27 19:13:46 - [TEST_STEP][PASSED] - openBrowser(VLinkURL + "CC_credit.html"): Browser is opened with url: 'https://dev-algorithm.govolution.com/vlinktest/demo/version_2_0/CC_credit.html'

2024-05-27 19:13:46 - [MESSAGE][WARNING] - A browser is already opened. Closing browser and opening a new one

2024-05-27 19:13:47 - [MESSAGE][INFO] - Starting 'Chrome' driver

2024-05-27 19:13:47 - [MESSAGE][INFO] - User set preference: ['acceptInsecureCerts', 'true']

2024-05-27 19:13:47 - [MESSAGE][INFO] - Action delay is set to 0 milliseconds

2024-05-27 19:13:49 - [MESSAGE][PASSED] - Browser is opened with url: 'https://dev-algorithm.govolution.com/vlinktest/demo/version_2_0/CC_credit.html'

2024-05-27 19:13:49 - [TEST_STEP][PASSED] - maximizeWindow(): Current window maximized

2024-05-27 19:13:49 - [MESSAGE][PASSED] - Current window maximized

2024-05-27 19:13:49 - [TEST_STEP][PASSED] - setText(findTestObject("Object Repository/RecAndPlayBk/Page-Vlink-CC-Credit/input_Remittance Id"), VLinkSaleRemID): Text '0cD4MRnfFKdf' is set on object 'Object Repository/RecAndPlayBk/Page-Vlink-CC-Credit/input_Remittance Id'

2024-05-27 19:13:50 - [MESSAGE][PASSED] - Text '0cD4MRnfFKdf' is set on object 'Object Repository/RecAndPlayBk/Page-Vlink-CC-Credit/input_Remittance Id'

2024-05-27 19:13:50 - [TEST_STEP][PASSED] - setText(findTestObject("Object Repository/RecAndPlayBk/Page-Vlink-CC-Credit/input_Application Id"), appID): Text '1773' is set on object 'Object Repository/RecAndPlayBk/Page-Vlink-CC-Credit/input_Application Id'

2024-05-27 19:13:51 - [MESSAGE][PASSED] - Text '1773' is set on object 'Object Repository/RecAndPlayBk/Page-Vlink-CC-Credit/input_Application Id'

2024-05-27 19:13:51 - [TEST_STEP][PASSED] - setText(findTestObject("Object Repository/RecAndPlayBk/Page-Vlink-CC-Credit/input_Username"), username): Text 'Qq2BV1qtr' is set on object 'Object Repository/RecAndPlayBk/Page-Vlink-CC-Credit/input_Username'

2024-05-27 19:13:51 - [MESSAGE][PASSED] - Text 'Qq2BV1qtr' is set on object 'Object Repository/RecAndPlayBk/Page-Vlink-CC-Credit/input_Username'

2024-05-27 19:13:51 - [TEST_STEP][PASSED] - setText(findTestObject("Object Repository/RecAndPlayBk/Page-Vlink-CC-Credit/input_Password"), password): Text 'tUmWBiLUx' is set on object 'Object Repository/RecAndPlayBk/Page-Vlink-CC-Credit/input_Password'

2024-05-27 19:13:52 - [MESSAGE][PASSED] - Text 'tUmWBiLUx' is set on object 'Object Repository/RecAndPlayBk/Page-Vlink-CC-Credit/input_Password'

2024-05-27 19:13:52 - [TEST_STEP][PASSED] - setText(findTestObject("Object Repository/RecAndPlayBk/Page-Vlink-CC-Credit/input_Transaction ID"), VLinkSaleTranxID): Text '2967790' is set on object 'Object Repository/RecAndPlayBk/Page-Vlink-CC-Credit/input_Transaction ID'

2024-05-27 19:13:53 - [MESSAGE][PASSED] - Text '2967790' is set on object 'Object Repository/RecAndPlayBk/Page-Vlink-CC-Credit/input_Transaction ID'

2024-05-27 19:13:53 - [TEST_STEP][PASSED] - setText(findTestObject("Object Repository/RecAndPlayBk/Page-Vlink-CC-Credit/input_Amount"), amount): Text '10.5' is set on object 'Object Repository/RecAndPlayBk/Page-Vlink-CC-Credit/input_Amount'

2024-05-27 19:13:54 - [MESSAGE][PASSED] - Text '10.5' is set on object 'Object Repository/RecAndPlayBk/Page-Vlink-CC-Credit/input_Amount'

2024-05-27 19:13:54 - [TEST_STEP][PASSED] - setText(findTestObject("Object Repository/RecAndPlayBk/Page-Vlink-CC-Credit/input_Card number"), ""): Text '' is set on object 'Object Repository/RecAndPlayBk/Page-Vlink-CC-Credit/input_Card number'

2024-05-27 19:13:54 - [MESSAGE][PASSED] - Text '' is set on object 'Object Repository/RecAndPlayBk/Page-Vlink-CC-Credit/input_Card number'

2024-05-27 19:13:54 - [TEST_STEP][PASSED] - setText(findTestObject("Object Repository/RecAndPlayBk/Page-Vlink-CC-Credit/input_Card ex month"), ""): Text '' is set on object 'Object Repository/RecAndPlayBk/Page-Vlink-CC-Credit/input_Card ex month'

2024-05-27 19:13:55 - [MESSAGE][PASSED] - Text '' is set on object 'Object Repository/RecAndPlayBk/Page-Vlink-CC-Credit/input_Card ex month'

2024-05-27 19:13:55 - [TEST_STEP][PASSED] - setText(findTestObject("Object Repository/RecAndPlayBk/Page-Vlink-CC-Credit/input_Card ex year"), ""): Text '' is set on object 'Object Repository/RecAndPlayBk/Page-Vlink-CC-Credit/input_Card ex year'

2024-05-27 19:13:56 - [MESSAGE][PASSED] - Text '' is set on object 'Object Repository/RecAndPlayBk/Page-Vlink-CC-Credit/input_Card ex year'

2024-05-27 19:13:56 - [TEST_STEP][PASSED] - setText(findTestObject("Object Repository/RecAndPlayBk/Page-Vlink-CC-Credit/input_Track Data"), ""): Text '' is set on object 'Object Repository/RecAndPlayBk/Page-Vlink-CC-Credit/input_Track Data'

2024-05-27 19:13:56 - [MESSAGE][PASSED] - Text '' is set on object 'Object Repository/RecAndPlayBk/Page-Vlink-CC-Credit/input_Track Data'

2024-05-27 19:13:56 - [TEST_STEP][PASSED] - setText(findTestObject("Object Repository/RecAndPlayBk/Page-Vlink-CC-Credit/input_Category Code"), category): Text 'MOTO' is set on object 'Object Repository/RecAndPlayBk/Page-Vlink-CC-Credit/input_Category Code'

2024-05-27 19:13:57 - [MESSAGE][PASSED] - Text 'MOTO' is set on object 'Object Repository/RecAndPlayBk/Page-Vlink-CC-Credit/input_Category Code'

2024-05-27 19:13:57 - [TEST_STEP][PASSED] - click(findTestObject("Object Repository/RecAndPlayBk/Page-Vlink-CC-Credit/input")): Object: 'Object Repository/RecAndPlayBk/Page-Vlink-CC-Credit/input' is clicked on

2024-05-27 19:13:58 - [MESSAGE][PASSED] - Object: 'Object Repository/RecAndPlayBk/Page-Vlink-CC-Credit/input' is clicked on

2024-05-27 19:13:58 - [TEST_STEP][PASSED] - if (verifyTextPresent("Transaction approved, no errors", true)): null

2024-05-27 19:13:58 - [MESSAGE][PASSED] - Text 'Transaction approved, no errors' is present on page  using regular expression

2024-05-27 19:13:58 - [TEST_STEP][PASSED] - sdfo = getText(findTestObject("Object Repository/Page_VLinkReceipt/pre_STX")): Text of object 'Object Repository/Page_VLinkReceipt/pre_STX' is: '<STX>0cD4MRnfFKdf                  2967791             0  Transaction approved, no errors                   0                                                                                             <ETX>'

2024-05-27 19:13:59 - [MESSAGE][PASSED] - Text of object 'Object Repository/Page_VLinkReceipt/pre_STX' is: '<STX>0cD4MRnfFKdf                  2967791             0  Transaction approved, no errors                   0                                                                                             <ETX>'

2024-05-27 19:13:59 - [TEST_STEP][PASSED] - out.println("sdfo: " + sdfo): null

2024-05-27 19:13:59 - [TEST_STEP][PASSED] - remID = substring(5, 35).trim(): null

2024-05-27 19:13:59 - [TEST_STEP][PASSED] - out.println("remID: " + remID): null

2024-05-27 19:13:59 - [TEST_STEP][PASSED] - traxID = substring(35, 55).trim(): null

2024-05-27 19:13:59 - [TEST_STEP][PASSED] - out.println("traxID: " + traxID): null

2024-05-27 19:13:59 - [TEST_STEP][PASSED] - VLinkSaleRemID = remID: null

2024-05-27 19:13:59 - [TEST_STEP][PASSED] - VLinkSaleTranxID = traxID: null

2024-05-27 19:13:59 - [TEST_STEP][PASSED] - openBrowser(VLinkURL + "CC_void.html"): Browser is opened with url: 'https://dev-algorithm.govolution.com/vlinktest/demo/version_2_0/CC_void.html'

2024-05-27 19:13:59 - [MESSAGE][WARNING] - A browser is already opened. Closing browser and opening a new one

2024-05-27 19:14:00 - [MESSAGE][INFO] - Starting 'Chrome' driver

2024-05-27 19:14:00 - [MESSAGE][INFO] - User set preference: ['acceptInsecureCerts', 'true']

2024-05-27 19:14:00 - [MESSAGE][INFO] - Action delay is set to 0 milliseconds

2024-05-27 19:14:02 - [MESSAGE][PASSED] - Browser is opened with url: 'https://dev-algorithm.govolution.com/vlinktest/demo/version_2_0/CC_void.html'

2024-05-27 19:14:02 - [TEST_STEP][PASSED] - maximizeWindow(): Current window maximized

2024-05-27 19:14:02 - [MESSAGE][PASSED] - Current window maximized

2024-05-27 19:14:02 - [TEST_STEP][PASSED] - setText(findTestObject("Object Repository/RecAndPlayBk/Page-Vlink-CC-Void/txt_RemID"), VLinkSaleRemID): Text '0cD4MRnfFKdf' is set on object 'Object Repository/RecAndPlayBk/Page-Vlink-CC-Void/txt_RemID'

2024-05-27 19:14:03 - [MESSAGE][PASSED] - Text '0cD4MRnfFKdf' is set on object 'Object Repository/RecAndPlayBk/Page-Vlink-CC-Void/txt_RemID'

2024-05-27 19:14:03 - [TEST_STEP][PASSED] - setText(findTestObject("Object Repository/RecAndPlayBk/Page-Vlink-CC-Void/txt_ApplicationID"), appID): Text '1773' is set on object 'Object Repository/RecAndPlayBk/Page-Vlink-CC-Void/txt_ApplicationID'

2024-05-27 19:14:03 - [MESSAGE][PASSED] - Text '1773' is set on object 'Object Repository/RecAndPlayBk/Page-Vlink-CC-Void/txt_ApplicationID'

2024-05-27 19:14:03 - [TEST_STEP][PASSED] - setText(findTestObject("Object Repository/RecAndPlayBk/Page-Vlink-CC-Void/txt_Username"), username): Text 'Qq2BV1qtr' is set on object 'Object Repository/RecAndPlayBk/Page-Vlink-CC-Void/txt_Username'

2024-05-27 19:14:04 - [MESSAGE][PASSED] - Text 'Qq2BV1qtr' is set on object 'Object Repository/RecAndPlayBk/Page-Vlink-CC-Void/txt_Username'

2024-05-27 19:14:04 - [TEST_STEP][PASSED] - setText(findTestObject("Object Repository/RecAndPlayBk/Page-Vlink-CC-Void/txt_Password"), password): Text 'tUmWBiLUx' is set on object 'Object Repository/RecAndPlayBk/Page-Vlink-CC-Void/txt_Password'

2024-05-27 19:14:05 - [MESSAGE][PASSED] - Text 'tUmWBiLUx' is set on object 'Object Repository/RecAndPlayBk/Page-Vlink-CC-Void/txt_Password'

2024-05-27 19:14:05 - [TEST_STEP][PASSED] - setText(findTestObject("Object Repository/RecAndPlayBk/Page-Vlink-CC-Void/txt_TransactionID"), VLinkSaleTranxID): Text '2967791' is set on object 'Object Repository/RecAndPlayBk/Page-Vlink-CC-Void/txt_TransactionID'

2024-05-27 19:14:06 - [MESSAGE][PASSED] - Text '2967791' is set on object 'Object Repository/RecAndPlayBk/Page-Vlink-CC-Void/txt_TransactionID'

2024-05-27 19:14:06 - [TEST_STEP][PASSED] - setText(findTestObject("Object Repository/RecAndPlayBk/Page-Vlink-CC-Void/txt_OriginalTransactionType"), "104"): Text '104' is set on object 'Object Repository/RecAndPlayBk/Page-Vlink-CC-Void/txt_OriginalTransactionType'

2024-05-27 19:14:06 - [MESSAGE][PASSED] - Text '104' is set on object 'Object Repository/RecAndPlayBk/Page-Vlink-CC-Void/txt_OriginalTransactionType'

2024-05-27 19:14:06 - [TEST_STEP][PASSED] - setText(findTestObject("Object Repository/RecAndPlayBk/Page-Vlink-CC-Void/txt_TrackData"), ""): Text '' is set on object 'Object Repository/RecAndPlayBk/Page-Vlink-CC-Void/txt_TrackData'

2024-05-27 19:14:07 - [MESSAGE][PASSED] - Text '' is set on object 'Object Repository/RecAndPlayBk/Page-Vlink-CC-Void/txt_TrackData'

2024-05-27 19:14:07 - [TEST_STEP][PASSED] - click(findTestObject("Object Repository/RecAndPlayBk/Page-Vlink-CC-Void/btn_ProcessVLinkTransaction")): Object: 'Object Repository/RecAndPlayBk/Page-Vlink-CC-Void/btn_ProcessVLinkTransaction' is clicked on

2024-05-27 19:14:09 - [MESSAGE][PASSED] - Object: 'Object Repository/RecAndPlayBk/Page-Vlink-CC-Void/btn_ProcessVLinkTransaction' is clicked on

2024-05-27 19:14:09 - [TEST_STEP][PASSED] - if (verifyTextPresent("Transaction approved, no errors", true)): null

2024-05-27 19:14:09 - [MESSAGE][PASSED] - Text 'Transaction approved, no errors' is present on page  using regular expression

2024-05-27 19:14:09 - [TEST_STEP][PASSED] - println("Transaction Approved, no errors text is present on the Confirmation page"): null

2024-05-27 19:14:09 - [TEST_STEP][PASSED] - out.println("Pass Record Number: " + row): null

2024-05-27 19:14:09 - [TEST_STEP][PASSED] - resText = "Pass": null

2024-05-27 19:14:09 - [TEST_STEP][PASSED] - pages.WriteExcel.demoKey(resText, datText, resColumn, datCloumn, fileLoc, nameSheet, row): pages.WriteExcel.demoKey is PASSED

2024-05-27 19:14:09 - [MESSAGE][PASSED] - pages.WriteExcel.demoKey is PASSED

2024-05-27 19:14:09 - [TEST_STEP][PASSED] - ExecuteTC = findTestData(dataFile).getValue("Execute", row): null

2024-05-27 19:14:09 - [TEST_STEP][PASSED] - out.println("Value of Execute is : " + ExecuteTC): null

2024-05-27 19:14:09 - [TEST_STEP][PASSED] - switch (executionProfile): null

2024-05-27 19:14:09 - [TEST_STEP][PASSED] - case "DemoProfile":: null

2024-05-27 19:14:09 - [TEST_STEP][PASSED] - appID = findTestData(dataFile).getValue("AppIDDemo", row): null

2024-05-27 19:14:09 - [TEST_STEP][PASSED] - username = findTestData(dataFile).getValue("UsernameDemo", row): null

2024-05-27 19:14:10 - [TEST_STEP][PASSED] - password = findTestData(dataFile).getValue("PasswordDemo", row): null

2024-05-27 19:14:10 - [TEST_STEP][PASSED] - break: null

2024-05-27 19:14:10 - [TEST_STEP][PASSED] - if (ExecuteTC.equalsIgnoreCase("Y")): null

2024-05-27 19:14:10 - [TEST_STEP][PASSED] - out.println("Begin Record Number: " + row): null

2024-05-27 19:14:10 - [TEST_STEP][PASSED] - today = new java.util.Date(): null

2024-05-27 19:14:10 - [TEST_STEP][PASSED] - println(today): null

2024-05-27 19:14:10 - [TEST_STEP][PASSED] - datText = today: null

2024-05-27 19:14:10 - [TEST_STEP][PASSED] - category = findTestData(dataFile).getValue("Category", row): null

2024-05-27 19:14:10 - [TEST_STEP][PASSED] - amount = findTestData(dataFile).getValue("Amount", row): null

2024-05-27 19:14:10 - [TEST_STEP][PASSED] - cardNumber = findTestData(dataFile).getValue("CardNumber", row): null

2024-05-27 19:14:10 - [TEST_STEP][PASSED] - exM = findTestData(dataFile).getValue("ExM", row): null

2024-05-27 19:14:10 - [TEST_STEP][PASSED] - exY = findTestData(dataFile).getValue("ExY", row): null

2024-05-27 19:14:10 - [TEST_STEP][PASSED] - openBrowser(VLinkURL + "authcap.html"): Browser is opened with url: 'https://dev-algorithm.govolution.com/vlinktest/demo/version_2_0/authcap.html'

2024-05-27 19:14:10 - [MESSAGE][WARNING] - A browser is already opened. Closing browser and opening a new one

2024-05-27 19:14:11 - [MESSAGE][INFO] - Starting 'Chrome' driver

2024-05-27 19:14:11 - [MESSAGE][INFO] - User set preference: ['acceptInsecureCerts', 'true']

2024-05-27 19:14:11 - [MESSAGE][INFO] - Action delay is set to 0 milliseconds

2024-05-27 19:14:13 - [MESSAGE][PASSED] - Browser is opened with url: 'https://dev-algorithm.govolution.com/vlinktest/demo/version_2_0/authcap.html'

2024-05-27 19:14:13 - [TEST_STEP][PASSED] - maximizeWindow(): Current window maximized

2024-05-27 19:14:13 - [MESSAGE][PASSED] - Current window maximized

2024-05-27 19:14:13 - [TEST_STEP][PASSED] - maximizeWindow(): Current window maximized

2024-05-27 19:14:13 - [MESSAGE][PASSED] - Current window maximized

2024-05-27 19:14:13 - [TEST_STEP][PASSED] - genRemID = RandomStringUtils.random(12, true, true): null

2024-05-27 19:14:13 - [TEST_STEP][PASSED] - setText(findTestObject("Object Repository/RecAndPlayBk/Page-Vlink-Sale/input_Remittance Id_remittance_id"), genRemID): Text 'NeK5eF73nkzl' is set on object 'Object Repository/RecAndPlayBk/Page-Vlink-Sale/input_Remittance Id_remittance_id'

2024-05-27 19:14:14 - [MESSAGE][PASSED] - Text 'NeK5eF73nkzl' is set on object 'Object Repository/RecAndPlayBk/Page-Vlink-Sale/input_Remittance Id_remittance_id'

2024-05-27 19:14:14 - [TEST_STEP][PASSED] - setText(findTestObject("Object Repository/RecAndPlayBk/Page-Vlink-Sale/input_Application Id_application_id"), appID): Text '1773' is set on object 'Object Repository/RecAndPlayBk/Page-Vlink-Sale/input_Application Id_application_id'

2024-05-27 19:14:15 - [MESSAGE][PASSED] - Text '1773' is set on object 'Object Repository/RecAndPlayBk/Page-Vlink-Sale/input_Application Id_application_id'

2024-05-27 19:14:15 - [TEST_STEP][PASSED] - setText(findTestObject("Object Repository/RecAndPlayBk/Page-Vlink-Sale/input_Username_username"), username): Text 'Qq2BV1qtr' is set on object 'Object Repository/RecAndPlayBk/Page-Vlink-Sale/input_Username_username'

2024-05-27 19:14:16 - [MESSAGE][PASSED] - Text 'Qq2BV1qtr' is set on object 'Object Repository/RecAndPlayBk/Page-Vlink-Sale/input_Username_username'

2024-05-27 19:14:16 - [TEST_STEP][PASSED] - setText(findTestObject("Object Repository/RecAndPlayBk/Page-Vlink-Sale/input_Password_password"), password): Text 'tUmWBiLUx' is set on object 'Object Repository/RecAndPlayBk/Page-Vlink-Sale/input_Password_password'

2024-05-27 19:14:16 - [MESSAGE][PASSED] - Text 'tUmWBiLUx' is set on object 'Object Repository/RecAndPlayBk/Page-Vlink-Sale/input_Password_password'

2024-05-27 19:14:16 - [TEST_STEP][PASSED] - setText(findTestObject("Object Repository/RecAndPlayBk/Page-Vlink-Sale/input_Category_category"), category): Text 'RETL' is set on object 'Object Repository/RecAndPlayBk/Page-Vlink-Sale/input_Category_category'

2024-05-27 19:14:17 - [MESSAGE][PASSED] - Text 'RETL' is set on object 'Object Repository/RecAndPlayBk/Page-Vlink-Sale/input_Category_category'

2024-05-27 19:14:17 - [TEST_STEP][PASSED] - setText(findTestObject("Object Repository/RecAndPlayBk/Page-Vlink-Sale/input_Amount_amount"), amount): Text '10.5' is set on object 'Object Repository/RecAndPlayBk/Page-Vlink-Sale/input_Amount_amount'

2024-05-27 19:14:18 - [MESSAGE][PASSED] - Text '10.5' is set on object 'Object Repository/RecAndPlayBk/Page-Vlink-Sale/input_Amount_amount'

2024-05-27 19:14:18 - [TEST_STEP][PASSED] - doubleClick(findTestObject("Object Repository/RecAndPlayBk/Page-Vlink-Sale/input_Card number_card_number")): Object: 'Object Repository/RecAndPlayBk/Page-Vlink-Sale/input_Card number_card_number' is double clicked on

2024-05-27 19:14:18 - [MESSAGE][PASSED] - Object: 'Object Repository/RecAndPlayBk/Page-Vlink-Sale/input_Card number_card_number' is double clicked on

2024-05-27 19:14:18 - [TEST_STEP][PASSED] - setText(findTestObject("Object Repository/RecAndPlayBk/Page-Vlink-Sale/input_Card number_card_number"), cardNumber): Text '370000000000002' is set on object 'Object Repository/RecAndPlayBk/Page-Vlink-Sale/input_Card number_card_number'

2024-05-27 19:14:19 - [MESSAGE][PASSED] - Text '370000000000002' is set on object 'Object Repository/RecAndPlayBk/Page-Vlink-Sale/input_Card number_card_number'

2024-05-27 19:14:19 - [TEST_STEP][PASSED] - setText(findTestObject("Object Repository/RecAndPlayBk/Page-Vlink-Sale/input_Card ex month_card_exmo"), exM): Text '12' is set on object 'Object Repository/RecAndPlayBk/Page-Vlink-Sale/input_Card ex month_card_exmo'

2024-05-27 19:14:19 - [MESSAGE][PASSED] - Text '12' is set on object 'Object Repository/RecAndPlayBk/Page-Vlink-Sale/input_Card ex month_card_exmo'

2024-05-27 19:14:19 - [TEST_STEP][PASSED] - setText(findTestObject("Object Repository/RecAndPlayBk/Page-Vlink-Sale/input_Card ex year_card_exyr"), exY): Text '2029' is set on object 'Object Repository/RecAndPlayBk/Page-Vlink-Sale/input_Card ex year_card_exyr'

2024-05-27 19:14:20 - [MESSAGE][PASSED] - Text '2029' is set on object 'Object Repository/RecAndPlayBk/Page-Vlink-Sale/input_Card ex year_card_exyr'

2024-05-27 19:14:20 - [TEST_STEP][PASSED] - click(findTestObject("Object Repository/RecAndPlayBk/Page-Vlink-Sale/input_Track Data_track_data")): Object: 'Object Repository/RecAndPlayBk/Page-Vlink-Sale/input_Track Data_track_data' is clicked on

2024-05-27 19:14:21 - [MESSAGE][PASSED] - Object: 'Object Repository/RecAndPlayBk/Page-Vlink-Sale/input_Track Data_track_data' is clicked on

2024-05-27 19:14:21 - [TEST_STEP][PASSED] - click(findTestObject("Object Repository/RecAndPlayBk/Page-Vlink-Sale/input_CVV state_cvv_state")): Object: 'Object Repository/RecAndPlayBk/Page-Vlink-Sale/input_CVV state_cvv_state' is clicked on

2024-05-27 19:14:21 - [MESSAGE][PASSED] - Object: 'Object Repository/RecAndPlayBk/Page-Vlink-Sale/input_CVV state_cvv_state' is clicked on

2024-05-27 19:14:21 - [TEST_STEP][PASSED] - setText(findTestObject("Object Repository/RecAndPlayBk/Page-Vlink-Sale/input_Track Data_track_data"), ""): Text '' is set on object 'Object Repository/RecAndPlayBk/Page-Vlink-Sale/input_Track Data_track_data'

2024-05-27 19:14:22 - [MESSAGE][PASSED] - Text '' is set on object 'Object Repository/RecAndPlayBk/Page-Vlink-Sale/input_Track Data_track_data'

2024-05-27 19:14:22 - [TEST_STEP][PASSED] - setText(findTestObject("Object Repository/RecAndPlayBk/Page-Vlink-Sale/input_concat(Cardholder, , s email)_email"), ""): Text '' is set on object 'Object Repository/RecAndPlayBk/Page-Vlink-Sale/input_concat(Cardholder, , s email)_email'

2024-05-27 19:14:22 - [MESSAGE][PASSED] - Text '' is set on object 'Object Repository/RecAndPlayBk/Page-Vlink-Sale/input_concat(Cardholder, , s email)_email'

2024-05-27 19:14:22 - [TEST_STEP][PASSED] - click(findTestObject("Object Repository/RecAndPlayBk/Page-Vlink-Sale/input_user_defined10_user_defined10")): Object: 'Object Repository/RecAndPlayBk/Page-Vlink-Sale/input_user_defined10_user_defined10' is clicked on

2024-05-27 19:14:23 - [MESSAGE][PASSED] - Object: 'Object Repository/RecAndPlayBk/Page-Vlink-Sale/input_user_defined10_user_defined10' is clicked on

2024-05-27 19:14:23 - [TEST_STEP][PASSED] - if (executionProfile.equalsIgnoreCase("QAProfile") || executionProfile.equalsIgnoreCase("DemoProfile")): Text '' is set on object 'Object Repository/RecAndPlayBk/Page-Vlink-Sale/input_COF Transaction Initiated by_cof_tran_6cded5'

2024-05-27 19:14:23 - [TEST_STEP][PASSED] - setText(findTestObject("Object Repository/RecAndPlayBk/Page-Vlink-Sale/input_Card on File Indicator_card_on_file_i_157dae"), ""): Text '' is set on object 'Object Repository/RecAndPlayBk/Page-Vlink-Sale/input_Card on File Indicator_card_on_file_i_157dae'

2024-05-27 19:14:24 - [MESSAGE][PASSED] - Text '' is set on object 'Object Repository/RecAndPlayBk/Page-Vlink-Sale/input_Card on File Indicator_card_on_file_i_157dae'

2024-05-27 19:14:24 - [TEST_STEP][PASSED] - setText(findTestObject("Object Repository/RecAndPlayBk/Page-Vlink-Sale/input_Stored Credential Indicator_stored_cr_4ae73c"), ""): Text '' is set on object 'Object Repository/RecAndPlayBk/Page-Vlink-Sale/input_Stored Credential Indicator_stored_cr_4ae73c'

2024-05-27 19:14:24 - [MESSAGE][PASSED] - Text '' is set on object 'Object Repository/RecAndPlayBk/Page-Vlink-Sale/input_Stored Credential Indicator_stored_cr_4ae73c'

2024-05-27 19:14:24 - [TEST_STEP][PASSED] - setText(findTestObject("Object Repository/RecAndPlayBk/Page-Vlink-Sale/input_COF Scheduled indicator_cof_scheduled_8df7d8"), ""): Text '' is set on object 'Object Repository/RecAndPlayBk/Page-Vlink-Sale/input_COF Scheduled indicator_cof_scheduled_8df7d8'

2024-05-27 19:14:25 - [MESSAGE][PASSED] - Text '' is set on object 'Object Repository/RecAndPlayBk/Page-Vlink-Sale/input_COF Scheduled indicator_cof_scheduled_8df7d8'

2024-05-27 19:14:25 - [TEST_STEP][PASSED] - setText(findTestObject("Object Repository/RecAndPlayBk/Page-Vlink-Sale/input_COF Transaction Initiated by_cof_tran_6cded5"), ""): Text '' is set on object 'Object Repository/RecAndPlayBk/Page-Vlink-Sale/input_COF Transaction Initiated by_cof_tran_6cded5'

2024-05-27 19:14:26 - [MESSAGE][PASSED] - Text '' is set on object 'Object Repository/RecAndPlayBk/Page-Vlink-Sale/input_COF Transaction Initiated by_cof_tran_6cded5'

2024-05-27 19:14:26 - [TEST_STEP][PASSED] - click(findTestObject("Object Repository/RecAndPlayBk/Page-Vlink-Sale/input")): Object: 'Object Repository/RecAndPlayBk/Page-Vlink-Sale/input' is clicked on

2024-05-27 19:14:27 - [MESSAGE][PASSED] - Object: 'Object Repository/RecAndPlayBk/Page-Vlink-Sale/input' is clicked on

2024-05-27 19:14:27 - [TEST_STEP][PASSED] - if (verifyTextPresent("Transaction approved, no errors", true)): null

2024-05-27 19:14:27 - [MESSAGE][PASSED] - Text 'Transaction approved, no errors' is present on page  using regular expression

2024-05-27 19:14:27 - [TEST_STEP][PASSED] - println("Transaction Approved, no errors text is present on the Confirmation page"): null

2024-05-27 19:14:27 - [TEST_STEP][PASSED] - sdfo = getText(findTestObject("Object Repository/Page_VLinkReceipt/pre_STX")): Text of object 'Object Repository/Page_VLinkReceipt/pre_STX' is: '<STX>NeK5eF73nkzl                  2967793             0  Transaction approved, no errors                   0                                                                                  Y 257023754<ETX>'

2024-05-27 19:14:28 - [MESSAGE][PASSED] - Text of object 'Object Repository/Page_VLinkReceipt/pre_STX' is: '<STX>NeK5eF73nkzl                  2967793             0  Transaction approved, no errors                   0                                                                                  Y 257023754<ETX>'

2024-05-27 19:14:28 - [TEST_STEP][PASSED] - out.println("sdfo: " + sdfo): null

2024-05-27 19:14:28 - [TEST_STEP][PASSED] - remID = substring(5, 35).trim(): null

2024-05-27 19:14:28 - [TEST_STEP][PASSED] - out.println("remID: " + remID): null

2024-05-27 19:14:28 - [TEST_STEP][PASSED] - traxID = substring(35, 55).trim(): null

2024-05-27 19:14:28 - [TEST_STEP][PASSED] - out.println("traxID: " + traxID): null

2024-05-27 19:14:28 - [TEST_STEP][PASSED] - VLinkSaleRemID = remID: null

2024-05-27 19:14:28 - [TEST_STEP][PASSED] - VLinkSaleTranxID = traxID: null

2024-05-27 19:14:28 - [TEST_STEP][PASSED] - openBrowser(VLinkURL + "CC_credit.html"): Browser is opened with url: 'https://dev-algorithm.govolution.com/vlinktest/demo/version_2_0/CC_credit.html'

2024-05-27 19:14:28 - [MESSAGE][WARNING] - A browser is already opened. Closing browser and opening a new one

2024-05-27 19:14:29 - [MESSAGE][INFO] - Starting 'Chrome' driver

2024-05-27 19:14:29 - [MESSAGE][INFO] - User set preference: ['acceptInsecureCerts', 'true']

2024-05-27 19:14:29 - [MESSAGE][INFO] - Action delay is set to 0 milliseconds

2024-05-27 19:14:31 - [MESSAGE][PASSED] - Browser is opened with url: 'https://dev-algorithm.govolution.com/vlinktest/demo/version_2_0/CC_credit.html'

2024-05-27 19:14:31 - [TEST_STEP][PASSED] - maximizeWindow(): Current window maximized

2024-05-27 19:14:31 - [MESSAGE][PASSED] - Current window maximized

2024-05-27 19:14:31 - [TEST_STEP][PASSED] - setText(findTestObject("Object Repository/RecAndPlayBk/Page-Vlink-CC-Credit/input_Remittance Id"), VLinkSaleRemID): Text 'NeK5eF73nkzl' is set on object 'Object Repository/RecAndPlayBk/Page-Vlink-CC-Credit/input_Remittance Id'

2024-05-27 19:14:32 - [MESSAGE][PASSED] - Text 'NeK5eF73nkzl' is set on object 'Object Repository/RecAndPlayBk/Page-Vlink-CC-Credit/input_Remittance Id'

2024-05-27 19:14:32 - [TEST_STEP][PASSED] - setText(findTestObject("Object Repository/RecAndPlayBk/Page-Vlink-CC-Credit/input_Application Id"), appID): Text '1773' is set on object 'Object Repository/RecAndPlayBk/Page-Vlink-CC-Credit/input_Application Id'

2024-05-27 19:14:33 - [MESSAGE][PASSED] - Text '1773' is set on object 'Object Repository/RecAndPlayBk/Page-Vlink-CC-Credit/input_Application Id'

2024-05-27 19:14:33 - [TEST_STEP][PASSED] - setText(findTestObject("Object Repository/RecAndPlayBk/Page-Vlink-CC-Credit/input_Username"), username): Text 'Qq2BV1qtr' is set on object 'Object Repository/RecAndPlayBk/Page-Vlink-CC-Credit/input_Username'

2024-05-27 19:14:33 - [MESSAGE][PASSED] - Text 'Qq2BV1qtr' is set on object 'Object Repository/RecAndPlayBk/Page-Vlink-CC-Credit/input_Username'

2024-05-27 19:14:33 - [TEST_STEP][PASSED] - setText(findTestObject("Object Repository/RecAndPlayBk/Page-Vlink-CC-Credit/input_Password"), password): Text 'tUmWBiLUx' is set on object 'Object Repository/RecAndPlayBk/Page-Vlink-CC-Credit/input_Password'

2024-05-27 19:14:34 - [MESSAGE][PASSED] - Text 'tUmWBiLUx' is set on object 'Object Repository/RecAndPlayBk/Page-Vlink-CC-Credit/input_Password'

2024-05-27 19:14:34 - [TEST_STEP][PASSED] - setText(findTestObject("Object Repository/RecAndPlayBk/Page-Vlink-CC-Credit/input_Transaction ID"), VLinkSaleTranxID): Text '2967793' is set on object 'Object Repository/RecAndPlayBk/Page-Vlink-CC-Credit/input_Transaction ID'

2024-05-27 19:14:35 - [MESSAGE][PASSED] - Text '2967793' is set on object 'Object Repository/RecAndPlayBk/Page-Vlink-CC-Credit/input_Transaction ID'

2024-05-27 19:14:35 - [TEST_STEP][PASSED] - setText(findTestObject("Object Repository/RecAndPlayBk/Page-Vlink-CC-Credit/input_Amount"), amount): Text '10.5' is set on object 'Object Repository/RecAndPlayBk/Page-Vlink-CC-Credit/input_Amount'

2024-05-27 19:14:36 - [MESSAGE][PASSED] - Text '10.5' is set on object 'Object Repository/RecAndPlayBk/Page-Vlink-CC-Credit/input_Amount'

2024-05-27 19:14:36 - [TEST_STEP][PASSED] - setText(findTestObject("Object Repository/RecAndPlayBk/Page-Vlink-CC-Credit/input_Card number"), ""): Text '' is set on object 'Object Repository/RecAndPlayBk/Page-Vlink-CC-Credit/input_Card number'

2024-05-27 19:14:36 - [MESSAGE][PASSED] - Text '' is set on object 'Object Repository/RecAndPlayBk/Page-Vlink-CC-Credit/input_Card number'

2024-05-27 19:14:36 - [TEST_STEP][PASSED] - setText(findTestObject("Object Repository/RecAndPlayBk/Page-Vlink-CC-Credit/input_Card ex month"), ""): Text '' is set on object 'Object Repository/RecAndPlayBk/Page-Vlink-CC-Credit/input_Card ex month'

2024-05-27 19:14:37 - [MESSAGE][PASSED] - Text '' is set on object 'Object Repository/RecAndPlayBk/Page-Vlink-CC-Credit/input_Card ex month'

2024-05-27 19:14:37 - [TEST_STEP][PASSED] - setText(findTestObject("Object Repository/RecAndPlayBk/Page-Vlink-CC-Credit/input_Card ex year"), ""): Text '' is set on object 'Object Repository/RecAndPlayBk/Page-Vlink-CC-Credit/input_Card ex year'

2024-05-27 19:14:38 - [MESSAGE][PASSED] - Text '' is set on object 'Object Repository/RecAndPlayBk/Page-Vlink-CC-Credit/input_Card ex year'

2024-05-27 19:14:38 - [TEST_STEP][PASSED] - setText(findTestObject("Object Repository/RecAndPlayBk/Page-Vlink-CC-Credit/input_Track Data"), ""): Text '' is set on object 'Object Repository/RecAndPlayBk/Page-Vlink-CC-Credit/input_Track Data'

2024-05-27 19:14:38 - [MESSAGE][PASSED] - Text '' is set on object 'Object Repository/RecAndPlayBk/Page-Vlink-CC-Credit/input_Track Data'

2024-05-27 19:14:38 - [TEST_STEP][PASSED] - setText(findTestObject("Object Repository/RecAndPlayBk/Page-Vlink-CC-Credit/input_Category Code"), category): Text 'RETL' is set on object 'Object Repository/RecAndPlayBk/Page-Vlink-CC-Credit/input_Category Code'

2024-05-27 19:14:39 - [MESSAGE][PASSED] - Text 'RETL' is set on object 'Object Repository/RecAndPlayBk/Page-Vlink-CC-Credit/input_Category Code'

2024-05-27 19:14:39 - [TEST_STEP][PASSED] - click(findTestObject("Object Repository/RecAndPlayBk/Page-Vlink-CC-Credit/input")): Object: 'Object Repository/RecAndPlayBk/Page-Vlink-CC-Credit/input' is clicked on

2024-05-27 19:14:40 - [MESSAGE][PASSED] - Object: 'Object Repository/RecAndPlayBk/Page-Vlink-CC-Credit/input' is clicked on

2024-05-27 19:14:40 - [TEST_STEP][PASSED] - if (verifyTextPresent("Transaction approved, no errors", true)): null

2024-05-27 19:14:40 - [MESSAGE][PASSED] - Text 'Transaction approved, no errors' is present on page  using regular expression

2024-05-27 19:14:40 - [TEST_STEP][PASSED] - sdfo = getText(findTestObject("Object Repository/Page_VLinkReceipt/pre_STX")): Text of object 'Object Repository/Page_VLinkReceipt/pre_STX' is: '<STX>NeK5eF73nkzl                  2967794             0  Transaction approved, no errors                   0                                                                                             <ETX>'

2024-05-27 19:14:41 - [MESSAGE][PASSED] - Text of object 'Object Repository/Page_VLinkReceipt/pre_STX' is: '<STX>NeK5eF73nkzl                  2967794             0  Transaction approved, no errors                   0                                                                                             <ETX>'

2024-05-27 19:14:41 - [TEST_STEP][PASSED] - out.println("sdfo: " + sdfo): null

2024-05-27 19:14:41 - [TEST_STEP][PASSED] - remID = substring(5, 35).trim(): null

2024-05-27 19:14:41 - [TEST_STEP][PASSED] - out.println("remID: " + remID): null

2024-05-27 19:14:41 - [TEST_STEP][PASSED] - traxID = substring(35, 55).trim(): null

2024-05-27 19:14:41 - [TEST_STEP][PASSED] - out.println("traxID: " + traxID): null

2024-05-27 19:14:41 - [TEST_STEP][PASSED] - VLinkSaleRemID = remID: null

2024-05-27 19:14:41 - [TEST_STEP][PASSED] - VLinkSaleTranxID = traxID: null

2024-05-27 19:14:41 - [TEST_STEP][PASSED] - openBrowser(VLinkURL + "CC_void.html"): Browser is opened with url: 'https://dev-algorithm.govolution.com/vlinktest/demo/version_2_0/CC_void.html'

2024-05-27 19:14:41 - [MESSAGE][WARNING] - A browser is already opened. Closing browser and opening a new one

2024-05-27 19:14:42 - [MESSAGE][INFO] - Starting 'Chrome' driver

2024-05-27 19:14:42 - [MESSAGE][INFO] - User set preference: ['acceptInsecureCerts', 'true']

2024-05-27 19:14:42 - [MESSAGE][INFO] - Action delay is set to 0 milliseconds

2024-05-27 19:14:44 - [MESSAGE][PASSED] - Browser is opened with url: 'https://dev-algorithm.govolution.com/vlinktest/demo/version_2_0/CC_void.html'

2024-05-27 19:14:44 - [TEST_STEP][PASSED] - maximizeWindow(): Current window maximized

2024-05-27 19:14:44 - [MESSAGE][PASSED] - Current window maximized

2024-05-27 19:14:44 - [TEST_STEP][PASSED] - setText(findTestObject("Object Repository/RecAndPlayBk/Page-Vlink-CC-Void/txt_RemID"), VLinkSaleRemID): Text 'NeK5eF73nkzl' is set on object 'Object Repository/RecAndPlayBk/Page-Vlink-CC-Void/txt_RemID'

2024-05-27 19:14:45 - [MESSAGE][PASSED] - Text 'NeK5eF73nkzl' is set on object 'Object Repository/RecAndPlayBk/Page-Vlink-CC-Void/txt_RemID'

2024-05-27 19:14:45 - [TEST_STEP][PASSED] - setText(findTestObject("Object Repository/RecAndPlayBk/Page-Vlink-CC-Void/txt_ApplicationID"), appID): Text '1773' is set on object 'Object Repository/RecAndPlayBk/Page-Vlink-CC-Void/txt_ApplicationID'

2024-05-27 19:14:46 - [MESSAGE][PASSED] - Text '1773' is set on object 'Object Repository/RecAndPlayBk/Page-Vlink-CC-Void/txt_ApplicationID'

2024-05-27 19:14:46 - [TEST_STEP][PASSED] - setText(findTestObject("Object Repository/RecAndPlayBk/Page-Vlink-CC-Void/txt_Username"), username): Text 'Qq2BV1qtr' is set on object 'Object Repository/RecAndPlayBk/Page-Vlink-CC-Void/txt_Username'

2024-05-27 19:14:46 - [MESSAGE][PASSED] - Text 'Qq2BV1qtr' is set on object 'Object Repository/RecAndPlayBk/Page-Vlink-CC-Void/txt_Username'

2024-05-27 19:14:46 - [TEST_STEP][PASSED] - setText(findTestObject("Object Repository/RecAndPlayBk/Page-Vlink-CC-Void/txt_Password"), password): Text 'tUmWBiLUx' is set on object 'Object Repository/RecAndPlayBk/Page-Vlink-CC-Void/txt_Password'

2024-05-27 19:14:47 - [MESSAGE][PASSED] - Text 'tUmWBiLUx' is set on object 'Object Repository/RecAndPlayBk/Page-Vlink-CC-Void/txt_Password'

2024-05-27 19:14:47 - [TEST_STEP][PASSED] - setText(findTestObject("Object Repository/RecAndPlayBk/Page-Vlink-CC-Void/txt_TransactionID"), VLinkSaleTranxID): Text '2967794' is set on object 'Object Repository/RecAndPlayBk/Page-Vlink-CC-Void/txt_TransactionID'

2024-05-27 19:14:48 - [MESSAGE][PASSED] - Text '2967794' is set on object 'Object Repository/RecAndPlayBk/Page-Vlink-CC-Void/txt_TransactionID'

2024-05-27 19:14:48 - [TEST_STEP][PASSED] - setText(findTestObject("Object Repository/RecAndPlayBk/Page-Vlink-CC-Void/txt_OriginalTransactionType"), "104"): Text '104' is set on object 'Object Repository/RecAndPlayBk/Page-Vlink-CC-Void/txt_OriginalTransactionType'

2024-05-27 19:14:49 - [MESSAGE][PASSED] - Text '104' is set on object 'Object Repository/RecAndPlayBk/Page-Vlink-CC-Void/txt_OriginalTransactionType'

2024-05-27 19:14:49 - [TEST_STEP][PASSED] - setText(findTestObject("Object Repository/RecAndPlayBk/Page-Vlink-CC-Void/txt_TrackData"), ""): Text '' is set on object 'Object Repository/RecAndPlayBk/Page-Vlink-CC-Void/txt_TrackData'

2024-05-27 19:14:49 - [MESSAGE][PASSED] - Text '' is set on object 'Object Repository/RecAndPlayBk/Page-Vlink-CC-Void/txt_TrackData'

2024-05-27 19:14:49 - [TEST_STEP][PASSED] - click(findTestObject("Object Repository/RecAndPlayBk/Page-Vlink-CC-Void/btn_ProcessVLinkTransaction")): Object: 'Object Repository/RecAndPlayBk/Page-Vlink-CC-Void/btn_ProcessVLinkTransaction' is clicked on

2024-05-27 19:14:50 - [MESSAGE][PASSED] - Object: 'Object Repository/RecAndPlayBk/Page-Vlink-CC-Void/btn_ProcessVLinkTransaction' is clicked on

2024-05-27 19:14:50 - [TEST_STEP][PASSED] - if (verifyTextPresent("Transaction approved, no errors", true)): null

2024-05-27 19:14:51 - [MESSAGE][PASSED] - Text 'Transaction approved, no errors' is present on page  using regular expression

2024-05-27 19:14:51 - [TEST_STEP][PASSED] - println("Transaction Approved, no errors text is present on the Confirmation page"): null

2024-05-27 19:14:51 - [TEST_STEP][PASSED] - out.println("Pass Record Number: " + row): null

2024-05-27 19:14:51 - [TEST_STEP][PASSED] - resText = "Pass": null

2024-05-27 19:14:51 - [TEST_STEP][PASSED] - pages.WriteExcel.demoKey(resText, datText, resColumn, datCloumn, fileLoc, nameSheet, row): pages.WriteExcel.demoKey is PASSED

2024-05-27 19:14:51 - [MESSAGE][PASSED] - pages.WriteExcel.demoKey is PASSED

2024-05-27 19:14:51 - [TEST_STEP][PASSED] - ExecuteTC = findTestData(dataFile).getValue("Execute", row): null

2024-05-27 19:14:51 - [TEST_STEP][PASSED] - out.println("Value of Execute is : " + ExecuteTC): null

2024-05-27 19:14:51 - [TEST_STEP][PASSED] - switch (executionProfile): null

2024-05-27 19:14:51 - [TEST_STEP][PASSED] - case "DemoProfile":: null

2024-05-27 19:14:51 - [TEST_STEP][PASSED] - appID = findTestData(dataFile).getValue("AppIDDemo", row): null

2024-05-27 19:14:51 - [TEST_STEP][PASSED] - username = findTestData(dataFile).getValue("UsernameDemo", row): null

2024-05-27 19:14:51 - [TEST_STEP][PASSED] - password = findTestData(dataFile).getValue("PasswordDemo", row): null

2024-05-27 19:14:51 - [TEST_STEP][PASSED] - break: null

2024-05-27 19:14:51 - [TEST_STEP][PASSED] - if (ExecuteTC.equalsIgnoreCase("Y")): null

2024-05-27 19:14:51 - [TEST_STEP][PASSED] - out.println("Begin Record Number: " + row): null

2024-05-27 19:14:51 - [TEST_STEP][PASSED] - today = new java.util.Date(): null

2024-05-27 19:14:51 - [TEST_STEP][PASSED] - println(today): null

2024-05-27 19:14:51 - [TEST_STEP][PASSED] - datText = today: null

2024-05-27 19:14:51 - [TEST_STEP][PASSED] - category = findTestData(dataFile).getValue("Category", row): null

2024-05-27 19:14:51 - [TEST_STEP][PASSED] - amount = findTestData(dataFile).getValue("Amount", row): null

2024-05-27 19:14:52 - [TEST_STEP][PASSED] - cardNumber = findTestData(dataFile).getValue("CardNumber", row): null

2024-05-27 19:14:52 - [TEST_STEP][PASSED] - exM = findTestData(dataFile).getValue("ExM", row): null

2024-05-27 19:14:52 - [TEST_STEP][PASSED] - exY = findTestData(dataFile).getValue("ExY", row): null

2024-05-27 19:14:52 - [TEST_STEP][PASSED] - openBrowser(VLinkURL + "authcap.html"): Browser is opened with url: 'https://dev-algorithm.govolution.com/vlinktest/demo/version_2_0/authcap.html'

2024-05-27 19:14:52 - [MESSAGE][WARNING] - A browser is already opened. Closing browser and opening a new one

2024-05-27 19:14:53 - [MESSAGE][INFO] - Starting 'Chrome' driver

2024-05-27 19:14:53 - [MESSAGE][INFO] - User set preference: ['acceptInsecureCerts', 'true']

2024-05-27 19:14:53 - [MESSAGE][INFO] - Action delay is set to 0 milliseconds

2024-05-27 19:14:55 - [MESSAGE][PASSED] - Browser is opened with url: 'https://dev-algorithm.govolution.com/vlinktest/demo/version_2_0/authcap.html'

2024-05-27 19:14:55 - [TEST_STEP][PASSED] - maximizeWindow(): Current window maximized

2024-05-27 19:14:55 - [MESSAGE][PASSED] - Current window maximized

2024-05-27 19:14:55 - [TEST_STEP][PASSED] - maximizeWindow(): Current window maximized

2024-05-27 19:14:55 - [MESSAGE][PASSED] - Current window maximized

2024-05-27 19:14:55 - [TEST_STEP][PASSED] - genRemID = RandomStringUtils.random(12, true, true): null

2024-05-27 19:14:55 - [TEST_STEP][PASSED] - setText(findTestObject("Object Repository/RecAndPlayBk/Page-Vlink-Sale/input_Remittance Id_remittance_id"), genRemID): Text 'hLejW2vSb2sO' is set on object 'Object Repository/RecAndPlayBk/Page-Vlink-Sale/input_Remittance Id_remittance_id'

2024-05-27 19:14:56 - [MESSAGE][PASSED] - Text 'hLejW2vSb2sO' is set on object 'Object Repository/RecAndPlayBk/Page-Vlink-Sale/input_Remittance Id_remittance_id'

2024-05-27 19:14:56 - [TEST_STEP][PASSED] - setText(findTestObject("Object Repository/RecAndPlayBk/Page-Vlink-Sale/input_Application Id_application_id"), appID): Text '2435' is set on object 'Object Repository/RecAndPlayBk/Page-Vlink-Sale/input_Application Id_application_id'

2024-05-27 19:14:56 - [MESSAGE][PASSED] - Text '2435' is set on object 'Object Repository/RecAndPlayBk/Page-Vlink-Sale/input_Application Id_application_id'

2024-05-27 19:14:56 - [TEST_STEP][PASSED] - setText(findTestObject("Object Repository/RecAndPlayBk/Page-Vlink-Sale/input_Username_username"), username): Text 'health' is set on object 'Object Repository/RecAndPlayBk/Page-Vlink-Sale/input_Username_username'

2024-05-27 19:14:57 - [MESSAGE][PASSED] - Text 'health' is set on object 'Object Repository/RecAndPlayBk/Page-Vlink-Sale/input_Username_username'

2024-05-27 19:14:57 - [TEST_STEP][PASSED] - setText(findTestObject("Object Repository/RecAndPlayBk/Page-Vlink-Sale/input_Password_password"), password): Text '11111111' is set on object 'Object Repository/RecAndPlayBk/Page-Vlink-Sale/input_Password_password'

2024-05-27 19:14:58 - [MESSAGE][PASSED] - Text '11111111' is set on object 'Object Repository/RecAndPlayBk/Page-Vlink-Sale/input_Password_password'

2024-05-27 19:14:58 - [TEST_STEP][PASSED] - setText(findTestObject("Object Repository/RecAndPlayBk/Page-Vlink-Sale/input_Category_category"), category): Text 'ECOM' is set on object 'Object Repository/RecAndPlayBk/Page-Vlink-Sale/input_Category_category'

2024-05-27 19:14:58 - [MESSAGE][PASSED] - Text 'ECOM' is set on object 'Object Repository/RecAndPlayBk/Page-Vlink-Sale/input_Category_category'

2024-05-27 19:14:58 - [TEST_STEP][PASSED] - setText(findTestObject("Object Repository/RecAndPlayBk/Page-Vlink-Sale/input_Amount_amount"), amount): Text '10.5' is set on object 'Object Repository/RecAndPlayBk/Page-Vlink-Sale/input_Amount_amount'

2024-05-27 19:14:59 - [MESSAGE][PASSED] - Text '10.5' is set on object 'Object Repository/RecAndPlayBk/Page-Vlink-Sale/input_Amount_amount'

2024-05-27 19:14:59 - [TEST_STEP][PASSED] - doubleClick(findTestObject("Object Repository/RecAndPlayBk/Page-Vlink-Sale/input_Card number_card_number")): Object: 'Object Repository/RecAndPlayBk/Page-Vlink-Sale/input_Card number_card_number' is double clicked on

2024-05-27 19:15:00 - [MESSAGE][PASSED] - Object: 'Object Repository/RecAndPlayBk/Page-Vlink-Sale/input_Card number_card_number' is double clicked on

2024-05-27 19:15:00 - [TEST_STEP][PASSED] - setText(findTestObject("Object Repository/RecAndPlayBk/Page-Vlink-Sale/input_Card number_card_number"), cardNumber): Text '4012000098765439' is set on object 'Object Repository/RecAndPlayBk/Page-Vlink-Sale/input_Card number_card_number'

2024-05-27 19:15:00 - [MESSAGE][PASSED] - Text '4012000098765439' is set on object 'Object Repository/RecAndPlayBk/Page-Vlink-Sale/input_Card number_card_number'

2024-05-27 19:15:00 - [TEST_STEP][PASSED] - setText(findTestObject("Object Repository/RecAndPlayBk/Page-Vlink-Sale/input_Card ex month_card_exmo"), exM): Text '12' is set on object 'Object Repository/RecAndPlayBk/Page-Vlink-Sale/input_Card ex month_card_exmo'

2024-05-27 19:15:01 - [MESSAGE][PASSED] - Text '12' is set on object 'Object Repository/RecAndPlayBk/Page-Vlink-Sale/input_Card ex month_card_exmo'

2024-05-27 19:15:01 - [TEST_STEP][PASSED] - setText(findTestObject("Object Repository/RecAndPlayBk/Page-Vlink-Sale/input_Card ex year_card_exyr"), exY): Text '2029' is set on object 'Object Repository/RecAndPlayBk/Page-Vlink-Sale/input_Card ex year_card_exyr'

2024-05-27 19:15:02 - [MESSAGE][PASSED] - Text '2029' is set on object 'Object Repository/RecAndPlayBk/Page-Vlink-Sale/input_Card ex year_card_exyr'

2024-05-27 19:15:02 - [TEST_STEP][PASSED] - click(findTestObject("Object Repository/RecAndPlayBk/Page-Vlink-Sale/input_Track Data_track_data")): Object: 'Object Repository/RecAndPlayBk/Page-Vlink-Sale/input_Track Data_track_data' is clicked on

2024-05-27 19:15:02 - [MESSAGE][PASSED] - Object: 'Object Repository/RecAndPlayBk/Page-Vlink-Sale/input_Track Data_track_data' is clicked on

2024-05-27 19:15:02 - [TEST_STEP][PASSED] - click(findTestObject("Object Repository/RecAndPlayBk/Page-Vlink-Sale/input_CVV state_cvv_state")): Object: 'Object Repository/RecAndPlayBk/Page-Vlink-Sale/input_CVV state_cvv_state' is clicked on

2024-05-27 19:15:03 - [MESSAGE][PASSED] - Object: 'Object Repository/RecAndPlayBk/Page-Vlink-Sale/input_CVV state_cvv_state' is clicked on

2024-05-27 19:15:03 - [TEST_STEP][PASSED] - setText(findTestObject("Object Repository/RecAndPlayBk/Page-Vlink-Sale/input_Track Data_track_data"), ""): Text '' is set on object 'Object Repository/RecAndPlayBk/Page-Vlink-Sale/input_Track Data_track_data'

2024-05-27 19:15:03 - [MESSAGE][PASSED] - Text '' is set on object 'Object Repository/RecAndPlayBk/Page-Vlink-Sale/input_Track Data_track_data'

2024-05-27 19:15:03 - [TEST_STEP][PASSED] - setText(findTestObject("Object Repository/RecAndPlayBk/Page-Vlink-Sale/input_concat(Cardholder, , s email)_email"), ""): Text '' is set on object 'Object Repository/RecAndPlayBk/Page-Vlink-Sale/input_concat(Cardholder, , s email)_email'

2024-05-27 19:15:04 - [MESSAGE][PASSED] - Text '' is set on object 'Object Repository/RecAndPlayBk/Page-Vlink-Sale/input_concat(Cardholder, , s email)_email'

2024-05-27 19:15:04 - [TEST_STEP][PASSED] - click(findTestObject("Object Repository/RecAndPlayBk/Page-Vlink-Sale/input_user_defined10_user_defined10")): Object: 'Object Repository/RecAndPlayBk/Page-Vlink-Sale/input_user_defined10_user_defined10' is clicked on

2024-05-27 19:15:05 - [MESSAGE][PASSED] - Object: 'Object Repository/RecAndPlayBk/Page-Vlink-Sale/input_user_defined10_user_defined10' is clicked on

2024-05-27 19:15:05 - [TEST_STEP][PASSED] - if (executionProfile.equalsIgnoreCase("QAProfile") || executionProfile.equalsIgnoreCase("DemoProfile")): Text '' is set on object 'Object Repository/RecAndPlayBk/Page-Vlink-Sale/input_COF Transaction Initiated by_cof_tran_6cded5'

2024-05-27 19:15:05 - [TEST_STEP][PASSED] - setText(findTestObject("Object Repository/RecAndPlayBk/Page-Vlink-Sale/input_Card on File Indicator_card_on_file_i_157dae"), ""): Text '' is set on object 'Object Repository/RecAndPlayBk/Page-Vlink-Sale/input_Card on File Indicator_card_on_file_i_157dae'

2024-05-27 19:15:05 - [MESSAGE][PASSED] - Text '' is set on object 'Object Repository/RecAndPlayBk/Page-Vlink-Sale/input_Card on File Indicator_card_on_file_i_157dae'

2024-05-27 19:15:05 - [TEST_STEP][PASSED] - setText(findTestObject("Object Repository/RecAndPlayBk/Page-Vlink-Sale/input_Stored Credential Indicator_stored_cr_4ae73c"), ""): Text '' is set on object 'Object Repository/RecAndPlayBk/Page-Vlink-Sale/input_Stored Credential Indicator_stored_cr_4ae73c'

2024-05-27 19:15:06 - [MESSAGE][PASSED] - Text '' is set on object 'Object Repository/RecAndPlayBk/Page-Vlink-Sale/input_Stored Credential Indicator_stored_cr_4ae73c'

2024-05-27 19:15:06 - [TEST_STEP][PASSED] - setText(findTestObject("Object Repository/RecAndPlayBk/Page-Vlink-Sale/input_COF Scheduled indicator_cof_scheduled_8df7d8"), ""): Text '' is set on object 'Object Repository/RecAndPlayBk/Page-Vlink-Sale/input_COF Scheduled indicator_cof_scheduled_8df7d8'

2024-05-27 19:15:07 - [MESSAGE][PASSED] - Text '' is set on object 'Object Repository/RecAndPlayBk/Page-Vlink-Sale/input_COF Scheduled indicator_cof_scheduled_8df7d8'

2024-05-27 19:15:07 - [TEST_STEP][PASSED] - setText(findTestObject("Object Repository/RecAndPlayBk/Page-Vlink-Sale/input_COF Transaction Initiated by_cof_tran_6cded5"), ""): Text '' is set on object 'Object Repository/RecAndPlayBk/Page-Vlink-Sale/input_COF Transaction Initiated by_cof_tran_6cded5'

2024-05-27 19:15:08 - [MESSAGE][PASSED] - Text '' is set on object 'Object Repository/RecAndPlayBk/Page-Vlink-Sale/input_COF Transaction Initiated by_cof_tran_6cded5'

2024-05-27 19:15:08 - [TEST_STEP][PASSED] - click(findTestObject("Object Repository/RecAndPlayBk/Page-Vlink-Sale/input")): Object: 'Object Repository/RecAndPlayBk/Page-Vlink-Sale/input' is clicked on

2024-05-27 19:15:09 - [MESSAGE][PASSED] - Object: 'Object Repository/RecAndPlayBk/Page-Vlink-Sale/input' is clicked on

2024-05-27 19:15:09 - [TEST_STEP][PASSED] - if (verifyTextPresent("Transaction approved, no errors", true)): null

2024-05-27 19:15:09 - [MESSAGE][PASSED] - Text 'Transaction approved, no errors' is present on page  using regular expression

2024-05-27 19:15:09 - [TEST_STEP][PASSED] - println("Transaction Approved, no errors text is present on the Confirmation page"): null

2024-05-27 19:15:09 - [TEST_STEP][PASSED] - sdfo = getText(findTestObject("Object Repository/Page_VLinkReceipt/pre_STX")): Text of object 'Object Repository/Page_VLinkReceipt/pre_STX' is: '<STX>hLejW2vSb2sO                  2967796             0  Transaction approved, no errors                   0                                                                                  N 765439   <ETX>'

2024-05-27 19:15:10 - [MESSAGE][PASSED] - Text of object 'Object Repository/Page_VLinkReceipt/pre_STX' is: '<STX>hLejW2vSb2sO                  2967796             0  Transaction approved, no errors                   0                                                                                  N 765439   <ETX>'

2024-05-27 19:15:10 - [TEST_STEP][PASSED] - out.println("sdfo: " + sdfo): null

2024-05-27 19:15:10 - [TEST_STEP][PASSED] - remID = substring(5, 35).trim(): null

2024-05-27 19:15:10 - [TEST_STEP][PASSED] - out.println("remID: " + remID): null

2024-05-27 19:15:10 - [TEST_STEP][PASSED] - traxID = substring(35, 55).trim(): null

2024-05-27 19:15:10 - [TEST_STEP][PASSED] - out.println("traxID: " + traxID): null

2024-05-27 19:15:10 - [TEST_STEP][PASSED] - VLinkSaleRemID = remID: null

2024-05-27 19:15:10 - [TEST_STEP][PASSED] - VLinkSaleTranxID = traxID: null

2024-05-27 19:15:10 - [TEST_STEP][PASSED] - openBrowser(VLinkURL + "CC_credit.html"): Browser is opened with url: 'https://dev-algorithm.govolution.com/vlinktest/demo/version_2_0/CC_credit.html'

2024-05-27 19:15:10 - [MESSAGE][WARNING] - A browser is already opened. Closing browser and opening a new one

2024-05-27 19:15:11 - [MESSAGE][INFO] - Starting 'Chrome' driver

2024-05-27 19:15:11 - [MESSAGE][INFO] - User set preference: ['acceptInsecureCerts', 'true']

2024-05-27 19:15:11 - [MESSAGE][INFO] - Action delay is set to 0 milliseconds

2024-05-27 19:15:13 - [MESSAGE][PASSED] - Browser is opened with url: 'https://dev-algorithm.govolution.com/vlinktest/demo/version_2_0/CC_credit.html'

2024-05-27 19:15:13 - [TEST_STEP][PASSED] - maximizeWindow(): Current window maximized

2024-05-27 19:15:13 - [MESSAGE][PASSED] - Current window maximized

2024-05-27 19:15:13 - [TEST_STEP][PASSED] - setText(findTestObject("Object Repository/RecAndPlayBk/Page-Vlink-CC-Credit/input_Remittance Id"), VLinkSaleRemID): Text 'hLejW2vSb2sO' is set on object 'Object Repository/RecAndPlayBk/Page-Vlink-CC-Credit/input_Remittance Id'

2024-05-27 19:15:14 - [MESSAGE][PASSED] - Text 'hLejW2vSb2sO' is set on object 'Object Repository/RecAndPlayBk/Page-Vlink-CC-Credit/input_Remittance Id'

2024-05-27 19:15:14 - [TEST_STEP][PASSED] - setText(findTestObject("Object Repository/RecAndPlayBk/Page-Vlink-CC-Credit/input_Application Id"), appID): Text '2435' is set on object 'Object Repository/RecAndPlayBk/Page-Vlink-CC-Credit/input_Application Id'

2024-05-27 19:15:15 - [MESSAGE][PASSED] - Text '2435' is set on object 'Object Repository/RecAndPlayBk/Page-Vlink-CC-Credit/input_Application Id'

2024-05-27 19:15:15 - [TEST_STEP][PASSED] - setText(findTestObject("Object Repository/RecAndPlayBk/Page-Vlink-CC-Credit/input_Username"), username): Text 'health' is set on object 'Object Repository/RecAndPlayBk/Page-Vlink-CC-Credit/input_Username'

2024-05-27 19:15:16 - [MESSAGE][PASSED] - Text 'health' is set on object 'Object Repository/RecAndPlayBk/Page-Vlink-CC-Credit/input_Username'

2024-05-27 19:15:16 - [TEST_STEP][PASSED] - setText(findTestObject("Object Repository/RecAndPlayBk/Page-Vlink-CC-Credit/input_Password"), password): Text '11111111' is set on object 'Object Repository/RecAndPlayBk/Page-Vlink-CC-Credit/input_Password'

2024-05-27 19:15:16 - [MESSAGE][PASSED] - Text '11111111' is set on object 'Object Repository/RecAndPlayBk/Page-Vlink-CC-Credit/input_Password'

2024-05-27 19:15:16 - [TEST_STEP][PASSED] - setText(findTestObject("Object Repository/RecAndPlayBk/Page-Vlink-CC-Credit/input_Transaction ID"), VLinkSaleTranxID): Text '2967796' is set on object 'Object Repository/RecAndPlayBk/Page-Vlink-CC-Credit/input_Transaction ID'

2024-05-27 19:15:17 - [MESSAGE][PASSED] - Text '2967796' is set on object 'Object Repository/RecAndPlayBk/Page-Vlink-CC-Credit/input_Transaction ID'

2024-05-27 19:15:17 - [TEST_STEP][PASSED] - setText(findTestObject("Object Repository/RecAndPlayBk/Page-Vlink-CC-Credit/input_Amount"), amount): Text '10.5' is set on object 'Object Repository/RecAndPlayBk/Page-Vlink-CC-Credit/input_Amount'

2024-05-27 19:15:18 - [MESSAGE][PASSED] - Text '10.5' is set on object 'Object Repository/RecAndPlayBk/Page-Vlink-CC-Credit/input_Amount'

2024-05-27 19:15:18 - [TEST_STEP][PASSED] - setText(findTestObject("Object Repository/RecAndPlayBk/Page-Vlink-CC-Credit/input_Card number"), ""): Text '' is set on object 'Object Repository/RecAndPlayBk/Page-Vlink-CC-Credit/input_Card number'

2024-05-27 19:15:19 - [MESSAGE][PASSED] - Text '' is set on object 'Object Repository/RecAndPlayBk/Page-Vlink-CC-Credit/input_Card number'

2024-05-27 19:15:19 - [TEST_STEP][PASSED] - setText(findTestObject("Object Repository/RecAndPlayBk/Page-Vlink-CC-Credit/input_Card ex month"), ""): Text '' is set on object 'Object Repository/RecAndPlayBk/Page-Vlink-CC-Credit/input_Card ex month'

2024-05-27 19:15:20 - [MESSAGE][PASSED] - Text '' is set on object 'Object Repository/RecAndPlayBk/Page-Vlink-CC-Credit/input_Card ex month'

2024-05-27 19:15:20 - [TEST_STEP][PASSED] - setText(findTestObject("Object Repository/RecAndPlayBk/Page-Vlink-CC-Credit/input_Card ex year"), ""): Text '' is set on object 'Object Repository/RecAndPlayBk/Page-Vlink-CC-Credit/input_Card ex year'

2024-05-27 19:15:21 - [MESSAGE][PASSED] - Text '' is set on object 'Object Repository/RecAndPlayBk/Page-Vlink-CC-Credit/input_Card ex year'

2024-05-27 19:15:21 - [TEST_STEP][PASSED] - setText(findTestObject("Object Repository/RecAndPlayBk/Page-Vlink-CC-Credit/input_Track Data"), ""): Text '' is set on object 'Object Repository/RecAndPlayBk/Page-Vlink-CC-Credit/input_Track Data'

2024-05-27 19:15:21 - [MESSAGE][PASSED] - Text '' is set on object 'Object Repository/RecAndPlayBk/Page-Vlink-CC-Credit/input_Track Data'

2024-05-27 19:15:21 - [TEST_STEP][PASSED] - setText(findTestObject("Object Repository/RecAndPlayBk/Page-Vlink-CC-Credit/input_Category Code"), category): Text 'ECOM' is set on object 'Object Repository/RecAndPlayBk/Page-Vlink-CC-Credit/input_Category Code'

2024-05-27 19:15:22 - [MESSAGE][PASSED] - Text 'ECOM' is set on object 'Object Repository/RecAndPlayBk/Page-Vlink-CC-Credit/input_Category Code'

2024-05-27 19:15:22 - [TEST_STEP][PASSED] - click(findTestObject("Object Repository/RecAndPlayBk/Page-Vlink-CC-Credit/input")): Object: 'Object Repository/RecAndPlayBk/Page-Vlink-CC-Credit/input' is clicked on

2024-05-27 19:15:24 - [MESSAGE][PASSED] - Object: 'Object Repository/RecAndPlayBk/Page-Vlink-CC-Credit/input' is clicked on

2024-05-27 19:15:24 - [TEST_STEP][PASSED] - if (verifyTextPresent("Transaction approved, no errors", true)): null

2024-05-27 19:15:24 - [MESSAGE][PASSED] - Text 'Transaction approved, no errors' is present on page  using regular expression

2024-05-27 19:15:24 - [TEST_STEP][PASSED] - sdfo = getText(findTestObject("Object Repository/Page_VLinkReceipt/pre_STX")): Text of object 'Object Repository/Page_VLinkReceipt/pre_STX' is: '<STX>hLejW2vSb2sO                  2967797             0  Transaction approved, no errors                   0                                                                                  N 765439   <ETX>'

2024-05-27 19:15:24 - [MESSAGE][PASSED] - Text of object 'Object Repository/Page_VLinkReceipt/pre_STX' is: '<STX>hLejW2vSb2sO                  2967797             0  Transaction approved, no errors                   0                                                                                  N 765439   <ETX>'

2024-05-27 19:15:24 - [TEST_STEP][PASSED] - out.println("sdfo: " + sdfo): null

2024-05-27 19:15:24 - [TEST_STEP][PASSED] - remID = substring(5, 35).trim(): null

2024-05-27 19:15:24 - [TEST_STEP][PASSED] - out.println("remID: " + remID): null

2024-05-27 19:15:24 - [TEST_STEP][PASSED] - traxID = substring(35, 55).trim(): null

2024-05-27 19:15:24 - [TEST_STEP][PASSED] - out.println("traxID: " + traxID): null

2024-05-27 19:15:24 - [TEST_STEP][PASSED] - VLinkSaleRemID = remID: null

2024-05-27 19:15:24 - [TEST_STEP][PASSED] - VLinkSaleTranxID = traxID: null

2024-05-27 19:15:24 - [TEST_STEP][PASSED] - openBrowser(VLinkURL + "CC_void.html"): Browser is opened with url: 'https://dev-algorithm.govolution.com/vlinktest/demo/version_2_0/CC_void.html'

2024-05-27 19:15:24 - [MESSAGE][WARNING] - A browser is already opened. Closing browser and opening a new one

2024-05-27 19:15:25 - [MESSAGE][INFO] - Starting 'Chrome' driver

2024-05-27 19:15:25 - [MESSAGE][INFO] - User set preference: ['acceptInsecureCerts', 'true']

2024-05-27 19:15:26 - [MESSAGE][INFO] - Action delay is set to 0 milliseconds

2024-05-27 19:15:27 - [MESSAGE][PASSED] - Browser is opened with url: 'https://dev-algorithm.govolution.com/vlinktest/demo/version_2_0/CC_void.html'

2024-05-27 19:15:27 - [TEST_STEP][PASSED] - maximizeWindow(): Current window maximized

2024-05-27 19:15:28 - [MESSAGE][PASSED] - Current window maximized

2024-05-27 19:15:28 - [TEST_STEP][PASSED] - setText(findTestObject("Object Repository/RecAndPlayBk/Page-Vlink-CC-Void/txt_RemID"), VLinkSaleRemID): Text 'hLejW2vSb2sO' is set on object 'Object Repository/RecAndPlayBk/Page-Vlink-CC-Void/txt_RemID'

2024-05-27 19:15:28 - [MESSAGE][PASSED] - Text 'hLejW2vSb2sO' is set on object 'Object Repository/RecAndPlayBk/Page-Vlink-CC-Void/txt_RemID'

2024-05-27 19:15:28 - [TEST_STEP][PASSED] - setText(findTestObject("Object Repository/RecAndPlayBk/Page-Vlink-CC-Void/txt_ApplicationID"), appID): Text '2435' is set on object 'Object Repository/RecAndPlayBk/Page-Vlink-CC-Void/txt_ApplicationID'

2024-05-27 19:15:29 - [MESSAGE][PASSED] - Text '2435' is set on object 'Object Repository/RecAndPlayBk/Page-Vlink-CC-Void/txt_ApplicationID'

2024-05-27 19:15:29 - [TEST_STEP][PASSED] - setText(findTestObject("Object Repository/RecAndPlayBk/Page-Vlink-CC-Void/txt_Username"), username): Text 'health' is set on object 'Object Repository/RecAndPlayBk/Page-Vlink-CC-Void/txt_Username'

2024-05-27 19:15:30 - [MESSAGE][PASSED] - Text 'health' is set on object 'Object Repository/RecAndPlayBk/Page-Vlink-CC-Void/txt_Username'

2024-05-27 19:15:30 - [TEST_STEP][PASSED] - setText(findTestObject("Object Repository/RecAndPlayBk/Page-Vlink-CC-Void/txt_Password"), password): Text '11111111' is set on object 'Object Repository/RecAndPlayBk/Page-Vlink-CC-Void/txt_Password'

2024-05-27 19:15:30 - [MESSAGE][PASSED] - Text '11111111' is set on object 'Object Repository/RecAndPlayBk/Page-Vlink-CC-Void/txt_Password'

2024-05-27 19:15:30 - [TEST_STEP][PASSED] - setText(findTestObject("Object Repository/RecAndPlayBk/Page-Vlink-CC-Void/txt_TransactionID"), VLinkSaleTranxID): Text '2967797' is set on object 'Object Repository/RecAndPlayBk/Page-Vlink-CC-Void/txt_TransactionID'

2024-05-27 19:15:31 - [MESSAGE][PASSED] - Text '2967797' is set on object 'Object Repository/RecAndPlayBk/Page-Vlink-CC-Void/txt_TransactionID'

2024-05-27 19:15:31 - [TEST_STEP][PASSED] - setText(findTestObject("Object Repository/RecAndPlayBk/Page-Vlink-CC-Void/txt_OriginalTransactionType"), "104"): Text '104' is set on object 'Object Repository/RecAndPlayBk/Page-Vlink-CC-Void/txt_OriginalTransactionType'

2024-05-27 19:15:32 - [MESSAGE][PASSED] - Text '104' is set on object 'Object Repository/RecAndPlayBk/Page-Vlink-CC-Void/txt_OriginalTransactionType'

2024-05-27 19:15:32 - [TEST_STEP][PASSED] - setText(findTestObject("Object Repository/RecAndPlayBk/Page-Vlink-CC-Void/txt_TrackData"), ""): Text '' is set on object 'Object Repository/RecAndPlayBk/Page-Vlink-CC-Void/txt_TrackData'

2024-05-27 19:15:33 - [MESSAGE][PASSED] - Text '' is set on object 'Object Repository/RecAndPlayBk/Page-Vlink-CC-Void/txt_TrackData'

2024-05-27 19:15:33 - [TEST_STEP][PASSED] - click(findTestObject("Object Repository/RecAndPlayBk/Page-Vlink-CC-Void/btn_ProcessVLinkTransaction")): Object: 'Object Repository/RecAndPlayBk/Page-Vlink-CC-Void/btn_ProcessVLinkTransaction' is clicked on

2024-05-27 19:15:34 - [MESSAGE][PASSED] - Object: 'Object Repository/RecAndPlayBk/Page-Vlink-CC-Void/btn_ProcessVLinkTransaction' is clicked on

2024-05-27 19:15:34 - [TEST_STEP][PASSED] - if (verifyTextPresent("Transaction approved, no errors", true)): null

2024-05-27 19:15:35 - [MESSAGE][PASSED] - Text 'Transaction approved, no errors' is present on page  using regular expression

2024-05-27 19:15:35 - [TEST_STEP][PASSED] - println("Transaction Approved, no errors text is present on the Confirmation page"): null

2024-05-27 19:15:35 - [TEST_STEP][PASSED] - out.println("Pass Record Number: " + row): null

2024-05-27 19:15:35 - [TEST_STEP][PASSED] - resText = "Pass": null

2024-05-27 19:15:35 - [TEST_STEP][PASSED] - pages.WriteExcel.demoKey(resText, datText, resColumn, datCloumn, fileLoc, nameSheet, row): pages.WriteExcel.demoKey is PASSED

2024-05-27 19:15:35 - [MESSAGE][PASSED] - pages.WriteExcel.demoKey is PASSED

2024-05-27 19:15:35 - [TEST_STEP][PASSED] - ExecuteTC = findTestData(dataFile).getValue("Execute", row): null

2024-05-27 19:15:35 - [TEST_STEP][PASSED] - out.println("Value of Execute is : " + ExecuteTC): null

2024-05-27 19:15:35 - [TEST_STEP][PASSED] - switch (executionProfile): null

2024-05-27 19:15:35 - [TEST_STEP][PASSED] - case "DemoProfile":: null

2024-05-27 19:15:35 - [TEST_STEP][PASSED] - appID = findTestData(dataFile).getValue("AppIDDemo", row): null

2024-05-27 19:15:35 - [TEST_STEP][PASSED] - username = findTestData(dataFile).getValue("UsernameDemo", row): null

2024-05-27 19:15:35 - [TEST_STEP][PASSED] - password = findTestData(dataFile).getValue("PasswordDemo", row): null

2024-05-27 19:15:35 - [TEST_STEP][PASSED] - break: null

2024-05-27 19:15:35 - [TEST_STEP][PASSED] - if (ExecuteTC.equalsIgnoreCase("Y")): null

2024-05-27 19:15:35 - [TEST_STEP][PASSED] - out.println("Begin Record Number: " + row): null

2024-05-27 19:15:35 - [TEST_STEP][PASSED] - today = new java.util.Date(): null

2024-05-27 19:15:35 - [TEST_STEP][PASSED] - println(today): null

2024-05-27 19:15:35 - [TEST_STEP][PASSED] - datText = today: null

2024-05-27 19:15:35 - [TEST_STEP][PASSED] - category = findTestData(dataFile).getValue("Category", row): null

2024-05-27 19:15:35 - [TEST_STEP][PASSED] - amount = findTestData(dataFile).getValue("Amount", row): null

2024-05-27 19:15:36 - [TEST_STEP][PASSED] - cardNumber = findTestData(dataFile).getValue("CardNumber", row): null

2024-05-27 19:15:36 - [TEST_STEP][PASSED] - exM = findTestData(dataFile).getValue("ExM", row): null

2024-05-27 19:15:36 - [TEST_STEP][PASSED] - exY = findTestData(dataFile).getValue("ExY", row): null

2024-05-27 19:15:36 - [TEST_STEP][PASSED] - openBrowser(VLinkURL + "authcap.html"): Browser is opened with url: 'https://dev-algorithm.govolution.com/vlinktest/demo/version_2_0/authcap.html'

2024-05-27 19:15:36 - [MESSAGE][WARNING] - A browser is already opened. Closing browser and opening a new one

2024-05-27 19:15:37 - [MESSAGE][INFO] - Starting 'Chrome' driver

2024-05-27 19:15:37 - [MESSAGE][INFO] - User set preference: ['acceptInsecureCerts', 'true']

2024-05-27 19:15:37 - [MESSAGE][INFO] - Action delay is set to 0 milliseconds

2024-05-27 19:15:39 - [MESSAGE][PASSED] - Browser is opened with url: 'https://dev-algorithm.govolution.com/vlinktest/demo/version_2_0/authcap.html'

2024-05-27 19:15:39 - [TEST_STEP][PASSED] - maximizeWindow(): Current window maximized

2024-05-27 19:15:39 - [MESSAGE][PASSED] - Current window maximized

2024-05-27 19:15:39 - [TEST_STEP][PASSED] - maximizeWindow(): Current window maximized

2024-05-27 19:15:39 - [MESSAGE][PASSED] - Current window maximized

2024-05-27 19:15:39 - [TEST_STEP][PASSED] - genRemID = RandomStringUtils.random(12, true, true): null

2024-05-27 19:15:39 - [TEST_STEP][PASSED] - setText(findTestObject("Object Repository/RecAndPlayBk/Page-Vlink-Sale/input_Remittance Id_remittance_id"), genRemID): Text 'ak5S5Cp7T5Q1' is set on object 'Object Repository/RecAndPlayBk/Page-Vlink-Sale/input_Remittance Id_remittance_id'

2024-05-27 19:15:40 - [MESSAGE][PASSED] - Text 'ak5S5Cp7T5Q1' is set on object 'Object Repository/RecAndPlayBk/Page-Vlink-Sale/input_Remittance Id_remittance_id'

2024-05-27 19:15:40 - [TEST_STEP][PASSED] - setText(findTestObject("Object Repository/RecAndPlayBk/Page-Vlink-Sale/input_Application Id_application_id"), appID): Text '3136' is set on object 'Object Repository/RecAndPlayBk/Page-Vlink-Sale/input_Application Id_application_id'

2024-05-27 19:15:41 - [MESSAGE][PASSED] - Text '3136' is set on object 'Object Repository/RecAndPlayBk/Page-Vlink-Sale/input_Application Id_application_id'

2024-05-27 19:15:41 - [TEST_STEP][PASSED] - setText(findTestObject("Object Repository/RecAndPlayBk/Page-Vlink-Sale/input_Username_username"), username): Text 'user3136' is set on object 'Object Repository/RecAndPlayBk/Page-Vlink-Sale/input_Username_username'

2024-05-27 19:15:41 - [MESSAGE][PASSED] - Text 'user3136' is set on object 'Object Repository/RecAndPlayBk/Page-Vlink-Sale/input_Username_username'

2024-05-27 19:15:41 - [TEST_STEP][PASSED] - setText(findTestObject("Object Repository/RecAndPlayBk/Page-Vlink-Sale/input_Password_password"), password): Text 'pwd3136' is set on object 'Object Repository/RecAndPlayBk/Page-Vlink-Sale/input_Password_password'

2024-05-27 19:15:42 - [MESSAGE][PASSED] - Text 'pwd3136' is set on object 'Object Repository/RecAndPlayBk/Page-Vlink-Sale/input_Password_password'

2024-05-27 19:15:42 - [TEST_STEP][PASSED] - setText(findTestObject("Object Repository/RecAndPlayBk/Page-Vlink-Sale/input_Category_category"), category): Text 'ECOM' is set on object 'Object Repository/RecAndPlayBk/Page-Vlink-Sale/input_Category_category'

2024-05-27 19:15:43 - [MESSAGE][PASSED] - Text 'ECOM' is set on object 'Object Repository/RecAndPlayBk/Page-Vlink-Sale/input_Category_category'

2024-05-27 19:15:43 - [TEST_STEP][PASSED] - setText(findTestObject("Object Repository/RecAndPlayBk/Page-Vlink-Sale/input_Amount_amount"), amount): Text '10.5' is set on object 'Object Repository/RecAndPlayBk/Page-Vlink-Sale/input_Amount_amount'

2024-05-27 19:15:43 - [MESSAGE][PASSED] - Text '10.5' is set on object 'Object Repository/RecAndPlayBk/Page-Vlink-Sale/input_Amount_amount'

2024-05-27 19:15:43 - [TEST_STEP][PASSED] - doubleClick(findTestObject("Object Repository/RecAndPlayBk/Page-Vlink-Sale/input_Card number_card_number")): Object: 'Object Repository/RecAndPlayBk/Page-Vlink-Sale/input_Card number_card_number' is double clicked on

2024-05-27 19:15:44 - [MESSAGE][PASSED] - Object: 'Object Repository/RecAndPlayBk/Page-Vlink-Sale/input_Card number_card_number' is double clicked on

2024-05-27 19:15:44 - [TEST_STEP][PASSED] - setText(findTestObject("Object Repository/RecAndPlayBk/Page-Vlink-Sale/input_Card number_card_number"), cardNumber): Text '5146312200000035' is set on object 'Object Repository/RecAndPlayBk/Page-Vlink-Sale/input_Card number_card_number'

2024-05-27 19:15:44 - [MESSAGE][PASSED] - Text '5146312200000035' is set on object 'Object Repository/RecAndPlayBk/Page-Vlink-Sale/input_Card number_card_number'

2024-05-27 19:15:44 - [TEST_STEP][PASSED] - setText(findTestObject("Object Repository/RecAndPlayBk/Page-Vlink-Sale/input_Card ex month_card_exmo"), exM): Text '12' is set on object 'Object Repository/RecAndPlayBk/Page-Vlink-Sale/input_Card ex month_card_exmo'

2024-05-27 19:15:45 - [MESSAGE][PASSED] - Text '12' is set on object 'Object Repository/RecAndPlayBk/Page-Vlink-Sale/input_Card ex month_card_exmo'

2024-05-27 19:15:45 - [TEST_STEP][PASSED] - setText(findTestObject("Object Repository/RecAndPlayBk/Page-Vlink-Sale/input_Card ex year_card_exyr"), exY): Text '2029' is set on object 'Object Repository/RecAndPlayBk/Page-Vlink-Sale/input_Card ex year_card_exyr'

2024-05-27 19:15:46 - [MESSAGE][PASSED] - Text '2029' is set on object 'Object Repository/RecAndPlayBk/Page-Vlink-Sale/input_Card ex year_card_exyr'

2024-05-27 19:15:46 - [TEST_STEP][PASSED] - click(findTestObject("Object Repository/RecAndPlayBk/Page-Vlink-Sale/input_Track Data_track_data")): Object: 'Object Repository/RecAndPlayBk/Page-Vlink-Sale/input_Track Data_track_data' is clicked on

2024-05-27 19:15:46 - [MESSAGE][PASSED] - Object: 'Object Repository/RecAndPlayBk/Page-Vlink-Sale/input_Track Data_track_data' is clicked on

2024-05-27 19:15:46 - [TEST_STEP][PASSED] - click(findTestObject("Object Repository/RecAndPlayBk/Page-Vlink-Sale/input_CVV state_cvv_state")): Object: 'Object Repository/RecAndPlayBk/Page-Vlink-Sale/input_CVV state_cvv_state' is clicked on

2024-05-27 19:15:47 - [MESSAGE][PASSED] - Object: 'Object Repository/RecAndPlayBk/Page-Vlink-Sale/input_CVV state_cvv_state' is clicked on

2024-05-27 19:15:47 - [TEST_STEP][PASSED] - setText(findTestObject("Object Repository/RecAndPlayBk/Page-Vlink-Sale/input_Track Data_track_data"), ""): Text '' is set on object 'Object Repository/RecAndPlayBk/Page-Vlink-Sale/input_Track Data_track_data'

2024-05-27 19:15:47 - [MESSAGE][PASSED] - Text '' is set on object 'Object Repository/RecAndPlayBk/Page-Vlink-Sale/input_Track Data_track_data'

2024-05-27 19:15:47 - [TEST_STEP][PASSED] - setText(findTestObject("Object Repository/RecAndPlayBk/Page-Vlink-Sale/input_concat(Cardholder, , s email)_email"), ""): Text '' is set on object 'Object Repository/RecAndPlayBk/Page-Vlink-Sale/input_concat(Cardholder, , s email)_email'

2024-05-27 19:15:48 - [MESSAGE][PASSED] - Text '' is set on object 'Object Repository/RecAndPlayBk/Page-Vlink-Sale/input_concat(Cardholder, , s email)_email'

2024-05-27 19:15:48 - [TEST_STEP][PASSED] - click(findTestObject("Object Repository/RecAndPlayBk/Page-Vlink-Sale/input_user_defined10_user_defined10")): Object: 'Object Repository/RecAndPlayBk/Page-Vlink-Sale/input_user_defined10_user_defined10' is clicked on

2024-05-27 19:15:48 - [MESSAGE][PASSED] - Object: 'Object Repository/RecAndPlayBk/Page-Vlink-Sale/input_user_defined10_user_defined10' is clicked on

2024-05-27 19:15:48 - [TEST_STEP][PASSED] - if (executionProfile.equalsIgnoreCase("QAProfile") || executionProfile.equalsIgnoreCase("DemoProfile")): Text '' is set on object 'Object Repository/RecAndPlayBk/Page-Vlink-Sale/input_COF Transaction Initiated by_cof_tran_6cded5'

2024-05-27 19:15:48 - [TEST_STEP][PASSED] - setText(findTestObject("Object Repository/RecAndPlayBk/Page-Vlink-Sale/input_Card on File Indicator_card_on_file_i_157dae"), ""): Text '' is set on object 'Object Repository/RecAndPlayBk/Page-Vlink-Sale/input_Card on File Indicator_card_on_file_i_157dae'

2024-05-27 19:15:49 - [MESSAGE][PASSED] - Text '' is set on object 'Object Repository/RecAndPlayBk/Page-Vlink-Sale/input_Card on File Indicator_card_on_file_i_157dae'

2024-05-27 19:15:49 - [TEST_STEP][PASSED] - setText(findTestObject("Object Repository/RecAndPlayBk/Page-Vlink-Sale/input_Stored Credential Indicator_stored_cr_4ae73c"), ""): Text '' is set on object 'Object Repository/RecAndPlayBk/Page-Vlink-Sale/input_Stored Credential Indicator_stored_cr_4ae73c'

2024-05-27 19:15:50 - [MESSAGE][PASSED] - Text '' is set on object 'Object Repository/RecAndPlayBk/Page-Vlink-Sale/input_Stored Credential Indicator_stored_cr_4ae73c'

2024-05-27 19:15:50 - [TEST_STEP][PASSED] - setText(findTestObject("Object Repository/RecAndPlayBk/Page-Vlink-Sale/input_COF Scheduled indicator_cof_scheduled_8df7d8"), ""): Text '' is set on object 'Object Repository/RecAndPlayBk/Page-Vlink-Sale/input_COF Scheduled indicator_cof_scheduled_8df7d8'

2024-05-27 19:15:51 - [MESSAGE][PASSED] - Text '' is set on object 'Object Repository/RecAndPlayBk/Page-Vlink-Sale/input_COF Scheduled indicator_cof_scheduled_8df7d8'

2024-05-27 19:15:51 - [TEST_STEP][PASSED] - setText(findTestObject("Object Repository/RecAndPlayBk/Page-Vlink-Sale/input_COF Transaction Initiated by_cof_tran_6cded5"), ""): Text '' is set on object 'Object Repository/RecAndPlayBk/Page-Vlink-Sale/input_COF Transaction Initiated by_cof_tran_6cded5'

2024-05-27 19:15:51 - [MESSAGE][PASSED] - Text '' is set on object 'Object Repository/RecAndPlayBk/Page-Vlink-Sale/input_COF Transaction Initiated by_cof_tran_6cded5'

2024-05-27 19:15:51 - [TEST_STEP][PASSED] - click(findTestObject("Object Repository/RecAndPlayBk/Page-Vlink-Sale/input")): Object: 'Object Repository/RecAndPlayBk/Page-Vlink-Sale/input' is clicked on

2024-05-27 19:15:53 - [MESSAGE][PASSED] - Object: 'Object Repository/RecAndPlayBk/Page-Vlink-Sale/input' is clicked on

2024-05-27 19:15:53 - [TEST_STEP][PASSED] - if (verifyTextPresent("Transaction approved, no errors", true)): null

2024-05-27 19:15:53 - [MESSAGE][PASSED] - Text 'Transaction approved, no errors' is present on page  using regular expression

2024-05-27 19:15:53 - [TEST_STEP][PASSED] - println("Transaction Approved, no errors text is present on the Confirmation page"): null

2024-05-27 19:15:53 - [TEST_STEP][PASSED] - sdfo = getText(findTestObject("Object Repository/Page_VLinkReceipt/pre_STX")): Text of object 'Object Repository/Page_VLinkReceipt/pre_STX' is: '<STX>ak5S5Cp7T5Q1                  2967799             0  Transaction approved, no errors                   0                                                                                    456454   <ETX>'

2024-05-27 19:15:54 - [MESSAGE][PASSED] - Text of object 'Object Repository/Page_VLinkReceipt/pre_STX' is: '<STX>ak5S5Cp7T5Q1                  2967799             0  Transaction approved, no errors                   0                                                                                    456454   <ETX>'

2024-05-27 19:15:54 - [TEST_STEP][PASSED] - out.println("sdfo: " + sdfo): null

2024-05-27 19:15:54 - [TEST_STEP][PASSED] - remID = substring(5, 35).trim(): null

2024-05-27 19:15:54 - [TEST_STEP][PASSED] - out.println("remID: " + remID): null

2024-05-27 19:15:54 - [TEST_STEP][PASSED] - traxID = substring(35, 55).trim(): null

2024-05-27 19:15:54 - [TEST_STEP][PASSED] - out.println("traxID: " + traxID): null

2024-05-27 19:15:54 - [TEST_STEP][PASSED] - VLinkSaleRemID = remID: null

2024-05-27 19:15:54 - [TEST_STEP][PASSED] - VLinkSaleTranxID = traxID: null

2024-05-27 19:15:54 - [TEST_STEP][PASSED] - openBrowser(VLinkURL + "CC_credit.html"): Browser is opened with url: 'https://dev-algorithm.govolution.com/vlinktest/demo/version_2_0/CC_credit.html'

2024-05-27 19:15:54 - [MESSAGE][WARNING] - A browser is already opened. Closing browser and opening a new one

2024-05-27 19:15:55 - [MESSAGE][INFO] - Starting 'Chrome' driver

2024-05-27 19:15:55 - [MESSAGE][INFO] - User set preference: ['acceptInsecureCerts', 'true']

2024-05-27 19:15:55 - [MESSAGE][INFO] - Action delay is set to 0 milliseconds

2024-05-27 19:15:57 - [MESSAGE][PASSED] - Browser is opened with url: 'https://dev-algorithm.govolution.com/vlinktest/demo/version_2_0/CC_credit.html'

2024-05-27 19:15:57 - [TEST_STEP][PASSED] - maximizeWindow(): Current window maximized

2024-05-27 19:15:57 - [MESSAGE][PASSED] - Current window maximized

2024-05-27 19:15:57 - [TEST_STEP][PASSED] - setText(findTestObject("Object Repository/RecAndPlayBk/Page-Vlink-CC-Credit/input_Remittance Id"), VLinkSaleRemID): Text 'ak5S5Cp7T5Q1' is set on object 'Object Repository/RecAndPlayBk/Page-Vlink-CC-Credit/input_Remittance Id'

2024-05-27 19:15:58 - [MESSAGE][PASSED] - Text 'ak5S5Cp7T5Q1' is set on object 'Object Repository/RecAndPlayBk/Page-Vlink-CC-Credit/input_Remittance Id'

2024-05-27 19:15:58 - [TEST_STEP][PASSED] - setText(findTestObject("Object Repository/RecAndPlayBk/Page-Vlink-CC-Credit/input_Application Id"), appID): Text '3136' is set on object 'Object Repository/RecAndPlayBk/Page-Vlink-CC-Credit/input_Application Id'

2024-05-27 19:15:59 - [MESSAGE][PASSED] - Text '3136' is set on object 'Object Repository/RecAndPlayBk/Page-Vlink-CC-Credit/input_Application Id'

2024-05-27 19:15:59 - [TEST_STEP][PASSED] - setText(findTestObject("Object Repository/RecAndPlayBk/Page-Vlink-CC-Credit/input_Username"), username): Text 'user3136' is set on object 'Object Repository/RecAndPlayBk/Page-Vlink-CC-Credit/input_Username'

2024-05-27 19:15:59 - [MESSAGE][PASSED] - Text 'user3136' is set on object 'Object Repository/RecAndPlayBk/Page-Vlink-CC-Credit/input_Username'

2024-05-27 19:15:59 - [TEST_STEP][PASSED] - setText(findTestObject("Object Repository/RecAndPlayBk/Page-Vlink-CC-Credit/input_Password"), password): Text 'pwd3136' is set on object 'Object Repository/RecAndPlayBk/Page-Vlink-CC-Credit/input_Password'

2024-05-27 19:16:00 - [MESSAGE][PASSED] - Text 'pwd3136' is set on object 'Object Repository/RecAndPlayBk/Page-Vlink-CC-Credit/input_Password'

2024-05-27 19:16:00 - [TEST_STEP][PASSED] - setText(findTestObject("Object Repository/RecAndPlayBk/Page-Vlink-CC-Credit/input_Transaction ID"), VLinkSaleTranxID): Text '2967799' is set on object 'Object Repository/RecAndPlayBk/Page-Vlink-CC-Credit/input_Transaction ID'

2024-05-27 19:16:01 - [MESSAGE][PASSED] - Text '2967799' is set on object 'Object Repository/RecAndPlayBk/Page-Vlink-CC-Credit/input_Transaction ID'

2024-05-27 19:16:01 - [TEST_STEP][PASSED] - setText(findTestObject("Object Repository/RecAndPlayBk/Page-Vlink-CC-Credit/input_Amount"), amount): Text '10.5' is set on object 'Object Repository/RecAndPlayBk/Page-Vlink-CC-Credit/input_Amount'

2024-05-27 19:16:02 - [MESSAGE][PASSED] - Text '10.5' is set on object 'Object Repository/RecAndPlayBk/Page-Vlink-CC-Credit/input_Amount'

2024-05-27 19:16:02 - [TEST_STEP][PASSED] - setText(findTestObject("Object Repository/RecAndPlayBk/Page-Vlink-CC-Credit/input_Card number"), ""): Text '' is set on object 'Object Repository/RecAndPlayBk/Page-Vlink-CC-Credit/input_Card number'

2024-05-27 19:16:03 - [MESSAGE][PASSED] - Text '' is set on object 'Object Repository/RecAndPlayBk/Page-Vlink-CC-Credit/input_Card number'

2024-05-27 19:16:03 - [TEST_STEP][PASSED] - setText(findTestObject("Object Repository/RecAndPlayBk/Page-Vlink-CC-Credit/input_Card ex month"), ""): Text '' is set on object 'Object Repository/RecAndPlayBk/Page-Vlink-CC-Credit/input_Card ex month'

2024-05-27 19:16:03 - [MESSAGE][PASSED] - Text '' is set on object 'Object Repository/RecAndPlayBk/Page-Vlink-CC-Credit/input_Card ex month'

2024-05-27 19:16:03 - [TEST_STEP][PASSED] - setText(findTestObject("Object Repository/RecAndPlayBk/Page-Vlink-CC-Credit/input_Card ex year"), ""): Text '' is set on object 'Object Repository/RecAndPlayBk/Page-Vlink-CC-Credit/input_Card ex year'

2024-05-27 19:16:04 - [MESSAGE][PASSED] - Text '' is set on object 'Object Repository/RecAndPlayBk/Page-Vlink-CC-Credit/input_Card ex year'

2024-05-27 19:16:04 - [TEST_STEP][PASSED] - setText(findTestObject("Object Repository/RecAndPlayBk/Page-Vlink-CC-Credit/input_Track Data"), ""): Text '' is set on object 'Object Repository/RecAndPlayBk/Page-Vlink-CC-Credit/input_Track Data'

2024-05-27 19:16:05 - [MESSAGE][PASSED] - Text '' is set on object 'Object Repository/RecAndPlayBk/Page-Vlink-CC-Credit/input_Track Data'

2024-05-27 19:16:05 - [TEST_STEP][PASSED] - setText(findTestObject("Object Repository/RecAndPlayBk/Page-Vlink-CC-Credit/input_Category Code"), category): Text 'ECOM' is set on object 'Object Repository/RecAndPlayBk/Page-Vlink-CC-Credit/input_Category Code'

2024-05-27 19:16:05 - [MESSAGE][PASSED] - Text 'ECOM' is set on object 'Object Repository/RecAndPlayBk/Page-Vlink-CC-Credit/input_Category Code'

2024-05-27 19:16:05 - [TEST_STEP][PASSED] - click(findTestObject("Object Repository/RecAndPlayBk/Page-Vlink-CC-Credit/input")): Object: 'Object Repository/RecAndPlayBk/Page-Vlink-CC-Credit/input' is clicked on

2024-05-27 19:16:06 - [MESSAGE][PASSED] - Object: 'Object Repository/RecAndPlayBk/Page-Vlink-CC-Credit/input' is clicked on

2024-05-27 19:16:06 - [TEST_STEP][PASSED] - if (verifyTextPresent("Transaction approved, no errors", true)): null

2024-05-27 19:16:07 - [MESSAGE][PASSED] - Text 'Transaction approved, no errors' is present on page  using regular expression

2024-05-27 19:16:07 - [TEST_STEP][PASSED] - sdfo = getText(findTestObject("Object Repository/Page_VLinkReceipt/pre_STX")): Text of object 'Object Repository/Page_VLinkReceipt/pre_STX' is: '<STX>ak5S5Cp7T5Q1                  2967800             0  Transaction approved, no errors                   0                                                                                    456455   <ETX>'

2024-05-27 19:16:07 - [MESSAGE][PASSED] - Text of object 'Object Repository/Page_VLinkReceipt/pre_STX' is: '<STX>ak5S5Cp7T5Q1                  2967800             0  Transaction approved, no errors                   0                                                                                    456455   <ETX>'

2024-05-27 19:16:07 - [TEST_STEP][PASSED] - out.println("sdfo: " + sdfo): null

2024-05-27 19:16:07 - [TEST_STEP][PASSED] - remID = substring(5, 35).trim(): null

2024-05-27 19:16:07 - [TEST_STEP][PASSED] - out.println("remID: " + remID): null

2024-05-27 19:16:07 - [TEST_STEP][PASSED] - traxID = substring(35, 55).trim(): null

2024-05-27 19:16:07 - [TEST_STEP][PASSED] - out.println("traxID: " + traxID): null

2024-05-27 19:16:07 - [TEST_STEP][PASSED] - VLinkSaleRemID = remID: null

2024-05-27 19:16:07 - [TEST_STEP][PASSED] - VLinkSaleTranxID = traxID: null

2024-05-27 19:16:07 - [TEST_STEP][PASSED] - openBrowser(VLinkURL + "CC_void.html"): Browser is opened with url: 'https://dev-algorithm.govolution.com/vlinktest/demo/version_2_0/CC_void.html'

2024-05-27 19:16:07 - [MESSAGE][WARNING] - A browser is already opened. Closing browser and opening a new one

2024-05-27 19:16:09 - [MESSAGE][INFO] - Starting 'Chrome' driver

2024-05-27 19:16:09 - [MESSAGE][INFO] - User set preference: ['acceptInsecureCerts', 'true']

2024-05-27 19:16:09 - [MESSAGE][INFO] - Action delay is set to 0 milliseconds

2024-05-27 19:16:11 - [MESSAGE][PASSED] - Browser is opened with url: 'https://dev-algorithm.govolution.com/vlinktest/demo/version_2_0/CC_void.html'

2024-05-27 19:16:11 - [TEST_STEP][PASSED] - maximizeWindow(): Current window maximized

2024-05-27 19:16:11 - [MESSAGE][PASSED] - Current window maximized

2024-05-27 19:16:11 - [TEST_STEP][PASSED] - setText(findTestObject("Object Repository/RecAndPlayBk/Page-Vlink-CC-Void/txt_RemID"), VLinkSaleRemID): Text 'ak5S5Cp7T5Q1' is set on object 'Object Repository/RecAndPlayBk/Page-Vlink-CC-Void/txt_RemID'

2024-05-27 19:16:12 - [MESSAGE][PASSED] - Text 'ak5S5Cp7T5Q1' is set on object 'Object Repository/RecAndPlayBk/Page-Vlink-CC-Void/txt_RemID'

2024-05-27 19:16:12 - [TEST_STEP][PASSED] - setText(findTestObject("Object Repository/RecAndPlayBk/Page-Vlink-CC-Void/txt_ApplicationID"), appID): Text '3136' is set on object 'Object Repository/RecAndPlayBk/Page-Vlink-CC-Void/txt_ApplicationID'

2024-05-27 19:16:12 - [MESSAGE][PASSED] - Text '3136' is set on object 'Object Repository/RecAndPlayBk/Page-Vlink-CC-Void/txt_ApplicationID'

2024-05-27 19:16:12 - [TEST_STEP][PASSED] - setText(findTestObject("Object Repository/RecAndPlayBk/Page-Vlink-CC-Void/txt_Username"), username): Text 'user3136' is set on object 'Object Repository/RecAndPlayBk/Page-Vlink-CC-Void/txt_Username'

2024-05-27 19:16:13 - [MESSAGE][PASSED] - Text 'user3136' is set on object 'Object Repository/RecAndPlayBk/Page-Vlink-CC-Void/txt_Username'

2024-05-27 19:16:13 - [TEST_STEP][PASSED] - setText(findTestObject("Object Repository/RecAndPlayBk/Page-Vlink-CC-Void/txt_Password"), password): Text 'pwd3136' is set on object 'Object Repository/RecAndPlayBk/Page-Vlink-CC-Void/txt_Password'

2024-05-27 19:16:14 - [MESSAGE][PASSED] - Text 'pwd3136' is set on object 'Object Repository/RecAndPlayBk/Page-Vlink-CC-Void/txt_Password'

2024-05-27 19:16:14 - [TEST_STEP][PASSED] - setText(findTestObject("Object Repository/RecAndPlayBk/Page-Vlink-CC-Void/txt_TransactionID"), VLinkSaleTranxID): Text '2967800' is set on object 'Object Repository/RecAndPlayBk/Page-Vlink-CC-Void/txt_TransactionID'

2024-05-27 19:16:14 - [MESSAGE][PASSED] - Text '2967800' is set on object 'Object Repository/RecAndPlayBk/Page-Vlink-CC-Void/txt_TransactionID'

2024-05-27 19:16:14 - [TEST_STEP][PASSED] - setText(findTestObject("Object Repository/RecAndPlayBk/Page-Vlink-CC-Void/txt_OriginalTransactionType"), "104"): Text '104' is set on object 'Object Repository/RecAndPlayBk/Page-Vlink-CC-Void/txt_OriginalTransactionType'

2024-05-27 19:16:15 - [MESSAGE][PASSED] - Text '104' is set on object 'Object Repository/RecAndPlayBk/Page-Vlink-CC-Void/txt_OriginalTransactionType'

2024-05-27 19:16:15 - [TEST_STEP][PASSED] - setText(findTestObject("Object Repository/RecAndPlayBk/Page-Vlink-CC-Void/txt_TrackData"), ""): Text '' is set on object 'Object Repository/RecAndPlayBk/Page-Vlink-CC-Void/txt_TrackData'

2024-05-27 19:16:16 - [MESSAGE][PASSED] - Text '' is set on object 'Object Repository/RecAndPlayBk/Page-Vlink-CC-Void/txt_TrackData'

2024-05-27 19:16:16 - [TEST_STEP][PASSED] - click(findTestObject("Object Repository/RecAndPlayBk/Page-Vlink-CC-Void/btn_ProcessVLinkTransaction")): Object: 'Object Repository/RecAndPlayBk/Page-Vlink-CC-Void/btn_ProcessVLinkTransaction' is clicked on

2024-05-27 19:16:17 - [MESSAGE][PASSED] - Object: 'Object Repository/RecAndPlayBk/Page-Vlink-CC-Void/btn_ProcessVLinkTransaction' is clicked on

2024-05-27 19:16:17 - [TEST_STEP][PASSED] - if (verifyTextPresent("Transaction approved, no errors", true)): null

2024-05-27 19:16:18 - [MESSAGE][PASSED] - Text 'Transaction approved, no errors' is present on page  using regular expression

2024-05-27 19:16:18 - [TEST_STEP][PASSED] - println("Transaction Approved, no errors text is present on the Confirmation page"): null

2024-05-27 19:16:18 - [TEST_STEP][PASSED] - out.println("Pass Record Number: " + row): null

2024-05-27 19:16:18 - [TEST_STEP][PASSED] - resText = "Pass": null

2024-05-27 19:16:18 - [TEST_STEP][PASSED] - pages.WriteExcel.demoKey(resText, datText, resColumn, datCloumn, fileLoc, nameSheet, row): pages.WriteExcel.demoKey is PASSED

2024-05-27 19:16:18 - [MESSAGE][PASSED] - pages.WriteExcel.demoKey is PASSED]]></system-out>
         <system-err><![CDATA[]]></system-err>
      </testcase>
      <testcase name="Test Cases/RecAndPlayBk/VLink/Auth-Cap-Void" time="178.247" classname="Test Cases/RecAndPlayBk/VLink/Auth-Cap-Void" status="PASSED">
         <system-out><![CDATA[2024-05-27 19:16:18 - [TEST_CASE][PASSED] - Test Cases/RecAndPlayBk/VLink/Auth-Cap-Void: Test Cases/RecAndPlayBk/VLink/Auth-Cap-Void

2024-05-27 19:16:19 - [TEST_STEP][PASSED] - executionProfile = getExecutionProfile(): null

2024-05-27 19:16:19 - [TEST_STEP][PASSED] - out.println("executionProfile : " + executionProfile): null

2024-05-27 19:16:19 - [TEST_STEP][PASSED] - appName = <not implemented yet for class: org.codehaus.groovy.ast.expr.EmptyExpression>: null

2024-05-27 19:16:19 - [TEST_STEP][PASSED] - appID = <not implemented yet for class: org.codehaus.groovy.ast.expr.EmptyExpression>: null

2024-05-27 19:16:19 - [TEST_STEP][PASSED] - username = <not implemented yet for class: org.codehaus.groovy.ast.expr.EmptyExpression>: null

2024-05-27 19:16:19 - [TEST_STEP][PASSED] - password = <not implemented yet for class: org.codehaus.groovy.ast.expr.EmptyExpression>: null

2024-05-27 19:16:19 - [TEST_STEP][PASSED] - cardNameV = <not implemented yet for class: org.codehaus.groovy.ast.expr.EmptyExpression>: null

2024-05-27 19:16:19 - [TEST_STEP][PASSED] - al1V = <not implemented yet for class: org.codehaus.groovy.ast.expr.EmptyExpression>: null

2024-05-27 19:16:19 - [TEST_STEP][PASSED] - al2V = <not implemented yet for class: org.codehaus.groovy.ast.expr.EmptyExpression>: null

2024-05-27 19:16:19 - [TEST_STEP][PASSED] - zipV = <not implemented yet for class: org.codehaus.groovy.ast.expr.EmptyExpression>: null

2024-05-27 19:16:19 - [TEST_STEP][PASSED] - cardTypeV = <not implemented yet for class: org.codehaus.groovy.ast.expr.EmptyExpression>: null

2024-05-27 19:16:19 - [TEST_STEP][PASSED] - last4V = <not implemented yet for class: org.codehaus.groovy.ast.expr.EmptyExpression>: null

2024-05-27 19:16:19 - [TEST_STEP][PASSED] - resText = "Fail": null

2024-05-27 19:16:19 - [TEST_STEP][PASSED] - resColumn = "Result": null

2024-05-27 19:16:19 - [TEST_STEP][PASSED] - datCloumn = "Date": null

2024-05-27 19:16:19 - [TEST_STEP][PASSED] - fileLoc = "KatalonData/VLinkSmokeData.xlsx": null

2024-05-27 19:16:19 - [TEST_STEP][PASSED] - numOfRows = <not implemented yet for class: org.codehaus.groovy.ast.expr.EmptyExpression>: null

2024-05-27 19:16:19 - [TEST_STEP][PASSED] - dataFile = <not implemented yet for class: org.codehaus.groovy.ast.expr.EmptyExpression>: null

2024-05-27 19:16:19 - [TEST_STEP][PASSED] - nameSheet = <not implemented yet for class: org.codehaus.groovy.ast.expr.EmptyExpression>: null

2024-05-27 19:16:19 - [TEST_STEP][PASSED] - nameSheet = "Auth-Cap-Void": null

2024-05-27 19:16:19 - [TEST_STEP][PASSED] - numOfRows = findTestData("QA/VLinkTestData/VLinkAuthCapVoidData").getRowNumbers(): null

2024-05-27 19:16:19 - [TEST_STEP][PASSED] - println("Number of Records: " + numOfRows): null

2024-05-27 19:16:19 - [TEST_STEP][PASSED] - dataFile = "QA/VLinkTestData/VLinkAuthCapVoidData": null

2024-05-27 19:16:19 - [TEST_STEP][PASSED] - for ([row = 1, row <= numOfRows, (row++)]): null

2024-05-27 19:16:19 - [TEST_STEP][PASSED] - ExecuteTC = findTestData(dataFile).getValue("Execute", row): null

2024-05-27 19:16:19 - [TEST_STEP][PASSED] - out.println("Value of Execute is : " + ExecuteTC): null

2024-05-27 19:16:19 - [TEST_STEP][PASSED] - switch (executionProfile): null

2024-05-27 19:16:19 - [TEST_STEP][PASSED] - case "DemoProfile":: null

2024-05-27 19:16:19 - [TEST_STEP][PASSED] - appID = findTestData(dataFile).getValue("AppIDDemo", row): null

2024-05-27 19:16:19 - [TEST_STEP][PASSED] - username = findTestData(dataFile).getValue("UsernameDemo", row): null

2024-05-27 19:16:19 - [TEST_STEP][PASSED] - password = findTestData(dataFile).getValue("PasswordDemo", row): null

2024-05-27 19:16:19 - [TEST_STEP][PASSED] - break: null

2024-05-27 19:16:19 - [TEST_STEP][PASSED] - if (ExecuteTC.equalsIgnoreCase("Y")): null

2024-05-27 19:16:19 - [TEST_STEP][PASSED] - out.println("Begin Record Number: " + row): null

2024-05-27 19:16:19 - [TEST_STEP][PASSED] - today = new java.util.Date(): null

2024-05-27 19:16:19 - [TEST_STEP][PASSED] - println(today): null

2024-05-27 19:16:19 - [TEST_STEP][PASSED] - datText = today: null

2024-05-27 19:16:19 - [TEST_STEP][PASSED] - category = findTestData(dataFile).getValue("Category", row): null

2024-05-27 19:16:19 - [TEST_STEP][PASSED] - amount = findTestData(dataFile).getValue("Amount", row): null

2024-05-27 19:16:19 - [TEST_STEP][PASSED] - cardNumber = findTestData(dataFile).getValue("CardNumber", row): null

2024-05-27 19:16:20 - [TEST_STEP][PASSED] - exM = findTestData(dataFile).getValue("ExM", row): null

2024-05-27 19:16:20 - [TEST_STEP][PASSED] - exY = findTestData(dataFile).getValue("ExY", row): null

2024-05-27 19:16:20 - [TEST_STEP][PASSED] - openBrowser(VLinkURL + "auth.html"): Browser is opened with url: 'https://dev-algorithm.govolution.com/vlinktest/demo/version_2_0/auth.html'

2024-05-27 19:16:20 - [MESSAGE][WARNING] - A browser is already opened. Closing browser and opening a new one

2024-05-27 19:16:21 - [MESSAGE][INFO] - Starting 'Chrome' driver

2024-05-27 19:16:21 - [MESSAGE][INFO] - User set preference: ['acceptInsecureCerts', 'true']

2024-05-27 19:16:21 - [MESSAGE][INFO] - Action delay is set to 0 milliseconds

2024-05-27 19:16:23 - [MESSAGE][PASSED] - Browser is opened with url: 'https://dev-algorithm.govolution.com/vlinktest/demo/version_2_0/auth.html'

2024-05-27 19:16:23 - [TEST_STEP][PASSED] - maximizeWindow(): Current window maximized

2024-05-27 19:16:23 - [MESSAGE][PASSED] - Current window maximized

2024-05-27 19:16:23 - [TEST_STEP][PASSED] - genRemID = RandomStringUtils.random(12, true, true): null

2024-05-27 19:16:23 - [TEST_STEP][PASSED] - setText(findTestObject("Object Repository/RecAndPlayBk/Page-Vlink-AuthOnly/input_Remittance Id_remittance_id"), genRemID): Text '0l3BLHOXb81r' is set on object 'Object Repository/RecAndPlayBk/Page-Vlink-AuthOnly/input_Remittance Id_remittance_id'

2024-05-27 19:16:24 - [MESSAGE][PASSED] - Text '0l3BLHOXb81r' is set on object 'Object Repository/RecAndPlayBk/Page-Vlink-AuthOnly/input_Remittance Id_remittance_id'

2024-05-27 19:16:24 - [TEST_STEP][PASSED] - setText(findTestObject("Object Repository/RecAndPlayBk/Page-Vlink-AuthOnly/input_Application Id_application_id"), appID): Text '1773' is set on object 'Object Repository/RecAndPlayBk/Page-Vlink-AuthOnly/input_Application Id_application_id'

2024-05-27 19:16:25 - [MESSAGE][PASSED] - Text '1773' is set on object 'Object Repository/RecAndPlayBk/Page-Vlink-AuthOnly/input_Application Id_application_id'

2024-05-27 19:16:25 - [TEST_STEP][PASSED] - setText(findTestObject("Object Repository/RecAndPlayBk/Page-Vlink-AuthOnly/input_Username_username"), username): Text 'Qq2BV1qtr' is set on object 'Object Repository/RecAndPlayBk/Page-Vlink-AuthOnly/input_Username_username'

2024-05-27 19:16:25 - [MESSAGE][PASSED] - Text 'Qq2BV1qtr' is set on object 'Object Repository/RecAndPlayBk/Page-Vlink-AuthOnly/input_Username_username'

2024-05-27 19:16:25 - [TEST_STEP][PASSED] - setText(findTestObject("Object Repository/RecAndPlayBk/Page-Vlink-AuthOnly/input_Password_password"), password): Text 'tUmWBiLUx' is set on object 'Object Repository/RecAndPlayBk/Page-Vlink-AuthOnly/input_Password_password'

2024-05-27 19:16:26 - [MESSAGE][PASSED] - Text 'tUmWBiLUx' is set on object 'Object Repository/RecAndPlayBk/Page-Vlink-AuthOnly/input_Password_password'

2024-05-27 19:16:26 - [TEST_STEP][PASSED] - setText(findTestObject("Object Repository/RecAndPlayBk/Page-Vlink-AuthOnly/input_Category_category"), category): Text 'ECOM' is set on object 'Object Repository/RecAndPlayBk/Page-Vlink-AuthOnly/input_Category_category'

2024-05-27 19:16:27 - [MESSAGE][PASSED] - Text 'ECOM' is set on object 'Object Repository/RecAndPlayBk/Page-Vlink-AuthOnly/input_Category_category'

2024-05-27 19:16:27 - [TEST_STEP][PASSED] - setText(findTestObject("Object Repository/RecAndPlayBk/Page-Vlink-AuthOnly/input_Amount_amount"), amount): Text '10.5' is set on object 'Object Repository/RecAndPlayBk/Page-Vlink-AuthOnly/input_Amount_amount'

2024-05-27 19:16:27 - [MESSAGE][PASSED] - Text '10.5' is set on object 'Object Repository/RecAndPlayBk/Page-Vlink-AuthOnly/input_Amount_amount'

2024-05-27 19:16:27 - [TEST_STEP][PASSED] - doubleClick(findTestObject("Object Repository/RecAndPlayBk/Page-Vlink-AuthOnly/input_Card number_card_number")): Object: 'Object Repository/RecAndPlayBk/Page-Vlink-AuthOnly/input_Card number_card_number' is double clicked on

2024-05-27 19:16:28 - [MESSAGE][PASSED] - Object: 'Object Repository/RecAndPlayBk/Page-Vlink-AuthOnly/input_Card number_card_number' is double clicked on

2024-05-27 19:16:28 - [TEST_STEP][PASSED] - setText(findTestObject("Object Repository/RecAndPlayBk/Page-Vlink-AuthOnly/input_Card number_card_number"), cardNumber): Text '4111111111111111' is set on object 'Object Repository/RecAndPlayBk/Page-Vlink-AuthOnly/input_Card number_card_number'

2024-05-27 19:16:29 - [MESSAGE][PASSED] - Text '4111111111111111' is set on object 'Object Repository/RecAndPlayBk/Page-Vlink-AuthOnly/input_Card number_card_number'

2024-05-27 19:16:29 - [TEST_STEP][PASSED] - setText(findTestObject("Object Repository/RecAndPlayBk/Page-Vlink-AuthOnly/input_Card ex month_card_exmo"), exM): Text '12' is set on object 'Object Repository/RecAndPlayBk/Page-Vlink-AuthOnly/input_Card ex month_card_exmo'

2024-05-27 19:16:29 - [MESSAGE][PASSED] - Text '12' is set on object 'Object Repository/RecAndPlayBk/Page-Vlink-AuthOnly/input_Card ex month_card_exmo'

2024-05-27 19:16:29 - [TEST_STEP][PASSED] - setText(findTestObject("Object Repository/RecAndPlayBk/Page-Vlink-AuthOnly/input_Card ex year_card_exyr"), exY): Text '2029' is set on object 'Object Repository/RecAndPlayBk/Page-Vlink-AuthOnly/input_Card ex year_card_exyr'

2024-05-27 19:16:30 - [MESSAGE][PASSED] - Text '2029' is set on object 'Object Repository/RecAndPlayBk/Page-Vlink-AuthOnly/input_Card ex year_card_exyr'

2024-05-27 19:16:30 - [TEST_STEP][PASSED] - click(findTestObject("Object Repository/RecAndPlayBk/Page-Vlink-AuthOnly/input_Track Data_track_data")): Object: 'Object Repository/RecAndPlayBk/Page-Vlink-AuthOnly/input_Track Data_track_data' is clicked on

2024-05-27 19:16:30 - [MESSAGE][PASSED] - Object: 'Object Repository/RecAndPlayBk/Page-Vlink-AuthOnly/input_Track Data_track_data' is clicked on

2024-05-27 19:16:30 - [TEST_STEP][PASSED] - click(findTestObject("Object Repository/RecAndPlayBk/Page-Vlink-AuthOnly/input_CVV state_cvv_state")): Object: 'Object Repository/RecAndPlayBk/Page-Vlink-AuthOnly/input_CVV state_cvv_state' is clicked on

2024-05-27 19:16:31 - [MESSAGE][PASSED] - Object: 'Object Repository/RecAndPlayBk/Page-Vlink-AuthOnly/input_CVV state_cvv_state' is clicked on

2024-05-27 19:16:31 - [TEST_STEP][PASSED] - setText(findTestObject("Object Repository/RecAndPlayBk/Page-Vlink-AuthOnly/input_Track Data_track_data"), ""): Text '' is set on object 'Object Repository/RecAndPlayBk/Page-Vlink-AuthOnly/input_Track Data_track_data'

2024-05-27 19:16:31 - [MESSAGE][PASSED] - Text '' is set on object 'Object Repository/RecAndPlayBk/Page-Vlink-AuthOnly/input_Track Data_track_data'

2024-05-27 19:16:31 - [TEST_STEP][PASSED] - setText(findTestObject("Object Repository/RecAndPlayBk/Page-Vlink-AuthOnly/input_concat(Cardholder, , s email)_email"), ""): Text '' is set on object 'Object Repository/RecAndPlayBk/Page-Vlink-AuthOnly/input_concat(Cardholder, , s email)_email'

2024-05-27 19:16:32 - [MESSAGE][PASSED] - Text '' is set on object 'Object Repository/RecAndPlayBk/Page-Vlink-AuthOnly/input_concat(Cardholder, , s email)_email'

2024-05-27 19:16:32 - [TEST_STEP][PASSED] - click(findTestObject("Object Repository/RecAndPlayBk/Page-Vlink-AuthOnly/input_user_defined10_user_defined10")): Object: 'Object Repository/RecAndPlayBk/Page-Vlink-AuthOnly/input_user_defined10_user_defined10' is clicked on

2024-05-27 19:16:32 - [MESSAGE][PASSED] - Object: 'Object Repository/RecAndPlayBk/Page-Vlink-AuthOnly/input_user_defined10_user_defined10' is clicked on

2024-05-27 19:16:32 - [TEST_STEP][PASSED] - if (executionProfile.equalsIgnoreCase("QAProfile")): null

2024-05-27 19:16:32 - [TEST_STEP][PASSED] - click(findTestObject("Object Repository/RecAndPlayBk/Page-Vlink-AuthOnly/input")): Object: 'Object Repository/RecAndPlayBk/Page-Vlink-AuthOnly/input' is clicked on

2024-05-27 19:16:33 - [MESSAGE][PASSED] - Object: 'Object Repository/RecAndPlayBk/Page-Vlink-AuthOnly/input' is clicked on

2024-05-27 19:16:33 - [TEST_STEP][PASSED] - if (verifyTextPresent("Transaction approved, no errors", true)): null

2024-05-27 19:16:34 - [MESSAGE][PASSED] - Text 'Transaction approved, no errors' is present on page  using regular expression

2024-05-27 19:16:34 - [TEST_STEP][PASSED] - out.println("Auth was successful, Capture now"): null

2024-05-27 19:16:34 - [TEST_STEP][PASSED] - sdfo = getText(findTestObject("Object Repository/Page_VLinkReceipt/pre_STX")): Text of object 'Object Repository/Page_VLinkReceipt/pre_STX' is: '<STX>0l3BLHOXb81r                  2967802             0  Transaction approved, no errors                   0                                                                                  Y 086199281<ETX>'

2024-05-27 19:16:34 - [MESSAGE][PASSED] - Text of object 'Object Repository/Page_VLinkReceipt/pre_STX' is: '<STX>0l3BLHOXb81r                  2967802             0  Transaction approved, no errors                   0                                                                                  Y 086199281<ETX>'

2024-05-27 19:16:34 - [TEST_STEP][PASSED] - out.println("sdfo: " + sdfo): null

2024-05-27 19:16:34 - [TEST_STEP][PASSED] - remID = substring(5, 35).trim(): null

2024-05-27 19:16:34 - [TEST_STEP][PASSED] - out.println("remID: " + remID): null

2024-05-27 19:16:34 - [TEST_STEP][PASSED] - traxID = substring(35, 55).trim(): null

2024-05-27 19:16:34 - [TEST_STEP][PASSED] - out.println("traxID: " + traxID): null

2024-05-27 19:16:34 - [TEST_STEP][PASSED] - VLinkSaleRemID = remID: null

2024-05-27 19:16:34 - [TEST_STEP][PASSED] - VLinkSaleTranxID = traxID: null

2024-05-27 19:16:34 - [TEST_STEP][PASSED] - openBrowser(VLinkURL + "capture.html"): Browser is opened with url: 'https://dev-algorithm.govolution.com/vlinktest/demo/version_2_0/capture.html'

2024-05-27 19:16:34 - [MESSAGE][WARNING] - A browser is already opened. Closing browser and opening a new one

2024-05-27 19:16:35 - [MESSAGE][INFO] - Starting 'Chrome' driver

2024-05-27 19:16:35 - [MESSAGE][INFO] - User set preference: ['acceptInsecureCerts', 'true']

2024-05-27 19:16:35 - [MESSAGE][INFO] - Action delay is set to 0 milliseconds

2024-05-27 19:16:37 - [MESSAGE][PASSED] - Browser is opened with url: 'https://dev-algorithm.govolution.com/vlinktest/demo/version_2_0/capture.html'

2024-05-27 19:16:37 - [TEST_STEP][PASSED] - maximizeWindow(): Current window maximized

2024-05-27 19:16:38 - [MESSAGE][PASSED] - Current window maximized

2024-05-27 19:16:38 - [TEST_STEP][PASSED] - setText(findTestObject("Object Repository/RecAndPlayBk/Page-VLink-Capture/input_Remittance Id_remittance_id"), VLinkSaleRemID): Text '0l3BLHOXb81r' is set on object 'Object Repository/RecAndPlayBk/Page-VLink-Capture/input_Remittance Id_remittance_id'

2024-05-27 19:16:38 - [MESSAGE][PASSED] - Text '0l3BLHOXb81r' is set on object 'Object Repository/RecAndPlayBk/Page-VLink-Capture/input_Remittance Id_remittance_id'

2024-05-27 19:16:38 - [TEST_STEP][PASSED] - setText(findTestObject("Object Repository/RecAndPlayBk/Page-VLink-Capture/input_Application Id_application_id"), appID): Text '1773' is set on object 'Object Repository/RecAndPlayBk/Page-VLink-Capture/input_Application Id_application_id'

2024-05-27 19:16:39 - [MESSAGE][PASSED] - Text '1773' is set on object 'Object Repository/RecAndPlayBk/Page-VLink-Capture/input_Application Id_application_id'

2024-05-27 19:16:39 - [TEST_STEP][PASSED] - setText(findTestObject("Object Repository/RecAndPlayBk/Page-VLink-Capture/input_Username_username"), username): Text 'Qq2BV1qtr' is set on object 'Object Repository/RecAndPlayBk/Page-VLink-Capture/input_Username_username'

2024-05-27 19:16:40 - [MESSAGE][PASSED] - Text 'Qq2BV1qtr' is set on object 'Object Repository/RecAndPlayBk/Page-VLink-Capture/input_Username_username'

2024-05-27 19:16:40 - [TEST_STEP][PASSED] - setText(findTestObject("Object Repository/RecAndPlayBk/Page-VLink-Capture/input_Password_password"), password): Text 'tUmWBiLUx' is set on object 'Object Repository/RecAndPlayBk/Page-VLink-Capture/input_Password_password'

2024-05-27 19:16:41 - [MESSAGE][PASSED] - Text 'tUmWBiLUx' is set on object 'Object Repository/RecAndPlayBk/Page-VLink-Capture/input_Password_password'

2024-05-27 19:16:41 - [TEST_STEP][PASSED] - setText(findTestObject("Object Repository/RecAndPlayBk/Page-VLink-Capture/input_Transaction ID_transaction_id"), VLinkSaleTranxID): Text '2967802' is set on object 'Object Repository/RecAndPlayBk/Page-VLink-Capture/input_Transaction ID_transaction_id'

2024-05-27 19:16:41 - [MESSAGE][PASSED] - Text '2967802' is set on object 'Object Repository/RecAndPlayBk/Page-VLink-Capture/input_Transaction ID_transaction_id'

2024-05-27 19:16:41 - [TEST_STEP][PASSED] - setText(findTestObject("Object Repository/RecAndPlayBk/Page-VLink-Capture/input_Amount_amount"), amount): Text '10.5' is set on object 'Object Repository/RecAndPlayBk/Page-VLink-Capture/input_Amount_amount'

2024-05-27 19:16:42 - [MESSAGE][PASSED] - Text '10.5' is set on object 'Object Repository/RecAndPlayBk/Page-VLink-Capture/input_Amount_amount'

2024-05-27 19:16:42 - [TEST_STEP][PASSED] - click(findTestObject("Object Repository/RecAndPlayBk/Page-VLink-Capture/input")): Object: 'Object Repository/RecAndPlayBk/Page-VLink-Capture/input' is clicked on

2024-05-27 19:16:43 - [MESSAGE][PASSED] - Object: 'Object Repository/RecAndPlayBk/Page-VLink-Capture/input' is clicked on

2024-05-27 19:16:43 - [TEST_STEP][PASSED] - if (verifyTextPresent("Transaction approved, no errors", true)): null

2024-05-27 19:16:44 - [MESSAGE][PASSED] - Text 'Transaction approved, no errors' is present on page  using regular expression

2024-05-27 19:16:44 - [TEST_STEP][PASSED] - sdfo = getText(findTestObject("Object Repository/Page_VLinkReceipt/pre_STX")): Text of object 'Object Repository/Page_VLinkReceipt/pre_STX' is: '<STX>0l3BLHOXb81r                  2967803             0  Transaction approved, no errors                   0                                                                                  Y 086199281<ETX>'

2024-05-27 19:16:44 - [MESSAGE][PASSED] - Text of object 'Object Repository/Page_VLinkReceipt/pre_STX' is: '<STX>0l3BLHOXb81r                  2967803             0  Transaction approved, no errors                   0                                                                                  Y 086199281<ETX>'

2024-05-27 19:16:44 - [TEST_STEP][PASSED] - out.println("sdfo: " + sdfo): null

2024-05-27 19:16:44 - [TEST_STEP][PASSED] - remID = substring(5, 35).trim(): null

2024-05-27 19:16:44 - [TEST_STEP][PASSED] - out.println("remID: " + remID): null

2024-05-27 19:16:44 - [TEST_STEP][PASSED] - traxID = substring(35, 55).trim(): null

2024-05-27 19:16:44 - [TEST_STEP][PASSED] - out.println("traxID: " + traxID): null

2024-05-27 19:16:44 - [TEST_STEP][PASSED] - VLinkSaleRemID = remID: null

2024-05-27 19:16:44 - [TEST_STEP][PASSED] - VLinkSaleTranxID = traxID: null

2024-05-27 19:16:44 - [TEST_STEP][PASSED] - openBrowser(VLinkURL + "CC_void.html"): Browser is opened with url: 'https://dev-algorithm.govolution.com/vlinktest/demo/version_2_0/CC_void.html'

2024-05-27 19:16:44 - [MESSAGE][WARNING] - A browser is already opened. Closing browser and opening a new one

2024-05-27 19:16:45 - [MESSAGE][INFO] - Starting 'Chrome' driver

2024-05-27 19:16:45 - [MESSAGE][INFO] - User set preference: ['acceptInsecureCerts', 'true']

2024-05-27 19:16:45 - [MESSAGE][INFO] - Action delay is set to 0 milliseconds

2024-05-27 19:16:47 - [MESSAGE][PASSED] - Browser is opened with url: 'https://dev-algorithm.govolution.com/vlinktest/demo/version_2_0/CC_void.html'

2024-05-27 19:16:47 - [TEST_STEP][PASSED] - maximizeWindow(): Current window maximized

2024-05-27 19:16:47 - [MESSAGE][PASSED] - Current window maximized

2024-05-27 19:16:47 - [TEST_STEP][PASSED] - setText(findTestObject("Object Repository/RecAndPlayBk/Page-Vlink-CC-Void/txt_RemID"), VLinkSaleRemID): Text '0l3BLHOXb81r' is set on object 'Object Repository/RecAndPlayBk/Page-Vlink-CC-Void/txt_RemID'

2024-05-27 19:16:48 - [MESSAGE][PASSED] - Text '0l3BLHOXb81r' is set on object 'Object Repository/RecAndPlayBk/Page-Vlink-CC-Void/txt_RemID'

2024-05-27 19:16:48 - [TEST_STEP][PASSED] - setText(findTestObject("Object Repository/RecAndPlayBk/Page-Vlink-CC-Void/txt_ApplicationID"), appID): Text '1773' is set on object 'Object Repository/RecAndPlayBk/Page-Vlink-CC-Void/txt_ApplicationID'

2024-05-27 19:16:49 - [MESSAGE][PASSED] - Text '1773' is set on object 'Object Repository/RecAndPlayBk/Page-Vlink-CC-Void/txt_ApplicationID'

2024-05-27 19:16:49 - [TEST_STEP][PASSED] - setText(findTestObject("Object Repository/RecAndPlayBk/Page-Vlink-CC-Void/txt_Username"), username): Text 'Qq2BV1qtr' is set on object 'Object Repository/RecAndPlayBk/Page-Vlink-CC-Void/txt_Username'

2024-05-27 19:16:50 - [MESSAGE][PASSED] - Text 'Qq2BV1qtr' is set on object 'Object Repository/RecAndPlayBk/Page-Vlink-CC-Void/txt_Username'

2024-05-27 19:16:50 - [TEST_STEP][PASSED] - setText(findTestObject("Object Repository/RecAndPlayBk/Page-Vlink-CC-Void/txt_Password"), password): Text 'tUmWBiLUx' is set on object 'Object Repository/RecAndPlayBk/Page-Vlink-CC-Void/txt_Password'

2024-05-27 19:16:50 - [MESSAGE][PASSED] - Text 'tUmWBiLUx' is set on object 'Object Repository/RecAndPlayBk/Page-Vlink-CC-Void/txt_Password'

2024-05-27 19:16:50 - [TEST_STEP][PASSED] - setText(findTestObject("Object Repository/RecAndPlayBk/Page-Vlink-CC-Void/txt_TransactionID"), VLinkSaleTranxID): Text '2967803' is set on object 'Object Repository/RecAndPlayBk/Page-Vlink-CC-Void/txt_TransactionID'

2024-05-27 19:16:51 - [MESSAGE][PASSED] - Text '2967803' is set on object 'Object Repository/RecAndPlayBk/Page-Vlink-CC-Void/txt_TransactionID'

2024-05-27 19:16:51 - [TEST_STEP][PASSED] - setText(findTestObject("Object Repository/RecAndPlayBk/Page-Vlink-CC-Void/txt_OriginalTransactionType"), "102"): Text '102' is set on object 'Object Repository/RecAndPlayBk/Page-Vlink-CC-Void/txt_OriginalTransactionType'

2024-05-27 19:16:52 - [MESSAGE][PASSED] - Text '102' is set on object 'Object Repository/RecAndPlayBk/Page-Vlink-CC-Void/txt_OriginalTransactionType'

2024-05-27 19:16:52 - [TEST_STEP][PASSED] - setText(findTestObject("Object Repository/RecAndPlayBk/Page-Vlink-CC-Void/txt_TrackData"), ""): Text '' is set on object 'Object Repository/RecAndPlayBk/Page-Vlink-CC-Void/txt_TrackData'

2024-05-27 19:16:53 - [MESSAGE][PASSED] - Text '' is set on object 'Object Repository/RecAndPlayBk/Page-Vlink-CC-Void/txt_TrackData'

2024-05-27 19:16:53 - [TEST_STEP][PASSED] - click(findTestObject("Object Repository/RecAndPlayBk/Page-Vlink-CC-Void/btn_ProcessVLinkTransaction")): Object: 'Object Repository/RecAndPlayBk/Page-Vlink-CC-Void/btn_ProcessVLinkTransaction' is clicked on

2024-05-27 19:16:54 - [MESSAGE][PASSED] - Object: 'Object Repository/RecAndPlayBk/Page-Vlink-CC-Void/btn_ProcessVLinkTransaction' is clicked on

2024-05-27 19:16:54 - [TEST_STEP][PASSED] - if (verifyTextPresent("Transaction approved, no errors", true)): null

2024-05-27 19:16:54 - [MESSAGE][PASSED] - Text 'Transaction approved, no errors' is present on page  using regular expression

2024-05-27 19:16:54 - [TEST_STEP][PASSED] - println("Transaction Approved, no errors text is present on the Confirmation page"): null

2024-05-27 19:16:54 - [TEST_STEP][PASSED] - out.println("Pass Record Number: " + row): null

2024-05-27 19:16:54 - [TEST_STEP][PASSED] - resText = "Pass": null

2024-05-27 19:16:54 - [TEST_STEP][PASSED] - pages.WriteExcel.demoKey(resText, datText, resColumn, datCloumn, fileLoc, nameSheet, row): pages.WriteExcel.demoKey is PASSED

2024-05-27 19:16:54 - [MESSAGE][PASSED] - pages.WriteExcel.demoKey is PASSED

2024-05-27 19:16:54 - [TEST_STEP][PASSED] - ExecuteTC = findTestData(dataFile).getValue("Execute", row): null

2024-05-27 19:16:54 - [TEST_STEP][PASSED] - out.println("Value of Execute is : " + ExecuteTC): null

2024-05-27 19:16:54 - [TEST_STEP][PASSED] - switch (executionProfile): null

2024-05-27 19:16:54 - [TEST_STEP][PASSED] - case "DemoProfile":: null

2024-05-27 19:16:54 - [TEST_STEP][PASSED] - appID = findTestData(dataFile).getValue("AppIDDemo", row): null

2024-05-27 19:16:54 - [TEST_STEP][PASSED] - username = findTestData(dataFile).getValue("UsernameDemo", row): null

2024-05-27 19:16:54 - [TEST_STEP][PASSED] - password = findTestData(dataFile).getValue("PasswordDemo", row): null

2024-05-27 19:16:55 - [TEST_STEP][PASSED] - break: null

2024-05-27 19:16:55 - [TEST_STEP][PASSED] - if (ExecuteTC.equalsIgnoreCase("Y")): null

2024-05-27 19:16:55 - [TEST_STEP][PASSED] - out.println("Begin Record Number: " + row): null

2024-05-27 19:16:55 - [TEST_STEP][PASSED] - today = new java.util.Date(): null

2024-05-27 19:16:55 - [TEST_STEP][PASSED] - println(today): null

2024-05-27 19:16:55 - [TEST_STEP][PASSED] - datText = today: null

2024-05-27 19:16:55 - [TEST_STEP][PASSED] - category = findTestData(dataFile).getValue("Category", row): null

2024-05-27 19:16:55 - [TEST_STEP][PASSED] - amount = findTestData(dataFile).getValue("Amount", row): null

2024-05-27 19:16:55 - [TEST_STEP][PASSED] - cardNumber = findTestData(dataFile).getValue("CardNumber", row): null

2024-05-27 19:16:55 - [TEST_STEP][PASSED] - exM = findTestData(dataFile).getValue("ExM", row): null

2024-05-27 19:16:55 - [TEST_STEP][PASSED] - exY = findTestData(dataFile).getValue("ExY", row): null

2024-05-27 19:16:55 - [TEST_STEP][PASSED] - openBrowser(VLinkURL + "auth.html"): Browser is opened with url: 'https://dev-algorithm.govolution.com/vlinktest/demo/version_2_0/auth.html'

2024-05-27 19:16:55 - [MESSAGE][WARNING] - A browser is already opened. Closing browser and opening a new one

2024-05-27 19:16:56 - [MESSAGE][INFO] - Starting 'Chrome' driver

2024-05-27 19:16:56 - [MESSAGE][INFO] - User set preference: ['acceptInsecureCerts', 'true']

2024-05-27 19:16:56 - [MESSAGE][INFO] - Action delay is set to 0 milliseconds

2024-05-27 19:16:58 - [MESSAGE][PASSED] - Browser is opened with url: 'https://dev-algorithm.govolution.com/vlinktest/demo/version_2_0/auth.html'

2024-05-27 19:16:58 - [TEST_STEP][PASSED] - maximizeWindow(): Current window maximized

2024-05-27 19:16:58 - [MESSAGE][PASSED] - Current window maximized

2024-05-27 19:16:58 - [TEST_STEP][PASSED] - genRemID = RandomStringUtils.random(12, true, true): null

2024-05-27 19:16:58 - [TEST_STEP][PASSED] - setText(findTestObject("Object Repository/RecAndPlayBk/Page-Vlink-AuthOnly/input_Remittance Id_remittance_id"), genRemID): Text 'tldfyejJ2LZL' is set on object 'Object Repository/RecAndPlayBk/Page-Vlink-AuthOnly/input_Remittance Id_remittance_id'

2024-05-27 19:16:59 - [MESSAGE][PASSED] - Text 'tldfyejJ2LZL' is set on object 'Object Repository/RecAndPlayBk/Page-Vlink-AuthOnly/input_Remittance Id_remittance_id'

2024-05-27 19:16:59 - [TEST_STEP][PASSED] - setText(findTestObject("Object Repository/RecAndPlayBk/Page-Vlink-AuthOnly/input_Application Id_application_id"), appID): Text '1773' is set on object 'Object Repository/RecAndPlayBk/Page-Vlink-AuthOnly/input_Application Id_application_id'

2024-05-27 19:17:00 - [MESSAGE][PASSED] - Text '1773' is set on object 'Object Repository/RecAndPlayBk/Page-Vlink-AuthOnly/input_Application Id_application_id'

2024-05-27 19:17:00 - [TEST_STEP][PASSED] - setText(findTestObject("Object Repository/RecAndPlayBk/Page-Vlink-AuthOnly/input_Username_username"), username): Text 'Qq2BV1qtr' is set on object 'Object Repository/RecAndPlayBk/Page-Vlink-AuthOnly/input_Username_username'

2024-05-27 19:17:01 - [MESSAGE][PASSED] - Text 'Qq2BV1qtr' is set on object 'Object Repository/RecAndPlayBk/Page-Vlink-AuthOnly/input_Username_username'

2024-05-27 19:17:01 - [TEST_STEP][PASSED] - setText(findTestObject("Object Repository/RecAndPlayBk/Page-Vlink-AuthOnly/input_Password_password"), password): Text 'tUmWBiLUx' is set on object 'Object Repository/RecAndPlayBk/Page-Vlink-AuthOnly/input_Password_password'

2024-05-27 19:17:01 - [MESSAGE][PASSED] - Text 'tUmWBiLUx' is set on object 'Object Repository/RecAndPlayBk/Page-Vlink-AuthOnly/input_Password_password'

2024-05-27 19:17:01 - [TEST_STEP][PASSED] - setText(findTestObject("Object Repository/RecAndPlayBk/Page-Vlink-AuthOnly/input_Category_category"), category): Text 'MOTO' is set on object 'Object Repository/RecAndPlayBk/Page-Vlink-AuthOnly/input_Category_category'

2024-05-27 19:17:02 - [MESSAGE][PASSED] - Text 'MOTO' is set on object 'Object Repository/RecAndPlayBk/Page-Vlink-AuthOnly/input_Category_category'

2024-05-27 19:17:02 - [TEST_STEP][PASSED] - setText(findTestObject("Object Repository/RecAndPlayBk/Page-Vlink-AuthOnly/input_Amount_amount"), amount): Text '10.5' is set on object 'Object Repository/RecAndPlayBk/Page-Vlink-AuthOnly/input_Amount_amount'

2024-05-27 19:17:03 - [MESSAGE][PASSED] - Text '10.5' is set on object 'Object Repository/RecAndPlayBk/Page-Vlink-AuthOnly/input_Amount_amount'

2024-05-27 19:17:03 - [TEST_STEP][PASSED] - doubleClick(findTestObject("Object Repository/RecAndPlayBk/Page-Vlink-AuthOnly/input_Card number_card_number")): Object: 'Object Repository/RecAndPlayBk/Page-Vlink-AuthOnly/input_Card number_card_number' is double clicked on

2024-05-27 19:17:03 - [MESSAGE][PASSED] - Object: 'Object Repository/RecAndPlayBk/Page-Vlink-AuthOnly/input_Card number_card_number' is double clicked on

2024-05-27 19:17:03 - [TEST_STEP][PASSED] - setText(findTestObject("Object Repository/RecAndPlayBk/Page-Vlink-AuthOnly/input_Card number_card_number"), cardNumber): Text '5424000000000015' is set on object 'Object Repository/RecAndPlayBk/Page-Vlink-AuthOnly/input_Card number_card_number'

2024-05-27 19:17:04 - [MESSAGE][PASSED] - Text '5424000000000015' is set on object 'Object Repository/RecAndPlayBk/Page-Vlink-AuthOnly/input_Card number_card_number'

2024-05-27 19:17:04 - [TEST_STEP][PASSED] - setText(findTestObject("Object Repository/RecAndPlayBk/Page-Vlink-AuthOnly/input_Card ex month_card_exmo"), exM): Text '12' is set on object 'Object Repository/RecAndPlayBk/Page-Vlink-AuthOnly/input_Card ex month_card_exmo'

2024-05-27 19:17:05 - [MESSAGE][PASSED] - Text '12' is set on object 'Object Repository/RecAndPlayBk/Page-Vlink-AuthOnly/input_Card ex month_card_exmo'

2024-05-27 19:17:05 - [TEST_STEP][PASSED] - setText(findTestObject("Object Repository/RecAndPlayBk/Page-Vlink-AuthOnly/input_Card ex year_card_exyr"), exY): Text '2029' is set on object 'Object Repository/RecAndPlayBk/Page-Vlink-AuthOnly/input_Card ex year_card_exyr'

2024-05-27 19:17:05 - [MESSAGE][PASSED] - Text '2029' is set on object 'Object Repository/RecAndPlayBk/Page-Vlink-AuthOnly/input_Card ex year_card_exyr'

2024-05-27 19:17:05 - [TEST_STEP][PASSED] - click(findTestObject("Object Repository/RecAndPlayBk/Page-Vlink-AuthOnly/input_Track Data_track_data")): Object: 'Object Repository/RecAndPlayBk/Page-Vlink-AuthOnly/input_Track Data_track_data' is clicked on

2024-05-27 19:17:06 - [MESSAGE][PASSED] - Object: 'Object Repository/RecAndPlayBk/Page-Vlink-AuthOnly/input_Track Data_track_data' is clicked on

2024-05-27 19:17:06 - [TEST_STEP][PASSED] - click(findTestObject("Object Repository/RecAndPlayBk/Page-Vlink-AuthOnly/input_CVV state_cvv_state")): Object: 'Object Repository/RecAndPlayBk/Page-Vlink-AuthOnly/input_CVV state_cvv_state' is clicked on

2024-05-27 19:17:06 - [MESSAGE][PASSED] - Object: 'Object Repository/RecAndPlayBk/Page-Vlink-AuthOnly/input_CVV state_cvv_state' is clicked on

2024-05-27 19:17:06 - [TEST_STEP][PASSED] - setText(findTestObject("Object Repository/RecAndPlayBk/Page-Vlink-AuthOnly/input_Track Data_track_data"), ""): Text '' is set on object 'Object Repository/RecAndPlayBk/Page-Vlink-AuthOnly/input_Track Data_track_data'

2024-05-27 19:17:07 - [MESSAGE][PASSED] - Text '' is set on object 'Object Repository/RecAndPlayBk/Page-Vlink-AuthOnly/input_Track Data_track_data'

2024-05-27 19:17:07 - [TEST_STEP][PASSED] - setText(findTestObject("Object Repository/RecAndPlayBk/Page-Vlink-AuthOnly/input_concat(Cardholder, , s email)_email"), ""): Text '' is set on object 'Object Repository/RecAndPlayBk/Page-Vlink-AuthOnly/input_concat(Cardholder, , s email)_email'

2024-05-27 19:17:07 - [MESSAGE][PASSED] - Text '' is set on object 'Object Repository/RecAndPlayBk/Page-Vlink-AuthOnly/input_concat(Cardholder, , s email)_email'

2024-05-27 19:17:07 - [TEST_STEP][PASSED] - click(findTestObject("Object Repository/RecAndPlayBk/Page-Vlink-AuthOnly/input_user_defined10_user_defined10")): Object: 'Object Repository/RecAndPlayBk/Page-Vlink-AuthOnly/input_user_defined10_user_defined10' is clicked on

2024-05-27 19:17:08 - [MESSAGE][PASSED] - Object: 'Object Repository/RecAndPlayBk/Page-Vlink-AuthOnly/input_user_defined10_user_defined10' is clicked on

2024-05-27 19:17:08 - [TEST_STEP][PASSED] - if (executionProfile.equalsIgnoreCase("QAProfile")): null

2024-05-27 19:17:08 - [TEST_STEP][PASSED] - click(findTestObject("Object Repository/RecAndPlayBk/Page-Vlink-AuthOnly/input")): Object: 'Object Repository/RecAndPlayBk/Page-Vlink-AuthOnly/input' is clicked on

2024-05-27 19:17:09 - [MESSAGE][PASSED] - Object: 'Object Repository/RecAndPlayBk/Page-Vlink-AuthOnly/input' is clicked on

2024-05-27 19:17:09 - [TEST_STEP][PASSED] - if (verifyTextPresent("Transaction approved, no errors", true)): null

2024-05-27 19:17:09 - [MESSAGE][PASSED] - Text 'Transaction approved, no errors' is present on page  using regular expression

2024-05-27 19:17:09 - [TEST_STEP][PASSED] - out.println("Auth was successful, Capture now"): null

2024-05-27 19:17:09 - [TEST_STEP][PASSED] - sdfo = getText(findTestObject("Object Repository/Page_VLinkReceipt/pre_STX")): Text of object 'Object Repository/Page_VLinkReceipt/pre_STX' is: '<STX>tldfyejJ2LZL                  2967805             0  Transaction approved, no errors                   0                                                                                  Y 037235943<ETX>'

2024-05-27 19:17:09 - [MESSAGE][PASSED] - Text of object 'Object Repository/Page_VLinkReceipt/pre_STX' is: '<STX>tldfyejJ2LZL                  2967805             0  Transaction approved, no errors                   0                                                                                  Y 037235943<ETX>'

2024-05-27 19:17:09 - [TEST_STEP][PASSED] - out.println("sdfo: " + sdfo): null

2024-05-27 19:17:09 - [TEST_STEP][PASSED] - remID = substring(5, 35).trim(): null

2024-05-27 19:17:09 - [TEST_STEP][PASSED] - out.println("remID: " + remID): null

2024-05-27 19:17:09 - [TEST_STEP][PASSED] - traxID = substring(35, 55).trim(): null

2024-05-27 19:17:09 - [TEST_STEP][PASSED] - out.println("traxID: " + traxID): null

2024-05-27 19:17:09 - [TEST_STEP][PASSED] - VLinkSaleRemID = remID: null

2024-05-27 19:17:09 - [TEST_STEP][PASSED] - VLinkSaleTranxID = traxID: null

2024-05-27 19:17:09 - [TEST_STEP][PASSED] - openBrowser(VLinkURL + "capture.html"): Browser is opened with url: 'https://dev-algorithm.govolution.com/vlinktest/demo/version_2_0/capture.html'

2024-05-27 19:17:09 - [MESSAGE][WARNING] - A browser is already opened. Closing browser and opening a new one

2024-05-27 19:17:11 - [MESSAGE][INFO] - Starting 'Chrome' driver

2024-05-27 19:17:11 - [MESSAGE][INFO] - User set preference: ['acceptInsecureCerts', 'true']

2024-05-27 19:17:11 - [MESSAGE][INFO] - Action delay is set to 0 milliseconds

2024-05-27 19:17:12 - [MESSAGE][PASSED] - Browser is opened with url: 'https://dev-algorithm.govolution.com/vlinktest/demo/version_2_0/capture.html'

2024-05-27 19:17:12 - [TEST_STEP][PASSED] - maximizeWindow(): Current window maximized

2024-05-27 19:17:13 - [MESSAGE][PASSED] - Current window maximized

2024-05-27 19:17:13 - [TEST_STEP][PASSED] - setText(findTestObject("Object Repository/RecAndPlayBk/Page-VLink-Capture/input_Remittance Id_remittance_id"), VLinkSaleRemID): Text 'tldfyejJ2LZL' is set on object 'Object Repository/RecAndPlayBk/Page-VLink-Capture/input_Remittance Id_remittance_id'

2024-05-27 19:17:13 - [MESSAGE][PASSED] - Text 'tldfyejJ2LZL' is set on object 'Object Repository/RecAndPlayBk/Page-VLink-Capture/input_Remittance Id_remittance_id'

2024-05-27 19:17:13 - [TEST_STEP][PASSED] - setText(findTestObject("Object Repository/RecAndPlayBk/Page-VLink-Capture/input_Application Id_application_id"), appID): Text '1773' is set on object 'Object Repository/RecAndPlayBk/Page-VLink-Capture/input_Application Id_application_id'

2024-05-27 19:17:14 - [MESSAGE][PASSED] - Text '1773' is set on object 'Object Repository/RecAndPlayBk/Page-VLink-Capture/input_Application Id_application_id'

2024-05-27 19:17:14 - [TEST_STEP][PASSED] - setText(findTestObject("Object Repository/RecAndPlayBk/Page-VLink-Capture/input_Username_username"), username): Text 'Qq2BV1qtr' is set on object 'Object Repository/RecAndPlayBk/Page-VLink-Capture/input_Username_username'

2024-05-27 19:17:15 - [MESSAGE][PASSED] - Text 'Qq2BV1qtr' is set on object 'Object Repository/RecAndPlayBk/Page-VLink-Capture/input_Username_username'

2024-05-27 19:17:15 - [TEST_STEP][PASSED] - setText(findTestObject("Object Repository/RecAndPlayBk/Page-VLink-Capture/input_Password_password"), password): Text 'tUmWBiLUx' is set on object 'Object Repository/RecAndPlayBk/Page-VLink-Capture/input_Password_password'

2024-05-27 19:17:16 - [MESSAGE][PASSED] - Text 'tUmWBiLUx' is set on object 'Object Repository/RecAndPlayBk/Page-VLink-Capture/input_Password_password'

2024-05-27 19:17:16 - [TEST_STEP][PASSED] - setText(findTestObject("Object Repository/RecAndPlayBk/Page-VLink-Capture/input_Transaction ID_transaction_id"), VLinkSaleTranxID): Text '2967805' is set on object 'Object Repository/RecAndPlayBk/Page-VLink-Capture/input_Transaction ID_transaction_id'

2024-05-27 19:17:16 - [MESSAGE][PASSED] - Text '2967805' is set on object 'Object Repository/RecAndPlayBk/Page-VLink-Capture/input_Transaction ID_transaction_id'

2024-05-27 19:17:16 - [TEST_STEP][PASSED] - setText(findTestObject("Object Repository/RecAndPlayBk/Page-VLink-Capture/input_Amount_amount"), amount): Text '10.5' is set on object 'Object Repository/RecAndPlayBk/Page-VLink-Capture/input_Amount_amount'

2024-05-27 19:17:17 - [MESSAGE][PASSED] - Text '10.5' is set on object 'Object Repository/RecAndPlayBk/Page-VLink-Capture/input_Amount_amount'

2024-05-27 19:17:17 - [TEST_STEP][PASSED] - click(findTestObject("Object Repository/RecAndPlayBk/Page-VLink-Capture/input")): Object: 'Object Repository/RecAndPlayBk/Page-VLink-Capture/input' is clicked on

2024-05-27 19:17:18 - [MESSAGE][PASSED] - Object: 'Object Repository/RecAndPlayBk/Page-VLink-Capture/input' is clicked on

2024-05-27 19:17:18 - [TEST_STEP][PASSED] - if (verifyTextPresent("Transaction approved, no errors", true)): null

2024-05-27 19:17:19 - [MESSAGE][PASSED] - Text 'Transaction approved, no errors' is present on page  using regular expression

2024-05-27 19:17:19 - [TEST_STEP][PASSED] - sdfo = getText(findTestObject("Object Repository/Page_VLinkReceipt/pre_STX")): Text of object 'Object Repository/Page_VLinkReceipt/pre_STX' is: '<STX>tldfyejJ2LZL                  2967806             0  Transaction approved, no errors                   0                                                                                  Y 037235943<ETX>'

2024-05-27 19:17:19 - [MESSAGE][PASSED] - Text of object 'Object Repository/Page_VLinkReceipt/pre_STX' is: '<STX>tldfyejJ2LZL                  2967806             0  Transaction approved, no errors                   0                                                                                  Y 037235943<ETX>'

2024-05-27 19:17:19 - [TEST_STEP][PASSED] - out.println("sdfo: " + sdfo): null

2024-05-27 19:17:19 - [TEST_STEP][PASSED] - remID = substring(5, 35).trim(): null

2024-05-27 19:17:19 - [TEST_STEP][PASSED] - out.println("remID: " + remID): null

2024-05-27 19:17:19 - [TEST_STEP][PASSED] - traxID = substring(35, 55).trim(): null

2024-05-27 19:17:19 - [TEST_STEP][PASSED] - out.println("traxID: " + traxID): null

2024-05-27 19:17:19 - [TEST_STEP][PASSED] - VLinkSaleRemID = remID: null

2024-05-27 19:17:19 - [TEST_STEP][PASSED] - VLinkSaleTranxID = traxID: null

2024-05-27 19:17:19 - [TEST_STEP][PASSED] - openBrowser(VLinkURL + "CC_void.html"): Browser is opened with url: 'https://dev-algorithm.govolution.com/vlinktest/demo/version_2_0/CC_void.html'

2024-05-27 19:17:19 - [MESSAGE][WARNING] - A browser is already opened. Closing browser and opening a new one

2024-05-27 19:17:20 - [MESSAGE][INFO] - Starting 'Chrome' driver

2024-05-27 19:17:20 - [MESSAGE][INFO] - User set preference: ['acceptInsecureCerts', 'true']

2024-05-27 19:17:20 - [MESSAGE][INFO] - Action delay is set to 0 milliseconds

2024-05-27 19:17:22 - [MESSAGE][PASSED] - Browser is opened with url: 'https://dev-algorithm.govolution.com/vlinktest/demo/version_2_0/CC_void.html'

2024-05-27 19:17:22 - [TEST_STEP][PASSED] - maximizeWindow(): Current window maximized

2024-05-27 19:17:22 - [MESSAGE][PASSED] - Current window maximized

2024-05-27 19:17:22 - [TEST_STEP][PASSED] - setText(findTestObject("Object Repository/RecAndPlayBk/Page-Vlink-CC-Void/txt_RemID"), VLinkSaleRemID): Text 'tldfyejJ2LZL' is set on object 'Object Repository/RecAndPlayBk/Page-Vlink-CC-Void/txt_RemID'

2024-05-27 19:17:23 - [MESSAGE][PASSED] - Text 'tldfyejJ2LZL' is set on object 'Object Repository/RecAndPlayBk/Page-Vlink-CC-Void/txt_RemID'

2024-05-27 19:17:23 - [TEST_STEP][PASSED] - setText(findTestObject("Object Repository/RecAndPlayBk/Page-Vlink-CC-Void/txt_ApplicationID"), appID): Text '1773' is set on object 'Object Repository/RecAndPlayBk/Page-Vlink-CC-Void/txt_ApplicationID'

2024-05-27 19:17:24 - [MESSAGE][PASSED] - Text '1773' is set on object 'Object Repository/RecAndPlayBk/Page-Vlink-CC-Void/txt_ApplicationID'

2024-05-27 19:17:24 - [TEST_STEP][PASSED] - setText(findTestObject("Object Repository/RecAndPlayBk/Page-Vlink-CC-Void/txt_Username"), username): Text 'Qq2BV1qtr' is set on object 'Object Repository/RecAndPlayBk/Page-Vlink-CC-Void/txt_Username'

2024-05-27 19:17:24 - [MESSAGE][PASSED] - Text 'Qq2BV1qtr' is set on object 'Object Repository/RecAndPlayBk/Page-Vlink-CC-Void/txt_Username'

2024-05-27 19:17:24 - [TEST_STEP][PASSED] - setText(findTestObject("Object Repository/RecAndPlayBk/Page-Vlink-CC-Void/txt_Password"), password): Text 'tUmWBiLUx' is set on object 'Object Repository/RecAndPlayBk/Page-Vlink-CC-Void/txt_Password'

2024-05-27 19:17:25 - [MESSAGE][PASSED] - Text 'tUmWBiLUx' is set on object 'Object Repository/RecAndPlayBk/Page-Vlink-CC-Void/txt_Password'

2024-05-27 19:17:25 - [TEST_STEP][PASSED] - setText(findTestObject("Object Repository/RecAndPlayBk/Page-Vlink-CC-Void/txt_TransactionID"), VLinkSaleTranxID): Text '2967806' is set on object 'Object Repository/RecAndPlayBk/Page-Vlink-CC-Void/txt_TransactionID'

2024-05-27 19:17:26 - [MESSAGE][PASSED] - Text '2967806' is set on object 'Object Repository/RecAndPlayBk/Page-Vlink-CC-Void/txt_TransactionID'

2024-05-27 19:17:26 - [TEST_STEP][PASSED] - setText(findTestObject("Object Repository/RecAndPlayBk/Page-Vlink-CC-Void/txt_OriginalTransactionType"), "102"): Text '102' is set on object 'Object Repository/RecAndPlayBk/Page-Vlink-CC-Void/txt_OriginalTransactionType'

2024-05-27 19:17:27 - [MESSAGE][PASSED] - Text '102' is set on object 'Object Repository/RecAndPlayBk/Page-Vlink-CC-Void/txt_OriginalTransactionType'

2024-05-27 19:17:27 - [TEST_STEP][PASSED] - setText(findTestObject("Object Repository/RecAndPlayBk/Page-Vlink-CC-Void/txt_TrackData"), ""): Text '' is set on object 'Object Repository/RecAndPlayBk/Page-Vlink-CC-Void/txt_TrackData'

2024-05-27 19:17:27 - [MESSAGE][PASSED] - Text '' is set on object 'Object Repository/RecAndPlayBk/Page-Vlink-CC-Void/txt_TrackData'

2024-05-27 19:17:27 - [TEST_STEP][PASSED] - click(findTestObject("Object Repository/RecAndPlayBk/Page-Vlink-CC-Void/btn_ProcessVLinkTransaction")): Object: 'Object Repository/RecAndPlayBk/Page-Vlink-CC-Void/btn_ProcessVLinkTransaction' is clicked on

2024-05-27 19:17:28 - [MESSAGE][PASSED] - Object: 'Object Repository/RecAndPlayBk/Page-Vlink-CC-Void/btn_ProcessVLinkTransaction' is clicked on

2024-05-27 19:17:28 - [TEST_STEP][PASSED] - if (verifyTextPresent("Transaction approved, no errors", true)): null

2024-05-27 19:17:29 - [MESSAGE][PASSED] - Text 'Transaction approved, no errors' is present on page  using regular expression

2024-05-27 19:17:29 - [TEST_STEP][PASSED] - println("Transaction Approved, no errors text is present on the Confirmation page"): null

2024-05-27 19:17:29 - [TEST_STEP][PASSED] - out.println("Pass Record Number: " + row): null

2024-05-27 19:17:29 - [TEST_STEP][PASSED] - resText = "Pass": null

2024-05-27 19:17:29 - [TEST_STEP][PASSED] - pages.WriteExcel.demoKey(resText, datText, resColumn, datCloumn, fileLoc, nameSheet, row): pages.WriteExcel.demoKey is PASSED

2024-05-27 19:17:29 - [MESSAGE][PASSED] - pages.WriteExcel.demoKey is PASSED

2024-05-27 19:17:29 - [TEST_STEP][PASSED] - ExecuteTC = findTestData(dataFile).getValue("Execute", row): null

2024-05-27 19:17:29 - [TEST_STEP][PASSED] - out.println("Value of Execute is : " + ExecuteTC): null

2024-05-27 19:17:29 - [TEST_STEP][PASSED] - switch (executionProfile): null

2024-05-27 19:17:29 - [TEST_STEP][PASSED] - case "DemoProfile":: null

2024-05-27 19:17:29 - [TEST_STEP][PASSED] - appID = findTestData(dataFile).getValue("AppIDDemo", row): null

2024-05-27 19:17:29 - [TEST_STEP][PASSED] - username = findTestData(dataFile).getValue("UsernameDemo", row): null

2024-05-27 19:17:29 - [TEST_STEP][PASSED] - password = findTestData(dataFile).getValue("PasswordDemo", row): null

2024-05-27 19:17:29 - [TEST_STEP][PASSED] - break: null

2024-05-27 19:17:29 - [TEST_STEP][PASSED] - if (ExecuteTC.equalsIgnoreCase("Y")): null

2024-05-27 19:17:29 - [TEST_STEP][PASSED] - out.println("Begin Record Number: " + row): null

2024-05-27 19:17:29 - [TEST_STEP][PASSED] - today = new java.util.Date(): null

2024-05-27 19:17:29 - [TEST_STEP][PASSED] - println(today): null

2024-05-27 19:17:29 - [TEST_STEP][PASSED] - datText = today: null

2024-05-27 19:17:29 - [TEST_STEP][PASSED] - category = findTestData(dataFile).getValue("Category", row): null

2024-05-27 19:17:30 - [TEST_STEP][PASSED] - amount = findTestData(dataFile).getValue("Amount", row): null

2024-05-27 19:17:30 - [TEST_STEP][PASSED] - cardNumber = findTestData(dataFile).getValue("CardNumber", row): null

2024-05-27 19:17:30 - [TEST_STEP][PASSED] - exM = findTestData(dataFile).getValue("ExM", row): null

2024-05-27 19:17:30 - [TEST_STEP][PASSED] - exY = findTestData(dataFile).getValue("ExY", row): null

2024-05-27 19:17:30 - [TEST_STEP][PASSED] - openBrowser(VLinkURL + "auth.html"): Browser is opened with url: 'https://dev-algorithm.govolution.com/vlinktest/demo/version_2_0/auth.html'

2024-05-27 19:17:30 - [MESSAGE][WARNING] - A browser is already opened. Closing browser and opening a new one

2024-05-27 19:17:31 - [MESSAGE][INFO] - Starting 'Chrome' driver

2024-05-27 19:17:31 - [MESSAGE][INFO] - User set preference: ['acceptInsecureCerts', 'true']

2024-05-27 19:17:31 - [MESSAGE][INFO] - Action delay is set to 0 milliseconds

2024-05-27 19:17:33 - [MESSAGE][PASSED] - Browser is opened with url: 'https://dev-algorithm.govolution.com/vlinktest/demo/version_2_0/auth.html'

2024-05-27 19:17:33 - [TEST_STEP][PASSED] - maximizeWindow(): Current window maximized

2024-05-27 19:17:33 - [MESSAGE][PASSED] - Current window maximized

2024-05-27 19:17:33 - [TEST_STEP][PASSED] - genRemID = RandomStringUtils.random(12, true, true): null

2024-05-27 19:17:33 - [TEST_STEP][PASSED] - setText(findTestObject("Object Repository/RecAndPlayBk/Page-Vlink-AuthOnly/input_Remittance Id_remittance_id"), genRemID): Text 'zOmJV18pONTF' is set on object 'Object Repository/RecAndPlayBk/Page-Vlink-AuthOnly/input_Remittance Id_remittance_id'

2024-05-27 19:17:34 - [MESSAGE][PASSED] - Text 'zOmJV18pONTF' is set on object 'Object Repository/RecAndPlayBk/Page-Vlink-AuthOnly/input_Remittance Id_remittance_id'

2024-05-27 19:17:34 - [TEST_STEP][PASSED] - setText(findTestObject("Object Repository/RecAndPlayBk/Page-Vlink-AuthOnly/input_Application Id_application_id"), appID): Text '1773' is set on object 'Object Repository/RecAndPlayBk/Page-Vlink-AuthOnly/input_Application Id_application_id'

2024-05-27 19:17:35 - [MESSAGE][PASSED] - Text '1773' is set on object 'Object Repository/RecAndPlayBk/Page-Vlink-AuthOnly/input_Application Id_application_id'

2024-05-27 19:17:35 - [TEST_STEP][PASSED] - setText(findTestObject("Object Repository/RecAndPlayBk/Page-Vlink-AuthOnly/input_Username_username"), username): Text 'Qq2BV1qtr' is set on object 'Object Repository/RecAndPlayBk/Page-Vlink-AuthOnly/input_Username_username'

2024-05-27 19:17:35 - [MESSAGE][PASSED] - Text 'Qq2BV1qtr' is set on object 'Object Repository/RecAndPlayBk/Page-Vlink-AuthOnly/input_Username_username'

2024-05-27 19:17:35 - [TEST_STEP][PASSED] - setText(findTestObject("Object Repository/RecAndPlayBk/Page-Vlink-AuthOnly/input_Password_password"), password): Text 'tUmWBiLUx' is set on object 'Object Repository/RecAndPlayBk/Page-Vlink-AuthOnly/input_Password_password'

2024-05-27 19:17:36 - [MESSAGE][PASSED] - Text 'tUmWBiLUx' is set on object 'Object Repository/RecAndPlayBk/Page-Vlink-AuthOnly/input_Password_password'

2024-05-27 19:17:36 - [TEST_STEP][PASSED] - setText(findTestObject("Object Repository/RecAndPlayBk/Page-Vlink-AuthOnly/input_Category_category"), category): Text 'RETL' is set on object 'Object Repository/RecAndPlayBk/Page-Vlink-AuthOnly/input_Category_category'

2024-05-27 19:17:37 - [MESSAGE][PASSED] - Text 'RETL' is set on object 'Object Repository/RecAndPlayBk/Page-Vlink-AuthOnly/input_Category_category'

2024-05-27 19:17:37 - [TEST_STEP][PASSED] - setText(findTestObject("Object Repository/RecAndPlayBk/Page-Vlink-AuthOnly/input_Amount_amount"), amount): Text '10.5' is set on object 'Object Repository/RecAndPlayBk/Page-Vlink-AuthOnly/input_Amount_amount'

2024-05-27 19:17:37 - [MESSAGE][PASSED] - Text '10.5' is set on object 'Object Repository/RecAndPlayBk/Page-Vlink-AuthOnly/input_Amount_amount'

2024-05-27 19:17:37 - [TEST_STEP][PASSED] - doubleClick(findTestObject("Object Repository/RecAndPlayBk/Page-Vlink-AuthOnly/input_Card number_card_number")): Object: 'Object Repository/RecAndPlayBk/Page-Vlink-AuthOnly/input_Card number_card_number' is double clicked on

2024-05-27 19:17:38 - [MESSAGE][PASSED] - Object: 'Object Repository/RecAndPlayBk/Page-Vlink-AuthOnly/input_Card number_card_number' is double clicked on

2024-05-27 19:17:38 - [TEST_STEP][PASSED] - setText(findTestObject("Object Repository/RecAndPlayBk/Page-Vlink-AuthOnly/input_Card number_card_number"), cardNumber): Text '370000000000002' is set on object 'Object Repository/RecAndPlayBk/Page-Vlink-AuthOnly/input_Card number_card_number'

2024-05-27 19:17:38 - [MESSAGE][PASSED] - Text '370000000000002' is set on object 'Object Repository/RecAndPlayBk/Page-Vlink-AuthOnly/input_Card number_card_number'

2024-05-27 19:17:38 - [TEST_STEP][PASSED] - setText(findTestObject("Object Repository/RecAndPlayBk/Page-Vlink-AuthOnly/input_Card ex month_card_exmo"), exM): Text '12' is set on object 'Object Repository/RecAndPlayBk/Page-Vlink-AuthOnly/input_Card ex month_card_exmo'

2024-05-27 19:17:39 - [MESSAGE][PASSED] - Text '12' is set on object 'Object Repository/RecAndPlayBk/Page-Vlink-AuthOnly/input_Card ex month_card_exmo'

2024-05-27 19:17:39 - [TEST_STEP][PASSED] - setText(findTestObject("Object Repository/RecAndPlayBk/Page-Vlink-AuthOnly/input_Card ex year_card_exyr"), exY): Text '2029' is set on object 'Object Repository/RecAndPlayBk/Page-Vlink-AuthOnly/input_Card ex year_card_exyr'

2024-05-27 19:17:40 - [MESSAGE][PASSED] - Text '2029' is set on object 'Object Repository/RecAndPlayBk/Page-Vlink-AuthOnly/input_Card ex year_card_exyr'

2024-05-27 19:17:40 - [TEST_STEP][PASSED] - click(findTestObject("Object Repository/RecAndPlayBk/Page-Vlink-AuthOnly/input_Track Data_track_data")): Object: 'Object Repository/RecAndPlayBk/Page-Vlink-AuthOnly/input_Track Data_track_data' is clicked on

2024-05-27 19:17:40 - [MESSAGE][PASSED] - Object: 'Object Repository/RecAndPlayBk/Page-Vlink-AuthOnly/input_Track Data_track_data' is clicked on

2024-05-27 19:17:40 - [TEST_STEP][PASSED] - click(findTestObject("Object Repository/RecAndPlayBk/Page-Vlink-AuthOnly/input_CVV state_cvv_state")): Object: 'Object Repository/RecAndPlayBk/Page-Vlink-AuthOnly/input_CVV state_cvv_state' is clicked on

2024-05-27 19:17:41 - [MESSAGE][PASSED] - Object: 'Object Repository/RecAndPlayBk/Page-Vlink-AuthOnly/input_CVV state_cvv_state' is clicked on

2024-05-27 19:17:41 - [TEST_STEP][PASSED] - setText(findTestObject("Object Repository/RecAndPlayBk/Page-Vlink-AuthOnly/input_Track Data_track_data"), ""): Text '' is set on object 'Object Repository/RecAndPlayBk/Page-Vlink-AuthOnly/input_Track Data_track_data'

2024-05-27 19:17:41 - [MESSAGE][PASSED] - Text '' is set on object 'Object Repository/RecAndPlayBk/Page-Vlink-AuthOnly/input_Track Data_track_data'

2024-05-27 19:17:41 - [TEST_STEP][PASSED] - setText(findTestObject("Object Repository/RecAndPlayBk/Page-Vlink-AuthOnly/input_concat(Cardholder, , s email)_email"), ""): Text '' is set on object 'Object Repository/RecAndPlayBk/Page-Vlink-AuthOnly/input_concat(Cardholder, , s email)_email'

2024-05-27 19:17:42 - [MESSAGE][PASSED] - Text '' is set on object 'Object Repository/RecAndPlayBk/Page-Vlink-AuthOnly/input_concat(Cardholder, , s email)_email'

2024-05-27 19:17:42 - [TEST_STEP][PASSED] - click(findTestObject("Object Repository/RecAndPlayBk/Page-Vlink-AuthOnly/input_user_defined10_user_defined10")): Object: 'Object Repository/RecAndPlayBk/Page-Vlink-AuthOnly/input_user_defined10_user_defined10' is clicked on

2024-05-27 19:17:42 - [MESSAGE][PASSED] - Object: 'Object Repository/RecAndPlayBk/Page-Vlink-AuthOnly/input_user_defined10_user_defined10' is clicked on

2024-05-27 19:17:42 - [TEST_STEP][PASSED] - if (executionProfile.equalsIgnoreCase("QAProfile")): null

2024-05-27 19:17:42 - [TEST_STEP][PASSED] - click(findTestObject("Object Repository/RecAndPlayBk/Page-Vlink-AuthOnly/input")): Object: 'Object Repository/RecAndPlayBk/Page-Vlink-AuthOnly/input' is clicked on

2024-05-27 19:17:44 - [MESSAGE][PASSED] - Object: 'Object Repository/RecAndPlayBk/Page-Vlink-AuthOnly/input' is clicked on

2024-05-27 19:17:44 - [TEST_STEP][PASSED] - if (verifyTextPresent("Transaction approved, no errors", true)): null

2024-05-27 19:17:44 - [MESSAGE][PASSED] - Text 'Transaction approved, no errors' is present on page  using regular expression

2024-05-27 19:17:44 - [TEST_STEP][PASSED] - out.println("Auth was successful, Capture now"): null

2024-05-27 19:17:44 - [TEST_STEP][PASSED] - sdfo = getText(findTestObject("Object Repository/Page_VLinkReceipt/pre_STX")): Text of object 'Object Repository/Page_VLinkReceipt/pre_STX' is: '<STX>zOmJV18pONTF                  2967808             0  Transaction approved, no errors                   0                                                                                  Y 170466367<ETX>'

2024-05-27 19:17:44 - [MESSAGE][PASSED] - Text of object 'Object Repository/Page_VLinkReceipt/pre_STX' is: '<STX>zOmJV18pONTF                  2967808             0  Transaction approved, no errors                   0                                                                                  Y 170466367<ETX>'

2024-05-27 19:17:44 - [TEST_STEP][PASSED] - out.println("sdfo: " + sdfo): null

2024-05-27 19:17:44 - [TEST_STEP][PASSED] - remID = substring(5, 35).trim(): null

2024-05-27 19:17:44 - [TEST_STEP][PASSED] - out.println("remID: " + remID): null

2024-05-27 19:17:44 - [TEST_STEP][PASSED] - traxID = substring(35, 55).trim(): null

2024-05-27 19:17:44 - [TEST_STEP][PASSED] - out.println("traxID: " + traxID): null

2024-05-27 19:17:44 - [TEST_STEP][PASSED] - VLinkSaleRemID = remID: null

2024-05-27 19:17:44 - [TEST_STEP][PASSED] - VLinkSaleTranxID = traxID: null

2024-05-27 19:17:44 - [TEST_STEP][PASSED] - openBrowser(VLinkURL + "capture.html"): Browser is opened with url: 'https://dev-algorithm.govolution.com/vlinktest/demo/version_2_0/capture.html'

2024-05-27 19:17:44 - [MESSAGE][WARNING] - A browser is already opened. Closing browser and opening a new one

2024-05-27 19:17:45 - [MESSAGE][INFO] - Starting 'Chrome' driver

2024-05-27 19:17:45 - [MESSAGE][INFO] - User set preference: ['acceptInsecureCerts', 'true']

2024-05-27 19:17:45 - [MESSAGE][INFO] - Action delay is set to 0 milliseconds

2024-05-27 19:17:47 - [MESSAGE][PASSED] - Browser is opened with url: 'https://dev-algorithm.govolution.com/vlinktest/demo/version_2_0/capture.html'

2024-05-27 19:17:47 - [TEST_STEP][PASSED] - maximizeWindow(): Current window maximized

2024-05-27 19:17:48 - [MESSAGE][PASSED] - Current window maximized

2024-05-27 19:17:48 - [TEST_STEP][PASSED] - setText(findTestObject("Object Repository/RecAndPlayBk/Page-VLink-Capture/input_Remittance Id_remittance_id"), VLinkSaleRemID): Text 'zOmJV18pONTF' is set on object 'Object Repository/RecAndPlayBk/Page-VLink-Capture/input_Remittance Id_remittance_id'

2024-05-27 19:17:49 - [MESSAGE][PASSED] - Text 'zOmJV18pONTF' is set on object 'Object Repository/RecAndPlayBk/Page-VLink-Capture/input_Remittance Id_remittance_id'

2024-05-27 19:17:49 - [TEST_STEP][PASSED] - setText(findTestObject("Object Repository/RecAndPlayBk/Page-VLink-Capture/input_Application Id_application_id"), appID): Text '1773' is set on object 'Object Repository/RecAndPlayBk/Page-VLink-Capture/input_Application Id_application_id'

2024-05-27 19:17:49 - [MESSAGE][PASSED] - Text '1773' is set on object 'Object Repository/RecAndPlayBk/Page-VLink-Capture/input_Application Id_application_id'

2024-05-27 19:17:49 - [TEST_STEP][PASSED] - setText(findTestObject("Object Repository/RecAndPlayBk/Page-VLink-Capture/input_Username_username"), username): Text 'Qq2BV1qtr' is set on object 'Object Repository/RecAndPlayBk/Page-VLink-Capture/input_Username_username'

2024-05-27 19:17:51 - [MESSAGE][PASSED] - Text 'Qq2BV1qtr' is set on object 'Object Repository/RecAndPlayBk/Page-VLink-Capture/input_Username_username'

2024-05-27 19:17:51 - [TEST_STEP][PASSED] - setText(findTestObject("Object Repository/RecAndPlayBk/Page-VLink-Capture/input_Password_password"), password): Text 'tUmWBiLUx' is set on object 'Object Repository/RecAndPlayBk/Page-VLink-Capture/input_Password_password'

2024-05-27 19:17:51 - [MESSAGE][PASSED] - Text 'tUmWBiLUx' is set on object 'Object Repository/RecAndPlayBk/Page-VLink-Capture/input_Password_password'

2024-05-27 19:17:51 - [TEST_STEP][PASSED] - setText(findTestObject("Object Repository/RecAndPlayBk/Page-VLink-Capture/input_Transaction ID_transaction_id"), VLinkSaleTranxID): Text '2967808' is set on object 'Object Repository/RecAndPlayBk/Page-VLink-Capture/input_Transaction ID_transaction_id'

2024-05-27 19:17:52 - [MESSAGE][PASSED] - Text '2967808' is set on object 'Object Repository/RecAndPlayBk/Page-VLink-Capture/input_Transaction ID_transaction_id'

2024-05-27 19:17:52 - [TEST_STEP][PASSED] - setText(findTestObject("Object Repository/RecAndPlayBk/Page-VLink-Capture/input_Amount_amount"), amount): Text '10.5' is set on object 'Object Repository/RecAndPlayBk/Page-VLink-Capture/input_Amount_amount'

2024-05-27 19:17:53 - [MESSAGE][PASSED] - Text '10.5' is set on object 'Object Repository/RecAndPlayBk/Page-VLink-Capture/input_Amount_amount'

2024-05-27 19:17:53 - [TEST_STEP][PASSED] - click(findTestObject("Object Repository/RecAndPlayBk/Page-VLink-Capture/input")): Object: 'Object Repository/RecAndPlayBk/Page-VLink-Capture/input' is clicked on

2024-05-27 19:17:54 - [MESSAGE][PASSED] - Object: 'Object Repository/RecAndPlayBk/Page-VLink-Capture/input' is clicked on

2024-05-27 19:17:54 - [TEST_STEP][PASSED] - if (verifyTextPresent("Transaction approved, no errors", true)): null

2024-05-27 19:17:54 - [MESSAGE][PASSED] - Text 'Transaction approved, no errors' is present on page  using regular expression

2024-05-27 19:17:54 - [TEST_STEP][PASSED] - sdfo = getText(findTestObject("Object Repository/Page_VLinkReceipt/pre_STX")): Text of object 'Object Repository/Page_VLinkReceipt/pre_STX' is: '<STX>zOmJV18pONTF                  2967809             0  Transaction approved, no errors                   0                                                                                  Y 170466367<ETX>'

2024-05-27 19:17:55 - [MESSAGE][PASSED] - Text of object 'Object Repository/Page_VLinkReceipt/pre_STX' is: '<STX>zOmJV18pONTF                  2967809             0  Transaction approved, no errors                   0                                                                                  Y 170466367<ETX>'

2024-05-27 19:17:55 - [TEST_STEP][PASSED] - out.println("sdfo: " + sdfo): null

2024-05-27 19:17:55 - [TEST_STEP][PASSED] - remID = substring(5, 35).trim(): null

2024-05-27 19:17:55 - [TEST_STEP][PASSED] - out.println("remID: " + remID): null

2024-05-27 19:17:55 - [TEST_STEP][PASSED] - traxID = substring(35, 55).trim(): null

2024-05-27 19:17:55 - [TEST_STEP][PASSED] - out.println("traxID: " + traxID): null

2024-05-27 19:17:55 - [TEST_STEP][PASSED] - VLinkSaleRemID = remID: null

2024-05-27 19:17:55 - [TEST_STEP][PASSED] - VLinkSaleTranxID = traxID: null

2024-05-27 19:17:55 - [TEST_STEP][PASSED] - openBrowser(VLinkURL + "CC_void.html"): Browser is opened with url: 'https://dev-algorithm.govolution.com/vlinktest/demo/version_2_0/CC_void.html'

2024-05-27 19:17:55 - [MESSAGE][WARNING] - A browser is already opened. Closing browser and opening a new one

2024-05-27 19:17:56 - [MESSAGE][INFO] - Starting 'Chrome' driver

2024-05-27 19:17:56 - [MESSAGE][INFO] - User set preference: ['acceptInsecureCerts', 'true']

2024-05-27 19:17:56 - [MESSAGE][INFO] - Action delay is set to 0 milliseconds

2024-05-27 19:17:58 - [MESSAGE][PASSED] - Browser is opened with url: 'https://dev-algorithm.govolution.com/vlinktest/demo/version_2_0/CC_void.html'

2024-05-27 19:17:58 - [TEST_STEP][PASSED] - maximizeWindow(): Current window maximized

2024-05-27 19:17:58 - [MESSAGE][PASSED] - Current window maximized

2024-05-27 19:17:58 - [TEST_STEP][PASSED] - setText(findTestObject("Object Repository/RecAndPlayBk/Page-Vlink-CC-Void/txt_RemID"), VLinkSaleRemID): Text 'zOmJV18pONTF' is set on object 'Object Repository/RecAndPlayBk/Page-Vlink-CC-Void/txt_RemID'

2024-05-27 19:17:59 - [MESSAGE][PASSED] - Text 'zOmJV18pONTF' is set on object 'Object Repository/RecAndPlayBk/Page-Vlink-CC-Void/txt_RemID'

2024-05-27 19:17:59 - [TEST_STEP][PASSED] - setText(findTestObject("Object Repository/RecAndPlayBk/Page-Vlink-CC-Void/txt_ApplicationID"), appID): Text '1773' is set on object 'Object Repository/RecAndPlayBk/Page-Vlink-CC-Void/txt_ApplicationID'

2024-05-27 19:17:59 - [MESSAGE][PASSED] - Text '1773' is set on object 'Object Repository/RecAndPlayBk/Page-Vlink-CC-Void/txt_ApplicationID'

2024-05-27 19:17:59 - [TEST_STEP][PASSED] - setText(findTestObject("Object Repository/RecAndPlayBk/Page-Vlink-CC-Void/txt_Username"), username): Text 'Qq2BV1qtr' is set on object 'Object Repository/RecAndPlayBk/Page-Vlink-CC-Void/txt_Username'

2024-05-27 19:18:00 - [MESSAGE][PASSED] - Text 'Qq2BV1qtr' is set on object 'Object Repository/RecAndPlayBk/Page-Vlink-CC-Void/txt_Username'

2024-05-27 19:18:00 - [TEST_STEP][PASSED] - setText(findTestObject("Object Repository/RecAndPlayBk/Page-Vlink-CC-Void/txt_Password"), password): Text 'tUmWBiLUx' is set on object 'Object Repository/RecAndPlayBk/Page-Vlink-CC-Void/txt_Password'

2024-05-27 19:18:01 - [MESSAGE][PASSED] - Text 'tUmWBiLUx' is set on object 'Object Repository/RecAndPlayBk/Page-Vlink-CC-Void/txt_Password'

2024-05-27 19:18:01 - [TEST_STEP][PASSED] - setText(findTestObject("Object Repository/RecAndPlayBk/Page-Vlink-CC-Void/txt_TransactionID"), VLinkSaleTranxID): Text '2967809' is set on object 'Object Repository/RecAndPlayBk/Page-Vlink-CC-Void/txt_TransactionID'

2024-05-27 19:18:01 - [MESSAGE][PASSED] - Text '2967809' is set on object 'Object Repository/RecAndPlayBk/Page-Vlink-CC-Void/txt_TransactionID'

2024-05-27 19:18:01 - [TEST_STEP][PASSED] - setText(findTestObject("Object Repository/RecAndPlayBk/Page-Vlink-CC-Void/txt_OriginalTransactionType"), "102"): Text '102' is set on object 'Object Repository/RecAndPlayBk/Page-Vlink-CC-Void/txt_OriginalTransactionType'

2024-05-27 19:18:02 - [MESSAGE][PASSED] - Text '102' is set on object 'Object Repository/RecAndPlayBk/Page-Vlink-CC-Void/txt_OriginalTransactionType'

2024-05-27 19:18:02 - [TEST_STEP][PASSED] - setText(findTestObject("Object Repository/RecAndPlayBk/Page-Vlink-CC-Void/txt_TrackData"), ""): Text '' is set on object 'Object Repository/RecAndPlayBk/Page-Vlink-CC-Void/txt_TrackData'

2024-05-27 19:18:03 - [MESSAGE][PASSED] - Text '' is set on object 'Object Repository/RecAndPlayBk/Page-Vlink-CC-Void/txt_TrackData'

2024-05-27 19:18:03 - [TEST_STEP][PASSED] - click(findTestObject("Object Repository/RecAndPlayBk/Page-Vlink-CC-Void/btn_ProcessVLinkTransaction")): Object: 'Object Repository/RecAndPlayBk/Page-Vlink-CC-Void/btn_ProcessVLinkTransaction' is clicked on

2024-05-27 19:18:04 - [MESSAGE][PASSED] - Object: 'Object Repository/RecAndPlayBk/Page-Vlink-CC-Void/btn_ProcessVLinkTransaction' is clicked on

2024-05-27 19:18:04 - [TEST_STEP][PASSED] - if (verifyTextPresent("Transaction approved, no errors", true)): null

2024-05-27 19:18:04 - [MESSAGE][PASSED] - Text 'Transaction approved, no errors' is present on page  using regular expression

2024-05-27 19:18:04 - [TEST_STEP][PASSED] - println("Transaction Approved, no errors text is present on the Confirmation page"): null

2024-05-27 19:18:04 - [TEST_STEP][PASSED] - out.println("Pass Record Number: " + row): null

2024-05-27 19:18:04 - [TEST_STEP][PASSED] - resText = "Pass": null

2024-05-27 19:18:04 - [TEST_STEP][PASSED] - pages.WriteExcel.demoKey(resText, datText, resColumn, datCloumn, fileLoc, nameSheet, row): pages.WriteExcel.demoKey is PASSED

2024-05-27 19:18:05 - [MESSAGE][PASSED] - pages.WriteExcel.demoKey is PASSED

2024-05-27 19:18:05 - [TEST_STEP][PASSED] - ExecuteTC = findTestData(dataFile).getValue("Execute", row): null

2024-05-27 19:18:05 - [TEST_STEP][PASSED] - out.println("Value of Execute is : " + ExecuteTC): null

2024-05-27 19:18:05 - [TEST_STEP][PASSED] - switch (executionProfile): null

2024-05-27 19:18:05 - [TEST_STEP][PASSED] - case "DemoProfile":: null

2024-05-27 19:18:05 - [TEST_STEP][PASSED] - appID = findTestData(dataFile).getValue("AppIDDemo", row): null

2024-05-27 19:18:05 - [TEST_STEP][PASSED] - username = findTestData(dataFile).getValue("UsernameDemo", row): null

2024-05-27 19:18:05 - [TEST_STEP][PASSED] - password = findTestData(dataFile).getValue("PasswordDemo", row): null

2024-05-27 19:18:05 - [TEST_STEP][PASSED] - break: null

2024-05-27 19:18:05 - [TEST_STEP][PASSED] - if (ExecuteTC.equalsIgnoreCase("Y")): null

2024-05-27 19:18:05 - [TEST_STEP][PASSED] - out.println("Begin Record Number: " + row): null

2024-05-27 19:18:05 - [TEST_STEP][PASSED] - today = new java.util.Date(): null

2024-05-27 19:18:05 - [TEST_STEP][PASSED] - println(today): null

2024-05-27 19:18:05 - [TEST_STEP][PASSED] - datText = today: null

2024-05-27 19:18:05 - [TEST_STEP][PASSED] - category = findTestData(dataFile).getValue("Category", row): null

2024-05-27 19:18:05 - [TEST_STEP][PASSED] - amount = findTestData(dataFile).getValue("Amount", row): null

2024-05-27 19:18:05 - [TEST_STEP][PASSED] - cardNumber = findTestData(dataFile).getValue("CardNumber", row): null

2024-05-27 19:18:05 - [TEST_STEP][PASSED] - exM = findTestData(dataFile).getValue("ExM", row): null

2024-05-27 19:18:05 - [TEST_STEP][PASSED] - exY = findTestData(dataFile).getValue("ExY", row): null

2024-05-27 19:18:06 - [TEST_STEP][PASSED] - openBrowser(VLinkURL + "auth.html"): Browser is opened with url: 'https://dev-algorithm.govolution.com/vlinktest/demo/version_2_0/auth.html'

2024-05-27 19:18:06 - [MESSAGE][WARNING] - A browser is already opened. Closing browser and opening a new one

2024-05-27 19:18:07 - [MESSAGE][INFO] - Starting 'Chrome' driver

2024-05-27 19:18:07 - [MESSAGE][INFO] - User set preference: ['acceptInsecureCerts', 'true']

2024-05-27 19:18:07 - [MESSAGE][INFO] - Action delay is set to 0 milliseconds

2024-05-27 19:18:09 - [MESSAGE][PASSED] - Browser is opened with url: 'https://dev-algorithm.govolution.com/vlinktest/demo/version_2_0/auth.html'

2024-05-27 19:18:09 - [TEST_STEP][PASSED] - maximizeWindow(): Current window maximized

2024-05-27 19:18:09 - [MESSAGE][PASSED] - Current window maximized

2024-05-27 19:18:09 - [TEST_STEP][PASSED] - genRemID = RandomStringUtils.random(12, true, true): null

2024-05-27 19:18:09 - [TEST_STEP][PASSED] - setText(findTestObject("Object Repository/RecAndPlayBk/Page-Vlink-AuthOnly/input_Remittance Id_remittance_id"), genRemID): Text 'gREPGeZayOkf' is set on object 'Object Repository/RecAndPlayBk/Page-Vlink-AuthOnly/input_Remittance Id_remittance_id'

2024-05-27 19:18:09 - [MESSAGE][PASSED] - Text 'gREPGeZayOkf' is set on object 'Object Repository/RecAndPlayBk/Page-Vlink-AuthOnly/input_Remittance Id_remittance_id'

2024-05-27 19:18:09 - [TEST_STEP][PASSED] - setText(findTestObject("Object Repository/RecAndPlayBk/Page-Vlink-AuthOnly/input_Application Id_application_id"), appID): Text '2435' is set on object 'Object Repository/RecAndPlayBk/Page-Vlink-AuthOnly/input_Application Id_application_id'

2024-05-27 19:18:10 - [MESSAGE][PASSED] - Text '2435' is set on object 'Object Repository/RecAndPlayBk/Page-Vlink-AuthOnly/input_Application Id_application_id'

2024-05-27 19:18:10 - [TEST_STEP][PASSED] - setText(findTestObject("Object Repository/RecAndPlayBk/Page-Vlink-AuthOnly/input_Username_username"), username): Text 'health' is set on object 'Object Repository/RecAndPlayBk/Page-Vlink-AuthOnly/input_Username_username'

2024-05-27 19:18:11 - [MESSAGE][PASSED] - Text 'health' is set on object 'Object Repository/RecAndPlayBk/Page-Vlink-AuthOnly/input_Username_username'

2024-05-27 19:18:11 - [TEST_STEP][PASSED] - setText(findTestObject("Object Repository/RecAndPlayBk/Page-Vlink-AuthOnly/input_Password_password"), password): Text '11111111' is set on object 'Object Repository/RecAndPlayBk/Page-Vlink-AuthOnly/input_Password_password'

2024-05-27 19:18:12 - [MESSAGE][PASSED] - Text '11111111' is set on object 'Object Repository/RecAndPlayBk/Page-Vlink-AuthOnly/input_Password_password'

2024-05-27 19:18:12 - [TEST_STEP][PASSED] - setText(findTestObject("Object Repository/RecAndPlayBk/Page-Vlink-AuthOnly/input_Category_category"), category): Text 'ECOM' is set on object 'Object Repository/RecAndPlayBk/Page-Vlink-AuthOnly/input_Category_category'

2024-05-27 19:18:12 - [MESSAGE][PASSED] - Text 'ECOM' is set on object 'Object Repository/RecAndPlayBk/Page-Vlink-AuthOnly/input_Category_category'

2024-05-27 19:18:12 - [TEST_STEP][PASSED] - setText(findTestObject("Object Repository/RecAndPlayBk/Page-Vlink-AuthOnly/input_Amount_amount"), amount): Text '10.5' is set on object 'Object Repository/RecAndPlayBk/Page-Vlink-AuthOnly/input_Amount_amount'

2024-05-27 19:18:13 - [MESSAGE][PASSED] - Text '10.5' is set on object 'Object Repository/RecAndPlayBk/Page-Vlink-AuthOnly/input_Amount_amount'

2024-05-27 19:18:13 - [TEST_STEP][PASSED] - doubleClick(findTestObject("Object Repository/RecAndPlayBk/Page-Vlink-AuthOnly/input_Card number_card_number")): Object: 'Object Repository/RecAndPlayBk/Page-Vlink-AuthOnly/input_Card number_card_number' is double clicked on

2024-05-27 19:18:13 - [MESSAGE][PASSED] - Object: 'Object Repository/RecAndPlayBk/Page-Vlink-AuthOnly/input_Card number_card_number' is double clicked on

2024-05-27 19:18:13 - [TEST_STEP][PASSED] - setText(findTestObject("Object Repository/RecAndPlayBk/Page-Vlink-AuthOnly/input_Card number_card_number"), cardNumber): Text '4012000098765439' is set on object 'Object Repository/RecAndPlayBk/Page-Vlink-AuthOnly/input_Card number_card_number'

2024-05-27 19:18:14 - [MESSAGE][PASSED] - Text '4012000098765439' is set on object 'Object Repository/RecAndPlayBk/Page-Vlink-AuthOnly/input_Card number_card_number'

2024-05-27 19:18:14 - [TEST_STEP][PASSED] - setText(findTestObject("Object Repository/RecAndPlayBk/Page-Vlink-AuthOnly/input_Card ex month_card_exmo"), exM): Text '12' is set on object 'Object Repository/RecAndPlayBk/Page-Vlink-AuthOnly/input_Card ex month_card_exmo'

2024-05-27 19:18:15 - [MESSAGE][PASSED] - Text '12' is set on object 'Object Repository/RecAndPlayBk/Page-Vlink-AuthOnly/input_Card ex month_card_exmo'

2024-05-27 19:18:15 - [TEST_STEP][PASSED] - setText(findTestObject("Object Repository/RecAndPlayBk/Page-Vlink-AuthOnly/input_Card ex year_card_exyr"), exY): Text '2029' is set on object 'Object Repository/RecAndPlayBk/Page-Vlink-AuthOnly/input_Card ex year_card_exyr'

2024-05-27 19:18:15 - [MESSAGE][PASSED] - Text '2029' is set on object 'Object Repository/RecAndPlayBk/Page-Vlink-AuthOnly/input_Card ex year_card_exyr'

2024-05-27 19:18:15 - [TEST_STEP][PASSED] - click(findTestObject("Object Repository/RecAndPlayBk/Page-Vlink-AuthOnly/input_Track Data_track_data")): Object: 'Object Repository/RecAndPlayBk/Page-Vlink-AuthOnly/input_Track Data_track_data' is clicked on

2024-05-27 19:18:16 - [MESSAGE][PASSED] - Object: 'Object Repository/RecAndPlayBk/Page-Vlink-AuthOnly/input_Track Data_track_data' is clicked on

2024-05-27 19:18:16 - [TEST_STEP][PASSED] - click(findTestObject("Object Repository/RecAndPlayBk/Page-Vlink-AuthOnly/input_CVV state_cvv_state")): Object: 'Object Repository/RecAndPlayBk/Page-Vlink-AuthOnly/input_CVV state_cvv_state' is clicked on

2024-05-27 19:18:16 - [MESSAGE][PASSED] - Object: 'Object Repository/RecAndPlayBk/Page-Vlink-AuthOnly/input_CVV state_cvv_state' is clicked on

2024-05-27 19:18:16 - [TEST_STEP][PASSED] - setText(findTestObject("Object Repository/RecAndPlayBk/Page-Vlink-AuthOnly/input_Track Data_track_data"), ""): Text '' is set on object 'Object Repository/RecAndPlayBk/Page-Vlink-AuthOnly/input_Track Data_track_data'

2024-05-27 19:18:17 - [MESSAGE][PASSED] - Text '' is set on object 'Object Repository/RecAndPlayBk/Page-Vlink-AuthOnly/input_Track Data_track_data'

2024-05-27 19:18:17 - [TEST_STEP][PASSED] - setText(findTestObject("Object Repository/RecAndPlayBk/Page-Vlink-AuthOnly/input_concat(Cardholder, , s email)_email"), ""): Text '' is set on object 'Object Repository/RecAndPlayBk/Page-Vlink-AuthOnly/input_concat(Cardholder, , s email)_email'

2024-05-27 19:18:18 - [MESSAGE][PASSED] - Text '' is set on object 'Object Repository/RecAndPlayBk/Page-Vlink-AuthOnly/input_concat(Cardholder, , s email)_email'

2024-05-27 19:18:18 - [TEST_STEP][PASSED] - click(findTestObject("Object Repository/RecAndPlayBk/Page-Vlink-AuthOnly/input_user_defined10_user_defined10")): Object: 'Object Repository/RecAndPlayBk/Page-Vlink-AuthOnly/input_user_defined10_user_defined10' is clicked on

2024-05-27 19:18:18 - [MESSAGE][PASSED] - Object: 'Object Repository/RecAndPlayBk/Page-Vlink-AuthOnly/input_user_defined10_user_defined10' is clicked on

2024-05-27 19:18:18 - [TEST_STEP][PASSED] - if (executionProfile.equalsIgnoreCase("QAProfile")): null

2024-05-27 19:18:18 - [TEST_STEP][PASSED] - click(findTestObject("Object Repository/RecAndPlayBk/Page-Vlink-AuthOnly/input")): Object: 'Object Repository/RecAndPlayBk/Page-Vlink-AuthOnly/input' is clicked on

2024-05-27 19:18:20 - [MESSAGE][PASSED] - Object: 'Object Repository/RecAndPlayBk/Page-Vlink-AuthOnly/input' is clicked on

2024-05-27 19:18:20 - [TEST_STEP][PASSED] - if (verifyTextPresent("Transaction approved, no errors", true)): null

2024-05-27 19:18:20 - [MESSAGE][PASSED] - Text 'Transaction approved, no errors' is present on page  using regular expression

2024-05-27 19:18:20 - [TEST_STEP][PASSED] - out.println("Auth was successful, Capture now"): null

2024-05-27 19:18:20 - [TEST_STEP][PASSED] - sdfo = getText(findTestObject("Object Repository/Page_VLinkReceipt/pre_STX")): Text of object 'Object Repository/Page_VLinkReceipt/pre_STX' is: '<STX>gREPGeZayOkf                  2967811             0  Transaction approved, no errors                   0                                                                                  N 765439   <ETX>'

2024-05-27 19:18:20 - [MESSAGE][PASSED] - Text of object 'Object Repository/Page_VLinkReceipt/pre_STX' is: '<STX>gREPGeZayOkf                  2967811             0  Transaction approved, no errors                   0                                                                                  N 765439   <ETX>'

2024-05-27 19:18:20 - [TEST_STEP][PASSED] - out.println("sdfo: " + sdfo): null

2024-05-27 19:18:20 - [TEST_STEP][PASSED] - remID = substring(5, 35).trim(): null

2024-05-27 19:18:20 - [TEST_STEP][PASSED] - out.println("remID: " + remID): null

2024-05-27 19:18:20 - [TEST_STEP][PASSED] - traxID = substring(35, 55).trim(): null

2024-05-27 19:18:20 - [TEST_STEP][PASSED] - out.println("traxID: " + traxID): null

2024-05-27 19:18:20 - [TEST_STEP][PASSED] - VLinkSaleRemID = remID: null

2024-05-27 19:18:20 - [TEST_STEP][PASSED] - VLinkSaleTranxID = traxID: null

2024-05-27 19:18:20 - [TEST_STEP][PASSED] - openBrowser(VLinkURL + "capture.html"): Browser is opened with url: 'https://dev-algorithm.govolution.com/vlinktest/demo/version_2_0/capture.html'

2024-05-27 19:18:20 - [MESSAGE][WARNING] - A browser is already opened. Closing browser and opening a new one

2024-05-27 19:18:22 - [MESSAGE][INFO] - Starting 'Chrome' driver

2024-05-27 19:18:22 - [MESSAGE][INFO] - User set preference: ['acceptInsecureCerts', 'true']

2024-05-27 19:18:22 - [MESSAGE][INFO] - Action delay is set to 0 milliseconds

2024-05-27 19:18:23 - [MESSAGE][PASSED] - Browser is opened with url: 'https://dev-algorithm.govolution.com/vlinktest/demo/version_2_0/capture.html'

2024-05-27 19:18:23 - [TEST_STEP][PASSED] - maximizeWindow(): Current window maximized

2024-05-27 19:18:24 - [MESSAGE][PASSED] - Current window maximized

2024-05-27 19:18:24 - [TEST_STEP][PASSED] - setText(findTestObject("Object Repository/RecAndPlayBk/Page-VLink-Capture/input_Remittance Id_remittance_id"), VLinkSaleRemID): Text 'gREPGeZayOkf' is set on object 'Object Repository/RecAndPlayBk/Page-VLink-Capture/input_Remittance Id_remittance_id'

2024-05-27 19:18:24 - [MESSAGE][PASSED] - Text 'gREPGeZayOkf' is set on object 'Object Repository/RecAndPlayBk/Page-VLink-Capture/input_Remittance Id_remittance_id'

2024-05-27 19:18:24 - [TEST_STEP][PASSED] - setText(findTestObject("Object Repository/RecAndPlayBk/Page-VLink-Capture/input_Application Id_application_id"), appID): Text '2435' is set on object 'Object Repository/RecAndPlayBk/Page-VLink-Capture/input_Application Id_application_id'

2024-05-27 19:18:25 - [MESSAGE][PASSED] - Text '2435' is set on object 'Object Repository/RecAndPlayBk/Page-VLink-Capture/input_Application Id_application_id'

2024-05-27 19:18:25 - [TEST_STEP][PASSED] - setText(findTestObject("Object Repository/RecAndPlayBk/Page-VLink-Capture/input_Username_username"), username): Text 'health' is set on object 'Object Repository/RecAndPlayBk/Page-VLink-Capture/input_Username_username'

2024-05-27 19:18:26 - [MESSAGE][PASSED] - Text 'health' is set on object 'Object Repository/RecAndPlayBk/Page-VLink-Capture/input_Username_username'

2024-05-27 19:18:26 - [TEST_STEP][PASSED] - setText(findTestObject("Object Repository/RecAndPlayBk/Page-VLink-Capture/input_Password_password"), password): Text '11111111' is set on object 'Object Repository/RecAndPlayBk/Page-VLink-Capture/input_Password_password'

2024-05-27 19:18:26 - [MESSAGE][PASSED] - Text '11111111' is set on object 'Object Repository/RecAndPlayBk/Page-VLink-Capture/input_Password_password'

2024-05-27 19:18:26 - [TEST_STEP][PASSED] - setText(findTestObject("Object Repository/RecAndPlayBk/Page-VLink-Capture/input_Transaction ID_transaction_id"), VLinkSaleTranxID): Text '2967811' is set on object 'Object Repository/RecAndPlayBk/Page-VLink-Capture/input_Transaction ID_transaction_id'

2024-05-27 19:18:27 - [MESSAGE][PASSED] - Text '2967811' is set on object 'Object Repository/RecAndPlayBk/Page-VLink-Capture/input_Transaction ID_transaction_id'

2024-05-27 19:18:27 - [TEST_STEP][PASSED] - setText(findTestObject("Object Repository/RecAndPlayBk/Page-VLink-Capture/input_Amount_amount"), amount): Text '10.5' is set on object 'Object Repository/RecAndPlayBk/Page-VLink-Capture/input_Amount_amount'

2024-05-27 19:18:28 - [MESSAGE][PASSED] - Text '10.5' is set on object 'Object Repository/RecAndPlayBk/Page-VLink-Capture/input_Amount_amount'

2024-05-27 19:18:28 - [TEST_STEP][PASSED] - click(findTestObject("Object Repository/RecAndPlayBk/Page-VLink-Capture/input")): Object: 'Object Repository/RecAndPlayBk/Page-VLink-Capture/input' is clicked on

2024-05-27 19:18:29 - [MESSAGE][PASSED] - Object: 'Object Repository/RecAndPlayBk/Page-VLink-Capture/input' is clicked on

2024-05-27 19:18:29 - [TEST_STEP][PASSED] - if (verifyTextPresent("Transaction approved, no errors", true)): null

2024-05-27 19:18:30 - [MESSAGE][PASSED] - Text 'Transaction approved, no errors' is present on page  using regular expression

2024-05-27 19:18:30 - [TEST_STEP][PASSED] - sdfo = getText(findTestObject("Object Repository/Page_VLinkReceipt/pre_STX")): Text of object 'Object Repository/Page_VLinkReceipt/pre_STX' is: '<STX>gREPGeZayOkf                  2967812             0  Transaction approved, no errors                   0                                                                                  N 765439   <ETX>'

2024-05-27 19:18:30 - [MESSAGE][PASSED] - Text of object 'Object Repository/Page_VLinkReceipt/pre_STX' is: '<STX>gREPGeZayOkf                  2967812             0  Transaction approved, no errors                   0                                                                                  N 765439   <ETX>'

2024-05-27 19:18:30 - [TEST_STEP][PASSED] - out.println("sdfo: " + sdfo): null

2024-05-27 19:18:30 - [TEST_STEP][PASSED] - remID = substring(5, 35).trim(): null

2024-05-27 19:18:30 - [TEST_STEP][PASSED] - out.println("remID: " + remID): null

2024-05-27 19:18:30 - [TEST_STEP][PASSED] - traxID = substring(35, 55).trim(): null

2024-05-27 19:18:30 - [TEST_STEP][PASSED] - out.println("traxID: " + traxID): null

2024-05-27 19:18:30 - [TEST_STEP][PASSED] - VLinkSaleRemID = remID: null

2024-05-27 19:18:30 - [TEST_STEP][PASSED] - VLinkSaleTranxID = traxID: null

2024-05-27 19:18:30 - [TEST_STEP][PASSED] - openBrowser(VLinkURL + "CC_void.html"): Browser is opened with url: 'https://dev-algorithm.govolution.com/vlinktest/demo/version_2_0/CC_void.html'

2024-05-27 19:18:30 - [MESSAGE][WARNING] - A browser is already opened. Closing browser and opening a new one

2024-05-27 19:18:31 - [MESSAGE][INFO] - Starting 'Chrome' driver

2024-05-27 19:18:31 - [MESSAGE][INFO] - User set preference: ['acceptInsecureCerts', 'true']

2024-05-27 19:18:31 - [MESSAGE][INFO] - Action delay is set to 0 milliseconds

2024-05-27 19:18:33 - [MESSAGE][PASSED] - Browser is opened with url: 'https://dev-algorithm.govolution.com/vlinktest/demo/version_2_0/CC_void.html'

2024-05-27 19:18:33 - [TEST_STEP][PASSED] - maximizeWindow(): Current window maximized

2024-05-27 19:18:33 - [MESSAGE][PASSED] - Current window maximized

2024-05-27 19:18:33 - [TEST_STEP][PASSED] - setText(findTestObject("Object Repository/RecAndPlayBk/Page-Vlink-CC-Void/txt_RemID"), VLinkSaleRemID): Text 'gREPGeZayOkf' is set on object 'Object Repository/RecAndPlayBk/Page-Vlink-CC-Void/txt_RemID'

2024-05-27 19:18:34 - [MESSAGE][PASSED] - Text 'gREPGeZayOkf' is set on object 'Object Repository/RecAndPlayBk/Page-Vlink-CC-Void/txt_RemID'

2024-05-27 19:18:34 - [TEST_STEP][PASSED] - setText(findTestObject("Object Repository/RecAndPlayBk/Page-Vlink-CC-Void/txt_ApplicationID"), appID): Text '2435' is set on object 'Object Repository/RecAndPlayBk/Page-Vlink-CC-Void/txt_ApplicationID'

2024-05-27 19:18:35 - [MESSAGE][PASSED] - Text '2435' is set on object 'Object Repository/RecAndPlayBk/Page-Vlink-CC-Void/txt_ApplicationID'

2024-05-27 19:18:35 - [TEST_STEP][PASSED] - setText(findTestObject("Object Repository/RecAndPlayBk/Page-Vlink-CC-Void/txt_Username"), username): Text 'health' is set on object 'Object Repository/RecAndPlayBk/Page-Vlink-CC-Void/txt_Username'

2024-05-27 19:18:36 - [MESSAGE][PASSED] - Text 'health' is set on object 'Object Repository/RecAndPlayBk/Page-Vlink-CC-Void/txt_Username'

2024-05-27 19:18:36 - [TEST_STEP][PASSED] - setText(findTestObject("Object Repository/RecAndPlayBk/Page-Vlink-CC-Void/txt_Password"), password): Text '11111111' is set on object 'Object Repository/RecAndPlayBk/Page-Vlink-CC-Void/txt_Password'

2024-05-27 19:18:36 - [MESSAGE][PASSED] - Text '11111111' is set on object 'Object Repository/RecAndPlayBk/Page-Vlink-CC-Void/txt_Password'

2024-05-27 19:18:36 - [TEST_STEP][PASSED] - setText(findTestObject("Object Repository/RecAndPlayBk/Page-Vlink-CC-Void/txt_TransactionID"), VLinkSaleTranxID): Text '2967812' is set on object 'Object Repository/RecAndPlayBk/Page-Vlink-CC-Void/txt_TransactionID'

2024-05-27 19:18:37 - [MESSAGE][PASSED] - Text '2967812' is set on object 'Object Repository/RecAndPlayBk/Page-Vlink-CC-Void/txt_TransactionID'

2024-05-27 19:18:37 - [TEST_STEP][PASSED] - setText(findTestObject("Object Repository/RecAndPlayBk/Page-Vlink-CC-Void/txt_OriginalTransactionType"), "102"): Text '102' is set on object 'Object Repository/RecAndPlayBk/Page-Vlink-CC-Void/txt_OriginalTransactionType'

2024-05-27 19:18:38 - [MESSAGE][PASSED] - Text '102' is set on object 'Object Repository/RecAndPlayBk/Page-Vlink-CC-Void/txt_OriginalTransactionType'

2024-05-27 19:18:38 - [TEST_STEP][PASSED] - setText(findTestObject("Object Repository/RecAndPlayBk/Page-Vlink-CC-Void/txt_TrackData"), ""): Text '' is set on object 'Object Repository/RecAndPlayBk/Page-Vlink-CC-Void/txt_TrackData'

2024-05-27 19:18:39 - [MESSAGE][PASSED] - Text '' is set on object 'Object Repository/RecAndPlayBk/Page-Vlink-CC-Void/txt_TrackData'

2024-05-27 19:18:39 - [TEST_STEP][PASSED] - click(findTestObject("Object Repository/RecAndPlayBk/Page-Vlink-CC-Void/btn_ProcessVLinkTransaction")): Object: 'Object Repository/RecAndPlayBk/Page-Vlink-CC-Void/btn_ProcessVLinkTransaction' is clicked on

2024-05-27 19:18:40 - [MESSAGE][PASSED] - Object: 'Object Repository/RecAndPlayBk/Page-Vlink-CC-Void/btn_ProcessVLinkTransaction' is clicked on

2024-05-27 19:18:40 - [TEST_STEP][PASSED] - if (verifyTextPresent("Transaction approved, no errors", true)): null

2024-05-27 19:18:41 - [MESSAGE][PASSED] - Text 'Transaction approved, no errors' is present on page  using regular expression

2024-05-27 19:18:41 - [TEST_STEP][PASSED] - println("Transaction Approved, no errors text is present on the Confirmation page"): null

2024-05-27 19:18:41 - [TEST_STEP][PASSED] - out.println("Pass Record Number: " + row): null

2024-05-27 19:18:41 - [TEST_STEP][PASSED] - resText = "Pass": null

2024-05-27 19:18:41 - [TEST_STEP][PASSED] - pages.WriteExcel.demoKey(resText, datText, resColumn, datCloumn, fileLoc, nameSheet, row): pages.WriteExcel.demoKey is PASSED

2024-05-27 19:18:41 - [MESSAGE][PASSED] - pages.WriteExcel.demoKey is PASSED

2024-05-27 19:18:41 - [TEST_STEP][PASSED] - ExecuteTC = findTestData(dataFile).getValue("Execute", row): null

2024-05-27 19:18:41 - [TEST_STEP][PASSED] - out.println("Value of Execute is : " + ExecuteTC): null

2024-05-27 19:18:41 - [TEST_STEP][PASSED] - switch (executionProfile): null

2024-05-27 19:18:41 - [TEST_STEP][PASSED] - case "DemoProfile":: null

2024-05-27 19:18:41 - [TEST_STEP][PASSED] - appID = findTestData(dataFile).getValue("AppIDDemo", row): null

2024-05-27 19:18:41 - [TEST_STEP][PASSED] - username = findTestData(dataFile).getValue("UsernameDemo", row): null

2024-05-27 19:18:41 - [TEST_STEP][PASSED] - password = findTestData(dataFile).getValue("PasswordDemo", row): null

2024-05-27 19:18:41 - [TEST_STEP][PASSED] - break: null

2024-05-27 19:18:41 - [TEST_STEP][PASSED] - if (ExecuteTC.equalsIgnoreCase("Y")): null

2024-05-27 19:18:41 - [TEST_STEP][PASSED] - out.println("Begin Record Number: " + row): null

2024-05-27 19:18:41 - [TEST_STEP][PASSED] - today = new java.util.Date(): null

2024-05-27 19:18:41 - [TEST_STEP][PASSED] - println(today): null

2024-05-27 19:18:41 - [TEST_STEP][PASSED] - datText = today: null

2024-05-27 19:18:41 - [TEST_STEP][PASSED] - category = findTestData(dataFile).getValue("Category", row): null

2024-05-27 19:18:41 - [TEST_STEP][PASSED] - amount = findTestData(dataFile).getValue("Amount", row): null

2024-05-27 19:18:41 - [TEST_STEP][PASSED] - cardNumber = findTestData(dataFile).getValue("CardNumber", row): null

2024-05-27 19:18:41 - [TEST_STEP][PASSED] - exM = findTestData(dataFile).getValue("ExM", row): null

2024-05-27 19:18:41 - [TEST_STEP][PASSED] - exY = findTestData(dataFile).getValue("ExY", row): null

2024-05-27 19:18:42 - [TEST_STEP][PASSED] - openBrowser(VLinkURL + "auth.html"): Browser is opened with url: 'https://dev-algorithm.govolution.com/vlinktest/demo/version_2_0/auth.html'

2024-05-27 19:18:42 - [MESSAGE][WARNING] - A browser is already opened. Closing browser and opening a new one

2024-05-27 19:18:43 - [MESSAGE][INFO] - Starting 'Chrome' driver

2024-05-27 19:18:43 - [MESSAGE][INFO] - User set preference: ['acceptInsecureCerts', 'true']

2024-05-27 19:18:43 - [MESSAGE][INFO] - Action delay is set to 0 milliseconds

2024-05-27 19:18:45 - [MESSAGE][PASSED] - Browser is opened with url: 'https://dev-algorithm.govolution.com/vlinktest/demo/version_2_0/auth.html'

2024-05-27 19:18:45 - [TEST_STEP][PASSED] - maximizeWindow(): Current window maximized

2024-05-27 19:18:45 - [MESSAGE][PASSED] - Current window maximized

2024-05-27 19:18:45 - [TEST_STEP][PASSED] - genRemID = RandomStringUtils.random(12, true, true): null

2024-05-27 19:18:45 - [TEST_STEP][PASSED] - setText(findTestObject("Object Repository/RecAndPlayBk/Page-Vlink-AuthOnly/input_Remittance Id_remittance_id"), genRemID): Text '37eSsLpltNTC' is set on object 'Object Repository/RecAndPlayBk/Page-Vlink-AuthOnly/input_Remittance Id_remittance_id'

2024-05-27 19:18:46 - [MESSAGE][PASSED] - Text '37eSsLpltNTC' is set on object 'Object Repository/RecAndPlayBk/Page-Vlink-AuthOnly/input_Remittance Id_remittance_id'

2024-05-27 19:18:46 - [TEST_STEP][PASSED] - setText(findTestObject("Object Repository/RecAndPlayBk/Page-Vlink-AuthOnly/input_Application Id_application_id"), appID): Text '3136' is set on object 'Object Repository/RecAndPlayBk/Page-Vlink-AuthOnly/input_Application Id_application_id'

2024-05-27 19:18:46 - [MESSAGE][PASSED] - Text '3136' is set on object 'Object Repository/RecAndPlayBk/Page-Vlink-AuthOnly/input_Application Id_application_id'

2024-05-27 19:18:46 - [TEST_STEP][PASSED] - setText(findTestObject("Object Repository/RecAndPlayBk/Page-Vlink-AuthOnly/input_Username_username"), username): Text 'user3136' is set on object 'Object Repository/RecAndPlayBk/Page-Vlink-AuthOnly/input_Username_username'

2024-05-27 19:18:47 - [MESSAGE][PASSED] - Text 'user3136' is set on object 'Object Repository/RecAndPlayBk/Page-Vlink-AuthOnly/input_Username_username'

2024-05-27 19:18:47 - [TEST_STEP][PASSED] - setText(findTestObject("Object Repository/RecAndPlayBk/Page-Vlink-AuthOnly/input_Password_password"), password): Text 'pwd3136' is set on object 'Object Repository/RecAndPlayBk/Page-Vlink-AuthOnly/input_Password_password'

2024-05-27 19:18:48 - [MESSAGE][PASSED] - Text 'pwd3136' is set on object 'Object Repository/RecAndPlayBk/Page-Vlink-AuthOnly/input_Password_password'

2024-05-27 19:18:48 - [TEST_STEP][PASSED] - setText(findTestObject("Object Repository/RecAndPlayBk/Page-Vlink-AuthOnly/input_Category_category"), category): Text 'ECOM' is set on object 'Object Repository/RecAndPlayBk/Page-Vlink-AuthOnly/input_Category_category'

2024-05-27 19:18:48 - [MESSAGE][PASSED] - Text 'ECOM' is set on object 'Object Repository/RecAndPlayBk/Page-Vlink-AuthOnly/input_Category_category'

2024-05-27 19:18:48 - [TEST_STEP][PASSED] - setText(findTestObject("Object Repository/RecAndPlayBk/Page-Vlink-AuthOnly/input_Amount_amount"), amount): Text '10.5' is set on object 'Object Repository/RecAndPlayBk/Page-Vlink-AuthOnly/input_Amount_amount'

2024-05-27 19:18:49 - [MESSAGE][PASSED] - Text '10.5' is set on object 'Object Repository/RecAndPlayBk/Page-Vlink-AuthOnly/input_Amount_amount'

2024-05-27 19:18:49 - [TEST_STEP][PASSED] - doubleClick(findTestObject("Object Repository/RecAndPlayBk/Page-Vlink-AuthOnly/input_Card number_card_number")): Object: 'Object Repository/RecAndPlayBk/Page-Vlink-AuthOnly/input_Card number_card_number' is double clicked on

2024-05-27 19:18:50 - [MESSAGE][PASSED] - Object: 'Object Repository/RecAndPlayBk/Page-Vlink-AuthOnly/input_Card number_card_number' is double clicked on

2024-05-27 19:18:50 - [TEST_STEP][PASSED] - setText(findTestObject("Object Repository/RecAndPlayBk/Page-Vlink-AuthOnly/input_Card number_card_number"), cardNumber): Text '5146312200000035' is set on object 'Object Repository/RecAndPlayBk/Page-Vlink-AuthOnly/input_Card number_card_number'

2024-05-27 19:18:50 - [MESSAGE][PASSED] - Text '5146312200000035' is set on object 'Object Repository/RecAndPlayBk/Page-Vlink-AuthOnly/input_Card number_card_number'

2024-05-27 19:18:50 - [TEST_STEP][PASSED] - setText(findTestObject("Object Repository/RecAndPlayBk/Page-Vlink-AuthOnly/input_Card ex month_card_exmo"), exM): Text '12' is set on object 'Object Repository/RecAndPlayBk/Page-Vlink-AuthOnly/input_Card ex month_card_exmo'

2024-05-27 19:18:51 - [MESSAGE][PASSED] - Text '12' is set on object 'Object Repository/RecAndPlayBk/Page-Vlink-AuthOnly/input_Card ex month_card_exmo'

2024-05-27 19:18:51 - [TEST_STEP][PASSED] - setText(findTestObject("Object Repository/RecAndPlayBk/Page-Vlink-AuthOnly/input_Card ex year_card_exyr"), exY): Text '2029' is set on object 'Object Repository/RecAndPlayBk/Page-Vlink-AuthOnly/input_Card ex year_card_exyr'

2024-05-27 19:18:52 - [MESSAGE][PASSED] - Text '2029' is set on object 'Object Repository/RecAndPlayBk/Page-Vlink-AuthOnly/input_Card ex year_card_exyr'

2024-05-27 19:18:52 - [TEST_STEP][PASSED] - click(findTestObject("Object Repository/RecAndPlayBk/Page-Vlink-AuthOnly/input_Track Data_track_data")): Object: 'Object Repository/RecAndPlayBk/Page-Vlink-AuthOnly/input_Track Data_track_data' is clicked on

2024-05-27 19:18:52 - [MESSAGE][PASSED] - Object: 'Object Repository/RecAndPlayBk/Page-Vlink-AuthOnly/input_Track Data_track_data' is clicked on

2024-05-27 19:18:52 - [TEST_STEP][PASSED] - click(findTestObject("Object Repository/RecAndPlayBk/Page-Vlink-AuthOnly/input_CVV state_cvv_state")): Object: 'Object Repository/RecAndPlayBk/Page-Vlink-AuthOnly/input_CVV state_cvv_state' is clicked on

2024-05-27 19:18:52 - [MESSAGE][PASSED] - Object: 'Object Repository/RecAndPlayBk/Page-Vlink-AuthOnly/input_CVV state_cvv_state' is clicked on

2024-05-27 19:18:52 - [TEST_STEP][PASSED] - setText(findTestObject("Object Repository/RecAndPlayBk/Page-Vlink-AuthOnly/input_Track Data_track_data"), ""): Text '' is set on object 'Object Repository/RecAndPlayBk/Page-Vlink-AuthOnly/input_Track Data_track_data'

2024-05-27 19:18:53 - [MESSAGE][PASSED] - Text '' is set on object 'Object Repository/RecAndPlayBk/Page-Vlink-AuthOnly/input_Track Data_track_data'

2024-05-27 19:18:53 - [TEST_STEP][PASSED] - setText(findTestObject("Object Repository/RecAndPlayBk/Page-Vlink-AuthOnly/input_concat(Cardholder, , s email)_email"), ""): Text '' is set on object 'Object Repository/RecAndPlayBk/Page-Vlink-AuthOnly/input_concat(Cardholder, , s email)_email'

2024-05-27 19:18:54 - [MESSAGE][PASSED] - Text '' is set on object 'Object Repository/RecAndPlayBk/Page-Vlink-AuthOnly/input_concat(Cardholder, , s email)_email'

2024-05-27 19:18:54 - [TEST_STEP][PASSED] - click(findTestObject("Object Repository/RecAndPlayBk/Page-Vlink-AuthOnly/input_user_defined10_user_defined10")): Object: 'Object Repository/RecAndPlayBk/Page-Vlink-AuthOnly/input_user_defined10_user_defined10' is clicked on

2024-05-27 19:18:54 - [MESSAGE][PASSED] - Object: 'Object Repository/RecAndPlayBk/Page-Vlink-AuthOnly/input_user_defined10_user_defined10' is clicked on

2024-05-27 19:18:54 - [TEST_STEP][PASSED] - if (executionProfile.equalsIgnoreCase("QAProfile")): null

2024-05-27 19:18:54 - [TEST_STEP][PASSED] - click(findTestObject("Object Repository/RecAndPlayBk/Page-Vlink-AuthOnly/input")): Object: 'Object Repository/RecAndPlayBk/Page-Vlink-AuthOnly/input' is clicked on

2024-05-27 19:18:55 - [MESSAGE][PASSED] - Object: 'Object Repository/RecAndPlayBk/Page-Vlink-AuthOnly/input' is clicked on

2024-05-27 19:18:55 - [TEST_STEP][PASSED] - if (verifyTextPresent("Transaction approved, no errors", true)): null

2024-05-27 19:18:56 - [MESSAGE][PASSED] - Text 'Transaction approved, no errors' is present on page  using regular expression

2024-05-27 19:18:56 - [TEST_STEP][PASSED] - out.println("Auth was successful, Capture now"): null

2024-05-27 19:18:56 - [TEST_STEP][PASSED] - sdfo = getText(findTestObject("Object Repository/Page_VLinkReceipt/pre_STX")): Text of object 'Object Repository/Page_VLinkReceipt/pre_STX' is: '<STX>37eSsLpltNTC                  2967814             0  Transaction approved, no errors                   0                                                                                    456457   <ETX>'

2024-05-27 19:18:56 - [MESSAGE][PASSED] - Text of object 'Object Repository/Page_VLinkReceipt/pre_STX' is: '<STX>37eSsLpltNTC                  2967814             0  Transaction approved, no errors                   0                                                                                    456457   <ETX>'

2024-05-27 19:18:56 - [TEST_STEP][PASSED] - out.println("sdfo: " + sdfo): null

2024-05-27 19:18:56 - [TEST_STEP][PASSED] - remID = substring(5, 35).trim(): null

2024-05-27 19:18:56 - [TEST_STEP][PASSED] - out.println("remID: " + remID): null

2024-05-27 19:18:56 - [TEST_STEP][PASSED] - traxID = substring(35, 55).trim(): null

2024-05-27 19:18:56 - [TEST_STEP][PASSED] - out.println("traxID: " + traxID): null

2024-05-27 19:18:56 - [TEST_STEP][PASSED] - VLinkSaleRemID = remID: null

2024-05-27 19:18:56 - [TEST_STEP][PASSED] - VLinkSaleTranxID = traxID: null

2024-05-27 19:18:56 - [TEST_STEP][PASSED] - openBrowser(VLinkURL + "capture.html"): Browser is opened with url: 'https://dev-algorithm.govolution.com/vlinktest/demo/version_2_0/capture.html'

2024-05-27 19:18:56 - [MESSAGE][WARNING] - A browser is already opened. Closing browser and opening a new one

2024-05-27 19:18:57 - [MESSAGE][INFO] - Starting 'Chrome' driver

2024-05-27 19:18:57 - [MESSAGE][INFO] - User set preference: ['acceptInsecureCerts', 'true']

2024-05-27 19:18:57 - [MESSAGE][INFO] - Action delay is set to 0 milliseconds

2024-05-27 19:18:59 - [MESSAGE][PASSED] - Browser is opened with url: 'https://dev-algorithm.govolution.com/vlinktest/demo/version_2_0/capture.html'

2024-05-27 19:18:59 - [TEST_STEP][PASSED] - maximizeWindow(): Current window maximized

2024-05-27 19:18:59 - [MESSAGE][PASSED] - Current window maximized

2024-05-27 19:18:59 - [TEST_STEP][PASSED] - setText(findTestObject("Object Repository/RecAndPlayBk/Page-VLink-Capture/input_Remittance Id_remittance_id"), VLinkSaleRemID): Text '37eSsLpltNTC' is set on object 'Object Repository/RecAndPlayBk/Page-VLink-Capture/input_Remittance Id_remittance_id'

2024-05-27 19:19:00 - [MESSAGE][PASSED] - Text '37eSsLpltNTC' is set on object 'Object Repository/RecAndPlayBk/Page-VLink-Capture/input_Remittance Id_remittance_id'

2024-05-27 19:19:00 - [TEST_STEP][PASSED] - setText(findTestObject("Object Repository/RecAndPlayBk/Page-VLink-Capture/input_Application Id_application_id"), appID): Text '3136' is set on object 'Object Repository/RecAndPlayBk/Page-VLink-Capture/input_Application Id_application_id'

2024-05-27 19:19:01 - [MESSAGE][PASSED] - Text '3136' is set on object 'Object Repository/RecAndPlayBk/Page-VLink-Capture/input_Application Id_application_id'

2024-05-27 19:19:01 - [TEST_STEP][PASSED] - setText(findTestObject("Object Repository/RecAndPlayBk/Page-VLink-Capture/input_Username_username"), username): Text 'user3136' is set on object 'Object Repository/RecAndPlayBk/Page-VLink-Capture/input_Username_username'

2024-05-27 19:19:01 - [MESSAGE][PASSED] - Text 'user3136' is set on object 'Object Repository/RecAndPlayBk/Page-VLink-Capture/input_Username_username'

2024-05-27 19:19:01 - [TEST_STEP][PASSED] - setText(findTestObject("Object Repository/RecAndPlayBk/Page-VLink-Capture/input_Password_password"), password): Text 'pwd3136' is set on object 'Object Repository/RecAndPlayBk/Page-VLink-Capture/input_Password_password'

2024-05-27 19:19:02 - [MESSAGE][PASSED] - Text 'pwd3136' is set on object 'Object Repository/RecAndPlayBk/Page-VLink-Capture/input_Password_password'

2024-05-27 19:19:02 - [TEST_STEP][PASSED] - setText(findTestObject("Object Repository/RecAndPlayBk/Page-VLink-Capture/input_Transaction ID_transaction_id"), VLinkSaleTranxID): Text '2967814' is set on object 'Object Repository/RecAndPlayBk/Page-VLink-Capture/input_Transaction ID_transaction_id'

2024-05-27 19:19:03 - [MESSAGE][PASSED] - Text '2967814' is set on object 'Object Repository/RecAndPlayBk/Page-VLink-Capture/input_Transaction ID_transaction_id'

2024-05-27 19:19:03 - [TEST_STEP][PASSED] - setText(findTestObject("Object Repository/RecAndPlayBk/Page-VLink-Capture/input_Amount_amount"), amount): Text '10.5' is set on object 'Object Repository/RecAndPlayBk/Page-VLink-Capture/input_Amount_amount'

2024-05-27 19:19:04 - [MESSAGE][PASSED] - Text '10.5' is set on object 'Object Repository/RecAndPlayBk/Page-VLink-Capture/input_Amount_amount'

2024-05-27 19:19:04 - [TEST_STEP][PASSED] - click(findTestObject("Object Repository/RecAndPlayBk/Page-VLink-Capture/input")): Object: 'Object Repository/RecAndPlayBk/Page-VLink-Capture/input' is clicked on

2024-05-27 19:19:05 - [MESSAGE][PASSED] - Object: 'Object Repository/RecAndPlayBk/Page-VLink-Capture/input' is clicked on

2024-05-27 19:19:05 - [TEST_STEP][PASSED] - if (verifyTextPresent("Transaction approved, no errors", true)): null

2024-05-27 19:19:05 - [MESSAGE][PASSED] - Text 'Transaction approved, no errors' is present on page  using regular expression

2024-05-27 19:19:05 - [TEST_STEP][PASSED] - sdfo = getText(findTestObject("Object Repository/Page_VLinkReceipt/pre_STX")): Text of object 'Object Repository/Page_VLinkReceipt/pre_STX' is: '<STX>37eSsLpltNTC                  2967815             0  Transaction approved, no errors                   0                                                                                    578246   <ETX>'

2024-05-27 19:19:06 - [MESSAGE][PASSED] - Text of object 'Object Repository/Page_VLinkReceipt/pre_STX' is: '<STX>37eSsLpltNTC                  2967815             0  Transaction approved, no errors                   0                                                                                    578246   <ETX>'

2024-05-27 19:19:06 - [TEST_STEP][PASSED] - out.println("sdfo: " + sdfo): null

2024-05-27 19:19:06 - [TEST_STEP][PASSED] - remID = substring(5, 35).trim(): null

2024-05-27 19:19:06 - [TEST_STEP][PASSED] - out.println("remID: " + remID): null

2024-05-27 19:19:06 - [TEST_STEP][PASSED] - traxID = substring(35, 55).trim(): null

2024-05-27 19:19:06 - [TEST_STEP][PASSED] - out.println("traxID: " + traxID): null

2024-05-27 19:19:06 - [TEST_STEP][PASSED] - VLinkSaleRemID = remID: null

2024-05-27 19:19:06 - [TEST_STEP][PASSED] - VLinkSaleTranxID = traxID: null

2024-05-27 19:19:06 - [TEST_STEP][PASSED] - openBrowser(VLinkURL + "CC_void.html"): Browser is opened with url: 'https://dev-algorithm.govolution.com/vlinktest/demo/version_2_0/CC_void.html'

2024-05-27 19:19:06 - [MESSAGE][WARNING] - A browser is already opened. Closing browser and opening a new one

2024-05-27 19:19:07 - [MESSAGE][INFO] - Starting 'Chrome' driver

2024-05-27 19:19:07 - [MESSAGE][INFO] - User set preference: ['acceptInsecureCerts', 'true']

2024-05-27 19:19:07 - [MESSAGE][INFO] - Action delay is set to 0 milliseconds

2024-05-27 19:19:09 - [MESSAGE][PASSED] - Browser is opened with url: 'https://dev-algorithm.govolution.com/vlinktest/demo/version_2_0/CC_void.html'

2024-05-27 19:19:09 - [TEST_STEP][PASSED] - maximizeWindow(): Current window maximized

2024-05-27 19:19:09 - [MESSAGE][PASSED] - Current window maximized

2024-05-27 19:19:09 - [TEST_STEP][PASSED] - setText(findTestObject("Object Repository/RecAndPlayBk/Page-Vlink-CC-Void/txt_RemID"), VLinkSaleRemID): Text '37eSsLpltNTC' is set on object 'Object Repository/RecAndPlayBk/Page-Vlink-CC-Void/txt_RemID'

2024-05-27 19:19:10 - [MESSAGE][PASSED] - Text '37eSsLpltNTC' is set on object 'Object Repository/RecAndPlayBk/Page-Vlink-CC-Void/txt_RemID'

2024-05-27 19:19:10 - [TEST_STEP][PASSED] - setText(findTestObject("Object Repository/RecAndPlayBk/Page-Vlink-CC-Void/txt_ApplicationID"), appID): Text '3136' is set on object 'Object Repository/RecAndPlayBk/Page-Vlink-CC-Void/txt_ApplicationID'

2024-05-27 19:19:10 - [MESSAGE][PASSED] - Text '3136' is set on object 'Object Repository/RecAndPlayBk/Page-Vlink-CC-Void/txt_ApplicationID'

2024-05-27 19:19:10 - [TEST_STEP][PASSED] - setText(findTestObject("Object Repository/RecAndPlayBk/Page-Vlink-CC-Void/txt_Username"), username): Text 'user3136' is set on object 'Object Repository/RecAndPlayBk/Page-Vlink-CC-Void/txt_Username'

2024-05-27 19:19:11 - [MESSAGE][PASSED] - Text 'user3136' is set on object 'Object Repository/RecAndPlayBk/Page-Vlink-CC-Void/txt_Username'

2024-05-27 19:19:11 - [TEST_STEP][PASSED] - setText(findTestObject("Object Repository/RecAndPlayBk/Page-Vlink-CC-Void/txt_Password"), password): Text 'pwd3136' is set on object 'Object Repository/RecAndPlayBk/Page-Vlink-CC-Void/txt_Password'

2024-05-27 19:19:12 - [MESSAGE][PASSED] - Text 'pwd3136' is set on object 'Object Repository/RecAndPlayBk/Page-Vlink-CC-Void/txt_Password'

2024-05-27 19:19:12 - [TEST_STEP][PASSED] - setText(findTestObject("Object Repository/RecAndPlayBk/Page-Vlink-CC-Void/txt_TransactionID"), VLinkSaleTranxID): Text '2967815' is set on object 'Object Repository/RecAndPlayBk/Page-Vlink-CC-Void/txt_TransactionID'

2024-05-27 19:19:13 - [MESSAGE][PASSED] - Text '2967815' is set on object 'Object Repository/RecAndPlayBk/Page-Vlink-CC-Void/txt_TransactionID'

2024-05-27 19:19:13 - [TEST_STEP][PASSED] - setText(findTestObject("Object Repository/RecAndPlayBk/Page-Vlink-CC-Void/txt_OriginalTransactionType"), "102"): Text '102' is set on object 'Object Repository/RecAndPlayBk/Page-Vlink-CC-Void/txt_OriginalTransactionType'

2024-05-27 19:19:13 - [MESSAGE][PASSED] - Text '102' is set on object 'Object Repository/RecAndPlayBk/Page-Vlink-CC-Void/txt_OriginalTransactionType'

2024-05-27 19:19:13 - [TEST_STEP][PASSED] - setText(findTestObject("Object Repository/RecAndPlayBk/Page-Vlink-CC-Void/txt_TrackData"), ""): Text '' is set on object 'Object Repository/RecAndPlayBk/Page-Vlink-CC-Void/txt_TrackData'

2024-05-27 19:19:14 - [MESSAGE][PASSED] - Text '' is set on object 'Object Repository/RecAndPlayBk/Page-Vlink-CC-Void/txt_TrackData'

2024-05-27 19:19:14 - [TEST_STEP][PASSED] - click(findTestObject("Object Repository/RecAndPlayBk/Page-Vlink-CC-Void/btn_ProcessVLinkTransaction")): Object: 'Object Repository/RecAndPlayBk/Page-Vlink-CC-Void/btn_ProcessVLinkTransaction' is clicked on

2024-05-27 19:19:16 - [MESSAGE][PASSED] - Object: 'Object Repository/RecAndPlayBk/Page-Vlink-CC-Void/btn_ProcessVLinkTransaction' is clicked on

2024-05-27 19:19:16 - [TEST_STEP][PASSED] - if (verifyTextPresent("Transaction approved, no errors", true)): null

2024-05-27 19:19:16 - [MESSAGE][PASSED] - Text 'Transaction approved, no errors' is present on page  using regular expression

2024-05-27 19:19:16 - [TEST_STEP][PASSED] - println("Transaction Approved, no errors text is present on the Confirmation page"): null

2024-05-27 19:19:16 - [TEST_STEP][PASSED] - out.println("Pass Record Number: " + row): null

2024-05-27 19:19:16 - [TEST_STEP][PASSED] - resText = "Pass": null

2024-05-27 19:19:16 - [TEST_STEP][PASSED] - pages.WriteExcel.demoKey(resText, datText, resColumn, datCloumn, fileLoc, nameSheet, row): pages.WriteExcel.demoKey is PASSED

2024-05-27 19:19:16 - [MESSAGE][PASSED] - pages.WriteExcel.demoKey is PASSED]]></system-out>
         <system-err><![CDATA[]]></system-err>
      </testcase>
      <testcase name="Test Cases/RecAndPlayBk/VLink/Auth-Cap-Credit" time="194.762" classname="Test Cases/RecAndPlayBk/VLink/Auth-Cap-Credit" status="PASSED">
         <system-out><![CDATA[2024-05-27 19:19:16 - [TEST_CASE][PASSED] - Test Cases/RecAndPlayBk/VLink/Auth-Cap-Credit: Test Cases/RecAndPlayBk/VLink/Auth-Cap-Credit

2024-05-27 19:19:17 - [TEST_STEP][PASSED] - executionProfile = getExecutionProfile(): null

2024-05-27 19:19:17 - [TEST_STEP][PASSED] - out.println("executionProfile : " + executionProfile): null

2024-05-27 19:19:17 - [TEST_STEP][PASSED] - appName = <not implemented yet for class: org.codehaus.groovy.ast.expr.EmptyExpression>: null

2024-05-27 19:19:17 - [TEST_STEP][PASSED] - appID = <not implemented yet for class: org.codehaus.groovy.ast.expr.EmptyExpression>: null

2024-05-27 19:19:17 - [TEST_STEP][PASSED] - username = <not implemented yet for class: org.codehaus.groovy.ast.expr.EmptyExpression>: null

2024-05-27 19:19:17 - [TEST_STEP][PASSED] - password = <not implemented yet for class: org.codehaus.groovy.ast.expr.EmptyExpression>: null

2024-05-27 19:19:17 - [TEST_STEP][PASSED] - cardNameV = <not implemented yet for class: org.codehaus.groovy.ast.expr.EmptyExpression>: null

2024-05-27 19:19:17 - [TEST_STEP][PASSED] - al1V = <not implemented yet for class: org.codehaus.groovy.ast.expr.EmptyExpression>: null

2024-05-27 19:19:17 - [TEST_STEP][PASSED] - al2V = <not implemented yet for class: org.codehaus.groovy.ast.expr.EmptyExpression>: null

2024-05-27 19:19:17 - [TEST_STEP][PASSED] - zipV = <not implemented yet for class: org.codehaus.groovy.ast.expr.EmptyExpression>: null

2024-05-27 19:19:17 - [TEST_STEP][PASSED] - cardTypeV = <not implemented yet for class: org.codehaus.groovy.ast.expr.EmptyExpression>: null

2024-05-27 19:19:17 - [TEST_STEP][PASSED] - last4V = <not implemented yet for class: org.codehaus.groovy.ast.expr.EmptyExpression>: null

2024-05-27 19:19:17 - [TEST_STEP][PASSED] - resText = "Fail": null

2024-05-27 19:19:17 - [TEST_STEP][PASSED] - resColumn = "Result": null

2024-05-27 19:19:17 - [TEST_STEP][PASSED] - datCloumn = "Date": null

2024-05-27 19:19:17 - [TEST_STEP][PASSED] - fileLoc = "KatalonData/VLinkSmokeData.xlsx": null

2024-05-27 19:19:17 - [TEST_STEP][PASSED] - numOfRows = <not implemented yet for class: org.codehaus.groovy.ast.expr.EmptyExpression>: null

2024-05-27 19:19:17 - [TEST_STEP][PASSED] - dataFile = <not implemented yet for class: org.codehaus.groovy.ast.expr.EmptyExpression>: null

2024-05-27 19:19:17 - [TEST_STEP][PASSED] - nameSheet = <not implemented yet for class: org.codehaus.groovy.ast.expr.EmptyExpression>: null

2024-05-27 19:19:17 - [TEST_STEP][PASSED] - nameSheet = "Auth-Cap-Credit": null

2024-05-27 19:19:17 - [TEST_STEP][PASSED] - numOfRows = findTestData("QA/VLinkTestData/VLinkAuthCapCreditData").getRowNumbers(): null

2024-05-27 19:19:17 - [TEST_STEP][PASSED] - println("Number of Records: " + numOfRows): null

2024-05-27 19:19:17 - [TEST_STEP][PASSED] - dataFile = "QA/VLinkTestData/VLinkAuthCapCreditData": null

2024-05-27 19:19:17 - [TEST_STEP][PASSED] - for ([row = 1, row <= numOfRows, (row++)]): null

2024-05-27 19:19:17 - [TEST_STEP][PASSED] - ExecuteTC = findTestData(dataFile).getValue("Execute", row): null

2024-05-27 19:19:17 - [TEST_STEP][PASSED] - out.println("Value of Execute is : " + ExecuteTC): null

2024-05-27 19:19:17 - [TEST_STEP][PASSED] - switch (executionProfile): null

2024-05-27 19:19:17 - [TEST_STEP][PASSED] - case "DemoProfile":: null

2024-05-27 19:19:17 - [TEST_STEP][PASSED] - appID = findTestData(dataFile).getValue("AppIDDemo", row): null

2024-05-27 19:19:17 - [TEST_STEP][PASSED] - username = findTestData(dataFile).getValue("UsernameDemo", row): null

2024-05-27 19:19:17 - [TEST_STEP][PASSED] - password = findTestData(dataFile).getValue("PasswordDemo", row): null

2024-05-27 19:19:17 - [TEST_STEP][PASSED] - break: null

2024-05-27 19:19:17 - [TEST_STEP][PASSED] - if (ExecuteTC.equalsIgnoreCase("Y")): null

2024-05-27 19:19:17 - [TEST_STEP][PASSED] - out.println("Begin Record Number: " + row): null

2024-05-27 19:19:17 - [TEST_STEP][PASSED] - today = new java.util.Date(): null

2024-05-27 19:19:17 - [TEST_STEP][PASSED] - println(today): null

2024-05-27 19:19:17 - [TEST_STEP][PASSED] - datText = today: null

2024-05-27 19:19:17 - [TEST_STEP][PASSED] - category = findTestData(dataFile).getValue("Category", row): null

2024-05-27 19:19:17 - [TEST_STEP][PASSED] - amount = findTestData(dataFile).getValue("Amount", row): null

2024-05-27 19:19:17 - [TEST_STEP][PASSED] - cardNumber = findTestData(dataFile).getValue("CardNumber", row): null

2024-05-27 19:19:17 - [TEST_STEP][PASSED] - exM = findTestData(dataFile).getValue("ExM", row): null

2024-05-27 19:19:18 - [TEST_STEP][PASSED] - exY = findTestData(dataFile).getValue("ExY", row): null

2024-05-27 19:19:18 - [TEST_STEP][PASSED] - openBrowser(VLinkURL + "auth.html"): Browser is opened with url: 'https://dev-algorithm.govolution.com/vlinktest/demo/version_2_0/auth.html'

2024-05-27 19:19:18 - [MESSAGE][WARNING] - A browser is already opened. Closing browser and opening a new one

2024-05-27 19:19:19 - [MESSAGE][INFO] - Starting 'Chrome' driver

2024-05-27 19:19:19 - [MESSAGE][INFO] - User set preference: ['acceptInsecureCerts', 'true']

2024-05-27 19:19:19 - [MESSAGE][INFO] - Action delay is set to 0 milliseconds

2024-05-27 19:19:21 - [MESSAGE][PASSED] - Browser is opened with url: 'https://dev-algorithm.govolution.com/vlinktest/demo/version_2_0/auth.html'

2024-05-27 19:19:21 - [TEST_STEP][PASSED] - maximizeWindow(): Current window maximized

2024-05-27 19:19:21 - [MESSAGE][PASSED] - Current window maximized

2024-05-27 19:19:21 - [TEST_STEP][PASSED] - genRemID = RandomStringUtils.random(12, true, true): null

2024-05-27 19:19:21 - [TEST_STEP][PASSED] - setText(findTestObject("Object Repository/RecAndPlayBk/Page-Vlink-AuthOnly/input_Remittance Id_remittance_id"), genRemID): Text 'EKsBRdqCj5Vp' is set on object 'Object Repository/RecAndPlayBk/Page-Vlink-AuthOnly/input_Remittance Id_remittance_id'

2024-05-27 19:19:22 - [MESSAGE][PASSED] - Text 'EKsBRdqCj5Vp' is set on object 'Object Repository/RecAndPlayBk/Page-Vlink-AuthOnly/input_Remittance Id_remittance_id'

2024-05-27 19:19:22 - [TEST_STEP][PASSED] - setText(findTestObject("Object Repository/RecAndPlayBk/Page-Vlink-AuthOnly/input_Application Id_application_id"), appID): Text '1773' is set on object 'Object Repository/RecAndPlayBk/Page-Vlink-AuthOnly/input_Application Id_application_id'

2024-05-27 19:19:22 - [MESSAGE][PASSED] - Text '1773' is set on object 'Object Repository/RecAndPlayBk/Page-Vlink-AuthOnly/input_Application Id_application_id'

2024-05-27 19:19:22 - [TEST_STEP][PASSED] - setText(findTestObject("Object Repository/RecAndPlayBk/Page-Vlink-AuthOnly/input_Username_username"), username): Text 'Qq2BV1qtr' is set on object 'Object Repository/RecAndPlayBk/Page-Vlink-AuthOnly/input_Username_username'

2024-05-27 19:19:23 - [MESSAGE][PASSED] - Text 'Qq2BV1qtr' is set on object 'Object Repository/RecAndPlayBk/Page-Vlink-AuthOnly/input_Username_username'

2024-05-27 19:19:23 - [TEST_STEP][PASSED] - setText(findTestObject("Object Repository/RecAndPlayBk/Page-Vlink-AuthOnly/input_Password_password"), password): Text 'tUmWBiLUx' is set on object 'Object Repository/RecAndPlayBk/Page-Vlink-AuthOnly/input_Password_password'

2024-05-27 19:19:24 - [MESSAGE][PASSED] - Text 'tUmWBiLUx' is set on object 'Object Repository/RecAndPlayBk/Page-Vlink-AuthOnly/input_Password_password'

2024-05-27 19:19:24 - [TEST_STEP][PASSED] - setText(findTestObject("Object Repository/RecAndPlayBk/Page-Vlink-AuthOnly/input_Category_category"), category): Text 'ECOM' is set on object 'Object Repository/RecAndPlayBk/Page-Vlink-AuthOnly/input_Category_category'

2024-05-27 19:19:25 - [MESSAGE][PASSED] - Text 'ECOM' is set on object 'Object Repository/RecAndPlayBk/Page-Vlink-AuthOnly/input_Category_category'

2024-05-27 19:19:25 - [TEST_STEP][PASSED] - setText(findTestObject("Object Repository/RecAndPlayBk/Page-Vlink-AuthOnly/input_Amount_amount"), amount): Text '10.5' is set on object 'Object Repository/RecAndPlayBk/Page-Vlink-AuthOnly/input_Amount_amount'

2024-05-27 19:19:25 - [MESSAGE][PASSED] - Text '10.5' is set on object 'Object Repository/RecAndPlayBk/Page-Vlink-AuthOnly/input_Amount_amount'

2024-05-27 19:19:25 - [TEST_STEP][PASSED] - doubleClick(findTestObject("Object Repository/RecAndPlayBk/Page-Vlink-AuthOnly/input_Card number_card_number")): Object: 'Object Repository/RecAndPlayBk/Page-Vlink-AuthOnly/input_Card number_card_number' is double clicked on

2024-05-27 19:19:26 - [MESSAGE][PASSED] - Object: 'Object Repository/RecAndPlayBk/Page-Vlink-AuthOnly/input_Card number_card_number' is double clicked on

2024-05-27 19:19:26 - [TEST_STEP][PASSED] - setText(findTestObject("Object Repository/RecAndPlayBk/Page-Vlink-AuthOnly/input_Card number_card_number"), cardNumber): Text '4111111111111111' is set on object 'Object Repository/RecAndPlayBk/Page-Vlink-AuthOnly/input_Card number_card_number'

2024-05-27 19:19:26 - [MESSAGE][PASSED] - Text '4111111111111111' is set on object 'Object Repository/RecAndPlayBk/Page-Vlink-AuthOnly/input_Card number_card_number'

2024-05-27 19:19:26 - [TEST_STEP][PASSED] - setText(findTestObject("Object Repository/RecAndPlayBk/Page-Vlink-AuthOnly/input_Card ex month_card_exmo"), exM): Text '12' is set on object 'Object Repository/RecAndPlayBk/Page-Vlink-AuthOnly/input_Card ex month_card_exmo'

2024-05-27 19:19:27 - [MESSAGE][PASSED] - Text '12' is set on object 'Object Repository/RecAndPlayBk/Page-Vlink-AuthOnly/input_Card ex month_card_exmo'

2024-05-27 19:19:27 - [TEST_STEP][PASSED] - setText(findTestObject("Object Repository/RecAndPlayBk/Page-Vlink-AuthOnly/input_Card ex year_card_exyr"), exY): Text '2029' is set on object 'Object Repository/RecAndPlayBk/Page-Vlink-AuthOnly/input_Card ex year_card_exyr'

2024-05-27 19:19:28 - [MESSAGE][PASSED] - Text '2029' is set on object 'Object Repository/RecAndPlayBk/Page-Vlink-AuthOnly/input_Card ex year_card_exyr'

2024-05-27 19:19:28 - [TEST_STEP][PASSED] - click(findTestObject("Object Repository/RecAndPlayBk/Page-Vlink-AuthOnly/input_Track Data_track_data")): Object: 'Object Repository/RecAndPlayBk/Page-Vlink-AuthOnly/input_Track Data_track_data' is clicked on

2024-05-27 19:19:28 - [MESSAGE][PASSED] - Object: 'Object Repository/RecAndPlayBk/Page-Vlink-AuthOnly/input_Track Data_track_data' is clicked on

2024-05-27 19:19:28 - [TEST_STEP][PASSED] - click(findTestObject("Object Repository/RecAndPlayBk/Page-Vlink-AuthOnly/input_CVV state_cvv_state")): Object: 'Object Repository/RecAndPlayBk/Page-Vlink-AuthOnly/input_CVV state_cvv_state' is clicked on

2024-05-27 19:19:29 - [MESSAGE][PASSED] - Object: 'Object Repository/RecAndPlayBk/Page-Vlink-AuthOnly/input_CVV state_cvv_state' is clicked on

2024-05-27 19:19:29 - [TEST_STEP][PASSED] - setText(findTestObject("Object Repository/RecAndPlayBk/Page-Vlink-AuthOnly/input_Track Data_track_data"), ""): Text '' is set on object 'Object Repository/RecAndPlayBk/Page-Vlink-AuthOnly/input_Track Data_track_data'

2024-05-27 19:19:29 - [MESSAGE][PASSED] - Text '' is set on object 'Object Repository/RecAndPlayBk/Page-Vlink-AuthOnly/input_Track Data_track_data'

2024-05-27 19:19:29 - [TEST_STEP][PASSED] - setText(findTestObject("Object Repository/RecAndPlayBk/Page-Vlink-AuthOnly/input_concat(Cardholder, , s email)_email"), ""): Text '' is set on object 'Object Repository/RecAndPlayBk/Page-Vlink-AuthOnly/input_concat(Cardholder, , s email)_email'

2024-05-27 19:19:30 - [MESSAGE][PASSED] - Text '' is set on object 'Object Repository/RecAndPlayBk/Page-Vlink-AuthOnly/input_concat(Cardholder, , s email)_email'

2024-05-27 19:19:30 - [TEST_STEP][PASSED] - click(findTestObject("Object Repository/RecAndPlayBk/Page-Vlink-AuthOnly/input_user_defined10_user_defined10")): Object: 'Object Repository/RecAndPlayBk/Page-Vlink-AuthOnly/input_user_defined10_user_defined10' is clicked on

2024-05-27 19:19:30 - [MESSAGE][PASSED] - Object: 'Object Repository/RecAndPlayBk/Page-Vlink-AuthOnly/input_user_defined10_user_defined10' is clicked on

2024-05-27 19:19:30 - [TEST_STEP][PASSED] - if (executionProfile.equalsIgnoreCase("QAProfile")): null

2024-05-27 19:19:30 - [TEST_STEP][PASSED] - click(findTestObject("Object Repository/RecAndPlayBk/Page-Vlink-AuthOnly/input")): Object: 'Object Repository/RecAndPlayBk/Page-Vlink-AuthOnly/input' is clicked on

2024-05-27 19:19:31 - [MESSAGE][PASSED] - Object: 'Object Repository/RecAndPlayBk/Page-Vlink-AuthOnly/input' is clicked on

2024-05-27 19:19:31 - [TEST_STEP][PASSED] - if (verifyTextPresent("Transaction approved, no errors", true)): null

2024-05-27 19:19:32 - [MESSAGE][PASSED] - Text 'Transaction approved, no errors' is present on page  using regular expression

2024-05-27 19:19:32 - [TEST_STEP][PASSED] - out.println("Auth was successful, Capture now"): null

2024-05-27 19:19:32 - [TEST_STEP][PASSED] - sdfo = getText(findTestObject("Object Repository/Page_VLinkReceipt/pre_STX")): Text of object 'Object Repository/Page_VLinkReceipt/pre_STX' is: '<STX>EKsBRdqCj5Vp                  2967817             0  Transaction approved, no errors                   0                                                                                  Y 418197391<ETX>'

2024-05-27 19:19:32 - [MESSAGE][PASSED] - Text of object 'Object Repository/Page_VLinkReceipt/pre_STX' is: '<STX>EKsBRdqCj5Vp                  2967817             0  Transaction approved, no errors                   0                                                                                  Y 418197391<ETX>'

2024-05-27 19:19:32 - [TEST_STEP][PASSED] - out.println("sdfo: " + sdfo): null

2024-05-27 19:19:32 - [TEST_STEP][PASSED] - remID = substring(5, 35).trim(): null

2024-05-27 19:19:32 - [TEST_STEP][PASSED] - out.println("remID: " + remID): null

2024-05-27 19:19:32 - [TEST_STEP][PASSED] - traxID = substring(35, 55).trim(): null

2024-05-27 19:19:32 - [TEST_STEP][PASSED] - out.println("traxID: " + traxID): null

2024-05-27 19:19:32 - [TEST_STEP][PASSED] - VLinkSaleRemID = remID: null

2024-05-27 19:19:32 - [TEST_STEP][PASSED] - VLinkSaleTranxID = traxID: null

2024-05-27 19:19:32 - [TEST_STEP][PASSED] - openBrowser(VLinkURL + "capture.html"): Browser is opened with url: 'https://dev-algorithm.govolution.com/vlinktest/demo/version_2_0/capture.html'

2024-05-27 19:19:32 - [MESSAGE][WARNING] - A browser is already opened. Closing browser and opening a new one

2024-05-27 19:19:33 - [MESSAGE][INFO] - Starting 'Chrome' driver

2024-05-27 19:19:33 - [MESSAGE][INFO] - User set preference: ['acceptInsecureCerts', 'true']

2024-05-27 19:19:33 - [MESSAGE][INFO] - Action delay is set to 0 milliseconds

2024-05-27 19:19:35 - [MESSAGE][PASSED] - Browser is opened with url: 'https://dev-algorithm.govolution.com/vlinktest/demo/version_2_0/capture.html'

2024-05-27 19:19:35 - [TEST_STEP][PASSED] - maximizeWindow(): Current window maximized

2024-05-27 19:19:35 - [MESSAGE][PASSED] - Current window maximized

2024-05-27 19:19:35 - [TEST_STEP][PASSED] - setText(findTestObject("Object Repository/RecAndPlayBk/Page-VLink-Capture/input_Remittance Id_remittance_id"), VLinkSaleRemID): Text 'EKsBRdqCj5Vp' is set on object 'Object Repository/RecAndPlayBk/Page-VLink-Capture/input_Remittance Id_remittance_id'

2024-05-27 19:19:36 - [MESSAGE][PASSED] - Text 'EKsBRdqCj5Vp' is set on object 'Object Repository/RecAndPlayBk/Page-VLink-Capture/input_Remittance Id_remittance_id'

2024-05-27 19:19:36 - [TEST_STEP][PASSED] - setText(findTestObject("Object Repository/RecAndPlayBk/Page-VLink-Capture/input_Application Id_application_id"), appID): Text '1773' is set on object 'Object Repository/RecAndPlayBk/Page-VLink-Capture/input_Application Id_application_id'

2024-05-27 19:19:37 - [MESSAGE][PASSED] - Text '1773' is set on object 'Object Repository/RecAndPlayBk/Page-VLink-Capture/input_Application Id_application_id'

2024-05-27 19:19:37 - [TEST_STEP][PASSED] - setText(findTestObject("Object Repository/RecAndPlayBk/Page-VLink-Capture/input_Username_username"), username): Text 'Qq2BV1qtr' is set on object 'Object Repository/RecAndPlayBk/Page-VLink-Capture/input_Username_username'

2024-05-27 19:19:38 - [MESSAGE][PASSED] - Text 'Qq2BV1qtr' is set on object 'Object Repository/RecAndPlayBk/Page-VLink-Capture/input_Username_username'

2024-05-27 19:19:38 - [TEST_STEP][PASSED] - setText(findTestObject("Object Repository/RecAndPlayBk/Page-VLink-Capture/input_Password_password"), password): Text 'tUmWBiLUx' is set on object 'Object Repository/RecAndPlayBk/Page-VLink-Capture/input_Password_password'

2024-05-27 19:19:38 - [MESSAGE][PASSED] - Text 'tUmWBiLUx' is set on object 'Object Repository/RecAndPlayBk/Page-VLink-Capture/input_Password_password'

2024-05-27 19:19:38 - [TEST_STEP][PASSED] - setText(findTestObject("Object Repository/RecAndPlayBk/Page-VLink-Capture/input_Transaction ID_transaction_id"), VLinkSaleTranxID): Text '2967817' is set on object 'Object Repository/RecAndPlayBk/Page-VLink-Capture/input_Transaction ID_transaction_id'

2024-05-27 19:19:39 - [MESSAGE][PASSED] - Text '2967817' is set on object 'Object Repository/RecAndPlayBk/Page-VLink-Capture/input_Transaction ID_transaction_id'

2024-05-27 19:19:39 - [TEST_STEP][PASSED] - setText(findTestObject("Object Repository/RecAndPlayBk/Page-VLink-Capture/input_Amount_amount"), amount): Text '10.5' is set on object 'Object Repository/RecAndPlayBk/Page-VLink-Capture/input_Amount_amount'

2024-05-27 19:19:40 - [MESSAGE][PASSED] - Text '10.5' is set on object 'Object Repository/RecAndPlayBk/Page-VLink-Capture/input_Amount_amount'

2024-05-27 19:19:40 - [TEST_STEP][PASSED] - click(findTestObject("Object Repository/RecAndPlayBk/Page-VLink-Capture/input")): Object: 'Object Repository/RecAndPlayBk/Page-VLink-Capture/input' is clicked on

2024-05-27 19:19:41 - [MESSAGE][PASSED] - Object: 'Object Repository/RecAndPlayBk/Page-VLink-Capture/input' is clicked on

2024-05-27 19:19:41 - [TEST_STEP][PASSED] - if (verifyTextPresent("Transaction approved, no errors", true)): null

2024-05-27 19:19:41 - [MESSAGE][PASSED] - Text 'Transaction approved, no errors' is present on page  using regular expression

2024-05-27 19:19:41 - [TEST_STEP][PASSED] - sdfo = getText(findTestObject("Object Repository/Page_VLinkReceipt/pre_STX")): Text of object 'Object Repository/Page_VLinkReceipt/pre_STX' is: '<STX>EKsBRdqCj5Vp                  2967818             0  Transaction approved, no errors                   0                                                                                  Y 418197391<ETX>'

2024-05-27 19:19:41 - [MESSAGE][PASSED] - Text of object 'Object Repository/Page_VLinkReceipt/pre_STX' is: '<STX>EKsBRdqCj5Vp                  2967818             0  Transaction approved, no errors                   0                                                                                  Y 418197391<ETX>'

2024-05-27 19:19:41 - [TEST_STEP][PASSED] - out.println("sdfo: " + sdfo): null

2024-05-27 19:19:41 - [TEST_STEP][PASSED] - remID = substring(5, 35).trim(): null

2024-05-27 19:19:41 - [TEST_STEP][PASSED] - out.println("remID: " + remID): null

2024-05-27 19:19:41 - [TEST_STEP][PASSED] - traxID = substring(35, 55).trim(): null

2024-05-27 19:19:41 - [TEST_STEP][PASSED] - out.println("traxID: " + traxID): null

2024-05-27 19:19:41 - [TEST_STEP][PASSED] - VLinkSaleRemID = remID: null

2024-05-27 19:19:41 - [TEST_STEP][PASSED] - VLinkSaleTranxID = traxID: null

2024-05-27 19:19:41 - [TEST_STEP][PASSED] - openBrowser(VLinkURL + "CC_credit.html"): Browser is opened with url: 'https://dev-algorithm.govolution.com/vlinktest/demo/version_2_0/CC_credit.html'

2024-05-27 19:19:41 - [MESSAGE][WARNING] - A browser is already opened. Closing browser and opening a new one

2024-05-27 19:19:43 - [MESSAGE][INFO] - Starting 'Chrome' driver

2024-05-27 19:19:43 - [MESSAGE][INFO] - User set preference: ['acceptInsecureCerts', 'true']

2024-05-27 19:19:43 - [MESSAGE][INFO] - Action delay is set to 0 milliseconds

2024-05-27 19:19:44 - [MESSAGE][PASSED] - Browser is opened with url: 'https://dev-algorithm.govolution.com/vlinktest/demo/version_2_0/CC_credit.html'

2024-05-27 19:19:44 - [TEST_STEP][PASSED] - maximizeWindow(): Current window maximized

2024-05-27 19:19:45 - [MESSAGE][PASSED] - Current window maximized

2024-05-27 19:19:45 - [TEST_STEP][PASSED] - setText(findTestObject("Object Repository/RecAndPlayBk/Page-Vlink-CC-Credit/input_Remittance Id"), VLinkSaleRemID): Text 'EKsBRdqCj5Vp' is set on object 'Object Repository/RecAndPlayBk/Page-Vlink-CC-Credit/input_Remittance Id'

2024-05-27 19:19:45 - [MESSAGE][PASSED] - Text 'EKsBRdqCj5Vp' is set on object 'Object Repository/RecAndPlayBk/Page-Vlink-CC-Credit/input_Remittance Id'

2024-05-27 19:19:45 - [TEST_STEP][PASSED] - setText(findTestObject("Object Repository/RecAndPlayBk/Page-Vlink-CC-Credit/input_Application Id"), appID): Text '1773' is set on object 'Object Repository/RecAndPlayBk/Page-Vlink-CC-Credit/input_Application Id'

2024-05-27 19:19:46 - [MESSAGE][PASSED] - Text '1773' is set on object 'Object Repository/RecAndPlayBk/Page-Vlink-CC-Credit/input_Application Id'

2024-05-27 19:19:46 - [TEST_STEP][PASSED] - setText(findTestObject("Object Repository/RecAndPlayBk/Page-Vlink-CC-Credit/input_Username"), username): Text 'Qq2BV1qtr' is set on object 'Object Repository/RecAndPlayBk/Page-Vlink-CC-Credit/input_Username'

2024-05-27 19:19:47 - [MESSAGE][PASSED] - Text 'Qq2BV1qtr' is set on object 'Object Repository/RecAndPlayBk/Page-Vlink-CC-Credit/input_Username'

2024-05-27 19:19:47 - [TEST_STEP][PASSED] - setText(findTestObject("Object Repository/RecAndPlayBk/Page-Vlink-CC-Credit/input_Password"), password): Text 'tUmWBiLUx' is set on object 'Object Repository/RecAndPlayBk/Page-Vlink-CC-Credit/input_Password'

2024-05-27 19:19:48 - [MESSAGE][PASSED] - Text 'tUmWBiLUx' is set on object 'Object Repository/RecAndPlayBk/Page-Vlink-CC-Credit/input_Password'

2024-05-27 19:19:48 - [TEST_STEP][PASSED] - setText(findTestObject("Object Repository/RecAndPlayBk/Page-Vlink-CC-Credit/input_Transaction ID"), VLinkSaleTranxID): Text '2967818' is set on object 'Object Repository/RecAndPlayBk/Page-Vlink-CC-Credit/input_Transaction ID'

2024-05-27 19:19:48 - [MESSAGE][PASSED] - Text '2967818' is set on object 'Object Repository/RecAndPlayBk/Page-Vlink-CC-Credit/input_Transaction ID'

2024-05-27 19:19:48 - [TEST_STEP][PASSED] - setText(findTestObject("Object Repository/RecAndPlayBk/Page-Vlink-CC-Credit/input_Amount"), amount): Text '10.5' is set on object 'Object Repository/RecAndPlayBk/Page-Vlink-CC-Credit/input_Amount'

2024-05-27 19:19:49 - [MESSAGE][PASSED] - Text '10.5' is set on object 'Object Repository/RecAndPlayBk/Page-Vlink-CC-Credit/input_Amount'

2024-05-27 19:19:49 - [TEST_STEP][PASSED] - setText(findTestObject("Object Repository/RecAndPlayBk/Page-Vlink-CC-Credit/input_Card number"), ""): Text '' is set on object 'Object Repository/RecAndPlayBk/Page-Vlink-CC-Credit/input_Card number'

2024-05-27 19:19:50 - [MESSAGE][PASSED] - Text '' is set on object 'Object Repository/RecAndPlayBk/Page-Vlink-CC-Credit/input_Card number'

2024-05-27 19:19:50 - [TEST_STEP][PASSED] - setText(findTestObject("Object Repository/RecAndPlayBk/Page-Vlink-CC-Credit/input_Card ex month"), ""): Text '' is set on object 'Object Repository/RecAndPlayBk/Page-Vlink-CC-Credit/input_Card ex month'

2024-05-27 19:19:50 - [MESSAGE][PASSED] - Text '' is set on object 'Object Repository/RecAndPlayBk/Page-Vlink-CC-Credit/input_Card ex month'

2024-05-27 19:19:50 - [TEST_STEP][PASSED] - setText(findTestObject("Object Repository/RecAndPlayBk/Page-Vlink-CC-Credit/input_Card ex year"), ""): Text '' is set on object 'Object Repository/RecAndPlayBk/Page-Vlink-CC-Credit/input_Card ex year'

2024-05-27 19:19:51 - [MESSAGE][PASSED] - Text '' is set on object 'Object Repository/RecAndPlayBk/Page-Vlink-CC-Credit/input_Card ex year'

2024-05-27 19:19:51 - [TEST_STEP][PASSED] - setText(findTestObject("Object Repository/RecAndPlayBk/Page-Vlink-CC-Credit/input_Track Data"), ""): Text '' is set on object 'Object Repository/RecAndPlayBk/Page-Vlink-CC-Credit/input_Track Data'

2024-05-27 19:19:52 - [MESSAGE][PASSED] - Text '' is set on object 'Object Repository/RecAndPlayBk/Page-Vlink-CC-Credit/input_Track Data'

2024-05-27 19:19:52 - [TEST_STEP][PASSED] - setText(findTestObject("Object Repository/RecAndPlayBk/Page-Vlink-CC-Credit/input_Category Code"), category): Text 'ECOM' is set on object 'Object Repository/RecAndPlayBk/Page-Vlink-CC-Credit/input_Category Code'

2024-05-27 19:19:52 - [MESSAGE][PASSED] - Text 'ECOM' is set on object 'Object Repository/RecAndPlayBk/Page-Vlink-CC-Credit/input_Category Code'

2024-05-27 19:19:52 - [TEST_STEP][PASSED] - click(findTestObject("Object Repository/RecAndPlayBk/Page-Vlink-CC-Credit/input")): Object: 'Object Repository/RecAndPlayBk/Page-Vlink-CC-Credit/input' is clicked on

2024-05-27 19:19:53 - [MESSAGE][PASSED] - Object: 'Object Repository/RecAndPlayBk/Page-Vlink-CC-Credit/input' is clicked on

2024-05-27 19:19:53 - [TEST_STEP][PASSED] - if (verifyTextPresent("Transaction approved, no errors", true)): null

2024-05-27 19:19:54 - [MESSAGE][PASSED] - Text 'Transaction approved, no errors' is present on page  using regular expression

2024-05-27 19:19:54 - [TEST_STEP][PASSED] - println("Transaction Approved, no errors text is present on the Confirmation page"): null

2024-05-27 19:19:54 - [TEST_STEP][PASSED] - out.println("Pass Record Number: " + row): null

2024-05-27 19:19:54 - [TEST_STEP][PASSED] - resText = "Pass": null

2024-05-27 19:19:54 - [TEST_STEP][PASSED] - pages.WriteExcel.demoKey(resText, datText, resColumn, datCloumn, fileLoc, nameSheet, row): pages.WriteExcel.demoKey is PASSED

2024-05-27 19:19:54 - [MESSAGE][PASSED] - pages.WriteExcel.demoKey is PASSED

2024-05-27 19:19:54 - [TEST_STEP][PASSED] - ExecuteTC = findTestData(dataFile).getValue("Execute", row): null

2024-05-27 19:19:54 - [TEST_STEP][PASSED] - out.println("Value of Execute is : " + ExecuteTC): null

2024-05-27 19:19:54 - [TEST_STEP][PASSED] - switch (executionProfile): null

2024-05-27 19:19:54 - [TEST_STEP][PASSED] - case "DemoProfile":: null

2024-05-27 19:19:54 - [TEST_STEP][PASSED] - appID = findTestData(dataFile).getValue("AppIDDemo", row): null

2024-05-27 19:19:54 - [TEST_STEP][PASSED] - username = findTestData(dataFile).getValue("UsernameDemo", row): null

2024-05-27 19:19:54 - [TEST_STEP][PASSED] - password = findTestData(dataFile).getValue("PasswordDemo", row): null

2024-05-27 19:19:55 - [TEST_STEP][PASSED] - break: null

2024-05-27 19:19:55 - [TEST_STEP][PASSED] - if (ExecuteTC.equalsIgnoreCase("Y")): null

2024-05-27 19:19:55 - [TEST_STEP][PASSED] - out.println("Begin Record Number: " + row): null

2024-05-27 19:19:55 - [TEST_STEP][PASSED] - today = new java.util.Date(): null

2024-05-27 19:19:55 - [TEST_STEP][PASSED] - println(today): null

2024-05-27 19:19:55 - [TEST_STEP][PASSED] - datText = today: null

2024-05-27 19:19:55 - [TEST_STEP][PASSED] - category = findTestData(dataFile).getValue("Category", row): null

2024-05-27 19:19:55 - [TEST_STEP][PASSED] - amount = findTestData(dataFile).getValue("Amount", row): null

2024-05-27 19:19:55 - [TEST_STEP][PASSED] - cardNumber = findTestData(dataFile).getValue("CardNumber", row): null

2024-05-27 19:19:55 - [TEST_STEP][PASSED] - exM = findTestData(dataFile).getValue("ExM", row): null

2024-05-27 19:19:55 - [TEST_STEP][PASSED] - exY = findTestData(dataFile).getValue("ExY", row): null

2024-05-27 19:19:55 - [TEST_STEP][PASSED] - openBrowser(VLinkURL + "auth.html"): Browser is opened with url: 'https://dev-algorithm.govolution.com/vlinktest/demo/version_2_0/auth.html'

2024-05-27 19:19:55 - [MESSAGE][WARNING] - A browser is already opened. Closing browser and opening a new one

2024-05-27 19:19:57 - [MESSAGE][INFO] - Starting 'Chrome' driver

2024-05-27 19:19:57 - [MESSAGE][INFO] - User set preference: ['acceptInsecureCerts', 'true']

2024-05-27 19:19:57 - [MESSAGE][INFO] - Action delay is set to 0 milliseconds

2024-05-27 19:19:59 - [MESSAGE][PASSED] - Browser is opened with url: 'https://dev-algorithm.govolution.com/vlinktest/demo/version_2_0/auth.html'

2024-05-27 19:19:59 - [TEST_STEP][PASSED] - maximizeWindow(): Current window maximized

2024-05-27 19:19:59 - [MESSAGE][PASSED] - Current window maximized

2024-05-27 19:19:59 - [TEST_STEP][PASSED] - genRemID = RandomStringUtils.random(12, true, true): null

2024-05-27 19:19:59 - [TEST_STEP][PASSED] - setText(findTestObject("Object Repository/RecAndPlayBk/Page-Vlink-AuthOnly/input_Remittance Id_remittance_id"), genRemID): Text 'TmRvKD8vP3hd' is set on object 'Object Repository/RecAndPlayBk/Page-Vlink-AuthOnly/input_Remittance Id_remittance_id'

2024-05-27 19:20:00 - [MESSAGE][PASSED] - Text 'TmRvKD8vP3hd' is set on object 'Object Repository/RecAndPlayBk/Page-Vlink-AuthOnly/input_Remittance Id_remittance_id'

2024-05-27 19:20:00 - [TEST_STEP][PASSED] - setText(findTestObject("Object Repository/RecAndPlayBk/Page-Vlink-AuthOnly/input_Application Id_application_id"), appID): Text '1773' is set on object 'Object Repository/RecAndPlayBk/Page-Vlink-AuthOnly/input_Application Id_application_id'

2024-05-27 19:20:01 - [MESSAGE][PASSED] - Text '1773' is set on object 'Object Repository/RecAndPlayBk/Page-Vlink-AuthOnly/input_Application Id_application_id'

2024-05-27 19:20:01 - [TEST_STEP][PASSED] - setText(findTestObject("Object Repository/RecAndPlayBk/Page-Vlink-AuthOnly/input_Username_username"), username): Text 'Qq2BV1qtr' is set on object 'Object Repository/RecAndPlayBk/Page-Vlink-AuthOnly/input_Username_username'

2024-05-27 19:20:01 - [MESSAGE][PASSED] - Text 'Qq2BV1qtr' is set on object 'Object Repository/RecAndPlayBk/Page-Vlink-AuthOnly/input_Username_username'

2024-05-27 19:20:01 - [TEST_STEP][PASSED] - setText(findTestObject("Object Repository/RecAndPlayBk/Page-Vlink-AuthOnly/input_Password_password"), password): Text 'tUmWBiLUx' is set on object 'Object Repository/RecAndPlayBk/Page-Vlink-AuthOnly/input_Password_password'

2024-05-27 19:20:02 - [MESSAGE][PASSED] - Text 'tUmWBiLUx' is set on object 'Object Repository/RecAndPlayBk/Page-Vlink-AuthOnly/input_Password_password'

2024-05-27 19:20:02 - [TEST_STEP][PASSED] - setText(findTestObject("Object Repository/RecAndPlayBk/Page-Vlink-AuthOnly/input_Category_category"), category): Text 'MOTO' is set on object 'Object Repository/RecAndPlayBk/Page-Vlink-AuthOnly/input_Category_category'

2024-05-27 19:20:03 - [MESSAGE][PASSED] - Text 'MOTO' is set on object 'Object Repository/RecAndPlayBk/Page-Vlink-AuthOnly/input_Category_category'

2024-05-27 19:20:03 - [TEST_STEP][PASSED] - setText(findTestObject("Object Repository/RecAndPlayBk/Page-Vlink-AuthOnly/input_Amount_amount"), amount): Text '10.5' is set on object 'Object Repository/RecAndPlayBk/Page-Vlink-AuthOnly/input_Amount_amount'

2024-05-27 19:20:03 - [MESSAGE][PASSED] - Text '10.5' is set on object 'Object Repository/RecAndPlayBk/Page-Vlink-AuthOnly/input_Amount_amount'

2024-05-27 19:20:03 - [TEST_STEP][PASSED] - doubleClick(findTestObject("Object Repository/RecAndPlayBk/Page-Vlink-AuthOnly/input_Card number_card_number")): Object: 'Object Repository/RecAndPlayBk/Page-Vlink-AuthOnly/input_Card number_card_number' is double clicked on

2024-05-27 19:20:04 - [MESSAGE][PASSED] - Object: 'Object Repository/RecAndPlayBk/Page-Vlink-AuthOnly/input_Card number_card_number' is double clicked on

2024-05-27 19:20:04 - [TEST_STEP][PASSED] - setText(findTestObject("Object Repository/RecAndPlayBk/Page-Vlink-AuthOnly/input_Card number_card_number"), cardNumber): Text '5424000000000015' is set on object 'Object Repository/RecAndPlayBk/Page-Vlink-AuthOnly/input_Card number_card_number'

2024-05-27 19:20:04 - [MESSAGE][PASSED] - Text '5424000000000015' is set on object 'Object Repository/RecAndPlayBk/Page-Vlink-AuthOnly/input_Card number_card_number'

2024-05-27 19:20:04 - [TEST_STEP][PASSED] - setText(findTestObject("Object Repository/RecAndPlayBk/Page-Vlink-AuthOnly/input_Card ex month_card_exmo"), exM): Text '12' is set on object 'Object Repository/RecAndPlayBk/Page-Vlink-AuthOnly/input_Card ex month_card_exmo'

2024-05-27 19:20:05 - [MESSAGE][PASSED] - Text '12' is set on object 'Object Repository/RecAndPlayBk/Page-Vlink-AuthOnly/input_Card ex month_card_exmo'

2024-05-27 19:20:05 - [TEST_STEP][PASSED] - setText(findTestObject("Object Repository/RecAndPlayBk/Page-Vlink-AuthOnly/input_Card ex year_card_exyr"), exY): Text '2029' is set on object 'Object Repository/RecAndPlayBk/Page-Vlink-AuthOnly/input_Card ex year_card_exyr'

2024-05-27 19:20:06 - [MESSAGE][PASSED] - Text '2029' is set on object 'Object Repository/RecAndPlayBk/Page-Vlink-AuthOnly/input_Card ex year_card_exyr'

2024-05-27 19:20:06 - [TEST_STEP][PASSED] - click(findTestObject("Object Repository/RecAndPlayBk/Page-Vlink-AuthOnly/input_Track Data_track_data")): Object: 'Object Repository/RecAndPlayBk/Page-Vlink-AuthOnly/input_Track Data_track_data' is clicked on

2024-05-27 19:20:06 - [MESSAGE][PASSED] - Object: 'Object Repository/RecAndPlayBk/Page-Vlink-AuthOnly/input_Track Data_track_data' is clicked on

2024-05-27 19:20:06 - [TEST_STEP][PASSED] - click(findTestObject("Object Repository/RecAndPlayBk/Page-Vlink-AuthOnly/input_CVV state_cvv_state")): Object: 'Object Repository/RecAndPlayBk/Page-Vlink-AuthOnly/input_CVV state_cvv_state' is clicked on

2024-05-27 19:20:07 - [MESSAGE][PASSED] - Object: 'Object Repository/RecAndPlayBk/Page-Vlink-AuthOnly/input_CVV state_cvv_state' is clicked on

2024-05-27 19:20:07 - [TEST_STEP][PASSED] - setText(findTestObject("Object Repository/RecAndPlayBk/Page-Vlink-AuthOnly/input_Track Data_track_data"), ""): Text '' is set on object 'Object Repository/RecAndPlayBk/Page-Vlink-AuthOnly/input_Track Data_track_data'

2024-05-27 19:20:07 - [MESSAGE][PASSED] - Text '' is set on object 'Object Repository/RecAndPlayBk/Page-Vlink-AuthOnly/input_Track Data_track_data'

2024-05-27 19:20:07 - [TEST_STEP][PASSED] - setText(findTestObject("Object Repository/RecAndPlayBk/Page-Vlink-AuthOnly/input_concat(Cardholder, , s email)_email"), ""): Text '' is set on object 'Object Repository/RecAndPlayBk/Page-Vlink-AuthOnly/input_concat(Cardholder, , s email)_email'

2024-05-27 19:20:08 - [MESSAGE][PASSED] - Text '' is set on object 'Object Repository/RecAndPlayBk/Page-Vlink-AuthOnly/input_concat(Cardholder, , s email)_email'

2024-05-27 19:20:08 - [TEST_STEP][PASSED] - click(findTestObject("Object Repository/RecAndPlayBk/Page-Vlink-AuthOnly/input_user_defined10_user_defined10")): Object: 'Object Repository/RecAndPlayBk/Page-Vlink-AuthOnly/input_user_defined10_user_defined10' is clicked on

2024-05-27 19:20:09 - [MESSAGE][PASSED] - Object: 'Object Repository/RecAndPlayBk/Page-Vlink-AuthOnly/input_user_defined10_user_defined10' is clicked on

2024-05-27 19:20:09 - [TEST_STEP][PASSED] - if (executionProfile.equalsIgnoreCase("QAProfile")): null

2024-05-27 19:20:09 - [TEST_STEP][PASSED] - click(findTestObject("Object Repository/RecAndPlayBk/Page-Vlink-AuthOnly/input")): Object: 'Object Repository/RecAndPlayBk/Page-Vlink-AuthOnly/input' is clicked on

2024-05-27 19:20:10 - [MESSAGE][PASSED] - Object: 'Object Repository/RecAndPlayBk/Page-Vlink-AuthOnly/input' is clicked on

2024-05-27 19:20:10 - [TEST_STEP][PASSED] - if (verifyTextPresent("Transaction approved, no errors", true)): null

2024-05-27 19:20:10 - [MESSAGE][PASSED] - Text 'Transaction approved, no errors' is present on page  using regular expression

2024-05-27 19:20:10 - [TEST_STEP][PASSED] - out.println("Auth was successful, Capture now"): null

2024-05-27 19:20:10 - [TEST_STEP][PASSED] - sdfo = getText(findTestObject("Object Repository/Page_VLinkReceipt/pre_STX")): Text of object 'Object Repository/Page_VLinkReceipt/pre_STX' is: '<STX>TmRvKD8vP3hd                  2967820             0  Transaction approved, no errors                   0                                                                                  Y 613724168<ETX>'

2024-05-27 19:20:10 - [MESSAGE][PASSED] - Text of object 'Object Repository/Page_VLinkReceipt/pre_STX' is: '<STX>TmRvKD8vP3hd                  2967820             0  Transaction approved, no errors                   0                                                                                  Y 613724168<ETX>'

2024-05-27 19:20:10 - [TEST_STEP][PASSED] - out.println("sdfo: " + sdfo): null

2024-05-27 19:20:10 - [TEST_STEP][PASSED] - remID = substring(5, 35).trim(): null

2024-05-27 19:20:10 - [TEST_STEP][PASSED] - out.println("remID: " + remID): null

2024-05-27 19:20:10 - [TEST_STEP][PASSED] - traxID = substring(35, 55).trim(): null

2024-05-27 19:20:10 - [TEST_STEP][PASSED] - out.println("traxID: " + traxID): null

2024-05-27 19:20:10 - [TEST_STEP][PASSED] - VLinkSaleRemID = remID: null

2024-05-27 19:20:10 - [TEST_STEP][PASSED] - VLinkSaleTranxID = traxID: null

2024-05-27 19:20:10 - [TEST_STEP][PASSED] - openBrowser(VLinkURL + "capture.html"): Browser is opened with url: 'https://dev-algorithm.govolution.com/vlinktest/demo/version_2_0/capture.html'

2024-05-27 19:20:10 - [MESSAGE][WARNING] - A browser is already opened. Closing browser and opening a new one

2024-05-27 19:20:12 - [MESSAGE][INFO] - Starting 'Chrome' driver

2024-05-27 19:20:12 - [MESSAGE][INFO] - User set preference: ['acceptInsecureCerts', 'true']

2024-05-27 19:20:12 - [MESSAGE][INFO] - Action delay is set to 0 milliseconds

2024-05-27 19:20:14 - [MESSAGE][PASSED] - Browser is opened with url: 'https://dev-algorithm.govolution.com/vlinktest/demo/version_2_0/capture.html'

2024-05-27 19:20:14 - [TEST_STEP][PASSED] - maximizeWindow(): Current window maximized

2024-05-27 19:20:14 - [MESSAGE][PASSED] - Current window maximized

2024-05-27 19:20:14 - [TEST_STEP][PASSED] - setText(findTestObject("Object Repository/RecAndPlayBk/Page-VLink-Capture/input_Remittance Id_remittance_id"), VLinkSaleRemID): Text 'TmRvKD8vP3hd' is set on object 'Object Repository/RecAndPlayBk/Page-VLink-Capture/input_Remittance Id_remittance_id'

2024-05-27 19:20:15 - [MESSAGE][PASSED] - Text 'TmRvKD8vP3hd' is set on object 'Object Repository/RecAndPlayBk/Page-VLink-Capture/input_Remittance Id_remittance_id'

2024-05-27 19:20:15 - [TEST_STEP][PASSED] - setText(findTestObject("Object Repository/RecAndPlayBk/Page-VLink-Capture/input_Application Id_application_id"), appID): Text '1773' is set on object 'Object Repository/RecAndPlayBk/Page-VLink-Capture/input_Application Id_application_id'

2024-05-27 19:20:15 - [MESSAGE][PASSED] - Text '1773' is set on object 'Object Repository/RecAndPlayBk/Page-VLink-Capture/input_Application Id_application_id'

2024-05-27 19:20:15 - [TEST_STEP][PASSED] - setText(findTestObject("Object Repository/RecAndPlayBk/Page-VLink-Capture/input_Username_username"), username): Text 'Qq2BV1qtr' is set on object 'Object Repository/RecAndPlayBk/Page-VLink-Capture/input_Username_username'

2024-05-27 19:20:16 - [MESSAGE][PASSED] - Text 'Qq2BV1qtr' is set on object 'Object Repository/RecAndPlayBk/Page-VLink-Capture/input_Username_username'

2024-05-27 19:20:16 - [TEST_STEP][PASSED] - setText(findTestObject("Object Repository/RecAndPlayBk/Page-VLink-Capture/input_Password_password"), password): Text 'tUmWBiLUx' is set on object 'Object Repository/RecAndPlayBk/Page-VLink-Capture/input_Password_password'

2024-05-27 19:20:17 - [MESSAGE][PASSED] - Text 'tUmWBiLUx' is set on object 'Object Repository/RecAndPlayBk/Page-VLink-Capture/input_Password_password'

2024-05-27 19:20:17 - [TEST_STEP][PASSED] - setText(findTestObject("Object Repository/RecAndPlayBk/Page-VLink-Capture/input_Transaction ID_transaction_id"), VLinkSaleTranxID): Text '2967820' is set on object 'Object Repository/RecAndPlayBk/Page-VLink-Capture/input_Transaction ID_transaction_id'

2024-05-27 19:20:18 - [MESSAGE][PASSED] - Text '2967820' is set on object 'Object Repository/RecAndPlayBk/Page-VLink-Capture/input_Transaction ID_transaction_id'

2024-05-27 19:20:18 - [TEST_STEP][PASSED] - setText(findTestObject("Object Repository/RecAndPlayBk/Page-VLink-Capture/input_Amount_amount"), amount): Text '10.5' is set on object 'Object Repository/RecAndPlayBk/Page-VLink-Capture/input_Amount_amount'

2024-05-27 19:20:18 - [MESSAGE][PASSED] - Text '10.5' is set on object 'Object Repository/RecAndPlayBk/Page-VLink-Capture/input_Amount_amount'

2024-05-27 19:20:18 - [TEST_STEP][PASSED] - click(findTestObject("Object Repository/RecAndPlayBk/Page-VLink-Capture/input")): Object: 'Object Repository/RecAndPlayBk/Page-VLink-Capture/input' is clicked on

2024-05-27 19:20:19 - [MESSAGE][PASSED] - Object: 'Object Repository/RecAndPlayBk/Page-VLink-Capture/input' is clicked on

2024-05-27 19:20:19 - [TEST_STEP][PASSED] - if (verifyTextPresent("Transaction approved, no errors", true)): null

2024-05-27 19:20:19 - [MESSAGE][PASSED] - Text 'Transaction approved, no errors' is present on page  using regular expression

2024-05-27 19:20:19 - [TEST_STEP][PASSED] - sdfo = getText(findTestObject("Object Repository/Page_VLinkReceipt/pre_STX")): Text of object 'Object Repository/Page_VLinkReceipt/pre_STX' is: '<STX>TmRvKD8vP3hd                  2967821             0  Transaction approved, no errors                   0                                                                                  Y 613724168<ETX>'

2024-05-27 19:20:20 - [MESSAGE][PASSED] - Text of object 'Object Repository/Page_VLinkReceipt/pre_STX' is: '<STX>TmRvKD8vP3hd                  2967821             0  Transaction approved, no errors                   0                                                                                  Y 613724168<ETX>'

2024-05-27 19:20:20 - [TEST_STEP][PASSED] - out.println("sdfo: " + sdfo): null

2024-05-27 19:20:20 - [TEST_STEP][PASSED] - remID = substring(5, 35).trim(): null

2024-05-27 19:20:20 - [TEST_STEP][PASSED] - out.println("remID: " + remID): null

2024-05-27 19:20:20 - [TEST_STEP][PASSED] - traxID = substring(35, 55).trim(): null

2024-05-27 19:20:20 - [TEST_STEP][PASSED] - out.println("traxID: " + traxID): null

2024-05-27 19:20:20 - [TEST_STEP][PASSED] - VLinkSaleRemID = remID: null

2024-05-27 19:20:20 - [TEST_STEP][PASSED] - VLinkSaleTranxID = traxID: null

2024-05-27 19:20:20 - [TEST_STEP][PASSED] - openBrowser(VLinkURL + "CC_credit.html"): Browser is opened with url: 'https://dev-algorithm.govolution.com/vlinktest/demo/version_2_0/CC_credit.html'

2024-05-27 19:20:20 - [MESSAGE][WARNING] - A browser is already opened. Closing browser and opening a new one

2024-05-27 19:20:21 - [MESSAGE][INFO] - Starting 'Chrome' driver

2024-05-27 19:20:21 - [MESSAGE][INFO] - User set preference: ['acceptInsecureCerts', 'true']

2024-05-27 19:20:21 - [MESSAGE][INFO] - Action delay is set to 0 milliseconds

2024-05-27 19:20:23 - [MESSAGE][PASSED] - Browser is opened with url: 'https://dev-algorithm.govolution.com/vlinktest/demo/version_2_0/CC_credit.html'

2024-05-27 19:20:23 - [TEST_STEP][PASSED] - maximizeWindow(): Current window maximized

2024-05-27 19:20:23 - [MESSAGE][PASSED] - Current window maximized

2024-05-27 19:20:23 - [TEST_STEP][PASSED] - setText(findTestObject("Object Repository/RecAndPlayBk/Page-Vlink-CC-Credit/input_Remittance Id"), VLinkSaleRemID): Text 'TmRvKD8vP3hd' is set on object 'Object Repository/RecAndPlayBk/Page-Vlink-CC-Credit/input_Remittance Id'

2024-05-27 19:20:24 - [MESSAGE][PASSED] - Text 'TmRvKD8vP3hd' is set on object 'Object Repository/RecAndPlayBk/Page-Vlink-CC-Credit/input_Remittance Id'

2024-05-27 19:20:24 - [TEST_STEP][PASSED] - setText(findTestObject("Object Repository/RecAndPlayBk/Page-Vlink-CC-Credit/input_Application Id"), appID): Text '1773' is set on object 'Object Repository/RecAndPlayBk/Page-Vlink-CC-Credit/input_Application Id'

2024-05-27 19:20:25 - [MESSAGE][PASSED] - Text '1773' is set on object 'Object Repository/RecAndPlayBk/Page-Vlink-CC-Credit/input_Application Id'

2024-05-27 19:20:25 - [TEST_STEP][PASSED] - setText(findTestObject("Object Repository/RecAndPlayBk/Page-Vlink-CC-Credit/input_Username"), username): Text 'Qq2BV1qtr' is set on object 'Object Repository/RecAndPlayBk/Page-Vlink-CC-Credit/input_Username'

2024-05-27 19:20:25 - [MESSAGE][PASSED] - Text 'Qq2BV1qtr' is set on object 'Object Repository/RecAndPlayBk/Page-Vlink-CC-Credit/input_Username'

2024-05-27 19:20:25 - [TEST_STEP][PASSED] - setText(findTestObject("Object Repository/RecAndPlayBk/Page-Vlink-CC-Credit/input_Password"), password): Text 'tUmWBiLUx' is set on object 'Object Repository/RecAndPlayBk/Page-Vlink-CC-Credit/input_Password'

2024-05-27 19:20:26 - [MESSAGE][PASSED] - Text 'tUmWBiLUx' is set on object 'Object Repository/RecAndPlayBk/Page-Vlink-CC-Credit/input_Password'

2024-05-27 19:20:26 - [TEST_STEP][PASSED] - setText(findTestObject("Object Repository/RecAndPlayBk/Page-Vlink-CC-Credit/input_Transaction ID"), VLinkSaleTranxID): Text '2967821' is set on object 'Object Repository/RecAndPlayBk/Page-Vlink-CC-Credit/input_Transaction ID'

2024-05-27 19:20:27 - [MESSAGE][PASSED] - Text '2967821' is set on object 'Object Repository/RecAndPlayBk/Page-Vlink-CC-Credit/input_Transaction ID'

2024-05-27 19:20:27 - [TEST_STEP][PASSED] - setText(findTestObject("Object Repository/RecAndPlayBk/Page-Vlink-CC-Credit/input_Amount"), amount): Text '10.5' is set on object 'Object Repository/RecAndPlayBk/Page-Vlink-CC-Credit/input_Amount'

2024-05-27 19:20:28 - [MESSAGE][PASSED] - Text '10.5' is set on object 'Object Repository/RecAndPlayBk/Page-Vlink-CC-Credit/input_Amount'

2024-05-27 19:20:28 - [TEST_STEP][PASSED] - setText(findTestObject("Object Repository/RecAndPlayBk/Page-Vlink-CC-Credit/input_Card number"), ""): Text '' is set on object 'Object Repository/RecAndPlayBk/Page-Vlink-CC-Credit/input_Card number'

2024-05-27 19:20:28 - [MESSAGE][PASSED] - Text '' is set on object 'Object Repository/RecAndPlayBk/Page-Vlink-CC-Credit/input_Card number'

2024-05-27 19:20:28 - [TEST_STEP][PASSED] - setText(findTestObject("Object Repository/RecAndPlayBk/Page-Vlink-CC-Credit/input_Card ex month"), ""): Text '' is set on object 'Object Repository/RecAndPlayBk/Page-Vlink-CC-Credit/input_Card ex month'

2024-05-27 19:20:29 - [MESSAGE][PASSED] - Text '' is set on object 'Object Repository/RecAndPlayBk/Page-Vlink-CC-Credit/input_Card ex month'

2024-05-27 19:20:29 - [TEST_STEP][PASSED] - setText(findTestObject("Object Repository/RecAndPlayBk/Page-Vlink-CC-Credit/input_Card ex year"), ""): Text '' is set on object 'Object Repository/RecAndPlayBk/Page-Vlink-CC-Credit/input_Card ex year'

2024-05-27 19:20:30 - [MESSAGE][PASSED] - Text '' is set on object 'Object Repository/RecAndPlayBk/Page-Vlink-CC-Credit/input_Card ex year'

2024-05-27 19:20:30 - [TEST_STEP][PASSED] - setText(findTestObject("Object Repository/RecAndPlayBk/Page-Vlink-CC-Credit/input_Track Data"), ""): Text '' is set on object 'Object Repository/RecAndPlayBk/Page-Vlink-CC-Credit/input_Track Data'

2024-05-27 19:20:30 - [MESSAGE][PASSED] - Text '' is set on object 'Object Repository/RecAndPlayBk/Page-Vlink-CC-Credit/input_Track Data'

2024-05-27 19:20:30 - [TEST_STEP][PASSED] - setText(findTestObject("Object Repository/RecAndPlayBk/Page-Vlink-CC-Credit/input_Category Code"), category): Text 'MOTO' is set on object 'Object Repository/RecAndPlayBk/Page-Vlink-CC-Credit/input_Category Code'

2024-05-27 19:20:31 - [MESSAGE][PASSED] - Text 'MOTO' is set on object 'Object Repository/RecAndPlayBk/Page-Vlink-CC-Credit/input_Category Code'

2024-05-27 19:20:31 - [TEST_STEP][PASSED] - click(findTestObject("Object Repository/RecAndPlayBk/Page-Vlink-CC-Credit/input")): Object: 'Object Repository/RecAndPlayBk/Page-Vlink-CC-Credit/input' is clicked on

2024-05-27 19:20:32 - [MESSAGE][PASSED] - Object: 'Object Repository/RecAndPlayBk/Page-Vlink-CC-Credit/input' is clicked on

2024-05-27 19:20:32 - [TEST_STEP][PASSED] - if (verifyTextPresent("Transaction approved, no errors", true)): null

2024-05-27 19:20:32 - [MESSAGE][PASSED] - Text 'Transaction approved, no errors' is present on page  using regular expression

2024-05-27 19:20:32 - [TEST_STEP][PASSED] - println("Transaction Approved, no errors text is present on the Confirmation page"): null

2024-05-27 19:20:32 - [TEST_STEP][PASSED] - out.println("Pass Record Number: " + row): null

2024-05-27 19:20:32 - [TEST_STEP][PASSED] - resText = "Pass": null

2024-05-27 19:20:32 - [TEST_STEP][PASSED] - pages.WriteExcel.demoKey(resText, datText, resColumn, datCloumn, fileLoc, nameSheet, row): pages.WriteExcel.demoKey is PASSED

2024-05-27 19:20:32 - [MESSAGE][PASSED] - pages.WriteExcel.demoKey is PASSED

2024-05-27 19:20:32 - [TEST_STEP][PASSED] - ExecuteTC = findTestData(dataFile).getValue("Execute", row): null

2024-05-27 19:20:33 - [TEST_STEP][PASSED] - out.println("Value of Execute is : " + ExecuteTC): null

2024-05-27 19:20:33 - [TEST_STEP][PASSED] - switch (executionProfile): null

2024-05-27 19:20:33 - [TEST_STEP][PASSED] - case "DemoProfile":: null

2024-05-27 19:20:33 - [TEST_STEP][PASSED] - appID = findTestData(dataFile).getValue("AppIDDemo", row): null

2024-05-27 19:20:33 - [TEST_STEP][PASSED] - username = findTestData(dataFile).getValue("UsernameDemo", row): null

2024-05-27 19:20:33 - [TEST_STEP][PASSED] - password = findTestData(dataFile).getValue("PasswordDemo", row): null

2024-05-27 19:20:33 - [TEST_STEP][PASSED] - break: null

2024-05-27 19:20:33 - [TEST_STEP][PASSED] - if (ExecuteTC.equalsIgnoreCase("Y")): null

2024-05-27 19:20:33 - [TEST_STEP][PASSED] - out.println("Begin Record Number: " + row): null

2024-05-27 19:20:33 - [TEST_STEP][PASSED] - today = new java.util.Date(): null

2024-05-27 19:20:33 - [TEST_STEP][PASSED] - println(today): null

2024-05-27 19:20:33 - [TEST_STEP][PASSED] - datText = today: null

2024-05-27 19:20:33 - [TEST_STEP][PASSED] - category = findTestData(dataFile).getValue("Category", row): null

2024-05-27 19:20:33 - [TEST_STEP][PASSED] - amount = findTestData(dataFile).getValue("Amount", row): null

2024-05-27 19:20:33 - [TEST_STEP][PASSED] - cardNumber = findTestData(dataFile).getValue("CardNumber", row): null

2024-05-27 19:20:33 - [TEST_STEP][PASSED] - exM = findTestData(dataFile).getValue("ExM", row): null

2024-05-27 19:20:34 - [TEST_STEP][PASSED] - exY = findTestData(dataFile).getValue("ExY", row): null

2024-05-27 19:20:34 - [TEST_STEP][PASSED] - openBrowser(VLinkURL + "auth.html"): Browser is opened with url: 'https://dev-algorithm.govolution.com/vlinktest/demo/version_2_0/auth.html'

2024-05-27 19:20:34 - [MESSAGE][WARNING] - A browser is already opened. Closing browser and opening a new one

2024-05-27 19:20:35 - [MESSAGE][INFO] - Starting 'Chrome' driver

2024-05-27 19:20:35 - [MESSAGE][INFO] - User set preference: ['acceptInsecureCerts', 'true']

2024-05-27 19:20:35 - [MESSAGE][INFO] - Action delay is set to 0 milliseconds

2024-05-27 19:20:37 - [MESSAGE][PASSED] - Browser is opened with url: 'https://dev-algorithm.govolution.com/vlinktest/demo/version_2_0/auth.html'

2024-05-27 19:20:37 - [TEST_STEP][PASSED] - maximizeWindow(): Current window maximized

2024-05-27 19:20:37 - [MESSAGE][PASSED] - Current window maximized

2024-05-27 19:20:37 - [TEST_STEP][PASSED] - genRemID = RandomStringUtils.random(12, true, true): null

2024-05-27 19:20:37 - [TEST_STEP][PASSED] - setText(findTestObject("Object Repository/RecAndPlayBk/Page-Vlink-AuthOnly/input_Remittance Id_remittance_id"), genRemID): Text 'zYDL4m0NA21m' is set on object 'Object Repository/RecAndPlayBk/Page-Vlink-AuthOnly/input_Remittance Id_remittance_id'

2024-05-27 19:20:38 - [MESSAGE][PASSED] - Text 'zYDL4m0NA21m' is set on object 'Object Repository/RecAndPlayBk/Page-Vlink-AuthOnly/input_Remittance Id_remittance_id'

2024-05-27 19:20:38 - [TEST_STEP][PASSED] - setText(findTestObject("Object Repository/RecAndPlayBk/Page-Vlink-AuthOnly/input_Application Id_application_id"), appID): Text '1773' is set on object 'Object Repository/RecAndPlayBk/Page-Vlink-AuthOnly/input_Application Id_application_id'

2024-05-27 19:20:39 - [MESSAGE][PASSED] - Text '1773' is set on object 'Object Repository/RecAndPlayBk/Page-Vlink-AuthOnly/input_Application Id_application_id'

2024-05-27 19:20:39 - [TEST_STEP][PASSED] - setText(findTestObject("Object Repository/RecAndPlayBk/Page-Vlink-AuthOnly/input_Username_username"), username): Text 'Qq2BV1qtr' is set on object 'Object Repository/RecAndPlayBk/Page-Vlink-AuthOnly/input_Username_username'

2024-05-27 19:20:39 - [MESSAGE][PASSED] - Text 'Qq2BV1qtr' is set on object 'Object Repository/RecAndPlayBk/Page-Vlink-AuthOnly/input_Username_username'

2024-05-27 19:20:39 - [TEST_STEP][PASSED] - setText(findTestObject("Object Repository/RecAndPlayBk/Page-Vlink-AuthOnly/input_Password_password"), password): Text 'tUmWBiLUx' is set on object 'Object Repository/RecAndPlayBk/Page-Vlink-AuthOnly/input_Password_password'

2024-05-27 19:20:40 - [MESSAGE][PASSED] - Text 'tUmWBiLUx' is set on object 'Object Repository/RecAndPlayBk/Page-Vlink-AuthOnly/input_Password_password'

2024-05-27 19:20:40 - [TEST_STEP][PASSED] - setText(findTestObject("Object Repository/RecAndPlayBk/Page-Vlink-AuthOnly/input_Category_category"), category): Text 'RETL' is set on object 'Object Repository/RecAndPlayBk/Page-Vlink-AuthOnly/input_Category_category'

2024-05-27 19:20:41 - [MESSAGE][PASSED] - Text 'RETL' is set on object 'Object Repository/RecAndPlayBk/Page-Vlink-AuthOnly/input_Category_category'

2024-05-27 19:20:41 - [TEST_STEP][PASSED] - setText(findTestObject("Object Repository/RecAndPlayBk/Page-Vlink-AuthOnly/input_Amount_amount"), amount): Text '10.5' is set on object 'Object Repository/RecAndPlayBk/Page-Vlink-AuthOnly/input_Amount_amount'

2024-05-27 19:20:41 - [MESSAGE][PASSED] - Text '10.5' is set on object 'Object Repository/RecAndPlayBk/Page-Vlink-AuthOnly/input_Amount_amount'

2024-05-27 19:20:41 - [TEST_STEP][PASSED] - doubleClick(findTestObject("Object Repository/RecAndPlayBk/Page-Vlink-AuthOnly/input_Card number_card_number")): Object: 'Object Repository/RecAndPlayBk/Page-Vlink-AuthOnly/input_Card number_card_number' is double clicked on

2024-05-27 19:20:42 - [MESSAGE][PASSED] - Object: 'Object Repository/RecAndPlayBk/Page-Vlink-AuthOnly/input_Card number_card_number' is double clicked on

2024-05-27 19:20:42 - [TEST_STEP][PASSED] - setText(findTestObject("Object Repository/RecAndPlayBk/Page-Vlink-AuthOnly/input_Card number_card_number"), cardNumber): Text '370000000000002' is set on object 'Object Repository/RecAndPlayBk/Page-Vlink-AuthOnly/input_Card number_card_number'

2024-05-27 19:20:43 - [MESSAGE][PASSED] - Text '370000000000002' is set on object 'Object Repository/RecAndPlayBk/Page-Vlink-AuthOnly/input_Card number_card_number'

2024-05-27 19:20:43 - [TEST_STEP][PASSED] - setText(findTestObject("Object Repository/RecAndPlayBk/Page-Vlink-AuthOnly/input_Card ex month_card_exmo"), exM): Text '12' is set on object 'Object Repository/RecAndPlayBk/Page-Vlink-AuthOnly/input_Card ex month_card_exmo'

2024-05-27 19:20:43 - [MESSAGE][PASSED] - Text '12' is set on object 'Object Repository/RecAndPlayBk/Page-Vlink-AuthOnly/input_Card ex month_card_exmo'

2024-05-27 19:20:43 - [TEST_STEP][PASSED] - setText(findTestObject("Object Repository/RecAndPlayBk/Page-Vlink-AuthOnly/input_Card ex year_card_exyr"), exY): Text '2029' is set on object 'Object Repository/RecAndPlayBk/Page-Vlink-AuthOnly/input_Card ex year_card_exyr'

2024-05-27 19:20:44 - [MESSAGE][PASSED] - Text '2029' is set on object 'Object Repository/RecAndPlayBk/Page-Vlink-AuthOnly/input_Card ex year_card_exyr'

2024-05-27 19:20:44 - [TEST_STEP][PASSED] - click(findTestObject("Object Repository/RecAndPlayBk/Page-Vlink-AuthOnly/input_Track Data_track_data")): Object: 'Object Repository/RecAndPlayBk/Page-Vlink-AuthOnly/input_Track Data_track_data' is clicked on

2024-05-27 19:20:44 - [MESSAGE][PASSED] - Object: 'Object Repository/RecAndPlayBk/Page-Vlink-AuthOnly/input_Track Data_track_data' is clicked on

2024-05-27 19:20:44 - [TEST_STEP][PASSED] - click(findTestObject("Object Repository/RecAndPlayBk/Page-Vlink-AuthOnly/input_CVV state_cvv_state")): Object: 'Object Repository/RecAndPlayBk/Page-Vlink-AuthOnly/input_CVV state_cvv_state' is clicked on

2024-05-27 19:20:45 - [MESSAGE][PASSED] - Object: 'Object Repository/RecAndPlayBk/Page-Vlink-AuthOnly/input_CVV state_cvv_state' is clicked on

2024-05-27 19:20:45 - [TEST_STEP][PASSED] - setText(findTestObject("Object Repository/RecAndPlayBk/Page-Vlink-AuthOnly/input_Track Data_track_data"), ""): Text '' is set on object 'Object Repository/RecAndPlayBk/Page-Vlink-AuthOnly/input_Track Data_track_data'

2024-05-27 19:20:46 - [MESSAGE][PASSED] - Text '' is set on object 'Object Repository/RecAndPlayBk/Page-Vlink-AuthOnly/input_Track Data_track_data'

2024-05-27 19:20:46 - [TEST_STEP][PASSED] - setText(findTestObject("Object Repository/RecAndPlayBk/Page-Vlink-AuthOnly/input_concat(Cardholder, , s email)_email"), ""): Text '' is set on object 'Object Repository/RecAndPlayBk/Page-Vlink-AuthOnly/input_concat(Cardholder, , s email)_email'

2024-05-27 19:20:46 - [MESSAGE][PASSED] - Text '' is set on object 'Object Repository/RecAndPlayBk/Page-Vlink-AuthOnly/input_concat(Cardholder, , s email)_email'

2024-05-27 19:20:46 - [TEST_STEP][PASSED] - click(findTestObject("Object Repository/RecAndPlayBk/Page-Vlink-AuthOnly/input_user_defined10_user_defined10")): Object: 'Object Repository/RecAndPlayBk/Page-Vlink-AuthOnly/input_user_defined10_user_defined10' is clicked on

2024-05-27 19:20:47 - [MESSAGE][PASSED] - Object: 'Object Repository/RecAndPlayBk/Page-Vlink-AuthOnly/input_user_defined10_user_defined10' is clicked on

2024-05-27 19:20:47 - [TEST_STEP][PASSED] - if (executionProfile.equalsIgnoreCase("QAProfile")): null

2024-05-27 19:20:47 - [TEST_STEP][PASSED] - click(findTestObject("Object Repository/RecAndPlayBk/Page-Vlink-AuthOnly/input")): Object: 'Object Repository/RecAndPlayBk/Page-Vlink-AuthOnly/input' is clicked on

2024-05-27 19:20:48 - [MESSAGE][PASSED] - Object: 'Object Repository/RecAndPlayBk/Page-Vlink-AuthOnly/input' is clicked on

2024-05-27 19:20:48 - [TEST_STEP][PASSED] - if (verifyTextPresent("Transaction approved, no errors", true)): null

2024-05-27 19:20:48 - [MESSAGE][PASSED] - Text 'Transaction approved, no errors' is present on page  using regular expression

2024-05-27 19:20:48 - [TEST_STEP][PASSED] - out.println("Auth was successful, Capture now"): null

2024-05-27 19:20:48 - [TEST_STEP][PASSED] - sdfo = getText(findTestObject("Object Repository/Page_VLinkReceipt/pre_STX")): Text of object 'Object Repository/Page_VLinkReceipt/pre_STX' is: '<STX>zYDL4m0NA21m                  2967823             0  Transaction approved, no errors                   0                                                                                  Y 915636592<ETX>'

2024-05-27 19:20:48 - [MESSAGE][PASSED] - Text of object 'Object Repository/Page_VLinkReceipt/pre_STX' is: '<STX>zYDL4m0NA21m                  2967823             0  Transaction approved, no errors                   0                                                                                  Y 915636592<ETX>'

2024-05-27 19:20:48 - [TEST_STEP][PASSED] - out.println("sdfo: " + sdfo): null

2024-05-27 19:20:48 - [TEST_STEP][PASSED] - remID = substring(5, 35).trim(): null

2024-05-27 19:20:48 - [TEST_STEP][PASSED] - out.println("remID: " + remID): null

2024-05-27 19:20:48 - [TEST_STEP][PASSED] - traxID = substring(35, 55).trim(): null

2024-05-27 19:20:48 - [TEST_STEP][PASSED] - out.println("traxID: " + traxID): null

2024-05-27 19:20:48 - [TEST_STEP][PASSED] - VLinkSaleRemID = remID: null

2024-05-27 19:20:48 - [TEST_STEP][PASSED] - VLinkSaleTranxID = traxID: null

2024-05-27 19:20:48 - [TEST_STEP][PASSED] - openBrowser(VLinkURL + "capture.html"): Browser is opened with url: 'https://dev-algorithm.govolution.com/vlinktest/demo/version_2_0/capture.html'

2024-05-27 19:20:48 - [MESSAGE][WARNING] - A browser is already opened. Closing browser and opening a new one

2024-05-27 19:20:50 - [MESSAGE][INFO] - Starting 'Chrome' driver

2024-05-27 19:20:50 - [MESSAGE][INFO] - User set preference: ['acceptInsecureCerts', 'true']

2024-05-27 19:20:50 - [MESSAGE][INFO] - Action delay is set to 0 milliseconds

2024-05-27 19:20:52 - [MESSAGE][PASSED] - Browser is opened with url: 'https://dev-algorithm.govolution.com/vlinktest/demo/version_2_0/capture.html'

2024-05-27 19:20:52 - [TEST_STEP][PASSED] - maximizeWindow(): Current window maximized

2024-05-27 19:20:52 - [MESSAGE][PASSED] - Current window maximized

2024-05-27 19:20:52 - [TEST_STEP][PASSED] - setText(findTestObject("Object Repository/RecAndPlayBk/Page-VLink-Capture/input_Remittance Id_remittance_id"), VLinkSaleRemID): Text 'zYDL4m0NA21m' is set on object 'Object Repository/RecAndPlayBk/Page-VLink-Capture/input_Remittance Id_remittance_id'

2024-05-27 19:20:53 - [MESSAGE][PASSED] - Text 'zYDL4m0NA21m' is set on object 'Object Repository/RecAndPlayBk/Page-VLink-Capture/input_Remittance Id_remittance_id'

2024-05-27 19:20:53 - [TEST_STEP][PASSED] - setText(findTestObject("Object Repository/RecAndPlayBk/Page-VLink-Capture/input_Application Id_application_id"), appID): Text '1773' is set on object 'Object Repository/RecAndPlayBk/Page-VLink-Capture/input_Application Id_application_id'

2024-05-27 19:20:53 - [MESSAGE][PASSED] - Text '1773' is set on object 'Object Repository/RecAndPlayBk/Page-VLink-Capture/input_Application Id_application_id'

2024-05-27 19:20:53 - [TEST_STEP][PASSED] - setText(findTestObject("Object Repository/RecAndPlayBk/Page-VLink-Capture/input_Username_username"), username): Text 'Qq2BV1qtr' is set on object 'Object Repository/RecAndPlayBk/Page-VLink-Capture/input_Username_username'

2024-05-27 19:20:54 - [MESSAGE][PASSED] - Text 'Qq2BV1qtr' is set on object 'Object Repository/RecAndPlayBk/Page-VLink-Capture/input_Username_username'

2024-05-27 19:20:54 - [TEST_STEP][PASSED] - setText(findTestObject("Object Repository/RecAndPlayBk/Page-VLink-Capture/input_Password_password"), password): Text 'tUmWBiLUx' is set on object 'Object Repository/RecAndPlayBk/Page-VLink-Capture/input_Password_password'

2024-05-27 19:20:55 - [MESSAGE][PASSED] - Text 'tUmWBiLUx' is set on object 'Object Repository/RecAndPlayBk/Page-VLink-Capture/input_Password_password'

2024-05-27 19:20:55 - [TEST_STEP][PASSED] - setText(findTestObject("Object Repository/RecAndPlayBk/Page-VLink-Capture/input_Transaction ID_transaction_id"), VLinkSaleTranxID): Text '2967823' is set on object 'Object Repository/RecAndPlayBk/Page-VLink-Capture/input_Transaction ID_transaction_id'

2024-05-27 19:20:56 - [MESSAGE][PASSED] - Text '2967823' is set on object 'Object Repository/RecAndPlayBk/Page-VLink-Capture/input_Transaction ID_transaction_id'

2024-05-27 19:20:56 - [TEST_STEP][PASSED] - setText(findTestObject("Object Repository/RecAndPlayBk/Page-VLink-Capture/input_Amount_amount"), amount): Text '10.5' is set on object 'Object Repository/RecAndPlayBk/Page-VLink-Capture/input_Amount_amount'

2024-05-27 19:20:56 - [MESSAGE][PASSED] - Text '10.5' is set on object 'Object Repository/RecAndPlayBk/Page-VLink-Capture/input_Amount_amount'

2024-05-27 19:20:56 - [TEST_STEP][PASSED] - click(findTestObject("Object Repository/RecAndPlayBk/Page-VLink-Capture/input")): Object: 'Object Repository/RecAndPlayBk/Page-VLink-Capture/input' is clicked on

2024-05-27 19:20:57 - [MESSAGE][PASSED] - Object: 'Object Repository/RecAndPlayBk/Page-VLink-Capture/input' is clicked on

2024-05-27 19:20:57 - [TEST_STEP][PASSED] - if (verifyTextPresent("Transaction approved, no errors", true)): null

2024-05-27 19:20:58 - [MESSAGE][PASSED] - Text 'Transaction approved, no errors' is present on page  using regular expression

2024-05-27 19:20:58 - [TEST_STEP][PASSED] - sdfo = getText(findTestObject("Object Repository/Page_VLinkReceipt/pre_STX")): Text of object 'Object Repository/Page_VLinkReceipt/pre_STX' is: '<STX>zYDL4m0NA21m                  2967824             0  Transaction approved, no errors                   0                                                                                  Y 915636592<ETX>'

2024-05-27 19:20:58 - [MESSAGE][PASSED] - Text of object 'Object Repository/Page_VLinkReceipt/pre_STX' is: '<STX>zYDL4m0NA21m                  2967824             0  Transaction approved, no errors                   0                                                                                  Y 915636592<ETX>'

2024-05-27 19:20:58 - [TEST_STEP][PASSED] - out.println("sdfo: " + sdfo): null

2024-05-27 19:20:58 - [TEST_STEP][PASSED] - remID = substring(5, 35).trim(): null

2024-05-27 19:20:58 - [TEST_STEP][PASSED] - out.println("remID: " + remID): null

2024-05-27 19:20:58 - [TEST_STEP][PASSED] - traxID = substring(35, 55).trim(): null

2024-05-27 19:20:58 - [TEST_STEP][PASSED] - out.println("traxID: " + traxID): null

2024-05-27 19:20:58 - [TEST_STEP][PASSED] - VLinkSaleRemID = remID: null

2024-05-27 19:20:58 - [TEST_STEP][PASSED] - VLinkSaleTranxID = traxID: null

2024-05-27 19:20:58 - [TEST_STEP][PASSED] - openBrowser(VLinkURL + "CC_credit.html"): Browser is opened with url: 'https://dev-algorithm.govolution.com/vlinktest/demo/version_2_0/CC_credit.html'

2024-05-27 19:20:58 - [MESSAGE][WARNING] - A browser is already opened. Closing browser and opening a new one

2024-05-27 19:20:59 - [MESSAGE][INFO] - Starting 'Chrome' driver

2024-05-27 19:20:59 - [MESSAGE][INFO] - User set preference: ['acceptInsecureCerts', 'true']

2024-05-27 19:20:59 - [MESSAGE][INFO] - Action delay is set to 0 milliseconds

2024-05-27 19:21:01 - [MESSAGE][PASSED] - Browser is opened with url: 'https://dev-algorithm.govolution.com/vlinktest/demo/version_2_0/CC_credit.html'

2024-05-27 19:21:01 - [TEST_STEP][PASSED] - maximizeWindow(): Current window maximized

2024-05-27 19:21:01 - [MESSAGE][PASSED] - Current window maximized

2024-05-27 19:21:01 - [TEST_STEP][PASSED] - setText(findTestObject("Object Repository/RecAndPlayBk/Page-Vlink-CC-Credit/input_Remittance Id"), VLinkSaleRemID): Text 'zYDL4m0NA21m' is set on object 'Object Repository/RecAndPlayBk/Page-Vlink-CC-Credit/input_Remittance Id'

2024-05-27 19:21:02 - [MESSAGE][PASSED] - Text 'zYDL4m0NA21m' is set on object 'Object Repository/RecAndPlayBk/Page-Vlink-CC-Credit/input_Remittance Id'

2024-05-27 19:21:02 - [TEST_STEP][PASSED] - setText(findTestObject("Object Repository/RecAndPlayBk/Page-Vlink-CC-Credit/input_Application Id"), appID): Text '1773' is set on object 'Object Repository/RecAndPlayBk/Page-Vlink-CC-Credit/input_Application Id'

2024-05-27 19:21:03 - [MESSAGE][PASSED] - Text '1773' is set on object 'Object Repository/RecAndPlayBk/Page-Vlink-CC-Credit/input_Application Id'

2024-05-27 19:21:03 - [TEST_STEP][PASSED] - setText(findTestObject("Object Repository/RecAndPlayBk/Page-Vlink-CC-Credit/input_Username"), username): Text 'Qq2BV1qtr' is set on object 'Object Repository/RecAndPlayBk/Page-Vlink-CC-Credit/input_Username'

2024-05-27 19:21:04 - [MESSAGE][PASSED] - Text 'Qq2BV1qtr' is set on object 'Object Repository/RecAndPlayBk/Page-Vlink-CC-Credit/input_Username'

2024-05-27 19:21:04 - [TEST_STEP][PASSED] - setText(findTestObject("Object Repository/RecAndPlayBk/Page-Vlink-CC-Credit/input_Password"), password): Text 'tUmWBiLUx' is set on object 'Object Repository/RecAndPlayBk/Page-Vlink-CC-Credit/input_Password'

2024-05-27 19:21:04 - [MESSAGE][PASSED] - Text 'tUmWBiLUx' is set on object 'Object Repository/RecAndPlayBk/Page-Vlink-CC-Credit/input_Password'

2024-05-27 19:21:04 - [TEST_STEP][PASSED] - setText(findTestObject("Object Repository/RecAndPlayBk/Page-Vlink-CC-Credit/input_Transaction ID"), VLinkSaleTranxID): Text '2967824' is set on object 'Object Repository/RecAndPlayBk/Page-Vlink-CC-Credit/input_Transaction ID'

2024-05-27 19:21:05 - [MESSAGE][PASSED] - Text '2967824' is set on object 'Object Repository/RecAndPlayBk/Page-Vlink-CC-Credit/input_Transaction ID'

2024-05-27 19:21:05 - [TEST_STEP][PASSED] - setText(findTestObject("Object Repository/RecAndPlayBk/Page-Vlink-CC-Credit/input_Amount"), amount): Text '10.5' is set on object 'Object Repository/RecAndPlayBk/Page-Vlink-CC-Credit/input_Amount'

2024-05-27 19:21:06 - [MESSAGE][PASSED] - Text '10.5' is set on object 'Object Repository/RecAndPlayBk/Page-Vlink-CC-Credit/input_Amount'

2024-05-27 19:21:06 - [TEST_STEP][PASSED] - setText(findTestObject("Object Repository/RecAndPlayBk/Page-Vlink-CC-Credit/input_Card number"), ""): Text '' is set on object 'Object Repository/RecAndPlayBk/Page-Vlink-CC-Credit/input_Card number'

2024-05-27 19:21:07 - [MESSAGE][PASSED] - Text '' is set on object 'Object Repository/RecAndPlayBk/Page-Vlink-CC-Credit/input_Card number'

2024-05-27 19:21:07 - [TEST_STEP][PASSED] - setText(findTestObject("Object Repository/RecAndPlayBk/Page-Vlink-CC-Credit/input_Card ex month"), ""): Text '' is set on object 'Object Repository/RecAndPlayBk/Page-Vlink-CC-Credit/input_Card ex month'

2024-05-27 19:21:07 - [MESSAGE][PASSED] - Text '' is set on object 'Object Repository/RecAndPlayBk/Page-Vlink-CC-Credit/input_Card ex month'

2024-05-27 19:21:07 - [TEST_STEP][PASSED] - setText(findTestObject("Object Repository/RecAndPlayBk/Page-Vlink-CC-Credit/input_Card ex year"), ""): Text '' is set on object 'Object Repository/RecAndPlayBk/Page-Vlink-CC-Credit/input_Card ex year'

2024-05-27 19:21:08 - [MESSAGE][PASSED] - Text '' is set on object 'Object Repository/RecAndPlayBk/Page-Vlink-CC-Credit/input_Card ex year'

2024-05-27 19:21:08 - [TEST_STEP][PASSED] - setText(findTestObject("Object Repository/RecAndPlayBk/Page-Vlink-CC-Credit/input_Track Data"), ""): Text '' is set on object 'Object Repository/RecAndPlayBk/Page-Vlink-CC-Credit/input_Track Data'

2024-05-27 19:21:09 - [MESSAGE][PASSED] - Text '' is set on object 'Object Repository/RecAndPlayBk/Page-Vlink-CC-Credit/input_Track Data'

2024-05-27 19:21:09 - [TEST_STEP][PASSED] - setText(findTestObject("Object Repository/RecAndPlayBk/Page-Vlink-CC-Credit/input_Category Code"), category): Text 'RETL' is set on object 'Object Repository/RecAndPlayBk/Page-Vlink-CC-Credit/input_Category Code'

2024-05-27 19:21:09 - [MESSAGE][PASSED] - Text 'RETL' is set on object 'Object Repository/RecAndPlayBk/Page-Vlink-CC-Credit/input_Category Code'

2024-05-27 19:21:09 - [TEST_STEP][PASSED] - click(findTestObject("Object Repository/RecAndPlayBk/Page-Vlink-CC-Credit/input")): Object: 'Object Repository/RecAndPlayBk/Page-Vlink-CC-Credit/input' is clicked on

2024-05-27 19:21:10 - [MESSAGE][PASSED] - Object: 'Object Repository/RecAndPlayBk/Page-Vlink-CC-Credit/input' is clicked on

2024-05-27 19:21:10 - [TEST_STEP][PASSED] - if (verifyTextPresent("Transaction approved, no errors", true)): null

2024-05-27 19:21:11 - [MESSAGE][PASSED] - Text 'Transaction approved, no errors' is present on page  using regular expression

2024-05-27 19:21:11 - [TEST_STEP][PASSED] - println("Transaction Approved, no errors text is present on the Confirmation page"): null

2024-05-27 19:21:11 - [TEST_STEP][PASSED] - out.println("Pass Record Number: " + row): null

2024-05-27 19:21:11 - [TEST_STEP][PASSED] - resText = "Pass": null

2024-05-27 19:21:11 - [TEST_STEP][PASSED] - pages.WriteExcel.demoKey(resText, datText, resColumn, datCloumn, fileLoc, nameSheet, row): pages.WriteExcel.demoKey is PASSED

2024-05-27 19:21:11 - [MESSAGE][PASSED] - pages.WriteExcel.demoKey is PASSED

2024-05-27 19:21:11 - [TEST_STEP][PASSED] - ExecuteTC = findTestData(dataFile).getValue("Execute", row): null

2024-05-27 19:21:11 - [TEST_STEP][PASSED] - out.println("Value of Execute is : " + ExecuteTC): null

2024-05-27 19:21:11 - [TEST_STEP][PASSED] - switch (executionProfile): null

2024-05-27 19:21:11 - [TEST_STEP][PASSED] - case "DemoProfile":: null

2024-05-27 19:21:11 - [TEST_STEP][PASSED] - appID = findTestData(dataFile).getValue("AppIDDemo", row): null

2024-05-27 19:21:11 - [TEST_STEP][PASSED] - username = findTestData(dataFile).getValue("UsernameDemo", row): null

2024-05-27 19:21:11 - [TEST_STEP][PASSED] - password = findTestData(dataFile).getValue("PasswordDemo", row): null

2024-05-27 19:21:12 - [TEST_STEP][PASSED] - break: null

2024-05-27 19:21:12 - [TEST_STEP][PASSED] - if (ExecuteTC.equalsIgnoreCase("Y")): null

2024-05-27 19:21:12 - [TEST_STEP][PASSED] - out.println("Begin Record Number: " + row): null

2024-05-27 19:21:12 - [TEST_STEP][PASSED] - today = new java.util.Date(): null

2024-05-27 19:21:12 - [TEST_STEP][PASSED] - println(today): null

2024-05-27 19:21:12 - [TEST_STEP][PASSED] - datText = today: null

2024-05-27 19:21:12 - [TEST_STEP][PASSED] - category = findTestData(dataFile).getValue("Category", row): null

2024-05-27 19:21:12 - [TEST_STEP][PASSED] - amount = findTestData(dataFile).getValue("Amount", row): null

2024-05-27 19:21:12 - [TEST_STEP][PASSED] - cardNumber = findTestData(dataFile).getValue("CardNumber", row): null

2024-05-27 19:21:12 - [TEST_STEP][PASSED] - exM = findTestData(dataFile).getValue("ExM", row): null

2024-05-27 19:21:12 - [TEST_STEP][PASSED] - exY = findTestData(dataFile).getValue("ExY", row): null

2024-05-27 19:21:12 - [TEST_STEP][PASSED] - openBrowser(VLinkURL + "auth.html"): Browser is opened with url: 'https://dev-algorithm.govolution.com/vlinktest/demo/version_2_0/auth.html'

2024-05-27 19:21:12 - [MESSAGE][WARNING] - A browser is already opened. Closing browser and opening a new one

2024-05-27 19:21:14 - [MESSAGE][INFO] - Starting 'Chrome' driver

2024-05-27 19:21:14 - [MESSAGE][INFO] - User set preference: ['acceptInsecureCerts', 'true']

2024-05-27 19:21:14 - [MESSAGE][INFO] - Action delay is set to 0 milliseconds

2024-05-27 19:21:16 - [MESSAGE][PASSED] - Browser is opened with url: 'https://dev-algorithm.govolution.com/vlinktest/demo/version_2_0/auth.html'

2024-05-27 19:21:16 - [TEST_STEP][PASSED] - maximizeWindow(): Current window maximized

2024-05-27 19:21:16 - [MESSAGE][PASSED] - Current window maximized

2024-05-27 19:21:16 - [TEST_STEP][PASSED] - genRemID = RandomStringUtils.random(12, true, true): null

2024-05-27 19:21:16 - [TEST_STEP][PASSED] - setText(findTestObject("Object Repository/RecAndPlayBk/Page-Vlink-AuthOnly/input_Remittance Id_remittance_id"), genRemID): Text 'Wici9g4oRy9H' is set on object 'Object Repository/RecAndPlayBk/Page-Vlink-AuthOnly/input_Remittance Id_remittance_id'

2024-05-27 19:21:17 - [MESSAGE][PASSED] - Text 'Wici9g4oRy9H' is set on object 'Object Repository/RecAndPlayBk/Page-Vlink-AuthOnly/input_Remittance Id_remittance_id'

2024-05-27 19:21:17 - [TEST_STEP][PASSED] - setText(findTestObject("Object Repository/RecAndPlayBk/Page-Vlink-AuthOnly/input_Application Id_application_id"), appID): Text '2435' is set on object 'Object Repository/RecAndPlayBk/Page-Vlink-AuthOnly/input_Application Id_application_id'

2024-05-27 19:21:17 - [MESSAGE][PASSED] - Text '2435' is set on object 'Object Repository/RecAndPlayBk/Page-Vlink-AuthOnly/input_Application Id_application_id'

2024-05-27 19:21:17 - [TEST_STEP][PASSED] - setText(findTestObject("Object Repository/RecAndPlayBk/Page-Vlink-AuthOnly/input_Username_username"), username): Text 'health' is set on object 'Object Repository/RecAndPlayBk/Page-Vlink-AuthOnly/input_Username_username'

2024-05-27 19:21:18 - [MESSAGE][PASSED] - Text 'health' is set on object 'Object Repository/RecAndPlayBk/Page-Vlink-AuthOnly/input_Username_username'

2024-05-27 19:21:18 - [TEST_STEP][PASSED] - setText(findTestObject("Object Repository/RecAndPlayBk/Page-Vlink-AuthOnly/input_Password_password"), password): Text '11111111' is set on object 'Object Repository/RecAndPlayBk/Page-Vlink-AuthOnly/input_Password_password'

2024-05-27 19:21:19 - [MESSAGE][PASSED] - Text '11111111' is set on object 'Object Repository/RecAndPlayBk/Page-Vlink-AuthOnly/input_Password_password'

2024-05-27 19:21:19 - [TEST_STEP][PASSED] - setText(findTestObject("Object Repository/RecAndPlayBk/Page-Vlink-AuthOnly/input_Category_category"), category): Text 'ECOM' is set on object 'Object Repository/RecAndPlayBk/Page-Vlink-AuthOnly/input_Category_category'

2024-05-27 19:21:19 - [MESSAGE][PASSED] - Text 'ECOM' is set on object 'Object Repository/RecAndPlayBk/Page-Vlink-AuthOnly/input_Category_category'

2024-05-27 19:21:19 - [TEST_STEP][PASSED] - setText(findTestObject("Object Repository/RecAndPlayBk/Page-Vlink-AuthOnly/input_Amount_amount"), amount): Text '10.5' is set on object 'Object Repository/RecAndPlayBk/Page-Vlink-AuthOnly/input_Amount_amount'

2024-05-27 19:21:20 - [MESSAGE][PASSED] - Text '10.5' is set on object 'Object Repository/RecAndPlayBk/Page-Vlink-AuthOnly/input_Amount_amount'

2024-05-27 19:21:20 - [TEST_STEP][PASSED] - doubleClick(findTestObject("Object Repository/RecAndPlayBk/Page-Vlink-AuthOnly/input_Card number_card_number")): Object: 'Object Repository/RecAndPlayBk/Page-Vlink-AuthOnly/input_Card number_card_number' is double clicked on

2024-05-27 19:21:20 - [MESSAGE][PASSED] - Object: 'Object Repository/RecAndPlayBk/Page-Vlink-AuthOnly/input_Card number_card_number' is double clicked on

2024-05-27 19:21:20 - [TEST_STEP][PASSED] - setText(findTestObject("Object Repository/RecAndPlayBk/Page-Vlink-AuthOnly/input_Card number_card_number"), cardNumber): Text '4012000098765439' is set on object 'Object Repository/RecAndPlayBk/Page-Vlink-AuthOnly/input_Card number_card_number'

2024-05-27 19:21:21 - [MESSAGE][PASSED] - Text '4012000098765439' is set on object 'Object Repository/RecAndPlayBk/Page-Vlink-AuthOnly/input_Card number_card_number'

2024-05-27 19:21:21 - [TEST_STEP][PASSED] - setText(findTestObject("Object Repository/RecAndPlayBk/Page-Vlink-AuthOnly/input_Card ex month_card_exmo"), exM): Text '12' is set on object 'Object Repository/RecAndPlayBk/Page-Vlink-AuthOnly/input_Card ex month_card_exmo'

2024-05-27 19:21:22 - [MESSAGE][PASSED] - Text '12' is set on object 'Object Repository/RecAndPlayBk/Page-Vlink-AuthOnly/input_Card ex month_card_exmo'

2024-05-27 19:21:22 - [TEST_STEP][PASSED] - setText(findTestObject("Object Repository/RecAndPlayBk/Page-Vlink-AuthOnly/input_Card ex year_card_exyr"), exY): Text '2029' is set on object 'Object Repository/RecAndPlayBk/Page-Vlink-AuthOnly/input_Card ex year_card_exyr'

2024-05-27 19:21:23 - [MESSAGE][PASSED] - Text '2029' is set on object 'Object Repository/RecAndPlayBk/Page-Vlink-AuthOnly/input_Card ex year_card_exyr'

2024-05-27 19:21:23 - [TEST_STEP][PASSED] - click(findTestObject("Object Repository/RecAndPlayBk/Page-Vlink-AuthOnly/input_Track Data_track_data")): Object: 'Object Repository/RecAndPlayBk/Page-Vlink-AuthOnly/input_Track Data_track_data' is clicked on

2024-05-27 19:21:23 - [MESSAGE][PASSED] - Object: 'Object Repository/RecAndPlayBk/Page-Vlink-AuthOnly/input_Track Data_track_data' is clicked on

2024-05-27 19:21:23 - [TEST_STEP][PASSED] - click(findTestObject("Object Repository/RecAndPlayBk/Page-Vlink-AuthOnly/input_CVV state_cvv_state")): Object: 'Object Repository/RecAndPlayBk/Page-Vlink-AuthOnly/input_CVV state_cvv_state' is clicked on

2024-05-27 19:21:23 - [MESSAGE][PASSED] - Object: 'Object Repository/RecAndPlayBk/Page-Vlink-AuthOnly/input_CVV state_cvv_state' is clicked on

2024-05-27 19:21:23 - [TEST_STEP][PASSED] - setText(findTestObject("Object Repository/RecAndPlayBk/Page-Vlink-AuthOnly/input_Track Data_track_data"), ""): Text '' is set on object 'Object Repository/RecAndPlayBk/Page-Vlink-AuthOnly/input_Track Data_track_data'

2024-05-27 19:21:24 - [MESSAGE][PASSED] - Text '' is set on object 'Object Repository/RecAndPlayBk/Page-Vlink-AuthOnly/input_Track Data_track_data'

2024-05-27 19:21:24 - [TEST_STEP][PASSED] - setText(findTestObject("Object Repository/RecAndPlayBk/Page-Vlink-AuthOnly/input_concat(Cardholder, , s email)_email"), ""): Text '' is set on object 'Object Repository/RecAndPlayBk/Page-Vlink-AuthOnly/input_concat(Cardholder, , s email)_email'

2024-05-27 19:21:25 - [MESSAGE][PASSED] - Text '' is set on object 'Object Repository/RecAndPlayBk/Page-Vlink-AuthOnly/input_concat(Cardholder, , s email)_email'

2024-05-27 19:21:25 - [TEST_STEP][PASSED] - click(findTestObject("Object Repository/RecAndPlayBk/Page-Vlink-AuthOnly/input_user_defined10_user_defined10")): Object: 'Object Repository/RecAndPlayBk/Page-Vlink-AuthOnly/input_user_defined10_user_defined10' is clicked on

2024-05-27 19:21:25 - [MESSAGE][PASSED] - Object: 'Object Repository/RecAndPlayBk/Page-Vlink-AuthOnly/input_user_defined10_user_defined10' is clicked on

2024-05-27 19:21:25 - [TEST_STEP][PASSED] - if (executionProfile.equalsIgnoreCase("QAProfile")): null

2024-05-27 19:21:25 - [TEST_STEP][PASSED] - click(findTestObject("Object Repository/RecAndPlayBk/Page-Vlink-AuthOnly/input")): Object: 'Object Repository/RecAndPlayBk/Page-Vlink-AuthOnly/input' is clicked on

2024-05-27 19:21:27 - [MESSAGE][PASSED] - Object: 'Object Repository/RecAndPlayBk/Page-Vlink-AuthOnly/input' is clicked on

2024-05-27 19:21:27 - [TEST_STEP][PASSED] - if (verifyTextPresent("Transaction approved, no errors", true)): null

2024-05-27 19:21:27 - [MESSAGE][PASSED] - Text 'Transaction approved, no errors' is present on page  using regular expression

2024-05-27 19:21:27 - [TEST_STEP][PASSED] - out.println("Auth was successful, Capture now"): null

2024-05-27 19:21:27 - [TEST_STEP][PASSED] - sdfo = getText(findTestObject("Object Repository/Page_VLinkReceipt/pre_STX")): Text of object 'Object Repository/Page_VLinkReceipt/pre_STX' is: '<STX>Wici9g4oRy9H                  2967826             0  Transaction approved, no errors                   0                                                                                  N 765439   <ETX>'

2024-05-27 19:21:28 - [MESSAGE][PASSED] - Text of object 'Object Repository/Page_VLinkReceipt/pre_STX' is: '<STX>Wici9g4oRy9H                  2967826             0  Transaction approved, no errors                   0                                                                                  N 765439   <ETX>'

2024-05-27 19:21:28 - [TEST_STEP][PASSED] - out.println("sdfo: " + sdfo): null

2024-05-27 19:21:28 - [TEST_STEP][PASSED] - remID = substring(5, 35).trim(): null

2024-05-27 19:21:28 - [TEST_STEP][PASSED] - out.println("remID: " + remID): null

2024-05-27 19:21:28 - [TEST_STEP][PASSED] - traxID = substring(35, 55).trim(): null

2024-05-27 19:21:28 - [TEST_STEP][PASSED] - out.println("traxID: " + traxID): null

2024-05-27 19:21:28 - [TEST_STEP][PASSED] - VLinkSaleRemID = remID: null

2024-05-27 19:21:28 - [TEST_STEP][PASSED] - VLinkSaleTranxID = traxID: null

2024-05-27 19:21:28 - [TEST_STEP][PASSED] - openBrowser(VLinkURL + "capture.html"): Browser is opened with url: 'https://dev-algorithm.govolution.com/vlinktest/demo/version_2_0/capture.html'

2024-05-27 19:21:28 - [MESSAGE][WARNING] - A browser is already opened. Closing browser and opening a new one

2024-05-27 19:21:29 - [MESSAGE][INFO] - Starting 'Chrome' driver

2024-05-27 19:21:29 - [MESSAGE][INFO] - User set preference: ['acceptInsecureCerts', 'true']

2024-05-27 19:21:29 - [MESSAGE][INFO] - Action delay is set to 0 milliseconds

2024-05-27 19:21:32 - [MESSAGE][PASSED] - Browser is opened with url: 'https://dev-algorithm.govolution.com/vlinktest/demo/version_2_0/capture.html'

2024-05-27 19:21:32 - [TEST_STEP][PASSED] - maximizeWindow(): Current window maximized

2024-05-27 19:21:32 - [MESSAGE][PASSED] - Current window maximized

2024-05-27 19:21:32 - [TEST_STEP][PASSED] - setText(findTestObject("Object Repository/RecAndPlayBk/Page-VLink-Capture/input_Remittance Id_remittance_id"), VLinkSaleRemID): Text 'Wici9g4oRy9H' is set on object 'Object Repository/RecAndPlayBk/Page-VLink-Capture/input_Remittance Id_remittance_id'

2024-05-27 19:21:33 - [MESSAGE][PASSED] - Text 'Wici9g4oRy9H' is set on object 'Object Repository/RecAndPlayBk/Page-VLink-Capture/input_Remittance Id_remittance_id'

2024-05-27 19:21:33 - [TEST_STEP][PASSED] - setText(findTestObject("Object Repository/RecAndPlayBk/Page-VLink-Capture/input_Application Id_application_id"), appID): Text '2435' is set on object 'Object Repository/RecAndPlayBk/Page-VLink-Capture/input_Application Id_application_id'

2024-05-27 19:21:34 - [MESSAGE][PASSED] - Text '2435' is set on object 'Object Repository/RecAndPlayBk/Page-VLink-Capture/input_Application Id_application_id'

2024-05-27 19:21:34 - [TEST_STEP][PASSED] - setText(findTestObject("Object Repository/RecAndPlayBk/Page-VLink-Capture/input_Username_username"), username): Text 'health' is set on object 'Object Repository/RecAndPlayBk/Page-VLink-Capture/input_Username_username'

2024-05-27 19:21:34 - [MESSAGE][PASSED] - Text 'health' is set on object 'Object Repository/RecAndPlayBk/Page-VLink-Capture/input_Username_username'

2024-05-27 19:21:34 - [TEST_STEP][PASSED] - setText(findTestObject("Object Repository/RecAndPlayBk/Page-VLink-Capture/input_Password_password"), password): Text '11111111' is set on object 'Object Repository/RecAndPlayBk/Page-VLink-Capture/input_Password_password'

2024-05-27 19:21:35 - [MESSAGE][PASSED] - Text '11111111' is set on object 'Object Repository/RecAndPlayBk/Page-VLink-Capture/input_Password_password'

2024-05-27 19:21:35 - [TEST_STEP][PASSED] - setText(findTestObject("Object Repository/RecAndPlayBk/Page-VLink-Capture/input_Transaction ID_transaction_id"), VLinkSaleTranxID): Text '2967826' is set on object 'Object Repository/RecAndPlayBk/Page-VLink-Capture/input_Transaction ID_transaction_id'

2024-05-27 19:21:36 - [MESSAGE][PASSED] - Text '2967826' is set on object 'Object Repository/RecAndPlayBk/Page-VLink-Capture/input_Transaction ID_transaction_id'

2024-05-27 19:21:36 - [TEST_STEP][PASSED] - setText(findTestObject("Object Repository/RecAndPlayBk/Page-VLink-Capture/input_Amount_amount"), amount): Text '10.5' is set on object 'Object Repository/RecAndPlayBk/Page-VLink-Capture/input_Amount_amount'

2024-05-27 19:21:37 - [MESSAGE][PASSED] - Text '10.5' is set on object 'Object Repository/RecAndPlayBk/Page-VLink-Capture/input_Amount_amount'

2024-05-27 19:21:37 - [TEST_STEP][PASSED] - click(findTestObject("Object Repository/RecAndPlayBk/Page-VLink-Capture/input")): Object: 'Object Repository/RecAndPlayBk/Page-VLink-Capture/input' is clicked on

2024-05-27 19:21:38 - [MESSAGE][PASSED] - Object: 'Object Repository/RecAndPlayBk/Page-VLink-Capture/input' is clicked on

2024-05-27 19:21:38 - [TEST_STEP][PASSED] - if (verifyTextPresent("Transaction approved, no errors", true)): null

2024-05-27 19:21:38 - [MESSAGE][PASSED] - Text 'Transaction approved, no errors' is present on page  using regular expression

2024-05-27 19:21:38 - [TEST_STEP][PASSED] - sdfo = getText(findTestObject("Object Repository/Page_VLinkReceipt/pre_STX")): Text of object 'Object Repository/Page_VLinkReceipt/pre_STX' is: '<STX>Wici9g4oRy9H                  2967827             0  Transaction approved, no errors                   0                                                                                  N 765439   <ETX>'

2024-05-27 19:21:39 - [MESSAGE][PASSED] - Text of object 'Object Repository/Page_VLinkReceipt/pre_STX' is: '<STX>Wici9g4oRy9H                  2967827             0  Transaction approved, no errors                   0                                                                                  N 765439   <ETX>'

2024-05-27 19:21:39 - [TEST_STEP][PASSED] - out.println("sdfo: " + sdfo): null

2024-05-27 19:21:39 - [TEST_STEP][PASSED] - remID = substring(5, 35).trim(): null

2024-05-27 19:21:39 - [TEST_STEP][PASSED] - out.println("remID: " + remID): null

2024-05-27 19:21:39 - [TEST_STEP][PASSED] - traxID = substring(35, 55).trim(): null

2024-05-27 19:21:39 - [TEST_STEP][PASSED] - out.println("traxID: " + traxID): null

2024-05-27 19:21:39 - [TEST_STEP][PASSED] - VLinkSaleRemID = remID: null

2024-05-27 19:21:39 - [TEST_STEP][PASSED] - VLinkSaleTranxID = traxID: null

2024-05-27 19:21:39 - [TEST_STEP][PASSED] - openBrowser(VLinkURL + "CC_credit.html"): Browser is opened with url: 'https://dev-algorithm.govolution.com/vlinktest/demo/version_2_0/CC_credit.html'

2024-05-27 19:21:39 - [MESSAGE][WARNING] - A browser is already opened. Closing browser and opening a new one

2024-05-27 19:21:40 - [MESSAGE][INFO] - Starting 'Chrome' driver

2024-05-27 19:21:40 - [MESSAGE][INFO] - User set preference: ['acceptInsecureCerts', 'true']

2024-05-27 19:21:40 - [MESSAGE][INFO] - Action delay is set to 0 milliseconds

2024-05-27 19:21:42 - [MESSAGE][PASSED] - Browser is opened with url: 'https://dev-algorithm.govolution.com/vlinktest/demo/version_2_0/CC_credit.html'

2024-05-27 19:21:42 - [TEST_STEP][PASSED] - maximizeWindow(): Current window maximized

2024-05-27 19:21:42 - [MESSAGE][PASSED] - Current window maximized

2024-05-27 19:21:42 - [TEST_STEP][PASSED] - setText(findTestObject("Object Repository/RecAndPlayBk/Page-Vlink-CC-Credit/input_Remittance Id"), VLinkSaleRemID): Text 'Wici9g4oRy9H' is set on object 'Object Repository/RecAndPlayBk/Page-Vlink-CC-Credit/input_Remittance Id'

2024-05-27 19:21:43 - [MESSAGE][PASSED] - Text 'Wici9g4oRy9H' is set on object 'Object Repository/RecAndPlayBk/Page-Vlink-CC-Credit/input_Remittance Id'

2024-05-27 19:21:43 - [TEST_STEP][PASSED] - setText(findTestObject("Object Repository/RecAndPlayBk/Page-Vlink-CC-Credit/input_Application Id"), appID): Text '2435' is set on object 'Object Repository/RecAndPlayBk/Page-Vlink-CC-Credit/input_Application Id'

2024-05-27 19:21:44 - [MESSAGE][PASSED] - Text '2435' is set on object 'Object Repository/RecAndPlayBk/Page-Vlink-CC-Credit/input_Application Id'

2024-05-27 19:21:44 - [TEST_STEP][PASSED] - setText(findTestObject("Object Repository/RecAndPlayBk/Page-Vlink-CC-Credit/input_Username"), username): Text 'health' is set on object 'Object Repository/RecAndPlayBk/Page-Vlink-CC-Credit/input_Username'

2024-05-27 19:21:44 - [MESSAGE][PASSED] - Text 'health' is set on object 'Object Repository/RecAndPlayBk/Page-Vlink-CC-Credit/input_Username'

2024-05-27 19:21:44 - [TEST_STEP][PASSED] - setText(findTestObject("Object Repository/RecAndPlayBk/Page-Vlink-CC-Credit/input_Password"), password): Text '11111111' is set on object 'Object Repository/RecAndPlayBk/Page-Vlink-CC-Credit/input_Password'

2024-05-27 19:21:45 - [MESSAGE][PASSED] - Text '11111111' is set on object 'Object Repository/RecAndPlayBk/Page-Vlink-CC-Credit/input_Password'

2024-05-27 19:21:45 - [TEST_STEP][PASSED] - setText(findTestObject("Object Repository/RecAndPlayBk/Page-Vlink-CC-Credit/input_Transaction ID"), VLinkSaleTranxID): Text '2967827' is set on object 'Object Repository/RecAndPlayBk/Page-Vlink-CC-Credit/input_Transaction ID'

2024-05-27 19:21:46 - [MESSAGE][PASSED] - Text '2967827' is set on object 'Object Repository/RecAndPlayBk/Page-Vlink-CC-Credit/input_Transaction ID'

2024-05-27 19:21:46 - [TEST_STEP][PASSED] - setText(findTestObject("Object Repository/RecAndPlayBk/Page-Vlink-CC-Credit/input_Amount"), amount): Text '10.5' is set on object 'Object Repository/RecAndPlayBk/Page-Vlink-CC-Credit/input_Amount'

2024-05-27 19:21:47 - [MESSAGE][PASSED] - Text '10.5' is set on object 'Object Repository/RecAndPlayBk/Page-Vlink-CC-Credit/input_Amount'

2024-05-27 19:21:47 - [TEST_STEP][PASSED] - setText(findTestObject("Object Repository/RecAndPlayBk/Page-Vlink-CC-Credit/input_Card number"), ""): Text '' is set on object 'Object Repository/RecAndPlayBk/Page-Vlink-CC-Credit/input_Card number'

2024-05-27 19:21:47 - [MESSAGE][PASSED] - Text '' is set on object 'Object Repository/RecAndPlayBk/Page-Vlink-CC-Credit/input_Card number'

2024-05-27 19:21:47 - [TEST_STEP][PASSED] - setText(findTestObject("Object Repository/RecAndPlayBk/Page-Vlink-CC-Credit/input_Card ex month"), ""): Text '' is set on object 'Object Repository/RecAndPlayBk/Page-Vlink-CC-Credit/input_Card ex month'

2024-05-27 19:21:48 - [MESSAGE][PASSED] - Text '' is set on object 'Object Repository/RecAndPlayBk/Page-Vlink-CC-Credit/input_Card ex month'

2024-05-27 19:21:48 - [TEST_STEP][PASSED] - setText(findTestObject("Object Repository/RecAndPlayBk/Page-Vlink-CC-Credit/input_Card ex year"), ""): Text '' is set on object 'Object Repository/RecAndPlayBk/Page-Vlink-CC-Credit/input_Card ex year'

2024-05-27 19:21:49 - [MESSAGE][PASSED] - Text '' is set on object 'Object Repository/RecAndPlayBk/Page-Vlink-CC-Credit/input_Card ex year'

2024-05-27 19:21:49 - [TEST_STEP][PASSED] - setText(findTestObject("Object Repository/RecAndPlayBk/Page-Vlink-CC-Credit/input_Track Data"), ""): Text '' is set on object 'Object Repository/RecAndPlayBk/Page-Vlink-CC-Credit/input_Track Data'

2024-05-27 19:21:49 - [MESSAGE][PASSED] - Text '' is set on object 'Object Repository/RecAndPlayBk/Page-Vlink-CC-Credit/input_Track Data'

2024-05-27 19:21:49 - [TEST_STEP][PASSED] - setText(findTestObject("Object Repository/RecAndPlayBk/Page-Vlink-CC-Credit/input_Category Code"), category): Text 'ECOM' is set on object 'Object Repository/RecAndPlayBk/Page-Vlink-CC-Credit/input_Category Code'

2024-05-27 19:21:50 - [MESSAGE][PASSED] - Text 'ECOM' is set on object 'Object Repository/RecAndPlayBk/Page-Vlink-CC-Credit/input_Category Code'

2024-05-27 19:21:50 - [TEST_STEP][PASSED] - click(findTestObject("Object Repository/RecAndPlayBk/Page-Vlink-CC-Credit/input")): Object: 'Object Repository/RecAndPlayBk/Page-Vlink-CC-Credit/input' is clicked on

2024-05-27 19:21:51 - [MESSAGE][PASSED] - Object: 'Object Repository/RecAndPlayBk/Page-Vlink-CC-Credit/input' is clicked on

2024-05-27 19:21:51 - [TEST_STEP][PASSED] - if (verifyTextPresent("Transaction approved, no errors", true)): null

2024-05-27 19:21:52 - [MESSAGE][PASSED] - Text 'Transaction approved, no errors' is present on page  using regular expression

2024-05-27 19:21:52 - [TEST_STEP][PASSED] - println("Transaction Approved, no errors text is present on the Confirmation page"): null

2024-05-27 19:21:52 - [TEST_STEP][PASSED] - out.println("Pass Record Number: " + row): null

2024-05-27 19:21:52 - [TEST_STEP][PASSED] - resText = "Pass": null

2024-05-27 19:21:52 - [TEST_STEP][PASSED] - pages.WriteExcel.demoKey(resText, datText, resColumn, datCloumn, fileLoc, nameSheet, row): pages.WriteExcel.demoKey is PASSED

2024-05-27 19:21:52 - [MESSAGE][PASSED] - pages.WriteExcel.demoKey is PASSED

2024-05-27 19:21:52 - [TEST_STEP][PASSED] - ExecuteTC = findTestData(dataFile).getValue("Execute", row): null

2024-05-27 19:21:52 - [TEST_STEP][PASSED] - out.println("Value of Execute is : " + ExecuteTC): null

2024-05-27 19:21:52 - [TEST_STEP][PASSED] - switch (executionProfile): null

2024-05-27 19:21:52 - [TEST_STEP][PASSED] - case "DemoProfile":: null

2024-05-27 19:21:52 - [TEST_STEP][PASSED] - appID = findTestData(dataFile).getValue("AppIDDemo", row): null

2024-05-27 19:21:52 - [TEST_STEP][PASSED] - username = findTestData(dataFile).getValue("UsernameDemo", row): null

2024-05-27 19:21:52 - [TEST_STEP][PASSED] - password = findTestData(dataFile).getValue("PasswordDemo", row): null

2024-05-27 19:21:53 - [TEST_STEP][PASSED] - break: null

2024-05-27 19:21:53 - [TEST_STEP][PASSED] - if (ExecuteTC.equalsIgnoreCase("Y")): null

2024-05-27 19:21:53 - [TEST_STEP][PASSED] - out.println("Begin Record Number: " + row): null

2024-05-27 19:21:53 - [TEST_STEP][PASSED] - today = new java.util.Date(): null

2024-05-27 19:21:53 - [TEST_STEP][PASSED] - println(today): null

2024-05-27 19:21:53 - [TEST_STEP][PASSED] - datText = today: null

2024-05-27 19:21:53 - [TEST_STEP][PASSED] - category = findTestData(dataFile).getValue("Category", row): null

2024-05-27 19:21:53 - [TEST_STEP][PASSED] - amount = findTestData(dataFile).getValue("Amount", row): null

2024-05-27 19:21:53 - [TEST_STEP][PASSED] - cardNumber = findTestData(dataFile).getValue("CardNumber", row): null

2024-05-27 19:21:53 - [TEST_STEP][PASSED] - exM = findTestData(dataFile).getValue("ExM", row): null

2024-05-27 19:21:53 - [TEST_STEP][PASSED] - exY = findTestData(dataFile).getValue("ExY", row): null

2024-05-27 19:21:53 - [TEST_STEP][PASSED] - openBrowser(VLinkURL + "auth.html"): Browser is opened with url: 'https://dev-algorithm.govolution.com/vlinktest/demo/version_2_0/auth.html'

2024-05-27 19:21:53 - [MESSAGE][WARNING] - A browser is already opened. Closing browser and opening a new one

2024-05-27 19:21:55 - [MESSAGE][INFO] - Starting 'Chrome' driver

2024-05-27 19:21:55 - [MESSAGE][INFO] - User set preference: ['acceptInsecureCerts', 'true']

2024-05-27 19:21:55 - [MESSAGE][INFO] - Action delay is set to 0 milliseconds

2024-05-27 19:21:57 - [MESSAGE][PASSED] - Browser is opened with url: 'https://dev-algorithm.govolution.com/vlinktest/demo/version_2_0/auth.html'

2024-05-27 19:21:57 - [TEST_STEP][PASSED] - maximizeWindow(): Current window maximized

2024-05-27 19:21:57 - [MESSAGE][PASSED] - Current window maximized

2024-05-27 19:21:57 - [TEST_STEP][PASSED] - genRemID = RandomStringUtils.random(12, true, true): null

2024-05-27 19:21:57 - [TEST_STEP][PASSED] - setText(findTestObject("Object Repository/RecAndPlayBk/Page-Vlink-AuthOnly/input_Remittance Id_remittance_id"), genRemID): Text 'MB7SqXFPD6KX' is set on object 'Object Repository/RecAndPlayBk/Page-Vlink-AuthOnly/input_Remittance Id_remittance_id'

2024-05-27 19:21:58 - [MESSAGE][PASSED] - Text 'MB7SqXFPD6KX' is set on object 'Object Repository/RecAndPlayBk/Page-Vlink-AuthOnly/input_Remittance Id_remittance_id'

2024-05-27 19:21:58 - [TEST_STEP][PASSED] - setText(findTestObject("Object Repository/RecAndPlayBk/Page-Vlink-AuthOnly/input_Application Id_application_id"), appID): Text '3136' is set on object 'Object Repository/RecAndPlayBk/Page-Vlink-AuthOnly/input_Application Id_application_id'

2024-05-27 19:21:58 - [MESSAGE][PASSED] - Text '3136' is set on object 'Object Repository/RecAndPlayBk/Page-Vlink-AuthOnly/input_Application Id_application_id'

2024-05-27 19:21:58 - [TEST_STEP][PASSED] - setText(findTestObject("Object Repository/RecAndPlayBk/Page-Vlink-AuthOnly/input_Username_username"), username): Text 'user3136' is set on object 'Object Repository/RecAndPlayBk/Page-Vlink-AuthOnly/input_Username_username'

2024-05-27 19:21:59 - [MESSAGE][PASSED] - Text 'user3136' is set on object 'Object Repository/RecAndPlayBk/Page-Vlink-AuthOnly/input_Username_username'

2024-05-27 19:21:59 - [TEST_STEP][PASSED] - setText(findTestObject("Object Repository/RecAndPlayBk/Page-Vlink-AuthOnly/input_Password_password"), password): Text 'pwd3136' is set on object 'Object Repository/RecAndPlayBk/Page-Vlink-AuthOnly/input_Password_password'

2024-05-27 19:22:00 - [MESSAGE][PASSED] - Text 'pwd3136' is set on object 'Object Repository/RecAndPlayBk/Page-Vlink-AuthOnly/input_Password_password'

2024-05-27 19:22:00 - [TEST_STEP][PASSED] - setText(findTestObject("Object Repository/RecAndPlayBk/Page-Vlink-AuthOnly/input_Category_category"), category): Text 'ECOM' is set on object 'Object Repository/RecAndPlayBk/Page-Vlink-AuthOnly/input_Category_category'

2024-05-27 19:22:00 - [MESSAGE][PASSED] - Text 'ECOM' is set on object 'Object Repository/RecAndPlayBk/Page-Vlink-AuthOnly/input_Category_category'

2024-05-27 19:22:00 - [TEST_STEP][PASSED] - setText(findTestObject("Object Repository/RecAndPlayBk/Page-Vlink-AuthOnly/input_Amount_amount"), amount): Text '10.5' is set on object 'Object Repository/RecAndPlayBk/Page-Vlink-AuthOnly/input_Amount_amount'

2024-05-27 19:22:01 - [MESSAGE][PASSED] - Text '10.5' is set on object 'Object Repository/RecAndPlayBk/Page-Vlink-AuthOnly/input_Amount_amount'

2024-05-27 19:22:01 - [TEST_STEP][PASSED] - doubleClick(findTestObject("Object Repository/RecAndPlayBk/Page-Vlink-AuthOnly/input_Card number_card_number")): Object: 'Object Repository/RecAndPlayBk/Page-Vlink-AuthOnly/input_Card number_card_number' is double clicked on

2024-05-27 19:22:01 - [MESSAGE][PASSED] - Object: 'Object Repository/RecAndPlayBk/Page-Vlink-AuthOnly/input_Card number_card_number' is double clicked on

2024-05-27 19:22:01 - [TEST_STEP][PASSED] - setText(findTestObject("Object Repository/RecAndPlayBk/Page-Vlink-AuthOnly/input_Card number_card_number"), cardNumber): Text '5146312200000035' is set on object 'Object Repository/RecAndPlayBk/Page-Vlink-AuthOnly/input_Card number_card_number'

2024-05-27 19:22:02 - [MESSAGE][PASSED] - Text '5146312200000035' is set on object 'Object Repository/RecAndPlayBk/Page-Vlink-AuthOnly/input_Card number_card_number'

2024-05-27 19:22:02 - [TEST_STEP][PASSED] - setText(findTestObject("Object Repository/RecAndPlayBk/Page-Vlink-AuthOnly/input_Card ex month_card_exmo"), exM): Text '12' is set on object 'Object Repository/RecAndPlayBk/Page-Vlink-AuthOnly/input_Card ex month_card_exmo'

2024-05-27 19:22:03 - [MESSAGE][PASSED] - Text '12' is set on object 'Object Repository/RecAndPlayBk/Page-Vlink-AuthOnly/input_Card ex month_card_exmo'

2024-05-27 19:22:03 - [TEST_STEP][PASSED] - setText(findTestObject("Object Repository/RecAndPlayBk/Page-Vlink-AuthOnly/input_Card ex year_card_exyr"), exY): Text '2029' is set on object 'Object Repository/RecAndPlayBk/Page-Vlink-AuthOnly/input_Card ex year_card_exyr'

2024-05-27 19:22:04 - [MESSAGE][PASSED] - Text '2029' is set on object 'Object Repository/RecAndPlayBk/Page-Vlink-AuthOnly/input_Card ex year_card_exyr'

2024-05-27 19:22:04 - [TEST_STEP][PASSED] - click(findTestObject("Object Repository/RecAndPlayBk/Page-Vlink-AuthOnly/input_Track Data_track_data")): Object: 'Object Repository/RecAndPlayBk/Page-Vlink-AuthOnly/input_Track Data_track_data' is clicked on

2024-05-27 19:22:04 - [MESSAGE][PASSED] - Object: 'Object Repository/RecAndPlayBk/Page-Vlink-AuthOnly/input_Track Data_track_data' is clicked on

2024-05-27 19:22:04 - [TEST_STEP][PASSED] - click(findTestObject("Object Repository/RecAndPlayBk/Page-Vlink-AuthOnly/input_CVV state_cvv_state")): Object: 'Object Repository/RecAndPlayBk/Page-Vlink-AuthOnly/input_CVV state_cvv_state' is clicked on

2024-05-27 19:22:04 - [MESSAGE][PASSED] - Object: 'Object Repository/RecAndPlayBk/Page-Vlink-AuthOnly/input_CVV state_cvv_state' is clicked on

2024-05-27 19:22:04 - [TEST_STEP][PASSED] - setText(findTestObject("Object Repository/RecAndPlayBk/Page-Vlink-AuthOnly/input_Track Data_track_data"), ""): Text '' is set on object 'Object Repository/RecAndPlayBk/Page-Vlink-AuthOnly/input_Track Data_track_data'

2024-05-27 19:22:05 - [MESSAGE][PASSED] - Text '' is set on object 'Object Repository/RecAndPlayBk/Page-Vlink-AuthOnly/input_Track Data_track_data'

2024-05-27 19:22:05 - [TEST_STEP][PASSED] - setText(findTestObject("Object Repository/RecAndPlayBk/Page-Vlink-AuthOnly/input_concat(Cardholder, , s email)_email"), ""): Text '' is set on object 'Object Repository/RecAndPlayBk/Page-Vlink-AuthOnly/input_concat(Cardholder, , s email)_email'

2024-05-27 19:22:06 - [MESSAGE][PASSED] - Text '' is set on object 'Object Repository/RecAndPlayBk/Page-Vlink-AuthOnly/input_concat(Cardholder, , s email)_email'

2024-05-27 19:22:06 - [TEST_STEP][PASSED] - click(findTestObject("Object Repository/RecAndPlayBk/Page-Vlink-AuthOnly/input_user_defined10_user_defined10")): Object: 'Object Repository/RecAndPlayBk/Page-Vlink-AuthOnly/input_user_defined10_user_defined10' is clicked on

2024-05-27 19:22:06 - [MESSAGE][PASSED] - Object: 'Object Repository/RecAndPlayBk/Page-Vlink-AuthOnly/input_user_defined10_user_defined10' is clicked on

2024-05-27 19:22:06 - [TEST_STEP][PASSED] - if (executionProfile.equalsIgnoreCase("QAProfile")): null

2024-05-27 19:22:06 - [TEST_STEP][PASSED] - click(findTestObject("Object Repository/RecAndPlayBk/Page-Vlink-AuthOnly/input")): Object: 'Object Repository/RecAndPlayBk/Page-Vlink-AuthOnly/input' is clicked on

2024-05-27 19:22:07 - [MESSAGE][PASSED] - Object: 'Object Repository/RecAndPlayBk/Page-Vlink-AuthOnly/input' is clicked on

2024-05-27 19:22:07 - [TEST_STEP][PASSED] - if (verifyTextPresent("Transaction approved, no errors", true)): null

2024-05-27 19:22:08 - [MESSAGE][PASSED] - Text 'Transaction approved, no errors' is present on page  using regular expression

2024-05-27 19:22:08 - [TEST_STEP][PASSED] - out.println("Auth was successful, Capture now"): null

2024-05-27 19:22:08 - [TEST_STEP][PASSED] - sdfo = getText(findTestObject("Object Repository/Page_VLinkReceipt/pre_STX")): Text of object 'Object Repository/Page_VLinkReceipt/pre_STX' is: '<STX>MB7SqXFPD6KX                  2967829             0  Transaction approved, no errors                   0                                                                                    456459   <ETX>'

2024-05-27 19:22:08 - [MESSAGE][PASSED] - Text of object 'Object Repository/Page_VLinkReceipt/pre_STX' is: '<STX>MB7SqXFPD6KX                  2967829             0  Transaction approved, no errors                   0                                                                                    456459   <ETX>'

2024-05-27 19:22:08 - [TEST_STEP][PASSED] - out.println("sdfo: " + sdfo): null

2024-05-27 19:22:08 - [TEST_STEP][PASSED] - remID = substring(5, 35).trim(): null

2024-05-27 19:22:08 - [TEST_STEP][PASSED] - out.println("remID: " + remID): null

2024-05-27 19:22:08 - [TEST_STEP][PASSED] - traxID = substring(35, 55).trim(): null

2024-05-27 19:22:08 - [TEST_STEP][PASSED] - out.println("traxID: " + traxID): null

2024-05-27 19:22:08 - [TEST_STEP][PASSED] - VLinkSaleRemID = remID: null

2024-05-27 19:22:08 - [TEST_STEP][PASSED] - VLinkSaleTranxID = traxID: null

2024-05-27 19:22:08 - [TEST_STEP][PASSED] - openBrowser(VLinkURL + "capture.html"): Browser is opened with url: 'https://dev-algorithm.govolution.com/vlinktest/demo/version_2_0/capture.html'

2024-05-27 19:22:08 - [MESSAGE][WARNING] - A browser is already opened. Closing browser and opening a new one

2024-05-27 19:22:09 - [MESSAGE][INFO] - Starting 'Chrome' driver

2024-05-27 19:22:09 - [MESSAGE][INFO] - User set preference: ['acceptInsecureCerts', 'true']

2024-05-27 19:22:09 - [MESSAGE][INFO] - Action delay is set to 0 milliseconds

2024-05-27 19:22:11 - [MESSAGE][PASSED] - Browser is opened with url: 'https://dev-algorithm.govolution.com/vlinktest/demo/version_2_0/capture.html'

2024-05-27 19:22:11 - [TEST_STEP][PASSED] - maximizeWindow(): Current window maximized

2024-05-27 19:22:12 - [MESSAGE][PASSED] - Current window maximized

2024-05-27 19:22:12 - [TEST_STEP][PASSED] - setText(findTestObject("Object Repository/RecAndPlayBk/Page-VLink-Capture/input_Remittance Id_remittance_id"), VLinkSaleRemID): Text 'MB7SqXFPD6KX' is set on object 'Object Repository/RecAndPlayBk/Page-VLink-Capture/input_Remittance Id_remittance_id'

2024-05-27 19:22:12 - [MESSAGE][PASSED] - Text 'MB7SqXFPD6KX' is set on object 'Object Repository/RecAndPlayBk/Page-VLink-Capture/input_Remittance Id_remittance_id'

2024-05-27 19:22:12 - [TEST_STEP][PASSED] - setText(findTestObject("Object Repository/RecAndPlayBk/Page-VLink-Capture/input_Application Id_application_id"), appID): Text '3136' is set on object 'Object Repository/RecAndPlayBk/Page-VLink-Capture/input_Application Id_application_id'

2024-05-27 19:22:13 - [MESSAGE][PASSED] - Text '3136' is set on object 'Object Repository/RecAndPlayBk/Page-VLink-Capture/input_Application Id_application_id'

2024-05-27 19:22:13 - [TEST_STEP][PASSED] - setText(findTestObject("Object Repository/RecAndPlayBk/Page-VLink-Capture/input_Username_username"), username): Text 'user3136' is set on object 'Object Repository/RecAndPlayBk/Page-VLink-Capture/input_Username_username'

2024-05-27 19:22:14 - [MESSAGE][PASSED] - Text 'user3136' is set on object 'Object Repository/RecAndPlayBk/Page-VLink-Capture/input_Username_username'

2024-05-27 19:22:14 - [TEST_STEP][PASSED] - setText(findTestObject("Object Repository/RecAndPlayBk/Page-VLink-Capture/input_Password_password"), password): Text 'pwd3136' is set on object 'Object Repository/RecAndPlayBk/Page-VLink-Capture/input_Password_password'

2024-05-27 19:22:15 - [MESSAGE][PASSED] - Text 'pwd3136' is set on object 'Object Repository/RecAndPlayBk/Page-VLink-Capture/input_Password_password'

2024-05-27 19:22:15 - [TEST_STEP][PASSED] - setText(findTestObject("Object Repository/RecAndPlayBk/Page-VLink-Capture/input_Transaction ID_transaction_id"), VLinkSaleTranxID): Text '2967829' is set on object 'Object Repository/RecAndPlayBk/Page-VLink-Capture/input_Transaction ID_transaction_id'

2024-05-27 19:22:15 - [MESSAGE][PASSED] - Text '2967829' is set on object 'Object Repository/RecAndPlayBk/Page-VLink-Capture/input_Transaction ID_transaction_id'

2024-05-27 19:22:15 - [TEST_STEP][PASSED] - setText(findTestObject("Object Repository/RecAndPlayBk/Page-VLink-Capture/input_Amount_amount"), amount): Text '10.5' is set on object 'Object Repository/RecAndPlayBk/Page-VLink-Capture/input_Amount_amount'

2024-05-27 19:22:16 - [MESSAGE][PASSED] - Text '10.5' is set on object 'Object Repository/RecAndPlayBk/Page-VLink-Capture/input_Amount_amount'

2024-05-27 19:22:16 - [TEST_STEP][PASSED] - click(findTestObject("Object Repository/RecAndPlayBk/Page-VLink-Capture/input")): Object: 'Object Repository/RecAndPlayBk/Page-VLink-Capture/input' is clicked on

2024-05-27 19:22:17 - [MESSAGE][PASSED] - Object: 'Object Repository/RecAndPlayBk/Page-VLink-Capture/input' is clicked on

2024-05-27 19:22:17 - [TEST_STEP][PASSED] - if (verifyTextPresent("Transaction approved, no errors", true)): null

2024-05-27 19:22:18 - [MESSAGE][PASSED] - Text 'Transaction approved, no errors' is present on page  using regular expression

2024-05-27 19:22:18 - [TEST_STEP][PASSED] - sdfo = getText(findTestObject("Object Repository/Page_VLinkReceipt/pre_STX")): Text of object 'Object Repository/Page_VLinkReceipt/pre_STX' is: '<STX>MB7SqXFPD6KX                  2967830             0  Transaction approved, no errors                   0                                                                                    204614   <ETX>'

2024-05-27 19:22:18 - [MESSAGE][PASSED] - Text of object 'Object Repository/Page_VLinkReceipt/pre_STX' is: '<STX>MB7SqXFPD6KX                  2967830             0  Transaction approved, no errors                   0                                                                                    204614   <ETX>'

2024-05-27 19:22:18 - [TEST_STEP][PASSED] - out.println("sdfo: " + sdfo): null

2024-05-27 19:22:18 - [TEST_STEP][PASSED] - remID = substring(5, 35).trim(): null

2024-05-27 19:22:18 - [TEST_STEP][PASSED] - out.println("remID: " + remID): null

2024-05-27 19:22:18 - [TEST_STEP][PASSED] - traxID = substring(35, 55).trim(): null

2024-05-27 19:22:18 - [TEST_STEP][PASSED] - out.println("traxID: " + traxID): null

2024-05-27 19:22:18 - [TEST_STEP][PASSED] - VLinkSaleRemID = remID: null

2024-05-27 19:22:18 - [TEST_STEP][PASSED] - VLinkSaleTranxID = traxID: null

2024-05-27 19:22:18 - [TEST_STEP][PASSED] - openBrowser(VLinkURL + "CC_credit.html"): Browser is opened with url: 'https://dev-algorithm.govolution.com/vlinktest/demo/version_2_0/CC_credit.html'

2024-05-27 19:22:18 - [MESSAGE][WARNING] - A browser is already opened. Closing browser and opening a new one

2024-05-27 19:22:19 - [MESSAGE][INFO] - Starting 'Chrome' driver

2024-05-27 19:22:19 - [MESSAGE][INFO] - User set preference: ['acceptInsecureCerts', 'true']

2024-05-27 19:22:19 - [MESSAGE][INFO] - Action delay is set to 0 milliseconds

2024-05-27 19:22:21 - [MESSAGE][PASSED] - Browser is opened with url: 'https://dev-algorithm.govolution.com/vlinktest/demo/version_2_0/CC_credit.html'

2024-05-27 19:22:21 - [TEST_STEP][PASSED] - maximizeWindow(): Current window maximized

2024-05-27 19:22:21 - [MESSAGE][PASSED] - Current window maximized

2024-05-27 19:22:21 - [TEST_STEP][PASSED] - setText(findTestObject("Object Repository/RecAndPlayBk/Page-Vlink-CC-Credit/input_Remittance Id"), VLinkSaleRemID): Text 'MB7SqXFPD6KX' is set on object 'Object Repository/RecAndPlayBk/Page-Vlink-CC-Credit/input_Remittance Id'

2024-05-27 19:22:22 - [MESSAGE][PASSED] - Text 'MB7SqXFPD6KX' is set on object 'Object Repository/RecAndPlayBk/Page-Vlink-CC-Credit/input_Remittance Id'

2024-05-27 19:22:22 - [TEST_STEP][PASSED] - setText(findTestObject("Object Repository/RecAndPlayBk/Page-Vlink-CC-Credit/input_Application Id"), appID): Text '3136' is set on object 'Object Repository/RecAndPlayBk/Page-Vlink-CC-Credit/input_Application Id'

2024-05-27 19:22:23 - [MESSAGE][PASSED] - Text '3136' is set on object 'Object Repository/RecAndPlayBk/Page-Vlink-CC-Credit/input_Application Id'

2024-05-27 19:22:23 - [TEST_STEP][PASSED] - setText(findTestObject("Object Repository/RecAndPlayBk/Page-Vlink-CC-Credit/input_Username"), username): Text 'user3136' is set on object 'Object Repository/RecAndPlayBk/Page-Vlink-CC-Credit/input_Username'

2024-05-27 19:22:24 - [MESSAGE][PASSED] - Text 'user3136' is set on object 'Object Repository/RecAndPlayBk/Page-Vlink-CC-Credit/input_Username'

2024-05-27 19:22:24 - [TEST_STEP][PASSED] - setText(findTestObject("Object Repository/RecAndPlayBk/Page-Vlink-CC-Credit/input_Password"), password): Text 'pwd3136' is set on object 'Object Repository/RecAndPlayBk/Page-Vlink-CC-Credit/input_Password'

2024-05-27 19:22:24 - [MESSAGE][PASSED] - Text 'pwd3136' is set on object 'Object Repository/RecAndPlayBk/Page-Vlink-CC-Credit/input_Password'

2024-05-27 19:22:24 - [TEST_STEP][PASSED] - setText(findTestObject("Object Repository/RecAndPlayBk/Page-Vlink-CC-Credit/input_Transaction ID"), VLinkSaleTranxID): Text '2967830' is set on object 'Object Repository/RecAndPlayBk/Page-Vlink-CC-Credit/input_Transaction ID'

2024-05-27 19:22:25 - [MESSAGE][PASSED] - Text '2967830' is set on object 'Object Repository/RecAndPlayBk/Page-Vlink-CC-Credit/input_Transaction ID'

2024-05-27 19:22:25 - [TEST_STEP][PASSED] - setText(findTestObject("Object Repository/RecAndPlayBk/Page-Vlink-CC-Credit/input_Amount"), amount): Text '10.5' is set on object 'Object Repository/RecAndPlayBk/Page-Vlink-CC-Credit/input_Amount'

2024-05-27 19:22:26 - [MESSAGE][PASSED] - Text '10.5' is set on object 'Object Repository/RecAndPlayBk/Page-Vlink-CC-Credit/input_Amount'

2024-05-27 19:22:26 - [TEST_STEP][PASSED] - setText(findTestObject("Object Repository/RecAndPlayBk/Page-Vlink-CC-Credit/input_Card number"), ""): Text '' is set on object 'Object Repository/RecAndPlayBk/Page-Vlink-CC-Credit/input_Card number'

2024-05-27 19:22:26 - [MESSAGE][PASSED] - Text '' is set on object 'Object Repository/RecAndPlayBk/Page-Vlink-CC-Credit/input_Card number'

2024-05-27 19:22:26 - [TEST_STEP][PASSED] - setText(findTestObject("Object Repository/RecAndPlayBk/Page-Vlink-CC-Credit/input_Card ex month"), ""): Text '' is set on object 'Object Repository/RecAndPlayBk/Page-Vlink-CC-Credit/input_Card ex month'

2024-05-27 19:22:27 - [MESSAGE][PASSED] - Text '' is set on object 'Object Repository/RecAndPlayBk/Page-Vlink-CC-Credit/input_Card ex month'

2024-05-27 19:22:27 - [TEST_STEP][PASSED] - setText(findTestObject("Object Repository/RecAndPlayBk/Page-Vlink-CC-Credit/input_Card ex year"), ""): Text '' is set on object 'Object Repository/RecAndPlayBk/Page-Vlink-CC-Credit/input_Card ex year'

2024-05-27 19:22:28 - [MESSAGE][PASSED] - Text '' is set on object 'Object Repository/RecAndPlayBk/Page-Vlink-CC-Credit/input_Card ex year'

2024-05-27 19:22:28 - [TEST_STEP][PASSED] - setText(findTestObject("Object Repository/RecAndPlayBk/Page-Vlink-CC-Credit/input_Track Data"), ""): Text '' is set on object 'Object Repository/RecAndPlayBk/Page-Vlink-CC-Credit/input_Track Data'

2024-05-27 19:22:28 - [MESSAGE][PASSED] - Text '' is set on object 'Object Repository/RecAndPlayBk/Page-Vlink-CC-Credit/input_Track Data'

2024-05-27 19:22:28 - [TEST_STEP][PASSED] - setText(findTestObject("Object Repository/RecAndPlayBk/Page-Vlink-CC-Credit/input_Category Code"), category): Text 'ECOM' is set on object 'Object Repository/RecAndPlayBk/Page-Vlink-CC-Credit/input_Category Code'

2024-05-27 19:22:29 - [MESSAGE][PASSED] - Text 'ECOM' is set on object 'Object Repository/RecAndPlayBk/Page-Vlink-CC-Credit/input_Category Code'

2024-05-27 19:22:29 - [TEST_STEP][PASSED] - click(findTestObject("Object Repository/RecAndPlayBk/Page-Vlink-CC-Credit/input")): Object: 'Object Repository/RecAndPlayBk/Page-Vlink-CC-Credit/input' is clicked on

2024-05-27 19:22:30 - [MESSAGE][PASSED] - Object: 'Object Repository/RecAndPlayBk/Page-Vlink-CC-Credit/input' is clicked on

2024-05-27 19:22:30 - [TEST_STEP][PASSED] - if (verifyTextPresent("Transaction approved, no errors", true)): null

2024-05-27 19:22:31 - [MESSAGE][PASSED] - Text 'Transaction approved, no errors' is present on page  using regular expression

2024-05-27 19:22:31 - [TEST_STEP][PASSED] - println("Transaction Approved, no errors text is present on the Confirmation page"): null

2024-05-27 19:22:31 - [TEST_STEP][PASSED] - out.println("Pass Record Number: " + row): null

2024-05-27 19:22:31 - [TEST_STEP][PASSED] - resText = "Pass": null

2024-05-27 19:22:31 - [TEST_STEP][PASSED] - pages.WriteExcel.demoKey(resText, datText, resColumn, datCloumn, fileLoc, nameSheet, row): pages.WriteExcel.demoKey is PASSED

2024-05-27 19:22:31 - [MESSAGE][PASSED] - pages.WriteExcel.demoKey is PASSED]]></system-out>
         <system-err><![CDATA[]]></system-err>
      </testcase>
      <testcase name="Test Cases/RecAndPlayBk/VLink/Sale-Encrypted" time="44.892" classname="Test Cases/RecAndPlayBk/VLink/Sale-Encrypted" status="PASSED">
         <system-out><![CDATA[2024-05-27 19:22:31 - [TEST_CASE][PASSED] - Test Cases/RecAndPlayBk/VLink/Sale-Encrypted: Test Cases/RecAndPlayBk/VLink/Sale-Encrypted

2024-05-27 19:22:32 - [TEST_STEP][PASSED] - executionProfile = getExecutionProfile(): null

2024-05-27 19:22:32 - [TEST_STEP][PASSED] - out.println("executionProfile : " + executionProfile): null

2024-05-27 19:22:32 - [TEST_STEP][PASSED] - appName = <not implemented yet for class: org.codehaus.groovy.ast.expr.EmptyExpression>: null

2024-05-27 19:22:32 - [TEST_STEP][PASSED] - appID = <not implemented yet for class: org.codehaus.groovy.ast.expr.EmptyExpression>: null

2024-05-27 19:22:32 - [TEST_STEP][PASSED] - username = <not implemented yet for class: org.codehaus.groovy.ast.expr.EmptyExpression>: null

2024-05-27 19:22:32 - [TEST_STEP][PASSED] - password = <not implemented yet for class: org.codehaus.groovy.ast.expr.EmptyExpression>: null

2024-05-27 19:22:32 - [TEST_STEP][PASSED] - cardNameV = <not implemented yet for class: org.codehaus.groovy.ast.expr.EmptyExpression>: null

2024-05-27 19:22:32 - [TEST_STEP][PASSED] - al1V = <not implemented yet for class: org.codehaus.groovy.ast.expr.EmptyExpression>: null

2024-05-27 19:22:32 - [TEST_STEP][PASSED] - al2V = <not implemented yet for class: org.codehaus.groovy.ast.expr.EmptyExpression>: null

2024-05-27 19:22:32 - [TEST_STEP][PASSED] - zipV = <not implemented yet for class: org.codehaus.groovy.ast.expr.EmptyExpression>: null

2024-05-27 19:22:32 - [TEST_STEP][PASSED] - cardTypeV = <not implemented yet for class: org.codehaus.groovy.ast.expr.EmptyExpression>: null

2024-05-27 19:22:32 - [TEST_STEP][PASSED] - last4V = <not implemented yet for class: org.codehaus.groovy.ast.expr.EmptyExpression>: null

2024-05-27 19:22:32 - [TEST_STEP][PASSED] - trackData = <not implemented yet for class: org.codehaus.groovy.ast.expr.EmptyExpression>: null

2024-05-27 19:22:32 - [TEST_STEP][PASSED] - slot = <not implemented yet for class: org.codehaus.groovy.ast.expr.EmptyExpression>: null

2024-05-27 19:22:32 - [TEST_STEP][PASSED] - ksn = <not implemented yet for class: org.codehaus.groovy.ast.expr.EmptyExpression>: null

2024-05-27 19:22:32 - [TEST_STEP][PASSED] - resText = "Fail": null

2024-05-27 19:22:32 - [TEST_STEP][PASSED] - resColumn = "Result": null

2024-05-27 19:22:32 - [TEST_STEP][PASSED] - datCloumn = "Date": null

2024-05-27 19:22:32 - [TEST_STEP][PASSED] - fileLoc = "KatalonData/VLinkSmokeData.xlsx": null

2024-05-27 19:22:32 - [TEST_STEP][PASSED] - numOfRows = <not implemented yet for class: org.codehaus.groovy.ast.expr.EmptyExpression>: null

2024-05-27 19:22:32 - [TEST_STEP][PASSED] - dataFile = <not implemented yet for class: org.codehaus.groovy.ast.expr.EmptyExpression>: null

2024-05-27 19:22:32 - [TEST_STEP][PASSED] - nameSheet = <not implemented yet for class: org.codehaus.groovy.ast.expr.EmptyExpression>: null

2024-05-27 19:22:32 - [TEST_STEP][PASSED] - nameSheet = "Sale-Encrypted": null

2024-05-27 19:22:32 - [TEST_STEP][PASSED] - numOfRows = findTestData("QA/VLinkTestData/VLinkSaleEncryptedData").getRowNumbers(): null

2024-05-27 19:22:32 - [TEST_STEP][PASSED] - println("Number of Records: " + numOfRows): null

2024-05-27 19:22:32 - [TEST_STEP][PASSED] - dataFile = "QA/VLinkTestData/VLinkSaleEncryptedData": null

2024-05-27 19:22:32 - [TEST_STEP][PASSED] - for ([row = 1, row <= numOfRows, (row++)]): null

2024-05-27 19:22:32 - [TEST_STEP][PASSED] - ExecuteTC = findTestData(dataFile).getValue("Execute", row): null

2024-05-27 19:22:32 - [TEST_STEP][PASSED] - out.println("Value of Execute is : " + ExecuteTC): null

2024-05-27 19:22:32 - [TEST_STEP][PASSED] - switch (executionProfile): null

2024-05-27 19:22:32 - [TEST_STEP][PASSED] - case "DemoProfile":: null

2024-05-27 19:22:32 - [TEST_STEP][PASSED] - appID = findTestData(dataFile).getValue("AppIDDemo", row): null

2024-05-27 19:22:32 - [TEST_STEP][PASSED] - username = findTestData(dataFile).getValue("UsernameDemo", row): null

2024-05-27 19:22:33 - [TEST_STEP][PASSED] - password = findTestData(dataFile).getValue("PasswordDemo", row): null

2024-05-27 19:22:33 - [TEST_STEP][PASSED] - break: null

2024-05-27 19:22:33 - [TEST_STEP][PASSED] - if (ExecuteTC.equalsIgnoreCase("Y")): null

2024-05-27 19:22:33 - [TEST_STEP][PASSED] - out.println("Begin Record Number: " + row): null

2024-05-27 19:22:33 - [TEST_STEP][PASSED] - today = new java.util.Date(): null

2024-05-27 19:22:33 - [TEST_STEP][PASSED] - println(today): null

2024-05-27 19:22:33 - [TEST_STEP][PASSED] - datText = today: null

2024-05-27 19:22:33 - [TEST_STEP][PASSED] - category = findTestData(dataFile).getValue("Category", row): null

2024-05-27 19:22:33 - [TEST_STEP][PASSED] - amount = findTestData(dataFile).getValue("Amount", row): null

2024-05-27 19:22:33 - [TEST_STEP][PASSED] - trackData = findTestData(dataFile).getValue("TrackData", row): null

2024-05-27 19:22:33 - [TEST_STEP][PASSED] - slot = findTestData(dataFile).getValue("SlotNumber", row): null

2024-05-27 19:22:33 - [TEST_STEP][PASSED] - ksn = findTestData(dataFile).getValue("KSN", row): null

2024-05-27 19:22:33 - [TEST_STEP][PASSED] - openBrowser(VLinkURL + "vlinkEncryptedSwipe.html"): Browser is opened with url: 'https://dev-algorithm.govolution.com/vlinktest/demo/version_2_0/vlinkEncryptedSwipe.html'

2024-05-27 19:22:33 - [MESSAGE][WARNING] - A browser is already opened. Closing browser and opening a new one

2024-05-27 19:22:34 - [MESSAGE][INFO] - Starting 'Chrome' driver

2024-05-27 19:22:34 - [MESSAGE][INFO] - User set preference: ['acceptInsecureCerts', 'true']

2024-05-27 19:22:34 - [MESSAGE][INFO] - Action delay is set to 0 milliseconds

2024-05-27 19:22:36 - [MESSAGE][PASSED] - Browser is opened with url: 'https://dev-algorithm.govolution.com/vlinktest/demo/version_2_0/vlinkEncryptedSwipe.html'

2024-05-27 19:22:36 - [TEST_STEP][PASSED] - maximizeWindow(): Current window maximized

2024-05-27 19:22:37 - [MESSAGE][PASSED] - Current window maximized

2024-05-27 19:22:37 - [TEST_STEP][PASSED] - setText(findTestObject("Object Repository/RecAndPlayBk/Page-Vlink-Encrypted/txt_TransactionType"), "104"): Text '104' is set on object 'Object Repository/RecAndPlayBk/Page-Vlink-Encrypted/txt_TransactionType'

2024-05-27 19:22:38 - [MESSAGE][PASSED] - Text '104' is set on object 'Object Repository/RecAndPlayBk/Page-Vlink-Encrypted/txt_TransactionType'

2024-05-27 19:22:38 - [TEST_STEP][PASSED] - click(findTestObject("Object Repository/RecAndPlayBk/Page-Vlink-Encrypted/btn_GenerateRemID")): Object: 'Object Repository/RecAndPlayBk/Page-Vlink-Encrypted/btn_GenerateRemID' is clicked on

2024-05-27 19:22:38 - [MESSAGE][PASSED] - Object: 'Object Repository/RecAndPlayBk/Page-Vlink-Encrypted/btn_GenerateRemID' is clicked on

2024-05-27 19:22:38 - [TEST_STEP][PASSED] - setText(findTestObject("Object Repository/RecAndPlayBk/Page-Vlink-Encrypted/txt_AppID"), appID): Text '1773' is set on object 'Object Repository/RecAndPlayBk/Page-Vlink-Encrypted/txt_AppID'

2024-05-27 19:22:39 - [MESSAGE][PASSED] - Text '1773' is set on object 'Object Repository/RecAndPlayBk/Page-Vlink-Encrypted/txt_AppID'

2024-05-27 19:22:39 - [TEST_STEP][PASSED] - setText(findTestObject("Object Repository/RecAndPlayBk/Page-Vlink-Encrypted/txt_Username"), username): Text 'Qq2BV1qtr' is set on object 'Object Repository/RecAndPlayBk/Page-Vlink-Encrypted/txt_Username'

2024-05-27 19:22:39 - [MESSAGE][PASSED] - Text 'Qq2BV1qtr' is set on object 'Object Repository/RecAndPlayBk/Page-Vlink-Encrypted/txt_Username'

2024-05-27 19:22:39 - [TEST_STEP][PASSED] - setText(findTestObject("Object Repository/RecAndPlayBk/Page-Vlink-Encrypted/txt_Password"), password): Text 'tUmWBiLUx' is set on object 'Object Repository/RecAndPlayBk/Page-Vlink-Encrypted/txt_Password'

2024-05-27 19:22:40 - [MESSAGE][PASSED] - Text 'tUmWBiLUx' is set on object 'Object Repository/RecAndPlayBk/Page-Vlink-Encrypted/txt_Password'

2024-05-27 19:22:40 - [TEST_STEP][PASSED] - setText(findTestObject("Object Repository/RecAndPlayBk/Page-Vlink-Encrypted/txt_Category"), category): Text 'RETL' is set on object 'Object Repository/RecAndPlayBk/Page-Vlink-Encrypted/txt_Category'

2024-05-27 19:22:41 - [MESSAGE][PASSED] - Text 'RETL' is set on object 'Object Repository/RecAndPlayBk/Page-Vlink-Encrypted/txt_Category'

2024-05-27 19:22:41 - [TEST_STEP][PASSED] - setText(findTestObject("Object Repository/RecAndPlayBk/Page-Vlink-Encrypted/txt_Amount"), amount): Text '10.5' is set on object 'Object Repository/RecAndPlayBk/Page-Vlink-Encrypted/txt_Amount'

2024-05-27 19:22:41 - [MESSAGE][PASSED] - Text '10.5' is set on object 'Object Repository/RecAndPlayBk/Page-Vlink-Encrypted/txt_Amount'

2024-05-27 19:22:41 - [TEST_STEP][PASSED] - setText(findTestObject("Object Repository/RecAndPlayBk/Page-Vlink-Encrypted/txt_Email"), ""): Text '' is set on object 'Object Repository/RecAndPlayBk/Page-Vlink-Encrypted/txt_Email'

2024-05-27 19:22:42 - [MESSAGE][PASSED] - Text '' is set on object 'Object Repository/RecAndPlayBk/Page-Vlink-Encrypted/txt_Email'

2024-05-27 19:22:42 - [TEST_STEP][PASSED] - setText(findTestObject("Object Repository/RecAndPlayBk/Page-Vlink-Encrypted/txt_EncTrack1Data"), trackData): Text '8BF482856A5A01C17C69392DCE283CDC0D64733AEBE806151EA697F4091A17B82A0D851B67CF345D' is set on object 'Object Repository/RecAndPlayBk/Page-Vlink-Encrypted/txt_EncTrack1Data'

2024-05-27 19:22:43 - [MESSAGE][PASSED] - Text '8BF482856A5A01C17C69392DCE283CDC0D64733AEBE806151EA697F4091A17B82A0D851B67CF345D' is set on object 'Object Repository/RecAndPlayBk/Page-Vlink-Encrypted/txt_EncTrack1Data'

2024-05-27 19:22:43 - [TEST_STEP][PASSED] - setText(findTestObject("Object Repository/RecAndPlayBk/Page-Vlink-Encrypted/txt_SlotNumber"), slot): Text '1' is set on object 'Object Repository/RecAndPlayBk/Page-Vlink-Encrypted/txt_SlotNumber'

2024-05-27 19:22:44 - [MESSAGE][PASSED] - Text '1' is set on object 'Object Repository/RecAndPlayBk/Page-Vlink-Encrypted/txt_SlotNumber'

2024-05-27 19:22:44 - [TEST_STEP][PASSED] - setText(findTestObject("Object Repository/RecAndPlayBk/Page-Vlink-Encrypted/txt_KSN"), ksn): Text 'FFFF7381390003600107' is set on object 'Object Repository/RecAndPlayBk/Page-Vlink-Encrypted/txt_KSN'

2024-05-27 19:22:45 - [MESSAGE][PASSED] - Text 'FFFF7381390003600107' is set on object 'Object Repository/RecAndPlayBk/Page-Vlink-Encrypted/txt_KSN'

2024-05-27 19:22:45 - [TEST_STEP][PASSED] - click(findTestObject("Object Repository/RecAndPlayBk/Page-Vlink-Encrypted/btn_ProcessVLinkTran")): Object: 'Object Repository/RecAndPlayBk/Page-Vlink-Encrypted/btn_ProcessVLinkTran' is clicked on

2024-05-27 19:22:46 - [MESSAGE][PASSED] - Object: 'Object Repository/RecAndPlayBk/Page-Vlink-Encrypted/btn_ProcessVLinkTran' is clicked on

2024-05-27 19:22:46 - [TEST_STEP][PASSED] - if (verifyTextPresent("Transaction approved, no errors", true)): null

2024-05-27 19:22:46 - [MESSAGE][PASSED] - Text 'Transaction approved, no errors' is present on page  using regular expression

2024-05-27 19:22:46 - [TEST_STEP][PASSED] - println("Transaction Approved, no errors text is present on the Confirmation page"): null

2024-05-27 19:22:46 - [TEST_STEP][PASSED] - out.println("Pass Record Number: " + row): null

2024-05-27 19:22:46 - [TEST_STEP][PASSED] - resText = "Pass": null

2024-05-27 19:22:46 - [TEST_STEP][PASSED] - pages.WriteExcel.demoKey(resText, datText, resColumn, datCloumn, fileLoc, nameSheet, row): pages.WriteExcel.demoKey is PASSED

2024-05-27 19:22:47 - [MESSAGE][PASSED] - pages.WriteExcel.demoKey is PASSED

2024-05-27 19:22:47 - [TEST_STEP][PASSED] - ExecuteTC = findTestData(dataFile).getValue("Execute", row): null

2024-05-27 19:22:47 - [TEST_STEP][PASSED] - out.println("Value of Execute is : " + ExecuteTC): null

2024-05-27 19:22:47 - [TEST_STEP][PASSED] - switch (executionProfile): null

2024-05-27 19:22:47 - [TEST_STEP][PASSED] - case "DemoProfile":: null

2024-05-27 19:22:47 - [TEST_STEP][PASSED] - appID = findTestData(dataFile).getValue("AppIDDemo", row): null

2024-05-27 19:22:47 - [TEST_STEP][PASSED] - username = findTestData(dataFile).getValue("UsernameDemo", row): null

2024-05-27 19:22:47 - [TEST_STEP][PASSED] - password = findTestData(dataFile).getValue("PasswordDemo", row): null

2024-05-27 19:22:47 - [TEST_STEP][PASSED] - break: null

2024-05-27 19:22:47 - [TEST_STEP][PASSED] - if (ExecuteTC.equalsIgnoreCase("Y")): null

2024-05-27 19:22:47 - [TEST_STEP][PASSED] - out.println("Begin Record Number: " + row): null

2024-05-27 19:22:47 - [TEST_STEP][PASSED] - today = new java.util.Date(): null

2024-05-27 19:22:47 - [TEST_STEP][PASSED] - println(today): null

2024-05-27 19:22:47 - [TEST_STEP][PASSED] - datText = today: null

2024-05-27 19:22:47 - [TEST_STEP][PASSED] - category = findTestData(dataFile).getValue("Category", row): null

2024-05-27 19:22:47 - [TEST_STEP][PASSED] - amount = findTestData(dataFile).getValue("Amount", row): null

2024-05-27 19:22:47 - [TEST_STEP][PASSED] - trackData = findTestData(dataFile).getValue("TrackData", row): null

2024-05-27 19:22:48 - [TEST_STEP][PASSED] - slot = findTestData(dataFile).getValue("SlotNumber", row): null

2024-05-27 19:22:48 - [TEST_STEP][PASSED] - ksn = findTestData(dataFile).getValue("KSN", row): null

2024-05-27 19:22:48 - [TEST_STEP][PASSED] - openBrowser(VLinkURL + "vlinkEncryptedSwipe.html"): Browser is opened with url: 'https://dev-algorithm.govolution.com/vlinktest/demo/version_2_0/vlinkEncryptedSwipe.html'

2024-05-27 19:22:48 - [MESSAGE][WARNING] - A browser is already opened. Closing browser and opening a new one

2024-05-27 19:22:49 - [MESSAGE][INFO] - Starting 'Chrome' driver

2024-05-27 19:22:49 - [MESSAGE][INFO] - User set preference: ['acceptInsecureCerts', 'true']

2024-05-27 19:22:49 - [MESSAGE][INFO] - Action delay is set to 0 milliseconds

2024-05-27 19:22:51 - [MESSAGE][PASSED] - Browser is opened with url: 'https://dev-algorithm.govolution.com/vlinktest/demo/version_2_0/vlinkEncryptedSwipe.html'

2024-05-27 19:22:51 - [TEST_STEP][PASSED] - maximizeWindow(): Current window maximized

2024-05-27 19:22:52 - [MESSAGE][PASSED] - Current window maximized

2024-05-27 19:22:52 - [TEST_STEP][PASSED] - setText(findTestObject("Object Repository/RecAndPlayBk/Page-Vlink-Encrypted/txt_TransactionType"), "104"): Text '104' is set on object 'Object Repository/RecAndPlayBk/Page-Vlink-Encrypted/txt_TransactionType'

2024-05-27 19:22:52 - [MESSAGE][PASSED] - Text '104' is set on object 'Object Repository/RecAndPlayBk/Page-Vlink-Encrypted/txt_TransactionType'

2024-05-27 19:22:52 - [TEST_STEP][PASSED] - click(findTestObject("Object Repository/RecAndPlayBk/Page-Vlink-Encrypted/btn_GenerateRemID")): Object: 'Object Repository/RecAndPlayBk/Page-Vlink-Encrypted/btn_GenerateRemID' is clicked on

2024-05-27 19:22:53 - [MESSAGE][PASSED] - Object: 'Object Repository/RecAndPlayBk/Page-Vlink-Encrypted/btn_GenerateRemID' is clicked on

2024-05-27 19:22:53 - [TEST_STEP][PASSED] - setText(findTestObject("Object Repository/RecAndPlayBk/Page-Vlink-Encrypted/txt_AppID"), appID): Text '2435' is set on object 'Object Repository/RecAndPlayBk/Page-Vlink-Encrypted/txt_AppID'

2024-05-27 19:22:53 - [MESSAGE][PASSED] - Text '2435' is set on object 'Object Repository/RecAndPlayBk/Page-Vlink-Encrypted/txt_AppID'

2024-05-27 19:22:53 - [TEST_STEP][PASSED] - setText(findTestObject("Object Repository/RecAndPlayBk/Page-Vlink-Encrypted/txt_Username"), username): Text 'health' is set on object 'Object Repository/RecAndPlayBk/Page-Vlink-Encrypted/txt_Username'

2024-05-27 19:22:54 - [MESSAGE][PASSED] - Text 'health' is set on object 'Object Repository/RecAndPlayBk/Page-Vlink-Encrypted/txt_Username'

2024-05-27 19:22:54 - [TEST_STEP][PASSED] - setText(findTestObject("Object Repository/RecAndPlayBk/Page-Vlink-Encrypted/txt_Password"), password): Text '11111111' is set on object 'Object Repository/RecAndPlayBk/Page-Vlink-Encrypted/txt_Password'

2024-05-27 19:22:55 - [MESSAGE][PASSED] - Text '11111111' is set on object 'Object Repository/RecAndPlayBk/Page-Vlink-Encrypted/txt_Password'

2024-05-27 19:22:55 - [TEST_STEP][PASSED] - setText(findTestObject("Object Repository/RecAndPlayBk/Page-Vlink-Encrypted/txt_Category"), category): Text 'RETL' is set on object 'Object Repository/RecAndPlayBk/Page-Vlink-Encrypted/txt_Category'

2024-05-27 19:22:55 - [MESSAGE][PASSED] - Text 'RETL' is set on object 'Object Repository/RecAndPlayBk/Page-Vlink-Encrypted/txt_Category'

2024-05-27 19:22:55 - [TEST_STEP][PASSED] - setText(findTestObject("Object Repository/RecAndPlayBk/Page-Vlink-Encrypted/txt_Amount"), amount): Text '10.5' is set on object 'Object Repository/RecAndPlayBk/Page-Vlink-Encrypted/txt_Amount'

2024-05-27 19:22:56 - [MESSAGE][PASSED] - Text '10.5' is set on object 'Object Repository/RecAndPlayBk/Page-Vlink-Encrypted/txt_Amount'

2024-05-27 19:22:56 - [TEST_STEP][PASSED] - setText(findTestObject("Object Repository/RecAndPlayBk/Page-Vlink-Encrypted/txt_Email"), ""): Text '' is set on object 'Object Repository/RecAndPlayBk/Page-Vlink-Encrypted/txt_Email'

2024-05-27 19:22:57 - [MESSAGE][PASSED] - Text '' is set on object 'Object Repository/RecAndPlayBk/Page-Vlink-Encrypted/txt_Email'

2024-05-27 19:22:57 - [TEST_STEP][PASSED] - setText(findTestObject("Object Repository/RecAndPlayBk/Page-Vlink-Encrypted/txt_EncTrack1Data"), trackData): Text '8BF482856A5A01C17C69392DCE283CDC0D64733AEBE806151EA697F4091A17B82A0D851B67CF345D' is set on object 'Object Repository/RecAndPlayBk/Page-Vlink-Encrypted/txt_EncTrack1Data'

2024-05-27 19:22:58 - [MESSAGE][PASSED] - Text '8BF482856A5A01C17C69392DCE283CDC0D64733AEBE806151EA697F4091A17B82A0D851B67CF345D' is set on object 'Object Repository/RecAndPlayBk/Page-Vlink-Encrypted/txt_EncTrack1Data'

2024-05-27 19:22:58 - [TEST_STEP][PASSED] - setText(findTestObject("Object Repository/RecAndPlayBk/Page-Vlink-Encrypted/txt_SlotNumber"), slot): Text '1' is set on object 'Object Repository/RecAndPlayBk/Page-Vlink-Encrypted/txt_SlotNumber'

2024-05-27 19:22:58 - [MESSAGE][PASSED] - Text '1' is set on object 'Object Repository/RecAndPlayBk/Page-Vlink-Encrypted/txt_SlotNumber'

2024-05-27 19:22:58 - [TEST_STEP][PASSED] - setText(findTestObject("Object Repository/RecAndPlayBk/Page-Vlink-Encrypted/txt_KSN"), ksn): Text 'FFFF7381390003600107' is set on object 'Object Repository/RecAndPlayBk/Page-Vlink-Encrypted/txt_KSN'

2024-05-27 19:22:59 - [MESSAGE][PASSED] - Text 'FFFF7381390003600107' is set on object 'Object Repository/RecAndPlayBk/Page-Vlink-Encrypted/txt_KSN'

2024-05-27 19:22:59 - [TEST_STEP][PASSED] - click(findTestObject("Object Repository/RecAndPlayBk/Page-Vlink-Encrypted/btn_ProcessVLinkTran")): Object: 'Object Repository/RecAndPlayBk/Page-Vlink-Encrypted/btn_ProcessVLinkTran' is clicked on

2024-05-27 19:23:01 - [MESSAGE][PASSED] - Object: 'Object Repository/RecAndPlayBk/Page-Vlink-Encrypted/btn_ProcessVLinkTran' is clicked on

2024-05-27 19:23:01 - [TEST_STEP][PASSED] - if (verifyTextPresent("Transaction approved, no errors", true)): null

2024-05-27 19:23:01 - [MESSAGE][PASSED] - Text 'Transaction approved, no errors' is present on page  using regular expression

2024-05-27 19:23:01 - [TEST_STEP][PASSED] - println("Transaction Approved, no errors text is present on the Confirmation page"): null

2024-05-27 19:23:01 - [TEST_STEP][PASSED] - out.println("Pass Record Number: " + row): null

2024-05-27 19:23:01 - [TEST_STEP][PASSED] - resText = "Pass": null

2024-05-27 19:23:01 - [TEST_STEP][PASSED] - pages.WriteExcel.demoKey(resText, datText, resColumn, datCloumn, fileLoc, nameSheet, row): pages.WriteExcel.demoKey is PASSED

2024-05-27 19:23:02 - [MESSAGE][PASSED] - pages.WriteExcel.demoKey is PASSED

2024-05-27 19:23:02 - [TEST_STEP][PASSED] - ExecuteTC = findTestData(dataFile).getValue("Execute", row): null

2024-05-27 19:23:02 - [TEST_STEP][PASSED] - out.println("Value of Execute is : " + ExecuteTC): null

2024-05-27 19:23:02 - [TEST_STEP][PASSED] - switch (executionProfile): null

2024-05-27 19:23:02 - [TEST_STEP][PASSED] - case "DemoProfile":: null

2024-05-27 19:23:02 - [TEST_STEP][PASSED] - appID = findTestData(dataFile).getValue("AppIDDemo", row): null

2024-05-27 19:23:02 - [TEST_STEP][PASSED] - username = findTestData(dataFile).getValue("UsernameDemo", row): null

2024-05-27 19:23:02 - [TEST_STEP][PASSED] - password = findTestData(dataFile).getValue("PasswordDemo", row): null

2024-05-27 19:23:02 - [TEST_STEP][PASSED] - break: null

2024-05-27 19:23:02 - [TEST_STEP][PASSED] - if (ExecuteTC.equalsIgnoreCase("Y")): null

2024-05-27 19:23:02 - [TEST_STEP][PASSED] - out.println("Begin Record Number: " + row): null

2024-05-27 19:23:02 - [TEST_STEP][PASSED] - today = new java.util.Date(): null

2024-05-27 19:23:02 - [TEST_STEP][PASSED] - println(today): null

2024-05-27 19:23:02 - [TEST_STEP][PASSED] - datText = today: null

2024-05-27 19:23:02 - [TEST_STEP][PASSED] - category = findTestData(dataFile).getValue("Category", row): null

2024-05-27 19:23:02 - [TEST_STEP][PASSED] - amount = findTestData(dataFile).getValue("Amount", row): null

2024-05-27 19:23:02 - [TEST_STEP][PASSED] - trackData = findTestData(dataFile).getValue("TrackData", row): null

2024-05-27 19:23:03 - [TEST_STEP][PASSED] - slot = findTestData(dataFile).getValue("SlotNumber", row): null

2024-05-27 19:23:03 - [TEST_STEP][PASSED] - ksn = findTestData(dataFile).getValue("KSN", row): null

2024-05-27 19:23:03 - [TEST_STEP][PASSED] - openBrowser(VLinkURL + "vlinkEncryptedSwipe.html"): Browser is opened with url: 'https://dev-algorithm.govolution.com/vlinktest/demo/version_2_0/vlinkEncryptedSwipe.html'

2024-05-27 19:23:03 - [MESSAGE][WARNING] - A browser is already opened. Closing browser and opening a new one

2024-05-27 19:23:04 - [MESSAGE][INFO] - Starting 'Chrome' driver

2024-05-27 19:23:04 - [MESSAGE][INFO] - User set preference: ['acceptInsecureCerts', 'true']

2024-05-27 19:23:04 - [MESSAGE][INFO] - Action delay is set to 0 milliseconds

2024-05-27 19:23:06 - [MESSAGE][PASSED] - Browser is opened with url: 'https://dev-algorithm.govolution.com/vlinktest/demo/version_2_0/vlinkEncryptedSwipe.html'

2024-05-27 19:23:06 - [TEST_STEP][PASSED] - maximizeWindow(): Current window maximized

2024-05-27 19:23:06 - [MESSAGE][PASSED] - Current window maximized

2024-05-27 19:23:06 - [TEST_STEP][PASSED] - setText(findTestObject("Object Repository/RecAndPlayBk/Page-Vlink-Encrypted/txt_TransactionType"), "104"): Text '104' is set on object 'Object Repository/RecAndPlayBk/Page-Vlink-Encrypted/txt_TransactionType'

2024-05-27 19:23:07 - [MESSAGE][PASSED] - Text '104' is set on object 'Object Repository/RecAndPlayBk/Page-Vlink-Encrypted/txt_TransactionType'

2024-05-27 19:23:07 - [TEST_STEP][PASSED] - click(findTestObject("Object Repository/RecAndPlayBk/Page-Vlink-Encrypted/btn_GenerateRemID")): Object: 'Object Repository/RecAndPlayBk/Page-Vlink-Encrypted/btn_GenerateRemID' is clicked on

2024-05-27 19:23:07 - [MESSAGE][PASSED] - Object: 'Object Repository/RecAndPlayBk/Page-Vlink-Encrypted/btn_GenerateRemID' is clicked on

2024-05-27 19:23:07 - [TEST_STEP][PASSED] - setText(findTestObject("Object Repository/RecAndPlayBk/Page-Vlink-Encrypted/txt_AppID"), appID): Text '3136' is set on object 'Object Repository/RecAndPlayBk/Page-Vlink-Encrypted/txt_AppID'

2024-05-27 19:23:08 - [MESSAGE][PASSED] - Text '3136' is set on object 'Object Repository/RecAndPlayBk/Page-Vlink-Encrypted/txt_AppID'

2024-05-27 19:23:08 - [TEST_STEP][PASSED] - setText(findTestObject("Object Repository/RecAndPlayBk/Page-Vlink-Encrypted/txt_Username"), username): Text 'user3136' is set on object 'Object Repository/RecAndPlayBk/Page-Vlink-Encrypted/txt_Username'

2024-05-27 19:23:09 - [MESSAGE][PASSED] - Text 'user3136' is set on object 'Object Repository/RecAndPlayBk/Page-Vlink-Encrypted/txt_Username'

2024-05-27 19:23:09 - [TEST_STEP][PASSED] - setText(findTestObject("Object Repository/RecAndPlayBk/Page-Vlink-Encrypted/txt_Password"), password): Text 'pwd3136' is set on object 'Object Repository/RecAndPlayBk/Page-Vlink-Encrypted/txt_Password'

2024-05-27 19:23:09 - [MESSAGE][PASSED] - Text 'pwd3136' is set on object 'Object Repository/RecAndPlayBk/Page-Vlink-Encrypted/txt_Password'

2024-05-27 19:23:09 - [TEST_STEP][PASSED] - setText(findTestObject("Object Repository/RecAndPlayBk/Page-Vlink-Encrypted/txt_Category"), category): Text 'RETL' is set on object 'Object Repository/RecAndPlayBk/Page-Vlink-Encrypted/txt_Category'

2024-05-27 19:23:10 - [MESSAGE][PASSED] - Text 'RETL' is set on object 'Object Repository/RecAndPlayBk/Page-Vlink-Encrypted/txt_Category'

2024-05-27 19:23:10 - [TEST_STEP][PASSED] - setText(findTestObject("Object Repository/RecAndPlayBk/Page-Vlink-Encrypted/txt_Amount"), amount): Text '10.5' is set on object 'Object Repository/RecAndPlayBk/Page-Vlink-Encrypted/txt_Amount'

2024-05-27 19:23:11 - [MESSAGE][PASSED] - Text '10.5' is set on object 'Object Repository/RecAndPlayBk/Page-Vlink-Encrypted/txt_Amount'

2024-05-27 19:23:11 - [TEST_STEP][PASSED] - setText(findTestObject("Object Repository/RecAndPlayBk/Page-Vlink-Encrypted/txt_Email"), ""): Text '' is set on object 'Object Repository/RecAndPlayBk/Page-Vlink-Encrypted/txt_Email'

2024-05-27 19:23:12 - [MESSAGE][PASSED] - Text '' is set on object 'Object Repository/RecAndPlayBk/Page-Vlink-Encrypted/txt_Email'

2024-05-27 19:23:12 - [TEST_STEP][PASSED] - setText(findTestObject("Object Repository/RecAndPlayBk/Page-Vlink-Encrypted/txt_EncTrack1Data"), trackData): Text '8BF482856A5A01C17C69392DCE283CDC0D64733AEBE806151EA697F4091A17B82A0D851B67CF345D' is set on object 'Object Repository/RecAndPlayBk/Page-Vlink-Encrypted/txt_EncTrack1Data'

2024-05-27 19:23:12 - [MESSAGE][PASSED] - Text '8BF482856A5A01C17C69392DCE283CDC0D64733AEBE806151EA697F4091A17B82A0D851B67CF345D' is set on object 'Object Repository/RecAndPlayBk/Page-Vlink-Encrypted/txt_EncTrack1Data'

2024-05-27 19:23:12 - [TEST_STEP][PASSED] - setText(findTestObject("Object Repository/RecAndPlayBk/Page-Vlink-Encrypted/txt_SlotNumber"), slot): Text '1' is set on object 'Object Repository/RecAndPlayBk/Page-Vlink-Encrypted/txt_SlotNumber'

2024-05-27 19:23:13 - [MESSAGE][PASSED] - Text '1' is set on object 'Object Repository/RecAndPlayBk/Page-Vlink-Encrypted/txt_SlotNumber'

2024-05-27 19:23:13 - [TEST_STEP][PASSED] - setText(findTestObject("Object Repository/RecAndPlayBk/Page-Vlink-Encrypted/txt_KSN"), ksn): Text 'FFFF7381390003600107' is set on object 'Object Repository/RecAndPlayBk/Page-Vlink-Encrypted/txt_KSN'

2024-05-27 19:23:14 - [MESSAGE][PASSED] - Text 'FFFF7381390003600107' is set on object 'Object Repository/RecAndPlayBk/Page-Vlink-Encrypted/txt_KSN'

2024-05-27 19:23:14 - [TEST_STEP][PASSED] - click(findTestObject("Object Repository/RecAndPlayBk/Page-Vlink-Encrypted/btn_ProcessVLinkTran")): Object: 'Object Repository/RecAndPlayBk/Page-Vlink-Encrypted/btn_ProcessVLinkTran' is clicked on

2024-05-27 19:23:15 - [MESSAGE][PASSED] - Object: 'Object Repository/RecAndPlayBk/Page-Vlink-Encrypted/btn_ProcessVLinkTran' is clicked on

2024-05-27 19:23:15 - [TEST_STEP][PASSED] - if (verifyTextPresent("Transaction approved, no errors", true)): null

2024-05-27 19:23:16 - [MESSAGE][PASSED] - Text 'Transaction approved, no errors' is present on page  using regular expression

2024-05-27 19:23:16 - [TEST_STEP][PASSED] - println("Transaction Approved, no errors text is present on the Confirmation page"): null

2024-05-27 19:23:16 - [TEST_STEP][PASSED] - out.println("Pass Record Number: " + row): null

2024-05-27 19:23:16 - [TEST_STEP][PASSED] - resText = "Pass": null

2024-05-27 19:23:16 - [TEST_STEP][PASSED] - pages.WriteExcel.demoKey(resText, datText, resColumn, datCloumn, fileLoc, nameSheet, row): pages.WriteExcel.demoKey is PASSED

2024-05-27 19:23:16 - [MESSAGE][PASSED] - pages.WriteExcel.demoKey is PASSED]]></system-out>
         <system-err><![CDATA[]]></system-err>
      </testcase>
      <testcase name="Test Cases/RecAndPlayBk/VLink/Debit" time="114.451" classname="Test Cases/RecAndPlayBk/VLink/Debit" status="PASSED">
         <system-out><![CDATA[2024-05-27 19:23:16 - [TEST_CASE][PASSED] - Test Cases/RecAndPlayBk/VLink/Debit: Test Cases/RecAndPlayBk/VLink/Debit

2024-05-27 19:23:17 - [TEST_STEP][PASSED] - executionProfile = getExecutionProfile(): null

2024-05-27 19:23:17 - [TEST_STEP][PASSED] - out.println("executionProfile : " + executionProfile): null

2024-05-27 19:23:17 - [TEST_STEP][PASSED] - appName = <not implemented yet for class: org.codehaus.groovy.ast.expr.EmptyExpression>: null

2024-05-27 19:23:17 - [TEST_STEP][PASSED] - appID = <not implemented yet for class: org.codehaus.groovy.ast.expr.EmptyExpression>: null

2024-05-27 19:23:17 - [TEST_STEP][PASSED] - username = <not implemented yet for class: org.codehaus.groovy.ast.expr.EmptyExpression>: null

2024-05-27 19:23:17 - [TEST_STEP][PASSED] - password = <not implemented yet for class: org.codehaus.groovy.ast.expr.EmptyExpression>: null

2024-05-27 19:23:17 - [TEST_STEP][PASSED] - cardNameV = <not implemented yet for class: org.codehaus.groovy.ast.expr.EmptyExpression>: null

2024-05-27 19:23:17 - [TEST_STEP][PASSED] - al1V = <not implemented yet for class: org.codehaus.groovy.ast.expr.EmptyExpression>: null

2024-05-27 19:23:17 - [TEST_STEP][PASSED] - al2V = <not implemented yet for class: org.codehaus.groovy.ast.expr.EmptyExpression>: null

2024-05-27 19:23:17 - [TEST_STEP][PASSED] - zipV = <not implemented yet for class: org.codehaus.groovy.ast.expr.EmptyExpression>: null

2024-05-27 19:23:17 - [TEST_STEP][PASSED] - cardTypeV = <not implemented yet for class: org.codehaus.groovy.ast.expr.EmptyExpression>: null

2024-05-27 19:23:17 - [TEST_STEP][PASSED] - last4V = <not implemented yet for class: org.codehaus.groovy.ast.expr.EmptyExpression>: null

2024-05-27 19:23:17 - [TEST_STEP][PASSED] - resText = "Fail": null

2024-05-27 19:23:17 - [TEST_STEP][PASSED] - resColumn = "Result": null

2024-05-27 19:23:17 - [TEST_STEP][PASSED] - datCloumn = "Date": null

2024-05-27 19:23:17 - [TEST_STEP][PASSED] - fileLoc = "KatalonData/VLinkSmokeDataACH.xlsx": null

2024-05-27 19:23:17 - [TEST_STEP][PASSED] - numOfRows = <not implemented yet for class: org.codehaus.groovy.ast.expr.EmptyExpression>: null

2024-05-27 19:23:17 - [TEST_STEP][PASSED] - dataFile = <not implemented yet for class: org.codehaus.groovy.ast.expr.EmptyExpression>: null

2024-05-27 19:23:17 - [TEST_STEP][PASSED] - nameSheet = <not implemented yet for class: org.codehaus.groovy.ast.expr.EmptyExpression>: null

2024-05-27 19:23:17 - [TEST_STEP][PASSED] - nameSheet = "Debit": null

2024-05-27 19:23:17 - [TEST_STEP][PASSED] - numOfRows = findTestData("QA/VLinkTestData/VLinkDebitData").getRowNumbers(): null

2024-05-27 19:23:17 - [TEST_STEP][PASSED] - println("Number of Records: " + numOfRows): null

2024-05-27 19:23:17 - [TEST_STEP][PASSED] - dataFile = "QA/VLinkTestData/VLinkDebitData": null

2024-05-27 19:23:17 - [TEST_STEP][PASSED] - for ([row = 1, row <= numOfRows, (row++)]): null

2024-05-27 19:23:17 - [TEST_STEP][PASSED] - ExecuteTC = findTestData(dataFile).getValue("Execute", row): null

2024-05-27 19:23:17 - [TEST_STEP][PASSED] - out.println("Value of Execute is : " + ExecuteTC): null

2024-05-27 19:23:17 - [TEST_STEP][PASSED] - switch (executionProfile): null

2024-05-27 19:23:17 - [TEST_STEP][PASSED] - case "DemoProfile":: null

2024-05-27 19:23:17 - [TEST_STEP][PASSED] - appID = findTestData(dataFile).getValue("AppIDDemo", row): null

2024-05-27 19:23:17 - [TEST_STEP][PASSED] - username = findTestData(dataFile).getValue("UsernameDemo", row): null

2024-05-27 19:23:17 - [TEST_STEP][PASSED] - password = findTestData(dataFile).getValue("PasswordDemo", row): null

2024-05-27 19:23:17 - [TEST_STEP][PASSED] - break: null

2024-05-27 19:23:17 - [TEST_STEP][PASSED] - if (ExecuteTC.equalsIgnoreCase("Y")): null

2024-05-27 19:23:17 - [TEST_STEP][PASSED] - out.println("Begin Record Number: " + row): null

2024-05-27 19:23:17 - [TEST_STEP][PASSED] - today = new java.util.Date(): null

2024-05-27 19:23:17 - [TEST_STEP][PASSED] - println(today): null

2024-05-27 19:23:17 - [TEST_STEP][PASSED] - datText = today: null

2024-05-27 19:23:17 - [TEST_STEP][PASSED] - checkType = findTestData(dataFile).getValue("CheckType", row): null

2024-05-27 19:23:17 - [TEST_STEP][PASSED] - acNumber = findTestData(dataFile).getValue("AcNumber", row): null

2024-05-27 19:23:17 - [TEST_STEP][PASSED] - company = findTestData(dataFile).getValue("Company", row): null

2024-05-27 19:23:18 - [TEST_STEP][PASSED] - acType = findTestData(dataFile).getValue("AcType", row): null

2024-05-27 19:23:18 - [TEST_STEP][PASSED] - rtn = findTestData(dataFile).getValue("RTN", row): null

2024-05-27 19:23:18 - [TEST_STEP][PASSED] - amount = findTestData(dataFile).getValue("Amount", row): null

2024-05-27 19:23:18 - [TEST_STEP][PASSED] - sec = findTestData(dataFile).getValue("SEC", row): null

2024-05-27 19:23:18 - [TEST_STEP][PASSED] - openBrowser(VLinkURL + "debit.html"): Browser is opened with url: 'https://dev-algorithm.govolution.com/vlinktest/demo/version_2_0/debit.html'

2024-05-27 19:23:18 - [MESSAGE][WARNING] - A browser is already opened. Closing browser and opening a new one

2024-05-27 19:23:19 - [MESSAGE][INFO] - Starting 'Chrome' driver

2024-05-27 19:23:19 - [MESSAGE][INFO] - User set preference: ['acceptInsecureCerts', 'true']

2024-05-27 19:23:19 - [MESSAGE][INFO] - Action delay is set to 0 milliseconds

2024-05-27 19:23:21 - [MESSAGE][PASSED] - Browser is opened with url: 'https://dev-algorithm.govolution.com/vlinktest/demo/version_2_0/debit.html'

2024-05-27 19:23:21 - [TEST_STEP][PASSED] - maximizeWindow(): Current window maximized

2024-05-27 19:23:21 - [MESSAGE][PASSED] - Current window maximized

2024-05-27 19:23:21 - [TEST_STEP][PASSED] - genRemID = RandomStringUtils.random(12, true, true): null

2024-05-27 19:23:21 - [TEST_STEP][PASSED] - setText(findTestObject("RecAndPlayBk/Page-Vlink-Debit/input_Remittance Id"), genRemID): Text 'tuBTiuyrsSIv' is set on object 'Object Repository/RecAndPlayBk/Page-Vlink-Debit/input_Remittance Id'

2024-05-27 19:23:22 - [MESSAGE][PASSED] - Text 'tuBTiuyrsSIv' is set on object 'Object Repository/RecAndPlayBk/Page-Vlink-Debit/input_Remittance Id'

2024-05-27 19:23:22 - [TEST_STEP][PASSED] - setText(findTestObject("RecAndPlayBk/Page-Vlink-Debit/input_Application Id"), appID): Text '1773' is set on object 'Object Repository/RecAndPlayBk/Page-Vlink-Debit/input_Application Id'

2024-05-27 19:23:23 - [MESSAGE][PASSED] - Text '1773' is set on object 'Object Repository/RecAndPlayBk/Page-Vlink-Debit/input_Application Id'

2024-05-27 19:23:23 - [TEST_STEP][PASSED] - setText(findTestObject("RecAndPlayBk/Page-Vlink-Debit/input_Username"), username): Text 'Qq2BV1qtr' is set on object 'Object Repository/RecAndPlayBk/Page-Vlink-Debit/input_Username'

2024-05-27 19:23:23 - [MESSAGE][PASSED] - Text 'Qq2BV1qtr' is set on object 'Object Repository/RecAndPlayBk/Page-Vlink-Debit/input_Username'

2024-05-27 19:23:23 - [TEST_STEP][PASSED] - setText(findTestObject("RecAndPlayBk/Page-Vlink-Debit/input_Password"), password): Text 'tUmWBiLUx' is set on object 'Object Repository/RecAndPlayBk/Page-Vlink-Debit/input_Password'

2024-05-27 19:23:24 - [MESSAGE][PASSED] - Text 'tUmWBiLUx' is set on object 'Object Repository/RecAndPlayBk/Page-Vlink-Debit/input_Password'

2024-05-27 19:23:24 - [TEST_STEP][PASSED] - setText(findTestObject("RecAndPlayBk/Page-Vlink-Debit/input_Check Type"), checkType): Text 'P' is set on object 'Object Repository/RecAndPlayBk/Page-Vlink-Debit/input_Check Type'

2024-05-27 19:23:25 - [MESSAGE][PASSED] - Text 'P' is set on object 'Object Repository/RecAndPlayBk/Page-Vlink-Debit/input_Check Type'

2024-05-27 19:23:25 - [TEST_STEP][PASSED] - setText(findTestObject("RecAndPlayBk/Page-Vlink-Debit/input_Account_check"), acNumber): Text '58963214' is set on object 'Object Repository/RecAndPlayBk/Page-Vlink-Debit/input_Account_check'

2024-05-27 19:23:25 - [MESSAGE][PASSED] - Text '58963214' is set on object 'Object Repository/RecAndPlayBk/Page-Vlink-Debit/input_Account_check'

2024-05-27 19:23:25 - [TEST_STEP][PASSED] - setText(findTestObject("RecAndPlayBk/Page-Vlink-Debit/input_Company_check"), company): Text '' is set on object 'Object Repository/RecAndPlayBk/Page-Vlink-Debit/input_Company_check'

2024-05-27 19:23:26 - [MESSAGE][PASSED] - Text '' is set on object 'Object Repository/RecAndPlayBk/Page-Vlink-Debit/input_Company_check'

2024-05-27 19:23:26 - [TEST_STEP][PASSED] - setText(findTestObject("RecAndPlayBk/Page-Vlink-Debit/input_Account Type"), acType): Text '1' is set on object 'Object Repository/RecAndPlayBk/Page-Vlink-Debit/input_Account Type'

2024-05-27 19:23:27 - [MESSAGE][PASSED] - Text '1' is set on object 'Object Repository/RecAndPlayBk/Page-Vlink-Debit/input_Account Type'

2024-05-27 19:23:27 - [TEST_STEP][PASSED] - setText(findTestObject("RecAndPlayBk/Page-Vlink-Debit/input_Routing Number"), rtn): Text '256072691' is set on object 'Object Repository/RecAndPlayBk/Page-Vlink-Debit/input_Routing Number'

2024-05-27 19:23:27 - [MESSAGE][PASSED] - Text '256072691' is set on object 'Object Repository/RecAndPlayBk/Page-Vlink-Debit/input_Routing Number'

2024-05-27 19:23:27 - [TEST_STEP][PASSED] - setText(findTestObject("RecAndPlayBk/Page-Vlink-Debit/input_Amount"), amount): Text '12.50' is set on object 'Object Repository/RecAndPlayBk/Page-Vlink-Debit/input_Amount'

2024-05-27 19:23:28 - [MESSAGE][PASSED] - Text '12.50' is set on object 'Object Repository/RecAndPlayBk/Page-Vlink-Debit/input_Amount'

2024-05-27 19:23:28 - [TEST_STEP][PASSED] - setText(findTestObject("RecAndPlayBk/Page-Vlink-Debit/input_Check Email"), ""): Text '' is set on object 'Object Repository/RecAndPlayBk/Page-Vlink-Debit/input_Check Email'

2024-05-27 19:23:29 - [MESSAGE][PASSED] - Text '' is set on object 'Object Repository/RecAndPlayBk/Page-Vlink-Debit/input_Check Email'

2024-05-27 19:23:29 - [TEST_STEP][PASSED] - setText(findTestObject("Object Repository/RecAndPlayBk/Page-Vlink-Debit/input_concat(CheckWriter, , s SSN)_check_ssn"), ""): Text '' is set on object 'Object Repository/RecAndPlayBk/Page-Vlink-Debit/input_concat(CheckWriter, , s SSN)_check_ssn'

2024-05-27 19:23:30 - [MESSAGE][PASSED] - Text '' is set on object 'Object Repository/RecAndPlayBk/Page-Vlink-Debit/input_concat(CheckWriter, , s SSN)_check_ssn'

2024-05-27 19:23:30 - [TEST_STEP][PASSED] - setText(findTestObject("Object Repository/RecAndPlayBk/Page-Vlink-Debit/input_concat(CheckWriter, , s License Numbe_020fef"), ""): Text '' is set on object 'Object Repository/RecAndPlayBk/Page-Vlink-Debit/input_concat(CheckWriter, , s License Numbe_020fef'

2024-05-27 19:23:30 - [MESSAGE][PASSED] - Text '' is set on object 'Object Repository/RecAndPlayBk/Page-Vlink-Debit/input_concat(CheckWriter, , s License Numbe_020fef'

2024-05-27 19:23:30 - [TEST_STEP][PASSED] - setText(findTestObject("Object Repository/RecAndPlayBk/Page-Vlink-Debit/input_concat(CheckWriter, , s License State_21e3e7"), ""): Text '' is set on object 'Object Repository/RecAndPlayBk/Page-Vlink-Debit/input_concat(CheckWriter, , s License State_21e3e7'

2024-05-27 19:23:31 - [MESSAGE][PASSED] - Text '' is set on object 'Object Repository/RecAndPlayBk/Page-Vlink-Debit/input_concat(CheckWriter, , s License State_21e3e7'

2024-05-27 19:23:31 - [TEST_STEP][PASSED] - setText(findTestObject("RecAndPlayBk/Page-Vlink-Debit/input_Standard Entry Class"), sec): Text 'WEB' is set on object 'Object Repository/RecAndPlayBk/Page-Vlink-Debit/input_Standard Entry Class'

2024-05-27 19:23:32 - [MESSAGE][PASSED] - Text 'WEB' is set on object 'Object Repository/RecAndPlayBk/Page-Vlink-Debit/input_Standard Entry Class'

2024-05-27 19:23:32 - [TEST_STEP][PASSED] - click(findTestObject("Object Repository/RecAndPlayBk/Page-Vlink-Debit/input")): Object: 'Object Repository/RecAndPlayBk/Page-Vlink-Debit/input' is clicked on

2024-05-27 19:23:33 - [MESSAGE][PASSED] - Object: 'Object Repository/RecAndPlayBk/Page-Vlink-Debit/input' is clicked on

2024-05-27 19:23:33 - [TEST_STEP][PASSED] - if (verifyTextPresent("Transaction approved, no errors", true)): null

2024-05-27 19:23:33 - [MESSAGE][PASSED] - Text 'Transaction approved, no errors' is present on page  using regular expression

2024-05-27 19:23:33 - [TEST_STEP][PASSED] - println("Transaction Approved, no errors text is present on the Confirmation page"): null

2024-05-27 19:23:33 - [TEST_STEP][PASSED] - out.println("Pass Record Number: " + row): null

2024-05-27 19:23:33 - [TEST_STEP][PASSED] - resText = "Pass": null

2024-05-27 19:23:33 - [TEST_STEP][PASSED] - pages.WriteExcel.demoKey(resText, datText, resColumn, datCloumn, fileLoc, nameSheet, row): pages.WriteExcel.demoKey is PASSED

2024-05-27 19:23:33 - [MESSAGE][PASSED] - pages.WriteExcel.demoKey is PASSED

2024-05-27 19:23:33 - [TEST_STEP][PASSED] - ExecuteTC = findTestData(dataFile).getValue("Execute", row): null

2024-05-27 19:23:33 - [TEST_STEP][PASSED] - out.println("Value of Execute is : " + ExecuteTC): null

2024-05-27 19:23:33 - [TEST_STEP][PASSED] - switch (executionProfile): null

2024-05-27 19:23:33 - [TEST_STEP][PASSED] - case "DemoProfile":: null

2024-05-27 19:23:33 - [TEST_STEP][PASSED] - appID = findTestData(dataFile).getValue("AppIDDemo", row): null

2024-05-27 19:23:33 - [TEST_STEP][PASSED] - username = findTestData(dataFile).getValue("UsernameDemo", row): null

2024-05-27 19:23:34 - [TEST_STEP][PASSED] - password = findTestData(dataFile).getValue("PasswordDemo", row): null

2024-05-27 19:23:34 - [TEST_STEP][PASSED] - break: null

2024-05-27 19:23:34 - [TEST_STEP][PASSED] - if (ExecuteTC.equalsIgnoreCase("Y")): null

2024-05-27 19:23:34 - [TEST_STEP][PASSED] - out.println("Begin Record Number: " + row): null

2024-05-27 19:23:34 - [TEST_STEP][PASSED] - today = new java.util.Date(): null

2024-05-27 19:23:34 - [TEST_STEP][PASSED] - println(today): null

2024-05-27 19:23:34 - [TEST_STEP][PASSED] - datText = today: null

2024-05-27 19:23:34 - [TEST_STEP][PASSED] - checkType = findTestData(dataFile).getValue("CheckType", row): null

2024-05-27 19:23:34 - [TEST_STEP][PASSED] - acNumber = findTestData(dataFile).getValue("AcNumber", row): null

2024-05-27 19:23:34 - [TEST_STEP][PASSED] - company = findTestData(dataFile).getValue("Company", row): null

2024-05-27 19:23:34 - [TEST_STEP][PASSED] - acType = findTestData(dataFile).getValue("AcType", row): null

2024-05-27 19:23:34 - [TEST_STEP][PASSED] - rtn = findTestData(dataFile).getValue("RTN", row): null

2024-05-27 19:23:34 - [TEST_STEP][PASSED] - amount = findTestData(dataFile).getValue("Amount", row): null

2024-05-27 19:23:34 - [TEST_STEP][PASSED] - sec = findTestData(dataFile).getValue("SEC", row): null

2024-05-27 19:23:34 - [TEST_STEP][PASSED] - openBrowser(VLinkURL + "debit.html"): Browser is opened with url: 'https://dev-algorithm.govolution.com/vlinktest/demo/version_2_0/debit.html'

2024-05-27 19:23:34 - [MESSAGE][WARNING] - A browser is already opened. Closing browser and opening a new one

2024-05-27 19:23:35 - [MESSAGE][INFO] - Starting 'Chrome' driver

2024-05-27 19:23:35 - [MESSAGE][INFO] - User set preference: ['acceptInsecureCerts', 'true']

2024-05-27 19:23:35 - [MESSAGE][INFO] - Action delay is set to 0 milliseconds

2024-05-27 19:23:37 - [MESSAGE][PASSED] - Browser is opened with url: 'https://dev-algorithm.govolution.com/vlinktest/demo/version_2_0/debit.html'

2024-05-27 19:23:37 - [TEST_STEP][PASSED] - maximizeWindow(): Current window maximized

2024-05-27 19:23:38 - [MESSAGE][PASSED] - Current window maximized

2024-05-27 19:23:38 - [TEST_STEP][PASSED] - genRemID = RandomStringUtils.random(12, true, true): null

2024-05-27 19:23:38 - [TEST_STEP][PASSED] - setText(findTestObject("RecAndPlayBk/Page-Vlink-Debit/input_Remittance Id"), genRemID): Text 'CiLD57I6rdOU' is set on object 'Object Repository/RecAndPlayBk/Page-Vlink-Debit/input_Remittance Id'

2024-05-27 19:23:38 - [MESSAGE][PASSED] - Text 'CiLD57I6rdOU' is set on object 'Object Repository/RecAndPlayBk/Page-Vlink-Debit/input_Remittance Id'

2024-05-27 19:23:38 - [TEST_STEP][PASSED] - setText(findTestObject("RecAndPlayBk/Page-Vlink-Debit/input_Application Id"), appID): Text '1773' is set on object 'Object Repository/RecAndPlayBk/Page-Vlink-Debit/input_Application Id'

2024-05-27 19:23:39 - [MESSAGE][PASSED] - Text '1773' is set on object 'Object Repository/RecAndPlayBk/Page-Vlink-Debit/input_Application Id'

2024-05-27 19:23:39 - [TEST_STEP][PASSED] - setText(findTestObject("RecAndPlayBk/Page-Vlink-Debit/input_Username"), username): Text 'Qq2BV1qtr' is set on object 'Object Repository/RecAndPlayBk/Page-Vlink-Debit/input_Username'

2024-05-27 19:23:40 - [MESSAGE][PASSED] - Text 'Qq2BV1qtr' is set on object 'Object Repository/RecAndPlayBk/Page-Vlink-Debit/input_Username'

2024-05-27 19:23:40 - [TEST_STEP][PASSED] - setText(findTestObject("RecAndPlayBk/Page-Vlink-Debit/input_Password"), password): Text 'tUmWBiLUx' is set on object 'Object Repository/RecAndPlayBk/Page-Vlink-Debit/input_Password'

2024-05-27 19:23:40 - [MESSAGE][PASSED] - Text 'tUmWBiLUx' is set on object 'Object Repository/RecAndPlayBk/Page-Vlink-Debit/input_Password'

2024-05-27 19:23:40 - [TEST_STEP][PASSED] - setText(findTestObject("RecAndPlayBk/Page-Vlink-Debit/input_Check Type"), checkType): Text 'P' is set on object 'Object Repository/RecAndPlayBk/Page-Vlink-Debit/input_Check Type'

2024-05-27 19:23:41 - [MESSAGE][PASSED] - Text 'P' is set on object 'Object Repository/RecAndPlayBk/Page-Vlink-Debit/input_Check Type'

2024-05-27 19:23:41 - [TEST_STEP][PASSED] - setText(findTestObject("RecAndPlayBk/Page-Vlink-Debit/input_Account_check"), acNumber): Text '58963214' is set on object 'Object Repository/RecAndPlayBk/Page-Vlink-Debit/input_Account_check'

2024-05-27 19:23:42 - [MESSAGE][PASSED] - Text '58963214' is set on object 'Object Repository/RecAndPlayBk/Page-Vlink-Debit/input_Account_check'

2024-05-27 19:23:42 - [TEST_STEP][PASSED] - setText(findTestObject("RecAndPlayBk/Page-Vlink-Debit/input_Company_check"), company): Text '' is set on object 'Object Repository/RecAndPlayBk/Page-Vlink-Debit/input_Company_check'

2024-05-27 19:23:42 - [MESSAGE][PASSED] - Text '' is set on object 'Object Repository/RecAndPlayBk/Page-Vlink-Debit/input_Company_check'

2024-05-27 19:23:42 - [TEST_STEP][PASSED] - setText(findTestObject("RecAndPlayBk/Page-Vlink-Debit/input_Account Type"), acType): Text '1' is set on object 'Object Repository/RecAndPlayBk/Page-Vlink-Debit/input_Account Type'

2024-05-27 19:23:43 - [MESSAGE][PASSED] - Text '1' is set on object 'Object Repository/RecAndPlayBk/Page-Vlink-Debit/input_Account Type'

2024-05-27 19:23:43 - [TEST_STEP][PASSED] - setText(findTestObject("RecAndPlayBk/Page-Vlink-Debit/input_Routing Number"), rtn): Text '256072691' is set on object 'Object Repository/RecAndPlayBk/Page-Vlink-Debit/input_Routing Number'

2024-05-27 19:23:44 - [MESSAGE][PASSED] - Text '256072691' is set on object 'Object Repository/RecAndPlayBk/Page-Vlink-Debit/input_Routing Number'

2024-05-27 19:23:44 - [TEST_STEP][PASSED] - setText(findTestObject("RecAndPlayBk/Page-Vlink-Debit/input_Amount"), amount): Text '12.50' is set on object 'Object Repository/RecAndPlayBk/Page-Vlink-Debit/input_Amount'

2024-05-27 19:23:44 - [MESSAGE][PASSED] - Text '12.50' is set on object 'Object Repository/RecAndPlayBk/Page-Vlink-Debit/input_Amount'

2024-05-27 19:23:44 - [TEST_STEP][PASSED] - setText(findTestObject("RecAndPlayBk/Page-Vlink-Debit/input_Check Email"), ""): Text '' is set on object 'Object Repository/RecAndPlayBk/Page-Vlink-Debit/input_Check Email'

2024-05-27 19:23:45 - [MESSAGE][PASSED] - Text '' is set on object 'Object Repository/RecAndPlayBk/Page-Vlink-Debit/input_Check Email'

2024-05-27 19:23:45 - [TEST_STEP][PASSED] - setText(findTestObject("Object Repository/RecAndPlayBk/Page-Vlink-Debit/input_concat(CheckWriter, , s SSN)_check_ssn"), ""): Text '' is set on object 'Object Repository/RecAndPlayBk/Page-Vlink-Debit/input_concat(CheckWriter, , s SSN)_check_ssn'

2024-05-27 19:23:46 - [MESSAGE][PASSED] - Text '' is set on object 'Object Repository/RecAndPlayBk/Page-Vlink-Debit/input_concat(CheckWriter, , s SSN)_check_ssn'

2024-05-27 19:23:46 - [TEST_STEP][PASSED] - setText(findTestObject("Object Repository/RecAndPlayBk/Page-Vlink-Debit/input_concat(CheckWriter, , s License Numbe_020fef"), ""): Text '' is set on object 'Object Repository/RecAndPlayBk/Page-Vlink-Debit/input_concat(CheckWriter, , s License Numbe_020fef'

2024-05-27 19:23:47 - [MESSAGE][PASSED] - Text '' is set on object 'Object Repository/RecAndPlayBk/Page-Vlink-Debit/input_concat(CheckWriter, , s License Numbe_020fef'

2024-05-27 19:23:47 - [TEST_STEP][PASSED] - setText(findTestObject("Object Repository/RecAndPlayBk/Page-Vlink-Debit/input_concat(CheckWriter, , s License State_21e3e7"), ""): Text '' is set on object 'Object Repository/RecAndPlayBk/Page-Vlink-Debit/input_concat(CheckWriter, , s License State_21e3e7'

2024-05-27 19:23:47 - [MESSAGE][PASSED] - Text '' is set on object 'Object Repository/RecAndPlayBk/Page-Vlink-Debit/input_concat(CheckWriter, , s License State_21e3e7'

2024-05-27 19:23:47 - [TEST_STEP][PASSED] - setText(findTestObject("RecAndPlayBk/Page-Vlink-Debit/input_Standard Entry Class"), sec): Text 'TEL' is set on object 'Object Repository/RecAndPlayBk/Page-Vlink-Debit/input_Standard Entry Class'

2024-05-27 19:23:48 - [MESSAGE][PASSED] - Text 'TEL' is set on object 'Object Repository/RecAndPlayBk/Page-Vlink-Debit/input_Standard Entry Class'

2024-05-27 19:23:48 - [TEST_STEP][PASSED] - click(findTestObject("Object Repository/RecAndPlayBk/Page-Vlink-Debit/input")): Object: 'Object Repository/RecAndPlayBk/Page-Vlink-Debit/input' is clicked on

2024-05-27 19:23:49 - [MESSAGE][PASSED] - Object: 'Object Repository/RecAndPlayBk/Page-Vlink-Debit/input' is clicked on

2024-05-27 19:23:49 - [TEST_STEP][PASSED] - if (verifyTextPresent("Transaction approved, no errors", true)): null

2024-05-27 19:23:49 - [MESSAGE][PASSED] - Text 'Transaction approved, no errors' is present on page  using regular expression

2024-05-27 19:23:49 - [TEST_STEP][PASSED] - println("Transaction Approved, no errors text is present on the Confirmation page"): null

2024-05-27 19:23:49 - [TEST_STEP][PASSED] - out.println("Pass Record Number: " + row): null

2024-05-27 19:23:49 - [TEST_STEP][PASSED] - resText = "Pass": null

2024-05-27 19:23:49 - [TEST_STEP][PASSED] - pages.WriteExcel.demoKey(resText, datText, resColumn, datCloumn, fileLoc, nameSheet, row): pages.WriteExcel.demoKey is PASSED

2024-05-27 19:23:49 - [MESSAGE][PASSED] - pages.WriteExcel.demoKey is PASSED

2024-05-27 19:23:49 - [TEST_STEP][PASSED] - ExecuteTC = findTestData(dataFile).getValue("Execute", row): null

2024-05-27 19:23:49 - [TEST_STEP][PASSED] - out.println("Value of Execute is : " + ExecuteTC): null

2024-05-27 19:23:49 - [TEST_STEP][PASSED] - switch (executionProfile): null

2024-05-27 19:23:49 - [TEST_STEP][PASSED] - case "DemoProfile":: null

2024-05-27 19:23:49 - [TEST_STEP][PASSED] - appID = findTestData(dataFile).getValue("AppIDDemo", row): null

2024-05-27 19:23:50 - [TEST_STEP][PASSED] - username = findTestData(dataFile).getValue("UsernameDemo", row): null

2024-05-27 19:23:50 - [TEST_STEP][PASSED] - password = findTestData(dataFile).getValue("PasswordDemo", row): null

2024-05-27 19:23:50 - [TEST_STEP][PASSED] - break: null

2024-05-27 19:23:50 - [TEST_STEP][PASSED] - if (ExecuteTC.equalsIgnoreCase("Y")): null

2024-05-27 19:23:50 - [TEST_STEP][PASSED] - out.println("Begin Record Number: " + row): null

2024-05-27 19:23:50 - [TEST_STEP][PASSED] - today = new java.util.Date(): null

2024-05-27 19:23:50 - [TEST_STEP][PASSED] - println(today): null

2024-05-27 19:23:50 - [TEST_STEP][PASSED] - datText = today: null

2024-05-27 19:23:50 - [TEST_STEP][PASSED] - checkType = findTestData(dataFile).getValue("CheckType", row): null

2024-05-27 19:23:50 - [TEST_STEP][PASSED] - acNumber = findTestData(dataFile).getValue("AcNumber", row): null

2024-05-27 19:23:50 - [TEST_STEP][PASSED] - company = findTestData(dataFile).getValue("Company", row): null

2024-05-27 19:23:50 - [TEST_STEP][PASSED] - acType = findTestData(dataFile).getValue("AcType", row): null

2024-05-27 19:23:50 - [TEST_STEP][PASSED] - rtn = findTestData(dataFile).getValue("RTN", row): null

2024-05-27 19:23:50 - [TEST_STEP][PASSED] - amount = findTestData(dataFile).getValue("Amount", row): null

2024-05-27 19:23:50 - [TEST_STEP][PASSED] - sec = findTestData(dataFile).getValue("SEC", row): null

2024-05-27 19:23:50 - [TEST_STEP][PASSED] - openBrowser(VLinkURL + "debit.html"): Browser is opened with url: 'https://dev-algorithm.govolution.com/vlinktest/demo/version_2_0/debit.html'

2024-05-27 19:23:50 - [MESSAGE][WARNING] - A browser is already opened. Closing browser and opening a new one

2024-05-27 19:23:51 - [MESSAGE][INFO] - Starting 'Chrome' driver

2024-05-27 19:23:51 - [MESSAGE][INFO] - User set preference: ['acceptInsecureCerts', 'true']

2024-05-27 19:23:51 - [MESSAGE][INFO] - Action delay is set to 0 milliseconds

2024-05-27 19:23:53 - [MESSAGE][PASSED] - Browser is opened with url: 'https://dev-algorithm.govolution.com/vlinktest/demo/version_2_0/debit.html'

2024-05-27 19:23:53 - [TEST_STEP][PASSED] - maximizeWindow(): Current window maximized

2024-05-27 19:23:54 - [MESSAGE][PASSED] - Current window maximized

2024-05-27 19:23:54 - [TEST_STEP][PASSED] - genRemID = RandomStringUtils.random(12, true, true): null

2024-05-27 19:23:54 - [TEST_STEP][PASSED] - setText(findTestObject("RecAndPlayBk/Page-Vlink-Debit/input_Remittance Id"), genRemID): Text 'wfnWWkB2iTOU' is set on object 'Object Repository/RecAndPlayBk/Page-Vlink-Debit/input_Remittance Id'

2024-05-27 19:23:55 - [MESSAGE][PASSED] - Text 'wfnWWkB2iTOU' is set on object 'Object Repository/RecAndPlayBk/Page-Vlink-Debit/input_Remittance Id'

2024-05-27 19:23:55 - [TEST_STEP][PASSED] - setText(findTestObject("RecAndPlayBk/Page-Vlink-Debit/input_Application Id"), appID): Text '1773' is set on object 'Object Repository/RecAndPlayBk/Page-Vlink-Debit/input_Application Id'

2024-05-27 19:23:55 - [MESSAGE][PASSED] - Text '1773' is set on object 'Object Repository/RecAndPlayBk/Page-Vlink-Debit/input_Application Id'

2024-05-27 19:23:55 - [TEST_STEP][PASSED] - setText(findTestObject("RecAndPlayBk/Page-Vlink-Debit/input_Username"), username): Text 'Qq2BV1qtr' is set on object 'Object Repository/RecAndPlayBk/Page-Vlink-Debit/input_Username'

2024-05-27 19:23:56 - [MESSAGE][PASSED] - Text 'Qq2BV1qtr' is set on object 'Object Repository/RecAndPlayBk/Page-Vlink-Debit/input_Username'

2024-05-27 19:23:56 - [TEST_STEP][PASSED] - setText(findTestObject("RecAndPlayBk/Page-Vlink-Debit/input_Password"), password): Text 'tUmWBiLUx' is set on object 'Object Repository/RecAndPlayBk/Page-Vlink-Debit/input_Password'

2024-05-27 19:23:57 - [MESSAGE][PASSED] - Text 'tUmWBiLUx' is set on object 'Object Repository/RecAndPlayBk/Page-Vlink-Debit/input_Password'

2024-05-27 19:23:57 - [TEST_STEP][PASSED] - setText(findTestObject("RecAndPlayBk/Page-Vlink-Debit/input_Check Type"), checkType): Text 'P' is set on object 'Object Repository/RecAndPlayBk/Page-Vlink-Debit/input_Check Type'

2024-05-27 19:23:57 - [MESSAGE][PASSED] - Text 'P' is set on object 'Object Repository/RecAndPlayBk/Page-Vlink-Debit/input_Check Type'

2024-05-27 19:23:57 - [TEST_STEP][PASSED] - setText(findTestObject("RecAndPlayBk/Page-Vlink-Debit/input_Account_check"), acNumber): Text '58963214' is set on object 'Object Repository/RecAndPlayBk/Page-Vlink-Debit/input_Account_check'

2024-05-27 19:23:58 - [MESSAGE][PASSED] - Text '58963214' is set on object 'Object Repository/RecAndPlayBk/Page-Vlink-Debit/input_Account_check'

2024-05-27 19:23:58 - [TEST_STEP][PASSED] - setText(findTestObject("RecAndPlayBk/Page-Vlink-Debit/input_Company_check"), company): Text '' is set on object 'Object Repository/RecAndPlayBk/Page-Vlink-Debit/input_Company_check'

2024-05-27 19:23:59 - [MESSAGE][PASSED] - Text '' is set on object 'Object Repository/RecAndPlayBk/Page-Vlink-Debit/input_Company_check'

2024-05-27 19:23:59 - [TEST_STEP][PASSED] - setText(findTestObject("RecAndPlayBk/Page-Vlink-Debit/input_Account Type"), acType): Text '1' is set on object 'Object Repository/RecAndPlayBk/Page-Vlink-Debit/input_Account Type'

2024-05-27 19:23:59 - [MESSAGE][PASSED] - Text '1' is set on object 'Object Repository/RecAndPlayBk/Page-Vlink-Debit/input_Account Type'

2024-05-27 19:23:59 - [TEST_STEP][PASSED] - setText(findTestObject("RecAndPlayBk/Page-Vlink-Debit/input_Routing Number"), rtn): Text '256072691' is set on object 'Object Repository/RecAndPlayBk/Page-Vlink-Debit/input_Routing Number'

2024-05-27 19:24:00 - [MESSAGE][PASSED] - Text '256072691' is set on object 'Object Repository/RecAndPlayBk/Page-Vlink-Debit/input_Routing Number'

2024-05-27 19:24:00 - [TEST_STEP][PASSED] - setText(findTestObject("RecAndPlayBk/Page-Vlink-Debit/input_Amount"), amount): Text '12.50' is set on object 'Object Repository/RecAndPlayBk/Page-Vlink-Debit/input_Amount'

2024-05-27 19:24:01 - [MESSAGE][PASSED] - Text '12.50' is set on object 'Object Repository/RecAndPlayBk/Page-Vlink-Debit/input_Amount'

2024-05-27 19:24:01 - [TEST_STEP][PASSED] - setText(findTestObject("RecAndPlayBk/Page-Vlink-Debit/input_Check Email"), ""): Text '' is set on object 'Object Repository/RecAndPlayBk/Page-Vlink-Debit/input_Check Email'

2024-05-27 19:24:02 - [MESSAGE][PASSED] - Text '' is set on object 'Object Repository/RecAndPlayBk/Page-Vlink-Debit/input_Check Email'

2024-05-27 19:24:02 - [TEST_STEP][PASSED] - setText(findTestObject("Object Repository/RecAndPlayBk/Page-Vlink-Debit/input_concat(CheckWriter, , s SSN)_check_ssn"), ""): Text '' is set on object 'Object Repository/RecAndPlayBk/Page-Vlink-Debit/input_concat(CheckWriter, , s SSN)_check_ssn'

2024-05-27 19:24:02 - [MESSAGE][PASSED] - Text '' is set on object 'Object Repository/RecAndPlayBk/Page-Vlink-Debit/input_concat(CheckWriter, , s SSN)_check_ssn'

2024-05-27 19:24:02 - [TEST_STEP][PASSED] - setText(findTestObject("Object Repository/RecAndPlayBk/Page-Vlink-Debit/input_concat(CheckWriter, , s License Numbe_020fef"), ""): Text '' is set on object 'Object Repository/RecAndPlayBk/Page-Vlink-Debit/input_concat(CheckWriter, , s License Numbe_020fef'

2024-05-27 19:24:03 - [MESSAGE][PASSED] - Text '' is set on object 'Object Repository/RecAndPlayBk/Page-Vlink-Debit/input_concat(CheckWriter, , s License Numbe_020fef'

2024-05-27 19:24:03 - [TEST_STEP][PASSED] - setText(findTestObject("Object Repository/RecAndPlayBk/Page-Vlink-Debit/input_concat(CheckWriter, , s License State_21e3e7"), ""): Text '' is set on object 'Object Repository/RecAndPlayBk/Page-Vlink-Debit/input_concat(CheckWriter, , s License State_21e3e7'

2024-05-27 19:24:04 - [MESSAGE][PASSED] - Text '' is set on object 'Object Repository/RecAndPlayBk/Page-Vlink-Debit/input_concat(CheckWriter, , s License State_21e3e7'

2024-05-27 19:24:04 - [TEST_STEP][PASSED] - setText(findTestObject("RecAndPlayBk/Page-Vlink-Debit/input_Standard Entry Class"), sec): Text 'PPD' is set on object 'Object Repository/RecAndPlayBk/Page-Vlink-Debit/input_Standard Entry Class'

2024-05-27 19:24:05 - [MESSAGE][PASSED] - Text 'PPD' is set on object 'Object Repository/RecAndPlayBk/Page-Vlink-Debit/input_Standard Entry Class'

2024-05-27 19:24:05 - [TEST_STEP][PASSED] - click(findTestObject("Object Repository/RecAndPlayBk/Page-Vlink-Debit/input")): Object: 'Object Repository/RecAndPlayBk/Page-Vlink-Debit/input' is clicked on

2024-05-27 19:24:05 - [MESSAGE][PASSED] - Object: 'Object Repository/RecAndPlayBk/Page-Vlink-Debit/input' is clicked on

2024-05-27 19:24:05 - [TEST_STEP][PASSED] - if (verifyTextPresent("Transaction approved, no errors", true)): null

2024-05-27 19:24:06 - [MESSAGE][PASSED] - Text 'Transaction approved, no errors' is present on page  using regular expression

2024-05-27 19:24:06 - [TEST_STEP][PASSED] - println("Transaction Approved, no errors text is present on the Confirmation page"): null

2024-05-27 19:24:06 - [TEST_STEP][PASSED] - out.println("Pass Record Number: " + row): null

2024-05-27 19:24:06 - [TEST_STEP][PASSED] - resText = "Pass": null

2024-05-27 19:24:06 - [TEST_STEP][PASSED] - pages.WriteExcel.demoKey(resText, datText, resColumn, datCloumn, fileLoc, nameSheet, row): pages.WriteExcel.demoKey is PASSED

2024-05-27 19:24:06 - [MESSAGE][PASSED] - pages.WriteExcel.demoKey is PASSED

2024-05-27 19:24:06 - [TEST_STEP][PASSED] - ExecuteTC = findTestData(dataFile).getValue("Execute", row): null

2024-05-27 19:24:06 - [TEST_STEP][PASSED] - out.println("Value of Execute is : " + ExecuteTC): null

2024-05-27 19:24:06 - [TEST_STEP][PASSED] - switch (executionProfile): null

2024-05-27 19:24:06 - [TEST_STEP][PASSED] - case "DemoProfile":: null

2024-05-27 19:24:06 - [TEST_STEP][PASSED] - appID = findTestData(dataFile).getValue("AppIDDemo", row): null

2024-05-27 19:24:06 - [TEST_STEP][PASSED] - username = findTestData(dataFile).getValue("UsernameDemo", row): null

2024-05-27 19:24:06 - [TEST_STEP][PASSED] - password = findTestData(dataFile).getValue("PasswordDemo", row): null

2024-05-27 19:24:06 - [TEST_STEP][PASSED] - break: null

2024-05-27 19:24:06 - [TEST_STEP][PASSED] - if (ExecuteTC.equalsIgnoreCase("Y")): null

2024-05-27 19:24:06 - [TEST_STEP][PASSED] - out.println("Begin Record Number: " + row): null

2024-05-27 19:24:06 - [TEST_STEP][PASSED] - today = new java.util.Date(): null

2024-05-27 19:24:06 - [TEST_STEP][PASSED] - println(today): null

2024-05-27 19:24:06 - [TEST_STEP][PASSED] - datText = today: null

2024-05-27 19:24:06 - [TEST_STEP][PASSED] - checkType = findTestData(dataFile).getValue("CheckType", row): null

2024-05-27 19:24:06 - [TEST_STEP][PASSED] - acNumber = findTestData(dataFile).getValue("AcNumber", row): null

2024-05-27 19:24:06 - [TEST_STEP][PASSED] - company = findTestData(dataFile).getValue("Company", row): null

2024-05-27 19:24:06 - [TEST_STEP][PASSED] - acType = findTestData(dataFile).getValue("AcType", row): null

2024-05-27 19:24:06 - [TEST_STEP][PASSED] - rtn = findTestData(dataFile).getValue("RTN", row): null

2024-05-27 19:24:06 - [TEST_STEP][PASSED] - amount = findTestData(dataFile).getValue("Amount", row): null

2024-05-27 19:24:07 - [TEST_STEP][PASSED] - sec = findTestData(dataFile).getValue("SEC", row): null

2024-05-27 19:24:07 - [TEST_STEP][PASSED] - openBrowser(VLinkURL + "debit.html"): Browser is opened with url: 'https://dev-algorithm.govolution.com/vlinktest/demo/version_2_0/debit.html'

2024-05-27 19:24:07 - [MESSAGE][WARNING] - A browser is already opened. Closing browser and opening a new one

2024-05-27 19:24:08 - [MESSAGE][INFO] - Starting 'Chrome' driver

2024-05-27 19:24:08 - [MESSAGE][INFO] - User set preference: ['acceptInsecureCerts', 'true']

2024-05-27 19:24:08 - [MESSAGE][INFO] - Action delay is set to 0 milliseconds

2024-05-27 19:24:10 - [MESSAGE][PASSED] - Browser is opened with url: 'https://dev-algorithm.govolution.com/vlinktest/demo/version_2_0/debit.html'

2024-05-27 19:24:10 - [TEST_STEP][PASSED] - maximizeWindow(): Current window maximized

2024-05-27 19:24:10 - [MESSAGE][PASSED] - Current window maximized

2024-05-27 19:24:10 - [TEST_STEP][PASSED] - genRemID = RandomStringUtils.random(12, true, true): null

2024-05-27 19:24:10 - [TEST_STEP][PASSED] - setText(findTestObject("RecAndPlayBk/Page-Vlink-Debit/input_Remittance Id"), genRemID): Text 'KBDMES2vA5PJ' is set on object 'Object Repository/RecAndPlayBk/Page-Vlink-Debit/input_Remittance Id'

2024-05-27 19:24:11 - [MESSAGE][PASSED] - Text 'KBDMES2vA5PJ' is set on object 'Object Repository/RecAndPlayBk/Page-Vlink-Debit/input_Remittance Id'

2024-05-27 19:24:11 - [TEST_STEP][PASSED] - setText(findTestObject("RecAndPlayBk/Page-Vlink-Debit/input_Application Id"), appID): Text '1773' is set on object 'Object Repository/RecAndPlayBk/Page-Vlink-Debit/input_Application Id'

2024-05-27 19:24:11 - [MESSAGE][PASSED] - Text '1773' is set on object 'Object Repository/RecAndPlayBk/Page-Vlink-Debit/input_Application Id'

2024-05-27 19:24:11 - [TEST_STEP][PASSED] - setText(findTestObject("RecAndPlayBk/Page-Vlink-Debit/input_Username"), username): Text 'Qq2BV1qtr' is set on object 'Object Repository/RecAndPlayBk/Page-Vlink-Debit/input_Username'

2024-05-27 19:24:12 - [MESSAGE][PASSED] - Text 'Qq2BV1qtr' is set on object 'Object Repository/RecAndPlayBk/Page-Vlink-Debit/input_Username'

2024-05-27 19:24:12 - [TEST_STEP][PASSED] - setText(findTestObject("RecAndPlayBk/Page-Vlink-Debit/input_Password"), password): Text 'tUmWBiLUx' is set on object 'Object Repository/RecAndPlayBk/Page-Vlink-Debit/input_Password'

2024-05-27 19:24:13 - [MESSAGE][PASSED] - Text 'tUmWBiLUx' is set on object 'Object Repository/RecAndPlayBk/Page-Vlink-Debit/input_Password'

2024-05-27 19:24:13 - [TEST_STEP][PASSED] - setText(findTestObject("RecAndPlayBk/Page-Vlink-Debit/input_Check Type"), checkType): Text 'P' is set on object 'Object Repository/RecAndPlayBk/Page-Vlink-Debit/input_Check Type'

2024-05-27 19:24:13 - [MESSAGE][PASSED] - Text 'P' is set on object 'Object Repository/RecAndPlayBk/Page-Vlink-Debit/input_Check Type'

2024-05-27 19:24:13 - [TEST_STEP][PASSED] - setText(findTestObject("RecAndPlayBk/Page-Vlink-Debit/input_Account_check"), acNumber): Text '58963214' is set on object 'Object Repository/RecAndPlayBk/Page-Vlink-Debit/input_Account_check'

2024-05-27 19:24:14 - [MESSAGE][PASSED] - Text '58963214' is set on object 'Object Repository/RecAndPlayBk/Page-Vlink-Debit/input_Account_check'

2024-05-27 19:24:14 - [TEST_STEP][PASSED] - setText(findTestObject("RecAndPlayBk/Page-Vlink-Debit/input_Company_check"), company): Text '' is set on object 'Object Repository/RecAndPlayBk/Page-Vlink-Debit/input_Company_check'

2024-05-27 19:24:15 - [MESSAGE][PASSED] - Text '' is set on object 'Object Repository/RecAndPlayBk/Page-Vlink-Debit/input_Company_check'

2024-05-27 19:24:15 - [TEST_STEP][PASSED] - setText(findTestObject("RecAndPlayBk/Page-Vlink-Debit/input_Account Type"), acType): Text '2' is set on object 'Object Repository/RecAndPlayBk/Page-Vlink-Debit/input_Account Type'

2024-05-27 19:24:15 - [MESSAGE][PASSED] - Text '2' is set on object 'Object Repository/RecAndPlayBk/Page-Vlink-Debit/input_Account Type'

2024-05-27 19:24:15 - [TEST_STEP][PASSED] - setText(findTestObject("RecAndPlayBk/Page-Vlink-Debit/input_Routing Number"), rtn): Text '256072691' is set on object 'Object Repository/RecAndPlayBk/Page-Vlink-Debit/input_Routing Number'

2024-05-27 19:24:16 - [MESSAGE][PASSED] - Text '256072691' is set on object 'Object Repository/RecAndPlayBk/Page-Vlink-Debit/input_Routing Number'

2024-05-27 19:24:16 - [TEST_STEP][PASSED] - setText(findTestObject("RecAndPlayBk/Page-Vlink-Debit/input_Amount"), amount): Text '12.50' is set on object 'Object Repository/RecAndPlayBk/Page-Vlink-Debit/input_Amount'

2024-05-27 19:24:17 - [MESSAGE][PASSED] - Text '12.50' is set on object 'Object Repository/RecAndPlayBk/Page-Vlink-Debit/input_Amount'

2024-05-27 19:24:17 - [TEST_STEP][PASSED] - setText(findTestObject("RecAndPlayBk/Page-Vlink-Debit/input_Check Email"), ""): Text '' is set on object 'Object Repository/RecAndPlayBk/Page-Vlink-Debit/input_Check Email'

2024-05-27 19:24:18 - [MESSAGE][PASSED] - Text '' is set on object 'Object Repository/RecAndPlayBk/Page-Vlink-Debit/input_Check Email'

2024-05-27 19:24:18 - [TEST_STEP][PASSED] - setText(findTestObject("Object Repository/RecAndPlayBk/Page-Vlink-Debit/input_concat(CheckWriter, , s SSN)_check_ssn"), ""): Text '' is set on object 'Object Repository/RecAndPlayBk/Page-Vlink-Debit/input_concat(CheckWriter, , s SSN)_check_ssn'

2024-05-27 19:24:18 - [MESSAGE][PASSED] - Text '' is set on object 'Object Repository/RecAndPlayBk/Page-Vlink-Debit/input_concat(CheckWriter, , s SSN)_check_ssn'

2024-05-27 19:24:18 - [TEST_STEP][PASSED] - setText(findTestObject("Object Repository/RecAndPlayBk/Page-Vlink-Debit/input_concat(CheckWriter, , s License Numbe_020fef"), ""): Text '' is set on object 'Object Repository/RecAndPlayBk/Page-Vlink-Debit/input_concat(CheckWriter, , s License Numbe_020fef'

2024-05-27 19:24:19 - [MESSAGE][PASSED] - Text '' is set on object 'Object Repository/RecAndPlayBk/Page-Vlink-Debit/input_concat(CheckWriter, , s License Numbe_020fef'

2024-05-27 19:24:19 - [TEST_STEP][PASSED] - setText(findTestObject("Object Repository/RecAndPlayBk/Page-Vlink-Debit/input_concat(CheckWriter, , s License State_21e3e7"), ""): Text '' is set on object 'Object Repository/RecAndPlayBk/Page-Vlink-Debit/input_concat(CheckWriter, , s License State_21e3e7'

2024-05-27 19:24:20 - [MESSAGE][PASSED] - Text '' is set on object 'Object Repository/RecAndPlayBk/Page-Vlink-Debit/input_concat(CheckWriter, , s License State_21e3e7'

2024-05-27 19:24:20 - [TEST_STEP][PASSED] - setText(findTestObject("RecAndPlayBk/Page-Vlink-Debit/input_Standard Entry Class"), sec): Text 'WEB' is set on object 'Object Repository/RecAndPlayBk/Page-Vlink-Debit/input_Standard Entry Class'

2024-05-27 19:24:20 - [MESSAGE][PASSED] - Text 'WEB' is set on object 'Object Repository/RecAndPlayBk/Page-Vlink-Debit/input_Standard Entry Class'

2024-05-27 19:24:20 - [TEST_STEP][PASSED] - click(findTestObject("Object Repository/RecAndPlayBk/Page-Vlink-Debit/input")): Object: 'Object Repository/RecAndPlayBk/Page-Vlink-Debit/input' is clicked on

2024-05-27 19:24:21 - [MESSAGE][PASSED] - Object: 'Object Repository/RecAndPlayBk/Page-Vlink-Debit/input' is clicked on

2024-05-27 19:24:21 - [TEST_STEP][PASSED] - if (verifyTextPresent("Transaction approved, no errors", true)): null

2024-05-27 19:24:22 - [MESSAGE][PASSED] - Text 'Transaction approved, no errors' is present on page  using regular expression

2024-05-27 19:24:22 - [TEST_STEP][PASSED] - println("Transaction Approved, no errors text is present on the Confirmation page"): null

2024-05-27 19:24:22 - [TEST_STEP][PASSED] - out.println("Pass Record Number: " + row): null

2024-05-27 19:24:22 - [TEST_STEP][PASSED] - resText = "Pass": null

2024-05-27 19:24:22 - [TEST_STEP][PASSED] - pages.WriteExcel.demoKey(resText, datText, resColumn, datCloumn, fileLoc, nameSheet, row): pages.WriteExcel.demoKey is PASSED

2024-05-27 19:24:22 - [MESSAGE][PASSED] - pages.WriteExcel.demoKey is PASSED

2024-05-27 19:24:22 - [TEST_STEP][PASSED] - ExecuteTC = findTestData(dataFile).getValue("Execute", row): null

2024-05-27 19:24:22 - [TEST_STEP][PASSED] - out.println("Value of Execute is : " + ExecuteTC): null

2024-05-27 19:24:22 - [TEST_STEP][PASSED] - switch (executionProfile): null

2024-05-27 19:24:22 - [TEST_STEP][PASSED] - case "DemoProfile":: null

2024-05-27 19:24:22 - [TEST_STEP][PASSED] - appID = findTestData(dataFile).getValue("AppIDDemo", row): null

2024-05-27 19:24:22 - [TEST_STEP][PASSED] - username = findTestData(dataFile).getValue("UsernameDemo", row): null

2024-05-27 19:24:22 - [TEST_STEP][PASSED] - password = findTestData(dataFile).getValue("PasswordDemo", row): null

2024-05-27 19:24:22 - [TEST_STEP][PASSED] - break: null

2024-05-27 19:24:22 - [TEST_STEP][PASSED] - if (ExecuteTC.equalsIgnoreCase("Y")): null

2024-05-27 19:24:22 - [TEST_STEP][PASSED] - out.println("Begin Record Number: " + row): null

2024-05-27 19:24:22 - [TEST_STEP][PASSED] - today = new java.util.Date(): null

2024-05-27 19:24:22 - [TEST_STEP][PASSED] - println(today): null

2024-05-27 19:24:22 - [TEST_STEP][PASSED] - datText = today: null

2024-05-27 19:24:22 - [TEST_STEP][PASSED] - checkType = findTestData(dataFile).getValue("CheckType", row): null

2024-05-27 19:24:22 - [TEST_STEP][PASSED] - acNumber = findTestData(dataFile).getValue("AcNumber", row): null

2024-05-27 19:24:22 - [TEST_STEP][PASSED] - company = findTestData(dataFile).getValue("Company", row): null

2024-05-27 19:24:22 - [TEST_STEP][PASSED] - acType = findTestData(dataFile).getValue("AcType", row): null

2024-05-27 19:24:22 - [TEST_STEP][PASSED] - rtn = findTestData(dataFile).getValue("RTN", row): null

2024-05-27 19:24:22 - [TEST_STEP][PASSED] - amount = findTestData(dataFile).getValue("Amount", row): null

2024-05-27 19:24:22 - [TEST_STEP][PASSED] - sec = findTestData(dataFile).getValue("SEC", row): null

2024-05-27 19:24:22 - [TEST_STEP][PASSED] - openBrowser(VLinkURL + "debit.html"): Browser is opened with url: 'https://dev-algorithm.govolution.com/vlinktest/demo/version_2_0/debit.html'

2024-05-27 19:24:22 - [MESSAGE][WARNING] - A browser is already opened. Closing browser and opening a new one

2024-05-27 19:24:24 - [MESSAGE][INFO] - Starting 'Chrome' driver

2024-05-27 19:24:24 - [MESSAGE][INFO] - User set preference: ['acceptInsecureCerts', 'true']

2024-05-27 19:24:24 - [MESSAGE][INFO] - Action delay is set to 0 milliseconds

2024-05-27 19:24:26 - [MESSAGE][PASSED] - Browser is opened with url: 'https://dev-algorithm.govolution.com/vlinktest/demo/version_2_0/debit.html'

2024-05-27 19:24:26 - [TEST_STEP][PASSED] - maximizeWindow(): Current window maximized

2024-05-27 19:24:26 - [MESSAGE][PASSED] - Current window maximized

2024-05-27 19:24:26 - [TEST_STEP][PASSED] - genRemID = RandomStringUtils.random(12, true, true): null

2024-05-27 19:24:26 - [TEST_STEP][PASSED] - setText(findTestObject("RecAndPlayBk/Page-Vlink-Debit/input_Remittance Id"), genRemID): Text 'z9crMcPQg57d' is set on object 'Object Repository/RecAndPlayBk/Page-Vlink-Debit/input_Remittance Id'

2024-05-27 19:24:27 - [MESSAGE][PASSED] - Text 'z9crMcPQg57d' is set on object 'Object Repository/RecAndPlayBk/Page-Vlink-Debit/input_Remittance Id'

2024-05-27 19:24:27 - [TEST_STEP][PASSED] - setText(findTestObject("RecAndPlayBk/Page-Vlink-Debit/input_Application Id"), appID): Text '1773' is set on object 'Object Repository/RecAndPlayBk/Page-Vlink-Debit/input_Application Id'

2024-05-27 19:24:27 - [MESSAGE][PASSED] - Text '1773' is set on object 'Object Repository/RecAndPlayBk/Page-Vlink-Debit/input_Application Id'

2024-05-27 19:24:27 - [TEST_STEP][PASSED] - setText(findTestObject("RecAndPlayBk/Page-Vlink-Debit/input_Username"), username): Text 'Qq2BV1qtr' is set on object 'Object Repository/RecAndPlayBk/Page-Vlink-Debit/input_Username'

2024-05-27 19:24:28 - [MESSAGE][PASSED] - Text 'Qq2BV1qtr' is set on object 'Object Repository/RecAndPlayBk/Page-Vlink-Debit/input_Username'

2024-05-27 19:24:28 - [TEST_STEP][PASSED] - setText(findTestObject("RecAndPlayBk/Page-Vlink-Debit/input_Password"), password): Text 'tUmWBiLUx' is set on object 'Object Repository/RecAndPlayBk/Page-Vlink-Debit/input_Password'

2024-05-27 19:24:29 - [MESSAGE][PASSED] - Text 'tUmWBiLUx' is set on object 'Object Repository/RecAndPlayBk/Page-Vlink-Debit/input_Password'

2024-05-27 19:24:29 - [TEST_STEP][PASSED] - setText(findTestObject("RecAndPlayBk/Page-Vlink-Debit/input_Check Type"), checkType): Text 'P' is set on object 'Object Repository/RecAndPlayBk/Page-Vlink-Debit/input_Check Type'

2024-05-27 19:24:29 - [MESSAGE][PASSED] - Text 'P' is set on object 'Object Repository/RecAndPlayBk/Page-Vlink-Debit/input_Check Type'

2024-05-27 19:24:29 - [TEST_STEP][PASSED] - setText(findTestObject("RecAndPlayBk/Page-Vlink-Debit/input_Account_check"), acNumber): Text '58963214' is set on object 'Object Repository/RecAndPlayBk/Page-Vlink-Debit/input_Account_check'

2024-05-27 19:24:30 - [MESSAGE][PASSED] - Text '58963214' is set on object 'Object Repository/RecAndPlayBk/Page-Vlink-Debit/input_Account_check'

2024-05-27 19:24:30 - [TEST_STEP][PASSED] - setText(findTestObject("RecAndPlayBk/Page-Vlink-Debit/input_Company_check"), company): Text '' is set on object 'Object Repository/RecAndPlayBk/Page-Vlink-Debit/input_Company_check'

2024-05-27 19:24:31 - [MESSAGE][PASSED] - Text '' is set on object 'Object Repository/RecAndPlayBk/Page-Vlink-Debit/input_Company_check'

2024-05-27 19:24:31 - [TEST_STEP][PASSED] - setText(findTestObject("RecAndPlayBk/Page-Vlink-Debit/input_Account Type"), acType): Text '2' is set on object 'Object Repository/RecAndPlayBk/Page-Vlink-Debit/input_Account Type'

2024-05-27 19:24:31 - [MESSAGE][PASSED] - Text '2' is set on object 'Object Repository/RecAndPlayBk/Page-Vlink-Debit/input_Account Type'

2024-05-27 19:24:31 - [TEST_STEP][PASSED] - setText(findTestObject("RecAndPlayBk/Page-Vlink-Debit/input_Routing Number"), rtn): Text '256072691' is set on object 'Object Repository/RecAndPlayBk/Page-Vlink-Debit/input_Routing Number'

2024-05-27 19:24:32 - [MESSAGE][PASSED] - Text '256072691' is set on object 'Object Repository/RecAndPlayBk/Page-Vlink-Debit/input_Routing Number'

2024-05-27 19:24:32 - [TEST_STEP][PASSED] - setText(findTestObject("RecAndPlayBk/Page-Vlink-Debit/input_Amount"), amount): Text '12.50' is set on object 'Object Repository/RecAndPlayBk/Page-Vlink-Debit/input_Amount'

2024-05-27 19:24:33 - [MESSAGE][PASSED] - Text '12.50' is set on object 'Object Repository/RecAndPlayBk/Page-Vlink-Debit/input_Amount'

2024-05-27 19:24:33 - [TEST_STEP][PASSED] - setText(findTestObject("RecAndPlayBk/Page-Vlink-Debit/input_Check Email"), ""): Text '' is set on object 'Object Repository/RecAndPlayBk/Page-Vlink-Debit/input_Check Email'

2024-05-27 19:24:33 - [MESSAGE][PASSED] - Text '' is set on object 'Object Repository/RecAndPlayBk/Page-Vlink-Debit/input_Check Email'

2024-05-27 19:24:33 - [TEST_STEP][PASSED] - setText(findTestObject("Object Repository/RecAndPlayBk/Page-Vlink-Debit/input_concat(CheckWriter, , s SSN)_check_ssn"), ""): Text '' is set on object 'Object Repository/RecAndPlayBk/Page-Vlink-Debit/input_concat(CheckWriter, , s SSN)_check_ssn'

2024-05-27 19:24:34 - [MESSAGE][PASSED] - Text '' is set on object 'Object Repository/RecAndPlayBk/Page-Vlink-Debit/input_concat(CheckWriter, , s SSN)_check_ssn'

2024-05-27 19:24:34 - [TEST_STEP][PASSED] - setText(findTestObject("Object Repository/RecAndPlayBk/Page-Vlink-Debit/input_concat(CheckWriter, , s License Numbe_020fef"), ""): Text '' is set on object 'Object Repository/RecAndPlayBk/Page-Vlink-Debit/input_concat(CheckWriter, , s License Numbe_020fef'

2024-05-27 19:24:35 - [MESSAGE][PASSED] - Text '' is set on object 'Object Repository/RecAndPlayBk/Page-Vlink-Debit/input_concat(CheckWriter, , s License Numbe_020fef'

2024-05-27 19:24:35 - [TEST_STEP][PASSED] - setText(findTestObject("Object Repository/RecAndPlayBk/Page-Vlink-Debit/input_concat(CheckWriter, , s License State_21e3e7"), ""): Text '' is set on object 'Object Repository/RecAndPlayBk/Page-Vlink-Debit/input_concat(CheckWriter, , s License State_21e3e7'

2024-05-27 19:24:36 - [MESSAGE][PASSED] - Text '' is set on object 'Object Repository/RecAndPlayBk/Page-Vlink-Debit/input_concat(CheckWriter, , s License State_21e3e7'

2024-05-27 19:24:36 - [TEST_STEP][PASSED] - setText(findTestObject("RecAndPlayBk/Page-Vlink-Debit/input_Standard Entry Class"), sec): Text 'TEL' is set on object 'Object Repository/RecAndPlayBk/Page-Vlink-Debit/input_Standard Entry Class'

2024-05-27 19:24:37 - [MESSAGE][PASSED] - Text 'TEL' is set on object 'Object Repository/RecAndPlayBk/Page-Vlink-Debit/input_Standard Entry Class'

2024-05-27 19:24:37 - [TEST_STEP][PASSED] - click(findTestObject("Object Repository/RecAndPlayBk/Page-Vlink-Debit/input")): Object: 'Object Repository/RecAndPlayBk/Page-Vlink-Debit/input' is clicked on

2024-05-27 19:24:37 - [MESSAGE][PASSED] - Object: 'Object Repository/RecAndPlayBk/Page-Vlink-Debit/input' is clicked on

2024-05-27 19:24:37 - [TEST_STEP][PASSED] - if (verifyTextPresent("Transaction approved, no errors", true)): null

2024-05-27 19:24:38 - [MESSAGE][PASSED] - Text 'Transaction approved, no errors' is present on page  using regular expression

2024-05-27 19:24:38 - [TEST_STEP][PASSED] - println("Transaction Approved, no errors text is present on the Confirmation page"): null

2024-05-27 19:24:38 - [TEST_STEP][PASSED] - out.println("Pass Record Number: " + row): null

2024-05-27 19:24:38 - [TEST_STEP][PASSED] - resText = "Pass": null

2024-05-27 19:24:38 - [TEST_STEP][PASSED] - pages.WriteExcel.demoKey(resText, datText, resColumn, datCloumn, fileLoc, nameSheet, row): pages.WriteExcel.demoKey is PASSED

2024-05-27 19:24:38 - [MESSAGE][PASSED] - pages.WriteExcel.demoKey is PASSED

2024-05-27 19:24:38 - [TEST_STEP][PASSED] - ExecuteTC = findTestData(dataFile).getValue("Execute", row): null

2024-05-27 19:24:38 - [TEST_STEP][PASSED] - out.println("Value of Execute is : " + ExecuteTC): null

2024-05-27 19:24:38 - [TEST_STEP][PASSED] - switch (executionProfile): null

2024-05-27 19:24:38 - [TEST_STEP][PASSED] - case "DemoProfile":: null

2024-05-27 19:24:38 - [TEST_STEP][PASSED] - appID = findTestData(dataFile).getValue("AppIDDemo", row): null

2024-05-27 19:24:38 - [TEST_STEP][PASSED] - username = findTestData(dataFile).getValue("UsernameDemo", row): null

2024-05-27 19:24:38 - [TEST_STEP][PASSED] - password = findTestData(dataFile).getValue("PasswordDemo", row): null

2024-05-27 19:24:38 - [TEST_STEP][PASSED] - break: null

2024-05-27 19:24:38 - [TEST_STEP][PASSED] - if (ExecuteTC.equalsIgnoreCase("Y")): null

2024-05-27 19:24:38 - [TEST_STEP][PASSED] - out.println("Begin Record Number: " + row): null

2024-05-27 19:24:38 - [TEST_STEP][PASSED] - today = new java.util.Date(): null

2024-05-27 19:24:38 - [TEST_STEP][PASSED] - println(today): null

2024-05-27 19:24:38 - [TEST_STEP][PASSED] - datText = today: null

2024-05-27 19:24:38 - [TEST_STEP][PASSED] - checkType = findTestData(dataFile).getValue("CheckType", row): null

2024-05-27 19:24:38 - [TEST_STEP][PASSED] - acNumber = findTestData(dataFile).getValue("AcNumber", row): null

2024-05-27 19:24:38 - [TEST_STEP][PASSED] - company = findTestData(dataFile).getValue("Company", row): null

2024-05-27 19:24:38 - [TEST_STEP][PASSED] - acType = findTestData(dataFile).getValue("AcType", row): null

2024-05-27 19:24:38 - [TEST_STEP][PASSED] - rtn = findTestData(dataFile).getValue("RTN", row): null

2024-05-27 19:24:38 - [TEST_STEP][PASSED] - amount = findTestData(dataFile).getValue("Amount", row): null

2024-05-27 19:24:39 - [TEST_STEP][PASSED] - sec = findTestData(dataFile).getValue("SEC", row): null

2024-05-27 19:24:39 - [TEST_STEP][PASSED] - openBrowser(VLinkURL + "debit.html"): Browser is opened with url: 'https://dev-algorithm.govolution.com/vlinktest/demo/version_2_0/debit.html'

2024-05-27 19:24:39 - [MESSAGE][WARNING] - A browser is already opened. Closing browser and opening a new one

2024-05-27 19:24:40 - [MESSAGE][INFO] - Starting 'Chrome' driver

2024-05-27 19:24:40 - [MESSAGE][INFO] - User set preference: ['acceptInsecureCerts', 'true']

2024-05-27 19:24:40 - [MESSAGE][INFO] - Action delay is set to 0 milliseconds

2024-05-27 19:24:42 - [MESSAGE][PASSED] - Browser is opened with url: 'https://dev-algorithm.govolution.com/vlinktest/demo/version_2_0/debit.html'

2024-05-27 19:24:42 - [TEST_STEP][PASSED] - maximizeWindow(): Current window maximized

2024-05-27 19:24:42 - [MESSAGE][PASSED] - Current window maximized

2024-05-27 19:24:42 - [TEST_STEP][PASSED] - genRemID = RandomStringUtils.random(12, true, true): null

2024-05-27 19:24:42 - [TEST_STEP][PASSED] - setText(findTestObject("RecAndPlayBk/Page-Vlink-Debit/input_Remittance Id"), genRemID): Text 'yeixSQmqofjo' is set on object 'Object Repository/RecAndPlayBk/Page-Vlink-Debit/input_Remittance Id'

2024-05-27 19:24:43 - [MESSAGE][PASSED] - Text 'yeixSQmqofjo' is set on object 'Object Repository/RecAndPlayBk/Page-Vlink-Debit/input_Remittance Id'

2024-05-27 19:24:43 - [TEST_STEP][PASSED] - setText(findTestObject("RecAndPlayBk/Page-Vlink-Debit/input_Application Id"), appID): Text '1773' is set on object 'Object Repository/RecAndPlayBk/Page-Vlink-Debit/input_Application Id'

2024-05-27 19:24:44 - [MESSAGE][PASSED] - Text '1773' is set on object 'Object Repository/RecAndPlayBk/Page-Vlink-Debit/input_Application Id'

2024-05-27 19:24:44 - [TEST_STEP][PASSED] - setText(findTestObject("RecAndPlayBk/Page-Vlink-Debit/input_Username"), username): Text 'Qq2BV1qtr' is set on object 'Object Repository/RecAndPlayBk/Page-Vlink-Debit/input_Username'

2024-05-27 19:24:44 - [MESSAGE][PASSED] - Text 'Qq2BV1qtr' is set on object 'Object Repository/RecAndPlayBk/Page-Vlink-Debit/input_Username'

2024-05-27 19:24:44 - [TEST_STEP][PASSED] - setText(findTestObject("RecAndPlayBk/Page-Vlink-Debit/input_Password"), password): Text 'tUmWBiLUx' is set on object 'Object Repository/RecAndPlayBk/Page-Vlink-Debit/input_Password'

2024-05-27 19:24:45 - [MESSAGE][PASSED] - Text 'tUmWBiLUx' is set on object 'Object Repository/RecAndPlayBk/Page-Vlink-Debit/input_Password'

2024-05-27 19:24:45 - [TEST_STEP][PASSED] - setText(findTestObject("RecAndPlayBk/Page-Vlink-Debit/input_Check Type"), checkType): Text 'P' is set on object 'Object Repository/RecAndPlayBk/Page-Vlink-Debit/input_Check Type'

2024-05-27 19:24:46 - [MESSAGE][PASSED] - Text 'P' is set on object 'Object Repository/RecAndPlayBk/Page-Vlink-Debit/input_Check Type'

2024-05-27 19:24:46 - [TEST_STEP][PASSED] - setText(findTestObject("RecAndPlayBk/Page-Vlink-Debit/input_Account_check"), acNumber): Text '58963214' is set on object 'Object Repository/RecAndPlayBk/Page-Vlink-Debit/input_Account_check'

2024-05-27 19:24:46 - [MESSAGE][PASSED] - Text '58963214' is set on object 'Object Repository/RecAndPlayBk/Page-Vlink-Debit/input_Account_check'

2024-05-27 19:24:46 - [TEST_STEP][PASSED] - setText(findTestObject("RecAndPlayBk/Page-Vlink-Debit/input_Company_check"), company): Text '' is set on object 'Object Repository/RecAndPlayBk/Page-Vlink-Debit/input_Company_check'

2024-05-27 19:24:47 - [MESSAGE][PASSED] - Text '' is set on object 'Object Repository/RecAndPlayBk/Page-Vlink-Debit/input_Company_check'

2024-05-27 19:24:47 - [TEST_STEP][PASSED] - setText(findTestObject("RecAndPlayBk/Page-Vlink-Debit/input_Account Type"), acType): Text '2' is set on object 'Object Repository/RecAndPlayBk/Page-Vlink-Debit/input_Account Type'

2024-05-27 19:24:48 - [MESSAGE][PASSED] - Text '2' is set on object 'Object Repository/RecAndPlayBk/Page-Vlink-Debit/input_Account Type'

2024-05-27 19:24:48 - [TEST_STEP][PASSED] - setText(findTestObject("RecAndPlayBk/Page-Vlink-Debit/input_Routing Number"), rtn): Text '256072691' is set on object 'Object Repository/RecAndPlayBk/Page-Vlink-Debit/input_Routing Number'

2024-05-27 19:24:48 - [MESSAGE][PASSED] - Text '256072691' is set on object 'Object Repository/RecAndPlayBk/Page-Vlink-Debit/input_Routing Number'

2024-05-27 19:24:48 - [TEST_STEP][PASSED] - setText(findTestObject("RecAndPlayBk/Page-Vlink-Debit/input_Amount"), amount): Text '12.50' is set on object 'Object Repository/RecAndPlayBk/Page-Vlink-Debit/input_Amount'

2024-05-27 19:24:49 - [MESSAGE][PASSED] - Text '12.50' is set on object 'Object Repository/RecAndPlayBk/Page-Vlink-Debit/input_Amount'

2024-05-27 19:24:49 - [TEST_STEP][PASSED] - setText(findTestObject("RecAndPlayBk/Page-Vlink-Debit/input_Check Email"), ""): Text '' is set on object 'Object Repository/RecAndPlayBk/Page-Vlink-Debit/input_Check Email'

2024-05-27 19:24:50 - [MESSAGE][PASSED] - Text '' is set on object 'Object Repository/RecAndPlayBk/Page-Vlink-Debit/input_Check Email'

2024-05-27 19:24:50 - [TEST_STEP][PASSED] - setText(findTestObject("Object Repository/RecAndPlayBk/Page-Vlink-Debit/input_concat(CheckWriter, , s SSN)_check_ssn"), ""): Text '' is set on object 'Object Repository/RecAndPlayBk/Page-Vlink-Debit/input_concat(CheckWriter, , s SSN)_check_ssn'

2024-05-27 19:24:51 - [MESSAGE][PASSED] - Text '' is set on object 'Object Repository/RecAndPlayBk/Page-Vlink-Debit/input_concat(CheckWriter, , s SSN)_check_ssn'

2024-05-27 19:24:51 - [TEST_STEP][PASSED] - setText(findTestObject("Object Repository/RecAndPlayBk/Page-Vlink-Debit/input_concat(CheckWriter, , s License Numbe_020fef"), ""): Text '' is set on object 'Object Repository/RecAndPlayBk/Page-Vlink-Debit/input_concat(CheckWriter, , s License Numbe_020fef'

2024-05-27 19:24:52 - [MESSAGE][PASSED] - Text '' is set on object 'Object Repository/RecAndPlayBk/Page-Vlink-Debit/input_concat(CheckWriter, , s License Numbe_020fef'

2024-05-27 19:24:52 - [TEST_STEP][PASSED] - setText(findTestObject("Object Repository/RecAndPlayBk/Page-Vlink-Debit/input_concat(CheckWriter, , s License State_21e3e7"), ""): Text '' is set on object 'Object Repository/RecAndPlayBk/Page-Vlink-Debit/input_concat(CheckWriter, , s License State_21e3e7'

2024-05-27 19:24:52 - [MESSAGE][PASSED] - Text '' is set on object 'Object Repository/RecAndPlayBk/Page-Vlink-Debit/input_concat(CheckWriter, , s License State_21e3e7'

2024-05-27 19:24:52 - [TEST_STEP][PASSED] - setText(findTestObject("RecAndPlayBk/Page-Vlink-Debit/input_Standard Entry Class"), sec): Text 'PPD' is set on object 'Object Repository/RecAndPlayBk/Page-Vlink-Debit/input_Standard Entry Class'

2024-05-27 19:24:53 - [MESSAGE][PASSED] - Text 'PPD' is set on object 'Object Repository/RecAndPlayBk/Page-Vlink-Debit/input_Standard Entry Class'

2024-05-27 19:24:53 - [TEST_STEP][PASSED] - click(findTestObject("Object Repository/RecAndPlayBk/Page-Vlink-Debit/input")): Object: 'Object Repository/RecAndPlayBk/Page-Vlink-Debit/input' is clicked on

2024-05-27 19:24:54 - [MESSAGE][PASSED] - Object: 'Object Repository/RecAndPlayBk/Page-Vlink-Debit/input' is clicked on

2024-05-27 19:24:54 - [TEST_STEP][PASSED] - if (verifyTextPresent("Transaction approved, no errors", true)): null

2024-05-27 19:24:54 - [MESSAGE][PASSED] - Text 'Transaction approved, no errors' is present on page  using regular expression

2024-05-27 19:24:54 - [TEST_STEP][PASSED] - println("Transaction Approved, no errors text is present on the Confirmation page"): null

2024-05-27 19:24:54 - [TEST_STEP][PASSED] - out.println("Pass Record Number: " + row): null

2024-05-27 19:24:54 - [TEST_STEP][PASSED] - resText = "Pass": null

2024-05-27 19:24:54 - [TEST_STEP][PASSED] - pages.WriteExcel.demoKey(resText, datText, resColumn, datCloumn, fileLoc, nameSheet, row): pages.WriteExcel.demoKey is PASSED

2024-05-27 19:24:55 - [MESSAGE][PASSED] - pages.WriteExcel.demoKey is PASSED

2024-05-27 19:24:55 - [TEST_STEP][PASSED] - ExecuteTC = findTestData(dataFile).getValue("Execute", row): null

2024-05-27 19:24:55 - [TEST_STEP][PASSED] - out.println("Value of Execute is : " + ExecuteTC): null

2024-05-27 19:24:55 - [TEST_STEP][PASSED] - switch (executionProfile): null

2024-05-27 19:24:55 - [TEST_STEP][PASSED] - case "DemoProfile":: null

2024-05-27 19:24:55 - [TEST_STEP][PASSED] - appID = findTestData(dataFile).getValue("AppIDDemo", row): null

2024-05-27 19:24:55 - [TEST_STEP][PASSED] - username = findTestData(dataFile).getValue("UsernameDemo", row): null

2024-05-27 19:24:55 - [TEST_STEP][PASSED] - password = findTestData(dataFile).getValue("PasswordDemo", row): null

2024-05-27 19:24:55 - [TEST_STEP][PASSED] - break: null

2024-05-27 19:24:55 - [TEST_STEP][PASSED] - if (ExecuteTC.equalsIgnoreCase("Y")): null

2024-05-27 19:24:55 - [TEST_STEP][PASSED] - out.println("Begin Record Number: " + row): null

2024-05-27 19:24:55 - [TEST_STEP][PASSED] - today = new java.util.Date(): null

2024-05-27 19:24:55 - [TEST_STEP][PASSED] - println(today): null

2024-05-27 19:24:55 - [TEST_STEP][PASSED] - datText = today: null

2024-05-27 19:24:55 - [TEST_STEP][PASSED] - checkType = findTestData(dataFile).getValue("CheckType", row): null

2024-05-27 19:24:55 - [TEST_STEP][PASSED] - acNumber = findTestData(dataFile).getValue("AcNumber", row): null

2024-05-27 19:24:55 - [TEST_STEP][PASSED] - company = findTestData(dataFile).getValue("Company", row): null

2024-05-27 19:24:55 - [TEST_STEP][PASSED] - acType = findTestData(dataFile).getValue("AcType", row): null

2024-05-27 19:24:55 - [TEST_STEP][PASSED] - rtn = findTestData(dataFile).getValue("RTN", row): null

2024-05-27 19:24:55 - [TEST_STEP][PASSED] - amount = findTestData(dataFile).getValue("Amount", row): null

2024-05-27 19:24:55 - [TEST_STEP][PASSED] - sec = findTestData(dataFile).getValue("SEC", row): null

2024-05-27 19:24:55 - [TEST_STEP][PASSED] - openBrowser(VLinkURL + "debit.html"): Browser is opened with url: 'https://dev-algorithm.govolution.com/vlinktest/demo/version_2_0/debit.html'

2024-05-27 19:24:55 - [MESSAGE][WARNING] - A browser is already opened. Closing browser and opening a new one

2024-05-27 19:24:57 - [MESSAGE][INFO] - Starting 'Chrome' driver

2024-05-27 19:24:57 - [MESSAGE][INFO] - User set preference: ['acceptInsecureCerts', 'true']

2024-05-27 19:24:57 - [MESSAGE][INFO] - Action delay is set to 0 milliseconds

2024-05-27 19:24:58 - [MESSAGE][PASSED] - Browser is opened with url: 'https://dev-algorithm.govolution.com/vlinktest/demo/version_2_0/debit.html'

2024-05-27 19:24:58 - [TEST_STEP][PASSED] - maximizeWindow(): Current window maximized

2024-05-27 19:24:58 - [MESSAGE][PASSED] - Current window maximized

2024-05-27 19:24:58 - [TEST_STEP][PASSED] - genRemID = RandomStringUtils.random(12, true, true): null

2024-05-27 19:24:58 - [TEST_STEP][PASSED] - setText(findTestObject("RecAndPlayBk/Page-Vlink-Debit/input_Remittance Id"), genRemID): Text 'VQ4IceTChACj' is set on object 'Object Repository/RecAndPlayBk/Page-Vlink-Debit/input_Remittance Id'

2024-05-27 19:24:59 - [MESSAGE][PASSED] - Text 'VQ4IceTChACj' is set on object 'Object Repository/RecAndPlayBk/Page-Vlink-Debit/input_Remittance Id'

2024-05-27 19:24:59 - [TEST_STEP][PASSED] - setText(findTestObject("RecAndPlayBk/Page-Vlink-Debit/input_Application Id"), appID): Text '1773' is set on object 'Object Repository/RecAndPlayBk/Page-Vlink-Debit/input_Application Id'

2024-05-27 19:25:00 - [MESSAGE][PASSED] - Text '1773' is set on object 'Object Repository/RecAndPlayBk/Page-Vlink-Debit/input_Application Id'

2024-05-27 19:25:00 - [TEST_STEP][PASSED] - setText(findTestObject("RecAndPlayBk/Page-Vlink-Debit/input_Username"), username): Text 'Qq2BV1qtr' is set on object 'Object Repository/RecAndPlayBk/Page-Vlink-Debit/input_Username'

2024-05-27 19:25:01 - [MESSAGE][PASSED] - Text 'Qq2BV1qtr' is set on object 'Object Repository/RecAndPlayBk/Page-Vlink-Debit/input_Username'

2024-05-27 19:25:01 - [TEST_STEP][PASSED] - setText(findTestObject("RecAndPlayBk/Page-Vlink-Debit/input_Password"), password): Text 'tUmWBiLUx' is set on object 'Object Repository/RecAndPlayBk/Page-Vlink-Debit/input_Password'

2024-05-27 19:25:01 - [MESSAGE][PASSED] - Text 'tUmWBiLUx' is set on object 'Object Repository/RecAndPlayBk/Page-Vlink-Debit/input_Password'

2024-05-27 19:25:01 - [TEST_STEP][PASSED] - setText(findTestObject("RecAndPlayBk/Page-Vlink-Debit/input_Check Type"), checkType): Text 'C' is set on object 'Object Repository/RecAndPlayBk/Page-Vlink-Debit/input_Check Type'

2024-05-27 19:25:02 - [MESSAGE][PASSED] - Text 'C' is set on object 'Object Repository/RecAndPlayBk/Page-Vlink-Debit/input_Check Type'

2024-05-27 19:25:02 - [TEST_STEP][PASSED] - setText(findTestObject("RecAndPlayBk/Page-Vlink-Debit/input_Account_check"), acNumber): Text '58963214' is set on object 'Object Repository/RecAndPlayBk/Page-Vlink-Debit/input_Account_check'

2024-05-27 19:25:03 - [MESSAGE][PASSED] - Text '58963214' is set on object 'Object Repository/RecAndPlayBk/Page-Vlink-Debit/input_Account_check'

2024-05-27 19:25:03 - [TEST_STEP][PASSED] - setText(findTestObject("RecAndPlayBk/Page-Vlink-Debit/input_Company_check"), company): Text 'My Company' is set on object 'Object Repository/RecAndPlayBk/Page-Vlink-Debit/input_Company_check'

2024-05-27 19:25:03 - [MESSAGE][PASSED] - Text 'My Company' is set on object 'Object Repository/RecAndPlayBk/Page-Vlink-Debit/input_Company_check'

2024-05-27 19:25:03 - [TEST_STEP][PASSED] - setText(findTestObject("RecAndPlayBk/Page-Vlink-Debit/input_Account Type"), acType): Text '' is set on object 'Object Repository/RecAndPlayBk/Page-Vlink-Debit/input_Account Type'

2024-05-27 19:25:04 - [MESSAGE][PASSED] - Text '' is set on object 'Object Repository/RecAndPlayBk/Page-Vlink-Debit/input_Account Type'

2024-05-27 19:25:04 - [TEST_STEP][PASSED] - setText(findTestObject("RecAndPlayBk/Page-Vlink-Debit/input_Routing Number"), rtn): Text '256072691' is set on object 'Object Repository/RecAndPlayBk/Page-Vlink-Debit/input_Routing Number'

2024-05-27 19:25:05 - [MESSAGE][PASSED] - Text '256072691' is set on object 'Object Repository/RecAndPlayBk/Page-Vlink-Debit/input_Routing Number'

2024-05-27 19:25:05 - [TEST_STEP][PASSED] - setText(findTestObject("RecAndPlayBk/Page-Vlink-Debit/input_Amount"), amount): Text '12.50' is set on object 'Object Repository/RecAndPlayBk/Page-Vlink-Debit/input_Amount'

2024-05-27 19:25:05 - [MESSAGE][PASSED] - Text '12.50' is set on object 'Object Repository/RecAndPlayBk/Page-Vlink-Debit/input_Amount'

2024-05-27 19:25:05 - [TEST_STEP][PASSED] - setText(findTestObject("RecAndPlayBk/Page-Vlink-Debit/input_Check Email"), ""): Text '' is set on object 'Object Repository/RecAndPlayBk/Page-Vlink-Debit/input_Check Email'

2024-05-27 19:25:06 - [MESSAGE][PASSED] - Text '' is set on object 'Object Repository/RecAndPlayBk/Page-Vlink-Debit/input_Check Email'

2024-05-27 19:25:06 - [TEST_STEP][PASSED] - setText(findTestObject("Object Repository/RecAndPlayBk/Page-Vlink-Debit/input_concat(CheckWriter, , s SSN)_check_ssn"), ""): Text '' is set on object 'Object Repository/RecAndPlayBk/Page-Vlink-Debit/input_concat(CheckWriter, , s SSN)_check_ssn'

2024-05-27 19:25:07 - [MESSAGE][PASSED] - Text '' is set on object 'Object Repository/RecAndPlayBk/Page-Vlink-Debit/input_concat(CheckWriter, , s SSN)_check_ssn'

2024-05-27 19:25:07 - [TEST_STEP][PASSED] - setText(findTestObject("Object Repository/RecAndPlayBk/Page-Vlink-Debit/input_concat(CheckWriter, , s License Numbe_020fef"), ""): Text '' is set on object 'Object Repository/RecAndPlayBk/Page-Vlink-Debit/input_concat(CheckWriter, , s License Numbe_020fef'

2024-05-27 19:25:07 - [MESSAGE][PASSED] - Text '' is set on object 'Object Repository/RecAndPlayBk/Page-Vlink-Debit/input_concat(CheckWriter, , s License Numbe_020fef'

2024-05-27 19:25:07 - [TEST_STEP][PASSED] - setText(findTestObject("Object Repository/RecAndPlayBk/Page-Vlink-Debit/input_concat(CheckWriter, , s License State_21e3e7"), ""): Text '' is set on object 'Object Repository/RecAndPlayBk/Page-Vlink-Debit/input_concat(CheckWriter, , s License State_21e3e7'

2024-05-27 19:25:08 - [MESSAGE][PASSED] - Text '' is set on object 'Object Repository/RecAndPlayBk/Page-Vlink-Debit/input_concat(CheckWriter, , s License State_21e3e7'

2024-05-27 19:25:08 - [TEST_STEP][PASSED] - setText(findTestObject("RecAndPlayBk/Page-Vlink-Debit/input_Standard Entry Class"), sec): Text 'CCD' is set on object 'Object Repository/RecAndPlayBk/Page-Vlink-Debit/input_Standard Entry Class'

2024-05-27 19:25:09 - [MESSAGE][PASSED] - Text 'CCD' is set on object 'Object Repository/RecAndPlayBk/Page-Vlink-Debit/input_Standard Entry Class'

2024-05-27 19:25:09 - [TEST_STEP][PASSED] - click(findTestObject("Object Repository/RecAndPlayBk/Page-Vlink-Debit/input")): Object: 'Object Repository/RecAndPlayBk/Page-Vlink-Debit/input' is clicked on

2024-05-27 19:25:10 - [MESSAGE][PASSED] - Object: 'Object Repository/RecAndPlayBk/Page-Vlink-Debit/input' is clicked on

2024-05-27 19:25:10 - [TEST_STEP][PASSED] - if (verifyTextPresent("Transaction approved, no errors", true)): null

2024-05-27 19:25:10 - [MESSAGE][PASSED] - Text 'Transaction approved, no errors' is present on page  using regular expression

2024-05-27 19:25:10 - [TEST_STEP][PASSED] - println("Transaction Approved, no errors text is present on the Confirmation page"): null

2024-05-27 19:25:10 - [TEST_STEP][PASSED] - out.println("Pass Record Number: " + row): null

2024-05-27 19:25:10 - [TEST_STEP][PASSED] - resText = "Pass": null

2024-05-27 19:25:10 - [TEST_STEP][PASSED] - pages.WriteExcel.demoKey(resText, datText, resColumn, datCloumn, fileLoc, nameSheet, row): pages.WriteExcel.demoKey is PASSED

2024-05-27 19:25:10 - [MESSAGE][PASSED] - pages.WriteExcel.demoKey is PASSED]]></system-out>
         <system-err><![CDATA[]]></system-err>
      </testcase>
      <testcase name="Test Cases/RecAndPlayBk/VLink/Debit-ZeroDollar-Error" time="114.41" classname="Test Cases/RecAndPlayBk/VLink/Debit-ZeroDollar-Error" status="PASSED">
         <system-out><![CDATA[2024-05-27 19:25:10 - [TEST_CASE][PASSED] - Test Cases/RecAndPlayBk/VLink/Debit-ZeroDollar-Error: Test Cases/RecAndPlayBk/VLink/Debit-ZeroDollar-Error

2024-05-27 19:25:11 - [TEST_STEP][PASSED] - executionProfile = getExecutionProfile(): null

2024-05-27 19:25:11 - [TEST_STEP][PASSED] - out.println("executionProfile : " + executionProfile): null

2024-05-27 19:25:11 - [TEST_STEP][PASSED] - appName = <not implemented yet for class: org.codehaus.groovy.ast.expr.EmptyExpression>: null

2024-05-27 19:25:11 - [TEST_STEP][PASSED] - appID = <not implemented yet for class: org.codehaus.groovy.ast.expr.EmptyExpression>: null

2024-05-27 19:25:11 - [TEST_STEP][PASSED] - username = <not implemented yet for class: org.codehaus.groovy.ast.expr.EmptyExpression>: null

2024-05-27 19:25:11 - [TEST_STEP][PASSED] - password = <not implemented yet for class: org.codehaus.groovy.ast.expr.EmptyExpression>: null

2024-05-27 19:25:11 - [TEST_STEP][PASSED] - cardNameV = <not implemented yet for class: org.codehaus.groovy.ast.expr.EmptyExpression>: null

2024-05-27 19:25:11 - [TEST_STEP][PASSED] - al1V = <not implemented yet for class: org.codehaus.groovy.ast.expr.EmptyExpression>: null

2024-05-27 19:25:11 - [TEST_STEP][PASSED] - al2V = <not implemented yet for class: org.codehaus.groovy.ast.expr.EmptyExpression>: null

2024-05-27 19:25:11 - [TEST_STEP][PASSED] - zipV = <not implemented yet for class: org.codehaus.groovy.ast.expr.EmptyExpression>: null

2024-05-27 19:25:11 - [TEST_STEP][PASSED] - cardTypeV = <not implemented yet for class: org.codehaus.groovy.ast.expr.EmptyExpression>: null

2024-05-27 19:25:11 - [TEST_STEP][PASSED] - last4V = <not implemented yet for class: org.codehaus.groovy.ast.expr.EmptyExpression>: null

2024-05-27 19:25:11 - [TEST_STEP][PASSED] - resText = "Fail": null

2024-05-27 19:25:11 - [TEST_STEP][PASSED] - resColumn = "Result": null

2024-05-27 19:25:11 - [TEST_STEP][PASSED] - datCloumn = "Date": null

2024-05-27 19:25:11 - [TEST_STEP][PASSED] - fileLoc = "KatalonData/VLinkSmokeDataACH.xlsx": null

2024-05-27 19:25:11 - [TEST_STEP][PASSED] - numOfRows = <not implemented yet for class: org.codehaus.groovy.ast.expr.EmptyExpression>: null

2024-05-27 19:25:11 - [TEST_STEP][PASSED] - dataFile = <not implemented yet for class: org.codehaus.groovy.ast.expr.EmptyExpression>: null

2024-05-27 19:25:11 - [TEST_STEP][PASSED] - nameSheet = <not implemented yet for class: org.codehaus.groovy.ast.expr.EmptyExpression>: null

2024-05-27 19:25:11 - [TEST_STEP][PASSED] - nameSheet = "Debit-ZeroDollar": null

2024-05-27 19:25:11 - [TEST_STEP][PASSED] - numOfRows = findTestData("QA/VLinkTestData/VLinkDebitZeroDollar").getRowNumbers(): null

2024-05-27 19:25:11 - [TEST_STEP][PASSED] - println("Number of Records: " + numOfRows): null

2024-05-27 19:25:11 - [TEST_STEP][PASSED] - dataFile = "QA/VLinkTestData/VLinkDebitZeroDollar": null

2024-05-27 19:25:11 - [TEST_STEP][PASSED] - for ([row = 1, row <= numOfRows, (row++)]): null

2024-05-27 19:25:11 - [TEST_STEP][PASSED] - ExecuteTC = findTestData(dataFile).getValue("Execute", row): null

2024-05-27 19:25:11 - [TEST_STEP][PASSED] - out.println("Value of Execute is : " + ExecuteTC): null

2024-05-27 19:25:11 - [TEST_STEP][PASSED] - switch (executionProfile): null

2024-05-27 19:25:11 - [TEST_STEP][PASSED] - case "DemoProfile":: null

2024-05-27 19:25:11 - [TEST_STEP][PASSED] - appID = findTestData(dataFile).getValue("AppIDDemo", row): null

2024-05-27 19:25:11 - [TEST_STEP][PASSED] - username = findTestData(dataFile).getValue("UsernameDemo", row): null

2024-05-27 19:25:11 - [TEST_STEP][PASSED] - password = findTestData(dataFile).getValue("PasswordDemo", row): null

2024-05-27 19:25:11 - [TEST_STEP][PASSED] - break: null

2024-05-27 19:25:11 - [TEST_STEP][PASSED] - if (ExecuteTC.equalsIgnoreCase("Y")): null

2024-05-27 19:25:11 - [TEST_STEP][PASSED] - out.println("Begin Record Number: " + row): null

2024-05-27 19:25:11 - [TEST_STEP][PASSED] - today = new java.util.Date(): null

2024-05-27 19:25:11 - [TEST_STEP][PASSED] - println(today): null

2024-05-27 19:25:11 - [TEST_STEP][PASSED] - datText = today: null

2024-05-27 19:25:11 - [TEST_STEP][PASSED] - checkType = findTestData(dataFile).getValue("CheckType", row): null

2024-05-27 19:25:11 - [TEST_STEP][PASSED] - acNumber = findTestData(dataFile).getValue("AcNumber", row): null

2024-05-27 19:25:11 - [TEST_STEP][PASSED] - company = findTestData(dataFile).getValue("Company", row): null

2024-05-27 19:25:12 - [TEST_STEP][PASSED] - acType = findTestData(dataFile).getValue("AcType", row): null

2024-05-27 19:25:12 - [TEST_STEP][PASSED] - rtn = findTestData(dataFile).getValue("RTN", row): null

2024-05-27 19:25:12 - [TEST_STEP][PASSED] - amount = findTestData(dataFile).getValue("Amount", row): null

2024-05-27 19:25:12 - [TEST_STEP][PASSED] - sec = findTestData(dataFile).getValue("SEC", row): null

2024-05-27 19:25:12 - [TEST_STEP][PASSED] - openBrowser(VLinkURL + "debit.html"): Browser is opened with url: 'https://dev-algorithm.govolution.com/vlinktest/demo/version_2_0/debit.html'

2024-05-27 19:25:12 - [MESSAGE][WARNING] - A browser is already opened. Closing browser and opening a new one

2024-05-27 19:25:13 - [MESSAGE][INFO] - Starting 'Chrome' driver

2024-05-27 19:25:13 - [MESSAGE][INFO] - User set preference: ['acceptInsecureCerts', 'true']

2024-05-27 19:25:13 - [MESSAGE][INFO] - Action delay is set to 0 milliseconds

2024-05-27 19:25:15 - [MESSAGE][PASSED] - Browser is opened with url: 'https://dev-algorithm.govolution.com/vlinktest/demo/version_2_0/debit.html'

2024-05-27 19:25:15 - [TEST_STEP][PASSED] - maximizeWindow(): Current window maximized

2024-05-27 19:25:15 - [MESSAGE][PASSED] - Current window maximized

2024-05-27 19:25:15 - [TEST_STEP][PASSED] - genRemID = RandomStringUtils.random(12, true, true): null

2024-05-27 19:25:15 - [TEST_STEP][PASSED] - setText(findTestObject("RecAndPlayBk/Page-Vlink-Debit/input_Remittance Id"), genRemID): Text 'Q0bcjoDdS8N2' is set on object 'Object Repository/RecAndPlayBk/Page-Vlink-Debit/input_Remittance Id'

2024-05-27 19:25:16 - [MESSAGE][PASSED] - Text 'Q0bcjoDdS8N2' is set on object 'Object Repository/RecAndPlayBk/Page-Vlink-Debit/input_Remittance Id'

2024-05-27 19:25:16 - [TEST_STEP][PASSED] - setText(findTestObject("RecAndPlayBk/Page-Vlink-Debit/input_Application Id"), appID): Text '1773' is set on object 'Object Repository/RecAndPlayBk/Page-Vlink-Debit/input_Application Id'

2024-05-27 19:25:17 - [MESSAGE][PASSED] - Text '1773' is set on object 'Object Repository/RecAndPlayBk/Page-Vlink-Debit/input_Application Id'

2024-05-27 19:25:17 - [TEST_STEP][PASSED] - setText(findTestObject("RecAndPlayBk/Page-Vlink-Debit/input_Username"), username): Text 'Qq2BV1qtr' is set on object 'Object Repository/RecAndPlayBk/Page-Vlink-Debit/input_Username'

2024-05-27 19:25:17 - [MESSAGE][PASSED] - Text 'Qq2BV1qtr' is set on object 'Object Repository/RecAndPlayBk/Page-Vlink-Debit/input_Username'

2024-05-27 19:25:17 - [TEST_STEP][PASSED] - setText(findTestObject("RecAndPlayBk/Page-Vlink-Debit/input_Password"), password): Text 'tUmWBiLUx' is set on object 'Object Repository/RecAndPlayBk/Page-Vlink-Debit/input_Password'

2024-05-27 19:25:18 - [MESSAGE][PASSED] - Text 'tUmWBiLUx' is set on object 'Object Repository/RecAndPlayBk/Page-Vlink-Debit/input_Password'

2024-05-27 19:25:18 - [TEST_STEP][PASSED] - setText(findTestObject("RecAndPlayBk/Page-Vlink-Debit/input_Check Type"), checkType): Text 'P' is set on object 'Object Repository/RecAndPlayBk/Page-Vlink-Debit/input_Check Type'

2024-05-27 19:25:19 - [MESSAGE][PASSED] - Text 'P' is set on object 'Object Repository/RecAndPlayBk/Page-Vlink-Debit/input_Check Type'

2024-05-27 19:25:19 - [TEST_STEP][PASSED] - setText(findTestObject("RecAndPlayBk/Page-Vlink-Debit/input_Account_check"), acNumber): Text '58963214' is set on object 'Object Repository/RecAndPlayBk/Page-Vlink-Debit/input_Account_check'

2024-05-27 19:25:19 - [MESSAGE][PASSED] - Text '58963214' is set on object 'Object Repository/RecAndPlayBk/Page-Vlink-Debit/input_Account_check'

2024-05-27 19:25:19 - [TEST_STEP][PASSED] - setText(findTestObject("RecAndPlayBk/Page-Vlink-Debit/input_Company_check"), company): Text '' is set on object 'Object Repository/RecAndPlayBk/Page-Vlink-Debit/input_Company_check'

2024-05-27 19:25:20 - [MESSAGE][PASSED] - Text '' is set on object 'Object Repository/RecAndPlayBk/Page-Vlink-Debit/input_Company_check'

2024-05-27 19:25:20 - [TEST_STEP][PASSED] - setText(findTestObject("RecAndPlayBk/Page-Vlink-Debit/input_Account Type"), acType): Text '1' is set on object 'Object Repository/RecAndPlayBk/Page-Vlink-Debit/input_Account Type'

2024-05-27 19:25:21 - [MESSAGE][PASSED] - Text '1' is set on object 'Object Repository/RecAndPlayBk/Page-Vlink-Debit/input_Account Type'

2024-05-27 19:25:21 - [TEST_STEP][PASSED] - setText(findTestObject("RecAndPlayBk/Page-Vlink-Debit/input_Routing Number"), rtn): Text '256072691' is set on object 'Object Repository/RecAndPlayBk/Page-Vlink-Debit/input_Routing Number'

2024-05-27 19:25:21 - [MESSAGE][PASSED] - Text '256072691' is set on object 'Object Repository/RecAndPlayBk/Page-Vlink-Debit/input_Routing Number'

2024-05-27 19:25:21 - [TEST_STEP][PASSED] - setText(findTestObject("RecAndPlayBk/Page-Vlink-Debit/input_Amount"), amount): Text '0' is set on object 'Object Repository/RecAndPlayBk/Page-Vlink-Debit/input_Amount'

2024-05-27 19:25:22 - [MESSAGE][PASSED] - Text '0' is set on object 'Object Repository/RecAndPlayBk/Page-Vlink-Debit/input_Amount'

2024-05-27 19:25:22 - [TEST_STEP][PASSED] - setText(findTestObject("RecAndPlayBk/Page-Vlink-Debit/input_Check Email"), ""): Text '' is set on object 'Object Repository/RecAndPlayBk/Page-Vlink-Debit/input_Check Email'

2024-05-27 19:25:23 - [MESSAGE][PASSED] - Text '' is set on object 'Object Repository/RecAndPlayBk/Page-Vlink-Debit/input_Check Email'

2024-05-27 19:25:23 - [TEST_STEP][PASSED] - setText(findTestObject("Object Repository/RecAndPlayBk/Page-Vlink-Debit/input_concat(CheckWriter, , s SSN)_check_ssn"), ""): Text '' is set on object 'Object Repository/RecAndPlayBk/Page-Vlink-Debit/input_concat(CheckWriter, , s SSN)_check_ssn'

2024-05-27 19:25:24 - [MESSAGE][PASSED] - Text '' is set on object 'Object Repository/RecAndPlayBk/Page-Vlink-Debit/input_concat(CheckWriter, , s SSN)_check_ssn'

2024-05-27 19:25:24 - [TEST_STEP][PASSED] - setText(findTestObject("Object Repository/RecAndPlayBk/Page-Vlink-Debit/input_concat(CheckWriter, , s License Numbe_020fef"), ""): Text '' is set on object 'Object Repository/RecAndPlayBk/Page-Vlink-Debit/input_concat(CheckWriter, , s License Numbe_020fef'

2024-05-27 19:25:24 - [MESSAGE][PASSED] - Text '' is set on object 'Object Repository/RecAndPlayBk/Page-Vlink-Debit/input_concat(CheckWriter, , s License Numbe_020fef'

2024-05-27 19:25:24 - [TEST_STEP][PASSED] - setText(findTestObject("Object Repository/RecAndPlayBk/Page-Vlink-Debit/input_concat(CheckWriter, , s License State_21e3e7"), ""): Text '' is set on object 'Object Repository/RecAndPlayBk/Page-Vlink-Debit/input_concat(CheckWriter, , s License State_21e3e7'

2024-05-27 19:25:25 - [MESSAGE][PASSED] - Text '' is set on object 'Object Repository/RecAndPlayBk/Page-Vlink-Debit/input_concat(CheckWriter, , s License State_21e3e7'

2024-05-27 19:25:25 - [TEST_STEP][PASSED] - setText(findTestObject("RecAndPlayBk/Page-Vlink-Debit/input_Standard Entry Class"), sec): Text 'WEB' is set on object 'Object Repository/RecAndPlayBk/Page-Vlink-Debit/input_Standard Entry Class'

2024-05-27 19:25:26 - [MESSAGE][PASSED] - Text 'WEB' is set on object 'Object Repository/RecAndPlayBk/Page-Vlink-Debit/input_Standard Entry Class'

2024-05-27 19:25:26 - [TEST_STEP][PASSED] - click(findTestObject("Object Repository/RecAndPlayBk/Page-Vlink-Debit/input")): Object: 'Object Repository/RecAndPlayBk/Page-Vlink-Debit/input' is clicked on

2024-05-27 19:25:26 - [MESSAGE][PASSED] - Object: 'Object Repository/RecAndPlayBk/Page-Vlink-Debit/input' is clicked on

2024-05-27 19:25:26 - [TEST_STEP][PASSED] - if (verifyTextPresent("invalid: amount", true)): null

2024-05-27 19:25:27 - [MESSAGE][PASSED] - Text 'invalid: amount' is present on page  using regular expression

2024-05-27 19:25:27 - [TEST_STEP][PASSED] - println("invalid: amount text is present on the Confirmation page"): null

2024-05-27 19:25:27 - [TEST_STEP][PASSED] - out.println("Pass Record Number: " + row): null

2024-05-27 19:25:27 - [TEST_STEP][PASSED] - resText = "Pass": null

2024-05-27 19:25:27 - [TEST_STEP][PASSED] - pages.WriteExcel.demoKey(resText, datText, resColumn, datCloumn, fileLoc, nameSheet, row): pages.WriteExcel.demoKey is PASSED

2024-05-27 19:25:27 - [MESSAGE][PASSED] - pages.WriteExcel.demoKey is PASSED

2024-05-27 19:25:27 - [TEST_STEP][PASSED] - ExecuteTC = findTestData(dataFile).getValue("Execute", row): null

2024-05-27 19:25:27 - [TEST_STEP][PASSED] - out.println("Value of Execute is : " + ExecuteTC): null

2024-05-27 19:25:27 - [TEST_STEP][PASSED] - switch (executionProfile): null

2024-05-27 19:25:27 - [TEST_STEP][PASSED] - case "DemoProfile":: null

2024-05-27 19:25:27 - [TEST_STEP][PASSED] - appID = findTestData(dataFile).getValue("AppIDDemo", row): null

2024-05-27 19:25:27 - [TEST_STEP][PASSED] - username = findTestData(dataFile).getValue("UsernameDemo", row): null

2024-05-27 19:25:27 - [TEST_STEP][PASSED] - password = findTestData(dataFile).getValue("PasswordDemo", row): null

2024-05-27 19:25:27 - [TEST_STEP][PASSED] - break: null

2024-05-27 19:25:27 - [TEST_STEP][PASSED] - if (ExecuteTC.equalsIgnoreCase("Y")): null

2024-05-27 19:25:27 - [TEST_STEP][PASSED] - out.println("Begin Record Number: " + row): null

2024-05-27 19:25:27 - [TEST_STEP][PASSED] - today = new java.util.Date(): null

2024-05-27 19:25:27 - [TEST_STEP][PASSED] - println(today): null

2024-05-27 19:25:27 - [TEST_STEP][PASSED] - datText = today: null

2024-05-27 19:25:27 - [TEST_STEP][PASSED] - checkType = findTestData(dataFile).getValue("CheckType", row): null

2024-05-27 19:25:27 - [TEST_STEP][PASSED] - acNumber = findTestData(dataFile).getValue("AcNumber", row): null

2024-05-27 19:25:27 - [TEST_STEP][PASSED] - company = findTestData(dataFile).getValue("Company", row): null

2024-05-27 19:25:27 - [TEST_STEP][PASSED] - acType = findTestData(dataFile).getValue("AcType", row): null

2024-05-27 19:25:27 - [TEST_STEP][PASSED] - rtn = findTestData(dataFile).getValue("RTN", row): null

2024-05-27 19:25:28 - [TEST_STEP][PASSED] - amount = findTestData(dataFile).getValue("Amount", row): null

2024-05-27 19:25:28 - [TEST_STEP][PASSED] - sec = findTestData(dataFile).getValue("SEC", row): null

2024-05-27 19:25:28 - [TEST_STEP][PASSED] - openBrowser(VLinkURL + "debit.html"): Browser is opened with url: 'https://dev-algorithm.govolution.com/vlinktest/demo/version_2_0/debit.html'

2024-05-27 19:25:28 - [MESSAGE][WARNING] - A browser is already opened. Closing browser and opening a new one

2024-05-27 19:25:29 - [MESSAGE][INFO] - Starting 'Chrome' driver

2024-05-27 19:25:29 - [MESSAGE][INFO] - User set preference: ['acceptInsecureCerts', 'true']

2024-05-27 19:25:29 - [MESSAGE][INFO] - Action delay is set to 0 milliseconds

2024-05-27 19:25:31 - [MESSAGE][PASSED] - Browser is opened with url: 'https://dev-algorithm.govolution.com/vlinktest/demo/version_2_0/debit.html'

2024-05-27 19:25:31 - [TEST_STEP][PASSED] - maximizeWindow(): Current window maximized

2024-05-27 19:25:31 - [MESSAGE][PASSED] - Current window maximized

2024-05-27 19:25:31 - [TEST_STEP][PASSED] - genRemID = RandomStringUtils.random(12, true, true): null

2024-05-27 19:25:31 - [TEST_STEP][PASSED] - setText(findTestObject("RecAndPlayBk/Page-Vlink-Debit/input_Remittance Id"), genRemID): Text 'P1whCmDjGLZk' is set on object 'Object Repository/RecAndPlayBk/Page-Vlink-Debit/input_Remittance Id'

2024-05-27 19:25:32 - [MESSAGE][PASSED] - Text 'P1whCmDjGLZk' is set on object 'Object Repository/RecAndPlayBk/Page-Vlink-Debit/input_Remittance Id'

2024-05-27 19:25:32 - [TEST_STEP][PASSED] - setText(findTestObject("RecAndPlayBk/Page-Vlink-Debit/input_Application Id"), appID): Text '1773' is set on object 'Object Repository/RecAndPlayBk/Page-Vlink-Debit/input_Application Id'

2024-05-27 19:25:33 - [MESSAGE][PASSED] - Text '1773' is set on object 'Object Repository/RecAndPlayBk/Page-Vlink-Debit/input_Application Id'

2024-05-27 19:25:33 - [TEST_STEP][PASSED] - setText(findTestObject("RecAndPlayBk/Page-Vlink-Debit/input_Username"), username): Text 'Qq2BV1qtr' is set on object 'Object Repository/RecAndPlayBk/Page-Vlink-Debit/input_Username'

2024-05-27 19:25:33 - [MESSAGE][PASSED] - Text 'Qq2BV1qtr' is set on object 'Object Repository/RecAndPlayBk/Page-Vlink-Debit/input_Username'

2024-05-27 19:25:33 - [TEST_STEP][PASSED] - setText(findTestObject("RecAndPlayBk/Page-Vlink-Debit/input_Password"), password): Text 'tUmWBiLUx' is set on object 'Object Repository/RecAndPlayBk/Page-Vlink-Debit/input_Password'

2024-05-27 19:25:34 - [MESSAGE][PASSED] - Text 'tUmWBiLUx' is set on object 'Object Repository/RecAndPlayBk/Page-Vlink-Debit/input_Password'

2024-05-27 19:25:34 - [TEST_STEP][PASSED] - setText(findTestObject("RecAndPlayBk/Page-Vlink-Debit/input_Check Type"), checkType): Text 'P' is set on object 'Object Repository/RecAndPlayBk/Page-Vlink-Debit/input_Check Type'

2024-05-27 19:25:35 - [MESSAGE][PASSED] - Text 'P' is set on object 'Object Repository/RecAndPlayBk/Page-Vlink-Debit/input_Check Type'

2024-05-27 19:25:35 - [TEST_STEP][PASSED] - setText(findTestObject("RecAndPlayBk/Page-Vlink-Debit/input_Account_check"), acNumber): Text '58963214' is set on object 'Object Repository/RecAndPlayBk/Page-Vlink-Debit/input_Account_check'

2024-05-27 19:25:35 - [MESSAGE][PASSED] - Text '58963214' is set on object 'Object Repository/RecAndPlayBk/Page-Vlink-Debit/input_Account_check'

2024-05-27 19:25:35 - [TEST_STEP][PASSED] - setText(findTestObject("RecAndPlayBk/Page-Vlink-Debit/input_Company_check"), company): Text '' is set on object 'Object Repository/RecAndPlayBk/Page-Vlink-Debit/input_Company_check'

2024-05-27 19:25:36 - [MESSAGE][PASSED] - Text '' is set on object 'Object Repository/RecAndPlayBk/Page-Vlink-Debit/input_Company_check'

2024-05-27 19:25:36 - [TEST_STEP][PASSED] - setText(findTestObject("RecAndPlayBk/Page-Vlink-Debit/input_Account Type"), acType): Text '1' is set on object 'Object Repository/RecAndPlayBk/Page-Vlink-Debit/input_Account Type'

2024-05-27 19:25:37 - [MESSAGE][PASSED] - Text '1' is set on object 'Object Repository/RecAndPlayBk/Page-Vlink-Debit/input_Account Type'

2024-05-27 19:25:37 - [TEST_STEP][PASSED] - setText(findTestObject("RecAndPlayBk/Page-Vlink-Debit/input_Routing Number"), rtn): Text '256072691' is set on object 'Object Repository/RecAndPlayBk/Page-Vlink-Debit/input_Routing Number'

2024-05-27 19:25:38 - [MESSAGE][PASSED] - Text '256072691' is set on object 'Object Repository/RecAndPlayBk/Page-Vlink-Debit/input_Routing Number'

2024-05-27 19:25:38 - [TEST_STEP][PASSED] - setText(findTestObject("RecAndPlayBk/Page-Vlink-Debit/input_Amount"), amount): Text '0' is set on object 'Object Repository/RecAndPlayBk/Page-Vlink-Debit/input_Amount'

2024-05-27 19:25:38 - [MESSAGE][PASSED] - Text '0' is set on object 'Object Repository/RecAndPlayBk/Page-Vlink-Debit/input_Amount'

2024-05-27 19:25:38 - [TEST_STEP][PASSED] - setText(findTestObject("RecAndPlayBk/Page-Vlink-Debit/input_Check Email"), ""): Text '' is set on object 'Object Repository/RecAndPlayBk/Page-Vlink-Debit/input_Check Email'

2024-05-27 19:25:39 - [MESSAGE][PASSED] - Text '' is set on object 'Object Repository/RecAndPlayBk/Page-Vlink-Debit/input_Check Email'

2024-05-27 19:25:39 - [TEST_STEP][PASSED] - setText(findTestObject("Object Repository/RecAndPlayBk/Page-Vlink-Debit/input_concat(CheckWriter, , s SSN)_check_ssn"), ""): Text '' is set on object 'Object Repository/RecAndPlayBk/Page-Vlink-Debit/input_concat(CheckWriter, , s SSN)_check_ssn'

2024-05-27 19:25:40 - [MESSAGE][PASSED] - Text '' is set on object 'Object Repository/RecAndPlayBk/Page-Vlink-Debit/input_concat(CheckWriter, , s SSN)_check_ssn'

2024-05-27 19:25:40 - [TEST_STEP][PASSED] - setText(findTestObject("Object Repository/RecAndPlayBk/Page-Vlink-Debit/input_concat(CheckWriter, , s License Numbe_020fef"), ""): Text '' is set on object 'Object Repository/RecAndPlayBk/Page-Vlink-Debit/input_concat(CheckWriter, , s License Numbe_020fef'

2024-05-27 19:25:40 - [MESSAGE][PASSED] - Text '' is set on object 'Object Repository/RecAndPlayBk/Page-Vlink-Debit/input_concat(CheckWriter, , s License Numbe_020fef'

2024-05-27 19:25:40 - [TEST_STEP][PASSED] - setText(findTestObject("Object Repository/RecAndPlayBk/Page-Vlink-Debit/input_concat(CheckWriter, , s License State_21e3e7"), ""): Text '' is set on object 'Object Repository/RecAndPlayBk/Page-Vlink-Debit/input_concat(CheckWriter, , s License State_21e3e7'

2024-05-27 19:25:41 - [MESSAGE][PASSED] - Text '' is set on object 'Object Repository/RecAndPlayBk/Page-Vlink-Debit/input_concat(CheckWriter, , s License State_21e3e7'

2024-05-27 19:25:41 - [TEST_STEP][PASSED] - setText(findTestObject("RecAndPlayBk/Page-Vlink-Debit/input_Standard Entry Class"), sec): Text 'TEL' is set on object 'Object Repository/RecAndPlayBk/Page-Vlink-Debit/input_Standard Entry Class'

2024-05-27 19:25:42 - [MESSAGE][PASSED] - Text 'TEL' is set on object 'Object Repository/RecAndPlayBk/Page-Vlink-Debit/input_Standard Entry Class'

2024-05-27 19:25:42 - [TEST_STEP][PASSED] - click(findTestObject("Object Repository/RecAndPlayBk/Page-Vlink-Debit/input")): Object: 'Object Repository/RecAndPlayBk/Page-Vlink-Debit/input' is clicked on

2024-05-27 19:25:43 - [MESSAGE][PASSED] - Object: 'Object Repository/RecAndPlayBk/Page-Vlink-Debit/input' is clicked on

2024-05-27 19:25:43 - [TEST_STEP][PASSED] - if (verifyTextPresent("invalid: amount", true)): null

2024-05-27 19:25:44 - [MESSAGE][PASSED] - Text 'invalid: amount' is present on page  using regular expression

2024-05-27 19:25:44 - [TEST_STEP][PASSED] - println("invalid: amount text is present on the Confirmation page"): null

2024-05-27 19:25:44 - [TEST_STEP][PASSED] - out.println("Pass Record Number: " + row): null

2024-05-27 19:25:44 - [TEST_STEP][PASSED] - resText = "Pass": null

2024-05-27 19:25:44 - [TEST_STEP][PASSED] - pages.WriteExcel.demoKey(resText, datText, resColumn, datCloumn, fileLoc, nameSheet, row): pages.WriteExcel.demoKey is PASSED

2024-05-27 19:25:44 - [MESSAGE][PASSED] - pages.WriteExcel.demoKey is PASSED

2024-05-27 19:25:44 - [TEST_STEP][PASSED] - ExecuteTC = findTestData(dataFile).getValue("Execute", row): null

2024-05-27 19:25:44 - [TEST_STEP][PASSED] - out.println("Value of Execute is : " + ExecuteTC): null

2024-05-27 19:25:44 - [TEST_STEP][PASSED] - switch (executionProfile): null

2024-05-27 19:25:44 - [TEST_STEP][PASSED] - case "DemoProfile":: null

2024-05-27 19:25:44 - [TEST_STEP][PASSED] - appID = findTestData(dataFile).getValue("AppIDDemo", row): null

2024-05-27 19:25:44 - [TEST_STEP][PASSED] - username = findTestData(dataFile).getValue("UsernameDemo", row): null

2024-05-27 19:25:44 - [TEST_STEP][PASSED] - password = findTestData(dataFile).getValue("PasswordDemo", row): null

2024-05-27 19:25:44 - [TEST_STEP][PASSED] - break: null

2024-05-27 19:25:44 - [TEST_STEP][PASSED] - if (ExecuteTC.equalsIgnoreCase("Y")): null

2024-05-27 19:25:44 - [TEST_STEP][PASSED] - out.println("Begin Record Number: " + row): null

2024-05-27 19:25:44 - [TEST_STEP][PASSED] - today = new java.util.Date(): null

2024-05-27 19:25:44 - [TEST_STEP][PASSED] - println(today): null

2024-05-27 19:25:44 - [TEST_STEP][PASSED] - datText = today: null

2024-05-27 19:25:44 - [TEST_STEP][PASSED] - checkType = findTestData(dataFile).getValue("CheckType", row): null

2024-05-27 19:25:44 - [TEST_STEP][PASSED] - acNumber = findTestData(dataFile).getValue("AcNumber", row): null

2024-05-27 19:25:44 - [TEST_STEP][PASSED] - company = findTestData(dataFile).getValue("Company", row): null

2024-05-27 19:25:44 - [TEST_STEP][PASSED] - acType = findTestData(dataFile).getValue("AcType", row): null

2024-05-27 19:25:44 - [TEST_STEP][PASSED] - rtn = findTestData(dataFile).getValue("RTN", row): null

2024-05-27 19:25:44 - [TEST_STEP][PASSED] - amount = findTestData(dataFile).getValue("Amount", row): null

2024-05-27 19:25:44 - [TEST_STEP][PASSED] - sec = findTestData(dataFile).getValue("SEC", row): null

2024-05-27 19:25:44 - [TEST_STEP][PASSED] - openBrowser(VLinkURL + "debit.html"): Browser is opened with url: 'https://dev-algorithm.govolution.com/vlinktest/demo/version_2_0/debit.html'

2024-05-27 19:25:44 - [MESSAGE][WARNING] - A browser is already opened. Closing browser and opening a new one

2024-05-27 19:25:46 - [MESSAGE][INFO] - Starting 'Chrome' driver

2024-05-27 19:25:46 - [MESSAGE][INFO] - User set preference: ['acceptInsecureCerts', 'true']

2024-05-27 19:25:46 - [MESSAGE][INFO] - Action delay is set to 0 milliseconds

2024-05-27 19:25:48 - [MESSAGE][PASSED] - Browser is opened with url: 'https://dev-algorithm.govolution.com/vlinktest/demo/version_2_0/debit.html'

2024-05-27 19:25:48 - [TEST_STEP][PASSED] - maximizeWindow(): Current window maximized

2024-05-27 19:25:48 - [MESSAGE][PASSED] - Current window maximized

2024-05-27 19:25:48 - [TEST_STEP][PASSED] - genRemID = RandomStringUtils.random(12, true, true): null

2024-05-27 19:25:48 - [TEST_STEP][PASSED] - setText(findTestObject("RecAndPlayBk/Page-Vlink-Debit/input_Remittance Id"), genRemID): Text 'zWiryC9n0NVx' is set on object 'Object Repository/RecAndPlayBk/Page-Vlink-Debit/input_Remittance Id'

2024-05-27 19:25:49 - [MESSAGE][PASSED] - Text 'zWiryC9n0NVx' is set on object 'Object Repository/RecAndPlayBk/Page-Vlink-Debit/input_Remittance Id'

2024-05-27 19:25:49 - [TEST_STEP][PASSED] - setText(findTestObject("RecAndPlayBk/Page-Vlink-Debit/input_Application Id"), appID): Text '1773' is set on object 'Object Repository/RecAndPlayBk/Page-Vlink-Debit/input_Application Id'

2024-05-27 19:25:49 - [MESSAGE][PASSED] - Text '1773' is set on object 'Object Repository/RecAndPlayBk/Page-Vlink-Debit/input_Application Id'

2024-05-27 19:25:49 - [TEST_STEP][PASSED] - setText(findTestObject("RecAndPlayBk/Page-Vlink-Debit/input_Username"), username): Text 'Qq2BV1qtr' is set on object 'Object Repository/RecAndPlayBk/Page-Vlink-Debit/input_Username'

2024-05-27 19:25:50 - [MESSAGE][PASSED] - Text 'Qq2BV1qtr' is set on object 'Object Repository/RecAndPlayBk/Page-Vlink-Debit/input_Username'

2024-05-27 19:25:50 - [TEST_STEP][PASSED] - setText(findTestObject("RecAndPlayBk/Page-Vlink-Debit/input_Password"), password): Text 'tUmWBiLUx' is set on object 'Object Repository/RecAndPlayBk/Page-Vlink-Debit/input_Password'

2024-05-27 19:25:51 - [MESSAGE][PASSED] - Text 'tUmWBiLUx' is set on object 'Object Repository/RecAndPlayBk/Page-Vlink-Debit/input_Password'

2024-05-27 19:25:51 - [TEST_STEP][PASSED] - setText(findTestObject("RecAndPlayBk/Page-Vlink-Debit/input_Check Type"), checkType): Text 'P' is set on object 'Object Repository/RecAndPlayBk/Page-Vlink-Debit/input_Check Type'

2024-05-27 19:25:51 - [MESSAGE][PASSED] - Text 'P' is set on object 'Object Repository/RecAndPlayBk/Page-Vlink-Debit/input_Check Type'

2024-05-27 19:25:51 - [TEST_STEP][PASSED] - setText(findTestObject("RecAndPlayBk/Page-Vlink-Debit/input_Account_check"), acNumber): Text '58963214' is set on object 'Object Repository/RecAndPlayBk/Page-Vlink-Debit/input_Account_check'

2024-05-27 19:25:52 - [MESSAGE][PASSED] - Text '58963214' is set on object 'Object Repository/RecAndPlayBk/Page-Vlink-Debit/input_Account_check'

2024-05-27 19:25:52 - [TEST_STEP][PASSED] - setText(findTestObject("RecAndPlayBk/Page-Vlink-Debit/input_Company_check"), company): Text '' is set on object 'Object Repository/RecAndPlayBk/Page-Vlink-Debit/input_Company_check'

2024-05-27 19:25:53 - [MESSAGE][PASSED] - Text '' is set on object 'Object Repository/RecAndPlayBk/Page-Vlink-Debit/input_Company_check'

2024-05-27 19:25:53 - [TEST_STEP][PASSED] - setText(findTestObject("RecAndPlayBk/Page-Vlink-Debit/input_Account Type"), acType): Text '1' is set on object 'Object Repository/RecAndPlayBk/Page-Vlink-Debit/input_Account Type'

2024-05-27 19:25:54 - [MESSAGE][PASSED] - Text '1' is set on object 'Object Repository/RecAndPlayBk/Page-Vlink-Debit/input_Account Type'

2024-05-27 19:25:54 - [TEST_STEP][PASSED] - setText(findTestObject("RecAndPlayBk/Page-Vlink-Debit/input_Routing Number"), rtn): Text '256072691' is set on object 'Object Repository/RecAndPlayBk/Page-Vlink-Debit/input_Routing Number'

2024-05-27 19:25:54 - [MESSAGE][PASSED] - Text '256072691' is set on object 'Object Repository/RecAndPlayBk/Page-Vlink-Debit/input_Routing Number'

2024-05-27 19:25:54 - [TEST_STEP][PASSED] - setText(findTestObject("RecAndPlayBk/Page-Vlink-Debit/input_Amount"), amount): Text '0' is set on object 'Object Repository/RecAndPlayBk/Page-Vlink-Debit/input_Amount'

2024-05-27 19:25:55 - [MESSAGE][PASSED] - Text '0' is set on object 'Object Repository/RecAndPlayBk/Page-Vlink-Debit/input_Amount'

2024-05-27 19:25:55 - [TEST_STEP][PASSED] - setText(findTestObject("RecAndPlayBk/Page-Vlink-Debit/input_Check Email"), ""): Text '' is set on object 'Object Repository/RecAndPlayBk/Page-Vlink-Debit/input_Check Email'

2024-05-27 19:25:56 - [MESSAGE][PASSED] - Text '' is set on object 'Object Repository/RecAndPlayBk/Page-Vlink-Debit/input_Check Email'

2024-05-27 19:25:56 - [TEST_STEP][PASSED] - setText(findTestObject("Object Repository/RecAndPlayBk/Page-Vlink-Debit/input_concat(CheckWriter, , s SSN)_check_ssn"), ""): Text '' is set on object 'Object Repository/RecAndPlayBk/Page-Vlink-Debit/input_concat(CheckWriter, , s SSN)_check_ssn'

2024-05-27 19:25:56 - [MESSAGE][PASSED] - Text '' is set on object 'Object Repository/RecAndPlayBk/Page-Vlink-Debit/input_concat(CheckWriter, , s SSN)_check_ssn'

2024-05-27 19:25:56 - [TEST_STEP][PASSED] - setText(findTestObject("Object Repository/RecAndPlayBk/Page-Vlink-Debit/input_concat(CheckWriter, , s License Numbe_020fef"), ""): Text '' is set on object 'Object Repository/RecAndPlayBk/Page-Vlink-Debit/input_concat(CheckWriter, , s License Numbe_020fef'

2024-05-27 19:25:57 - [MESSAGE][PASSED] - Text '' is set on object 'Object Repository/RecAndPlayBk/Page-Vlink-Debit/input_concat(CheckWriter, , s License Numbe_020fef'

2024-05-27 19:25:57 - [TEST_STEP][PASSED] - setText(findTestObject("Object Repository/RecAndPlayBk/Page-Vlink-Debit/input_concat(CheckWriter, , s License State_21e3e7"), ""): Text '' is set on object 'Object Repository/RecAndPlayBk/Page-Vlink-Debit/input_concat(CheckWriter, , s License State_21e3e7'

2024-05-27 19:25:58 - [MESSAGE][PASSED] - Text '' is set on object 'Object Repository/RecAndPlayBk/Page-Vlink-Debit/input_concat(CheckWriter, , s License State_21e3e7'

2024-05-27 19:25:58 - [TEST_STEP][PASSED] - setText(findTestObject("RecAndPlayBk/Page-Vlink-Debit/input_Standard Entry Class"), sec): Text 'PPD' is set on object 'Object Repository/RecAndPlayBk/Page-Vlink-Debit/input_Standard Entry Class'

2024-05-27 19:25:59 - [MESSAGE][PASSED] - Text 'PPD' is set on object 'Object Repository/RecAndPlayBk/Page-Vlink-Debit/input_Standard Entry Class'

2024-05-27 19:25:59 - [TEST_STEP][PASSED] - click(findTestObject("Object Repository/RecAndPlayBk/Page-Vlink-Debit/input")): Object: 'Object Repository/RecAndPlayBk/Page-Vlink-Debit/input' is clicked on

2024-05-27 19:25:59 - [MESSAGE][PASSED] - Object: 'Object Repository/RecAndPlayBk/Page-Vlink-Debit/input' is clicked on

2024-05-27 19:25:59 - [TEST_STEP][PASSED] - if (verifyTextPresent("invalid: amount", true)): null

2024-05-27 19:26:00 - [MESSAGE][PASSED] - Text 'invalid: amount' is present on page  using regular expression

2024-05-27 19:26:00 - [TEST_STEP][PASSED] - println("invalid: amount text is present on the Confirmation page"): null

2024-05-27 19:26:00 - [TEST_STEP][PASSED] - out.println("Pass Record Number: " + row): null

2024-05-27 19:26:00 - [TEST_STEP][PASSED] - resText = "Pass": null

2024-05-27 19:26:00 - [TEST_STEP][PASSED] - pages.WriteExcel.demoKey(resText, datText, resColumn, datCloumn, fileLoc, nameSheet, row): pages.WriteExcel.demoKey is PASSED

2024-05-27 19:26:00 - [MESSAGE][PASSED] - pages.WriteExcel.demoKey is PASSED

2024-05-27 19:26:00 - [TEST_STEP][PASSED] - ExecuteTC = findTestData(dataFile).getValue("Execute", row): null

2024-05-27 19:26:00 - [TEST_STEP][PASSED] - out.println("Value of Execute is : " + ExecuteTC): null

2024-05-27 19:26:00 - [TEST_STEP][PASSED] - switch (executionProfile): null

2024-05-27 19:26:00 - [TEST_STEP][PASSED] - case "DemoProfile":: null

2024-05-27 19:26:00 - [TEST_STEP][PASSED] - appID = findTestData(dataFile).getValue("AppIDDemo", row): null

2024-05-27 19:26:00 - [TEST_STEP][PASSED] - username = findTestData(dataFile).getValue("UsernameDemo", row): null

2024-05-27 19:26:00 - [TEST_STEP][PASSED] - password = findTestData(dataFile).getValue("PasswordDemo", row): null

2024-05-27 19:26:00 - [TEST_STEP][PASSED] - break: null

2024-05-27 19:26:00 - [TEST_STEP][PASSED] - if (ExecuteTC.equalsIgnoreCase("Y")): null

2024-05-27 19:26:00 - [TEST_STEP][PASSED] - out.println("Begin Record Number: " + row): null

2024-05-27 19:26:00 - [TEST_STEP][PASSED] - today = new java.util.Date(): null

2024-05-27 19:26:00 - [TEST_STEP][PASSED] - println(today): null

2024-05-27 19:26:00 - [TEST_STEP][PASSED] - datText = today: null

2024-05-27 19:26:00 - [TEST_STEP][PASSED] - checkType = findTestData(dataFile).getValue("CheckType", row): null

2024-05-27 19:26:00 - [TEST_STEP][PASSED] - acNumber = findTestData(dataFile).getValue("AcNumber", row): null

2024-05-27 19:26:00 - [TEST_STEP][PASSED] - company = findTestData(dataFile).getValue("Company", row): null

2024-05-27 19:26:00 - [TEST_STEP][PASSED] - acType = findTestData(dataFile).getValue("AcType", row): null

2024-05-27 19:26:00 - [TEST_STEP][PASSED] - rtn = findTestData(dataFile).getValue("RTN", row): null

2024-05-27 19:26:00 - [TEST_STEP][PASSED] - amount = findTestData(dataFile).getValue("Amount", row): null

2024-05-27 19:26:00 - [TEST_STEP][PASSED] - sec = findTestData(dataFile).getValue("SEC", row): null

2024-05-27 19:26:01 - [TEST_STEP][PASSED] - openBrowser(VLinkURL + "debit.html"): Browser is opened with url: 'https://dev-algorithm.govolution.com/vlinktest/demo/version_2_0/debit.html'

2024-05-27 19:26:01 - [MESSAGE][WARNING] - A browser is already opened. Closing browser and opening a new one

2024-05-27 19:26:02 - [MESSAGE][INFO] - Starting 'Chrome' driver

2024-05-27 19:26:02 - [MESSAGE][INFO] - User set preference: ['acceptInsecureCerts', 'true']

2024-05-27 19:26:02 - [MESSAGE][INFO] - Action delay is set to 0 milliseconds

2024-05-27 19:26:04 - [MESSAGE][PASSED] - Browser is opened with url: 'https://dev-algorithm.govolution.com/vlinktest/demo/version_2_0/debit.html'

2024-05-27 19:26:04 - [TEST_STEP][PASSED] - maximizeWindow(): Current window maximized

2024-05-27 19:26:04 - [MESSAGE][PASSED] - Current window maximized

2024-05-27 19:26:04 - [TEST_STEP][PASSED] - genRemID = RandomStringUtils.random(12, true, true): null

2024-05-27 19:26:04 - [TEST_STEP][PASSED] - setText(findTestObject("RecAndPlayBk/Page-Vlink-Debit/input_Remittance Id"), genRemID): Text 'alNCBfivONzP' is set on object 'Object Repository/RecAndPlayBk/Page-Vlink-Debit/input_Remittance Id'

2024-05-27 19:26:05 - [MESSAGE][PASSED] - Text 'alNCBfivONzP' is set on object 'Object Repository/RecAndPlayBk/Page-Vlink-Debit/input_Remittance Id'

2024-05-27 19:26:05 - [TEST_STEP][PASSED] - setText(findTestObject("RecAndPlayBk/Page-Vlink-Debit/input_Application Id"), appID): Text '1773' is set on object 'Object Repository/RecAndPlayBk/Page-Vlink-Debit/input_Application Id'

2024-05-27 19:26:05 - [MESSAGE][PASSED] - Text '1773' is set on object 'Object Repository/RecAndPlayBk/Page-Vlink-Debit/input_Application Id'

2024-05-27 19:26:05 - [TEST_STEP][PASSED] - setText(findTestObject("RecAndPlayBk/Page-Vlink-Debit/input_Username"), username): Text 'Qq2BV1qtr' is set on object 'Object Repository/RecAndPlayBk/Page-Vlink-Debit/input_Username'

2024-05-27 19:26:06 - [MESSAGE][PASSED] - Text 'Qq2BV1qtr' is set on object 'Object Repository/RecAndPlayBk/Page-Vlink-Debit/input_Username'

2024-05-27 19:26:06 - [TEST_STEP][PASSED] - setText(findTestObject("RecAndPlayBk/Page-Vlink-Debit/input_Password"), password): Text 'tUmWBiLUx' is set on object 'Object Repository/RecAndPlayBk/Page-Vlink-Debit/input_Password'

2024-05-27 19:26:07 - [MESSAGE][PASSED] - Text 'tUmWBiLUx' is set on object 'Object Repository/RecAndPlayBk/Page-Vlink-Debit/input_Password'

2024-05-27 19:26:07 - [TEST_STEP][PASSED] - setText(findTestObject("RecAndPlayBk/Page-Vlink-Debit/input_Check Type"), checkType): Text 'P' is set on object 'Object Repository/RecAndPlayBk/Page-Vlink-Debit/input_Check Type'

2024-05-27 19:26:07 - [MESSAGE][PASSED] - Text 'P' is set on object 'Object Repository/RecAndPlayBk/Page-Vlink-Debit/input_Check Type'

2024-05-27 19:26:07 - [TEST_STEP][PASSED] - setText(findTestObject("RecAndPlayBk/Page-Vlink-Debit/input_Account_check"), acNumber): Text '58963214' is set on object 'Object Repository/RecAndPlayBk/Page-Vlink-Debit/input_Account_check'

2024-05-27 19:26:08 - [MESSAGE][PASSED] - Text '58963214' is set on object 'Object Repository/RecAndPlayBk/Page-Vlink-Debit/input_Account_check'

2024-05-27 19:26:08 - [TEST_STEP][PASSED] - setText(findTestObject("RecAndPlayBk/Page-Vlink-Debit/input_Company_check"), company): Text '' is set on object 'Object Repository/RecAndPlayBk/Page-Vlink-Debit/input_Company_check'

2024-05-27 19:26:09 - [MESSAGE][PASSED] - Text '' is set on object 'Object Repository/RecAndPlayBk/Page-Vlink-Debit/input_Company_check'

2024-05-27 19:26:09 - [TEST_STEP][PASSED] - setText(findTestObject("RecAndPlayBk/Page-Vlink-Debit/input_Account Type"), acType): Text '2' is set on object 'Object Repository/RecAndPlayBk/Page-Vlink-Debit/input_Account Type'

2024-05-27 19:26:09 - [MESSAGE][PASSED] - Text '2' is set on object 'Object Repository/RecAndPlayBk/Page-Vlink-Debit/input_Account Type'

2024-05-27 19:26:09 - [TEST_STEP][PASSED] - setText(findTestObject("RecAndPlayBk/Page-Vlink-Debit/input_Routing Number"), rtn): Text '256072691' is set on object 'Object Repository/RecAndPlayBk/Page-Vlink-Debit/input_Routing Number'

2024-05-27 19:26:10 - [MESSAGE][PASSED] - Text '256072691' is set on object 'Object Repository/RecAndPlayBk/Page-Vlink-Debit/input_Routing Number'

2024-05-27 19:26:10 - [TEST_STEP][PASSED] - setText(findTestObject("RecAndPlayBk/Page-Vlink-Debit/input_Amount"), amount): Text '0' is set on object 'Object Repository/RecAndPlayBk/Page-Vlink-Debit/input_Amount'

2024-05-27 19:26:11 - [MESSAGE][PASSED] - Text '0' is set on object 'Object Repository/RecAndPlayBk/Page-Vlink-Debit/input_Amount'

2024-05-27 19:26:11 - [TEST_STEP][PASSED] - setText(findTestObject("RecAndPlayBk/Page-Vlink-Debit/input_Check Email"), ""): Text '' is set on object 'Object Repository/RecAndPlayBk/Page-Vlink-Debit/input_Check Email'

2024-05-27 19:26:12 - [MESSAGE][PASSED] - Text '' is set on object 'Object Repository/RecAndPlayBk/Page-Vlink-Debit/input_Check Email'

2024-05-27 19:26:12 - [TEST_STEP][PASSED] - setText(findTestObject("Object Repository/RecAndPlayBk/Page-Vlink-Debit/input_concat(CheckWriter, , s SSN)_check_ssn"), ""): Text '' is set on object 'Object Repository/RecAndPlayBk/Page-Vlink-Debit/input_concat(CheckWriter, , s SSN)_check_ssn'

2024-05-27 19:26:12 - [MESSAGE][PASSED] - Text '' is set on object 'Object Repository/RecAndPlayBk/Page-Vlink-Debit/input_concat(CheckWriter, , s SSN)_check_ssn'

2024-05-27 19:26:12 - [TEST_STEP][PASSED] - setText(findTestObject("Object Repository/RecAndPlayBk/Page-Vlink-Debit/input_concat(CheckWriter, , s License Numbe_020fef"), ""): Text '' is set on object 'Object Repository/RecAndPlayBk/Page-Vlink-Debit/input_concat(CheckWriter, , s License Numbe_020fef'

2024-05-27 19:26:13 - [MESSAGE][PASSED] - Text '' is set on object 'Object Repository/RecAndPlayBk/Page-Vlink-Debit/input_concat(CheckWriter, , s License Numbe_020fef'

2024-05-27 19:26:13 - [TEST_STEP][PASSED] - setText(findTestObject("Object Repository/RecAndPlayBk/Page-Vlink-Debit/input_concat(CheckWriter, , s License State_21e3e7"), ""): Text '' is set on object 'Object Repository/RecAndPlayBk/Page-Vlink-Debit/input_concat(CheckWriter, , s License State_21e3e7'

2024-05-27 19:26:14 - [MESSAGE][PASSED] - Text '' is set on object 'Object Repository/RecAndPlayBk/Page-Vlink-Debit/input_concat(CheckWriter, , s License State_21e3e7'

2024-05-27 19:26:14 - [TEST_STEP][PASSED] - setText(findTestObject("RecAndPlayBk/Page-Vlink-Debit/input_Standard Entry Class"), sec): Text 'WEB' is set on object 'Object Repository/RecAndPlayBk/Page-Vlink-Debit/input_Standard Entry Class'

2024-05-27 19:26:14 - [MESSAGE][PASSED] - Text 'WEB' is set on object 'Object Repository/RecAndPlayBk/Page-Vlink-Debit/input_Standard Entry Class'

2024-05-27 19:26:14 - [TEST_STEP][PASSED] - click(findTestObject("Object Repository/RecAndPlayBk/Page-Vlink-Debit/input")): Object: 'Object Repository/RecAndPlayBk/Page-Vlink-Debit/input' is clicked on

2024-05-27 19:26:15 - [MESSAGE][PASSED] - Object: 'Object Repository/RecAndPlayBk/Page-Vlink-Debit/input' is clicked on

2024-05-27 19:26:15 - [TEST_STEP][PASSED] - if (verifyTextPresent("invalid: amount", true)): null

2024-05-27 19:26:15 - [MESSAGE][PASSED] - Text 'invalid: amount' is present on page  using regular expression

2024-05-27 19:26:15 - [TEST_STEP][PASSED] - println("invalid: amount text is present on the Confirmation page"): null

2024-05-27 19:26:15 - [TEST_STEP][PASSED] - out.println("Pass Record Number: " + row): null

2024-05-27 19:26:15 - [TEST_STEP][PASSED] - resText = "Pass": null

2024-05-27 19:26:15 - [TEST_STEP][PASSED] - pages.WriteExcel.demoKey(resText, datText, resColumn, datCloumn, fileLoc, nameSheet, row): pages.WriteExcel.demoKey is PASSED

2024-05-27 19:26:16 - [MESSAGE][PASSED] - pages.WriteExcel.demoKey is PASSED

2024-05-27 19:26:16 - [TEST_STEP][PASSED] - ExecuteTC = findTestData(dataFile).getValue("Execute", row): null

2024-05-27 19:26:16 - [TEST_STEP][PASSED] - out.println("Value of Execute is : " + ExecuteTC): null

2024-05-27 19:26:16 - [TEST_STEP][PASSED] - switch (executionProfile): null

2024-05-27 19:26:16 - [TEST_STEP][PASSED] - case "DemoProfile":: null

2024-05-27 19:26:16 - [TEST_STEP][PASSED] - appID = findTestData(dataFile).getValue("AppIDDemo", row): null

2024-05-27 19:26:16 - [TEST_STEP][PASSED] - username = findTestData(dataFile).getValue("UsernameDemo", row): null

2024-05-27 19:26:16 - [TEST_STEP][PASSED] - password = findTestData(dataFile).getValue("PasswordDemo", row): null

2024-05-27 19:26:16 - [TEST_STEP][PASSED] - break: null

2024-05-27 19:26:16 - [TEST_STEP][PASSED] - if (ExecuteTC.equalsIgnoreCase("Y")): null

2024-05-27 19:26:16 - [TEST_STEP][PASSED] - out.println("Begin Record Number: " + row): null

2024-05-27 19:26:16 - [TEST_STEP][PASSED] - today = new java.util.Date(): null

2024-05-27 19:26:16 - [TEST_STEP][PASSED] - println(today): null

2024-05-27 19:26:16 - [TEST_STEP][PASSED] - datText = today: null

2024-05-27 19:26:16 - [TEST_STEP][PASSED] - checkType = findTestData(dataFile).getValue("CheckType", row): null

2024-05-27 19:26:16 - [TEST_STEP][PASSED] - acNumber = findTestData(dataFile).getValue("AcNumber", row): null

2024-05-27 19:26:16 - [TEST_STEP][PASSED] - company = findTestData(dataFile).getValue("Company", row): null

2024-05-27 19:26:16 - [TEST_STEP][PASSED] - acType = findTestData(dataFile).getValue("AcType", row): null

2024-05-27 19:26:16 - [TEST_STEP][PASSED] - rtn = findTestData(dataFile).getValue("RTN", row): null

2024-05-27 19:26:17 - [TEST_STEP][PASSED] - amount = findTestData(dataFile).getValue("Amount", row): null

2024-05-27 19:26:17 - [TEST_STEP][PASSED] - sec = findTestData(dataFile).getValue("SEC", row): null

2024-05-27 19:26:17 - [TEST_STEP][PASSED] - openBrowser(VLinkURL + "debit.html"): Browser is opened with url: 'https://dev-algorithm.govolution.com/vlinktest/demo/version_2_0/debit.html'

2024-05-27 19:26:17 - [MESSAGE][WARNING] - A browser is already opened. Closing browser and opening a new one

2024-05-27 19:26:18 - [MESSAGE][INFO] - Starting 'Chrome' driver

2024-05-27 19:26:18 - [MESSAGE][INFO] - User set preference: ['acceptInsecureCerts', 'true']

2024-05-27 19:26:18 - [MESSAGE][INFO] - Action delay is set to 0 milliseconds

2024-05-27 19:26:20 - [MESSAGE][PASSED] - Browser is opened with url: 'https://dev-algorithm.govolution.com/vlinktest/demo/version_2_0/debit.html'

2024-05-27 19:26:20 - [TEST_STEP][PASSED] - maximizeWindow(): Current window maximized

2024-05-27 19:26:20 - [MESSAGE][PASSED] - Current window maximized

2024-05-27 19:26:20 - [TEST_STEP][PASSED] - genRemID = RandomStringUtils.random(12, true, true): null

2024-05-27 19:26:20 - [TEST_STEP][PASSED] - setText(findTestObject("RecAndPlayBk/Page-Vlink-Debit/input_Remittance Id"), genRemID): Text 'eYJArq462bYw' is set on object 'Object Repository/RecAndPlayBk/Page-Vlink-Debit/input_Remittance Id'

2024-05-27 19:26:21 - [MESSAGE][PASSED] - Text 'eYJArq462bYw' is set on object 'Object Repository/RecAndPlayBk/Page-Vlink-Debit/input_Remittance Id'

2024-05-27 19:26:21 - [TEST_STEP][PASSED] - setText(findTestObject("RecAndPlayBk/Page-Vlink-Debit/input_Application Id"), appID): Text '1773' is set on object 'Object Repository/RecAndPlayBk/Page-Vlink-Debit/input_Application Id'

2024-05-27 19:26:22 - [MESSAGE][PASSED] - Text '1773' is set on object 'Object Repository/RecAndPlayBk/Page-Vlink-Debit/input_Application Id'

2024-05-27 19:26:22 - [TEST_STEP][PASSED] - setText(findTestObject("RecAndPlayBk/Page-Vlink-Debit/input_Username"), username): Text 'Qq2BV1qtr' is set on object 'Object Repository/RecAndPlayBk/Page-Vlink-Debit/input_Username'

2024-05-27 19:26:22 - [MESSAGE][PASSED] - Text 'Qq2BV1qtr' is set on object 'Object Repository/RecAndPlayBk/Page-Vlink-Debit/input_Username'

2024-05-27 19:26:22 - [TEST_STEP][PASSED] - setText(findTestObject("RecAndPlayBk/Page-Vlink-Debit/input_Password"), password): Text 'tUmWBiLUx' is set on object 'Object Repository/RecAndPlayBk/Page-Vlink-Debit/input_Password'

2024-05-27 19:26:23 - [MESSAGE][PASSED] - Text 'tUmWBiLUx' is set on object 'Object Repository/RecAndPlayBk/Page-Vlink-Debit/input_Password'

2024-05-27 19:26:23 - [TEST_STEP][PASSED] - setText(findTestObject("RecAndPlayBk/Page-Vlink-Debit/input_Check Type"), checkType): Text 'P' is set on object 'Object Repository/RecAndPlayBk/Page-Vlink-Debit/input_Check Type'

2024-05-27 19:26:24 - [MESSAGE][PASSED] - Text 'P' is set on object 'Object Repository/RecAndPlayBk/Page-Vlink-Debit/input_Check Type'

2024-05-27 19:26:24 - [TEST_STEP][PASSED] - setText(findTestObject("RecAndPlayBk/Page-Vlink-Debit/input_Account_check"), acNumber): Text '58963214' is set on object 'Object Repository/RecAndPlayBk/Page-Vlink-Debit/input_Account_check'

2024-05-27 19:26:24 - [MESSAGE][PASSED] - Text '58963214' is set on object 'Object Repository/RecAndPlayBk/Page-Vlink-Debit/input_Account_check'

2024-05-27 19:26:24 - [TEST_STEP][PASSED] - setText(findTestObject("RecAndPlayBk/Page-Vlink-Debit/input_Company_check"), company): Text '' is set on object 'Object Repository/RecAndPlayBk/Page-Vlink-Debit/input_Company_check'

2024-05-27 19:26:25 - [MESSAGE][PASSED] - Text '' is set on object 'Object Repository/RecAndPlayBk/Page-Vlink-Debit/input_Company_check'

2024-05-27 19:26:25 - [TEST_STEP][PASSED] - setText(findTestObject("RecAndPlayBk/Page-Vlink-Debit/input_Account Type"), acType): Text '2' is set on object 'Object Repository/RecAndPlayBk/Page-Vlink-Debit/input_Account Type'

2024-05-27 19:26:26 - [MESSAGE][PASSED] - Text '2' is set on object 'Object Repository/RecAndPlayBk/Page-Vlink-Debit/input_Account Type'

2024-05-27 19:26:26 - [TEST_STEP][PASSED] - setText(findTestObject("RecAndPlayBk/Page-Vlink-Debit/input_Routing Number"), rtn): Text '256072691' is set on object 'Object Repository/RecAndPlayBk/Page-Vlink-Debit/input_Routing Number'

2024-05-27 19:26:26 - [MESSAGE][PASSED] - Text '256072691' is set on object 'Object Repository/RecAndPlayBk/Page-Vlink-Debit/input_Routing Number'

2024-05-27 19:26:26 - [TEST_STEP][PASSED] - setText(findTestObject("RecAndPlayBk/Page-Vlink-Debit/input_Amount"), amount): Text '0' is set on object 'Object Repository/RecAndPlayBk/Page-Vlink-Debit/input_Amount'

2024-05-27 19:26:27 - [MESSAGE][PASSED] - Text '0' is set on object 'Object Repository/RecAndPlayBk/Page-Vlink-Debit/input_Amount'

2024-05-27 19:26:27 - [TEST_STEP][PASSED] - setText(findTestObject("RecAndPlayBk/Page-Vlink-Debit/input_Check Email"), ""): Text '' is set on object 'Object Repository/RecAndPlayBk/Page-Vlink-Debit/input_Check Email'

2024-05-27 19:26:28 - [MESSAGE][PASSED] - Text '' is set on object 'Object Repository/RecAndPlayBk/Page-Vlink-Debit/input_Check Email'

2024-05-27 19:26:28 - [TEST_STEP][PASSED] - setText(findTestObject("Object Repository/RecAndPlayBk/Page-Vlink-Debit/input_concat(CheckWriter, , s SSN)_check_ssn"), ""): Text '' is set on object 'Object Repository/RecAndPlayBk/Page-Vlink-Debit/input_concat(CheckWriter, , s SSN)_check_ssn'

2024-05-27 19:26:29 - [MESSAGE][PASSED] - Text '' is set on object 'Object Repository/RecAndPlayBk/Page-Vlink-Debit/input_concat(CheckWriter, , s SSN)_check_ssn'

2024-05-27 19:26:29 - [TEST_STEP][PASSED] - setText(findTestObject("Object Repository/RecAndPlayBk/Page-Vlink-Debit/input_concat(CheckWriter, , s License Numbe_020fef"), ""): Text '' is set on object 'Object Repository/RecAndPlayBk/Page-Vlink-Debit/input_concat(CheckWriter, , s License Numbe_020fef'

2024-05-27 19:26:29 - [MESSAGE][PASSED] - Text '' is set on object 'Object Repository/RecAndPlayBk/Page-Vlink-Debit/input_concat(CheckWriter, , s License Numbe_020fef'

2024-05-27 19:26:29 - [TEST_STEP][PASSED] - setText(findTestObject("Object Repository/RecAndPlayBk/Page-Vlink-Debit/input_concat(CheckWriter, , s License State_21e3e7"), ""): Text '' is set on object 'Object Repository/RecAndPlayBk/Page-Vlink-Debit/input_concat(CheckWriter, , s License State_21e3e7'

2024-05-27 19:26:30 - [MESSAGE][PASSED] - Text '' is set on object 'Object Repository/RecAndPlayBk/Page-Vlink-Debit/input_concat(CheckWriter, , s License State_21e3e7'

2024-05-27 19:26:30 - [TEST_STEP][PASSED] - setText(findTestObject("RecAndPlayBk/Page-Vlink-Debit/input_Standard Entry Class"), sec): Text 'TEL' is set on object 'Object Repository/RecAndPlayBk/Page-Vlink-Debit/input_Standard Entry Class'

2024-05-27 19:26:31 - [MESSAGE][PASSED] - Text 'TEL' is set on object 'Object Repository/RecAndPlayBk/Page-Vlink-Debit/input_Standard Entry Class'

2024-05-27 19:26:31 - [TEST_STEP][PASSED] - click(findTestObject("Object Repository/RecAndPlayBk/Page-Vlink-Debit/input")): Object: 'Object Repository/RecAndPlayBk/Page-Vlink-Debit/input' is clicked on

2024-05-27 19:26:32 - [MESSAGE][PASSED] - Object: 'Object Repository/RecAndPlayBk/Page-Vlink-Debit/input' is clicked on

2024-05-27 19:26:32 - [TEST_STEP][PASSED] - if (verifyTextPresent("invalid: amount", true)): null

2024-05-27 19:26:32 - [MESSAGE][PASSED] - Text 'invalid: amount' is present on page  using regular expression

2024-05-27 19:26:32 - [TEST_STEP][PASSED] - println("invalid: amount text is present on the Confirmation page"): null

2024-05-27 19:26:32 - [TEST_STEP][PASSED] - out.println("Pass Record Number: " + row): null

2024-05-27 19:26:32 - [TEST_STEP][PASSED] - resText = "Pass": null

2024-05-27 19:26:32 - [TEST_STEP][PASSED] - pages.WriteExcel.demoKey(resText, datText, resColumn, datCloumn, fileLoc, nameSheet, row): pages.WriteExcel.demoKey is PASSED

2024-05-27 19:26:32 - [MESSAGE][PASSED] - pages.WriteExcel.demoKey is PASSED

2024-05-27 19:26:32 - [TEST_STEP][PASSED] - ExecuteTC = findTestData(dataFile).getValue("Execute", row): null

2024-05-27 19:26:32 - [TEST_STEP][PASSED] - out.println("Value of Execute is : " + ExecuteTC): null

2024-05-27 19:26:32 - [TEST_STEP][PASSED] - switch (executionProfile): null

2024-05-27 19:26:32 - [TEST_STEP][PASSED] - case "DemoProfile":: null

2024-05-27 19:26:32 - [TEST_STEP][PASSED] - appID = findTestData(dataFile).getValue("AppIDDemo", row): null

2024-05-27 19:26:32 - [TEST_STEP][PASSED] - username = findTestData(dataFile).getValue("UsernameDemo", row): null

2024-05-27 19:26:32 - [TEST_STEP][PASSED] - password = findTestData(dataFile).getValue("PasswordDemo", row): null

2024-05-27 19:26:32 - [TEST_STEP][PASSED] - break: null

2024-05-27 19:26:32 - [TEST_STEP][PASSED] - if (ExecuteTC.equalsIgnoreCase("Y")): null

2024-05-27 19:26:32 - [TEST_STEP][PASSED] - out.println("Begin Record Number: " + row): null

2024-05-27 19:26:32 - [TEST_STEP][PASSED] - today = new java.util.Date(): null

2024-05-27 19:26:32 - [TEST_STEP][PASSED] - println(today): null

2024-05-27 19:26:32 - [TEST_STEP][PASSED] - datText = today: null

2024-05-27 19:26:32 - [TEST_STEP][PASSED] - checkType = findTestData(dataFile).getValue("CheckType", row): null

2024-05-27 19:26:32 - [TEST_STEP][PASSED] - acNumber = findTestData(dataFile).getValue("AcNumber", row): null

2024-05-27 19:26:32 - [TEST_STEP][PASSED] - company = findTestData(dataFile).getValue("Company", row): null

2024-05-27 19:26:32 - [TEST_STEP][PASSED] - acType = findTestData(dataFile).getValue("AcType", row): null

2024-05-27 19:26:33 - [TEST_STEP][PASSED] - rtn = findTestData(dataFile).getValue("RTN", row): null

2024-05-27 19:26:33 - [TEST_STEP][PASSED] - amount = findTestData(dataFile).getValue("Amount", row): null

2024-05-27 19:26:33 - [TEST_STEP][PASSED] - sec = findTestData(dataFile).getValue("SEC", row): null

2024-05-27 19:26:33 - [TEST_STEP][PASSED] - openBrowser(VLinkURL + "debit.html"): Browser is opened with url: 'https://dev-algorithm.govolution.com/vlinktest/demo/version_2_0/debit.html'

2024-05-27 19:26:33 - [MESSAGE][WARNING] - A browser is already opened. Closing browser and opening a new one

2024-05-27 19:26:34 - [MESSAGE][INFO] - Starting 'Chrome' driver

2024-05-27 19:26:34 - [MESSAGE][INFO] - User set preference: ['acceptInsecureCerts', 'true']

2024-05-27 19:26:34 - [MESSAGE][INFO] - Action delay is set to 0 milliseconds

2024-05-27 19:26:36 - [MESSAGE][PASSED] - Browser is opened with url: 'https://dev-algorithm.govolution.com/vlinktest/demo/version_2_0/debit.html'

2024-05-27 19:26:36 - [TEST_STEP][PASSED] - maximizeWindow(): Current window maximized

2024-05-27 19:26:36 - [MESSAGE][PASSED] - Current window maximized

2024-05-27 19:26:36 - [TEST_STEP][PASSED] - genRemID = RandomStringUtils.random(12, true, true): null

2024-05-27 19:26:36 - [TEST_STEP][PASSED] - setText(findTestObject("RecAndPlayBk/Page-Vlink-Debit/input_Remittance Id"), genRemID): Text 'WQ0DNPlZsYyM' is set on object 'Object Repository/RecAndPlayBk/Page-Vlink-Debit/input_Remittance Id'

2024-05-27 19:26:37 - [MESSAGE][PASSED] - Text 'WQ0DNPlZsYyM' is set on object 'Object Repository/RecAndPlayBk/Page-Vlink-Debit/input_Remittance Id'

2024-05-27 19:26:37 - [TEST_STEP][PASSED] - setText(findTestObject("RecAndPlayBk/Page-Vlink-Debit/input_Application Id"), appID): Text '1773' is set on object 'Object Repository/RecAndPlayBk/Page-Vlink-Debit/input_Application Id'

2024-05-27 19:26:38 - [MESSAGE][PASSED] - Text '1773' is set on object 'Object Repository/RecAndPlayBk/Page-Vlink-Debit/input_Application Id'

2024-05-27 19:26:38 - [TEST_STEP][PASSED] - setText(findTestObject("RecAndPlayBk/Page-Vlink-Debit/input_Username"), username): Text 'Qq2BV1qtr' is set on object 'Object Repository/RecAndPlayBk/Page-Vlink-Debit/input_Username'

2024-05-27 19:26:38 - [MESSAGE][PASSED] - Text 'Qq2BV1qtr' is set on object 'Object Repository/RecAndPlayBk/Page-Vlink-Debit/input_Username'

2024-05-27 19:26:38 - [TEST_STEP][PASSED] - setText(findTestObject("RecAndPlayBk/Page-Vlink-Debit/input_Password"), password): Text 'tUmWBiLUx' is set on object 'Object Repository/RecAndPlayBk/Page-Vlink-Debit/input_Password'

2024-05-27 19:26:39 - [MESSAGE][PASSED] - Text 'tUmWBiLUx' is set on object 'Object Repository/RecAndPlayBk/Page-Vlink-Debit/input_Password'

2024-05-27 19:26:39 - [TEST_STEP][PASSED] - setText(findTestObject("RecAndPlayBk/Page-Vlink-Debit/input_Check Type"), checkType): Text 'P' is set on object 'Object Repository/RecAndPlayBk/Page-Vlink-Debit/input_Check Type'

2024-05-27 19:26:40 - [MESSAGE][PASSED] - Text 'P' is set on object 'Object Repository/RecAndPlayBk/Page-Vlink-Debit/input_Check Type'

2024-05-27 19:26:40 - [TEST_STEP][PASSED] - setText(findTestObject("RecAndPlayBk/Page-Vlink-Debit/input_Account_check"), acNumber): Text '58963214' is set on object 'Object Repository/RecAndPlayBk/Page-Vlink-Debit/input_Account_check'

2024-05-27 19:26:40 - [MESSAGE][PASSED] - Text '58963214' is set on object 'Object Repository/RecAndPlayBk/Page-Vlink-Debit/input_Account_check'

2024-05-27 19:26:40 - [TEST_STEP][PASSED] - setText(findTestObject("RecAndPlayBk/Page-Vlink-Debit/input_Company_check"), company): Text '' is set on object 'Object Repository/RecAndPlayBk/Page-Vlink-Debit/input_Company_check'

2024-05-27 19:26:41 - [MESSAGE][PASSED] - Text '' is set on object 'Object Repository/RecAndPlayBk/Page-Vlink-Debit/input_Company_check'

2024-05-27 19:26:41 - [TEST_STEP][PASSED] - setText(findTestObject("RecAndPlayBk/Page-Vlink-Debit/input_Account Type"), acType): Text '2' is set on object 'Object Repository/RecAndPlayBk/Page-Vlink-Debit/input_Account Type'

2024-05-27 19:26:42 - [MESSAGE][PASSED] - Text '2' is set on object 'Object Repository/RecAndPlayBk/Page-Vlink-Debit/input_Account Type'

2024-05-27 19:26:42 - [TEST_STEP][PASSED] - setText(findTestObject("RecAndPlayBk/Page-Vlink-Debit/input_Routing Number"), rtn): Text '256072691' is set on object 'Object Repository/RecAndPlayBk/Page-Vlink-Debit/input_Routing Number'

2024-05-27 19:26:43 - [MESSAGE][PASSED] - Text '256072691' is set on object 'Object Repository/RecAndPlayBk/Page-Vlink-Debit/input_Routing Number'

2024-05-27 19:26:43 - [TEST_STEP][PASSED] - setText(findTestObject("RecAndPlayBk/Page-Vlink-Debit/input_Amount"), amount): Text '0' is set on object 'Object Repository/RecAndPlayBk/Page-Vlink-Debit/input_Amount'

2024-05-27 19:26:43 - [MESSAGE][PASSED] - Text '0' is set on object 'Object Repository/RecAndPlayBk/Page-Vlink-Debit/input_Amount'

2024-05-27 19:26:43 - [TEST_STEP][PASSED] - setText(findTestObject("RecAndPlayBk/Page-Vlink-Debit/input_Check Email"), ""): Text '' is set on object 'Object Repository/RecAndPlayBk/Page-Vlink-Debit/input_Check Email'

2024-05-27 19:26:44 - [MESSAGE][PASSED] - Text '' is set on object 'Object Repository/RecAndPlayBk/Page-Vlink-Debit/input_Check Email'

2024-05-27 19:26:44 - [TEST_STEP][PASSED] - setText(findTestObject("Object Repository/RecAndPlayBk/Page-Vlink-Debit/input_concat(CheckWriter, , s SSN)_check_ssn"), ""): Text '' is set on object 'Object Repository/RecAndPlayBk/Page-Vlink-Debit/input_concat(CheckWriter, , s SSN)_check_ssn'

2024-05-27 19:26:45 - [MESSAGE][PASSED] - Text '' is set on object 'Object Repository/RecAndPlayBk/Page-Vlink-Debit/input_concat(CheckWriter, , s SSN)_check_ssn'

2024-05-27 19:26:45 - [TEST_STEP][PASSED] - setText(findTestObject("Object Repository/RecAndPlayBk/Page-Vlink-Debit/input_concat(CheckWriter, , s License Numbe_020fef"), ""): Text '' is set on object 'Object Repository/RecAndPlayBk/Page-Vlink-Debit/input_concat(CheckWriter, , s License Numbe_020fef'

2024-05-27 19:26:46 - [MESSAGE][PASSED] - Text '' is set on object 'Object Repository/RecAndPlayBk/Page-Vlink-Debit/input_concat(CheckWriter, , s License Numbe_020fef'

2024-05-27 19:26:46 - [TEST_STEP][PASSED] - setText(findTestObject("Object Repository/RecAndPlayBk/Page-Vlink-Debit/input_concat(CheckWriter, , s License State_21e3e7"), ""): Text '' is set on object 'Object Repository/RecAndPlayBk/Page-Vlink-Debit/input_concat(CheckWriter, , s License State_21e3e7'

2024-05-27 19:26:46 - [MESSAGE][PASSED] - Text '' is set on object 'Object Repository/RecAndPlayBk/Page-Vlink-Debit/input_concat(CheckWriter, , s License State_21e3e7'

2024-05-27 19:26:46 - [TEST_STEP][PASSED] - setText(findTestObject("RecAndPlayBk/Page-Vlink-Debit/input_Standard Entry Class"), sec): Text 'PPD' is set on object 'Object Repository/RecAndPlayBk/Page-Vlink-Debit/input_Standard Entry Class'

2024-05-27 19:26:47 - [MESSAGE][PASSED] - Text 'PPD' is set on object 'Object Repository/RecAndPlayBk/Page-Vlink-Debit/input_Standard Entry Class'

2024-05-27 19:26:47 - [TEST_STEP][PASSED] - click(findTestObject("Object Repository/RecAndPlayBk/Page-Vlink-Debit/input")): Object: 'Object Repository/RecAndPlayBk/Page-Vlink-Debit/input' is clicked on

2024-05-27 19:26:48 - [MESSAGE][PASSED] - Object: 'Object Repository/RecAndPlayBk/Page-Vlink-Debit/input' is clicked on

2024-05-27 19:26:48 - [TEST_STEP][PASSED] - if (verifyTextPresent("invalid: amount", true)): null

2024-05-27 19:26:48 - [MESSAGE][PASSED] - Text 'invalid: amount' is present on page  using regular expression

2024-05-27 19:26:48 - [TEST_STEP][PASSED] - println("invalid: amount text is present on the Confirmation page"): null

2024-05-27 19:26:48 - [TEST_STEP][PASSED] - out.println("Pass Record Number: " + row): null

2024-05-27 19:26:48 - [TEST_STEP][PASSED] - resText = "Pass": null

2024-05-27 19:26:48 - [TEST_STEP][PASSED] - pages.WriteExcel.demoKey(resText, datText, resColumn, datCloumn, fileLoc, nameSheet, row): pages.WriteExcel.demoKey is PASSED

2024-05-27 19:26:48 - [MESSAGE][PASSED] - pages.WriteExcel.demoKey is PASSED

2024-05-27 19:26:48 - [TEST_STEP][PASSED] - ExecuteTC = findTestData(dataFile).getValue("Execute", row): null

2024-05-27 19:26:48 - [TEST_STEP][PASSED] - out.println("Value of Execute is : " + ExecuteTC): null

2024-05-27 19:26:48 - [TEST_STEP][PASSED] - switch (executionProfile): null

2024-05-27 19:26:48 - [TEST_STEP][PASSED] - case "DemoProfile":: null

2024-05-27 19:26:48 - [TEST_STEP][PASSED] - appID = findTestData(dataFile).getValue("AppIDDemo", row): null

2024-05-27 19:26:49 - [TEST_STEP][PASSED] - username = findTestData(dataFile).getValue("UsernameDemo", row): null

2024-05-27 19:26:49 - [TEST_STEP][PASSED] - password = findTestData(dataFile).getValue("PasswordDemo", row): null

2024-05-27 19:26:49 - [TEST_STEP][PASSED] - break: null

2024-05-27 19:26:49 - [TEST_STEP][PASSED] - if (ExecuteTC.equalsIgnoreCase("Y")): null

2024-05-27 19:26:49 - [TEST_STEP][PASSED] - out.println("Begin Record Number: " + row): null

2024-05-27 19:26:49 - [TEST_STEP][PASSED] - today = new java.util.Date(): null

2024-05-27 19:26:49 - [TEST_STEP][PASSED] - println(today): null

2024-05-27 19:26:49 - [TEST_STEP][PASSED] - datText = today: null

2024-05-27 19:26:49 - [TEST_STEP][PASSED] - checkType = findTestData(dataFile).getValue("CheckType", row): null

2024-05-27 19:26:49 - [TEST_STEP][PASSED] - acNumber = findTestData(dataFile).getValue("AcNumber", row): null

2024-05-27 19:26:49 - [TEST_STEP][PASSED] - company = findTestData(dataFile).getValue("Company", row): null

2024-05-27 19:26:49 - [TEST_STEP][PASSED] - acType = findTestData(dataFile).getValue("AcType", row): null

2024-05-27 19:26:49 - [TEST_STEP][PASSED] - rtn = findTestData(dataFile).getValue("RTN", row): null

2024-05-27 19:26:49 - [TEST_STEP][PASSED] - amount = findTestData(dataFile).getValue("Amount", row): null

2024-05-27 19:26:49 - [TEST_STEP][PASSED] - sec = findTestData(dataFile).getValue("SEC", row): null

2024-05-27 19:26:49 - [TEST_STEP][PASSED] - openBrowser(VLinkURL + "debit.html"): Browser is opened with url: 'https://dev-algorithm.govolution.com/vlinktest/demo/version_2_0/debit.html'

2024-05-27 19:26:49 - [MESSAGE][WARNING] - A browser is already opened. Closing browser and opening a new one

2024-05-27 19:26:50 - [MESSAGE][INFO] - Starting 'Chrome' driver

2024-05-27 19:26:50 - [MESSAGE][INFO] - User set preference: ['acceptInsecureCerts', 'true']

2024-05-27 19:26:50 - [MESSAGE][INFO] - Action delay is set to 0 milliseconds

2024-05-27 19:26:52 - [MESSAGE][PASSED] - Browser is opened with url: 'https://dev-algorithm.govolution.com/vlinktest/demo/version_2_0/debit.html'

2024-05-27 19:26:52 - [TEST_STEP][PASSED] - maximizeWindow(): Current window maximized

2024-05-27 19:26:53 - [MESSAGE][PASSED] - Current window maximized

2024-05-27 19:26:53 - [TEST_STEP][PASSED] - genRemID = RandomStringUtils.random(12, true, true): null

2024-05-27 19:26:53 - [TEST_STEP][PASSED] - setText(findTestObject("RecAndPlayBk/Page-Vlink-Debit/input_Remittance Id"), genRemID): Text 'mwuOPL6nHC8r' is set on object 'Object Repository/RecAndPlayBk/Page-Vlink-Debit/input_Remittance Id'

2024-05-27 19:26:53 - [MESSAGE][PASSED] - Text 'mwuOPL6nHC8r' is set on object 'Object Repository/RecAndPlayBk/Page-Vlink-Debit/input_Remittance Id'

2024-05-27 19:26:53 - [TEST_STEP][PASSED] - setText(findTestObject("RecAndPlayBk/Page-Vlink-Debit/input_Application Id"), appID): Text '1773' is set on object 'Object Repository/RecAndPlayBk/Page-Vlink-Debit/input_Application Id'

2024-05-27 19:26:54 - [MESSAGE][PASSED] - Text '1773' is set on object 'Object Repository/RecAndPlayBk/Page-Vlink-Debit/input_Application Id'

2024-05-27 19:26:54 - [TEST_STEP][PASSED] - setText(findTestObject("RecAndPlayBk/Page-Vlink-Debit/input_Username"), username): Text 'Qq2BV1qtr' is set on object 'Object Repository/RecAndPlayBk/Page-Vlink-Debit/input_Username'

2024-05-27 19:26:55 - [MESSAGE][PASSED] - Text 'Qq2BV1qtr' is set on object 'Object Repository/RecAndPlayBk/Page-Vlink-Debit/input_Username'

2024-05-27 19:26:55 - [TEST_STEP][PASSED] - setText(findTestObject("RecAndPlayBk/Page-Vlink-Debit/input_Password"), password): Text 'tUmWBiLUx' is set on object 'Object Repository/RecAndPlayBk/Page-Vlink-Debit/input_Password'

2024-05-27 19:26:55 - [MESSAGE][PASSED] - Text 'tUmWBiLUx' is set on object 'Object Repository/RecAndPlayBk/Page-Vlink-Debit/input_Password'

2024-05-27 19:26:55 - [TEST_STEP][PASSED] - setText(findTestObject("RecAndPlayBk/Page-Vlink-Debit/input_Check Type"), checkType): Text 'C' is set on object 'Object Repository/RecAndPlayBk/Page-Vlink-Debit/input_Check Type'

2024-05-27 19:26:56 - [MESSAGE][PASSED] - Text 'C' is set on object 'Object Repository/RecAndPlayBk/Page-Vlink-Debit/input_Check Type'

2024-05-27 19:26:56 - [TEST_STEP][PASSED] - setText(findTestObject("RecAndPlayBk/Page-Vlink-Debit/input_Account_check"), acNumber): Text '58963214' is set on object 'Object Repository/RecAndPlayBk/Page-Vlink-Debit/input_Account_check'

2024-05-27 19:26:57 - [MESSAGE][PASSED] - Text '58963214' is set on object 'Object Repository/RecAndPlayBk/Page-Vlink-Debit/input_Account_check'

2024-05-27 19:26:57 - [TEST_STEP][PASSED] - setText(findTestObject("RecAndPlayBk/Page-Vlink-Debit/input_Company_check"), company): Text 'My Company' is set on object 'Object Repository/RecAndPlayBk/Page-Vlink-Debit/input_Company_check'

2024-05-27 19:26:57 - [MESSAGE][PASSED] - Text 'My Company' is set on object 'Object Repository/RecAndPlayBk/Page-Vlink-Debit/input_Company_check'

2024-05-27 19:26:57 - [TEST_STEP][PASSED] - setText(findTestObject("RecAndPlayBk/Page-Vlink-Debit/input_Account Type"), acType): Text '' is set on object 'Object Repository/RecAndPlayBk/Page-Vlink-Debit/input_Account Type'

2024-05-27 19:26:58 - [MESSAGE][PASSED] - Text '' is set on object 'Object Repository/RecAndPlayBk/Page-Vlink-Debit/input_Account Type'

2024-05-27 19:26:58 - [TEST_STEP][PASSED] - setText(findTestObject("RecAndPlayBk/Page-Vlink-Debit/input_Routing Number"), rtn): Text '256072691' is set on object 'Object Repository/RecAndPlayBk/Page-Vlink-Debit/input_Routing Number'

2024-05-27 19:26:59 - [MESSAGE][PASSED] - Text '256072691' is set on object 'Object Repository/RecAndPlayBk/Page-Vlink-Debit/input_Routing Number'

2024-05-27 19:26:59 - [TEST_STEP][PASSED] - setText(findTestObject("RecAndPlayBk/Page-Vlink-Debit/input_Amount"), amount): Text '0' is set on object 'Object Repository/RecAndPlayBk/Page-Vlink-Debit/input_Amount'

2024-05-27 19:26:59 - [MESSAGE][PASSED] - Text '0' is set on object 'Object Repository/RecAndPlayBk/Page-Vlink-Debit/input_Amount'

2024-05-27 19:26:59 - [TEST_STEP][PASSED] - setText(findTestObject("RecAndPlayBk/Page-Vlink-Debit/input_Check Email"), ""): Text '' is set on object 'Object Repository/RecAndPlayBk/Page-Vlink-Debit/input_Check Email'

2024-05-27 19:27:00 - [MESSAGE][PASSED] - Text '' is set on object 'Object Repository/RecAndPlayBk/Page-Vlink-Debit/input_Check Email'

2024-05-27 19:27:00 - [TEST_STEP][PASSED] - setText(findTestObject("Object Repository/RecAndPlayBk/Page-Vlink-Debit/input_concat(CheckWriter, , s SSN)_check_ssn"), ""): Text '' is set on object 'Object Repository/RecAndPlayBk/Page-Vlink-Debit/input_concat(CheckWriter, , s SSN)_check_ssn'

2024-05-27 19:27:01 - [MESSAGE][PASSED] - Text '' is set on object 'Object Repository/RecAndPlayBk/Page-Vlink-Debit/input_concat(CheckWriter, , s SSN)_check_ssn'

2024-05-27 19:27:01 - [TEST_STEP][PASSED] - setText(findTestObject("Object Repository/RecAndPlayBk/Page-Vlink-Debit/input_concat(CheckWriter, , s License Numbe_020fef"), ""): Text '' is set on object 'Object Repository/RecAndPlayBk/Page-Vlink-Debit/input_concat(CheckWriter, , s License Numbe_020fef'

2024-05-27 19:27:02 - [MESSAGE][PASSED] - Text '' is set on object 'Object Repository/RecAndPlayBk/Page-Vlink-Debit/input_concat(CheckWriter, , s License Numbe_020fef'

2024-05-27 19:27:02 - [TEST_STEP][PASSED] - setText(findTestObject("Object Repository/RecAndPlayBk/Page-Vlink-Debit/input_concat(CheckWriter, , s License State_21e3e7"), ""): Text '' is set on object 'Object Repository/RecAndPlayBk/Page-Vlink-Debit/input_concat(CheckWriter, , s License State_21e3e7'

2024-05-27 19:27:03 - [MESSAGE][PASSED] - Text '' is set on object 'Object Repository/RecAndPlayBk/Page-Vlink-Debit/input_concat(CheckWriter, , s License State_21e3e7'

2024-05-27 19:27:03 - [TEST_STEP][PASSED] - setText(findTestObject("RecAndPlayBk/Page-Vlink-Debit/input_Standard Entry Class"), sec): Text 'CCD' is set on object 'Object Repository/RecAndPlayBk/Page-Vlink-Debit/input_Standard Entry Class'

2024-05-27 19:27:04 - [MESSAGE][PASSED] - Text 'CCD' is set on object 'Object Repository/RecAndPlayBk/Page-Vlink-Debit/input_Standard Entry Class'

2024-05-27 19:27:04 - [TEST_STEP][PASSED] - click(findTestObject("Object Repository/RecAndPlayBk/Page-Vlink-Debit/input")): Object: 'Object Repository/RecAndPlayBk/Page-Vlink-Debit/input' is clicked on

2024-05-27 19:27:04 - [MESSAGE][PASSED] - Object: 'Object Repository/RecAndPlayBk/Page-Vlink-Debit/input' is clicked on

2024-05-27 19:27:04 - [TEST_STEP][PASSED] - if (verifyTextPresent("invalid: amount", true)): null

2024-05-27 19:27:05 - [MESSAGE][PASSED] - Text 'invalid: amount' is present on page  using regular expression

2024-05-27 19:27:05 - [TEST_STEP][PASSED] - println("invalid: amount text is present on the Confirmation page"): null

2024-05-27 19:27:05 - [TEST_STEP][PASSED] - out.println("Pass Record Number: " + row): null

2024-05-27 19:27:05 - [TEST_STEP][PASSED] - resText = "Pass": null

2024-05-27 19:27:05 - [TEST_STEP][PASSED] - pages.WriteExcel.demoKey(resText, datText, resColumn, datCloumn, fileLoc, nameSheet, row): pages.WriteExcel.demoKey is PASSED

2024-05-27 19:27:05 - [MESSAGE][PASSED] - pages.WriteExcel.demoKey is PASSED]]></system-out>
         <system-err><![CDATA[]]></system-err>
      </testcase>
      <testcase name="Test Cases/RecAndPlayBk/VLink/Debit-Void" time="189.464" classname="Test Cases/RecAndPlayBk/VLink/Debit-Void" status="PASSED">
         <system-out><![CDATA[2024-05-27 19:27:05 - [TEST_CASE][PASSED] - Test Cases/RecAndPlayBk/VLink/Debit-Void: Test Cases/RecAndPlayBk/VLink/Debit-Void

2024-05-27 19:27:05 - [TEST_STEP][PASSED] - executionProfile = getExecutionProfile(): null

2024-05-27 19:27:05 - [TEST_STEP][PASSED] - out.println("executionProfile : " + executionProfile): null

2024-05-27 19:27:05 - [TEST_STEP][PASSED] - appName = <not implemented yet for class: org.codehaus.groovy.ast.expr.EmptyExpression>: null

2024-05-27 19:27:05 - [TEST_STEP][PASSED] - appID = <not implemented yet for class: org.codehaus.groovy.ast.expr.EmptyExpression>: null

2024-05-27 19:27:05 - [TEST_STEP][PASSED] - username = <not implemented yet for class: org.codehaus.groovy.ast.expr.EmptyExpression>: null

2024-05-27 19:27:05 - [TEST_STEP][PASSED] - password = <not implemented yet for class: org.codehaus.groovy.ast.expr.EmptyExpression>: null

2024-05-27 19:27:05 - [TEST_STEP][PASSED] - cardNameV = <not implemented yet for class: org.codehaus.groovy.ast.expr.EmptyExpression>: null

2024-05-27 19:27:05 - [TEST_STEP][PASSED] - al1V = <not implemented yet for class: org.codehaus.groovy.ast.expr.EmptyExpression>: null

2024-05-27 19:27:06 - [TEST_STEP][PASSED] - al2V = <not implemented yet for class: org.codehaus.groovy.ast.expr.EmptyExpression>: null

2024-05-27 19:27:06 - [TEST_STEP][PASSED] - zipV = <not implemented yet for class: org.codehaus.groovy.ast.expr.EmptyExpression>: null

2024-05-27 19:27:06 - [TEST_STEP][PASSED] - cardTypeV = <not implemented yet for class: org.codehaus.groovy.ast.expr.EmptyExpression>: null

2024-05-27 19:27:06 - [TEST_STEP][PASSED] - last4V = <not implemented yet for class: org.codehaus.groovy.ast.expr.EmptyExpression>: null

2024-05-27 19:27:06 - [TEST_STEP][PASSED] - resText = "Fail": null

2024-05-27 19:27:06 - [TEST_STEP][PASSED] - resColumn = "Result": null

2024-05-27 19:27:06 - [TEST_STEP][PASSED] - datCloumn = "Date": null

2024-05-27 19:27:06 - [TEST_STEP][PASSED] - fileLoc = "KatalonData/VLinkSmokeDataACH.xlsx": null

2024-05-27 19:27:06 - [TEST_STEP][PASSED] - numOfRows = <not implemented yet for class: org.codehaus.groovy.ast.expr.EmptyExpression>: null

2024-05-27 19:27:06 - [TEST_STEP][PASSED] - dataFile = <not implemented yet for class: org.codehaus.groovy.ast.expr.EmptyExpression>: null

2024-05-27 19:27:06 - [TEST_STEP][PASSED] - nameSheet = <not implemented yet for class: org.codehaus.groovy.ast.expr.EmptyExpression>: null

2024-05-27 19:27:06 - [TEST_STEP][PASSED] - nameSheet = "Debit-Void": null

2024-05-27 19:27:06 - [TEST_STEP][PASSED] - numOfRows = findTestData("QA/VLinkTestData/VLinkDebitVoidData").getRowNumbers(): null

2024-05-27 19:27:06 - [TEST_STEP][PASSED] - println("Number of Records: " + numOfRows): null

2024-05-27 19:27:06 - [TEST_STEP][PASSED] - dataFile = "QA/VLinkTestData/VLinkDebitVoidData": null

2024-05-27 19:27:06 - [TEST_STEP][PASSED] - for ([row = 1, row <= numOfRows, (row++)]): null

2024-05-27 19:27:06 - [TEST_STEP][PASSED] - ExecuteTC = findTestData(dataFile).getValue("Execute", row): null

2024-05-27 19:27:06 - [TEST_STEP][PASSED] - out.println("Value of Execute is : " + ExecuteTC): null

2024-05-27 19:27:06 - [TEST_STEP][PASSED] - switch (executionProfile): null

2024-05-27 19:27:06 - [TEST_STEP][PASSED] - case "DemoProfile":: null

2024-05-27 19:27:06 - [TEST_STEP][PASSED] - appID = findTestData(dataFile).getValue("AppIDDemo", row): null

2024-05-27 19:27:06 - [TEST_STEP][PASSED] - username = findTestData(dataFile).getValue("UsernameDemo", row): null

2024-05-27 19:27:06 - [TEST_STEP][PASSED] - password = findTestData(dataFile).getValue("PasswordDemo", row): null

2024-05-27 19:27:06 - [TEST_STEP][PASSED] - break: null

2024-05-27 19:27:06 - [TEST_STEP][PASSED] - if (ExecuteTC.equalsIgnoreCase("Y")): null

2024-05-27 19:27:06 - [TEST_STEP][PASSED] - out.println("Begin Record Number: " + row): null

2024-05-27 19:27:06 - [TEST_STEP][PASSED] - today = new java.util.Date(): null

2024-05-27 19:27:06 - [TEST_STEP][PASSED] - println(today): null

2024-05-27 19:27:06 - [TEST_STEP][PASSED] - datText = today: null

2024-05-27 19:27:06 - [TEST_STEP][PASSED] - checkType = findTestData(dataFile).getValue("CheckType", row): null

2024-05-27 19:27:06 - [TEST_STEP][PASSED] - acNumber = findTestData(dataFile).getValue("AcNumber", row): null

2024-05-27 19:27:06 - [TEST_STEP][PASSED] - company = findTestData(dataFile).getValue("Company", row): null

2024-05-27 19:27:06 - [TEST_STEP][PASSED] - acType = findTestData(dataFile).getValue("AcType", row): null

2024-05-27 19:27:06 - [TEST_STEP][PASSED] - rtn = findTestData(dataFile).getValue("RTN", row): null

2024-05-27 19:27:06 - [TEST_STEP][PASSED] - amount = findTestData(dataFile).getValue("Amount", row): null

2024-05-27 19:27:06 - [TEST_STEP][PASSED] - sec = findTestData(dataFile).getValue("SEC", row): null

2024-05-27 19:27:06 - [TEST_STEP][PASSED] - openBrowser(VLinkURL + "debit.html"): Browser is opened with url: 'https://dev-algorithm.govolution.com/vlinktest/demo/version_2_0/debit.html'

2024-05-27 19:27:06 - [MESSAGE][WARNING] - A browser is already opened. Closing browser and opening a new one

2024-05-27 19:27:07 - [MESSAGE][INFO] - Starting 'Chrome' driver

2024-05-27 19:27:07 - [MESSAGE][INFO] - User set preference: ['acceptInsecureCerts', 'true']

2024-05-27 19:27:07 - [MESSAGE][INFO] - Action delay is set to 0 milliseconds

2024-05-27 19:27:09 - [MESSAGE][PASSED] - Browser is opened with url: 'https://dev-algorithm.govolution.com/vlinktest/demo/version_2_0/debit.html'

2024-05-27 19:27:09 - [TEST_STEP][PASSED] - maximizeWindow(): Current window maximized

2024-05-27 19:27:10 - [MESSAGE][PASSED] - Current window maximized

2024-05-27 19:27:10 - [TEST_STEP][PASSED] - genRemID = RandomStringUtils.random(12, true, true): null

2024-05-27 19:27:10 - [TEST_STEP][PASSED] - setText(findTestObject("RecAndPlayBk/Page-Vlink-Debit/input_Remittance Id"), genRemID): Text 'Z47YWGTgfs3A' is set on object 'Object Repository/RecAndPlayBk/Page-Vlink-Debit/input_Remittance Id'

2024-05-27 19:27:10 - [MESSAGE][PASSED] - Text 'Z47YWGTgfs3A' is set on object 'Object Repository/RecAndPlayBk/Page-Vlink-Debit/input_Remittance Id'

2024-05-27 19:27:10 - [TEST_STEP][PASSED] - setText(findTestObject("RecAndPlayBk/Page-Vlink-Debit/input_Application Id"), appID): Text '1773' is set on object 'Object Repository/RecAndPlayBk/Page-Vlink-Debit/input_Application Id'

2024-05-27 19:27:11 - [MESSAGE][PASSED] - Text '1773' is set on object 'Object Repository/RecAndPlayBk/Page-Vlink-Debit/input_Application Id'

2024-05-27 19:27:11 - [TEST_STEP][PASSED] - setText(findTestObject("RecAndPlayBk/Page-Vlink-Debit/input_Username"), username): Text 'Qq2BV1qtr' is set on object 'Object Repository/RecAndPlayBk/Page-Vlink-Debit/input_Username'

2024-05-27 19:27:12 - [MESSAGE][PASSED] - Text 'Qq2BV1qtr' is set on object 'Object Repository/RecAndPlayBk/Page-Vlink-Debit/input_Username'

2024-05-27 19:27:12 - [TEST_STEP][PASSED] - setText(findTestObject("RecAndPlayBk/Page-Vlink-Debit/input_Password"), password): Text 'tUmWBiLUx' is set on object 'Object Repository/RecAndPlayBk/Page-Vlink-Debit/input_Password'

2024-05-27 19:27:12 - [MESSAGE][PASSED] - Text 'tUmWBiLUx' is set on object 'Object Repository/RecAndPlayBk/Page-Vlink-Debit/input_Password'

2024-05-27 19:27:12 - [TEST_STEP][PASSED] - setText(findTestObject("RecAndPlayBk/Page-Vlink-Debit/input_Check Type"), checkType): Text 'P' is set on object 'Object Repository/RecAndPlayBk/Page-Vlink-Debit/input_Check Type'

2024-05-27 19:27:13 - [MESSAGE][PASSED] - Text 'P' is set on object 'Object Repository/RecAndPlayBk/Page-Vlink-Debit/input_Check Type'

2024-05-27 19:27:13 - [TEST_STEP][PASSED] - setText(findTestObject("RecAndPlayBk/Page-Vlink-Debit/input_Account_check"), acNumber): Text '58963214' is set on object 'Object Repository/RecAndPlayBk/Page-Vlink-Debit/input_Account_check'

2024-05-27 19:27:14 - [MESSAGE][PASSED] - Text '58963214' is set on object 'Object Repository/RecAndPlayBk/Page-Vlink-Debit/input_Account_check'

2024-05-27 19:27:14 - [TEST_STEP][PASSED] - setText(findTestObject("RecAndPlayBk/Page-Vlink-Debit/input_Company_check"), company): Text '' is set on object 'Object Repository/RecAndPlayBk/Page-Vlink-Debit/input_Company_check'

2024-05-27 19:27:14 - [MESSAGE][PASSED] - Text '' is set on object 'Object Repository/RecAndPlayBk/Page-Vlink-Debit/input_Company_check'

2024-05-27 19:27:14 - [TEST_STEP][PASSED] - setText(findTestObject("RecAndPlayBk/Page-Vlink-Debit/input_Account Type"), acType): Text '1' is set on object 'Object Repository/RecAndPlayBk/Page-Vlink-Debit/input_Account Type'

2024-05-27 19:27:15 - [MESSAGE][PASSED] - Text '1' is set on object 'Object Repository/RecAndPlayBk/Page-Vlink-Debit/input_Account Type'

2024-05-27 19:27:15 - [TEST_STEP][PASSED] - setText(findTestObject("RecAndPlayBk/Page-Vlink-Debit/input_Routing Number"), rtn): Text '256072691' is set on object 'Object Repository/RecAndPlayBk/Page-Vlink-Debit/input_Routing Number'

2024-05-27 19:27:16 - [MESSAGE][PASSED] - Text '256072691' is set on object 'Object Repository/RecAndPlayBk/Page-Vlink-Debit/input_Routing Number'

2024-05-27 19:27:16 - [TEST_STEP][PASSED] - setText(findTestObject("RecAndPlayBk/Page-Vlink-Debit/input_Amount"), amount): Text '12.50' is set on object 'Object Repository/RecAndPlayBk/Page-Vlink-Debit/input_Amount'

2024-05-27 19:27:17 - [MESSAGE][PASSED] - Text '12.50' is set on object 'Object Repository/RecAndPlayBk/Page-Vlink-Debit/input_Amount'

2024-05-27 19:27:17 - [TEST_STEP][PASSED] - setText(findTestObject("RecAndPlayBk/Page-Vlink-Debit/input_Check Email"), ""): Text '' is set on object 'Object Repository/RecAndPlayBk/Page-Vlink-Debit/input_Check Email'

2024-05-27 19:27:17 - [MESSAGE][PASSED] - Text '' is set on object 'Object Repository/RecAndPlayBk/Page-Vlink-Debit/input_Check Email'

2024-05-27 19:27:17 - [TEST_STEP][PASSED] - setText(findTestObject("Object Repository/RecAndPlayBk/Page-Vlink-Debit/input_concat(CheckWriter, , s SSN)_check_ssn"), ""): Text '' is set on object 'Object Repository/RecAndPlayBk/Page-Vlink-Debit/input_concat(CheckWriter, , s SSN)_check_ssn'

2024-05-27 19:27:18 - [MESSAGE][PASSED] - Text '' is set on object 'Object Repository/RecAndPlayBk/Page-Vlink-Debit/input_concat(CheckWriter, , s SSN)_check_ssn'

2024-05-27 19:27:18 - [TEST_STEP][PASSED] - setText(findTestObject("Object Repository/RecAndPlayBk/Page-Vlink-Debit/input_concat(CheckWriter, , s License Numbe_020fef"), ""): Text '' is set on object 'Object Repository/RecAndPlayBk/Page-Vlink-Debit/input_concat(CheckWriter, , s License Numbe_020fef'

2024-05-27 19:27:19 - [MESSAGE][PASSED] - Text '' is set on object 'Object Repository/RecAndPlayBk/Page-Vlink-Debit/input_concat(CheckWriter, , s License Numbe_020fef'

2024-05-27 19:27:19 - [TEST_STEP][PASSED] - setText(findTestObject("Object Repository/RecAndPlayBk/Page-Vlink-Debit/input_concat(CheckWriter, , s License State_21e3e7"), ""): Text '' is set on object 'Object Repository/RecAndPlayBk/Page-Vlink-Debit/input_concat(CheckWriter, , s License State_21e3e7'

2024-05-27 19:27:19 - [MESSAGE][PASSED] - Text '' is set on object 'Object Repository/RecAndPlayBk/Page-Vlink-Debit/input_concat(CheckWriter, , s License State_21e3e7'

2024-05-27 19:27:19 - [TEST_STEP][PASSED] - setText(findTestObject("RecAndPlayBk/Page-Vlink-Debit/input_Standard Entry Class"), sec): Text 'WEB' is set on object 'Object Repository/RecAndPlayBk/Page-Vlink-Debit/input_Standard Entry Class'

2024-05-27 19:27:20 - [MESSAGE][PASSED] - Text 'WEB' is set on object 'Object Repository/RecAndPlayBk/Page-Vlink-Debit/input_Standard Entry Class'

2024-05-27 19:27:20 - [TEST_STEP][PASSED] - click(findTestObject("Object Repository/RecAndPlayBk/Page-Vlink-Debit/input")): Object: 'Object Repository/RecAndPlayBk/Page-Vlink-Debit/input' is clicked on

2024-05-27 19:27:21 - [MESSAGE][PASSED] - Object: 'Object Repository/RecAndPlayBk/Page-Vlink-Debit/input' is clicked on

2024-05-27 19:27:21 - [TEST_STEP][PASSED] - if (verifyTextPresent("Transaction approved, no errors", true)): null

2024-05-27 19:27:22 - [MESSAGE][PASSED] - Text 'Transaction approved, no errors' is present on page  using regular expression

2024-05-27 19:27:22 - [TEST_STEP][PASSED] - println("Transaction Approved, no errors text is present on the Confirmation page"): null

2024-05-27 19:27:22 - [TEST_STEP][PASSED] - sdfo = getText(findTestObject("Object Repository/Page_VLinkReceipt/pre_STX")): Text of object 'Object Repository/Page_VLinkReceipt/pre_STX' is: '<STX>Z47YWGTgfs3A                  2967842             0  Transaction approved, no errors                   0                                                                                                              <ETX>'

2024-05-27 19:27:22 - [MESSAGE][PASSED] - Text of object 'Object Repository/Page_VLinkReceipt/pre_STX' is: '<STX>Z47YWGTgfs3A                  2967842             0  Transaction approved, no errors                   0                                                                                                              <ETX>'

2024-05-27 19:27:22 - [TEST_STEP][PASSED] - out.println("sdfo: " + sdfo): null

2024-05-27 19:27:22 - [TEST_STEP][PASSED] - remID = substring(5, 35).trim(): null

2024-05-27 19:27:22 - [TEST_STEP][PASSED] - out.println("remID: " + remID): null

2024-05-27 19:27:22 - [TEST_STEP][PASSED] - traxID = substring(35, 55).trim(): null

2024-05-27 19:27:22 - [TEST_STEP][PASSED] - out.println("traxID: " + traxID): null

2024-05-27 19:27:22 - [TEST_STEP][PASSED] - VLinkSaleRemID = remID: null

2024-05-27 19:27:22 - [TEST_STEP][PASSED] - VLinkSaleTranxID = traxID: null

2024-05-27 19:27:22 - [TEST_STEP][PASSED] - openBrowser(VLinkURL + "ACH_void.html"): Browser is opened with url: 'https://dev-algorithm.govolution.com/vlinktest/demo/version_2_0/ACH_void.html'

2024-05-27 19:27:22 - [MESSAGE][WARNING] - A browser is already opened. Closing browser and opening a new one

2024-05-27 19:27:23 - [MESSAGE][INFO] - Starting 'Chrome' driver

2024-05-27 19:27:23 - [MESSAGE][INFO] - User set preference: ['acceptInsecureCerts', 'true']

2024-05-27 19:27:23 - [MESSAGE][INFO] - Action delay is set to 0 milliseconds

2024-05-27 19:27:25 - [MESSAGE][PASSED] - Browser is opened with url: 'https://dev-algorithm.govolution.com/vlinktest/demo/version_2_0/ACH_void.html'

2024-05-27 19:27:25 - [TEST_STEP][PASSED] - maximizeWindow(): Current window maximized

2024-05-27 19:27:25 - [MESSAGE][PASSED] - Current window maximized

2024-05-27 19:27:25 - [TEST_STEP][PASSED] - setText(findTestObject("Object Repository/RecAndPlayBk/Page-Vlink-ACH-Void/input_Remittance Id"), VLinkSaleRemID): Text 'Z47YWGTgfs3A' is set on object 'Object Repository/RecAndPlayBk/Page-Vlink-ACH-Void/input_Remittance Id'

2024-05-27 19:27:26 - [MESSAGE][PASSED] - Text 'Z47YWGTgfs3A' is set on object 'Object Repository/RecAndPlayBk/Page-Vlink-ACH-Void/input_Remittance Id'

2024-05-27 19:27:26 - [TEST_STEP][PASSED] - setText(findTestObject("Object Repository/RecAndPlayBk/Page-Vlink-ACH-Void/input_Application Id"), appID): Text '1773' is set on object 'Object Repository/RecAndPlayBk/Page-Vlink-ACH-Void/input_Application Id'

2024-05-27 19:27:27 - [MESSAGE][PASSED] - Text '1773' is set on object 'Object Repository/RecAndPlayBk/Page-Vlink-ACH-Void/input_Application Id'

2024-05-27 19:27:27 - [TEST_STEP][PASSED] - setText(findTestObject("Object Repository/RecAndPlayBk/Page-Vlink-ACH-Void/input_Username"), username): Text 'Qq2BV1qtr' is set on object 'Object Repository/RecAndPlayBk/Page-Vlink-ACH-Void/input_Username'

2024-05-27 19:27:27 - [MESSAGE][PASSED] - Text 'Qq2BV1qtr' is set on object 'Object Repository/RecAndPlayBk/Page-Vlink-ACH-Void/input_Username'

2024-05-27 19:27:27 - [TEST_STEP][PASSED] - setText(findTestObject("Object Repository/RecAndPlayBk/Page-Vlink-ACH-Void/input_Password"), password): Text 'tUmWBiLUx' is set on object 'Object Repository/RecAndPlayBk/Page-Vlink-ACH-Void/input_Password'

2024-05-27 19:27:28 - [MESSAGE][PASSED] - Text 'tUmWBiLUx' is set on object 'Object Repository/RecAndPlayBk/Page-Vlink-ACH-Void/input_Password'

2024-05-27 19:27:28 - [TEST_STEP][PASSED] - setText(findTestObject("Object Repository/RecAndPlayBk/Page-Vlink-ACH-Void/input_Check Type"), checkType): Text 'P' is set on object 'Object Repository/RecAndPlayBk/Page-Vlink-ACH-Void/input_Check Type'

2024-05-27 19:27:29 - [MESSAGE][PASSED] - Text 'P' is set on object 'Object Repository/RecAndPlayBk/Page-Vlink-ACH-Void/input_Check Type'

2024-05-27 19:27:29 - [TEST_STEP][PASSED] - setText(findTestObject("Object Repository/RecAndPlayBk/Page-Vlink-ACH-Void/input_Standard Entry Class"), sec): Text 'WEB' is set on object 'Object Repository/RecAndPlayBk/Page-Vlink-ACH-Void/input_Standard Entry Class'

2024-05-27 19:27:30 - [MESSAGE][PASSED] - Text 'WEB' is set on object 'Object Repository/RecAndPlayBk/Page-Vlink-ACH-Void/input_Standard Entry Class'

2024-05-27 19:27:30 - [TEST_STEP][PASSED] - setText(findTestObject("Object Repository/RecAndPlayBk/Page-Vlink-ACH-Void/input_Transaction ID"), VLinkSaleTranxID): Text '2967842' is set on object 'Object Repository/RecAndPlayBk/Page-Vlink-ACH-Void/input_Transaction ID'

2024-05-27 19:27:31 - [MESSAGE][PASSED] - Text '2967842' is set on object 'Object Repository/RecAndPlayBk/Page-Vlink-ACH-Void/input_Transaction ID'

2024-05-27 19:27:31 - [TEST_STEP][PASSED] - setText(findTestObject("Object Repository/RecAndPlayBk/Page-Vlink-ACH-Void/input_Original Transaction Type"), "200"): Text '200' is set on object 'Object Repository/RecAndPlayBk/Page-Vlink-ACH-Void/input_Original Transaction Type'

2024-05-27 19:27:31 - [MESSAGE][PASSED] - Text '200' is set on object 'Object Repository/RecAndPlayBk/Page-Vlink-ACH-Void/input_Original Transaction Type'

2024-05-27 19:27:31 - [TEST_STEP][PASSED] - click(findTestObject("Object Repository/RecAndPlayBk/Page-Vlink-ACH-Void/input")): Object: 'Object Repository/RecAndPlayBk/Page-Vlink-ACH-Void/input' is clicked on

2024-05-27 19:27:32 - [MESSAGE][PASSED] - Object: 'Object Repository/RecAndPlayBk/Page-Vlink-ACH-Void/input' is clicked on

2024-05-27 19:27:32 - [TEST_STEP][PASSED] - if (verifyTextPresent("Transaction approved, no errors", true)): null

2024-05-27 19:27:33 - [MESSAGE][PASSED] - Text 'Transaction approved, no errors' is present on page  using regular expression

2024-05-27 19:27:33 - [TEST_STEP][PASSED] - println("Transaction Approved, no errors text is present on the Confirmation page"): null

2024-05-27 19:27:33 - [TEST_STEP][PASSED] - out.println("Pass Record Number: " + row): null

2024-05-27 19:27:33 - [TEST_STEP][PASSED] - resText = "Pass": null

2024-05-27 19:27:33 - [TEST_STEP][PASSED] - pages.WriteExcel.demoKey(resText, datText, resColumn, datCloumn, fileLoc, nameSheet, row): pages.WriteExcel.demoKey is PASSED

2024-05-27 19:27:33 - [MESSAGE][PASSED] - pages.WriteExcel.demoKey is PASSED

2024-05-27 19:27:33 - [TEST_STEP][PASSED] - ExecuteTC = findTestData(dataFile).getValue("Execute", row): null

2024-05-27 19:27:33 - [TEST_STEP][PASSED] - out.println("Value of Execute is : " + ExecuteTC): null

2024-05-27 19:27:33 - [TEST_STEP][PASSED] - switch (executionProfile): null

2024-05-27 19:27:33 - [TEST_STEP][PASSED] - case "DemoProfile":: null

2024-05-27 19:27:33 - [TEST_STEP][PASSED] - appID = findTestData(dataFile).getValue("AppIDDemo", row): null

2024-05-27 19:27:33 - [TEST_STEP][PASSED] - username = findTestData(dataFile).getValue("UsernameDemo", row): null

2024-05-27 19:27:33 - [TEST_STEP][PASSED] - password = findTestData(dataFile).getValue("PasswordDemo", row): null

2024-05-27 19:27:33 - [TEST_STEP][PASSED] - break: null

2024-05-27 19:27:33 - [TEST_STEP][PASSED] - if (ExecuteTC.equalsIgnoreCase("Y")): null

2024-05-27 19:27:33 - [TEST_STEP][PASSED] - out.println("Begin Record Number: " + row): null

2024-05-27 19:27:33 - [TEST_STEP][PASSED] - today = new java.util.Date(): null

2024-05-27 19:27:33 - [TEST_STEP][PASSED] - println(today): null

2024-05-27 19:27:33 - [TEST_STEP][PASSED] - datText = today: null

2024-05-27 19:27:33 - [TEST_STEP][PASSED] - checkType = findTestData(dataFile).getValue("CheckType", row): null

2024-05-27 19:27:33 - [TEST_STEP][PASSED] - acNumber = findTestData(dataFile).getValue("AcNumber", row): null

2024-05-27 19:27:33 - [TEST_STEP][PASSED] - company = findTestData(dataFile).getValue("Company", row): null

2024-05-27 19:27:33 - [TEST_STEP][PASSED] - acType = findTestData(dataFile).getValue("AcType", row): null

2024-05-27 19:27:33 - [TEST_STEP][PASSED] - rtn = findTestData(dataFile).getValue("RTN", row): null

2024-05-27 19:27:33 - [TEST_STEP][PASSED] - amount = findTestData(dataFile).getValue("Amount", row): null

2024-05-27 19:27:33 - [TEST_STEP][PASSED] - sec = findTestData(dataFile).getValue("SEC", row): null

2024-05-27 19:27:33 - [TEST_STEP][PASSED] - openBrowser(VLinkURL + "debit.html"): Browser is opened with url: 'https://dev-algorithm.govolution.com/vlinktest/demo/version_2_0/debit.html'

2024-05-27 19:27:33 - [MESSAGE][WARNING] - A browser is already opened. Closing browser and opening a new one

2024-05-27 19:27:34 - [MESSAGE][INFO] - Starting 'Chrome' driver

2024-05-27 19:27:34 - [MESSAGE][INFO] - User set preference: ['acceptInsecureCerts', 'true']

2024-05-27 19:27:35 - [MESSAGE][INFO] - Action delay is set to 0 milliseconds

2024-05-27 19:27:36 - [MESSAGE][PASSED] - Browser is opened with url: 'https://dev-algorithm.govolution.com/vlinktest/demo/version_2_0/debit.html'

2024-05-27 19:27:36 - [TEST_STEP][PASSED] - maximizeWindow(): Current window maximized

2024-05-27 19:27:37 - [MESSAGE][PASSED] - Current window maximized

2024-05-27 19:27:37 - [TEST_STEP][PASSED] - genRemID = RandomStringUtils.random(12, true, true): null

2024-05-27 19:27:37 - [TEST_STEP][PASSED] - setText(findTestObject("RecAndPlayBk/Page-Vlink-Debit/input_Remittance Id"), genRemID): Text 'yjDeSqe5JcMm' is set on object 'Object Repository/RecAndPlayBk/Page-Vlink-Debit/input_Remittance Id'

2024-05-27 19:27:37 - [MESSAGE][PASSED] - Text 'yjDeSqe5JcMm' is set on object 'Object Repository/RecAndPlayBk/Page-Vlink-Debit/input_Remittance Id'

2024-05-27 19:27:37 - [TEST_STEP][PASSED] - setText(findTestObject("RecAndPlayBk/Page-Vlink-Debit/input_Application Id"), appID): Text '1773' is set on object 'Object Repository/RecAndPlayBk/Page-Vlink-Debit/input_Application Id'

2024-05-27 19:27:38 - [MESSAGE][PASSED] - Text '1773' is set on object 'Object Repository/RecAndPlayBk/Page-Vlink-Debit/input_Application Id'

2024-05-27 19:27:38 - [TEST_STEP][PASSED] - setText(findTestObject("RecAndPlayBk/Page-Vlink-Debit/input_Username"), username): Text 'Qq2BV1qtr' is set on object 'Object Repository/RecAndPlayBk/Page-Vlink-Debit/input_Username'

2024-05-27 19:27:39 - [MESSAGE][PASSED] - Text 'Qq2BV1qtr' is set on object 'Object Repository/RecAndPlayBk/Page-Vlink-Debit/input_Username'

2024-05-27 19:27:39 - [TEST_STEP][PASSED] - setText(findTestObject("RecAndPlayBk/Page-Vlink-Debit/input_Password"), password): Text 'tUmWBiLUx' is set on object 'Object Repository/RecAndPlayBk/Page-Vlink-Debit/input_Password'

2024-05-27 19:27:39 - [MESSAGE][PASSED] - Text 'tUmWBiLUx' is set on object 'Object Repository/RecAndPlayBk/Page-Vlink-Debit/input_Password'

2024-05-27 19:27:39 - [TEST_STEP][PASSED] - setText(findTestObject("RecAndPlayBk/Page-Vlink-Debit/input_Check Type"), checkType): Text 'P' is set on object 'Object Repository/RecAndPlayBk/Page-Vlink-Debit/input_Check Type'

2024-05-27 19:27:40 - [MESSAGE][PASSED] - Text 'P' is set on object 'Object Repository/RecAndPlayBk/Page-Vlink-Debit/input_Check Type'

2024-05-27 19:27:40 - [TEST_STEP][PASSED] - setText(findTestObject("RecAndPlayBk/Page-Vlink-Debit/input_Account_check"), acNumber): Text '58963214' is set on object 'Object Repository/RecAndPlayBk/Page-Vlink-Debit/input_Account_check'

2024-05-27 19:27:41 - [MESSAGE][PASSED] - Text '58963214' is set on object 'Object Repository/RecAndPlayBk/Page-Vlink-Debit/input_Account_check'

2024-05-27 19:27:41 - [TEST_STEP][PASSED] - setText(findTestObject("RecAndPlayBk/Page-Vlink-Debit/input_Company_check"), company): Text '' is set on object 'Object Repository/RecAndPlayBk/Page-Vlink-Debit/input_Company_check'

2024-05-27 19:27:41 - [MESSAGE][PASSED] - Text '' is set on object 'Object Repository/RecAndPlayBk/Page-Vlink-Debit/input_Company_check'

2024-05-27 19:27:41 - [TEST_STEP][PASSED] - setText(findTestObject("RecAndPlayBk/Page-Vlink-Debit/input_Account Type"), acType): Text '1' is set on object 'Object Repository/RecAndPlayBk/Page-Vlink-Debit/input_Account Type'

2024-05-27 19:27:42 - [MESSAGE][PASSED] - Text '1' is set on object 'Object Repository/RecAndPlayBk/Page-Vlink-Debit/input_Account Type'

2024-05-27 19:27:42 - [TEST_STEP][PASSED] - setText(findTestObject("RecAndPlayBk/Page-Vlink-Debit/input_Routing Number"), rtn): Text '256072691' is set on object 'Object Repository/RecAndPlayBk/Page-Vlink-Debit/input_Routing Number'

2024-05-27 19:27:43 - [MESSAGE][PASSED] - Text '256072691' is set on object 'Object Repository/RecAndPlayBk/Page-Vlink-Debit/input_Routing Number'

2024-05-27 19:27:43 - [TEST_STEP][PASSED] - setText(findTestObject("RecAndPlayBk/Page-Vlink-Debit/input_Amount"), amount): Text '12.50' is set on object 'Object Repository/RecAndPlayBk/Page-Vlink-Debit/input_Amount'

2024-05-27 19:27:43 - [MESSAGE][PASSED] - Text '12.50' is set on object 'Object Repository/RecAndPlayBk/Page-Vlink-Debit/input_Amount'

2024-05-27 19:27:43 - [TEST_STEP][PASSED] - setText(findTestObject("RecAndPlayBk/Page-Vlink-Debit/input_Check Email"), ""): Text '' is set on object 'Object Repository/RecAndPlayBk/Page-Vlink-Debit/input_Check Email'

2024-05-27 19:27:44 - [MESSAGE][PASSED] - Text '' is set on object 'Object Repository/RecAndPlayBk/Page-Vlink-Debit/input_Check Email'

2024-05-27 19:27:44 - [TEST_STEP][PASSED] - setText(findTestObject("Object Repository/RecAndPlayBk/Page-Vlink-Debit/input_concat(CheckWriter, , s SSN)_check_ssn"), ""): Text '' is set on object 'Object Repository/RecAndPlayBk/Page-Vlink-Debit/input_concat(CheckWriter, , s SSN)_check_ssn'

2024-05-27 19:27:45 - [MESSAGE][PASSED] - Text '' is set on object 'Object Repository/RecAndPlayBk/Page-Vlink-Debit/input_concat(CheckWriter, , s SSN)_check_ssn'

2024-05-27 19:27:45 - [TEST_STEP][PASSED] - setText(findTestObject("Object Repository/RecAndPlayBk/Page-Vlink-Debit/input_concat(CheckWriter, , s License Numbe_020fef"), ""): Text '' is set on object 'Object Repository/RecAndPlayBk/Page-Vlink-Debit/input_concat(CheckWriter, , s License Numbe_020fef'

2024-05-27 19:27:46 - [MESSAGE][PASSED] - Text '' is set on object 'Object Repository/RecAndPlayBk/Page-Vlink-Debit/input_concat(CheckWriter, , s License Numbe_020fef'

2024-05-27 19:27:46 - [TEST_STEP][PASSED] - setText(findTestObject("Object Repository/RecAndPlayBk/Page-Vlink-Debit/input_concat(CheckWriter, , s License State_21e3e7"), ""): Text '' is set on object 'Object Repository/RecAndPlayBk/Page-Vlink-Debit/input_concat(CheckWriter, , s License State_21e3e7'

2024-05-27 19:27:46 - [MESSAGE][PASSED] - Text '' is set on object 'Object Repository/RecAndPlayBk/Page-Vlink-Debit/input_concat(CheckWriter, , s License State_21e3e7'

2024-05-27 19:27:46 - [TEST_STEP][PASSED] - setText(findTestObject("RecAndPlayBk/Page-Vlink-Debit/input_Standard Entry Class"), sec): Text 'TEL' is set on object 'Object Repository/RecAndPlayBk/Page-Vlink-Debit/input_Standard Entry Class'

2024-05-27 19:27:47 - [MESSAGE][PASSED] - Text 'TEL' is set on object 'Object Repository/RecAndPlayBk/Page-Vlink-Debit/input_Standard Entry Class'

2024-05-27 19:27:47 - [TEST_STEP][PASSED] - click(findTestObject("Object Repository/RecAndPlayBk/Page-Vlink-Debit/input")): Object: 'Object Repository/RecAndPlayBk/Page-Vlink-Debit/input' is clicked on

2024-05-27 19:27:48 - [MESSAGE][PASSED] - Object: 'Object Repository/RecAndPlayBk/Page-Vlink-Debit/input' is clicked on

2024-05-27 19:27:48 - [TEST_STEP][PASSED] - if (verifyTextPresent("Transaction approved, no errors", true)): null

2024-05-27 19:27:48 - [MESSAGE][PASSED] - Text 'Transaction approved, no errors' is present on page  using regular expression

2024-05-27 19:27:48 - [TEST_STEP][PASSED] - println("Transaction Approved, no errors text is present on the Confirmation page"): null

2024-05-27 19:27:48 - [TEST_STEP][PASSED] - sdfo = getText(findTestObject("Object Repository/Page_VLinkReceipt/pre_STX")): Text of object 'Object Repository/Page_VLinkReceipt/pre_STX' is: '<STX>yjDeSqe5JcMm                  2967844             0  Transaction approved, no errors                   0                                                                                                              <ETX>'

2024-05-27 19:27:49 - [MESSAGE][PASSED] - Text of object 'Object Repository/Page_VLinkReceipt/pre_STX' is: '<STX>yjDeSqe5JcMm                  2967844             0  Transaction approved, no errors                   0                                                                                                              <ETX>'

2024-05-27 19:27:49 - [TEST_STEP][PASSED] - out.println("sdfo: " + sdfo): null

2024-05-27 19:27:49 - [TEST_STEP][PASSED] - remID = substring(5, 35).trim(): null

2024-05-27 19:27:49 - [TEST_STEP][PASSED] - out.println("remID: " + remID): null

2024-05-27 19:27:49 - [TEST_STEP][PASSED] - traxID = substring(35, 55).trim(): null

2024-05-27 19:27:49 - [TEST_STEP][PASSED] - out.println("traxID: " + traxID): null

2024-05-27 19:27:49 - [TEST_STEP][PASSED] - VLinkSaleRemID = remID: null

2024-05-27 19:27:49 - [TEST_STEP][PASSED] - VLinkSaleTranxID = traxID: null

2024-05-27 19:27:49 - [TEST_STEP][PASSED] - openBrowser(VLinkURL + "ACH_void.html"): Browser is opened with url: 'https://dev-algorithm.govolution.com/vlinktest/demo/version_2_0/ACH_void.html'

2024-05-27 19:27:49 - [MESSAGE][WARNING] - A browser is already opened. Closing browser and opening a new one

2024-05-27 19:27:50 - [MESSAGE][INFO] - Starting 'Chrome' driver

2024-05-27 19:27:50 - [MESSAGE][INFO] - User set preference: ['acceptInsecureCerts', 'true']

2024-05-27 19:27:50 - [MESSAGE][INFO] - Action delay is set to 0 milliseconds

2024-05-27 19:27:52 - [MESSAGE][PASSED] - Browser is opened with url: 'https://dev-algorithm.govolution.com/vlinktest/demo/version_2_0/ACH_void.html'

2024-05-27 19:27:52 - [TEST_STEP][PASSED] - maximizeWindow(): Current window maximized

2024-05-27 19:27:52 - [MESSAGE][PASSED] - Current window maximized

2024-05-27 19:27:52 - [TEST_STEP][PASSED] - setText(findTestObject("Object Repository/RecAndPlayBk/Page-Vlink-ACH-Void/input_Remittance Id"), VLinkSaleRemID): Text 'yjDeSqe5JcMm' is set on object 'Object Repository/RecAndPlayBk/Page-Vlink-ACH-Void/input_Remittance Id'

2024-05-27 19:27:53 - [MESSAGE][PASSED] - Text 'yjDeSqe5JcMm' is set on object 'Object Repository/RecAndPlayBk/Page-Vlink-ACH-Void/input_Remittance Id'

2024-05-27 19:27:53 - [TEST_STEP][PASSED] - setText(findTestObject("Object Repository/RecAndPlayBk/Page-Vlink-ACH-Void/input_Application Id"), appID): Text '1773' is set on object 'Object Repository/RecAndPlayBk/Page-Vlink-ACH-Void/input_Application Id'

2024-05-27 19:27:54 - [MESSAGE][PASSED] - Text '1773' is set on object 'Object Repository/RecAndPlayBk/Page-Vlink-ACH-Void/input_Application Id'

2024-05-27 19:27:54 - [TEST_STEP][PASSED] - setText(findTestObject("Object Repository/RecAndPlayBk/Page-Vlink-ACH-Void/input_Username"), username): Text 'Qq2BV1qtr' is set on object 'Object Repository/RecAndPlayBk/Page-Vlink-ACH-Void/input_Username'

2024-05-27 19:27:55 - [MESSAGE][PASSED] - Text 'Qq2BV1qtr' is set on object 'Object Repository/RecAndPlayBk/Page-Vlink-ACH-Void/input_Username'

2024-05-27 19:27:55 - [TEST_STEP][PASSED] - setText(findTestObject("Object Repository/RecAndPlayBk/Page-Vlink-ACH-Void/input_Password"), password): Text 'tUmWBiLUx' is set on object 'Object Repository/RecAndPlayBk/Page-Vlink-ACH-Void/input_Password'

2024-05-27 19:27:55 - [MESSAGE][PASSED] - Text 'tUmWBiLUx' is set on object 'Object Repository/RecAndPlayBk/Page-Vlink-ACH-Void/input_Password'

2024-05-27 19:27:55 - [TEST_STEP][PASSED] - setText(findTestObject("Object Repository/RecAndPlayBk/Page-Vlink-ACH-Void/input_Check Type"), checkType): Text 'P' is set on object 'Object Repository/RecAndPlayBk/Page-Vlink-ACH-Void/input_Check Type'

2024-05-27 19:27:56 - [MESSAGE][PASSED] - Text 'P' is set on object 'Object Repository/RecAndPlayBk/Page-Vlink-ACH-Void/input_Check Type'

2024-05-27 19:27:56 - [TEST_STEP][PASSED] - setText(findTestObject("Object Repository/RecAndPlayBk/Page-Vlink-ACH-Void/input_Standard Entry Class"), sec): Text 'TEL' is set on object 'Object Repository/RecAndPlayBk/Page-Vlink-ACH-Void/input_Standard Entry Class'

2024-05-27 19:27:57 - [MESSAGE][PASSED] - Text 'TEL' is set on object 'Object Repository/RecAndPlayBk/Page-Vlink-ACH-Void/input_Standard Entry Class'

2024-05-27 19:27:57 - [TEST_STEP][PASSED] - setText(findTestObject("Object Repository/RecAndPlayBk/Page-Vlink-ACH-Void/input_Transaction ID"), VLinkSaleTranxID): Text '2967844' is set on object 'Object Repository/RecAndPlayBk/Page-Vlink-ACH-Void/input_Transaction ID'

2024-05-27 19:27:58 - [MESSAGE][PASSED] - Text '2967844' is set on object 'Object Repository/RecAndPlayBk/Page-Vlink-ACH-Void/input_Transaction ID'

2024-05-27 19:27:58 - [TEST_STEP][PASSED] - setText(findTestObject("Object Repository/RecAndPlayBk/Page-Vlink-ACH-Void/input_Original Transaction Type"), "200"): Text '200' is set on object 'Object Repository/RecAndPlayBk/Page-Vlink-ACH-Void/input_Original Transaction Type'

2024-05-27 19:27:58 - [MESSAGE][PASSED] - Text '200' is set on object 'Object Repository/RecAndPlayBk/Page-Vlink-ACH-Void/input_Original Transaction Type'

2024-05-27 19:27:58 - [TEST_STEP][PASSED] - click(findTestObject("Object Repository/RecAndPlayBk/Page-Vlink-ACH-Void/input")): Object: 'Object Repository/RecAndPlayBk/Page-Vlink-ACH-Void/input' is clicked on

2024-05-27 19:27:59 - [MESSAGE][PASSED] - Object: 'Object Repository/RecAndPlayBk/Page-Vlink-ACH-Void/input' is clicked on

2024-05-27 19:27:59 - [TEST_STEP][PASSED] - if (verifyTextPresent("Transaction approved, no errors", true)): null

2024-05-27 19:28:00 - [MESSAGE][PASSED] - Text 'Transaction approved, no errors' is present on page  using regular expression

2024-05-27 19:28:00 - [TEST_STEP][PASSED] - println("Transaction Approved, no errors text is present on the Confirmation page"): null

2024-05-27 19:28:00 - [TEST_STEP][PASSED] - out.println("Pass Record Number: " + row): null

2024-05-27 19:28:00 - [TEST_STEP][PASSED] - resText = "Pass": null

2024-05-27 19:28:00 - [TEST_STEP][PASSED] - pages.WriteExcel.demoKey(resText, datText, resColumn, datCloumn, fileLoc, nameSheet, row): pages.WriteExcel.demoKey is PASSED

2024-05-27 19:28:00 - [MESSAGE][PASSED] - pages.WriteExcel.demoKey is PASSED

2024-05-27 19:28:00 - [TEST_STEP][PASSED] - ExecuteTC = findTestData(dataFile).getValue("Execute", row): null

2024-05-27 19:28:00 - [TEST_STEP][PASSED] - out.println("Value of Execute is : " + ExecuteTC): null

2024-05-27 19:28:00 - [TEST_STEP][PASSED] - switch (executionProfile): null

2024-05-27 19:28:00 - [TEST_STEP][PASSED] - case "DemoProfile":: null

2024-05-27 19:28:00 - [TEST_STEP][PASSED] - appID = findTestData(dataFile).getValue("AppIDDemo", row): null

2024-05-27 19:28:00 - [TEST_STEP][PASSED] - username = findTestData(dataFile).getValue("UsernameDemo", row): null

2024-05-27 19:28:00 - [TEST_STEP][PASSED] - password = findTestData(dataFile).getValue("PasswordDemo", row): null

2024-05-27 19:28:00 - [TEST_STEP][PASSED] - break: null

2024-05-27 19:28:00 - [TEST_STEP][PASSED] - if (ExecuteTC.equalsIgnoreCase("Y")): null

2024-05-27 19:28:00 - [TEST_STEP][PASSED] - out.println("Begin Record Number: " + row): null

2024-05-27 19:28:00 - [TEST_STEP][PASSED] - today = new java.util.Date(): null

2024-05-27 19:28:00 - [TEST_STEP][PASSED] - println(today): null

2024-05-27 19:28:00 - [TEST_STEP][PASSED] - datText = today: null

2024-05-27 19:28:00 - [TEST_STEP][PASSED] - checkType = findTestData(dataFile).getValue("CheckType", row): null

2024-05-27 19:28:00 - [TEST_STEP][PASSED] - acNumber = findTestData(dataFile).getValue("AcNumber", row): null

2024-05-27 19:28:00 - [TEST_STEP][PASSED] - company = findTestData(dataFile).getValue("Company", row): null

2024-05-27 19:28:00 - [TEST_STEP][PASSED] - acType = findTestData(dataFile).getValue("AcType", row): null

2024-05-27 19:28:00 - [TEST_STEP][PASSED] - rtn = findTestData(dataFile).getValue("RTN", row): null

2024-05-27 19:28:00 - [TEST_STEP][PASSED] - amount = findTestData(dataFile).getValue("Amount", row): null

2024-05-27 19:28:01 - [TEST_STEP][PASSED] - sec = findTestData(dataFile).getValue("SEC", row): null

2024-05-27 19:28:01 - [TEST_STEP][PASSED] - openBrowser(VLinkURL + "debit.html"): Browser is opened with url: 'https://dev-algorithm.govolution.com/vlinktest/demo/version_2_0/debit.html'

2024-05-27 19:28:01 - [MESSAGE][WARNING] - A browser is already opened. Closing browser and opening a new one

2024-05-27 19:28:02 - [MESSAGE][INFO] - Starting 'Chrome' driver

2024-05-27 19:28:02 - [MESSAGE][INFO] - User set preference: ['acceptInsecureCerts', 'true']

2024-05-27 19:28:02 - [MESSAGE][INFO] - Action delay is set to 0 milliseconds

2024-05-27 19:28:04 - [MESSAGE][PASSED] - Browser is opened with url: 'https://dev-algorithm.govolution.com/vlinktest/demo/version_2_0/debit.html'

2024-05-27 19:28:04 - [TEST_STEP][PASSED] - maximizeWindow(): Current window maximized

2024-05-27 19:28:04 - [MESSAGE][PASSED] - Current window maximized

2024-05-27 19:28:04 - [TEST_STEP][PASSED] - genRemID = RandomStringUtils.random(12, true, true): null

2024-05-27 19:28:04 - [TEST_STEP][PASSED] - setText(findTestObject("RecAndPlayBk/Page-Vlink-Debit/input_Remittance Id"), genRemID): Text 'BIK2nk1g347f' is set on object 'Object Repository/RecAndPlayBk/Page-Vlink-Debit/input_Remittance Id'

2024-05-27 19:28:05 - [MESSAGE][PASSED] - Text 'BIK2nk1g347f' is set on object 'Object Repository/RecAndPlayBk/Page-Vlink-Debit/input_Remittance Id'

2024-05-27 19:28:05 - [TEST_STEP][PASSED] - setText(findTestObject("RecAndPlayBk/Page-Vlink-Debit/input_Application Id"), appID): Text '1773' is set on object 'Object Repository/RecAndPlayBk/Page-Vlink-Debit/input_Application Id'

2024-05-27 19:28:05 - [MESSAGE][PASSED] - Text '1773' is set on object 'Object Repository/RecAndPlayBk/Page-Vlink-Debit/input_Application Id'

2024-05-27 19:28:05 - [TEST_STEP][PASSED] - setText(findTestObject("RecAndPlayBk/Page-Vlink-Debit/input_Username"), username): Text 'Qq2BV1qtr' is set on object 'Object Repository/RecAndPlayBk/Page-Vlink-Debit/input_Username'

2024-05-27 19:28:06 - [MESSAGE][PASSED] - Text 'Qq2BV1qtr' is set on object 'Object Repository/RecAndPlayBk/Page-Vlink-Debit/input_Username'

2024-05-27 19:28:06 - [TEST_STEP][PASSED] - setText(findTestObject("RecAndPlayBk/Page-Vlink-Debit/input_Password"), password): Text 'tUmWBiLUx' is set on object 'Object Repository/RecAndPlayBk/Page-Vlink-Debit/input_Password'

2024-05-27 19:28:07 - [MESSAGE][PASSED] - Text 'tUmWBiLUx' is set on object 'Object Repository/RecAndPlayBk/Page-Vlink-Debit/input_Password'

2024-05-27 19:28:07 - [TEST_STEP][PASSED] - setText(findTestObject("RecAndPlayBk/Page-Vlink-Debit/input_Check Type"), checkType): Text 'P' is set on object 'Object Repository/RecAndPlayBk/Page-Vlink-Debit/input_Check Type'

2024-05-27 19:28:07 - [MESSAGE][PASSED] - Text 'P' is set on object 'Object Repository/RecAndPlayBk/Page-Vlink-Debit/input_Check Type'

2024-05-27 19:28:07 - [TEST_STEP][PASSED] - setText(findTestObject("RecAndPlayBk/Page-Vlink-Debit/input_Account_check"), acNumber): Text '58963214' is set on object 'Object Repository/RecAndPlayBk/Page-Vlink-Debit/input_Account_check'

2024-05-27 19:28:08 - [MESSAGE][PASSED] - Text '58963214' is set on object 'Object Repository/RecAndPlayBk/Page-Vlink-Debit/input_Account_check'

2024-05-27 19:28:08 - [TEST_STEP][PASSED] - setText(findTestObject("RecAndPlayBk/Page-Vlink-Debit/input_Company_check"), company): Text '' is set on object 'Object Repository/RecAndPlayBk/Page-Vlink-Debit/input_Company_check'

2024-05-27 19:28:09 - [MESSAGE][PASSED] - Text '' is set on object 'Object Repository/RecAndPlayBk/Page-Vlink-Debit/input_Company_check'

2024-05-27 19:28:09 - [TEST_STEP][PASSED] - setText(findTestObject("RecAndPlayBk/Page-Vlink-Debit/input_Account Type"), acType): Text '1' is set on object 'Object Repository/RecAndPlayBk/Page-Vlink-Debit/input_Account Type'

2024-05-27 19:28:09 - [MESSAGE][PASSED] - Text '1' is set on object 'Object Repository/RecAndPlayBk/Page-Vlink-Debit/input_Account Type'

2024-05-27 19:28:09 - [TEST_STEP][PASSED] - setText(findTestObject("RecAndPlayBk/Page-Vlink-Debit/input_Routing Number"), rtn): Text '256072691' is set on object 'Object Repository/RecAndPlayBk/Page-Vlink-Debit/input_Routing Number'

2024-05-27 19:28:10 - [MESSAGE][PASSED] - Text '256072691' is set on object 'Object Repository/RecAndPlayBk/Page-Vlink-Debit/input_Routing Number'

2024-05-27 19:28:10 - [TEST_STEP][PASSED] - setText(findTestObject("RecAndPlayBk/Page-Vlink-Debit/input_Amount"), amount): Text '12.50' is set on object 'Object Repository/RecAndPlayBk/Page-Vlink-Debit/input_Amount'

2024-05-27 19:28:11 - [MESSAGE][PASSED] - Text '12.50' is set on object 'Object Repository/RecAndPlayBk/Page-Vlink-Debit/input_Amount'

2024-05-27 19:28:11 - [TEST_STEP][PASSED] - setText(findTestObject("RecAndPlayBk/Page-Vlink-Debit/input_Check Email"), ""): Text '' is set on object 'Object Repository/RecAndPlayBk/Page-Vlink-Debit/input_Check Email'

2024-05-27 19:28:12 - [MESSAGE][PASSED] - Text '' is set on object 'Object Repository/RecAndPlayBk/Page-Vlink-Debit/input_Check Email'

2024-05-27 19:28:12 - [TEST_STEP][PASSED] - setText(findTestObject("Object Repository/RecAndPlayBk/Page-Vlink-Debit/input_concat(CheckWriter, , s SSN)_check_ssn"), ""): Text '' is set on object 'Object Repository/RecAndPlayBk/Page-Vlink-Debit/input_concat(CheckWriter, , s SSN)_check_ssn'

2024-05-27 19:28:12 - [MESSAGE][PASSED] - Text '' is set on object 'Object Repository/RecAndPlayBk/Page-Vlink-Debit/input_concat(CheckWriter, , s SSN)_check_ssn'

2024-05-27 19:28:12 - [TEST_STEP][PASSED] - setText(findTestObject("Object Repository/RecAndPlayBk/Page-Vlink-Debit/input_concat(CheckWriter, , s License Numbe_020fef"), ""): Text '' is set on object 'Object Repository/RecAndPlayBk/Page-Vlink-Debit/input_concat(CheckWriter, , s License Numbe_020fef'

2024-05-27 19:28:13 - [MESSAGE][PASSED] - Text '' is set on object 'Object Repository/RecAndPlayBk/Page-Vlink-Debit/input_concat(CheckWriter, , s License Numbe_020fef'

2024-05-27 19:28:13 - [TEST_STEP][PASSED] - setText(findTestObject("Object Repository/RecAndPlayBk/Page-Vlink-Debit/input_concat(CheckWriter, , s License State_21e3e7"), ""): Text '' is set on object 'Object Repository/RecAndPlayBk/Page-Vlink-Debit/input_concat(CheckWriter, , s License State_21e3e7'

2024-05-27 19:28:14 - [MESSAGE][PASSED] - Text '' is set on object 'Object Repository/RecAndPlayBk/Page-Vlink-Debit/input_concat(CheckWriter, , s License State_21e3e7'

2024-05-27 19:28:14 - [TEST_STEP][PASSED] - setText(findTestObject("RecAndPlayBk/Page-Vlink-Debit/input_Standard Entry Class"), sec): Text 'PPD' is set on object 'Object Repository/RecAndPlayBk/Page-Vlink-Debit/input_Standard Entry Class'

2024-05-27 19:28:15 - [MESSAGE][PASSED] - Text 'PPD' is set on object 'Object Repository/RecAndPlayBk/Page-Vlink-Debit/input_Standard Entry Class'

2024-05-27 19:28:15 - [TEST_STEP][PASSED] - click(findTestObject("Object Repository/RecAndPlayBk/Page-Vlink-Debit/input")): Object: 'Object Repository/RecAndPlayBk/Page-Vlink-Debit/input' is clicked on

2024-05-27 19:28:15 - [MESSAGE][PASSED] - Object: 'Object Repository/RecAndPlayBk/Page-Vlink-Debit/input' is clicked on

2024-05-27 19:28:15 - [TEST_STEP][PASSED] - if (verifyTextPresent("Transaction approved, no errors", true)): null

2024-05-27 19:28:16 - [MESSAGE][PASSED] - Text 'Transaction approved, no errors' is present on page  using regular expression

2024-05-27 19:28:16 - [TEST_STEP][PASSED] - println("Transaction Approved, no errors text is present on the Confirmation page"): null

2024-05-27 19:28:16 - [TEST_STEP][PASSED] - sdfo = getText(findTestObject("Object Repository/Page_VLinkReceipt/pre_STX")): Text of object 'Object Repository/Page_VLinkReceipt/pre_STX' is: '<STX>BIK2nk1g347f                  2967846             0  Transaction approved, no errors                   0                                                                                                              <ETX>'

2024-05-27 19:28:16 - [MESSAGE][PASSED] - Text of object 'Object Repository/Page_VLinkReceipt/pre_STX' is: '<STX>BIK2nk1g347f                  2967846             0  Transaction approved, no errors                   0                                                                                                              <ETX>'

2024-05-27 19:28:16 - [TEST_STEP][PASSED] - out.println("sdfo: " + sdfo): null

2024-05-27 19:28:16 - [TEST_STEP][PASSED] - remID = substring(5, 35).trim(): null

2024-05-27 19:28:16 - [TEST_STEP][PASSED] - out.println("remID: " + remID): null

2024-05-27 19:28:16 - [TEST_STEP][PASSED] - traxID = substring(35, 55).trim(): null

2024-05-27 19:28:16 - [TEST_STEP][PASSED] - out.println("traxID: " + traxID): null

2024-05-27 19:28:16 - [TEST_STEP][PASSED] - VLinkSaleRemID = remID: null

2024-05-27 19:28:16 - [TEST_STEP][PASSED] - VLinkSaleTranxID = traxID: null

2024-05-27 19:28:16 - [TEST_STEP][PASSED] - openBrowser(VLinkURL + "ACH_void.html"): Browser is opened with url: 'https://dev-algorithm.govolution.com/vlinktest/demo/version_2_0/ACH_void.html'

2024-05-27 19:28:16 - [MESSAGE][WARNING] - A browser is already opened. Closing browser and opening a new one

2024-05-27 19:28:17 - [MESSAGE][INFO] - Starting 'Chrome' driver

2024-05-27 19:28:17 - [MESSAGE][INFO] - User set preference: ['acceptInsecureCerts', 'true']

2024-05-27 19:28:17 - [MESSAGE][INFO] - Action delay is set to 0 milliseconds

2024-05-27 19:28:19 - [MESSAGE][PASSED] - Browser is opened with url: 'https://dev-algorithm.govolution.com/vlinktest/demo/version_2_0/ACH_void.html'

2024-05-27 19:28:19 - [TEST_STEP][PASSED] - maximizeWindow(): Current window maximized

2024-05-27 19:28:19 - [MESSAGE][PASSED] - Current window maximized

2024-05-27 19:28:19 - [TEST_STEP][PASSED] - setText(findTestObject("Object Repository/RecAndPlayBk/Page-Vlink-ACH-Void/input_Remittance Id"), VLinkSaleRemID): Text 'BIK2nk1g347f' is set on object 'Object Repository/RecAndPlayBk/Page-Vlink-ACH-Void/input_Remittance Id'

2024-05-27 19:28:20 - [MESSAGE][PASSED] - Text 'BIK2nk1g347f' is set on object 'Object Repository/RecAndPlayBk/Page-Vlink-ACH-Void/input_Remittance Id'

2024-05-27 19:28:20 - [TEST_STEP][PASSED] - setText(findTestObject("Object Repository/RecAndPlayBk/Page-Vlink-ACH-Void/input_Application Id"), appID): Text '1773' is set on object 'Object Repository/RecAndPlayBk/Page-Vlink-ACH-Void/input_Application Id'

2024-05-27 19:28:21 - [MESSAGE][PASSED] - Text '1773' is set on object 'Object Repository/RecAndPlayBk/Page-Vlink-ACH-Void/input_Application Id'

2024-05-27 19:28:21 - [TEST_STEP][PASSED] - setText(findTestObject("Object Repository/RecAndPlayBk/Page-Vlink-ACH-Void/input_Username"), username): Text 'Qq2BV1qtr' is set on object 'Object Repository/RecAndPlayBk/Page-Vlink-ACH-Void/input_Username'

2024-05-27 19:28:22 - [MESSAGE][PASSED] - Text 'Qq2BV1qtr' is set on object 'Object Repository/RecAndPlayBk/Page-Vlink-ACH-Void/input_Username'

2024-05-27 19:28:22 - [TEST_STEP][PASSED] - setText(findTestObject("Object Repository/RecAndPlayBk/Page-Vlink-ACH-Void/input_Password"), password): Text 'tUmWBiLUx' is set on object 'Object Repository/RecAndPlayBk/Page-Vlink-ACH-Void/input_Password'

2024-05-27 19:28:22 - [MESSAGE][PASSED] - Text 'tUmWBiLUx' is set on object 'Object Repository/RecAndPlayBk/Page-Vlink-ACH-Void/input_Password'

2024-05-27 19:28:22 - [TEST_STEP][PASSED] - setText(findTestObject("Object Repository/RecAndPlayBk/Page-Vlink-ACH-Void/input_Check Type"), checkType): Text 'P' is set on object 'Object Repository/RecAndPlayBk/Page-Vlink-ACH-Void/input_Check Type'

2024-05-27 19:28:23 - [MESSAGE][PASSED] - Text 'P' is set on object 'Object Repository/RecAndPlayBk/Page-Vlink-ACH-Void/input_Check Type'

2024-05-27 19:28:23 - [TEST_STEP][PASSED] - setText(findTestObject("Object Repository/RecAndPlayBk/Page-Vlink-ACH-Void/input_Standard Entry Class"), sec): Text 'PPD' is set on object 'Object Repository/RecAndPlayBk/Page-Vlink-ACH-Void/input_Standard Entry Class'

2024-05-27 19:28:24 - [MESSAGE][PASSED] - Text 'PPD' is set on object 'Object Repository/RecAndPlayBk/Page-Vlink-ACH-Void/input_Standard Entry Class'

2024-05-27 19:28:24 - [TEST_STEP][PASSED] - setText(findTestObject("Object Repository/RecAndPlayBk/Page-Vlink-ACH-Void/input_Transaction ID"), VLinkSaleTranxID): Text '2967846' is set on object 'Object Repository/RecAndPlayBk/Page-Vlink-ACH-Void/input_Transaction ID'

2024-05-27 19:28:24 - [MESSAGE][PASSED] - Text '2967846' is set on object 'Object Repository/RecAndPlayBk/Page-Vlink-ACH-Void/input_Transaction ID'

2024-05-27 19:28:24 - [TEST_STEP][PASSED] - setText(findTestObject("Object Repository/RecAndPlayBk/Page-Vlink-ACH-Void/input_Original Transaction Type"), "200"): Text '200' is set on object 'Object Repository/RecAndPlayBk/Page-Vlink-ACH-Void/input_Original Transaction Type'

2024-05-27 19:28:25 - [MESSAGE][PASSED] - Text '200' is set on object 'Object Repository/RecAndPlayBk/Page-Vlink-ACH-Void/input_Original Transaction Type'

2024-05-27 19:28:25 - [TEST_STEP][PASSED] - click(findTestObject("Object Repository/RecAndPlayBk/Page-Vlink-ACH-Void/input")): Object: 'Object Repository/RecAndPlayBk/Page-Vlink-ACH-Void/input' is clicked on

2024-05-27 19:28:26 - [MESSAGE][PASSED] - Object: 'Object Repository/RecAndPlayBk/Page-Vlink-ACH-Void/input' is clicked on

2024-05-27 19:28:26 - [TEST_STEP][PASSED] - if (verifyTextPresent("Transaction approved, no errors", true)): null

2024-05-27 19:28:26 - [MESSAGE][PASSED] - Text 'Transaction approved, no errors' is present on page  using regular expression

2024-05-27 19:28:26 - [TEST_STEP][PASSED] - println("Transaction Approved, no errors text is present on the Confirmation page"): null

2024-05-27 19:28:26 - [TEST_STEP][PASSED] - out.println("Pass Record Number: " + row): null

2024-05-27 19:28:26 - [TEST_STEP][PASSED] - resText = "Pass": null

2024-05-27 19:28:26 - [TEST_STEP][PASSED] - pages.WriteExcel.demoKey(resText, datText, resColumn, datCloumn, fileLoc, nameSheet, row): pages.WriteExcel.demoKey is PASSED

2024-05-27 19:28:27 - [MESSAGE][PASSED] - pages.WriteExcel.demoKey is PASSED

2024-05-27 19:28:27 - [TEST_STEP][PASSED] - ExecuteTC = findTestData(dataFile).getValue("Execute", row): null

2024-05-27 19:28:27 - [TEST_STEP][PASSED] - out.println("Value of Execute is : " + ExecuteTC): null

2024-05-27 19:28:27 - [TEST_STEP][PASSED] - switch (executionProfile): null

2024-05-27 19:28:27 - [TEST_STEP][PASSED] - case "DemoProfile":: null

2024-05-27 19:28:27 - [TEST_STEP][PASSED] - appID = findTestData(dataFile).getValue("AppIDDemo", row): null

2024-05-27 19:28:27 - [TEST_STEP][PASSED] - username = findTestData(dataFile).getValue("UsernameDemo", row): null

2024-05-27 19:28:27 - [TEST_STEP][PASSED] - password = findTestData(dataFile).getValue("PasswordDemo", row): null

2024-05-27 19:28:27 - [TEST_STEP][PASSED] - break: null

2024-05-27 19:28:27 - [TEST_STEP][PASSED] - if (ExecuteTC.equalsIgnoreCase("Y")): null

2024-05-27 19:28:27 - [TEST_STEP][PASSED] - out.println("Begin Record Number: " + row): null

2024-05-27 19:28:27 - [TEST_STEP][PASSED] - today = new java.util.Date(): null

2024-05-27 19:28:27 - [TEST_STEP][PASSED] - println(today): null

2024-05-27 19:28:27 - [TEST_STEP][PASSED] - datText = today: null

2024-05-27 19:28:27 - [TEST_STEP][PASSED] - checkType = findTestData(dataFile).getValue("CheckType", row): null

2024-05-27 19:28:27 - [TEST_STEP][PASSED] - acNumber = findTestData(dataFile).getValue("AcNumber", row): null

2024-05-27 19:28:27 - [TEST_STEP][PASSED] - company = findTestData(dataFile).getValue("Company", row): null

2024-05-27 19:28:27 - [TEST_STEP][PASSED] - acType = findTestData(dataFile).getValue("AcType", row): null

2024-05-27 19:28:27 - [TEST_STEP][PASSED] - rtn = findTestData(dataFile).getValue("RTN", row): null

2024-05-27 19:28:27 - [TEST_STEP][PASSED] - amount = findTestData(dataFile).getValue("Amount", row): null

2024-05-27 19:28:27 - [TEST_STEP][PASSED] - sec = findTestData(dataFile).getValue("SEC", row): null

2024-05-27 19:28:27 - [TEST_STEP][PASSED] - openBrowser(VLinkURL + "debit.html"): Browser is opened with url: 'https://dev-algorithm.govolution.com/vlinktest/demo/version_2_0/debit.html'

2024-05-27 19:28:27 - [MESSAGE][WARNING] - A browser is already opened. Closing browser and opening a new one

2024-05-27 19:28:28 - [MESSAGE][INFO] - Starting 'Chrome' driver

2024-05-27 19:28:28 - [MESSAGE][INFO] - User set preference: ['acceptInsecureCerts', 'true']

2024-05-27 19:28:28 - [MESSAGE][INFO] - Action delay is set to 0 milliseconds

2024-05-27 19:28:30 - [MESSAGE][PASSED] - Browser is opened with url: 'https://dev-algorithm.govolution.com/vlinktest/demo/version_2_0/debit.html'

2024-05-27 19:28:30 - [TEST_STEP][PASSED] - maximizeWindow(): Current window maximized

2024-05-27 19:28:31 - [MESSAGE][PASSED] - Current window maximized

2024-05-27 19:28:31 - [TEST_STEP][PASSED] - genRemID = RandomStringUtils.random(12, true, true): null

2024-05-27 19:28:31 - [TEST_STEP][PASSED] - setText(findTestObject("RecAndPlayBk/Page-Vlink-Debit/input_Remittance Id"), genRemID): Text 'V178YRkqpNW7' is set on object 'Object Repository/RecAndPlayBk/Page-Vlink-Debit/input_Remittance Id'

2024-05-27 19:28:31 - [MESSAGE][PASSED] - Text 'V178YRkqpNW7' is set on object 'Object Repository/RecAndPlayBk/Page-Vlink-Debit/input_Remittance Id'

2024-05-27 19:28:31 - [TEST_STEP][PASSED] - setText(findTestObject("RecAndPlayBk/Page-Vlink-Debit/input_Application Id"), appID): Text '1773' is set on object 'Object Repository/RecAndPlayBk/Page-Vlink-Debit/input_Application Id'

2024-05-27 19:28:32 - [MESSAGE][PASSED] - Text '1773' is set on object 'Object Repository/RecAndPlayBk/Page-Vlink-Debit/input_Application Id'

2024-05-27 19:28:32 - [TEST_STEP][PASSED] - setText(findTestObject("RecAndPlayBk/Page-Vlink-Debit/input_Username"), username): Text 'Qq2BV1qtr' is set on object 'Object Repository/RecAndPlayBk/Page-Vlink-Debit/input_Username'

2024-05-27 19:28:33 - [MESSAGE][PASSED] - Text 'Qq2BV1qtr' is set on object 'Object Repository/RecAndPlayBk/Page-Vlink-Debit/input_Username'

2024-05-27 19:28:33 - [TEST_STEP][PASSED] - setText(findTestObject("RecAndPlayBk/Page-Vlink-Debit/input_Password"), password): Text 'tUmWBiLUx' is set on object 'Object Repository/RecAndPlayBk/Page-Vlink-Debit/input_Password'

2024-05-27 19:28:33 - [MESSAGE][PASSED] - Text 'tUmWBiLUx' is set on object 'Object Repository/RecAndPlayBk/Page-Vlink-Debit/input_Password'

2024-05-27 19:28:33 - [TEST_STEP][PASSED] - setText(findTestObject("RecAndPlayBk/Page-Vlink-Debit/input_Check Type"), checkType): Text 'P' is set on object 'Object Repository/RecAndPlayBk/Page-Vlink-Debit/input_Check Type'

2024-05-27 19:28:34 - [MESSAGE][PASSED] - Text 'P' is set on object 'Object Repository/RecAndPlayBk/Page-Vlink-Debit/input_Check Type'

2024-05-27 19:28:34 - [TEST_STEP][PASSED] - setText(findTestObject("RecAndPlayBk/Page-Vlink-Debit/input_Account_check"), acNumber): Text '58963214' is set on object 'Object Repository/RecAndPlayBk/Page-Vlink-Debit/input_Account_check'

2024-05-27 19:28:35 - [MESSAGE][PASSED] - Text '58963214' is set on object 'Object Repository/RecAndPlayBk/Page-Vlink-Debit/input_Account_check'

2024-05-27 19:28:35 - [TEST_STEP][PASSED] - setText(findTestObject("RecAndPlayBk/Page-Vlink-Debit/input_Company_check"), company): Text '' is set on object 'Object Repository/RecAndPlayBk/Page-Vlink-Debit/input_Company_check'

2024-05-27 19:28:35 - [MESSAGE][PASSED] - Text '' is set on object 'Object Repository/RecAndPlayBk/Page-Vlink-Debit/input_Company_check'

2024-05-27 19:28:35 - [TEST_STEP][PASSED] - setText(findTestObject("RecAndPlayBk/Page-Vlink-Debit/input_Account Type"), acType): Text '2' is set on object 'Object Repository/RecAndPlayBk/Page-Vlink-Debit/input_Account Type'

2024-05-27 19:28:36 - [MESSAGE][PASSED] - Text '2' is set on object 'Object Repository/RecAndPlayBk/Page-Vlink-Debit/input_Account Type'

2024-05-27 19:28:36 - [TEST_STEP][PASSED] - setText(findTestObject("RecAndPlayBk/Page-Vlink-Debit/input_Routing Number"), rtn): Text '256072691' is set on object 'Object Repository/RecAndPlayBk/Page-Vlink-Debit/input_Routing Number'

2024-05-27 19:28:37 - [MESSAGE][PASSED] - Text '256072691' is set on object 'Object Repository/RecAndPlayBk/Page-Vlink-Debit/input_Routing Number'

2024-05-27 19:28:37 - [TEST_STEP][PASSED] - setText(findTestObject("RecAndPlayBk/Page-Vlink-Debit/input_Amount"), amount): Text '12.50' is set on object 'Object Repository/RecAndPlayBk/Page-Vlink-Debit/input_Amount'

2024-05-27 19:28:37 - [MESSAGE][PASSED] - Text '12.50' is set on object 'Object Repository/RecAndPlayBk/Page-Vlink-Debit/input_Amount'

2024-05-27 19:28:37 - [TEST_STEP][PASSED] - setText(findTestObject("RecAndPlayBk/Page-Vlink-Debit/input_Check Email"), ""): Text '' is set on object 'Object Repository/RecAndPlayBk/Page-Vlink-Debit/input_Check Email'

2024-05-27 19:28:38 - [MESSAGE][PASSED] - Text '' is set on object 'Object Repository/RecAndPlayBk/Page-Vlink-Debit/input_Check Email'

2024-05-27 19:28:38 - [TEST_STEP][PASSED] - setText(findTestObject("Object Repository/RecAndPlayBk/Page-Vlink-Debit/input_concat(CheckWriter, , s SSN)_check_ssn"), ""): Text '' is set on object 'Object Repository/RecAndPlayBk/Page-Vlink-Debit/input_concat(CheckWriter, , s SSN)_check_ssn'

2024-05-27 19:28:39 - [MESSAGE][PASSED] - Text '' is set on object 'Object Repository/RecAndPlayBk/Page-Vlink-Debit/input_concat(CheckWriter, , s SSN)_check_ssn'

2024-05-27 19:28:39 - [TEST_STEP][PASSED] - setText(findTestObject("Object Repository/RecAndPlayBk/Page-Vlink-Debit/input_concat(CheckWriter, , s License Numbe_020fef"), ""): Text '' is set on object 'Object Repository/RecAndPlayBk/Page-Vlink-Debit/input_concat(CheckWriter, , s License Numbe_020fef'

2024-05-27 19:28:40 - [MESSAGE][PASSED] - Text '' is set on object 'Object Repository/RecAndPlayBk/Page-Vlink-Debit/input_concat(CheckWriter, , s License Numbe_020fef'

2024-05-27 19:28:40 - [TEST_STEP][PASSED] - setText(findTestObject("Object Repository/RecAndPlayBk/Page-Vlink-Debit/input_concat(CheckWriter, , s License State_21e3e7"), ""): Text '' is set on object 'Object Repository/RecAndPlayBk/Page-Vlink-Debit/input_concat(CheckWriter, , s License State_21e3e7'

2024-05-27 19:28:40 - [MESSAGE][PASSED] - Text '' is set on object 'Object Repository/RecAndPlayBk/Page-Vlink-Debit/input_concat(CheckWriter, , s License State_21e3e7'

2024-05-27 19:28:40 - [TEST_STEP][PASSED] - setText(findTestObject("RecAndPlayBk/Page-Vlink-Debit/input_Standard Entry Class"), sec): Text 'WEB' is set on object 'Object Repository/RecAndPlayBk/Page-Vlink-Debit/input_Standard Entry Class'

2024-05-27 19:28:41 - [MESSAGE][PASSED] - Text 'WEB' is set on object 'Object Repository/RecAndPlayBk/Page-Vlink-Debit/input_Standard Entry Class'

2024-05-27 19:28:41 - [TEST_STEP][PASSED] - click(findTestObject("Object Repository/RecAndPlayBk/Page-Vlink-Debit/input")): Object: 'Object Repository/RecAndPlayBk/Page-Vlink-Debit/input' is clicked on

2024-05-27 19:28:42 - [MESSAGE][PASSED] - Object: 'Object Repository/RecAndPlayBk/Page-Vlink-Debit/input' is clicked on

2024-05-27 19:28:42 - [TEST_STEP][PASSED] - if (verifyTextPresent("Transaction approved, no errors", true)): null

2024-05-27 19:28:42 - [MESSAGE][PASSED] - Text 'Transaction approved, no errors' is present on page  using regular expression

2024-05-27 19:28:42 - [TEST_STEP][PASSED] - println("Transaction Approved, no errors text is present on the Confirmation page"): null

2024-05-27 19:28:42 - [TEST_STEP][PASSED] - sdfo = getText(findTestObject("Object Repository/Page_VLinkReceipt/pre_STX")): Text of object 'Object Repository/Page_VLinkReceipt/pre_STX' is: '<STX>V178YRkqpNW7                  2967848             0  Transaction approved, no errors                   0                                                                                                              <ETX>'

2024-05-27 19:28:43 - [MESSAGE][PASSED] - Text of object 'Object Repository/Page_VLinkReceipt/pre_STX' is: '<STX>V178YRkqpNW7                  2967848             0  Transaction approved, no errors                   0                                                                                                              <ETX>'

2024-05-27 19:28:43 - [TEST_STEP][PASSED] - out.println("sdfo: " + sdfo): null

2024-05-27 19:28:43 - [TEST_STEP][PASSED] - remID = substring(5, 35).trim(): null

2024-05-27 19:28:43 - [TEST_STEP][PASSED] - out.println("remID: " + remID): null

2024-05-27 19:28:43 - [TEST_STEP][PASSED] - traxID = substring(35, 55).trim(): null

2024-05-27 19:28:43 - [TEST_STEP][PASSED] - out.println("traxID: " + traxID): null

2024-05-27 19:28:43 - [TEST_STEP][PASSED] - VLinkSaleRemID = remID: null

2024-05-27 19:28:43 - [TEST_STEP][PASSED] - VLinkSaleTranxID = traxID: null

2024-05-27 19:28:43 - [TEST_STEP][PASSED] - openBrowser(VLinkURL + "ACH_void.html"): Browser is opened with url: 'https://dev-algorithm.govolution.com/vlinktest/demo/version_2_0/ACH_void.html'

2024-05-27 19:28:43 - [MESSAGE][WARNING] - A browser is already opened. Closing browser and opening a new one

2024-05-27 19:28:44 - [MESSAGE][INFO] - Starting 'Chrome' driver

2024-05-27 19:28:44 - [MESSAGE][INFO] - User set preference: ['acceptInsecureCerts', 'true']

2024-05-27 19:28:44 - [MESSAGE][INFO] - Action delay is set to 0 milliseconds

2024-05-27 19:28:46 - [MESSAGE][PASSED] - Browser is opened with url: 'https://dev-algorithm.govolution.com/vlinktest/demo/version_2_0/ACH_void.html'

2024-05-27 19:28:46 - [TEST_STEP][PASSED] - maximizeWindow(): Current window maximized

2024-05-27 19:28:46 - [MESSAGE][PASSED] - Current window maximized

2024-05-27 19:28:46 - [TEST_STEP][PASSED] - setText(findTestObject("Object Repository/RecAndPlayBk/Page-Vlink-ACH-Void/input_Remittance Id"), VLinkSaleRemID): Text 'V178YRkqpNW7' is set on object 'Object Repository/RecAndPlayBk/Page-Vlink-ACH-Void/input_Remittance Id'

2024-05-27 19:28:47 - [MESSAGE][PASSED] - Text 'V178YRkqpNW7' is set on object 'Object Repository/RecAndPlayBk/Page-Vlink-ACH-Void/input_Remittance Id'

2024-05-27 19:28:47 - [TEST_STEP][PASSED] - setText(findTestObject("Object Repository/RecAndPlayBk/Page-Vlink-ACH-Void/input_Application Id"), appID): Text '1773' is set on object 'Object Repository/RecAndPlayBk/Page-Vlink-ACH-Void/input_Application Id'

2024-05-27 19:28:48 - [MESSAGE][PASSED] - Text '1773' is set on object 'Object Repository/RecAndPlayBk/Page-Vlink-ACH-Void/input_Application Id'

2024-05-27 19:28:48 - [TEST_STEP][PASSED] - setText(findTestObject("Object Repository/RecAndPlayBk/Page-Vlink-ACH-Void/input_Username"), username): Text 'Qq2BV1qtr' is set on object 'Object Repository/RecAndPlayBk/Page-Vlink-ACH-Void/input_Username'

2024-05-27 19:28:48 - [MESSAGE][PASSED] - Text 'Qq2BV1qtr' is set on object 'Object Repository/RecAndPlayBk/Page-Vlink-ACH-Void/input_Username'

2024-05-27 19:28:48 - [TEST_STEP][PASSED] - setText(findTestObject("Object Repository/RecAndPlayBk/Page-Vlink-ACH-Void/input_Password"), password): Text 'tUmWBiLUx' is set on object 'Object Repository/RecAndPlayBk/Page-Vlink-ACH-Void/input_Password'

2024-05-27 19:28:49 - [MESSAGE][PASSED] - Text 'tUmWBiLUx' is set on object 'Object Repository/RecAndPlayBk/Page-Vlink-ACH-Void/input_Password'

2024-05-27 19:28:49 - [TEST_STEP][PASSED] - setText(findTestObject("Object Repository/RecAndPlayBk/Page-Vlink-ACH-Void/input_Check Type"), checkType): Text 'P' is set on object 'Object Repository/RecAndPlayBk/Page-Vlink-ACH-Void/input_Check Type'

2024-05-27 19:28:50 - [MESSAGE][PASSED] - Text 'P' is set on object 'Object Repository/RecAndPlayBk/Page-Vlink-ACH-Void/input_Check Type'

2024-05-27 19:28:50 - [TEST_STEP][PASSED] - setText(findTestObject("Object Repository/RecAndPlayBk/Page-Vlink-ACH-Void/input_Standard Entry Class"), sec): Text 'WEB' is set on object 'Object Repository/RecAndPlayBk/Page-Vlink-ACH-Void/input_Standard Entry Class'

2024-05-27 19:28:51 - [MESSAGE][PASSED] - Text 'WEB' is set on object 'Object Repository/RecAndPlayBk/Page-Vlink-ACH-Void/input_Standard Entry Class'

2024-05-27 19:28:51 - [TEST_STEP][PASSED] - setText(findTestObject("Object Repository/RecAndPlayBk/Page-Vlink-ACH-Void/input_Transaction ID"), VLinkSaleTranxID): Text '2967848' is set on object 'Object Repository/RecAndPlayBk/Page-Vlink-ACH-Void/input_Transaction ID'

2024-05-27 19:28:51 - [MESSAGE][PASSED] - Text '2967848' is set on object 'Object Repository/RecAndPlayBk/Page-Vlink-ACH-Void/input_Transaction ID'

2024-05-27 19:28:51 - [TEST_STEP][PASSED] - setText(findTestObject("Object Repository/RecAndPlayBk/Page-Vlink-ACH-Void/input_Original Transaction Type"), "200"): Text '200' is set on object 'Object Repository/RecAndPlayBk/Page-Vlink-ACH-Void/input_Original Transaction Type'

2024-05-27 19:28:52 - [MESSAGE][PASSED] - Text '200' is set on object 'Object Repository/RecAndPlayBk/Page-Vlink-ACH-Void/input_Original Transaction Type'

2024-05-27 19:28:52 - [TEST_STEP][PASSED] - click(findTestObject("Object Repository/RecAndPlayBk/Page-Vlink-ACH-Void/input")): Object: 'Object Repository/RecAndPlayBk/Page-Vlink-ACH-Void/input' is clicked on

2024-05-27 19:28:53 - [MESSAGE][PASSED] - Object: 'Object Repository/RecAndPlayBk/Page-Vlink-ACH-Void/input' is clicked on

2024-05-27 19:28:53 - [TEST_STEP][PASSED] - if (verifyTextPresent("Transaction approved, no errors", true)): null

2024-05-27 19:28:53 - [MESSAGE][PASSED] - Text 'Transaction approved, no errors' is present on page  using regular expression

2024-05-27 19:28:53 - [TEST_STEP][PASSED] - println("Transaction Approved, no errors text is present on the Confirmation page"): null

2024-05-27 19:28:53 - [TEST_STEP][PASSED] - out.println("Pass Record Number: " + row): null

2024-05-27 19:28:53 - [TEST_STEP][PASSED] - resText = "Pass": null

2024-05-27 19:28:53 - [TEST_STEP][PASSED] - pages.WriteExcel.demoKey(resText, datText, resColumn, datCloumn, fileLoc, nameSheet, row): pages.WriteExcel.demoKey is PASSED

2024-05-27 19:28:53 - [MESSAGE][PASSED] - pages.WriteExcel.demoKey is PASSED

2024-05-27 19:28:53 - [TEST_STEP][PASSED] - ExecuteTC = findTestData(dataFile).getValue("Execute", row): null

2024-05-27 19:28:53 - [TEST_STEP][PASSED] - out.println("Value of Execute is : " + ExecuteTC): null

2024-05-27 19:28:53 - [TEST_STEP][PASSED] - switch (executionProfile): null

2024-05-27 19:28:53 - [TEST_STEP][PASSED] - case "DemoProfile":: null

2024-05-27 19:28:53 - [TEST_STEP][PASSED] - appID = findTestData(dataFile).getValue("AppIDDemo", row): null

2024-05-27 19:28:54 - [TEST_STEP][PASSED] - username = findTestData(dataFile).getValue("UsernameDemo", row): null

2024-05-27 19:28:54 - [TEST_STEP][PASSED] - password = findTestData(dataFile).getValue("PasswordDemo", row): null

2024-05-27 19:28:54 - [TEST_STEP][PASSED] - break: null

2024-05-27 19:28:54 - [TEST_STEP][PASSED] - if (ExecuteTC.equalsIgnoreCase("Y")): null

2024-05-27 19:28:54 - [TEST_STEP][PASSED] - out.println("Begin Record Number: " + row): null

2024-05-27 19:28:54 - [TEST_STEP][PASSED] - today = new java.util.Date(): null

2024-05-27 19:28:54 - [TEST_STEP][PASSED] - println(today): null

2024-05-27 19:28:54 - [TEST_STEP][PASSED] - datText = today: null

2024-05-27 19:28:54 - [TEST_STEP][PASSED] - checkType = findTestData(dataFile).getValue("CheckType", row): null

2024-05-27 19:28:54 - [TEST_STEP][PASSED] - acNumber = findTestData(dataFile).getValue("AcNumber", row): null

2024-05-27 19:28:54 - [TEST_STEP][PASSED] - company = findTestData(dataFile).getValue("Company", row): null

2024-05-27 19:28:54 - [TEST_STEP][PASSED] - acType = findTestData(dataFile).getValue("AcType", row): null

2024-05-27 19:28:54 - [TEST_STEP][PASSED] - rtn = findTestData(dataFile).getValue("RTN", row): null

2024-05-27 19:28:54 - [TEST_STEP][PASSED] - amount = findTestData(dataFile).getValue("Amount", row): null

2024-05-27 19:28:54 - [TEST_STEP][PASSED] - sec = findTestData(dataFile).getValue("SEC", row): null

2024-05-27 19:28:54 - [TEST_STEP][PASSED] - openBrowser(VLinkURL + "debit.html"): Browser is opened with url: 'https://dev-algorithm.govolution.com/vlinktest/demo/version_2_0/debit.html'

2024-05-27 19:28:54 - [MESSAGE][WARNING] - A browser is already opened. Closing browser and opening a new one

2024-05-27 19:28:55 - [MESSAGE][INFO] - Starting 'Chrome' driver

2024-05-27 19:28:55 - [MESSAGE][INFO] - User set preference: ['acceptInsecureCerts', 'true']

2024-05-27 19:28:55 - [MESSAGE][INFO] - Action delay is set to 0 milliseconds

2024-05-27 19:28:57 - [MESSAGE][PASSED] - Browser is opened with url: 'https://dev-algorithm.govolution.com/vlinktest/demo/version_2_0/debit.html'

2024-05-27 19:28:57 - [TEST_STEP][PASSED] - maximizeWindow(): Current window maximized

2024-05-27 19:28:57 - [MESSAGE][PASSED] - Current window maximized

2024-05-27 19:28:57 - [TEST_STEP][PASSED] - genRemID = RandomStringUtils.random(12, true, true): null

2024-05-27 19:28:57 - [TEST_STEP][PASSED] - setText(findTestObject("RecAndPlayBk/Page-Vlink-Debit/input_Remittance Id"), genRemID): Text 'pxOxpf8xHilI' is set on object 'Object Repository/RecAndPlayBk/Page-Vlink-Debit/input_Remittance Id'

2024-05-27 19:28:58 - [MESSAGE][PASSED] - Text 'pxOxpf8xHilI' is set on object 'Object Repository/RecAndPlayBk/Page-Vlink-Debit/input_Remittance Id'

2024-05-27 19:28:58 - [TEST_STEP][PASSED] - setText(findTestObject("RecAndPlayBk/Page-Vlink-Debit/input_Application Id"), appID): Text '1773' is set on object 'Object Repository/RecAndPlayBk/Page-Vlink-Debit/input_Application Id'

2024-05-27 19:28:59 - [MESSAGE][PASSED] - Text '1773' is set on object 'Object Repository/RecAndPlayBk/Page-Vlink-Debit/input_Application Id'

2024-05-27 19:28:59 - [TEST_STEP][PASSED] - setText(findTestObject("RecAndPlayBk/Page-Vlink-Debit/input_Username"), username): Text 'Qq2BV1qtr' is set on object 'Object Repository/RecAndPlayBk/Page-Vlink-Debit/input_Username'

2024-05-27 19:28:59 - [MESSAGE][PASSED] - Text 'Qq2BV1qtr' is set on object 'Object Repository/RecAndPlayBk/Page-Vlink-Debit/input_Username'

2024-05-27 19:28:59 - [TEST_STEP][PASSED] - setText(findTestObject("RecAndPlayBk/Page-Vlink-Debit/input_Password"), password): Text 'tUmWBiLUx' is set on object 'Object Repository/RecAndPlayBk/Page-Vlink-Debit/input_Password'

2024-05-27 19:29:00 - [MESSAGE][PASSED] - Text 'tUmWBiLUx' is set on object 'Object Repository/RecAndPlayBk/Page-Vlink-Debit/input_Password'

2024-05-27 19:29:00 - [TEST_STEP][PASSED] - setText(findTestObject("RecAndPlayBk/Page-Vlink-Debit/input_Check Type"), checkType): Text 'P' is set on object 'Object Repository/RecAndPlayBk/Page-Vlink-Debit/input_Check Type'

2024-05-27 19:29:01 - [MESSAGE][PASSED] - Text 'P' is set on object 'Object Repository/RecAndPlayBk/Page-Vlink-Debit/input_Check Type'

2024-05-27 19:29:01 - [TEST_STEP][PASSED] - setText(findTestObject("RecAndPlayBk/Page-Vlink-Debit/input_Account_check"), acNumber): Text '58963214' is set on object 'Object Repository/RecAndPlayBk/Page-Vlink-Debit/input_Account_check'

2024-05-27 19:29:01 - [MESSAGE][PASSED] - Text '58963214' is set on object 'Object Repository/RecAndPlayBk/Page-Vlink-Debit/input_Account_check'

2024-05-27 19:29:01 - [TEST_STEP][PASSED] - setText(findTestObject("RecAndPlayBk/Page-Vlink-Debit/input_Company_check"), company): Text '' is set on object 'Object Repository/RecAndPlayBk/Page-Vlink-Debit/input_Company_check'

2024-05-27 19:29:02 - [MESSAGE][PASSED] - Text '' is set on object 'Object Repository/RecAndPlayBk/Page-Vlink-Debit/input_Company_check'

2024-05-27 19:29:02 - [TEST_STEP][PASSED] - setText(findTestObject("RecAndPlayBk/Page-Vlink-Debit/input_Account Type"), acType): Text '2' is set on object 'Object Repository/RecAndPlayBk/Page-Vlink-Debit/input_Account Type'

2024-05-27 19:29:03 - [MESSAGE][PASSED] - Text '2' is set on object 'Object Repository/RecAndPlayBk/Page-Vlink-Debit/input_Account Type'

2024-05-27 19:29:03 - [TEST_STEP][PASSED] - setText(findTestObject("RecAndPlayBk/Page-Vlink-Debit/input_Routing Number"), rtn): Text '256072691' is set on object 'Object Repository/RecAndPlayBk/Page-Vlink-Debit/input_Routing Number'

2024-05-27 19:29:03 - [MESSAGE][PASSED] - Text '256072691' is set on object 'Object Repository/RecAndPlayBk/Page-Vlink-Debit/input_Routing Number'

2024-05-27 19:29:03 - [TEST_STEP][PASSED] - setText(findTestObject("RecAndPlayBk/Page-Vlink-Debit/input_Amount"), amount): Text '12.50' is set on object 'Object Repository/RecAndPlayBk/Page-Vlink-Debit/input_Amount'

2024-05-27 19:29:04 - [MESSAGE][PASSED] - Text '12.50' is set on object 'Object Repository/RecAndPlayBk/Page-Vlink-Debit/input_Amount'

2024-05-27 19:29:04 - [TEST_STEP][PASSED] - setText(findTestObject("RecAndPlayBk/Page-Vlink-Debit/input_Check Email"), ""): Text '' is set on object 'Object Repository/RecAndPlayBk/Page-Vlink-Debit/input_Check Email'

2024-05-27 19:29:05 - [MESSAGE][PASSED] - Text '' is set on object 'Object Repository/RecAndPlayBk/Page-Vlink-Debit/input_Check Email'

2024-05-27 19:29:05 - [TEST_STEP][PASSED] - setText(findTestObject("Object Repository/RecAndPlayBk/Page-Vlink-Debit/input_concat(CheckWriter, , s SSN)_check_ssn"), ""): Text '' is set on object 'Object Repository/RecAndPlayBk/Page-Vlink-Debit/input_concat(CheckWriter, , s SSN)_check_ssn'

2024-05-27 19:29:06 - [MESSAGE][PASSED] - Text '' is set on object 'Object Repository/RecAndPlayBk/Page-Vlink-Debit/input_concat(CheckWriter, , s SSN)_check_ssn'

2024-05-27 19:29:06 - [TEST_STEP][PASSED] - setText(findTestObject("Object Repository/RecAndPlayBk/Page-Vlink-Debit/input_concat(CheckWriter, , s License Numbe_020fef"), ""): Text '' is set on object 'Object Repository/RecAndPlayBk/Page-Vlink-Debit/input_concat(CheckWriter, , s License Numbe_020fef'

2024-05-27 19:29:06 - [MESSAGE][PASSED] - Text '' is set on object 'Object Repository/RecAndPlayBk/Page-Vlink-Debit/input_concat(CheckWriter, , s License Numbe_020fef'

2024-05-27 19:29:06 - [TEST_STEP][PASSED] - setText(findTestObject("Object Repository/RecAndPlayBk/Page-Vlink-Debit/input_concat(CheckWriter, , s License State_21e3e7"), ""): Text '' is set on object 'Object Repository/RecAndPlayBk/Page-Vlink-Debit/input_concat(CheckWriter, , s License State_21e3e7'

2024-05-27 19:29:07 - [MESSAGE][PASSED] - Text '' is set on object 'Object Repository/RecAndPlayBk/Page-Vlink-Debit/input_concat(CheckWriter, , s License State_21e3e7'

2024-05-27 19:29:07 - [TEST_STEP][PASSED] - setText(findTestObject("RecAndPlayBk/Page-Vlink-Debit/input_Standard Entry Class"), sec): Text 'TEL' is set on object 'Object Repository/RecAndPlayBk/Page-Vlink-Debit/input_Standard Entry Class'

2024-05-27 19:29:08 - [MESSAGE][PASSED] - Text 'TEL' is set on object 'Object Repository/RecAndPlayBk/Page-Vlink-Debit/input_Standard Entry Class'

2024-05-27 19:29:08 - [TEST_STEP][PASSED] - click(findTestObject("Object Repository/RecAndPlayBk/Page-Vlink-Debit/input")): Object: 'Object Repository/RecAndPlayBk/Page-Vlink-Debit/input' is clicked on

2024-05-27 19:29:09 - [MESSAGE][PASSED] - Object: 'Object Repository/RecAndPlayBk/Page-Vlink-Debit/input' is clicked on

2024-05-27 19:29:09 - [TEST_STEP][PASSED] - if (verifyTextPresent("Transaction approved, no errors", true)): null

2024-05-27 19:29:09 - [MESSAGE][PASSED] - Text 'Transaction approved, no errors' is present on page  using regular expression

2024-05-27 19:29:09 - [TEST_STEP][PASSED] - println("Transaction Approved, no errors text is present on the Confirmation page"): null

2024-05-27 19:29:09 - [TEST_STEP][PASSED] - sdfo = getText(findTestObject("Object Repository/Page_VLinkReceipt/pre_STX")): Text of object 'Object Repository/Page_VLinkReceipt/pre_STX' is: '<STX>pxOxpf8xHilI                  2967850             0  Transaction approved, no errors                   0                                                                                                              <ETX>'

2024-05-27 19:29:09 - [MESSAGE][PASSED] - Text of object 'Object Repository/Page_VLinkReceipt/pre_STX' is: '<STX>pxOxpf8xHilI                  2967850             0  Transaction approved, no errors                   0                                                                                                              <ETX>'

2024-05-27 19:29:09 - [TEST_STEP][PASSED] - out.println("sdfo: " + sdfo): null

2024-05-27 19:29:09 - [TEST_STEP][PASSED] - remID = substring(5, 35).trim(): null

2024-05-27 19:29:09 - [TEST_STEP][PASSED] - out.println("remID: " + remID): null

2024-05-27 19:29:09 - [TEST_STEP][PASSED] - traxID = substring(35, 55).trim(): null

2024-05-27 19:29:09 - [TEST_STEP][PASSED] - out.println("traxID: " + traxID): null

2024-05-27 19:29:09 - [TEST_STEP][PASSED] - VLinkSaleRemID = remID: null

2024-05-27 19:29:09 - [TEST_STEP][PASSED] - VLinkSaleTranxID = traxID: null

2024-05-27 19:29:09 - [TEST_STEP][PASSED] - openBrowser(VLinkURL + "ACH_void.html"): Browser is opened with url: 'https://dev-algorithm.govolution.com/vlinktest/demo/version_2_0/ACH_void.html'

2024-05-27 19:29:09 - [MESSAGE][WARNING] - A browser is already opened. Closing browser and opening a new one

2024-05-27 19:29:11 - [MESSAGE][INFO] - Starting 'Chrome' driver

2024-05-27 19:29:11 - [MESSAGE][INFO] - User set preference: ['acceptInsecureCerts', 'true']

2024-05-27 19:29:11 - [MESSAGE][INFO] - Action delay is set to 0 milliseconds

2024-05-27 19:29:13 - [MESSAGE][PASSED] - Browser is opened with url: 'https://dev-algorithm.govolution.com/vlinktest/demo/version_2_0/ACH_void.html'

2024-05-27 19:29:13 - [TEST_STEP][PASSED] - maximizeWindow(): Current window maximized

2024-05-27 19:29:13 - [MESSAGE][PASSED] - Current window maximized

2024-05-27 19:29:13 - [TEST_STEP][PASSED] - setText(findTestObject("Object Repository/RecAndPlayBk/Page-Vlink-ACH-Void/input_Remittance Id"), VLinkSaleRemID): Text 'pxOxpf8xHilI' is set on object 'Object Repository/RecAndPlayBk/Page-Vlink-ACH-Void/input_Remittance Id'

2024-05-27 19:29:14 - [MESSAGE][PASSED] - Text 'pxOxpf8xHilI' is set on object 'Object Repository/RecAndPlayBk/Page-Vlink-ACH-Void/input_Remittance Id'

2024-05-27 19:29:14 - [TEST_STEP][PASSED] - setText(findTestObject("Object Repository/RecAndPlayBk/Page-Vlink-ACH-Void/input_Application Id"), appID): Text '1773' is set on object 'Object Repository/RecAndPlayBk/Page-Vlink-ACH-Void/input_Application Id'

2024-05-27 19:29:14 - [MESSAGE][PASSED] - Text '1773' is set on object 'Object Repository/RecAndPlayBk/Page-Vlink-ACH-Void/input_Application Id'

2024-05-27 19:29:14 - [TEST_STEP][PASSED] - setText(findTestObject("Object Repository/RecAndPlayBk/Page-Vlink-ACH-Void/input_Username"), username): Text 'Qq2BV1qtr' is set on object 'Object Repository/RecAndPlayBk/Page-Vlink-ACH-Void/input_Username'

2024-05-27 19:29:15 - [MESSAGE][PASSED] - Text 'Qq2BV1qtr' is set on object 'Object Repository/RecAndPlayBk/Page-Vlink-ACH-Void/input_Username'

2024-05-27 19:29:15 - [TEST_STEP][PASSED] - setText(findTestObject("Object Repository/RecAndPlayBk/Page-Vlink-ACH-Void/input_Password"), password): Text 'tUmWBiLUx' is set on object 'Object Repository/RecAndPlayBk/Page-Vlink-ACH-Void/input_Password'

2024-05-27 19:29:16 - [MESSAGE][PASSED] - Text 'tUmWBiLUx' is set on object 'Object Repository/RecAndPlayBk/Page-Vlink-ACH-Void/input_Password'

2024-05-27 19:29:16 - [TEST_STEP][PASSED] - setText(findTestObject("Object Repository/RecAndPlayBk/Page-Vlink-ACH-Void/input_Check Type"), checkType): Text 'P' is set on object 'Object Repository/RecAndPlayBk/Page-Vlink-ACH-Void/input_Check Type'

2024-05-27 19:29:17 - [MESSAGE][PASSED] - Text 'P' is set on object 'Object Repository/RecAndPlayBk/Page-Vlink-ACH-Void/input_Check Type'

2024-05-27 19:29:17 - [TEST_STEP][PASSED] - setText(findTestObject("Object Repository/RecAndPlayBk/Page-Vlink-ACH-Void/input_Standard Entry Class"), sec): Text 'TEL' is set on object 'Object Repository/RecAndPlayBk/Page-Vlink-ACH-Void/input_Standard Entry Class'

2024-05-27 19:29:17 - [MESSAGE][PASSED] - Text 'TEL' is set on object 'Object Repository/RecAndPlayBk/Page-Vlink-ACH-Void/input_Standard Entry Class'

2024-05-27 19:29:17 - [TEST_STEP][PASSED] - setText(findTestObject("Object Repository/RecAndPlayBk/Page-Vlink-ACH-Void/input_Transaction ID"), VLinkSaleTranxID): Text '2967850' is set on object 'Object Repository/RecAndPlayBk/Page-Vlink-ACH-Void/input_Transaction ID'

2024-05-27 19:29:18 - [MESSAGE][PASSED] - Text '2967850' is set on object 'Object Repository/RecAndPlayBk/Page-Vlink-ACH-Void/input_Transaction ID'

2024-05-27 19:29:18 - [TEST_STEP][PASSED] - setText(findTestObject("Object Repository/RecAndPlayBk/Page-Vlink-ACH-Void/input_Original Transaction Type"), "200"): Text '200' is set on object 'Object Repository/RecAndPlayBk/Page-Vlink-ACH-Void/input_Original Transaction Type'

2024-05-27 19:29:19 - [MESSAGE][PASSED] - Text '200' is set on object 'Object Repository/RecAndPlayBk/Page-Vlink-ACH-Void/input_Original Transaction Type'

2024-05-27 19:29:19 - [TEST_STEP][PASSED] - click(findTestObject("Object Repository/RecAndPlayBk/Page-Vlink-ACH-Void/input")): Object: 'Object Repository/RecAndPlayBk/Page-Vlink-ACH-Void/input' is clicked on

2024-05-27 19:29:20 - [MESSAGE][PASSED] - Object: 'Object Repository/RecAndPlayBk/Page-Vlink-ACH-Void/input' is clicked on

2024-05-27 19:29:20 - [TEST_STEP][PASSED] - if (verifyTextPresent("Transaction approved, no errors", true)): null

2024-05-27 19:29:20 - [MESSAGE][PASSED] - Text 'Transaction approved, no errors' is present on page  using regular expression

2024-05-27 19:29:20 - [TEST_STEP][PASSED] - println("Transaction Approved, no errors text is present on the Confirmation page"): null

2024-05-27 19:29:20 - [TEST_STEP][PASSED] - out.println("Pass Record Number: " + row): null

2024-05-27 19:29:20 - [TEST_STEP][PASSED] - resText = "Pass": null

2024-05-27 19:29:20 - [TEST_STEP][PASSED] - pages.WriteExcel.demoKey(resText, datText, resColumn, datCloumn, fileLoc, nameSheet, row): pages.WriteExcel.demoKey is PASSED

2024-05-27 19:29:20 - [MESSAGE][PASSED] - pages.WriteExcel.demoKey is PASSED

2024-05-27 19:29:20 - [TEST_STEP][PASSED] - ExecuteTC = findTestData(dataFile).getValue("Execute", row): null

2024-05-27 19:29:20 - [TEST_STEP][PASSED] - out.println("Value of Execute is : " + ExecuteTC): null

2024-05-27 19:29:20 - [TEST_STEP][PASSED] - switch (executionProfile): null

2024-05-27 19:29:20 - [TEST_STEP][PASSED] - case "DemoProfile":: null

2024-05-27 19:29:20 - [TEST_STEP][PASSED] - appID = findTestData(dataFile).getValue("AppIDDemo", row): null

2024-05-27 19:29:21 - [TEST_STEP][PASSED] - username = findTestData(dataFile).getValue("UsernameDemo", row): null

2024-05-27 19:29:21 - [TEST_STEP][PASSED] - password = findTestData(dataFile).getValue("PasswordDemo", row): null

2024-05-27 19:29:21 - [TEST_STEP][PASSED] - break: null

2024-05-27 19:29:21 - [TEST_STEP][PASSED] - if (ExecuteTC.equalsIgnoreCase("Y")): null

2024-05-27 19:29:21 - [TEST_STEP][PASSED] - out.println("Begin Record Number: " + row): null

2024-05-27 19:29:21 - [TEST_STEP][PASSED] - today = new java.util.Date(): null

2024-05-27 19:29:21 - [TEST_STEP][PASSED] - println(today): null

2024-05-27 19:29:21 - [TEST_STEP][PASSED] - datText = today: null

2024-05-27 19:29:21 - [TEST_STEP][PASSED] - checkType = findTestData(dataFile).getValue("CheckType", row): null

2024-05-27 19:29:21 - [TEST_STEP][PASSED] - acNumber = findTestData(dataFile).getValue("AcNumber", row): null

2024-05-27 19:29:21 - [TEST_STEP][PASSED] - company = findTestData(dataFile).getValue("Company", row): null

2024-05-27 19:29:21 - [TEST_STEP][PASSED] - acType = findTestData(dataFile).getValue("AcType", row): null

2024-05-27 19:29:21 - [TEST_STEP][PASSED] - rtn = findTestData(dataFile).getValue("RTN", row): null

2024-05-27 19:29:21 - [TEST_STEP][PASSED] - amount = findTestData(dataFile).getValue("Amount", row): null

2024-05-27 19:29:21 - [TEST_STEP][PASSED] - sec = findTestData(dataFile).getValue("SEC", row): null

2024-05-27 19:29:21 - [TEST_STEP][PASSED] - openBrowser(VLinkURL + "debit.html"): Browser is opened with url: 'https://dev-algorithm.govolution.com/vlinktest/demo/version_2_0/debit.html'

2024-05-27 19:29:21 - [MESSAGE][WARNING] - A browser is already opened. Closing browser and opening a new one

2024-05-27 19:29:22 - [MESSAGE][INFO] - Starting 'Chrome' driver

2024-05-27 19:29:22 - [MESSAGE][INFO] - User set preference: ['acceptInsecureCerts', 'true']

2024-05-27 19:29:22 - [MESSAGE][INFO] - Action delay is set to 0 milliseconds

2024-05-27 19:29:24 - [MESSAGE][PASSED] - Browser is opened with url: 'https://dev-algorithm.govolution.com/vlinktest/demo/version_2_0/debit.html'

2024-05-27 19:29:24 - [TEST_STEP][PASSED] - maximizeWindow(): Current window maximized

2024-05-27 19:29:24 - [MESSAGE][PASSED] - Current window maximized

2024-05-27 19:29:24 - [TEST_STEP][PASSED] - genRemID = RandomStringUtils.random(12, true, true): null

2024-05-27 19:29:24 - [TEST_STEP][PASSED] - setText(findTestObject("RecAndPlayBk/Page-Vlink-Debit/input_Remittance Id"), genRemID): Text 'YtJBjjo6uJtN' is set on object 'Object Repository/RecAndPlayBk/Page-Vlink-Debit/input_Remittance Id'

2024-05-27 19:29:25 - [MESSAGE][PASSED] - Text 'YtJBjjo6uJtN' is set on object 'Object Repository/RecAndPlayBk/Page-Vlink-Debit/input_Remittance Id'

2024-05-27 19:29:25 - [TEST_STEP][PASSED] - setText(findTestObject("RecAndPlayBk/Page-Vlink-Debit/input_Application Id"), appID): Text '1773' is set on object 'Object Repository/RecAndPlayBk/Page-Vlink-Debit/input_Application Id'

2024-05-27 19:29:26 - [MESSAGE][PASSED] - Text '1773' is set on object 'Object Repository/RecAndPlayBk/Page-Vlink-Debit/input_Application Id'

2024-05-27 19:29:26 - [TEST_STEP][PASSED] - setText(findTestObject("RecAndPlayBk/Page-Vlink-Debit/input_Username"), username): Text 'Qq2BV1qtr' is set on object 'Object Repository/RecAndPlayBk/Page-Vlink-Debit/input_Username'

2024-05-27 19:29:26 - [MESSAGE][PASSED] - Text 'Qq2BV1qtr' is set on object 'Object Repository/RecAndPlayBk/Page-Vlink-Debit/input_Username'

2024-05-27 19:29:26 - [TEST_STEP][PASSED] - setText(findTestObject("RecAndPlayBk/Page-Vlink-Debit/input_Password"), password): Text 'tUmWBiLUx' is set on object 'Object Repository/RecAndPlayBk/Page-Vlink-Debit/input_Password'

2024-05-27 19:29:27 - [MESSAGE][PASSED] - Text 'tUmWBiLUx' is set on object 'Object Repository/RecAndPlayBk/Page-Vlink-Debit/input_Password'

2024-05-27 19:29:27 - [TEST_STEP][PASSED] - setText(findTestObject("RecAndPlayBk/Page-Vlink-Debit/input_Check Type"), checkType): Text 'P' is set on object 'Object Repository/RecAndPlayBk/Page-Vlink-Debit/input_Check Type'

2024-05-27 19:29:28 - [MESSAGE][PASSED] - Text 'P' is set on object 'Object Repository/RecAndPlayBk/Page-Vlink-Debit/input_Check Type'

2024-05-27 19:29:28 - [TEST_STEP][PASSED] - setText(findTestObject("RecAndPlayBk/Page-Vlink-Debit/input_Account_check"), acNumber): Text '58963214' is set on object 'Object Repository/RecAndPlayBk/Page-Vlink-Debit/input_Account_check'

2024-05-27 19:29:28 - [MESSAGE][PASSED] - Text '58963214' is set on object 'Object Repository/RecAndPlayBk/Page-Vlink-Debit/input_Account_check'

2024-05-27 19:29:28 - [TEST_STEP][PASSED] - setText(findTestObject("RecAndPlayBk/Page-Vlink-Debit/input_Company_check"), company): Text '' is set on object 'Object Repository/RecAndPlayBk/Page-Vlink-Debit/input_Company_check'

2024-05-27 19:29:29 - [MESSAGE][PASSED] - Text '' is set on object 'Object Repository/RecAndPlayBk/Page-Vlink-Debit/input_Company_check'

2024-05-27 19:29:29 - [TEST_STEP][PASSED] - setText(findTestObject("RecAndPlayBk/Page-Vlink-Debit/input_Account Type"), acType): Text '2' is set on object 'Object Repository/RecAndPlayBk/Page-Vlink-Debit/input_Account Type'

2024-05-27 19:29:30 - [MESSAGE][PASSED] - Text '2' is set on object 'Object Repository/RecAndPlayBk/Page-Vlink-Debit/input_Account Type'

2024-05-27 19:29:30 - [TEST_STEP][PASSED] - setText(findTestObject("RecAndPlayBk/Page-Vlink-Debit/input_Routing Number"), rtn): Text '256072691' is set on object 'Object Repository/RecAndPlayBk/Page-Vlink-Debit/input_Routing Number'

2024-05-27 19:29:31 - [MESSAGE][PASSED] - Text '256072691' is set on object 'Object Repository/RecAndPlayBk/Page-Vlink-Debit/input_Routing Number'

2024-05-27 19:29:31 - [TEST_STEP][PASSED] - setText(findTestObject("RecAndPlayBk/Page-Vlink-Debit/input_Amount"), amount): Text '12.50' is set on object 'Object Repository/RecAndPlayBk/Page-Vlink-Debit/input_Amount'

2024-05-27 19:29:31 - [MESSAGE][PASSED] - Text '12.50' is set on object 'Object Repository/RecAndPlayBk/Page-Vlink-Debit/input_Amount'

2024-05-27 19:29:31 - [TEST_STEP][PASSED] - setText(findTestObject("RecAndPlayBk/Page-Vlink-Debit/input_Check Email"), ""): Text '' is set on object 'Object Repository/RecAndPlayBk/Page-Vlink-Debit/input_Check Email'

2024-05-27 19:29:32 - [MESSAGE][PASSED] - Text '' is set on object 'Object Repository/RecAndPlayBk/Page-Vlink-Debit/input_Check Email'

2024-05-27 19:29:32 - [TEST_STEP][PASSED] - setText(findTestObject("Object Repository/RecAndPlayBk/Page-Vlink-Debit/input_concat(CheckWriter, , s SSN)_check_ssn"), ""): Text '' is set on object 'Object Repository/RecAndPlayBk/Page-Vlink-Debit/input_concat(CheckWriter, , s SSN)_check_ssn'

2024-05-27 19:29:33 - [MESSAGE][PASSED] - Text '' is set on object 'Object Repository/RecAndPlayBk/Page-Vlink-Debit/input_concat(CheckWriter, , s SSN)_check_ssn'

2024-05-27 19:29:33 - [TEST_STEP][PASSED] - setText(findTestObject("Object Repository/RecAndPlayBk/Page-Vlink-Debit/input_concat(CheckWriter, , s License Numbe_020fef"), ""): Text '' is set on object 'Object Repository/RecAndPlayBk/Page-Vlink-Debit/input_concat(CheckWriter, , s License Numbe_020fef'

2024-05-27 19:29:33 - [MESSAGE][PASSED] - Text '' is set on object 'Object Repository/RecAndPlayBk/Page-Vlink-Debit/input_concat(CheckWriter, , s License Numbe_020fef'

2024-05-27 19:29:33 - [TEST_STEP][PASSED] - setText(findTestObject("Object Repository/RecAndPlayBk/Page-Vlink-Debit/input_concat(CheckWriter, , s License State_21e3e7"), ""): Text '' is set on object 'Object Repository/RecAndPlayBk/Page-Vlink-Debit/input_concat(CheckWriter, , s License State_21e3e7'

2024-05-27 19:29:34 - [MESSAGE][PASSED] - Text '' is set on object 'Object Repository/RecAndPlayBk/Page-Vlink-Debit/input_concat(CheckWriter, , s License State_21e3e7'

2024-05-27 19:29:34 - [TEST_STEP][PASSED] - setText(findTestObject("RecAndPlayBk/Page-Vlink-Debit/input_Standard Entry Class"), sec): Text 'PPD' is set on object 'Object Repository/RecAndPlayBk/Page-Vlink-Debit/input_Standard Entry Class'

2024-05-27 19:29:35 - [MESSAGE][PASSED] - Text 'PPD' is set on object 'Object Repository/RecAndPlayBk/Page-Vlink-Debit/input_Standard Entry Class'

2024-05-27 19:29:35 - [TEST_STEP][PASSED] - click(findTestObject("Object Repository/RecAndPlayBk/Page-Vlink-Debit/input")): Object: 'Object Repository/RecAndPlayBk/Page-Vlink-Debit/input' is clicked on

2024-05-27 19:29:36 - [MESSAGE][PASSED] - Object: 'Object Repository/RecAndPlayBk/Page-Vlink-Debit/input' is clicked on

2024-05-27 19:29:36 - [TEST_STEP][PASSED] - if (verifyTextPresent("Transaction approved, no errors", true)): null

2024-05-27 19:29:36 - [MESSAGE][PASSED] - Text 'Transaction approved, no errors' is present on page  using regular expression

2024-05-27 19:29:36 - [TEST_STEP][PASSED] - println("Transaction Approved, no errors text is present on the Confirmation page"): null

2024-05-27 19:29:36 - [TEST_STEP][PASSED] - sdfo = getText(findTestObject("Object Repository/Page_VLinkReceipt/pre_STX")): Text of object 'Object Repository/Page_VLinkReceipt/pre_STX' is: '<STX>YtJBjjo6uJtN                  2967852             0  Transaction approved, no errors                   0                                                                                                              <ETX>'

2024-05-27 19:29:36 - [MESSAGE][PASSED] - Text of object 'Object Repository/Page_VLinkReceipt/pre_STX' is: '<STX>YtJBjjo6uJtN                  2967852             0  Transaction approved, no errors                   0                                                                                                              <ETX>'

2024-05-27 19:29:36 - [TEST_STEP][PASSED] - out.println("sdfo: " + sdfo): null

2024-05-27 19:29:36 - [TEST_STEP][PASSED] - remID = substring(5, 35).trim(): null

2024-05-27 19:29:36 - [TEST_STEP][PASSED] - out.println("remID: " + remID): null

2024-05-27 19:29:36 - [TEST_STEP][PASSED] - traxID = substring(35, 55).trim(): null

2024-05-27 19:29:36 - [TEST_STEP][PASSED] - out.println("traxID: " + traxID): null

2024-05-27 19:29:36 - [TEST_STEP][PASSED] - VLinkSaleRemID = remID: null

2024-05-27 19:29:36 - [TEST_STEP][PASSED] - VLinkSaleTranxID = traxID: null

2024-05-27 19:29:36 - [TEST_STEP][PASSED] - openBrowser(VLinkURL + "ACH_void.html"): Browser is opened with url: 'https://dev-algorithm.govolution.com/vlinktest/demo/version_2_0/ACH_void.html'

2024-05-27 19:29:36 - [MESSAGE][WARNING] - A browser is already opened. Closing browser and opening a new one

2024-05-27 19:29:38 - [MESSAGE][INFO] - Starting 'Chrome' driver

2024-05-27 19:29:38 - [MESSAGE][INFO] - User set preference: ['acceptInsecureCerts', 'true']

2024-05-27 19:29:38 - [MESSAGE][INFO] - Action delay is set to 0 milliseconds

2024-05-27 19:29:40 - [MESSAGE][PASSED] - Browser is opened with url: 'https://dev-algorithm.govolution.com/vlinktest/demo/version_2_0/ACH_void.html'

2024-05-27 19:29:40 - [TEST_STEP][PASSED] - maximizeWindow(): Current window maximized

2024-05-27 19:29:40 - [MESSAGE][PASSED] - Current window maximized

2024-05-27 19:29:40 - [TEST_STEP][PASSED] - setText(findTestObject("Object Repository/RecAndPlayBk/Page-Vlink-ACH-Void/input_Remittance Id"), VLinkSaleRemID): Text 'YtJBjjo6uJtN' is set on object 'Object Repository/RecAndPlayBk/Page-Vlink-ACH-Void/input_Remittance Id'

2024-05-27 19:29:41 - [MESSAGE][PASSED] - Text 'YtJBjjo6uJtN' is set on object 'Object Repository/RecAndPlayBk/Page-Vlink-ACH-Void/input_Remittance Id'

2024-05-27 19:29:41 - [TEST_STEP][PASSED] - setText(findTestObject("Object Repository/RecAndPlayBk/Page-Vlink-ACH-Void/input_Application Id"), appID): Text '1773' is set on object 'Object Repository/RecAndPlayBk/Page-Vlink-ACH-Void/input_Application Id'

2024-05-27 19:29:41 - [MESSAGE][PASSED] - Text '1773' is set on object 'Object Repository/RecAndPlayBk/Page-Vlink-ACH-Void/input_Application Id'

2024-05-27 19:29:41 - [TEST_STEP][PASSED] - setText(findTestObject("Object Repository/RecAndPlayBk/Page-Vlink-ACH-Void/input_Username"), username): Text 'Qq2BV1qtr' is set on object 'Object Repository/RecAndPlayBk/Page-Vlink-ACH-Void/input_Username'

2024-05-27 19:29:42 - [MESSAGE][PASSED] - Text 'Qq2BV1qtr' is set on object 'Object Repository/RecAndPlayBk/Page-Vlink-ACH-Void/input_Username'

2024-05-27 19:29:42 - [TEST_STEP][PASSED] - setText(findTestObject("Object Repository/RecAndPlayBk/Page-Vlink-ACH-Void/input_Password"), password): Text 'tUmWBiLUx' is set on object 'Object Repository/RecAndPlayBk/Page-Vlink-ACH-Void/input_Password'

2024-05-27 19:29:43 - [MESSAGE][PASSED] - Text 'tUmWBiLUx' is set on object 'Object Repository/RecAndPlayBk/Page-Vlink-ACH-Void/input_Password'

2024-05-27 19:29:43 - [TEST_STEP][PASSED] - setText(findTestObject("Object Repository/RecAndPlayBk/Page-Vlink-ACH-Void/input_Check Type"), checkType): Text 'P' is set on object 'Object Repository/RecAndPlayBk/Page-Vlink-ACH-Void/input_Check Type'

2024-05-27 19:29:44 - [MESSAGE][PASSED] - Text 'P' is set on object 'Object Repository/RecAndPlayBk/Page-Vlink-ACH-Void/input_Check Type'

2024-05-27 19:29:44 - [TEST_STEP][PASSED] - setText(findTestObject("Object Repository/RecAndPlayBk/Page-Vlink-ACH-Void/input_Standard Entry Class"), sec): Text 'PPD' is set on object 'Object Repository/RecAndPlayBk/Page-Vlink-ACH-Void/input_Standard Entry Class'

2024-05-27 19:29:44 - [MESSAGE][PASSED] - Text 'PPD' is set on object 'Object Repository/RecAndPlayBk/Page-Vlink-ACH-Void/input_Standard Entry Class'

2024-05-27 19:29:44 - [TEST_STEP][PASSED] - setText(findTestObject("Object Repository/RecAndPlayBk/Page-Vlink-ACH-Void/input_Transaction ID"), VLinkSaleTranxID): Text '2967852' is set on object 'Object Repository/RecAndPlayBk/Page-Vlink-ACH-Void/input_Transaction ID'

2024-05-27 19:29:45 - [MESSAGE][PASSED] - Text '2967852' is set on object 'Object Repository/RecAndPlayBk/Page-Vlink-ACH-Void/input_Transaction ID'

2024-05-27 19:29:45 - [TEST_STEP][PASSED] - setText(findTestObject("Object Repository/RecAndPlayBk/Page-Vlink-ACH-Void/input_Original Transaction Type"), "200"): Text '200' is set on object 'Object Repository/RecAndPlayBk/Page-Vlink-ACH-Void/input_Original Transaction Type'

2024-05-27 19:29:46 - [MESSAGE][PASSED] - Text '200' is set on object 'Object Repository/RecAndPlayBk/Page-Vlink-ACH-Void/input_Original Transaction Type'

2024-05-27 19:29:46 - [TEST_STEP][PASSED] - click(findTestObject("Object Repository/RecAndPlayBk/Page-Vlink-ACH-Void/input")): Object: 'Object Repository/RecAndPlayBk/Page-Vlink-ACH-Void/input' is clicked on

2024-05-27 19:29:47 - [MESSAGE][PASSED] - Object: 'Object Repository/RecAndPlayBk/Page-Vlink-ACH-Void/input' is clicked on

2024-05-27 19:29:47 - [TEST_STEP][PASSED] - if (verifyTextPresent("Transaction approved, no errors", true)): null

2024-05-27 19:29:47 - [MESSAGE][PASSED] - Text 'Transaction approved, no errors' is present on page  using regular expression

2024-05-27 19:29:47 - [TEST_STEP][PASSED] - println("Transaction Approved, no errors text is present on the Confirmation page"): null

2024-05-27 19:29:47 - [TEST_STEP][PASSED] - out.println("Pass Record Number: " + row): null

2024-05-27 19:29:47 - [TEST_STEP][PASSED] - resText = "Pass": null

2024-05-27 19:29:47 - [TEST_STEP][PASSED] - pages.WriteExcel.demoKey(resText, datText, resColumn, datCloumn, fileLoc, nameSheet, row): pages.WriteExcel.demoKey is PASSED

2024-05-27 19:29:47 - [MESSAGE][PASSED] - pages.WriteExcel.demoKey is PASSED

2024-05-27 19:29:47 - [TEST_STEP][PASSED] - ExecuteTC = findTestData(dataFile).getValue("Execute", row): null

2024-05-27 19:29:47 - [TEST_STEP][PASSED] - out.println("Value of Execute is : " + ExecuteTC): null

2024-05-27 19:29:47 - [TEST_STEP][PASSED] - switch (executionProfile): null

2024-05-27 19:29:47 - [TEST_STEP][PASSED] - case "DemoProfile":: null

2024-05-27 19:29:47 - [TEST_STEP][PASSED] - appID = findTestData(dataFile).getValue("AppIDDemo", row): null

2024-05-27 19:29:48 - [TEST_STEP][PASSED] - username = findTestData(dataFile).getValue("UsernameDemo", row): null

2024-05-27 19:29:48 - [TEST_STEP][PASSED] - password = findTestData(dataFile).getValue("PasswordDemo", row): null

2024-05-27 19:29:48 - [TEST_STEP][PASSED] - break: null

2024-05-27 19:29:48 - [TEST_STEP][PASSED] - if (ExecuteTC.equalsIgnoreCase("Y")): null

2024-05-27 19:29:48 - [TEST_STEP][PASSED] - out.println("Begin Record Number: " + row): null

2024-05-27 19:29:48 - [TEST_STEP][PASSED] - today = new java.util.Date(): null

2024-05-27 19:29:48 - [TEST_STEP][PASSED] - println(today): null

2024-05-27 19:29:48 - [TEST_STEP][PASSED] - datText = today: null

2024-05-27 19:29:48 - [TEST_STEP][PASSED] - checkType = findTestData(dataFile).getValue("CheckType", row): null

2024-05-27 19:29:48 - [TEST_STEP][PASSED] - acNumber = findTestData(dataFile).getValue("AcNumber", row): null

2024-05-27 19:29:48 - [TEST_STEP][PASSED] - company = findTestData(dataFile).getValue("Company", row): null

2024-05-27 19:29:48 - [TEST_STEP][PASSED] - acType = findTestData(dataFile).getValue("AcType", row): null

2024-05-27 19:29:48 - [TEST_STEP][PASSED] - rtn = findTestData(dataFile).getValue("RTN", row): null

2024-05-27 19:29:48 - [TEST_STEP][PASSED] - amount = findTestData(dataFile).getValue("Amount", row): null

2024-05-27 19:29:48 - [TEST_STEP][PASSED] - sec = findTestData(dataFile).getValue("SEC", row): null

2024-05-27 19:29:48 - [TEST_STEP][PASSED] - openBrowser(VLinkURL + "debit.html"): Browser is opened with url: 'https://dev-algorithm.govolution.com/vlinktest/demo/version_2_0/debit.html'

2024-05-27 19:29:48 - [MESSAGE][WARNING] - A browser is already opened. Closing browser and opening a new one

2024-05-27 19:29:49 - [MESSAGE][INFO] - Starting 'Chrome' driver

2024-05-27 19:29:49 - [MESSAGE][INFO] - User set preference: ['acceptInsecureCerts', 'true']

2024-05-27 19:29:49 - [MESSAGE][INFO] - Action delay is set to 0 milliseconds

2024-05-27 19:29:51 - [MESSAGE][PASSED] - Browser is opened with url: 'https://dev-algorithm.govolution.com/vlinktest/demo/version_2_0/debit.html'

2024-05-27 19:29:51 - [TEST_STEP][PASSED] - maximizeWindow(): Current window maximized

2024-05-27 19:29:51 - [MESSAGE][PASSED] - Current window maximized

2024-05-27 19:29:51 - [TEST_STEP][PASSED] - genRemID = RandomStringUtils.random(12, true, true): null

2024-05-27 19:29:51 - [TEST_STEP][PASSED] - setText(findTestObject("RecAndPlayBk/Page-Vlink-Debit/input_Remittance Id"), genRemID): Text 'MOpoFDLoh7B5' is set on object 'Object Repository/RecAndPlayBk/Page-Vlink-Debit/input_Remittance Id'

2024-05-27 19:29:52 - [MESSAGE][PASSED] - Text 'MOpoFDLoh7B5' is set on object 'Object Repository/RecAndPlayBk/Page-Vlink-Debit/input_Remittance Id'

2024-05-27 19:29:52 - [TEST_STEP][PASSED] - setText(findTestObject("RecAndPlayBk/Page-Vlink-Debit/input_Application Id"), appID): Text '1773' is set on object 'Object Repository/RecAndPlayBk/Page-Vlink-Debit/input_Application Id'

2024-05-27 19:29:53 - [MESSAGE][PASSED] - Text '1773' is set on object 'Object Repository/RecAndPlayBk/Page-Vlink-Debit/input_Application Id'

2024-05-27 19:29:53 - [TEST_STEP][PASSED] - setText(findTestObject("RecAndPlayBk/Page-Vlink-Debit/input_Username"), username): Text 'Qq2BV1qtr' is set on object 'Object Repository/RecAndPlayBk/Page-Vlink-Debit/input_Username'

2024-05-27 19:29:53 - [MESSAGE][PASSED] - Text 'Qq2BV1qtr' is set on object 'Object Repository/RecAndPlayBk/Page-Vlink-Debit/input_Username'

2024-05-27 19:29:53 - [TEST_STEP][PASSED] - setText(findTestObject("RecAndPlayBk/Page-Vlink-Debit/input_Password"), password): Text 'tUmWBiLUx' is set on object 'Object Repository/RecAndPlayBk/Page-Vlink-Debit/input_Password'

2024-05-27 19:29:54 - [MESSAGE][PASSED] - Text 'tUmWBiLUx' is set on object 'Object Repository/RecAndPlayBk/Page-Vlink-Debit/input_Password'

2024-05-27 19:29:54 - [TEST_STEP][PASSED] - setText(findTestObject("RecAndPlayBk/Page-Vlink-Debit/input_Check Type"), checkType): Text 'C' is set on object 'Object Repository/RecAndPlayBk/Page-Vlink-Debit/input_Check Type'

2024-05-27 19:29:55 - [MESSAGE][PASSED] - Text 'C' is set on object 'Object Repository/RecAndPlayBk/Page-Vlink-Debit/input_Check Type'

2024-05-27 19:29:55 - [TEST_STEP][PASSED] - setText(findTestObject("RecAndPlayBk/Page-Vlink-Debit/input_Account_check"), acNumber): Text '58963214' is set on object 'Object Repository/RecAndPlayBk/Page-Vlink-Debit/input_Account_check'

2024-05-27 19:29:55 - [MESSAGE][PASSED] - Text '58963214' is set on object 'Object Repository/RecAndPlayBk/Page-Vlink-Debit/input_Account_check'

2024-05-27 19:29:55 - [TEST_STEP][PASSED] - setText(findTestObject("RecAndPlayBk/Page-Vlink-Debit/input_Company_check"), company): Text 'My Company' is set on object 'Object Repository/RecAndPlayBk/Page-Vlink-Debit/input_Company_check'

2024-05-27 19:29:56 - [MESSAGE][PASSED] - Text 'My Company' is set on object 'Object Repository/RecAndPlayBk/Page-Vlink-Debit/input_Company_check'

2024-05-27 19:29:56 - [TEST_STEP][PASSED] - setText(findTestObject("RecAndPlayBk/Page-Vlink-Debit/input_Account Type"), acType): Text '' is set on object 'Object Repository/RecAndPlayBk/Page-Vlink-Debit/input_Account Type'

2024-05-27 19:29:57 - [MESSAGE][PASSED] - Text '' is set on object 'Object Repository/RecAndPlayBk/Page-Vlink-Debit/input_Account Type'

2024-05-27 19:29:57 - [TEST_STEP][PASSED] - setText(findTestObject("RecAndPlayBk/Page-Vlink-Debit/input_Routing Number"), rtn): Text '256072691' is set on object 'Object Repository/RecAndPlayBk/Page-Vlink-Debit/input_Routing Number'

2024-05-27 19:29:57 - [MESSAGE][PASSED] - Text '256072691' is set on object 'Object Repository/RecAndPlayBk/Page-Vlink-Debit/input_Routing Number'

2024-05-27 19:29:57 - [TEST_STEP][PASSED] - setText(findTestObject("RecAndPlayBk/Page-Vlink-Debit/input_Amount"), amount): Text '12.50' is set on object 'Object Repository/RecAndPlayBk/Page-Vlink-Debit/input_Amount'

2024-05-27 19:29:58 - [MESSAGE][PASSED] - Text '12.50' is set on object 'Object Repository/RecAndPlayBk/Page-Vlink-Debit/input_Amount'

2024-05-27 19:29:58 - [TEST_STEP][PASSED] - setText(findTestObject("RecAndPlayBk/Page-Vlink-Debit/input_Check Email"), ""): Text '' is set on object 'Object Repository/RecAndPlayBk/Page-Vlink-Debit/input_Check Email'

2024-05-27 19:29:59 - [MESSAGE][PASSED] - Text '' is set on object 'Object Repository/RecAndPlayBk/Page-Vlink-Debit/input_Check Email'

2024-05-27 19:29:59 - [TEST_STEP][PASSED] - setText(findTestObject("Object Repository/RecAndPlayBk/Page-Vlink-Debit/input_concat(CheckWriter, , s SSN)_check_ssn"), ""): Text '' is set on object 'Object Repository/RecAndPlayBk/Page-Vlink-Debit/input_concat(CheckWriter, , s SSN)_check_ssn'

2024-05-27 19:30:00 - [MESSAGE][PASSED] - Text '' is set on object 'Object Repository/RecAndPlayBk/Page-Vlink-Debit/input_concat(CheckWriter, , s SSN)_check_ssn'

2024-05-27 19:30:00 - [TEST_STEP][PASSED] - setText(findTestObject("Object Repository/RecAndPlayBk/Page-Vlink-Debit/input_concat(CheckWriter, , s License Numbe_020fef"), ""): Text '' is set on object 'Object Repository/RecAndPlayBk/Page-Vlink-Debit/input_concat(CheckWriter, , s License Numbe_020fef'

2024-05-27 19:30:01 - [MESSAGE][PASSED] - Text '' is set on object 'Object Repository/RecAndPlayBk/Page-Vlink-Debit/input_concat(CheckWriter, , s License Numbe_020fef'

2024-05-27 19:30:01 - [TEST_STEP][PASSED] - setText(findTestObject("Object Repository/RecAndPlayBk/Page-Vlink-Debit/input_concat(CheckWriter, , s License State_21e3e7"), ""): Text '' is set on object 'Object Repository/RecAndPlayBk/Page-Vlink-Debit/input_concat(CheckWriter, , s License State_21e3e7'

2024-05-27 19:30:01 - [MESSAGE][PASSED] - Text '' is set on object 'Object Repository/RecAndPlayBk/Page-Vlink-Debit/input_concat(CheckWriter, , s License State_21e3e7'

2024-05-27 19:30:01 - [TEST_STEP][PASSED] - setText(findTestObject("RecAndPlayBk/Page-Vlink-Debit/input_Standard Entry Class"), sec): Text 'CCD' is set on object 'Object Repository/RecAndPlayBk/Page-Vlink-Debit/input_Standard Entry Class'

2024-05-27 19:30:02 - [MESSAGE][PASSED] - Text 'CCD' is set on object 'Object Repository/RecAndPlayBk/Page-Vlink-Debit/input_Standard Entry Class'

2024-05-27 19:30:02 - [TEST_STEP][PASSED] - click(findTestObject("Object Repository/RecAndPlayBk/Page-Vlink-Debit/input")): Object: 'Object Repository/RecAndPlayBk/Page-Vlink-Debit/input' is clicked on

2024-05-27 19:30:03 - [MESSAGE][PASSED] - Object: 'Object Repository/RecAndPlayBk/Page-Vlink-Debit/input' is clicked on

2024-05-27 19:30:03 - [TEST_STEP][PASSED] - if (verifyTextPresent("Transaction approved, no errors", true)): null

2024-05-27 19:30:03 - [MESSAGE][PASSED] - Text 'Transaction approved, no errors' is present on page  using regular expression

2024-05-27 19:30:03 - [TEST_STEP][PASSED] - println("Transaction Approved, no errors text is present on the Confirmation page"): null

2024-05-27 19:30:03 - [TEST_STEP][PASSED] - sdfo = getText(findTestObject("Object Repository/Page_VLinkReceipt/pre_STX")): Text of object 'Object Repository/Page_VLinkReceipt/pre_STX' is: '<STX>MOpoFDLoh7B5                  2967854             0  Transaction approved, no errors                   0                                                                                                              <ETX>'

2024-05-27 19:30:04 - [MESSAGE][PASSED] - Text of object 'Object Repository/Page_VLinkReceipt/pre_STX' is: '<STX>MOpoFDLoh7B5                  2967854             0  Transaction approved, no errors                   0                                                                                                              <ETX>'

2024-05-27 19:30:04 - [TEST_STEP][PASSED] - out.println("sdfo: " + sdfo): null

2024-05-27 19:30:04 - [TEST_STEP][PASSED] - remID = substring(5, 35).trim(): null

2024-05-27 19:30:04 - [TEST_STEP][PASSED] - out.println("remID: " + remID): null

2024-05-27 19:30:04 - [TEST_STEP][PASSED] - traxID = substring(35, 55).trim(): null

2024-05-27 19:30:04 - [TEST_STEP][PASSED] - out.println("traxID: " + traxID): null

2024-05-27 19:30:04 - [TEST_STEP][PASSED] - VLinkSaleRemID = remID: null

2024-05-27 19:30:04 - [TEST_STEP][PASSED] - VLinkSaleTranxID = traxID: null

2024-05-27 19:30:04 - [TEST_STEP][PASSED] - openBrowser(VLinkURL + "ACH_void.html"): Browser is opened with url: 'https://dev-algorithm.govolution.com/vlinktest/demo/version_2_0/ACH_void.html'

2024-05-27 19:30:04 - [MESSAGE][WARNING] - A browser is already opened. Closing browser and opening a new one

2024-05-27 19:30:05 - [MESSAGE][INFO] - Starting 'Chrome' driver

2024-05-27 19:30:05 - [MESSAGE][INFO] - User set preference: ['acceptInsecureCerts', 'true']

2024-05-27 19:30:05 - [MESSAGE][INFO] - Action delay is set to 0 milliseconds

2024-05-27 19:30:07 - [MESSAGE][PASSED] - Browser is opened with url: 'https://dev-algorithm.govolution.com/vlinktest/demo/version_2_0/ACH_void.html'

2024-05-27 19:30:07 - [TEST_STEP][PASSED] - maximizeWindow(): Current window maximized

2024-05-27 19:30:07 - [MESSAGE][PASSED] - Current window maximized

2024-05-27 19:30:07 - [TEST_STEP][PASSED] - setText(findTestObject("Object Repository/RecAndPlayBk/Page-Vlink-ACH-Void/input_Remittance Id"), VLinkSaleRemID): Text 'MOpoFDLoh7B5' is set on object 'Object Repository/RecAndPlayBk/Page-Vlink-ACH-Void/input_Remittance Id'

2024-05-27 19:30:08 - [MESSAGE][PASSED] - Text 'MOpoFDLoh7B5' is set on object 'Object Repository/RecAndPlayBk/Page-Vlink-ACH-Void/input_Remittance Id'

2024-05-27 19:30:08 - [TEST_STEP][PASSED] - setText(findTestObject("Object Repository/RecAndPlayBk/Page-Vlink-ACH-Void/input_Application Id"), appID): Text '1773' is set on object 'Object Repository/RecAndPlayBk/Page-Vlink-ACH-Void/input_Application Id'

2024-05-27 19:30:09 - [MESSAGE][PASSED] - Text '1773' is set on object 'Object Repository/RecAndPlayBk/Page-Vlink-ACH-Void/input_Application Id'

2024-05-27 19:30:09 - [TEST_STEP][PASSED] - setText(findTestObject("Object Repository/RecAndPlayBk/Page-Vlink-ACH-Void/input_Username"), username): Text 'Qq2BV1qtr' is set on object 'Object Repository/RecAndPlayBk/Page-Vlink-ACH-Void/input_Username'

2024-05-27 19:30:09 - [MESSAGE][PASSED] - Text 'Qq2BV1qtr' is set on object 'Object Repository/RecAndPlayBk/Page-Vlink-ACH-Void/input_Username'

2024-05-27 19:30:09 - [TEST_STEP][PASSED] - setText(findTestObject("Object Repository/RecAndPlayBk/Page-Vlink-ACH-Void/input_Password"), password): Text 'tUmWBiLUx' is set on object 'Object Repository/RecAndPlayBk/Page-Vlink-ACH-Void/input_Password'

2024-05-27 19:30:10 - [MESSAGE][PASSED] - Text 'tUmWBiLUx' is set on object 'Object Repository/RecAndPlayBk/Page-Vlink-ACH-Void/input_Password'

2024-05-27 19:30:10 - [TEST_STEP][PASSED] - setText(findTestObject("Object Repository/RecAndPlayBk/Page-Vlink-ACH-Void/input_Check Type"), checkType): Text 'C' is set on object 'Object Repository/RecAndPlayBk/Page-Vlink-ACH-Void/input_Check Type'

2024-05-27 19:30:11 - [MESSAGE][PASSED] - Text 'C' is set on object 'Object Repository/RecAndPlayBk/Page-Vlink-ACH-Void/input_Check Type'

2024-05-27 19:30:11 - [TEST_STEP][PASSED] - setText(findTestObject("Object Repository/RecAndPlayBk/Page-Vlink-ACH-Void/input_Standard Entry Class"), sec): Text 'CCD' is set on object 'Object Repository/RecAndPlayBk/Page-Vlink-ACH-Void/input_Standard Entry Class'

2024-05-27 19:30:11 - [MESSAGE][PASSED] - Text 'CCD' is set on object 'Object Repository/RecAndPlayBk/Page-Vlink-ACH-Void/input_Standard Entry Class'

2024-05-27 19:30:11 - [TEST_STEP][PASSED] - setText(findTestObject("Object Repository/RecAndPlayBk/Page-Vlink-ACH-Void/input_Transaction ID"), VLinkSaleTranxID): Text '2967854' is set on object 'Object Repository/RecAndPlayBk/Page-Vlink-ACH-Void/input_Transaction ID'

2024-05-27 19:30:12 - [MESSAGE][PASSED] - Text '2967854' is set on object 'Object Repository/RecAndPlayBk/Page-Vlink-ACH-Void/input_Transaction ID'

2024-05-27 19:30:12 - [TEST_STEP][PASSED] - setText(findTestObject("Object Repository/RecAndPlayBk/Page-Vlink-ACH-Void/input_Original Transaction Type"), "200"): Text '200' is set on object 'Object Repository/RecAndPlayBk/Page-Vlink-ACH-Void/input_Original Transaction Type'

2024-05-27 19:30:13 - [MESSAGE][PASSED] - Text '200' is set on object 'Object Repository/RecAndPlayBk/Page-Vlink-ACH-Void/input_Original Transaction Type'

2024-05-27 19:30:13 - [TEST_STEP][PASSED] - click(findTestObject("Object Repository/RecAndPlayBk/Page-Vlink-ACH-Void/input")): Object: 'Object Repository/RecAndPlayBk/Page-Vlink-ACH-Void/input' is clicked on

2024-05-27 19:30:14 - [MESSAGE][PASSED] - Object: 'Object Repository/RecAndPlayBk/Page-Vlink-ACH-Void/input' is clicked on

2024-05-27 19:30:14 - [TEST_STEP][PASSED] - if (verifyTextPresent("Transaction approved, no errors", true)): null

2024-05-27 19:30:14 - [MESSAGE][PASSED] - Text 'Transaction approved, no errors' is present on page  using regular expression

2024-05-27 19:30:14 - [TEST_STEP][PASSED] - println("Transaction Approved, no errors text is present on the Confirmation page"): null

2024-05-27 19:30:14 - [TEST_STEP][PASSED] - out.println("Pass Record Number: " + row): null

2024-05-27 19:30:14 - [TEST_STEP][PASSED] - resText = "Pass": null

2024-05-27 19:30:14 - [TEST_STEP][PASSED] - pages.WriteExcel.demoKey(resText, datText, resColumn, datCloumn, fileLoc, nameSheet, row): pages.WriteExcel.demoKey is PASSED

2024-05-27 19:30:14 - [MESSAGE][PASSED] - pages.WriteExcel.demoKey is PASSED]]></system-out>
         <system-err><![CDATA[]]></system-err>
      </testcase>
      <testcase name="Test Cases/RecAndPlayBk/VLink/Debit-Credit" time="201.489" classname="Test Cases/RecAndPlayBk/VLink/Debit-Credit" status="PASSED">
         <system-out><![CDATA[2024-05-27 19:30:14 - [TEST_CASE][PASSED] - Test Cases/RecAndPlayBk/VLink/Debit-Credit: Test Cases/RecAndPlayBk/VLink/Debit-Credit

2024-05-27 19:30:15 - [TEST_STEP][PASSED] - executionProfile = getExecutionProfile(): null

2024-05-27 19:30:15 - [TEST_STEP][PASSED] - out.println("executionProfile : " + executionProfile): null

2024-05-27 19:30:15 - [TEST_STEP][PASSED] - appName = <not implemented yet for class: org.codehaus.groovy.ast.expr.EmptyExpression>: null

2024-05-27 19:30:15 - [TEST_STEP][PASSED] - appID = <not implemented yet for class: org.codehaus.groovy.ast.expr.EmptyExpression>: null

2024-05-27 19:30:15 - [TEST_STEP][PASSED] - username = <not implemented yet for class: org.codehaus.groovy.ast.expr.EmptyExpression>: null

2024-05-27 19:30:15 - [TEST_STEP][PASSED] - password = <not implemented yet for class: org.codehaus.groovy.ast.expr.EmptyExpression>: null

2024-05-27 19:30:15 - [TEST_STEP][PASSED] - cardNameV = <not implemented yet for class: org.codehaus.groovy.ast.expr.EmptyExpression>: null

2024-05-27 19:30:15 - [TEST_STEP][PASSED] - al1V = <not implemented yet for class: org.codehaus.groovy.ast.expr.EmptyExpression>: null

2024-05-27 19:30:15 - [TEST_STEP][PASSED] - al2V = <not implemented yet for class: org.codehaus.groovy.ast.expr.EmptyExpression>: null

2024-05-27 19:30:15 - [TEST_STEP][PASSED] - zipV = <not implemented yet for class: org.codehaus.groovy.ast.expr.EmptyExpression>: null

2024-05-27 19:30:15 - [TEST_STEP][PASSED] - cardTypeV = <not implemented yet for class: org.codehaus.groovy.ast.expr.EmptyExpression>: null

2024-05-27 19:30:15 - [TEST_STEP][PASSED] - last4V = <not implemented yet for class: org.codehaus.groovy.ast.expr.EmptyExpression>: null

2024-05-27 19:30:15 - [TEST_STEP][PASSED] - resText = "Fail": null

2024-05-27 19:30:15 - [TEST_STEP][PASSED] - resColumn = "Result": null

2024-05-27 19:30:15 - [TEST_STEP][PASSED] - datCloumn = "Date": null

2024-05-27 19:30:15 - [TEST_STEP][PASSED] - fileLoc = "KatalonData/VLinkSmokeDataACH.xlsx": null

2024-05-27 19:30:15 - [TEST_STEP][PASSED] - numOfRows = <not implemented yet for class: org.codehaus.groovy.ast.expr.EmptyExpression>: null

2024-05-27 19:30:15 - [TEST_STEP][PASSED] - dataFile = <not implemented yet for class: org.codehaus.groovy.ast.expr.EmptyExpression>: null

2024-05-27 19:30:15 - [TEST_STEP][PASSED] - nameSheet = <not implemented yet for class: org.codehaus.groovy.ast.expr.EmptyExpression>: null

2024-05-27 19:30:15 - [TEST_STEP][PASSED] - nameSheet = "Debit-Credit": null

2024-05-27 19:30:15 - [TEST_STEP][PASSED] - numOfRows = findTestData("QA/VLinkTestData/VLinkDebitCreditData").getRowNumbers(): null

2024-05-27 19:30:15 - [TEST_STEP][PASSED] - println("Number of Records: " + numOfRows): null

2024-05-27 19:30:15 - [TEST_STEP][PASSED] - dataFile = "QA/VLinkTestData/VLinkDebitCreditData": null

2024-05-27 19:30:15 - [TEST_STEP][PASSED] - for ([row = 1, row <= numOfRows, (row++)]): null

2024-05-27 19:30:15 - [TEST_STEP][PASSED] - ExecuteTC = findTestData(dataFile).getValue("Execute", row): null

2024-05-27 19:30:15 - [TEST_STEP][PASSED] - out.println("Value of Execute is : " + ExecuteTC): null

2024-05-27 19:30:15 - [TEST_STEP][PASSED] - switch (executionProfile): null

2024-05-27 19:30:15 - [TEST_STEP][PASSED] - case "DemoProfile":: null

2024-05-27 19:30:15 - [TEST_STEP][PASSED] - appID = findTestData(dataFile).getValue("AppIDDemo", row): null

2024-05-27 19:30:15 - [TEST_STEP][PASSED] - username = findTestData(dataFile).getValue("UsernameDemo", row): null

2024-05-27 19:30:15 - [TEST_STEP][PASSED] - password = findTestData(dataFile).getValue("PasswordDemo", row): null

2024-05-27 19:30:15 - [TEST_STEP][PASSED] - break: null

2024-05-27 19:30:15 - [TEST_STEP][PASSED] - if (ExecuteTC.equalsIgnoreCase("Y")): null

2024-05-27 19:30:15 - [TEST_STEP][PASSED] - out.println("Begin Record Number: " + row): null

2024-05-27 19:30:15 - [TEST_STEP][PASSED] - today = new java.util.Date(): null

2024-05-27 19:30:15 - [TEST_STEP][PASSED] - println(today): null

2024-05-27 19:30:15 - [TEST_STEP][PASSED] - datText = today: null

2024-05-27 19:30:15 - [TEST_STEP][PASSED] - checkType = findTestData(dataFile).getValue("CheckType", row): null

2024-05-27 19:30:15 - [TEST_STEP][PASSED] - acNumber = findTestData(dataFile).getValue("AcNumber", row): null

2024-05-27 19:30:15 - [TEST_STEP][PASSED] - company = findTestData(dataFile).getValue("Company", row): null

2024-05-27 19:30:16 - [TEST_STEP][PASSED] - acType = findTestData(dataFile).getValue("AcType", row): null

2024-05-27 19:30:16 - [TEST_STEP][PASSED] - rtn = findTestData(dataFile).getValue("RTN", row): null

2024-05-27 19:30:16 - [TEST_STEP][PASSED] - amount = findTestData(dataFile).getValue("Amount", row): null

2024-05-27 19:30:16 - [TEST_STEP][PASSED] - sec = findTestData(dataFile).getValue("SEC", row): null

2024-05-27 19:30:16 - [TEST_STEP][PASSED] - openBrowser(VLinkURL + "debit.html"): Browser is opened with url: 'https://dev-algorithm.govolution.com/vlinktest/demo/version_2_0/debit.html'

2024-05-27 19:30:16 - [MESSAGE][WARNING] - A browser is already opened. Closing browser and opening a new one

2024-05-27 19:30:17 - [MESSAGE][INFO] - Starting 'Chrome' driver

2024-05-27 19:30:17 - [MESSAGE][INFO] - User set preference: ['acceptInsecureCerts', 'true']

2024-05-27 19:30:17 - [MESSAGE][INFO] - Action delay is set to 0 milliseconds

2024-05-27 19:30:19 - [MESSAGE][PASSED] - Browser is opened with url: 'https://dev-algorithm.govolution.com/vlinktest/demo/version_2_0/debit.html'

2024-05-27 19:30:19 - [TEST_STEP][PASSED] - maximizeWindow(): Current window maximized

2024-05-27 19:30:19 - [MESSAGE][PASSED] - Current window maximized

2024-05-27 19:30:19 - [TEST_STEP][PASSED] - genRemID = RandomStringUtils.random(12, true, true): null

2024-05-27 19:30:19 - [TEST_STEP][PASSED] - setText(findTestObject("RecAndPlayBk/Page-Vlink-Debit/input_Remittance Id"), genRemID): Text 'h1oeY78Syp8a' is set on object 'Object Repository/RecAndPlayBk/Page-Vlink-Debit/input_Remittance Id'

2024-05-27 19:30:20 - [MESSAGE][PASSED] - Text 'h1oeY78Syp8a' is set on object 'Object Repository/RecAndPlayBk/Page-Vlink-Debit/input_Remittance Id'

2024-05-27 19:30:20 - [TEST_STEP][PASSED] - setText(findTestObject("RecAndPlayBk/Page-Vlink-Debit/input_Application Id"), appID): Text '1773' is set on object 'Object Repository/RecAndPlayBk/Page-Vlink-Debit/input_Application Id'

2024-05-27 19:30:21 - [MESSAGE][PASSED] - Text '1773' is set on object 'Object Repository/RecAndPlayBk/Page-Vlink-Debit/input_Application Id'

2024-05-27 19:30:21 - [TEST_STEP][PASSED] - setText(findTestObject("RecAndPlayBk/Page-Vlink-Debit/input_Username"), username): Text 'Qq2BV1qtr' is set on object 'Object Repository/RecAndPlayBk/Page-Vlink-Debit/input_Username'

2024-05-27 19:30:21 - [MESSAGE][PASSED] - Text 'Qq2BV1qtr' is set on object 'Object Repository/RecAndPlayBk/Page-Vlink-Debit/input_Username'

2024-05-27 19:30:21 - [TEST_STEP][PASSED] - setText(findTestObject("RecAndPlayBk/Page-Vlink-Debit/input_Password"), password): Text 'tUmWBiLUx' is set on object 'Object Repository/RecAndPlayBk/Page-Vlink-Debit/input_Password'

2024-05-27 19:30:22 - [MESSAGE][PASSED] - Text 'tUmWBiLUx' is set on object 'Object Repository/RecAndPlayBk/Page-Vlink-Debit/input_Password'

2024-05-27 19:30:22 - [TEST_STEP][PASSED] - setText(findTestObject("RecAndPlayBk/Page-Vlink-Debit/input_Check Type"), checkType): Text 'P' is set on object 'Object Repository/RecAndPlayBk/Page-Vlink-Debit/input_Check Type'

2024-05-27 19:30:23 - [MESSAGE][PASSED] - Text 'P' is set on object 'Object Repository/RecAndPlayBk/Page-Vlink-Debit/input_Check Type'

2024-05-27 19:30:23 - [TEST_STEP][PASSED] - setText(findTestObject("RecAndPlayBk/Page-Vlink-Debit/input_Account_check"), acNumber): Text '58963214' is set on object 'Object Repository/RecAndPlayBk/Page-Vlink-Debit/input_Account_check'

2024-05-27 19:30:23 - [MESSAGE][PASSED] - Text '58963214' is set on object 'Object Repository/RecAndPlayBk/Page-Vlink-Debit/input_Account_check'

2024-05-27 19:30:23 - [TEST_STEP][PASSED] - setText(findTestObject("RecAndPlayBk/Page-Vlink-Debit/input_Company_check"), company): Text '' is set on object 'Object Repository/RecAndPlayBk/Page-Vlink-Debit/input_Company_check'

2024-05-27 19:30:24 - [MESSAGE][PASSED] - Text '' is set on object 'Object Repository/RecAndPlayBk/Page-Vlink-Debit/input_Company_check'

2024-05-27 19:30:24 - [TEST_STEP][PASSED] - setText(findTestObject("RecAndPlayBk/Page-Vlink-Debit/input_Account Type"), acType): Text '1' is set on object 'Object Repository/RecAndPlayBk/Page-Vlink-Debit/input_Account Type'

2024-05-27 19:30:25 - [MESSAGE][PASSED] - Text '1' is set on object 'Object Repository/RecAndPlayBk/Page-Vlink-Debit/input_Account Type'

2024-05-27 19:30:25 - [TEST_STEP][PASSED] - setText(findTestObject("RecAndPlayBk/Page-Vlink-Debit/input_Routing Number"), rtn): Text '256072691' is set on object 'Object Repository/RecAndPlayBk/Page-Vlink-Debit/input_Routing Number'

2024-05-27 19:30:25 - [MESSAGE][PASSED] - Text '256072691' is set on object 'Object Repository/RecAndPlayBk/Page-Vlink-Debit/input_Routing Number'

2024-05-27 19:30:25 - [TEST_STEP][PASSED] - setText(findTestObject("RecAndPlayBk/Page-Vlink-Debit/input_Amount"), amount): Text '12.50' is set on object 'Object Repository/RecAndPlayBk/Page-Vlink-Debit/input_Amount'

2024-05-27 19:30:26 - [MESSAGE][PASSED] - Text '12.50' is set on object 'Object Repository/RecAndPlayBk/Page-Vlink-Debit/input_Amount'

2024-05-27 19:30:26 - [TEST_STEP][PASSED] - setText(findTestObject("RecAndPlayBk/Page-Vlink-Debit/input_Check Email"), ""): Text '' is set on object 'Object Repository/RecAndPlayBk/Page-Vlink-Debit/input_Check Email'

2024-05-27 19:30:27 - [MESSAGE][PASSED] - Text '' is set on object 'Object Repository/RecAndPlayBk/Page-Vlink-Debit/input_Check Email'

2024-05-27 19:30:27 - [TEST_STEP][PASSED] - setText(findTestObject("Object Repository/RecAndPlayBk/Page-Vlink-Debit/input_concat(CheckWriter, , s SSN)_check_ssn"), ""): Text '' is set on object 'Object Repository/RecAndPlayBk/Page-Vlink-Debit/input_concat(CheckWriter, , s SSN)_check_ssn'

2024-05-27 19:30:27 - [MESSAGE][PASSED] - Text '' is set on object 'Object Repository/RecAndPlayBk/Page-Vlink-Debit/input_concat(CheckWriter, , s SSN)_check_ssn'

2024-05-27 19:30:27 - [TEST_STEP][PASSED] - setText(findTestObject("Object Repository/RecAndPlayBk/Page-Vlink-Debit/input_concat(CheckWriter, , s License Numbe_020fef"), ""): Text '' is set on object 'Object Repository/RecAndPlayBk/Page-Vlink-Debit/input_concat(CheckWriter, , s License Numbe_020fef'

2024-05-27 19:30:28 - [MESSAGE][PASSED] - Text '' is set on object 'Object Repository/RecAndPlayBk/Page-Vlink-Debit/input_concat(CheckWriter, , s License Numbe_020fef'

2024-05-27 19:30:28 - [TEST_STEP][PASSED] - setText(findTestObject("Object Repository/RecAndPlayBk/Page-Vlink-Debit/input_concat(CheckWriter, , s License State_21e3e7"), ""): Text '' is set on object 'Object Repository/RecAndPlayBk/Page-Vlink-Debit/input_concat(CheckWriter, , s License State_21e3e7'

2024-05-27 19:30:29 - [MESSAGE][PASSED] - Text '' is set on object 'Object Repository/RecAndPlayBk/Page-Vlink-Debit/input_concat(CheckWriter, , s License State_21e3e7'

2024-05-27 19:30:29 - [TEST_STEP][PASSED] - setText(findTestObject("RecAndPlayBk/Page-Vlink-Debit/input_Standard Entry Class"), sec): Text 'WEB' is set on object 'Object Repository/RecAndPlayBk/Page-Vlink-Debit/input_Standard Entry Class'

2024-05-27 19:30:30 - [MESSAGE][PASSED] - Text 'WEB' is set on object 'Object Repository/RecAndPlayBk/Page-Vlink-Debit/input_Standard Entry Class'

2024-05-27 19:30:30 - [TEST_STEP][PASSED] - click(findTestObject("Object Repository/RecAndPlayBk/Page-Vlink-Debit/input")): Object: 'Object Repository/RecAndPlayBk/Page-Vlink-Debit/input' is clicked on

2024-05-27 19:30:30 - [MESSAGE][PASSED] - Object: 'Object Repository/RecAndPlayBk/Page-Vlink-Debit/input' is clicked on

2024-05-27 19:30:30 - [TEST_STEP][PASSED] - if (verifyTextPresent("Transaction approved, no errors", true)): null

2024-05-27 19:30:31 - [MESSAGE][PASSED] - Text 'Transaction approved, no errors' is present on page  using regular expression

2024-05-27 19:30:31 - [TEST_STEP][PASSED] - println("Transaction Approved, no errors text is present on the Confirmation page"): null

2024-05-27 19:30:31 - [TEST_STEP][PASSED] - sdfo = getText(findTestObject("Object Repository/Page_VLinkReceipt/pre_STX")): Text of object 'Object Repository/Page_VLinkReceipt/pre_STX' is: '<STX>h1oeY78Syp8a                  2967856             0  Transaction approved, no errors                   0                                                                                                              <ETX>'

2024-05-27 19:30:31 - [MESSAGE][PASSED] - Text of object 'Object Repository/Page_VLinkReceipt/pre_STX' is: '<STX>h1oeY78Syp8a                  2967856             0  Transaction approved, no errors                   0                                                                                                              <ETX>'

2024-05-27 19:30:31 - [TEST_STEP][PASSED] - out.println("sdfo: " + sdfo): null

2024-05-27 19:30:31 - [TEST_STEP][PASSED] - remID = substring(5, 35).trim(): null

2024-05-27 19:30:31 - [TEST_STEP][PASSED] - out.println("remID: " + remID): null

2024-05-27 19:30:31 - [TEST_STEP][PASSED] - traxID = substring(35, 55).trim(): null

2024-05-27 19:30:31 - [TEST_STEP][PASSED] - out.println("traxID: " + traxID): null

2024-05-27 19:30:31 - [TEST_STEP][PASSED] - VLinkSaleRemID = remID: null

2024-05-27 19:30:31 - [TEST_STEP][PASSED] - VLinkSaleTranxID = traxID: null

2024-05-27 19:30:31 - [TEST_STEP][PASSED] - openBrowser(VLinkURL + "ACH_credit.html"): Browser is opened with url: 'https://dev-algorithm.govolution.com/vlinktest/demo/version_2_0/ACH_credit.html'

2024-05-27 19:30:31 - [MESSAGE][WARNING] - A browser is already opened. Closing browser and opening a new one

2024-05-27 19:30:32 - [MESSAGE][INFO] - Starting 'Chrome' driver

2024-05-27 19:30:32 - [MESSAGE][INFO] - User set preference: ['acceptInsecureCerts', 'true']

2024-05-27 19:30:32 - [MESSAGE][INFO] - Action delay is set to 0 milliseconds

2024-05-27 19:30:34 - [MESSAGE][PASSED] - Browser is opened with url: 'https://dev-algorithm.govolution.com/vlinktest/demo/version_2_0/ACH_credit.html'

2024-05-27 19:30:34 - [TEST_STEP][PASSED] - maximizeWindow(): Current window maximized

2024-05-27 19:30:35 - [MESSAGE][PASSED] - Current window maximized

2024-05-27 19:30:35 - [TEST_STEP][PASSED] - setText(findTestObject("Object Repository/RecAndPlayBk/Page-Vlink-ACH-Credit/input_Remittance Id"), VLinkSaleRemID): Text 'h1oeY78Syp8a' is set on object 'Object Repository/RecAndPlayBk/Page-Vlink-ACH-Credit/input_Remittance Id'

2024-05-27 19:30:35 - [MESSAGE][PASSED] - Text 'h1oeY78Syp8a' is set on object 'Object Repository/RecAndPlayBk/Page-Vlink-ACH-Credit/input_Remittance Id'

2024-05-27 19:30:35 - [TEST_STEP][PASSED] - setText(findTestObject("Object Repository/RecAndPlayBk/Page-Vlink-ACH-Credit/input_Application Id"), appID): Text '1773' is set on object 'Object Repository/RecAndPlayBk/Page-Vlink-ACH-Credit/input_Application Id'

2024-05-27 19:30:36 - [MESSAGE][PASSED] - Text '1773' is set on object 'Object Repository/RecAndPlayBk/Page-Vlink-ACH-Credit/input_Application Id'

2024-05-27 19:30:36 - [TEST_STEP][PASSED] - setText(findTestObject("Object Repository/RecAndPlayBk/Page-Vlink-ACH-Credit/input_Username"), username): Text 'Qq2BV1qtr' is set on object 'Object Repository/RecAndPlayBk/Page-Vlink-ACH-Credit/input_Username'

2024-05-27 19:30:37 - [MESSAGE][PASSED] - Text 'Qq2BV1qtr' is set on object 'Object Repository/RecAndPlayBk/Page-Vlink-ACH-Credit/input_Username'

2024-05-27 19:30:37 - [TEST_STEP][PASSED] - setText(findTestObject("Object Repository/RecAndPlayBk/Page-Vlink-ACH-Credit/input_Password"), password): Text 'tUmWBiLUx' is set on object 'Object Repository/RecAndPlayBk/Page-Vlink-ACH-Credit/input_Password'

2024-05-27 19:30:38 - [MESSAGE][PASSED] - Text 'tUmWBiLUx' is set on object 'Object Repository/RecAndPlayBk/Page-Vlink-ACH-Credit/input_Password'

2024-05-27 19:30:38 - [TEST_STEP][PASSED] - setText(findTestObject("Object Repository/RecAndPlayBk/Page-Vlink-ACH-Credit/input_Check Type"), checkType): Text 'P' is set on object 'Object Repository/RecAndPlayBk/Page-Vlink-ACH-Credit/input_Check Type'

2024-05-27 19:30:39 - [MESSAGE][PASSED] - Text 'P' is set on object 'Object Repository/RecAndPlayBk/Page-Vlink-ACH-Credit/input_Check Type'

2024-05-27 19:30:39 - [TEST_STEP][PASSED] - setText(findTestObject("Object Repository/RecAndPlayBk/Page-Vlink-ACH-Credit/input_Transaction ID"), VLinkSaleTranxID): Text '2967856' is set on object 'Object Repository/RecAndPlayBk/Page-Vlink-ACH-Credit/input_Transaction ID'

2024-05-27 19:30:39 - [MESSAGE][PASSED] - Text '2967856' is set on object 'Object Repository/RecAndPlayBk/Page-Vlink-ACH-Credit/input_Transaction ID'

2024-05-27 19:30:39 - [TEST_STEP][PASSED] - setText(findTestObject("Object Repository/RecAndPlayBk/Page-Vlink-ACH-Credit/input_Amount"), amount): Text '12.50' is set on object 'Object Repository/RecAndPlayBk/Page-Vlink-ACH-Credit/input_Amount'

2024-05-27 19:30:40 - [MESSAGE][PASSED] - Text '12.50' is set on object 'Object Repository/RecAndPlayBk/Page-Vlink-ACH-Credit/input_Amount'

2024-05-27 19:30:40 - [TEST_STEP][PASSED] - setText(findTestObject("Object Repository/RecAndPlayBk/Page-Vlink-ACH-Credit/input_Standard Entry Class"), sec): Text 'WEB' is set on object 'Object Repository/RecAndPlayBk/Page-Vlink-ACH-Credit/input_Standard Entry Class'

2024-05-27 19:30:41 - [MESSAGE][PASSED] - Text 'WEB' is set on object 'Object Repository/RecAndPlayBk/Page-Vlink-ACH-Credit/input_Standard Entry Class'

2024-05-27 19:30:41 - [TEST_STEP][PASSED] - setText(findTestObject("Object Repository/RecAndPlayBk/Page-Vlink-ACH-Credit/input_Account Number"), acNumber): Text '58963214' is set on object 'Object Repository/RecAndPlayBk/Page-Vlink-ACH-Credit/input_Account Number'

2024-05-27 19:30:41 - [MESSAGE][PASSED] - Text '58963214' is set on object 'Object Repository/RecAndPlayBk/Page-Vlink-ACH-Credit/input_Account Number'

2024-05-27 19:30:41 - [TEST_STEP][PASSED] - setText(findTestObject("Object Repository/RecAndPlayBk/Page-Vlink-ACH-Credit/input_Routing Number"), rtn): Text '256072691' is set on object 'Object Repository/RecAndPlayBk/Page-Vlink-ACH-Credit/input_Routing Number'

2024-05-27 19:30:42 - [MESSAGE][PASSED] - Text '256072691' is set on object 'Object Repository/RecAndPlayBk/Page-Vlink-ACH-Credit/input_Routing Number'

2024-05-27 19:30:42 - [TEST_STEP][PASSED] - click(findTestObject("Object Repository/RecAndPlayBk/Page-Vlink-ACH-Credit/input")): Object: 'Object Repository/RecAndPlayBk/Page-Vlink-ACH-Credit/input' is clicked on

2024-05-27 19:30:43 - [MESSAGE][PASSED] - Object: 'Object Repository/RecAndPlayBk/Page-Vlink-ACH-Credit/input' is clicked on

2024-05-27 19:30:43 - [TEST_STEP][PASSED] - if (verifyTextPresent("Transaction approved, no errors", true)): null

2024-05-27 19:30:43 - [MESSAGE][PASSED] - Text 'Transaction approved, no errors' is present on page  using regular expression

2024-05-27 19:30:43 - [TEST_STEP][PASSED] - println("Transaction Approved, no errors text is present on the Confirmation page"): null

2024-05-27 19:30:43 - [TEST_STEP][PASSED] - out.println("Pass Record Number: " + row): null

2024-05-27 19:30:43 - [TEST_STEP][PASSED] - resText = "Pass": null

2024-05-27 19:30:43 - [TEST_STEP][PASSED] - pages.WriteExcel.demoKey(resText, datText, resColumn, datCloumn, fileLoc, nameSheet, row): pages.WriteExcel.demoKey is PASSED

2024-05-27 19:30:43 - [MESSAGE][PASSED] - pages.WriteExcel.demoKey is PASSED

2024-05-27 19:30:43 - [TEST_STEP][PASSED] - ExecuteTC = findTestData(dataFile).getValue("Execute", row): null

2024-05-27 19:30:43 - [TEST_STEP][PASSED] - out.println("Value of Execute is : " + ExecuteTC): null

2024-05-27 19:30:43 - [TEST_STEP][PASSED] - switch (executionProfile): null

2024-05-27 19:30:43 - [TEST_STEP][PASSED] - case "DemoProfile":: null

2024-05-27 19:30:43 - [TEST_STEP][PASSED] - appID = findTestData(dataFile).getValue("AppIDDemo", row): null

2024-05-27 19:30:43 - [TEST_STEP][PASSED] - username = findTestData(dataFile).getValue("UsernameDemo", row): null

2024-05-27 19:30:43 - [TEST_STEP][PASSED] - password = findTestData(dataFile).getValue("PasswordDemo", row): null

2024-05-27 19:30:44 - [TEST_STEP][PASSED] - break: null

2024-05-27 19:30:44 - [TEST_STEP][PASSED] - if (ExecuteTC.equalsIgnoreCase("Y")): null

2024-05-27 19:30:44 - [TEST_STEP][PASSED] - out.println("Begin Record Number: " + row): null

2024-05-27 19:30:44 - [TEST_STEP][PASSED] - today = new java.util.Date(): null

2024-05-27 19:30:44 - [TEST_STEP][PASSED] - println(today): null

2024-05-27 19:30:44 - [TEST_STEP][PASSED] - datText = today: null

2024-05-27 19:30:44 - [TEST_STEP][PASSED] - checkType = findTestData(dataFile).getValue("CheckType", row): null

2024-05-27 19:30:44 - [TEST_STEP][PASSED] - acNumber = findTestData(dataFile).getValue("AcNumber", row): null

2024-05-27 19:30:44 - [TEST_STEP][PASSED] - company = findTestData(dataFile).getValue("Company", row): null

2024-05-27 19:30:44 - [TEST_STEP][PASSED] - acType = findTestData(dataFile).getValue("AcType", row): null

2024-05-27 19:30:44 - [TEST_STEP][PASSED] - rtn = findTestData(dataFile).getValue("RTN", row): null

2024-05-27 19:30:44 - [TEST_STEP][PASSED] - amount = findTestData(dataFile).getValue("Amount", row): null

2024-05-27 19:30:44 - [TEST_STEP][PASSED] - sec = findTestData(dataFile).getValue("SEC", row): null

2024-05-27 19:30:44 - [TEST_STEP][PASSED] - openBrowser(VLinkURL + "debit.html"): Browser is opened with url: 'https://dev-algorithm.govolution.com/vlinktest/demo/version_2_0/debit.html'

2024-05-27 19:30:44 - [MESSAGE][WARNING] - A browser is already opened. Closing browser and opening a new one

2024-05-27 19:30:46 - [MESSAGE][INFO] - Starting 'Chrome' driver

2024-05-27 19:30:46 - [MESSAGE][INFO] - User set preference: ['acceptInsecureCerts', 'true']

2024-05-27 19:30:46 - [MESSAGE][INFO] - Action delay is set to 0 milliseconds

2024-05-27 19:30:48 - [MESSAGE][PASSED] - Browser is opened with url: 'https://dev-algorithm.govolution.com/vlinktest/demo/version_2_0/debit.html'

2024-05-27 19:30:48 - [TEST_STEP][PASSED] - maximizeWindow(): Current window maximized

2024-05-27 19:30:48 - [MESSAGE][PASSED] - Current window maximized

2024-05-27 19:30:48 - [TEST_STEP][PASSED] - genRemID = RandomStringUtils.random(12, true, true): null

2024-05-27 19:30:48 - [TEST_STEP][PASSED] - setText(findTestObject("RecAndPlayBk/Page-Vlink-Debit/input_Remittance Id"), genRemID): Text '58tbZKfgAMcc' is set on object 'Object Repository/RecAndPlayBk/Page-Vlink-Debit/input_Remittance Id'

2024-05-27 19:30:49 - [MESSAGE][PASSED] - Text '58tbZKfgAMcc' is set on object 'Object Repository/RecAndPlayBk/Page-Vlink-Debit/input_Remittance Id'

2024-05-27 19:30:49 - [TEST_STEP][PASSED] - setText(findTestObject("RecAndPlayBk/Page-Vlink-Debit/input_Application Id"), appID): Text '1773' is set on object 'Object Repository/RecAndPlayBk/Page-Vlink-Debit/input_Application Id'

2024-05-27 19:30:49 - [MESSAGE][PASSED] - Text '1773' is set on object 'Object Repository/RecAndPlayBk/Page-Vlink-Debit/input_Application Id'

2024-05-27 19:30:49 - [TEST_STEP][PASSED] - setText(findTestObject("RecAndPlayBk/Page-Vlink-Debit/input_Username"), username): Text 'Qq2BV1qtr' is set on object 'Object Repository/RecAndPlayBk/Page-Vlink-Debit/input_Username'

2024-05-27 19:30:50 - [MESSAGE][PASSED] - Text 'Qq2BV1qtr' is set on object 'Object Repository/RecAndPlayBk/Page-Vlink-Debit/input_Username'

2024-05-27 19:30:50 - [TEST_STEP][PASSED] - setText(findTestObject("RecAndPlayBk/Page-Vlink-Debit/input_Password"), password): Text 'tUmWBiLUx' is set on object 'Object Repository/RecAndPlayBk/Page-Vlink-Debit/input_Password'

2024-05-27 19:30:51 - [MESSAGE][PASSED] - Text 'tUmWBiLUx' is set on object 'Object Repository/RecAndPlayBk/Page-Vlink-Debit/input_Password'

2024-05-27 19:30:51 - [TEST_STEP][PASSED] - setText(findTestObject("RecAndPlayBk/Page-Vlink-Debit/input_Check Type"), checkType): Text 'P' is set on object 'Object Repository/RecAndPlayBk/Page-Vlink-Debit/input_Check Type'

2024-05-27 19:30:51 - [MESSAGE][PASSED] - Text 'P' is set on object 'Object Repository/RecAndPlayBk/Page-Vlink-Debit/input_Check Type'

2024-05-27 19:30:51 - [TEST_STEP][PASSED] - setText(findTestObject("RecAndPlayBk/Page-Vlink-Debit/input_Account_check"), acNumber): Text '58963214' is set on object 'Object Repository/RecAndPlayBk/Page-Vlink-Debit/input_Account_check'

2024-05-27 19:30:52 - [MESSAGE][PASSED] - Text '58963214' is set on object 'Object Repository/RecAndPlayBk/Page-Vlink-Debit/input_Account_check'

2024-05-27 19:30:52 - [TEST_STEP][PASSED] - setText(findTestObject("RecAndPlayBk/Page-Vlink-Debit/input_Company_check"), company): Text '' is set on object 'Object Repository/RecAndPlayBk/Page-Vlink-Debit/input_Company_check'

2024-05-27 19:30:53 - [MESSAGE][PASSED] - Text '' is set on object 'Object Repository/RecAndPlayBk/Page-Vlink-Debit/input_Company_check'

2024-05-27 19:30:53 - [TEST_STEP][PASSED] - setText(findTestObject("RecAndPlayBk/Page-Vlink-Debit/input_Account Type"), acType): Text '1' is set on object 'Object Repository/RecAndPlayBk/Page-Vlink-Debit/input_Account Type'

2024-05-27 19:30:53 - [MESSAGE][PASSED] - Text '1' is set on object 'Object Repository/RecAndPlayBk/Page-Vlink-Debit/input_Account Type'

2024-05-27 19:30:53 - [TEST_STEP][PASSED] - setText(findTestObject("RecAndPlayBk/Page-Vlink-Debit/input_Routing Number"), rtn): Text '256072691' is set on object 'Object Repository/RecAndPlayBk/Page-Vlink-Debit/input_Routing Number'

2024-05-27 19:30:54 - [MESSAGE][PASSED] - Text '256072691' is set on object 'Object Repository/RecAndPlayBk/Page-Vlink-Debit/input_Routing Number'

2024-05-27 19:30:54 - [TEST_STEP][PASSED] - setText(findTestObject("RecAndPlayBk/Page-Vlink-Debit/input_Amount"), amount): Text '12.50' is set on object 'Object Repository/RecAndPlayBk/Page-Vlink-Debit/input_Amount'

2024-05-27 19:30:55 - [MESSAGE][PASSED] - Text '12.50' is set on object 'Object Repository/RecAndPlayBk/Page-Vlink-Debit/input_Amount'

2024-05-27 19:30:55 - [TEST_STEP][PASSED] - setText(findTestObject("RecAndPlayBk/Page-Vlink-Debit/input_Check Email"), ""): Text '' is set on object 'Object Repository/RecAndPlayBk/Page-Vlink-Debit/input_Check Email'

2024-05-27 19:30:55 - [MESSAGE][PASSED] - Text '' is set on object 'Object Repository/RecAndPlayBk/Page-Vlink-Debit/input_Check Email'

2024-05-27 19:30:55 - [TEST_STEP][PASSED] - setText(findTestObject("Object Repository/RecAndPlayBk/Page-Vlink-Debit/input_concat(CheckWriter, , s SSN)_check_ssn"), ""): Text '' is set on object 'Object Repository/RecAndPlayBk/Page-Vlink-Debit/input_concat(CheckWriter, , s SSN)_check_ssn'

2024-05-27 19:30:56 - [MESSAGE][PASSED] - Text '' is set on object 'Object Repository/RecAndPlayBk/Page-Vlink-Debit/input_concat(CheckWriter, , s SSN)_check_ssn'

2024-05-27 19:30:56 - [TEST_STEP][PASSED] - setText(findTestObject("Object Repository/RecAndPlayBk/Page-Vlink-Debit/input_concat(CheckWriter, , s License Numbe_020fef"), ""): Text '' is set on object 'Object Repository/RecAndPlayBk/Page-Vlink-Debit/input_concat(CheckWriter, , s License Numbe_020fef'

2024-05-27 19:30:57 - [MESSAGE][PASSED] - Text '' is set on object 'Object Repository/RecAndPlayBk/Page-Vlink-Debit/input_concat(CheckWriter, , s License Numbe_020fef'

2024-05-27 19:30:57 - [TEST_STEP][PASSED] - setText(findTestObject("Object Repository/RecAndPlayBk/Page-Vlink-Debit/input_concat(CheckWriter, , s License State_21e3e7"), ""): Text '' is set on object 'Object Repository/RecAndPlayBk/Page-Vlink-Debit/input_concat(CheckWriter, , s License State_21e3e7'

2024-05-27 19:30:58 - [MESSAGE][PASSED] - Text '' is set on object 'Object Repository/RecAndPlayBk/Page-Vlink-Debit/input_concat(CheckWriter, , s License State_21e3e7'

2024-05-27 19:30:58 - [TEST_STEP][PASSED] - setText(findTestObject("RecAndPlayBk/Page-Vlink-Debit/input_Standard Entry Class"), sec): Text 'TEL' is set on object 'Object Repository/RecAndPlayBk/Page-Vlink-Debit/input_Standard Entry Class'

2024-05-27 19:30:58 - [MESSAGE][PASSED] - Text 'TEL' is set on object 'Object Repository/RecAndPlayBk/Page-Vlink-Debit/input_Standard Entry Class'

2024-05-27 19:30:58 - [TEST_STEP][PASSED] - click(findTestObject("Object Repository/RecAndPlayBk/Page-Vlink-Debit/input")): Object: 'Object Repository/RecAndPlayBk/Page-Vlink-Debit/input' is clicked on

2024-05-27 19:30:59 - [MESSAGE][PASSED] - Object: 'Object Repository/RecAndPlayBk/Page-Vlink-Debit/input' is clicked on

2024-05-27 19:30:59 - [TEST_STEP][PASSED] - if (verifyTextPresent("Transaction approved, no errors", true)): null

2024-05-27 19:30:59 - [MESSAGE][PASSED] - Text 'Transaction approved, no errors' is present on page  using regular expression

2024-05-27 19:30:59 - [TEST_STEP][PASSED] - println("Transaction Approved, no errors text is present on the Confirmation page"): null

2024-05-27 19:30:59 - [TEST_STEP][PASSED] - sdfo = getText(findTestObject("Object Repository/Page_VLinkReceipt/pre_STX")): Text of object 'Object Repository/Page_VLinkReceipt/pre_STX' is: '<STX>58tbZKfgAMcc                  2967858             0  Transaction approved, no errors                   0                                                                                                              <ETX>'

2024-05-27 19:31:00 - [MESSAGE][PASSED] - Text of object 'Object Repository/Page_VLinkReceipt/pre_STX' is: '<STX>58tbZKfgAMcc                  2967858             0  Transaction approved, no errors                   0                                                                                                              <ETX>'

2024-05-27 19:31:00 - [TEST_STEP][PASSED] - out.println("sdfo: " + sdfo): null

2024-05-27 19:31:00 - [TEST_STEP][PASSED] - remID = substring(5, 35).trim(): null

2024-05-27 19:31:00 - [TEST_STEP][PASSED] - out.println("remID: " + remID): null

2024-05-27 19:31:00 - [TEST_STEP][PASSED] - traxID = substring(35, 55).trim(): null

2024-05-27 19:31:00 - [TEST_STEP][PASSED] - out.println("traxID: " + traxID): null

2024-05-27 19:31:00 - [TEST_STEP][PASSED] - VLinkSaleRemID = remID: null

2024-05-27 19:31:00 - [TEST_STEP][PASSED] - VLinkSaleTranxID = traxID: null

2024-05-27 19:31:00 - [TEST_STEP][PASSED] - openBrowser(VLinkURL + "ACH_credit.html"): Browser is opened with url: 'https://dev-algorithm.govolution.com/vlinktest/demo/version_2_0/ACH_credit.html'

2024-05-27 19:31:00 - [MESSAGE][WARNING] - A browser is already opened. Closing browser and opening a new one

2024-05-27 19:31:01 - [MESSAGE][INFO] - Starting 'Chrome' driver

2024-05-27 19:31:01 - [MESSAGE][INFO] - User set preference: ['acceptInsecureCerts', 'true']

2024-05-27 19:31:01 - [MESSAGE][INFO] - Action delay is set to 0 milliseconds

2024-05-27 19:31:03 - [MESSAGE][PASSED] - Browser is opened with url: 'https://dev-algorithm.govolution.com/vlinktest/demo/version_2_0/ACH_credit.html'

2024-05-27 19:31:03 - [TEST_STEP][PASSED] - maximizeWindow(): Current window maximized

2024-05-27 19:31:03 - [MESSAGE][PASSED] - Current window maximized

2024-05-27 19:31:03 - [TEST_STEP][PASSED] - setText(findTestObject("Object Repository/RecAndPlayBk/Page-Vlink-ACH-Credit/input_Remittance Id"), VLinkSaleRemID): Text '58tbZKfgAMcc' is set on object 'Object Repository/RecAndPlayBk/Page-Vlink-ACH-Credit/input_Remittance Id'

2024-05-27 19:31:04 - [MESSAGE][PASSED] - Text '58tbZKfgAMcc' is set on object 'Object Repository/RecAndPlayBk/Page-Vlink-ACH-Credit/input_Remittance Id'

2024-05-27 19:31:04 - [TEST_STEP][PASSED] - setText(findTestObject("Object Repository/RecAndPlayBk/Page-Vlink-ACH-Credit/input_Application Id"), appID): Text '1773' is set on object 'Object Repository/RecAndPlayBk/Page-Vlink-ACH-Credit/input_Application Id'

2024-05-27 19:31:05 - [MESSAGE][PASSED] - Text '1773' is set on object 'Object Repository/RecAndPlayBk/Page-Vlink-ACH-Credit/input_Application Id'

2024-05-27 19:31:05 - [TEST_STEP][PASSED] - setText(findTestObject("Object Repository/RecAndPlayBk/Page-Vlink-ACH-Credit/input_Username"), username): Text 'Qq2BV1qtr' is set on object 'Object Repository/RecAndPlayBk/Page-Vlink-ACH-Credit/input_Username'

2024-05-27 19:31:06 - [MESSAGE][PASSED] - Text 'Qq2BV1qtr' is set on object 'Object Repository/RecAndPlayBk/Page-Vlink-ACH-Credit/input_Username'

2024-05-27 19:31:06 - [TEST_STEP][PASSED] - setText(findTestObject("Object Repository/RecAndPlayBk/Page-Vlink-ACH-Credit/input_Password"), password): Text 'tUmWBiLUx' is set on object 'Object Repository/RecAndPlayBk/Page-Vlink-ACH-Credit/input_Password'

2024-05-27 19:31:06 - [MESSAGE][PASSED] - Text 'tUmWBiLUx' is set on object 'Object Repository/RecAndPlayBk/Page-Vlink-ACH-Credit/input_Password'

2024-05-27 19:31:06 - [TEST_STEP][PASSED] - setText(findTestObject("Object Repository/RecAndPlayBk/Page-Vlink-ACH-Credit/input_Check Type"), checkType): Text 'P' is set on object 'Object Repository/RecAndPlayBk/Page-Vlink-ACH-Credit/input_Check Type'

2024-05-27 19:31:07 - [MESSAGE][PASSED] - Text 'P' is set on object 'Object Repository/RecAndPlayBk/Page-Vlink-ACH-Credit/input_Check Type'

2024-05-27 19:31:07 - [TEST_STEP][PASSED] - setText(findTestObject("Object Repository/RecAndPlayBk/Page-Vlink-ACH-Credit/input_Transaction ID"), VLinkSaleTranxID): Text '2967858' is set on object 'Object Repository/RecAndPlayBk/Page-Vlink-ACH-Credit/input_Transaction ID'

2024-05-27 19:31:08 - [MESSAGE][PASSED] - Text '2967858' is set on object 'Object Repository/RecAndPlayBk/Page-Vlink-ACH-Credit/input_Transaction ID'

2024-05-27 19:31:08 - [TEST_STEP][PASSED] - setText(findTestObject("Object Repository/RecAndPlayBk/Page-Vlink-ACH-Credit/input_Amount"), amount): Text '12.50' is set on object 'Object Repository/RecAndPlayBk/Page-Vlink-ACH-Credit/input_Amount'

2024-05-27 19:31:08 - [MESSAGE][PASSED] - Text '12.50' is set on object 'Object Repository/RecAndPlayBk/Page-Vlink-ACH-Credit/input_Amount'

2024-05-27 19:31:08 - [TEST_STEP][PASSED] - setText(findTestObject("Object Repository/RecAndPlayBk/Page-Vlink-ACH-Credit/input_Standard Entry Class"), sec): Text 'TEL' is set on object 'Object Repository/RecAndPlayBk/Page-Vlink-ACH-Credit/input_Standard Entry Class'

2024-05-27 19:31:09 - [MESSAGE][PASSED] - Text 'TEL' is set on object 'Object Repository/RecAndPlayBk/Page-Vlink-ACH-Credit/input_Standard Entry Class'

2024-05-27 19:31:09 - [TEST_STEP][PASSED] - setText(findTestObject("Object Repository/RecAndPlayBk/Page-Vlink-ACH-Credit/input_Account Number"), acNumber): Text '58963214' is set on object 'Object Repository/RecAndPlayBk/Page-Vlink-ACH-Credit/input_Account Number'

2024-05-27 19:31:10 - [MESSAGE][PASSED] - Text '58963214' is set on object 'Object Repository/RecAndPlayBk/Page-Vlink-ACH-Credit/input_Account Number'

2024-05-27 19:31:10 - [TEST_STEP][PASSED] - setText(findTestObject("Object Repository/RecAndPlayBk/Page-Vlink-ACH-Credit/input_Routing Number"), rtn): Text '256072691' is set on object 'Object Repository/RecAndPlayBk/Page-Vlink-ACH-Credit/input_Routing Number'

2024-05-27 19:31:10 - [MESSAGE][PASSED] - Text '256072691' is set on object 'Object Repository/RecAndPlayBk/Page-Vlink-ACH-Credit/input_Routing Number'

2024-05-27 19:31:10 - [TEST_STEP][PASSED] - click(findTestObject("Object Repository/RecAndPlayBk/Page-Vlink-ACH-Credit/input")): Object: 'Object Repository/RecAndPlayBk/Page-Vlink-ACH-Credit/input' is clicked on

2024-05-27 19:31:11 - [MESSAGE][PASSED] - Object: 'Object Repository/RecAndPlayBk/Page-Vlink-ACH-Credit/input' is clicked on

2024-05-27 19:31:11 - [TEST_STEP][PASSED] - if (verifyTextPresent("Transaction approved, no errors", true)): null

2024-05-27 19:31:12 - [MESSAGE][PASSED] - Text 'Transaction approved, no errors' is present on page  using regular expression

2024-05-27 19:31:12 - [TEST_STEP][PASSED] - println("Transaction Approved, no errors text is present on the Confirmation page"): null

2024-05-27 19:31:12 - [TEST_STEP][PASSED] - out.println("Pass Record Number: " + row): null

2024-05-27 19:31:12 - [TEST_STEP][PASSED] - resText = "Pass": null

2024-05-27 19:31:12 - [TEST_STEP][PASSED] - pages.WriteExcel.demoKey(resText, datText, resColumn, datCloumn, fileLoc, nameSheet, row): pages.WriteExcel.demoKey is PASSED

2024-05-27 19:31:12 - [MESSAGE][PASSED] - pages.WriteExcel.demoKey is PASSED

2024-05-27 19:31:12 - [TEST_STEP][PASSED] - ExecuteTC = findTestData(dataFile).getValue("Execute", row): null

2024-05-27 19:31:12 - [TEST_STEP][PASSED] - out.println("Value of Execute is : " + ExecuteTC): null

2024-05-27 19:31:12 - [TEST_STEP][PASSED] - switch (executionProfile): null

2024-05-27 19:31:12 - [TEST_STEP][PASSED] - case "DemoProfile":: null

2024-05-27 19:31:12 - [TEST_STEP][PASSED] - appID = findTestData(dataFile).getValue("AppIDDemo", row): null

2024-05-27 19:31:12 - [TEST_STEP][PASSED] - username = findTestData(dataFile).getValue("UsernameDemo", row): null

2024-05-27 19:31:12 - [TEST_STEP][PASSED] - password = findTestData(dataFile).getValue("PasswordDemo", row): null

2024-05-27 19:31:12 - [TEST_STEP][PASSED] - break: null

2024-05-27 19:31:12 - [TEST_STEP][PASSED] - if (ExecuteTC.equalsIgnoreCase("Y")): null

2024-05-27 19:31:12 - [TEST_STEP][PASSED] - out.println("Begin Record Number: " + row): null

2024-05-27 19:31:12 - [TEST_STEP][PASSED] - today = new java.util.Date(): null

2024-05-27 19:31:12 - [TEST_STEP][PASSED] - println(today): null

2024-05-27 19:31:12 - [TEST_STEP][PASSED] - datText = today: null

2024-05-27 19:31:12 - [TEST_STEP][PASSED] - checkType = findTestData(dataFile).getValue("CheckType", row): null

2024-05-27 19:31:12 - [TEST_STEP][PASSED] - acNumber = findTestData(dataFile).getValue("AcNumber", row): null

2024-05-27 19:31:12 - [TEST_STEP][PASSED] - company = findTestData(dataFile).getValue("Company", row): null

2024-05-27 19:31:12 - [TEST_STEP][PASSED] - acType = findTestData(dataFile).getValue("AcType", row): null

2024-05-27 19:31:12 - [TEST_STEP][PASSED] - rtn = findTestData(dataFile).getValue("RTN", row): null

2024-05-27 19:31:12 - [TEST_STEP][PASSED] - amount = findTestData(dataFile).getValue("Amount", row): null

2024-05-27 19:31:12 - [TEST_STEP][PASSED] - sec = findTestData(dataFile).getValue("SEC", row): null

2024-05-27 19:31:12 - [TEST_STEP][PASSED] - openBrowser(VLinkURL + "debit.html"): Browser is opened with url: 'https://dev-algorithm.govolution.com/vlinktest/demo/version_2_0/debit.html'

2024-05-27 19:31:12 - [MESSAGE][WARNING] - A browser is already opened. Closing browser and opening a new one

2024-05-27 19:31:14 - [MESSAGE][INFO] - Starting 'Chrome' driver

2024-05-27 19:31:14 - [MESSAGE][INFO] - User set preference: ['acceptInsecureCerts', 'true']

2024-05-27 19:31:14 - [MESSAGE][INFO] - Action delay is set to 0 milliseconds

2024-05-27 19:31:16 - [MESSAGE][PASSED] - Browser is opened with url: 'https://dev-algorithm.govolution.com/vlinktest/demo/version_2_0/debit.html'

2024-05-27 19:31:16 - [TEST_STEP][PASSED] - maximizeWindow(): Current window maximized

2024-05-27 19:31:16 - [MESSAGE][PASSED] - Current window maximized

2024-05-27 19:31:16 - [TEST_STEP][PASSED] - genRemID = RandomStringUtils.random(12, true, true): null

2024-05-27 19:31:16 - [TEST_STEP][PASSED] - setText(findTestObject("RecAndPlayBk/Page-Vlink-Debit/input_Remittance Id"), genRemID): Text 'PI1GOttpH5Rm' is set on object 'Object Repository/RecAndPlayBk/Page-Vlink-Debit/input_Remittance Id'

2024-05-27 19:31:17 - [MESSAGE][PASSED] - Text 'PI1GOttpH5Rm' is set on object 'Object Repository/RecAndPlayBk/Page-Vlink-Debit/input_Remittance Id'

2024-05-27 19:31:17 - [TEST_STEP][PASSED] - setText(findTestObject("RecAndPlayBk/Page-Vlink-Debit/input_Application Id"), appID): Text '1773' is set on object 'Object Repository/RecAndPlayBk/Page-Vlink-Debit/input_Application Id'

2024-05-27 19:31:17 - [MESSAGE][PASSED] - Text '1773' is set on object 'Object Repository/RecAndPlayBk/Page-Vlink-Debit/input_Application Id'

2024-05-27 19:31:17 - [TEST_STEP][PASSED] - setText(findTestObject("RecAndPlayBk/Page-Vlink-Debit/input_Username"), username): Text 'Qq2BV1qtr' is set on object 'Object Repository/RecAndPlayBk/Page-Vlink-Debit/input_Username'

2024-05-27 19:31:18 - [MESSAGE][PASSED] - Text 'Qq2BV1qtr' is set on object 'Object Repository/RecAndPlayBk/Page-Vlink-Debit/input_Username'

2024-05-27 19:31:18 - [TEST_STEP][PASSED] - setText(findTestObject("RecAndPlayBk/Page-Vlink-Debit/input_Password"), password): Text 'tUmWBiLUx' is set on object 'Object Repository/RecAndPlayBk/Page-Vlink-Debit/input_Password'

2024-05-27 19:31:19 - [MESSAGE][PASSED] - Text 'tUmWBiLUx' is set on object 'Object Repository/RecAndPlayBk/Page-Vlink-Debit/input_Password'

2024-05-27 19:31:19 - [TEST_STEP][PASSED] - setText(findTestObject("RecAndPlayBk/Page-Vlink-Debit/input_Check Type"), checkType): Text 'P' is set on object 'Object Repository/RecAndPlayBk/Page-Vlink-Debit/input_Check Type'

2024-05-27 19:31:19 - [MESSAGE][PASSED] - Text 'P' is set on object 'Object Repository/RecAndPlayBk/Page-Vlink-Debit/input_Check Type'

2024-05-27 19:31:19 - [TEST_STEP][PASSED] - setText(findTestObject("RecAndPlayBk/Page-Vlink-Debit/input_Account_check"), acNumber): Text '58963214' is set on object 'Object Repository/RecAndPlayBk/Page-Vlink-Debit/input_Account_check'

2024-05-27 19:31:20 - [MESSAGE][PASSED] - Text '58963214' is set on object 'Object Repository/RecAndPlayBk/Page-Vlink-Debit/input_Account_check'

2024-05-27 19:31:20 - [TEST_STEP][PASSED] - setText(findTestObject("RecAndPlayBk/Page-Vlink-Debit/input_Company_check"), company): Text '' is set on object 'Object Repository/RecAndPlayBk/Page-Vlink-Debit/input_Company_check'

2024-05-27 19:31:21 - [MESSAGE][PASSED] - Text '' is set on object 'Object Repository/RecAndPlayBk/Page-Vlink-Debit/input_Company_check'

2024-05-27 19:31:21 - [TEST_STEP][PASSED] - setText(findTestObject("RecAndPlayBk/Page-Vlink-Debit/input_Account Type"), acType): Text '1' is set on object 'Object Repository/RecAndPlayBk/Page-Vlink-Debit/input_Account Type'

2024-05-27 19:31:21 - [MESSAGE][PASSED] - Text '1' is set on object 'Object Repository/RecAndPlayBk/Page-Vlink-Debit/input_Account Type'

2024-05-27 19:31:21 - [TEST_STEP][PASSED] - setText(findTestObject("RecAndPlayBk/Page-Vlink-Debit/input_Routing Number"), rtn): Text '256072691' is set on object 'Object Repository/RecAndPlayBk/Page-Vlink-Debit/input_Routing Number'

2024-05-27 19:31:22 - [MESSAGE][PASSED] - Text '256072691' is set on object 'Object Repository/RecAndPlayBk/Page-Vlink-Debit/input_Routing Number'

2024-05-27 19:31:22 - [TEST_STEP][PASSED] - setText(findTestObject("RecAndPlayBk/Page-Vlink-Debit/input_Amount"), amount): Text '12.50' is set on object 'Object Repository/RecAndPlayBk/Page-Vlink-Debit/input_Amount'

2024-05-27 19:31:23 - [MESSAGE][PASSED] - Text '12.50' is set on object 'Object Repository/RecAndPlayBk/Page-Vlink-Debit/input_Amount'

2024-05-27 19:31:23 - [TEST_STEP][PASSED] - setText(findTestObject("RecAndPlayBk/Page-Vlink-Debit/input_Check Email"), ""): Text '' is set on object 'Object Repository/RecAndPlayBk/Page-Vlink-Debit/input_Check Email'

2024-05-27 19:31:23 - [MESSAGE][PASSED] - Text '' is set on object 'Object Repository/RecAndPlayBk/Page-Vlink-Debit/input_Check Email'

2024-05-27 19:31:23 - [TEST_STEP][PASSED] - setText(findTestObject("Object Repository/RecAndPlayBk/Page-Vlink-Debit/input_concat(CheckWriter, , s SSN)_check_ssn"), ""): Text '' is set on object 'Object Repository/RecAndPlayBk/Page-Vlink-Debit/input_concat(CheckWriter, , s SSN)_check_ssn'

2024-05-27 19:31:24 - [MESSAGE][PASSED] - Text '' is set on object 'Object Repository/RecAndPlayBk/Page-Vlink-Debit/input_concat(CheckWriter, , s SSN)_check_ssn'

2024-05-27 19:31:24 - [TEST_STEP][PASSED] - setText(findTestObject("Object Repository/RecAndPlayBk/Page-Vlink-Debit/input_concat(CheckWriter, , s License Numbe_020fef"), ""): Text '' is set on object 'Object Repository/RecAndPlayBk/Page-Vlink-Debit/input_concat(CheckWriter, , s License Numbe_020fef'

2024-05-27 19:31:25 - [MESSAGE][PASSED] - Text '' is set on object 'Object Repository/RecAndPlayBk/Page-Vlink-Debit/input_concat(CheckWriter, , s License Numbe_020fef'

2024-05-27 19:31:25 - [TEST_STEP][PASSED] - setText(findTestObject("Object Repository/RecAndPlayBk/Page-Vlink-Debit/input_concat(CheckWriter, , s License State_21e3e7"), ""): Text '' is set on object 'Object Repository/RecAndPlayBk/Page-Vlink-Debit/input_concat(CheckWriter, , s License State_21e3e7'

2024-05-27 19:31:26 - [MESSAGE][PASSED] - Text '' is set on object 'Object Repository/RecAndPlayBk/Page-Vlink-Debit/input_concat(CheckWriter, , s License State_21e3e7'

2024-05-27 19:31:26 - [TEST_STEP][PASSED] - setText(findTestObject("RecAndPlayBk/Page-Vlink-Debit/input_Standard Entry Class"), sec): Text 'PPD' is set on object 'Object Repository/RecAndPlayBk/Page-Vlink-Debit/input_Standard Entry Class'

2024-05-27 19:31:26 - [MESSAGE][PASSED] - Text 'PPD' is set on object 'Object Repository/RecAndPlayBk/Page-Vlink-Debit/input_Standard Entry Class'

2024-05-27 19:31:26 - [TEST_STEP][PASSED] - click(findTestObject("Object Repository/RecAndPlayBk/Page-Vlink-Debit/input")): Object: 'Object Repository/RecAndPlayBk/Page-Vlink-Debit/input' is clicked on

2024-05-27 19:31:27 - [MESSAGE][PASSED] - Object: 'Object Repository/RecAndPlayBk/Page-Vlink-Debit/input' is clicked on

2024-05-27 19:31:27 - [TEST_STEP][PASSED] - if (verifyTextPresent("Transaction approved, no errors", true)): null

2024-05-27 19:31:28 - [MESSAGE][PASSED] - Text 'Transaction approved, no errors' is present on page  using regular expression

2024-05-27 19:31:28 - [TEST_STEP][PASSED] - println("Transaction Approved, no errors text is present on the Confirmation page"): null

2024-05-27 19:31:28 - [TEST_STEP][PASSED] - sdfo = getText(findTestObject("Object Repository/Page_VLinkReceipt/pre_STX")): Text of object 'Object Repository/Page_VLinkReceipt/pre_STX' is: '<STX>PI1GOttpH5Rm                  2967860             0  Transaction approved, no errors                   0                                                                                                              <ETX>'

2024-05-27 19:31:28 - [MESSAGE][PASSED] - Text of object 'Object Repository/Page_VLinkReceipt/pre_STX' is: '<STX>PI1GOttpH5Rm                  2967860             0  Transaction approved, no errors                   0                                                                                                              <ETX>'

2024-05-27 19:31:28 - [TEST_STEP][PASSED] - out.println("sdfo: " + sdfo): null

2024-05-27 19:31:28 - [TEST_STEP][PASSED] - remID = substring(5, 35).trim(): null

2024-05-27 19:31:28 - [TEST_STEP][PASSED] - out.println("remID: " + remID): null

2024-05-27 19:31:28 - [TEST_STEP][PASSED] - traxID = substring(35, 55).trim(): null

2024-05-27 19:31:28 - [TEST_STEP][PASSED] - out.println("traxID: " + traxID): null

2024-05-27 19:31:28 - [TEST_STEP][PASSED] - VLinkSaleRemID = remID: null

2024-05-27 19:31:28 - [TEST_STEP][PASSED] - VLinkSaleTranxID = traxID: null

2024-05-27 19:31:28 - [TEST_STEP][PASSED] - openBrowser(VLinkURL + "ACH_credit.html"): Browser is opened with url: 'https://dev-algorithm.govolution.com/vlinktest/demo/version_2_0/ACH_credit.html'

2024-05-27 19:31:28 - [MESSAGE][WARNING] - A browser is already opened. Closing browser and opening a new one

2024-05-27 19:31:29 - [MESSAGE][INFO] - Starting 'Chrome' driver

2024-05-27 19:31:29 - [MESSAGE][INFO] - User set preference: ['acceptInsecureCerts', 'true']

2024-05-27 19:31:29 - [MESSAGE][INFO] - Action delay is set to 0 milliseconds

2024-05-27 19:31:31 - [MESSAGE][PASSED] - Browser is opened with url: 'https://dev-algorithm.govolution.com/vlinktest/demo/version_2_0/ACH_credit.html'

2024-05-27 19:31:31 - [TEST_STEP][PASSED] - maximizeWindow(): Current window maximized

2024-05-27 19:31:31 - [MESSAGE][PASSED] - Current window maximized

2024-05-27 19:31:31 - [TEST_STEP][PASSED] - setText(findTestObject("Object Repository/RecAndPlayBk/Page-Vlink-ACH-Credit/input_Remittance Id"), VLinkSaleRemID): Text 'PI1GOttpH5Rm' is set on object 'Object Repository/RecAndPlayBk/Page-Vlink-ACH-Credit/input_Remittance Id'

2024-05-27 19:31:32 - [MESSAGE][PASSED] - Text 'PI1GOttpH5Rm' is set on object 'Object Repository/RecAndPlayBk/Page-Vlink-ACH-Credit/input_Remittance Id'

2024-05-27 19:31:32 - [TEST_STEP][PASSED] - setText(findTestObject("Object Repository/RecAndPlayBk/Page-Vlink-ACH-Credit/input_Application Id"), appID): Text '1773' is set on object 'Object Repository/RecAndPlayBk/Page-Vlink-ACH-Credit/input_Application Id'

2024-05-27 19:31:33 - [MESSAGE][PASSED] - Text '1773' is set on object 'Object Repository/RecAndPlayBk/Page-Vlink-ACH-Credit/input_Application Id'

2024-05-27 19:31:33 - [TEST_STEP][PASSED] - setText(findTestObject("Object Repository/RecAndPlayBk/Page-Vlink-ACH-Credit/input_Username"), username): Text 'Qq2BV1qtr' is set on object 'Object Repository/RecAndPlayBk/Page-Vlink-ACH-Credit/input_Username'

2024-05-27 19:31:34 - [MESSAGE][PASSED] - Text 'Qq2BV1qtr' is set on object 'Object Repository/RecAndPlayBk/Page-Vlink-ACH-Credit/input_Username'

2024-05-27 19:31:34 - [TEST_STEP][PASSED] - setText(findTestObject("Object Repository/RecAndPlayBk/Page-Vlink-ACH-Credit/input_Password"), password): Text 'tUmWBiLUx' is set on object 'Object Repository/RecAndPlayBk/Page-Vlink-ACH-Credit/input_Password'

2024-05-27 19:31:35 - [MESSAGE][PASSED] - Text 'tUmWBiLUx' is set on object 'Object Repository/RecAndPlayBk/Page-Vlink-ACH-Credit/input_Password'

2024-05-27 19:31:35 - [TEST_STEP][PASSED] - setText(findTestObject("Object Repository/RecAndPlayBk/Page-Vlink-ACH-Credit/input_Check Type"), checkType): Text 'P' is set on object 'Object Repository/RecAndPlayBk/Page-Vlink-ACH-Credit/input_Check Type'

2024-05-27 19:31:36 - [MESSAGE][PASSED] - Text 'P' is set on object 'Object Repository/RecAndPlayBk/Page-Vlink-ACH-Credit/input_Check Type'

2024-05-27 19:31:36 - [TEST_STEP][PASSED] - setText(findTestObject("Object Repository/RecAndPlayBk/Page-Vlink-ACH-Credit/input_Transaction ID"), VLinkSaleTranxID): Text '2967860' is set on object 'Object Repository/RecAndPlayBk/Page-Vlink-ACH-Credit/input_Transaction ID'

2024-05-27 19:31:36 - [MESSAGE][PASSED] - Text '2967860' is set on object 'Object Repository/RecAndPlayBk/Page-Vlink-ACH-Credit/input_Transaction ID'

2024-05-27 19:31:36 - [TEST_STEP][PASSED] - setText(findTestObject("Object Repository/RecAndPlayBk/Page-Vlink-ACH-Credit/input_Amount"), amount): Text '12.50' is set on object 'Object Repository/RecAndPlayBk/Page-Vlink-ACH-Credit/input_Amount'

2024-05-27 19:31:37 - [MESSAGE][PASSED] - Text '12.50' is set on object 'Object Repository/RecAndPlayBk/Page-Vlink-ACH-Credit/input_Amount'

2024-05-27 19:31:37 - [TEST_STEP][PASSED] - setText(findTestObject("Object Repository/RecAndPlayBk/Page-Vlink-ACH-Credit/input_Standard Entry Class"), sec): Text 'PPD' is set on object 'Object Repository/RecAndPlayBk/Page-Vlink-ACH-Credit/input_Standard Entry Class'

2024-05-27 19:31:38 - [MESSAGE][PASSED] - Text 'PPD' is set on object 'Object Repository/RecAndPlayBk/Page-Vlink-ACH-Credit/input_Standard Entry Class'

2024-05-27 19:31:38 - [TEST_STEP][PASSED] - setText(findTestObject("Object Repository/RecAndPlayBk/Page-Vlink-ACH-Credit/input_Account Number"), acNumber): Text '58963214' is set on object 'Object Repository/RecAndPlayBk/Page-Vlink-ACH-Credit/input_Account Number'

2024-05-27 19:31:39 - [MESSAGE][PASSED] - Text '58963214' is set on object 'Object Repository/RecAndPlayBk/Page-Vlink-ACH-Credit/input_Account Number'

2024-05-27 19:31:39 - [TEST_STEP][PASSED] - setText(findTestObject("Object Repository/RecAndPlayBk/Page-Vlink-ACH-Credit/input_Routing Number"), rtn): Text '256072691' is set on object 'Object Repository/RecAndPlayBk/Page-Vlink-ACH-Credit/input_Routing Number'

2024-05-27 19:31:39 - [MESSAGE][PASSED] - Text '256072691' is set on object 'Object Repository/RecAndPlayBk/Page-Vlink-ACH-Credit/input_Routing Number'

2024-05-27 19:31:39 - [TEST_STEP][PASSED] - click(findTestObject("Object Repository/RecAndPlayBk/Page-Vlink-ACH-Credit/input")): Object: 'Object Repository/RecAndPlayBk/Page-Vlink-ACH-Credit/input' is clicked on

2024-05-27 19:31:40 - [MESSAGE][PASSED] - Object: 'Object Repository/RecAndPlayBk/Page-Vlink-ACH-Credit/input' is clicked on

2024-05-27 19:31:40 - [TEST_STEP][PASSED] - if (verifyTextPresent("Transaction approved, no errors", true)): null

2024-05-27 19:31:41 - [MESSAGE][PASSED] - Text 'Transaction approved, no errors' is present on page  using regular expression

2024-05-27 19:31:41 - [TEST_STEP][PASSED] - println("Transaction Approved, no errors text is present on the Confirmation page"): null

2024-05-27 19:31:41 - [TEST_STEP][PASSED] - out.println("Pass Record Number: " + row): null

2024-05-27 19:31:41 - [TEST_STEP][PASSED] - resText = "Pass": null

2024-05-27 19:31:41 - [TEST_STEP][PASSED] - pages.WriteExcel.demoKey(resText, datText, resColumn, datCloumn, fileLoc, nameSheet, row): pages.WriteExcel.demoKey is PASSED

2024-05-27 19:31:41 - [MESSAGE][PASSED] - pages.WriteExcel.demoKey is PASSED

2024-05-27 19:31:41 - [TEST_STEP][PASSED] - ExecuteTC = findTestData(dataFile).getValue("Execute", row): null

2024-05-27 19:31:41 - [TEST_STEP][PASSED] - out.println("Value of Execute is : " + ExecuteTC): null

2024-05-27 19:31:41 - [TEST_STEP][PASSED] - switch (executionProfile): null

2024-05-27 19:31:41 - [TEST_STEP][PASSED] - case "DemoProfile":: null

2024-05-27 19:31:41 - [TEST_STEP][PASSED] - appID = findTestData(dataFile).getValue("AppIDDemo", row): null

2024-05-27 19:31:41 - [TEST_STEP][PASSED] - username = findTestData(dataFile).getValue("UsernameDemo", row): null

2024-05-27 19:31:41 - [TEST_STEP][PASSED] - password = findTestData(dataFile).getValue("PasswordDemo", row): null

2024-05-27 19:31:41 - [TEST_STEP][PASSED] - break: null

2024-05-27 19:31:41 - [TEST_STEP][PASSED] - if (ExecuteTC.equalsIgnoreCase("Y")): null

2024-05-27 19:31:41 - [TEST_STEP][PASSED] - out.println("Begin Record Number: " + row): null

2024-05-27 19:31:41 - [TEST_STEP][PASSED] - today = new java.util.Date(): null

2024-05-27 19:31:41 - [TEST_STEP][PASSED] - println(today): null

2024-05-27 19:31:41 - [TEST_STEP][PASSED] - datText = today: null

2024-05-27 19:31:41 - [TEST_STEP][PASSED] - checkType = findTestData(dataFile).getValue("CheckType", row): null

2024-05-27 19:31:41 - [TEST_STEP][PASSED] - acNumber = findTestData(dataFile).getValue("AcNumber", row): null

2024-05-27 19:31:41 - [TEST_STEP][PASSED] - company = findTestData(dataFile).getValue("Company", row): null

2024-05-27 19:31:41 - [TEST_STEP][PASSED] - acType = findTestData(dataFile).getValue("AcType", row): null

2024-05-27 19:31:42 - [TEST_STEP][PASSED] - rtn = findTestData(dataFile).getValue("RTN", row): null

2024-05-27 19:31:42 - [TEST_STEP][PASSED] - amount = findTestData(dataFile).getValue("Amount", row): null

2024-05-27 19:31:42 - [TEST_STEP][PASSED] - sec = findTestData(dataFile).getValue("SEC", row): null

2024-05-27 19:31:42 - [TEST_STEP][PASSED] - openBrowser(VLinkURL + "debit.html"): Browser is opened with url: 'https://dev-algorithm.govolution.com/vlinktest/demo/version_2_0/debit.html'

2024-05-27 19:31:42 - [MESSAGE][WARNING] - A browser is already opened. Closing browser and opening a new one

2024-05-27 19:31:43 - [MESSAGE][INFO] - Starting 'Chrome' driver

2024-05-27 19:31:43 - [MESSAGE][INFO] - User set preference: ['acceptInsecureCerts', 'true']

2024-05-27 19:31:43 - [MESSAGE][INFO] - Action delay is set to 0 milliseconds

2024-05-27 19:31:45 - [MESSAGE][PASSED] - Browser is opened with url: 'https://dev-algorithm.govolution.com/vlinktest/demo/version_2_0/debit.html'

2024-05-27 19:31:45 - [TEST_STEP][PASSED] - maximizeWindow(): Current window maximized

2024-05-27 19:31:45 - [MESSAGE][PASSED] - Current window maximized

2024-05-27 19:31:45 - [TEST_STEP][PASSED] - genRemID = RandomStringUtils.random(12, true, true): null

2024-05-27 19:31:45 - [TEST_STEP][PASSED] - setText(findTestObject("RecAndPlayBk/Page-Vlink-Debit/input_Remittance Id"), genRemID): Text 'Gn5HfJaia72n' is set on object 'Object Repository/RecAndPlayBk/Page-Vlink-Debit/input_Remittance Id'

2024-05-27 19:31:46 - [MESSAGE][PASSED] - Text 'Gn5HfJaia72n' is set on object 'Object Repository/RecAndPlayBk/Page-Vlink-Debit/input_Remittance Id'

2024-05-27 19:31:46 - [TEST_STEP][PASSED] - setText(findTestObject("RecAndPlayBk/Page-Vlink-Debit/input_Application Id"), appID): Text '1773' is set on object 'Object Repository/RecAndPlayBk/Page-Vlink-Debit/input_Application Id'

2024-05-27 19:31:47 - [MESSAGE][PASSED] - Text '1773' is set on object 'Object Repository/RecAndPlayBk/Page-Vlink-Debit/input_Application Id'

2024-05-27 19:31:47 - [TEST_STEP][PASSED] - setText(findTestObject("RecAndPlayBk/Page-Vlink-Debit/input_Username"), username): Text 'Qq2BV1qtr' is set on object 'Object Repository/RecAndPlayBk/Page-Vlink-Debit/input_Username'

2024-05-27 19:31:47 - [MESSAGE][PASSED] - Text 'Qq2BV1qtr' is set on object 'Object Repository/RecAndPlayBk/Page-Vlink-Debit/input_Username'

2024-05-27 19:31:47 - [TEST_STEP][PASSED] - setText(findTestObject("RecAndPlayBk/Page-Vlink-Debit/input_Password"), password): Text 'tUmWBiLUx' is set on object 'Object Repository/RecAndPlayBk/Page-Vlink-Debit/input_Password'

2024-05-27 19:31:48 - [MESSAGE][PASSED] - Text 'tUmWBiLUx' is set on object 'Object Repository/RecAndPlayBk/Page-Vlink-Debit/input_Password'

2024-05-27 19:31:48 - [TEST_STEP][PASSED] - setText(findTestObject("RecAndPlayBk/Page-Vlink-Debit/input_Check Type"), checkType): Text 'P' is set on object 'Object Repository/RecAndPlayBk/Page-Vlink-Debit/input_Check Type'

2024-05-27 19:31:49 - [MESSAGE][PASSED] - Text 'P' is set on object 'Object Repository/RecAndPlayBk/Page-Vlink-Debit/input_Check Type'

2024-05-27 19:31:49 - [TEST_STEP][PASSED] - setText(findTestObject("RecAndPlayBk/Page-Vlink-Debit/input_Account_check"), acNumber): Text '58963214' is set on object 'Object Repository/RecAndPlayBk/Page-Vlink-Debit/input_Account_check'

2024-05-27 19:31:49 - [MESSAGE][PASSED] - Text '58963214' is set on object 'Object Repository/RecAndPlayBk/Page-Vlink-Debit/input_Account_check'

2024-05-27 19:31:49 - [TEST_STEP][PASSED] - setText(findTestObject("RecAndPlayBk/Page-Vlink-Debit/input_Company_check"), company): Text '' is set on object 'Object Repository/RecAndPlayBk/Page-Vlink-Debit/input_Company_check'

2024-05-27 19:31:50 - [MESSAGE][PASSED] - Text '' is set on object 'Object Repository/RecAndPlayBk/Page-Vlink-Debit/input_Company_check'

2024-05-27 19:31:50 - [TEST_STEP][PASSED] - setText(findTestObject("RecAndPlayBk/Page-Vlink-Debit/input_Account Type"), acType): Text '2' is set on object 'Object Repository/RecAndPlayBk/Page-Vlink-Debit/input_Account Type'

2024-05-27 19:31:51 - [MESSAGE][PASSED] - Text '2' is set on object 'Object Repository/RecAndPlayBk/Page-Vlink-Debit/input_Account Type'

2024-05-27 19:31:51 - [TEST_STEP][PASSED] - setText(findTestObject("RecAndPlayBk/Page-Vlink-Debit/input_Routing Number"), rtn): Text '256072691' is set on object 'Object Repository/RecAndPlayBk/Page-Vlink-Debit/input_Routing Number'

2024-05-27 19:31:51 - [MESSAGE][PASSED] - Text '256072691' is set on object 'Object Repository/RecAndPlayBk/Page-Vlink-Debit/input_Routing Number'

2024-05-27 19:31:51 - [TEST_STEP][PASSED] - setText(findTestObject("RecAndPlayBk/Page-Vlink-Debit/input_Amount"), amount): Text '12.50' is set on object 'Object Repository/RecAndPlayBk/Page-Vlink-Debit/input_Amount'

2024-05-27 19:31:52 - [MESSAGE][PASSED] - Text '12.50' is set on object 'Object Repository/RecAndPlayBk/Page-Vlink-Debit/input_Amount'

2024-05-27 19:31:52 - [TEST_STEP][PASSED] - setText(findTestObject("RecAndPlayBk/Page-Vlink-Debit/input_Check Email"), ""): Text '' is set on object 'Object Repository/RecAndPlayBk/Page-Vlink-Debit/input_Check Email'

2024-05-27 19:31:53 - [MESSAGE][PASSED] - Text '' is set on object 'Object Repository/RecAndPlayBk/Page-Vlink-Debit/input_Check Email'

2024-05-27 19:31:53 - [TEST_STEP][PASSED] - setText(findTestObject("Object Repository/RecAndPlayBk/Page-Vlink-Debit/input_concat(CheckWriter, , s SSN)_check_ssn"), ""): Text '' is set on object 'Object Repository/RecAndPlayBk/Page-Vlink-Debit/input_concat(CheckWriter, , s SSN)_check_ssn'

2024-05-27 19:31:54 - [MESSAGE][PASSED] - Text '' is set on object 'Object Repository/RecAndPlayBk/Page-Vlink-Debit/input_concat(CheckWriter, , s SSN)_check_ssn'

2024-05-27 19:31:54 - [TEST_STEP][PASSED] - setText(findTestObject("Object Repository/RecAndPlayBk/Page-Vlink-Debit/input_concat(CheckWriter, , s License Numbe_020fef"), ""): Text '' is set on object 'Object Repository/RecAndPlayBk/Page-Vlink-Debit/input_concat(CheckWriter, , s License Numbe_020fef'

2024-05-27 19:31:54 - [MESSAGE][PASSED] - Text '' is set on object 'Object Repository/RecAndPlayBk/Page-Vlink-Debit/input_concat(CheckWriter, , s License Numbe_020fef'

2024-05-27 19:31:54 - [TEST_STEP][PASSED] - setText(findTestObject("Object Repository/RecAndPlayBk/Page-Vlink-Debit/input_concat(CheckWriter, , s License State_21e3e7"), ""): Text '' is set on object 'Object Repository/RecAndPlayBk/Page-Vlink-Debit/input_concat(CheckWriter, , s License State_21e3e7'

2024-05-27 19:31:55 - [MESSAGE][PASSED] - Text '' is set on object 'Object Repository/RecAndPlayBk/Page-Vlink-Debit/input_concat(CheckWriter, , s License State_21e3e7'

2024-05-27 19:31:55 - [TEST_STEP][PASSED] - setText(findTestObject("RecAndPlayBk/Page-Vlink-Debit/input_Standard Entry Class"), sec): Text 'WEB' is set on object 'Object Repository/RecAndPlayBk/Page-Vlink-Debit/input_Standard Entry Class'

2024-05-27 19:31:56 - [MESSAGE][PASSED] - Text 'WEB' is set on object 'Object Repository/RecAndPlayBk/Page-Vlink-Debit/input_Standard Entry Class'

2024-05-27 19:31:56 - [TEST_STEP][PASSED] - click(findTestObject("Object Repository/RecAndPlayBk/Page-Vlink-Debit/input")): Object: 'Object Repository/RecAndPlayBk/Page-Vlink-Debit/input' is clicked on

2024-05-27 19:31:57 - [MESSAGE][PASSED] - Object: 'Object Repository/RecAndPlayBk/Page-Vlink-Debit/input' is clicked on

2024-05-27 19:31:57 - [TEST_STEP][PASSED] - if (verifyTextPresent("Transaction approved, no errors", true)): null

2024-05-27 19:31:57 - [MESSAGE][PASSED] - Text 'Transaction approved, no errors' is present on page  using regular expression

2024-05-27 19:31:57 - [TEST_STEP][PASSED] - println("Transaction Approved, no errors text is present on the Confirmation page"): null

2024-05-27 19:31:57 - [TEST_STEP][PASSED] - sdfo = getText(findTestObject("Object Repository/Page_VLinkReceipt/pre_STX")): Text of object 'Object Repository/Page_VLinkReceipt/pre_STX' is: '<STX>Gn5HfJaia72n                  2967862             0  Transaction approved, no errors                   0                                                                                                              <ETX>'

2024-05-27 19:31:57 - [MESSAGE][PASSED] - Text of object 'Object Repository/Page_VLinkReceipt/pre_STX' is: '<STX>Gn5HfJaia72n                  2967862             0  Transaction approved, no errors                   0                                                                                                              <ETX>'

2024-05-27 19:31:57 - [TEST_STEP][PASSED] - out.println("sdfo: " + sdfo): null

2024-05-27 19:31:57 - [TEST_STEP][PASSED] - remID = substring(5, 35).trim(): null

2024-05-27 19:31:57 - [TEST_STEP][PASSED] - out.println("remID: " + remID): null

2024-05-27 19:31:57 - [TEST_STEP][PASSED] - traxID = substring(35, 55).trim(): null

2024-05-27 19:31:57 - [TEST_STEP][PASSED] - out.println("traxID: " + traxID): null

2024-05-27 19:31:57 - [TEST_STEP][PASSED] - VLinkSaleRemID = remID: null

2024-05-27 19:31:57 - [TEST_STEP][PASSED] - VLinkSaleTranxID = traxID: null

2024-05-27 19:31:57 - [TEST_STEP][PASSED] - openBrowser(VLinkURL + "ACH_credit.html"): Browser is opened with url: 'https://dev-algorithm.govolution.com/vlinktest/demo/version_2_0/ACH_credit.html'

2024-05-27 19:31:57 - [MESSAGE][WARNING] - A browser is already opened. Closing browser and opening a new one

2024-05-27 19:31:59 - [MESSAGE][INFO] - Starting 'Chrome' driver

2024-05-27 19:31:59 - [MESSAGE][INFO] - User set preference: ['acceptInsecureCerts', 'true']

2024-05-27 19:31:59 - [MESSAGE][INFO] - Action delay is set to 0 milliseconds

2024-05-27 19:32:00 - [MESSAGE][PASSED] - Browser is opened with url: 'https://dev-algorithm.govolution.com/vlinktest/demo/version_2_0/ACH_credit.html'

2024-05-27 19:32:00 - [TEST_STEP][PASSED] - maximizeWindow(): Current window maximized

2024-05-27 19:32:01 - [MESSAGE][PASSED] - Current window maximized

2024-05-27 19:32:01 - [TEST_STEP][PASSED] - setText(findTestObject("Object Repository/RecAndPlayBk/Page-Vlink-ACH-Credit/input_Remittance Id"), VLinkSaleRemID): Text 'Gn5HfJaia72n' is set on object 'Object Repository/RecAndPlayBk/Page-Vlink-ACH-Credit/input_Remittance Id'

2024-05-27 19:32:02 - [MESSAGE][PASSED] - Text 'Gn5HfJaia72n' is set on object 'Object Repository/RecAndPlayBk/Page-Vlink-ACH-Credit/input_Remittance Id'

2024-05-27 19:32:02 - [TEST_STEP][PASSED] - setText(findTestObject("Object Repository/RecAndPlayBk/Page-Vlink-ACH-Credit/input_Application Id"), appID): Text '1773' is set on object 'Object Repository/RecAndPlayBk/Page-Vlink-ACH-Credit/input_Application Id'

2024-05-27 19:32:02 - [MESSAGE][PASSED] - Text '1773' is set on object 'Object Repository/RecAndPlayBk/Page-Vlink-ACH-Credit/input_Application Id'

2024-05-27 19:32:02 - [TEST_STEP][PASSED] - setText(findTestObject("Object Repository/RecAndPlayBk/Page-Vlink-ACH-Credit/input_Username"), username): Text 'Qq2BV1qtr' is set on object 'Object Repository/RecAndPlayBk/Page-Vlink-ACH-Credit/input_Username'

2024-05-27 19:32:03 - [MESSAGE][PASSED] - Text 'Qq2BV1qtr' is set on object 'Object Repository/RecAndPlayBk/Page-Vlink-ACH-Credit/input_Username'

2024-05-27 19:32:03 - [TEST_STEP][PASSED] - setText(findTestObject("Object Repository/RecAndPlayBk/Page-Vlink-ACH-Credit/input_Password"), password): Text 'tUmWBiLUx' is set on object 'Object Repository/RecAndPlayBk/Page-Vlink-ACH-Credit/input_Password'

2024-05-27 19:32:04 - [MESSAGE][PASSED] - Text 'tUmWBiLUx' is set on object 'Object Repository/RecAndPlayBk/Page-Vlink-ACH-Credit/input_Password'

2024-05-27 19:32:04 - [TEST_STEP][PASSED] - setText(findTestObject("Object Repository/RecAndPlayBk/Page-Vlink-ACH-Credit/input_Check Type"), checkType): Text 'P' is set on object 'Object Repository/RecAndPlayBk/Page-Vlink-ACH-Credit/input_Check Type'

2024-05-27 19:32:05 - [MESSAGE][PASSED] - Text 'P' is set on object 'Object Repository/RecAndPlayBk/Page-Vlink-ACH-Credit/input_Check Type'

2024-05-27 19:32:05 - [TEST_STEP][PASSED] - setText(findTestObject("Object Repository/RecAndPlayBk/Page-Vlink-ACH-Credit/input_Transaction ID"), VLinkSaleTranxID): Text '2967862' is set on object 'Object Repository/RecAndPlayBk/Page-Vlink-ACH-Credit/input_Transaction ID'

2024-05-27 19:32:05 - [MESSAGE][PASSED] - Text '2967862' is set on object 'Object Repository/RecAndPlayBk/Page-Vlink-ACH-Credit/input_Transaction ID'

2024-05-27 19:32:05 - [TEST_STEP][PASSED] - setText(findTestObject("Object Repository/RecAndPlayBk/Page-Vlink-ACH-Credit/input_Amount"), amount): Text '12.50' is set on object 'Object Repository/RecAndPlayBk/Page-Vlink-ACH-Credit/input_Amount'

2024-05-27 19:32:06 - [MESSAGE][PASSED] - Text '12.50' is set on object 'Object Repository/RecAndPlayBk/Page-Vlink-ACH-Credit/input_Amount'

2024-05-27 19:32:06 - [TEST_STEP][PASSED] - setText(findTestObject("Object Repository/RecAndPlayBk/Page-Vlink-ACH-Credit/input_Standard Entry Class"), sec): Text 'WEB' is set on object 'Object Repository/RecAndPlayBk/Page-Vlink-ACH-Credit/input_Standard Entry Class'

2024-05-27 19:32:07 - [MESSAGE][PASSED] - Text 'WEB' is set on object 'Object Repository/RecAndPlayBk/Page-Vlink-ACH-Credit/input_Standard Entry Class'

2024-05-27 19:32:07 - [TEST_STEP][PASSED] - setText(findTestObject("Object Repository/RecAndPlayBk/Page-Vlink-ACH-Credit/input_Account Number"), acNumber): Text '58963214' is set on object 'Object Repository/RecAndPlayBk/Page-Vlink-ACH-Credit/input_Account Number'

2024-05-27 19:32:07 - [MESSAGE][PASSED] - Text '58963214' is set on object 'Object Repository/RecAndPlayBk/Page-Vlink-ACH-Credit/input_Account Number'

2024-05-27 19:32:07 - [TEST_STEP][PASSED] - setText(findTestObject("Object Repository/RecAndPlayBk/Page-Vlink-ACH-Credit/input_Routing Number"), rtn): Text '256072691' is set on object 'Object Repository/RecAndPlayBk/Page-Vlink-ACH-Credit/input_Routing Number'

2024-05-27 19:32:08 - [MESSAGE][PASSED] - Text '256072691' is set on object 'Object Repository/RecAndPlayBk/Page-Vlink-ACH-Credit/input_Routing Number'

2024-05-27 19:32:08 - [TEST_STEP][PASSED] - click(findTestObject("Object Repository/RecAndPlayBk/Page-Vlink-ACH-Credit/input")): Object: 'Object Repository/RecAndPlayBk/Page-Vlink-ACH-Credit/input' is clicked on

2024-05-27 19:32:09 - [MESSAGE][PASSED] - Object: 'Object Repository/RecAndPlayBk/Page-Vlink-ACH-Credit/input' is clicked on

2024-05-27 19:32:09 - [TEST_STEP][PASSED] - if (verifyTextPresent("Transaction approved, no errors", true)): null

2024-05-27 19:32:10 - [MESSAGE][PASSED] - Text 'Transaction approved, no errors' is present on page  using regular expression

2024-05-27 19:32:10 - [TEST_STEP][PASSED] - println("Transaction Approved, no errors text is present on the Confirmation page"): null

2024-05-27 19:32:10 - [TEST_STEP][PASSED] - out.println("Pass Record Number: " + row): null

2024-05-27 19:32:10 - [TEST_STEP][PASSED] - resText = "Pass": null

2024-05-27 19:32:10 - [TEST_STEP][PASSED] - pages.WriteExcel.demoKey(resText, datText, resColumn, datCloumn, fileLoc, nameSheet, row): pages.WriteExcel.demoKey is PASSED

2024-05-27 19:32:10 - [MESSAGE][PASSED] - pages.WriteExcel.demoKey is PASSED

2024-05-27 19:32:10 - [TEST_STEP][PASSED] - ExecuteTC = findTestData(dataFile).getValue("Execute", row): null

2024-05-27 19:32:10 - [TEST_STEP][PASSED] - out.println("Value of Execute is : " + ExecuteTC): null

2024-05-27 19:32:10 - [TEST_STEP][PASSED] - switch (executionProfile): null

2024-05-27 19:32:10 - [TEST_STEP][PASSED] - case "DemoProfile":: null

2024-05-27 19:32:10 - [TEST_STEP][PASSED] - appID = findTestData(dataFile).getValue("AppIDDemo", row): null

2024-05-27 19:32:10 - [TEST_STEP][PASSED] - username = findTestData(dataFile).getValue("UsernameDemo", row): null

2024-05-27 19:32:10 - [TEST_STEP][PASSED] - password = findTestData(dataFile).getValue("PasswordDemo", row): null

2024-05-27 19:32:10 - [TEST_STEP][PASSED] - break: null

2024-05-27 19:32:10 - [TEST_STEP][PASSED] - if (ExecuteTC.equalsIgnoreCase("Y")): null

2024-05-27 19:32:10 - [TEST_STEP][PASSED] - out.println("Begin Record Number: " + row): null

2024-05-27 19:32:10 - [TEST_STEP][PASSED] - today = new java.util.Date(): null

2024-05-27 19:32:10 - [TEST_STEP][PASSED] - println(today): null

2024-05-27 19:32:10 - [TEST_STEP][PASSED] - datText = today: null

2024-05-27 19:32:10 - [TEST_STEP][PASSED] - checkType = findTestData(dataFile).getValue("CheckType", row): null

2024-05-27 19:32:10 - [TEST_STEP][PASSED] - acNumber = findTestData(dataFile).getValue("AcNumber", row): null

2024-05-27 19:32:10 - [TEST_STEP][PASSED] - company = findTestData(dataFile).getValue("Company", row): null

2024-05-27 19:32:10 - [TEST_STEP][PASSED] - acType = findTestData(dataFile).getValue("AcType", row): null

2024-05-27 19:32:10 - [TEST_STEP][PASSED] - rtn = findTestData(dataFile).getValue("RTN", row): null

2024-05-27 19:32:10 - [TEST_STEP][PASSED] - amount = findTestData(dataFile).getValue("Amount", row): null

2024-05-27 19:32:11 - [TEST_STEP][PASSED] - sec = findTestData(dataFile).getValue("SEC", row): null

2024-05-27 19:32:11 - [TEST_STEP][PASSED] - openBrowser(VLinkURL + "debit.html"): Browser is opened with url: 'https://dev-algorithm.govolution.com/vlinktest/demo/version_2_0/debit.html'

2024-05-27 19:32:11 - [MESSAGE][WARNING] - A browser is already opened. Closing browser and opening a new one

2024-05-27 19:32:12 - [MESSAGE][INFO] - Starting 'Chrome' driver

2024-05-27 19:32:12 - [MESSAGE][INFO] - User set preference: ['acceptInsecureCerts', 'true']

2024-05-27 19:32:12 - [MESSAGE][INFO] - Action delay is set to 0 milliseconds

2024-05-27 19:32:14 - [MESSAGE][PASSED] - Browser is opened with url: 'https://dev-algorithm.govolution.com/vlinktest/demo/version_2_0/debit.html'

2024-05-27 19:32:14 - [TEST_STEP][PASSED] - maximizeWindow(): Current window maximized

2024-05-27 19:32:14 - [MESSAGE][PASSED] - Current window maximized

2024-05-27 19:32:14 - [TEST_STEP][PASSED] - genRemID = RandomStringUtils.random(12, true, true): null

2024-05-27 19:32:14 - [TEST_STEP][PASSED] - setText(findTestObject("RecAndPlayBk/Page-Vlink-Debit/input_Remittance Id"), genRemID): Text 'cCScrvjtoghE' is set on object 'Object Repository/RecAndPlayBk/Page-Vlink-Debit/input_Remittance Id'

2024-05-27 19:32:15 - [MESSAGE][PASSED] - Text 'cCScrvjtoghE' is set on object 'Object Repository/RecAndPlayBk/Page-Vlink-Debit/input_Remittance Id'

2024-05-27 19:32:15 - [TEST_STEP][PASSED] - setText(findTestObject("RecAndPlayBk/Page-Vlink-Debit/input_Application Id"), appID): Text '1773' is set on object 'Object Repository/RecAndPlayBk/Page-Vlink-Debit/input_Application Id'

2024-05-27 19:32:16 - [MESSAGE][PASSED] - Text '1773' is set on object 'Object Repository/RecAndPlayBk/Page-Vlink-Debit/input_Application Id'

2024-05-27 19:32:16 - [TEST_STEP][PASSED] - setText(findTestObject("RecAndPlayBk/Page-Vlink-Debit/input_Username"), username): Text 'Qq2BV1qtr' is set on object 'Object Repository/RecAndPlayBk/Page-Vlink-Debit/input_Username'

2024-05-27 19:32:17 - [MESSAGE][PASSED] - Text 'Qq2BV1qtr' is set on object 'Object Repository/RecAndPlayBk/Page-Vlink-Debit/input_Username'

2024-05-27 19:32:17 - [TEST_STEP][PASSED] - setText(findTestObject("RecAndPlayBk/Page-Vlink-Debit/input_Password"), password): Text 'tUmWBiLUx' is set on object 'Object Repository/RecAndPlayBk/Page-Vlink-Debit/input_Password'

2024-05-27 19:32:17 - [MESSAGE][PASSED] - Text 'tUmWBiLUx' is set on object 'Object Repository/RecAndPlayBk/Page-Vlink-Debit/input_Password'

2024-05-27 19:32:17 - [TEST_STEP][PASSED] - setText(findTestObject("RecAndPlayBk/Page-Vlink-Debit/input_Check Type"), checkType): Text 'P' is set on object 'Object Repository/RecAndPlayBk/Page-Vlink-Debit/input_Check Type'

2024-05-27 19:32:18 - [MESSAGE][PASSED] - Text 'P' is set on object 'Object Repository/RecAndPlayBk/Page-Vlink-Debit/input_Check Type'

2024-05-27 19:32:18 - [TEST_STEP][PASSED] - setText(findTestObject("RecAndPlayBk/Page-Vlink-Debit/input_Account_check"), acNumber): Text '58963214' is set on object 'Object Repository/RecAndPlayBk/Page-Vlink-Debit/input_Account_check'

2024-05-27 19:32:19 - [MESSAGE][PASSED] - Text '58963214' is set on object 'Object Repository/RecAndPlayBk/Page-Vlink-Debit/input_Account_check'

2024-05-27 19:32:19 - [TEST_STEP][PASSED] - setText(findTestObject("RecAndPlayBk/Page-Vlink-Debit/input_Company_check"), company): Text '' is set on object 'Object Repository/RecAndPlayBk/Page-Vlink-Debit/input_Company_check'

2024-05-27 19:32:19 - [MESSAGE][PASSED] - Text '' is set on object 'Object Repository/RecAndPlayBk/Page-Vlink-Debit/input_Company_check'

2024-05-27 19:32:19 - [TEST_STEP][PASSED] - setText(findTestObject("RecAndPlayBk/Page-Vlink-Debit/input_Account Type"), acType): Text '2' is set on object 'Object Repository/RecAndPlayBk/Page-Vlink-Debit/input_Account Type'

2024-05-27 19:32:20 - [MESSAGE][PASSED] - Text '2' is set on object 'Object Repository/RecAndPlayBk/Page-Vlink-Debit/input_Account Type'

2024-05-27 19:32:20 - [TEST_STEP][PASSED] - setText(findTestObject("RecAndPlayBk/Page-Vlink-Debit/input_Routing Number"), rtn): Text '256072691' is set on object 'Object Repository/RecAndPlayBk/Page-Vlink-Debit/input_Routing Number'

2024-05-27 19:32:21 - [MESSAGE][PASSED] - Text '256072691' is set on object 'Object Repository/RecAndPlayBk/Page-Vlink-Debit/input_Routing Number'

2024-05-27 19:32:21 - [TEST_STEP][PASSED] - setText(findTestObject("RecAndPlayBk/Page-Vlink-Debit/input_Amount"), amount): Text '12.50' is set on object 'Object Repository/RecAndPlayBk/Page-Vlink-Debit/input_Amount'

2024-05-27 19:32:21 - [MESSAGE][PASSED] - Text '12.50' is set on object 'Object Repository/RecAndPlayBk/Page-Vlink-Debit/input_Amount'

2024-05-27 19:32:21 - [TEST_STEP][PASSED] - setText(findTestObject("RecAndPlayBk/Page-Vlink-Debit/input_Check Email"), ""): Text '' is set on object 'Object Repository/RecAndPlayBk/Page-Vlink-Debit/input_Check Email'

2024-05-27 19:32:22 - [MESSAGE][PASSED] - Text '' is set on object 'Object Repository/RecAndPlayBk/Page-Vlink-Debit/input_Check Email'

2024-05-27 19:32:22 - [TEST_STEP][PASSED] - setText(findTestObject("Object Repository/RecAndPlayBk/Page-Vlink-Debit/input_concat(CheckWriter, , s SSN)_check_ssn"), ""): Text '' is set on object 'Object Repository/RecAndPlayBk/Page-Vlink-Debit/input_concat(CheckWriter, , s SSN)_check_ssn'

2024-05-27 19:32:23 - [MESSAGE][PASSED] - Text '' is set on object 'Object Repository/RecAndPlayBk/Page-Vlink-Debit/input_concat(CheckWriter, , s SSN)_check_ssn'

2024-05-27 19:32:23 - [TEST_STEP][PASSED] - setText(findTestObject("Object Repository/RecAndPlayBk/Page-Vlink-Debit/input_concat(CheckWriter, , s License Numbe_020fef"), ""): Text '' is set on object 'Object Repository/RecAndPlayBk/Page-Vlink-Debit/input_concat(CheckWriter, , s License Numbe_020fef'

2024-05-27 19:32:23 - [MESSAGE][PASSED] - Text '' is set on object 'Object Repository/RecAndPlayBk/Page-Vlink-Debit/input_concat(CheckWriter, , s License Numbe_020fef'

2024-05-27 19:32:23 - [TEST_STEP][PASSED] - setText(findTestObject("Object Repository/RecAndPlayBk/Page-Vlink-Debit/input_concat(CheckWriter, , s License State_21e3e7"), ""): Text '' is set on object 'Object Repository/RecAndPlayBk/Page-Vlink-Debit/input_concat(CheckWriter, , s License State_21e3e7'

2024-05-27 19:32:24 - [MESSAGE][PASSED] - Text '' is set on object 'Object Repository/RecAndPlayBk/Page-Vlink-Debit/input_concat(CheckWriter, , s License State_21e3e7'

2024-05-27 19:32:24 - [TEST_STEP][PASSED] - setText(findTestObject("RecAndPlayBk/Page-Vlink-Debit/input_Standard Entry Class"), sec): Text 'TEL' is set on object 'Object Repository/RecAndPlayBk/Page-Vlink-Debit/input_Standard Entry Class'

2024-05-27 19:32:25 - [MESSAGE][PASSED] - Text 'TEL' is set on object 'Object Repository/RecAndPlayBk/Page-Vlink-Debit/input_Standard Entry Class'

2024-05-27 19:32:25 - [TEST_STEP][PASSED] - click(findTestObject("Object Repository/RecAndPlayBk/Page-Vlink-Debit/input")): Object: 'Object Repository/RecAndPlayBk/Page-Vlink-Debit/input' is clicked on

2024-05-27 19:32:26 - [MESSAGE][PASSED] - Object: 'Object Repository/RecAndPlayBk/Page-Vlink-Debit/input' is clicked on

2024-05-27 19:32:26 - [TEST_STEP][PASSED] - if (verifyTextPresent("Transaction approved, no errors", true)): null

2024-05-27 19:32:26 - [MESSAGE][PASSED] - Text 'Transaction approved, no errors' is present on page  using regular expression

2024-05-27 19:32:26 - [TEST_STEP][PASSED] - println("Transaction Approved, no errors text is present on the Confirmation page"): null

2024-05-27 19:32:26 - [TEST_STEP][PASSED] - sdfo = getText(findTestObject("Object Repository/Page_VLinkReceipt/pre_STX")): Text of object 'Object Repository/Page_VLinkReceipt/pre_STX' is: '<STX>cCScrvjtoghE                  2967864             0  Transaction approved, no errors                   0                                                                                                              <ETX>'

2024-05-27 19:32:27 - [MESSAGE][PASSED] - Text of object 'Object Repository/Page_VLinkReceipt/pre_STX' is: '<STX>cCScrvjtoghE                  2967864             0  Transaction approved, no errors                   0                                                                                                              <ETX>'

2024-05-27 19:32:27 - [TEST_STEP][PASSED] - out.println("sdfo: " + sdfo): null

2024-05-27 19:32:27 - [TEST_STEP][PASSED] - remID = substring(5, 35).trim(): null

2024-05-27 19:32:27 - [TEST_STEP][PASSED] - out.println("remID: " + remID): null

2024-05-27 19:32:27 - [TEST_STEP][PASSED] - traxID = substring(35, 55).trim(): null

2024-05-27 19:32:27 - [TEST_STEP][PASSED] - out.println("traxID: " + traxID): null

2024-05-27 19:32:27 - [TEST_STEP][PASSED] - VLinkSaleRemID = remID: null

2024-05-27 19:32:27 - [TEST_STEP][PASSED] - VLinkSaleTranxID = traxID: null

2024-05-27 19:32:27 - [TEST_STEP][PASSED] - openBrowser(VLinkURL + "ACH_credit.html"): Browser is opened with url: 'https://dev-algorithm.govolution.com/vlinktest/demo/version_2_0/ACH_credit.html'

2024-05-27 19:32:27 - [MESSAGE][WARNING] - A browser is already opened. Closing browser and opening a new one

2024-05-27 19:32:28 - [MESSAGE][INFO] - Starting 'Chrome' driver

2024-05-27 19:32:28 - [MESSAGE][INFO] - User set preference: ['acceptInsecureCerts', 'true']

2024-05-27 19:32:28 - [MESSAGE][INFO] - Action delay is set to 0 milliseconds

2024-05-27 19:32:30 - [MESSAGE][PASSED] - Browser is opened with url: 'https://dev-algorithm.govolution.com/vlinktest/demo/version_2_0/ACH_credit.html'

2024-05-27 19:32:30 - [TEST_STEP][PASSED] - maximizeWindow(): Current window maximized

2024-05-27 19:32:30 - [MESSAGE][PASSED] - Current window maximized

2024-05-27 19:32:30 - [TEST_STEP][PASSED] - setText(findTestObject("Object Repository/RecAndPlayBk/Page-Vlink-ACH-Credit/input_Remittance Id"), VLinkSaleRemID): Text 'cCScrvjtoghE' is set on object 'Object Repository/RecAndPlayBk/Page-Vlink-ACH-Credit/input_Remittance Id'

2024-05-27 19:32:31 - [MESSAGE][PASSED] - Text 'cCScrvjtoghE' is set on object 'Object Repository/RecAndPlayBk/Page-Vlink-ACH-Credit/input_Remittance Id'

2024-05-27 19:32:31 - [TEST_STEP][PASSED] - setText(findTestObject("Object Repository/RecAndPlayBk/Page-Vlink-ACH-Credit/input_Application Id"), appID): Text '1773' is set on object 'Object Repository/RecAndPlayBk/Page-Vlink-ACH-Credit/input_Application Id'

2024-05-27 19:32:32 - [MESSAGE][PASSED] - Text '1773' is set on object 'Object Repository/RecAndPlayBk/Page-Vlink-ACH-Credit/input_Application Id'

2024-05-27 19:32:32 - [TEST_STEP][PASSED] - setText(findTestObject("Object Repository/RecAndPlayBk/Page-Vlink-ACH-Credit/input_Username"), username): Text 'Qq2BV1qtr' is set on object 'Object Repository/RecAndPlayBk/Page-Vlink-ACH-Credit/input_Username'

2024-05-27 19:32:33 - [MESSAGE][PASSED] - Text 'Qq2BV1qtr' is set on object 'Object Repository/RecAndPlayBk/Page-Vlink-ACH-Credit/input_Username'

2024-05-27 19:32:33 - [TEST_STEP][PASSED] - setText(findTestObject("Object Repository/RecAndPlayBk/Page-Vlink-ACH-Credit/input_Password"), password): Text 'tUmWBiLUx' is set on object 'Object Repository/RecAndPlayBk/Page-Vlink-ACH-Credit/input_Password'

2024-05-27 19:32:33 - [MESSAGE][PASSED] - Text 'tUmWBiLUx' is set on object 'Object Repository/RecAndPlayBk/Page-Vlink-ACH-Credit/input_Password'

2024-05-27 19:32:33 - [TEST_STEP][PASSED] - setText(findTestObject("Object Repository/RecAndPlayBk/Page-Vlink-ACH-Credit/input_Check Type"), checkType): Text 'P' is set on object 'Object Repository/RecAndPlayBk/Page-Vlink-ACH-Credit/input_Check Type'

2024-05-27 19:32:34 - [MESSAGE][PASSED] - Text 'P' is set on object 'Object Repository/RecAndPlayBk/Page-Vlink-ACH-Credit/input_Check Type'

2024-05-27 19:32:34 - [TEST_STEP][PASSED] - setText(findTestObject("Object Repository/RecAndPlayBk/Page-Vlink-ACH-Credit/input_Transaction ID"), VLinkSaleTranxID): Text '2967864' is set on object 'Object Repository/RecAndPlayBk/Page-Vlink-ACH-Credit/input_Transaction ID'

2024-05-27 19:32:35 - [MESSAGE][PASSED] - Text '2967864' is set on object 'Object Repository/RecAndPlayBk/Page-Vlink-ACH-Credit/input_Transaction ID'

2024-05-27 19:32:35 - [TEST_STEP][PASSED] - setText(findTestObject("Object Repository/RecAndPlayBk/Page-Vlink-ACH-Credit/input_Amount"), amount): Text '12.50' is set on object 'Object Repository/RecAndPlayBk/Page-Vlink-ACH-Credit/input_Amount'

2024-05-27 19:32:35 - [MESSAGE][PASSED] - Text '12.50' is set on object 'Object Repository/RecAndPlayBk/Page-Vlink-ACH-Credit/input_Amount'

2024-05-27 19:32:35 - [TEST_STEP][PASSED] - setText(findTestObject("Object Repository/RecAndPlayBk/Page-Vlink-ACH-Credit/input_Standard Entry Class"), sec): Text 'TEL' is set on object 'Object Repository/RecAndPlayBk/Page-Vlink-ACH-Credit/input_Standard Entry Class'

2024-05-27 19:32:36 - [MESSAGE][PASSED] - Text 'TEL' is set on object 'Object Repository/RecAndPlayBk/Page-Vlink-ACH-Credit/input_Standard Entry Class'

2024-05-27 19:32:36 - [TEST_STEP][PASSED] - setText(findTestObject("Object Repository/RecAndPlayBk/Page-Vlink-ACH-Credit/input_Account Number"), acNumber): Text '58963214' is set on object 'Object Repository/RecAndPlayBk/Page-Vlink-ACH-Credit/input_Account Number'

2024-05-27 19:32:37 - [MESSAGE][PASSED] - Text '58963214' is set on object 'Object Repository/RecAndPlayBk/Page-Vlink-ACH-Credit/input_Account Number'

2024-05-27 19:32:37 - [TEST_STEP][PASSED] - setText(findTestObject("Object Repository/RecAndPlayBk/Page-Vlink-ACH-Credit/input_Routing Number"), rtn): Text '256072691' is set on object 'Object Repository/RecAndPlayBk/Page-Vlink-ACH-Credit/input_Routing Number'

2024-05-27 19:32:38 - [MESSAGE][PASSED] - Text '256072691' is set on object 'Object Repository/RecAndPlayBk/Page-Vlink-ACH-Credit/input_Routing Number'

2024-05-27 19:32:38 - [TEST_STEP][PASSED] - click(findTestObject("Object Repository/RecAndPlayBk/Page-Vlink-ACH-Credit/input")): Object: 'Object Repository/RecAndPlayBk/Page-Vlink-ACH-Credit/input' is clicked on

2024-05-27 19:32:38 - [MESSAGE][PASSED] - Object: 'Object Repository/RecAndPlayBk/Page-Vlink-ACH-Credit/input' is clicked on

2024-05-27 19:32:38 - [TEST_STEP][PASSED] - if (verifyTextPresent("Transaction approved, no errors", true)): null

2024-05-27 19:32:39 - [MESSAGE][PASSED] - Text 'Transaction approved, no errors' is present on page  using regular expression

2024-05-27 19:32:39 - [TEST_STEP][PASSED] - println("Transaction Approved, no errors text is present on the Confirmation page"): null

2024-05-27 19:32:39 - [TEST_STEP][PASSED] - out.println("Pass Record Number: " + row): null

2024-05-27 19:32:39 - [TEST_STEP][PASSED] - resText = "Pass": null

2024-05-27 19:32:39 - [TEST_STEP][PASSED] - pages.WriteExcel.demoKey(resText, datText, resColumn, datCloumn, fileLoc, nameSheet, row): pages.WriteExcel.demoKey is PASSED

2024-05-27 19:32:39 - [MESSAGE][PASSED] - pages.WriteExcel.demoKey is PASSED

2024-05-27 19:32:39 - [TEST_STEP][PASSED] - ExecuteTC = findTestData(dataFile).getValue("Execute", row): null

2024-05-27 19:32:39 - [TEST_STEP][PASSED] - out.println("Value of Execute is : " + ExecuteTC): null

2024-05-27 19:32:39 - [TEST_STEP][PASSED] - switch (executionProfile): null

2024-05-27 19:32:39 - [TEST_STEP][PASSED] - case "DemoProfile":: null

2024-05-27 19:32:39 - [TEST_STEP][PASSED] - appID = findTestData(dataFile).getValue("AppIDDemo", row): null

2024-05-27 19:32:39 - [TEST_STEP][PASSED] - username = findTestData(dataFile).getValue("UsernameDemo", row): null

2024-05-27 19:32:39 - [TEST_STEP][PASSED] - password = findTestData(dataFile).getValue("PasswordDemo", row): null

2024-05-27 19:32:39 - [TEST_STEP][PASSED] - break: null

2024-05-27 19:32:39 - [TEST_STEP][PASSED] - if (ExecuteTC.equalsIgnoreCase("Y")): null

2024-05-27 19:32:39 - [TEST_STEP][PASSED] - out.println("Begin Record Number: " + row): null

2024-05-27 19:32:39 - [TEST_STEP][PASSED] - today = new java.util.Date(): null

2024-05-27 19:32:39 - [TEST_STEP][PASSED] - println(today): null

2024-05-27 19:32:39 - [TEST_STEP][PASSED] - datText = today: null

2024-05-27 19:32:39 - [TEST_STEP][PASSED] - checkType = findTestData(dataFile).getValue("CheckType", row): null

2024-05-27 19:32:39 - [TEST_STEP][PASSED] - acNumber = findTestData(dataFile).getValue("AcNumber", row): null

2024-05-27 19:32:39 - [TEST_STEP][PASSED] - company = findTestData(dataFile).getValue("Company", row): null

2024-05-27 19:32:39 - [TEST_STEP][PASSED] - acType = findTestData(dataFile).getValue("AcType", row): null

2024-05-27 19:32:39 - [TEST_STEP][PASSED] - rtn = findTestData(dataFile).getValue("RTN", row): null

2024-05-27 19:32:39 - [TEST_STEP][PASSED] - amount = findTestData(dataFile).getValue("Amount", row): null

2024-05-27 19:32:40 - [TEST_STEP][PASSED] - sec = findTestData(dataFile).getValue("SEC", row): null

2024-05-27 19:32:40 - [TEST_STEP][PASSED] - openBrowser(VLinkURL + "debit.html"): Browser is opened with url: 'https://dev-algorithm.govolution.com/vlinktest/demo/version_2_0/debit.html'

2024-05-27 19:32:40 - [MESSAGE][WARNING] - A browser is already opened. Closing browser and opening a new one

2024-05-27 19:32:41 - [MESSAGE][INFO] - Starting 'Chrome' driver

2024-05-27 19:32:41 - [MESSAGE][INFO] - User set preference: ['acceptInsecureCerts', 'true']

2024-05-27 19:32:41 - [MESSAGE][INFO] - Action delay is set to 0 milliseconds

2024-05-27 19:32:43 - [MESSAGE][PASSED] - Browser is opened with url: 'https://dev-algorithm.govolution.com/vlinktest/demo/version_2_0/debit.html'

2024-05-27 19:32:43 - [TEST_STEP][PASSED] - maximizeWindow(): Current window maximized

2024-05-27 19:32:43 - [MESSAGE][PASSED] - Current window maximized

2024-05-27 19:32:43 - [TEST_STEP][PASSED] - genRemID = RandomStringUtils.random(12, true, true): null

2024-05-27 19:32:43 - [TEST_STEP][PASSED] - setText(findTestObject("RecAndPlayBk/Page-Vlink-Debit/input_Remittance Id"), genRemID): Text '7Anr6FoKQdjn' is set on object 'Object Repository/RecAndPlayBk/Page-Vlink-Debit/input_Remittance Id'

2024-05-27 19:32:44 - [MESSAGE][PASSED] - Text '7Anr6FoKQdjn' is set on object 'Object Repository/RecAndPlayBk/Page-Vlink-Debit/input_Remittance Id'

2024-05-27 19:32:44 - [TEST_STEP][PASSED] - setText(findTestObject("RecAndPlayBk/Page-Vlink-Debit/input_Application Id"), appID): Text '1773' is set on object 'Object Repository/RecAndPlayBk/Page-Vlink-Debit/input_Application Id'

2024-05-27 19:32:45 - [MESSAGE][PASSED] - Text '1773' is set on object 'Object Repository/RecAndPlayBk/Page-Vlink-Debit/input_Application Id'

2024-05-27 19:32:45 - [TEST_STEP][PASSED] - setText(findTestObject("RecAndPlayBk/Page-Vlink-Debit/input_Username"), username): Text 'Qq2BV1qtr' is set on object 'Object Repository/RecAndPlayBk/Page-Vlink-Debit/input_Username'

2024-05-27 19:32:45 - [MESSAGE][PASSED] - Text 'Qq2BV1qtr' is set on object 'Object Repository/RecAndPlayBk/Page-Vlink-Debit/input_Username'

2024-05-27 19:32:45 - [TEST_STEP][PASSED] - setText(findTestObject("RecAndPlayBk/Page-Vlink-Debit/input_Password"), password): Text 'tUmWBiLUx' is set on object 'Object Repository/RecAndPlayBk/Page-Vlink-Debit/input_Password'

2024-05-27 19:32:46 - [MESSAGE][PASSED] - Text 'tUmWBiLUx' is set on object 'Object Repository/RecAndPlayBk/Page-Vlink-Debit/input_Password'

2024-05-27 19:32:46 - [TEST_STEP][PASSED] - setText(findTestObject("RecAndPlayBk/Page-Vlink-Debit/input_Check Type"), checkType): Text 'P' is set on object 'Object Repository/RecAndPlayBk/Page-Vlink-Debit/input_Check Type'

2024-05-27 19:32:47 - [MESSAGE][PASSED] - Text 'P' is set on object 'Object Repository/RecAndPlayBk/Page-Vlink-Debit/input_Check Type'

2024-05-27 19:32:47 - [TEST_STEP][PASSED] - setText(findTestObject("RecAndPlayBk/Page-Vlink-Debit/input_Account_check"), acNumber): Text '58963214' is set on object 'Object Repository/RecAndPlayBk/Page-Vlink-Debit/input_Account_check'

2024-05-27 19:32:47 - [MESSAGE][PASSED] - Text '58963214' is set on object 'Object Repository/RecAndPlayBk/Page-Vlink-Debit/input_Account_check'

2024-05-27 19:32:47 - [TEST_STEP][PASSED] - setText(findTestObject("RecAndPlayBk/Page-Vlink-Debit/input_Company_check"), company): Text '' is set on object 'Object Repository/RecAndPlayBk/Page-Vlink-Debit/input_Company_check'

2024-05-27 19:32:48 - [MESSAGE][PASSED] - Text '' is set on object 'Object Repository/RecAndPlayBk/Page-Vlink-Debit/input_Company_check'

2024-05-27 19:32:48 - [TEST_STEP][PASSED] - setText(findTestObject("RecAndPlayBk/Page-Vlink-Debit/input_Account Type"), acType): Text '2' is set on object 'Object Repository/RecAndPlayBk/Page-Vlink-Debit/input_Account Type'

2024-05-27 19:32:49 - [MESSAGE][PASSED] - Text '2' is set on object 'Object Repository/RecAndPlayBk/Page-Vlink-Debit/input_Account Type'

2024-05-27 19:32:49 - [TEST_STEP][PASSED] - setText(findTestObject("RecAndPlayBk/Page-Vlink-Debit/input_Routing Number"), rtn): Text '256072691' is set on object 'Object Repository/RecAndPlayBk/Page-Vlink-Debit/input_Routing Number'

2024-05-27 19:32:49 - [MESSAGE][PASSED] - Text '256072691' is set on object 'Object Repository/RecAndPlayBk/Page-Vlink-Debit/input_Routing Number'

2024-05-27 19:32:49 - [TEST_STEP][PASSED] - setText(findTestObject("RecAndPlayBk/Page-Vlink-Debit/input_Amount"), amount): Text '12.50' is set on object 'Object Repository/RecAndPlayBk/Page-Vlink-Debit/input_Amount'

2024-05-27 19:32:50 - [MESSAGE][PASSED] - Text '12.50' is set on object 'Object Repository/RecAndPlayBk/Page-Vlink-Debit/input_Amount'

2024-05-27 19:32:50 - [TEST_STEP][PASSED] - setText(findTestObject("RecAndPlayBk/Page-Vlink-Debit/input_Check Email"), ""): Text '' is set on object 'Object Repository/RecAndPlayBk/Page-Vlink-Debit/input_Check Email'

2024-05-27 19:32:51 - [MESSAGE][PASSED] - Text '' is set on object 'Object Repository/RecAndPlayBk/Page-Vlink-Debit/input_Check Email'

2024-05-27 19:32:51 - [TEST_STEP][PASSED] - setText(findTestObject("Object Repository/RecAndPlayBk/Page-Vlink-Debit/input_concat(CheckWriter, , s SSN)_check_ssn"), ""): Text '' is set on object 'Object Repository/RecAndPlayBk/Page-Vlink-Debit/input_concat(CheckWriter, , s SSN)_check_ssn'

2024-05-27 19:32:52 - [MESSAGE][PASSED] - Text '' is set on object 'Object Repository/RecAndPlayBk/Page-Vlink-Debit/input_concat(CheckWriter, , s SSN)_check_ssn'

2024-05-27 19:32:52 - [TEST_STEP][PASSED] - setText(findTestObject("Object Repository/RecAndPlayBk/Page-Vlink-Debit/input_concat(CheckWriter, , s License Numbe_020fef"), ""): Text '' is set on object 'Object Repository/RecAndPlayBk/Page-Vlink-Debit/input_concat(CheckWriter, , s License Numbe_020fef'

2024-05-27 19:32:52 - [MESSAGE][PASSED] - Text '' is set on object 'Object Repository/RecAndPlayBk/Page-Vlink-Debit/input_concat(CheckWriter, , s License Numbe_020fef'

2024-05-27 19:32:52 - [TEST_STEP][PASSED] - setText(findTestObject("Object Repository/RecAndPlayBk/Page-Vlink-Debit/input_concat(CheckWriter, , s License State_21e3e7"), ""): Text '' is set on object 'Object Repository/RecAndPlayBk/Page-Vlink-Debit/input_concat(CheckWriter, , s License State_21e3e7'

2024-05-27 19:32:53 - [MESSAGE][PASSED] - Text '' is set on object 'Object Repository/RecAndPlayBk/Page-Vlink-Debit/input_concat(CheckWriter, , s License State_21e3e7'

2024-05-27 19:32:53 - [TEST_STEP][PASSED] - setText(findTestObject("RecAndPlayBk/Page-Vlink-Debit/input_Standard Entry Class"), sec): Text 'PPD' is set on object 'Object Repository/RecAndPlayBk/Page-Vlink-Debit/input_Standard Entry Class'

2024-05-27 19:32:54 - [MESSAGE][PASSED] - Text 'PPD' is set on object 'Object Repository/RecAndPlayBk/Page-Vlink-Debit/input_Standard Entry Class'

2024-05-27 19:32:54 - [TEST_STEP][PASSED] - click(findTestObject("Object Repository/RecAndPlayBk/Page-Vlink-Debit/input")): Object: 'Object Repository/RecAndPlayBk/Page-Vlink-Debit/input' is clicked on

2024-05-27 19:32:55 - [MESSAGE][PASSED] - Object: 'Object Repository/RecAndPlayBk/Page-Vlink-Debit/input' is clicked on

2024-05-27 19:32:55 - [TEST_STEP][PASSED] - if (verifyTextPresent("Transaction approved, no errors", true)): null

2024-05-27 19:32:55 - [MESSAGE][PASSED] - Text 'Transaction approved, no errors' is present on page  using regular expression

2024-05-27 19:32:55 - [TEST_STEP][PASSED] - println("Transaction Approved, no errors text is present on the Confirmation page"): null

2024-05-27 19:32:55 - [TEST_STEP][PASSED] - sdfo = getText(findTestObject("Object Repository/Page_VLinkReceipt/pre_STX")): Text of object 'Object Repository/Page_VLinkReceipt/pre_STX' is: '<STX>7Anr6FoKQdjn                  2967866             0  Transaction approved, no errors                   0                                                                                                              <ETX>'

2024-05-27 19:32:55 - [MESSAGE][PASSED] - Text of object 'Object Repository/Page_VLinkReceipt/pre_STX' is: '<STX>7Anr6FoKQdjn                  2967866             0  Transaction approved, no errors                   0                                                                                                              <ETX>'

2024-05-27 19:32:55 - [TEST_STEP][PASSED] - out.println("sdfo: " + sdfo): null

2024-05-27 19:32:55 - [TEST_STEP][PASSED] - remID = substring(5, 35).trim(): null

2024-05-27 19:32:55 - [TEST_STEP][PASSED] - out.println("remID: " + remID): null

2024-05-27 19:32:55 - [TEST_STEP][PASSED] - traxID = substring(35, 55).trim(): null

2024-05-27 19:32:55 - [TEST_STEP][PASSED] - out.println("traxID: " + traxID): null

2024-05-27 19:32:55 - [TEST_STEP][PASSED] - VLinkSaleRemID = remID: null

2024-05-27 19:32:55 - [TEST_STEP][PASSED] - VLinkSaleTranxID = traxID: null

2024-05-27 19:32:55 - [TEST_STEP][PASSED] - openBrowser(VLinkURL + "ACH_credit.html"): Browser is opened with url: 'https://dev-algorithm.govolution.com/vlinktest/demo/version_2_0/ACH_credit.html'

2024-05-27 19:32:55 - [MESSAGE][WARNING] - A browser is already opened. Closing browser and opening a new one

2024-05-27 19:32:57 - [MESSAGE][INFO] - Starting 'Chrome' driver

2024-05-27 19:32:57 - [MESSAGE][INFO] - User set preference: ['acceptInsecureCerts', 'true']

2024-05-27 19:32:57 - [MESSAGE][INFO] - Action delay is set to 0 milliseconds

2024-05-27 19:32:59 - [MESSAGE][PASSED] - Browser is opened with url: 'https://dev-algorithm.govolution.com/vlinktest/demo/version_2_0/ACH_credit.html'

2024-05-27 19:32:59 - [TEST_STEP][PASSED] - maximizeWindow(): Current window maximized

2024-05-27 19:32:59 - [MESSAGE][PASSED] - Current window maximized

2024-05-27 19:32:59 - [TEST_STEP][PASSED] - setText(findTestObject("Object Repository/RecAndPlayBk/Page-Vlink-ACH-Credit/input_Remittance Id"), VLinkSaleRemID): Text '7Anr6FoKQdjn' is set on object 'Object Repository/RecAndPlayBk/Page-Vlink-ACH-Credit/input_Remittance Id'

2024-05-27 19:33:00 - [MESSAGE][PASSED] - Text '7Anr6FoKQdjn' is set on object 'Object Repository/RecAndPlayBk/Page-Vlink-ACH-Credit/input_Remittance Id'

2024-05-27 19:33:00 - [TEST_STEP][PASSED] - setText(findTestObject("Object Repository/RecAndPlayBk/Page-Vlink-ACH-Credit/input_Application Id"), appID): Text '1773' is set on object 'Object Repository/RecAndPlayBk/Page-Vlink-ACH-Credit/input_Application Id'

2024-05-27 19:33:00 - [MESSAGE][PASSED] - Text '1773' is set on object 'Object Repository/RecAndPlayBk/Page-Vlink-ACH-Credit/input_Application Id'

2024-05-27 19:33:00 - [TEST_STEP][PASSED] - setText(findTestObject("Object Repository/RecAndPlayBk/Page-Vlink-ACH-Credit/input_Username"), username): Text 'Qq2BV1qtr' is set on object 'Object Repository/RecAndPlayBk/Page-Vlink-ACH-Credit/input_Username'

2024-05-27 19:33:01 - [MESSAGE][PASSED] - Text 'Qq2BV1qtr' is set on object 'Object Repository/RecAndPlayBk/Page-Vlink-ACH-Credit/input_Username'

2024-05-27 19:33:01 - [TEST_STEP][PASSED] - setText(findTestObject("Object Repository/RecAndPlayBk/Page-Vlink-ACH-Credit/input_Password"), password): Text 'tUmWBiLUx' is set on object 'Object Repository/RecAndPlayBk/Page-Vlink-ACH-Credit/input_Password'

2024-05-27 19:33:02 - [MESSAGE][PASSED] - Text 'tUmWBiLUx' is set on object 'Object Repository/RecAndPlayBk/Page-Vlink-ACH-Credit/input_Password'

2024-05-27 19:33:02 - [TEST_STEP][PASSED] - setText(findTestObject("Object Repository/RecAndPlayBk/Page-Vlink-ACH-Credit/input_Check Type"), checkType): Text 'P' is set on object 'Object Repository/RecAndPlayBk/Page-Vlink-ACH-Credit/input_Check Type'

2024-05-27 19:33:02 - [MESSAGE][PASSED] - Text 'P' is set on object 'Object Repository/RecAndPlayBk/Page-Vlink-ACH-Credit/input_Check Type'

2024-05-27 19:33:02 - [TEST_STEP][PASSED] - setText(findTestObject("Object Repository/RecAndPlayBk/Page-Vlink-ACH-Credit/input_Transaction ID"), VLinkSaleTranxID): Text '2967866' is set on object 'Object Repository/RecAndPlayBk/Page-Vlink-ACH-Credit/input_Transaction ID'

2024-05-27 19:33:03 - [MESSAGE][PASSED] - Text '2967866' is set on object 'Object Repository/RecAndPlayBk/Page-Vlink-ACH-Credit/input_Transaction ID'

2024-05-27 19:33:03 - [TEST_STEP][PASSED] - setText(findTestObject("Object Repository/RecAndPlayBk/Page-Vlink-ACH-Credit/input_Amount"), amount): Text '12.50' is set on object 'Object Repository/RecAndPlayBk/Page-Vlink-ACH-Credit/input_Amount'

2024-05-27 19:33:04 - [MESSAGE][PASSED] - Text '12.50' is set on object 'Object Repository/RecAndPlayBk/Page-Vlink-ACH-Credit/input_Amount'

2024-05-27 19:33:04 - [TEST_STEP][PASSED] - setText(findTestObject("Object Repository/RecAndPlayBk/Page-Vlink-ACH-Credit/input_Standard Entry Class"), sec): Text 'PPD' is set on object 'Object Repository/RecAndPlayBk/Page-Vlink-ACH-Credit/input_Standard Entry Class'

2024-05-27 19:33:05 - [MESSAGE][PASSED] - Text 'PPD' is set on object 'Object Repository/RecAndPlayBk/Page-Vlink-ACH-Credit/input_Standard Entry Class'

2024-05-27 19:33:05 - [TEST_STEP][PASSED] - setText(findTestObject("Object Repository/RecAndPlayBk/Page-Vlink-ACH-Credit/input_Account Number"), acNumber): Text '58963214' is set on object 'Object Repository/RecAndPlayBk/Page-Vlink-ACH-Credit/input_Account Number'

2024-05-27 19:33:06 - [MESSAGE][PASSED] - Text '58963214' is set on object 'Object Repository/RecAndPlayBk/Page-Vlink-ACH-Credit/input_Account Number'

2024-05-27 19:33:06 - [TEST_STEP][PASSED] - setText(findTestObject("Object Repository/RecAndPlayBk/Page-Vlink-ACH-Credit/input_Routing Number"), rtn): Text '256072691' is set on object 'Object Repository/RecAndPlayBk/Page-Vlink-ACH-Credit/input_Routing Number'

2024-05-27 19:33:06 - [MESSAGE][PASSED] - Text '256072691' is set on object 'Object Repository/RecAndPlayBk/Page-Vlink-ACH-Credit/input_Routing Number'

2024-05-27 19:33:06 - [TEST_STEP][PASSED] - click(findTestObject("Object Repository/RecAndPlayBk/Page-Vlink-ACH-Credit/input")): Object: 'Object Repository/RecAndPlayBk/Page-Vlink-ACH-Credit/input' is clicked on

2024-05-27 19:33:07 - [MESSAGE][PASSED] - Object: 'Object Repository/RecAndPlayBk/Page-Vlink-ACH-Credit/input' is clicked on

2024-05-27 19:33:07 - [TEST_STEP][PASSED] - if (verifyTextPresent("Transaction approved, no errors", true)): null

2024-05-27 19:33:08 - [MESSAGE][PASSED] - Text 'Transaction approved, no errors' is present on page  using regular expression

2024-05-27 19:33:08 - [TEST_STEP][PASSED] - println("Transaction Approved, no errors text is present on the Confirmation page"): null

2024-05-27 19:33:08 - [TEST_STEP][PASSED] - out.println("Pass Record Number: " + row): null

2024-05-27 19:33:08 - [TEST_STEP][PASSED] - resText = "Pass": null

2024-05-27 19:33:08 - [TEST_STEP][PASSED] - pages.WriteExcel.demoKey(resText, datText, resColumn, datCloumn, fileLoc, nameSheet, row): pages.WriteExcel.demoKey is PASSED

2024-05-27 19:33:08 - [MESSAGE][PASSED] - pages.WriteExcel.demoKey is PASSED

2024-05-27 19:33:08 - [TEST_STEP][PASSED] - ExecuteTC = findTestData(dataFile).getValue("Execute", row): null

2024-05-27 19:33:08 - [TEST_STEP][PASSED] - out.println("Value of Execute is : " + ExecuteTC): null

2024-05-27 19:33:08 - [TEST_STEP][PASSED] - switch (executionProfile): null

2024-05-27 19:33:08 - [TEST_STEP][PASSED] - case "DemoProfile":: null

2024-05-27 19:33:08 - [TEST_STEP][PASSED] - appID = findTestData(dataFile).getValue("AppIDDemo", row): null

2024-05-27 19:33:08 - [TEST_STEP][PASSED] - username = findTestData(dataFile).getValue("UsernameDemo", row): null

2024-05-27 19:33:08 - [TEST_STEP][PASSED] - password = findTestData(dataFile).getValue("PasswordDemo", row): null

2024-05-27 19:33:08 - [TEST_STEP][PASSED] - break: null

2024-05-27 19:33:08 - [TEST_STEP][PASSED] - if (ExecuteTC.equalsIgnoreCase("Y")): null

2024-05-27 19:33:08 - [TEST_STEP][PASSED] - out.println("Begin Record Number: " + row): null

2024-05-27 19:33:08 - [TEST_STEP][PASSED] - today = new java.util.Date(): null

2024-05-27 19:33:08 - [TEST_STEP][PASSED] - println(today): null

2024-05-27 19:33:08 - [TEST_STEP][PASSED] - datText = today: null

2024-05-27 19:33:08 - [TEST_STEP][PASSED] - checkType = findTestData(dataFile).getValue("CheckType", row): null

2024-05-27 19:33:08 - [TEST_STEP][PASSED] - acNumber = findTestData(dataFile).getValue("AcNumber", row): null

2024-05-27 19:33:08 - [TEST_STEP][PASSED] - company = findTestData(dataFile).getValue("Company", row): null

2024-05-27 19:33:08 - [TEST_STEP][PASSED] - acType = findTestData(dataFile).getValue("AcType", row): null

2024-05-27 19:33:08 - [TEST_STEP][PASSED] - rtn = findTestData(dataFile).getValue("RTN", row): null

2024-05-27 19:33:08 - [TEST_STEP][PASSED] - amount = findTestData(dataFile).getValue("Amount", row): null

2024-05-27 19:33:09 - [TEST_STEP][PASSED] - sec = findTestData(dataFile).getValue("SEC", row): null

2024-05-27 19:33:09 - [TEST_STEP][PASSED] - openBrowser(VLinkURL + "debit.html"): Browser is opened with url: 'https://dev-algorithm.govolution.com/vlinktest/demo/version_2_0/debit.html'

2024-05-27 19:33:09 - [MESSAGE][WARNING] - A browser is already opened. Closing browser and opening a new one

2024-05-27 19:33:10 - [MESSAGE][INFO] - Starting 'Chrome' driver

2024-05-27 19:33:10 - [MESSAGE][INFO] - User set preference: ['acceptInsecureCerts', 'true']

2024-05-27 19:33:10 - [MESSAGE][INFO] - Action delay is set to 0 milliseconds

2024-05-27 19:33:12 - [MESSAGE][PASSED] - Browser is opened with url: 'https://dev-algorithm.govolution.com/vlinktest/demo/version_2_0/debit.html'

2024-05-27 19:33:12 - [TEST_STEP][PASSED] - maximizeWindow(): Current window maximized

2024-05-27 19:33:12 - [MESSAGE][PASSED] - Current window maximized

2024-05-27 19:33:12 - [TEST_STEP][PASSED] - genRemID = RandomStringUtils.random(12, true, true): null

2024-05-27 19:33:12 - [TEST_STEP][PASSED] - setText(findTestObject("RecAndPlayBk/Page-Vlink-Debit/input_Remittance Id"), genRemID): Text '2B4TXdmBJe4K' is set on object 'Object Repository/RecAndPlayBk/Page-Vlink-Debit/input_Remittance Id'

2024-05-27 19:33:13 - [MESSAGE][PASSED] - Text '2B4TXdmBJe4K' is set on object 'Object Repository/RecAndPlayBk/Page-Vlink-Debit/input_Remittance Id'

2024-05-27 19:33:13 - [TEST_STEP][PASSED] - setText(findTestObject("RecAndPlayBk/Page-Vlink-Debit/input_Application Id"), appID): Text '1773' is set on object 'Object Repository/RecAndPlayBk/Page-Vlink-Debit/input_Application Id'

2024-05-27 19:33:13 - [MESSAGE][PASSED] - Text '1773' is set on object 'Object Repository/RecAndPlayBk/Page-Vlink-Debit/input_Application Id'

2024-05-27 19:33:13 - [TEST_STEP][PASSED] - setText(findTestObject("RecAndPlayBk/Page-Vlink-Debit/input_Username"), username): Text 'Qq2BV1qtr' is set on object 'Object Repository/RecAndPlayBk/Page-Vlink-Debit/input_Username'

2024-05-27 19:33:14 - [MESSAGE][PASSED] - Text 'Qq2BV1qtr' is set on object 'Object Repository/RecAndPlayBk/Page-Vlink-Debit/input_Username'

2024-05-27 19:33:14 - [TEST_STEP][PASSED] - setText(findTestObject("RecAndPlayBk/Page-Vlink-Debit/input_Password"), password): Text 'tUmWBiLUx' is set on object 'Object Repository/RecAndPlayBk/Page-Vlink-Debit/input_Password'

2024-05-27 19:33:15 - [MESSAGE][PASSED] - Text 'tUmWBiLUx' is set on object 'Object Repository/RecAndPlayBk/Page-Vlink-Debit/input_Password'

2024-05-27 19:33:15 - [TEST_STEP][PASSED] - setText(findTestObject("RecAndPlayBk/Page-Vlink-Debit/input_Check Type"), checkType): Text 'C' is set on object 'Object Repository/RecAndPlayBk/Page-Vlink-Debit/input_Check Type'

2024-05-27 19:33:15 - [MESSAGE][PASSED] - Text 'C' is set on object 'Object Repository/RecAndPlayBk/Page-Vlink-Debit/input_Check Type'

2024-05-27 19:33:15 - [TEST_STEP][PASSED] - setText(findTestObject("RecAndPlayBk/Page-Vlink-Debit/input_Account_check"), acNumber): Text '58963214' is set on object 'Object Repository/RecAndPlayBk/Page-Vlink-Debit/input_Account_check'

2024-05-27 19:33:16 - [MESSAGE][PASSED] - Text '58963214' is set on object 'Object Repository/RecAndPlayBk/Page-Vlink-Debit/input_Account_check'

2024-05-27 19:33:16 - [TEST_STEP][PASSED] - setText(findTestObject("RecAndPlayBk/Page-Vlink-Debit/input_Company_check"), company): Text 'My Company' is set on object 'Object Repository/RecAndPlayBk/Page-Vlink-Debit/input_Company_check'

2024-05-27 19:33:17 - [MESSAGE][PASSED] - Text 'My Company' is set on object 'Object Repository/RecAndPlayBk/Page-Vlink-Debit/input_Company_check'

2024-05-27 19:33:17 - [TEST_STEP][PASSED] - setText(findTestObject("RecAndPlayBk/Page-Vlink-Debit/input_Account Type"), acType): Text '' is set on object 'Object Repository/RecAndPlayBk/Page-Vlink-Debit/input_Account Type'

2024-05-27 19:33:17 - [MESSAGE][PASSED] - Text '' is set on object 'Object Repository/RecAndPlayBk/Page-Vlink-Debit/input_Account Type'

2024-05-27 19:33:17 - [TEST_STEP][PASSED] - setText(findTestObject("RecAndPlayBk/Page-Vlink-Debit/input_Routing Number"), rtn): Text '256072691' is set on object 'Object Repository/RecAndPlayBk/Page-Vlink-Debit/input_Routing Number'

2024-05-27 19:33:18 - [MESSAGE][PASSED] - Text '256072691' is set on object 'Object Repository/RecAndPlayBk/Page-Vlink-Debit/input_Routing Number'

2024-05-27 19:33:18 - [TEST_STEP][PASSED] - setText(findTestObject("RecAndPlayBk/Page-Vlink-Debit/input_Amount"), amount): Text '12.50' is set on object 'Object Repository/RecAndPlayBk/Page-Vlink-Debit/input_Amount'

2024-05-27 19:33:19 - [MESSAGE][PASSED] - Text '12.50' is set on object 'Object Repository/RecAndPlayBk/Page-Vlink-Debit/input_Amount'

2024-05-27 19:33:19 - [TEST_STEP][PASSED] - setText(findTestObject("RecAndPlayBk/Page-Vlink-Debit/input_Check Email"), ""): Text '' is set on object 'Object Repository/RecAndPlayBk/Page-Vlink-Debit/input_Check Email'

2024-05-27 19:33:20 - [MESSAGE][PASSED] - Text '' is set on object 'Object Repository/RecAndPlayBk/Page-Vlink-Debit/input_Check Email'

2024-05-27 19:33:20 - [TEST_STEP][PASSED] - setText(findTestObject("Object Repository/RecAndPlayBk/Page-Vlink-Debit/input_concat(CheckWriter, , s SSN)_check_ssn"), ""): Text '' is set on object 'Object Repository/RecAndPlayBk/Page-Vlink-Debit/input_concat(CheckWriter, , s SSN)_check_ssn'

2024-05-27 19:33:20 - [MESSAGE][PASSED] - Text '' is set on object 'Object Repository/RecAndPlayBk/Page-Vlink-Debit/input_concat(CheckWriter, , s SSN)_check_ssn'

2024-05-27 19:33:20 - [TEST_STEP][PASSED] - setText(findTestObject("Object Repository/RecAndPlayBk/Page-Vlink-Debit/input_concat(CheckWriter, , s License Numbe_020fef"), ""): Text '' is set on object 'Object Repository/RecAndPlayBk/Page-Vlink-Debit/input_concat(CheckWriter, , s License Numbe_020fef'

2024-05-27 19:33:21 - [MESSAGE][PASSED] - Text '' is set on object 'Object Repository/RecAndPlayBk/Page-Vlink-Debit/input_concat(CheckWriter, , s License Numbe_020fef'

2024-05-27 19:33:21 - [TEST_STEP][PASSED] - setText(findTestObject("Object Repository/RecAndPlayBk/Page-Vlink-Debit/input_concat(CheckWriter, , s License State_21e3e7"), ""): Text '' is set on object 'Object Repository/RecAndPlayBk/Page-Vlink-Debit/input_concat(CheckWriter, , s License State_21e3e7'

2024-05-27 19:33:22 - [MESSAGE][PASSED] - Text '' is set on object 'Object Repository/RecAndPlayBk/Page-Vlink-Debit/input_concat(CheckWriter, , s License State_21e3e7'

2024-05-27 19:33:22 - [TEST_STEP][PASSED] - setText(findTestObject("RecAndPlayBk/Page-Vlink-Debit/input_Standard Entry Class"), sec): Text 'CCD' is set on object 'Object Repository/RecAndPlayBk/Page-Vlink-Debit/input_Standard Entry Class'

2024-05-27 19:33:23 - [MESSAGE][PASSED] - Text 'CCD' is set on object 'Object Repository/RecAndPlayBk/Page-Vlink-Debit/input_Standard Entry Class'

2024-05-27 19:33:23 - [TEST_STEP][PASSED] - click(findTestObject("Object Repository/RecAndPlayBk/Page-Vlink-Debit/input")): Object: 'Object Repository/RecAndPlayBk/Page-Vlink-Debit/input' is clicked on

2024-05-27 19:33:23 - [MESSAGE][PASSED] - Object: 'Object Repository/RecAndPlayBk/Page-Vlink-Debit/input' is clicked on

2024-05-27 19:33:23 - [TEST_STEP][PASSED] - if (verifyTextPresent("Transaction approved, no errors", true)): null

2024-05-27 19:33:24 - [MESSAGE][PASSED] - Text 'Transaction approved, no errors' is present on page  using regular expression

2024-05-27 19:33:24 - [TEST_STEP][PASSED] - println("Transaction Approved, no errors text is present on the Confirmation page"): null

2024-05-27 19:33:24 - [TEST_STEP][PASSED] - sdfo = getText(findTestObject("Object Repository/Page_VLinkReceipt/pre_STX")): Text of object 'Object Repository/Page_VLinkReceipt/pre_STX' is: '<STX>2B4TXdmBJe4K                  2967868             0  Transaction approved, no errors                   0                                                                                                              <ETX>'

2024-05-27 19:33:24 - [MESSAGE][PASSED] - Text of object 'Object Repository/Page_VLinkReceipt/pre_STX' is: '<STX>2B4TXdmBJe4K                  2967868             0  Transaction approved, no errors                   0                                                                                                              <ETX>'

2024-05-27 19:33:24 - [TEST_STEP][PASSED] - out.println("sdfo: " + sdfo): null

2024-05-27 19:33:24 - [TEST_STEP][PASSED] - remID = substring(5, 35).trim(): null

2024-05-27 19:33:24 - [TEST_STEP][PASSED] - out.println("remID: " + remID): null

2024-05-27 19:33:24 - [TEST_STEP][PASSED] - traxID = substring(35, 55).trim(): null

2024-05-27 19:33:24 - [TEST_STEP][PASSED] - out.println("traxID: " + traxID): null

2024-05-27 19:33:24 - [TEST_STEP][PASSED] - VLinkSaleRemID = remID: null

2024-05-27 19:33:24 - [TEST_STEP][PASSED] - VLinkSaleTranxID = traxID: null

2024-05-27 19:33:24 - [TEST_STEP][PASSED] - openBrowser(VLinkURL + "ACH_credit.html"): Browser is opened with url: 'https://dev-algorithm.govolution.com/vlinktest/demo/version_2_0/ACH_credit.html'

2024-05-27 19:33:24 - [MESSAGE][WARNING] - A browser is already opened. Closing browser and opening a new one

2024-05-27 19:33:25 - [MESSAGE][INFO] - Starting 'Chrome' driver

2024-05-27 19:33:25 - [MESSAGE][INFO] - User set preference: ['acceptInsecureCerts', 'true']

2024-05-27 19:33:25 - [MESSAGE][INFO] - Action delay is set to 0 milliseconds

2024-05-27 19:33:27 - [MESSAGE][PASSED] - Browser is opened with url: 'https://dev-algorithm.govolution.com/vlinktest/demo/version_2_0/ACH_credit.html'

2024-05-27 19:33:27 - [TEST_STEP][PASSED] - maximizeWindow(): Current window maximized

2024-05-27 19:33:27 - [MESSAGE][PASSED] - Current window maximized

2024-05-27 19:33:27 - [TEST_STEP][PASSED] - setText(findTestObject("Object Repository/RecAndPlayBk/Page-Vlink-ACH-Credit/input_Remittance Id"), VLinkSaleRemID): Text '2B4TXdmBJe4K' is set on object 'Object Repository/RecAndPlayBk/Page-Vlink-ACH-Credit/input_Remittance Id'

2024-05-27 19:33:28 - [MESSAGE][PASSED] - Text '2B4TXdmBJe4K' is set on object 'Object Repository/RecAndPlayBk/Page-Vlink-ACH-Credit/input_Remittance Id'

2024-05-27 19:33:28 - [TEST_STEP][PASSED] - setText(findTestObject("Object Repository/RecAndPlayBk/Page-Vlink-ACH-Credit/input_Application Id"), appID): Text '1773' is set on object 'Object Repository/RecAndPlayBk/Page-Vlink-ACH-Credit/input_Application Id'

2024-05-27 19:33:29 - [MESSAGE][PASSED] - Text '1773' is set on object 'Object Repository/RecAndPlayBk/Page-Vlink-ACH-Credit/input_Application Id'

2024-05-27 19:33:29 - [TEST_STEP][PASSED] - setText(findTestObject("Object Repository/RecAndPlayBk/Page-Vlink-ACH-Credit/input_Username"), username): Text 'Qq2BV1qtr' is set on object 'Object Repository/RecAndPlayBk/Page-Vlink-ACH-Credit/input_Username'

2024-05-27 19:33:30 - [MESSAGE][PASSED] - Text 'Qq2BV1qtr' is set on object 'Object Repository/RecAndPlayBk/Page-Vlink-ACH-Credit/input_Username'

2024-05-27 19:33:30 - [TEST_STEP][PASSED] - setText(findTestObject("Object Repository/RecAndPlayBk/Page-Vlink-ACH-Credit/input_Password"), password): Text 'tUmWBiLUx' is set on object 'Object Repository/RecAndPlayBk/Page-Vlink-ACH-Credit/input_Password'

2024-05-27 19:33:30 - [MESSAGE][PASSED] - Text 'tUmWBiLUx' is set on object 'Object Repository/RecAndPlayBk/Page-Vlink-ACH-Credit/input_Password'

2024-05-27 19:33:30 - [TEST_STEP][PASSED] - setText(findTestObject("Object Repository/RecAndPlayBk/Page-Vlink-ACH-Credit/input_Check Type"), checkType): Text 'C' is set on object 'Object Repository/RecAndPlayBk/Page-Vlink-ACH-Credit/input_Check Type'

2024-05-27 19:33:31 - [MESSAGE][PASSED] - Text 'C' is set on object 'Object Repository/RecAndPlayBk/Page-Vlink-ACH-Credit/input_Check Type'

2024-05-27 19:33:31 - [TEST_STEP][PASSED] - setText(findTestObject("Object Repository/RecAndPlayBk/Page-Vlink-ACH-Credit/input_Transaction ID"), VLinkSaleTranxID): Text '2967868' is set on object 'Object Repository/RecAndPlayBk/Page-Vlink-ACH-Credit/input_Transaction ID'

2024-05-27 19:33:32 - [MESSAGE][PASSED] - Text '2967868' is set on object 'Object Repository/RecAndPlayBk/Page-Vlink-ACH-Credit/input_Transaction ID'

2024-05-27 19:33:32 - [TEST_STEP][PASSED] - setText(findTestObject("Object Repository/RecAndPlayBk/Page-Vlink-ACH-Credit/input_Amount"), amount): Text '12.50' is set on object 'Object Repository/RecAndPlayBk/Page-Vlink-ACH-Credit/input_Amount'

2024-05-27 19:33:32 - [MESSAGE][PASSED] - Text '12.50' is set on object 'Object Repository/RecAndPlayBk/Page-Vlink-ACH-Credit/input_Amount'

2024-05-27 19:33:32 - [TEST_STEP][PASSED] - setText(findTestObject("Object Repository/RecAndPlayBk/Page-Vlink-ACH-Credit/input_Standard Entry Class"), sec): Text 'CCD' is set on object 'Object Repository/RecAndPlayBk/Page-Vlink-ACH-Credit/input_Standard Entry Class'

2024-05-27 19:33:33 - [MESSAGE][PASSED] - Text 'CCD' is set on object 'Object Repository/RecAndPlayBk/Page-Vlink-ACH-Credit/input_Standard Entry Class'

2024-05-27 19:33:33 - [TEST_STEP][PASSED] - setText(findTestObject("Object Repository/RecAndPlayBk/Page-Vlink-ACH-Credit/input_Account Number"), acNumber): Text '58963214' is set on object 'Object Repository/RecAndPlayBk/Page-Vlink-ACH-Credit/input_Account Number'

2024-05-27 19:33:34 - [MESSAGE][PASSED] - Text '58963214' is set on object 'Object Repository/RecAndPlayBk/Page-Vlink-ACH-Credit/input_Account Number'

2024-05-27 19:33:34 - [TEST_STEP][PASSED] - setText(findTestObject("Object Repository/RecAndPlayBk/Page-Vlink-ACH-Credit/input_Routing Number"), rtn): Text '256072691' is set on object 'Object Repository/RecAndPlayBk/Page-Vlink-ACH-Credit/input_Routing Number'

2024-05-27 19:33:35 - [MESSAGE][PASSED] - Text '256072691' is set on object 'Object Repository/RecAndPlayBk/Page-Vlink-ACH-Credit/input_Routing Number'

2024-05-27 19:33:35 - [TEST_STEP][PASSED] - click(findTestObject("Object Repository/RecAndPlayBk/Page-Vlink-ACH-Credit/input")): Object: 'Object Repository/RecAndPlayBk/Page-Vlink-ACH-Credit/input' is clicked on

2024-05-27 19:33:35 - [MESSAGE][PASSED] - Object: 'Object Repository/RecAndPlayBk/Page-Vlink-ACH-Credit/input' is clicked on

2024-05-27 19:33:35 - [TEST_STEP][PASSED] - if (verifyTextPresent("Transaction approved, no errors", true)): null

2024-05-27 19:33:36 - [MESSAGE][PASSED] - Text 'Transaction approved, no errors' is present on page  using regular expression

2024-05-27 19:33:36 - [TEST_STEP][PASSED] - println("Transaction Approved, no errors text is present on the Confirmation page"): null

2024-05-27 19:33:36 - [TEST_STEP][PASSED] - out.println("Pass Record Number: " + row): null

2024-05-27 19:33:36 - [TEST_STEP][PASSED] - resText = "Pass": null

2024-05-27 19:33:36 - [TEST_STEP][PASSED] - pages.WriteExcel.demoKey(resText, datText, resColumn, datCloumn, fileLoc, nameSheet, row): pages.WriteExcel.demoKey is PASSED

2024-05-27 19:33:36 - [MESSAGE][PASSED] - pages.WriteExcel.demoKey is PASSED]]></system-out>
         <system-err><![CDATA[]]></system-err>
      </testcase>
      <testcase name="Test Cases/RecAndPlayBk/VLink/Debit-Credit-Void" time="276.036" classname="Test Cases/RecAndPlayBk/VLink/Debit-Credit-Void" status="PASSED">
         <system-out><![CDATA[2024-05-27 19:33:36 - [TEST_CASE][PASSED] - Test Cases/RecAndPlayBk/VLink/Debit-Credit-Void: Test Cases/RecAndPlayBk/VLink/Debit-Credit-Void

2024-05-27 19:33:36 - [TEST_STEP][PASSED] - executionProfile = getExecutionProfile(): null

2024-05-27 19:33:36 - [TEST_STEP][PASSED] - out.println("executionProfile : " + executionProfile): null

2024-05-27 19:33:36 - [TEST_STEP][PASSED] - appName = <not implemented yet for class: org.codehaus.groovy.ast.expr.EmptyExpression>: null

2024-05-27 19:33:36 - [TEST_STEP][PASSED] - appID = <not implemented yet for class: org.codehaus.groovy.ast.expr.EmptyExpression>: null

2024-05-27 19:33:36 - [TEST_STEP][PASSED] - username = <not implemented yet for class: org.codehaus.groovy.ast.expr.EmptyExpression>: null

2024-05-27 19:33:36 - [TEST_STEP][PASSED] - password = <not implemented yet for class: org.codehaus.groovy.ast.expr.EmptyExpression>: null

2024-05-27 19:33:36 - [TEST_STEP][PASSED] - cardNameV = <not implemented yet for class: org.codehaus.groovy.ast.expr.EmptyExpression>: null

2024-05-27 19:33:36 - [TEST_STEP][PASSED] - al1V = <not implemented yet for class: org.codehaus.groovy.ast.expr.EmptyExpression>: null

2024-05-27 19:33:36 - [TEST_STEP][PASSED] - al2V = <not implemented yet for class: org.codehaus.groovy.ast.expr.EmptyExpression>: null

2024-05-27 19:33:36 - [TEST_STEP][PASSED] - zipV = <not implemented yet for class: org.codehaus.groovy.ast.expr.EmptyExpression>: null

2024-05-27 19:33:36 - [TEST_STEP][PASSED] - cardTypeV = <not implemented yet for class: org.codehaus.groovy.ast.expr.EmptyExpression>: null

2024-05-27 19:33:36 - [TEST_STEP][PASSED] - last4V = <not implemented yet for class: org.codehaus.groovy.ast.expr.EmptyExpression>: null

2024-05-27 19:33:36 - [TEST_STEP][PASSED] - resText = "Fail": null

2024-05-27 19:33:36 - [TEST_STEP][PASSED] - resColumn = "Result": null

2024-05-27 19:33:36 - [TEST_STEP][PASSED] - datCloumn = "Date": null

2024-05-27 19:33:36 - [TEST_STEP][PASSED] - fileLoc = "KatalonData/VLinkSmokeDataACH.xlsx": null

2024-05-27 19:33:36 - [TEST_STEP][PASSED] - numOfRows = <not implemented yet for class: org.codehaus.groovy.ast.expr.EmptyExpression>: null

2024-05-27 19:33:36 - [TEST_STEP][PASSED] - dataFile = <not implemented yet for class: org.codehaus.groovy.ast.expr.EmptyExpression>: null

2024-05-27 19:33:36 - [TEST_STEP][PASSED] - nameSheet = <not implemented yet for class: org.codehaus.groovy.ast.expr.EmptyExpression>: null

2024-05-27 19:33:36 - [TEST_STEP][PASSED] - nameSheet = "Debit-Credit-Void": null

2024-05-27 19:33:36 - [TEST_STEP][PASSED] - numOfRows = findTestData("QA/VLinkTestData/DebitCreditVoidData").getRowNumbers(): null

2024-05-27 19:33:37 - [TEST_STEP][PASSED] - println("Number of Records: " + numOfRows): null

2024-05-27 19:33:37 - [TEST_STEP][PASSED] - dataFile = "QA/VLinkTestData/DebitCreditVoidData": null

2024-05-27 19:33:37 - [TEST_STEP][PASSED] - for ([row = 1, row <= numOfRows, (row++)]): null

2024-05-27 19:33:37 - [TEST_STEP][PASSED] - ExecuteTC = findTestData(dataFile).getValue("Execute", row): null

2024-05-27 19:33:37 - [TEST_STEP][PASSED] - out.println("Value of Execute is : " + ExecuteTC): null

2024-05-27 19:33:37 - [TEST_STEP][PASSED] - switch (executionProfile): null

2024-05-27 19:33:37 - [TEST_STEP][PASSED] - case "DemoProfile":: null

2024-05-27 19:33:37 - [TEST_STEP][PASSED] - appID = findTestData(dataFile).getValue("AppIDDemo", row): null

2024-05-27 19:33:37 - [TEST_STEP][PASSED] - username = findTestData(dataFile).getValue("UsernameDemo", row): null

2024-05-27 19:33:37 - [TEST_STEP][PASSED] - password = findTestData(dataFile).getValue("PasswordDemo", row): null

2024-05-27 19:33:37 - [TEST_STEP][PASSED] - break: null

2024-05-27 19:33:37 - [TEST_STEP][PASSED] - if (ExecuteTC.equalsIgnoreCase("Y")): null

2024-05-27 19:33:37 - [TEST_STEP][PASSED] - out.println("Begin Record Number: " + row): null

2024-05-27 19:33:37 - [TEST_STEP][PASSED] - today = new java.util.Date(): null

2024-05-27 19:33:37 - [TEST_STEP][PASSED] - println(today): null

2024-05-27 19:33:37 - [TEST_STEP][PASSED] - datText = today: null

2024-05-27 19:33:37 - [TEST_STEP][PASSED] - checkType = findTestData(dataFile).getValue("CheckType", row): null

2024-05-27 19:33:37 - [TEST_STEP][PASSED] - acNumber = findTestData(dataFile).getValue("AcNumber", row): null

2024-05-27 19:33:37 - [TEST_STEP][PASSED] - company = findTestData(dataFile).getValue("Company", row): null

2024-05-27 19:33:37 - [TEST_STEP][PASSED] - acType = findTestData(dataFile).getValue("AcType", row): null

2024-05-27 19:33:37 - [TEST_STEP][PASSED] - rtn = findTestData(dataFile).getValue("RTN", row): null

2024-05-27 19:33:38 - [TEST_STEP][PASSED] - amount = findTestData(dataFile).getValue("Amount", row): null

2024-05-27 19:33:38 - [TEST_STEP][PASSED] - sec = findTestData(dataFile).getValue("SEC", row): null

2024-05-27 19:33:38 - [TEST_STEP][PASSED] - openBrowser(VLinkURL + "debit.html"): Browser is opened with url: 'https://dev-algorithm.govolution.com/vlinktest/demo/version_2_0/debit.html'

2024-05-27 19:33:38 - [MESSAGE][WARNING] - A browser is already opened. Closing browser and opening a new one

2024-05-27 19:33:39 - [MESSAGE][INFO] - Starting 'Chrome' driver

2024-05-27 19:33:39 - [MESSAGE][INFO] - User set preference: ['acceptInsecureCerts', 'true']

2024-05-27 19:33:39 - [MESSAGE][INFO] - Action delay is set to 0 milliseconds

2024-05-27 19:33:41 - [MESSAGE][PASSED] - Browser is opened with url: 'https://dev-algorithm.govolution.com/vlinktest/demo/version_2_0/debit.html'

2024-05-27 19:33:41 - [TEST_STEP][PASSED] - maximizeWindow(): Current window maximized

2024-05-27 19:33:41 - [MESSAGE][PASSED] - Current window maximized

2024-05-27 19:33:41 - [TEST_STEP][PASSED] - genRemID = RandomStringUtils.random(12, true, true): null

2024-05-27 19:33:41 - [TEST_STEP][PASSED] - setText(findTestObject("RecAndPlayBk/Page-Vlink-Debit/input_Remittance Id"), genRemID): Text 'jcspMwT9QwD5' is set on object 'Object Repository/RecAndPlayBk/Page-Vlink-Debit/input_Remittance Id'

2024-05-27 19:33:42 - [MESSAGE][PASSED] - Text 'jcspMwT9QwD5' is set on object 'Object Repository/RecAndPlayBk/Page-Vlink-Debit/input_Remittance Id'

2024-05-27 19:33:42 - [TEST_STEP][PASSED] - setText(findTestObject("RecAndPlayBk/Page-Vlink-Debit/input_Application Id"), appID): Text '1773' is set on object 'Object Repository/RecAndPlayBk/Page-Vlink-Debit/input_Application Id'

2024-05-27 19:33:43 - [MESSAGE][PASSED] - Text '1773' is set on object 'Object Repository/RecAndPlayBk/Page-Vlink-Debit/input_Application Id'

2024-05-27 19:33:43 - [TEST_STEP][PASSED] - setText(findTestObject("RecAndPlayBk/Page-Vlink-Debit/input_Username"), username): Text 'Qq2BV1qtr' is set on object 'Object Repository/RecAndPlayBk/Page-Vlink-Debit/input_Username'

2024-05-27 19:33:44 - [MESSAGE][PASSED] - Text 'Qq2BV1qtr' is set on object 'Object Repository/RecAndPlayBk/Page-Vlink-Debit/input_Username'

2024-05-27 19:33:44 - [TEST_STEP][PASSED] - setText(findTestObject("RecAndPlayBk/Page-Vlink-Debit/input_Password"), password): Text 'tUmWBiLUx' is set on object 'Object Repository/RecAndPlayBk/Page-Vlink-Debit/input_Password'

2024-05-27 19:33:44 - [MESSAGE][PASSED] - Text 'tUmWBiLUx' is set on object 'Object Repository/RecAndPlayBk/Page-Vlink-Debit/input_Password'

2024-05-27 19:33:44 - [TEST_STEP][PASSED] - setText(findTestObject("RecAndPlayBk/Page-Vlink-Debit/input_Check Type"), checkType): Text 'P' is set on object 'Object Repository/RecAndPlayBk/Page-Vlink-Debit/input_Check Type'

2024-05-27 19:33:45 - [MESSAGE][PASSED] - Text 'P' is set on object 'Object Repository/RecAndPlayBk/Page-Vlink-Debit/input_Check Type'

2024-05-27 19:33:45 - [TEST_STEP][PASSED] - setText(findTestObject("RecAndPlayBk/Page-Vlink-Debit/input_Account_check"), acNumber): Text '58963214' is set on object 'Object Repository/RecAndPlayBk/Page-Vlink-Debit/input_Account_check'

2024-05-27 19:33:46 - [MESSAGE][PASSED] - Text '58963214' is set on object 'Object Repository/RecAndPlayBk/Page-Vlink-Debit/input_Account_check'

2024-05-27 19:33:46 - [TEST_STEP][PASSED] - setText(findTestObject("RecAndPlayBk/Page-Vlink-Debit/input_Company_check"), company): Text '' is set on object 'Object Repository/RecAndPlayBk/Page-Vlink-Debit/input_Company_check'

2024-05-27 19:33:46 - [MESSAGE][PASSED] - Text '' is set on object 'Object Repository/RecAndPlayBk/Page-Vlink-Debit/input_Company_check'

2024-05-27 19:33:46 - [TEST_STEP][PASSED] - setText(findTestObject("RecAndPlayBk/Page-Vlink-Debit/input_Account Type"), acType): Text '1' is set on object 'Object Repository/RecAndPlayBk/Page-Vlink-Debit/input_Account Type'

2024-05-27 19:33:47 - [MESSAGE][PASSED] - Text '1' is set on object 'Object Repository/RecAndPlayBk/Page-Vlink-Debit/input_Account Type'

2024-05-27 19:33:47 - [TEST_STEP][PASSED] - setText(findTestObject("RecAndPlayBk/Page-Vlink-Debit/input_Routing Number"), rtn): Text '256072691' is set on object 'Object Repository/RecAndPlayBk/Page-Vlink-Debit/input_Routing Number'

2024-05-27 19:33:48 - [MESSAGE][PASSED] - Text '256072691' is set on object 'Object Repository/RecAndPlayBk/Page-Vlink-Debit/input_Routing Number'

2024-05-27 19:33:48 - [TEST_STEP][PASSED] - setText(findTestObject("RecAndPlayBk/Page-Vlink-Debit/input_Amount"), amount): Text '12.50' is set on object 'Object Repository/RecAndPlayBk/Page-Vlink-Debit/input_Amount'

2024-05-27 19:33:49 - [MESSAGE][PASSED] - Text '12.50' is set on object 'Object Repository/RecAndPlayBk/Page-Vlink-Debit/input_Amount'

2024-05-27 19:33:49 - [TEST_STEP][PASSED] - setText(findTestObject("RecAndPlayBk/Page-Vlink-Debit/input_Check Email"), ""): Text '' is set on object 'Object Repository/RecAndPlayBk/Page-Vlink-Debit/input_Check Email'

2024-05-27 19:33:49 - [MESSAGE][PASSED] - Text '' is set on object 'Object Repository/RecAndPlayBk/Page-Vlink-Debit/input_Check Email'

2024-05-27 19:33:49 - [TEST_STEP][PASSED] - setText(findTestObject("Object Repository/RecAndPlayBk/Page-Vlink-Debit/input_concat(CheckWriter, , s SSN)_check_ssn"), ""): Text '' is set on object 'Object Repository/RecAndPlayBk/Page-Vlink-Debit/input_concat(CheckWriter, , s SSN)_check_ssn'

2024-05-27 19:33:50 - [MESSAGE][PASSED] - Text '' is set on object 'Object Repository/RecAndPlayBk/Page-Vlink-Debit/input_concat(CheckWriter, , s SSN)_check_ssn'

2024-05-27 19:33:50 - [TEST_STEP][PASSED] - setText(findTestObject("Object Repository/RecAndPlayBk/Page-Vlink-Debit/input_concat(CheckWriter, , s License Numbe_020fef"), ""): Text '' is set on object 'Object Repository/RecAndPlayBk/Page-Vlink-Debit/input_concat(CheckWriter, , s License Numbe_020fef'

2024-05-27 19:33:51 - [MESSAGE][PASSED] - Text '' is set on object 'Object Repository/RecAndPlayBk/Page-Vlink-Debit/input_concat(CheckWriter, , s License Numbe_020fef'

2024-05-27 19:33:51 - [TEST_STEP][PASSED] - setText(findTestObject("Object Repository/RecAndPlayBk/Page-Vlink-Debit/input_concat(CheckWriter, , s License State_21e3e7"), ""): Text '' is set on object 'Object Repository/RecAndPlayBk/Page-Vlink-Debit/input_concat(CheckWriter, , s License State_21e3e7'

2024-05-27 19:33:52 - [MESSAGE][PASSED] - Text '' is set on object 'Object Repository/RecAndPlayBk/Page-Vlink-Debit/input_concat(CheckWriter, , s License State_21e3e7'

2024-05-27 19:33:52 - [TEST_STEP][PASSED] - setText(findTestObject("RecAndPlayBk/Page-Vlink-Debit/input_Standard Entry Class"), sec): Text 'WEB' is set on object 'Object Repository/RecAndPlayBk/Page-Vlink-Debit/input_Standard Entry Class'

2024-05-27 19:33:53 - [MESSAGE][PASSED] - Text 'WEB' is set on object 'Object Repository/RecAndPlayBk/Page-Vlink-Debit/input_Standard Entry Class'

2024-05-27 19:33:53 - [TEST_STEP][PASSED] - click(findTestObject("Object Repository/RecAndPlayBk/Page-Vlink-Debit/input")): Object: 'Object Repository/RecAndPlayBk/Page-Vlink-Debit/input' is clicked on

2024-05-27 19:33:53 - [MESSAGE][PASSED] - Object: 'Object Repository/RecAndPlayBk/Page-Vlink-Debit/input' is clicked on

2024-05-27 19:33:53 - [TEST_STEP][PASSED] - if (verifyTextPresent("Transaction approved, no errors", true)): null

2024-05-27 19:33:54 - [MESSAGE][PASSED] - Text 'Transaction approved, no errors' is present on page  using regular expression

2024-05-27 19:33:54 - [TEST_STEP][PASSED] - println("Transaction Approved, no errors text is present on the Confirmation page"): null

2024-05-27 19:33:54 - [TEST_STEP][PASSED] - sdfo = getText(findTestObject("Object Repository/Page_VLinkReceipt/pre_STX")): Text of object 'Object Repository/Page_VLinkReceipt/pre_STX' is: '<STX>jcspMwT9QwD5                  2967870             0  Transaction approved, no errors                   0                                                                                                              <ETX>'

2024-05-27 19:33:54 - [MESSAGE][PASSED] - Text of object 'Object Repository/Page_VLinkReceipt/pre_STX' is: '<STX>jcspMwT9QwD5                  2967870             0  Transaction approved, no errors                   0                                                                                                              <ETX>'

2024-05-27 19:33:54 - [TEST_STEP][PASSED] - out.println("sdfo: " + sdfo): null

2024-05-27 19:33:54 - [TEST_STEP][PASSED] - remID = substring(5, 35).trim(): null

2024-05-27 19:33:54 - [TEST_STEP][PASSED] - out.println("remID: " + remID): null

2024-05-27 19:33:54 - [TEST_STEP][PASSED] - traxID = substring(35, 55).trim(): null

2024-05-27 19:33:54 - [TEST_STEP][PASSED] - out.println("traxID: " + traxID): null

2024-05-27 19:33:54 - [TEST_STEP][PASSED] - VLinkSaleRemID = remID: null

2024-05-27 19:33:54 - [TEST_STEP][PASSED] - VLinkSaleTranxID = traxID: null

2024-05-27 19:33:54 - [TEST_STEP][PASSED] - openBrowser(VLinkURL + "ACH_credit.html"): Browser is opened with url: 'https://dev-algorithm.govolution.com/vlinktest/demo/version_2_0/ACH_credit.html'

2024-05-27 19:33:54 - [MESSAGE][WARNING] - A browser is already opened. Closing browser and opening a new one

2024-05-27 19:33:55 - [MESSAGE][INFO] - Starting 'Chrome' driver

2024-05-27 19:33:55 - [MESSAGE][INFO] - User set preference: ['acceptInsecureCerts', 'true']

2024-05-27 19:33:55 - [MESSAGE][INFO] - Action delay is set to 0 milliseconds

2024-05-27 19:33:57 - [MESSAGE][PASSED] - Browser is opened with url: 'https://dev-algorithm.govolution.com/vlinktest/demo/version_2_0/ACH_credit.html'

2024-05-27 19:33:57 - [TEST_STEP][PASSED] - maximizeWindow(): Current window maximized

2024-05-27 19:33:57 - [MESSAGE][PASSED] - Current window maximized

2024-05-27 19:33:57 - [TEST_STEP][PASSED] - setText(findTestObject("Object Repository/RecAndPlayBk/Page-Vlink-ACH-Credit/input_Remittance Id"), VLinkSaleRemID): Text 'jcspMwT9QwD5' is set on object 'Object Repository/RecAndPlayBk/Page-Vlink-ACH-Credit/input_Remittance Id'

2024-05-27 19:33:58 - [MESSAGE][PASSED] - Text 'jcspMwT9QwD5' is set on object 'Object Repository/RecAndPlayBk/Page-Vlink-ACH-Credit/input_Remittance Id'

2024-05-27 19:33:58 - [TEST_STEP][PASSED] - setText(findTestObject("Object Repository/RecAndPlayBk/Page-Vlink-ACH-Credit/input_Application Id"), appID): Text '1773' is set on object 'Object Repository/RecAndPlayBk/Page-Vlink-ACH-Credit/input_Application Id'

2024-05-27 19:33:59 - [MESSAGE][PASSED] - Text '1773' is set on object 'Object Repository/RecAndPlayBk/Page-Vlink-ACH-Credit/input_Application Id'

2024-05-27 19:33:59 - [TEST_STEP][PASSED] - setText(findTestObject("Object Repository/RecAndPlayBk/Page-Vlink-ACH-Credit/input_Username"), username): Text 'Qq2BV1qtr' is set on object 'Object Repository/RecAndPlayBk/Page-Vlink-ACH-Credit/input_Username'

2024-05-27 19:34:00 - [MESSAGE][PASSED] - Text 'Qq2BV1qtr' is set on object 'Object Repository/RecAndPlayBk/Page-Vlink-ACH-Credit/input_Username'

2024-05-27 19:34:00 - [TEST_STEP][PASSED] - setText(findTestObject("Object Repository/RecAndPlayBk/Page-Vlink-ACH-Credit/input_Password"), password): Text 'tUmWBiLUx' is set on object 'Object Repository/RecAndPlayBk/Page-Vlink-ACH-Credit/input_Password'

2024-05-27 19:34:00 - [MESSAGE][PASSED] - Text 'tUmWBiLUx' is set on object 'Object Repository/RecAndPlayBk/Page-Vlink-ACH-Credit/input_Password'

2024-05-27 19:34:00 - [TEST_STEP][PASSED] - setText(findTestObject("Object Repository/RecAndPlayBk/Page-Vlink-ACH-Credit/input_Check Type"), checkType): Text 'P' is set on object 'Object Repository/RecAndPlayBk/Page-Vlink-ACH-Credit/input_Check Type'

2024-05-27 19:34:01 - [MESSAGE][PASSED] - Text 'P' is set on object 'Object Repository/RecAndPlayBk/Page-Vlink-ACH-Credit/input_Check Type'

2024-05-27 19:34:01 - [TEST_STEP][PASSED] - setText(findTestObject("Object Repository/RecAndPlayBk/Page-Vlink-ACH-Credit/input_Transaction ID"), VLinkSaleTranxID): Text '2967870' is set on object 'Object Repository/RecAndPlayBk/Page-Vlink-ACH-Credit/input_Transaction ID'

2024-05-27 19:34:02 - [MESSAGE][PASSED] - Text '2967870' is set on object 'Object Repository/RecAndPlayBk/Page-Vlink-ACH-Credit/input_Transaction ID'

2024-05-27 19:34:02 - [TEST_STEP][PASSED] - setText(findTestObject("Object Repository/RecAndPlayBk/Page-Vlink-ACH-Credit/input_Amount"), amount): Text '12.50' is set on object 'Object Repository/RecAndPlayBk/Page-Vlink-ACH-Credit/input_Amount'

2024-05-27 19:34:03 - [MESSAGE][PASSED] - Text '12.50' is set on object 'Object Repository/RecAndPlayBk/Page-Vlink-ACH-Credit/input_Amount'

2024-05-27 19:34:03 - [TEST_STEP][PASSED] - setText(findTestObject("Object Repository/RecAndPlayBk/Page-Vlink-ACH-Credit/input_Standard Entry Class"), sec): Text 'WEB' is set on object 'Object Repository/RecAndPlayBk/Page-Vlink-ACH-Credit/input_Standard Entry Class'

2024-05-27 19:34:04 - [MESSAGE][PASSED] - Text 'WEB' is set on object 'Object Repository/RecAndPlayBk/Page-Vlink-ACH-Credit/input_Standard Entry Class'

2024-05-27 19:34:04 - [TEST_STEP][PASSED] - setText(findTestObject("Object Repository/RecAndPlayBk/Page-Vlink-ACH-Credit/input_Account Number"), acNumber): Text '58963214' is set on object 'Object Repository/RecAndPlayBk/Page-Vlink-ACH-Credit/input_Account Number'

2024-05-27 19:34:05 - [MESSAGE][PASSED] - Text '58963214' is set on object 'Object Repository/RecAndPlayBk/Page-Vlink-ACH-Credit/input_Account Number'

2024-05-27 19:34:05 - [TEST_STEP][PASSED] - setText(findTestObject("Object Repository/RecAndPlayBk/Page-Vlink-ACH-Credit/input_Routing Number"), rtn): Text '256072691' is set on object 'Object Repository/RecAndPlayBk/Page-Vlink-ACH-Credit/input_Routing Number'

2024-05-27 19:34:05 - [MESSAGE][PASSED] - Text '256072691' is set on object 'Object Repository/RecAndPlayBk/Page-Vlink-ACH-Credit/input_Routing Number'

2024-05-27 19:34:05 - [TEST_STEP][PASSED] - click(findTestObject("Object Repository/RecAndPlayBk/Page-Vlink-ACH-Credit/input")): Object: 'Object Repository/RecAndPlayBk/Page-Vlink-ACH-Credit/input' is clicked on

2024-05-27 19:34:07 - [MESSAGE][PASSED] - Object: 'Object Repository/RecAndPlayBk/Page-Vlink-ACH-Credit/input' is clicked on

2024-05-27 19:34:07 - [TEST_STEP][PASSED] - if (verifyTextPresent("Transaction approved, no errors", true)): null

2024-05-27 19:34:07 - [MESSAGE][PASSED] - Text 'Transaction approved, no errors' is present on page  using regular expression

2024-05-27 19:34:07 - [TEST_STEP][PASSED] - println("Transaction Approved, no errors text is present on the Confirmation page"): null

2024-05-27 19:34:07 - [TEST_STEP][PASSED] - sdfo = getText(findTestObject("Object Repository/Page_VLinkReceipt/pre_STX")): Text of object 'Object Repository/Page_VLinkReceipt/pre_STX' is: '<STX>jcspMwT9QwD5                  2967871             0  Transaction approved, no errors                   0                                                                                                              <ETX>'

2024-05-27 19:34:08 - [MESSAGE][PASSED] - Text of object 'Object Repository/Page_VLinkReceipt/pre_STX' is: '<STX>jcspMwT9QwD5                  2967871             0  Transaction approved, no errors                   0                                                                                                              <ETX>'

2024-05-27 19:34:08 - [TEST_STEP][PASSED] - out.println("sdfo: " + sdfo): null

2024-05-27 19:34:08 - [TEST_STEP][PASSED] - remID = substring(5, 35).trim(): null

2024-05-27 19:34:08 - [TEST_STEP][PASSED] - out.println("remID: " + remID): null

2024-05-27 19:34:08 - [TEST_STEP][PASSED] - traxID = substring(35, 55).trim(): null

2024-05-27 19:34:08 - [TEST_STEP][PASSED] - out.println("traxID: " + traxID): null

2024-05-27 19:34:08 - [TEST_STEP][PASSED] - VLinkSaleRemID = remID: null

2024-05-27 19:34:08 - [TEST_STEP][PASSED] - VLinkSaleTranxID = traxID: null

2024-05-27 19:34:08 - [TEST_STEP][PASSED] - openBrowser(VLinkURL + "ACH_void.html"): Browser is opened with url: 'https://dev-algorithm.govolution.com/vlinktest/demo/version_2_0/ACH_void.html'

2024-05-27 19:34:08 - [MESSAGE][WARNING] - A browser is already opened. Closing browser and opening a new one

2024-05-27 19:34:09 - [MESSAGE][INFO] - Starting 'Chrome' driver

2024-05-27 19:34:09 - [MESSAGE][INFO] - User set preference: ['acceptInsecureCerts', 'true']

2024-05-27 19:34:09 - [MESSAGE][INFO] - Action delay is set to 0 milliseconds

2024-05-27 19:34:11 - [MESSAGE][PASSED] - Browser is opened with url: 'https://dev-algorithm.govolution.com/vlinktest/demo/version_2_0/ACH_void.html'

2024-05-27 19:34:11 - [TEST_STEP][PASSED] - maximizeWindow(): Current window maximized

2024-05-27 19:34:11 - [MESSAGE][PASSED] - Current window maximized

2024-05-27 19:34:11 - [TEST_STEP][PASSED] - setText(findTestObject("Object Repository/RecAndPlayBk/Page-Vlink-ACH-Void/input_Remittance Id"), VLinkSaleRemID): Text 'jcspMwT9QwD5' is set on object 'Object Repository/RecAndPlayBk/Page-Vlink-ACH-Void/input_Remittance Id'

2024-05-27 19:34:12 - [MESSAGE][PASSED] - Text 'jcspMwT9QwD5' is set on object 'Object Repository/RecAndPlayBk/Page-Vlink-ACH-Void/input_Remittance Id'

2024-05-27 19:34:12 - [TEST_STEP][PASSED] - setText(findTestObject("Object Repository/RecAndPlayBk/Page-Vlink-ACH-Void/input_Application Id"), appID): Text '1773' is set on object 'Object Repository/RecAndPlayBk/Page-Vlink-ACH-Void/input_Application Id'

2024-05-27 19:34:13 - [MESSAGE][PASSED] - Text '1773' is set on object 'Object Repository/RecAndPlayBk/Page-Vlink-ACH-Void/input_Application Id'

2024-05-27 19:34:13 - [TEST_STEP][PASSED] - setText(findTestObject("Object Repository/RecAndPlayBk/Page-Vlink-ACH-Void/input_Username"), username): Text 'Qq2BV1qtr' is set on object 'Object Repository/RecAndPlayBk/Page-Vlink-ACH-Void/input_Username'

2024-05-27 19:34:13 - [MESSAGE][PASSED] - Text 'Qq2BV1qtr' is set on object 'Object Repository/RecAndPlayBk/Page-Vlink-ACH-Void/input_Username'

2024-05-27 19:34:13 - [TEST_STEP][PASSED] - setText(findTestObject("Object Repository/RecAndPlayBk/Page-Vlink-ACH-Void/input_Password"), password): Text 'tUmWBiLUx' is set on object 'Object Repository/RecAndPlayBk/Page-Vlink-ACH-Void/input_Password'

2024-05-27 19:34:14 - [MESSAGE][PASSED] - Text 'tUmWBiLUx' is set on object 'Object Repository/RecAndPlayBk/Page-Vlink-ACH-Void/input_Password'

2024-05-27 19:34:14 - [TEST_STEP][PASSED] - setText(findTestObject("Object Repository/RecAndPlayBk/Page-Vlink-ACH-Void/input_Check Type"), checkType): Text 'P' is set on object 'Object Repository/RecAndPlayBk/Page-Vlink-ACH-Void/input_Check Type'

2024-05-27 19:34:15 - [MESSAGE][PASSED] - Text 'P' is set on object 'Object Repository/RecAndPlayBk/Page-Vlink-ACH-Void/input_Check Type'

2024-05-27 19:34:15 - [TEST_STEP][PASSED] - setText(findTestObject("Object Repository/RecAndPlayBk/Page-Vlink-ACH-Void/input_Standard Entry Class"), sec): Text 'WEB' is set on object 'Object Repository/RecAndPlayBk/Page-Vlink-ACH-Void/input_Standard Entry Class'

2024-05-27 19:34:16 - [MESSAGE][PASSED] - Text 'WEB' is set on object 'Object Repository/RecAndPlayBk/Page-Vlink-ACH-Void/input_Standard Entry Class'

2024-05-27 19:34:16 - [TEST_STEP][PASSED] - setText(findTestObject("Object Repository/RecAndPlayBk/Page-Vlink-ACH-Void/input_Transaction ID"), VLinkSaleTranxID): Text '2967871' is set on object 'Object Repository/RecAndPlayBk/Page-Vlink-ACH-Void/input_Transaction ID'

2024-05-27 19:34:16 - [MESSAGE][PASSED] - Text '2967871' is set on object 'Object Repository/RecAndPlayBk/Page-Vlink-ACH-Void/input_Transaction ID'

2024-05-27 19:34:16 - [TEST_STEP][PASSED] - setText(findTestObject("Object Repository/RecAndPlayBk/Page-Vlink-ACH-Void/input_Original Transaction Type"), "201"): Text '201' is set on object 'Object Repository/RecAndPlayBk/Page-Vlink-ACH-Void/input_Original Transaction Type'

2024-05-27 19:34:17 - [MESSAGE][PASSED] - Text '201' is set on object 'Object Repository/RecAndPlayBk/Page-Vlink-ACH-Void/input_Original Transaction Type'

2024-05-27 19:34:17 - [TEST_STEP][PASSED] - click(findTestObject("Object Repository/RecAndPlayBk/Page-Vlink-ACH-Void/input")): Object: 'Object Repository/RecAndPlayBk/Page-Vlink-ACH-Void/input' is clicked on

2024-05-27 19:34:18 - [MESSAGE][PASSED] - Object: 'Object Repository/RecAndPlayBk/Page-Vlink-ACH-Void/input' is clicked on

2024-05-27 19:34:18 - [TEST_STEP][PASSED] - if (verifyTextPresent("Transaction approved, no errors", true)): null

2024-05-27 19:34:18 - [MESSAGE][PASSED] - Text 'Transaction approved, no errors' is present on page  using regular expression

2024-05-27 19:34:18 - [TEST_STEP][PASSED] - println("Transaction Approved, no errors text is present on the Confirmation page"): null

2024-05-27 19:34:18 - [TEST_STEP][PASSED] - out.println("Pass Record Number: " + row): null

2024-05-27 19:34:18 - [TEST_STEP][PASSED] - resText = "Pass": null

2024-05-27 19:34:18 - [TEST_STEP][PASSED] - pages.WriteExcel.demoKey(resText, datText, resColumn, datCloumn, fileLoc, nameSheet, row): pages.WriteExcel.demoKey is PASSED

2024-05-27 19:34:18 - [MESSAGE][PASSED] - pages.WriteExcel.demoKey is PASSED

2024-05-27 19:34:18 - [TEST_STEP][PASSED] - ExecuteTC = findTestData(dataFile).getValue("Execute", row): null

2024-05-27 19:34:18 - [TEST_STEP][PASSED] - out.println("Value of Execute is : " + ExecuteTC): null

2024-05-27 19:34:18 - [TEST_STEP][PASSED] - switch (executionProfile): null

2024-05-27 19:34:18 - [TEST_STEP][PASSED] - case "DemoProfile":: null

2024-05-27 19:34:18 - [TEST_STEP][PASSED] - appID = findTestData(dataFile).getValue("AppIDDemo", row): null

2024-05-27 19:34:18 - [TEST_STEP][PASSED] - username = findTestData(dataFile).getValue("UsernameDemo", row): null

2024-05-27 19:34:18 - [TEST_STEP][PASSED] - password = findTestData(dataFile).getValue("PasswordDemo", row): null

2024-05-27 19:34:18 - [TEST_STEP][PASSED] - break: null

2024-05-27 19:34:18 - [TEST_STEP][PASSED] - if (ExecuteTC.equalsIgnoreCase("Y")): null

2024-05-27 19:34:18 - [TEST_STEP][PASSED] - out.println("Begin Record Number: " + row): null

2024-05-27 19:34:18 - [TEST_STEP][PASSED] - today = new java.util.Date(): null

2024-05-27 19:34:18 - [TEST_STEP][PASSED] - println(today): null

2024-05-27 19:34:18 - [TEST_STEP][PASSED] - datText = today: null

2024-05-27 19:34:18 - [TEST_STEP][PASSED] - checkType = findTestData(dataFile).getValue("CheckType", row): null

2024-05-27 19:34:18 - [TEST_STEP][PASSED] - acNumber = findTestData(dataFile).getValue("AcNumber", row): null

2024-05-27 19:34:18 - [TEST_STEP][PASSED] - company = findTestData(dataFile).getValue("Company", row): null

2024-05-27 19:34:19 - [TEST_STEP][PASSED] - acType = findTestData(dataFile).getValue("AcType", row): null

2024-05-27 19:34:19 - [TEST_STEP][PASSED] - rtn = findTestData(dataFile).getValue("RTN", row): null

2024-05-27 19:34:19 - [TEST_STEP][PASSED] - amount = findTestData(dataFile).getValue("Amount", row): null

2024-05-27 19:34:19 - [TEST_STEP][PASSED] - sec = findTestData(dataFile).getValue("SEC", row): null

2024-05-27 19:34:19 - [TEST_STEP][PASSED] - openBrowser(VLinkURL + "debit.html"): Browser is opened with url: 'https://dev-algorithm.govolution.com/vlinktest/demo/version_2_0/debit.html'

2024-05-27 19:34:19 - [MESSAGE][WARNING] - A browser is already opened. Closing browser and opening a new one

2024-05-27 19:34:20 - [MESSAGE][INFO] - Starting 'Chrome' driver

2024-05-27 19:34:20 - [MESSAGE][INFO] - User set preference: ['acceptInsecureCerts', 'true']

2024-05-27 19:34:20 - [MESSAGE][INFO] - Action delay is set to 0 milliseconds

2024-05-27 19:34:22 - [MESSAGE][PASSED] - Browser is opened with url: 'https://dev-algorithm.govolution.com/vlinktest/demo/version_2_0/debit.html'

2024-05-27 19:34:22 - [TEST_STEP][PASSED] - maximizeWindow(): Current window maximized

2024-05-27 19:34:22 - [MESSAGE][PASSED] - Current window maximized

2024-05-27 19:34:22 - [TEST_STEP][PASSED] - genRemID = RandomStringUtils.random(12, true, true): null

2024-05-27 19:34:22 - [TEST_STEP][PASSED] - setText(findTestObject("RecAndPlayBk/Page-Vlink-Debit/input_Remittance Id"), genRemID): Text '22zbbIv87vLp' is set on object 'Object Repository/RecAndPlayBk/Page-Vlink-Debit/input_Remittance Id'

2024-05-27 19:34:23 - [MESSAGE][PASSED] - Text '22zbbIv87vLp' is set on object 'Object Repository/RecAndPlayBk/Page-Vlink-Debit/input_Remittance Id'

2024-05-27 19:34:23 - [TEST_STEP][PASSED] - setText(findTestObject("RecAndPlayBk/Page-Vlink-Debit/input_Application Id"), appID): Text '1773' is set on object 'Object Repository/RecAndPlayBk/Page-Vlink-Debit/input_Application Id'

2024-05-27 19:34:24 - [MESSAGE][PASSED] - Text '1773' is set on object 'Object Repository/RecAndPlayBk/Page-Vlink-Debit/input_Application Id'

2024-05-27 19:34:24 - [TEST_STEP][PASSED] - setText(findTestObject("RecAndPlayBk/Page-Vlink-Debit/input_Username"), username): Text 'Qq2BV1qtr' is set on object 'Object Repository/RecAndPlayBk/Page-Vlink-Debit/input_Username'

2024-05-27 19:34:24 - [MESSAGE][PASSED] - Text 'Qq2BV1qtr' is set on object 'Object Repository/RecAndPlayBk/Page-Vlink-Debit/input_Username'

2024-05-27 19:34:24 - [TEST_STEP][PASSED] - setText(findTestObject("RecAndPlayBk/Page-Vlink-Debit/input_Password"), password): Text 'tUmWBiLUx' is set on object 'Object Repository/RecAndPlayBk/Page-Vlink-Debit/input_Password'

2024-05-27 19:34:25 - [MESSAGE][PASSED] - Text 'tUmWBiLUx' is set on object 'Object Repository/RecAndPlayBk/Page-Vlink-Debit/input_Password'

2024-05-27 19:34:25 - [TEST_STEP][PASSED] - setText(findTestObject("RecAndPlayBk/Page-Vlink-Debit/input_Check Type"), checkType): Text 'P' is set on object 'Object Repository/RecAndPlayBk/Page-Vlink-Debit/input_Check Type'

2024-05-27 19:34:26 - [MESSAGE][PASSED] - Text 'P' is set on object 'Object Repository/RecAndPlayBk/Page-Vlink-Debit/input_Check Type'

2024-05-27 19:34:26 - [TEST_STEP][PASSED] - setText(findTestObject("RecAndPlayBk/Page-Vlink-Debit/input_Account_check"), acNumber): Text '58963214' is set on object 'Object Repository/RecAndPlayBk/Page-Vlink-Debit/input_Account_check'

2024-05-27 19:34:26 - [MESSAGE][PASSED] - Text '58963214' is set on object 'Object Repository/RecAndPlayBk/Page-Vlink-Debit/input_Account_check'

2024-05-27 19:34:26 - [TEST_STEP][PASSED] - setText(findTestObject("RecAndPlayBk/Page-Vlink-Debit/input_Company_check"), company): Text '' is set on object 'Object Repository/RecAndPlayBk/Page-Vlink-Debit/input_Company_check'

2024-05-27 19:34:27 - [MESSAGE][PASSED] - Text '' is set on object 'Object Repository/RecAndPlayBk/Page-Vlink-Debit/input_Company_check'

2024-05-27 19:34:27 - [TEST_STEP][PASSED] - setText(findTestObject("RecAndPlayBk/Page-Vlink-Debit/input_Account Type"), acType): Text '1' is set on object 'Object Repository/RecAndPlayBk/Page-Vlink-Debit/input_Account Type'

2024-05-27 19:34:28 - [MESSAGE][PASSED] - Text '1' is set on object 'Object Repository/RecAndPlayBk/Page-Vlink-Debit/input_Account Type'

2024-05-27 19:34:28 - [TEST_STEP][PASSED] - setText(findTestObject("RecAndPlayBk/Page-Vlink-Debit/input_Routing Number"), rtn): Text '256072691' is set on object 'Object Repository/RecAndPlayBk/Page-Vlink-Debit/input_Routing Number'

2024-05-27 19:34:28 - [MESSAGE][PASSED] - Text '256072691' is set on object 'Object Repository/RecAndPlayBk/Page-Vlink-Debit/input_Routing Number'

2024-05-27 19:34:28 - [TEST_STEP][PASSED] - setText(findTestObject("RecAndPlayBk/Page-Vlink-Debit/input_Amount"), amount): Text '12.50' is set on object 'Object Repository/RecAndPlayBk/Page-Vlink-Debit/input_Amount'

2024-05-27 19:34:29 - [MESSAGE][PASSED] - Text '12.50' is set on object 'Object Repository/RecAndPlayBk/Page-Vlink-Debit/input_Amount'

2024-05-27 19:34:29 - [TEST_STEP][PASSED] - setText(findTestObject("RecAndPlayBk/Page-Vlink-Debit/input_Check Email"), ""): Text '' is set on object 'Object Repository/RecAndPlayBk/Page-Vlink-Debit/input_Check Email'

2024-05-27 19:34:30 - [MESSAGE][PASSED] - Text '' is set on object 'Object Repository/RecAndPlayBk/Page-Vlink-Debit/input_Check Email'

2024-05-27 19:34:30 - [TEST_STEP][PASSED] - setText(findTestObject("Object Repository/RecAndPlayBk/Page-Vlink-Debit/input_concat(CheckWriter, , s SSN)_check_ssn"), ""): Text '' is set on object 'Object Repository/RecAndPlayBk/Page-Vlink-Debit/input_concat(CheckWriter, , s SSN)_check_ssn'

2024-05-27 19:34:31 - [MESSAGE][PASSED] - Text '' is set on object 'Object Repository/RecAndPlayBk/Page-Vlink-Debit/input_concat(CheckWriter, , s SSN)_check_ssn'

2024-05-27 19:34:31 - [TEST_STEP][PASSED] - setText(findTestObject("Object Repository/RecAndPlayBk/Page-Vlink-Debit/input_concat(CheckWriter, , s License Numbe_020fef"), ""): Text '' is set on object 'Object Repository/RecAndPlayBk/Page-Vlink-Debit/input_concat(CheckWriter, , s License Numbe_020fef'

2024-05-27 19:34:32 - [MESSAGE][PASSED] - Text '' is set on object 'Object Repository/RecAndPlayBk/Page-Vlink-Debit/input_concat(CheckWriter, , s License Numbe_020fef'

2024-05-27 19:34:32 - [TEST_STEP][PASSED] - setText(findTestObject("Object Repository/RecAndPlayBk/Page-Vlink-Debit/input_concat(CheckWriter, , s License State_21e3e7"), ""): Text '' is set on object 'Object Repository/RecAndPlayBk/Page-Vlink-Debit/input_concat(CheckWriter, , s License State_21e3e7'

2024-05-27 19:34:32 - [MESSAGE][PASSED] - Text '' is set on object 'Object Repository/RecAndPlayBk/Page-Vlink-Debit/input_concat(CheckWriter, , s License State_21e3e7'

2024-05-27 19:34:32 - [TEST_STEP][PASSED] - setText(findTestObject("RecAndPlayBk/Page-Vlink-Debit/input_Standard Entry Class"), sec): Text 'TEL' is set on object 'Object Repository/RecAndPlayBk/Page-Vlink-Debit/input_Standard Entry Class'

2024-05-27 19:34:33 - [MESSAGE][PASSED] - Text 'TEL' is set on object 'Object Repository/RecAndPlayBk/Page-Vlink-Debit/input_Standard Entry Class'

2024-05-27 19:34:33 - [TEST_STEP][PASSED] - click(findTestObject("Object Repository/RecAndPlayBk/Page-Vlink-Debit/input")): Object: 'Object Repository/RecAndPlayBk/Page-Vlink-Debit/input' is clicked on

2024-05-27 19:34:34 - [MESSAGE][PASSED] - Object: 'Object Repository/RecAndPlayBk/Page-Vlink-Debit/input' is clicked on

2024-05-27 19:34:34 - [TEST_STEP][PASSED] - if (verifyTextPresent("Transaction approved, no errors", true)): null

2024-05-27 19:34:35 - [MESSAGE][PASSED] - Text 'Transaction approved, no errors' is present on page  using regular expression

2024-05-27 19:34:35 - [TEST_STEP][PASSED] - println("Transaction Approved, no errors text is present on the Confirmation page"): null

2024-05-27 19:34:35 - [TEST_STEP][PASSED] - sdfo = getText(findTestObject("Object Repository/Page_VLinkReceipt/pre_STX")): Text of object 'Object Repository/Page_VLinkReceipt/pre_STX' is: '<STX>22zbbIv87vLp                  2967873             0  Transaction approved, no errors                   0                                                                                                              <ETX>'

2024-05-27 19:34:35 - [MESSAGE][PASSED] - Text of object 'Object Repository/Page_VLinkReceipt/pre_STX' is: '<STX>22zbbIv87vLp                  2967873             0  Transaction approved, no errors                   0                                                                                                              <ETX>'

2024-05-27 19:34:35 - [TEST_STEP][PASSED] - out.println("sdfo: " + sdfo): null

2024-05-27 19:34:35 - [TEST_STEP][PASSED] - remID = substring(5, 35).trim(): null

2024-05-27 19:34:35 - [TEST_STEP][PASSED] - out.println("remID: " + remID): null

2024-05-27 19:34:35 - [TEST_STEP][PASSED] - traxID = substring(35, 55).trim(): null

2024-05-27 19:34:35 - [TEST_STEP][PASSED] - out.println("traxID: " + traxID): null

2024-05-27 19:34:35 - [TEST_STEP][PASSED] - VLinkSaleRemID = remID: null

2024-05-27 19:34:35 - [TEST_STEP][PASSED] - VLinkSaleTranxID = traxID: null

2024-05-27 19:34:35 - [TEST_STEP][PASSED] - openBrowser(VLinkURL + "ACH_credit.html"): Browser is opened with url: 'https://dev-algorithm.govolution.com/vlinktest/demo/version_2_0/ACH_credit.html'

2024-05-27 19:34:35 - [MESSAGE][WARNING] - A browser is already opened. Closing browser and opening a new one

2024-05-27 19:34:36 - [MESSAGE][INFO] - Starting 'Chrome' driver

2024-05-27 19:34:36 - [MESSAGE][INFO] - User set preference: ['acceptInsecureCerts', 'true']

2024-05-27 19:34:36 - [MESSAGE][INFO] - Action delay is set to 0 milliseconds

2024-05-27 19:34:38 - [MESSAGE][PASSED] - Browser is opened with url: 'https://dev-algorithm.govolution.com/vlinktest/demo/version_2_0/ACH_credit.html'

2024-05-27 19:34:38 - [TEST_STEP][PASSED] - maximizeWindow(): Current window maximized

2024-05-27 19:34:39 - [MESSAGE][PASSED] - Current window maximized

2024-05-27 19:34:39 - [TEST_STEP][PASSED] - setText(findTestObject("Object Repository/RecAndPlayBk/Page-Vlink-ACH-Credit/input_Remittance Id"), VLinkSaleRemID): Text '22zbbIv87vLp' is set on object 'Object Repository/RecAndPlayBk/Page-Vlink-ACH-Credit/input_Remittance Id'

2024-05-27 19:34:39 - [MESSAGE][PASSED] - Text '22zbbIv87vLp' is set on object 'Object Repository/RecAndPlayBk/Page-Vlink-ACH-Credit/input_Remittance Id'

2024-05-27 19:34:39 - [TEST_STEP][PASSED] - setText(findTestObject("Object Repository/RecAndPlayBk/Page-Vlink-ACH-Credit/input_Application Id"), appID): Text '1773' is set on object 'Object Repository/RecAndPlayBk/Page-Vlink-ACH-Credit/input_Application Id'

2024-05-27 19:34:40 - [MESSAGE][PASSED] - Text '1773' is set on object 'Object Repository/RecAndPlayBk/Page-Vlink-ACH-Credit/input_Application Id'

2024-05-27 19:34:40 - [TEST_STEP][PASSED] - setText(findTestObject("Object Repository/RecAndPlayBk/Page-Vlink-ACH-Credit/input_Username"), username): Text 'Qq2BV1qtr' is set on object 'Object Repository/RecAndPlayBk/Page-Vlink-ACH-Credit/input_Username'

2024-05-27 19:34:41 - [MESSAGE][PASSED] - Text 'Qq2BV1qtr' is set on object 'Object Repository/RecAndPlayBk/Page-Vlink-ACH-Credit/input_Username'

2024-05-27 19:34:41 - [TEST_STEP][PASSED] - setText(findTestObject("Object Repository/RecAndPlayBk/Page-Vlink-ACH-Credit/input_Password"), password): Text 'tUmWBiLUx' is set on object 'Object Repository/RecAndPlayBk/Page-Vlink-ACH-Credit/input_Password'

2024-05-27 19:34:41 - [MESSAGE][PASSED] - Text 'tUmWBiLUx' is set on object 'Object Repository/RecAndPlayBk/Page-Vlink-ACH-Credit/input_Password'

2024-05-27 19:34:41 - [TEST_STEP][PASSED] - setText(findTestObject("Object Repository/RecAndPlayBk/Page-Vlink-ACH-Credit/input_Check Type"), checkType): Text 'P' is set on object 'Object Repository/RecAndPlayBk/Page-Vlink-ACH-Credit/input_Check Type'

2024-05-27 19:34:42 - [MESSAGE][PASSED] - Text 'P' is set on object 'Object Repository/RecAndPlayBk/Page-Vlink-ACH-Credit/input_Check Type'

2024-05-27 19:34:42 - [TEST_STEP][PASSED] - setText(findTestObject("Object Repository/RecAndPlayBk/Page-Vlink-ACH-Credit/input_Transaction ID"), VLinkSaleTranxID): Text '2967873' is set on object 'Object Repository/RecAndPlayBk/Page-Vlink-ACH-Credit/input_Transaction ID'

2024-05-27 19:34:43 - [MESSAGE][PASSED] - Text '2967873' is set on object 'Object Repository/RecAndPlayBk/Page-Vlink-ACH-Credit/input_Transaction ID'

2024-05-27 19:34:43 - [TEST_STEP][PASSED] - setText(findTestObject("Object Repository/RecAndPlayBk/Page-Vlink-ACH-Credit/input_Amount"), amount): Text '12.50' is set on object 'Object Repository/RecAndPlayBk/Page-Vlink-ACH-Credit/input_Amount'

2024-05-27 19:34:43 - [MESSAGE][PASSED] - Text '12.50' is set on object 'Object Repository/RecAndPlayBk/Page-Vlink-ACH-Credit/input_Amount'

2024-05-27 19:34:43 - [TEST_STEP][PASSED] - setText(findTestObject("Object Repository/RecAndPlayBk/Page-Vlink-ACH-Credit/input_Standard Entry Class"), sec): Text 'TEL' is set on object 'Object Repository/RecAndPlayBk/Page-Vlink-ACH-Credit/input_Standard Entry Class'

2024-05-27 19:34:44 - [MESSAGE][PASSED] - Text 'TEL' is set on object 'Object Repository/RecAndPlayBk/Page-Vlink-ACH-Credit/input_Standard Entry Class'

2024-05-27 19:34:44 - [TEST_STEP][PASSED] - setText(findTestObject("Object Repository/RecAndPlayBk/Page-Vlink-ACH-Credit/input_Account Number"), acNumber): Text '58963214' is set on object 'Object Repository/RecAndPlayBk/Page-Vlink-ACH-Credit/input_Account Number'

2024-05-27 19:34:45 - [MESSAGE][PASSED] - Text '58963214' is set on object 'Object Repository/RecAndPlayBk/Page-Vlink-ACH-Credit/input_Account Number'

2024-05-27 19:34:45 - [TEST_STEP][PASSED] - setText(findTestObject("Object Repository/RecAndPlayBk/Page-Vlink-ACH-Credit/input_Routing Number"), rtn): Text '256072691' is set on object 'Object Repository/RecAndPlayBk/Page-Vlink-ACH-Credit/input_Routing Number'

2024-05-27 19:34:46 - [MESSAGE][PASSED] - Text '256072691' is set on object 'Object Repository/RecAndPlayBk/Page-Vlink-ACH-Credit/input_Routing Number'

2024-05-27 19:34:46 - [TEST_STEP][PASSED] - click(findTestObject("Object Repository/RecAndPlayBk/Page-Vlink-ACH-Credit/input")): Object: 'Object Repository/RecAndPlayBk/Page-Vlink-ACH-Credit/input' is clicked on

2024-05-27 19:34:46 - [MESSAGE][PASSED] - Object: 'Object Repository/RecAndPlayBk/Page-Vlink-ACH-Credit/input' is clicked on

2024-05-27 19:34:46 - [TEST_STEP][PASSED] - if (verifyTextPresent("Transaction approved, no errors", true)): null

2024-05-27 19:34:47 - [MESSAGE][PASSED] - Text 'Transaction approved, no errors' is present on page  using regular expression

2024-05-27 19:34:47 - [TEST_STEP][PASSED] - println("Transaction Approved, no errors text is present on the Confirmation page"): null

2024-05-27 19:34:47 - [TEST_STEP][PASSED] - sdfo = getText(findTestObject("Object Repository/Page_VLinkReceipt/pre_STX")): Text of object 'Object Repository/Page_VLinkReceipt/pre_STX' is: '<STX>22zbbIv87vLp                  2967874             0  Transaction approved, no errors                   0                                                                                                              <ETX>'

2024-05-27 19:34:47 - [MESSAGE][PASSED] - Text of object 'Object Repository/Page_VLinkReceipt/pre_STX' is: '<STX>22zbbIv87vLp                  2967874             0  Transaction approved, no errors                   0                                                                                                              <ETX>'

2024-05-27 19:34:47 - [TEST_STEP][PASSED] - out.println("sdfo: " + sdfo): null

2024-05-27 19:34:47 - [TEST_STEP][PASSED] - remID = substring(5, 35).trim(): null

2024-05-27 19:34:47 - [TEST_STEP][PASSED] - out.println("remID: " + remID): null

2024-05-27 19:34:47 - [TEST_STEP][PASSED] - traxID = substring(35, 55).trim(): null

2024-05-27 19:34:47 - [TEST_STEP][PASSED] - out.println("traxID: " + traxID): null

2024-05-27 19:34:47 - [TEST_STEP][PASSED] - VLinkSaleRemID = remID: null

2024-05-27 19:34:47 - [TEST_STEP][PASSED] - VLinkSaleTranxID = traxID: null

2024-05-27 19:34:47 - [TEST_STEP][PASSED] - openBrowser(VLinkURL + "ACH_void.html"): Browser is opened with url: 'https://dev-algorithm.govolution.com/vlinktest/demo/version_2_0/ACH_void.html'

2024-05-27 19:34:47 - [MESSAGE][WARNING] - A browser is already opened. Closing browser and opening a new one

2024-05-27 19:34:48 - [MESSAGE][INFO] - Starting 'Chrome' driver

2024-05-27 19:34:48 - [MESSAGE][INFO] - User set preference: ['acceptInsecureCerts', 'true']

2024-05-27 19:34:48 - [MESSAGE][INFO] - Action delay is set to 0 milliseconds

2024-05-27 19:34:50 - [MESSAGE][PASSED] - Browser is opened with url: 'https://dev-algorithm.govolution.com/vlinktest/demo/version_2_0/ACH_void.html'

2024-05-27 19:34:50 - [TEST_STEP][PASSED] - maximizeWindow(): Current window maximized

2024-05-27 19:34:50 - [MESSAGE][PASSED] - Current window maximized

2024-05-27 19:34:50 - [TEST_STEP][PASSED] - setText(findTestObject("Object Repository/RecAndPlayBk/Page-Vlink-ACH-Void/input_Remittance Id"), VLinkSaleRemID): Text '22zbbIv87vLp' is set on object 'Object Repository/RecAndPlayBk/Page-Vlink-ACH-Void/input_Remittance Id'

2024-05-27 19:34:51 - [MESSAGE][PASSED] - Text '22zbbIv87vLp' is set on object 'Object Repository/RecAndPlayBk/Page-Vlink-ACH-Void/input_Remittance Id'

2024-05-27 19:34:51 - [TEST_STEP][PASSED] - setText(findTestObject("Object Repository/RecAndPlayBk/Page-Vlink-ACH-Void/input_Application Id"), appID): Text '1773' is set on object 'Object Repository/RecAndPlayBk/Page-Vlink-ACH-Void/input_Application Id'

2024-05-27 19:34:52 - [MESSAGE][PASSED] - Text '1773' is set on object 'Object Repository/RecAndPlayBk/Page-Vlink-ACH-Void/input_Application Id'

2024-05-27 19:34:52 - [TEST_STEP][PASSED] - setText(findTestObject("Object Repository/RecAndPlayBk/Page-Vlink-ACH-Void/input_Username"), username): Text 'Qq2BV1qtr' is set on object 'Object Repository/RecAndPlayBk/Page-Vlink-ACH-Void/input_Username'

2024-05-27 19:34:52 - [MESSAGE][PASSED] - Text 'Qq2BV1qtr' is set on object 'Object Repository/RecAndPlayBk/Page-Vlink-ACH-Void/input_Username'

2024-05-27 19:34:52 - [TEST_STEP][PASSED] - setText(findTestObject("Object Repository/RecAndPlayBk/Page-Vlink-ACH-Void/input_Password"), password): Text 'tUmWBiLUx' is set on object 'Object Repository/RecAndPlayBk/Page-Vlink-ACH-Void/input_Password'

2024-05-27 19:34:53 - [MESSAGE][PASSED] - Text 'tUmWBiLUx' is set on object 'Object Repository/RecAndPlayBk/Page-Vlink-ACH-Void/input_Password'

2024-05-27 19:34:53 - [TEST_STEP][PASSED] - setText(findTestObject("Object Repository/RecAndPlayBk/Page-Vlink-ACH-Void/input_Check Type"), checkType): Text 'P' is set on object 'Object Repository/RecAndPlayBk/Page-Vlink-ACH-Void/input_Check Type'

2024-05-27 19:34:54 - [MESSAGE][PASSED] - Text 'P' is set on object 'Object Repository/RecAndPlayBk/Page-Vlink-ACH-Void/input_Check Type'

2024-05-27 19:34:54 - [TEST_STEP][PASSED] - setText(findTestObject("Object Repository/RecAndPlayBk/Page-Vlink-ACH-Void/input_Standard Entry Class"), sec): Text 'TEL' is set on object 'Object Repository/RecAndPlayBk/Page-Vlink-ACH-Void/input_Standard Entry Class'

2024-05-27 19:34:55 - [MESSAGE][PASSED] - Text 'TEL' is set on object 'Object Repository/RecAndPlayBk/Page-Vlink-ACH-Void/input_Standard Entry Class'

2024-05-27 19:34:55 - [TEST_STEP][PASSED] - setText(findTestObject("Object Repository/RecAndPlayBk/Page-Vlink-ACH-Void/input_Transaction ID"), VLinkSaleTranxID): Text '2967874' is set on object 'Object Repository/RecAndPlayBk/Page-Vlink-ACH-Void/input_Transaction ID'

2024-05-27 19:34:55 - [MESSAGE][PASSED] - Text '2967874' is set on object 'Object Repository/RecAndPlayBk/Page-Vlink-ACH-Void/input_Transaction ID'

2024-05-27 19:34:55 - [TEST_STEP][PASSED] - setText(findTestObject("Object Repository/RecAndPlayBk/Page-Vlink-ACH-Void/input_Original Transaction Type"), "201"): Text '201' is set on object 'Object Repository/RecAndPlayBk/Page-Vlink-ACH-Void/input_Original Transaction Type'

2024-05-27 19:34:56 - [MESSAGE][PASSED] - Text '201' is set on object 'Object Repository/RecAndPlayBk/Page-Vlink-ACH-Void/input_Original Transaction Type'

2024-05-27 19:34:56 - [TEST_STEP][PASSED] - click(findTestObject("Object Repository/RecAndPlayBk/Page-Vlink-ACH-Void/input")): Object: 'Object Repository/RecAndPlayBk/Page-Vlink-ACH-Void/input' is clicked on

2024-05-27 19:34:57 - [MESSAGE][PASSED] - Object: 'Object Repository/RecAndPlayBk/Page-Vlink-ACH-Void/input' is clicked on

2024-05-27 19:34:57 - [TEST_STEP][PASSED] - if (verifyTextPresent("Transaction approved, no errors", true)): null

2024-05-27 19:34:57 - [MESSAGE][PASSED] - Text 'Transaction approved, no errors' is present on page  using regular expression

2024-05-27 19:34:57 - [TEST_STEP][PASSED] - println("Transaction Approved, no errors text is present on the Confirmation page"): null

2024-05-27 19:34:57 - [TEST_STEP][PASSED] - out.println("Pass Record Number: " + row): null

2024-05-27 19:34:57 - [TEST_STEP][PASSED] - resText = "Pass": null

2024-05-27 19:34:57 - [TEST_STEP][PASSED] - pages.WriteExcel.demoKey(resText, datText, resColumn, datCloumn, fileLoc, nameSheet, row): pages.WriteExcel.demoKey is PASSED

2024-05-27 19:34:58 - [MESSAGE][PASSED] - pages.WriteExcel.demoKey is PASSED

2024-05-27 19:34:58 - [TEST_STEP][PASSED] - ExecuteTC = findTestData(dataFile).getValue("Execute", row): null

2024-05-27 19:34:58 - [TEST_STEP][PASSED] - out.println("Value of Execute is : " + ExecuteTC): null

2024-05-27 19:34:58 - [TEST_STEP][PASSED] - switch (executionProfile): null

2024-05-27 19:34:58 - [TEST_STEP][PASSED] - case "DemoProfile":: null

2024-05-27 19:34:58 - [TEST_STEP][PASSED] - appID = findTestData(dataFile).getValue("AppIDDemo", row): null

2024-05-27 19:34:58 - [TEST_STEP][PASSED] - username = findTestData(dataFile).getValue("UsernameDemo", row): null

2024-05-27 19:34:58 - [TEST_STEP][PASSED] - password = findTestData(dataFile).getValue("PasswordDemo", row): null

2024-05-27 19:34:58 - [TEST_STEP][PASSED] - break: null

2024-05-27 19:34:58 - [TEST_STEP][PASSED] - if (ExecuteTC.equalsIgnoreCase("Y")): null

2024-05-27 19:34:58 - [TEST_STEP][PASSED] - out.println("Begin Record Number: " + row): null

2024-05-27 19:34:58 - [TEST_STEP][PASSED] - today = new java.util.Date(): null

2024-05-27 19:34:58 - [TEST_STEP][PASSED] - println(today): null

2024-05-27 19:34:58 - [TEST_STEP][PASSED] - datText = today: null

2024-05-27 19:34:58 - [TEST_STEP][PASSED] - checkType = findTestData(dataFile).getValue("CheckType", row): null

2024-05-27 19:34:58 - [TEST_STEP][PASSED] - acNumber = findTestData(dataFile).getValue("AcNumber", row): null

2024-05-27 19:34:58 - [TEST_STEP][PASSED] - company = findTestData(dataFile).getValue("Company", row): null

2024-05-27 19:34:58 - [TEST_STEP][PASSED] - acType = findTestData(dataFile).getValue("AcType", row): null

2024-05-27 19:34:58 - [TEST_STEP][PASSED] - rtn = findTestData(dataFile).getValue("RTN", row): null

2024-05-27 19:34:58 - [TEST_STEP][PASSED] - amount = findTestData(dataFile).getValue("Amount", row): null

2024-05-27 19:34:58 - [TEST_STEP][PASSED] - sec = findTestData(dataFile).getValue("SEC", row): null

2024-05-27 19:34:58 - [TEST_STEP][PASSED] - openBrowser(VLinkURL + "debit.html"): Browser is opened with url: 'https://dev-algorithm.govolution.com/vlinktest/demo/version_2_0/debit.html'

2024-05-27 19:34:58 - [MESSAGE][WARNING] - A browser is already opened. Closing browser and opening a new one

2024-05-27 19:34:59 - [MESSAGE][INFO] - Starting 'Chrome' driver

2024-05-27 19:34:59 - [MESSAGE][INFO] - User set preference: ['acceptInsecureCerts', 'true']

2024-05-27 19:34:59 - [MESSAGE][INFO] - Action delay is set to 0 milliseconds

2024-05-27 19:35:01 - [MESSAGE][PASSED] - Browser is opened with url: 'https://dev-algorithm.govolution.com/vlinktest/demo/version_2_0/debit.html'

2024-05-27 19:35:01 - [TEST_STEP][PASSED] - maximizeWindow(): Current window maximized

2024-05-27 19:35:02 - [MESSAGE][PASSED] - Current window maximized

2024-05-27 19:35:02 - [TEST_STEP][PASSED] - genRemID = RandomStringUtils.random(12, true, true): null

2024-05-27 19:35:02 - [TEST_STEP][PASSED] - setText(findTestObject("RecAndPlayBk/Page-Vlink-Debit/input_Remittance Id"), genRemID): Text 'eTxUn0t8io3b' is set on object 'Object Repository/RecAndPlayBk/Page-Vlink-Debit/input_Remittance Id'

2024-05-27 19:35:02 - [MESSAGE][PASSED] - Text 'eTxUn0t8io3b' is set on object 'Object Repository/RecAndPlayBk/Page-Vlink-Debit/input_Remittance Id'

2024-05-27 19:35:02 - [TEST_STEP][PASSED] - setText(findTestObject("RecAndPlayBk/Page-Vlink-Debit/input_Application Id"), appID): Text '1773' is set on object 'Object Repository/RecAndPlayBk/Page-Vlink-Debit/input_Application Id'

2024-05-27 19:35:03 - [MESSAGE][PASSED] - Text '1773' is set on object 'Object Repository/RecAndPlayBk/Page-Vlink-Debit/input_Application Id'

2024-05-27 19:35:03 - [TEST_STEP][PASSED] - setText(findTestObject("RecAndPlayBk/Page-Vlink-Debit/input_Username"), username): Text 'Qq2BV1qtr' is set on object 'Object Repository/RecAndPlayBk/Page-Vlink-Debit/input_Username'

2024-05-27 19:35:04 - [MESSAGE][PASSED] - Text 'Qq2BV1qtr' is set on object 'Object Repository/RecAndPlayBk/Page-Vlink-Debit/input_Username'

2024-05-27 19:35:04 - [TEST_STEP][PASSED] - setText(findTestObject("RecAndPlayBk/Page-Vlink-Debit/input_Password"), password): Text 'tUmWBiLUx' is set on object 'Object Repository/RecAndPlayBk/Page-Vlink-Debit/input_Password'

2024-05-27 19:35:04 - [MESSAGE][PASSED] - Text 'tUmWBiLUx' is set on object 'Object Repository/RecAndPlayBk/Page-Vlink-Debit/input_Password'

2024-05-27 19:35:04 - [TEST_STEP][PASSED] - setText(findTestObject("RecAndPlayBk/Page-Vlink-Debit/input_Check Type"), checkType): Text 'P' is set on object 'Object Repository/RecAndPlayBk/Page-Vlink-Debit/input_Check Type'

2024-05-27 19:35:05 - [MESSAGE][PASSED] - Text 'P' is set on object 'Object Repository/RecAndPlayBk/Page-Vlink-Debit/input_Check Type'

2024-05-27 19:35:05 - [TEST_STEP][PASSED] - setText(findTestObject("RecAndPlayBk/Page-Vlink-Debit/input_Account_check"), acNumber): Text '58963214' is set on object 'Object Repository/RecAndPlayBk/Page-Vlink-Debit/input_Account_check'

2024-05-27 19:35:06 - [MESSAGE][PASSED] - Text '58963214' is set on object 'Object Repository/RecAndPlayBk/Page-Vlink-Debit/input_Account_check'

2024-05-27 19:35:06 - [TEST_STEP][PASSED] - setText(findTestObject("RecAndPlayBk/Page-Vlink-Debit/input_Company_check"), company): Text '' is set on object 'Object Repository/RecAndPlayBk/Page-Vlink-Debit/input_Company_check'

2024-05-27 19:35:06 - [MESSAGE][PASSED] - Text '' is set on object 'Object Repository/RecAndPlayBk/Page-Vlink-Debit/input_Company_check'

2024-05-27 19:35:06 - [TEST_STEP][PASSED] - setText(findTestObject("RecAndPlayBk/Page-Vlink-Debit/input_Account Type"), acType): Text '1' is set on object 'Object Repository/RecAndPlayBk/Page-Vlink-Debit/input_Account Type'

2024-05-27 19:35:07 - [MESSAGE][PASSED] - Text '1' is set on object 'Object Repository/RecAndPlayBk/Page-Vlink-Debit/input_Account Type'

2024-05-27 19:35:07 - [TEST_STEP][PASSED] - setText(findTestObject("RecAndPlayBk/Page-Vlink-Debit/input_Routing Number"), rtn): Text '256072691' is set on object 'Object Repository/RecAndPlayBk/Page-Vlink-Debit/input_Routing Number'

2024-05-27 19:35:08 - [MESSAGE][PASSED] - Text '256072691' is set on object 'Object Repository/RecAndPlayBk/Page-Vlink-Debit/input_Routing Number'

2024-05-27 19:35:08 - [TEST_STEP][PASSED] - setText(findTestObject("RecAndPlayBk/Page-Vlink-Debit/input_Amount"), amount): Text '12.50' is set on object 'Object Repository/RecAndPlayBk/Page-Vlink-Debit/input_Amount'

2024-05-27 19:35:09 - [MESSAGE][PASSED] - Text '12.50' is set on object 'Object Repository/RecAndPlayBk/Page-Vlink-Debit/input_Amount'

2024-05-27 19:35:09 - [TEST_STEP][PASSED] - setText(findTestObject("RecAndPlayBk/Page-Vlink-Debit/input_Check Email"), ""): Text '' is set on object 'Object Repository/RecAndPlayBk/Page-Vlink-Debit/input_Check Email'

2024-05-27 19:35:09 - [MESSAGE][PASSED] - Text '' is set on object 'Object Repository/RecAndPlayBk/Page-Vlink-Debit/input_Check Email'

2024-05-27 19:35:09 - [TEST_STEP][PASSED] - setText(findTestObject("Object Repository/RecAndPlayBk/Page-Vlink-Debit/input_concat(CheckWriter, , s SSN)_check_ssn"), ""): Text '' is set on object 'Object Repository/RecAndPlayBk/Page-Vlink-Debit/input_concat(CheckWriter, , s SSN)_check_ssn'

2024-05-27 19:35:10 - [MESSAGE][PASSED] - Text '' is set on object 'Object Repository/RecAndPlayBk/Page-Vlink-Debit/input_concat(CheckWriter, , s SSN)_check_ssn'

2024-05-27 19:35:10 - [TEST_STEP][PASSED] - setText(findTestObject("Object Repository/RecAndPlayBk/Page-Vlink-Debit/input_concat(CheckWriter, , s License Numbe_020fef"), ""): Text '' is set on object 'Object Repository/RecAndPlayBk/Page-Vlink-Debit/input_concat(CheckWriter, , s License Numbe_020fef'

2024-05-27 19:35:11 - [MESSAGE][PASSED] - Text '' is set on object 'Object Repository/RecAndPlayBk/Page-Vlink-Debit/input_concat(CheckWriter, , s License Numbe_020fef'

2024-05-27 19:35:11 - [TEST_STEP][PASSED] - setText(findTestObject("Object Repository/RecAndPlayBk/Page-Vlink-Debit/input_concat(CheckWriter, , s License State_21e3e7"), ""): Text '' is set on object 'Object Repository/RecAndPlayBk/Page-Vlink-Debit/input_concat(CheckWriter, , s License State_21e3e7'

2024-05-27 19:35:11 - [MESSAGE][PASSED] - Text '' is set on object 'Object Repository/RecAndPlayBk/Page-Vlink-Debit/input_concat(CheckWriter, , s License State_21e3e7'

2024-05-27 19:35:11 - [TEST_STEP][PASSED] - setText(findTestObject("RecAndPlayBk/Page-Vlink-Debit/input_Standard Entry Class"), sec): Text 'PPD' is set on object 'Object Repository/RecAndPlayBk/Page-Vlink-Debit/input_Standard Entry Class'

2024-05-27 19:35:12 - [MESSAGE][PASSED] - Text 'PPD' is set on object 'Object Repository/RecAndPlayBk/Page-Vlink-Debit/input_Standard Entry Class'

2024-05-27 19:35:12 - [TEST_STEP][PASSED] - click(findTestObject("Object Repository/RecAndPlayBk/Page-Vlink-Debit/input")): Object: 'Object Repository/RecAndPlayBk/Page-Vlink-Debit/input' is clicked on

2024-05-27 19:35:13 - [MESSAGE][PASSED] - Object: 'Object Repository/RecAndPlayBk/Page-Vlink-Debit/input' is clicked on

2024-05-27 19:35:13 - [TEST_STEP][PASSED] - if (verifyTextPresent("Transaction approved, no errors", true)): null

2024-05-27 19:35:14 - [MESSAGE][PASSED] - Text 'Transaction approved, no errors' is present on page  using regular expression

2024-05-27 19:35:14 - [TEST_STEP][PASSED] - println("Transaction Approved, no errors text is present on the Confirmation page"): null

2024-05-27 19:35:14 - [TEST_STEP][PASSED] - sdfo = getText(findTestObject("Object Repository/Page_VLinkReceipt/pre_STX")): Text of object 'Object Repository/Page_VLinkReceipt/pre_STX' is: '<STX>eTxUn0t8io3b                  2967876             0  Transaction approved, no errors                   0                                                                                                              <ETX>'

2024-05-27 19:35:14 - [MESSAGE][PASSED] - Text of object 'Object Repository/Page_VLinkReceipt/pre_STX' is: '<STX>eTxUn0t8io3b                  2967876             0  Transaction approved, no errors                   0                                                                                                              <ETX>'

2024-05-27 19:35:14 - [TEST_STEP][PASSED] - out.println("sdfo: " + sdfo): null

2024-05-27 19:35:14 - [TEST_STEP][PASSED] - remID = substring(5, 35).trim(): null

2024-05-27 19:35:14 - [TEST_STEP][PASSED] - out.println("remID: " + remID): null

2024-05-27 19:35:14 - [TEST_STEP][PASSED] - traxID = substring(35, 55).trim(): null

2024-05-27 19:35:14 - [TEST_STEP][PASSED] - out.println("traxID: " + traxID): null

2024-05-27 19:35:14 - [TEST_STEP][PASSED] - VLinkSaleRemID = remID: null

2024-05-27 19:35:14 - [TEST_STEP][PASSED] - VLinkSaleTranxID = traxID: null

2024-05-27 19:35:14 - [TEST_STEP][PASSED] - openBrowser(VLinkURL + "ACH_credit.html"): Browser is opened with url: 'https://dev-algorithm.govolution.com/vlinktest/demo/version_2_0/ACH_credit.html'

2024-05-27 19:35:14 - [MESSAGE][WARNING] - A browser is already opened. Closing browser and opening a new one

2024-05-27 19:35:15 - [MESSAGE][INFO] - Starting 'Chrome' driver

2024-05-27 19:35:15 - [MESSAGE][INFO] - User set preference: ['acceptInsecureCerts', 'true']

2024-05-27 19:35:15 - [MESSAGE][INFO] - Action delay is set to 0 milliseconds

2024-05-27 19:35:17 - [MESSAGE][PASSED] - Browser is opened with url: 'https://dev-algorithm.govolution.com/vlinktest/demo/version_2_0/ACH_credit.html'

2024-05-27 19:35:17 - [TEST_STEP][PASSED] - maximizeWindow(): Current window maximized

2024-05-27 19:35:17 - [MESSAGE][PASSED] - Current window maximized

2024-05-27 19:35:17 - [TEST_STEP][PASSED] - setText(findTestObject("Object Repository/RecAndPlayBk/Page-Vlink-ACH-Credit/input_Remittance Id"), VLinkSaleRemID): Text 'eTxUn0t8io3b' is set on object 'Object Repository/RecAndPlayBk/Page-Vlink-ACH-Credit/input_Remittance Id'

2024-05-27 19:35:18 - [MESSAGE][PASSED] - Text 'eTxUn0t8io3b' is set on object 'Object Repository/RecAndPlayBk/Page-Vlink-ACH-Credit/input_Remittance Id'

2024-05-27 19:35:18 - [TEST_STEP][PASSED] - setText(findTestObject("Object Repository/RecAndPlayBk/Page-Vlink-ACH-Credit/input_Application Id"), appID): Text '1773' is set on object 'Object Repository/RecAndPlayBk/Page-Vlink-ACH-Credit/input_Application Id'

2024-05-27 19:35:19 - [MESSAGE][PASSED] - Text '1773' is set on object 'Object Repository/RecAndPlayBk/Page-Vlink-ACH-Credit/input_Application Id'

2024-05-27 19:35:19 - [TEST_STEP][PASSED] - setText(findTestObject("Object Repository/RecAndPlayBk/Page-Vlink-ACH-Credit/input_Username"), username): Text 'Qq2BV1qtr' is set on object 'Object Repository/RecAndPlayBk/Page-Vlink-ACH-Credit/input_Username'

2024-05-27 19:35:19 - [MESSAGE][PASSED] - Text 'Qq2BV1qtr' is set on object 'Object Repository/RecAndPlayBk/Page-Vlink-ACH-Credit/input_Username'

2024-05-27 19:35:19 - [TEST_STEP][PASSED] - setText(findTestObject("Object Repository/RecAndPlayBk/Page-Vlink-ACH-Credit/input_Password"), password): Text 'tUmWBiLUx' is set on object 'Object Repository/RecAndPlayBk/Page-Vlink-ACH-Credit/input_Password'

2024-05-27 19:35:20 - [MESSAGE][PASSED] - Text 'tUmWBiLUx' is set on object 'Object Repository/RecAndPlayBk/Page-Vlink-ACH-Credit/input_Password'

2024-05-27 19:35:20 - [TEST_STEP][PASSED] - setText(findTestObject("Object Repository/RecAndPlayBk/Page-Vlink-ACH-Credit/input_Check Type"), checkType): Text 'P' is set on object 'Object Repository/RecAndPlayBk/Page-Vlink-ACH-Credit/input_Check Type'

2024-05-27 19:35:21 - [MESSAGE][PASSED] - Text 'P' is set on object 'Object Repository/RecAndPlayBk/Page-Vlink-ACH-Credit/input_Check Type'

2024-05-27 19:35:21 - [TEST_STEP][PASSED] - setText(findTestObject("Object Repository/RecAndPlayBk/Page-Vlink-ACH-Credit/input_Transaction ID"), VLinkSaleTranxID): Text '2967876' is set on object 'Object Repository/RecAndPlayBk/Page-Vlink-ACH-Credit/input_Transaction ID'

2024-05-27 19:35:21 - [MESSAGE][PASSED] - Text '2967876' is set on object 'Object Repository/RecAndPlayBk/Page-Vlink-ACH-Credit/input_Transaction ID'

2024-05-27 19:35:21 - [TEST_STEP][PASSED] - setText(findTestObject("Object Repository/RecAndPlayBk/Page-Vlink-ACH-Credit/input_Amount"), amount): Text '12.50' is set on object 'Object Repository/RecAndPlayBk/Page-Vlink-ACH-Credit/input_Amount'

2024-05-27 19:35:22 - [MESSAGE][PASSED] - Text '12.50' is set on object 'Object Repository/RecAndPlayBk/Page-Vlink-ACH-Credit/input_Amount'

2024-05-27 19:35:22 - [TEST_STEP][PASSED] - setText(findTestObject("Object Repository/RecAndPlayBk/Page-Vlink-ACH-Credit/input_Standard Entry Class"), sec): Text 'PPD' is set on object 'Object Repository/RecAndPlayBk/Page-Vlink-ACH-Credit/input_Standard Entry Class'

2024-05-27 19:35:23 - [MESSAGE][PASSED] - Text 'PPD' is set on object 'Object Repository/RecAndPlayBk/Page-Vlink-ACH-Credit/input_Standard Entry Class'

2024-05-27 19:35:23 - [TEST_STEP][PASSED] - setText(findTestObject("Object Repository/RecAndPlayBk/Page-Vlink-ACH-Credit/input_Account Number"), acNumber): Text '58963214' is set on object 'Object Repository/RecAndPlayBk/Page-Vlink-ACH-Credit/input_Account Number'

2024-05-27 19:35:24 - [MESSAGE][PASSED] - Text '58963214' is set on object 'Object Repository/RecAndPlayBk/Page-Vlink-ACH-Credit/input_Account Number'

2024-05-27 19:35:24 - [TEST_STEP][PASSED] - setText(findTestObject("Object Repository/RecAndPlayBk/Page-Vlink-ACH-Credit/input_Routing Number"), rtn): Text '256072691' is set on object 'Object Repository/RecAndPlayBk/Page-Vlink-ACH-Credit/input_Routing Number'

2024-05-27 19:35:24 - [MESSAGE][PASSED] - Text '256072691' is set on object 'Object Repository/RecAndPlayBk/Page-Vlink-ACH-Credit/input_Routing Number'

2024-05-27 19:35:24 - [TEST_STEP][PASSED] - click(findTestObject("Object Repository/RecAndPlayBk/Page-Vlink-ACH-Credit/input")): Object: 'Object Repository/RecAndPlayBk/Page-Vlink-ACH-Credit/input' is clicked on

2024-05-27 19:35:25 - [MESSAGE][PASSED] - Object: 'Object Repository/RecAndPlayBk/Page-Vlink-ACH-Credit/input' is clicked on

2024-05-27 19:35:25 - [TEST_STEP][PASSED] - if (verifyTextPresent("Transaction approved, no errors", true)): null

2024-05-27 19:35:25 - [MESSAGE][PASSED] - Text 'Transaction approved, no errors' is present on page  using regular expression

2024-05-27 19:35:25 - [TEST_STEP][PASSED] - println("Transaction Approved, no errors text is present on the Confirmation page"): null

2024-05-27 19:35:25 - [TEST_STEP][PASSED] - sdfo = getText(findTestObject("Object Repository/Page_VLinkReceipt/pre_STX")): Text of object 'Object Repository/Page_VLinkReceipt/pre_STX' is: '<STX>eTxUn0t8io3b                  2967877             0  Transaction approved, no errors                   0                                                                                                              <ETX>'

2024-05-27 19:35:26 - [MESSAGE][PASSED] - Text of object 'Object Repository/Page_VLinkReceipt/pre_STX' is: '<STX>eTxUn0t8io3b                  2967877             0  Transaction approved, no errors                   0                                                                                                              <ETX>'

2024-05-27 19:35:26 - [TEST_STEP][PASSED] - out.println("sdfo: " + sdfo): null

2024-05-27 19:35:26 - [TEST_STEP][PASSED] - remID = substring(5, 35).trim(): null

2024-05-27 19:35:26 - [TEST_STEP][PASSED] - out.println("remID: " + remID): null

2024-05-27 19:35:26 - [TEST_STEP][PASSED] - traxID = substring(35, 55).trim(): null

2024-05-27 19:35:26 - [TEST_STEP][PASSED] - out.println("traxID: " + traxID): null

2024-05-27 19:35:26 - [TEST_STEP][PASSED] - VLinkSaleRemID = remID: null

2024-05-27 19:35:26 - [TEST_STEP][PASSED] - VLinkSaleTranxID = traxID: null

2024-05-27 19:35:26 - [TEST_STEP][PASSED] - openBrowser(VLinkURL + "ACH_void.html"): Browser is opened with url: 'https://dev-algorithm.govolution.com/vlinktest/demo/version_2_0/ACH_void.html'

2024-05-27 19:35:26 - [MESSAGE][WARNING] - A browser is already opened. Closing browser and opening a new one

2024-05-27 19:35:27 - [MESSAGE][INFO] - Starting 'Chrome' driver

2024-05-27 19:35:27 - [MESSAGE][INFO] - User set preference: ['acceptInsecureCerts', 'true']

2024-05-27 19:35:27 - [MESSAGE][INFO] - Action delay is set to 0 milliseconds

2024-05-27 19:35:29 - [MESSAGE][PASSED] - Browser is opened with url: 'https://dev-algorithm.govolution.com/vlinktest/demo/version_2_0/ACH_void.html'

2024-05-27 19:35:29 - [TEST_STEP][PASSED] - maximizeWindow(): Current window maximized

2024-05-27 19:35:29 - [MESSAGE][PASSED] - Current window maximized

2024-05-27 19:35:29 - [TEST_STEP][PASSED] - setText(findTestObject("Object Repository/RecAndPlayBk/Page-Vlink-ACH-Void/input_Remittance Id"), VLinkSaleRemID): Text 'eTxUn0t8io3b' is set on object 'Object Repository/RecAndPlayBk/Page-Vlink-ACH-Void/input_Remittance Id'

2024-05-27 19:35:30 - [MESSAGE][PASSED] - Text 'eTxUn0t8io3b' is set on object 'Object Repository/RecAndPlayBk/Page-Vlink-ACH-Void/input_Remittance Id'

2024-05-27 19:35:30 - [TEST_STEP][PASSED] - setText(findTestObject("Object Repository/RecAndPlayBk/Page-Vlink-ACH-Void/input_Application Id"), appID): Text '1773' is set on object 'Object Repository/RecAndPlayBk/Page-Vlink-ACH-Void/input_Application Id'

2024-05-27 19:35:31 - [MESSAGE][PASSED] - Text '1773' is set on object 'Object Repository/RecAndPlayBk/Page-Vlink-ACH-Void/input_Application Id'

2024-05-27 19:35:31 - [TEST_STEP][PASSED] - setText(findTestObject("Object Repository/RecAndPlayBk/Page-Vlink-ACH-Void/input_Username"), username): Text 'Qq2BV1qtr' is set on object 'Object Repository/RecAndPlayBk/Page-Vlink-ACH-Void/input_Username'

2024-05-27 19:35:31 - [MESSAGE][PASSED] - Text 'Qq2BV1qtr' is set on object 'Object Repository/RecAndPlayBk/Page-Vlink-ACH-Void/input_Username'

2024-05-27 19:35:31 - [TEST_STEP][PASSED] - setText(findTestObject("Object Repository/RecAndPlayBk/Page-Vlink-ACH-Void/input_Password"), password): Text 'tUmWBiLUx' is set on object 'Object Repository/RecAndPlayBk/Page-Vlink-ACH-Void/input_Password'

2024-05-27 19:35:32 - [MESSAGE][PASSED] - Text 'tUmWBiLUx' is set on object 'Object Repository/RecAndPlayBk/Page-Vlink-ACH-Void/input_Password'

2024-05-27 19:35:32 - [TEST_STEP][PASSED] - setText(findTestObject("Object Repository/RecAndPlayBk/Page-Vlink-ACH-Void/input_Check Type"), checkType): Text 'P' is set on object 'Object Repository/RecAndPlayBk/Page-Vlink-ACH-Void/input_Check Type'

2024-05-27 19:35:33 - [MESSAGE][PASSED] - Text 'P' is set on object 'Object Repository/RecAndPlayBk/Page-Vlink-ACH-Void/input_Check Type'

2024-05-27 19:35:33 - [TEST_STEP][PASSED] - setText(findTestObject("Object Repository/RecAndPlayBk/Page-Vlink-ACH-Void/input_Standard Entry Class"), sec): Text 'PPD' is set on object 'Object Repository/RecAndPlayBk/Page-Vlink-ACH-Void/input_Standard Entry Class'

2024-05-27 19:35:34 - [MESSAGE][PASSED] - Text 'PPD' is set on object 'Object Repository/RecAndPlayBk/Page-Vlink-ACH-Void/input_Standard Entry Class'

2024-05-27 19:35:34 - [TEST_STEP][PASSED] - setText(findTestObject("Object Repository/RecAndPlayBk/Page-Vlink-ACH-Void/input_Transaction ID"), VLinkSaleTranxID): Text '2967877' is set on object 'Object Repository/RecAndPlayBk/Page-Vlink-ACH-Void/input_Transaction ID'

2024-05-27 19:35:34 - [MESSAGE][PASSED] - Text '2967877' is set on object 'Object Repository/RecAndPlayBk/Page-Vlink-ACH-Void/input_Transaction ID'

2024-05-27 19:35:34 - [TEST_STEP][PASSED] - setText(findTestObject("Object Repository/RecAndPlayBk/Page-Vlink-ACH-Void/input_Original Transaction Type"), "201"): Text '201' is set on object 'Object Repository/RecAndPlayBk/Page-Vlink-ACH-Void/input_Original Transaction Type'

2024-05-27 19:35:35 - [MESSAGE][PASSED] - Text '201' is set on object 'Object Repository/RecAndPlayBk/Page-Vlink-ACH-Void/input_Original Transaction Type'

2024-05-27 19:35:35 - [TEST_STEP][PASSED] - click(findTestObject("Object Repository/RecAndPlayBk/Page-Vlink-ACH-Void/input")): Object: 'Object Repository/RecAndPlayBk/Page-Vlink-ACH-Void/input' is clicked on

2024-05-27 19:35:36 - [MESSAGE][PASSED] - Object: 'Object Repository/RecAndPlayBk/Page-Vlink-ACH-Void/input' is clicked on

2024-05-27 19:35:36 - [TEST_STEP][PASSED] - if (verifyTextPresent("Transaction approved, no errors", true)): null

2024-05-27 19:35:36 - [MESSAGE][PASSED] - Text 'Transaction approved, no errors' is present on page  using regular expression

2024-05-27 19:35:36 - [TEST_STEP][PASSED] - println("Transaction Approved, no errors text is present on the Confirmation page"): null

2024-05-27 19:35:36 - [TEST_STEP][PASSED] - out.println("Pass Record Number: " + row): null

2024-05-27 19:35:36 - [TEST_STEP][PASSED] - resText = "Pass": null

2024-05-27 19:35:36 - [TEST_STEP][PASSED] - pages.WriteExcel.demoKey(resText, datText, resColumn, datCloumn, fileLoc, nameSheet, row): pages.WriteExcel.demoKey is PASSED

2024-05-27 19:35:36 - [MESSAGE][PASSED] - pages.WriteExcel.demoKey is PASSED

2024-05-27 19:35:36 - [TEST_STEP][PASSED] - ExecuteTC = findTestData(dataFile).getValue("Execute", row): null

2024-05-27 19:35:36 - [TEST_STEP][PASSED] - out.println("Value of Execute is : " + ExecuteTC): null

2024-05-27 19:35:36 - [TEST_STEP][PASSED] - switch (executionProfile): null

2024-05-27 19:35:36 - [TEST_STEP][PASSED] - case "DemoProfile":: null

2024-05-27 19:35:36 - [TEST_STEP][PASSED] - appID = findTestData(dataFile).getValue("AppIDDemo", row): null

2024-05-27 19:35:37 - [TEST_STEP][PASSED] - username = findTestData(dataFile).getValue("UsernameDemo", row): null

2024-05-27 19:35:37 - [TEST_STEP][PASSED] - password = findTestData(dataFile).getValue("PasswordDemo", row): null

2024-05-27 19:35:37 - [TEST_STEP][PASSED] - break: null

2024-05-27 19:35:37 - [TEST_STEP][PASSED] - if (ExecuteTC.equalsIgnoreCase("Y")): null

2024-05-27 19:35:37 - [TEST_STEP][PASSED] - out.println("Begin Record Number: " + row): null

2024-05-27 19:35:37 - [TEST_STEP][PASSED] - today = new java.util.Date(): null

2024-05-27 19:35:37 - [TEST_STEP][PASSED] - println(today): null

2024-05-27 19:35:37 - [TEST_STEP][PASSED] - datText = today: null

2024-05-27 19:35:37 - [TEST_STEP][PASSED] - checkType = findTestData(dataFile).getValue("CheckType", row): null

2024-05-27 19:35:37 - [TEST_STEP][PASSED] - acNumber = findTestData(dataFile).getValue("AcNumber", row): null

2024-05-27 19:35:37 - [TEST_STEP][PASSED] - company = findTestData(dataFile).getValue("Company", row): null

2024-05-27 19:35:37 - [TEST_STEP][PASSED] - acType = findTestData(dataFile).getValue("AcType", row): null

2024-05-27 19:35:37 - [TEST_STEP][PASSED] - rtn = findTestData(dataFile).getValue("RTN", row): null

2024-05-27 19:35:37 - [TEST_STEP][PASSED] - amount = findTestData(dataFile).getValue("Amount", row): null

2024-05-27 19:35:37 - [TEST_STEP][PASSED] - sec = findTestData(dataFile).getValue("SEC", row): null

2024-05-27 19:35:37 - [TEST_STEP][PASSED] - openBrowser(VLinkURL + "debit.html"): Browser is opened with url: 'https://dev-algorithm.govolution.com/vlinktest/demo/version_2_0/debit.html'

2024-05-27 19:35:37 - [MESSAGE][WARNING] - A browser is already opened. Closing browser and opening a new one

2024-05-27 19:35:38 - [MESSAGE][INFO] - Starting 'Chrome' driver

2024-05-27 19:35:38 - [MESSAGE][INFO] - User set preference: ['acceptInsecureCerts', 'true']

2024-05-27 19:35:38 - [MESSAGE][INFO] - Action delay is set to 0 milliseconds

2024-05-27 19:35:40 - [MESSAGE][PASSED] - Browser is opened with url: 'https://dev-algorithm.govolution.com/vlinktest/demo/version_2_0/debit.html'

2024-05-27 19:35:40 - [TEST_STEP][PASSED] - maximizeWindow(): Current window maximized

2024-05-27 19:35:40 - [MESSAGE][PASSED] - Current window maximized

2024-05-27 19:35:40 - [TEST_STEP][PASSED] - genRemID = RandomStringUtils.random(12, true, true): null

2024-05-27 19:35:40 - [TEST_STEP][PASSED] - setText(findTestObject("RecAndPlayBk/Page-Vlink-Debit/input_Remittance Id"), genRemID): Text 'aWps51C7my0A' is set on object 'Object Repository/RecAndPlayBk/Page-Vlink-Debit/input_Remittance Id'

2024-05-27 19:35:41 - [MESSAGE][PASSED] - Text 'aWps51C7my0A' is set on object 'Object Repository/RecAndPlayBk/Page-Vlink-Debit/input_Remittance Id'

2024-05-27 19:35:41 - [TEST_STEP][PASSED] - setText(findTestObject("RecAndPlayBk/Page-Vlink-Debit/input_Application Id"), appID): Text '1773' is set on object 'Object Repository/RecAndPlayBk/Page-Vlink-Debit/input_Application Id'

2024-05-27 19:35:42 - [MESSAGE][PASSED] - Text '1773' is set on object 'Object Repository/RecAndPlayBk/Page-Vlink-Debit/input_Application Id'

2024-05-27 19:35:42 - [TEST_STEP][PASSED] - setText(findTestObject("RecAndPlayBk/Page-Vlink-Debit/input_Username"), username): Text 'Qq2BV1qtr' is set on object 'Object Repository/RecAndPlayBk/Page-Vlink-Debit/input_Username'

2024-05-27 19:35:42 - [MESSAGE][PASSED] - Text 'Qq2BV1qtr' is set on object 'Object Repository/RecAndPlayBk/Page-Vlink-Debit/input_Username'

2024-05-27 19:35:42 - [TEST_STEP][PASSED] - setText(findTestObject("RecAndPlayBk/Page-Vlink-Debit/input_Password"), password): Text 'tUmWBiLUx' is set on object 'Object Repository/RecAndPlayBk/Page-Vlink-Debit/input_Password'

2024-05-27 19:35:43 - [MESSAGE][PASSED] - Text 'tUmWBiLUx' is set on object 'Object Repository/RecAndPlayBk/Page-Vlink-Debit/input_Password'

2024-05-27 19:35:43 - [TEST_STEP][PASSED] - setText(findTestObject("RecAndPlayBk/Page-Vlink-Debit/input_Check Type"), checkType): Text 'P' is set on object 'Object Repository/RecAndPlayBk/Page-Vlink-Debit/input_Check Type'

2024-05-27 19:35:44 - [MESSAGE][PASSED] - Text 'P' is set on object 'Object Repository/RecAndPlayBk/Page-Vlink-Debit/input_Check Type'

2024-05-27 19:35:44 - [TEST_STEP][PASSED] - setText(findTestObject("RecAndPlayBk/Page-Vlink-Debit/input_Account_check"), acNumber): Text '58963214' is set on object 'Object Repository/RecAndPlayBk/Page-Vlink-Debit/input_Account_check'

2024-05-27 19:35:45 - [MESSAGE][PASSED] - Text '58963214' is set on object 'Object Repository/RecAndPlayBk/Page-Vlink-Debit/input_Account_check'

2024-05-27 19:35:45 - [TEST_STEP][PASSED] - setText(findTestObject("RecAndPlayBk/Page-Vlink-Debit/input_Company_check"), company): Text '' is set on object 'Object Repository/RecAndPlayBk/Page-Vlink-Debit/input_Company_check'

2024-05-27 19:35:45 - [MESSAGE][PASSED] - Text '' is set on object 'Object Repository/RecAndPlayBk/Page-Vlink-Debit/input_Company_check'

2024-05-27 19:35:45 - [TEST_STEP][PASSED] - setText(findTestObject("RecAndPlayBk/Page-Vlink-Debit/input_Account Type"), acType): Text '2' is set on object 'Object Repository/RecAndPlayBk/Page-Vlink-Debit/input_Account Type'

2024-05-27 19:35:46 - [MESSAGE][PASSED] - Text '2' is set on object 'Object Repository/RecAndPlayBk/Page-Vlink-Debit/input_Account Type'

2024-05-27 19:35:46 - [TEST_STEP][PASSED] - setText(findTestObject("RecAndPlayBk/Page-Vlink-Debit/input_Routing Number"), rtn): Text '256072691' is set on object 'Object Repository/RecAndPlayBk/Page-Vlink-Debit/input_Routing Number'

2024-05-27 19:35:47 - [MESSAGE][PASSED] - Text '256072691' is set on object 'Object Repository/RecAndPlayBk/Page-Vlink-Debit/input_Routing Number'

2024-05-27 19:35:47 - [TEST_STEP][PASSED] - setText(findTestObject("RecAndPlayBk/Page-Vlink-Debit/input_Amount"), amount): Text '12.50' is set on object 'Object Repository/RecAndPlayBk/Page-Vlink-Debit/input_Amount'

2024-05-27 19:35:47 - [MESSAGE][PASSED] - Text '12.50' is set on object 'Object Repository/RecAndPlayBk/Page-Vlink-Debit/input_Amount'

2024-05-27 19:35:47 - [TEST_STEP][PASSED] - setText(findTestObject("RecAndPlayBk/Page-Vlink-Debit/input_Check Email"), ""): Text '' is set on object 'Object Repository/RecAndPlayBk/Page-Vlink-Debit/input_Check Email'

2024-05-27 19:35:48 - [MESSAGE][PASSED] - Text '' is set on object 'Object Repository/RecAndPlayBk/Page-Vlink-Debit/input_Check Email'

2024-05-27 19:35:48 - [TEST_STEP][PASSED] - setText(findTestObject("Object Repository/RecAndPlayBk/Page-Vlink-Debit/input_concat(CheckWriter, , s SSN)_check_ssn"), ""): Text '' is set on object 'Object Repository/RecAndPlayBk/Page-Vlink-Debit/input_concat(CheckWriter, , s SSN)_check_ssn'

2024-05-27 19:35:49 - [MESSAGE][PASSED] - Text '' is set on object 'Object Repository/RecAndPlayBk/Page-Vlink-Debit/input_concat(CheckWriter, , s SSN)_check_ssn'

2024-05-27 19:35:49 - [TEST_STEP][PASSED] - setText(findTestObject("Object Repository/RecAndPlayBk/Page-Vlink-Debit/input_concat(CheckWriter, , s License Numbe_020fef"), ""): Text '' is set on object 'Object Repository/RecAndPlayBk/Page-Vlink-Debit/input_concat(CheckWriter, , s License Numbe_020fef'

2024-05-27 19:35:49 - [MESSAGE][PASSED] - Text '' is set on object 'Object Repository/RecAndPlayBk/Page-Vlink-Debit/input_concat(CheckWriter, , s License Numbe_020fef'

2024-05-27 19:35:49 - [TEST_STEP][PASSED] - setText(findTestObject("Object Repository/RecAndPlayBk/Page-Vlink-Debit/input_concat(CheckWriter, , s License State_21e3e7"), ""): Text '' is set on object 'Object Repository/RecAndPlayBk/Page-Vlink-Debit/input_concat(CheckWriter, , s License State_21e3e7'

2024-05-27 19:35:50 - [MESSAGE][PASSED] - Text '' is set on object 'Object Repository/RecAndPlayBk/Page-Vlink-Debit/input_concat(CheckWriter, , s License State_21e3e7'

2024-05-27 19:35:50 - [TEST_STEP][PASSED] - setText(findTestObject("RecAndPlayBk/Page-Vlink-Debit/input_Standard Entry Class"), sec): Text 'WEB' is set on object 'Object Repository/RecAndPlayBk/Page-Vlink-Debit/input_Standard Entry Class'

2024-05-27 19:35:51 - [MESSAGE][PASSED] - Text 'WEB' is set on object 'Object Repository/RecAndPlayBk/Page-Vlink-Debit/input_Standard Entry Class'

2024-05-27 19:35:51 - [TEST_STEP][PASSED] - click(findTestObject("Object Repository/RecAndPlayBk/Page-Vlink-Debit/input")): Object: 'Object Repository/RecAndPlayBk/Page-Vlink-Debit/input' is clicked on

2024-05-27 19:35:52 - [MESSAGE][PASSED] - Object: 'Object Repository/RecAndPlayBk/Page-Vlink-Debit/input' is clicked on

2024-05-27 19:35:52 - [TEST_STEP][PASSED] - if (verifyTextPresent("Transaction approved, no errors", true)): null

2024-05-27 19:35:52 - [MESSAGE][PASSED] - Text 'Transaction approved, no errors' is present on page  using regular expression

2024-05-27 19:35:52 - [TEST_STEP][PASSED] - println("Transaction Approved, no errors text is present on the Confirmation page"): null

2024-05-27 19:35:52 - [TEST_STEP][PASSED] - sdfo = getText(findTestObject("Object Repository/Page_VLinkReceipt/pre_STX")): Text of object 'Object Repository/Page_VLinkReceipt/pre_STX' is: '<STX>aWps51C7my0A                  2967879             0  Transaction approved, no errors                   0                                                                                                              <ETX>'

2024-05-27 19:35:53 - [MESSAGE][PASSED] - Text of object 'Object Repository/Page_VLinkReceipt/pre_STX' is: '<STX>aWps51C7my0A                  2967879             0  Transaction approved, no errors                   0                                                                                                              <ETX>'

2024-05-27 19:35:53 - [TEST_STEP][PASSED] - out.println("sdfo: " + sdfo): null

2024-05-27 19:35:53 - [TEST_STEP][PASSED] - remID = substring(5, 35).trim(): null

2024-05-27 19:35:53 - [TEST_STEP][PASSED] - out.println("remID: " + remID): null

2024-05-27 19:35:53 - [TEST_STEP][PASSED] - traxID = substring(35, 55).trim(): null

2024-05-27 19:35:53 - [TEST_STEP][PASSED] - out.println("traxID: " + traxID): null

2024-05-27 19:35:53 - [TEST_STEP][PASSED] - VLinkSaleRemID = remID: null

2024-05-27 19:35:53 - [TEST_STEP][PASSED] - VLinkSaleTranxID = traxID: null

2024-05-27 19:35:53 - [TEST_STEP][PASSED] - openBrowser(VLinkURL + "ACH_credit.html"): Browser is opened with url: 'https://dev-algorithm.govolution.com/vlinktest/demo/version_2_0/ACH_credit.html'

2024-05-27 19:35:53 - [MESSAGE][WARNING] - A browser is already opened. Closing browser and opening a new one

2024-05-27 19:35:54 - [MESSAGE][INFO] - Starting 'Chrome' driver

2024-05-27 19:35:54 - [MESSAGE][INFO] - User set preference: ['acceptInsecureCerts', 'true']

2024-05-27 19:35:54 - [MESSAGE][INFO] - Action delay is set to 0 milliseconds

2024-05-27 19:35:56 - [MESSAGE][PASSED] - Browser is opened with url: 'https://dev-algorithm.govolution.com/vlinktest/demo/version_2_0/ACH_credit.html'

2024-05-27 19:35:56 - [TEST_STEP][PASSED] - maximizeWindow(): Current window maximized

2024-05-27 19:35:56 - [MESSAGE][PASSED] - Current window maximized

2024-05-27 19:35:56 - [TEST_STEP][PASSED] - setText(findTestObject("Object Repository/RecAndPlayBk/Page-Vlink-ACH-Credit/input_Remittance Id"), VLinkSaleRemID): Text 'aWps51C7my0A' is set on object 'Object Repository/RecAndPlayBk/Page-Vlink-ACH-Credit/input_Remittance Id'

2024-05-27 19:35:57 - [MESSAGE][PASSED] - Text 'aWps51C7my0A' is set on object 'Object Repository/RecAndPlayBk/Page-Vlink-ACH-Credit/input_Remittance Id'

2024-05-27 19:35:57 - [TEST_STEP][PASSED] - setText(findTestObject("Object Repository/RecAndPlayBk/Page-Vlink-ACH-Credit/input_Application Id"), appID): Text '1773' is set on object 'Object Repository/RecAndPlayBk/Page-Vlink-ACH-Credit/input_Application Id'

2024-05-27 19:35:57 - [MESSAGE][PASSED] - Text '1773' is set on object 'Object Repository/RecAndPlayBk/Page-Vlink-ACH-Credit/input_Application Id'

2024-05-27 19:35:57 - [TEST_STEP][PASSED] - setText(findTestObject("Object Repository/RecAndPlayBk/Page-Vlink-ACH-Credit/input_Username"), username): Text 'Qq2BV1qtr' is set on object 'Object Repository/RecAndPlayBk/Page-Vlink-ACH-Credit/input_Username'

2024-05-27 19:35:58 - [MESSAGE][PASSED] - Text 'Qq2BV1qtr' is set on object 'Object Repository/RecAndPlayBk/Page-Vlink-ACH-Credit/input_Username'

2024-05-27 19:35:58 - [TEST_STEP][PASSED] - setText(findTestObject("Object Repository/RecAndPlayBk/Page-Vlink-ACH-Credit/input_Password"), password): Text 'tUmWBiLUx' is set on object 'Object Repository/RecAndPlayBk/Page-Vlink-ACH-Credit/input_Password'

2024-05-27 19:35:59 - [MESSAGE][PASSED] - Text 'tUmWBiLUx' is set on object 'Object Repository/RecAndPlayBk/Page-Vlink-ACH-Credit/input_Password'

2024-05-27 19:35:59 - [TEST_STEP][PASSED] - setText(findTestObject("Object Repository/RecAndPlayBk/Page-Vlink-ACH-Credit/input_Check Type"), checkType): Text 'P' is set on object 'Object Repository/RecAndPlayBk/Page-Vlink-ACH-Credit/input_Check Type'

2024-05-27 19:36:00 - [MESSAGE][PASSED] - Text 'P' is set on object 'Object Repository/RecAndPlayBk/Page-Vlink-ACH-Credit/input_Check Type'

2024-05-27 19:36:00 - [TEST_STEP][PASSED] - setText(findTestObject("Object Repository/RecAndPlayBk/Page-Vlink-ACH-Credit/input_Transaction ID"), VLinkSaleTranxID): Text '2967879' is set on object 'Object Repository/RecAndPlayBk/Page-Vlink-ACH-Credit/input_Transaction ID'

2024-05-27 19:36:00 - [MESSAGE][PASSED] - Text '2967879' is set on object 'Object Repository/RecAndPlayBk/Page-Vlink-ACH-Credit/input_Transaction ID'

2024-05-27 19:36:00 - [TEST_STEP][PASSED] - setText(findTestObject("Object Repository/RecAndPlayBk/Page-Vlink-ACH-Credit/input_Amount"), amount): Text '12.50' is set on object 'Object Repository/RecAndPlayBk/Page-Vlink-ACH-Credit/input_Amount'

2024-05-27 19:36:01 - [MESSAGE][PASSED] - Text '12.50' is set on object 'Object Repository/RecAndPlayBk/Page-Vlink-ACH-Credit/input_Amount'

2024-05-27 19:36:01 - [TEST_STEP][PASSED] - setText(findTestObject("Object Repository/RecAndPlayBk/Page-Vlink-ACH-Credit/input_Standard Entry Class"), sec): Text 'WEB' is set on object 'Object Repository/RecAndPlayBk/Page-Vlink-ACH-Credit/input_Standard Entry Class'

2024-05-27 19:36:02 - [MESSAGE][PASSED] - Text 'WEB' is set on object 'Object Repository/RecAndPlayBk/Page-Vlink-ACH-Credit/input_Standard Entry Class'

2024-05-27 19:36:02 - [TEST_STEP][PASSED] - setText(findTestObject("Object Repository/RecAndPlayBk/Page-Vlink-ACH-Credit/input_Account Number"), acNumber): Text '58963214' is set on object 'Object Repository/RecAndPlayBk/Page-Vlink-ACH-Credit/input_Account Number'

2024-05-27 19:36:02 - [MESSAGE][PASSED] - Text '58963214' is set on object 'Object Repository/RecAndPlayBk/Page-Vlink-ACH-Credit/input_Account Number'

2024-05-27 19:36:02 - [TEST_STEP][PASSED] - setText(findTestObject("Object Repository/RecAndPlayBk/Page-Vlink-ACH-Credit/input_Routing Number"), rtn): Text '256072691' is set on object 'Object Repository/RecAndPlayBk/Page-Vlink-ACH-Credit/input_Routing Number'

2024-05-27 19:36:03 - [MESSAGE][PASSED] - Text '256072691' is set on object 'Object Repository/RecAndPlayBk/Page-Vlink-ACH-Credit/input_Routing Number'

2024-05-27 19:36:03 - [TEST_STEP][PASSED] - click(findTestObject("Object Repository/RecAndPlayBk/Page-Vlink-ACH-Credit/input")): Object: 'Object Repository/RecAndPlayBk/Page-Vlink-ACH-Credit/input' is clicked on

2024-05-27 19:36:04 - [MESSAGE][PASSED] - Object: 'Object Repository/RecAndPlayBk/Page-Vlink-ACH-Credit/input' is clicked on

2024-05-27 19:36:04 - [TEST_STEP][PASSED] - if (verifyTextPresent("Transaction approved, no errors", true)): null

2024-05-27 19:36:04 - [MESSAGE][PASSED] - Text 'Transaction approved, no errors' is present on page  using regular expression

2024-05-27 19:36:04 - [TEST_STEP][PASSED] - println("Transaction Approved, no errors text is present on the Confirmation page"): null

2024-05-27 19:36:04 - [TEST_STEP][PASSED] - sdfo = getText(findTestObject("Object Repository/Page_VLinkReceipt/pre_STX")): Text of object 'Object Repository/Page_VLinkReceipt/pre_STX' is: '<STX>aWps51C7my0A                  2967880             0  Transaction approved, no errors                   0                                                                                                              <ETX>'

2024-05-27 19:36:04 - [MESSAGE][PASSED] - Text of object 'Object Repository/Page_VLinkReceipt/pre_STX' is: '<STX>aWps51C7my0A                  2967880             0  Transaction approved, no errors                   0                                                                                                              <ETX>'

2024-05-27 19:36:04 - [TEST_STEP][PASSED] - out.println("sdfo: " + sdfo): null

2024-05-27 19:36:04 - [TEST_STEP][PASSED] - remID = substring(5, 35).trim(): null

2024-05-27 19:36:04 - [TEST_STEP][PASSED] - out.println("remID: " + remID): null

2024-05-27 19:36:04 - [TEST_STEP][PASSED] - traxID = substring(35, 55).trim(): null

2024-05-27 19:36:04 - [TEST_STEP][PASSED] - out.println("traxID: " + traxID): null

2024-05-27 19:36:04 - [TEST_STEP][PASSED] - VLinkSaleRemID = remID: null

2024-05-27 19:36:04 - [TEST_STEP][PASSED] - VLinkSaleTranxID = traxID: null

2024-05-27 19:36:05 - [TEST_STEP][PASSED] - openBrowser(VLinkURL + "ACH_void.html"): Browser is opened with url: 'https://dev-algorithm.govolution.com/vlinktest/demo/version_2_0/ACH_void.html'

2024-05-27 19:36:05 - [MESSAGE][WARNING] - A browser is already opened. Closing browser and opening a new one

2024-05-27 19:36:06 - [MESSAGE][INFO] - Starting 'Chrome' driver

2024-05-27 19:36:06 - [MESSAGE][INFO] - User set preference: ['acceptInsecureCerts', 'true']

2024-05-27 19:36:06 - [MESSAGE][INFO] - Action delay is set to 0 milliseconds

2024-05-27 19:36:08 - [MESSAGE][PASSED] - Browser is opened with url: 'https://dev-algorithm.govolution.com/vlinktest/demo/version_2_0/ACH_void.html'

2024-05-27 19:36:08 - [TEST_STEP][PASSED] - maximizeWindow(): Current window maximized

2024-05-27 19:36:08 - [MESSAGE][PASSED] - Current window maximized

2024-05-27 19:36:08 - [TEST_STEP][PASSED] - setText(findTestObject("Object Repository/RecAndPlayBk/Page-Vlink-ACH-Void/input_Remittance Id"), VLinkSaleRemID): Text 'aWps51C7my0A' is set on object 'Object Repository/RecAndPlayBk/Page-Vlink-ACH-Void/input_Remittance Id'

2024-05-27 19:36:09 - [MESSAGE][PASSED] - Text 'aWps51C7my0A' is set on object 'Object Repository/RecAndPlayBk/Page-Vlink-ACH-Void/input_Remittance Id'

2024-05-27 19:36:09 - [TEST_STEP][PASSED] - setText(findTestObject("Object Repository/RecAndPlayBk/Page-Vlink-ACH-Void/input_Application Id"), appID): Text '1773' is set on object 'Object Repository/RecAndPlayBk/Page-Vlink-ACH-Void/input_Application Id'

2024-05-27 19:36:09 - [MESSAGE][PASSED] - Text '1773' is set on object 'Object Repository/RecAndPlayBk/Page-Vlink-ACH-Void/input_Application Id'

2024-05-27 19:36:09 - [TEST_STEP][PASSED] - setText(findTestObject("Object Repository/RecAndPlayBk/Page-Vlink-ACH-Void/input_Username"), username): Text 'Qq2BV1qtr' is set on object 'Object Repository/RecAndPlayBk/Page-Vlink-ACH-Void/input_Username'

2024-05-27 19:36:10 - [MESSAGE][PASSED] - Text 'Qq2BV1qtr' is set on object 'Object Repository/RecAndPlayBk/Page-Vlink-ACH-Void/input_Username'

2024-05-27 19:36:10 - [TEST_STEP][PASSED] - setText(findTestObject("Object Repository/RecAndPlayBk/Page-Vlink-ACH-Void/input_Password"), password): Text 'tUmWBiLUx' is set on object 'Object Repository/RecAndPlayBk/Page-Vlink-ACH-Void/input_Password'

2024-05-27 19:36:11 - [MESSAGE][PASSED] - Text 'tUmWBiLUx' is set on object 'Object Repository/RecAndPlayBk/Page-Vlink-ACH-Void/input_Password'

2024-05-27 19:36:11 - [TEST_STEP][PASSED] - setText(findTestObject("Object Repository/RecAndPlayBk/Page-Vlink-ACH-Void/input_Check Type"), checkType): Text 'P' is set on object 'Object Repository/RecAndPlayBk/Page-Vlink-ACH-Void/input_Check Type'

2024-05-27 19:36:11 - [MESSAGE][PASSED] - Text 'P' is set on object 'Object Repository/RecAndPlayBk/Page-Vlink-ACH-Void/input_Check Type'

2024-05-27 19:36:11 - [TEST_STEP][PASSED] - setText(findTestObject("Object Repository/RecAndPlayBk/Page-Vlink-ACH-Void/input_Standard Entry Class"), sec): Text 'WEB' is set on object 'Object Repository/RecAndPlayBk/Page-Vlink-ACH-Void/input_Standard Entry Class'

2024-05-27 19:36:12 - [MESSAGE][PASSED] - Text 'WEB' is set on object 'Object Repository/RecAndPlayBk/Page-Vlink-ACH-Void/input_Standard Entry Class'

2024-05-27 19:36:12 - [TEST_STEP][PASSED] - setText(findTestObject("Object Repository/RecAndPlayBk/Page-Vlink-ACH-Void/input_Transaction ID"), VLinkSaleTranxID): Text '2967880' is set on object 'Object Repository/RecAndPlayBk/Page-Vlink-ACH-Void/input_Transaction ID'

2024-05-27 19:36:13 - [MESSAGE][PASSED] - Text '2967880' is set on object 'Object Repository/RecAndPlayBk/Page-Vlink-ACH-Void/input_Transaction ID'

2024-05-27 19:36:13 - [TEST_STEP][PASSED] - setText(findTestObject("Object Repository/RecAndPlayBk/Page-Vlink-ACH-Void/input_Original Transaction Type"), "201"): Text '201' is set on object 'Object Repository/RecAndPlayBk/Page-Vlink-ACH-Void/input_Original Transaction Type'

2024-05-27 19:36:13 - [MESSAGE][PASSED] - Text '201' is set on object 'Object Repository/RecAndPlayBk/Page-Vlink-ACH-Void/input_Original Transaction Type'

2024-05-27 19:36:13 - [TEST_STEP][PASSED] - click(findTestObject("Object Repository/RecAndPlayBk/Page-Vlink-ACH-Void/input")): Object: 'Object Repository/RecAndPlayBk/Page-Vlink-ACH-Void/input' is clicked on

2024-05-27 19:36:14 - [MESSAGE][PASSED] - Object: 'Object Repository/RecAndPlayBk/Page-Vlink-ACH-Void/input' is clicked on

2024-05-27 19:36:14 - [TEST_STEP][PASSED] - if (verifyTextPresent("Transaction approved, no errors", true)): null

2024-05-27 19:36:15 - [MESSAGE][PASSED] - Text 'Transaction approved, no errors' is present on page  using regular expression

2024-05-27 19:36:15 - [TEST_STEP][PASSED] - println("Transaction Approved, no errors text is present on the Confirmation page"): null

2024-05-27 19:36:15 - [TEST_STEP][PASSED] - out.println("Pass Record Number: " + row): null

2024-05-27 19:36:15 - [TEST_STEP][PASSED] - resText = "Pass": null

2024-05-27 19:36:15 - [TEST_STEP][PASSED] - pages.WriteExcel.demoKey(resText, datText, resColumn, datCloumn, fileLoc, nameSheet, row): pages.WriteExcel.demoKey is PASSED

2024-05-27 19:36:15 - [MESSAGE][PASSED] - pages.WriteExcel.demoKey is PASSED

2024-05-27 19:36:15 - [TEST_STEP][PASSED] - ExecuteTC = findTestData(dataFile).getValue("Execute", row): null

2024-05-27 19:36:15 - [TEST_STEP][PASSED] - out.println("Value of Execute is : " + ExecuteTC): null

2024-05-27 19:36:15 - [TEST_STEP][PASSED] - switch (executionProfile): null

2024-05-27 19:36:15 - [TEST_STEP][PASSED] - case "DemoProfile":: null

2024-05-27 19:36:15 - [TEST_STEP][PASSED] - appID = findTestData(dataFile).getValue("AppIDDemo", row): null

2024-05-27 19:36:15 - [TEST_STEP][PASSED] - username = findTestData(dataFile).getValue("UsernameDemo", row): null

2024-05-27 19:36:15 - [TEST_STEP][PASSED] - password = findTestData(dataFile).getValue("PasswordDemo", row): null

2024-05-27 19:36:15 - [TEST_STEP][PASSED] - break: null

2024-05-27 19:36:15 - [TEST_STEP][PASSED] - if (ExecuteTC.equalsIgnoreCase("Y")): null

2024-05-27 19:36:15 - [TEST_STEP][PASSED] - out.println("Begin Record Number: " + row): null

2024-05-27 19:36:15 - [TEST_STEP][PASSED] - today = new java.util.Date(): null

2024-05-27 19:36:15 - [TEST_STEP][PASSED] - println(today): null

2024-05-27 19:36:15 - [TEST_STEP][PASSED] - datText = today: null

2024-05-27 19:36:15 - [TEST_STEP][PASSED] - checkType = findTestData(dataFile).getValue("CheckType", row): null

2024-05-27 19:36:15 - [TEST_STEP][PASSED] - acNumber = findTestData(dataFile).getValue("AcNumber", row): null

2024-05-27 19:36:15 - [TEST_STEP][PASSED] - company = findTestData(dataFile).getValue("Company", row): null

2024-05-27 19:36:15 - [TEST_STEP][PASSED] - acType = findTestData(dataFile).getValue("AcType", row): null

2024-05-27 19:36:15 - [TEST_STEP][PASSED] - rtn = findTestData(dataFile).getValue("RTN", row): null

2024-05-27 19:36:15 - [TEST_STEP][PASSED] - amount = findTestData(dataFile).getValue("Amount", row): null

2024-05-27 19:36:15 - [TEST_STEP][PASSED] - sec = findTestData(dataFile).getValue("SEC", row): null

2024-05-27 19:36:15 - [TEST_STEP][PASSED] - openBrowser(VLinkURL + "debit.html"): Browser is opened with url: 'https://dev-algorithm.govolution.com/vlinktest/demo/version_2_0/debit.html'

2024-05-27 19:36:15 - [MESSAGE][WARNING] - A browser is already opened. Closing browser and opening a new one

2024-05-27 19:36:17 - [MESSAGE][INFO] - Starting 'Chrome' driver

2024-05-27 19:36:17 - [MESSAGE][INFO] - User set preference: ['acceptInsecureCerts', 'true']

2024-05-27 19:36:17 - [MESSAGE][INFO] - Action delay is set to 0 milliseconds

2024-05-27 19:36:18 - [MESSAGE][PASSED] - Browser is opened with url: 'https://dev-algorithm.govolution.com/vlinktest/demo/version_2_0/debit.html'

2024-05-27 19:36:18 - [TEST_STEP][PASSED] - maximizeWindow(): Current window maximized

2024-05-27 19:36:19 - [MESSAGE][PASSED] - Current window maximized

2024-05-27 19:36:19 - [TEST_STEP][PASSED] - genRemID = RandomStringUtils.random(12, true, true): null

2024-05-27 19:36:19 - [TEST_STEP][PASSED] - setText(findTestObject("RecAndPlayBk/Page-Vlink-Debit/input_Remittance Id"), genRemID): Text 's0pf6OiXXOx8' is set on object 'Object Repository/RecAndPlayBk/Page-Vlink-Debit/input_Remittance Id'

2024-05-27 19:36:20 - [MESSAGE][PASSED] - Text 's0pf6OiXXOx8' is set on object 'Object Repository/RecAndPlayBk/Page-Vlink-Debit/input_Remittance Id'

2024-05-27 19:36:20 - [TEST_STEP][PASSED] - setText(findTestObject("RecAndPlayBk/Page-Vlink-Debit/input_Application Id"), appID): Text '1773' is set on object 'Object Repository/RecAndPlayBk/Page-Vlink-Debit/input_Application Id'

2024-05-27 19:36:20 - [MESSAGE][PASSED] - Text '1773' is set on object 'Object Repository/RecAndPlayBk/Page-Vlink-Debit/input_Application Id'

2024-05-27 19:36:20 - [TEST_STEP][PASSED] - setText(findTestObject("RecAndPlayBk/Page-Vlink-Debit/input_Username"), username): Text 'Qq2BV1qtr' is set on object 'Object Repository/RecAndPlayBk/Page-Vlink-Debit/input_Username'

2024-05-27 19:36:21 - [MESSAGE][PASSED] - Text 'Qq2BV1qtr' is set on object 'Object Repository/RecAndPlayBk/Page-Vlink-Debit/input_Username'

2024-05-27 19:36:21 - [TEST_STEP][PASSED] - setText(findTestObject("RecAndPlayBk/Page-Vlink-Debit/input_Password"), password): Text 'tUmWBiLUx' is set on object 'Object Repository/RecAndPlayBk/Page-Vlink-Debit/input_Password'

2024-05-27 19:36:22 - [MESSAGE][PASSED] - Text 'tUmWBiLUx' is set on object 'Object Repository/RecAndPlayBk/Page-Vlink-Debit/input_Password'

2024-05-27 19:36:22 - [TEST_STEP][PASSED] - setText(findTestObject("RecAndPlayBk/Page-Vlink-Debit/input_Check Type"), checkType): Text 'P' is set on object 'Object Repository/RecAndPlayBk/Page-Vlink-Debit/input_Check Type'

2024-05-27 19:36:22 - [MESSAGE][PASSED] - Text 'P' is set on object 'Object Repository/RecAndPlayBk/Page-Vlink-Debit/input_Check Type'

2024-05-27 19:36:22 - [TEST_STEP][PASSED] - setText(findTestObject("RecAndPlayBk/Page-Vlink-Debit/input_Account_check"), acNumber): Text '58963214' is set on object 'Object Repository/RecAndPlayBk/Page-Vlink-Debit/input_Account_check'

2024-05-27 19:36:23 - [MESSAGE][PASSED] - Text '58963214' is set on object 'Object Repository/RecAndPlayBk/Page-Vlink-Debit/input_Account_check'

2024-05-27 19:36:23 - [TEST_STEP][PASSED] - setText(findTestObject("RecAndPlayBk/Page-Vlink-Debit/input_Company_check"), company): Text '' is set on object 'Object Repository/RecAndPlayBk/Page-Vlink-Debit/input_Company_check'

2024-05-27 19:36:24 - [MESSAGE][PASSED] - Text '' is set on object 'Object Repository/RecAndPlayBk/Page-Vlink-Debit/input_Company_check'

2024-05-27 19:36:24 - [TEST_STEP][PASSED] - setText(findTestObject("RecAndPlayBk/Page-Vlink-Debit/input_Account Type"), acType): Text '2' is set on object 'Object Repository/RecAndPlayBk/Page-Vlink-Debit/input_Account Type'

2024-05-27 19:36:24 - [MESSAGE][PASSED] - Text '2' is set on object 'Object Repository/RecAndPlayBk/Page-Vlink-Debit/input_Account Type'

2024-05-27 19:36:24 - [TEST_STEP][PASSED] - setText(findTestObject("RecAndPlayBk/Page-Vlink-Debit/input_Routing Number"), rtn): Text '256072691' is set on object 'Object Repository/RecAndPlayBk/Page-Vlink-Debit/input_Routing Number'

2024-05-27 19:36:25 - [MESSAGE][PASSED] - Text '256072691' is set on object 'Object Repository/RecAndPlayBk/Page-Vlink-Debit/input_Routing Number'

2024-05-27 19:36:25 - [TEST_STEP][PASSED] - setText(findTestObject("RecAndPlayBk/Page-Vlink-Debit/input_Amount"), amount): Text '12.50' is set on object 'Object Repository/RecAndPlayBk/Page-Vlink-Debit/input_Amount'

2024-05-27 19:36:26 - [MESSAGE][PASSED] - Text '12.50' is set on object 'Object Repository/RecAndPlayBk/Page-Vlink-Debit/input_Amount'

2024-05-27 19:36:26 - [TEST_STEP][PASSED] - setText(findTestObject("RecAndPlayBk/Page-Vlink-Debit/input_Check Email"), ""): Text '' is set on object 'Object Repository/RecAndPlayBk/Page-Vlink-Debit/input_Check Email'

2024-05-27 19:36:26 - [MESSAGE][PASSED] - Text '' is set on object 'Object Repository/RecAndPlayBk/Page-Vlink-Debit/input_Check Email'

2024-05-27 19:36:26 - [TEST_STEP][PASSED] - setText(findTestObject("Object Repository/RecAndPlayBk/Page-Vlink-Debit/input_concat(CheckWriter, , s SSN)_check_ssn"), ""): Text '' is set on object 'Object Repository/RecAndPlayBk/Page-Vlink-Debit/input_concat(CheckWriter, , s SSN)_check_ssn'

2024-05-27 19:36:27 - [MESSAGE][PASSED] - Text '' is set on object 'Object Repository/RecAndPlayBk/Page-Vlink-Debit/input_concat(CheckWriter, , s SSN)_check_ssn'

2024-05-27 19:36:27 - [TEST_STEP][PASSED] - setText(findTestObject("Object Repository/RecAndPlayBk/Page-Vlink-Debit/input_concat(CheckWriter, , s License Numbe_020fef"), ""): Text '' is set on object 'Object Repository/RecAndPlayBk/Page-Vlink-Debit/input_concat(CheckWriter, , s License Numbe_020fef'

2024-05-27 19:36:28 - [MESSAGE][PASSED] - Text '' is set on object 'Object Repository/RecAndPlayBk/Page-Vlink-Debit/input_concat(CheckWriter, , s License Numbe_020fef'

2024-05-27 19:36:28 - [TEST_STEP][PASSED] - setText(findTestObject("Object Repository/RecAndPlayBk/Page-Vlink-Debit/input_concat(CheckWriter, , s License State_21e3e7"), ""): Text '' is set on object 'Object Repository/RecAndPlayBk/Page-Vlink-Debit/input_concat(CheckWriter, , s License State_21e3e7'

2024-05-27 19:36:29 - [MESSAGE][PASSED] - Text '' is set on object 'Object Repository/RecAndPlayBk/Page-Vlink-Debit/input_concat(CheckWriter, , s License State_21e3e7'

2024-05-27 19:36:29 - [TEST_STEP][PASSED] - setText(findTestObject("RecAndPlayBk/Page-Vlink-Debit/input_Standard Entry Class"), sec): Text 'TEL' is set on object 'Object Repository/RecAndPlayBk/Page-Vlink-Debit/input_Standard Entry Class'

2024-05-27 19:36:29 - [MESSAGE][PASSED] - Text 'TEL' is set on object 'Object Repository/RecAndPlayBk/Page-Vlink-Debit/input_Standard Entry Class'

2024-05-27 19:36:29 - [TEST_STEP][PASSED] - click(findTestObject("Object Repository/RecAndPlayBk/Page-Vlink-Debit/input")): Object: 'Object Repository/RecAndPlayBk/Page-Vlink-Debit/input' is clicked on

2024-05-27 19:36:30 - [MESSAGE][PASSED] - Object: 'Object Repository/RecAndPlayBk/Page-Vlink-Debit/input' is clicked on

2024-05-27 19:36:30 - [TEST_STEP][PASSED] - if (verifyTextPresent("Transaction approved, no errors", true)): null

2024-05-27 19:36:31 - [MESSAGE][PASSED] - Text 'Transaction approved, no errors' is present on page  using regular expression

2024-05-27 19:36:31 - [TEST_STEP][PASSED] - println("Transaction Approved, no errors text is present on the Confirmation page"): null

2024-05-27 19:36:31 - [TEST_STEP][PASSED] - sdfo = getText(findTestObject("Object Repository/Page_VLinkReceipt/pre_STX")): Text of object 'Object Repository/Page_VLinkReceipt/pre_STX' is: '<STX>s0pf6OiXXOx8                  2967882             0  Transaction approved, no errors                   0                                                                                                              <ETX>'

2024-05-27 19:36:31 - [MESSAGE][PASSED] - Text of object 'Object Repository/Page_VLinkReceipt/pre_STX' is: '<STX>s0pf6OiXXOx8                  2967882             0  Transaction approved, no errors                   0                                                                                                              <ETX>'

2024-05-27 19:36:31 - [TEST_STEP][PASSED] - out.println("sdfo: " + sdfo): null

2024-05-27 19:36:31 - [TEST_STEP][PASSED] - remID = substring(5, 35).trim(): null

2024-05-27 19:36:31 - [TEST_STEP][PASSED] - out.println("remID: " + remID): null

2024-05-27 19:36:31 - [TEST_STEP][PASSED] - traxID = substring(35, 55).trim(): null

2024-05-27 19:36:31 - [TEST_STEP][PASSED] - out.println("traxID: " + traxID): null

2024-05-27 19:36:31 - [TEST_STEP][PASSED] - VLinkSaleRemID = remID: null

2024-05-27 19:36:31 - [TEST_STEP][PASSED] - VLinkSaleTranxID = traxID: null

2024-05-27 19:36:31 - [TEST_STEP][PASSED] - openBrowser(VLinkURL + "ACH_credit.html"): Browser is opened with url: 'https://dev-algorithm.govolution.com/vlinktest/demo/version_2_0/ACH_credit.html'

2024-05-27 19:36:31 - [MESSAGE][WARNING] - A browser is already opened. Closing browser and opening a new one

2024-05-27 19:36:32 - [MESSAGE][INFO] - Starting 'Chrome' driver

2024-05-27 19:36:32 - [MESSAGE][INFO] - User set preference: ['acceptInsecureCerts', 'true']

2024-05-27 19:36:32 - [MESSAGE][INFO] - Action delay is set to 0 milliseconds

2024-05-27 19:36:34 - [MESSAGE][PASSED] - Browser is opened with url: 'https://dev-algorithm.govolution.com/vlinktest/demo/version_2_0/ACH_credit.html'

2024-05-27 19:36:34 - [TEST_STEP][PASSED] - maximizeWindow(): Current window maximized

2024-05-27 19:36:34 - [MESSAGE][PASSED] - Current window maximized

2024-05-27 19:36:34 - [TEST_STEP][PASSED] - setText(findTestObject("Object Repository/RecAndPlayBk/Page-Vlink-ACH-Credit/input_Remittance Id"), VLinkSaleRemID): Text 's0pf6OiXXOx8' is set on object 'Object Repository/RecAndPlayBk/Page-Vlink-ACH-Credit/input_Remittance Id'

2024-05-27 19:36:35 - [MESSAGE][PASSED] - Text 's0pf6OiXXOx8' is set on object 'Object Repository/RecAndPlayBk/Page-Vlink-ACH-Credit/input_Remittance Id'

2024-05-27 19:36:35 - [TEST_STEP][PASSED] - setText(findTestObject("Object Repository/RecAndPlayBk/Page-Vlink-ACH-Credit/input_Application Id"), appID): Text '1773' is set on object 'Object Repository/RecAndPlayBk/Page-Vlink-ACH-Credit/input_Application Id'

2024-05-27 19:36:36 - [MESSAGE][PASSED] - Text '1773' is set on object 'Object Repository/RecAndPlayBk/Page-Vlink-ACH-Credit/input_Application Id'

2024-05-27 19:36:36 - [TEST_STEP][PASSED] - setText(findTestObject("Object Repository/RecAndPlayBk/Page-Vlink-ACH-Credit/input_Username"), username): Text 'Qq2BV1qtr' is set on object 'Object Repository/RecAndPlayBk/Page-Vlink-ACH-Credit/input_Username'

2024-05-27 19:36:37 - [MESSAGE][PASSED] - Text 'Qq2BV1qtr' is set on object 'Object Repository/RecAndPlayBk/Page-Vlink-ACH-Credit/input_Username'

2024-05-27 19:36:37 - [TEST_STEP][PASSED] - setText(findTestObject("Object Repository/RecAndPlayBk/Page-Vlink-ACH-Credit/input_Password"), password): Text 'tUmWBiLUx' is set on object 'Object Repository/RecAndPlayBk/Page-Vlink-ACH-Credit/input_Password'

2024-05-27 19:36:37 - [MESSAGE][PASSED] - Text 'tUmWBiLUx' is set on object 'Object Repository/RecAndPlayBk/Page-Vlink-ACH-Credit/input_Password'

2024-05-27 19:36:37 - [TEST_STEP][PASSED] - setText(findTestObject("Object Repository/RecAndPlayBk/Page-Vlink-ACH-Credit/input_Check Type"), checkType): Text 'P' is set on object 'Object Repository/RecAndPlayBk/Page-Vlink-ACH-Credit/input_Check Type'

2024-05-27 19:36:38 - [MESSAGE][PASSED] - Text 'P' is set on object 'Object Repository/RecAndPlayBk/Page-Vlink-ACH-Credit/input_Check Type'

2024-05-27 19:36:38 - [TEST_STEP][PASSED] - setText(findTestObject("Object Repository/RecAndPlayBk/Page-Vlink-ACH-Credit/input_Transaction ID"), VLinkSaleTranxID): Text '2967882' is set on object 'Object Repository/RecAndPlayBk/Page-Vlink-ACH-Credit/input_Transaction ID'

2024-05-27 19:36:39 - [MESSAGE][PASSED] - Text '2967882' is set on object 'Object Repository/RecAndPlayBk/Page-Vlink-ACH-Credit/input_Transaction ID'

2024-05-27 19:36:39 - [TEST_STEP][PASSED] - setText(findTestObject("Object Repository/RecAndPlayBk/Page-Vlink-ACH-Credit/input_Amount"), amount): Text '12.50' is set on object 'Object Repository/RecAndPlayBk/Page-Vlink-ACH-Credit/input_Amount'

2024-05-27 19:36:40 - [MESSAGE][PASSED] - Text '12.50' is set on object 'Object Repository/RecAndPlayBk/Page-Vlink-ACH-Credit/input_Amount'

2024-05-27 19:36:40 - [TEST_STEP][PASSED] - setText(findTestObject("Object Repository/RecAndPlayBk/Page-Vlink-ACH-Credit/input_Standard Entry Class"), sec): Text 'TEL' is set on object 'Object Repository/RecAndPlayBk/Page-Vlink-ACH-Credit/input_Standard Entry Class'

2024-05-27 19:36:41 - [MESSAGE][PASSED] - Text 'TEL' is set on object 'Object Repository/RecAndPlayBk/Page-Vlink-ACH-Credit/input_Standard Entry Class'

2024-05-27 19:36:41 - [TEST_STEP][PASSED] - setText(findTestObject("Object Repository/RecAndPlayBk/Page-Vlink-ACH-Credit/input_Account Number"), acNumber): Text '58963214' is set on object 'Object Repository/RecAndPlayBk/Page-Vlink-ACH-Credit/input_Account Number'

2024-05-27 19:36:42 - [MESSAGE][PASSED] - Text '58963214' is set on object 'Object Repository/RecAndPlayBk/Page-Vlink-ACH-Credit/input_Account Number'

2024-05-27 19:36:42 - [TEST_STEP][PASSED] - setText(findTestObject("Object Repository/RecAndPlayBk/Page-Vlink-ACH-Credit/input_Routing Number"), rtn): Text '256072691' is set on object 'Object Repository/RecAndPlayBk/Page-Vlink-ACH-Credit/input_Routing Number'

2024-05-27 19:36:43 - [MESSAGE][PASSED] - Text '256072691' is set on object 'Object Repository/RecAndPlayBk/Page-Vlink-ACH-Credit/input_Routing Number'

2024-05-27 19:36:43 - [TEST_STEP][PASSED] - click(findTestObject("Object Repository/RecAndPlayBk/Page-Vlink-ACH-Credit/input")): Object: 'Object Repository/RecAndPlayBk/Page-Vlink-ACH-Credit/input' is clicked on

2024-05-27 19:36:43 - [MESSAGE][PASSED] - Object: 'Object Repository/RecAndPlayBk/Page-Vlink-ACH-Credit/input' is clicked on

2024-05-27 19:36:43 - [TEST_STEP][PASSED] - if (verifyTextPresent("Transaction approved, no errors", true)): null

2024-05-27 19:36:44 - [MESSAGE][PASSED] - Text 'Transaction approved, no errors' is present on page  using regular expression

2024-05-27 19:36:44 - [TEST_STEP][PASSED] - println("Transaction Approved, no errors text is present on the Confirmation page"): null

2024-05-27 19:36:44 - [TEST_STEP][PASSED] - sdfo = getText(findTestObject("Object Repository/Page_VLinkReceipt/pre_STX")): Text of object 'Object Repository/Page_VLinkReceipt/pre_STX' is: '<STX>s0pf6OiXXOx8                  2967883             0  Transaction approved, no errors                   0                                                                                                              <ETX>'

2024-05-27 19:36:44 - [MESSAGE][PASSED] - Text of object 'Object Repository/Page_VLinkReceipt/pre_STX' is: '<STX>s0pf6OiXXOx8                  2967883             0  Transaction approved, no errors                   0                                                                                                              <ETX>'

2024-05-27 19:36:44 - [TEST_STEP][PASSED] - out.println("sdfo: " + sdfo): null

2024-05-27 19:36:44 - [TEST_STEP][PASSED] - remID = substring(5, 35).trim(): null

2024-05-27 19:36:44 - [TEST_STEP][PASSED] - out.println("remID: " + remID): null

2024-05-27 19:36:44 - [TEST_STEP][PASSED] - traxID = substring(35, 55).trim(): null

2024-05-27 19:36:44 - [TEST_STEP][PASSED] - out.println("traxID: " + traxID): null

2024-05-27 19:36:44 - [TEST_STEP][PASSED] - VLinkSaleRemID = remID: null

2024-05-27 19:36:44 - [TEST_STEP][PASSED] - VLinkSaleTranxID = traxID: null

2024-05-27 19:36:44 - [TEST_STEP][PASSED] - openBrowser(VLinkURL + "ACH_void.html"): Browser is opened with url: 'https://dev-algorithm.govolution.com/vlinktest/demo/version_2_0/ACH_void.html'

2024-05-27 19:36:44 - [MESSAGE][WARNING] - A browser is already opened. Closing browser and opening a new one

2024-05-27 19:36:46 - [MESSAGE][INFO] - Starting 'Chrome' driver

2024-05-27 19:36:46 - [MESSAGE][INFO] - User set preference: ['acceptInsecureCerts', 'true']

2024-05-27 19:36:46 - [MESSAGE][INFO] - Action delay is set to 0 milliseconds

2024-05-27 19:36:48 - [MESSAGE][PASSED] - Browser is opened with url: 'https://dev-algorithm.govolution.com/vlinktest/demo/version_2_0/ACH_void.html'

2024-05-27 19:36:48 - [TEST_STEP][PASSED] - maximizeWindow(): Current window maximized

2024-05-27 19:36:48 - [MESSAGE][PASSED] - Current window maximized

2024-05-27 19:36:48 - [TEST_STEP][PASSED] - setText(findTestObject("Object Repository/RecAndPlayBk/Page-Vlink-ACH-Void/input_Remittance Id"), VLinkSaleRemID): Text 's0pf6OiXXOx8' is set on object 'Object Repository/RecAndPlayBk/Page-Vlink-ACH-Void/input_Remittance Id'

2024-05-27 19:36:49 - [MESSAGE][PASSED] - Text 's0pf6OiXXOx8' is set on object 'Object Repository/RecAndPlayBk/Page-Vlink-ACH-Void/input_Remittance Id'

2024-05-27 19:36:49 - [TEST_STEP][PASSED] - setText(findTestObject("Object Repository/RecAndPlayBk/Page-Vlink-ACH-Void/input_Application Id"), appID): Text '1773' is set on object 'Object Repository/RecAndPlayBk/Page-Vlink-ACH-Void/input_Application Id'

2024-05-27 19:36:50 - [MESSAGE][PASSED] - Text '1773' is set on object 'Object Repository/RecAndPlayBk/Page-Vlink-ACH-Void/input_Application Id'

2024-05-27 19:36:50 - [TEST_STEP][PASSED] - setText(findTestObject("Object Repository/RecAndPlayBk/Page-Vlink-ACH-Void/input_Username"), username): Text 'Qq2BV1qtr' is set on object 'Object Repository/RecAndPlayBk/Page-Vlink-ACH-Void/input_Username'

2024-05-27 19:36:50 - [MESSAGE][PASSED] - Text 'Qq2BV1qtr' is set on object 'Object Repository/RecAndPlayBk/Page-Vlink-ACH-Void/input_Username'

2024-05-27 19:36:50 - [TEST_STEP][PASSED] - setText(findTestObject("Object Repository/RecAndPlayBk/Page-Vlink-ACH-Void/input_Password"), password): Text 'tUmWBiLUx' is set on object 'Object Repository/RecAndPlayBk/Page-Vlink-ACH-Void/input_Password'

2024-05-27 19:36:51 - [MESSAGE][PASSED] - Text 'tUmWBiLUx' is set on object 'Object Repository/RecAndPlayBk/Page-Vlink-ACH-Void/input_Password'

2024-05-27 19:36:51 - [TEST_STEP][PASSED] - setText(findTestObject("Object Repository/RecAndPlayBk/Page-Vlink-ACH-Void/input_Check Type"), checkType): Text 'P' is set on object 'Object Repository/RecAndPlayBk/Page-Vlink-ACH-Void/input_Check Type'

2024-05-27 19:36:52 - [MESSAGE][PASSED] - Text 'P' is set on object 'Object Repository/RecAndPlayBk/Page-Vlink-ACH-Void/input_Check Type'

2024-05-27 19:36:52 - [TEST_STEP][PASSED] - setText(findTestObject("Object Repository/RecAndPlayBk/Page-Vlink-ACH-Void/input_Standard Entry Class"), sec): Text 'TEL' is set on object 'Object Repository/RecAndPlayBk/Page-Vlink-ACH-Void/input_Standard Entry Class'

2024-05-27 19:36:52 - [MESSAGE][PASSED] - Text 'TEL' is set on object 'Object Repository/RecAndPlayBk/Page-Vlink-ACH-Void/input_Standard Entry Class'

2024-05-27 19:36:52 - [TEST_STEP][PASSED] - setText(findTestObject("Object Repository/RecAndPlayBk/Page-Vlink-ACH-Void/input_Transaction ID"), VLinkSaleTranxID): Text '2967883' is set on object 'Object Repository/RecAndPlayBk/Page-Vlink-ACH-Void/input_Transaction ID'

2024-05-27 19:36:53 - [MESSAGE][PASSED] - Text '2967883' is set on object 'Object Repository/RecAndPlayBk/Page-Vlink-ACH-Void/input_Transaction ID'

2024-05-27 19:36:53 - [TEST_STEP][PASSED] - setText(findTestObject("Object Repository/RecAndPlayBk/Page-Vlink-ACH-Void/input_Original Transaction Type"), "201"): Text '201' is set on object 'Object Repository/RecAndPlayBk/Page-Vlink-ACH-Void/input_Original Transaction Type'

2024-05-27 19:36:54 - [MESSAGE][PASSED] - Text '201' is set on object 'Object Repository/RecAndPlayBk/Page-Vlink-ACH-Void/input_Original Transaction Type'

2024-05-27 19:36:54 - [TEST_STEP][PASSED] - click(findTestObject("Object Repository/RecAndPlayBk/Page-Vlink-ACH-Void/input")): Object: 'Object Repository/RecAndPlayBk/Page-Vlink-ACH-Void/input' is clicked on

2024-05-27 19:36:55 - [MESSAGE][PASSED] - Object: 'Object Repository/RecAndPlayBk/Page-Vlink-ACH-Void/input' is clicked on

2024-05-27 19:36:55 - [TEST_STEP][PASSED] - if (verifyTextPresent("Transaction approved, no errors", true)): null

2024-05-27 19:36:55 - [MESSAGE][PASSED] - Text 'Transaction approved, no errors' is present on page  using regular expression

2024-05-27 19:36:55 - [TEST_STEP][PASSED] - println("Transaction Approved, no errors text is present on the Confirmation page"): null

2024-05-27 19:36:55 - [TEST_STEP][PASSED] - out.println("Pass Record Number: " + row): null

2024-05-27 19:36:55 - [TEST_STEP][PASSED] - resText = "Pass": null

2024-05-27 19:36:55 - [TEST_STEP][PASSED] - pages.WriteExcel.demoKey(resText, datText, resColumn, datCloumn, fileLoc, nameSheet, row): pages.WriteExcel.demoKey is PASSED

2024-05-27 19:36:55 - [MESSAGE][PASSED] - pages.WriteExcel.demoKey is PASSED

2024-05-27 19:36:55 - [TEST_STEP][PASSED] - ExecuteTC = findTestData(dataFile).getValue("Execute", row): null

2024-05-27 19:36:55 - [TEST_STEP][PASSED] - out.println("Value of Execute is : " + ExecuteTC): null

2024-05-27 19:36:55 - [TEST_STEP][PASSED] - switch (executionProfile): null

2024-05-27 19:36:55 - [TEST_STEP][PASSED] - case "DemoProfile":: null

2024-05-27 19:36:55 - [TEST_STEP][PASSED] - appID = findTestData(dataFile).getValue("AppIDDemo", row): null

2024-05-27 19:36:55 - [TEST_STEP][PASSED] - username = findTestData(dataFile).getValue("UsernameDemo", row): null

2024-05-27 19:36:55 - [TEST_STEP][PASSED] - password = findTestData(dataFile).getValue("PasswordDemo", row): null

2024-05-27 19:36:55 - [TEST_STEP][PASSED] - break: null

2024-05-27 19:36:55 - [TEST_STEP][PASSED] - if (ExecuteTC.equalsIgnoreCase("Y")): null

2024-05-27 19:36:55 - [TEST_STEP][PASSED] - out.println("Begin Record Number: " + row): null

2024-05-27 19:36:55 - [TEST_STEP][PASSED] - today = new java.util.Date(): null

2024-05-27 19:36:55 - [TEST_STEP][PASSED] - println(today): null

2024-05-27 19:36:55 - [TEST_STEP][PASSED] - datText = today: null

2024-05-27 19:36:55 - [TEST_STEP][PASSED] - checkType = findTestData(dataFile).getValue("CheckType", row): null

2024-05-27 19:36:55 - [TEST_STEP][PASSED] - acNumber = findTestData(dataFile).getValue("AcNumber", row): null

2024-05-27 19:36:56 - [TEST_STEP][PASSED] - company = findTestData(dataFile).getValue("Company", row): null

2024-05-27 19:36:56 - [TEST_STEP][PASSED] - acType = findTestData(dataFile).getValue("AcType", row): null

2024-05-27 19:36:56 - [TEST_STEP][PASSED] - rtn = findTestData(dataFile).getValue("RTN", row): null

2024-05-27 19:36:56 - [TEST_STEP][PASSED] - amount = findTestData(dataFile).getValue("Amount", row): null

2024-05-27 19:36:56 - [TEST_STEP][PASSED] - sec = findTestData(dataFile).getValue("SEC", row): null

2024-05-27 19:36:56 - [TEST_STEP][PASSED] - openBrowser(VLinkURL + "debit.html"): Browser is opened with url: 'https://dev-algorithm.govolution.com/vlinktest/demo/version_2_0/debit.html'

2024-05-27 19:36:56 - [MESSAGE][WARNING] - A browser is already opened. Closing browser and opening a new one

2024-05-27 19:36:57 - [MESSAGE][INFO] - Starting 'Chrome' driver

2024-05-27 19:36:57 - [MESSAGE][INFO] - User set preference: ['acceptInsecureCerts', 'true']

2024-05-27 19:36:57 - [MESSAGE][INFO] - Action delay is set to 0 milliseconds

2024-05-27 19:36:59 - [MESSAGE][PASSED] - Browser is opened with url: 'https://dev-algorithm.govolution.com/vlinktest/demo/version_2_0/debit.html'

2024-05-27 19:36:59 - [TEST_STEP][PASSED] - maximizeWindow(): Current window maximized

2024-05-27 19:36:59 - [MESSAGE][PASSED] - Current window maximized

2024-05-27 19:36:59 - [TEST_STEP][PASSED] - genRemID = RandomStringUtils.random(12, true, true): null

2024-05-27 19:36:59 - [TEST_STEP][PASSED] - setText(findTestObject("RecAndPlayBk/Page-Vlink-Debit/input_Remittance Id"), genRemID): Text 'yMwRNChydgts' is set on object 'Object Repository/RecAndPlayBk/Page-Vlink-Debit/input_Remittance Id'

2024-05-27 19:37:00 - [MESSAGE][PASSED] - Text 'yMwRNChydgts' is set on object 'Object Repository/RecAndPlayBk/Page-Vlink-Debit/input_Remittance Id'

2024-05-27 19:37:00 - [TEST_STEP][PASSED] - setText(findTestObject("RecAndPlayBk/Page-Vlink-Debit/input_Application Id"), appID): Text '1773' is set on object 'Object Repository/RecAndPlayBk/Page-Vlink-Debit/input_Application Id'

2024-05-27 19:37:00 - [MESSAGE][PASSED] - Text '1773' is set on object 'Object Repository/RecAndPlayBk/Page-Vlink-Debit/input_Application Id'

2024-05-27 19:37:00 - [TEST_STEP][PASSED] - setText(findTestObject("RecAndPlayBk/Page-Vlink-Debit/input_Username"), username): Text 'Qq2BV1qtr' is set on object 'Object Repository/RecAndPlayBk/Page-Vlink-Debit/input_Username'

2024-05-27 19:37:01 - [MESSAGE][PASSED] - Text 'Qq2BV1qtr' is set on object 'Object Repository/RecAndPlayBk/Page-Vlink-Debit/input_Username'

2024-05-27 19:37:01 - [TEST_STEP][PASSED] - setText(findTestObject("RecAndPlayBk/Page-Vlink-Debit/input_Password"), password): Text 'tUmWBiLUx' is set on object 'Object Repository/RecAndPlayBk/Page-Vlink-Debit/input_Password'

2024-05-27 19:37:02 - [MESSAGE][PASSED] - Text 'tUmWBiLUx' is set on object 'Object Repository/RecAndPlayBk/Page-Vlink-Debit/input_Password'

2024-05-27 19:37:02 - [TEST_STEP][PASSED] - setText(findTestObject("RecAndPlayBk/Page-Vlink-Debit/input_Check Type"), checkType): Text 'P' is set on object 'Object Repository/RecAndPlayBk/Page-Vlink-Debit/input_Check Type'

2024-05-27 19:37:02 - [MESSAGE][PASSED] - Text 'P' is set on object 'Object Repository/RecAndPlayBk/Page-Vlink-Debit/input_Check Type'

2024-05-27 19:37:02 - [TEST_STEP][PASSED] - setText(findTestObject("RecAndPlayBk/Page-Vlink-Debit/input_Account_check"), acNumber): Text '58963214' is set on object 'Object Repository/RecAndPlayBk/Page-Vlink-Debit/input_Account_check'

2024-05-27 19:37:03 - [MESSAGE][PASSED] - Text '58963214' is set on object 'Object Repository/RecAndPlayBk/Page-Vlink-Debit/input_Account_check'

2024-05-27 19:37:03 - [TEST_STEP][PASSED] - setText(findTestObject("RecAndPlayBk/Page-Vlink-Debit/input_Company_check"), company): Text '' is set on object 'Object Repository/RecAndPlayBk/Page-Vlink-Debit/input_Company_check'

2024-05-27 19:37:04 - [MESSAGE][PASSED] - Text '' is set on object 'Object Repository/RecAndPlayBk/Page-Vlink-Debit/input_Company_check'

2024-05-27 19:37:04 - [TEST_STEP][PASSED] - setText(findTestObject("RecAndPlayBk/Page-Vlink-Debit/input_Account Type"), acType): Text '2' is set on object 'Object Repository/RecAndPlayBk/Page-Vlink-Debit/input_Account Type'

2024-05-27 19:37:04 - [MESSAGE][PASSED] - Text '2' is set on object 'Object Repository/RecAndPlayBk/Page-Vlink-Debit/input_Account Type'

2024-05-27 19:37:04 - [TEST_STEP][PASSED] - setText(findTestObject("RecAndPlayBk/Page-Vlink-Debit/input_Routing Number"), rtn): Text '256072691' is set on object 'Object Repository/RecAndPlayBk/Page-Vlink-Debit/input_Routing Number'

2024-05-27 19:37:05 - [MESSAGE][PASSED] - Text '256072691' is set on object 'Object Repository/RecAndPlayBk/Page-Vlink-Debit/input_Routing Number'

2024-05-27 19:37:05 - [TEST_STEP][PASSED] - setText(findTestObject("RecAndPlayBk/Page-Vlink-Debit/input_Amount"), amount): Text '12.50' is set on object 'Object Repository/RecAndPlayBk/Page-Vlink-Debit/input_Amount'

2024-05-27 19:37:06 - [MESSAGE][PASSED] - Text '12.50' is set on object 'Object Repository/RecAndPlayBk/Page-Vlink-Debit/input_Amount'

2024-05-27 19:37:06 - [TEST_STEP][PASSED] - setText(findTestObject("RecAndPlayBk/Page-Vlink-Debit/input_Check Email"), ""): Text '' is set on object 'Object Repository/RecAndPlayBk/Page-Vlink-Debit/input_Check Email'

2024-05-27 19:37:06 - [MESSAGE][PASSED] - Text '' is set on object 'Object Repository/RecAndPlayBk/Page-Vlink-Debit/input_Check Email'

2024-05-27 19:37:06 - [TEST_STEP][PASSED] - setText(findTestObject("Object Repository/RecAndPlayBk/Page-Vlink-Debit/input_concat(CheckWriter, , s SSN)_check_ssn"), ""): Text '' is set on object 'Object Repository/RecAndPlayBk/Page-Vlink-Debit/input_concat(CheckWriter, , s SSN)_check_ssn'

2024-05-27 19:37:07 - [MESSAGE][PASSED] - Text '' is set on object 'Object Repository/RecAndPlayBk/Page-Vlink-Debit/input_concat(CheckWriter, , s SSN)_check_ssn'

2024-05-27 19:37:07 - [TEST_STEP][PASSED] - setText(findTestObject("Object Repository/RecAndPlayBk/Page-Vlink-Debit/input_concat(CheckWriter, , s License Numbe_020fef"), ""): Text '' is set on object 'Object Repository/RecAndPlayBk/Page-Vlink-Debit/input_concat(CheckWriter, , s License Numbe_020fef'

2024-05-27 19:37:08 - [MESSAGE][PASSED] - Text '' is set on object 'Object Repository/RecAndPlayBk/Page-Vlink-Debit/input_concat(CheckWriter, , s License Numbe_020fef'

2024-05-27 19:37:08 - [TEST_STEP][PASSED] - setText(findTestObject("Object Repository/RecAndPlayBk/Page-Vlink-Debit/input_concat(CheckWriter, , s License State_21e3e7"), ""): Text '' is set on object 'Object Repository/RecAndPlayBk/Page-Vlink-Debit/input_concat(CheckWriter, , s License State_21e3e7'

2024-05-27 19:37:09 - [MESSAGE][PASSED] - Text '' is set on object 'Object Repository/RecAndPlayBk/Page-Vlink-Debit/input_concat(CheckWriter, , s License State_21e3e7'

2024-05-27 19:37:09 - [TEST_STEP][PASSED] - setText(findTestObject("RecAndPlayBk/Page-Vlink-Debit/input_Standard Entry Class"), sec): Text 'PPD' is set on object 'Object Repository/RecAndPlayBk/Page-Vlink-Debit/input_Standard Entry Class'

2024-05-27 19:37:09 - [MESSAGE][PASSED] - Text 'PPD' is set on object 'Object Repository/RecAndPlayBk/Page-Vlink-Debit/input_Standard Entry Class'

2024-05-27 19:37:09 - [TEST_STEP][PASSED] - click(findTestObject("Object Repository/RecAndPlayBk/Page-Vlink-Debit/input")): Object: 'Object Repository/RecAndPlayBk/Page-Vlink-Debit/input' is clicked on

2024-05-27 19:37:10 - [MESSAGE][PASSED] - Object: 'Object Repository/RecAndPlayBk/Page-Vlink-Debit/input' is clicked on

2024-05-27 19:37:10 - [TEST_STEP][PASSED] - if (verifyTextPresent("Transaction approved, no errors", true)): null

2024-05-27 19:37:11 - [MESSAGE][PASSED] - Text 'Transaction approved, no errors' is present on page  using regular expression

2024-05-27 19:37:11 - [TEST_STEP][PASSED] - println("Transaction Approved, no errors text is present on the Confirmation page"): null

2024-05-27 19:37:11 - [TEST_STEP][PASSED] - sdfo = getText(findTestObject("Object Repository/Page_VLinkReceipt/pre_STX")): Text of object 'Object Repository/Page_VLinkReceipt/pre_STX' is: '<STX>yMwRNChydgts                  2967885             0  Transaction approved, no errors                   0                                                                                                              <ETX>'

2024-05-27 19:37:11 - [MESSAGE][PASSED] - Text of object 'Object Repository/Page_VLinkReceipt/pre_STX' is: '<STX>yMwRNChydgts                  2967885             0  Transaction approved, no errors                   0                                                                                                              <ETX>'

2024-05-27 19:37:11 - [TEST_STEP][PASSED] - out.println("sdfo: " + sdfo): null

2024-05-27 19:37:11 - [TEST_STEP][PASSED] - remID = substring(5, 35).trim(): null

2024-05-27 19:37:11 - [TEST_STEP][PASSED] - out.println("remID: " + remID): null

2024-05-27 19:37:11 - [TEST_STEP][PASSED] - traxID = substring(35, 55).trim(): null

2024-05-27 19:37:11 - [TEST_STEP][PASSED] - out.println("traxID: " + traxID): null

2024-05-27 19:37:11 - [TEST_STEP][PASSED] - VLinkSaleRemID = remID: null

2024-05-27 19:37:11 - [TEST_STEP][PASSED] - VLinkSaleTranxID = traxID: null

2024-05-27 19:37:11 - [TEST_STEP][PASSED] - openBrowser(VLinkURL + "ACH_credit.html"): Browser is opened with url: 'https://dev-algorithm.govolution.com/vlinktest/demo/version_2_0/ACH_credit.html'

2024-05-27 19:37:11 - [MESSAGE][WARNING] - A browser is already opened. Closing browser and opening a new one

2024-05-27 19:37:12 - [MESSAGE][INFO] - Starting 'Chrome' driver

2024-05-27 19:37:12 - [MESSAGE][INFO] - User set preference: ['acceptInsecureCerts', 'true']

2024-05-27 19:37:12 - [MESSAGE][INFO] - Action delay is set to 0 milliseconds

2024-05-27 19:37:14 - [MESSAGE][PASSED] - Browser is opened with url: 'https://dev-algorithm.govolution.com/vlinktest/demo/version_2_0/ACH_credit.html'

2024-05-27 19:37:14 - [TEST_STEP][PASSED] - maximizeWindow(): Current window maximized

2024-05-27 19:37:14 - [MESSAGE][PASSED] - Current window maximized

2024-05-27 19:37:14 - [TEST_STEP][PASSED] - setText(findTestObject("Object Repository/RecAndPlayBk/Page-Vlink-ACH-Credit/input_Remittance Id"), VLinkSaleRemID): Text 'yMwRNChydgts' is set on object 'Object Repository/RecAndPlayBk/Page-Vlink-ACH-Credit/input_Remittance Id'

2024-05-27 19:37:15 - [MESSAGE][PASSED] - Text 'yMwRNChydgts' is set on object 'Object Repository/RecAndPlayBk/Page-Vlink-ACH-Credit/input_Remittance Id'

2024-05-27 19:37:15 - [TEST_STEP][PASSED] - setText(findTestObject("Object Repository/RecAndPlayBk/Page-Vlink-ACH-Credit/input_Application Id"), appID): Text '1773' is set on object 'Object Repository/RecAndPlayBk/Page-Vlink-ACH-Credit/input_Application Id'

2024-05-27 19:37:16 - [MESSAGE][PASSED] - Text '1773' is set on object 'Object Repository/RecAndPlayBk/Page-Vlink-ACH-Credit/input_Application Id'

2024-05-27 19:37:16 - [TEST_STEP][PASSED] - setText(findTestObject("Object Repository/RecAndPlayBk/Page-Vlink-ACH-Credit/input_Username"), username): Text 'Qq2BV1qtr' is set on object 'Object Repository/RecAndPlayBk/Page-Vlink-ACH-Credit/input_Username'

2024-05-27 19:37:17 - [MESSAGE][PASSED] - Text 'Qq2BV1qtr' is set on object 'Object Repository/RecAndPlayBk/Page-Vlink-ACH-Credit/input_Username'

2024-05-27 19:37:17 - [TEST_STEP][PASSED] - setText(findTestObject("Object Repository/RecAndPlayBk/Page-Vlink-ACH-Credit/input_Password"), password): Text 'tUmWBiLUx' is set on object 'Object Repository/RecAndPlayBk/Page-Vlink-ACH-Credit/input_Password'

2024-05-27 19:37:17 - [MESSAGE][PASSED] - Text 'tUmWBiLUx' is set on object 'Object Repository/RecAndPlayBk/Page-Vlink-ACH-Credit/input_Password'

2024-05-27 19:37:17 - [TEST_STEP][PASSED] - setText(findTestObject("Object Repository/RecAndPlayBk/Page-Vlink-ACH-Credit/input_Check Type"), checkType): Text 'P' is set on object 'Object Repository/RecAndPlayBk/Page-Vlink-ACH-Credit/input_Check Type'

2024-05-27 19:37:18 - [MESSAGE][PASSED] - Text 'P' is set on object 'Object Repository/RecAndPlayBk/Page-Vlink-ACH-Credit/input_Check Type'

2024-05-27 19:37:18 - [TEST_STEP][PASSED] - setText(findTestObject("Object Repository/RecAndPlayBk/Page-Vlink-ACH-Credit/input_Transaction ID"), VLinkSaleTranxID): Text '2967885' is set on object 'Object Repository/RecAndPlayBk/Page-Vlink-ACH-Credit/input_Transaction ID'

2024-05-27 19:37:19 - [MESSAGE][PASSED] - Text '2967885' is set on object 'Object Repository/RecAndPlayBk/Page-Vlink-ACH-Credit/input_Transaction ID'

2024-05-27 19:37:19 - [TEST_STEP][PASSED] - setText(findTestObject("Object Repository/RecAndPlayBk/Page-Vlink-ACH-Credit/input_Amount"), amount): Text '12.50' is set on object 'Object Repository/RecAndPlayBk/Page-Vlink-ACH-Credit/input_Amount'

2024-05-27 19:37:19 - [MESSAGE][PASSED] - Text '12.50' is set on object 'Object Repository/RecAndPlayBk/Page-Vlink-ACH-Credit/input_Amount'

2024-05-27 19:37:19 - [TEST_STEP][PASSED] - setText(findTestObject("Object Repository/RecAndPlayBk/Page-Vlink-ACH-Credit/input_Standard Entry Class"), sec): Text 'PPD' is set on object 'Object Repository/RecAndPlayBk/Page-Vlink-ACH-Credit/input_Standard Entry Class'

2024-05-27 19:37:20 - [MESSAGE][PASSED] - Text 'PPD' is set on object 'Object Repository/RecAndPlayBk/Page-Vlink-ACH-Credit/input_Standard Entry Class'

2024-05-27 19:37:20 - [TEST_STEP][PASSED] - setText(findTestObject("Object Repository/RecAndPlayBk/Page-Vlink-ACH-Credit/input_Account Number"), acNumber): Text '58963214' is set on object 'Object Repository/RecAndPlayBk/Page-Vlink-ACH-Credit/input_Account Number'

2024-05-27 19:37:21 - [MESSAGE][PASSED] - Text '58963214' is set on object 'Object Repository/RecAndPlayBk/Page-Vlink-ACH-Credit/input_Account Number'

2024-05-27 19:37:21 - [TEST_STEP][PASSED] - setText(findTestObject("Object Repository/RecAndPlayBk/Page-Vlink-ACH-Credit/input_Routing Number"), rtn): Text '256072691' is set on object 'Object Repository/RecAndPlayBk/Page-Vlink-ACH-Credit/input_Routing Number'

2024-05-27 19:37:22 - [MESSAGE][PASSED] - Text '256072691' is set on object 'Object Repository/RecAndPlayBk/Page-Vlink-ACH-Credit/input_Routing Number'

2024-05-27 19:37:22 - [TEST_STEP][PASSED] - click(findTestObject("Object Repository/RecAndPlayBk/Page-Vlink-ACH-Credit/input")): Object: 'Object Repository/RecAndPlayBk/Page-Vlink-ACH-Credit/input' is clicked on

2024-05-27 19:37:22 - [MESSAGE][PASSED] - Object: 'Object Repository/RecAndPlayBk/Page-Vlink-ACH-Credit/input' is clicked on

2024-05-27 19:37:22 - [TEST_STEP][PASSED] - if (verifyTextPresent("Transaction approved, no errors", true)): null

2024-05-27 19:37:23 - [MESSAGE][PASSED] - Text 'Transaction approved, no errors' is present on page  using regular expression

2024-05-27 19:37:23 - [TEST_STEP][PASSED] - println("Transaction Approved, no errors text is present on the Confirmation page"): null

2024-05-27 19:37:23 - [TEST_STEP][PASSED] - sdfo = getText(findTestObject("Object Repository/Page_VLinkReceipt/pre_STX")): Text of object 'Object Repository/Page_VLinkReceipt/pre_STX' is: '<STX>yMwRNChydgts                  2967886             0  Transaction approved, no errors                   0                                                                                                              <ETX>'

2024-05-27 19:37:23 - [MESSAGE][PASSED] - Text of object 'Object Repository/Page_VLinkReceipt/pre_STX' is: '<STX>yMwRNChydgts                  2967886             0  Transaction approved, no errors                   0                                                                                                              <ETX>'

2024-05-27 19:37:23 - [TEST_STEP][PASSED] - out.println("sdfo: " + sdfo): null

2024-05-27 19:37:23 - [TEST_STEP][PASSED] - remID = substring(5, 35).trim(): null

2024-05-27 19:37:23 - [TEST_STEP][PASSED] - out.println("remID: " + remID): null

2024-05-27 19:37:23 - [TEST_STEP][PASSED] - traxID = substring(35, 55).trim(): null

2024-05-27 19:37:23 - [TEST_STEP][PASSED] - out.println("traxID: " + traxID): null

2024-05-27 19:37:23 - [TEST_STEP][PASSED] - VLinkSaleRemID = remID: null

2024-05-27 19:37:23 - [TEST_STEP][PASSED] - VLinkSaleTranxID = traxID: null

2024-05-27 19:37:23 - [TEST_STEP][PASSED] - openBrowser(VLinkURL + "ACH_void.html"): Browser is opened with url: 'https://dev-algorithm.govolution.com/vlinktest/demo/version_2_0/ACH_void.html'

2024-05-27 19:37:23 - [MESSAGE][WARNING] - A browser is already opened. Closing browser and opening a new one

2024-05-27 19:37:24 - [MESSAGE][INFO] - Starting 'Chrome' driver

2024-05-27 19:37:24 - [MESSAGE][INFO] - User set preference: ['acceptInsecureCerts', 'true']

2024-05-27 19:37:24 - [MESSAGE][INFO] - Action delay is set to 0 milliseconds

2024-05-27 19:37:26 - [MESSAGE][PASSED] - Browser is opened with url: 'https://dev-algorithm.govolution.com/vlinktest/demo/version_2_0/ACH_void.html'

2024-05-27 19:37:26 - [TEST_STEP][PASSED] - maximizeWindow(): Current window maximized

2024-05-27 19:37:26 - [MESSAGE][PASSED] - Current window maximized

2024-05-27 19:37:26 - [TEST_STEP][PASSED] - setText(findTestObject("Object Repository/RecAndPlayBk/Page-Vlink-ACH-Void/input_Remittance Id"), VLinkSaleRemID): Text 'yMwRNChydgts' is set on object 'Object Repository/RecAndPlayBk/Page-Vlink-ACH-Void/input_Remittance Id'

2024-05-27 19:37:27 - [MESSAGE][PASSED] - Text 'yMwRNChydgts' is set on object 'Object Repository/RecAndPlayBk/Page-Vlink-ACH-Void/input_Remittance Id'

2024-05-27 19:37:27 - [TEST_STEP][PASSED] - setText(findTestObject("Object Repository/RecAndPlayBk/Page-Vlink-ACH-Void/input_Application Id"), appID): Text '1773' is set on object 'Object Repository/RecAndPlayBk/Page-Vlink-ACH-Void/input_Application Id'

2024-05-27 19:37:28 - [MESSAGE][PASSED] - Text '1773' is set on object 'Object Repository/RecAndPlayBk/Page-Vlink-ACH-Void/input_Application Id'

2024-05-27 19:37:28 - [TEST_STEP][PASSED] - setText(findTestObject("Object Repository/RecAndPlayBk/Page-Vlink-ACH-Void/input_Username"), username): Text 'Qq2BV1qtr' is set on object 'Object Repository/RecAndPlayBk/Page-Vlink-ACH-Void/input_Username'

2024-05-27 19:37:28 - [MESSAGE][PASSED] - Text 'Qq2BV1qtr' is set on object 'Object Repository/RecAndPlayBk/Page-Vlink-ACH-Void/input_Username'

2024-05-27 19:37:28 - [TEST_STEP][PASSED] - setText(findTestObject("Object Repository/RecAndPlayBk/Page-Vlink-ACH-Void/input_Password"), password): Text 'tUmWBiLUx' is set on object 'Object Repository/RecAndPlayBk/Page-Vlink-ACH-Void/input_Password'

2024-05-27 19:37:29 - [MESSAGE][PASSED] - Text 'tUmWBiLUx' is set on object 'Object Repository/RecAndPlayBk/Page-Vlink-ACH-Void/input_Password'

2024-05-27 19:37:29 - [TEST_STEP][PASSED] - setText(findTestObject("Object Repository/RecAndPlayBk/Page-Vlink-ACH-Void/input_Check Type"), checkType): Text 'P' is set on object 'Object Repository/RecAndPlayBk/Page-Vlink-ACH-Void/input_Check Type'

2024-05-27 19:37:30 - [MESSAGE][PASSED] - Text 'P' is set on object 'Object Repository/RecAndPlayBk/Page-Vlink-ACH-Void/input_Check Type'

2024-05-27 19:37:30 - [TEST_STEP][PASSED] - setText(findTestObject("Object Repository/RecAndPlayBk/Page-Vlink-ACH-Void/input_Standard Entry Class"), sec): Text 'PPD' is set on object 'Object Repository/RecAndPlayBk/Page-Vlink-ACH-Void/input_Standard Entry Class'

2024-05-27 19:37:31 - [MESSAGE][PASSED] - Text 'PPD' is set on object 'Object Repository/RecAndPlayBk/Page-Vlink-ACH-Void/input_Standard Entry Class'

2024-05-27 19:37:31 - [TEST_STEP][PASSED] - setText(findTestObject("Object Repository/RecAndPlayBk/Page-Vlink-ACH-Void/input_Transaction ID"), VLinkSaleTranxID): Text '2967886' is set on object 'Object Repository/RecAndPlayBk/Page-Vlink-ACH-Void/input_Transaction ID'

2024-05-27 19:37:31 - [MESSAGE][PASSED] - Text '2967886' is set on object 'Object Repository/RecAndPlayBk/Page-Vlink-ACH-Void/input_Transaction ID'

2024-05-27 19:37:31 - [TEST_STEP][PASSED] - setText(findTestObject("Object Repository/RecAndPlayBk/Page-Vlink-ACH-Void/input_Original Transaction Type"), "201"): Text '201' is set on object 'Object Repository/RecAndPlayBk/Page-Vlink-ACH-Void/input_Original Transaction Type'

2024-05-27 19:37:32 - [MESSAGE][PASSED] - Text '201' is set on object 'Object Repository/RecAndPlayBk/Page-Vlink-ACH-Void/input_Original Transaction Type'

2024-05-27 19:37:32 - [TEST_STEP][PASSED] - click(findTestObject("Object Repository/RecAndPlayBk/Page-Vlink-ACH-Void/input")): Object: 'Object Repository/RecAndPlayBk/Page-Vlink-ACH-Void/input' is clicked on

2024-05-27 19:37:33 - [MESSAGE][PASSED] - Object: 'Object Repository/RecAndPlayBk/Page-Vlink-ACH-Void/input' is clicked on

2024-05-27 19:37:33 - [TEST_STEP][PASSED] - if (verifyTextPresent("Transaction approved, no errors", true)): null

2024-05-27 19:37:33 - [MESSAGE][PASSED] - Text 'Transaction approved, no errors' is present on page  using regular expression

2024-05-27 19:37:33 - [TEST_STEP][PASSED] - println("Transaction Approved, no errors text is present on the Confirmation page"): null

2024-05-27 19:37:33 - [TEST_STEP][PASSED] - out.println("Pass Record Number: " + row): null

2024-05-27 19:37:33 - [TEST_STEP][PASSED] - resText = "Pass": null

2024-05-27 19:37:33 - [TEST_STEP][PASSED] - pages.WriteExcel.demoKey(resText, datText, resColumn, datCloumn, fileLoc, nameSheet, row): pages.WriteExcel.demoKey is PASSED

2024-05-27 19:37:33 - [MESSAGE][PASSED] - pages.WriteExcel.demoKey is PASSED

2024-05-27 19:37:33 - [TEST_STEP][PASSED] - ExecuteTC = findTestData(dataFile).getValue("Execute", row): null

2024-05-27 19:37:33 - [TEST_STEP][PASSED] - out.println("Value of Execute is : " + ExecuteTC): null

2024-05-27 19:37:33 - [TEST_STEP][PASSED] - switch (executionProfile): null

2024-05-27 19:37:33 - [TEST_STEP][PASSED] - case "DemoProfile":: null

2024-05-27 19:37:33 - [TEST_STEP][PASSED] - appID = findTestData(dataFile).getValue("AppIDDemo", row): null

2024-05-27 19:37:33 - [TEST_STEP][PASSED] - username = findTestData(dataFile).getValue("UsernameDemo", row): null

2024-05-27 19:37:33 - [TEST_STEP][PASSED] - password = findTestData(dataFile).getValue("PasswordDemo", row): null

2024-05-27 19:37:34 - [TEST_STEP][PASSED] - break: null

2024-05-27 19:37:34 - [TEST_STEP][PASSED] - if (ExecuteTC.equalsIgnoreCase("Y")): null

2024-05-27 19:37:34 - [TEST_STEP][PASSED] - out.println("Begin Record Number: " + row): null

2024-05-27 19:37:34 - [TEST_STEP][PASSED] - today = new java.util.Date(): null

2024-05-27 19:37:34 - [TEST_STEP][PASSED] - println(today): null

2024-05-27 19:37:34 - [TEST_STEP][PASSED] - datText = today: null

2024-05-27 19:37:34 - [TEST_STEP][PASSED] - checkType = findTestData(dataFile).getValue("CheckType", row): null

2024-05-27 19:37:34 - [TEST_STEP][PASSED] - acNumber = findTestData(dataFile).getValue("AcNumber", row): null

2024-05-27 19:37:34 - [TEST_STEP][PASSED] - company = findTestData(dataFile).getValue("Company", row): null

2024-05-27 19:37:34 - [TEST_STEP][PASSED] - acType = findTestData(dataFile).getValue("AcType", row): null

2024-05-27 19:37:34 - [TEST_STEP][PASSED] - rtn = findTestData(dataFile).getValue("RTN", row): null

2024-05-27 19:37:34 - [TEST_STEP][PASSED] - amount = findTestData(dataFile).getValue("Amount", row): null

2024-05-27 19:37:34 - [TEST_STEP][PASSED] - sec = findTestData(dataFile).getValue("SEC", row): null

2024-05-27 19:37:34 - [TEST_STEP][PASSED] - openBrowser(VLinkURL + "debit.html"): Browser is opened with url: 'https://dev-algorithm.govolution.com/vlinktest/demo/version_2_0/debit.html'

2024-05-27 19:37:34 - [MESSAGE][WARNING] - A browser is already opened. Closing browser and opening a new one

2024-05-27 19:37:35 - [MESSAGE][INFO] - Starting 'Chrome' driver

2024-05-27 19:37:35 - [MESSAGE][INFO] - User set preference: ['acceptInsecureCerts', 'true']

2024-05-27 19:37:35 - [MESSAGE][INFO] - Action delay is set to 0 milliseconds

2024-05-27 19:37:37 - [MESSAGE][PASSED] - Browser is opened with url: 'https://dev-algorithm.govolution.com/vlinktest/demo/version_2_0/debit.html'

2024-05-27 19:37:37 - [TEST_STEP][PASSED] - maximizeWindow(): Current window maximized

2024-05-27 19:37:37 - [MESSAGE][PASSED] - Current window maximized

2024-05-27 19:37:37 - [TEST_STEP][PASSED] - genRemID = RandomStringUtils.random(12, true, true): null

2024-05-27 19:37:37 - [TEST_STEP][PASSED] - setText(findTestObject("RecAndPlayBk/Page-Vlink-Debit/input_Remittance Id"), genRemID): Text 'xuK3JQFuT6gD' is set on object 'Object Repository/RecAndPlayBk/Page-Vlink-Debit/input_Remittance Id'

2024-05-27 19:37:38 - [MESSAGE][PASSED] - Text 'xuK3JQFuT6gD' is set on object 'Object Repository/RecAndPlayBk/Page-Vlink-Debit/input_Remittance Id'

2024-05-27 19:37:38 - [TEST_STEP][PASSED] - setText(findTestObject("RecAndPlayBk/Page-Vlink-Debit/input_Application Id"), appID): Text '1773' is set on object 'Object Repository/RecAndPlayBk/Page-Vlink-Debit/input_Application Id'

2024-05-27 19:37:39 - [MESSAGE][PASSED] - Text '1773' is set on object 'Object Repository/RecAndPlayBk/Page-Vlink-Debit/input_Application Id'

2024-05-27 19:37:39 - [TEST_STEP][PASSED] - setText(findTestObject("RecAndPlayBk/Page-Vlink-Debit/input_Username"), username): Text 'Qq2BV1qtr' is set on object 'Object Repository/RecAndPlayBk/Page-Vlink-Debit/input_Username'

2024-05-27 19:37:40 - [MESSAGE][PASSED] - Text 'Qq2BV1qtr' is set on object 'Object Repository/RecAndPlayBk/Page-Vlink-Debit/input_Username'

2024-05-27 19:37:40 - [TEST_STEP][PASSED] - setText(findTestObject("RecAndPlayBk/Page-Vlink-Debit/input_Password"), password): Text 'tUmWBiLUx' is set on object 'Object Repository/RecAndPlayBk/Page-Vlink-Debit/input_Password'

2024-05-27 19:37:40 - [MESSAGE][PASSED] - Text 'tUmWBiLUx' is set on object 'Object Repository/RecAndPlayBk/Page-Vlink-Debit/input_Password'

2024-05-27 19:37:40 - [TEST_STEP][PASSED] - setText(findTestObject("RecAndPlayBk/Page-Vlink-Debit/input_Check Type"), checkType): Text 'C' is set on object 'Object Repository/RecAndPlayBk/Page-Vlink-Debit/input_Check Type'

2024-05-27 19:37:41 - [MESSAGE][PASSED] - Text 'C' is set on object 'Object Repository/RecAndPlayBk/Page-Vlink-Debit/input_Check Type'

2024-05-27 19:37:41 - [TEST_STEP][PASSED] - setText(findTestObject("RecAndPlayBk/Page-Vlink-Debit/input_Account_check"), acNumber): Text '58963214' is set on object 'Object Repository/RecAndPlayBk/Page-Vlink-Debit/input_Account_check'

2024-05-27 19:37:42 - [MESSAGE][PASSED] - Text '58963214' is set on object 'Object Repository/RecAndPlayBk/Page-Vlink-Debit/input_Account_check'

2024-05-27 19:37:42 - [TEST_STEP][PASSED] - setText(findTestObject("RecAndPlayBk/Page-Vlink-Debit/input_Company_check"), company): Text 'My Company' is set on object 'Object Repository/RecAndPlayBk/Page-Vlink-Debit/input_Company_check'

2024-05-27 19:37:43 - [MESSAGE][PASSED] - Text 'My Company' is set on object 'Object Repository/RecAndPlayBk/Page-Vlink-Debit/input_Company_check'

2024-05-27 19:37:43 - [TEST_STEP][PASSED] - setText(findTestObject("RecAndPlayBk/Page-Vlink-Debit/input_Account Type"), acType): Text '' is set on object 'Object Repository/RecAndPlayBk/Page-Vlink-Debit/input_Account Type'

2024-05-27 19:37:43 - [MESSAGE][PASSED] - Text '' is set on object 'Object Repository/RecAndPlayBk/Page-Vlink-Debit/input_Account Type'

2024-05-27 19:37:43 - [TEST_STEP][PASSED] - setText(findTestObject("RecAndPlayBk/Page-Vlink-Debit/input_Routing Number"), rtn): Text '256072691' is set on object 'Object Repository/RecAndPlayBk/Page-Vlink-Debit/input_Routing Number'

2024-05-27 19:37:44 - [MESSAGE][PASSED] - Text '256072691' is set on object 'Object Repository/RecAndPlayBk/Page-Vlink-Debit/input_Routing Number'

2024-05-27 19:37:44 - [TEST_STEP][PASSED] - setText(findTestObject("RecAndPlayBk/Page-Vlink-Debit/input_Amount"), amount): Text '12.50' is set on object 'Object Repository/RecAndPlayBk/Page-Vlink-Debit/input_Amount'

2024-05-27 19:37:45 - [MESSAGE][PASSED] - Text '12.50' is set on object 'Object Repository/RecAndPlayBk/Page-Vlink-Debit/input_Amount'

2024-05-27 19:37:45 - [TEST_STEP][PASSED] - setText(findTestObject("RecAndPlayBk/Page-Vlink-Debit/input_Check Email"), ""): Text '' is set on object 'Object Repository/RecAndPlayBk/Page-Vlink-Debit/input_Check Email'

2024-05-27 19:37:45 - [MESSAGE][PASSED] - Text '' is set on object 'Object Repository/RecAndPlayBk/Page-Vlink-Debit/input_Check Email'

2024-05-27 19:37:45 - [TEST_STEP][PASSED] - setText(findTestObject("Object Repository/RecAndPlayBk/Page-Vlink-Debit/input_concat(CheckWriter, , s SSN)_check_ssn"), ""): Text '' is set on object 'Object Repository/RecAndPlayBk/Page-Vlink-Debit/input_concat(CheckWriter, , s SSN)_check_ssn'

2024-05-27 19:37:46 - [MESSAGE][PASSED] - Text '' is set on object 'Object Repository/RecAndPlayBk/Page-Vlink-Debit/input_concat(CheckWriter, , s SSN)_check_ssn'

2024-05-27 19:37:46 - [TEST_STEP][PASSED] - setText(findTestObject("Object Repository/RecAndPlayBk/Page-Vlink-Debit/input_concat(CheckWriter, , s License Numbe_020fef"), ""): Text '' is set on object 'Object Repository/RecAndPlayBk/Page-Vlink-Debit/input_concat(CheckWriter, , s License Numbe_020fef'

2024-05-27 19:37:47 - [MESSAGE][PASSED] - Text '' is set on object 'Object Repository/RecAndPlayBk/Page-Vlink-Debit/input_concat(CheckWriter, , s License Numbe_020fef'

2024-05-27 19:37:47 - [TEST_STEP][PASSED] - setText(findTestObject("Object Repository/RecAndPlayBk/Page-Vlink-Debit/input_concat(CheckWriter, , s License State_21e3e7"), ""): Text '' is set on object 'Object Repository/RecAndPlayBk/Page-Vlink-Debit/input_concat(CheckWriter, , s License State_21e3e7'

2024-05-27 19:37:47 - [MESSAGE][PASSED] - Text '' is set on object 'Object Repository/RecAndPlayBk/Page-Vlink-Debit/input_concat(CheckWriter, , s License State_21e3e7'

2024-05-27 19:37:47 - [TEST_STEP][PASSED] - setText(findTestObject("RecAndPlayBk/Page-Vlink-Debit/input_Standard Entry Class"), sec): Text 'CCD' is set on object 'Object Repository/RecAndPlayBk/Page-Vlink-Debit/input_Standard Entry Class'

2024-05-27 19:37:48 - [MESSAGE][PASSED] - Text 'CCD' is set on object 'Object Repository/RecAndPlayBk/Page-Vlink-Debit/input_Standard Entry Class'

2024-05-27 19:37:48 - [TEST_STEP][PASSED] - click(findTestObject("Object Repository/RecAndPlayBk/Page-Vlink-Debit/input")): Object: 'Object Repository/RecAndPlayBk/Page-Vlink-Debit/input' is clicked on

2024-05-27 19:37:49 - [MESSAGE][PASSED] - Object: 'Object Repository/RecAndPlayBk/Page-Vlink-Debit/input' is clicked on

2024-05-27 19:37:49 - [TEST_STEP][PASSED] - if (verifyTextPresent("Transaction approved, no errors", true)): null

2024-05-27 19:37:49 - [MESSAGE][PASSED] - Text 'Transaction approved, no errors' is present on page  using regular expression

2024-05-27 19:37:49 - [TEST_STEP][PASSED] - println("Transaction Approved, no errors text is present on the Confirmation page"): null

2024-05-27 19:37:49 - [TEST_STEP][PASSED] - sdfo = getText(findTestObject("Object Repository/Page_VLinkReceipt/pre_STX")): Text of object 'Object Repository/Page_VLinkReceipt/pre_STX' is: '<STX>xuK3JQFuT6gD                  2967888             0  Transaction approved, no errors                   0                                                                                                              <ETX>'

2024-05-27 19:37:50 - [MESSAGE][PASSED] - Text of object 'Object Repository/Page_VLinkReceipt/pre_STX' is: '<STX>xuK3JQFuT6gD                  2967888             0  Transaction approved, no errors                   0                                                                                                              <ETX>'

2024-05-27 19:37:50 - [TEST_STEP][PASSED] - out.println("sdfo: " + sdfo): null

2024-05-27 19:37:50 - [TEST_STEP][PASSED] - remID = substring(5, 35).trim(): null

2024-05-27 19:37:50 - [TEST_STEP][PASSED] - out.println("remID: " + remID): null

2024-05-27 19:37:50 - [TEST_STEP][PASSED] - traxID = substring(35, 55).trim(): null

2024-05-27 19:37:50 - [TEST_STEP][PASSED] - out.println("traxID: " + traxID): null

2024-05-27 19:37:50 - [TEST_STEP][PASSED] - VLinkSaleRemID = remID: null

2024-05-27 19:37:50 - [TEST_STEP][PASSED] - VLinkSaleTranxID = traxID: null

2024-05-27 19:37:50 - [TEST_STEP][PASSED] - openBrowser(VLinkURL + "ACH_credit.html"): Browser is opened with url: 'https://dev-algorithm.govolution.com/vlinktest/demo/version_2_0/ACH_credit.html'

2024-05-27 19:37:50 - [MESSAGE][WARNING] - A browser is already opened. Closing browser and opening a new one

2024-05-27 19:37:51 - [MESSAGE][INFO] - Starting 'Chrome' driver

2024-05-27 19:37:51 - [MESSAGE][INFO] - User set preference: ['acceptInsecureCerts', 'true']

2024-05-27 19:37:51 - [MESSAGE][INFO] - Action delay is set to 0 milliseconds

2024-05-27 19:37:53 - [MESSAGE][PASSED] - Browser is opened with url: 'https://dev-algorithm.govolution.com/vlinktest/demo/version_2_0/ACH_credit.html'

2024-05-27 19:37:53 - [TEST_STEP][PASSED] - maximizeWindow(): Current window maximized

2024-05-27 19:37:53 - [MESSAGE][PASSED] - Current window maximized

2024-05-27 19:37:53 - [TEST_STEP][PASSED] - setText(findTestObject("Object Repository/RecAndPlayBk/Page-Vlink-ACH-Credit/input_Remittance Id"), VLinkSaleRemID): Text 'xuK3JQFuT6gD' is set on object 'Object Repository/RecAndPlayBk/Page-Vlink-ACH-Credit/input_Remittance Id'

2024-05-27 19:37:54 - [MESSAGE][PASSED] - Text 'xuK3JQFuT6gD' is set on object 'Object Repository/RecAndPlayBk/Page-Vlink-ACH-Credit/input_Remittance Id'

2024-05-27 19:37:54 - [TEST_STEP][PASSED] - setText(findTestObject("Object Repository/RecAndPlayBk/Page-Vlink-ACH-Credit/input_Application Id"), appID): Text '1773' is set on object 'Object Repository/RecAndPlayBk/Page-Vlink-ACH-Credit/input_Application Id'

2024-05-27 19:37:55 - [MESSAGE][PASSED] - Text '1773' is set on object 'Object Repository/RecAndPlayBk/Page-Vlink-ACH-Credit/input_Application Id'

2024-05-27 19:37:55 - [TEST_STEP][PASSED] - setText(findTestObject("Object Repository/RecAndPlayBk/Page-Vlink-ACH-Credit/input_Username"), username): Text 'Qq2BV1qtr' is set on object 'Object Repository/RecAndPlayBk/Page-Vlink-ACH-Credit/input_Username'

2024-05-27 19:37:55 - [MESSAGE][PASSED] - Text 'Qq2BV1qtr' is set on object 'Object Repository/RecAndPlayBk/Page-Vlink-ACH-Credit/input_Username'

2024-05-27 19:37:55 - [TEST_STEP][PASSED] - setText(findTestObject("Object Repository/RecAndPlayBk/Page-Vlink-ACH-Credit/input_Password"), password): Text 'tUmWBiLUx' is set on object 'Object Repository/RecAndPlayBk/Page-Vlink-ACH-Credit/input_Password'

2024-05-27 19:37:56 - [MESSAGE][PASSED] - Text 'tUmWBiLUx' is set on object 'Object Repository/RecAndPlayBk/Page-Vlink-ACH-Credit/input_Password'

2024-05-27 19:37:56 - [TEST_STEP][PASSED] - setText(findTestObject("Object Repository/RecAndPlayBk/Page-Vlink-ACH-Credit/input_Check Type"), checkType): Text 'C' is set on object 'Object Repository/RecAndPlayBk/Page-Vlink-ACH-Credit/input_Check Type'

2024-05-27 19:37:57 - [MESSAGE][PASSED] - Text 'C' is set on object 'Object Repository/RecAndPlayBk/Page-Vlink-ACH-Credit/input_Check Type'

2024-05-27 19:37:57 - [TEST_STEP][PASSED] - setText(findTestObject("Object Repository/RecAndPlayBk/Page-Vlink-ACH-Credit/input_Transaction ID"), VLinkSaleTranxID): Text '2967888' is set on object 'Object Repository/RecAndPlayBk/Page-Vlink-ACH-Credit/input_Transaction ID'

2024-05-27 19:37:57 - [MESSAGE][PASSED] - Text '2967888' is set on object 'Object Repository/RecAndPlayBk/Page-Vlink-ACH-Credit/input_Transaction ID'

2024-05-27 19:37:57 - [TEST_STEP][PASSED] - setText(findTestObject("Object Repository/RecAndPlayBk/Page-Vlink-ACH-Credit/input_Amount"), amount): Text '12.50' is set on object 'Object Repository/RecAndPlayBk/Page-Vlink-ACH-Credit/input_Amount'

2024-05-27 19:37:58 - [MESSAGE][PASSED] - Text '12.50' is set on object 'Object Repository/RecAndPlayBk/Page-Vlink-ACH-Credit/input_Amount'

2024-05-27 19:37:58 - [TEST_STEP][PASSED] - setText(findTestObject("Object Repository/RecAndPlayBk/Page-Vlink-ACH-Credit/input_Standard Entry Class"), sec): Text 'CCD' is set on object 'Object Repository/RecAndPlayBk/Page-Vlink-ACH-Credit/input_Standard Entry Class'

2024-05-27 19:37:59 - [MESSAGE][PASSED] - Text 'CCD' is set on object 'Object Repository/RecAndPlayBk/Page-Vlink-ACH-Credit/input_Standard Entry Class'

2024-05-27 19:37:59 - [TEST_STEP][PASSED] - setText(findTestObject("Object Repository/RecAndPlayBk/Page-Vlink-ACH-Credit/input_Account Number"), acNumber): Text '58963214' is set on object 'Object Repository/RecAndPlayBk/Page-Vlink-ACH-Credit/input_Account Number'

2024-05-27 19:37:59 - [MESSAGE][PASSED] - Text '58963214' is set on object 'Object Repository/RecAndPlayBk/Page-Vlink-ACH-Credit/input_Account Number'

2024-05-27 19:37:59 - [TEST_STEP][PASSED] - setText(findTestObject("Object Repository/RecAndPlayBk/Page-Vlink-ACH-Credit/input_Routing Number"), rtn): Text '256072691' is set on object 'Object Repository/RecAndPlayBk/Page-Vlink-ACH-Credit/input_Routing Number'

2024-05-27 19:38:00 - [MESSAGE][PASSED] - Text '256072691' is set on object 'Object Repository/RecAndPlayBk/Page-Vlink-ACH-Credit/input_Routing Number'

2024-05-27 19:38:00 - [TEST_STEP][PASSED] - click(findTestObject("Object Repository/RecAndPlayBk/Page-Vlink-ACH-Credit/input")): Object: 'Object Repository/RecAndPlayBk/Page-Vlink-ACH-Credit/input' is clicked on

2024-05-27 19:38:01 - [MESSAGE][PASSED] - Object: 'Object Repository/RecAndPlayBk/Page-Vlink-ACH-Credit/input' is clicked on

2024-05-27 19:38:01 - [TEST_STEP][PASSED] - if (verifyTextPresent("Transaction approved, no errors", true)): null

2024-05-27 19:38:01 - [MESSAGE][PASSED] - Text 'Transaction approved, no errors' is present on page  using regular expression

2024-05-27 19:38:01 - [TEST_STEP][PASSED] - println("Transaction Approved, no errors text is present on the Confirmation page"): null

2024-05-27 19:38:01 - [TEST_STEP][PASSED] - sdfo = getText(findTestObject("Object Repository/Page_VLinkReceipt/pre_STX")): Text of object 'Object Repository/Page_VLinkReceipt/pre_STX' is: '<STX>xuK3JQFuT6gD                  2967889             0  Transaction approved, no errors                   0                                                                                                              <ETX>'

2024-05-27 19:38:01 - [MESSAGE][PASSED] - Text of object 'Object Repository/Page_VLinkReceipt/pre_STX' is: '<STX>xuK3JQFuT6gD                  2967889             0  Transaction approved, no errors                   0                                                                                                              <ETX>'

2024-05-27 19:38:01 - [TEST_STEP][PASSED] - out.println("sdfo: " + sdfo): null

2024-05-27 19:38:01 - [TEST_STEP][PASSED] - remID = substring(5, 35).trim(): null

2024-05-27 19:38:01 - [TEST_STEP][PASSED] - out.println("remID: " + remID): null

2024-05-27 19:38:01 - [TEST_STEP][PASSED] - traxID = substring(35, 55).trim(): null

2024-05-27 19:38:01 - [TEST_STEP][PASSED] - out.println("traxID: " + traxID): null

2024-05-27 19:38:01 - [TEST_STEP][PASSED] - VLinkSaleRemID = remID: null

2024-05-27 19:38:01 - [TEST_STEP][PASSED] - VLinkSaleTranxID = traxID: null

2024-05-27 19:38:01 - [TEST_STEP][PASSED] - openBrowser(VLinkURL + "ACH_void.html"): Browser is opened with url: 'https://dev-algorithm.govolution.com/vlinktest/demo/version_2_0/ACH_void.html'

2024-05-27 19:38:01 - [MESSAGE][WARNING] - A browser is already opened. Closing browser and opening a new one

2024-05-27 19:38:03 - [MESSAGE][INFO] - Starting 'Chrome' driver

2024-05-27 19:38:03 - [MESSAGE][INFO] - User set preference: ['acceptInsecureCerts', 'true']

2024-05-27 19:38:03 - [MESSAGE][INFO] - Action delay is set to 0 milliseconds

2024-05-27 19:38:05 - [MESSAGE][PASSED] - Browser is opened with url: 'https://dev-algorithm.govolution.com/vlinktest/demo/version_2_0/ACH_void.html'

2024-05-27 19:38:05 - [TEST_STEP][PASSED] - maximizeWindow(): Current window maximized

2024-05-27 19:38:05 - [MESSAGE][PASSED] - Current window maximized

2024-05-27 19:38:05 - [TEST_STEP][PASSED] - setText(findTestObject("Object Repository/RecAndPlayBk/Page-Vlink-ACH-Void/input_Remittance Id"), VLinkSaleRemID): Text 'xuK3JQFuT6gD' is set on object 'Object Repository/RecAndPlayBk/Page-Vlink-ACH-Void/input_Remittance Id'

2024-05-27 19:38:06 - [MESSAGE][PASSED] - Text 'xuK3JQFuT6gD' is set on object 'Object Repository/RecAndPlayBk/Page-Vlink-ACH-Void/input_Remittance Id'

2024-05-27 19:38:06 - [TEST_STEP][PASSED] - setText(findTestObject("Object Repository/RecAndPlayBk/Page-Vlink-ACH-Void/input_Application Id"), appID): Text '1773' is set on object 'Object Repository/RecAndPlayBk/Page-Vlink-ACH-Void/input_Application Id'

2024-05-27 19:38:06 - [MESSAGE][PASSED] - Text '1773' is set on object 'Object Repository/RecAndPlayBk/Page-Vlink-ACH-Void/input_Application Id'

2024-05-27 19:38:06 - [TEST_STEP][PASSED] - setText(findTestObject("Object Repository/RecAndPlayBk/Page-Vlink-ACH-Void/input_Username"), username): Text 'Qq2BV1qtr' is set on object 'Object Repository/RecAndPlayBk/Page-Vlink-ACH-Void/input_Username'

2024-05-27 19:38:07 - [MESSAGE][PASSED] - Text 'Qq2BV1qtr' is set on object 'Object Repository/RecAndPlayBk/Page-Vlink-ACH-Void/input_Username'

2024-05-27 19:38:07 - [TEST_STEP][PASSED] - setText(findTestObject("Object Repository/RecAndPlayBk/Page-Vlink-ACH-Void/input_Password"), password): Text 'tUmWBiLUx' is set on object 'Object Repository/RecAndPlayBk/Page-Vlink-ACH-Void/input_Password'

2024-05-27 19:38:08 - [MESSAGE][PASSED] - Text 'tUmWBiLUx' is set on object 'Object Repository/RecAndPlayBk/Page-Vlink-ACH-Void/input_Password'

2024-05-27 19:38:08 - [TEST_STEP][PASSED] - setText(findTestObject("Object Repository/RecAndPlayBk/Page-Vlink-ACH-Void/input_Check Type"), checkType): Text 'C' is set on object 'Object Repository/RecAndPlayBk/Page-Vlink-ACH-Void/input_Check Type'

2024-05-27 19:38:08 - [MESSAGE][PASSED] - Text 'C' is set on object 'Object Repository/RecAndPlayBk/Page-Vlink-ACH-Void/input_Check Type'

2024-05-27 19:38:08 - [TEST_STEP][PASSED] - setText(findTestObject("Object Repository/RecAndPlayBk/Page-Vlink-ACH-Void/input_Standard Entry Class"), sec): Text 'CCD' is set on object 'Object Repository/RecAndPlayBk/Page-Vlink-ACH-Void/input_Standard Entry Class'

2024-05-27 19:38:09 - [MESSAGE][PASSED] - Text 'CCD' is set on object 'Object Repository/RecAndPlayBk/Page-Vlink-ACH-Void/input_Standard Entry Class'

2024-05-27 19:38:09 - [TEST_STEP][PASSED] - setText(findTestObject("Object Repository/RecAndPlayBk/Page-Vlink-ACH-Void/input_Transaction ID"), VLinkSaleTranxID): Text '2967889' is set on object 'Object Repository/RecAndPlayBk/Page-Vlink-ACH-Void/input_Transaction ID'

2024-05-27 19:38:10 - [MESSAGE][PASSED] - Text '2967889' is set on object 'Object Repository/RecAndPlayBk/Page-Vlink-ACH-Void/input_Transaction ID'

2024-05-27 19:38:10 - [TEST_STEP][PASSED] - setText(findTestObject("Object Repository/RecAndPlayBk/Page-Vlink-ACH-Void/input_Original Transaction Type"), "201"): Text '201' is set on object 'Object Repository/RecAndPlayBk/Page-Vlink-ACH-Void/input_Original Transaction Type'

2024-05-27 19:38:10 - [MESSAGE][PASSED] - Text '201' is set on object 'Object Repository/RecAndPlayBk/Page-Vlink-ACH-Void/input_Original Transaction Type'

2024-05-27 19:38:10 - [TEST_STEP][PASSED] - click(findTestObject("Object Repository/RecAndPlayBk/Page-Vlink-ACH-Void/input")): Object: 'Object Repository/RecAndPlayBk/Page-Vlink-ACH-Void/input' is clicked on

2024-05-27 19:38:11 - [MESSAGE][PASSED] - Object: 'Object Repository/RecAndPlayBk/Page-Vlink-ACH-Void/input' is clicked on

2024-05-27 19:38:11 - [TEST_STEP][PASSED] - if (verifyTextPresent("Transaction approved, no errors", true)): null

2024-05-27 19:38:12 - [MESSAGE][PASSED] - Text 'Transaction approved, no errors' is present on page  using regular expression

2024-05-27 19:38:12 - [TEST_STEP][PASSED] - println("Transaction Approved, no errors text is present on the Confirmation page"): null

2024-05-27 19:38:12 - [TEST_STEP][PASSED] - out.println("Pass Record Number: " + row): null

2024-05-27 19:38:12 - [TEST_STEP][PASSED] - resText = "Pass": null

2024-05-27 19:38:12 - [TEST_STEP][PASSED] - pages.WriteExcel.demoKey(resText, datText, resColumn, datCloumn, fileLoc, nameSheet, row): pages.WriteExcel.demoKey is PASSED

2024-05-27 19:38:12 - [MESSAGE][PASSED] - pages.WriteExcel.demoKey is PASSED]]></system-out>
         <system-err><![CDATA[]]></system-err>
      </testcase>
      <testcase name="Test Cases/RecAndPlayBk/VLink/Debit-Credit-RemID-Pipe" time="207.24" classname="Test Cases/RecAndPlayBk/VLink/Debit-Credit-RemID-Pipe" status="PASSED">
         <system-out><![CDATA[2024-05-27 19:38:12 - [TEST_CASE][PASSED] - Test Cases/RecAndPlayBk/VLink/Debit-Credit-RemID-Pipe: Test Cases/RecAndPlayBk/VLink/Debit-Credit-RemID-Pipe

2024-05-27 19:38:13 - [TEST_STEP][PASSED] - executionProfile = getExecutionProfile(): null

2024-05-27 19:38:13 - [TEST_STEP][PASSED] - out.println("executionProfile : " + executionProfile): null

2024-05-27 19:38:13 - [TEST_STEP][PASSED] - resText = "Fail": null

2024-05-27 19:38:13 - [TEST_STEP][PASSED] - resColumn = "Result": null

2024-05-27 19:38:13 - [TEST_STEP][PASSED] - datCloumn = "Date": null

2024-05-27 19:38:13 - [TEST_STEP][PASSED] - fileLoc = "KatalonData/VLinkSmokeDataACH.xlsx": null

2024-05-27 19:38:13 - [TEST_STEP][PASSED] - numOfRows = <not implemented yet for class: org.codehaus.groovy.ast.expr.EmptyExpression>: null

2024-05-27 19:38:13 - [TEST_STEP][PASSED] - dataFile = <not implemented yet for class: org.codehaus.groovy.ast.expr.EmptyExpression>: null

2024-05-27 19:38:13 - [TEST_STEP][PASSED] - nameSheet = <not implemented yet for class: org.codehaus.groovy.ast.expr.EmptyExpression>: null

2024-05-27 19:38:13 - [TEST_STEP][PASSED] - nameSheet = "DebitCredit-RemID-Pipe": null

2024-05-27 19:38:13 - [TEST_STEP][PASSED] - numOfRows = findTestData("QA/VLinkTestData/VLinkDebitCreditRemIDPipeData").getRowNumbers(): null

2024-05-27 19:38:13 - [TEST_STEP][PASSED] - println("Number of Records: " + numOfRows): null

2024-05-27 19:38:13 - [TEST_STEP][PASSED] - dataFile = "QA/VLinkTestData/VLinkDebitCreditRemIDPipeData": null

2024-05-27 19:38:13 - [TEST_STEP][PASSED] - for ([row = 1, row <= numOfRows, (row++)]): null

2024-05-27 19:38:13 - [TEST_STEP][PASSED] - ExecuteTC = findTestData(dataFile).getValue("Execute", row): null

2024-05-27 19:38:13 - [TEST_STEP][PASSED] - out.println("Value of Execute is : " + ExecuteTC): null

2024-05-27 19:38:13 - [TEST_STEP][PASSED] - switch (executionProfile): null

2024-05-27 19:38:13 - [TEST_STEP][PASSED] - case "DemoProfile":: null

2024-05-27 19:38:13 - [TEST_STEP][PASSED] - appID = findTestData(dataFile).getValue("AppIDDemo", row): null

2024-05-27 19:38:13 - [TEST_STEP][PASSED] - username = findTestData(dataFile).getValue("UsernameDemo", row): null

2024-05-27 19:38:13 - [TEST_STEP][PASSED] - password = findTestData(dataFile).getValue("PasswordDemo", row): null

2024-05-27 19:38:13 - [TEST_STEP][PASSED] - break: null

2024-05-27 19:38:13 - [TEST_STEP][PASSED] - if (ExecuteTC.equalsIgnoreCase("Y")): null

2024-05-27 19:38:13 - [TEST_STEP][PASSED] - out.println("Begin Record Number: " + row): null

2024-05-27 19:38:13 - [TEST_STEP][PASSED] - today = new java.util.Date(): null

2024-05-27 19:38:13 - [TEST_STEP][PASSED] - println(today): null

2024-05-27 19:38:13 - [TEST_STEP][PASSED] - datText = today: null

2024-05-27 19:38:13 - [TEST_STEP][PASSED] - checkType = findTestData(dataFile).getValue("CheckType", row): null

2024-05-27 19:38:13 - [TEST_STEP][PASSED] - acNumber = findTestData(dataFile).getValue("AcNumber", row): null

2024-05-27 19:38:13 - [TEST_STEP][PASSED] - company = findTestData(dataFile).getValue("Company", row): null

2024-05-27 19:38:13 - [TEST_STEP][PASSED] - acType = findTestData(dataFile).getValue("AcType", row): null

2024-05-27 19:38:13 - [TEST_STEP][PASSED] - rtn = findTestData(dataFile).getValue("RTN", row): null

2024-05-27 19:38:13 - [TEST_STEP][PASSED] - amount = findTestData(dataFile).getValue("Amount", row): null

2024-05-27 19:38:13 - [TEST_STEP][PASSED] - sec = findTestData(dataFile).getValue("SEC", row): null

2024-05-27 19:38:13 - [TEST_STEP][PASSED] - openBrowser(VLinkURL + "debit.html"): Browser is opened with url: 'https://dev-algorithm.govolution.com/vlinktest/demo/version_2_0/debit.html'

2024-05-27 19:38:13 - [MESSAGE][WARNING] - A browser is already opened. Closing browser and opening a new one

2024-05-27 19:38:14 - [MESSAGE][INFO] - Starting 'Chrome' driver

2024-05-27 19:38:14 - [MESSAGE][INFO] - User set preference: ['acceptInsecureCerts', 'true']

2024-05-27 19:38:14 - [MESSAGE][INFO] - Action delay is set to 0 milliseconds

2024-05-27 19:38:16 - [MESSAGE][PASSED] - Browser is opened with url: 'https://dev-algorithm.govolution.com/vlinktest/demo/version_2_0/debit.html'

2024-05-27 19:38:16 - [TEST_STEP][PASSED] - maximizeWindow(): Current window maximized

2024-05-27 19:38:17 - [MESSAGE][PASSED] - Current window maximized

2024-05-27 19:38:17 - [TEST_STEP][PASSED] - genRemID1 = random() * 99999).toInteger(): null

2024-05-27 19:38:17 - [TEST_STEP][PASSED] - genRemID2 = random() * 99999).toInteger(): null

2024-05-27 19:38:17 - [TEST_STEP][PASSED] - genRemID3 = random() * 99999).toInteger(): null

2024-05-27 19:38:17 - [TEST_STEP][PASSED] - println(genRemID1): null

2024-05-27 19:38:17 - [TEST_STEP][PASSED] - println(genRemID2): null

2024-05-27 19:38:17 - [TEST_STEP][PASSED] - println(genRemID3): null

2024-05-27 19:38:17 - [TEST_STEP][PASSED] - genRemID = genRemID1 + "|" + genRemID2 + "|" + genRemID3: null

2024-05-27 19:38:17 - [TEST_STEP][PASSED] - println(genRemID): null

2024-05-27 19:38:17 - [TEST_STEP][PASSED] - setText(findTestObject("RecAndPlayBk/Page-Vlink-Debit/input_Remittance Id"), genRemID): Text '79879|76185|63975' is set on object 'Object Repository/RecAndPlayBk/Page-Vlink-Debit/input_Remittance Id'

2024-05-27 19:38:17 - [MESSAGE][PASSED] - Text '79879|76185|63975' is set on object 'Object Repository/RecAndPlayBk/Page-Vlink-Debit/input_Remittance Id'

2024-05-27 19:38:17 - [TEST_STEP][PASSED] - setText(findTestObject("RecAndPlayBk/Page-Vlink-Debit/input_Application Id"), appID): Text '1773' is set on object 'Object Repository/RecAndPlayBk/Page-Vlink-Debit/input_Application Id'

2024-05-27 19:38:18 - [MESSAGE][PASSED] - Text '1773' is set on object 'Object Repository/RecAndPlayBk/Page-Vlink-Debit/input_Application Id'

2024-05-27 19:38:18 - [TEST_STEP][PASSED] - setText(findTestObject("RecAndPlayBk/Page-Vlink-Debit/input_Username"), username): Text 'Qq2BV1qtr' is set on object 'Object Repository/RecAndPlayBk/Page-Vlink-Debit/input_Username'

2024-05-27 19:38:19 - [MESSAGE][PASSED] - Text 'Qq2BV1qtr' is set on object 'Object Repository/RecAndPlayBk/Page-Vlink-Debit/input_Username'

2024-05-27 19:38:19 - [TEST_STEP][PASSED] - setText(findTestObject("RecAndPlayBk/Page-Vlink-Debit/input_Password"), password): Text 'tUmWBiLUx' is set on object 'Object Repository/RecAndPlayBk/Page-Vlink-Debit/input_Password'

2024-05-27 19:38:19 - [MESSAGE][PASSED] - Text 'tUmWBiLUx' is set on object 'Object Repository/RecAndPlayBk/Page-Vlink-Debit/input_Password'

2024-05-27 19:38:19 - [TEST_STEP][PASSED] - setText(findTestObject("RecAndPlayBk/Page-Vlink-Debit/input_Check Type"), checkType): Text 'P' is set on object 'Object Repository/RecAndPlayBk/Page-Vlink-Debit/input_Check Type'

2024-05-27 19:38:20 - [MESSAGE][PASSED] - Text 'P' is set on object 'Object Repository/RecAndPlayBk/Page-Vlink-Debit/input_Check Type'

2024-05-27 19:38:20 - [TEST_STEP][PASSED] - setText(findTestObject("RecAndPlayBk/Page-Vlink-Debit/input_Account_check"), acNumber): Text '58963214' is set on object 'Object Repository/RecAndPlayBk/Page-Vlink-Debit/input_Account_check'

2024-05-27 19:38:21 - [MESSAGE][PASSED] - Text '58963214' is set on object 'Object Repository/RecAndPlayBk/Page-Vlink-Debit/input_Account_check'

2024-05-27 19:38:21 - [TEST_STEP][PASSED] - setText(findTestObject("RecAndPlayBk/Page-Vlink-Debit/input_Company_check"), company): Text '' is set on object 'Object Repository/RecAndPlayBk/Page-Vlink-Debit/input_Company_check'

2024-05-27 19:38:22 - [MESSAGE][PASSED] - Text '' is set on object 'Object Repository/RecAndPlayBk/Page-Vlink-Debit/input_Company_check'

2024-05-27 19:38:22 - [TEST_STEP][PASSED] - setText(findTestObject("RecAndPlayBk/Page-Vlink-Debit/input_Account Type"), acType): Text '1' is set on object 'Object Repository/RecAndPlayBk/Page-Vlink-Debit/input_Account Type'

2024-05-27 19:38:22 - [MESSAGE][PASSED] - Text '1' is set on object 'Object Repository/RecAndPlayBk/Page-Vlink-Debit/input_Account Type'

2024-05-27 19:38:22 - [TEST_STEP][PASSED] - setText(findTestObject("RecAndPlayBk/Page-Vlink-Debit/input_Routing Number"), rtn): Text '256072691' is set on object 'Object Repository/RecAndPlayBk/Page-Vlink-Debit/input_Routing Number'

2024-05-27 19:38:23 - [MESSAGE][PASSED] - Text '256072691' is set on object 'Object Repository/RecAndPlayBk/Page-Vlink-Debit/input_Routing Number'

2024-05-27 19:38:23 - [TEST_STEP][PASSED] - setText(findTestObject("RecAndPlayBk/Page-Vlink-Debit/input_Amount"), amount): Text '12.50' is set on object 'Object Repository/RecAndPlayBk/Page-Vlink-Debit/input_Amount'

2024-05-27 19:38:24 - [MESSAGE][PASSED] - Text '12.50' is set on object 'Object Repository/RecAndPlayBk/Page-Vlink-Debit/input_Amount'

2024-05-27 19:38:24 - [TEST_STEP][PASSED] - setText(findTestObject("RecAndPlayBk/Page-Vlink-Debit/input_Check Email"), ""): Text '' is set on object 'Object Repository/RecAndPlayBk/Page-Vlink-Debit/input_Check Email'

2024-05-27 19:38:24 - [MESSAGE][PASSED] - Text '' is set on object 'Object Repository/RecAndPlayBk/Page-Vlink-Debit/input_Check Email'

2024-05-27 19:38:24 - [TEST_STEP][PASSED] - setText(findTestObject("Object Repository/RecAndPlayBk/Page-Vlink-Debit/input_concat(CheckWriter, , s SSN)_check_ssn"), ""): Text '' is set on object 'Object Repository/RecAndPlayBk/Page-Vlink-Debit/input_concat(CheckWriter, , s SSN)_check_ssn'

2024-05-27 19:38:25 - [MESSAGE][PASSED] - Text '' is set on object 'Object Repository/RecAndPlayBk/Page-Vlink-Debit/input_concat(CheckWriter, , s SSN)_check_ssn'

2024-05-27 19:38:25 - [TEST_STEP][PASSED] - setText(findTestObject("Object Repository/RecAndPlayBk/Page-Vlink-Debit/input_concat(CheckWriter, , s License Numbe_020fef"), ""): Text '' is set on object 'Object Repository/RecAndPlayBk/Page-Vlink-Debit/input_concat(CheckWriter, , s License Numbe_020fef'

2024-05-27 19:38:26 - [MESSAGE][PASSED] - Text '' is set on object 'Object Repository/RecAndPlayBk/Page-Vlink-Debit/input_concat(CheckWriter, , s License Numbe_020fef'

2024-05-27 19:38:26 - [TEST_STEP][PASSED] - setText(findTestObject("Object Repository/RecAndPlayBk/Page-Vlink-Debit/input_concat(CheckWriter, , s License State_21e3e7"), ""): Text '' is set on object 'Object Repository/RecAndPlayBk/Page-Vlink-Debit/input_concat(CheckWriter, , s License State_21e3e7'

2024-05-27 19:38:27 - [MESSAGE][PASSED] - Text '' is set on object 'Object Repository/RecAndPlayBk/Page-Vlink-Debit/input_concat(CheckWriter, , s License State_21e3e7'

2024-05-27 19:38:27 - [TEST_STEP][PASSED] - setText(findTestObject("RecAndPlayBk/Page-Vlink-Debit/input_Standard Entry Class"), sec): Text 'WEB' is set on object 'Object Repository/RecAndPlayBk/Page-Vlink-Debit/input_Standard Entry Class'

2024-05-27 19:38:27 - [MESSAGE][PASSED] - Text 'WEB' is set on object 'Object Repository/RecAndPlayBk/Page-Vlink-Debit/input_Standard Entry Class'

2024-05-27 19:38:27 - [TEST_STEP][PASSED] - click(findTestObject("Object Repository/RecAndPlayBk/Page-Vlink-Debit/input")): Object: 'Object Repository/RecAndPlayBk/Page-Vlink-Debit/input' is clicked on

2024-05-27 19:38:28 - [MESSAGE][PASSED] - Object: 'Object Repository/RecAndPlayBk/Page-Vlink-Debit/input' is clicked on

2024-05-27 19:38:28 - [TEST_STEP][PASSED] - if (verifyTextPresent("Transaction approved, no errors", true)): null

2024-05-27 19:38:29 - [MESSAGE][PASSED] - Text 'Transaction approved, no errors' is present on page  using regular expression

2024-05-27 19:38:29 - [TEST_STEP][PASSED] - println("Transaction Approved, no errors text is present on the Confirmation page"): null

2024-05-27 19:38:29 - [TEST_STEP][PASSED] - sdfo = getText(findTestObject("Object Repository/Page_VLinkReceipt/pre_STX")): Text of object 'Object Repository/Page_VLinkReceipt/pre_STX' is: '<STX>79879|76185|63975             2967891             0  Transaction approved, no errors                   0                                                                                                              <ETX>'

2024-05-27 19:38:29 - [MESSAGE][PASSED] - Text of object 'Object Repository/Page_VLinkReceipt/pre_STX' is: '<STX>79879|76185|63975             2967891             0  Transaction approved, no errors                   0                                                                                                              <ETX>'

2024-05-27 19:38:29 - [TEST_STEP][PASSED] - out.println("sdfo: " + sdfo): null

2024-05-27 19:38:29 - [TEST_STEP][PASSED] - remID = substring(5, 35).trim(): null

2024-05-27 19:38:29 - [TEST_STEP][PASSED] - out.println("remID: " + remID): null

2024-05-27 19:38:29 - [TEST_STEP][PASSED] - traxID = substring(35, 55).trim(): null

2024-05-27 19:38:29 - [TEST_STEP][PASSED] - out.println("traxID: " + traxID): null

2024-05-27 19:38:29 - [TEST_STEP][PASSED] - VLinkSaleRemID = remID: null

2024-05-27 19:38:29 - [TEST_STEP][PASSED] - VLinkSaleTranxID = traxID: null

2024-05-27 19:38:29 - [TEST_STEP][PASSED] - openBrowser(VLinkURL + "ACH_credit.html"): Browser is opened with url: 'https://dev-algorithm.govolution.com/vlinktest/demo/version_2_0/ACH_credit.html'

2024-05-27 19:38:29 - [MESSAGE][WARNING] - A browser is already opened. Closing browser and opening a new one

2024-05-27 19:38:30 - [MESSAGE][INFO] - Starting 'Chrome' driver

2024-05-27 19:38:30 - [MESSAGE][INFO] - User set preference: ['acceptInsecureCerts', 'true']

2024-05-27 19:38:30 - [MESSAGE][INFO] - Action delay is set to 0 milliseconds

2024-05-27 19:38:32 - [MESSAGE][PASSED] - Browser is opened with url: 'https://dev-algorithm.govolution.com/vlinktest/demo/version_2_0/ACH_credit.html'

2024-05-27 19:38:32 - [TEST_STEP][PASSED] - maximizeWindow(): Current window maximized

2024-05-27 19:38:32 - [MESSAGE][PASSED] - Current window maximized

2024-05-27 19:38:32 - [TEST_STEP][PASSED] - setText(findTestObject("Object Repository/RecAndPlayBk/Page-Vlink-ACH-Credit/input_Remittance Id"), VLinkSaleRemID): Text '79879|76185|63975' is set on object 'Object Repository/RecAndPlayBk/Page-Vlink-ACH-Credit/input_Remittance Id'

2024-05-27 19:38:33 - [MESSAGE][PASSED] - Text '79879|76185|63975' is set on object 'Object Repository/RecAndPlayBk/Page-Vlink-ACH-Credit/input_Remittance Id'

2024-05-27 19:38:33 - [TEST_STEP][PASSED] - setText(findTestObject("Object Repository/RecAndPlayBk/Page-Vlink-ACH-Credit/input_Application Id"), appID): Text '1773' is set on object 'Object Repository/RecAndPlayBk/Page-Vlink-ACH-Credit/input_Application Id'

2024-05-27 19:38:34 - [MESSAGE][PASSED] - Text '1773' is set on object 'Object Repository/RecAndPlayBk/Page-Vlink-ACH-Credit/input_Application Id'

2024-05-27 19:38:34 - [TEST_STEP][PASSED] - setText(findTestObject("Object Repository/RecAndPlayBk/Page-Vlink-ACH-Credit/input_Username"), username): Text 'Qq2BV1qtr' is set on object 'Object Repository/RecAndPlayBk/Page-Vlink-ACH-Credit/input_Username'

2024-05-27 19:38:35 - [MESSAGE][PASSED] - Text 'Qq2BV1qtr' is set on object 'Object Repository/RecAndPlayBk/Page-Vlink-ACH-Credit/input_Username'

2024-05-27 19:38:35 - [TEST_STEP][PASSED] - setText(findTestObject("Object Repository/RecAndPlayBk/Page-Vlink-ACH-Credit/input_Password"), password): Text 'tUmWBiLUx' is set on object 'Object Repository/RecAndPlayBk/Page-Vlink-ACH-Credit/input_Password'

2024-05-27 19:38:35 - [MESSAGE][PASSED] - Text 'tUmWBiLUx' is set on object 'Object Repository/RecAndPlayBk/Page-Vlink-ACH-Credit/input_Password'

2024-05-27 19:38:35 - [TEST_STEP][PASSED] - setText(findTestObject("Object Repository/RecAndPlayBk/Page-Vlink-ACH-Credit/input_Check Type"), checkType): Text 'P' is set on object 'Object Repository/RecAndPlayBk/Page-Vlink-ACH-Credit/input_Check Type'

2024-05-27 19:38:36 - [MESSAGE][PASSED] - Text 'P' is set on object 'Object Repository/RecAndPlayBk/Page-Vlink-ACH-Credit/input_Check Type'

2024-05-27 19:38:36 - [TEST_STEP][PASSED] - setText(findTestObject("Object Repository/RecAndPlayBk/Page-Vlink-ACH-Credit/input_Transaction ID"), VLinkSaleTranxID): Text '2967891' is set on object 'Object Repository/RecAndPlayBk/Page-Vlink-ACH-Credit/input_Transaction ID'

2024-05-27 19:38:37 - [MESSAGE][PASSED] - Text '2967891' is set on object 'Object Repository/RecAndPlayBk/Page-Vlink-ACH-Credit/input_Transaction ID'

2024-05-27 19:38:37 - [TEST_STEP][PASSED] - setText(findTestObject("Object Repository/RecAndPlayBk/Page-Vlink-ACH-Credit/input_Amount"), amount): Text '12.50' is set on object 'Object Repository/RecAndPlayBk/Page-Vlink-ACH-Credit/input_Amount'

2024-05-27 19:38:38 - [MESSAGE][PASSED] - Text '12.50' is set on object 'Object Repository/RecAndPlayBk/Page-Vlink-ACH-Credit/input_Amount'

2024-05-27 19:38:38 - [TEST_STEP][PASSED] - setText(findTestObject("Object Repository/RecAndPlayBk/Page-Vlink-ACH-Credit/input_Standard Entry Class"), sec): Text 'WEB' is set on object 'Object Repository/RecAndPlayBk/Page-Vlink-ACH-Credit/input_Standard Entry Class'

2024-05-27 19:38:38 - [MESSAGE][PASSED] - Text 'WEB' is set on object 'Object Repository/RecAndPlayBk/Page-Vlink-ACH-Credit/input_Standard Entry Class'

2024-05-27 19:38:38 - [TEST_STEP][PASSED] - setText(findTestObject("Object Repository/RecAndPlayBk/Page-Vlink-ACH-Credit/input_Account Number"), acNumber): Text '58963214' is set on object 'Object Repository/RecAndPlayBk/Page-Vlink-ACH-Credit/input_Account Number'

2024-05-27 19:38:39 - [MESSAGE][PASSED] - Text '58963214' is set on object 'Object Repository/RecAndPlayBk/Page-Vlink-ACH-Credit/input_Account Number'

2024-05-27 19:38:39 - [TEST_STEP][PASSED] - setText(findTestObject("Object Repository/RecAndPlayBk/Page-Vlink-ACH-Credit/input_Routing Number"), rtn): Text '256072691' is set on object 'Object Repository/RecAndPlayBk/Page-Vlink-ACH-Credit/input_Routing Number'

2024-05-27 19:38:40 - [MESSAGE][PASSED] - Text '256072691' is set on object 'Object Repository/RecAndPlayBk/Page-Vlink-ACH-Credit/input_Routing Number'

2024-05-27 19:38:40 - [TEST_STEP][PASSED] - click(findTestObject("Object Repository/RecAndPlayBk/Page-Vlink-ACH-Credit/input")): Object: 'Object Repository/RecAndPlayBk/Page-Vlink-ACH-Credit/input' is clicked on

2024-05-27 19:38:41 - [MESSAGE][PASSED] - Object: 'Object Repository/RecAndPlayBk/Page-Vlink-ACH-Credit/input' is clicked on

2024-05-27 19:38:41 - [TEST_STEP][PASSED] - if (verifyTextPresent("Transaction approved, no errors", true)): null

2024-05-27 19:38:41 - [MESSAGE][PASSED] - Text 'Transaction approved, no errors' is present on page  using regular expression

2024-05-27 19:38:41 - [TEST_STEP][PASSED] - println("Transaction Approved, no errors text is present on the Confirmation page"): null

2024-05-27 19:38:41 - [TEST_STEP][PASSED] - out.println("Pass Record Number: " + row): null

2024-05-27 19:38:41 - [TEST_STEP][PASSED] - resText = "Pass": null

2024-05-27 19:38:41 - [TEST_STEP][PASSED] - pages.WriteExcel.demoKey(resText, datText, resColumn, datCloumn, fileLoc, nameSheet, row): pages.WriteExcel.demoKey is PASSED

2024-05-27 19:38:41 - [MESSAGE][PASSED] - pages.WriteExcel.demoKey is PASSED

2024-05-27 19:38:41 - [TEST_STEP][PASSED] - ExecuteTC = findTestData(dataFile).getValue("Execute", row): null

2024-05-27 19:38:41 - [TEST_STEP][PASSED] - out.println("Value of Execute is : " + ExecuteTC): null

2024-05-27 19:38:41 - [TEST_STEP][PASSED] - switch (executionProfile): null

2024-05-27 19:38:41 - [TEST_STEP][PASSED] - case "DemoProfile":: null

2024-05-27 19:38:41 - [TEST_STEP][PASSED] - appID = findTestData(dataFile).getValue("AppIDDemo", row): null

2024-05-27 19:38:41 - [TEST_STEP][PASSED] - username = findTestData(dataFile).getValue("UsernameDemo", row): null

2024-05-27 19:38:41 - [TEST_STEP][PASSED] - password = findTestData(dataFile).getValue("PasswordDemo", row): null

2024-05-27 19:38:41 - [TEST_STEP][PASSED] - break: null

2024-05-27 19:38:41 - [TEST_STEP][PASSED] - if (ExecuteTC.equalsIgnoreCase("Y")): null

2024-05-27 19:38:41 - [TEST_STEP][PASSED] - out.println("Begin Record Number: " + row): null

2024-05-27 19:38:41 - [TEST_STEP][PASSED] - today = new java.util.Date(): null

2024-05-27 19:38:41 - [TEST_STEP][PASSED] - println(today): null

2024-05-27 19:38:41 - [TEST_STEP][PASSED] - datText = today: null

2024-05-27 19:38:41 - [TEST_STEP][PASSED] - checkType = findTestData(dataFile).getValue("CheckType", row): null

2024-05-27 19:38:41 - [TEST_STEP][PASSED] - acNumber = findTestData(dataFile).getValue("AcNumber", row): null

2024-05-27 19:38:41 - [TEST_STEP][PASSED] - company = findTestData(dataFile).getValue("Company", row): null

2024-05-27 19:38:42 - [TEST_STEP][PASSED] - acType = findTestData(dataFile).getValue("AcType", row): null

2024-05-27 19:38:42 - [TEST_STEP][PASSED] - rtn = findTestData(dataFile).getValue("RTN", row): null

2024-05-27 19:38:42 - [TEST_STEP][PASSED] - amount = findTestData(dataFile).getValue("Amount", row): null

2024-05-27 19:38:42 - [TEST_STEP][PASSED] - sec = findTestData(dataFile).getValue("SEC", row): null

2024-05-27 19:38:42 - [TEST_STEP][PASSED] - openBrowser(VLinkURL + "debit.html"): Browser is opened with url: 'https://dev-algorithm.govolution.com/vlinktest/demo/version_2_0/debit.html'

2024-05-27 19:38:42 - [MESSAGE][WARNING] - A browser is already opened. Closing browser and opening a new one

2024-05-27 19:38:43 - [MESSAGE][INFO] - Starting 'Chrome' driver

2024-05-27 19:38:43 - [MESSAGE][INFO] - User set preference: ['acceptInsecureCerts', 'true']

2024-05-27 19:38:43 - [MESSAGE][INFO] - Action delay is set to 0 milliseconds

2024-05-27 19:38:45 - [MESSAGE][PASSED] - Browser is opened with url: 'https://dev-algorithm.govolution.com/vlinktest/demo/version_2_0/debit.html'

2024-05-27 19:38:45 - [TEST_STEP][PASSED] - maximizeWindow(): Current window maximized

2024-05-27 19:38:46 - [MESSAGE][PASSED] - Current window maximized

2024-05-27 19:38:46 - [TEST_STEP][PASSED] - genRemID1 = random() * 99999).toInteger(): null

2024-05-27 19:38:46 - [TEST_STEP][PASSED] - genRemID2 = random() * 99999).toInteger(): null

2024-05-27 19:38:46 - [TEST_STEP][PASSED] - genRemID3 = random() * 99999).toInteger(): null

2024-05-27 19:38:46 - [TEST_STEP][PASSED] - println(genRemID1): null

2024-05-27 19:38:46 - [TEST_STEP][PASSED] - println(genRemID2): null

2024-05-27 19:38:46 - [TEST_STEP][PASSED] - println(genRemID3): null

2024-05-27 19:38:46 - [TEST_STEP][PASSED] - genRemID = genRemID1 + "|" + genRemID2 + "|" + genRemID3: null

2024-05-27 19:38:46 - [TEST_STEP][PASSED] - println(genRemID): null

2024-05-27 19:38:46 - [TEST_STEP][PASSED] - setText(findTestObject("RecAndPlayBk/Page-Vlink-Debit/input_Remittance Id"), genRemID): Text '21341|22040|11475' is set on object 'Object Repository/RecAndPlayBk/Page-Vlink-Debit/input_Remittance Id'

2024-05-27 19:38:46 - [MESSAGE][PASSED] - Text '21341|22040|11475' is set on object 'Object Repository/RecAndPlayBk/Page-Vlink-Debit/input_Remittance Id'

2024-05-27 19:38:46 - [TEST_STEP][PASSED] - setText(findTestObject("RecAndPlayBk/Page-Vlink-Debit/input_Application Id"), appID): Text '1773' is set on object 'Object Repository/RecAndPlayBk/Page-Vlink-Debit/input_Application Id'

2024-05-27 19:38:47 - [MESSAGE][PASSED] - Text '1773' is set on object 'Object Repository/RecAndPlayBk/Page-Vlink-Debit/input_Application Id'

2024-05-27 19:38:47 - [TEST_STEP][PASSED] - setText(findTestObject("RecAndPlayBk/Page-Vlink-Debit/input_Username"), username): Text 'Qq2BV1qtr' is set on object 'Object Repository/RecAndPlayBk/Page-Vlink-Debit/input_Username'

2024-05-27 19:38:48 - [MESSAGE][PASSED] - Text 'Qq2BV1qtr' is set on object 'Object Repository/RecAndPlayBk/Page-Vlink-Debit/input_Username'

2024-05-27 19:38:48 - [TEST_STEP][PASSED] - setText(findTestObject("RecAndPlayBk/Page-Vlink-Debit/input_Password"), password): Text 'tUmWBiLUx' is set on object 'Object Repository/RecAndPlayBk/Page-Vlink-Debit/input_Password'

2024-05-27 19:38:48 - [MESSAGE][PASSED] - Text 'tUmWBiLUx' is set on object 'Object Repository/RecAndPlayBk/Page-Vlink-Debit/input_Password'

2024-05-27 19:38:48 - [TEST_STEP][PASSED] - setText(findTestObject("RecAndPlayBk/Page-Vlink-Debit/input_Check Type"), checkType): Text 'P' is set on object 'Object Repository/RecAndPlayBk/Page-Vlink-Debit/input_Check Type'

2024-05-27 19:38:49 - [MESSAGE][PASSED] - Text 'P' is set on object 'Object Repository/RecAndPlayBk/Page-Vlink-Debit/input_Check Type'

2024-05-27 19:38:49 - [TEST_STEP][PASSED] - setText(findTestObject("RecAndPlayBk/Page-Vlink-Debit/input_Account_check"), acNumber): Text '58963214' is set on object 'Object Repository/RecAndPlayBk/Page-Vlink-Debit/input_Account_check'

2024-05-27 19:38:50 - [MESSAGE][PASSED] - Text '58963214' is set on object 'Object Repository/RecAndPlayBk/Page-Vlink-Debit/input_Account_check'

2024-05-27 19:38:50 - [TEST_STEP][PASSED] - setText(findTestObject("RecAndPlayBk/Page-Vlink-Debit/input_Company_check"), company): Text '' is set on object 'Object Repository/RecAndPlayBk/Page-Vlink-Debit/input_Company_check'

2024-05-27 19:38:50 - [MESSAGE][PASSED] - Text '' is set on object 'Object Repository/RecAndPlayBk/Page-Vlink-Debit/input_Company_check'

2024-05-27 19:38:50 - [TEST_STEP][PASSED] - setText(findTestObject("RecAndPlayBk/Page-Vlink-Debit/input_Account Type"), acType): Text '1' is set on object 'Object Repository/RecAndPlayBk/Page-Vlink-Debit/input_Account Type'

2024-05-27 19:38:51 - [MESSAGE][PASSED] - Text '1' is set on object 'Object Repository/RecAndPlayBk/Page-Vlink-Debit/input_Account Type'

2024-05-27 19:38:51 - [TEST_STEP][PASSED] - setText(findTestObject("RecAndPlayBk/Page-Vlink-Debit/input_Routing Number"), rtn): Text '256072691' is set on object 'Object Repository/RecAndPlayBk/Page-Vlink-Debit/input_Routing Number'

2024-05-27 19:38:52 - [MESSAGE][PASSED] - Text '256072691' is set on object 'Object Repository/RecAndPlayBk/Page-Vlink-Debit/input_Routing Number'

2024-05-27 19:38:52 - [TEST_STEP][PASSED] - setText(findTestObject("RecAndPlayBk/Page-Vlink-Debit/input_Amount"), amount): Text '12.50' is set on object 'Object Repository/RecAndPlayBk/Page-Vlink-Debit/input_Amount'

2024-05-27 19:38:53 - [MESSAGE][PASSED] - Text '12.50' is set on object 'Object Repository/RecAndPlayBk/Page-Vlink-Debit/input_Amount'

2024-05-27 19:38:53 - [TEST_STEP][PASSED] - setText(findTestObject("RecAndPlayBk/Page-Vlink-Debit/input_Check Email"), ""): Text '' is set on object 'Object Repository/RecAndPlayBk/Page-Vlink-Debit/input_Check Email'

2024-05-27 19:38:53 - [MESSAGE][PASSED] - Text '' is set on object 'Object Repository/RecAndPlayBk/Page-Vlink-Debit/input_Check Email'

2024-05-27 19:38:53 - [TEST_STEP][PASSED] - setText(findTestObject("Object Repository/RecAndPlayBk/Page-Vlink-Debit/input_concat(CheckWriter, , s SSN)_check_ssn"), ""): Text '' is set on object 'Object Repository/RecAndPlayBk/Page-Vlink-Debit/input_concat(CheckWriter, , s SSN)_check_ssn'

2024-05-27 19:38:54 - [MESSAGE][PASSED] - Text '' is set on object 'Object Repository/RecAndPlayBk/Page-Vlink-Debit/input_concat(CheckWriter, , s SSN)_check_ssn'

2024-05-27 19:38:54 - [TEST_STEP][PASSED] - setText(findTestObject("Object Repository/RecAndPlayBk/Page-Vlink-Debit/input_concat(CheckWriter, , s License Numbe_020fef"), ""): Text '' is set on object 'Object Repository/RecAndPlayBk/Page-Vlink-Debit/input_concat(CheckWriter, , s License Numbe_020fef'

2024-05-27 19:38:55 - [MESSAGE][PASSED] - Text '' is set on object 'Object Repository/RecAndPlayBk/Page-Vlink-Debit/input_concat(CheckWriter, , s License Numbe_020fef'

2024-05-27 19:38:55 - [TEST_STEP][PASSED] - setText(findTestObject("Object Repository/RecAndPlayBk/Page-Vlink-Debit/input_concat(CheckWriter, , s License State_21e3e7"), ""): Text '' is set on object 'Object Repository/RecAndPlayBk/Page-Vlink-Debit/input_concat(CheckWriter, , s License State_21e3e7'

2024-05-27 19:38:56 - [MESSAGE][PASSED] - Text '' is set on object 'Object Repository/RecAndPlayBk/Page-Vlink-Debit/input_concat(CheckWriter, , s License State_21e3e7'

2024-05-27 19:38:56 - [TEST_STEP][PASSED] - setText(findTestObject("RecAndPlayBk/Page-Vlink-Debit/input_Standard Entry Class"), sec): Text 'TEL' is set on object 'Object Repository/RecAndPlayBk/Page-Vlink-Debit/input_Standard Entry Class'

2024-05-27 19:38:57 - [MESSAGE][PASSED] - Text 'TEL' is set on object 'Object Repository/RecAndPlayBk/Page-Vlink-Debit/input_Standard Entry Class'

2024-05-27 19:38:57 - [TEST_STEP][PASSED] - click(findTestObject("Object Repository/RecAndPlayBk/Page-Vlink-Debit/input")): Object: 'Object Repository/RecAndPlayBk/Page-Vlink-Debit/input' is clicked on

2024-05-27 19:38:57 - [MESSAGE][PASSED] - Object: 'Object Repository/RecAndPlayBk/Page-Vlink-Debit/input' is clicked on

2024-05-27 19:38:57 - [TEST_STEP][PASSED] - if (verifyTextPresent("Transaction approved, no errors", true)): null

2024-05-27 19:38:58 - [MESSAGE][PASSED] - Text 'Transaction approved, no errors' is present on page  using regular expression

2024-05-27 19:38:58 - [TEST_STEP][PASSED] - println("Transaction Approved, no errors text is present on the Confirmation page"): null

2024-05-27 19:38:58 - [TEST_STEP][PASSED] - sdfo = getText(findTestObject("Object Repository/Page_VLinkReceipt/pre_STX")): Text of object 'Object Repository/Page_VLinkReceipt/pre_STX' is: '<STX>21341|22040|11475             2967893             0  Transaction approved, no errors                   0                                                                                                              <ETX>'

2024-05-27 19:38:58 - [MESSAGE][PASSED] - Text of object 'Object Repository/Page_VLinkReceipt/pre_STX' is: '<STX>21341|22040|11475             2967893             0  Transaction approved, no errors                   0                                                                                                              <ETX>'

2024-05-27 19:38:58 - [TEST_STEP][PASSED] - out.println("sdfo: " + sdfo): null

2024-05-27 19:38:58 - [TEST_STEP][PASSED] - remID = substring(5, 35).trim(): null

2024-05-27 19:38:58 - [TEST_STEP][PASSED] - out.println("remID: " + remID): null

2024-05-27 19:38:58 - [TEST_STEP][PASSED] - traxID = substring(35, 55).trim(): null

2024-05-27 19:38:58 - [TEST_STEP][PASSED] - out.println("traxID: " + traxID): null

2024-05-27 19:38:58 - [TEST_STEP][PASSED] - VLinkSaleRemID = remID: null

2024-05-27 19:38:58 - [TEST_STEP][PASSED] - VLinkSaleTranxID = traxID: null

2024-05-27 19:38:58 - [TEST_STEP][PASSED] - openBrowser(VLinkURL + "ACH_credit.html"): Browser is opened with url: 'https://dev-algorithm.govolution.com/vlinktest/demo/version_2_0/ACH_credit.html'

2024-05-27 19:38:58 - [MESSAGE][WARNING] - A browser is already opened. Closing browser and opening a new one

2024-05-27 19:38:59 - [MESSAGE][INFO] - Starting 'Chrome' driver

2024-05-27 19:38:59 - [MESSAGE][INFO] - User set preference: ['acceptInsecureCerts', 'true']

2024-05-27 19:38:59 - [MESSAGE][INFO] - Action delay is set to 0 milliseconds

2024-05-27 19:39:01 - [MESSAGE][PASSED] - Browser is opened with url: 'https://dev-algorithm.govolution.com/vlinktest/demo/version_2_0/ACH_credit.html'

2024-05-27 19:39:01 - [TEST_STEP][PASSED] - maximizeWindow(): Current window maximized

2024-05-27 19:39:01 - [MESSAGE][PASSED] - Current window maximized

2024-05-27 19:39:01 - [TEST_STEP][PASSED] - setText(findTestObject("Object Repository/RecAndPlayBk/Page-Vlink-ACH-Credit/input_Remittance Id"), VLinkSaleRemID): Text '21341|22040|11475' is set on object 'Object Repository/RecAndPlayBk/Page-Vlink-ACH-Credit/input_Remittance Id'

2024-05-27 19:39:02 - [MESSAGE][PASSED] - Text '21341|22040|11475' is set on object 'Object Repository/RecAndPlayBk/Page-Vlink-ACH-Credit/input_Remittance Id'

2024-05-27 19:39:02 - [TEST_STEP][PASSED] - setText(findTestObject("Object Repository/RecAndPlayBk/Page-Vlink-ACH-Credit/input_Application Id"), appID): Text '1773' is set on object 'Object Repository/RecAndPlayBk/Page-Vlink-ACH-Credit/input_Application Id'

2024-05-27 19:39:03 - [MESSAGE][PASSED] - Text '1773' is set on object 'Object Repository/RecAndPlayBk/Page-Vlink-ACH-Credit/input_Application Id'

2024-05-27 19:39:03 - [TEST_STEP][PASSED] - setText(findTestObject("Object Repository/RecAndPlayBk/Page-Vlink-ACH-Credit/input_Username"), username): Text 'Qq2BV1qtr' is set on object 'Object Repository/RecAndPlayBk/Page-Vlink-ACH-Credit/input_Username'

2024-05-27 19:39:04 - [MESSAGE][PASSED] - Text 'Qq2BV1qtr' is set on object 'Object Repository/RecAndPlayBk/Page-Vlink-ACH-Credit/input_Username'

2024-05-27 19:39:04 - [TEST_STEP][PASSED] - setText(findTestObject("Object Repository/RecAndPlayBk/Page-Vlink-ACH-Credit/input_Password"), password): Text 'tUmWBiLUx' is set on object 'Object Repository/RecAndPlayBk/Page-Vlink-ACH-Credit/input_Password'

2024-05-27 19:39:05 - [MESSAGE][PASSED] - Text 'tUmWBiLUx' is set on object 'Object Repository/RecAndPlayBk/Page-Vlink-ACH-Credit/input_Password'

2024-05-27 19:39:05 - [TEST_STEP][PASSED] - setText(findTestObject("Object Repository/RecAndPlayBk/Page-Vlink-ACH-Credit/input_Check Type"), checkType): Text 'P' is set on object 'Object Repository/RecAndPlayBk/Page-Vlink-ACH-Credit/input_Check Type'

2024-05-27 19:39:06 - [MESSAGE][PASSED] - Text 'P' is set on object 'Object Repository/RecAndPlayBk/Page-Vlink-ACH-Credit/input_Check Type'

2024-05-27 19:39:06 - [TEST_STEP][PASSED] - setText(findTestObject("Object Repository/RecAndPlayBk/Page-Vlink-ACH-Credit/input_Transaction ID"), VLinkSaleTranxID): Text '2967893' is set on object 'Object Repository/RecAndPlayBk/Page-Vlink-ACH-Credit/input_Transaction ID'

2024-05-27 19:39:06 - [MESSAGE][PASSED] - Text '2967893' is set on object 'Object Repository/RecAndPlayBk/Page-Vlink-ACH-Credit/input_Transaction ID'

2024-05-27 19:39:06 - [TEST_STEP][PASSED] - setText(findTestObject("Object Repository/RecAndPlayBk/Page-Vlink-ACH-Credit/input_Amount"), amount): Text '12.50' is set on object 'Object Repository/RecAndPlayBk/Page-Vlink-ACH-Credit/input_Amount'

2024-05-27 19:39:07 - [MESSAGE][PASSED] - Text '12.50' is set on object 'Object Repository/RecAndPlayBk/Page-Vlink-ACH-Credit/input_Amount'

2024-05-27 19:39:07 - [TEST_STEP][PASSED] - setText(findTestObject("Object Repository/RecAndPlayBk/Page-Vlink-ACH-Credit/input_Standard Entry Class"), sec): Text 'TEL' is set on object 'Object Repository/RecAndPlayBk/Page-Vlink-ACH-Credit/input_Standard Entry Class'

2024-05-27 19:39:08 - [MESSAGE][PASSED] - Text 'TEL' is set on object 'Object Repository/RecAndPlayBk/Page-Vlink-ACH-Credit/input_Standard Entry Class'

2024-05-27 19:39:08 - [TEST_STEP][PASSED] - setText(findTestObject("Object Repository/RecAndPlayBk/Page-Vlink-ACH-Credit/input_Account Number"), acNumber): Text '58963214' is set on object 'Object Repository/RecAndPlayBk/Page-Vlink-ACH-Credit/input_Account Number'

2024-05-27 19:39:09 - [MESSAGE][PASSED] - Text '58963214' is set on object 'Object Repository/RecAndPlayBk/Page-Vlink-ACH-Credit/input_Account Number'

2024-05-27 19:39:09 - [TEST_STEP][PASSED] - setText(findTestObject("Object Repository/RecAndPlayBk/Page-Vlink-ACH-Credit/input_Routing Number"), rtn): Text '256072691' is set on object 'Object Repository/RecAndPlayBk/Page-Vlink-ACH-Credit/input_Routing Number'

2024-05-27 19:39:10 - [MESSAGE][PASSED] - Text '256072691' is set on object 'Object Repository/RecAndPlayBk/Page-Vlink-ACH-Credit/input_Routing Number'

2024-05-27 19:39:10 - [TEST_STEP][PASSED] - click(findTestObject("Object Repository/RecAndPlayBk/Page-Vlink-ACH-Credit/input")): Object: 'Object Repository/RecAndPlayBk/Page-Vlink-ACH-Credit/input' is clicked on

2024-05-27 19:39:11 - [MESSAGE][PASSED] - Object: 'Object Repository/RecAndPlayBk/Page-Vlink-ACH-Credit/input' is clicked on

2024-05-27 19:39:11 - [TEST_STEP][PASSED] - if (verifyTextPresent("Transaction approved, no errors", true)): null

2024-05-27 19:39:11 - [MESSAGE][PASSED] - Text 'Transaction approved, no errors' is present on page  using regular expression

2024-05-27 19:39:11 - [TEST_STEP][PASSED] - println("Transaction Approved, no errors text is present on the Confirmation page"): null

2024-05-27 19:39:11 - [TEST_STEP][PASSED] - out.println("Pass Record Number: " + row): null

2024-05-27 19:39:11 - [TEST_STEP][PASSED] - resText = "Pass": null

2024-05-27 19:39:11 - [TEST_STEP][PASSED] - pages.WriteExcel.demoKey(resText, datText, resColumn, datCloumn, fileLoc, nameSheet, row): pages.WriteExcel.demoKey is PASSED

2024-05-27 19:39:11 - [MESSAGE][PASSED] - pages.WriteExcel.demoKey is PASSED

2024-05-27 19:39:11 - [TEST_STEP][PASSED] - ExecuteTC = findTestData(dataFile).getValue("Execute", row): null

2024-05-27 19:39:11 - [TEST_STEP][PASSED] - out.println("Value of Execute is : " + ExecuteTC): null

2024-05-27 19:39:11 - [TEST_STEP][PASSED] - switch (executionProfile): null

2024-05-27 19:39:11 - [TEST_STEP][PASSED] - case "DemoProfile":: null

2024-05-27 19:39:11 - [TEST_STEP][PASSED] - appID = findTestData(dataFile).getValue("AppIDDemo", row): null

2024-05-27 19:39:11 - [TEST_STEP][PASSED] - username = findTestData(dataFile).getValue("UsernameDemo", row): null

2024-05-27 19:39:12 - [TEST_STEP][PASSED] - password = findTestData(dataFile).getValue("PasswordDemo", row): null

2024-05-27 19:39:12 - [TEST_STEP][PASSED] - break: null

2024-05-27 19:39:12 - [TEST_STEP][PASSED] - if (ExecuteTC.equalsIgnoreCase("Y")): null

2024-05-27 19:39:12 - [TEST_STEP][PASSED] - out.println("Begin Record Number: " + row): null

2024-05-27 19:39:12 - [TEST_STEP][PASSED] - today = new java.util.Date(): null

2024-05-27 19:39:12 - [TEST_STEP][PASSED] - println(today): null

2024-05-27 19:39:12 - [TEST_STEP][PASSED] - datText = today: null

2024-05-27 19:39:12 - [TEST_STEP][PASSED] - checkType = findTestData(dataFile).getValue("CheckType", row): null

2024-05-27 19:39:12 - [TEST_STEP][PASSED] - acNumber = findTestData(dataFile).getValue("AcNumber", row): null

2024-05-27 19:39:12 - [TEST_STEP][PASSED] - company = findTestData(dataFile).getValue("Company", row): null

2024-05-27 19:39:12 - [TEST_STEP][PASSED] - acType = findTestData(dataFile).getValue("AcType", row): null

2024-05-27 19:39:12 - [TEST_STEP][PASSED] - rtn = findTestData(dataFile).getValue("RTN", row): null

2024-05-27 19:39:12 - [TEST_STEP][PASSED] - amount = findTestData(dataFile).getValue("Amount", row): null

2024-05-27 19:39:12 - [TEST_STEP][PASSED] - sec = findTestData(dataFile).getValue("SEC", row): null

2024-05-27 19:39:12 - [TEST_STEP][PASSED] - openBrowser(VLinkURL + "debit.html"): Browser is opened with url: 'https://dev-algorithm.govolution.com/vlinktest/demo/version_2_0/debit.html'

2024-05-27 19:39:12 - [MESSAGE][WARNING] - A browser is already opened. Closing browser and opening a new one

2024-05-27 19:39:14 - [MESSAGE][INFO] - Starting 'Chrome' driver

2024-05-27 19:39:14 - [MESSAGE][INFO] - User set preference: ['acceptInsecureCerts', 'true']

2024-05-27 19:39:14 - [MESSAGE][INFO] - Action delay is set to 0 milliseconds

2024-05-27 19:39:16 - [MESSAGE][PASSED] - Browser is opened with url: 'https://dev-algorithm.govolution.com/vlinktest/demo/version_2_0/debit.html'

2024-05-27 19:39:16 - [TEST_STEP][PASSED] - maximizeWindow(): Current window maximized

2024-05-27 19:39:16 - [MESSAGE][PASSED] - Current window maximized

2024-05-27 19:39:16 - [TEST_STEP][PASSED] - genRemID1 = random() * 99999).toInteger(): null

2024-05-27 19:39:16 - [TEST_STEP][PASSED] - genRemID2 = random() * 99999).toInteger(): null

2024-05-27 19:39:16 - [TEST_STEP][PASSED] - genRemID3 = random() * 99999).toInteger(): null

2024-05-27 19:39:16 - [TEST_STEP][PASSED] - println(genRemID1): null

2024-05-27 19:39:16 - [TEST_STEP][PASSED] - println(genRemID2): null

2024-05-27 19:39:16 - [TEST_STEP][PASSED] - println(genRemID3): null

2024-05-27 19:39:16 - [TEST_STEP][PASSED] - genRemID = genRemID1 + "|" + genRemID2 + "|" + genRemID3: null

2024-05-27 19:39:16 - [TEST_STEP][PASSED] - println(genRemID): null

2024-05-27 19:39:16 - [TEST_STEP][PASSED] - setText(findTestObject("RecAndPlayBk/Page-Vlink-Debit/input_Remittance Id"), genRemID): Text '7357|56832|42200' is set on object 'Object Repository/RecAndPlayBk/Page-Vlink-Debit/input_Remittance Id'

2024-05-27 19:39:17 - [MESSAGE][PASSED] - Text '7357|56832|42200' is set on object 'Object Repository/RecAndPlayBk/Page-Vlink-Debit/input_Remittance Id'

2024-05-27 19:39:17 - [TEST_STEP][PASSED] - setText(findTestObject("RecAndPlayBk/Page-Vlink-Debit/input_Application Id"), appID): Text '1773' is set on object 'Object Repository/RecAndPlayBk/Page-Vlink-Debit/input_Application Id'

2024-05-27 19:39:17 - [MESSAGE][PASSED] - Text '1773' is set on object 'Object Repository/RecAndPlayBk/Page-Vlink-Debit/input_Application Id'

2024-05-27 19:39:17 - [TEST_STEP][PASSED] - setText(findTestObject("RecAndPlayBk/Page-Vlink-Debit/input_Username"), username): Text 'Qq2BV1qtr' is set on object 'Object Repository/RecAndPlayBk/Page-Vlink-Debit/input_Username'

2024-05-27 19:39:18 - [MESSAGE][PASSED] - Text 'Qq2BV1qtr' is set on object 'Object Repository/RecAndPlayBk/Page-Vlink-Debit/input_Username'

2024-05-27 19:39:18 - [TEST_STEP][PASSED] - setText(findTestObject("RecAndPlayBk/Page-Vlink-Debit/input_Password"), password): Text 'tUmWBiLUx' is set on object 'Object Repository/RecAndPlayBk/Page-Vlink-Debit/input_Password'

2024-05-27 19:39:19 - [MESSAGE][PASSED] - Text 'tUmWBiLUx' is set on object 'Object Repository/RecAndPlayBk/Page-Vlink-Debit/input_Password'

2024-05-27 19:39:19 - [TEST_STEP][PASSED] - setText(findTestObject("RecAndPlayBk/Page-Vlink-Debit/input_Check Type"), checkType): Text 'P' is set on object 'Object Repository/RecAndPlayBk/Page-Vlink-Debit/input_Check Type'

2024-05-27 19:39:19 - [MESSAGE][PASSED] - Text 'P' is set on object 'Object Repository/RecAndPlayBk/Page-Vlink-Debit/input_Check Type'

2024-05-27 19:39:19 - [TEST_STEP][PASSED] - setText(findTestObject("RecAndPlayBk/Page-Vlink-Debit/input_Account_check"), acNumber): Text '58963214' is set on object 'Object Repository/RecAndPlayBk/Page-Vlink-Debit/input_Account_check'

2024-05-27 19:39:20 - [MESSAGE][PASSED] - Text '58963214' is set on object 'Object Repository/RecAndPlayBk/Page-Vlink-Debit/input_Account_check'

2024-05-27 19:39:20 - [TEST_STEP][PASSED] - setText(findTestObject("RecAndPlayBk/Page-Vlink-Debit/input_Company_check"), company): Text '' is set on object 'Object Repository/RecAndPlayBk/Page-Vlink-Debit/input_Company_check'

2024-05-27 19:39:21 - [MESSAGE][PASSED] - Text '' is set on object 'Object Repository/RecAndPlayBk/Page-Vlink-Debit/input_Company_check'

2024-05-27 19:39:21 - [TEST_STEP][PASSED] - setText(findTestObject("RecAndPlayBk/Page-Vlink-Debit/input_Account Type"), acType): Text '1' is set on object 'Object Repository/RecAndPlayBk/Page-Vlink-Debit/input_Account Type'

2024-05-27 19:39:21 - [MESSAGE][PASSED] - Text '1' is set on object 'Object Repository/RecAndPlayBk/Page-Vlink-Debit/input_Account Type'

2024-05-27 19:39:21 - [TEST_STEP][PASSED] - setText(findTestObject("RecAndPlayBk/Page-Vlink-Debit/input_Routing Number"), rtn): Text '256072691' is set on object 'Object Repository/RecAndPlayBk/Page-Vlink-Debit/input_Routing Number'

2024-05-27 19:39:22 - [MESSAGE][PASSED] - Text '256072691' is set on object 'Object Repository/RecAndPlayBk/Page-Vlink-Debit/input_Routing Number'

2024-05-27 19:39:22 - [TEST_STEP][PASSED] - setText(findTestObject("RecAndPlayBk/Page-Vlink-Debit/input_Amount"), amount): Text '12.50' is set on object 'Object Repository/RecAndPlayBk/Page-Vlink-Debit/input_Amount'

2024-05-27 19:39:23 - [MESSAGE][PASSED] - Text '12.50' is set on object 'Object Repository/RecAndPlayBk/Page-Vlink-Debit/input_Amount'

2024-05-27 19:39:23 - [TEST_STEP][PASSED] - setText(findTestObject("RecAndPlayBk/Page-Vlink-Debit/input_Check Email"), ""): Text '' is set on object 'Object Repository/RecAndPlayBk/Page-Vlink-Debit/input_Check Email'

2024-05-27 19:39:24 - [MESSAGE][PASSED] - Text '' is set on object 'Object Repository/RecAndPlayBk/Page-Vlink-Debit/input_Check Email'

2024-05-27 19:39:24 - [TEST_STEP][PASSED] - setText(findTestObject("Object Repository/RecAndPlayBk/Page-Vlink-Debit/input_concat(CheckWriter, , s SSN)_check_ssn"), ""): Text '' is set on object 'Object Repository/RecAndPlayBk/Page-Vlink-Debit/input_concat(CheckWriter, , s SSN)_check_ssn'

2024-05-27 19:39:24 - [MESSAGE][PASSED] - Text '' is set on object 'Object Repository/RecAndPlayBk/Page-Vlink-Debit/input_concat(CheckWriter, , s SSN)_check_ssn'

2024-05-27 19:39:24 - [TEST_STEP][PASSED] - setText(findTestObject("Object Repository/RecAndPlayBk/Page-Vlink-Debit/input_concat(CheckWriter, , s License Numbe_020fef"), ""): Text '' is set on object 'Object Repository/RecAndPlayBk/Page-Vlink-Debit/input_concat(CheckWriter, , s License Numbe_020fef'

2024-05-27 19:39:25 - [MESSAGE][PASSED] - Text '' is set on object 'Object Repository/RecAndPlayBk/Page-Vlink-Debit/input_concat(CheckWriter, , s License Numbe_020fef'

2024-05-27 19:39:25 - [TEST_STEP][PASSED] - setText(findTestObject("Object Repository/RecAndPlayBk/Page-Vlink-Debit/input_concat(CheckWriter, , s License State_21e3e7"), ""): Text '' is set on object 'Object Repository/RecAndPlayBk/Page-Vlink-Debit/input_concat(CheckWriter, , s License State_21e3e7'

2024-05-27 19:39:26 - [MESSAGE][PASSED] - Text '' is set on object 'Object Repository/RecAndPlayBk/Page-Vlink-Debit/input_concat(CheckWriter, , s License State_21e3e7'

2024-05-27 19:39:26 - [TEST_STEP][PASSED] - setText(findTestObject("RecAndPlayBk/Page-Vlink-Debit/input_Standard Entry Class"), sec): Text 'PPD' is set on object 'Object Repository/RecAndPlayBk/Page-Vlink-Debit/input_Standard Entry Class'

2024-05-27 19:39:27 - [MESSAGE][PASSED] - Text 'PPD' is set on object 'Object Repository/RecAndPlayBk/Page-Vlink-Debit/input_Standard Entry Class'

2024-05-27 19:39:27 - [TEST_STEP][PASSED] - click(findTestObject("Object Repository/RecAndPlayBk/Page-Vlink-Debit/input")): Object: 'Object Repository/RecAndPlayBk/Page-Vlink-Debit/input' is clicked on

2024-05-27 19:39:27 - [MESSAGE][PASSED] - Object: 'Object Repository/RecAndPlayBk/Page-Vlink-Debit/input' is clicked on

2024-05-27 19:39:27 - [TEST_STEP][PASSED] - if (verifyTextPresent("Transaction approved, no errors", true)): null

2024-05-27 19:39:28 - [MESSAGE][PASSED] - Text 'Transaction approved, no errors' is present on page  using regular expression

2024-05-27 19:39:28 - [TEST_STEP][PASSED] - println("Transaction Approved, no errors text is present on the Confirmation page"): null

2024-05-27 19:39:28 - [TEST_STEP][PASSED] - sdfo = getText(findTestObject("Object Repository/Page_VLinkReceipt/pre_STX")): Text of object 'Object Repository/Page_VLinkReceipt/pre_STX' is: '<STX>7357|56832|42200              2967895             0  Transaction approved, no errors                   0                                                                                                              <ETX>'

2024-05-27 19:39:28 - [MESSAGE][PASSED] - Text of object 'Object Repository/Page_VLinkReceipt/pre_STX' is: '<STX>7357|56832|42200              2967895             0  Transaction approved, no errors                   0                                                                                                              <ETX>'

2024-05-27 19:39:28 - [TEST_STEP][PASSED] - out.println("sdfo: " + sdfo): null

2024-05-27 19:39:28 - [TEST_STEP][PASSED] - remID = substring(5, 35).trim(): null

2024-05-27 19:39:28 - [TEST_STEP][PASSED] - out.println("remID: " + remID): null

2024-05-27 19:39:28 - [TEST_STEP][PASSED] - traxID = substring(35, 55).trim(): null

2024-05-27 19:39:28 - [TEST_STEP][PASSED] - out.println("traxID: " + traxID): null

2024-05-27 19:39:28 - [TEST_STEP][PASSED] - VLinkSaleRemID = remID: null

2024-05-27 19:39:28 - [TEST_STEP][PASSED] - VLinkSaleTranxID = traxID: null

2024-05-27 19:39:28 - [TEST_STEP][PASSED] - openBrowser(VLinkURL + "ACH_credit.html"): Browser is opened with url: 'https://dev-algorithm.govolution.com/vlinktest/demo/version_2_0/ACH_credit.html'

2024-05-27 19:39:28 - [MESSAGE][WARNING] - A browser is already opened. Closing browser and opening a new one

2024-05-27 19:39:29 - [MESSAGE][INFO] - Starting 'Chrome' driver

2024-05-27 19:39:29 - [MESSAGE][INFO] - User set preference: ['acceptInsecureCerts', 'true']

2024-05-27 19:39:29 - [MESSAGE][INFO] - Action delay is set to 0 milliseconds

2024-05-27 19:39:31 - [MESSAGE][PASSED] - Browser is opened with url: 'https://dev-algorithm.govolution.com/vlinktest/demo/version_2_0/ACH_credit.html'

2024-05-27 19:39:31 - [TEST_STEP][PASSED] - maximizeWindow(): Current window maximized

2024-05-27 19:39:32 - [MESSAGE][PASSED] - Current window maximized

2024-05-27 19:39:32 - [TEST_STEP][PASSED] - setText(findTestObject("Object Repository/RecAndPlayBk/Page-Vlink-ACH-Credit/input_Remittance Id"), VLinkSaleRemID): Text '7357|56832|42200' is set on object 'Object Repository/RecAndPlayBk/Page-Vlink-ACH-Credit/input_Remittance Id'

2024-05-27 19:39:33 - [MESSAGE][PASSED] - Text '7357|56832|42200' is set on object 'Object Repository/RecAndPlayBk/Page-Vlink-ACH-Credit/input_Remittance Id'

2024-05-27 19:39:33 - [TEST_STEP][PASSED] - setText(findTestObject("Object Repository/RecAndPlayBk/Page-Vlink-ACH-Credit/input_Application Id"), appID): Text '1773' is set on object 'Object Repository/RecAndPlayBk/Page-Vlink-ACH-Credit/input_Application Id'

2024-05-27 19:39:33 - [MESSAGE][PASSED] - Text '1773' is set on object 'Object Repository/RecAndPlayBk/Page-Vlink-ACH-Credit/input_Application Id'

2024-05-27 19:39:33 - [TEST_STEP][PASSED] - setText(findTestObject("Object Repository/RecAndPlayBk/Page-Vlink-ACH-Credit/input_Username"), username): Text 'Qq2BV1qtr' is set on object 'Object Repository/RecAndPlayBk/Page-Vlink-ACH-Credit/input_Username'

2024-05-27 19:39:34 - [MESSAGE][PASSED] - Text 'Qq2BV1qtr' is set on object 'Object Repository/RecAndPlayBk/Page-Vlink-ACH-Credit/input_Username'

2024-05-27 19:39:34 - [TEST_STEP][PASSED] - setText(findTestObject("Object Repository/RecAndPlayBk/Page-Vlink-ACH-Credit/input_Password"), password): Text 'tUmWBiLUx' is set on object 'Object Repository/RecAndPlayBk/Page-Vlink-ACH-Credit/input_Password'

2024-05-27 19:39:35 - [MESSAGE][PASSED] - Text 'tUmWBiLUx' is set on object 'Object Repository/RecAndPlayBk/Page-Vlink-ACH-Credit/input_Password'

2024-05-27 19:39:35 - [TEST_STEP][PASSED] - setText(findTestObject("Object Repository/RecAndPlayBk/Page-Vlink-ACH-Credit/input_Check Type"), checkType): Text 'P' is set on object 'Object Repository/RecAndPlayBk/Page-Vlink-ACH-Credit/input_Check Type'

2024-05-27 19:39:35 - [MESSAGE][PASSED] - Text 'P' is set on object 'Object Repository/RecAndPlayBk/Page-Vlink-ACH-Credit/input_Check Type'

2024-05-27 19:39:35 - [TEST_STEP][PASSED] - setText(findTestObject("Object Repository/RecAndPlayBk/Page-Vlink-ACH-Credit/input_Transaction ID"), VLinkSaleTranxID): Text '2967895' is set on object 'Object Repository/RecAndPlayBk/Page-Vlink-ACH-Credit/input_Transaction ID'

2024-05-27 19:39:36 - [MESSAGE][PASSED] - Text '2967895' is set on object 'Object Repository/RecAndPlayBk/Page-Vlink-ACH-Credit/input_Transaction ID'

2024-05-27 19:39:36 - [TEST_STEP][PASSED] - setText(findTestObject("Object Repository/RecAndPlayBk/Page-Vlink-ACH-Credit/input_Amount"), amount): Text '12.50' is set on object 'Object Repository/RecAndPlayBk/Page-Vlink-ACH-Credit/input_Amount'

2024-05-27 19:39:37 - [MESSAGE][PASSED] - Text '12.50' is set on object 'Object Repository/RecAndPlayBk/Page-Vlink-ACH-Credit/input_Amount'

2024-05-27 19:39:37 - [TEST_STEP][PASSED] - setText(findTestObject("Object Repository/RecAndPlayBk/Page-Vlink-ACH-Credit/input_Standard Entry Class"), sec): Text 'PPD' is set on object 'Object Repository/RecAndPlayBk/Page-Vlink-ACH-Credit/input_Standard Entry Class'

2024-05-27 19:39:38 - [MESSAGE][PASSED] - Text 'PPD' is set on object 'Object Repository/RecAndPlayBk/Page-Vlink-ACH-Credit/input_Standard Entry Class'

2024-05-27 19:39:38 - [TEST_STEP][PASSED] - setText(findTestObject("Object Repository/RecAndPlayBk/Page-Vlink-ACH-Credit/input_Account Number"), acNumber): Text '58963214' is set on object 'Object Repository/RecAndPlayBk/Page-Vlink-ACH-Credit/input_Account Number'

2024-05-27 19:39:39 - [MESSAGE][PASSED] - Text '58963214' is set on object 'Object Repository/RecAndPlayBk/Page-Vlink-ACH-Credit/input_Account Number'

2024-05-27 19:39:39 - [TEST_STEP][PASSED] - setText(findTestObject("Object Repository/RecAndPlayBk/Page-Vlink-ACH-Credit/input_Routing Number"), rtn): Text '256072691' is set on object 'Object Repository/RecAndPlayBk/Page-Vlink-ACH-Credit/input_Routing Number'

2024-05-27 19:39:39 - [MESSAGE][PASSED] - Text '256072691' is set on object 'Object Repository/RecAndPlayBk/Page-Vlink-ACH-Credit/input_Routing Number'

2024-05-27 19:39:39 - [TEST_STEP][PASSED] - click(findTestObject("Object Repository/RecAndPlayBk/Page-Vlink-ACH-Credit/input")): Object: 'Object Repository/RecAndPlayBk/Page-Vlink-ACH-Credit/input' is clicked on

2024-05-27 19:39:41 - [MESSAGE][PASSED] - Object: 'Object Repository/RecAndPlayBk/Page-Vlink-ACH-Credit/input' is clicked on

2024-05-27 19:39:41 - [TEST_STEP][PASSED] - if (verifyTextPresent("Transaction approved, no errors", true)): null

2024-05-27 19:39:41 - [MESSAGE][PASSED] - Text 'Transaction approved, no errors' is present on page  using regular expression

2024-05-27 19:39:41 - [TEST_STEP][PASSED] - println("Transaction Approved, no errors text is present on the Confirmation page"): null

2024-05-27 19:39:41 - [TEST_STEP][PASSED] - out.println("Pass Record Number: " + row): null

2024-05-27 19:39:41 - [TEST_STEP][PASSED] - resText = "Pass": null

2024-05-27 19:39:41 - [TEST_STEP][PASSED] - pages.WriteExcel.demoKey(resText, datText, resColumn, datCloumn, fileLoc, nameSheet, row): pages.WriteExcel.demoKey is PASSED

2024-05-27 19:39:41 - [MESSAGE][PASSED] - pages.WriteExcel.demoKey is PASSED

2024-05-27 19:39:41 - [TEST_STEP][PASSED] - ExecuteTC = findTestData(dataFile).getValue("Execute", row): null

2024-05-27 19:39:41 - [TEST_STEP][PASSED] - out.println("Value of Execute is : " + ExecuteTC): null

2024-05-27 19:39:41 - [TEST_STEP][PASSED] - switch (executionProfile): null

2024-05-27 19:39:41 - [TEST_STEP][PASSED] - case "DemoProfile":: null

2024-05-27 19:39:41 - [TEST_STEP][PASSED] - appID = findTestData(dataFile).getValue("AppIDDemo", row): null

2024-05-27 19:39:41 - [TEST_STEP][PASSED] - username = findTestData(dataFile).getValue("UsernameDemo", row): null

2024-05-27 19:39:41 - [TEST_STEP][PASSED] - password = findTestData(dataFile).getValue("PasswordDemo", row): null

2024-05-27 19:39:42 - [TEST_STEP][PASSED] - break: null

2024-05-27 19:39:42 - [TEST_STEP][PASSED] - if (ExecuteTC.equalsIgnoreCase("Y")): null

2024-05-27 19:39:42 - [TEST_STEP][PASSED] - out.println("Begin Record Number: " + row): null

2024-05-27 19:39:42 - [TEST_STEP][PASSED] - today = new java.util.Date(): null

2024-05-27 19:39:42 - [TEST_STEP][PASSED] - println(today): null

2024-05-27 19:39:42 - [TEST_STEP][PASSED] - datText = today: null

2024-05-27 19:39:42 - [TEST_STEP][PASSED] - checkType = findTestData(dataFile).getValue("CheckType", row): null

2024-05-27 19:39:42 - [TEST_STEP][PASSED] - acNumber = findTestData(dataFile).getValue("AcNumber", row): null

2024-05-27 19:39:42 - [TEST_STEP][PASSED] - company = findTestData(dataFile).getValue("Company", row): null

2024-05-27 19:39:42 - [TEST_STEP][PASSED] - acType = findTestData(dataFile).getValue("AcType", row): null

2024-05-27 19:39:42 - [TEST_STEP][PASSED] - rtn = findTestData(dataFile).getValue("RTN", row): null

2024-05-27 19:39:42 - [TEST_STEP][PASSED] - amount = findTestData(dataFile).getValue("Amount", row): null

2024-05-27 19:39:42 - [TEST_STEP][PASSED] - sec = findTestData(dataFile).getValue("SEC", row): null

2024-05-27 19:39:42 - [TEST_STEP][PASSED] - openBrowser(VLinkURL + "debit.html"): Browser is opened with url: 'https://dev-algorithm.govolution.com/vlinktest/demo/version_2_0/debit.html'

2024-05-27 19:39:42 - [MESSAGE][WARNING] - A browser is already opened. Closing browser and opening a new one

2024-05-27 19:39:43 - [MESSAGE][INFO] - Starting 'Chrome' driver

2024-05-27 19:39:43 - [MESSAGE][INFO] - User set preference: ['acceptInsecureCerts', 'true']

2024-05-27 19:39:43 - [MESSAGE][INFO] - Action delay is set to 0 milliseconds

2024-05-27 19:39:46 - [MESSAGE][PASSED] - Browser is opened with url: 'https://dev-algorithm.govolution.com/vlinktest/demo/version_2_0/debit.html'

2024-05-27 19:39:46 - [TEST_STEP][PASSED] - maximizeWindow(): Current window maximized

2024-05-27 19:39:46 - [MESSAGE][PASSED] - Current window maximized

2024-05-27 19:39:46 - [TEST_STEP][PASSED] - genRemID1 = random() * 99999).toInteger(): null

2024-05-27 19:39:46 - [TEST_STEP][PASSED] - genRemID2 = random() * 99999).toInteger(): null

2024-05-27 19:39:46 - [TEST_STEP][PASSED] - genRemID3 = random() * 99999).toInteger(): null

2024-05-27 19:39:46 - [TEST_STEP][PASSED] - println(genRemID1): null

2024-05-27 19:39:46 - [TEST_STEP][PASSED] - println(genRemID2): null

2024-05-27 19:39:46 - [TEST_STEP][PASSED] - println(genRemID3): null

2024-05-27 19:39:46 - [TEST_STEP][PASSED] - genRemID = genRemID1 + "|" + genRemID2 + "|" + genRemID3: null

2024-05-27 19:39:46 - [TEST_STEP][PASSED] - println(genRemID): null

2024-05-27 19:39:46 - [TEST_STEP][PASSED] - setText(findTestObject("RecAndPlayBk/Page-Vlink-Debit/input_Remittance Id"), genRemID): Text '48064|12710|73962' is set on object 'Object Repository/RecAndPlayBk/Page-Vlink-Debit/input_Remittance Id'

2024-05-27 19:39:47 - [MESSAGE][PASSED] - Text '48064|12710|73962' is set on object 'Object Repository/RecAndPlayBk/Page-Vlink-Debit/input_Remittance Id'

2024-05-27 19:39:47 - [TEST_STEP][PASSED] - setText(findTestObject("RecAndPlayBk/Page-Vlink-Debit/input_Application Id"), appID): Text '1773' is set on object 'Object Repository/RecAndPlayBk/Page-Vlink-Debit/input_Application Id'

2024-05-27 19:39:48 - [MESSAGE][PASSED] - Text '1773' is set on object 'Object Repository/RecAndPlayBk/Page-Vlink-Debit/input_Application Id'

2024-05-27 19:39:48 - [TEST_STEP][PASSED] - setText(findTestObject("RecAndPlayBk/Page-Vlink-Debit/input_Username"), username): Text 'Qq2BV1qtr' is set on object 'Object Repository/RecAndPlayBk/Page-Vlink-Debit/input_Username'

2024-05-27 19:39:48 - [MESSAGE][PASSED] - Text 'Qq2BV1qtr' is set on object 'Object Repository/RecAndPlayBk/Page-Vlink-Debit/input_Username'

2024-05-27 19:39:48 - [TEST_STEP][PASSED] - setText(findTestObject("RecAndPlayBk/Page-Vlink-Debit/input_Password"), password): Text 'tUmWBiLUx' is set on object 'Object Repository/RecAndPlayBk/Page-Vlink-Debit/input_Password'

2024-05-27 19:39:49 - [MESSAGE][PASSED] - Text 'tUmWBiLUx' is set on object 'Object Repository/RecAndPlayBk/Page-Vlink-Debit/input_Password'

2024-05-27 19:39:49 - [TEST_STEP][PASSED] - setText(findTestObject("RecAndPlayBk/Page-Vlink-Debit/input_Check Type"), checkType): Text 'P' is set on object 'Object Repository/RecAndPlayBk/Page-Vlink-Debit/input_Check Type'

2024-05-27 19:39:50 - [MESSAGE][PASSED] - Text 'P' is set on object 'Object Repository/RecAndPlayBk/Page-Vlink-Debit/input_Check Type'

2024-05-27 19:39:50 - [TEST_STEP][PASSED] - setText(findTestObject("RecAndPlayBk/Page-Vlink-Debit/input_Account_check"), acNumber): Text '58963214' is set on object 'Object Repository/RecAndPlayBk/Page-Vlink-Debit/input_Account_check'

2024-05-27 19:39:50 - [MESSAGE][PASSED] - Text '58963214' is set on object 'Object Repository/RecAndPlayBk/Page-Vlink-Debit/input_Account_check'

2024-05-27 19:39:50 - [TEST_STEP][PASSED] - setText(findTestObject("RecAndPlayBk/Page-Vlink-Debit/input_Company_check"), company): Text '' is set on object 'Object Repository/RecAndPlayBk/Page-Vlink-Debit/input_Company_check'

2024-05-27 19:39:51 - [MESSAGE][PASSED] - Text '' is set on object 'Object Repository/RecAndPlayBk/Page-Vlink-Debit/input_Company_check'

2024-05-27 19:39:51 - [TEST_STEP][PASSED] - setText(findTestObject("RecAndPlayBk/Page-Vlink-Debit/input_Account Type"), acType): Text '2' is set on object 'Object Repository/RecAndPlayBk/Page-Vlink-Debit/input_Account Type'

2024-05-27 19:39:52 - [MESSAGE][PASSED] - Text '2' is set on object 'Object Repository/RecAndPlayBk/Page-Vlink-Debit/input_Account Type'

2024-05-27 19:39:52 - [TEST_STEP][PASSED] - setText(findTestObject("RecAndPlayBk/Page-Vlink-Debit/input_Routing Number"), rtn): Text '256072691' is set on object 'Object Repository/RecAndPlayBk/Page-Vlink-Debit/input_Routing Number'

2024-05-27 19:39:52 - [MESSAGE][PASSED] - Text '256072691' is set on object 'Object Repository/RecAndPlayBk/Page-Vlink-Debit/input_Routing Number'

2024-05-27 19:39:52 - [TEST_STEP][PASSED] - setText(findTestObject("RecAndPlayBk/Page-Vlink-Debit/input_Amount"), amount): Text '12.50' is set on object 'Object Repository/RecAndPlayBk/Page-Vlink-Debit/input_Amount'

2024-05-27 19:39:53 - [MESSAGE][PASSED] - Text '12.50' is set on object 'Object Repository/RecAndPlayBk/Page-Vlink-Debit/input_Amount'

2024-05-27 19:39:53 - [TEST_STEP][PASSED] - setText(findTestObject("RecAndPlayBk/Page-Vlink-Debit/input_Check Email"), ""): Text '' is set on object 'Object Repository/RecAndPlayBk/Page-Vlink-Debit/input_Check Email'

2024-05-27 19:39:54 - [MESSAGE][PASSED] - Text '' is set on object 'Object Repository/RecAndPlayBk/Page-Vlink-Debit/input_Check Email'

2024-05-27 19:39:54 - [TEST_STEP][PASSED] - setText(findTestObject("Object Repository/RecAndPlayBk/Page-Vlink-Debit/input_concat(CheckWriter, , s SSN)_check_ssn"), ""): Text '' is set on object 'Object Repository/RecAndPlayBk/Page-Vlink-Debit/input_concat(CheckWriter, , s SSN)_check_ssn'

2024-05-27 19:39:55 - [MESSAGE][PASSED] - Text '' is set on object 'Object Repository/RecAndPlayBk/Page-Vlink-Debit/input_concat(CheckWriter, , s SSN)_check_ssn'

2024-05-27 19:39:55 - [TEST_STEP][PASSED] - setText(findTestObject("Object Repository/RecAndPlayBk/Page-Vlink-Debit/input_concat(CheckWriter, , s License Numbe_020fef"), ""): Text '' is set on object 'Object Repository/RecAndPlayBk/Page-Vlink-Debit/input_concat(CheckWriter, , s License Numbe_020fef'

2024-05-27 19:39:55 - [MESSAGE][PASSED] - Text '' is set on object 'Object Repository/RecAndPlayBk/Page-Vlink-Debit/input_concat(CheckWriter, , s License Numbe_020fef'

2024-05-27 19:39:55 - [TEST_STEP][PASSED] - setText(findTestObject("Object Repository/RecAndPlayBk/Page-Vlink-Debit/input_concat(CheckWriter, , s License State_21e3e7"), ""): Text '' is set on object 'Object Repository/RecAndPlayBk/Page-Vlink-Debit/input_concat(CheckWriter, , s License State_21e3e7'

2024-05-27 19:39:56 - [MESSAGE][PASSED] - Text '' is set on object 'Object Repository/RecAndPlayBk/Page-Vlink-Debit/input_concat(CheckWriter, , s License State_21e3e7'

2024-05-27 19:39:56 - [TEST_STEP][PASSED] - setText(findTestObject("RecAndPlayBk/Page-Vlink-Debit/input_Standard Entry Class"), sec): Text 'WEB' is set on object 'Object Repository/RecAndPlayBk/Page-Vlink-Debit/input_Standard Entry Class'

2024-05-27 19:39:57 - [MESSAGE][PASSED] - Text 'WEB' is set on object 'Object Repository/RecAndPlayBk/Page-Vlink-Debit/input_Standard Entry Class'

2024-05-27 19:39:57 - [TEST_STEP][PASSED] - click(findTestObject("Object Repository/RecAndPlayBk/Page-Vlink-Debit/input")): Object: 'Object Repository/RecAndPlayBk/Page-Vlink-Debit/input' is clicked on

2024-05-27 19:39:58 - [MESSAGE][PASSED] - Object: 'Object Repository/RecAndPlayBk/Page-Vlink-Debit/input' is clicked on

2024-05-27 19:39:58 - [TEST_STEP][PASSED] - if (verifyTextPresent("Transaction approved, no errors", true)): null

2024-05-27 19:39:58 - [MESSAGE][PASSED] - Text 'Transaction approved, no errors' is present on page  using regular expression

2024-05-27 19:39:58 - [TEST_STEP][PASSED] - println("Transaction Approved, no errors text is present on the Confirmation page"): null

2024-05-27 19:39:58 - [TEST_STEP][PASSED] - sdfo = getText(findTestObject("Object Repository/Page_VLinkReceipt/pre_STX")): Text of object 'Object Repository/Page_VLinkReceipt/pre_STX' is: '<STX>48064|12710|73962             2967897             0  Transaction approved, no errors                   0                                                                                                              <ETX>'

2024-05-27 19:39:59 - [MESSAGE][PASSED] - Text of object 'Object Repository/Page_VLinkReceipt/pre_STX' is: '<STX>48064|12710|73962             2967897             0  Transaction approved, no errors                   0                                                                                                              <ETX>'

2024-05-27 19:39:59 - [TEST_STEP][PASSED] - out.println("sdfo: " + sdfo): null

2024-05-27 19:39:59 - [TEST_STEP][PASSED] - remID = substring(5, 35).trim(): null

2024-05-27 19:39:59 - [TEST_STEP][PASSED] - out.println("remID: " + remID): null

2024-05-27 19:39:59 - [TEST_STEP][PASSED] - traxID = substring(35, 55).trim(): null

2024-05-27 19:39:59 - [TEST_STEP][PASSED] - out.println("traxID: " + traxID): null

2024-05-27 19:39:59 - [TEST_STEP][PASSED] - VLinkSaleRemID = remID: null

2024-05-27 19:39:59 - [TEST_STEP][PASSED] - VLinkSaleTranxID = traxID: null

2024-05-27 19:39:59 - [TEST_STEP][PASSED] - openBrowser(VLinkURL + "ACH_credit.html"): Browser is opened with url: 'https://dev-algorithm.govolution.com/vlinktest/demo/version_2_0/ACH_credit.html'

2024-05-27 19:39:59 - [MESSAGE][WARNING] - A browser is already opened. Closing browser and opening a new one

2024-05-27 19:40:00 - [MESSAGE][INFO] - Starting 'Chrome' driver

2024-05-27 19:40:00 - [MESSAGE][INFO] - User set preference: ['acceptInsecureCerts', 'true']

2024-05-27 19:40:00 - [MESSAGE][INFO] - Action delay is set to 0 milliseconds

2024-05-27 19:40:02 - [MESSAGE][PASSED] - Browser is opened with url: 'https://dev-algorithm.govolution.com/vlinktest/demo/version_2_0/ACH_credit.html'

2024-05-27 19:40:02 - [TEST_STEP][PASSED] - maximizeWindow(): Current window maximized

2024-05-27 19:40:02 - [MESSAGE][PASSED] - Current window maximized

2024-05-27 19:40:02 - [TEST_STEP][PASSED] - setText(findTestObject("Object Repository/RecAndPlayBk/Page-Vlink-ACH-Credit/input_Remittance Id"), VLinkSaleRemID): Text '48064|12710|73962' is set on object 'Object Repository/RecAndPlayBk/Page-Vlink-ACH-Credit/input_Remittance Id'

2024-05-27 19:40:03 - [MESSAGE][PASSED] - Text '48064|12710|73962' is set on object 'Object Repository/RecAndPlayBk/Page-Vlink-ACH-Credit/input_Remittance Id'

2024-05-27 19:40:03 - [TEST_STEP][PASSED] - setText(findTestObject("Object Repository/RecAndPlayBk/Page-Vlink-ACH-Credit/input_Application Id"), appID): Text '1773' is set on object 'Object Repository/RecAndPlayBk/Page-Vlink-ACH-Credit/input_Application Id'

2024-05-27 19:40:03 - [MESSAGE][PASSED] - Text '1773' is set on object 'Object Repository/RecAndPlayBk/Page-Vlink-ACH-Credit/input_Application Id'

2024-05-27 19:40:03 - [TEST_STEP][PASSED] - setText(findTestObject("Object Repository/RecAndPlayBk/Page-Vlink-ACH-Credit/input_Username"), username): Text 'Qq2BV1qtr' is set on object 'Object Repository/RecAndPlayBk/Page-Vlink-ACH-Credit/input_Username'

2024-05-27 19:40:04 - [MESSAGE][PASSED] - Text 'Qq2BV1qtr' is set on object 'Object Repository/RecAndPlayBk/Page-Vlink-ACH-Credit/input_Username'

2024-05-27 19:40:04 - [TEST_STEP][PASSED] - setText(findTestObject("Object Repository/RecAndPlayBk/Page-Vlink-ACH-Credit/input_Password"), password): Text 'tUmWBiLUx' is set on object 'Object Repository/RecAndPlayBk/Page-Vlink-ACH-Credit/input_Password'

2024-05-27 19:40:05 - [MESSAGE][PASSED] - Text 'tUmWBiLUx' is set on object 'Object Repository/RecAndPlayBk/Page-Vlink-ACH-Credit/input_Password'

2024-05-27 19:40:05 - [TEST_STEP][PASSED] - setText(findTestObject("Object Repository/RecAndPlayBk/Page-Vlink-ACH-Credit/input_Check Type"), checkType): Text 'P' is set on object 'Object Repository/RecAndPlayBk/Page-Vlink-ACH-Credit/input_Check Type'

2024-05-27 19:40:06 - [MESSAGE][PASSED] - Text 'P' is set on object 'Object Repository/RecAndPlayBk/Page-Vlink-ACH-Credit/input_Check Type'

2024-05-27 19:40:06 - [TEST_STEP][PASSED] - setText(findTestObject("Object Repository/RecAndPlayBk/Page-Vlink-ACH-Credit/input_Transaction ID"), VLinkSaleTranxID): Text '2967897' is set on object 'Object Repository/RecAndPlayBk/Page-Vlink-ACH-Credit/input_Transaction ID'

2024-05-27 19:40:06 - [MESSAGE][PASSED] - Text '2967897' is set on object 'Object Repository/RecAndPlayBk/Page-Vlink-ACH-Credit/input_Transaction ID'

2024-05-27 19:40:06 - [TEST_STEP][PASSED] - setText(findTestObject("Object Repository/RecAndPlayBk/Page-Vlink-ACH-Credit/input_Amount"), amount): Text '12.50' is set on object 'Object Repository/RecAndPlayBk/Page-Vlink-ACH-Credit/input_Amount'

2024-05-27 19:40:07 - [MESSAGE][PASSED] - Text '12.50' is set on object 'Object Repository/RecAndPlayBk/Page-Vlink-ACH-Credit/input_Amount'

2024-05-27 19:40:07 - [TEST_STEP][PASSED] - setText(findTestObject("Object Repository/RecAndPlayBk/Page-Vlink-ACH-Credit/input_Standard Entry Class"), sec): Text 'WEB' is set on object 'Object Repository/RecAndPlayBk/Page-Vlink-ACH-Credit/input_Standard Entry Class'

2024-05-27 19:40:08 - [MESSAGE][PASSED] - Text 'WEB' is set on object 'Object Repository/RecAndPlayBk/Page-Vlink-ACH-Credit/input_Standard Entry Class'

2024-05-27 19:40:08 - [TEST_STEP][PASSED] - setText(findTestObject("Object Repository/RecAndPlayBk/Page-Vlink-ACH-Credit/input_Account Number"), acNumber): Text '58963214' is set on object 'Object Repository/RecAndPlayBk/Page-Vlink-ACH-Credit/input_Account Number'

2024-05-27 19:40:09 - [MESSAGE][PASSED] - Text '58963214' is set on object 'Object Repository/RecAndPlayBk/Page-Vlink-ACH-Credit/input_Account Number'

2024-05-27 19:40:09 - [TEST_STEP][PASSED] - setText(findTestObject("Object Repository/RecAndPlayBk/Page-Vlink-ACH-Credit/input_Routing Number"), rtn): Text '256072691' is set on object 'Object Repository/RecAndPlayBk/Page-Vlink-ACH-Credit/input_Routing Number'

2024-05-27 19:40:09 - [MESSAGE][PASSED] - Text '256072691' is set on object 'Object Repository/RecAndPlayBk/Page-Vlink-ACH-Credit/input_Routing Number'

2024-05-27 19:40:09 - [TEST_STEP][PASSED] - click(findTestObject("Object Repository/RecAndPlayBk/Page-Vlink-ACH-Credit/input")): Object: 'Object Repository/RecAndPlayBk/Page-Vlink-ACH-Credit/input' is clicked on

2024-05-27 19:40:11 - [MESSAGE][PASSED] - Object: 'Object Repository/RecAndPlayBk/Page-Vlink-ACH-Credit/input' is clicked on

2024-05-27 19:40:11 - [TEST_STEP][PASSED] - if (verifyTextPresent("Transaction approved, no errors", true)): null

2024-05-27 19:40:11 - [MESSAGE][PASSED] - Text 'Transaction approved, no errors' is present on page  using regular expression

2024-05-27 19:40:11 - [TEST_STEP][PASSED] - println("Transaction Approved, no errors text is present on the Confirmation page"): null

2024-05-27 19:40:11 - [TEST_STEP][PASSED] - out.println("Pass Record Number: " + row): null

2024-05-27 19:40:11 - [TEST_STEP][PASSED] - resText = "Pass": null

2024-05-27 19:40:11 - [TEST_STEP][PASSED] - pages.WriteExcel.demoKey(resText, datText, resColumn, datCloumn, fileLoc, nameSheet, row): pages.WriteExcel.demoKey is PASSED

2024-05-27 19:40:12 - [MESSAGE][PASSED] - pages.WriteExcel.demoKey is PASSED

2024-05-27 19:40:12 - [TEST_STEP][PASSED] - ExecuteTC = findTestData(dataFile).getValue("Execute", row): null

2024-05-27 19:40:12 - [TEST_STEP][PASSED] - out.println("Value of Execute is : " + ExecuteTC): null

2024-05-27 19:40:12 - [TEST_STEP][PASSED] - switch (executionProfile): null

2024-05-27 19:40:12 - [TEST_STEP][PASSED] - case "DemoProfile":: null

2024-05-27 19:40:12 - [TEST_STEP][PASSED] - appID = findTestData(dataFile).getValue("AppIDDemo", row): null

2024-05-27 19:40:12 - [TEST_STEP][PASSED] - username = findTestData(dataFile).getValue("UsernameDemo", row): null

2024-05-27 19:40:12 - [TEST_STEP][PASSED] - password = findTestData(dataFile).getValue("PasswordDemo", row): null

2024-05-27 19:40:12 - [TEST_STEP][PASSED] - break: null

2024-05-27 19:40:12 - [TEST_STEP][PASSED] - if (ExecuteTC.equalsIgnoreCase("Y")): null

2024-05-27 19:40:12 - [TEST_STEP][PASSED] - out.println("Begin Record Number: " + row): null

2024-05-27 19:40:12 - [TEST_STEP][PASSED] - today = new java.util.Date(): null

2024-05-27 19:40:12 - [TEST_STEP][PASSED] - println(today): null

2024-05-27 19:40:12 - [TEST_STEP][PASSED] - datText = today: null

2024-05-27 19:40:12 - [TEST_STEP][PASSED] - checkType = findTestData(dataFile).getValue("CheckType", row): null

2024-05-27 19:40:12 - [TEST_STEP][PASSED] - acNumber = findTestData(dataFile).getValue("AcNumber", row): null

2024-05-27 19:40:12 - [TEST_STEP][PASSED] - company = findTestData(dataFile).getValue("Company", row): null

2024-05-27 19:40:12 - [TEST_STEP][PASSED] - acType = findTestData(dataFile).getValue("AcType", row): null

2024-05-27 19:40:12 - [TEST_STEP][PASSED] - rtn = findTestData(dataFile).getValue("RTN", row): null

2024-05-27 19:40:13 - [TEST_STEP][PASSED] - amount = findTestData(dataFile).getValue("Amount", row): null

2024-05-27 19:40:13 - [TEST_STEP][PASSED] - sec = findTestData(dataFile).getValue("SEC", row): null

2024-05-27 19:40:13 - [TEST_STEP][PASSED] - openBrowser(VLinkURL + "debit.html"): Browser is opened with url: 'https://dev-algorithm.govolution.com/vlinktest/demo/version_2_0/debit.html'

2024-05-27 19:40:13 - [MESSAGE][WARNING] - A browser is already opened. Closing browser and opening a new one

2024-05-27 19:40:14 - [MESSAGE][INFO] - Starting 'Chrome' driver

2024-05-27 19:40:14 - [MESSAGE][INFO] - User set preference: ['acceptInsecureCerts', 'true']

2024-05-27 19:40:14 - [MESSAGE][INFO] - Action delay is set to 0 milliseconds

2024-05-27 19:40:16 - [MESSAGE][PASSED] - Browser is opened with url: 'https://dev-algorithm.govolution.com/vlinktest/demo/version_2_0/debit.html'

2024-05-27 19:40:16 - [TEST_STEP][PASSED] - maximizeWindow(): Current window maximized

2024-05-27 19:40:16 - [MESSAGE][PASSED] - Current window maximized

2024-05-27 19:40:16 - [TEST_STEP][PASSED] - genRemID1 = random() * 99999).toInteger(): null

2024-05-27 19:40:16 - [TEST_STEP][PASSED] - genRemID2 = random() * 99999).toInteger(): null

2024-05-27 19:40:16 - [TEST_STEP][PASSED] - genRemID3 = random() * 99999).toInteger(): null

2024-05-27 19:40:16 - [TEST_STEP][PASSED] - println(genRemID1): null

2024-05-27 19:40:16 - [TEST_STEP][PASSED] - println(genRemID2): null

2024-05-27 19:40:16 - [TEST_STEP][PASSED] - println(genRemID3): null

2024-05-27 19:40:16 - [TEST_STEP][PASSED] - genRemID = genRemID1 + "|" + genRemID2 + "|" + genRemID3: null

2024-05-27 19:40:16 - [TEST_STEP][PASSED] - println(genRemID): null

2024-05-27 19:40:16 - [TEST_STEP][PASSED] - setText(findTestObject("RecAndPlayBk/Page-Vlink-Debit/input_Remittance Id"), genRemID): Text '74970|43222|53185' is set on object 'Object Repository/RecAndPlayBk/Page-Vlink-Debit/input_Remittance Id'

2024-05-27 19:40:17 - [MESSAGE][PASSED] - Text '74970|43222|53185' is set on object 'Object Repository/RecAndPlayBk/Page-Vlink-Debit/input_Remittance Id'

2024-05-27 19:40:17 - [TEST_STEP][PASSED] - setText(findTestObject("RecAndPlayBk/Page-Vlink-Debit/input_Application Id"), appID): Text '1773' is set on object 'Object Repository/RecAndPlayBk/Page-Vlink-Debit/input_Application Id'

2024-05-27 19:40:18 - [MESSAGE][PASSED] - Text '1773' is set on object 'Object Repository/RecAndPlayBk/Page-Vlink-Debit/input_Application Id'

2024-05-27 19:40:18 - [TEST_STEP][PASSED] - setText(findTestObject("RecAndPlayBk/Page-Vlink-Debit/input_Username"), username): Text 'Qq2BV1qtr' is set on object 'Object Repository/RecAndPlayBk/Page-Vlink-Debit/input_Username'

2024-05-27 19:40:19 - [MESSAGE][PASSED] - Text 'Qq2BV1qtr' is set on object 'Object Repository/RecAndPlayBk/Page-Vlink-Debit/input_Username'

2024-05-27 19:40:19 - [TEST_STEP][PASSED] - setText(findTestObject("RecAndPlayBk/Page-Vlink-Debit/input_Password"), password): Text 'tUmWBiLUx' is set on object 'Object Repository/RecAndPlayBk/Page-Vlink-Debit/input_Password'

2024-05-27 19:40:19 - [MESSAGE][PASSED] - Text 'tUmWBiLUx' is set on object 'Object Repository/RecAndPlayBk/Page-Vlink-Debit/input_Password'

2024-05-27 19:40:19 - [TEST_STEP][PASSED] - setText(findTestObject("RecAndPlayBk/Page-Vlink-Debit/input_Check Type"), checkType): Text 'P' is set on object 'Object Repository/RecAndPlayBk/Page-Vlink-Debit/input_Check Type'

2024-05-27 19:40:20 - [MESSAGE][PASSED] - Text 'P' is set on object 'Object Repository/RecAndPlayBk/Page-Vlink-Debit/input_Check Type'

2024-05-27 19:40:20 - [TEST_STEP][PASSED] - setText(findTestObject("RecAndPlayBk/Page-Vlink-Debit/input_Account_check"), acNumber): Text '58963214' is set on object 'Object Repository/RecAndPlayBk/Page-Vlink-Debit/input_Account_check'

2024-05-27 19:40:21 - [MESSAGE][PASSED] - Text '58963214' is set on object 'Object Repository/RecAndPlayBk/Page-Vlink-Debit/input_Account_check'

2024-05-27 19:40:21 - [TEST_STEP][PASSED] - setText(findTestObject("RecAndPlayBk/Page-Vlink-Debit/input_Company_check"), company): Text '' is set on object 'Object Repository/RecAndPlayBk/Page-Vlink-Debit/input_Company_check'

2024-05-27 19:40:21 - [MESSAGE][PASSED] - Text '' is set on object 'Object Repository/RecAndPlayBk/Page-Vlink-Debit/input_Company_check'

2024-05-27 19:40:21 - [TEST_STEP][PASSED] - setText(findTestObject("RecAndPlayBk/Page-Vlink-Debit/input_Account Type"), acType): Text '2' is set on object 'Object Repository/RecAndPlayBk/Page-Vlink-Debit/input_Account Type'

2024-05-27 19:40:22 - [MESSAGE][PASSED] - Text '2' is set on object 'Object Repository/RecAndPlayBk/Page-Vlink-Debit/input_Account Type'

2024-05-27 19:40:22 - [TEST_STEP][PASSED] - setText(findTestObject("RecAndPlayBk/Page-Vlink-Debit/input_Routing Number"), rtn): Text '256072691' is set on object 'Object Repository/RecAndPlayBk/Page-Vlink-Debit/input_Routing Number'

2024-05-27 19:40:23 - [MESSAGE][PASSED] - Text '256072691' is set on object 'Object Repository/RecAndPlayBk/Page-Vlink-Debit/input_Routing Number'

2024-05-27 19:40:23 - [TEST_STEP][PASSED] - setText(findTestObject("RecAndPlayBk/Page-Vlink-Debit/input_Amount"), amount): Text '12.50' is set on object 'Object Repository/RecAndPlayBk/Page-Vlink-Debit/input_Amount'

2024-05-27 19:40:24 - [MESSAGE][PASSED] - Text '12.50' is set on object 'Object Repository/RecAndPlayBk/Page-Vlink-Debit/input_Amount'

2024-05-27 19:40:24 - [TEST_STEP][PASSED] - setText(findTestObject("RecAndPlayBk/Page-Vlink-Debit/input_Check Email"), ""): Text '' is set on object 'Object Repository/RecAndPlayBk/Page-Vlink-Debit/input_Check Email'

2024-05-27 19:40:25 - [MESSAGE][PASSED] - Text '' is set on object 'Object Repository/RecAndPlayBk/Page-Vlink-Debit/input_Check Email'

2024-05-27 19:40:25 - [TEST_STEP][PASSED] - setText(findTestObject("Object Repository/RecAndPlayBk/Page-Vlink-Debit/input_concat(CheckWriter, , s SSN)_check_ssn"), ""): Text '' is set on object 'Object Repository/RecAndPlayBk/Page-Vlink-Debit/input_concat(CheckWriter, , s SSN)_check_ssn'

2024-05-27 19:40:25 - [MESSAGE][PASSED] - Text '' is set on object 'Object Repository/RecAndPlayBk/Page-Vlink-Debit/input_concat(CheckWriter, , s SSN)_check_ssn'

2024-05-27 19:40:25 - [TEST_STEP][PASSED] - setText(findTestObject("Object Repository/RecAndPlayBk/Page-Vlink-Debit/input_concat(CheckWriter, , s License Numbe_020fef"), ""): Text '' is set on object 'Object Repository/RecAndPlayBk/Page-Vlink-Debit/input_concat(CheckWriter, , s License Numbe_020fef'

2024-05-27 19:40:26 - [MESSAGE][PASSED] - Text '' is set on object 'Object Repository/RecAndPlayBk/Page-Vlink-Debit/input_concat(CheckWriter, , s License Numbe_020fef'

2024-05-27 19:40:26 - [TEST_STEP][PASSED] - setText(findTestObject("Object Repository/RecAndPlayBk/Page-Vlink-Debit/input_concat(CheckWriter, , s License State_21e3e7"), ""): Text '' is set on object 'Object Repository/RecAndPlayBk/Page-Vlink-Debit/input_concat(CheckWriter, , s License State_21e3e7'

2024-05-27 19:40:27 - [MESSAGE][PASSED] - Text '' is set on object 'Object Repository/RecAndPlayBk/Page-Vlink-Debit/input_concat(CheckWriter, , s License State_21e3e7'

2024-05-27 19:40:27 - [TEST_STEP][PASSED] - setText(findTestObject("RecAndPlayBk/Page-Vlink-Debit/input_Standard Entry Class"), sec): Text 'TEL' is set on object 'Object Repository/RecAndPlayBk/Page-Vlink-Debit/input_Standard Entry Class'

2024-05-27 19:40:28 - [MESSAGE][PASSED] - Text 'TEL' is set on object 'Object Repository/RecAndPlayBk/Page-Vlink-Debit/input_Standard Entry Class'

2024-05-27 19:40:28 - [TEST_STEP][PASSED] - click(findTestObject("Object Repository/RecAndPlayBk/Page-Vlink-Debit/input")): Object: 'Object Repository/RecAndPlayBk/Page-Vlink-Debit/input' is clicked on

2024-05-27 19:40:29 - [MESSAGE][PASSED] - Object: 'Object Repository/RecAndPlayBk/Page-Vlink-Debit/input' is clicked on

2024-05-27 19:40:29 - [TEST_STEP][PASSED] - if (verifyTextPresent("Transaction approved, no errors", true)): null

2024-05-27 19:40:29 - [MESSAGE][PASSED] - Text 'Transaction approved, no errors' is present on page  using regular expression

2024-05-27 19:40:29 - [TEST_STEP][PASSED] - println("Transaction Approved, no errors text is present on the Confirmation page"): null

2024-05-27 19:40:29 - [TEST_STEP][PASSED] - sdfo = getText(findTestObject("Object Repository/Page_VLinkReceipt/pre_STX")): Text of object 'Object Repository/Page_VLinkReceipt/pre_STX' is: '<STX>74970|43222|53185             2967899             0  Transaction approved, no errors                   0                                                                                                              <ETX>'

2024-05-27 19:40:29 - [MESSAGE][PASSED] - Text of object 'Object Repository/Page_VLinkReceipt/pre_STX' is: '<STX>74970|43222|53185             2967899             0  Transaction approved, no errors                   0                                                                                                              <ETX>'

2024-05-27 19:40:29 - [TEST_STEP][PASSED] - out.println("sdfo: " + sdfo): null

2024-05-27 19:40:29 - [TEST_STEP][PASSED] - remID = substring(5, 35).trim(): null

2024-05-27 19:40:29 - [TEST_STEP][PASSED] - out.println("remID: " + remID): null

2024-05-27 19:40:29 - [TEST_STEP][PASSED] - traxID = substring(35, 55).trim(): null

2024-05-27 19:40:29 - [TEST_STEP][PASSED] - out.println("traxID: " + traxID): null

2024-05-27 19:40:29 - [TEST_STEP][PASSED] - VLinkSaleRemID = remID: null

2024-05-27 19:40:29 - [TEST_STEP][PASSED] - VLinkSaleTranxID = traxID: null

2024-05-27 19:40:29 - [TEST_STEP][PASSED] - openBrowser(VLinkURL + "ACH_credit.html"): Browser is opened with url: 'https://dev-algorithm.govolution.com/vlinktest/demo/version_2_0/ACH_credit.html'

2024-05-27 19:40:29 - [MESSAGE][WARNING] - A browser is already opened. Closing browser and opening a new one

2024-05-27 19:40:31 - [MESSAGE][INFO] - Starting 'Chrome' driver

2024-05-27 19:40:31 - [MESSAGE][INFO] - User set preference: ['acceptInsecureCerts', 'true']

2024-05-27 19:40:31 - [MESSAGE][INFO] - Action delay is set to 0 milliseconds

2024-05-27 19:40:33 - [MESSAGE][PASSED] - Browser is opened with url: 'https://dev-algorithm.govolution.com/vlinktest/demo/version_2_0/ACH_credit.html'

2024-05-27 19:40:33 - [TEST_STEP][PASSED] - maximizeWindow(): Current window maximized

2024-05-27 19:40:33 - [MESSAGE][PASSED] - Current window maximized

2024-05-27 19:40:33 - [TEST_STEP][PASSED] - setText(findTestObject("Object Repository/RecAndPlayBk/Page-Vlink-ACH-Credit/input_Remittance Id"), VLinkSaleRemID): Text '74970|43222|53185' is set on object 'Object Repository/RecAndPlayBk/Page-Vlink-ACH-Credit/input_Remittance Id'

2024-05-27 19:40:34 - [MESSAGE][PASSED] - Text '74970|43222|53185' is set on object 'Object Repository/RecAndPlayBk/Page-Vlink-ACH-Credit/input_Remittance Id'

2024-05-27 19:40:34 - [TEST_STEP][PASSED] - setText(findTestObject("Object Repository/RecAndPlayBk/Page-Vlink-ACH-Credit/input_Application Id"), appID): Text '1773' is set on object 'Object Repository/RecAndPlayBk/Page-Vlink-ACH-Credit/input_Application Id'

2024-05-27 19:40:34 - [MESSAGE][PASSED] - Text '1773' is set on object 'Object Repository/RecAndPlayBk/Page-Vlink-ACH-Credit/input_Application Id'

2024-05-27 19:40:34 - [TEST_STEP][PASSED] - setText(findTestObject("Object Repository/RecAndPlayBk/Page-Vlink-ACH-Credit/input_Username"), username): Text 'Qq2BV1qtr' is set on object 'Object Repository/RecAndPlayBk/Page-Vlink-ACH-Credit/input_Username'

2024-05-27 19:40:35 - [MESSAGE][PASSED] - Text 'Qq2BV1qtr' is set on object 'Object Repository/RecAndPlayBk/Page-Vlink-ACH-Credit/input_Username'

2024-05-27 19:40:35 - [TEST_STEP][PASSED] - setText(findTestObject("Object Repository/RecAndPlayBk/Page-Vlink-ACH-Credit/input_Password"), password): Text 'tUmWBiLUx' is set on object 'Object Repository/RecAndPlayBk/Page-Vlink-ACH-Credit/input_Password'

2024-05-27 19:40:36 - [MESSAGE][PASSED] - Text 'tUmWBiLUx' is set on object 'Object Repository/RecAndPlayBk/Page-Vlink-ACH-Credit/input_Password'

2024-05-27 19:40:36 - [TEST_STEP][PASSED] - setText(findTestObject("Object Repository/RecAndPlayBk/Page-Vlink-ACH-Credit/input_Check Type"), checkType): Text 'P' is set on object 'Object Repository/RecAndPlayBk/Page-Vlink-ACH-Credit/input_Check Type'

2024-05-27 19:40:37 - [MESSAGE][PASSED] - Text 'P' is set on object 'Object Repository/RecAndPlayBk/Page-Vlink-ACH-Credit/input_Check Type'

2024-05-27 19:40:37 - [TEST_STEP][PASSED] - setText(findTestObject("Object Repository/RecAndPlayBk/Page-Vlink-ACH-Credit/input_Transaction ID"), VLinkSaleTranxID): Text '2967899' is set on object 'Object Repository/RecAndPlayBk/Page-Vlink-ACH-Credit/input_Transaction ID'

2024-05-27 19:40:37 - [MESSAGE][PASSED] - Text '2967899' is set on object 'Object Repository/RecAndPlayBk/Page-Vlink-ACH-Credit/input_Transaction ID'

2024-05-27 19:40:37 - [TEST_STEP][PASSED] - setText(findTestObject("Object Repository/RecAndPlayBk/Page-Vlink-ACH-Credit/input_Amount"), amount): Text '12.50' is set on object 'Object Repository/RecAndPlayBk/Page-Vlink-ACH-Credit/input_Amount'

2024-05-27 19:40:38 - [MESSAGE][PASSED] - Text '12.50' is set on object 'Object Repository/RecAndPlayBk/Page-Vlink-ACH-Credit/input_Amount'

2024-05-27 19:40:38 - [TEST_STEP][PASSED] - setText(findTestObject("Object Repository/RecAndPlayBk/Page-Vlink-ACH-Credit/input_Standard Entry Class"), sec): Text 'TEL' is set on object 'Object Repository/RecAndPlayBk/Page-Vlink-ACH-Credit/input_Standard Entry Class'

2024-05-27 19:40:39 - [MESSAGE][PASSED] - Text 'TEL' is set on object 'Object Repository/RecAndPlayBk/Page-Vlink-ACH-Credit/input_Standard Entry Class'

2024-05-27 19:40:39 - [TEST_STEP][PASSED] - setText(findTestObject("Object Repository/RecAndPlayBk/Page-Vlink-ACH-Credit/input_Account Number"), acNumber): Text '58963214' is set on object 'Object Repository/RecAndPlayBk/Page-Vlink-ACH-Credit/input_Account Number'

2024-05-27 19:40:39 - [MESSAGE][PASSED] - Text '58963214' is set on object 'Object Repository/RecAndPlayBk/Page-Vlink-ACH-Credit/input_Account Number'

2024-05-27 19:40:39 - [TEST_STEP][PASSED] - setText(findTestObject("Object Repository/RecAndPlayBk/Page-Vlink-ACH-Credit/input_Routing Number"), rtn): Text '256072691' is set on object 'Object Repository/RecAndPlayBk/Page-Vlink-ACH-Credit/input_Routing Number'

2024-05-27 19:40:40 - [MESSAGE][PASSED] - Text '256072691' is set on object 'Object Repository/RecAndPlayBk/Page-Vlink-ACH-Credit/input_Routing Number'

2024-05-27 19:40:40 - [TEST_STEP][PASSED] - click(findTestObject("Object Repository/RecAndPlayBk/Page-Vlink-ACH-Credit/input")): Object: 'Object Repository/RecAndPlayBk/Page-Vlink-ACH-Credit/input' is clicked on

2024-05-27 19:40:41 - [MESSAGE][PASSED] - Object: 'Object Repository/RecAndPlayBk/Page-Vlink-ACH-Credit/input' is clicked on

2024-05-27 19:40:41 - [TEST_STEP][PASSED] - if (verifyTextPresent("Transaction approved, no errors", true)): null

2024-05-27 19:40:41 - [MESSAGE][PASSED] - Text 'Transaction approved, no errors' is present on page  using regular expression

2024-05-27 19:40:41 - [TEST_STEP][PASSED] - println("Transaction Approved, no errors text is present on the Confirmation page"): null

2024-05-27 19:40:41 - [TEST_STEP][PASSED] - out.println("Pass Record Number: " + row): null

2024-05-27 19:40:41 - [TEST_STEP][PASSED] - resText = "Pass": null

2024-05-27 19:40:41 - [TEST_STEP][PASSED] - pages.WriteExcel.demoKey(resText, datText, resColumn, datCloumn, fileLoc, nameSheet, row): pages.WriteExcel.demoKey is PASSED

2024-05-27 19:40:41 - [MESSAGE][PASSED] - pages.WriteExcel.demoKey is PASSED

2024-05-27 19:40:41 - [TEST_STEP][PASSED] - ExecuteTC = findTestData(dataFile).getValue("Execute", row): null

2024-05-27 19:40:41 - [TEST_STEP][PASSED] - out.println("Value of Execute is : " + ExecuteTC): null

2024-05-27 19:40:41 - [TEST_STEP][PASSED] - switch (executionProfile): null

2024-05-27 19:40:41 - [TEST_STEP][PASSED] - case "DemoProfile":: null

2024-05-27 19:40:41 - [TEST_STEP][PASSED] - appID = findTestData(dataFile).getValue("AppIDDemo", row): null

2024-05-27 19:40:41 - [TEST_STEP][PASSED] - username = findTestData(dataFile).getValue("UsernameDemo", row): null

2024-05-27 19:40:42 - [TEST_STEP][PASSED] - password = findTestData(dataFile).getValue("PasswordDemo", row): null

2024-05-27 19:40:42 - [TEST_STEP][PASSED] - break: null

2024-05-27 19:40:42 - [TEST_STEP][PASSED] - if (ExecuteTC.equalsIgnoreCase("Y")): null

2024-05-27 19:40:42 - [TEST_STEP][PASSED] - out.println("Begin Record Number: " + row): null

2024-05-27 19:40:42 - [TEST_STEP][PASSED] - today = new java.util.Date(): null

2024-05-27 19:40:42 - [TEST_STEP][PASSED] - println(today): null

2024-05-27 19:40:42 - [TEST_STEP][PASSED] - datText = today: null

2024-05-27 19:40:42 - [TEST_STEP][PASSED] - checkType = findTestData(dataFile).getValue("CheckType", row): null

2024-05-27 19:40:42 - [TEST_STEP][PASSED] - acNumber = findTestData(dataFile).getValue("AcNumber", row): null

2024-05-27 19:40:42 - [TEST_STEP][PASSED] - company = findTestData(dataFile).getValue("Company", row): null

2024-05-27 19:40:42 - [TEST_STEP][PASSED] - acType = findTestData(dataFile).getValue("AcType", row): null

2024-05-27 19:40:42 - [TEST_STEP][PASSED] - rtn = findTestData(dataFile).getValue("RTN", row): null

2024-05-27 19:40:42 - [TEST_STEP][PASSED] - amount = findTestData(dataFile).getValue("Amount", row): null

2024-05-27 19:40:42 - [TEST_STEP][PASSED] - sec = findTestData(dataFile).getValue("SEC", row): null

2024-05-27 19:40:42 - [TEST_STEP][PASSED] - openBrowser(VLinkURL + "debit.html"): Browser is opened with url: 'https://dev-algorithm.govolution.com/vlinktest/demo/version_2_0/debit.html'

2024-05-27 19:40:42 - [MESSAGE][WARNING] - A browser is already opened. Closing browser and opening a new one

2024-05-27 19:40:44 - [MESSAGE][INFO] - Starting 'Chrome' driver

2024-05-27 19:40:44 - [MESSAGE][INFO] - User set preference: ['acceptInsecureCerts', 'true']

2024-05-27 19:40:44 - [MESSAGE][INFO] - Action delay is set to 0 milliseconds

2024-05-27 19:40:46 - [MESSAGE][PASSED] - Browser is opened with url: 'https://dev-algorithm.govolution.com/vlinktest/demo/version_2_0/debit.html'

2024-05-27 19:40:46 - [TEST_STEP][PASSED] - maximizeWindow(): Current window maximized

2024-05-27 19:40:46 - [MESSAGE][PASSED] - Current window maximized

2024-05-27 19:40:46 - [TEST_STEP][PASSED] - genRemID1 = random() * 99999).toInteger(): null

2024-05-27 19:40:46 - [TEST_STEP][PASSED] - genRemID2 = random() * 99999).toInteger(): null

2024-05-27 19:40:46 - [TEST_STEP][PASSED] - genRemID3 = random() * 99999).toInteger(): null

2024-05-27 19:40:46 - [TEST_STEP][PASSED] - println(genRemID1): null

2024-05-27 19:40:46 - [TEST_STEP][PASSED] - println(genRemID2): null

2024-05-27 19:40:46 - [TEST_STEP][PASSED] - println(genRemID3): null

2024-05-27 19:40:46 - [TEST_STEP][PASSED] - genRemID = genRemID1 + "|" + genRemID2 + "|" + genRemID3: null

2024-05-27 19:40:46 - [TEST_STEP][PASSED] - println(genRemID): null

2024-05-27 19:40:46 - [TEST_STEP][PASSED] - setText(findTestObject("RecAndPlayBk/Page-Vlink-Debit/input_Remittance Id"), genRemID): Text '29098|66049|34411' is set on object 'Object Repository/RecAndPlayBk/Page-Vlink-Debit/input_Remittance Id'

2024-05-27 19:40:47 - [MESSAGE][PASSED] - Text '29098|66049|34411' is set on object 'Object Repository/RecAndPlayBk/Page-Vlink-Debit/input_Remittance Id'

2024-05-27 19:40:47 - [TEST_STEP][PASSED] - setText(findTestObject("RecAndPlayBk/Page-Vlink-Debit/input_Application Id"), appID): Text '1773' is set on object 'Object Repository/RecAndPlayBk/Page-Vlink-Debit/input_Application Id'

2024-05-27 19:40:47 - [MESSAGE][PASSED] - Text '1773' is set on object 'Object Repository/RecAndPlayBk/Page-Vlink-Debit/input_Application Id'

2024-05-27 19:40:47 - [TEST_STEP][PASSED] - setText(findTestObject("RecAndPlayBk/Page-Vlink-Debit/input_Username"), username): Text 'Qq2BV1qtr' is set on object 'Object Repository/RecAndPlayBk/Page-Vlink-Debit/input_Username'

2024-05-27 19:40:48 - [MESSAGE][PASSED] - Text 'Qq2BV1qtr' is set on object 'Object Repository/RecAndPlayBk/Page-Vlink-Debit/input_Username'

2024-05-27 19:40:48 - [TEST_STEP][PASSED] - setText(findTestObject("RecAndPlayBk/Page-Vlink-Debit/input_Password"), password): Text 'tUmWBiLUx' is set on object 'Object Repository/RecAndPlayBk/Page-Vlink-Debit/input_Password'

2024-05-27 19:40:49 - [MESSAGE][PASSED] - Text 'tUmWBiLUx' is set on object 'Object Repository/RecAndPlayBk/Page-Vlink-Debit/input_Password'

2024-05-27 19:40:49 - [TEST_STEP][PASSED] - setText(findTestObject("RecAndPlayBk/Page-Vlink-Debit/input_Check Type"), checkType): Text 'P' is set on object 'Object Repository/RecAndPlayBk/Page-Vlink-Debit/input_Check Type'

2024-05-27 19:40:49 - [MESSAGE][PASSED] - Text 'P' is set on object 'Object Repository/RecAndPlayBk/Page-Vlink-Debit/input_Check Type'

2024-05-27 19:40:49 - [TEST_STEP][PASSED] - setText(findTestObject("RecAndPlayBk/Page-Vlink-Debit/input_Account_check"), acNumber): Text '58963214' is set on object 'Object Repository/RecAndPlayBk/Page-Vlink-Debit/input_Account_check'

2024-05-27 19:40:50 - [MESSAGE][PASSED] - Text '58963214' is set on object 'Object Repository/RecAndPlayBk/Page-Vlink-Debit/input_Account_check'

2024-05-27 19:40:50 - [TEST_STEP][PASSED] - setText(findTestObject("RecAndPlayBk/Page-Vlink-Debit/input_Company_check"), company): Text '' is set on object 'Object Repository/RecAndPlayBk/Page-Vlink-Debit/input_Company_check'

2024-05-27 19:40:51 - [MESSAGE][PASSED] - Text '' is set on object 'Object Repository/RecAndPlayBk/Page-Vlink-Debit/input_Company_check'

2024-05-27 19:40:51 - [TEST_STEP][PASSED] - setText(findTestObject("RecAndPlayBk/Page-Vlink-Debit/input_Account Type"), acType): Text '2' is set on object 'Object Repository/RecAndPlayBk/Page-Vlink-Debit/input_Account Type'

2024-05-27 19:40:51 - [MESSAGE][PASSED] - Text '2' is set on object 'Object Repository/RecAndPlayBk/Page-Vlink-Debit/input_Account Type'

2024-05-27 19:40:51 - [TEST_STEP][PASSED] - setText(findTestObject("RecAndPlayBk/Page-Vlink-Debit/input_Routing Number"), rtn): Text '256072691' is set on object 'Object Repository/RecAndPlayBk/Page-Vlink-Debit/input_Routing Number'

2024-05-27 19:40:52 - [MESSAGE][PASSED] - Text '256072691' is set on object 'Object Repository/RecAndPlayBk/Page-Vlink-Debit/input_Routing Number'

2024-05-27 19:40:52 - [TEST_STEP][PASSED] - setText(findTestObject("RecAndPlayBk/Page-Vlink-Debit/input_Amount"), amount): Text '12.50' is set on object 'Object Repository/RecAndPlayBk/Page-Vlink-Debit/input_Amount'

2024-05-27 19:40:53 - [MESSAGE][PASSED] - Text '12.50' is set on object 'Object Repository/RecAndPlayBk/Page-Vlink-Debit/input_Amount'

2024-05-27 19:40:53 - [TEST_STEP][PASSED] - setText(findTestObject("RecAndPlayBk/Page-Vlink-Debit/input_Check Email"), ""): Text '' is set on object 'Object Repository/RecAndPlayBk/Page-Vlink-Debit/input_Check Email'

2024-05-27 19:40:54 - [MESSAGE][PASSED] - Text '' is set on object 'Object Repository/RecAndPlayBk/Page-Vlink-Debit/input_Check Email'

2024-05-27 19:40:54 - [TEST_STEP][PASSED] - setText(findTestObject("Object Repository/RecAndPlayBk/Page-Vlink-Debit/input_concat(CheckWriter, , s SSN)_check_ssn"), ""): Text '' is set on object 'Object Repository/RecAndPlayBk/Page-Vlink-Debit/input_concat(CheckWriter, , s SSN)_check_ssn'

2024-05-27 19:40:54 - [MESSAGE][PASSED] - Text '' is set on object 'Object Repository/RecAndPlayBk/Page-Vlink-Debit/input_concat(CheckWriter, , s SSN)_check_ssn'

2024-05-27 19:40:54 - [TEST_STEP][PASSED] - setText(findTestObject("Object Repository/RecAndPlayBk/Page-Vlink-Debit/input_concat(CheckWriter, , s License Numbe_020fef"), ""): Text '' is set on object 'Object Repository/RecAndPlayBk/Page-Vlink-Debit/input_concat(CheckWriter, , s License Numbe_020fef'

2024-05-27 19:40:55 - [MESSAGE][PASSED] - Text '' is set on object 'Object Repository/RecAndPlayBk/Page-Vlink-Debit/input_concat(CheckWriter, , s License Numbe_020fef'

2024-05-27 19:40:55 - [TEST_STEP][PASSED] - setText(findTestObject("Object Repository/RecAndPlayBk/Page-Vlink-Debit/input_concat(CheckWriter, , s License State_21e3e7"), ""): Text '' is set on object 'Object Repository/RecAndPlayBk/Page-Vlink-Debit/input_concat(CheckWriter, , s License State_21e3e7'

2024-05-27 19:40:56 - [MESSAGE][PASSED] - Text '' is set on object 'Object Repository/RecAndPlayBk/Page-Vlink-Debit/input_concat(CheckWriter, , s License State_21e3e7'

2024-05-27 19:40:56 - [TEST_STEP][PASSED] - setText(findTestObject("RecAndPlayBk/Page-Vlink-Debit/input_Standard Entry Class"), sec): Text 'PPD' is set on object 'Object Repository/RecAndPlayBk/Page-Vlink-Debit/input_Standard Entry Class'

2024-05-27 19:40:57 - [MESSAGE][PASSED] - Text 'PPD' is set on object 'Object Repository/RecAndPlayBk/Page-Vlink-Debit/input_Standard Entry Class'

2024-05-27 19:40:57 - [TEST_STEP][PASSED] - click(findTestObject("Object Repository/RecAndPlayBk/Page-Vlink-Debit/input")): Object: 'Object Repository/RecAndPlayBk/Page-Vlink-Debit/input' is clicked on

2024-05-27 19:40:58 - [MESSAGE][PASSED] - Object: 'Object Repository/RecAndPlayBk/Page-Vlink-Debit/input' is clicked on

2024-05-27 19:40:58 - [TEST_STEP][PASSED] - if (verifyTextPresent("Transaction approved, no errors", true)): null

2024-05-27 19:40:58 - [MESSAGE][PASSED] - Text 'Transaction approved, no errors' is present on page  using regular expression

2024-05-27 19:40:58 - [TEST_STEP][PASSED] - println("Transaction Approved, no errors text is present on the Confirmation page"): null

2024-05-27 19:40:58 - [TEST_STEP][PASSED] - sdfo = getText(findTestObject("Object Repository/Page_VLinkReceipt/pre_STX")): Text of object 'Object Repository/Page_VLinkReceipt/pre_STX' is: '<STX>29098|66049|34411             2967901             0  Transaction approved, no errors                   0                                                                                                              <ETX>'

2024-05-27 19:40:58 - [MESSAGE][PASSED] - Text of object 'Object Repository/Page_VLinkReceipt/pre_STX' is: '<STX>29098|66049|34411             2967901             0  Transaction approved, no errors                   0                                                                                                              <ETX>'

2024-05-27 19:40:58 - [TEST_STEP][PASSED] - out.println("sdfo: " + sdfo): null

2024-05-27 19:40:58 - [TEST_STEP][PASSED] - remID = substring(5, 35).trim(): null

2024-05-27 19:40:58 - [TEST_STEP][PASSED] - out.println("remID: " + remID): null

2024-05-27 19:40:58 - [TEST_STEP][PASSED] - traxID = substring(35, 55).trim(): null

2024-05-27 19:40:58 - [TEST_STEP][PASSED] - out.println("traxID: " + traxID): null

2024-05-27 19:40:58 - [TEST_STEP][PASSED] - VLinkSaleRemID = remID: null

2024-05-27 19:40:58 - [TEST_STEP][PASSED] - VLinkSaleTranxID = traxID: null

2024-05-27 19:40:58 - [TEST_STEP][PASSED] - openBrowser(VLinkURL + "ACH_credit.html"): Browser is opened with url: 'https://dev-algorithm.govolution.com/vlinktest/demo/version_2_0/ACH_credit.html'

2024-05-27 19:40:58 - [MESSAGE][WARNING] - A browser is already opened. Closing browser and opening a new one

2024-05-27 19:41:00 - [MESSAGE][INFO] - Starting 'Chrome' driver

2024-05-27 19:41:00 - [MESSAGE][INFO] - User set preference: ['acceptInsecureCerts', 'true']

2024-05-27 19:41:00 - [MESSAGE][INFO] - Action delay is set to 0 milliseconds

2024-05-27 19:41:02 - [MESSAGE][PASSED] - Browser is opened with url: 'https://dev-algorithm.govolution.com/vlinktest/demo/version_2_0/ACH_credit.html'

2024-05-27 19:41:02 - [TEST_STEP][PASSED] - maximizeWindow(): Current window maximized

2024-05-27 19:41:02 - [MESSAGE][PASSED] - Current window maximized

2024-05-27 19:41:02 - [TEST_STEP][PASSED] - setText(findTestObject("Object Repository/RecAndPlayBk/Page-Vlink-ACH-Credit/input_Remittance Id"), VLinkSaleRemID): Text '29098|66049|34411' is set on object 'Object Repository/RecAndPlayBk/Page-Vlink-ACH-Credit/input_Remittance Id'

2024-05-27 19:41:03 - [MESSAGE][PASSED] - Text '29098|66049|34411' is set on object 'Object Repository/RecAndPlayBk/Page-Vlink-ACH-Credit/input_Remittance Id'

2024-05-27 19:41:03 - [TEST_STEP][PASSED] - setText(findTestObject("Object Repository/RecAndPlayBk/Page-Vlink-ACH-Credit/input_Application Id"), appID): Text '1773' is set on object 'Object Repository/RecAndPlayBk/Page-Vlink-ACH-Credit/input_Application Id'

2024-05-27 19:41:03 - [MESSAGE][PASSED] - Text '1773' is set on object 'Object Repository/RecAndPlayBk/Page-Vlink-ACH-Credit/input_Application Id'

2024-05-27 19:41:03 - [TEST_STEP][PASSED] - setText(findTestObject("Object Repository/RecAndPlayBk/Page-Vlink-ACH-Credit/input_Username"), username): Text 'Qq2BV1qtr' is set on object 'Object Repository/RecAndPlayBk/Page-Vlink-ACH-Credit/input_Username'

2024-05-27 19:41:04 - [MESSAGE][PASSED] - Text 'Qq2BV1qtr' is set on object 'Object Repository/RecAndPlayBk/Page-Vlink-ACH-Credit/input_Username'

2024-05-27 19:41:04 - [TEST_STEP][PASSED] - setText(findTestObject("Object Repository/RecAndPlayBk/Page-Vlink-ACH-Credit/input_Password"), password): Text 'tUmWBiLUx' is set on object 'Object Repository/RecAndPlayBk/Page-Vlink-ACH-Credit/input_Password'

2024-05-27 19:41:05 - [MESSAGE][PASSED] - Text 'tUmWBiLUx' is set on object 'Object Repository/RecAndPlayBk/Page-Vlink-ACH-Credit/input_Password'

2024-05-27 19:41:05 - [TEST_STEP][PASSED] - setText(findTestObject("Object Repository/RecAndPlayBk/Page-Vlink-ACH-Credit/input_Check Type"), checkType): Text 'P' is set on object 'Object Repository/RecAndPlayBk/Page-Vlink-ACH-Credit/input_Check Type'

2024-05-27 19:41:05 - [MESSAGE][PASSED] - Text 'P' is set on object 'Object Repository/RecAndPlayBk/Page-Vlink-ACH-Credit/input_Check Type'

2024-05-27 19:41:05 - [TEST_STEP][PASSED] - setText(findTestObject("Object Repository/RecAndPlayBk/Page-Vlink-ACH-Credit/input_Transaction ID"), VLinkSaleTranxID): Text '2967901' is set on object 'Object Repository/RecAndPlayBk/Page-Vlink-ACH-Credit/input_Transaction ID'

2024-05-27 19:41:06 - [MESSAGE][PASSED] - Text '2967901' is set on object 'Object Repository/RecAndPlayBk/Page-Vlink-ACH-Credit/input_Transaction ID'

2024-05-27 19:41:06 - [TEST_STEP][PASSED] - setText(findTestObject("Object Repository/RecAndPlayBk/Page-Vlink-ACH-Credit/input_Amount"), amount): Text '12.50' is set on object 'Object Repository/RecAndPlayBk/Page-Vlink-ACH-Credit/input_Amount'

2024-05-27 19:41:07 - [MESSAGE][PASSED] - Text '12.50' is set on object 'Object Repository/RecAndPlayBk/Page-Vlink-ACH-Credit/input_Amount'

2024-05-27 19:41:07 - [TEST_STEP][PASSED] - setText(findTestObject("Object Repository/RecAndPlayBk/Page-Vlink-ACH-Credit/input_Standard Entry Class"), sec): Text 'PPD' is set on object 'Object Repository/RecAndPlayBk/Page-Vlink-ACH-Credit/input_Standard Entry Class'

2024-05-27 19:41:08 - [MESSAGE][PASSED] - Text 'PPD' is set on object 'Object Repository/RecAndPlayBk/Page-Vlink-ACH-Credit/input_Standard Entry Class'

2024-05-27 19:41:08 - [TEST_STEP][PASSED] - setText(findTestObject("Object Repository/RecAndPlayBk/Page-Vlink-ACH-Credit/input_Account Number"), acNumber): Text '58963214' is set on object 'Object Repository/RecAndPlayBk/Page-Vlink-ACH-Credit/input_Account Number'

2024-05-27 19:41:08 - [MESSAGE][PASSED] - Text '58963214' is set on object 'Object Repository/RecAndPlayBk/Page-Vlink-ACH-Credit/input_Account Number'

2024-05-27 19:41:08 - [TEST_STEP][PASSED] - setText(findTestObject("Object Repository/RecAndPlayBk/Page-Vlink-ACH-Credit/input_Routing Number"), rtn): Text '256072691' is set on object 'Object Repository/RecAndPlayBk/Page-Vlink-ACH-Credit/input_Routing Number'

2024-05-27 19:41:09 - [MESSAGE][PASSED] - Text '256072691' is set on object 'Object Repository/RecAndPlayBk/Page-Vlink-ACH-Credit/input_Routing Number'

2024-05-27 19:41:09 - [TEST_STEP][PASSED] - click(findTestObject("Object Repository/RecAndPlayBk/Page-Vlink-ACH-Credit/input")): Object: 'Object Repository/RecAndPlayBk/Page-Vlink-ACH-Credit/input' is clicked on

2024-05-27 19:41:10 - [MESSAGE][PASSED] - Object: 'Object Repository/RecAndPlayBk/Page-Vlink-ACH-Credit/input' is clicked on

2024-05-27 19:41:10 - [TEST_STEP][PASSED] - if (verifyTextPresent("Transaction approved, no errors", true)): null

2024-05-27 19:41:10 - [MESSAGE][PASSED] - Text 'Transaction approved, no errors' is present on page  using regular expression

2024-05-27 19:41:10 - [TEST_STEP][PASSED] - println("Transaction Approved, no errors text is present on the Confirmation page"): null

2024-05-27 19:41:10 - [TEST_STEP][PASSED] - out.println("Pass Record Number: " + row): null

2024-05-27 19:41:10 - [TEST_STEP][PASSED] - resText = "Pass": null

2024-05-27 19:41:10 - [TEST_STEP][PASSED] - pages.WriteExcel.demoKey(resText, datText, resColumn, datCloumn, fileLoc, nameSheet, row): pages.WriteExcel.demoKey is PASSED

2024-05-27 19:41:10 - [MESSAGE][PASSED] - pages.WriteExcel.demoKey is PASSED

2024-05-27 19:41:10 - [TEST_STEP][PASSED] - ExecuteTC = findTestData(dataFile).getValue("Execute", row): null

2024-05-27 19:41:10 - [TEST_STEP][PASSED] - out.println("Value of Execute is : " + ExecuteTC): null

2024-05-27 19:41:10 - [TEST_STEP][PASSED] - switch (executionProfile): null

2024-05-27 19:41:10 - [TEST_STEP][PASSED] - case "DemoProfile":: null

2024-05-27 19:41:10 - [TEST_STEP][PASSED] - appID = findTestData(dataFile).getValue("AppIDDemo", row): null

2024-05-27 19:41:10 - [TEST_STEP][PASSED] - username = findTestData(dataFile).getValue("UsernameDemo", row): null

2024-05-27 19:41:10 - [TEST_STEP][PASSED] - password = findTestData(dataFile).getValue("PasswordDemo", row): null

2024-05-27 19:41:10 - [TEST_STEP][PASSED] - break: null

2024-05-27 19:41:10 - [TEST_STEP][PASSED] - if (ExecuteTC.equalsIgnoreCase("Y")): null

2024-05-27 19:41:10 - [TEST_STEP][PASSED] - out.println("Begin Record Number: " + row): null

2024-05-27 19:41:10 - [TEST_STEP][PASSED] - today = new java.util.Date(): null

2024-05-27 19:41:10 - [TEST_STEP][PASSED] - println(today): null

2024-05-27 19:41:10 - [TEST_STEP][PASSED] - datText = today: null

2024-05-27 19:41:10 - [TEST_STEP][PASSED] - checkType = findTestData(dataFile).getValue("CheckType", row): null

2024-05-27 19:41:11 - [TEST_STEP][PASSED] - acNumber = findTestData(dataFile).getValue("AcNumber", row): null

2024-05-27 19:41:11 - [TEST_STEP][PASSED] - company = findTestData(dataFile).getValue("Company", row): null

2024-05-27 19:41:11 - [TEST_STEP][PASSED] - acType = findTestData(dataFile).getValue("AcType", row): null

2024-05-27 19:41:11 - [TEST_STEP][PASSED] - rtn = findTestData(dataFile).getValue("RTN", row): null

2024-05-27 19:41:11 - [TEST_STEP][PASSED] - amount = findTestData(dataFile).getValue("Amount", row): null

2024-05-27 19:41:11 - [TEST_STEP][PASSED] - sec = findTestData(dataFile).getValue("SEC", row): null

2024-05-27 19:41:11 - [TEST_STEP][PASSED] - openBrowser(VLinkURL + "debit.html"): Browser is opened with url: 'https://dev-algorithm.govolution.com/vlinktest/demo/version_2_0/debit.html'

2024-05-27 19:41:11 - [MESSAGE][WARNING] - A browser is already opened. Closing browser and opening a new one

2024-05-27 19:41:12 - [MESSAGE][INFO] - Starting 'Chrome' driver

2024-05-27 19:41:12 - [MESSAGE][INFO] - User set preference: ['acceptInsecureCerts', 'true']

2024-05-27 19:41:12 - [MESSAGE][INFO] - Action delay is set to 0 milliseconds

2024-05-27 19:41:14 - [MESSAGE][PASSED] - Browser is opened with url: 'https://dev-algorithm.govolution.com/vlinktest/demo/version_2_0/debit.html'

2024-05-27 19:41:14 - [TEST_STEP][PASSED] - maximizeWindow(): Current window maximized

2024-05-27 19:41:15 - [MESSAGE][PASSED] - Current window maximized

2024-05-27 19:41:15 - [TEST_STEP][PASSED] - genRemID1 = random() * 99999).toInteger(): null

2024-05-27 19:41:15 - [TEST_STEP][PASSED] - genRemID2 = random() * 99999).toInteger(): null

2024-05-27 19:41:15 - [TEST_STEP][PASSED] - genRemID3 = random() * 99999).toInteger(): null

2024-05-27 19:41:15 - [TEST_STEP][PASSED] - println(genRemID1): null

2024-05-27 19:41:15 - [TEST_STEP][PASSED] - println(genRemID2): null

2024-05-27 19:41:15 - [TEST_STEP][PASSED] - println(genRemID3): null

2024-05-27 19:41:15 - [TEST_STEP][PASSED] - genRemID = genRemID1 + "|" + genRemID2 + "|" + genRemID3: null

2024-05-27 19:41:15 - [TEST_STEP][PASSED] - println(genRemID): null

2024-05-27 19:41:15 - [TEST_STEP][PASSED] - setText(findTestObject("RecAndPlayBk/Page-Vlink-Debit/input_Remittance Id"), genRemID): Text '65194|94884|57148' is set on object 'Object Repository/RecAndPlayBk/Page-Vlink-Debit/input_Remittance Id'

2024-05-27 19:41:16 - [MESSAGE][PASSED] - Text '65194|94884|57148' is set on object 'Object Repository/RecAndPlayBk/Page-Vlink-Debit/input_Remittance Id'

2024-05-27 19:41:16 - [TEST_STEP][PASSED] - setText(findTestObject("RecAndPlayBk/Page-Vlink-Debit/input_Application Id"), appID): Text '1773' is set on object 'Object Repository/RecAndPlayBk/Page-Vlink-Debit/input_Application Id'

2024-05-27 19:41:16 - [MESSAGE][PASSED] - Text '1773' is set on object 'Object Repository/RecAndPlayBk/Page-Vlink-Debit/input_Application Id'

2024-05-27 19:41:16 - [TEST_STEP][PASSED] - setText(findTestObject("RecAndPlayBk/Page-Vlink-Debit/input_Username"), username): Text 'Qq2BV1qtr' is set on object 'Object Repository/RecAndPlayBk/Page-Vlink-Debit/input_Username'

2024-05-27 19:41:17 - [MESSAGE][PASSED] - Text 'Qq2BV1qtr' is set on object 'Object Repository/RecAndPlayBk/Page-Vlink-Debit/input_Username'

2024-05-27 19:41:17 - [TEST_STEP][PASSED] - setText(findTestObject("RecAndPlayBk/Page-Vlink-Debit/input_Password"), password): Text 'tUmWBiLUx' is set on object 'Object Repository/RecAndPlayBk/Page-Vlink-Debit/input_Password'

2024-05-27 19:41:18 - [MESSAGE][PASSED] - Text 'tUmWBiLUx' is set on object 'Object Repository/RecAndPlayBk/Page-Vlink-Debit/input_Password'

2024-05-27 19:41:18 - [TEST_STEP][PASSED] - setText(findTestObject("RecAndPlayBk/Page-Vlink-Debit/input_Check Type"), checkType): Text 'C' is set on object 'Object Repository/RecAndPlayBk/Page-Vlink-Debit/input_Check Type'

2024-05-27 19:41:18 - [MESSAGE][PASSED] - Text 'C' is set on object 'Object Repository/RecAndPlayBk/Page-Vlink-Debit/input_Check Type'

2024-05-27 19:41:18 - [TEST_STEP][PASSED] - setText(findTestObject("RecAndPlayBk/Page-Vlink-Debit/input_Account_check"), acNumber): Text '58963214' is set on object 'Object Repository/RecAndPlayBk/Page-Vlink-Debit/input_Account_check'

2024-05-27 19:41:19 - [MESSAGE][PASSED] - Text '58963214' is set on object 'Object Repository/RecAndPlayBk/Page-Vlink-Debit/input_Account_check'

2024-05-27 19:41:19 - [TEST_STEP][PASSED] - setText(findTestObject("RecAndPlayBk/Page-Vlink-Debit/input_Company_check"), company): Text 'My Company' is set on object 'Object Repository/RecAndPlayBk/Page-Vlink-Debit/input_Company_check'

2024-05-27 19:41:20 - [MESSAGE][PASSED] - Text 'My Company' is set on object 'Object Repository/RecAndPlayBk/Page-Vlink-Debit/input_Company_check'

2024-05-27 19:41:20 - [TEST_STEP][PASSED] - setText(findTestObject("RecAndPlayBk/Page-Vlink-Debit/input_Account Type"), acType): Text '' is set on object 'Object Repository/RecAndPlayBk/Page-Vlink-Debit/input_Account Type'

2024-05-27 19:41:20 - [MESSAGE][PASSED] - Text '' is set on object 'Object Repository/RecAndPlayBk/Page-Vlink-Debit/input_Account Type'

2024-05-27 19:41:20 - [TEST_STEP][PASSED] - setText(findTestObject("RecAndPlayBk/Page-Vlink-Debit/input_Routing Number"), rtn): Text '256072691' is set on object 'Object Repository/RecAndPlayBk/Page-Vlink-Debit/input_Routing Number'

2024-05-27 19:41:21 - [MESSAGE][PASSED] - Text '256072691' is set on object 'Object Repository/RecAndPlayBk/Page-Vlink-Debit/input_Routing Number'

2024-05-27 19:41:21 - [TEST_STEP][PASSED] - setText(findTestObject("RecAndPlayBk/Page-Vlink-Debit/input_Amount"), amount): Text '12.50' is set on object 'Object Repository/RecAndPlayBk/Page-Vlink-Debit/input_Amount'

2024-05-27 19:41:22 - [MESSAGE][PASSED] - Text '12.50' is set on object 'Object Repository/RecAndPlayBk/Page-Vlink-Debit/input_Amount'

2024-05-27 19:41:22 - [TEST_STEP][PASSED] - setText(findTestObject("RecAndPlayBk/Page-Vlink-Debit/input_Check Email"), ""): Text '' is set on object 'Object Repository/RecAndPlayBk/Page-Vlink-Debit/input_Check Email'

2024-05-27 19:41:23 - [MESSAGE][PASSED] - Text '' is set on object 'Object Repository/RecAndPlayBk/Page-Vlink-Debit/input_Check Email'

2024-05-27 19:41:23 - [TEST_STEP][PASSED] - setText(findTestObject("Object Repository/RecAndPlayBk/Page-Vlink-Debit/input_concat(CheckWriter, , s SSN)_check_ssn"), ""): Text '' is set on object 'Object Repository/RecAndPlayBk/Page-Vlink-Debit/input_concat(CheckWriter, , s SSN)_check_ssn'

2024-05-27 19:41:23 - [MESSAGE][PASSED] - Text '' is set on object 'Object Repository/RecAndPlayBk/Page-Vlink-Debit/input_concat(CheckWriter, , s SSN)_check_ssn'

2024-05-27 19:41:23 - [TEST_STEP][PASSED] - setText(findTestObject("Object Repository/RecAndPlayBk/Page-Vlink-Debit/input_concat(CheckWriter, , s License Numbe_020fef"), ""): Text '' is set on object 'Object Repository/RecAndPlayBk/Page-Vlink-Debit/input_concat(CheckWriter, , s License Numbe_020fef'

2024-05-27 19:41:24 - [MESSAGE][PASSED] - Text '' is set on object 'Object Repository/RecAndPlayBk/Page-Vlink-Debit/input_concat(CheckWriter, , s License Numbe_020fef'

2024-05-27 19:41:24 - [TEST_STEP][PASSED] - setText(findTestObject("Object Repository/RecAndPlayBk/Page-Vlink-Debit/input_concat(CheckWriter, , s License State_21e3e7"), ""): Text '' is set on object 'Object Repository/RecAndPlayBk/Page-Vlink-Debit/input_concat(CheckWriter, , s License State_21e3e7'

2024-05-27 19:41:25 - [MESSAGE][PASSED] - Text '' is set on object 'Object Repository/RecAndPlayBk/Page-Vlink-Debit/input_concat(CheckWriter, , s License State_21e3e7'

2024-05-27 19:41:25 - [TEST_STEP][PASSED] - setText(findTestObject("RecAndPlayBk/Page-Vlink-Debit/input_Standard Entry Class"), sec): Text 'CCD' is set on object 'Object Repository/RecAndPlayBk/Page-Vlink-Debit/input_Standard Entry Class'

2024-05-27 19:41:26 - [MESSAGE][PASSED] - Text 'CCD' is set on object 'Object Repository/RecAndPlayBk/Page-Vlink-Debit/input_Standard Entry Class'

2024-05-27 19:41:26 - [TEST_STEP][PASSED] - click(findTestObject("Object Repository/RecAndPlayBk/Page-Vlink-Debit/input")): Object: 'Object Repository/RecAndPlayBk/Page-Vlink-Debit/input' is clicked on

2024-05-27 19:41:26 - [MESSAGE][PASSED] - Object: 'Object Repository/RecAndPlayBk/Page-Vlink-Debit/input' is clicked on

2024-05-27 19:41:26 - [TEST_STEP][PASSED] - if (verifyTextPresent("Transaction approved, no errors", true)): null

2024-05-27 19:41:27 - [MESSAGE][PASSED] - Text 'Transaction approved, no errors' is present on page  using regular expression

2024-05-27 19:41:27 - [TEST_STEP][PASSED] - println("Transaction Approved, no errors text is present on the Confirmation page"): null

2024-05-27 19:41:27 - [TEST_STEP][PASSED] - sdfo = getText(findTestObject("Object Repository/Page_VLinkReceipt/pre_STX")): Text of object 'Object Repository/Page_VLinkReceipt/pre_STX' is: '<STX>65194|94884|57148             2967903             0  Transaction approved, no errors                   0                                                                                                              <ETX>'

2024-05-27 19:41:27 - [MESSAGE][PASSED] - Text of object 'Object Repository/Page_VLinkReceipt/pre_STX' is: '<STX>65194|94884|57148             2967903             0  Transaction approved, no errors                   0                                                                                                              <ETX>'

2024-05-27 19:41:27 - [TEST_STEP][PASSED] - out.println("sdfo: " + sdfo): null

2024-05-27 19:41:27 - [TEST_STEP][PASSED] - remID = substring(5, 35).trim(): null

2024-05-27 19:41:27 - [TEST_STEP][PASSED] - out.println("remID: " + remID): null

2024-05-27 19:41:27 - [TEST_STEP][PASSED] - traxID = substring(35, 55).trim(): null

2024-05-27 19:41:27 - [TEST_STEP][PASSED] - out.println("traxID: " + traxID): null

2024-05-27 19:41:27 - [TEST_STEP][PASSED] - VLinkSaleRemID = remID: null

2024-05-27 19:41:27 - [TEST_STEP][PASSED] - VLinkSaleTranxID = traxID: null

2024-05-27 19:41:27 - [TEST_STEP][PASSED] - openBrowser(VLinkURL + "ACH_credit.html"): Browser is opened with url: 'https://dev-algorithm.govolution.com/vlinktest/demo/version_2_0/ACH_credit.html'

2024-05-27 19:41:27 - [MESSAGE][WARNING] - A browser is already opened. Closing browser and opening a new one

2024-05-27 19:41:28 - [MESSAGE][INFO] - Starting 'Chrome' driver

2024-05-27 19:41:28 - [MESSAGE][INFO] - User set preference: ['acceptInsecureCerts', 'true']

2024-05-27 19:41:28 - [MESSAGE][INFO] - Action delay is set to 0 milliseconds

2024-05-27 19:41:30 - [MESSAGE][PASSED] - Browser is opened with url: 'https://dev-algorithm.govolution.com/vlinktest/demo/version_2_0/ACH_credit.html'

2024-05-27 19:41:30 - [TEST_STEP][PASSED] - maximizeWindow(): Current window maximized

2024-05-27 19:41:30 - [MESSAGE][PASSED] - Current window maximized

2024-05-27 19:41:30 - [TEST_STEP][PASSED] - setText(findTestObject("Object Repository/RecAndPlayBk/Page-Vlink-ACH-Credit/input_Remittance Id"), VLinkSaleRemID): Text '65194|94884|57148' is set on object 'Object Repository/RecAndPlayBk/Page-Vlink-ACH-Credit/input_Remittance Id'

2024-05-27 19:41:31 - [MESSAGE][PASSED] - Text '65194|94884|57148' is set on object 'Object Repository/RecAndPlayBk/Page-Vlink-ACH-Credit/input_Remittance Id'

2024-05-27 19:41:31 - [TEST_STEP][PASSED] - setText(findTestObject("Object Repository/RecAndPlayBk/Page-Vlink-ACH-Credit/input_Application Id"), appID): Text '1773' is set on object 'Object Repository/RecAndPlayBk/Page-Vlink-ACH-Credit/input_Application Id'

2024-05-27 19:41:32 - [MESSAGE][PASSED] - Text '1773' is set on object 'Object Repository/RecAndPlayBk/Page-Vlink-ACH-Credit/input_Application Id'

2024-05-27 19:41:32 - [TEST_STEP][PASSED] - setText(findTestObject("Object Repository/RecAndPlayBk/Page-Vlink-ACH-Credit/input_Username"), username): Text 'Qq2BV1qtr' is set on object 'Object Repository/RecAndPlayBk/Page-Vlink-ACH-Credit/input_Username'

2024-05-27 19:41:33 - [MESSAGE][PASSED] - Text 'Qq2BV1qtr' is set on object 'Object Repository/RecAndPlayBk/Page-Vlink-ACH-Credit/input_Username'

2024-05-27 19:41:33 - [TEST_STEP][PASSED] - setText(findTestObject("Object Repository/RecAndPlayBk/Page-Vlink-ACH-Credit/input_Password"), password): Text 'tUmWBiLUx' is set on object 'Object Repository/RecAndPlayBk/Page-Vlink-ACH-Credit/input_Password'

2024-05-27 19:41:33 - [MESSAGE][PASSED] - Text 'tUmWBiLUx' is set on object 'Object Repository/RecAndPlayBk/Page-Vlink-ACH-Credit/input_Password'

2024-05-27 19:41:33 - [TEST_STEP][PASSED] - setText(findTestObject("Object Repository/RecAndPlayBk/Page-Vlink-ACH-Credit/input_Check Type"), checkType): Text 'C' is set on object 'Object Repository/RecAndPlayBk/Page-Vlink-ACH-Credit/input_Check Type'

2024-05-27 19:41:34 - [MESSAGE][PASSED] - Text 'C' is set on object 'Object Repository/RecAndPlayBk/Page-Vlink-ACH-Credit/input_Check Type'

2024-05-27 19:41:34 - [TEST_STEP][PASSED] - setText(findTestObject("Object Repository/RecAndPlayBk/Page-Vlink-ACH-Credit/input_Transaction ID"), VLinkSaleTranxID): Text '2967903' is set on object 'Object Repository/RecAndPlayBk/Page-Vlink-ACH-Credit/input_Transaction ID'

2024-05-27 19:41:35 - [MESSAGE][PASSED] - Text '2967903' is set on object 'Object Repository/RecAndPlayBk/Page-Vlink-ACH-Credit/input_Transaction ID'

2024-05-27 19:41:35 - [TEST_STEP][PASSED] - setText(findTestObject("Object Repository/RecAndPlayBk/Page-Vlink-ACH-Credit/input_Amount"), amount): Text '12.50' is set on object 'Object Repository/RecAndPlayBk/Page-Vlink-ACH-Credit/input_Amount'

2024-05-27 19:41:35 - [MESSAGE][PASSED] - Text '12.50' is set on object 'Object Repository/RecAndPlayBk/Page-Vlink-ACH-Credit/input_Amount'

2024-05-27 19:41:35 - [TEST_STEP][PASSED] - setText(findTestObject("Object Repository/RecAndPlayBk/Page-Vlink-ACH-Credit/input_Standard Entry Class"), sec): Text 'CCD' is set on object 'Object Repository/RecAndPlayBk/Page-Vlink-ACH-Credit/input_Standard Entry Class'

2024-05-27 19:41:36 - [MESSAGE][PASSED] - Text 'CCD' is set on object 'Object Repository/RecAndPlayBk/Page-Vlink-ACH-Credit/input_Standard Entry Class'

2024-05-27 19:41:36 - [TEST_STEP][PASSED] - setText(findTestObject("Object Repository/RecAndPlayBk/Page-Vlink-ACH-Credit/input_Account Number"), acNumber): Text '58963214' is set on object 'Object Repository/RecAndPlayBk/Page-Vlink-ACH-Credit/input_Account Number'

2024-05-27 19:41:37 - [MESSAGE][PASSED] - Text '58963214' is set on object 'Object Repository/RecAndPlayBk/Page-Vlink-ACH-Credit/input_Account Number'

2024-05-27 19:41:37 - [TEST_STEP][PASSED] - setText(findTestObject("Object Repository/RecAndPlayBk/Page-Vlink-ACH-Credit/input_Routing Number"), rtn): Text '256072691' is set on object 'Object Repository/RecAndPlayBk/Page-Vlink-ACH-Credit/input_Routing Number'

2024-05-27 19:41:38 - [MESSAGE][PASSED] - Text '256072691' is set on object 'Object Repository/RecAndPlayBk/Page-Vlink-ACH-Credit/input_Routing Number'

2024-05-27 19:41:38 - [TEST_STEP][PASSED] - click(findTestObject("Object Repository/RecAndPlayBk/Page-Vlink-ACH-Credit/input")): Object: 'Object Repository/RecAndPlayBk/Page-Vlink-ACH-Credit/input' is clicked on

2024-05-27 19:41:39 - [MESSAGE][PASSED] - Object: 'Object Repository/RecAndPlayBk/Page-Vlink-ACH-Credit/input' is clicked on

2024-05-27 19:41:39 - [TEST_STEP][PASSED] - if (verifyTextPresent("Transaction approved, no errors", true)): null

2024-05-27 19:41:39 - [MESSAGE][PASSED] - Text 'Transaction approved, no errors' is present on page  using regular expression

2024-05-27 19:41:39 - [TEST_STEP][PASSED] - println("Transaction Approved, no errors text is present on the Confirmation page"): null

2024-05-27 19:41:39 - [TEST_STEP][PASSED] - out.println("Pass Record Number: " + row): null

2024-05-27 19:41:39 - [TEST_STEP][PASSED] - resText = "Pass": null

2024-05-27 19:41:39 - [TEST_STEP][PASSED] - pages.WriteExcel.demoKey(resText, datText, resColumn, datCloumn, fileLoc, nameSheet, row): pages.WriteExcel.demoKey is PASSED

2024-05-27 19:41:39 - [MESSAGE][PASSED] - pages.WriteExcel.demoKey is PASSED]]></system-out>
         <system-err><![CDATA[]]></system-err>
      </testcase>
      <testcase name="Test Cases/RecAndPlayBk/VLink/Debit-RemID-Pipe" time="117.167" classname="Test Cases/RecAndPlayBk/VLink/Debit-RemID-Pipe" status="PASSED">
         <system-out><![CDATA[2024-05-27 19:41:39 - [TEST_CASE][PASSED] - Test Cases/RecAndPlayBk/VLink/Debit-RemID-Pipe: Test Cases/RecAndPlayBk/VLink/Debit-RemID-Pipe

2024-05-27 19:41:40 - [TEST_STEP][PASSED] - executionProfile = getExecutionProfile(): null

2024-05-27 19:41:40 - [TEST_STEP][PASSED] - out.println("executionProfile : " + executionProfile): null

2024-05-27 19:41:40 - [TEST_STEP][PASSED] - resText = "Fail": null

2024-05-27 19:41:40 - [TEST_STEP][PASSED] - resColumn = "Result": null

2024-05-27 19:41:40 - [TEST_STEP][PASSED] - datCloumn = "Date": null

2024-05-27 19:41:40 - [TEST_STEP][PASSED] - fileLoc = "KatalonData/VLinkSmokeDataACH.xlsx": null

2024-05-27 19:41:40 - [TEST_STEP][PASSED] - numOfRows = <not implemented yet for class: org.codehaus.groovy.ast.expr.EmptyExpression>: null

2024-05-27 19:41:40 - [TEST_STEP][PASSED] - dataFile = <not implemented yet for class: org.codehaus.groovy.ast.expr.EmptyExpression>: null

2024-05-27 19:41:40 - [TEST_STEP][PASSED] - nameSheet = <not implemented yet for class: org.codehaus.groovy.ast.expr.EmptyExpression>: null

2024-05-27 19:41:40 - [TEST_STEP][PASSED] - nameSheet = "Debit-RemID-Pipe": null

2024-05-27 19:41:40 - [TEST_STEP][PASSED] - numOfRows = findTestData("QA/VLinkTestData/VLinkDebitRemIDPipeData").getRowNumbers(): null

2024-05-27 19:41:40 - [TEST_STEP][PASSED] - println("Number of Records: " + numOfRows): null

2024-05-27 19:41:40 - [TEST_STEP][PASSED] - dataFile = "QA/VLinkTestData/VLinkDebitRemIDPipeData": null

2024-05-27 19:41:40 - [TEST_STEP][PASSED] - for ([row = 1, row <= numOfRows, (row++)]): null

2024-05-27 19:41:40 - [TEST_STEP][PASSED] - ExecuteTC = findTestData(dataFile).getValue("Execute", row): null

2024-05-27 19:41:40 - [TEST_STEP][PASSED] - out.println("Value of Execute is : " + ExecuteTC): null

2024-05-27 19:41:40 - [TEST_STEP][PASSED] - switch (executionProfile): null

2024-05-27 19:41:40 - [TEST_STEP][PASSED] - case "DemoProfile":: null

2024-05-27 19:41:40 - [TEST_STEP][PASSED] - appID = findTestData(dataFile).getValue("AppIDDemo", row): null

2024-05-27 19:41:40 - [TEST_STEP][PASSED] - username = findTestData(dataFile).getValue("UsernameDemo", row): null

2024-05-27 19:41:40 - [TEST_STEP][PASSED] - password = findTestData(dataFile).getValue("PasswordDemo", row): null

2024-05-27 19:41:40 - [TEST_STEP][PASSED] - break: null

2024-05-27 19:41:40 - [TEST_STEP][PASSED] - if (ExecuteTC.equalsIgnoreCase("Y")): null

2024-05-27 19:41:40 - [TEST_STEP][PASSED] - out.println("Begin Record Number: " + row): null

2024-05-27 19:41:40 - [TEST_STEP][PASSED] - today = new java.util.Date(): null

2024-05-27 19:41:40 - [TEST_STEP][PASSED] - println(today): null

2024-05-27 19:41:40 - [TEST_STEP][PASSED] - datText = today: null

2024-05-27 19:41:40 - [TEST_STEP][PASSED] - checkType = findTestData(dataFile).getValue("CheckType", row): null

2024-05-27 19:41:41 - [TEST_STEP][PASSED] - acNumber = findTestData(dataFile).getValue("AcNumber", row): null

2024-05-27 19:41:41 - [TEST_STEP][PASSED] - company = findTestData(dataFile).getValue("Company", row): null

2024-05-27 19:41:41 - [TEST_STEP][PASSED] - acType = findTestData(dataFile).getValue("AcType", row): null

2024-05-27 19:41:41 - [TEST_STEP][PASSED] - rtn = findTestData(dataFile).getValue("RTN", row): null

2024-05-27 19:41:41 - [TEST_STEP][PASSED] - amount = findTestData(dataFile).getValue("Amount", row): null

2024-05-27 19:41:41 - [TEST_STEP][PASSED] - sec = findTestData(dataFile).getValue("SEC", row): null

2024-05-27 19:41:41 - [TEST_STEP][PASSED] - openBrowser(VLinkURL + "debit.html"): Browser is opened with url: 'https://dev-algorithm.govolution.com/vlinktest/demo/version_2_0/debit.html'

2024-05-27 19:41:41 - [MESSAGE][WARNING] - A browser is already opened. Closing browser and opening a new one

2024-05-27 19:41:42 - [MESSAGE][INFO] - Starting 'Chrome' driver

2024-05-27 19:41:42 - [MESSAGE][INFO] - User set preference: ['acceptInsecureCerts', 'true']

2024-05-27 19:41:42 - [MESSAGE][INFO] - Action delay is set to 0 milliseconds

2024-05-27 19:41:44 - [MESSAGE][PASSED] - Browser is opened with url: 'https://dev-algorithm.govolution.com/vlinktest/demo/version_2_0/debit.html'

2024-05-27 19:41:44 - [TEST_STEP][PASSED] - maximizeWindow(): Current window maximized

2024-05-27 19:41:45 - [MESSAGE][PASSED] - Current window maximized

2024-05-27 19:41:45 - [TEST_STEP][PASSED] - genRemID1 = random() * 99999).toInteger(): null

2024-05-27 19:41:45 - [TEST_STEP][PASSED] - genRemID2 = random() * 99999).toInteger(): null

2024-05-27 19:41:45 - [TEST_STEP][PASSED] - genRemID3 = random() * 99999).toInteger(): null

2024-05-27 19:41:45 - [TEST_STEP][PASSED] - println(genRemID1): null

2024-05-27 19:41:45 - [TEST_STEP][PASSED] - println(genRemID2): null

2024-05-27 19:41:45 - [TEST_STEP][PASSED] - println(genRemID3): null

2024-05-27 19:41:45 - [TEST_STEP][PASSED] - genRemID = genRemID1 + "|" + genRemID2 + "|" + genRemID3: null

2024-05-27 19:41:45 - [TEST_STEP][PASSED] - println(genRemID): null

2024-05-27 19:41:45 - [TEST_STEP][PASSED] - setText(findTestObject("RecAndPlayBk/Page-Vlink-Debit/input_Remittance Id"), genRemID): Text '24106|87957|22177' is set on object 'Object Repository/RecAndPlayBk/Page-Vlink-Debit/input_Remittance Id'

2024-05-27 19:41:45 - [MESSAGE][PASSED] - Text '24106|87957|22177' is set on object 'Object Repository/RecAndPlayBk/Page-Vlink-Debit/input_Remittance Id'

2024-05-27 19:41:45 - [TEST_STEP][PASSED] - setText(findTestObject("RecAndPlayBk/Page-Vlink-Debit/input_Application Id"), appID): Text '1773' is set on object 'Object Repository/RecAndPlayBk/Page-Vlink-Debit/input_Application Id'

2024-05-27 19:41:46 - [MESSAGE][PASSED] - Text '1773' is set on object 'Object Repository/RecAndPlayBk/Page-Vlink-Debit/input_Application Id'

2024-05-27 19:41:46 - [TEST_STEP][PASSED] - setText(findTestObject("RecAndPlayBk/Page-Vlink-Debit/input_Username"), username): Text 'Qq2BV1qtr' is set on object 'Object Repository/RecAndPlayBk/Page-Vlink-Debit/input_Username'

2024-05-27 19:41:47 - [MESSAGE][PASSED] - Text 'Qq2BV1qtr' is set on object 'Object Repository/RecAndPlayBk/Page-Vlink-Debit/input_Username'

2024-05-27 19:41:47 - [TEST_STEP][PASSED] - setText(findTestObject("RecAndPlayBk/Page-Vlink-Debit/input_Password"), password): Text 'tUmWBiLUx' is set on object 'Object Repository/RecAndPlayBk/Page-Vlink-Debit/input_Password'

2024-05-27 19:41:47 - [MESSAGE][PASSED] - Text 'tUmWBiLUx' is set on object 'Object Repository/RecAndPlayBk/Page-Vlink-Debit/input_Password'

2024-05-27 19:41:47 - [TEST_STEP][PASSED] - setText(findTestObject("RecAndPlayBk/Page-Vlink-Debit/input_Check Type"), checkType): Text 'P' is set on object 'Object Repository/RecAndPlayBk/Page-Vlink-Debit/input_Check Type'

2024-05-27 19:41:48 - [MESSAGE][PASSED] - Text 'P' is set on object 'Object Repository/RecAndPlayBk/Page-Vlink-Debit/input_Check Type'

2024-05-27 19:41:48 - [TEST_STEP][PASSED] - setText(findTestObject("RecAndPlayBk/Page-Vlink-Debit/input_Account_check"), acNumber): Text '58963214' is set on object 'Object Repository/RecAndPlayBk/Page-Vlink-Debit/input_Account_check'

2024-05-27 19:41:49 - [MESSAGE][PASSED] - Text '58963214' is set on object 'Object Repository/RecAndPlayBk/Page-Vlink-Debit/input_Account_check'

2024-05-27 19:41:49 - [TEST_STEP][PASSED] - setText(findTestObject("RecAndPlayBk/Page-Vlink-Debit/input_Company_check"), company): Text '' is set on object 'Object Repository/RecAndPlayBk/Page-Vlink-Debit/input_Company_check'

2024-05-27 19:41:50 - [MESSAGE][PASSED] - Text '' is set on object 'Object Repository/RecAndPlayBk/Page-Vlink-Debit/input_Company_check'

2024-05-27 19:41:50 - [TEST_STEP][PASSED] - setText(findTestObject("RecAndPlayBk/Page-Vlink-Debit/input_Account Type"), acType): Text '1' is set on object 'Object Repository/RecAndPlayBk/Page-Vlink-Debit/input_Account Type'

2024-05-27 19:41:50 - [MESSAGE][PASSED] - Text '1' is set on object 'Object Repository/RecAndPlayBk/Page-Vlink-Debit/input_Account Type'

2024-05-27 19:41:50 - [TEST_STEP][PASSED] - setText(findTestObject("RecAndPlayBk/Page-Vlink-Debit/input_Routing Number"), rtn): Text '256072691' is set on object 'Object Repository/RecAndPlayBk/Page-Vlink-Debit/input_Routing Number'

2024-05-27 19:41:51 - [MESSAGE][PASSED] - Text '256072691' is set on object 'Object Repository/RecAndPlayBk/Page-Vlink-Debit/input_Routing Number'

2024-05-27 19:41:51 - [TEST_STEP][PASSED] - setText(findTestObject("RecAndPlayBk/Page-Vlink-Debit/input_Amount"), amount): Text '12.50' is set on object 'Object Repository/RecAndPlayBk/Page-Vlink-Debit/input_Amount'

2024-05-27 19:41:52 - [MESSAGE][PASSED] - Text '12.50' is set on object 'Object Repository/RecAndPlayBk/Page-Vlink-Debit/input_Amount'

2024-05-27 19:41:52 - [TEST_STEP][PASSED] - setText(findTestObject("RecAndPlayBk/Page-Vlink-Debit/input_Check Email"), ""): Text '' is set on object 'Object Repository/RecAndPlayBk/Page-Vlink-Debit/input_Check Email'

2024-05-27 19:41:53 - [MESSAGE][PASSED] - Text '' is set on object 'Object Repository/RecAndPlayBk/Page-Vlink-Debit/input_Check Email'

2024-05-27 19:41:53 - [TEST_STEP][PASSED] - setText(findTestObject("Object Repository/RecAndPlayBk/Page-Vlink-Debit/input_concat(CheckWriter, , s SSN)_check_ssn"), ""): Text '' is set on object 'Object Repository/RecAndPlayBk/Page-Vlink-Debit/input_concat(CheckWriter, , s SSN)_check_ssn'

2024-05-27 19:41:53 - [MESSAGE][PASSED] - Text '' is set on object 'Object Repository/RecAndPlayBk/Page-Vlink-Debit/input_concat(CheckWriter, , s SSN)_check_ssn'

2024-05-27 19:41:53 - [TEST_STEP][PASSED] - setText(findTestObject("Object Repository/RecAndPlayBk/Page-Vlink-Debit/input_concat(CheckWriter, , s License Numbe_020fef"), ""): Text '' is set on object 'Object Repository/RecAndPlayBk/Page-Vlink-Debit/input_concat(CheckWriter, , s License Numbe_020fef'

2024-05-27 19:41:54 - [MESSAGE][PASSED] - Text '' is set on object 'Object Repository/RecAndPlayBk/Page-Vlink-Debit/input_concat(CheckWriter, , s License Numbe_020fef'

2024-05-27 19:41:54 - [TEST_STEP][PASSED] - setText(findTestObject("Object Repository/RecAndPlayBk/Page-Vlink-Debit/input_concat(CheckWriter, , s License State_21e3e7"), ""): Text '' is set on object 'Object Repository/RecAndPlayBk/Page-Vlink-Debit/input_concat(CheckWriter, , s License State_21e3e7'

2024-05-27 19:41:55 - [MESSAGE][PASSED] - Text '' is set on object 'Object Repository/RecAndPlayBk/Page-Vlink-Debit/input_concat(CheckWriter, , s License State_21e3e7'

2024-05-27 19:41:55 - [TEST_STEP][PASSED] - setText(findTestObject("RecAndPlayBk/Page-Vlink-Debit/input_Standard Entry Class"), sec): Text 'WEB' is set on object 'Object Repository/RecAndPlayBk/Page-Vlink-Debit/input_Standard Entry Class'

2024-05-27 19:41:56 - [MESSAGE][PASSED] - Text 'WEB' is set on object 'Object Repository/RecAndPlayBk/Page-Vlink-Debit/input_Standard Entry Class'

2024-05-27 19:41:56 - [TEST_STEP][PASSED] - click(findTestObject("Object Repository/RecAndPlayBk/Page-Vlink-Debit/input")): Object: 'Object Repository/RecAndPlayBk/Page-Vlink-Debit/input' is clicked on

2024-05-27 19:41:57 - [MESSAGE][PASSED] - Object: 'Object Repository/RecAndPlayBk/Page-Vlink-Debit/input' is clicked on

2024-05-27 19:41:57 - [TEST_STEP][PASSED] - if (verifyTextPresent("Transaction approved, no errors", true)): null

2024-05-27 19:41:57 - [MESSAGE][PASSED] - Text 'Transaction approved, no errors' is present on page  using regular expression

2024-05-27 19:41:57 - [TEST_STEP][PASSED] - println("Transaction Approved, no errors text is present on the Confirmation page"): null

2024-05-27 19:41:57 - [TEST_STEP][PASSED] - out.println("Pass Record Number: " + row): null

2024-05-27 19:41:57 - [TEST_STEP][PASSED] - resText = "Pass": null

2024-05-27 19:41:57 - [TEST_STEP][PASSED] - pages.WriteExcel.demoKey(resText, datText, resColumn, datCloumn, fileLoc, nameSheet, row): pages.WriteExcel.demoKey is PASSED

2024-05-27 19:41:57 - [MESSAGE][PASSED] - pages.WriteExcel.demoKey is PASSED

2024-05-27 19:41:57 - [TEST_STEP][PASSED] - ExecuteTC = findTestData(dataFile).getValue("Execute", row): null

2024-05-27 19:41:57 - [TEST_STEP][PASSED] - out.println("Value of Execute is : " + ExecuteTC): null

2024-05-27 19:41:57 - [TEST_STEP][PASSED] - switch (executionProfile): null

2024-05-27 19:41:57 - [TEST_STEP][PASSED] - case "DemoProfile":: null

2024-05-27 19:41:57 - [TEST_STEP][PASSED] - appID = findTestData(dataFile).getValue("AppIDDemo", row): null

2024-05-27 19:41:57 - [TEST_STEP][PASSED] - username = findTestData(dataFile).getValue("UsernameDemo", row): null

2024-05-27 19:41:57 - [TEST_STEP][PASSED] - password = findTestData(dataFile).getValue("PasswordDemo", row): null

2024-05-27 19:41:58 - [TEST_STEP][PASSED] - break: null

2024-05-27 19:41:58 - [TEST_STEP][PASSED] - if (ExecuteTC.equalsIgnoreCase("Y")): null

2024-05-27 19:41:58 - [TEST_STEP][PASSED] - out.println("Begin Record Number: " + row): null

2024-05-27 19:41:58 - [TEST_STEP][PASSED] - today = new java.util.Date(): null

2024-05-27 19:41:58 - [TEST_STEP][PASSED] - println(today): null

2024-05-27 19:41:58 - [TEST_STEP][PASSED] - datText = today: null

2024-05-27 19:41:58 - [TEST_STEP][PASSED] - checkType = findTestData(dataFile).getValue("CheckType", row): null

2024-05-27 19:41:58 - [TEST_STEP][PASSED] - acNumber = findTestData(dataFile).getValue("AcNumber", row): null

2024-05-27 19:41:58 - [TEST_STEP][PASSED] - company = findTestData(dataFile).getValue("Company", row): null

2024-05-27 19:41:58 - [TEST_STEP][PASSED] - acType = findTestData(dataFile).getValue("AcType", row): null

2024-05-27 19:41:58 - [TEST_STEP][PASSED] - rtn = findTestData(dataFile).getValue("RTN", row): null

2024-05-27 19:41:58 - [TEST_STEP][PASSED] - amount = findTestData(dataFile).getValue("Amount", row): null

2024-05-27 19:41:58 - [TEST_STEP][PASSED] - sec = findTestData(dataFile).getValue("SEC", row): null

2024-05-27 19:41:58 - [TEST_STEP][PASSED] - openBrowser(VLinkURL + "debit.html"): Browser is opened with url: 'https://dev-algorithm.govolution.com/vlinktest/demo/version_2_0/debit.html'

2024-05-27 19:41:58 - [MESSAGE][WARNING] - A browser is already opened. Closing browser and opening a new one

2024-05-27 19:41:59 - [MESSAGE][INFO] - Starting 'Chrome' driver

2024-05-27 19:41:59 - [MESSAGE][INFO] - User set preference: ['acceptInsecureCerts', 'true']

2024-05-27 19:41:59 - [MESSAGE][INFO] - Action delay is set to 0 milliseconds

2024-05-27 19:42:01 - [MESSAGE][PASSED] - Browser is opened with url: 'https://dev-algorithm.govolution.com/vlinktest/demo/version_2_0/debit.html'

2024-05-27 19:42:01 - [TEST_STEP][PASSED] - maximizeWindow(): Current window maximized

2024-05-27 19:42:02 - [MESSAGE][PASSED] - Current window maximized

2024-05-27 19:42:02 - [TEST_STEP][PASSED] - genRemID1 = random() * 99999).toInteger(): null

2024-05-27 19:42:02 - [TEST_STEP][PASSED] - genRemID2 = random() * 99999).toInteger(): null

2024-05-27 19:42:02 - [TEST_STEP][PASSED] - genRemID3 = random() * 99999).toInteger(): null

2024-05-27 19:42:02 - [TEST_STEP][PASSED] - println(genRemID1): null

2024-05-27 19:42:02 - [TEST_STEP][PASSED] - println(genRemID2): null

2024-05-27 19:42:02 - [TEST_STEP][PASSED] - println(genRemID3): null

2024-05-27 19:42:02 - [TEST_STEP][PASSED] - genRemID = genRemID1 + "|" + genRemID2 + "|" + genRemID3: null

2024-05-27 19:42:02 - [TEST_STEP][PASSED] - println(genRemID): null

2024-05-27 19:42:02 - [TEST_STEP][PASSED] - setText(findTestObject("RecAndPlayBk/Page-Vlink-Debit/input_Remittance Id"), genRemID): Text '35277|61016|97309' is set on object 'Object Repository/RecAndPlayBk/Page-Vlink-Debit/input_Remittance Id'

2024-05-27 19:42:02 - [MESSAGE][PASSED] - Text '35277|61016|97309' is set on object 'Object Repository/RecAndPlayBk/Page-Vlink-Debit/input_Remittance Id'

2024-05-27 19:42:02 - [TEST_STEP][PASSED] - setText(findTestObject("RecAndPlayBk/Page-Vlink-Debit/input_Application Id"), appID): Text '1773' is set on object 'Object Repository/RecAndPlayBk/Page-Vlink-Debit/input_Application Id'

2024-05-27 19:42:03 - [MESSAGE][PASSED] - Text '1773' is set on object 'Object Repository/RecAndPlayBk/Page-Vlink-Debit/input_Application Id'

2024-05-27 19:42:03 - [TEST_STEP][PASSED] - setText(findTestObject("RecAndPlayBk/Page-Vlink-Debit/input_Username"), username): Text 'Qq2BV1qtr' is set on object 'Object Repository/RecAndPlayBk/Page-Vlink-Debit/input_Username'

2024-05-27 19:42:04 - [MESSAGE][PASSED] - Text 'Qq2BV1qtr' is set on object 'Object Repository/RecAndPlayBk/Page-Vlink-Debit/input_Username'

2024-05-27 19:42:04 - [TEST_STEP][PASSED] - setText(findTestObject("RecAndPlayBk/Page-Vlink-Debit/input_Password"), password): Text 'tUmWBiLUx' is set on object 'Object Repository/RecAndPlayBk/Page-Vlink-Debit/input_Password'

2024-05-27 19:42:04 - [MESSAGE][PASSED] - Text 'tUmWBiLUx' is set on object 'Object Repository/RecAndPlayBk/Page-Vlink-Debit/input_Password'

2024-05-27 19:42:04 - [TEST_STEP][PASSED] - setText(findTestObject("RecAndPlayBk/Page-Vlink-Debit/input_Check Type"), checkType): Text 'P' is set on object 'Object Repository/RecAndPlayBk/Page-Vlink-Debit/input_Check Type'

2024-05-27 19:42:05 - [MESSAGE][PASSED] - Text 'P' is set on object 'Object Repository/RecAndPlayBk/Page-Vlink-Debit/input_Check Type'

2024-05-27 19:42:05 - [TEST_STEP][PASSED] - setText(findTestObject("RecAndPlayBk/Page-Vlink-Debit/input_Account_check"), acNumber): Text '58963214' is set on object 'Object Repository/RecAndPlayBk/Page-Vlink-Debit/input_Account_check'

2024-05-27 19:42:06 - [MESSAGE][PASSED] - Text '58963214' is set on object 'Object Repository/RecAndPlayBk/Page-Vlink-Debit/input_Account_check'

2024-05-27 19:42:06 - [TEST_STEP][PASSED] - setText(findTestObject("RecAndPlayBk/Page-Vlink-Debit/input_Company_check"), company): Text '' is set on object 'Object Repository/RecAndPlayBk/Page-Vlink-Debit/input_Company_check'

2024-05-27 19:42:06 - [MESSAGE][PASSED] - Text '' is set on object 'Object Repository/RecAndPlayBk/Page-Vlink-Debit/input_Company_check'

2024-05-27 19:42:06 - [TEST_STEP][PASSED] - setText(findTestObject("RecAndPlayBk/Page-Vlink-Debit/input_Account Type"), acType): Text '1' is set on object 'Object Repository/RecAndPlayBk/Page-Vlink-Debit/input_Account Type'

2024-05-27 19:42:07 - [MESSAGE][PASSED] - Text '1' is set on object 'Object Repository/RecAndPlayBk/Page-Vlink-Debit/input_Account Type'

2024-05-27 19:42:07 - [TEST_STEP][PASSED] - setText(findTestObject("RecAndPlayBk/Page-Vlink-Debit/input_Routing Number"), rtn): Text '256072691' is set on object 'Object Repository/RecAndPlayBk/Page-Vlink-Debit/input_Routing Number'

2024-05-27 19:42:08 - [MESSAGE][PASSED] - Text '256072691' is set on object 'Object Repository/RecAndPlayBk/Page-Vlink-Debit/input_Routing Number'

2024-05-27 19:42:08 - [TEST_STEP][PASSED] - setText(findTestObject("RecAndPlayBk/Page-Vlink-Debit/input_Amount"), amount): Text '12.50' is set on object 'Object Repository/RecAndPlayBk/Page-Vlink-Debit/input_Amount'

2024-05-27 19:42:08 - [MESSAGE][PASSED] - Text '12.50' is set on object 'Object Repository/RecAndPlayBk/Page-Vlink-Debit/input_Amount'

2024-05-27 19:42:08 - [TEST_STEP][PASSED] - setText(findTestObject("RecAndPlayBk/Page-Vlink-Debit/input_Check Email"), ""): Text '' is set on object 'Object Repository/RecAndPlayBk/Page-Vlink-Debit/input_Check Email'

2024-05-27 19:42:09 - [MESSAGE][PASSED] - Text '' is set on object 'Object Repository/RecAndPlayBk/Page-Vlink-Debit/input_Check Email'

2024-05-27 19:42:09 - [TEST_STEP][PASSED] - setText(findTestObject("Object Repository/RecAndPlayBk/Page-Vlink-Debit/input_concat(CheckWriter, , s SSN)_check_ssn"), ""): Text '' is set on object 'Object Repository/RecAndPlayBk/Page-Vlink-Debit/input_concat(CheckWriter, , s SSN)_check_ssn'

2024-05-27 19:42:10 - [MESSAGE][PASSED] - Text '' is set on object 'Object Repository/RecAndPlayBk/Page-Vlink-Debit/input_concat(CheckWriter, , s SSN)_check_ssn'

2024-05-27 19:42:10 - [TEST_STEP][PASSED] - setText(findTestObject("Object Repository/RecAndPlayBk/Page-Vlink-Debit/input_concat(CheckWriter, , s License Numbe_020fef"), ""): Text '' is set on object 'Object Repository/RecAndPlayBk/Page-Vlink-Debit/input_concat(CheckWriter, , s License Numbe_020fef'

2024-05-27 19:42:11 - [MESSAGE][PASSED] - Text '' is set on object 'Object Repository/RecAndPlayBk/Page-Vlink-Debit/input_concat(CheckWriter, , s License Numbe_020fef'

2024-05-27 19:42:11 - [TEST_STEP][PASSED] - setText(findTestObject("Object Repository/RecAndPlayBk/Page-Vlink-Debit/input_concat(CheckWriter, , s License State_21e3e7"), ""): Text '' is set on object 'Object Repository/RecAndPlayBk/Page-Vlink-Debit/input_concat(CheckWriter, , s License State_21e3e7'

2024-05-27 19:42:11 - [MESSAGE][PASSED] - Text '' is set on object 'Object Repository/RecAndPlayBk/Page-Vlink-Debit/input_concat(CheckWriter, , s License State_21e3e7'

2024-05-27 19:42:11 - [TEST_STEP][PASSED] - setText(findTestObject("RecAndPlayBk/Page-Vlink-Debit/input_Standard Entry Class"), sec): Text 'TEL' is set on object 'Object Repository/RecAndPlayBk/Page-Vlink-Debit/input_Standard Entry Class'

2024-05-27 19:42:12 - [MESSAGE][PASSED] - Text 'TEL' is set on object 'Object Repository/RecAndPlayBk/Page-Vlink-Debit/input_Standard Entry Class'

2024-05-27 19:42:12 - [TEST_STEP][PASSED] - click(findTestObject("Object Repository/RecAndPlayBk/Page-Vlink-Debit/input")): Object: 'Object Repository/RecAndPlayBk/Page-Vlink-Debit/input' is clicked on

2024-05-27 19:42:14 - [MESSAGE][PASSED] - Object: 'Object Repository/RecAndPlayBk/Page-Vlink-Debit/input' is clicked on

2024-05-27 19:42:14 - [TEST_STEP][PASSED] - if (verifyTextPresent("Transaction approved, no errors", true)): null

2024-05-27 19:42:15 - [MESSAGE][PASSED] - Text 'Transaction approved, no errors' is present on page  using regular expression

2024-05-27 19:42:15 - [TEST_STEP][PASSED] - println("Transaction Approved, no errors text is present on the Confirmation page"): null

2024-05-27 19:42:15 - [TEST_STEP][PASSED] - out.println("Pass Record Number: " + row): null

2024-05-27 19:42:15 - [TEST_STEP][PASSED] - resText = "Pass": null

2024-05-27 19:42:15 - [TEST_STEP][PASSED] - pages.WriteExcel.demoKey(resText, datText, resColumn, datCloumn, fileLoc, nameSheet, row): pages.WriteExcel.demoKey is PASSED

2024-05-27 19:42:15 - [MESSAGE][PASSED] - pages.WriteExcel.demoKey is PASSED

2024-05-27 19:42:15 - [TEST_STEP][PASSED] - ExecuteTC = findTestData(dataFile).getValue("Execute", row): null

2024-05-27 19:42:15 - [TEST_STEP][PASSED] - out.println("Value of Execute is : " + ExecuteTC): null

2024-05-27 19:42:15 - [TEST_STEP][PASSED] - switch (executionProfile): null

2024-05-27 19:42:15 - [TEST_STEP][PASSED] - case "DemoProfile":: null

2024-05-27 19:42:15 - [TEST_STEP][PASSED] - appID = findTestData(dataFile).getValue("AppIDDemo", row): null

2024-05-27 19:42:15 - [TEST_STEP][PASSED] - username = findTestData(dataFile).getValue("UsernameDemo", row): null

2024-05-27 19:42:15 - [TEST_STEP][PASSED] - password = findTestData(dataFile).getValue("PasswordDemo", row): null

2024-05-27 19:42:15 - [TEST_STEP][PASSED] - break: null

2024-05-27 19:42:15 - [TEST_STEP][PASSED] - if (ExecuteTC.equalsIgnoreCase("Y")): null

2024-05-27 19:42:15 - [TEST_STEP][PASSED] - out.println("Begin Record Number: " + row): null

2024-05-27 19:42:15 - [TEST_STEP][PASSED] - today = new java.util.Date(): null

2024-05-27 19:42:15 - [TEST_STEP][PASSED] - println(today): null

2024-05-27 19:42:15 - [TEST_STEP][PASSED] - datText = today: null

2024-05-27 19:42:15 - [TEST_STEP][PASSED] - checkType = findTestData(dataFile).getValue("CheckType", row): null

2024-05-27 19:42:15 - [TEST_STEP][PASSED] - acNumber = findTestData(dataFile).getValue("AcNumber", row): null

2024-05-27 19:42:15 - [TEST_STEP][PASSED] - company = findTestData(dataFile).getValue("Company", row): null

2024-05-27 19:42:15 - [TEST_STEP][PASSED] - acType = findTestData(dataFile).getValue("AcType", row): null

2024-05-27 19:42:15 - [TEST_STEP][PASSED] - rtn = findTestData(dataFile).getValue("RTN", row): null

2024-05-27 19:42:16 - [TEST_STEP][PASSED] - amount = findTestData(dataFile).getValue("Amount", row): null

2024-05-27 19:42:16 - [TEST_STEP][PASSED] - sec = findTestData(dataFile).getValue("SEC", row): null

2024-05-27 19:42:16 - [TEST_STEP][PASSED] - openBrowser(VLinkURL + "debit.html"): Browser is opened with url: 'https://dev-algorithm.govolution.com/vlinktest/demo/version_2_0/debit.html'

2024-05-27 19:42:16 - [MESSAGE][WARNING] - A browser is already opened. Closing browser and opening a new one

2024-05-27 19:42:17 - [MESSAGE][INFO] - Starting 'Chrome' driver

2024-05-27 19:42:17 - [MESSAGE][INFO] - User set preference: ['acceptInsecureCerts', 'true']

2024-05-27 19:42:17 - [MESSAGE][INFO] - Action delay is set to 0 milliseconds

2024-05-27 19:42:19 - [MESSAGE][PASSED] - Browser is opened with url: 'https://dev-algorithm.govolution.com/vlinktest/demo/version_2_0/debit.html'

2024-05-27 19:42:19 - [TEST_STEP][PASSED] - maximizeWindow(): Current window maximized

2024-05-27 19:42:19 - [MESSAGE][PASSED] - Current window maximized

2024-05-27 19:42:19 - [TEST_STEP][PASSED] - genRemID1 = random() * 99999).toInteger(): null

2024-05-27 19:42:19 - [TEST_STEP][PASSED] - genRemID2 = random() * 99999).toInteger(): null

2024-05-27 19:42:19 - [TEST_STEP][PASSED] - genRemID3 = random() * 99999).toInteger(): null

2024-05-27 19:42:19 - [TEST_STEP][PASSED] - println(genRemID1): null

2024-05-27 19:42:19 - [TEST_STEP][PASSED] - println(genRemID2): null

2024-05-27 19:42:19 - [TEST_STEP][PASSED] - println(genRemID3): null

2024-05-27 19:42:19 - [TEST_STEP][PASSED] - genRemID = genRemID1 + "|" + genRemID2 + "|" + genRemID3: null

2024-05-27 19:42:19 - [TEST_STEP][PASSED] - println(genRemID): null

2024-05-27 19:42:19 - [TEST_STEP][PASSED] - setText(findTestObject("RecAndPlayBk/Page-Vlink-Debit/input_Remittance Id"), genRemID): Text '56402|19950|94608' is set on object 'Object Repository/RecAndPlayBk/Page-Vlink-Debit/input_Remittance Id'

2024-05-27 19:42:20 - [MESSAGE][PASSED] - Text '56402|19950|94608' is set on object 'Object Repository/RecAndPlayBk/Page-Vlink-Debit/input_Remittance Id'

2024-05-27 19:42:20 - [TEST_STEP][PASSED] - setText(findTestObject("RecAndPlayBk/Page-Vlink-Debit/input_Application Id"), appID): Text '1773' is set on object 'Object Repository/RecAndPlayBk/Page-Vlink-Debit/input_Application Id'

2024-05-27 19:42:21 - [MESSAGE][PASSED] - Text '1773' is set on object 'Object Repository/RecAndPlayBk/Page-Vlink-Debit/input_Application Id'

2024-05-27 19:42:21 - [TEST_STEP][PASSED] - setText(findTestObject("RecAndPlayBk/Page-Vlink-Debit/input_Username"), username): Text 'Qq2BV1qtr' is set on object 'Object Repository/RecAndPlayBk/Page-Vlink-Debit/input_Username'

2024-05-27 19:42:21 - [MESSAGE][PASSED] - Text 'Qq2BV1qtr' is set on object 'Object Repository/RecAndPlayBk/Page-Vlink-Debit/input_Username'

2024-05-27 19:42:21 - [TEST_STEP][PASSED] - setText(findTestObject("RecAndPlayBk/Page-Vlink-Debit/input_Password"), password): Text 'tUmWBiLUx' is set on object 'Object Repository/RecAndPlayBk/Page-Vlink-Debit/input_Password'

2024-05-27 19:42:22 - [MESSAGE][PASSED] - Text 'tUmWBiLUx' is set on object 'Object Repository/RecAndPlayBk/Page-Vlink-Debit/input_Password'

2024-05-27 19:42:22 - [TEST_STEP][PASSED] - setText(findTestObject("RecAndPlayBk/Page-Vlink-Debit/input_Check Type"), checkType): Text 'P' is set on object 'Object Repository/RecAndPlayBk/Page-Vlink-Debit/input_Check Type'

2024-05-27 19:42:23 - [MESSAGE][PASSED] - Text 'P' is set on object 'Object Repository/RecAndPlayBk/Page-Vlink-Debit/input_Check Type'

2024-05-27 19:42:23 - [TEST_STEP][PASSED] - setText(findTestObject("RecAndPlayBk/Page-Vlink-Debit/input_Account_check"), acNumber): Text '58963214' is set on object 'Object Repository/RecAndPlayBk/Page-Vlink-Debit/input_Account_check'

2024-05-27 19:42:23 - [MESSAGE][PASSED] - Text '58963214' is set on object 'Object Repository/RecAndPlayBk/Page-Vlink-Debit/input_Account_check'

2024-05-27 19:42:23 - [TEST_STEP][PASSED] - setText(findTestObject("RecAndPlayBk/Page-Vlink-Debit/input_Company_check"), company): Text '' is set on object 'Object Repository/RecAndPlayBk/Page-Vlink-Debit/input_Company_check'

2024-05-27 19:42:24 - [MESSAGE][PASSED] - Text '' is set on object 'Object Repository/RecAndPlayBk/Page-Vlink-Debit/input_Company_check'

2024-05-27 19:42:24 - [TEST_STEP][PASSED] - setText(findTestObject("RecAndPlayBk/Page-Vlink-Debit/input_Account Type"), acType): Text '1' is set on object 'Object Repository/RecAndPlayBk/Page-Vlink-Debit/input_Account Type'

2024-05-27 19:42:25 - [MESSAGE][PASSED] - Text '1' is set on object 'Object Repository/RecAndPlayBk/Page-Vlink-Debit/input_Account Type'

2024-05-27 19:42:25 - [TEST_STEP][PASSED] - setText(findTestObject("RecAndPlayBk/Page-Vlink-Debit/input_Routing Number"), rtn): Text '256072691' is set on object 'Object Repository/RecAndPlayBk/Page-Vlink-Debit/input_Routing Number'

2024-05-27 19:42:25 - [MESSAGE][PASSED] - Text '256072691' is set on object 'Object Repository/RecAndPlayBk/Page-Vlink-Debit/input_Routing Number'

2024-05-27 19:42:25 - [TEST_STEP][PASSED] - setText(findTestObject("RecAndPlayBk/Page-Vlink-Debit/input_Amount"), amount): Text '12.50' is set on object 'Object Repository/RecAndPlayBk/Page-Vlink-Debit/input_Amount'

2024-05-27 19:42:26 - [MESSAGE][PASSED] - Text '12.50' is set on object 'Object Repository/RecAndPlayBk/Page-Vlink-Debit/input_Amount'

2024-05-27 19:42:26 - [TEST_STEP][PASSED] - setText(findTestObject("RecAndPlayBk/Page-Vlink-Debit/input_Check Email"), ""): Text '' is set on object 'Object Repository/RecAndPlayBk/Page-Vlink-Debit/input_Check Email'

2024-05-27 19:42:27 - [MESSAGE][PASSED] - Text '' is set on object 'Object Repository/RecAndPlayBk/Page-Vlink-Debit/input_Check Email'

2024-05-27 19:42:27 - [TEST_STEP][PASSED] - setText(findTestObject("Object Repository/RecAndPlayBk/Page-Vlink-Debit/input_concat(CheckWriter, , s SSN)_check_ssn"), ""): Text '' is set on object 'Object Repository/RecAndPlayBk/Page-Vlink-Debit/input_concat(CheckWriter, , s SSN)_check_ssn'

2024-05-27 19:42:28 - [MESSAGE][PASSED] - Text '' is set on object 'Object Repository/RecAndPlayBk/Page-Vlink-Debit/input_concat(CheckWriter, , s SSN)_check_ssn'

2024-05-27 19:42:28 - [TEST_STEP][PASSED] - setText(findTestObject("Object Repository/RecAndPlayBk/Page-Vlink-Debit/input_concat(CheckWriter, , s License Numbe_020fef"), ""): Text '' is set on object 'Object Repository/RecAndPlayBk/Page-Vlink-Debit/input_concat(CheckWriter, , s License Numbe_020fef'

2024-05-27 19:42:28 - [MESSAGE][PASSED] - Text '' is set on object 'Object Repository/RecAndPlayBk/Page-Vlink-Debit/input_concat(CheckWriter, , s License Numbe_020fef'

2024-05-27 19:42:28 - [TEST_STEP][PASSED] - setText(findTestObject("Object Repository/RecAndPlayBk/Page-Vlink-Debit/input_concat(CheckWriter, , s License State_21e3e7"), ""): Text '' is set on object 'Object Repository/RecAndPlayBk/Page-Vlink-Debit/input_concat(CheckWriter, , s License State_21e3e7'

2024-05-27 19:42:29 - [MESSAGE][PASSED] - Text '' is set on object 'Object Repository/RecAndPlayBk/Page-Vlink-Debit/input_concat(CheckWriter, , s License State_21e3e7'

2024-05-27 19:42:29 - [TEST_STEP][PASSED] - setText(findTestObject("RecAndPlayBk/Page-Vlink-Debit/input_Standard Entry Class"), sec): Text 'PPD' is set on object 'Object Repository/RecAndPlayBk/Page-Vlink-Debit/input_Standard Entry Class'

2024-05-27 19:42:30 - [MESSAGE][PASSED] - Text 'PPD' is set on object 'Object Repository/RecAndPlayBk/Page-Vlink-Debit/input_Standard Entry Class'

2024-05-27 19:42:30 - [TEST_STEP][PASSED] - click(findTestObject("Object Repository/RecAndPlayBk/Page-Vlink-Debit/input")): Object: 'Object Repository/RecAndPlayBk/Page-Vlink-Debit/input' is clicked on

2024-05-27 19:42:31 - [MESSAGE][PASSED] - Object: 'Object Repository/RecAndPlayBk/Page-Vlink-Debit/input' is clicked on

2024-05-27 19:42:31 - [TEST_STEP][PASSED] - if (verifyTextPresent("Transaction approved, no errors", true)): null

2024-05-27 19:42:31 - [MESSAGE][PASSED] - Text 'Transaction approved, no errors' is present on page  using regular expression

2024-05-27 19:42:31 - [TEST_STEP][PASSED] - println("Transaction Approved, no errors text is present on the Confirmation page"): null

2024-05-27 19:42:31 - [TEST_STEP][PASSED] - out.println("Pass Record Number: " + row): null

2024-05-27 19:42:31 - [TEST_STEP][PASSED] - resText = "Pass": null

2024-05-27 19:42:31 - [TEST_STEP][PASSED] - pages.WriteExcel.demoKey(resText, datText, resColumn, datCloumn, fileLoc, nameSheet, row): pages.WriteExcel.demoKey is PASSED

2024-05-27 19:42:32 - [MESSAGE][PASSED] - pages.WriteExcel.demoKey is PASSED

2024-05-27 19:42:32 - [TEST_STEP][PASSED] - ExecuteTC = findTestData(dataFile).getValue("Execute", row): null

2024-05-27 19:42:32 - [TEST_STEP][PASSED] - out.println("Value of Execute is : " + ExecuteTC): null

2024-05-27 19:42:32 - [TEST_STEP][PASSED] - switch (executionProfile): null

2024-05-27 19:42:32 - [TEST_STEP][PASSED] - case "DemoProfile":: null

2024-05-27 19:42:32 - [TEST_STEP][PASSED] - appID = findTestData(dataFile).getValue("AppIDDemo", row): null

2024-05-27 19:42:32 - [TEST_STEP][PASSED] - username = findTestData(dataFile).getValue("UsernameDemo", row): null

2024-05-27 19:42:32 - [TEST_STEP][PASSED] - password = findTestData(dataFile).getValue("PasswordDemo", row): null

2024-05-27 19:42:32 - [TEST_STEP][PASSED] - break: null

2024-05-27 19:42:32 - [TEST_STEP][PASSED] - if (ExecuteTC.equalsIgnoreCase("Y")): null

2024-05-27 19:42:32 - [TEST_STEP][PASSED] - out.println("Begin Record Number: " + row): null

2024-05-27 19:42:32 - [TEST_STEP][PASSED] - today = new java.util.Date(): null

2024-05-27 19:42:32 - [TEST_STEP][PASSED] - println(today): null

2024-05-27 19:42:32 - [TEST_STEP][PASSED] - datText = today: null

2024-05-27 19:42:32 - [TEST_STEP][PASSED] - checkType = findTestData(dataFile).getValue("CheckType", row): null

2024-05-27 19:42:32 - [TEST_STEP][PASSED] - acNumber = findTestData(dataFile).getValue("AcNumber", row): null

2024-05-27 19:42:32 - [TEST_STEP][PASSED] - company = findTestData(dataFile).getValue("Company", row): null

2024-05-27 19:42:32 - [TEST_STEP][PASSED] - acType = findTestData(dataFile).getValue("AcType", row): null

2024-05-27 19:42:32 - [TEST_STEP][PASSED] - rtn = findTestData(dataFile).getValue("RTN", row): null

2024-05-27 19:42:32 - [TEST_STEP][PASSED] - amount = findTestData(dataFile).getValue("Amount", row): null

2024-05-27 19:42:32 - [TEST_STEP][PASSED] - sec = findTestData(dataFile).getValue("SEC", row): null

2024-05-27 19:42:32 - [TEST_STEP][PASSED] - openBrowser(VLinkURL + "debit.html"): Browser is opened with url: 'https://dev-algorithm.govolution.com/vlinktest/demo/version_2_0/debit.html'

2024-05-27 19:42:32 - [MESSAGE][WARNING] - A browser is already opened. Closing browser and opening a new one

2024-05-27 19:42:34 - [MESSAGE][INFO] - Starting 'Chrome' driver

2024-05-27 19:42:34 - [MESSAGE][INFO] - User set preference: ['acceptInsecureCerts', 'true']

2024-05-27 19:42:34 - [MESSAGE][INFO] - Action delay is set to 0 milliseconds

2024-05-27 19:42:36 - [MESSAGE][PASSED] - Browser is opened with url: 'https://dev-algorithm.govolution.com/vlinktest/demo/version_2_0/debit.html'

2024-05-27 19:42:36 - [TEST_STEP][PASSED] - maximizeWindow(): Current window maximized

2024-05-27 19:42:36 - [MESSAGE][PASSED] - Current window maximized

2024-05-27 19:42:36 - [TEST_STEP][PASSED] - genRemID1 = random() * 99999).toInteger(): null

2024-05-27 19:42:36 - [TEST_STEP][PASSED] - genRemID2 = random() * 99999).toInteger(): null

2024-05-27 19:42:36 - [TEST_STEP][PASSED] - genRemID3 = random() * 99999).toInteger(): null

2024-05-27 19:42:36 - [TEST_STEP][PASSED] - println(genRemID1): null

2024-05-27 19:42:36 - [TEST_STEP][PASSED] - println(genRemID2): null

2024-05-27 19:42:36 - [TEST_STEP][PASSED] - println(genRemID3): null

2024-05-27 19:42:36 - [TEST_STEP][PASSED] - genRemID = genRemID1 + "|" + genRemID2 + "|" + genRemID3: null

2024-05-27 19:42:36 - [TEST_STEP][PASSED] - println(genRemID): null

2024-05-27 19:42:36 - [TEST_STEP][PASSED] - setText(findTestObject("RecAndPlayBk/Page-Vlink-Debit/input_Remittance Id"), genRemID): Text '24352|99560|6139' is set on object 'Object Repository/RecAndPlayBk/Page-Vlink-Debit/input_Remittance Id'

2024-05-27 19:42:37 - [MESSAGE][PASSED] - Text '24352|99560|6139' is set on object 'Object Repository/RecAndPlayBk/Page-Vlink-Debit/input_Remittance Id'

2024-05-27 19:42:37 - [TEST_STEP][PASSED] - setText(findTestObject("RecAndPlayBk/Page-Vlink-Debit/input_Application Id"), appID): Text '1773' is set on object 'Object Repository/RecAndPlayBk/Page-Vlink-Debit/input_Application Id'

2024-05-27 19:42:38 - [MESSAGE][PASSED] - Text '1773' is set on object 'Object Repository/RecAndPlayBk/Page-Vlink-Debit/input_Application Id'

2024-05-27 19:42:38 - [TEST_STEP][PASSED] - setText(findTestObject("RecAndPlayBk/Page-Vlink-Debit/input_Username"), username): Text 'Qq2BV1qtr' is set on object 'Object Repository/RecAndPlayBk/Page-Vlink-Debit/input_Username'

2024-05-27 19:42:38 - [MESSAGE][PASSED] - Text 'Qq2BV1qtr' is set on object 'Object Repository/RecAndPlayBk/Page-Vlink-Debit/input_Username'

2024-05-27 19:42:38 - [TEST_STEP][PASSED] - setText(findTestObject("RecAndPlayBk/Page-Vlink-Debit/input_Password"), password): Text 'tUmWBiLUx' is set on object 'Object Repository/RecAndPlayBk/Page-Vlink-Debit/input_Password'

2024-05-27 19:42:39 - [MESSAGE][PASSED] - Text 'tUmWBiLUx' is set on object 'Object Repository/RecAndPlayBk/Page-Vlink-Debit/input_Password'

2024-05-27 19:42:39 - [TEST_STEP][PASSED] - setText(findTestObject("RecAndPlayBk/Page-Vlink-Debit/input_Check Type"), checkType): Text 'P' is set on object 'Object Repository/RecAndPlayBk/Page-Vlink-Debit/input_Check Type'

2024-05-27 19:42:40 - [MESSAGE][PASSED] - Text 'P' is set on object 'Object Repository/RecAndPlayBk/Page-Vlink-Debit/input_Check Type'

2024-05-27 19:42:40 - [TEST_STEP][PASSED] - setText(findTestObject("RecAndPlayBk/Page-Vlink-Debit/input_Account_check"), acNumber): Text '58963214' is set on object 'Object Repository/RecAndPlayBk/Page-Vlink-Debit/input_Account_check'

2024-05-27 19:42:40 - [MESSAGE][PASSED] - Text '58963214' is set on object 'Object Repository/RecAndPlayBk/Page-Vlink-Debit/input_Account_check'

2024-05-27 19:42:40 - [TEST_STEP][PASSED] - setText(findTestObject("RecAndPlayBk/Page-Vlink-Debit/input_Company_check"), company): Text '' is set on object 'Object Repository/RecAndPlayBk/Page-Vlink-Debit/input_Company_check'

2024-05-27 19:42:41 - [MESSAGE][PASSED] - Text '' is set on object 'Object Repository/RecAndPlayBk/Page-Vlink-Debit/input_Company_check'

2024-05-27 19:42:41 - [TEST_STEP][PASSED] - setText(findTestObject("RecAndPlayBk/Page-Vlink-Debit/input_Account Type"), acType): Text '2' is set on object 'Object Repository/RecAndPlayBk/Page-Vlink-Debit/input_Account Type'

2024-05-27 19:42:42 - [MESSAGE][PASSED] - Text '2' is set on object 'Object Repository/RecAndPlayBk/Page-Vlink-Debit/input_Account Type'

2024-05-27 19:42:42 - [TEST_STEP][PASSED] - setText(findTestObject("RecAndPlayBk/Page-Vlink-Debit/input_Routing Number"), rtn): Text '256072691' is set on object 'Object Repository/RecAndPlayBk/Page-Vlink-Debit/input_Routing Number'

2024-05-27 19:42:42 - [MESSAGE][PASSED] - Text '256072691' is set on object 'Object Repository/RecAndPlayBk/Page-Vlink-Debit/input_Routing Number'

2024-05-27 19:42:42 - [TEST_STEP][PASSED] - setText(findTestObject("RecAndPlayBk/Page-Vlink-Debit/input_Amount"), amount): Text '12.50' is set on object 'Object Repository/RecAndPlayBk/Page-Vlink-Debit/input_Amount'

2024-05-27 19:42:43 - [MESSAGE][PASSED] - Text '12.50' is set on object 'Object Repository/RecAndPlayBk/Page-Vlink-Debit/input_Amount'

2024-05-27 19:42:43 - [TEST_STEP][PASSED] - setText(findTestObject("RecAndPlayBk/Page-Vlink-Debit/input_Check Email"), ""): Text '' is set on object 'Object Repository/RecAndPlayBk/Page-Vlink-Debit/input_Check Email'

2024-05-27 19:42:44 - [MESSAGE][PASSED] - Text '' is set on object 'Object Repository/RecAndPlayBk/Page-Vlink-Debit/input_Check Email'

2024-05-27 19:42:44 - [TEST_STEP][PASSED] - setText(findTestObject("Object Repository/RecAndPlayBk/Page-Vlink-Debit/input_concat(CheckWriter, , s SSN)_check_ssn"), ""): Text '' is set on object 'Object Repository/RecAndPlayBk/Page-Vlink-Debit/input_concat(CheckWriter, , s SSN)_check_ssn'

2024-05-27 19:42:44 - [MESSAGE][PASSED] - Text '' is set on object 'Object Repository/RecAndPlayBk/Page-Vlink-Debit/input_concat(CheckWriter, , s SSN)_check_ssn'

2024-05-27 19:42:44 - [TEST_STEP][PASSED] - setText(findTestObject("Object Repository/RecAndPlayBk/Page-Vlink-Debit/input_concat(CheckWriter, , s License Numbe_020fef"), ""): Text '' is set on object 'Object Repository/RecAndPlayBk/Page-Vlink-Debit/input_concat(CheckWriter, , s License Numbe_020fef'

2024-05-27 19:42:45 - [MESSAGE][PASSED] - Text '' is set on object 'Object Repository/RecAndPlayBk/Page-Vlink-Debit/input_concat(CheckWriter, , s License Numbe_020fef'

2024-05-27 19:42:45 - [TEST_STEP][PASSED] - setText(findTestObject("Object Repository/RecAndPlayBk/Page-Vlink-Debit/input_concat(CheckWriter, , s License State_21e3e7"), ""): Text '' is set on object 'Object Repository/RecAndPlayBk/Page-Vlink-Debit/input_concat(CheckWriter, , s License State_21e3e7'

2024-05-27 19:42:46 - [MESSAGE][PASSED] - Text '' is set on object 'Object Repository/RecAndPlayBk/Page-Vlink-Debit/input_concat(CheckWriter, , s License State_21e3e7'

2024-05-27 19:42:46 - [TEST_STEP][PASSED] - setText(findTestObject("RecAndPlayBk/Page-Vlink-Debit/input_Standard Entry Class"), sec): Text 'WEB' is set on object 'Object Repository/RecAndPlayBk/Page-Vlink-Debit/input_Standard Entry Class'

2024-05-27 19:42:47 - [MESSAGE][PASSED] - Text 'WEB' is set on object 'Object Repository/RecAndPlayBk/Page-Vlink-Debit/input_Standard Entry Class'

2024-05-27 19:42:47 - [TEST_STEP][PASSED] - click(findTestObject("Object Repository/RecAndPlayBk/Page-Vlink-Debit/input")): Object: 'Object Repository/RecAndPlayBk/Page-Vlink-Debit/input' is clicked on

2024-05-27 19:42:47 - [MESSAGE][PASSED] - Object: 'Object Repository/RecAndPlayBk/Page-Vlink-Debit/input' is clicked on

2024-05-27 19:42:47 - [TEST_STEP][PASSED] - if (verifyTextPresent("Transaction approved, no errors", true)): null

2024-05-27 19:42:48 - [MESSAGE][PASSED] - Text 'Transaction approved, no errors' is present on page  using regular expression

2024-05-27 19:42:48 - [TEST_STEP][PASSED] - println("Transaction Approved, no errors text is present on the Confirmation page"): null

2024-05-27 19:42:48 - [TEST_STEP][PASSED] - out.println("Pass Record Number: " + row): null

2024-05-27 19:42:48 - [TEST_STEP][PASSED] - resText = "Pass": null

2024-05-27 19:42:48 - [TEST_STEP][PASSED] - pages.WriteExcel.demoKey(resText, datText, resColumn, datCloumn, fileLoc, nameSheet, row): pages.WriteExcel.demoKey is PASSED

2024-05-27 19:42:48 - [MESSAGE][PASSED] - pages.WriteExcel.demoKey is PASSED

2024-05-27 19:42:48 - [TEST_STEP][PASSED] - ExecuteTC = findTestData(dataFile).getValue("Execute", row): null

2024-05-27 19:42:48 - [TEST_STEP][PASSED] - out.println("Value of Execute is : " + ExecuteTC): null

2024-05-27 19:42:48 - [TEST_STEP][PASSED] - switch (executionProfile): null

2024-05-27 19:42:48 - [TEST_STEP][PASSED] - case "DemoProfile":: null

2024-05-27 19:42:48 - [TEST_STEP][PASSED] - appID = findTestData(dataFile).getValue("AppIDDemo", row): null

2024-05-27 19:42:48 - [TEST_STEP][PASSED] - username = findTestData(dataFile).getValue("UsernameDemo", row): null

2024-05-27 19:42:48 - [TEST_STEP][PASSED] - password = findTestData(dataFile).getValue("PasswordDemo", row): null

2024-05-27 19:42:48 - [TEST_STEP][PASSED] - break: null

2024-05-27 19:42:48 - [TEST_STEP][PASSED] - if (ExecuteTC.equalsIgnoreCase("Y")): null

2024-05-27 19:42:48 - [TEST_STEP][PASSED] - out.println("Begin Record Number: " + row): null

2024-05-27 19:42:48 - [TEST_STEP][PASSED] - today = new java.util.Date(): null

2024-05-27 19:42:48 - [TEST_STEP][PASSED] - println(today): null

2024-05-27 19:42:48 - [TEST_STEP][PASSED] - datText = today: null

2024-05-27 19:42:48 - [TEST_STEP][PASSED] - checkType = findTestData(dataFile).getValue("CheckType", row): null

2024-05-27 19:42:48 - [TEST_STEP][PASSED] - acNumber = findTestData(dataFile).getValue("AcNumber", row): null

2024-05-27 19:42:48 - [TEST_STEP][PASSED] - company = findTestData(dataFile).getValue("Company", row): null

2024-05-27 19:42:48 - [TEST_STEP][PASSED] - acType = findTestData(dataFile).getValue("AcType", row): null

2024-05-27 19:42:48 - [TEST_STEP][PASSED] - rtn = findTestData(dataFile).getValue("RTN", row): null

2024-05-27 19:42:49 - [TEST_STEP][PASSED] - amount = findTestData(dataFile).getValue("Amount", row): null

2024-05-27 19:42:49 - [TEST_STEP][PASSED] - sec = findTestData(dataFile).getValue("SEC", row): null

2024-05-27 19:42:49 - [TEST_STEP][PASSED] - openBrowser(VLinkURL + "debit.html"): Browser is opened with url: 'https://dev-algorithm.govolution.com/vlinktest/demo/version_2_0/debit.html'

2024-05-27 19:42:49 - [MESSAGE][WARNING] - A browser is already opened. Closing browser and opening a new one

2024-05-27 19:42:50 - [MESSAGE][INFO] - Starting 'Chrome' driver

2024-05-27 19:42:50 - [MESSAGE][INFO] - User set preference: ['acceptInsecureCerts', 'true']

2024-05-27 19:42:50 - [MESSAGE][INFO] - Action delay is set to 0 milliseconds

2024-05-27 19:42:52 - [MESSAGE][PASSED] - Browser is opened with url: 'https://dev-algorithm.govolution.com/vlinktest/demo/version_2_0/debit.html'

2024-05-27 19:42:52 - [TEST_STEP][PASSED] - maximizeWindow(): Current window maximized

2024-05-27 19:42:52 - [MESSAGE][PASSED] - Current window maximized

2024-05-27 19:42:52 - [TEST_STEP][PASSED] - genRemID1 = random() * 99999).toInteger(): null

2024-05-27 19:42:52 - [TEST_STEP][PASSED] - genRemID2 = random() * 99999).toInteger(): null

2024-05-27 19:42:52 - [TEST_STEP][PASSED] - genRemID3 = random() * 99999).toInteger(): null

2024-05-27 19:42:52 - [TEST_STEP][PASSED] - println(genRemID1): null

2024-05-27 19:42:52 - [TEST_STEP][PASSED] - println(genRemID2): null

2024-05-27 19:42:52 - [TEST_STEP][PASSED] - println(genRemID3): null

2024-05-27 19:42:52 - [TEST_STEP][PASSED] - genRemID = genRemID1 + "|" + genRemID2 + "|" + genRemID3: null

2024-05-27 19:42:52 - [TEST_STEP][PASSED] - println(genRemID): null

2024-05-27 19:42:52 - [TEST_STEP][PASSED] - setText(findTestObject("RecAndPlayBk/Page-Vlink-Debit/input_Remittance Id"), genRemID): Text '74898|76632|99448' is set on object 'Object Repository/RecAndPlayBk/Page-Vlink-Debit/input_Remittance Id'

2024-05-27 19:42:53 - [MESSAGE][PASSED] - Text '74898|76632|99448' is set on object 'Object Repository/RecAndPlayBk/Page-Vlink-Debit/input_Remittance Id'

2024-05-27 19:42:53 - [TEST_STEP][PASSED] - setText(findTestObject("RecAndPlayBk/Page-Vlink-Debit/input_Application Id"), appID): Text '1773' is set on object 'Object Repository/RecAndPlayBk/Page-Vlink-Debit/input_Application Id'

2024-05-27 19:42:53 - [MESSAGE][PASSED] - Text '1773' is set on object 'Object Repository/RecAndPlayBk/Page-Vlink-Debit/input_Application Id'

2024-05-27 19:42:53 - [TEST_STEP][PASSED] - setText(findTestObject("RecAndPlayBk/Page-Vlink-Debit/input_Username"), username): Text 'Qq2BV1qtr' is set on object 'Object Repository/RecAndPlayBk/Page-Vlink-Debit/input_Username'

2024-05-27 19:42:54 - [MESSAGE][PASSED] - Text 'Qq2BV1qtr' is set on object 'Object Repository/RecAndPlayBk/Page-Vlink-Debit/input_Username'

2024-05-27 19:42:54 - [TEST_STEP][PASSED] - setText(findTestObject("RecAndPlayBk/Page-Vlink-Debit/input_Password"), password): Text 'tUmWBiLUx' is set on object 'Object Repository/RecAndPlayBk/Page-Vlink-Debit/input_Password'

2024-05-27 19:42:55 - [MESSAGE][PASSED] - Text 'tUmWBiLUx' is set on object 'Object Repository/RecAndPlayBk/Page-Vlink-Debit/input_Password'

2024-05-27 19:42:55 - [TEST_STEP][PASSED] - setText(findTestObject("RecAndPlayBk/Page-Vlink-Debit/input_Check Type"), checkType): Text 'P' is set on object 'Object Repository/RecAndPlayBk/Page-Vlink-Debit/input_Check Type'

2024-05-27 19:42:55 - [MESSAGE][PASSED] - Text 'P' is set on object 'Object Repository/RecAndPlayBk/Page-Vlink-Debit/input_Check Type'

2024-05-27 19:42:55 - [TEST_STEP][PASSED] - setText(findTestObject("RecAndPlayBk/Page-Vlink-Debit/input_Account_check"), acNumber): Text '58963214' is set on object 'Object Repository/RecAndPlayBk/Page-Vlink-Debit/input_Account_check'

2024-05-27 19:42:56 - [MESSAGE][PASSED] - Text '58963214' is set on object 'Object Repository/RecAndPlayBk/Page-Vlink-Debit/input_Account_check'

2024-05-27 19:42:56 - [TEST_STEP][PASSED] - setText(findTestObject("RecAndPlayBk/Page-Vlink-Debit/input_Company_check"), company): Text '' is set on object 'Object Repository/RecAndPlayBk/Page-Vlink-Debit/input_Company_check'

2024-05-27 19:42:57 - [MESSAGE][PASSED] - Text '' is set on object 'Object Repository/RecAndPlayBk/Page-Vlink-Debit/input_Company_check'

2024-05-27 19:42:57 - [TEST_STEP][PASSED] - setText(findTestObject("RecAndPlayBk/Page-Vlink-Debit/input_Account Type"), acType): Text '2' is set on object 'Object Repository/RecAndPlayBk/Page-Vlink-Debit/input_Account Type'

2024-05-27 19:42:57 - [MESSAGE][PASSED] - Text '2' is set on object 'Object Repository/RecAndPlayBk/Page-Vlink-Debit/input_Account Type'

2024-05-27 19:42:57 - [TEST_STEP][PASSED] - setText(findTestObject("RecAndPlayBk/Page-Vlink-Debit/input_Routing Number"), rtn): Text '256072691' is set on object 'Object Repository/RecAndPlayBk/Page-Vlink-Debit/input_Routing Number'

2024-05-27 19:42:58 - [MESSAGE][PASSED] - Text '256072691' is set on object 'Object Repository/RecAndPlayBk/Page-Vlink-Debit/input_Routing Number'

2024-05-27 19:42:58 - [TEST_STEP][PASSED] - setText(findTestObject("RecAndPlayBk/Page-Vlink-Debit/input_Amount"), amount): Text '12.50' is set on object 'Object Repository/RecAndPlayBk/Page-Vlink-Debit/input_Amount'

2024-05-27 19:42:59 - [MESSAGE][PASSED] - Text '12.50' is set on object 'Object Repository/RecAndPlayBk/Page-Vlink-Debit/input_Amount'

2024-05-27 19:42:59 - [TEST_STEP][PASSED] - setText(findTestObject("RecAndPlayBk/Page-Vlink-Debit/input_Check Email"), ""): Text '' is set on object 'Object Repository/RecAndPlayBk/Page-Vlink-Debit/input_Check Email'

2024-05-27 19:43:00 - [MESSAGE][PASSED] - Text '' is set on object 'Object Repository/RecAndPlayBk/Page-Vlink-Debit/input_Check Email'

2024-05-27 19:43:00 - [TEST_STEP][PASSED] - setText(findTestObject("Object Repository/RecAndPlayBk/Page-Vlink-Debit/input_concat(CheckWriter, , s SSN)_check_ssn"), ""): Text '' is set on object 'Object Repository/RecAndPlayBk/Page-Vlink-Debit/input_concat(CheckWriter, , s SSN)_check_ssn'

2024-05-27 19:43:00 - [MESSAGE][PASSED] - Text '' is set on object 'Object Repository/RecAndPlayBk/Page-Vlink-Debit/input_concat(CheckWriter, , s SSN)_check_ssn'

2024-05-27 19:43:00 - [TEST_STEP][PASSED] - setText(findTestObject("Object Repository/RecAndPlayBk/Page-Vlink-Debit/input_concat(CheckWriter, , s License Numbe_020fef"), ""): Text '' is set on object 'Object Repository/RecAndPlayBk/Page-Vlink-Debit/input_concat(CheckWriter, , s License Numbe_020fef'

2024-05-27 19:43:01 - [MESSAGE][PASSED] - Text '' is set on object 'Object Repository/RecAndPlayBk/Page-Vlink-Debit/input_concat(CheckWriter, , s License Numbe_020fef'

2024-05-27 19:43:01 - [TEST_STEP][PASSED] - setText(findTestObject("Object Repository/RecAndPlayBk/Page-Vlink-Debit/input_concat(CheckWriter, , s License State_21e3e7"), ""): Text '' is set on object 'Object Repository/RecAndPlayBk/Page-Vlink-Debit/input_concat(CheckWriter, , s License State_21e3e7'

2024-05-27 19:43:02 - [MESSAGE][PASSED] - Text '' is set on object 'Object Repository/RecAndPlayBk/Page-Vlink-Debit/input_concat(CheckWriter, , s License State_21e3e7'

2024-05-27 19:43:02 - [TEST_STEP][PASSED] - setText(findTestObject("RecAndPlayBk/Page-Vlink-Debit/input_Standard Entry Class"), sec): Text 'TEL' is set on object 'Object Repository/RecAndPlayBk/Page-Vlink-Debit/input_Standard Entry Class'

2024-05-27 19:43:03 - [MESSAGE][PASSED] - Text 'TEL' is set on object 'Object Repository/RecAndPlayBk/Page-Vlink-Debit/input_Standard Entry Class'

2024-05-27 19:43:03 - [TEST_STEP][PASSED] - click(findTestObject("Object Repository/RecAndPlayBk/Page-Vlink-Debit/input")): Object: 'Object Repository/RecAndPlayBk/Page-Vlink-Debit/input' is clicked on

2024-05-27 19:43:04 - [MESSAGE][PASSED] - Object: 'Object Repository/RecAndPlayBk/Page-Vlink-Debit/input' is clicked on

2024-05-27 19:43:04 - [TEST_STEP][PASSED] - if (verifyTextPresent("Transaction approved, no errors", true)): null

2024-05-27 19:43:04 - [MESSAGE][PASSED] - Text 'Transaction approved, no errors' is present on page  using regular expression

2024-05-27 19:43:04 - [TEST_STEP][PASSED] - println("Transaction Approved, no errors text is present on the Confirmation page"): null

2024-05-27 19:43:04 - [TEST_STEP][PASSED] - out.println("Pass Record Number: " + row): null

2024-05-27 19:43:04 - [TEST_STEP][PASSED] - resText = "Pass": null

2024-05-27 19:43:04 - [TEST_STEP][PASSED] - pages.WriteExcel.demoKey(resText, datText, resColumn, datCloumn, fileLoc, nameSheet, row): pages.WriteExcel.demoKey is PASSED

2024-05-27 19:43:04 - [MESSAGE][PASSED] - pages.WriteExcel.demoKey is PASSED

2024-05-27 19:43:04 - [TEST_STEP][PASSED] - ExecuteTC = findTestData(dataFile).getValue("Execute", row): null

2024-05-27 19:43:04 - [TEST_STEP][PASSED] - out.println("Value of Execute is : " + ExecuteTC): null

2024-05-27 19:43:04 - [TEST_STEP][PASSED] - switch (executionProfile): null

2024-05-27 19:43:04 - [TEST_STEP][PASSED] - case "DemoProfile":: null

2024-05-27 19:43:04 - [TEST_STEP][PASSED] - appID = findTestData(dataFile).getValue("AppIDDemo", row): null

2024-05-27 19:43:04 - [TEST_STEP][PASSED] - username = findTestData(dataFile).getValue("UsernameDemo", row): null

2024-05-27 19:43:04 - [TEST_STEP][PASSED] - password = findTestData(dataFile).getValue("PasswordDemo", row): null

2024-05-27 19:43:04 - [TEST_STEP][PASSED] - break: null

2024-05-27 19:43:04 - [TEST_STEP][PASSED] - if (ExecuteTC.equalsIgnoreCase("Y")): null

2024-05-27 19:43:04 - [TEST_STEP][PASSED] - out.println("Begin Record Number: " + row): null

2024-05-27 19:43:04 - [TEST_STEP][PASSED] - today = new java.util.Date(): null

2024-05-27 19:43:04 - [TEST_STEP][PASSED] - println(today): null

2024-05-27 19:43:04 - [TEST_STEP][PASSED] - datText = today: null

2024-05-27 19:43:04 - [TEST_STEP][PASSED] - checkType = findTestData(dataFile).getValue("CheckType", row): null

2024-05-27 19:43:05 - [TEST_STEP][PASSED] - acNumber = findTestData(dataFile).getValue("AcNumber", row): null

2024-05-27 19:43:05 - [TEST_STEP][PASSED] - company = findTestData(dataFile).getValue("Company", row): null

2024-05-27 19:43:05 - [TEST_STEP][PASSED] - acType = findTestData(dataFile).getValue("AcType", row): null

2024-05-27 19:43:05 - [TEST_STEP][PASSED] - rtn = findTestData(dataFile).getValue("RTN", row): null

2024-05-27 19:43:05 - [TEST_STEP][PASSED] - amount = findTestData(dataFile).getValue("Amount", row): null

2024-05-27 19:43:05 - [TEST_STEP][PASSED] - sec = findTestData(dataFile).getValue("SEC", row): null

2024-05-27 19:43:05 - [TEST_STEP][PASSED] - openBrowser(VLinkURL + "debit.html"): Browser is opened with url: 'https://dev-algorithm.govolution.com/vlinktest/demo/version_2_0/debit.html'

2024-05-27 19:43:05 - [MESSAGE][WARNING] - A browser is already opened. Closing browser and opening a new one

2024-05-27 19:43:06 - [MESSAGE][INFO] - Starting 'Chrome' driver

2024-05-27 19:43:06 - [MESSAGE][INFO] - User set preference: ['acceptInsecureCerts', 'true']

2024-05-27 19:43:06 - [MESSAGE][INFO] - Action delay is set to 0 milliseconds

2024-05-27 19:43:08 - [MESSAGE][PASSED] - Browser is opened with url: 'https://dev-algorithm.govolution.com/vlinktest/demo/version_2_0/debit.html'

2024-05-27 19:43:08 - [TEST_STEP][PASSED] - maximizeWindow(): Current window maximized

2024-05-27 19:43:08 - [MESSAGE][PASSED] - Current window maximized

2024-05-27 19:43:08 - [TEST_STEP][PASSED] - genRemID1 = random() * 99999).toInteger(): null

2024-05-27 19:43:08 - [TEST_STEP][PASSED] - genRemID2 = random() * 99999).toInteger(): null

2024-05-27 19:43:08 - [TEST_STEP][PASSED] - genRemID3 = random() * 99999).toInteger(): null

2024-05-27 19:43:08 - [TEST_STEP][PASSED] - println(genRemID1): null

2024-05-27 19:43:08 - [TEST_STEP][PASSED] - println(genRemID2): null

2024-05-27 19:43:08 - [TEST_STEP][PASSED] - println(genRemID3): null

2024-05-27 19:43:08 - [TEST_STEP][PASSED] - genRemID = genRemID1 + "|" + genRemID2 + "|" + genRemID3: null

2024-05-27 19:43:08 - [TEST_STEP][PASSED] - println(genRemID): null

2024-05-27 19:43:08 - [TEST_STEP][PASSED] - setText(findTestObject("RecAndPlayBk/Page-Vlink-Debit/input_Remittance Id"), genRemID): Text '15630|80071|47195' is set on object 'Object Repository/RecAndPlayBk/Page-Vlink-Debit/input_Remittance Id'

2024-05-27 19:43:09 - [MESSAGE][PASSED] - Text '15630|80071|47195' is set on object 'Object Repository/RecAndPlayBk/Page-Vlink-Debit/input_Remittance Id'

2024-05-27 19:43:09 - [TEST_STEP][PASSED] - setText(findTestObject("RecAndPlayBk/Page-Vlink-Debit/input_Application Id"), appID): Text '1773' is set on object 'Object Repository/RecAndPlayBk/Page-Vlink-Debit/input_Application Id'

2024-05-27 19:43:10 - [MESSAGE][PASSED] - Text '1773' is set on object 'Object Repository/RecAndPlayBk/Page-Vlink-Debit/input_Application Id'

2024-05-27 19:43:10 - [TEST_STEP][PASSED] - setText(findTestObject("RecAndPlayBk/Page-Vlink-Debit/input_Username"), username): Text 'Qq2BV1qtr' is set on object 'Object Repository/RecAndPlayBk/Page-Vlink-Debit/input_Username'

2024-05-27 19:43:10 - [MESSAGE][PASSED] - Text 'Qq2BV1qtr' is set on object 'Object Repository/RecAndPlayBk/Page-Vlink-Debit/input_Username'

2024-05-27 19:43:10 - [TEST_STEP][PASSED] - setText(findTestObject("RecAndPlayBk/Page-Vlink-Debit/input_Password"), password): Text 'tUmWBiLUx' is set on object 'Object Repository/RecAndPlayBk/Page-Vlink-Debit/input_Password'

2024-05-27 19:43:11 - [MESSAGE][PASSED] - Text 'tUmWBiLUx' is set on object 'Object Repository/RecAndPlayBk/Page-Vlink-Debit/input_Password'

2024-05-27 19:43:11 - [TEST_STEP][PASSED] - setText(findTestObject("RecAndPlayBk/Page-Vlink-Debit/input_Check Type"), checkType): Text 'P' is set on object 'Object Repository/RecAndPlayBk/Page-Vlink-Debit/input_Check Type'

2024-05-27 19:43:12 - [MESSAGE][PASSED] - Text 'P' is set on object 'Object Repository/RecAndPlayBk/Page-Vlink-Debit/input_Check Type'

2024-05-27 19:43:12 - [TEST_STEP][PASSED] - setText(findTestObject("RecAndPlayBk/Page-Vlink-Debit/input_Account_check"), acNumber): Text '58963214' is set on object 'Object Repository/RecAndPlayBk/Page-Vlink-Debit/input_Account_check'

2024-05-27 19:43:12 - [MESSAGE][PASSED] - Text '58963214' is set on object 'Object Repository/RecAndPlayBk/Page-Vlink-Debit/input_Account_check'

2024-05-27 19:43:12 - [TEST_STEP][PASSED] - setText(findTestObject("RecAndPlayBk/Page-Vlink-Debit/input_Company_check"), company): Text '' is set on object 'Object Repository/RecAndPlayBk/Page-Vlink-Debit/input_Company_check'

2024-05-27 19:43:13 - [MESSAGE][PASSED] - Text '' is set on object 'Object Repository/RecAndPlayBk/Page-Vlink-Debit/input_Company_check'

2024-05-27 19:43:13 - [TEST_STEP][PASSED] - setText(findTestObject("RecAndPlayBk/Page-Vlink-Debit/input_Account Type"), acType): Text '2' is set on object 'Object Repository/RecAndPlayBk/Page-Vlink-Debit/input_Account Type'

2024-05-27 19:43:14 - [MESSAGE][PASSED] - Text '2' is set on object 'Object Repository/RecAndPlayBk/Page-Vlink-Debit/input_Account Type'

2024-05-27 19:43:14 - [TEST_STEP][PASSED] - setText(findTestObject("RecAndPlayBk/Page-Vlink-Debit/input_Routing Number"), rtn): Text '256072691' is set on object 'Object Repository/RecAndPlayBk/Page-Vlink-Debit/input_Routing Number'

2024-05-27 19:43:15 - [MESSAGE][PASSED] - Text '256072691' is set on object 'Object Repository/RecAndPlayBk/Page-Vlink-Debit/input_Routing Number'

2024-05-27 19:43:15 - [TEST_STEP][PASSED] - setText(findTestObject("RecAndPlayBk/Page-Vlink-Debit/input_Amount"), amount): Text '12.50' is set on object 'Object Repository/RecAndPlayBk/Page-Vlink-Debit/input_Amount'

2024-05-27 19:43:15 - [MESSAGE][PASSED] - Text '12.50' is set on object 'Object Repository/RecAndPlayBk/Page-Vlink-Debit/input_Amount'

2024-05-27 19:43:15 - [TEST_STEP][PASSED] - setText(findTestObject("RecAndPlayBk/Page-Vlink-Debit/input_Check Email"), ""): Text '' is set on object 'Object Repository/RecAndPlayBk/Page-Vlink-Debit/input_Check Email'

2024-05-27 19:43:16 - [MESSAGE][PASSED] - Text '' is set on object 'Object Repository/RecAndPlayBk/Page-Vlink-Debit/input_Check Email'

2024-05-27 19:43:16 - [TEST_STEP][PASSED] - setText(findTestObject("Object Repository/RecAndPlayBk/Page-Vlink-Debit/input_concat(CheckWriter, , s SSN)_check_ssn"), ""): Text '' is set on object 'Object Repository/RecAndPlayBk/Page-Vlink-Debit/input_concat(CheckWriter, , s SSN)_check_ssn'

2024-05-27 19:43:17 - [MESSAGE][PASSED] - Text '' is set on object 'Object Repository/RecAndPlayBk/Page-Vlink-Debit/input_concat(CheckWriter, , s SSN)_check_ssn'

2024-05-27 19:43:17 - [TEST_STEP][PASSED] - setText(findTestObject("Object Repository/RecAndPlayBk/Page-Vlink-Debit/input_concat(CheckWriter, , s License Numbe_020fef"), ""): Text '' is set on object 'Object Repository/RecAndPlayBk/Page-Vlink-Debit/input_concat(CheckWriter, , s License Numbe_020fef'

2024-05-27 19:43:17 - [MESSAGE][PASSED] - Text '' is set on object 'Object Repository/RecAndPlayBk/Page-Vlink-Debit/input_concat(CheckWriter, , s License Numbe_020fef'

2024-05-27 19:43:17 - [TEST_STEP][PASSED] - setText(findTestObject("Object Repository/RecAndPlayBk/Page-Vlink-Debit/input_concat(CheckWriter, , s License State_21e3e7"), ""): Text '' is set on object 'Object Repository/RecAndPlayBk/Page-Vlink-Debit/input_concat(CheckWriter, , s License State_21e3e7'

2024-05-27 19:43:18 - [MESSAGE][PASSED] - Text '' is set on object 'Object Repository/RecAndPlayBk/Page-Vlink-Debit/input_concat(CheckWriter, , s License State_21e3e7'

2024-05-27 19:43:18 - [TEST_STEP][PASSED] - setText(findTestObject("RecAndPlayBk/Page-Vlink-Debit/input_Standard Entry Class"), sec): Text 'PPD' is set on object 'Object Repository/RecAndPlayBk/Page-Vlink-Debit/input_Standard Entry Class'

2024-05-27 19:43:19 - [MESSAGE][PASSED] - Text 'PPD' is set on object 'Object Repository/RecAndPlayBk/Page-Vlink-Debit/input_Standard Entry Class'

2024-05-27 19:43:19 - [TEST_STEP][PASSED] - click(findTestObject("Object Repository/RecAndPlayBk/Page-Vlink-Debit/input")): Object: 'Object Repository/RecAndPlayBk/Page-Vlink-Debit/input' is clicked on

2024-05-27 19:43:20 - [MESSAGE][PASSED] - Object: 'Object Repository/RecAndPlayBk/Page-Vlink-Debit/input' is clicked on

2024-05-27 19:43:20 - [TEST_STEP][PASSED] - if (verifyTextPresent("Transaction approved, no errors", true)): null

2024-05-27 19:43:20 - [MESSAGE][PASSED] - Text 'Transaction approved, no errors' is present on page  using regular expression

2024-05-27 19:43:20 - [TEST_STEP][PASSED] - println("Transaction Approved, no errors text is present on the Confirmation page"): null

2024-05-27 19:43:20 - [TEST_STEP][PASSED] - out.println("Pass Record Number: " + row): null

2024-05-27 19:43:20 - [TEST_STEP][PASSED] - resText = "Pass": null

2024-05-27 19:43:20 - [TEST_STEP][PASSED] - pages.WriteExcel.demoKey(resText, datText, resColumn, datCloumn, fileLoc, nameSheet, row): pages.WriteExcel.demoKey is PASSED

2024-05-27 19:43:20 - [MESSAGE][PASSED] - pages.WriteExcel.demoKey is PASSED

2024-05-27 19:43:20 - [TEST_STEP][PASSED] - ExecuteTC = findTestData(dataFile).getValue("Execute", row): null

2024-05-27 19:43:20 - [TEST_STEP][PASSED] - out.println("Value of Execute is : " + ExecuteTC): null

2024-05-27 19:43:20 - [TEST_STEP][PASSED] - switch (executionProfile): null

2024-05-27 19:43:20 - [TEST_STEP][PASSED] - case "DemoProfile":: null

2024-05-27 19:43:20 - [TEST_STEP][PASSED] - appID = findTestData(dataFile).getValue("AppIDDemo", row): null

2024-05-27 19:43:20 - [TEST_STEP][PASSED] - username = findTestData(dataFile).getValue("UsernameDemo", row): null

2024-05-27 19:43:20 - [TEST_STEP][PASSED] - password = findTestData(dataFile).getValue("PasswordDemo", row): null

2024-05-27 19:43:21 - [TEST_STEP][PASSED] - break: null

2024-05-27 19:43:21 - [TEST_STEP][PASSED] - if (ExecuteTC.equalsIgnoreCase("Y")): null

2024-05-27 19:43:21 - [TEST_STEP][PASSED] - out.println("Begin Record Number: " + row): null

2024-05-27 19:43:21 - [TEST_STEP][PASSED] - today = new java.util.Date(): null

2024-05-27 19:43:21 - [TEST_STEP][PASSED] - println(today): null

2024-05-27 19:43:21 - [TEST_STEP][PASSED] - datText = today: null

2024-05-27 19:43:21 - [TEST_STEP][PASSED] - checkType = findTestData(dataFile).getValue("CheckType", row): null

2024-05-27 19:43:21 - [TEST_STEP][PASSED] - acNumber = findTestData(dataFile).getValue("AcNumber", row): null

2024-05-27 19:43:21 - [TEST_STEP][PASSED] - company = findTestData(dataFile).getValue("Company", row): null

2024-05-27 19:43:21 - [TEST_STEP][PASSED] - acType = findTestData(dataFile).getValue("AcType", row): null

2024-05-27 19:43:21 - [TEST_STEP][PASSED] - rtn = findTestData(dataFile).getValue("RTN", row): null

2024-05-27 19:43:21 - [TEST_STEP][PASSED] - amount = findTestData(dataFile).getValue("Amount", row): null

2024-05-27 19:43:21 - [TEST_STEP][PASSED] - sec = findTestData(dataFile).getValue("SEC", row): null

2024-05-27 19:43:21 - [TEST_STEP][PASSED] - openBrowser(VLinkURL + "debit.html"): Browser is opened with url: 'https://dev-algorithm.govolution.com/vlinktest/demo/version_2_0/debit.html'

2024-05-27 19:43:21 - [MESSAGE][WARNING] - A browser is already opened. Closing browser and opening a new one

2024-05-27 19:43:22 - [MESSAGE][INFO] - Starting 'Chrome' driver

2024-05-27 19:43:22 - [MESSAGE][INFO] - User set preference: ['acceptInsecureCerts', 'true']

2024-05-27 19:43:22 - [MESSAGE][INFO] - Action delay is set to 0 milliseconds

2024-05-27 19:43:24 - [MESSAGE][PASSED] - Browser is opened with url: 'https://dev-algorithm.govolution.com/vlinktest/demo/version_2_0/debit.html'

2024-05-27 19:43:24 - [TEST_STEP][PASSED] - maximizeWindow(): Current window maximized

2024-05-27 19:43:24 - [MESSAGE][PASSED] - Current window maximized

2024-05-27 19:43:24 - [TEST_STEP][PASSED] - genRemID1 = random() * 99999).toInteger(): null

2024-05-27 19:43:24 - [TEST_STEP][PASSED] - genRemID2 = random() * 99999).toInteger(): null

2024-05-27 19:43:24 - [TEST_STEP][PASSED] - genRemID3 = random() * 99999).toInteger(): null

2024-05-27 19:43:24 - [TEST_STEP][PASSED] - println(genRemID1): null

2024-05-27 19:43:24 - [TEST_STEP][PASSED] - println(genRemID2): null

2024-05-27 19:43:24 - [TEST_STEP][PASSED] - println(genRemID3): null

2024-05-27 19:43:24 - [TEST_STEP][PASSED] - genRemID = genRemID1 + "|" + genRemID2 + "|" + genRemID3: null

2024-05-27 19:43:24 - [TEST_STEP][PASSED] - println(genRemID): null

2024-05-27 19:43:24 - [TEST_STEP][PASSED] - setText(findTestObject("RecAndPlayBk/Page-Vlink-Debit/input_Remittance Id"), genRemID): Text '3589|34973|80794' is set on object 'Object Repository/RecAndPlayBk/Page-Vlink-Debit/input_Remittance Id'

2024-05-27 19:43:25 - [MESSAGE][PASSED] - Text '3589|34973|80794' is set on object 'Object Repository/RecAndPlayBk/Page-Vlink-Debit/input_Remittance Id'

2024-05-27 19:43:25 - [TEST_STEP][PASSED] - setText(findTestObject("RecAndPlayBk/Page-Vlink-Debit/input_Application Id"), appID): Text '1773' is set on object 'Object Repository/RecAndPlayBk/Page-Vlink-Debit/input_Application Id'

2024-05-27 19:43:26 - [MESSAGE][PASSED] - Text '1773' is set on object 'Object Repository/RecAndPlayBk/Page-Vlink-Debit/input_Application Id'

2024-05-27 19:43:26 - [TEST_STEP][PASSED] - setText(findTestObject("RecAndPlayBk/Page-Vlink-Debit/input_Username"), username): Text 'Qq2BV1qtr' is set on object 'Object Repository/RecAndPlayBk/Page-Vlink-Debit/input_Username'

2024-05-27 19:43:27 - [MESSAGE][PASSED] - Text 'Qq2BV1qtr' is set on object 'Object Repository/RecAndPlayBk/Page-Vlink-Debit/input_Username'

2024-05-27 19:43:27 - [TEST_STEP][PASSED] - setText(findTestObject("RecAndPlayBk/Page-Vlink-Debit/input_Password"), password): Text 'tUmWBiLUx' is set on object 'Object Repository/RecAndPlayBk/Page-Vlink-Debit/input_Password'

2024-05-27 19:43:27 - [MESSAGE][PASSED] - Text 'tUmWBiLUx' is set on object 'Object Repository/RecAndPlayBk/Page-Vlink-Debit/input_Password'

2024-05-27 19:43:27 - [TEST_STEP][PASSED] - setText(findTestObject("RecAndPlayBk/Page-Vlink-Debit/input_Check Type"), checkType): Text 'C' is set on object 'Object Repository/RecAndPlayBk/Page-Vlink-Debit/input_Check Type'

2024-05-27 19:43:28 - [MESSAGE][PASSED] - Text 'C' is set on object 'Object Repository/RecAndPlayBk/Page-Vlink-Debit/input_Check Type'

2024-05-27 19:43:28 - [TEST_STEP][PASSED] - setText(findTestObject("RecAndPlayBk/Page-Vlink-Debit/input_Account_check"), acNumber): Text '58963214' is set on object 'Object Repository/RecAndPlayBk/Page-Vlink-Debit/input_Account_check'

2024-05-27 19:43:29 - [MESSAGE][PASSED] - Text '58963214' is set on object 'Object Repository/RecAndPlayBk/Page-Vlink-Debit/input_Account_check'

2024-05-27 19:43:29 - [TEST_STEP][PASSED] - setText(findTestObject("RecAndPlayBk/Page-Vlink-Debit/input_Company_check"), company): Text 'My Company' is set on object 'Object Repository/RecAndPlayBk/Page-Vlink-Debit/input_Company_check'

2024-05-27 19:43:29 - [MESSAGE][PASSED] - Text 'My Company' is set on object 'Object Repository/RecAndPlayBk/Page-Vlink-Debit/input_Company_check'

2024-05-27 19:43:29 - [TEST_STEP][PASSED] - setText(findTestObject("RecAndPlayBk/Page-Vlink-Debit/input_Account Type"), acType): Text '' is set on object 'Object Repository/RecAndPlayBk/Page-Vlink-Debit/input_Account Type'

2024-05-27 19:43:30 - [MESSAGE][PASSED] - Text '' is set on object 'Object Repository/RecAndPlayBk/Page-Vlink-Debit/input_Account Type'

2024-05-27 19:43:30 - [TEST_STEP][PASSED] - setText(findTestObject("RecAndPlayBk/Page-Vlink-Debit/input_Routing Number"), rtn): Text '256072691' is set on object 'Object Repository/RecAndPlayBk/Page-Vlink-Debit/input_Routing Number'

2024-05-27 19:43:31 - [MESSAGE][PASSED] - Text '256072691' is set on object 'Object Repository/RecAndPlayBk/Page-Vlink-Debit/input_Routing Number'

2024-05-27 19:43:31 - [TEST_STEP][PASSED] - setText(findTestObject("RecAndPlayBk/Page-Vlink-Debit/input_Amount"), amount): Text '12.50' is set on object 'Object Repository/RecAndPlayBk/Page-Vlink-Debit/input_Amount'

2024-05-27 19:43:31 - [MESSAGE][PASSED] - Text '12.50' is set on object 'Object Repository/RecAndPlayBk/Page-Vlink-Debit/input_Amount'

2024-05-27 19:43:31 - [TEST_STEP][PASSED] - setText(findTestObject("RecAndPlayBk/Page-Vlink-Debit/input_Check Email"), ""): Text '' is set on object 'Object Repository/RecAndPlayBk/Page-Vlink-Debit/input_Check Email'

2024-05-27 19:43:32 - [MESSAGE][PASSED] - Text '' is set on object 'Object Repository/RecAndPlayBk/Page-Vlink-Debit/input_Check Email'

2024-05-27 19:43:32 - [TEST_STEP][PASSED] - setText(findTestObject("Object Repository/RecAndPlayBk/Page-Vlink-Debit/input_concat(CheckWriter, , s SSN)_check_ssn"), ""): Text '' is set on object 'Object Repository/RecAndPlayBk/Page-Vlink-Debit/input_concat(CheckWriter, , s SSN)_check_ssn'

2024-05-27 19:43:33 - [MESSAGE][PASSED] - Text '' is set on object 'Object Repository/RecAndPlayBk/Page-Vlink-Debit/input_concat(CheckWriter, , s SSN)_check_ssn'

2024-05-27 19:43:33 - [TEST_STEP][PASSED] - setText(findTestObject("Object Repository/RecAndPlayBk/Page-Vlink-Debit/input_concat(CheckWriter, , s License Numbe_020fef"), ""): Text '' is set on object 'Object Repository/RecAndPlayBk/Page-Vlink-Debit/input_concat(CheckWriter, , s License Numbe_020fef'

2024-05-27 19:43:33 - [MESSAGE][PASSED] - Text '' is set on object 'Object Repository/RecAndPlayBk/Page-Vlink-Debit/input_concat(CheckWriter, , s License Numbe_020fef'

2024-05-27 19:43:33 - [TEST_STEP][PASSED] - setText(findTestObject("Object Repository/RecAndPlayBk/Page-Vlink-Debit/input_concat(CheckWriter, , s License State_21e3e7"), ""): Text '' is set on object 'Object Repository/RecAndPlayBk/Page-Vlink-Debit/input_concat(CheckWriter, , s License State_21e3e7'

2024-05-27 19:43:34 - [MESSAGE][PASSED] - Text '' is set on object 'Object Repository/RecAndPlayBk/Page-Vlink-Debit/input_concat(CheckWriter, , s License State_21e3e7'

2024-05-27 19:43:34 - [TEST_STEP][PASSED] - setText(findTestObject("RecAndPlayBk/Page-Vlink-Debit/input_Standard Entry Class"), sec): Text 'CCD' is set on object 'Object Repository/RecAndPlayBk/Page-Vlink-Debit/input_Standard Entry Class'

2024-05-27 19:43:35 - [MESSAGE][PASSED] - Text 'CCD' is set on object 'Object Repository/RecAndPlayBk/Page-Vlink-Debit/input_Standard Entry Class'

2024-05-27 19:43:35 - [TEST_STEP][PASSED] - click(findTestObject("Object Repository/RecAndPlayBk/Page-Vlink-Debit/input")): Object: 'Object Repository/RecAndPlayBk/Page-Vlink-Debit/input' is clicked on

2024-05-27 19:43:36 - [MESSAGE][PASSED] - Object: 'Object Repository/RecAndPlayBk/Page-Vlink-Debit/input' is clicked on

2024-05-27 19:43:36 - [TEST_STEP][PASSED] - if (verifyTextPresent("Transaction approved, no errors", true)): null

2024-05-27 19:43:36 - [MESSAGE][PASSED] - Text 'Transaction approved, no errors' is present on page  using regular expression

2024-05-27 19:43:36 - [TEST_STEP][PASSED] - println("Transaction Approved, no errors text is present on the Confirmation page"): null

2024-05-27 19:43:36 - [TEST_STEP][PASSED] - out.println("Pass Record Number: " + row): null

2024-05-27 19:43:36 - [TEST_STEP][PASSED] - resText = "Pass": null

2024-05-27 19:43:36 - [TEST_STEP][PASSED] - pages.WriteExcel.demoKey(resText, datText, resColumn, datCloumn, fileLoc, nameSheet, row): pages.WriteExcel.demoKey is PASSED

2024-05-27 19:43:36 - [MESSAGE][PASSED] - pages.WriteExcel.demoKey is PASSED]]></system-out>
         <system-err><![CDATA[]]></system-err>
      </testcase>
      <testcase name="Test Cases/RecAndPlayBk/VLink/Debit-Void-RemID-Pipe" time="196.427" classname="Test Cases/RecAndPlayBk/VLink/Debit-Void-RemID-Pipe" status="PASSED">
         <system-out><![CDATA[2024-05-27 19:43:36 - [TEST_CASE][PASSED] - Test Cases/RecAndPlayBk/VLink/Debit-Void-RemID-Pipe: Test Cases/RecAndPlayBk/VLink/Debit-Void-RemID-Pipe

2024-05-27 19:43:37 - [TEST_STEP][PASSED] - executionProfile = getExecutionProfile(): null

2024-05-27 19:43:37 - [TEST_STEP][PASSED] - out.println("executionProfile : " + executionProfile): null

2024-05-27 19:43:37 - [TEST_STEP][PASSED] - resText = "Fail": null

2024-05-27 19:43:37 - [TEST_STEP][PASSED] - resColumn = "Result": null

2024-05-27 19:43:37 - [TEST_STEP][PASSED] - datCloumn = "Date": null

2024-05-27 19:43:37 - [TEST_STEP][PASSED] - fileLoc = "KatalonData/VLinkSmokeDataACH.xlsx": null

2024-05-27 19:43:37 - [TEST_STEP][PASSED] - numOfRows = <not implemented yet for class: org.codehaus.groovy.ast.expr.EmptyExpression>: null

2024-05-27 19:43:37 - [TEST_STEP][PASSED] - dataFile = <not implemented yet for class: org.codehaus.groovy.ast.expr.EmptyExpression>: null

2024-05-27 19:43:37 - [TEST_STEP][PASSED] - nameSheet = <not implemented yet for class: org.codehaus.groovy.ast.expr.EmptyExpression>: null

2024-05-27 19:43:37 - [TEST_STEP][PASSED] - nameSheet = "DebitVoid-RemID-Pipe": null

2024-05-27 19:43:37 - [TEST_STEP][PASSED] - numOfRows = findTestData("QA/VLinkTestData/VLinkDebitVoidRemIDPipeData").getRowNumbers(): null

2024-05-27 19:43:37 - [TEST_STEP][PASSED] - println("Number of Records: " + numOfRows): null

2024-05-27 19:43:37 - [TEST_STEP][PASSED] - dataFile = "QA/VLinkTestData/VLinkDebitVoidRemIDPipeData": null

2024-05-27 19:43:37 - [TEST_STEP][PASSED] - for ([row = 1, row <= numOfRows, (row++)]): null

2024-05-27 19:43:37 - [TEST_STEP][PASSED] - ExecuteTC = findTestData(dataFile).getValue("Execute", row): null

2024-05-27 19:43:37 - [TEST_STEP][PASSED] - out.println("Value of Execute is : " + ExecuteTC): null

2024-05-27 19:43:37 - [TEST_STEP][PASSED] - switch (executionProfile): null

2024-05-27 19:43:37 - [TEST_STEP][PASSED] - case "DemoProfile":: null

2024-05-27 19:43:37 - [TEST_STEP][PASSED] - appID = findTestData(dataFile).getValue("AppIDDemo", row): null

2024-05-27 19:43:37 - [TEST_STEP][PASSED] - username = findTestData(dataFile).getValue("UsernameDemo", row): null

2024-05-27 19:43:37 - [TEST_STEP][PASSED] - password = findTestData(dataFile).getValue("PasswordDemo", row): null

2024-05-27 19:43:37 - [TEST_STEP][PASSED] - break: null

2024-05-27 19:43:37 - [TEST_STEP][PASSED] - if (ExecuteTC.equalsIgnoreCase("Y")): null

2024-05-27 19:43:37 - [TEST_STEP][PASSED] - out.println("Begin Record Number: " + row): null

2024-05-27 19:43:37 - [TEST_STEP][PASSED] - today = new java.util.Date(): null

2024-05-27 19:43:37 - [TEST_STEP][PASSED] - println(today): null

2024-05-27 19:43:37 - [TEST_STEP][PASSED] - datText = today: null

2024-05-27 19:43:37 - [TEST_STEP][PASSED] - checkType = findTestData(dataFile).getValue("CheckType", row): null

2024-05-27 19:43:37 - [TEST_STEP][PASSED] - acNumber = findTestData(dataFile).getValue("AcNumber", row): null

2024-05-27 19:43:37 - [TEST_STEP][PASSED] - company = findTestData(dataFile).getValue("Company", row): null

2024-05-27 19:43:37 - [TEST_STEP][PASSED] - acType = findTestData(dataFile).getValue("AcType", row): null

2024-05-27 19:43:38 - [TEST_STEP][PASSED] - rtn = findTestData(dataFile).getValue("RTN", row): null

2024-05-27 19:43:38 - [TEST_STEP][PASSED] - amount = findTestData(dataFile).getValue("Amount", row): null

2024-05-27 19:43:38 - [TEST_STEP][PASSED] - sec = findTestData(dataFile).getValue("SEC", row): null

2024-05-27 19:43:38 - [TEST_STEP][PASSED] - openBrowser(VLinkURL + "debit.html"): Browser is opened with url: 'https://dev-algorithm.govolution.com/vlinktest/demo/version_2_0/debit.html'

2024-05-27 19:43:38 - [MESSAGE][WARNING] - A browser is already opened. Closing browser and opening a new one

2024-05-27 19:43:39 - [MESSAGE][INFO] - Starting 'Chrome' driver

2024-05-27 19:43:39 - [MESSAGE][INFO] - User set preference: ['acceptInsecureCerts', 'true']

2024-05-27 19:43:39 - [MESSAGE][INFO] - Action delay is set to 0 milliseconds

2024-05-27 19:43:41 - [MESSAGE][PASSED] - Browser is opened with url: 'https://dev-algorithm.govolution.com/vlinktest/demo/version_2_0/debit.html'

2024-05-27 19:43:41 - [TEST_STEP][PASSED] - maximizeWindow(): Current window maximized

2024-05-27 19:43:41 - [MESSAGE][PASSED] - Current window maximized

2024-05-27 19:43:41 - [TEST_STEP][PASSED] - genRemID1 = random() * 99999).toInteger(): null

2024-05-27 19:43:41 - [TEST_STEP][PASSED] - genRemID2 = random() * 99999).toInteger(): null

2024-05-27 19:43:41 - [TEST_STEP][PASSED] - genRemID3 = random() * 99999).toInteger(): null

2024-05-27 19:43:41 - [TEST_STEP][PASSED] - println(genRemID1): null

2024-05-27 19:43:41 - [TEST_STEP][PASSED] - println(genRemID2): null

2024-05-27 19:43:41 - [TEST_STEP][PASSED] - println(genRemID3): null

2024-05-27 19:43:41 - [TEST_STEP][PASSED] - genRemID = genRemID1 + "|" + genRemID2 + "|" + genRemID3: null

2024-05-27 19:43:41 - [TEST_STEP][PASSED] - println(genRemID): null

2024-05-27 19:43:41 - [TEST_STEP][PASSED] - setText(findTestObject("RecAndPlayBk/Page-Vlink-Debit/input_Remittance Id"), genRemID): Text '5137|36993|34280' is set on object 'Object Repository/RecAndPlayBk/Page-Vlink-Debit/input_Remittance Id'

2024-05-27 19:43:42 - [MESSAGE][PASSED] - Text '5137|36993|34280' is set on object 'Object Repository/RecAndPlayBk/Page-Vlink-Debit/input_Remittance Id'

2024-05-27 19:43:42 - [TEST_STEP][PASSED] - setText(findTestObject("RecAndPlayBk/Page-Vlink-Debit/input_Application Id"), appID): Text '1773' is set on object 'Object Repository/RecAndPlayBk/Page-Vlink-Debit/input_Application Id'

2024-05-27 19:43:43 - [MESSAGE][PASSED] - Text '1773' is set on object 'Object Repository/RecAndPlayBk/Page-Vlink-Debit/input_Application Id'

2024-05-27 19:43:43 - [TEST_STEP][PASSED] - setText(findTestObject("RecAndPlayBk/Page-Vlink-Debit/input_Username"), username): Text 'Qq2BV1qtr' is set on object 'Object Repository/RecAndPlayBk/Page-Vlink-Debit/input_Username'

2024-05-27 19:43:43 - [MESSAGE][PASSED] - Text 'Qq2BV1qtr' is set on object 'Object Repository/RecAndPlayBk/Page-Vlink-Debit/input_Username'

2024-05-27 19:43:43 - [TEST_STEP][PASSED] - setText(findTestObject("RecAndPlayBk/Page-Vlink-Debit/input_Password"), password): Text 'tUmWBiLUx' is set on object 'Object Repository/RecAndPlayBk/Page-Vlink-Debit/input_Password'

2024-05-27 19:43:44 - [MESSAGE][PASSED] - Text 'tUmWBiLUx' is set on object 'Object Repository/RecAndPlayBk/Page-Vlink-Debit/input_Password'

2024-05-27 19:43:44 - [TEST_STEP][PASSED] - setText(findTestObject("RecAndPlayBk/Page-Vlink-Debit/input_Check Type"), checkType): Text 'P' is set on object 'Object Repository/RecAndPlayBk/Page-Vlink-Debit/input_Check Type'

2024-05-27 19:43:45 - [MESSAGE][PASSED] - Text 'P' is set on object 'Object Repository/RecAndPlayBk/Page-Vlink-Debit/input_Check Type'

2024-05-27 19:43:45 - [TEST_STEP][PASSED] - setText(findTestObject("RecAndPlayBk/Page-Vlink-Debit/input_Account_check"), acNumber): Text '58963214' is set on object 'Object Repository/RecAndPlayBk/Page-Vlink-Debit/input_Account_check'

2024-05-27 19:43:45 - [MESSAGE][PASSED] - Text '58963214' is set on object 'Object Repository/RecAndPlayBk/Page-Vlink-Debit/input_Account_check'

2024-05-27 19:43:45 - [TEST_STEP][PASSED] - setText(findTestObject("RecAndPlayBk/Page-Vlink-Debit/input_Company_check"), company): Text '' is set on object 'Object Repository/RecAndPlayBk/Page-Vlink-Debit/input_Company_check'

2024-05-27 19:43:46 - [MESSAGE][PASSED] - Text '' is set on object 'Object Repository/RecAndPlayBk/Page-Vlink-Debit/input_Company_check'

2024-05-27 19:43:46 - [TEST_STEP][PASSED] - setText(findTestObject("RecAndPlayBk/Page-Vlink-Debit/input_Account Type"), acType): Text '1' is set on object 'Object Repository/RecAndPlayBk/Page-Vlink-Debit/input_Account Type'

2024-05-27 19:43:47 - [MESSAGE][PASSED] - Text '1' is set on object 'Object Repository/RecAndPlayBk/Page-Vlink-Debit/input_Account Type'

2024-05-27 19:43:47 - [TEST_STEP][PASSED] - setText(findTestObject("RecAndPlayBk/Page-Vlink-Debit/input_Routing Number"), rtn): Text '256072691' is set on object 'Object Repository/RecAndPlayBk/Page-Vlink-Debit/input_Routing Number'

2024-05-27 19:43:47 - [MESSAGE][PASSED] - Text '256072691' is set on object 'Object Repository/RecAndPlayBk/Page-Vlink-Debit/input_Routing Number'

2024-05-27 19:43:47 - [TEST_STEP][PASSED] - setText(findTestObject("RecAndPlayBk/Page-Vlink-Debit/input_Amount"), amount): Text '12.50' is set on object 'Object Repository/RecAndPlayBk/Page-Vlink-Debit/input_Amount'

2024-05-27 19:43:48 - [MESSAGE][PASSED] - Text '12.50' is set on object 'Object Repository/RecAndPlayBk/Page-Vlink-Debit/input_Amount'

2024-05-27 19:43:48 - [TEST_STEP][PASSED] - setText(findTestObject("RecAndPlayBk/Page-Vlink-Debit/input_Check Email"), ""): Text '' is set on object 'Object Repository/RecAndPlayBk/Page-Vlink-Debit/input_Check Email'

2024-05-27 19:43:49 - [MESSAGE][PASSED] - Text '' is set on object 'Object Repository/RecAndPlayBk/Page-Vlink-Debit/input_Check Email'

2024-05-27 19:43:49 - [TEST_STEP][PASSED] - setText(findTestObject("Object Repository/RecAndPlayBk/Page-Vlink-Debit/input_concat(CheckWriter, , s SSN)_check_ssn"), ""): Text '' is set on object 'Object Repository/RecAndPlayBk/Page-Vlink-Debit/input_concat(CheckWriter, , s SSN)_check_ssn'

2024-05-27 19:43:49 - [MESSAGE][PASSED] - Text '' is set on object 'Object Repository/RecAndPlayBk/Page-Vlink-Debit/input_concat(CheckWriter, , s SSN)_check_ssn'

2024-05-27 19:43:49 - [TEST_STEP][PASSED] - setText(findTestObject("Object Repository/RecAndPlayBk/Page-Vlink-Debit/input_concat(CheckWriter, , s License Numbe_020fef"), ""): Text '' is set on object 'Object Repository/RecAndPlayBk/Page-Vlink-Debit/input_concat(CheckWriter, , s License Numbe_020fef'

2024-05-27 19:43:50 - [MESSAGE][PASSED] - Text '' is set on object 'Object Repository/RecAndPlayBk/Page-Vlink-Debit/input_concat(CheckWriter, , s License Numbe_020fef'

2024-05-27 19:43:50 - [TEST_STEP][PASSED] - setText(findTestObject("Object Repository/RecAndPlayBk/Page-Vlink-Debit/input_concat(CheckWriter, , s License State_21e3e7"), ""): Text '' is set on object 'Object Repository/RecAndPlayBk/Page-Vlink-Debit/input_concat(CheckWriter, , s License State_21e3e7'

2024-05-27 19:43:51 - [MESSAGE][PASSED] - Text '' is set on object 'Object Repository/RecAndPlayBk/Page-Vlink-Debit/input_concat(CheckWriter, , s License State_21e3e7'

2024-05-27 19:43:51 - [TEST_STEP][PASSED] - setText(findTestObject("RecAndPlayBk/Page-Vlink-Debit/input_Standard Entry Class"), sec): Text 'WEB' is set on object 'Object Repository/RecAndPlayBk/Page-Vlink-Debit/input_Standard Entry Class'

2024-05-27 19:43:52 - [MESSAGE][PASSED] - Text 'WEB' is set on object 'Object Repository/RecAndPlayBk/Page-Vlink-Debit/input_Standard Entry Class'

2024-05-27 19:43:52 - [TEST_STEP][PASSED] - click(findTestObject("Object Repository/RecAndPlayBk/Page-Vlink-Debit/input")): Object: 'Object Repository/RecAndPlayBk/Page-Vlink-Debit/input' is clicked on

2024-05-27 19:43:53 - [MESSAGE][PASSED] - Object: 'Object Repository/RecAndPlayBk/Page-Vlink-Debit/input' is clicked on

2024-05-27 19:43:53 - [TEST_STEP][PASSED] - if (verifyTextPresent("Transaction approved, no errors", true)): null

2024-05-27 19:43:53 - [MESSAGE][PASSED] - Text 'Transaction approved, no errors' is present on page  using regular expression

2024-05-27 19:43:53 - [TEST_STEP][PASSED] - println("Transaction Approved, no errors text is present on the Confirmation page"): null

2024-05-27 19:43:53 - [TEST_STEP][PASSED] - sdfo = getText(findTestObject("Object Repository/Page_VLinkReceipt/pre_STX")): Text of object 'Object Repository/Page_VLinkReceipt/pre_STX' is: '<STX>5137|36993|34280              2967912             0  Transaction approved, no errors                   0                                                                                                              <ETX>'

2024-05-27 19:43:54 - [MESSAGE][PASSED] - Text of object 'Object Repository/Page_VLinkReceipt/pre_STX' is: '<STX>5137|36993|34280              2967912             0  Transaction approved, no errors                   0                                                                                                              <ETX>'

2024-05-27 19:43:54 - [TEST_STEP][PASSED] - out.println("sdfo: " + sdfo): null

2024-05-27 19:43:54 - [TEST_STEP][PASSED] - remID = substring(5, 35).trim(): null

2024-05-27 19:43:54 - [TEST_STEP][PASSED] - out.println("remID: " + remID): null

2024-05-27 19:43:54 - [TEST_STEP][PASSED] - traxID = substring(35, 55).trim(): null

2024-05-27 19:43:54 - [TEST_STEP][PASSED] - out.println("traxID: " + traxID): null

2024-05-27 19:43:54 - [TEST_STEP][PASSED] - VLinkSaleRemID = remID: null

2024-05-27 19:43:54 - [TEST_STEP][PASSED] - VLinkSaleTranxID = traxID: null

2024-05-27 19:43:54 - [TEST_STEP][PASSED] - openBrowser(VLinkURL + "ACH_void.html"): Browser is opened with url: 'https://dev-algorithm.govolution.com/vlinktest/demo/version_2_0/ACH_void.html'

2024-05-27 19:43:54 - [MESSAGE][WARNING] - A browser is already opened. Closing browser and opening a new one

2024-05-27 19:43:55 - [MESSAGE][INFO] - Starting 'Chrome' driver

2024-05-27 19:43:55 - [MESSAGE][INFO] - User set preference: ['acceptInsecureCerts', 'true']

2024-05-27 19:43:55 - [MESSAGE][INFO] - Action delay is set to 0 milliseconds

2024-05-27 19:43:57 - [MESSAGE][PASSED] - Browser is opened with url: 'https://dev-algorithm.govolution.com/vlinktest/demo/version_2_0/ACH_void.html'

2024-05-27 19:43:57 - [TEST_STEP][PASSED] - maximizeWindow(): Current window maximized

2024-05-27 19:43:57 - [MESSAGE][PASSED] - Current window maximized

2024-05-27 19:43:57 - [TEST_STEP][PASSED] - setText(findTestObject("Object Repository/RecAndPlayBk/Page-Vlink-ACH-Void/input_Remittance Id"), VLinkSaleRemID): Text '5137|36993|34280' is set on object 'Object Repository/RecAndPlayBk/Page-Vlink-ACH-Void/input_Remittance Id'

2024-05-27 19:43:58 - [MESSAGE][PASSED] - Text '5137|36993|34280' is set on object 'Object Repository/RecAndPlayBk/Page-Vlink-ACH-Void/input_Remittance Id'

2024-05-27 19:43:58 - [TEST_STEP][PASSED] - setText(findTestObject("Object Repository/RecAndPlayBk/Page-Vlink-ACH-Void/input_Application Id"), appID): Text '1773' is set on object 'Object Repository/RecAndPlayBk/Page-Vlink-ACH-Void/input_Application Id'

2024-05-27 19:43:58 - [MESSAGE][PASSED] - Text '1773' is set on object 'Object Repository/RecAndPlayBk/Page-Vlink-ACH-Void/input_Application Id'

2024-05-27 19:43:58 - [TEST_STEP][PASSED] - setText(findTestObject("Object Repository/RecAndPlayBk/Page-Vlink-ACH-Void/input_Username"), username): Text 'Qq2BV1qtr' is set on object 'Object Repository/RecAndPlayBk/Page-Vlink-ACH-Void/input_Username'

2024-05-27 19:43:59 - [MESSAGE][PASSED] - Text 'Qq2BV1qtr' is set on object 'Object Repository/RecAndPlayBk/Page-Vlink-ACH-Void/input_Username'

2024-05-27 19:43:59 - [TEST_STEP][PASSED] - setText(findTestObject("Object Repository/RecAndPlayBk/Page-Vlink-ACH-Void/input_Password"), password): Text 'tUmWBiLUx' is set on object 'Object Repository/RecAndPlayBk/Page-Vlink-ACH-Void/input_Password'

2024-05-27 19:44:00 - [MESSAGE][PASSED] - Text 'tUmWBiLUx' is set on object 'Object Repository/RecAndPlayBk/Page-Vlink-ACH-Void/input_Password'

2024-05-27 19:44:00 - [TEST_STEP][PASSED] - setText(findTestObject("Object Repository/RecAndPlayBk/Page-Vlink-ACH-Void/input_Check Type"), checkType): Text 'P' is set on object 'Object Repository/RecAndPlayBk/Page-Vlink-ACH-Void/input_Check Type'

2024-05-27 19:44:01 - [MESSAGE][PASSED] - Text 'P' is set on object 'Object Repository/RecAndPlayBk/Page-Vlink-ACH-Void/input_Check Type'

2024-05-27 19:44:01 - [TEST_STEP][PASSED] - setText(findTestObject("Object Repository/RecAndPlayBk/Page-Vlink-ACH-Void/input_Standard Entry Class"), sec): Text 'WEB' is set on object 'Object Repository/RecAndPlayBk/Page-Vlink-ACH-Void/input_Standard Entry Class'

2024-05-27 19:44:01 - [MESSAGE][PASSED] - Text 'WEB' is set on object 'Object Repository/RecAndPlayBk/Page-Vlink-ACH-Void/input_Standard Entry Class'

2024-05-27 19:44:01 - [TEST_STEP][PASSED] - setText(findTestObject("Object Repository/RecAndPlayBk/Page-Vlink-ACH-Void/input_Transaction ID"), VLinkSaleTranxID): Text '2967912' is set on object 'Object Repository/RecAndPlayBk/Page-Vlink-ACH-Void/input_Transaction ID'

2024-05-27 19:44:02 - [MESSAGE][PASSED] - Text '2967912' is set on object 'Object Repository/RecAndPlayBk/Page-Vlink-ACH-Void/input_Transaction ID'

2024-05-27 19:44:02 - [TEST_STEP][PASSED] - setText(findTestObject("Object Repository/RecAndPlayBk/Page-Vlink-ACH-Void/input_Original Transaction Type"), "200"): Text '200' is set on object 'Object Repository/RecAndPlayBk/Page-Vlink-ACH-Void/input_Original Transaction Type'

2024-05-27 19:44:03 - [MESSAGE][PASSED] - Text '200' is set on object 'Object Repository/RecAndPlayBk/Page-Vlink-ACH-Void/input_Original Transaction Type'

2024-05-27 19:44:03 - [TEST_STEP][PASSED] - click(findTestObject("Object Repository/RecAndPlayBk/Page-Vlink-ACH-Void/input")): Object: 'Object Repository/RecAndPlayBk/Page-Vlink-ACH-Void/input' is clicked on

2024-05-27 19:44:04 - [MESSAGE][PASSED] - Object: 'Object Repository/RecAndPlayBk/Page-Vlink-ACH-Void/input' is clicked on

2024-05-27 19:44:04 - [TEST_STEP][PASSED] - if (verifyTextPresent("Transaction approved, no errors", true)): null

2024-05-27 19:44:04 - [MESSAGE][PASSED] - Text 'Transaction approved, no errors' is present on page  using regular expression

2024-05-27 19:44:04 - [TEST_STEP][PASSED] - println("Transaction Approved, no errors text is present on the Confirmation page"): null

2024-05-27 19:44:04 - [TEST_STEP][PASSED] - out.println("Pass Record Number: " + row): null

2024-05-27 19:44:04 - [TEST_STEP][PASSED] - resText = "Pass": null

2024-05-27 19:44:04 - [TEST_STEP][PASSED] - pages.WriteExcel.demoKey(resText, datText, resColumn, datCloumn, fileLoc, nameSheet, row): pages.WriteExcel.demoKey is PASSED

2024-05-27 19:44:04 - [MESSAGE][PASSED] - pages.WriteExcel.demoKey is PASSED

2024-05-27 19:44:04 - [TEST_STEP][PASSED] - ExecuteTC = findTestData(dataFile).getValue("Execute", row): null

2024-05-27 19:44:04 - [TEST_STEP][PASSED] - out.println("Value of Execute is : " + ExecuteTC): null

2024-05-27 19:44:04 - [TEST_STEP][PASSED] - switch (executionProfile): null

2024-05-27 19:44:04 - [TEST_STEP][PASSED] - case "DemoProfile":: null

2024-05-27 19:44:04 - [TEST_STEP][PASSED] - appID = findTestData(dataFile).getValue("AppIDDemo", row): null

2024-05-27 19:44:04 - [TEST_STEP][PASSED] - username = findTestData(dataFile).getValue("UsernameDemo", row): null

2024-05-27 19:44:04 - [TEST_STEP][PASSED] - password = findTestData(dataFile).getValue("PasswordDemo", row): null

2024-05-27 19:44:04 - [TEST_STEP][PASSED] - break: null

2024-05-27 19:44:04 - [TEST_STEP][PASSED] - if (ExecuteTC.equalsIgnoreCase("Y")): null

2024-05-27 19:44:04 - [TEST_STEP][PASSED] - out.println("Begin Record Number: " + row): null

2024-05-27 19:44:04 - [TEST_STEP][PASSED] - today = new java.util.Date(): null

2024-05-27 19:44:04 - [TEST_STEP][PASSED] - println(today): null

2024-05-27 19:44:04 - [TEST_STEP][PASSED] - datText = today: null

2024-05-27 19:44:04 - [TEST_STEP][PASSED] - checkType = findTestData(dataFile).getValue("CheckType", row): null

2024-05-27 19:44:04 - [TEST_STEP][PASSED] - acNumber = findTestData(dataFile).getValue("AcNumber", row): null

2024-05-27 19:44:04 - [TEST_STEP][PASSED] - company = findTestData(dataFile).getValue("Company", row): null

2024-05-27 19:44:05 - [TEST_STEP][PASSED] - acType = findTestData(dataFile).getValue("AcType", row): null

2024-05-27 19:44:05 - [TEST_STEP][PASSED] - rtn = findTestData(dataFile).getValue("RTN", row): null

2024-05-27 19:44:05 - [TEST_STEP][PASSED] - amount = findTestData(dataFile).getValue("Amount", row): null

2024-05-27 19:44:05 - [TEST_STEP][PASSED] - sec = findTestData(dataFile).getValue("SEC", row): null

2024-05-27 19:44:05 - [TEST_STEP][PASSED] - openBrowser(VLinkURL + "debit.html"): Browser is opened with url: 'https://dev-algorithm.govolution.com/vlinktest/demo/version_2_0/debit.html'

2024-05-27 19:44:05 - [MESSAGE][WARNING] - A browser is already opened. Closing browser and opening a new one

2024-05-27 19:44:06 - [MESSAGE][INFO] - Starting 'Chrome' driver

2024-05-27 19:44:06 - [MESSAGE][INFO] - User set preference: ['acceptInsecureCerts', 'true']

2024-05-27 19:44:06 - [MESSAGE][INFO] - Action delay is set to 0 milliseconds

2024-05-27 19:44:08 - [MESSAGE][PASSED] - Browser is opened with url: 'https://dev-algorithm.govolution.com/vlinktest/demo/version_2_0/debit.html'

2024-05-27 19:44:08 - [TEST_STEP][PASSED] - maximizeWindow(): Current window maximized

2024-05-27 19:44:08 - [MESSAGE][PASSED] - Current window maximized

2024-05-27 19:44:08 - [TEST_STEP][PASSED] - genRemID1 = random() * 99999).toInteger(): null

2024-05-27 19:44:08 - [TEST_STEP][PASSED] - genRemID2 = random() * 99999).toInteger(): null

2024-05-27 19:44:08 - [TEST_STEP][PASSED] - genRemID3 = random() * 99999).toInteger(): null

2024-05-27 19:44:08 - [TEST_STEP][PASSED] - println(genRemID1): null

2024-05-27 19:44:08 - [TEST_STEP][PASSED] - println(genRemID2): null

2024-05-27 19:44:08 - [TEST_STEP][PASSED] - println(genRemID3): null

2024-05-27 19:44:08 - [TEST_STEP][PASSED] - genRemID = genRemID1 + "|" + genRemID2 + "|" + genRemID3: null

2024-05-27 19:44:08 - [TEST_STEP][PASSED] - println(genRemID): null

2024-05-27 19:44:08 - [TEST_STEP][PASSED] - setText(findTestObject("RecAndPlayBk/Page-Vlink-Debit/input_Remittance Id"), genRemID): Text '91972|10240|50041' is set on object 'Object Repository/RecAndPlayBk/Page-Vlink-Debit/input_Remittance Id'

2024-05-27 19:44:09 - [MESSAGE][PASSED] - Text '91972|10240|50041' is set on object 'Object Repository/RecAndPlayBk/Page-Vlink-Debit/input_Remittance Id'

2024-05-27 19:44:09 - [TEST_STEP][PASSED] - setText(findTestObject("RecAndPlayBk/Page-Vlink-Debit/input_Application Id"), appID): Text '1773' is set on object 'Object Repository/RecAndPlayBk/Page-Vlink-Debit/input_Application Id'

2024-05-27 19:44:10 - [MESSAGE][PASSED] - Text '1773' is set on object 'Object Repository/RecAndPlayBk/Page-Vlink-Debit/input_Application Id'

2024-05-27 19:44:10 - [TEST_STEP][PASSED] - setText(findTestObject("RecAndPlayBk/Page-Vlink-Debit/input_Username"), username): Text 'Qq2BV1qtr' is set on object 'Object Repository/RecAndPlayBk/Page-Vlink-Debit/input_Username'

2024-05-27 19:44:10 - [MESSAGE][PASSED] - Text 'Qq2BV1qtr' is set on object 'Object Repository/RecAndPlayBk/Page-Vlink-Debit/input_Username'

2024-05-27 19:44:10 - [TEST_STEP][PASSED] - setText(findTestObject("RecAndPlayBk/Page-Vlink-Debit/input_Password"), password): Text 'tUmWBiLUx' is set on object 'Object Repository/RecAndPlayBk/Page-Vlink-Debit/input_Password'

2024-05-27 19:44:11 - [MESSAGE][PASSED] - Text 'tUmWBiLUx' is set on object 'Object Repository/RecAndPlayBk/Page-Vlink-Debit/input_Password'

2024-05-27 19:44:11 - [TEST_STEP][PASSED] - setText(findTestObject("RecAndPlayBk/Page-Vlink-Debit/input_Check Type"), checkType): Text 'P' is set on object 'Object Repository/RecAndPlayBk/Page-Vlink-Debit/input_Check Type'

2024-05-27 19:44:12 - [MESSAGE][PASSED] - Text 'P' is set on object 'Object Repository/RecAndPlayBk/Page-Vlink-Debit/input_Check Type'

2024-05-27 19:44:12 - [TEST_STEP][PASSED] - setText(findTestObject("RecAndPlayBk/Page-Vlink-Debit/input_Account_check"), acNumber): Text '58963214' is set on object 'Object Repository/RecAndPlayBk/Page-Vlink-Debit/input_Account_check'

2024-05-27 19:44:13 - [MESSAGE][PASSED] - Text '58963214' is set on object 'Object Repository/RecAndPlayBk/Page-Vlink-Debit/input_Account_check'

2024-05-27 19:44:13 - [TEST_STEP][PASSED] - setText(findTestObject("RecAndPlayBk/Page-Vlink-Debit/input_Company_check"), company): Text '' is set on object 'Object Repository/RecAndPlayBk/Page-Vlink-Debit/input_Company_check'

2024-05-27 19:44:13 - [MESSAGE][PASSED] - Text '' is set on object 'Object Repository/RecAndPlayBk/Page-Vlink-Debit/input_Company_check'

2024-05-27 19:44:13 - [TEST_STEP][PASSED] - setText(findTestObject("RecAndPlayBk/Page-Vlink-Debit/input_Account Type"), acType): Text '1' is set on object 'Object Repository/RecAndPlayBk/Page-Vlink-Debit/input_Account Type'

2024-05-27 19:44:14 - [MESSAGE][PASSED] - Text '1' is set on object 'Object Repository/RecAndPlayBk/Page-Vlink-Debit/input_Account Type'

2024-05-27 19:44:14 - [TEST_STEP][PASSED] - setText(findTestObject("RecAndPlayBk/Page-Vlink-Debit/input_Routing Number"), rtn): Text '256072691' is set on object 'Object Repository/RecAndPlayBk/Page-Vlink-Debit/input_Routing Number'

2024-05-27 19:44:15 - [MESSAGE][PASSED] - Text '256072691' is set on object 'Object Repository/RecAndPlayBk/Page-Vlink-Debit/input_Routing Number'

2024-05-27 19:44:15 - [TEST_STEP][PASSED] - setText(findTestObject("RecAndPlayBk/Page-Vlink-Debit/input_Amount"), amount): Text '12.50' is set on object 'Object Repository/RecAndPlayBk/Page-Vlink-Debit/input_Amount'

2024-05-27 19:44:15 - [MESSAGE][PASSED] - Text '12.50' is set on object 'Object Repository/RecAndPlayBk/Page-Vlink-Debit/input_Amount'

2024-05-27 19:44:15 - [TEST_STEP][PASSED] - setText(findTestObject("RecAndPlayBk/Page-Vlink-Debit/input_Check Email"), ""): Text '' is set on object 'Object Repository/RecAndPlayBk/Page-Vlink-Debit/input_Check Email'

2024-05-27 19:44:16 - [MESSAGE][PASSED] - Text '' is set on object 'Object Repository/RecAndPlayBk/Page-Vlink-Debit/input_Check Email'

2024-05-27 19:44:16 - [TEST_STEP][PASSED] - setText(findTestObject("Object Repository/RecAndPlayBk/Page-Vlink-Debit/input_concat(CheckWriter, , s SSN)_check_ssn"), ""): Text '' is set on object 'Object Repository/RecAndPlayBk/Page-Vlink-Debit/input_concat(CheckWriter, , s SSN)_check_ssn'

2024-05-27 19:44:17 - [MESSAGE][PASSED] - Text '' is set on object 'Object Repository/RecAndPlayBk/Page-Vlink-Debit/input_concat(CheckWriter, , s SSN)_check_ssn'

2024-05-27 19:44:17 - [TEST_STEP][PASSED] - setText(findTestObject("Object Repository/RecAndPlayBk/Page-Vlink-Debit/input_concat(CheckWriter, , s License Numbe_020fef"), ""): Text '' is set on object 'Object Repository/RecAndPlayBk/Page-Vlink-Debit/input_concat(CheckWriter, , s License Numbe_020fef'

2024-05-27 19:44:17 - [MESSAGE][PASSED] - Text '' is set on object 'Object Repository/RecAndPlayBk/Page-Vlink-Debit/input_concat(CheckWriter, , s License Numbe_020fef'

2024-05-27 19:44:17 - [TEST_STEP][PASSED] - setText(findTestObject("Object Repository/RecAndPlayBk/Page-Vlink-Debit/input_concat(CheckWriter, , s License State_21e3e7"), ""): Text '' is set on object 'Object Repository/RecAndPlayBk/Page-Vlink-Debit/input_concat(CheckWriter, , s License State_21e3e7'

2024-05-27 19:44:18 - [MESSAGE][PASSED] - Text '' is set on object 'Object Repository/RecAndPlayBk/Page-Vlink-Debit/input_concat(CheckWriter, , s License State_21e3e7'

2024-05-27 19:44:18 - [TEST_STEP][PASSED] - setText(findTestObject("RecAndPlayBk/Page-Vlink-Debit/input_Standard Entry Class"), sec): Text 'TEL' is set on object 'Object Repository/RecAndPlayBk/Page-Vlink-Debit/input_Standard Entry Class'

2024-05-27 19:44:19 - [MESSAGE][PASSED] - Text 'TEL' is set on object 'Object Repository/RecAndPlayBk/Page-Vlink-Debit/input_Standard Entry Class'

2024-05-27 19:44:19 - [TEST_STEP][PASSED] - click(findTestObject("Object Repository/RecAndPlayBk/Page-Vlink-Debit/input")): Object: 'Object Repository/RecAndPlayBk/Page-Vlink-Debit/input' is clicked on

2024-05-27 19:44:20 - [MESSAGE][PASSED] - Object: 'Object Repository/RecAndPlayBk/Page-Vlink-Debit/input' is clicked on

2024-05-27 19:44:20 - [TEST_STEP][PASSED] - if (verifyTextPresent("Transaction approved, no errors", true)): null

2024-05-27 19:44:20 - [MESSAGE][PASSED] - Text 'Transaction approved, no errors' is present on page  using regular expression

2024-05-27 19:44:20 - [TEST_STEP][PASSED] - println("Transaction Approved, no errors text is present on the Confirmation page"): null

2024-05-27 19:44:20 - [TEST_STEP][PASSED] - sdfo = getText(findTestObject("Object Repository/Page_VLinkReceipt/pre_STX")): Text of object 'Object Repository/Page_VLinkReceipt/pre_STX' is: '<STX>91972|10240|50041             2967914             0  Transaction approved, no errors                   0                                                                                                              <ETX>'

2024-05-27 19:44:20 - [MESSAGE][PASSED] - Text of object 'Object Repository/Page_VLinkReceipt/pre_STX' is: '<STX>91972|10240|50041             2967914             0  Transaction approved, no errors                   0                                                                                                              <ETX>'

2024-05-27 19:44:20 - [TEST_STEP][PASSED] - out.println("sdfo: " + sdfo): null

2024-05-27 19:44:20 - [TEST_STEP][PASSED] - remID = substring(5, 35).trim(): null

2024-05-27 19:44:20 - [TEST_STEP][PASSED] - out.println("remID: " + remID): null

2024-05-27 19:44:20 - [TEST_STEP][PASSED] - traxID = substring(35, 55).trim(): null

2024-05-27 19:44:20 - [TEST_STEP][PASSED] - out.println("traxID: " + traxID): null

2024-05-27 19:44:20 - [TEST_STEP][PASSED] - VLinkSaleRemID = remID: null

2024-05-27 19:44:20 - [TEST_STEP][PASSED] - VLinkSaleTranxID = traxID: null

2024-05-27 19:44:20 - [TEST_STEP][PASSED] - openBrowser(VLinkURL + "ACH_void.html"): Browser is opened with url: 'https://dev-algorithm.govolution.com/vlinktest/demo/version_2_0/ACH_void.html'

2024-05-27 19:44:20 - [MESSAGE][WARNING] - A browser is already opened. Closing browser and opening a new one

2024-05-27 19:44:22 - [MESSAGE][INFO] - Starting 'Chrome' driver

2024-05-27 19:44:22 - [MESSAGE][INFO] - User set preference: ['acceptInsecureCerts', 'true']

2024-05-27 19:44:22 - [MESSAGE][INFO] - Action delay is set to 0 milliseconds

2024-05-27 19:44:24 - [MESSAGE][PASSED] - Browser is opened with url: 'https://dev-algorithm.govolution.com/vlinktest/demo/version_2_0/ACH_void.html'

2024-05-27 19:44:24 - [TEST_STEP][PASSED] - maximizeWindow(): Current window maximized

2024-05-27 19:44:24 - [MESSAGE][PASSED] - Current window maximized

2024-05-27 19:44:24 - [TEST_STEP][PASSED] - setText(findTestObject("Object Repository/RecAndPlayBk/Page-Vlink-ACH-Void/input_Remittance Id"), VLinkSaleRemID): Text '91972|10240|50041' is set on object 'Object Repository/RecAndPlayBk/Page-Vlink-ACH-Void/input_Remittance Id'

2024-05-27 19:44:25 - [MESSAGE][PASSED] - Text '91972|10240|50041' is set on object 'Object Repository/RecAndPlayBk/Page-Vlink-ACH-Void/input_Remittance Id'

2024-05-27 19:44:25 - [TEST_STEP][PASSED] - setText(findTestObject("Object Repository/RecAndPlayBk/Page-Vlink-ACH-Void/input_Application Id"), appID): Text '1773' is set on object 'Object Repository/RecAndPlayBk/Page-Vlink-ACH-Void/input_Application Id'

2024-05-27 19:44:25 - [MESSAGE][PASSED] - Text '1773' is set on object 'Object Repository/RecAndPlayBk/Page-Vlink-ACH-Void/input_Application Id'

2024-05-27 19:44:25 - [TEST_STEP][PASSED] - setText(findTestObject("Object Repository/RecAndPlayBk/Page-Vlink-ACH-Void/input_Username"), username): Text 'Qq2BV1qtr' is set on object 'Object Repository/RecAndPlayBk/Page-Vlink-ACH-Void/input_Username'

2024-05-27 19:44:26 - [MESSAGE][PASSED] - Text 'Qq2BV1qtr' is set on object 'Object Repository/RecAndPlayBk/Page-Vlink-ACH-Void/input_Username'

2024-05-27 19:44:26 - [TEST_STEP][PASSED] - setText(findTestObject("Object Repository/RecAndPlayBk/Page-Vlink-ACH-Void/input_Password"), password): Text 'tUmWBiLUx' is set on object 'Object Repository/RecAndPlayBk/Page-Vlink-ACH-Void/input_Password'

2024-05-27 19:44:27 - [MESSAGE][PASSED] - Text 'tUmWBiLUx' is set on object 'Object Repository/RecAndPlayBk/Page-Vlink-ACH-Void/input_Password'

2024-05-27 19:44:27 - [TEST_STEP][PASSED] - setText(findTestObject("Object Repository/RecAndPlayBk/Page-Vlink-ACH-Void/input_Check Type"), checkType): Text 'P' is set on object 'Object Repository/RecAndPlayBk/Page-Vlink-ACH-Void/input_Check Type'

2024-05-27 19:44:27 - [MESSAGE][PASSED] - Text 'P' is set on object 'Object Repository/RecAndPlayBk/Page-Vlink-ACH-Void/input_Check Type'

2024-05-27 19:44:27 - [TEST_STEP][PASSED] - setText(findTestObject("Object Repository/RecAndPlayBk/Page-Vlink-ACH-Void/input_Standard Entry Class"), sec): Text 'TEL' is set on object 'Object Repository/RecAndPlayBk/Page-Vlink-ACH-Void/input_Standard Entry Class'

2024-05-27 19:44:28 - [MESSAGE][PASSED] - Text 'TEL' is set on object 'Object Repository/RecAndPlayBk/Page-Vlink-ACH-Void/input_Standard Entry Class'

2024-05-27 19:44:28 - [TEST_STEP][PASSED] - setText(findTestObject("Object Repository/RecAndPlayBk/Page-Vlink-ACH-Void/input_Transaction ID"), VLinkSaleTranxID): Text '2967914' is set on object 'Object Repository/RecAndPlayBk/Page-Vlink-ACH-Void/input_Transaction ID'

2024-05-27 19:44:29 - [MESSAGE][PASSED] - Text '2967914' is set on object 'Object Repository/RecAndPlayBk/Page-Vlink-ACH-Void/input_Transaction ID'

2024-05-27 19:44:29 - [TEST_STEP][PASSED] - setText(findTestObject("Object Repository/RecAndPlayBk/Page-Vlink-ACH-Void/input_Original Transaction Type"), "200"): Text '200' is set on object 'Object Repository/RecAndPlayBk/Page-Vlink-ACH-Void/input_Original Transaction Type'

2024-05-27 19:44:29 - [MESSAGE][PASSED] - Text '200' is set on object 'Object Repository/RecAndPlayBk/Page-Vlink-ACH-Void/input_Original Transaction Type'

2024-05-27 19:44:29 - [TEST_STEP][PASSED] - click(findTestObject("Object Repository/RecAndPlayBk/Page-Vlink-ACH-Void/input")): Object: 'Object Repository/RecAndPlayBk/Page-Vlink-ACH-Void/input' is clicked on

2024-05-27 19:44:30 - [MESSAGE][PASSED] - Object: 'Object Repository/RecAndPlayBk/Page-Vlink-ACH-Void/input' is clicked on

2024-05-27 19:44:30 - [TEST_STEP][PASSED] - if (verifyTextPresent("Transaction approved, no errors", true)): null

2024-05-27 19:44:30 - [MESSAGE][PASSED] - Text 'Transaction approved, no errors' is present on page  using regular expression

2024-05-27 19:44:30 - [TEST_STEP][PASSED] - println("Transaction Approved, no errors text is present on the Confirmation page"): null

2024-05-27 19:44:30 - [TEST_STEP][PASSED] - out.println("Pass Record Number: " + row): null

2024-05-27 19:44:30 - [TEST_STEP][PASSED] - resText = "Pass": null

2024-05-27 19:44:30 - [TEST_STEP][PASSED] - pages.WriteExcel.demoKey(resText, datText, resColumn, datCloumn, fileLoc, nameSheet, row): pages.WriteExcel.demoKey is PASSED

2024-05-27 19:44:31 - [MESSAGE][PASSED] - pages.WriteExcel.demoKey is PASSED

2024-05-27 19:44:31 - [TEST_STEP][PASSED] - ExecuteTC = findTestData(dataFile).getValue("Execute", row): null

2024-05-27 19:44:31 - [TEST_STEP][PASSED] - out.println("Value of Execute is : " + ExecuteTC): null

2024-05-27 19:44:31 - [TEST_STEP][PASSED] - switch (executionProfile): null

2024-05-27 19:44:31 - [TEST_STEP][PASSED] - case "DemoProfile":: null

2024-05-27 19:44:31 - [TEST_STEP][PASSED] - appID = findTestData(dataFile).getValue("AppIDDemo", row): null

2024-05-27 19:44:31 - [TEST_STEP][PASSED] - username = findTestData(dataFile).getValue("UsernameDemo", row): null

2024-05-27 19:44:31 - [TEST_STEP][PASSED] - password = findTestData(dataFile).getValue("PasswordDemo", row): null

2024-05-27 19:44:31 - [TEST_STEP][PASSED] - break: null

2024-05-27 19:44:31 - [TEST_STEP][PASSED] - if (ExecuteTC.equalsIgnoreCase("Y")): null

2024-05-27 19:44:31 - [TEST_STEP][PASSED] - out.println("Begin Record Number: " + row): null

2024-05-27 19:44:31 - [TEST_STEP][PASSED] - today = new java.util.Date(): null

2024-05-27 19:44:31 - [TEST_STEP][PASSED] - println(today): null

2024-05-27 19:44:31 - [TEST_STEP][PASSED] - datText = today: null

2024-05-27 19:44:31 - [TEST_STEP][PASSED] - checkType = findTestData(dataFile).getValue("CheckType", row): null

2024-05-27 19:44:31 - [TEST_STEP][PASSED] - acNumber = findTestData(dataFile).getValue("AcNumber", row): null

2024-05-27 19:44:31 - [TEST_STEP][PASSED] - company = findTestData(dataFile).getValue("Company", row): null

2024-05-27 19:44:31 - [TEST_STEP][PASSED] - acType = findTestData(dataFile).getValue("AcType", row): null

2024-05-27 19:44:31 - [TEST_STEP][PASSED] - rtn = findTestData(dataFile).getValue("RTN", row): null

2024-05-27 19:44:31 - [TEST_STEP][PASSED] - amount = findTestData(dataFile).getValue("Amount", row): null

2024-05-27 19:44:31 - [TEST_STEP][PASSED] - sec = findTestData(dataFile).getValue("SEC", row): null

2024-05-27 19:44:31 - [TEST_STEP][PASSED] - openBrowser(VLinkURL + "debit.html"): Browser is opened with url: 'https://dev-algorithm.govolution.com/vlinktest/demo/version_2_0/debit.html'

2024-05-27 19:44:31 - [MESSAGE][WARNING] - A browser is already opened. Closing browser and opening a new one

2024-05-27 19:44:33 - [MESSAGE][INFO] - Starting 'Chrome' driver

2024-05-27 19:44:33 - [MESSAGE][INFO] - User set preference: ['acceptInsecureCerts', 'true']

2024-05-27 19:44:33 - [MESSAGE][INFO] - Action delay is set to 0 milliseconds

2024-05-27 19:44:35 - [MESSAGE][PASSED] - Browser is opened with url: 'https://dev-algorithm.govolution.com/vlinktest/demo/version_2_0/debit.html'

2024-05-27 19:44:35 - [TEST_STEP][PASSED] - maximizeWindow(): Current window maximized

2024-05-27 19:44:35 - [MESSAGE][PASSED] - Current window maximized

2024-05-27 19:44:35 - [TEST_STEP][PASSED] - genRemID1 = random() * 99999).toInteger(): null

2024-05-27 19:44:35 - [TEST_STEP][PASSED] - genRemID2 = random() * 99999).toInteger(): null

2024-05-27 19:44:35 - [TEST_STEP][PASSED] - genRemID3 = random() * 99999).toInteger(): null

2024-05-27 19:44:35 - [TEST_STEP][PASSED] - println(genRemID1): null

2024-05-27 19:44:35 - [TEST_STEP][PASSED] - println(genRemID2): null

2024-05-27 19:44:35 - [TEST_STEP][PASSED] - println(genRemID3): null

2024-05-27 19:44:35 - [TEST_STEP][PASSED] - genRemID = genRemID1 + "|" + genRemID2 + "|" + genRemID3: null

2024-05-27 19:44:35 - [TEST_STEP][PASSED] - println(genRemID): null

2024-05-27 19:44:35 - [TEST_STEP][PASSED] - setText(findTestObject("RecAndPlayBk/Page-Vlink-Debit/input_Remittance Id"), genRemID): Text '67905|20203|83809' is set on object 'Object Repository/RecAndPlayBk/Page-Vlink-Debit/input_Remittance Id'

2024-05-27 19:44:36 - [MESSAGE][PASSED] - Text '67905|20203|83809' is set on object 'Object Repository/RecAndPlayBk/Page-Vlink-Debit/input_Remittance Id'

2024-05-27 19:44:36 - [TEST_STEP][PASSED] - setText(findTestObject("RecAndPlayBk/Page-Vlink-Debit/input_Application Id"), appID): Text '1773' is set on object 'Object Repository/RecAndPlayBk/Page-Vlink-Debit/input_Application Id'

2024-05-27 19:44:37 - [MESSAGE][PASSED] - Text '1773' is set on object 'Object Repository/RecAndPlayBk/Page-Vlink-Debit/input_Application Id'

2024-05-27 19:44:37 - [TEST_STEP][PASSED] - setText(findTestObject("RecAndPlayBk/Page-Vlink-Debit/input_Username"), username): Text 'Qq2BV1qtr' is set on object 'Object Repository/RecAndPlayBk/Page-Vlink-Debit/input_Username'

2024-05-27 19:44:37 - [MESSAGE][PASSED] - Text 'Qq2BV1qtr' is set on object 'Object Repository/RecAndPlayBk/Page-Vlink-Debit/input_Username'

2024-05-27 19:44:37 - [TEST_STEP][PASSED] - setText(findTestObject("RecAndPlayBk/Page-Vlink-Debit/input_Password"), password): Text 'tUmWBiLUx' is set on object 'Object Repository/RecAndPlayBk/Page-Vlink-Debit/input_Password'

2024-05-27 19:44:38 - [MESSAGE][PASSED] - Text 'tUmWBiLUx' is set on object 'Object Repository/RecAndPlayBk/Page-Vlink-Debit/input_Password'

2024-05-27 19:44:38 - [TEST_STEP][PASSED] - setText(findTestObject("RecAndPlayBk/Page-Vlink-Debit/input_Check Type"), checkType): Text 'P' is set on object 'Object Repository/RecAndPlayBk/Page-Vlink-Debit/input_Check Type'

2024-05-27 19:44:39 - [MESSAGE][PASSED] - Text 'P' is set on object 'Object Repository/RecAndPlayBk/Page-Vlink-Debit/input_Check Type'

2024-05-27 19:44:39 - [TEST_STEP][PASSED] - setText(findTestObject("RecAndPlayBk/Page-Vlink-Debit/input_Account_check"), acNumber): Text '58963214' is set on object 'Object Repository/RecAndPlayBk/Page-Vlink-Debit/input_Account_check'

2024-05-27 19:44:39 - [MESSAGE][PASSED] - Text '58963214' is set on object 'Object Repository/RecAndPlayBk/Page-Vlink-Debit/input_Account_check'

2024-05-27 19:44:39 - [TEST_STEP][PASSED] - setText(findTestObject("RecAndPlayBk/Page-Vlink-Debit/input_Company_check"), company): Text '' is set on object 'Object Repository/RecAndPlayBk/Page-Vlink-Debit/input_Company_check'

2024-05-27 19:44:40 - [MESSAGE][PASSED] - Text '' is set on object 'Object Repository/RecAndPlayBk/Page-Vlink-Debit/input_Company_check'

2024-05-27 19:44:40 - [TEST_STEP][PASSED] - setText(findTestObject("RecAndPlayBk/Page-Vlink-Debit/input_Account Type"), acType): Text '1' is set on object 'Object Repository/RecAndPlayBk/Page-Vlink-Debit/input_Account Type'

2024-05-27 19:44:41 - [MESSAGE][PASSED] - Text '1' is set on object 'Object Repository/RecAndPlayBk/Page-Vlink-Debit/input_Account Type'

2024-05-27 19:44:41 - [TEST_STEP][PASSED] - setText(findTestObject("RecAndPlayBk/Page-Vlink-Debit/input_Routing Number"), rtn): Text '256072691' is set on object 'Object Repository/RecAndPlayBk/Page-Vlink-Debit/input_Routing Number'

2024-05-27 19:44:41 - [MESSAGE][PASSED] - Text '256072691' is set on object 'Object Repository/RecAndPlayBk/Page-Vlink-Debit/input_Routing Number'

2024-05-27 19:44:41 - [TEST_STEP][PASSED] - setText(findTestObject("RecAndPlayBk/Page-Vlink-Debit/input_Amount"), amount): Text '12.50' is set on object 'Object Repository/RecAndPlayBk/Page-Vlink-Debit/input_Amount'

2024-05-27 19:44:42 - [MESSAGE][PASSED] - Text '12.50' is set on object 'Object Repository/RecAndPlayBk/Page-Vlink-Debit/input_Amount'

2024-05-27 19:44:42 - [TEST_STEP][PASSED] - setText(findTestObject("RecAndPlayBk/Page-Vlink-Debit/input_Check Email"), ""): Text '' is set on object 'Object Repository/RecAndPlayBk/Page-Vlink-Debit/input_Check Email'

2024-05-27 19:44:43 - [MESSAGE][PASSED] - Text '' is set on object 'Object Repository/RecAndPlayBk/Page-Vlink-Debit/input_Check Email'

2024-05-27 19:44:43 - [TEST_STEP][PASSED] - setText(findTestObject("Object Repository/RecAndPlayBk/Page-Vlink-Debit/input_concat(CheckWriter, , s SSN)_check_ssn"), ""): Text '' is set on object 'Object Repository/RecAndPlayBk/Page-Vlink-Debit/input_concat(CheckWriter, , s SSN)_check_ssn'

2024-05-27 19:44:43 - [MESSAGE][PASSED] - Text '' is set on object 'Object Repository/RecAndPlayBk/Page-Vlink-Debit/input_concat(CheckWriter, , s SSN)_check_ssn'

2024-05-27 19:44:43 - [TEST_STEP][PASSED] - setText(findTestObject("Object Repository/RecAndPlayBk/Page-Vlink-Debit/input_concat(CheckWriter, , s License Numbe_020fef"), ""): Text '' is set on object 'Object Repository/RecAndPlayBk/Page-Vlink-Debit/input_concat(CheckWriter, , s License Numbe_020fef'

2024-05-27 19:44:44 - [MESSAGE][PASSED] - Text '' is set on object 'Object Repository/RecAndPlayBk/Page-Vlink-Debit/input_concat(CheckWriter, , s License Numbe_020fef'

2024-05-27 19:44:44 - [TEST_STEP][PASSED] - setText(findTestObject("Object Repository/RecAndPlayBk/Page-Vlink-Debit/input_concat(CheckWriter, , s License State_21e3e7"), ""): Text '' is set on object 'Object Repository/RecAndPlayBk/Page-Vlink-Debit/input_concat(CheckWriter, , s License State_21e3e7'

2024-05-27 19:44:45 - [MESSAGE][PASSED] - Text '' is set on object 'Object Repository/RecAndPlayBk/Page-Vlink-Debit/input_concat(CheckWriter, , s License State_21e3e7'

2024-05-27 19:44:45 - [TEST_STEP][PASSED] - setText(findTestObject("RecAndPlayBk/Page-Vlink-Debit/input_Standard Entry Class"), sec): Text 'PPD' is set on object 'Object Repository/RecAndPlayBk/Page-Vlink-Debit/input_Standard Entry Class'

2024-05-27 19:44:46 - [MESSAGE][PASSED] - Text 'PPD' is set on object 'Object Repository/RecAndPlayBk/Page-Vlink-Debit/input_Standard Entry Class'

2024-05-27 19:44:46 - [TEST_STEP][PASSED] - click(findTestObject("Object Repository/RecAndPlayBk/Page-Vlink-Debit/input")): Object: 'Object Repository/RecAndPlayBk/Page-Vlink-Debit/input' is clicked on

2024-05-27 19:44:47 - [MESSAGE][PASSED] - Object: 'Object Repository/RecAndPlayBk/Page-Vlink-Debit/input' is clicked on

2024-05-27 19:44:47 - [TEST_STEP][PASSED] - if (verifyTextPresent("Transaction approved, no errors", true)): null

2024-05-27 19:44:47 - [MESSAGE][PASSED] - Text 'Transaction approved, no errors' is present on page  using regular expression

2024-05-27 19:44:47 - [TEST_STEP][PASSED] - println("Transaction Approved, no errors text is present on the Confirmation page"): null

2024-05-27 19:44:47 - [TEST_STEP][PASSED] - sdfo = getText(findTestObject("Object Repository/Page_VLinkReceipt/pre_STX")): Text of object 'Object Repository/Page_VLinkReceipt/pre_STX' is: '<STX>67905|20203|83809             2967916             0  Transaction approved, no errors                   0                                                                                                              <ETX>'

2024-05-27 19:44:47 - [MESSAGE][PASSED] - Text of object 'Object Repository/Page_VLinkReceipt/pre_STX' is: '<STX>67905|20203|83809             2967916             0  Transaction approved, no errors                   0                                                                                                              <ETX>'

2024-05-27 19:44:47 - [TEST_STEP][PASSED] - out.println("sdfo: " + sdfo): null

2024-05-27 19:44:47 - [TEST_STEP][PASSED] - remID = substring(5, 35).trim(): null

2024-05-27 19:44:47 - [TEST_STEP][PASSED] - out.println("remID: " + remID): null

2024-05-27 19:44:47 - [TEST_STEP][PASSED] - traxID = substring(35, 55).trim(): null

2024-05-27 19:44:47 - [TEST_STEP][PASSED] - out.println("traxID: " + traxID): null

2024-05-27 19:44:47 - [TEST_STEP][PASSED] - VLinkSaleRemID = remID: null

2024-05-27 19:44:47 - [TEST_STEP][PASSED] - VLinkSaleTranxID = traxID: null

2024-05-27 19:44:47 - [TEST_STEP][PASSED] - openBrowser(VLinkURL + "ACH_void.html"): Browser is opened with url: 'https://dev-algorithm.govolution.com/vlinktest/demo/version_2_0/ACH_void.html'

2024-05-27 19:44:47 - [MESSAGE][WARNING] - A browser is already opened. Closing browser and opening a new one

2024-05-27 19:44:49 - [MESSAGE][INFO] - Starting 'Chrome' driver

2024-05-27 19:44:49 - [MESSAGE][INFO] - User set preference: ['acceptInsecureCerts', 'true']

2024-05-27 19:44:49 - [MESSAGE][INFO] - Action delay is set to 0 milliseconds

2024-05-27 19:44:50 - [MESSAGE][PASSED] - Browser is opened with url: 'https://dev-algorithm.govolution.com/vlinktest/demo/version_2_0/ACH_void.html'

2024-05-27 19:44:50 - [TEST_STEP][PASSED] - maximizeWindow(): Current window maximized

2024-05-27 19:44:51 - [MESSAGE][PASSED] - Current window maximized

2024-05-27 19:44:51 - [TEST_STEP][PASSED] - setText(findTestObject("Object Repository/RecAndPlayBk/Page-Vlink-ACH-Void/input_Remittance Id"), VLinkSaleRemID): Text '67905|20203|83809' is set on object 'Object Repository/RecAndPlayBk/Page-Vlink-ACH-Void/input_Remittance Id'

2024-05-27 19:44:52 - [MESSAGE][PASSED] - Text '67905|20203|83809' is set on object 'Object Repository/RecAndPlayBk/Page-Vlink-ACH-Void/input_Remittance Id'

2024-05-27 19:44:52 - [TEST_STEP][PASSED] - setText(findTestObject("Object Repository/RecAndPlayBk/Page-Vlink-ACH-Void/input_Application Id"), appID): Text '1773' is set on object 'Object Repository/RecAndPlayBk/Page-Vlink-ACH-Void/input_Application Id'

2024-05-27 19:44:53 - [MESSAGE][PASSED] - Text '1773' is set on object 'Object Repository/RecAndPlayBk/Page-Vlink-ACH-Void/input_Application Id'

2024-05-27 19:44:53 - [TEST_STEP][PASSED] - setText(findTestObject("Object Repository/RecAndPlayBk/Page-Vlink-ACH-Void/input_Username"), username): Text 'Qq2BV1qtr' is set on object 'Object Repository/RecAndPlayBk/Page-Vlink-ACH-Void/input_Username'

2024-05-27 19:44:53 - [MESSAGE][PASSED] - Text 'Qq2BV1qtr' is set on object 'Object Repository/RecAndPlayBk/Page-Vlink-ACH-Void/input_Username'

2024-05-27 19:44:53 - [TEST_STEP][PASSED] - setText(findTestObject("Object Repository/RecAndPlayBk/Page-Vlink-ACH-Void/input_Password"), password): Text 'tUmWBiLUx' is set on object 'Object Repository/RecAndPlayBk/Page-Vlink-ACH-Void/input_Password'

2024-05-27 19:44:54 - [MESSAGE][PASSED] - Text 'tUmWBiLUx' is set on object 'Object Repository/RecAndPlayBk/Page-Vlink-ACH-Void/input_Password'

2024-05-27 19:44:54 - [TEST_STEP][PASSED] - setText(findTestObject("Object Repository/RecAndPlayBk/Page-Vlink-ACH-Void/input_Check Type"), checkType): Text 'P' is set on object 'Object Repository/RecAndPlayBk/Page-Vlink-ACH-Void/input_Check Type'

2024-05-27 19:44:55 - [MESSAGE][PASSED] - Text 'P' is set on object 'Object Repository/RecAndPlayBk/Page-Vlink-ACH-Void/input_Check Type'

2024-05-27 19:44:55 - [TEST_STEP][PASSED] - setText(findTestObject("Object Repository/RecAndPlayBk/Page-Vlink-ACH-Void/input_Standard Entry Class"), sec): Text 'PPD' is set on object 'Object Repository/RecAndPlayBk/Page-Vlink-ACH-Void/input_Standard Entry Class'

2024-05-27 19:44:55 - [MESSAGE][PASSED] - Text 'PPD' is set on object 'Object Repository/RecAndPlayBk/Page-Vlink-ACH-Void/input_Standard Entry Class'

2024-05-27 19:44:55 - [TEST_STEP][PASSED] - setText(findTestObject("Object Repository/RecAndPlayBk/Page-Vlink-ACH-Void/input_Transaction ID"), VLinkSaleTranxID): Text '2967916' is set on object 'Object Repository/RecAndPlayBk/Page-Vlink-ACH-Void/input_Transaction ID'

2024-05-27 19:44:56 - [MESSAGE][PASSED] - Text '2967916' is set on object 'Object Repository/RecAndPlayBk/Page-Vlink-ACH-Void/input_Transaction ID'

2024-05-27 19:44:56 - [TEST_STEP][PASSED] - setText(findTestObject("Object Repository/RecAndPlayBk/Page-Vlink-ACH-Void/input_Original Transaction Type"), "200"): Text '200' is set on object 'Object Repository/RecAndPlayBk/Page-Vlink-ACH-Void/input_Original Transaction Type'

2024-05-27 19:44:57 - [MESSAGE][PASSED] - Text '200' is set on object 'Object Repository/RecAndPlayBk/Page-Vlink-ACH-Void/input_Original Transaction Type'

2024-05-27 19:44:57 - [TEST_STEP][PASSED] - click(findTestObject("Object Repository/RecAndPlayBk/Page-Vlink-ACH-Void/input")): Object: 'Object Repository/RecAndPlayBk/Page-Vlink-ACH-Void/input' is clicked on

2024-05-27 19:44:58 - [MESSAGE][PASSED] - Object: 'Object Repository/RecAndPlayBk/Page-Vlink-ACH-Void/input' is clicked on

2024-05-27 19:44:58 - [TEST_STEP][PASSED] - if (verifyTextPresent("Transaction approved, no errors", true)): null

2024-05-27 19:44:59 - [MESSAGE][PASSED] - Text 'Transaction approved, no errors' is present on page  using regular expression

2024-05-27 19:44:59 - [TEST_STEP][PASSED] - println("Transaction Approved, no errors text is present on the Confirmation page"): null

2024-05-27 19:44:59 - [TEST_STEP][PASSED] - out.println("Pass Record Number: " + row): null

2024-05-27 19:44:59 - [TEST_STEP][PASSED] - resText = "Pass": null

2024-05-27 19:44:59 - [TEST_STEP][PASSED] - pages.WriteExcel.demoKey(resText, datText, resColumn, datCloumn, fileLoc, nameSheet, row): pages.WriteExcel.demoKey is PASSED

2024-05-27 19:44:59 - [MESSAGE][PASSED] - pages.WriteExcel.demoKey is PASSED

2024-05-27 19:44:59 - [TEST_STEP][PASSED] - ExecuteTC = findTestData(dataFile).getValue("Execute", row): null

2024-05-27 19:44:59 - [TEST_STEP][PASSED] - out.println("Value of Execute is : " + ExecuteTC): null

2024-05-27 19:44:59 - [TEST_STEP][PASSED] - switch (executionProfile): null

2024-05-27 19:44:59 - [TEST_STEP][PASSED] - case "DemoProfile":: null

2024-05-27 19:44:59 - [TEST_STEP][PASSED] - appID = findTestData(dataFile).getValue("AppIDDemo", row): null

2024-05-27 19:44:59 - [TEST_STEP][PASSED] - username = findTestData(dataFile).getValue("UsernameDemo", row): null

2024-05-27 19:44:59 - [TEST_STEP][PASSED] - password = findTestData(dataFile).getValue("PasswordDemo", row): null

2024-05-27 19:44:59 - [TEST_STEP][PASSED] - break: null

2024-05-27 19:44:59 - [TEST_STEP][PASSED] - if (ExecuteTC.equalsIgnoreCase("Y")): null

2024-05-27 19:44:59 - [TEST_STEP][PASSED] - out.println("Begin Record Number: " + row): null

2024-05-27 19:44:59 - [TEST_STEP][PASSED] - today = new java.util.Date(): null

2024-05-27 19:44:59 - [TEST_STEP][PASSED] - println(today): null

2024-05-27 19:44:59 - [TEST_STEP][PASSED] - datText = today: null

2024-05-27 19:44:59 - [TEST_STEP][PASSED] - checkType = findTestData(dataFile).getValue("CheckType", row): null

2024-05-27 19:44:59 - [TEST_STEP][PASSED] - acNumber = findTestData(dataFile).getValue("AcNumber", row): null

2024-05-27 19:44:59 - [TEST_STEP][PASSED] - company = findTestData(dataFile).getValue("Company", row): null

2024-05-27 19:44:59 - [TEST_STEP][PASSED] - acType = findTestData(dataFile).getValue("AcType", row): null

2024-05-27 19:44:59 - [TEST_STEP][PASSED] - rtn = findTestData(dataFile).getValue("RTN", row): null

2024-05-27 19:44:59 - [TEST_STEP][PASSED] - amount = findTestData(dataFile).getValue("Amount", row): null

2024-05-27 19:44:59 - [TEST_STEP][PASSED] - sec = findTestData(dataFile).getValue("SEC", row): null

2024-05-27 19:45:00 - [TEST_STEP][PASSED] - openBrowser(VLinkURL + "debit.html"): Browser is opened with url: 'https://dev-algorithm.govolution.com/vlinktest/demo/version_2_0/debit.html'

2024-05-27 19:45:00 - [MESSAGE][WARNING] - A browser is already opened. Closing browser and opening a new one

2024-05-27 19:45:02 - [MESSAGE][INFO] - Starting 'Chrome' driver

2024-05-27 19:45:02 - [MESSAGE][INFO] - User set preference: ['acceptInsecureCerts', 'true']

2024-05-27 19:45:02 - [MESSAGE][INFO] - Action delay is set to 0 milliseconds

2024-05-27 19:45:04 - [MESSAGE][PASSED] - Browser is opened with url: 'https://dev-algorithm.govolution.com/vlinktest/demo/version_2_0/debit.html'

2024-05-27 19:45:04 - [TEST_STEP][PASSED] - maximizeWindow(): Current window maximized

2024-05-27 19:45:05 - [MESSAGE][PASSED] - Current window maximized

2024-05-27 19:45:05 - [TEST_STEP][PASSED] - genRemID1 = random() * 99999).toInteger(): null

2024-05-27 19:45:05 - [TEST_STEP][PASSED] - genRemID2 = random() * 99999).toInteger(): null

2024-05-27 19:45:05 - [TEST_STEP][PASSED] - genRemID3 = random() * 99999).toInteger(): null

2024-05-27 19:45:05 - [TEST_STEP][PASSED] - println(genRemID1): null

2024-05-27 19:45:05 - [TEST_STEP][PASSED] - println(genRemID2): null

2024-05-27 19:45:05 - [TEST_STEP][PASSED] - println(genRemID3): null

2024-05-27 19:45:05 - [TEST_STEP][PASSED] - genRemID = genRemID1 + "|" + genRemID2 + "|" + genRemID3: null

2024-05-27 19:45:05 - [TEST_STEP][PASSED] - println(genRemID): null

2024-05-27 19:45:05 - [TEST_STEP][PASSED] - setText(findTestObject("RecAndPlayBk/Page-Vlink-Debit/input_Remittance Id"), genRemID): Text '35628|55373|88356' is set on object 'Object Repository/RecAndPlayBk/Page-Vlink-Debit/input_Remittance Id'

2024-05-27 19:45:05 - [MESSAGE][PASSED] - Text '35628|55373|88356' is set on object 'Object Repository/RecAndPlayBk/Page-Vlink-Debit/input_Remittance Id'

2024-05-27 19:45:05 - [TEST_STEP][PASSED] - setText(findTestObject("RecAndPlayBk/Page-Vlink-Debit/input_Application Id"), appID): Text '1773' is set on object 'Object Repository/RecAndPlayBk/Page-Vlink-Debit/input_Application Id'

2024-05-27 19:45:06 - [MESSAGE][PASSED] - Text '1773' is set on object 'Object Repository/RecAndPlayBk/Page-Vlink-Debit/input_Application Id'

2024-05-27 19:45:06 - [TEST_STEP][PASSED] - setText(findTestObject("RecAndPlayBk/Page-Vlink-Debit/input_Username"), username): Text 'Qq2BV1qtr' is set on object 'Object Repository/RecAndPlayBk/Page-Vlink-Debit/input_Username'

2024-05-27 19:45:07 - [MESSAGE][PASSED] - Text 'Qq2BV1qtr' is set on object 'Object Repository/RecAndPlayBk/Page-Vlink-Debit/input_Username'

2024-05-27 19:45:07 - [TEST_STEP][PASSED] - setText(findTestObject("RecAndPlayBk/Page-Vlink-Debit/input_Password"), password): Text 'tUmWBiLUx' is set on object 'Object Repository/RecAndPlayBk/Page-Vlink-Debit/input_Password'

2024-05-27 19:45:08 - [MESSAGE][PASSED] - Text 'tUmWBiLUx' is set on object 'Object Repository/RecAndPlayBk/Page-Vlink-Debit/input_Password'

2024-05-27 19:45:08 - [TEST_STEP][PASSED] - setText(findTestObject("RecAndPlayBk/Page-Vlink-Debit/input_Check Type"), checkType): Text 'P' is set on object 'Object Repository/RecAndPlayBk/Page-Vlink-Debit/input_Check Type'

2024-05-27 19:45:09 - [MESSAGE][PASSED] - Text 'P' is set on object 'Object Repository/RecAndPlayBk/Page-Vlink-Debit/input_Check Type'

2024-05-27 19:45:09 - [TEST_STEP][PASSED] - setText(findTestObject("RecAndPlayBk/Page-Vlink-Debit/input_Account_check"), acNumber): Text '58963214' is set on object 'Object Repository/RecAndPlayBk/Page-Vlink-Debit/input_Account_check'

2024-05-27 19:45:09 - [MESSAGE][PASSED] - Text '58963214' is set on object 'Object Repository/RecAndPlayBk/Page-Vlink-Debit/input_Account_check'

2024-05-27 19:45:09 - [TEST_STEP][PASSED] - setText(findTestObject("RecAndPlayBk/Page-Vlink-Debit/input_Company_check"), company): Text '' is set on object 'Object Repository/RecAndPlayBk/Page-Vlink-Debit/input_Company_check'

2024-05-27 19:45:10 - [MESSAGE][PASSED] - Text '' is set on object 'Object Repository/RecAndPlayBk/Page-Vlink-Debit/input_Company_check'

2024-05-27 19:45:10 - [TEST_STEP][PASSED] - setText(findTestObject("RecAndPlayBk/Page-Vlink-Debit/input_Account Type"), acType): Text '2' is set on object 'Object Repository/RecAndPlayBk/Page-Vlink-Debit/input_Account Type'

2024-05-27 19:45:11 - [MESSAGE][PASSED] - Text '2' is set on object 'Object Repository/RecAndPlayBk/Page-Vlink-Debit/input_Account Type'

2024-05-27 19:45:11 - [TEST_STEP][PASSED] - setText(findTestObject("RecAndPlayBk/Page-Vlink-Debit/input_Routing Number"), rtn): Text '256072691' is set on object 'Object Repository/RecAndPlayBk/Page-Vlink-Debit/input_Routing Number'

2024-05-27 19:45:11 - [MESSAGE][PASSED] - Text '256072691' is set on object 'Object Repository/RecAndPlayBk/Page-Vlink-Debit/input_Routing Number'

2024-05-27 19:45:11 - [TEST_STEP][PASSED] - setText(findTestObject("RecAndPlayBk/Page-Vlink-Debit/input_Amount"), amount): Text '12.50' is set on object 'Object Repository/RecAndPlayBk/Page-Vlink-Debit/input_Amount'

2024-05-27 19:45:12 - [MESSAGE][PASSED] - Text '12.50' is set on object 'Object Repository/RecAndPlayBk/Page-Vlink-Debit/input_Amount'

2024-05-27 19:45:12 - [TEST_STEP][PASSED] - setText(findTestObject("RecAndPlayBk/Page-Vlink-Debit/input_Check Email"), ""): Text '' is set on object 'Object Repository/RecAndPlayBk/Page-Vlink-Debit/input_Check Email'

2024-05-27 19:45:13 - [MESSAGE][PASSED] - Text '' is set on object 'Object Repository/RecAndPlayBk/Page-Vlink-Debit/input_Check Email'

2024-05-27 19:45:13 - [TEST_STEP][PASSED] - setText(findTestObject("Object Repository/RecAndPlayBk/Page-Vlink-Debit/input_concat(CheckWriter, , s SSN)_check_ssn"), ""): Text '' is set on object 'Object Repository/RecAndPlayBk/Page-Vlink-Debit/input_concat(CheckWriter, , s SSN)_check_ssn'

2024-05-27 19:45:13 - [MESSAGE][PASSED] - Text '' is set on object 'Object Repository/RecAndPlayBk/Page-Vlink-Debit/input_concat(CheckWriter, , s SSN)_check_ssn'

2024-05-27 19:45:13 - [TEST_STEP][PASSED] - setText(findTestObject("Object Repository/RecAndPlayBk/Page-Vlink-Debit/input_concat(CheckWriter, , s License Numbe_020fef"), ""): Text '' is set on object 'Object Repository/RecAndPlayBk/Page-Vlink-Debit/input_concat(CheckWriter, , s License Numbe_020fef'

2024-05-27 19:45:14 - [MESSAGE][PASSED] - Text '' is set on object 'Object Repository/RecAndPlayBk/Page-Vlink-Debit/input_concat(CheckWriter, , s License Numbe_020fef'

2024-05-27 19:45:14 - [TEST_STEP][PASSED] - setText(findTestObject("Object Repository/RecAndPlayBk/Page-Vlink-Debit/input_concat(CheckWriter, , s License State_21e3e7"), ""): Text '' is set on object 'Object Repository/RecAndPlayBk/Page-Vlink-Debit/input_concat(CheckWriter, , s License State_21e3e7'

2024-05-27 19:45:15 - [MESSAGE][PASSED] - Text '' is set on object 'Object Repository/RecAndPlayBk/Page-Vlink-Debit/input_concat(CheckWriter, , s License State_21e3e7'

2024-05-27 19:45:15 - [TEST_STEP][PASSED] - setText(findTestObject("RecAndPlayBk/Page-Vlink-Debit/input_Standard Entry Class"), sec): Text 'WEB' is set on object 'Object Repository/RecAndPlayBk/Page-Vlink-Debit/input_Standard Entry Class'

2024-05-27 19:45:16 - [MESSAGE][PASSED] - Text 'WEB' is set on object 'Object Repository/RecAndPlayBk/Page-Vlink-Debit/input_Standard Entry Class'

2024-05-27 19:45:16 - [TEST_STEP][PASSED] - click(findTestObject("Object Repository/RecAndPlayBk/Page-Vlink-Debit/input")): Object: 'Object Repository/RecAndPlayBk/Page-Vlink-Debit/input' is clicked on

2024-05-27 19:45:17 - [MESSAGE][PASSED] - Object: 'Object Repository/RecAndPlayBk/Page-Vlink-Debit/input' is clicked on

2024-05-27 19:45:17 - [TEST_STEP][PASSED] - if (verifyTextPresent("Transaction approved, no errors", true)): null

2024-05-27 19:45:17 - [MESSAGE][PASSED] - Text 'Transaction approved, no errors' is present on page  using regular expression

2024-05-27 19:45:17 - [TEST_STEP][PASSED] - println("Transaction Approved, no errors text is present on the Confirmation page"): null

2024-05-27 19:45:17 - [TEST_STEP][PASSED] - sdfo = getText(findTestObject("Object Repository/Page_VLinkReceipt/pre_STX")): Text of object 'Object Repository/Page_VLinkReceipt/pre_STX' is: '<STX>35628|55373|88356             2967918             0  Transaction approved, no errors                   0                                                                                                              <ETX>'

2024-05-27 19:45:17 - [MESSAGE][PASSED] - Text of object 'Object Repository/Page_VLinkReceipt/pre_STX' is: '<STX>35628|55373|88356             2967918             0  Transaction approved, no errors                   0                                                                                                              <ETX>'

2024-05-27 19:45:17 - [TEST_STEP][PASSED] - out.println("sdfo: " + sdfo): null

2024-05-27 19:45:17 - [TEST_STEP][PASSED] - remID = substring(5, 35).trim(): null

2024-05-27 19:45:17 - [TEST_STEP][PASSED] - out.println("remID: " + remID): null

2024-05-27 19:45:17 - [TEST_STEP][PASSED] - traxID = substring(35, 55).trim(): null

2024-05-27 19:45:17 - [TEST_STEP][PASSED] - out.println("traxID: " + traxID): null

2024-05-27 19:45:17 - [TEST_STEP][PASSED] - VLinkSaleRemID = remID: null

2024-05-27 19:45:17 - [TEST_STEP][PASSED] - VLinkSaleTranxID = traxID: null

2024-05-27 19:45:17 - [TEST_STEP][PASSED] - openBrowser(VLinkURL + "ACH_void.html"): Browser is opened with url: 'https://dev-algorithm.govolution.com/vlinktest/demo/version_2_0/ACH_void.html'

2024-05-27 19:45:17 - [MESSAGE][WARNING] - A browser is already opened. Closing browser and opening a new one

2024-05-27 19:45:21 - [MESSAGE][INFO] - Starting 'Chrome' driver

2024-05-27 19:45:21 - [MESSAGE][INFO] - User set preference: ['acceptInsecureCerts', 'true']

2024-05-27 19:45:21 - [MESSAGE][INFO] - Action delay is set to 0 milliseconds

2024-05-27 19:45:23 - [MESSAGE][PASSED] - Browser is opened with url: 'https://dev-algorithm.govolution.com/vlinktest/demo/version_2_0/ACH_void.html'

2024-05-27 19:45:23 - [TEST_STEP][PASSED] - maximizeWindow(): Current window maximized

2024-05-27 19:45:23 - [MESSAGE][PASSED] - Current window maximized

2024-05-27 19:45:23 - [TEST_STEP][PASSED] - setText(findTestObject("Object Repository/RecAndPlayBk/Page-Vlink-ACH-Void/input_Remittance Id"), VLinkSaleRemID): Text '35628|55373|88356' is set on object 'Object Repository/RecAndPlayBk/Page-Vlink-ACH-Void/input_Remittance Id'

2024-05-27 19:45:24 - [MESSAGE][PASSED] - Text '35628|55373|88356' is set on object 'Object Repository/RecAndPlayBk/Page-Vlink-ACH-Void/input_Remittance Id'

2024-05-27 19:45:24 - [TEST_STEP][PASSED] - setText(findTestObject("Object Repository/RecAndPlayBk/Page-Vlink-ACH-Void/input_Application Id"), appID): Text '1773' is set on object 'Object Repository/RecAndPlayBk/Page-Vlink-ACH-Void/input_Application Id'

2024-05-27 19:45:24 - [MESSAGE][PASSED] - Text '1773' is set on object 'Object Repository/RecAndPlayBk/Page-Vlink-ACH-Void/input_Application Id'

2024-05-27 19:45:24 - [TEST_STEP][PASSED] - setText(findTestObject("Object Repository/RecAndPlayBk/Page-Vlink-ACH-Void/input_Username"), username): Text 'Qq2BV1qtr' is set on object 'Object Repository/RecAndPlayBk/Page-Vlink-ACH-Void/input_Username'

2024-05-27 19:45:25 - [MESSAGE][PASSED] - Text 'Qq2BV1qtr' is set on object 'Object Repository/RecAndPlayBk/Page-Vlink-ACH-Void/input_Username'

2024-05-27 19:45:25 - [TEST_STEP][PASSED] - setText(findTestObject("Object Repository/RecAndPlayBk/Page-Vlink-ACH-Void/input_Password"), password): Text 'tUmWBiLUx' is set on object 'Object Repository/RecAndPlayBk/Page-Vlink-ACH-Void/input_Password'

2024-05-27 19:45:26 - [MESSAGE][PASSED] - Text 'tUmWBiLUx' is set on object 'Object Repository/RecAndPlayBk/Page-Vlink-ACH-Void/input_Password'

2024-05-27 19:45:26 - [TEST_STEP][PASSED] - setText(findTestObject("Object Repository/RecAndPlayBk/Page-Vlink-ACH-Void/input_Check Type"), checkType): Text 'P' is set on object 'Object Repository/RecAndPlayBk/Page-Vlink-ACH-Void/input_Check Type'

2024-05-27 19:45:26 - [MESSAGE][PASSED] - Text 'P' is set on object 'Object Repository/RecAndPlayBk/Page-Vlink-ACH-Void/input_Check Type'

2024-05-27 19:45:26 - [TEST_STEP][PASSED] - setText(findTestObject("Object Repository/RecAndPlayBk/Page-Vlink-ACH-Void/input_Standard Entry Class"), sec): Text 'WEB' is set on object 'Object Repository/RecAndPlayBk/Page-Vlink-ACH-Void/input_Standard Entry Class'

2024-05-27 19:45:27 - [MESSAGE][PASSED] - Text 'WEB' is set on object 'Object Repository/RecAndPlayBk/Page-Vlink-ACH-Void/input_Standard Entry Class'

2024-05-27 19:45:27 - [TEST_STEP][PASSED] - setText(findTestObject("Object Repository/RecAndPlayBk/Page-Vlink-ACH-Void/input_Transaction ID"), VLinkSaleTranxID): Text '2967918' is set on object 'Object Repository/RecAndPlayBk/Page-Vlink-ACH-Void/input_Transaction ID'

2024-05-27 19:45:28 - [MESSAGE][PASSED] - Text '2967918' is set on object 'Object Repository/RecAndPlayBk/Page-Vlink-ACH-Void/input_Transaction ID'

2024-05-27 19:45:28 - [TEST_STEP][PASSED] - setText(findTestObject("Object Repository/RecAndPlayBk/Page-Vlink-ACH-Void/input_Original Transaction Type"), "200"): Text '200' is set on object 'Object Repository/RecAndPlayBk/Page-Vlink-ACH-Void/input_Original Transaction Type'

2024-05-27 19:45:28 - [MESSAGE][PASSED] - Text '200' is set on object 'Object Repository/RecAndPlayBk/Page-Vlink-ACH-Void/input_Original Transaction Type'

2024-05-27 19:45:28 - [TEST_STEP][PASSED] - click(findTestObject("Object Repository/RecAndPlayBk/Page-Vlink-ACH-Void/input")): Object: 'Object Repository/RecAndPlayBk/Page-Vlink-ACH-Void/input' is clicked on

2024-05-27 19:45:29 - [MESSAGE][PASSED] - Object: 'Object Repository/RecAndPlayBk/Page-Vlink-ACH-Void/input' is clicked on

2024-05-27 19:45:29 - [TEST_STEP][PASSED] - if (verifyTextPresent("Transaction approved, no errors", true)): null

2024-05-27 19:45:29 - [MESSAGE][PASSED] - Text 'Transaction approved, no errors' is present on page  using regular expression

2024-05-27 19:45:29 - [TEST_STEP][PASSED] - println("Transaction Approved, no errors text is present on the Confirmation page"): null

2024-05-27 19:45:29 - [TEST_STEP][PASSED] - out.println("Pass Record Number: " + row): null

2024-05-27 19:45:29 - [TEST_STEP][PASSED] - resText = "Pass": null

2024-05-27 19:45:29 - [TEST_STEP][PASSED] - pages.WriteExcel.demoKey(resText, datText, resColumn, datCloumn, fileLoc, nameSheet, row): pages.WriteExcel.demoKey is PASSED

2024-05-27 19:45:29 - [MESSAGE][PASSED] - pages.WriteExcel.demoKey is PASSED

2024-05-27 19:45:29 - [TEST_STEP][PASSED] - ExecuteTC = findTestData(dataFile).getValue("Execute", row): null

2024-05-27 19:45:29 - [TEST_STEP][PASSED] - out.println("Value of Execute is : " + ExecuteTC): null

2024-05-27 19:45:29 - [TEST_STEP][PASSED] - switch (executionProfile): null

2024-05-27 19:45:29 - [TEST_STEP][PASSED] - case "DemoProfile":: null

2024-05-27 19:45:29 - [TEST_STEP][PASSED] - appID = findTestData(dataFile).getValue("AppIDDemo", row): null

2024-05-27 19:45:30 - [TEST_STEP][PASSED] - username = findTestData(dataFile).getValue("UsernameDemo", row): null

2024-05-27 19:45:30 - [TEST_STEP][PASSED] - password = findTestData(dataFile).getValue("PasswordDemo", row): null

2024-05-27 19:45:30 - [TEST_STEP][PASSED] - break: null

2024-05-27 19:45:30 - [TEST_STEP][PASSED] - if (ExecuteTC.equalsIgnoreCase("Y")): null

2024-05-27 19:45:30 - [TEST_STEP][PASSED] - out.println("Begin Record Number: " + row): null

2024-05-27 19:45:30 - [TEST_STEP][PASSED] - today = new java.util.Date(): null

2024-05-27 19:45:30 - [TEST_STEP][PASSED] - println(today): null

2024-05-27 19:45:30 - [TEST_STEP][PASSED] - datText = today: null

2024-05-27 19:45:30 - [TEST_STEP][PASSED] - checkType = findTestData(dataFile).getValue("CheckType", row): null

2024-05-27 19:45:30 - [TEST_STEP][PASSED] - acNumber = findTestData(dataFile).getValue("AcNumber", row): null

2024-05-27 19:45:30 - [TEST_STEP][PASSED] - company = findTestData(dataFile).getValue("Company", row): null

2024-05-27 19:45:30 - [TEST_STEP][PASSED] - acType = findTestData(dataFile).getValue("AcType", row): null

2024-05-27 19:45:30 - [TEST_STEP][PASSED] - rtn = findTestData(dataFile).getValue("RTN", row): null

2024-05-27 19:45:31 - [TEST_STEP][PASSED] - amount = findTestData(dataFile).getValue("Amount", row): null

2024-05-27 19:45:31 - [TEST_STEP][PASSED] - sec = findTestData(dataFile).getValue("SEC", row): null

2024-05-27 19:45:31 - [TEST_STEP][PASSED] - openBrowser(VLinkURL + "debit.html"): Browser is opened with url: 'https://dev-algorithm.govolution.com/vlinktest/demo/version_2_0/debit.html'

2024-05-27 19:45:31 - [MESSAGE][WARNING] - A browser is already opened. Closing browser and opening a new one

2024-05-27 19:45:32 - [MESSAGE][INFO] - Starting 'Chrome' driver

2024-05-27 19:45:32 - [MESSAGE][INFO] - User set preference: ['acceptInsecureCerts', 'true']

2024-05-27 19:45:32 - [MESSAGE][INFO] - Action delay is set to 0 milliseconds

2024-05-27 19:45:34 - [MESSAGE][PASSED] - Browser is opened with url: 'https://dev-algorithm.govolution.com/vlinktest/demo/version_2_0/debit.html'

2024-05-27 19:45:34 - [TEST_STEP][PASSED] - maximizeWindow(): Current window maximized

2024-05-27 19:45:34 - [MESSAGE][PASSED] - Current window maximized

2024-05-27 19:45:34 - [TEST_STEP][PASSED] - genRemID1 = random() * 99999).toInteger(): null

2024-05-27 19:45:34 - [TEST_STEP][PASSED] - genRemID2 = random() * 99999).toInteger(): null

2024-05-27 19:45:34 - [TEST_STEP][PASSED] - genRemID3 = random() * 99999).toInteger(): null

2024-05-27 19:45:34 - [TEST_STEP][PASSED] - println(genRemID1): null

2024-05-27 19:45:34 - [TEST_STEP][PASSED] - println(genRemID2): null

2024-05-27 19:45:34 - [TEST_STEP][PASSED] - println(genRemID3): null

2024-05-27 19:45:34 - [TEST_STEP][PASSED] - genRemID = genRemID1 + "|" + genRemID2 + "|" + genRemID3: null

2024-05-27 19:45:34 - [TEST_STEP][PASSED] - println(genRemID): null

2024-05-27 19:45:34 - [TEST_STEP][PASSED] - setText(findTestObject("RecAndPlayBk/Page-Vlink-Debit/input_Remittance Id"), genRemID): Text '97998|33160|28934' is set on object 'Object Repository/RecAndPlayBk/Page-Vlink-Debit/input_Remittance Id'

2024-05-27 19:45:35 - [MESSAGE][PASSED] - Text '97998|33160|28934' is set on object 'Object Repository/RecAndPlayBk/Page-Vlink-Debit/input_Remittance Id'

2024-05-27 19:45:35 - [TEST_STEP][PASSED] - setText(findTestObject("RecAndPlayBk/Page-Vlink-Debit/input_Application Id"), appID): Text '1773' is set on object 'Object Repository/RecAndPlayBk/Page-Vlink-Debit/input_Application Id'

2024-05-27 19:45:36 - [MESSAGE][PASSED] - Text '1773' is set on object 'Object Repository/RecAndPlayBk/Page-Vlink-Debit/input_Application Id'

2024-05-27 19:45:36 - [TEST_STEP][PASSED] - setText(findTestObject("RecAndPlayBk/Page-Vlink-Debit/input_Username"), username): Text 'Qq2BV1qtr' is set on object 'Object Repository/RecAndPlayBk/Page-Vlink-Debit/input_Username'

2024-05-27 19:45:37 - [MESSAGE][PASSED] - Text 'Qq2BV1qtr' is set on object 'Object Repository/RecAndPlayBk/Page-Vlink-Debit/input_Username'

2024-05-27 19:45:37 - [TEST_STEP][PASSED] - setText(findTestObject("RecAndPlayBk/Page-Vlink-Debit/input_Password"), password): Text 'tUmWBiLUx' is set on object 'Object Repository/RecAndPlayBk/Page-Vlink-Debit/input_Password'

2024-05-27 19:45:37 - [MESSAGE][PASSED] - Text 'tUmWBiLUx' is set on object 'Object Repository/RecAndPlayBk/Page-Vlink-Debit/input_Password'

2024-05-27 19:45:37 - [TEST_STEP][PASSED] - setText(findTestObject("RecAndPlayBk/Page-Vlink-Debit/input_Check Type"), checkType): Text 'P' is set on object 'Object Repository/RecAndPlayBk/Page-Vlink-Debit/input_Check Type'

2024-05-27 19:45:38 - [MESSAGE][PASSED] - Text 'P' is set on object 'Object Repository/RecAndPlayBk/Page-Vlink-Debit/input_Check Type'

2024-05-27 19:45:38 - [TEST_STEP][PASSED] - setText(findTestObject("RecAndPlayBk/Page-Vlink-Debit/input_Account_check"), acNumber): Text '58963214' is set on object 'Object Repository/RecAndPlayBk/Page-Vlink-Debit/input_Account_check'

2024-05-27 19:45:39 - [MESSAGE][PASSED] - Text '58963214' is set on object 'Object Repository/RecAndPlayBk/Page-Vlink-Debit/input_Account_check'

2024-05-27 19:45:39 - [TEST_STEP][PASSED] - setText(findTestObject("RecAndPlayBk/Page-Vlink-Debit/input_Company_check"), company): Text '' is set on object 'Object Repository/RecAndPlayBk/Page-Vlink-Debit/input_Company_check'

2024-05-27 19:45:39 - [MESSAGE][PASSED] - Text '' is set on object 'Object Repository/RecAndPlayBk/Page-Vlink-Debit/input_Company_check'

2024-05-27 19:45:39 - [TEST_STEP][PASSED] - setText(findTestObject("RecAndPlayBk/Page-Vlink-Debit/input_Account Type"), acType): Text '2' is set on object 'Object Repository/RecAndPlayBk/Page-Vlink-Debit/input_Account Type'

2024-05-27 19:45:40 - [MESSAGE][PASSED] - Text '2' is set on object 'Object Repository/RecAndPlayBk/Page-Vlink-Debit/input_Account Type'

2024-05-27 19:45:40 - [TEST_STEP][PASSED] - setText(findTestObject("RecAndPlayBk/Page-Vlink-Debit/input_Routing Number"), rtn): Text '256072691' is set on object 'Object Repository/RecAndPlayBk/Page-Vlink-Debit/input_Routing Number'

2024-05-27 19:45:41 - [MESSAGE][PASSED] - Text '256072691' is set on object 'Object Repository/RecAndPlayBk/Page-Vlink-Debit/input_Routing Number'

2024-05-27 19:45:41 - [TEST_STEP][PASSED] - setText(findTestObject("RecAndPlayBk/Page-Vlink-Debit/input_Amount"), amount): Text '12.50' is set on object 'Object Repository/RecAndPlayBk/Page-Vlink-Debit/input_Amount'

2024-05-27 19:45:41 - [MESSAGE][PASSED] - Text '12.50' is set on object 'Object Repository/RecAndPlayBk/Page-Vlink-Debit/input_Amount'

2024-05-27 19:45:41 - [TEST_STEP][PASSED] - setText(findTestObject("RecAndPlayBk/Page-Vlink-Debit/input_Check Email"), ""): Text '' is set on object 'Object Repository/RecAndPlayBk/Page-Vlink-Debit/input_Check Email'

2024-05-27 19:45:42 - [MESSAGE][PASSED] - Text '' is set on object 'Object Repository/RecAndPlayBk/Page-Vlink-Debit/input_Check Email'

2024-05-27 19:45:42 - [TEST_STEP][PASSED] - setText(findTestObject("Object Repository/RecAndPlayBk/Page-Vlink-Debit/input_concat(CheckWriter, , s SSN)_check_ssn"), ""): Text '' is set on object 'Object Repository/RecAndPlayBk/Page-Vlink-Debit/input_concat(CheckWriter, , s SSN)_check_ssn'

2024-05-27 19:45:43 - [MESSAGE][PASSED] - Text '' is set on object 'Object Repository/RecAndPlayBk/Page-Vlink-Debit/input_concat(CheckWriter, , s SSN)_check_ssn'

2024-05-27 19:45:43 - [TEST_STEP][PASSED] - setText(findTestObject("Object Repository/RecAndPlayBk/Page-Vlink-Debit/input_concat(CheckWriter, , s License Numbe_020fef"), ""): Text '' is set on object 'Object Repository/RecAndPlayBk/Page-Vlink-Debit/input_concat(CheckWriter, , s License Numbe_020fef'

2024-05-27 19:45:43 - [MESSAGE][PASSED] - Text '' is set on object 'Object Repository/RecAndPlayBk/Page-Vlink-Debit/input_concat(CheckWriter, , s License Numbe_020fef'

2024-05-27 19:45:43 - [TEST_STEP][PASSED] - setText(findTestObject("Object Repository/RecAndPlayBk/Page-Vlink-Debit/input_concat(CheckWriter, , s License State_21e3e7"), ""): Text '' is set on object 'Object Repository/RecAndPlayBk/Page-Vlink-Debit/input_concat(CheckWriter, , s License State_21e3e7'

2024-05-27 19:45:44 - [MESSAGE][PASSED] - Text '' is set on object 'Object Repository/RecAndPlayBk/Page-Vlink-Debit/input_concat(CheckWriter, , s License State_21e3e7'

2024-05-27 19:45:44 - [TEST_STEP][PASSED] - setText(findTestObject("RecAndPlayBk/Page-Vlink-Debit/input_Standard Entry Class"), sec): Text 'TEL' is set on object 'Object Repository/RecAndPlayBk/Page-Vlink-Debit/input_Standard Entry Class'

2024-05-27 19:45:45 - [MESSAGE][PASSED] - Text 'TEL' is set on object 'Object Repository/RecAndPlayBk/Page-Vlink-Debit/input_Standard Entry Class'

2024-05-27 19:45:45 - [TEST_STEP][PASSED] - click(findTestObject("Object Repository/RecAndPlayBk/Page-Vlink-Debit/input")): Object: 'Object Repository/RecAndPlayBk/Page-Vlink-Debit/input' is clicked on

2024-05-27 19:45:45 - [MESSAGE][PASSED] - Object: 'Object Repository/RecAndPlayBk/Page-Vlink-Debit/input' is clicked on

2024-05-27 19:45:45 - [TEST_STEP][PASSED] - if (verifyTextPresent("Transaction approved, no errors", true)): null

2024-05-27 19:45:46 - [MESSAGE][PASSED] - Text 'Transaction approved, no errors' is present on page  using regular expression

2024-05-27 19:45:46 - [TEST_STEP][PASSED] - println("Transaction Approved, no errors text is present on the Confirmation page"): null

2024-05-27 19:45:46 - [TEST_STEP][PASSED] - sdfo = getText(findTestObject("Object Repository/Page_VLinkReceipt/pre_STX")): Text of object 'Object Repository/Page_VLinkReceipt/pre_STX' is: '<STX>97998|33160|28934             2967920             0  Transaction approved, no errors                   0                                                                                                              <ETX>'

2024-05-27 19:45:46 - [MESSAGE][PASSED] - Text of object 'Object Repository/Page_VLinkReceipt/pre_STX' is: '<STX>97998|33160|28934             2967920             0  Transaction approved, no errors                   0                                                                                                              <ETX>'

2024-05-27 19:45:46 - [TEST_STEP][PASSED] - out.println("sdfo: " + sdfo): null

2024-05-27 19:45:46 - [TEST_STEP][PASSED] - remID = substring(5, 35).trim(): null

2024-05-27 19:45:46 - [TEST_STEP][PASSED] - out.println("remID: " + remID): null

2024-05-27 19:45:46 - [TEST_STEP][PASSED] - traxID = substring(35, 55).trim(): null

2024-05-27 19:45:46 - [TEST_STEP][PASSED] - out.println("traxID: " + traxID): null

2024-05-27 19:45:46 - [TEST_STEP][PASSED] - VLinkSaleRemID = remID: null

2024-05-27 19:45:46 - [TEST_STEP][PASSED] - VLinkSaleTranxID = traxID: null

2024-05-27 19:45:46 - [TEST_STEP][PASSED] - openBrowser(VLinkURL + "ACH_void.html"): Browser is opened with url: 'https://dev-algorithm.govolution.com/vlinktest/demo/version_2_0/ACH_void.html'

2024-05-27 19:45:46 - [MESSAGE][WARNING] - A browser is already opened. Closing browser and opening a new one

2024-05-27 19:45:47 - [MESSAGE][INFO] - Starting 'Chrome' driver

2024-05-27 19:45:47 - [MESSAGE][INFO] - User set preference: ['acceptInsecureCerts', 'true']

2024-05-27 19:45:47 - [MESSAGE][INFO] - Action delay is set to 0 milliseconds

2024-05-27 19:45:50 - [MESSAGE][PASSED] - Browser is opened with url: 'https://dev-algorithm.govolution.com/vlinktest/demo/version_2_0/ACH_void.html'

2024-05-27 19:45:50 - [TEST_STEP][PASSED] - maximizeWindow(): Current window maximized

2024-05-27 19:45:50 - [MESSAGE][PASSED] - Current window maximized

2024-05-27 19:45:50 - [TEST_STEP][PASSED] - setText(findTestObject("Object Repository/RecAndPlayBk/Page-Vlink-ACH-Void/input_Remittance Id"), VLinkSaleRemID): Text '97998|33160|28934' is set on object 'Object Repository/RecAndPlayBk/Page-Vlink-ACH-Void/input_Remittance Id'

2024-05-27 19:45:51 - [MESSAGE][PASSED] - Text '97998|33160|28934' is set on object 'Object Repository/RecAndPlayBk/Page-Vlink-ACH-Void/input_Remittance Id'

2024-05-27 19:45:51 - [TEST_STEP][PASSED] - setText(findTestObject("Object Repository/RecAndPlayBk/Page-Vlink-ACH-Void/input_Application Id"), appID): Text '1773' is set on object 'Object Repository/RecAndPlayBk/Page-Vlink-ACH-Void/input_Application Id'

2024-05-27 19:45:52 - [MESSAGE][PASSED] - Text '1773' is set on object 'Object Repository/RecAndPlayBk/Page-Vlink-ACH-Void/input_Application Id'

2024-05-27 19:45:52 - [TEST_STEP][PASSED] - setText(findTestObject("Object Repository/RecAndPlayBk/Page-Vlink-ACH-Void/input_Username"), username): Text 'Qq2BV1qtr' is set on object 'Object Repository/RecAndPlayBk/Page-Vlink-ACH-Void/input_Username'

2024-05-27 19:45:52 - [MESSAGE][PASSED] - Text 'Qq2BV1qtr' is set on object 'Object Repository/RecAndPlayBk/Page-Vlink-ACH-Void/input_Username'

2024-05-27 19:45:52 - [TEST_STEP][PASSED] - setText(findTestObject("Object Repository/RecAndPlayBk/Page-Vlink-ACH-Void/input_Password"), password): Text 'tUmWBiLUx' is set on object 'Object Repository/RecAndPlayBk/Page-Vlink-ACH-Void/input_Password'

2024-05-27 19:45:53 - [MESSAGE][PASSED] - Text 'tUmWBiLUx' is set on object 'Object Repository/RecAndPlayBk/Page-Vlink-ACH-Void/input_Password'

2024-05-27 19:45:53 - [TEST_STEP][PASSED] - setText(findTestObject("Object Repository/RecAndPlayBk/Page-Vlink-ACH-Void/input_Check Type"), checkType): Text 'P' is set on object 'Object Repository/RecAndPlayBk/Page-Vlink-ACH-Void/input_Check Type'

2024-05-27 19:45:54 - [MESSAGE][PASSED] - Text 'P' is set on object 'Object Repository/RecAndPlayBk/Page-Vlink-ACH-Void/input_Check Type'

2024-05-27 19:45:54 - [TEST_STEP][PASSED] - setText(findTestObject("Object Repository/RecAndPlayBk/Page-Vlink-ACH-Void/input_Standard Entry Class"), sec): Text 'TEL' is set on object 'Object Repository/RecAndPlayBk/Page-Vlink-ACH-Void/input_Standard Entry Class'

2024-05-27 19:45:54 - [MESSAGE][PASSED] - Text 'TEL' is set on object 'Object Repository/RecAndPlayBk/Page-Vlink-ACH-Void/input_Standard Entry Class'

2024-05-27 19:45:54 - [TEST_STEP][PASSED] - setText(findTestObject("Object Repository/RecAndPlayBk/Page-Vlink-ACH-Void/input_Transaction ID"), VLinkSaleTranxID): Text '2967920' is set on object 'Object Repository/RecAndPlayBk/Page-Vlink-ACH-Void/input_Transaction ID'

2024-05-27 19:45:55 - [MESSAGE][PASSED] - Text '2967920' is set on object 'Object Repository/RecAndPlayBk/Page-Vlink-ACH-Void/input_Transaction ID'

2024-05-27 19:45:55 - [TEST_STEP][PASSED] - setText(findTestObject("Object Repository/RecAndPlayBk/Page-Vlink-ACH-Void/input_Original Transaction Type"), "200"): Text '200' is set on object 'Object Repository/RecAndPlayBk/Page-Vlink-ACH-Void/input_Original Transaction Type'

2024-05-27 19:45:56 - [MESSAGE][PASSED] - Text '200' is set on object 'Object Repository/RecAndPlayBk/Page-Vlink-ACH-Void/input_Original Transaction Type'

2024-05-27 19:45:56 - [TEST_STEP][PASSED] - click(findTestObject("Object Repository/RecAndPlayBk/Page-Vlink-ACH-Void/input")): Object: 'Object Repository/RecAndPlayBk/Page-Vlink-ACH-Void/input' is clicked on

2024-05-27 19:45:57 - [MESSAGE][PASSED] - Object: 'Object Repository/RecAndPlayBk/Page-Vlink-ACH-Void/input' is clicked on

2024-05-27 19:45:57 - [TEST_STEP][PASSED] - if (verifyTextPresent("Transaction approved, no errors", true)): null

2024-05-27 19:45:58 - [MESSAGE][PASSED] - Text 'Transaction approved, no errors' is present on page  using regular expression

2024-05-27 19:45:58 - [TEST_STEP][PASSED] - println("Transaction Approved, no errors text is present on the Confirmation page"): null

2024-05-27 19:45:58 - [TEST_STEP][PASSED] - out.println("Pass Record Number: " + row): null

2024-05-27 19:45:58 - [TEST_STEP][PASSED] - resText = "Pass": null

2024-05-27 19:45:58 - [TEST_STEP][PASSED] - pages.WriteExcel.demoKey(resText, datText, resColumn, datCloumn, fileLoc, nameSheet, row): pages.WriteExcel.demoKey is PASSED

2024-05-27 19:45:58 - [MESSAGE][PASSED] - pages.WriteExcel.demoKey is PASSED

2024-05-27 19:45:58 - [TEST_STEP][PASSED] - ExecuteTC = findTestData(dataFile).getValue("Execute", row): null

2024-05-27 19:45:58 - [TEST_STEP][PASSED] - out.println("Value of Execute is : " + ExecuteTC): null

2024-05-27 19:45:58 - [TEST_STEP][PASSED] - switch (executionProfile): null

2024-05-27 19:45:58 - [TEST_STEP][PASSED] - case "DemoProfile":: null

2024-05-27 19:45:58 - [TEST_STEP][PASSED] - appID = findTestData(dataFile).getValue("AppIDDemo", row): null

2024-05-27 19:45:58 - [TEST_STEP][PASSED] - username = findTestData(dataFile).getValue("UsernameDemo", row): null

2024-05-27 19:45:58 - [TEST_STEP][PASSED] - password = findTestData(dataFile).getValue("PasswordDemo", row): null

2024-05-27 19:45:58 - [TEST_STEP][PASSED] - break: null

2024-05-27 19:45:58 - [TEST_STEP][PASSED] - if (ExecuteTC.equalsIgnoreCase("Y")): null

2024-05-27 19:45:58 - [TEST_STEP][PASSED] - out.println("Begin Record Number: " + row): null

2024-05-27 19:45:58 - [TEST_STEP][PASSED] - today = new java.util.Date(): null

2024-05-27 19:45:58 - [TEST_STEP][PASSED] - println(today): null

2024-05-27 19:45:58 - [TEST_STEP][PASSED] - datText = today: null

2024-05-27 19:45:58 - [TEST_STEP][PASSED] - checkType = findTestData(dataFile).getValue("CheckType", row): null

2024-05-27 19:45:58 - [TEST_STEP][PASSED] - acNumber = findTestData(dataFile).getValue("AcNumber", row): null

2024-05-27 19:45:58 - [TEST_STEP][PASSED] - company = findTestData(dataFile).getValue("Company", row): null

2024-05-27 19:45:58 - [TEST_STEP][PASSED] - acType = findTestData(dataFile).getValue("AcType", row): null

2024-05-27 19:45:58 - [TEST_STEP][PASSED] - rtn = findTestData(dataFile).getValue("RTN", row): null

2024-05-27 19:45:58 - [TEST_STEP][PASSED] - amount = findTestData(dataFile).getValue("Amount", row): null

2024-05-27 19:45:59 - [TEST_STEP][PASSED] - sec = findTestData(dataFile).getValue("SEC", row): null

2024-05-27 19:45:59 - [TEST_STEP][PASSED] - openBrowser(VLinkURL + "debit.html"): Browser is opened with url: 'https://dev-algorithm.govolution.com/vlinktest/demo/version_2_0/debit.html'

2024-05-27 19:45:59 - [MESSAGE][WARNING] - A browser is already opened. Closing browser and opening a new one

2024-05-27 19:46:00 - [MESSAGE][INFO] - Starting 'Chrome' driver

2024-05-27 19:46:00 - [MESSAGE][INFO] - User set preference: ['acceptInsecureCerts', 'true']

2024-05-27 19:46:00 - [MESSAGE][INFO] - Action delay is set to 0 milliseconds

2024-05-27 19:46:02 - [MESSAGE][PASSED] - Browser is opened with url: 'https://dev-algorithm.govolution.com/vlinktest/demo/version_2_0/debit.html'

2024-05-27 19:46:02 - [TEST_STEP][PASSED] - maximizeWindow(): Current window maximized

2024-05-27 19:46:02 - [MESSAGE][PASSED] - Current window maximized

2024-05-27 19:46:02 - [TEST_STEP][PASSED] - genRemID1 = random() * 99999).toInteger(): null

2024-05-27 19:46:02 - [TEST_STEP][PASSED] - genRemID2 = random() * 99999).toInteger(): null

2024-05-27 19:46:02 - [TEST_STEP][PASSED] - genRemID3 = random() * 99999).toInteger(): null

2024-05-27 19:46:02 - [TEST_STEP][PASSED] - println(genRemID1): null

2024-05-27 19:46:02 - [TEST_STEP][PASSED] - println(genRemID2): null

2024-05-27 19:46:02 - [TEST_STEP][PASSED] - println(genRemID3): null

2024-05-27 19:46:02 - [TEST_STEP][PASSED] - genRemID = genRemID1 + "|" + genRemID2 + "|" + genRemID3: null

2024-05-27 19:46:02 - [TEST_STEP][PASSED] - println(genRemID): null

2024-05-27 19:46:02 - [TEST_STEP][PASSED] - setText(findTestObject("RecAndPlayBk/Page-Vlink-Debit/input_Remittance Id"), genRemID): Text '7449|16732|21080' is set on object 'Object Repository/RecAndPlayBk/Page-Vlink-Debit/input_Remittance Id'

2024-05-27 19:46:03 - [MESSAGE][PASSED] - Text '7449|16732|21080' is set on object 'Object Repository/RecAndPlayBk/Page-Vlink-Debit/input_Remittance Id'

2024-05-27 19:46:03 - [TEST_STEP][PASSED] - setText(findTestObject("RecAndPlayBk/Page-Vlink-Debit/input_Application Id"), appID): Text '1773' is set on object 'Object Repository/RecAndPlayBk/Page-Vlink-Debit/input_Application Id'

2024-05-27 19:46:04 - [MESSAGE][PASSED] - Text '1773' is set on object 'Object Repository/RecAndPlayBk/Page-Vlink-Debit/input_Application Id'

2024-05-27 19:46:04 - [TEST_STEP][PASSED] - setText(findTestObject("RecAndPlayBk/Page-Vlink-Debit/input_Username"), username): Text 'Qq2BV1qtr' is set on object 'Object Repository/RecAndPlayBk/Page-Vlink-Debit/input_Username'

2024-05-27 19:46:04 - [MESSAGE][PASSED] - Text 'Qq2BV1qtr' is set on object 'Object Repository/RecAndPlayBk/Page-Vlink-Debit/input_Username'

2024-05-27 19:46:04 - [TEST_STEP][PASSED] - setText(findTestObject("RecAndPlayBk/Page-Vlink-Debit/input_Password"), password): Text 'tUmWBiLUx' is set on object 'Object Repository/RecAndPlayBk/Page-Vlink-Debit/input_Password'

2024-05-27 19:46:05 - [MESSAGE][PASSED] - Text 'tUmWBiLUx' is set on object 'Object Repository/RecAndPlayBk/Page-Vlink-Debit/input_Password'

2024-05-27 19:46:05 - [TEST_STEP][PASSED] - setText(findTestObject("RecAndPlayBk/Page-Vlink-Debit/input_Check Type"), checkType): Text 'P' is set on object 'Object Repository/RecAndPlayBk/Page-Vlink-Debit/input_Check Type'

2024-05-27 19:46:06 - [MESSAGE][PASSED] - Text 'P' is set on object 'Object Repository/RecAndPlayBk/Page-Vlink-Debit/input_Check Type'

2024-05-27 19:46:06 - [TEST_STEP][PASSED] - setText(findTestObject("RecAndPlayBk/Page-Vlink-Debit/input_Account_check"), acNumber): Text '58963214' is set on object 'Object Repository/RecAndPlayBk/Page-Vlink-Debit/input_Account_check'

2024-05-27 19:46:07 - [MESSAGE][PASSED] - Text '58963214' is set on object 'Object Repository/RecAndPlayBk/Page-Vlink-Debit/input_Account_check'

2024-05-27 19:46:07 - [TEST_STEP][PASSED] - setText(findTestObject("RecAndPlayBk/Page-Vlink-Debit/input_Company_check"), company): Text '' is set on object 'Object Repository/RecAndPlayBk/Page-Vlink-Debit/input_Company_check'

2024-05-27 19:46:07 - [MESSAGE][PASSED] - Text '' is set on object 'Object Repository/RecAndPlayBk/Page-Vlink-Debit/input_Company_check'

2024-05-27 19:46:07 - [TEST_STEP][PASSED] - setText(findTestObject("RecAndPlayBk/Page-Vlink-Debit/input_Account Type"), acType): Text '2' is set on object 'Object Repository/RecAndPlayBk/Page-Vlink-Debit/input_Account Type'

2024-05-27 19:46:08 - [MESSAGE][PASSED] - Text '2' is set on object 'Object Repository/RecAndPlayBk/Page-Vlink-Debit/input_Account Type'

2024-05-27 19:46:08 - [TEST_STEP][PASSED] - setText(findTestObject("RecAndPlayBk/Page-Vlink-Debit/input_Routing Number"), rtn): Text '256072691' is set on object 'Object Repository/RecAndPlayBk/Page-Vlink-Debit/input_Routing Number'

2024-05-27 19:46:09 - [MESSAGE][PASSED] - Text '256072691' is set on object 'Object Repository/RecAndPlayBk/Page-Vlink-Debit/input_Routing Number'

2024-05-27 19:46:09 - [TEST_STEP][PASSED] - setText(findTestObject("RecAndPlayBk/Page-Vlink-Debit/input_Amount"), amount): Text '12.50' is set on object 'Object Repository/RecAndPlayBk/Page-Vlink-Debit/input_Amount'

2024-05-27 19:46:09 - [MESSAGE][PASSED] - Text '12.50' is set on object 'Object Repository/RecAndPlayBk/Page-Vlink-Debit/input_Amount'

2024-05-27 19:46:09 - [TEST_STEP][PASSED] - setText(findTestObject("RecAndPlayBk/Page-Vlink-Debit/input_Check Email"), ""): Text '' is set on object 'Object Repository/RecAndPlayBk/Page-Vlink-Debit/input_Check Email'

2024-05-27 19:46:10 - [MESSAGE][PASSED] - Text '' is set on object 'Object Repository/RecAndPlayBk/Page-Vlink-Debit/input_Check Email'

2024-05-27 19:46:10 - [TEST_STEP][PASSED] - setText(findTestObject("Object Repository/RecAndPlayBk/Page-Vlink-Debit/input_concat(CheckWriter, , s SSN)_check_ssn"), ""): Text '' is set on object 'Object Repository/RecAndPlayBk/Page-Vlink-Debit/input_concat(CheckWriter, , s SSN)_check_ssn'

2024-05-27 19:46:11 - [MESSAGE][PASSED] - Text '' is set on object 'Object Repository/RecAndPlayBk/Page-Vlink-Debit/input_concat(CheckWriter, , s SSN)_check_ssn'

2024-05-27 19:46:11 - [TEST_STEP][PASSED] - setText(findTestObject("Object Repository/RecAndPlayBk/Page-Vlink-Debit/input_concat(CheckWriter, , s License Numbe_020fef"), ""): Text '' is set on object 'Object Repository/RecAndPlayBk/Page-Vlink-Debit/input_concat(CheckWriter, , s License Numbe_020fef'

2024-05-27 19:46:11 - [MESSAGE][PASSED] - Text '' is set on object 'Object Repository/RecAndPlayBk/Page-Vlink-Debit/input_concat(CheckWriter, , s License Numbe_020fef'

2024-05-27 19:46:11 - [TEST_STEP][PASSED] - setText(findTestObject("Object Repository/RecAndPlayBk/Page-Vlink-Debit/input_concat(CheckWriter, , s License State_21e3e7"), ""): Text '' is set on object 'Object Repository/RecAndPlayBk/Page-Vlink-Debit/input_concat(CheckWriter, , s License State_21e3e7'

2024-05-27 19:46:12 - [MESSAGE][PASSED] - Text '' is set on object 'Object Repository/RecAndPlayBk/Page-Vlink-Debit/input_concat(CheckWriter, , s License State_21e3e7'

2024-05-27 19:46:12 - [TEST_STEP][PASSED] - setText(findTestObject("RecAndPlayBk/Page-Vlink-Debit/input_Standard Entry Class"), sec): Text 'PPD' is set on object 'Object Repository/RecAndPlayBk/Page-Vlink-Debit/input_Standard Entry Class'

2024-05-27 19:46:13 - [MESSAGE][PASSED] - Text 'PPD' is set on object 'Object Repository/RecAndPlayBk/Page-Vlink-Debit/input_Standard Entry Class'

2024-05-27 19:46:13 - [TEST_STEP][PASSED] - click(findTestObject("Object Repository/RecAndPlayBk/Page-Vlink-Debit/input")): Object: 'Object Repository/RecAndPlayBk/Page-Vlink-Debit/input' is clicked on

2024-05-27 19:46:14 - [MESSAGE][PASSED] - Object: 'Object Repository/RecAndPlayBk/Page-Vlink-Debit/input' is clicked on

2024-05-27 19:46:14 - [TEST_STEP][PASSED] - if (verifyTextPresent("Transaction approved, no errors", true)): null

2024-05-27 19:46:14 - [MESSAGE][PASSED] - Text 'Transaction approved, no errors' is present on page  using regular expression

2024-05-27 19:46:14 - [TEST_STEP][PASSED] - println("Transaction Approved, no errors text is present on the Confirmation page"): null

2024-05-27 19:46:14 - [TEST_STEP][PASSED] - sdfo = getText(findTestObject("Object Repository/Page_VLinkReceipt/pre_STX")): Text of object 'Object Repository/Page_VLinkReceipt/pre_STX' is: '<STX>7449|16732|21080              2967922             0  Transaction approved, no errors                   0                                                                                                              <ETX>'

2024-05-27 19:46:15 - [MESSAGE][PASSED] - Text of object 'Object Repository/Page_VLinkReceipt/pre_STX' is: '<STX>7449|16732|21080              2967922             0  Transaction approved, no errors                   0                                                                                                              <ETX>'

2024-05-27 19:46:15 - [TEST_STEP][PASSED] - out.println("sdfo: " + sdfo): null

2024-05-27 19:46:15 - [TEST_STEP][PASSED] - remID = substring(5, 35).trim(): null

2024-05-27 19:46:15 - [TEST_STEP][PASSED] - out.println("remID: " + remID): null

2024-05-27 19:46:15 - [TEST_STEP][PASSED] - traxID = substring(35, 55).trim(): null

2024-05-27 19:46:15 - [TEST_STEP][PASSED] - out.println("traxID: " + traxID): null

2024-05-27 19:46:15 - [TEST_STEP][PASSED] - VLinkSaleRemID = remID: null

2024-05-27 19:46:15 - [TEST_STEP][PASSED] - VLinkSaleTranxID = traxID: null

2024-05-27 19:46:15 - [TEST_STEP][PASSED] - openBrowser(VLinkURL + "ACH_void.html"): Browser is opened with url: 'https://dev-algorithm.govolution.com/vlinktest/demo/version_2_0/ACH_void.html'

2024-05-27 19:46:15 - [MESSAGE][WARNING] - A browser is already opened. Closing browser and opening a new one

2024-05-27 19:46:16 - [MESSAGE][INFO] - Starting 'Chrome' driver

2024-05-27 19:46:16 - [MESSAGE][INFO] - User set preference: ['acceptInsecureCerts', 'true']

2024-05-27 19:46:16 - [MESSAGE][INFO] - Action delay is set to 0 milliseconds

2024-05-27 19:46:18 - [MESSAGE][PASSED] - Browser is opened with url: 'https://dev-algorithm.govolution.com/vlinktest/demo/version_2_0/ACH_void.html'

2024-05-27 19:46:18 - [TEST_STEP][PASSED] - maximizeWindow(): Current window maximized

2024-05-27 19:46:18 - [MESSAGE][PASSED] - Current window maximized

2024-05-27 19:46:18 - [TEST_STEP][PASSED] - setText(findTestObject("Object Repository/RecAndPlayBk/Page-Vlink-ACH-Void/input_Remittance Id"), VLinkSaleRemID): Text '7449|16732|21080' is set on object 'Object Repository/RecAndPlayBk/Page-Vlink-ACH-Void/input_Remittance Id'

2024-05-27 19:46:19 - [MESSAGE][PASSED] - Text '7449|16732|21080' is set on object 'Object Repository/RecAndPlayBk/Page-Vlink-ACH-Void/input_Remittance Id'

2024-05-27 19:46:19 - [TEST_STEP][PASSED] - setText(findTestObject("Object Repository/RecAndPlayBk/Page-Vlink-ACH-Void/input_Application Id"), appID): Text '1773' is set on object 'Object Repository/RecAndPlayBk/Page-Vlink-ACH-Void/input_Application Id'

2024-05-27 19:46:20 - [MESSAGE][PASSED] - Text '1773' is set on object 'Object Repository/RecAndPlayBk/Page-Vlink-ACH-Void/input_Application Id'

2024-05-27 19:46:20 - [TEST_STEP][PASSED] - setText(findTestObject("Object Repository/RecAndPlayBk/Page-Vlink-ACH-Void/input_Username"), username): Text 'Qq2BV1qtr' is set on object 'Object Repository/RecAndPlayBk/Page-Vlink-ACH-Void/input_Username'

2024-05-27 19:46:20 - [MESSAGE][PASSED] - Text 'Qq2BV1qtr' is set on object 'Object Repository/RecAndPlayBk/Page-Vlink-ACH-Void/input_Username'

2024-05-27 19:46:20 - [TEST_STEP][PASSED] - setText(findTestObject("Object Repository/RecAndPlayBk/Page-Vlink-ACH-Void/input_Password"), password): Text 'tUmWBiLUx' is set on object 'Object Repository/RecAndPlayBk/Page-Vlink-ACH-Void/input_Password'

2024-05-27 19:46:21 - [MESSAGE][PASSED] - Text 'tUmWBiLUx' is set on object 'Object Repository/RecAndPlayBk/Page-Vlink-ACH-Void/input_Password'

2024-05-27 19:46:21 - [TEST_STEP][PASSED] - setText(findTestObject("Object Repository/RecAndPlayBk/Page-Vlink-ACH-Void/input_Check Type"), checkType): Text 'P' is set on object 'Object Repository/RecAndPlayBk/Page-Vlink-ACH-Void/input_Check Type'

2024-05-27 19:46:22 - [MESSAGE][PASSED] - Text 'P' is set on object 'Object Repository/RecAndPlayBk/Page-Vlink-ACH-Void/input_Check Type'

2024-05-27 19:46:22 - [TEST_STEP][PASSED] - setText(findTestObject("Object Repository/RecAndPlayBk/Page-Vlink-ACH-Void/input_Standard Entry Class"), sec): Text 'PPD' is set on object 'Object Repository/RecAndPlayBk/Page-Vlink-ACH-Void/input_Standard Entry Class'

2024-05-27 19:46:22 - [MESSAGE][PASSED] - Text 'PPD' is set on object 'Object Repository/RecAndPlayBk/Page-Vlink-ACH-Void/input_Standard Entry Class'

2024-05-27 19:46:22 - [TEST_STEP][PASSED] - setText(findTestObject("Object Repository/RecAndPlayBk/Page-Vlink-ACH-Void/input_Transaction ID"), VLinkSaleTranxID): Text '2967922' is set on object 'Object Repository/RecAndPlayBk/Page-Vlink-ACH-Void/input_Transaction ID'

2024-05-27 19:46:23 - [MESSAGE][PASSED] - Text '2967922' is set on object 'Object Repository/RecAndPlayBk/Page-Vlink-ACH-Void/input_Transaction ID'

2024-05-27 19:46:23 - [TEST_STEP][PASSED] - setText(findTestObject("Object Repository/RecAndPlayBk/Page-Vlink-ACH-Void/input_Original Transaction Type"), "200"): Text '200' is set on object 'Object Repository/RecAndPlayBk/Page-Vlink-ACH-Void/input_Original Transaction Type'

2024-05-27 19:46:24 - [MESSAGE][PASSED] - Text '200' is set on object 'Object Repository/RecAndPlayBk/Page-Vlink-ACH-Void/input_Original Transaction Type'

2024-05-27 19:46:24 - [TEST_STEP][PASSED] - click(findTestObject("Object Repository/RecAndPlayBk/Page-Vlink-ACH-Void/input")): Object: 'Object Repository/RecAndPlayBk/Page-Vlink-ACH-Void/input' is clicked on

2024-05-27 19:46:24 - [MESSAGE][PASSED] - Object: 'Object Repository/RecAndPlayBk/Page-Vlink-ACH-Void/input' is clicked on

2024-05-27 19:46:24 - [TEST_STEP][PASSED] - if (verifyTextPresent("Transaction approved, no errors", true)): null

2024-05-27 19:46:25 - [MESSAGE][PASSED] - Text 'Transaction approved, no errors' is present on page  using regular expression

2024-05-27 19:46:25 - [TEST_STEP][PASSED] - println("Transaction Approved, no errors text is present on the Confirmation page"): null

2024-05-27 19:46:25 - [TEST_STEP][PASSED] - out.println("Pass Record Number: " + row): null

2024-05-27 19:46:25 - [TEST_STEP][PASSED] - resText = "Pass": null

2024-05-27 19:46:25 - [TEST_STEP][PASSED] - pages.WriteExcel.demoKey(resText, datText, resColumn, datCloumn, fileLoc, nameSheet, row): pages.WriteExcel.demoKey is PASSED

2024-05-27 19:46:25 - [MESSAGE][PASSED] - pages.WriteExcel.demoKey is PASSED

2024-05-27 19:46:25 - [TEST_STEP][PASSED] - ExecuteTC = findTestData(dataFile).getValue("Execute", row): null

2024-05-27 19:46:25 - [TEST_STEP][PASSED] - out.println("Value of Execute is : " + ExecuteTC): null

2024-05-27 19:46:25 - [TEST_STEP][PASSED] - switch (executionProfile): null

2024-05-27 19:46:25 - [TEST_STEP][PASSED] - case "DemoProfile":: null

2024-05-27 19:46:25 - [TEST_STEP][PASSED] - appID = findTestData(dataFile).getValue("AppIDDemo", row): null

2024-05-27 19:46:25 - [TEST_STEP][PASSED] - username = findTestData(dataFile).getValue("UsernameDemo", row): null

2024-05-27 19:46:25 - [TEST_STEP][PASSED] - password = findTestData(dataFile).getValue("PasswordDemo", row): null

2024-05-27 19:46:25 - [TEST_STEP][PASSED] - break: null

2024-05-27 19:46:25 - [TEST_STEP][PASSED] - if (ExecuteTC.equalsIgnoreCase("Y")): null

2024-05-27 19:46:25 - [TEST_STEP][PASSED] - out.println("Begin Record Number: " + row): null

2024-05-27 19:46:25 - [TEST_STEP][PASSED] - today = new java.util.Date(): null

2024-05-27 19:46:25 - [TEST_STEP][PASSED] - println(today): null

2024-05-27 19:46:25 - [TEST_STEP][PASSED] - datText = today: null

2024-05-27 19:46:25 - [TEST_STEP][PASSED] - checkType = findTestData(dataFile).getValue("CheckType", row): null

2024-05-27 19:46:25 - [TEST_STEP][PASSED] - acNumber = findTestData(dataFile).getValue("AcNumber", row): null

2024-05-27 19:46:25 - [TEST_STEP][PASSED] - company = findTestData(dataFile).getValue("Company", row): null

2024-05-27 19:46:25 - [TEST_STEP][PASSED] - acType = findTestData(dataFile).getValue("AcType", row): null

2024-05-27 19:46:25 - [TEST_STEP][PASSED] - rtn = findTestData(dataFile).getValue("RTN", row): null

2024-05-27 19:46:25 - [TEST_STEP][PASSED] - amount = findTestData(dataFile).getValue("Amount", row): null

2024-05-27 19:46:26 - [TEST_STEP][PASSED] - sec = findTestData(dataFile).getValue("SEC", row): null

2024-05-27 19:46:26 - [TEST_STEP][PASSED] - openBrowser(VLinkURL + "debit.html"): Browser is opened with url: 'https://dev-algorithm.govolution.com/vlinktest/demo/version_2_0/debit.html'

2024-05-27 19:46:26 - [MESSAGE][WARNING] - A browser is already opened. Closing browser and opening a new one

2024-05-27 19:46:27 - [MESSAGE][INFO] - Starting 'Chrome' driver

2024-05-27 19:46:27 - [MESSAGE][INFO] - User set preference: ['acceptInsecureCerts', 'true']

2024-05-27 19:46:27 - [MESSAGE][INFO] - Action delay is set to 0 milliseconds

2024-05-27 19:46:29 - [MESSAGE][PASSED] - Browser is opened with url: 'https://dev-algorithm.govolution.com/vlinktest/demo/version_2_0/debit.html'

2024-05-27 19:46:29 - [TEST_STEP][PASSED] - maximizeWindow(): Current window maximized

2024-05-27 19:46:30 - [MESSAGE][PASSED] - Current window maximized

2024-05-27 19:46:30 - [TEST_STEP][PASSED] - genRemID1 = random() * 99999).toInteger(): null

2024-05-27 19:46:30 - [TEST_STEP][PASSED] - genRemID2 = random() * 99999).toInteger(): null

2024-05-27 19:46:30 - [TEST_STEP][PASSED] - genRemID3 = random() * 99999).toInteger(): null

2024-05-27 19:46:30 - [TEST_STEP][PASSED] - println(genRemID1): null

2024-05-27 19:46:30 - [TEST_STEP][PASSED] - println(genRemID2): null

2024-05-27 19:46:30 - [TEST_STEP][PASSED] - println(genRemID3): null

2024-05-27 19:46:30 - [TEST_STEP][PASSED] - genRemID = genRemID1 + "|" + genRemID2 + "|" + genRemID3: null

2024-05-27 19:46:30 - [TEST_STEP][PASSED] - println(genRemID): null

2024-05-27 19:46:30 - [TEST_STEP][PASSED] - setText(findTestObject("RecAndPlayBk/Page-Vlink-Debit/input_Remittance Id"), genRemID): Text '12716|70390|32734' is set on object 'Object Repository/RecAndPlayBk/Page-Vlink-Debit/input_Remittance Id'

2024-05-27 19:46:30 - [MESSAGE][PASSED] - Text '12716|70390|32734' is set on object 'Object Repository/RecAndPlayBk/Page-Vlink-Debit/input_Remittance Id'

2024-05-27 19:46:30 - [TEST_STEP][PASSED] - setText(findTestObject("RecAndPlayBk/Page-Vlink-Debit/input_Application Id"), appID): Text '1773' is set on object 'Object Repository/RecAndPlayBk/Page-Vlink-Debit/input_Application Id'

2024-05-27 19:46:31 - [MESSAGE][PASSED] - Text '1773' is set on object 'Object Repository/RecAndPlayBk/Page-Vlink-Debit/input_Application Id'

2024-05-27 19:46:31 - [TEST_STEP][PASSED] - setText(findTestObject("RecAndPlayBk/Page-Vlink-Debit/input_Username"), username): Text 'Qq2BV1qtr' is set on object 'Object Repository/RecAndPlayBk/Page-Vlink-Debit/input_Username'

2024-05-27 19:46:32 - [MESSAGE][PASSED] - Text 'Qq2BV1qtr' is set on object 'Object Repository/RecAndPlayBk/Page-Vlink-Debit/input_Username'

2024-05-27 19:46:32 - [TEST_STEP][PASSED] - setText(findTestObject("RecAndPlayBk/Page-Vlink-Debit/input_Password"), password): Text 'tUmWBiLUx' is set on object 'Object Repository/RecAndPlayBk/Page-Vlink-Debit/input_Password'

2024-05-27 19:46:32 - [MESSAGE][PASSED] - Text 'tUmWBiLUx' is set on object 'Object Repository/RecAndPlayBk/Page-Vlink-Debit/input_Password'

2024-05-27 19:46:32 - [TEST_STEP][PASSED] - setText(findTestObject("RecAndPlayBk/Page-Vlink-Debit/input_Check Type"), checkType): Text 'C' is set on object 'Object Repository/RecAndPlayBk/Page-Vlink-Debit/input_Check Type'

2024-05-27 19:46:33 - [MESSAGE][PASSED] - Text 'C' is set on object 'Object Repository/RecAndPlayBk/Page-Vlink-Debit/input_Check Type'

2024-05-27 19:46:33 - [TEST_STEP][PASSED] - setText(findTestObject("RecAndPlayBk/Page-Vlink-Debit/input_Account_check"), acNumber): Text '58963214' is set on object 'Object Repository/RecAndPlayBk/Page-Vlink-Debit/input_Account_check'

2024-05-27 19:46:34 - [MESSAGE][PASSED] - Text '58963214' is set on object 'Object Repository/RecAndPlayBk/Page-Vlink-Debit/input_Account_check'

2024-05-27 19:46:34 - [TEST_STEP][PASSED] - setText(findTestObject("RecAndPlayBk/Page-Vlink-Debit/input_Company_check"), company): Text 'My Company' is set on object 'Object Repository/RecAndPlayBk/Page-Vlink-Debit/input_Company_check'

2024-05-27 19:46:35 - [MESSAGE][PASSED] - Text 'My Company' is set on object 'Object Repository/RecAndPlayBk/Page-Vlink-Debit/input_Company_check'

2024-05-27 19:46:35 - [TEST_STEP][PASSED] - setText(findTestObject("RecAndPlayBk/Page-Vlink-Debit/input_Account Type"), acType): Text '' is set on object 'Object Repository/RecAndPlayBk/Page-Vlink-Debit/input_Account Type'

2024-05-27 19:46:35 - [MESSAGE][PASSED] - Text '' is set on object 'Object Repository/RecAndPlayBk/Page-Vlink-Debit/input_Account Type'

2024-05-27 19:46:35 - [TEST_STEP][PASSED] - setText(findTestObject("RecAndPlayBk/Page-Vlink-Debit/input_Routing Number"), rtn): Text '256072691' is set on object 'Object Repository/RecAndPlayBk/Page-Vlink-Debit/input_Routing Number'

2024-05-27 19:46:36 - [MESSAGE][PASSED] - Text '256072691' is set on object 'Object Repository/RecAndPlayBk/Page-Vlink-Debit/input_Routing Number'

2024-05-27 19:46:36 - [TEST_STEP][PASSED] - setText(findTestObject("RecAndPlayBk/Page-Vlink-Debit/input_Amount"), amount): Text '12.50' is set on object 'Object Repository/RecAndPlayBk/Page-Vlink-Debit/input_Amount'

2024-05-27 19:46:37 - [MESSAGE][PASSED] - Text '12.50' is set on object 'Object Repository/RecAndPlayBk/Page-Vlink-Debit/input_Amount'

2024-05-27 19:46:37 - [TEST_STEP][PASSED] - setText(findTestObject("RecAndPlayBk/Page-Vlink-Debit/input_Check Email"), ""): Text '' is set on object 'Object Repository/RecAndPlayBk/Page-Vlink-Debit/input_Check Email'

2024-05-27 19:46:38 - [MESSAGE][PASSED] - Text '' is set on object 'Object Repository/RecAndPlayBk/Page-Vlink-Debit/input_Check Email'

2024-05-27 19:46:38 - [TEST_STEP][PASSED] - setText(findTestObject("Object Repository/RecAndPlayBk/Page-Vlink-Debit/input_concat(CheckWriter, , s SSN)_check_ssn"), ""): Text '' is set on object 'Object Repository/RecAndPlayBk/Page-Vlink-Debit/input_concat(CheckWriter, , s SSN)_check_ssn'

2024-05-27 19:46:38 - [MESSAGE][PASSED] - Text '' is set on object 'Object Repository/RecAndPlayBk/Page-Vlink-Debit/input_concat(CheckWriter, , s SSN)_check_ssn'

2024-05-27 19:46:38 - [TEST_STEP][PASSED] - setText(findTestObject("Object Repository/RecAndPlayBk/Page-Vlink-Debit/input_concat(CheckWriter, , s License Numbe_020fef"), ""): Text '' is set on object 'Object Repository/RecAndPlayBk/Page-Vlink-Debit/input_concat(CheckWriter, , s License Numbe_020fef'

2024-05-27 19:46:39 - [MESSAGE][PASSED] - Text '' is set on object 'Object Repository/RecAndPlayBk/Page-Vlink-Debit/input_concat(CheckWriter, , s License Numbe_020fef'

2024-05-27 19:46:39 - [TEST_STEP][PASSED] - setText(findTestObject("Object Repository/RecAndPlayBk/Page-Vlink-Debit/input_concat(CheckWriter, , s License State_21e3e7"), ""): Text '' is set on object 'Object Repository/RecAndPlayBk/Page-Vlink-Debit/input_concat(CheckWriter, , s License State_21e3e7'

2024-05-27 19:46:40 - [MESSAGE][PASSED] - Text '' is set on object 'Object Repository/RecAndPlayBk/Page-Vlink-Debit/input_concat(CheckWriter, , s License State_21e3e7'

2024-05-27 19:46:40 - [TEST_STEP][PASSED] - setText(findTestObject("RecAndPlayBk/Page-Vlink-Debit/input_Standard Entry Class"), sec): Text 'CCD' is set on object 'Object Repository/RecAndPlayBk/Page-Vlink-Debit/input_Standard Entry Class'

2024-05-27 19:46:41 - [MESSAGE][PASSED] - Text 'CCD' is set on object 'Object Repository/RecAndPlayBk/Page-Vlink-Debit/input_Standard Entry Class'

2024-05-27 19:46:41 - [TEST_STEP][PASSED] - click(findTestObject("Object Repository/RecAndPlayBk/Page-Vlink-Debit/input")): Object: 'Object Repository/RecAndPlayBk/Page-Vlink-Debit/input' is clicked on

2024-05-27 19:46:42 - [MESSAGE][PASSED] - Object: 'Object Repository/RecAndPlayBk/Page-Vlink-Debit/input' is clicked on

2024-05-27 19:46:42 - [TEST_STEP][PASSED] - if (verifyTextPresent("Transaction approved, no errors", true)): null

2024-05-27 19:46:42 - [MESSAGE][PASSED] - Text 'Transaction approved, no errors' is present on page  using regular expression

2024-05-27 19:46:42 - [TEST_STEP][PASSED] - println("Transaction Approved, no errors text is present on the Confirmation page"): null

2024-05-27 19:46:42 - [TEST_STEP][PASSED] - sdfo = getText(findTestObject("Object Repository/Page_VLinkReceipt/pre_STX")): Text of object 'Object Repository/Page_VLinkReceipt/pre_STX' is: '<STX>12716|70390|32734             2967924             0  Transaction approved, no errors                   0                                                                                                              <ETX>'

2024-05-27 19:46:43 - [MESSAGE][PASSED] - Text of object 'Object Repository/Page_VLinkReceipt/pre_STX' is: '<STX>12716|70390|32734             2967924             0  Transaction approved, no errors                   0                                                                                                              <ETX>'

2024-05-27 19:46:43 - [TEST_STEP][PASSED] - out.println("sdfo: " + sdfo): null

2024-05-27 19:46:43 - [TEST_STEP][PASSED] - remID = substring(5, 35).trim(): null

2024-05-27 19:46:43 - [TEST_STEP][PASSED] - out.println("remID: " + remID): null

2024-05-27 19:46:43 - [TEST_STEP][PASSED] - traxID = substring(35, 55).trim(): null

2024-05-27 19:46:43 - [TEST_STEP][PASSED] - out.println("traxID: " + traxID): null

2024-05-27 19:46:43 - [TEST_STEP][PASSED] - VLinkSaleRemID = remID: null

2024-05-27 19:46:43 - [TEST_STEP][PASSED] - VLinkSaleTranxID = traxID: null

2024-05-27 19:46:43 - [TEST_STEP][PASSED] - openBrowser(VLinkURL + "ACH_void.html"): Browser is opened with url: 'https://dev-algorithm.govolution.com/vlinktest/demo/version_2_0/ACH_void.html'

2024-05-27 19:46:43 - [MESSAGE][WARNING] - A browser is already opened. Closing browser and opening a new one

2024-05-27 19:46:44 - [MESSAGE][INFO] - Starting 'Chrome' driver

2024-05-27 19:46:44 - [MESSAGE][INFO] - User set preference: ['acceptInsecureCerts', 'true']

2024-05-27 19:46:44 - [MESSAGE][INFO] - Action delay is set to 0 milliseconds

2024-05-27 19:46:46 - [MESSAGE][PASSED] - Browser is opened with url: 'https://dev-algorithm.govolution.com/vlinktest/demo/version_2_0/ACH_void.html'

2024-05-27 19:46:46 - [TEST_STEP][PASSED] - maximizeWindow(): Current window maximized

2024-05-27 19:46:46 - [MESSAGE][PASSED] - Current window maximized

2024-05-27 19:46:46 - [TEST_STEP][PASSED] - setText(findTestObject("Object Repository/RecAndPlayBk/Page-Vlink-ACH-Void/input_Remittance Id"), VLinkSaleRemID): Text '12716|70390|32734' is set on object 'Object Repository/RecAndPlayBk/Page-Vlink-ACH-Void/input_Remittance Id'

2024-05-27 19:46:47 - [MESSAGE][PASSED] - Text '12716|70390|32734' is set on object 'Object Repository/RecAndPlayBk/Page-Vlink-ACH-Void/input_Remittance Id'

2024-05-27 19:46:47 - [TEST_STEP][PASSED] - setText(findTestObject("Object Repository/RecAndPlayBk/Page-Vlink-ACH-Void/input_Application Id"), appID): Text '1773' is set on object 'Object Repository/RecAndPlayBk/Page-Vlink-ACH-Void/input_Application Id'

2024-05-27 19:46:48 - [MESSAGE][PASSED] - Text '1773' is set on object 'Object Repository/RecAndPlayBk/Page-Vlink-ACH-Void/input_Application Id'

2024-05-27 19:46:48 - [TEST_STEP][PASSED] - setText(findTestObject("Object Repository/RecAndPlayBk/Page-Vlink-ACH-Void/input_Username"), username): Text 'Qq2BV1qtr' is set on object 'Object Repository/RecAndPlayBk/Page-Vlink-ACH-Void/input_Username'

2024-05-27 19:46:48 - [MESSAGE][PASSED] - Text 'Qq2BV1qtr' is set on object 'Object Repository/RecAndPlayBk/Page-Vlink-ACH-Void/input_Username'

2024-05-27 19:46:48 - [TEST_STEP][PASSED] - setText(findTestObject("Object Repository/RecAndPlayBk/Page-Vlink-ACH-Void/input_Password"), password): Text 'tUmWBiLUx' is set on object 'Object Repository/RecAndPlayBk/Page-Vlink-ACH-Void/input_Password'

2024-05-27 19:46:49 - [MESSAGE][PASSED] - Text 'tUmWBiLUx' is set on object 'Object Repository/RecAndPlayBk/Page-Vlink-ACH-Void/input_Password'

2024-05-27 19:46:49 - [TEST_STEP][PASSED] - setText(findTestObject("Object Repository/RecAndPlayBk/Page-Vlink-ACH-Void/input_Check Type"), checkType): Text 'C' is set on object 'Object Repository/RecAndPlayBk/Page-Vlink-ACH-Void/input_Check Type'

2024-05-27 19:46:49 - [MESSAGE][PASSED] - Text 'C' is set on object 'Object Repository/RecAndPlayBk/Page-Vlink-ACH-Void/input_Check Type'

2024-05-27 19:46:49 - [TEST_STEP][PASSED] - setText(findTestObject("Object Repository/RecAndPlayBk/Page-Vlink-ACH-Void/input_Standard Entry Class"), sec): Text 'CCD' is set on object 'Object Repository/RecAndPlayBk/Page-Vlink-ACH-Void/input_Standard Entry Class'

2024-05-27 19:46:50 - [MESSAGE][PASSED] - Text 'CCD' is set on object 'Object Repository/RecAndPlayBk/Page-Vlink-ACH-Void/input_Standard Entry Class'

2024-05-27 19:46:50 - [TEST_STEP][PASSED] - setText(findTestObject("Object Repository/RecAndPlayBk/Page-Vlink-ACH-Void/input_Transaction ID"), VLinkSaleTranxID): Text '2967924' is set on object 'Object Repository/RecAndPlayBk/Page-Vlink-ACH-Void/input_Transaction ID'

2024-05-27 19:46:51 - [MESSAGE][PASSED] - Text '2967924' is set on object 'Object Repository/RecAndPlayBk/Page-Vlink-ACH-Void/input_Transaction ID'

2024-05-27 19:46:51 - [TEST_STEP][PASSED] - setText(findTestObject("Object Repository/RecAndPlayBk/Page-Vlink-ACH-Void/input_Original Transaction Type"), "200"): Text '200' is set on object 'Object Repository/RecAndPlayBk/Page-Vlink-ACH-Void/input_Original Transaction Type'

2024-05-27 19:46:52 - [MESSAGE][PASSED] - Text '200' is set on object 'Object Repository/RecAndPlayBk/Page-Vlink-ACH-Void/input_Original Transaction Type'

2024-05-27 19:46:52 - [TEST_STEP][PASSED] - click(findTestObject("Object Repository/RecAndPlayBk/Page-Vlink-ACH-Void/input")): Object: 'Object Repository/RecAndPlayBk/Page-Vlink-ACH-Void/input' is clicked on

2024-05-27 19:46:52 - [MESSAGE][PASSED] - Object: 'Object Repository/RecAndPlayBk/Page-Vlink-ACH-Void/input' is clicked on

2024-05-27 19:46:52 - [TEST_STEP][PASSED] - if (verifyTextPresent("Transaction approved, no errors", true)): null

2024-05-27 19:46:53 - [MESSAGE][PASSED] - Text 'Transaction approved, no errors' is present on page  using regular expression

2024-05-27 19:46:53 - [TEST_STEP][PASSED] - println("Transaction Approved, no errors text is present on the Confirmation page"): null

2024-05-27 19:46:53 - [TEST_STEP][PASSED] - out.println("Pass Record Number: " + row): null

2024-05-27 19:46:53 - [TEST_STEP][PASSED] - resText = "Pass": null

2024-05-27 19:46:53 - [TEST_STEP][PASSED] - pages.WriteExcel.demoKey(resText, datText, resColumn, datCloumn, fileLoc, nameSheet, row): pages.WriteExcel.demoKey is PASSED

2024-05-27 19:46:53 - [MESSAGE][PASSED] - pages.WriteExcel.demoKey is PASSED]]></system-out>
         <system-err><![CDATA[]]></system-err>
      </testcase>
      <system-out><![CDATA[2024-05-27 18:56:58 - [TEST_SUITE][PASSED] - QA_Smoke_Test: Test Cases/RecAndPlayBk/VLink/Debit-Void-RemID-Pipe]]></system-out>
      <system-err><![CDATA[]]></system-err>
   </testsuite>
</testsuites>
