<?xml version="1.0" encoding="UTF-8"?>
<testsuites name="QA_Smoke_Test" time="126.213" tests="1" failures="0" errors="0">
   <testsuite name="QA_Smoke_Test" tests="1" failures="0" errors="0" time="126.213" skipped="0" timestamp="2022-10-07 14:55:23" hostname="imtiaz - DESKTOP-B2QI6NS.govolution.com" id="Test Suites/QA/VLink/QA_Smoke_Test">
      <properties>
         <property name="deviceName" value=""/>
         <property name="devicePlatform" value=""/>
         <property name="logFolder" value="E:\\Cloned-Project-Katalon\\VPS-Katalon\\Reports\\20221007_145516\\QA\\VLink\\QA_Smoke_Test\\20221007_145516"/>
         <property name="logFiles" value="E:\\Cloned-Project-Katalon\\VPS-Katalon\\Reports\\20221007_145516\\QA\\VLink\\QA_Smoke_Test\\20221007_145516\\execution0.log"/>
         <property name="attachments" value=""/>
         <property name="hostName" value="imtiaz - DESKTOP-B2QI6NS.govolution.com"/>
         <property name="os" value="Windows 10 64bit"/>
         <property name="katalonVersion" value="8.2.5.208"/>
         <property name="browser" value="Chrome 105.0.0.0"/>
         <property name="hostAddress" value="172.31.253.54"/>
         <property name="sessionId" value="a7c392ab049a93049b7418780ae37e01"/>
         <property name="seleniumVersion" value="3.141.59"/>
         <property name="proxyInformation" value="ProxyInformation { proxyOption=NO_PROXY, proxyServerType=HTTP, username=, password=********, proxyServerAddress=, proxyServerPort=0, executionList=&quot;&quot;, isApplyToDesiredCapabilities=true }"/>
         <property name="platform" value="Windows 10"/>
      </properties>
      <testcase name="Test Cases/RecAndPlayBk/VLink/Auth-Capture" time="125.745" classname="Test Cases/RecAndPlayBk/VLink/Auth-Capture" status="PASSED">
         <system-out><![CDATA[2022-10-07 14:55:24 - [TEST_CASE][PASSED] - Test Cases/RecAndPlayBk/VLink/Auth-Capture: Test Cases/RecAndPlayBk/VLink/Auth-Capture

2022-10-07 14:55:25 - [TEST_STEP][PASSED] - executionProfile = getExecutionProfile(): null

2022-10-07 14:55:25 - [TEST_STEP][PASSED] - out.println("executionProfile : " + executionProfile): null

2022-10-07 14:55:25 - [TEST_STEP][PASSED] - appName = <not implemented yet for class: org.codehaus.groovy.ast.expr.EmptyExpression>: null

2022-10-07 14:55:25 - [TEST_STEP][PASSED] - appID = <not implemented yet for class: org.codehaus.groovy.ast.expr.EmptyExpression>: null

2022-10-07 14:55:25 - [TEST_STEP][PASSED] - username = <not implemented yet for class: org.codehaus.groovy.ast.expr.EmptyExpression>: null

2022-10-07 14:55:25 - [TEST_STEP][PASSED] - password = <not implemented yet for class: org.codehaus.groovy.ast.expr.EmptyExpression>: null

2022-10-07 14:55:25 - [TEST_STEP][PASSED] - cardNameV = <not implemented yet for class: org.codehaus.groovy.ast.expr.EmptyExpression>: null

2022-10-07 14:55:25 - [TEST_STEP][PASSED] - al1V = <not implemented yet for class: org.codehaus.groovy.ast.expr.EmptyExpression>: null

2022-10-07 14:55:25 - [TEST_STEP][PASSED] - al2V = <not implemented yet for class: org.codehaus.groovy.ast.expr.EmptyExpression>: null

2022-10-07 14:55:25 - [TEST_STEP][PASSED] - zipV = <not implemented yet for class: org.codehaus.groovy.ast.expr.EmptyExpression>: null

2022-10-07 14:55:25 - [TEST_STEP][PASSED] - cardTypeV = <not implemented yet for class: org.codehaus.groovy.ast.expr.EmptyExpression>: null

2022-10-07 14:55:25 - [TEST_STEP][PASSED] - last4V = <not implemented yet for class: org.codehaus.groovy.ast.expr.EmptyExpression>: null

2022-10-07 14:55:25 - [TEST_STEP][PASSED] - resText = "Fail": null

2022-10-07 14:55:25 - [TEST_STEP][PASSED] - resColumn = "Result": null

2022-10-07 14:55:25 - [TEST_STEP][PASSED] - datCloumn = "Date": null

2022-10-07 14:55:25 - [TEST_STEP][PASSED] - fileLoc = "KatalonData/VLinkSmokeData.xlsx": null

2022-10-07 14:55:25 - [TEST_STEP][PASSED] - numOfRows = <not implemented yet for class: org.codehaus.groovy.ast.expr.EmptyExpression>: null

2022-10-07 14:55:25 - [TEST_STEP][PASSED] - dataFile = <not implemented yet for class: org.codehaus.groovy.ast.expr.EmptyExpression>: null

2022-10-07 14:55:25 - [TEST_STEP][PASSED] - nameSheet = <not implemented yet for class: org.codehaus.groovy.ast.expr.EmptyExpression>: null

2022-10-07 14:55:25 - [TEST_STEP][PASSED] - nameSheet = "AuthCapture": null

2022-10-07 14:55:25 - [TEST_STEP][PASSED] - numOfRows = findTestData("QA/VLinkTestData/VLinkAuthCaptureData").getRowNumbers(): null

2022-10-07 14:55:26 - [TEST_STEP][PASSED] - println("Number of Records: " + numOfRows): null

2022-10-07 14:55:26 - [TEST_STEP][PASSED] - dataFile = "QA/VLinkTestData/VLinkAuthCaptureData": null

2022-10-07 14:55:26 - [TEST_STEP][PASSED] - for ([row = 1, row <= numOfRows, (row++)]): null

2022-10-07 14:55:26 - [TEST_STEP][PASSED] - ExecuteTC = findTestData(dataFile).getValue("Execute", row): null

2022-10-07 14:55:26 - [TEST_STEP][PASSED] - out.println("Value of Execute is : " + ExecuteTC): null

2022-10-07 14:55:26 - [TEST_STEP][PASSED] - switch (executionProfile): null

2022-10-07 14:55:26 - [TEST_STEP][PASSED] - case "QA2Profile":: null

2022-10-07 14:55:26 - [TEST_STEP][PASSED] - appID = findTestData(dataFile).getValue("AppIDQA", row): null

2022-10-07 14:55:26 - [TEST_STEP][PASSED] - username = findTestData(dataFile).getValue("UsernameQA", row): null

2022-10-07 14:55:26 - [TEST_STEP][PASSED] - password = findTestData(dataFile).getValue("PasswordQA", row): null

2022-10-07 14:55:26 - [TEST_STEP][PASSED] - break: null

2022-10-07 14:55:26 - [TEST_STEP][PASSED] - if (ExecuteTC.equalsIgnoreCase("Y")): null

2022-10-07 14:55:26 - [TEST_STEP][PASSED] - out.println("Begin Record Number: " + row): null

2022-10-07 14:55:26 - [TEST_STEP][PASSED] - today = new java.util.Date(): null

2022-10-07 14:55:26 - [TEST_STEP][PASSED] - println(today): null

2022-10-07 14:55:26 - [TEST_STEP][PASSED] - datText = today: null

2022-10-07 14:55:26 - [TEST_STEP][PASSED] - category = findTestData(dataFile).getValue("Category", row): null

2022-10-07 14:55:26 - [TEST_STEP][PASSED] - amount = findTestData(dataFile).getValue("Amount", row): null

2022-10-07 14:55:26 - [TEST_STEP][PASSED] - cardNumber = findTestData(dataFile).getValue("CardNumber", row): null

2022-10-07 14:55:26 - [TEST_STEP][PASSED] - exM = findTestData(dataFile).getValue("ExM", row): null

2022-10-07 14:55:26 - [TEST_STEP][PASSED] - exY = findTestData(dataFile).getValue("ExY", row): null

2022-10-07 14:55:26 - [TEST_STEP][PASSED] - openBrowser(VLinkURL + "auth.html"): Browser is opened with url: 'https://dev-algorithm.govolution.com/vlinktest/QA2/version_2_0/auth.html'

2022-10-07 14:55:27 - [MESSAGE][INFO] - Starting 'Chrome' driver

2022-10-07 14:55:27 - [MESSAGE][INFO] - User set preference: ['acceptInsecureCerts', 'true']

2022-10-07 14:55:27 - [MESSAGE][INFO] - Action delay is set to 0 milliseconds

2022-10-07 14:55:31 - [MESSAGE][PASSED] - Browser is opened with url: 'https://dev-algorithm.govolution.com/vlinktest/QA2/version_2_0/auth.html'

2022-10-07 14:55:31 - [TEST_STEP][PASSED] - maximizeWindow(): Current window maximized

2022-10-07 14:55:31 - [MESSAGE][PASSED] - Current window maximized

2022-10-07 14:55:31 - [TEST_STEP][PASSED] - genRemID = RandomStringUtils.random(12, true, true): null

2022-10-07 14:55:31 - [TEST_STEP][PASSED] - setText(findTestObject("Object Repository/RecAndPlayBk/Page-Vlink-AuthOnly/input_Remittance Id_remittance_id"), genRemID): Text 'EjUAPsPJCZCn' is set on object 'Object Repository/RecAndPlayBk/Page-Vlink-AuthOnly/input_Remittance Id_remittance_id'

2022-10-07 14:55:32 - [MESSAGE][PASSED] - Text 'EjUAPsPJCZCn' is set on object 'Object Repository/RecAndPlayBk/Page-Vlink-AuthOnly/input_Remittance Id_remittance_id'

2022-10-07 14:55:32 - [TEST_STEP][PASSED] - setText(findTestObject("Object Repository/RecAndPlayBk/Page-Vlink-AuthOnly/input_Application Id_application_id"), appID): Text '234' is set on object 'Object Repository/RecAndPlayBk/Page-Vlink-AuthOnly/input_Application Id_application_id'

2022-10-07 14:55:32 - [MESSAGE][PASSED] - Text '234' is set on object 'Object Repository/RecAndPlayBk/Page-Vlink-AuthOnly/input_Application Id_application_id'

2022-10-07 14:55:32 - [TEST_STEP][PASSED] - setText(findTestObject("Object Repository/RecAndPlayBk/Page-Vlink-AuthOnly/input_Username_username"), username): Text 'username' is set on object 'Object Repository/RecAndPlayBk/Page-Vlink-AuthOnly/input_Username_username'

2022-10-07 14:55:33 - [MESSAGE][PASSED] - Text 'username' is set on object 'Object Repository/RecAndPlayBk/Page-Vlink-AuthOnly/input_Username_username'

2022-10-07 14:55:33 - [TEST_STEP][PASSED] - setText(findTestObject("Object Repository/RecAndPlayBk/Page-Vlink-AuthOnly/input_Password_password"), password): Text 'password' is set on object 'Object Repository/RecAndPlayBk/Page-Vlink-AuthOnly/input_Password_password'

2022-10-07 14:55:34 - [MESSAGE][PASSED] - Text 'password' is set on object 'Object Repository/RecAndPlayBk/Page-Vlink-AuthOnly/input_Password_password'

2022-10-07 14:55:34 - [TEST_STEP][PASSED] - setText(findTestObject("Object Repository/RecAndPlayBk/Page-Vlink-AuthOnly/input_Category_category"), category): Text 'ECOM' is set on object 'Object Repository/RecAndPlayBk/Page-Vlink-AuthOnly/input_Category_category'

2022-10-07 14:55:34 - [MESSAGE][PASSED] - Text 'ECOM' is set on object 'Object Repository/RecAndPlayBk/Page-Vlink-AuthOnly/input_Category_category'

2022-10-07 14:55:34 - [TEST_STEP][PASSED] - setText(findTestObject("Object Repository/RecAndPlayBk/Page-Vlink-AuthOnly/input_Amount_amount"), amount): Text '10.5' is set on object 'Object Repository/RecAndPlayBk/Page-Vlink-AuthOnly/input_Amount_amount'

2022-10-07 14:55:35 - [MESSAGE][PASSED] - Text '10.5' is set on object 'Object Repository/RecAndPlayBk/Page-Vlink-AuthOnly/input_Amount_amount'

2022-10-07 14:55:35 - [TEST_STEP][PASSED] - doubleClick(findTestObject("Object Repository/RecAndPlayBk/Page-Vlink-AuthOnly/input_Card number_card_number")): Object: 'Object Repository/RecAndPlayBk/Page-Vlink-AuthOnly/input_Card number_card_number' is double clicked on

2022-10-07 14:55:36 - [MESSAGE][PASSED] - Object: 'Object Repository/RecAndPlayBk/Page-Vlink-AuthOnly/input_Card number_card_number' is double clicked on

2022-10-07 14:55:36 - [TEST_STEP][PASSED] - setText(findTestObject("Object Repository/RecAndPlayBk/Page-Vlink-AuthOnly/input_Card number_card_number"), cardNumber): Text '4111111111111111' is set on object 'Object Repository/RecAndPlayBk/Page-Vlink-AuthOnly/input_Card number_card_number'

2022-10-07 14:55:36 - [MESSAGE][PASSED] - Text '4111111111111111' is set on object 'Object Repository/RecAndPlayBk/Page-Vlink-AuthOnly/input_Card number_card_number'

2022-10-07 14:55:36 - [TEST_STEP][PASSED] - setText(findTestObject("Object Repository/RecAndPlayBk/Page-Vlink-AuthOnly/input_Card ex month_card_exmo"), exM): Text '12' is set on object 'Object Repository/RecAndPlayBk/Page-Vlink-AuthOnly/input_Card ex month_card_exmo'

2022-10-07 14:55:37 - [MESSAGE][PASSED] - Text '12' is set on object 'Object Repository/RecAndPlayBk/Page-Vlink-AuthOnly/input_Card ex month_card_exmo'

2022-10-07 14:55:37 - [TEST_STEP][PASSED] - setText(findTestObject("Object Repository/RecAndPlayBk/Page-Vlink-AuthOnly/input_Card ex year_card_exyr"), exY): Text '2029' is set on object 'Object Repository/RecAndPlayBk/Page-Vlink-AuthOnly/input_Card ex year_card_exyr'

2022-10-07 14:55:38 - [MESSAGE][PASSED] - Text '2029' is set on object 'Object Repository/RecAndPlayBk/Page-Vlink-AuthOnly/input_Card ex year_card_exyr'

2022-10-07 14:55:38 - [TEST_STEP][PASSED] - click(findTestObject("Object Repository/RecAndPlayBk/Page-Vlink-AuthOnly/input_Track Data_track_data")): Object: 'Object Repository/RecAndPlayBk/Page-Vlink-AuthOnly/input_Track Data_track_data' is clicked on

2022-10-07 14:55:38 - [MESSAGE][PASSED] - Object: 'Object Repository/RecAndPlayBk/Page-Vlink-AuthOnly/input_Track Data_track_data' is clicked on

2022-10-07 14:55:38 - [TEST_STEP][PASSED] - click(findTestObject("Object Repository/RecAndPlayBk/Page-Vlink-AuthOnly/input_CVV state_cvv_state")): Object: 'Object Repository/RecAndPlayBk/Page-Vlink-AuthOnly/input_CVV state_cvv_state' is clicked on

2022-10-07 14:55:38 - [MESSAGE][PASSED] - Object: 'Object Repository/RecAndPlayBk/Page-Vlink-AuthOnly/input_CVV state_cvv_state' is clicked on

2022-10-07 14:55:38 - [TEST_STEP][PASSED] - setText(findTestObject("Object Repository/RecAndPlayBk/Page-Vlink-AuthOnly/input_Track Data_track_data"), ""): Text '' is set on object 'Object Repository/RecAndPlayBk/Page-Vlink-AuthOnly/input_Track Data_track_data'

2022-10-07 14:55:39 - [MESSAGE][PASSED] - Text '' is set on object 'Object Repository/RecAndPlayBk/Page-Vlink-AuthOnly/input_Track Data_track_data'

2022-10-07 14:55:39 - [TEST_STEP][PASSED] - setText(findTestObject("Object Repository/RecAndPlayBk/Page-Vlink-AuthOnly/input_concat(Cardholder, , s email)_email"), ""): Text '' is set on object 'Object Repository/RecAndPlayBk/Page-Vlink-AuthOnly/input_concat(Cardholder, , s email)_email'

2022-10-07 14:55:40 - [MESSAGE][PASSED] - Text '' is set on object 'Object Repository/RecAndPlayBk/Page-Vlink-AuthOnly/input_concat(Cardholder, , s email)_email'

2022-10-07 14:55:40 - [TEST_STEP][PASSED] - click(findTestObject("Object Repository/RecAndPlayBk/Page-Vlink-AuthOnly/input_user_defined10_user_defined10")): Object: 'Object Repository/RecAndPlayBk/Page-Vlink-AuthOnly/input_user_defined10_user_defined10' is clicked on

2022-10-07 14:55:40 - [MESSAGE][PASSED] - Object: 'Object Repository/RecAndPlayBk/Page-Vlink-AuthOnly/input_user_defined10_user_defined10' is clicked on

2022-10-07 14:55:40 - [TEST_STEP][PASSED] - if (executionProfile.equalsIgnoreCase("QAProfile")): null

2022-10-07 14:55:40 - [TEST_STEP][PASSED] - click(findTestObject("Object Repository/RecAndPlayBk/Page-Vlink-AuthOnly/input")): Object: 'Object Repository/RecAndPlayBk/Page-Vlink-AuthOnly/input' is clicked on

2022-10-07 14:55:41 - [MESSAGE][PASSED] - Object: 'Object Repository/RecAndPlayBk/Page-Vlink-AuthOnly/input' is clicked on

2022-10-07 14:55:41 - [TEST_STEP][PASSED] - if (verifyTextPresent("Transaction approved, no errors", true)): null

2022-10-07 14:55:42 - [MESSAGE][PASSED] - Text 'Transaction approved, no errors' is present on page  using regular expression

2022-10-07 14:55:42 - [TEST_STEP][PASSED] - out.println("Auth was successful, Capture now"): null

2022-10-07 14:55:42 - [TEST_STEP][PASSED] - sdfo = getText(findTestObject("Object Repository/Page_VLinkReceipt/pre_STX")): Text of object 'Object Repository/Page_VLinkReceipt/pre_STX' is: '<STX>EjUAPsPJCZCn                  12118963            0  Transaction approved, no errors                   0                                                                                  Y 151123227<ETX>'

2022-10-07 14:55:42 - [MESSAGE][PASSED] - Text of object 'Object Repository/Page_VLinkReceipt/pre_STX' is: '<STX>EjUAPsPJCZCn                  12118963            0  Transaction approved, no errors                   0                                                                                  Y 151123227<ETX>'

2022-10-07 14:55:42 - [TEST_STEP][PASSED] - out.println("sdfo: " + sdfo): null

2022-10-07 14:55:42 - [TEST_STEP][PASSED] - remID = substring(5, 35).trim(): null

2022-10-07 14:55:42 - [TEST_STEP][PASSED] - out.println("remID: " + remID): null

2022-10-07 14:55:42 - [TEST_STEP][PASSED] - traxID = substring(35, 55).trim(): null

2022-10-07 14:55:42 - [TEST_STEP][PASSED] - out.println("traxID: " + traxID): null

2022-10-07 14:55:42 - [TEST_STEP][PASSED] - VLinkSaleRemID = remID: null

2022-10-07 14:55:42 - [TEST_STEP][PASSED] - VLinkSaleTranxID = traxID: null

2022-10-07 14:55:42 - [TEST_STEP][PASSED] - openBrowser(VLinkURL + "capture.html"): Browser is opened with url: 'https://dev-algorithm.govolution.com/vlinktest/QA2/version_2_0/capture.html'

2022-10-07 14:55:42 - [MESSAGE][WARNING] - A browser is already opened. Closing browser and opening a new one

2022-10-07 14:55:43 - [MESSAGE][INFO] - Starting 'Chrome' driver

2022-10-07 14:55:43 - [MESSAGE][INFO] - User set preference: ['acceptInsecureCerts', 'true']

2022-10-07 14:55:43 - [MESSAGE][INFO] - Action delay is set to 0 milliseconds

2022-10-07 14:55:45 - [MESSAGE][PASSED] - Browser is opened with url: 'https://dev-algorithm.govolution.com/vlinktest/QA2/version_2_0/capture.html'

2022-10-07 14:55:45 - [TEST_STEP][PASSED] - maximizeWindow(): Current window maximized

2022-10-07 14:55:45 - [MESSAGE][PASSED] - Current window maximized

2022-10-07 14:55:45 - [TEST_STEP][PASSED] - setText(findTestObject("Object Repository/RecAndPlayBk/Page-VLink-Capture/input_Remittance Id_remittance_id"), VLinkSaleRemID): Text 'EjUAPsPJCZCn' is set on object 'Object Repository/RecAndPlayBk/Page-VLink-Capture/input_Remittance Id_remittance_id'

2022-10-07 14:55:46 - [MESSAGE][PASSED] - Text 'EjUAPsPJCZCn' is set on object 'Object Repository/RecAndPlayBk/Page-VLink-Capture/input_Remittance Id_remittance_id'

2022-10-07 14:55:46 - [TEST_STEP][PASSED] - setText(findTestObject("Object Repository/RecAndPlayBk/Page-VLink-Capture/input_Application Id_application_id"), appID): Text '234' is set on object 'Object Repository/RecAndPlayBk/Page-VLink-Capture/input_Application Id_application_id'

2022-10-07 14:55:47 - [MESSAGE][PASSED] - Text '234' is set on object 'Object Repository/RecAndPlayBk/Page-VLink-Capture/input_Application Id_application_id'

2022-10-07 14:55:47 - [TEST_STEP][PASSED] - setText(findTestObject("Object Repository/RecAndPlayBk/Page-VLink-Capture/input_Username_username"), username): Text 'username' is set on object 'Object Repository/RecAndPlayBk/Page-VLink-Capture/input_Username_username'

2022-10-07 14:55:47 - [MESSAGE][PASSED] - Text 'username' is set on object 'Object Repository/RecAndPlayBk/Page-VLink-Capture/input_Username_username'

2022-10-07 14:55:47 - [TEST_STEP][PASSED] - setText(findTestObject("Object Repository/RecAndPlayBk/Page-VLink-Capture/input_Password_password"), password): Text 'password' is set on object 'Object Repository/RecAndPlayBk/Page-VLink-Capture/input_Password_password'

2022-10-07 14:55:48 - [MESSAGE][PASSED] - Text 'password' is set on object 'Object Repository/RecAndPlayBk/Page-VLink-Capture/input_Password_password'

2022-10-07 14:55:48 - [TEST_STEP][PASSED] - setText(findTestObject("Object Repository/RecAndPlayBk/Page-VLink-Capture/input_Transaction ID_transaction_id"), VLinkSaleTranxID): Text '12118963' is set on object 'Object Repository/RecAndPlayBk/Page-VLink-Capture/input_Transaction ID_transaction_id'

2022-10-07 14:55:49 - [MESSAGE][PASSED] - Text '12118963' is set on object 'Object Repository/RecAndPlayBk/Page-VLink-Capture/input_Transaction ID_transaction_id'

2022-10-07 14:55:49 - [TEST_STEP][PASSED] - setText(findTestObject("Object Repository/RecAndPlayBk/Page-VLink-Capture/input_Amount_amount"), amount): Text '10.5' is set on object 'Object Repository/RecAndPlayBk/Page-VLink-Capture/input_Amount_amount'

2022-10-07 14:55:49 - [MESSAGE][PASSED] - Text '10.5' is set on object 'Object Repository/RecAndPlayBk/Page-VLink-Capture/input_Amount_amount'

2022-10-07 14:55:49 - [TEST_STEP][PASSED] - click(findTestObject("Object Repository/RecAndPlayBk/Page-VLink-Capture/input")): Object: 'Object Repository/RecAndPlayBk/Page-VLink-Capture/input' is clicked on

2022-10-07 14:55:51 - [MESSAGE][PASSED] - Object: 'Object Repository/RecAndPlayBk/Page-VLink-Capture/input' is clicked on

2022-10-07 14:55:51 - [TEST_STEP][PASSED] - if (verifyTextPresent("Transaction approved, no errors", true)): null

2022-10-07 14:55:51 - [MESSAGE][PASSED] - Text 'Transaction approved, no errors' is present on page  using regular expression

2022-10-07 14:55:51 - [TEST_STEP][PASSED] - println("Transaction Approved, no errors text is present on the Confirmation page"): null

2022-10-07 14:55:51 - [TEST_STEP][PASSED] - out.println("Pass Record Number: " + row): null

2022-10-07 14:55:51 - [TEST_STEP][PASSED] - resText = "Pass": null

2022-10-07 14:55:51 - [TEST_STEP][PASSED] - pages.WriteExcel.demoKey(resText, datText, resColumn, datCloumn, fileLoc, nameSheet, row): pages.WriteExcel.demoKey is PASSED

2022-10-07 14:55:52 - [MESSAGE][PASSED] - pages.WriteExcel.demoKey is PASSED

2022-10-07 14:55:52 - [TEST_STEP][PASSED] - ExecuteTC = findTestData(dataFile).getValue("Execute", row): null

2022-10-07 14:55:52 - [TEST_STEP][PASSED] - out.println("Value of Execute is : " + ExecuteTC): null

2022-10-07 14:55:52 - [TEST_STEP][PASSED] - switch (executionProfile): null

2022-10-07 14:55:52 - [TEST_STEP][PASSED] - case "QA2Profile":: null

2022-10-07 14:55:52 - [TEST_STEP][PASSED] - appID = findTestData(dataFile).getValue("AppIDQA", row): null

2022-10-07 14:55:52 - [TEST_STEP][PASSED] - username = findTestData(dataFile).getValue("UsernameQA", row): null

2022-10-07 14:55:52 - [TEST_STEP][PASSED] - password = findTestData(dataFile).getValue("PasswordQA", row): null

2022-10-07 14:55:52 - [TEST_STEP][PASSED] - break: null

2022-10-07 14:55:52 - [TEST_STEP][PASSED] - if (ExecuteTC.equalsIgnoreCase("Y")): null

2022-10-07 14:55:52 - [TEST_STEP][PASSED] - out.println("Begin Record Number: " + row): null

2022-10-07 14:55:52 - [TEST_STEP][PASSED] - today = new java.util.Date(): null

2022-10-07 14:55:52 - [TEST_STEP][PASSED] - println(today): null

2022-10-07 14:55:52 - [TEST_STEP][PASSED] - datText = today: null

2022-10-07 14:55:52 - [TEST_STEP][PASSED] - category = findTestData(dataFile).getValue("Category", row): null

2022-10-07 14:55:52 - [TEST_STEP][PASSED] - amount = findTestData(dataFile).getValue("Amount", row): null

2022-10-07 14:55:52 - [TEST_STEP][PASSED] - cardNumber = findTestData(dataFile).getValue("CardNumber", row): null

2022-10-07 14:55:52 - [TEST_STEP][PASSED] - exM = findTestData(dataFile).getValue("ExM", row): null

2022-10-07 14:55:53 - [TEST_STEP][PASSED] - exY = findTestData(dataFile).getValue("ExY", row): null

2022-10-07 14:55:53 - [TEST_STEP][PASSED] - openBrowser(VLinkURL + "auth.html"): Browser is opened with url: 'https://dev-algorithm.govolution.com/vlinktest/QA2/version_2_0/auth.html'

2022-10-07 14:55:53 - [MESSAGE][WARNING] - A browser is already opened. Closing browser and opening a new one

2022-10-07 14:55:54 - [MESSAGE][INFO] - Starting 'Chrome' driver

2022-10-07 14:55:54 - [MESSAGE][INFO] - User set preference: ['acceptInsecureCerts', 'true']

2022-10-07 14:55:54 - [MESSAGE][INFO] - Action delay is set to 0 milliseconds

2022-10-07 14:55:56 - [MESSAGE][PASSED] - Browser is opened with url: 'https://dev-algorithm.govolution.com/vlinktest/QA2/version_2_0/auth.html'

2022-10-07 14:55:56 - [TEST_STEP][PASSED] - maximizeWindow(): Current window maximized

2022-10-07 14:55:56 - [MESSAGE][PASSED] - Current window maximized

2022-10-07 14:55:56 - [TEST_STEP][PASSED] - genRemID = RandomStringUtils.random(12, true, true): null

2022-10-07 14:55:56 - [TEST_STEP][PASSED] - setText(findTestObject("Object Repository/RecAndPlayBk/Page-Vlink-AuthOnly/input_Remittance Id_remittance_id"), genRemID): Text 'tqUkJzrKQMq6' is set on object 'Object Repository/RecAndPlayBk/Page-Vlink-AuthOnly/input_Remittance Id_remittance_id'

2022-10-07 14:55:57 - [MESSAGE][PASSED] - Text 'tqUkJzrKQMq6' is set on object 'Object Repository/RecAndPlayBk/Page-Vlink-AuthOnly/input_Remittance Id_remittance_id'

2022-10-07 14:55:57 - [TEST_STEP][PASSED] - setText(findTestObject("Object Repository/RecAndPlayBk/Page-Vlink-AuthOnly/input_Application Id_application_id"), appID): Text '234' is set on object 'Object Repository/RecAndPlayBk/Page-Vlink-AuthOnly/input_Application Id_application_id'

2022-10-07 14:55:58 - [MESSAGE][PASSED] - Text '234' is set on object 'Object Repository/RecAndPlayBk/Page-Vlink-AuthOnly/input_Application Id_application_id'

2022-10-07 14:55:58 - [TEST_STEP][PASSED] - setText(findTestObject("Object Repository/RecAndPlayBk/Page-Vlink-AuthOnly/input_Username_username"), username): Text 'username' is set on object 'Object Repository/RecAndPlayBk/Page-Vlink-AuthOnly/input_Username_username'

2022-10-07 14:55:58 - [MESSAGE][PASSED] - Text 'username' is set on object 'Object Repository/RecAndPlayBk/Page-Vlink-AuthOnly/input_Username_username'

2022-10-07 14:55:58 - [TEST_STEP][PASSED] - setText(findTestObject("Object Repository/RecAndPlayBk/Page-Vlink-AuthOnly/input_Password_password"), password): Text 'password' is set on object 'Object Repository/RecAndPlayBk/Page-Vlink-AuthOnly/input_Password_password'

2022-10-07 14:55:59 - [MESSAGE][PASSED] - Text 'password' is set on object 'Object Repository/RecAndPlayBk/Page-Vlink-AuthOnly/input_Password_password'

2022-10-07 14:55:59 - [TEST_STEP][PASSED] - setText(findTestObject("Object Repository/RecAndPlayBk/Page-Vlink-AuthOnly/input_Category_category"), category): Text 'MOTO' is set on object 'Object Repository/RecAndPlayBk/Page-Vlink-AuthOnly/input_Category_category'

2022-10-07 14:56:00 - [MESSAGE][PASSED] - Text 'MOTO' is set on object 'Object Repository/RecAndPlayBk/Page-Vlink-AuthOnly/input_Category_category'

2022-10-07 14:56:00 - [TEST_STEP][PASSED] - setText(findTestObject("Object Repository/RecAndPlayBk/Page-Vlink-AuthOnly/input_Amount_amount"), amount): Text '10.5' is set on object 'Object Repository/RecAndPlayBk/Page-Vlink-AuthOnly/input_Amount_amount'

2022-10-07 14:56:00 - [MESSAGE][PASSED] - Text '10.5' is set on object 'Object Repository/RecAndPlayBk/Page-Vlink-AuthOnly/input_Amount_amount'

2022-10-07 14:56:00 - [TEST_STEP][PASSED] - doubleClick(findTestObject("Object Repository/RecAndPlayBk/Page-Vlink-AuthOnly/input_Card number_card_number")): Object: 'Object Repository/RecAndPlayBk/Page-Vlink-AuthOnly/input_Card number_card_number' is double clicked on

2022-10-07 14:56:01 - [MESSAGE][PASSED] - Object: 'Object Repository/RecAndPlayBk/Page-Vlink-AuthOnly/input_Card number_card_number' is double clicked on

2022-10-07 14:56:01 - [TEST_STEP][PASSED] - setText(findTestObject("Object Repository/RecAndPlayBk/Page-Vlink-AuthOnly/input_Card number_card_number"), cardNumber): Text '5424000000000015' is set on object 'Object Repository/RecAndPlayBk/Page-Vlink-AuthOnly/input_Card number_card_number'

2022-10-07 14:56:01 - [MESSAGE][PASSED] - Text '5424000000000015' is set on object 'Object Repository/RecAndPlayBk/Page-Vlink-AuthOnly/input_Card number_card_number'

2022-10-07 14:56:01 - [TEST_STEP][PASSED] - setText(findTestObject("Object Repository/RecAndPlayBk/Page-Vlink-AuthOnly/input_Card ex month_card_exmo"), exM): Text '12' is set on object 'Object Repository/RecAndPlayBk/Page-Vlink-AuthOnly/input_Card ex month_card_exmo'

2022-10-07 14:56:02 - [MESSAGE][PASSED] - Text '12' is set on object 'Object Repository/RecAndPlayBk/Page-Vlink-AuthOnly/input_Card ex month_card_exmo'

2022-10-07 14:56:02 - [TEST_STEP][PASSED] - setText(findTestObject("Object Repository/RecAndPlayBk/Page-Vlink-AuthOnly/input_Card ex year_card_exyr"), exY): Text '2029' is set on object 'Object Repository/RecAndPlayBk/Page-Vlink-AuthOnly/input_Card ex year_card_exyr'

2022-10-07 14:56:03 - [MESSAGE][PASSED] - Text '2029' is set on object 'Object Repository/RecAndPlayBk/Page-Vlink-AuthOnly/input_Card ex year_card_exyr'

2022-10-07 14:56:03 - [TEST_STEP][PASSED] - click(findTestObject("Object Repository/RecAndPlayBk/Page-Vlink-AuthOnly/input_Track Data_track_data")): Object: 'Object Repository/RecAndPlayBk/Page-Vlink-AuthOnly/input_Track Data_track_data' is clicked on

2022-10-07 14:56:03 - [MESSAGE][PASSED] - Object: 'Object Repository/RecAndPlayBk/Page-Vlink-AuthOnly/input_Track Data_track_data' is clicked on

2022-10-07 14:56:03 - [TEST_STEP][PASSED] - click(findTestObject("Object Repository/RecAndPlayBk/Page-Vlink-AuthOnly/input_CVV state_cvv_state")): Object: 'Object Repository/RecAndPlayBk/Page-Vlink-AuthOnly/input_CVV state_cvv_state' is clicked on

2022-10-07 14:56:03 - [MESSAGE][PASSED] - Object: 'Object Repository/RecAndPlayBk/Page-Vlink-AuthOnly/input_CVV state_cvv_state' is clicked on

2022-10-07 14:56:03 - [TEST_STEP][PASSED] - setText(findTestObject("Object Repository/RecAndPlayBk/Page-Vlink-AuthOnly/input_Track Data_track_data"), ""): Text '' is set on object 'Object Repository/RecAndPlayBk/Page-Vlink-AuthOnly/input_Track Data_track_data'

2022-10-07 14:56:04 - [MESSAGE][PASSED] - Text '' is set on object 'Object Repository/RecAndPlayBk/Page-Vlink-AuthOnly/input_Track Data_track_data'

2022-10-07 14:56:04 - [TEST_STEP][PASSED] - setText(findTestObject("Object Repository/RecAndPlayBk/Page-Vlink-AuthOnly/input_concat(Cardholder, , s email)_email"), ""): Text '' is set on object 'Object Repository/RecAndPlayBk/Page-Vlink-AuthOnly/input_concat(Cardholder, , s email)_email'

2022-10-07 14:56:05 - [MESSAGE][PASSED] - Text '' is set on object 'Object Repository/RecAndPlayBk/Page-Vlink-AuthOnly/input_concat(Cardholder, , s email)_email'

2022-10-07 14:56:05 - [TEST_STEP][PASSED] - click(findTestObject("Object Repository/RecAndPlayBk/Page-Vlink-AuthOnly/input_user_defined10_user_defined10")): Object: 'Object Repository/RecAndPlayBk/Page-Vlink-AuthOnly/input_user_defined10_user_defined10' is clicked on

2022-10-07 14:56:05 - [MESSAGE][PASSED] - Object: 'Object Repository/RecAndPlayBk/Page-Vlink-AuthOnly/input_user_defined10_user_defined10' is clicked on

2022-10-07 14:56:05 - [TEST_STEP][PASSED] - if (executionProfile.equalsIgnoreCase("QAProfile")): null

2022-10-07 14:56:05 - [TEST_STEP][PASSED] - click(findTestObject("Object Repository/RecAndPlayBk/Page-Vlink-AuthOnly/input")): Object: 'Object Repository/RecAndPlayBk/Page-Vlink-AuthOnly/input' is clicked on

2022-10-07 14:56:06 - [MESSAGE][PASSED] - Object: 'Object Repository/RecAndPlayBk/Page-Vlink-AuthOnly/input' is clicked on

2022-10-07 14:56:06 - [TEST_STEP][PASSED] - if (verifyTextPresent("Transaction approved, no errors", true)): null

2022-10-07 14:56:06 - [MESSAGE][PASSED] - Text 'Transaction approved, no errors' is present on page  using regular expression

2022-10-07 14:56:06 - [TEST_STEP][PASSED] - out.println("Auth was successful, Capture now"): null

2022-10-07 14:56:06 - [TEST_STEP][PASSED] - sdfo = getText(findTestObject("Object Repository/Page_VLinkReceipt/pre_STX")): Text of object 'Object Repository/Page_VLinkReceipt/pre_STX' is: '<STX>tqUkJzrKQMq6                  12118966            0  Transaction approved, no errors                   0                                                                                  Y 055480564<ETX>'

2022-10-07 14:56:07 - [MESSAGE][PASSED] - Text of object 'Object Repository/Page_VLinkReceipt/pre_STX' is: '<STX>tqUkJzrKQMq6                  12118966            0  Transaction approved, no errors                   0                                                                                  Y 055480564<ETX>'

2022-10-07 14:56:07 - [TEST_STEP][PASSED] - out.println("sdfo: " + sdfo): null

2022-10-07 14:56:07 - [TEST_STEP][PASSED] - remID = substring(5, 35).trim(): null

2022-10-07 14:56:07 - [TEST_STEP][PASSED] - out.println("remID: " + remID): null

2022-10-07 14:56:07 - [TEST_STEP][PASSED] - traxID = substring(35, 55).trim(): null

2022-10-07 14:56:07 - [TEST_STEP][PASSED] - out.println("traxID: " + traxID): null

2022-10-07 14:56:07 - [TEST_STEP][PASSED] - VLinkSaleRemID = remID: null

2022-10-07 14:56:07 - [TEST_STEP][PASSED] - VLinkSaleTranxID = traxID: null

2022-10-07 14:56:07 - [TEST_STEP][PASSED] - openBrowser(VLinkURL + "capture.html"): Browser is opened with url: 'https://dev-algorithm.govolution.com/vlinktest/QA2/version_2_0/capture.html'

2022-10-07 14:56:07 - [MESSAGE][WARNING] - A browser is already opened. Closing browser and opening a new one

2022-10-07 14:56:08 - [MESSAGE][INFO] - Starting 'Chrome' driver

2022-10-07 14:56:08 - [MESSAGE][INFO] - User set preference: ['acceptInsecureCerts', 'true']

2022-10-07 14:56:08 - [MESSAGE][INFO] - Action delay is set to 0 milliseconds

2022-10-07 14:56:09 - [MESSAGE][PASSED] - Browser is opened with url: 'https://dev-algorithm.govolution.com/vlinktest/QA2/version_2_0/capture.html'

2022-10-07 14:56:09 - [TEST_STEP][PASSED] - maximizeWindow(): Current window maximized

2022-10-07 14:56:10 - [MESSAGE][PASSED] - Current window maximized

2022-10-07 14:56:10 - [TEST_STEP][PASSED] - setText(findTestObject("Object Repository/RecAndPlayBk/Page-VLink-Capture/input_Remittance Id_remittance_id"), VLinkSaleRemID): Text 'tqUkJzrKQMq6' is set on object 'Object Repository/RecAndPlayBk/Page-VLink-Capture/input_Remittance Id_remittance_id'

2022-10-07 14:56:10 - [MESSAGE][PASSED] - Text 'tqUkJzrKQMq6' is set on object 'Object Repository/RecAndPlayBk/Page-VLink-Capture/input_Remittance Id_remittance_id'

2022-10-07 14:56:10 - [TEST_STEP][PASSED] - setText(findTestObject("Object Repository/RecAndPlayBk/Page-VLink-Capture/input_Application Id_application_id"), appID): Text '234' is set on object 'Object Repository/RecAndPlayBk/Page-VLink-Capture/input_Application Id_application_id'

2022-10-07 14:56:11 - [MESSAGE][PASSED] - Text '234' is set on object 'Object Repository/RecAndPlayBk/Page-VLink-Capture/input_Application Id_application_id'

2022-10-07 14:56:11 - [TEST_STEP][PASSED] - setText(findTestObject("Object Repository/RecAndPlayBk/Page-VLink-Capture/input_Username_username"), username): Text 'username' is set on object 'Object Repository/RecAndPlayBk/Page-VLink-Capture/input_Username_username'

2022-10-07 14:56:12 - [MESSAGE][PASSED] - Text 'username' is set on object 'Object Repository/RecAndPlayBk/Page-VLink-Capture/input_Username_username'

2022-10-07 14:56:12 - [TEST_STEP][PASSED] - setText(findTestObject("Object Repository/RecAndPlayBk/Page-VLink-Capture/input_Password_password"), password): Text 'password' is set on object 'Object Repository/RecAndPlayBk/Page-VLink-Capture/input_Password_password'

2022-10-07 14:56:12 - [MESSAGE][PASSED] - Text 'password' is set on object 'Object Repository/RecAndPlayBk/Page-VLink-Capture/input_Password_password'

2022-10-07 14:56:12 - [TEST_STEP][PASSED] - setText(findTestObject("Object Repository/RecAndPlayBk/Page-VLink-Capture/input_Transaction ID_transaction_id"), VLinkSaleTranxID): Text '12118966' is set on object 'Object Repository/RecAndPlayBk/Page-VLink-Capture/input_Transaction ID_transaction_id'

2022-10-07 14:56:13 - [MESSAGE][PASSED] - Text '12118966' is set on object 'Object Repository/RecAndPlayBk/Page-VLink-Capture/input_Transaction ID_transaction_id'

2022-10-07 14:56:13 - [TEST_STEP][PASSED] - setText(findTestObject("Object Repository/RecAndPlayBk/Page-VLink-Capture/input_Amount_amount"), amount): Text '10.5' is set on object 'Object Repository/RecAndPlayBk/Page-VLink-Capture/input_Amount_amount'

2022-10-07 14:56:14 - [MESSAGE][PASSED] - Text '10.5' is set on object 'Object Repository/RecAndPlayBk/Page-VLink-Capture/input_Amount_amount'

2022-10-07 14:56:14 - [TEST_STEP][PASSED] - click(findTestObject("Object Repository/RecAndPlayBk/Page-VLink-Capture/input")): Object: 'Object Repository/RecAndPlayBk/Page-VLink-Capture/input' is clicked on

2022-10-07 14:56:15 - [MESSAGE][PASSED] - Object: 'Object Repository/RecAndPlayBk/Page-VLink-Capture/input' is clicked on

2022-10-07 14:56:15 - [TEST_STEP][PASSED] - if (verifyTextPresent("Transaction approved, no errors", true)): null

2022-10-07 14:56:15 - [MESSAGE][PASSED] - Text 'Transaction approved, no errors' is present on page  using regular expression

2022-10-07 14:56:15 - [TEST_STEP][PASSED] - println("Transaction Approved, no errors text is present on the Confirmation page"): null

2022-10-07 14:56:15 - [TEST_STEP][PASSED] - out.println("Pass Record Number: " + row): null

2022-10-07 14:56:15 - [TEST_STEP][PASSED] - resText = "Pass": null

2022-10-07 14:56:15 - [TEST_STEP][PASSED] - pages.WriteExcel.demoKey(resText, datText, resColumn, datCloumn, fileLoc, nameSheet, row): pages.WriteExcel.demoKey is PASSED

2022-10-07 14:56:15 - [MESSAGE][PASSED] - pages.WriteExcel.demoKey is PASSED

2022-10-07 14:56:15 - [TEST_STEP][PASSED] - ExecuteTC = findTestData(dataFile).getValue("Execute", row): null

2022-10-07 14:56:16 - [TEST_STEP][PASSED] - out.println("Value of Execute is : " + ExecuteTC): null

2022-10-07 14:56:16 - [TEST_STEP][PASSED] - switch (executionProfile): null

2022-10-07 14:56:16 - [TEST_STEP][PASSED] - case "QA2Profile":: null

2022-10-07 14:56:16 - [TEST_STEP][PASSED] - appID = findTestData(dataFile).getValue("AppIDQA", row): null

2022-10-07 14:56:16 - [TEST_STEP][PASSED] - username = findTestData(dataFile).getValue("UsernameQA", row): null

2022-10-07 14:56:16 - [TEST_STEP][PASSED] - password = findTestData(dataFile).getValue("PasswordQA", row): null

2022-10-07 14:56:16 - [TEST_STEP][PASSED] - break: null

2022-10-07 14:56:16 - [TEST_STEP][PASSED] - if (ExecuteTC.equalsIgnoreCase("Y")): null

2022-10-07 14:56:16 - [TEST_STEP][PASSED] - out.println("Begin Record Number: " + row): null

2022-10-07 14:56:16 - [TEST_STEP][PASSED] - today = new java.util.Date(): null

2022-10-07 14:56:16 - [TEST_STEP][PASSED] - println(today): null

2022-10-07 14:56:16 - [TEST_STEP][PASSED] - datText = today: null

2022-10-07 14:56:16 - [TEST_STEP][PASSED] - category = findTestData(dataFile).getValue("Category", row): null

2022-10-07 14:56:16 - [TEST_STEP][PASSED] - amount = findTestData(dataFile).getValue("Amount", row): null

2022-10-07 14:56:16 - [TEST_STEP][PASSED] - cardNumber = findTestData(dataFile).getValue("CardNumber", row): null

2022-10-07 14:56:16 - [TEST_STEP][PASSED] - exM = findTestData(dataFile).getValue("ExM", row): null

2022-10-07 14:56:16 - [TEST_STEP][PASSED] - exY = findTestData(dataFile).getValue("ExY", row): null

2022-10-07 14:56:16 - [TEST_STEP][PASSED] - openBrowser(VLinkURL + "auth.html"): Browser is opened with url: 'https://dev-algorithm.govolution.com/vlinktest/QA2/version_2_0/auth.html'

2022-10-07 14:56:16 - [MESSAGE][WARNING] - A browser is already opened. Closing browser and opening a new one

2022-10-07 14:56:17 - [MESSAGE][INFO] - Starting 'Chrome' driver

2022-10-07 14:56:17 - [MESSAGE][INFO] - User set preference: ['acceptInsecureCerts', 'true']

2022-10-07 14:56:17 - [MESSAGE][INFO] - Action delay is set to 0 milliseconds

2022-10-07 14:56:19 - [MESSAGE][PASSED] - Browser is opened with url: 'https://dev-algorithm.govolution.com/vlinktest/QA2/version_2_0/auth.html'

2022-10-07 14:56:19 - [TEST_STEP][PASSED] - maximizeWindow(): Current window maximized

2022-10-07 14:56:19 - [MESSAGE][PASSED] - Current window maximized

2022-10-07 14:56:19 - [TEST_STEP][PASSED] - genRemID = RandomStringUtils.random(12, true, true): null

2022-10-07 14:56:19 - [TEST_STEP][PASSED] - setText(findTestObject("Object Repository/RecAndPlayBk/Page-Vlink-AuthOnly/input_Remittance Id_remittance_id"), genRemID): Text 'BCmJ0XG5w8sL' is set on object 'Object Repository/RecAndPlayBk/Page-Vlink-AuthOnly/input_Remittance Id_remittance_id'

2022-10-07 14:56:20 - [MESSAGE][PASSED] - Text 'BCmJ0XG5w8sL' is set on object 'Object Repository/RecAndPlayBk/Page-Vlink-AuthOnly/input_Remittance Id_remittance_id'

2022-10-07 14:56:20 - [TEST_STEP][PASSED] - setText(findTestObject("Object Repository/RecAndPlayBk/Page-Vlink-AuthOnly/input_Application Id_application_id"), appID): Text '234' is set on object 'Object Repository/RecAndPlayBk/Page-Vlink-AuthOnly/input_Application Id_application_id'

2022-10-07 14:56:21 - [MESSAGE][PASSED] - Text '234' is set on object 'Object Repository/RecAndPlayBk/Page-Vlink-AuthOnly/input_Application Id_application_id'

2022-10-07 14:56:21 - [TEST_STEP][PASSED] - setText(findTestObject("Object Repository/RecAndPlayBk/Page-Vlink-AuthOnly/input_Username_username"), username): Text 'username' is set on object 'Object Repository/RecAndPlayBk/Page-Vlink-AuthOnly/input_Username_username'

2022-10-07 14:56:21 - [MESSAGE][PASSED] - Text 'username' is set on object 'Object Repository/RecAndPlayBk/Page-Vlink-AuthOnly/input_Username_username'

2022-10-07 14:56:21 - [TEST_STEP][PASSED] - setText(findTestObject("Object Repository/RecAndPlayBk/Page-Vlink-AuthOnly/input_Password_password"), password): Text 'password' is set on object 'Object Repository/RecAndPlayBk/Page-Vlink-AuthOnly/input_Password_password'

2022-10-07 14:56:22 - [MESSAGE][PASSED] - Text 'password' is set on object 'Object Repository/RecAndPlayBk/Page-Vlink-AuthOnly/input_Password_password'

2022-10-07 14:56:22 - [TEST_STEP][PASSED] - setText(findTestObject("Object Repository/RecAndPlayBk/Page-Vlink-AuthOnly/input_Category_category"), category): Text 'RETL' is set on object 'Object Repository/RecAndPlayBk/Page-Vlink-AuthOnly/input_Category_category'

2022-10-07 14:56:23 - [MESSAGE][PASSED] - Text 'RETL' is set on object 'Object Repository/RecAndPlayBk/Page-Vlink-AuthOnly/input_Category_category'

2022-10-07 14:56:23 - [TEST_STEP][PASSED] - setText(findTestObject("Object Repository/RecAndPlayBk/Page-Vlink-AuthOnly/input_Amount_amount"), amount): Text '10.5' is set on object 'Object Repository/RecAndPlayBk/Page-Vlink-AuthOnly/input_Amount_amount'

2022-10-07 14:56:23 - [MESSAGE][PASSED] - Text '10.5' is set on object 'Object Repository/RecAndPlayBk/Page-Vlink-AuthOnly/input_Amount_amount'

2022-10-07 14:56:23 - [TEST_STEP][PASSED] - doubleClick(findTestObject("Object Repository/RecAndPlayBk/Page-Vlink-AuthOnly/input_Card number_card_number")): Object: 'Object Repository/RecAndPlayBk/Page-Vlink-AuthOnly/input_Card number_card_number' is double clicked on

2022-10-07 14:56:24 - [MESSAGE][PASSED] - Object: 'Object Repository/RecAndPlayBk/Page-Vlink-AuthOnly/input_Card number_card_number' is double clicked on

2022-10-07 14:56:24 - [TEST_STEP][PASSED] - setText(findTestObject("Object Repository/RecAndPlayBk/Page-Vlink-AuthOnly/input_Card number_card_number"), cardNumber): Text '370000000000002' is set on object 'Object Repository/RecAndPlayBk/Page-Vlink-AuthOnly/input_Card number_card_number'

2022-10-07 14:56:24 - [MESSAGE][PASSED] - Text '370000000000002' is set on object 'Object Repository/RecAndPlayBk/Page-Vlink-AuthOnly/input_Card number_card_number'

2022-10-07 14:56:24 - [TEST_STEP][PASSED] - setText(findTestObject("Object Repository/RecAndPlayBk/Page-Vlink-AuthOnly/input_Card ex month_card_exmo"), exM): Text '12' is set on object 'Object Repository/RecAndPlayBk/Page-Vlink-AuthOnly/input_Card ex month_card_exmo'

2022-10-07 14:56:25 - [MESSAGE][PASSED] - Text '12' is set on object 'Object Repository/RecAndPlayBk/Page-Vlink-AuthOnly/input_Card ex month_card_exmo'

2022-10-07 14:56:25 - [TEST_STEP][PASSED] - setText(findTestObject("Object Repository/RecAndPlayBk/Page-Vlink-AuthOnly/input_Card ex year_card_exyr"), exY): Text '2029' is set on object 'Object Repository/RecAndPlayBk/Page-Vlink-AuthOnly/input_Card ex year_card_exyr'

2022-10-07 14:56:26 - [MESSAGE][PASSED] - Text '2029' is set on object 'Object Repository/RecAndPlayBk/Page-Vlink-AuthOnly/input_Card ex year_card_exyr'

2022-10-07 14:56:26 - [TEST_STEP][PASSED] - click(findTestObject("Object Repository/RecAndPlayBk/Page-Vlink-AuthOnly/input_Track Data_track_data")): Object: 'Object Repository/RecAndPlayBk/Page-Vlink-AuthOnly/input_Track Data_track_data' is clicked on

2022-10-07 14:56:26 - [MESSAGE][PASSED] - Object: 'Object Repository/RecAndPlayBk/Page-Vlink-AuthOnly/input_Track Data_track_data' is clicked on

2022-10-07 14:56:26 - [TEST_STEP][PASSED] - click(findTestObject("Object Repository/RecAndPlayBk/Page-Vlink-AuthOnly/input_CVV state_cvv_state")): Object: 'Object Repository/RecAndPlayBk/Page-Vlink-AuthOnly/input_CVV state_cvv_state' is clicked on

2022-10-07 14:56:26 - [MESSAGE][PASSED] - Object: 'Object Repository/RecAndPlayBk/Page-Vlink-AuthOnly/input_CVV state_cvv_state' is clicked on

2022-10-07 14:56:26 - [TEST_STEP][PASSED] - setText(findTestObject("Object Repository/RecAndPlayBk/Page-Vlink-AuthOnly/input_Track Data_track_data"), ""): Text '' is set on object 'Object Repository/RecAndPlayBk/Page-Vlink-AuthOnly/input_Track Data_track_data'

2022-10-07 14:56:27 - [MESSAGE][PASSED] - Text '' is set on object 'Object Repository/RecAndPlayBk/Page-Vlink-AuthOnly/input_Track Data_track_data'

2022-10-07 14:56:27 - [TEST_STEP][PASSED] - setText(findTestObject("Object Repository/RecAndPlayBk/Page-Vlink-AuthOnly/input_concat(Cardholder, , s email)_email"), ""): Text '' is set on object 'Object Repository/RecAndPlayBk/Page-Vlink-AuthOnly/input_concat(Cardholder, , s email)_email'

2022-10-07 14:56:27 - [MESSAGE][PASSED] - Text '' is set on object 'Object Repository/RecAndPlayBk/Page-Vlink-AuthOnly/input_concat(Cardholder, , s email)_email'

2022-10-07 14:56:27 - [TEST_STEP][PASSED] - click(findTestObject("Object Repository/RecAndPlayBk/Page-Vlink-AuthOnly/input_user_defined10_user_defined10")): Object: 'Object Repository/RecAndPlayBk/Page-Vlink-AuthOnly/input_user_defined10_user_defined10' is clicked on

2022-10-07 14:56:28 - [MESSAGE][PASSED] - Object: 'Object Repository/RecAndPlayBk/Page-Vlink-AuthOnly/input_user_defined10_user_defined10' is clicked on

2022-10-07 14:56:28 - [TEST_STEP][PASSED] - if (executionProfile.equalsIgnoreCase("QAProfile")): null

2022-10-07 14:56:28 - [TEST_STEP][PASSED] - click(findTestObject("Object Repository/RecAndPlayBk/Page-Vlink-AuthOnly/input")): Object: 'Object Repository/RecAndPlayBk/Page-Vlink-AuthOnly/input' is clicked on

2022-10-07 14:56:29 - [MESSAGE][PASSED] - Object: 'Object Repository/RecAndPlayBk/Page-Vlink-AuthOnly/input' is clicked on

2022-10-07 14:56:29 - [TEST_STEP][PASSED] - if (verifyTextPresent("Transaction approved, no errors", true)): null

2022-10-07 14:56:29 - [MESSAGE][PASSED] - Text 'Transaction approved, no errors' is present on page  using regular expression

2022-10-07 14:56:29 - [TEST_STEP][PASSED] - out.println("Auth was successful, Capture now"): null

2022-10-07 14:56:29 - [TEST_STEP][PASSED] - sdfo = getText(findTestObject("Object Repository/Page_VLinkReceipt/pre_STX")): Text of object 'Object Repository/Page_VLinkReceipt/pre_STX' is: '<STX>BCmJ0XG5w8sL                  12118968            0  Transaction approved, no errors                   0                                                                                  Y 934478952<ETX>'

2022-10-07 14:56:30 - [MESSAGE][PASSED] - Text of object 'Object Repository/Page_VLinkReceipt/pre_STX' is: '<STX>BCmJ0XG5w8sL                  12118968            0  Transaction approved, no errors                   0                                                                                  Y 934478952<ETX>'

2022-10-07 14:56:30 - [TEST_STEP][PASSED] - out.println("sdfo: " + sdfo): null

2022-10-07 14:56:30 - [TEST_STEP][PASSED] - remID = substring(5, 35).trim(): null

2022-10-07 14:56:30 - [TEST_STEP][PASSED] - out.println("remID: " + remID): null

2022-10-07 14:56:30 - [TEST_STEP][PASSED] - traxID = substring(35, 55).trim(): null

2022-10-07 14:56:30 - [TEST_STEP][PASSED] - out.println("traxID: " + traxID): null

2022-10-07 14:56:30 - [TEST_STEP][PASSED] - VLinkSaleRemID = remID: null

2022-10-07 14:56:30 - [TEST_STEP][PASSED] - VLinkSaleTranxID = traxID: null

2022-10-07 14:56:30 - [TEST_STEP][PASSED] - openBrowser(VLinkURL + "capture.html"): Browser is opened with url: 'https://dev-algorithm.govolution.com/vlinktest/QA2/version_2_0/capture.html'

2022-10-07 14:56:30 - [MESSAGE][WARNING] - A browser is already opened. Closing browser and opening a new one

2022-10-07 14:56:31 - [MESSAGE][INFO] - Starting 'Chrome' driver

2022-10-07 14:56:31 - [MESSAGE][INFO] - User set preference: ['acceptInsecureCerts', 'true']

2022-10-07 14:56:31 - [MESSAGE][INFO] - Action delay is set to 0 milliseconds

2022-10-07 14:56:32 - [MESSAGE][PASSED] - Browser is opened with url: 'https://dev-algorithm.govolution.com/vlinktest/QA2/version_2_0/capture.html'

2022-10-07 14:56:32 - [TEST_STEP][PASSED] - maximizeWindow(): Current window maximized

2022-10-07 14:56:33 - [MESSAGE][PASSED] - Current window maximized

2022-10-07 14:56:33 - [TEST_STEP][PASSED] - setText(findTestObject("Object Repository/RecAndPlayBk/Page-VLink-Capture/input_Remittance Id_remittance_id"), VLinkSaleRemID): Text 'BCmJ0XG5w8sL' is set on object 'Object Repository/RecAndPlayBk/Page-VLink-Capture/input_Remittance Id_remittance_id'

2022-10-07 14:56:33 - [MESSAGE][PASSED] - Text 'BCmJ0XG5w8sL' is set on object 'Object Repository/RecAndPlayBk/Page-VLink-Capture/input_Remittance Id_remittance_id'

2022-10-07 14:56:33 - [TEST_STEP][PASSED] - setText(findTestObject("Object Repository/RecAndPlayBk/Page-VLink-Capture/input_Application Id_application_id"), appID): Text '234' is set on object 'Object Repository/RecAndPlayBk/Page-VLink-Capture/input_Application Id_application_id'

2022-10-07 14:56:34 - [MESSAGE][PASSED] - Text '234' is set on object 'Object Repository/RecAndPlayBk/Page-VLink-Capture/input_Application Id_application_id'

2022-10-07 14:56:34 - [TEST_STEP][PASSED] - setText(findTestObject("Object Repository/RecAndPlayBk/Page-VLink-Capture/input_Username_username"), username): Text 'username' is set on object 'Object Repository/RecAndPlayBk/Page-VLink-Capture/input_Username_username'

2022-10-07 14:56:35 - [MESSAGE][PASSED] - Text 'username' is set on object 'Object Repository/RecAndPlayBk/Page-VLink-Capture/input_Username_username'

2022-10-07 14:56:35 - [TEST_STEP][PASSED] - setText(findTestObject("Object Repository/RecAndPlayBk/Page-VLink-Capture/input_Password_password"), password): Text 'password' is set on object 'Object Repository/RecAndPlayBk/Page-VLink-Capture/input_Password_password'

2022-10-07 14:56:35 - [MESSAGE][PASSED] - Text 'password' is set on object 'Object Repository/RecAndPlayBk/Page-VLink-Capture/input_Password_password'

2022-10-07 14:56:35 - [TEST_STEP][PASSED] - setText(findTestObject("Object Repository/RecAndPlayBk/Page-VLink-Capture/input_Transaction ID_transaction_id"), VLinkSaleTranxID): Text '12118968' is set on object 'Object Repository/RecAndPlayBk/Page-VLink-Capture/input_Transaction ID_transaction_id'

2022-10-07 14:56:36 - [MESSAGE][PASSED] - Text '12118968' is set on object 'Object Repository/RecAndPlayBk/Page-VLink-Capture/input_Transaction ID_transaction_id'

2022-10-07 14:56:36 - [TEST_STEP][PASSED] - setText(findTestObject("Object Repository/RecAndPlayBk/Page-VLink-Capture/input_Amount_amount"), amount): Text '10.5' is set on object 'Object Repository/RecAndPlayBk/Page-VLink-Capture/input_Amount_amount'

2022-10-07 14:56:37 - [MESSAGE][PASSED] - Text '10.5' is set on object 'Object Repository/RecAndPlayBk/Page-VLink-Capture/input_Amount_amount'

2022-10-07 14:56:37 - [TEST_STEP][PASSED] - click(findTestObject("Object Repository/RecAndPlayBk/Page-VLink-Capture/input")): Object: 'Object Repository/RecAndPlayBk/Page-VLink-Capture/input' is clicked on

2022-10-07 14:56:38 - [MESSAGE][PASSED] - Object: 'Object Repository/RecAndPlayBk/Page-VLink-Capture/input' is clicked on

2022-10-07 14:56:38 - [TEST_STEP][PASSED] - if (verifyTextPresent("Transaction approved, no errors", true)): null

2022-10-07 14:56:38 - [MESSAGE][PASSED] - Text 'Transaction approved, no errors' is present on page  using regular expression

2022-10-07 14:56:38 - [TEST_STEP][PASSED] - println("Transaction Approved, no errors text is present on the Confirmation page"): null

2022-10-07 14:56:38 - [TEST_STEP][PASSED] - out.println("Pass Record Number: " + row): null

2022-10-07 14:56:38 - [TEST_STEP][PASSED] - resText = "Pass": null

2022-10-07 14:56:38 - [TEST_STEP][PASSED] - pages.WriteExcel.demoKey(resText, datText, resColumn, datCloumn, fileLoc, nameSheet, row): pages.WriteExcel.demoKey is PASSED

2022-10-07 14:56:38 - [MESSAGE][PASSED] - pages.WriteExcel.demoKey is PASSED

2022-10-07 14:56:38 - [TEST_STEP][PASSED] - ExecuteTC = findTestData(dataFile).getValue("Execute", row): null

2022-10-07 14:56:38 - [TEST_STEP][PASSED] - out.println("Value of Execute is : " + ExecuteTC): null

2022-10-07 14:56:38 - [TEST_STEP][PASSED] - switch (executionProfile): null

2022-10-07 14:56:38 - [TEST_STEP][PASSED] - case "QA2Profile":: null

2022-10-07 14:56:38 - [TEST_STEP][PASSED] - appID = findTestData(dataFile).getValue("AppIDQA", row): null

2022-10-07 14:56:39 - [TEST_STEP][PASSED] - username = findTestData(dataFile).getValue("UsernameQA", row): null

2022-10-07 14:56:39 - [TEST_STEP][PASSED] - password = findTestData(dataFile).getValue("PasswordQA", row): null

2022-10-07 14:56:39 - [TEST_STEP][PASSED] - break: null

2022-10-07 14:56:39 - [TEST_STEP][PASSED] - if (ExecuteTC.equalsIgnoreCase("Y")): null

2022-10-07 14:56:39 - [TEST_STEP][PASSED] - out.println("Begin Record Number: " + row): null

2022-10-07 14:56:39 - [TEST_STEP][PASSED] - today = new java.util.Date(): null

2022-10-07 14:56:39 - [TEST_STEP][PASSED] - println(today): null

2022-10-07 14:56:39 - [TEST_STEP][PASSED] - datText = today: null

2022-10-07 14:56:39 - [TEST_STEP][PASSED] - category = findTestData(dataFile).getValue("Category", row): null

2022-10-07 14:56:39 - [TEST_STEP][PASSED] - amount = findTestData(dataFile).getValue("Amount", row): null

2022-10-07 14:56:39 - [TEST_STEP][PASSED] - cardNumber = findTestData(dataFile).getValue("CardNumber", row): null

2022-10-07 14:56:39 - [TEST_STEP][PASSED] - exM = findTestData(dataFile).getValue("ExM", row): null

2022-10-07 14:56:39 - [TEST_STEP][PASSED] - exY = findTestData(dataFile).getValue("ExY", row): null

2022-10-07 14:56:39 - [TEST_STEP][PASSED] - openBrowser(VLinkURL + "auth.html"): Browser is opened with url: 'https://dev-algorithm.govolution.com/vlinktest/QA2/version_2_0/auth.html'

2022-10-07 14:56:39 - [MESSAGE][WARNING] - A browser is already opened. Closing browser and opening a new one

2022-10-07 14:56:40 - [MESSAGE][INFO] - Starting 'Chrome' driver

2022-10-07 14:56:40 - [MESSAGE][INFO] - User set preference: ['acceptInsecureCerts', 'true']

2022-10-07 14:56:40 - [MESSAGE][INFO] - Action delay is set to 0 milliseconds

2022-10-07 14:56:42 - [MESSAGE][PASSED] - Browser is opened with url: 'https://dev-algorithm.govolution.com/vlinktest/QA2/version_2_0/auth.html'

2022-10-07 14:56:42 - [TEST_STEP][PASSED] - maximizeWindow(): Current window maximized

2022-10-07 14:56:42 - [MESSAGE][PASSED] - Current window maximized

2022-10-07 14:56:42 - [TEST_STEP][PASSED] - genRemID = RandomStringUtils.random(12, true, true): null

2022-10-07 14:56:42 - [TEST_STEP][PASSED] - setText(findTestObject("Object Repository/RecAndPlayBk/Page-Vlink-AuthOnly/input_Remittance Id_remittance_id"), genRemID): Text 'RhOu49ghrVjD' is set on object 'Object Repository/RecAndPlayBk/Page-Vlink-AuthOnly/input_Remittance Id_remittance_id'

2022-10-07 14:56:43 - [MESSAGE][PASSED] - Text 'RhOu49ghrVjD' is set on object 'Object Repository/RecAndPlayBk/Page-Vlink-AuthOnly/input_Remittance Id_remittance_id'

2022-10-07 14:56:43 - [TEST_STEP][PASSED] - setText(findTestObject("Object Repository/RecAndPlayBk/Page-Vlink-AuthOnly/input_Application Id_application_id"), appID): Text '87' is set on object 'Object Repository/RecAndPlayBk/Page-Vlink-AuthOnly/input_Application Id_application_id'

2022-10-07 14:56:44 - [MESSAGE][PASSED] - Text '87' is set on object 'Object Repository/RecAndPlayBk/Page-Vlink-AuthOnly/input_Application Id_application_id'

2022-10-07 14:56:44 - [TEST_STEP][PASSED] - setText(findTestObject("Object Repository/RecAndPlayBk/Page-Vlink-AuthOnly/input_Username_username"), username): Text 'username' is set on object 'Object Repository/RecAndPlayBk/Page-Vlink-AuthOnly/input_Username_username'

2022-10-07 14:56:44 - [MESSAGE][PASSED] - Text 'username' is set on object 'Object Repository/RecAndPlayBk/Page-Vlink-AuthOnly/input_Username_username'

2022-10-07 14:56:44 - [TEST_STEP][PASSED] - setText(findTestObject("Object Repository/RecAndPlayBk/Page-Vlink-AuthOnly/input_Password_password"), password): Text 'password' is set on object 'Object Repository/RecAndPlayBk/Page-Vlink-AuthOnly/input_Password_password'

2022-10-07 14:56:45 - [MESSAGE][PASSED] - Text 'password' is set on object 'Object Repository/RecAndPlayBk/Page-Vlink-AuthOnly/input_Password_password'

2022-10-07 14:56:45 - [TEST_STEP][PASSED] - setText(findTestObject("Object Repository/RecAndPlayBk/Page-Vlink-AuthOnly/input_Category_category"), category): Text 'ECOM' is set on object 'Object Repository/RecAndPlayBk/Page-Vlink-AuthOnly/input_Category_category'

2022-10-07 14:56:46 - [MESSAGE][PASSED] - Text 'ECOM' is set on object 'Object Repository/RecAndPlayBk/Page-Vlink-AuthOnly/input_Category_category'

2022-10-07 14:56:46 - [TEST_STEP][PASSED] - setText(findTestObject("Object Repository/RecAndPlayBk/Page-Vlink-AuthOnly/input_Amount_amount"), amount): Text '10.5' is set on object 'Object Repository/RecAndPlayBk/Page-Vlink-AuthOnly/input_Amount_amount'

2022-10-07 14:56:46 - [MESSAGE][PASSED] - Text '10.5' is set on object 'Object Repository/RecAndPlayBk/Page-Vlink-AuthOnly/input_Amount_amount'

2022-10-07 14:56:46 - [TEST_STEP][PASSED] - doubleClick(findTestObject("Object Repository/RecAndPlayBk/Page-Vlink-AuthOnly/input_Card number_card_number")): Object: 'Object Repository/RecAndPlayBk/Page-Vlink-AuthOnly/input_Card number_card_number' is double clicked on

2022-10-07 14:56:47 - [MESSAGE][PASSED] - Object: 'Object Repository/RecAndPlayBk/Page-Vlink-AuthOnly/input_Card number_card_number' is double clicked on

2022-10-07 14:56:47 - [TEST_STEP][PASSED] - setText(findTestObject("Object Repository/RecAndPlayBk/Page-Vlink-AuthOnly/input_Card number_card_number"), cardNumber): Text '4012000098765439' is set on object 'Object Repository/RecAndPlayBk/Page-Vlink-AuthOnly/input_Card number_card_number'

2022-10-07 14:56:47 - [MESSAGE][PASSED] - Text '4012000098765439' is set on object 'Object Repository/RecAndPlayBk/Page-Vlink-AuthOnly/input_Card number_card_number'

2022-10-07 14:56:47 - [TEST_STEP][PASSED] - setText(findTestObject("Object Repository/RecAndPlayBk/Page-Vlink-AuthOnly/input_Card ex month_card_exmo"), exM): Text '12' is set on object 'Object Repository/RecAndPlayBk/Page-Vlink-AuthOnly/input_Card ex month_card_exmo'

2022-10-07 14:56:48 - [MESSAGE][PASSED] - Text '12' is set on object 'Object Repository/RecAndPlayBk/Page-Vlink-AuthOnly/input_Card ex month_card_exmo'

2022-10-07 14:56:48 - [TEST_STEP][PASSED] - setText(findTestObject("Object Repository/RecAndPlayBk/Page-Vlink-AuthOnly/input_Card ex year_card_exyr"), exY): Text '2029' is set on object 'Object Repository/RecAndPlayBk/Page-Vlink-AuthOnly/input_Card ex year_card_exyr'

2022-10-07 14:56:49 - [MESSAGE][PASSED] - Text '2029' is set on object 'Object Repository/RecAndPlayBk/Page-Vlink-AuthOnly/input_Card ex year_card_exyr'

2022-10-07 14:56:49 - [TEST_STEP][PASSED] - click(findTestObject("Object Repository/RecAndPlayBk/Page-Vlink-AuthOnly/input_Track Data_track_data")): Object: 'Object Repository/RecAndPlayBk/Page-Vlink-AuthOnly/input_Track Data_track_data' is clicked on

2022-10-07 14:56:49 - [MESSAGE][PASSED] - Object: 'Object Repository/RecAndPlayBk/Page-Vlink-AuthOnly/input_Track Data_track_data' is clicked on

2022-10-07 14:56:49 - [TEST_STEP][PASSED] - click(findTestObject("Object Repository/RecAndPlayBk/Page-Vlink-AuthOnly/input_CVV state_cvv_state")): Object: 'Object Repository/RecAndPlayBk/Page-Vlink-AuthOnly/input_CVV state_cvv_state' is clicked on

2022-10-07 14:56:49 - [MESSAGE][PASSED] - Object: 'Object Repository/RecAndPlayBk/Page-Vlink-AuthOnly/input_CVV state_cvv_state' is clicked on

2022-10-07 14:56:49 - [TEST_STEP][PASSED] - setText(findTestObject("Object Repository/RecAndPlayBk/Page-Vlink-AuthOnly/input_Track Data_track_data"), ""): Text '' is set on object 'Object Repository/RecAndPlayBk/Page-Vlink-AuthOnly/input_Track Data_track_data'

2022-10-07 14:56:50 - [MESSAGE][PASSED] - Text '' is set on object 'Object Repository/RecAndPlayBk/Page-Vlink-AuthOnly/input_Track Data_track_data'

2022-10-07 14:56:50 - [TEST_STEP][PASSED] - setText(findTestObject("Object Repository/RecAndPlayBk/Page-Vlink-AuthOnly/input_concat(Cardholder, , s email)_email"), ""): Text '' is set on object 'Object Repository/RecAndPlayBk/Page-Vlink-AuthOnly/input_concat(Cardholder, , s email)_email'

2022-10-07 14:56:50 - [MESSAGE][PASSED] - Text '' is set on object 'Object Repository/RecAndPlayBk/Page-Vlink-AuthOnly/input_concat(Cardholder, , s email)_email'

2022-10-07 14:56:50 - [TEST_STEP][PASSED] - click(findTestObject("Object Repository/RecAndPlayBk/Page-Vlink-AuthOnly/input_user_defined10_user_defined10")): Object: 'Object Repository/RecAndPlayBk/Page-Vlink-AuthOnly/input_user_defined10_user_defined10' is clicked on

2022-10-07 14:56:51 - [MESSAGE][PASSED] - Object: 'Object Repository/RecAndPlayBk/Page-Vlink-AuthOnly/input_user_defined10_user_defined10' is clicked on

2022-10-07 14:56:51 - [TEST_STEP][PASSED] - if (executionProfile.equalsIgnoreCase("QAProfile")): null

2022-10-07 14:56:51 - [TEST_STEP][PASSED] - click(findTestObject("Object Repository/RecAndPlayBk/Page-Vlink-AuthOnly/input")): Object: 'Object Repository/RecAndPlayBk/Page-Vlink-AuthOnly/input' is clicked on

2022-10-07 14:56:56 - [MESSAGE][PASSED] - Object: 'Object Repository/RecAndPlayBk/Page-Vlink-AuthOnly/input' is clicked on

2022-10-07 14:56:56 - [TEST_STEP][PASSED] - if (verifyTextPresent("Transaction approved, no errors", true)): null

2022-10-07 14:56:56 - [MESSAGE][PASSED] - Text 'Transaction approved, no errors' is present on page  using regular expression

2022-10-07 14:56:56 - [TEST_STEP][PASSED] - out.println("Auth was successful, Capture now"): null

2022-10-07 14:56:56 - [TEST_STEP][PASSED] - sdfo = getText(findTestObject("Object Repository/Page_VLinkReceipt/pre_STX")): Text of object 'Object Repository/Page_VLinkReceipt/pre_STX' is: '<STX>RhOu49ghrVjD                  12118970            0  Transaction approved, no errors                   0                                                                                  N TAS765   <ETX>'

2022-10-07 14:56:56 - [MESSAGE][PASSED] - Text of object 'Object Repository/Page_VLinkReceipt/pre_STX' is: '<STX>RhOu49ghrVjD                  12118970            0  Transaction approved, no errors                   0                                                                                  N TAS765   <ETX>'

2022-10-07 14:56:56 - [TEST_STEP][PASSED] - out.println("sdfo: " + sdfo): null

2022-10-07 14:56:56 - [TEST_STEP][PASSED] - remID = substring(5, 35).trim(): null

2022-10-07 14:56:56 - [TEST_STEP][PASSED] - out.println("remID: " + remID): null

2022-10-07 14:56:56 - [TEST_STEP][PASSED] - traxID = substring(35, 55).trim(): null

2022-10-07 14:56:56 - [TEST_STEP][PASSED] - out.println("traxID: " + traxID): null

2022-10-07 14:56:56 - [TEST_STEP][PASSED] - VLinkSaleRemID = remID: null

2022-10-07 14:56:56 - [TEST_STEP][PASSED] - VLinkSaleTranxID = traxID: null

2022-10-07 14:56:56 - [TEST_STEP][PASSED] - openBrowser(VLinkURL + "capture.html"): Browser is opened with url: 'https://dev-algorithm.govolution.com/vlinktest/QA2/version_2_0/capture.html'

2022-10-07 14:56:56 - [MESSAGE][WARNING] - A browser is already opened. Closing browser and opening a new one

2022-10-07 14:56:57 - [MESSAGE][INFO] - Starting 'Chrome' driver

2022-10-07 14:56:57 - [MESSAGE][INFO] - User set preference: ['acceptInsecureCerts', 'true']

2022-10-07 14:56:57 - [MESSAGE][INFO] - Action delay is set to 0 milliseconds

2022-10-07 14:56:59 - [MESSAGE][PASSED] - Browser is opened with url: 'https://dev-algorithm.govolution.com/vlinktest/QA2/version_2_0/capture.html'

2022-10-07 14:56:59 - [TEST_STEP][PASSED] - maximizeWindow(): Current window maximized

2022-10-07 14:56:59 - [MESSAGE][PASSED] - Current window maximized

2022-10-07 14:56:59 - [TEST_STEP][PASSED] - setText(findTestObject("Object Repository/RecAndPlayBk/Page-VLink-Capture/input_Remittance Id_remittance_id"), VLinkSaleRemID): Text 'RhOu49ghrVjD' is set on object 'Object Repository/RecAndPlayBk/Page-VLink-Capture/input_Remittance Id_remittance_id'

2022-10-07 14:57:00 - [MESSAGE][PASSED] - Text 'RhOu49ghrVjD' is set on object 'Object Repository/RecAndPlayBk/Page-VLink-Capture/input_Remittance Id_remittance_id'

2022-10-07 14:57:00 - [TEST_STEP][PASSED] - setText(findTestObject("Object Repository/RecAndPlayBk/Page-VLink-Capture/input_Application Id_application_id"), appID): Text '87' is set on object 'Object Repository/RecAndPlayBk/Page-VLink-Capture/input_Application Id_application_id'

2022-10-07 14:57:01 - [MESSAGE][PASSED] - Text '87' is set on object 'Object Repository/RecAndPlayBk/Page-VLink-Capture/input_Application Id_application_id'

2022-10-07 14:57:01 - [TEST_STEP][PASSED] - setText(findTestObject("Object Repository/RecAndPlayBk/Page-VLink-Capture/input_Username_username"), username): Text 'username' is set on object 'Object Repository/RecAndPlayBk/Page-VLink-Capture/input_Username_username'

2022-10-07 14:57:01 - [MESSAGE][PASSED] - Text 'username' is set on object 'Object Repository/RecAndPlayBk/Page-VLink-Capture/input_Username_username'

2022-10-07 14:57:01 - [TEST_STEP][PASSED] - setText(findTestObject("Object Repository/RecAndPlayBk/Page-VLink-Capture/input_Password_password"), password): Text 'password' is set on object 'Object Repository/RecAndPlayBk/Page-VLink-Capture/input_Password_password'

2022-10-07 14:57:02 - [MESSAGE][PASSED] - Text 'password' is set on object 'Object Repository/RecAndPlayBk/Page-VLink-Capture/input_Password_password'

2022-10-07 14:57:02 - [TEST_STEP][PASSED] - setText(findTestObject("Object Repository/RecAndPlayBk/Page-VLink-Capture/input_Transaction ID_transaction_id"), VLinkSaleTranxID): Text '12118970' is set on object 'Object Repository/RecAndPlayBk/Page-VLink-Capture/input_Transaction ID_transaction_id'

2022-10-07 14:57:03 - [MESSAGE][PASSED] - Text '12118970' is set on object 'Object Repository/RecAndPlayBk/Page-VLink-Capture/input_Transaction ID_transaction_id'

2022-10-07 14:57:03 - [TEST_STEP][PASSED] - setText(findTestObject("Object Repository/RecAndPlayBk/Page-VLink-Capture/input_Amount_amount"), amount): Text '10.5' is set on object 'Object Repository/RecAndPlayBk/Page-VLink-Capture/input_Amount_amount'

2022-10-07 14:57:03 - [MESSAGE][PASSED] - Text '10.5' is set on object 'Object Repository/RecAndPlayBk/Page-VLink-Capture/input_Amount_amount'

2022-10-07 14:57:03 - [TEST_STEP][PASSED] - click(findTestObject("Object Repository/RecAndPlayBk/Page-VLink-Capture/input")): Object: 'Object Repository/RecAndPlayBk/Page-VLink-Capture/input' is clicked on

2022-10-07 14:57:05 - [MESSAGE][PASSED] - Object: 'Object Repository/RecAndPlayBk/Page-VLink-Capture/input' is clicked on

2022-10-07 14:57:05 - [TEST_STEP][PASSED] - if (verifyTextPresent("Transaction approved, no errors", true)): null

2022-10-07 14:57:05 - [MESSAGE][PASSED] - Text 'Transaction approved, no errors' is present on page  using regular expression

2022-10-07 14:57:05 - [TEST_STEP][PASSED] - println("Transaction Approved, no errors text is present on the Confirmation page"): null

2022-10-07 14:57:05 - [TEST_STEP][PASSED] - out.println("Pass Record Number: " + row): null

2022-10-07 14:57:05 - [TEST_STEP][PASSED] - resText = "Pass": null

2022-10-07 14:57:05 - [TEST_STEP][PASSED] - pages.WriteExcel.demoKey(resText, datText, resColumn, datCloumn, fileLoc, nameSheet, row): pages.WriteExcel.demoKey is PASSED

2022-10-07 14:57:05 - [MESSAGE][PASSED] - pages.WriteExcel.demoKey is PASSED

2022-10-07 14:57:05 - [TEST_STEP][PASSED] - ExecuteTC = findTestData(dataFile).getValue("Execute", row): null

2022-10-07 14:57:06 - [TEST_STEP][PASSED] - out.println("Value of Execute is : " + ExecuteTC): null

2022-10-07 14:57:06 - [TEST_STEP][PASSED] - switch (executionProfile): null

2022-10-07 14:57:06 - [TEST_STEP][PASSED] - case "QA2Profile":: null

2022-10-07 14:57:06 - [TEST_STEP][PASSED] - appID = findTestData(dataFile).getValue("AppIDQA", row): null

2022-10-07 14:57:06 - [TEST_STEP][PASSED] - username = findTestData(dataFile).getValue("UsernameQA", row): null

2022-10-07 14:57:06 - [TEST_STEP][PASSED] - password = findTestData(dataFile).getValue("PasswordQA", row): null

2022-10-07 14:57:06 - [TEST_STEP][PASSED] - break: null

2022-10-07 14:57:06 - [TEST_STEP][PASSED] - if (ExecuteTC.equalsIgnoreCase("Y")): null

2022-10-07 14:57:06 - [TEST_STEP][PASSED] - out.println("Begin Record Number: " + row): null

2022-10-07 14:57:06 - [TEST_STEP][PASSED] - today = new java.util.Date(): null

2022-10-07 14:57:06 - [TEST_STEP][PASSED] - println(today): null

2022-10-07 14:57:06 - [TEST_STEP][PASSED] - datText = today: null

2022-10-07 14:57:06 - [TEST_STEP][PASSED] - category = findTestData(dataFile).getValue("Category", row): null

2022-10-07 14:57:06 - [TEST_STEP][PASSED] - amount = findTestData(dataFile).getValue("Amount", row): null

2022-10-07 14:57:06 - [TEST_STEP][PASSED] - cardNumber = findTestData(dataFile).getValue("CardNumber", row): null

2022-10-07 14:57:06 - [TEST_STEP][PASSED] - exM = findTestData(dataFile).getValue("ExM", row): null

2022-10-07 14:57:06 - [TEST_STEP][PASSED] - exY = findTestData(dataFile).getValue("ExY", row): null

2022-10-07 14:57:06 - [TEST_STEP][PASSED] - openBrowser(VLinkURL + "auth.html"): Browser is opened with url: 'https://dev-algorithm.govolution.com/vlinktest/QA2/version_2_0/auth.html'

2022-10-07 14:57:06 - [MESSAGE][WARNING] - A browser is already opened. Closing browser and opening a new one

2022-10-07 14:57:07 - [MESSAGE][INFO] - Starting 'Chrome' driver

2022-10-07 14:57:07 - [MESSAGE][INFO] - User set preference: ['acceptInsecureCerts', 'true']

2022-10-07 14:57:07 - [MESSAGE][INFO] - Action delay is set to 0 milliseconds

2022-10-07 14:57:09 - [MESSAGE][PASSED] - Browser is opened with url: 'https://dev-algorithm.govolution.com/vlinktest/QA2/version_2_0/auth.html'

2022-10-07 14:57:09 - [TEST_STEP][PASSED] - maximizeWindow(): Current window maximized

2022-10-07 14:57:09 - [MESSAGE][PASSED] - Current window maximized

2022-10-07 14:57:09 - [TEST_STEP][PASSED] - genRemID = RandomStringUtils.random(12, true, true): null

2022-10-07 14:57:09 - [TEST_STEP][PASSED] - setText(findTestObject("Object Repository/RecAndPlayBk/Page-Vlink-AuthOnly/input_Remittance Id_remittance_id"), genRemID): Text '3JUfRBb62pfu' is set on object 'Object Repository/RecAndPlayBk/Page-Vlink-AuthOnly/input_Remittance Id_remittance_id'

2022-10-07 14:57:10 - [MESSAGE][PASSED] - Text '3JUfRBb62pfu' is set on object 'Object Repository/RecAndPlayBk/Page-Vlink-AuthOnly/input_Remittance Id_remittance_id'

2022-10-07 14:57:10 - [TEST_STEP][PASSED] - setText(findTestObject("Object Repository/RecAndPlayBk/Page-Vlink-AuthOnly/input_Application Id_application_id"), appID): Text '581' is set on object 'Object Repository/RecAndPlayBk/Page-Vlink-AuthOnly/input_Application Id_application_id'

2022-10-07 14:57:11 - [MESSAGE][PASSED] - Text '581' is set on object 'Object Repository/RecAndPlayBk/Page-Vlink-AuthOnly/input_Application Id_application_id'

2022-10-07 14:57:11 - [TEST_STEP][PASSED] - setText(findTestObject("Object Repository/RecAndPlayBk/Page-Vlink-AuthOnly/input_Username_username"), username): Text 'usr581' is set on object 'Object Repository/RecAndPlayBk/Page-Vlink-AuthOnly/input_Username_username'

2022-10-07 14:57:11 - [MESSAGE][PASSED] - Text 'usr581' is set on object 'Object Repository/RecAndPlayBk/Page-Vlink-AuthOnly/input_Username_username'

2022-10-07 14:57:11 - [TEST_STEP][PASSED] - setText(findTestObject("Object Repository/RecAndPlayBk/Page-Vlink-AuthOnly/input_Password_password"), password): Text 'pwd581' is set on object 'Object Repository/RecAndPlayBk/Page-Vlink-AuthOnly/input_Password_password'

2022-10-07 14:57:12 - [MESSAGE][PASSED] - Text 'pwd581' is set on object 'Object Repository/RecAndPlayBk/Page-Vlink-AuthOnly/input_Password_password'

2022-10-07 14:57:12 - [TEST_STEP][PASSED] - setText(findTestObject("Object Repository/RecAndPlayBk/Page-Vlink-AuthOnly/input_Category_category"), category): Text 'ECOM' is set on object 'Object Repository/RecAndPlayBk/Page-Vlink-AuthOnly/input_Category_category'

2022-10-07 14:57:13 - [MESSAGE][PASSED] - Text 'ECOM' is set on object 'Object Repository/RecAndPlayBk/Page-Vlink-AuthOnly/input_Category_category'

2022-10-07 14:57:13 - [TEST_STEP][PASSED] - setText(findTestObject("Object Repository/RecAndPlayBk/Page-Vlink-AuthOnly/input_Amount_amount"), amount): Text '10.5' is set on object 'Object Repository/RecAndPlayBk/Page-Vlink-AuthOnly/input_Amount_amount'

2022-10-07 14:57:13 - [MESSAGE][PASSED] - Text '10.5' is set on object 'Object Repository/RecAndPlayBk/Page-Vlink-AuthOnly/input_Amount_amount'

2022-10-07 14:57:13 - [TEST_STEP][PASSED] - doubleClick(findTestObject("Object Repository/RecAndPlayBk/Page-Vlink-AuthOnly/input_Card number_card_number")): Object: 'Object Repository/RecAndPlayBk/Page-Vlink-AuthOnly/input_Card number_card_number' is double clicked on

2022-10-07 14:57:14 - [MESSAGE][PASSED] - Object: 'Object Repository/RecAndPlayBk/Page-Vlink-AuthOnly/input_Card number_card_number' is double clicked on

2022-10-07 14:57:14 - [TEST_STEP][PASSED] - setText(findTestObject("Object Repository/RecAndPlayBk/Page-Vlink-AuthOnly/input_Card number_card_number"), cardNumber): Text '5146312200000035' is set on object 'Object Repository/RecAndPlayBk/Page-Vlink-AuthOnly/input_Card number_card_number'

2022-10-07 14:57:14 - [MESSAGE][PASSED] - Text '5146312200000035' is set on object 'Object Repository/RecAndPlayBk/Page-Vlink-AuthOnly/input_Card number_card_number'

2022-10-07 14:57:14 - [TEST_STEP][PASSED] - setText(findTestObject("Object Repository/RecAndPlayBk/Page-Vlink-AuthOnly/input_Card ex month_card_exmo"), exM): Text '12' is set on object 'Object Repository/RecAndPlayBk/Page-Vlink-AuthOnly/input_Card ex month_card_exmo'

2022-10-07 14:57:15 - [MESSAGE][PASSED] - Text '12' is set on object 'Object Repository/RecAndPlayBk/Page-Vlink-AuthOnly/input_Card ex month_card_exmo'

2022-10-07 14:57:15 - [TEST_STEP][PASSED] - setText(findTestObject("Object Repository/RecAndPlayBk/Page-Vlink-AuthOnly/input_Card ex year_card_exyr"), exY): Text '2029' is set on object 'Object Repository/RecAndPlayBk/Page-Vlink-AuthOnly/input_Card ex year_card_exyr'

2022-10-07 14:57:16 - [MESSAGE][PASSED] - Text '2029' is set on object 'Object Repository/RecAndPlayBk/Page-Vlink-AuthOnly/input_Card ex year_card_exyr'

2022-10-07 14:57:16 - [TEST_STEP][PASSED] - click(findTestObject("Object Repository/RecAndPlayBk/Page-Vlink-AuthOnly/input_Track Data_track_data")): Object: 'Object Repository/RecAndPlayBk/Page-Vlink-AuthOnly/input_Track Data_track_data' is clicked on

2022-10-07 14:57:16 - [MESSAGE][PASSED] - Object: 'Object Repository/RecAndPlayBk/Page-Vlink-AuthOnly/input_Track Data_track_data' is clicked on

2022-10-07 14:57:16 - [TEST_STEP][PASSED] - click(findTestObject("Object Repository/RecAndPlayBk/Page-Vlink-AuthOnly/input_CVV state_cvv_state")): Object: 'Object Repository/RecAndPlayBk/Page-Vlink-AuthOnly/input_CVV state_cvv_state' is clicked on

2022-10-07 14:57:16 - [MESSAGE][PASSED] - Object: 'Object Repository/RecAndPlayBk/Page-Vlink-AuthOnly/input_CVV state_cvv_state' is clicked on

2022-10-07 14:57:16 - [TEST_STEP][PASSED] - setText(findTestObject("Object Repository/RecAndPlayBk/Page-Vlink-AuthOnly/input_Track Data_track_data"), ""): Text '' is set on object 'Object Repository/RecAndPlayBk/Page-Vlink-AuthOnly/input_Track Data_track_data'

2022-10-07 14:57:17 - [MESSAGE][PASSED] - Text '' is set on object 'Object Repository/RecAndPlayBk/Page-Vlink-AuthOnly/input_Track Data_track_data'

2022-10-07 14:57:17 - [TEST_STEP][PASSED] - setText(findTestObject("Object Repository/RecAndPlayBk/Page-Vlink-AuthOnly/input_concat(Cardholder, , s email)_email"), ""): Text '' is set on object 'Object Repository/RecAndPlayBk/Page-Vlink-AuthOnly/input_concat(Cardholder, , s email)_email'

2022-10-07 14:57:18 - [MESSAGE][PASSED] - Text '' is set on object 'Object Repository/RecAndPlayBk/Page-Vlink-AuthOnly/input_concat(Cardholder, , s email)_email'

2022-10-07 14:57:18 - [TEST_STEP][PASSED] - click(findTestObject("Object Repository/RecAndPlayBk/Page-Vlink-AuthOnly/input_user_defined10_user_defined10")): Object: 'Object Repository/RecAndPlayBk/Page-Vlink-AuthOnly/input_user_defined10_user_defined10' is clicked on

2022-10-07 14:57:18 - [MESSAGE][PASSED] - Object: 'Object Repository/RecAndPlayBk/Page-Vlink-AuthOnly/input_user_defined10_user_defined10' is clicked on

2022-10-07 14:57:18 - [TEST_STEP][PASSED] - if (executionProfile.equalsIgnoreCase("QAProfile")): null

2022-10-07 14:57:18 - [TEST_STEP][PASSED] - click(findTestObject("Object Repository/RecAndPlayBk/Page-Vlink-AuthOnly/input")): Object: 'Object Repository/RecAndPlayBk/Page-Vlink-AuthOnly/input' is clicked on

2022-10-07 14:57:19 - [MESSAGE][PASSED] - Object: 'Object Repository/RecAndPlayBk/Page-Vlink-AuthOnly/input' is clicked on

2022-10-07 14:57:19 - [TEST_STEP][PASSED] - if (verifyTextPresent("Transaction approved, no errors", true)): null

2022-10-07 14:57:20 - [MESSAGE][PASSED] - Text 'Transaction approved, no errors' is present on page  using regular expression

2022-10-07 14:57:20 - [TEST_STEP][PASSED] - out.println("Auth was successful, Capture now"): null

2022-10-07 14:57:20 - [TEST_STEP][PASSED] - sdfo = getText(findTestObject("Object Repository/Page_VLinkReceipt/pre_STX")): Text of object 'Object Repository/Page_VLinkReceipt/pre_STX' is: '<STX>3JUfRBb62pfu                  12118972            0  Transaction approved, no errors                   0                                                                                  YM000032   <ETX>'

2022-10-07 14:57:20 - [MESSAGE][PASSED] - Text of object 'Object Repository/Page_VLinkReceipt/pre_STX' is: '<STX>3JUfRBb62pfu                  12118972            0  Transaction approved, no errors                   0                                                                                  YM000032   <ETX>'

2022-10-07 14:57:20 - [TEST_STEP][PASSED] - out.println("sdfo: " + sdfo): null

2022-10-07 14:57:20 - [TEST_STEP][PASSED] - remID = substring(5, 35).trim(): null

2022-10-07 14:57:20 - [TEST_STEP][PASSED] - out.println("remID: " + remID): null

2022-10-07 14:57:20 - [TEST_STEP][PASSED] - traxID = substring(35, 55).trim(): null

2022-10-07 14:57:20 - [TEST_STEP][PASSED] - out.println("traxID: " + traxID): null

2022-10-07 14:57:20 - [TEST_STEP][PASSED] - VLinkSaleRemID = remID: null

2022-10-07 14:57:20 - [TEST_STEP][PASSED] - VLinkSaleTranxID = traxID: null

2022-10-07 14:57:20 - [TEST_STEP][PASSED] - openBrowser(VLinkURL + "capture.html"): Browser is opened with url: 'https://dev-algorithm.govolution.com/vlinktest/QA2/version_2_0/capture.html'

2022-10-07 14:57:20 - [MESSAGE][WARNING] - A browser is already opened. Closing browser and opening a new one

2022-10-07 14:57:21 - [MESSAGE][INFO] - Starting 'Chrome' driver

2022-10-07 14:57:21 - [MESSAGE][INFO] - User set preference: ['acceptInsecureCerts', 'true']

2022-10-07 14:57:21 - [MESSAGE][INFO] - Action delay is set to 0 milliseconds

2022-10-07 14:57:23 - [MESSAGE][PASSED] - Browser is opened with url: 'https://dev-algorithm.govolution.com/vlinktest/QA2/version_2_0/capture.html'

2022-10-07 14:57:23 - [TEST_STEP][PASSED] - maximizeWindow(): Current window maximized

2022-10-07 14:57:23 - [MESSAGE][PASSED] - Current window maximized

2022-10-07 14:57:23 - [TEST_STEP][PASSED] - setText(findTestObject("Object Repository/RecAndPlayBk/Page-VLink-Capture/input_Remittance Id_remittance_id"), VLinkSaleRemID): Text '3JUfRBb62pfu' is set on object 'Object Repository/RecAndPlayBk/Page-VLink-Capture/input_Remittance Id_remittance_id'

2022-10-07 14:57:24 - [MESSAGE][PASSED] - Text '3JUfRBb62pfu' is set on object 'Object Repository/RecAndPlayBk/Page-VLink-Capture/input_Remittance Id_remittance_id'

2022-10-07 14:57:24 - [TEST_STEP][PASSED] - setText(findTestObject("Object Repository/RecAndPlayBk/Page-VLink-Capture/input_Application Id_application_id"), appID): Text '581' is set on object 'Object Repository/RecAndPlayBk/Page-VLink-Capture/input_Application Id_application_id'

2022-10-07 14:57:25 - [MESSAGE][PASSED] - Text '581' is set on object 'Object Repository/RecAndPlayBk/Page-VLink-Capture/input_Application Id_application_id'

2022-10-07 14:57:25 - [TEST_STEP][PASSED] - setText(findTestObject("Object Repository/RecAndPlayBk/Page-VLink-Capture/input_Username_username"), username): Text 'usr581' is set on object 'Object Repository/RecAndPlayBk/Page-VLink-Capture/input_Username_username'

2022-10-07 14:57:26 - [MESSAGE][PASSED] - Text 'usr581' is set on object 'Object Repository/RecAndPlayBk/Page-VLink-Capture/input_Username_username'

2022-10-07 14:57:26 - [TEST_STEP][PASSED] - setText(findTestObject("Object Repository/RecAndPlayBk/Page-VLink-Capture/input_Password_password"), password): Text 'pwd581' is set on object 'Object Repository/RecAndPlayBk/Page-VLink-Capture/input_Password_password'

2022-10-07 14:57:26 - [MESSAGE][PASSED] - Text 'pwd581' is set on object 'Object Repository/RecAndPlayBk/Page-VLink-Capture/input_Password_password'

2022-10-07 14:57:26 - [TEST_STEP][PASSED] - setText(findTestObject("Object Repository/RecAndPlayBk/Page-VLink-Capture/input_Transaction ID_transaction_id"), VLinkSaleTranxID): Text '12118972' is set on object 'Object Repository/RecAndPlayBk/Page-VLink-Capture/input_Transaction ID_transaction_id'

2022-10-07 14:57:27 - [MESSAGE][PASSED] - Text '12118972' is set on object 'Object Repository/RecAndPlayBk/Page-VLink-Capture/input_Transaction ID_transaction_id'

2022-10-07 14:57:27 - [TEST_STEP][PASSED] - setText(findTestObject("Object Repository/RecAndPlayBk/Page-VLink-Capture/input_Amount_amount"), amount): Text '10.5' is set on object 'Object Repository/RecAndPlayBk/Page-VLink-Capture/input_Amount_amount'

2022-10-07 14:57:28 - [MESSAGE][PASSED] - Text '10.5' is set on object 'Object Repository/RecAndPlayBk/Page-VLink-Capture/input_Amount_amount'

2022-10-07 14:57:28 - [TEST_STEP][PASSED] - click(findTestObject("Object Repository/RecAndPlayBk/Page-VLink-Capture/input")): Object: 'Object Repository/RecAndPlayBk/Page-VLink-Capture/input' is clicked on

2022-10-07 14:57:29 - [MESSAGE][PASSED] - Object: 'Object Repository/RecAndPlayBk/Page-VLink-Capture/input' is clicked on

2022-10-07 14:57:29 - [TEST_STEP][PASSED] - if (verifyTextPresent("Transaction approved, no errors", true)): null

2022-10-07 14:57:30 - [MESSAGE][PASSED] - Text 'Transaction approved, no errors' is present on page  using regular expression

2022-10-07 14:57:30 - [TEST_STEP][PASSED] - println("Transaction Approved, no errors text is present on the Confirmation page"): null

2022-10-07 14:57:30 - [TEST_STEP][PASSED] - out.println("Pass Record Number: " + row): null

2022-10-07 14:57:30 - [TEST_STEP][PASSED] - resText = "Pass": null

2022-10-07 14:57:30 - [TEST_STEP][PASSED] - pages.WriteExcel.demoKey(resText, datText, resColumn, datCloumn, fileLoc, nameSheet, row): pages.WriteExcel.demoKey is PASSED

2022-10-07 14:57:30 - [MESSAGE][PASSED] - pages.WriteExcel.demoKey is PASSED]]></system-out>
         <system-err><![CDATA[]]></system-err>
      </testcase>
      <system-out><![CDATA[2022-10-07 14:55:23 - [TEST_SUITE][PASSED] - QA_Smoke_Test: Test Cases/RecAndPlayBk/VLink/Auth-Capture]]></system-out>
      <system-err><![CDATA[]]></system-err>
   </testsuite>
</testsuites>
