<?xml version="1.0" encoding="UTF-8"?>
<testsuites name="AdminSuiteBootstrap_MRF_TestSuite" time="94.684" tests="4" failures="0" errors="0">
   <testsuite name="AdminSuiteBootstrap_MRF_TestSuite" tests="4" failures="0" errors="0" time="94.684" skipped="0" timestamp="2022-03-11 17:43:01" hostname="iahmed - DESKTOP-B2QI6NS.govolution.com" id="Test Suites/AdminSuiteBootstrap_TestSuite/AdminSuiteBootstrap_MRF_TestSuite">
      <properties>
         <property name="deviceName" value=""/>
         <property name="devicePlatform" value=""/>
         <property name="logFolder" value="E:\\Cloned-Project-Katalon\\VPS-Katalon\\Reports\\20220311_174256\\AdminSuiteBootstrap_TestSuite\\AdminSuiteBootstrap_MRF_TestSuite\\20220311_174256"/>
         <property name="logFiles" value="E:\\Cloned-Project-Katalon\\VPS-Katalon\\Reports\\20220311_174256\\AdminSuiteBootstrap_TestSuite\\AdminSuiteBootstrap_MRF_TestSuite\\20220311_174256\\execution0.log"/>
         <property name="attachments" value=""/>
         <property name="hostName" value="iahmed - DESKTOP-B2QI6NS.govolution.com"/>
         <property name="os" value="Windows 10 64bit"/>
         <property name="katalonVersion" value="8.2.0.208"/>
         <property name="browser" value="Chrome 99.0.4844.51"/>
         <property name="hostAddress" value="172.31.253.180"/>
         <property name="sessionId" value="4208184f7d8d1bc3b80edef521bfbc40"/>
         <property name="seleniumVersion" value="3.141.59"/>
         <property name="proxyInformation" value="ProxyInformation { proxyOption=NO_PROXY, proxyServerType=HTTP, username=, password=********, proxyServerAddress=, proxyServerPort=0, executionList=&quot;&quot;, isApplyToDesiredCapabilities=true }"/>
         <property name="platform" value="Windows 10"/>
      </properties>
      <testcase name="Test Cases/Admin Suite Bootstrap/VT_TestCases/VerifySaleKeyboard_MRF_TC" time="27.038" classname="Test Cases/Admin Suite Bootstrap/VT_TestCases/VerifySaleKeyboard_MRF_TC" status="PASSED">
         <system-out><![CDATA[2022-03-11 17:43:02 - [TEST_CASE][PASSED] - Test Cases/Admin Suite Bootstrap/VT_TestCases/VerifySaleKeyboard_MRF_TC: Test Cases/Admin Suite Bootstrap/VT_TestCases/VerifySaleKeyboard_MRF_TC

2022-03-11 17:43:02 - [TEST_STEP][PASSED] - path_Dashboard = "Object Repository/AdminSuiteBootstrap_Pages/Dashboard_Bootstrap/": null

2022-03-11 17:43:02 - [TEST_STEP][PASSED] - path_VT = "Object Repository/AdminSuiteBootstrap_Pages/VT_Bootstrap/IssueTransactions/": null

2022-03-11 17:43:02 - [TEST_STEP][PASSED] - path_SaleKB = "Object Repository/AdminSuiteBootstrap_Pages/VT_Bootstrap/SaleKeyboard/": null

2022-03-11 17:43:02 - [TEST_STEP][PASSED] - appliID = "238": null

2022-03-11 17:43:02 - [TEST_STEP][PASSED] - li_1 = "/admin/imtiaz/bootstrap/vpos/": null

2022-03-11 17:43:02 - [TEST_STEP][PASSED] - li_2 = "/transactions/AuthCapForm/": null

2022-03-11 17:43:02 - [TEST_STEP][PASSED] - hrefAppID = li_1 + appliID + li_2: null

2022-03-11 17:43:02 - [TEST_STEP][PASSED] - out.println("hrefID is : " + hrefAppID): null

2022-03-11 17:43:02 - [TEST_STEP][PASSED] - adminSuiteBootstrap.loginFunctionality.login_AdminSuite(): adminSuiteBootstrap.loginFunctionality.login_AdminSuite is PASSED

2022-03-11 17:43:03 - [MESSAGE][INFO] - Starting 'Chrome' driver

2022-03-11 17:43:03 - [MESSAGE][INFO] - User set preference: ['acceptInsecureCerts', 'true']

2022-03-11 17:43:03 - [MESSAGE][INFO] - Action delay is set to 0 milliseconds

2022-03-11 17:43:08 - [MESSAGE][PASSED] - Browser is opened with url: 'https://qa.velocitypayment.com/admin/imtiaz'

2022-03-11 17:43:08 - [MESSAGE][PASSED] - Current window maximized

2022-03-11 17:43:09 - [MESSAGE][PASSED] - Object 'Object Repository/Login_Page/Login_Username' is present

2022-03-11 17:43:10 - [MESSAGE][PASSED] - Text 'iahmed' is set on object 'Object Repository/Login_Page/Login_Username'

2022-03-11 17:43:10 - [MESSAGE][PASSED] - Text 'hello2222' is set on object 'Object Repository/Login_Page/Login_Password'

2022-03-11 17:43:18 - [MESSAGE][PASSED] - Object: 'Object Repository/Login_Page/Login_Submit' is clicked on

2022-03-11 17:43:18 - [MESSAGE][PASSED] - adminSuiteBootstrap.loginFunctionality.login_AdminSuite is PASSED

2022-03-11 17:43:18 - [TEST_STEP][PASSED] - click(findTestObject(path_Dashboard + "span_Payment")): Object: 'Object Repository/AdminSuiteBootstrap_Pages/Dashboard_Bootstrap/span_Payment' is clicked on

2022-03-11 17:43:18 - [MESSAGE][PASSED] - Object: 'Object Repository/AdminSuiteBootstrap_Pages/Dashboard_Bootstrap/span_Payment' is clicked on

2022-03-11 17:43:18 - [TEST_STEP][PASSED] - click(findTestObject(path_Dashboard + "a_HelloWorld3")): Object: 'Object Repository/AdminSuiteBootstrap_Pages/Dashboard_Bootstrap/a_HelloWorld3' is clicked on

2022-03-11 17:43:20 - [MESSAGE][PASSED] - Object: 'Object Repository/AdminSuiteBootstrap_Pages/Dashboard_Bootstrap/a_HelloWorld3' is clicked on

2022-03-11 17:43:20 - [TEST_STEP][PASSED] - click(findTestObject(path_VT + "button_Authorization  Capture (Sale)")): Object: 'Object Repository/AdminSuiteBootstrap_Pages/VT_Bootstrap/IssueTransactions/button_Authorization  Capture (Sale)' is clicked on

2022-03-11 17:43:21 - [MESSAGE][PASSED] - Object: 'Object Repository/AdminSuiteBootstrap_Pages/VT_Bootstrap/IssueTransactions/button_Authorization  Capture (Sale)' is clicked on

2022-03-11 17:43:21 - [TEST_STEP][PASSED] - saleKeyboardEntryLink = modifyObjectProperty(findTestObject(path_VT + "a_KeyboardEntry_Sale"), "href", "equals", hrefAppID, true): Modify property of object successfully

2022-03-11 17:43:21 - [MESSAGE][PASSED] - Modify property of object successfully

2022-03-11 17:43:21 - [TEST_STEP][PASSED] - click(saleKeyboardEntryLink): Object: 'Object Repository/AdminSuiteBootstrap_Pages/VT_Bootstrap/IssueTransactions/a_KeyboardEntry_Sale' is clicked on

2022-03-11 17:43:23 - [MESSAGE][PASSED] - Object: 'Object Repository/AdminSuiteBootstrap_Pages/VT_Bootstrap/IssueTransactions/a_KeyboardEntry_Sale' is clicked on

2022-03-11 17:43:23 - [TEST_STEP][PASSED] - click(findTestObject(path_SaleKB + "button_Submit")): Object: 'Object Repository/AdminSuiteBootstrap_Pages/VT_Bootstrap/SaleKeyboard/button_Submit' is clicked on

2022-03-11 17:43:25 - [MESSAGE][PASSED] - Object: 'Object Repository/AdminSuiteBootstrap_Pages/VT_Bootstrap/SaleKeyboard/button_Submit' is clicked on

2022-03-11 17:43:25 - [TEST_STEP][PASSED] - verifyTextPresent("Card Name is required", true): Text 'Card Name is required' is present on page  using regular expression

2022-03-11 17:43:26 - [MESSAGE][PASSED] - Text 'Card Name is required' is present on page  using regular expression

2022-03-11 17:43:26 - [TEST_STEP][PASSED] - verifyTextPresent("Card Number is required", true): Text 'Card Number is required' is present on page  using regular expression

2022-03-11 17:43:26 - [MESSAGE][PASSED] - Text 'Card Number is required' is present on page  using regular expression

2022-03-11 17:43:26 - [TEST_STEP][PASSED] - verifyTextPresent("Card Expiration Month is required", true): Text 'Card Expiration Month is required' is present on page  using regular expression

2022-03-11 17:43:27 - [MESSAGE][PASSED] - Text 'Card Expiration Month is required' is present on page  using regular expression

2022-03-11 17:43:27 - [TEST_STEP][PASSED] - verifyTextPresent("Card Expiration Year is required", true): Text 'Card Expiration Year is required' is present on page  using regular expression

2022-03-11 17:43:27 - [MESSAGE][PASSED] - Text 'Card Expiration Year is required' is present on page  using regular expression

2022-03-11 17:43:27 - [TEST_STEP][PASSED] - verifyTextPresent("Address is required", true): Text 'Address is required' is present on page  using regular expression

2022-03-11 17:43:27 - [MESSAGE][PASSED] - Text 'Address is required' is present on page  using regular expression

2022-03-11 17:43:27 - [TEST_STEP][PASSED] - verifyTextPresent("ZIP Code is required", true): Text 'ZIP Code is required' is present on page  using regular expression

2022-03-11 17:43:28 - [MESSAGE][PASSED] - Text 'ZIP Code is required' is present on page  using regular expression

2022-03-11 17:43:28 - [TEST_STEP][PASSED] - verifyTextPresent("Amount is required", true): Text 'Amount is required' is present on page  using regular expression

2022-03-11 17:43:28 - [MESSAGE][PASSED] - Text 'Amount is required' is present on page  using regular expression

2022-03-11 17:43:28 - [TEST_STEP][PASSED] - verifyTextPresent("This field is required", true): Text 'This field is required' is present on page  using regular expression

2022-03-11 17:43:29 - [MESSAGE][PASSED] - Text 'This field is required' is present on page  using regular expression

2022-03-11 17:43:29 - [TEST_STEP][PASSED] - verifyTextPresent("This field is required", true): Text 'This field is required' is present on page  using regular expression

2022-03-11 17:43:29 - [MESSAGE][PASSED] - Text 'This field is required' is present on page  using regular expression]]></system-out>
         <system-err><![CDATA[]]></system-err>
      </testcase>
      <testcase name="Test Cases/Admin Suite Bootstrap/VT_TestCases/VerifyAuthOnlyKeyboard_MRF_TC" time="22.71" classname="Test Cases/Admin Suite Bootstrap/VT_TestCases/VerifyAuthOnlyKeyboard_MRF_TC" status="PASSED">
         <system-out><![CDATA[2022-03-11 17:43:29 - [TEST_CASE][PASSED] - Test Cases/Admin Suite Bootstrap/VT_TestCases/VerifyAuthOnlyKeyboard_MRF_TC: Test Cases/Admin Suite Bootstrap/VT_TestCases/VerifyAuthOnlyKeyboard_MRF_TC

2022-03-11 17:43:29 - [TEST_STEP][PASSED] - path_Dashboard = "Object Repository/AdminSuiteBootstrap_Pages/Dashboard_Bootstrap/": null

2022-03-11 17:43:29 - [TEST_STEP][PASSED] - path_VT = "Object Repository/AdminSuiteBootstrap_Pages/VT_Bootstrap/IssueTransactions/": null

2022-03-11 17:43:29 - [TEST_STEP][PASSED] - path_SaleKB = "Object Repository/AdminSuiteBootstrap_Pages/VT_Bootstrap/SaleKeyboard/": null

2022-03-11 17:43:29 - [TEST_STEP][PASSED] - appliID = "238": null

2022-03-11 17:43:29 - [TEST_STEP][PASSED] - li_1 = "/admin/imtiaz/bootstrap/vpos/": null

2022-03-11 17:43:29 - [TEST_STEP][PASSED] - li_2 = "/transactions/AuthOnlyForm/": null

2022-03-11 17:43:29 - [TEST_STEP][PASSED] - hrefAppID = li_1 + appliID + li_2: null

2022-03-11 17:43:29 - [TEST_STEP][PASSED] - out.println("hrefID is : " + hrefAppID): null

2022-03-11 17:43:29 - [TEST_STEP][PASSED] - adminSuiteBootstrap.loginFunctionality.login_AdminSuite(): adminSuiteBootstrap.loginFunctionality.login_AdminSuite is PASSED

2022-03-11 17:43:29 - [MESSAGE][WARNING] - A browser is already opened. Closing browser and opening a new one

2022-03-11 17:43:30 - [MESSAGE][INFO] - Starting 'Chrome' driver

2022-03-11 17:43:30 - [MESSAGE][INFO] - User set preference: ['acceptInsecureCerts', 'true']

2022-03-11 17:43:30 - [MESSAGE][INFO] - Action delay is set to 0 milliseconds

2022-03-11 17:43:34 - [MESSAGE][PASSED] - Browser is opened with url: 'https://qa.velocitypayment.com/admin/imtiaz'

2022-03-11 17:43:34 - [MESSAGE][PASSED] - Current window maximized

2022-03-11 17:43:34 - [MESSAGE][PASSED] - Object 'Object Repository/Login_Page/Login_Username' is present

2022-03-11 17:43:35 - [MESSAGE][PASSED] - Text 'iahmed' is set on object 'Object Repository/Login_Page/Login_Username'

2022-03-11 17:43:35 - [MESSAGE][PASSED] - Text 'hello2222' is set on object 'Object Repository/Login_Page/Login_Password'

2022-03-11 17:43:41 - [MESSAGE][PASSED] - Object: 'Object Repository/Login_Page/Login_Submit' is clicked on

2022-03-11 17:43:41 - [MESSAGE][PASSED] - adminSuiteBootstrap.loginFunctionality.login_AdminSuite is PASSED

2022-03-11 17:43:41 - [TEST_STEP][PASSED] - click(findTestObject(path_Dashboard + "span_Payment")): Object: 'Object Repository/AdminSuiteBootstrap_Pages/Dashboard_Bootstrap/span_Payment' is clicked on

2022-03-11 17:43:41 - [MESSAGE][PASSED] - Object: 'Object Repository/AdminSuiteBootstrap_Pages/Dashboard_Bootstrap/span_Payment' is clicked on

2022-03-11 17:43:41 - [TEST_STEP][PASSED] - click(findTestObject(path_Dashboard + "a_HelloWorld3")): Object: 'Object Repository/AdminSuiteBootstrap_Pages/Dashboard_Bootstrap/a_HelloWorld3' is clicked on

2022-03-11 17:43:42 - [MESSAGE][PASSED] - Object: 'Object Repository/AdminSuiteBootstrap_Pages/Dashboard_Bootstrap/a_HelloWorld3' is clicked on

2022-03-11 17:43:43 - [TEST_STEP][PASSED] - click(findTestObject(path_VT + "button_Authorization Only")): Object: 'Object Repository/AdminSuiteBootstrap_Pages/VT_Bootstrap/IssueTransactions/button_Authorization Only' is clicked on

2022-03-11 17:43:43 - [MESSAGE][PASSED] - Object: 'Object Repository/AdminSuiteBootstrap_Pages/VT_Bootstrap/IssueTransactions/button_Authorization Only' is clicked on

2022-03-11 17:43:43 - [TEST_STEP][PASSED] - authOnlyKeyboardEntryLink = modifyObjectProperty(findTestObject(path_VT + "a_KeyboardEntry_Sale"), "href", "equals", hrefAppID, true): Modify property of object successfully

2022-03-11 17:43:43 - [MESSAGE][PASSED] - Modify property of object successfully

2022-03-11 17:43:43 - [TEST_STEP][PASSED] - click(authOnlyKeyboardEntryLink): Object: 'Object Repository/AdminSuiteBootstrap_Pages/VT_Bootstrap/IssueTransactions/a_KeyboardEntry_Sale' is clicked on

2022-03-11 17:43:45 - [MESSAGE][PASSED] - Object: 'Object Repository/AdminSuiteBootstrap_Pages/VT_Bootstrap/IssueTransactions/a_KeyboardEntry_Sale' is clicked on

2022-03-11 17:43:45 - [TEST_STEP][PASSED] - click(findTestObject(path_SaleKB + "button_Submit")): Object: 'Object Repository/AdminSuiteBootstrap_Pages/VT_Bootstrap/SaleKeyboard/button_Submit' is clicked on

2022-03-11 17:43:47 - [MESSAGE][PASSED] - Object: 'Object Repository/AdminSuiteBootstrap_Pages/VT_Bootstrap/SaleKeyboard/button_Submit' is clicked on

2022-03-11 17:43:47 - [TEST_STEP][PASSED] - verifyTextPresent("Card Name is required", true): Text 'Card Name is required' is present on page  using regular expression

2022-03-11 17:43:48 - [MESSAGE][PASSED] - Text 'Card Name is required' is present on page  using regular expression

2022-03-11 17:43:48 - [TEST_STEP][PASSED] - verifyTextPresent("Card Number is required", true): Text 'Card Number is required' is present on page  using regular expression

2022-03-11 17:43:49 - [MESSAGE][PASSED] - Text 'Card Number is required' is present on page  using regular expression

2022-03-11 17:43:49 - [TEST_STEP][PASSED] - verifyTextPresent("Card Expiration Month is required", true): Text 'Card Expiration Month is required' is present on page  using regular expression

2022-03-11 17:43:49 - [MESSAGE][PASSED] - Text 'Card Expiration Month is required' is present on page  using regular expression

2022-03-11 17:43:49 - [TEST_STEP][PASSED] - verifyTextPresent("Card Expiration Year is required", true): Text 'Card Expiration Year is required' is present on page  using regular expression

2022-03-11 17:43:50 - [MESSAGE][PASSED] - Text 'Card Expiration Year is required' is present on page  using regular expression

2022-03-11 17:43:50 - [TEST_STEP][PASSED] - verifyTextPresent("Address is required", true): Text 'Address is required' is present on page  using regular expression

2022-03-11 17:43:50 - [MESSAGE][PASSED] - Text 'Address is required' is present on page  using regular expression

2022-03-11 17:43:50 - [TEST_STEP][PASSED] - verifyTextPresent("ZIP Code is required", true): Text 'ZIP Code is required' is present on page  using regular expression

2022-03-11 17:43:50 - [MESSAGE][PASSED] - Text 'ZIP Code is required' is present on page  using regular expression

2022-03-11 17:43:50 - [TEST_STEP][PASSED] - verifyTextPresent("Amount is required", true): Text 'Amount is required' is present on page  using regular expression

2022-03-11 17:43:51 - [MESSAGE][PASSED] - Text 'Amount is required' is present on page  using regular expression

2022-03-11 17:43:51 - [TEST_STEP][PASSED] - verifyTextPresent("This field is required", true): Text 'This field is required' is present on page  using regular expression

2022-03-11 17:43:51 - [MESSAGE][PASSED] - Text 'This field is required' is present on page  using regular expression

2022-03-11 17:43:51 - [TEST_STEP][PASSED] - verifyTextPresent("This field is required", true): Text 'This field is required' is present on page  using regular expression

2022-03-11 17:43:52 - [MESSAGE][PASSED] - Text 'This field is required' is present on page  using regular expression]]></system-out>
         <system-err><![CDATA[]]></system-err>
      </testcase>
      <testcase name="Test Cases/Admin Suite Bootstrap/VT_TestCases/VerifySaleKeyboard_Retail_MRF_TC" time="22.957" classname="Test Cases/Admin Suite Bootstrap/VT_TestCases/VerifySaleKeyboard_Retail_MRF_TC" status="PASSED">
         <system-out><![CDATA[2022-03-11 17:43:52 - [TEST_CASE][PASSED] - Test Cases/Admin Suite Bootstrap/VT_TestCases/VerifySaleKeyboard_Retail_MRF_TC: Test Cases/Admin Suite Bootstrap/VT_TestCases/VerifySaleKeyboard_Retail_MRF_TC

2022-03-11 17:43:52 - [TEST_STEP][PASSED] - path_Dashboard = "Object Repository/AdminSuiteBootstrap_Pages/Dashboard_Bootstrap/": null

2022-03-11 17:43:52 - [TEST_STEP][PASSED] - path_VT = "Object Repository/AdminSuiteBootstrap_Pages/VT_Bootstrap/IssueTransactions/": null

2022-03-11 17:43:52 - [TEST_STEP][PASSED] - path_SaleKB = "Object Repository/AdminSuiteBootstrap_Pages/VT_Bootstrap/SaleKeyboard/": null

2022-03-11 17:43:52 - [TEST_STEP][PASSED] - appliID = "742": null

2022-03-11 17:43:52 - [TEST_STEP][PASSED] - li_1 = "/admin/imtiaz/bootstrap/vpos/": null

2022-03-11 17:43:52 - [TEST_STEP][PASSED] - li_2 = "/transactions/AuthCapForm/": null

2022-03-11 17:43:52 - [TEST_STEP][PASSED] - hrefAppID = li_1 + appliID + li_2: null

2022-03-11 17:43:52 - [TEST_STEP][PASSED] - out.println("hrefID is : " + hrefAppID): null

2022-03-11 17:43:52 - [TEST_STEP][PASSED] - adminSuiteBootstrap.loginFunctionality.login_AdminSuite(): adminSuiteBootstrap.loginFunctionality.login_AdminSuite is PASSED

2022-03-11 17:43:52 - [MESSAGE][WARNING] - A browser is already opened. Closing browser and opening a new one

2022-03-11 17:43:53 - [MESSAGE][INFO] - Starting 'Chrome' driver

2022-03-11 17:43:53 - [MESSAGE][INFO] - User set preference: ['acceptInsecureCerts', 'true']

2022-03-11 17:43:53 - [MESSAGE][INFO] - Action delay is set to 0 milliseconds

2022-03-11 17:43:56 - [MESSAGE][PASSED] - Browser is opened with url: 'https://qa.velocitypayment.com/admin/imtiaz'

2022-03-11 17:43:56 - [MESSAGE][PASSED] - Current window maximized

2022-03-11 17:43:57 - [MESSAGE][PASSED] - Object 'Object Repository/Login_Page/Login_Username' is present

2022-03-11 17:43:57 - [MESSAGE][PASSED] - Text 'iahmed' is set on object 'Object Repository/Login_Page/Login_Username'

2022-03-11 17:43:58 - [MESSAGE][PASSED] - Text 'hello2222' is set on object 'Object Repository/Login_Page/Login_Password'

2022-03-11 17:44:04 - [MESSAGE][PASSED] - Object: 'Object Repository/Login_Page/Login_Submit' is clicked on

2022-03-11 17:44:04 - [MESSAGE][PASSED] - adminSuiteBootstrap.loginFunctionality.login_AdminSuite is PASSED

2022-03-11 17:44:04 - [TEST_STEP][PASSED] - click(findTestObject(path_Dashboard + "span_Payment")): Object: 'Object Repository/AdminSuiteBootstrap_Pages/Dashboard_Bootstrap/span_Payment' is clicked on

2022-03-11 17:44:04 - [MESSAGE][PASSED] - Object: 'Object Repository/AdminSuiteBootstrap_Pages/Dashboard_Bootstrap/span_Payment' is clicked on

2022-03-11 17:44:04 - [TEST_STEP][PASSED] - click(findTestObject(path_Dashboard + "a_Access AutoNoCFtp")): Object: 'Object Repository/AdminSuiteBootstrap_Pages/Dashboard_Bootstrap/a_Access AutoNoCFtp' is clicked on

2022-03-11 17:44:06 - [MESSAGE][PASSED] - Object: 'Object Repository/AdminSuiteBootstrap_Pages/Dashboard_Bootstrap/a_Access AutoNoCFtp' is clicked on

2022-03-11 17:44:06 - [TEST_STEP][PASSED] - click(findTestObject(path_VT + "button_Authorization  Capture (Sale)")): Object: 'Object Repository/AdminSuiteBootstrap_Pages/VT_Bootstrap/IssueTransactions/button_Authorization  Capture (Sale)' is clicked on

2022-03-11 17:44:06 - [MESSAGE][PASSED] - Object: 'Object Repository/AdminSuiteBootstrap_Pages/VT_Bootstrap/IssueTransactions/button_Authorization  Capture (Sale)' is clicked on

2022-03-11 17:44:06 - [TEST_STEP][PASSED] - saleKeyboardEntryLink = modifyObjectProperty(findTestObject(path_VT + "a_KeyboardEntry_Sale"), "href", "equals", hrefAppID, true): Modify property of object successfully

2022-03-11 17:44:06 - [MESSAGE][PASSED] - Modify property of object successfully

2022-03-11 17:44:06 - [TEST_STEP][PASSED] - click(saleKeyboardEntryLink): Object: 'Object Repository/AdminSuiteBootstrap_Pages/VT_Bootstrap/IssueTransactions/a_KeyboardEntry_Sale' is clicked on

2022-03-11 17:44:08 - [MESSAGE][PASSED] - Object: 'Object Repository/AdminSuiteBootstrap_Pages/VT_Bootstrap/IssueTransactions/a_KeyboardEntry_Sale' is clicked on

2022-03-11 17:44:08 - [TEST_STEP][PASSED] - selectOptionByValue(findTestObject(path_SaleKB + "select_transactionCategory"), "RETL", true): All options with value 'RETL' are selected in object 'Object Repository/AdminSuiteBootstrap_Pages/VT_Bootstrap/SaleKeyboard/select_transactionCategory'  using regular expression

2022-03-11 17:44:09 - [MESSAGE][PASSED] - All options with value 'RETL' are selected in object 'Object Repository/AdminSuiteBootstrap_Pages/VT_Bootstrap/SaleKeyboard/select_transactionCategory'  using regular expression

2022-03-11 17:44:09 - [TEST_STEP][PASSED] - click(findTestObject(path_SaleKB + "button_Submit")): Object: 'Object Repository/AdminSuiteBootstrap_Pages/VT_Bootstrap/SaleKeyboard/button_Submit' is clicked on

2022-03-11 17:44:11 - [MESSAGE][PASSED] - Object: 'Object Repository/AdminSuiteBootstrap_Pages/VT_Bootstrap/SaleKeyboard/button_Submit' is clicked on

2022-03-11 17:44:11 - [TEST_STEP][PASSED] - verifyTextPresent("Card Name is required", true): Text 'Card Name is required' is present on page  using regular expression

2022-03-11 17:44:12 - [MESSAGE][PASSED] - Text 'Card Name is required' is present on page  using regular expression

2022-03-11 17:44:12 - [TEST_STEP][PASSED] - verifyTextPresent("Card Number is required", true): Text 'Card Number is required' is present on page  using regular expression

2022-03-11 17:44:12 - [MESSAGE][PASSED] - Text 'Card Number is required' is present on page  using regular expression

2022-03-11 17:44:12 - [TEST_STEP][PASSED] - verifyTextPresent("Card Expiration Month is required", true): Text 'Card Expiration Month is required' is present on page  using regular expression

2022-03-11 17:44:12 - [MESSAGE][PASSED] - Text 'Card Expiration Month is required' is present on page  using regular expression

2022-03-11 17:44:12 - [TEST_STEP][PASSED] - verifyTextPresent("Card Expiration Year is required", true): Text 'Card Expiration Year is required' is present on page  using regular expression

2022-03-11 17:44:13 - [MESSAGE][PASSED] - Text 'Card Expiration Year is required' is present on page  using regular expression

2022-03-11 17:44:13 - [TEST_STEP][PASSED] - verifyTextNotPresent("Address is required", true): Text 'Address is required' is not present on page using regular expression

2022-03-11 17:44:13 - [MESSAGE][PASSED] - Text 'Address is required' is not present on page using regular expression

2022-03-11 17:44:13 - [TEST_STEP][PASSED] - verifyTextNotPresent("ZIP Code is required", true): Text 'ZIP Code is required' is not present on page using regular expression

2022-03-11 17:44:13 - [MESSAGE][PASSED] - Text 'ZIP Code is required' is not present on page using regular expression

2022-03-11 17:44:13 - [TEST_STEP][PASSED] - verifyTextPresent("Amount is required", true): Text 'Amount is required' is present on page  using regular expression

2022-03-11 17:44:14 - [MESSAGE][PASSED] - Text 'Amount is required' is present on page  using regular expression

2022-03-11 17:44:14 - [TEST_STEP][PASSED] - verifyTextPresent("This field is required", true): Text 'This field is required' is present on page  using regular expression

2022-03-11 17:44:14 - [MESSAGE][PASSED] - Text 'This field is required' is present on page  using regular expression

2022-03-11 17:44:14 - [TEST_STEP][PASSED] - verifyTextPresent("This field is required", true): Text 'This field is required' is present on page  using regular expression

2022-03-11 17:44:15 - [MESSAGE][PASSED] - Text 'This field is required' is present on page  using regular expression]]></system-out>
         <system-err><![CDATA[]]></system-err>
      </testcase>
      <testcase name="Test Cases/Admin Suite Bootstrap/VT_TestCases/VerifyAuthOnlyKeyboard_Retail_MRF_TC" time="21.495" classname="Test Cases/Admin Suite Bootstrap/VT_TestCases/VerifyAuthOnlyKeyboard_Retail_MRF_TC" status="PASSED">
         <system-out><![CDATA[2022-03-11 17:44:15 - [TEST_CASE][PASSED] - Test Cases/Admin Suite Bootstrap/VT_TestCases/VerifyAuthOnlyKeyboard_Retail_MRF_TC: Test Cases/Admin Suite Bootstrap/VT_TestCases/VerifyAuthOnlyKeyboard_Retail_MRF_TC

2022-03-11 17:44:15 - [TEST_STEP][PASSED] - path_Dashboard = "Object Repository/AdminSuiteBootstrap_Pages/Dashboard_Bootstrap/": null

2022-03-11 17:44:15 - [TEST_STEP][PASSED] - path_VT = "Object Repository/AdminSuiteBootstrap_Pages/VT_Bootstrap/IssueTransactions/": null

2022-03-11 17:44:15 - [TEST_STEP][PASSED] - path_SaleKB = "Object Repository/AdminSuiteBootstrap_Pages/VT_Bootstrap/SaleKeyboard/": null

2022-03-11 17:44:15 - [TEST_STEP][PASSED] - appliID = "742": null

2022-03-11 17:44:15 - [TEST_STEP][PASSED] - li_1 = "/admin/imtiaz/bootstrap/vpos/": null

2022-03-11 17:44:15 - [TEST_STEP][PASSED] - li_2 = "/transactions/AuthOnlyForm/": null

2022-03-11 17:44:15 - [TEST_STEP][PASSED] - hrefAppID = li_1 + appliID + li_2: null

2022-03-11 17:44:15 - [TEST_STEP][PASSED] - out.println("hrefID is : " + hrefAppID): null

2022-03-11 17:44:15 - [TEST_STEP][PASSED] - adminSuiteBootstrap.loginFunctionality.login_AdminSuite(): adminSuiteBootstrap.loginFunctionality.login_AdminSuite is PASSED

2022-03-11 17:44:15 - [MESSAGE][WARNING] - A browser is already opened. Closing browser and opening a new one

2022-03-11 17:44:16 - [MESSAGE][INFO] - Starting 'Chrome' driver

2022-03-11 17:44:16 - [MESSAGE][INFO] - User set preference: ['acceptInsecureCerts', 'true']

2022-03-11 17:44:16 - [MESSAGE][INFO] - Action delay is set to 0 milliseconds

2022-03-11 17:44:19 - [MESSAGE][PASSED] - Browser is opened with url: 'https://qa.velocitypayment.com/admin/imtiaz'

2022-03-11 17:44:19 - [MESSAGE][PASSED] - Current window maximized

2022-03-11 17:44:20 - [MESSAGE][PASSED] - Object 'Object Repository/Login_Page/Login_Username' is present

2022-03-11 17:44:20 - [MESSAGE][PASSED] - Text 'iahmed' is set on object 'Object Repository/Login_Page/Login_Username'

2022-03-11 17:44:21 - [MESSAGE][PASSED] - Text 'hello2222' is set on object 'Object Repository/Login_Page/Login_Password'

2022-03-11 17:44:26 - [MESSAGE][PASSED] - Object: 'Object Repository/Login_Page/Login_Submit' is clicked on

2022-03-11 17:44:26 - [MESSAGE][PASSED] - adminSuiteBootstrap.loginFunctionality.login_AdminSuite is PASSED

2022-03-11 17:44:26 - [TEST_STEP][PASSED] - click(findTestObject(path_Dashboard + "span_Payment")): Object: 'Object Repository/AdminSuiteBootstrap_Pages/Dashboard_Bootstrap/span_Payment' is clicked on

2022-03-11 17:44:26 - [MESSAGE][PASSED] - Object: 'Object Repository/AdminSuiteBootstrap_Pages/Dashboard_Bootstrap/span_Payment' is clicked on

2022-03-11 17:44:26 - [TEST_STEP][PASSED] - click(findTestObject(path_Dashboard + "a_Access AutoNoCFtp")): Object: 'Object Repository/AdminSuiteBootstrap_Pages/Dashboard_Bootstrap/a_Access AutoNoCFtp' is clicked on

2022-03-11 17:44:27 - [MESSAGE][PASSED] - Object: 'Object Repository/AdminSuiteBootstrap_Pages/Dashboard_Bootstrap/a_Access AutoNoCFtp' is clicked on

2022-03-11 17:44:27 - [TEST_STEP][PASSED] - click(findTestObject(path_VT + "button_Authorization Only")): Object: 'Object Repository/AdminSuiteBootstrap_Pages/VT_Bootstrap/IssueTransactions/button_Authorization Only' is clicked on

2022-03-11 17:44:28 - [MESSAGE][PASSED] - Object: 'Object Repository/AdminSuiteBootstrap_Pages/VT_Bootstrap/IssueTransactions/button_Authorization Only' is clicked on

2022-03-11 17:44:28 - [TEST_STEP][PASSED] - authOnlyKeyboardEntryLink = modifyObjectProperty(findTestObject(path_VT + "a_KeyboardEntry_Sale"), "href", "equals", hrefAppID, true): Modify property of object successfully

2022-03-11 17:44:28 - [MESSAGE][PASSED] - Modify property of object successfully

2022-03-11 17:44:28 - [TEST_STEP][PASSED] - click(authOnlyKeyboardEntryLink): Object: 'Object Repository/AdminSuiteBootstrap_Pages/VT_Bootstrap/IssueTransactions/a_KeyboardEntry_Sale' is clicked on

2022-03-11 17:44:29 - [MESSAGE][PASSED] - Object: 'Object Repository/AdminSuiteBootstrap_Pages/VT_Bootstrap/IssueTransactions/a_KeyboardEntry_Sale' is clicked on

2022-03-11 17:44:29 - [TEST_STEP][PASSED] - selectOptionByValue(findTestObject(path_SaleKB + "select_transactionCategory"), "RETL", true): All options with value 'RETL' are selected in object 'Object Repository/AdminSuiteBootstrap_Pages/VT_Bootstrap/SaleKeyboard/select_transactionCategory'  using regular expression

2022-03-11 17:44:31 - [MESSAGE][PASSED] - All options with value 'RETL' are selected in object 'Object Repository/AdminSuiteBootstrap_Pages/VT_Bootstrap/SaleKeyboard/select_transactionCategory'  using regular expression

2022-03-11 17:44:31 - [TEST_STEP][PASSED] - click(findTestObject(path_SaleKB + "button_Submit")): Object: 'Object Repository/AdminSuiteBootstrap_Pages/VT_Bootstrap/SaleKeyboard/button_Submit' is clicked on

2022-03-11 17:44:32 - [MESSAGE][PASSED] - Object: 'Object Repository/AdminSuiteBootstrap_Pages/VT_Bootstrap/SaleKeyboard/button_Submit' is clicked on

2022-03-11 17:44:32 - [TEST_STEP][PASSED] - verifyTextPresent("Card Name is required", true): Text 'Card Name is required' is present on page  using regular expression

2022-03-11 17:44:33 - [MESSAGE][PASSED] - Text 'Card Name is required' is present on page  using regular expression

2022-03-11 17:44:33 - [TEST_STEP][PASSED] - verifyTextPresent("Card Number is required", true): Text 'Card Number is required' is present on page  using regular expression

2022-03-11 17:44:33 - [MESSAGE][PASSED] - Text 'Card Number is required' is present on page  using regular expression

2022-03-11 17:44:33 - [TEST_STEP][PASSED] - verifyTextPresent("Card Expiration Month is required", true): Text 'Card Expiration Month is required' is present on page  using regular expression

2022-03-11 17:44:34 - [MESSAGE][PASSED] - Text 'Card Expiration Month is required' is present on page  using regular expression

2022-03-11 17:44:34 - [TEST_STEP][PASSED] - verifyTextPresent("Card Expiration Year is required", true): Text 'Card Expiration Year is required' is present on page  using regular expression

2022-03-11 17:44:34 - [MESSAGE][PASSED] - Text 'Card Expiration Year is required' is present on page  using regular expression

2022-03-11 17:44:34 - [TEST_STEP][PASSED] - verifyTextNotPresent("Address is required", true): Text 'Address is required' is not present on page using regular expression

2022-03-11 17:44:35 - [MESSAGE][PASSED] - Text 'Address is required' is not present on page using regular expression

2022-03-11 17:44:35 - [TEST_STEP][PASSED] - verifyTextNotPresent("ZIP Code is required", true): Text 'ZIP Code is required' is not present on page using regular expression

2022-03-11 17:44:35 - [MESSAGE][PASSED] - Text 'ZIP Code is required' is not present on page using regular expression

2022-03-11 17:44:35 - [TEST_STEP][PASSED] - verifyTextPresent("Amount is required", true): Text 'Amount is required' is present on page  using regular expression

2022-03-11 17:44:35 - [MESSAGE][PASSED] - Text 'Amount is required' is present on page  using regular expression

2022-03-11 17:44:35 - [TEST_STEP][PASSED] - verifyTextPresent("This field is required", true): Text 'This field is required' is present on page  using regular expression

2022-03-11 17:44:36 - [MESSAGE][PASSED] - Text 'This field is required' is present on page  using regular expression

2022-03-11 17:44:36 - [TEST_STEP][PASSED] - verifyTextPresent("This field is required", true): Text 'This field is required' is present on page  using regular expression

2022-03-11 17:44:36 - [MESSAGE][PASSED] - Text 'This field is required' is present on page  using regular expression]]></system-out>
         <system-err><![CDATA[]]></system-err>
      </testcase>
      <system-out><![CDATA[2022-03-11 17:43:01 - [TEST_SUITE][PASSED] - AdminSuiteBootstrap_MRF_TestSuite: Test Cases/Admin Suite Bootstrap/VT_TestCases/VerifyAuthOnlyKeyboard_Retail_MRF_TC]]></system-out>
      <system-err><![CDATA[]]></system-err>
   </testsuite>
</testsuites>
