<?xml version="1.0" encoding="UTF-8"?>
<testsuites name="AdminSuiteBootstrap_UI_TestSuite" time="685.866" tests="10" failures="6" errors="0">
   <testsuite name="AdminSuiteBootstrap_UI_TestSuite" tests="10" failures="6" errors="0" time="685.866" skipped="0" timestamp="2024-10-31 21:52:34" hostname="imtiaz - DESKTOP-B2QI6NS.govolution.com" id="Test Suites/QA/VT-Bootstrap/AdminSuiteBootstrap_UI_TestSuite">
      <properties>
         <property name="deviceName" value=""/>
         <property name="devicePlatform" value=""/>
         <property name="logFolder" value="E:\\Cloned-Project-Katalon\\VPS-Katalon\\Reports\\20241031_213928\\QA\\VT-Bootstrap\\AdminSuiteBootstrap_UI_TestSuite\\20241031_213931"/>
         <property name="logFiles" value="E:\\Cloned-Project-Katalon\\VPS-Katalon\\Reports\\20241031_213928\\QA\\VT-Bootstrap\\AdminSuiteBootstrap_UI_TestSuite\\20241031_213931\\execution0.log"/>
         <property name="attachments" value="E:\\Cloned-Project-Katalon\\VPS-Katalon\\Reports\\20241031_213928\\QA\\VT-Bootstrap\\AdminSuiteBootstrap_UI_TestSuite\\20241031_213931\\1730426100075.png, E:\\Cloned-Project-Katalon\\VPS-Katalon\\Reports\\20241031_213928\\QA\\VT-Bootstrap\\AdminSuiteBootstrap_UI_TestSuite\\20241031_213931\\1730426166575.png, E:\\Cloned-Project-Katalon\\VPS-Katalon\\Reports\\20241031_213928\\QA\\VT-Bootstrap\\AdminSuiteBootstrap_UI_TestSuite\\20241031_213931\\1730426198056.png, E:\\Cloned-Project-Katalon\\VPS-Katalon\\Reports\\20241031_213928\\QA\\VT-Bootstrap\\AdminSuiteBootstrap_UI_TestSuite\\20241031_213931\\1730426271552.png, E:\\Cloned-Project-Katalon\\VPS-Katalon\\Reports\\20241031_213928\\QA\\VT-Bootstrap\\AdminSuiteBootstrap_UI_TestSuite\\20241031_213931\\1730426303008.png, E:\\Cloned-Project-Katalon\\VPS-Katalon\\Reports\\20241031_213928\\QA\\VT-Bootstrap\\AdminSuiteBootstrap_UI_TestSuite\\20241031_213931\\1730426410456.png, E:\\Cloned-Project-Katalon\\VPS-Katalon\\Reports\\20241031_213928\\QA\\VT-Bootstrap\\AdminSuiteBootstrap_UI_TestSuite\\20241031_213931\\1730426515793.png"/>
         <property name="hostName" value="imtiaz - DESKTOP-B2QI6NS.govolution.com"/>
         <property name="os" value="Windows 10 64bit"/>
         <property name="katalonVersion" value="8.6.9.208"/>
         <property name="browser" value="Chrome 130.0.0.0"/>
         <property name="hostAddress" value="172.31.253.185"/>
         <property name="sessionId" value="973313317f89e3dd3a2e0413dc9c89a1"/>
         <property name="seleniumVersion" value="3.141.59"/>
         <property name="proxyInformation" value="ProxyInformation { proxyOption=NO_PROXY, proxyServerType=HTTP, username=, password=********, proxyServerAddress=, proxyServerPort=0, executionList=&quot;&quot;, isApplyToDesiredCapabilities=true }"/>
         <property name="platform" value="Windows 10"/>
      </properties>
      <testcase name="Test Cases/Admin Suite Bootstrap/Dashboard_TestCases/VerifyDashboardLinks_UI_TC" time="32.074" classname="Test Cases/Admin Suite Bootstrap/Dashboard_TestCases/VerifyDashboardLinks_UI_TC" status="PASSED">
         <system-out><![CDATA[2024-10-31 21:52:35 - [TEST_CASE][PASSED] - Test Cases/Admin Suite Bootstrap/Dashboard_TestCases/VerifyDashboardLinks_UI_TC: Test Cases/Admin Suite Bootstrap/Dashboard_TestCases/VerifyDashboardLinks_UI_TC

2024-10-31 21:52:36 - [TEST_STEP][PASSED] - path_Dashboard = "Object Repository/AdminSuiteBootstrap_Pages/Dashboard_Bootstrap/": null

2024-10-31 21:52:36 - [TEST_STEP][PASSED] - adminSuiteBootstrap.loginFunctionality.login_AdminSuite(): adminSuiteBootstrap.loginFunctionality.login_AdminSuite is PASSED

2024-10-31 21:52:37 - [MESSAGE][INFO] - Starting 'Chrome' driver

2024-10-31 21:52:37 - [MESSAGE][INFO] - User set preference: ['acceptInsecureCerts', 'true']

2024-10-31 21:52:37 - [MESSAGE][INFO] - Action delay is set to 0 milliseconds

2024-10-31 21:52:41 - [MESSAGE][PASSED] - Browser is opened with url: 'https://qa2.velocitypayment.com/admin/imtiaz'

2024-10-31 21:52:41 - [MESSAGE][PASSED] - Current window maximized

2024-10-31 21:52:42 - [MESSAGE][PASSED] - Object 'Object Repository/Login_Page/Login_Username_Okta' is present

2024-10-31 21:52:43 - [MESSAGE][PASSED] - Text 'iahmed' is set on object 'Object Repository/Login_Page/Login_Username_Okta'

2024-10-31 21:52:43 - [MESSAGE][PASSED] - Text 'Hello!7777777' is set on object 'Object Repository/Login_Page/Login_Password_Okta'

2024-10-31 21:52:44 - [MESSAGE][PASSED] - Object: 'Object Repository/Login_Page/Login_Submit_Okta' is clicked on

2024-10-31 21:52:44 - [MESSAGE][PASSED] - adminSuiteBootstrap.loginFunctionality.login_AdminSuite is PASSED

2024-10-31 21:52:44 - [TEST_STEP][PASSED] - click(findTestObject(path_Dashboard + "i_imtiaz_fa fa-user fa-lg")): Object: 'Object Repository/AdminSuiteBootstrap_Pages/Dashboard_Bootstrap/i_imtiaz_fa fa-user fa-lg' is clicked on

2024-10-31 21:52:52 - [MESSAGE][PASSED] - Object: 'Object Repository/AdminSuiteBootstrap_Pages/Dashboard_Bootstrap/i_imtiaz_fa fa-user fa-lg' is clicked on

2024-10-31 21:52:52 - [TEST_STEP][PASSED] - verifyElementVisible(findTestObject(path_Dashboard + "span_Imtiaz Ahmed iahmed")): Object 'Object Repository/AdminSuiteBootstrap_Pages/Dashboard_Bootstrap/span_Imtiaz Ahmed iahmed' is visible

2024-10-31 21:52:52 - [MESSAGE][PASSED] - Object 'Object Repository/AdminSuiteBootstrap_Pages/Dashboard_Bootstrap/span_Imtiaz Ahmed iahmed' is visible

2024-10-31 21:52:52 - [TEST_STEP][PASSED] - verifyElementPresent(findTestObject(path_Dashboard + "span_Imtiaz Ahmed iahmed"), 30): Object 'Object Repository/AdminSuiteBootstrap_Pages/Dashboard_Bootstrap/span_Imtiaz Ahmed iahmed' is present

2024-10-31 21:52:52 - [MESSAGE][PASSED] - Object 'Object Repository/AdminSuiteBootstrap_Pages/Dashboard_Bootstrap/span_Imtiaz Ahmed iahmed' is present

2024-10-31 21:52:52 - [TEST_STEP][PASSED] - verifyElementVisible(findTestObject(path_Dashboard + "span_Logout")): Object 'Object Repository/AdminSuiteBootstrap_Pages/Dashboard_Bootstrap/span_Logout' is visible

2024-10-31 21:52:53 - [MESSAGE][PASSED] - Object 'Object Repository/AdminSuiteBootstrap_Pages/Dashboard_Bootstrap/span_Logout' is visible

2024-10-31 21:52:53 - [TEST_STEP][PASSED] - verifyElementPresent(findTestObject(path_Dashboard + "span_Logout"), 30): Object 'Object Repository/AdminSuiteBootstrap_Pages/Dashboard_Bootstrap/span_Logout' is present

2024-10-31 21:52:53 - [MESSAGE][PASSED] - Object 'Object Repository/AdminSuiteBootstrap_Pages/Dashboard_Bootstrap/span_Logout' is present

2024-10-31 21:52:53 - [TEST_STEP][PASSED] - verifyElementVisible(findTestObject(path_Dashboard + "span_My Account")): Object 'Object Repository/AdminSuiteBootstrap_Pages/Dashboard_Bootstrap/span_My Account' is visible

2024-10-31 21:52:54 - [MESSAGE][PASSED] - Object 'Object Repository/AdminSuiteBootstrap_Pages/Dashboard_Bootstrap/span_My Account' is visible

2024-10-31 21:52:54 - [TEST_STEP][PASSED] - verifyElementPresent(findTestObject(path_Dashboard + "span_My Account"), 30): Object 'Object Repository/AdminSuiteBootstrap_Pages/Dashboard_Bootstrap/span_My Account' is present

2024-10-31 21:52:54 - [MESSAGE][PASSED] - Object 'Object Repository/AdminSuiteBootstrap_Pages/Dashboard_Bootstrap/span_My Account' is present

2024-10-31 21:52:54 - [TEST_STEP][PASSED] - verifyElementPresent(findTestObject(path_Dashboard + "span_Call Center"), 30): Object 'Object Repository/AdminSuiteBootstrap_Pages/Dashboard_Bootstrap/span_Call Center' is present

2024-10-31 21:52:54 - [MESSAGE][PASSED] - Object 'Object Repository/AdminSuiteBootstrap_Pages/Dashboard_Bootstrap/span_Call Center' is present

2024-10-31 21:52:54 - [TEST_STEP][PASSED] - verifyElementPresent(findTestObject(path_Dashboard + "span_Payment"), 30): Object 'Object Repository/AdminSuiteBootstrap_Pages/Dashboard_Bootstrap/span_Payment' is present

2024-10-31 21:52:55 - [MESSAGE][PASSED] - Object 'Object Repository/AdminSuiteBootstrap_Pages/Dashboard_Bootstrap/span_Payment' is present

2024-10-31 21:52:55 - [TEST_STEP][PASSED] - verifyElementPresent(findTestObject(path_Dashboard + "span_Reporting"), 30): Object 'Object Repository/AdminSuiteBootstrap_Pages/Dashboard_Bootstrap/span_Reporting' is present

2024-10-31 21:52:55 - [MESSAGE][PASSED] - Object 'Object Repository/AdminSuiteBootstrap_Pages/Dashboard_Bootstrap/span_Reporting' is present

2024-10-31 21:52:55 - [TEST_STEP][PASSED] - verifyElementPresent(findTestObject(path_Dashboard + "span_User Management"), 30): Object 'Object Repository/AdminSuiteBootstrap_Pages/Dashboard_Bootstrap/span_User Management' is present

2024-10-31 21:52:55 - [MESSAGE][PASSED] - Object 'Object Repository/AdminSuiteBootstrap_Pages/Dashboard_Bootstrap/span_User Management' is present

2024-10-31 21:52:55 - [TEST_STEP][PASSED] - verifyElementVisible(findTestObject(path_Dashboard + "span_Call Center")): Object 'Object Repository/AdminSuiteBootstrap_Pages/Dashboard_Bootstrap/span_Call Center' is visible

2024-10-31 21:52:56 - [MESSAGE][PASSED] - Object 'Object Repository/AdminSuiteBootstrap_Pages/Dashboard_Bootstrap/span_Call Center' is visible

2024-10-31 21:52:56 - [TEST_STEP][PASSED] - verifyElementVisible(findTestObject(path_Dashboard + "span_Payment")): Object 'Object Repository/AdminSuiteBootstrap_Pages/Dashboard_Bootstrap/span_Payment' is visible

2024-10-31 21:52:56 - [MESSAGE][PASSED] - Object 'Object Repository/AdminSuiteBootstrap_Pages/Dashboard_Bootstrap/span_Payment' is visible

2024-10-31 21:52:56 - [TEST_STEP][PASSED] - verifyElementVisible(findTestObject(path_Dashboard + "span_Reporting")): Object 'Object Repository/AdminSuiteBootstrap_Pages/Dashboard_Bootstrap/span_Reporting' is visible

2024-10-31 21:52:56 - [MESSAGE][PASSED] - Object 'Object Repository/AdminSuiteBootstrap_Pages/Dashboard_Bootstrap/span_Reporting' is visible

2024-10-31 21:52:56 - [TEST_STEP][PASSED] - verifyElementVisible(findTestObject(path_Dashboard + "span_User Management")): Object 'Object Repository/AdminSuiteBootstrap_Pages/Dashboard_Bootstrap/span_User Management' is visible

2024-10-31 21:52:57 - [MESSAGE][PASSED] - Object 'Object Repository/AdminSuiteBootstrap_Pages/Dashboard_Bootstrap/span_User Management' is visible

2024-10-31 21:52:57 - [TEST_STEP][PASSED] - verifyTextPresent("Velocity Payment System Version 2024-1 - Copyright © 2024 Govolution, LLC", true): Text 'Velocity Payment System Version 2024-1 - Copyright © 2024 Govolution, LLC' is present on page  using regular expression

2024-10-31 21:52:57 - [MESSAGE][PASSED] - Text 'Velocity Payment System Version 2024-1 - Copyright © 2024 Govolution, LLC' is present on page  using regular expression

2024-10-31 21:52:57 - [TEST_STEP][PASSED] - verifyElementPresent(findTestObject(path_Dashboard + "span_CustomerDD"), 30): Object 'Object Repository/AdminSuiteBootstrap_Pages/Dashboard_Bootstrap/span_CustomerDD' is present

2024-10-31 21:52:57 - [MESSAGE][PASSED] - Object 'Object Repository/AdminSuiteBootstrap_Pages/Dashboard_Bootstrap/span_CustomerDD' is present

2024-10-31 21:52:57 - [TEST_STEP][PASSED] - click(findTestObject(path_Dashboard + "span_User Management")): Object: 'Object Repository/AdminSuiteBootstrap_Pages/Dashboard_Bootstrap/span_User Management' is clicked on

2024-10-31 21:52:58 - [MESSAGE][PASSED] - Object: 'Object Repository/AdminSuiteBootstrap_Pages/Dashboard_Bootstrap/span_User Management' is clicked on

2024-10-31 21:52:58 - [TEST_STEP][PASSED] - verifyElementPresent(findTestObject(path_Dashboard + "a_Users"), 30): Object 'Object Repository/AdminSuiteBootstrap_Pages/Dashboard_Bootstrap/a_Users' is present

2024-10-31 21:52:58 - [MESSAGE][PASSED] - Object 'Object Repository/AdminSuiteBootstrap_Pages/Dashboard_Bootstrap/a_Users' is present

2024-10-31 21:52:58 - [TEST_STEP][PASSED] - verifyElementVisible(findTestObject(path_Dashboard + "a_Users")): Object 'Object Repository/AdminSuiteBootstrap_Pages/Dashboard_Bootstrap/a_Users' is visible

2024-10-31 21:52:58 - [MESSAGE][PASSED] - Object 'Object Repository/AdminSuiteBootstrap_Pages/Dashboard_Bootstrap/a_Users' is visible

2024-10-31 21:52:58 - [TEST_STEP][PASSED] - verifyElementPresent(findTestObject(path_Dashboard + "a_Roles"), 30): Object 'Object Repository/AdminSuiteBootstrap_Pages/Dashboard_Bootstrap/a_Roles' is present

2024-10-31 21:52:59 - [MESSAGE][PASSED] - Object 'Object Repository/AdminSuiteBootstrap_Pages/Dashboard_Bootstrap/a_Roles' is present

2024-10-31 21:52:59 - [TEST_STEP][PASSED] - verifyElementVisible(findTestObject(path_Dashboard + "a_Roles")): Object 'Object Repository/AdminSuiteBootstrap_Pages/Dashboard_Bootstrap/a_Roles' is visible

2024-10-31 21:52:59 - [MESSAGE][PASSED] - Object 'Object Repository/AdminSuiteBootstrap_Pages/Dashboard_Bootstrap/a_Roles' is visible

2024-10-31 21:52:59 - [TEST_STEP][PASSED] - verifyElementPresent(findTestObject(path_Dashboard + "a_Products"), 30): Object 'Object Repository/AdminSuiteBootstrap_Pages/Dashboard_Bootstrap/a_Products' is present

2024-10-31 21:52:59 - [MESSAGE][PASSED] - Object 'Object Repository/AdminSuiteBootstrap_Pages/Dashboard_Bootstrap/a_Products' is present

2024-10-31 21:52:59 - [TEST_STEP][PASSED] - verifyElementVisible(findTestObject(path_Dashboard + "a_Products")): Object 'Object Repository/AdminSuiteBootstrap_Pages/Dashboard_Bootstrap/a_Products' is visible

2024-10-31 21:53:00 - [MESSAGE][PASSED] - Object 'Object Repository/AdminSuiteBootstrap_Pages/Dashboard_Bootstrap/a_Products' is visible

2024-10-31 21:53:00 - [TEST_STEP][PASSED] - verifyElementPresent(findTestObject(path_Dashboard + "a_AVS Policy"), 30): Object 'Object Repository/AdminSuiteBootstrap_Pages/Dashboard_Bootstrap/a_AVS Policy' is present

2024-10-31 21:53:00 - [MESSAGE][PASSED] - Object 'Object Repository/AdminSuiteBootstrap_Pages/Dashboard_Bootstrap/a_AVS Policy' is present

2024-10-31 21:53:00 - [TEST_STEP][PASSED] - verifyElementVisible(findTestObject(path_Dashboard + "a_AVS Policy")): Object 'Object Repository/AdminSuiteBootstrap_Pages/Dashboard_Bootstrap/a_AVS Policy' is visible

2024-10-31 21:53:00 - [MESSAGE][PASSED] - Object 'Object Repository/AdminSuiteBootstrap_Pages/Dashboard_Bootstrap/a_AVS Policy' is visible

2024-10-31 21:53:00 - [TEST_STEP][PASSED] - verifyElementPresent(findTestObject(path_Dashboard + "a_CVV Policy"), 30): Object 'Object Repository/AdminSuiteBootstrap_Pages/Dashboard_Bootstrap/a_CVV Policy' is present

2024-10-31 21:53:01 - [MESSAGE][PASSED] - Object 'Object Repository/AdminSuiteBootstrap_Pages/Dashboard_Bootstrap/a_CVV Policy' is present

2024-10-31 21:53:01 - [TEST_STEP][PASSED] - verifyElementVisible(findTestObject(path_Dashboard + "a_CVV Policy")): Object 'Object Repository/AdminSuiteBootstrap_Pages/Dashboard_Bootstrap/a_CVV Policy' is visible

2024-10-31 21:53:01 - [MESSAGE][PASSED] - Object 'Object Repository/AdminSuiteBootstrap_Pages/Dashboard_Bootstrap/a_CVV Policy' is visible

2024-10-31 21:53:01 - [TEST_STEP][PASSED] - verifyElementPresent(findTestObject(path_Dashboard + "a_Email Alerts"), 30): Object 'Object Repository/AdminSuiteBootstrap_Pages/Dashboard_Bootstrap/a_Email Alerts' is present

2024-10-31 21:53:01 - [MESSAGE][PASSED] - Object 'Object Repository/AdminSuiteBootstrap_Pages/Dashboard_Bootstrap/a_Email Alerts' is present

2024-10-31 21:53:01 - [TEST_STEP][PASSED] - verifyElementVisible(findTestObject(path_Dashboard + "a_Email Alerts")): Object 'Object Repository/AdminSuiteBootstrap_Pages/Dashboard_Bootstrap/a_Email Alerts' is visible

2024-10-31 21:53:02 - [MESSAGE][PASSED] - Object 'Object Repository/AdminSuiteBootstrap_Pages/Dashboard_Bootstrap/a_Email Alerts' is visible

2024-10-31 21:53:02 - [TEST_STEP][PASSED] - click(findTestObject(path_Dashboard + "span_Payment")): Object: 'Object Repository/AdminSuiteBootstrap_Pages/Dashboard_Bootstrap/span_Payment' is clicked on

2024-10-31 21:53:02 - [MESSAGE][PASSED] - Object: 'Object Repository/AdminSuiteBootstrap_Pages/Dashboard_Bootstrap/span_Payment' is clicked on

2024-10-31 21:53:02 - [TEST_STEP][PASSED] - verifyElementPresent(findTestObject(path_Dashboard + "a_New Test VRelay"), 30): Object 'Object Repository/AdminSuiteBootstrap_Pages/Dashboard_Bootstrap/a_New Test VRelay' is present

2024-10-31 21:53:02 - [MESSAGE][PASSED] - Object 'Object Repository/AdminSuiteBootstrap_Pages/Dashboard_Bootstrap/a_New Test VRelay' is present

2024-10-31 21:53:02 - [TEST_STEP][PASSED] - verifyElementVisible(findTestObject(path_Dashboard + "a_New Test VRelay")): Object 'Object Repository/AdminSuiteBootstrap_Pages/Dashboard_Bootstrap/a_New Test VRelay' is visible

2024-10-31 21:53:03 - [MESSAGE][PASSED] - Object 'Object Repository/AdminSuiteBootstrap_Pages/Dashboard_Bootstrap/a_New Test VRelay' is visible

2024-10-31 21:53:03 - [TEST_STEP][PASSED] - click(findTestObject(path_Dashboard + "span_Reporting")): Object: 'Object Repository/AdminSuiteBootstrap_Pages/Dashboard_Bootstrap/span_Reporting' is clicked on

2024-10-31 21:53:03 - [MESSAGE][PASSED] - Object: 'Object Repository/AdminSuiteBootstrap_Pages/Dashboard_Bootstrap/span_Reporting' is clicked on

2024-10-31 21:53:03 - [TEST_STEP][PASSED] - verifyElementPresent(findTestObject(path_Dashboard + "a_Operational Reports"), 30): Object 'Object Repository/AdminSuiteBootstrap_Pages/Dashboard_Bootstrap/a_Operational Reports' is present

2024-10-31 21:53:03 - [MESSAGE][PASSED] - Object 'Object Repository/AdminSuiteBootstrap_Pages/Dashboard_Bootstrap/a_Operational Reports' is present

2024-10-31 21:53:03 - [TEST_STEP][PASSED] - verifyElementVisible(findTestObject(path_Dashboard + "a_Operational Reports")): Object 'Object Repository/AdminSuiteBootstrap_Pages/Dashboard_Bootstrap/a_Operational Reports' is visible

2024-10-31 21:53:04 - [MESSAGE][PASSED] - Object 'Object Repository/AdminSuiteBootstrap_Pages/Dashboard_Bootstrap/a_Operational Reports' is visible

2024-10-31 21:53:04 - [TEST_STEP][PASSED] - verifyElementPresent(findTestObject(path_Dashboard + "a_Risk ManagementAudit Reports"), 30): Object 'Object Repository/AdminSuiteBootstrap_Pages/Dashboard_Bootstrap/a_Risk ManagementAudit Reports' is present

2024-10-31 21:53:04 - [MESSAGE][PASSED] - Object 'Object Repository/AdminSuiteBootstrap_Pages/Dashboard_Bootstrap/a_Risk ManagementAudit Reports' is present

2024-10-31 21:53:04 - [TEST_STEP][PASSED] - verifyElementVisible(findTestObject(path_Dashboard + "a_Risk ManagementAudit Reports")): Object 'Object Repository/AdminSuiteBootstrap_Pages/Dashboard_Bootstrap/a_Risk ManagementAudit Reports' is visible

2024-10-31 21:53:04 - [MESSAGE][PASSED] - Object 'Object Repository/AdminSuiteBootstrap_Pages/Dashboard_Bootstrap/a_Risk ManagementAudit Reports' is visible

2024-10-31 21:53:04 - [TEST_STEP][PASSED] - verifyElementPresent(findTestObject(path_Dashboard + "a_User Reports"), 30): Object 'Object Repository/AdminSuiteBootstrap_Pages/Dashboard_Bootstrap/a_User Reports' is present

2024-10-31 21:53:05 - [MESSAGE][PASSED] - Object 'Object Repository/AdminSuiteBootstrap_Pages/Dashboard_Bootstrap/a_User Reports' is present

2024-10-31 21:53:05 - [TEST_STEP][PASSED] - verifyElementVisible(findTestObject(path_Dashboard + "a_User Reports")): Object 'Object Repository/AdminSuiteBootstrap_Pages/Dashboard_Bootstrap/a_User Reports' is visible

2024-10-31 21:53:05 - [MESSAGE][PASSED] - Object 'Object Repository/AdminSuiteBootstrap_Pages/Dashboard_Bootstrap/a_User Reports' is visible

2024-10-31 21:53:05 - [TEST_STEP][PASSED] - verifyElementPresent(findTestObject(path_Dashboard + "a_All Reports"), 30): Object 'Object Repository/AdminSuiteBootstrap_Pages/Dashboard_Bootstrap/a_All Reports' is present

2024-10-31 21:53:06 - [MESSAGE][PASSED] - Object 'Object Repository/AdminSuiteBootstrap_Pages/Dashboard_Bootstrap/a_All Reports' is present

2024-10-31 21:53:06 - [TEST_STEP][PASSED] - verifyElementVisible(findTestObject(path_Dashboard + "a_All Reports")): Object 'Object Repository/AdminSuiteBootstrap_Pages/Dashboard_Bootstrap/a_All Reports' is visible

2024-10-31 21:53:06 - [MESSAGE][PASSED] - Object 'Object Repository/AdminSuiteBootstrap_Pages/Dashboard_Bootstrap/a_All Reports' is visible

2024-10-31 21:53:06 - [TEST_STEP][PASSED] - verifyElementPresent(findTestObject(path_Dashboard + "a_Email Subscription"), 30): Object 'Object Repository/AdminSuiteBootstrap_Pages/Dashboard_Bootstrap/a_Email Subscription' is present

2024-10-31 21:53:07 - [MESSAGE][PASSED] - Object 'Object Repository/AdminSuiteBootstrap_Pages/Dashboard_Bootstrap/a_Email Subscription' is present

2024-10-31 21:53:07 - [TEST_STEP][PASSED] - verifyElementVisible(findTestObject(path_Dashboard + "a_Email Subscription")): Object 'Object Repository/AdminSuiteBootstrap_Pages/Dashboard_Bootstrap/a_Email Subscription' is visible

2024-10-31 21:53:07 - [MESSAGE][PASSED] - Object 'Object Repository/AdminSuiteBootstrap_Pages/Dashboard_Bootstrap/a_Email Subscription' is visible]]></system-out>
         <system-err><![CDATA[]]></system-err>
      </testcase>
      <testcase name="Test Cases/Admin Suite Bootstrap/VT_TestCases/VerifyIssueTransactionsLinks_UI_TC" time="29.989" classname="Test Cases/Admin Suite Bootstrap/VT_TestCases/VerifyIssueTransactionsLinks_UI_TC" status="PASSED">
         <system-out><![CDATA[2024-10-31 21:53:07 - [TEST_CASE][PASSED] - Test Cases/Admin Suite Bootstrap/VT_TestCases/VerifyIssueTransactionsLinks_UI_TC: Test Cases/Admin Suite Bootstrap/VT_TestCases/VerifyIssueTransactionsLinks_UI_TC

2024-10-31 21:53:08 - [TEST_STEP][PASSED] - path_Dashboard = "Object Repository/AdminSuiteBootstrap_Pages/Dashboard_Bootstrap/": null

2024-10-31 21:53:08 - [TEST_STEP][PASSED] - path_VT = "Object Repository/AdminSuiteBootstrap_Pages/VT_Bootstrap/IssueTransactions/": null

2024-10-31 21:53:08 - [TEST_STEP][PASSED] - adminSuiteBootstrap.loginFunctionality.login_AdminSuite(): adminSuiteBootstrap.loginFunctionality.login_AdminSuite is PASSED

2024-10-31 21:53:08 - [MESSAGE][WARNING] - A browser is already opened. Closing browser and opening a new one

2024-10-31 21:53:09 - [MESSAGE][INFO] - Starting 'Chrome' driver

2024-10-31 21:53:09 - [MESSAGE][INFO] - User set preference: ['acceptInsecureCerts', 'true']

2024-10-31 21:53:09 - [MESSAGE][INFO] - Action delay is set to 0 milliseconds

2024-10-31 21:53:12 - [MESSAGE][PASSED] - Browser is opened with url: 'https://qa2.velocitypayment.com/admin/imtiaz'

2024-10-31 21:53:13 - [MESSAGE][PASSED] - Current window maximized

2024-10-31 21:53:13 - [MESSAGE][PASSED] - Object 'Object Repository/Login_Page/Login_Username_Okta' is present

2024-10-31 21:53:14 - [MESSAGE][PASSED] - Text 'iahmed' is set on object 'Object Repository/Login_Page/Login_Username_Okta'

2024-10-31 21:53:15 - [MESSAGE][PASSED] - Text 'Hello!7777777' is set on object 'Object Repository/Login_Page/Login_Password_Okta'

2024-10-31 21:53:16 - [MESSAGE][PASSED] - Object: 'Object Repository/Login_Page/Login_Submit_Okta' is clicked on

2024-10-31 21:53:16 - [MESSAGE][PASSED] - adminSuiteBootstrap.loginFunctionality.login_AdminSuite is PASSED

2024-10-31 21:53:16 - [TEST_STEP][PASSED] - click(findTestObject(path_Dashboard + "span_Payment")): Object: 'Object Repository/AdminSuiteBootstrap_Pages/Dashboard_Bootstrap/span_Payment' is clicked on

2024-10-31 21:53:23 - [MESSAGE][PASSED] - Object: 'Object Repository/AdminSuiteBootstrap_Pages/Dashboard_Bootstrap/span_Payment' is clicked on

2024-10-31 21:53:23 - [TEST_STEP][PASSED] - click(findTestObject(path_Dashboard + "a_New Test VRelay")): Object: 'Object Repository/AdminSuiteBootstrap_Pages/Dashboard_Bootstrap/a_New Test VRelay' is clicked on

2024-10-31 21:53:24 - [MESSAGE][PASSED] - Object: 'Object Repository/AdminSuiteBootstrap_Pages/Dashboard_Bootstrap/a_New Test VRelay' is clicked on

2024-10-31 21:53:24 - [TEST_STEP][PASSED] - verifyTextPresent("Credit Card", true): Text 'Credit Card' is present on page  using regular expression

2024-10-31 21:53:24 - [MESSAGE][PASSED] - Text 'Credit Card' is present on page  using regular expression

2024-10-31 21:53:24 - [TEST_STEP][PASSED] - verifyTextPresent("On-line Check", true): Text 'On-line Check' is present on page  using regular expression

2024-10-31 21:53:25 - [MESSAGE][PASSED] - Text 'On-line Check' is present on page  using regular expression

2024-10-31 21:53:25 - [TEST_STEP][PASSED] - verifyElementVisible(findTestObject(path_VT + "a_Issue Transactions")): Object 'Object Repository/AdminSuiteBootstrap_Pages/VT_Bootstrap/IssueTransactions/a_Issue Transactions' is visible

2024-10-31 21:53:25 - [MESSAGE][PASSED] - Object 'Object Repository/AdminSuiteBootstrap_Pages/VT_Bootstrap/IssueTransactions/a_Issue Transactions' is visible

2024-10-31 21:53:25 - [TEST_STEP][PASSED] - verifyElementPresent(findTestObject(path_VT + "a_Issue Transactions"), 30): Object 'Object Repository/AdminSuiteBootstrap_Pages/VT_Bootstrap/IssueTransactions/a_Issue Transactions' is present

2024-10-31 21:53:25 - [MESSAGE][PASSED] - Object 'Object Repository/AdminSuiteBootstrap_Pages/VT_Bootstrap/IssueTransactions/a_Issue Transactions' is present

2024-10-31 21:53:25 - [TEST_STEP][PASSED] - verifyElementVisible(findTestObject(path_VT + "a_Search Transactions")): Object 'Object Repository/AdminSuiteBootstrap_Pages/VT_Bootstrap/IssueTransactions/a_Search Transactions' is visible

2024-10-31 21:53:26 - [MESSAGE][PASSED] - Object 'Object Repository/AdminSuiteBootstrap_Pages/VT_Bootstrap/IssueTransactions/a_Search Transactions' is visible

2024-10-31 21:53:26 - [TEST_STEP][PASSED] - verifyElementPresent(findTestObject(path_VT + "a_Search Transactions"), 30): Object 'Object Repository/AdminSuiteBootstrap_Pages/VT_Bootstrap/IssueTransactions/a_Search Transactions' is present

2024-10-31 21:53:26 - [MESSAGE][PASSED] - Object 'Object Repository/AdminSuiteBootstrap_Pages/VT_Bootstrap/IssueTransactions/a_Search Transactions' is present

2024-10-31 21:53:26 - [TEST_STEP][PASSED] - verifyElementVisible(findTestObject(path_VT + "button_Authorization  Capture (Sale)")): Object 'Object Repository/AdminSuiteBootstrap_Pages/VT_Bootstrap/IssueTransactions/button_Authorization  Capture (Sale)' is visible

2024-10-31 21:53:26 - [MESSAGE][PASSED] - Object 'Object Repository/AdminSuiteBootstrap_Pages/VT_Bootstrap/IssueTransactions/button_Authorization  Capture (Sale)' is visible

2024-10-31 21:53:26 - [TEST_STEP][PASSED] - verifyElementPresent(findTestObject(path_VT + "button_Authorization  Capture (Sale)"), 30): Object 'Object Repository/AdminSuiteBootstrap_Pages/VT_Bootstrap/IssueTransactions/button_Authorization  Capture (Sale)' is present

2024-10-31 21:53:27 - [MESSAGE][PASSED] - Object 'Object Repository/AdminSuiteBootstrap_Pages/VT_Bootstrap/IssueTransactions/button_Authorization  Capture (Sale)' is present

2024-10-31 21:53:27 - [TEST_STEP][PASSED] - verifyElementVisible(findTestObject(path_VT + "button_Authorization Only")): Object 'Object Repository/AdminSuiteBootstrap_Pages/VT_Bootstrap/IssueTransactions/button_Authorization Only' is visible

2024-10-31 21:53:27 - [MESSAGE][PASSED] - Object 'Object Repository/AdminSuiteBootstrap_Pages/VT_Bootstrap/IssueTransactions/button_Authorization Only' is visible

2024-10-31 21:53:27 - [TEST_STEP][PASSED] - verifyElementPresent(findTestObject(path_VT + "button_Authorization Only"), 30): Object 'Object Repository/AdminSuiteBootstrap_Pages/VT_Bootstrap/IssueTransactions/button_Authorization Only' is present

2024-10-31 21:53:28 - [MESSAGE][PASSED] - Object 'Object Repository/AdminSuiteBootstrap_Pages/VT_Bootstrap/IssueTransactions/button_Authorization Only' is present

2024-10-31 21:53:28 - [TEST_STEP][PASSED] - verifyElementVisible(findTestObject(path_VT + "button_CCCreditOrVoid-App411")): Object 'Object Repository/AdminSuiteBootstrap_Pages/VT_Bootstrap/IssueTransactions/button_CCCreditOrVoid-App411' is visible

2024-10-31 21:53:28 - [MESSAGE][PASSED] - Object 'Object Repository/AdminSuiteBootstrap_Pages/VT_Bootstrap/IssueTransactions/button_CCCreditOrVoid-App411' is visible

2024-10-31 21:53:28 - [TEST_STEP][PASSED] - verifyElementPresent(findTestObject(path_VT + "button_CCCreditOrVoid-App411"), 30): Object 'Object Repository/AdminSuiteBootstrap_Pages/VT_Bootstrap/IssueTransactions/button_CCCreditOrVoid-App411' is present

2024-10-31 21:53:28 - [MESSAGE][PASSED] - Object 'Object Repository/AdminSuiteBootstrap_Pages/VT_Bootstrap/IssueTransactions/button_CCCreditOrVoid-App411' is present

2024-10-31 21:53:28 - [TEST_STEP][PASSED] - verifyElementVisible(findTestObject(path_VT + "button_Capture an Authorization")): Object 'Object Repository/AdminSuiteBootstrap_Pages/VT_Bootstrap/IssueTransactions/button_Capture an Authorization' is visible

2024-10-31 21:53:29 - [MESSAGE][PASSED] - Object 'Object Repository/AdminSuiteBootstrap_Pages/VT_Bootstrap/IssueTransactions/button_Capture an Authorization' is visible

2024-10-31 21:53:29 - [TEST_STEP][PASSED] - verifyElementPresent(findTestObject(path_VT + "button_Capture an Authorization"), 30): Object 'Object Repository/AdminSuiteBootstrap_Pages/VT_Bootstrap/IssueTransactions/button_Capture an Authorization' is present

2024-10-31 21:53:29 - [MESSAGE][PASSED] - Object 'Object Repository/AdminSuiteBootstrap_Pages/VT_Bootstrap/IssueTransactions/button_Capture an Authorization' is present

2024-10-31 21:53:29 - [TEST_STEP][PASSED] - verifyElementVisible(findTestObject(path_VT + "button_Manual Authorization")): Object 'Object Repository/AdminSuiteBootstrap_Pages/VT_Bootstrap/IssueTransactions/button_Manual Authorization' is visible

2024-10-31 21:53:29 - [MESSAGE][PASSED] - Object 'Object Repository/AdminSuiteBootstrap_Pages/VT_Bootstrap/IssueTransactions/button_Manual Authorization' is visible

2024-10-31 21:53:29 - [TEST_STEP][PASSED] - verifyElementPresent(findTestObject(path_VT + "button_Manual Authorization"), 30): Object 'Object Repository/AdminSuiteBootstrap_Pages/VT_Bootstrap/IssueTransactions/button_Manual Authorization' is present

2024-10-31 21:53:30 - [MESSAGE][PASSED] - Object 'Object Repository/AdminSuiteBootstrap_Pages/VT_Bootstrap/IssueTransactions/button_Manual Authorization' is present

2024-10-31 21:53:30 - [TEST_STEP][PASSED] - verifyElementVisible(findTestObject(path_VT + "button_Debit")): Object 'Object Repository/AdminSuiteBootstrap_Pages/VT_Bootstrap/IssueTransactions/button_Debit' is visible

2024-10-31 21:53:30 - [MESSAGE][PASSED] - Object 'Object Repository/AdminSuiteBootstrap_Pages/VT_Bootstrap/IssueTransactions/button_Debit' is visible

2024-10-31 21:53:30 - [TEST_STEP][PASSED] - verifyElementPresent(findTestObject(path_VT + "button_Debit"), 30): Object 'Object Repository/AdminSuiteBootstrap_Pages/VT_Bootstrap/IssueTransactions/button_Debit' is present

2024-10-31 21:53:30 - [MESSAGE][PASSED] - Object 'Object Repository/AdminSuiteBootstrap_Pages/VT_Bootstrap/IssueTransactions/button_Debit' is present

2024-10-31 21:53:30 - [TEST_STEP][PASSED] - click(findTestObject(path_VT + "button_Authorization Only")): Object: 'Object Repository/AdminSuiteBootstrap_Pages/VT_Bootstrap/IssueTransactions/button_Authorization Only' is clicked on

2024-10-31 21:53:31 - [MESSAGE][PASSED] - Object: 'Object Repository/AdminSuiteBootstrap_Pages/VT_Bootstrap/IssueTransactions/button_Authorization Only' is clicked on

2024-10-31 21:53:31 - [TEST_STEP][PASSED] - verifyElementVisible(findTestObject(path_VT + "a_KeyboardEntry_Auth")): Object 'Object Repository/AdminSuiteBootstrap_Pages/VT_Bootstrap/IssueTransactions/a_KeyboardEntry_Auth' is visible

2024-10-31 21:53:31 - [MESSAGE][PASSED] - Object 'Object Repository/AdminSuiteBootstrap_Pages/VT_Bootstrap/IssueTransactions/a_KeyboardEntry_Auth' is visible

2024-10-31 21:53:31 - [TEST_STEP][PASSED] - verifyElementPresent(findTestObject(path_VT + "a_KeyboardEntry_Auth"), 30): Object 'Object Repository/AdminSuiteBootstrap_Pages/VT_Bootstrap/IssueTransactions/a_KeyboardEntry_Auth' is present

2024-10-31 21:53:32 - [MESSAGE][PASSED] - Object 'Object Repository/AdminSuiteBootstrap_Pages/VT_Bootstrap/IssueTransactions/a_KeyboardEntry_Auth' is present

2024-10-31 21:53:32 - [TEST_STEP][PASSED] - verifyElementVisible(findTestObject(path_VT + "a_PINPadEntry_Auth")): Object 'Object Repository/AdminSuiteBootstrap_Pages/VT_Bootstrap/IssueTransactions/a_PINPadEntry_Auth' is visible

2024-10-31 21:53:32 - [MESSAGE][PASSED] - Object 'Object Repository/AdminSuiteBootstrap_Pages/VT_Bootstrap/IssueTransactions/a_PINPadEntry_Auth' is visible

2024-10-31 21:53:32 - [TEST_STEP][PASSED] - verifyElementPresent(findTestObject(path_VT + "a_PINPadEntry_Auth"), 30): Object 'Object Repository/AdminSuiteBootstrap_Pages/VT_Bootstrap/IssueTransactions/a_PINPadEntry_Auth' is present

2024-10-31 21:53:33 - [MESSAGE][PASSED] - Object 'Object Repository/AdminSuiteBootstrap_Pages/VT_Bootstrap/IssueTransactions/a_PINPadEntry_Auth' is present

2024-10-31 21:53:33 - [TEST_STEP][PASSED] - verifyElementVisible(findTestObject(path_VT + "a_Swipe_Auth")): Object 'Object Repository/AdminSuiteBootstrap_Pages/VT_Bootstrap/IssueTransactions/a_Swipe_Auth' is visible

2024-10-31 21:53:33 - [MESSAGE][PASSED] - Object 'Object Repository/AdminSuiteBootstrap_Pages/VT_Bootstrap/IssueTransactions/a_Swipe_Auth' is visible

2024-10-31 21:53:33 - [TEST_STEP][PASSED] - verifyElementPresent(findTestObject(path_VT + "a_Swipe_Auth"), 30): Object 'Object Repository/AdminSuiteBootstrap_Pages/VT_Bootstrap/IssueTransactions/a_Swipe_Auth' is present

2024-10-31 21:53:33 - [MESSAGE][PASSED] - Object 'Object Repository/AdminSuiteBootstrap_Pages/VT_Bootstrap/IssueTransactions/a_Swipe_Auth' is present

2024-10-31 21:53:33 - [TEST_STEP][PASSED] - verifyElementVisible(findTestObject(path_VT + "a_IngenicoKeypadEntry_Auth")): Object 'Object Repository/AdminSuiteBootstrap_Pages/VT_Bootstrap/IssueTransactions/a_IngenicoKeypadEntry_Auth' is visible

2024-10-31 21:53:34 - [MESSAGE][PASSED] - Object 'Object Repository/AdminSuiteBootstrap_Pages/VT_Bootstrap/IssueTransactions/a_IngenicoKeypadEntry_Auth' is visible

2024-10-31 21:53:34 - [TEST_STEP][PASSED] - verifyElementPresent(findTestObject(path_VT + "a_IngenicoKeypadEntry_Auth"), 30): Object 'Object Repository/AdminSuiteBootstrap_Pages/VT_Bootstrap/IssueTransactions/a_IngenicoKeypadEntry_Auth' is present

2024-10-31 21:53:34 - [MESSAGE][PASSED] - Object 'Object Repository/AdminSuiteBootstrap_Pages/VT_Bootstrap/IssueTransactions/a_IngenicoKeypadEntry_Auth' is present

2024-10-31 21:53:34 - [TEST_STEP][PASSED] - click(findTestObject(path_VT + "button_Authorization  Capture (Sale)")): Object: 'Object Repository/AdminSuiteBootstrap_Pages/VT_Bootstrap/IssueTransactions/button_Authorization  Capture (Sale)' is clicked on

2024-10-31 21:53:34 - [MESSAGE][PASSED] - Object: 'Object Repository/AdminSuiteBootstrap_Pages/VT_Bootstrap/IssueTransactions/button_Authorization  Capture (Sale)' is clicked on

2024-10-31 21:53:34 - [TEST_STEP][PASSED] - verifyElementVisible(findTestObject(path_VT + "a_KeyboardEntry_Sale")): Object 'Object Repository/AdminSuiteBootstrap_Pages/VT_Bootstrap/IssueTransactions/a_KeyboardEntry_Sale' is visible

2024-10-31 21:53:35 - [MESSAGE][PASSED] - Object 'Object Repository/AdminSuiteBootstrap_Pages/VT_Bootstrap/IssueTransactions/a_KeyboardEntry_Sale' is visible

2024-10-31 21:53:35 - [TEST_STEP][PASSED] - verifyElementPresent(findTestObject(path_VT + "a_KeyboardEntry_Sale"), 30): Object 'Object Repository/AdminSuiteBootstrap_Pages/VT_Bootstrap/IssueTransactions/a_KeyboardEntry_Sale' is present

2024-10-31 21:53:35 - [MESSAGE][PASSED] - Object 'Object Repository/AdminSuiteBootstrap_Pages/VT_Bootstrap/IssueTransactions/a_KeyboardEntry_Sale' is present

2024-10-31 21:53:35 - [TEST_STEP][PASSED] - verifyElementVisible(findTestObject(path_VT + "a_PINPadEntry_Sale")): Object 'Object Repository/AdminSuiteBootstrap_Pages/VT_Bootstrap/IssueTransactions/a_PINPadEntry_Sale' is visible

2024-10-31 21:53:35 - [MESSAGE][PASSED] - Object 'Object Repository/AdminSuiteBootstrap_Pages/VT_Bootstrap/IssueTransactions/a_PINPadEntry_Sale' is visible

2024-10-31 21:53:35 - [TEST_STEP][PASSED] - verifyElementPresent(findTestObject(path_VT + "a_PINPadEntry_Sale"), 30): Object 'Object Repository/AdminSuiteBootstrap_Pages/VT_Bootstrap/IssueTransactions/a_PINPadEntry_Sale' is present

2024-10-31 21:53:36 - [MESSAGE][PASSED] - Object 'Object Repository/AdminSuiteBootstrap_Pages/VT_Bootstrap/IssueTransactions/a_PINPadEntry_Sale' is present

2024-10-31 21:53:36 - [TEST_STEP][PASSED] - verifyElementVisible(findTestObject(path_VT + "a_Swipe_Sale")): Object 'Object Repository/AdminSuiteBootstrap_Pages/VT_Bootstrap/IssueTransactions/a_Swipe_Sale' is visible

2024-10-31 21:53:36 - [MESSAGE][PASSED] - Object 'Object Repository/AdminSuiteBootstrap_Pages/VT_Bootstrap/IssueTransactions/a_Swipe_Sale' is visible

2024-10-31 21:53:36 - [TEST_STEP][PASSED] - verifyElementPresent(findTestObject(path_VT + "a_Swipe_Sale"), 30): Object 'Object Repository/AdminSuiteBootstrap_Pages/VT_Bootstrap/IssueTransactions/a_Swipe_Sale' is present

2024-10-31 21:53:36 - [MESSAGE][PASSED] - Object 'Object Repository/AdminSuiteBootstrap_Pages/VT_Bootstrap/IssueTransactions/a_Swipe_Sale' is present

2024-10-31 21:53:36 - [TEST_STEP][PASSED] - verifyElementVisible(findTestObject(path_VT + "a_IngenicoKeypadEntry_Sale")): Object 'Object Repository/AdminSuiteBootstrap_Pages/VT_Bootstrap/IssueTransactions/a_IngenicoKeypadEntry_Sale' is visible

2024-10-31 21:53:37 - [MESSAGE][PASSED] - Object 'Object Repository/AdminSuiteBootstrap_Pages/VT_Bootstrap/IssueTransactions/a_IngenicoKeypadEntry_Sale' is visible

2024-10-31 21:53:37 - [TEST_STEP][PASSED] - verifyElementPresent(findTestObject(path_VT + "a_IngenicoKeypadEntry_Sale"), 30): Object 'Object Repository/AdminSuiteBootstrap_Pages/VT_Bootstrap/IssueTransactions/a_IngenicoKeypadEntry_Sale' is present

2024-10-31 21:53:37 - [MESSAGE][PASSED] - Object 'Object Repository/AdminSuiteBootstrap_Pages/VT_Bootstrap/IssueTransactions/a_IngenicoKeypadEntry_Sale' is present]]></system-out>
         <system-err><![CDATA[]]></system-err>
      </testcase>
      <testcase name="Test Cases/Admin Suite Bootstrap/UM_TestCases/Users/VerifyUsersLinks_UI_TC" time="86.035" classname="Test Cases/Admin Suite Bootstrap/UM_TestCases/Users/VerifyUsersLinks_UI_TC" status="FAILED">
         <failure type="FAILED" message="Test Cases/Admin Suite Bootstrap/UM_TestCases/Users/VerifyUsersLinks_UI_TC FAILED.
Reason:
com.kms.katalon.core.exception.StepFailedException: com.kms.katalon.core.webui.exception.WebElementNotFoundException: Web element with id: 'Object Repository/AdminSuiteBootstrap_Pages/UM_Bootstrap/a_CASEuser' located by '//*[@href = '/admin/imtiaz/bootstrap/vadministrator/users/view.do?uid=1100' and (text() = '[CASEuser]' or . = '[CASEuser]')]' not found (Root cause: com.kms.katalon.core.exception.StepFailedException: com.kms.katalon.core.webui.exception.WebElementNotFoundException: Web element with id: 'Object Repository/AdminSuiteBootstrap_Pages/UM_Bootstrap/a_CASEuser' located by '//*[@href = '/admin/imtiaz/bootstrap/vadministrator/users/view.do?uid=1100' and (text() = '[CASEuser]' or . = '[CASEuser]')]' not found
	at com.kms.katalon.core.webui.keyword.internal.WebUIKeywordMain.stepFailed(WebUIKeywordMain.groovy:64)
	at com.kms.katalon.core.webui.keyword.builtin.VerifyElementPresentKeyword$_verifyElementPresent_closure1.doCall(VerifyElementPresentKeyword.groovy:85)
	at com.kms.katalon.core.webui.keyword.builtin.VerifyElementPresentKeyword$_verifyElementPresent_closure1.call(VerifyElementPresentKeyword.groovy)
	at com.kms.katalon.core.webui.keyword.internal.WebUIKeywordMain.runKeyword(WebUIKeywordMain.groovy:20)
	at com.kms.katalon.core.webui.keyword.builtin.VerifyElementPresentKeyword.verifyElementPresent(VerifyElementPresentKeyword.groovy:92)
	at com.kms.katalon.core.webui.keyword.builtin.VerifyElementPresentKeyword.execute(VerifyElementPresentKeyword.groovy:68)
	at com.kms.katalon.core.keyword.internal.KeywordExecutor.executeKeywordForPlatform(KeywordExecutor.groovy:74)
	at com.kms.katalon.core.webui.keyword.WebUiBuiltInKeywords.verifyElementPresent(WebUiBuiltInKeywords.groovy:1464)
	at com.kms.katalon.core.webui.keyword.WebUiBuiltInKeywords$verifyElementPresent$1.call(Unknown Source)
	at VerifyUsersLinks_UI_TC.run(VerifyUsersLinks_UI_TC:46)
	at com.kms.katalon.core.main.ScriptEngine.run(ScriptEngine.java:194)
	at com.kms.katalon.core.main.ScriptEngine.runScriptAsRawText(ScriptEngine.java:119)
	at com.kms.katalon.core.main.TestCaseExecutor.runScript(TestCaseExecutor.java:448)
	at com.kms.katalon.core.main.TestCaseExecutor.doExecute(TestCaseExecutor.java:439)
	at com.kms.katalon.core.main.TestCaseExecutor.processExecutionPhase(TestCaseExecutor.java:418)
	at com.kms.katalon.core.main.TestCaseExecutor.accessMainPhase(TestCaseExecutor.java:410)
	at com.kms.katalon.core.main.TestCaseExecutor.execute(TestCaseExecutor.java:285)
	at com.kms.katalon.core.common.CommonExecutor.accessTestCaseMainPhase(CommonExecutor.java:65)
	at com.kms.katalon.core.main.TestSuiteExecutor.accessTestSuiteMainPhase(TestSuiteExecutor.java:148)
	at com.kms.katalon.core.main.TestSuiteExecutor.execute(TestSuiteExecutor.java:106)
	at com.kms.katalon.core.main.TestCaseMain.startTestSuite(TestCaseMain.java:187)
	at com.kms.katalon.core.main.TestCaseMain$startTestSuite$0.call(Unknown Source)
	at TempTestSuite1730425171054.run(TempTestSuite1730425171054.groovy:35)
)
	at com.kms.katalon.core.keyword.internal.KeywordMain.stepFailed(KeywordMain.groovy:39)
	at com.kms.katalon.core.webui.keyword.internal.WebUIKeywordMain.stepFailed(WebUIKeywordMain.groovy:64)
	at com.kms.katalon.core.webui.keyword.builtin.VerifyElementPresentKeyword$_verifyElementPresent_closure1.doCall(VerifyElementPresentKeyword.groovy:85)
	at com.kms.katalon.core.webui.keyword.builtin.VerifyElementPresentKeyword$_verifyElementPresent_closure1.call(VerifyElementPresentKeyword.groovy)
	at com.kms.katalon.core.webui.keyword.internal.WebUIKeywordMain.runKeyword(WebUIKeywordMain.groovy:20)
	at com.kms.katalon.core.webui.keyword.builtin.VerifyElementPresentKeyword.verifyElementPresent(VerifyElementPresentKeyword.groovy:92)
	at com.kms.katalon.core.webui.keyword.builtin.VerifyElementPresentKeyword.execute(VerifyElementPresentKeyword.groovy:68)
	at com.kms.katalon.core.keyword.internal.KeywordExecutor.executeKeywordForPlatform(KeywordExecutor.groovy:74)
	at com.kms.katalon.core.webui.keyword.WebUiBuiltInKeywords.verifyElementPresent(WebUiBuiltInKeywords.groovy:1464)
	at com.kms.katalon.core.webui.keyword.WebUiBuiltInKeywords$verifyElementPresent$1.call(Unknown Source)
	at VerifyUsersLinks_UI_TC.run(VerifyUsersLinks_UI_TC:46)
	at com.kms.katalon.core.main.ScriptEngine.run(ScriptEngine.java:194)
	at com.kms.katalon.core.main.ScriptEngine.runScriptAsRawText(ScriptEngine.java:119)
	at com.kms.katalon.core.main.TestCaseExecutor.runScript(TestCaseExecutor.java:448)
	at com.kms.katalon.core.main.TestCaseExecutor.doExecute(TestCaseExecutor.java:439)
	at com.kms.katalon.core.main.TestCaseExecutor.processExecutionPhase(TestCaseExecutor.java:418)
	at com.kms.katalon.core.main.TestCaseExecutor.accessMainPhase(TestCaseExecutor.java:410)
	at com.kms.katalon.core.main.TestCaseExecutor.execute(TestCaseExecutor.java:285)
	at com.kms.katalon.core.common.CommonExecutor.accessTestCaseMainPhase(CommonExecutor.java:65)
	at com.kms.katalon.core.main.TestSuiteExecutor.accessTestSuiteMainPhase(TestSuiteExecutor.java:148)
	at com.kms.katalon.core.main.TestSuiteExecutor.execute(TestSuiteExecutor.java:106)
	at com.kms.katalon.core.main.TestCaseMain.startTestSuite(TestCaseMain.java:187)
	at com.kms.katalon.core.main.TestCaseMain$startTestSuite$0.call(Unknown Source)
	at TempTestSuite1730425171054.run(TempTestSuite1730425171054.groovy:35)
Caused by: com.kms.katalon.core.exception.StepFailedException: com.kms.katalon.core.webui.exception.WebElementNotFoundException: Web element with id: 'Object Repository/AdminSuiteBootstrap_Pages/UM_Bootstrap/a_CASEuser' located by '//*[@href = '/admin/imtiaz/bootstrap/vadministrator/users/view.do?uid=1100' and (text() = '[CASEuser]' or . = '[CASEuser]')]' not found
	... 23 more
"/>
         <system-out><![CDATA[2024-10-31 21:53:37 - [TEST_CASE][FAILED] - Test Cases/Admin Suite Bootstrap/UM_TestCases/Users/VerifyUsersLinks_UI_TC: Test Cases/Admin Suite Bootstrap/UM_TestCases/Users/VerifyUsersLinks_UI_TC FAILED.
Reason:
com.kms.katalon.core.exception.StepFailedException: com.kms.katalon.core.webui.exception.WebElementNotFoundException: Web element with id: 'Object Repository/AdminSuiteBootstrap_Pages/UM_Bootstrap/a_CASEuser' located by '//*[@href = '/admin/imtiaz/bootstrap/vadministrator/users/view.do?uid=1100' and (text() = '[CASEuser]' or . = '[CASEuser]')]' not found (Root cause: com.kms.katalon.core.exception.StepFailedException: com.kms.katalon.core.webui.exception.WebElementNotFoundException: Web element with id: 'Object Repository/AdminSuiteBootstrap_Pages/UM_Bootstrap/a_CASEuser' located by '//*[@href = '/admin/imtiaz/bootstrap/vadministrator/users/view.do?uid=1100' and (text() = '[CASEuser]' or . = '[CASEuser]')]' not found
	at com.kms.katalon.core.webui.keyword.internal.WebUIKeywordMain.stepFailed(WebUIKeywordMain.groovy:64)
	at com.kms.katalon.core.webui.keyword.builtin.VerifyElementPresentKeyword$_verifyElementPresent_closure1.doCall(VerifyElementPresentKeyword.groovy:85)
	at com.kms.katalon.core.webui.keyword.builtin.VerifyElementPresentKeyword$_verifyElementPresent_closure1.call(VerifyElementPresentKeyword.groovy)
	at com.kms.katalon.core.webui.keyword.internal.WebUIKeywordMain.runKeyword(WebUIKeywordMain.groovy:20)
	at com.kms.katalon.core.webui.keyword.builtin.VerifyElementPresentKeyword.verifyElementPresent(VerifyElementPresentKeyword.groovy:92)
	at com.kms.katalon.core.webui.keyword.builtin.VerifyElementPresentKeyword.execute(VerifyElementPresentKeyword.groovy:68)
	at com.kms.katalon.core.keyword.internal.KeywordExecutor.executeKeywordForPlatform(KeywordExecutor.groovy:74)
	at com.kms.katalon.core.webui.keyword.WebUiBuiltInKeywords.verifyElementPresent(WebUiBuiltInKeywords.groovy:1464)
	at com.kms.katalon.core.webui.keyword.WebUiBuiltInKeywords$verifyElementPresent$1.call(Unknown Source)
	at VerifyUsersLinks_UI_TC.run(VerifyUsersLinks_UI_TC:46)
	at com.kms.katalon.core.main.ScriptEngine.run(ScriptEngine.java:194)
	at com.kms.katalon.core.main.ScriptEngine.runScriptAsRawText(ScriptEngine.java:119)
	at com.kms.katalon.core.main.TestCaseExecutor.runScript(TestCaseExecutor.java:448)
	at com.kms.katalon.core.main.TestCaseExecutor.doExecute(TestCaseExecutor.java:439)
	at com.kms.katalon.core.main.TestCaseExecutor.processExecutionPhase(TestCaseExecutor.java:418)
	at com.kms.katalon.core.main.TestCaseExecutor.accessMainPhase(TestCaseExecutor.java:410)
	at com.kms.katalon.core.main.TestCaseExecutor.execute(TestCaseExecutor.java:285)
	at com.kms.katalon.core.common.CommonExecutor.accessTestCaseMainPhase(CommonExecutor.java:65)
	at com.kms.katalon.core.main.TestSuiteExecutor.accessTestSuiteMainPhase(TestSuiteExecutor.java:148)
	at com.kms.katalon.core.main.TestSuiteExecutor.execute(TestSuiteExecutor.java:106)
	at com.kms.katalon.core.main.TestCaseMain.startTestSuite(TestCaseMain.java:187)
	at com.kms.katalon.core.main.TestCaseMain$startTestSuite$0.call(Unknown Source)
	at TempTestSuite1730425171054.run(TempTestSuite1730425171054.groovy:35)
)
	at com.kms.katalon.core.keyword.internal.KeywordMain.stepFailed(KeywordMain.groovy:39)
	at com.kms.katalon.core.webui.keyword.internal.WebUIKeywordMain.stepFailed(WebUIKeywordMain.groovy:64)
	at com.kms.katalon.core.webui.keyword.builtin.VerifyElementPresentKeyword$_verifyElementPresent_closure1.doCall(VerifyElementPresentKeyword.groovy:85)
	at com.kms.katalon.core.webui.keyword.builtin.VerifyElementPresentKeyword$_verifyElementPresent_closure1.call(VerifyElementPresentKeyword.groovy)
	at com.kms.katalon.core.webui.keyword.internal.WebUIKeywordMain.runKeyword(WebUIKeywordMain.groovy:20)
	at com.kms.katalon.core.webui.keyword.builtin.VerifyElementPresentKeyword.verifyElementPresent(VerifyElementPresentKeyword.groovy:92)
	at com.kms.katalon.core.webui.keyword.builtin.VerifyElementPresentKeyword.execute(VerifyElementPresentKeyword.groovy:68)
	at com.kms.katalon.core.keyword.internal.KeywordExecutor.executeKeywordForPlatform(KeywordExecutor.groovy:74)
	at com.kms.katalon.core.webui.keyword.WebUiBuiltInKeywords.verifyElementPresent(WebUiBuiltInKeywords.groovy:1464)
	at com.kms.katalon.core.webui.keyword.WebUiBuiltInKeywords$verifyElementPresent$1.call(Unknown Source)
	at VerifyUsersLinks_UI_TC.run(VerifyUsersLinks_UI_TC:46)
	at com.kms.katalon.core.main.ScriptEngine.run(ScriptEngine.java:194)
	at com.kms.katalon.core.main.ScriptEngine.runScriptAsRawText(ScriptEngine.java:119)
	at com.kms.katalon.core.main.TestCaseExecutor.runScript(TestCaseExecutor.java:448)
	at com.kms.katalon.core.main.TestCaseExecutor.doExecute(TestCaseExecutor.java:439)
	at com.kms.katalon.core.main.TestCaseExecutor.processExecutionPhase(TestCaseExecutor.java:418)
	at com.kms.katalon.core.main.TestCaseExecutor.accessMainPhase(TestCaseExecutor.java:410)
	at com.kms.katalon.core.main.TestCaseExecutor.execute(TestCaseExecutor.java:285)
	at com.kms.katalon.core.common.CommonExecutor.accessTestCaseMainPhase(CommonExecutor.java:65)
	at com.kms.katalon.core.main.TestSuiteExecutor.accessTestSuiteMainPhase(TestSuiteExecutor.java:148)
	at com.kms.katalon.core.main.TestSuiteExecutor.execute(TestSuiteExecutor.java:106)
	at com.kms.katalon.core.main.TestCaseMain.startTestSuite(TestCaseMain.java:187)
	at com.kms.katalon.core.main.TestCaseMain$startTestSuite$0.call(Unknown Source)
	at TempTestSuite1730425171054.run(TempTestSuite1730425171054.groovy:35)
Caused by: com.kms.katalon.core.exception.StepFailedException: com.kms.katalon.core.webui.exception.WebElementNotFoundException: Web element with id: 'Object Repository/AdminSuiteBootstrap_Pages/UM_Bootstrap/a_CASEuser' located by '//*[@href = '/admin/imtiaz/bootstrap/vadministrator/users/view.do?uid=1100' and (text() = '[CASEuser]' or . = '[CASEuser]')]' not found
	... 23 more


2024-10-31 21:53:38 - [TEST_STEP][PASSED] - path_Dashboard = "Object Repository/AdminSuiteBootstrap_Pages/Dashboard_Bootstrap/": null

2024-10-31 21:53:38 - [TEST_STEP][PASSED] - path_VT = "Object Repository/AdminSuiteBootstrap_Pages/VT_Bootstrap/": null

2024-10-31 21:53:38 - [TEST_STEP][PASSED] - path_UM = "Object Repository/AdminSuiteBootstrap_Pages/UM_Bootstrap/": null

2024-10-31 21:53:38 - [TEST_STEP][PASSED] - adminSuiteBootstrap.loginFunctionality.login_AdminSuite(): adminSuiteBootstrap.loginFunctionality.login_AdminSuite is PASSED

2024-10-31 21:53:38 - [MESSAGE][WARNING] - A browser is already opened. Closing browser and opening a new one

2024-10-31 21:53:39 - [MESSAGE][INFO] - Starting 'Chrome' driver

2024-10-31 21:53:39 - [MESSAGE][INFO] - User set preference: ['acceptInsecureCerts', 'true']

2024-10-31 21:53:39 - [MESSAGE][INFO] - Action delay is set to 0 milliseconds

2024-10-31 21:53:42 - [MESSAGE][PASSED] - Browser is opened with url: 'https://qa2.velocitypayment.com/admin/imtiaz'

2024-10-31 21:53:42 - [MESSAGE][PASSED] - Current window maximized

2024-10-31 21:53:42 - [MESSAGE][PASSED] - Object 'Object Repository/Login_Page/Login_Username_Okta' is present

2024-10-31 21:53:43 - [MESSAGE][PASSED] - Text 'iahmed' is set on object 'Object Repository/Login_Page/Login_Username_Okta'

2024-10-31 21:53:44 - [MESSAGE][PASSED] - Text 'Hello!7777777' is set on object 'Object Repository/Login_Page/Login_Password_Okta'

2024-10-31 21:53:44 - [MESSAGE][PASSED] - Object: 'Object Repository/Login_Page/Login_Submit_Okta' is clicked on

2024-10-31 21:53:44 - [MESSAGE][PASSED] - adminSuiteBootstrap.loginFunctionality.login_AdminSuite is PASSED

2024-10-31 21:53:44 - [TEST_STEP][PASSED] - click(findTestObject(path_Dashboard + "span_User Management")): Object: 'Object Repository/AdminSuiteBootstrap_Pages/Dashboard_Bootstrap/span_User Management' is clicked on

2024-10-31 21:53:52 - [MESSAGE][PASSED] - Object: 'Object Repository/AdminSuiteBootstrap_Pages/Dashboard_Bootstrap/span_User Management' is clicked on

2024-10-31 21:53:52 - [TEST_STEP][PASSED] - click(findTestObject(path_Dashboard + "a_Users")): Object: 'Object Repository/AdminSuiteBootstrap_Pages/Dashboard_Bootstrap/a_Users' is clicked on

2024-10-31 21:53:53 - [MESSAGE][PASSED] - Object: 'Object Repository/AdminSuiteBootstrap_Pages/Dashboard_Bootstrap/a_Users' is clicked on

2024-10-31 21:53:53 - [TEST_STEP][PASSED] - verifyTextPresent("Users", true): Text 'Users' is present on page  using regular expression

2024-10-31 21:53:53 - [MESSAGE][PASSED] - Text 'Users' is present on page  using regular expression

2024-10-31 21:53:53 - [TEST_STEP][PASSED] - verifyTextPresent("Total Users", true): Text 'Total Users' is present on page  using regular expression

2024-10-31 21:53:54 - [MESSAGE][PASSED] - Text 'Total Users' is present on page  using regular expression

2024-10-31 21:53:54 - [TEST_STEP][PASSED] - verifyTextPresent("User Name", true): Text 'User Name' is present on page  using regular expression

2024-10-31 21:53:54 - [MESSAGE][PASSED] - Text 'User Name' is present on page  using regular expression

2024-10-31 21:53:54 - [TEST_STEP][PASSED] - verifyTextPresent("User ID", true): Text 'User ID' is present on page  using regular expression

2024-10-31 21:53:54 - [MESSAGE][PASSED] - Text 'User ID' is present on page  using regular expression

2024-10-31 21:53:54 - [TEST_STEP][PASSED] - verifyElementVisible(findTestObject(path_UM + "button_Export_New")): Object 'Object Repository/AdminSuiteBootstrap_Pages/UM_Bootstrap/button_Export_New' is visible

2024-10-31 21:53:55 - [MESSAGE][PASSED] - Object 'Object Repository/AdminSuiteBootstrap_Pages/UM_Bootstrap/button_Export_New' is visible

2024-10-31 21:53:55 - [TEST_STEP][PASSED] - verifyElementPresent(findTestObject(path_UM + "button_Export_New"), 30): Object 'Object Repository/AdminSuiteBootstrap_Pages/UM_Bootstrap/button_Export_New' is present

2024-10-31 21:53:55 - [MESSAGE][PASSED] - Object 'Object Repository/AdminSuiteBootstrap_Pages/UM_Bootstrap/button_Export_New' is present

2024-10-31 21:53:55 - [TEST_STEP][PASSED] - verifyElementVisible(findTestObject(path_UM + "a_Find User")): Object 'Object Repository/AdminSuiteBootstrap_Pages/UM_Bootstrap/a_Find User' is visible

2024-10-31 21:53:55 - [MESSAGE][PASSED] - Object 'Object Repository/AdminSuiteBootstrap_Pages/UM_Bootstrap/a_Find User' is visible

2024-10-31 21:53:55 - [TEST_STEP][PASSED] - verifyElementPresent(findTestObject(path_UM + "a_Find User"), 30): Object 'Object Repository/AdminSuiteBootstrap_Pages/UM_Bootstrap/a_Find User' is present

2024-10-31 21:53:56 - [MESSAGE][PASSED] - Object 'Object Repository/AdminSuiteBootstrap_Pages/UM_Bootstrap/a_Find User' is present

2024-10-31 21:53:56 - [TEST_STEP][PASSED] - verifyElementVisible(findTestObject(path_UM + "a_Add User")): Object 'Object Repository/AdminSuiteBootstrap_Pages/UM_Bootstrap/a_Add User' is visible

2024-10-31 21:53:56 - [MESSAGE][PASSED] - Object 'Object Repository/AdminSuiteBootstrap_Pages/UM_Bootstrap/a_Add User' is visible

2024-10-31 21:53:56 - [TEST_STEP][PASSED] - verifyElementPresent(findTestObject(path_UM + "a_Add User"), 30): Object 'Object Repository/AdminSuiteBootstrap_Pages/UM_Bootstrap/a_Add User' is present

2024-10-31 21:53:57 - [MESSAGE][PASSED] - Object 'Object Repository/AdminSuiteBootstrap_Pages/UM_Bootstrap/a_Add User' is present

2024-10-31 21:53:57 - [TEST_STEP][PASSED] - verifyElementVisible(findTestObject(path_UM + "a_CASEuser")): Object 'Object Repository/AdminSuiteBootstrap_Pages/UM_Bootstrap/a_CASEuser' is visible

2024-10-31 21:54:28 - [MESSAGE][INFO] - Unable to find the element located by 'By.xpath: //*[@href = '/admin/imtiaz/bootstrap/vadministrator/users/view.do?uid=1100' and (text() = '[CASEuser]' or . = '[CASEuser]')]'. Please recheck the objects properties to make sure the desired element is located. 

2024-10-31 21:54:28 - [MESSAGE][WARNING] - [SELF-HEALING] Failed to find element with id 'Object Repository/AdminSuiteBootstrap_Pages/UM_Bootstrap/a_CASEuser'. Try using Self-healing.

2024-10-31 21:54:28 - [MESSAGE][WARNING] - [SELF-HEALING] The current locator of test object 'Object Repository/AdminSuiteBootstrap_Pages/UM_Bootstrap/a_CASEuser' was broken. Propose an alternative one: '//tbody[@id='loadUser']/tr/td[2]/a'.

2024-10-31 21:54:28 - [MESSAGE][PASSED] - Object 'Object Repository/AdminSuiteBootstrap_Pages/UM_Bootstrap/a_CASEuser' is visible

2024-10-31 21:54:28 - [TEST_STEP][FAILED] - verifyElementPresent(findTestObject(path_UM + "a_CASEuser"), 30): com.kms.katalon.core.webui.exception.WebElementNotFoundException: Web element with id: 'Object Repository/AdminSuiteBootstrap_Pages/UM_Bootstrap/a_CASEuser' located by '//*[@href = '/admin/imtiaz/bootstrap/vadministrator/users/view.do?uid=1100' and (text() = '[CASEuser]' or . = '[CASEuser]')]' not found (Root cause: com.kms.katalon.core.exception.StepFailedException: com.kms.katalon.core.webui.exception.WebElementNotFoundException: Web element with id: 'Object Repository/AdminSuiteBootstrap_Pages/UM_Bootstrap/a_CASEuser' located by '//*[@href = '/admin/imtiaz/bootstrap/vadministrator/users/view.do?uid=1100' and (text() = '[CASEuser]' or . = '[CASEuser]')]' not found
	at com.kms.katalon.core.webui.keyword.internal.WebUIKeywordMain.stepFailed(WebUIKeywordMain.groovy:64)
	at com.kms.katalon.core.webui.keyword.builtin.VerifyElementPresentKeyword$_verifyElementPresent_closure1.doCall(VerifyElementPresentKeyword.groovy:85)
	at com.kms.katalon.core.webui.keyword.builtin.VerifyElementPresentKeyword$_verifyElementPresent_closure1.call(VerifyElementPresentKeyword.groovy)
	at com.kms.katalon.core.webui.keyword.internal.WebUIKeywordMain.runKeyword(WebUIKeywordMain.groovy:20)
	at com.kms.katalon.core.webui.keyword.builtin.VerifyElementPresentKeyword.verifyElementPresent(VerifyElementPresentKeyword.groovy:92)
	at com.kms.katalon.core.webui.keyword.builtin.VerifyElementPresentKeyword.execute(VerifyElementPresentKeyword.groovy:68)
	at com.kms.katalon.core.keyword.internal.KeywordExecutor.executeKeywordForPlatform(KeywordExecutor.groovy:74)
	at com.kms.katalon.core.webui.keyword.WebUiBuiltInKeywords.verifyElementPresent(WebUiBuiltInKeywords.groovy:1464)
	at com.kms.katalon.core.webui.keyword.WebUiBuiltInKeywords$verifyElementPresent$1.call(Unknown Source)
	at VerifyUsersLinks_UI_TC.run(VerifyUsersLinks_UI_TC:46)
	at com.kms.katalon.core.main.ScriptEngine.run(ScriptEngine.java:194)
	at com.kms.katalon.core.main.ScriptEngine.runScriptAsRawText(ScriptEngine.java:119)
	at com.kms.katalon.core.main.TestCaseExecutor.runScript(TestCaseExecutor.java:448)
	at com.kms.katalon.core.main.TestCaseExecutor.doExecute(TestCaseExecutor.java:439)
	at com.kms.katalon.core.main.TestCaseExecutor.processExecutionPhase(TestCaseExecutor.java:418)
	at com.kms.katalon.core.main.TestCaseExecutor.accessMainPhase(TestCaseExecutor.java:410)
	at com.kms.katalon.core.main.TestCaseExecutor.execute(TestCaseExecutor.java:285)
	at com.kms.katalon.core.common.CommonExecutor.accessTestCaseMainPhase(CommonExecutor.java:65)
	at com.kms.katalon.core.main.TestSuiteExecutor.accessTestSuiteMainPhase(TestSuiteExecutor.java:148)
	at com.kms.katalon.core.main.TestSuiteExecutor.execute(TestSuiteExecutor.java:106)
	at com.kms.katalon.core.main.TestCaseMain.startTestSuite(TestCaseMain.java:187)
	at com.kms.katalon.core.main.TestCaseMain$startTestSuite$0.call(Unknown Source)
	at TempTestSuite1730425171054.run(TempTestSuite1730425171054.groovy:35)
)

2024-10-31 21:55:00 - [MESSAGE][INFO] - Unable to find the element located by 'By.xpath: //*[@href = '/admin/imtiaz/bootstrap/vadministrator/users/view.do?uid=1100' and (text() = '[CASEuser]' or . = '[CASEuser]')]'. Please recheck the objects properties to make sure the desired element is located. 

2024-10-31 21:55:00 - [MESSAGE][FAILED] - com.kms.katalon.core.webui.exception.WebElementNotFoundException: Web element with id: 'Object Repository/AdminSuiteBootstrap_Pages/UM_Bootstrap/a_CASEuser' located by '//*[@href = '/admin/imtiaz/bootstrap/vadministrator/users/view.do?uid=1100' and (text() = '[CASEuser]' or . = '[CASEuser]')]' not found (Root cause: com.kms.katalon.core.exception.StepFailedException: com.kms.katalon.core.webui.exception.WebElementNotFoundException: Web element with id: 'Object Repository/AdminSuiteBootstrap_Pages/UM_Bootstrap/a_CASEuser' located by '//*[@href = '/admin/imtiaz/bootstrap/vadministrator/users/view.do?uid=1100' and (text() = '[CASEuser]' or . = '[CASEuser]')]' not found
	at com.kms.katalon.core.webui.keyword.internal.WebUIKeywordMain.stepFailed(WebUIKeywordMain.groovy:64)
	at com.kms.katalon.core.webui.keyword.builtin.VerifyElementPresentKeyword$_verifyElementPresent_closure1.doCall(VerifyElementPresentKeyword.groovy:85)
	at com.kms.katalon.core.webui.keyword.builtin.VerifyElementPresentKeyword$_verifyElementPresent_closure1.call(VerifyElementPresentKeyword.groovy)
	at com.kms.katalon.core.webui.keyword.internal.WebUIKeywordMain.runKeyword(WebUIKeywordMain.groovy:20)
	at com.kms.katalon.core.webui.keyword.builtin.VerifyElementPresentKeyword.verifyElementPresent(VerifyElementPresentKeyword.groovy:92)
	at com.kms.katalon.core.webui.keyword.builtin.VerifyElementPresentKeyword.execute(VerifyElementPresentKeyword.groovy:68)
	at com.kms.katalon.core.keyword.internal.KeywordExecutor.executeKeywordForPlatform(KeywordExecutor.groovy:74)
	at com.kms.katalon.core.webui.keyword.WebUiBuiltInKeywords.verifyElementPresent(WebUiBuiltInKeywords.groovy:1464)
	at com.kms.katalon.core.webui.keyword.WebUiBuiltInKeywords$verifyElementPresent$1.call(Unknown Source)
	at VerifyUsersLinks_UI_TC.run(VerifyUsersLinks_UI_TC:46)
	at com.kms.katalon.core.main.ScriptEngine.run(ScriptEngine.java:194)
	at com.kms.katalon.core.main.ScriptEngine.runScriptAsRawText(ScriptEngine.java:119)
	at com.kms.katalon.core.main.TestCaseExecutor.runScript(TestCaseExecutor.java:448)
	at com.kms.katalon.core.main.TestCaseExecutor.doExecute(TestCaseExecutor.java:439)
	at com.kms.katalon.core.main.TestCaseExecutor.processExecutionPhase(TestCaseExecutor.java:418)
	at com.kms.katalon.core.main.TestCaseExecutor.accessMainPhase(TestCaseExecutor.java:410)
	at com.kms.katalon.core.main.TestCaseExecutor.execute(TestCaseExecutor.java:285)
	at com.kms.katalon.core.common.CommonExecutor.accessTestCaseMainPhase(CommonExecutor.java:65)
	at com.kms.katalon.core.main.TestSuiteExecutor.accessTestSuiteMainPhase(TestSuiteExecutor.java:148)
	at com.kms.katalon.core.main.TestSuiteExecutor.execute(TestSuiteExecutor.java:106)
	at com.kms.katalon.core.main.TestCaseMain.startTestSuite(TestCaseMain.java:187)
	at com.kms.katalon.core.main.TestCaseMain$startTestSuite$0.call(Unknown Source)
	at TempTestSuite1730425171054.run(TempTestSuite1730425171054.groovy:35)
)
[[ATTACHMENT|E:\\Cloned-Project-Katalon\\VPS-Katalon\\Reports\\20241031_213928\\QA\\VT-Bootstrap\\AdminSuiteBootstrap_UI_TestSuite\\20241031_213931\\1730426100075.png]]

2024-10-31 21:55:00 - [TEST_STEP][PASSED] - verifyElementVisible(findTestObject(path_UM + "li_First")): Object 'Object Repository/AdminSuiteBootstrap_Pages/UM_Bootstrap/li_First' is visible

2024-10-31 21:55:00 - [MESSAGE][PASSED] - Object 'Object Repository/AdminSuiteBootstrap_Pages/UM_Bootstrap/li_First' is visible

2024-10-31 21:55:00 - [TEST_STEP][PASSED] - verifyElementPresent(findTestObject(path_UM + "li_First"), 30): Object 'Object Repository/AdminSuiteBootstrap_Pages/UM_Bootstrap/li_First' is present

2024-10-31 21:55:00 - [MESSAGE][PASSED] - Object 'Object Repository/AdminSuiteBootstrap_Pages/UM_Bootstrap/li_First' is present

2024-10-31 21:55:00 - [TEST_STEP][PASSED] - verifyElementVisible(findTestObject(path_UM + "li_Prev")): Object 'Object Repository/AdminSuiteBootstrap_Pages/UM_Bootstrap/li_Prev' is visible

2024-10-31 21:55:01 - [MESSAGE][PASSED] - Object 'Object Repository/AdminSuiteBootstrap_Pages/UM_Bootstrap/li_Prev' is visible

2024-10-31 21:55:01 - [TEST_STEP][PASSED] - verifyElementPresent(findTestObject(path_UM + "li_Prev"), 30): Object 'Object Repository/AdminSuiteBootstrap_Pages/UM_Bootstrap/li_Prev' is present

2024-10-31 21:55:01 - [MESSAGE][PASSED] - Object 'Object Repository/AdminSuiteBootstrap_Pages/UM_Bootstrap/li_Prev' is present

2024-10-31 21:55:01 - [TEST_STEP][PASSED] - verifyElementVisible(findTestObject(path_UM + "a_1")): Object 'Object Repository/AdminSuiteBootstrap_Pages/UM_Bootstrap/a_1' is visible

2024-10-31 21:55:01 - [MESSAGE][PASSED] - Object 'Object Repository/AdminSuiteBootstrap_Pages/UM_Bootstrap/a_1' is visible

2024-10-31 21:55:01 - [TEST_STEP][PASSED] - verifyElementPresent(findTestObject(path_UM + "a_1"), 30): Object 'Object Repository/AdminSuiteBootstrap_Pages/UM_Bootstrap/a_1' is present

2024-10-31 21:55:02 - [MESSAGE][PASSED] - Object 'Object Repository/AdminSuiteBootstrap_Pages/UM_Bootstrap/a_1' is present

2024-10-31 21:55:02 - [TEST_STEP][PASSED] - verifyElementVisible(findTestObject(path_UM + "a_Next")): Object 'Object Repository/AdminSuiteBootstrap_Pages/UM_Bootstrap/a_Next' is visible

2024-10-31 21:55:02 - [MESSAGE][PASSED] - Object 'Object Repository/AdminSuiteBootstrap_Pages/UM_Bootstrap/a_Next' is visible

2024-10-31 21:55:02 - [TEST_STEP][PASSED] - verifyElementPresent(findTestObject(path_UM + "a_Next"), 30): Object 'Object Repository/AdminSuiteBootstrap_Pages/UM_Bootstrap/a_Next' is present

2024-10-31 21:55:02 - [MESSAGE][PASSED] - Object 'Object Repository/AdminSuiteBootstrap_Pages/UM_Bootstrap/a_Next' is present

2024-10-31 21:55:02 - [TEST_STEP][PASSED] - verifyElementVisible(findTestObject(path_UM + "a_Last")): Object 'Object Repository/AdminSuiteBootstrap_Pages/UM_Bootstrap/a_Last' is visible

2024-10-31 21:55:03 - [MESSAGE][PASSED] - Object 'Object Repository/AdminSuiteBootstrap_Pages/UM_Bootstrap/a_Last' is visible

2024-10-31 21:55:03 - [TEST_STEP][PASSED] - verifyElementPresent(findTestObject(path_UM + "a_Last"), 30): Object 'Object Repository/AdminSuiteBootstrap_Pages/UM_Bootstrap/a_Last' is present

2024-10-31 21:55:03 - [MESSAGE][PASSED] - Object 'Object Repository/AdminSuiteBootstrap_Pages/UM_Bootstrap/a_Last' is present]]></system-out>
         <system-err><![CDATA[2024-10-31 21:53:37 - [TEST_CASE][FAILED] - Test Cases/Admin Suite Bootstrap/UM_TestCases/Users/VerifyUsersLinks_UI_TC: Test Cases/Admin Suite Bootstrap/UM_TestCases/Users/VerifyUsersLinks_UI_TC FAILED.
Reason:
com.kms.katalon.core.exception.StepFailedException: com.kms.katalon.core.webui.exception.WebElementNotFoundException: Web element with id: 'Object Repository/AdminSuiteBootstrap_Pages/UM_Bootstrap/a_CASEuser' located by '//*[@href = '/admin/imtiaz/bootstrap/vadministrator/users/view.do?uid=1100' and (text() = '[CASEuser]' or . = '[CASEuser]')]' not found (Root cause: com.kms.katalon.core.exception.StepFailedException: com.kms.katalon.core.webui.exception.WebElementNotFoundException: Web element with id: 'Object Repository/AdminSuiteBootstrap_Pages/UM_Bootstrap/a_CASEuser' located by '//*[@href = '/admin/imtiaz/bootstrap/vadministrator/users/view.do?uid=1100' and (text() = '[CASEuser]' or . = '[CASEuser]')]' not found
	at com.kms.katalon.core.webui.keyword.internal.WebUIKeywordMain.stepFailed(WebUIKeywordMain.groovy:64)
	at com.kms.katalon.core.webui.keyword.builtin.VerifyElementPresentKeyword$_verifyElementPresent_closure1.doCall(VerifyElementPresentKeyword.groovy:85)
	at com.kms.katalon.core.webui.keyword.builtin.VerifyElementPresentKeyword$_verifyElementPresent_closure1.call(VerifyElementPresentKeyword.groovy)
	at com.kms.katalon.core.webui.keyword.internal.WebUIKeywordMain.runKeyword(WebUIKeywordMain.groovy:20)
	at com.kms.katalon.core.webui.keyword.builtin.VerifyElementPresentKeyword.verifyElementPresent(VerifyElementPresentKeyword.groovy:92)
	at com.kms.katalon.core.webui.keyword.builtin.VerifyElementPresentKeyword.execute(VerifyElementPresentKeyword.groovy:68)
	at com.kms.katalon.core.keyword.internal.KeywordExecutor.executeKeywordForPlatform(KeywordExecutor.groovy:74)
	at com.kms.katalon.core.webui.keyword.WebUiBuiltInKeywords.verifyElementPresent(WebUiBuiltInKeywords.groovy:1464)
	at com.kms.katalon.core.webui.keyword.WebUiBuiltInKeywords$verifyElementPresent$1.call(Unknown Source)
	at VerifyUsersLinks_UI_TC.run(VerifyUsersLinks_UI_TC:46)
	at com.kms.katalon.core.main.ScriptEngine.run(ScriptEngine.java:194)
	at com.kms.katalon.core.main.ScriptEngine.runScriptAsRawText(ScriptEngine.java:119)
	at com.kms.katalon.core.main.TestCaseExecutor.runScript(TestCaseExecutor.java:448)
	at com.kms.katalon.core.main.TestCaseExecutor.doExecute(TestCaseExecutor.java:439)
	at com.kms.katalon.core.main.TestCaseExecutor.processExecutionPhase(TestCaseExecutor.java:418)
	at com.kms.katalon.core.main.TestCaseExecutor.accessMainPhase(TestCaseExecutor.java:410)
	at com.kms.katalon.core.main.TestCaseExecutor.execute(TestCaseExecutor.java:285)
	at com.kms.katalon.core.common.CommonExecutor.accessTestCaseMainPhase(CommonExecutor.java:65)
	at com.kms.katalon.core.main.TestSuiteExecutor.accessTestSuiteMainPhase(TestSuiteExecutor.java:148)
	at com.kms.katalon.core.main.TestSuiteExecutor.execute(TestSuiteExecutor.java:106)
	at com.kms.katalon.core.main.TestCaseMain.startTestSuite(TestCaseMain.java:187)
	at com.kms.katalon.core.main.TestCaseMain$startTestSuite$0.call(Unknown Source)
	at TempTestSuite1730425171054.run(TempTestSuite1730425171054.groovy:35)
)
	at com.kms.katalon.core.keyword.internal.KeywordMain.stepFailed(KeywordMain.groovy:39)
	at com.kms.katalon.core.webui.keyword.internal.WebUIKeywordMain.stepFailed(WebUIKeywordMain.groovy:64)
	at com.kms.katalon.core.webui.keyword.builtin.VerifyElementPresentKeyword$_verifyElementPresent_closure1.doCall(VerifyElementPresentKeyword.groovy:85)
	at com.kms.katalon.core.webui.keyword.builtin.VerifyElementPresentKeyword$_verifyElementPresent_closure1.call(VerifyElementPresentKeyword.groovy)
	at com.kms.katalon.core.webui.keyword.internal.WebUIKeywordMain.runKeyword(WebUIKeywordMain.groovy:20)
	at com.kms.katalon.core.webui.keyword.builtin.VerifyElementPresentKeyword.verifyElementPresent(VerifyElementPresentKeyword.groovy:92)
	at com.kms.katalon.core.webui.keyword.builtin.VerifyElementPresentKeyword.execute(VerifyElementPresentKeyword.groovy:68)
	at com.kms.katalon.core.keyword.internal.KeywordExecutor.executeKeywordForPlatform(KeywordExecutor.groovy:74)
	at com.kms.katalon.core.webui.keyword.WebUiBuiltInKeywords.verifyElementPresent(WebUiBuiltInKeywords.groovy:1464)
	at com.kms.katalon.core.webui.keyword.WebUiBuiltInKeywords$verifyElementPresent$1.call(Unknown Source)
	at VerifyUsersLinks_UI_TC.run(VerifyUsersLinks_UI_TC:46)
	at com.kms.katalon.core.main.ScriptEngine.run(ScriptEngine.java:194)
	at com.kms.katalon.core.main.ScriptEngine.runScriptAsRawText(ScriptEngine.java:119)
	at com.kms.katalon.core.main.TestCaseExecutor.runScript(TestCaseExecutor.java:448)
	at com.kms.katalon.core.main.TestCaseExecutor.doExecute(TestCaseExecutor.java:439)
	at com.kms.katalon.core.main.TestCaseExecutor.processExecutionPhase(TestCaseExecutor.java:418)
	at com.kms.katalon.core.main.TestCaseExecutor.accessMainPhase(TestCaseExecutor.java:410)
	at com.kms.katalon.core.main.TestCaseExecutor.execute(TestCaseExecutor.java:285)
	at com.kms.katalon.core.common.CommonExecutor.accessTestCaseMainPhase(CommonExecutor.java:65)
	at com.kms.katalon.core.main.TestSuiteExecutor.accessTestSuiteMainPhase(TestSuiteExecutor.java:148)
	at com.kms.katalon.core.main.TestSuiteExecutor.execute(TestSuiteExecutor.java:106)
	at com.kms.katalon.core.main.TestCaseMain.startTestSuite(TestCaseMain.java:187)
	at com.kms.katalon.core.main.TestCaseMain$startTestSuite$0.call(Unknown Source)
	at TempTestSuite1730425171054.run(TempTestSuite1730425171054.groovy:35)
Caused by: com.kms.katalon.core.exception.StepFailedException: com.kms.katalon.core.webui.exception.WebElementNotFoundException: Web element with id: 'Object Repository/AdminSuiteBootstrap_Pages/UM_Bootstrap/a_CASEuser' located by '//*[@href = '/admin/imtiaz/bootstrap/vadministrator/users/view.do?uid=1100' and (text() = '[CASEuser]' or . = '[CASEuser]')]' not found
	... 23 more]]></system-err>
      </testcase>
      <testcase name="Test Cases/Admin Suite Bootstrap/VT_TestCases/VerifySaleKeyboard_UI_1_TC" time="105.079" classname="Test Cases/Admin Suite Bootstrap/VT_TestCases/VerifySaleKeyboard_UI_1_TC" status="FAILED">
         <failure type="FAILED" message="Test Cases/Admin Suite Bootstrap/VT_TestCases/VerifySaleKeyboard_UI_1_TC FAILED.
Reason:
com.kms.katalon.core.exception.StepFailedException: Web element with id: 'Object Repository/AdminSuiteBootstrap_Pages/VT_Bootstrap/SaleKeyboard/input_smsNumber' located by '//*[@type = 'TEXT' and @name = 'smsNumber' and @id = 'smsNumber']' not found (Root cause: com.kms.katalon.core.exception.StepFailedException: Web element with id: 'Object Repository/AdminSuiteBootstrap_Pages/VT_Bootstrap/SaleKeyboard/input_smsNumber' located by '//*[@type = 'TEXT' and @name = 'smsNumber' and @id = 'smsNumber']' not found
	at com.kms.katalon.core.webui.keyword.internal.WebUIKeywordMain.stepFailed(WebUIKeywordMain.groovy:64)
	at com.kms.katalon.core.webui.keyword.builtin.VerifyElementVisibleKeyword$_verifyElementVisible_closure1.doCall(VerifyElementVisibleKeyword.groovy:89)
	at com.kms.katalon.core.webui.keyword.builtin.VerifyElementVisibleKeyword$_verifyElementVisible_closure1.call(VerifyElementVisibleKeyword.groovy)
	at com.kms.katalon.core.webui.keyword.internal.WebUIKeywordMain.runKeyword(WebUIKeywordMain.groovy:20)
	at com.kms.katalon.core.webui.keyword.builtin.VerifyElementVisibleKeyword.verifyElementVisible(VerifyElementVisibleKeyword.groovy:97)
	at com.kms.katalon.core.webui.keyword.builtin.VerifyElementVisibleKeyword.execute(VerifyElementVisibleKeyword.groovy:67)
	at com.kms.katalon.core.keyword.internal.KeywordExecutor.executeKeywordForPlatform(KeywordExecutor.groovy:74)
	at com.kms.katalon.core.webui.keyword.WebUiBuiltInKeywords.verifyElementVisible(WebUiBuiltInKeywords.groovy:376)
	at com.kms.katalon.core.webui.keyword.WebUiBuiltInKeywords$verifyElementVisible$4.call(Unknown Source)
	at VerifySaleKeyboard_UI_1_TC.run(VerifySaleKeyboard_UI_1_TC:92)
	at com.kms.katalon.core.main.ScriptEngine.run(ScriptEngine.java:194)
	at com.kms.katalon.core.main.ScriptEngine.runScriptAsRawText(ScriptEngine.java:119)
	at com.kms.katalon.core.main.TestCaseExecutor.runScript(TestCaseExecutor.java:448)
	at com.kms.katalon.core.main.TestCaseExecutor.doExecute(TestCaseExecutor.java:439)
	at com.kms.katalon.core.main.TestCaseExecutor.processExecutionPhase(TestCaseExecutor.java:418)
	at com.kms.katalon.core.main.TestCaseExecutor.accessMainPhase(TestCaseExecutor.java:410)
	at com.kms.katalon.core.main.TestCaseExecutor.execute(TestCaseExecutor.java:285)
	at com.kms.katalon.core.common.CommonExecutor.accessTestCaseMainPhase(CommonExecutor.java:65)
	at com.kms.katalon.core.main.TestSuiteExecutor.accessTestSuiteMainPhase(TestSuiteExecutor.java:148)
	at com.kms.katalon.core.main.TestSuiteExecutor.execute(TestSuiteExecutor.java:106)
	at com.kms.katalon.core.main.TestCaseMain.startTestSuite(TestCaseMain.java:187)
	at com.kms.katalon.core.main.TestCaseMain$startTestSuite$0.call(Unknown Source)
	at TempTestSuite1730425171054.run(TempTestSuite1730425171054.groovy:35)
)
	at com.kms.katalon.core.keyword.internal.KeywordMain.stepFailed(KeywordMain.groovy:39)
	at com.kms.katalon.core.webui.keyword.internal.WebUIKeywordMain.stepFailed(WebUIKeywordMain.groovy:64)
	at com.kms.katalon.core.webui.keyword.builtin.VerifyElementVisibleKeyword$_verifyElementVisible_closure1.doCall(VerifyElementVisibleKeyword.groovy:89)
	at com.kms.katalon.core.webui.keyword.builtin.VerifyElementVisibleKeyword$_verifyElementVisible_closure1.call(VerifyElementVisibleKeyword.groovy)
	at com.kms.katalon.core.webui.keyword.internal.WebUIKeywordMain.runKeyword(WebUIKeywordMain.groovy:20)
	at com.kms.katalon.core.webui.keyword.builtin.VerifyElementVisibleKeyword.verifyElementVisible(VerifyElementVisibleKeyword.groovy:97)
	at com.kms.katalon.core.webui.keyword.builtin.VerifyElementVisibleKeyword.execute(VerifyElementVisibleKeyword.groovy:67)
	at com.kms.katalon.core.keyword.internal.KeywordExecutor.executeKeywordForPlatform(KeywordExecutor.groovy:74)
	at com.kms.katalon.core.webui.keyword.WebUiBuiltInKeywords.verifyElementVisible(WebUiBuiltInKeywords.groovy:376)
	at com.kms.katalon.core.webui.keyword.WebUiBuiltInKeywords$verifyElementVisible$4.call(Unknown Source)
	at VerifySaleKeyboard_UI_1_TC.run(VerifySaleKeyboard_UI_1_TC:92)
	at com.kms.katalon.core.main.ScriptEngine.run(ScriptEngine.java:194)
	at com.kms.katalon.core.main.ScriptEngine.runScriptAsRawText(ScriptEngine.java:119)
	at com.kms.katalon.core.main.TestCaseExecutor.runScript(TestCaseExecutor.java:448)
	at com.kms.katalon.core.main.TestCaseExecutor.doExecute(TestCaseExecutor.java:439)
	at com.kms.katalon.core.main.TestCaseExecutor.processExecutionPhase(TestCaseExecutor.java:418)
	at com.kms.katalon.core.main.TestCaseExecutor.accessMainPhase(TestCaseExecutor.java:410)
	at com.kms.katalon.core.main.TestCaseExecutor.execute(TestCaseExecutor.java:285)
	at com.kms.katalon.core.common.CommonExecutor.accessTestCaseMainPhase(CommonExecutor.java:65)
	at com.kms.katalon.core.main.TestSuiteExecutor.accessTestSuiteMainPhase(TestSuiteExecutor.java:148)
	at com.kms.katalon.core.main.TestSuiteExecutor.execute(TestSuiteExecutor.java:106)
	at com.kms.katalon.core.main.TestCaseMain.startTestSuite(TestCaseMain.java:187)
	at com.kms.katalon.core.main.TestCaseMain$startTestSuite$0.call(Unknown Source)
	at TempTestSuite1730425171054.run(TempTestSuite1730425171054.groovy:35)
Caused by: com.kms.katalon.core.exception.StepFailedException: Web element with id: 'Object Repository/AdminSuiteBootstrap_Pages/VT_Bootstrap/SaleKeyboard/input_smsNumber' located by '//*[@type = 'TEXT' and @name = 'smsNumber' and @id = 'smsNumber']' not found
	... 23 more
"/>
         <system-out><![CDATA[2024-10-31 21:55:03 - [TEST_CASE][FAILED] - Test Cases/Admin Suite Bootstrap/VT_TestCases/VerifySaleKeyboard_UI_1_TC: Test Cases/Admin Suite Bootstrap/VT_TestCases/VerifySaleKeyboard_UI_1_TC FAILED.
Reason:
com.kms.katalon.core.exception.StepFailedException: Web element with id: 'Object Repository/AdminSuiteBootstrap_Pages/VT_Bootstrap/SaleKeyboard/input_smsNumber' located by '//*[@type = 'TEXT' and @name = 'smsNumber' and @id = 'smsNumber']' not found (Root cause: com.kms.katalon.core.exception.StepFailedException: Web element with id: 'Object Repository/AdminSuiteBootstrap_Pages/VT_Bootstrap/SaleKeyboard/input_smsNumber' located by '//*[@type = 'TEXT' and @name = 'smsNumber' and @id = 'smsNumber']' not found
	at com.kms.katalon.core.webui.keyword.internal.WebUIKeywordMain.stepFailed(WebUIKeywordMain.groovy:64)
	at com.kms.katalon.core.webui.keyword.builtin.VerifyElementVisibleKeyword$_verifyElementVisible_closure1.doCall(VerifyElementVisibleKeyword.groovy:89)
	at com.kms.katalon.core.webui.keyword.builtin.VerifyElementVisibleKeyword$_verifyElementVisible_closure1.call(VerifyElementVisibleKeyword.groovy)
	at com.kms.katalon.core.webui.keyword.internal.WebUIKeywordMain.runKeyword(WebUIKeywordMain.groovy:20)
	at com.kms.katalon.core.webui.keyword.builtin.VerifyElementVisibleKeyword.verifyElementVisible(VerifyElementVisibleKeyword.groovy:97)
	at com.kms.katalon.core.webui.keyword.builtin.VerifyElementVisibleKeyword.execute(VerifyElementVisibleKeyword.groovy:67)
	at com.kms.katalon.core.keyword.internal.KeywordExecutor.executeKeywordForPlatform(KeywordExecutor.groovy:74)
	at com.kms.katalon.core.webui.keyword.WebUiBuiltInKeywords.verifyElementVisible(WebUiBuiltInKeywords.groovy:376)
	at com.kms.katalon.core.webui.keyword.WebUiBuiltInKeywords$verifyElementVisible$4.call(Unknown Source)
	at VerifySaleKeyboard_UI_1_TC.run(VerifySaleKeyboard_UI_1_TC:92)
	at com.kms.katalon.core.main.ScriptEngine.run(ScriptEngine.java:194)
	at com.kms.katalon.core.main.ScriptEngine.runScriptAsRawText(ScriptEngine.java:119)
	at com.kms.katalon.core.main.TestCaseExecutor.runScript(TestCaseExecutor.java:448)
	at com.kms.katalon.core.main.TestCaseExecutor.doExecute(TestCaseExecutor.java:439)
	at com.kms.katalon.core.main.TestCaseExecutor.processExecutionPhase(TestCaseExecutor.java:418)
	at com.kms.katalon.core.main.TestCaseExecutor.accessMainPhase(TestCaseExecutor.java:410)
	at com.kms.katalon.core.main.TestCaseExecutor.execute(TestCaseExecutor.java:285)
	at com.kms.katalon.core.common.CommonExecutor.accessTestCaseMainPhase(CommonExecutor.java:65)
	at com.kms.katalon.core.main.TestSuiteExecutor.accessTestSuiteMainPhase(TestSuiteExecutor.java:148)
	at com.kms.katalon.core.main.TestSuiteExecutor.execute(TestSuiteExecutor.java:106)
	at com.kms.katalon.core.main.TestCaseMain.startTestSuite(TestCaseMain.java:187)
	at com.kms.katalon.core.main.TestCaseMain$startTestSuite$0.call(Unknown Source)
	at TempTestSuite1730425171054.run(TempTestSuite1730425171054.groovy:35)
)
	at com.kms.katalon.core.keyword.internal.KeywordMain.stepFailed(KeywordMain.groovy:39)
	at com.kms.katalon.core.webui.keyword.internal.WebUIKeywordMain.stepFailed(WebUIKeywordMain.groovy:64)
	at com.kms.katalon.core.webui.keyword.builtin.VerifyElementVisibleKeyword$_verifyElementVisible_closure1.doCall(VerifyElementVisibleKeyword.groovy:89)
	at com.kms.katalon.core.webui.keyword.builtin.VerifyElementVisibleKeyword$_verifyElementVisible_closure1.call(VerifyElementVisibleKeyword.groovy)
	at com.kms.katalon.core.webui.keyword.internal.WebUIKeywordMain.runKeyword(WebUIKeywordMain.groovy:20)
	at com.kms.katalon.core.webui.keyword.builtin.VerifyElementVisibleKeyword.verifyElementVisible(VerifyElementVisibleKeyword.groovy:97)
	at com.kms.katalon.core.webui.keyword.builtin.VerifyElementVisibleKeyword.execute(VerifyElementVisibleKeyword.groovy:67)
	at com.kms.katalon.core.keyword.internal.KeywordExecutor.executeKeywordForPlatform(KeywordExecutor.groovy:74)
	at com.kms.katalon.core.webui.keyword.WebUiBuiltInKeywords.verifyElementVisible(WebUiBuiltInKeywords.groovy:376)
	at com.kms.katalon.core.webui.keyword.WebUiBuiltInKeywords$verifyElementVisible$4.call(Unknown Source)
	at VerifySaleKeyboard_UI_1_TC.run(VerifySaleKeyboard_UI_1_TC:92)
	at com.kms.katalon.core.main.ScriptEngine.run(ScriptEngine.java:194)
	at com.kms.katalon.core.main.ScriptEngine.runScriptAsRawText(ScriptEngine.java:119)
	at com.kms.katalon.core.main.TestCaseExecutor.runScript(TestCaseExecutor.java:448)
	at com.kms.katalon.core.main.TestCaseExecutor.doExecute(TestCaseExecutor.java:439)
	at com.kms.katalon.core.main.TestCaseExecutor.processExecutionPhase(TestCaseExecutor.java:418)
	at com.kms.katalon.core.main.TestCaseExecutor.accessMainPhase(TestCaseExecutor.java:410)
	at com.kms.katalon.core.main.TestCaseExecutor.execute(TestCaseExecutor.java:285)
	at com.kms.katalon.core.common.CommonExecutor.accessTestCaseMainPhase(CommonExecutor.java:65)
	at com.kms.katalon.core.main.TestSuiteExecutor.accessTestSuiteMainPhase(TestSuiteExecutor.java:148)
	at com.kms.katalon.core.main.TestSuiteExecutor.execute(TestSuiteExecutor.java:106)
	at com.kms.katalon.core.main.TestCaseMain.startTestSuite(TestCaseMain.java:187)
	at com.kms.katalon.core.main.TestCaseMain$startTestSuite$0.call(Unknown Source)
	at TempTestSuite1730425171054.run(TempTestSuite1730425171054.groovy:35)
Caused by: com.kms.katalon.core.exception.StepFailedException: Web element with id: 'Object Repository/AdminSuiteBootstrap_Pages/VT_Bootstrap/SaleKeyboard/input_smsNumber' located by '//*[@type = 'TEXT' and @name = 'smsNumber' and @id = 'smsNumber']' not found
	... 23 more


2024-10-31 21:55:04 - [TEST_STEP][PASSED] - path_Dashboard = "Object Repository/AdminSuiteBootstrap_Pages/Dashboard_Bootstrap/": null

2024-10-31 21:55:04 - [TEST_STEP][PASSED] - path_VT = "Object Repository/AdminSuiteBootstrap_Pages/VT_Bootstrap/IssueTransactions/": null

2024-10-31 21:55:04 - [TEST_STEP][PASSED] - path_SaleKB = "Object Repository/AdminSuiteBootstrap_Pages/VT_Bootstrap/SaleKeyboard/": null

2024-10-31 21:55:04 - [TEST_STEP][PASSED] - appliID = "238": null

2024-10-31 21:55:04 - [TEST_STEP][PASSED] - li_1 = "/admin/imtiaz/bootstrap/vpos/": null

2024-10-31 21:55:04 - [TEST_STEP][PASSED] - li_2 = "/transactions/AuthCapForm/": null

2024-10-31 21:55:04 - [TEST_STEP][PASSED] - hrefAppID = li_1 + appliID + li_2: null

2024-10-31 21:55:04 - [TEST_STEP][PASSED] - out.println("hrefID is : " + hrefAppID): null

2024-10-31 21:55:04 - [TEST_STEP][PASSED] - adminSuiteBootstrap.loginFunctionality.login_AdminSuite(): adminSuiteBootstrap.loginFunctionality.login_AdminSuite is PASSED

2024-10-31 21:55:04 - [MESSAGE][WARNING] - A browser is already opened. Closing browser and opening a new one

2024-10-31 21:55:05 - [MESSAGE][INFO] - Starting 'Chrome' driver

2024-10-31 21:55:05 - [MESSAGE][INFO] - User set preference: ['acceptInsecureCerts', 'true']

2024-10-31 21:55:05 - [MESSAGE][INFO] - Action delay is set to 0 milliseconds

2024-10-31 21:55:08 - [MESSAGE][PASSED] - Browser is opened with url: 'https://qa2.velocitypayment.com/admin/imtiaz'

2024-10-31 21:55:08 - [MESSAGE][PASSED] - Current window maximized

2024-10-31 21:55:09 - [MESSAGE][PASSED] - Object 'Object Repository/Login_Page/Login_Username_Okta' is present

2024-10-31 21:55:09 - [MESSAGE][PASSED] - Text 'iahmed' is set on object 'Object Repository/Login_Page/Login_Username_Okta'

2024-10-31 21:55:10 - [MESSAGE][PASSED] - Text 'Hello!7777777' is set on object 'Object Repository/Login_Page/Login_Password_Okta'

2024-10-31 21:55:10 - [MESSAGE][PASSED] - Object: 'Object Repository/Login_Page/Login_Submit_Okta' is clicked on

2024-10-31 21:55:10 - [MESSAGE][PASSED] - adminSuiteBootstrap.loginFunctionality.login_AdminSuite is PASSED

2024-10-31 21:55:10 - [TEST_STEP][PASSED] - click(findTestObject(path_Dashboard + "span_Payment")): Object: 'Object Repository/AdminSuiteBootstrap_Pages/Dashboard_Bootstrap/span_Payment' is clicked on

2024-10-31 21:55:18 - [MESSAGE][PASSED] - Object: 'Object Repository/AdminSuiteBootstrap_Pages/Dashboard_Bootstrap/span_Payment' is clicked on

2024-10-31 21:55:18 - [TEST_STEP][PASSED] - click(findTestObject(path_Dashboard + "a_HelloWorld3")): Object: 'Object Repository/AdminSuiteBootstrap_Pages/Dashboard_Bootstrap/a_HelloWorld3' is clicked on

2024-10-31 21:55:19 - [MESSAGE][PASSED] - Object: 'Object Repository/AdminSuiteBootstrap_Pages/Dashboard_Bootstrap/a_HelloWorld3' is clicked on

2024-10-31 21:55:19 - [TEST_STEP][PASSED] - click(findTestObject(path_VT + "button_Authorization  Capture (Sale)")): Object: 'Object Repository/AdminSuiteBootstrap_Pages/VT_Bootstrap/IssueTransactions/button_Authorization  Capture (Sale)' is clicked on

2024-10-31 21:55:20 - [MESSAGE][PASSED] - Object: 'Object Repository/AdminSuiteBootstrap_Pages/VT_Bootstrap/IssueTransactions/button_Authorization  Capture (Sale)' is clicked on

2024-10-31 21:55:20 - [TEST_STEP][PASSED] - saleKeyboardEntryLink = modifyObjectProperty(findTestObject(path_VT + "a_KeyboardEntry_Sale"), "href", "equals", hrefAppID, true): Modify property of object successfully

2024-10-31 21:55:20 - [MESSAGE][PASSED] - Modify property of object successfully

2024-10-31 21:55:20 - [TEST_STEP][PASSED] - click(saleKeyboardEntryLink): Object: 'Object Repository/AdminSuiteBootstrap_Pages/VT_Bootstrap/IssueTransactions/a_KeyboardEntry_Sale' is clicked on

2024-10-31 21:55:21 - [MESSAGE][PASSED] - Object: 'Object Repository/AdminSuiteBootstrap_Pages/VT_Bootstrap/IssueTransactions/a_KeyboardEntry_Sale' is clicked on

2024-10-31 21:55:21 - [TEST_STEP][PASSED] - verifyTextPresent("Issue Transactions", true): Text 'Issue Transactions' is present on page  using regular expression

2024-10-31 21:55:21 - [MESSAGE][PASSED] - Text 'Issue Transactions' is present on page  using regular expression

2024-10-31 21:55:21 - [TEST_STEP][PASSED] - verifyTextPresent("Credit Card Authorization Capture", true): Text 'Credit Card Authorization Capture' is present on page  using regular expression

2024-10-31 21:55:22 - [MESSAGE][PASSED] - Text 'Credit Card Authorization Capture' is present on page  using regular expression

2024-10-31 21:55:22 - [TEST_STEP][PASSED] - verifyTextPresent("Required fields are highlighted with an asterisk", true): Text 'Required fields are highlighted with an asterisk' is present on page  using regular expression

2024-10-31 21:55:22 - [MESSAGE][PASSED] - Text 'Required fields are highlighted with an asterisk' is present on page  using regular expression

2024-10-31 21:55:22 - [TEST_STEP][PASSED] - verifyTextPresent("Remittance ID", true): Text 'Remittance ID' is present on page  using regular expression

2024-10-31 21:55:23 - [MESSAGE][PASSED] - Text 'Remittance ID' is present on page  using regular expression

2024-10-31 21:55:23 - [TEST_STEP][PASSED] - verifyTextPresent("Bill/Invoice Information", true): Text 'Bill/Invoice Information' is present on page  using regular expression

2024-10-31 21:55:23 - [MESSAGE][PASSED] - Text 'Bill/Invoice Information' is present on page  using regular expression

2024-10-31 21:55:23 - [TEST_STEP][PASSED] - verifyTextPresent("Application: Hello World3", true): Text 'Application: Hello World3' is present on page  using regular expression

2024-10-31 21:55:23 - [MESSAGE][PASSED] - Text 'Application: Hello World3' is present on page  using regular expression

2024-10-31 21:55:23 - [TEST_STEP][PASSED] - verifyElementVisible(findTestObject(path_SaleKB + "input_cardName")): Object 'Object Repository/AdminSuiteBootstrap_Pages/VT_Bootstrap/SaleKeyboard/input_cardName' is visible

2024-10-31 21:55:24 - [MESSAGE][PASSED] - Object 'Object Repository/AdminSuiteBootstrap_Pages/VT_Bootstrap/SaleKeyboard/input_cardName' is visible

2024-10-31 21:55:24 - [TEST_STEP][PASSED] - verifyElementPresent(findTestObject(path_SaleKB + "input_cardName"), 30): Object 'Object Repository/AdminSuiteBootstrap_Pages/VT_Bootstrap/SaleKeyboard/input_cardName' is present

2024-10-31 21:55:24 - [MESSAGE][PASSED] - Object 'Object Repository/AdminSuiteBootstrap_Pages/VT_Bootstrap/SaleKeyboard/input_cardName' is present

2024-10-31 21:55:24 - [TEST_STEP][PASSED] - verifyElementVisible(findTestObject(path_SaleKB + "select_transactionCategory")): Object 'Object Repository/AdminSuiteBootstrap_Pages/VT_Bootstrap/SaleKeyboard/select_transactionCategory' is visible

2024-10-31 21:55:24 - [MESSAGE][PASSED] - Object 'Object Repository/AdminSuiteBootstrap_Pages/VT_Bootstrap/SaleKeyboard/select_transactionCategory' is visible

2024-10-31 21:55:24 - [TEST_STEP][PASSED] - verifyElementPresent(findTestObject(path_SaleKB + "select_transactionCategory"), 30): Object 'Object Repository/AdminSuiteBootstrap_Pages/VT_Bootstrap/SaleKeyboard/select_transactionCategory' is present

2024-10-31 21:55:25 - [MESSAGE][PASSED] - Object 'Object Repository/AdminSuiteBootstrap_Pages/VT_Bootstrap/SaleKeyboard/select_transactionCategory' is present

2024-10-31 21:55:25 - [TEST_STEP][PASSED] - verifyElementPresent(findTestObject(path_SaleKB + "input__cardNumber"), 30): Object 'Object Repository/AdminSuiteBootstrap_Pages/VT_Bootstrap/SaleKeyboard/input__cardNumber' is present

2024-10-31 21:55:25 - [MESSAGE][PASSED] - Object 'Object Repository/AdminSuiteBootstrap_Pages/VT_Bootstrap/SaleKeyboard/input__cardNumber' is present

2024-10-31 21:55:25 - [TEST_STEP][PASSED] - verifyElementPresent(findTestObject(path_SaleKB + "input__cvv"), 30): Object 'Object Repository/AdminSuiteBootstrap_Pages/VT_Bootstrap/SaleKeyboard/input__cvv' is present

2024-10-31 21:55:25 - [MESSAGE][PASSED] - Object 'Object Repository/AdminSuiteBootstrap_Pages/VT_Bootstrap/SaleKeyboard/input__cvv' is present

2024-10-31 21:55:25 - [TEST_STEP][PASSED] - verifyElementVisible(findTestObject(path_SaleKB + "select_MM")): Object 'Object Repository/AdminSuiteBootstrap_Pages/VT_Bootstrap/SaleKeyboard/select_MM' is visible

2024-10-31 21:55:26 - [MESSAGE][PASSED] - Object 'Object Repository/AdminSuiteBootstrap_Pages/VT_Bootstrap/SaleKeyboard/select_MM' is visible

2024-10-31 21:55:26 - [TEST_STEP][PASSED] - verifyElementPresent(findTestObject(path_SaleKB + "select_MM"), 30): Object 'Object Repository/AdminSuiteBootstrap_Pages/VT_Bootstrap/SaleKeyboard/select_MM' is present

2024-10-31 21:55:26 - [MESSAGE][PASSED] - Object 'Object Repository/AdminSuiteBootstrap_Pages/VT_Bootstrap/SaleKeyboard/select_MM' is present

2024-10-31 21:55:26 - [TEST_STEP][PASSED] - verifyElementVisible(findTestObject(path_SaleKB + "select_YYYY")): Object 'Object Repository/AdminSuiteBootstrap_Pages/VT_Bootstrap/SaleKeyboard/select_YYYY' is visible

2024-10-31 21:55:26 - [MESSAGE][PASSED] - Object 'Object Repository/AdminSuiteBootstrap_Pages/VT_Bootstrap/SaleKeyboard/select_YYYY' is visible

2024-10-31 21:55:26 - [TEST_STEP][PASSED] - verifyElementPresent(findTestObject(path_SaleKB + "select_YYYY"), 30): Object 'Object Repository/AdminSuiteBootstrap_Pages/VT_Bootstrap/SaleKeyboard/select_YYYY' is present

2024-10-31 21:55:26 - [MESSAGE][PASSED] - Object 'Object Repository/AdminSuiteBootstrap_Pages/VT_Bootstrap/SaleKeyboard/select_YYYY' is present

2024-10-31 21:55:26 - [TEST_STEP][PASSED] - verifyElementVisible(findTestObject(path_SaleKB + "input__address")): Object 'Object Repository/AdminSuiteBootstrap_Pages/VT_Bootstrap/SaleKeyboard/input__address' is visible

2024-10-31 21:55:27 - [MESSAGE][PASSED] - Object 'Object Repository/AdminSuiteBootstrap_Pages/VT_Bootstrap/SaleKeyboard/input__address' is visible

2024-10-31 21:55:27 - [TEST_STEP][PASSED] - verifyElementPresent(findTestObject(path_SaleKB + "input__address"), 30): Object 'Object Repository/AdminSuiteBootstrap_Pages/VT_Bootstrap/SaleKeyboard/input__address' is present

2024-10-31 21:55:27 - [MESSAGE][PASSED] - Object 'Object Repository/AdminSuiteBootstrap_Pages/VT_Bootstrap/SaleKeyboard/input__address' is present

2024-10-31 21:55:27 - [TEST_STEP][PASSED] - verifyElementVisible(findTestObject(path_SaleKB + "input__address2")): Object 'Object Repository/AdminSuiteBootstrap_Pages/VT_Bootstrap/SaleKeyboard/input__address2' is visible

2024-10-31 21:55:27 - [MESSAGE][PASSED] - Object 'Object Repository/AdminSuiteBootstrap_Pages/VT_Bootstrap/SaleKeyboard/input__address2' is visible

2024-10-31 21:55:27 - [TEST_STEP][PASSED] - verifyElementPresent(findTestObject(path_SaleKB + "input__address2"), 30): Object 'Object Repository/AdminSuiteBootstrap_Pages/VT_Bootstrap/SaleKeyboard/input__address2' is present

2024-10-31 21:55:28 - [MESSAGE][PASSED] - Object 'Object Repository/AdminSuiteBootstrap_Pages/VT_Bootstrap/SaleKeyboard/input__address2' is present

2024-10-31 21:55:28 - [TEST_STEP][PASSED] - verifyElementVisible(findTestObject(path_SaleKB + "select_Country")): Object 'Object Repository/AdminSuiteBootstrap_Pages/VT_Bootstrap/SaleKeyboard/select_Country' is visible

2024-10-31 21:55:28 - [MESSAGE][PASSED] - Object 'Object Repository/AdminSuiteBootstrap_Pages/VT_Bootstrap/SaleKeyboard/select_Country' is visible

2024-10-31 21:55:28 - [TEST_STEP][PASSED] - verifyElementPresent(findTestObject(path_SaleKB + "select_Country"), 30): Object 'Object Repository/AdminSuiteBootstrap_Pages/VT_Bootstrap/SaleKeyboard/select_Country' is present

2024-10-31 21:55:28 - [MESSAGE][PASSED] - Object 'Object Repository/AdminSuiteBootstrap_Pages/VT_Bootstrap/SaleKeyboard/select_Country' is present

2024-10-31 21:55:28 - [TEST_STEP][PASSED] - verifyElementVisible(findTestObject(path_SaleKB + "input__zip")): Object 'Object Repository/AdminSuiteBootstrap_Pages/VT_Bootstrap/SaleKeyboard/input__zip' is visible

2024-10-31 21:55:29 - [MESSAGE][PASSED] - Object 'Object Repository/AdminSuiteBootstrap_Pages/VT_Bootstrap/SaleKeyboard/input__zip' is visible

2024-10-31 21:55:29 - [TEST_STEP][PASSED] - verifyElementPresent(findTestObject(path_SaleKB + "input__zip"), 30): Object 'Object Repository/AdminSuiteBootstrap_Pages/VT_Bootstrap/SaleKeyboard/input__zip' is present

2024-10-31 21:55:29 - [MESSAGE][PASSED] - Object 'Object Repository/AdminSuiteBootstrap_Pages/VT_Bootstrap/SaleKeyboard/input__zip' is present

2024-10-31 21:55:29 - [TEST_STEP][PASSED] - verifyElementVisible(findTestObject(path_SaleKB + "input__city")): Object 'Object Repository/AdminSuiteBootstrap_Pages/VT_Bootstrap/SaleKeyboard/input__city' is visible

2024-10-31 21:55:29 - [MESSAGE][PASSED] - Object 'Object Repository/AdminSuiteBootstrap_Pages/VT_Bootstrap/SaleKeyboard/input__city' is visible

2024-10-31 21:55:29 - [TEST_STEP][PASSED] - verifyElementPresent(findTestObject(path_SaleKB + "input__city"), 30): Object 'Object Repository/AdminSuiteBootstrap_Pages/VT_Bootstrap/SaleKeyboard/input__city' is present

2024-10-31 21:55:30 - [MESSAGE][PASSED] - Object 'Object Repository/AdminSuiteBootstrap_Pages/VT_Bootstrap/SaleKeyboard/input__city' is present

2024-10-31 21:55:30 - [TEST_STEP][PASSED] - verifyElementVisible(findTestObject(path_SaleKB + "select_State")): Object 'Object Repository/AdminSuiteBootstrap_Pages/VT_Bootstrap/SaleKeyboard/select_State' is visible

2024-10-31 21:55:30 - [MESSAGE][PASSED] - Object 'Object Repository/AdminSuiteBootstrap_Pages/VT_Bootstrap/SaleKeyboard/select_State' is visible

2024-10-31 21:55:30 - [TEST_STEP][PASSED] - verifyElementPresent(findTestObject(path_SaleKB + "select_State"), 30): Object 'Object Repository/AdminSuiteBootstrap_Pages/VT_Bootstrap/SaleKeyboard/select_State' is present

2024-10-31 21:55:30 - [MESSAGE][PASSED] - Object 'Object Repository/AdminSuiteBootstrap_Pages/VT_Bootstrap/SaleKeyboard/select_State' is present

2024-10-31 21:55:30 - [TEST_STEP][PASSED] - verifyElementVisible(findTestObject(path_SaleKB + "input_emailAddress")): Object 'Object Repository/AdminSuiteBootstrap_Pages/VT_Bootstrap/SaleKeyboard/input_emailAddress' is visible

2024-10-31 21:55:31 - [MESSAGE][PASSED] - Object 'Object Repository/AdminSuiteBootstrap_Pages/VT_Bootstrap/SaleKeyboard/input_emailAddress' is visible

2024-10-31 21:55:31 - [TEST_STEP][PASSED] - verifyElementPresent(findTestObject(path_SaleKB + "input_emailAddress"), 30): Object 'Object Repository/AdminSuiteBootstrap_Pages/VT_Bootstrap/SaleKeyboard/input_emailAddress' is present

2024-10-31 21:55:31 - [MESSAGE][PASSED] - Object 'Object Repository/AdminSuiteBootstrap_Pages/VT_Bootstrap/SaleKeyboard/input_emailAddress' is present

2024-10-31 21:55:31 - [TEST_STEP][FAILED] - verifyElementVisible(findTestObject(path_SaleKB + "input_smsNumber")): Web element with id: 'Object Repository/AdminSuiteBootstrap_Pages/VT_Bootstrap/SaleKeyboard/input_smsNumber' located by '//*[@type = 'TEXT' and @name = 'smsNumber' and @id = 'smsNumber']' not found (Root cause: com.kms.katalon.core.exception.StepFailedException: Web element with id: 'Object Repository/AdminSuiteBootstrap_Pages/VT_Bootstrap/SaleKeyboard/input_smsNumber' located by '//*[@type = 'TEXT' and @name = 'smsNumber' and @id = 'smsNumber']' not found
	at com.kms.katalon.core.webui.keyword.internal.WebUIKeywordMain.stepFailed(WebUIKeywordMain.groovy:64)
	at com.kms.katalon.core.webui.keyword.builtin.VerifyElementVisibleKeyword$_verifyElementVisible_closure1.doCall(VerifyElementVisibleKeyword.groovy:89)
	at com.kms.katalon.core.webui.keyword.builtin.VerifyElementVisibleKeyword$_verifyElementVisible_closure1.call(VerifyElementVisibleKeyword.groovy)
	at com.kms.katalon.core.webui.keyword.internal.WebUIKeywordMain.runKeyword(WebUIKeywordMain.groovy:20)
	at com.kms.katalon.core.webui.keyword.builtin.VerifyElementVisibleKeyword.verifyElementVisible(VerifyElementVisibleKeyword.groovy:97)
	at com.kms.katalon.core.webui.keyword.builtin.VerifyElementVisibleKeyword.execute(VerifyElementVisibleKeyword.groovy:67)
	at com.kms.katalon.core.keyword.internal.KeywordExecutor.executeKeywordForPlatform(KeywordExecutor.groovy:74)
	at com.kms.katalon.core.webui.keyword.WebUiBuiltInKeywords.verifyElementVisible(WebUiBuiltInKeywords.groovy:376)
	at com.kms.katalon.core.webui.keyword.WebUiBuiltInKeywords$verifyElementVisible$4.call(Unknown Source)
	at VerifySaleKeyboard_UI_1_TC.run(VerifySaleKeyboard_UI_1_TC:92)
	at com.kms.katalon.core.main.ScriptEngine.run(ScriptEngine.java:194)
	at com.kms.katalon.core.main.ScriptEngine.runScriptAsRawText(ScriptEngine.java:119)
	at com.kms.katalon.core.main.TestCaseExecutor.runScript(TestCaseExecutor.java:448)
	at com.kms.katalon.core.main.TestCaseExecutor.doExecute(TestCaseExecutor.java:439)
	at com.kms.katalon.core.main.TestCaseExecutor.processExecutionPhase(TestCaseExecutor.java:418)
	at com.kms.katalon.core.main.TestCaseExecutor.accessMainPhase(TestCaseExecutor.java:410)
	at com.kms.katalon.core.main.TestCaseExecutor.execute(TestCaseExecutor.java:285)
	at com.kms.katalon.core.common.CommonExecutor.accessTestCaseMainPhase(CommonExecutor.java:65)
	at com.kms.katalon.core.main.TestSuiteExecutor.accessTestSuiteMainPhase(TestSuiteExecutor.java:148)
	at com.kms.katalon.core.main.TestSuiteExecutor.execute(TestSuiteExecutor.java:106)
	at com.kms.katalon.core.main.TestCaseMain.startTestSuite(TestCaseMain.java:187)
	at com.kms.katalon.core.main.TestCaseMain$startTestSuite$0.call(Unknown Source)
	at TempTestSuite1730425171054.run(TempTestSuite1730425171054.groovy:35)
)

2024-10-31 21:56:02 - [MESSAGE][INFO] - Unable to find the element located by 'By.xpath: //*[@type = 'TEXT' and @name = 'smsNumber' and @id = 'smsNumber']'. Please recheck the objects properties to make sure the desired element is located. 

2024-10-31 21:56:02 - [MESSAGE][WARNING] - [SELF-HEALING] Failed to find element with id 'Object Repository/AdminSuiteBootstrap_Pages/VT_Bootstrap/SaleKeyboard/input_smsNumber'. Try using Self-healing.

2024-10-31 21:56:03 - [MESSAGE][INFO] - Unable to find the element located by 'By.xpath: //input[@id='smsNumber']'. Please recheck the objects properties to make sure the desired element is located. 

2024-10-31 21:56:04 - [MESSAGE][INFO] - [SELF-HEALING] Failed Locator: '//input[@id='smsNumber']'.

2024-10-31 21:56:04 - [MESSAGE][INFO] - [SELF-HEALING] Failed Locator: '//form[@id='form1']/div/div/div[3]/div[8]/div[2]/div/input'.

2024-10-31 21:56:04 - [MESSAGE][INFO] - [SELF-HEALING] Failed Locator: '//div[8]/div[2]/div/input'.

2024-10-31 21:56:04 - [MESSAGE][INFO] - [SELF-HEALING] Failed Locator: '//input[@id='smsNumber']'.

2024-10-31 21:56:05 - [MESSAGE][INFO] - [SELF-HEALING] Failed Locator: '//form[@id='form1']/div/div/div[3]/div[8]/div[2]/div/input'.

2024-10-31 21:56:05 - [MESSAGE][INFO] - [SELF-HEALING] Failed Locator: '//div[8]/div[2]/div/input'.

2024-10-31 21:56:06 - [MESSAGE][INFO] - Unable to find the element located by 'By.cssSelector: #smsNumber'. Please recheck the objects properties to make sure the desired element is located. 

2024-10-31 21:56:06 - [MESSAGE][FAILED] - Web element with id: 'Object Repository/AdminSuiteBootstrap_Pages/VT_Bootstrap/SaleKeyboard/input_smsNumber' located by '//*[@type = 'TEXT' and @name = 'smsNumber' and @id = 'smsNumber']' not found (Root cause: com.kms.katalon.core.exception.StepFailedException: Web element with id: 'Object Repository/AdminSuiteBootstrap_Pages/VT_Bootstrap/SaleKeyboard/input_smsNumber' located by '//*[@type = 'TEXT' and @name = 'smsNumber' and @id = 'smsNumber']' not found
	at com.kms.katalon.core.webui.keyword.internal.WebUIKeywordMain.stepFailed(WebUIKeywordMain.groovy:64)
	at com.kms.katalon.core.webui.keyword.builtin.VerifyElementVisibleKeyword$_verifyElementVisible_closure1.doCall(VerifyElementVisibleKeyword.groovy:89)
	at com.kms.katalon.core.webui.keyword.builtin.VerifyElementVisibleKeyword$_verifyElementVisible_closure1.call(VerifyElementVisibleKeyword.groovy)
	at com.kms.katalon.core.webui.keyword.internal.WebUIKeywordMain.runKeyword(WebUIKeywordMain.groovy:20)
	at com.kms.katalon.core.webui.keyword.builtin.VerifyElementVisibleKeyword.verifyElementVisible(VerifyElementVisibleKeyword.groovy:97)
	at com.kms.katalon.core.webui.keyword.builtin.VerifyElementVisibleKeyword.execute(VerifyElementVisibleKeyword.groovy:67)
	at com.kms.katalon.core.keyword.internal.KeywordExecutor.executeKeywordForPlatform(KeywordExecutor.groovy:74)
	at com.kms.katalon.core.webui.keyword.WebUiBuiltInKeywords.verifyElementVisible(WebUiBuiltInKeywords.groovy:376)
	at com.kms.katalon.core.webui.keyword.WebUiBuiltInKeywords$verifyElementVisible$4.call(Unknown Source)
	at VerifySaleKeyboard_UI_1_TC.run(VerifySaleKeyboard_UI_1_TC:92)
	at com.kms.katalon.core.main.ScriptEngine.run(ScriptEngine.java:194)
	at com.kms.katalon.core.main.ScriptEngine.runScriptAsRawText(ScriptEngine.java:119)
	at com.kms.katalon.core.main.TestCaseExecutor.runScript(TestCaseExecutor.java:448)
	at com.kms.katalon.core.main.TestCaseExecutor.doExecute(TestCaseExecutor.java:439)
	at com.kms.katalon.core.main.TestCaseExecutor.processExecutionPhase(TestCaseExecutor.java:418)
	at com.kms.katalon.core.main.TestCaseExecutor.accessMainPhase(TestCaseExecutor.java:410)
	at com.kms.katalon.core.main.TestCaseExecutor.execute(TestCaseExecutor.java:285)
	at com.kms.katalon.core.common.CommonExecutor.accessTestCaseMainPhase(CommonExecutor.java:65)
	at com.kms.katalon.core.main.TestSuiteExecutor.accessTestSuiteMainPhase(TestSuiteExecutor.java:148)
	at com.kms.katalon.core.main.TestSuiteExecutor.execute(TestSuiteExecutor.java:106)
	at com.kms.katalon.core.main.TestCaseMain.startTestSuite(TestCaseMain.java:187)
	at com.kms.katalon.core.main.TestCaseMain$startTestSuite$0.call(Unknown Source)
	at TempTestSuite1730425171054.run(TempTestSuite1730425171054.groovy:35)
)
[[ATTACHMENT|E:\\Cloned-Project-Katalon\\VPS-Katalon\\Reports\\20241031_213928\\QA\\VT-Bootstrap\\AdminSuiteBootstrap_UI_TestSuite\\20241031_213931\\1730426166575.png]]

2024-10-31 21:56:06 - [TEST_STEP][FAILED] - verifyElementPresent(findTestObject(path_SaleKB + "input_smsNumber"), 30): com.kms.katalon.core.webui.exception.WebElementNotFoundException: Web element with id: 'Object Repository/AdminSuiteBootstrap_Pages/VT_Bootstrap/SaleKeyboard/input_smsNumber' located by '//*[@type = 'TEXT' and @name = 'smsNumber' and @id = 'smsNumber']' not found (Root cause: com.kms.katalon.core.exception.StepFailedException: com.kms.katalon.core.webui.exception.WebElementNotFoundException: Web element with id: 'Object Repository/AdminSuiteBootstrap_Pages/VT_Bootstrap/SaleKeyboard/input_smsNumber' located by '//*[@type = 'TEXT' and @name = 'smsNumber' and @id = 'smsNumber']' not found
	at com.kms.katalon.core.webui.keyword.internal.WebUIKeywordMain.stepFailed(WebUIKeywordMain.groovy:64)
	at com.kms.katalon.core.webui.keyword.builtin.VerifyElementPresentKeyword$_verifyElementPresent_closure1.doCall(VerifyElementPresentKeyword.groovy:85)
	at com.kms.katalon.core.webui.keyword.builtin.VerifyElementPresentKeyword$_verifyElementPresent_closure1.call(VerifyElementPresentKeyword.groovy)
	at com.kms.katalon.core.webui.keyword.internal.WebUIKeywordMain.runKeyword(WebUIKeywordMain.groovy:20)
	at com.kms.katalon.core.webui.keyword.builtin.VerifyElementPresentKeyword.verifyElementPresent(VerifyElementPresentKeyword.groovy:92)
	at com.kms.katalon.core.webui.keyword.builtin.VerifyElementPresentKeyword.execute(VerifyElementPresentKeyword.groovy:68)
	at com.kms.katalon.core.keyword.internal.KeywordExecutor.executeKeywordForPlatform(KeywordExecutor.groovy:74)
	at com.kms.katalon.core.webui.keyword.WebUiBuiltInKeywords.verifyElementPresent(WebUiBuiltInKeywords.groovy:1464)
	at com.kms.katalon.core.webui.keyword.WebUiBuiltInKeywords$verifyElementPresent$1.call(Unknown Source)
	at VerifySaleKeyboard_UI_1_TC.run(VerifySaleKeyboard_UI_1_TC:93)
	at com.kms.katalon.core.main.ScriptEngine.run(ScriptEngine.java:194)
	at com.kms.katalon.core.main.ScriptEngine.runScriptAsRawText(ScriptEngine.java:119)
	at com.kms.katalon.core.main.TestCaseExecutor.runScript(TestCaseExecutor.java:448)
	at com.kms.katalon.core.main.TestCaseExecutor.doExecute(TestCaseExecutor.java:439)
	at com.kms.katalon.core.main.TestCaseExecutor.processExecutionPhase(TestCaseExecutor.java:418)
	at com.kms.katalon.core.main.TestCaseExecutor.accessMainPhase(TestCaseExecutor.java:410)
	at com.kms.katalon.core.main.TestCaseExecutor.execute(TestCaseExecutor.java:285)
	at com.kms.katalon.core.common.CommonExecutor.accessTestCaseMainPhase(CommonExecutor.java:65)
	at com.kms.katalon.core.main.TestSuiteExecutor.accessTestSuiteMainPhase(TestSuiteExecutor.java:148)
	at com.kms.katalon.core.main.TestSuiteExecutor.execute(TestSuiteExecutor.java:106)
	at com.kms.katalon.core.main.TestCaseMain.startTestSuite(TestCaseMain.java:187)
	at com.kms.katalon.core.main.TestCaseMain$startTestSuite$0.call(Unknown Source)
	at TempTestSuite1730425171054.run(TempTestSuite1730425171054.groovy:35)
)

2024-10-31 21:56:38 - [MESSAGE][INFO] - Unable to find the element located by 'By.xpath: //*[@type = 'TEXT' and @name = 'smsNumber' and @id = 'smsNumber']'. Please recheck the objects properties to make sure the desired element is located. 

2024-10-31 21:56:38 - [MESSAGE][FAILED] - com.kms.katalon.core.webui.exception.WebElementNotFoundException: Web element with id: 'Object Repository/AdminSuiteBootstrap_Pages/VT_Bootstrap/SaleKeyboard/input_smsNumber' located by '//*[@type = 'TEXT' and @name = 'smsNumber' and @id = 'smsNumber']' not found (Root cause: com.kms.katalon.core.exception.StepFailedException: com.kms.katalon.core.webui.exception.WebElementNotFoundException: Web element with id: 'Object Repository/AdminSuiteBootstrap_Pages/VT_Bootstrap/SaleKeyboard/input_smsNumber' located by '//*[@type = 'TEXT' and @name = 'smsNumber' and @id = 'smsNumber']' not found
	at com.kms.katalon.core.webui.keyword.internal.WebUIKeywordMain.stepFailed(WebUIKeywordMain.groovy:64)
	at com.kms.katalon.core.webui.keyword.builtin.VerifyElementPresentKeyword$_verifyElementPresent_closure1.doCall(VerifyElementPresentKeyword.groovy:85)
	at com.kms.katalon.core.webui.keyword.builtin.VerifyElementPresentKeyword$_verifyElementPresent_closure1.call(VerifyElementPresentKeyword.groovy)
	at com.kms.katalon.core.webui.keyword.internal.WebUIKeywordMain.runKeyword(WebUIKeywordMain.groovy:20)
	at com.kms.katalon.core.webui.keyword.builtin.VerifyElementPresentKeyword.verifyElementPresent(VerifyElementPresentKeyword.groovy:92)
	at com.kms.katalon.core.webui.keyword.builtin.VerifyElementPresentKeyword.execute(VerifyElementPresentKeyword.groovy:68)
	at com.kms.katalon.core.keyword.internal.KeywordExecutor.executeKeywordForPlatform(KeywordExecutor.groovy:74)
	at com.kms.katalon.core.webui.keyword.WebUiBuiltInKeywords.verifyElementPresent(WebUiBuiltInKeywords.groovy:1464)
	at com.kms.katalon.core.webui.keyword.WebUiBuiltInKeywords$verifyElementPresent$1.call(Unknown Source)
	at VerifySaleKeyboard_UI_1_TC.run(VerifySaleKeyboard_UI_1_TC:93)
	at com.kms.katalon.core.main.ScriptEngine.run(ScriptEngine.java:194)
	at com.kms.katalon.core.main.ScriptEngine.runScriptAsRawText(ScriptEngine.java:119)
	at com.kms.katalon.core.main.TestCaseExecutor.runScript(TestCaseExecutor.java:448)
	at com.kms.katalon.core.main.TestCaseExecutor.doExecute(TestCaseExecutor.java:439)
	at com.kms.katalon.core.main.TestCaseExecutor.processExecutionPhase(TestCaseExecutor.java:418)
	at com.kms.katalon.core.main.TestCaseExecutor.accessMainPhase(TestCaseExecutor.java:410)
	at com.kms.katalon.core.main.TestCaseExecutor.execute(TestCaseExecutor.java:285)
	at com.kms.katalon.core.common.CommonExecutor.accessTestCaseMainPhase(CommonExecutor.java:65)
	at com.kms.katalon.core.main.TestSuiteExecutor.accessTestSuiteMainPhase(TestSuiteExecutor.java:148)
	at com.kms.katalon.core.main.TestSuiteExecutor.execute(TestSuiteExecutor.java:106)
	at com.kms.katalon.core.main.TestCaseMain.startTestSuite(TestCaseMain.java:187)
	at com.kms.katalon.core.main.TestCaseMain$startTestSuite$0.call(Unknown Source)
	at TempTestSuite1730425171054.run(TempTestSuite1730425171054.groovy:35)
)
[[ATTACHMENT|E:\\Cloned-Project-Katalon\\VPS-Katalon\\Reports\\20241031_213928\\QA\\VT-Bootstrap\\AdminSuiteBootstrap_UI_TestSuite\\20241031_213931\\1730426198056.png]]

2024-10-31 21:56:38 - [TEST_STEP][PASSED] - verifyElementVisible(findTestObject(path_SaleKB + "input_amount")): Object 'Object Repository/AdminSuiteBootstrap_Pages/VT_Bootstrap/SaleKeyboard/input_amount' is visible

2024-10-31 21:56:38 - [MESSAGE][PASSED] - Object 'Object Repository/AdminSuiteBootstrap_Pages/VT_Bootstrap/SaleKeyboard/input_amount' is visible

2024-10-31 21:56:38 - [TEST_STEP][PASSED] - verifyElementPresent(findTestObject(path_SaleKB + "input_amount"), 30): Object 'Object Repository/AdminSuiteBootstrap_Pages/VT_Bootstrap/SaleKeyboard/input_amount' is present

2024-10-31 21:56:38 - [MESSAGE][PASSED] - Object 'Object Repository/AdminSuiteBootstrap_Pages/VT_Bootstrap/SaleKeyboard/input_amount' is present

2024-10-31 21:56:38 - [TEST_STEP][PASSED] - verifyElementVisible(findTestObject(path_SaleKB + "input_convenienceFee")): Object 'Object Repository/AdminSuiteBootstrap_Pages/VT_Bootstrap/SaleKeyboard/input_convenienceFee' is visible

2024-10-31 21:56:39 - [MESSAGE][PASSED] - Object 'Object Repository/AdminSuiteBootstrap_Pages/VT_Bootstrap/SaleKeyboard/input_convenienceFee' is visible

2024-10-31 21:56:39 - [TEST_STEP][PASSED] - verifyElementPresent(findTestObject(path_SaleKB + "input_convenienceFee"), 30): Object 'Object Repository/AdminSuiteBootstrap_Pages/VT_Bootstrap/SaleKeyboard/input_convenienceFee' is present

2024-10-31 21:56:39 - [MESSAGE][PASSED] - Object 'Object Repository/AdminSuiteBootstrap_Pages/VT_Bootstrap/SaleKeyboard/input_convenienceFee' is present

2024-10-31 21:56:39 - [TEST_STEP][PASSED] - verifyElementVisible(findTestObject(path_SaleKB + "input_convenienceFeeType")): Object 'Object Repository/AdminSuiteBootstrap_Pages/VT_Bootstrap/SaleKeyboard/input_convenienceFeeType' is visible

2024-10-31 21:56:39 - [MESSAGE][PASSED] - Object 'Object Repository/AdminSuiteBootstrap_Pages/VT_Bootstrap/SaleKeyboard/input_convenienceFeeType' is visible

2024-10-31 21:56:39 - [TEST_STEP][PASSED] - verifyElementPresent(findTestObject(path_SaleKB + "input_convenienceFeeType"), 30): Object 'Object Repository/AdminSuiteBootstrap_Pages/VT_Bootstrap/SaleKeyboard/input_convenienceFeeType' is present

2024-10-31 21:56:40 - [MESSAGE][PASSED] - Object 'Object Repository/AdminSuiteBootstrap_Pages/VT_Bootstrap/SaleKeyboard/input_convenienceFeeType' is present

2024-10-31 21:56:40 - [TEST_STEP][PASSED] - verifyElementVisible(findTestObject(path_SaleKB + "input_totalAmount")): Object 'Object Repository/AdminSuiteBootstrap_Pages/VT_Bootstrap/SaleKeyboard/input_totalAmount' is visible

2024-10-31 21:56:40 - [MESSAGE][PASSED] - Object 'Object Repository/AdminSuiteBootstrap_Pages/VT_Bootstrap/SaleKeyboard/input_totalAmount' is visible

2024-10-31 21:56:40 - [TEST_STEP][PASSED] - verifyElementPresent(findTestObject(path_SaleKB + "input_totalAmount"), 30): Object 'Object Repository/AdminSuiteBootstrap_Pages/VT_Bootstrap/SaleKeyboard/input_totalAmount' is present

2024-10-31 21:56:40 - [MESSAGE][PASSED] - Object 'Object Repository/AdminSuiteBootstrap_Pages/VT_Bootstrap/SaleKeyboard/input_totalAmount' is present

2024-10-31 21:56:40 - [TEST_STEP][PASSED] - verifyElementVisible(findTestObject(path_SaleKB + "input_userDefined1")): Object 'Object Repository/AdminSuiteBootstrap_Pages/VT_Bootstrap/SaleKeyboard/input_userDefined1' is visible

2024-10-31 21:56:41 - [MESSAGE][PASSED] - Object 'Object Repository/AdminSuiteBootstrap_Pages/VT_Bootstrap/SaleKeyboard/input_userDefined1' is visible

2024-10-31 21:56:41 - [TEST_STEP][PASSED] - verifyElementPresent(findTestObject(path_SaleKB + "input_userDefined1"), 30): Object 'Object Repository/AdminSuiteBootstrap_Pages/VT_Bootstrap/SaleKeyboard/input_userDefined1' is present

2024-10-31 21:56:41 - [MESSAGE][PASSED] - Object 'Object Repository/AdminSuiteBootstrap_Pages/VT_Bootstrap/SaleKeyboard/input_userDefined1' is present

2024-10-31 21:56:41 - [TEST_STEP][PASSED] - verifyElementVisible(findTestObject(path_SaleKB + "input_userDefined2")): Object 'Object Repository/AdminSuiteBootstrap_Pages/VT_Bootstrap/SaleKeyboard/input_userDefined2' is visible

2024-10-31 21:56:41 - [MESSAGE][PASSED] - Object 'Object Repository/AdminSuiteBootstrap_Pages/VT_Bootstrap/SaleKeyboard/input_userDefined2' is visible

2024-10-31 21:56:41 - [TEST_STEP][PASSED] - verifyElementPresent(findTestObject(path_SaleKB + "input_userDefined2"), 30): Object 'Object Repository/AdminSuiteBootstrap_Pages/VT_Bootstrap/SaleKeyboard/input_userDefined2' is present

2024-10-31 21:56:42 - [MESSAGE][PASSED] - Object 'Object Repository/AdminSuiteBootstrap_Pages/VT_Bootstrap/SaleKeyboard/input_userDefined2' is present

2024-10-31 21:56:42 - [TEST_STEP][PASSED] - verifyElementVisible(findTestObject(path_SaleKB + "input_userDefined3")): Object 'Object Repository/AdminSuiteBootstrap_Pages/VT_Bootstrap/SaleKeyboard/input_userDefined3' is visible

2024-10-31 21:56:42 - [MESSAGE][PASSED] - Object 'Object Repository/AdminSuiteBootstrap_Pages/VT_Bootstrap/SaleKeyboard/input_userDefined3' is visible

2024-10-31 21:56:42 - [TEST_STEP][PASSED] - verifyElementPresent(findTestObject(path_SaleKB + "input_userDefined3"), 30): Object 'Object Repository/AdminSuiteBootstrap_Pages/VT_Bootstrap/SaleKeyboard/input_userDefined3' is present

2024-10-31 21:56:42 - [MESSAGE][PASSED] - Object 'Object Repository/AdminSuiteBootstrap_Pages/VT_Bootstrap/SaleKeyboard/input_userDefined3' is present

2024-10-31 21:56:42 - [TEST_STEP][PASSED] - verifyElementVisible(findTestObject(path_SaleKB + "input_userDefined4")): Object 'Object Repository/AdminSuiteBootstrap_Pages/VT_Bootstrap/SaleKeyboard/input_userDefined4' is visible

2024-10-31 21:56:43 - [MESSAGE][PASSED] - Object 'Object Repository/AdminSuiteBootstrap_Pages/VT_Bootstrap/SaleKeyboard/input_userDefined4' is visible

2024-10-31 21:56:43 - [TEST_STEP][PASSED] - verifyElementPresent(findTestObject(path_SaleKB + "input_userDefined4"), 30): Object 'Object Repository/AdminSuiteBootstrap_Pages/VT_Bootstrap/SaleKeyboard/input_userDefined4' is present

2024-10-31 21:56:43 - [MESSAGE][PASSED] - Object 'Object Repository/AdminSuiteBootstrap_Pages/VT_Bootstrap/SaleKeyboard/input_userDefined4' is present

2024-10-31 21:56:43 - [TEST_STEP][PASSED] - verifyElementVisible(findTestObject(path_SaleKB + "select_UDF5_DropDown")): Object 'Object Repository/AdminSuiteBootstrap_Pages/VT_Bootstrap/SaleKeyboard/select_UDF5_DropDown' is visible

2024-10-31 21:56:43 - [MESSAGE][PASSED] - Object 'Object Repository/AdminSuiteBootstrap_Pages/VT_Bootstrap/SaleKeyboard/select_UDF5_DropDown' is visible

2024-10-31 21:56:43 - [TEST_STEP][PASSED] - verifyElementPresent(findTestObject(path_SaleKB + "select_UDF5_DropDown"), 30): Object 'Object Repository/AdminSuiteBootstrap_Pages/VT_Bootstrap/SaleKeyboard/select_UDF5_DropDown' is present

2024-10-31 21:56:44 - [MESSAGE][PASSED] - Object 'Object Repository/AdminSuiteBootstrap_Pages/VT_Bootstrap/SaleKeyboard/select_UDF5_DropDown' is present

2024-10-31 21:56:44 - [TEST_STEP][PASSED] - verifyElementVisible(findTestObject(path_SaleKB + "select_UDF6_DropDown")): Object 'Object Repository/AdminSuiteBootstrap_Pages/VT_Bootstrap/SaleKeyboard/select_UDF6_DropDown' is visible

2024-10-31 21:56:44 - [MESSAGE][PASSED] - Object 'Object Repository/AdminSuiteBootstrap_Pages/VT_Bootstrap/SaleKeyboard/select_UDF6_DropDown' is visible

2024-10-31 21:56:44 - [TEST_STEP][PASSED] - verifyElementPresent(findTestObject(path_SaleKB + "select_UDF6_DropDown"), 30): Object 'Object Repository/AdminSuiteBootstrap_Pages/VT_Bootstrap/SaleKeyboard/select_UDF6_DropDown' is present

2024-10-31 21:56:44 - [MESSAGE][PASSED] - Object 'Object Repository/AdminSuiteBootstrap_Pages/VT_Bootstrap/SaleKeyboard/select_UDF6_DropDown' is present

2024-10-31 21:56:44 - [TEST_STEP][PASSED] - verifyElementVisible(findTestObject(path_SaleKB + "input_userDefined7")): Object 'Object Repository/AdminSuiteBootstrap_Pages/VT_Bootstrap/SaleKeyboard/input_userDefined7' is visible

2024-10-31 21:56:45 - [MESSAGE][PASSED] - Object 'Object Repository/AdminSuiteBootstrap_Pages/VT_Bootstrap/SaleKeyboard/input_userDefined7' is visible

2024-10-31 21:56:45 - [TEST_STEP][PASSED] - verifyElementPresent(findTestObject(path_SaleKB + "input_userDefined7"), 30): Object 'Object Repository/AdminSuiteBootstrap_Pages/VT_Bootstrap/SaleKeyboard/input_userDefined7' is present

2024-10-31 21:56:45 - [MESSAGE][PASSED] - Object 'Object Repository/AdminSuiteBootstrap_Pages/VT_Bootstrap/SaleKeyboard/input_userDefined7' is present

2024-10-31 21:56:45 - [TEST_STEP][PASSED] - verifyElementVisible(findTestObject(path_SaleKB + "input_userDefined8")): Object 'Object Repository/AdminSuiteBootstrap_Pages/VT_Bootstrap/SaleKeyboard/input_userDefined8' is visible

2024-10-31 21:56:45 - [MESSAGE][PASSED] - Object 'Object Repository/AdminSuiteBootstrap_Pages/VT_Bootstrap/SaleKeyboard/input_userDefined8' is visible

2024-10-31 21:56:45 - [TEST_STEP][PASSED] - verifyElementPresent(findTestObject(path_SaleKB + "input_userDefined8"), 30): Object 'Object Repository/AdminSuiteBootstrap_Pages/VT_Bootstrap/SaleKeyboard/input_userDefined8' is present

2024-10-31 21:56:46 - [MESSAGE][PASSED] - Object 'Object Repository/AdminSuiteBootstrap_Pages/VT_Bootstrap/SaleKeyboard/input_userDefined8' is present

2024-10-31 21:56:46 - [TEST_STEP][PASSED] - verifyElementVisible(findTestObject(path_SaleKB + "input_userDefined9")): Object 'Object Repository/AdminSuiteBootstrap_Pages/VT_Bootstrap/SaleKeyboard/input_userDefined9' is visible

2024-10-31 21:56:46 - [MESSAGE][PASSED] - Object 'Object Repository/AdminSuiteBootstrap_Pages/VT_Bootstrap/SaleKeyboard/input_userDefined9' is visible

2024-10-31 21:56:46 - [TEST_STEP][PASSED] - verifyElementPresent(findTestObject(path_SaleKB + "input_userDefined9"), 30): Object 'Object Repository/AdminSuiteBootstrap_Pages/VT_Bootstrap/SaleKeyboard/input_userDefined9' is present

2024-10-31 21:56:46 - [MESSAGE][PASSED] - Object 'Object Repository/AdminSuiteBootstrap_Pages/VT_Bootstrap/SaleKeyboard/input_userDefined9' is present

2024-10-31 21:56:46 - [TEST_STEP][PASSED] - verifyElementVisible(findTestObject(path_SaleKB + "input_userDefined10")): Object 'Object Repository/AdminSuiteBootstrap_Pages/VT_Bootstrap/SaleKeyboard/input_userDefined10' is visible

2024-10-31 21:56:47 - [MESSAGE][PASSED] - Object 'Object Repository/AdminSuiteBootstrap_Pages/VT_Bootstrap/SaleKeyboard/input_userDefined10' is visible

2024-10-31 21:56:47 - [TEST_STEP][PASSED] - verifyElementPresent(findTestObject(path_SaleKB + "input_userDefined10"), 30): Object 'Object Repository/AdminSuiteBootstrap_Pages/VT_Bootstrap/SaleKeyboard/input_userDefined10' is present

2024-10-31 21:56:47 - [MESSAGE][PASSED] - Object 'Object Repository/AdminSuiteBootstrap_Pages/VT_Bootstrap/SaleKeyboard/input_userDefined10' is present

2024-10-31 21:56:47 - [TEST_STEP][PASSED] - verifyElementVisible(findTestObject(path_SaleKB + "button_Submit")): Object 'Object Repository/AdminSuiteBootstrap_Pages/VT_Bootstrap/SaleKeyboard/button_Submit' is visible

2024-10-31 21:56:47 - [MESSAGE][PASSED] - Object 'Object Repository/AdminSuiteBootstrap_Pages/VT_Bootstrap/SaleKeyboard/button_Submit' is visible

2024-10-31 21:56:47 - [TEST_STEP][PASSED] - verifyElementPresent(findTestObject(path_SaleKB + "button_Submit"), 30): Object 'Object Repository/AdminSuiteBootstrap_Pages/VT_Bootstrap/SaleKeyboard/button_Submit' is present

2024-10-31 21:56:48 - [MESSAGE][PASSED] - Object 'Object Repository/AdminSuiteBootstrap_Pages/VT_Bootstrap/SaleKeyboard/button_Submit' is present

2024-10-31 21:56:48 - [TEST_STEP][PASSED] - verifyElementVisible(findTestObject(path_SaleKB + "button_Reset")): Object 'Object Repository/AdminSuiteBootstrap_Pages/VT_Bootstrap/SaleKeyboard/button_Reset' is visible

2024-10-31 21:56:48 - [MESSAGE][PASSED] - Object 'Object Repository/AdminSuiteBootstrap_Pages/VT_Bootstrap/SaleKeyboard/button_Reset' is visible

2024-10-31 21:56:48 - [TEST_STEP][PASSED] - verifyElementPresent(findTestObject(path_SaleKB + "button_Reset"), 30): Object 'Object Repository/AdminSuiteBootstrap_Pages/VT_Bootstrap/SaleKeyboard/button_Reset' is present

2024-10-31 21:56:48 - [MESSAGE][PASSED] - Object 'Object Repository/AdminSuiteBootstrap_Pages/VT_Bootstrap/SaleKeyboard/button_Reset' is present]]></system-out>
         <system-err><![CDATA[2024-10-31 21:55:03 - [TEST_CASE][FAILED] - Test Cases/Admin Suite Bootstrap/VT_TestCases/VerifySaleKeyboard_UI_1_TC: Test Cases/Admin Suite Bootstrap/VT_TestCases/VerifySaleKeyboard_UI_1_TC FAILED.
Reason:
com.kms.katalon.core.exception.StepFailedException: Web element with id: 'Object Repository/AdminSuiteBootstrap_Pages/VT_Bootstrap/SaleKeyboard/input_smsNumber' located by '//*[@type = 'TEXT' and @name = 'smsNumber' and @id = 'smsNumber']' not found (Root cause: com.kms.katalon.core.exception.StepFailedException: Web element with id: 'Object Repository/AdminSuiteBootstrap_Pages/VT_Bootstrap/SaleKeyboard/input_smsNumber' located by '//*[@type = 'TEXT' and @name = 'smsNumber' and @id = 'smsNumber']' not found
	at com.kms.katalon.core.webui.keyword.internal.WebUIKeywordMain.stepFailed(WebUIKeywordMain.groovy:64)
	at com.kms.katalon.core.webui.keyword.builtin.VerifyElementVisibleKeyword$_verifyElementVisible_closure1.doCall(VerifyElementVisibleKeyword.groovy:89)
	at com.kms.katalon.core.webui.keyword.builtin.VerifyElementVisibleKeyword$_verifyElementVisible_closure1.call(VerifyElementVisibleKeyword.groovy)
	at com.kms.katalon.core.webui.keyword.internal.WebUIKeywordMain.runKeyword(WebUIKeywordMain.groovy:20)
	at com.kms.katalon.core.webui.keyword.builtin.VerifyElementVisibleKeyword.verifyElementVisible(VerifyElementVisibleKeyword.groovy:97)
	at com.kms.katalon.core.webui.keyword.builtin.VerifyElementVisibleKeyword.execute(VerifyElementVisibleKeyword.groovy:67)
	at com.kms.katalon.core.keyword.internal.KeywordExecutor.executeKeywordForPlatform(KeywordExecutor.groovy:74)
	at com.kms.katalon.core.webui.keyword.WebUiBuiltInKeywords.verifyElementVisible(WebUiBuiltInKeywords.groovy:376)
	at com.kms.katalon.core.webui.keyword.WebUiBuiltInKeywords$verifyElementVisible$4.call(Unknown Source)
	at VerifySaleKeyboard_UI_1_TC.run(VerifySaleKeyboard_UI_1_TC:92)
	at com.kms.katalon.core.main.ScriptEngine.run(ScriptEngine.java:194)
	at com.kms.katalon.core.main.ScriptEngine.runScriptAsRawText(ScriptEngine.java:119)
	at com.kms.katalon.core.main.TestCaseExecutor.runScript(TestCaseExecutor.java:448)
	at com.kms.katalon.core.main.TestCaseExecutor.doExecute(TestCaseExecutor.java:439)
	at com.kms.katalon.core.main.TestCaseExecutor.processExecutionPhase(TestCaseExecutor.java:418)
	at com.kms.katalon.core.main.TestCaseExecutor.accessMainPhase(TestCaseExecutor.java:410)
	at com.kms.katalon.core.main.TestCaseExecutor.execute(TestCaseExecutor.java:285)
	at com.kms.katalon.core.common.CommonExecutor.accessTestCaseMainPhase(CommonExecutor.java:65)
	at com.kms.katalon.core.main.TestSuiteExecutor.accessTestSuiteMainPhase(TestSuiteExecutor.java:148)
	at com.kms.katalon.core.main.TestSuiteExecutor.execute(TestSuiteExecutor.java:106)
	at com.kms.katalon.core.main.TestCaseMain.startTestSuite(TestCaseMain.java:187)
	at com.kms.katalon.core.main.TestCaseMain$startTestSuite$0.call(Unknown Source)
	at TempTestSuite1730425171054.run(TempTestSuite1730425171054.groovy:35)
)
	at com.kms.katalon.core.keyword.internal.KeywordMain.stepFailed(KeywordMain.groovy:39)
	at com.kms.katalon.core.webui.keyword.internal.WebUIKeywordMain.stepFailed(WebUIKeywordMain.groovy:64)
	at com.kms.katalon.core.webui.keyword.builtin.VerifyElementVisibleKeyword$_verifyElementVisible_closure1.doCall(VerifyElementVisibleKeyword.groovy:89)
	at com.kms.katalon.core.webui.keyword.builtin.VerifyElementVisibleKeyword$_verifyElementVisible_closure1.call(VerifyElementVisibleKeyword.groovy)
	at com.kms.katalon.core.webui.keyword.internal.WebUIKeywordMain.runKeyword(WebUIKeywordMain.groovy:20)
	at com.kms.katalon.core.webui.keyword.builtin.VerifyElementVisibleKeyword.verifyElementVisible(VerifyElementVisibleKeyword.groovy:97)
	at com.kms.katalon.core.webui.keyword.builtin.VerifyElementVisibleKeyword.execute(VerifyElementVisibleKeyword.groovy:67)
	at com.kms.katalon.core.keyword.internal.KeywordExecutor.executeKeywordForPlatform(KeywordExecutor.groovy:74)
	at com.kms.katalon.core.webui.keyword.WebUiBuiltInKeywords.verifyElementVisible(WebUiBuiltInKeywords.groovy:376)
	at com.kms.katalon.core.webui.keyword.WebUiBuiltInKeywords$verifyElementVisible$4.call(Unknown Source)
	at VerifySaleKeyboard_UI_1_TC.run(VerifySaleKeyboard_UI_1_TC:92)
	at com.kms.katalon.core.main.ScriptEngine.run(ScriptEngine.java:194)
	at com.kms.katalon.core.main.ScriptEngine.runScriptAsRawText(ScriptEngine.java:119)
	at com.kms.katalon.core.main.TestCaseExecutor.runScript(TestCaseExecutor.java:448)
	at com.kms.katalon.core.main.TestCaseExecutor.doExecute(TestCaseExecutor.java:439)
	at com.kms.katalon.core.main.TestCaseExecutor.processExecutionPhase(TestCaseExecutor.java:418)
	at com.kms.katalon.core.main.TestCaseExecutor.accessMainPhase(TestCaseExecutor.java:410)
	at com.kms.katalon.core.main.TestCaseExecutor.execute(TestCaseExecutor.java:285)
	at com.kms.katalon.core.common.CommonExecutor.accessTestCaseMainPhase(CommonExecutor.java:65)
	at com.kms.katalon.core.main.TestSuiteExecutor.accessTestSuiteMainPhase(TestSuiteExecutor.java:148)
	at com.kms.katalon.core.main.TestSuiteExecutor.execute(TestSuiteExecutor.java:106)
	at com.kms.katalon.core.main.TestCaseMain.startTestSuite(TestCaseMain.java:187)
	at com.kms.katalon.core.main.TestCaseMain$startTestSuite$0.call(Unknown Source)
	at TempTestSuite1730425171054.run(TempTestSuite1730425171054.groovy:35)
Caused by: com.kms.katalon.core.exception.StepFailedException: Web element with id: 'Object Repository/AdminSuiteBootstrap_Pages/VT_Bootstrap/SaleKeyboard/input_smsNumber' located by '//*[@type = 'TEXT' and @name = 'smsNumber' and @id = 'smsNumber']' not found
	... 23 more]]></system-err>
      </testcase>
      <testcase name="Test Cases/Admin Suite Bootstrap/VT_TestCases/VerifyAuthOnlyKeyboard_UI_1_TC" time="104.909" classname="Test Cases/Admin Suite Bootstrap/VT_TestCases/VerifyAuthOnlyKeyboard_UI_1_TC" status="FAILED">
         <failure type="FAILED" message="Test Cases/Admin Suite Bootstrap/VT_TestCases/VerifyAuthOnlyKeyboard_UI_1_TC FAILED.
Reason:
com.kms.katalon.core.exception.StepFailedException: Web element with id: 'Object Repository/AdminSuiteBootstrap_Pages/VT_Bootstrap/SaleKeyboard/input_smsNumber' located by '//*[@type = 'TEXT' and @name = 'smsNumber' and @id = 'smsNumber']' not found (Root cause: com.kms.katalon.core.exception.StepFailedException: Web element with id: 'Object Repository/AdminSuiteBootstrap_Pages/VT_Bootstrap/SaleKeyboard/input_smsNumber' located by '//*[@type = 'TEXT' and @name = 'smsNumber' and @id = 'smsNumber']' not found
	at com.kms.katalon.core.webui.keyword.internal.WebUIKeywordMain.stepFailed(WebUIKeywordMain.groovy:64)
	at com.kms.katalon.core.webui.keyword.builtin.VerifyElementVisibleKeyword$_verifyElementVisible_closure1.doCall(VerifyElementVisibleKeyword.groovy:89)
	at com.kms.katalon.core.webui.keyword.builtin.VerifyElementVisibleKeyword$_verifyElementVisible_closure1.call(VerifyElementVisibleKeyword.groovy)
	at com.kms.katalon.core.webui.keyword.internal.WebUIKeywordMain.runKeyword(WebUIKeywordMain.groovy:20)
	at com.kms.katalon.core.webui.keyword.builtin.VerifyElementVisibleKeyword.verifyElementVisible(VerifyElementVisibleKeyword.groovy:97)
	at com.kms.katalon.core.webui.keyword.builtin.VerifyElementVisibleKeyword.execute(VerifyElementVisibleKeyword.groovy:67)
	at com.kms.katalon.core.keyword.internal.KeywordExecutor.executeKeywordForPlatform(KeywordExecutor.groovy:74)
	at com.kms.katalon.core.webui.keyword.WebUiBuiltInKeywords.verifyElementVisible(WebUiBuiltInKeywords.groovy:376)
	at com.kms.katalon.core.webui.keyword.WebUiBuiltInKeywords$verifyElementVisible$4.call(Unknown Source)
	at VerifyAuthOnlyKeyboard_UI_1_TC.run(VerifyAuthOnlyKeyboard_UI_1_TC:92)
	at com.kms.katalon.core.main.ScriptEngine.run(ScriptEngine.java:194)
	at com.kms.katalon.core.main.ScriptEngine.runScriptAsRawText(ScriptEngine.java:119)
	at com.kms.katalon.core.main.TestCaseExecutor.runScript(TestCaseExecutor.java:448)
	at com.kms.katalon.core.main.TestCaseExecutor.doExecute(TestCaseExecutor.java:439)
	at com.kms.katalon.core.main.TestCaseExecutor.processExecutionPhase(TestCaseExecutor.java:418)
	at com.kms.katalon.core.main.TestCaseExecutor.accessMainPhase(TestCaseExecutor.java:410)
	at com.kms.katalon.core.main.TestCaseExecutor.execute(TestCaseExecutor.java:285)
	at com.kms.katalon.core.common.CommonExecutor.accessTestCaseMainPhase(CommonExecutor.java:65)
	at com.kms.katalon.core.main.TestSuiteExecutor.accessTestSuiteMainPhase(TestSuiteExecutor.java:148)
	at com.kms.katalon.core.main.TestSuiteExecutor.execute(TestSuiteExecutor.java:106)
	at com.kms.katalon.core.main.TestCaseMain.startTestSuite(TestCaseMain.java:187)
	at com.kms.katalon.core.main.TestCaseMain$startTestSuite$0.call(Unknown Source)
	at TempTestSuite1730425171054.run(TempTestSuite1730425171054.groovy:35)
)
	at com.kms.katalon.core.keyword.internal.KeywordMain.stepFailed(KeywordMain.groovy:39)
	at com.kms.katalon.core.webui.keyword.internal.WebUIKeywordMain.stepFailed(WebUIKeywordMain.groovy:64)
	at com.kms.katalon.core.webui.keyword.builtin.VerifyElementVisibleKeyword$_verifyElementVisible_closure1.doCall(VerifyElementVisibleKeyword.groovy:89)
	at com.kms.katalon.core.webui.keyword.builtin.VerifyElementVisibleKeyword$_verifyElementVisible_closure1.call(VerifyElementVisibleKeyword.groovy)
	at com.kms.katalon.core.webui.keyword.internal.WebUIKeywordMain.runKeyword(WebUIKeywordMain.groovy:20)
	at com.kms.katalon.core.webui.keyword.builtin.VerifyElementVisibleKeyword.verifyElementVisible(VerifyElementVisibleKeyword.groovy:97)
	at com.kms.katalon.core.webui.keyword.builtin.VerifyElementVisibleKeyword.execute(VerifyElementVisibleKeyword.groovy:67)
	at com.kms.katalon.core.keyword.internal.KeywordExecutor.executeKeywordForPlatform(KeywordExecutor.groovy:74)
	at com.kms.katalon.core.webui.keyword.WebUiBuiltInKeywords.verifyElementVisible(WebUiBuiltInKeywords.groovy:376)
	at com.kms.katalon.core.webui.keyword.WebUiBuiltInKeywords$verifyElementVisible$4.call(Unknown Source)
	at VerifyAuthOnlyKeyboard_UI_1_TC.run(VerifyAuthOnlyKeyboard_UI_1_TC:92)
	at com.kms.katalon.core.main.ScriptEngine.run(ScriptEngine.java:194)
	at com.kms.katalon.core.main.ScriptEngine.runScriptAsRawText(ScriptEngine.java:119)
	at com.kms.katalon.core.main.TestCaseExecutor.runScript(TestCaseExecutor.java:448)
	at com.kms.katalon.core.main.TestCaseExecutor.doExecute(TestCaseExecutor.java:439)
	at com.kms.katalon.core.main.TestCaseExecutor.processExecutionPhase(TestCaseExecutor.java:418)
	at com.kms.katalon.core.main.TestCaseExecutor.accessMainPhase(TestCaseExecutor.java:410)
	at com.kms.katalon.core.main.TestCaseExecutor.execute(TestCaseExecutor.java:285)
	at com.kms.katalon.core.common.CommonExecutor.accessTestCaseMainPhase(CommonExecutor.java:65)
	at com.kms.katalon.core.main.TestSuiteExecutor.accessTestSuiteMainPhase(TestSuiteExecutor.java:148)
	at com.kms.katalon.core.main.TestSuiteExecutor.execute(TestSuiteExecutor.java:106)
	at com.kms.katalon.core.main.TestCaseMain.startTestSuite(TestCaseMain.java:187)
	at com.kms.katalon.core.main.TestCaseMain$startTestSuite$0.call(Unknown Source)
	at TempTestSuite1730425171054.run(TempTestSuite1730425171054.groovy:35)
Caused by: com.kms.katalon.core.exception.StepFailedException: Web element with id: 'Object Repository/AdminSuiteBootstrap_Pages/VT_Bootstrap/SaleKeyboard/input_smsNumber' located by '//*[@type = 'TEXT' and @name = 'smsNumber' and @id = 'smsNumber']' not found
	... 23 more
"/>
         <system-out><![CDATA[2024-10-31 21:56:48 - [TEST_CASE][FAILED] - Test Cases/Admin Suite Bootstrap/VT_TestCases/VerifyAuthOnlyKeyboard_UI_1_TC: Test Cases/Admin Suite Bootstrap/VT_TestCases/VerifyAuthOnlyKeyboard_UI_1_TC FAILED.
Reason:
com.kms.katalon.core.exception.StepFailedException: Web element with id: 'Object Repository/AdminSuiteBootstrap_Pages/VT_Bootstrap/SaleKeyboard/input_smsNumber' located by '//*[@type = 'TEXT' and @name = 'smsNumber' and @id = 'smsNumber']' not found (Root cause: com.kms.katalon.core.exception.StepFailedException: Web element with id: 'Object Repository/AdminSuiteBootstrap_Pages/VT_Bootstrap/SaleKeyboard/input_smsNumber' located by '//*[@type = 'TEXT' and @name = 'smsNumber' and @id = 'smsNumber']' not found
	at com.kms.katalon.core.webui.keyword.internal.WebUIKeywordMain.stepFailed(WebUIKeywordMain.groovy:64)
	at com.kms.katalon.core.webui.keyword.builtin.VerifyElementVisibleKeyword$_verifyElementVisible_closure1.doCall(VerifyElementVisibleKeyword.groovy:89)
	at com.kms.katalon.core.webui.keyword.builtin.VerifyElementVisibleKeyword$_verifyElementVisible_closure1.call(VerifyElementVisibleKeyword.groovy)
	at com.kms.katalon.core.webui.keyword.internal.WebUIKeywordMain.runKeyword(WebUIKeywordMain.groovy:20)
	at com.kms.katalon.core.webui.keyword.builtin.VerifyElementVisibleKeyword.verifyElementVisible(VerifyElementVisibleKeyword.groovy:97)
	at com.kms.katalon.core.webui.keyword.builtin.VerifyElementVisibleKeyword.execute(VerifyElementVisibleKeyword.groovy:67)
	at com.kms.katalon.core.keyword.internal.KeywordExecutor.executeKeywordForPlatform(KeywordExecutor.groovy:74)
	at com.kms.katalon.core.webui.keyword.WebUiBuiltInKeywords.verifyElementVisible(WebUiBuiltInKeywords.groovy:376)
	at com.kms.katalon.core.webui.keyword.WebUiBuiltInKeywords$verifyElementVisible$4.call(Unknown Source)
	at VerifyAuthOnlyKeyboard_UI_1_TC.run(VerifyAuthOnlyKeyboard_UI_1_TC:92)
	at com.kms.katalon.core.main.ScriptEngine.run(ScriptEngine.java:194)
	at com.kms.katalon.core.main.ScriptEngine.runScriptAsRawText(ScriptEngine.java:119)
	at com.kms.katalon.core.main.TestCaseExecutor.runScript(TestCaseExecutor.java:448)
	at com.kms.katalon.core.main.TestCaseExecutor.doExecute(TestCaseExecutor.java:439)
	at com.kms.katalon.core.main.TestCaseExecutor.processExecutionPhase(TestCaseExecutor.java:418)
	at com.kms.katalon.core.main.TestCaseExecutor.accessMainPhase(TestCaseExecutor.java:410)
	at com.kms.katalon.core.main.TestCaseExecutor.execute(TestCaseExecutor.java:285)
	at com.kms.katalon.core.common.CommonExecutor.accessTestCaseMainPhase(CommonExecutor.java:65)
	at com.kms.katalon.core.main.TestSuiteExecutor.accessTestSuiteMainPhase(TestSuiteExecutor.java:148)
	at com.kms.katalon.core.main.TestSuiteExecutor.execute(TestSuiteExecutor.java:106)
	at com.kms.katalon.core.main.TestCaseMain.startTestSuite(TestCaseMain.java:187)
	at com.kms.katalon.core.main.TestCaseMain$startTestSuite$0.call(Unknown Source)
	at TempTestSuite1730425171054.run(TempTestSuite1730425171054.groovy:35)
)
	at com.kms.katalon.core.keyword.internal.KeywordMain.stepFailed(KeywordMain.groovy:39)
	at com.kms.katalon.core.webui.keyword.internal.WebUIKeywordMain.stepFailed(WebUIKeywordMain.groovy:64)
	at com.kms.katalon.core.webui.keyword.builtin.VerifyElementVisibleKeyword$_verifyElementVisible_closure1.doCall(VerifyElementVisibleKeyword.groovy:89)
	at com.kms.katalon.core.webui.keyword.builtin.VerifyElementVisibleKeyword$_verifyElementVisible_closure1.call(VerifyElementVisibleKeyword.groovy)
	at com.kms.katalon.core.webui.keyword.internal.WebUIKeywordMain.runKeyword(WebUIKeywordMain.groovy:20)
	at com.kms.katalon.core.webui.keyword.builtin.VerifyElementVisibleKeyword.verifyElementVisible(VerifyElementVisibleKeyword.groovy:97)
	at com.kms.katalon.core.webui.keyword.builtin.VerifyElementVisibleKeyword.execute(VerifyElementVisibleKeyword.groovy:67)
	at com.kms.katalon.core.keyword.internal.KeywordExecutor.executeKeywordForPlatform(KeywordExecutor.groovy:74)
	at com.kms.katalon.core.webui.keyword.WebUiBuiltInKeywords.verifyElementVisible(WebUiBuiltInKeywords.groovy:376)
	at com.kms.katalon.core.webui.keyword.WebUiBuiltInKeywords$verifyElementVisible$4.call(Unknown Source)
	at VerifyAuthOnlyKeyboard_UI_1_TC.run(VerifyAuthOnlyKeyboard_UI_1_TC:92)
	at com.kms.katalon.core.main.ScriptEngine.run(ScriptEngine.java:194)
	at com.kms.katalon.core.main.ScriptEngine.runScriptAsRawText(ScriptEngine.java:119)
	at com.kms.katalon.core.main.TestCaseExecutor.runScript(TestCaseExecutor.java:448)
	at com.kms.katalon.core.main.TestCaseExecutor.doExecute(TestCaseExecutor.java:439)
	at com.kms.katalon.core.main.TestCaseExecutor.processExecutionPhase(TestCaseExecutor.java:418)
	at com.kms.katalon.core.main.TestCaseExecutor.accessMainPhase(TestCaseExecutor.java:410)
	at com.kms.katalon.core.main.TestCaseExecutor.execute(TestCaseExecutor.java:285)
	at com.kms.katalon.core.common.CommonExecutor.accessTestCaseMainPhase(CommonExecutor.java:65)
	at com.kms.katalon.core.main.TestSuiteExecutor.accessTestSuiteMainPhase(TestSuiteExecutor.java:148)
	at com.kms.katalon.core.main.TestSuiteExecutor.execute(TestSuiteExecutor.java:106)
	at com.kms.katalon.core.main.TestCaseMain.startTestSuite(TestCaseMain.java:187)
	at com.kms.katalon.core.main.TestCaseMain$startTestSuite$0.call(Unknown Source)
	at TempTestSuite1730425171054.run(TempTestSuite1730425171054.groovy:35)
Caused by: com.kms.katalon.core.exception.StepFailedException: Web element with id: 'Object Repository/AdminSuiteBootstrap_Pages/VT_Bootstrap/SaleKeyboard/input_smsNumber' located by '//*[@type = 'TEXT' and @name = 'smsNumber' and @id = 'smsNumber']' not found
	... 23 more


2024-10-31 21:56:49 - [TEST_STEP][PASSED] - path_Dashboard = "Object Repository/AdminSuiteBootstrap_Pages/Dashboard_Bootstrap/": null

2024-10-31 21:56:49 - [TEST_STEP][PASSED] - path_VT = "Object Repository/AdminSuiteBootstrap_Pages/VT_Bootstrap/IssueTransactions/": null

2024-10-31 21:56:49 - [TEST_STEP][PASSED] - path_SaleKB = "Object Repository/AdminSuiteBootstrap_Pages/VT_Bootstrap/SaleKeyboard/": null

2024-10-31 21:56:49 - [TEST_STEP][PASSED] - appliID = "238": null

2024-10-31 21:56:49 - [TEST_STEP][PASSED] - li_1 = "/admin/imtiaz/bootstrap/vpos/": null

2024-10-31 21:56:49 - [TEST_STEP][PASSED] - li_2 = "/transactions/AuthOnlyForm/": null

2024-10-31 21:56:49 - [TEST_STEP][PASSED] - hrefAppID = li_1 + appliID + li_2: null

2024-10-31 21:56:49 - [TEST_STEP][PASSED] - out.println("hrefID is : " + hrefAppID): null

2024-10-31 21:56:49 - [TEST_STEP][PASSED] - adminSuiteBootstrap.loginFunctionality.login_AdminSuite(): adminSuiteBootstrap.loginFunctionality.login_AdminSuite is PASSED

2024-10-31 21:56:49 - [MESSAGE][WARNING] - A browser is already opened. Closing browser and opening a new one

2024-10-31 21:56:50 - [MESSAGE][INFO] - Starting 'Chrome' driver

2024-10-31 21:56:50 - [MESSAGE][INFO] - User set preference: ['acceptInsecureCerts', 'true']

2024-10-31 21:56:50 - [MESSAGE][INFO] - Action delay is set to 0 milliseconds

2024-10-31 21:56:53 - [MESSAGE][PASSED] - Browser is opened with url: 'https://qa2.velocitypayment.com/admin/imtiaz'

2024-10-31 21:56:53 - [MESSAGE][PASSED] - Current window maximized

2024-10-31 21:56:54 - [MESSAGE][PASSED] - Object 'Object Repository/Login_Page/Login_Username_Okta' is present

2024-10-31 21:56:54 - [MESSAGE][PASSED] - Text 'iahmed' is set on object 'Object Repository/Login_Page/Login_Username_Okta'

2024-10-31 21:56:55 - [MESSAGE][PASSED] - Text 'Hello!7777777' is set on object 'Object Repository/Login_Page/Login_Password_Okta'

2024-10-31 21:56:55 - [MESSAGE][PASSED] - Object: 'Object Repository/Login_Page/Login_Submit_Okta' is clicked on

2024-10-31 21:56:55 - [MESSAGE][PASSED] - adminSuiteBootstrap.loginFunctionality.login_AdminSuite is PASSED

2024-10-31 21:56:55 - [TEST_STEP][PASSED] - click(findTestObject(path_Dashboard + "span_Payment")): Object: 'Object Repository/AdminSuiteBootstrap_Pages/Dashboard_Bootstrap/span_Payment' is clicked on

2024-10-31 21:57:03 - [MESSAGE][PASSED] - Object: 'Object Repository/AdminSuiteBootstrap_Pages/Dashboard_Bootstrap/span_Payment' is clicked on

2024-10-31 21:57:03 - [TEST_STEP][PASSED] - click(findTestObject(path_Dashboard + "a_HelloWorld3")): Object: 'Object Repository/AdminSuiteBootstrap_Pages/Dashboard_Bootstrap/a_HelloWorld3' is clicked on

2024-10-31 21:57:04 - [MESSAGE][PASSED] - Object: 'Object Repository/AdminSuiteBootstrap_Pages/Dashboard_Bootstrap/a_HelloWorld3' is clicked on

2024-10-31 21:57:04 - [TEST_STEP][PASSED] - click(findTestObject(path_VT + "button_Authorization Only")): Object: 'Object Repository/AdminSuiteBootstrap_Pages/VT_Bootstrap/IssueTransactions/button_Authorization Only' is clicked on

2024-10-31 21:57:05 - [MESSAGE][PASSED] - Object: 'Object Repository/AdminSuiteBootstrap_Pages/VT_Bootstrap/IssueTransactions/button_Authorization Only' is clicked on

2024-10-31 21:57:05 - [TEST_STEP][PASSED] - authOnlyKeyboardEntryLink = modifyObjectProperty(findTestObject(path_VT + "a_KeyboardEntry_Sale"), "href", "equals", hrefAppID, true): Modify property of object successfully

2024-10-31 21:57:05 - [MESSAGE][PASSED] - Modify property of object successfully

2024-10-31 21:57:05 - [TEST_STEP][PASSED] - click(authOnlyKeyboardEntryLink): Object: 'Object Repository/AdminSuiteBootstrap_Pages/VT_Bootstrap/IssueTransactions/a_KeyboardEntry_Sale' is clicked on

2024-10-31 21:57:06 - [MESSAGE][PASSED] - Object: 'Object Repository/AdminSuiteBootstrap_Pages/VT_Bootstrap/IssueTransactions/a_KeyboardEntry_Sale' is clicked on

2024-10-31 21:57:06 - [TEST_STEP][PASSED] - verifyTextPresent("Issue Transactions", true): Text 'Issue Transactions' is present on page  using regular expression

2024-10-31 21:57:06 - [MESSAGE][PASSED] - Text 'Issue Transactions' is present on page  using regular expression

2024-10-31 21:57:06 - [TEST_STEP][PASSED] - verifyTextPresent("Credit Card Authorization", true): Text 'Credit Card Authorization' is present on page  using regular expression

2024-10-31 21:57:07 - [MESSAGE][PASSED] - Text 'Credit Card Authorization' is present on page  using regular expression

2024-10-31 21:57:07 - [TEST_STEP][PASSED] - verifyTextPresent("Required fields are highlighted with an asterisk", true): Text 'Required fields are highlighted with an asterisk' is present on page  using regular expression

2024-10-31 21:57:07 - [MESSAGE][PASSED] - Text 'Required fields are highlighted with an asterisk' is present on page  using regular expression

2024-10-31 21:57:07 - [TEST_STEP][PASSED] - verifyTextPresent("Remittance ID", true): Text 'Remittance ID' is present on page  using regular expression

2024-10-31 21:57:07 - [MESSAGE][PASSED] - Text 'Remittance ID' is present on page  using regular expression

2024-10-31 21:57:07 - [TEST_STEP][PASSED] - verifyTextPresent("Bill/Invoice Information", true): Text 'Bill/Invoice Information' is present on page  using regular expression

2024-10-31 21:57:08 - [MESSAGE][PASSED] - Text 'Bill/Invoice Information' is present on page  using regular expression

2024-10-31 21:57:08 - [TEST_STEP][PASSED] - verifyTextPresent("Application: Hello World3", true): Text 'Application: Hello World3' is present on page  using regular expression

2024-10-31 21:57:08 - [MESSAGE][PASSED] - Text 'Application: Hello World3' is present on page  using regular expression

2024-10-31 21:57:08 - [TEST_STEP][PASSED] - verifyElementVisible(findTestObject(path_SaleKB + "input_cardName")): Object 'Object Repository/AdminSuiteBootstrap_Pages/VT_Bootstrap/SaleKeyboard/input_cardName' is visible

2024-10-31 21:57:09 - [MESSAGE][PASSED] - Object 'Object Repository/AdminSuiteBootstrap_Pages/VT_Bootstrap/SaleKeyboard/input_cardName' is visible

2024-10-31 21:57:09 - [TEST_STEP][PASSED] - verifyElementPresent(findTestObject(path_SaleKB + "input_cardName"), 30): Object 'Object Repository/AdminSuiteBootstrap_Pages/VT_Bootstrap/SaleKeyboard/input_cardName' is present

2024-10-31 21:57:09 - [MESSAGE][PASSED] - Object 'Object Repository/AdminSuiteBootstrap_Pages/VT_Bootstrap/SaleKeyboard/input_cardName' is present

2024-10-31 21:57:09 - [TEST_STEP][PASSED] - verifyElementVisible(findTestObject(path_SaleKB + "select_transactionCategory")): Object 'Object Repository/AdminSuiteBootstrap_Pages/VT_Bootstrap/SaleKeyboard/select_transactionCategory' is visible

2024-10-31 21:57:09 - [MESSAGE][PASSED] - Object 'Object Repository/AdminSuiteBootstrap_Pages/VT_Bootstrap/SaleKeyboard/select_transactionCategory' is visible

2024-10-31 21:57:09 - [TEST_STEP][PASSED] - verifyElementPresent(findTestObject(path_SaleKB + "select_transactionCategory"), 30): Object 'Object Repository/AdminSuiteBootstrap_Pages/VT_Bootstrap/SaleKeyboard/select_transactionCategory' is present

2024-10-31 21:57:09 - [MESSAGE][PASSED] - Object 'Object Repository/AdminSuiteBootstrap_Pages/VT_Bootstrap/SaleKeyboard/select_transactionCategory' is present

2024-10-31 21:57:09 - [TEST_STEP][PASSED] - verifyElementPresent(findTestObject(path_SaleKB + "input__cardNumber"), 30): Object 'Object Repository/AdminSuiteBootstrap_Pages/VT_Bootstrap/SaleKeyboard/input__cardNumber' is present

2024-10-31 21:57:10 - [MESSAGE][PASSED] - Object 'Object Repository/AdminSuiteBootstrap_Pages/VT_Bootstrap/SaleKeyboard/input__cardNumber' is present

2024-10-31 21:57:10 - [TEST_STEP][PASSED] - verifyElementPresent(findTestObject(path_SaleKB + "input__cvv"), 30): Object 'Object Repository/AdminSuiteBootstrap_Pages/VT_Bootstrap/SaleKeyboard/input__cvv' is present

2024-10-31 21:57:10 - [MESSAGE][PASSED] - Object 'Object Repository/AdminSuiteBootstrap_Pages/VT_Bootstrap/SaleKeyboard/input__cvv' is present

2024-10-31 21:57:10 - [TEST_STEP][PASSED] - verifyElementVisible(findTestObject(path_SaleKB + "select_MM")): Object 'Object Repository/AdminSuiteBootstrap_Pages/VT_Bootstrap/SaleKeyboard/select_MM' is visible

2024-10-31 21:57:10 - [MESSAGE][PASSED] - Object 'Object Repository/AdminSuiteBootstrap_Pages/VT_Bootstrap/SaleKeyboard/select_MM' is visible

2024-10-31 21:57:10 - [TEST_STEP][PASSED] - verifyElementPresent(findTestObject(path_SaleKB + "select_MM"), 30): Object 'Object Repository/AdminSuiteBootstrap_Pages/VT_Bootstrap/SaleKeyboard/select_MM' is present

2024-10-31 21:57:11 - [MESSAGE][PASSED] - Object 'Object Repository/AdminSuiteBootstrap_Pages/VT_Bootstrap/SaleKeyboard/select_MM' is present

2024-10-31 21:57:11 - [TEST_STEP][PASSED] - verifyElementVisible(findTestObject(path_SaleKB + "select_YYYY")): Object 'Object Repository/AdminSuiteBootstrap_Pages/VT_Bootstrap/SaleKeyboard/select_YYYY' is visible

2024-10-31 21:57:11 - [MESSAGE][PASSED] - Object 'Object Repository/AdminSuiteBootstrap_Pages/VT_Bootstrap/SaleKeyboard/select_YYYY' is visible

2024-10-31 21:57:11 - [TEST_STEP][PASSED] - verifyElementPresent(findTestObject(path_SaleKB + "select_YYYY"), 30): Object 'Object Repository/AdminSuiteBootstrap_Pages/VT_Bootstrap/SaleKeyboard/select_YYYY' is present

2024-10-31 21:57:11 - [MESSAGE][PASSED] - Object 'Object Repository/AdminSuiteBootstrap_Pages/VT_Bootstrap/SaleKeyboard/select_YYYY' is present

2024-10-31 21:57:11 - [TEST_STEP][PASSED] - verifyElementVisible(findTestObject(path_SaleKB + "input__address")): Object 'Object Repository/AdminSuiteBootstrap_Pages/VT_Bootstrap/SaleKeyboard/input__address' is visible

2024-10-31 21:57:12 - [MESSAGE][PASSED] - Object 'Object Repository/AdminSuiteBootstrap_Pages/VT_Bootstrap/SaleKeyboard/input__address' is visible

2024-10-31 21:57:12 - [TEST_STEP][PASSED] - verifyElementPresent(findTestObject(path_SaleKB + "input__address"), 30): Object 'Object Repository/AdminSuiteBootstrap_Pages/VT_Bootstrap/SaleKeyboard/input__address' is present

2024-10-31 21:57:12 - [MESSAGE][PASSED] - Object 'Object Repository/AdminSuiteBootstrap_Pages/VT_Bootstrap/SaleKeyboard/input__address' is present

2024-10-31 21:57:12 - [TEST_STEP][PASSED] - verifyElementVisible(findTestObject(path_SaleKB + "input__address2")): Object 'Object Repository/AdminSuiteBootstrap_Pages/VT_Bootstrap/SaleKeyboard/input__address2' is visible

2024-10-31 21:57:12 - [MESSAGE][PASSED] - Object 'Object Repository/AdminSuiteBootstrap_Pages/VT_Bootstrap/SaleKeyboard/input__address2' is visible

2024-10-31 21:57:12 - [TEST_STEP][PASSED] - verifyElementPresent(findTestObject(path_SaleKB + "input__address2"), 30): Object 'Object Repository/AdminSuiteBootstrap_Pages/VT_Bootstrap/SaleKeyboard/input__address2' is present

2024-10-31 21:57:13 - [MESSAGE][PASSED] - Object 'Object Repository/AdminSuiteBootstrap_Pages/VT_Bootstrap/SaleKeyboard/input__address2' is present

2024-10-31 21:57:13 - [TEST_STEP][PASSED] - verifyElementVisible(findTestObject(path_SaleKB + "select_Country")): Object 'Object Repository/AdminSuiteBootstrap_Pages/VT_Bootstrap/SaleKeyboard/select_Country' is visible

2024-10-31 21:57:13 - [MESSAGE][PASSED] - Object 'Object Repository/AdminSuiteBootstrap_Pages/VT_Bootstrap/SaleKeyboard/select_Country' is visible

2024-10-31 21:57:13 - [TEST_STEP][PASSED] - verifyElementPresent(findTestObject(path_SaleKB + "select_Country"), 30): Object 'Object Repository/AdminSuiteBootstrap_Pages/VT_Bootstrap/SaleKeyboard/select_Country' is present

2024-10-31 21:57:13 - [MESSAGE][PASSED] - Object 'Object Repository/AdminSuiteBootstrap_Pages/VT_Bootstrap/SaleKeyboard/select_Country' is present

2024-10-31 21:57:13 - [TEST_STEP][PASSED] - verifyElementVisible(findTestObject(path_SaleKB + "input__zip")): Object 'Object Repository/AdminSuiteBootstrap_Pages/VT_Bootstrap/SaleKeyboard/input__zip' is visible

2024-10-31 21:57:14 - [MESSAGE][PASSED] - Object 'Object Repository/AdminSuiteBootstrap_Pages/VT_Bootstrap/SaleKeyboard/input__zip' is visible

2024-10-31 21:57:14 - [TEST_STEP][PASSED] - verifyElementPresent(findTestObject(path_SaleKB + "input__zip"), 30): Object 'Object Repository/AdminSuiteBootstrap_Pages/VT_Bootstrap/SaleKeyboard/input__zip' is present

2024-10-31 21:57:14 - [MESSAGE][PASSED] - Object 'Object Repository/AdminSuiteBootstrap_Pages/VT_Bootstrap/SaleKeyboard/input__zip' is present

2024-10-31 21:57:14 - [TEST_STEP][PASSED] - verifyElementVisible(findTestObject(path_SaleKB + "input__city")): Object 'Object Repository/AdminSuiteBootstrap_Pages/VT_Bootstrap/SaleKeyboard/input__city' is visible

2024-10-31 21:57:14 - [MESSAGE][PASSED] - Object 'Object Repository/AdminSuiteBootstrap_Pages/VT_Bootstrap/SaleKeyboard/input__city' is visible

2024-10-31 21:57:14 - [TEST_STEP][PASSED] - verifyElementPresent(findTestObject(path_SaleKB + "input__city"), 30): Object 'Object Repository/AdminSuiteBootstrap_Pages/VT_Bootstrap/SaleKeyboard/input__city' is present

2024-10-31 21:57:15 - [MESSAGE][PASSED] - Object 'Object Repository/AdminSuiteBootstrap_Pages/VT_Bootstrap/SaleKeyboard/input__city' is present

2024-10-31 21:57:15 - [TEST_STEP][PASSED] - verifyElementVisible(findTestObject(path_SaleKB + "select_State")): Object 'Object Repository/AdminSuiteBootstrap_Pages/VT_Bootstrap/SaleKeyboard/select_State' is visible

2024-10-31 21:57:15 - [MESSAGE][PASSED] - Object 'Object Repository/AdminSuiteBootstrap_Pages/VT_Bootstrap/SaleKeyboard/select_State' is visible

2024-10-31 21:57:15 - [TEST_STEP][PASSED] - verifyElementPresent(findTestObject(path_SaleKB + "select_State"), 30): Object 'Object Repository/AdminSuiteBootstrap_Pages/VT_Bootstrap/SaleKeyboard/select_State' is present

2024-10-31 21:57:15 - [MESSAGE][PASSED] - Object 'Object Repository/AdminSuiteBootstrap_Pages/VT_Bootstrap/SaleKeyboard/select_State' is present

2024-10-31 21:57:15 - [TEST_STEP][PASSED] - verifyElementVisible(findTestObject(path_SaleKB + "input_emailAddress")): Object 'Object Repository/AdminSuiteBootstrap_Pages/VT_Bootstrap/SaleKeyboard/input_emailAddress' is visible

2024-10-31 21:57:16 - [MESSAGE][PASSED] - Object 'Object Repository/AdminSuiteBootstrap_Pages/VT_Bootstrap/SaleKeyboard/input_emailAddress' is visible

2024-10-31 21:57:16 - [TEST_STEP][PASSED] - verifyElementPresent(findTestObject(path_SaleKB + "input_emailAddress"), 30): Object 'Object Repository/AdminSuiteBootstrap_Pages/VT_Bootstrap/SaleKeyboard/input_emailAddress' is present

2024-10-31 21:57:16 - [MESSAGE][PASSED] - Object 'Object Repository/AdminSuiteBootstrap_Pages/VT_Bootstrap/SaleKeyboard/input_emailAddress' is present

2024-10-31 21:57:16 - [TEST_STEP][FAILED] - verifyElementVisible(findTestObject(path_SaleKB + "input_smsNumber")): Web element with id: 'Object Repository/AdminSuiteBootstrap_Pages/VT_Bootstrap/SaleKeyboard/input_smsNumber' located by '//*[@type = 'TEXT' and @name = 'smsNumber' and @id = 'smsNumber']' not found (Root cause: com.kms.katalon.core.exception.StepFailedException: Web element with id: 'Object Repository/AdminSuiteBootstrap_Pages/VT_Bootstrap/SaleKeyboard/input_smsNumber' located by '//*[@type = 'TEXT' and @name = 'smsNumber' and @id = 'smsNumber']' not found
	at com.kms.katalon.core.webui.keyword.internal.WebUIKeywordMain.stepFailed(WebUIKeywordMain.groovy:64)
	at com.kms.katalon.core.webui.keyword.builtin.VerifyElementVisibleKeyword$_verifyElementVisible_closure1.doCall(VerifyElementVisibleKeyword.groovy:89)
	at com.kms.katalon.core.webui.keyword.builtin.VerifyElementVisibleKeyword$_verifyElementVisible_closure1.call(VerifyElementVisibleKeyword.groovy)
	at com.kms.katalon.core.webui.keyword.internal.WebUIKeywordMain.runKeyword(WebUIKeywordMain.groovy:20)
	at com.kms.katalon.core.webui.keyword.builtin.VerifyElementVisibleKeyword.verifyElementVisible(VerifyElementVisibleKeyword.groovy:97)
	at com.kms.katalon.core.webui.keyword.builtin.VerifyElementVisibleKeyword.execute(VerifyElementVisibleKeyword.groovy:67)
	at com.kms.katalon.core.keyword.internal.KeywordExecutor.executeKeywordForPlatform(KeywordExecutor.groovy:74)
	at com.kms.katalon.core.webui.keyword.WebUiBuiltInKeywords.verifyElementVisible(WebUiBuiltInKeywords.groovy:376)
	at com.kms.katalon.core.webui.keyword.WebUiBuiltInKeywords$verifyElementVisible$4.call(Unknown Source)
	at VerifyAuthOnlyKeyboard_UI_1_TC.run(VerifyAuthOnlyKeyboard_UI_1_TC:92)
	at com.kms.katalon.core.main.ScriptEngine.run(ScriptEngine.java:194)
	at com.kms.katalon.core.main.ScriptEngine.runScriptAsRawText(ScriptEngine.java:119)
	at com.kms.katalon.core.main.TestCaseExecutor.runScript(TestCaseExecutor.java:448)
	at com.kms.katalon.core.main.TestCaseExecutor.doExecute(TestCaseExecutor.java:439)
	at com.kms.katalon.core.main.TestCaseExecutor.processExecutionPhase(TestCaseExecutor.java:418)
	at com.kms.katalon.core.main.TestCaseExecutor.accessMainPhase(TestCaseExecutor.java:410)
	at com.kms.katalon.core.main.TestCaseExecutor.execute(TestCaseExecutor.java:285)
	at com.kms.katalon.core.common.CommonExecutor.accessTestCaseMainPhase(CommonExecutor.java:65)
	at com.kms.katalon.core.main.TestSuiteExecutor.accessTestSuiteMainPhase(TestSuiteExecutor.java:148)
	at com.kms.katalon.core.main.TestSuiteExecutor.execute(TestSuiteExecutor.java:106)
	at com.kms.katalon.core.main.TestCaseMain.startTestSuite(TestCaseMain.java:187)
	at com.kms.katalon.core.main.TestCaseMain$startTestSuite$0.call(Unknown Source)
	at TempTestSuite1730425171054.run(TempTestSuite1730425171054.groovy:35)
)

2024-10-31 21:57:47 - [MESSAGE][INFO] - Unable to find the element located by 'By.xpath: //*[@type = 'TEXT' and @name = 'smsNumber' and @id = 'smsNumber']'. Please recheck the objects properties to make sure the desired element is located. 

2024-10-31 21:57:47 - [MESSAGE][WARNING] - [SELF-HEALING] Failed to find element with id 'Object Repository/AdminSuiteBootstrap_Pages/VT_Bootstrap/SaleKeyboard/input_smsNumber'. Try using Self-healing.

2024-10-31 21:57:48 - [MESSAGE][INFO] - Unable to find the element located by 'By.xpath: //input[@id='smsNumber']'. Please recheck the objects properties to make sure the desired element is located. 

2024-10-31 21:57:49 - [MESSAGE][INFO] - [SELF-HEALING] Failed Locator: '//input[@id='smsNumber']'.

2024-10-31 21:57:49 - [MESSAGE][INFO] - [SELF-HEALING] Failed Locator: '//form[@id='form1']/div/div/div[3]/div[8]/div[2]/div/input'.

2024-10-31 21:57:49 - [MESSAGE][INFO] - [SELF-HEALING] Failed Locator: '//div[8]/div[2]/div/input'.

2024-10-31 21:57:49 - [MESSAGE][INFO] - [SELF-HEALING] Failed Locator: '//input[@id='smsNumber']'.

2024-10-31 21:57:50 - [MESSAGE][INFO] - [SELF-HEALING] Failed Locator: '//form[@id='form1']/div/div/div[3]/div[8]/div[2]/div/input'.

2024-10-31 21:57:50 - [MESSAGE][INFO] - [SELF-HEALING] Failed Locator: '//div[8]/div[2]/div/input'.

2024-10-31 21:57:51 - [MESSAGE][INFO] - Unable to find the element located by 'By.cssSelector: #smsNumber'. Please recheck the objects properties to make sure the desired element is located. 

2024-10-31 21:57:51 - [MESSAGE][FAILED] - Web element with id: 'Object Repository/AdminSuiteBootstrap_Pages/VT_Bootstrap/SaleKeyboard/input_smsNumber' located by '//*[@type = 'TEXT' and @name = 'smsNumber' and @id = 'smsNumber']' not found (Root cause: com.kms.katalon.core.exception.StepFailedException: Web element with id: 'Object Repository/AdminSuiteBootstrap_Pages/VT_Bootstrap/SaleKeyboard/input_smsNumber' located by '//*[@type = 'TEXT' and @name = 'smsNumber' and @id = 'smsNumber']' not found
	at com.kms.katalon.core.webui.keyword.internal.WebUIKeywordMain.stepFailed(WebUIKeywordMain.groovy:64)
	at com.kms.katalon.core.webui.keyword.builtin.VerifyElementVisibleKeyword$_verifyElementVisible_closure1.doCall(VerifyElementVisibleKeyword.groovy:89)
	at com.kms.katalon.core.webui.keyword.builtin.VerifyElementVisibleKeyword$_verifyElementVisible_closure1.call(VerifyElementVisibleKeyword.groovy)
	at com.kms.katalon.core.webui.keyword.internal.WebUIKeywordMain.runKeyword(WebUIKeywordMain.groovy:20)
	at com.kms.katalon.core.webui.keyword.builtin.VerifyElementVisibleKeyword.verifyElementVisible(VerifyElementVisibleKeyword.groovy:97)
	at com.kms.katalon.core.webui.keyword.builtin.VerifyElementVisibleKeyword.execute(VerifyElementVisibleKeyword.groovy:67)
	at com.kms.katalon.core.keyword.internal.KeywordExecutor.executeKeywordForPlatform(KeywordExecutor.groovy:74)
	at com.kms.katalon.core.webui.keyword.WebUiBuiltInKeywords.verifyElementVisible(WebUiBuiltInKeywords.groovy:376)
	at com.kms.katalon.core.webui.keyword.WebUiBuiltInKeywords$verifyElementVisible$4.call(Unknown Source)
	at VerifyAuthOnlyKeyboard_UI_1_TC.run(VerifyAuthOnlyKeyboard_UI_1_TC:92)
	at com.kms.katalon.core.main.ScriptEngine.run(ScriptEngine.java:194)
	at com.kms.katalon.core.main.ScriptEngine.runScriptAsRawText(ScriptEngine.java:119)
	at com.kms.katalon.core.main.TestCaseExecutor.runScript(TestCaseExecutor.java:448)
	at com.kms.katalon.core.main.TestCaseExecutor.doExecute(TestCaseExecutor.java:439)
	at com.kms.katalon.core.main.TestCaseExecutor.processExecutionPhase(TestCaseExecutor.java:418)
	at com.kms.katalon.core.main.TestCaseExecutor.accessMainPhase(TestCaseExecutor.java:410)
	at com.kms.katalon.core.main.TestCaseExecutor.execute(TestCaseExecutor.java:285)
	at com.kms.katalon.core.common.CommonExecutor.accessTestCaseMainPhase(CommonExecutor.java:65)
	at com.kms.katalon.core.main.TestSuiteExecutor.accessTestSuiteMainPhase(TestSuiteExecutor.java:148)
	at com.kms.katalon.core.main.TestSuiteExecutor.execute(TestSuiteExecutor.java:106)
	at com.kms.katalon.core.main.TestCaseMain.startTestSuite(TestCaseMain.java:187)
	at com.kms.katalon.core.main.TestCaseMain$startTestSuite$0.call(Unknown Source)
	at TempTestSuite1730425171054.run(TempTestSuite1730425171054.groovy:35)
)
[[ATTACHMENT|E:\\Cloned-Project-Katalon\\VPS-Katalon\\Reports\\20241031_213928\\QA\\VT-Bootstrap\\AdminSuiteBootstrap_UI_TestSuite\\20241031_213931\\1730426271552.png]]

2024-10-31 21:57:51 - [TEST_STEP][FAILED] - verifyElementPresent(findTestObject(path_SaleKB + "input_smsNumber"), 30): com.kms.katalon.core.webui.exception.WebElementNotFoundException: Web element with id: 'Object Repository/AdminSuiteBootstrap_Pages/VT_Bootstrap/SaleKeyboard/input_smsNumber' located by '//*[@type = 'TEXT' and @name = 'smsNumber' and @id = 'smsNumber']' not found (Root cause: com.kms.katalon.core.exception.StepFailedException: com.kms.katalon.core.webui.exception.WebElementNotFoundException: Web element with id: 'Object Repository/AdminSuiteBootstrap_Pages/VT_Bootstrap/SaleKeyboard/input_smsNumber' located by '//*[@type = 'TEXT' and @name = 'smsNumber' and @id = 'smsNumber']' not found
	at com.kms.katalon.core.webui.keyword.internal.WebUIKeywordMain.stepFailed(WebUIKeywordMain.groovy:64)
	at com.kms.katalon.core.webui.keyword.builtin.VerifyElementPresentKeyword$_verifyElementPresent_closure1.doCall(VerifyElementPresentKeyword.groovy:85)
	at com.kms.katalon.core.webui.keyword.builtin.VerifyElementPresentKeyword$_verifyElementPresent_closure1.call(VerifyElementPresentKeyword.groovy)
	at com.kms.katalon.core.webui.keyword.internal.WebUIKeywordMain.runKeyword(WebUIKeywordMain.groovy:20)
	at com.kms.katalon.core.webui.keyword.builtin.VerifyElementPresentKeyword.verifyElementPresent(VerifyElementPresentKeyword.groovy:92)
	at com.kms.katalon.core.webui.keyword.builtin.VerifyElementPresentKeyword.execute(VerifyElementPresentKeyword.groovy:68)
	at com.kms.katalon.core.keyword.internal.KeywordExecutor.executeKeywordForPlatform(KeywordExecutor.groovy:74)
	at com.kms.katalon.core.webui.keyword.WebUiBuiltInKeywords.verifyElementPresent(WebUiBuiltInKeywords.groovy:1464)
	at com.kms.katalon.core.webui.keyword.WebUiBuiltInKeywords$verifyElementPresent$1.call(Unknown Source)
	at VerifyAuthOnlyKeyboard_UI_1_TC.run(VerifyAuthOnlyKeyboard_UI_1_TC:93)
	at com.kms.katalon.core.main.ScriptEngine.run(ScriptEngine.java:194)
	at com.kms.katalon.core.main.ScriptEngine.runScriptAsRawText(ScriptEngine.java:119)
	at com.kms.katalon.core.main.TestCaseExecutor.runScript(TestCaseExecutor.java:448)
	at com.kms.katalon.core.main.TestCaseExecutor.doExecute(TestCaseExecutor.java:439)
	at com.kms.katalon.core.main.TestCaseExecutor.processExecutionPhase(TestCaseExecutor.java:418)
	at com.kms.katalon.core.main.TestCaseExecutor.accessMainPhase(TestCaseExecutor.java:410)
	at com.kms.katalon.core.main.TestCaseExecutor.execute(TestCaseExecutor.java:285)
	at com.kms.katalon.core.common.CommonExecutor.accessTestCaseMainPhase(CommonExecutor.java:65)
	at com.kms.katalon.core.main.TestSuiteExecutor.accessTestSuiteMainPhase(TestSuiteExecutor.java:148)
	at com.kms.katalon.core.main.TestSuiteExecutor.execute(TestSuiteExecutor.java:106)
	at com.kms.katalon.core.main.TestCaseMain.startTestSuite(TestCaseMain.java:187)
	at com.kms.katalon.core.main.TestCaseMain$startTestSuite$0.call(Unknown Source)
	at TempTestSuite1730425171054.run(TempTestSuite1730425171054.groovy:35)
)

2024-10-31 21:58:23 - [MESSAGE][INFO] - Unable to find the element located by 'By.xpath: //*[@type = 'TEXT' and @name = 'smsNumber' and @id = 'smsNumber']'. Please recheck the objects properties to make sure the desired element is located. 

2024-10-31 21:58:23 - [MESSAGE][FAILED] - com.kms.katalon.core.webui.exception.WebElementNotFoundException: Web element with id: 'Object Repository/AdminSuiteBootstrap_Pages/VT_Bootstrap/SaleKeyboard/input_smsNumber' located by '//*[@type = 'TEXT' and @name = 'smsNumber' and @id = 'smsNumber']' not found (Root cause: com.kms.katalon.core.exception.StepFailedException: com.kms.katalon.core.webui.exception.WebElementNotFoundException: Web element with id: 'Object Repository/AdminSuiteBootstrap_Pages/VT_Bootstrap/SaleKeyboard/input_smsNumber' located by '//*[@type = 'TEXT' and @name = 'smsNumber' and @id = 'smsNumber']' not found
	at com.kms.katalon.core.webui.keyword.internal.WebUIKeywordMain.stepFailed(WebUIKeywordMain.groovy:64)
	at com.kms.katalon.core.webui.keyword.builtin.VerifyElementPresentKeyword$_verifyElementPresent_closure1.doCall(VerifyElementPresentKeyword.groovy:85)
	at com.kms.katalon.core.webui.keyword.builtin.VerifyElementPresentKeyword$_verifyElementPresent_closure1.call(VerifyElementPresentKeyword.groovy)
	at com.kms.katalon.core.webui.keyword.internal.WebUIKeywordMain.runKeyword(WebUIKeywordMain.groovy:20)
	at com.kms.katalon.core.webui.keyword.builtin.VerifyElementPresentKeyword.verifyElementPresent(VerifyElementPresentKeyword.groovy:92)
	at com.kms.katalon.core.webui.keyword.builtin.VerifyElementPresentKeyword.execute(VerifyElementPresentKeyword.groovy:68)
	at com.kms.katalon.core.keyword.internal.KeywordExecutor.executeKeywordForPlatform(KeywordExecutor.groovy:74)
	at com.kms.katalon.core.webui.keyword.WebUiBuiltInKeywords.verifyElementPresent(WebUiBuiltInKeywords.groovy:1464)
	at com.kms.katalon.core.webui.keyword.WebUiBuiltInKeywords$verifyElementPresent$1.call(Unknown Source)
	at VerifyAuthOnlyKeyboard_UI_1_TC.run(VerifyAuthOnlyKeyboard_UI_1_TC:93)
	at com.kms.katalon.core.main.ScriptEngine.run(ScriptEngine.java:194)
	at com.kms.katalon.core.main.ScriptEngine.runScriptAsRawText(ScriptEngine.java:119)
	at com.kms.katalon.core.main.TestCaseExecutor.runScript(TestCaseExecutor.java:448)
	at com.kms.katalon.core.main.TestCaseExecutor.doExecute(TestCaseExecutor.java:439)
	at com.kms.katalon.core.main.TestCaseExecutor.processExecutionPhase(TestCaseExecutor.java:418)
	at com.kms.katalon.core.main.TestCaseExecutor.accessMainPhase(TestCaseExecutor.java:410)
	at com.kms.katalon.core.main.TestCaseExecutor.execute(TestCaseExecutor.java:285)
	at com.kms.katalon.core.common.CommonExecutor.accessTestCaseMainPhase(CommonExecutor.java:65)
	at com.kms.katalon.core.main.TestSuiteExecutor.accessTestSuiteMainPhase(TestSuiteExecutor.java:148)
	at com.kms.katalon.core.main.TestSuiteExecutor.execute(TestSuiteExecutor.java:106)
	at com.kms.katalon.core.main.TestCaseMain.startTestSuite(TestCaseMain.java:187)
	at com.kms.katalon.core.main.TestCaseMain$startTestSuite$0.call(Unknown Source)
	at TempTestSuite1730425171054.run(TempTestSuite1730425171054.groovy:35)
)
[[ATTACHMENT|E:\\Cloned-Project-Katalon\\VPS-Katalon\\Reports\\20241031_213928\\QA\\VT-Bootstrap\\AdminSuiteBootstrap_UI_TestSuite\\20241031_213931\\1730426303008.png]]

2024-10-31 21:58:23 - [TEST_STEP][PASSED] - verifyElementVisible(findTestObject(path_SaleKB + "input_amount")): Object 'Object Repository/AdminSuiteBootstrap_Pages/VT_Bootstrap/SaleKeyboard/input_amount' is visible

2024-10-31 21:58:23 - [MESSAGE][PASSED] - Object 'Object Repository/AdminSuiteBootstrap_Pages/VT_Bootstrap/SaleKeyboard/input_amount' is visible

2024-10-31 21:58:23 - [TEST_STEP][PASSED] - verifyElementPresent(findTestObject(path_SaleKB + "input_amount"), 30): Object 'Object Repository/AdminSuiteBootstrap_Pages/VT_Bootstrap/SaleKeyboard/input_amount' is present

2024-10-31 21:58:23 - [MESSAGE][PASSED] - Object 'Object Repository/AdminSuiteBootstrap_Pages/VT_Bootstrap/SaleKeyboard/input_amount' is present

2024-10-31 21:58:23 - [TEST_STEP][PASSED] - verifyElementVisible(findTestObject(path_SaleKB + "input_convenienceFee")): Object 'Object Repository/AdminSuiteBootstrap_Pages/VT_Bootstrap/SaleKeyboard/input_convenienceFee' is visible

2024-10-31 21:58:24 - [MESSAGE][PASSED] - Object 'Object Repository/AdminSuiteBootstrap_Pages/VT_Bootstrap/SaleKeyboard/input_convenienceFee' is visible

2024-10-31 21:58:24 - [TEST_STEP][PASSED] - verifyElementPresent(findTestObject(path_SaleKB + "input_convenienceFee"), 30): Object 'Object Repository/AdminSuiteBootstrap_Pages/VT_Bootstrap/SaleKeyboard/input_convenienceFee' is present

2024-10-31 21:58:24 - [MESSAGE][PASSED] - Object 'Object Repository/AdminSuiteBootstrap_Pages/VT_Bootstrap/SaleKeyboard/input_convenienceFee' is present

2024-10-31 21:58:24 - [TEST_STEP][PASSED] - verifyElementVisible(findTestObject(path_SaleKB + "input_convenienceFeeType")): Object 'Object Repository/AdminSuiteBootstrap_Pages/VT_Bootstrap/SaleKeyboard/input_convenienceFeeType' is visible

2024-10-31 21:58:24 - [MESSAGE][PASSED] - Object 'Object Repository/AdminSuiteBootstrap_Pages/VT_Bootstrap/SaleKeyboard/input_convenienceFeeType' is visible

2024-10-31 21:58:24 - [TEST_STEP][PASSED] - verifyElementPresent(findTestObject(path_SaleKB + "input_convenienceFeeType"), 30): Object 'Object Repository/AdminSuiteBootstrap_Pages/VT_Bootstrap/SaleKeyboard/input_convenienceFeeType' is present

2024-10-31 21:58:25 - [MESSAGE][PASSED] - Object 'Object Repository/AdminSuiteBootstrap_Pages/VT_Bootstrap/SaleKeyboard/input_convenienceFeeType' is present

2024-10-31 21:58:25 - [TEST_STEP][PASSED] - verifyElementVisible(findTestObject(path_SaleKB + "input_totalAmount")): Object 'Object Repository/AdminSuiteBootstrap_Pages/VT_Bootstrap/SaleKeyboard/input_totalAmount' is visible

2024-10-31 21:58:25 - [MESSAGE][PASSED] - Object 'Object Repository/AdminSuiteBootstrap_Pages/VT_Bootstrap/SaleKeyboard/input_totalAmount' is visible

2024-10-31 21:58:25 - [TEST_STEP][PASSED] - verifyElementPresent(findTestObject(path_SaleKB + "input_totalAmount"), 30): Object 'Object Repository/AdminSuiteBootstrap_Pages/VT_Bootstrap/SaleKeyboard/input_totalAmount' is present

2024-10-31 21:58:25 - [MESSAGE][PASSED] - Object 'Object Repository/AdminSuiteBootstrap_Pages/VT_Bootstrap/SaleKeyboard/input_totalAmount' is present

2024-10-31 21:58:25 - [TEST_STEP][PASSED] - verifyElementVisible(findTestObject(path_SaleKB + "input_userDefined1")): Object 'Object Repository/AdminSuiteBootstrap_Pages/VT_Bootstrap/SaleKeyboard/input_userDefined1' is visible

2024-10-31 21:58:26 - [MESSAGE][PASSED] - Object 'Object Repository/AdminSuiteBootstrap_Pages/VT_Bootstrap/SaleKeyboard/input_userDefined1' is visible

2024-10-31 21:58:26 - [TEST_STEP][PASSED] - verifyElementPresent(findTestObject(path_SaleKB + "input_userDefined1"), 30): Object 'Object Repository/AdminSuiteBootstrap_Pages/VT_Bootstrap/SaleKeyboard/input_userDefined1' is present

2024-10-31 21:58:26 - [MESSAGE][PASSED] - Object 'Object Repository/AdminSuiteBootstrap_Pages/VT_Bootstrap/SaleKeyboard/input_userDefined1' is present

2024-10-31 21:58:26 - [TEST_STEP][PASSED] - verifyElementVisible(findTestObject(path_SaleKB + "input_userDefined2")): Object 'Object Repository/AdminSuiteBootstrap_Pages/VT_Bootstrap/SaleKeyboard/input_userDefined2' is visible

2024-10-31 21:58:26 - [MESSAGE][PASSED] - Object 'Object Repository/AdminSuiteBootstrap_Pages/VT_Bootstrap/SaleKeyboard/input_userDefined2' is visible

2024-10-31 21:58:26 - [TEST_STEP][PASSED] - verifyElementPresent(findTestObject(path_SaleKB + "input_userDefined2"), 30): Object 'Object Repository/AdminSuiteBootstrap_Pages/VT_Bootstrap/SaleKeyboard/input_userDefined2' is present

2024-10-31 21:58:27 - [MESSAGE][PASSED] - Object 'Object Repository/AdminSuiteBootstrap_Pages/VT_Bootstrap/SaleKeyboard/input_userDefined2' is present

2024-10-31 21:58:27 - [TEST_STEP][PASSED] - verifyElementVisible(findTestObject(path_SaleKB + "input_userDefined3")): Object 'Object Repository/AdminSuiteBootstrap_Pages/VT_Bootstrap/SaleKeyboard/input_userDefined3' is visible

2024-10-31 21:58:27 - [MESSAGE][PASSED] - Object 'Object Repository/AdminSuiteBootstrap_Pages/VT_Bootstrap/SaleKeyboard/input_userDefined3' is visible

2024-10-31 21:58:27 - [TEST_STEP][PASSED] - verifyElementPresent(findTestObject(path_SaleKB + "input_userDefined3"), 30): Object 'Object Repository/AdminSuiteBootstrap_Pages/VT_Bootstrap/SaleKeyboard/input_userDefined3' is present

2024-10-31 21:58:27 - [MESSAGE][PASSED] - Object 'Object Repository/AdminSuiteBootstrap_Pages/VT_Bootstrap/SaleKeyboard/input_userDefined3' is present

2024-10-31 21:58:27 - [TEST_STEP][PASSED] - verifyElementVisible(findTestObject(path_SaleKB + "input_userDefined4")): Object 'Object Repository/AdminSuiteBootstrap_Pages/VT_Bootstrap/SaleKeyboard/input_userDefined4' is visible

2024-10-31 21:58:28 - [MESSAGE][PASSED] - Object 'Object Repository/AdminSuiteBootstrap_Pages/VT_Bootstrap/SaleKeyboard/input_userDefined4' is visible

2024-10-31 21:58:28 - [TEST_STEP][PASSED] - verifyElementPresent(findTestObject(path_SaleKB + "input_userDefined4"), 30): Object 'Object Repository/AdminSuiteBootstrap_Pages/VT_Bootstrap/SaleKeyboard/input_userDefined4' is present

2024-10-31 21:58:28 - [MESSAGE][PASSED] - Object 'Object Repository/AdminSuiteBootstrap_Pages/VT_Bootstrap/SaleKeyboard/input_userDefined4' is present

2024-10-31 21:58:28 - [TEST_STEP][PASSED] - verifyElementVisible(findTestObject(path_SaleKB + "select_UDF5_DropDown")): Object 'Object Repository/AdminSuiteBootstrap_Pages/VT_Bootstrap/SaleKeyboard/select_UDF5_DropDown' is visible

2024-10-31 21:58:28 - [MESSAGE][PASSED] - Object 'Object Repository/AdminSuiteBootstrap_Pages/VT_Bootstrap/SaleKeyboard/select_UDF5_DropDown' is visible

2024-10-31 21:58:28 - [TEST_STEP][PASSED] - verifyElementPresent(findTestObject(path_SaleKB + "select_UDF5_DropDown"), 30): Object 'Object Repository/AdminSuiteBootstrap_Pages/VT_Bootstrap/SaleKeyboard/select_UDF5_DropDown' is present

2024-10-31 21:58:29 - [MESSAGE][PASSED] - Object 'Object Repository/AdminSuiteBootstrap_Pages/VT_Bootstrap/SaleKeyboard/select_UDF5_DropDown' is present

2024-10-31 21:58:29 - [TEST_STEP][PASSED] - verifyElementVisible(findTestObject(path_SaleKB + "select_UDF6_DropDown")): Object 'Object Repository/AdminSuiteBootstrap_Pages/VT_Bootstrap/SaleKeyboard/select_UDF6_DropDown' is visible

2024-10-31 21:58:29 - [MESSAGE][PASSED] - Object 'Object Repository/AdminSuiteBootstrap_Pages/VT_Bootstrap/SaleKeyboard/select_UDF6_DropDown' is visible

2024-10-31 21:58:29 - [TEST_STEP][PASSED] - verifyElementPresent(findTestObject(path_SaleKB + "select_UDF6_DropDown"), 30): Object 'Object Repository/AdminSuiteBootstrap_Pages/VT_Bootstrap/SaleKeyboard/select_UDF6_DropDown' is present

2024-10-31 21:58:29 - [MESSAGE][PASSED] - Object 'Object Repository/AdminSuiteBootstrap_Pages/VT_Bootstrap/SaleKeyboard/select_UDF6_DropDown' is present

2024-10-31 21:58:29 - [TEST_STEP][PASSED] - verifyElementVisible(findTestObject(path_SaleKB + "input_userDefined7")): Object 'Object Repository/AdminSuiteBootstrap_Pages/VT_Bootstrap/SaleKeyboard/input_userDefined7' is visible

2024-10-31 21:58:30 - [MESSAGE][PASSED] - Object 'Object Repository/AdminSuiteBootstrap_Pages/VT_Bootstrap/SaleKeyboard/input_userDefined7' is visible

2024-10-31 21:58:30 - [TEST_STEP][PASSED] - verifyElementPresent(findTestObject(path_SaleKB + "input_userDefined7"), 30): Object 'Object Repository/AdminSuiteBootstrap_Pages/VT_Bootstrap/SaleKeyboard/input_userDefined7' is present

2024-10-31 21:58:30 - [MESSAGE][PASSED] - Object 'Object Repository/AdminSuiteBootstrap_Pages/VT_Bootstrap/SaleKeyboard/input_userDefined7' is present

2024-10-31 21:58:30 - [TEST_STEP][PASSED] - verifyElementVisible(findTestObject(path_SaleKB + "input_userDefined8")): Object 'Object Repository/AdminSuiteBootstrap_Pages/VT_Bootstrap/SaleKeyboard/input_userDefined8' is visible

2024-10-31 21:58:30 - [MESSAGE][PASSED] - Object 'Object Repository/AdminSuiteBootstrap_Pages/VT_Bootstrap/SaleKeyboard/input_userDefined8' is visible

2024-10-31 21:58:30 - [TEST_STEP][PASSED] - verifyElementPresent(findTestObject(path_SaleKB + "input_userDefined8"), 30): Object 'Object Repository/AdminSuiteBootstrap_Pages/VT_Bootstrap/SaleKeyboard/input_userDefined8' is present

2024-10-31 21:58:31 - [MESSAGE][PASSED] - Object 'Object Repository/AdminSuiteBootstrap_Pages/VT_Bootstrap/SaleKeyboard/input_userDefined8' is present

2024-10-31 21:58:31 - [TEST_STEP][PASSED] - verifyElementVisible(findTestObject(path_SaleKB + "input_userDefined9")): Object 'Object Repository/AdminSuiteBootstrap_Pages/VT_Bootstrap/SaleKeyboard/input_userDefined9' is visible

2024-10-31 21:58:31 - [MESSAGE][PASSED] - Object 'Object Repository/AdminSuiteBootstrap_Pages/VT_Bootstrap/SaleKeyboard/input_userDefined9' is visible

2024-10-31 21:58:31 - [TEST_STEP][PASSED] - verifyElementPresent(findTestObject(path_SaleKB + "input_userDefined9"), 30): Object 'Object Repository/AdminSuiteBootstrap_Pages/VT_Bootstrap/SaleKeyboard/input_userDefined9' is present

2024-10-31 21:58:31 - [MESSAGE][PASSED] - Object 'Object Repository/AdminSuiteBootstrap_Pages/VT_Bootstrap/SaleKeyboard/input_userDefined9' is present

2024-10-31 21:58:31 - [TEST_STEP][PASSED] - verifyElementVisible(findTestObject(path_SaleKB + "input_userDefined10")): Object 'Object Repository/AdminSuiteBootstrap_Pages/VT_Bootstrap/SaleKeyboard/input_userDefined10' is visible

2024-10-31 21:58:31 - [MESSAGE][PASSED] - Object 'Object Repository/AdminSuiteBootstrap_Pages/VT_Bootstrap/SaleKeyboard/input_userDefined10' is visible

2024-10-31 21:58:31 - [TEST_STEP][PASSED] - verifyElementPresent(findTestObject(path_SaleKB + "input_userDefined10"), 30): Object 'Object Repository/AdminSuiteBootstrap_Pages/VT_Bootstrap/SaleKeyboard/input_userDefined10' is present

2024-10-31 21:58:32 - [MESSAGE][PASSED] - Object 'Object Repository/AdminSuiteBootstrap_Pages/VT_Bootstrap/SaleKeyboard/input_userDefined10' is present

2024-10-31 21:58:32 - [TEST_STEP][PASSED] - verifyElementVisible(findTestObject(path_SaleKB + "button_Submit")): Object 'Object Repository/AdminSuiteBootstrap_Pages/VT_Bootstrap/SaleKeyboard/button_Submit' is visible

2024-10-31 21:58:32 - [MESSAGE][PASSED] - Object 'Object Repository/AdminSuiteBootstrap_Pages/VT_Bootstrap/SaleKeyboard/button_Submit' is visible

2024-10-31 21:58:32 - [TEST_STEP][PASSED] - verifyElementPresent(findTestObject(path_SaleKB + "button_Submit"), 30): Object 'Object Repository/AdminSuiteBootstrap_Pages/VT_Bootstrap/SaleKeyboard/button_Submit' is present

2024-10-31 21:58:32 - [MESSAGE][PASSED] - Object 'Object Repository/AdminSuiteBootstrap_Pages/VT_Bootstrap/SaleKeyboard/button_Submit' is present

2024-10-31 21:58:32 - [TEST_STEP][PASSED] - verifyElementVisible(findTestObject(path_SaleKB + "button_Reset_Auth")): Object 'Object Repository/AdminSuiteBootstrap_Pages/VT_Bootstrap/SaleKeyboard/button_Reset_Auth' is visible

2024-10-31 21:58:33 - [MESSAGE][PASSED] - Object 'Object Repository/AdminSuiteBootstrap_Pages/VT_Bootstrap/SaleKeyboard/button_Reset_Auth' is visible

2024-10-31 21:58:33 - [TEST_STEP][PASSED] - verifyElementPresent(findTestObject(path_SaleKB + "button_Reset_Auth"), 30): Object 'Object Repository/AdminSuiteBootstrap_Pages/VT_Bootstrap/SaleKeyboard/button_Reset_Auth' is present

2024-10-31 21:58:33 - [MESSAGE][PASSED] - Object 'Object Repository/AdminSuiteBootstrap_Pages/VT_Bootstrap/SaleKeyboard/button_Reset_Auth' is present]]></system-out>
         <system-err><![CDATA[2024-10-31 21:56:48 - [TEST_CASE][FAILED] - Test Cases/Admin Suite Bootstrap/VT_TestCases/VerifyAuthOnlyKeyboard_UI_1_TC: Test Cases/Admin Suite Bootstrap/VT_TestCases/VerifyAuthOnlyKeyboard_UI_1_TC FAILED.
Reason:
com.kms.katalon.core.exception.StepFailedException: Web element with id: 'Object Repository/AdminSuiteBootstrap_Pages/VT_Bootstrap/SaleKeyboard/input_smsNumber' located by '//*[@type = 'TEXT' and @name = 'smsNumber' and @id = 'smsNumber']' not found (Root cause: com.kms.katalon.core.exception.StepFailedException: Web element with id: 'Object Repository/AdminSuiteBootstrap_Pages/VT_Bootstrap/SaleKeyboard/input_smsNumber' located by '//*[@type = 'TEXT' and @name = 'smsNumber' and @id = 'smsNumber']' not found
	at com.kms.katalon.core.webui.keyword.internal.WebUIKeywordMain.stepFailed(WebUIKeywordMain.groovy:64)
	at com.kms.katalon.core.webui.keyword.builtin.VerifyElementVisibleKeyword$_verifyElementVisible_closure1.doCall(VerifyElementVisibleKeyword.groovy:89)
	at com.kms.katalon.core.webui.keyword.builtin.VerifyElementVisibleKeyword$_verifyElementVisible_closure1.call(VerifyElementVisibleKeyword.groovy)
	at com.kms.katalon.core.webui.keyword.internal.WebUIKeywordMain.runKeyword(WebUIKeywordMain.groovy:20)
	at com.kms.katalon.core.webui.keyword.builtin.VerifyElementVisibleKeyword.verifyElementVisible(VerifyElementVisibleKeyword.groovy:97)
	at com.kms.katalon.core.webui.keyword.builtin.VerifyElementVisibleKeyword.execute(VerifyElementVisibleKeyword.groovy:67)
	at com.kms.katalon.core.keyword.internal.KeywordExecutor.executeKeywordForPlatform(KeywordExecutor.groovy:74)
	at com.kms.katalon.core.webui.keyword.WebUiBuiltInKeywords.verifyElementVisible(WebUiBuiltInKeywords.groovy:376)
	at com.kms.katalon.core.webui.keyword.WebUiBuiltInKeywords$verifyElementVisible$4.call(Unknown Source)
	at VerifyAuthOnlyKeyboard_UI_1_TC.run(VerifyAuthOnlyKeyboard_UI_1_TC:92)
	at com.kms.katalon.core.main.ScriptEngine.run(ScriptEngine.java:194)
	at com.kms.katalon.core.main.ScriptEngine.runScriptAsRawText(ScriptEngine.java:119)
	at com.kms.katalon.core.main.TestCaseExecutor.runScript(TestCaseExecutor.java:448)
	at com.kms.katalon.core.main.TestCaseExecutor.doExecute(TestCaseExecutor.java:439)
	at com.kms.katalon.core.main.TestCaseExecutor.processExecutionPhase(TestCaseExecutor.java:418)
	at com.kms.katalon.core.main.TestCaseExecutor.accessMainPhase(TestCaseExecutor.java:410)
	at com.kms.katalon.core.main.TestCaseExecutor.execute(TestCaseExecutor.java:285)
	at com.kms.katalon.core.common.CommonExecutor.accessTestCaseMainPhase(CommonExecutor.java:65)
	at com.kms.katalon.core.main.TestSuiteExecutor.accessTestSuiteMainPhase(TestSuiteExecutor.java:148)
	at com.kms.katalon.core.main.TestSuiteExecutor.execute(TestSuiteExecutor.java:106)
	at com.kms.katalon.core.main.TestCaseMain.startTestSuite(TestCaseMain.java:187)
	at com.kms.katalon.core.main.TestCaseMain$startTestSuite$0.call(Unknown Source)
	at TempTestSuite1730425171054.run(TempTestSuite1730425171054.groovy:35)
)
	at com.kms.katalon.core.keyword.internal.KeywordMain.stepFailed(KeywordMain.groovy:39)
	at com.kms.katalon.core.webui.keyword.internal.WebUIKeywordMain.stepFailed(WebUIKeywordMain.groovy:64)
	at com.kms.katalon.core.webui.keyword.builtin.VerifyElementVisibleKeyword$_verifyElementVisible_closure1.doCall(VerifyElementVisibleKeyword.groovy:89)
	at com.kms.katalon.core.webui.keyword.builtin.VerifyElementVisibleKeyword$_verifyElementVisible_closure1.call(VerifyElementVisibleKeyword.groovy)
	at com.kms.katalon.core.webui.keyword.internal.WebUIKeywordMain.runKeyword(WebUIKeywordMain.groovy:20)
	at com.kms.katalon.core.webui.keyword.builtin.VerifyElementVisibleKeyword.verifyElementVisible(VerifyElementVisibleKeyword.groovy:97)
	at com.kms.katalon.core.webui.keyword.builtin.VerifyElementVisibleKeyword.execute(VerifyElementVisibleKeyword.groovy:67)
	at com.kms.katalon.core.keyword.internal.KeywordExecutor.executeKeywordForPlatform(KeywordExecutor.groovy:74)
	at com.kms.katalon.core.webui.keyword.WebUiBuiltInKeywords.verifyElementVisible(WebUiBuiltInKeywords.groovy:376)
	at com.kms.katalon.core.webui.keyword.WebUiBuiltInKeywords$verifyElementVisible$4.call(Unknown Source)
	at VerifyAuthOnlyKeyboard_UI_1_TC.run(VerifyAuthOnlyKeyboard_UI_1_TC:92)
	at com.kms.katalon.core.main.ScriptEngine.run(ScriptEngine.java:194)
	at com.kms.katalon.core.main.ScriptEngine.runScriptAsRawText(ScriptEngine.java:119)
	at com.kms.katalon.core.main.TestCaseExecutor.runScript(TestCaseExecutor.java:448)
	at com.kms.katalon.core.main.TestCaseExecutor.doExecute(TestCaseExecutor.java:439)
	at com.kms.katalon.core.main.TestCaseExecutor.processExecutionPhase(TestCaseExecutor.java:418)
	at com.kms.katalon.core.main.TestCaseExecutor.accessMainPhase(TestCaseExecutor.java:410)
	at com.kms.katalon.core.main.TestCaseExecutor.execute(TestCaseExecutor.java:285)
	at com.kms.katalon.core.common.CommonExecutor.accessTestCaseMainPhase(CommonExecutor.java:65)
	at com.kms.katalon.core.main.TestSuiteExecutor.accessTestSuiteMainPhase(TestSuiteExecutor.java:148)
	at com.kms.katalon.core.main.TestSuiteExecutor.execute(TestSuiteExecutor.java:106)
	at com.kms.katalon.core.main.TestCaseMain.startTestSuite(TestCaseMain.java:187)
	at com.kms.katalon.core.main.TestCaseMain$startTestSuite$0.call(Unknown Source)
	at TempTestSuite1730425171054.run(TempTestSuite1730425171054.groovy:35)
Caused by: com.kms.katalon.core.exception.StepFailedException: Web element with id: 'Object Repository/AdminSuiteBootstrap_Pages/VT_Bootstrap/SaleKeyboard/input_smsNumber' located by '//*[@type = 'TEXT' and @name = 'smsNumber' and @id = 'smsNumber']' not found
	... 23 more]]></system-err>
      </testcase>
      <testcase name="Test Cases/Admin Suite Bootstrap/VT_SearchTransaction_TestCases/VerifySearchTransactions_UI_TC" time="30.849" classname="Test Cases/Admin Suite Bootstrap/VT_SearchTransaction_TestCases/VerifySearchTransactions_UI_TC" status="PASSED">
         <system-out><![CDATA[2024-10-31 21:58:33 - [TEST_CASE][PASSED] - Test Cases/Admin Suite Bootstrap/VT_SearchTransaction_TestCases/VerifySearchTransactions_UI_TC: Test Cases/Admin Suite Bootstrap/VT_SearchTransaction_TestCases/VerifySearchTransactions_UI_TC

2024-10-31 21:58:34 - [TEST_STEP][PASSED] - path_Dashboard = "Object Repository/AdminSuiteBootstrap_Pages/Dashboard_Bootstrap/": null

2024-10-31 21:58:34 - [TEST_STEP][PASSED] - path_VT = "Object Repository/AdminSuiteBootstrap_Pages/VT_Bootstrap/IssueTransactions/": null

2024-10-31 21:58:34 - [TEST_STEP][PASSED] - path_SaleKB = "Object Repository/AdminSuiteBootstrap_Pages/VT_Bootstrap/SaleKeyboard/": null

2024-10-31 21:58:34 - [TEST_STEP][PASSED] - path_TestMinus = "Object Repository/Page_TestMinusAndAtSigns/": null

2024-10-31 21:58:34 - [TEST_STEP][PASSED] - path_Receipt = "Object Repository/AdminSuiteBootstrap_Pages/VT_Bootstrap/Receipt/": null

2024-10-31 21:58:34 - [TEST_STEP][PASSED] - path_CCSearch = "Object Repository/AdminSuiteBootstrap_Pages/VT_Bootstrap/CCCreditOrVoidSearch/": null

2024-10-31 21:58:34 - [TEST_STEP][PASSED] - path_SearchResults = "Object Repository/AdminSuiteBootstrap_Pages/VT_Bootstrap/SearchResults/": null

2024-10-31 21:58:34 - [TEST_STEP][PASSED] - path_TranxDetails = "Object Repository/AdminSuiteBootstrap_Pages/VT_Bootstrap/TransactionDetails/": null

2024-10-31 21:58:34 - [TEST_STEP][PASSED] - executionProfile = getExecutionProfile(): null

2024-10-31 21:58:34 - [TEST_STEP][PASSED] - out.println("executionProfile : " + executionProfile): null

2024-10-31 21:58:34 - [TEST_STEP][PASSED] - appName = <not implemented yet for class: org.codehaus.groovy.ast.expr.EmptyExpression>: null

2024-10-31 21:58:34 - [TEST_STEP][PASSED] - appID = <not implemented yet for class: org.codehaus.groovy.ast.expr.EmptyExpression>: null

2024-10-31 21:58:34 - [TEST_STEP][PASSED] - cardNameV = <not implemented yet for class: org.codehaus.groovy.ast.expr.EmptyExpression>: null

2024-10-31 21:58:34 - [TEST_STEP][PASSED] - al1V = <not implemented yet for class: org.codehaus.groovy.ast.expr.EmptyExpression>: null

2024-10-31 21:58:34 - [TEST_STEP][PASSED] - al2V = <not implemented yet for class: org.codehaus.groovy.ast.expr.EmptyExpression>: null

2024-10-31 21:58:34 - [TEST_STEP][PASSED] - zipV = <not implemented yet for class: org.codehaus.groovy.ast.expr.EmptyExpression>: null

2024-10-31 21:58:34 - [TEST_STEP][PASSED] - cardTypeV = <not implemented yet for class: org.codehaus.groovy.ast.expr.EmptyExpression>: null

2024-10-31 21:58:34 - [TEST_STEP][PASSED] - last4V = <not implemented yet for class: org.codehaus.groovy.ast.expr.EmptyExpression>: null

2024-10-31 21:58:34 - [TEST_STEP][PASSED] - numOfRows = <not implemented yet for class: org.codehaus.groovy.ast.expr.EmptyExpression>: null

2024-10-31 21:58:34 - [TEST_STEP][PASSED] - dataFile = <not implemented yet for class: org.codehaus.groovy.ast.expr.EmptyExpression>: null

2024-10-31 21:58:34 - [TEST_STEP][PASSED] - nameSheet = <not implemented yet for class: org.codehaus.groovy.ast.expr.EmptyExpression>: null

2024-10-31 21:58:34 - [TEST_STEP][PASSED] - numOfRows = findTestData("QA/Bootstrap/VT-SearchTransactions-TestData/VT-SearchTransactions").getRowNumbers(): null

2024-10-31 21:58:35 - [TEST_STEP][PASSED] - println("Number of Records: " + numOfRows): null

2024-10-31 21:58:35 - [TEST_STEP][PASSED] - dataFile = "QA/Bootstrap/VT-SearchTransactions-TestData/VT-SearchTransactions": null

2024-10-31 21:58:35 - [TEST_STEP][PASSED] - for ([row = 1, row <= numOfRows, (row++)]): Object 'Object Repository/AdminSuiteBootstrap_Pages/VT_Bootstrap/CCCreditOrVoidSearch/button_Submit' is present

2024-10-31 21:58:35 - [TEST_STEP][PASSED] - switch (executionProfile): null

2024-10-31 21:58:35 - [TEST_STEP][PASSED] - case "QA2Profile":: null

2024-10-31 21:58:35 - [TEST_STEP][PASSED] - appName = findTestData(dataFile).getValue("AppNameQA", row): null

2024-10-31 21:58:35 - [TEST_STEP][PASSED] - appID = findTestData(dataFile).getValue("AppIDQA", row): null

2024-10-31 21:58:35 - [TEST_STEP][PASSED] - break: null

2024-10-31 21:58:35 - [TEST_STEP][PASSED] - adminSuiteBootstrap.loginFunctionality.login_AdminSuite(): adminSuiteBootstrap.loginFunctionality.login_AdminSuite is PASSED

2024-10-31 21:58:35 - [MESSAGE][WARNING] - A browser is already opened. Closing browser and opening a new one

2024-10-31 21:58:36 - [MESSAGE][INFO] - Starting 'Chrome' driver

2024-10-31 21:58:36 - [MESSAGE][INFO] - User set preference: ['acceptInsecureCerts', 'true']

2024-10-31 21:58:36 - [MESSAGE][INFO] - Action delay is set to 0 milliseconds

2024-10-31 21:58:38 - [MESSAGE][PASSED] - Browser is opened with url: 'https://qa2.velocitypayment.com/admin/imtiaz'

2024-10-31 21:58:39 - [MESSAGE][PASSED] - Current window maximized

2024-10-31 21:58:40 - [MESSAGE][PASSED] - Object 'Object Repository/Login_Page/Login_Username_Okta' is present

2024-10-31 21:58:41 - [MESSAGE][PASSED] - Text 'iahmed' is set on object 'Object Repository/Login_Page/Login_Username_Okta'

2024-10-31 21:58:41 - [MESSAGE][PASSED] - Text 'Hello!7777777' is set on object 'Object Repository/Login_Page/Login_Password_Okta'

2024-10-31 21:58:42 - [MESSAGE][PASSED] - Object: 'Object Repository/Login_Page/Login_Submit_Okta' is clicked on

2024-10-31 21:58:42 - [MESSAGE][PASSED] - adminSuiteBootstrap.loginFunctionality.login_AdminSuite is PASSED

2024-10-31 21:58:42 - [TEST_STEP][PASSED] - click(findTestObject(path_Dashboard + appName)): Object: 'Object Repository/AdminSuiteBootstrap_Pages/Dashboard_Bootstrap/a_Access AutoNoCFtp' is clicked on

2024-10-31 21:58:50 - [MESSAGE][PASSED] - Object: 'Object Repository/AdminSuiteBootstrap_Pages/Dashboard_Bootstrap/a_Access AutoNoCFtp' is clicked on

2024-10-31 21:58:50 - [TEST_STEP][PASSED] - click(findTestObject(path_VT + "a_Search Transactions")): Object: 'Object Repository/AdminSuiteBootstrap_Pages/VT_Bootstrap/IssueTransactions/a_Search Transactions' is clicked on

2024-10-31 21:58:51 - [MESSAGE][PASSED] - Object: 'Object Repository/AdminSuiteBootstrap_Pages/VT_Bootstrap/IssueTransactions/a_Search Transactions' is clicked on

2024-10-31 21:58:51 - [TEST_STEP][PASSED] - verifyTextPresent("Transaction Search", true): Text 'Transaction Search' is present on page  using regular expression

2024-10-31 21:58:52 - [MESSAGE][PASSED] - Text 'Transaction Search' is present on page  using regular expression

2024-10-31 21:58:52 - [TEST_STEP][PASSED] - verifyTextPresent("Select the search date range, not to exceed 30 days", true): Text 'Select the search date range, not to exceed 30 days' is present on page  using regular expression

2024-10-31 21:58:52 - [MESSAGE][PASSED] - Text 'Select the search date range, not to exceed 30 days' is present on page  using regular expression

2024-10-31 21:58:52 - [TEST_STEP][PASSED] - verifyTextPresent("Time Zone : Eastern Standard Time", true): Text 'Time Zone : Eastern Standard Time' is present on page  using regular expression

2024-10-31 21:58:52 - [MESSAGE][PASSED] - Text 'Time Zone : Eastern Standard Time' is present on page  using regular expression

2024-10-31 21:58:52 - [TEST_STEP][PASSED] - verifyTextPresent("Credit Card Transactions", true): Text 'Credit Card Transactions' is present on page  using regular expression

2024-10-31 21:58:53 - [MESSAGE][PASSED] - Text 'Credit Card Transactions' is present on page  using regular expression

2024-10-31 21:58:53 - [TEST_STEP][PASSED] - verifyTextPresent("On-Line Check Transactions", true): Text 'On-Line Check Transactions' is present on page  using regular expression

2024-10-31 21:58:53 - [MESSAGE][PASSED] - Text 'On-Line Check Transactions' is present on page  using regular expression

2024-10-31 21:58:53 - [TEST_STEP][PASSED] - verifyTextPresent("Pinless Debit Transactions", true): Text 'Pinless Debit Transactions' is present on page  using regular expression

2024-10-31 21:58:53 - [MESSAGE][PASSED] - Text 'Pinless Debit Transactions' is present on page  using regular expression

2024-10-31 21:58:53 - [TEST_STEP][PASSED] - verifyTextPresent("Show Only Successful Transactions", true): Text 'Show Only Successful Transactions' is present on page  using regular expression

2024-10-31 21:58:54 - [MESSAGE][PASSED] - Text 'Show Only Successful Transactions' is present on page  using regular expression

2024-10-31 21:58:54 - [TEST_STEP][PASSED] - verifyTextPresent("Show Only Failure Transactions", true): Text 'Show Only Failure Transactions' is present on page  using regular expression

2024-10-31 21:58:54 - [MESSAGE][PASSED] - Text 'Show Only Failure Transactions' is present on page  using regular expression

2024-10-31 21:58:54 - [TEST_STEP][PASSED] - verifyOptionsPresent(findTestObject(path_CCSearch + "select_SearchBy"), ["Remittance ID", "Payment ID", "CC last 4 digit", "ACH last 4 digit"]): Options [Remittance ID, Payment ID, CC last 4 digit, ACH last 4 digit] present.

2024-10-31 21:58:55 - [MESSAGE][PASSED] - Options [Remittance ID, Payment ID, CC last 4 digit, ACH last 4 digit] present.

2024-10-31 21:58:55 - [TEST_STEP][PASSED] - verifyOptionsPresent(findTestObject(path_CCSearch + "select_SearchBy"), ["Email Address", "Amount", "Payer Name", "Client Account Number"]): Options [Email Address, Amount, Payer Name, Client Account Number] present.

2024-10-31 21:58:56 - [MESSAGE][PASSED] - Options [Email Address, Amount, Payer Name, Client Account Number] present.

2024-10-31 21:58:56 - [TEST_STEP][PASSED] - verifyOptionsPresent(findTestObject(path_CCSearch + "select_SearchBy"), ["UDF Label: UDF1", "UDF Label: UDF2", "UDF Label: UDF3", "UDF Label: UDF4", "UDF Label: UDF5"]): Options [UDF Label: UDF1, UDF Label: UDF2, UDF Label: UDF3, UDF Label: UDF4, UDF Label: UDF5] present.

2024-10-31 21:58:56 - [MESSAGE][PASSED] - Options [UDF Label: UDF1, UDF Label: UDF2, UDF Label: UDF3, UDF Label: UDF4, UDF Label: UDF5] present.

2024-10-31 21:58:56 - [TEST_STEP][PASSED] - verifyOptionsPresent(findTestObject(path_CCSearch + "select_SearchBy"), ["UDF Label: UDF6", "UDF Label: UDF7", "UDF Label: UDF8", "UDF Label: UDF9", "UDF Label: UDF 10"]): Options [UDF Label: UDF6, UDF Label: UDF7, UDF Label: UDF8, UDF Label: UDF9, UDF Label: UDF 10] present.

2024-10-31 21:58:57 - [MESSAGE][PASSED] - Options [UDF Label: UDF6, UDF Label: UDF7, UDF Label: UDF8, UDF Label: UDF9, UDF Label: UDF 10] present.

2024-10-31 21:58:57 - [TEST_STEP][PASSED] - verifyOptionsPresent(findTestObject(path_CCSearch + "select_SearchBy"), ["Phone Number", "Parcels"]): Options [Phone Number, Parcels] present.

2024-10-31 21:58:58 - [MESSAGE][PASSED] - Options [Phone Number, Parcels] present.

2024-10-31 21:58:58 - [TEST_STEP][PASSED] - verifyElementPresent(findTestObject(path_CCSearch + "input_Search By_searchValue"), 10): Object 'Object Repository/AdminSuiteBootstrap_Pages/VT_Bootstrap/CCCreditOrVoidSearch/input_Search By_searchValue' is present

2024-10-31 21:58:58 - [MESSAGE][PASSED] - Object 'Object Repository/AdminSuiteBootstrap_Pages/VT_Bootstrap/CCCreditOrVoidSearch/input_Search By_searchValue' is present

2024-10-31 21:58:58 - [TEST_STEP][PASSED] - verifyTextPresent("Advanced Search", true): Text 'Advanced Search' is present on page  using regular expression

2024-10-31 21:58:58 - [MESSAGE][PASSED] - Text 'Advanced Search' is present on page  using regular expression

2024-10-31 21:58:58 - [TEST_STEP][PASSED] - verifyElementPresent(findTestObject(path_CCSearch + "input_Search Value_wildcard"), 10): Object 'Object Repository/AdminSuiteBootstrap_Pages/VT_Bootstrap/CCCreditOrVoidSearch/input_Search Value_wildcard' is present

2024-10-31 21:58:59 - [MESSAGE][PASSED] - Object 'Object Repository/AdminSuiteBootstrap_Pages/VT_Bootstrap/CCCreditOrVoidSearch/input_Search Value_wildcard' is present

2024-10-31 21:58:59 - [TEST_STEP][PASSED] - verifyElementPresent(findTestObject(path_CCSearch + "input_StartCalendar"), 10): Object 'Object Repository/AdminSuiteBootstrap_Pages/VT_Bootstrap/CCCreditOrVoidSearch/input_StartCalendar' is present

2024-10-31 21:58:59 - [MESSAGE][PASSED] - Object 'Object Repository/AdminSuiteBootstrap_Pages/VT_Bootstrap/CCCreditOrVoidSearch/input_StartCalendar' is present

2024-10-31 21:58:59 - [TEST_STEP][PASSED] - verifyElementPresent(findTestObject(path_CCSearch + "input_EndCalendar"), 10): Object 'Object Repository/AdminSuiteBootstrap_Pages/VT_Bootstrap/CCCreditOrVoidSearch/input_EndCalendar' is present

2024-10-31 21:58:59 - [MESSAGE][PASSED] - Object 'Object Repository/AdminSuiteBootstrap_Pages/VT_Bootstrap/CCCreditOrVoidSearch/input_EndCalendar' is present

2024-10-31 21:58:59 - [TEST_STEP][PASSED] - verifyElementPresent(findTestObject(path_CCSearch + "option_TransType"), 10): Object 'Object Repository/AdminSuiteBootstrap_Pages/VT_Bootstrap/CCCreditOrVoidSearch/option_TransType' is present

2024-10-31 21:59:00 - [MESSAGE][PASSED] - Object 'Object Repository/AdminSuiteBootstrap_Pages/VT_Bootstrap/CCCreditOrVoidSearch/option_TransType' is present

2024-10-31 21:59:00 - [TEST_STEP][PASSED] - verifyElementPresent(findTestObject(path_CCSearch + "option_Credit_CC"), 10): Object 'Object Repository/AdminSuiteBootstrap_Pages/VT_Bootstrap/CCCreditOrVoidSearch/option_Credit_CC' is present

2024-10-31 21:59:00 - [MESSAGE][PASSED] - Object 'Object Repository/AdminSuiteBootstrap_Pages/VT_Bootstrap/CCCreditOrVoidSearch/option_Credit_CC' is present

2024-10-31 21:59:00 - [TEST_STEP][PASSED] - verifyElementPresent(findTestObject(path_CCSearch + "option_Capture (Sale)"), 10): Object 'Object Repository/AdminSuiteBootstrap_Pages/VT_Bootstrap/CCCreditOrVoidSearch/option_Capture (Sale)' is present

2024-10-31 21:59:00 - [MESSAGE][PASSED] - Object 'Object Repository/AdminSuiteBootstrap_Pages/VT_Bootstrap/CCCreditOrVoidSearch/option_Capture (Sale)' is present

2024-10-31 21:59:00 - [TEST_STEP][PASSED] - verifyElementPresent(findTestObject(path_CCSearch + "option_Void_CC"), 10): Object 'Object Repository/AdminSuiteBootstrap_Pages/VT_Bootstrap/CCCreditOrVoidSearch/option_Void_CC' is present

2024-10-31 21:59:01 - [MESSAGE][PASSED] - Object 'Object Repository/AdminSuiteBootstrap_Pages/VT_Bootstrap/CCCreditOrVoidSearch/option_Void_CC' is present

2024-10-31 21:59:01 - [TEST_STEP][PASSED] - verifyElementPresent(findTestObject(path_CCSearch + "option_Authorization"), 10): Object 'Object Repository/AdminSuiteBootstrap_Pages/VT_Bootstrap/CCCreditOrVoidSearch/option_Authorization' is present

2024-10-31 21:59:01 - [MESSAGE][PASSED] - Object 'Object Repository/AdminSuiteBootstrap_Pages/VT_Bootstrap/CCCreditOrVoidSearch/option_Authorization' is present

2024-10-31 21:59:01 - [TEST_STEP][PASSED] - verifyElementPresent(findTestObject(path_CCSearch + "option_Manual Authorization"), 10): Object 'Object Repository/AdminSuiteBootstrap_Pages/VT_Bootstrap/CCCreditOrVoidSearch/option_Manual Authorization' is present

2024-10-31 21:59:01 - [MESSAGE][PASSED] - Object 'Object Repository/AdminSuiteBootstrap_Pages/VT_Bootstrap/CCCreditOrVoidSearch/option_Manual Authorization' is present

2024-10-31 21:59:01 - [TEST_STEP][PASSED] - verifyElementPresent(findTestObject(path_CCSearch + "option_Debit"), 10): Object 'Object Repository/AdminSuiteBootstrap_Pages/VT_Bootstrap/CCCreditOrVoidSearch/option_Debit' is present

2024-10-31 21:59:02 - [MESSAGE][PASSED] - Object 'Object Repository/AdminSuiteBootstrap_Pages/VT_Bootstrap/CCCreditOrVoidSearch/option_Debit' is present

2024-10-31 21:59:02 - [TEST_STEP][PASSED] - verifyElementPresent(findTestObject(path_CCSearch + "option_Credit_ACH"), 10): Object 'Object Repository/AdminSuiteBootstrap_Pages/VT_Bootstrap/CCCreditOrVoidSearch/option_Credit_ACH' is present

2024-10-31 21:59:02 - [MESSAGE][PASSED] - Object 'Object Repository/AdminSuiteBootstrap_Pages/VT_Bootstrap/CCCreditOrVoidSearch/option_Credit_ACH' is present

2024-10-31 21:59:02 - [TEST_STEP][PASSED] - verifyElementPresent(findTestObject(path_CCSearch + "option_Void_ACH"), 10): Object 'Object Repository/AdminSuiteBootstrap_Pages/VT_Bootstrap/CCCreditOrVoidSearch/option_Void_ACH' is present

2024-10-31 21:59:02 - [MESSAGE][PASSED] - Object 'Object Repository/AdminSuiteBootstrap_Pages/VT_Bootstrap/CCCreditOrVoidSearch/option_Void_ACH' is present

2024-10-31 21:59:02 - [TEST_STEP][PASSED] - verifyElementPresent(findTestObject(path_CCSearch + "option_Pinless Debit"), 10): Object 'Object Repository/AdminSuiteBootstrap_Pages/VT_Bootstrap/CCCreditOrVoidSearch/option_Pinless Debit' is present

2024-10-31 21:59:03 - [MESSAGE][PASSED] - Object 'Object Repository/AdminSuiteBootstrap_Pages/VT_Bootstrap/CCCreditOrVoidSearch/option_Pinless Debit' is present

2024-10-31 21:59:03 - [TEST_STEP][PASSED] - verifyElementPresent(findTestObject(path_CCSearch + "option_Pinless Credit"), 10): Object 'Object Repository/AdminSuiteBootstrap_Pages/VT_Bootstrap/CCCreditOrVoidSearch/option_Pinless Credit' is present

2024-10-31 21:59:03 - [MESSAGE][PASSED] - Object 'Object Repository/AdminSuiteBootstrap_Pages/VT_Bootstrap/CCCreditOrVoidSearch/option_Pinless Credit' is present

2024-10-31 21:59:03 - [TEST_STEP][PASSED] - verifyElementPresent(findTestObject(path_CCSearch + "input_ShowOnlySuccessfulTransactions"), 10): Object 'Object Repository/AdminSuiteBootstrap_Pages/VT_Bootstrap/CCCreditOrVoidSearch/input_ShowOnlySuccessfulTransactions' is present

2024-10-31 21:59:03 - [MESSAGE][PASSED] - Object 'Object Repository/AdminSuiteBootstrap_Pages/VT_Bootstrap/CCCreditOrVoidSearch/input_ShowOnlySuccessfulTransactions' is present

2024-10-31 21:59:03 - [TEST_STEP][PASSED] - verifyElementPresent(findTestObject(path_CCSearch + "input_ShowOnlyFailureTransactions"), 10): Object 'Object Repository/AdminSuiteBootstrap_Pages/VT_Bootstrap/CCCreditOrVoidSearch/input_ShowOnlyFailureTransactions' is present

2024-10-31 21:59:04 - [MESSAGE][PASSED] - Object 'Object Repository/AdminSuiteBootstrap_Pages/VT_Bootstrap/CCCreditOrVoidSearch/input_ShowOnlyFailureTransactions' is present

2024-10-31 21:59:04 - [TEST_STEP][PASSED] - verifyElementPresent(findTestObject(path_CCSearch + "button_Submit"), 10): Object 'Object Repository/AdminSuiteBootstrap_Pages/VT_Bootstrap/CCCreditOrVoidSearch/button_Submit' is present

2024-10-31 21:59:04 - [MESSAGE][PASSED] - Object 'Object Repository/AdminSuiteBootstrap_Pages/VT_Bootstrap/CCCreditOrVoidSearch/button_Submit' is present]]></system-out>
         <system-err><![CDATA[]]></system-err>
      </testcase>
      <testcase name="Test Cases/Admin Suite Bootstrap/VT_SearchTransaction_TestCases/Sale_SearchTransaction_Generic_TC" time="111.595" classname="Test Cases/Admin Suite Bootstrap/VT_SearchTransaction_TestCases/Sale_SearchTransaction_Generic_TC" status="FAILED">
         <failure type="FAILED" message="Test Cases/Admin Suite Bootstrap/VT_SearchTransaction_TestCases/Sale_SearchTransaction_Generic_TC FAILED.
Reason:
com.kms.katalon.core.exception.StepFailedException: Unable to set text '7038946699' of object 'Object Repository/AdminSuiteBootstrap_Pages/VT_Bootstrap/SaleKeyboard/input_smsNumber' (Root cause: com.kms.katalon.core.exception.StepFailedException: Unable to set text '7038946699' of object 'Object Repository/AdminSuiteBootstrap_Pages/VT_Bootstrap/SaleKeyboard/input_smsNumber'
	at com.kms.katalon.core.webui.keyword.internal.WebUIKeywordMain.stepFailed(WebUIKeywordMain.groovy:64)
	at com.kms.katalon.core.webui.keyword.internal.WebUIKeywordMain.runKeyword(WebUIKeywordMain.groovy:26)
	at com.kms.katalon.core.webui.keyword.builtin.SetTextKeyword.setText(SetTextKeyword.groovy:66)
	at com.kms.katalon.core.webui.keyword.builtin.SetTextKeyword.execute(SetTextKeyword.groovy:37)
	at com.kms.katalon.core.keyword.internal.KeywordExecutor.executeKeywordForPlatform(KeywordExecutor.groovy:74)
	at com.kms.katalon.core.webui.keyword.WebUiBuiltInKeywords.setText(WebUiBuiltInKeywords.groovy:980)
	at com.kms.katalon.core.webui.keyword.WebUiBuiltInKeywords$setText$2.call(Unknown Source)
	at adminSuiteBootstrap.virtualTerminalSetData.saleKeyboard_DataDriven(virtualTerminalSetData.groovy:169)
	at adminSuiteBootstrap.virtualTerminalSetData.invokeMethod(virtualTerminalSetData.groovy)
	at com.kms.katalon.core.main.CustomKeywordDelegatingMetaClass.invokeStaticMethod(CustomKeywordDelegatingMetaClass.java:55)
	at Sale_SearchTransaction_Generic_TC.run(Sale_SearchTransaction_Generic_TC:130)
	at com.kms.katalon.core.main.ScriptEngine.run(ScriptEngine.java:194)
	at com.kms.katalon.core.main.ScriptEngine.runScriptAsRawText(ScriptEngine.java:119)
	at com.kms.katalon.core.main.TestCaseExecutor.runScript(TestCaseExecutor.java:448)
	at com.kms.katalon.core.main.TestCaseExecutor.doExecute(TestCaseExecutor.java:439)
	at com.kms.katalon.core.main.TestCaseExecutor.processExecutionPhase(TestCaseExecutor.java:418)
	at com.kms.katalon.core.main.TestCaseExecutor.accessMainPhase(TestCaseExecutor.java:410)
	at com.kms.katalon.core.main.TestCaseExecutor.execute(TestCaseExecutor.java:285)
	at com.kms.katalon.core.common.CommonExecutor.accessTestCaseMainPhase(CommonExecutor.java:65)
	at com.kms.katalon.core.main.TestSuiteExecutor.accessTestSuiteMainPhase(TestSuiteExecutor.java:148)
	at com.kms.katalon.core.main.TestSuiteExecutor.execute(TestSuiteExecutor.java:106)
	at com.kms.katalon.core.main.TestCaseMain.startTestSuite(TestCaseMain.java:187)
	at com.kms.katalon.core.main.TestCaseMain$startTestSuite$0.call(Unknown Source)
	at TempTestSuite1730425171054.run(TempTestSuite1730425171054.groovy:35)
Caused by: com.kms.katalon.core.webui.exception.WebElementNotFoundException: Web element with id: 'Object Repository/AdminSuiteBootstrap_Pages/VT_Bootstrap/SaleKeyboard/input_smsNumber' located by '//*[@type = 'TEXT' and @name = 'smsNumber' and @id = 'smsNumber']' not found
	at com.kms.katalon.core.webui.common.WebUiCommonHelper.findWebElement(WebUiCommonHelper.java:1381)
	at com.kms.katalon.core.webui.keyword.internal.WebUIAbstractKeyword.findWebElement(WebUIAbstractKeyword.groovy:27)
	at com.kms.katalon.core.webui.keyword.internal.WebUIAbstractKeyword.findWebElement(WebUIAbstractKeyword.groovy:26)
	at com.kms.katalon.core.webui.keyword.builtin.SetTextKeyword$_setText_closure1.doCall(SetTextKeyword.groovy:51)
	at com.kms.katalon.core.webui.keyword.builtin.SetTextKeyword$_setText_closure1.call(SetTextKeyword.groovy)
	at com.kms.katalon.core.webui.keyword.internal.WebUIKeywordMain.runKeyword(WebUIKeywordMain.groovy:20)
	at com.kms.katalon.core.webui.keyword.builtin.SetTextKeyword.setText(SetTextKeyword.groovy:66)
	at com.kms.katalon.core.webui.keyword.builtin.SetTextKeyword.execute(SetTextKeyword.groovy:37)
	at com.kms.katalon.core.keyword.internal.KeywordExecutor.executeKeywordForPlatform(KeywordExecutor.groovy:74)
	at com.kms.katalon.core.webui.keyword.WebUiBuiltInKeywords.setText(WebUiBuiltInKeywords.groovy:980)
	at com.kms.katalon.core.webui.keyword.WebUiBuiltInKeywords$setText$2.call(Unknown Source)
	at adminSuiteBootstrap.virtualTerminalSetData.saleKeyboard_DataDriven(virtualTerminalSetData.groovy:169)
	at adminSuiteBootstrap.virtualTerminalSetData.invokeMethod(virtualTerminalSetData.groovy)
	at com.kms.katalon.core.main.CustomKeywordDelegatingMetaClass.invokeStaticMethod(CustomKeywordDelegatingMetaClass.java:55)
	at Script1648754750707.run(Script1648754750707.groovy:130)
	... 13 more
)
	at com.kms.katalon.core.keyword.internal.KeywordMain.stepFailed(KeywordMain.groovy:39)
	at com.kms.katalon.core.webui.keyword.internal.WebUIKeywordMain.stepFailed(WebUIKeywordMain.groovy:64)
	at com.kms.katalon.core.webui.keyword.internal.WebUIKeywordMain.runKeyword(WebUIKeywordMain.groovy:26)
	at com.kms.katalon.core.webui.keyword.builtin.SetTextKeyword.setText(SetTextKeyword.groovy:66)
	at com.kms.katalon.core.webui.keyword.builtin.SetTextKeyword.execute(SetTextKeyword.groovy:37)
	at com.kms.katalon.core.keyword.internal.KeywordExecutor.executeKeywordForPlatform(KeywordExecutor.groovy:74)
	at com.kms.katalon.core.webui.keyword.WebUiBuiltInKeywords.setText(WebUiBuiltInKeywords.groovy:980)
	at com.kms.katalon.core.webui.keyword.WebUiBuiltInKeywords$setText$2.call(Unknown Source)
	at adminSuiteBootstrap.virtualTerminalSetData.saleKeyboard_DataDriven(virtualTerminalSetData.groovy:169)
	at adminSuiteBootstrap.virtualTerminalSetData.invokeMethod(virtualTerminalSetData.groovy)
	at com.kms.katalon.core.main.CustomKeywordDelegatingMetaClass.invokeStaticMethod(CustomKeywordDelegatingMetaClass.java:55)
	at Sale_SearchTransaction_Generic_TC.run(Sale_SearchTransaction_Generic_TC:130)
	at com.kms.katalon.core.main.ScriptEngine.run(ScriptEngine.java:194)
	at com.kms.katalon.core.main.ScriptEngine.runScriptAsRawText(ScriptEngine.java:119)
	at com.kms.katalon.core.main.TestCaseExecutor.runScript(TestCaseExecutor.java:448)
	at com.kms.katalon.core.main.TestCaseExecutor.doExecute(TestCaseExecutor.java:439)
	at com.kms.katalon.core.main.TestCaseExecutor.processExecutionPhase(TestCaseExecutor.java:418)
	at com.kms.katalon.core.main.TestCaseExecutor.accessMainPhase(TestCaseExecutor.java:410)
	at com.kms.katalon.core.main.TestCaseExecutor.execute(TestCaseExecutor.java:285)
	at com.kms.katalon.core.common.CommonExecutor.accessTestCaseMainPhase(CommonExecutor.java:65)
	at com.kms.katalon.core.main.TestSuiteExecutor.accessTestSuiteMainPhase(TestSuiteExecutor.java:148)
	at com.kms.katalon.core.main.TestSuiteExecutor.execute(TestSuiteExecutor.java:106)
	at com.kms.katalon.core.main.TestCaseMain.startTestSuite(TestCaseMain.java:187)
	at com.kms.katalon.core.main.TestCaseMain$startTestSuite$0.call(Unknown Source)
	at TempTestSuite1730425171054.run(TempTestSuite1730425171054.groovy:35)
Caused by: com.kms.katalon.core.exception.StepFailedException: Unable to set text '7038946699' of object 'Object Repository/AdminSuiteBootstrap_Pages/VT_Bootstrap/SaleKeyboard/input_smsNumber'
	... 24 more
Caused by: com.kms.katalon.core.webui.exception.WebElementNotFoundException: Web element with id: 'Object Repository/AdminSuiteBootstrap_Pages/VT_Bootstrap/SaleKeyboard/input_smsNumber' located by '//*[@type = 'TEXT' and @name = 'smsNumber' and @id = 'smsNumber']' not found
	at com.kms.katalon.core.webui.common.WebUiCommonHelper.findWebElement(WebUiCommonHelper.java:1381)
	at com.kms.katalon.core.webui.keyword.internal.WebUIAbstractKeyword.findWebElement(WebUIAbstractKeyword.groovy:27)
	at com.kms.katalon.core.webui.keyword.internal.WebUIAbstractKeyword.findWebElement(WebUIAbstractKeyword.groovy:26)
	at com.kms.katalon.core.webui.keyword.builtin.SetTextKeyword$_setText_closure1.doCall(SetTextKeyword.groovy:51)
	at com.kms.katalon.core.webui.keyword.builtin.SetTextKeyword$_setText_closure1.call(SetTextKeyword.groovy)
	at com.kms.katalon.core.webui.keyword.internal.WebUIKeywordMain.runKeyword(WebUIKeywordMain.groovy:20)
	... 22 more
"/>
         <system-out><![CDATA[2024-10-31 21:59:04 - [TEST_CASE][FAILED] - Test Cases/Admin Suite Bootstrap/VT_SearchTransaction_TestCases/Sale_SearchTransaction_Generic_TC: Test Cases/Admin Suite Bootstrap/VT_SearchTransaction_TestCases/Sale_SearchTransaction_Generic_TC FAILED.
Reason:
com.kms.katalon.core.exception.StepFailedException: Unable to set text '7038946699' of object 'Object Repository/AdminSuiteBootstrap_Pages/VT_Bootstrap/SaleKeyboard/input_smsNumber' (Root cause: com.kms.katalon.core.exception.StepFailedException: Unable to set text '7038946699' of object 'Object Repository/AdminSuiteBootstrap_Pages/VT_Bootstrap/SaleKeyboard/input_smsNumber'
	at com.kms.katalon.core.webui.keyword.internal.WebUIKeywordMain.stepFailed(WebUIKeywordMain.groovy:64)
	at com.kms.katalon.core.webui.keyword.internal.WebUIKeywordMain.runKeyword(WebUIKeywordMain.groovy:26)
	at com.kms.katalon.core.webui.keyword.builtin.SetTextKeyword.setText(SetTextKeyword.groovy:66)
	at com.kms.katalon.core.webui.keyword.builtin.SetTextKeyword.execute(SetTextKeyword.groovy:37)
	at com.kms.katalon.core.keyword.internal.KeywordExecutor.executeKeywordForPlatform(KeywordExecutor.groovy:74)
	at com.kms.katalon.core.webui.keyword.WebUiBuiltInKeywords.setText(WebUiBuiltInKeywords.groovy:980)
	at com.kms.katalon.core.webui.keyword.WebUiBuiltInKeywords$setText$2.call(Unknown Source)
	at adminSuiteBootstrap.virtualTerminalSetData.saleKeyboard_DataDriven(virtualTerminalSetData.groovy:169)
	at adminSuiteBootstrap.virtualTerminalSetData.invokeMethod(virtualTerminalSetData.groovy)
	at com.kms.katalon.core.main.CustomKeywordDelegatingMetaClass.invokeStaticMethod(CustomKeywordDelegatingMetaClass.java:55)
	at Sale_SearchTransaction_Generic_TC.run(Sale_SearchTransaction_Generic_TC:130)
	at com.kms.katalon.core.main.ScriptEngine.run(ScriptEngine.java:194)
	at com.kms.katalon.core.main.ScriptEngine.runScriptAsRawText(ScriptEngine.java:119)
	at com.kms.katalon.core.main.TestCaseExecutor.runScript(TestCaseExecutor.java:448)
	at com.kms.katalon.core.main.TestCaseExecutor.doExecute(TestCaseExecutor.java:439)
	at com.kms.katalon.core.main.TestCaseExecutor.processExecutionPhase(TestCaseExecutor.java:418)
	at com.kms.katalon.core.main.TestCaseExecutor.accessMainPhase(TestCaseExecutor.java:410)
	at com.kms.katalon.core.main.TestCaseExecutor.execute(TestCaseExecutor.java:285)
	at com.kms.katalon.core.common.CommonExecutor.accessTestCaseMainPhase(CommonExecutor.java:65)
	at com.kms.katalon.core.main.TestSuiteExecutor.accessTestSuiteMainPhase(TestSuiteExecutor.java:148)
	at com.kms.katalon.core.main.TestSuiteExecutor.execute(TestSuiteExecutor.java:106)
	at com.kms.katalon.core.main.TestCaseMain.startTestSuite(TestCaseMain.java:187)
	at com.kms.katalon.core.main.TestCaseMain$startTestSuite$0.call(Unknown Source)
	at TempTestSuite1730425171054.run(TempTestSuite1730425171054.groovy:35)
Caused by: com.kms.katalon.core.webui.exception.WebElementNotFoundException: Web element with id: 'Object Repository/AdminSuiteBootstrap_Pages/VT_Bootstrap/SaleKeyboard/input_smsNumber' located by '//*[@type = 'TEXT' and @name = 'smsNumber' and @id = 'smsNumber']' not found
	at com.kms.katalon.core.webui.common.WebUiCommonHelper.findWebElement(WebUiCommonHelper.java:1381)
	at com.kms.katalon.core.webui.keyword.internal.WebUIAbstractKeyword.findWebElement(WebUIAbstractKeyword.groovy:27)
	at com.kms.katalon.core.webui.keyword.internal.WebUIAbstractKeyword.findWebElement(WebUIAbstractKeyword.groovy:26)
	at com.kms.katalon.core.webui.keyword.builtin.SetTextKeyword$_setText_closure1.doCall(SetTextKeyword.groovy:51)
	at com.kms.katalon.core.webui.keyword.builtin.SetTextKeyword$_setText_closure1.call(SetTextKeyword.groovy)
	at com.kms.katalon.core.webui.keyword.internal.WebUIKeywordMain.runKeyword(WebUIKeywordMain.groovy:20)
	at com.kms.katalon.core.webui.keyword.builtin.SetTextKeyword.setText(SetTextKeyword.groovy:66)
	at com.kms.katalon.core.webui.keyword.builtin.SetTextKeyword.execute(SetTextKeyword.groovy:37)
	at com.kms.katalon.core.keyword.internal.KeywordExecutor.executeKeywordForPlatform(KeywordExecutor.groovy:74)
	at com.kms.katalon.core.webui.keyword.WebUiBuiltInKeywords.setText(WebUiBuiltInKeywords.groovy:980)
	at com.kms.katalon.core.webui.keyword.WebUiBuiltInKeywords$setText$2.call(Unknown Source)
	at adminSuiteBootstrap.virtualTerminalSetData.saleKeyboard_DataDriven(virtualTerminalSetData.groovy:169)
	at adminSuiteBootstrap.virtualTerminalSetData.invokeMethod(virtualTerminalSetData.groovy)
	at com.kms.katalon.core.main.CustomKeywordDelegatingMetaClass.invokeStaticMethod(CustomKeywordDelegatingMetaClass.java:55)
	at Script1648754750707.run(Script1648754750707.groovy:130)
	... 13 more
)
	at com.kms.katalon.core.keyword.internal.KeywordMain.stepFailed(KeywordMain.groovy:39)
	at com.kms.katalon.core.webui.keyword.internal.WebUIKeywordMain.stepFailed(WebUIKeywordMain.groovy:64)
	at com.kms.katalon.core.webui.keyword.internal.WebUIKeywordMain.runKeyword(WebUIKeywordMain.groovy:26)
	at com.kms.katalon.core.webui.keyword.builtin.SetTextKeyword.setText(SetTextKeyword.groovy:66)
	at com.kms.katalon.core.webui.keyword.builtin.SetTextKeyword.execute(SetTextKeyword.groovy:37)
	at com.kms.katalon.core.keyword.internal.KeywordExecutor.executeKeywordForPlatform(KeywordExecutor.groovy:74)
	at com.kms.katalon.core.webui.keyword.WebUiBuiltInKeywords.setText(WebUiBuiltInKeywords.groovy:980)
	at com.kms.katalon.core.webui.keyword.WebUiBuiltInKeywords$setText$2.call(Unknown Source)
	at adminSuiteBootstrap.virtualTerminalSetData.saleKeyboard_DataDriven(virtualTerminalSetData.groovy:169)
	at adminSuiteBootstrap.virtualTerminalSetData.invokeMethod(virtualTerminalSetData.groovy)
	at com.kms.katalon.core.main.CustomKeywordDelegatingMetaClass.invokeStaticMethod(CustomKeywordDelegatingMetaClass.java:55)
	at Sale_SearchTransaction_Generic_TC.run(Sale_SearchTransaction_Generic_TC:130)
	at com.kms.katalon.core.main.ScriptEngine.run(ScriptEngine.java:194)
	at com.kms.katalon.core.main.ScriptEngine.runScriptAsRawText(ScriptEngine.java:119)
	at com.kms.katalon.core.main.TestCaseExecutor.runScript(TestCaseExecutor.java:448)
	at com.kms.katalon.core.main.TestCaseExecutor.doExecute(TestCaseExecutor.java:439)
	at com.kms.katalon.core.main.TestCaseExecutor.processExecutionPhase(TestCaseExecutor.java:418)
	at com.kms.katalon.core.main.TestCaseExecutor.accessMainPhase(TestCaseExecutor.java:410)
	at com.kms.katalon.core.main.TestCaseExecutor.execute(TestCaseExecutor.java:285)
	at com.kms.katalon.core.common.CommonExecutor.accessTestCaseMainPhase(CommonExecutor.java:65)
	at com.kms.katalon.core.main.TestSuiteExecutor.accessTestSuiteMainPhase(TestSuiteExecutor.java:148)
	at com.kms.katalon.core.main.TestSuiteExecutor.execute(TestSuiteExecutor.java:106)
	at com.kms.katalon.core.main.TestCaseMain.startTestSuite(TestCaseMain.java:187)
	at com.kms.katalon.core.main.TestCaseMain$startTestSuite$0.call(Unknown Source)
	at TempTestSuite1730425171054.run(TempTestSuite1730425171054.groovy:35)
Caused by: com.kms.katalon.core.exception.StepFailedException: Unable to set text '7038946699' of object 'Object Repository/AdminSuiteBootstrap_Pages/VT_Bootstrap/SaleKeyboard/input_smsNumber'
	... 24 more
Caused by: com.kms.katalon.core.webui.exception.WebElementNotFoundException: Web element with id: 'Object Repository/AdminSuiteBootstrap_Pages/VT_Bootstrap/SaleKeyboard/input_smsNumber' located by '//*[@type = 'TEXT' and @name = 'smsNumber' and @id = 'smsNumber']' not found
	at com.kms.katalon.core.webui.common.WebUiCommonHelper.findWebElement(WebUiCommonHelper.java:1381)
	at com.kms.katalon.core.webui.keyword.internal.WebUIAbstractKeyword.findWebElement(WebUIAbstractKeyword.groovy:27)
	at com.kms.katalon.core.webui.keyword.internal.WebUIAbstractKeyword.findWebElement(WebUIAbstractKeyword.groovy:26)
	at com.kms.katalon.core.webui.keyword.builtin.SetTextKeyword$_setText_closure1.doCall(SetTextKeyword.groovy:51)
	at com.kms.katalon.core.webui.keyword.builtin.SetTextKeyword$_setText_closure1.call(SetTextKeyword.groovy)
	at com.kms.katalon.core.webui.keyword.internal.WebUIKeywordMain.runKeyword(WebUIKeywordMain.groovy:20)
	... 22 more


2024-10-31 21:59:05 - [TEST_STEP][PASSED] - path_Dashboard = "Object Repository/AdminSuiteBootstrap_Pages/Dashboard_Bootstrap/": null

2024-10-31 21:59:05 - [TEST_STEP][PASSED] - path_VT = "Object Repository/AdminSuiteBootstrap_Pages/VT_Bootstrap/IssueTransactions/": null

2024-10-31 21:59:05 - [TEST_STEP][PASSED] - path_SaleKB = "Object Repository/AdminSuiteBootstrap_Pages/VT_Bootstrap/SaleKeyboard/": null

2024-10-31 21:59:05 - [TEST_STEP][PASSED] - path_TestMinus = "Object Repository/Page_TestMinusAndAtSigns/": null

2024-10-31 21:59:05 - [TEST_STEP][PASSED] - path_Receipt = "Object Repository/AdminSuiteBootstrap_Pages/VT_Bootstrap/Receipt/": null

2024-10-31 21:59:05 - [TEST_STEP][PASSED] - path_CCSearch = "Object Repository/AdminSuiteBootstrap_Pages/VT_Bootstrap/CCCreditOrVoidSearch/": null

2024-10-31 21:59:05 - [TEST_STEP][PASSED] - path_SearchResults = "Object Repository/AdminSuiteBootstrap_Pages/VT_Bootstrap/SearchResults/": null

2024-10-31 21:59:05 - [TEST_STEP][PASSED] - path_TranxDetails = "Object Repository/AdminSuiteBootstrap_Pages/VT_Bootstrap/TransactionDetails/": null

2024-10-31 21:59:05 - [TEST_STEP][PASSED] - li_1 = vpos_Prefix: null

2024-10-31 21:59:05 - [TEST_STEP][PASSED] - li_2 = "/transactions/AuthCapForm/": null

2024-10-31 21:59:05 - [TEST_STEP][PASSED] - executionProfile = getExecutionProfile(): null

2024-10-31 21:59:05 - [TEST_STEP][PASSED] - out.println("executionProfile : " + executionProfile): null

2024-10-31 21:59:05 - [TEST_STEP][PASSED] - appName = <not implemented yet for class: org.codehaus.groovy.ast.expr.EmptyExpression>: null

2024-10-31 21:59:05 - [TEST_STEP][PASSED] - appID = <not implemented yet for class: org.codehaus.groovy.ast.expr.EmptyExpression>: null

2024-10-31 21:59:05 - [TEST_STEP][PASSED] - cardNameV = <not implemented yet for class: org.codehaus.groovy.ast.expr.EmptyExpression>: null

2024-10-31 21:59:05 - [TEST_STEP][PASSED] - al1V = <not implemented yet for class: org.codehaus.groovy.ast.expr.EmptyExpression>: null

2024-10-31 21:59:05 - [TEST_STEP][PASSED] - al2V = <not implemented yet for class: org.codehaus.groovy.ast.expr.EmptyExpression>: null

2024-10-31 21:59:05 - [TEST_STEP][PASSED] - zipV = <not implemented yet for class: org.codehaus.groovy.ast.expr.EmptyExpression>: null

2024-10-31 21:59:05 - [TEST_STEP][PASSED] - cardTypeV = <not implemented yet for class: org.codehaus.groovy.ast.expr.EmptyExpression>: null

2024-10-31 21:59:05 - [TEST_STEP][PASSED] - last4V = <not implemented yet for class: org.codehaus.groovy.ast.expr.EmptyExpression>: null

2024-10-31 21:59:05 - [TEST_STEP][PASSED] - resText = "Fail": null

2024-10-31 21:59:05 - [TEST_STEP][PASSED] - resColumn = "Result": null

2024-10-31 21:59:05 - [TEST_STEP][PASSED] - datCloumn = "Date": null

2024-10-31 21:59:05 - [TEST_STEP][PASSED] - fileLoc = "KatalonData/Bootstrap/VT-Misc-Data.xlsx": null

2024-10-31 21:59:05 - [TEST_STEP][PASSED] - numOfRows = <not implemented yet for class: org.codehaus.groovy.ast.expr.EmptyExpression>: null

2024-10-31 21:59:05 - [TEST_STEP][PASSED] - dataFile = <not implemented yet for class: org.codehaus.groovy.ast.expr.EmptyExpression>: null

2024-10-31 21:59:05 - [TEST_STEP][PASSED] - nameSheet = <not implemented yet for class: org.codehaus.groovy.ast.expr.EmptyExpression>: null

2024-10-31 21:59:05 - [TEST_STEP][PASSED] - nameSheet = "SaleSearchTransactions": null

2024-10-31 21:59:05 - [TEST_STEP][PASSED] - numOfRows = findTestData("QA/Bootstrap/VT-SearchTransactions-TestData/VT-SaleSearchTransactions").getRowNumbers(): null

2024-10-31 21:59:05 - [TEST_STEP][PASSED] - println("Number of Records: " + numOfRows): null

2024-10-31 21:59:05 - [TEST_STEP][PASSED] - dataFile = "QA/Bootstrap/VT-SearchTransactions-TestData/VT-SaleSearchTransactions": null

2024-10-31 21:59:05 - [TEST_STEP][FAILED] - for ([row = 1, row <= numOfRows, (row++)]): null

2024-10-31 21:59:05 - [TEST_STEP][PASSED] - ExecuteTC = findTestData(dataFile).getValue("Execute", row): null

2024-10-31 21:59:05 - [TEST_STEP][PASSED] - out.println("Value of Execute is : " + ExecuteTC): null

2024-10-31 21:59:05 - [TEST_STEP][PASSED] - switch (executionProfile): null

2024-10-31 21:59:05 - [TEST_STEP][PASSED] - case "QA2Profile":: null

2024-10-31 21:59:05 - [TEST_STEP][PASSED] - appName = findTestData(dataFile).getValue("AppNameQA", row): null

2024-10-31 21:59:05 - [TEST_STEP][PASSED] - appID = findTestData(dataFile).getValue("AppIDQA", row): null

2024-10-31 21:59:05 - [TEST_STEP][PASSED] - break: null

2024-10-31 21:59:05 - [TEST_STEP][PASSED] - hrefAppID = li_1 + appID + li_2: null

2024-10-31 21:59:05 - [TEST_STEP][PASSED] - hrefApp = li_1 + appID + "/": null

2024-10-31 21:59:05 - [TEST_STEP][PASSED] - println("hrefApp : " + hrefApp): null

2024-10-31 21:59:05 - [TEST_STEP][PASSED] - if (ExecuteTC.equalsIgnoreCase("Y")): null

2024-10-31 21:59:05 - [TEST_STEP][PASSED] - ExecuteTC = findTestData(dataFile).getValue("Execute", row): null

2024-10-31 21:59:05 - [TEST_STEP][PASSED] - out.println("Value of Execute is : " + ExecuteTC): null

2024-10-31 21:59:05 - [TEST_STEP][PASSED] - switch (executionProfile): null

2024-10-31 21:59:05 - [TEST_STEP][PASSED] - case "QA2Profile":: null

2024-10-31 21:59:05 - [TEST_STEP][PASSED] - appName = findTestData(dataFile).getValue("AppNameQA", row): null

2024-10-31 21:59:05 - [TEST_STEP][PASSED] - appID = findTestData(dataFile).getValue("AppIDQA", row): null

2024-10-31 21:59:05 - [TEST_STEP][PASSED] - break: null

2024-10-31 21:59:05 - [TEST_STEP][PASSED] - hrefAppID = li_1 + appID + li_2: null

2024-10-31 21:59:05 - [TEST_STEP][PASSED] - hrefApp = li_1 + appID + "/": null

2024-10-31 21:59:05 - [TEST_STEP][PASSED] - println("hrefApp : " + hrefApp): null

2024-10-31 21:59:05 - [TEST_STEP][PASSED] - if (ExecuteTC.equalsIgnoreCase("Y")): null

2024-10-31 21:59:05 - [TEST_STEP][PASSED] - ExecuteTC = findTestData(dataFile).getValue("Execute", row): null

2024-10-31 21:59:06 - [TEST_STEP][PASSED] - out.println("Value of Execute is : " + ExecuteTC): null

2024-10-31 21:59:06 - [TEST_STEP][PASSED] - switch (executionProfile): null

2024-10-31 21:59:06 - [TEST_STEP][PASSED] - case "QA2Profile":: null

2024-10-31 21:59:06 - [TEST_STEP][PASSED] - appName = findTestData(dataFile).getValue("AppNameQA", row): null

2024-10-31 21:59:06 - [TEST_STEP][PASSED] - appID = findTestData(dataFile).getValue("AppIDQA", row): null

2024-10-31 21:59:06 - [TEST_STEP][PASSED] - break: null

2024-10-31 21:59:06 - [TEST_STEP][PASSED] - hrefAppID = li_1 + appID + li_2: null

2024-10-31 21:59:06 - [TEST_STEP][PASSED] - hrefApp = li_1 + appID + "/": null

2024-10-31 21:59:06 - [TEST_STEP][PASSED] - println("hrefApp : " + hrefApp): null

2024-10-31 21:59:06 - [TEST_STEP][PASSED] - if (ExecuteTC.equalsIgnoreCase("Y")): null

2024-10-31 21:59:06 - [TEST_STEP][PASSED] - ExecuteTC = findTestData(dataFile).getValue("Execute", row): null

2024-10-31 21:59:06 - [TEST_STEP][PASSED] - out.println("Value of Execute is : " + ExecuteTC): null

2024-10-31 21:59:06 - [TEST_STEP][PASSED] - switch (executionProfile): null

2024-10-31 21:59:06 - [TEST_STEP][PASSED] - case "QA2Profile":: null

2024-10-31 21:59:06 - [TEST_STEP][PASSED] - appName = findTestData(dataFile).getValue("AppNameQA", row): null

2024-10-31 21:59:06 - [TEST_STEP][PASSED] - appID = findTestData(dataFile).getValue("AppIDQA", row): null

2024-10-31 21:59:06 - [TEST_STEP][PASSED] - break: null

2024-10-31 21:59:06 - [TEST_STEP][PASSED] - hrefAppID = li_1 + appID + li_2: null

2024-10-31 21:59:06 - [TEST_STEP][PASSED] - hrefApp = li_1 + appID + "/": null

2024-10-31 21:59:06 - [TEST_STEP][PASSED] - println("hrefApp : " + hrefApp): null

2024-10-31 21:59:06 - [TEST_STEP][PASSED] - if (ExecuteTC.equalsIgnoreCase("Y")): null

2024-10-31 21:59:06 - [TEST_STEP][PASSED] - ExecuteTC = findTestData(dataFile).getValue("Execute", row): null

2024-10-31 21:59:06 - [TEST_STEP][PASSED] - out.println("Value of Execute is : " + ExecuteTC): null

2024-10-31 21:59:06 - [TEST_STEP][PASSED] - switch (executionProfile): null

2024-10-31 21:59:06 - [TEST_STEP][PASSED] - case "QA2Profile":: null

2024-10-31 21:59:06 - [TEST_STEP][PASSED] - appName = findTestData(dataFile).getValue("AppNameQA", row): null

2024-10-31 21:59:06 - [TEST_STEP][PASSED] - appID = findTestData(dataFile).getValue("AppIDQA", row): null

2024-10-31 21:59:06 - [TEST_STEP][PASSED] - break: null

2024-10-31 21:59:06 - [TEST_STEP][PASSED] - hrefAppID = li_1 + appID + li_2: null

2024-10-31 21:59:06 - [TEST_STEP][PASSED] - hrefApp = li_1 + appID + "/": null

2024-10-31 21:59:06 - [TEST_STEP][PASSED] - println("hrefApp : " + hrefApp): null

2024-10-31 21:59:06 - [TEST_STEP][PASSED] - if (ExecuteTC.equalsIgnoreCase("Y")): null

2024-10-31 21:59:06 - [TEST_STEP][PASSED] - ExecuteTC = findTestData(dataFile).getValue("Execute", row): null

2024-10-31 21:59:07 - [TEST_STEP][PASSED] - out.println("Value of Execute is : " + ExecuteTC): null

2024-10-31 21:59:07 - [TEST_STEP][PASSED] - switch (executionProfile): null

2024-10-31 21:59:07 - [TEST_STEP][PASSED] - case "QA2Profile":: null

2024-10-31 21:59:07 - [TEST_STEP][PASSED] - appName = findTestData(dataFile).getValue("AppNameQA", row): null

2024-10-31 21:59:07 - [TEST_STEP][PASSED] - appID = findTestData(dataFile).getValue("AppIDQA", row): null

2024-10-31 21:59:07 - [TEST_STEP][PASSED] - break: null

2024-10-31 21:59:07 - [TEST_STEP][PASSED] - hrefAppID = li_1 + appID + li_2: null

2024-10-31 21:59:07 - [TEST_STEP][PASSED] - hrefApp = li_1 + appID + "/": null

2024-10-31 21:59:07 - [TEST_STEP][PASSED] - println("hrefApp : " + hrefApp): null

2024-10-31 21:59:07 - [TEST_STEP][PASSED] - if (ExecuteTC.equalsIgnoreCase("Y")): null

2024-10-31 21:59:07 - [TEST_STEP][PASSED] - ExecuteTC = findTestData(dataFile).getValue("Execute", row): null

2024-10-31 21:59:07 - [TEST_STEP][PASSED] - out.println("Value of Execute is : " + ExecuteTC): null

2024-10-31 21:59:07 - [TEST_STEP][PASSED] - switch (executionProfile): null

2024-10-31 21:59:07 - [TEST_STEP][PASSED] - case "QA2Profile":: null

2024-10-31 21:59:07 - [TEST_STEP][PASSED] - appName = findTestData(dataFile).getValue("AppNameQA", row): null

2024-10-31 21:59:07 - [TEST_STEP][PASSED] - appID = findTestData(dataFile).getValue("AppIDQA", row): null

2024-10-31 21:59:07 - [TEST_STEP][PASSED] - break: null

2024-10-31 21:59:07 - [TEST_STEP][PASSED] - hrefAppID = li_1 + appID + li_2: null

2024-10-31 21:59:07 - [TEST_STEP][PASSED] - hrefApp = li_1 + appID + "/": null

2024-10-31 21:59:07 - [TEST_STEP][PASSED] - println("hrefApp : " + hrefApp): null

2024-10-31 21:59:07 - [TEST_STEP][PASSED] - if (ExecuteTC.equalsIgnoreCase("Y")): null

2024-10-31 21:59:07 - [TEST_STEP][PASSED] - ExecuteTC = findTestData(dataFile).getValue("Execute", row): null

2024-10-31 21:59:07 - [TEST_STEP][PASSED] - out.println("Value of Execute is : " + ExecuteTC): null

2024-10-31 21:59:07 - [TEST_STEP][PASSED] - switch (executionProfile): null

2024-10-31 21:59:07 - [TEST_STEP][PASSED] - case "QA2Profile":: null

2024-10-31 21:59:07 - [TEST_STEP][PASSED] - appName = findTestData(dataFile).getValue("AppNameQA", row): null

2024-10-31 21:59:07 - [TEST_STEP][PASSED] - appID = findTestData(dataFile).getValue("AppIDQA", row): null

2024-10-31 21:59:07 - [TEST_STEP][PASSED] - break: null

2024-10-31 21:59:07 - [TEST_STEP][PASSED] - hrefAppID = li_1 + appID + li_2: null

2024-10-31 21:59:07 - [TEST_STEP][PASSED] - hrefApp = li_1 + appID + "/": null

2024-10-31 21:59:07 - [TEST_STEP][PASSED] - println("hrefApp : " + hrefApp): null

2024-10-31 21:59:07 - [TEST_STEP][PASSED] - if (ExecuteTC.equalsIgnoreCase("Y")): null

2024-10-31 21:59:07 - [TEST_STEP][PASSED] - ExecuteTC = findTestData(dataFile).getValue("Execute", row): null

2024-10-31 21:59:07 - [TEST_STEP][PASSED] - out.println("Value of Execute is : " + ExecuteTC): null

2024-10-31 21:59:07 - [TEST_STEP][PASSED] - switch (executionProfile): null

2024-10-31 21:59:07 - [TEST_STEP][PASSED] - case "QA2Profile":: null

2024-10-31 21:59:07 - [TEST_STEP][PASSED] - appName = findTestData(dataFile).getValue("AppNameQA", row): null

2024-10-31 21:59:07 - [TEST_STEP][PASSED] - appID = findTestData(dataFile).getValue("AppIDQA", row): null

2024-10-31 21:59:07 - [TEST_STEP][PASSED] - break: null

2024-10-31 21:59:07 - [TEST_STEP][PASSED] - hrefAppID = li_1 + appID + li_2: null

2024-10-31 21:59:07 - [TEST_STEP][PASSED] - hrefApp = li_1 + appID + "/": null

2024-10-31 21:59:07 - [TEST_STEP][PASSED] - println("hrefApp : " + hrefApp): null

2024-10-31 21:59:07 - [TEST_STEP][PASSED] - if (ExecuteTC.equalsIgnoreCase("Y")): null

2024-10-31 21:59:07 - [TEST_STEP][PASSED] - ExecuteTC = findTestData(dataFile).getValue("Execute", row): null

2024-10-31 21:59:07 - [TEST_STEP][PASSED] - out.println("Value of Execute is : " + ExecuteTC): null

2024-10-31 21:59:07 - [TEST_STEP][PASSED] - switch (executionProfile): null

2024-10-31 21:59:07 - [TEST_STEP][PASSED] - case "QA2Profile":: null

2024-10-31 21:59:07 - [TEST_STEP][PASSED] - appName = findTestData(dataFile).getValue("AppNameQA", row): null

2024-10-31 21:59:08 - [TEST_STEP][PASSED] - appID = findTestData(dataFile).getValue("AppIDQA", row): null

2024-10-31 21:59:08 - [TEST_STEP][PASSED] - break: null

2024-10-31 21:59:08 - [TEST_STEP][PASSED] - hrefAppID = li_1 + appID + li_2: null

2024-10-31 21:59:08 - [TEST_STEP][PASSED] - hrefApp = li_1 + appID + "/": null

2024-10-31 21:59:08 - [TEST_STEP][PASSED] - println("hrefApp : " + hrefApp): null

2024-10-31 21:59:08 - [TEST_STEP][PASSED] - if (ExecuteTC.equalsIgnoreCase("Y")): null

2024-10-31 21:59:08 - [TEST_STEP][PASSED] - ExecuteTC = findTestData(dataFile).getValue("Execute", row): null

2024-10-31 21:59:08 - [TEST_STEP][PASSED] - out.println("Value of Execute is : " + ExecuteTC): null

2024-10-31 21:59:08 - [TEST_STEP][PASSED] - switch (executionProfile): null

2024-10-31 21:59:08 - [TEST_STEP][PASSED] - case "QA2Profile":: null

2024-10-31 21:59:08 - [TEST_STEP][PASSED] - appName = findTestData(dataFile).getValue("AppNameQA", row): null

2024-10-31 21:59:08 - [TEST_STEP][PASSED] - appID = findTestData(dataFile).getValue("AppIDQA", row): null

2024-10-31 21:59:08 - [TEST_STEP][PASSED] - break: null

2024-10-31 21:59:08 - [TEST_STEP][PASSED] - hrefAppID = li_1 + appID + li_2: null

2024-10-31 21:59:08 - [TEST_STEP][PASSED] - hrefApp = li_1 + appID + "/": null

2024-10-31 21:59:08 - [TEST_STEP][PASSED] - println("hrefApp : " + hrefApp): null

2024-10-31 21:59:08 - [TEST_STEP][PASSED] - if (ExecuteTC.equalsIgnoreCase("Y")): null

2024-10-31 21:59:08 - [TEST_STEP][PASSED] - ExecuteTC = findTestData(dataFile).getValue("Execute", row): null

2024-10-31 21:59:08 - [TEST_STEP][PASSED] - out.println("Value of Execute is : " + ExecuteTC): null

2024-10-31 21:59:08 - [TEST_STEP][PASSED] - switch (executionProfile): null

2024-10-31 21:59:08 - [TEST_STEP][PASSED] - case "QA2Profile":: null

2024-10-31 21:59:08 - [TEST_STEP][PASSED] - appName = findTestData(dataFile).getValue("AppNameQA", row): null

2024-10-31 21:59:08 - [TEST_STEP][PASSED] - appID = findTestData(dataFile).getValue("AppIDQA", row): null

2024-10-31 21:59:08 - [TEST_STEP][PASSED] - break: null

2024-10-31 21:59:08 - [TEST_STEP][PASSED] - hrefAppID = li_1 + appID + li_2: null

2024-10-31 21:59:08 - [TEST_STEP][PASSED] - hrefApp = li_1 + appID + "/": null

2024-10-31 21:59:08 - [TEST_STEP][PASSED] - println("hrefApp : " + hrefApp): null

2024-10-31 21:59:08 - [TEST_STEP][PASSED] - if (ExecuteTC.equalsIgnoreCase("Y")): null

2024-10-31 21:59:08 - [TEST_STEP][PASSED] - ExecuteTC = findTestData(dataFile).getValue("Execute", row): null

2024-10-31 21:59:08 - [TEST_STEP][PASSED] - out.println("Value of Execute is : " + ExecuteTC): null

2024-10-31 21:59:08 - [TEST_STEP][PASSED] - switch (executionProfile): null

2024-10-31 21:59:08 - [TEST_STEP][PASSED] - case "QA2Profile":: null

2024-10-31 21:59:08 - [TEST_STEP][PASSED] - appName = findTestData(dataFile).getValue("AppNameQA", row): null

2024-10-31 21:59:08 - [TEST_STEP][PASSED] - appID = findTestData(dataFile).getValue("AppIDQA", row): null

2024-10-31 21:59:08 - [TEST_STEP][PASSED] - break: null

2024-10-31 21:59:08 - [TEST_STEP][PASSED] - hrefAppID = li_1 + appID + li_2: null

2024-10-31 21:59:08 - [TEST_STEP][PASSED] - hrefApp = li_1 + appID + "/": null

2024-10-31 21:59:08 - [TEST_STEP][PASSED] - println("hrefApp : " + hrefApp): null

2024-10-31 21:59:08 - [TEST_STEP][PASSED] - if (ExecuteTC.equalsIgnoreCase("Y")): null

2024-10-31 21:59:08 - [TEST_STEP][PASSED] - ExecuteTC = findTestData(dataFile).getValue("Execute", row): null

2024-10-31 21:59:08 - [TEST_STEP][PASSED] - out.println("Value of Execute is : " + ExecuteTC): null

2024-10-31 21:59:08 - [TEST_STEP][PASSED] - switch (executionProfile): null

2024-10-31 21:59:08 - [TEST_STEP][PASSED] - case "QA2Profile":: null

2024-10-31 21:59:08 - [TEST_STEP][PASSED] - appName = findTestData(dataFile).getValue("AppNameQA", row): null

2024-10-31 21:59:08 - [TEST_STEP][PASSED] - appID = findTestData(dataFile).getValue("AppIDQA", row): null

2024-10-31 21:59:09 - [TEST_STEP][PASSED] - break: null

2024-10-31 21:59:09 - [TEST_STEP][PASSED] - hrefAppID = li_1 + appID + li_2: null

2024-10-31 21:59:09 - [TEST_STEP][PASSED] - hrefApp = li_1 + appID + "/": null

2024-10-31 21:59:09 - [TEST_STEP][PASSED] - println("hrefApp : " + hrefApp): null

2024-10-31 21:59:09 - [TEST_STEP][PASSED] - if (ExecuteTC.equalsIgnoreCase("Y")): null

2024-10-31 21:59:09 - [TEST_STEP][PASSED] - ExecuteTC = findTestData(dataFile).getValue("Execute", row): null

2024-10-31 21:59:09 - [TEST_STEP][PASSED] - out.println("Value of Execute is : " + ExecuteTC): null

2024-10-31 21:59:09 - [TEST_STEP][PASSED] - switch (executionProfile): null

2024-10-31 21:59:09 - [TEST_STEP][PASSED] - case "QA2Profile":: null

2024-10-31 21:59:09 - [TEST_STEP][PASSED] - appName = findTestData(dataFile).getValue("AppNameQA", row): null

2024-10-31 21:59:09 - [TEST_STEP][PASSED] - appID = findTestData(dataFile).getValue("AppIDQA", row): null

2024-10-31 21:59:09 - [TEST_STEP][PASSED] - break: null

2024-10-31 21:59:09 - [TEST_STEP][PASSED] - hrefAppID = li_1 + appID + li_2: null

2024-10-31 21:59:09 - [TEST_STEP][PASSED] - hrefApp = li_1 + appID + "/": null

2024-10-31 21:59:09 - [TEST_STEP][PASSED] - println("hrefApp : " + hrefApp): null

2024-10-31 21:59:09 - [TEST_STEP][PASSED] - if (ExecuteTC.equalsIgnoreCase("Y")): null

2024-10-31 21:59:09 - [TEST_STEP][PASSED] - ExecuteTC = findTestData(dataFile).getValue("Execute", row): null

2024-10-31 21:59:09 - [TEST_STEP][PASSED] - out.println("Value of Execute is : " + ExecuteTC): null

2024-10-31 21:59:09 - [TEST_STEP][PASSED] - switch (executionProfile): null

2024-10-31 21:59:09 - [TEST_STEP][PASSED] - case "QA2Profile":: null

2024-10-31 21:59:09 - [TEST_STEP][PASSED] - appName = findTestData(dataFile).getValue("AppNameQA", row): null

2024-10-31 21:59:09 - [TEST_STEP][PASSED] - appID = findTestData(dataFile).getValue("AppIDQA", row): null

2024-10-31 21:59:09 - [TEST_STEP][PASSED] - break: null

2024-10-31 21:59:09 - [TEST_STEP][PASSED] - hrefAppID = li_1 + appID + li_2: null

2024-10-31 21:59:09 - [TEST_STEP][PASSED] - hrefApp = li_1 + appID + "/": null

2024-10-31 21:59:09 - [TEST_STEP][PASSED] - println("hrefApp : " + hrefApp): null

2024-10-31 21:59:09 - [TEST_STEP][PASSED] - if (ExecuteTC.equalsIgnoreCase("Y")): null

2024-10-31 21:59:09 - [TEST_STEP][PASSED] - ExecuteTC = findTestData(dataFile).getValue("Execute", row): null

2024-10-31 21:59:09 - [TEST_STEP][PASSED] - out.println("Value of Execute is : " + ExecuteTC): null

2024-10-31 21:59:09 - [TEST_STEP][PASSED] - switch (executionProfile): null

2024-10-31 21:59:09 - [TEST_STEP][PASSED] - case "QA2Profile":: null

2024-10-31 21:59:09 - [TEST_STEP][PASSED] - appName = findTestData(dataFile).getValue("AppNameQA", row): null

2024-10-31 21:59:09 - [TEST_STEP][PASSED] - appID = findTestData(dataFile).getValue("AppIDQA", row): null

2024-10-31 21:59:09 - [TEST_STEP][PASSED] - break: null

2024-10-31 21:59:09 - [TEST_STEP][PASSED] - hrefAppID = li_1 + appID + li_2: null

2024-10-31 21:59:09 - [TEST_STEP][PASSED] - hrefApp = li_1 + appID + "/": null

2024-10-31 21:59:09 - [TEST_STEP][PASSED] - println("hrefApp : " + hrefApp): null

2024-10-31 21:59:09 - [TEST_STEP][PASSED] - if (ExecuteTC.equalsIgnoreCase("Y")): null

2024-10-31 21:59:09 - [TEST_STEP][PASSED] - ExecuteTC = findTestData(dataFile).getValue("Execute", row): null

2024-10-31 21:59:09 - [TEST_STEP][PASSED] - out.println("Value of Execute is : " + ExecuteTC): null

2024-10-31 21:59:09 - [TEST_STEP][PASSED] - switch (executionProfile): null

2024-10-31 21:59:09 - [TEST_STEP][PASSED] - case "QA2Profile":: null

2024-10-31 21:59:09 - [TEST_STEP][PASSED] - appName = findTestData(dataFile).getValue("AppNameQA", row): null

2024-10-31 21:59:09 - [TEST_STEP][PASSED] - appID = findTestData(dataFile).getValue("AppIDQA", row): null

2024-10-31 21:59:09 - [TEST_STEP][PASSED] - break: null

2024-10-31 21:59:09 - [TEST_STEP][PASSED] - hrefAppID = li_1 + appID + li_2: null

2024-10-31 21:59:09 - [TEST_STEP][PASSED] - hrefApp = li_1 + appID + "/": null

2024-10-31 21:59:09 - [TEST_STEP][PASSED] - println("hrefApp : " + hrefApp): null

2024-10-31 21:59:09 - [TEST_STEP][FAILED] - if (ExecuteTC.equalsIgnoreCase("Y")): null

2024-10-31 21:59:09 - [TEST_STEP][PASSED] - out.println("Begin Record Number: " + row): null

2024-10-31 21:59:09 - [TEST_STEP][PASSED] - today = new java.util.Date(): null

2024-10-31 21:59:09 - [TEST_STEP][PASSED] - println(today): null

2024-10-31 21:59:09 - [TEST_STEP][PASSED] - datText = today: null

2024-10-31 21:59:09 - [TEST_STEP][PASSED] - adminSuiteBootstrap.loginFunctionality.login_AdminSuite(): adminSuiteBootstrap.loginFunctionality.login_AdminSuite is PASSED

2024-10-31 21:59:09 - [MESSAGE][WARNING] - A browser is already opened. Closing browser and opening a new one

2024-10-31 21:59:11 - [MESSAGE][INFO] - Starting 'Chrome' driver

2024-10-31 21:59:11 - [MESSAGE][INFO] - User set preference: ['acceptInsecureCerts', 'true']

2024-10-31 21:59:11 - [MESSAGE][INFO] - Action delay is set to 0 milliseconds

2024-10-31 21:59:13 - [MESSAGE][PASSED] - Browser is opened with url: 'https://qa2.velocitypayment.com/admin/imtiaz'

2024-10-31 21:59:14 - [MESSAGE][PASSED] - Current window maximized

2024-10-31 21:59:14 - [MESSAGE][PASSED] - Object 'Object Repository/Login_Page/Login_Username_Okta' is present

2024-10-31 21:59:15 - [MESSAGE][PASSED] - Text 'iahmed' is set on object 'Object Repository/Login_Page/Login_Username_Okta'

2024-10-31 21:59:16 - [MESSAGE][PASSED] - Text 'Hello!7777777' is set on object 'Object Repository/Login_Page/Login_Password_Okta'

2024-10-31 21:59:16 - [MESSAGE][PASSED] - Object: 'Object Repository/Login_Page/Login_Submit_Okta' is clicked on

2024-10-31 21:59:16 - [MESSAGE][PASSED] - adminSuiteBootstrap.loginFunctionality.login_AdminSuite is PASSED

2024-10-31 21:59:16 - [TEST_STEP][PASSED] - click(findTestObject(path_Dashboard + appName)): Object: 'Object Repository/AdminSuiteBootstrap_Pages/Dashboard_Bootstrap/a_Access AutoNoCFtp' is clicked on

2024-10-31 21:59:24 - [MESSAGE][PASSED] - Object: 'Object Repository/AdminSuiteBootstrap_Pages/Dashboard_Bootstrap/a_Access AutoNoCFtp' is clicked on

2024-10-31 21:59:24 - [TEST_STEP][PASSED] - click(findTestObject(path_VT + "button_Authorization  Capture (Sale)")): Object: 'Object Repository/AdminSuiteBootstrap_Pages/VT_Bootstrap/IssueTransactions/button_Authorization  Capture (Sale)' is clicked on

2024-10-31 21:59:25 - [MESSAGE][PASSED] - Object: 'Object Repository/AdminSuiteBootstrap_Pages/VT_Bootstrap/IssueTransactions/button_Authorization  Capture (Sale)' is clicked on

2024-10-31 21:59:25 - [TEST_STEP][PASSED] - saleKeyboardEntryLink = modifyObjectProperty(findTestObject(path_VT + "a_KeyboardEntry_Sale"), "href", "equals", hrefAppID, true): Modify property of object successfully

2024-10-31 21:59:25 - [MESSAGE][PASSED] - Modify property of object successfully

2024-10-31 21:59:25 - [TEST_STEP][PASSED] - click(saleKeyboardEntryLink): Object: 'Object Repository/AdminSuiteBootstrap_Pages/VT_Bootstrap/IssueTransactions/a_KeyboardEntry_Sale' is clicked on

2024-10-31 21:59:26 - [MESSAGE][PASSED] - Object: 'Object Repository/AdminSuiteBootstrap_Pages/VT_Bootstrap/IssueTransactions/a_KeyboardEntry_Sale' is clicked on

2024-10-31 21:59:26 - [TEST_STEP][FAILED] - adminSuiteBootstrap.virtualTerminalSetData.saleKeyboard_DataDriven(row, dataFile): com.kms.katalon.core.exception.StepFailedException: Unable to set text '7038946699' of object 'Object Repository/AdminSuiteBootstrap_Pages/VT_Bootstrap/SaleKeyboard/input_smsNumber' (Root cause: com.kms.katalon.core.exception.StepFailedException: Unable to set text '7038946699' of object 'Object Repository/AdminSuiteBootstrap_Pages/VT_Bootstrap/SaleKeyboard/input_smsNumber'
	at com.kms.katalon.core.webui.keyword.internal.WebUIKeywordMain.stepFailed(WebUIKeywordMain.groovy:64)
	at com.kms.katalon.core.webui.keyword.internal.WebUIKeywordMain.runKeyword(WebUIKeywordMain.groovy:26)
	at com.kms.katalon.core.webui.keyword.builtin.SetTextKeyword.setText(SetTextKeyword.groovy:66)
	at com.kms.katalon.core.webui.keyword.builtin.SetTextKeyword.execute(SetTextKeyword.groovy:37)
	at com.kms.katalon.core.keyword.internal.KeywordExecutor.executeKeywordForPlatform(KeywordExecutor.groovy:74)
	at com.kms.katalon.core.webui.keyword.WebUiBuiltInKeywords.setText(WebUiBuiltInKeywords.groovy:980)
	at com.kms.katalon.core.webui.keyword.WebUiBuiltInKeywords$setText$2.call(Unknown Source)
	at adminSuiteBootstrap.virtualTerminalSetData.saleKeyboard_DataDriven(virtualTerminalSetData.groovy:169)
	at adminSuiteBootstrap.virtualTerminalSetData.invokeMethod(virtualTerminalSetData.groovy)
	at com.kms.katalon.core.main.CustomKeywordDelegatingMetaClass.invokeStaticMethod(CustomKeywordDelegatingMetaClass.java:55)
	at Sale_SearchTransaction_Generic_TC.run(Sale_SearchTransaction_Generic_TC:130)
	at com.kms.katalon.core.main.ScriptEngine.run(ScriptEngine.java:194)
	at com.kms.katalon.core.main.ScriptEngine.runScriptAsRawText(ScriptEngine.java:119)
	at com.kms.katalon.core.main.TestCaseExecutor.runScript(TestCaseExecutor.java:448)
	at com.kms.katalon.core.main.TestCaseExecutor.doExecute(TestCaseExecutor.java:439)
	at com.kms.katalon.core.main.TestCaseExecutor.processExecutionPhase(TestCaseExecutor.java:418)
	at com.kms.katalon.core.main.TestCaseExecutor.accessMainPhase(TestCaseExecutor.java:410)
	at com.kms.katalon.core.main.TestCaseExecutor.execute(TestCaseExecutor.java:285)
	at com.kms.katalon.core.common.CommonExecutor.accessTestCaseMainPhase(CommonExecutor.java:65)
	at com.kms.katalon.core.main.TestSuiteExecutor.accessTestSuiteMainPhase(TestSuiteExecutor.java:148)
	at com.kms.katalon.core.main.TestSuiteExecutor.execute(TestSuiteExecutor.java:106)
	at com.kms.katalon.core.main.TestCaseMain.startTestSuite(TestCaseMain.java:187)
	at com.kms.katalon.core.main.TestCaseMain$startTestSuite$0.call(Unknown Source)
	at TempTestSuite1730425171054.run(TempTestSuite1730425171054.groovy:35)
Caused by: com.kms.katalon.core.webui.exception.WebElementNotFoundException: Web element with id: 'Object Repository/AdminSuiteBootstrap_Pages/VT_Bootstrap/SaleKeyboard/input_smsNumber' located by '//*[@type = 'TEXT' and @name = 'smsNumber' and @id = 'smsNumber']' not found
	at com.kms.katalon.core.webui.common.WebUiCommonHelper.findWebElement(WebUiCommonHelper.java:1381)
	at com.kms.katalon.core.webui.keyword.internal.WebUIAbstractKeyword.findWebElement(WebUIAbstractKeyword.groovy:27)
	at com.kms.katalon.core.webui.keyword.internal.WebUIAbstractKeyword.findWebElement(WebUIAbstractKeyword.groovy:26)
	at com.kms.katalon.core.webui.keyword.builtin.SetTextKeyword$_setText_closure1.doCall(SetTextKeyword.groovy:51)
	at com.kms.katalon.core.webui.keyword.builtin.SetTextKeyword$_setText_closure1.call(SetTextKeyword.groovy)
	at com.kms.katalon.core.webui.keyword.internal.WebUIKeywordMain.runKeyword(WebUIKeywordMain.groovy:20)
	at com.kms.katalon.core.webui.keyword.builtin.SetTextKeyword.setText(SetTextKeyword.groovy:66)
	at com.kms.katalon.core.webui.keyword.builtin.SetTextKeyword.execute(SetTextKeyword.groovy:37)
	at com.kms.katalon.core.keyword.internal.KeywordExecutor.executeKeywordForPlatform(KeywordExecutor.groovy:74)
	at com.kms.katalon.core.webui.keyword.WebUiBuiltInKeywords.setText(WebUiBuiltInKeywords.groovy:980)
	at com.kms.katalon.core.webui.keyword.WebUiBuiltInKeywords$setText$2.call(Unknown Source)
	at adminSuiteBootstrap.virtualTerminalSetData.saleKeyboard_DataDriven(virtualTerminalSetData.groovy:169)
	at adminSuiteBootstrap.virtualTerminalSetData.invokeMethod(virtualTerminalSetData.groovy)
	at com.kms.katalon.core.main.CustomKeywordDelegatingMetaClass.invokeStaticMethod(CustomKeywordDelegatingMetaClass.java:55)
	at Script1648754750707.run(Script1648754750707.groovy:130)
	... 13 more
)

2024-10-31 21:59:28 - [MESSAGE][PASSED] - Text 'Mithun Chakravarthy' is set on object 'Object Repository/AdminSuiteBootstrap_Pages/VT_Bootstrap/SaleKeyboard/input_cardName'

2024-10-31 21:59:29 - [MESSAGE][PASSED] - All options with value 'MOTO' are selected in object 'Object Repository/AdminSuiteBootstrap_Pages/VT_Bootstrap/SaleKeyboard/select_transactionCategory'  using regular expression

2024-10-31 21:59:30 - [MESSAGE][PASSED] - Execute JavaScript 'arguments[0].value ='6011000993026909' ' successfully

2024-10-31 21:59:30 - [MESSAGE][PASSED] - Execute JavaScript 'arguments[0].value ='123' ' successfully

2024-10-31 21:59:31 - [MESSAGE][PASSED] - All options with value '12' are selected in object 'Object Repository/AdminSuiteBootstrap_Pages/VT_Bootstrap/SaleKeyboard/select_MM'  using regular expression

2024-10-31 21:59:32 - [MESSAGE][PASSED] - All options with value '2025' are selected in object 'Object Repository/AdminSuiteBootstrap_Pages/VT_Bootstrap/SaleKeyboard/select_YYYY'  using regular expression

2024-10-31 21:59:33 - [MESSAGE][PASSED] - Text '6565 Jhilmil Palace' is set on object 'Object Repository/AdminSuiteBootstrap_Pages/VT_Bootstrap/SaleKeyboard/input__address'

2024-10-31 21:59:34 - [MESSAGE][PASSED] - Text 'Suite 500' is set on object 'Object Repository/AdminSuiteBootstrap_Pages/VT_Bootstrap/SaleKeyboard/input__address2'

2024-10-31 21:59:34 - [MESSAGE][PASSED] - Text '21093' is set on object 'Object Repository/AdminSuiteBootstrap_Pages/VT_Bootstrap/SaleKeyboard/input__zip'

2024-10-31 21:59:35 - [MESSAGE][PASSED] - Text '' is set on object 'Object Repository/AdminSuiteBootstrap_Pages/VT_Bootstrap/SaleKeyboard/input_emailAddress'

2024-10-31 22:00:06 - [MESSAGE][INFO] - Unable to find the element located by 'By.xpath: //*[@type = 'TEXT' and @name = 'smsNumber' and @id = 'smsNumber']'. Please recheck the objects properties to make sure the desired element is located. 

2024-10-31 22:00:06 - [MESSAGE][WARNING] - [SELF-HEALING] Failed to find element with id 'Object Repository/AdminSuiteBootstrap_Pages/VT_Bootstrap/SaleKeyboard/input_smsNumber'. Try using Self-healing.

2024-10-31 22:00:07 - [MESSAGE][INFO] - Unable to find the element located by 'By.xpath: //input[@id='smsNumber']'. Please recheck the objects properties to make sure the desired element is located. 

2024-10-31 22:00:07 - [MESSAGE][INFO] - [SELF-HEALING] Failed Locator: '//input[@id='smsNumber']'.

2024-10-31 22:00:08 - [MESSAGE][INFO] - [SELF-HEALING] Failed Locator: '//form[@id='form1']/div/div/div[3]/div[8]/div[2]/div/input'.

2024-10-31 22:00:08 - [MESSAGE][INFO] - [SELF-HEALING] Failed Locator: '//div[8]/div[2]/div/input'.

2024-10-31 22:00:08 - [MESSAGE][INFO] - [SELF-HEALING] Failed Locator: '//input[@id='smsNumber']'.

2024-10-31 22:00:08 - [MESSAGE][INFO] - [SELF-HEALING] Failed Locator: '//form[@id='form1']/div/div/div[3]/div[8]/div[2]/div/input'.

2024-10-31 22:00:09 - [MESSAGE][INFO] - [SELF-HEALING] Failed Locator: '//div[8]/div[2]/div/input'.

2024-10-31 22:00:10 - [MESSAGE][INFO] - Unable to find the element located by 'By.cssSelector: #smsNumber'. Please recheck the objects properties to make sure the desired element is located. 

2024-10-31 22:00:10 - [MESSAGE][FAILED] - Unable to set text '7038946699' of object 'Object Repository/AdminSuiteBootstrap_Pages/VT_Bootstrap/SaleKeyboard/input_smsNumber' (Root cause: com.kms.katalon.core.exception.StepFailedException: Unable to set text '7038946699' of object 'Object Repository/AdminSuiteBootstrap_Pages/VT_Bootstrap/SaleKeyboard/input_smsNumber'
	at com.kms.katalon.core.webui.keyword.internal.WebUIKeywordMain.stepFailed(WebUIKeywordMain.groovy:64)
	at com.kms.katalon.core.webui.keyword.internal.WebUIKeywordMain.runKeyword(WebUIKeywordMain.groovy:26)
	at com.kms.katalon.core.webui.keyword.builtin.SetTextKeyword.setText(SetTextKeyword.groovy:66)
	at com.kms.katalon.core.webui.keyword.builtin.SetTextKeyword.execute(SetTextKeyword.groovy:37)
	at com.kms.katalon.core.keyword.internal.KeywordExecutor.executeKeywordForPlatform(KeywordExecutor.groovy:74)
	at com.kms.katalon.core.webui.keyword.WebUiBuiltInKeywords.setText(WebUiBuiltInKeywords.groovy:980)
	at com.kms.katalon.core.webui.keyword.WebUiBuiltInKeywords$setText$2.call(Unknown Source)
	at adminSuiteBootstrap.virtualTerminalSetData.saleKeyboard_DataDriven(virtualTerminalSetData.groovy:169)
	at adminSuiteBootstrap.virtualTerminalSetData.invokeMethod(virtualTerminalSetData.groovy)
	at com.kms.katalon.core.main.CustomKeywordDelegatingMetaClass.invokeStaticMethod(CustomKeywordDelegatingMetaClass.java:55)
	at Sale_SearchTransaction_Generic_TC.run(Sale_SearchTransaction_Generic_TC:130)
	at com.kms.katalon.core.main.ScriptEngine.run(ScriptEngine.java:194)
	at com.kms.katalon.core.main.ScriptEngine.runScriptAsRawText(ScriptEngine.java:119)
	at com.kms.katalon.core.main.TestCaseExecutor.runScript(TestCaseExecutor.java:448)
	at com.kms.katalon.core.main.TestCaseExecutor.doExecute(TestCaseExecutor.java:439)
	at com.kms.katalon.core.main.TestCaseExecutor.processExecutionPhase(TestCaseExecutor.java:418)
	at com.kms.katalon.core.main.TestCaseExecutor.accessMainPhase(TestCaseExecutor.java:410)
	at com.kms.katalon.core.main.TestCaseExecutor.execute(TestCaseExecutor.java:285)
	at com.kms.katalon.core.common.CommonExecutor.accessTestCaseMainPhase(CommonExecutor.java:65)
	at com.kms.katalon.core.main.TestSuiteExecutor.accessTestSuiteMainPhase(TestSuiteExecutor.java:148)
	at com.kms.katalon.core.main.TestSuiteExecutor.execute(TestSuiteExecutor.java:106)
	at com.kms.katalon.core.main.TestCaseMain.startTestSuite(TestCaseMain.java:187)
	at com.kms.katalon.core.main.TestCaseMain$startTestSuite$0.call(Unknown Source)
	at TempTestSuite1730425171054.run(TempTestSuite1730425171054.groovy:35)
Caused by: com.kms.katalon.core.webui.exception.WebElementNotFoundException: Web element with id: 'Object Repository/AdminSuiteBootstrap_Pages/VT_Bootstrap/SaleKeyboard/input_smsNumber' located by '//*[@type = 'TEXT' and @name = 'smsNumber' and @id = 'smsNumber']' not found
	at com.kms.katalon.core.webui.common.WebUiCommonHelper.findWebElement(WebUiCommonHelper.java:1381)
	at com.kms.katalon.core.webui.keyword.internal.WebUIAbstractKeyword.findWebElement(WebUIAbstractKeyword.groovy:27)
	at com.kms.katalon.core.webui.keyword.internal.WebUIAbstractKeyword.findWebElement(WebUIAbstractKeyword.groovy:26)
	at com.kms.katalon.core.webui.keyword.builtin.SetTextKeyword$_setText_closure1.doCall(SetTextKeyword.groovy:51)
	at com.kms.katalon.core.webui.keyword.builtin.SetTextKeyword$_setText_closure1.call(SetTextKeyword.groovy)
	at com.kms.katalon.core.webui.keyword.internal.WebUIKeywordMain.runKeyword(WebUIKeywordMain.groovy:20)
	at com.kms.katalon.core.webui.keyword.builtin.SetTextKeyword.setText(SetTextKeyword.groovy:66)
	at com.kms.katalon.core.webui.keyword.builtin.SetTextKeyword.execute(SetTextKeyword.groovy:37)
	at com.kms.katalon.core.keyword.internal.KeywordExecutor.executeKeywordForPlatform(KeywordExecutor.groovy:74)
	at com.kms.katalon.core.webui.keyword.WebUiBuiltInKeywords.setText(WebUiBuiltInKeywords.groovy:980)
	at com.kms.katalon.core.webui.keyword.WebUiBuiltInKeywords$setText$2.call(Unknown Source)
	at adminSuiteBootstrap.virtualTerminalSetData.saleKeyboard_DataDriven(virtualTerminalSetData.groovy:169)
	at adminSuiteBootstrap.virtualTerminalSetData.invokeMethod(virtualTerminalSetData.groovy)
	at com.kms.katalon.core.main.CustomKeywordDelegatingMetaClass.invokeStaticMethod(CustomKeywordDelegatingMetaClass.java:55)
	at Script1648754750707.run(Script1648754750707.groovy:130)
	... 13 more
)
[[ATTACHMENT|E:\\Cloned-Project-Katalon\\VPS-Katalon\\Reports\\20241031_213928\\QA\\VT-Bootstrap\\AdminSuiteBootstrap_UI_TestSuite\\20241031_213931\\1730426410456.png]]

2024-10-31 22:00:11 - [MESSAGE][PASSED] - Text '10.50' is set on object 'Object Repository/AdminSuiteBootstrap_Pages/VT_Bootstrap/SaleKeyboard/input_amount'

2024-10-31 22:00:12 - [MESSAGE][PASSED] - Text 'Yaad aa raha hai' is set on object 'Object Repository/AdminSuiteBootstrap_Pages/VT_Bootstrap/SaleKeyboard/input_userDefined1'

2024-10-31 22:00:12 - [MESSAGE][PASSED] - Text 'Tera Pyar' is set on object 'Object Repository/AdminSuiteBootstrap_Pages/VT_Bootstrap/SaleKeyboard/input_userDefined2'

2024-10-31 22:00:13 - [MESSAGE][PASSED] - Text 'Yaron Main to' is set on object 'Object Repository/AdminSuiteBootstrap_Pages/VT_Bootstrap/SaleKeyboard/input_userDefined3'

2024-10-31 22:00:14 - [MESSAGE][PASSED] - Text 'Yahan Jeeta raha' is set on object 'Object Repository/AdminSuiteBootstrap_Pages/VT_Bootstrap/SaleKeyboard/input_userDefined4'

2024-10-31 22:00:14 - [MESSAGE][PASSED] - All options with label 'Orange' are selected in object 'Object Repository/AdminSuiteBootstrap_Pages/VT_Bootstrap/SaleKeyboard/select_UDF5_DropDown'  using regular expression

2024-10-31 22:00:15 - [MESSAGE][PASSED] - All options with label 'Yellow' are selected in object 'Object Repository/AdminSuiteBootstrap_Pages/VT_Bootstrap/SaleKeyboard/select_UDF6_DropDown'  using regular expression

2024-10-31 22:00:16 - [MESSAGE][PASSED] - Text 'Saare Ghum' is set on object 'Object Repository/AdminSuiteBootstrap_Pages/VT_Bootstrap/SaleKeyboard/input_userDefined7'

2024-10-31 22:00:17 - [MESSAGE][PASSED] - Text 'Apne Bhula ke' is set on object 'Object Repository/AdminSuiteBootstrap_Pages/VT_Bootstrap/SaleKeyboard/input_userDefined8'

2024-10-31 22:00:17 - [MESSAGE][PASSED] - Text 'Yaad aa raha hai' is set on object 'Object Repository/AdminSuiteBootstrap_Pages/VT_Bootstrap/SaleKeyboard/input_userDefined9'

2024-10-31 22:00:18 - [MESSAGE][PASSED] - Text 'Tera Pyar' is set on object 'Object Repository/AdminSuiteBootstrap_Pages/VT_Bootstrap/SaleKeyboard/input_userDefined10'

2024-10-31 22:00:20 - [MESSAGE][PASSED] - Object: 'Object Repository/AdminSuiteBootstrap_Pages/VT_Bootstrap/SaleKeyboard/button_Submit' is clicked on

2024-10-31 22:00:20 - [MESSAGE][FAILED] - com.kms.katalon.core.exception.StepFailedException: Unable to set text '7038946699' of object 'Object Repository/AdminSuiteBootstrap_Pages/VT_Bootstrap/SaleKeyboard/input_smsNumber' (Root cause: com.kms.katalon.core.exception.StepFailedException: Unable to set text '7038946699' of object 'Object Repository/AdminSuiteBootstrap_Pages/VT_Bootstrap/SaleKeyboard/input_smsNumber'
	at com.kms.katalon.core.webui.keyword.internal.WebUIKeywordMain.stepFailed(WebUIKeywordMain.groovy:64)
	at com.kms.katalon.core.webui.keyword.internal.WebUIKeywordMain.runKeyword(WebUIKeywordMain.groovy:26)
	at com.kms.katalon.core.webui.keyword.builtin.SetTextKeyword.setText(SetTextKeyword.groovy:66)
	at com.kms.katalon.core.webui.keyword.builtin.SetTextKeyword.execute(SetTextKeyword.groovy:37)
	at com.kms.katalon.core.keyword.internal.KeywordExecutor.executeKeywordForPlatform(KeywordExecutor.groovy:74)
	at com.kms.katalon.core.webui.keyword.WebUiBuiltInKeywords.setText(WebUiBuiltInKeywords.groovy:980)
	at com.kms.katalon.core.webui.keyword.WebUiBuiltInKeywords$setText$2.call(Unknown Source)
	at adminSuiteBootstrap.virtualTerminalSetData.saleKeyboard_DataDriven(virtualTerminalSetData.groovy:169)
	at adminSuiteBootstrap.virtualTerminalSetData.invokeMethod(virtualTerminalSetData.groovy)
	at com.kms.katalon.core.main.CustomKeywordDelegatingMetaClass.invokeStaticMethod(CustomKeywordDelegatingMetaClass.java:55)
	at Sale_SearchTransaction_Generic_TC.run(Sale_SearchTransaction_Generic_TC:130)
	at com.kms.katalon.core.main.ScriptEngine.run(ScriptEngine.java:194)
	at com.kms.katalon.core.main.ScriptEngine.runScriptAsRawText(ScriptEngine.java:119)
	at com.kms.katalon.core.main.TestCaseExecutor.runScript(TestCaseExecutor.java:448)
	at com.kms.katalon.core.main.TestCaseExecutor.doExecute(TestCaseExecutor.java:439)
	at com.kms.katalon.core.main.TestCaseExecutor.processExecutionPhase(TestCaseExecutor.java:418)
	at com.kms.katalon.core.main.TestCaseExecutor.accessMainPhase(TestCaseExecutor.java:410)
	at com.kms.katalon.core.main.TestCaseExecutor.execute(TestCaseExecutor.java:285)
	at com.kms.katalon.core.common.CommonExecutor.accessTestCaseMainPhase(CommonExecutor.java:65)
	at com.kms.katalon.core.main.TestSuiteExecutor.accessTestSuiteMainPhase(TestSuiteExecutor.java:148)
	at com.kms.katalon.core.main.TestSuiteExecutor.execute(TestSuiteExecutor.java:106)
	at com.kms.katalon.core.main.TestCaseMain.startTestSuite(TestCaseMain.java:187)
	at com.kms.katalon.core.main.TestCaseMain$startTestSuite$0.call(Unknown Source)
	at TempTestSuite1730425171054.run(TempTestSuite1730425171054.groovy:35)
Caused by: com.kms.katalon.core.webui.exception.WebElementNotFoundException: Web element with id: 'Object Repository/AdminSuiteBootstrap_Pages/VT_Bootstrap/SaleKeyboard/input_smsNumber' located by '//*[@type = 'TEXT' and @name = 'smsNumber' and @id = 'smsNumber']' not found
	at com.kms.katalon.core.webui.common.WebUiCommonHelper.findWebElement(WebUiCommonHelper.java:1381)
	at com.kms.katalon.core.webui.keyword.internal.WebUIAbstractKeyword.findWebElement(WebUIAbstractKeyword.groovy:27)
	at com.kms.katalon.core.webui.keyword.internal.WebUIAbstractKeyword.findWebElement(WebUIAbstractKeyword.groovy:26)
	at com.kms.katalon.core.webui.keyword.builtin.SetTextKeyword$_setText_closure1.doCall(SetTextKeyword.groovy:51)
	at com.kms.katalon.core.webui.keyword.builtin.SetTextKeyword$_setText_closure1.call(SetTextKeyword.groovy)
	at com.kms.katalon.core.webui.keyword.internal.WebUIKeywordMain.runKeyword(WebUIKeywordMain.groovy:20)
	at com.kms.katalon.core.webui.keyword.builtin.SetTextKeyword.setText(SetTextKeyword.groovy:66)
	at com.kms.katalon.core.webui.keyword.builtin.SetTextKeyword.execute(SetTextKeyword.groovy:37)
	at com.kms.katalon.core.keyword.internal.KeywordExecutor.executeKeywordForPlatform(KeywordExecutor.groovy:74)
	at com.kms.katalon.core.webui.keyword.WebUiBuiltInKeywords.setText(WebUiBuiltInKeywords.groovy:980)
	at com.kms.katalon.core.webui.keyword.WebUiBuiltInKeywords$setText$2.call(Unknown Source)
	at adminSuiteBootstrap.virtualTerminalSetData.saleKeyboard_DataDriven(virtualTerminalSetData.groovy:169)
	at adminSuiteBootstrap.virtualTerminalSetData.invokeMethod(virtualTerminalSetData.groovy)
	at com.kms.katalon.core.main.CustomKeywordDelegatingMetaClass.invokeStaticMethod(CustomKeywordDelegatingMetaClass.java:55)
	at Script1648754750707.run(Script1648754750707.groovy:130)
	... 13 more
)

2024-10-31 22:00:20 - [TEST_STEP][PASSED] - if (verifyTextPresent("Transaction Successful", true)): null

2024-10-31 22:00:20 - [MESSAGE][PASSED] - Text 'Transaction Successful' is present on page  using regular expression

2024-10-31 22:00:20 - [TEST_STEP][PASSED] - sdf = getText(findTestObject(path_Receipt + "td_AutoNoC031622113752957Ahm")): Text of object 'Object Repository/AdminSuiteBootstrap_Pages/VT_Bootstrap/Receipt/td_AutoNoC031622113752957Ahm' is: 'AutoNoC103124215141764Ahm'

2024-10-31 22:00:21 - [MESSAGE][PASSED] - Text of object 'Object Repository/AdminSuiteBootstrap_Pages/VT_Bootstrap/Receipt/td_AutoNoC031622113752957Ahm' is: 'AutoNoC103124215141764Ahm'

2024-10-31 22:00:21 - [TEST_STEP][PASSED] - out.println("sdf: " + sdf): null

2024-10-31 22:00:21 - [TEST_STEP][PASSED] - remID = sdf: null

2024-10-31 22:00:21 - [TEST_STEP][PASSED] - out.println("remID: " + remID): null

2024-10-31 22:00:21 - [TEST_STEP][PASSED] - click(findTestObject(path_Receipt + "button_Continue")): Object: 'Object Repository/AdminSuiteBootstrap_Pages/VT_Bootstrap/Receipt/button_Continue' is clicked on

2024-10-31 22:00:21 - [MESSAGE][PASSED] - Object: 'Object Repository/AdminSuiteBootstrap_Pages/VT_Bootstrap/Receipt/button_Continue' is clicked on

2024-10-31 22:00:21 - [TEST_STEP][PASSED] - click(findTestObject(path_VT + "a_Search Transactions")): Object: 'Object Repository/AdminSuiteBootstrap_Pages/VT_Bootstrap/IssueTransactions/a_Search Transactions' is clicked on

2024-10-31 22:00:22 - [MESSAGE][PASSED] - Object: 'Object Repository/AdminSuiteBootstrap_Pages/VT_Bootstrap/IssueTransactions/a_Search Transactions' is clicked on

2024-10-31 22:00:22 - [TEST_STEP][PASSED] - setText(findTestObject(path_CCSearch + "input_Search By_searchValue"), remID): Text 'AutoNoC103124215141764Ahm' is set on object 'Object Repository/AdminSuiteBootstrap_Pages/VT_Bootstrap/CCCreditOrVoidSearch/input_Search By_searchValue'

2024-10-31 22:00:23 - [MESSAGE][PASSED] - Text 'AutoNoC103124215141764Ahm' is set on object 'Object Repository/AdminSuiteBootstrap_Pages/VT_Bootstrap/CCCreditOrVoidSearch/input_Search By_searchValue'

2024-10-31 22:00:23 - [TEST_STEP][PASSED] - click(findTestObject(path_CCSearch + "button_Submit")): Object: 'Object Repository/AdminSuiteBootstrap_Pages/VT_Bootstrap/CCCreditOrVoidSearch/button_Submit' is clicked on

2024-10-31 22:00:24 - [MESSAGE][PASSED] - Object: 'Object Repository/AdminSuiteBootstrap_Pages/VT_Bootstrap/CCCreditOrVoidSearch/button_Submit' is clicked on

2024-10-31 22:00:24 - [TEST_STEP][PASSED] - fgr = getText(findTestObject(path_SearchResults + "div_Payment ID")): Text of object 'Object Repository/AdminSuiteBootstrap_Pages/VT_Bootstrap/SearchResults/div_Payment ID' is: 'Issue Transactions
Search Transactions'

2024-10-31 22:00:55 - [MESSAGE][INFO] - Unable to find the element located by 'By.xpath: /html[1]/body[@class="app sidebar-mini"]/main[@class="app-content"]/div[@class="d-flex"]/div[@class="tile w-100"]/div[@class="border"]/div[@class="tile-body"]/div[@class="tile-body"]/div[@class="table-responsive px-3"]/div[1]/div[@class="tile-body"]'. Please recheck the objects properties to make sure the desired element is located. 

2024-10-31 22:00:55 - [MESSAGE][WARNING] - [SELF-HEALING] Failed to find element with id 'Object Repository/AdminSuiteBootstrap_Pages/VT_Bootstrap/SearchResults/div_Payment ID'. Try using Self-healing.

2024-10-31 22:00:55 - [MESSAGE][WARNING] - [SELF-HEALING] The current locator of test object 'Object Repository/AdminSuiteBootstrap_Pages/VT_Bootstrap/SearchResults/div_Payment ID' was broken. Propose an alternative one: '//div[2]/div/div/div[2]'.

2024-10-31 22:00:56 - [MESSAGE][PASSED] - Text of object 'Object Repository/AdminSuiteBootstrap_Pages/VT_Bootstrap/SearchResults/div_Payment ID' is: 'Issue Transactions
Search Transactions'

2024-10-31 22:00:56 - [TEST_STEP][ERROR] - payID = substring(89, 98).trim(): Test Cases/Admin Suite Bootstrap/VT_SearchTransaction_TestCases/Sale_SearchTransaction_Generic_TC FAILED.
Reason:
java.lang.StringIndexOutOfBoundsException: String index out of range: 98
	at java_lang_String$substring$2.call(Unknown Source)
	at Sale_SearchTransaction_Generic_TC.run(Sale_SearchTransaction_Generic_TC:159)
	at com.kms.katalon.core.main.ScriptEngine.run(ScriptEngine.java:194)
	at com.kms.katalon.core.main.ScriptEngine.runScriptAsRawText(ScriptEngine.java:119)
	at com.kms.katalon.core.main.TestCaseExecutor.runScript(TestCaseExecutor.java:448)
	at com.kms.katalon.core.main.TestCaseExecutor.doExecute(TestCaseExecutor.java:439)
	at com.kms.katalon.core.main.TestCaseExecutor.processExecutionPhase(TestCaseExecutor.java:418)
	at com.kms.katalon.core.main.TestCaseExecutor.accessMainPhase(TestCaseExecutor.java:410)
	at com.kms.katalon.core.main.TestCaseExecutor.execute(TestCaseExecutor.java:285)
	at com.kms.katalon.core.common.CommonExecutor.accessTestCaseMainPhase(CommonExecutor.java:65)
	at com.kms.katalon.core.main.TestSuiteExecutor.accessTestSuiteMainPhase(TestSuiteExecutor.java:148)
	at com.kms.katalon.core.main.TestSuiteExecutor.execute(TestSuiteExecutor.java:106)
	at com.kms.katalon.core.main.TestCaseMain.startTestSuite(TestCaseMain.java:187)
	at com.kms.katalon.core.main.TestCaseMain$startTestSuite$0.call(Unknown Source)
	at TempTestSuite1730425171054.run(TempTestSuite1730425171054.groovy:35)


2024-10-31 22:00:56 - [MESSAGE][ERROR] - Test Cases/Admin Suite Bootstrap/VT_SearchTransaction_TestCases/Sale_SearchTransaction_Generic_TC FAILED.
Reason:
java.lang.StringIndexOutOfBoundsException: String index out of range: 98
	at java_lang_String$substring$2.call(Unknown Source)
	at Sale_SearchTransaction_Generic_TC.run(Sale_SearchTransaction_Generic_TC:159)
	at com.kms.katalon.core.main.ScriptEngine.run(ScriptEngine.java:194)
	at com.kms.katalon.core.main.ScriptEngine.runScriptAsRawText(ScriptEngine.java:119)
	at com.kms.katalon.core.main.TestCaseExecutor.runScript(TestCaseExecutor.java:448)
	at com.kms.katalon.core.main.TestCaseExecutor.doExecute(TestCaseExecutor.java:439)
	at com.kms.katalon.core.main.TestCaseExecutor.processExecutionPhase(TestCaseExecutor.java:418)
	at com.kms.katalon.core.main.TestCaseExecutor.accessMainPhase(TestCaseExecutor.java:410)
	at com.kms.katalon.core.main.TestCaseExecutor.execute(TestCaseExecutor.java:285)
	at com.kms.katalon.core.common.CommonExecutor.accessTestCaseMainPhase(CommonExecutor.java:65)
	at com.kms.katalon.core.main.TestSuiteExecutor.accessTestSuiteMainPhase(TestSuiteExecutor.java:148)
	at com.kms.katalon.core.main.TestSuiteExecutor.execute(TestSuiteExecutor.java:106)
	at com.kms.katalon.core.main.TestCaseMain.startTestSuite(TestCaseMain.java:187)
	at com.kms.katalon.core.main.TestCaseMain$startTestSuite$0.call(Unknown Source)
	at TempTestSuite1730425171054.run(TempTestSuite1730425171054.groovy:35)]]></system-out>
         <system-err><![CDATA[2024-10-31 21:59:04 - [TEST_CASE][FAILED] - Test Cases/Admin Suite Bootstrap/VT_SearchTransaction_TestCases/Sale_SearchTransaction_Generic_TC: Test Cases/Admin Suite Bootstrap/VT_SearchTransaction_TestCases/Sale_SearchTransaction_Generic_TC FAILED.
Reason:
com.kms.katalon.core.exception.StepFailedException: Unable to set text '7038946699' of object 'Object Repository/AdminSuiteBootstrap_Pages/VT_Bootstrap/SaleKeyboard/input_smsNumber' (Root cause: com.kms.katalon.core.exception.StepFailedException: Unable to set text '7038946699' of object 'Object Repository/AdminSuiteBootstrap_Pages/VT_Bootstrap/SaleKeyboard/input_smsNumber'
	at com.kms.katalon.core.webui.keyword.internal.WebUIKeywordMain.stepFailed(WebUIKeywordMain.groovy:64)
	at com.kms.katalon.core.webui.keyword.internal.WebUIKeywordMain.runKeyword(WebUIKeywordMain.groovy:26)
	at com.kms.katalon.core.webui.keyword.builtin.SetTextKeyword.setText(SetTextKeyword.groovy:66)
	at com.kms.katalon.core.webui.keyword.builtin.SetTextKeyword.execute(SetTextKeyword.groovy:37)
	at com.kms.katalon.core.keyword.internal.KeywordExecutor.executeKeywordForPlatform(KeywordExecutor.groovy:74)
	at com.kms.katalon.core.webui.keyword.WebUiBuiltInKeywords.setText(WebUiBuiltInKeywords.groovy:980)
	at com.kms.katalon.core.webui.keyword.WebUiBuiltInKeywords$setText$2.call(Unknown Source)
	at adminSuiteBootstrap.virtualTerminalSetData.saleKeyboard_DataDriven(virtualTerminalSetData.groovy:169)
	at adminSuiteBootstrap.virtualTerminalSetData.invokeMethod(virtualTerminalSetData.groovy)
	at com.kms.katalon.core.main.CustomKeywordDelegatingMetaClass.invokeStaticMethod(CustomKeywordDelegatingMetaClass.java:55)
	at Sale_SearchTransaction_Generic_TC.run(Sale_SearchTransaction_Generic_TC:130)
	at com.kms.katalon.core.main.ScriptEngine.run(ScriptEngine.java:194)
	at com.kms.katalon.core.main.ScriptEngine.runScriptAsRawText(ScriptEngine.java:119)
	at com.kms.katalon.core.main.TestCaseExecutor.runScript(TestCaseExecutor.java:448)
	at com.kms.katalon.core.main.TestCaseExecutor.doExecute(TestCaseExecutor.java:439)
	at com.kms.katalon.core.main.TestCaseExecutor.processExecutionPhase(TestCaseExecutor.java:418)
	at com.kms.katalon.core.main.TestCaseExecutor.accessMainPhase(TestCaseExecutor.java:410)
	at com.kms.katalon.core.main.TestCaseExecutor.execute(TestCaseExecutor.java:285)
	at com.kms.katalon.core.common.CommonExecutor.accessTestCaseMainPhase(CommonExecutor.java:65)
	at com.kms.katalon.core.main.TestSuiteExecutor.accessTestSuiteMainPhase(TestSuiteExecutor.java:148)
	at com.kms.katalon.core.main.TestSuiteExecutor.execute(TestSuiteExecutor.java:106)
	at com.kms.katalon.core.main.TestCaseMain.startTestSuite(TestCaseMain.java:187)
	at com.kms.katalon.core.main.TestCaseMain$startTestSuite$0.call(Unknown Source)
	at TempTestSuite1730425171054.run(TempTestSuite1730425171054.groovy:35)
Caused by: com.kms.katalon.core.webui.exception.WebElementNotFoundException: Web element with id: 'Object Repository/AdminSuiteBootstrap_Pages/VT_Bootstrap/SaleKeyboard/input_smsNumber' located by '//*[@type = 'TEXT' and @name = 'smsNumber' and @id = 'smsNumber']' not found
	at com.kms.katalon.core.webui.common.WebUiCommonHelper.findWebElement(WebUiCommonHelper.java:1381)
	at com.kms.katalon.core.webui.keyword.internal.WebUIAbstractKeyword.findWebElement(WebUIAbstractKeyword.groovy:27)
	at com.kms.katalon.core.webui.keyword.internal.WebUIAbstractKeyword.findWebElement(WebUIAbstractKeyword.groovy:26)
	at com.kms.katalon.core.webui.keyword.builtin.SetTextKeyword$_setText_closure1.doCall(SetTextKeyword.groovy:51)
	at com.kms.katalon.core.webui.keyword.builtin.SetTextKeyword$_setText_closure1.call(SetTextKeyword.groovy)
	at com.kms.katalon.core.webui.keyword.internal.WebUIKeywordMain.runKeyword(WebUIKeywordMain.groovy:20)
	at com.kms.katalon.core.webui.keyword.builtin.SetTextKeyword.setText(SetTextKeyword.groovy:66)
	at com.kms.katalon.core.webui.keyword.builtin.SetTextKeyword.execute(SetTextKeyword.groovy:37)
	at com.kms.katalon.core.keyword.internal.KeywordExecutor.executeKeywordForPlatform(KeywordExecutor.groovy:74)
	at com.kms.katalon.core.webui.keyword.WebUiBuiltInKeywords.setText(WebUiBuiltInKeywords.groovy:980)
	at com.kms.katalon.core.webui.keyword.WebUiBuiltInKeywords$setText$2.call(Unknown Source)
	at adminSuiteBootstrap.virtualTerminalSetData.saleKeyboard_DataDriven(virtualTerminalSetData.groovy:169)
	at adminSuiteBootstrap.virtualTerminalSetData.invokeMethod(virtualTerminalSetData.groovy)
	at com.kms.katalon.core.main.CustomKeywordDelegatingMetaClass.invokeStaticMethod(CustomKeywordDelegatingMetaClass.java:55)
	at Script1648754750707.run(Script1648754750707.groovy:130)
	... 13 more
)
	at com.kms.katalon.core.keyword.internal.KeywordMain.stepFailed(KeywordMain.groovy:39)
	at com.kms.katalon.core.webui.keyword.internal.WebUIKeywordMain.stepFailed(WebUIKeywordMain.groovy:64)
	at com.kms.katalon.core.webui.keyword.internal.WebUIKeywordMain.runKeyword(WebUIKeywordMain.groovy:26)
	at com.kms.katalon.core.webui.keyword.builtin.SetTextKeyword.setText(SetTextKeyword.groovy:66)
	at com.kms.katalon.core.webui.keyword.builtin.SetTextKeyword.execute(SetTextKeyword.groovy:37)
	at com.kms.katalon.core.keyword.internal.KeywordExecutor.executeKeywordForPlatform(KeywordExecutor.groovy:74)
	at com.kms.katalon.core.webui.keyword.WebUiBuiltInKeywords.setText(WebUiBuiltInKeywords.groovy:980)
	at com.kms.katalon.core.webui.keyword.WebUiBuiltInKeywords$setText$2.call(Unknown Source)
	at adminSuiteBootstrap.virtualTerminalSetData.saleKeyboard_DataDriven(virtualTerminalSetData.groovy:169)
	at adminSuiteBootstrap.virtualTerminalSetData.invokeMethod(virtualTerminalSetData.groovy)
	at com.kms.katalon.core.main.CustomKeywordDelegatingMetaClass.invokeStaticMethod(CustomKeywordDelegatingMetaClass.java:55)
	at Sale_SearchTransaction_Generic_TC.run(Sale_SearchTransaction_Generic_TC:130)
	at com.kms.katalon.core.main.ScriptEngine.run(ScriptEngine.java:194)
	at com.kms.katalon.core.main.ScriptEngine.runScriptAsRawText(ScriptEngine.java:119)
	at com.kms.katalon.core.main.TestCaseExecutor.runScript(TestCaseExecutor.java:448)
	at com.kms.katalon.core.main.TestCaseExecutor.doExecute(TestCaseExecutor.java:439)
	at com.kms.katalon.core.main.TestCaseExecutor.processExecutionPhase(TestCaseExecutor.java:418)
	at com.kms.katalon.core.main.TestCaseExecutor.accessMainPhase(TestCaseExecutor.java:410)
	at com.kms.katalon.core.main.TestCaseExecutor.execute(TestCaseExecutor.java:285)
	at com.kms.katalon.core.common.CommonExecutor.accessTestCaseMainPhase(CommonExecutor.java:65)
	at com.kms.katalon.core.main.TestSuiteExecutor.accessTestSuiteMainPhase(TestSuiteExecutor.java:148)
	at com.kms.katalon.core.main.TestSuiteExecutor.execute(TestSuiteExecutor.java:106)
	at com.kms.katalon.core.main.TestCaseMain.startTestSuite(TestCaseMain.java:187)
	at com.kms.katalon.core.main.TestCaseMain$startTestSuite$0.call(Unknown Source)
	at TempTestSuite1730425171054.run(TempTestSuite1730425171054.groovy:35)
Caused by: com.kms.katalon.core.exception.StepFailedException: Unable to set text '7038946699' of object 'Object Repository/AdminSuiteBootstrap_Pages/VT_Bootstrap/SaleKeyboard/input_smsNumber'
	... 24 more
Caused by: com.kms.katalon.core.webui.exception.WebElementNotFoundException: Web element with id: 'Object Repository/AdminSuiteBootstrap_Pages/VT_Bootstrap/SaleKeyboard/input_smsNumber' located by '//*[@type = 'TEXT' and @name = 'smsNumber' and @id = 'smsNumber']' not found
	at com.kms.katalon.core.webui.common.WebUiCommonHelper.findWebElement(WebUiCommonHelper.java:1381)
	at com.kms.katalon.core.webui.keyword.internal.WebUIAbstractKeyword.findWebElement(WebUIAbstractKeyword.groovy:27)
	at com.kms.katalon.core.webui.keyword.internal.WebUIAbstractKeyword.findWebElement(WebUIAbstractKeyword.groovy:26)
	at com.kms.katalon.core.webui.keyword.builtin.SetTextKeyword$_setText_closure1.doCall(SetTextKeyword.groovy:51)
	at com.kms.katalon.core.webui.keyword.builtin.SetTextKeyword$_setText_closure1.call(SetTextKeyword.groovy)
	at com.kms.katalon.core.webui.keyword.internal.WebUIKeywordMain.runKeyword(WebUIKeywordMain.groovy:20)
	... 22 more]]></system-err>
      </testcase>
      <testcase name="Test Cases/Admin Suite Bootstrap/VT_SearchTransaction_TestCases/Personal_SearchTransaction_Generic_TC" time="108.372" classname="Test Cases/Admin Suite Bootstrap/VT_SearchTransaction_TestCases/Personal_SearchTransaction_Generic_TC" status="FAILED">
         <failure type="FAILED" message="Test Cases/Admin Suite Bootstrap/VT_SearchTransaction_TestCases/Personal_SearchTransaction_Generic_TC FAILED.
Reason:
com.kms.katalon.core.exception.StepFailedException: Unable to set text '' of object 'Object Repository/AdminSuiteBootstrap_Pages/VT_Bootstrap/ACHPersonal/input_smsNumber' (Root cause: com.kms.katalon.core.exception.StepFailedException: Unable to set text '' of object 'Object Repository/AdminSuiteBootstrap_Pages/VT_Bootstrap/ACHPersonal/input_smsNumber'
	at com.kms.katalon.core.webui.keyword.internal.WebUIKeywordMain.stepFailed(WebUIKeywordMain.groovy:64)
	at com.kms.katalon.core.webui.keyword.internal.WebUIKeywordMain.runKeyword(WebUIKeywordMain.groovy:26)
	at com.kms.katalon.core.webui.keyword.builtin.SetTextKeyword.setText(SetTextKeyword.groovy:66)
	at com.kms.katalon.core.webui.keyword.builtin.SetTextKeyword.execute(SetTextKeyword.groovy:37)
	at com.kms.katalon.core.keyword.internal.KeywordExecutor.executeKeywordForPlatform(KeywordExecutor.groovy:74)
	at com.kms.katalon.core.webui.keyword.WebUiBuiltInKeywords.setText(WebUiBuiltInKeywords.groovy:980)
	at com.kms.katalon.core.webui.keyword.WebUiBuiltInKeywords$setText$2.call(Unknown Source)
	at adminSuiteBootstrap.debitPersonalsetData.debitPersonal_DataDriven(debitPersonalsetData.groovy:68)
	at adminSuiteBootstrap.debitPersonalsetData.invokeMethod(debitPersonalsetData.groovy)
	at com.kms.katalon.core.main.CustomKeywordDelegatingMetaClass.invokeStaticMethod(CustomKeywordDelegatingMetaClass.java:55)
	at Personal_SearchTransaction_Generic_TC.run(Personal_SearchTransaction_Generic_TC:129)
	at com.kms.katalon.core.main.ScriptEngine.run(ScriptEngine.java:194)
	at com.kms.katalon.core.main.ScriptEngine.runScriptAsRawText(ScriptEngine.java:119)
	at com.kms.katalon.core.main.TestCaseExecutor.runScript(TestCaseExecutor.java:448)
	at com.kms.katalon.core.main.TestCaseExecutor.doExecute(TestCaseExecutor.java:439)
	at com.kms.katalon.core.main.TestCaseExecutor.processExecutionPhase(TestCaseExecutor.java:418)
	at com.kms.katalon.core.main.TestCaseExecutor.accessMainPhase(TestCaseExecutor.java:410)
	at com.kms.katalon.core.main.TestCaseExecutor.execute(TestCaseExecutor.java:285)
	at com.kms.katalon.core.common.CommonExecutor.accessTestCaseMainPhase(CommonExecutor.java:65)
	at com.kms.katalon.core.main.TestSuiteExecutor.accessTestSuiteMainPhase(TestSuiteExecutor.java:148)
	at com.kms.katalon.core.main.TestSuiteExecutor.execute(TestSuiteExecutor.java:106)
	at com.kms.katalon.core.main.TestCaseMain.startTestSuite(TestCaseMain.java:187)
	at com.kms.katalon.core.main.TestCaseMain$startTestSuite$0.call(Unknown Source)
	at TempTestSuite1730425171054.run(TempTestSuite1730425171054.groovy:35)
Caused by: com.kms.katalon.core.webui.exception.WebElementNotFoundException: Web element with id: 'Object Repository/AdminSuiteBootstrap_Pages/VT_Bootstrap/ACHPersonal/input_smsNumber' located by '//*[@type = 'TEXT' and @name = 'smsNumber' and @id = 'smsNumber']' not found
	at com.kms.katalon.core.webui.common.WebUiCommonHelper.findWebElement(WebUiCommonHelper.java:1381)
	at com.kms.katalon.core.webui.keyword.internal.WebUIAbstractKeyword.findWebElement(WebUIAbstractKeyword.groovy:27)
	at com.kms.katalon.core.webui.keyword.internal.WebUIAbstractKeyword.findWebElement(WebUIAbstractKeyword.groovy:26)
	at com.kms.katalon.core.webui.keyword.builtin.SetTextKeyword$_setText_closure1.doCall(SetTextKeyword.groovy:51)
	at com.kms.katalon.core.webui.keyword.builtin.SetTextKeyword$_setText_closure1.call(SetTextKeyword.groovy)
	at com.kms.katalon.core.webui.keyword.internal.WebUIKeywordMain.runKeyword(WebUIKeywordMain.groovy:20)
	at com.kms.katalon.core.webui.keyword.builtin.SetTextKeyword.setText(SetTextKeyword.groovy:66)
	at com.kms.katalon.core.webui.keyword.builtin.SetTextKeyword.execute(SetTextKeyword.groovy:37)
	at com.kms.katalon.core.keyword.internal.KeywordExecutor.executeKeywordForPlatform(KeywordExecutor.groovy:74)
	at com.kms.katalon.core.webui.keyword.WebUiBuiltInKeywords.setText(WebUiBuiltInKeywords.groovy:980)
	at com.kms.katalon.core.webui.keyword.WebUiBuiltInKeywords$setText$2.call(Unknown Source)
	at adminSuiteBootstrap.debitPersonalsetData.debitPersonal_DataDriven(debitPersonalsetData.groovy:68)
	at adminSuiteBootstrap.debitPersonalsetData.invokeMethod(debitPersonalsetData.groovy)
	at com.kms.katalon.core.main.CustomKeywordDelegatingMetaClass.invokeStaticMethod(CustomKeywordDelegatingMetaClass.java:55)
	at Script1710792455251.run(Script1710792455251.groovy:129)
	... 13 more
)
	at com.kms.katalon.core.keyword.internal.KeywordMain.stepFailed(KeywordMain.groovy:39)
	at com.kms.katalon.core.webui.keyword.internal.WebUIKeywordMain.stepFailed(WebUIKeywordMain.groovy:64)
	at com.kms.katalon.core.webui.keyword.internal.WebUIKeywordMain.runKeyword(WebUIKeywordMain.groovy:26)
	at com.kms.katalon.core.webui.keyword.builtin.SetTextKeyword.setText(SetTextKeyword.groovy:66)
	at com.kms.katalon.core.webui.keyword.builtin.SetTextKeyword.execute(SetTextKeyword.groovy:37)
	at com.kms.katalon.core.keyword.internal.KeywordExecutor.executeKeywordForPlatform(KeywordExecutor.groovy:74)
	at com.kms.katalon.core.webui.keyword.WebUiBuiltInKeywords.setText(WebUiBuiltInKeywords.groovy:980)
	at com.kms.katalon.core.webui.keyword.WebUiBuiltInKeywords$setText$2.call(Unknown Source)
	at adminSuiteBootstrap.debitPersonalsetData.debitPersonal_DataDriven(debitPersonalsetData.groovy:68)
	at adminSuiteBootstrap.debitPersonalsetData.invokeMethod(debitPersonalsetData.groovy)
	at com.kms.katalon.core.main.CustomKeywordDelegatingMetaClass.invokeStaticMethod(CustomKeywordDelegatingMetaClass.java:55)
	at Personal_SearchTransaction_Generic_TC.run(Personal_SearchTransaction_Generic_TC:129)
	at com.kms.katalon.core.main.ScriptEngine.run(ScriptEngine.java:194)
	at com.kms.katalon.core.main.ScriptEngine.runScriptAsRawText(ScriptEngine.java:119)
	at com.kms.katalon.core.main.TestCaseExecutor.runScript(TestCaseExecutor.java:448)
	at com.kms.katalon.core.main.TestCaseExecutor.doExecute(TestCaseExecutor.java:439)
	at com.kms.katalon.core.main.TestCaseExecutor.processExecutionPhase(TestCaseExecutor.java:418)
	at com.kms.katalon.core.main.TestCaseExecutor.accessMainPhase(TestCaseExecutor.java:410)
	at com.kms.katalon.core.main.TestCaseExecutor.execute(TestCaseExecutor.java:285)
	at com.kms.katalon.core.common.CommonExecutor.accessTestCaseMainPhase(CommonExecutor.java:65)
	at com.kms.katalon.core.main.TestSuiteExecutor.accessTestSuiteMainPhase(TestSuiteExecutor.java:148)
	at com.kms.katalon.core.main.TestSuiteExecutor.execute(TestSuiteExecutor.java:106)
	at com.kms.katalon.core.main.TestCaseMain.startTestSuite(TestCaseMain.java:187)
	at com.kms.katalon.core.main.TestCaseMain$startTestSuite$0.call(Unknown Source)
	at TempTestSuite1730425171054.run(TempTestSuite1730425171054.groovy:35)
Caused by: com.kms.katalon.core.exception.StepFailedException: Unable to set text '' of object 'Object Repository/AdminSuiteBootstrap_Pages/VT_Bootstrap/ACHPersonal/input_smsNumber'
	... 24 more
Caused by: com.kms.katalon.core.webui.exception.WebElementNotFoundException: Web element with id: 'Object Repository/AdminSuiteBootstrap_Pages/VT_Bootstrap/ACHPersonal/input_smsNumber' located by '//*[@type = 'TEXT' and @name = 'smsNumber' and @id = 'smsNumber']' not found
	at com.kms.katalon.core.webui.common.WebUiCommonHelper.findWebElement(WebUiCommonHelper.java:1381)
	at com.kms.katalon.core.webui.keyword.internal.WebUIAbstractKeyword.findWebElement(WebUIAbstractKeyword.groovy:27)
	at com.kms.katalon.core.webui.keyword.internal.WebUIAbstractKeyword.findWebElement(WebUIAbstractKeyword.groovy:26)
	at com.kms.katalon.core.webui.keyword.builtin.SetTextKeyword$_setText_closure1.doCall(SetTextKeyword.groovy:51)
	at com.kms.katalon.core.webui.keyword.builtin.SetTextKeyword$_setText_closure1.call(SetTextKeyword.groovy)
	at com.kms.katalon.core.webui.keyword.internal.WebUIKeywordMain.runKeyword(WebUIKeywordMain.groovy:20)
	... 22 more
"/>
         <system-out><![CDATA[2024-10-31 22:00:56 - [TEST_CASE][FAILED] - Test Cases/Admin Suite Bootstrap/VT_SearchTransaction_TestCases/Personal_SearchTransaction_Generic_TC: Test Cases/Admin Suite Bootstrap/VT_SearchTransaction_TestCases/Personal_SearchTransaction_Generic_TC FAILED.
Reason:
com.kms.katalon.core.exception.StepFailedException: Unable to set text '' of object 'Object Repository/AdminSuiteBootstrap_Pages/VT_Bootstrap/ACHPersonal/input_smsNumber' (Root cause: com.kms.katalon.core.exception.StepFailedException: Unable to set text '' of object 'Object Repository/AdminSuiteBootstrap_Pages/VT_Bootstrap/ACHPersonal/input_smsNumber'
	at com.kms.katalon.core.webui.keyword.internal.WebUIKeywordMain.stepFailed(WebUIKeywordMain.groovy:64)
	at com.kms.katalon.core.webui.keyword.internal.WebUIKeywordMain.runKeyword(WebUIKeywordMain.groovy:26)
	at com.kms.katalon.core.webui.keyword.builtin.SetTextKeyword.setText(SetTextKeyword.groovy:66)
	at com.kms.katalon.core.webui.keyword.builtin.SetTextKeyword.execute(SetTextKeyword.groovy:37)
	at com.kms.katalon.core.keyword.internal.KeywordExecutor.executeKeywordForPlatform(KeywordExecutor.groovy:74)
	at com.kms.katalon.core.webui.keyword.WebUiBuiltInKeywords.setText(WebUiBuiltInKeywords.groovy:980)
	at com.kms.katalon.core.webui.keyword.WebUiBuiltInKeywords$setText$2.call(Unknown Source)
	at adminSuiteBootstrap.debitPersonalsetData.debitPersonal_DataDriven(debitPersonalsetData.groovy:68)
	at adminSuiteBootstrap.debitPersonalsetData.invokeMethod(debitPersonalsetData.groovy)
	at com.kms.katalon.core.main.CustomKeywordDelegatingMetaClass.invokeStaticMethod(CustomKeywordDelegatingMetaClass.java:55)
	at Personal_SearchTransaction_Generic_TC.run(Personal_SearchTransaction_Generic_TC:129)
	at com.kms.katalon.core.main.ScriptEngine.run(ScriptEngine.java:194)
	at com.kms.katalon.core.main.ScriptEngine.runScriptAsRawText(ScriptEngine.java:119)
	at com.kms.katalon.core.main.TestCaseExecutor.runScript(TestCaseExecutor.java:448)
	at com.kms.katalon.core.main.TestCaseExecutor.doExecute(TestCaseExecutor.java:439)
	at com.kms.katalon.core.main.TestCaseExecutor.processExecutionPhase(TestCaseExecutor.java:418)
	at com.kms.katalon.core.main.TestCaseExecutor.accessMainPhase(TestCaseExecutor.java:410)
	at com.kms.katalon.core.main.TestCaseExecutor.execute(TestCaseExecutor.java:285)
	at com.kms.katalon.core.common.CommonExecutor.accessTestCaseMainPhase(CommonExecutor.java:65)
	at com.kms.katalon.core.main.TestSuiteExecutor.accessTestSuiteMainPhase(TestSuiteExecutor.java:148)
	at com.kms.katalon.core.main.TestSuiteExecutor.execute(TestSuiteExecutor.java:106)
	at com.kms.katalon.core.main.TestCaseMain.startTestSuite(TestCaseMain.java:187)
	at com.kms.katalon.core.main.TestCaseMain$startTestSuite$0.call(Unknown Source)
	at TempTestSuite1730425171054.run(TempTestSuite1730425171054.groovy:35)
Caused by: com.kms.katalon.core.webui.exception.WebElementNotFoundException: Web element with id: 'Object Repository/AdminSuiteBootstrap_Pages/VT_Bootstrap/ACHPersonal/input_smsNumber' located by '//*[@type = 'TEXT' and @name = 'smsNumber' and @id = 'smsNumber']' not found
	at com.kms.katalon.core.webui.common.WebUiCommonHelper.findWebElement(WebUiCommonHelper.java:1381)
	at com.kms.katalon.core.webui.keyword.internal.WebUIAbstractKeyword.findWebElement(WebUIAbstractKeyword.groovy:27)
	at com.kms.katalon.core.webui.keyword.internal.WebUIAbstractKeyword.findWebElement(WebUIAbstractKeyword.groovy:26)
	at com.kms.katalon.core.webui.keyword.builtin.SetTextKeyword$_setText_closure1.doCall(SetTextKeyword.groovy:51)
	at com.kms.katalon.core.webui.keyword.builtin.SetTextKeyword$_setText_closure1.call(SetTextKeyword.groovy)
	at com.kms.katalon.core.webui.keyword.internal.WebUIKeywordMain.runKeyword(WebUIKeywordMain.groovy:20)
	at com.kms.katalon.core.webui.keyword.builtin.SetTextKeyword.setText(SetTextKeyword.groovy:66)
	at com.kms.katalon.core.webui.keyword.builtin.SetTextKeyword.execute(SetTextKeyword.groovy:37)
	at com.kms.katalon.core.keyword.internal.KeywordExecutor.executeKeywordForPlatform(KeywordExecutor.groovy:74)
	at com.kms.katalon.core.webui.keyword.WebUiBuiltInKeywords.setText(WebUiBuiltInKeywords.groovy:980)
	at com.kms.katalon.core.webui.keyword.WebUiBuiltInKeywords$setText$2.call(Unknown Source)
	at adminSuiteBootstrap.debitPersonalsetData.debitPersonal_DataDriven(debitPersonalsetData.groovy:68)
	at adminSuiteBootstrap.debitPersonalsetData.invokeMethod(debitPersonalsetData.groovy)
	at com.kms.katalon.core.main.CustomKeywordDelegatingMetaClass.invokeStaticMethod(CustomKeywordDelegatingMetaClass.java:55)
	at Script1710792455251.run(Script1710792455251.groovy:129)
	... 13 more
)
	at com.kms.katalon.core.keyword.internal.KeywordMain.stepFailed(KeywordMain.groovy:39)
	at com.kms.katalon.core.webui.keyword.internal.WebUIKeywordMain.stepFailed(WebUIKeywordMain.groovy:64)
	at com.kms.katalon.core.webui.keyword.internal.WebUIKeywordMain.runKeyword(WebUIKeywordMain.groovy:26)
	at com.kms.katalon.core.webui.keyword.builtin.SetTextKeyword.setText(SetTextKeyword.groovy:66)
	at com.kms.katalon.core.webui.keyword.builtin.SetTextKeyword.execute(SetTextKeyword.groovy:37)
	at com.kms.katalon.core.keyword.internal.KeywordExecutor.executeKeywordForPlatform(KeywordExecutor.groovy:74)
	at com.kms.katalon.core.webui.keyword.WebUiBuiltInKeywords.setText(WebUiBuiltInKeywords.groovy:980)
	at com.kms.katalon.core.webui.keyword.WebUiBuiltInKeywords$setText$2.call(Unknown Source)
	at adminSuiteBootstrap.debitPersonalsetData.debitPersonal_DataDriven(debitPersonalsetData.groovy:68)
	at adminSuiteBootstrap.debitPersonalsetData.invokeMethod(debitPersonalsetData.groovy)
	at com.kms.katalon.core.main.CustomKeywordDelegatingMetaClass.invokeStaticMethod(CustomKeywordDelegatingMetaClass.java:55)
	at Personal_SearchTransaction_Generic_TC.run(Personal_SearchTransaction_Generic_TC:129)
	at com.kms.katalon.core.main.ScriptEngine.run(ScriptEngine.java:194)
	at com.kms.katalon.core.main.ScriptEngine.runScriptAsRawText(ScriptEngine.java:119)
	at com.kms.katalon.core.main.TestCaseExecutor.runScript(TestCaseExecutor.java:448)
	at com.kms.katalon.core.main.TestCaseExecutor.doExecute(TestCaseExecutor.java:439)
	at com.kms.katalon.core.main.TestCaseExecutor.processExecutionPhase(TestCaseExecutor.java:418)
	at com.kms.katalon.core.main.TestCaseExecutor.accessMainPhase(TestCaseExecutor.java:410)
	at com.kms.katalon.core.main.TestCaseExecutor.execute(TestCaseExecutor.java:285)
	at com.kms.katalon.core.common.CommonExecutor.accessTestCaseMainPhase(CommonExecutor.java:65)
	at com.kms.katalon.core.main.TestSuiteExecutor.accessTestSuiteMainPhase(TestSuiteExecutor.java:148)
	at com.kms.katalon.core.main.TestSuiteExecutor.execute(TestSuiteExecutor.java:106)
	at com.kms.katalon.core.main.TestCaseMain.startTestSuite(TestCaseMain.java:187)
	at com.kms.katalon.core.main.TestCaseMain$startTestSuite$0.call(Unknown Source)
	at TempTestSuite1730425171054.run(TempTestSuite1730425171054.groovy:35)
Caused by: com.kms.katalon.core.exception.StepFailedException: Unable to set text '' of object 'Object Repository/AdminSuiteBootstrap_Pages/VT_Bootstrap/ACHPersonal/input_smsNumber'
	... 24 more
Caused by: com.kms.katalon.core.webui.exception.WebElementNotFoundException: Web element with id: 'Object Repository/AdminSuiteBootstrap_Pages/VT_Bootstrap/ACHPersonal/input_smsNumber' located by '//*[@type = 'TEXT' and @name = 'smsNumber' and @id = 'smsNumber']' not found
	at com.kms.katalon.core.webui.common.WebUiCommonHelper.findWebElement(WebUiCommonHelper.java:1381)
	at com.kms.katalon.core.webui.keyword.internal.WebUIAbstractKeyword.findWebElement(WebUIAbstractKeyword.groovy:27)
	at com.kms.katalon.core.webui.keyword.internal.WebUIAbstractKeyword.findWebElement(WebUIAbstractKeyword.groovy:26)
	at com.kms.katalon.core.webui.keyword.builtin.SetTextKeyword$_setText_closure1.doCall(SetTextKeyword.groovy:51)
	at com.kms.katalon.core.webui.keyword.builtin.SetTextKeyword$_setText_closure1.call(SetTextKeyword.groovy)
	at com.kms.katalon.core.webui.keyword.internal.WebUIKeywordMain.runKeyword(WebUIKeywordMain.groovy:20)
	... 22 more


2024-10-31 22:00:56 - [TEST_STEP][PASSED] - path_Dashboard = "Object Repository/AdminSuiteBootstrap_Pages/Dashboard_Bootstrap/": null

2024-10-31 22:00:56 - [TEST_STEP][PASSED] - path_VT = "Object Repository/AdminSuiteBootstrap_Pages/VT_Bootstrap/IssueTransactions/": null

2024-10-31 22:00:56 - [TEST_STEP][PASSED] - path_Receipt = "Object Repository/AdminSuiteBootstrap_Pages/VT_Bootstrap/Receipt/": null

2024-10-31 22:00:56 - [TEST_STEP][PASSED] - path_CCSearch = "Object Repository/AdminSuiteBootstrap_Pages/VT_Bootstrap/CCCreditOrVoidSearch/": null

2024-10-31 22:00:56 - [TEST_STEP][PASSED] - path_SearchResults = "Object Repository/AdminSuiteBootstrap_Pages/VT_Bootstrap/SearchResults/": null

2024-10-31 22:00:56 - [TEST_STEP][PASSED] - path_TranxDetails = "Object Repository/AdminSuiteBootstrap_Pages/VT_Bootstrap/TransactionDetails/": null

2024-10-31 22:00:56 - [TEST_STEP][PASSED] - li_1 = vpos_Prefix: null

2024-10-31 22:00:56 - [TEST_STEP][PASSED] - li_2 = "/transactions/AuthCapForm/": null

2024-10-31 22:00:56 - [TEST_STEP][PASSED] - executionProfile = getExecutionProfile(): null

2024-10-31 22:00:56 - [TEST_STEP][PASSED] - out.println("executionProfile : " + executionProfile): null

2024-10-31 22:00:56 - [TEST_STEP][PASSED] - appName = <not implemented yet for class: org.codehaus.groovy.ast.expr.EmptyExpression>: null

2024-10-31 22:00:56 - [TEST_STEP][PASSED] - appID = <not implemented yet for class: org.codehaus.groovy.ast.expr.EmptyExpression>: null

2024-10-31 22:00:56 - [TEST_STEP][PASSED] - cardNameV = <not implemented yet for class: org.codehaus.groovy.ast.expr.EmptyExpression>: null

2024-10-31 22:00:56 - [TEST_STEP][PASSED] - al1V = <not implemented yet for class: org.codehaus.groovy.ast.expr.EmptyExpression>: null

2024-10-31 22:00:56 - [TEST_STEP][PASSED] - al2V = <not implemented yet for class: org.codehaus.groovy.ast.expr.EmptyExpression>: null

2024-10-31 22:00:56 - [TEST_STEP][PASSED] - zipV = <not implemented yet for class: org.codehaus.groovy.ast.expr.EmptyExpression>: null

2024-10-31 22:00:56 - [TEST_STEP][PASSED] - accType = <not implemented yet for class: org.codehaus.groovy.ast.expr.EmptyExpression>: null

2024-10-31 22:00:56 - [TEST_STEP][PASSED] - last4V = <not implemented yet for class: org.codehaus.groovy.ast.expr.EmptyExpression>: null

2024-10-31 22:00:56 - [TEST_STEP][PASSED] - resText = "Fail": null

2024-10-31 22:00:56 - [TEST_STEP][PASSED] - resColumn = "Result": null

2024-10-31 22:00:56 - [TEST_STEP][PASSED] - datCloumn = "Date": null

2024-10-31 22:00:56 - [TEST_STEP][PASSED] - fileLoc = "KatalonData/Bootstrap/VT-Misc-Data.xlsx": null

2024-10-31 22:00:56 - [TEST_STEP][PASSED] - numOfRows = <not implemented yet for class: org.codehaus.groovy.ast.expr.EmptyExpression>: null

2024-10-31 22:00:56 - [TEST_STEP][PASSED] - dataFile = <not implemented yet for class: org.codehaus.groovy.ast.expr.EmptyExpression>: null

2024-10-31 22:00:56 - [TEST_STEP][PASSED] - nameSheet = <not implemented yet for class: org.codehaus.groovy.ast.expr.EmptyExpression>: null

2024-10-31 22:00:56 - [TEST_STEP][PASSED] - nameSheet = "PersonalSearchTransactions": null

2024-10-31 22:00:56 - [TEST_STEP][PASSED] - numOfRows = findTestData("QA/Bootstrap/VT-SearchTransactions-TestData/VT-PersonalSearchTransactions").getRowNumbers(): null

2024-10-31 22:00:56 - [TEST_STEP][PASSED] - println("Number of Records: " + numOfRows): null

2024-10-31 22:00:56 - [TEST_STEP][PASSED] - dataFile = "QA/Bootstrap/VT-SearchTransactions-TestData/VT-PersonalSearchTransactions": null

2024-10-31 22:00:56 - [TEST_STEP][FAILED] - for ([row = 1, row <= numOfRows, (row++)]): null

2024-10-31 22:00:56 - [TEST_STEP][PASSED] - ExecuteTC = findTestData(dataFile).getValue("Execute", row): null

2024-10-31 22:00:56 - [TEST_STEP][PASSED] - out.println("Value of Execute is : " + ExecuteTC): null

2024-10-31 22:00:56 - [TEST_STEP][PASSED] - switch (executionProfile): null

2024-10-31 22:00:56 - [TEST_STEP][PASSED] - case "QA2Profile":: null

2024-10-31 22:00:56 - [TEST_STEP][PASSED] - appName = findTestData(dataFile).getValue("AppNameQA", row): null

2024-10-31 22:00:57 - [TEST_STEP][PASSED] - appID = findTestData(dataFile).getValue("AppIDQA", row): null

2024-10-31 22:00:57 - [TEST_STEP][PASSED] - break: null

2024-10-31 22:00:57 - [TEST_STEP][PASSED] - cardNameV = findTestData(dataFile).getValue("NameV", row): null

2024-10-31 22:00:57 - [TEST_STEP][PASSED] - hrefAppID = li_1 + appID + li_2: null

2024-10-31 22:00:57 - [TEST_STEP][PASSED] - hrefApp = li_1 + appID + "/": null

2024-10-31 22:00:57 - [TEST_STEP][PASSED] - println("hrefApp : " + hrefApp): null

2024-10-31 22:00:57 - [TEST_STEP][FAILED] - if (ExecuteTC.equalsIgnoreCase("Y")): null

2024-10-31 22:00:57 - [TEST_STEP][PASSED] - out.println("Begin Record Number: " + row): null

2024-10-31 22:00:57 - [TEST_STEP][PASSED] - today = new java.util.Date(): null

2024-10-31 22:00:57 - [TEST_STEP][PASSED] - println(today): null

2024-10-31 22:00:57 - [TEST_STEP][PASSED] - datText = today: null

2024-10-31 22:00:57 - [TEST_STEP][PASSED] - adminSuiteBootstrap.loginFunctionality.login_AdminSuite(): adminSuiteBootstrap.loginFunctionality.login_AdminSuite is PASSED

2024-10-31 22:00:57 - [MESSAGE][WARNING] - A browser is already opened. Closing browser and opening a new one

2024-10-31 22:00:58 - [MESSAGE][INFO] - Starting 'Chrome' driver

2024-10-31 22:00:58 - [MESSAGE][INFO] - User set preference: ['acceptInsecureCerts', 'true']

2024-10-31 22:00:58 - [MESSAGE][INFO] - Action delay is set to 0 milliseconds

2024-10-31 22:01:01 - [MESSAGE][PASSED] - Browser is opened with url: 'https://qa2.velocitypayment.com/admin/imtiaz'

2024-10-31 22:01:01 - [MESSAGE][PASSED] - Current window maximized

2024-10-31 22:01:02 - [MESSAGE][PASSED] - Object 'Object Repository/Login_Page/Login_Username_Okta' is present

2024-10-31 22:01:02 - [MESSAGE][PASSED] - Text 'iahmed' is set on object 'Object Repository/Login_Page/Login_Username_Okta'

2024-10-31 22:01:03 - [MESSAGE][PASSED] - Text 'Hello!7777777' is set on object 'Object Repository/Login_Page/Login_Password_Okta'

2024-10-31 22:01:03 - [MESSAGE][PASSED] - Object: 'Object Repository/Login_Page/Login_Submit_Okta' is clicked on

2024-10-31 22:01:03 - [MESSAGE][PASSED] - adminSuiteBootstrap.loginFunctionality.login_AdminSuite is PASSED

2024-10-31 22:01:03 - [TEST_STEP][PASSED] - click(findTestObject(path_Dashboard + appName)): Object: 'Object Repository/AdminSuiteBootstrap_Pages/Dashboard_Bootstrap/a_Access AutoNoCFtp' is clicked on

2024-10-31 22:01:12 - [MESSAGE][PASSED] - Object: 'Object Repository/AdminSuiteBootstrap_Pages/Dashboard_Bootstrap/a_Access AutoNoCFtp' is clicked on

2024-10-31 22:01:12 - [TEST_STEP][PASSED] - click(findTestObject(path_VT + "button_Debit")): Object: 'Object Repository/AdminSuiteBootstrap_Pages/VT_Bootstrap/IssueTransactions/button_Debit' is clicked on

2024-10-31 22:01:13 - [MESSAGE][PASSED] - Object: 'Object Repository/AdminSuiteBootstrap_Pages/VT_Bootstrap/IssueTransactions/button_Debit' is clicked on

2024-10-31 22:01:13 - [TEST_STEP][PASSED] - click(findTestObject(path_VT + "a_Personal")): Object: 'Object Repository/AdminSuiteBootstrap_Pages/VT_Bootstrap/IssueTransactions/a_Personal' is clicked on

2024-10-31 22:01:14 - [MESSAGE][PASSED] - Object: 'Object Repository/AdminSuiteBootstrap_Pages/VT_Bootstrap/IssueTransactions/a_Personal' is clicked on

2024-10-31 22:01:14 - [TEST_STEP][FAILED] - adminSuiteBootstrap.debitPersonalsetData.debitPersonal_DataDriven(row, dataFile): com.kms.katalon.core.exception.StepFailedException: Unable to set text '' of object 'Object Repository/AdminSuiteBootstrap_Pages/VT_Bootstrap/ACHPersonal/input_smsNumber' (Root cause: com.kms.katalon.core.exception.StepFailedException: Unable to set text '' of object 'Object Repository/AdminSuiteBootstrap_Pages/VT_Bootstrap/ACHPersonal/input_smsNumber'
	at com.kms.katalon.core.webui.keyword.internal.WebUIKeywordMain.stepFailed(WebUIKeywordMain.groovy:64)
	at com.kms.katalon.core.webui.keyword.internal.WebUIKeywordMain.runKeyword(WebUIKeywordMain.groovy:26)
	at com.kms.katalon.core.webui.keyword.builtin.SetTextKeyword.setText(SetTextKeyword.groovy:66)
	at com.kms.katalon.core.webui.keyword.builtin.SetTextKeyword.execute(SetTextKeyword.groovy:37)
	at com.kms.katalon.core.keyword.internal.KeywordExecutor.executeKeywordForPlatform(KeywordExecutor.groovy:74)
	at com.kms.katalon.core.webui.keyword.WebUiBuiltInKeywords.setText(WebUiBuiltInKeywords.groovy:980)
	at com.kms.katalon.core.webui.keyword.WebUiBuiltInKeywords$setText$2.call(Unknown Source)
	at adminSuiteBootstrap.debitPersonalsetData.debitPersonal_DataDriven(debitPersonalsetData.groovy:68)
	at adminSuiteBootstrap.debitPersonalsetData.invokeMethod(debitPersonalsetData.groovy)
	at com.kms.katalon.core.main.CustomKeywordDelegatingMetaClass.invokeStaticMethod(CustomKeywordDelegatingMetaClass.java:55)
	at Personal_SearchTransaction_Generic_TC.run(Personal_SearchTransaction_Generic_TC:129)
	at com.kms.katalon.core.main.ScriptEngine.run(ScriptEngine.java:194)
	at com.kms.katalon.core.main.ScriptEngine.runScriptAsRawText(ScriptEngine.java:119)
	at com.kms.katalon.core.main.TestCaseExecutor.runScript(TestCaseExecutor.java:448)
	at com.kms.katalon.core.main.TestCaseExecutor.doExecute(TestCaseExecutor.java:439)
	at com.kms.katalon.core.main.TestCaseExecutor.processExecutionPhase(TestCaseExecutor.java:418)
	at com.kms.katalon.core.main.TestCaseExecutor.accessMainPhase(TestCaseExecutor.java:410)
	at com.kms.katalon.core.main.TestCaseExecutor.execute(TestCaseExecutor.java:285)
	at com.kms.katalon.core.common.CommonExecutor.accessTestCaseMainPhase(CommonExecutor.java:65)
	at com.kms.katalon.core.main.TestSuiteExecutor.accessTestSuiteMainPhase(TestSuiteExecutor.java:148)
	at com.kms.katalon.core.main.TestSuiteExecutor.execute(TestSuiteExecutor.java:106)
	at com.kms.katalon.core.main.TestCaseMain.startTestSuite(TestCaseMain.java:187)
	at com.kms.katalon.core.main.TestCaseMain$startTestSuite$0.call(Unknown Source)
	at TempTestSuite1730425171054.run(TempTestSuite1730425171054.groovy:35)
Caused by: com.kms.katalon.core.webui.exception.WebElementNotFoundException: Web element with id: 'Object Repository/AdminSuiteBootstrap_Pages/VT_Bootstrap/ACHPersonal/input_smsNumber' located by '//*[@type = 'TEXT' and @name = 'smsNumber' and @id = 'smsNumber']' not found
	at com.kms.katalon.core.webui.common.WebUiCommonHelper.findWebElement(WebUiCommonHelper.java:1381)
	at com.kms.katalon.core.webui.keyword.internal.WebUIAbstractKeyword.findWebElement(WebUIAbstractKeyword.groovy:27)
	at com.kms.katalon.core.webui.keyword.internal.WebUIAbstractKeyword.findWebElement(WebUIAbstractKeyword.groovy:26)
	at com.kms.katalon.core.webui.keyword.builtin.SetTextKeyword$_setText_closure1.doCall(SetTextKeyword.groovy:51)
	at com.kms.katalon.core.webui.keyword.builtin.SetTextKeyword$_setText_closure1.call(SetTextKeyword.groovy)
	at com.kms.katalon.core.webui.keyword.internal.WebUIKeywordMain.runKeyword(WebUIKeywordMain.groovy:20)
	at com.kms.katalon.core.webui.keyword.builtin.SetTextKeyword.setText(SetTextKeyword.groovy:66)
	at com.kms.katalon.core.webui.keyword.builtin.SetTextKeyword.execute(SetTextKeyword.groovy:37)
	at com.kms.katalon.core.keyword.internal.KeywordExecutor.executeKeywordForPlatform(KeywordExecutor.groovy:74)
	at com.kms.katalon.core.webui.keyword.WebUiBuiltInKeywords.setText(WebUiBuiltInKeywords.groovy:980)
	at com.kms.katalon.core.webui.keyword.WebUiBuiltInKeywords$setText$2.call(Unknown Source)
	at adminSuiteBootstrap.debitPersonalsetData.debitPersonal_DataDriven(debitPersonalsetData.groovy:68)
	at adminSuiteBootstrap.debitPersonalsetData.invokeMethod(debitPersonalsetData.groovy)
	at com.kms.katalon.core.main.CustomKeywordDelegatingMetaClass.invokeStaticMethod(CustomKeywordDelegatingMetaClass.java:55)
	at Script1710792455251.run(Script1710792455251.groovy:129)
	... 13 more
)

2024-10-31 22:01:16 - [MESSAGE][PASSED] - Text 'John' is set on object 'Object Repository/AdminSuiteBootstrap_Pages/VT_Bootstrap/ACHPersonal/input_firstName'

2024-10-31 22:01:17 - [MESSAGE][PASSED] - Text 'Gordonas' is set on object 'Object Repository/AdminSuiteBootstrap_Pages/VT_Bootstrap/ACHPersonal/input_lastName'

2024-10-31 22:01:18 - [MESSAGE][PASSED] - Text '133 Meadow Ln' is set on object 'Object Repository/AdminSuiteBootstrap_Pages/VT_Bootstrap/ACHPersonal/input_address'

2024-10-31 22:01:19 - [MESSAGE][PASSED] - Text 'apt #123' is set on object 'Object Repository/AdminSuiteBootstrap_Pages/VT_Bootstrap/ACHPersonal/input_address2'

2024-10-31 22:01:19 - [MESSAGE][PASSED] - Text '22201' is set on object 'Object Repository/AdminSuiteBootstrap_Pages/VT_Bootstrap/ACHPersonal/input_zip'

2024-10-31 22:01:20 - [MESSAGE][PASSED] - Text '' is set on object 'Object Repository/AdminSuiteBootstrap_Pages/VT_Bootstrap/ACHPersonal/input_emailAddress'

2024-10-31 22:01:51 - [MESSAGE][INFO] - Unable to find the element located by 'By.xpath: //*[@type = 'TEXT' and @name = 'smsNumber' and @id = 'smsNumber']'. Please recheck the objects properties to make sure the desired element is located. 

2024-10-31 22:01:51 - [MESSAGE][WARNING] - [SELF-HEALING] Failed to find element with id 'Object Repository/AdminSuiteBootstrap_Pages/VT_Bootstrap/ACHPersonal/input_smsNumber'. Try using Self-healing.

2024-10-31 22:01:52 - [MESSAGE][INFO] - Unable to find the element located by 'By.xpath: //input[@id='smsNumber']'. Please recheck the objects properties to make sure the desired element is located. 

2024-10-31 22:01:52 - [MESSAGE][INFO] - [SELF-HEALING] Failed Locator: '//input[@id='smsNumber']'.

2024-10-31 22:01:53 - [MESSAGE][INFO] - [SELF-HEALING] Failed Locator: '//form[@id='form1']/div/div[3]/div/div[2]/div[7]/div[2]/div/input'.

2024-10-31 22:01:53 - [MESSAGE][INFO] - [SELF-HEALING] Failed Locator: '//div[7]/div[2]/div/input'.

2024-10-31 22:01:53 - [MESSAGE][INFO] - [SELF-HEALING] Failed Locator: '//input[@type = 'TEXT' and @placeholder = '###-###-####' and @name = 'smsNumber' and @id = 'smsNumber']'.

2024-10-31 22:01:53 - [MESSAGE][INFO] - [SELF-HEALING] Failed Locator: '//input[@id='smsNumber']'.

2024-10-31 22:01:54 - [MESSAGE][INFO] - [SELF-HEALING] Failed Locator: '//form[@id='form1']/div/div[3]/div/div[2]/div[7]/div[2]/div/input'.

2024-10-31 22:01:54 - [MESSAGE][INFO] - [SELF-HEALING] Failed Locator: '//div[7]/div[2]/div/input'.

2024-10-31 22:01:54 - [MESSAGE][INFO] - [SELF-HEALING] Failed Locator: '//input[@type = 'TEXT' and @placeholder = '###-###-####' and @name = 'smsNumber' and @id = 'smsNumber']'.

2024-10-31 22:01:55 - [MESSAGE][INFO] - Unable to find the element located by 'By.cssSelector: #smsNumber'. Please recheck the objects properties to make sure the desired element is located. 

2024-10-31 22:01:56 - [MESSAGE][FAILED] - Unable to set text '' of object 'Object Repository/AdminSuiteBootstrap_Pages/VT_Bootstrap/ACHPersonal/input_smsNumber' (Root cause: com.kms.katalon.core.exception.StepFailedException: Unable to set text '' of object 'Object Repository/AdminSuiteBootstrap_Pages/VT_Bootstrap/ACHPersonal/input_smsNumber'
	at com.kms.katalon.core.webui.keyword.internal.WebUIKeywordMain.stepFailed(WebUIKeywordMain.groovy:64)
	at com.kms.katalon.core.webui.keyword.internal.WebUIKeywordMain.runKeyword(WebUIKeywordMain.groovy:26)
	at com.kms.katalon.core.webui.keyword.builtin.SetTextKeyword.setText(SetTextKeyword.groovy:66)
	at com.kms.katalon.core.webui.keyword.builtin.SetTextKeyword.execute(SetTextKeyword.groovy:37)
	at com.kms.katalon.core.keyword.internal.KeywordExecutor.executeKeywordForPlatform(KeywordExecutor.groovy:74)
	at com.kms.katalon.core.webui.keyword.WebUiBuiltInKeywords.setText(WebUiBuiltInKeywords.groovy:980)
	at com.kms.katalon.core.webui.keyword.WebUiBuiltInKeywords$setText$2.call(Unknown Source)
	at adminSuiteBootstrap.debitPersonalsetData.debitPersonal_DataDriven(debitPersonalsetData.groovy:68)
	at adminSuiteBootstrap.debitPersonalsetData.invokeMethod(debitPersonalsetData.groovy)
	at com.kms.katalon.core.main.CustomKeywordDelegatingMetaClass.invokeStaticMethod(CustomKeywordDelegatingMetaClass.java:55)
	at Personal_SearchTransaction_Generic_TC.run(Personal_SearchTransaction_Generic_TC:129)
	at com.kms.katalon.core.main.ScriptEngine.run(ScriptEngine.java:194)
	at com.kms.katalon.core.main.ScriptEngine.runScriptAsRawText(ScriptEngine.java:119)
	at com.kms.katalon.core.main.TestCaseExecutor.runScript(TestCaseExecutor.java:448)
	at com.kms.katalon.core.main.TestCaseExecutor.doExecute(TestCaseExecutor.java:439)
	at com.kms.katalon.core.main.TestCaseExecutor.processExecutionPhase(TestCaseExecutor.java:418)
	at com.kms.katalon.core.main.TestCaseExecutor.accessMainPhase(TestCaseExecutor.java:410)
	at com.kms.katalon.core.main.TestCaseExecutor.execute(TestCaseExecutor.java:285)
	at com.kms.katalon.core.common.CommonExecutor.accessTestCaseMainPhase(CommonExecutor.java:65)
	at com.kms.katalon.core.main.TestSuiteExecutor.accessTestSuiteMainPhase(TestSuiteExecutor.java:148)
	at com.kms.katalon.core.main.TestSuiteExecutor.execute(TestSuiteExecutor.java:106)
	at com.kms.katalon.core.main.TestCaseMain.startTestSuite(TestCaseMain.java:187)
	at com.kms.katalon.core.main.TestCaseMain$startTestSuite$0.call(Unknown Source)
	at TempTestSuite1730425171054.run(TempTestSuite1730425171054.groovy:35)
Caused by: com.kms.katalon.core.webui.exception.WebElementNotFoundException: Web element with id: 'Object Repository/AdminSuiteBootstrap_Pages/VT_Bootstrap/ACHPersonal/input_smsNumber' located by '//*[@type = 'TEXT' and @name = 'smsNumber' and @id = 'smsNumber']' not found
	at com.kms.katalon.core.webui.common.WebUiCommonHelper.findWebElement(WebUiCommonHelper.java:1381)
	at com.kms.katalon.core.webui.keyword.internal.WebUIAbstractKeyword.findWebElement(WebUIAbstractKeyword.groovy:27)
	at com.kms.katalon.core.webui.keyword.internal.WebUIAbstractKeyword.findWebElement(WebUIAbstractKeyword.groovy:26)
	at com.kms.katalon.core.webui.keyword.builtin.SetTextKeyword$_setText_closure1.doCall(SetTextKeyword.groovy:51)
	at com.kms.katalon.core.webui.keyword.builtin.SetTextKeyword$_setText_closure1.call(SetTextKeyword.groovy)
	at com.kms.katalon.core.webui.keyword.internal.WebUIKeywordMain.runKeyword(WebUIKeywordMain.groovy:20)
	at com.kms.katalon.core.webui.keyword.builtin.SetTextKeyword.setText(SetTextKeyword.groovy:66)
	at com.kms.katalon.core.webui.keyword.builtin.SetTextKeyword.execute(SetTextKeyword.groovy:37)
	at com.kms.katalon.core.keyword.internal.KeywordExecutor.executeKeywordForPlatform(KeywordExecutor.groovy:74)
	at com.kms.katalon.core.webui.keyword.WebUiBuiltInKeywords.setText(WebUiBuiltInKeywords.groovy:980)
	at com.kms.katalon.core.webui.keyword.WebUiBuiltInKeywords$setText$2.call(Unknown Source)
	at adminSuiteBootstrap.debitPersonalsetData.debitPersonal_DataDriven(debitPersonalsetData.groovy:68)
	at adminSuiteBootstrap.debitPersonalsetData.invokeMethod(debitPersonalsetData.groovy)
	at com.kms.katalon.core.main.CustomKeywordDelegatingMetaClass.invokeStaticMethod(CustomKeywordDelegatingMetaClass.java:55)
	at Script1710792455251.run(Script1710792455251.groovy:129)
	... 13 more
)
[[ATTACHMENT|E:\\Cloned-Project-Katalon\\VPS-Katalon\\Reports\\20241031_213928\\QA\\VT-Bootstrap\\AdminSuiteBootstrap_UI_TestSuite\\20241031_213931\\1730426515793.png]]

2024-10-31 22:01:56 - [MESSAGE][PASSED] - Text '45681001' is set on object 'Object Repository/AdminSuiteBootstrap_Pages/VT_Bootstrap/ACHPersonal/input_accountNumber'

2024-10-31 22:01:57 - [MESSAGE][PASSED] - Text '256072691' is set on object 'Object Repository/AdminSuiteBootstrap_Pages/VT_Bootstrap/ACHPersonal/input_routingNumber'

2024-10-31 22:01:58 - [MESSAGE][PASSED] - All options with label 'Checking' are selected in object 'Object Repository/AdminSuiteBootstrap_Pages/VT_Bootstrap/ACHPersonal/select_AccountType'  using regular expression

2024-10-31 22:01:59 - [MESSAGE][PASSED] - All options with label 'PPD - Prearranged Payment and Deposit Entry' are selected in object 'Object Repository/AdminSuiteBootstrap_Pages/VT_Bootstrap/ACHPersonal/select_STD'  using regular expression

2024-10-31 22:01:59 - [MESSAGE][PASSED] - Text '11.5' is set on object 'Object Repository/AdminSuiteBootstrap_Pages/VT_Bootstrap/ACHPersonal/input_amount'

2024-10-31 22:02:00 - [MESSAGE][PASSED] - Text 'Denmark' is set on object 'Object Repository/AdminSuiteBootstrap_Pages/VT_Bootstrap/ACHPersonal/input_userDefined1'

2024-10-31 22:02:01 - [MESSAGE][PASSED] - Text 'Australia' is set on object 'Object Repository/AdminSuiteBootstrap_Pages/VT_Bootstrap/ACHPersonal/input_userDefined2'

2024-10-31 22:02:01 - [MESSAGE][PASSED] - Text 'Austria' is set on object 'Object Repository/AdminSuiteBootstrap_Pages/VT_Bootstrap/ACHPersonal/input_userDefined3'

2024-10-31 22:02:02 - [MESSAGE][PASSED] - Text 'Sweden' is set on object 'Object Repository/AdminSuiteBootstrap_Pages/VT_Bootstrap/ACHPersonal/input_userDefined4'

2024-10-31 22:02:03 - [MESSAGE][PASSED] - All options with label 'Yellow' are selected in object 'Object Repository/AdminSuiteBootstrap_Pages/VT_Bootstrap/ACHPersonal/select_UDF5'  using regular expression

2024-10-31 22:02:04 - [MESSAGE][PASSED] - All options with label 'Orange' are selected in object 'Object Repository/AdminSuiteBootstrap_Pages/VT_Bootstrap/ACHPersonal/select_UDF6'  using regular expression

2024-10-31 22:02:05 - [MESSAGE][PASSED] - Text 'Netherlands' is set on object 'Object Repository/AdminSuiteBootstrap_Pages/VT_Bootstrap/ACHPersonal/input_userDefined7'

2024-10-31 22:02:05 - [MESSAGE][PASSED] - Text 'Norway' is set on object 'Object Repository/AdminSuiteBootstrap_Pages/VT_Bootstrap/ACHPersonal/input_userDefined8'

2024-10-31 22:02:06 - [MESSAGE][PASSED] - Text 'France' is set on object 'Object Repository/AdminSuiteBootstrap_Pages/VT_Bootstrap/ACHPersonal/input_userDefined9'

2024-10-31 22:02:07 - [MESSAGE][PASSED] - Text 'Switzerland' is set on object 'Object Repository/AdminSuiteBootstrap_Pages/VT_Bootstrap/ACHPersonal/input_userDefined10'

2024-10-31 22:02:08 - [MESSAGE][PASSED] - Object: 'Object Repository/AdminSuiteBootstrap_Pages/VT_Bootstrap/ACHPersonal/button_Submit' is clicked on

2024-10-31 22:02:08 - [MESSAGE][FAILED] - com.kms.katalon.core.exception.StepFailedException: Unable to set text '' of object 'Object Repository/AdminSuiteBootstrap_Pages/VT_Bootstrap/ACHPersonal/input_smsNumber' (Root cause: com.kms.katalon.core.exception.StepFailedException: Unable to set text '' of object 'Object Repository/AdminSuiteBootstrap_Pages/VT_Bootstrap/ACHPersonal/input_smsNumber'
	at com.kms.katalon.core.webui.keyword.internal.WebUIKeywordMain.stepFailed(WebUIKeywordMain.groovy:64)
	at com.kms.katalon.core.webui.keyword.internal.WebUIKeywordMain.runKeyword(WebUIKeywordMain.groovy:26)
	at com.kms.katalon.core.webui.keyword.builtin.SetTextKeyword.setText(SetTextKeyword.groovy:66)
	at com.kms.katalon.core.webui.keyword.builtin.SetTextKeyword.execute(SetTextKeyword.groovy:37)
	at com.kms.katalon.core.keyword.internal.KeywordExecutor.executeKeywordForPlatform(KeywordExecutor.groovy:74)
	at com.kms.katalon.core.webui.keyword.WebUiBuiltInKeywords.setText(WebUiBuiltInKeywords.groovy:980)
	at com.kms.katalon.core.webui.keyword.WebUiBuiltInKeywords$setText$2.call(Unknown Source)
	at adminSuiteBootstrap.debitPersonalsetData.debitPersonal_DataDriven(debitPersonalsetData.groovy:68)
	at adminSuiteBootstrap.debitPersonalsetData.invokeMethod(debitPersonalsetData.groovy)
	at com.kms.katalon.core.main.CustomKeywordDelegatingMetaClass.invokeStaticMethod(CustomKeywordDelegatingMetaClass.java:55)
	at Personal_SearchTransaction_Generic_TC.run(Personal_SearchTransaction_Generic_TC:129)
	at com.kms.katalon.core.main.ScriptEngine.run(ScriptEngine.java:194)
	at com.kms.katalon.core.main.ScriptEngine.runScriptAsRawText(ScriptEngine.java:119)
	at com.kms.katalon.core.main.TestCaseExecutor.runScript(TestCaseExecutor.java:448)
	at com.kms.katalon.core.main.TestCaseExecutor.doExecute(TestCaseExecutor.java:439)
	at com.kms.katalon.core.main.TestCaseExecutor.processExecutionPhase(TestCaseExecutor.java:418)
	at com.kms.katalon.core.main.TestCaseExecutor.accessMainPhase(TestCaseExecutor.java:410)
	at com.kms.katalon.core.main.TestCaseExecutor.execute(TestCaseExecutor.java:285)
	at com.kms.katalon.core.common.CommonExecutor.accessTestCaseMainPhase(CommonExecutor.java:65)
	at com.kms.katalon.core.main.TestSuiteExecutor.accessTestSuiteMainPhase(TestSuiteExecutor.java:148)
	at com.kms.katalon.core.main.TestSuiteExecutor.execute(TestSuiteExecutor.java:106)
	at com.kms.katalon.core.main.TestCaseMain.startTestSuite(TestCaseMain.java:187)
	at com.kms.katalon.core.main.TestCaseMain$startTestSuite$0.call(Unknown Source)
	at TempTestSuite1730425171054.run(TempTestSuite1730425171054.groovy:35)
Caused by: com.kms.katalon.core.webui.exception.WebElementNotFoundException: Web element with id: 'Object Repository/AdminSuiteBootstrap_Pages/VT_Bootstrap/ACHPersonal/input_smsNumber' located by '//*[@type = 'TEXT' and @name = 'smsNumber' and @id = 'smsNumber']' not found
	at com.kms.katalon.core.webui.common.WebUiCommonHelper.findWebElement(WebUiCommonHelper.java:1381)
	at com.kms.katalon.core.webui.keyword.internal.WebUIAbstractKeyword.findWebElement(WebUIAbstractKeyword.groovy:27)
	at com.kms.katalon.core.webui.keyword.internal.WebUIAbstractKeyword.findWebElement(WebUIAbstractKeyword.groovy:26)
	at com.kms.katalon.core.webui.keyword.builtin.SetTextKeyword$_setText_closure1.doCall(SetTextKeyword.groovy:51)
	at com.kms.katalon.core.webui.keyword.builtin.SetTextKeyword$_setText_closure1.call(SetTextKeyword.groovy)
	at com.kms.katalon.core.webui.keyword.internal.WebUIKeywordMain.runKeyword(WebUIKeywordMain.groovy:20)
	at com.kms.katalon.core.webui.keyword.builtin.SetTextKeyword.setText(SetTextKeyword.groovy:66)
	at com.kms.katalon.core.webui.keyword.builtin.SetTextKeyword.execute(SetTextKeyword.groovy:37)
	at com.kms.katalon.core.keyword.internal.KeywordExecutor.executeKeywordForPlatform(KeywordExecutor.groovy:74)
	at com.kms.katalon.core.webui.keyword.WebUiBuiltInKeywords.setText(WebUiBuiltInKeywords.groovy:980)
	at com.kms.katalon.core.webui.keyword.WebUiBuiltInKeywords$setText$2.call(Unknown Source)
	at adminSuiteBootstrap.debitPersonalsetData.debitPersonal_DataDriven(debitPersonalsetData.groovy:68)
	at adminSuiteBootstrap.debitPersonalsetData.invokeMethod(debitPersonalsetData.groovy)
	at com.kms.katalon.core.main.CustomKeywordDelegatingMetaClass.invokeStaticMethod(CustomKeywordDelegatingMetaClass.java:55)
	at Script1710792455251.run(Script1710792455251.groovy:129)
	... 13 more
)

2024-10-31 22:02:08 - [TEST_STEP][PASSED] - if (verifyTextPresent("Transaction Successful", true)): null

2024-10-31 22:02:09 - [MESSAGE][PASSED] - Text 'Transaction Successful' is present on page  using regular expression

2024-10-31 22:02:09 - [TEST_STEP][PASSED] - sdf = getText(findTestObject(path_Receipt + "td_AutoNoC031622113752957Ahm")): Text of object 'Object Repository/AdminSuiteBootstrap_Pages/VT_Bootstrap/Receipt/td_AutoNoC031622113752957Ahm' is: 'AutoNoCFtp103124215330Ahm'

2024-10-31 22:02:09 - [MESSAGE][PASSED] - Text of object 'Object Repository/AdminSuiteBootstrap_Pages/VT_Bootstrap/Receipt/td_AutoNoC031622113752957Ahm' is: 'AutoNoCFtp103124215330Ahm'

2024-10-31 22:02:09 - [TEST_STEP][PASSED] - out.println("sdf: " + sdf): null

2024-10-31 22:02:09 - [TEST_STEP][PASSED] - remID = sdf: null

2024-10-31 22:02:09 - [TEST_STEP][PASSED] - out.println("remID: " + remID): null

2024-10-31 22:02:09 - [TEST_STEP][PASSED] - click(findTestObject(path_Receipt + "button_Continue")): Object: 'Object Repository/AdminSuiteBootstrap_Pages/VT_Bootstrap/Receipt/button_Continue' is clicked on

2024-10-31 22:02:10 - [MESSAGE][PASSED] - Object: 'Object Repository/AdminSuiteBootstrap_Pages/VT_Bootstrap/Receipt/button_Continue' is clicked on

2024-10-31 22:02:10 - [TEST_STEP][PASSED] - click(findTestObject(path_VT + "a_Search Transactions")): Object: 'Object Repository/AdminSuiteBootstrap_Pages/VT_Bootstrap/IssueTransactions/a_Search Transactions' is clicked on

2024-10-31 22:02:11 - [MESSAGE][PASSED] - Object: 'Object Repository/AdminSuiteBootstrap_Pages/VT_Bootstrap/IssueTransactions/a_Search Transactions' is clicked on

2024-10-31 22:02:11 - [TEST_STEP][PASSED] - setText(findTestObject(path_CCSearch + "input_Search By_searchValue"), remID): Text 'AutoNoCFtp103124215330Ahm' is set on object 'Object Repository/AdminSuiteBootstrap_Pages/VT_Bootstrap/CCCreditOrVoidSearch/input_Search By_searchValue'

2024-10-31 22:02:11 - [MESSAGE][PASSED] - Text 'AutoNoCFtp103124215330Ahm' is set on object 'Object Repository/AdminSuiteBootstrap_Pages/VT_Bootstrap/CCCreditOrVoidSearch/input_Search By_searchValue'

2024-10-31 22:02:11 - [TEST_STEP][PASSED] - click(findTestObject(path_CCSearch + "button_Submit")): Object: 'Object Repository/AdminSuiteBootstrap_Pages/VT_Bootstrap/CCCreditOrVoidSearch/button_Submit' is clicked on

2024-10-31 22:02:12 - [MESSAGE][PASSED] - Object: 'Object Repository/AdminSuiteBootstrap_Pages/VT_Bootstrap/CCCreditOrVoidSearch/button_Submit' is clicked on

2024-10-31 22:02:12 - [TEST_STEP][PASSED] - fgr = getText(findTestObject(path_SearchResults + "div_Payment ID")): Text of object 'Object Repository/AdminSuiteBootstrap_Pages/VT_Bootstrap/SearchResults/div_Payment ID' is: 'Issue Transactions
Search Transactions'

2024-10-31 22:02:44 - [MESSAGE][INFO] - Unable to find the element located by 'By.xpath: /html[1]/body[@class="app sidebar-mini"]/main[@class="app-content"]/div[@class="d-flex"]/div[@class="tile w-100"]/div[@class="border"]/div[@class="tile-body"]/div[@class="tile-body"]/div[@class="table-responsive px-3"]/div[1]/div[@class="tile-body"]'. Please recheck the objects properties to make sure the desired element is located. 

2024-10-31 22:02:44 - [MESSAGE][WARNING] - [SELF-HEALING] Failed to find element with id 'Object Repository/AdminSuiteBootstrap_Pages/VT_Bootstrap/SearchResults/div_Payment ID'. Try using Self-healing.

2024-10-31 22:02:44 - [MESSAGE][WARNING] - [SELF-HEALING] The current locator of test object 'Object Repository/AdminSuiteBootstrap_Pages/VT_Bootstrap/SearchResults/div_Payment ID' was broken. Propose an alternative one: '//div[2]/div/div/div[2]'.

2024-10-31 22:02:44 - [MESSAGE][PASSED] - Text of object 'Object Repository/AdminSuiteBootstrap_Pages/VT_Bootstrap/SearchResults/div_Payment ID' is: 'Issue Transactions
Search Transactions'

2024-10-31 22:02:44 - [TEST_STEP][ERROR] - payID = substring(89, 98).trim(): Test Cases/Admin Suite Bootstrap/VT_SearchTransaction_TestCases/Personal_SearchTransaction_Generic_TC FAILED.
Reason:
java.lang.StringIndexOutOfBoundsException: String index out of range: 98
	at java_lang_String$substring$2.call(Unknown Source)
	at Personal_SearchTransaction_Generic_TC.run(Personal_SearchTransaction_Generic_TC:159)
	at com.kms.katalon.core.main.ScriptEngine.run(ScriptEngine.java:194)
	at com.kms.katalon.core.main.ScriptEngine.runScriptAsRawText(ScriptEngine.java:119)
	at com.kms.katalon.core.main.TestCaseExecutor.runScript(TestCaseExecutor.java:448)
	at com.kms.katalon.core.main.TestCaseExecutor.doExecute(TestCaseExecutor.java:439)
	at com.kms.katalon.core.main.TestCaseExecutor.processExecutionPhase(TestCaseExecutor.java:418)
	at com.kms.katalon.core.main.TestCaseExecutor.accessMainPhase(TestCaseExecutor.java:410)
	at com.kms.katalon.core.main.TestCaseExecutor.execute(TestCaseExecutor.java:285)
	at com.kms.katalon.core.common.CommonExecutor.accessTestCaseMainPhase(CommonExecutor.java:65)
	at com.kms.katalon.core.main.TestSuiteExecutor.accessTestSuiteMainPhase(TestSuiteExecutor.java:148)
	at com.kms.katalon.core.main.TestSuiteExecutor.execute(TestSuiteExecutor.java:106)
	at com.kms.katalon.core.main.TestCaseMain.startTestSuite(TestCaseMain.java:187)
	at com.kms.katalon.core.main.TestCaseMain$startTestSuite$0.call(Unknown Source)
	at TempTestSuite1730425171054.run(TempTestSuite1730425171054.groovy:35)


2024-10-31 22:02:44 - [MESSAGE][ERROR] - Test Cases/Admin Suite Bootstrap/VT_SearchTransaction_TestCases/Personal_SearchTransaction_Generic_TC FAILED.
Reason:
java.lang.StringIndexOutOfBoundsException: String index out of range: 98
	at java_lang_String$substring$2.call(Unknown Source)
	at Personal_SearchTransaction_Generic_TC.run(Personal_SearchTransaction_Generic_TC:159)
	at com.kms.katalon.core.main.ScriptEngine.run(ScriptEngine.java:194)
	at com.kms.katalon.core.main.ScriptEngine.runScriptAsRawText(ScriptEngine.java:119)
	at com.kms.katalon.core.main.TestCaseExecutor.runScript(TestCaseExecutor.java:448)
	at com.kms.katalon.core.main.TestCaseExecutor.doExecute(TestCaseExecutor.java:439)
	at com.kms.katalon.core.main.TestCaseExecutor.processExecutionPhase(TestCaseExecutor.java:418)
	at com.kms.katalon.core.main.TestCaseExecutor.accessMainPhase(TestCaseExecutor.java:410)
	at com.kms.katalon.core.main.TestCaseExecutor.execute(TestCaseExecutor.java:285)
	at com.kms.katalon.core.common.CommonExecutor.accessTestCaseMainPhase(CommonExecutor.java:65)
	at com.kms.katalon.core.main.TestSuiteExecutor.accessTestSuiteMainPhase(TestSuiteExecutor.java:148)
	at com.kms.katalon.core.main.TestSuiteExecutor.execute(TestSuiteExecutor.java:106)
	at com.kms.katalon.core.main.TestCaseMain.startTestSuite(TestCaseMain.java:187)
	at com.kms.katalon.core.main.TestCaseMain$startTestSuite$0.call(Unknown Source)
	at TempTestSuite1730425171054.run(TempTestSuite1730425171054.groovy:35)]]></system-out>
         <system-err><![CDATA[2024-10-31 22:00:56 - [TEST_CASE][FAILED] - Test Cases/Admin Suite Bootstrap/VT_SearchTransaction_TestCases/Personal_SearchTransaction_Generic_TC: Test Cases/Admin Suite Bootstrap/VT_SearchTransaction_TestCases/Personal_SearchTransaction_Generic_TC FAILED.
Reason:
com.kms.katalon.core.exception.StepFailedException: Unable to set text '' of object 'Object Repository/AdminSuiteBootstrap_Pages/VT_Bootstrap/ACHPersonal/input_smsNumber' (Root cause: com.kms.katalon.core.exception.StepFailedException: Unable to set text '' of object 'Object Repository/AdminSuiteBootstrap_Pages/VT_Bootstrap/ACHPersonal/input_smsNumber'
	at com.kms.katalon.core.webui.keyword.internal.WebUIKeywordMain.stepFailed(WebUIKeywordMain.groovy:64)
	at com.kms.katalon.core.webui.keyword.internal.WebUIKeywordMain.runKeyword(WebUIKeywordMain.groovy:26)
	at com.kms.katalon.core.webui.keyword.builtin.SetTextKeyword.setText(SetTextKeyword.groovy:66)
	at com.kms.katalon.core.webui.keyword.builtin.SetTextKeyword.execute(SetTextKeyword.groovy:37)
	at com.kms.katalon.core.keyword.internal.KeywordExecutor.executeKeywordForPlatform(KeywordExecutor.groovy:74)
	at com.kms.katalon.core.webui.keyword.WebUiBuiltInKeywords.setText(WebUiBuiltInKeywords.groovy:980)
	at com.kms.katalon.core.webui.keyword.WebUiBuiltInKeywords$setText$2.call(Unknown Source)
	at adminSuiteBootstrap.debitPersonalsetData.debitPersonal_DataDriven(debitPersonalsetData.groovy:68)
	at adminSuiteBootstrap.debitPersonalsetData.invokeMethod(debitPersonalsetData.groovy)
	at com.kms.katalon.core.main.CustomKeywordDelegatingMetaClass.invokeStaticMethod(CustomKeywordDelegatingMetaClass.java:55)
	at Personal_SearchTransaction_Generic_TC.run(Personal_SearchTransaction_Generic_TC:129)
	at com.kms.katalon.core.main.ScriptEngine.run(ScriptEngine.java:194)
	at com.kms.katalon.core.main.ScriptEngine.runScriptAsRawText(ScriptEngine.java:119)
	at com.kms.katalon.core.main.TestCaseExecutor.runScript(TestCaseExecutor.java:448)
	at com.kms.katalon.core.main.TestCaseExecutor.doExecute(TestCaseExecutor.java:439)
	at com.kms.katalon.core.main.TestCaseExecutor.processExecutionPhase(TestCaseExecutor.java:418)
	at com.kms.katalon.core.main.TestCaseExecutor.accessMainPhase(TestCaseExecutor.java:410)
	at com.kms.katalon.core.main.TestCaseExecutor.execute(TestCaseExecutor.java:285)
	at com.kms.katalon.core.common.CommonExecutor.accessTestCaseMainPhase(CommonExecutor.java:65)
	at com.kms.katalon.core.main.TestSuiteExecutor.accessTestSuiteMainPhase(TestSuiteExecutor.java:148)
	at com.kms.katalon.core.main.TestSuiteExecutor.execute(TestSuiteExecutor.java:106)
	at com.kms.katalon.core.main.TestCaseMain.startTestSuite(TestCaseMain.java:187)
	at com.kms.katalon.core.main.TestCaseMain$startTestSuite$0.call(Unknown Source)
	at TempTestSuite1730425171054.run(TempTestSuite1730425171054.groovy:35)
Caused by: com.kms.katalon.core.webui.exception.WebElementNotFoundException: Web element with id: 'Object Repository/AdminSuiteBootstrap_Pages/VT_Bootstrap/ACHPersonal/input_smsNumber' located by '//*[@type = 'TEXT' and @name = 'smsNumber' and @id = 'smsNumber']' not found
	at com.kms.katalon.core.webui.common.WebUiCommonHelper.findWebElement(WebUiCommonHelper.java:1381)
	at com.kms.katalon.core.webui.keyword.internal.WebUIAbstractKeyword.findWebElement(WebUIAbstractKeyword.groovy:27)
	at com.kms.katalon.core.webui.keyword.internal.WebUIAbstractKeyword.findWebElement(WebUIAbstractKeyword.groovy:26)
	at com.kms.katalon.core.webui.keyword.builtin.SetTextKeyword$_setText_closure1.doCall(SetTextKeyword.groovy:51)
	at com.kms.katalon.core.webui.keyword.builtin.SetTextKeyword$_setText_closure1.call(SetTextKeyword.groovy)
	at com.kms.katalon.core.webui.keyword.internal.WebUIKeywordMain.runKeyword(WebUIKeywordMain.groovy:20)
	at com.kms.katalon.core.webui.keyword.builtin.SetTextKeyword.setText(SetTextKeyword.groovy:66)
	at com.kms.katalon.core.webui.keyword.builtin.SetTextKeyword.execute(SetTextKeyword.groovy:37)
	at com.kms.katalon.core.keyword.internal.KeywordExecutor.executeKeywordForPlatform(KeywordExecutor.groovy:74)
	at com.kms.katalon.core.webui.keyword.WebUiBuiltInKeywords.setText(WebUiBuiltInKeywords.groovy:980)
	at com.kms.katalon.core.webui.keyword.WebUiBuiltInKeywords$setText$2.call(Unknown Source)
	at adminSuiteBootstrap.debitPersonalsetData.debitPersonal_DataDriven(debitPersonalsetData.groovy:68)
	at adminSuiteBootstrap.debitPersonalsetData.invokeMethod(debitPersonalsetData.groovy)
	at com.kms.katalon.core.main.CustomKeywordDelegatingMetaClass.invokeStaticMethod(CustomKeywordDelegatingMetaClass.java:55)
	at Script1710792455251.run(Script1710792455251.groovy:129)
	... 13 more
)
	at com.kms.katalon.core.keyword.internal.KeywordMain.stepFailed(KeywordMain.groovy:39)
	at com.kms.katalon.core.webui.keyword.internal.WebUIKeywordMain.stepFailed(WebUIKeywordMain.groovy:64)
	at com.kms.katalon.core.webui.keyword.internal.WebUIKeywordMain.runKeyword(WebUIKeywordMain.groovy:26)
	at com.kms.katalon.core.webui.keyword.builtin.SetTextKeyword.setText(SetTextKeyword.groovy:66)
	at com.kms.katalon.core.webui.keyword.builtin.SetTextKeyword.execute(SetTextKeyword.groovy:37)
	at com.kms.katalon.core.keyword.internal.KeywordExecutor.executeKeywordForPlatform(KeywordExecutor.groovy:74)
	at com.kms.katalon.core.webui.keyword.WebUiBuiltInKeywords.setText(WebUiBuiltInKeywords.groovy:980)
	at com.kms.katalon.core.webui.keyword.WebUiBuiltInKeywords$setText$2.call(Unknown Source)
	at adminSuiteBootstrap.debitPersonalsetData.debitPersonal_DataDriven(debitPersonalsetData.groovy:68)
	at adminSuiteBootstrap.debitPersonalsetData.invokeMethod(debitPersonalsetData.groovy)
	at com.kms.katalon.core.main.CustomKeywordDelegatingMetaClass.invokeStaticMethod(CustomKeywordDelegatingMetaClass.java:55)
	at Personal_SearchTransaction_Generic_TC.run(Personal_SearchTransaction_Generic_TC:129)
	at com.kms.katalon.core.main.ScriptEngine.run(ScriptEngine.java:194)
	at com.kms.katalon.core.main.ScriptEngine.runScriptAsRawText(ScriptEngine.java:119)
	at com.kms.katalon.core.main.TestCaseExecutor.runScript(TestCaseExecutor.java:448)
	at com.kms.katalon.core.main.TestCaseExecutor.doExecute(TestCaseExecutor.java:439)
	at com.kms.katalon.core.main.TestCaseExecutor.processExecutionPhase(TestCaseExecutor.java:418)
	at com.kms.katalon.core.main.TestCaseExecutor.accessMainPhase(TestCaseExecutor.java:410)
	at com.kms.katalon.core.main.TestCaseExecutor.execute(TestCaseExecutor.java:285)
	at com.kms.katalon.core.common.CommonExecutor.accessTestCaseMainPhase(CommonExecutor.java:65)
	at com.kms.katalon.core.main.TestSuiteExecutor.accessTestSuiteMainPhase(TestSuiteExecutor.java:148)
	at com.kms.katalon.core.main.TestSuiteExecutor.execute(TestSuiteExecutor.java:106)
	at com.kms.katalon.core.main.TestCaseMain.startTestSuite(TestCaseMain.java:187)
	at com.kms.katalon.core.main.TestCaseMain$startTestSuite$0.call(Unknown Source)
	at TempTestSuite1730425171054.run(TempTestSuite1730425171054.groovy:35)
Caused by: com.kms.katalon.core.exception.StepFailedException: Unable to set text '' of object 'Object Repository/AdminSuiteBootstrap_Pages/VT_Bootstrap/ACHPersonal/input_smsNumber'
	... 24 more
Caused by: com.kms.katalon.core.webui.exception.WebElementNotFoundException: Web element with id: 'Object Repository/AdminSuiteBootstrap_Pages/VT_Bootstrap/ACHPersonal/input_smsNumber' located by '//*[@type = 'TEXT' and @name = 'smsNumber' and @id = 'smsNumber']' not found
	at com.kms.katalon.core.webui.common.WebUiCommonHelper.findWebElement(WebUiCommonHelper.java:1381)
	at com.kms.katalon.core.webui.keyword.internal.WebUIAbstractKeyword.findWebElement(WebUIAbstractKeyword.groovy:27)
	at com.kms.katalon.core.webui.keyword.internal.WebUIAbstractKeyword.findWebElement(WebUIAbstractKeyword.groovy:26)
	at com.kms.katalon.core.webui.keyword.builtin.SetTextKeyword$_setText_closure1.doCall(SetTextKeyword.groovy:51)
	at com.kms.katalon.core.webui.keyword.builtin.SetTextKeyword$_setText_closure1.call(SetTextKeyword.groovy)
	at com.kms.katalon.core.webui.keyword.internal.WebUIKeywordMain.runKeyword(WebUIKeywordMain.groovy:20)
	... 22 more]]></system-err>
      </testcase>
      <testcase name="Test Cases/Admin Suite Bootstrap/VT_TestCases/VerifyNoACHLinks_IssueTransactionsPage_TC" time="56.13" classname="Test Cases/Admin Suite Bootstrap/VT_TestCases/VerifyNoACHLinks_IssueTransactionsPage_TC" status="FAILED">
         <failure type="FAILED" message="Test Cases/Admin Suite Bootstrap/VT_TestCases/VerifyNoACHLinks_IssueTransactionsPage_TC FAILED.
Reason:
com.kms.katalon.core.exception.StepFailedException: Text 'No transactions are enabled for this V-POS deployment' is not present on page  using regular expression (Root cause: com.kms.katalon.core.exception.StepFailedException: Text 'No transactions are enabled for this V-POS deployment' is not present on page  using regular expression
	at com.kms.katalon.core.webui.keyword.internal.WebUIKeywordMain.stepFailed(WebUIKeywordMain.groovy:64)
	at com.kms.katalon.core.webui.keyword.builtin.VerifyTextPresentKeyword$_verifyTextPresent_closure1.doCall(VerifyTextPresentKeyword.groovy:79)
	at com.kms.katalon.core.webui.keyword.builtin.VerifyTextPresentKeyword$_verifyTextPresent_closure1.call(VerifyTextPresentKeyword.groovy)
	at com.kms.katalon.core.webui.keyword.internal.WebUIKeywordMain.runKeyword(WebUIKeywordMain.groovy:20)
	at com.kms.katalon.core.webui.keyword.builtin.VerifyTextPresentKeyword.verifyTextPresent(VerifyTextPresentKeyword.groovy:83)
	at com.kms.katalon.core.webui.keyword.builtin.VerifyTextPresentKeyword.execute(VerifyTextPresentKeyword.groovy:68)
	at com.kms.katalon.core.keyword.internal.KeywordExecutor.executeKeywordForPlatform(KeywordExecutor.groovy:74)
	at com.kms.katalon.core.webui.keyword.WebUiBuiltInKeywords.verifyTextPresent(WebUiBuiltInKeywords.groovy:1723)
	at com.kms.katalon.core.webui.keyword.WebUiBuiltInKeywords$verifyTextPresent$5.call(Unknown Source)
	at VerifyNoACHLinks_IssueTransactionsPage_TC.run(VerifyNoACHLinks_IssueTransactionsPage_TC:55)
	at com.kms.katalon.core.main.ScriptEngine.run(ScriptEngine.java:194)
	at com.kms.katalon.core.main.ScriptEngine.runScriptAsRawText(ScriptEngine.java:119)
	at com.kms.katalon.core.main.TestCaseExecutor.runScript(TestCaseExecutor.java:448)
	at com.kms.katalon.core.main.TestCaseExecutor.doExecute(TestCaseExecutor.java:439)
	at com.kms.katalon.core.main.TestCaseExecutor.processExecutionPhase(TestCaseExecutor.java:418)
	at com.kms.katalon.core.main.TestCaseExecutor.accessMainPhase(TestCaseExecutor.java:410)
	at com.kms.katalon.core.main.TestCaseExecutor.execute(TestCaseExecutor.java:285)
	at com.kms.katalon.core.common.CommonExecutor.accessTestCaseMainPhase(CommonExecutor.java:65)
	at com.kms.katalon.core.main.TestSuiteExecutor.accessTestSuiteMainPhase(TestSuiteExecutor.java:148)
	at com.kms.katalon.core.main.TestSuiteExecutor.execute(TestSuiteExecutor.java:106)
	at com.kms.katalon.core.main.TestCaseMain.startTestSuite(TestCaseMain.java:187)
	at com.kms.katalon.core.main.TestCaseMain$startTestSuite$0.call(Unknown Source)
	at TempTestSuite1730425171054.run(TempTestSuite1730425171054.groovy:35)
)
	at com.kms.katalon.core.keyword.internal.KeywordMain.stepFailed(KeywordMain.groovy:39)
	at com.kms.katalon.core.webui.keyword.internal.WebUIKeywordMain.stepFailed(WebUIKeywordMain.groovy:64)
	at com.kms.katalon.core.webui.keyword.builtin.VerifyTextPresentKeyword$_verifyTextPresent_closure1.doCall(VerifyTextPresentKeyword.groovy:79)
	at com.kms.katalon.core.webui.keyword.builtin.VerifyTextPresentKeyword$_verifyTextPresent_closure1.call(VerifyTextPresentKeyword.groovy)
	at com.kms.katalon.core.webui.keyword.internal.WebUIKeywordMain.runKeyword(WebUIKeywordMain.groovy:20)
	at com.kms.katalon.core.webui.keyword.builtin.VerifyTextPresentKeyword.verifyTextPresent(VerifyTextPresentKeyword.groovy:83)
	at com.kms.katalon.core.webui.keyword.builtin.VerifyTextPresentKeyword.execute(VerifyTextPresentKeyword.groovy:68)
	at com.kms.katalon.core.keyword.internal.KeywordExecutor.executeKeywordForPlatform(KeywordExecutor.groovy:74)
	at com.kms.katalon.core.webui.keyword.WebUiBuiltInKeywords.verifyTextPresent(WebUiBuiltInKeywords.groovy:1723)
	at com.kms.katalon.core.webui.keyword.WebUiBuiltInKeywords$verifyTextPresent$5.call(Unknown Source)
	at VerifyNoACHLinks_IssueTransactionsPage_TC.run(VerifyNoACHLinks_IssueTransactionsPage_TC:55)
	at com.kms.katalon.core.main.ScriptEngine.run(ScriptEngine.java:194)
	at com.kms.katalon.core.main.ScriptEngine.runScriptAsRawText(ScriptEngine.java:119)
	at com.kms.katalon.core.main.TestCaseExecutor.runScript(TestCaseExecutor.java:448)
	at com.kms.katalon.core.main.TestCaseExecutor.doExecute(TestCaseExecutor.java:439)
	at com.kms.katalon.core.main.TestCaseExecutor.processExecutionPhase(TestCaseExecutor.java:418)
	at com.kms.katalon.core.main.TestCaseExecutor.accessMainPhase(TestCaseExecutor.java:410)
	at com.kms.katalon.core.main.TestCaseExecutor.execute(TestCaseExecutor.java:285)
	at com.kms.katalon.core.common.CommonExecutor.accessTestCaseMainPhase(CommonExecutor.java:65)
	at com.kms.katalon.core.main.TestSuiteExecutor.accessTestSuiteMainPhase(TestSuiteExecutor.java:148)
	at com.kms.katalon.core.main.TestSuiteExecutor.execute(TestSuiteExecutor.java:106)
	at com.kms.katalon.core.main.TestCaseMain.startTestSuite(TestCaseMain.java:187)
	at com.kms.katalon.core.main.TestCaseMain$startTestSuite$0.call(Unknown Source)
	at TempTestSuite1730425171054.run(TempTestSuite1730425171054.groovy:35)
Caused by: com.kms.katalon.core.exception.StepFailedException: Text 'No transactions are enabled for this V-POS deployment' is not present on page  using regular expression
	... 23 more
"/>
         <system-out><![CDATA[2024-10-31 22:02:44 - [TEST_CASE][FAILED] - Test Cases/Admin Suite Bootstrap/VT_TestCases/VerifyNoACHLinks_IssueTransactionsPage_TC: Test Cases/Admin Suite Bootstrap/VT_TestCases/VerifyNoACHLinks_IssueTransactionsPage_TC FAILED.
Reason:
com.kms.katalon.core.exception.StepFailedException: Text 'No transactions are enabled for this V-POS deployment' is not present on page  using regular expression (Root cause: com.kms.katalon.core.exception.StepFailedException: Text 'No transactions are enabled for this V-POS deployment' is not present on page  using regular expression
	at com.kms.katalon.core.webui.keyword.internal.WebUIKeywordMain.stepFailed(WebUIKeywordMain.groovy:64)
	at com.kms.katalon.core.webui.keyword.builtin.VerifyTextPresentKeyword$_verifyTextPresent_closure1.doCall(VerifyTextPresentKeyword.groovy:79)
	at com.kms.katalon.core.webui.keyword.builtin.VerifyTextPresentKeyword$_verifyTextPresent_closure1.call(VerifyTextPresentKeyword.groovy)
	at com.kms.katalon.core.webui.keyword.internal.WebUIKeywordMain.runKeyword(WebUIKeywordMain.groovy:20)
	at com.kms.katalon.core.webui.keyword.builtin.VerifyTextPresentKeyword.verifyTextPresent(VerifyTextPresentKeyword.groovy:83)
	at com.kms.katalon.core.webui.keyword.builtin.VerifyTextPresentKeyword.execute(VerifyTextPresentKeyword.groovy:68)
	at com.kms.katalon.core.keyword.internal.KeywordExecutor.executeKeywordForPlatform(KeywordExecutor.groovy:74)
	at com.kms.katalon.core.webui.keyword.WebUiBuiltInKeywords.verifyTextPresent(WebUiBuiltInKeywords.groovy:1723)
	at com.kms.katalon.core.webui.keyword.WebUiBuiltInKeywords$verifyTextPresent$5.call(Unknown Source)
	at VerifyNoACHLinks_IssueTransactionsPage_TC.run(VerifyNoACHLinks_IssueTransactionsPage_TC:55)
	at com.kms.katalon.core.main.ScriptEngine.run(ScriptEngine.java:194)
	at com.kms.katalon.core.main.ScriptEngine.runScriptAsRawText(ScriptEngine.java:119)
	at com.kms.katalon.core.main.TestCaseExecutor.runScript(TestCaseExecutor.java:448)
	at com.kms.katalon.core.main.TestCaseExecutor.doExecute(TestCaseExecutor.java:439)
	at com.kms.katalon.core.main.TestCaseExecutor.processExecutionPhase(TestCaseExecutor.java:418)
	at com.kms.katalon.core.main.TestCaseExecutor.accessMainPhase(TestCaseExecutor.java:410)
	at com.kms.katalon.core.main.TestCaseExecutor.execute(TestCaseExecutor.java:285)
	at com.kms.katalon.core.common.CommonExecutor.accessTestCaseMainPhase(CommonExecutor.java:65)
	at com.kms.katalon.core.main.TestSuiteExecutor.accessTestSuiteMainPhase(TestSuiteExecutor.java:148)
	at com.kms.katalon.core.main.TestSuiteExecutor.execute(TestSuiteExecutor.java:106)
	at com.kms.katalon.core.main.TestCaseMain.startTestSuite(TestCaseMain.java:187)
	at com.kms.katalon.core.main.TestCaseMain$startTestSuite$0.call(Unknown Source)
	at TempTestSuite1730425171054.run(TempTestSuite1730425171054.groovy:35)
)
	at com.kms.katalon.core.keyword.internal.KeywordMain.stepFailed(KeywordMain.groovy:39)
	at com.kms.katalon.core.webui.keyword.internal.WebUIKeywordMain.stepFailed(WebUIKeywordMain.groovy:64)
	at com.kms.katalon.core.webui.keyword.builtin.VerifyTextPresentKeyword$_verifyTextPresent_closure1.doCall(VerifyTextPresentKeyword.groovy:79)
	at com.kms.katalon.core.webui.keyword.builtin.VerifyTextPresentKeyword$_verifyTextPresent_closure1.call(VerifyTextPresentKeyword.groovy)
	at com.kms.katalon.core.webui.keyword.internal.WebUIKeywordMain.runKeyword(WebUIKeywordMain.groovy:20)
	at com.kms.katalon.core.webui.keyword.builtin.VerifyTextPresentKeyword.verifyTextPresent(VerifyTextPresentKeyword.groovy:83)
	at com.kms.katalon.core.webui.keyword.builtin.VerifyTextPresentKeyword.execute(VerifyTextPresentKeyword.groovy:68)
	at com.kms.katalon.core.keyword.internal.KeywordExecutor.executeKeywordForPlatform(KeywordExecutor.groovy:74)
	at com.kms.katalon.core.webui.keyword.WebUiBuiltInKeywords.verifyTextPresent(WebUiBuiltInKeywords.groovy:1723)
	at com.kms.katalon.core.webui.keyword.WebUiBuiltInKeywords$verifyTextPresent$5.call(Unknown Source)
	at VerifyNoACHLinks_IssueTransactionsPage_TC.run(VerifyNoACHLinks_IssueTransactionsPage_TC:55)
	at com.kms.katalon.core.main.ScriptEngine.run(ScriptEngine.java:194)
	at com.kms.katalon.core.main.ScriptEngine.runScriptAsRawText(ScriptEngine.java:119)
	at com.kms.katalon.core.main.TestCaseExecutor.runScript(TestCaseExecutor.java:448)
	at com.kms.katalon.core.main.TestCaseExecutor.doExecute(TestCaseExecutor.java:439)
	at com.kms.katalon.core.main.TestCaseExecutor.processExecutionPhase(TestCaseExecutor.java:418)
	at com.kms.katalon.core.main.TestCaseExecutor.accessMainPhase(TestCaseExecutor.java:410)
	at com.kms.katalon.core.main.TestCaseExecutor.execute(TestCaseExecutor.java:285)
	at com.kms.katalon.core.common.CommonExecutor.accessTestCaseMainPhase(CommonExecutor.java:65)
	at com.kms.katalon.core.main.TestSuiteExecutor.accessTestSuiteMainPhase(TestSuiteExecutor.java:148)
	at com.kms.katalon.core.main.TestSuiteExecutor.execute(TestSuiteExecutor.java:106)
	at com.kms.katalon.core.main.TestCaseMain.startTestSuite(TestCaseMain.java:187)
	at com.kms.katalon.core.main.TestCaseMain$startTestSuite$0.call(Unknown Source)
	at TempTestSuite1730425171054.run(TempTestSuite1730425171054.groovy:35)
Caused by: com.kms.katalon.core.exception.StepFailedException: Text 'No transactions are enabled for this V-POS deployment' is not present on page  using regular expression
	... 23 more


2024-10-31 22:02:44 - [TEST_STEP][PASSED] - path_Dashboard = "Object Repository/AdminSuiteBootstrap_Pages/Dashboard_Bootstrap/": null

2024-10-31 22:02:44 - [TEST_STEP][PASSED] - path_VT = "Object Repository/AdminSuiteBootstrap_Pages/VT_Bootstrap/IssueTransactions/": null

2024-10-31 22:02:44 - [TEST_STEP][PASSED] - adminSuiteBootstrap.loginFunctionality.login_AdminSuite(): adminSuiteBootstrap.loginFunctionality.login_AdminSuite is PASSED

2024-10-31 22:02:44 - [MESSAGE][WARNING] - A browser is already opened. Closing browser and opening a new one

2024-10-31 22:02:46 - [MESSAGE][INFO] - Starting 'Chrome' driver

2024-10-31 22:02:46 - [MESSAGE][INFO] - User set preference: ['acceptInsecureCerts', 'true']

2024-10-31 22:02:46 - [MESSAGE][INFO] - Action delay is set to 0 milliseconds

2024-10-31 22:02:50 - [MESSAGE][PASSED] - Browser is opened with url: 'https://qa2.velocitypayment.com/admin/imtiaz'

2024-10-31 22:02:50 - [MESSAGE][PASSED] - Current window maximized

2024-10-31 22:02:50 - [MESSAGE][PASSED] - Object 'Object Repository/Login_Page/Login_Username_Okta' is present

2024-10-31 22:02:51 - [MESSAGE][PASSED] - Text 'iahmed' is set on object 'Object Repository/Login_Page/Login_Username_Okta'

2024-10-31 22:02:51 - [MESSAGE][PASSED] - Text 'Hello!7777777' is set on object 'Object Repository/Login_Page/Login_Password_Okta'

2024-10-31 22:02:52 - [MESSAGE][PASSED] - Object: 'Object Repository/Login_Page/Login_Submit_Okta' is clicked on

2024-10-31 22:02:52 - [MESSAGE][PASSED] - adminSuiteBootstrap.loginFunctionality.login_AdminSuite is PASSED

2024-10-31 22:02:52 - [TEST_STEP][PASSED] - click(findTestObject(path_Dashboard + "span_Payment")): Object: 'Object Repository/AdminSuiteBootstrap_Pages/Dashboard_Bootstrap/span_Payment' is clicked on

2024-10-31 22:03:00 - [MESSAGE][PASSED] - Object: 'Object Repository/AdminSuiteBootstrap_Pages/Dashboard_Bootstrap/span_Payment' is clicked on

2024-10-31 22:03:00 - [TEST_STEP][PASSED] - click(findTestObject(path_Dashboard + "a_Access AutoCCOnly")): Object: 'Object Repository/AdminSuiteBootstrap_Pages/Dashboard_Bootstrap/a_Access AutoCCOnly' is clicked on

2024-10-31 22:03:01 - [MESSAGE][PASSED] - Object: 'Object Repository/AdminSuiteBootstrap_Pages/Dashboard_Bootstrap/a_Access AutoCCOnly' is clicked on

2024-10-31 22:03:01 - [TEST_STEP][PASSED] - verifyTextPresent("Credit Card", true): Text 'Credit Card' is present on page  using regular expression

2024-10-31 22:03:02 - [MESSAGE][PASSED] - Text 'Credit Card' is present on page  using regular expression

2024-10-31 22:03:02 - [TEST_STEP][FAILED] - verifyTextPresent("No transactions are enabled for this V-POS deployment", true): Text 'No transactions are enabled for this V-POS deployment' is not present on page  using regular expression (Root cause: com.kms.katalon.core.exception.StepFailedException: Text 'No transactions are enabled for this V-POS deployment' is not present on page  using regular expression
	at com.kms.katalon.core.webui.keyword.internal.WebUIKeywordMain.stepFailed(WebUIKeywordMain.groovy:64)
	at com.kms.katalon.core.webui.keyword.builtin.VerifyTextPresentKeyword$_verifyTextPresent_closure1.doCall(VerifyTextPresentKeyword.groovy:79)
	at com.kms.katalon.core.webui.keyword.builtin.VerifyTextPresentKeyword$_verifyTextPresent_closure1.call(VerifyTextPresentKeyword.groovy)
	at com.kms.katalon.core.webui.keyword.internal.WebUIKeywordMain.runKeyword(WebUIKeywordMain.groovy:20)
	at com.kms.katalon.core.webui.keyword.builtin.VerifyTextPresentKeyword.verifyTextPresent(VerifyTextPresentKeyword.groovy:83)
	at com.kms.katalon.core.webui.keyword.builtin.VerifyTextPresentKeyword.execute(VerifyTextPresentKeyword.groovy:68)
	at com.kms.katalon.core.keyword.internal.KeywordExecutor.executeKeywordForPlatform(KeywordExecutor.groovy:74)
	at com.kms.katalon.core.webui.keyword.WebUiBuiltInKeywords.verifyTextPresent(WebUiBuiltInKeywords.groovy:1723)
	at com.kms.katalon.core.webui.keyword.WebUiBuiltInKeywords$verifyTextPresent$5.call(Unknown Source)
	at VerifyNoACHLinks_IssueTransactionsPage_TC.run(VerifyNoACHLinks_IssueTransactionsPage_TC:55)
	at com.kms.katalon.core.main.ScriptEngine.run(ScriptEngine.java:194)
	at com.kms.katalon.core.main.ScriptEngine.runScriptAsRawText(ScriptEngine.java:119)
	at com.kms.katalon.core.main.TestCaseExecutor.runScript(TestCaseExecutor.java:448)
	at com.kms.katalon.core.main.TestCaseExecutor.doExecute(TestCaseExecutor.java:439)
	at com.kms.katalon.core.main.TestCaseExecutor.processExecutionPhase(TestCaseExecutor.java:418)
	at com.kms.katalon.core.main.TestCaseExecutor.accessMainPhase(TestCaseExecutor.java:410)
	at com.kms.katalon.core.main.TestCaseExecutor.execute(TestCaseExecutor.java:285)
	at com.kms.katalon.core.common.CommonExecutor.accessTestCaseMainPhase(CommonExecutor.java:65)
	at com.kms.katalon.core.main.TestSuiteExecutor.accessTestSuiteMainPhase(TestSuiteExecutor.java:148)
	at com.kms.katalon.core.main.TestSuiteExecutor.execute(TestSuiteExecutor.java:106)
	at com.kms.katalon.core.main.TestCaseMain.startTestSuite(TestCaseMain.java:187)
	at com.kms.katalon.core.main.TestCaseMain$startTestSuite$0.call(Unknown Source)
	at TempTestSuite1730425171054.run(TempTestSuite1730425171054.groovy:35)
)

2024-10-31 22:03:02 - [MESSAGE][FAILED] - Text 'No transactions are enabled for this V-POS deployment' is not present on page  using regular expression (Root cause: com.kms.katalon.core.exception.StepFailedException: Text 'No transactions are enabled for this V-POS deployment' is not present on page  using regular expression
	at com.kms.katalon.core.webui.keyword.internal.WebUIKeywordMain.stepFailed(WebUIKeywordMain.groovy:64)
	at com.kms.katalon.core.webui.keyword.builtin.VerifyTextPresentKeyword$_verifyTextPresent_closure1.doCall(VerifyTextPresentKeyword.groovy:79)
	at com.kms.katalon.core.webui.keyword.builtin.VerifyTextPresentKeyword$_verifyTextPresent_closure1.call(VerifyTextPresentKeyword.groovy)
	at com.kms.katalon.core.webui.keyword.internal.WebUIKeywordMain.runKeyword(WebUIKeywordMain.groovy:20)
	at com.kms.katalon.core.webui.keyword.builtin.VerifyTextPresentKeyword.verifyTextPresent(VerifyTextPresentKeyword.groovy:83)
	at com.kms.katalon.core.webui.keyword.builtin.VerifyTextPresentKeyword.execute(VerifyTextPresentKeyword.groovy:68)
	at com.kms.katalon.core.keyword.internal.KeywordExecutor.executeKeywordForPlatform(KeywordExecutor.groovy:74)
	at com.kms.katalon.core.webui.keyword.WebUiBuiltInKeywords.verifyTextPresent(WebUiBuiltInKeywords.groovy:1723)
	at com.kms.katalon.core.webui.keyword.WebUiBuiltInKeywords$verifyTextPresent$5.call(Unknown Source)
	at VerifyNoACHLinks_IssueTransactionsPage_TC.run(VerifyNoACHLinks_IssueTransactionsPage_TC:55)
	at com.kms.katalon.core.main.ScriptEngine.run(ScriptEngine.java:194)
	at com.kms.katalon.core.main.ScriptEngine.runScriptAsRawText(ScriptEngine.java:119)
	at com.kms.katalon.core.main.TestCaseExecutor.runScript(TestCaseExecutor.java:448)
	at com.kms.katalon.core.main.TestCaseExecutor.doExecute(TestCaseExecutor.java:439)
	at com.kms.katalon.core.main.TestCaseExecutor.processExecutionPhase(TestCaseExecutor.java:418)
	at com.kms.katalon.core.main.TestCaseExecutor.accessMainPhase(TestCaseExecutor.java:410)
	at com.kms.katalon.core.main.TestCaseExecutor.execute(TestCaseExecutor.java:285)
	at com.kms.katalon.core.common.CommonExecutor.accessTestCaseMainPhase(CommonExecutor.java:65)
	at com.kms.katalon.core.main.TestSuiteExecutor.accessTestSuiteMainPhase(TestSuiteExecutor.java:148)
	at com.kms.katalon.core.main.TestSuiteExecutor.execute(TestSuiteExecutor.java:106)
	at com.kms.katalon.core.main.TestCaseMain.startTestSuite(TestCaseMain.java:187)
	at com.kms.katalon.core.main.TestCaseMain$startTestSuite$0.call(Unknown Source)
	at TempTestSuite1730425171054.run(TempTestSuite1730425171054.groovy:35)
)

2024-10-31 22:03:02 - [TEST_STEP][PASSED] - verifyElementVisible(findTestObject(path_VT + "button_Authorization  Capture (Sale)")): Object 'Object Repository/AdminSuiteBootstrap_Pages/VT_Bootstrap/IssueTransactions/button_Authorization  Capture (Sale)' is visible

2024-10-31 22:03:02 - [MESSAGE][PASSED] - Object 'Object Repository/AdminSuiteBootstrap_Pages/VT_Bootstrap/IssueTransactions/button_Authorization  Capture (Sale)' is visible

2024-10-31 22:03:02 - [TEST_STEP][PASSED] - verifyElementPresent(findTestObject(path_VT + "button_Authorization  Capture (Sale)"), 30): Object 'Object Repository/AdminSuiteBootstrap_Pages/VT_Bootstrap/IssueTransactions/button_Authorization  Capture (Sale)' is present

2024-10-31 22:03:03 - [MESSAGE][PASSED] - Object 'Object Repository/AdminSuiteBootstrap_Pages/VT_Bootstrap/IssueTransactions/button_Authorization  Capture (Sale)' is present

2024-10-31 22:03:03 - [TEST_STEP][PASSED] - verifyElementVisible(findTestObject(path_VT + "button_Authorization Only")): Object 'Object Repository/AdminSuiteBootstrap_Pages/VT_Bootstrap/IssueTransactions/button_Authorization Only' is visible

2024-10-31 22:03:03 - [MESSAGE][PASSED] - Object 'Object Repository/AdminSuiteBootstrap_Pages/VT_Bootstrap/IssueTransactions/button_Authorization Only' is visible

2024-10-31 22:03:03 - [TEST_STEP][PASSED] - verifyElementPresent(findTestObject(path_VT + "button_Authorization Only"), 30): Object 'Object Repository/AdminSuiteBootstrap_Pages/VT_Bootstrap/IssueTransactions/button_Authorization Only' is present

2024-10-31 22:03:03 - [MESSAGE][PASSED] - Object 'Object Repository/AdminSuiteBootstrap_Pages/VT_Bootstrap/IssueTransactions/button_Authorization Only' is present

2024-10-31 22:03:03 - [TEST_STEP][PASSED] - verifyElementVisible(findTestObject(path_VT + "button_CreditOrVoid_Generic")): Object 'Object Repository/AdminSuiteBootstrap_Pages/VT_Bootstrap/IssueTransactions/button_CreditOrVoid_Generic' is visible

2024-10-31 22:03:04 - [MESSAGE][PASSED] - Object 'Object Repository/AdminSuiteBootstrap_Pages/VT_Bootstrap/IssueTransactions/button_CreditOrVoid_Generic' is visible

2024-10-31 22:03:04 - [TEST_STEP][PASSED] - verifyElementPresent(findTestObject(path_VT + "button_CreditOrVoid_Generic"), 30): Object 'Object Repository/AdminSuiteBootstrap_Pages/VT_Bootstrap/IssueTransactions/button_CreditOrVoid_Generic' is present

2024-10-31 22:03:04 - [MESSAGE][PASSED] - Object 'Object Repository/AdminSuiteBootstrap_Pages/VT_Bootstrap/IssueTransactions/button_CreditOrVoid_Generic' is present

2024-10-31 22:03:04 - [TEST_STEP][PASSED] - verifyElementVisible(findTestObject(path_VT + "button_Capture an Authorization")): Object 'Object Repository/AdminSuiteBootstrap_Pages/VT_Bootstrap/IssueTransactions/button_Capture an Authorization' is visible

2024-10-31 22:03:04 - [MESSAGE][PASSED] - Object 'Object Repository/AdminSuiteBootstrap_Pages/VT_Bootstrap/IssueTransactions/button_Capture an Authorization' is visible

2024-10-31 22:03:04 - [TEST_STEP][PASSED] - verifyElementPresent(findTestObject(path_VT + "button_Capture an Authorization"), 30): Object 'Object Repository/AdminSuiteBootstrap_Pages/VT_Bootstrap/IssueTransactions/button_Capture an Authorization' is present

2024-10-31 22:03:05 - [MESSAGE][PASSED] - Object 'Object Repository/AdminSuiteBootstrap_Pages/VT_Bootstrap/IssueTransactions/button_Capture an Authorization' is present

2024-10-31 22:03:05 - [TEST_STEP][PASSED] - verifyElementVisible(findTestObject(path_VT + "button_Manual Authorization")): Object 'Object Repository/AdminSuiteBootstrap_Pages/VT_Bootstrap/IssueTransactions/button_Manual Authorization' is visible

2024-10-31 22:03:05 - [MESSAGE][PASSED] - Object 'Object Repository/AdminSuiteBootstrap_Pages/VT_Bootstrap/IssueTransactions/button_Manual Authorization' is visible

2024-10-31 22:03:05 - [TEST_STEP][PASSED] - verifyElementPresent(findTestObject(path_VT + "button_Manual Authorization"), 30): Object 'Object Repository/AdminSuiteBootstrap_Pages/VT_Bootstrap/IssueTransactions/button_Manual Authorization' is present

2024-10-31 22:03:05 - [MESSAGE][PASSED] - Object 'Object Repository/AdminSuiteBootstrap_Pages/VT_Bootstrap/IssueTransactions/button_Manual Authorization' is present

2024-10-31 22:03:05 - [TEST_STEP][PASSED] - click(findTestObject(path_VT + "button_Authorization Only")): Object: 'Object Repository/AdminSuiteBootstrap_Pages/VT_Bootstrap/IssueTransactions/button_Authorization Only' is clicked on

2024-10-31 22:03:06 - [MESSAGE][PASSED] - Object: 'Object Repository/AdminSuiteBootstrap_Pages/VT_Bootstrap/IssueTransactions/button_Authorization Only' is clicked on

2024-10-31 22:03:06 - [TEST_STEP][PASSED] - verifyElementVisible(findTestObject(path_VT + "auth_Keyboard_Generic")): Object 'Object Repository/AdminSuiteBootstrap_Pages/VT_Bootstrap/IssueTransactions/auth_Keyboard_Generic' is visible

2024-10-31 22:03:06 - [MESSAGE][PASSED] - Object 'Object Repository/AdminSuiteBootstrap_Pages/VT_Bootstrap/IssueTransactions/auth_Keyboard_Generic' is visible

2024-10-31 22:03:06 - [TEST_STEP][PASSED] - verifyElementPresent(findTestObject(path_VT + "auth_Keyboard_Generic"), 30): Object 'Object Repository/AdminSuiteBootstrap_Pages/VT_Bootstrap/IssueTransactions/auth_Keyboard_Generic' is present

2024-10-31 22:03:06 - [MESSAGE][PASSED] - Object 'Object Repository/AdminSuiteBootstrap_Pages/VT_Bootstrap/IssueTransactions/auth_Keyboard_Generic' is present

2024-10-31 22:03:06 - [TEST_STEP][PASSED] - click(findTestObject(path_VT + "button_Authorization  Capture (Sale)")): Object: 'Object Repository/AdminSuiteBootstrap_Pages/VT_Bootstrap/IssueTransactions/button_Authorization  Capture (Sale)' is clicked on

2024-10-31 22:03:07 - [MESSAGE][PASSED] - Object: 'Object Repository/AdminSuiteBootstrap_Pages/VT_Bootstrap/IssueTransactions/button_Authorization  Capture (Sale)' is clicked on

2024-10-31 22:03:07 - [TEST_STEP][PASSED] - verifyElementVisible(findTestObject(path_VT + "sale_Keyboard_Generic")): Object 'Object Repository/AdminSuiteBootstrap_Pages/VT_Bootstrap/IssueTransactions/sale_Keyboard_Generic' is visible

2024-10-31 22:03:07 - [MESSAGE][PASSED] - Object 'Object Repository/AdminSuiteBootstrap_Pages/VT_Bootstrap/IssueTransactions/sale_Keyboard_Generic' is visible

2024-10-31 22:03:07 - [TEST_STEP][PASSED] - verifyElementPresent(findTestObject(path_VT + "sale_Keyboard_Generic"), 30): Object 'Object Repository/AdminSuiteBootstrap_Pages/VT_Bootstrap/IssueTransactions/sale_Keyboard_Generic' is present

2024-10-31 22:03:07 - [MESSAGE][PASSED] - Object 'Object Repository/AdminSuiteBootstrap_Pages/VT_Bootstrap/IssueTransactions/sale_Keyboard_Generic' is present

2024-10-31 22:03:07 - [TEST_STEP][PASSED] - verifyElementNotVisible(findTestObject(path_VT + "button_Debit")): Object 'Object Repository/AdminSuiteBootstrap_Pages/VT_Bootstrap/IssueTransactions/button_Debit' is NOT visible

2024-10-31 22:03:39 - [MESSAGE][INFO] - Unable to find the element located by 'By.xpath: //*[@type = 'button' and (text() = '
									 	
										Debit
									 ' or . = '
									 	
										Debit
									 ')]'. Please recheck the objects properties to make sure the desired element is located. 

2024-10-31 22:03:39 - [MESSAGE][WARNING] - [SELF-HEALING] Failed to find element with id 'Object Repository/AdminSuiteBootstrap_Pages/VT_Bootstrap/IssueTransactions/button_Debit'. Try using Self-healing.

2024-10-31 22:03:39 - [MESSAGE][WARNING] - [SELF-HEALING] The current locator of test object 'Object Repository/AdminSuiteBootstrap_Pages/VT_Bootstrap/IssueTransactions/button_Debit' was broken. Propose an alternative one: '(//button[@type='button'])[8]'.

2024-10-31 22:03:39 - [MESSAGE][PASSED] - Object 'Object Repository/AdminSuiteBootstrap_Pages/VT_Bootstrap/IssueTransactions/button_Debit' is NOT visible

2024-10-31 22:03:39 - [TEST_STEP][PASSED] - verifyElementNotPresent(findTestObject(path_VT + "button_Debit"), 30): Web element with id: 'Object Repository/AdminSuiteBootstrap_Pages/VT_Bootstrap/IssueTransactions/button_Debit' located by 'By.xpath: //*[@type = 'button' and (text() = '
									 	
										Debit
									 ' or . = '
									 	
										Debit
									 ')]' is not present after '30' second(s)

2024-10-31 22:03:39 - [MESSAGE][PASSED] - Web element with id: 'Object Repository/AdminSuiteBootstrap_Pages/VT_Bootstrap/IssueTransactions/button_Debit' located by 'By.xpath: //*[@type = 'button' and (text() = '
									 	
										Debit
									 ' or . = '
									 	
										Debit
									 ')]' is not present after '30' second(s)

2024-10-31 22:03:39 - [TEST_STEP][PASSED] - verifyElementNotPresent(findTestObject(path_VT + "a_Personal"), 30): Web element with id: 'Object Repository/AdminSuiteBootstrap_Pages/VT_Bootstrap/IssueTransactions/a_Personal' located by 'By.xpath: //*[@id = 'personal' and @href = '#' and (text() = '
										Personal' or . = '
										Personal')]' is not present after '30' second(s)

2024-10-31 22:03:40 - [MESSAGE][PASSED] - Web element with id: 'Object Repository/AdminSuiteBootstrap_Pages/VT_Bootstrap/IssueTransactions/a_Personal' located by 'By.xpath: //*[@id = 'personal' and @href = '#' and (text() = '
										Personal' or . = '
										Personal')]' is not present after '30' second(s)

2024-10-31 22:03:40 - [TEST_STEP][PASSED] - verifyElementNotPresent(findTestObject(path_VT + "a_Corporate"), 30): Web element with id: 'Object Repository/AdminSuiteBootstrap_Pages/VT_Bootstrap/IssueTransactions/a_Corporate' located by 'By.xpath: //*[@id = 'bussiness' and @href = '#' and (text() = '
										Corporate' or . = '
										Corporate')]' is not present after '30' second(s)

2024-10-31 22:03:40 - [MESSAGE][PASSED] - Web element with id: 'Object Repository/AdminSuiteBootstrap_Pages/VT_Bootstrap/IssueTransactions/a_Corporate' located by 'By.xpath: //*[@id = 'bussiness' and @href = '#' and (text() = '
										Corporate' or . = '
										Corporate')]' is not present after '30' second(s)]]></system-out>
         <system-err><![CDATA[2024-10-31 22:02:44 - [TEST_CASE][FAILED] - Test Cases/Admin Suite Bootstrap/VT_TestCases/VerifyNoACHLinks_IssueTransactionsPage_TC: Test Cases/Admin Suite Bootstrap/VT_TestCases/VerifyNoACHLinks_IssueTransactionsPage_TC FAILED.
Reason:
com.kms.katalon.core.exception.StepFailedException: Text 'No transactions are enabled for this V-POS deployment' is not present on page  using regular expression (Root cause: com.kms.katalon.core.exception.StepFailedException: Text 'No transactions are enabled for this V-POS deployment' is not present on page  using regular expression
	at com.kms.katalon.core.webui.keyword.internal.WebUIKeywordMain.stepFailed(WebUIKeywordMain.groovy:64)
	at com.kms.katalon.core.webui.keyword.builtin.VerifyTextPresentKeyword$_verifyTextPresent_closure1.doCall(VerifyTextPresentKeyword.groovy:79)
	at com.kms.katalon.core.webui.keyword.builtin.VerifyTextPresentKeyword$_verifyTextPresent_closure1.call(VerifyTextPresentKeyword.groovy)
	at com.kms.katalon.core.webui.keyword.internal.WebUIKeywordMain.runKeyword(WebUIKeywordMain.groovy:20)
	at com.kms.katalon.core.webui.keyword.builtin.VerifyTextPresentKeyword.verifyTextPresent(VerifyTextPresentKeyword.groovy:83)
	at com.kms.katalon.core.webui.keyword.builtin.VerifyTextPresentKeyword.execute(VerifyTextPresentKeyword.groovy:68)
	at com.kms.katalon.core.keyword.internal.KeywordExecutor.executeKeywordForPlatform(KeywordExecutor.groovy:74)
	at com.kms.katalon.core.webui.keyword.WebUiBuiltInKeywords.verifyTextPresent(WebUiBuiltInKeywords.groovy:1723)
	at com.kms.katalon.core.webui.keyword.WebUiBuiltInKeywords$verifyTextPresent$5.call(Unknown Source)
	at VerifyNoACHLinks_IssueTransactionsPage_TC.run(VerifyNoACHLinks_IssueTransactionsPage_TC:55)
	at com.kms.katalon.core.main.ScriptEngine.run(ScriptEngine.java:194)
	at com.kms.katalon.core.main.ScriptEngine.runScriptAsRawText(ScriptEngine.java:119)
	at com.kms.katalon.core.main.TestCaseExecutor.runScript(TestCaseExecutor.java:448)
	at com.kms.katalon.core.main.TestCaseExecutor.doExecute(TestCaseExecutor.java:439)
	at com.kms.katalon.core.main.TestCaseExecutor.processExecutionPhase(TestCaseExecutor.java:418)
	at com.kms.katalon.core.main.TestCaseExecutor.accessMainPhase(TestCaseExecutor.java:410)
	at com.kms.katalon.core.main.TestCaseExecutor.execute(TestCaseExecutor.java:285)
	at com.kms.katalon.core.common.CommonExecutor.accessTestCaseMainPhase(CommonExecutor.java:65)
	at com.kms.katalon.core.main.TestSuiteExecutor.accessTestSuiteMainPhase(TestSuiteExecutor.java:148)
	at com.kms.katalon.core.main.TestSuiteExecutor.execute(TestSuiteExecutor.java:106)
	at com.kms.katalon.core.main.TestCaseMain.startTestSuite(TestCaseMain.java:187)
	at com.kms.katalon.core.main.TestCaseMain$startTestSuite$0.call(Unknown Source)
	at TempTestSuite1730425171054.run(TempTestSuite1730425171054.groovy:35)
)
	at com.kms.katalon.core.keyword.internal.KeywordMain.stepFailed(KeywordMain.groovy:39)
	at com.kms.katalon.core.webui.keyword.internal.WebUIKeywordMain.stepFailed(WebUIKeywordMain.groovy:64)
	at com.kms.katalon.core.webui.keyword.builtin.VerifyTextPresentKeyword$_verifyTextPresent_closure1.doCall(VerifyTextPresentKeyword.groovy:79)
	at com.kms.katalon.core.webui.keyword.builtin.VerifyTextPresentKeyword$_verifyTextPresent_closure1.call(VerifyTextPresentKeyword.groovy)
	at com.kms.katalon.core.webui.keyword.internal.WebUIKeywordMain.runKeyword(WebUIKeywordMain.groovy:20)
	at com.kms.katalon.core.webui.keyword.builtin.VerifyTextPresentKeyword.verifyTextPresent(VerifyTextPresentKeyword.groovy:83)
	at com.kms.katalon.core.webui.keyword.builtin.VerifyTextPresentKeyword.execute(VerifyTextPresentKeyword.groovy:68)
	at com.kms.katalon.core.keyword.internal.KeywordExecutor.executeKeywordForPlatform(KeywordExecutor.groovy:74)
	at com.kms.katalon.core.webui.keyword.WebUiBuiltInKeywords.verifyTextPresent(WebUiBuiltInKeywords.groovy:1723)
	at com.kms.katalon.core.webui.keyword.WebUiBuiltInKeywords$verifyTextPresent$5.call(Unknown Source)
	at VerifyNoACHLinks_IssueTransactionsPage_TC.run(VerifyNoACHLinks_IssueTransactionsPage_TC:55)
	at com.kms.katalon.core.main.ScriptEngine.run(ScriptEngine.java:194)
	at com.kms.katalon.core.main.ScriptEngine.runScriptAsRawText(ScriptEngine.java:119)
	at com.kms.katalon.core.main.TestCaseExecutor.runScript(TestCaseExecutor.java:448)
	at com.kms.katalon.core.main.TestCaseExecutor.doExecute(TestCaseExecutor.java:439)
	at com.kms.katalon.core.main.TestCaseExecutor.processExecutionPhase(TestCaseExecutor.java:418)
	at com.kms.katalon.core.main.TestCaseExecutor.accessMainPhase(TestCaseExecutor.java:410)
	at com.kms.katalon.core.main.TestCaseExecutor.execute(TestCaseExecutor.java:285)
	at com.kms.katalon.core.common.CommonExecutor.accessTestCaseMainPhase(CommonExecutor.java:65)
	at com.kms.katalon.core.main.TestSuiteExecutor.accessTestSuiteMainPhase(TestSuiteExecutor.java:148)
	at com.kms.katalon.core.main.TestSuiteExecutor.execute(TestSuiteExecutor.java:106)
	at com.kms.katalon.core.main.TestCaseMain.startTestSuite(TestCaseMain.java:187)
	at com.kms.katalon.core.main.TestCaseMain$startTestSuite$0.call(Unknown Source)
	at TempTestSuite1730425171054.run(TempTestSuite1730425171054.groovy:35)
Caused by: com.kms.katalon.core.exception.StepFailedException: Text 'No transactions are enabled for this V-POS deployment' is not present on page  using regular expression
	... 23 more]]></system-err>
      </testcase>
      <testcase name="Test Cases/Admin Suite Bootstrap/VT_TestCases/VerifyNoCCLinks_IssueTransactionsPage_TC" time="20.176" classname="Test Cases/Admin Suite Bootstrap/VT_TestCases/VerifyNoCCLinks_IssueTransactionsPage_TC" status="PASSED">
         <system-out><![CDATA[2024-10-31 22:03:40 - [TEST_CASE][PASSED] - Test Cases/Admin Suite Bootstrap/VT_TestCases/VerifyNoCCLinks_IssueTransactionsPage_TC: Test Cases/Admin Suite Bootstrap/VT_TestCases/VerifyNoCCLinks_IssueTransactionsPage_TC

2024-10-31 22:03:41 - [TEST_STEP][PASSED] - path_Dashboard = "Object Repository/AdminSuiteBootstrap_Pages/Dashboard_Bootstrap/": null

2024-10-31 22:03:41 - [TEST_STEP][PASSED] - path_VT = "Object Repository/AdminSuiteBootstrap_Pages/VT_Bootstrap/IssueTransactions/": null

2024-10-31 22:03:41 - [TEST_STEP][PASSED] - adminSuiteBootstrap.loginFunctionality.login_AdminSuite(): adminSuiteBootstrap.loginFunctionality.login_AdminSuite is PASSED

2024-10-31 22:03:41 - [MESSAGE][WARNING] - A browser is already opened. Closing browser and opening a new one

2024-10-31 22:03:42 - [MESSAGE][INFO] - Starting 'Chrome' driver

2024-10-31 22:03:42 - [MESSAGE][INFO] - User set preference: ['acceptInsecureCerts', 'true']

2024-10-31 22:03:42 - [MESSAGE][INFO] - Action delay is set to 0 milliseconds

2024-10-31 22:03:45 - [MESSAGE][PASSED] - Browser is opened with url: 'https://qa2.velocitypayment.com/admin/imtiaz'

2024-10-31 22:03:45 - [MESSAGE][PASSED] - Current window maximized

2024-10-31 22:03:45 - [MESSAGE][PASSED] - Object 'Object Repository/Login_Page/Login_Username_Okta' is present

2024-10-31 22:03:46 - [MESSAGE][PASSED] - Text 'iahmed' is set on object 'Object Repository/Login_Page/Login_Username_Okta'

2024-10-31 22:03:47 - [MESSAGE][PASSED] - Text 'Hello!7777777' is set on object 'Object Repository/Login_Page/Login_Password_Okta'

2024-10-31 22:03:47 - [MESSAGE][PASSED] - Object: 'Object Repository/Login_Page/Login_Submit_Okta' is clicked on

2024-10-31 22:03:47 - [MESSAGE][PASSED] - adminSuiteBootstrap.loginFunctionality.login_AdminSuite is PASSED

2024-10-31 22:03:47 - [TEST_STEP][PASSED] - click(findTestObject(path_Dashboard + "span_Payment")): Object: 'Object Repository/AdminSuiteBootstrap_Pages/Dashboard_Bootstrap/span_Payment' is clicked on

2024-10-31 22:03:55 - [MESSAGE][PASSED] - Object: 'Object Repository/AdminSuiteBootstrap_Pages/Dashboard_Bootstrap/span_Payment' is clicked on

2024-10-31 22:03:55 - [TEST_STEP][PASSED] - click(findTestObject(path_Dashboard + "a_Access AutoACHOnly")): Object: 'Object Repository/AdminSuiteBootstrap_Pages/Dashboard_Bootstrap/a_Access AutoACHOnly' is clicked on

2024-10-31 22:03:56 - [MESSAGE][PASSED] - Object: 'Object Repository/AdminSuiteBootstrap_Pages/Dashboard_Bootstrap/a_Access AutoACHOnly' is clicked on

2024-10-31 22:03:56 - [TEST_STEP][PASSED] - verifyTextNotPresent("Credit Card", true): Text 'Credit Card' is not present on page using regular expression

2024-10-31 22:03:56 - [MESSAGE][PASSED] - Text 'Credit Card' is not present on page using regular expression

2024-10-31 22:03:56 - [TEST_STEP][PASSED] - verifyTextPresent("On-line Check", true): Text 'On-line Check' is present on page  using regular expression

2024-10-31 22:03:57 - [MESSAGE][PASSED] - Text 'On-line Check' is present on page  using regular expression

2024-10-31 22:03:57 - [TEST_STEP][PASSED] - verifyElementVisible(findTestObject(path_VT + "button_Debit")): Object 'Object Repository/AdminSuiteBootstrap_Pages/VT_Bootstrap/IssueTransactions/button_Debit' is visible

2024-10-31 22:03:57 - [MESSAGE][PASSED] - Object 'Object Repository/AdminSuiteBootstrap_Pages/VT_Bootstrap/IssueTransactions/button_Debit' is visible

2024-10-31 22:03:57 - [TEST_STEP][PASSED] - verifyElementPresent(findTestObject(path_VT + "button_Debit"), 30): Object 'Object Repository/AdminSuiteBootstrap_Pages/VT_Bootstrap/IssueTransactions/button_Debit' is present

2024-10-31 22:03:57 - [MESSAGE][PASSED] - Object 'Object Repository/AdminSuiteBootstrap_Pages/VT_Bootstrap/IssueTransactions/button_Debit' is present

2024-10-31 22:03:57 - [TEST_STEP][PASSED] - verifyElementPresent(findTestObject(path_VT + "a_Personal"), 30): Object 'Object Repository/AdminSuiteBootstrap_Pages/VT_Bootstrap/IssueTransactions/a_Personal' is present

2024-10-31 22:03:58 - [MESSAGE][PASSED] - Object 'Object Repository/AdminSuiteBootstrap_Pages/VT_Bootstrap/IssueTransactions/a_Personal' is present

2024-10-31 22:03:58 - [TEST_STEP][PASSED] - verifyElementPresent(findTestObject(path_VT + "a_Corporate"), 30): Object 'Object Repository/AdminSuiteBootstrap_Pages/VT_Bootstrap/IssueTransactions/a_Corporate' is present

2024-10-31 22:03:58 - [MESSAGE][PASSED] - Object 'Object Repository/AdminSuiteBootstrap_Pages/VT_Bootstrap/IssueTransactions/a_Corporate' is present

2024-10-31 22:03:58 - [TEST_STEP][PASSED] - verifyElementNotPresent(findTestObject(path_VT + "button_Authorization  Capture (Sale)"), 30): Web element with id: 'Object Repository/AdminSuiteBootstrap_Pages/VT_Bootstrap/IssueTransactions/button_Authorization  Capture (Sale)' located by 'By.xpath: //*[@type = 'button' and (text() = '
	                                    	Authorization & Capture (Sale)
	                                    ' or . = '
	                                    	Authorization & Capture (Sale)
	                                    ')]' is not present after '30' second(s)

2024-10-31 22:03:58 - [MESSAGE][PASSED] - Web element with id: 'Object Repository/AdminSuiteBootstrap_Pages/VT_Bootstrap/IssueTransactions/button_Authorization  Capture (Sale)' located by 'By.xpath: //*[@type = 'button' and (text() = '
	                                    	Authorization & Capture (Sale)
	                                    ' or . = '
	                                    	Authorization & Capture (Sale)
	                                    ')]' is not present after '30' second(s)

2024-10-31 22:03:58 - [TEST_STEP][PASSED] - verifyElementNotPresent(findTestObject(path_VT + "button_Authorization Only"), 30): Web element with id: 'Object Repository/AdminSuiteBootstrap_Pages/VT_Bootstrap/IssueTransactions/button_Authorization Only' located by 'By.xpath: //*[@type = 'button' and (text() = '
		                                     	Authorization Only
		                                     ' or . = '
		                                     	Authorization Only
		                                     ')]' is not present after '30' second(s)

2024-10-31 22:03:59 - [MESSAGE][PASSED] - Web element with id: 'Object Repository/AdminSuiteBootstrap_Pages/VT_Bootstrap/IssueTransactions/button_Authorization Only' located by 'By.xpath: //*[@type = 'button' and (text() = '
		                                     	Authorization Only
		                                     ' or . = '
		                                     	Authorization Only
		                                     ')]' is not present after '30' second(s)

2024-10-31 22:03:59 - [TEST_STEP][PASSED] - verifyElementNotPresent(findTestObject(path_VT + "button_CreditOrVoid_Generic"), 30): Web element with id: 'Object Repository/AdminSuiteBootstrap_Pages/VT_Bootstrap/IssueTransactions/button_CreditOrVoid_Generic' located by 'By.xpath: //*[@type = 'button' and (text() = '
										 	
											 Credit or  Void
										 ' or . = '
										 	
											 Credit or  Void
										 ')]' is not present after '30' second(s)

2024-10-31 22:03:59 - [MESSAGE][PASSED] - Web element with id: 'Object Repository/AdminSuiteBootstrap_Pages/VT_Bootstrap/IssueTransactions/button_CreditOrVoid_Generic' located by 'By.xpath: //*[@type = 'button' and (text() = '
										 	
											 Credit or  Void
										 ' or . = '
										 	
											 Credit or  Void
										 ')]' is not present after '30' second(s)

2024-10-31 22:03:59 - [TEST_STEP][PASSED] - verifyElementNotPresent(findTestObject(path_VT + "button_Capture an Authorization"), 30): Web element with id: 'Object Repository/AdminSuiteBootstrap_Pages/VT_Bootstrap/IssueTransactions/button_Capture an Authorization' located by 'By.xpath: //*[@type = 'button' and (text() = '
									 	
										 Capture an Authorization
									 ' or . = '
									 	
										 Capture an Authorization
									 ')]' is not present after '30' second(s)

2024-10-31 22:03:59 - [MESSAGE][PASSED] - Web element with id: 'Object Repository/AdminSuiteBootstrap_Pages/VT_Bootstrap/IssueTransactions/button_Capture an Authorization' located by 'By.xpath: //*[@type = 'button' and (text() = '
									 	
										 Capture an Authorization
									 ' or . = '
									 	
										 Capture an Authorization
									 ')]' is not present after '30' second(s)

2024-10-31 22:03:59 - [TEST_STEP][PASSED] - verifyElementNotPresent(findTestObject(path_VT + "button_Manual Authorization"), 30): Web element with id: 'Object Repository/AdminSuiteBootstrap_Pages/VT_Bootstrap/IssueTransactions/button_Manual Authorization' located by 'By.xpath: //*[@type = 'button' and (text() = '
									 	
										 Manual Authorization
									 ' or . = '
									 	
										 Manual Authorization
									 ')]' is not present after '30' second(s)

2024-10-31 22:04:00 - [MESSAGE][PASSED] - Web element with id: 'Object Repository/AdminSuiteBootstrap_Pages/VT_Bootstrap/IssueTransactions/button_Manual Authorization' located by 'By.xpath: //*[@type = 'button' and (text() = '
									 	
										 Manual Authorization
									 ' or . = '
									 	
										 Manual Authorization
									 ')]' is not present after '30' second(s)

2024-10-31 22:04:00 - [TEST_STEP][PASSED] - verifyElementNotPresent(findTestObject(path_VT + "auth_Keyboard_Generic"), 30): Web element with id: 'Object Repository/AdminSuiteBootstrap_Pages/VT_Bootstrap/IssueTransactions/auth_Keyboard_Generic' located by 'By.xpath: id("collapseTwo")/div[@class="card-body ml-4"]/a[@class="ml-2"][count(. | //*[(text() = 'Keyboard Entry' or . = 'Keyboard Entry')]) = count(//*[(text() = 'Keyboard Entry' or . = 'Keyboard Entry')])]' is not present after '30' second(s)

2024-10-31 22:04:00 - [MESSAGE][PASSED] - Web element with id: 'Object Repository/AdminSuiteBootstrap_Pages/VT_Bootstrap/IssueTransactions/auth_Keyboard_Generic' located by 'By.xpath: id("collapseTwo")/div[@class="card-body ml-4"]/a[@class="ml-2"][count(. | //*[(text() = 'Keyboard Entry' or . = 'Keyboard Entry')]) = count(//*[(text() = 'Keyboard Entry' or . = 'Keyboard Entry')])]' is not present after '30' second(s)

2024-10-31 22:04:00 - [TEST_STEP][PASSED] - verifyElementNotPresent(findTestObject(path_VT + "sale_Keyboard_Generic"), 30): Web element with id: 'Object Repository/AdminSuiteBootstrap_Pages/VT_Bootstrap/IssueTransactions/sale_Keyboard_Generic' located by 'By.xpath: id("collapseOne")/div[@class="card-body ml-4"]/a[@class="ml-2"][count(. | //*[(text() = 'Keyboard Entry' or . = 'Keyboard Entry')]) = count(//*[(text() = 'Keyboard Entry' or . = 'Keyboard Entry')])]' is not present after '30' second(s)

2024-10-31 22:04:00 - [MESSAGE][PASSED] - Web element with id: 'Object Repository/AdminSuiteBootstrap_Pages/VT_Bootstrap/IssueTransactions/sale_Keyboard_Generic' located by 'By.xpath: id("collapseOne")/div[@class="card-body ml-4"]/a[@class="ml-2"][count(. | //*[(text() = 'Keyboard Entry' or . = 'Keyboard Entry')]) = count(//*[(text() = 'Keyboard Entry' or . = 'Keyboard Entry')])]' is not present after '30' second(s)]]></system-out>
         <system-err><![CDATA[]]></system-err>
      </testcase>
      <system-out><![CDATA[2024-10-31 21:52:34 - [TEST_SUITE][FAILED] - AdminSuiteBootstrap_UI_TestSuite: Test Cases/Admin Suite Bootstrap/UM_TestCases/Users/VerifyUsersLinks_UI_TC FAILED.
Reason:
com.kms.katalon.core.exception.StepFailedException: com.kms.katalon.core.webui.exception.WebElementNotFoundException: Web element with id: 'Object Repository/AdminSuiteBootstrap_Pages/UM_Bootstrap/a_CASEuser' located by '//*[@href = '/admin/imtiaz/bootstrap/vadministrator/users/view.do?uid=1100' and (text() = '[CASEuser]' or . = '[CASEuser]')]' not found (Root cause: com.kms.katalon.core.exception.StepFailedException: com.kms.katalon.core.webui.exception.WebElementNotFoundException: Web element with id: 'Object Repository/AdminSuiteBootstrap_Pages/UM_Bootstrap/a_CASEuser' located by '//*[@href = '/admin/imtiaz/bootstrap/vadministrator/users/view.do?uid=1100' and (text() = '[CASEuser]' or . = '[CASEuser]')]' not found
	at com.kms.katalon.core.webui.keyword.internal.WebUIKeywordMain.stepFailed(WebUIKeywordMain.groovy:64)
	at com.kms.katalon.core.webui.keyword.builtin.VerifyElementPresentKeyword$_verifyElementPresent_closure1.doCall(VerifyElementPresentKeyword.groovy:85)
	at com.kms.katalon.core.webui.keyword.builtin.VerifyElementPresentKeyword$_verifyElementPresent_closure1.call(VerifyElementPresentKeyword.groovy)
	at com.kms.katalon.core.webui.keyword.internal.WebUIKeywordMain.runKeyword(WebUIKeywordMain.groovy:20)
	at com.kms.katalon.core.webui.keyword.builtin.VerifyElementPresentKeyword.verifyElementPresent(VerifyElementPresentKeyword.groovy:92)
	at com.kms.katalon.core.webui.keyword.builtin.VerifyElementPresentKeyword.execute(VerifyElementPresentKeyword.groovy:68)
	at com.kms.katalon.core.keyword.internal.KeywordExecutor.executeKeywordForPlatform(KeywordExecutor.groovy:74)
	at com.kms.katalon.core.webui.keyword.WebUiBuiltInKeywords.verifyElementPresent(WebUiBuiltInKeywords.groovy:1464)
	at com.kms.katalon.core.webui.keyword.WebUiBuiltInKeywords$verifyElementPresent$1.call(Unknown Source)
	at VerifyUsersLinks_UI_TC.run(VerifyUsersLinks_UI_TC:46)
	at com.kms.katalon.core.main.ScriptEngine.run(ScriptEngine.java:194)
	at com.kms.katalon.core.main.ScriptEngine.runScriptAsRawText(ScriptEngine.java:119)
	at com.kms.katalon.core.main.TestCaseExecutor.runScript(TestCaseExecutor.java:448)
	at com.kms.katalon.core.main.TestCaseExecutor.doExecute(TestCaseExecutor.java:439)
	at com.kms.katalon.core.main.TestCaseExecutor.processExecutionPhase(TestCaseExecutor.java:418)
	at com.kms.katalon.core.main.TestCaseExecutor.accessMainPhase(TestCaseExecutor.java:410)
	at com.kms.katalon.core.main.TestCaseExecutor.execute(TestCaseExecutor.java:285)
	at com.kms.katalon.core.common.CommonExecutor.accessTestCaseMainPhase(CommonExecutor.java:65)
	at com.kms.katalon.core.main.TestSuiteExecutor.accessTestSuiteMainPhase(TestSuiteExecutor.java:148)
	at com.kms.katalon.core.main.TestSuiteExecutor.execute(TestSuiteExecutor.java:106)
	at com.kms.katalon.core.main.TestCaseMain.startTestSuite(TestCaseMain.java:187)
	at com.kms.katalon.core.main.TestCaseMain$startTestSuite$0.call(Unknown Source)
	at TempTestSuite1730425171054.run(TempTestSuite1730425171054.groovy:35)
)
	at com.kms.katalon.core.keyword.internal.KeywordMain.stepFailed(KeywordMain.groovy:39)
	at com.kms.katalon.core.webui.keyword.internal.WebUIKeywordMain.stepFailed(WebUIKeywordMain.groovy:64)
	at com.kms.katalon.core.webui.keyword.builtin.VerifyElementPresentKeyword$_verifyElementPresent_closure1.doCall(VerifyElementPresentKeyword.groovy:85)
	at com.kms.katalon.core.webui.keyword.builtin.VerifyElementPresentKeyword$_verifyElementPresent_closure1.call(VerifyElementPresentKeyword.groovy)
	at com.kms.katalon.core.webui.keyword.internal.WebUIKeywordMain.runKeyword(WebUIKeywordMain.groovy:20)
	at com.kms.katalon.core.webui.keyword.builtin.VerifyElementPresentKeyword.verifyElementPresent(VerifyElementPresentKeyword.groovy:92)
	at com.kms.katalon.core.webui.keyword.builtin.VerifyElementPresentKeyword.execute(VerifyElementPresentKeyword.groovy:68)
	at com.kms.katalon.core.keyword.internal.KeywordExecutor.executeKeywordForPlatform(KeywordExecutor.groovy:74)
	at com.kms.katalon.core.webui.keyword.WebUiBuiltInKeywords.verifyElementPresent(WebUiBuiltInKeywords.groovy:1464)
	at com.kms.katalon.core.webui.keyword.WebUiBuiltInKeywords$verifyElementPresent$1.call(Unknown Source)
	at VerifyUsersLinks_UI_TC.run(VerifyUsersLinks_UI_TC:46)
	at com.kms.katalon.core.main.ScriptEngine.run(ScriptEngine.java:194)
	at com.kms.katalon.core.main.ScriptEngine.runScriptAsRawText(ScriptEngine.java:119)
	at com.kms.katalon.core.main.TestCaseExecutor.runScript(TestCaseExecutor.java:448)
	at com.kms.katalon.core.main.TestCaseExecutor.doExecute(TestCaseExecutor.java:439)
	at com.kms.katalon.core.main.TestCaseExecutor.processExecutionPhase(TestCaseExecutor.java:418)
	at com.kms.katalon.core.main.TestCaseExecutor.accessMainPhase(TestCaseExecutor.java:410)
	at com.kms.katalon.core.main.TestCaseExecutor.execute(TestCaseExecutor.java:285)
	at com.kms.katalon.core.common.CommonExecutor.accessTestCaseMainPhase(CommonExecutor.java:65)
	at com.kms.katalon.core.main.TestSuiteExecutor.accessTestSuiteMainPhase(TestSuiteExecutor.java:148)
	at com.kms.katalon.core.main.TestSuiteExecutor.execute(TestSuiteExecutor.java:106)
	at com.kms.katalon.core.main.TestCaseMain.startTestSuite(TestCaseMain.java:187)
	at com.kms.katalon.core.main.TestCaseMain$startTestSuite$0.call(Unknown Source)
	at TempTestSuite1730425171054.run(TempTestSuite1730425171054.groovy:35)
Caused by: com.kms.katalon.core.exception.StepFailedException: com.kms.katalon.core.webui.exception.WebElementNotFoundException: Web element with id: 'Object Repository/AdminSuiteBootstrap_Pages/UM_Bootstrap/a_CASEuser' located by '//*[@href = '/admin/imtiaz/bootstrap/vadministrator/users/view.do?uid=1100' and (text() = '[CASEuser]' or . = '[CASEuser]')]' not found
	... 23 more]]></system-out>
      <system-err><![CDATA[2024-10-31 21:52:34 - [TEST_SUITE][FAILED] - AdminSuiteBootstrap_UI_TestSuite: Test Cases/Admin Suite Bootstrap/UM_TestCases/Users/VerifyUsersLinks_UI_TC FAILED.
Reason:
com.kms.katalon.core.exception.StepFailedException: com.kms.katalon.core.webui.exception.WebElementNotFoundException: Web element with id: 'Object Repository/AdminSuiteBootstrap_Pages/UM_Bootstrap/a_CASEuser' located by '//*[@href = '/admin/imtiaz/bootstrap/vadministrator/users/view.do?uid=1100' and (text() = '[CASEuser]' or . = '[CASEuser]')]' not found (Root cause: com.kms.katalon.core.exception.StepFailedException: com.kms.katalon.core.webui.exception.WebElementNotFoundException: Web element with id: 'Object Repository/AdminSuiteBootstrap_Pages/UM_Bootstrap/a_CASEuser' located by '//*[@href = '/admin/imtiaz/bootstrap/vadministrator/users/view.do?uid=1100' and (text() = '[CASEuser]' or . = '[CASEuser]')]' not found
	at com.kms.katalon.core.webui.keyword.internal.WebUIKeywordMain.stepFailed(WebUIKeywordMain.groovy:64)
	at com.kms.katalon.core.webui.keyword.builtin.VerifyElementPresentKeyword$_verifyElementPresent_closure1.doCall(VerifyElementPresentKeyword.groovy:85)
	at com.kms.katalon.core.webui.keyword.builtin.VerifyElementPresentKeyword$_verifyElementPresent_closure1.call(VerifyElementPresentKeyword.groovy)
	at com.kms.katalon.core.webui.keyword.internal.WebUIKeywordMain.runKeyword(WebUIKeywordMain.groovy:20)
	at com.kms.katalon.core.webui.keyword.builtin.VerifyElementPresentKeyword.verifyElementPresent(VerifyElementPresentKeyword.groovy:92)
	at com.kms.katalon.core.webui.keyword.builtin.VerifyElementPresentKeyword.execute(VerifyElementPresentKeyword.groovy:68)
	at com.kms.katalon.core.keyword.internal.KeywordExecutor.executeKeywordForPlatform(KeywordExecutor.groovy:74)
	at com.kms.katalon.core.webui.keyword.WebUiBuiltInKeywords.verifyElementPresent(WebUiBuiltInKeywords.groovy:1464)
	at com.kms.katalon.core.webui.keyword.WebUiBuiltInKeywords$verifyElementPresent$1.call(Unknown Source)
	at VerifyUsersLinks_UI_TC.run(VerifyUsersLinks_UI_TC:46)
	at com.kms.katalon.core.main.ScriptEngine.run(ScriptEngine.java:194)
	at com.kms.katalon.core.main.ScriptEngine.runScriptAsRawText(ScriptEngine.java:119)
	at com.kms.katalon.core.main.TestCaseExecutor.runScript(TestCaseExecutor.java:448)
	at com.kms.katalon.core.main.TestCaseExecutor.doExecute(TestCaseExecutor.java:439)
	at com.kms.katalon.core.main.TestCaseExecutor.processExecutionPhase(TestCaseExecutor.java:418)
	at com.kms.katalon.core.main.TestCaseExecutor.accessMainPhase(TestCaseExecutor.java:410)
	at com.kms.katalon.core.main.TestCaseExecutor.execute(TestCaseExecutor.java:285)
	at com.kms.katalon.core.common.CommonExecutor.accessTestCaseMainPhase(CommonExecutor.java:65)
	at com.kms.katalon.core.main.TestSuiteExecutor.accessTestSuiteMainPhase(TestSuiteExecutor.java:148)
	at com.kms.katalon.core.main.TestSuiteExecutor.execute(TestSuiteExecutor.java:106)
	at com.kms.katalon.core.main.TestCaseMain.startTestSuite(TestCaseMain.java:187)
	at com.kms.katalon.core.main.TestCaseMain$startTestSuite$0.call(Unknown Source)
	at TempTestSuite1730425171054.run(TempTestSuite1730425171054.groovy:35)
)
	at com.kms.katalon.core.keyword.internal.KeywordMain.stepFailed(KeywordMain.groovy:39)
	at com.kms.katalon.core.webui.keyword.internal.WebUIKeywordMain.stepFailed(WebUIKeywordMain.groovy:64)
	at com.kms.katalon.core.webui.keyword.builtin.VerifyElementPresentKeyword$_verifyElementPresent_closure1.doCall(VerifyElementPresentKeyword.groovy:85)
	at com.kms.katalon.core.webui.keyword.builtin.VerifyElementPresentKeyword$_verifyElementPresent_closure1.call(VerifyElementPresentKeyword.groovy)
	at com.kms.katalon.core.webui.keyword.internal.WebUIKeywordMain.runKeyword(WebUIKeywordMain.groovy:20)
	at com.kms.katalon.core.webui.keyword.builtin.VerifyElementPresentKeyword.verifyElementPresent(VerifyElementPresentKeyword.groovy:92)
	at com.kms.katalon.core.webui.keyword.builtin.VerifyElementPresentKeyword.execute(VerifyElementPresentKeyword.groovy:68)
	at com.kms.katalon.core.keyword.internal.KeywordExecutor.executeKeywordForPlatform(KeywordExecutor.groovy:74)
	at com.kms.katalon.core.webui.keyword.WebUiBuiltInKeywords.verifyElementPresent(WebUiBuiltInKeywords.groovy:1464)
	at com.kms.katalon.core.webui.keyword.WebUiBuiltInKeywords$verifyElementPresent$1.call(Unknown Source)
	at VerifyUsersLinks_UI_TC.run(VerifyUsersLinks_UI_TC:46)
	at com.kms.katalon.core.main.ScriptEngine.run(ScriptEngine.java:194)
	at com.kms.katalon.core.main.ScriptEngine.runScriptAsRawText(ScriptEngine.java:119)
	at com.kms.katalon.core.main.TestCaseExecutor.runScript(TestCaseExecutor.java:448)
	at com.kms.katalon.core.main.TestCaseExecutor.doExecute(TestCaseExecutor.java:439)
	at com.kms.katalon.core.main.TestCaseExecutor.processExecutionPhase(TestCaseExecutor.java:418)
	at com.kms.katalon.core.main.TestCaseExecutor.accessMainPhase(TestCaseExecutor.java:410)
	at com.kms.katalon.core.main.TestCaseExecutor.execute(TestCaseExecutor.java:285)
	at com.kms.katalon.core.common.CommonExecutor.accessTestCaseMainPhase(CommonExecutor.java:65)
	at com.kms.katalon.core.main.TestSuiteExecutor.accessTestSuiteMainPhase(TestSuiteExecutor.java:148)
	at com.kms.katalon.core.main.TestSuiteExecutor.execute(TestSuiteExecutor.java:106)
	at com.kms.katalon.core.main.TestCaseMain.startTestSuite(TestCaseMain.java:187)
	at com.kms.katalon.core.main.TestCaseMain$startTestSuite$0.call(Unknown Source)
	at TempTestSuite1730425171054.run(TempTestSuite1730425171054.groovy:35)
Caused by: com.kms.katalon.core.exception.StepFailedException: com.kms.katalon.core.webui.exception.WebElementNotFoundException: Web element with id: 'Object Repository/AdminSuiteBootstrap_Pages/UM_Bootstrap/a_CASEuser' located by '//*[@href = '/admin/imtiaz/bootstrap/vadministrator/users/view.do?uid=1100' and (text() = '[CASEuser]' or . = '[CASEuser]')]' not found
	... 23 more]]></system-err>
   </testsuite>
</testsuites>
